<?xml version="1.0" encoding="UTF-8"?>
<testsuites tests="7" failures="4" errors="4" skipped="0">
  <testsuite timestamp="2025-05-31T15:22:06" time="590.507" tests="7" failures="4" errors="4" skipped="0">
    <properties>
      <property name="specId" value="0"/>
      <property name="suiteName" value="Related resources for groups US139107"/>
      <property name="capabilities" value="chrome.136_0_7103_93.windows"/>
      <property name="file" value="file:///D:/a/1/s/test/specs/R2C/related-resources-area-rpg.spec.js"/>
    </properties>
    <testcase classname="chrome.136_0_7103_93.windows.Related_resources_for_groups_US139107" name="Should create a new yard" time="142.183">
      <system-out><![CDATA[
COMMAND: POST /session/3eb0e4155c2b57a6446aa2da7f9f500f/execute/async - {"script":"<script> [1562 bytes]","args":[{"selector":{"controlType":"sap.m.GenericTile","properties":{"header":"Manage Yards"}},"wdio_ui5_key":"sapm.GenericTile{\"header\":\"Manage Yards\"}"}]}
RESULT: {"script":"<script> [1562 bytes]","args":[{"selector":{"controlType":"sap.m.GenericTile","properties":{"header":"Manage Yards"}},"wdio_ui5_key":"sapm.GenericTile{\"header\":\"Manage Yards\"}"}]}
RESULT: undefined
COMMAND: POST /session/3eb0e4155c2b57a6446aa2da7f9f500f/element - {"using":"xpath","value":"//*[@id=\"__tile41\"]"}
RESULT: {"using":"xpath","value":"//*[@id=\"__tile41\"]"}
COMMAND: POST /session/3eb0e4155c2b57a6446aa2da7f9f500f/element/f.CF43E92F277BAF6A063512B5A94BBE36.d.296E1961F9ED5C473AF108896C66E27D.e.131/click - {}
RESULT: {}
COMMAND: GET /session/3eb0e4155c2b57a6446aa2da7f9f500f/screenshot - {}
RESULT: {}
COMMAND: POST /session/3eb0e4155c2b57a6446aa2da7f9f500f/elements - {"using":"xpath","value":"//span[text()='Error']"}
RESULT: {"using":"xpath","value":"//span[text()='Error']"}
COMMAND: POST /session/3eb0e4155c2b57a6446aa2da7f9f500f/execute/async - {"script":"<script> [1562 bytes]","args":[{"selector":{"controlType":"sap.ui.core.Icon","viewName":"etm.portal.ui.manageyards.view.Master","viewId":"application-manageyards-display-component---masterYard","properties":{"src":{"regex":{"source":"add"}}}},"wdio_ui5_key":"etmportal.ui.manageyards.view.Mastersap.ui.core.Icon{\"src\":{\"regex\":{\"source\":\"add\"}}}"}]}
RESULT: {"script":"<script> [1562 bytes]","args":[{"selector":{"controlType":"sap.ui.core.Icon","viewName":"etm.portal.ui.manageyards.view.Master","viewId":"application-manageyards-display-component---masterYard","properties":{"src":{"regex":{"source":"add"}}}},"wdio_ui5_key":"etmportal.ui.manageyards.view.Mastersap.ui.core.Icon{\"src\":{\"regex\":{\"source\":\"add\"}}}"}]}
RESULT: undefined
COMMAND: POST /session/3eb0e4155c2b57a6446aa2da7f9f500f/element - {"using":"xpath","value":"//*[@id=\"__button4-img\"]"}
RESULT: {"using":"xpath","value":"//*[@id=\"__button4-img\"]"}
COMMAND: POST /session/3eb0e4155c2b57a6446aa2da7f9f500f/element/f.CF43E92F277BAF6A063512B5A94BBE36.d.296E1961F9ED5C473AF108896C66E27D.e.177/click - {}
RESULT: {}
COMMAND: GET /session/3eb0e4155c2b57a6446aa2da7f9f500f/screenshot - {}
RESULT: {}
COMMAND: POST /session/3eb0e4155c2b57a6446aa2da7f9f500f/execute/async - {"script":"<script> [1562 bytes]","args":[{"selector":{"id":"application-manageyards-display-component---NewYard--yardId","interaction":{"idSuffix":"inner"}},"wdio_ui5_key":"applicationmanageyards-display-component---NewYard--yardId"}]}
RESULT: {"script":"<script> [1562 bytes]","args":[{"selector":{"id":"application-manageyards-display-component---NewYard--yardId","interaction":{"idSuffix":"inner"}},"wdio_ui5_key":"applicationmanageyards-display-component---NewYard--yardId"}]}
RESULT: undefined
COMMAND: POST /session/3eb0e4155c2b57a6446aa2da7f9f500f/element - {"using":"xpath","value":"//*[@id=\"application-manageyards-display-component---NewYard--addressDetailDetailsName1-inner\"]"}
RESULT: {"using":"xpath","value":"//*[@id=\"application-manageyards-display-component---NewYard--addressDetailDetailsName1-inner\"]"}
COMMAND: POST /session/3eb0e4155c2b57a6446aa2da7f9f500f/element/f.CF43E92F277BAF6A063512B5A94BBE36.d.296E1961F9ED5C473AF108896C66E27D.e.389/clear - {}
RESULT: {}
COMMAND: POST /session/3eb0e4155c2b57a6446aa2da7f9f500f/element/f.CF43E92F277BAF6A063512B5A94BBE36.d.296E1961F9ED5C473AF108896C66E27D.e.389/value - {"text":"WebdriverYardnxoc6"}
COMMAND: GET /session/3eb0e4155c2b57a6446aa2da7f9f500f/screenshot - {}
RESULT: {"text":"WebdriverYardnxoc6"}
COMMAND: POST /session/3eb0e4155c2b57a6446aa2da7f9f500f/element - {"using":"xpath","value":"//*[@id=\"application-manageyards-display-component---NewYard--addressDetailDetailsLanguage-inner\"]"}
COMMAND: GET /session/3eb0e4155c2b57a6446aa2da7f9f500f/screenshot - {}
RESULT: {}
RESULT: {"using":"xpath","value":"//*[@id=\"application-manageyards-display-component---NewYard--addressDetailDetailsLanguage-inner\"]"}
COMMAND: POST /session/3eb0e4155c2b57a6446aa2da7f9f500f/element/f.CF43E92F277BAF6A063512B5A94BBE36.d.296E1961F9ED5C473AF108896C66E27D.e.390/clear - {}
RESULT: {}
RESULT: {}
COMMAND: POST /session/3eb0e4155c2b57a6446aa2da7f9f500f/element/f.CF43E92F277BAF6A063512B5A94BBE36.d.296E1961F9ED5C473AF108896C66E27D.e.390/value - {"text":"Romanian"}
COMMAND: GET /session/3eb0e4155c2b57a6446aa2da7f9f500f/screenshot - {}
RESULT: {"text":"Romanian"}
COMMAND: POST /session/3eb0e4155c2b57a6446aa2da7f9f500f/element - {"using":"xpath","value":"//input[contains(@id ,\"application-manageyards-display-component---NewYard--addressDetailDetailsName1-inner\")]"}
COMMAND: GET /session/3eb0e4155c2b57a6446aa2da7f9f500f/screenshot - {}
RESULT: {}
RESULT: {"using":"xpath","value":"//input[contains(@id ,\"application-manageyards-display-component---NewYard--addressDetailDetailsName1-inner\")]"}
COMMAND: GET /session/3eb0e4155c2b57a6446aa2da7f9f500f/element/f.CF43E92F277BAF6A063512B5A94BBE36.d.296E1961F9ED5C473AF108896C66E27D.e.389/property/value - {}
RESULT: {}
RESULT: {}
COMMAND: GET /session/3eb0e4155c2b57a6446aa2da7f9f500f/screenshot - {}
RESULT: {}
COMMAND: POST /session/3eb0e4155c2b57a6446aa2da7f9f500f/element - {"using":"xpath","value":"//*[@id=\"application-manageyards-display-component---NewYard--addressDetailDetailsCity1-inner\"]"}
RESULT: {"using":"xpath","value":"//*[@id=\"application-manageyards-display-component---NewYard--addressDetailDetailsCity1-inner\"]"}
COMMAND: POST /session/3eb0e4155c2b57a6446aa2da7f9f500f/element/f.CF43E92F277BAF6A063512B5A94BBE36.d.296E1961F9ED5C473AF108896C66E27D.e.392/clear - {}
RESULT: {}
COMMAND: POST /session/3eb0e4155c2b57a6446aa2da7f9f500f/element/f.CF43E92F277BAF6A063512B5A94BBE36.d.296E1961F9ED5C473AF108896C66E27D.e.392/value - {"text":"Bucuresti"}
COMMAND: GET /session/3eb0e4155c2b57a6446aa2da7f9f500f/screenshot - {}
RESULT: {"text":"Bucuresti"}
COMMAND: GET /session/3eb0e4155c2b57a6446aa2da7f9f500f/screenshot - {}
RESULT: {}
RESULT: {}
COMMAND: POST /session/3eb0e4155c2b57a6446aa2da7f9f500f/element - {"using":"xpath","value":"//*[@id=\"application-manageyards-display-component---NewYard--addressDetailDetailsCountry-inner\"]"}
RESULT: {"using":"xpath","value":"//*[@id=\"application-manageyards-display-component---NewYard--addressDetailDetailsCountry-inner\"]"}
COMMAND: POST /session/3eb0e4155c2b57a6446aa2da7f9f500f/element/f.CF43E92F277BAF6A063512B5A94BBE36.d.296E1961F9ED5C473AF108896C66E27D.e.396/clear - {}
RESULT: {}
COMMAND: POST /session/3eb0e4155c2b57a6446aa2da7f9f500f/element/f.CF43E92F277BAF6A063512B5A94BBE36.d.296E1961F9ED5C473AF108896C66E27D.e.396/value - {"text":"Romania"}
COMMAND: GET /session/3eb0e4155c2b57a6446aa2da7f9f500f/screenshot - {}
RESULT: {"text":"Romania"}
COMMAND: GET /session/3eb0e4155c2b57a6446aa2da7f9f500f/screenshot - {}
RESULT: {}
RESULT: {}
COMMAND: POST /session/3eb0e4155c2b57a6446aa2da7f9f500f/element - {"using":"xpath","value":"//div[contains(text(), \"Commercial\")]"}
RESULT: {"using":"xpath","value":"//div[contains(text(), \"Commercial\")]"}
COMMAND: GET /session/3eb0e4155c2b57a6446aa2da7f9f500f/element/f.CF43E92F277BAF6A063512B5A94BBE36.d.296E1961F9ED5C473AF108896C66E27D.e.585/rect - {}
RESULT: {}
COMMAND: GET /session/3eb0e4155c2b57a6446aa2da7f9f500f/window/rect - {}
RESULT: {}
COMMAND: POST /session/3eb0e4155c2b57a6446aa2da7f9f500f/execute/sync - {"script":"<script> [92 bytes]","args":[]}
RESULT: {"script":"<script> [92 bytes]","args":[]}
COMMAND: POST /session/3eb0e4155c2b57a6446aa2da7f9f500f/actions - {"actions":[{"id":"action1","type":"wheel","parameters":{},"actions":[{"type":"scroll","x":-1841,"y":-44,"deltaX":0,"deltaY":0,"duration":0,"origin":{"element-6066-11e4-a52e-4f735466cecf":"f.CF43E92F277BAF6A063512B5A94BBE36.d.296E1961F9ED5C473AF108896C66E27D.e.585"}}]}]}
COMMAND: GET /session/3eb0e4155c2b57a6446aa2da7f9f500f/screenshot - {}
RESULT: {}
COMMAND: POST /session/3eb0e4155c2b57a6446aa2da7f9f500f/execute/sync - {"script":"<script> [79 bytes]","args":[{"element-6066-11e4-a52e-4f735466cecf":"f.CF43E92F277BAF6A063512B5A94BBE36.d.296E1961F9ED5C473AF108896C66E27D.e.585","ELEMENT":"f.CF43E92F277BAF6A063512B5A94BBE36.d.296E1961F9ED5C473AF108896C66E27D.e.585"},{"block":"start","inline":"nearest"}]}
RESULT: {"script":"<script> [79 bytes]","args":[{"element-6066-11e4-a52e-4f735466cecf":"f.CF43E92F277BAF6A063512B5A94BBE36.d.296E1961F9ED5C473AF108896C66E27D.e.585","ELEMENT":"f.CF43E92F277BAF6A063512B5A94BBE36.d.296E1961F9ED5C473AF108896C66E27D.e.585"},{"block":"start","inline":"nearest"}]}
COMMAND: GET /session/3eb0e4155c2b57a6446aa2da7f9f500f/screenshot - {}
RESULT: {}
COMMAND: POST /session/3eb0e4155c2b57a6446aa2da7f9f500f/execute/async - {"script":"<script> [1562 bytes]","args":[{"selector":{"id":"application-manageyards-display-component---NewYard--addressEditDetailsCostObjectCstType-arrow"},"wdio_ui5_key":"applicationmanageyards-display-component---NewYard--addressEditDetailsCostObjectCstType-arrow"}]}
RESULT: {"script":"<script> [1562 bytes]","args":[{"selector":{"id":"application-manageyards-display-component---NewYard--addressEditDetailsCostObjectCstType-arrow"},"wdio_ui5_key":"applicationmanageyards-display-component---NewYard--addressEditDetailsCostObjectCstType-arrow"}]}
RESULT: undefined
COMMAND: POST /session/3eb0e4155c2b57a6446aa2da7f9f500f/element - {"using":"xpath","value":"//*[@id=\"application-manageyards-display-component---NewYard--addressEditDetailsCostObjectCstType-arrow\"]"}
RESULT: {"using":"xpath","value":"//*[@id=\"application-manageyards-display-component---NewYard--addressEditDetailsCostObjectCstType-arrow\"]"}
COMMAND: POST /session/3eb0e4155c2b57a6446aa2da7f9f500f/element/f.CF43E92F277BAF6A063512B5A94BBE36.d.296E1961F9ED5C473AF108896C66E27D.e.594/click - {}
RESULT: {}
COMMAND: POST /session/3eb0e4155c2b57a6446aa2da7f9f500f/element - {"using":"xpath","value":"//span[contains(text(), \"Cost Center\")]"}
COMMAND: GET /session/3eb0e4155c2b57a6446aa2da7f9f500f/screenshot - {}
RESULT: {"using":"xpath","value":"//span[contains(text(), \"Cost Center\")]"}
COMMAND: POST /session/3eb0e4155c2b57a6446aa2da7f9f500f/element/f.CF43E92F277BAF6A063512B5A94BBE36.d.296E1961F9ED5C473AF108896C66E27D.e.595/click - {}
RESULT: {}
RESULT: {}
COMMAND: GET /session/3eb0e4155c2b57a6446aa2da7f9f500f/screenshot - {}
RESULT: {}
COMMAND: POST /session/3eb0e4155c2b57a6446aa2da7f9f500f/execute/async - {"script":"<script> [1562 bytes]","args":[{"selector":{"id":"application-manageyards-display-component---NewYard--addressNewCostObjectCstID-vhi"},"wdio_ui5_key":"applicationmanageyards-display-component---NewYard--addressNewCostObjectCstID-vhi"}]}
RESULT: {"script":"<script> [1562 bytes]","args":[{"selector":{"id":"application-manageyards-display-component---NewYard--addressNewCostObjectCstID-vhi"},"wdio_ui5_key":"applicationmanageyards-display-component---NewYard--addressNewCostObjectCstID-vhi"}]}
RESULT: undefined
COMMAND: POST /session/3eb0e4155c2b57a6446aa2da7f9f500f/element - {"using":"xpath","value":"//*[@id=\"application-manageyards-display-component---NewYard--addressNewCostObjectCstID-vhi\"]"}
RESULT: {"using":"xpath","value":"//*[@id=\"application-manageyards-display-component---NewYard--addressNewCostObjectCstID-vhi\"]"}
COMMAND: POST /session/3eb0e4155c2b57a6446aa2da7f9f500f/element/f.CF43E92F277BAF6A063512B5A94BBE36.d.296E1961F9ED5C473AF108896C66E27D.e.611/click - {}
RESULT: {}
COMMAND: GET /session/3eb0e4155c2b57a6446aa2da7f9f500f/screenshot - {}
RESULT: {}
COMMAND: POST /session/3eb0e4155c2b57a6446aa2da7f9f500f/execute/async - {"script":"<script> [1562 bytes]","args":[{"selector":{"controlType":"sap.m.SearchField","properties":{"placeholder":"Search"},"searchOpenDialogs":true,"interaction":{"idSuffix":"I"}},"wdio_ui5_key":"sapm.SearchField{\"placeholder\":\"Search\"}"}]}
RESULT: {"script":"<script> [1562 bytes]","args":[{"selector":{"controlType":"sap.m.SearchField","properties":{"placeholder":"Search"},"searchOpenDialogs":true,"interaction":{"idSuffix":"I"}},"wdio_ui5_key":"sapm.SearchField{\"placeholder\":\"Search\"}"}]}
RESULT: undefined
COMMAND: POST /session/3eb0e4155c2b57a6446aa2da7f9f500f/execute/async - {"script":"<script> [776 bytes]","args":[{"enterText":"10001013","selector":{"controlType":"sap.m.SearchField","properties":{"placeholder":"Search"},"searchOpenDialogs":true,"interaction":{"idSuffix":"I"}},"clearTextFirst":true,"interactionType":"ENTER_TEXT"}]}
RESULT: {"script":"<script> [776 bytes]","args":[{"enterText":"10001013","selector":{"controlType":"sap.m.SearchField","properties":{"placeholder":"Search"},"searchOpenDialogs":true,"interaction":{"idSuffix":"I"}},"clearTextFirst":true,"interactionType":"ENTER_TEXT"}]}
COMMAND: POST /session/3eb0e4155c2b57a6446aa2da7f9f500f/actions - {"actions":[{"id":"action2","type":"key","parameters":{},"actions":[{"type":"keyDown","value":""},{"type":"pause","duration":10},{"type":"keyUp","value":""}]}]}
RESULT: {"actions":[{"id":"action2","type":"key","parameters":{},"actions":[{"type":"keyDown","value":""},{"type":"pause","duration":10},{"type":"keyUp","value":""}]}]}
COMMAND: GET /session/3eb0e4155c2b57a6446aa2da7f9f500f/screenshot - {}
RESULT: {}
COMMAND: POST /session/3eb0e4155c2b57a6446aa2da7f9f500f/element - {"using":"xpath","value":"//span[contains(text(), \"General Management\")]"}
RESULT: {"using":"xpath","value":"//span[contains(text(), \"General Management\")]"}
COMMAND: POST /session/3eb0e4155c2b57a6446aa2da7f9f500f/element/f.CF43E92F277BAF6A063512B5A94BBE36.d.296E1961F9ED5C473AF108896C66E27D.e.652/click - {}
RESULT: {}
COMMAND: GET /session/3eb0e4155c2b57a6446aa2da7f9f500f/screenshot - {}
RESULT: {}
COMMAND: POST /session/3eb0e4155c2b57a6446aa2da7f9f500f/element - {"using":"xpath","value":"//bdi[contains(text(), \"OK\")]"}
RESULT: {"using":"xpath","value":"//bdi[contains(text(), \"OK\")]"}
COMMAND: POST /session/3eb0e4155c2b57a6446aa2da7f9f500f/element/f.CF43E92F277BAF6A063512B5A94BBE36.d.296E1961F9ED5C473AF108896C66E27D.e.653/click - {}
RESULT: {}
COMMAND: GET /session/3eb0e4155c2b57a6446aa2da7f9f500f/screenshot - {}
RESULT: {}
COMMAND: POST /session/3eb0e4155c2b57a6446aa2da7f9f500f/execute/async - {"script":"<script> [1562 bytes]","args":[{"selector":{"controlType":"sap.m.Button","viewName":"etm.portal.ui.manageyards.view.New","viewId":"application-manageyards-display-component---NewYard","i18NText":{"propertyName":"text","key":"save"},"interaction":{"idSuffix":"inner"}},"wdio_ui5_key":"etmportal.ui.manageyards.view.Newsap.m.Button{\"propertyName\":\"text\",\"key\":\"save\"}"}]}
RESULT: {"script":"<script> [1562 bytes]","args":[{"selector":{"controlType":"sap.m.Button","viewName":"etm.portal.ui.manageyards.view.New","viewId":"application-manageyards-display-component---NewYard","i18NText":{"propertyName":"text","key":"save"},"interaction":{"idSuffix":"inner"}},"wdio_ui5_key":"etmportal.ui.manageyards.view.Newsap.m.Button{\"propertyName\":\"text\",\"key\":\"save\"}"}]}
RESULT: undefined
COMMAND: POST /session/3eb0e4155c2b57a6446aa2da7f9f500f/element - {"using":"xpath","value":"//*[@id=\"__button18\"]"}
RESULT: {"using":"xpath","value":"//*[@id=\"__button18\"]"}
COMMAND: POST /session/3eb0e4155c2b57a6446aa2da7f9f500f/element/f.CF43E92F277BAF6A063512B5A94BBE36.d.296E1961F9ED5C473AF108896C66E27D.e.563/click - {}
RESULT: {}
COMMAND: GET /session/3eb0e4155c2b57a6446aa2da7f9f500f/screenshot - {}
RESULT: {}
COMMAND: POST /session/3eb0e4155c2b57a6446aa2da7f9f500f/element - {"using":"xpath","value":"//header/div/div[2]/div[2]/span"}
RESULT: {"using":"xpath","value":"//header/div/div[2]/div[2]/span"}
COMMAND: GET /session/3eb0e4155c2b57a6446aa2da7f9f500f/element/f.CF43E92F277BAF6A063512B5A94BBE36.d.296E1961F9ED5C473AF108896C66E27D.e.850/text - {}
RESULT: {}
COMMAND: POST /session/3eb0e4155c2b57a6446aa2da7f9f500f/execute/async - {"script":"<script> [1562 bytes]","args":[{"selector":{"controlType":"sap.m.OverflowToolbarButton","viewName":"etm.portal.ui.manageyards.view.Detail","viewId":"application-manageyards-display-component---detailYard","i18NText":{"propertyName":"tooltip","key":"closeColumn"},"interaction":{"idSuffix":"inner"}},"wdio_ui5_key":"etmportal.ui.manageyards.view.Detailsap.m.OverflowToolbarButton{\"propertyName\":\"tooltip\",\"key\":\"closeColumn\"}"}]}
RESULT: {"script":"<script> [1562 bytes]","args":[{"selector":{"controlType":"sap.m.OverflowToolbarButton","viewName":"etm.portal.ui.manageyards.view.Detail","viewId":"application-manageyards-display-component---detailYard","i18NText":{"propertyName":"tooltip","key":"closeColumn"},"interaction":{"idSuffix":"inner"}},"wdio_ui5_key":"etmportal.ui.manageyards.view.Detailsap.m.OverflowToolbarButton{\"propertyName\":\"tooltip\",\"key\":\"closeColumn\"}"}]}
RESULT: undefined
COMMAND: POST /session/3eb0e4155c2b57a6446aa2da7f9f500f/element - {"using":"xpath","value":"//*[@id=\"__button42\"]"}
RESULT: {"using":"xpath","value":"//*[@id=\"__button42\"]"}
COMMAND: POST /session/3eb0e4155c2b57a6446aa2da7f9f500f/element/f.CF43E92F277BAF6A063512B5A94BBE36.d.296E1961F9ED5C473AF108896C66E27D.e.852/click - {}
RESULT: {}
COMMAND: GET /session/3eb0e4155c2b57a6446aa2da7f9f500f/screenshot - {}
RESULT: {}
COMMAND: POST /session/3eb0e4155c2b57a6446aa2da7f9f500f/element - {"using":"css selector","value":"#shell-header-logo"}
RESULT: {"using":"css selector","value":"#shell-header-logo"}
COMMAND: POST /session/3eb0e4155c2b57a6446aa2da7f9f500f/element/f.CF43E92F277BAF6A063512B5A94BBE36.d.296E1961F9ED5C473AF108896C66E27D.e.133/click - {}
RESULT: {}
COMMAND: GET /session/3eb0e4155c2b57a6446aa2da7f9f500f/screenshot - {}
COMMAND: POST /session/3eb0e4155c2b57a6446aa2da7f9f500f/refresh - {}
RESULT: {}
RESULT: {}
COMMAND: GET /session/3eb0e4155c2b57a6446aa2da7f9f500f/screenshot - {}
RESULT: {}
COMMAND: POST /session/3eb0e4155c2b57a6446aa2da7f9f500f/execute/async - {"script":"<script> [189 bytes]","args":[]}
RESULT: {"script":"<script> [189 bytes]","args":[]}
COMMAND: POST /session/3eb0e4155c2b57a6446aa2da7f9f500f/execute/async - {"script":"<script> [123 bytes]","args":[]}
RESULT: {"script":"<script> [123 bytes]","args":[]}
COMMAND: POST /session/3eb0e4155c2b57a6446aa2da7f9f500f/timeouts - {"script":"<number>"}
RESULT: {"script":"<number>"}
COMMAND: GET /session/3eb0e4155c2b57a6446aa2da7f9f500f/timeouts - {}
RESULT: {}
RESULT: undefined
COMMAND: POST /session/3eb0e4155c2b57a6446aa2da7f9f500f/execute/async - {"script":"<script> [2676 bytes]","args":[]}
RESULT: {"script":"<script> [2676 bytes]","args":[]}
COMMAND: POST /session/3eb0e4155c2b57a6446aa2da7f9f500f/execute/async - {"script":"<script> [2342 bytes]","args":[{"protocol":"http","hostname":"0.0.0.0","path":"/","capabilities":{"browserName":"chrome","goog:chromeOptions":{"binary":"C:\\Program Files\\Google\\Chrome\\Application\\chrome.exe","args":["--start-maximized"]}},"logLevel":"warn","connectionRetryTimeout":120000,"connectionRetryCount":3,"logLevels":{},"enableDirectConnect":true,"strictSSL":true,"_":"65 more keys: [\"cacheDir\",\"port\",\"requestedCapabilities\",\"automationProtocol\",\"baseUrl\",\"waitforInterval\",\"waitforTimeout\",\"onReload\",\"beforeCommand\",\"afterCommand\",\"rootDir\",\"specs\",\"suites\",\"exclude\",\"groupLogsByTestSpec\",\"excludeDriverLogs\",\"bail\",\"framework\",\"reporters\",\"services\",\"maxInstances\",\"maxInstancesPerCapability\",\"injectGlobals\",\"filesToWatch\",\"execArgv\",\"runnerEnv\",\"runner\",\"shard\",\"specFileRetries\",\"specFileRetriesDelay\",\"specFileRetriesDeferred\",\"reporterSyncInterval\",\"reporterSyncTimeout\",\"cucumberFeaturesWithLineNumbers\",\"autoCompileOpts\",\"mochaOpts\",\"jasmineOpts\",\"cucumberOpts\",\"onPrepare\",\"onWorkerStart\",\"onWorkerEnd\",\"before\",\"beforeSession\",\"beforeSuite\",\"beforeHook\",\"beforeTest\",\"afterTest\",\"afterHook\",\"afterSuite\",\"afterSession\",\"after\",\"onComplete\",\"beforeAssertion\",\"afterAssertion\",\"beforeFeature\",\"beforeScenario\",\"beforeStep\",\"afterStep\",\"afterScenario\",\"afterFeature\",\"_\",\"suite\",\"$0\",\"ignoredWorkerServices\",\"wdi5\"]"}]}
RESULT: {"script":"<script> [2342 bytes]","args":[{"protocol":"http","hostname":"0.0.0.0","path":"/","capabilities":{"browserName":"chrome","goog:chromeOptions":{"binary":"C:\\Program Files\\Google\\Chrome\\Application\\chrome.exe","args":["--start-maximized"]}},"logLevel":"warn","connectionRetryTimeout":120000,"connectionRetryCount":3,"logLevels":{},"enableDirectConnect":true,"strictSSL":true,"_":"65 more keys: [\"cacheDir\",\"port\",\"requestedCapabilities\",\"automationProtocol\",\"baseUrl\",\"waitforInterval\",\"waitforTimeout\",\"onReload\",\"beforeCommand\",\"afterCommand\",\"rootDir\",\"specs\",\"suites\",\"exclude\",\"groupLogsByTestSpec\",\"excludeDriverLogs\",\"bail\",\"framework\",\"reporters\",\"services\",\"maxInstances\",\"maxInstancesPerCapability\",\"injectGlobals\",\"filesToWatch\",\"execArgv\",\"runnerEnv\",\"runner\",\"shard\",\"specFileRetries\",\"specFileRetriesDelay\",\"specFileRetriesDeferred\",\"reporterSyncInterval\",\"reporterSyncTimeout\",\"cucumberFeaturesWithLineNumbers\",\"autoCompileOpts\",\"mochaOpts\",\"jasmineOpts\",\"cucumberOpts\",\"onPrepare\",\"onWorkerStart\",\"onWorkerEnd\",\"before\",\"beforeSession\",\"beforeSuite\",\"beforeHook\",\"beforeTest\",\"afterTest\",\"afterHook\",\"afterSuite\",\"afterSession\",\"after\",\"onComplete\",\"beforeAssertion\",\"afterAssertion\",\"beforeFeature\",\"beforeScenario\",\"beforeStep\",\"afterStep\",\"afterScenario\",\"afterFeature\",\"_\",\"suite\",\"$0\",\"ignoredWorkerServices\",\"wdi5\"]"}]}
COMMAND: POST /session/3eb0e4155c2b57a6446aa2da7f9f500f/execute/async - {"script":"<script> [21126 bytes]","args":[35000]}
RESULT: {"script":"<script> [21126 bytes]","args":[35000]}
]]></system-out>
    </testcase>
    <testcase classname="chrome.136_0_7103_93.windows.Related_resources_for_groups_US139107" name="Should create a resource of type group" time="101.234">
      <system-out><![CDATA[
COMMAND: POST /session/3eb0e4155c2b57a6446aa2da7f9f500f/execute/async - {"script":"<script> [1562 bytes]","args":[{"selector":{"controlType":"sap.m.GenericTile","properties":{"header":"Manage Resources"}},"wdio_ui5_key":"sapm.GenericTile{\"header\":\"Manage Resources\"}"}]}
RESULT: {"script":"<script> [1562 bytes]","args":[{"selector":{"controlType":"sap.m.GenericTile","properties":{"header":"Manage Resources"}},"wdio_ui5_key":"sapm.GenericTile{\"header\":\"Manage Resources\"}"}]}
RESULT: undefined
COMMAND: POST /session/3eb0e4155c2b57a6446aa2da7f9f500f/element - {"using":"xpath","value":"//*[@id=\"__tile39\"]"}
RESULT: {"using":"xpath","value":"//*[@id=\"__tile39\"]"}
COMMAND: POST /session/3eb0e4155c2b57a6446aa2da7f9f500f/element/f.CF43E92F277BAF6A063512B5A94BBE36.d.43BE2305B104BC1636F58E3CD5A64EFA.e.1206/click - {}
RESULT: {}
COMMAND: GET /session/3eb0e4155c2b57a6446aa2da7f9f500f/screenshot - {}
RESULT: {}
COMMAND: POST /session/3eb0e4155c2b57a6446aa2da7f9f500f/elements - {"using":"xpath","value":"//span[text()='Error']"}
RESULT: {"using":"xpath","value":"//span[text()='Error']"}
COMMAND: POST /session/3eb0e4155c2b57a6446aa2da7f9f500f/element - {"using":"xpath","value":"//button[@data-kt=\"addNewRUOverflowToolbarButton\"]"}
RESULT: {"using":"xpath","value":"//button[@data-kt=\"addNewRUOverflowToolbarButton\"]"}
COMMAND: POST /session/3eb0e4155c2b57a6446aa2da7f9f500f/execute/sync - {"script":"<script> [8489 bytes]","args":[{"element-6066-11e4-a52e-4f735466cecf":"f.CF43E92F277BAF6A063512B5A94BBE36.d.43BE2305B104BC1636F58E3CD5A64EFA.e.1250","ELEMENT":"f.CF43E92F277BAF6A063512B5A94BBE36.d.43BE2305B104BC1636F58E3CD5A64EFA.e.1250"}]}
RESULT: {"script":"<script> [8489 bytes]","args":[{"element-6066-11e4-a52e-4f735466cecf":"f.CF43E92F277BAF6A063512B5A94BBE36.d.43BE2305B104BC1636F58E3CD5A64EFA.e.1250","ELEMENT":"f.CF43E92F277BAF6A063512B5A94BBE36.d.43BE2305B104BC1636F58E3CD5A64EFA.e.1250"}]}
COMMAND: POST /session/3eb0e4155c2b57a6446aa2da7f9f500f/element/f.CF43E92F277BAF6A063512B5A94BBE36.d.43BE2305B104BC1636F58E3CD5A64EFA.e.1250/click - {}
COMMAND: GET /session/3eb0e4155c2b57a6446aa2da7f9f500f/screenshot - {}
RESULT: {}
COMMAND: GET /session/3eb0e4155c2b57a6446aa2da7f9f500f/screenshot - {}
RESULT: {}
RESULT: {}
COMMAND: POST /session/3eb0e4155c2b57a6446aa2da7f9f500f/execute/async - {"script":"<script> [1562 bytes]","args":[{"selector":{"id":"application-manageresources-display-component---newResourceUnit--TYPE-arrow"},"wdio_ui5_key":"applicationmanageresources-display-component---newResourceUnit--TYPE-arrow"}]}
RESULT: {"script":"<script> [1562 bytes]","args":[{"selector":{"id":"application-manageresources-display-component---newResourceUnit--TYPE-arrow"},"wdio_ui5_key":"applicationmanageresources-display-component---newResourceUnit--TYPE-arrow"}]}
RESULT: undefined
COMMAND: POST /session/3eb0e4155c2b57a6446aa2da7f9f500f/element - {"using":"xpath","value":"//*[@id=\"application-manageresources-display-component---newResourceUnit--TYPE-arrow\"]"}
RESULT: {"using":"xpath","value":"//*[@id=\"application-manageresources-display-component---newResourceUnit--TYPE-arrow\"]"}
COMMAND: POST /session/3eb0e4155c2b57a6446aa2da7f9f500f/element/f.CF43E92F277BAF6A063512B5A94BBE36.d.43BE2305B104BC1636F58E3CD5A64EFA.e.1561/click - {}
RESULT: {}
COMMAND: POST /session/3eb0e4155c2b57a6446aa2da7f9f500f/execute/async - {"script":"<script> [1562 bytes]","args":[{"selector":{"controlType":"sap.m.StandardListItem","viewName":"reusables.view.manageresources.NewResourceUnit","viewId":"application-manageresources-display-component---newResourceUnit","properties":{"title":"Group"},"searchOpenDialogs":true,"interaction":{"idSuffix":"content"}},"wdio_ui5_key":"reusablesview.manageresources.NewResourceUnitsap.m.StandardListItem{\"title\":\"Group\"}"}]}
COMMAND: GET /session/3eb0e4155c2b57a6446aa2da7f9f500f/screenshot - {}
RESULT: {"script":"<script> [1562 bytes]","args":[{"selector":{"controlType":"sap.m.StandardListItem","viewName":"reusables.view.manageresources.NewResourceUnit","viewId":"application-manageresources-display-component---newResourceUnit","properties":{"title":"Group"},"searchOpenDialogs":true,"interaction":{"idSuffix":"content"}},"wdio_ui5_key":"reusablesview.manageresources.NewResourceUnitsap.m.StandardListItem{\"title\":\"Group\"}"}]}
RESULT: undefined
COMMAND: POST /session/3eb0e4155c2b57a6446aa2da7f9f500f/element - {"using":"xpath","value":"//*[@id=\"__item154\"]"}
RESULT: {}
RESULT: {"using":"xpath","value":"//*[@id=\"__item154\"]"}
COMMAND: POST /session/3eb0e4155c2b57a6446aa2da7f9f500f/element/f.CF43E92F277BAF6A063512B5A94BBE36.d.43BE2305B104BC1636F58E3CD5A64EFA.e.1564/click - {}
RESULT: {}
COMMAND: GET /session/3eb0e4155c2b57a6446aa2da7f9f500f/screenshot - {}
RESULT: {}
COMMAND: POST /session/3eb0e4155c2b57a6446aa2da7f9f500f/execute/async - {"script":"<script> [1562 bytes]","args":[{"selector":{"id":"application-manageresources-display-component---newResourceUnit--SHORT_TEXT","interaction":{"idSuffix":"inner"}},"wdio_ui5_key":"applicationmanageresources-display-component---newResourceUnit--SHORT_TEXT"}]}
RESULT: {"script":"<script> [1562 bytes]","args":[{"selector":{"id":"application-manageresources-display-component---newResourceUnit--SHORT_TEXT","interaction":{"idSuffix":"inner"}},"wdio_ui5_key":"applicationmanageresources-display-component---newResourceUnit--SHORT_TEXT"}]}
RESULT: undefined
COMMAND: POST /session/3eb0e4155c2b57a6446aa2da7f9f500f/execute/async - {"script":"<script> [776 bytes]","args":[{"enterText":"WdIORUGroup5g5wdk","selector":{"id":"application-manageresources-display-component---newResourceUnit--SHORT_TEXT","interaction":{"idSuffix":"inner"}},"clearTextFirst":true,"interactionType":"ENTER_TEXT"}]}
RESULT: {"script":"<script> [776 bytes]","args":[{"enterText":"WdIORUGroup5g5wdk","selector":{"id":"application-manageresources-display-component---newResourceUnit--SHORT_TEXT","interaction":{"idSuffix":"inner"}},"clearTextFirst":true,"interactionType":"ENTER_TEXT"}]}
COMMAND: POST /session/3eb0e4155c2b57a6446aa2da7f9f500f/execute/async - {"script":"<script> [1562 bytes]","args":[{"selector":{"id":"application-manageresources-display-component---newResourceUnit--BASE_UNIT_OF_MEASURE","interaction":{"idSuffix":"inner"}},"wdio_ui5_key":"applicationmanageresources-display-component---newResourceUnit--BASE_UNIT_OF_MEASURE"}]}
RESULT: {"script":"<script> [1562 bytes]","args":[{"selector":{"id":"application-manageresources-display-component---newResourceUnit--BASE_UNIT_OF_MEASURE","interaction":{"idSuffix":"inner"}},"wdio_ui5_key":"applicationmanageresources-display-component---newResourceUnit--BASE_UNIT_OF_MEASURE"}]}
RESULT: undefined
COMMAND: POST /session/3eb0e4155c2b57a6446aa2da7f9f500f/execute/async - {"script":"<script> [776 bytes]","args":[{"enterText":"Piece","selector":{"id":"application-manageresources-display-component---newResourceUnit--BASE_UNIT_OF_MEASURE","interaction":{"idSuffix":"inner"}},"clearTextFirst":true,"interactionType":"ENTER_TEXT"}]}
RESULT: {"script":"<script> [776 bytes]","args":[{"enterText":"Piece","selector":{"id":"application-manageresources-display-component---newResourceUnit--BASE_UNIT_OF_MEASURE","interaction":{"idSuffix":"inner"}},"clearTextFirst":true,"interactionType":"ENTER_TEXT"}]}
COMMAND: POST /session/3eb0e4155c2b57a6446aa2da7f9f500f/execute/async - {"script":"<script> [1562 bytes]","args":[{"selector":{"id":"application-manageresources-display-component---newResourceUnit--newRRUPage-OPHeaderContent-collapseBtn-img"},"wdio_ui5_key":"applicationmanageresources-display-component---newResourceUnit--newRRUPage-OPHeaderContent-collapseBtn-img"}]}
RESULT: {"script":"<script> [1562 bytes]","args":[{"selector":{"id":"application-manageresources-display-component---newResourceUnit--newRRUPage-OPHeaderContent-collapseBtn-img"},"wdio_ui5_key":"applicationmanageresources-display-component---newResourceUnit--newRRUPage-OPHeaderContent-collapseBtn-img"}]}
RESULT: undefined
COMMAND: POST /session/3eb0e4155c2b57a6446aa2da7f9f500f/element - {"using":"xpath","value":"//*[@id=\"application-manageresources-display-component---newResourceUnit--newRRUPage-OPHeaderContent-collapseBtn-img\"]"}
RESULT: {"using":"xpath","value":"//*[@id=\"application-manageresources-display-component---newResourceUnit--newRRUPage-OPHeaderContent-collapseBtn-img\"]"}
COMMAND: POST /session/3eb0e4155c2b57a6446aa2da7f9f500f/element/f.CF43E92F277BAF6A063512B5A94BBE36.d.43BE2305B104BC1636F58E3CD5A64EFA.e.1572/click - {}
RESULT: {}
COMMAND: GET /session/3eb0e4155c2b57a6446aa2da7f9f500f/screenshot - {}
RESULT: {}
COMMAND: POST /session/3eb0e4155c2b57a6446aa2da7f9f500f/execute/async - {"script":"<script> [1562 bytes]","args":[{"selector":{"id":"application-manageresources-display-component---newResourceUnit--newRRUPage-anchBar-application-manageresources-display-component---newResourceUnit--control-anchor","interaction":{"idSuffix":"BDI-content"}},"wdio_ui5_key":"applicationmanageresources-display-component---newResourceUnit--newRRUPage-anchBar-application-manageresources-display-component---newResourceUnit--control-anchor"}]}
RESULT: {"script":"<script> [1562 bytes]","args":[{"selector":{"id":"application-manageresources-display-component---newResourceUnit--newRRUPage-anchBar-application-manageresources-display-component---newResourceUnit--control-anchor","interaction":{"idSuffix":"BDI-content"}},"wdio_ui5_key":"applicationmanageresources-display-component---newResourceUnit--newRRUPage-anchBar-application-manageresources-display-component---newResourceUnit--control-anchor"}]}
RESULT: undefined
COMMAND: POST /session/3eb0e4155c2b57a6446aa2da7f9f500f/element - {"using":"xpath","value":"//*[@id=\"application-manageresources-display-component---newResourceUnit--newRRUPage-anchBar-application-manageresources-display-component---newResourceUnit--control-anchor\"]"}
RESULT: {"using":"xpath","value":"//*[@id=\"application-manageresources-display-component---newResourceUnit--newRRUPage-anchBar-application-manageresources-display-component---newResourceUnit--control-anchor\"]"}
COMMAND: POST /session/3eb0e4155c2b57a6446aa2da7f9f500f/element/f.CF43E92F277BAF6A063512B5A94BBE36.d.43BE2305B104BC1636F58E3CD5A64EFA.e.1684/click - {}
RESULT: {}
COMMAND: POST /session/3eb0e4155c2b57a6446aa2da7f9f500f/execute/async - {"script":"<script> [1562 bytes]","args":[{"selector":{"id":"application-manageresources-display-component---newResourceUnit--PLANNING_GROUP","interaction":{"idSuffix":"inner"}},"wdio_ui5_key":"applicationmanageresources-display-component---newResourceUnit--PLANNING_GROUP"}]}
COMMAND: GET /session/3eb0e4155c2b57a6446aa2da7f9f500f/screenshot - {}
RESULT: {"script":"<script> [1562 bytes]","args":[{"selector":{"id":"application-manageresources-display-component---newResourceUnit--PLANNING_GROUP","interaction":{"idSuffix":"inner"}},"wdio_ui5_key":"applicationmanageresources-display-component---newResourceUnit--PLANNING_GROUP"}]}
RESULT: undefined
COMMAND: POST /session/3eb0e4155c2b57a6446aa2da7f9f500f/execute/async - {"script":"<script> [776 bytes]","args":[{"enterText":"Heavy Equi","selector":{"id":"application-manageresources-display-component---newResourceUnit--PLANNING_GROUP","interaction":{"idSuffix":"inner"}},"clearTextFirst":true,"interactionType":"ENTER_TEXT"}]}
RESULT: {}
RESULT: {"script":"<script> [776 bytes]","args":[{"enterText":"Heavy Equi","selector":{"id":"application-manageresources-display-component---newResourceUnit--PLANNING_GROUP","interaction":{"idSuffix":"inner"}},"clearTextFirst":true,"interactionType":"ENTER_TEXT"}]}
COMMAND: POST /session/3eb0e4155c2b57a6446aa2da7f9f500f/element - {"using":"xpath","value":"//bdi[contains(text(), \"Time Segment\")]"}
RESULT: {"using":"xpath","value":"//bdi[contains(text(), \"Time Segment\")]"}
COMMAND: GET /session/3eb0e4155c2b57a6446aa2da7f9f500f/element/f.CF43E92F277BAF6A063512B5A94BBE36.d.43BE2305B104BC1636F58E3CD5A64EFA.e.1689/rect - {}
RESULT: {}
COMMAND: GET /session/3eb0e4155c2b57a6446aa2da7f9f500f/window/rect - {}
RESULT: {}
COMMAND: POST /session/3eb0e4155c2b57a6446aa2da7f9f500f/execute/sync - {"script":"<script> [92 bytes]","args":[]}
RESULT: {"script":"<script> [92 bytes]","args":[]}
COMMAND: POST /session/3eb0e4155c2b57a6446aa2da7f9f500f/actions - {"actions":[{"id":"action3","type":"wheel","parameters":{},"actions":[{"type":"scroll","x":-1820,"y":-21,"deltaX":0,"deltaY":0,"duration":0,"origin":{"element-6066-11e4-a52e-4f735466cecf":"f.CF43E92F277BAF6A063512B5A94BBE36.d.43BE2305B104BC1636F58E3CD5A64EFA.e.1689"}}]}]}
COMMAND: GET /session/3eb0e4155c2b57a6446aa2da7f9f500f/screenshot - {}
RESULT: {}
COMMAND: POST /session/3eb0e4155c2b57a6446aa2da7f9f500f/execute/sync - {"script":"<script> [79 bytes]","args":[{"element-6066-11e4-a52e-4f735466cecf":"f.CF43E92F277BAF6A063512B5A94BBE36.d.43BE2305B104BC1636F58E3CD5A64EFA.e.1689","ELEMENT":"f.CF43E92F277BAF6A063512B5A94BBE36.d.43BE2305B104BC1636F58E3CD5A64EFA.e.1689"},{"block":"start","inline":"nearest"}]}
RESULT: {"script":"<script> [79 bytes]","args":[{"element-6066-11e4-a52e-4f735466cecf":"f.CF43E92F277BAF6A063512B5A94BBE36.d.43BE2305B104BC1636F58E3CD5A64EFA.e.1689","ELEMENT":"f.CF43E92F277BAF6A063512B5A94BBE36.d.43BE2305B104BC1636F58E3CD5A64EFA.e.1689"},{"block":"start","inline":"nearest"}]}
COMMAND: GET /session/3eb0e4155c2b57a6446aa2da7f9f500f/screenshot - {}
RESULT: {}
COMMAND: POST /session/3eb0e4155c2b57a6446aa2da7f9f500f/execute/async - {"script":"<script> [1562 bytes]","args":[{"selector":{"id":"application-manageresources-display-component---newResourceUnit--btnAddTimeSegment-img"},"wdio_ui5_key":"applicationmanageresources-display-component---newResourceUnit--btnAddTimeSegment-img"}]}
RESULT: {"script":"<script> [1562 bytes]","args":[{"selector":{"id":"application-manageresources-display-component---newResourceUnit--btnAddTimeSegment-img"},"wdio_ui5_key":"applicationmanageresources-display-component---newResourceUnit--btnAddTimeSegment-img"}]}
RESULT: undefined
COMMAND: POST /session/3eb0e4155c2b57a6446aa2da7f9f500f/element - {"using":"xpath","value":"//*[@id=\"application-manageresources-display-component---newResourceUnit--btnAddTimeSegment-img\"]"}
RESULT: {"using":"xpath","value":"//*[@id=\"application-manageresources-display-component---newResourceUnit--btnAddTimeSegment-img\"]"}
COMMAND: POST /session/3eb0e4155c2b57a6446aa2da7f9f500f/element/f.CF43E92F277BAF6A063512B5A94BBE36.d.43BE2305B104BC1636F58E3CD5A64EFA.e.1692/click - {}
RESULT: {}
COMMAND: GET /session/3eb0e4155c2b57a6446aa2da7f9f500f/screenshot - {}
RESULT: {}
COMMAND: POST /session/3eb0e4155c2b57a6446aa2da7f9f500f/element - {"using":"xpath","value":"//input[@id=\"application-manageresources-display-component---newResourceUnit--idRuTSAdmin-application-manageresources-display-component---newResourceUnit--RUTimeSegment-0-inner\"]"}
RESULT: {"using":"xpath","value":"//input[@id=\"application-manageresources-display-component---newResourceUnit--idRuTSAdmin-application-manageresources-display-component---newResourceUnit--RUTimeSegment-0-inner\"]"}
COMMAND: POST /session/3eb0e4155c2b57a6446aa2da7f9f500f/element/f.CF43E92F277BAF6A063512B5A94BBE36.d.43BE2305B104BC1636F58E3CD5A64EFA.e.1695/clear - {}
RESULT: {}
COMMAND: POST /session/3eb0e4155c2b57a6446aa2da7f9f500f/element/f.CF43E92F277BAF6A063512B5A94BBE36.d.43BE2305B104BC1636F58E3CD5A64EFA.e.1695/value - {"text":"WebdriverYardnxoc6"}
COMMAND: GET /session/3eb0e4155c2b57a6446aa2da7f9f500f/screenshot - {}
RESULT: {"text":"WebdriverYardnxoc6"}
COMMAND: GET /session/3eb0e4155c2b57a6446aa2da7f9f500f/screenshot - {}
RESULT: {}
RESULT: {}
COMMAND: POST /session/3eb0e4155c2b57a6446aa2da7f9f500f/actions - {"actions":[{"id":"action4","type":"key","parameters":{},"actions":[{"type":"keyDown","value":""},{"type":"pause","duration":10},{"type":"keyUp","value":""}]}]}
RESULT: {"actions":[{"id":"action4","type":"key","parameters":{},"actions":[{"type":"keyDown","value":""},{"type":"pause","duration":10},{"type":"keyUp","value":""}]}]}
COMMAND: GET /session/3eb0e4155c2b57a6446aa2da7f9f500f/screenshot - {}
RESULT: {}
COMMAND: POST /session/3eb0e4155c2b57a6446aa2da7f9f500f/execute/async - {"script":"<script> [1562 bytes]","args":[{"selector":{"controlType":"sap.m.Button","viewName":"reusables.view.manageresources.NewResourceUnit","viewId":"application-manageresources-display-component---newResourceUnit","i18NText":{"propertyName":"tooltip","key":"save"},"interaction":{"idSuffix":"BDI-content"}},"wdio_ui5_key":"reusablesview.manageresources.NewResourceUnitsap.m.Button{\"propertyName\":\"tooltip\",\"key\":\"save\"}"}]}
RESULT: {"script":"<script> [1562 bytes]","args":[{"selector":{"controlType":"sap.m.Button","viewName":"reusables.view.manageresources.NewResourceUnit","viewId":"application-manageresources-display-component---newResourceUnit","i18NText":{"propertyName":"tooltip","key":"save"},"interaction":{"idSuffix":"BDI-content"}},"wdio_ui5_key":"reusablesview.manageresources.NewResourceUnitsap.m.Button{\"propertyName\":\"tooltip\",\"key\":\"save\"}"}]}
RESULT: undefined
COMMAND: POST /session/3eb0e4155c2b57a6446aa2da7f9f500f/element - {"using":"xpath","value":"//*[@id=\"application-manageresources-display-component---newResourceUnit--createRuButton\"]"}
RESULT: {"using":"xpath","value":"//*[@id=\"application-manageresources-display-component---newResourceUnit--createRuButton\"]"}
COMMAND: POST /session/3eb0e4155c2b57a6446aa2da7f9f500f/element/f.CF43E92F277BAF6A063512B5A94BBE36.d.43BE2305B104BC1636F58E3CD5A64EFA.e.1578/click - {}
RESULT: {}
COMMAND: GET /session/3eb0e4155c2b57a6446aa2da7f9f500f/screenshot - {}
RESULT: {}
COMMAND: POST /session/3eb0e4155c2b57a6446aa2da7f9f500f/execute/async - {"script":"<script> [1562 bytes]","args":[{"selector":{"controlType":"sap.m.Button","properties":{"text":"Close"},"searchOpenDialogs":true,"interaction":{"idSuffix":"inner"}},"wdio_ui5_key":"sapm.Button{\"text\":\"Close\"}"}]}
RESULT: {"script":"<script> [1562 bytes]","args":[{"selector":{"controlType":"sap.m.Button","properties":{"text":"Close"},"searchOpenDialogs":true,"interaction":{"idSuffix":"inner"}},"wdio_ui5_key":"sapm.Button{\"text\":\"Close\"}"}]}
RESULT: undefined
COMMAND: POST /session/3eb0e4155c2b57a6446aa2da7f9f500f/element - {"using":"xpath","value":"//*[@id=\"__mbox-btn-0\"]"}
RESULT: {"using":"xpath","value":"//*[@id=\"__mbox-btn-0\"]"}
COMMAND: POST /session/3eb0e4155c2b57a6446aa2da7f9f500f/element/f.CF43E92F277BAF6A063512B5A94BBE36.d.43BE2305B104BC1636F58E3CD5A64EFA.e.1703/click - {}
RESULT: {}
COMMAND: GET /session/3eb0e4155c2b57a6446aa2da7f9f500f/screenshot - {}
RESULT: {}
COMMAND: POST /session/3eb0e4155c2b57a6446aa2da7f9f500f/element - {"using":"css selector","value":"#shell-header-logo"}
RESULT: {"using":"css selector","value":"#shell-header-logo"}
COMMAND: POST /session/3eb0e4155c2b57a6446aa2da7f9f500f/element/f.CF43E92F277BAF6A063512B5A94BBE36.d.43BE2305B104BC1636F58E3CD5A64EFA.e.1208/click - {}
RESULT: {}
COMMAND: GET /session/3eb0e4155c2b57a6446aa2da7f9f500f/screenshot - {}
RESULT: {}
]]></system-out>
    </testcase>
    <testcase classname="chrome.136_0_7103_93.windows.Related_resources_for_groups_US139107" name="Should create first equipment and add it to the group" time="123.83">
      <system-out><![CDATA[
RESULT: undefined
COMMAND: POST /session/3eb0e4155c2b57a6446aa2da7f9f500f/element - {"using":"xpath","value":"//*[@id=\"__tile39\"]"}
RESULT: {"using":"xpath","value":"//*[@id=\"__tile39\"]"}
COMMAND: POST /session/3eb0e4155c2b57a6446aa2da7f9f500f/element/f.CF43E92F277BAF6A063512B5A94BBE36.d.43BE2305B104BC1636F58E3CD5A64EFA.e.1206/click - {}
RESULT: {}
COMMAND: GET /session/3eb0e4155c2b57a6446aa2da7f9f500f/screenshot - {}
RESULT: {}
COMMAND: POST /session/3eb0e4155c2b57a6446aa2da7f9f500f/elements - {"using":"xpath","value":"//span[text()='Error']"}
RESULT: {"using":"xpath","value":"//span[text()='Error']"}
COMMAND: POST /session/3eb0e4155c2b57a6446aa2da7f9f500f/element - {"using":"xpath","value":"//button[@data-kt=\"addNewRUOverflowToolbarButton\"]"}
RESULT: {"using":"xpath","value":"//button[@data-kt=\"addNewRUOverflowToolbarButton\"]"}
COMMAND: POST /session/3eb0e4155c2b57a6446aa2da7f9f500f/execute/sync - {"script":"<script> [8489 bytes]","args":[{"element-6066-11e4-a52e-4f735466cecf":"f.CF43E92F277BAF6A063512B5A94BBE36.d.43BE2305B104BC1636F58E3CD5A64EFA.e.1783","ELEMENT":"f.CF43E92F277BAF6A063512B5A94BBE36.d.43BE2305B104BC1636F58E3CD5A64EFA.e.1783"}]}
RESULT: {"script":"<script> [8489 bytes]","args":[{"element-6066-11e4-a52e-4f735466cecf":"f.CF43E92F277BAF6A063512B5A94BBE36.d.43BE2305B104BC1636F58E3CD5A64EFA.e.1783","ELEMENT":"f.CF43E92F277BAF6A063512B5A94BBE36.d.43BE2305B104BC1636F58E3CD5A64EFA.e.1783"}]}
COMMAND: POST /session/3eb0e4155c2b57a6446aa2da7f9f500f/element/f.CF43E92F277BAF6A063512B5A94BBE36.d.43BE2305B104BC1636F58E3CD5A64EFA.e.1783/click - {}
COMMAND: GET /session/3eb0e4155c2b57a6446aa2da7f9f500f/screenshot - {}
RESULT: {}
COMMAND: GET /session/3eb0e4155c2b57a6446aa2da7f9f500f/screenshot - {}
RESULT: undefined
COMMAND: POST /session/3eb0e4155c2b57a6446aa2da7f9f500f/element - {"using":"xpath","value":"//*[@id=\"application-manageresources-display-component---newResourceUnit--TYPE-arrow\"]"}
RESULT: {}
RESULT: {}
RESULT: {"using":"xpath","value":"//*[@id=\"application-manageresources-display-component---newResourceUnit--TYPE-arrow\"]"}
COMMAND: POST /session/3eb0e4155c2b57a6446aa2da7f9f500f/element/f.CF43E92F277BAF6A063512B5A94BBE36.d.43BE2305B104BC1636F58E3CD5A64EFA.e.2096/click - {}
RESULT: {}
COMMAND: POST /session/3eb0e4155c2b57a6446aa2da7f9f500f/execute/async - {"script":"<script> [1562 bytes]","args":[{"selector":{"controlType":"sap.m.StandardListItem","viewName":"reusables.view.manageresources.NewResourceUnit","viewId":"application-manageresources-display-component---newResourceUnit","properties":{"title":"Equipment"},"searchOpenDialogs":true,"interaction":{"idSuffix":"content"}},"wdio_ui5_key":"reusablesview.manageresources.NewResourceUnitsap.m.StandardListItem{\"title\":\"Equipment\"}"}]}
COMMAND: GET /session/3eb0e4155c2b57a6446aa2da7f9f500f/screenshot - {}
RESULT: {"script":"<script> [1562 bytes]","args":[{"selector":{"controlType":"sap.m.StandardListItem","viewName":"reusables.view.manageresources.NewResourceUnit","viewId":"application-manageresources-display-component---newResourceUnit","properties":{"title":"Equipment"},"searchOpenDialogs":true,"interaction":{"idSuffix":"content"}},"wdio_ui5_key":"reusablesview.manageresources.NewResourceUnitsap.m.StandardListItem{\"title\":\"Equipment\"}"}]}
RESULT: undefined
COMMAND: POST /session/3eb0e4155c2b57a6446aa2da7f9f500f/element - {"using":"xpath","value":"//*[@id=\"__item797\"]"}
RESULT: {}
RESULT: {"using":"xpath","value":"//*[@id=\"__item797\"]"}
COMMAND: POST /session/3eb0e4155c2b57a6446aa2da7f9f500f/element/f.CF43E92F277BAF6A063512B5A94BBE36.d.43BE2305B104BC1636F58E3CD5A64EFA.e.2102/click - {}
RESULT: {}
COMMAND: GET /session/3eb0e4155c2b57a6446aa2da7f9f500f/screenshot - {}
RESULT: {}
COMMAND: POST /session/3eb0e4155c2b57a6446aa2da7f9f500f/execute/async - {"script":"<script> [1562 bytes]","args":[{"selector":{"id":"application-manageresources-display-component---newResourceUnit--resourceId","interaction":{"idSuffix":"inner"}},"wdio_ui5_key":"applicationmanageresources-display-component---newResourceUnit--resourceId"}]}
RESULT: {"script":"<script> [1562 bytes]","args":[{"selector":{"id":"application-manageresources-display-component---newResourceUnit--resourceId","interaction":{"idSuffix":"inner"}},"wdio_ui5_key":"applicationmanageresources-display-component---newResourceUnit--resourceId"}]}
RESULT: undefined
COMMAND: POST /session/3eb0e4155c2b57a6446aa2da7f9f500f/execute/async - {"script":"<script> [776 bytes]","args":[{"enterText":"WdIORUEquip1sino9","selector":{"id":"application-manageresources-display-component---newResourceUnit--resourceId","interaction":{"idSuffix":"inner"}},"clearTextFirst":true,"interactionType":"ENTER_TEXT"}]}
RESULT: {"script":"<script> [776 bytes]","args":[{"enterText":"WdIORUEquip1sino9","selector":{"id":"application-manageresources-display-component---newResourceUnit--resourceId","interaction":{"idSuffix":"inner"}},"clearTextFirst":true,"interactionType":"ENTER_TEXT"}]}
RESULT: undefined
COMMAND: POST /session/3eb0e4155c2b57a6446aa2da7f9f500f/execute/async - {"script":"<script> [776 bytes]","args":[{"enterText":"WdIORUEquip1sino9","selector":{"id":"application-manageresources-display-component---newResourceUnit--SHORT_TEXT","interaction":{"idSuffix":"inner"}},"clearTextFirst":true,"interactionType":"ENTER_TEXT"}]}
RESULT: {"script":"<script> [776 bytes]","args":[{"enterText":"WdIORUEquip1sino9","selector":{"id":"application-manageresources-display-component---newResourceUnit--SHORT_TEXT","interaction":{"idSuffix":"inner"}},"clearTextFirst":true,"interactionType":"ENTER_TEXT"}]}
RESULT: undefined
COMMAND: POST /session/3eb0e4155c2b57a6446aa2da7f9f500f/execute/async - {"script":"<script> [776 bytes]","args":[{"enterText":"Piece","selector":{"id":"application-manageresources-display-component---newResourceUnit--BASE_UNIT_OF_MEASURE","interaction":{"idSuffix":"inner"}},"clearTextFirst":true,"interactionType":"ENTER_TEXT"}]}
RESULT: {"script":"<script> [776 bytes]","args":[{"enterText":"Piece","selector":{"id":"application-manageresources-display-component---newResourceUnit--BASE_UNIT_OF_MEASURE","interaction":{"idSuffix":"inner"}},"clearTextFirst":true,"interactionType":"ENTER_TEXT"}]}
COMMAND: POST /session/3eb0e4155c2b57a6446aa2da7f9f500f/element - {"using":"xpath","value":"//input[contains(@id ,\"application-manageresources-display-component---newResourceUnit--HIGHER_LEVEL_RESOURCE-inner\")]"}
RESULT: {"using":"xpath","value":"//input[contains(@id ,\"application-manageresources-display-component---newResourceUnit--HIGHER_LEVEL_RESOURCE-inner\")]"}
COMMAND: POST /session/3eb0e4155c2b57a6446aa2da7f9f500f/element/f.CF43E92F277BAF6A063512B5A94BBE36.d.43BE2305B104BC1636F58E3CD5A64EFA.e.2125/value - {"text":"WdIORUGroup5g5wdk"}
RESULT: {"text":"WdIORUGroup5g5wdk"}
COMMAND: GET /session/3eb0e4155c2b57a6446aa2da7f9f500f/screenshot - {}
RESULT: {}
COMMAND: POST /session/3eb0e4155c2b57a6446aa2da7f9f500f/actions - {"actions":[{"id":"action5","type":"key","parameters":{},"actions":[{"type":"keyDown","value":""},{"type":"pause","duration":10},{"type":"keyUp","value":""}]}]}
RESULT: {"actions":[{"id":"action5","type":"key","parameters":{},"actions":[{"type":"keyDown","value":""},{"type":"pause","duration":10},{"type":"keyUp","value":""}]}]}
COMMAND: POST /session/3eb0e4155c2b57a6446aa2da7f9f500f/execute/async - {"script":"<script> [1562 bytes]","args":[{"selector":{"id":"application-manageresources-display-component---newResourceUnit--WEIGHT_UNIT","interaction":{"idSuffix":"inner"}},"wdio_ui5_key":"applicationmanageresources-display-component---newResourceUnit--WEIGHT_UNIT"}]}
COMMAND: GET /session/3eb0e4155c2b57a6446aa2da7f9f500f/screenshot - {}
RESULT: {"script":"<script> [1562 bytes]","args":[{"selector":{"id":"application-manageresources-display-component---newResourceUnit--WEIGHT_UNIT","interaction":{"idSuffix":"inner"}},"wdio_ui5_key":"applicationmanageresources-display-component---newResourceUnit--WEIGHT_UNIT"}]}
RESULT: undefined
COMMAND: POST /session/3eb0e4155c2b57a6446aa2da7f9f500f/execute/async - {"script":"<script> [776 bytes]","args":[{"enterText":"Gram","selector":{"id":"application-manageresources-display-component---newResourceUnit--WEIGHT_UNIT","interaction":{"idSuffix":"inner"}},"clearTextFirst":true,"interactionType":"ENTER_TEXT"}]}
RESULT: {}
RESULT: {"script":"<script> [776 bytes]","args":[{"enterText":"Gram","selector":{"id":"application-manageresources-display-component---newResourceUnit--WEIGHT_UNIT","interaction":{"idSuffix":"inner"}},"clearTextFirst":true,"interactionType":"ENTER_TEXT"}]}
RESULT: undefined
COMMAND: POST /session/3eb0e4155c2b57a6446aa2da7f9f500f/element - {"using":"xpath","value":"//*[@id=\"application-manageresources-display-component---newResourceUnit--newRRUPage-OPHeaderContent-collapseBtn-img\"]"}
RESULT: {"using":"xpath","value":"//*[@id=\"application-manageresources-display-component---newResourceUnit--newRRUPage-OPHeaderContent-collapseBtn-img\"]"}
COMMAND: POST /session/3eb0e4155c2b57a6446aa2da7f9f500f/element/f.CF43E92F277BAF6A063512B5A94BBE36.d.43BE2305B104BC1636F58E3CD5A64EFA.e.2109/click - {}
RESULT: {}
COMMAND: GET /session/3eb0e4155c2b57a6446aa2da7f9f500f/screenshot - {}
RESULT: {}
COMMAND: POST /session/3eb0e4155c2b57a6446aa2da7f9f500f/element - {"using":"xpath","value":"(//span[contains(@id ,\"application-manageresources-display-component---newResourceUnit--DIMENSION_UNIT-arrow\")])[1]"}
RESULT: {"using":"xpath","value":"(//span[contains(@id ,\"application-manageresources-display-component---newResourceUnit--DIMENSION_UNIT-arrow\")])[1]"}
COMMAND: POST /session/3eb0e4155c2b57a6446aa2da7f9f500f/element/f.CF43E92F277BAF6A063512B5A94BBE36.d.43BE2305B104BC1636F58E3CD5A64EFA.e.2258/click - {}
RESULT: {}
COMMAND: GET /session/3eb0e4155c2b57a6446aa2da7f9f500f/screenshot - {}
RESULT: {}
COMMAND: POST /session/3eb0e4155c2b57a6446aa2da7f9f500f/execute/async - {"script":"<script> [1562 bytes]","args":[{"selector":{"controlType":"sap.m.StandardListItem","viewName":"reusables.view.manageresources.NewResourceUnit","viewId":"application-manageresources-display-component---newResourceUnit","properties":{"title":"Centimeter"},"searchOpenDialogs":true,"interaction":{"idSuffix":"titleText"}},"wdio_ui5_key":"reusablesview.manageresources.NewResourceUnitsap.m.StandardListItem{\"title\":\"Centimeter\"}"}]}
RESULT: {"script":"<script> [1562 bytes]","args":[{"selector":{"controlType":"sap.m.StandardListItem","viewName":"reusables.view.manageresources.NewResourceUnit","viewId":"application-manageresources-display-component---newResourceUnit","properties":{"title":"Centimeter"},"searchOpenDialogs":true,"interaction":{"idSuffix":"titleText"}},"wdio_ui5_key":"reusablesview.manageresources.NewResourceUnitsap.m.StandardListItem{\"title\":\"Centimeter\"}"}]}
RESULT: undefined
COMMAND: POST /session/3eb0e4155c2b57a6446aa2da7f9f500f/element - {"using":"xpath","value":"//*[@id=\"__item887\"]"}
RESULT: {"using":"xpath","value":"//*[@id=\"__item887\"]"}
COMMAND: POST /session/3eb0e4155c2b57a6446aa2da7f9f500f/element/f.CF43E92F277BAF6A063512B5A94BBE36.d.43BE2305B104BC1636F58E3CD5A64EFA.e.2262/click - {}
RESULT: {}
COMMAND: GET /session/3eb0e4155c2b57a6446aa2da7f9f500f/screenshot - {}
RESULT: {}
RESULT: undefined
COMMAND: POST /session/3eb0e4155c2b57a6446aa2da7f9f500f/element - {"using":"xpath","value":"//*[@id=\"application-manageresources-display-component---newResourceUnit--newRRUPage-anchBar-application-manageresources-display-component---newResourceUnit--control-anchor\"]"}
RESULT: {"using":"xpath","value":"//*[@id=\"application-manageresources-display-component---newResourceUnit--newRRUPage-anchBar-application-manageresources-display-component---newResourceUnit--control-anchor\"]"}
COMMAND: POST /session/3eb0e4155c2b57a6446aa2da7f9f500f/element/f.CF43E92F277BAF6A063512B5A94BBE36.d.43BE2305B104BC1636F58E3CD5A64EFA.e.2263/click - {}
RESULT: {}
RESULT: undefined
COMMAND: POST /session/3eb0e4155c2b57a6446aa2da7f9f500f/execute/async - {"script":"<script> [776 bytes]","args":[{"enterText":"Heavy Equi","selector":{"id":"application-manageresources-display-component---newResourceUnit--PLANNING_GROUP","interaction":{"idSuffix":"inner"}},"clearTextFirst":true,"interactionType":"ENTER_TEXT"}]}
COMMAND: GET /session/3eb0e4155c2b57a6446aa2da7f9f500f/screenshot - {}
RESULT: {"script":"<script> [776 bytes]","args":[{"enterText":"Heavy Equi","selector":{"id":"application-manageresources-display-component---newResourceUnit--PLANNING_GROUP","interaction":{"idSuffix":"inner"}},"clearTextFirst":true,"interactionType":"ENTER_TEXT"}]}
RESULT: {}
COMMAND: POST /session/3eb0e4155c2b57a6446aa2da7f9f500f/execute/async - {"script":"<script> [1562 bytes]","args":[{"selector":{"id":"application-manageresources-display-component---newResourceUnit--ITEM_TYPE-arrow"},"wdio_ui5_key":"applicationmanageresources-display-component---newResourceUnit--ITEM_TYPE-arrow"}]}
RESULT: {"script":"<script> [1562 bytes]","args":[{"selector":{"id":"application-manageresources-display-component---newResourceUnit--ITEM_TYPE-arrow"},"wdio_ui5_key":"applicationmanageresources-display-component---newResourceUnit--ITEM_TYPE-arrow"}]}
RESULT: undefined
COMMAND: POST /session/3eb0e4155c2b57a6446aa2da7f9f500f/element - {"using":"xpath","value":"//*[@id=\"application-manageresources-display-component---newResourceUnit--ITEM_TYPE-arrow\"]"}
RESULT: {"using":"xpath","value":"//*[@id=\"application-manageresources-display-component---newResourceUnit--ITEM_TYPE-arrow\"]"}
COMMAND: POST /session/3eb0e4155c2b57a6446aa2da7f9f500f/element/f.CF43E92F277BAF6A063512B5A94BBE36.d.43BE2305B104BC1636F58E3CD5A64EFA.e.2267/click - {}
RESULT: {}
COMMAND: POST /session/3eb0e4155c2b57a6446aa2da7f9f500f/execute/async - {"script":"<script> [1562 bytes]","args":[{"selector":{"controlType":"sap.m.StandardListItem","viewName":"reusables.view.manageresources.NewResourceUnit","viewId":"application-manageresources-display-component---newResourceUnit","properties":{"title":"Resource Unit"},"searchOpenDialogs":true,"interaction":{"idSuffix":"titleText"}},"wdio_ui5_key":"reusablesview.manageresources.NewResourceUnitsap.m.StandardListItem{\"title\":\"Resource Unit\"}"}]}
COMMAND: GET /session/3eb0e4155c2b57a6446aa2da7f9f500f/screenshot - {}
RESULT: {"script":"<script> [1562 bytes]","args":[{"selector":{"controlType":"sap.m.StandardListItem","viewName":"reusables.view.manageresources.NewResourceUnit","viewId":"application-manageresources-display-component---newResourceUnit","properties":{"title":"Resource Unit"},"searchOpenDialogs":true,"interaction":{"idSuffix":"titleText"}},"wdio_ui5_key":"reusablesview.manageresources.NewResourceUnitsap.m.StandardListItem{\"title\":\"Resource Unit\"}"}]}
RESULT: undefined
COMMAND: POST /session/3eb0e4155c2b57a6446aa2da7f9f500f/element - {"using":"xpath","value":"//*[@id=\"__item909\"]"}
RESULT: {}
RESULT: {"using":"xpath","value":"//*[@id=\"__item909\"]"}
COMMAND: POST /session/3eb0e4155c2b57a6446aa2da7f9f500f/element/f.CF43E92F277BAF6A063512B5A94BBE36.d.43BE2305B104BC1636F58E3CD5A64EFA.e.2269/click - {}
RESULT: {}
COMMAND: POST /session/3eb0e4155c2b57a6446aa2da7f9f500f/element - {"using":"xpath","value":"//bdi[contains(text(), \"Time Segment\")]"}
COMMAND: GET /session/3eb0e4155c2b57a6446aa2da7f9f500f/screenshot - {}
RESULT: {"using":"xpath","value":"//bdi[contains(text(), \"Time Segment\")]"}
COMMAND: GET /session/3eb0e4155c2b57a6446aa2da7f9f500f/element/f.CF43E92F277BAF6A063512B5A94BBE36.d.43BE2305B104BC1636F58E3CD5A64EFA.e.2276/rect - {}
RESULT: {}
RESULT: {}
COMMAND: GET /session/3eb0e4155c2b57a6446aa2da7f9f500f/window/rect - {}
RESULT: {}
COMMAND: POST /session/3eb0e4155c2b57a6446aa2da7f9f500f/execute/sync - {"script":"<script> [92 bytes]","args":[]}
RESULT: {"script":"<script> [92 bytes]","args":[]}
COMMAND: POST /session/3eb0e4155c2b57a6446aa2da7f9f500f/actions - {"actions":[{"id":"action6","type":"wheel","parameters":{},"actions":[{"type":"scroll","x":-1820,"y":-21,"deltaX":0,"deltaY":0,"duration":0,"origin":{"element-6066-11e4-a52e-4f735466cecf":"f.CF43E92F277BAF6A063512B5A94BBE36.d.43BE2305B104BC1636F58E3CD5A64EFA.e.2276"}}]}]}
COMMAND: GET /session/3eb0e4155c2b57a6446aa2da7f9f500f/screenshot - {}
RESULT: {}
COMMAND: POST /session/3eb0e4155c2b57a6446aa2da7f9f500f/execute/sync - {"script":"<script> [79 bytes]","args":[{"element-6066-11e4-a52e-4f735466cecf":"f.CF43E92F277BAF6A063512B5A94BBE36.d.43BE2305B104BC1636F58E3CD5A64EFA.e.2276","ELEMENT":"f.CF43E92F277BAF6A063512B5A94BBE36.d.43BE2305B104BC1636F58E3CD5A64EFA.e.2276"},{"block":"start","inline":"nearest"}]}
RESULT: {"script":"<script> [79 bytes]","args":[{"element-6066-11e4-a52e-4f735466cecf":"f.CF43E92F277BAF6A063512B5A94BBE36.d.43BE2305B104BC1636F58E3CD5A64EFA.e.2276","ELEMENT":"f.CF43E92F277BAF6A063512B5A94BBE36.d.43BE2305B104BC1636F58E3CD5A64EFA.e.2276"},{"block":"start","inline":"nearest"}]}
RESULT: undefined
COMMAND: POST /session/3eb0e4155c2b57a6446aa2da7f9f500f/element - {"using":"xpath","value":"//*[@id=\"application-manageresources-display-component---newResourceUnit--btnAddTimeSegment-img\"]"}
COMMAND: GET /session/3eb0e4155c2b57a6446aa2da7f9f500f/screenshot - {}
RESULT: {"using":"xpath","value":"//*[@id=\"application-manageresources-display-component---newResourceUnit--btnAddTimeSegment-img\"]"}
COMMAND: POST /session/3eb0e4155c2b57a6446aa2da7f9f500f/element/f.CF43E92F277BAF6A063512B5A94BBE36.d.43BE2305B104BC1636F58E3CD5A64EFA.e.2277/click - {}
RESULT: {}
RESULT: {}
COMMAND: GET /session/3eb0e4155c2b57a6446aa2da7f9f500f/screenshot - {}
RESULT: {}
COMMAND: POST /session/3eb0e4155c2b57a6446aa2da7f9f500f/element - {"using":"xpath","value":"//input[@id=\"application-manageresources-display-component---newResourceUnit--idRuTSAdmin-application-manageresources-display-component---newResourceUnit--RUTimeSegment-0-inner\"]"}
RESULT: {"using":"xpath","value":"//input[@id=\"application-manageresources-display-component---newResourceUnit--idRuTSAdmin-application-manageresources-display-component---newResourceUnit--RUTimeSegment-0-inner\"]"}
COMMAND: POST /session/3eb0e4155c2b57a6446aa2da7f9f500f/element/f.CF43E92F277BAF6A063512B5A94BBE36.d.43BE2305B104BC1636F58E3CD5A64EFA.e.2283/clear - {}
RESULT: {}
COMMAND: POST /session/3eb0e4155c2b57a6446aa2da7f9f500f/element/f.CF43E92F277BAF6A063512B5A94BBE36.d.43BE2305B104BC1636F58E3CD5A64EFA.e.2283/value - {"text":"WebdriverYardnxoc6"}
COMMAND: GET /session/3eb0e4155c2b57a6446aa2da7f9f500f/screenshot - {}
RESULT: {"text":"WebdriverYardnxoc6"}
COMMAND: GET /session/3eb0e4155c2b57a6446aa2da7f9f500f/screenshot - {}
RESULT: {}
RESULT: {}
COMMAND: POST /session/3eb0e4155c2b57a6446aa2da7f9f500f/actions - {"actions":[{"id":"action7","type":"key","parameters":{},"actions":[{"type":"keyDown","value":""},{"type":"pause","duration":10},{"type":"keyUp","value":""}]}]}
RESULT: {"actions":[{"id":"action7","type":"key","parameters":{},"actions":[{"type":"keyDown","value":""},{"type":"pause","duration":10},{"type":"keyUp","value":""}]}]}
COMMAND: POST /session/3eb0e4155c2b57a6446aa2da7f9f500f/execute/async - {"script":"<script> [1562 bytes]","args":[{"selector":{"controlType":"sap.ui.core.Icon","viewName":"reusables.view.manageresources.NewResourceUnit","viewId":"application-manageresources-display-component---newResourceUnit","properties":{"src":{"regex":{"source":"slim\\-arrow\\-down"}}},"ancestor":{"controlType":"sap.m.ComboBox","viewName":"reusables.view.manageresources.NewResourceUnit","viewId":"application-manageresources-display-component---newResourceUnit","bindingPath":{"path":"/RESOURCE_UNIT_TIME_SEQUENCES/0","propertyPath":"COST_OBJECT_ADMIN_CST_TYPE","modelName":"oNewRruModel"}}},"wdio_ui5_key":"reusablesview.manageresources.NewResourceUnitsap.ui.core.Icon{\"src\":{\"regex\":{\"source\":\"slim\\\\-arrow\\\\-down\"}}}{\"controlType\":\"sap.m.ComboBox\",\"viewName\":\"reusables.view.manageresources.NewResourceUnit\",\"viewId\":\"application-manageresources-display-component---newResourceUnit\",\"bindingPath\":{\"path\":\"/RESOURCE_UNIT_TIME_SEQUENCES/0\",\"propertyPath\":\"COST_OBJECT_ADMIN_CST_TYPE\",\"modelName\":\"oNewRruModel\"}}"}]}
COMMAND: GET /session/3eb0e4155c2b57a6446aa2da7f9f500f/screenshot - {}
RESULT: {"script":"<script> [1562 bytes]","args":[{"selector":{"controlType":"sap.ui.core.Icon","viewName":"reusables.view.manageresources.NewResourceUnit","viewId":"application-manageresources-display-component---newResourceUnit","properties":{"src":{"regex":{"source":"slim\\-arrow\\-down"}}},"ancestor":{"controlType":"sap.m.ComboBox","viewName":"reusables.view.manageresources.NewResourceUnit","viewId":"application-manageresources-display-component---newResourceUnit","bindingPath":{"path":"/RESOURCE_UNIT_TIME_SEQUENCES/0","propertyPath":"COST_OBJECT_ADMIN_CST_TYPE","modelName":"oNewRruModel"}}},"wdio_ui5_key":"reusablesview.manageresources.NewResourceUnitsap.ui.core.Icon{\"src\":{\"regex\":{\"source\":\"slim\\\\-arrow\\\\-down\"}}}{\"controlType\":\"sap.m.ComboBox\",\"viewName\":\"reusables.view.manageresources.NewResourceUnit\",\"viewId\":\"application-manageresources-display-component---newResourceUnit\",\"bindingPath\":{\"path\":\"/RESOURCE_UNIT_TIME_SEQUENCES/0\",\"propertyPath\":\"COST_OBJECT_ADMIN_CST_TYPE\",\"modelName\":\"oNewRruModel\"}}"}]}
RESULT: undefined
COMMAND: POST /session/3eb0e4155c2b57a6446aa2da7f9f500f/element - {"using":"xpath","value":"//*[@id=\"__box10-application-manageresources-display-component---newResourceUnit--RUTimeSegment-0-arrow\"]"}
RESULT: {}
RESULT: {"using":"xpath","value":"//*[@id=\"__box10-application-manageresources-display-component---newResourceUnit--RUTimeSegment-0-arrow\"]"}
COMMAND: POST /session/3eb0e4155c2b57a6446aa2da7f9f500f/element/f.CF43E92F277BAF6A063512B5A94BBE36.d.43BE2305B104BC1636F58E3CD5A64EFA.e.2295/click - {}
RESULT: {}
COMMAND: POST /session/3eb0e4155c2b57a6446aa2da7f9f500f/execute/async - {"script":"<script> [1562 bytes]","args":[{"selector":{"controlType":"sap.m.StandardListItem","viewName":"reusables.view.manageresources.NewResourceUnit","viewId":"application-manageresources-display-component---newResourceUnit","properties":{"title":"PM Order"},"searchOpenDialogs":true,"interaction":{"idSuffix":"titleText"}},"wdio_ui5_key":"reusablesview.manageresources.NewResourceUnitsap.m.StandardListItem{\"title\":\"PM Order\"}"}]}
COMMAND: GET /session/3eb0e4155c2b57a6446aa2da7f9f500f/screenshot - {}
RESULT: {"script":"<script> [1562 bytes]","args":[{"selector":{"controlType":"sap.m.StandardListItem","viewName":"reusables.view.manageresources.NewResourceUnit","viewId":"application-manageresources-display-component---newResourceUnit","properties":{"title":"PM Order"},"searchOpenDialogs":true,"interaction":{"idSuffix":"titleText"}},"wdio_ui5_key":"reusablesview.manageresources.NewResourceUnitsap.m.StandardListItem{\"title\":\"PM Order\"}"}]}
RESULT: undefined
COMMAND: POST /session/3eb0e4155c2b57a6446aa2da7f9f500f/element - {"using":"xpath","value":"//*[@id=\"__item1343\"]"}
RESULT: {}
RESULT: {"using":"xpath","value":"//*[@id=\"__item1343\"]"}
COMMAND: POST /session/3eb0e4155c2b57a6446aa2da7f9f500f/element/f.CF43E92F277BAF6A063512B5A94BBE36.d.43BE2305B104BC1636F58E3CD5A64EFA.e.2299/click - {}
RESULT: {}
COMMAND: GET /session/3eb0e4155c2b57a6446aa2da7f9f500f/screenshot - {}
RESULT: {}
COMMAND: POST /session/3eb0e4155c2b57a6446aa2da7f9f500f/element - {"using":"xpath","value":"(//input[contains(@id ,\"-application-manageresources-display-component---newResourceUnit--RUTimeSegment-0-inner\")])[8]"}
RESULT: {"using":"xpath","value":"(//input[contains(@id ,\"-application-manageresources-display-component---newResourceUnit--RUTimeSegment-0-inner\")])[8]"}
COMMAND: POST /session/3eb0e4155c2b57a6446aa2da7f9f500f/element/f.CF43E92F277BAF6A063512B5A94BBE36.d.43BE2305B104BC1636F58E3CD5A64EFA.e.2302/clear - {}
RESULT: {}
COMMAND: POST /session/3eb0e4155c2b57a6446aa2da7f9f500f/element/f.CF43E92F277BAF6A063512B5A94BBE36.d.43BE2305B104BC1636F58E3CD5A64EFA.e.2302/value - {"text":"4000360"}
COMMAND: GET /session/3eb0e4155c2b57a6446aa2da7f9f500f/screenshot - {}
RESULT: {"text":"4000360"}
COMMAND: GET /session/3eb0e4155c2b57a6446aa2da7f9f500f/screenshot - {}
RESULT: {}
RESULT: {}
COMMAND: POST /session/3eb0e4155c2b57a6446aa2da7f9f500f/actions - {"actions":[{"id":"action8","type":"key","parameters":{},"actions":[{"type":"keyDown","value":""},{"type":"pause","duration":10},{"type":"keyUp","value":""}]}]}
RESULT: {"actions":[{"id":"action8","type":"key","parameters":{},"actions":[{"type":"keyDown","value":""},{"type":"pause","duration":10},{"type":"keyUp","value":""}]}]}
COMMAND: GET /session/3eb0e4155c2b57a6446aa2da7f9f500f/screenshot - {}
RESULT: {}
COMMAND: POST /session/3eb0e4155c2b57a6446aa2da7f9f500f/element - {"using":"xpath","value":"//input[contains(@id ,\"application-manageresources-display-component---newResourceUnit--newTimeSegmentFromDatePicker-application-manageresources-display-component---newResourceUnit--RUTimeSegment-0-inner\")]"}
RESULT: {"using":"xpath","value":"//input[contains(@id ,\"application-manageresources-display-component---newResourceUnit--newTimeSegmentFromDatePicker-application-manageresources-display-component---newResourceUnit--RUTimeSegment-0-inner\")]"}
COMMAND: POST /session/3eb0e4155c2b57a6446aa2da7f9f500f/element/f.CF43E92F277BAF6A063512B5A94BBE36.d.43BE2305B104BC1636F58E3CD5A64EFA.e.2290/clear - {}
RESULT: {}
COMMAND: POST /session/3eb0e4155c2b57a6446aa2da7f9f500f/element/f.CF43E92F277BAF6A063512B5A94BBE36.d.43BE2305B104BC1636F58E3CD5A64EFA.e.2290/clear - {}
COMMAND: GET /session/3eb0e4155c2b57a6446aa2da7f9f500f/screenshot - {}
RESULT: {}
COMMAND: POST /session/3eb0e4155c2b57a6446aa2da7f9f500f/element/f.CF43E92F277BAF6A063512B5A94BBE36.d.43BE2305B104BC1636F58E3CD5A64EFA.e.2290/value - {"text":"06/31/24"}
COMMAND: GET /session/3eb0e4155c2b57a6446aa2da7f9f500f/screenshot - {}
RESULT: {}
RESULT: {"text":"06/31/24"}
COMMAND: POST /session/3eb0e4155c2b57a6446aa2da7f9f500f/execute/async - {"script":"<script> [1562 bytes]","args":[{"selector":{"id":"application-manageresources-display-component---newResourceUnit--newRRUPage-anchBar-application-manageresources-display-component---newResourceUnit--resource-anchor","interaction":{"idSuffix":"BDI-content"}},"wdio_ui5_key":"applicationmanageresources-display-component---newResourceUnit--newRRUPage-anchBar-application-manageresources-display-component---newResourceUnit--resource-anchor"}]}
COMMAND: GET /session/3eb0e4155c2b57a6446aa2da7f9f500f/screenshot - {}
RESULT: {}
RESULT: {"script":"<script> [1562 bytes]","args":[{"selector":{"id":"application-manageresources-display-component---newResourceUnit--newRRUPage-anchBar-application-manageresources-display-component---newResourceUnit--resource-anchor","interaction":{"idSuffix":"BDI-content"}},"wdio_ui5_key":"applicationmanageresources-display-component---newResourceUnit--newRRUPage-anchBar-application-manageresources-display-component---newResourceUnit--resource-anchor"}]}
RESULT: undefined
COMMAND: POST /session/3eb0e4155c2b57a6446aa2da7f9f500f/element - {"using":"xpath","value":"//*[@id=\"application-manageresources-display-component---newResourceUnit--newRRUPage-anchBar-application-manageresources-display-component---newResourceUnit--resource-anchor\"]"}
RESULT: {}
RESULT: {"using":"xpath","value":"//*[@id=\"application-manageresources-display-component---newResourceUnit--newRRUPage-anchBar-application-manageresources-display-component---newResourceUnit--resource-anchor\"]"}
COMMAND: POST /session/3eb0e4155c2b57a6446aa2da7f9f500f/element/f.CF43E92F277BAF6A063512B5A94BBE36.d.43BE2305B104BC1636F58E3CD5A64EFA.e.2323/click - {}
RESULT: {}
COMMAND: POST /session/3eb0e4155c2b57a6446aa2da7f9f500f/execute/async - {"script":"<script> [1562 bytes]","args":[{"selector":{"id":"application-manageresources-display-component---newResourceUnit--PLANNED_DELIVERY_DATE","interaction":{"idSuffix":"inner"}},"wdio_ui5_key":"applicationmanageresources-display-component---newResourceUnit--PLANNED_DELIVERY_DATE"}]}
COMMAND: GET /session/3eb0e4155c2b57a6446aa2da7f9f500f/screenshot - {}
RESULT: {"script":"<script> [1562 bytes]","args":[{"selector":{"id":"application-manageresources-display-component---newResourceUnit--PLANNED_DELIVERY_DATE","interaction":{"idSuffix":"inner"}},"wdio_ui5_key":"applicationmanageresources-display-component---newResourceUnit--PLANNED_DELIVERY_DATE"}]}
RESULT: undefined
COMMAND: POST /session/3eb0e4155c2b57a6446aa2da7f9f500f/execute/async - {"script":"<script> [6424 bytes]","args":[{"element-6066-11e4-a52e-4f735466cecf":"f.CF43E92F277BAF6A063512B5A94BBE36.d.43BE2305B104BC1636F58E3CD5A64EFA.e.2156"},"setValue",["06/31/24"]]}
RESULT: {}
RESULT: {"script":"<script> [6424 bytes]","args":[{"element-6066-11e4-a52e-4f735466cecf":"f.CF43E92F277BAF6A063512B5A94BBE36.d.43BE2305B104BC1636F58E3CD5A64EFA.e.2156"},"setValue",["06/31/24"]]}
COMMAND: POST /session/3eb0e4155c2b57a6446aa2da7f9f500f/execute/async - {"script":"<script> [1562 bytes]","args":[{"selector":{"id":"application-manageresources-display-component---newResourceUnit--RETIRE_PLANNED_DATE","interaction":{"idSuffix":"inner"}},"wdio_ui5_key":"applicationmanageresources-display-component---newResourceUnit--RETIRE_PLANNED_DATE"}]}
RESULT: {"script":"<script> [1562 bytes]","args":[{"selector":{"id":"application-manageresources-display-component---newResourceUnit--RETIRE_PLANNED_DATE","interaction":{"idSuffix":"inner"}},"wdio_ui5_key":"applicationmanageresources-display-component---newResourceUnit--RETIRE_PLANNED_DATE"}]}
RESULT: undefined
COMMAND: POST /session/3eb0e4155c2b57a6446aa2da7f9f500f/execute/async - {"script":"<script> [776 bytes]","args":[{"enterText":"3/14/29","selector":{"id":"application-manageresources-display-component---newResourceUnit--RETIRE_PLANNED_DATE","interaction":{"idSuffix":"inner"}},"clearTextFirst":true,"interactionType":"ENTER_TEXT"}]}
RESULT: {"script":"<script> [776 bytes]","args":[{"enterText":"3/14/29","selector":{"id":"application-manageresources-display-component---newResourceUnit--RETIRE_PLANNED_DATE","interaction":{"idSuffix":"inner"}},"clearTextFirst":true,"interactionType":"ENTER_TEXT"}]}
RESULT: undefined
COMMAND: POST /session/3eb0e4155c2b57a6446aa2da7f9f500f/element - {"using":"xpath","value":"//*[@id=\"application-manageresources-display-component---newResourceUnit--createRuButton\"]"}
RESULT: {"using":"xpath","value":"//*[@id=\"application-manageresources-display-component---newResourceUnit--createRuButton\"]"}
COMMAND: POST /session/3eb0e4155c2b57a6446aa2da7f9f500f/element/f.CF43E92F277BAF6A063512B5A94BBE36.d.43BE2305B104BC1636F58E3CD5A64EFA.e.2115/click - {}
RESULT: {}
COMMAND: GET /session/3eb0e4155c2b57a6446aa2da7f9f500f/screenshot - {}
RESULT: {}
COMMAND: POST /session/3eb0e4155c2b57a6446aa2da7f9f500f/element - {"using":"xpath","value":"(//bdi[contains(text(), \"Close\")])[1]"}
RESULT: {"using":"xpath","value":"(//bdi[contains(text(), \"Close\")])[1]"}
COMMAND: POST /session/3eb0e4155c2b57a6446aa2da7f9f500f/element/f.CF43E92F277BAF6A063512B5A94BBE36.d.43BE2305B104BC1636F58E3CD5A64EFA.e.2336/click - {}
RESULT: {}
COMMAND: GET /session/3eb0e4155c2b57a6446aa2da7f9f500f/screenshot - {}
RESULT: {}
]]></system-out>
    </testcase>
    <testcase classname="chrome.136_0_7103_93.windows.Related_resources_for_groups_US139107" name="Should create one more equipment using copy function and add it to the group" time="40.348">
      <failure/>
      <error message="element (&quot;//span[contains(@id ,&quot;actionsToolbar-overflowButton-img&quot;)]&quot;) still not clickable after 40000ms"/>
      <system-out><![CDATA[
COMMAND: POST /session/3eb0e4155c2b57a6446aa2da7f9f500f/element - {"using":"xpath","value":"//span[contains(@id ,\"actionsToolbar-overflowButton-img\")]"}
RESULT: {"using":"xpath","value":"//span[contains(@id ,\"actionsToolbar-overflowButton-img\")]"}
COMMAND: POST /session/3eb0e4155c2b57a6446aa2da7f9f500f/element - {"using":"xpath","value":"//span[contains(@id ,\"actionsToolbar-overflowButton-img\")]"}
RESULT: {"using":"xpath","value":"//span[contains(@id ,\"actionsToolbar-overflowButton-img\")]"}
COMMAND: POST /session/3eb0e4155c2b57a6446aa2da7f9f500f/element - {"using":"xpath","value":"//span[contains(@id ,\"actionsToolbar-overflowButton-img\")]"}
RESULT: {"using":"xpath","value":"//span[contains(@id ,\"actionsToolbar-overflowButton-img\")]"}
COMMAND: POST /session/3eb0e4155c2b57a6446aa2da7f9f500f/element - {"using":"xpath","value":"//span[contains(@id ,\"actionsToolbar-overflowButton-img\")]"}
RESULT: {"using":"xpath","value":"//span[contains(@id ,\"actionsToolbar-overflowButton-img\")]"}
COMMAND: POST /session/3eb0e4155c2b57a6446aa2da7f9f500f/element - {"using":"xpath","value":"//span[contains(@id ,\"actionsToolbar-overflowButton-img\")]"}
RESULT: {"using":"xpath","value":"//span[contains(@id ,\"actionsToolbar-overflowButton-img\")]"}
COMMAND: POST /session/3eb0e4155c2b57a6446aa2da7f9f500f/element - {"using":"xpath","value":"//span[contains(@id ,\"actionsToolbar-overflowButton-img\")]"}
RESULT: {"using":"xpath","value":"//span[contains(@id ,\"actionsToolbar-overflowButton-img\")]"}
COMMAND: POST /session/3eb0e4155c2b57a6446aa2da7f9f500f/element - {"using":"xpath","value":"//span[contains(@id ,\"actionsToolbar-overflowButton-img\")]"}
RESULT: {"using":"xpath","value":"//span[contains(@id ,\"actionsToolbar-overflowButton-img\")]"}
COMMAND: POST /session/3eb0e4155c2b57a6446aa2da7f9f500f/element - {"using":"xpath","value":"//span[contains(@id ,\"actionsToolbar-overflowButton-img\")]"}
RESULT: {"using":"xpath","value":"//span[contains(@id ,\"actionsToolbar-overflowButton-img\")]"}
COMMAND: POST /session/3eb0e4155c2b57a6446aa2da7f9f500f/element - {"using":"xpath","value":"//span[contains(@id ,\"actionsToolbar-overflowButton-img\")]"}
RESULT: {"using":"xpath","value":"//span[contains(@id ,\"actionsToolbar-overflowButton-img\")]"}
COMMAND: POST /session/3eb0e4155c2b57a6446aa2da7f9f500f/element - {"using":"xpath","value":"//span[contains(@id ,\"actionsToolbar-overflowButton-img\")]"}
RESULT: {"using":"xpath","value":"//span[contains(@id ,\"actionsToolbar-overflowButton-img\")]"}
COMMAND: POST /session/3eb0e4155c2b57a6446aa2da7f9f500f/element - {"using":"xpath","value":"//span[contains(@id ,\"actionsToolbar-overflowButton-img\")]"}
RESULT: {"using":"xpath","value":"//span[contains(@id ,\"actionsToolbar-overflowButton-img\")]"}
COMMAND: POST /session/3eb0e4155c2b57a6446aa2da7f9f500f/element - {"using":"xpath","value":"//span[contains(@id ,\"actionsToolbar-overflowButton-img\")]"}
RESULT: {"using":"xpath","value":"//span[contains(@id ,\"actionsToolbar-overflowButton-img\")]"}
COMMAND: POST /session/3eb0e4155c2b57a6446aa2da7f9f500f/element - {"using":"xpath","value":"//span[contains(@id ,\"actionsToolbar-overflowButton-img\")]"}
RESULT: {"using":"xpath","value":"//span[contains(@id ,\"actionsToolbar-overflowButton-img\")]"}
COMMAND: POST /session/3eb0e4155c2b57a6446aa2da7f9f500f/element - {"using":"xpath","value":"//span[contains(@id ,\"actionsToolbar-overflowButton-img\")]"}
RESULT: {"using":"xpath","value":"//span[contains(@id ,\"actionsToolbar-overflowButton-img\")]"}
COMMAND: POST /session/3eb0e4155c2b57a6446aa2da7f9f500f/element - {"using":"xpath","value":"//span[contains(@id ,\"actionsToolbar-overflowButton-img\")]"}
RESULT: {"using":"xpath","value":"//span[contains(@id ,\"actionsToolbar-overflowButton-img\")]"}
COMMAND: POST /session/3eb0e4155c2b57a6446aa2da7f9f500f/element - {"using":"xpath","value":"//span[contains(@id ,\"actionsToolbar-overflowButton-img\")]"}
RESULT: {"using":"xpath","value":"//span[contains(@id ,\"actionsToolbar-overflowButton-img\")]"}
COMMAND: POST /session/3eb0e4155c2b57a6446aa2da7f9f500f/element - {"using":"xpath","value":"//span[contains(@id ,\"actionsToolbar-overflowButton-img\")]"}
RESULT: {"using":"xpath","value":"//span[contains(@id ,\"actionsToolbar-overflowButton-img\")]"}
COMMAND: POST /session/3eb0e4155c2b57a6446aa2da7f9f500f/element - {"using":"xpath","value":"//span[contains(@id ,\"actionsToolbar-overflowButton-img\")]"}
RESULT: {"using":"xpath","value":"//span[contains(@id ,\"actionsToolbar-overflowButton-img\")]"}
COMMAND: POST /session/3eb0e4155c2b57a6446aa2da7f9f500f/element - {"using":"xpath","value":"//span[contains(@id ,\"actionsToolbar-overflowButton-img\")]"}
RESULT: {"using":"xpath","value":"//span[contains(@id ,\"actionsToolbar-overflowButton-img\")]"}
COMMAND: POST /session/3eb0e4155c2b57a6446aa2da7f9f500f/element - {"using":"xpath","value":"//span[contains(@id ,\"actionsToolbar-overflowButton-img\")]"}
RESULT: {"using":"xpath","value":"//span[contains(@id ,\"actionsToolbar-overflowButton-img\")]"}
COMMAND: POST /session/3eb0e4155c2b57a6446aa2da7f9f500f/element - {"using":"xpath","value":"//span[contains(@id ,\"actionsToolbar-overflowButton-img\")]"}
RESULT: {"using":"xpath","value":"//span[contains(@id ,\"actionsToolbar-overflowButton-img\")]"}
COMMAND: POST /session/3eb0e4155c2b57a6446aa2da7f9f500f/element - {"using":"xpath","value":"//span[contains(@id ,\"actionsToolbar-overflowButton-img\")]"}
RESULT: {"using":"xpath","value":"//span[contains(@id ,\"actionsToolbar-overflowButton-img\")]"}
COMMAND: POST /session/3eb0e4155c2b57a6446aa2da7f9f500f/element - {"using":"xpath","value":"//span[contains(@id ,\"actionsToolbar-overflowButton-img\")]"}
RESULT: {"using":"xpath","value":"//span[contains(@id ,\"actionsToolbar-overflowButton-img\")]"}
COMMAND: POST /session/3eb0e4155c2b57a6446aa2da7f9f500f/element - {"using":"xpath","value":"//span[contains(@id ,\"actionsToolbar-overflowButton-img\")]"}
RESULT: {"using":"xpath","value":"//span[contains(@id ,\"actionsToolbar-overflowButton-img\")]"}
COMMAND: POST /session/3eb0e4155c2b57a6446aa2da7f9f500f/element - {"using":"xpath","value":"//span[contains(@id ,\"actionsToolbar-overflowButton-img\")]"}
RESULT: {"using":"xpath","value":"//span[contains(@id ,\"actionsToolbar-overflowButton-img\")]"}
COMMAND: POST /session/3eb0e4155c2b57a6446aa2da7f9f500f/element - {"using":"xpath","value":"//span[contains(@id ,\"actionsToolbar-overflowButton-img\")]"}
RESULT: {"using":"xpath","value":"//span[contains(@id ,\"actionsToolbar-overflowButton-img\")]"}
COMMAND: POST /session/3eb0e4155c2b57a6446aa2da7f9f500f/element - {"using":"xpath","value":"//span[contains(@id ,\"actionsToolbar-overflowButton-img\")]"}
RESULT: {"using":"xpath","value":"//span[contains(@id ,\"actionsToolbar-overflowButton-img\")]"}
COMMAND: POST /session/3eb0e4155c2b57a6446aa2da7f9f500f/element - {"using":"xpath","value":"//span[contains(@id ,\"actionsToolbar-overflowButton-img\")]"}
RESULT: {"using":"xpath","value":"//span[contains(@id ,\"actionsToolbar-overflowButton-img\")]"}
COMMAND: POST /session/3eb0e4155c2b57a6446aa2da7f9f500f/element - {"using":"xpath","value":"//span[contains(@id ,\"actionsToolbar-overflowButton-img\")]"}
RESULT: {"using":"xpath","value":"//span[contains(@id ,\"actionsToolbar-overflowButton-img\")]"}
COMMAND: POST /session/3eb0e4155c2b57a6446aa2da7f9f500f/element - {"using":"xpath","value":"//span[contains(@id ,\"actionsToolbar-overflowButton-img\")]"}
RESULT: {"using":"xpath","value":"//span[contains(@id ,\"actionsToolbar-overflowButton-img\")]"}
COMMAND: POST /session/3eb0e4155c2b57a6446aa2da7f9f500f/element - {"using":"xpath","value":"//span[contains(@id ,\"actionsToolbar-overflowButton-img\")]"}
RESULT: {"using":"xpath","value":"//span[contains(@id ,\"actionsToolbar-overflowButton-img\")]"}
COMMAND: POST /session/3eb0e4155c2b57a6446aa2da7f9f500f/element - {"using":"xpath","value":"//span[contains(@id ,\"actionsToolbar-overflowButton-img\")]"}
RESULT: {"using":"xpath","value":"//span[contains(@id ,\"actionsToolbar-overflowButton-img\")]"}
COMMAND: POST /session/3eb0e4155c2b57a6446aa2da7f9f500f/element - {"using":"xpath","value":"//span[contains(@id ,\"actionsToolbar-overflowButton-img\")]"}
RESULT: {"using":"xpath","value":"//span[contains(@id ,\"actionsToolbar-overflowButton-img\")]"}
COMMAND: POST /session/3eb0e4155c2b57a6446aa2da7f9f500f/element - {"using":"xpath","value":"//span[contains(@id ,\"actionsToolbar-overflowButton-img\")]"}
RESULT: {"using":"xpath","value":"//span[contains(@id ,\"actionsToolbar-overflowButton-img\")]"}
COMMAND: POST /session/3eb0e4155c2b57a6446aa2da7f9f500f/element - {"using":"xpath","value":"//span[contains(@id ,\"actionsToolbar-overflowButton-img\")]"}
RESULT: {"using":"xpath","value":"//span[contains(@id ,\"actionsToolbar-overflowButton-img\")]"}
COMMAND: POST /session/3eb0e4155c2b57a6446aa2da7f9f500f/element - {"using":"xpath","value":"//span[contains(@id ,\"actionsToolbar-overflowButton-img\")]"}
RESULT: {"using":"xpath","value":"//span[contains(@id ,\"actionsToolbar-overflowButton-img\")]"}
COMMAND: POST /session/3eb0e4155c2b57a6446aa2da7f9f500f/element - {"using":"xpath","value":"//span[contains(@id ,\"actionsToolbar-overflowButton-img\")]"}
RESULT: {"using":"xpath","value":"//span[contains(@id ,\"actionsToolbar-overflowButton-img\")]"}
COMMAND: POST /session/3eb0e4155c2b57a6446aa2da7f9f500f/element - {"using":"xpath","value":"//span[contains(@id ,\"actionsToolbar-overflowButton-img\")]"}
RESULT: {"using":"xpath","value":"//span[contains(@id ,\"actionsToolbar-overflowButton-img\")]"}
COMMAND: POST /session/3eb0e4155c2b57a6446aa2da7f9f500f/element - {"using":"xpath","value":"//span[contains(@id ,\"actionsToolbar-overflowButton-img\")]"}
RESULT: {"using":"xpath","value":"//span[contains(@id ,\"actionsToolbar-overflowButton-img\")]"}
COMMAND: POST /session/3eb0e4155c2b57a6446aa2da7f9f500f/element - {"using":"xpath","value":"//span[contains(@id ,\"actionsToolbar-overflowButton-img\")]"}
RESULT: {"using":"xpath","value":"//span[contains(@id ,\"actionsToolbar-overflowButton-img\")]"}
COMMAND: POST /session/3eb0e4155c2b57a6446aa2da7f9f500f/element - {"using":"xpath","value":"//span[contains(@id ,\"actionsToolbar-overflowButton-img\")]"}
RESULT: {"using":"xpath","value":"//span[contains(@id ,\"actionsToolbar-overflowButton-img\")]"}
COMMAND: POST /session/3eb0e4155c2b57a6446aa2da7f9f500f/element - {"using":"xpath","value":"//span[contains(@id ,\"actionsToolbar-overflowButton-img\")]"}
RESULT: {"using":"xpath","value":"//span[contains(@id ,\"actionsToolbar-overflowButton-img\")]"}
COMMAND: POST /session/3eb0e4155c2b57a6446aa2da7f9f500f/element - {"using":"xpath","value":"//span[contains(@id ,\"actionsToolbar-overflowButton-img\")]"}
RESULT: {"using":"xpath","value":"//span[contains(@id ,\"actionsToolbar-overflowButton-img\")]"}
COMMAND: POST /session/3eb0e4155c2b57a6446aa2da7f9f500f/element - {"using":"xpath","value":"//span[contains(@id ,\"actionsToolbar-overflowButton-img\")]"}
RESULT: {"using":"xpath","value":"//span[contains(@id ,\"actionsToolbar-overflowButton-img\")]"}
COMMAND: POST /session/3eb0e4155c2b57a6446aa2da7f9f500f/element - {"using":"xpath","value":"//span[contains(@id ,\"actionsToolbar-overflowButton-img\")]"}
RESULT: {"using":"xpath","value":"//span[contains(@id ,\"actionsToolbar-overflowButton-img\")]"}
COMMAND: POST /session/3eb0e4155c2b57a6446aa2da7f9f500f/element - {"using":"xpath","value":"//span[contains(@id ,\"actionsToolbar-overflowButton-img\")]"}
RESULT: {"using":"xpath","value":"//span[contains(@id ,\"actionsToolbar-overflowButton-img\")]"}
COMMAND: POST /session/3eb0e4155c2b57a6446aa2da7f9f500f/element - {"using":"xpath","value":"//span[contains(@id ,\"actionsToolbar-overflowButton-img\")]"}
RESULT: {"using":"xpath","value":"//span[contains(@id ,\"actionsToolbar-overflowButton-img\")]"}
COMMAND: POST /session/3eb0e4155c2b57a6446aa2da7f9f500f/element - {"using":"xpath","value":"//span[contains(@id ,\"actionsToolbar-overflowButton-img\")]"}
RESULT: {"using":"xpath","value":"//span[contains(@id ,\"actionsToolbar-overflowButton-img\")]"}
COMMAND: POST /session/3eb0e4155c2b57a6446aa2da7f9f500f/element - {"using":"xpath","value":"//span[contains(@id ,\"actionsToolbar-overflowButton-img\")]"}
RESULT: {"using":"xpath","value":"//span[contains(@id ,\"actionsToolbar-overflowButton-img\")]"}
COMMAND: POST /session/3eb0e4155c2b57a6446aa2da7f9f500f/element - {"using":"xpath","value":"//span[contains(@id ,\"actionsToolbar-overflowButton-img\")]"}
RESULT: {"using":"xpath","value":"//span[contains(@id ,\"actionsToolbar-overflowButton-img\")]"}
COMMAND: POST /session/3eb0e4155c2b57a6446aa2da7f9f500f/element - {"using":"xpath","value":"//span[contains(@id ,\"actionsToolbar-overflowButton-img\")]"}
RESULT: {"using":"xpath","value":"//span[contains(@id ,\"actionsToolbar-overflowButton-img\")]"}
COMMAND: POST /session/3eb0e4155c2b57a6446aa2da7f9f500f/element - {"using":"xpath","value":"//span[contains(@id ,\"actionsToolbar-overflowButton-img\")]"}
RESULT: {"using":"xpath","value":"//span[contains(@id ,\"actionsToolbar-overflowButton-img\")]"}
COMMAND: POST /session/3eb0e4155c2b57a6446aa2da7f9f500f/element - {"using":"xpath","value":"//span[contains(@id ,\"actionsToolbar-overflowButton-img\")]"}
RESULT: {"using":"xpath","value":"//span[contains(@id ,\"actionsToolbar-overflowButton-img\")]"}
COMMAND: POST /session/3eb0e4155c2b57a6446aa2da7f9f500f/element - {"using":"xpath","value":"//span[contains(@id ,\"actionsToolbar-overflowButton-img\")]"}
RESULT: {"using":"xpath","value":"//span[contains(@id ,\"actionsToolbar-overflowButton-img\")]"}
COMMAND: POST /session/3eb0e4155c2b57a6446aa2da7f9f500f/element - {"using":"xpath","value":"//span[contains(@id ,\"actionsToolbar-overflowButton-img\")]"}
RESULT: {"using":"xpath","value":"//span[contains(@id ,\"actionsToolbar-overflowButton-img\")]"}
COMMAND: POST /session/3eb0e4155c2b57a6446aa2da7f9f500f/element - {"using":"xpath","value":"//span[contains(@id ,\"actionsToolbar-overflowButton-img\")]"}
RESULT: {"using":"xpath","value":"//span[contains(@id ,\"actionsToolbar-overflowButton-img\")]"}
COMMAND: POST /session/3eb0e4155c2b57a6446aa2da7f9f500f/element - {"using":"xpath","value":"//span[contains(@id ,\"actionsToolbar-overflowButton-img\")]"}
RESULT: {"using":"xpath","value":"//span[contains(@id ,\"actionsToolbar-overflowButton-img\")]"}
COMMAND: POST /session/3eb0e4155c2b57a6446aa2da7f9f500f/element - {"using":"xpath","value":"//span[contains(@id ,\"actionsToolbar-overflowButton-img\")]"}
RESULT: {"using":"xpath","value":"//span[contains(@id ,\"actionsToolbar-overflowButton-img\")]"}
COMMAND: POST /session/3eb0e4155c2b57a6446aa2da7f9f500f/element - {"using":"xpath","value":"//span[contains(@id ,\"actionsToolbar-overflowButton-img\")]"}
RESULT: {"using":"xpath","value":"//span[contains(@id ,\"actionsToolbar-overflowButton-img\")]"}
COMMAND: POST /session/3eb0e4155c2b57a6446aa2da7f9f500f/element - {"using":"xpath","value":"//span[contains(@id ,\"actionsToolbar-overflowButton-img\")]"}
RESULT: {"using":"xpath","value":"//span[contains(@id ,\"actionsToolbar-overflowButton-img\")]"}
COMMAND: POST /session/3eb0e4155c2b57a6446aa2da7f9f500f/element - {"using":"xpath","value":"//span[contains(@id ,\"actionsToolbar-overflowButton-img\")]"}
RESULT: {"using":"xpath","value":"//span[contains(@id ,\"actionsToolbar-overflowButton-img\")]"}
COMMAND: POST /session/3eb0e4155c2b57a6446aa2da7f9f500f/element - {"using":"xpath","value":"//span[contains(@id ,\"actionsToolbar-overflowButton-img\")]"}
RESULT: {"using":"xpath","value":"//span[contains(@id ,\"actionsToolbar-overflowButton-img\")]"}
COMMAND: POST /session/3eb0e4155c2b57a6446aa2da7f9f500f/element - {"using":"xpath","value":"//span[contains(@id ,\"actionsToolbar-overflowButton-img\")]"}
RESULT: {"using":"xpath","value":"//span[contains(@id ,\"actionsToolbar-overflowButton-img\")]"}
COMMAND: POST /session/3eb0e4155c2b57a6446aa2da7f9f500f/element - {"using":"xpath","value":"//span[contains(@id ,\"actionsToolbar-overflowButton-img\")]"}
RESULT: {"using":"xpath","value":"//span[contains(@id ,\"actionsToolbar-overflowButton-img\")]"}
COMMAND: POST /session/3eb0e4155c2b57a6446aa2da7f9f500f/element - {"using":"xpath","value":"//span[contains(@id ,\"actionsToolbar-overflowButton-img\")]"}
RESULT: {"using":"xpath","value":"//span[contains(@id ,\"actionsToolbar-overflowButton-img\")]"}
COMMAND: POST /session/3eb0e4155c2b57a6446aa2da7f9f500f/element - {"using":"xpath","value":"//span[contains(@id ,\"actionsToolbar-overflowButton-img\")]"}
RESULT: {"using":"xpath","value":"//span[contains(@id ,\"actionsToolbar-overflowButton-img\")]"}
COMMAND: POST /session/3eb0e4155c2b57a6446aa2da7f9f500f/element - {"using":"xpath","value":"//span[contains(@id ,\"actionsToolbar-overflowButton-img\")]"}
RESULT: {"using":"xpath","value":"//span[contains(@id ,\"actionsToolbar-overflowButton-img\")]"}
COMMAND: POST /session/3eb0e4155c2b57a6446aa2da7f9f500f/element - {"using":"xpath","value":"//span[contains(@id ,\"actionsToolbar-overflowButton-img\")]"}
RESULT: {"using":"xpath","value":"//span[contains(@id ,\"actionsToolbar-overflowButton-img\")]"}
COMMAND: POST /session/3eb0e4155c2b57a6446aa2da7f9f500f/element - {"using":"xpath","value":"//span[contains(@id ,\"actionsToolbar-overflowButton-img\")]"}
RESULT: {"using":"xpath","value":"//span[contains(@id ,\"actionsToolbar-overflowButton-img\")]"}
COMMAND: POST /session/3eb0e4155c2b57a6446aa2da7f9f500f/element - {"using":"xpath","value":"//span[contains(@id ,\"actionsToolbar-overflowButton-img\")]"}
RESULT: {"using":"xpath","value":"//span[contains(@id ,\"actionsToolbar-overflowButton-img\")]"}
COMMAND: POST /session/3eb0e4155c2b57a6446aa2da7f9f500f/element - {"using":"xpath","value":"//span[contains(@id ,\"actionsToolbar-overflowButton-img\")]"}
RESULT: {"using":"xpath","value":"//span[contains(@id ,\"actionsToolbar-overflowButton-img\")]"}
COMMAND: POST /session/3eb0e4155c2b57a6446aa2da7f9f500f/element - {"using":"xpath","value":"//span[contains(@id ,\"actionsToolbar-overflowButton-img\")]"}
RESULT: {"using":"xpath","value":"//span[contains(@id ,\"actionsToolbar-overflowButton-img\")]"}
COMMAND: POST /session/3eb0e4155c2b57a6446aa2da7f9f500f/element - {"using":"xpath","value":"//span[contains(@id ,\"actionsToolbar-overflowButton-img\")]"}
RESULT: {"using":"xpath","value":"//span[contains(@id ,\"actionsToolbar-overflowButton-img\")]"}
COMMAND: POST /session/3eb0e4155c2b57a6446aa2da7f9f500f/element - {"using":"xpath","value":"//span[contains(@id ,\"actionsToolbar-overflowButton-img\")]"}
RESULT: {"using":"xpath","value":"//span[contains(@id ,\"actionsToolbar-overflowButton-img\")]"}
COMMAND: POST /session/3eb0e4155c2b57a6446aa2da7f9f500f/element - {"using":"xpath","value":"//span[contains(@id ,\"actionsToolbar-overflowButton-img\")]"}
RESULT: {"using":"xpath","value":"//span[contains(@id ,\"actionsToolbar-overflowButton-img\")]"}
COMMAND: POST /session/3eb0e4155c2b57a6446aa2da7f9f500f/element - {"using":"xpath","value":"//span[contains(@id ,\"actionsToolbar-overflowButton-img\")]"}
RESULT: {"using":"xpath","value":"//span[contains(@id ,\"actionsToolbar-overflowButton-img\")]"}
COMMAND: POST /session/3eb0e4155c2b57a6446aa2da7f9f500f/element - {"using":"xpath","value":"//span[contains(@id ,\"actionsToolbar-overflowButton-img\")]"}
RESULT: {"using":"xpath","value":"//span[contains(@id ,\"actionsToolbar-overflowButton-img\")]"}
COMMAND: POST /session/3eb0e4155c2b57a6446aa2da7f9f500f/element - {"using":"xpath","value":"//span[contains(@id ,\"actionsToolbar-overflowButton-img\")]"}
RESULT: {"using":"xpath","value":"//span[contains(@id ,\"actionsToolbar-overflowButton-img\")]"}
COMMAND: POST /session/3eb0e4155c2b57a6446aa2da7f9f500f/element - {"using":"xpath","value":"//span[contains(@id ,\"actionsToolbar-overflowButton-img\")]"}
RESULT: {"using":"xpath","value":"//span[contains(@id ,\"actionsToolbar-overflowButton-img\")]"}
COMMAND: POST /session/3eb0e4155c2b57a6446aa2da7f9f500f/element - {"using":"xpath","value":"//span[contains(@id ,\"actionsToolbar-overflowButton-img\")]"}
RESULT: {"using":"xpath","value":"//span[contains(@id ,\"actionsToolbar-overflowButton-img\")]"}
COMMAND: POST /session/3eb0e4155c2b57a6446aa2da7f9f500f/element - {"using":"xpath","value":"//span[contains(@id ,\"actionsToolbar-overflowButton-img\")]"}
RESULT: {"using":"xpath","value":"//span[contains(@id ,\"actionsToolbar-overflowButton-img\")]"}
COMMAND: GET /session/3eb0e4155c2b57a6446aa2da7f9f500f/screenshot - {}
RESULT: {}
]]></system-out>
      <system-err><![CDATA[
Error: element ("//span[contains(@id ,"actionsToolbar-overflowButton-img")]") still not clickable after 40000ms
    at async Context.<anonymous> (D:\a\1\s\test\specs\R2C\related-resources-area-rpg.spec.js:581:9)
]]></system-err>
    </testcase>
    <testcase classname="chrome.136_0_7103_93.windows.Related_resources_for_groups_US139107" name="Should verify the Yard Overview hyperlinks in related resource" time="66.949">
      <failure/>
      <error message="element (&quot;//*[contains(@data-kt ,&quot;openRUIdMenuLink&quot;)]&quot;) still not clickable after 40000ms"/>
      <system-out><![CDATA[
COMMAND: POST /session/3eb0e4155c2b57a6446aa2da7f9f500f/execute/async - {"script":"<script> [1562 bytes]","args":[{"selector":{"controlType":"sap.ui.core.Icon","viewName":"etm.portal.ui.manageresources.view.Detail","viewId":"application-manageresources-display-component---detailRU","properties":{"src":{"regex":{"source":"decline"}}}},"wdio_ui5_key":"etmportal.ui.manageresources.view.Detailsap.ui.core.Icon{\"src\":{\"regex\":{\"source\":\"decline\"}}}"}]}
COMMAND: GET /session/3eb0e4155c2b57a6446aa2da7f9f500f/screenshot - {}
RESULT: {"script":"<script> [1562 bytes]","args":[{"selector":{"controlType":"sap.ui.core.Icon","viewName":"etm.portal.ui.manageresources.view.Detail","viewId":"application-manageresources-display-component---detailRU","properties":{"src":{"regex":{"source":"decline"}}}},"wdio_ui5_key":"etmportal.ui.manageresources.view.Detailsap.ui.core.Icon{\"src\":{\"regex\":{\"source\":\"decline\"}}}"}]}
RESULT: undefined
RESULT: {}
COMMAND: POST /session/3eb0e4155c2b57a6446aa2da7f9f500f/element - {"using":"xpath","value":"//input[contains(@id ,\"application-manageresources-display-component---masterRU--smartFilterBar-btnBasicSearch-I\")]"}
RESULT: {"using":"xpath","value":"//input[contains(@id ,\"application-manageresources-display-component---masterRU--smartFilterBar-btnBasicSearch-I\")]"}
COMMAND: POST /session/3eb0e4155c2b57a6446aa2da7f9f500f/element/f.CF43E92F277BAF6A063512B5A94BBE36.d.43BE2305B104BC1636F58E3CD5A64EFA.e.1759/value - {"text":"WdIORUGroup5g5wdk"}
RESULT: {"text":"WdIORUGroup5g5wdk"}
COMMAND: GET /session/3eb0e4155c2b57a6446aa2da7f9f500f/screenshot - {}
RESULT: {}
COMMAND: POST /session/3eb0e4155c2b57a6446aa2da7f9f500f/actions - {"actions":[{"id":"action9","type":"key","parameters":{},"actions":[{"type":"keyDown","value":""},{"type":"pause","duration":10},{"type":"keyUp","value":""}]}]}
RESULT: {"actions":[{"id":"action9","type":"key","parameters":{},"actions":[{"type":"keyDown","value":""},{"type":"pause","duration":10},{"type":"keyUp","value":""}]}]}
COMMAND: GET /session/3eb0e4155c2b57a6446aa2da7f9f500f/screenshot - {}
RESULT: {}
COMMAND: POST /session/3eb0e4155c2b57a6446aa2da7f9f500f/execute/async - {"script":"<script> [1562 bytes]","args":[{"selector":{"controlType":"sap.ui.core.Icon","viewName":"etm.portal.ui.manageresources.view.Master","viewId":"application-manageresources-display-component---masterRU","properties":{"src":{"regex":{"source":"slim\\-arrow\\-right"}}}},"wdio_ui5_key":"etmportal.ui.manageresources.view.Mastersap.ui.core.Icon{\"src\":{\"regex\":{\"source\":\"slim\\\\-arrow\\\\-right\"}}}"}]}
RESULT: {"script":"<script> [1562 bytes]","args":[{"selector":{"controlType":"sap.ui.core.Icon","viewName":"etm.portal.ui.manageresources.view.Master","viewId":"application-manageresources-display-component---masterRU","properties":{"src":{"regex":{"source":"slim\\-arrow\\-right"}}}},"wdio_ui5_key":"etmportal.ui.manageresources.view.Mastersap.ui.core.Icon{\"src\":{\"regex\":{\"source\":\"slim\\\\-arrow\\\\-right\"}}}"}]}
RESULT: undefined
COMMAND: POST /session/3eb0e4155c2b57a6446aa2da7f9f500f/element - {"using":"xpath","value":"//*[@id=\"__item687-__clone1794-imgNav\"]"}
RESULT: {"using":"xpath","value":"//*[@id=\"__item687-__clone1794-imgNav\"]"}
COMMAND: POST /session/3eb0e4155c2b57a6446aa2da7f9f500f/element/f.CF43E92F277BAF6A063512B5A94BBE36.d.43BE2305B104BC1636F58E3CD5A64EFA.e.1928/click - {}
RESULT: {}
COMMAND: GET /session/3eb0e4155c2b57a6446aa2da7f9f500f/screenshot - {}
RESULT: {}
COMMAND: POST /session/3eb0e4155c2b57a6446aa2da7f9f500f/element - {"using":"xpath","value":"//bdi[contains(@id ,\"application-manageresources-display-component---detailRU--openRelatedRus-BDI-content\")]"}
RESULT: {"using":"xpath","value":"//bdi[contains(@id ,\"application-manageresources-display-component---detailRU--openRelatedRus-BDI-content\")]"}
COMMAND: POST /session/3eb0e4155c2b57a6446aa2da7f9f500f/execute/sync - {"script":"<script> [8489 bytes]","args":[{"element-6066-11e4-a52e-4f735466cecf":"f.CF43E92F277BAF6A063512B5A94BBE36.d.43BE2305B104BC1636F58E3CD5A64EFA.e.2554","ELEMENT":"f.CF43E92F277BAF6A063512B5A94BBE36.d.43BE2305B104BC1636F58E3CD5A64EFA.e.2554"}]}
RESULT: {"script":"<script> [8489 bytes]","args":[{"element-6066-11e4-a52e-4f735466cecf":"f.CF43E92F277BAF6A063512B5A94BBE36.d.43BE2305B104BC1636F58E3CD5A64EFA.e.2554","ELEMENT":"f.CF43E92F277BAF6A063512B5A94BBE36.d.43BE2305B104BC1636F58E3CD5A64EFA.e.2554"}]}
COMMAND: POST /session/3eb0e4155c2b57a6446aa2da7f9f500f/execute/sync - {"script":"<script> [5351 bytes]","args":[{"element-6066-11e4-a52e-4f735466cecf":"f.CF43E92F277BAF6A063512B5A94BBE36.d.43BE2305B104BC1636F58E3CD5A64EFA.e.2554","ELEMENT":"f.CF43E92F277BAF6A063512B5A94BBE36.d.43BE2305B104BC1636F58E3CD5A64EFA.e.2554"}]}
COMMAND: GET /session/3eb0e4155c2b57a6446aa2da7f9f500f/screenshot - {}
RESULT: {"script":"<script> [5351 bytes]","args":[{"element-6066-11e4-a52e-4f735466cecf":"f.CF43E92F277BAF6A063512B5A94BBE36.d.43BE2305B104BC1636F58E3CD5A64EFA.e.2554","ELEMENT":"f.CF43E92F277BAF6A063512B5A94BBE36.d.43BE2305B104BC1636F58E3CD5A64EFA.e.2554"}]}
COMMAND: POST /session/3eb0e4155c2b57a6446aa2da7f9f500f/element/f.CF43E92F277BAF6A063512B5A94BBE36.d.43BE2305B104BC1636F58E3CD5A64EFA.e.2554/click - {}
COMMAND: GET /session/3eb0e4155c2b57a6446aa2da7f9f500f/screenshot - {}
RESULT: {}
RESULT: {}
COMMAND: GET /session/3eb0e4155c2b57a6446aa2da7f9f500f/screenshot - {}
RESULT: {}
RESULT: {}
COMMAND: POST /session/3eb0e4155c2b57a6446aa2da7f9f500f/element - {"using":"xpath","value":"//*[contains(@data-kt ,\"openRUIdMenuLink\")]"}
RESULT: {"using":"xpath","value":"//*[contains(@data-kt ,\"openRUIdMenuLink\")]"}
COMMAND: POST /session/3eb0e4155c2b57a6446aa2da7f9f500f/element - {"using":"xpath","value":"//*[contains(@data-kt ,\"openRUIdMenuLink\")]"}
RESULT: {"using":"xpath","value":"//*[contains(@data-kt ,\"openRUIdMenuLink\")]"}
COMMAND: POST /session/3eb0e4155c2b57a6446aa2da7f9f500f/element - {"using":"xpath","value":"//*[contains(@data-kt ,\"openRUIdMenuLink\")]"}
RESULT: {"using":"xpath","value":"//*[contains(@data-kt ,\"openRUIdMenuLink\")]"}
COMMAND: POST /session/3eb0e4155c2b57a6446aa2da7f9f500f/element - {"using":"xpath","value":"//*[contains(@data-kt ,\"openRUIdMenuLink\")]"}
RESULT: {"using":"xpath","value":"//*[contains(@data-kt ,\"openRUIdMenuLink\")]"}
COMMAND: POST /session/3eb0e4155c2b57a6446aa2da7f9f500f/element - {"using":"xpath","value":"//*[contains(@data-kt ,\"openRUIdMenuLink\")]"}
RESULT: {"using":"xpath","value":"//*[contains(@data-kt ,\"openRUIdMenuLink\")]"}
COMMAND: POST /session/3eb0e4155c2b57a6446aa2da7f9f500f/element - {"using":"xpath","value":"//*[contains(@data-kt ,\"openRUIdMenuLink\")]"}
RESULT: {"using":"xpath","value":"//*[contains(@data-kt ,\"openRUIdMenuLink\")]"}
COMMAND: POST /session/3eb0e4155c2b57a6446aa2da7f9f500f/element - {"using":"xpath","value":"//*[contains(@data-kt ,\"openRUIdMenuLink\")]"}
RESULT: {"using":"xpath","value":"//*[contains(@data-kt ,\"openRUIdMenuLink\")]"}
COMMAND: POST /session/3eb0e4155c2b57a6446aa2da7f9f500f/element - {"using":"xpath","value":"//*[contains(@data-kt ,\"openRUIdMenuLink\")]"}
RESULT: {"using":"xpath","value":"//*[contains(@data-kt ,\"openRUIdMenuLink\")]"}
COMMAND: POST /session/3eb0e4155c2b57a6446aa2da7f9f500f/element - {"using":"xpath","value":"//*[contains(@data-kt ,\"openRUIdMenuLink\")]"}
RESULT: {"using":"xpath","value":"//*[contains(@data-kt ,\"openRUIdMenuLink\")]"}
COMMAND: POST /session/3eb0e4155c2b57a6446aa2da7f9f500f/element - {"using":"xpath","value":"//*[contains(@data-kt ,\"openRUIdMenuLink\")]"}
RESULT: {"using":"xpath","value":"//*[contains(@data-kt ,\"openRUIdMenuLink\")]"}
COMMAND: POST /session/3eb0e4155c2b57a6446aa2da7f9f500f/element - {"using":"xpath","value":"//*[contains(@data-kt ,\"openRUIdMenuLink\")]"}
RESULT: {"using":"xpath","value":"//*[contains(@data-kt ,\"openRUIdMenuLink\")]"}
COMMAND: POST /session/3eb0e4155c2b57a6446aa2da7f9f500f/element - {"using":"xpath","value":"//*[contains(@data-kt ,\"openRUIdMenuLink\")]"}
RESULT: {"using":"xpath","value":"//*[contains(@data-kt ,\"openRUIdMenuLink\")]"}
COMMAND: POST /session/3eb0e4155c2b57a6446aa2da7f9f500f/element - {"using":"xpath","value":"//*[contains(@data-kt ,\"openRUIdMenuLink\")]"}
RESULT: {"using":"xpath","value":"//*[contains(@data-kt ,\"openRUIdMenuLink\")]"}
COMMAND: POST /session/3eb0e4155c2b57a6446aa2da7f9f500f/element - {"using":"xpath","value":"//*[contains(@data-kt ,\"openRUIdMenuLink\")]"}
RESULT: {"using":"xpath","value":"//*[contains(@data-kt ,\"openRUIdMenuLink\")]"}
COMMAND: POST /session/3eb0e4155c2b57a6446aa2da7f9f500f/element - {"using":"xpath","value":"//*[contains(@data-kt ,\"openRUIdMenuLink\")]"}
RESULT: {"using":"xpath","value":"//*[contains(@data-kt ,\"openRUIdMenuLink\")]"}
COMMAND: POST /session/3eb0e4155c2b57a6446aa2da7f9f500f/element - {"using":"xpath","value":"//*[contains(@data-kt ,\"openRUIdMenuLink\")]"}
RESULT: {"using":"xpath","value":"//*[contains(@data-kt ,\"openRUIdMenuLink\")]"}
COMMAND: POST /session/3eb0e4155c2b57a6446aa2da7f9f500f/element - {"using":"xpath","value":"//*[contains(@data-kt ,\"openRUIdMenuLink\")]"}
RESULT: {"using":"xpath","value":"//*[contains(@data-kt ,\"openRUIdMenuLink\")]"}
COMMAND: POST /session/3eb0e4155c2b57a6446aa2da7f9f500f/element - {"using":"xpath","value":"//*[contains(@data-kt ,\"openRUIdMenuLink\")]"}
RESULT: {"using":"xpath","value":"//*[contains(@data-kt ,\"openRUIdMenuLink\")]"}
COMMAND: POST /session/3eb0e4155c2b57a6446aa2da7f9f500f/element - {"using":"xpath","value":"//*[contains(@data-kt ,\"openRUIdMenuLink\")]"}
RESULT: {"using":"xpath","value":"//*[contains(@data-kt ,\"openRUIdMenuLink\")]"}
COMMAND: POST /session/3eb0e4155c2b57a6446aa2da7f9f500f/element - {"using":"xpath","value":"//*[contains(@data-kt ,\"openRUIdMenuLink\")]"}
RESULT: {"using":"xpath","value":"//*[contains(@data-kt ,\"openRUIdMenuLink\")]"}
COMMAND: POST /session/3eb0e4155c2b57a6446aa2da7f9f500f/element - {"using":"xpath","value":"//*[contains(@data-kt ,\"openRUIdMenuLink\")]"}
RESULT: {"using":"xpath","value":"//*[contains(@data-kt ,\"openRUIdMenuLink\")]"}
COMMAND: POST /session/3eb0e4155c2b57a6446aa2da7f9f500f/element - {"using":"xpath","value":"//*[contains(@data-kt ,\"openRUIdMenuLink\")]"}
RESULT: {"using":"xpath","value":"//*[contains(@data-kt ,\"openRUIdMenuLink\")]"}
COMMAND: POST /session/3eb0e4155c2b57a6446aa2da7f9f500f/element - {"using":"xpath","value":"//*[contains(@data-kt ,\"openRUIdMenuLink\")]"}
RESULT: {"using":"xpath","value":"//*[contains(@data-kt ,\"openRUIdMenuLink\")]"}
COMMAND: POST /session/3eb0e4155c2b57a6446aa2da7f9f500f/element - {"using":"xpath","value":"//*[contains(@data-kt ,\"openRUIdMenuLink\")]"}
RESULT: {"using":"xpath","value":"//*[contains(@data-kt ,\"openRUIdMenuLink\")]"}
COMMAND: POST /session/3eb0e4155c2b57a6446aa2da7f9f500f/element - {"using":"xpath","value":"//*[contains(@data-kt ,\"openRUIdMenuLink\")]"}
RESULT: {"using":"xpath","value":"//*[contains(@data-kt ,\"openRUIdMenuLink\")]"}
COMMAND: POST /session/3eb0e4155c2b57a6446aa2da7f9f500f/element - {"using":"xpath","value":"//*[contains(@data-kt ,\"openRUIdMenuLink\")]"}
RESULT: {"using":"xpath","value":"//*[contains(@data-kt ,\"openRUIdMenuLink\")]"}
COMMAND: POST /session/3eb0e4155c2b57a6446aa2da7f9f500f/element - {"using":"xpath","value":"//*[contains(@data-kt ,\"openRUIdMenuLink\")]"}
RESULT: {"using":"xpath","value":"//*[contains(@data-kt ,\"openRUIdMenuLink\")]"}
COMMAND: POST /session/3eb0e4155c2b57a6446aa2da7f9f500f/element - {"using":"xpath","value":"//*[contains(@data-kt ,\"openRUIdMenuLink\")]"}
RESULT: {"using":"xpath","value":"//*[contains(@data-kt ,\"openRUIdMenuLink\")]"}
COMMAND: POST /session/3eb0e4155c2b57a6446aa2da7f9f500f/element - {"using":"xpath","value":"//*[contains(@data-kt ,\"openRUIdMenuLink\")]"}
RESULT: {"using":"xpath","value":"//*[contains(@data-kt ,\"openRUIdMenuLink\")]"}
COMMAND: POST /session/3eb0e4155c2b57a6446aa2da7f9f500f/element - {"using":"xpath","value":"//*[contains(@data-kt ,\"openRUIdMenuLink\")]"}
RESULT: {"using":"xpath","value":"//*[contains(@data-kt ,\"openRUIdMenuLink\")]"}
COMMAND: POST /session/3eb0e4155c2b57a6446aa2da7f9f500f/element - {"using":"xpath","value":"//*[contains(@data-kt ,\"openRUIdMenuLink\")]"}
RESULT: {"using":"xpath","value":"//*[contains(@data-kt ,\"openRUIdMenuLink\")]"}
COMMAND: POST /session/3eb0e4155c2b57a6446aa2da7f9f500f/element - {"using":"xpath","value":"//*[contains(@data-kt ,\"openRUIdMenuLink\")]"}
RESULT: {"using":"xpath","value":"//*[contains(@data-kt ,\"openRUIdMenuLink\")]"}
COMMAND: POST /session/3eb0e4155c2b57a6446aa2da7f9f500f/element - {"using":"xpath","value":"//*[contains(@data-kt ,\"openRUIdMenuLink\")]"}
RESULT: {"using":"xpath","value":"//*[contains(@data-kt ,\"openRUIdMenuLink\")]"}
COMMAND: POST /session/3eb0e4155c2b57a6446aa2da7f9f500f/element - {"using":"xpath","value":"//*[contains(@data-kt ,\"openRUIdMenuLink\")]"}
RESULT: {"using":"xpath","value":"//*[contains(@data-kt ,\"openRUIdMenuLink\")]"}
COMMAND: POST /session/3eb0e4155c2b57a6446aa2da7f9f500f/element - {"using":"xpath","value":"//*[contains(@data-kt ,\"openRUIdMenuLink\")]"}
RESULT: {"using":"xpath","value":"//*[contains(@data-kt ,\"openRUIdMenuLink\")]"}
COMMAND: POST /session/3eb0e4155c2b57a6446aa2da7f9f500f/element - {"using":"xpath","value":"//*[contains(@data-kt ,\"openRUIdMenuLink\")]"}
RESULT: {"using":"xpath","value":"//*[contains(@data-kt ,\"openRUIdMenuLink\")]"}
COMMAND: POST /session/3eb0e4155c2b57a6446aa2da7f9f500f/element - {"using":"xpath","value":"//*[contains(@data-kt ,\"openRUIdMenuLink\")]"}
RESULT: {"using":"xpath","value":"//*[contains(@data-kt ,\"openRUIdMenuLink\")]"}
COMMAND: POST /session/3eb0e4155c2b57a6446aa2da7f9f500f/element - {"using":"xpath","value":"//*[contains(@data-kt ,\"openRUIdMenuLink\")]"}
RESULT: {"using":"xpath","value":"//*[contains(@data-kt ,\"openRUIdMenuLink\")]"}
COMMAND: POST /session/3eb0e4155c2b57a6446aa2da7f9f500f/element - {"using":"xpath","value":"//*[contains(@data-kt ,\"openRUIdMenuLink\")]"}
RESULT: {"using":"xpath","value":"//*[contains(@data-kt ,\"openRUIdMenuLink\")]"}
COMMAND: POST /session/3eb0e4155c2b57a6446aa2da7f9f500f/element - {"using":"xpath","value":"//*[contains(@data-kt ,\"openRUIdMenuLink\")]"}
RESULT: {"using":"xpath","value":"//*[contains(@data-kt ,\"openRUIdMenuLink\")]"}
COMMAND: POST /session/3eb0e4155c2b57a6446aa2da7f9f500f/element - {"using":"xpath","value":"//*[contains(@data-kt ,\"openRUIdMenuLink\")]"}
RESULT: {"using":"xpath","value":"//*[contains(@data-kt ,\"openRUIdMenuLink\")]"}
COMMAND: POST /session/3eb0e4155c2b57a6446aa2da7f9f500f/element - {"using":"xpath","value":"//*[contains(@data-kt ,\"openRUIdMenuLink\")]"}
RESULT: {"using":"xpath","value":"//*[contains(@data-kt ,\"openRUIdMenuLink\")]"}
COMMAND: POST /session/3eb0e4155c2b57a6446aa2da7f9f500f/element - {"using":"xpath","value":"//*[contains(@data-kt ,\"openRUIdMenuLink\")]"}
RESULT: {"using":"xpath","value":"//*[contains(@data-kt ,\"openRUIdMenuLink\")]"}
COMMAND: POST /session/3eb0e4155c2b57a6446aa2da7f9f500f/element - {"using":"xpath","value":"//*[contains(@data-kt ,\"openRUIdMenuLink\")]"}
RESULT: {"using":"xpath","value":"//*[contains(@data-kt ,\"openRUIdMenuLink\")]"}
COMMAND: POST /session/3eb0e4155c2b57a6446aa2da7f9f500f/element - {"using":"xpath","value":"//*[contains(@data-kt ,\"openRUIdMenuLink\")]"}
RESULT: {"using":"xpath","value":"//*[contains(@data-kt ,\"openRUIdMenuLink\")]"}
COMMAND: POST /session/3eb0e4155c2b57a6446aa2da7f9f500f/element - {"using":"xpath","value":"//*[contains(@data-kt ,\"openRUIdMenuLink\")]"}
RESULT: {"using":"xpath","value":"//*[contains(@data-kt ,\"openRUIdMenuLink\")]"}
COMMAND: POST /session/3eb0e4155c2b57a6446aa2da7f9f500f/element - {"using":"xpath","value":"//*[contains(@data-kt ,\"openRUIdMenuLink\")]"}
RESULT: {"using":"xpath","value":"//*[contains(@data-kt ,\"openRUIdMenuLink\")]"}
COMMAND: POST /session/3eb0e4155c2b57a6446aa2da7f9f500f/element - {"using":"xpath","value":"//*[contains(@data-kt ,\"openRUIdMenuLink\")]"}
RESULT: {"using":"xpath","value":"//*[contains(@data-kt ,\"openRUIdMenuLink\")]"}
COMMAND: POST /session/3eb0e4155c2b57a6446aa2da7f9f500f/element - {"using":"xpath","value":"//*[contains(@data-kt ,\"openRUIdMenuLink\")]"}
RESULT: {"using":"xpath","value":"//*[contains(@data-kt ,\"openRUIdMenuLink\")]"}
COMMAND: POST /session/3eb0e4155c2b57a6446aa2da7f9f500f/element - {"using":"xpath","value":"//*[contains(@data-kt ,\"openRUIdMenuLink\")]"}
RESULT: {"using":"xpath","value":"//*[contains(@data-kt ,\"openRUIdMenuLink\")]"}
COMMAND: POST /session/3eb0e4155c2b57a6446aa2da7f9f500f/element - {"using":"xpath","value":"//*[contains(@data-kt ,\"openRUIdMenuLink\")]"}
RESULT: {"using":"xpath","value":"//*[contains(@data-kt ,\"openRUIdMenuLink\")]"}
COMMAND: POST /session/3eb0e4155c2b57a6446aa2da7f9f500f/element - {"using":"xpath","value":"//*[contains(@data-kt ,\"openRUIdMenuLink\")]"}
RESULT: {"using":"xpath","value":"//*[contains(@data-kt ,\"openRUIdMenuLink\")]"}
COMMAND: POST /session/3eb0e4155c2b57a6446aa2da7f9f500f/element - {"using":"xpath","value":"//*[contains(@data-kt ,\"openRUIdMenuLink\")]"}
RESULT: {"using":"xpath","value":"//*[contains(@data-kt ,\"openRUIdMenuLink\")]"}
COMMAND: POST /session/3eb0e4155c2b57a6446aa2da7f9f500f/element - {"using":"xpath","value":"//*[contains(@data-kt ,\"openRUIdMenuLink\")]"}
RESULT: {"using":"xpath","value":"//*[contains(@data-kt ,\"openRUIdMenuLink\")]"}
COMMAND: POST /session/3eb0e4155c2b57a6446aa2da7f9f500f/element - {"using":"xpath","value":"//*[contains(@data-kt ,\"openRUIdMenuLink\")]"}
RESULT: {"using":"xpath","value":"//*[contains(@data-kt ,\"openRUIdMenuLink\")]"}
COMMAND: POST /session/3eb0e4155c2b57a6446aa2da7f9f500f/element - {"using":"xpath","value":"//*[contains(@data-kt ,\"openRUIdMenuLink\")]"}
RESULT: {"using":"xpath","value":"//*[contains(@data-kt ,\"openRUIdMenuLink\")]"}
COMMAND: POST /session/3eb0e4155c2b57a6446aa2da7f9f500f/element - {"using":"xpath","value":"//*[contains(@data-kt ,\"openRUIdMenuLink\")]"}
RESULT: {"using":"xpath","value":"//*[contains(@data-kt ,\"openRUIdMenuLink\")]"}
COMMAND: POST /session/3eb0e4155c2b57a6446aa2da7f9f500f/element - {"using":"xpath","value":"//*[contains(@data-kt ,\"openRUIdMenuLink\")]"}
RESULT: {"using":"xpath","value":"//*[contains(@data-kt ,\"openRUIdMenuLink\")]"}
COMMAND: POST /session/3eb0e4155c2b57a6446aa2da7f9f500f/element - {"using":"xpath","value":"//*[contains(@data-kt ,\"openRUIdMenuLink\")]"}
RESULT: {"using":"xpath","value":"//*[contains(@data-kt ,\"openRUIdMenuLink\")]"}
COMMAND: POST /session/3eb0e4155c2b57a6446aa2da7f9f500f/element - {"using":"xpath","value":"//*[contains(@data-kt ,\"openRUIdMenuLink\")]"}
RESULT: {"using":"xpath","value":"//*[contains(@data-kt ,\"openRUIdMenuLink\")]"}
COMMAND: POST /session/3eb0e4155c2b57a6446aa2da7f9f500f/element - {"using":"xpath","value":"//*[contains(@data-kt ,\"openRUIdMenuLink\")]"}
RESULT: {"using":"xpath","value":"//*[contains(@data-kt ,\"openRUIdMenuLink\")]"}
COMMAND: POST /session/3eb0e4155c2b57a6446aa2da7f9f500f/element - {"using":"xpath","value":"//*[contains(@data-kt ,\"openRUIdMenuLink\")]"}
RESULT: {"using":"xpath","value":"//*[contains(@data-kt ,\"openRUIdMenuLink\")]"}
COMMAND: POST /session/3eb0e4155c2b57a6446aa2da7f9f500f/element - {"using":"xpath","value":"//*[contains(@data-kt ,\"openRUIdMenuLink\")]"}
RESULT: {"using":"xpath","value":"//*[contains(@data-kt ,\"openRUIdMenuLink\")]"}
COMMAND: POST /session/3eb0e4155c2b57a6446aa2da7f9f500f/element - {"using":"xpath","value":"//*[contains(@data-kt ,\"openRUIdMenuLink\")]"}
RESULT: {"using":"xpath","value":"//*[contains(@data-kt ,\"openRUIdMenuLink\")]"}
COMMAND: POST /session/3eb0e4155c2b57a6446aa2da7f9f500f/element - {"using":"xpath","value":"//*[contains(@data-kt ,\"openRUIdMenuLink\")]"}
RESULT: {"using":"xpath","value":"//*[contains(@data-kt ,\"openRUIdMenuLink\")]"}
COMMAND: POST /session/3eb0e4155c2b57a6446aa2da7f9f500f/element - {"using":"xpath","value":"//*[contains(@data-kt ,\"openRUIdMenuLink\")]"}
RESULT: {"using":"xpath","value":"//*[contains(@data-kt ,\"openRUIdMenuLink\")]"}
COMMAND: POST /session/3eb0e4155c2b57a6446aa2da7f9f500f/element - {"using":"xpath","value":"//*[contains(@data-kt ,\"openRUIdMenuLink\")]"}
RESULT: {"using":"xpath","value":"//*[contains(@data-kt ,\"openRUIdMenuLink\")]"}
COMMAND: POST /session/3eb0e4155c2b57a6446aa2da7f9f500f/element - {"using":"xpath","value":"//*[contains(@data-kt ,\"openRUIdMenuLink\")]"}
RESULT: {"using":"xpath","value":"//*[contains(@data-kt ,\"openRUIdMenuLink\")]"}
COMMAND: POST /session/3eb0e4155c2b57a6446aa2da7f9f500f/element - {"using":"xpath","value":"//*[contains(@data-kt ,\"openRUIdMenuLink\")]"}
RESULT: {"using":"xpath","value":"//*[contains(@data-kt ,\"openRUIdMenuLink\")]"}
COMMAND: POST /session/3eb0e4155c2b57a6446aa2da7f9f500f/element - {"using":"xpath","value":"//*[contains(@data-kt ,\"openRUIdMenuLink\")]"}
RESULT: {"using":"xpath","value":"//*[contains(@data-kt ,\"openRUIdMenuLink\")]"}
COMMAND: POST /session/3eb0e4155c2b57a6446aa2da7f9f500f/element - {"using":"xpath","value":"//*[contains(@data-kt ,\"openRUIdMenuLink\")]"}
RESULT: {"using":"xpath","value":"//*[contains(@data-kt ,\"openRUIdMenuLink\")]"}
COMMAND: POST /session/3eb0e4155c2b57a6446aa2da7f9f500f/element - {"using":"xpath","value":"//*[contains(@data-kt ,\"openRUIdMenuLink\")]"}
RESULT: {"using":"xpath","value":"//*[contains(@data-kt ,\"openRUIdMenuLink\")]"}
COMMAND: POST /session/3eb0e4155c2b57a6446aa2da7f9f500f/element - {"using":"xpath","value":"//*[contains(@data-kt ,\"openRUIdMenuLink\")]"}
RESULT: {"using":"xpath","value":"//*[contains(@data-kt ,\"openRUIdMenuLink\")]"}
COMMAND: POST /session/3eb0e4155c2b57a6446aa2da7f9f500f/element - {"using":"xpath","value":"//*[contains(@data-kt ,\"openRUIdMenuLink\")]"}
RESULT: {"using":"xpath","value":"//*[contains(@data-kt ,\"openRUIdMenuLink\")]"}
COMMAND: POST /session/3eb0e4155c2b57a6446aa2da7f9f500f/element - {"using":"xpath","value":"//*[contains(@data-kt ,\"openRUIdMenuLink\")]"}
RESULT: {"using":"xpath","value":"//*[contains(@data-kt ,\"openRUIdMenuLink\")]"}
COMMAND: POST /session/3eb0e4155c2b57a6446aa2da7f9f500f/element - {"using":"xpath","value":"//*[contains(@data-kt ,\"openRUIdMenuLink\")]"}
RESULT: {"using":"xpath","value":"//*[contains(@data-kt ,\"openRUIdMenuLink\")]"}
COMMAND: POST /session/3eb0e4155c2b57a6446aa2da7f9f500f/element - {"using":"xpath","value":"//*[contains(@data-kt ,\"openRUIdMenuLink\")]"}
RESULT: {"using":"xpath","value":"//*[contains(@data-kt ,\"openRUIdMenuLink\")]"}
COMMAND: POST /session/3eb0e4155c2b57a6446aa2da7f9f500f/element - {"using":"xpath","value":"//*[contains(@data-kt ,\"openRUIdMenuLink\")]"}
RESULT: {"using":"xpath","value":"//*[contains(@data-kt ,\"openRUIdMenuLink\")]"}
COMMAND: POST /session/3eb0e4155c2b57a6446aa2da7f9f500f/element - {"using":"xpath","value":"//*[contains(@data-kt ,\"openRUIdMenuLink\")]"}
RESULT: {"using":"xpath","value":"//*[contains(@data-kt ,\"openRUIdMenuLink\")]"}
COMMAND: POST /session/3eb0e4155c2b57a6446aa2da7f9f500f/element - {"using":"xpath","value":"//*[contains(@data-kt ,\"openRUIdMenuLink\")]"}
RESULT: {"using":"xpath","value":"//*[contains(@data-kt ,\"openRUIdMenuLink\")]"}
COMMAND: POST /session/3eb0e4155c2b57a6446aa2da7f9f500f/element - {"using":"xpath","value":"//*[contains(@data-kt ,\"openRUIdMenuLink\")]"}
RESULT: {"using":"xpath","value":"//*[contains(@data-kt ,\"openRUIdMenuLink\")]"}
COMMAND: POST /session/3eb0e4155c2b57a6446aa2da7f9f500f/element - {"using":"xpath","value":"//*[contains(@data-kt ,\"openRUIdMenuLink\")]"}
COMMAND: GET /session/3eb0e4155c2b57a6446aa2da7f9f500f/screenshot - {}
RESULT: {"using":"xpath","value":"//*[contains(@data-kt ,\"openRUIdMenuLink\")]"}
RESULT: {}
]]></system-out>
      <system-err><![CDATA[
Error: element ("//*[contains(@data-kt ,"openRUIdMenuLink")]") still not clickable after 40000ms
    at async Context.<anonymous> (D:\a\1\s\test\specs\R2C\related-resources-area-rpg.spec.js:800:9)
]]></system-err>
    </testcase>
    <testcase classname="chrome.136_0_7103_93.windows.Related_resources_for_groups_US139107" name="Should verify the current location hyperlinks in related resources" time="40.414">
      <failure/>
      <error message="element (&quot;//*[contains(@data-kt ,&quot;openLocationActionMenuLink&quot;)]&quot;) still not clickable after 40000ms"/>
      <system-out><![CDATA[
COMMAND: POST /session/3eb0e4155c2b57a6446aa2da7f9f500f/element - {"using":"xpath","value":"//*[contains(@data-kt ,\"openLocationActionMenuLink\")]"}
COMMAND: GET /session/3eb0e4155c2b57a6446aa2da7f9f500f/screenshot - {}
RESULT: {"using":"xpath","value":"//*[contains(@data-kt ,\"openLocationActionMenuLink\")]"}
COMMAND: POST /session/3eb0e4155c2b57a6446aa2da7f9f500f/element - {"using":"xpath","value":"//*[contains(@data-kt ,\"openLocationActionMenuLink\")]"}
RESULT: {}
RESULT: {"using":"xpath","value":"//*[contains(@data-kt ,\"openLocationActionMenuLink\")]"}
COMMAND: POST /session/3eb0e4155c2b57a6446aa2da7f9f500f/element - {"using":"xpath","value":"//*[contains(@data-kt ,\"openLocationActionMenuLink\")]"}
RESULT: {"using":"xpath","value":"//*[contains(@data-kt ,\"openLocationActionMenuLink\")]"}
COMMAND: POST /session/3eb0e4155c2b57a6446aa2da7f9f500f/element - {"using":"xpath","value":"//*[contains(@data-kt ,\"openLocationActionMenuLink\")]"}
RESULT: {"using":"xpath","value":"//*[contains(@data-kt ,\"openLocationActionMenuLink\")]"}
COMMAND: POST /session/3eb0e4155c2b57a6446aa2da7f9f500f/element - {"using":"xpath","value":"//*[contains(@data-kt ,\"openLocationActionMenuLink\")]"}
RESULT: {"using":"xpath","value":"//*[contains(@data-kt ,\"openLocationActionMenuLink\")]"}
COMMAND: POST /session/3eb0e4155c2b57a6446aa2da7f9f500f/element - {"using":"xpath","value":"//*[contains(@data-kt ,\"openLocationActionMenuLink\")]"}
RESULT: {"using":"xpath","value":"//*[contains(@data-kt ,\"openLocationActionMenuLink\")]"}
COMMAND: POST /session/3eb0e4155c2b57a6446aa2da7f9f500f/element - {"using":"xpath","value":"//*[contains(@data-kt ,\"openLocationActionMenuLink\")]"}
RESULT: {"using":"xpath","value":"//*[contains(@data-kt ,\"openLocationActionMenuLink\")]"}
COMMAND: POST /session/3eb0e4155c2b57a6446aa2da7f9f500f/element - {"using":"xpath","value":"//*[contains(@data-kt ,\"openLocationActionMenuLink\")]"}
RESULT: {"using":"xpath","value":"//*[contains(@data-kt ,\"openLocationActionMenuLink\")]"}
COMMAND: POST /session/3eb0e4155c2b57a6446aa2da7f9f500f/element - {"using":"xpath","value":"//*[contains(@data-kt ,\"openLocationActionMenuLink\")]"}
RESULT: {"using":"xpath","value":"//*[contains(@data-kt ,\"openLocationActionMenuLink\")]"}
COMMAND: POST /session/3eb0e4155c2b57a6446aa2da7f9f500f/element - {"using":"xpath","value":"//*[contains(@data-kt ,\"openLocationActionMenuLink\")]"}
RESULT: {"using":"xpath","value":"//*[contains(@data-kt ,\"openLocationActionMenuLink\")]"}
COMMAND: POST /session/3eb0e4155c2b57a6446aa2da7f9f500f/element - {"using":"xpath","value":"//*[contains(@data-kt ,\"openLocationActionMenuLink\")]"}
RESULT: {"using":"xpath","value":"//*[contains(@data-kt ,\"openLocationActionMenuLink\")]"}
COMMAND: POST /session/3eb0e4155c2b57a6446aa2da7f9f500f/element - {"using":"xpath","value":"//*[contains(@data-kt ,\"openLocationActionMenuLink\")]"}
RESULT: {"using":"xpath","value":"//*[contains(@data-kt ,\"openLocationActionMenuLink\")]"}
COMMAND: POST /session/3eb0e4155c2b57a6446aa2da7f9f500f/element - {"using":"xpath","value":"//*[contains(@data-kt ,\"openLocationActionMenuLink\")]"}
RESULT: {"using":"xpath","value":"//*[contains(@data-kt ,\"openLocationActionMenuLink\")]"}
COMMAND: POST /session/3eb0e4155c2b57a6446aa2da7f9f500f/element - {"using":"xpath","value":"//*[contains(@data-kt ,\"openLocationActionMenuLink\")]"}
RESULT: {"using":"xpath","value":"//*[contains(@data-kt ,\"openLocationActionMenuLink\")]"}
COMMAND: POST /session/3eb0e4155c2b57a6446aa2da7f9f500f/element - {"using":"xpath","value":"//*[contains(@data-kt ,\"openLocationActionMenuLink\")]"}
RESULT: {"using":"xpath","value":"//*[contains(@data-kt ,\"openLocationActionMenuLink\")]"}
COMMAND: POST /session/3eb0e4155c2b57a6446aa2da7f9f500f/element - {"using":"xpath","value":"//*[contains(@data-kt ,\"openLocationActionMenuLink\")]"}
RESULT: {"using":"xpath","value":"//*[contains(@data-kt ,\"openLocationActionMenuLink\")]"}
COMMAND: POST /session/3eb0e4155c2b57a6446aa2da7f9f500f/element - {"using":"xpath","value":"//*[contains(@data-kt ,\"openLocationActionMenuLink\")]"}
RESULT: {"using":"xpath","value":"//*[contains(@data-kt ,\"openLocationActionMenuLink\")]"}
COMMAND: POST /session/3eb0e4155c2b57a6446aa2da7f9f500f/element - {"using":"xpath","value":"//*[contains(@data-kt ,\"openLocationActionMenuLink\")]"}
RESULT: {"using":"xpath","value":"//*[contains(@data-kt ,\"openLocationActionMenuLink\")]"}
COMMAND: POST /session/3eb0e4155c2b57a6446aa2da7f9f500f/element - {"using":"xpath","value":"//*[contains(@data-kt ,\"openLocationActionMenuLink\")]"}
RESULT: {"using":"xpath","value":"//*[contains(@data-kt ,\"openLocationActionMenuLink\")]"}
COMMAND: POST /session/3eb0e4155c2b57a6446aa2da7f9f500f/element - {"using":"xpath","value":"//*[contains(@data-kt ,\"openLocationActionMenuLink\")]"}
RESULT: {"using":"xpath","value":"//*[contains(@data-kt ,\"openLocationActionMenuLink\")]"}
COMMAND: POST /session/3eb0e4155c2b57a6446aa2da7f9f500f/element - {"using":"xpath","value":"//*[contains(@data-kt ,\"openLocationActionMenuLink\")]"}
RESULT: {"using":"xpath","value":"//*[contains(@data-kt ,\"openLocationActionMenuLink\")]"}
COMMAND: POST /session/3eb0e4155c2b57a6446aa2da7f9f500f/element - {"using":"xpath","value":"//*[contains(@data-kt ,\"openLocationActionMenuLink\")]"}
RESULT: {"using":"xpath","value":"//*[contains(@data-kt ,\"openLocationActionMenuLink\")]"}
COMMAND: POST /session/3eb0e4155c2b57a6446aa2da7f9f500f/element - {"using":"xpath","value":"//*[contains(@data-kt ,\"openLocationActionMenuLink\")]"}
RESULT: {"using":"xpath","value":"//*[contains(@data-kt ,\"openLocationActionMenuLink\")]"}
COMMAND: POST /session/3eb0e4155c2b57a6446aa2da7f9f500f/element - {"using":"xpath","value":"//*[contains(@data-kt ,\"openLocationActionMenuLink\")]"}
RESULT: {"using":"xpath","value":"//*[contains(@data-kt ,\"openLocationActionMenuLink\")]"}
COMMAND: POST /session/3eb0e4155c2b57a6446aa2da7f9f500f/element - {"using":"xpath","value":"//*[contains(@data-kt ,\"openLocationActionMenuLink\")]"}
RESULT: {"using":"xpath","value":"//*[contains(@data-kt ,\"openLocationActionMenuLink\")]"}
COMMAND: POST /session/3eb0e4155c2b57a6446aa2da7f9f500f/element - {"using":"xpath","value":"//*[contains(@data-kt ,\"openLocationActionMenuLink\")]"}
RESULT: {"using":"xpath","value":"//*[contains(@data-kt ,\"openLocationActionMenuLink\")]"}
COMMAND: POST /session/3eb0e4155c2b57a6446aa2da7f9f500f/element - {"using":"xpath","value":"//*[contains(@data-kt ,\"openLocationActionMenuLink\")]"}
RESULT: {"using":"xpath","value":"//*[contains(@data-kt ,\"openLocationActionMenuLink\")]"}
COMMAND: POST /session/3eb0e4155c2b57a6446aa2da7f9f500f/element - {"using":"xpath","value":"//*[contains(@data-kt ,\"openLocationActionMenuLink\")]"}
RESULT: {"using":"xpath","value":"//*[contains(@data-kt ,\"openLocationActionMenuLink\")]"}
COMMAND: POST /session/3eb0e4155c2b57a6446aa2da7f9f500f/element - {"using":"xpath","value":"//*[contains(@data-kt ,\"openLocationActionMenuLink\")]"}
RESULT: {"using":"xpath","value":"//*[contains(@data-kt ,\"openLocationActionMenuLink\")]"}
COMMAND: POST /session/3eb0e4155c2b57a6446aa2da7f9f500f/element - {"using":"xpath","value":"//*[contains(@data-kt ,\"openLocationActionMenuLink\")]"}
RESULT: {"using":"xpath","value":"//*[contains(@data-kt ,\"openLocationActionMenuLink\")]"}
COMMAND: POST /session/3eb0e4155c2b57a6446aa2da7f9f500f/element - {"using":"xpath","value":"//*[contains(@data-kt ,\"openLocationActionMenuLink\")]"}
RESULT: {"using":"xpath","value":"//*[contains(@data-kt ,\"openLocationActionMenuLink\")]"}
COMMAND: POST /session/3eb0e4155c2b57a6446aa2da7f9f500f/element - {"using":"xpath","value":"//*[contains(@data-kt ,\"openLocationActionMenuLink\")]"}
RESULT: {"using":"xpath","value":"//*[contains(@data-kt ,\"openLocationActionMenuLink\")]"}
COMMAND: POST /session/3eb0e4155c2b57a6446aa2da7f9f500f/element - {"using":"xpath","value":"//*[contains(@data-kt ,\"openLocationActionMenuLink\")]"}
RESULT: {"using":"xpath","value":"//*[contains(@data-kt ,\"openLocationActionMenuLink\")]"}
COMMAND: POST /session/3eb0e4155c2b57a6446aa2da7f9f500f/element - {"using":"xpath","value":"//*[contains(@data-kt ,\"openLocationActionMenuLink\")]"}
RESULT: {"using":"xpath","value":"//*[contains(@data-kt ,\"openLocationActionMenuLink\")]"}
COMMAND: POST /session/3eb0e4155c2b57a6446aa2da7f9f500f/element - {"using":"xpath","value":"//*[contains(@data-kt ,\"openLocationActionMenuLink\")]"}
RESULT: {"using":"xpath","value":"//*[contains(@data-kt ,\"openLocationActionMenuLink\")]"}
COMMAND: POST /session/3eb0e4155c2b57a6446aa2da7f9f500f/element - {"using":"xpath","value":"//*[contains(@data-kt ,\"openLocationActionMenuLink\")]"}
RESULT: {"using":"xpath","value":"//*[contains(@data-kt ,\"openLocationActionMenuLink\")]"}
COMMAND: POST /session/3eb0e4155c2b57a6446aa2da7f9f500f/element - {"using":"xpath","value":"//*[contains(@data-kt ,\"openLocationActionMenuLink\")]"}
RESULT: {"using":"xpath","value":"//*[contains(@data-kt ,\"openLocationActionMenuLink\")]"}
COMMAND: POST /session/3eb0e4155c2b57a6446aa2da7f9f500f/element - {"using":"xpath","value":"//*[contains(@data-kt ,\"openLocationActionMenuLink\")]"}
RESULT: {"using":"xpath","value":"//*[contains(@data-kt ,\"openLocationActionMenuLink\")]"}
COMMAND: POST /session/3eb0e4155c2b57a6446aa2da7f9f500f/element - {"using":"xpath","value":"//*[contains(@data-kt ,\"openLocationActionMenuLink\")]"}
RESULT: {"using":"xpath","value":"//*[contains(@data-kt ,\"openLocationActionMenuLink\")]"}
COMMAND: POST /session/3eb0e4155c2b57a6446aa2da7f9f500f/element - {"using":"xpath","value":"//*[contains(@data-kt ,\"openLocationActionMenuLink\")]"}
RESULT: {"using":"xpath","value":"//*[contains(@data-kt ,\"openLocationActionMenuLink\")]"}
COMMAND: POST /session/3eb0e4155c2b57a6446aa2da7f9f500f/element - {"using":"xpath","value":"//*[contains(@data-kt ,\"openLocationActionMenuLink\")]"}
RESULT: {"using":"xpath","value":"//*[contains(@data-kt ,\"openLocationActionMenuLink\")]"}
COMMAND: POST /session/3eb0e4155c2b57a6446aa2da7f9f500f/element - {"using":"xpath","value":"//*[contains(@data-kt ,\"openLocationActionMenuLink\")]"}
RESULT: {"using":"xpath","value":"//*[contains(@data-kt ,\"openLocationActionMenuLink\")]"}
COMMAND: POST /session/3eb0e4155c2b57a6446aa2da7f9f500f/element - {"using":"xpath","value":"//*[contains(@data-kt ,\"openLocationActionMenuLink\")]"}
RESULT: {"using":"xpath","value":"//*[contains(@data-kt ,\"openLocationActionMenuLink\")]"}
COMMAND: POST /session/3eb0e4155c2b57a6446aa2da7f9f500f/element - {"using":"xpath","value":"//*[contains(@data-kt ,\"openLocationActionMenuLink\")]"}
RESULT: {"using":"xpath","value":"//*[contains(@data-kt ,\"openLocationActionMenuLink\")]"}
COMMAND: POST /session/3eb0e4155c2b57a6446aa2da7f9f500f/element - {"using":"xpath","value":"//*[contains(@data-kt ,\"openLocationActionMenuLink\")]"}
RESULT: {"using":"xpath","value":"//*[contains(@data-kt ,\"openLocationActionMenuLink\")]"}
COMMAND: POST /session/3eb0e4155c2b57a6446aa2da7f9f500f/element - {"using":"xpath","value":"//*[contains(@data-kt ,\"openLocationActionMenuLink\")]"}
RESULT: {"using":"xpath","value":"//*[contains(@data-kt ,\"openLocationActionMenuLink\")]"}
COMMAND: POST /session/3eb0e4155c2b57a6446aa2da7f9f500f/element - {"using":"xpath","value":"//*[contains(@data-kt ,\"openLocationActionMenuLink\")]"}
RESULT: {"using":"xpath","value":"//*[contains(@data-kt ,\"openLocationActionMenuLink\")]"}
COMMAND: POST /session/3eb0e4155c2b57a6446aa2da7f9f500f/element - {"using":"xpath","value":"//*[contains(@data-kt ,\"openLocationActionMenuLink\")]"}
RESULT: {"using":"xpath","value":"//*[contains(@data-kt ,\"openLocationActionMenuLink\")]"}
COMMAND: POST /session/3eb0e4155c2b57a6446aa2da7f9f500f/element - {"using":"xpath","value":"//*[contains(@data-kt ,\"openLocationActionMenuLink\")]"}
RESULT: {"using":"xpath","value":"//*[contains(@data-kt ,\"openLocationActionMenuLink\")]"}
COMMAND: POST /session/3eb0e4155c2b57a6446aa2da7f9f500f/element - {"using":"xpath","value":"//*[contains(@data-kt ,\"openLocationActionMenuLink\")]"}
RESULT: {"using":"xpath","value":"//*[contains(@data-kt ,\"openLocationActionMenuLink\")]"}
COMMAND: POST /session/3eb0e4155c2b57a6446aa2da7f9f500f/element - {"using":"xpath","value":"//*[contains(@data-kt ,\"openLocationActionMenuLink\")]"}
RESULT: {"using":"xpath","value":"//*[contains(@data-kt ,\"openLocationActionMenuLink\")]"}
COMMAND: POST /session/3eb0e4155c2b57a6446aa2da7f9f500f/element - {"using":"xpath","value":"//*[contains(@data-kt ,\"openLocationActionMenuLink\")]"}
RESULT: {"using":"xpath","value":"//*[contains(@data-kt ,\"openLocationActionMenuLink\")]"}
COMMAND: POST /session/3eb0e4155c2b57a6446aa2da7f9f500f/element - {"using":"xpath","value":"//*[contains(@data-kt ,\"openLocationActionMenuLink\")]"}
RESULT: {"using":"xpath","value":"//*[contains(@data-kt ,\"openLocationActionMenuLink\")]"}
COMMAND: POST /session/3eb0e4155c2b57a6446aa2da7f9f500f/element - {"using":"xpath","value":"//*[contains(@data-kt ,\"openLocationActionMenuLink\")]"}
RESULT: {"using":"xpath","value":"//*[contains(@data-kt ,\"openLocationActionMenuLink\")]"}
COMMAND: POST /session/3eb0e4155c2b57a6446aa2da7f9f500f/element - {"using":"xpath","value":"//*[contains(@data-kt ,\"openLocationActionMenuLink\")]"}
RESULT: {"using":"xpath","value":"//*[contains(@data-kt ,\"openLocationActionMenuLink\")]"}
COMMAND: POST /session/3eb0e4155c2b57a6446aa2da7f9f500f/element - {"using":"xpath","value":"//*[contains(@data-kt ,\"openLocationActionMenuLink\")]"}
RESULT: {"using":"xpath","value":"//*[contains(@data-kt ,\"openLocationActionMenuLink\")]"}
COMMAND: POST /session/3eb0e4155c2b57a6446aa2da7f9f500f/element - {"using":"xpath","value":"//*[contains(@data-kt ,\"openLocationActionMenuLink\")]"}
RESULT: {"using":"xpath","value":"//*[contains(@data-kt ,\"openLocationActionMenuLink\")]"}
COMMAND: POST /session/3eb0e4155c2b57a6446aa2da7f9f500f/element - {"using":"xpath","value":"//*[contains(@data-kt ,\"openLocationActionMenuLink\")]"}
RESULT: {"using":"xpath","value":"//*[contains(@data-kt ,\"openLocationActionMenuLink\")]"}
COMMAND: POST /session/3eb0e4155c2b57a6446aa2da7f9f500f/element - {"using":"xpath","value":"//*[contains(@data-kt ,\"openLocationActionMenuLink\")]"}
RESULT: {"using":"xpath","value":"//*[contains(@data-kt ,\"openLocationActionMenuLink\")]"}
COMMAND: POST /session/3eb0e4155c2b57a6446aa2da7f9f500f/element - {"using":"xpath","value":"//*[contains(@data-kt ,\"openLocationActionMenuLink\")]"}
RESULT: {"using":"xpath","value":"//*[contains(@data-kt ,\"openLocationActionMenuLink\")]"}
COMMAND: POST /session/3eb0e4155c2b57a6446aa2da7f9f500f/element - {"using":"xpath","value":"//*[contains(@data-kt ,\"openLocationActionMenuLink\")]"}
RESULT: {"using":"xpath","value":"//*[contains(@data-kt ,\"openLocationActionMenuLink\")]"}
COMMAND: POST /session/3eb0e4155c2b57a6446aa2da7f9f500f/element - {"using":"xpath","value":"//*[contains(@data-kt ,\"openLocationActionMenuLink\")]"}
RESULT: {"using":"xpath","value":"//*[contains(@data-kt ,\"openLocationActionMenuLink\")]"}
COMMAND: POST /session/3eb0e4155c2b57a6446aa2da7f9f500f/element - {"using":"xpath","value":"//*[contains(@data-kt ,\"openLocationActionMenuLink\")]"}
RESULT: {"using":"xpath","value":"//*[contains(@data-kt ,\"openLocationActionMenuLink\")]"}
COMMAND: POST /session/3eb0e4155c2b57a6446aa2da7f9f500f/element - {"using":"xpath","value":"//*[contains(@data-kt ,\"openLocationActionMenuLink\")]"}
RESULT: {"using":"xpath","value":"//*[contains(@data-kt ,\"openLocationActionMenuLink\")]"}
COMMAND: POST /session/3eb0e4155c2b57a6446aa2da7f9f500f/element - {"using":"xpath","value":"//*[contains(@data-kt ,\"openLocationActionMenuLink\")]"}
RESULT: {"using":"xpath","value":"//*[contains(@data-kt ,\"openLocationActionMenuLink\")]"}
COMMAND: POST /session/3eb0e4155c2b57a6446aa2da7f9f500f/element - {"using":"xpath","value":"//*[contains(@data-kt ,\"openLocationActionMenuLink\")]"}
RESULT: {"using":"xpath","value":"//*[contains(@data-kt ,\"openLocationActionMenuLink\")]"}
COMMAND: POST /session/3eb0e4155c2b57a6446aa2da7f9f500f/element - {"using":"xpath","value":"//*[contains(@data-kt ,\"openLocationActionMenuLink\")]"}
RESULT: {"using":"xpath","value":"//*[contains(@data-kt ,\"openLocationActionMenuLink\")]"}
COMMAND: POST /session/3eb0e4155c2b57a6446aa2da7f9f500f/element - {"using":"xpath","value":"//*[contains(@data-kt ,\"openLocationActionMenuLink\")]"}
RESULT: {"using":"xpath","value":"//*[contains(@data-kt ,\"openLocationActionMenuLink\")]"}
COMMAND: POST /session/3eb0e4155c2b57a6446aa2da7f9f500f/element - {"using":"xpath","value":"//*[contains(@data-kt ,\"openLocationActionMenuLink\")]"}
RESULT: {"using":"xpath","value":"//*[contains(@data-kt ,\"openLocationActionMenuLink\")]"}
COMMAND: POST /session/3eb0e4155c2b57a6446aa2da7f9f500f/element - {"using":"xpath","value":"//*[contains(@data-kt ,\"openLocationActionMenuLink\")]"}
RESULT: {"using":"xpath","value":"//*[contains(@data-kt ,\"openLocationActionMenuLink\")]"}
COMMAND: POST /session/3eb0e4155c2b57a6446aa2da7f9f500f/element - {"using":"xpath","value":"//*[contains(@data-kt ,\"openLocationActionMenuLink\")]"}
RESULT: {"using":"xpath","value":"//*[contains(@data-kt ,\"openLocationActionMenuLink\")]"}
COMMAND: POST /session/3eb0e4155c2b57a6446aa2da7f9f500f/element - {"using":"xpath","value":"//*[contains(@data-kt ,\"openLocationActionMenuLink\")]"}
RESULT: {"using":"xpath","value":"//*[contains(@data-kt ,\"openLocationActionMenuLink\")]"}
COMMAND: POST /session/3eb0e4155c2b57a6446aa2da7f9f500f/element - {"using":"xpath","value":"//*[contains(@data-kt ,\"openLocationActionMenuLink\")]"}
RESULT: {"using":"xpath","value":"//*[contains(@data-kt ,\"openLocationActionMenuLink\")]"}
COMMAND: POST /session/3eb0e4155c2b57a6446aa2da7f9f500f/element - {"using":"xpath","value":"//*[contains(@data-kt ,\"openLocationActionMenuLink\")]"}
RESULT: {"using":"xpath","value":"//*[contains(@data-kt ,\"openLocationActionMenuLink\")]"}
COMMAND: POST /session/3eb0e4155c2b57a6446aa2da7f9f500f/element - {"using":"xpath","value":"//*[contains(@data-kt ,\"openLocationActionMenuLink\")]"}
RESULT: {"using":"xpath","value":"//*[contains(@data-kt ,\"openLocationActionMenuLink\")]"}
COMMAND: POST /session/3eb0e4155c2b57a6446aa2da7f9f500f/element - {"using":"xpath","value":"//*[contains(@data-kt ,\"openLocationActionMenuLink\")]"}
RESULT: {"using":"xpath","value":"//*[contains(@data-kt ,\"openLocationActionMenuLink\")]"}
COMMAND: POST /session/3eb0e4155c2b57a6446aa2da7f9f500f/element - {"using":"xpath","value":"//*[contains(@data-kt ,\"openLocationActionMenuLink\")]"}
RESULT: {"using":"xpath","value":"//*[contains(@data-kt ,\"openLocationActionMenuLink\")]"}
COMMAND: POST /session/3eb0e4155c2b57a6446aa2da7f9f500f/element - {"using":"xpath","value":"//*[contains(@data-kt ,\"openLocationActionMenuLink\")]"}
RESULT: {"using":"xpath","value":"//*[contains(@data-kt ,\"openLocationActionMenuLink\")]"}
COMMAND: POST /session/3eb0e4155c2b57a6446aa2da7f9f500f/element - {"using":"xpath","value":"//*[contains(@data-kt ,\"openLocationActionMenuLink\")]"}
RESULT: {"using":"xpath","value":"//*[contains(@data-kt ,\"openLocationActionMenuLink\")]"}
COMMAND: POST /session/3eb0e4155c2b57a6446aa2da7f9f500f/element - {"using":"xpath","value":"//*[contains(@data-kt ,\"openLocationActionMenuLink\")]"}
RESULT: {"using":"xpath","value":"//*[contains(@data-kt ,\"openLocationActionMenuLink\")]"}
COMMAND: POST /session/3eb0e4155c2b57a6446aa2da7f9f500f/element - {"using":"xpath","value":"//*[contains(@data-kt ,\"openLocationActionMenuLink\")]"}
RESULT: {"using":"xpath","value":"//*[contains(@data-kt ,\"openLocationActionMenuLink\")]"}
COMMAND: POST /session/3eb0e4155c2b57a6446aa2da7f9f500f/element - {"using":"xpath","value":"//*[contains(@data-kt ,\"openLocationActionMenuLink\")]"}
COMMAND: GET /session/3eb0e4155c2b57a6446aa2da7f9f500f/screenshot - {}
RESULT: {"using":"xpath","value":"//*[contains(@data-kt ,\"openLocationActionMenuLink\")]"}
RESULT: {}
]]></system-out>
      <system-err><![CDATA[
Error: element ("//*[contains(@data-kt ,"openLocationActionMenuLink")]") still not clickable after 40000ms
    at async Context.<anonymous> (D:\a\1\s\test\specs\R2C\related-resources-area-rpg.spec.js:873:9)
]]></system-err>
    </testcase>
    <testcase classname="chrome.136_0_7103_93.windows.Related_resources_for_groups_US139107" name="Should set one equipment to inactive and verify that it does not show in the releated resources" time="40.358">
      <failure/>
      <error message="element (&quot;//*[contains(@data-kt ,&quot;openRUIdMenuLink&quot;)]&quot;) still not clickable after 40000ms"/>
      <system-out><![CDATA[
COMMAND: POST /session/3eb0e4155c2b57a6446aa2da7f9f500f/element - {"using":"xpath","value":"//*[contains(@data-kt ,\"openRUIdMenuLink\")]"}
COMMAND: GET /session/3eb0e4155c2b57a6446aa2da7f9f500f/screenshot - {}
RESULT: {"using":"xpath","value":"//*[contains(@data-kt ,\"openRUIdMenuLink\")]"}
COMMAND: POST /session/3eb0e4155c2b57a6446aa2da7f9f500f/element - {"using":"xpath","value":"//*[contains(@data-kt ,\"openRUIdMenuLink\")]"}
RESULT: {}
RESULT: {"using":"xpath","value":"//*[contains(@data-kt ,\"openRUIdMenuLink\")]"}
COMMAND: POST /session/3eb0e4155c2b57a6446aa2da7f9f500f/element - {"using":"xpath","value":"//*[contains(@data-kt ,\"openRUIdMenuLink\")]"}
RESULT: {"using":"xpath","value":"//*[contains(@data-kt ,\"openRUIdMenuLink\")]"}
COMMAND: POST /session/3eb0e4155c2b57a6446aa2da7f9f500f/element - {"using":"xpath","value":"//*[contains(@data-kt ,\"openRUIdMenuLink\")]"}
RESULT: {"using":"xpath","value":"//*[contains(@data-kt ,\"openRUIdMenuLink\")]"}
COMMAND: POST /session/3eb0e4155c2b57a6446aa2da7f9f500f/element - {"using":"xpath","value":"//*[contains(@data-kt ,\"openRUIdMenuLink\")]"}
RESULT: {"using":"xpath","value":"//*[contains(@data-kt ,\"openRUIdMenuLink\")]"}
COMMAND: POST /session/3eb0e4155c2b57a6446aa2da7f9f500f/element - {"using":"xpath","value":"//*[contains(@data-kt ,\"openRUIdMenuLink\")]"}
RESULT: {"using":"xpath","value":"//*[contains(@data-kt ,\"openRUIdMenuLink\")]"}
COMMAND: POST /session/3eb0e4155c2b57a6446aa2da7f9f500f/element - {"using":"xpath","value":"//*[contains(@data-kt ,\"openRUIdMenuLink\")]"}
RESULT: {"using":"xpath","value":"//*[contains(@data-kt ,\"openRUIdMenuLink\")]"}
COMMAND: POST /session/3eb0e4155c2b57a6446aa2da7f9f500f/element - {"using":"xpath","value":"//*[contains(@data-kt ,\"openRUIdMenuLink\")]"}
RESULT: {"using":"xpath","value":"//*[contains(@data-kt ,\"openRUIdMenuLink\")]"}
COMMAND: POST /session/3eb0e4155c2b57a6446aa2da7f9f500f/element - {"using":"xpath","value":"//*[contains(@data-kt ,\"openRUIdMenuLink\")]"}
RESULT: {"using":"xpath","value":"//*[contains(@data-kt ,\"openRUIdMenuLink\")]"}
COMMAND: POST /session/3eb0e4155c2b57a6446aa2da7f9f500f/element - {"using":"xpath","value":"//*[contains(@data-kt ,\"openRUIdMenuLink\")]"}
RESULT: {"using":"xpath","value":"//*[contains(@data-kt ,\"openRUIdMenuLink\")]"}
COMMAND: POST /session/3eb0e4155c2b57a6446aa2da7f9f500f/element - {"using":"xpath","value":"//*[contains(@data-kt ,\"openRUIdMenuLink\")]"}
RESULT: {"using":"xpath","value":"//*[contains(@data-kt ,\"openRUIdMenuLink\")]"}
COMMAND: POST /session/3eb0e4155c2b57a6446aa2da7f9f500f/element - {"using":"xpath","value":"//*[contains(@data-kt ,\"openRUIdMenuLink\")]"}
RESULT: {"using":"xpath","value":"//*[contains(@data-kt ,\"openRUIdMenuLink\")]"}
COMMAND: POST /session/3eb0e4155c2b57a6446aa2da7f9f500f/element - {"using":"xpath","value":"//*[contains(@data-kt ,\"openRUIdMenuLink\")]"}
RESULT: {"using":"xpath","value":"//*[contains(@data-kt ,\"openRUIdMenuLink\")]"}
COMMAND: POST /session/3eb0e4155c2b57a6446aa2da7f9f500f/element - {"using":"xpath","value":"//*[contains(@data-kt ,\"openRUIdMenuLink\")]"}
RESULT: {"using":"xpath","value":"//*[contains(@data-kt ,\"openRUIdMenuLink\")]"}
COMMAND: POST /session/3eb0e4155c2b57a6446aa2da7f9f500f/element - {"using":"xpath","value":"//*[contains(@data-kt ,\"openRUIdMenuLink\")]"}
RESULT: {"using":"xpath","value":"//*[contains(@data-kt ,\"openRUIdMenuLink\")]"}
COMMAND: POST /session/3eb0e4155c2b57a6446aa2da7f9f500f/element - {"using":"xpath","value":"//*[contains(@data-kt ,\"openRUIdMenuLink\")]"}
RESULT: {"using":"xpath","value":"//*[contains(@data-kt ,\"openRUIdMenuLink\")]"}
COMMAND: POST /session/3eb0e4155c2b57a6446aa2da7f9f500f/element - {"using":"xpath","value":"//*[contains(@data-kt ,\"openRUIdMenuLink\")]"}
RESULT: {"using":"xpath","value":"//*[contains(@data-kt ,\"openRUIdMenuLink\")]"}
COMMAND: POST /session/3eb0e4155c2b57a6446aa2da7f9f500f/element - {"using":"xpath","value":"//*[contains(@data-kt ,\"openRUIdMenuLink\")]"}
RESULT: {"using":"xpath","value":"//*[contains(@data-kt ,\"openRUIdMenuLink\")]"}
COMMAND: POST /session/3eb0e4155c2b57a6446aa2da7f9f500f/element - {"using":"xpath","value":"//*[contains(@data-kt ,\"openRUIdMenuLink\")]"}
RESULT: {"using":"xpath","value":"//*[contains(@data-kt ,\"openRUIdMenuLink\")]"}
COMMAND: POST /session/3eb0e4155c2b57a6446aa2da7f9f500f/element - {"using":"xpath","value":"//*[contains(@data-kt ,\"openRUIdMenuLink\")]"}
RESULT: {"using":"xpath","value":"//*[contains(@data-kt ,\"openRUIdMenuLink\")]"}
COMMAND: POST /session/3eb0e4155c2b57a6446aa2da7f9f500f/element - {"using":"xpath","value":"//*[contains(@data-kt ,\"openRUIdMenuLink\")]"}
RESULT: {"using":"xpath","value":"//*[contains(@data-kt ,\"openRUIdMenuLink\")]"}
COMMAND: POST /session/3eb0e4155c2b57a6446aa2da7f9f500f/element - {"using":"xpath","value":"//*[contains(@data-kt ,\"openRUIdMenuLink\")]"}
RESULT: {"using":"xpath","value":"//*[contains(@data-kt ,\"openRUIdMenuLink\")]"}
COMMAND: POST /session/3eb0e4155c2b57a6446aa2da7f9f500f/element - {"using":"xpath","value":"//*[contains(@data-kt ,\"openRUIdMenuLink\")]"}
RESULT: {"using":"xpath","value":"//*[contains(@data-kt ,\"openRUIdMenuLink\")]"}
COMMAND: POST /session/3eb0e4155c2b57a6446aa2da7f9f500f/element - {"using":"xpath","value":"//*[contains(@data-kt ,\"openRUIdMenuLink\")]"}
RESULT: {"using":"xpath","value":"//*[contains(@data-kt ,\"openRUIdMenuLink\")]"}
COMMAND: POST /session/3eb0e4155c2b57a6446aa2da7f9f500f/element - {"using":"xpath","value":"//*[contains(@data-kt ,\"openRUIdMenuLink\")]"}
RESULT: {"using":"xpath","value":"//*[contains(@data-kt ,\"openRUIdMenuLink\")]"}
COMMAND: POST /session/3eb0e4155c2b57a6446aa2da7f9f500f/element - {"using":"xpath","value":"//*[contains(@data-kt ,\"openRUIdMenuLink\")]"}
RESULT: {"using":"xpath","value":"//*[contains(@data-kt ,\"openRUIdMenuLink\")]"}
COMMAND: POST /session/3eb0e4155c2b57a6446aa2da7f9f500f/element - {"using":"xpath","value":"//*[contains(@data-kt ,\"openRUIdMenuLink\")]"}
RESULT: {"using":"xpath","value":"//*[contains(@data-kt ,\"openRUIdMenuLink\")]"}
COMMAND: POST /session/3eb0e4155c2b57a6446aa2da7f9f500f/element - {"using":"xpath","value":"//*[contains(@data-kt ,\"openRUIdMenuLink\")]"}
RESULT: {"using":"xpath","value":"//*[contains(@data-kt ,\"openRUIdMenuLink\")]"}
COMMAND: POST /session/3eb0e4155c2b57a6446aa2da7f9f500f/element - {"using":"xpath","value":"//*[contains(@data-kt ,\"openRUIdMenuLink\")]"}
RESULT: {"using":"xpath","value":"//*[contains(@data-kt ,\"openRUIdMenuLink\")]"}
COMMAND: POST /session/3eb0e4155c2b57a6446aa2da7f9f500f/element - {"using":"xpath","value":"//*[contains(@data-kt ,\"openRUIdMenuLink\")]"}
RESULT: {"using":"xpath","value":"//*[contains(@data-kt ,\"openRUIdMenuLink\")]"}
COMMAND: POST /session/3eb0e4155c2b57a6446aa2da7f9f500f/element - {"using":"xpath","value":"//*[contains(@data-kt ,\"openRUIdMenuLink\")]"}
RESULT: {"using":"xpath","value":"//*[contains(@data-kt ,\"openRUIdMenuLink\")]"}
COMMAND: POST /session/3eb0e4155c2b57a6446aa2da7f9f500f/element - {"using":"xpath","value":"//*[contains(@data-kt ,\"openRUIdMenuLink\")]"}
RESULT: {"using":"xpath","value":"//*[contains(@data-kt ,\"openRUIdMenuLink\")]"}
COMMAND: POST /session/3eb0e4155c2b57a6446aa2da7f9f500f/element - {"using":"xpath","value":"//*[contains(@data-kt ,\"openRUIdMenuLink\")]"}
RESULT: {"using":"xpath","value":"//*[contains(@data-kt ,\"openRUIdMenuLink\")]"}
COMMAND: POST /session/3eb0e4155c2b57a6446aa2da7f9f500f/element - {"using":"xpath","value":"//*[contains(@data-kt ,\"openRUIdMenuLink\")]"}
RESULT: {"using":"xpath","value":"//*[contains(@data-kt ,\"openRUIdMenuLink\")]"}
COMMAND: POST /session/3eb0e4155c2b57a6446aa2da7f9f500f/element - {"using":"xpath","value":"//*[contains(@data-kt ,\"openRUIdMenuLink\")]"}
RESULT: {"using":"xpath","value":"//*[contains(@data-kt ,\"openRUIdMenuLink\")]"}
COMMAND: POST /session/3eb0e4155c2b57a6446aa2da7f9f500f/element - {"using":"xpath","value":"//*[contains(@data-kt ,\"openRUIdMenuLink\")]"}
RESULT: {"using":"xpath","value":"//*[contains(@data-kt ,\"openRUIdMenuLink\")]"}
COMMAND: POST /session/3eb0e4155c2b57a6446aa2da7f9f500f/element - {"using":"xpath","value":"//*[contains(@data-kt ,\"openRUIdMenuLink\")]"}
RESULT: {"using":"xpath","value":"//*[contains(@data-kt ,\"openRUIdMenuLink\")]"}
COMMAND: POST /session/3eb0e4155c2b57a6446aa2da7f9f500f/element - {"using":"xpath","value":"//*[contains(@data-kt ,\"openRUIdMenuLink\")]"}
RESULT: {"using":"xpath","value":"//*[contains(@data-kt ,\"openRUIdMenuLink\")]"}
COMMAND: POST /session/3eb0e4155c2b57a6446aa2da7f9f500f/element - {"using":"xpath","value":"//*[contains(@data-kt ,\"openRUIdMenuLink\")]"}
RESULT: {"using":"xpath","value":"//*[contains(@data-kt ,\"openRUIdMenuLink\")]"}
COMMAND: POST /session/3eb0e4155c2b57a6446aa2da7f9f500f/element - {"using":"xpath","value":"//*[contains(@data-kt ,\"openRUIdMenuLink\")]"}
RESULT: {"using":"xpath","value":"//*[contains(@data-kt ,\"openRUIdMenuLink\")]"}
COMMAND: POST /session/3eb0e4155c2b57a6446aa2da7f9f500f/element - {"using":"xpath","value":"//*[contains(@data-kt ,\"openRUIdMenuLink\")]"}
RESULT: {"using":"xpath","value":"//*[contains(@data-kt ,\"openRUIdMenuLink\")]"}
COMMAND: POST /session/3eb0e4155c2b57a6446aa2da7f9f500f/element - {"using":"xpath","value":"//*[contains(@data-kt ,\"openRUIdMenuLink\")]"}
RESULT: {"using":"xpath","value":"//*[contains(@data-kt ,\"openRUIdMenuLink\")]"}
COMMAND: POST /session/3eb0e4155c2b57a6446aa2da7f9f500f/element - {"using":"xpath","value":"//*[contains(@data-kt ,\"openRUIdMenuLink\")]"}
RESULT: {"using":"xpath","value":"//*[contains(@data-kt ,\"openRUIdMenuLink\")]"}
COMMAND: POST /session/3eb0e4155c2b57a6446aa2da7f9f500f/element - {"using":"xpath","value":"//*[contains(@data-kt ,\"openRUIdMenuLink\")]"}
RESULT: {"using":"xpath","value":"//*[contains(@data-kt ,\"openRUIdMenuLink\")]"}
COMMAND: POST /session/3eb0e4155c2b57a6446aa2da7f9f500f/element - {"using":"xpath","value":"//*[contains(@data-kt ,\"openRUIdMenuLink\")]"}
RESULT: {"using":"xpath","value":"//*[contains(@data-kt ,\"openRUIdMenuLink\")]"}
COMMAND: POST /session/3eb0e4155c2b57a6446aa2da7f9f500f/element - {"using":"xpath","value":"//*[contains(@data-kt ,\"openRUIdMenuLink\")]"}
RESULT: {"using":"xpath","value":"//*[contains(@data-kt ,\"openRUIdMenuLink\")]"}
COMMAND: POST /session/3eb0e4155c2b57a6446aa2da7f9f500f/element - {"using":"xpath","value":"//*[contains(@data-kt ,\"openRUIdMenuLink\")]"}
RESULT: {"using":"xpath","value":"//*[contains(@data-kt ,\"openRUIdMenuLink\")]"}
COMMAND: POST /session/3eb0e4155c2b57a6446aa2da7f9f500f/element - {"using":"xpath","value":"//*[contains(@data-kt ,\"openRUIdMenuLink\")]"}
RESULT: {"using":"xpath","value":"//*[contains(@data-kt ,\"openRUIdMenuLink\")]"}
COMMAND: POST /session/3eb0e4155c2b57a6446aa2da7f9f500f/element - {"using":"xpath","value":"//*[contains(@data-kt ,\"openRUIdMenuLink\")]"}
RESULT: {"using":"xpath","value":"//*[contains(@data-kt ,\"openRUIdMenuLink\")]"}
COMMAND: POST /session/3eb0e4155c2b57a6446aa2da7f9f500f/element - {"using":"xpath","value":"//*[contains(@data-kt ,\"openRUIdMenuLink\")]"}
RESULT: {"using":"xpath","value":"//*[contains(@data-kt ,\"openRUIdMenuLink\")]"}
COMMAND: POST /session/3eb0e4155c2b57a6446aa2da7f9f500f/element - {"using":"xpath","value":"//*[contains(@data-kt ,\"openRUIdMenuLink\")]"}
RESULT: {"using":"xpath","value":"//*[contains(@data-kt ,\"openRUIdMenuLink\")]"}
COMMAND: POST /session/3eb0e4155c2b57a6446aa2da7f9f500f/element - {"using":"xpath","value":"//*[contains(@data-kt ,\"openRUIdMenuLink\")]"}
RESULT: {"using":"xpath","value":"//*[contains(@data-kt ,\"openRUIdMenuLink\")]"}
COMMAND: POST /session/3eb0e4155c2b57a6446aa2da7f9f500f/element - {"using":"xpath","value":"//*[contains(@data-kt ,\"openRUIdMenuLink\")]"}
RESULT: {"using":"xpath","value":"//*[contains(@data-kt ,\"openRUIdMenuLink\")]"}
COMMAND: POST /session/3eb0e4155c2b57a6446aa2da7f9f500f/element - {"using":"xpath","value":"//*[contains(@data-kt ,\"openRUIdMenuLink\")]"}
RESULT: {"using":"xpath","value":"//*[contains(@data-kt ,\"openRUIdMenuLink\")]"}
COMMAND: POST /session/3eb0e4155c2b57a6446aa2da7f9f500f/element - {"using":"xpath","value":"//*[contains(@data-kt ,\"openRUIdMenuLink\")]"}
RESULT: {"using":"xpath","value":"//*[contains(@data-kt ,\"openRUIdMenuLink\")]"}
COMMAND: POST /session/3eb0e4155c2b57a6446aa2da7f9f500f/element - {"using":"xpath","value":"//*[contains(@data-kt ,\"openRUIdMenuLink\")]"}
RESULT: {"using":"xpath","value":"//*[contains(@data-kt ,\"openRUIdMenuLink\")]"}
COMMAND: POST /session/3eb0e4155c2b57a6446aa2da7f9f500f/element - {"using":"xpath","value":"//*[contains(@data-kt ,\"openRUIdMenuLink\")]"}
RESULT: {"using":"xpath","value":"//*[contains(@data-kt ,\"openRUIdMenuLink\")]"}
COMMAND: POST /session/3eb0e4155c2b57a6446aa2da7f9f500f/element - {"using":"xpath","value":"//*[contains(@data-kt ,\"openRUIdMenuLink\")]"}
RESULT: {"using":"xpath","value":"//*[contains(@data-kt ,\"openRUIdMenuLink\")]"}
COMMAND: POST /session/3eb0e4155c2b57a6446aa2da7f9f500f/element - {"using":"xpath","value":"//*[contains(@data-kt ,\"openRUIdMenuLink\")]"}
RESULT: {"using":"xpath","value":"//*[contains(@data-kt ,\"openRUIdMenuLink\")]"}
COMMAND: POST /session/3eb0e4155c2b57a6446aa2da7f9f500f/element - {"using":"xpath","value":"//*[contains(@data-kt ,\"openRUIdMenuLink\")]"}
RESULT: {"using":"xpath","value":"//*[contains(@data-kt ,\"openRUIdMenuLink\")]"}
COMMAND: POST /session/3eb0e4155c2b57a6446aa2da7f9f500f/element - {"using":"xpath","value":"//*[contains(@data-kt ,\"openRUIdMenuLink\")]"}
RESULT: {"using":"xpath","value":"//*[contains(@data-kt ,\"openRUIdMenuLink\")]"}
COMMAND: POST /session/3eb0e4155c2b57a6446aa2da7f9f500f/element - {"using":"xpath","value":"//*[contains(@data-kt ,\"openRUIdMenuLink\")]"}
RESULT: {"using":"xpath","value":"//*[contains(@data-kt ,\"openRUIdMenuLink\")]"}
COMMAND: POST /session/3eb0e4155c2b57a6446aa2da7f9f500f/element - {"using":"xpath","value":"//*[contains(@data-kt ,\"openRUIdMenuLink\")]"}
RESULT: {"using":"xpath","value":"//*[contains(@data-kt ,\"openRUIdMenuLink\")]"}
COMMAND: POST /session/3eb0e4155c2b57a6446aa2da7f9f500f/element - {"using":"xpath","value":"//*[contains(@data-kt ,\"openRUIdMenuLink\")]"}
RESULT: {"using":"xpath","value":"//*[contains(@data-kt ,\"openRUIdMenuLink\")]"}
COMMAND: POST /session/3eb0e4155c2b57a6446aa2da7f9f500f/element - {"using":"xpath","value":"//*[contains(@data-kt ,\"openRUIdMenuLink\")]"}
RESULT: {"using":"xpath","value":"//*[contains(@data-kt ,\"openRUIdMenuLink\")]"}
COMMAND: POST /session/3eb0e4155c2b57a6446aa2da7f9f500f/element - {"using":"xpath","value":"//*[contains(@data-kt ,\"openRUIdMenuLink\")]"}
RESULT: {"using":"xpath","value":"//*[contains(@data-kt ,\"openRUIdMenuLink\")]"}
COMMAND: POST /session/3eb0e4155c2b57a6446aa2da7f9f500f/element - {"using":"xpath","value":"//*[contains(@data-kt ,\"openRUIdMenuLink\")]"}
RESULT: {"using":"xpath","value":"//*[contains(@data-kt ,\"openRUIdMenuLink\")]"}
COMMAND: POST /session/3eb0e4155c2b57a6446aa2da7f9f500f/element - {"using":"xpath","value":"//*[contains(@data-kt ,\"openRUIdMenuLink\")]"}
RESULT: {"using":"xpath","value":"//*[contains(@data-kt ,\"openRUIdMenuLink\")]"}
COMMAND: POST /session/3eb0e4155c2b57a6446aa2da7f9f500f/element - {"using":"xpath","value":"//*[contains(@data-kt ,\"openRUIdMenuLink\")]"}
RESULT: {"using":"xpath","value":"//*[contains(@data-kt ,\"openRUIdMenuLink\")]"}
COMMAND: POST /session/3eb0e4155c2b57a6446aa2da7f9f500f/element - {"using":"xpath","value":"//*[contains(@data-kt ,\"openRUIdMenuLink\")]"}
RESULT: {"using":"xpath","value":"//*[contains(@data-kt ,\"openRUIdMenuLink\")]"}
COMMAND: POST /session/3eb0e4155c2b57a6446aa2da7f9f500f/element - {"using":"xpath","value":"//*[contains(@data-kt ,\"openRUIdMenuLink\")]"}
RESULT: {"using":"xpath","value":"//*[contains(@data-kt ,\"openRUIdMenuLink\")]"}
COMMAND: POST /session/3eb0e4155c2b57a6446aa2da7f9f500f/element - {"using":"xpath","value":"//*[contains(@data-kt ,\"openRUIdMenuLink\")]"}
RESULT: {"using":"xpath","value":"//*[contains(@data-kt ,\"openRUIdMenuLink\")]"}
COMMAND: POST /session/3eb0e4155c2b57a6446aa2da7f9f500f/element - {"using":"xpath","value":"//*[contains(@data-kt ,\"openRUIdMenuLink\")]"}
RESULT: {"using":"xpath","value":"//*[contains(@data-kt ,\"openRUIdMenuLink\")]"}
COMMAND: POST /session/3eb0e4155c2b57a6446aa2da7f9f500f/element - {"using":"xpath","value":"//*[contains(@data-kt ,\"openRUIdMenuLink\")]"}
RESULT: {"using":"xpath","value":"//*[contains(@data-kt ,\"openRUIdMenuLink\")]"}
COMMAND: POST /session/3eb0e4155c2b57a6446aa2da7f9f500f/element - {"using":"xpath","value":"//*[contains(@data-kt ,\"openRUIdMenuLink\")]"}
RESULT: {"using":"xpath","value":"//*[contains(@data-kt ,\"openRUIdMenuLink\")]"}
COMMAND: POST /session/3eb0e4155c2b57a6446aa2da7f9f500f/element - {"using":"xpath","value":"//*[contains(@data-kt ,\"openRUIdMenuLink\")]"}
RESULT: {"using":"xpath","value":"//*[contains(@data-kt ,\"openRUIdMenuLink\")]"}
COMMAND: POST /session/3eb0e4155c2b57a6446aa2da7f9f500f/element - {"using":"xpath","value":"//*[contains(@data-kt ,\"openRUIdMenuLink\")]"}
RESULT: {"using":"xpath","value":"//*[contains(@data-kt ,\"openRUIdMenuLink\")]"}
COMMAND: POST /session/3eb0e4155c2b57a6446aa2da7f9f500f/element - {"using":"xpath","value":"//*[contains(@data-kt ,\"openRUIdMenuLink\")]"}
RESULT: {"using":"xpath","value":"//*[contains(@data-kt ,\"openRUIdMenuLink\")]"}
COMMAND: POST /session/3eb0e4155c2b57a6446aa2da7f9f500f/element - {"using":"xpath","value":"//*[contains(@data-kt ,\"openRUIdMenuLink\")]"}
RESULT: {"using":"xpath","value":"//*[contains(@data-kt ,\"openRUIdMenuLink\")]"}
COMMAND: POST /session/3eb0e4155c2b57a6446aa2da7f9f500f/element - {"using":"xpath","value":"//*[contains(@data-kt ,\"openRUIdMenuLink\")]"}
RESULT: {"using":"xpath","value":"//*[contains(@data-kt ,\"openRUIdMenuLink\")]"}
COMMAND: POST /session/3eb0e4155c2b57a6446aa2da7f9f500f/element - {"using":"xpath","value":"//*[contains(@data-kt ,\"openRUIdMenuLink\")]"}
RESULT: {"using":"xpath","value":"//*[contains(@data-kt ,\"openRUIdMenuLink\")]"}
COMMAND: POST /session/3eb0e4155c2b57a6446aa2da7f9f500f/element - {"using":"xpath","value":"//*[contains(@data-kt ,\"openRUIdMenuLink\")]"}
COMMAND: GET /session/3eb0e4155c2b57a6446aa2da7f9f500f/screenshot - {}
RESULT: {"using":"xpath","value":"//*[contains(@data-kt ,\"openRUIdMenuLink\")]"}
RESULT: {}
COMMAND: GET /session/3eb0e4155c2b57a6446aa2da7f9f500f/screenshot - {}
COMMAND: GET /session/3eb0e4155c2b57a6446aa2da7f9f500f/screenshot - {}
RESULT: {}
RESULT: {}
COMMAND: DELETE /session/3eb0e4155c2b57a6446aa2da7f9f500f - {}
RESULT: {}
]]></system-out>
      <system-err><![CDATA[
Error: element ("//*[contains(@data-kt ,"openRUIdMenuLink")]") still not clickable after 40000ms
    at async Context.<anonymous> (D:\a\1\s\test\specs\R2C\related-resources-area-rpg.spec.js:991:9)
]]></system-err>
    </testcase>
  </testsuite>
</testsuites>