<?xml version="1.0" encoding="UTF-8"?>
<testsuites tests="9" failures="7" errors="7" skipped="0">
  <testsuite timestamp="2025-05-04T18:01:40" time="713.821" tests="9" failures="7" errors="7" skipped="0">
    <properties>
      <property name="specId" value="0" />
      <property name="suiteName" value="Tests for Mass State Change on Manage States &amp; Performances US104416 US" />
      <property name="capabilities" value="chrome.135_0_7049_96.windows" />
      <property name="file" value="file:///D:/a/1/s/test/specs/HTR/create-mass-state-change.spec.js" />
    </properties>
    <testcase classname="chrome.135_0_7049_96.windows.Tests_for_Mass_State_Change_on_Manage_States_&amp;_Performances_US104416_US" name="Prereq Should create a new yard used for all following tests" time="104.886">
      <system-out><![CDATA[
COMMAND: POST /session/607d018a704b9af93060bba46e6b34ea/window/fullscreen - {}
RESULT: {}
COMMAND: POST /session/607d018a704b9af93060bba46e6b34ea/execute/async - {"script":"<script> [1562 bytes]","args":[{"selector":{"controlType":"sap.m.GenericTile","properties":{"header":"Manage Yards"}},"wdio_ui5_key":"sapm.GenericTile{\"header\":\"Manage Yards\"}"}]}
RESULT: {"script":"<script> [1562 bytes]","args":[{"selector":{"controlType":"sap.m.GenericTile","properties":{"header":"Manage Yards"}},"wdio_ui5_key":"sapm.GenericTile{\"header\":\"Manage Yards\"}"}]}
RESULT: undefined
COMMAND: POST /session/607d018a704b9af93060bba46e6b34ea/element - {"using":"xpath","value":"//*[@id=\"__tile41\"]"}
RESULT: {"using":"xpath","value":"//*[@id=\"__tile41\"]"}
COMMAND: POST /session/607d018a704b9af93060bba46e6b34ea/element/f.4527E55B2E871277B1F5041EE4C08110.d.4D409CCCAA9AE24D9B731B44A9F0DAF1.e.161/click - {}
RESULT: {}
COMMAND: POST /session/607d018a704b9af93060bba46e6b34ea/element - {"using":"xpath","value":"//button[@data-kt=\"addNewYardOverflowToolbarButton\"]"}
COMMAND: GET /session/607d018a704b9af93060bba46e6b34ea/screenshot - {}
RESULT: {"using":"xpath","value":"//button[@data-kt=\"addNewYardOverflowToolbarButton\"]"}
COMMAND: POST /session/607d018a704b9af93060bba46e6b34ea/elements - {"using":"xpath","value":"//button[@data-kt=\"addNewYardOverflowToolbarButton\"]"}
RESULT: {}
RESULT: {"using":"xpath","value":"//button[@data-kt=\"addNewYardOverflowToolbarButton\"]"}
COMMAND: POST /session/607d018a704b9af93060bba46e6b34ea/elements - {"using":"xpath","value":"//button[@data-kt=\"addNewYardOverflowToolbarButton\"]"}
RESULT: {"using":"xpath","value":"//button[@data-kt=\"addNewYardOverflowToolbarButton\"]"}
COMMAND: POST /session/607d018a704b9af93060bba46e6b34ea/elements - {"using":"xpath","value":"//button[@data-kt=\"addNewYardOverflowToolbarButton\"]"}
RESULT: {"using":"xpath","value":"//button[@data-kt=\"addNewYardOverflowToolbarButton\"]"}
COMMAND: POST /session/607d018a704b9af93060bba46e6b34ea/elements - {"using":"xpath","value":"//button[@data-kt=\"addNewYardOverflowToolbarButton\"]"}
RESULT: {"using":"xpath","value":"//button[@data-kt=\"addNewYardOverflowToolbarButton\"]"}
COMMAND: POST /session/607d018a704b9af93060bba46e6b34ea/elements - {"using":"xpath","value":"//button[@data-kt=\"addNewYardOverflowToolbarButton\"]"}
RESULT: {"using":"xpath","value":"//button[@data-kt=\"addNewYardOverflowToolbarButton\"]"}
COMMAND: POST /session/607d018a704b9af93060bba46e6b34ea/elements - {"using":"xpath","value":"//button[@data-kt=\"addNewYardOverflowToolbarButton\"]"}
RESULT: {"using":"xpath","value":"//button[@data-kt=\"addNewYardOverflowToolbarButton\"]"}
COMMAND: POST /session/607d018a704b9af93060bba46e6b34ea/elements - {"using":"xpath","value":"//button[@data-kt=\"addNewYardOverflowToolbarButton\"]"}
RESULT: {"using":"xpath","value":"//button[@data-kt=\"addNewYardOverflowToolbarButton\"]"}
COMMAND: POST /session/607d018a704b9af93060bba46e6b34ea/elements - {"using":"xpath","value":"//button[@data-kt=\"addNewYardOverflowToolbarButton\"]"}
RESULT: {"using":"xpath","value":"//button[@data-kt=\"addNewYardOverflowToolbarButton\"]"}
COMMAND: POST /session/607d018a704b9af93060bba46e6b34ea/elements - {"using":"xpath","value":"//button[@data-kt=\"addNewYardOverflowToolbarButton\"]"}
RESULT: {"using":"xpath","value":"//button[@data-kt=\"addNewYardOverflowToolbarButton\"]"}
COMMAND: POST /session/607d018a704b9af93060bba46e6b34ea/elements - {"using":"xpath","value":"//button[@data-kt=\"addNewYardOverflowToolbarButton\"]"}
RESULT: {"using":"xpath","value":"//button[@data-kt=\"addNewYardOverflowToolbarButton\"]"}
COMMAND: POST /session/607d018a704b9af93060bba46e6b34ea/elements - {"using":"xpath","value":"//button[@data-kt=\"addNewYardOverflowToolbarButton\"]"}
RESULT: {"using":"xpath","value":"//button[@data-kt=\"addNewYardOverflowToolbarButton\"]"}
COMMAND: POST /session/607d018a704b9af93060bba46e6b34ea/elements - {"using":"xpath","value":"//button[@data-kt=\"addNewYardOverflowToolbarButton\"]"}
RESULT: {"using":"xpath","value":"//button[@data-kt=\"addNewYardOverflowToolbarButton\"]"}
COMMAND: POST /session/607d018a704b9af93060bba46e6b34ea/elements - {"using":"xpath","value":"//button[@data-kt=\"addNewYardOverflowToolbarButton\"]"}
RESULT: {"using":"xpath","value":"//button[@data-kt=\"addNewYardOverflowToolbarButton\"]"}
COMMAND: POST /session/607d018a704b9af93060bba46e6b34ea/elements - {"using":"xpath","value":"//button[@data-kt=\"addNewYardOverflowToolbarButton\"]"}
RESULT: {"using":"xpath","value":"//button[@data-kt=\"addNewYardOverflowToolbarButton\"]"}
COMMAND: POST /session/607d018a704b9af93060bba46e6b34ea/elements - {"using":"xpath","value":"//button[@data-kt=\"addNewYardOverflowToolbarButton\"]"}
RESULT: {"using":"xpath","value":"//button[@data-kt=\"addNewYardOverflowToolbarButton\"]"}
COMMAND: POST /session/607d018a704b9af93060bba46e6b34ea/elements - {"using":"xpath","value":"//button[@data-kt=\"addNewYardOverflowToolbarButton\"]"}
RESULT: {"using":"xpath","value":"//button[@data-kt=\"addNewYardOverflowToolbarButton\"]"}
COMMAND: POST /session/607d018a704b9af93060bba46e6b34ea/elements - {"using":"xpath","value":"//button[@data-kt=\"addNewYardOverflowToolbarButton\"]"}
RESULT: {"using":"xpath","value":"//button[@data-kt=\"addNewYardOverflowToolbarButton\"]"}
COMMAND: POST /session/607d018a704b9af93060bba46e6b34ea/elements - {"using":"xpath","value":"//button[@data-kt=\"addNewYardOverflowToolbarButton\"]"}
RESULT: {"using":"xpath","value":"//button[@data-kt=\"addNewYardOverflowToolbarButton\"]"}
COMMAND: POST /session/607d018a704b9af93060bba46e6b34ea/elements - {"using":"xpath","value":"//button[@data-kt=\"addNewYardOverflowToolbarButton\"]"}
RESULT: {"using":"xpath","value":"//button[@data-kt=\"addNewYardOverflowToolbarButton\"]"}
COMMAND: POST /session/607d018a704b9af93060bba46e6b34ea/elements - {"using":"xpath","value":"//button[@data-kt=\"addNewYardOverflowToolbarButton\"]"}
RESULT: {"using":"xpath","value":"//button[@data-kt=\"addNewYardOverflowToolbarButton\"]"}
COMMAND: POST /session/607d018a704b9af93060bba46e6b34ea/elements - {"using":"xpath","value":"//button[@data-kt=\"addNewYardOverflowToolbarButton\"]"}
RESULT: {"using":"xpath","value":"//button[@data-kt=\"addNewYardOverflowToolbarButton\"]"}
COMMAND: POST /session/607d018a704b9af93060bba46e6b34ea/elements - {"using":"xpath","value":"//button[@data-kt=\"addNewYardOverflowToolbarButton\"]"}
RESULT: {"using":"xpath","value":"//button[@data-kt=\"addNewYardOverflowToolbarButton\"]"}
COMMAND: POST /session/607d018a704b9af93060bba46e6b34ea/elements - {"using":"xpath","value":"//button[@data-kt=\"addNewYardOverflowToolbarButton\"]"}
RESULT: {"using":"xpath","value":"//button[@data-kt=\"addNewYardOverflowToolbarButton\"]"}
COMMAND: POST /session/607d018a704b9af93060bba46e6b34ea/elements - {"using":"xpath","value":"//button[@data-kt=\"addNewYardOverflowToolbarButton\"]"}
RESULT: {"using":"xpath","value":"//button[@data-kt=\"addNewYardOverflowToolbarButton\"]"}
COMMAND: POST /session/607d018a704b9af93060bba46e6b34ea/elements - {"using":"xpath","value":"//button[@data-kt=\"addNewYardOverflowToolbarButton\"]"}
RESULT: {"using":"xpath","value":"//button[@data-kt=\"addNewYardOverflowToolbarButton\"]"}
COMMAND: POST /session/607d018a704b9af93060bba46e6b34ea/element - {"using":"xpath","value":"//button[@data-kt=\"addNewYardOverflowToolbarButton\"]"}
RESULT: {"using":"xpath","value":"//button[@data-kt=\"addNewYardOverflowToolbarButton\"]"}
COMMAND: POST /session/607d018a704b9af93060bba46e6b34ea/execute/sync - {"script":"<script> [8489 bytes]","args":[{"element-6066-11e4-a52e-4f735466cecf":"f.4527E55B2E871277B1F5041EE4C08110.d.4D409CCCAA9AE24D9B731B44A9F0DAF1.e.290","ELEMENT":"f.4527E55B2E871277B1F5041EE4C08110.d.4D409CCCAA9AE24D9B731B44A9F0DAF1.e.290"}]}
RESULT: {"script":"<script> [8489 bytes]","args":[{"element-6066-11e4-a52e-4f735466cecf":"f.4527E55B2E871277B1F5041EE4C08110.d.4D409CCCAA9AE24D9B731B44A9F0DAF1.e.290","ELEMENT":"f.4527E55B2E871277B1F5041EE4C08110.d.4D409CCCAA9AE24D9B731B44A9F0DAF1.e.290"}]}
COMMAND: GET /session/607d018a704b9af93060bba46e6b34ea/element/f.4527E55B2E871277B1F5041EE4C08110.d.4D409CCCAA9AE24D9B731B44A9F0DAF1.e.290/enabled - {}
COMMAND: GET /session/607d018a704b9af93060bba46e6b34ea/screenshot - {}
RESULT: {}
COMMAND: POST /session/607d018a704b9af93060bba46e6b34ea/execute/sync - {"script":"<script> [8489 bytes]","args":[{"element-6066-11e4-a52e-4f735466cecf":"f.4527E55B2E871277B1F5041EE4C08110.d.4D409CCCAA9AE24D9B731B44A9F0DAF1.e.290","ELEMENT":"f.4527E55B2E871277B1F5041EE4C08110.d.4D409CCCAA9AE24D9B731B44A9F0DAF1.e.290"}]}
COMMAND: GET /session/607d018a704b9af93060bba46e6b34ea/screenshot - {}
RESULT: {}
RESULT: {"script":"<script> [8489 bytes]","args":[{"element-6066-11e4-a52e-4f735466cecf":"f.4527E55B2E871277B1F5041EE4C08110.d.4D409CCCAA9AE24D9B731B44A9F0DAF1.e.290","ELEMENT":"f.4527E55B2E871277B1F5041EE4C08110.d.4D409CCCAA9AE24D9B731B44A9F0DAF1.e.290"}]}
COMMAND: POST /session/607d018a704b9af93060bba46e6b34ea/execute/sync - {"script":"<script> [5351 bytes]","args":[{"element-6066-11e4-a52e-4f735466cecf":"f.4527E55B2E871277B1F5041EE4C08110.d.4D409CCCAA9AE24D9B731B44A9F0DAF1.e.290","ELEMENT":"f.4527E55B2E871277B1F5041EE4C08110.d.4D409CCCAA9AE24D9B731B44A9F0DAF1.e.290"}]}
COMMAND: GET /session/607d018a704b9af93060bba46e6b34ea/screenshot - {}
RESULT: {}
RESULT: {"script":"<script> [5351 bytes]","args":[{"element-6066-11e4-a52e-4f735466cecf":"f.4527E55B2E871277B1F5041EE4C08110.d.4D409CCCAA9AE24D9B731B44A9F0DAF1.e.290","ELEMENT":"f.4527E55B2E871277B1F5041EE4C08110.d.4D409CCCAA9AE24D9B731B44A9F0DAF1.e.290"}]}
COMMAND: POST /session/607d018a704b9af93060bba46e6b34ea/element/f.4527E55B2E871277B1F5041EE4C08110.d.4D409CCCAA9AE24D9B731B44A9F0DAF1.e.290/click - {}
COMMAND: GET /session/607d018a704b9af93060bba46e6b34ea/screenshot - {}
RESULT: {}
RESULT: {}
COMMAND: GET /session/607d018a704b9af93060bba46e6b34ea/screenshot - {}
COMMAND: POST /session/607d018a704b9af93060bba46e6b34ea/element - {"using":"xpath","value":"//input[@id=\"application-manageyards-display-component---NewYard--yardId-inner\"]"}
RESULT: {}
RESULT: {}
RESULT: {"using":"xpath","value":"//input[@id=\"application-manageyards-display-component---NewYard--yardId-inner\"]"}
COMMAND: POST /session/607d018a704b9af93060bba46e6b34ea/element - {"using":"xpath","value":"//input[@id=\"application-manageyards-display-component---NewYard--yardId-inner\"]"}
RESULT: {"using":"xpath","value":"//input[@id=\"application-manageyards-display-component---NewYard--yardId-inner\"]"}
COMMAND: POST /session/607d018a704b9af93060bba46e6b34ea/execute/async - {"script":"<script> [1562 bytes]","args":[{"selector":{"id":"application-manageyards-display-component---NewYard--addressDetailDetailsName1","interaction":{"idSuffix":"inner"}},"wdio_ui5_key":"applicationmanageyards-display-component---NewYard--addressDetailDetailsName1"}]}
RESULT: {"script":"<script> [1562 bytes]","args":[{"selector":{"id":"application-manageyards-display-component---NewYard--addressDetailDetailsName1","interaction":{"idSuffix":"inner"}},"wdio_ui5_key":"applicationmanageyards-display-component---NewYard--addressDetailDetailsName1"}]}
RESULT: undefined
COMMAND: POST /session/607d018a704b9af93060bba46e6b34ea/execute/async - {"script":"<script> [776 bytes]","args":[{"enterText":"Other Yard WDIO","selector":{"id":"application-manageyards-display-component---NewYard--addressDetailDetailsName1","interaction":{"idSuffix":"inner"}},"clearTextFirst":true,"interactionType":"ENTER_TEXT"}]}
RESULT: {"script":"<script> [776 bytes]","args":[{"enterText":"Other Yard WDIO","selector":{"id":"application-manageyards-display-component---NewYard--addressDetailDetailsName1","interaction":{"idSuffix":"inner"}},"clearTextFirst":true,"interactionType":"ENTER_TEXT"}]}
COMMAND: POST /session/607d018a704b9af93060bba46e6b34ea/execute/async - {"script":"<script> [1562 bytes]","args":[{"selector":{"id":"application-manageyards-display-component---NewYard--addressDetailDetailsLanguage-arrow"},"wdio_ui5_key":"applicationmanageyards-display-component---NewYard--addressDetailDetailsLanguage-arrow"}]}
RESULT: {"script":"<script> [1562 bytes]","args":[{"selector":{"id":"application-manageyards-display-component---NewYard--addressDetailDetailsLanguage-arrow"},"wdio_ui5_key":"applicationmanageyards-display-component---NewYard--addressDetailDetailsLanguage-arrow"}]}
RESULT: undefined
COMMAND: POST /session/607d018a704b9af93060bba46e6b34ea/element - {"using":"xpath","value":"//*[@id=\"application-manageyards-display-component---NewYard--addressDetailDetailsLanguage-arrow\"]"}
RESULT: {"using":"xpath","value":"//*[@id=\"application-manageyards-display-component---NewYard--addressDetailDetailsLanguage-arrow\"]"}
COMMAND: POST /session/607d018a704b9af93060bba46e6b34ea/element/f.4527E55B2E871277B1F5041EE4C08110.d.4D409CCCAA9AE24D9B731B44A9F0DAF1.e.729/click - {}
RESULT: {}
COMMAND: POST /session/607d018a704b9af93060bba46e6b34ea/element - {"using":"xpath","value":"//span[contains(text(), \"English\")]"}
COMMAND: GET /session/607d018a704b9af93060bba46e6b34ea/screenshot - {}
RESULT: {"using":"xpath","value":"//span[contains(text(), \"English\")]"}
COMMAND: POST /session/607d018a704b9af93060bba46e6b34ea/element/f.4527E55B2E871277B1F5041EE4C08110.d.4D409CCCAA9AE24D9B731B44A9F0DAF1.e.730/click - {}
RESULT: {}
RESULT: {}
COMMAND: POST /session/607d018a704b9af93060bba46e6b34ea/execute/async - {"script":"<script> [1562 bytes]","args":[{"selector":{"id":"application-manageyards-display-component---NewYard--addressDetailDetailsCity1","interaction":{"idSuffix":"inner"}},"wdio_ui5_key":"applicationmanageyards-display-component---NewYard--addressDetailDetailsCity1"}]}
COMMAND: GET /session/607d018a704b9af93060bba46e6b34ea/screenshot - {}
RESULT: {"script":"<script> [1562 bytes]","args":[{"selector":{"id":"application-manageyards-display-component---NewYard--addressDetailDetailsCity1","interaction":{"idSuffix":"inner"}},"wdio_ui5_key":"applicationmanageyards-display-component---NewYard--addressDetailDetailsCity1"}]}
RESULT: undefined
COMMAND: POST /session/607d018a704b9af93060bba46e6b34ea/execute/async - {"script":"<script> [776 bytes]","args":[{"enterText":"Rosario","selector":{"id":"application-manageyards-display-component---NewYard--addressDetailDetailsCity1","interaction":{"idSuffix":"inner"}},"clearTextFirst":true,"interactionType":"ENTER_TEXT"}]}
RESULT: {}
RESULT: {"script":"<script> [776 bytes]","args":[{"enterText":"Rosario","selector":{"id":"application-manageyards-display-component---NewYard--addressDetailDetailsCity1","interaction":{"idSuffix":"inner"}},"clearTextFirst":true,"interactionType":"ENTER_TEXT"}]}
COMMAND: POST /session/607d018a704b9af93060bba46e6b34ea/execute/async - {"script":"<script> [1562 bytes]","args":[{"selector":{"id":"application-manageyards-display-component---NewYard--addressDetailDetailsCountry-arrow"},"wdio_ui5_key":"applicationmanageyards-display-component---NewYard--addressDetailDetailsCountry-arrow"}]}
RESULT: {"script":"<script> [1562 bytes]","args":[{"selector":{"id":"application-manageyards-display-component---NewYard--addressDetailDetailsCountry-arrow"},"wdio_ui5_key":"applicationmanageyards-display-component---NewYard--addressDetailDetailsCountry-arrow"}]}
RESULT: undefined
COMMAND: POST /session/607d018a704b9af93060bba46e6b34ea/element - {"using":"xpath","value":"//*[@id=\"application-manageyards-display-component---NewYard--addressDetailDetailsCountry-arrow\"]"}
RESULT: {"using":"xpath","value":"//*[@id=\"application-manageyards-display-component---NewYard--addressDetailDetailsCountry-arrow\"]"}
COMMAND: POST /session/607d018a704b9af93060bba46e6b34ea/element/f.4527E55B2E871277B1F5041EE4C08110.d.4D409CCCAA9AE24D9B731B44A9F0DAF1.e.732/click - {}
RESULT: {}
COMMAND: POST /session/607d018a704b9af93060bba46e6b34ea/element - {"using":"xpath","value":"//span[contains(text(), \"Argentina\")]"}
COMMAND: GET /session/607d018a704b9af93060bba46e6b34ea/screenshot - {}
RESULT: {"using":"xpath","value":"//span[contains(text(), \"Argentina\")]"}
COMMAND: POST /session/607d018a704b9af93060bba46e6b34ea/element/f.4527E55B2E871277B1F5041EE4C08110.d.4D409CCCAA9AE24D9B731B44A9F0DAF1.e.733/click - {}
RESULT: {}
RESULT: {}
COMMAND: POST /session/607d018a704b9af93060bba46e6b34ea/execute/async - {"script":"<script> [1562 bytes]","args":[{"selector":{"id":"application-manageyards-display-component---NewYard--addressEditDetailsCostObjectCstType-arrow"},"wdio_ui5_key":"applicationmanageyards-display-component---NewYard--addressEditDetailsCostObjectCstType-arrow"}]}
COMMAND: GET /session/607d018a704b9af93060bba46e6b34ea/screenshot - {}
RESULT: {"script":"<script> [1562 bytes]","args":[{"selector":{"id":"application-manageyards-display-component---NewYard--addressEditDetailsCostObjectCstType-arrow"},"wdio_ui5_key":"applicationmanageyards-display-component---NewYard--addressEditDetailsCostObjectCstType-arrow"}]}
RESULT: undefined
COMMAND: POST /session/607d018a704b9af93060bba46e6b34ea/element - {"using":"xpath","value":"//*[@id=\"application-manageyards-display-component---NewYard--addressEditDetailsCostObjectCstType-arrow\"]"}
RESULT: {}
RESULT: {"using":"xpath","value":"//*[@id=\"application-manageyards-display-component---NewYard--addressEditDetailsCostObjectCstType-arrow\"]"}
COMMAND: POST /session/607d018a704b9af93060bba46e6b34ea/element/f.4527E55B2E871277B1F5041EE4C08110.d.4D409CCCAA9AE24D9B731B44A9F0DAF1.e.735/click - {}
RESULT: {}
COMMAND: POST /session/607d018a704b9af93060bba46e6b34ea/element - {"using":"xpath","value":"//span[contains(text(), \"Cost Center\")]"}
COMMAND: GET /session/607d018a704b9af93060bba46e6b34ea/screenshot - {}
RESULT: {"using":"xpath","value":"//span[contains(text(), \"Cost Center\")]"}
COMMAND: POST /session/607d018a704b9af93060bba46e6b34ea/element/f.4527E55B2E871277B1F5041EE4C08110.d.4D409CCCAA9AE24D9B731B44A9F0DAF1.e.736/click - {}
RESULT: {}
RESULT: {}
COMMAND: GET /session/607d018a704b9af93060bba46e6b34ea/screenshot - {}
RESULT: {}
COMMAND: POST /session/607d018a704b9af93060bba46e6b34ea/element - {"using":"xpath","value":"//span[@id=\"application-manageyards-display-component---NewYard--addressNewCostObjectCstID-vhi\"]"}
RESULT: {"using":"xpath","value":"//span[@id=\"application-manageyards-display-component---NewYard--addressNewCostObjectCstID-vhi\"]"}
COMMAND: POST /session/607d018a704b9af93060bba46e6b34ea/execute/sync - {"script":"<script> [8489 bytes]","args":[{"element-6066-11e4-a52e-4f735466cecf":"f.4527E55B2E871277B1F5041EE4C08110.d.4D409CCCAA9AE24D9B731B44A9F0DAF1.e.740","ELEMENT":"f.4527E55B2E871277B1F5041EE4C08110.d.4D409CCCAA9AE24D9B731B44A9F0DAF1.e.740"}]}
RESULT: {"script":"<script> [8489 bytes]","args":[{"element-6066-11e4-a52e-4f735466cecf":"f.4527E55B2E871277B1F5041EE4C08110.d.4D409CCCAA9AE24D9B731B44A9F0DAF1.e.740","ELEMENT":"f.4527E55B2E871277B1F5041EE4C08110.d.4D409CCCAA9AE24D9B731B44A9F0DAF1.e.740"}]}
COMMAND: POST /session/607d018a704b9af93060bba46e6b34ea/execute/async - {"script":"<script> [1562 bytes]","args":[{"selector":{"id":"application-manageyards-display-component---NewYard--addressNewCostObjectCstID-vhi"},"wdio_ui5_key":"applicationmanageyards-display-component---NewYard--addressNewCostObjectCstID-vhi"}]}
COMMAND: GET /session/607d018a704b9af93060bba46e6b34ea/screenshot - {}
RESULT: {"script":"<script> [1562 bytes]","args":[{"selector":{"id":"application-manageyards-display-component---NewYard--addressNewCostObjectCstID-vhi"},"wdio_ui5_key":"applicationmanageyards-display-component---NewYard--addressNewCostObjectCstID-vhi"}]}
RESULT: undefined
COMMAND: POST /session/607d018a704b9af93060bba46e6b34ea/element - {"using":"xpath","value":"//*[@id=\"application-manageyards-display-component---NewYard--addressNewCostObjectCstID-vhi\"]"}
RESULT: {}
RESULT: {"using":"xpath","value":"//*[@id=\"application-manageyards-display-component---NewYard--addressNewCostObjectCstID-vhi\"]"}
COMMAND: POST /session/607d018a704b9af93060bba46e6b34ea/element/f.4527E55B2E871277B1F5041EE4C08110.d.4D409CCCAA9AE24D9B731B44A9F0DAF1.e.740/click - {}
RESULT: {}
COMMAND: GET /session/607d018a704b9af93060bba46e6b34ea/screenshot - {}
RESULT: {}
COMMAND: POST /session/607d018a704b9af93060bba46e6b34ea/execute/async - {"script":"<script> [1562 bytes]","args":[{"selector":{"controlType":"sap.m.SearchField","properties":{"placeholder":"Search"},"searchOpenDialogs":true,"interaction":{"idSuffix":"I"}},"wdio_ui5_key":"sapm.SearchField{\"placeholder\":\"Search\"}"}]}
RESULT: {"script":"<script> [1562 bytes]","args":[{"selector":{"controlType":"sap.m.SearchField","properties":{"placeholder":"Search"},"searchOpenDialogs":true,"interaction":{"idSuffix":"I"}},"wdio_ui5_key":"sapm.SearchField{\"placeholder\":\"Search\"}"}]}
RESULT: undefined
COMMAND: POST /session/607d018a704b9af93060bba46e6b34ea/execute/async - {"script":"<script> [776 bytes]","args":[{"enterText":"10001013","selector":{"controlType":"sap.m.SearchField","properties":{"placeholder":"Search"},"searchOpenDialogs":true,"interaction":{"idSuffix":"I"}},"clearTextFirst":true,"interactionType":"ENTER_TEXT"}]}
RESULT: {"script":"<script> [776 bytes]","args":[{"enterText":"10001013","selector":{"controlType":"sap.m.SearchField","properties":{"placeholder":"Search"},"searchOpenDialogs":true,"interaction":{"idSuffix":"I"}},"clearTextFirst":true,"interactionType":"ENTER_TEXT"}]}
COMMAND: POST /session/607d018a704b9af93060bba46e6b34ea/actions - {"actions":[{"id":"action1","type":"key","parameters":{},"actions":[{"type":"keyDown","value":"î€‡"},{"type":"pause","duration":10},{"type":"keyUp","value":"î€‡"}]}]}
RESULT: {"actions":[{"id":"action1","type":"key","parameters":{},"actions":[{"type":"keyDown","value":"î€‡"},{"type":"pause","duration":10},{"type":"keyUp","value":"î€‡"}]}]}
COMMAND: GET /session/607d018a704b9af93060bba46e6b34ea/screenshot - {}
RESULT: {}
COMMAND: POST /session/607d018a704b9af93060bba46e6b34ea/element - {"using":"xpath","value":"//span[contains(text(), \"General Management\")]"}
RESULT: {"using":"xpath","value":"//span[contains(text(), \"General Management\")]"}
COMMAND: POST /session/607d018a704b9af93060bba46e6b34ea/element/f.4527E55B2E871277B1F5041EE4C08110.d.4D409CCCAA9AE24D9B731B44A9F0DAF1.e.781/click - {}
RESULT: {}
COMMAND: GET /session/607d018a704b9af93060bba46e6b34ea/screenshot - {}
RESULT: {}
COMMAND: POST /session/607d018a704b9af93060bba46e6b34ea/element - {"using":"xpath","value":"//bdi[contains(text(), \"OK\")]"}
RESULT: {"using":"xpath","value":"//bdi[contains(text(), \"OK\")]"}
COMMAND: POST /session/607d018a704b9af93060bba46e6b34ea/element/f.4527E55B2E871277B1F5041EE4C08110.d.4D409CCCAA9AE24D9B731B44A9F0DAF1.e.782/click - {}
RESULT: {}
COMMAND: GET /session/607d018a704b9af93060bba46e6b34ea/screenshot - {}
RESULT: {}
COMMAND: POST /session/607d018a704b9af93060bba46e6b34ea/execute/async - {"script":"<script> [1562 bytes]","args":[{"selector":{"id":"application-manageyards-display-component---NewYard--addressEditDetailsCurrency-arrow"},"wdio_ui5_key":"applicationmanageyards-display-component---NewYard--addressEditDetailsCurrency-arrow"}]}
RESULT: {"script":"<script> [1562 bytes]","args":[{"selector":{"id":"application-manageyards-display-component---NewYard--addressEditDetailsCurrency-arrow"},"wdio_ui5_key":"applicationmanageyards-display-component---NewYard--addressEditDetailsCurrency-arrow"}]}
RESULT: undefined
COMMAND: POST /session/607d018a704b9af93060bba46e6b34ea/element - {"using":"xpath","value":"//*[@id=\"application-manageyards-display-component---NewYard--addressEditDetailsCurrency-arrow\"]"}
RESULT: {"using":"xpath","value":"//*[@id=\"application-manageyards-display-component---NewYard--addressEditDetailsCurrency-arrow\"]"}
COMMAND: POST /session/607d018a704b9af93060bba46e6b34ea/element/f.4527E55B2E871277B1F5041EE4C08110.d.4D409CCCAA9AE24D9B731B44A9F0DAF1.e.785/click - {}
RESULT: {}
COMMAND: POST /session/607d018a704b9af93060bba46e6b34ea/element - {"using":"xpath","value":"//span[contains(text(), \"Euro\")]"}
COMMAND: GET /session/607d018a704b9af93060bba46e6b34ea/screenshot - {}
RESULT: {"using":"xpath","value":"//span[contains(text(), \"Euro\")]"}
COMMAND: POST /session/607d018a704b9af93060bba46e6b34ea/element/f.4527E55B2E871277B1F5041EE4C08110.d.4D409CCCAA9AE24D9B731B44A9F0DAF1.e.786/click - {}
RESULT: {}
RESULT: {}
COMMAND: POST /session/607d018a704b9af93060bba46e6b34ea/execute/async - {"script":"<script> [1562 bytes]","args":[{"selector":{"controlType":"sap.m.Input","viewName":"etm.portal.ui.manageyards.view.New","viewId":"application-manageyards-display-component---NewYard","bindingPath":{"path":"","propertyPath":"/CONTROLLING_AREA","modelName":"NewYardModel"},"interaction":{"idSuffix":"inner"}},"wdio_ui5_key":"etmportal.ui.manageyards.view.Newsap.m.Input{\"path\":\"\",\"propertyPath\":\"/CONTROLLING_AREA\",\"modelName\":\"NewYardModel\"}"}]}
COMMAND: GET /session/607d018a704b9af93060bba46e6b34ea/screenshot - {}
RESULT: {"script":"<script> [1562 bytes]","args":[{"selector":{"controlType":"sap.m.Input","viewName":"etm.portal.ui.manageyards.view.New","viewId":"application-manageyards-display-component---NewYard","bindingPath":{"path":"","propertyPath":"/CONTROLLING_AREA","modelName":"NewYardModel"},"interaction":{"idSuffix":"inner"}},"wdio_ui5_key":"etmportal.ui.manageyards.view.Newsap.m.Input{\"path\":\"\",\"propertyPath\":\"/CONTROLLING_AREA\",\"modelName\":\"NewYardModel\"}"}]}
RESULT: undefined
COMMAND: POST /session/607d018a704b9af93060bba46e6b34ea/execute/async - {"script":"<script> [776 bytes]","args":[{"enterText":"Z001","selector":{"controlType":"sap.m.Input","viewName":"etm.portal.ui.manageyards.view.New","viewId":"application-manageyards-display-component---NewYard","bindingPath":{"path":"","propertyPath":"/CONTROLLING_AREA","modelName":"NewYardModel"},"interaction":{"idSuffix":"inner"}},"clearTextFirst":true,"interactionType":"ENTER_TEXT"}]}
RESULT: {}
RESULT: {"script":"<script> [776 bytes]","args":[{"enterText":"Z001","selector":{"controlType":"sap.m.Input","viewName":"etm.portal.ui.manageyards.view.New","viewId":"application-manageyards-display-component---NewYard","bindingPath":{"path":"","propertyPath":"/CONTROLLING_AREA","modelName":"NewYardModel"},"interaction":{"idSuffix":"inner"}},"clearTextFirst":true,"interactionType":"ENTER_TEXT"}]}
COMMAND: POST /session/607d018a704b9af93060bba46e6b34ea/execute/async - {"script":"<script> [1562 bytes]","args":[{"selector":{"id":"application-manageyards-display-component---NewYard--companyCodeComboBox","interaction":{"idSuffix":"inner"}},"wdio_ui5_key":"applicationmanageyards-display-component---NewYard--companyCodeComboBox"}]}
RESULT: {"script":"<script> [1562 bytes]","args":[{"selector":{"id":"application-manageyards-display-component---NewYard--companyCodeComboBox","interaction":{"idSuffix":"inner"}},"wdio_ui5_key":"applicationmanageyards-display-component---NewYard--companyCodeComboBox"}]}
RESULT: undefined
COMMAND: POST /session/607d018a704b9af93060bba46e6b34ea/execute/async - {"script":"<script> [776 bytes]","args":[{"enterText":"1000","selector":{"id":"application-manageyards-display-component---NewYard--companyCodeComboBox","interaction":{"idSuffix":"inner"}},"clearTextFirst":true,"interactionType":"ENTER_TEXT"}]}
RESULT: {"script":"<script> [776 bytes]","args":[{"enterText":"1000","selector":{"id":"application-manageyards-display-component---NewYard--companyCodeComboBox","interaction":{"idSuffix":"inner"}},"clearTextFirst":true,"interactionType":"ENTER_TEXT"}]}
COMMAND: POST /session/607d018a704b9af93060bba46e6b34ea/execute/async - {"script":"<script> [1562 bytes]","args":[{"selector":{"controlType":"sap.m.Input","viewName":"etm.portal.ui.manageyards.view.New","viewId":"application-manageyards-display-component---NewYard","bindingPath":{"path":"","propertyPath":"/PLANT","modelName":"NewYardModel"},"interaction":{"idSuffix":"inner"}},"wdio_ui5_key":"etmportal.ui.manageyards.view.Newsap.m.Input{\"path\":\"\",\"propertyPath\":\"/PLANT\",\"modelName\":\"NewYardModel\"}"}]}
RESULT: {"script":"<script> [1562 bytes]","args":[{"selector":{"controlType":"sap.m.Input","viewName":"etm.portal.ui.manageyards.view.New","viewId":"application-manageyards-display-component---NewYard","bindingPath":{"path":"","propertyPath":"/PLANT","modelName":"NewYardModel"},"interaction":{"idSuffix":"inner"}},"wdio_ui5_key":"etmportal.ui.manageyards.view.Newsap.m.Input{\"path\":\"\",\"propertyPath\":\"/PLANT\",\"modelName\":\"NewYardModel\"}"}]}
RESULT: undefined
COMMAND: POST /session/607d018a704b9af93060bba46e6b34ea/execute/async - {"script":"<script> [776 bytes]","args":[{"enterText":"1001","selector":{"controlType":"sap.m.Input","viewName":"etm.portal.ui.manageyards.view.New","viewId":"application-manageyards-display-component---NewYard","bindingPath":{"path":"","propertyPath":"/PLANT","modelName":"NewYardModel"},"interaction":{"idSuffix":"inner"}},"clearTextFirst":true,"interactionType":"ENTER_TEXT"}]}
RESULT: {"script":"<script> [776 bytes]","args":[{"enterText":"1001","selector":{"controlType":"sap.m.Input","viewName":"etm.portal.ui.manageyards.view.New","viewId":"application-manageyards-display-component---NewYard","bindingPath":{"path":"","propertyPath":"/PLANT","modelName":"NewYardModel"},"interaction":{"idSuffix":"inner"}},"clearTextFirst":true,"interactionType":"ENTER_TEXT"}]}
COMMAND: POST /session/607d018a704b9af93060bba46e6b34ea/execute/async - {"script":"<script> [1562 bytes]","args":[{"selector":{"controlType":"sap.m.Input","viewName":"etm.portal.ui.manageyards.view.New","viewId":"application-manageyards-display-component---NewYard","bindingPath":{"path":"","propertyPath":"/SALES_AREA_VKORG","modelName":"NewYardModel"},"interaction":{"idSuffix":"inner"}},"wdio_ui5_key":"etmportal.ui.manageyards.view.Newsap.m.Input{\"path\":\"\",\"propertyPath\":\"/SALES_AREA_VKORG\",\"modelName\":\"NewYardModel\"}"}]}
RESULT: {"script":"<script> [1562 bytes]","args":[{"selector":{"controlType":"sap.m.Input","viewName":"etm.portal.ui.manageyards.view.New","viewId":"application-manageyards-display-component---NewYard","bindingPath":{"path":"","propertyPath":"/SALES_AREA_VKORG","modelName":"NewYardModel"},"interaction":{"idSuffix":"inner"}},"wdio_ui5_key":"etmportal.ui.manageyards.view.Newsap.m.Input{\"path\":\"\",\"propertyPath\":\"/SALES_AREA_VKORG\",\"modelName\":\"NewYardModel\"}"}]}
RESULT: undefined
COMMAND: POST /session/607d018a704b9af93060bba46e6b34ea/execute/async - {"script":"<script> [776 bytes]","args":[{"enterText":"C002","selector":{"controlType":"sap.m.Input","viewName":"etm.portal.ui.manageyards.view.New","viewId":"application-manageyards-display-component---NewYard","bindingPath":{"path":"","propertyPath":"/SALES_AREA_VKORG","modelName":"NewYardModel"},"interaction":{"idSuffix":"inner"}},"clearTextFirst":true,"interactionType":"ENTER_TEXT"}]}
RESULT: {"script":"<script> [776 bytes]","args":[{"enterText":"C002","selector":{"controlType":"sap.m.Input","viewName":"etm.portal.ui.manageyards.view.New","viewId":"application-manageyards-display-component---NewYard","bindingPath":{"path":"","propertyPath":"/SALES_AREA_VKORG","modelName":"NewYardModel"},"interaction":{"idSuffix":"inner"}},"clearTextFirst":true,"interactionType":"ENTER_TEXT"}]}
COMMAND: POST /session/607d018a704b9af93060bba46e6b34ea/execute/async - {"script":"<script> [1562 bytes]","args":[{"selector":{"controlType":"sap.m.Input","viewName":"etm.portal.ui.manageyards.view.New","viewId":"application-manageyards-display-component---NewYard","bindingPath":{"path":"","propertyPath":"/SALES_AREA_VTWEG","modelName":"NewYardModel"},"interaction":{"idSuffix":"inner"}},"wdio_ui5_key":"etmportal.ui.manageyards.view.Newsap.m.Input{\"path\":\"\",\"propertyPath\":\"/SALES_AREA_VTWEG\",\"modelName\":\"NewYardModel\"}"}]}
RESULT: {"script":"<script> [1562 bytes]","args":[{"selector":{"controlType":"sap.m.Input","viewName":"etm.portal.ui.manageyards.view.New","viewId":"application-manageyards-display-component---NewYard","bindingPath":{"path":"","propertyPath":"/SALES_AREA_VTWEG","modelName":"NewYardModel"},"interaction":{"idSuffix":"inner"}},"wdio_ui5_key":"etmportal.ui.manageyards.view.Newsap.m.Input{\"path\":\"\",\"propertyPath\":\"/SALES_AREA_VTWEG\",\"modelName\":\"NewYardModel\"}"}]}
RESULT: undefined
COMMAND: POST /session/607d018a704b9af93060bba46e6b34ea/execute/async - {"script":"<script> [776 bytes]","args":[{"enterText":"C2","selector":{"controlType":"sap.m.Input","viewName":"etm.portal.ui.manageyards.view.New","viewId":"application-manageyards-display-component---NewYard","bindingPath":{"path":"","propertyPath":"/SALES_AREA_VTWEG","modelName":"NewYardModel"},"interaction":{"idSuffix":"inner"}},"clearTextFirst":true,"interactionType":"ENTER_TEXT"}]}
RESULT: {"script":"<script> [776 bytes]","args":[{"enterText":"C2","selector":{"controlType":"sap.m.Input","viewName":"etm.portal.ui.manageyards.view.New","viewId":"application-manageyards-display-component---NewYard","bindingPath":{"path":"","propertyPath":"/SALES_AREA_VTWEG","modelName":"NewYardModel"},"interaction":{"idSuffix":"inner"}},"clearTextFirst":true,"interactionType":"ENTER_TEXT"}]}
COMMAND: POST /session/607d018a704b9af93060bba46e6b34ea/execute/async - {"script":"<script> [1562 bytes]","args":[{"selector":{"controlType":"sap.m.Input","viewName":"etm.portal.ui.manageyards.view.New","viewId":"application-manageyards-display-component---NewYard","bindingPath":{"path":"","propertyPath":"/SALES_AREA_SPART","modelName":"NewYardModel"},"interaction":{"idSuffix":"inner"}},"wdio_ui5_key":"etmportal.ui.manageyards.view.Newsap.m.Input{\"path\":\"\",\"propertyPath\":\"/SALES_AREA_SPART\",\"modelName\":\"NewYardModel\"}"}]}
RESULT: {"script":"<script> [1562 bytes]","args":[{"selector":{"controlType":"sap.m.Input","viewName":"etm.portal.ui.manageyards.view.New","viewId":"application-manageyards-display-component---NewYard","bindingPath":{"path":"","propertyPath":"/SALES_AREA_SPART","modelName":"NewYardModel"},"interaction":{"idSuffix":"inner"}},"wdio_ui5_key":"etmportal.ui.manageyards.view.Newsap.m.Input{\"path\":\"\",\"propertyPath\":\"/SALES_AREA_SPART\",\"modelName\":\"NewYardModel\"}"}]}
RESULT: undefined
COMMAND: POST /session/607d018a704b9af93060bba46e6b34ea/execute/async - {"script":"<script> [776 bytes]","args":[{"enterText":"C2","selector":{"controlType":"sap.m.Input","viewName":"etm.portal.ui.manageyards.view.New","viewId":"application-manageyards-display-component---NewYard","bindingPath":{"path":"","propertyPath":"/SALES_AREA_SPART","modelName":"NewYardModel"},"interaction":{"idSuffix":"inner"}},"clearTextFirst":true,"interactionType":"ENTER_TEXT"}]}
RESULT: {"script":"<script> [776 bytes]","args":[{"enterText":"C2","selector":{"controlType":"sap.m.Input","viewName":"etm.portal.ui.manageyards.view.New","viewId":"application-manageyards-display-component---NewYard","bindingPath":{"path":"","propertyPath":"/SALES_AREA_SPART","modelName":"NewYardModel"},"interaction":{"idSuffix":"inner"}},"clearTextFirst":true,"interactionType":"ENTER_TEXT"}]}
COMMAND: POST /session/607d018a704b9af93060bba46e6b34ea/execute/async - {"script":"<script> [1562 bytes]","args":[{"selector":{"controlType":"sap.m.Input","viewName":"etm.portal.ui.manageyards.view.New","viewId":"application-manageyards-display-component---NewYard","bindingPath":{"path":"","propertyPath":"/SHIP_POINT","modelName":"NewYardModel"},"interaction":{"idSuffix":"inner"}},"wdio_ui5_key":"etmportal.ui.manageyards.view.Newsap.m.Input{\"path\":\"\",\"propertyPath\":\"/SHIP_POINT\",\"modelName\":\"NewYardModel\"}"}]}
RESULT: {"script":"<script> [1562 bytes]","args":[{"selector":{"controlType":"sap.m.Input","viewName":"etm.portal.ui.manageyards.view.New","viewId":"application-manageyards-display-component---NewYard","bindingPath":{"path":"","propertyPath":"/SHIP_POINT","modelName":"NewYardModel"},"interaction":{"idSuffix":"inner"}},"wdio_ui5_key":"etmportal.ui.manageyards.view.Newsap.m.Input{\"path\":\"\",\"propertyPath\":\"/SHIP_POINT\",\"modelName\":\"NewYardModel\"}"}]}
RESULT: undefined
COMMAND: POST /session/607d018a704b9af93060bba46e6b34ea/execute/async - {"script":"<script> [776 bytes]","args":[{"enterText":"1710","selector":{"controlType":"sap.m.Input","viewName":"etm.portal.ui.manageyards.view.New","viewId":"application-manageyards-display-component---NewYard","bindingPath":{"path":"","propertyPath":"/SHIP_POINT","modelName":"NewYardModel"},"interaction":{"idSuffix":"inner"}},"clearTextFirst":true,"interactionType":"ENTER_TEXT"}]}
RESULT: {"script":"<script> [776 bytes]","args":[{"enterText":"1710","selector":{"controlType":"sap.m.Input","viewName":"etm.portal.ui.manageyards.view.New","viewId":"application-manageyards-display-component---NewYard","bindingPath":{"path":"","propertyPath":"/SHIP_POINT","modelName":"NewYardModel"},"interaction":{"idSuffix":"inner"}},"clearTextFirst":true,"interactionType":"ENTER_TEXT"}]}
COMMAND: POST /session/607d018a704b9af93060bba46e6b34ea/execute/async - {"script":"<script> [1562 bytes]","args":[{"selector":{"controlType":"sap.m.Input","viewName":"etm.portal.ui.manageyards.view.New","viewId":"application-manageyards-display-component---NewYard","bindingPath":{"path":"","propertyPath":"/DELIVERY_TYPE","modelName":"NewYardModel"},"interaction":{"idSuffix":"inner"}},"wdio_ui5_key":"etmportal.ui.manageyards.view.Newsap.m.Input{\"path\":\"\",\"propertyPath\":\"/DELIVERY_TYPE\",\"modelName\":\"NewYardModel\"}"}]}
RESULT: {"script":"<script> [1562 bytes]","args":[{"selector":{"controlType":"sap.m.Input","viewName":"etm.portal.ui.manageyards.view.New","viewId":"application-manageyards-display-component---NewYard","bindingPath":{"path":"","propertyPath":"/DELIVERY_TYPE","modelName":"NewYardModel"},"interaction":{"idSuffix":"inner"}},"wdio_ui5_key":"etmportal.ui.manageyards.view.Newsap.m.Input{\"path\":\"\",\"propertyPath\":\"/DELIVERY_TYPE\",\"modelName\":\"NewYardModel\"}"}]}
RESULT: undefined
COMMAND: POST /session/607d018a704b9af93060bba46e6b34ea/execute/async - {"script":"<script> [776 bytes]","args":[{"enterText":"ZL01","selector":{"controlType":"sap.m.Input","viewName":"etm.portal.ui.manageyards.view.New","viewId":"application-manageyards-display-component---NewYard","bindingPath":{"path":"","propertyPath":"/DELIVERY_TYPE","modelName":"NewYardModel"},"interaction":{"idSuffix":"inner"}},"clearTextFirst":true,"interactionType":"ENTER_TEXT"}]}
RESULT: {"script":"<script> [776 bytes]","args":[{"enterText":"ZL01","selector":{"controlType":"sap.m.Input","viewName":"etm.portal.ui.manageyards.view.New","viewId":"application-manageyards-display-component---NewYard","bindingPath":{"path":"","propertyPath":"/DELIVERY_TYPE","modelName":"NewYardModel"},"interaction":{"idSuffix":"inner"}},"clearTextFirst":true,"interactionType":"ENTER_TEXT"}]}
COMMAND: POST /session/607d018a704b9af93060bba46e6b34ea/execute/async - {"script":"<script> [1562 bytes]","args":[{"selector":{"controlType":"sap.m.Input","viewName":"etm.portal.ui.manageyards.view.New","viewId":"application-manageyards-display-component---NewYard","bindingPath":{"path":"","propertyPath":"/AUART","modelName":"NewYardModel"},"interaction":{"idSuffix":"inner"}},"wdio_ui5_key":"etmportal.ui.manageyards.view.Newsap.m.Input{\"path\":\"\",\"propertyPath\":\"/AUART\",\"modelName\":\"NewYardModel\"}"}]}
RESULT: {"script":"<script> [1562 bytes]","args":[{"selector":{"controlType":"sap.m.Input","viewName":"etm.portal.ui.manageyards.view.New","viewId":"application-manageyards-display-component---NewYard","bindingPath":{"path":"","propertyPath":"/AUART","modelName":"NewYardModel"},"interaction":{"idSuffix":"inner"}},"wdio_ui5_key":"etmportal.ui.manageyards.view.Newsap.m.Input{\"path\":\"\",\"propertyPath\":\"/AUART\",\"modelName\":\"NewYardModel\"}"}]}
RESULT: undefined
COMMAND: POST /session/607d018a704b9af93060bba46e6b34ea/execute/async - {"script":"<script> [776 bytes]","args":[{"enterText":"TA","selector":{"controlType":"sap.m.Input","viewName":"etm.portal.ui.manageyards.view.New","viewId":"application-manageyards-display-component---NewYard","bindingPath":{"path":"","propertyPath":"/AUART","modelName":"NewYardModel"},"interaction":{"idSuffix":"inner"}},"clearTextFirst":true,"interactionType":"ENTER_TEXT"}]}
RESULT: {"script":"<script> [776 bytes]","args":[{"enterText":"TA","selector":{"controlType":"sap.m.Input","viewName":"etm.portal.ui.manageyards.view.New","viewId":"application-manageyards-display-component---NewYard","bindingPath":{"path":"","propertyPath":"/AUART","modelName":"NewYardModel"},"interaction":{"idSuffix":"inner"}},"clearTextFirst":true,"interactionType":"ENTER_TEXT"}]}
COMMAND: POST /session/607d018a704b9af93060bba46e6b34ea/element - {"using":"xpath","value":"//button[@data-kt=\"newYardSaveButton\"]"}
RESULT: {"using":"xpath","value":"//button[@data-kt=\"newYardSaveButton\"]"}
COMMAND: POST /session/607d018a704b9af93060bba46e6b34ea/element/f.4527E55B2E871277B1F5041EE4C08110.d.4D409CCCAA9AE24D9B731B44A9F0DAF1.e.712/click - {}
RESULT: {}
COMMAND: GET /session/607d018a704b9af93060bba46e6b34ea/screenshot - {}
RESULT: {}
COMMAND: POST /session/607d018a704b9af93060bba46e6b34ea/element - {"using":"xpath","value":"//header[contains(@id, 'ObjectPageLayout-headerTitle')]/div[1]/div[2]/div[1]/span[1]"}
RESULT: {"using":"xpath","value":"//header[contains(@id, 'ObjectPageLayout-headerTitle')]/div[1]/div[2]/div[1]/span[1]"}
COMMAND: POST /session/607d018a704b9af93060bba46e6b34ea/elements - {"using":"xpath","value":"//header[contains(@id, 'ObjectPageLayout-headerTitle')]/div[1]/div[2]/div[1]/span[1]"}
RESULT: {"using":"xpath","value":"//header[contains(@id, 'ObjectPageLayout-headerTitle')]/div[1]/div[2]/div[1]/span[1]"}
COMMAND: POST /session/607d018a704b9af93060bba46e6b34ea/execute/sync - {"script":"<script> [56 bytes]","args":[{"element-6066-11e4-a52e-4f735466cecf":"f.4527E55B2E871277B1F5041EE4C08110.d.4D409CCCAA9AE24D9B731B44A9F0DAF1.e.1021","ELEMENT":"f.4527E55B2E871277B1F5041EE4C08110.d.4D409CCCAA9AE24D9B731B44A9F0DAF1.e.1021"}]}
RESULT: {"script":"<script> [56 bytes]","args":[{"element-6066-11e4-a52e-4f735466cecf":"f.4527E55B2E871277B1F5041EE4C08110.d.4D409CCCAA9AE24D9B731B44A9F0DAF1.e.1021","ELEMENT":"f.4527E55B2E871277B1F5041EE4C08110.d.4D409CCCAA9AE24D9B731B44A9F0DAF1.e.1021"}]}
COMMAND: GET /session/607d018a704b9af93060bba46e6b34ea/screenshot - {}
RESULT: {}
COMMAND: POST /session/607d018a704b9af93060bba46e6b34ea/element - {"using":"css selector","value":"#shell-header-logo"}
RESULT: {"using":"css selector","value":"#shell-header-logo"}
COMMAND: POST /session/607d018a704b9af93060bba46e6b34ea/element/f.4527E55B2E871277B1F5041EE4C08110.d.4D409CCCAA9AE24D9B731B44A9F0DAF1.e.260/click - {}
RESULT: {}
COMMAND: GET /session/607d018a704b9af93060bba46e6b34ea/screenshot - {}
RESULT: {}
COMMAND: POST /session/607d018a704b9af93060bba46e6b34ea/execute/sync - {"script":"<script> [299 bytes]","args":[["getModel","getResource"]]}
RESULT: {"script":"<script> [299 bytes]","args":[["getModel","getResource"]]}
]]></system-out>
    </testcase>
    <testcase classname="chrome.135_0_7049_96.windows.Tests_for_Mass_State_Change_on_Manage_States_&amp;_Performances_US104416_US" name="Prereq Should create a new partner" time="126.259">
      <system-out><![CDATA[
COMMAND: GET /session/607d018a704b9af93060bba46e6b34ea/screenshot - {}
COMMAND: POST /session/607d018a704b9af93060bba46e6b34ea/window/fullscreen - {}
RESULT: {}
RESULT: {}
COMMAND: POST /session/607d018a704b9af93060bba46e6b34ea/execute/async - {"script":"<script> [1562 bytes]","args":[{"selector":{"controlType":"sap.m.GenericTile","properties":{"header":"Manage Partners"}},"wdio_ui5_key":"sapm.GenericTile{\"header\":\"Manage Partners\"}"}]}
RESULT: {"script":"<script> [1562 bytes]","args":[{"selector":{"controlType":"sap.m.GenericTile","properties":{"header":"Manage Partners"}},"wdio_ui5_key":"sapm.GenericTile{\"header\":\"Manage Partners\"}"}]}
RESULT: undefined
COMMAND: POST /session/607d018a704b9af93060bba46e6b34ea/element - {"using":"xpath","value":"//*[@id=\"__tile38\"]"}
RESULT: {"using":"xpath","value":"//*[@id=\"__tile38\"]"}
COMMAND: POST /session/607d018a704b9af93060bba46e6b34ea/element/f.4527E55B2E871277B1F5041EE4C08110.d.4D409CCCAA9AE24D9B731B44A9F0DAF1.e.152/click - {}
RESULT: {}
COMMAND: POST /session/607d018a704b9af93060bba46e6b34ea/element - {"using":"xpath","value":"//button[@data-kt=\"addButton\"]"}
COMMAND: GET /session/607d018a704b9af93060bba46e6b34ea/screenshot - {}
RESULT: {"using":"xpath","value":"//button[@data-kt=\"addButton\"]"}
COMMAND: POST /session/607d018a704b9af93060bba46e6b34ea/elements - {"using":"xpath","value":"//button[@data-kt=\"addButton\"]"}
RESULT: {}
RESULT: {"using":"xpath","value":"//button[@data-kt=\"addButton\"]"}
COMMAND: POST /session/607d018a704b9af93060bba46e6b34ea/elements - {"using":"xpath","value":"//button[@data-kt=\"addButton\"]"}
RESULT: {"using":"xpath","value":"//button[@data-kt=\"addButton\"]"}
COMMAND: POST /session/607d018a704b9af93060bba46e6b34ea/elements - {"using":"xpath","value":"//button[@data-kt=\"addButton\"]"}
RESULT: {"using":"xpath","value":"//button[@data-kt=\"addButton\"]"}
COMMAND: POST /session/607d018a704b9af93060bba46e6b34ea/elements - {"using":"xpath","value":"//button[@data-kt=\"addButton\"]"}
RESULT: {"using":"xpath","value":"//button[@data-kt=\"addButton\"]"}
COMMAND: POST /session/607d018a704b9af93060bba46e6b34ea/elements - {"using":"xpath","value":"//button[@data-kt=\"addButton\"]"}
RESULT: {"using":"xpath","value":"//button[@data-kt=\"addButton\"]"}
COMMAND: POST /session/607d018a704b9af93060bba46e6b34ea/elements - {"using":"xpath","value":"//button[@data-kt=\"addButton\"]"}
RESULT: {"using":"xpath","value":"//button[@data-kt=\"addButton\"]"}
COMMAND: POST /session/607d018a704b9af93060bba46e6b34ea/elements - {"using":"xpath","value":"//button[@data-kt=\"addButton\"]"}
RESULT: {"using":"xpath","value":"//button[@data-kt=\"addButton\"]"}
COMMAND: POST /session/607d018a704b9af93060bba46e6b34ea/elements - {"using":"xpath","value":"//button[@data-kt=\"addButton\"]"}
RESULT: {"using":"xpath","value":"//button[@data-kt=\"addButton\"]"}
COMMAND: POST /session/607d018a704b9af93060bba46e6b34ea/elements - {"using":"xpath","value":"//button[@data-kt=\"addButton\"]"}
RESULT: {"using":"xpath","value":"//button[@data-kt=\"addButton\"]"}
COMMAND: POST /session/607d018a704b9af93060bba46e6b34ea/elements - {"using":"xpath","value":"//button[@data-kt=\"addButton\"]"}
RESULT: {"using":"xpath","value":"//button[@data-kt=\"addButton\"]"}
COMMAND: POST /session/607d018a704b9af93060bba46e6b34ea/elements - {"using":"xpath","value":"//button[@data-kt=\"addButton\"]"}
RESULT: {"using":"xpath","value":"//button[@data-kt=\"addButton\"]"}
COMMAND: POST /session/607d018a704b9af93060bba46e6b34ea/elements - {"using":"xpath","value":"//button[@data-kt=\"addButton\"]"}
RESULT: {"using":"xpath","value":"//button[@data-kt=\"addButton\"]"}
COMMAND: POST /session/607d018a704b9af93060bba46e6b34ea/elements - {"using":"xpath","value":"//button[@data-kt=\"addButton\"]"}
RESULT: {"using":"xpath","value":"//button[@data-kt=\"addButton\"]"}
COMMAND: POST /session/607d018a704b9af93060bba46e6b34ea/elements - {"using":"xpath","value":"//button[@data-kt=\"addButton\"]"}
RESULT: {"using":"xpath","value":"//button[@data-kt=\"addButton\"]"}
COMMAND: POST /session/607d018a704b9af93060bba46e6b34ea/elements - {"using":"xpath","value":"//button[@data-kt=\"addButton\"]"}
RESULT: {"using":"xpath","value":"//button[@data-kt=\"addButton\"]"}
COMMAND: POST /session/607d018a704b9af93060bba46e6b34ea/elements - {"using":"xpath","value":"//button[@data-kt=\"addButton\"]"}
RESULT: {"using":"xpath","value":"//button[@data-kt=\"addButton\"]"}
COMMAND: POST /session/607d018a704b9af93060bba46e6b34ea/elements - {"using":"xpath","value":"//button[@data-kt=\"addButton\"]"}
RESULT: {"using":"xpath","value":"//button[@data-kt=\"addButton\"]"}
COMMAND: POST /session/607d018a704b9af93060bba46e6b34ea/elements - {"using":"xpath","value":"//button[@data-kt=\"addButton\"]"}
RESULT: {"using":"xpath","value":"//button[@data-kt=\"addButton\"]"}
COMMAND: POST /session/607d018a704b9af93060bba46e6b34ea/elements - {"using":"xpath","value":"//button[@data-kt=\"addButton\"]"}
RESULT: {"using":"xpath","value":"//button[@data-kt=\"addButton\"]"}
COMMAND: POST /session/607d018a704b9af93060bba46e6b34ea/elements - {"using":"xpath","value":"//button[@data-kt=\"addButton\"]"}
RESULT: {"using":"xpath","value":"//button[@data-kt=\"addButton\"]"}
COMMAND: POST /session/607d018a704b9af93060bba46e6b34ea/elements - {"using":"xpath","value":"//button[@data-kt=\"addButton\"]"}
RESULT: {"using":"xpath","value":"//button[@data-kt=\"addButton\"]"}
COMMAND: POST /session/607d018a704b9af93060bba46e6b34ea/elements - {"using":"xpath","value":"//button[@data-kt=\"addButton\"]"}
RESULT: {"using":"xpath","value":"//button[@data-kt=\"addButton\"]"}
COMMAND: POST /session/607d018a704b9af93060bba46e6b34ea/elements - {"using":"xpath","value":"//button[@data-kt=\"addButton\"]"}
RESULT: {"using":"xpath","value":"//button[@data-kt=\"addButton\"]"}
COMMAND: POST /session/607d018a704b9af93060bba46e6b34ea/element - {"using":"xpath","value":"//button[@data-kt=\"addButton\"]"}
RESULT: {"using":"xpath","value":"//button[@data-kt=\"addButton\"]"}
COMMAND: POST /session/607d018a704b9af93060bba46e6b34ea/execute/sync - {"script":"<script> [8489 bytes]","args":[{"element-6066-11e4-a52e-4f735466cecf":"f.4527E55B2E871277B1F5041EE4C08110.d.4D409CCCAA9AE24D9B731B44A9F0DAF1.e.1071","ELEMENT":"f.4527E55B2E871277B1F5041EE4C08110.d.4D409CCCAA9AE24D9B731B44A9F0DAF1.e.1071"}]}
RESULT: {"script":"<script> [8489 bytes]","args":[{"element-6066-11e4-a52e-4f735466cecf":"f.4527E55B2E871277B1F5041EE4C08110.d.4D409CCCAA9AE24D9B731B44A9F0DAF1.e.1071","ELEMENT":"f.4527E55B2E871277B1F5041EE4C08110.d.4D409CCCAA9AE24D9B731B44A9F0DAF1.e.1071"}]}
COMMAND: GET /session/607d018a704b9af93060bba46e6b34ea/element/f.4527E55B2E871277B1F5041EE4C08110.d.4D409CCCAA9AE24D9B731B44A9F0DAF1.e.1071/enabled - {}
COMMAND: GET /session/607d018a704b9af93060bba46e6b34ea/screenshot - {}
RESULT: {}
COMMAND: POST /session/607d018a704b9af93060bba46e6b34ea/execute/sync - {"script":"<script> [8489 bytes]","args":[{"element-6066-11e4-a52e-4f735466cecf":"f.4527E55B2E871277B1F5041EE4C08110.d.4D409CCCAA9AE24D9B731B44A9F0DAF1.e.1071","ELEMENT":"f.4527E55B2E871277B1F5041EE4C08110.d.4D409CCCAA9AE24D9B731B44A9F0DAF1.e.1071"}]}
COMMAND: GET /session/607d018a704b9af93060bba46e6b34ea/screenshot - {}
RESULT: {}
RESULT: {"script":"<script> [8489 bytes]","args":[{"element-6066-11e4-a52e-4f735466cecf":"f.4527E55B2E871277B1F5041EE4C08110.d.4D409CCCAA9AE24D9B731B44A9F0DAF1.e.1071","ELEMENT":"f.4527E55B2E871277B1F5041EE4C08110.d.4D409CCCAA9AE24D9B731B44A9F0DAF1.e.1071"}]}
COMMAND: POST /session/607d018a704b9af93060bba46e6b34ea/execute/sync - {"script":"<script> [5351 bytes]","args":[{"element-6066-11e4-a52e-4f735466cecf":"f.4527E55B2E871277B1F5041EE4C08110.d.4D409CCCAA9AE24D9B731B44A9F0DAF1.e.1071","ELEMENT":"f.4527E55B2E871277B1F5041EE4C08110.d.4D409CCCAA9AE24D9B731B44A9F0DAF1.e.1071"}]}
COMMAND: GET /session/607d018a704b9af93060bba46e6b34ea/screenshot - {}
RESULT: {}
RESULT: {"script":"<script> [5351 bytes]","args":[{"element-6066-11e4-a52e-4f735466cecf":"f.4527E55B2E871277B1F5041EE4C08110.d.4D409CCCAA9AE24D9B731B44A9F0DAF1.e.1071","ELEMENT":"f.4527E55B2E871277B1F5041EE4C08110.d.4D409CCCAA9AE24D9B731B44A9F0DAF1.e.1071"}]}
COMMAND: POST /session/607d018a704b9af93060bba46e6b34ea/element/f.4527E55B2E871277B1F5041EE4C08110.d.4D409CCCAA9AE24D9B731B44A9F0DAF1.e.1071/click - {}
COMMAND: GET /session/607d018a704b9af93060bba46e6b34ea/screenshot - {}
RESULT: {}
RESULT: {}
COMMAND: GET /session/607d018a704b9af93060bba46e6b34ea/screenshot - {}
COMMAND: POST /session/607d018a704b9af93060bba46e6b34ea/execute/async - {"script":"<script> [1562 bytes]","args":[{"selector":{"id":"application-managepartners-display-component---NewPartner--addressDetailDetailsName1","interaction":{"idSuffix":"inner"}},"wdio_ui5_key":"applicationmanagepartners-display-component---NewPartner--addressDetailDetailsName1"}]}
RESULT: {}
RESULT: {}
RESULT: {"script":"<script> [1562 bytes]","args":[{"selector":{"id":"application-managepartners-display-component---NewPartner--addressDetailDetailsName1","interaction":{"idSuffix":"inner"}},"wdio_ui5_key":"applicationmanagepartners-display-component---NewPartner--addressDetailDetailsName1"}]}
RESULT: undefined
COMMAND: POST /session/607d018a704b9af93060bba46e6b34ea/execute/async - {"script":"<script> [776 bytes]","args":[{"enterText":"Intracompany Partner WDIO","selector":{"id":"application-managepartners-display-component---NewPartner--addressDetailDetailsName1","interaction":{"idSuffix":"inner"}},"clearTextFirst":true,"interactionType":"ENTER_TEXT"}]}
RESULT: {"script":"<script> [776 bytes]","args":[{"enterText":"Intracompany Partner WDIO","selector":{"id":"application-managepartners-display-component---NewPartner--addressDetailDetailsName1","interaction":{"idSuffix":"inner"}},"clearTextFirst":true,"interactionType":"ENTER_TEXT"}]}
COMMAND: POST /session/607d018a704b9af93060bba46e6b34ea/execute/async - {"script":"<script> [1562 bytes]","args":[{"selector":{"id":"application-managepartners-display-component---NewPartner--addressDetailDetailsLanguage-arrow"},"wdio_ui5_key":"applicationmanagepartners-display-component---NewPartner--addressDetailDetailsLanguage-arrow"}]}
RESULT: {"script":"<script> [1562 bytes]","args":[{"selector":{"id":"application-managepartners-display-component---NewPartner--addressDetailDetailsLanguage-arrow"},"wdio_ui5_key":"applicationmanagepartners-display-component---NewPartner--addressDetailDetailsLanguage-arrow"}]}
RESULT: undefined
COMMAND: POST /session/607d018a704b9af93060bba46e6b34ea/element - {"using":"xpath","value":"//*[@id=\"application-managepartners-display-component---NewPartner--addressDetailDetailsLanguage-arrow\"]"}
RESULT: {"using":"xpath","value":"//*[@id=\"application-managepartners-display-component---NewPartner--addressDetailDetailsLanguage-arrow\"]"}
COMMAND: POST /session/607d018a704b9af93060bba46e6b34ea/element/f.4527E55B2E871277B1F5041EE4C08110.d.4D409CCCAA9AE24D9B731B44A9F0DAF1.e.1506/click - {}
RESULT: {}
COMMAND: POST /session/607d018a704b9af93060bba46e6b34ea/element - {"using":"xpath","value":"//span[contains(text(), \"English\")]"}
COMMAND: GET /session/607d018a704b9af93060bba46e6b34ea/screenshot - {}
RESULT: {"using":"xpath","value":"//span[contains(text(), \"English\")]"}
COMMAND: POST /session/607d018a704b9af93060bba46e6b34ea/element/f.4527E55B2E871277B1F5041EE4C08110.d.4D409CCCAA9AE24D9B731B44A9F0DAF1.e.1507/click - {}
RESULT: {}
RESULT: {}
COMMAND: GET /session/607d018a704b9af93060bba46e6b34ea/screenshot - {}
RESULT: {}
COMMAND: POST /session/607d018a704b9af93060bba46e6b34ea/execute/async - {"script":"<script> [1562 bytes]","args":[{"selector":{"id":"application-managepartners-display-component---NewPartner--addressDetailDetailsCity1","interaction":{"idSuffix":"inner"}},"wdio_ui5_key":"applicationmanagepartners-display-component---NewPartner--addressDetailDetailsCity1"}]}
RESULT: {"script":"<script> [1562 bytes]","args":[{"selector":{"id":"application-managepartners-display-component---NewPartner--addressDetailDetailsCity1","interaction":{"idSuffix":"inner"}},"wdio_ui5_key":"applicationmanagepartners-display-component---NewPartner--addressDetailDetailsCity1"}]}
RESULT: undefined
COMMAND: POST /session/607d018a704b9af93060bba46e6b34ea/execute/async - {"script":"<script> [776 bytes]","args":[{"enterText":"Rosario","selector":{"id":"application-managepartners-display-component---NewPartner--addressDetailDetailsCity1","interaction":{"idSuffix":"inner"}},"clearTextFirst":true,"interactionType":"ENTER_TEXT"}]}
RESULT: {"script":"<script> [776 bytes]","args":[{"enterText":"Rosario","selector":{"id":"application-managepartners-display-component---NewPartner--addressDetailDetailsCity1","interaction":{"idSuffix":"inner"}},"clearTextFirst":true,"interactionType":"ENTER_TEXT"}]}
COMMAND: POST /session/607d018a704b9af93060bba46e6b34ea/execute/async - {"script":"<script> [1562 bytes]","args":[{"selector":{"id":"application-managepartners-display-component---NewPartner--addressDetailDetailsCountry-arrow"},"wdio_ui5_key":"applicationmanagepartners-display-component---NewPartner--addressDetailDetailsCountry-arrow"}]}
RESULT: {"script":"<script> [1562 bytes]","args":[{"selector":{"id":"application-managepartners-display-component---NewPartner--addressDetailDetailsCountry-arrow"},"wdio_ui5_key":"applicationmanagepartners-display-component---NewPartner--addressDetailDetailsCountry-arrow"}]}
RESULT: undefined
COMMAND: POST /session/607d018a704b9af93060bba46e6b34ea/element - {"using":"xpath","value":"//*[@id=\"application-managepartners-display-component---NewPartner--addressDetailDetailsCountry-arrow\"]"}
RESULT: {"using":"xpath","value":"//*[@id=\"application-managepartners-display-component---NewPartner--addressDetailDetailsCountry-arrow\"]"}
COMMAND: POST /session/607d018a704b9af93060bba46e6b34ea/element/f.4527E55B2E871277B1F5041EE4C08110.d.4D409CCCAA9AE24D9B731B44A9F0DAF1.e.1492/click - {}
RESULT: {}
COMMAND: POST /session/607d018a704b9af93060bba46e6b34ea/element - {"using":"xpath","value":"//span[contains(text(), \"Argentina\")]"}
COMMAND: GET /session/607d018a704b9af93060bba46e6b34ea/screenshot - {}
RESULT: {"using":"xpath","value":"//span[contains(text(), \"Argentina\")]"}
COMMAND: POST /session/607d018a704b9af93060bba46e6b34ea/element/f.4527E55B2E871277B1F5041EE4C08110.d.4D409CCCAA9AE24D9B731B44A9F0DAF1.e.1509/click - {}
RESULT: {}
RESULT: {}
COMMAND: GET /session/607d018a704b9af93060bba46e6b34ea/screenshot - {}
RESULT: {}
COMMAND: POST /session/607d018a704b9af93060bba46e6b34ea/element - {"using":"xpath","value":"//bdi[contains(text(), \"Commercial\")]"}
RESULT: {"using":"xpath","value":"//bdi[contains(text(), \"Commercial\")]"}
COMMAND: POST /session/607d018a704b9af93060bba46e6b34ea/element/f.4527E55B2E871277B1F5041EE4C08110.d.4D409CCCAA9AE24D9B731B44A9F0DAF1.e.1510/click - {}
RESULT: {}
COMMAND: GET /session/607d018a704b9af93060bba46e6b34ea/screenshot - {}
RESULT: {}
COMMAND: POST /session/607d018a704b9af93060bba46e6b34ea/execute/async - {"script":"<script> [1562 bytes]","args":[{"selector":{"id":"application-managepartners-display-component---NewPartner--partnerDetailInternal-arrow"},"wdio_ui5_key":"applicationmanagepartners-display-component---NewPartner--partnerDetailInternal-arrow"}]}
RESULT: {"script":"<script> [1562 bytes]","args":[{"selector":{"id":"application-managepartners-display-component---NewPartner--partnerDetailInternal-arrow"},"wdio_ui5_key":"applicationmanagepartners-display-component---NewPartner--partnerDetailInternal-arrow"}]}
RESULT: undefined
COMMAND: POST /session/607d018a704b9af93060bba46e6b34ea/element - {"using":"xpath","value":"//*[@id=\"application-managepartners-display-component---NewPartner--partnerDetailInternal-arrow\"]"}
RESULT: {"using":"xpath","value":"//*[@id=\"application-managepartners-display-component---NewPartner--partnerDetailInternal-arrow\"]"}
COMMAND: POST /session/607d018a704b9af93060bba46e6b34ea/element/f.4527E55B2E871277B1F5041EE4C08110.d.4D409CCCAA9AE24D9B731B44A9F0DAF1.e.1516/click - {}
RESULT: {}
COMMAND: POST /session/607d018a704b9af93060bba46e6b34ea/element - {"using":"xpath","value":"//span[contains(text(), \"Affiliated company\")]"}
COMMAND: GET /session/607d018a704b9af93060bba46e6b34ea/screenshot - {}
RESULT: {"using":"xpath","value":"//span[contains(text(), \"Affiliated company\")]"}
COMMAND: POST /session/607d018a704b9af93060bba46e6b34ea/element/f.4527E55B2E871277B1F5041EE4C08110.d.4D409CCCAA9AE24D9B731B44A9F0DAF1.e.1519/click - {}
RESULT: {}
RESULT: {}
COMMAND: POST /session/607d018a704b9af93060bba46e6b34ea/execute/async - {"script":"<script> [1562 bytes]","args":[{"selector":{"id":"application-managepartners-display-component---NewPartner--partnerDetailsCurrency-arrow"},"wdio_ui5_key":"applicationmanagepartners-display-component---NewPartner--partnerDetailsCurrency-arrow"}]}
COMMAND: GET /session/607d018a704b9af93060bba46e6b34ea/screenshot - {}
RESULT: {"script":"<script> [1562 bytes]","args":[{"selector":{"id":"application-managepartners-display-component---NewPartner--partnerDetailsCurrency-arrow"},"wdio_ui5_key":"applicationmanagepartners-display-component---NewPartner--partnerDetailsCurrency-arrow"}]}
RESULT: undefined
COMMAND: POST /session/607d018a704b9af93060bba46e6b34ea/element - {"using":"xpath","value":"//*[@id=\"application-managepartners-display-component---NewPartner--partnerDetailsCurrency-arrow\"]"}
RESULT: {}
RESULT: {"using":"xpath","value":"//*[@id=\"application-managepartners-display-component---NewPartner--partnerDetailsCurrency-arrow\"]"}
COMMAND: POST /session/607d018a704b9af93060bba46e6b34ea/element/f.4527E55B2E871277B1F5041EE4C08110.d.4D409CCCAA9AE24D9B731B44A9F0DAF1.e.1526/click - {}
RESULT: {}
COMMAND: POST /session/607d018a704b9af93060bba46e6b34ea/element - {"using":"xpath","value":"//span[contains(text(), \"Euro\")]"}
COMMAND: GET /session/607d018a704b9af93060bba46e6b34ea/screenshot - {}
RESULT: {"using":"xpath","value":"//span[contains(text(), \"Euro\")]"}
COMMAND: POST /session/607d018a704b9af93060bba46e6b34ea/element/f.4527E55B2E871277B1F5041EE4C08110.d.4D409CCCAA9AE24D9B731B44A9F0DAF1.e.1527/click - {}
RESULT: {}
RESULT: {}
COMMAND: POST /session/607d018a704b9af93060bba46e6b34ea/execute/async - {"script":"<script> [1562 bytes]","args":[{"selector":{"id":"application-managepartners-display-component---NewPartner--addressEditDetailsCostObjectCstType-arrow"},"wdio_ui5_key":"applicationmanagepartners-display-component---NewPartner--addressEditDetailsCostObjectCstType-arrow"}]}
COMMAND: GET /session/607d018a704b9af93060bba46e6b34ea/screenshot - {}
RESULT: {"script":"<script> [1562 bytes]","args":[{"selector":{"id":"application-managepartners-display-component---NewPartner--addressEditDetailsCostObjectCstType-arrow"},"wdio_ui5_key":"applicationmanagepartners-display-component---NewPartner--addressEditDetailsCostObjectCstType-arrow"}]}
RESULT: undefined
COMMAND: POST /session/607d018a704b9af93060bba46e6b34ea/element - {"using":"xpath","value":"//*[@id=\"application-managepartners-display-component---NewPartner--addressEditDetailsCostObjectCstType-arrow\"]"}
RESULT: {}
RESULT: {"using":"xpath","value":"//*[@id=\"application-managepartners-display-component---NewPartner--addressEditDetailsCostObjectCstType-arrow\"]"}
COMMAND: POST /session/607d018a704b9af93060bba46e6b34ea/element/f.4527E55B2E871277B1F5041EE4C08110.d.4D409CCCAA9AE24D9B731B44A9F0DAF1.e.1528/click - {}
RESULT: {}
COMMAND: POST /session/607d018a704b9af93060bba46e6b34ea/element - {"using":"xpath","value":"//span[contains(text(), \"Cost Center\")]"}
COMMAND: GET /session/607d018a704b9af93060bba46e6b34ea/screenshot - {}
RESULT: {"using":"xpath","value":"//span[contains(text(), \"Cost Center\")]"}
COMMAND: POST /session/607d018a704b9af93060bba46e6b34ea/element/f.4527E55B2E871277B1F5041EE4C08110.d.4D409CCCAA9AE24D9B731B44A9F0DAF1.e.1529/click - {}
RESULT: {}
RESULT: {}
COMMAND: GET /session/607d018a704b9af93060bba46e6b34ea/screenshot - {}
RESULT: {}
COMMAND: POST /session/607d018a704b9af93060bba46e6b34ea/element - {"using":"xpath","value":"//span[@id=\"application-managepartners-display-component---NewPartner--addressNewCostObjectCstID-vhi\"]"}
RESULT: {"using":"xpath","value":"//span[@id=\"application-managepartners-display-component---NewPartner--addressNewCostObjectCstID-vhi\"]"}
COMMAND: POST /session/607d018a704b9af93060bba46e6b34ea/execute/sync - {"script":"<script> [8489 bytes]","args":[{"element-6066-11e4-a52e-4f735466cecf":"f.4527E55B2E871277B1F5041EE4C08110.d.4D409CCCAA9AE24D9B731B44A9F0DAF1.e.1533","ELEMENT":"f.4527E55B2E871277B1F5041EE4C08110.d.4D409CCCAA9AE24D9B731B44A9F0DAF1.e.1533"}]}
RESULT: {"script":"<script> [8489 bytes]","args":[{"element-6066-11e4-a52e-4f735466cecf":"f.4527E55B2E871277B1F5041EE4C08110.d.4D409CCCAA9AE24D9B731B44A9F0DAF1.e.1533","ELEMENT":"f.4527E55B2E871277B1F5041EE4C08110.d.4D409CCCAA9AE24D9B731B44A9F0DAF1.e.1533"}]}
COMMAND: POST /session/607d018a704b9af93060bba46e6b34ea/execute/async - {"script":"<script> [1562 bytes]","args":[{"selector":{"id":"application-managepartners-display-component---NewPartner--addressNewCostObjectCstID-vhi"},"wdio_ui5_key":"applicationmanagepartners-display-component---NewPartner--addressNewCostObjectCstID-vhi"}]}
COMMAND: GET /session/607d018a704b9af93060bba46e6b34ea/screenshot - {}
RESULT: {"script":"<script> [1562 bytes]","args":[{"selector":{"id":"application-managepartners-display-component---NewPartner--addressNewCostObjectCstID-vhi"},"wdio_ui5_key":"applicationmanagepartners-display-component---NewPartner--addressNewCostObjectCstID-vhi"}]}
RESULT: undefined
COMMAND: POST /session/607d018a704b9af93060bba46e6b34ea/element - {"using":"xpath","value":"//*[@id=\"application-managepartners-display-component---NewPartner--addressNewCostObjectCstID-vhi\"]"}
RESULT: {}
RESULT: {"using":"xpath","value":"//*[@id=\"application-managepartners-display-component---NewPartner--addressNewCostObjectCstID-vhi\"]"}
COMMAND: POST /session/607d018a704b9af93060bba46e6b34ea/element/f.4527E55B2E871277B1F5041EE4C08110.d.4D409CCCAA9AE24D9B731B44A9F0DAF1.e.1533/click - {}
RESULT: {}
COMMAND: GET /session/607d018a704b9af93060bba46e6b34ea/screenshot - {}
RESULT: {}
RESULT: undefined
COMMAND: POST /session/607d018a704b9af93060bba46e6b34ea/execute/async - {"script":"<script> [776 bytes]","args":[{"enterText":"10001013","selector":{"controlType":"sap.m.SearchField","properties":{"placeholder":"Search"},"searchOpenDialogs":true,"interaction":{"idSuffix":"I"}},"clearTextFirst":true,"interactionType":"ENTER_TEXT"}]}
RESULT: {"script":"<script> [776 bytes]","args":[{"enterText":"10001013","selector":{"controlType":"sap.m.SearchField","properties":{"placeholder":"Search"},"searchOpenDialogs":true,"interaction":{"idSuffix":"I"}},"clearTextFirst":true,"interactionType":"ENTER_TEXT"}]}
COMMAND: POST /session/607d018a704b9af93060bba46e6b34ea/actions - {"actions":[{"id":"action2","type":"key","parameters":{},"actions":[{"type":"keyDown","value":"î€‡"},{"type":"pause","duration":10},{"type":"keyUp","value":"î€‡"}]}]}
RESULT: {"actions":[{"id":"action2","type":"key","parameters":{},"actions":[{"type":"keyDown","value":"î€‡"},{"type":"pause","duration":10},{"type":"keyUp","value":"î€‡"}]}]}
COMMAND: GET /session/607d018a704b9af93060bba46e6b34ea/screenshot - {}
RESULT: {}
COMMAND: POST /session/607d018a704b9af93060bba46e6b34ea/element - {"using":"xpath","value":"//span[contains(text(), \"General Management\")]"}
RESULT: {"using":"xpath","value":"//span[contains(text(), \"General Management\")]"}
COMMAND: POST /session/607d018a704b9af93060bba46e6b34ea/element/f.4527E55B2E871277B1F5041EE4C08110.d.4D409CCCAA9AE24D9B731B44A9F0DAF1.e.1572/click - {}
RESULT: {}
COMMAND: GET /session/607d018a704b9af93060bba46e6b34ea/screenshot - {}
RESULT: {}
COMMAND: POST /session/607d018a704b9af93060bba46e6b34ea/element - {"using":"xpath","value":"//bdi[contains(text(), \"OK\")]"}
RESULT: {"using":"xpath","value":"//bdi[contains(text(), \"OK\")]"}
COMMAND: POST /session/607d018a704b9af93060bba46e6b34ea/element/f.4527E55B2E871277B1F5041EE4C08110.d.4D409CCCAA9AE24D9B731B44A9F0DAF1.e.1573/click - {}
RESULT: {}
COMMAND: GET /session/607d018a704b9af93060bba46e6b34ea/screenshot - {}
RESULT: {}
COMMAND: POST /session/607d018a704b9af93060bba46e6b34ea/element - {"using":"xpath","value":"//input[@id=\"application-managepartners-display-component---NewPartner--companyCodeComboBox-inner\"]"}
RESULT: {"using":"xpath","value":"//input[@id=\"application-managepartners-display-component---NewPartner--companyCodeComboBox-inner\"]"}
COMMAND: POST /session/607d018a704b9af93060bba46e6b34ea/element/f.4527E55B2E871277B1F5041EE4C08110.d.4D409CCCAA9AE24D9B731B44A9F0DAF1.e.1372/clear - {}
RESULT: {}
COMMAND: POST /session/607d018a704b9af93060bba46e6b34ea/element/f.4527E55B2E871277B1F5041EE4C08110.d.4D409CCCAA9AE24D9B731B44A9F0DAF1.e.1372/value - {"text":"1000"}
COMMAND: GET /session/607d018a704b9af93060bba46e6b34ea/screenshot - {}
RESULT: {"text":"1000"}
COMMAND: GET /session/607d018a704b9af93060bba46e6b34ea/screenshot - {}
RESULT: {}
RESULT: {}
COMMAND: POST /session/607d018a704b9af93060bba46e6b34ea/element - {"using":"xpath","value":"//span[contains(text(), \"1000\")]"}
RESULT: {"using":"xpath","value":"//span[contains(text(), \"1000\")]"}
COMMAND: POST /session/607d018a704b9af93060bba46e6b34ea/element/f.4527E55B2E871277B1F5041EE4C08110.d.4D409CCCAA9AE24D9B731B44A9F0DAF1.e.1579/click - {}
RESULT: {}
COMMAND: GET /session/607d018a704b9af93060bba46e6b34ea/screenshot - {}
RESULT: {}
COMMAND: POST /session/607d018a704b9af93060bba46e6b34ea/execute/async - {"script":"<script> [1562 bytes]","args":[{"selector":{"id":"application-managepartners-display-component---NewPartner--btnAddTableRow-img"},"wdio_ui5_key":"applicationmanagepartners-display-component---NewPartner--btnAddTableRow-img"}]}
RESULT: {"script":"<script> [1562 bytes]","args":[{"selector":{"id":"application-managepartners-display-component---NewPartner--btnAddTableRow-img"},"wdio_ui5_key":"applicationmanagepartners-display-component---NewPartner--btnAddTableRow-img"}]}
RESULT: undefined
COMMAND: POST /session/607d018a704b9af93060bba46e6b34ea/element - {"using":"xpath","value":"//*[@id=\"application-managepartners-display-component---NewPartner--btnAddTableRow-img\"]"}
RESULT: {"using":"xpath","value":"//*[@id=\"application-managepartners-display-component---NewPartner--btnAddTableRow-img\"]"}
COMMAND: POST /session/607d018a704b9af93060bba46e6b34ea/element/f.4527E55B2E871277B1F5041EE4C08110.d.4D409CCCAA9AE24D9B731B44A9F0DAF1.e.1580/click - {}
RESULT: {}
COMMAND: GET /session/607d018a704b9af93060bba46e6b34ea/screenshot - {}
RESULT: {}
COMMAND: POST /session/607d018a704b9af93060bba46e6b34ea/element - {"using":"xpath","value":"//input[@id=\"application-managepartners-display-component---NewPartner--assignmentYard-application-managepartners-display-component---NewPartner--assignmentsTable-0-inner\"]"}
RESULT: {"using":"xpath","value":"//input[@id=\"application-managepartners-display-component---NewPartner--assignmentYard-application-managepartners-display-component---NewPartner--assignmentsTable-0-inner\"]"}
COMMAND: POST /session/607d018a704b9af93060bba46e6b34ea/element/f.4527E55B2E871277B1F5041EE4C08110.d.4D409CCCAA9AE24D9B731B44A9F0DAF1.e.1583/clear - {}
RESULT: {}
COMMAND: POST /session/607d018a704b9af93060bba46e6b34ea/element/f.4527E55B2E871277B1F5041EE4C08110.d.4D409CCCAA9AE24D9B731B44A9F0DAF1.e.1583/value - {"text":"552"}
COMMAND: GET /session/607d018a704b9af93060bba46e6b34ea/screenshot - {}
RESULT: {"text":"552"}
COMMAND: GET /session/607d018a704b9af93060bba46e6b34ea/screenshot - {}
RESULT: {}
RESULT: {}
COMMAND: POST /session/607d018a704b9af93060bba46e6b34ea/element - {"using":"xpath","value":"//li[.//span[text()='552']]"}
RESULT: {"using":"xpath","value":"//li[.//span[text()='552']]"}
COMMAND: POST /session/607d018a704b9af93060bba46e6b34ea/element/f.4527E55B2E871277B1F5041EE4C08110.d.4D409CCCAA9AE24D9B731B44A9F0DAF1.e.1592/click - {}
RESULT: {}
COMMAND: GET /session/607d018a704b9af93060bba46e6b34ea/screenshot - {}
RESULT: {}
COMMAND: POST /session/607d018a704b9af93060bba46e6b34ea/actions - {"actions":[{"id":"action3","type":"key","parameters":{},"actions":[{"type":"keyDown","value":"î€‡"},{"type":"pause","duration":10},{"type":"keyUp","value":"î€‡"}]}]}
RESULT: {"actions":[{"id":"action3","type":"key","parameters":{},"actions":[{"type":"keyDown","value":"î€‡"},{"type":"pause","duration":10},{"type":"keyUp","value":"î€‡"}]}]}
COMMAND: POST /session/607d018a704b9af93060bba46e6b34ea/execute/async - {"script":"<script> [1562 bytes]","args":[{"selector":{"id":"application-managepartners-display-component---NewPartner--externalCustomerComboBox-application-managepartners-display-component---NewPartner--assignmentsTable-0-vhi"},"wdio_ui5_key":"applicationmanagepartners-display-component---NewPartner--externalCustomerComboBox-application-managepartners-display-component---NewPartner--assignmentsTable-0-vhi"}]}
COMMAND: GET /session/607d018a704b9af93060bba46e6b34ea/screenshot - {}
RESULT: {"script":"<script> [1562 bytes]","args":[{"selector":{"id":"application-managepartners-display-component---NewPartner--externalCustomerComboBox-application-managepartners-display-component---NewPartner--assignmentsTable-0-vhi"},"wdio_ui5_key":"applicationmanagepartners-display-component---NewPartner--externalCustomerComboBox-application-managepartners-display-component---NewPartner--assignmentsTable-0-vhi"}]}
RESULT: undefined
COMMAND: POST /session/607d018a704b9af93060bba46e6b34ea/element - {"using":"xpath","value":"//*[@id=\"application-managepartners-display-component---NewPartner--externalCustomerComboBox-application-managepartners-display-component---NewPartner--assignmentsTable-0-vhi\"]"}
RESULT: {}
RESULT: {"using":"xpath","value":"//*[@id=\"application-managepartners-display-component---NewPartner--externalCustomerComboBox-application-managepartners-display-component---NewPartner--assignmentsTable-0-vhi\"]"}
COMMAND: POST /session/607d018a704b9af93060bba46e6b34ea/element/f.4527E55B2E871277B1F5041EE4C08110.d.4D409CCCAA9AE24D9B731B44A9F0DAF1.e.1596/click - {}
RESULT: {}
RESULT: undefined
COMMAND: POST /session/607d018a704b9af93060bba46e6b34ea/execute/async - {"script":"<script> [776 bytes]","args":[{"enterText":"300003","selector":{"controlType":"sap.m.SearchField","properties":{"placeholder":"Search"},"searchOpenDialogs":true,"interaction":{"idSuffix":"I"}},"clearTextFirst":true,"interactionType":"ENTER_TEXT"}]}
COMMAND: GET /session/607d018a704b9af93060bba46e6b34ea/screenshot - {}
RESULT: {"script":"<script> [776 bytes]","args":[{"enterText":"300003","selector":{"controlType":"sap.m.SearchField","properties":{"placeholder":"Search"},"searchOpenDialogs":true,"interaction":{"idSuffix":"I"}},"clearTextFirst":true,"interactionType":"ENTER_TEXT"}]}
COMMAND: POST /session/607d018a704b9af93060bba46e6b34ea/actions - {"actions":[{"id":"action4","type":"key","parameters":{},"actions":[{"type":"keyDown","value":"î€‡"},{"type":"pause","duration":10},{"type":"keyUp","value":"î€‡"}]}]}
RESULT: {}
RESULT: {"actions":[{"id":"action4","type":"key","parameters":{},"actions":[{"type":"keyDown","value":"î€‡"},{"type":"pause","duration":10},{"type":"keyUp","value":"î€‡"}]}]}
COMMAND: GET /session/607d018a704b9af93060bba46e6b34ea/screenshot - {}
RESULT: {}
COMMAND: POST /session/607d018a704b9af93060bba46e6b34ea/element - {"using":"xpath","value":"//span[contains(text(), \"300003\")]"}
RESULT: {"using":"xpath","value":"//span[contains(text(), \"300003\")]"}
COMMAND: POST /session/607d018a704b9af93060bba46e6b34ea/element/f.4527E55B2E871277B1F5041EE4C08110.d.4D409CCCAA9AE24D9B731B44A9F0DAF1.e.1615/click - {}
RESULT: {}
COMMAND: GET /session/607d018a704b9af93060bba46e6b34ea/screenshot - {}
RESULT: {}
COMMAND: POST /session/607d018a704b9af93060bba46e6b34ea/element - {"using":"xpath","value":"//bdi[contains(text(), \"OK\")]"}
RESULT: {"using":"xpath","value":"//bdi[contains(text(), \"OK\")]"}
COMMAND: POST /session/607d018a704b9af93060bba46e6b34ea/element/f.4527E55B2E871277B1F5041EE4C08110.d.4D409CCCAA9AE24D9B731B44A9F0DAF1.e.1617/click - {}
RESULT: {}
COMMAND: GET /session/607d018a704b9af93060bba46e6b34ea/screenshot - {}
RESULT: {}
COMMAND: POST /session/607d018a704b9af93060bba46e6b34ea/execute/async - {"script":"<script> [1562 bytes]","args":[{"selector":{"id":"application-managepartners-display-component---NewPartner--intercompVendorComboBox-application-managepartners-display-component---NewPartner--assignmentsTable-0-vhi"},"wdio_ui5_key":"applicationmanagepartners-display-component---NewPartner--intercompVendorComboBox-application-managepartners-display-component---NewPartner--assignmentsTable-0-vhi"}]}
RESULT: {"script":"<script> [1562 bytes]","args":[{"selector":{"id":"application-managepartners-display-component---NewPartner--intercompVendorComboBox-application-managepartners-display-component---NewPartner--assignmentsTable-0-vhi"},"wdio_ui5_key":"applicationmanagepartners-display-component---NewPartner--intercompVendorComboBox-application-managepartners-display-component---NewPartner--assignmentsTable-0-vhi"}]}
RESULT: undefined
COMMAND: POST /session/607d018a704b9af93060bba46e6b34ea/element - {"using":"xpath","value":"//*[@id=\"application-managepartners-display-component---NewPartner--intercompVendorComboBox-application-managepartners-display-component---NewPartner--assignmentsTable-0-vhi\"]"}
RESULT: {"using":"xpath","value":"//*[@id=\"application-managepartners-display-component---NewPartner--intercompVendorComboBox-application-managepartners-display-component---NewPartner--assignmentsTable-0-vhi\"]"}
COMMAND: POST /session/607d018a704b9af93060bba46e6b34ea/element/f.4527E55B2E871277B1F5041EE4C08110.d.4D409CCCAA9AE24D9B731B44A9F0DAF1.e.1621/click - {}
RESULT: {}
RESULT: undefined
COMMAND: POST /session/607d018a704b9af93060bba46e6b34ea/execute/async - {"script":"<script> [776 bytes]","args":[{"enterText":"100005","selector":{"controlType":"sap.m.SearchField","properties":{"placeholder":"Search"},"searchOpenDialogs":true,"interaction":{"idSuffix":"I"}},"clearTextFirst":true,"interactionType":"ENTER_TEXT"}]}
COMMAND: GET /session/607d018a704b9af93060bba46e6b34ea/screenshot - {}
RESULT: {"script":"<script> [776 bytes]","args":[{"enterText":"100005","selector":{"controlType":"sap.m.SearchField","properties":{"placeholder":"Search"},"searchOpenDialogs":true,"interaction":{"idSuffix":"I"}},"clearTextFirst":true,"interactionType":"ENTER_TEXT"}]}
COMMAND: POST /session/607d018a704b9af93060bba46e6b34ea/actions - {"actions":[{"id":"action5","type":"key","parameters":{},"actions":[{"type":"keyDown","value":"î€‡"},{"type":"pause","duration":10},{"type":"keyUp","value":"î€‡"}]}]}
RESULT: {}
RESULT: {"actions":[{"id":"action5","type":"key","parameters":{},"actions":[{"type":"keyDown","value":"î€‡"},{"type":"pause","duration":10},{"type":"keyUp","value":"î€‡"}]}]}
COMMAND: GET /session/607d018a704b9af93060bba46e6b34ea/screenshot - {}
RESULT: {}
COMMAND: POST /session/607d018a704b9af93060bba46e6b34ea/element - {"using":"xpath","value":"//span[contains(text(), \"Penguins - Field/12345 Berlin\")]"}
RESULT: {"using":"xpath","value":"//span[contains(text(), \"Penguins - Field/12345 Berlin\")]"}
COMMAND: POST /session/607d018a704b9af93060bba46e6b34ea/element/f.4527E55B2E871277B1F5041EE4C08110.d.4D409CCCAA9AE24D9B731B44A9F0DAF1.e.1639/click - {}
RESULT: {}
COMMAND: GET /session/607d018a704b9af93060bba46e6b34ea/screenshot - {}
RESULT: {}
COMMAND: POST /session/607d018a704b9af93060bba46e6b34ea/element - {"using":"xpath","value":"//bdi[contains(text(), \"OK\")]"}
RESULT: {"using":"xpath","value":"//bdi[contains(text(), \"OK\")]"}
COMMAND: POST /session/607d018a704b9af93060bba46e6b34ea/element/f.4527E55B2E871277B1F5041EE4C08110.d.4D409CCCAA9AE24D9B731B44A9F0DAF1.e.1640/click - {}
RESULT: {}
COMMAND: GET /session/607d018a704b9af93060bba46e6b34ea/screenshot - {}
RESULT: {}
COMMAND: POST /session/607d018a704b9af93060bba46e6b34ea/element - {"using":"xpath","value":"//button[@data-kt=\"saveButton\"]"}
RESULT: {"using":"xpath","value":"//button[@data-kt=\"saveButton\"]"}
COMMAND: POST /session/607d018a704b9af93060bba46e6b34ea/element/f.4527E55B2E871277B1F5041EE4C08110.d.4D409CCCAA9AE24D9B731B44A9F0DAF1.e.1488/click - {}
RESULT: {}
COMMAND: GET /session/607d018a704b9af93060bba46e6b34ea/screenshot - {}
RESULT: {}
COMMAND: POST /session/607d018a704b9af93060bba46e6b34ea/element - {"using":"xpath","value":"//header[contains(@id, 'ObjectPageLayout-headerTitle')]/div[1]/div[2]/div[2]/span[1]"}
RESULT: {"using":"xpath","value":"//header[contains(@id, 'ObjectPageLayout-headerTitle')]/div[1]/div[2]/div[2]/span[1]"}
COMMAND: POST /session/607d018a704b9af93060bba46e6b34ea/elements - {"using":"xpath","value":"//header[contains(@id, 'ObjectPageLayout-headerTitle')]/div[1]/div[2]/div[2]/span[1]"}
RESULT: {"using":"xpath","value":"//header[contains(@id, 'ObjectPageLayout-headerTitle')]/div[1]/div[2]/div[2]/span[1]"}
COMMAND: POST /session/607d018a704b9af93060bba46e6b34ea/execute/sync - {"script":"<script> [56 bytes]","args":[{"element-6066-11e4-a52e-4f735466cecf":"f.4527E55B2E871277B1F5041EE4C08110.d.4D409CCCAA9AE24D9B731B44A9F0DAF1.e.1805","ELEMENT":"f.4527E55B2E871277B1F5041EE4C08110.d.4D409CCCAA9AE24D9B731B44A9F0DAF1.e.1805"}]}
RESULT: {"script":"<script> [56 bytes]","args":[{"element-6066-11e4-a52e-4f735466cecf":"f.4527E55B2E871277B1F5041EE4C08110.d.4D409CCCAA9AE24D9B731B44A9F0DAF1.e.1805","ELEMENT":"f.4527E55B2E871277B1F5041EE4C08110.d.4D409CCCAA9AE24D9B731B44A9F0DAF1.e.1805"}]}
COMMAND: POST /session/607d018a704b9af93060bba46e6b34ea/element - {"using":"css selector","value":"#shell-header-logo"}
COMMAND: GET /session/607d018a704b9af93060bba46e6b34ea/screenshot - {}
RESULT: {"using":"css selector","value":"#shell-header-logo"}
COMMAND: POST /session/607d018a704b9af93060bba46e6b34ea/element/f.4527E55B2E871277B1F5041EE4C08110.d.4D409CCCAA9AE24D9B731B44A9F0DAF1.e.1026/click - {}
RESULT: {}
RESULT: {}
COMMAND: GET /session/607d018a704b9af93060bba46e6b34ea/screenshot - {}
RESULT: {}
COMMAND: POST /session/607d018a704b9af93060bba46e6b34ea/execute/sync - {"script":"<script> [299 bytes]","args":[["getModel","getResource"]]}
RESULT: {"script":"<script> [299 bytes]","args":[["getModel","getResource"]]}
]]></system-out>
    </testcase>
  </testsuite>
</testsuites>