<?xml version="1.0" encoding="UTF-8"?>
<testsuites tests="9" failures="1" errors="1" skipped="0">
  <testsuite timestamp="2025-06-12T17:57:40" time="770.678" tests="9" failures="1" errors="1" skipped="0">
    <properties>
      <property name="specId" value="0" />
      <property name="suiteName" value="Address Management Tests US156181 US151165 US151160 US156180 US156178 US151157 US151172 US151170 US151166 US151168" />
      <property name="capabilities" value="chrome.137_0_7151_69.windows" />
      <property name="file" value="file:///D:/a/1/s/test/specs/BTS/address-management.spec.js" />
    </properties>
    <testcase classname="chrome.137_0_7151_69.windows.Address_Management_Tests_US156181_US151165_US151160_US156180_US156178_US151157_US151172_US151170_US151166_US151168" name="Step 1 Will check existence of address created with generated name if none then we create US156181" time="70.819">
      <system-out><![CDATA[
COMMAND: POST /session/4af11252f55e55044372f1ecd41138d9/execute/async - {"script":"<script> [1562 bytes]","args":[{"selector":{"controlType":"sap.m.GenericTile","properties":{"header":"Address Management"}},"wdio_ui5_key":"sapm.GenericTile{\"header\":\"Address Management\"}"}]}
RESULT: {"script":"<script> [1562 bytes]","args":[{"selector":{"controlType":"sap.m.GenericTile","properties":{"header":"Address Management"}},"wdio_ui5_key":"sapm.GenericTile{\"header\":\"Address Management\"}"}]}
RESULT: undefined
COMMAND: POST /session/4af11252f55e55044372f1ecd41138d9/element - {"using":"xpath","value":"//*[@id=\"__tile34\"]"}
RESULT: {"using":"xpath","value":"//*[@id=\"__tile34\"]"}
COMMAND: POST /session/4af11252f55e55044372f1ecd41138d9/element/f.476C3AA770E6D07C2EC07595B7803E41.d.80DEDD041C5D0BE613BFC1D940CB6203.e.239/click - {}
RESULT: {}
COMMAND: GET /session/4af11252f55e55044372f1ecd41138d9/screenshot - {}
RESULT: {}
COMMAND: POST /session/4af11252f55e55044372f1ecd41138d9/elements - {"using":"xpath","value":"//span[text()='Error']"}
RESULT: {"using":"xpath","value":"//span[text()='Error']"}
COMMAND: POST /session/4af11252f55e55044372f1ecd41138d9/element - {"using":"xpath","value":"//button[@data-kt=\"addButton\"]"}
RESULT: {"using":"xpath","value":"//button[@data-kt=\"addButton\"]"}
COMMAND: POST /session/4af11252f55e55044372f1ecd41138d9/elements - {"using":"xpath","value":"//button[@data-kt=\"addButton\"]"}
RESULT: {"using":"xpath","value":"//button[@data-kt=\"addButton\"]"}
COMMAND: POST /session/4af11252f55e55044372f1ecd41138d9/elements - {"using":"xpath","value":"//button[@data-kt=\"addButton\"]"}
RESULT: {"using":"xpath","value":"//button[@data-kt=\"addButton\"]"}
COMMAND: POST /session/4af11252f55e55044372f1ecd41138d9/elements - {"using":"xpath","value":"//button[@data-kt=\"addButton\"]"}
RESULT: {"using":"xpath","value":"//button[@data-kt=\"addButton\"]"}
COMMAND: POST /session/4af11252f55e55044372f1ecd41138d9/elements - {"using":"xpath","value":"//button[@data-kt=\"addButton\"]"}
RESULT: {"using":"xpath","value":"//button[@data-kt=\"addButton\"]"}
COMMAND: POST /session/4af11252f55e55044372f1ecd41138d9/elements - {"using":"xpath","value":"//button[@data-kt=\"addButton\"]"}
RESULT: {"using":"xpath","value":"//button[@data-kt=\"addButton\"]"}
COMMAND: POST /session/4af11252f55e55044372f1ecd41138d9/elements - {"using":"xpath","value":"//button[@data-kt=\"addButton\"]"}
RESULT: {"using":"xpath","value":"//button[@data-kt=\"addButton\"]"}
COMMAND: POST /session/4af11252f55e55044372f1ecd41138d9/elements - {"using":"xpath","value":"//button[@data-kt=\"addButton\"]"}
RESULT: {"using":"xpath","value":"//button[@data-kt=\"addButton\"]"}
COMMAND: POST /session/4af11252f55e55044372f1ecd41138d9/elements - {"using":"xpath","value":"//button[@data-kt=\"addButton\"]"}
RESULT: {"using":"xpath","value":"//button[@data-kt=\"addButton\"]"}
COMMAND: POST /session/4af11252f55e55044372f1ecd41138d9/element - {"using":"xpath","value":"//button[@data-kt=\"addButton\"]"}
RESULT: {"using":"xpath","value":"//button[@data-kt=\"addButton\"]"}
COMMAND: POST /session/4af11252f55e55044372f1ecd41138d9/execute/sync - {"script":"<script> [8489 bytes]","args":[{"element-6066-11e4-a52e-4f735466cecf":"f.476C3AA770E6D07C2EC07595B7803E41.d.80DEDD041C5D0BE613BFC1D940CB6203.e.324","ELEMENT":"f.476C3AA770E6D07C2EC07595B7803E41.d.80DEDD041C5D0BE613BFC1D940CB6203.e.324"}]}
RESULT: {"script":"<script> [8489 bytes]","args":[{"element-6066-11e4-a52e-4f735466cecf":"f.476C3AA770E6D07C2EC07595B7803E41.d.80DEDD041C5D0BE613BFC1D940CB6203.e.324","ELEMENT":"f.476C3AA770E6D07C2EC07595B7803E41.d.80DEDD041C5D0BE613BFC1D940CB6203.e.324"}]}
COMMAND: GET /session/4af11252f55e55044372f1ecd41138d9/element/f.476C3AA770E6D07C2EC07595B7803E41.d.80DEDD041C5D0BE613BFC1D940CB6203.e.324/enabled - {}
COMMAND: GET /session/4af11252f55e55044372f1ecd41138d9/screenshot - {}
RESULT: {}
COMMAND: POST /session/4af11252f55e55044372f1ecd41138d9/execute/sync - {"script":"<script> [8489 bytes]","args":[{"element-6066-11e4-a52e-4f735466cecf":"f.476C3AA770E6D07C2EC07595B7803E41.d.80DEDD041C5D0BE613BFC1D940CB6203.e.324","ELEMENT":"f.476C3AA770E6D07C2EC07595B7803E41.d.80DEDD041C5D0BE613BFC1D940CB6203.e.324"}]}
COMMAND: GET /session/4af11252f55e55044372f1ecd41138d9/screenshot - {}
RESULT: {}
RESULT: {"script":"<script> [8489 bytes]","args":[{"element-6066-11e4-a52e-4f735466cecf":"f.476C3AA770E6D07C2EC07595B7803E41.d.80DEDD041C5D0BE613BFC1D940CB6203.e.324","ELEMENT":"f.476C3AA770E6D07C2EC07595B7803E41.d.80DEDD041C5D0BE613BFC1D940CB6203.e.324"}]}
COMMAND: POST /session/4af11252f55e55044372f1ecd41138d9/execute/sync - {"script":"<script> [5351 bytes]","args":[{"element-6066-11e4-a52e-4f735466cecf":"f.476C3AA770E6D07C2EC07595B7803E41.d.80DEDD041C5D0BE613BFC1D940CB6203.e.324","ELEMENT":"f.476C3AA770E6D07C2EC07595B7803E41.d.80DEDD041C5D0BE613BFC1D940CB6203.e.324"}]}
COMMAND: GET /session/4af11252f55e55044372f1ecd41138d9/screenshot - {}
RESULT: {}
RESULT: {"script":"<script> [5351 bytes]","args":[{"element-6066-11e4-a52e-4f735466cecf":"f.476C3AA770E6D07C2EC07595B7803E41.d.80DEDD041C5D0BE613BFC1D940CB6203.e.324","ELEMENT":"f.476C3AA770E6D07C2EC07595B7803E41.d.80DEDD041C5D0BE613BFC1D940CB6203.e.324"}]}
COMMAND: GET /session/4af11252f55e55044372f1ecd41138d9/screenshot - {}
RESULT: {}
RESULT: {}
COMMAND: POST /session/4af11252f55e55044372f1ecd41138d9/execute/async - {"script":"<script> [1562 bytes]","args":[{"selector":{"id":"application-addressmanagement-display-component---masterAdm--smartFilterBar-btnBasicSearch","interaction":{"idSuffix":"I"}},"wdio_ui5_key":"applicationaddressmanagement-display-component---masterAdm--smartFilterBar-btnBasicSearch"}]}
RESULT: {"script":"<script> [1562 bytes]","args":[{"selector":{"id":"application-addressmanagement-display-component---masterAdm--smartFilterBar-btnBasicSearch","interaction":{"idSuffix":"I"}},"wdio_ui5_key":"applicationaddressmanagement-display-component---masterAdm--smartFilterBar-btnBasicSearch"}]}
RESULT: undefined
COMMAND: POST /session/4af11252f55e55044372f1ecd41138d9/execute/async - {"script":"<script> [776 bytes]","args":[{"enterText":"Cvk57Zvvfy","selector":{"id":"application-addressmanagement-display-component---masterAdm--smartFilterBar-btnBasicSearch","interaction":{"idSuffix":"I"}},"clearTextFirst":true,"interactionType":"ENTER_TEXT"}]}
RESULT: {"script":"<script> [776 bytes]","args":[{"enterText":"Cvk57Zvvfy","selector":{"id":"application-addressmanagement-display-component---masterAdm--smartFilterBar-btnBasicSearch","interaction":{"idSuffix":"I"}},"clearTextFirst":true,"interactionType":"ENTER_TEXT"}]}
COMMAND: POST /session/4af11252f55e55044372f1ecd41138d9/actions - {"actions":[{"id":"action1","type":"key","parameters":{},"actions":[{"type":"keyDown","value":"î€‡"},{"type":"pause","duration":10},{"type":"keyUp","value":"î€‡"}]}]}
RESULT: {"actions":[{"id":"action1","type":"key","parameters":{},"actions":[{"type":"keyDown","value":"î€‡"},{"type":"pause","duration":10},{"type":"keyUp","value":"î€‡"}]}]}
COMMAND: GET /session/4af11252f55e55044372f1ecd41138d9/screenshot - {}
RESULT: {}
COMMAND: POST /session/4af11252f55e55044372f1ecd41138d9/elements - {"using":"xpath","value":"//table[contains(@id, \"customPersonsAddressesTable-listUl\")]/tbody/tr"}
RESULT: {"using":"xpath","value":"//table[contains(@id, \"customPersonsAddressesTable-listUl\")]/tbody/tr"}
COMMAND: POST /session/4af11252f55e55044372f1ecd41138d9/element - {"using":"xpath","value":"//table[contains(@id, \"customPersonsAddressesTable-listUl\")]/tbody/tr[1]/td[5]/span/span"}
RESULT: {"using":"xpath","value":"//table[contains(@id, \"customPersonsAddressesTable-listUl\")]/tbody/tr[1]/td[5]/span/span"}
COMMAND: POST /session/4af11252f55e55044372f1ecd41138d9/element - {"using":"xpath","value":"//table[contains(@id, \"customPersonsAddressesTable-listUl\")]/tbody/tr[1]/td[3]/span"}
RESULT: {"using":"xpath","value":"//table[contains(@id, \"customPersonsAddressesTable-listUl\")]/tbody/tr[1]/td[3]/span"}
COMMAND: POST /session/4af11252f55e55044372f1ecd41138d9/elements - {"using":"xpath","value":"//table[contains(@id, \"customPersonsAddressesTable-listUl\")]/tbody/tr[1]/td[5]/span/span"}
RESULT: {"using":"xpath","value":"//table[contains(@id, \"customPersonsAddressesTable-listUl\")]/tbody/tr[1]/td[5]/span/span"}
COMMAND: POST /session/4af11252f55e55044372f1ecd41138d9/element - {"using":"xpath","value":"//span[@id=\"application-addressmanagement-display-component---masterAdm--smartTable-header-inner\"]"}
RESULT: {"using":"xpath","value":"//span[@id=\"application-addressmanagement-display-component---masterAdm--smartTable-header-inner\"]"}
COMMAND: POST /session/4af11252f55e55044372f1ecd41138d9/elements - {"using":"xpath","value":"//span[@id=\"application-addressmanagement-display-component---masterAdm--smartTable-header-inner\"]"}
RESULT: {"using":"xpath","value":"//span[@id=\"application-addressmanagement-display-component---masterAdm--smartTable-header-inner\"]"}
COMMAND: POST /session/4af11252f55e55044372f1ecd41138d9/execute/sync - {"script":"<script> [56 bytes]","args":[{"element-6066-11e4-a52e-4f735466cecf":"f.476C3AA770E6D07C2EC07595B7803E41.d.80DEDD041C5D0BE613BFC1D940CB6203.e.465","ELEMENT":"f.476C3AA770E6D07C2EC07595B7803E41.d.80DEDD041C5D0BE613BFC1D940CB6203.e.465"}]}
RESULT: {"script":"<script> [56 bytes]","args":[{"element-6066-11e4-a52e-4f735466cecf":"f.476C3AA770E6D07C2EC07595B7803E41.d.80DEDD041C5D0BE613BFC1D940CB6203.e.465","ELEMENT":"f.476C3AA770E6D07C2EC07595B7803E41.d.80DEDD041C5D0BE613BFC1D940CB6203.e.465"}]}
COMMAND: POST /session/4af11252f55e55044372f1ecd41138d9/element - {"using":"xpath","value":"//button[@data-kt=\"addButton\"]"}
COMMAND: GET /session/4af11252f55e55044372f1ecd41138d9/screenshot - {}
RESULT: {"using":"xpath","value":"//button[@data-kt=\"addButton\"]"}
COMMAND: POST /session/4af11252f55e55044372f1ecd41138d9/element/f.476C3AA770E6D07C2EC07595B7803E41.d.80DEDD041C5D0BE613BFC1D940CB6203.e.324/click - {}
RESULT: {}
RESULT: {}
COMMAND: GET /session/4af11252f55e55044372f1ecd41138d9/screenshot - {}
RESULT: {}
COMMAND: POST /session/4af11252f55e55044372f1ecd41138d9/execute/async - {"script":"<script> [1562 bytes]","args":[{"selector":{"controlType":"sap.ui.core.Icon","viewName":"etm.portal.ui.addressmanagement.view.NewAddress","properties":{"src":{"regex":{"source":"slim\\-arrow\\-down"}}},"ancestor":{"id":"addressTitle","viewName":"etm.portal.ui.addressmanagement.view.NewAddress"}},"wdio_ui5_key":"etmportal.ui.addressmanagement.view.NewAddresssap.ui.core.Icon{\"src\":{\"regex\":{\"source\":\"slim\\\\-arrow\\\\-down\"}}}{\"id\":\"addressTitle\",\"viewName\":\"etm.portal.ui.addressmanagement.view.NewAddress\"}"}]}
RESULT: {"script":"<script> [1562 bytes]","args":[{"selector":{"controlType":"sap.ui.core.Icon","viewName":"etm.portal.ui.addressmanagement.view.NewAddress","properties":{"src":{"regex":{"source":"slim\\-arrow\\-down"}}},"ancestor":{"id":"addressTitle","viewName":"etm.portal.ui.addressmanagement.view.NewAddress"}},"wdio_ui5_key":"etmportal.ui.addressmanagement.view.NewAddresssap.ui.core.Icon{\"src\":{\"regex\":{\"source\":\"slim\\\\-arrow\\\\-down\"}}}{\"id\":\"addressTitle\",\"viewName\":\"etm.portal.ui.addressmanagement.view.NewAddress\"}"}]}
RESULT: undefined
COMMAND: POST /session/4af11252f55e55044372f1ecd41138d9/element - {"using":"xpath","value":"//*[@id=\"__xmlview59--addressTitle-arrow\"]"}
RESULT: {"using":"xpath","value":"//*[@id=\"__xmlview59--addressTitle-arrow\"]"}
COMMAND: POST /session/4af11252f55e55044372f1ecd41138d9/element/f.476C3AA770E6D07C2EC07595B7803E41.d.80DEDD041C5D0BE613BFC1D940CB6203.e.496/click - {}
RESULT: {}
COMMAND: GET /session/4af11252f55e55044372f1ecd41138d9/screenshot - {}
RESULT: {}
COMMAND: POST /session/4af11252f55e55044372f1ecd41138d9/element - {"using":"xpath","value":"//li[.//span[text()=\"Dr.\"]]"}
RESULT: {"using":"xpath","value":"//li[.//span[text()=\"Dr.\"]]"}
COMMAND: POST /session/4af11252f55e55044372f1ecd41138d9/element/f.476C3AA770E6D07C2EC07595B7803E41.d.80DEDD041C5D0BE613BFC1D940CB6203.e.613/click - {}
RESULT: {}
COMMAND: POST /session/4af11252f55e55044372f1ecd41138d9/execute/async - {"script":"<script> [1562 bytes]","args":[{"selector":{"controlType":"sap.ui.core.Icon","viewName":"etm.portal.ui.addressmanagement.view.NewAddress","properties":{"src":{"regex":{"source":"slim\\-arrow\\-down"}}},"ancestor":{"id":"addressDetailDetailsLanguage","viewName":"etm.portal.ui.addressmanagement.view.NewAddress"}},"wdio_ui5_key":"etmportal.ui.addressmanagement.view.NewAddresssap.ui.core.Icon{\"src\":{\"regex\":{\"source\":\"slim\\\\-arrow\\\\-down\"}}}{\"id\":\"addressDetailDetailsLanguage\",\"viewName\":\"etm.portal.ui.addressmanagement.view.NewAddress\"}"}]}
COMMAND: GET /session/4af11252f55e55044372f1ecd41138d9/screenshot - {}
RESULT: {"script":"<script> [1562 bytes]","args":[{"selector":{"controlType":"sap.ui.core.Icon","viewName":"etm.portal.ui.addressmanagement.view.NewAddress","properties":{"src":{"regex":{"source":"slim\\-arrow\\-down"}}},"ancestor":{"id":"addressDetailDetailsLanguage","viewName":"etm.portal.ui.addressmanagement.view.NewAddress"}},"wdio_ui5_key":"etmportal.ui.addressmanagement.view.NewAddresssap.ui.core.Icon{\"src\":{\"regex\":{\"source\":\"slim\\\\-arrow\\\\-down\"}}}{\"id\":\"addressDetailDetailsLanguage\",\"viewName\":\"etm.portal.ui.addressmanagement.view.NewAddress\"}"}]}
RESULT: undefined
COMMAND: POST /session/4af11252f55e55044372f1ecd41138d9/element - {"using":"xpath","value":"//*[@id=\"__xmlview59--addressDetailDetailsLanguage-arrow\"]"}
RESULT: {}
RESULT: {"using":"xpath","value":"//*[@id=\"__xmlview59--addressDetailDetailsLanguage-arrow\"]"}
COMMAND: POST /session/4af11252f55e55044372f1ecd41138d9/element/f.476C3AA770E6D07C2EC07595B7803E41.d.80DEDD041C5D0BE613BFC1D940CB6203.e.509/click - {}
RESULT: {}
COMMAND: GET /session/4af11252f55e55044372f1ecd41138d9/screenshot - {}
RESULT: {}
COMMAND: POST /session/4af11252f55e55044372f1ecd41138d9/element - {"using":"xpath","value":"//span[contains(text(), \"English\")]"}
RESULT: {"using":"xpath","value":"//span[contains(text(), \"English\")]"}
COMMAND: POST /session/4af11252f55e55044372f1ecd41138d9/element/f.476C3AA770E6D07C2EC07595B7803E41.d.80DEDD041C5D0BE613BFC1D940CB6203.e.614/click - {}
RESULT: {}
COMMAND: POST /session/4af11252f55e55044372f1ecd41138d9/execute/async - {"script":"<script> [1562 bytes]","args":[{"selector":{"controlType":"sap.m.Input","viewName":"etm.portal.ui.addressmanagement.view.NewAddress","labelFor":{"text":"Name"},"interaction":{"idSuffix":"inner"}},"wdio_ui5_key":"etmportal.ui.addressmanagement.view.NewAddresssap.m.Input{\"text\":\"Name\"}"}]}
COMMAND: GET /session/4af11252f55e55044372f1ecd41138d9/screenshot - {}
RESULT: {"script":"<script> [1562 bytes]","args":[{"selector":{"controlType":"sap.m.Input","viewName":"etm.portal.ui.addressmanagement.view.NewAddress","labelFor":{"text":"Name"},"interaction":{"idSuffix":"inner"}},"wdio_ui5_key":"etmportal.ui.addressmanagement.view.NewAddresssap.m.Input{\"text\":\"Name\"}"}]}
RESULT: undefined
COMMAND: POST /session/4af11252f55e55044372f1ecd41138d9/execute/async - {"script":"<script> [776 bytes]","args":[{"enterText":"Cvk57Zvvfy","selector":{"controlType":"sap.m.Input","viewName":"etm.portal.ui.addressmanagement.view.NewAddress","labelFor":{"text":"Name"},"interaction":{"idSuffix":"inner"}},"clearTextFirst":true,"interactionType":"ENTER_TEXT"}]}
RESULT: {}
RESULT: {"script":"<script> [776 bytes]","args":[{"enterText":"Cvk57Zvvfy","selector":{"controlType":"sap.m.Input","viewName":"etm.portal.ui.addressmanagement.view.NewAddress","labelFor":{"text":"Name"},"interaction":{"idSuffix":"inner"}},"clearTextFirst":true,"interactionType":"ENTER_TEXT"}]}
COMMAND: POST /session/4af11252f55e55044372f1ecd41138d9/element - {"using":"xpath","value":"//button[@title=\"Save\"]"}
RESULT: {"using":"xpath","value":"//button[@title=\"Save\"]"}
COMMAND: POST /session/4af11252f55e55044372f1ecd41138d9/element/f.476C3AA770E6D07C2EC07595B7803E41.d.80DEDD041C5D0BE613BFC1D940CB6203.e.594/click - {}
RESULT: {}
COMMAND: GET /session/4af11252f55e55044372f1ecd41138d9/screenshot - {}
RESULT: {}
COMMAND: POST /session/4af11252f55e55044372f1ecd41138d9/element - {"using":"xpath","value":"//header[contains(@id, \"application-addressmanagement-display-component---detailAdm--ObjectPageLayout-headerTitle\")]/div[1]/div[3]/div[2]/span"}
RESULT: {"using":"xpath","value":"//header[contains(@id, \"application-addressmanagement-display-component---detailAdm--ObjectPageLayout-headerTitle\")]/div[1]/div[3]/div[2]/span"}
COMMAND: POST /session/4af11252f55e55044372f1ecd41138d9/elements - {"using":"xpath","value":"//header[contains(@id, \"application-addressmanagement-display-component---detailAdm--ObjectPageLayout-headerTitle\")]/div[1]/div[3]/div[2]/span"}
RESULT: {"using":"xpath","value":"//header[contains(@id, \"application-addressmanagement-display-component---detailAdm--ObjectPageLayout-headerTitle\")]/div[1]/div[3]/div[2]/span"}
COMMAND: POST /session/4af11252f55e55044372f1ecd41138d9/execute/sync - {"script":"<script> [56 bytes]","args":[{"element-6066-11e4-a52e-4f735466cecf":"f.476C3AA770E6D07C2EC07595B7803E41.d.80DEDD041C5D0BE613BFC1D940CB6203.e.649","ELEMENT":"f.476C3AA770E6D07C2EC07595B7803E41.d.80DEDD041C5D0BE613BFC1D940CB6203.e.649"}]}
RESULT: {"script":"<script> [56 bytes]","args":[{"element-6066-11e4-a52e-4f735466cecf":"f.476C3AA770E6D07C2EC07595B7803E41.d.80DEDD041C5D0BE613BFC1D940CB6203.e.649","ELEMENT":"f.476C3AA770E6D07C2EC07595B7803E41.d.80DEDD041C5D0BE613BFC1D940CB6203.e.649"}]}
COMMAND: GET /session/4af11252f55e55044372f1ecd41138d9/screenshot - {}
RESULT: {}
COMMAND: POST /session/4af11252f55e55044372f1ecd41138d9/element - {"using":"css selector","value":"#shell-header-logo"}
RESULT: {"using":"css selector","value":"#shell-header-logo"}
COMMAND: POST /session/4af11252f55e55044372f1ecd41138d9/element/f.476C3AA770E6D07C2EC07595B7803E41.d.80DEDD041C5D0BE613BFC1D940CB6203.e.288/click - {}
RESULT: {}
COMMAND: GET /session/4af11252f55e55044372f1ecd41138d9/screenshot - {}
RESULT: {}
]]></system-out>
    </testcase>
    <testcase classname="chrome.137_0_7151_69.windows.Address_Management_Tests_US156181_US151165_US151160_US156180_US156178_US151157_US151172_US151170_US151166_US151168" name="Step 2 Should deactivate the created address in earlier step US151165" time="46.731">
      <system-out><![CDATA[
RESULT: undefined
COMMAND: POST /session/4af11252f55e55044372f1ecd41138d9/element - {"using":"xpath","value":"//*[@id=\"__tile34\"]"}
RESULT: {"using":"xpath","value":"//*[@id=\"__tile34\"]"}
COMMAND: POST /session/4af11252f55e55044372f1ecd41138d9/element/f.476C3AA770E6D07C2EC07595B7803E41.d.80DEDD041C5D0BE613BFC1D940CB6203.e.239/click - {}
RESULT: {}
COMMAND: GET /session/4af11252f55e55044372f1ecd41138d9/screenshot - {}
COMMAND: POST /session/4af11252f55e55044372f1ecd41138d9/elements - {"using":"xpath","value":"//span[text()='Error']"}
RESULT: {}
RESULT: {"using":"xpath","value":"//span[text()='Error']"}
COMMAND: POST /session/4af11252f55e55044372f1ecd41138d9/element - {"using":"xpath","value":"//button[@data-kt=\"addButton\"]"}
RESULT: {"using":"xpath","value":"//button[@data-kt=\"addButton\"]"}
COMMAND: POST /session/4af11252f55e55044372f1ecd41138d9/elements - {"using":"xpath","value":"//button[@data-kt=\"addButton\"]"}
RESULT: {"using":"xpath","value":"//button[@data-kt=\"addButton\"]"}
COMMAND: POST /session/4af11252f55e55044372f1ecd41138d9/execute/sync - {"script":"<script> [8489 bytes]","args":[{"element-6066-11e4-a52e-4f735466cecf":"f.476C3AA770E6D07C2EC07595B7803E41.d.80DEDD041C5D0BE613BFC1D940CB6203.e.708","ELEMENT":"f.476C3AA770E6D07C2EC07595B7803E41.d.80DEDD041C5D0BE613BFC1D940CB6203.e.708"}]}
RESULT: {"script":"<script> [8489 bytes]","args":[{"element-6066-11e4-a52e-4f735466cecf":"f.476C3AA770E6D07C2EC07595B7803E41.d.80DEDD041C5D0BE613BFC1D940CB6203.e.708","ELEMENT":"f.476C3AA770E6D07C2EC07595B7803E41.d.80DEDD041C5D0BE613BFC1D940CB6203.e.708"}]}
COMMAND: GET /session/4af11252f55e55044372f1ecd41138d9/element/f.476C3AA770E6D07C2EC07595B7803E41.d.80DEDD041C5D0BE613BFC1D940CB6203.e.708/enabled - {}
COMMAND: GET /session/4af11252f55e55044372f1ecd41138d9/screenshot - {}
RESULT: {}
COMMAND: POST /session/4af11252f55e55044372f1ecd41138d9/execute/sync - {"script":"<script> [8489 bytes]","args":[{"element-6066-11e4-a52e-4f735466cecf":"f.476C3AA770E6D07C2EC07595B7803E41.d.80DEDD041C5D0BE613BFC1D940CB6203.e.708","ELEMENT":"f.476C3AA770E6D07C2EC07595B7803E41.d.80DEDD041C5D0BE613BFC1D940CB6203.e.708"}]}
COMMAND: GET /session/4af11252f55e55044372f1ecd41138d9/screenshot - {}
RESULT: {}
RESULT: {"script":"<script> [8489 bytes]","args":[{"element-6066-11e4-a52e-4f735466cecf":"f.476C3AA770E6D07C2EC07595B7803E41.d.80DEDD041C5D0BE613BFC1D940CB6203.e.708","ELEMENT":"f.476C3AA770E6D07C2EC07595B7803E41.d.80DEDD041C5D0BE613BFC1D940CB6203.e.708"}]}
COMMAND: POST /session/4af11252f55e55044372f1ecd41138d9/execute/sync - {"script":"<script> [5351 bytes]","args":[{"element-6066-11e4-a52e-4f735466cecf":"f.476C3AA770E6D07C2EC07595B7803E41.d.80DEDD041C5D0BE613BFC1D940CB6203.e.708","ELEMENT":"f.476C3AA770E6D07C2EC07595B7803E41.d.80DEDD041C5D0BE613BFC1D940CB6203.e.708"}]}
COMMAND: GET /session/4af11252f55e55044372f1ecd41138d9/screenshot - {}
RESULT: {}
RESULT: {"script":"<script> [5351 bytes]","args":[{"element-6066-11e4-a52e-4f735466cecf":"f.476C3AA770E6D07C2EC07595B7803E41.d.80DEDD041C5D0BE613BFC1D940CB6203.e.708","ELEMENT":"f.476C3AA770E6D07C2EC07595B7803E41.d.80DEDD041C5D0BE613BFC1D940CB6203.e.708"}]}
COMMAND: GET /session/4af11252f55e55044372f1ecd41138d9/screenshot - {}
RESULT: {}
RESULT: {}
RESULT: undefined
COMMAND: POST /session/4af11252f55e55044372f1ecd41138d9/execute/async - {"script":"<script> [776 bytes]","args":[{"enterText":"Cvk57Zvvfy","selector":{"id":"application-addressmanagement-display-component---masterAdm--smartFilterBar-btnBasicSearch","interaction":{"idSuffix":"I"}},"clearTextFirst":true,"interactionType":"ENTER_TEXT"}]}
RESULT: {"script":"<script> [776 bytes]","args":[{"enterText":"Cvk57Zvvfy","selector":{"id":"application-addressmanagement-display-component---masterAdm--smartFilterBar-btnBasicSearch","interaction":{"idSuffix":"I"}},"clearTextFirst":true,"interactionType":"ENTER_TEXT"}]}
COMMAND: POST /session/4af11252f55e55044372f1ecd41138d9/actions - {"actions":[{"id":"action2","type":"key","parameters":{},"actions":[{"type":"keyDown","value":"î€‡"},{"type":"pause","duration":10},{"type":"keyUp","value":"î€‡"}]}]}
RESULT: {"actions":[{"id":"action2","type":"key","parameters":{},"actions":[{"type":"keyDown","value":"î€‡"},{"type":"pause","duration":10},{"type":"keyUp","value":"î€‡"}]}]}
COMMAND: GET /session/4af11252f55e55044372f1ecd41138d9/screenshot - {}
RESULT: {}
COMMAND: POST /session/4af11252f55e55044372f1ecd41138d9/elements - {"using":"xpath","value":"//table[contains(@id, \"customPersonsAddressesTable-listUl\")]/tbody/tr"}
RESULT: {"using":"xpath","value":"//table[contains(@id, \"customPersonsAddressesTable-listUl\")]/tbody/tr"}
COMMAND: POST /session/4af11252f55e55044372f1ecd41138d9/element - {"using":"xpath","value":"//table[contains(@id, \"customPersonsAddressesTable-listUl\")]/tbody/tr[1]/td[5]/span/span"}
RESULT: {"using":"xpath","value":"//table[contains(@id, \"customPersonsAddressesTable-listUl\")]/tbody/tr[1]/td[5]/span/span"}
COMMAND: POST /session/4af11252f55e55044372f1ecd41138d9/element - {"using":"xpath","value":"//table[contains(@id, \"customPersonsAddressesTable-listUl\")]/tbody/tr[1]/td[3]/span"}
RESULT: {"using":"xpath","value":"//table[contains(@id, \"customPersonsAddressesTable-listUl\")]/tbody/tr[1]/td[3]/span"}
COMMAND: POST /session/4af11252f55e55044372f1ecd41138d9/elements - {"using":"xpath","value":"//table[contains(@id, \"customPersonsAddressesTable-listUl\")]/tbody/tr[1]/td[5]/span/span"}
RESULT: {"using":"xpath","value":"//table[contains(@id, \"customPersonsAddressesTable-listUl\")]/tbody/tr[1]/td[5]/span/span"}
COMMAND: POST /session/4af11252f55e55044372f1ecd41138d9/execute/sync - {"script":"<script> [56 bytes]","args":[{"element-6066-11e4-a52e-4f735466cecf":"f.476C3AA770E6D07C2EC07595B7803E41.d.80DEDD041C5D0BE613BFC1D940CB6203.e.853","ELEMENT":"f.476C3AA770E6D07C2EC07595B7803E41.d.80DEDD041C5D0BE613BFC1D940CB6203.e.853"}]}
RESULT: {"script":"<script> [56 bytes]","args":[{"element-6066-11e4-a52e-4f735466cecf":"f.476C3AA770E6D07C2EC07595B7803E41.d.80DEDD041C5D0BE613BFC1D940CB6203.e.853","ELEMENT":"f.476C3AA770E6D07C2EC07595B7803E41.d.80DEDD041C5D0BE613BFC1D940CB6203.e.853"}]}
COMMAND: POST /session/4af11252f55e55044372f1ecd41138d9/execute/sync - {"script":"<script> [56 bytes]","args":[{"element-6066-11e4-a52e-4f735466cecf":"f.476C3AA770E6D07C2EC07595B7803E41.d.80DEDD041C5D0BE613BFC1D940CB6203.e.854","ELEMENT":"f.476C3AA770E6D07C2EC07595B7803E41.d.80DEDD041C5D0BE613BFC1D940CB6203.e.854"}]}
COMMAND: GET /session/4af11252f55e55044372f1ecd41138d9/screenshot - {}
RESULT: {"script":"<script> [56 bytes]","args":[{"element-6066-11e4-a52e-4f735466cecf":"f.476C3AA770E6D07C2EC07595B7803E41.d.80DEDD041C5D0BE613BFC1D940CB6203.e.854","ELEMENT":"f.476C3AA770E6D07C2EC07595B7803E41.d.80DEDD041C5D0BE613BFC1D940CB6203.e.854"}]}
COMMAND: POST /session/4af11252f55e55044372f1ecd41138d9/element - {"using":"xpath","value":"//table[contains(@id, \"customPersonsAddressesTable-listUl\")]/tbody/tr[1]/td[10]/div/span"}
COMMAND: GET /session/4af11252f55e55044372f1ecd41138d9/screenshot - {}
RESULT: {}
RESULT: {"using":"xpath","value":"//table[contains(@id, \"customPersonsAddressesTable-listUl\")]/tbody/tr[1]/td[10]/div/span"}
COMMAND: POST /session/4af11252f55e55044372f1ecd41138d9/execute/sync - {"script":"<script> [56 bytes]","args":[{"element-6066-11e4-a52e-4f735466cecf":"f.476C3AA770E6D07C2EC07595B7803E41.d.80DEDD041C5D0BE613BFC1D940CB6203.e.855","ELEMENT":"f.476C3AA770E6D07C2EC07595B7803E41.d.80DEDD041C5D0BE613BFC1D940CB6203.e.855"}]}
RESULT: {}
RESULT: {"script":"<script> [56 bytes]","args":[{"element-6066-11e4-a52e-4f735466cecf":"f.476C3AA770E6D07C2EC07595B7803E41.d.80DEDD041C5D0BE613BFC1D940CB6203.e.855","ELEMENT":"f.476C3AA770E6D07C2EC07595B7803E41.d.80DEDD041C5D0BE613BFC1D940CB6203.e.855"}]}
COMMAND: POST /session/4af11252f55e55044372f1ecd41138d9/element - {"using":"xpath","value":"//table[contains(@id, \"customPersonsAddressesTable-listUl\")]/tbody/tr[1]/td[2]/div/div"}
COMMAND: GET /session/4af11252f55e55044372f1ecd41138d9/screenshot - {}
RESULT: {"using":"xpath","value":"//table[contains(@id, \"customPersonsAddressesTable-listUl\")]/tbody/tr[1]/td[2]/div/div"}
COMMAND: POST /session/4af11252f55e55044372f1ecd41138d9/element/f.476C3AA770E6D07C2EC07595B7803E41.d.80DEDD041C5D0BE613BFC1D940CB6203.e.842/click - {}
RESULT: {}
RESULT: {}
COMMAND: GET /session/4af11252f55e55044372f1ecd41138d9/screenshot - {}
RESULT: {}
COMMAND: POST /session/4af11252f55e55044372f1ecd41138d9/element - {"using":"xpath","value":"//bdi[contains(text(), \"Deactivate\")]"}
RESULT: {"using":"xpath","value":"//bdi[contains(text(), \"Deactivate\")]"}
COMMAND: POST /session/4af11252f55e55044372f1ecd41138d9/element/f.476C3AA770E6D07C2EC07595B7803E41.d.80DEDD041C5D0BE613BFC1D940CB6203.e.856/click - {}
RESULT: {}
COMMAND: GET /session/4af11252f55e55044372f1ecd41138d9/screenshot - {}
RESULT: {}
COMMAND: POST /session/4af11252f55e55044372f1ecd41138d9/element - {"using":"xpath","value":"//bdi[contains(text(), \"Yes\")]"}
RESULT: {"using":"xpath","value":"//bdi[contains(text(), \"Yes\")]"}
COMMAND: POST /session/4af11252f55e55044372f1ecd41138d9/element/f.476C3AA770E6D07C2EC07595B7803E41.d.80DEDD041C5D0BE613BFC1D940CB6203.e.858/click - {}
RESULT: {}
COMMAND: GET /session/4af11252f55e55044372f1ecd41138d9/screenshot - {}
RESULT: {}
COMMAND: POST /session/4af11252f55e55044372f1ecd41138d9/element - {"using":"xpath","value":"//table[contains(@id, \"customPersonsAddressesTable-listUl\")]/tbody/tr[1]/td[10]/div/span"}
RESULT: {"using":"xpath","value":"//table[contains(@id, \"customPersonsAddressesTable-listUl\")]/tbody/tr[1]/td[10]/div/span"}
COMMAND: POST /session/4af11252f55e55044372f1ecd41138d9/execute/sync - {"script":"<script> [56 bytes]","args":[{"element-6066-11e4-a52e-4f735466cecf":"f.476C3AA770E6D07C2EC07595B7803E41.d.80DEDD041C5D0BE613BFC1D940CB6203.e.855","ELEMENT":"f.476C3AA770E6D07C2EC07595B7803E41.d.80DEDD041C5D0BE613BFC1D940CB6203.e.855"}]}
RESULT: {"script":"<script> [56 bytes]","args":[{"element-6066-11e4-a52e-4f735466cecf":"f.476C3AA770E6D07C2EC07595B7803E41.d.80DEDD041C5D0BE613BFC1D940CB6203.e.855","ELEMENT":"f.476C3AA770E6D07C2EC07595B7803E41.d.80DEDD041C5D0BE613BFC1D940CB6203.e.855"}]}
COMMAND: GET /session/4af11252f55e55044372f1ecd41138d9/screenshot - {}
RESULT: {}
COMMAND: POST /session/4af11252f55e55044372f1ecd41138d9/element - {"using":"css selector","value":"#shell-header-logo"}
RESULT: {"using":"css selector","value":"#shell-header-logo"}
COMMAND: POST /session/4af11252f55e55044372f1ecd41138d9/element/f.476C3AA770E6D07C2EC07595B7803E41.d.80DEDD041C5D0BE613BFC1D940CB6203.e.654/click - {}
RESULT: {}
COMMAND: GET /session/4af11252f55e55044372f1ecd41138d9/screenshot - {}
RESULT: {}
]]></system-out>
    </testcase>
    <testcase classname="chrome.137_0_7151_69.windows.Address_Management_Tests_US156181_US151165_US151160_US156180_US156178_US151157_US151172_US151170_US151166_US151168" name="Step 3 Should activate the created address back again US151160" time="51.304">
      <system-out><![CDATA[
RESULT: undefined
COMMAND: POST /session/4af11252f55e55044372f1ecd41138d9/element - {"using":"xpath","value":"//*[@id=\"__tile34\"]"}
RESULT: {"using":"xpath","value":"//*[@id=\"__tile34\"]"}
COMMAND: POST /session/4af11252f55e55044372f1ecd41138d9/element/f.476C3AA770E6D07C2EC07595B7803E41.d.80DEDD041C5D0BE613BFC1D940CB6203.e.239/click - {}
RESULT: {}
COMMAND: GET /session/4af11252f55e55044372f1ecd41138d9/screenshot - {}
RESULT: {}
COMMAND: POST /session/4af11252f55e55044372f1ecd41138d9/elements - {"using":"xpath","value":"//span[text()='Error']"}
RESULT: {"using":"xpath","value":"//span[text()='Error']"}
COMMAND: POST /session/4af11252f55e55044372f1ecd41138d9/element - {"using":"xpath","value":"//button[@data-kt=\"addButton\"]"}
RESULT: {"using":"xpath","value":"//button[@data-kt=\"addButton\"]"}
COMMAND: POST /session/4af11252f55e55044372f1ecd41138d9/elements - {"using":"xpath","value":"//button[@data-kt=\"addButton\"]"}
RESULT: {"using":"xpath","value":"//button[@data-kt=\"addButton\"]"}
COMMAND: POST /session/4af11252f55e55044372f1ecd41138d9/execute/sync - {"script":"<script> [8489 bytes]","args":[{"element-6066-11e4-a52e-4f735466cecf":"f.476C3AA770E6D07C2EC07595B7803E41.d.80DEDD041C5D0BE613BFC1D940CB6203.e.909","ELEMENT":"f.476C3AA770E6D07C2EC07595B7803E41.d.80DEDD041C5D0BE613BFC1D940CB6203.e.909"}]}
RESULT: {"script":"<script> [8489 bytes]","args":[{"element-6066-11e4-a52e-4f735466cecf":"f.476C3AA770E6D07C2EC07595B7803E41.d.80DEDD041C5D0BE613BFC1D940CB6203.e.909","ELEMENT":"f.476C3AA770E6D07C2EC07595B7803E41.d.80DEDD041C5D0BE613BFC1D940CB6203.e.909"}]}
COMMAND: GET /session/4af11252f55e55044372f1ecd41138d9/element/f.476C3AA770E6D07C2EC07595B7803E41.d.80DEDD041C5D0BE613BFC1D940CB6203.e.909/enabled - {}
COMMAND: GET /session/4af11252f55e55044372f1ecd41138d9/screenshot - {}
RESULT: {}
RESULT: {}
COMMAND: POST /session/4af11252f55e55044372f1ecd41138d9/execute/sync - {"script":"<script> [8489 bytes]","args":[{"element-6066-11e4-a52e-4f735466cecf":"f.476C3AA770E6D07C2EC07595B7803E41.d.80DEDD041C5D0BE613BFC1D940CB6203.e.909","ELEMENT":"f.476C3AA770E6D07C2EC07595B7803E41.d.80DEDD041C5D0BE613BFC1D940CB6203.e.909"}]}
COMMAND: GET /session/4af11252f55e55044372f1ecd41138d9/screenshot - {}
RESULT: {"script":"<script> [8489 bytes]","args":[{"element-6066-11e4-a52e-4f735466cecf":"f.476C3AA770E6D07C2EC07595B7803E41.d.80DEDD041C5D0BE613BFC1D940CB6203.e.909","ELEMENT":"f.476C3AA770E6D07C2EC07595B7803E41.d.80DEDD041C5D0BE613BFC1D940CB6203.e.909"}]}
COMMAND: POST /session/4af11252f55e55044372f1ecd41138d9/execute/sync - {"script":"<script> [5351 bytes]","args":[{"element-6066-11e4-a52e-4f735466cecf":"f.476C3AA770E6D07C2EC07595B7803E41.d.80DEDD041C5D0BE613BFC1D940CB6203.e.909","ELEMENT":"f.476C3AA770E6D07C2EC07595B7803E41.d.80DEDD041C5D0BE613BFC1D940CB6203.e.909"}]}
COMMAND: GET /session/4af11252f55e55044372f1ecd41138d9/screenshot - {}
RESULT: {}
RESULT: {"script":"<script> [5351 bytes]","args":[{"element-6066-11e4-a52e-4f735466cecf":"f.476C3AA770E6D07C2EC07595B7803E41.d.80DEDD041C5D0BE613BFC1D940CB6203.e.909","ELEMENT":"f.476C3AA770E6D07C2EC07595B7803E41.d.80DEDD041C5D0BE613BFC1D940CB6203.e.909"}]}
COMMAND: GET /session/4af11252f55e55044372f1ecd41138d9/screenshot - {}
RESULT: {}
RESULT: {}
RESULT: undefined
COMMAND: POST /session/4af11252f55e55044372f1ecd41138d9/execute/async - {"script":"<script> [776 bytes]","args":[{"enterText":"Cvk57Zvvfy","selector":{"id":"application-addressmanagement-display-component---masterAdm--smartFilterBar-btnBasicSearch","interaction":{"idSuffix":"I"}},"clearTextFirst":true,"interactionType":"ENTER_TEXT"}]}
RESULT: {"script":"<script> [776 bytes]","args":[{"enterText":"Cvk57Zvvfy","selector":{"id":"application-addressmanagement-display-component---masterAdm--smartFilterBar-btnBasicSearch","interaction":{"idSuffix":"I"}},"clearTextFirst":true,"interactionType":"ENTER_TEXT"}]}
COMMAND: POST /session/4af11252f55e55044372f1ecd41138d9/actions - {"actions":[{"id":"action3","type":"key","parameters":{},"actions":[{"type":"keyDown","value":"î€‡"},{"type":"pause","duration":10},{"type":"keyUp","value":"î€‡"}]}]}
RESULT: {"actions":[{"id":"action3","type":"key","parameters":{},"actions":[{"type":"keyDown","value":"î€‡"},{"type":"pause","duration":10},{"type":"keyUp","value":"î€‡"}]}]}
COMMAND: GET /session/4af11252f55e55044372f1ecd41138d9/screenshot - {}
RESULT: {}
COMMAND: POST /session/4af11252f55e55044372f1ecd41138d9/elements - {"using":"xpath","value":"//table[contains(@id, \"customPersonsAddressesTable-listUl\")]/tbody/tr"}
RESULT: {"using":"xpath","value":"//table[contains(@id, \"customPersonsAddressesTable-listUl\")]/tbody/tr"}
COMMAND: POST /session/4af11252f55e55044372f1ecd41138d9/element - {"using":"xpath","value":"//table[contains(@id, \"customPersonsAddressesTable-listUl\")]/tbody/tr[1]/td[5]/span/span"}
RESULT: {"using":"xpath","value":"//table[contains(@id, \"customPersonsAddressesTable-listUl\")]/tbody/tr[1]/td[5]/span/span"}
COMMAND: POST /session/4af11252f55e55044372f1ecd41138d9/element - {"using":"xpath","value":"//table[contains(@id, \"customPersonsAddressesTable-listUl\")]/tbody/tr[1]/td[3]/span"}
RESULT: {"using":"xpath","value":"//table[contains(@id, \"customPersonsAddressesTable-listUl\")]/tbody/tr[1]/td[3]/span"}
COMMAND: POST /session/4af11252f55e55044372f1ecd41138d9/elements - {"using":"xpath","value":"//table[contains(@id, \"customPersonsAddressesTable-listUl\")]/tbody/tr[1]/td[5]/span/span"}
RESULT: {"using":"xpath","value":"//table[contains(@id, \"customPersonsAddressesTable-listUl\")]/tbody/tr[1]/td[5]/span/span"}
COMMAND: POST /session/4af11252f55e55044372f1ecd41138d9/execute/sync - {"script":"<script> [56 bytes]","args":[{"element-6066-11e4-a52e-4f735466cecf":"f.476C3AA770E6D07C2EC07595B7803E41.d.80DEDD041C5D0BE613BFC1D940CB6203.e.1057","ELEMENT":"f.476C3AA770E6D07C2EC07595B7803E41.d.80DEDD041C5D0BE613BFC1D940CB6203.e.1057"}]}
RESULT: {"script":"<script> [56 bytes]","args":[{"element-6066-11e4-a52e-4f735466cecf":"f.476C3AA770E6D07C2EC07595B7803E41.d.80DEDD041C5D0BE613BFC1D940CB6203.e.1057","ELEMENT":"f.476C3AA770E6D07C2EC07595B7803E41.d.80DEDD041C5D0BE613BFC1D940CB6203.e.1057"}]}
COMMAND: POST /session/4af11252f55e55044372f1ecd41138d9/execute/sync - {"script":"<script> [56 bytes]","args":[{"element-6066-11e4-a52e-4f735466cecf":"f.476C3AA770E6D07C2EC07595B7803E41.d.80DEDD041C5D0BE613BFC1D940CB6203.e.1058","ELEMENT":"f.476C3AA770E6D07C2EC07595B7803E41.d.80DEDD041C5D0BE613BFC1D940CB6203.e.1058"}]}
COMMAND: GET /session/4af11252f55e55044372f1ecd41138d9/screenshot - {}
RESULT: {"script":"<script> [56 bytes]","args":[{"element-6066-11e4-a52e-4f735466cecf":"f.476C3AA770E6D07C2EC07595B7803E41.d.80DEDD041C5D0BE613BFC1D940CB6203.e.1058","ELEMENT":"f.476C3AA770E6D07C2EC07595B7803E41.d.80DEDD041C5D0BE613BFC1D940CB6203.e.1058"}]}
COMMAND: POST /session/4af11252f55e55044372f1ecd41138d9/element - {"using":"xpath","value":"//table[contains(@id, \"customPersonsAddressesTable-listUl\")]/tbody/tr[1]/td[10]/div/span"}
COMMAND: GET /session/4af11252f55e55044372f1ecd41138d9/screenshot - {}
RESULT: {}
RESULT: {"using":"xpath","value":"//table[contains(@id, \"customPersonsAddressesTable-listUl\")]/tbody/tr[1]/td[10]/div/span"}
COMMAND: POST /session/4af11252f55e55044372f1ecd41138d9/execute/sync - {"script":"<script> [56 bytes]","args":[{"element-6066-11e4-a52e-4f735466cecf":"f.476C3AA770E6D07C2EC07595B7803E41.d.80DEDD041C5D0BE613BFC1D940CB6203.e.1059","ELEMENT":"f.476C3AA770E6D07C2EC07595B7803E41.d.80DEDD041C5D0BE613BFC1D940CB6203.e.1059"}]}
RESULT: {}
RESULT: {"script":"<script> [56 bytes]","args":[{"element-6066-11e4-a52e-4f735466cecf":"f.476C3AA770E6D07C2EC07595B7803E41.d.80DEDD041C5D0BE613BFC1D940CB6203.e.1059","ELEMENT":"f.476C3AA770E6D07C2EC07595B7803E41.d.80DEDD041C5D0BE613BFC1D940CB6203.e.1059"}]}
COMMAND: POST /session/4af11252f55e55044372f1ecd41138d9/element - {"using":"xpath","value":"//table[contains(@id, \"customPersonsAddressesTable-listUl\")]/tbody/tr[1]/td[2]/div/div"}
COMMAND: GET /session/4af11252f55e55044372f1ecd41138d9/screenshot - {}
RESULT: {"using":"xpath","value":"//table[contains(@id, \"customPersonsAddressesTable-listUl\")]/tbody/tr[1]/td[2]/div/div"}
COMMAND: POST /session/4af11252f55e55044372f1ecd41138d9/element/f.476C3AA770E6D07C2EC07595B7803E41.d.80DEDD041C5D0BE613BFC1D940CB6203.e.1047/click - {}
RESULT: {}
RESULT: {}
COMMAND: GET /session/4af11252f55e55044372f1ecd41138d9/screenshot - {}
RESULT: {}
COMMAND: POST /session/4af11252f55e55044372f1ecd41138d9/element - {"using":"xpath","value":"//bdi[contains(text(), \"Activate\")]"}
RESULT: {"using":"xpath","value":"//bdi[contains(text(), \"Activate\")]"}
COMMAND: POST /session/4af11252f55e55044372f1ecd41138d9/element/f.476C3AA770E6D07C2EC07595B7803E41.d.80DEDD041C5D0BE613BFC1D940CB6203.e.1060/click - {}
RESULT: {}
COMMAND: GET /session/4af11252f55e55044372f1ecd41138d9/screenshot - {}
RESULT: {}
COMMAND: POST /session/4af11252f55e55044372f1ecd41138d9/element - {"using":"xpath","value":"//bdi[contains(text(), \"Yes\")]"}
RESULT: {"using":"xpath","value":"//bdi[contains(text(), \"Yes\")]"}
COMMAND: POST /session/4af11252f55e55044372f1ecd41138d9/element/f.476C3AA770E6D07C2EC07595B7803E41.d.80DEDD041C5D0BE613BFC1D940CB6203.e.1062/click - {}
RESULT: {}
COMMAND: GET /session/4af11252f55e55044372f1ecd41138d9/screenshot - {}
RESULT: {}
COMMAND: POST /session/4af11252f55e55044372f1ecd41138d9/element - {"using":"xpath","value":"//table[contains(@id, \"customPersonsAddressesTable-listUl\")]/tbody/tr[1]/td[10]/div/span"}
RESULT: {"using":"xpath","value":"//table[contains(@id, \"customPersonsAddressesTable-listUl\")]/tbody/tr[1]/td[10]/div/span"}
COMMAND: POST /session/4af11252f55e55044372f1ecd41138d9/execute/sync - {"script":"<script> [56 bytes]","args":[{"element-6066-11e4-a52e-4f735466cecf":"f.476C3AA770E6D07C2EC07595B7803E41.d.80DEDD041C5D0BE613BFC1D940CB6203.e.1059","ELEMENT":"f.476C3AA770E6D07C2EC07595B7803E41.d.80DEDD041C5D0BE613BFC1D940CB6203.e.1059"}]}
RESULT: {"script":"<script> [56 bytes]","args":[{"element-6066-11e4-a52e-4f735466cecf":"f.476C3AA770E6D07C2EC07595B7803E41.d.80DEDD041C5D0BE613BFC1D940CB6203.e.1059","ELEMENT":"f.476C3AA770E6D07C2EC07595B7803E41.d.80DEDD041C5D0BE613BFC1D940CB6203.e.1059"}]}
COMMAND: GET /session/4af11252f55e55044372f1ecd41138d9/screenshot - {}
RESULT: {}
COMMAND: POST /session/4af11252f55e55044372f1ecd41138d9/element - {"using":"css selector","value":"#shell-header-logo"}
RESULT: {"using":"css selector","value":"#shell-header-logo"}
COMMAND: POST /session/4af11252f55e55044372f1ecd41138d9/element/f.476C3AA770E6D07C2EC07595B7803E41.d.80DEDD041C5D0BE613BFC1D940CB6203.e.866/click - {}
RESULT: {}
COMMAND: GET /session/4af11252f55e55044372f1ecd41138d9/screenshot - {}
RESULT: {}
]]></system-out>
    </testcase>
    <testcase classname="chrome.137_0_7151_69.windows.Address_Management_Tests_US156181_US151165_US151160_US156180_US156178_US151157_US151172_US151170_US151166_US151168" name="Step 4 Should verify searches US156180 edit person and address US156178" time="88.328">
      <system-out><![CDATA[
RESULT: undefined
COMMAND: POST /session/4af11252f55e55044372f1ecd41138d9/element - {"using":"xpath","value":"//*[@id=\"__tile34\"]"}
RESULT: {"using":"xpath","value":"//*[@id=\"__tile34\"]"}
COMMAND: POST /session/4af11252f55e55044372f1ecd41138d9/element/f.476C3AA770E6D07C2EC07595B7803E41.d.80DEDD041C5D0BE613BFC1D940CB6203.e.239/click - {}
RESULT: {}
COMMAND: GET /session/4af11252f55e55044372f1ecd41138d9/screenshot - {}
RESULT: {}
COMMAND: POST /session/4af11252f55e55044372f1ecd41138d9/elements - {"using":"xpath","value":"//span[text()='Error']"}
RESULT: {"using":"xpath","value":"//span[text()='Error']"}
COMMAND: POST /session/4af11252f55e55044372f1ecd41138d9/element - {"using":"xpath","value":"//button[@data-kt=\"addButton\"]"}
RESULT: {"using":"xpath","value":"//button[@data-kt=\"addButton\"]"}
COMMAND: POST /session/4af11252f55e55044372f1ecd41138d9/elements - {"using":"xpath","value":"//button[@data-kt=\"addButton\"]"}
RESULT: {"using":"xpath","value":"//button[@data-kt=\"addButton\"]"}
COMMAND: POST /session/4af11252f55e55044372f1ecd41138d9/execute/sync - {"script":"<script> [8489 bytes]","args":[{"element-6066-11e4-a52e-4f735466cecf":"f.476C3AA770E6D07C2EC07595B7803E41.d.80DEDD041C5D0BE613BFC1D940CB6203.e.1107","ELEMENT":"f.476C3AA770E6D07C2EC07595B7803E41.d.80DEDD041C5D0BE613BFC1D940CB6203.e.1107"}]}
RESULT: {"script":"<script> [8489 bytes]","args":[{"element-6066-11e4-a52e-4f735466cecf":"f.476C3AA770E6D07C2EC07595B7803E41.d.80DEDD041C5D0BE613BFC1D940CB6203.e.1107","ELEMENT":"f.476C3AA770E6D07C2EC07595B7803E41.d.80DEDD041C5D0BE613BFC1D940CB6203.e.1107"}]}
COMMAND: GET /session/4af11252f55e55044372f1ecd41138d9/element/f.476C3AA770E6D07C2EC07595B7803E41.d.80DEDD041C5D0BE613BFC1D940CB6203.e.1107/enabled - {}
COMMAND: GET /session/4af11252f55e55044372f1ecd41138d9/screenshot - {}
RESULT: {}
COMMAND: POST /session/4af11252f55e55044372f1ecd41138d9/execute/sync - {"script":"<script> [8489 bytes]","args":[{"element-6066-11e4-a52e-4f735466cecf":"f.476C3AA770E6D07C2EC07595B7803E41.d.80DEDD041C5D0BE613BFC1D940CB6203.e.1107","ELEMENT":"f.476C3AA770E6D07C2EC07595B7803E41.d.80DEDD041C5D0BE613BFC1D940CB6203.e.1107"}]}
COMMAND: GET /session/4af11252f55e55044372f1ecd41138d9/screenshot - {}
RESULT: {}
RESULT: {"script":"<script> [8489 bytes]","args":[{"element-6066-11e4-a52e-4f735466cecf":"f.476C3AA770E6D07C2EC07595B7803E41.d.80DEDD041C5D0BE613BFC1D940CB6203.e.1107","ELEMENT":"f.476C3AA770E6D07C2EC07595B7803E41.d.80DEDD041C5D0BE613BFC1D940CB6203.e.1107"}]}
COMMAND: POST /session/4af11252f55e55044372f1ecd41138d9/execute/sync - {"script":"<script> [5351 bytes]","args":[{"element-6066-11e4-a52e-4f735466cecf":"f.476C3AA770E6D07C2EC07595B7803E41.d.80DEDD041C5D0BE613BFC1D940CB6203.e.1107","ELEMENT":"f.476C3AA770E6D07C2EC07595B7803E41.d.80DEDD041C5D0BE613BFC1D940CB6203.e.1107"}]}
COMMAND: GET /session/4af11252f55e55044372f1ecd41138d9/screenshot - {}
RESULT: {}
RESULT: {"script":"<script> [5351 bytes]","args":[{"element-6066-11e4-a52e-4f735466cecf":"f.476C3AA770E6D07C2EC07595B7803E41.d.80DEDD041C5D0BE613BFC1D940CB6203.e.1107","ELEMENT":"f.476C3AA770E6D07C2EC07595B7803E41.d.80DEDD041C5D0BE613BFC1D940CB6203.e.1107"}]}
COMMAND: GET /session/4af11252f55e55044372f1ecd41138d9/screenshot - {}
RESULT: {}
RESULT: {}
RESULT: undefined
COMMAND: POST /session/4af11252f55e55044372f1ecd41138d9/execute/async - {"script":"<script> [776 bytes]","args":[{"enterText":"Cvk57Zvvfy","selector":{"id":"application-addressmanagement-display-component---masterAdm--smartFilterBar-btnBasicSearch","interaction":{"idSuffix":"I"}},"clearTextFirst":true,"interactionType":"ENTER_TEXT"}]}
RESULT: {"script":"<script> [776 bytes]","args":[{"enterText":"Cvk57Zvvfy","selector":{"id":"application-addressmanagement-display-component---masterAdm--smartFilterBar-btnBasicSearch","interaction":{"idSuffix":"I"}},"clearTextFirst":true,"interactionType":"ENTER_TEXT"}]}
COMMAND: POST /session/4af11252f55e55044372f1ecd41138d9/actions - {"actions":[{"id":"action4","type":"key","parameters":{},"actions":[{"type":"keyDown","value":"î€‡"},{"type":"pause","duration":10},{"type":"keyUp","value":"î€‡"}]}]}
RESULT: {"actions":[{"id":"action4","type":"key","parameters":{},"actions":[{"type":"keyDown","value":"î€‡"},{"type":"pause","duration":10},{"type":"keyUp","value":"î€‡"}]}]}
COMMAND: GET /session/4af11252f55e55044372f1ecd41138d9/screenshot - {}
RESULT: {}
COMMAND: POST /session/4af11252f55e55044372f1ecd41138d9/elements - {"using":"xpath","value":"//table[contains(@id, \"customPersonsAddressesTable-listUl\")]/tbody/tr"}
RESULT: {"using":"xpath","value":"//table[contains(@id, \"customPersonsAddressesTable-listUl\")]/tbody/tr"}
COMMAND: POST /session/4af11252f55e55044372f1ecd41138d9/element - {"using":"xpath","value":"//table[contains(@id, \"customPersonsAddressesTable-listUl\")]/tbody/tr[1]/td[5]/span/span"}
RESULT: {"using":"xpath","value":"//table[contains(@id, \"customPersonsAddressesTable-listUl\")]/tbody/tr[1]/td[5]/span/span"}
COMMAND: POST /session/4af11252f55e55044372f1ecd41138d9/element - {"using":"xpath","value":"//table[contains(@id, \"customPersonsAddressesTable-listUl\")]/tbody/tr[1]/td[3]/span"}
RESULT: {"using":"xpath","value":"//table[contains(@id, \"customPersonsAddressesTable-listUl\")]/tbody/tr[1]/td[3]/span"}
COMMAND: POST /session/4af11252f55e55044372f1ecd41138d9/elements - {"using":"xpath","value":"//table[contains(@id, \"customPersonsAddressesTable-listUl\")]/tbody/tr[1]/td[5]/span/span"}
RESULT: {"using":"xpath","value":"//table[contains(@id, \"customPersonsAddressesTable-listUl\")]/tbody/tr[1]/td[5]/span/span"}
COMMAND: POST /session/4af11252f55e55044372f1ecd41138d9/execute/sync - {"script":"<script> [56 bytes]","args":[{"element-6066-11e4-a52e-4f735466cecf":"f.476C3AA770E6D07C2EC07595B7803E41.d.80DEDD041C5D0BE613BFC1D940CB6203.e.1256","ELEMENT":"f.476C3AA770E6D07C2EC07595B7803E41.d.80DEDD041C5D0BE613BFC1D940CB6203.e.1256"}]}
RESULT: {"script":"<script> [56 bytes]","args":[{"element-6066-11e4-a52e-4f735466cecf":"f.476C3AA770E6D07C2EC07595B7803E41.d.80DEDD041C5D0BE613BFC1D940CB6203.e.1256","ELEMENT":"f.476C3AA770E6D07C2EC07595B7803E41.d.80DEDD041C5D0BE613BFC1D940CB6203.e.1256"}]}
COMMAND: POST /session/4af11252f55e55044372f1ecd41138d9/execute/sync - {"script":"<script> [56 bytes]","args":[{"element-6066-11e4-a52e-4f735466cecf":"f.476C3AA770E6D07C2EC07595B7803E41.d.80DEDD041C5D0BE613BFC1D940CB6203.e.1257","ELEMENT":"f.476C3AA770E6D07C2EC07595B7803E41.d.80DEDD041C5D0BE613BFC1D940CB6203.e.1257"}]}
COMMAND: GET /session/4af11252f55e55044372f1ecd41138d9/screenshot - {}
RESULT: {"script":"<script> [56 bytes]","args":[{"element-6066-11e4-a52e-4f735466cecf":"f.476C3AA770E6D07C2EC07595B7803E41.d.80DEDD041C5D0BE613BFC1D940CB6203.e.1257","ELEMENT":"f.476C3AA770E6D07C2EC07595B7803E41.d.80DEDD041C5D0BE613BFC1D940CB6203.e.1257"}]}
COMMAND: POST /session/4af11252f55e55044372f1ecd41138d9/element - {"using":"xpath","value":"(//span[contains(@id, \"imgNav\")])[1]"}
COMMAND: GET /session/4af11252f55e55044372f1ecd41138d9/screenshot - {}
RESULT: {}
RESULT: {"using":"xpath","value":"(//span[contains(@id, \"imgNav\")])[1]"}
COMMAND: POST /session/4af11252f55e55044372f1ecd41138d9/element/f.476C3AA770E6D07C2EC07595B7803E41.d.80DEDD041C5D0BE613BFC1D940CB6203.e.1255/click - {}
RESULT: {}
RESULT: {}
COMMAND: GET /session/4af11252f55e55044372f1ecd41138d9/screenshot - {}
RESULT: {}
COMMAND: POST /session/4af11252f55e55044372f1ecd41138d9/element - {"using":"xpath","value":"//bdi[contains(text(), \"Edit\")]"}
RESULT: {"using":"xpath","value":"//bdi[contains(text(), \"Edit\")]"}
COMMAND: POST /session/4af11252f55e55044372f1ecd41138d9/element/f.476C3AA770E6D07C2EC07595B7803E41.d.80DEDD041C5D0BE613BFC1D940CB6203.e.1381/click - {}
RESULT: {}
COMMAND: GET /session/4af11252f55e55044372f1ecd41138d9/screenshot - {}
RESULT: {}
COMMAND: POST /session/4af11252f55e55044372f1ecd41138d9/execute/async - {"script":"<script> [1562 bytes]","args":[{"selector":{"controlType":"sap.ui.core.Icon","viewName":"etm.portal.ui.addressmanagement.view.EditDetail","properties":{"src":{"regex":{"source":"slim\\-arrow\\-down"}}},"ancestor":{"id":"addressTitle","viewName":"etm.portal.ui.addressmanagement.view.EditDetail"}},"wdio_ui5_key":"etmportal.ui.addressmanagement.view.EditDetailsap.ui.core.Icon{\"src\":{\"regex\":{\"source\":\"slim\\\\-arrow\\\\-down\"}}}{\"id\":\"addressTitle\",\"viewName\":\"etm.portal.ui.addressmanagement.view.EditDetail\"}"}]}
RESULT: {"script":"<script> [1562 bytes]","args":[{"selector":{"controlType":"sap.ui.core.Icon","viewName":"etm.portal.ui.addressmanagement.view.EditDetail","properties":{"src":{"regex":{"source":"slim\\-arrow\\-down"}}},"ancestor":{"id":"addressTitle","viewName":"etm.portal.ui.addressmanagement.view.EditDetail"}},"wdio_ui5_key":"etmportal.ui.addressmanagement.view.EditDetailsap.ui.core.Icon{\"src\":{\"regex\":{\"source\":\"slim\\\\-arrow\\\\-down\"}}}{\"id\":\"addressTitle\",\"viewName\":\"etm.portal.ui.addressmanagement.view.EditDetail\"}"}]}
RESULT: undefined
COMMAND: POST /session/4af11252f55e55044372f1ecd41138d9/element - {"using":"xpath","value":"//*[@id=\"__xmlview60--addressTitle-arrow\"]"}
RESULT: {"using":"xpath","value":"//*[@id=\"__xmlview60--addressTitle-arrow\"]"}
COMMAND: POST /session/4af11252f55e55044372f1ecd41138d9/element/f.476C3AA770E6D07C2EC07595B7803E41.d.80DEDD041C5D0BE613BFC1D940CB6203.e.1426/click - {}
RESULT: {}
COMMAND: GET /session/4af11252f55e55044372f1ecd41138d9/screenshot - {}
RESULT: {}
COMMAND: POST /session/4af11252f55e55044372f1ecd41138d9/element - {"using":"xpath","value":"//li[.//span[text()=\"Mr.\"]]"}
RESULT: {"using":"xpath","value":"//li[.//span[text()=\"Mr.\"]]"}
COMMAND: POST /session/4af11252f55e55044372f1ecd41138d9/element/f.476C3AA770E6D07C2EC07595B7803E41.d.80DEDD041C5D0BE613BFC1D940CB6203.e.1427/click - {}
RESULT: {}
COMMAND: GET /session/4af11252f55e55044372f1ecd41138d9/screenshot - {}
RESULT: {}
COMMAND: POST /session/4af11252f55e55044372f1ecd41138d9/execute/async - {"script":"<script> [1562 bytes]","args":[{"selector":{"controlType":"sap.m.Input","viewName":"etm.portal.ui.addressmanagement.view.EditDetail","labelFor":{"text":"Last Name"},"interaction":{"idSuffix":"inner"}},"wdio_ui5_key":"etmportal.ui.addressmanagement.view.EditDetailsap.m.Input{\"text\":\"Last Name\"}"}]}
RESULT: {"script":"<script> [1562 bytes]","args":[{"selector":{"controlType":"sap.m.Input","viewName":"etm.portal.ui.addressmanagement.view.EditDetail","labelFor":{"text":"Last Name"},"interaction":{"idSuffix":"inner"}},"wdio_ui5_key":"etmportal.ui.addressmanagement.view.EditDetailsap.m.Input{\"text\":\"Last Name\"}"}]}
RESULT: undefined
COMMAND: POST /session/4af11252f55e55044372f1ecd41138d9/execute/async - {"script":"<script> [776 bytes]","args":[{"enterText":"EDIT John Cena","selector":{"controlType":"sap.m.Input","viewName":"etm.portal.ui.addressmanagement.view.EditDetail","labelFor":{"text":"Last Name"},"interaction":{"idSuffix":"inner"}},"clearTextFirst":true,"interactionType":"ENTER_TEXT"}]}
RESULT: {"script":"<script> [776 bytes]","args":[{"enterText":"EDIT John Cena","selector":{"controlType":"sap.m.Input","viewName":"etm.portal.ui.addressmanagement.view.EditDetail","labelFor":{"text":"Last Name"},"interaction":{"idSuffix":"inner"}},"clearTextFirst":true,"interactionType":"ENTER_TEXT"}]}
COMMAND: POST /session/4af11252f55e55044372f1ecd41138d9/execute/async - {"script":"<script> [1562 bytes]","args":[{"selector":{"controlType":"sap.ui.core.Icon","viewName":"etm.portal.ui.addressmanagement.view.EditDetail","properties":{"src":{"regex":{"source":"slim\\-arrow\\-down"}}},"ancestor":{"id":"addressDetailDetailsLanguage","viewName":"etm.portal.ui.addressmanagement.view.EditDetail"}},"wdio_ui5_key":"etmportal.ui.addressmanagement.view.EditDetailsap.ui.core.Icon{\"src\":{\"regex\":{\"source\":\"slim\\\\-arrow\\\\-down\"}}}{\"id\":\"addressDetailDetailsLanguage\",\"viewName\":\"etm.portal.ui.addressmanagement.view.EditDetail\"}"}]}
RESULT: {"script":"<script> [1562 bytes]","args":[{"selector":{"controlType":"sap.ui.core.Icon","viewName":"etm.portal.ui.addressmanagement.view.EditDetail","properties":{"src":{"regex":{"source":"slim\\-arrow\\-down"}}},"ancestor":{"id":"addressDetailDetailsLanguage","viewName":"etm.portal.ui.addressmanagement.view.EditDetail"}},"wdio_ui5_key":"etmportal.ui.addressmanagement.view.EditDetailsap.ui.core.Icon{\"src\":{\"regex\":{\"source\":\"slim\\\\-arrow\\\\-down\"}}}{\"id\":\"addressDetailDetailsLanguage\",\"viewName\":\"etm.portal.ui.addressmanagement.view.EditDetail\"}"}]}
RESULT: undefined
COMMAND: POST /session/4af11252f55e55044372f1ecd41138d9/element - {"using":"xpath","value":"//*[@id=\"__xmlview60--addressDetailDetailsLanguage-arrow\"]"}
RESULT: {"using":"xpath","value":"//*[@id=\"__xmlview60--addressDetailDetailsLanguage-arrow\"]"}
COMMAND: POST /session/4af11252f55e55044372f1ecd41138d9/element/f.476C3AA770E6D07C2EC07595B7803E41.d.80DEDD041C5D0BE613BFC1D940CB6203.e.1430/click - {}
RESULT: {}
COMMAND: GET /session/4af11252f55e55044372f1ecd41138d9/screenshot - {}
RESULT: {}
COMMAND: POST /session/4af11252f55e55044372f1ecd41138d9/element - {"using":"xpath","value":"//span[contains(text(), \"Bulgarian\")]"}
RESULT: {"using":"xpath","value":"//span[contains(text(), \"Bulgarian\")]"}
COMMAND: POST /session/4af11252f55e55044372f1ecd41138d9/element/f.476C3AA770E6D07C2EC07595B7803E41.d.80DEDD041C5D0BE613BFC1D940CB6203.e.1431/click - {}
RESULT: {}
COMMAND: GET /session/4af11252f55e55044372f1ecd41138d9/screenshot - {}
RESULT: {}
COMMAND: POST /session/4af11252f55e55044372f1ecd41138d9/execute/async - {"script":"<script> [1562 bytes]","args":[{"selector":{"controlType":"sap.m.Input","viewName":"etm.portal.ui.addressmanagement.view.EditDetail","labelFor":{"text":"ZIP/Postal code"},"interaction":{"idSuffix":"inner"}},"wdio_ui5_key":"etmportal.ui.addressmanagement.view.EditDetailsap.m.Input{\"text\":\"ZIP/Postal code\"}"}]}
RESULT: {"script":"<script> [1562 bytes]","args":[{"selector":{"controlType":"sap.m.Input","viewName":"etm.portal.ui.addressmanagement.view.EditDetail","labelFor":{"text":"ZIP/Postal code"},"interaction":{"idSuffix":"inner"}},"wdio_ui5_key":"etmportal.ui.addressmanagement.view.EditDetailsap.m.Input{\"text\":\"ZIP/Postal code\"}"}]}
RESULT: undefined
COMMAND: POST /session/4af11252f55e55044372f1ecd41138d9/execute/async - {"script":"<script> [776 bytes]","args":[{"enterText":"500292","selector":{"controlType":"sap.m.Input","viewName":"etm.portal.ui.addressmanagement.view.EditDetail","labelFor":{"text":"ZIP/Postal code"},"interaction":{"idSuffix":"inner"}},"clearTextFirst":true,"interactionType":"ENTER_TEXT"}]}
RESULT: {"script":"<script> [776 bytes]","args":[{"enterText":"500292","selector":{"controlType":"sap.m.Input","viewName":"etm.portal.ui.addressmanagement.view.EditDetail","labelFor":{"text":"ZIP/Postal code"},"interaction":{"idSuffix":"inner"}},"clearTextFirst":true,"interactionType":"ENTER_TEXT"}]}
COMMAND: POST /session/4af11252f55e55044372f1ecd41138d9/execute/async - {"script":"<script> [1562 bytes]","args":[{"selector":{"id":"addressDetailContactsEmail","viewName":"etm.portal.ui.addressmanagement.view.EditDetail","interaction":{"idSuffix":"inner"}},"wdio_ui5_key":"addressDetailContactsEmailetmportal.ui.addressmanagement.view.EditDetail"}]}
RESULT: {"script":"<script> [1562 bytes]","args":[{"selector":{"id":"addressDetailContactsEmail","viewName":"etm.portal.ui.addressmanagement.view.EditDetail","interaction":{"idSuffix":"inner"}},"wdio_ui5_key":"addressDetailContactsEmailetmportal.ui.addressmanagement.view.EditDetail"}]}
RESULT: undefined
COMMAND: POST /session/4af11252f55e55044372f1ecd41138d9/execute/async - {"script":"<script> [776 bytes]","args":[{"enterText":"webdriverrules@emailfake.com","selector":{"id":"addressDetailContactsEmail","viewName":"etm.portal.ui.addressmanagement.view.EditDetail","interaction":{"idSuffix":"inner"}},"clearTextFirst":true,"interactionType":"ENTER_TEXT"}]}
RESULT: {"script":"<script> [776 bytes]","args":[{"enterText":"webdriverrules@emailfake.com","selector":{"id":"addressDetailContactsEmail","viewName":"etm.portal.ui.addressmanagement.view.EditDetail","interaction":{"idSuffix":"inner"}},"clearTextFirst":true,"interactionType":"ENTER_TEXT"}]}
COMMAND: POST /session/4af11252f55e55044372f1ecd41138d9/execute/async - {"script":"<script> [1562 bytes]","args":[{"selector":{"id":"addressUserJobTitle","viewName":"etm.portal.ui.addressmanagement.view.EditDetail","interaction":{"idSuffix":"inner"}},"wdio_ui5_key":"addressUserJobTitleetmportal.ui.addressmanagement.view.EditDetail"}]}
RESULT: {"script":"<script> [1562 bytes]","args":[{"selector":{"id":"addressUserJobTitle","viewName":"etm.portal.ui.addressmanagement.view.EditDetail","interaction":{"idSuffix":"inner"}},"wdio_ui5_key":"addressUserJobTitleetmportal.ui.addressmanagement.view.EditDetail"}]}
RESULT: undefined
COMMAND: POST /session/4af11252f55e55044372f1ecd41138d9/execute/async - {"script":"<script> [776 bytes]","args":[{"enterText":"director","selector":{"id":"addressUserJobTitle","viewName":"etm.portal.ui.addressmanagement.view.EditDetail","interaction":{"idSuffix":"inner"}},"clearTextFirst":true,"interactionType":"ENTER_TEXT"}]}
RESULT: {"script":"<script> [776 bytes]","args":[{"enterText":"director","selector":{"id":"addressUserJobTitle","viewName":"etm.portal.ui.addressmanagement.view.EditDetail","interaction":{"idSuffix":"inner"}},"clearTextFirst":true,"interactionType":"ENTER_TEXT"}]}
COMMAND: POST /session/4af11252f55e55044372f1ecd41138d9/execute/async - {"script":"<script> [1562 bytes]","args":[{"selector":{"id":"tagMultiInput","viewName":"etm.portal.ui.addressmanagement.view.EditDetail","interaction":{"idSuffix":"inner"}},"wdio_ui5_key":"tagMultiInputetmportal.ui.addressmanagement.view.EditDetail"}]}
RESULT: {"script":"<script> [1562 bytes]","args":[{"selector":{"id":"tagMultiInput","viewName":"etm.portal.ui.addressmanagement.view.EditDetail","interaction":{"idSuffix":"inner"}},"wdio_ui5_key":"tagMultiInputetmportal.ui.addressmanagement.view.EditDetail"}]}
RESULT: undefined
COMMAND: POST /session/4af11252f55e55044372f1ecd41138d9/execute/async - {"script":"<script> [776 bytes]","args":[{"enterText":"testyTag1","selector":{"id":"tagMultiInput","viewName":"etm.portal.ui.addressmanagement.view.EditDetail","interaction":{"idSuffix":"inner"}},"clearTextFirst":true,"interactionType":"ENTER_TEXT"}]}
RESULT: {"script":"<script> [776 bytes]","args":[{"enterText":"testyTag1","selector":{"id":"tagMultiInput","viewName":"etm.portal.ui.addressmanagement.view.EditDetail","interaction":{"idSuffix":"inner"}},"clearTextFirst":true,"interactionType":"ENTER_TEXT"}]}
COMMAND: POST /session/4af11252f55e55044372f1ecd41138d9/actions - {"actions":[{"id":"action5","type":"key","parameters":{},"actions":[{"type":"keyDown","value":"î€‡"},{"type":"pause","duration":10},{"type":"keyUp","value":"î€‡"}]}]}
RESULT: {"actions":[{"id":"action5","type":"key","parameters":{},"actions":[{"type":"keyDown","value":"î€‡"},{"type":"pause","duration":10},{"type":"keyUp","value":"î€‡"}]}]}
COMMAND: GET /session/4af11252f55e55044372f1ecd41138d9/screenshot - {}
RESULT: {}
RESULT: undefined
COMMAND: POST /session/4af11252f55e55044372f1ecd41138d9/execute/async - {"script":"<script> [776 bytes]","args":[{"enterText":"taggyTag2","selector":{"id":"tagMultiInput","viewName":"etm.portal.ui.addressmanagement.view.EditDetail","interaction":{"idSuffix":"inner"}},"clearTextFirst":true,"interactionType":"ENTER_TEXT"}]}
RESULT: {"script":"<script> [776 bytes]","args":[{"enterText":"taggyTag2","selector":{"id":"tagMultiInput","viewName":"etm.portal.ui.addressmanagement.view.EditDetail","interaction":{"idSuffix":"inner"}},"clearTextFirst":true,"interactionType":"ENTER_TEXT"}]}
COMMAND: POST /session/4af11252f55e55044372f1ecd41138d9/actions - {"actions":[{"id":"action6","type":"key","parameters":{},"actions":[{"type":"keyDown","value":"î€‡"},{"type":"pause","duration":10},{"type":"keyUp","value":"î€‡"}]}]}
RESULT: {"actions":[{"id":"action6","type":"key","parameters":{},"actions":[{"type":"keyDown","value":"î€‡"},{"type":"pause","duration":10},{"type":"keyUp","value":"î€‡"}]}]}
COMMAND: GET /session/4af11252f55e55044372f1ecd41138d9/screenshot - {}
RESULT: {}
COMMAND: POST /session/4af11252f55e55044372f1ecd41138d9/element - {"using":"xpath","value":"//button[@data-kt=\"saveButton\"]"}
RESULT: {"using":"xpath","value":"//button[@data-kt=\"saveButton\"]"}
COMMAND: POST /session/4af11252f55e55044372f1ecd41138d9/element/f.476C3AA770E6D07C2EC07595B7803E41.d.80DEDD041C5D0BE613BFC1D940CB6203.e.1437/click - {}
RESULT: {}
COMMAND: GET /session/4af11252f55e55044372f1ecd41138d9/screenshot - {}
RESULT: {}
COMMAND: POST /session/4af11252f55e55044372f1ecd41138d9/element - {"using":"xpath","value":"//span[@id=\"application-addressmanagement-display-component---detailAdm--addressTitle\"]"}
RESULT: {"using":"xpath","value":"//span[@id=\"application-addressmanagement-display-component---detailAdm--addressTitle\"]"}
COMMAND: POST /session/4af11252f55e55044372f1ecd41138d9/elements - {"using":"xpath","value":"//span[@id=\"application-addressmanagement-display-component---detailAdm--addressTitle\"]"}
RESULT: {"using":"xpath","value":"//span[@id=\"application-addressmanagement-display-component---detailAdm--addressTitle\"]"}
COMMAND: POST /session/4af11252f55e55044372f1ecd41138d9/execute/sync - {"script":"<script> [56 bytes]","args":[{"element-6066-11e4-a52e-4f735466cecf":"f.476C3AA770E6D07C2EC07595B7803E41.d.80DEDD041C5D0BE613BFC1D940CB6203.e.1456","ELEMENT":"f.476C3AA770E6D07C2EC07595B7803E41.d.80DEDD041C5D0BE613BFC1D940CB6203.e.1456"}]}
RESULT: {"script":"<script> [56 bytes]","args":[{"element-6066-11e4-a52e-4f735466cecf":"f.476C3AA770E6D07C2EC07595B7803E41.d.80DEDD041C5D0BE613BFC1D940CB6203.e.1456","ELEMENT":"f.476C3AA770E6D07C2EC07595B7803E41.d.80DEDD041C5D0BE613BFC1D940CB6203.e.1456"}]}
COMMAND: POST /session/4af11252f55e55044372f1ecd41138d9/element - {"using":"xpath","value":"//span[@id=\"application-addressmanagement-display-component---detailAdm--addressDetailDetailsName2\"]"}
COMMAND: GET /session/4af11252f55e55044372f1ecd41138d9/screenshot - {}
RESULT: {"using":"xpath","value":"//span[@id=\"application-addressmanagement-display-component---detailAdm--addressDetailDetailsName2\"]"}
COMMAND: POST /session/4af11252f55e55044372f1ecd41138d9/elements - {"using":"xpath","value":"//span[@id=\"application-addressmanagement-display-component---detailAdm--addressDetailDetailsName2\"]"}
RESULT: {}
RESULT: {"using":"xpath","value":"//span[@id=\"application-addressmanagement-display-component---detailAdm--addressDetailDetailsName2\"]"}
COMMAND: POST /session/4af11252f55e55044372f1ecd41138d9/execute/sync - {"script":"<script> [56 bytes]","args":[{"element-6066-11e4-a52e-4f735466cecf":"f.476C3AA770E6D07C2EC07595B7803E41.d.80DEDD041C5D0BE613BFC1D940CB6203.e.1457","ELEMENT":"f.476C3AA770E6D07C2EC07595B7803E41.d.80DEDD041C5D0BE613BFC1D940CB6203.e.1457"}]}
RESULT: {"script":"<script> [56 bytes]","args":[{"element-6066-11e4-a52e-4f735466cecf":"f.476C3AA770E6D07C2EC07595B7803E41.d.80DEDD041C5D0BE613BFC1D940CB6203.e.1457","ELEMENT":"f.476C3AA770E6D07C2EC07595B7803E41.d.80DEDD041C5D0BE613BFC1D940CB6203.e.1457"}]}
COMMAND: POST /session/4af11252f55e55044372f1ecd41138d9/element - {"using":"xpath","value":"//span[@id=\"application-addressmanagement-display-component---detailAdm--addressDetailDetailsLanguage\"]"}
COMMAND: GET /session/4af11252f55e55044372f1ecd41138d9/screenshot - {}
RESULT: {"using":"xpath","value":"//span[@id=\"application-addressmanagement-display-component---detailAdm--addressDetailDetailsLanguage\"]"}
COMMAND: POST /session/4af11252f55e55044372f1ecd41138d9/elements - {"using":"xpath","value":"//span[@id=\"application-addressmanagement-display-component---detailAdm--addressDetailDetailsLanguage\"]"}
RESULT: {}
RESULT: {"using":"xpath","value":"//span[@id=\"application-addressmanagement-display-component---detailAdm--addressDetailDetailsLanguage\"]"}
COMMAND: POST /session/4af11252f55e55044372f1ecd41138d9/execute/sync - {"script":"<script> [56 bytes]","args":[{"element-6066-11e4-a52e-4f735466cecf":"f.476C3AA770E6D07C2EC07595B7803E41.d.80DEDD041C5D0BE613BFC1D940CB6203.e.1458","ELEMENT":"f.476C3AA770E6D07C2EC07595B7803E41.d.80DEDD041C5D0BE613BFC1D940CB6203.e.1458"}]}
RESULT: {"script":"<script> [56 bytes]","args":[{"element-6066-11e4-a52e-4f735466cecf":"f.476C3AA770E6D07C2EC07595B7803E41.d.80DEDD041C5D0BE613BFC1D940CB6203.e.1458","ELEMENT":"f.476C3AA770E6D07C2EC07595B7803E41.d.80DEDD041C5D0BE613BFC1D940CB6203.e.1458"}]}
COMMAND: POST /session/4af11252f55e55044372f1ecd41138d9/element - {"using":"xpath","value":"//span[@id=\"application-addressmanagement-display-component---detailAdm--addressDetailDetailsZip1\"]"}
COMMAND: GET /session/4af11252f55e55044372f1ecd41138d9/screenshot - {}
RESULT: {"using":"xpath","value":"//span[@id=\"application-addressmanagement-display-component---detailAdm--addressDetailDetailsZip1\"]"}
COMMAND: POST /session/4af11252f55e55044372f1ecd41138d9/elements - {"using":"xpath","value":"//span[@id=\"application-addressmanagement-display-component---detailAdm--addressDetailDetailsZip1\"]"}
RESULT: {}
RESULT: {"using":"xpath","value":"//span[@id=\"application-addressmanagement-display-component---detailAdm--addressDetailDetailsZip1\"]"}
COMMAND: POST /session/4af11252f55e55044372f1ecd41138d9/execute/sync - {"script":"<script> [56 bytes]","args":[{"element-6066-11e4-a52e-4f735466cecf":"f.476C3AA770E6D07C2EC07595B7803E41.d.80DEDD041C5D0BE613BFC1D940CB6203.e.1459","ELEMENT":"f.476C3AA770E6D07C2EC07595B7803E41.d.80DEDD041C5D0BE613BFC1D940CB6203.e.1459"}]}
RESULT: {"script":"<script> [56 bytes]","args":[{"element-6066-11e4-a52e-4f735466cecf":"f.476C3AA770E6D07C2EC07595B7803E41.d.80DEDD041C5D0BE613BFC1D940CB6203.e.1459","ELEMENT":"f.476C3AA770E6D07C2EC07595B7803E41.d.80DEDD041C5D0BE613BFC1D940CB6203.e.1459"}]}
COMMAND: POST /session/4af11252f55e55044372f1ecd41138d9/element - {"using":"xpath","value":"//span[@id=\"application-addressmanagement-display-component---detailAdm--addressDetailContactsEmail\"]"}
COMMAND: GET /session/4af11252f55e55044372f1ecd41138d9/screenshot - {}
RESULT: {"using":"xpath","value":"//span[@id=\"application-addressmanagement-display-component---detailAdm--addressDetailContactsEmail\"]"}
COMMAND: POST /session/4af11252f55e55044372f1ecd41138d9/elements - {"using":"xpath","value":"//span[@id=\"application-addressmanagement-display-component---detailAdm--addressDetailContactsEmail\"]"}
RESULT: {}
RESULT: {"using":"xpath","value":"//span[@id=\"application-addressmanagement-display-component---detailAdm--addressDetailContactsEmail\"]"}
COMMAND: POST /session/4af11252f55e55044372f1ecd41138d9/execute/sync - {"script":"<script> [56 bytes]","args":[{"element-6066-11e4-a52e-4f735466cecf":"f.476C3AA770E6D07C2EC07595B7803E41.d.80DEDD041C5D0BE613BFC1D940CB6203.e.1460","ELEMENT":"f.476C3AA770E6D07C2EC07595B7803E41.d.80DEDD041C5D0BE613BFC1D940CB6203.e.1460"}]}
RESULT: {"script":"<script> [56 bytes]","args":[{"element-6066-11e4-a52e-4f735466cecf":"f.476C3AA770E6D07C2EC07595B7803E41.d.80DEDD041C5D0BE613BFC1D940CB6203.e.1460","ELEMENT":"f.476C3AA770E6D07C2EC07595B7803E41.d.80DEDD041C5D0BE613BFC1D940CB6203.e.1460"}]}
COMMAND: POST /session/4af11252f55e55044372f1ecd41138d9/element - {"using":"xpath","value":"//span[@id=\"application-addressmanagement-display-component---detailAdm--addressUserJobTitle\"]"}
COMMAND: GET /session/4af11252f55e55044372f1ecd41138d9/screenshot - {}
RESULT: {"using":"xpath","value":"//span[@id=\"application-addressmanagement-display-component---detailAdm--addressUserJobTitle\"]"}
COMMAND: POST /session/4af11252f55e55044372f1ecd41138d9/elements - {"using":"xpath","value":"//span[@id=\"application-addressmanagement-display-component---detailAdm--addressUserJobTitle\"]"}
RESULT: {}
RESULT: {"using":"xpath","value":"//span[@id=\"application-addressmanagement-display-component---detailAdm--addressUserJobTitle\"]"}
COMMAND: POST /session/4af11252f55e55044372f1ecd41138d9/execute/sync - {"script":"<script> [56 bytes]","args":[{"element-6066-11e4-a52e-4f735466cecf":"f.476C3AA770E6D07C2EC07595B7803E41.d.80DEDD041C5D0BE613BFC1D940CB6203.e.1461","ELEMENT":"f.476C3AA770E6D07C2EC07595B7803E41.d.80DEDD041C5D0BE613BFC1D940CB6203.e.1461"}]}
RESULT: {"script":"<script> [56 bytes]","args":[{"element-6066-11e4-a52e-4f735466cecf":"f.476C3AA770E6D07C2EC07595B7803E41.d.80DEDD041C5D0BE613BFC1D940CB6203.e.1461","ELEMENT":"f.476C3AA770E6D07C2EC07595B7803E41.d.80DEDD041C5D0BE613BFC1D940CB6203.e.1461"}]}
COMMAND: POST /session/4af11252f55e55044372f1ecd41138d9/element - {"using":"xpath","value":"//span[contains(@class, \"sapMTokenText\") and text()=\"testyTag1\"]"}
COMMAND: GET /session/4af11252f55e55044372f1ecd41138d9/screenshot - {}
RESULT: {"using":"xpath","value":"//span[contains(@class, \"sapMTokenText\") and text()=\"testyTag1\"]"}
COMMAND: POST /session/4af11252f55e55044372f1ecd41138d9/element - {"using":"xpath","value":"//span[contains(@class, \"sapMTokenText\") and text()=\"taggyTag2\"]"}
RESULT: {}
RESULT: {"using":"xpath","value":"//span[contains(@class, \"sapMTokenText\") and text()=\"taggyTag2\"]"}
COMMAND: POST /session/4af11252f55e55044372f1ecd41138d9/elements - {"using":"xpath","value":"//span[contains(@class, \"sapMTokenText\") and text()=\"testyTag1\"]"}
RESULT: {"using":"xpath","value":"//span[contains(@class, \"sapMTokenText\") and text()=\"testyTag1\"]"}
COMMAND: POST /session/4af11252f55e55044372f1ecd41138d9/elements - {"using":"xpath","value":"//span[contains(@class, \"sapMTokenText\") and text()=\"taggyTag2\"]"}
RESULT: {"using":"xpath","value":"//span[contains(@class, \"sapMTokenText\") and text()=\"taggyTag2\"]"}
COMMAND: POST /session/4af11252f55e55044372f1ecd41138d9/element - {"using":"css selector","value":"#shell-header-logo"}
RESULT: {"using":"css selector","value":"#shell-header-logo"}
COMMAND: POST /session/4af11252f55e55044372f1ecd41138d9/element/f.476C3AA770E6D07C2EC07595B7803E41.d.80DEDD041C5D0BE613BFC1D940CB6203.e.1069/click - {}
RESULT: {}
COMMAND: GET /session/4af11252f55e55044372f1ecd41138d9/screenshot - {}
RESULT: {}
]]></system-out>
    </testcase>
    <testcase classname="chrome.137_0_7151_69.windows.Address_Management_Tests_US156181_US151165_US151160_US156180_US156178_US151157_US151172_US151170_US151166_US151168" name="Step 5 Should verify searches US156180 verify filters US151157" time="113.935">
      <system-out><![CDATA[
RESULT: undefined
COMMAND: POST /session/4af11252f55e55044372f1ecd41138d9/element - {"using":"xpath","value":"//*[@id=\"__tile34\"]"}
RESULT: {"using":"xpath","value":"//*[@id=\"__tile34\"]"}
COMMAND: POST /session/4af11252f55e55044372f1ecd41138d9/element/f.476C3AA770E6D07C2EC07595B7803E41.d.80DEDD041C5D0BE613BFC1D940CB6203.e.239/click - {}
RESULT: {}
COMMAND: GET /session/4af11252f55e55044372f1ecd41138d9/screenshot - {}
RESULT: {}
COMMAND: POST /session/4af11252f55e55044372f1ecd41138d9/elements - {"using":"xpath","value":"//span[text()='Error']"}
RESULT: {"using":"xpath","value":"//span[text()='Error']"}
COMMAND: POST /session/4af11252f55e55044372f1ecd41138d9/element - {"using":"xpath","value":"//button[@data-kt=\"addButton\"]"}
RESULT: {"using":"xpath","value":"//button[@data-kt=\"addButton\"]"}
COMMAND: POST /session/4af11252f55e55044372f1ecd41138d9/elements - {"using":"xpath","value":"//button[@data-kt=\"addButton\"]"}
RESULT: {"using":"xpath","value":"//button[@data-kt=\"addButton\"]"}
COMMAND: POST /session/4af11252f55e55044372f1ecd41138d9/execute/sync - {"script":"<script> [8489 bytes]","args":[{"element-6066-11e4-a52e-4f735466cecf":"f.476C3AA770E6D07C2EC07595B7803E41.d.80DEDD041C5D0BE613BFC1D940CB6203.e.1532","ELEMENT":"f.476C3AA770E6D07C2EC07595B7803E41.d.80DEDD041C5D0BE613BFC1D940CB6203.e.1532"}]}
RESULT: {"script":"<script> [8489 bytes]","args":[{"element-6066-11e4-a52e-4f735466cecf":"f.476C3AA770E6D07C2EC07595B7803E41.d.80DEDD041C5D0BE613BFC1D940CB6203.e.1532","ELEMENT":"f.476C3AA770E6D07C2EC07595B7803E41.d.80DEDD041C5D0BE613BFC1D940CB6203.e.1532"}]}
COMMAND: GET /session/4af11252f55e55044372f1ecd41138d9/element/f.476C3AA770E6D07C2EC07595B7803E41.d.80DEDD041C5D0BE613BFC1D940CB6203.e.1532/enabled - {}
COMMAND: GET /session/4af11252f55e55044372f1ecd41138d9/screenshot - {}
RESULT: {}
COMMAND: POST /session/4af11252f55e55044372f1ecd41138d9/execute/sync - {"script":"<script> [8489 bytes]","args":[{"element-6066-11e4-a52e-4f735466cecf":"f.476C3AA770E6D07C2EC07595B7803E41.d.80DEDD041C5D0BE613BFC1D940CB6203.e.1532","ELEMENT":"f.476C3AA770E6D07C2EC07595B7803E41.d.80DEDD041C5D0BE613BFC1D940CB6203.e.1532"}]}
COMMAND: GET /session/4af11252f55e55044372f1ecd41138d9/screenshot - {}
RESULT: {}
RESULT: {"script":"<script> [8489 bytes]","args":[{"element-6066-11e4-a52e-4f735466cecf":"f.476C3AA770E6D07C2EC07595B7803E41.d.80DEDD041C5D0BE613BFC1D940CB6203.e.1532","ELEMENT":"f.476C3AA770E6D07C2EC07595B7803E41.d.80DEDD041C5D0BE613BFC1D940CB6203.e.1532"}]}
COMMAND: POST /session/4af11252f55e55044372f1ecd41138d9/execute/sync - {"script":"<script> [5351 bytes]","args":[{"element-6066-11e4-a52e-4f735466cecf":"f.476C3AA770E6D07C2EC07595B7803E41.d.80DEDD041C5D0BE613BFC1D940CB6203.e.1532","ELEMENT":"f.476C3AA770E6D07C2EC07595B7803E41.d.80DEDD041C5D0BE613BFC1D940CB6203.e.1532"}]}
COMMAND: GET /session/4af11252f55e55044372f1ecd41138d9/screenshot - {}
RESULT: {}
RESULT: {"script":"<script> [5351 bytes]","args":[{"element-6066-11e4-a52e-4f735466cecf":"f.476C3AA770E6D07C2EC07595B7803E41.d.80DEDD041C5D0BE613BFC1D940CB6203.e.1532","ELEMENT":"f.476C3AA770E6D07C2EC07595B7803E41.d.80DEDD041C5D0BE613BFC1D940CB6203.e.1532"}]}
COMMAND: GET /session/4af11252f55e55044372f1ecd41138d9/screenshot - {}
RESULT: {}
RESULT: {}
COMMAND: POST /session/4af11252f55e55044372f1ecd41138d9/element - {"using":"xpath","value":"//span[@id=\"application-addressmanagement-display-component---masterAdm--smartTable-header-inner\"]"}
RESULT: {"using":"xpath","value":"//span[@id=\"application-addressmanagement-display-component---masterAdm--smartTable-header-inner\"]"}
COMMAND: POST /session/4af11252f55e55044372f1ecd41138d9/elements - {"using":"xpath","value":"//span[@id=\"application-addressmanagement-display-component---masterAdm--smartTable-header-inner\"]"}
RESULT: {"using":"xpath","value":"//span[@id=\"application-addressmanagement-display-component---masterAdm--smartTable-header-inner\"]"}
COMMAND: POST /session/4af11252f55e55044372f1ecd41138d9/execute/sync - {"script":"<script> [56 bytes]","args":[{"element-6066-11e4-a52e-4f735466cecf":"f.476C3AA770E6D07C2EC07595B7803E41.d.80DEDD041C5D0BE613BFC1D940CB6203.e.1654","ELEMENT":"f.476C3AA770E6D07C2EC07595B7803E41.d.80DEDD041C5D0BE613BFC1D940CB6203.e.1654"}]}
RESULT: {"script":"<script> [56 bytes]","args":[{"element-6066-11e4-a52e-4f735466cecf":"f.476C3AA770E6D07C2EC07595B7803E41.d.80DEDD041C5D0BE613BFC1D940CB6203.e.1654","ELEMENT":"f.476C3AA770E6D07C2EC07595B7803E41.d.80DEDD041C5D0BE613BFC1D940CB6203.e.1654"}]}
COMMAND: POST /session/4af11252f55e55044372f1ecd41138d9/execute/async - {"script":"<script> [1562 bytes]","args":[{"selector":{"id":"application-addressmanagement-display-component---masterAdm--smartFilterBar-filterItemControl_BASIC-COUNTRY-vhi"},"wdio_ui5_key":"applicationaddressmanagement-display-component---masterAdm--smartFilterBar-filterItemControl_BASIC-COUNTRY-vhi"}]}
COMMAND: GET /session/4af11252f55e55044372f1ecd41138d9/screenshot - {}
RESULT: {"script":"<script> [1562 bytes]","args":[{"selector":{"id":"application-addressmanagement-display-component---masterAdm--smartFilterBar-filterItemControl_BASIC-COUNTRY-vhi"},"wdio_ui5_key":"applicationaddressmanagement-display-component---masterAdm--smartFilterBar-filterItemControl_BASIC-COUNTRY-vhi"}]}
RESULT: undefined
COMMAND: POST /session/4af11252f55e55044372f1ecd41138d9/element - {"using":"xpath","value":"//*[@id=\"application-addressmanagement-display-component---masterAdm--smartFilterBar-filterItemControl_BASIC-COUNTRY-vhi\"]"}
RESULT: {}
RESULT: {"using":"xpath","value":"//*[@id=\"application-addressmanagement-display-component---masterAdm--smartFilterBar-filterItemControl_BASIC-COUNTRY-vhi\"]"}
COMMAND: POST /session/4af11252f55e55044372f1ecd41138d9/element/f.476C3AA770E6D07C2EC07595B7803E41.d.80DEDD041C5D0BE613BFC1D940CB6203.e.1655/click - {}
RESULT: {}
COMMAND: GET /session/4af11252f55e55044372f1ecd41138d9/screenshot - {}
RESULT: {}
COMMAND: POST /session/4af11252f55e55044372f1ecd41138d9/execute/async - {"script":"<script> [1562 bytes]","args":[{"selector":{"id":"application-addressmanagement-display-component---masterAdm--smartFilterBar-filterItemControl_BASIC-COUNTRY-valueHelpDialog-smartFilterBar-btnBasicSearch","searchOpenDialogs":true,"interaction":{"idSuffix":"I"}},"wdio_ui5_key":"applicationaddressmanagement-display-component---masterAdm--smartFilterBar-filterItemControl_BASIC-COUNTRY-valueHelpDialog-smartFilterBar-btnBasicSearch"}]}
RESULT: {"script":"<script> [1562 bytes]","args":[{"selector":{"id":"application-addressmanagement-display-component---masterAdm--smartFilterBar-filterItemControl_BASIC-COUNTRY-valueHelpDialog-smartFilterBar-btnBasicSearch","searchOpenDialogs":true,"interaction":{"idSuffix":"I"}},"wdio_ui5_key":"applicationaddressmanagement-display-component---masterAdm--smartFilterBar-filterItemControl_BASIC-COUNTRY-valueHelpDialog-smartFilterBar-btnBasicSearch"}]}
RESULT: undefined
COMMAND: POST /session/4af11252f55e55044372f1ecd41138d9/execute/async - {"script":"<script> [776 bytes]","args":[{"enterText":"Romania","selector":{"id":"application-addressmanagement-display-component---masterAdm--smartFilterBar-filterItemControl_BASIC-COUNTRY-valueHelpDialog-smartFilterBar-btnBasicSearch","searchOpenDialogs":true,"interaction":{"idSuffix":"I"}},"clearTextFirst":true,"interactionType":"ENTER_TEXT"}]}
RESULT: {"script":"<script> [776 bytes]","args":[{"enterText":"Romania","selector":{"id":"application-addressmanagement-display-component---masterAdm--smartFilterBar-filterItemControl_BASIC-COUNTRY-valueHelpDialog-smartFilterBar-btnBasicSearch","searchOpenDialogs":true,"interaction":{"idSuffix":"I"}},"clearTextFirst":true,"interactionType":"ENTER_TEXT"}]}
COMMAND: POST /session/4af11252f55e55044372f1ecd41138d9/actions - {"actions":[{"id":"action7","type":"key","parameters":{},"actions":[{"type":"keyDown","value":"î€‡"},{"type":"pause","duration":10},{"type":"keyUp","value":"î€‡"}]}]}
RESULT: {"actions":[{"id":"action7","type":"key","parameters":{},"actions":[{"type":"keyDown","value":"î€‡"},{"type":"pause","duration":10},{"type":"keyUp","value":"î€‡"}]}]}
COMMAND: POST /session/4af11252f55e55044372f1ecd41138d9/elements - {"using":"xpath","value":"//table[contains(@id, \"smartFilterBar-filterItemControl_BASIC-COUNTRY-valueHelpDialog-table-table\")]/tbody/tr"}
COMMAND: GET /session/4af11252f55e55044372f1ecd41138d9/screenshot - {}
RESULT: {"using":"xpath","value":"//table[contains(@id, \"smartFilterBar-filterItemControl_BASIC-COUNTRY-valueHelpDialog-table-table\")]/tbody/tr"}
COMMAND: POST /session/4af11252f55e55044372f1ecd41138d9/element - {"using":"xpath","value":"//table[contains(@id, \"smartFilterBar-filterItemControl_BASIC-COUNTRY-valueHelpDialog-table-table\")]/tbody/tr[1]/td[1]/div/span"}
RESULT: {}
RESULT: {"using":"xpath","value":"//table[contains(@id, \"smartFilterBar-filterItemControl_BASIC-COUNTRY-valueHelpDialog-table-table\")]/tbody/tr[1]/td[1]/div/span"}
COMMAND: POST /session/4af11252f55e55044372f1ecd41138d9/elements - {"using":"xpath","value":"//table[contains(@id, \"smartFilterBar-filterItemControl_BASIC-COUNTRY-valueHelpDialog-table-table\")]/tbody/tr[1]/td[1]/div/span"}
RESULT: {"using":"xpath","value":"//table[contains(@id, \"smartFilterBar-filterItemControl_BASIC-COUNTRY-valueHelpDialog-table-table\")]/tbody/tr[1]/td[1]/div/span"}
COMMAND: POST /session/4af11252f55e55044372f1ecd41138d9/execute/sync - {"script":"<script> [56 bytes]","args":[{"element-6066-11e4-a52e-4f735466cecf":"f.476C3AA770E6D07C2EC07595B7803E41.d.80DEDD041C5D0BE613BFC1D940CB6203.e.1675","ELEMENT":"f.476C3AA770E6D07C2EC07595B7803E41.d.80DEDD041C5D0BE613BFC1D940CB6203.e.1675"}]}
RESULT: {"script":"<script> [56 bytes]","args":[{"element-6066-11e4-a52e-4f735466cecf":"f.476C3AA770E6D07C2EC07595B7803E41.d.80DEDD041C5D0BE613BFC1D940CB6203.e.1675","ELEMENT":"f.476C3AA770E6D07C2EC07595B7803E41.d.80DEDD041C5D0BE613BFC1D940CB6203.e.1675"}]}
COMMAND: POST /session/4af11252f55e55044372f1ecd41138d9/element - {"using":"xpath","value":"//div[contains(@id, \"filterItemControl_BASIC-COUNTRY-valueHelpDialog-table-rowsel0\")]"}
COMMAND: GET /session/4af11252f55e55044372f1ecd41138d9/screenshot - {}
RESULT: {"using":"xpath","value":"//div[contains(@id, \"filterItemControl_BASIC-COUNTRY-valueHelpDialog-table-rowsel0\")]"}
COMMAND: POST /session/4af11252f55e55044372f1ecd41138d9/element/f.476C3AA770E6D07C2EC07595B7803E41.d.80DEDD041C5D0BE613BFC1D940CB6203.e.1676/click - {}
RESULT: {}
RESULT: {}
COMMAND: GET /session/4af11252f55e55044372f1ecd41138d9/screenshot - {}
RESULT: {}
COMMAND: POST /session/4af11252f55e55044372f1ecd41138d9/element - {"using":"xpath","value":"(//bdi[contains(text(), \"OK\")])[1]"}
RESULT: {"using":"xpath","value":"(//bdi[contains(text(), \"OK\")])[1]"}
COMMAND: POST /session/4af11252f55e55044372f1ecd41138d9/element/f.476C3AA770E6D07C2EC07595B7803E41.d.80DEDD041C5D0BE613BFC1D940CB6203.e.1679/click - {}
RESULT: {}
COMMAND: GET /session/4af11252f55e55044372f1ecd41138d9/screenshot - {}
RESULT: {}
COMMAND: POST /session/4af11252f55e55044372f1ecd41138d9/element - {"using":"xpath","value":"//span[@id=\"application-addressmanagement-display-component---masterAdm--smartTable-header-inner\"]"}
RESULT: {"using":"xpath","value":"//span[@id=\"application-addressmanagement-display-component---masterAdm--smartTable-header-inner\"]"}
COMMAND: POST /session/4af11252f55e55044372f1ecd41138d9/elements - {"using":"xpath","value":"//span[@id=\"application-addressmanagement-display-component---masterAdm--smartTable-header-inner\"]"}
RESULT: {"using":"xpath","value":"//span[@id=\"application-addressmanagement-display-component---masterAdm--smartTable-header-inner\"]"}
COMMAND: POST /session/4af11252f55e55044372f1ecd41138d9/execute/sync - {"script":"<script> [56 bytes]","args":[{"element-6066-11e4-a52e-4f735466cecf":"f.476C3AA770E6D07C2EC07595B7803E41.d.80DEDD041C5D0BE613BFC1D940CB6203.e.1654","ELEMENT":"f.476C3AA770E6D07C2EC07595B7803E41.d.80DEDD041C5D0BE613BFC1D940CB6203.e.1654"}]}
RESULT: {"script":"<script> [56 bytes]","args":[{"element-6066-11e4-a52e-4f735466cecf":"f.476C3AA770E6D07C2EC07595B7803E41.d.80DEDD041C5D0BE613BFC1D940CB6203.e.1654","ELEMENT":"f.476C3AA770E6D07C2EC07595B7803E41.d.80DEDD041C5D0BE613BFC1D940CB6203.e.1654"}]}
COMMAND: POST /session/4af11252f55e55044372f1ecd41138d9/element - {"using":"xpath","value":"//span[contains(@title, \"Remove\")]"}
COMMAND: GET /session/4af11252f55e55044372f1ecd41138d9/screenshot - {}
RESULT: {"using":"xpath","value":"//span[contains(@title, \"Remove\")]"}
COMMAND: POST /session/4af11252f55e55044372f1ecd41138d9/element/f.476C3AA770E6D07C2EC07595B7803E41.d.80DEDD041C5D0BE613BFC1D940CB6203.e.1806/click - {}
RESULT: {}
RESULT: {}
COMMAND: GET /session/4af11252f55e55044372f1ecd41138d9/screenshot - {}
RESULT: {}
COMMAND: POST /session/4af11252f55e55044372f1ecd41138d9/element - {"using":"xpath","value":"//span[@id=\"application-addressmanagement-display-component---masterAdm--smartTable-header-inner\"]"}
RESULT: {"using":"xpath","value":"//span[@id=\"application-addressmanagement-display-component---masterAdm--smartTable-header-inner\"]"}
COMMAND: POST /session/4af11252f55e55044372f1ecd41138d9/elements - {"using":"xpath","value":"//span[@id=\"application-addressmanagement-display-component---masterAdm--smartTable-header-inner\"]"}
RESULT: {"using":"xpath","value":"//span[@id=\"application-addressmanagement-display-component---masterAdm--smartTable-header-inner\"]"}
COMMAND: POST /session/4af11252f55e55044372f1ecd41138d9/execute/sync - {"script":"<script> [56 bytes]","args":[{"element-6066-11e4-a52e-4f735466cecf":"f.476C3AA770E6D07C2EC07595B7803E41.d.80DEDD041C5D0BE613BFC1D940CB6203.e.1654","ELEMENT":"f.476C3AA770E6D07C2EC07595B7803E41.d.80DEDD041C5D0BE613BFC1D940CB6203.e.1654"}]}
RESULT: {"script":"<script> [56 bytes]","args":[{"element-6066-11e4-a52e-4f735466cecf":"f.476C3AA770E6D07C2EC07595B7803E41.d.80DEDD041C5D0BE613BFC1D940CB6203.e.1654","ELEMENT":"f.476C3AA770E6D07C2EC07595B7803E41.d.80DEDD041C5D0BE613BFC1D940CB6203.e.1654"}]}
RESULT: undefined
COMMAND: POST /session/4af11252f55e55044372f1ecd41138d9/element - {"using":"xpath","value":"//*[@id=\"application-addressmanagement-display-component---masterAdm--smartFilterBar-filterItemControl_BASIC-COUNTRY-vhi\"]"}
COMMAND: GET /session/4af11252f55e55044372f1ecd41138d9/screenshot - {}
RESULT: {"using":"xpath","value":"//*[@id=\"application-addressmanagement-display-component---masterAdm--smartFilterBar-filterItemControl_BASIC-COUNTRY-vhi\"]"}
COMMAND: POST /session/4af11252f55e55044372f1ecd41138d9/element/f.476C3AA770E6D07C2EC07595B7803E41.d.80DEDD041C5D0BE613BFC1D940CB6203.e.1655/click - {}
RESULT: {}
RESULT: {}
COMMAND: GET /session/4af11252f55e55044372f1ecd41138d9/screenshot - {}
RESULT: {}
RESULT: undefined
COMMAND: POST /session/4af11252f55e55044372f1ecd41138d9/execute/async - {"script":"<script> [776 bytes]","args":[{"enterText":"Romania","selector":{"id":"application-addressmanagement-display-component---masterAdm--smartFilterBar-filterItemControl_BASIC-COUNTRY-valueHelpDialog-smartFilterBar-btnBasicSearch","searchOpenDialogs":true,"interaction":{"idSuffix":"I"}},"clearTextFirst":true,"interactionType":"ENTER_TEXT"}]}
RESULT: {"script":"<script> [776 bytes]","args":[{"enterText":"Romania","selector":{"id":"application-addressmanagement-display-component---masterAdm--smartFilterBar-filterItemControl_BASIC-COUNTRY-valueHelpDialog-smartFilterBar-btnBasicSearch","searchOpenDialogs":true,"interaction":{"idSuffix":"I"}},"clearTextFirst":true,"interactionType":"ENTER_TEXT"}]}
COMMAND: POST /session/4af11252f55e55044372f1ecd41138d9/actions - {"actions":[{"id":"action8","type":"key","parameters":{},"actions":[{"type":"keyDown","value":"î€‡"},{"type":"pause","duration":10},{"type":"keyUp","value":"î€‡"}]}]}
RESULT: {"actions":[{"id":"action8","type":"key","parameters":{},"actions":[{"type":"keyDown","value":"î€‡"},{"type":"pause","duration":10},{"type":"keyUp","value":"î€‡"}]}]}
COMMAND: GET /session/4af11252f55e55044372f1ecd41138d9/screenshot - {}
RESULT: {}
COMMAND: POST /session/4af11252f55e55044372f1ecd41138d9/elements - {"using":"xpath","value":"//table[contains(@id, \"smartFilterBar-filterItemControl_BASIC-COUNTRY-valueHelpDialog-table-table\")]/tbody/tr"}
RESULT: {"using":"xpath","value":"//table[contains(@id, \"smartFilterBar-filterItemControl_BASIC-COUNTRY-valueHelpDialog-table-table\")]/tbody/tr"}
COMMAND: POST /session/4af11252f55e55044372f1ecd41138d9/element - {"using":"xpath","value":"//table[contains(@id, \"smartFilterBar-filterItemControl_BASIC-COUNTRY-valueHelpDialog-table-table\")]/tbody/tr[1]/td[1]/div/span"}
RESULT: {"using":"xpath","value":"//table[contains(@id, \"smartFilterBar-filterItemControl_BASIC-COUNTRY-valueHelpDialog-table-table\")]/tbody/tr[1]/td[1]/div/span"}
COMMAND: POST /session/4af11252f55e55044372f1ecd41138d9/elements - {"using":"xpath","value":"//table[contains(@id, \"smartFilterBar-filterItemControl_BASIC-COUNTRY-valueHelpDialog-table-table\")]/tbody/tr[1]/td[1]/div/span"}
RESULT: {"using":"xpath","value":"//table[contains(@id, \"smartFilterBar-filterItemControl_BASIC-COUNTRY-valueHelpDialog-table-table\")]/tbody/tr[1]/td[1]/div/span"}
COMMAND: POST /session/4af11252f55e55044372f1ecd41138d9/execute/sync - {"script":"<script> [56 bytes]","args":[{"element-6066-11e4-a52e-4f735466cecf":"f.476C3AA770E6D07C2EC07595B7803E41.d.80DEDD041C5D0BE613BFC1D940CB6203.e.1891","ELEMENT":"f.476C3AA770E6D07C2EC07595B7803E41.d.80DEDD041C5D0BE613BFC1D940CB6203.e.1891"}]}
RESULT: {"script":"<script> [56 bytes]","args":[{"element-6066-11e4-a52e-4f735466cecf":"f.476C3AA770E6D07C2EC07595B7803E41.d.80DEDD041C5D0BE613BFC1D940CB6203.e.1891","ELEMENT":"f.476C3AA770E6D07C2EC07595B7803E41.d.80DEDD041C5D0BE613BFC1D940CB6203.e.1891"}]}
COMMAND: POST /session/4af11252f55e55044372f1ecd41138d9/element - {"using":"xpath","value":"//div[contains(@id, \"filterItemControl_BASIC-COUNTRY-valueHelpDialog-table-rowsel0\")]"}
COMMAND: GET /session/4af11252f55e55044372f1ecd41138d9/screenshot - {}
RESULT: {"using":"xpath","value":"//div[contains(@id, \"filterItemControl_BASIC-COUNTRY-valueHelpDialog-table-rowsel0\")]"}
COMMAND: POST /session/4af11252f55e55044372f1ecd41138d9/element/f.476C3AA770E6D07C2EC07595B7803E41.d.80DEDD041C5D0BE613BFC1D940CB6203.e.1892/click - {}
RESULT: {}
RESULT: {}
COMMAND: GET /session/4af11252f55e55044372f1ecd41138d9/screenshot - {}
RESULT: {}
RESULT: undefined
COMMAND: POST /session/4af11252f55e55044372f1ecd41138d9/element - {"using":"xpath","value":"//*[@id=\"application-addressmanagement-display-component---masterAdm--smartFilterBar-filterItemControl_BASIC-COUNTRY-vhi\"]"}
RESULT: {"using":"xpath","value":"//*[@id=\"application-addressmanagement-display-component---masterAdm--smartFilterBar-filterItemControl_BASIC-COUNTRY-vhi\"]"}
COMMAND: POST /session/4af11252f55e55044372f1ecd41138d9/element/f.476C3AA770E6D07C2EC07595B7803E41.d.80DEDD041C5D0BE613BFC1D940CB6203.e.1655/click - {}
RESULT: undefined
COMMAND: POST /session/4af11252f55e55044372f1ecd41138d9/execute/async - {"script":"<script> [776 bytes]","args":[{"enterText":"Argentina","selector":{"id":"application-addressmanagement-display-component---masterAdm--smartFilterBar-filterItemControl_BASIC-COUNTRY-valueHelpDialog-smartFilterBar-btnBasicSearch","searchOpenDialogs":true,"interaction":{"idSuffix":"I"}},"clearTextFirst":true,"interactionType":"ENTER_TEXT"}]}
RESULT: {"script":"<script> [776 bytes]","args":[{"enterText":"Argentina","selector":{"id":"application-addressmanagement-display-component---masterAdm--smartFilterBar-filterItemControl_BASIC-COUNTRY-valueHelpDialog-smartFilterBar-btnBasicSearch","searchOpenDialogs":true,"interaction":{"idSuffix":"I"}},"clearTextFirst":true,"interactionType":"ENTER_TEXT"}]}
COMMAND: POST /session/4af11252f55e55044372f1ecd41138d9/actions - {"actions":[{"id":"action9","type":"key","parameters":{},"actions":[{"type":"keyDown","value":"î€‡"},{"type":"pause","duration":10},{"type":"keyUp","value":"î€‡"}]}]}
RESULT: {"actions":[{"id":"action9","type":"key","parameters":{},"actions":[{"type":"keyDown","value":"î€‡"},{"type":"pause","duration":10},{"type":"keyUp","value":"î€‡"}]}]}
COMMAND: GET /session/4af11252f55e55044372f1ecd41138d9/screenshot - {}
RESULT: {}
COMMAND: POST /session/4af11252f55e55044372f1ecd41138d9/elements - {"using":"xpath","value":"//table[contains(@id, \"smartFilterBar-filterItemControl_BASIC-COUNTRY-valueHelpDialog-table-table\")]/tbody/tr"}
RESULT: {"using":"xpath","value":"//table[contains(@id, \"smartFilterBar-filterItemControl_BASIC-COUNTRY-valueHelpDialog-table-table\")]/tbody/tr"}
COMMAND: POST /session/4af11252f55e55044372f1ecd41138d9/element - {"using":"xpath","value":"//table[contains(@id, \"smartFilterBar-filterItemControl_BASIC-COUNTRY-valueHelpDialog-table-table\")]/tbody/tr[1]/td[1]/div/span"}
RESULT: {"using":"xpath","value":"//table[contains(@id, \"smartFilterBar-filterItemControl_BASIC-COUNTRY-valueHelpDialog-table-table\")]/tbody/tr[1]/td[1]/div/span"}
COMMAND: POST /session/4af11252f55e55044372f1ecd41138d9/elements - {"using":"xpath","value":"//table[contains(@id, \"smartFilterBar-filterItemControl_BASIC-COUNTRY-valueHelpDialog-table-table\")]/tbody/tr[1]/td[1]/div/span"}
RESULT: {"using":"xpath","value":"//table[contains(@id, \"smartFilterBar-filterItemControl_BASIC-COUNTRY-valueHelpDialog-table-table\")]/tbody/tr[1]/td[1]/div/span"}
COMMAND: POST /session/4af11252f55e55044372f1ecd41138d9/execute/sync - {"script":"<script> [56 bytes]","args":[{"element-6066-11e4-a52e-4f735466cecf":"f.476C3AA770E6D07C2EC07595B7803E41.d.80DEDD041C5D0BE613BFC1D940CB6203.e.1891","ELEMENT":"f.476C3AA770E6D07C2EC07595B7803E41.d.80DEDD041C5D0BE613BFC1D940CB6203.e.1891"}]}
RESULT: {"script":"<script> [56 bytes]","args":[{"element-6066-11e4-a52e-4f735466cecf":"f.476C3AA770E6D07C2EC07595B7803E41.d.80DEDD041C5D0BE613BFC1D940CB6203.e.1891","ELEMENT":"f.476C3AA770E6D07C2EC07595B7803E41.d.80DEDD041C5D0BE613BFC1D940CB6203.e.1891"}]}
COMMAND: POST /session/4af11252f55e55044372f1ecd41138d9/element - {"using":"xpath","value":"//div[contains(@id, \"filterItemControl_BASIC-COUNTRY-valueHelpDialog-table-rowsel0\")]"}
COMMAND: GET /session/4af11252f55e55044372f1ecd41138d9/screenshot - {}
RESULT: {"using":"xpath","value":"//div[contains(@id, \"filterItemControl_BASIC-COUNTRY-valueHelpDialog-table-rowsel0\")]"}
COMMAND: POST /session/4af11252f55e55044372f1ecd41138d9/element/f.476C3AA770E6D07C2EC07595B7803E41.d.80DEDD041C5D0BE613BFC1D940CB6203.e.1892/click - {}
RESULT: {}
RESULT: {}
COMMAND: GET /session/4af11252f55e55044372f1ecd41138d9/screenshot - {}
RESULT: {}
COMMAND: POST /session/4af11252f55e55044372f1ecd41138d9/element - {"using":"xpath","value":"(//bdi[contains(text(), \"OK\")])[1]"}
RESULT: {"using":"xpath","value":"(//bdi[contains(text(), \"OK\")])[1]"}
COMMAND: POST /session/4af11252f55e55044372f1ecd41138d9/element/f.476C3AA770E6D07C2EC07595B7803E41.d.80DEDD041C5D0BE613BFC1D940CB6203.e.1894/click - {}
RESULT: {}
COMMAND: GET /session/4af11252f55e55044372f1ecd41138d9/screenshot - {}
RESULT: {}
COMMAND: POST /session/4af11252f55e55044372f1ecd41138d9/element - {"using":"xpath","value":"//span[@id=\"application-addressmanagement-display-component---masterAdm--smartTable-header-inner\"]"}
RESULT: {"using":"xpath","value":"//span[@id=\"application-addressmanagement-display-component---masterAdm--smartTable-header-inner\"]"}
COMMAND: POST /session/4af11252f55e55044372f1ecd41138d9/elements - {"using":"xpath","value":"//span[@id=\"application-addressmanagement-display-component---masterAdm--smartTable-header-inner\"]"}
RESULT: {"using":"xpath","value":"//span[@id=\"application-addressmanagement-display-component---masterAdm--smartTable-header-inner\"]"}
COMMAND: POST /session/4af11252f55e55044372f1ecd41138d9/execute/sync - {"script":"<script> [56 bytes]","args":[{"element-6066-11e4-a52e-4f735466cecf":"f.476C3AA770E6D07C2EC07595B7803E41.d.80DEDD041C5D0BE613BFC1D940CB6203.e.1654","ELEMENT":"f.476C3AA770E6D07C2EC07595B7803E41.d.80DEDD041C5D0BE613BFC1D940CB6203.e.1654"}]}
RESULT: {"script":"<script> [56 bytes]","args":[{"element-6066-11e4-a52e-4f735466cecf":"f.476C3AA770E6D07C2EC07595B7803E41.d.80DEDD041C5D0BE613BFC1D940CB6203.e.1654","ELEMENT":"f.476C3AA770E6D07C2EC07595B7803E41.d.80DEDD041C5D0BE613BFC1D940CB6203.e.1654"}]}
COMMAND: POST /session/4af11252f55e55044372f1ecd41138d9/execute/async - {"script":"<script> [1562 bytes]","args":[{"selector":{"id":"application-addressmanagement-display-component---masterAdm--smartFilterBar-filterItemControl_BASIC-NAME-vhi"},"wdio_ui5_key":"applicationaddressmanagement-display-component---masterAdm--smartFilterBar-filterItemControl_BASIC-NAME-vhi"}]}
COMMAND: GET /session/4af11252f55e55044372f1ecd41138d9/screenshot - {}
RESULT: {"script":"<script> [1562 bytes]","args":[{"selector":{"id":"application-addressmanagement-display-component---masterAdm--smartFilterBar-filterItemControl_BASIC-NAME-vhi"},"wdio_ui5_key":"applicationaddressmanagement-display-component---masterAdm--smartFilterBar-filterItemControl_BASIC-NAME-vhi"}]}
RESULT: undefined
COMMAND: POST /session/4af11252f55e55044372f1ecd41138d9/element - {"using":"xpath","value":"//*[@id=\"application-addressmanagement-display-component---masterAdm--smartFilterBar-filterItemControl_BASIC-NAME-vhi\"]"}
RESULT: {}
RESULT: {"using":"xpath","value":"//*[@id=\"application-addressmanagement-display-component---masterAdm--smartFilterBar-filterItemControl_BASIC-NAME-vhi\"]"}
COMMAND: POST /session/4af11252f55e55044372f1ecd41138d9/element/f.476C3AA770E6D07C2EC07595B7803E41.d.80DEDD041C5D0BE613BFC1D940CB6203.e.1920/click - {}
RESULT: {}
COMMAND: GET /session/4af11252f55e55044372f1ecd41138d9/screenshot - {}
RESULT: {}
COMMAND: POST /session/4af11252f55e55044372f1ecd41138d9/execute/async - {"script":"<script> [1562 bytes]","args":[{"selector":{"controlType":"sap.m.Input","viewName":"etm.portal.ui.addressmanagement.view.Master","viewId":"application-addressmanagement-display-component---masterAdm","properties":{"valueState":"None"},"searchOpenDialogs":true,"interaction":{"idSuffix":"inner"}},"wdio_ui5_key":"etmportal.ui.addressmanagement.view.Mastersap.m.Input{\"valueState\":\"None\"}"}]}
RESULT: {"script":"<script> [1562 bytes]","args":[{"selector":{"controlType":"sap.m.Input","viewName":"etm.portal.ui.addressmanagement.view.Master","viewId":"application-addressmanagement-display-component---masterAdm","properties":{"valueState":"None"},"searchOpenDialogs":true,"interaction":{"idSuffix":"inner"}},"wdio_ui5_key":"etmportal.ui.addressmanagement.view.Mastersap.m.Input{\"valueState\":\"None\"}"}]}
RESULT: undefined
COMMAND: POST /session/4af11252f55e55044372f1ecd41138d9/execute/async - {"script":"<script> [776 bytes]","args":[{"enterText":"Test","selector":{"controlType":"sap.m.Input","viewName":"etm.portal.ui.addressmanagement.view.Master","viewId":"application-addressmanagement-display-component---masterAdm","properties":{"valueState":"None"},"searchOpenDialogs":true,"interaction":{"idSuffix":"inner"}},"clearTextFirst":true,"interactionType":"ENTER_TEXT"}]}
RESULT: {"script":"<script> [776 bytes]","args":[{"enterText":"Test","selector":{"controlType":"sap.m.Input","viewName":"etm.portal.ui.addressmanagement.view.Master","viewId":"application-addressmanagement-display-component---masterAdm","properties":{"valueState":"None"},"searchOpenDialogs":true,"interaction":{"idSuffix":"inner"}},"clearTextFirst":true,"interactionType":"ENTER_TEXT"}]}
COMMAND: POST /session/4af11252f55e55044372f1ecd41138d9/actions - {"actions":[{"id":"action10","type":"key","parameters":{},"actions":[{"type":"keyDown","value":"î€‡"},{"type":"pause","duration":10},{"type":"keyUp","value":"î€‡"}]}]}
RESULT: {"actions":[{"id":"action10","type":"key","parameters":{},"actions":[{"type":"keyDown","value":"î€‡"},{"type":"pause","duration":10},{"type":"keyUp","value":"î€‡"}]}]}
COMMAND: GET /session/4af11252f55e55044372f1ecd41138d9/screenshot - {}
RESULT: {}
COMMAND: POST /session/4af11252f55e55044372f1ecd41138d9/element - {"using":"xpath","value":"(//bdi[contains(text(), \"OK\")])[1]"}
RESULT: {"using":"xpath","value":"(//bdi[contains(text(), \"OK\")])[1]"}
COMMAND: POST /session/4af11252f55e55044372f1ecd41138d9/element/f.476C3AA770E6D07C2EC07595B7803E41.d.80DEDD041C5D0BE613BFC1D940CB6203.e.1927/click - {}
RESULT: {}
COMMAND: GET /session/4af11252f55e55044372f1ecd41138d9/screenshot - {}
RESULT: {}
COMMAND: POST /session/4af11252f55e55044372f1ecd41138d9/element - {"using":"xpath","value":"//span[@id=\"application-addressmanagement-display-component---masterAdm--smartTable-header-inner\"]"}
RESULT: {"using":"xpath","value":"//span[@id=\"application-addressmanagement-display-component---masterAdm--smartTable-header-inner\"]"}
COMMAND: POST /session/4af11252f55e55044372f1ecd41138d9/elements - {"using":"xpath","value":"//span[@id=\"application-addressmanagement-display-component---masterAdm--smartTable-header-inner\"]"}
RESULT: {"using":"xpath","value":"//span[@id=\"application-addressmanagement-display-component---masterAdm--smartTable-header-inner\"]"}
COMMAND: POST /session/4af11252f55e55044372f1ecd41138d9/execute/sync - {"script":"<script> [56 bytes]","args":[{"element-6066-11e4-a52e-4f735466cecf":"f.476C3AA770E6D07C2EC07595B7803E41.d.80DEDD041C5D0BE613BFC1D940CB6203.e.1654","ELEMENT":"f.476C3AA770E6D07C2EC07595B7803E41.d.80DEDD041C5D0BE613BFC1D940CB6203.e.1654"}]}
RESULT: {"script":"<script> [56 bytes]","args":[{"element-6066-11e4-a52e-4f735466cecf":"f.476C3AA770E6D07C2EC07595B7803E41.d.80DEDD041C5D0BE613BFC1D940CB6203.e.1654","ELEMENT":"f.476C3AA770E6D07C2EC07595B7803E41.d.80DEDD041C5D0BE613BFC1D940CB6203.e.1654"}]}
COMMAND: POST /session/4af11252f55e55044372f1ecd41138d9/element - {"using":"xpath","value":"//span[contains(@title, \"Remove\")]"}
COMMAND: GET /session/4af11252f55e55044372f1ecd41138d9/screenshot - {}
RESULT: {"using":"xpath","value":"//span[contains(@title, \"Remove\")]"}
COMMAND: POST /session/4af11252f55e55044372f1ecd41138d9/element/f.476C3AA770E6D07C2EC07595B7803E41.d.80DEDD041C5D0BE613BFC1D940CB6203.e.1982/click - {}
RESULT: {}
RESULT: {}
COMMAND: GET /session/4af11252f55e55044372f1ecd41138d9/screenshot - {}
COMMAND: POST /session/4af11252f55e55044372f1ecd41138d9/element - {"using":"xpath","value":"//span[contains(@title, \"Remove\")]"}
RESULT: {}
RESULT: {"using":"xpath","value":"//span[contains(@title, \"Remove\")]"}
COMMAND: POST /session/4af11252f55e55044372f1ecd41138d9/element/f.476C3AA770E6D07C2EC07595B7803E41.d.80DEDD041C5D0BE613BFC1D940CB6203.e.2043/click - {}
RESULT: {}
COMMAND: GET /session/4af11252f55e55044372f1ecd41138d9/screenshot - {}
RESULT: {}
COMMAND: POST /session/4af11252f55e55044372f1ecd41138d9/element - {"using":"xpath","value":"//span[contains(@title, \"Remove\")]"}
RESULT: {"using":"xpath","value":"//span[contains(@title, \"Remove\")]"}
COMMAND: POST /session/4af11252f55e55044372f1ecd41138d9/element/f.476C3AA770E6D07C2EC07595B7803E41.d.80DEDD041C5D0BE613BFC1D940CB6203.e.2115/click - {}
RESULT: {}
COMMAND: GET /session/4af11252f55e55044372f1ecd41138d9/screenshot - {}
RESULT: {}
COMMAND: POST /session/4af11252f55e55044372f1ecd41138d9/element - {"using":"css selector","value":"#shell-header-logo"}
RESULT: {"using":"css selector","value":"#shell-header-logo"}
COMMAND: POST /session/4af11252f55e55044372f1ecd41138d9/element/f.476C3AA770E6D07C2EC07595B7803E41.d.80DEDD041C5D0BE613BFC1D940CB6203.e.1470/click - {}
RESULT: {}
COMMAND: GET /session/4af11252f55e55044372f1ecd41138d9/screenshot - {}
RESULT: {}
]]></system-out>
    </testcase>
    <testcase classname="chrome.137_0_7151_69.windows.Address_Management_Tests_US156181_US151165_US151160_US156180_US156178_US151157_US151172_US151170_US151166_US151168" name="Step 6 Should assign user ID to an user assign them to site US151172" time="85.728">
      <system-out><![CDATA[
RESULT: undefined
COMMAND: POST /session/4af11252f55e55044372f1ecd41138d9/element - {"using":"xpath","value":"//*[@id=\"__tile34\"]"}
RESULT: {"using":"xpath","value":"//*[@id=\"__tile34\"]"}
COMMAND: POST /session/4af11252f55e55044372f1ecd41138d9/element/f.476C3AA770E6D07C2EC07595B7803E41.d.80DEDD041C5D0BE613BFC1D940CB6203.e.239/click - {}
RESULT: {}
COMMAND: GET /session/4af11252f55e55044372f1ecd41138d9/screenshot - {}
RESULT: {}
COMMAND: POST /session/4af11252f55e55044372f1ecd41138d9/elements - {"using":"xpath","value":"//span[text()='Error']"}
RESULT: {"using":"xpath","value":"//span[text()='Error']"}
COMMAND: POST /session/4af11252f55e55044372f1ecd41138d9/element - {"using":"xpath","value":"//button[@data-kt=\"addButton\"]"}
RESULT: {"using":"xpath","value":"//button[@data-kt=\"addButton\"]"}
COMMAND: POST /session/4af11252f55e55044372f1ecd41138d9/elements - {"using":"xpath","value":"//button[@data-kt=\"addButton\"]"}
RESULT: {"using":"xpath","value":"//button[@data-kt=\"addButton\"]"}
COMMAND: POST /session/4af11252f55e55044372f1ecd41138d9/execute/sync - {"script":"<script> [8489 bytes]","args":[{"element-6066-11e4-a52e-4f735466cecf":"f.476C3AA770E6D07C2EC07595B7803E41.d.80DEDD041C5D0BE613BFC1D940CB6203.e.2236","ELEMENT":"f.476C3AA770E6D07C2EC07595B7803E41.d.80DEDD041C5D0BE613BFC1D940CB6203.e.2236"}]}
RESULT: {"script":"<script> [8489 bytes]","args":[{"element-6066-11e4-a52e-4f735466cecf":"f.476C3AA770E6D07C2EC07595B7803E41.d.80DEDD041C5D0BE613BFC1D940CB6203.e.2236","ELEMENT":"f.476C3AA770E6D07C2EC07595B7803E41.d.80DEDD041C5D0BE613BFC1D940CB6203.e.2236"}]}
COMMAND: GET /session/4af11252f55e55044372f1ecd41138d9/element/f.476C3AA770E6D07C2EC07595B7803E41.d.80DEDD041C5D0BE613BFC1D940CB6203.e.2236/enabled - {}
COMMAND: GET /session/4af11252f55e55044372f1ecd41138d9/screenshot - {}
RESULT: {}
COMMAND: POST /session/4af11252f55e55044372f1ecd41138d9/execute/sync - {"script":"<script> [8489 bytes]","args":[{"element-6066-11e4-a52e-4f735466cecf":"f.476C3AA770E6D07C2EC07595B7803E41.d.80DEDD041C5D0BE613BFC1D940CB6203.e.2236","ELEMENT":"f.476C3AA770E6D07C2EC07595B7803E41.d.80DEDD041C5D0BE613BFC1D940CB6203.e.2236"}]}
COMMAND: GET /session/4af11252f55e55044372f1ecd41138d9/screenshot - {}
RESULT: {}
RESULT: {"script":"<script> [8489 bytes]","args":[{"element-6066-11e4-a52e-4f735466cecf":"f.476C3AA770E6D07C2EC07595B7803E41.d.80DEDD041C5D0BE613BFC1D940CB6203.e.2236","ELEMENT":"f.476C3AA770E6D07C2EC07595B7803E41.d.80DEDD041C5D0BE613BFC1D940CB6203.e.2236"}]}
COMMAND: POST /session/4af11252f55e55044372f1ecd41138d9/execute/sync - {"script":"<script> [5351 bytes]","args":[{"element-6066-11e4-a52e-4f735466cecf":"f.476C3AA770E6D07C2EC07595B7803E41.d.80DEDD041C5D0BE613BFC1D940CB6203.e.2236","ELEMENT":"f.476C3AA770E6D07C2EC07595B7803E41.d.80DEDD041C5D0BE613BFC1D940CB6203.e.2236"}]}
COMMAND: GET /session/4af11252f55e55044372f1ecd41138d9/screenshot - {}
RESULT: {}
RESULT: {"script":"<script> [5351 bytes]","args":[{"element-6066-11e4-a52e-4f735466cecf":"f.476C3AA770E6D07C2EC07595B7803E41.d.80DEDD041C5D0BE613BFC1D940CB6203.e.2236","ELEMENT":"f.476C3AA770E6D07C2EC07595B7803E41.d.80DEDD041C5D0BE613BFC1D940CB6203.e.2236"}]}
COMMAND: GET /session/4af11252f55e55044372f1ecd41138d9/screenshot - {}
RESULT: {}
RESULT: {}
RESULT: undefined
COMMAND: POST /session/4af11252f55e55044372f1ecd41138d9/execute/async - {"script":"<script> [776 bytes]","args":[{"enterText":"Test1ETM","selector":{"id":"application-addressmanagement-display-component---masterAdm--smartFilterBar-btnBasicSearch","interaction":{"idSuffix":"I"}},"clearTextFirst":true,"interactionType":"ENTER_TEXT"}]}
RESULT: {"script":"<script> [776 bytes]","args":[{"enterText":"Test1ETM","selector":{"id":"application-addressmanagement-display-component---masterAdm--smartFilterBar-btnBasicSearch","interaction":{"idSuffix":"I"}},"clearTextFirst":true,"interactionType":"ENTER_TEXT"}]}
COMMAND: POST /session/4af11252f55e55044372f1ecd41138d9/actions - {"actions":[{"id":"action11","type":"key","parameters":{},"actions":[{"type":"keyDown","value":"î€‡"},{"type":"pause","duration":10},{"type":"keyUp","value":"î€‡"}]}]}
RESULT: {"actions":[{"id":"action11","type":"key","parameters":{},"actions":[{"type":"keyDown","value":"î€‡"},{"type":"pause","duration":10},{"type":"keyUp","value":"î€‡"}]}]}
COMMAND: GET /session/4af11252f55e55044372f1ecd41138d9/screenshot - {}
RESULT: {}
COMMAND: POST /session/4af11252f55e55044372f1ecd41138d9/elements - {"using":"xpath","value":"//table[contains(@id, \"customPersonsAddressesTable-listUl\")]/tbody/tr"}
RESULT: {"using":"xpath","value":"//table[contains(@id, \"customPersonsAddressesTable-listUl\")]/tbody/tr"}
COMMAND: POST /session/4af11252f55e55044372f1ecd41138d9/element - {"using":"xpath","value":"//table[contains(@id, \"customPersonsAddressesTable-listUl\")]/tbody/tr[1]/td[5]/span/span"}
RESULT: {"using":"xpath","value":"//table[contains(@id, \"customPersonsAddressesTable-listUl\")]/tbody/tr[1]/td[5]/span/span"}
COMMAND: POST /session/4af11252f55e55044372f1ecd41138d9/element - {"using":"xpath","value":"//table[contains(@id, \"customPersonsAddressesTable-listUl\")]/tbody/tr[1]/td[3]/span"}
RESULT: {"using":"xpath","value":"//table[contains(@id, \"customPersonsAddressesTable-listUl\")]/tbody/tr[1]/td[3]/span"}
COMMAND: POST /session/4af11252f55e55044372f1ecd41138d9/elements - {"using":"xpath","value":"//table[contains(@id, \"customPersonsAddressesTable-listUl\")]/tbody/tr[1]/td[5]/span/span"}
RESULT: {"using":"xpath","value":"//table[contains(@id, \"customPersonsAddressesTable-listUl\")]/tbody/tr[1]/td[5]/span/span"}
COMMAND: POST /session/4af11252f55e55044372f1ecd41138d9/execute/sync - {"script":"<script> [56 bytes]","args":[{"element-6066-11e4-a52e-4f735466cecf":"f.476C3AA770E6D07C2EC07595B7803E41.d.80DEDD041C5D0BE613BFC1D940CB6203.e.2380","ELEMENT":"f.476C3AA770E6D07C2EC07595B7803E41.d.80DEDD041C5D0BE613BFC1D940CB6203.e.2380"}]}
RESULT: {"script":"<script> [56 bytes]","args":[{"element-6066-11e4-a52e-4f735466cecf":"f.476C3AA770E6D07C2EC07595B7803E41.d.80DEDD041C5D0BE613BFC1D940CB6203.e.2380","ELEMENT":"f.476C3AA770E6D07C2EC07595B7803E41.d.80DEDD041C5D0BE613BFC1D940CB6203.e.2380"}]}
COMMAND: POST /session/4af11252f55e55044372f1ecd41138d9/element - {"using":"xpath","value":"//span[@id=\"application-addressmanagement-display-component---masterAdm--smartTable-header-inner\"]"}
COMMAND: GET /session/4af11252f55e55044372f1ecd41138d9/screenshot - {}
RESULT: {"using":"xpath","value":"//span[@id=\"application-addressmanagement-display-component---masterAdm--smartTable-header-inner\"]"}
COMMAND: POST /session/4af11252f55e55044372f1ecd41138d9/elements - {"using":"xpath","value":"//span[@id=\"application-addressmanagement-display-component---masterAdm--smartTable-header-inner\"]"}
RESULT: {}
RESULT: {"using":"xpath","value":"//span[@id=\"application-addressmanagement-display-component---masterAdm--smartTable-header-inner\"]"}
COMMAND: POST /session/4af11252f55e55044372f1ecd41138d9/execute/sync - {"script":"<script> [56 bytes]","args":[{"element-6066-11e4-a52e-4f735466cecf":"f.476C3AA770E6D07C2EC07595B7803E41.d.80DEDD041C5D0BE613BFC1D940CB6203.e.2382","ELEMENT":"f.476C3AA770E6D07C2EC07595B7803E41.d.80DEDD041C5D0BE613BFC1D940CB6203.e.2382"}]}
RESULT: {"script":"<script> [56 bytes]","args":[{"element-6066-11e4-a52e-4f735466cecf":"f.476C3AA770E6D07C2EC07595B7803E41.d.80DEDD041C5D0BE613BFC1D940CB6203.e.2382","ELEMENT":"f.476C3AA770E6D07C2EC07595B7803E41.d.80DEDD041C5D0BE613BFC1D940CB6203.e.2382"}]}
COMMAND: POST /session/4af11252f55e55044372f1ecd41138d9/element - {"using":"css selector","value":"#shell-header-logo"}
COMMAND: GET /session/4af11252f55e55044372f1ecd41138d9/screenshot - {}
RESULT: {"using":"css selector","value":"#shell-header-logo"}
COMMAND: POST /session/4af11252f55e55044372f1ecd41138d9/element/f.476C3AA770E6D07C2EC07595B7803E41.d.80DEDD041C5D0BE613BFC1D940CB6203.e.2182/click - {}
RESULT: {}
RESULT: {}
COMMAND: GET /session/4af11252f55e55044372f1ecd41138d9/screenshot - {}
RESULT: {}
COMMAND: POST /session/4af11252f55e55044372f1ecd41138d9/execute/async - {"script":"<script> [1562 bytes]","args":[{"selector":{"controlType":"sap.m.GenericTile","properties":{"header":"Manage Sites"}},"wdio_ui5_key":"sapm.GenericTile{\"header\":\"Manage Sites\"}"}]}
RESULT: {"script":"<script> [1562 bytes]","args":[{"selector":{"controlType":"sap.m.GenericTile","properties":{"header":"Manage Sites"}},"wdio_ui5_key":"sapm.GenericTile{\"header\":\"Manage Sites\"}"}]}
RESULT: undefined
COMMAND: POST /session/4af11252f55e55044372f1ecd41138d9/element - {"using":"xpath","value":"//*[@id=\"__tile41\"]"}
RESULT: {"using":"xpath","value":"//*[@id=\"__tile41\"]"}
COMMAND: POST /session/4af11252f55e55044372f1ecd41138d9/element/f.476C3AA770E6D07C2EC07595B7803E41.d.80DEDD041C5D0BE613BFC1D940CB6203.e.176/click - {}
RESULT: {}
COMMAND: GET /session/4af11252f55e55044372f1ecd41138d9/screenshot - {}
RESULT: {}
COMMAND: POST /session/4af11252f55e55044372f1ecd41138d9/elements - {"using":"xpath","value":"//span[text()='Error']"}
RESULT: {"using":"xpath","value":"//span[text()='Error']"}
COMMAND: POST /session/4af11252f55e55044372f1ecd41138d9/element - {"using":"xpath","value":"//button[@data-kt=\"addOverflowToolbarButton\"]"}
RESULT: {"using":"xpath","value":"//button[@data-kt=\"addOverflowToolbarButton\"]"}
COMMAND: POST /session/4af11252f55e55044372f1ecd41138d9/elements - {"using":"xpath","value":"//button[@data-kt=\"addOverflowToolbarButton\"]"}
RESULT: {"using":"xpath","value":"//button[@data-kt=\"addOverflowToolbarButton\"]"}
COMMAND: POST /session/4af11252f55e55044372f1ecd41138d9/execute/sync - {"script":"<script> [8489 bytes]","args":[{"element-6066-11e4-a52e-4f735466cecf":"f.476C3AA770E6D07C2EC07595B7803E41.d.80DEDD041C5D0BE613BFC1D940CB6203.e.2430","ELEMENT":"f.476C3AA770E6D07C2EC07595B7803E41.d.80DEDD041C5D0BE613BFC1D940CB6203.e.2430"}]}
RESULT: {"script":"<script> [8489 bytes]","args":[{"element-6066-11e4-a52e-4f735466cecf":"f.476C3AA770E6D07C2EC07595B7803E41.d.80DEDD041C5D0BE613BFC1D940CB6203.e.2430","ELEMENT":"f.476C3AA770E6D07C2EC07595B7803E41.d.80DEDD041C5D0BE613BFC1D940CB6203.e.2430"}]}
COMMAND: GET /session/4af11252f55e55044372f1ecd41138d9/element/f.476C3AA770E6D07C2EC07595B7803E41.d.80DEDD041C5D0BE613BFC1D940CB6203.e.2430/enabled - {}
COMMAND: GET /session/4af11252f55e55044372f1ecd41138d9/screenshot - {}
RESULT: {}
COMMAND: POST /session/4af11252f55e55044372f1ecd41138d9/execute/sync - {"script":"<script> [8489 bytes]","args":[{"element-6066-11e4-a52e-4f735466cecf":"f.476C3AA770E6D07C2EC07595B7803E41.d.80DEDD041C5D0BE613BFC1D940CB6203.e.2430","ELEMENT":"f.476C3AA770E6D07C2EC07595B7803E41.d.80DEDD041C5D0BE613BFC1D940CB6203.e.2430"}]}
COMMAND: GET /session/4af11252f55e55044372f1ecd41138d9/screenshot - {}
RESULT: {}
RESULT: {"script":"<script> [8489 bytes]","args":[{"element-6066-11e4-a52e-4f735466cecf":"f.476C3AA770E6D07C2EC07595B7803E41.d.80DEDD041C5D0BE613BFC1D940CB6203.e.2430","ELEMENT":"f.476C3AA770E6D07C2EC07595B7803E41.d.80DEDD041C5D0BE613BFC1D940CB6203.e.2430"}]}
COMMAND: POST /session/4af11252f55e55044372f1ecd41138d9/execute/sync - {"script":"<script> [5351 bytes]","args":[{"element-6066-11e4-a52e-4f735466cecf":"f.476C3AA770E6D07C2EC07595B7803E41.d.80DEDD041C5D0BE613BFC1D940CB6203.e.2430","ELEMENT":"f.476C3AA770E6D07C2EC07595B7803E41.d.80DEDD041C5D0BE613BFC1D940CB6203.e.2430"}]}
COMMAND: GET /session/4af11252f55e55044372f1ecd41138d9/screenshot - {}
RESULT: {}
RESULT: {"script":"<script> [5351 bytes]","args":[{"element-6066-11e4-a52e-4f735466cecf":"f.476C3AA770E6D07C2EC07595B7803E41.d.80DEDD041C5D0BE613BFC1D940CB6203.e.2430","ELEMENT":"f.476C3AA770E6D07C2EC07595B7803E41.d.80DEDD041C5D0BE613BFC1D940CB6203.e.2430"}]}
COMMAND: GET /session/4af11252f55e55044372f1ecd41138d9/screenshot - {}
RESULT: {}
RESULT: {}
COMMAND: POST /session/4af11252f55e55044372f1ecd41138d9/element/f.476C3AA770E6D07C2EC07595B7803E41.d.80DEDD041C5D0BE613BFC1D940CB6203.e.2430/click - {}
RESULT: {}
COMMAND: GET /session/4af11252f55e55044372f1ecd41138d9/screenshot - {}
COMMAND: POST /session/4af11252f55e55044372f1ecd41138d9/execute/async - {"script":"<script> [1562 bytes]","args":[{"selector":{"controlType":"sap.m.Button","viewName":"etm.portal.ui.managesites.view.NewSmartSite","viewId":"application-managesites-display-component---NewSite","properties":{"text":"Contacts (Users)"},"interaction":{"idSuffix":"BDI-content"}},"wdio_ui5_key":"etmportal.ui.managesites.view.NewSmartSitesap.m.Button{\"text\":\"Contacts (Users)\"}"}]}
RESULT: {}
RESULT: {"script":"<script> [1562 bytes]","args":[{"selector":{"controlType":"sap.m.Button","viewName":"etm.portal.ui.managesites.view.NewSmartSite","viewId":"application-managesites-display-component---NewSite","properties":{"text":"Contacts (Users)"},"interaction":{"idSuffix":"BDI-content"}},"wdio_ui5_key":"etmportal.ui.managesites.view.NewSmartSitesap.m.Button{\"text\":\"Contacts (Users)\"}"}]}
RESULT: undefined
COMMAND: POST /session/4af11252f55e55044372f1ecd41138d9/element - {"using":"xpath","value":"//*[@id=\"application-managesites-display-component---NewSite--ObjectPageLayout-anchBar-__section50-anchor\"]"}
RESULT: {"using":"xpath","value":"//*[@id=\"application-managesites-display-component---NewSite--ObjectPageLayout-anchBar-__section50-anchor\"]"}
COMMAND: POST /session/4af11252f55e55044372f1ecd41138d9/element/f.476C3AA770E6D07C2EC07595B7803E41.d.80DEDD041C5D0BE613BFC1D940CB6203.e.2743/click - {}
RESULT: {}
COMMAND: GET /session/4af11252f55e55044372f1ecd41138d9/screenshot - {}
RESULT: {}
COMMAND: POST /session/4af11252f55e55044372f1ecd41138d9/element - {"using":"xpath","value":"//button[@data-kt=\"onAddUserOverflowToolbarButton\"]"}
RESULT: {"using":"xpath","value":"//button[@data-kt=\"onAddUserOverflowToolbarButton\"]"}
COMMAND: POST /session/4af11252f55e55044372f1ecd41138d9/element/f.476C3AA770E6D07C2EC07595B7803E41.d.80DEDD041C5D0BE613BFC1D940CB6203.e.2749/click - {}
RESULT: {}
COMMAND: GET /session/4af11252f55e55044372f1ecd41138d9/screenshot - {}
RESULT: {}
COMMAND: POST /session/4af11252f55e55044372f1ecd41138d9/execute/async - {"script":"<script> [1562 bytes]","args":[{"selector":{"controlType":"sap.m.SearchField","viewName":"etm.portal.ui.managesites.view.NewSmartSite","viewId":"application-managesites-display-component---NewSite","searchOpenDialogs":true,"interaction":{"idSuffix":"I"}},"wdio_ui5_key":"etmportal.ui.managesites.view.NewSmartSitesap.m.SearchField"}]}
RESULT: {"script":"<script> [1562 bytes]","args":[{"selector":{"controlType":"sap.m.SearchField","viewName":"etm.portal.ui.managesites.view.NewSmartSite","viewId":"application-managesites-display-component---NewSite","searchOpenDialogs":true,"interaction":{"idSuffix":"I"}},"wdio_ui5_key":"etmportal.ui.managesites.view.NewSmartSitesap.m.SearchField"}]}
RESULT: undefined
COMMAND: POST /session/4af11252f55e55044372f1ecd41138d9/execute/async - {"script":"<script> [776 bytes]","args":[{"enterText":"Test1ETM","selector":{"controlType":"sap.m.SearchField","viewName":"etm.portal.ui.managesites.view.NewSmartSite","viewId":"application-managesites-display-component---NewSite","searchOpenDialogs":true,"interaction":{"idSuffix":"I"}},"clearTextFirst":true,"interactionType":"ENTER_TEXT"}]}
RESULT: {"script":"<script> [776 bytes]","args":[{"enterText":"Test1ETM","selector":{"controlType":"sap.m.SearchField","viewName":"etm.portal.ui.managesites.view.NewSmartSite","viewId":"application-managesites-display-component---NewSite","searchOpenDialogs":true,"interaction":{"idSuffix":"I"}},"clearTextFirst":true,"interactionType":"ENTER_TEXT"}]}
COMMAND: POST /session/4af11252f55e55044372f1ecd41138d9/actions - {"actions":[{"id":"action12","type":"key","parameters":{},"actions":[{"type":"keyDown","value":"î€‡"},{"type":"pause","duration":10},{"type":"keyUp","value":"î€‡"}]}]}
RESULT: {"actions":[{"id":"action12","type":"key","parameters":{},"actions":[{"type":"keyDown","value":"î€‡"},{"type":"pause","duration":10},{"type":"keyUp","value":"î€‡"}]}]}
COMMAND: GET /session/4af11252f55e55044372f1ecd41138d9/screenshot - {}
RESULT: {}
COMMAND: POST /session/4af11252f55e55044372f1ecd41138d9/element - {"using":"xpath","value":"//li[.//*[contains(text(), \"Test1ETM\")] or contains(text(), \"Test1ETM\")]"}
RESULT: {"using":"xpath","value":"//li[.//*[contains(text(), \"Test1ETM\")] or contains(text(), \"Test1ETM\")]"}
COMMAND: POST /session/4af11252f55e55044372f1ecd41138d9/elements - {"using":"xpath","value":"//li[.//*[contains(text(), \"Test1ETM\")] or contains(text(), \"Test1ETM\")]"}
RESULT: {"using":"xpath","value":"//li[.//*[contains(text(), \"Test1ETM\")] or contains(text(), \"Test1ETM\")]"}
COMMAND: POST /session/4af11252f55e55044372f1ecd41138d9/element - {"using":"xpath","value":"//button[.//bdi[contains(text(), \"Cancel\")]][1]"}
RESULT: {"using":"xpath","value":"//button[.//bdi[contains(text(), \"Cancel\")]][1]"}
COMMAND: POST /session/4af11252f55e55044372f1ecd41138d9/element/f.476C3AA770E6D07C2EC07595B7803E41.d.80DEDD041C5D0BE613BFC1D940CB6203.e.2755/click - {}
RESULT: {}
COMMAND: GET /session/4af11252f55e55044372f1ecd41138d9/screenshot - {}
RESULT: {}
COMMAND: POST /session/4af11252f55e55044372f1ecd41138d9/element - {"using":"css selector","value":"#shell-header-logo"}
RESULT: {"using":"css selector","value":"#shell-header-logo"}
COMMAND: POST /session/4af11252f55e55044372f1ecd41138d9/element/f.476C3AA770E6D07C2EC07595B7803E41.d.80DEDD041C5D0BE613BFC1D940CB6203.e.2386/click - {}
RESULT: {}
COMMAND: GET /session/4af11252f55e55044372f1ecd41138d9/screenshot - {}
RESULT: {}
]]></system-out>
    </testcase>
    <testcase classname="chrome.137_0_7151_69.windows.Address_Management_Tests_US156181_US151165_US151160_US156180_US156178_US151157_US151172_US151170_US151166_US151168" name="Step 8 Should add an attachment to the created address US151166 BUGGED FOR NOW" time="66.905">
      <system-out><![CDATA[
RESULT: undefined
COMMAND: POST /session/4af11252f55e55044372f1ecd41138d9/element - {"using":"xpath","value":"//*[@id=\"__tile34\"]"}
COMMAND: GET /session/4af11252f55e55044372f1ecd41138d9/screenshot - {}
RESULT: {"using":"xpath","value":"//*[@id=\"__tile34\"]"}
COMMAND: POST /session/4af11252f55e55044372f1ecd41138d9/element/f.476C3AA770E6D07C2EC07595B7803E41.d.80DEDD041C5D0BE613BFC1D940CB6203.e.239/click - {}
RESULT: {}
RESULT: {}
COMMAND: GET /session/4af11252f55e55044372f1ecd41138d9/screenshot - {}
RESULT: {}
COMMAND: POST /session/4af11252f55e55044372f1ecd41138d9/elements - {"using":"xpath","value":"//span[text()='Error']"}
RESULT: {"using":"xpath","value":"//span[text()='Error']"}
COMMAND: POST /session/4af11252f55e55044372f1ecd41138d9/element - {"using":"xpath","value":"//button[@data-kt=\"addButton\"]"}
RESULT: {"using":"xpath","value":"//button[@data-kt=\"addButton\"]"}
COMMAND: POST /session/4af11252f55e55044372f1ecd41138d9/elements - {"using":"xpath","value":"//button[@data-kt=\"addButton\"]"}
RESULT: {"using":"xpath","value":"//button[@data-kt=\"addButton\"]"}
COMMAND: POST /session/4af11252f55e55044372f1ecd41138d9/execute/sync - {"script":"<script> [8489 bytes]","args":[{"element-6066-11e4-a52e-4f735466cecf":"f.476C3AA770E6D07C2EC07595B7803E41.d.80DEDD041C5D0BE613BFC1D940CB6203.e.3185","ELEMENT":"f.476C3AA770E6D07C2EC07595B7803E41.d.80DEDD041C5D0BE613BFC1D940CB6203.e.3185"}]}
RESULT: {"script":"<script> [8489 bytes]","args":[{"element-6066-11e4-a52e-4f735466cecf":"f.476C3AA770E6D07C2EC07595B7803E41.d.80DEDD041C5D0BE613BFC1D940CB6203.e.3185","ELEMENT":"f.476C3AA770E6D07C2EC07595B7803E41.d.80DEDD041C5D0BE613BFC1D940CB6203.e.3185"}]}
COMMAND: GET /session/4af11252f55e55044372f1ecd41138d9/element/f.476C3AA770E6D07C2EC07595B7803E41.d.80DEDD041C5D0BE613BFC1D940CB6203.e.3185/enabled - {}
COMMAND: GET /session/4af11252f55e55044372f1ecd41138d9/screenshot - {}
RESULT: {}
COMMAND: POST /session/4af11252f55e55044372f1ecd41138d9/execute/sync - {"script":"<script> [8489 bytes]","args":[{"element-6066-11e4-a52e-4f735466cecf":"f.476C3AA770E6D07C2EC07595B7803E41.d.80DEDD041C5D0BE613BFC1D940CB6203.e.3185","ELEMENT":"f.476C3AA770E6D07C2EC07595B7803E41.d.80DEDD041C5D0BE613BFC1D940CB6203.e.3185"}]}
COMMAND: GET /session/4af11252f55e55044372f1ecd41138d9/screenshot - {}
RESULT: {}
RESULT: {"script":"<script> [8489 bytes]","args":[{"element-6066-11e4-a52e-4f735466cecf":"f.476C3AA770E6D07C2EC07595B7803E41.d.80DEDD041C5D0BE613BFC1D940CB6203.e.3185","ELEMENT":"f.476C3AA770E6D07C2EC07595B7803E41.d.80DEDD041C5D0BE613BFC1D940CB6203.e.3185"}]}
COMMAND: POST /session/4af11252f55e55044372f1ecd41138d9/execute/sync - {"script":"<script> [5351 bytes]","args":[{"element-6066-11e4-a52e-4f735466cecf":"f.476C3AA770E6D07C2EC07595B7803E41.d.80DEDD041C5D0BE613BFC1D940CB6203.e.3185","ELEMENT":"f.476C3AA770E6D07C2EC07595B7803E41.d.80DEDD041C5D0BE613BFC1D940CB6203.e.3185"}]}
COMMAND: GET /session/4af11252f55e55044372f1ecd41138d9/screenshot - {}
RESULT: {}
RESULT: {"script":"<script> [5351 bytes]","args":[{"element-6066-11e4-a52e-4f735466cecf":"f.476C3AA770E6D07C2EC07595B7803E41.d.80DEDD041C5D0BE613BFC1D940CB6203.e.3185","ELEMENT":"f.476C3AA770E6D07C2EC07595B7803E41.d.80DEDD041C5D0BE613BFC1D940CB6203.e.3185"}]}
COMMAND: GET /session/4af11252f55e55044372f1ecd41138d9/screenshot - {}
RESULT: {}
RESULT: {}
RESULT: undefined
COMMAND: POST /session/4af11252f55e55044372f1ecd41138d9/execute/async - {"script":"<script> [776 bytes]","args":[{"enterText":"Cvk57Zvvfy","selector":{"id":"application-addressmanagement-display-component---masterAdm--smartFilterBar-btnBasicSearch","interaction":{"idSuffix":"I"}},"clearTextFirst":true,"interactionType":"ENTER_TEXT"}]}
RESULT: {"script":"<script> [776 bytes]","args":[{"enterText":"Cvk57Zvvfy","selector":{"id":"application-addressmanagement-display-component---masterAdm--smartFilterBar-btnBasicSearch","interaction":{"idSuffix":"I"}},"clearTextFirst":true,"interactionType":"ENTER_TEXT"}]}
COMMAND: POST /session/4af11252f55e55044372f1ecd41138d9/actions - {"actions":[{"id":"action14","type":"key","parameters":{},"actions":[{"type":"keyDown","value":"î€‡"},{"type":"pause","duration":10},{"type":"keyUp","value":"î€‡"}]}]}
RESULT: {"actions":[{"id":"action14","type":"key","parameters":{},"actions":[{"type":"keyDown","value":"î€‡"},{"type":"pause","duration":10},{"type":"keyUp","value":"î€‡"}]}]}
COMMAND: GET /session/4af11252f55e55044372f1ecd41138d9/screenshot - {}
RESULT: {}
COMMAND: POST /session/4af11252f55e55044372f1ecd41138d9/elements - {"using":"xpath","value":"//table[contains(@id, \"customPersonsAddressesTable-listUl\")]/tbody/tr"}
RESULT: {"using":"xpath","value":"//table[contains(@id, \"customPersonsAddressesTable-listUl\")]/tbody/tr"}
COMMAND: POST /session/4af11252f55e55044372f1ecd41138d9/element - {"using":"xpath","value":"//table[contains(@id, \"customPersonsAddressesTable-listUl\")]/tbody/tr[1]/td[5]/span/span"}
RESULT: {"using":"xpath","value":"//table[contains(@id, \"customPersonsAddressesTable-listUl\")]/tbody/tr[1]/td[5]/span/span"}
COMMAND: POST /session/4af11252f55e55044372f1ecd41138d9/element - {"using":"xpath","value":"//table[contains(@id, \"customPersonsAddressesTable-listUl\")]/tbody/tr[1]/td[3]/span"}
RESULT: {"using":"xpath","value":"//table[contains(@id, \"customPersonsAddressesTable-listUl\")]/tbody/tr[1]/td[3]/span"}
COMMAND: POST /session/4af11252f55e55044372f1ecd41138d9/elements - {"using":"xpath","value":"//table[contains(@id, \"customPersonsAddressesTable-listUl\")]/tbody/tr[1]/td[5]/span/span"}
RESULT: {"using":"xpath","value":"//table[contains(@id, \"customPersonsAddressesTable-listUl\")]/tbody/tr[1]/td[5]/span/span"}
COMMAND: POST /session/4af11252f55e55044372f1ecd41138d9/execute/sync - {"script":"<script> [56 bytes]","args":[{"element-6066-11e4-a52e-4f735466cecf":"f.476C3AA770E6D07C2EC07595B7803E41.d.80DEDD041C5D0BE613BFC1D940CB6203.e.3330","ELEMENT":"f.476C3AA770E6D07C2EC07595B7803E41.d.80DEDD041C5D0BE613BFC1D940CB6203.e.3330"}]}
RESULT: {"script":"<script> [56 bytes]","args":[{"element-6066-11e4-a52e-4f735466cecf":"f.476C3AA770E6D07C2EC07595B7803E41.d.80DEDD041C5D0BE613BFC1D940CB6203.e.3330","ELEMENT":"f.476C3AA770E6D07C2EC07595B7803E41.d.80DEDD041C5D0BE613BFC1D940CB6203.e.3330"}]}
COMMAND: POST /session/4af11252f55e55044372f1ecd41138d9/execute/sync - {"script":"<script> [56 bytes]","args":[{"element-6066-11e4-a52e-4f735466cecf":"f.476C3AA770E6D07C2EC07595B7803E41.d.80DEDD041C5D0BE613BFC1D940CB6203.e.3331","ELEMENT":"f.476C3AA770E6D07C2EC07595B7803E41.d.80DEDD041C5D0BE613BFC1D940CB6203.e.3331"}]}
COMMAND: GET /session/4af11252f55e55044372f1ecd41138d9/screenshot - {}
RESULT: {"script":"<script> [56 bytes]","args":[{"element-6066-11e4-a52e-4f735466cecf":"f.476C3AA770E6D07C2EC07595B7803E41.d.80DEDD041C5D0BE613BFC1D940CB6203.e.3331","ELEMENT":"f.476C3AA770E6D07C2EC07595B7803E41.d.80DEDD041C5D0BE613BFC1D940CB6203.e.3331"}]}
COMMAND: POST /session/4af11252f55e55044372f1ecd41138d9/element - {"using":"xpath","value":"(//span[contains(@id, \"imgNav\")])[1]"}
COMMAND: GET /session/4af11252f55e55044372f1ecd41138d9/screenshot - {}
RESULT: {}
RESULT: {"using":"xpath","value":"(//span[contains(@id, \"imgNav\")])[1]"}
COMMAND: POST /session/4af11252f55e55044372f1ecd41138d9/element/f.476C3AA770E6D07C2EC07595B7803E41.d.80DEDD041C5D0BE613BFC1D940CB6203.e.3328/click - {}
RESULT: {}
RESULT: {}
COMMAND: GET /session/4af11252f55e55044372f1ecd41138d9/screenshot - {}
RESULT: {}
COMMAND: POST /session/4af11252f55e55044372f1ecd41138d9/element - {"using":"xpath","value":"//bdi[contains(text(), \"Edit\")]"}
RESULT: {"using":"xpath","value":"//bdi[contains(text(), \"Edit\")]"}
COMMAND: POST /session/4af11252f55e55044372f1ecd41138d9/element/f.476C3AA770E6D07C2EC07595B7803E41.d.80DEDD041C5D0BE613BFC1D940CB6203.e.3453/click - {}
RESULT: {}
COMMAND: GET /session/4af11252f55e55044372f1ecd41138d9/screenshot - {}
RESULT: {}
COMMAND: POST /session/4af11252f55e55044372f1ecd41138d9/execute/async - {"script":"<script> [1562 bytes]","args":[{"selector":{"controlType":"sap.m.Button","viewName":"etm.portal.ui.addressmanagement.view.EditDetail","properties":{"text":"Attachments (0)"},"interaction":{"idSuffix":"BDI-content"}},"wdio_ui5_key":"etmportal.ui.addressmanagement.view.EditDetailsap.m.Button{\"text\":\"Attachments (0)\"}"}]}
RESULT: {"script":"<script> [1562 bytes]","args":[{"selector":{"controlType":"sap.m.Button","viewName":"etm.portal.ui.addressmanagement.view.EditDetail","properties":{"text":"Attachments (0)"},"interaction":{"idSuffix":"BDI-content"}},"wdio_ui5_key":"etmportal.ui.addressmanagement.view.EditDetailsap.m.Button{\"text\":\"Attachments (0)\"}"}]}
RESULT: undefined
COMMAND: POST /session/4af11252f55e55044372f1ecd41138d9/element - {"using":"xpath","value":"//*[@id=\"__xmlview62--ObjectPageLayout-anchBar-__xmlview62--attachments-anchor\"]"}
RESULT: {"using":"xpath","value":"//*[@id=\"__xmlview62--ObjectPageLayout-anchBar-__xmlview62--attachments-anchor\"]"}
COMMAND: POST /session/4af11252f55e55044372f1ecd41138d9/element/f.476C3AA770E6D07C2EC07595B7803E41.d.80DEDD041C5D0BE613BFC1D940CB6203.e.3492/click - {}
RESULT: {}
COMMAND: GET /session/4af11252f55e55044372f1ecd41138d9/screenshot - {}
RESULT: {}
COMMAND: POST /session/4af11252f55e55044372f1ecd41138d9/file - {"file":"[base64] 459776 bytes"}
RESULT: {"file":"[base64] 459776 bytes"}
COMMAND: POST /session/4af11252f55e55044372f1ecd41138d9/element - {"using":"css selector","value":"input[type=\"file\"]"}
RESULT: {"using":"css selector","value":"input[type=\"file\"]"}
COMMAND: POST /session/4af11252f55e55044372f1ecd41138d9/element/f.476C3AA770E6D07C2EC07595B7803E41.d.80DEDD041C5D0BE613BFC1D940CB6203.e.3496/clear - {}
RESULT: {}
COMMAND: POST /session/4af11252f55e55044372f1ecd41138d9/element/f.476C3AA770E6D07C2EC07595B7803E41.d.80DEDD041C5D0BE613BFC1D940CB6203.e.3496/value - {"text":"C:\\Windows\\SystemTemp\\scoped_dir5072_1502954934\\upload5072_435701376\\address-mng-pic.png"}
COMMAND: GET /session/4af11252f55e55044372f1ecd41138d9/screenshot - {}
RESULT: {"text":"C:\\Windows\\SystemTemp\\scoped_dir5072_1502954934\\upload5072_435701376\\address-mng-pic.png"}
COMMAND: GET /session/4af11252f55e55044372f1ecd41138d9/screenshot - {}
RESULT: {}
RESULT: {}
COMMAND: POST /session/4af11252f55e55044372f1ecd41138d9/element - {"using":"xpath","value":"//button[@data-kt=\"saveButton\"]"}
RESULT: {"using":"xpath","value":"//button[@data-kt=\"saveButton\"]"}
COMMAND: POST /session/4af11252f55e55044372f1ecd41138d9/element/f.476C3AA770E6D07C2EC07595B7803E41.d.80DEDD041C5D0BE613BFC1D940CB6203.e.3515/click - {}
RESULT: {}
COMMAND: GET /session/4af11252f55e55044372f1ecd41138d9/screenshot - {}
RESULT: {}
COMMAND: POST /session/4af11252f55e55044372f1ecd41138d9/execute/async - {"script":"<script> [1562 bytes]","args":[{"selector":{"id":"application-addressmanagement-display-component---detailAdm--ObjectPageLayout-anchBar-application-addressmanagement-display-component---detailAdm--attachments-anchor","interaction":{"idSuffix":"content"}},"wdio_ui5_key":"applicationaddressmanagement-display-component---detailAdm--ObjectPageLayout-anchBar-application-addressmanagement-display-component---detailAdm--attachments-anchor"}]}
RESULT: {"script":"<script> [1562 bytes]","args":[{"selector":{"id":"application-addressmanagement-display-component---detailAdm--ObjectPageLayout-anchBar-application-addressmanagement-display-component---detailAdm--attachments-anchor","interaction":{"idSuffix":"content"}},"wdio_ui5_key":"applicationaddressmanagement-display-component---detailAdm--ObjectPageLayout-anchBar-application-addressmanagement-display-component---detailAdm--attachments-anchor"}]}
RESULT: undefined
COMMAND: POST /session/4af11252f55e55044372f1ecd41138d9/element - {"using":"xpath","value":"//*[@id=\"application-addressmanagement-display-component---detailAdm--ObjectPageLayout-anchBar-application-addressmanagement-display-component---detailAdm--attachments-anchor\"]"}
RESULT: {"using":"xpath","value":"//*[@id=\"application-addressmanagement-display-component---detailAdm--ObjectPageLayout-anchBar-application-addressmanagement-display-component---detailAdm--attachments-anchor\"]"}
COMMAND: POST /session/4af11252f55e55044372f1ecd41138d9/element/f.476C3AA770E6D07C2EC07595B7803E41.d.80DEDD041C5D0BE613BFC1D940CB6203.e.3524/click - {}
RESULT: {}
COMMAND: GET /session/4af11252f55e55044372f1ecd41138d9/screenshot - {}
RESULT: {}
COMMAND: POST /session/4af11252f55e55044372f1ecd41138d9/execute/async - {"script":"<script> [1562 bytes]","args":[{"selector":{"id":"application-addressmanagement-display-component---detailAdm--attachments"},"wdio_ui5_key":"applicationaddressmanagement-display-component---detailAdm--attachments"}]}
RESULT: {"script":"<script> [1562 bytes]","args":[{"selector":{"id":"application-addressmanagement-display-component---detailAdm--attachments"},"wdio_ui5_key":"applicationaddressmanagement-display-component---detailAdm--attachments"}]}
RESULT: undefined
COMMAND: POST /session/4af11252f55e55044372f1ecd41138d9/execute/async - {"script":"<script> [6424 bytes]","args":[{"element-6066-11e4-a52e-4f735466cecf":"f.476C3AA770E6D07C2EC07595B7803E41.d.80DEDD041C5D0BE613BFC1D940CB6203.e.3437"},"getTitle",[]]}
RESULT: {"script":"<script> [6424 bytes]","args":[{"element-6066-11e4-a52e-4f735466cecf":"f.476C3AA770E6D07C2EC07595B7803E41.d.80DEDD041C5D0BE613BFC1D940CB6203.e.3437"},"getTitle",[]]}
COMMAND: POST /session/4af11252f55e55044372f1ecd41138d9/element - {"using":"css selector","value":"#shell-header-logo"}
RESULT: {"using":"css selector","value":"#shell-header-logo"}
COMMAND: POST /session/4af11252f55e55044372f1ecd41138d9/element/f.476C3AA770E6D07C2EC07595B7803E41.d.80DEDD041C5D0BE613BFC1D940CB6203.e.3128/click - {}
RESULT: {}
COMMAND: GET /session/4af11252f55e55044372f1ecd41138d9/screenshot - {}
RESULT: {}
]]></system-out>
    </testcase>
    <testcase classname="chrome.137_0_7151_69.windows.Address_Management_Tests_US156181_US151165_US151160_US156180_US156178_US151157_US151172_US151170_US151166_US151168" name="Step 9 Should remove the added attachment on the created address US151168 BUGGED FOR NOW" time="73.809">
      <system-out><![CDATA[
RESULT: undefined
COMMAND: POST /session/4af11252f55e55044372f1ecd41138d9/element - {"using":"xpath","value":"//*[@id=\"__tile34\"]"}
RESULT: {"using":"xpath","value":"//*[@id=\"__tile34\"]"}
COMMAND: POST /session/4af11252f55e55044372f1ecd41138d9/element/f.476C3AA770E6D07C2EC07595B7803E41.d.80DEDD041C5D0BE613BFC1D940CB6203.e.239/click - {}
RESULT: {}
COMMAND: GET /session/4af11252f55e55044372f1ecd41138d9/screenshot - {}
RESULT: {}
COMMAND: POST /session/4af11252f55e55044372f1ecd41138d9/elements - {"using":"xpath","value":"//span[text()='Error']"}
RESULT: {"using":"xpath","value":"//span[text()='Error']"}
COMMAND: POST /session/4af11252f55e55044372f1ecd41138d9/element - {"using":"xpath","value":"//button[@data-kt=\"addButton\"]"}
RESULT: {"using":"xpath","value":"//button[@data-kt=\"addButton\"]"}
COMMAND: POST /session/4af11252f55e55044372f1ecd41138d9/elements - {"using":"xpath","value":"//button[@data-kt=\"addButton\"]"}
RESULT: {"using":"xpath","value":"//button[@data-kt=\"addButton\"]"}
COMMAND: POST /session/4af11252f55e55044372f1ecd41138d9/execute/sync - {"script":"<script> [8489 bytes]","args":[{"element-6066-11e4-a52e-4f735466cecf":"f.476C3AA770E6D07C2EC07595B7803E41.d.80DEDD041C5D0BE613BFC1D940CB6203.e.3585","ELEMENT":"f.476C3AA770E6D07C2EC07595B7803E41.d.80DEDD041C5D0BE613BFC1D940CB6203.e.3585"}]}
RESULT: {"script":"<script> [8489 bytes]","args":[{"element-6066-11e4-a52e-4f735466cecf":"f.476C3AA770E6D07C2EC07595B7803E41.d.80DEDD041C5D0BE613BFC1D940CB6203.e.3585","ELEMENT":"f.476C3AA770E6D07C2EC07595B7803E41.d.80DEDD041C5D0BE613BFC1D940CB6203.e.3585"}]}
COMMAND: GET /session/4af11252f55e55044372f1ecd41138d9/element/f.476C3AA770E6D07C2EC07595B7803E41.d.80DEDD041C5D0BE613BFC1D940CB6203.e.3585/enabled - {}
COMMAND: GET /session/4af11252f55e55044372f1ecd41138d9/screenshot - {}
RESULT: {}
COMMAND: POST /session/4af11252f55e55044372f1ecd41138d9/execute/sync - {"script":"<script> [8489 bytes]","args":[{"element-6066-11e4-a52e-4f735466cecf":"f.476C3AA770E6D07C2EC07595B7803E41.d.80DEDD041C5D0BE613BFC1D940CB6203.e.3585","ELEMENT":"f.476C3AA770E6D07C2EC07595B7803E41.d.80DEDD041C5D0BE613BFC1D940CB6203.e.3585"}]}
COMMAND: GET /session/4af11252f55e55044372f1ecd41138d9/screenshot - {}
RESULT: {}
RESULT: {"script":"<script> [8489 bytes]","args":[{"element-6066-11e4-a52e-4f735466cecf":"f.476C3AA770E6D07C2EC07595B7803E41.d.80DEDD041C5D0BE613BFC1D940CB6203.e.3585","ELEMENT":"f.476C3AA770E6D07C2EC07595B7803E41.d.80DEDD041C5D0BE613BFC1D940CB6203.e.3585"}]}
COMMAND: POST /session/4af11252f55e55044372f1ecd41138d9/execute/sync - {"script":"<script> [5351 bytes]","args":[{"element-6066-11e4-a52e-4f735466cecf":"f.476C3AA770E6D07C2EC07595B7803E41.d.80DEDD041C5D0BE613BFC1D940CB6203.e.3585","ELEMENT":"f.476C3AA770E6D07C2EC07595B7803E41.d.80DEDD041C5D0BE613BFC1D940CB6203.e.3585"}]}
COMMAND: GET /session/4af11252f55e55044372f1ecd41138d9/screenshot - {}
RESULT: {}
RESULT: {"script":"<script> [5351 bytes]","args":[{"element-6066-11e4-a52e-4f735466cecf":"f.476C3AA770E6D07C2EC07595B7803E41.d.80DEDD041C5D0BE613BFC1D940CB6203.e.3585","ELEMENT":"f.476C3AA770E6D07C2EC07595B7803E41.d.80DEDD041C5D0BE613BFC1D940CB6203.e.3585"}]}
COMMAND: GET /session/4af11252f55e55044372f1ecd41138d9/screenshot - {}
RESULT: {}
RESULT: {}
RESULT: undefined
COMMAND: POST /session/4af11252f55e55044372f1ecd41138d9/execute/async - {"script":"<script> [776 bytes]","args":[{"enterText":"Cvk57Zvvfy","selector":{"id":"application-addressmanagement-display-component---masterAdm--smartFilterBar-btnBasicSearch","interaction":{"idSuffix":"I"}},"clearTextFirst":true,"interactionType":"ENTER_TEXT"}]}
RESULT: {"script":"<script> [776 bytes]","args":[{"enterText":"Cvk57Zvvfy","selector":{"id":"application-addressmanagement-display-component---masterAdm--smartFilterBar-btnBasicSearch","interaction":{"idSuffix":"I"}},"clearTextFirst":true,"interactionType":"ENTER_TEXT"}]}
COMMAND: POST /session/4af11252f55e55044372f1ecd41138d9/actions - {"actions":[{"id":"action15","type":"key","parameters":{},"actions":[{"type":"keyDown","value":"î€‡"},{"type":"pause","duration":10},{"type":"keyUp","value":"î€‡"}]}]}
RESULT: {"actions":[{"id":"action15","type":"key","parameters":{},"actions":[{"type":"keyDown","value":"î€‡"},{"type":"pause","duration":10},{"type":"keyUp","value":"î€‡"}]}]}
COMMAND: GET /session/4af11252f55e55044372f1ecd41138d9/screenshot - {}
RESULT: {}
COMMAND: POST /session/4af11252f55e55044372f1ecd41138d9/elements - {"using":"xpath","value":"//table[contains(@id, \"customPersonsAddressesTable-listUl\")]/tbody/tr"}
RESULT: {"using":"xpath","value":"//table[contains(@id, \"customPersonsAddressesTable-listUl\")]/tbody/tr"}
COMMAND: POST /session/4af11252f55e55044372f1ecd41138d9/element - {"using":"xpath","value":"//table[contains(@id, \"customPersonsAddressesTable-listUl\")]/tbody/tr[1]/td[5]/span/span"}
RESULT: {"using":"xpath","value":"//table[contains(@id, \"customPersonsAddressesTable-listUl\")]/tbody/tr[1]/td[5]/span/span"}
COMMAND: POST /session/4af11252f55e55044372f1ecd41138d9/element - {"using":"xpath","value":"//table[contains(@id, \"customPersonsAddressesTable-listUl\")]/tbody/tr[1]/td[3]/span"}
RESULT: {"using":"xpath","value":"//table[contains(@id, \"customPersonsAddressesTable-listUl\")]/tbody/tr[1]/td[3]/span"}
COMMAND: POST /session/4af11252f55e55044372f1ecd41138d9/elements - {"using":"xpath","value":"//table[contains(@id, \"customPersonsAddressesTable-listUl\")]/tbody/tr[1]/td[5]/span/span"}
RESULT: {"using":"xpath","value":"//table[contains(@id, \"customPersonsAddressesTable-listUl\")]/tbody/tr[1]/td[5]/span/span"}
COMMAND: POST /session/4af11252f55e55044372f1ecd41138d9/execute/sync - {"script":"<script> [56 bytes]","args":[{"element-6066-11e4-a52e-4f735466cecf":"f.476C3AA770E6D07C2EC07595B7803E41.d.80DEDD041C5D0BE613BFC1D940CB6203.e.3729","ELEMENT":"f.476C3AA770E6D07C2EC07595B7803E41.d.80DEDD041C5D0BE613BFC1D940CB6203.e.3729"}]}
RESULT: {"script":"<script> [56 bytes]","args":[{"element-6066-11e4-a52e-4f735466cecf":"f.476C3AA770E6D07C2EC07595B7803E41.d.80DEDD041C5D0BE613BFC1D940CB6203.e.3729","ELEMENT":"f.476C3AA770E6D07C2EC07595B7803E41.d.80DEDD041C5D0BE613BFC1D940CB6203.e.3729"}]}
COMMAND: POST /session/4af11252f55e55044372f1ecd41138d9/execute/sync - {"script":"<script> [56 bytes]","args":[{"element-6066-11e4-a52e-4f735466cecf":"f.476C3AA770E6D07C2EC07595B7803E41.d.80DEDD041C5D0BE613BFC1D940CB6203.e.3730","ELEMENT":"f.476C3AA770E6D07C2EC07595B7803E41.d.80DEDD041C5D0BE613BFC1D940CB6203.e.3730"}]}
COMMAND: GET /session/4af11252f55e55044372f1ecd41138d9/screenshot - {}
RESULT: {"script":"<script> [56 bytes]","args":[{"element-6066-11e4-a52e-4f735466cecf":"f.476C3AA770E6D07C2EC07595B7803E41.d.80DEDD041C5D0BE613BFC1D940CB6203.e.3730","ELEMENT":"f.476C3AA770E6D07C2EC07595B7803E41.d.80DEDD041C5D0BE613BFC1D940CB6203.e.3730"}]}
COMMAND: POST /session/4af11252f55e55044372f1ecd41138d9/element - {"using":"xpath","value":"(//span[contains(@id, \"imgNav\")])[1]"}
COMMAND: GET /session/4af11252f55e55044372f1ecd41138d9/screenshot - {}
RESULT: {}
RESULT: {"using":"xpath","value":"(//span[contains(@id, \"imgNav\")])[1]"}
COMMAND: POST /session/4af11252f55e55044372f1ecd41138d9/element/f.476C3AA770E6D07C2EC07595B7803E41.d.80DEDD041C5D0BE613BFC1D940CB6203.e.3727/click - {}
RESULT: {}
RESULT: {}
COMMAND: GET /session/4af11252f55e55044372f1ecd41138d9/screenshot - {}
RESULT: {}
COMMAND: POST /session/4af11252f55e55044372f1ecd41138d9/element - {"using":"xpath","value":"//bdi[contains(text(), \"Edit\")]"}
RESULT: {"using":"xpath","value":"//bdi[contains(text(), \"Edit\")]"}
COMMAND: POST /session/4af11252f55e55044372f1ecd41138d9/element/f.476C3AA770E6D07C2EC07595B7803E41.d.80DEDD041C5D0BE613BFC1D940CB6203.e.3851/click - {}
RESULT: {}
COMMAND: GET /session/4af11252f55e55044372f1ecd41138d9/screenshot - {}
RESULT: {}
COMMAND: POST /session/4af11252f55e55044372f1ecd41138d9/execute/async - {"script":"<script> [1562 bytes]","args":[{"selector":{"controlType":"sap.m.Button","viewName":"etm.portal.ui.addressmanagement.view.EditDetail","properties":{"text":"Attachments (1)"},"interaction":{"idSuffix":"BDI-content"}},"wdio_ui5_key":"etmportal.ui.addressmanagement.view.EditDetailsap.m.Button{\"text\":\"Attachments (1)\"}"}]}
RESULT: {"script":"<script> [1562 bytes]","args":[{"selector":{"controlType":"sap.m.Button","viewName":"etm.portal.ui.addressmanagement.view.EditDetail","properties":{"text":"Attachments (1)"},"interaction":{"idSuffix":"BDI-content"}},"wdio_ui5_key":"etmportal.ui.addressmanagement.view.EditDetailsap.m.Button{\"text\":\"Attachments (1)\"}"}]}
RESULT: undefined
COMMAND: POST /session/4af11252f55e55044372f1ecd41138d9/element - {"using":"xpath","value":"//*[@id=\"__xmlview63--ObjectPageLayout-anchBar-__xmlview63--attachments-anchor\"]"}
RESULT: {"using":"xpath","value":"//*[@id=\"__xmlview63--ObjectPageLayout-anchBar-__xmlview63--attachments-anchor\"]"}
COMMAND: POST /session/4af11252f55e55044372f1ecd41138d9/element/f.476C3AA770E6D07C2EC07595B7803E41.d.80DEDD041C5D0BE613BFC1D940CB6203.e.3890/click - {}
RESULT: {}
COMMAND: GET /session/4af11252f55e55044372f1ecd41138d9/screenshot - {}
RESULT: {}
COMMAND: POST /session/4af11252f55e55044372f1ecd41138d9/execute/async - {"script":"<script> [1562 bytes]","args":[{"selector":{"controlType":"sap.ui.core.Icon","viewName":"etm.portal.ui.addressmanagement.view.EditDetail","properties":{"src":{"regex":{"source":"decline"}}}},"wdio_ui5_key":"etmportal.ui.addressmanagement.view.EditDetailsap.ui.core.Icon{\"src\":{\"regex\":{\"source\":\"decline\"}}}"}]}
RESULT: {"script":"<script> [1562 bytes]","args":[{"selector":{"controlType":"sap.ui.core.Icon","viewName":"etm.portal.ui.addressmanagement.view.EditDetail","properties":{"src":{"regex":{"source":"decline"}}}},"wdio_ui5_key":"etmportal.ui.addressmanagement.view.EditDetailsap.ui.core.Icon{\"src\":{\"regex\":{\"source\":\"decline\"}}}"}]}
RESULT: undefined
COMMAND: POST /session/4af11252f55e55044372f1ecd41138d9/element - {"using":"xpath","value":"//*[@id=\"__item854-__set10-0-deleteButton-img\"]"}
RESULT: {"using":"xpath","value":"//*[@id=\"__item854-__set10-0-deleteButton-img\"]"}
COMMAND: POST /session/4af11252f55e55044372f1ecd41138d9/element/f.476C3AA770E6D07C2EC07595B7803E41.d.80DEDD041C5D0BE613BFC1D940CB6203.e.3895/click - {}
RESULT: {}
COMMAND: GET /session/4af11252f55e55044372f1ecd41138d9/screenshot - {}
RESULT: {}
COMMAND: POST /session/4af11252f55e55044372f1ecd41138d9/element - {"using":"xpath","value":"//bdi[contains(text(), \"OK\")]"}
RESULT: {"using":"xpath","value":"//bdi[contains(text(), \"OK\")]"}
COMMAND: POST /session/4af11252f55e55044372f1ecd41138d9/element/f.476C3AA770E6D07C2EC07595B7803E41.d.80DEDD041C5D0BE613BFC1D940CB6203.e.3898/click - {}
RESULT: {}
COMMAND: GET /session/4af11252f55e55044372f1ecd41138d9/screenshot - {}
RESULT: {}
COMMAND: POST /session/4af11252f55e55044372f1ecd41138d9/element - {"using":"xpath","value":"//button[@data-kt=\"saveButton\"]"}
RESULT: {"using":"xpath","value":"//button[@data-kt=\"saveButton\"]"}
COMMAND: POST /session/4af11252f55e55044372f1ecd41138d9/element/f.476C3AA770E6D07C2EC07595B7803E41.d.80DEDD041C5D0BE613BFC1D940CB6203.e.3920/click - {}
RESULT: {}
COMMAND: GET /session/4af11252f55e55044372f1ecd41138d9/screenshot - {}
RESULT: {}
RESULT: undefined
COMMAND: POST /session/4af11252f55e55044372f1ecd41138d9/element - {"using":"xpath","value":"//*[@id=\"application-addressmanagement-display-component---detailAdm--ObjectPageLayout-anchBar-application-addressmanagement-display-component---detailAdm--attachments-anchor\"]"}
RESULT: {"using":"xpath","value":"//*[@id=\"application-addressmanagement-display-component---detailAdm--ObjectPageLayout-anchBar-application-addressmanagement-display-component---detailAdm--attachments-anchor\"]"}
COMMAND: POST /session/4af11252f55e55044372f1ecd41138d9/element/f.476C3AA770E6D07C2EC07595B7803E41.d.80DEDD041C5D0BE613BFC1D940CB6203.e.3927/click - {}
RESULT: {}
COMMAND: GET /session/4af11252f55e55044372f1ecd41138d9/screenshot - {}
RESULT: {}
RESULT: undefined
COMMAND: POST /session/4af11252f55e55044372f1ecd41138d9/execute/async - {"script":"<script> [6424 bytes]","args":[{"element-6066-11e4-a52e-4f735466cecf":"f.476C3AA770E6D07C2EC07595B7803E41.d.80DEDD041C5D0BE613BFC1D940CB6203.e.3437"},"getTitle",[]]}
COMMAND: POST /session/4af11252f55e55044372f1ecd41138d9/execute/async - {"script":"<script> [1562 bytes]","args":[{"selector":{"id":"application-addressmanagement-display-component---detailAdm--attachments"},"wdio_ui5_key":"applicationaddressmanagement-display-component---detailAdm--attachments"}]}
RESULT: {"script":"<script> [1562 bytes]","args":[{"selector":{"id":"application-addressmanagement-display-component---detailAdm--attachments"},"wdio_ui5_key":"applicationaddressmanagement-display-component---detailAdm--attachments"}]}
COMMAND: POST /session/4af11252f55e55044372f1ecd41138d9/execute/async - {"script":"<script> [6424 bytes]","args":[{"element-6066-11e4-a52e-4f735466cecf":"f.476C3AA770E6D07C2EC07595B7803E41.d.80DEDD041C5D0BE613BFC1D940CB6203.e.3837"},"getTitle",[]]}
RESULT: {"script":"<script> [6424 bytes]","args":[{"element-6066-11e4-a52e-4f735466cecf":"f.476C3AA770E6D07C2EC07595B7803E41.d.80DEDD041C5D0BE613BFC1D940CB6203.e.3837"},"getTitle",[]]}
COMMAND: POST /session/4af11252f55e55044372f1ecd41138d9/element - {"using":"css selector","value":"#shell-header-logo"}
RESULT: {"using":"css selector","value":"#shell-header-logo"}
COMMAND: POST /session/4af11252f55e55044372f1ecd41138d9/element/f.476C3AA770E6D07C2EC07595B7803E41.d.80DEDD041C5D0BE613BFC1D940CB6203.e.3532/click - {}
RESULT: {}
COMMAND: GET /session/4af11252f55e55044372f1ecd41138d9/screenshot - {}
RESULT: {}
COMMAND: GET /session/4af11252f55e55044372f1ecd41138d9/screenshot - {}
RESULT: {}
COMMAND: DELETE /session/4af11252f55e55044372f1ecd41138d9 - {}
RESULT: {}
]]></system-out>
    </testcase>
  </testsuite>
</testsuites>