<?xml version="1.0" encoding="UTF-8"?>
<testsuites tests="53" failures="24" errors="24" skipped="0">
  <testsuite timestamp="2025-06-05T17:18:16" time="276.207" tests="5" failures="0" errors="0" skipped="0">
    <properties>
      <property name="specId" value="0" />
      <property name="suiteName" value="Tests for DXCW CAE environment, including specific login to the system US" />
      <property name="capabilities" value="chrome.137_0_7151_56.windows" />
      <property name="file" value="file:///D:/a/1/s/test/specs/BTS/dxcw-cae.spec.js" />
    </properties>
    <testcase classname="chrome.137_0_7151_56.windows.Tests_for_DXCW_CAE_environment,_including_specific_login_to_the_system_US" name="Should login to the DXCW CAE env US156289" time="26.262">
      <system-out><![CDATA[
COMMAND: POST /session/041ece1bac594130e3a6c3bac6c9d85e/url - {"url":"https://qa-testing-00-live-dxcw-portal.cfapps.eu10-004.hana.ondemand.com/"}
RESULT: {"url":"https://qa-testing-00-live-dxcw-portal.cfapps.eu10-004.hana.ondemand.com/"}
COMMAND: GET /session/041ece1bac594130e3a6c3bac6c9d85e/screenshot - {}
RESULT: {}
COMMAND: POST /session/041ece1bac594130e3a6c3bac6c9d85e/element - {"using":"xpath","value":"//input[@id = \"j_username\"]"}
RESULT: {"using":"xpath","value":"//input[@id = \"j_username\"]"}
COMMAND: POST /session/041ece1bac594130e3a6c3bac6c9d85e/execute/sync - {"script":"<script> [8489 bytes]","args":[{"element-6066-11e4-a52e-4f735466cecf":"f.F1E1A893882E28A71BFE42B112EBC3C6.d.1E8D6F3CE5202B023772D97C4BA48E0E.e.40","ELEMENT":"f.F1E1A893882E28A71BFE42B112EBC3C6.d.1E8D6F3CE5202B023772D97C4BA48E0E.e.40"}]}
RESULT: {"script":"<script> [8489 bytes]","args":[{"element-6066-11e4-a52e-4f735466cecf":"f.F1E1A893882E28A71BFE42B112EBC3C6.d.1E8D6F3CE5202B023772D97C4BA48E0E.e.40","ELEMENT":"f.F1E1A893882E28A71BFE42B112EBC3C6.d.1E8D6F3CE5202B023772D97C4BA48E0E.e.40"}]}
COMMAND: POST /session/041ece1bac594130e3a6c3bac6c9d85e/element - {"using":"xpath","value":"//input[@id = \"j_username\"]"}
COMMAND: GET /session/041ece1bac594130e3a6c3bac6c9d85e/screenshot - {}
RESULT: {"using":"xpath","value":"//input[@id = \"j_username\"]"}
COMMAND: POST /session/041ece1bac594130e3a6c3bac6c9d85e/element/f.F1E1A893882E28A71BFE42B112EBC3C6.d.1E8D6F3CE5202B023772D97C4BA48E0E.e.40/clear - {}
RESULT: {}
RESULT: {}
COMMAND: POST /session/041ece1bac594130e3a6c3bac6c9d85e/element/f.F1E1A893882E28A71BFE42B112EBC3C6.d.1E8D6F3CE5202B023772D97C4BA48E0E.e.40/value - {"text":"test1etm@bearingpoint.com"}
COMMAND: GET /session/041ece1bac594130e3a6c3bac6c9d85e/screenshot - {}
RESULT: {"text":"test1etm@bearingpoint.com"}
COMMAND: POST /session/041ece1bac594130e3a6c3bac6c9d85e/element - {"using":"xpath","value":"//input[@id = \"j_password\"]"}
COMMAND: GET /session/041ece1bac594130e3a6c3bac6c9d85e/screenshot - {}
RESULT: {}
RESULT: {"using":"xpath","value":"//input[@id = \"j_password\"]"}
COMMAND: POST /session/041ece1bac594130e3a6c3bac6c9d85e/element/f.F1E1A893882E28A71BFE42B112EBC3C6.d.1E8D6F3CE5202B023772D97C4BA48E0E.e.42/clear - {}
RESULT: {}
RESULT: {}
COMMAND: POST /session/041ece1bac594130e3a6c3bac6c9d85e/element/f.F1E1A893882E28A71BFE42B112EBC3C6.d.1E8D6F3CE5202B023772D97C4BA48E0E.e.42/value - {"text":"ETM.next2024"}
COMMAND: GET /session/041ece1bac594130e3a6c3bac6c9d85e/screenshot - {}
RESULT: {"text":"ETM.next2024"}
COMMAND: GET /session/041ece1bac594130e3a6c3bac6c9d85e/screenshot - {}
RESULT: {}
RESULT: {}
COMMAND: POST /session/041ece1bac594130e3a6c3bac6c9d85e/element - {"using":"css selector","value":"button[type=\"submit\"]"}
RESULT: {"using":"css selector","value":"button[type=\"submit\"]"}
COMMAND: POST /session/041ece1bac594130e3a6c3bac6c9d85e/element/f.F1E1A893882E28A71BFE42B112EBC3C6.d.1E8D6F3CE5202B023772D97C4BA48E0E.e.63/click - {}
RESULT: {}
COMMAND: POST /session/041ece1bac594130e3a6c3bac6c9d85e/element - {"using":"xpath","value":"//a[contains(@aria-label,\"Migration Service\")]"}
COMMAND: GET /session/041ece1bac594130e3a6c3bac6c9d85e/screenshot - {}
RESULT: {"using":"xpath","value":"//a[contains(@aria-label,\"Migration Service\")]"}
COMMAND: POST /session/041ece1bac594130e3a6c3bac6c9d85e/execute/sync - {"script":"<script> [8489 bytes]","args":[{"element-6066-11e4-a52e-4f735466cecf":"f.F1E1A893882E28A71BFE42B112EBC3C6.d.2018EC30C383EF6F377BC979151FD95B.e.77","ELEMENT":"f.F1E1A893882E28A71BFE42B112EBC3C6.d.2018EC30C383EF6F377BC979151FD95B.e.77"}]}
RESULT: {}
RESULT: {"script":"<script> [8489 bytes]","args":[{"element-6066-11e4-a52e-4f735466cecf":"f.F1E1A893882E28A71BFE42B112EBC3C6.d.2018EC30C383EF6F377BC979151FD95B.e.77","ELEMENT":"f.F1E1A893882E28A71BFE42B112EBC3C6.d.2018EC30C383EF6F377BC979151FD95B.e.77"}]}
COMMAND: POST /session/041ece1bac594130e3a6c3bac6c9d85e/execute/sync - {"script":"<script> [8489 bytes]","args":[{"element-6066-11e4-a52e-4f735466cecf":"f.F1E1A893882E28A71BFE42B112EBC3C6.d.2018EC30C383EF6F377BC979151FD95B.e.77","ELEMENT":"f.F1E1A893882E28A71BFE42B112EBC3C6.d.2018EC30C383EF6F377BC979151FD95B.e.77"}]}
COMMAND: GET /session/041ece1bac594130e3a6c3bac6c9d85e/screenshot - {}
RESULT: {"script":"<script> [8489 bytes]","args":[{"element-6066-11e4-a52e-4f735466cecf":"f.F1E1A893882E28A71BFE42B112EBC3C6.d.2018EC30C383EF6F377BC979151FD95B.e.77","ELEMENT":"f.F1E1A893882E28A71BFE42B112EBC3C6.d.2018EC30C383EF6F377BC979151FD95B.e.77"}]}
COMMAND: POST /session/041ece1bac594130e3a6c3bac6c9d85e/window/fullscreen - {}
COMMAND: GET /session/041ece1bac594130e3a6c3bac6c9d85e/screenshot - {}
RESULT: {}
RESULT: {}
COMMAND: POST /session/041ece1bac594130e3a6c3bac6c9d85e/execute/async - {"script":"<script> [189 bytes]","args":[]}
RESULT: {}
RESULT: {"script":"<script> [189 bytes]","args":[]}
COMMAND: POST /session/041ece1bac594130e3a6c3bac6c9d85e/execute/async - {"script":"<script> [123 bytes]","args":[]}
RESULT: {"script":"<script> [123 bytes]","args":[]}
COMMAND: POST /session/041ece1bac594130e3a6c3bac6c9d85e/timeouts - {"script":"<number>"}
RESULT: {"script":"<number>"}
COMMAND: GET /session/041ece1bac594130e3a6c3bac6c9d85e/timeouts - {}
RESULT: {}
COMMAND: POST /session/041ece1bac594130e3a6c3bac6c9d85e/execute/async - {"script":"<script> [78 bytes]","args":[]}
RESULT: {"script":"<script> [78 bytes]","args":[]}
RESULT: undefined
COMMAND: POST /session/041ece1bac594130e3a6c3bac6c9d85e/execute/async - {"script":"<script> [2676 bytes]","args":[]}
RESULT: {"script":"<script> [2676 bytes]","args":[]}
COMMAND: POST /session/041ece1bac594130e3a6c3bac6c9d85e/execute/async - {"script":"<script> [2342 bytes]","args":[{"protocol":"http","hostname":"0.0.0.0","path":"/","capabilities":{"browserName":"chrome","goog:chromeOptions":{"binary":"C:\\Program Files\\Google\\Chrome\\Application\\chrome.exe","args":["--start-maximized"]}},"logLevel":"warn","connectionRetryTimeout":120000,"connectionRetryCount":3,"logLevels":{},"enableDirectConnect":true,"strictSSL":true,"_":"65 more keys: [\"cacheDir\",\"port\",\"requestedCapabilities\",\"automationProtocol\",\"baseUrl\",\"waitforInterval\",\"waitforTimeout\",\"onReload\",\"beforeCommand\",\"afterCommand\",\"rootDir\",\"specs\",\"suites\",\"exclude\",\"groupLogsByTestSpec\",\"excludeDriverLogs\",\"bail\",\"framework\",\"reporters\",\"services\",\"maxInstances\",\"maxInstancesPerCapability\",\"injectGlobals\",\"filesToWatch\",\"execArgv\",\"runnerEnv\",\"runner\",\"shard\",\"specFileRetries\",\"specFileRetriesDelay\",\"specFileRetriesDeferred\",\"reporterSyncInterval\",\"reporterSyncTimeout\",\"cucumberFeaturesWithLineNumbers\",\"autoCompileOpts\",\"mochaOpts\",\"jasmineOpts\",\"cucumberOpts\",\"onPrepare\",\"onWorkerStart\",\"onWorkerEnd\",\"before\",\"beforeSession\",\"beforeSuite\",\"beforeHook\",\"beforeTest\",\"afterTest\",\"afterHook\",\"afterSuite\",\"afterSession\",\"after\",\"onComplete\",\"beforeAssertion\",\"afterAssertion\",\"beforeFeature\",\"beforeScenario\",\"beforeStep\",\"afterStep\",\"afterScenario\",\"afterFeature\",\"_\",\"suite\",\"$0\",\"ignoredWorkerServices\",\"wdi5\"]"}]}
RESULT: {"script":"<script> [2342 bytes]","args":[{"protocol":"http","hostname":"0.0.0.0","path":"/","capabilities":{"browserName":"chrome","goog:chromeOptions":{"binary":"C:\\Program Files\\Google\\Chrome\\Application\\chrome.exe","args":["--start-maximized"]}},"logLevel":"warn","connectionRetryTimeout":120000,"connectionRetryCount":3,"logLevels":{},"enableDirectConnect":true,"strictSSL":true,"_":"65 more keys: [\"cacheDir\",\"port\",\"requestedCapabilities\",\"automationProtocol\",\"baseUrl\",\"waitforInterval\",\"waitforTimeout\",\"onReload\",\"beforeCommand\",\"afterCommand\",\"rootDir\",\"specs\",\"suites\",\"exclude\",\"groupLogsByTestSpec\",\"excludeDriverLogs\",\"bail\",\"framework\",\"reporters\",\"services\",\"maxInstances\",\"maxInstancesPerCapability\",\"injectGlobals\",\"filesToWatch\",\"execArgv\",\"runnerEnv\",\"runner\",\"shard\",\"specFileRetries\",\"specFileRetriesDelay\",\"specFileRetriesDeferred\",\"reporterSyncInterval\",\"reporterSyncTimeout\",\"cucumberFeaturesWithLineNumbers\",\"autoCompileOpts\",\"mochaOpts\",\"jasmineOpts\",\"cucumberOpts\",\"onPrepare\",\"onWorkerStart\",\"onWorkerEnd\",\"before\",\"beforeSession\",\"beforeSuite\",\"beforeHook\",\"beforeTest\",\"afterTest\",\"afterHook\",\"afterSuite\",\"afterSession\",\"after\",\"onComplete\",\"beforeAssertion\",\"afterAssertion\",\"beforeFeature\",\"beforeScenario\",\"beforeStep\",\"afterStep\",\"afterScenario\",\"afterFeature\",\"_\",\"suite\",\"$0\",\"ignoredWorkerServices\",\"wdi5\"]"}]}
COMMAND: POST /session/041ece1bac594130e3a6c3bac6c9d85e/execute/async - {"script":"<script> [21126 bytes]","args":[35000]}
RESULT: {"script":"<script> [21126 bytes]","args":[35000]}
]]></system-out>
    </testcase>
    <testcase classname="chrome.137_0_7151_56.windows.Tests_for_DXCW_CAE_environment,_including_specific_login_to_the_system_US" name="Should upload address file entry used for later tests as master data US156291" time="79.977">
      <system-out><![CDATA[
COMMAND: POST /session/041ece1bac594130e3a6c3bac6c9d85e/execute/async - {"script":"<script> [1562 bytes]","args":[{"selector":{"controlType":"sap.m.GenericTile","properties":{"header":"Migration Service"}},"wdio_ui5_key":"sapm.GenericTile{\"header\":\"Migration Service\"}"}]}
RESULT: {"script":"<script> [1562 bytes]","args":[{"selector":{"controlType":"sap.m.GenericTile","properties":{"header":"Migration Service"}},"wdio_ui5_key":"sapm.GenericTile{\"header\":\"Migration Service\"}"}]}
RESULT: undefined
COMMAND: POST /session/041ece1bac594130e3a6c3bac6c9d85e/element - {"using":"xpath","value":"//*[@id=\"__tile25\"]"}
RESULT: {"using":"xpath","value":"//*[@id=\"__tile25\"]"}
COMMAND: POST /session/041ece1bac594130e3a6c3bac6c9d85e/element/f.F1E1A893882E28A71BFE42B112EBC3C6.d.2018EC30C383EF6F377BC979151FD95B.e.122/click - {}
RESULT: {}
COMMAND: GET /session/041ece1bac594130e3a6c3bac6c9d85e/screenshot - {}
RESULT: {}
RESULT: undefined
RESULT: undefined
COMMAND: POST /session/041ece1bac594130e3a6c3bac6c9d85e/elements - {"using":"xpath","value":"//span[text()='Error']"}
RESULT: {"using":"xpath","value":"//span[text()='Error']"}
COMMAND: POST /session/041ece1bac594130e3a6c3bac6c9d85e/execute/async - {"script":"<script> [1562 bytes]","args":[{"selector":{"controlType":"sap.m.GenericTile","viewName":"bbs.dxcw.migration.view.Home","i18NText":{"propertyName":"header","key":"migrationService"}},"wdio_ui5_key":"bbsdxcw.migration.view.Homesap.m.GenericTile{\"propertyName\":\"header\",\"key\":\"migrationService\"}"}]}
RESULT: {"script":"<script> [1562 bytes]","args":[{"selector":{"controlType":"sap.m.GenericTile","viewName":"bbs.dxcw.migration.view.Home","i18NText":{"propertyName":"header","key":"migrationService"}},"wdio_ui5_key":"bbsdxcw.migration.view.Homesap.m.GenericTile{\"propertyName\":\"header\",\"key\":\"migrationService\"}"}]}
RESULT: undefined
COMMAND: POST /session/041ece1bac594130e3a6c3bac6c9d85e/element - {"using":"xpath","value":"//*[@id=\"__tile26\"]"}
RESULT: {"using":"xpath","value":"//*[@id=\"__tile26\"]"}
COMMAND: POST /session/041ece1bac594130e3a6c3bac6c9d85e/element/f.F1E1A893882E28A71BFE42B112EBC3C6.d.2018EC30C383EF6F377BC979151FD95B.e.126/click - {}
RESULT: {}
COMMAND: GET /session/041ece1bac594130e3a6c3bac6c9d85e/screenshot - {}
RESULT: {}
COMMAND: POST /session/041ece1bac594130e3a6c3bac6c9d85e/element - {"using":"xpath","value":"//bdi[contains(text(), \"Create new Draft\")]"}
RESULT: {"using":"xpath","value":"//bdi[contains(text(), \"Create new Draft\")]"}
COMMAND: POST /session/041ece1bac594130e3a6c3bac6c9d85e/elements - {"using":"xpath","value":"//bdi[contains(text(), \"Create new Draft\")]"}
RESULT: {"using":"xpath","value":"//bdi[contains(text(), \"Create new Draft\")]"}
COMMAND: POST /session/041ece1bac594130e3a6c3bac6c9d85e/execute/sync - {"script":"<script> [8489 bytes]","args":[{"element-6066-11e4-a52e-4f735466cecf":"f.F1E1A893882E28A71BFE42B112EBC3C6.d.2018EC30C383EF6F377BC979151FD95B.e.146","ELEMENT":"f.F1E1A893882E28A71BFE42B112EBC3C6.d.2018EC30C383EF6F377BC979151FD95B.e.146"}]}
RESULT: {"script":"<script> [8489 bytes]","args":[{"element-6066-11e4-a52e-4f735466cecf":"f.F1E1A893882E28A71BFE42B112EBC3C6.d.2018EC30C383EF6F377BC979151FD95B.e.146","ELEMENT":"f.F1E1A893882E28A71BFE42B112EBC3C6.d.2018EC30C383EF6F377BC979151FD95B.e.146"}]}
COMMAND: GET /session/041ece1bac594130e3a6c3bac6c9d85e/element/f.F1E1A893882E28A71BFE42B112EBC3C6.d.2018EC30C383EF6F377BC979151FD95B.e.146/enabled - {}
COMMAND: GET /session/041ece1bac594130e3a6c3bac6c9d85e/screenshot - {}
RESULT: {}
COMMAND: POST /session/041ece1bac594130e3a6c3bac6c9d85e/execute/sync - {"script":"<script> [8489 bytes]","args":[{"element-6066-11e4-a52e-4f735466cecf":"f.F1E1A893882E28A71BFE42B112EBC3C6.d.2018EC30C383EF6F377BC979151FD95B.e.146","ELEMENT":"f.F1E1A893882E28A71BFE42B112EBC3C6.d.2018EC30C383EF6F377BC979151FD95B.e.146"}]}
COMMAND: GET /session/041ece1bac594130e3a6c3bac6c9d85e/screenshot - {}
RESULT: {}
RESULT: {"script":"<script> [8489 bytes]","args":[{"element-6066-11e4-a52e-4f735466cecf":"f.F1E1A893882E28A71BFE42B112EBC3C6.d.2018EC30C383EF6F377BC979151FD95B.e.146","ELEMENT":"f.F1E1A893882E28A71BFE42B112EBC3C6.d.2018EC30C383EF6F377BC979151FD95B.e.146"}]}
COMMAND: POST /session/041ece1bac594130e3a6c3bac6c9d85e/execute/sync - {"script":"<script> [5351 bytes]","args":[{"element-6066-11e4-a52e-4f735466cecf":"f.F1E1A893882E28A71BFE42B112EBC3C6.d.2018EC30C383EF6F377BC979151FD95B.e.146","ELEMENT":"f.F1E1A893882E28A71BFE42B112EBC3C6.d.2018EC30C383EF6F377BC979151FD95B.e.146"}]}
COMMAND: GET /session/041ece1bac594130e3a6c3bac6c9d85e/screenshot - {}
RESULT: {}
RESULT: {"script":"<script> [5351 bytes]","args":[{"element-6066-11e4-a52e-4f735466cecf":"f.F1E1A893882E28A71BFE42B112EBC3C6.d.2018EC30C383EF6F377BC979151FD95B.e.146","ELEMENT":"f.F1E1A893882E28A71BFE42B112EBC3C6.d.2018EC30C383EF6F377BC979151FD95B.e.146"}]}
COMMAND: GET /session/041ece1bac594130e3a6c3bac6c9d85e/screenshot - {}
RESULT: {}
RESULT: {}
COMMAND: POST /session/041ece1bac594130e3a6c3bac6c9d85e/element - {"using":"xpath","value":"//bdi[contains(text(), \"Create new Draft\")]"}
RESULT: {"using":"xpath","value":"//bdi[contains(text(), \"Create new Draft\")]"}
COMMAND: POST /session/041ece1bac594130e3a6c3bac6c9d85e/element/f.F1E1A893882E28A71BFE42B112EBC3C6.d.2018EC30C383EF6F377BC979151FD95B.e.146/click - {}
RESULT: {}
COMMAND: GET /session/041ece1bac594130e3a6c3bac6c9d85e/screenshot - {}
RESULT: {}
COMMAND: POST /session/041ece1bac594130e3a6c3bac6c9d85e/element - {"using":"xpath","value":"//li[.//div[text()=\"Address\"]]"}
RESULT: {"using":"xpath","value":"//li[.//div[text()=\"Address\"]]"}
COMMAND: POST /session/041ece1bac594130e3a6c3bac6c9d85e/element/f.F1E1A893882E28A71BFE42B112EBC3C6.d.2018EC30C383EF6F377BC979151FD95B.e.290/click - {}
RESULT: {}
COMMAND: GET /session/041ece1bac594130e3a6c3bac6c9d85e/screenshot - {}
COMMAND: POST /session/041ece1bac594130e3a6c3bac6c9d85e/file - {"file":"[base64] 7080 bytes"}
RESULT: {}
RESULT: {"file":"[base64] 7080 bytes"}
COMMAND: POST /session/041ece1bac594130e3a6c3bac6c9d85e/element - {"using":"xpath","value":"//input[(@type=\"file\") and contains(@id,\"BOList-10-0-1-uploader-fu\")]"}
RESULT: {"using":"xpath","value":"//input[(@type=\"file\") and contains(@id,\"BOList-10-0-1-uploader-fu\")]"}
COMMAND: POST /session/041ece1bac594130e3a6c3bac6c9d85e/element/f.F1E1A893882E28A71BFE42B112EBC3C6.d.2018EC30C383EF6F377BC979151FD95B.e.292/clear - {}
RESULT: {}
COMMAND: POST /session/041ece1bac594130e3a6c3bac6c9d85e/element/f.F1E1A893882E28A71BFE42B112EBC3C6.d.2018EC30C383EF6F377BC979151FD95B.e.292/value - {"text":"C:\\Windows\\SystemTemp\\scoped_dir4060_1955288641\\upload4060_1731923595\\Address.xlsx"}
COMMAND: GET /session/041ece1bac594130e3a6c3bac6c9d85e/screenshot - {}
RESULT: {"text":"C:\\Windows\\SystemTemp\\scoped_dir4060_1955288641\\upload4060_1731923595\\Address.xlsx"}
COMMAND: GET /session/041ece1bac594130e3a6c3bac6c9d85e/screenshot - {}
RESULT: {}
RESULT: {}
COMMAND: POST /session/041ece1bac594130e3a6c3bac6c9d85e/element - {"using":"xpath","value":"//bdi[contains(text(), \"Match by name\")]"}
RESULT: {"using":"xpath","value":"//bdi[contains(text(), \"Match by name\")]"}
COMMAND: POST /session/041ece1bac594130e3a6c3bac6c9d85e/element/f.F1E1A893882E28A71BFE42B112EBC3C6.d.2018EC30C383EF6F377BC979151FD95B.e.306/click - {}
RESULT: {}
COMMAND: GET /session/041ece1bac594130e3a6c3bac6c9d85e/screenshot - {}
RESULT: {}
COMMAND: POST /session/041ece1bac594130e3a6c3bac6c9d85e/element - {"using":"xpath","value":"//bdi[text() = \"OK\"]"}
RESULT: {"using":"xpath","value":"//bdi[text() = \"OK\"]"}
COMMAND: POST /session/041ece1bac594130e3a6c3bac6c9d85e/element/f.F1E1A893882E28A71BFE42B112EBC3C6.d.2018EC30C383EF6F377BC979151FD95B.e.307/click - {}
RESULT: {}
COMMAND: GET /session/041ece1bac594130e3a6c3bac6c9d85e/screenshot - {}
RESULT: {}
COMMAND: POST /session/041ece1bac594130e3a6c3bac6c9d85e/element - {"using":"xpath","value":"//button[contains(@id,\"uploadBtn\")]"}
RESULT: {"using":"xpath","value":"//button[contains(@id,\"uploadBtn\")]"}
COMMAND: POST /session/041ece1bac594130e3a6c3bac6c9d85e/element/f.F1E1A893882E28A71BFE42B112EBC3C6.d.2018EC30C383EF6F377BC979151FD95B.e.188/click - {}
RESULT: {}
COMMAND: GET /session/041ece1bac594130e3a6c3bac6c9d85e/screenshot - {}
RESULT: {}
COMMAND: POST /session/041ece1bac594130e3a6c3bac6c9d85e/element - {"using":"xpath","value":"//button[.//bdi[contains(text(),\"Refresh Logs\")]]"}
RESULT: {"using":"xpath","value":"//button[.//bdi[contains(text(),\"Refresh Logs\")]]"}
COMMAND: POST /session/041ece1bac594130e3a6c3bac6c9d85e/element/f.F1E1A893882E28A71BFE42B112EBC3C6.d.2018EC30C383EF6F377BC979151FD95B.e.316/click - {}
RESULT: {}
COMMAND: GET /session/041ece1bac594130e3a6c3bac6c9d85e/screenshot - {}
RESULT: {}
COMMAND: POST /session/041ece1bac594130e3a6c3bac6c9d85e/element - {"using":"xpath","value":"//table[contains(@id,\"customHandoversTable-listUl\")]/tbody/tr[1]/td[4]/span"}
RESULT: {"using":"xpath","value":"//table[contains(@id,\"customHandoversTable-listUl\")]/tbody/tr[1]/td[4]/span"}
COMMAND: POST /session/041ece1bac594130e3a6c3bac6c9d85e/execute/sync - {"script":"<script> [56 bytes]","args":[{"element-6066-11e4-a52e-4f735466cecf":"f.F1E1A893882E28A71BFE42B112EBC3C6.d.2018EC30C383EF6F377BC979151FD95B.e.607","ELEMENT":"f.F1E1A893882E28A71BFE42B112EBC3C6.d.2018EC30C383EF6F377BC979151FD95B.e.607"}]}
RESULT: {"script":"<script> [56 bytes]","args":[{"element-6066-11e4-a52e-4f735466cecf":"f.F1E1A893882E28A71BFE42B112EBC3C6.d.2018EC30C383EF6F377BC979151FD95B.e.607","ELEMENT":"f.F1E1A893882E28A71BFE42B112EBC3C6.d.2018EC30C383EF6F377BC979151FD95B.e.607"}]}
COMMAND: POST /session/041ece1bac594130e3a6c3bac6c9d85e/element - {"using":"xpath","value":"//table[contains(@id,\"customHandoversTable-listUl\")]/tbody/tr[1]/td[7]/div/span[2]"}
COMMAND: GET /session/041ece1bac594130e3a6c3bac6c9d85e/screenshot - {}
RESULT: {"using":"xpath","value":"//table[contains(@id,\"customHandoversTable-listUl\")]/tbody/tr[1]/td[7]/div/span[2]"}
COMMAND: POST /session/041ece1bac594130e3a6c3bac6c9d85e/execute/sync - {"script":"<script> [56 bytes]","args":[{"element-6066-11e4-a52e-4f735466cecf":"f.F1E1A893882E28A71BFE42B112EBC3C6.d.2018EC30C383EF6F377BC979151FD95B.e.608","ELEMENT":"f.F1E1A893882E28A71BFE42B112EBC3C6.d.2018EC30C383EF6F377BC979151FD95B.e.608"}]}
RESULT: {}
RESULT: {"script":"<script> [56 bytes]","args":[{"element-6066-11e4-a52e-4f735466cecf":"f.F1E1A893882E28A71BFE42B112EBC3C6.d.2018EC30C383EF6F377BC979151FD95B.e.608","ELEMENT":"f.F1E1A893882E28A71BFE42B112EBC3C6.d.2018EC30C383EF6F377BC979151FD95B.e.608"}]}
COMMAND: POST /session/041ece1bac594130e3a6c3bac6c9d85e/element - {"using":"xpath","value":"//table[contains(@id,\"customHandoversTable-listUl\")]/tbody/tr[1]/td[8]/div/span[2]"}
COMMAND: GET /session/041ece1bac594130e3a6c3bac6c9d85e/screenshot - {}
RESULT: {"using":"xpath","value":"//table[contains(@id,\"customHandoversTable-listUl\")]/tbody/tr[1]/td[8]/div/span[2]"}
COMMAND: POST /session/041ece1bac594130e3a6c3bac6c9d85e/execute/sync - {"script":"<script> [56 bytes]","args":[{"element-6066-11e4-a52e-4f735466cecf":"f.F1E1A893882E28A71BFE42B112EBC3C6.d.2018EC30C383EF6F377BC979151FD95B.e.611","ELEMENT":"f.F1E1A893882E28A71BFE42B112EBC3C6.d.2018EC30C383EF6F377BC979151FD95B.e.611"}]}
RESULT: {}
RESULT: {"script":"<script> [56 bytes]","args":[{"element-6066-11e4-a52e-4f735466cecf":"f.F1E1A893882E28A71BFE42B112EBC3C6.d.2018EC30C383EF6F377BC979151FD95B.e.611","ELEMENT":"f.F1E1A893882E28A71BFE42B112EBC3C6.d.2018EC30C383EF6F377BC979151FD95B.e.611"}]}
COMMAND: GET /session/041ece1bac594130e3a6c3bac6c9d85e/screenshot - {}
RESULT: {}
COMMAND: POST /session/041ece1bac594130e3a6c3bac6c9d85e/execute/async - {"script":"<script> [1562 bytes]","args":[{"selector":{"controlType":"sap.ui.core.Icon","viewName":"bbs.dxcw.migration.view.migration.MigrationMaster","properties":{"src":{"regex":{"source":"notes"}}}},"wdio_ui5_key":"bbsdxcw.migration.view.migration.MigrationMastersap.ui.core.Icon{\"src\":{\"regex\":{\"source\":\"notes\"}}}"}]}
RESULT: {"script":"<script> [1562 bytes]","args":[{"selector":{"controlType":"sap.ui.core.Icon","viewName":"bbs.dxcw.migration.view.migration.MigrationMaster","properties":{"src":{"regex":{"source":"notes"}}}},"wdio_ui5_key":"bbsdxcw.migration.view.migration.MigrationMastersap.ui.core.Icon{\"src\":{\"regex\":{\"source\":\"notes\"}}}"}]}
RESULT: undefined
COMMAND: POST /session/041ece1bac594130e3a6c3bac6c9d85e/element - {"using":"xpath","value":"//*[@id=\"__filter0-icon\"]"}
RESULT: {"using":"xpath","value":"//*[@id=\"__filter0-icon\"]"}
COMMAND: POST /session/041ece1bac594130e3a6c3bac6c9d85e/element/f.F1E1A893882E28A71BFE42B112EBC3C6.d.2018EC30C383EF6F377BC979151FD95B.e.612/click - {}
RESULT: {}
COMMAND: GET /session/041ece1bac594130e3a6c3bac6c9d85e/screenshot - {}
RESULT: {}
]]></system-out>
    </testcase>
    <testcase classname="chrome.137_0_7151_56.windows.Tests_for_DXCW_CAE_environment,_including_specific_login_to_the_system_US" name="Should upload yard file entry used for later tests as master data US156291" time="49.716">
      <system-out><![CDATA[
COMMAND: POST /session/041ece1bac594130e3a6c3bac6c9d85e/element - {"using":"xpath","value":"//bdi[contains(text(), \"Create new Draft\")]"}
RESULT: {"using":"xpath","value":"//bdi[contains(text(), \"Create new Draft\")]"}
COMMAND: POST /session/041ece1bac594130e3a6c3bac6c9d85e/element/f.F1E1A893882E28A71BFE42B112EBC3C6.d.2018EC30C383EF6F377BC979151FD95B.e.616/click - {}
RESULT: {}
COMMAND: GET /session/041ece1bac594130e3a6c3bac6c9d85e/screenshot - {}
RESULT: {}
COMMAND: POST /session/041ece1bac594130e3a6c3bac6c9d85e/element - {"using":"xpath","value":"//li[.//div[text()=\"Yards\"]]"}
RESULT: {"using":"xpath","value":"//li[.//div[text()=\"Yards\"]]"}
COMMAND: POST /session/041ece1bac594130e3a6c3bac6c9d85e/element/f.F1E1A893882E28A71BFE42B112EBC3C6.d.2018EC30C383EF6F377BC979151FD95B.e.737/click - {}
RESULT: {}
COMMAND: GET /session/041ece1bac594130e3a6c3bac6c9d85e/screenshot - {}
COMMAND: POST /session/041ece1bac594130e3a6c3bac6c9d85e/file - {"file":"[base64] 6812 bytes"}
RESULT: {}
RESULT: {"file":"[base64] 6812 bytes"}
COMMAND: POST /session/041ece1bac594130e3a6c3bac6c9d85e/element - {"using":"xpath","value":"//input[(@type=\"file\") and contains(@id,\"BOList-15-0-1-uploader-fu\")]"}
RESULT: {"using":"xpath","value":"//input[(@type=\"file\") and contains(@id,\"BOList-15-0-1-uploader-fu\")]"}
COMMAND: POST /session/041ece1bac594130e3a6c3bac6c9d85e/element/f.F1E1A893882E28A71BFE42B112EBC3C6.d.2018EC30C383EF6F377BC979151FD95B.e.740/clear - {}
RESULT: {}
COMMAND: POST /session/041ece1bac594130e3a6c3bac6c9d85e/element/f.F1E1A893882E28A71BFE42B112EBC3C6.d.2018EC30C383EF6F377BC979151FD95B.e.740/value - {"text":"C:\\Windows\\SystemTemp\\scoped_dir4060_1955288641\\upload4060_2039408336\\Yards.xlsx"}
COMMAND: GET /session/041ece1bac594130e3a6c3bac6c9d85e/screenshot - {}
RESULT: {"text":"C:\\Windows\\SystemTemp\\scoped_dir4060_1955288641\\upload4060_2039408336\\Yards.xlsx"}
COMMAND: GET /session/041ece1bac594130e3a6c3bac6c9d85e/screenshot - {}
RESULT: {}
RESULT: {}
COMMAND: POST /session/041ece1bac594130e3a6c3bac6c9d85e/element - {"using":"xpath","value":"//bdi[contains(text(), \"Match by name\")]"}
RESULT: {"using":"xpath","value":"//bdi[contains(text(), \"Match by name\")]"}
COMMAND: POST /session/041ece1bac594130e3a6c3bac6c9d85e/element/f.F1E1A893882E28A71BFE42B112EBC3C6.d.2018EC30C383EF6F377BC979151FD95B.e.748/click - {}
RESULT: {}
COMMAND: GET /session/041ece1bac594130e3a6c3bac6c9d85e/screenshot - {}
RESULT: {}
COMMAND: POST /session/041ece1bac594130e3a6c3bac6c9d85e/element - {"using":"xpath","value":"//bdi[text() = \"OK\"]"}
RESULT: {"using":"xpath","value":"//bdi[text() = \"OK\"]"}
COMMAND: POST /session/041ece1bac594130e3a6c3bac6c9d85e/element/f.F1E1A893882E28A71BFE42B112EBC3C6.d.2018EC30C383EF6F377BC979151FD95B.e.749/click - {}
RESULT: {}
COMMAND: GET /session/041ece1bac594130e3a6c3bac6c9d85e/screenshot - {}
RESULT: {}
COMMAND: POST /session/041ece1bac594130e3a6c3bac6c9d85e/element - {"using":"xpath","value":"//button[contains(@id,\"uploadBtn\")]"}
RESULT: {"using":"xpath","value":"//button[contains(@id,\"uploadBtn\")]"}
COMMAND: POST /session/041ece1bac594130e3a6c3bac6c9d85e/element/f.F1E1A893882E28A71BFE42B112EBC3C6.d.2018EC30C383EF6F377BC979151FD95B.e.188/click - {}
RESULT: {}
COMMAND: GET /session/041ece1bac594130e3a6c3bac6c9d85e/screenshot - {}
RESULT: {}
COMMAND: POST /session/041ece1bac594130e3a6c3bac6c9d85e/element - {"using":"xpath","value":"//button[.//bdi[contains(text(),\"Refresh Logs\")]]"}
RESULT: {"using":"xpath","value":"//button[.//bdi[contains(text(),\"Refresh Logs\")]]"}
COMMAND: POST /session/041ece1bac594130e3a6c3bac6c9d85e/element/f.F1E1A893882E28A71BFE42B112EBC3C6.d.2018EC30C383EF6F377BC979151FD95B.e.756/click - {}
RESULT: {}
COMMAND: GET /session/041ece1bac594130e3a6c3bac6c9d85e/screenshot - {}
RESULT: {}
COMMAND: POST /session/041ece1bac594130e3a6c3bac6c9d85e/element - {"using":"xpath","value":"//table[contains(@id,\"customHandoversTable-listUl\")]/tbody/tr[1]/td[4]/span"}
RESULT: {"using":"xpath","value":"//table[contains(@id,\"customHandoversTable-listUl\")]/tbody/tr[1]/td[4]/span"}
COMMAND: POST /session/041ece1bac594130e3a6c3bac6c9d85e/execute/sync - {"script":"<script> [56 bytes]","args":[{"element-6066-11e4-a52e-4f735466cecf":"f.F1E1A893882E28A71BFE42B112EBC3C6.d.2018EC30C383EF6F377BC979151FD95B.e.1045","ELEMENT":"f.F1E1A893882E28A71BFE42B112EBC3C6.d.2018EC30C383EF6F377BC979151FD95B.e.1045"}]}
RESULT: {"script":"<script> [56 bytes]","args":[{"element-6066-11e4-a52e-4f735466cecf":"f.F1E1A893882E28A71BFE42B112EBC3C6.d.2018EC30C383EF6F377BC979151FD95B.e.1045","ELEMENT":"f.F1E1A893882E28A71BFE42B112EBC3C6.d.2018EC30C383EF6F377BC979151FD95B.e.1045"}]}
COMMAND: POST /session/041ece1bac594130e3a6c3bac6c9d85e/element - {"using":"xpath","value":"//table[contains(@id,\"customHandoversTable-listUl\")]/tbody/tr[1]/td[7]/div/span[2]"}
COMMAND: GET /session/041ece1bac594130e3a6c3bac6c9d85e/screenshot - {}
RESULT: {"using":"xpath","value":"//table[contains(@id,\"customHandoversTable-listUl\")]/tbody/tr[1]/td[7]/div/span[2]"}
COMMAND: POST /session/041ece1bac594130e3a6c3bac6c9d85e/execute/sync - {"script":"<script> [56 bytes]","args":[{"element-6066-11e4-a52e-4f735466cecf":"f.F1E1A893882E28A71BFE42B112EBC3C6.d.2018EC30C383EF6F377BC979151FD95B.e.1046","ELEMENT":"f.F1E1A893882E28A71BFE42B112EBC3C6.d.2018EC30C383EF6F377BC979151FD95B.e.1046"}]}
RESULT: {}
RESULT: {"script":"<script> [56 bytes]","args":[{"element-6066-11e4-a52e-4f735466cecf":"f.F1E1A893882E28A71BFE42B112EBC3C6.d.2018EC30C383EF6F377BC979151FD95B.e.1046","ELEMENT":"f.F1E1A893882E28A71BFE42B112EBC3C6.d.2018EC30C383EF6F377BC979151FD95B.e.1046"}]}
COMMAND: POST /session/041ece1bac594130e3a6c3bac6c9d85e/element - {"using":"xpath","value":"//table[contains(@id,\"customHandoversTable-listUl\")]/tbody/tr[1]/td[8]/div/span[2]"}
COMMAND: GET /session/041ece1bac594130e3a6c3bac6c9d85e/screenshot - {}
RESULT: {"using":"xpath","value":"//table[contains(@id,\"customHandoversTable-listUl\")]/tbody/tr[1]/td[8]/div/span[2]"}
COMMAND: POST /session/041ece1bac594130e3a6c3bac6c9d85e/execute/sync - {"script":"<script> [56 bytes]","args":[{"element-6066-11e4-a52e-4f735466cecf":"f.F1E1A893882E28A71BFE42B112EBC3C6.d.2018EC30C383EF6F377BC979151FD95B.e.1049","ELEMENT":"f.F1E1A893882E28A71BFE42B112EBC3C6.d.2018EC30C383EF6F377BC979151FD95B.e.1049"}]}
RESULT: {}
RESULT: {"script":"<script> [56 bytes]","args":[{"element-6066-11e4-a52e-4f735466cecf":"f.F1E1A893882E28A71BFE42B112EBC3C6.d.2018EC30C383EF6F377BC979151FD95B.e.1049","ELEMENT":"f.F1E1A893882E28A71BFE42B112EBC3C6.d.2018EC30C383EF6F377BC979151FD95B.e.1049"}]}
COMMAND: GET /session/041ece1bac594130e3a6c3bac6c9d85e/screenshot - {}
RESULT: {}
RESULT: undefined
COMMAND: POST /session/041ece1bac594130e3a6c3bac6c9d85e/element - {"using":"xpath","value":"//*[@id=\"__filter0-icon\"]"}
RESULT: {"using":"xpath","value":"//*[@id=\"__filter0-icon\"]"}
COMMAND: POST /session/041ece1bac594130e3a6c3bac6c9d85e/element/f.F1E1A893882E28A71BFE42B112EBC3C6.d.2018EC30C383EF6F377BC979151FD95B.e.612/click - {}
RESULT: {}
COMMAND: GET /session/041ece1bac594130e3a6c3bac6c9d85e/screenshot - {}
RESULT: {}
]]></system-out>
    </testcase>
    <testcase classname="chrome.137_0_7151_56.windows.Tests_for_DXCW_CAE_environment,_including_specific_login_to_the_system_US" name="Should upload compound partner files entry used for later tests as master data US156291" time="64.09">
      <system-out><![CDATA[
COMMAND: POST /session/041ece1bac594130e3a6c3bac6c9d85e/element - {"using":"xpath","value":"//bdi[contains(text(), \"Create new Draft\")]"}
RESULT: {"using":"xpath","value":"//bdi[contains(text(), \"Create new Draft\")]"}
COMMAND: POST /session/041ece1bac594130e3a6c3bac6c9d85e/element/f.F1E1A893882E28A71BFE42B112EBC3C6.d.2018EC30C383EF6F377BC979151FD95B.e.1053/click - {}
RESULT: {}
COMMAND: GET /session/041ece1bac594130e3a6c3bac6c9d85e/screenshot - {}
RESULT: {}
COMMAND: POST /session/041ece1bac594130e3a6c3bac6c9d85e/element - {"using":"xpath","value":"//li[.//div[text()=\"Partners\"]]"}
RESULT: {"using":"xpath","value":"//li[.//div[text()=\"Partners\"]]"}
COMMAND: POST /session/041ece1bac594130e3a6c3bac6c9d85e/element/f.F1E1A893882E28A71BFE42B112EBC3C6.d.2018EC30C383EF6F377BC979151FD95B.e.1169/click - {}
RESULT: {}
COMMAND: GET /session/041ece1bac594130e3a6c3bac6c9d85e/screenshot - {}
COMMAND: POST /session/041ece1bac594130e3a6c3bac6c9d85e/file - {"file":"[base64] 6748 bytes"}
RESULT: {}
RESULT: {"file":"[base64] 6748 bytes"}
COMMAND: POST /session/041ece1bac594130e3a6c3bac6c9d85e/element - {"using":"xpath","value":"//input[(@type=\"file\") and contains(@id,\"BOList-4-0-1-uploader-fu\")]"}
RESULT: {"using":"xpath","value":"//input[(@type=\"file\") and contains(@id,\"BOList-4-0-1-uploader-fu\")]"}
COMMAND: POST /session/041ece1bac594130e3a6c3bac6c9d85e/element/f.F1E1A893882E28A71BFE42B112EBC3C6.d.2018EC30C383EF6F377BC979151FD95B.e.1178/clear - {}
RESULT: {}
COMMAND: POST /session/041ece1bac594130e3a6c3bac6c9d85e/element/f.F1E1A893882E28A71BFE42B112EBC3C6.d.2018EC30C383EF6F377BC979151FD95B.e.1178/value - {"text":"C:\\Windows\\SystemTemp\\scoped_dir4060_1955288641\\upload4060_591670313\\Partners.xlsx"}
COMMAND: GET /session/041ece1bac594130e3a6c3bac6c9d85e/screenshot - {}
RESULT: {"text":"C:\\Windows\\SystemTemp\\scoped_dir4060_1955288641\\upload4060_591670313\\Partners.xlsx"}
COMMAND: GET /session/041ece1bac594130e3a6c3bac6c9d85e/screenshot - {}
RESULT: {}
RESULT: {}
COMMAND: POST /session/041ece1bac594130e3a6c3bac6c9d85e/element - {"using":"xpath","value":"//bdi[contains(text(), \"Match by name\")]"}
RESULT: {"using":"xpath","value":"//bdi[contains(text(), \"Match by name\")]"}
COMMAND: POST /session/041ece1bac594130e3a6c3bac6c9d85e/element/f.F1E1A893882E28A71BFE42B112EBC3C6.d.2018EC30C383EF6F377BC979151FD95B.e.1189/click - {}
RESULT: {}
COMMAND: GET /session/041ece1bac594130e3a6c3bac6c9d85e/screenshot - {}
RESULT: {}
COMMAND: POST /session/041ece1bac594130e3a6c3bac6c9d85e/element - {"using":"xpath","value":"//bdi[text() = \"OK\"]"}
RESULT: {"using":"xpath","value":"//bdi[text() = \"OK\"]"}
COMMAND: POST /session/041ece1bac594130e3a6c3bac6c9d85e/element/f.F1E1A893882E28A71BFE42B112EBC3C6.d.2018EC30C383EF6F377BC979151FD95B.e.1191/click - {}
RESULT: {}
COMMAND: GET /session/041ece1bac594130e3a6c3bac6c9d85e/screenshot - {}
RESULT: {}
COMMAND: POST /session/041ece1bac594130e3a6c3bac6c9d85e/file - {"file":"[base64] 6424 bytes"}
RESULT: {"file":"[base64] 6424 bytes"}
COMMAND: POST /session/041ece1bac594130e3a6c3bac6c9d85e/element - {"using":"xpath","value":"//input[(@type=\"file\") and contains(@id,\"BOList-4-1-1-uploader-fu\")]"}
RESULT: {"using":"xpath","value":"//input[(@type=\"file\") and contains(@id,\"BOList-4-1-1-uploader-fu\")]"}
COMMAND: POST /session/041ece1bac594130e3a6c3bac6c9d85e/element/f.F1E1A893882E28A71BFE42B112EBC3C6.d.2018EC30C383EF6F377BC979151FD95B.e.1193/clear - {}
RESULT: {}
COMMAND: POST /session/041ece1bac594130e3a6c3bac6c9d85e/element/f.F1E1A893882E28A71BFE42B112EBC3C6.d.2018EC30C383EF6F377BC979151FD95B.e.1193/value - {"text":"C:\\Windows\\SystemTemp\\scoped_dir4060_1955288641\\upload4060_392964478\\YardsPartners.xlsx"}
COMMAND: GET /session/041ece1bac594130e3a6c3bac6c9d85e/screenshot - {}
RESULT: {"text":"C:\\Windows\\SystemTemp\\scoped_dir4060_1955288641\\upload4060_392964478\\YardsPartners.xlsx"}
COMMAND: GET /session/041ece1bac594130e3a6c3bac6c9d85e/screenshot - {}
COMMAND: POST /session/041ece1bac594130e3a6c3bac6c9d85e/element - {"using":"xpath","value":"//bdi[contains(text(), \"Match by name\")]"}
RESULT: {}
RESULT: {}
RESULT: {"using":"xpath","value":"//bdi[contains(text(), \"Match by name\")]"}
COMMAND: POST /session/041ece1bac594130e3a6c3bac6c9d85e/element/f.F1E1A893882E28A71BFE42B112EBC3C6.d.2018EC30C383EF6F377BC979151FD95B.e.1201/click - {}
RESULT: {}
COMMAND: GET /session/041ece1bac594130e3a6c3bac6c9d85e/screenshot - {}
RESULT: {}
COMMAND: POST /session/041ece1bac594130e3a6c3bac6c9d85e/element - {"using":"xpath","value":"//bdi[text() = \"OK\"]"}
RESULT: {"using":"xpath","value":"//bdi[text() = \"OK\"]"}
COMMAND: POST /session/041ece1bac594130e3a6c3bac6c9d85e/element/f.F1E1A893882E28A71BFE42B112EBC3C6.d.2018EC30C383EF6F377BC979151FD95B.e.1202/click - {}
RESULT: {}
COMMAND: GET /session/041ece1bac594130e3a6c3bac6c9d85e/screenshot - {}
RESULT: {}
COMMAND: POST /session/041ece1bac594130e3a6c3bac6c9d85e/execute/async - {"script":"<script> [1562 bytes]","args":[{"selector":{"controlType":"sap.m.Switch","viewName":"bbs.dxcw.migration.view.migration.MigrationNewDraft","bindingPath":{"path":"","propertyPath":"/isComposition","modelName":"ContentModel"},"interaction":{"idSuffix":"textoff"}},"wdio_ui5_key":"bbsdxcw.migration.view.migration.MigrationNewDraftsap.m.Switch{\"path\":\"\",\"propertyPath\":\"/isComposition\",\"modelName\":\"ContentModel\"}"}]}
RESULT: {"script":"<script> [1562 bytes]","args":[{"selector":{"controlType":"sap.m.Switch","viewName":"bbs.dxcw.migration.view.migration.MigrationNewDraft","bindingPath":{"path":"","propertyPath":"/isComposition","modelName":"ContentModel"},"interaction":{"idSuffix":"textoff"}},"wdio_ui5_key":"bbsdxcw.migration.view.migration.MigrationNewDraftsap.m.Switch{\"path\":\"\",\"propertyPath\":\"/isComposition\",\"modelName\":\"ContentModel\"}"}]}
RESULT: undefined
COMMAND: POST /session/041ece1bac594130e3a6c3bac6c9d85e/element - {"using":"xpath","value":"//*[@id=\"__switch0\"]"}
RESULT: {"using":"xpath","value":"//*[@id=\"__switch0\"]"}
COMMAND: POST /session/041ece1bac594130e3a6c3bac6c9d85e/element/f.F1E1A893882E28A71BFE42B112EBC3C6.d.2018EC30C383EF6F377BC979151FD95B.e.180/click - {}
RESULT: {}
COMMAND: POST /session/041ece1bac594130e3a6c3bac6c9d85e/element - {"using":"xpath","value":"//button[contains(@id,\"uploadBtn\")]"}
COMMAND: GET /session/041ece1bac594130e3a6c3bac6c9d85e/screenshot - {}
RESULT: {"using":"xpath","value":"//button[contains(@id,\"uploadBtn\")]"}
COMMAND: POST /session/041ece1bac594130e3a6c3bac6c9d85e/element/f.F1E1A893882E28A71BFE42B112EBC3C6.d.2018EC30C383EF6F377BC979151FD95B.e.188/click - {}
RESULT: {}
RESULT: {}
COMMAND: GET /session/041ece1bac594130e3a6c3bac6c9d85e/screenshot - {}
RESULT: {}
COMMAND: POST /session/041ece1bac594130e3a6c3bac6c9d85e/element - {"using":"xpath","value":"//button[.//bdi[contains(text(),\"Refresh Logs\")]]"}
RESULT: {"using":"xpath","value":"//button[.//bdi[contains(text(),\"Refresh Logs\")]]"}
COMMAND: POST /session/041ece1bac594130e3a6c3bac6c9d85e/element/f.F1E1A893882E28A71BFE42B112EBC3C6.d.2018EC30C383EF6F377BC979151FD95B.e.1214/click - {}
RESULT: {}
COMMAND: GET /session/041ece1bac594130e3a6c3bac6c9d85e/screenshot - {}
RESULT: {}
COMMAND: POST /session/041ece1bac594130e3a6c3bac6c9d85e/element - {"using":"xpath","value":"//table[contains(@id,\"customHandoversTable-listUl\")]/tbody/tr[1]/td[4]/span"}
RESULT: {"using":"xpath","value":"//table[contains(@id,\"customHandoversTable-listUl\")]/tbody/tr[1]/td[4]/span"}
COMMAND: POST /session/041ece1bac594130e3a6c3bac6c9d85e/execute/sync - {"script":"<script> [56 bytes]","args":[{"element-6066-11e4-a52e-4f735466cecf":"f.F1E1A893882E28A71BFE42B112EBC3C6.d.2018EC30C383EF6F377BC979151FD95B.e.1506","ELEMENT":"f.F1E1A893882E28A71BFE42B112EBC3C6.d.2018EC30C383EF6F377BC979151FD95B.e.1506"}]}
RESULT: {"script":"<script> [56 bytes]","args":[{"element-6066-11e4-a52e-4f735466cecf":"f.F1E1A893882E28A71BFE42B112EBC3C6.d.2018EC30C383EF6F377BC979151FD95B.e.1506","ELEMENT":"f.F1E1A893882E28A71BFE42B112EBC3C6.d.2018EC30C383EF6F377BC979151FD95B.e.1506"}]}
COMMAND: POST /session/041ece1bac594130e3a6c3bac6c9d85e/element - {"using":"xpath","value":"//table[contains(@id,\"customHandoversTable-listUl\")]/tbody/tr[1]/td[7]/div/span[2]"}
COMMAND: GET /session/041ece1bac594130e3a6c3bac6c9d85e/screenshot - {}
RESULT: {"using":"xpath","value":"//table[contains(@id,\"customHandoversTable-listUl\")]/tbody/tr[1]/td[7]/div/span[2]"}
COMMAND: POST /session/041ece1bac594130e3a6c3bac6c9d85e/execute/sync - {"script":"<script> [56 bytes]","args":[{"element-6066-11e4-a52e-4f735466cecf":"f.F1E1A893882E28A71BFE42B112EBC3C6.d.2018EC30C383EF6F377BC979151FD95B.e.1507","ELEMENT":"f.F1E1A893882E28A71BFE42B112EBC3C6.d.2018EC30C383EF6F377BC979151FD95B.e.1507"}]}
RESULT: {}
RESULT: {"script":"<script> [56 bytes]","args":[{"element-6066-11e4-a52e-4f735466cecf":"f.F1E1A893882E28A71BFE42B112EBC3C6.d.2018EC30C383EF6F377BC979151FD95B.e.1507","ELEMENT":"f.F1E1A893882E28A71BFE42B112EBC3C6.d.2018EC30C383EF6F377BC979151FD95B.e.1507"}]}
COMMAND: POST /session/041ece1bac594130e3a6c3bac6c9d85e/element - {"using":"xpath","value":"//table[contains(@id,\"customHandoversTable-listUl\")]/tbody/tr[1]/td[8]/div/span[2]"}
COMMAND: GET /session/041ece1bac594130e3a6c3bac6c9d85e/screenshot - {}
RESULT: {"using":"xpath","value":"//table[contains(@id,\"customHandoversTable-listUl\")]/tbody/tr[1]/td[8]/div/span[2]"}
COMMAND: POST /session/041ece1bac594130e3a6c3bac6c9d85e/execute/sync - {"script":"<script> [56 bytes]","args":[{"element-6066-11e4-a52e-4f735466cecf":"f.F1E1A893882E28A71BFE42B112EBC3C6.d.2018EC30C383EF6F377BC979151FD95B.e.1510","ELEMENT":"f.F1E1A893882E28A71BFE42B112EBC3C6.d.2018EC30C383EF6F377BC979151FD95B.e.1510"}]}
RESULT: {}
RESULT: {"script":"<script> [56 bytes]","args":[{"element-6066-11e4-a52e-4f735466cecf":"f.F1E1A893882E28A71BFE42B112EBC3C6.d.2018EC30C383EF6F377BC979151FD95B.e.1510","ELEMENT":"f.F1E1A893882E28A71BFE42B112EBC3C6.d.2018EC30C383EF6F377BC979151FD95B.e.1510"}]}
COMMAND: GET /session/041ece1bac594130e3a6c3bac6c9d85e/screenshot - {}
RESULT: {}
RESULT: undefined
COMMAND: POST /session/041ece1bac594130e3a6c3bac6c9d85e/element - {"using":"xpath","value":"//*[@id=\"__filter0-icon\"]"}
RESULT: {"using":"xpath","value":"//*[@id=\"__filter0-icon\"]"}
COMMAND: POST /session/041ece1bac594130e3a6c3bac6c9d85e/element/f.F1E1A893882E28A71BFE42B112EBC3C6.d.2018EC30C383EF6F377BC979151FD95B.e.612/click - {}
RESULT: {}
COMMAND: GET /session/041ece1bac594130e3a6c3bac6c9d85e/screenshot - {}
RESULT: {}
]]></system-out>
    </testcase>
    <testcase classname="chrome.137_0_7151_56.windows.Tests_for_DXCW_CAE_environment,_including_specific_login_to_the_system_US" name="Should upload site file entry used for later tests as master data US156291" time="55.863">
      <system-out><![CDATA[
COMMAND: POST /session/041ece1bac594130e3a6c3bac6c9d85e/element - {"using":"xpath","value":"//bdi[contains(text(), \"Create new Draft\")]"}
RESULT: {"using":"xpath","value":"//bdi[contains(text(), \"Create new Draft\")]"}
COMMAND: POST /session/041ece1bac594130e3a6c3bac6c9d85e/element/f.F1E1A893882E28A71BFE42B112EBC3C6.d.2018EC30C383EF6F377BC979151FD95B.e.1514/click - {}
RESULT: {}
COMMAND: GET /session/041ece1bac594130e3a6c3bac6c9d85e/screenshot - {}
RESULT: {}
COMMAND: POST /session/041ece1bac594130e3a6c3bac6c9d85e/element - {"using":"xpath","value":"//li[.//div[text()=\"Sites\"]]"}
RESULT: {"using":"xpath","value":"//li[.//div[text()=\"Sites\"]]"}
COMMAND: POST /session/041ece1bac594130e3a6c3bac6c9d85e/element/f.F1E1A893882E28A71BFE42B112EBC3C6.d.2018EC30C383EF6F377BC979151FD95B.e.1174/click - {}
RESULT: {}
COMMAND: GET /session/041ece1bac594130e3a6c3bac6c9d85e/screenshot - {}
COMMAND: POST /session/041ece1bac594130e3a6c3bac6c9d85e/file - {"file":"[base64] 6440 bytes"}
RESULT: {}
RESULT: {"file":"[base64] 6440 bytes"}
COMMAND: POST /session/041ece1bac594130e3a6c3bac6c9d85e/element - {"using":"xpath","value":"//input[(@type=\"file\") and contains(@id,\"BOList-9-0-1-uploader-fu\")]"}
RESULT: {"using":"xpath","value":"//input[(@type=\"file\") and contains(@id,\"BOList-9-0-1-uploader-fu\")]"}
COMMAND: POST /session/041ece1bac594130e3a6c3bac6c9d85e/element/f.F1E1A893882E28A71BFE42B112EBC3C6.d.2018EC30C383EF6F377BC979151FD95B.e.1633/clear - {}
RESULT: {}
COMMAND: POST /session/041ece1bac594130e3a6c3bac6c9d85e/element/f.F1E1A893882E28A71BFE42B112EBC3C6.d.2018EC30C383EF6F377BC979151FD95B.e.1633/value - {"text":"C:\\Windows\\SystemTemp\\scoped_dir4060_1955288641\\upload4060_2132146703\\Sites.xlsx"}
COMMAND: GET /session/041ece1bac594130e3a6c3bac6c9d85e/screenshot - {}
RESULT: {"text":"C:\\Windows\\SystemTemp\\scoped_dir4060_1955288641\\upload4060_2132146703\\Sites.xlsx"}
COMMAND: GET /session/041ece1bac594130e3a6c3bac6c9d85e/screenshot - {}
RESULT: {}
RESULT: {}
COMMAND: POST /session/041ece1bac594130e3a6c3bac6c9d85e/element - {"using":"xpath","value":"//bdi[contains(text(), \"Match by name\")]"}
RESULT: {"using":"xpath","value":"//bdi[contains(text(), \"Match by name\")]"}
COMMAND: POST /session/041ece1bac594130e3a6c3bac6c9d85e/element/f.F1E1A893882E28A71BFE42B112EBC3C6.d.2018EC30C383EF6F377BC979151FD95B.e.1641/click - {}
RESULT: {}
COMMAND: GET /session/041ece1bac594130e3a6c3bac6c9d85e/screenshot - {}
RESULT: {}
COMMAND: POST /session/041ece1bac594130e3a6c3bac6c9d85e/element - {"using":"xpath","value":"//bdi[text() = \"OK\"]"}
RESULT: {"using":"xpath","value":"//bdi[text() = \"OK\"]"}
COMMAND: POST /session/041ece1bac594130e3a6c3bac6c9d85e/element/f.F1E1A893882E28A71BFE42B112EBC3C6.d.2018EC30C383EF6F377BC979151FD95B.e.1642/click - {}
RESULT: {}
COMMAND: GET /session/041ece1bac594130e3a6c3bac6c9d85e/screenshot - {}
RESULT: {}
COMMAND: POST /session/041ece1bac594130e3a6c3bac6c9d85e/element - {"using":"xpath","value":"//button[contains(@id,\"uploadBtn\")]"}
RESULT: {"using":"xpath","value":"//button[contains(@id,\"uploadBtn\")]"}
COMMAND: POST /session/041ece1bac594130e3a6c3bac6c9d85e/element/f.F1E1A893882E28A71BFE42B112EBC3C6.d.2018EC30C383EF6F377BC979151FD95B.e.188/click - {}
RESULT: {}
COMMAND: GET /session/041ece1bac594130e3a6c3bac6c9d85e/screenshot - {}
RESULT: {}
COMMAND: POST /session/041ece1bac594130e3a6c3bac6c9d85e/element - {"using":"xpath","value":"//button[.//bdi[contains(text(),\"Refresh Logs\")]]"}
RESULT: {"using":"xpath","value":"//button[.//bdi[contains(text(),\"Refresh Logs\")]]"}
COMMAND: POST /session/041ece1bac594130e3a6c3bac6c9d85e/element/f.F1E1A893882E28A71BFE42B112EBC3C6.d.2018EC30C383EF6F377BC979151FD95B.e.1649/click - {}
RESULT: {}
COMMAND: GET /session/041ece1bac594130e3a6c3bac6c9d85e/screenshot - {}
RESULT: {}
COMMAND: POST /session/041ece1bac594130e3a6c3bac6c9d85e/element - {"using":"xpath","value":"//table[contains(@id,\"customHandoversTable-listUl\")]/tbody/tr[1]/td[4]/span"}
RESULT: {"using":"xpath","value":"//table[contains(@id,\"customHandoversTable-listUl\")]/tbody/tr[1]/td[4]/span"}
COMMAND: POST /session/041ece1bac594130e3a6c3bac6c9d85e/execute/sync - {"script":"<script> [56 bytes]","args":[{"element-6066-11e4-a52e-4f735466cecf":"f.F1E1A893882E28A71BFE42B112EBC3C6.d.2018EC30C383EF6F377BC979151FD95B.e.1932","ELEMENT":"f.F1E1A893882E28A71BFE42B112EBC3C6.d.2018EC30C383EF6F377BC979151FD95B.e.1932"}]}
RESULT: {"script":"<script> [56 bytes]","args":[{"element-6066-11e4-a52e-4f735466cecf":"f.F1E1A893882E28A71BFE42B112EBC3C6.d.2018EC30C383EF6F377BC979151FD95B.e.1932","ELEMENT":"f.F1E1A893882E28A71BFE42B112EBC3C6.d.2018EC30C383EF6F377BC979151FD95B.e.1932"}]}
COMMAND: POST /session/041ece1bac594130e3a6c3bac6c9d85e/element - {"using":"xpath","value":"//table[contains(@id,\"customHandoversTable-listUl\")]/tbody/tr[1]/td[7]/div/span[2]"}
COMMAND: GET /session/041ece1bac594130e3a6c3bac6c9d85e/screenshot - {}
RESULT: {"using":"xpath","value":"//table[contains(@id,\"customHandoversTable-listUl\")]/tbody/tr[1]/td[7]/div/span[2]"}
COMMAND: POST /session/041ece1bac594130e3a6c3bac6c9d85e/execute/sync - {"script":"<script> [56 bytes]","args":[{"element-6066-11e4-a52e-4f735466cecf":"f.F1E1A893882E28A71BFE42B112EBC3C6.d.2018EC30C383EF6F377BC979151FD95B.e.1933","ELEMENT":"f.F1E1A893882E28A71BFE42B112EBC3C6.d.2018EC30C383EF6F377BC979151FD95B.e.1933"}]}
RESULT: {}
RESULT: {"script":"<script> [56 bytes]","args":[{"element-6066-11e4-a52e-4f735466cecf":"f.F1E1A893882E28A71BFE42B112EBC3C6.d.2018EC30C383EF6F377BC979151FD95B.e.1933","ELEMENT":"f.F1E1A893882E28A71BFE42B112EBC3C6.d.2018EC30C383EF6F377BC979151FD95B.e.1933"}]}
COMMAND: POST /session/041ece1bac594130e3a6c3bac6c9d85e/element - {"using":"xpath","value":"//table[contains(@id,\"customHandoversTable-listUl\")]/tbody/tr[1]/td[8]/div/span[2]"}
COMMAND: GET /session/041ece1bac594130e3a6c3bac6c9d85e/screenshot - {}
RESULT: {"using":"xpath","value":"//table[contains(@id,\"customHandoversTable-listUl\")]/tbody/tr[1]/td[8]/div/span[2]"}
COMMAND: POST /session/041ece1bac594130e3a6c3bac6c9d85e/execute/sync - {"script":"<script> [56 bytes]","args":[{"element-6066-11e4-a52e-4f735466cecf":"f.F1E1A893882E28A71BFE42B112EBC3C6.d.2018EC30C383EF6F377BC979151FD95B.e.1936","ELEMENT":"f.F1E1A893882E28A71BFE42B112EBC3C6.d.2018EC30C383EF6F377BC979151FD95B.e.1936"}]}
RESULT: {}
RESULT: {"script":"<script> [56 bytes]","args":[{"element-6066-11e4-a52e-4f735466cecf":"f.F1E1A893882E28A71BFE42B112EBC3C6.d.2018EC30C383EF6F377BC979151FD95B.e.1936","ELEMENT":"f.F1E1A893882E28A71BFE42B112EBC3C6.d.2018EC30C383EF6F377BC979151FD95B.e.1936"}]}
COMMAND: GET /session/041ece1bac594130e3a6c3bac6c9d85e/screenshot - {}
RESULT: {}
RESULT: undefined
COMMAND: POST /session/041ece1bac594130e3a6c3bac6c9d85e/element - {"using":"xpath","value":"//*[@id=\"__filter0-icon\"]"}
RESULT: {"using":"xpath","value":"//*[@id=\"__filter0-icon\"]"}
COMMAND: POST /session/041ece1bac594130e3a6c3bac6c9d85e/element/f.F1E1A893882E28A71BFE42B112EBC3C6.d.2018EC30C383EF6F377BC979151FD95B.e.612/click - {}
RESULT: {}
COMMAND: GET /session/041ece1bac594130e3a6c3bac6c9d85e/screenshot - {}
RESULT: {}
COMMAND: POST /session/041ece1bac594130e3a6c3bac6c9d85e/element - {"using":"css selector","value":"#shell-header-logo"}
RESULT: {"using":"css selector","value":"#shell-header-logo"}
COMMAND: POST /session/041ece1bac594130e3a6c3bac6c9d85e/element/f.F1E1A893882E28A71BFE42B112EBC3C6.d.2018EC30C383EF6F377BC979151FD95B.e.124/click - {}
RESULT: {}
COMMAND: GET /session/041ece1bac594130e3a6c3bac6c9d85e/screenshot - {}
RESULT: {}
COMMAND: POST /session/041ece1bac594130e3a6c3bac6c9d85e/element - {"using":"css selector","value":"#j_username"}
COMMAND: POST /session/041ece1bac594130e3a6c3bac6c9d85e/url - {"url":"https://qa-testing-00-live-etm-ui.cfapps.eu10-004.hana.ondemand.com/"}
RESULT: {"using":"css selector","value":"#j_username"}
COMMAND: POST /session/041ece1bac594130e3a6c3bac6c9d85e/element - {"using":"css selector","value":"#j_username"}
RESULT: {"url":"https://qa-testing-00-live-etm-ui.cfapps.eu10-004.hana.ondemand.com/"}
RESULT: undefined
COMMAND: GET /session/041ece1bac594130e3a6c3bac6c9d85e/screenshot - {}
RESULT: {"using":"css selector","value":"#j_username"}
COMMAND: POST /session/041ece1bac594130e3a6c3bac6c9d85e/element - {"using":"css selector","value":"#shell-header-logo"}
RESULT: {}
RESULT: {"using":"css selector","value":"#shell-header-logo"}
COMMAND: POST /session/041ece1bac594130e3a6c3bac6c9d85e/execute/sync - {"script":"<script> [8489 bytes]","args":[{"element-6066-11e4-a52e-4f735466cecf":"f.F1E1A893882E28A71BFE42B112EBC3C6.d.5B78923C4548B7B2C2662CCDCE5832E4.e.1955","ELEMENT":"f.F1E1A893882E28A71BFE42B112EBC3C6.d.5B78923C4548B7B2C2662CCDCE5832E4.e.1955"}]}
RESULT: {"script":"<script> [8489 bytes]","args":[{"element-6066-11e4-a52e-4f735466cecf":"f.F1E1A893882E28A71BFE42B112EBC3C6.d.5B78923C4548B7B2C2662CCDCE5832E4.e.1955","ELEMENT":"f.F1E1A893882E28A71BFE42B112EBC3C6.d.5B78923C4548B7B2C2662CCDCE5832E4.e.1955"}]}
COMMAND: POST /session/041ece1bac594130e3a6c3bac6c9d85e/element - {"using":"css selector","value":"#shell-header-logo"}
COMMAND: GET /session/041ece1bac594130e3a6c3bac6c9d85e/screenshot - {}
RESULT: {"using":"css selector","value":"#shell-header-logo"}
COMMAND: POST /session/041ece1bac594130e3a6c3bac6c9d85e/execute/sync - {"script":"<script> [8489 bytes]","args":[{"element-6066-11e4-a52e-4f735466cecf":"f.F1E1A893882E28A71BFE42B112EBC3C6.d.5B78923C4548B7B2C2662CCDCE5832E4.e.1955","ELEMENT":"f.F1E1A893882E28A71BFE42B112EBC3C6.d.5B78923C4548B7B2C2662CCDCE5832E4.e.1955"}]}
RESULT: {}
RESULT: {"script":"<script> [8489 bytes]","args":[{"element-6066-11e4-a52e-4f735466cecf":"f.F1E1A893882E28A71BFE42B112EBC3C6.d.5B78923C4548B7B2C2662CCDCE5832E4.e.1955","ELEMENT":"f.F1E1A893882E28A71BFE42B112EBC3C6.d.5B78923C4548B7B2C2662CCDCE5832E4.e.1955"}]}
COMMAND: POST /session/041ece1bac594130e3a6c3bac6c9d85e/execute/sync - {"script":"<script> [5351 bytes]","args":[{"element-6066-11e4-a52e-4f735466cecf":"f.F1E1A893882E28A71BFE42B112EBC3C6.d.5B78923C4548B7B2C2662CCDCE5832E4.e.1955","ELEMENT":"f.F1E1A893882E28A71BFE42B112EBC3C6.d.5B78923C4548B7B2C2662CCDCE5832E4.e.1955"}]}
COMMAND: GET /session/041ece1bac594130e3a6c3bac6c9d85e/screenshot - {}
RESULT: {"script":"<script> [5351 bytes]","args":[{"element-6066-11e4-a52e-4f735466cecf":"f.F1E1A893882E28A71BFE42B112EBC3C6.d.5B78923C4548B7B2C2662CCDCE5832E4.e.1955","ELEMENT":"f.F1E1A893882E28A71BFE42B112EBC3C6.d.5B78923C4548B7B2C2662CCDCE5832E4.e.1955"}]}
COMMAND: POST /session/041ece1bac594130e3a6c3bac6c9d85e/element - {"using":"css selector","value":"#shell-header-logo"}
COMMAND: GET /session/041ece1bac594130e3a6c3bac6c9d85e/screenshot - {}
RESULT: {}
RESULT: {"using":"css selector","value":"#shell-header-logo"}
COMMAND: POST /session/041ece1bac594130e3a6c3bac6c9d85e/element/f.F1E1A893882E28A71BFE42B112EBC3C6.d.5B78923C4548B7B2C2662CCDCE5832E4.e.1955/click - {}
RESULT: {}
RESULT: {}
COMMAND: GET /session/041ece1bac594130e3a6c3bac6c9d85e/screenshot - {}
RESULT: {}
COMMAND: POST /session/041ece1bac594130e3a6c3bac6c9d85e/execute/async - {"script":"<script> [189 bytes]","args":[]}
RESULT: {"script":"<script> [189 bytes]","args":[]}
COMMAND: POST /session/041ece1bac594130e3a6c3bac6c9d85e/execute/async - {"script":"<script> [123 bytes]","args":[]}
RESULT: {"script":"<script> [123 bytes]","args":[]}
COMMAND: POST /session/041ece1bac594130e3a6c3bac6c9d85e/timeouts - {"script":"<number>"}
RESULT: {"script":"<number>"}
COMMAND: GET /session/041ece1bac594130e3a6c3bac6c9d85e/timeouts - {}
RESULT: {}
RESULT: undefined
COMMAND: POST /session/041ece1bac594130e3a6c3bac6c9d85e/execute/async - {"script":"<script> [2676 bytes]","args":[]}
RESULT: {"script":"<script> [2676 bytes]","args":[]}
COMMAND: POST /session/041ece1bac594130e3a6c3bac6c9d85e/execute/async - {"script":"<script> [2342 bytes]","args":[{"protocol":"http","hostname":"0.0.0.0","path":"/","capabilities":{"browserName":"chrome","goog:chromeOptions":{"binary":"C:\\Program Files\\Google\\Chrome\\Application\\chrome.exe","args":["--start-maximized"]}},"logLevel":"warn","connectionRetryTimeout":120000,"connectionRetryCount":3,"logLevels":{},"enableDirectConnect":true,"strictSSL":true,"_":"65 more keys: [\"cacheDir\",\"port\",\"requestedCapabilities\",\"automationProtocol\",\"baseUrl\",\"waitforInterval\",\"waitforTimeout\",\"onReload\",\"beforeCommand\",\"afterCommand\",\"rootDir\",\"specs\",\"suites\",\"exclude\",\"groupLogsByTestSpec\",\"excludeDriverLogs\",\"bail\",\"framework\",\"reporters\",\"services\",\"maxInstances\",\"maxInstancesPerCapability\",\"injectGlobals\",\"filesToWatch\",\"execArgv\",\"runnerEnv\",\"runner\",\"shard\",\"specFileRetries\",\"specFileRetriesDelay\",\"specFileRetriesDeferred\",\"reporterSyncInterval\",\"reporterSyncTimeout\",\"cucumberFeaturesWithLineNumbers\",\"autoCompileOpts\",\"mochaOpts\",\"jasmineOpts\",\"cucumberOpts\",\"onPrepare\",\"onWorkerStart\",\"onWorkerEnd\",\"before\",\"beforeSession\",\"beforeSuite\",\"beforeHook\",\"beforeTest\",\"afterTest\",\"afterHook\",\"afterSuite\",\"afterSession\",\"after\",\"onComplete\",\"beforeAssertion\",\"afterAssertion\",\"beforeFeature\",\"beforeScenario\",\"beforeStep\",\"afterStep\",\"afterScenario\",\"afterFeature\",\"_\",\"suite\",\"$0\",\"ignoredWorkerServices\",\"wdi5\"]"}]}
RESULT: {"script":"<script> [2342 bytes]","args":[{"protocol":"http","hostname":"0.0.0.0","path":"/","capabilities":{"browserName":"chrome","goog:chromeOptions":{"binary":"C:\\Program Files\\Google\\Chrome\\Application\\chrome.exe","args":["--start-maximized"]}},"logLevel":"warn","connectionRetryTimeout":120000,"connectionRetryCount":3,"logLevels":{},"enableDirectConnect":true,"strictSSL":true,"_":"65 more keys: [\"cacheDir\",\"port\",\"requestedCapabilities\",\"automationProtocol\",\"baseUrl\",\"waitforInterval\",\"waitforTimeout\",\"onReload\",\"beforeCommand\",\"afterCommand\",\"rootDir\",\"specs\",\"suites\",\"exclude\",\"groupLogsByTestSpec\",\"excludeDriverLogs\",\"bail\",\"framework\",\"reporters\",\"services\",\"maxInstances\",\"maxInstancesPerCapability\",\"injectGlobals\",\"filesToWatch\",\"execArgv\",\"runnerEnv\",\"runner\",\"shard\",\"specFileRetries\",\"specFileRetriesDelay\",\"specFileRetriesDeferred\",\"reporterSyncInterval\",\"reporterSyncTimeout\",\"cucumberFeaturesWithLineNumbers\",\"autoCompileOpts\",\"mochaOpts\",\"jasmineOpts\",\"cucumberOpts\",\"onPrepare\",\"onWorkerStart\",\"onWorkerEnd\",\"before\",\"beforeSession\",\"beforeSuite\",\"beforeHook\",\"beforeTest\",\"afterTest\",\"afterHook\",\"afterSuite\",\"afterSession\",\"after\",\"onComplete\",\"beforeAssertion\",\"afterAssertion\",\"beforeFeature\",\"beforeScenario\",\"beforeStep\",\"afterStep\",\"afterScenario\",\"afterFeature\",\"_\",\"suite\",\"$0\",\"ignoredWorkerServices\",\"wdi5\"]"}]}
COMMAND: POST /session/041ece1bac594130e3a6c3bac6c9d85e/execute/async - {"script":"<script> [21126 bytes]","args":[35000]}
RESULT: {"script":"<script> [21126 bytes]","args":[35000]}
COMMAND: POST /session/041ece1bac594130e3a6c3bac6c9d85e/window/maximize - {}
RESULT: {}
COMMAND: POST /session/041ece1bac594130e3a6c3bac6c9d85e/execute/async - {"script":"<script> [1562 bytes]","args":[{"selector":{"id":"shell-header","interaction":{"idSuffix":"icon"}},"wdio_ui5_key":"shellheader"}]}
COMMAND: GET /session/041ece1bac594130e3a6c3bac6c9d85e/screenshot - {}
RESULT: {"script":"<script> [1562 bytes]","args":[{"selector":{"id":"shell-header","interaction":{"idSuffix":"icon"}},"wdio_ui5_key":"shellheader"}]}
RESULT: undefined
COMMAND: POST /session/041ece1bac594130e3a6c3bac6c9d85e/refresh - {}
RESULT: {}
RESULT: {}
COMMAND: GET /session/041ece1bac594130e3a6c3bac6c9d85e/screenshot - {}
RESULT: {}
COMMAND: POST /session/041ece1bac594130e3a6c3bac6c9d85e/refresh - {}
RESULT: {}
COMMAND: GET /session/041ece1bac594130e3a6c3bac6c9d85e/screenshot - {}
RESULT: {}
COMMAND: POST /session/041ece1bac594130e3a6c3bac6c9d85e/window/fullscreen - {}
RESULT: {}
COMMAND: POST /session/041ece1bac594130e3a6c3bac6c9d85e/execute/async - {"script":"<script> [189 bytes]","args":[]}
RESULT: {"script":"<script> [189 bytes]","args":[]}
COMMAND: POST /session/041ece1bac594130e3a6c3bac6c9d85e/execute/async - {"script":"<script> [123 bytes]","args":[]}
RESULT: {"script":"<script> [123 bytes]","args":[]}
COMMAND: POST /session/041ece1bac594130e3a6c3bac6c9d85e/timeouts - {"script":"<number>"}
RESULT: {"script":"<number>"}
COMMAND: GET /session/041ece1bac594130e3a6c3bac6c9d85e/timeouts - {}
RESULT: {}
RESULT: undefined
COMMAND: POST /session/041ece1bac594130e3a6c3bac6c9d85e/execute/async - {"script":"<script> [2676 bytes]","args":[]}
RESULT: {"script":"<script> [2676 bytes]","args":[]}
COMMAND: POST /session/041ece1bac594130e3a6c3bac6c9d85e/execute/async - {"script":"<script> [2342 bytes]","args":[{"protocol":"http","hostname":"0.0.0.0","path":"/","capabilities":{"browserName":"chrome","goog:chromeOptions":{"binary":"C:\\Program Files\\Google\\Chrome\\Application\\chrome.exe","args":["--start-maximized"]}},"logLevel":"warn","connectionRetryTimeout":120000,"connectionRetryCount":3,"logLevels":{},"enableDirectConnect":true,"strictSSL":true,"_":"65 more keys: [\"cacheDir\",\"port\",\"requestedCapabilities\",\"automationProtocol\",\"baseUrl\",\"waitforInterval\",\"waitforTimeout\",\"onReload\",\"beforeCommand\",\"afterCommand\",\"rootDir\",\"specs\",\"suites\",\"exclude\",\"groupLogsByTestSpec\",\"excludeDriverLogs\",\"bail\",\"framework\",\"reporters\",\"services\",\"maxInstances\",\"maxInstancesPerCapability\",\"injectGlobals\",\"filesToWatch\",\"execArgv\",\"runnerEnv\",\"runner\",\"shard\",\"specFileRetries\",\"specFileRetriesDelay\",\"specFileRetriesDeferred\",\"reporterSyncInterval\",\"reporterSyncTimeout\",\"cucumberFeaturesWithLineNumbers\",\"autoCompileOpts\",\"mochaOpts\",\"jasmineOpts\",\"cucumberOpts\",\"onPrepare\",\"onWorkerStart\",\"onWorkerEnd\",\"before\",\"beforeSession\",\"beforeSuite\",\"beforeHook\",\"beforeTest\",\"afterTest\",\"afterHook\",\"afterSuite\",\"afterSession\",\"after\",\"onComplete\",\"beforeAssertion\",\"afterAssertion\",\"beforeFeature\",\"beforeScenario\",\"beforeStep\",\"afterStep\",\"afterScenario\",\"afterFeature\",\"_\",\"suite\",\"$0\",\"ignoredWorkerServices\",\"wdi5\"]"}]}
RESULT: {"script":"<script> [2342 bytes]","args":[{"protocol":"http","hostname":"0.0.0.0","path":"/","capabilities":{"browserName":"chrome","goog:chromeOptions":{"binary":"C:\\Program Files\\Google\\Chrome\\Application\\chrome.exe","args":["--start-maximized"]}},"logLevel":"warn","connectionRetryTimeout":120000,"connectionRetryCount":3,"logLevels":{},"enableDirectConnect":true,"strictSSL":true,"_":"65 more keys: [\"cacheDir\",\"port\",\"requestedCapabilities\",\"automationProtocol\",\"baseUrl\",\"waitforInterval\",\"waitforTimeout\",\"onReload\",\"beforeCommand\",\"afterCommand\",\"rootDir\",\"specs\",\"suites\",\"exclude\",\"groupLogsByTestSpec\",\"excludeDriverLogs\",\"bail\",\"framework\",\"reporters\",\"services\",\"maxInstances\",\"maxInstancesPerCapability\",\"injectGlobals\",\"filesToWatch\",\"execArgv\",\"runnerEnv\",\"runner\",\"shard\",\"specFileRetries\",\"specFileRetriesDelay\",\"specFileRetriesDeferred\",\"reporterSyncInterval\",\"reporterSyncTimeout\",\"cucumberFeaturesWithLineNumbers\",\"autoCompileOpts\",\"mochaOpts\",\"jasmineOpts\",\"cucumberOpts\",\"onPrepare\",\"onWorkerStart\",\"onWorkerEnd\",\"before\",\"beforeSession\",\"beforeSuite\",\"beforeHook\",\"beforeTest\",\"afterTest\",\"afterHook\",\"afterSuite\",\"afterSession\",\"after\",\"onComplete\",\"beforeAssertion\",\"afterAssertion\",\"beforeFeature\",\"beforeScenario\",\"beforeStep\",\"afterStep\",\"afterScenario\",\"afterFeature\",\"_\",\"suite\",\"$0\",\"ignoredWorkerServices\",\"wdi5\"]"}]}
COMMAND: POST /session/041ece1bac594130e3a6c3bac6c9d85e/execute/async - {"script":"<script> [21126 bytes]","args":[35000]}
RESULT: {"script":"<script> [21126 bytes]","args":[35000]}
]]></system-out>
    </testcase>
  </testsuite>
  <testsuite timestamp="2025-06-05T17:22:53" time="1186.81" tests="12" failures="6" errors="6" skipped="0">
    <properties>
      <property name="specId" value="0" />
      <property name="suiteName" value="Billing Transfer - Master data &amp; Intercompany US127250" />
      <property name="capabilities" value="chrome.137_0_7151_56.windows" />
      <property name="file" value="file:///D:/a/1/s/test/specs/BTS/billing-transfer-intercompany.spec.js" />
    </properties>
    <testcase classname="chrome.137_0_7151_56.windows.Billing_Transfer_-_Master_data_&amp;_Intercompany_US127250" name="Should create a new yard" time="142.827">
      <system-out><![CDATA[
COMMAND: POST /session/041ece1bac594130e3a6c3bac6c9d85e/window/fullscreen - {}
RESULT: {}
COMMAND: POST /session/041ece1bac594130e3a6c3bac6c9d85e/execute/async - {"script":"<script> [1562 bytes]","args":[{"selector":{"controlType":"sap.m.GenericTile","properties":{"header":"Manage Yards"}},"wdio_ui5_key":"sapm.GenericTile{\"header\":\"Manage Yards\"}"}]}
RESULT: {"script":"<script> [1562 bytes]","args":[{"selector":{"controlType":"sap.m.GenericTile","properties":{"header":"Manage Yards"}},"wdio_ui5_key":"sapm.GenericTile{\"header\":\"Manage Yards\"}"}]}
RESULT: undefined
COMMAND: POST /session/041ece1bac594130e3a6c3bac6c9d85e/element - {"using":"xpath","value":"//*[@id=\"__tile41\"]"}
RESULT: {"using":"xpath","value":"//*[@id=\"__tile41\"]"}
COMMAND: POST /session/041ece1bac594130e3a6c3bac6c9d85e/element/f.F1E1A893882E28A71BFE42B112EBC3C6.d.6409996030934AEAA4C0DE793FA522BF.e.2120/click - {}
RESULT: {}
COMMAND: GET /session/041ece1bac594130e3a6c3bac6c9d85e/screenshot - {}
RESULT: {}
COMMAND: POST /session/041ece1bac594130e3a6c3bac6c9d85e/elements - {"using":"xpath","value":"//span[text()='Error']"}
RESULT: {"using":"xpath","value":"//span[text()='Error']"}
COMMAND: POST /session/041ece1bac594130e3a6c3bac6c9d85e/element - {"using":"xpath","value":"//button[@data-kt=\"addNewYardOverflowToolbarButton\"]"}
RESULT: {"using":"xpath","value":"//button[@data-kt=\"addNewYardOverflowToolbarButton\"]"}
COMMAND: POST /session/041ece1bac594130e3a6c3bac6c9d85e/elements - {"using":"xpath","value":"//button[@data-kt=\"addNewYardOverflowToolbarButton\"]"}
RESULT: {"using":"xpath","value":"//button[@data-kt=\"addNewYardOverflowToolbarButton\"]"}
COMMAND: POST /session/041ece1bac594130e3a6c3bac6c9d85e/elements - {"using":"xpath","value":"//button[@data-kt=\"addNewYardOverflowToolbarButton\"]"}
RESULT: {"using":"xpath","value":"//button[@data-kt=\"addNewYardOverflowToolbarButton\"]"}
COMMAND: POST /session/041ece1bac594130e3a6c3bac6c9d85e/elements - {"using":"xpath","value":"//button[@data-kt=\"addNewYardOverflowToolbarButton\"]"}
RESULT: {"using":"xpath","value":"//button[@data-kt=\"addNewYardOverflowToolbarButton\"]"}
COMMAND: POST /session/041ece1bac594130e3a6c3bac6c9d85e/elements - {"using":"xpath","value":"//button[@data-kt=\"addNewYardOverflowToolbarButton\"]"}
RESULT: {"using":"xpath","value":"//button[@data-kt=\"addNewYardOverflowToolbarButton\"]"}
COMMAND: POST /session/041ece1bac594130e3a6c3bac6c9d85e/elements - {"using":"xpath","value":"//button[@data-kt=\"addNewYardOverflowToolbarButton\"]"}
RESULT: {"using":"xpath","value":"//button[@data-kt=\"addNewYardOverflowToolbarButton\"]"}
COMMAND: POST /session/041ece1bac594130e3a6c3bac6c9d85e/elements - {"using":"xpath","value":"//button[@data-kt=\"addNewYardOverflowToolbarButton\"]"}
RESULT: {"using":"xpath","value":"//button[@data-kt=\"addNewYardOverflowToolbarButton\"]"}
COMMAND: POST /session/041ece1bac594130e3a6c3bac6c9d85e/element - {"using":"xpath","value":"//button[@data-kt=\"addNewYardOverflowToolbarButton\"]"}
RESULT: {"using":"xpath","value":"//button[@data-kt=\"addNewYardOverflowToolbarButton\"]"}
COMMAND: POST /session/041ece1bac594130e3a6c3bac6c9d85e/execute/sync - {"script":"<script> [8489 bytes]","args":[{"element-6066-11e4-a52e-4f735466cecf":"f.F1E1A893882E28A71BFE42B112EBC3C6.d.6409996030934AEAA4C0DE793FA522BF.e.2268","ELEMENT":"f.F1E1A893882E28A71BFE42B112EBC3C6.d.6409996030934AEAA4C0DE793FA522BF.e.2268"}]}
RESULT: {"script":"<script> [8489 bytes]","args":[{"element-6066-11e4-a52e-4f735466cecf":"f.F1E1A893882E28A71BFE42B112EBC3C6.d.6409996030934AEAA4C0DE793FA522BF.e.2268","ELEMENT":"f.F1E1A893882E28A71BFE42B112EBC3C6.d.6409996030934AEAA4C0DE793FA522BF.e.2268"}]}
COMMAND: GET /session/041ece1bac594130e3a6c3bac6c9d85e/element/f.F1E1A893882E28A71BFE42B112EBC3C6.d.6409996030934AEAA4C0DE793FA522BF.e.2268/enabled - {}
COMMAND: GET /session/041ece1bac594130e3a6c3bac6c9d85e/screenshot - {}
RESULT: {}
COMMAND: POST /session/041ece1bac594130e3a6c3bac6c9d85e/execute/sync - {"script":"<script> [8489 bytes]","args":[{"element-6066-11e4-a52e-4f735466cecf":"f.F1E1A893882E28A71BFE42B112EBC3C6.d.6409996030934AEAA4C0DE793FA522BF.e.2268","ELEMENT":"f.F1E1A893882E28A71BFE42B112EBC3C6.d.6409996030934AEAA4C0DE793FA522BF.e.2268"}]}
COMMAND: GET /session/041ece1bac594130e3a6c3bac6c9d85e/screenshot - {}
RESULT: {}
RESULT: {}
RESULT: {"script":"<script> [8489 bytes]","args":[{"element-6066-11e4-a52e-4f735466cecf":"f.F1E1A893882E28A71BFE42B112EBC3C6.d.6409996030934AEAA4C0DE793FA522BF.e.2268","ELEMENT":"f.F1E1A893882E28A71BFE42B112EBC3C6.d.6409996030934AEAA4C0DE793FA522BF.e.2268"}]}
COMMAND: POST /session/041ece1bac594130e3a6c3bac6c9d85e/execute/sync - {"script":"<script> [5351 bytes]","args":[{"element-6066-11e4-a52e-4f735466cecf":"f.F1E1A893882E28A71BFE42B112EBC3C6.d.6409996030934AEAA4C0DE793FA522BF.e.2268","ELEMENT":"f.F1E1A893882E28A71BFE42B112EBC3C6.d.6409996030934AEAA4C0DE793FA522BF.e.2268"}]}
COMMAND: GET /session/041ece1bac594130e3a6c3bac6c9d85e/screenshot - {}
RESULT: {"script":"<script> [5351 bytes]","args":[{"element-6066-11e4-a52e-4f735466cecf":"f.F1E1A893882E28A71BFE42B112EBC3C6.d.6409996030934AEAA4C0DE793FA522BF.e.2268","ELEMENT":"f.F1E1A893882E28A71BFE42B112EBC3C6.d.6409996030934AEAA4C0DE793FA522BF.e.2268"}]}
COMMAND: POST /session/041ece1bac594130e3a6c3bac6c9d85e/element/f.F1E1A893882E28A71BFE42B112EBC3C6.d.6409996030934AEAA4C0DE793FA522BF.e.2268/click - {}
COMMAND: GET /session/041ece1bac594130e3a6c3bac6c9d85e/screenshot - {}
RESULT: {}
RESULT: {}
RESULT: {}
COMMAND: GET /session/041ece1bac594130e3a6c3bac6c9d85e/screenshot - {}
COMMAND: POST /session/041ece1bac594130e3a6c3bac6c9d85e/element - {"using":"xpath","value":"//input[@id=\"application-manageyards-display-component---NewYard--yardId-inner\"]"}
RESULT: {}
RESULT: {"using":"xpath","value":"//input[@id=\"application-manageyards-display-component---NewYard--yardId-inner\"]"}
COMMAND: POST /session/041ece1bac594130e3a6c3bac6c9d85e/element - {"using":"xpath","value":"//input[@id=\"application-manageyards-display-component---NewYard--yardId-inner\"]"}
RESULT: {"using":"xpath","value":"//input[@id=\"application-manageyards-display-component---NewYard--yardId-inner\"]"}
COMMAND: POST /session/041ece1bac594130e3a6c3bac6c9d85e/execute/async - {"script":"<script> [1562 bytes]","args":[{"selector":{"id":"application-manageyards-display-component---NewYard--addressDetailDetailsName1","interaction":{"idSuffix":"inner"}},"wdio_ui5_key":"applicationmanageyards-display-component---NewYard--addressDetailDetailsName1"}]}
RESULT: {"script":"<script> [1562 bytes]","args":[{"selector":{"id":"application-manageyards-display-component---NewYard--addressDetailDetailsName1","interaction":{"idSuffix":"inner"}},"wdio_ui5_key":"applicationmanageyards-display-component---NewYard--addressDetailDetailsName1"}]}
RESULT: undefined
COMMAND: POST /session/041ece1bac594130e3a6c3bac6c9d85e/execute/async - {"script":"<script> [776 bytes]","args":[{"enterText":"Intercompany Yard wdIO","selector":{"id":"application-manageyards-display-component---NewYard--addressDetailDetailsName1","interaction":{"idSuffix":"inner"}},"clearTextFirst":true,"interactionType":"ENTER_TEXT"}]}
RESULT: {"script":"<script> [776 bytes]","args":[{"enterText":"Intercompany Yard wdIO","selector":{"id":"application-manageyards-display-component---NewYard--addressDetailDetailsName1","interaction":{"idSuffix":"inner"}},"clearTextFirst":true,"interactionType":"ENTER_TEXT"}]}
COMMAND: POST /session/041ece1bac594130e3a6c3bac6c9d85e/execute/async - {"script":"<script> [1562 bytes]","args":[{"selector":{"id":"application-manageyards-display-component---NewYard--addressDetailDetailsLanguage-arrow"},"wdio_ui5_key":"applicationmanageyards-display-component---NewYard--addressDetailDetailsLanguage-arrow"}]}
RESULT: {"script":"<script> [1562 bytes]","args":[{"selector":{"id":"application-manageyards-display-component---NewYard--addressDetailDetailsLanguage-arrow"},"wdio_ui5_key":"applicationmanageyards-display-component---NewYard--addressDetailDetailsLanguage-arrow"}]}
RESULT: undefined
COMMAND: POST /session/041ece1bac594130e3a6c3bac6c9d85e/element - {"using":"xpath","value":"//*[@id=\"application-manageyards-display-component---NewYard--addressDetailDetailsLanguage-arrow\"]"}
RESULT: {"using":"xpath","value":"//*[@id=\"application-manageyards-display-component---NewYard--addressDetailDetailsLanguage-arrow\"]"}
COMMAND: POST /session/041ece1bac594130e3a6c3bac6c9d85e/element/f.F1E1A893882E28A71BFE42B112EBC3C6.d.6409996030934AEAA4C0DE793FA522BF.e.2687/click - {}
RESULT: {}
COMMAND: POST /session/041ece1bac594130e3a6c3bac6c9d85e/element - {"using":"xpath","value":"//span[contains(text(), \"English\")]"}
COMMAND: GET /session/041ece1bac594130e3a6c3bac6c9d85e/screenshot - {}
RESULT: {"using":"xpath","value":"//span[contains(text(), \"English\")]"}
COMMAND: POST /session/041ece1bac594130e3a6c3bac6c9d85e/element/f.F1E1A893882E28A71BFE42B112EBC3C6.d.6409996030934AEAA4C0DE793FA522BF.e.2688/click - {}
RESULT: {}
RESULT: {}
COMMAND: POST /session/041ece1bac594130e3a6c3bac6c9d85e/execute/async - {"script":"<script> [1562 bytes]","args":[{"selector":{"id":"application-manageyards-display-component---NewYard--addressDetailDetailsCity1","interaction":{"idSuffix":"inner"}},"wdio_ui5_key":"applicationmanageyards-display-component---NewYard--addressDetailDetailsCity1"}]}
COMMAND: GET /session/041ece1bac594130e3a6c3bac6c9d85e/screenshot - {}
RESULT: {"script":"<script> [1562 bytes]","args":[{"selector":{"id":"application-manageyards-display-component---NewYard--addressDetailDetailsCity1","interaction":{"idSuffix":"inner"}},"wdio_ui5_key":"applicationmanageyards-display-component---NewYard--addressDetailDetailsCity1"}]}
RESULT: undefined
COMMAND: POST /session/041ece1bac594130e3a6c3bac6c9d85e/execute/async - {"script":"<script> [776 bytes]","args":[{"enterText":"Rosario","selector":{"id":"application-manageyards-display-component---NewYard--addressDetailDetailsCity1","interaction":{"idSuffix":"inner"}},"clearTextFirst":true,"interactionType":"ENTER_TEXT"}]}
RESULT: {}
RESULT: {"script":"<script> [776 bytes]","args":[{"enterText":"Rosario","selector":{"id":"application-manageyards-display-component---NewYard--addressDetailDetailsCity1","interaction":{"idSuffix":"inner"}},"clearTextFirst":true,"interactionType":"ENTER_TEXT"}]}
COMMAND: POST /session/041ece1bac594130e3a6c3bac6c9d85e/execute/async - {"script":"<script> [1562 bytes]","args":[{"selector":{"id":"application-manageyards-display-component---NewYard--addressDetailDetailsCountry-arrow"},"wdio_ui5_key":"applicationmanageyards-display-component---NewYard--addressDetailDetailsCountry-arrow"}]}
RESULT: {"script":"<script> [1562 bytes]","args":[{"selector":{"id":"application-manageyards-display-component---NewYard--addressDetailDetailsCountry-arrow"},"wdio_ui5_key":"applicationmanageyards-display-component---NewYard--addressDetailDetailsCountry-arrow"}]}
RESULT: undefined
COMMAND: POST /session/041ece1bac594130e3a6c3bac6c9d85e/element - {"using":"xpath","value":"//*[@id=\"application-manageyards-display-component---NewYard--addressDetailDetailsCountry-arrow\"]"}
RESULT: {"using":"xpath","value":"//*[@id=\"application-manageyards-display-component---NewYard--addressDetailDetailsCountry-arrow\"]"}
COMMAND: POST /session/041ece1bac594130e3a6c3bac6c9d85e/element/f.F1E1A893882E28A71BFE42B112EBC3C6.d.6409996030934AEAA4C0DE793FA522BF.e.2690/click - {}
RESULT: {}
COMMAND: POST /session/041ece1bac594130e3a6c3bac6c9d85e/element - {"using":"xpath","value":"//span[contains(text(), \"Argentina\")]"}
COMMAND: GET /session/041ece1bac594130e3a6c3bac6c9d85e/screenshot - {}
RESULT: {"using":"xpath","value":"//span[contains(text(), \"Argentina\")]"}
COMMAND: POST /session/041ece1bac594130e3a6c3bac6c9d85e/element/f.F1E1A893882E28A71BFE42B112EBC3C6.d.6409996030934AEAA4C0DE793FA522BF.e.2692/click - {}
RESULT: {}
RESULT: {}
COMMAND: POST /session/041ece1bac594130e3a6c3bac6c9d85e/execute/async - {"script":"<script> [1562 bytes]","args":[{"selector":{"id":"application-manageyards-display-component---NewYard--addressEditDetailsCostObjectCstType-arrow"},"wdio_ui5_key":"applicationmanageyards-display-component---NewYard--addressEditDetailsCostObjectCstType-arrow"}]}
COMMAND: GET /session/041ece1bac594130e3a6c3bac6c9d85e/screenshot - {}
RESULT: {"script":"<script> [1562 bytes]","args":[{"selector":{"id":"application-manageyards-display-component---NewYard--addressEditDetailsCostObjectCstType-arrow"},"wdio_ui5_key":"applicationmanageyards-display-component---NewYard--addressEditDetailsCostObjectCstType-arrow"}]}
RESULT: undefined
COMMAND: POST /session/041ece1bac594130e3a6c3bac6c9d85e/element - {"using":"xpath","value":"//*[@id=\"application-manageyards-display-component---NewYard--addressEditDetailsCostObjectCstType-arrow\"]"}
RESULT: {}
RESULT: {"using":"xpath","value":"//*[@id=\"application-manageyards-display-component---NewYard--addressEditDetailsCostObjectCstType-arrow\"]"}
COMMAND: POST /session/041ece1bac594130e3a6c3bac6c9d85e/element/f.F1E1A893882E28A71BFE42B112EBC3C6.d.6409996030934AEAA4C0DE793FA522BF.e.2693/click - {}
RESULT: {}
COMMAND: POST /session/041ece1bac594130e3a6c3bac6c9d85e/element - {"using":"xpath","value":"//span[contains(text(), \"Cost Center\")]"}
COMMAND: GET /session/041ece1bac594130e3a6c3bac6c9d85e/screenshot - {}
RESULT: {"using":"xpath","value":"//span[contains(text(), \"Cost Center\")]"}
COMMAND: POST /session/041ece1bac594130e3a6c3bac6c9d85e/element/f.F1E1A893882E28A71BFE42B112EBC3C6.d.6409996030934AEAA4C0DE793FA522BF.e.2694/click - {}
RESULT: {}
RESULT: {}
COMMAND: GET /session/041ece1bac594130e3a6c3bac6c9d85e/screenshot - {}
RESULT: {}
COMMAND: POST /session/041ece1bac594130e3a6c3bac6c9d85e/element - {"using":"xpath","value":"//span[@id=\"application-manageyards-display-component---NewYard--addressNewCostObjectCstID-vhi\"]"}
RESULT: {"using":"xpath","value":"//span[@id=\"application-manageyards-display-component---NewYard--addressNewCostObjectCstID-vhi\"]"}
COMMAND: POST /session/041ece1bac594130e3a6c3bac6c9d85e/execute/sync - {"script":"<script> [8489 bytes]","args":[{"element-6066-11e4-a52e-4f735466cecf":"f.F1E1A893882E28A71BFE42B112EBC3C6.d.6409996030934AEAA4C0DE793FA522BF.e.2698","ELEMENT":"f.F1E1A893882E28A71BFE42B112EBC3C6.d.6409996030934AEAA4C0DE793FA522BF.e.2698"}]}
RESULT: {"script":"<script> [8489 bytes]","args":[{"element-6066-11e4-a52e-4f735466cecf":"f.F1E1A893882E28A71BFE42B112EBC3C6.d.6409996030934AEAA4C0DE793FA522BF.e.2698","ELEMENT":"f.F1E1A893882E28A71BFE42B112EBC3C6.d.6409996030934AEAA4C0DE793FA522BF.e.2698"}]}
COMMAND: POST /session/041ece1bac594130e3a6c3bac6c9d85e/execute/async - {"script":"<script> [1562 bytes]","args":[{"selector":{"id":"application-manageyards-display-component---NewYard--addressNewCostObjectCstID-vhi"},"wdio_ui5_key":"applicationmanageyards-display-component---NewYard--addressNewCostObjectCstID-vhi"}]}
COMMAND: GET /session/041ece1bac594130e3a6c3bac6c9d85e/screenshot - {}
RESULT: {"script":"<script> [1562 bytes]","args":[{"selector":{"id":"application-manageyards-display-component---NewYard--addressNewCostObjectCstID-vhi"},"wdio_ui5_key":"applicationmanageyards-display-component---NewYard--addressNewCostObjectCstID-vhi"}]}
RESULT: undefined
COMMAND: POST /session/041ece1bac594130e3a6c3bac6c9d85e/element - {"using":"xpath","value":"//*[@id=\"application-manageyards-display-component---NewYard--addressNewCostObjectCstID-vhi\"]"}
RESULT: {}
RESULT: {"using":"xpath","value":"//*[@id=\"application-manageyards-display-component---NewYard--addressNewCostObjectCstID-vhi\"]"}
COMMAND: POST /session/041ece1bac594130e3a6c3bac6c9d85e/element/f.F1E1A893882E28A71BFE42B112EBC3C6.d.6409996030934AEAA4C0DE793FA522BF.e.2698/click - {}
RESULT: {}
COMMAND: GET /session/041ece1bac594130e3a6c3bac6c9d85e/screenshot - {}
RESULT: {}
COMMAND: POST /session/041ece1bac594130e3a6c3bac6c9d85e/execute/async - {"script":"<script> [1562 bytes]","args":[{"selector":{"controlType":"sap.m.SearchField","properties":{"placeholder":"Search"},"searchOpenDialogs":true,"interaction":{"idSuffix":"I"}},"wdio_ui5_key":"sapm.SearchField{\"placeholder\":\"Search\"}"}]}
RESULT: {"script":"<script> [1562 bytes]","args":[{"selector":{"controlType":"sap.m.SearchField","properties":{"placeholder":"Search"},"searchOpenDialogs":true,"interaction":{"idSuffix":"I"}},"wdio_ui5_key":"sapm.SearchField{\"placeholder\":\"Search\"}"}]}
RESULT: undefined
COMMAND: POST /session/041ece1bac594130e3a6c3bac6c9d85e/execute/async - {"script":"<script> [776 bytes]","args":[{"enterText":"bauh_b","selector":{"controlType":"sap.m.SearchField","properties":{"placeholder":"Search"},"searchOpenDialogs":true,"interaction":{"idSuffix":"I"}},"clearTextFirst":true,"interactionType":"ENTER_TEXT"}]}
RESULT: {"script":"<script> [776 bytes]","args":[{"enterText":"bauh_b","selector":{"controlType":"sap.m.SearchField","properties":{"placeholder":"Search"},"searchOpenDialogs":true,"interaction":{"idSuffix":"I"}},"clearTextFirst":true,"interactionType":"ENTER_TEXT"}]}
COMMAND: POST /session/041ece1bac594130e3a6c3bac6c9d85e/actions - {"actions":[{"id":"action1","type":"key","parameters":{},"actions":[{"type":"keyDown","value":"î€‡"},{"type":"pause","duration":10},{"type":"keyUp","value":"î€‡"}]}]}
RESULT: {"actions":[{"id":"action1","type":"key","parameters":{},"actions":[{"type":"keyDown","value":"î€‡"},{"type":"pause","duration":10},{"type":"keyUp","value":"î€‡"}]}]}
COMMAND: GET /session/041ece1bac594130e3a6c3bac6c9d85e/screenshot - {}
RESULT: {}
COMMAND: POST /session/041ece1bac594130e3a6c3bac6c9d85e/element - {"using":"xpath","value":"//span[contains(text(), \"Demo Yard\")]"}
RESULT: {"using":"xpath","value":"//span[contains(text(), \"Demo Yard\")]"}
COMMAND: POST /session/041ece1bac594130e3a6c3bac6c9d85e/element/f.F1E1A893882E28A71BFE42B112EBC3C6.d.6409996030934AEAA4C0DE793FA522BF.e.2739/click - {}
RESULT: {}
COMMAND: GET /session/041ece1bac594130e3a6c3bac6c9d85e/screenshot - {}
RESULT: {}
COMMAND: POST /session/041ece1bac594130e3a6c3bac6c9d85e/element - {"using":"xpath","value":"//bdi[contains(text(), \"OK\")]"}
RESULT: {"using":"xpath","value":"//bdi[contains(text(), \"OK\")]"}
COMMAND: POST /session/041ece1bac594130e3a6c3bac6c9d85e/element/f.F1E1A893882E28A71BFE42B112EBC3C6.d.6409996030934AEAA4C0DE793FA522BF.e.2740/click - {}
RESULT: {}
COMMAND: GET /session/041ece1bac594130e3a6c3bac6c9d85e/screenshot - {}
RESULT: {}
COMMAND: POST /session/041ece1bac594130e3a6c3bac6c9d85e/execute/async - {"script":"<script> [1562 bytes]","args":[{"selector":{"id":"application-manageyards-display-component---NewYard--addressEditDetailsCurrency-arrow"},"wdio_ui5_key":"applicationmanageyards-display-component---NewYard--addressEditDetailsCurrency-arrow"}]}
RESULT: {"script":"<script> [1562 bytes]","args":[{"selector":{"id":"application-manageyards-display-component---NewYard--addressEditDetailsCurrency-arrow"},"wdio_ui5_key":"applicationmanageyards-display-component---NewYard--addressEditDetailsCurrency-arrow"}]}
RESULT: undefined
COMMAND: POST /session/041ece1bac594130e3a6c3bac6c9d85e/element - {"using":"xpath","value":"//*[@id=\"application-manageyards-display-component---NewYard--addressEditDetailsCurrency-arrow\"]"}
RESULT: {"using":"xpath","value":"//*[@id=\"application-manageyards-display-component---NewYard--addressEditDetailsCurrency-arrow\"]"}
COMMAND: POST /session/041ece1bac594130e3a6c3bac6c9d85e/element/f.F1E1A893882E28A71BFE42B112EBC3C6.d.6409996030934AEAA4C0DE793FA522BF.e.2743/click - {}
RESULT: {}
COMMAND: POST /session/041ece1bac594130e3a6c3bac6c9d85e/element - {"using":"xpath","value":"//span[contains(text(), \"Euro\")]"}
COMMAND: GET /session/041ece1bac594130e3a6c3bac6c9d85e/screenshot - {}
RESULT: {"using":"xpath","value":"//span[contains(text(), \"Euro\")]"}
COMMAND: POST /session/041ece1bac594130e3a6c3bac6c9d85e/element/f.F1E1A893882E28A71BFE42B112EBC3C6.d.6409996030934AEAA4C0DE793FA522BF.e.2744/click - {}
RESULT: {}
RESULT: {}
COMMAND: POST /session/041ece1bac594130e3a6c3bac6c9d85e/execute/async - {"script":"<script> [1562 bytes]","args":[{"selector":{"controlType":"sap.m.Input","viewName":"etm.portal.ui.manageyards.view.New","viewId":"application-manageyards-display-component---NewYard","bindingPath":{"path":"","propertyPath":"/CONTROLLING_AREA","modelName":"NewYardModel"},"interaction":{"idSuffix":"inner"}},"wdio_ui5_key":"etmportal.ui.manageyards.view.Newsap.m.Input{\"path\":\"\",\"propertyPath\":\"/CONTROLLING_AREA\",\"modelName\":\"NewYardModel\"}"}]}
COMMAND: GET /session/041ece1bac594130e3a6c3bac6c9d85e/screenshot - {}
RESULT: {"script":"<script> [1562 bytes]","args":[{"selector":{"controlType":"sap.m.Input","viewName":"etm.portal.ui.manageyards.view.New","viewId":"application-manageyards-display-component---NewYard","bindingPath":{"path":"","propertyPath":"/CONTROLLING_AREA","modelName":"NewYardModel"},"interaction":{"idSuffix":"inner"}},"wdio_ui5_key":"etmportal.ui.manageyards.view.Newsap.m.Input{\"path\":\"\",\"propertyPath\":\"/CONTROLLING_AREA\",\"modelName\":\"NewYardModel\"}"}]}
RESULT: undefined
COMMAND: POST /session/041ece1bac594130e3a6c3bac6c9d85e/execute/async - {"script":"<script> [776 bytes]","args":[{"enterText":"Z001","selector":{"controlType":"sap.m.Input","viewName":"etm.portal.ui.manageyards.view.New","viewId":"application-manageyards-display-component---NewYard","bindingPath":{"path":"","propertyPath":"/CONTROLLING_AREA","modelName":"NewYardModel"},"interaction":{"idSuffix":"inner"}},"clearTextFirst":true,"interactionType":"ENTER_TEXT"}]}
RESULT: {}
RESULT: {"script":"<script> [776 bytes]","args":[{"enterText":"Z001","selector":{"controlType":"sap.m.Input","viewName":"etm.portal.ui.manageyards.view.New","viewId":"application-manageyards-display-component---NewYard","bindingPath":{"path":"","propertyPath":"/CONTROLLING_AREA","modelName":"NewYardModel"},"interaction":{"idSuffix":"inner"}},"clearTextFirst":true,"interactionType":"ENTER_TEXT"}]}
COMMAND: POST /session/041ece1bac594130e3a6c3bac6c9d85e/execute/async - {"script":"<script> [1562 bytes]","args":[{"selector":{"id":"application-manageyards-display-component---NewYard--companyCodeComboBox","interaction":{"idSuffix":"inner"}},"wdio_ui5_key":"applicationmanageyards-display-component---NewYard--companyCodeComboBox"}]}
RESULT: {"script":"<script> [1562 bytes]","args":[{"selector":{"id":"application-manageyards-display-component---NewYard--companyCodeComboBox","interaction":{"idSuffix":"inner"}},"wdio_ui5_key":"applicationmanageyards-display-component---NewYard--companyCodeComboBox"}]}
RESULT: undefined
COMMAND: POST /session/041ece1bac594130e3a6c3bac6c9d85e/execute/async - {"script":"<script> [776 bytes]","args":[{"enterText":"1000","selector":{"id":"application-manageyards-display-component---NewYard--companyCodeComboBox","interaction":{"idSuffix":"inner"}},"clearTextFirst":true,"interactionType":"ENTER_TEXT"}]}
RESULT: {"script":"<script> [776 bytes]","args":[{"enterText":"1000","selector":{"id":"application-manageyards-display-component---NewYard--companyCodeComboBox","interaction":{"idSuffix":"inner"}},"clearTextFirst":true,"interactionType":"ENTER_TEXT"}]}
COMMAND: POST /session/041ece1bac594130e3a6c3bac6c9d85e/execute/async - {"script":"<script> [1562 bytes]","args":[{"selector":{"controlType":"sap.m.Input","viewName":"etm.portal.ui.manageyards.view.New","viewId":"application-manageyards-display-component---NewYard","bindingPath":{"path":"","propertyPath":"/PLANT","modelName":"NewYardModel"},"interaction":{"idSuffix":"inner"}},"wdio_ui5_key":"etmportal.ui.manageyards.view.Newsap.m.Input{\"path\":\"\",\"propertyPath\":\"/PLANT\",\"modelName\":\"NewYardModel\"}"}]}
RESULT: {"script":"<script> [1562 bytes]","args":[{"selector":{"controlType":"sap.m.Input","viewName":"etm.portal.ui.manageyards.view.New","viewId":"application-manageyards-display-component---NewYard","bindingPath":{"path":"","propertyPath":"/PLANT","modelName":"NewYardModel"},"interaction":{"idSuffix":"inner"}},"wdio_ui5_key":"etmportal.ui.manageyards.view.Newsap.m.Input{\"path\":\"\",\"propertyPath\":\"/PLANT\",\"modelName\":\"NewYardModel\"}"}]}
RESULT: undefined
COMMAND: POST /session/041ece1bac594130e3a6c3bac6c9d85e/execute/async - {"script":"<script> [776 bytes]","args":[{"enterText":"1001","selector":{"controlType":"sap.m.Input","viewName":"etm.portal.ui.manageyards.view.New","viewId":"application-manageyards-display-component---NewYard","bindingPath":{"path":"","propertyPath":"/PLANT","modelName":"NewYardModel"},"interaction":{"idSuffix":"inner"}},"clearTextFirst":true,"interactionType":"ENTER_TEXT"}]}
RESULT: {"script":"<script> [776 bytes]","args":[{"enterText":"1001","selector":{"controlType":"sap.m.Input","viewName":"etm.portal.ui.manageyards.view.New","viewId":"application-manageyards-display-component---NewYard","bindingPath":{"path":"","propertyPath":"/PLANT","modelName":"NewYardModel"},"interaction":{"idSuffix":"inner"}},"clearTextFirst":true,"interactionType":"ENTER_TEXT"}]}
COMMAND: POST /session/041ece1bac594130e3a6c3bac6c9d85e/execute/async - {"script":"<script> [1562 bytes]","args":[{"selector":{"controlType":"sap.m.Input","viewName":"etm.portal.ui.manageyards.view.New","viewId":"application-manageyards-display-component---NewYard","bindingPath":{"path":"","propertyPath":"/SALES_AREA_VKORG","modelName":"NewYardModel"},"interaction":{"idSuffix":"inner"}},"wdio_ui5_key":"etmportal.ui.manageyards.view.Newsap.m.Input{\"path\":\"\",\"propertyPath\":\"/SALES_AREA_VKORG\",\"modelName\":\"NewYardModel\"}"}]}
RESULT: {"script":"<script> [1562 bytes]","args":[{"selector":{"controlType":"sap.m.Input","viewName":"etm.portal.ui.manageyards.view.New","viewId":"application-manageyards-display-component---NewYard","bindingPath":{"path":"","propertyPath":"/SALES_AREA_VKORG","modelName":"NewYardModel"},"interaction":{"idSuffix":"inner"}},"wdio_ui5_key":"etmportal.ui.manageyards.view.Newsap.m.Input{\"path\":\"\",\"propertyPath\":\"/SALES_AREA_VKORG\",\"modelName\":\"NewYardModel\"}"}]}
RESULT: undefined
COMMAND: POST /session/041ece1bac594130e3a6c3bac6c9d85e/execute/async - {"script":"<script> [776 bytes]","args":[{"enterText":"C002","selector":{"controlType":"sap.m.Input","viewName":"etm.portal.ui.manageyards.view.New","viewId":"application-manageyards-display-component---NewYard","bindingPath":{"path":"","propertyPath":"/SALES_AREA_VKORG","modelName":"NewYardModel"},"interaction":{"idSuffix":"inner"}},"clearTextFirst":true,"interactionType":"ENTER_TEXT"}]}
RESULT: {"script":"<script> [776 bytes]","args":[{"enterText":"C002","selector":{"controlType":"sap.m.Input","viewName":"etm.portal.ui.manageyards.view.New","viewId":"application-manageyards-display-component---NewYard","bindingPath":{"path":"","propertyPath":"/SALES_AREA_VKORG","modelName":"NewYardModel"},"interaction":{"idSuffix":"inner"}},"clearTextFirst":true,"interactionType":"ENTER_TEXT"}]}
COMMAND: POST /session/041ece1bac594130e3a6c3bac6c9d85e/execute/async - {"script":"<script> [1562 bytes]","args":[{"selector":{"controlType":"sap.m.Input","viewName":"etm.portal.ui.manageyards.view.New","viewId":"application-manageyards-display-component---NewYard","bindingPath":{"path":"","propertyPath":"/SALES_AREA_VTWEG","modelName":"NewYardModel"},"interaction":{"idSuffix":"inner"}},"wdio_ui5_key":"etmportal.ui.manageyards.view.Newsap.m.Input{\"path\":\"\",\"propertyPath\":\"/SALES_AREA_VTWEG\",\"modelName\":\"NewYardModel\"}"}]}
RESULT: {"script":"<script> [1562 bytes]","args":[{"selector":{"controlType":"sap.m.Input","viewName":"etm.portal.ui.manageyards.view.New","viewId":"application-manageyards-display-component---NewYard","bindingPath":{"path":"","propertyPath":"/SALES_AREA_VTWEG","modelName":"NewYardModel"},"interaction":{"idSuffix":"inner"}},"wdio_ui5_key":"etmportal.ui.manageyards.view.Newsap.m.Input{\"path\":\"\",\"propertyPath\":\"/SALES_AREA_VTWEG\",\"modelName\":\"NewYardModel\"}"}]}
RESULT: undefined
COMMAND: POST /session/041ece1bac594130e3a6c3bac6c9d85e/execute/async - {"script":"<script> [776 bytes]","args":[{"enterText":"C2","selector":{"controlType":"sap.m.Input","viewName":"etm.portal.ui.manageyards.view.New","viewId":"application-manageyards-display-component---NewYard","bindingPath":{"path":"","propertyPath":"/SALES_AREA_VTWEG","modelName":"NewYardModel"},"interaction":{"idSuffix":"inner"}},"clearTextFirst":true,"interactionType":"ENTER_TEXT"}]}
RESULT: {"script":"<script> [776 bytes]","args":[{"enterText":"C2","selector":{"controlType":"sap.m.Input","viewName":"etm.portal.ui.manageyards.view.New","viewId":"application-manageyards-display-component---NewYard","bindingPath":{"path":"","propertyPath":"/SALES_AREA_VTWEG","modelName":"NewYardModel"},"interaction":{"idSuffix":"inner"}},"clearTextFirst":true,"interactionType":"ENTER_TEXT"}]}
COMMAND: POST /session/041ece1bac594130e3a6c3bac6c9d85e/execute/async - {"script":"<script> [1562 bytes]","args":[{"selector":{"controlType":"sap.m.Input","viewName":"etm.portal.ui.manageyards.view.New","viewId":"application-manageyards-display-component---NewYard","bindingPath":{"path":"","propertyPath":"/SALES_AREA_SPART","modelName":"NewYardModel"},"interaction":{"idSuffix":"inner"}},"wdio_ui5_key":"etmportal.ui.manageyards.view.Newsap.m.Input{\"path\":\"\",\"propertyPath\":\"/SALES_AREA_SPART\",\"modelName\":\"NewYardModel\"}"}]}
RESULT: {"script":"<script> [1562 bytes]","args":[{"selector":{"controlType":"sap.m.Input","viewName":"etm.portal.ui.manageyards.view.New","viewId":"application-manageyards-display-component---NewYard","bindingPath":{"path":"","propertyPath":"/SALES_AREA_SPART","modelName":"NewYardModel"},"interaction":{"idSuffix":"inner"}},"wdio_ui5_key":"etmportal.ui.manageyards.view.Newsap.m.Input{\"path\":\"\",\"propertyPath\":\"/SALES_AREA_SPART\",\"modelName\":\"NewYardModel\"}"}]}
RESULT: undefined
COMMAND: POST /session/041ece1bac594130e3a6c3bac6c9d85e/execute/async - {"script":"<script> [776 bytes]","args":[{"enterText":"C2","selector":{"controlType":"sap.m.Input","viewName":"etm.portal.ui.manageyards.view.New","viewId":"application-manageyards-display-component---NewYard","bindingPath":{"path":"","propertyPath":"/SALES_AREA_SPART","modelName":"NewYardModel"},"interaction":{"idSuffix":"inner"}},"clearTextFirst":true,"interactionType":"ENTER_TEXT"}]}
RESULT: {"script":"<script> [776 bytes]","args":[{"enterText":"C2","selector":{"controlType":"sap.m.Input","viewName":"etm.portal.ui.manageyards.view.New","viewId":"application-manageyards-display-component---NewYard","bindingPath":{"path":"","propertyPath":"/SALES_AREA_SPART","modelName":"NewYardModel"},"interaction":{"idSuffix":"inner"}},"clearTextFirst":true,"interactionType":"ENTER_TEXT"}]}
COMMAND: POST /session/041ece1bac594130e3a6c3bac6c9d85e/execute/async - {"script":"<script> [1562 bytes]","args":[{"selector":{"controlType":"sap.m.Input","viewName":"etm.portal.ui.manageyards.view.New","viewId":"application-manageyards-display-component---NewYard","bindingPath":{"path":"","propertyPath":"/SHIP_POINT","modelName":"NewYardModel"},"interaction":{"idSuffix":"inner"}},"wdio_ui5_key":"etmportal.ui.manageyards.view.Newsap.m.Input{\"path\":\"\",\"propertyPath\":\"/SHIP_POINT\",\"modelName\":\"NewYardModel\"}"}]}
RESULT: {"script":"<script> [1562 bytes]","args":[{"selector":{"controlType":"sap.m.Input","viewName":"etm.portal.ui.manageyards.view.New","viewId":"application-manageyards-display-component---NewYard","bindingPath":{"path":"","propertyPath":"/SHIP_POINT","modelName":"NewYardModel"},"interaction":{"idSuffix":"inner"}},"wdio_ui5_key":"etmportal.ui.manageyards.view.Newsap.m.Input{\"path\":\"\",\"propertyPath\":\"/SHIP_POINT\",\"modelName\":\"NewYardModel\"}"}]}
RESULT: undefined
COMMAND: POST /session/041ece1bac594130e3a6c3bac6c9d85e/execute/async - {"script":"<script> [776 bytes]","args":[{"enterText":"1710","selector":{"controlType":"sap.m.Input","viewName":"etm.portal.ui.manageyards.view.New","viewId":"application-manageyards-display-component---NewYard","bindingPath":{"path":"","propertyPath":"/SHIP_POINT","modelName":"NewYardModel"},"interaction":{"idSuffix":"inner"}},"clearTextFirst":true,"interactionType":"ENTER_TEXT"}]}
RESULT: {"script":"<script> [776 bytes]","args":[{"enterText":"1710","selector":{"controlType":"sap.m.Input","viewName":"etm.portal.ui.manageyards.view.New","viewId":"application-manageyards-display-component---NewYard","bindingPath":{"path":"","propertyPath":"/SHIP_POINT","modelName":"NewYardModel"},"interaction":{"idSuffix":"inner"}},"clearTextFirst":true,"interactionType":"ENTER_TEXT"}]}
COMMAND: POST /session/041ece1bac594130e3a6c3bac6c9d85e/execute/async - {"script":"<script> [1562 bytes]","args":[{"selector":{"controlType":"sap.m.Input","viewName":"etm.portal.ui.manageyards.view.New","viewId":"application-manageyards-display-component---NewYard","bindingPath":{"path":"","propertyPath":"/DELIVERY_TYPE","modelName":"NewYardModel"},"interaction":{"idSuffix":"inner"}},"wdio_ui5_key":"etmportal.ui.manageyards.view.Newsap.m.Input{\"path\":\"\",\"propertyPath\":\"/DELIVERY_TYPE\",\"modelName\":\"NewYardModel\"}"}]}
RESULT: {"script":"<script> [1562 bytes]","args":[{"selector":{"controlType":"sap.m.Input","viewName":"etm.portal.ui.manageyards.view.New","viewId":"application-manageyards-display-component---NewYard","bindingPath":{"path":"","propertyPath":"/DELIVERY_TYPE","modelName":"NewYardModel"},"interaction":{"idSuffix":"inner"}},"wdio_ui5_key":"etmportal.ui.manageyards.view.Newsap.m.Input{\"path\":\"\",\"propertyPath\":\"/DELIVERY_TYPE\",\"modelName\":\"NewYardModel\"}"}]}
RESULT: undefined
COMMAND: POST /session/041ece1bac594130e3a6c3bac6c9d85e/execute/async - {"script":"<script> [776 bytes]","args":[{"enterText":"ZL01","selector":{"controlType":"sap.m.Input","viewName":"etm.portal.ui.manageyards.view.New","viewId":"application-manageyards-display-component---NewYard","bindingPath":{"path":"","propertyPath":"/DELIVERY_TYPE","modelName":"NewYardModel"},"interaction":{"idSuffix":"inner"}},"clearTextFirst":true,"interactionType":"ENTER_TEXT"}]}
RESULT: {"script":"<script> [776 bytes]","args":[{"enterText":"ZL01","selector":{"controlType":"sap.m.Input","viewName":"etm.portal.ui.manageyards.view.New","viewId":"application-manageyards-display-component---NewYard","bindingPath":{"path":"","propertyPath":"/DELIVERY_TYPE","modelName":"NewYardModel"},"interaction":{"idSuffix":"inner"}},"clearTextFirst":true,"interactionType":"ENTER_TEXT"}]}
COMMAND: POST /session/041ece1bac594130e3a6c3bac6c9d85e/execute/async - {"script":"<script> [1562 bytes]","args":[{"selector":{"controlType":"sap.m.Input","viewName":"etm.portal.ui.manageyards.view.New","viewId":"application-manageyards-display-component---NewYard","bindingPath":{"path":"","propertyPath":"/AUART","modelName":"NewYardModel"},"interaction":{"idSuffix":"inner"}},"wdio_ui5_key":"etmportal.ui.manageyards.view.Newsap.m.Input{\"path\":\"\",\"propertyPath\":\"/AUART\",\"modelName\":\"NewYardModel\"}"}]}
RESULT: {"script":"<script> [1562 bytes]","args":[{"selector":{"controlType":"sap.m.Input","viewName":"etm.portal.ui.manageyards.view.New","viewId":"application-manageyards-display-component---NewYard","bindingPath":{"path":"","propertyPath":"/AUART","modelName":"NewYardModel"},"interaction":{"idSuffix":"inner"}},"wdio_ui5_key":"etmportal.ui.manageyards.view.Newsap.m.Input{\"path\":\"\",\"propertyPath\":\"/AUART\",\"modelName\":\"NewYardModel\"}"}]}
RESULT: undefined
COMMAND: POST /session/041ece1bac594130e3a6c3bac6c9d85e/execute/async - {"script":"<script> [776 bytes]","args":[{"enterText":"TA","selector":{"controlType":"sap.m.Input","viewName":"etm.portal.ui.manageyards.view.New","viewId":"application-manageyards-display-component---NewYard","bindingPath":{"path":"","propertyPath":"/AUART","modelName":"NewYardModel"},"interaction":{"idSuffix":"inner"}},"clearTextFirst":true,"interactionType":"ENTER_TEXT"}]}
RESULT: {"script":"<script> [776 bytes]","args":[{"enterText":"TA","selector":{"controlType":"sap.m.Input","viewName":"etm.portal.ui.manageyards.view.New","viewId":"application-manageyards-display-component---NewYard","bindingPath":{"path":"","propertyPath":"/AUART","modelName":"NewYardModel"},"interaction":{"idSuffix":"inner"}},"clearTextFirst":true,"interactionType":"ENTER_TEXT"}]}
COMMAND: POST /session/041ece1bac594130e3a6c3bac6c9d85e/element - {"using":"xpath","value":"//button[@data-kt=\"newYardSaveButton\"]"}
RESULT: {"using":"xpath","value":"//button[@data-kt=\"newYardSaveButton\"]"}
COMMAND: POST /session/041ece1bac594130e3a6c3bac6c9d85e/element/f.F1E1A893882E28A71BFE42B112EBC3C6.d.6409996030934AEAA4C0DE793FA522BF.e.2672/click - {}
RESULT: {}
COMMAND: GET /session/041ece1bac594130e3a6c3bac6c9d85e/screenshot - {}
RESULT: {}
COMMAND: POST /session/041ece1bac594130e3a6c3bac6c9d85e/element - {"using":"xpath","value":"//header[contains(@id, 'ObjectPageLayout-headerTitle')]/div[1]/div[2]/div[1]/span[1]"}
RESULT: {"using":"xpath","value":"//header[contains(@id, 'ObjectPageLayout-headerTitle')]/div[1]/div[2]/div[1]/span[1]"}
COMMAND: POST /session/041ece1bac594130e3a6c3bac6c9d85e/elements - {"using":"xpath","value":"//header[contains(@id, 'ObjectPageLayout-headerTitle')]/div[1]/div[2]/div[1]/span[1]"}
RESULT: {"using":"xpath","value":"//header[contains(@id, 'ObjectPageLayout-headerTitle')]/div[1]/div[2]/div[1]/span[1]"}
COMMAND: POST /session/041ece1bac594130e3a6c3bac6c9d85e/execute/sync - {"script":"<script> [56 bytes]","args":[{"element-6066-11e4-a52e-4f735466cecf":"f.F1E1A893882E28A71BFE42B112EBC3C6.d.6409996030934AEAA4C0DE793FA522BF.e.2965","ELEMENT":"f.F1E1A893882E28A71BFE42B112EBC3C6.d.6409996030934AEAA4C0DE793FA522BF.e.2965"}]}
RESULT: {"script":"<script> [56 bytes]","args":[{"element-6066-11e4-a52e-4f735466cecf":"f.F1E1A893882E28A71BFE42B112EBC3C6.d.6409996030934AEAA4C0DE793FA522BF.e.2965","ELEMENT":"f.F1E1A893882E28A71BFE42B112EBC3C6.d.6409996030934AEAA4C0DE793FA522BF.e.2965"}]}
COMMAND: GET /session/041ece1bac594130e3a6c3bac6c9d85e/screenshot - {}
RESULT: {}
COMMAND: POST /session/041ece1bac594130e3a6c3bac6c9d85e/element - {"using":"css selector","value":"#shell-header-logo"}
RESULT: {"using":"css selector","value":"#shell-header-logo"}
COMMAND: POST /session/041ece1bac594130e3a6c3bac6c9d85e/element/f.F1E1A893882E28A71BFE42B112EBC3C6.d.6409996030934AEAA4C0DE793FA522BF.e.2227/click - {}
RESULT: {}
COMMAND: GET /session/041ece1bac594130e3a6c3bac6c9d85e/screenshot - {}
RESULT: {}
COMMAND: POST /session/041ece1bac594130e3a6c3bac6c9d85e/execute/sync - {"script":"<script> [299 bytes]","args":[["getModel","getResource"]]}
RESULT: {"script":"<script> [299 bytes]","args":[["getModel","getResource"]]}
]]></system-out>
    </testcase>
    <testcase classname="chrome.137_0_7151_56.windows.Billing_Transfer_-_Master_data_&amp;_Intercompany_US127250" name="Should create a new partner" time="147.674">
      <system-out><![CDATA[
COMMAND: GET /session/041ece1bac594130e3a6c3bac6c9d85e/screenshot - {}
COMMAND: POST /session/041ece1bac594130e3a6c3bac6c9d85e/window/fullscreen - {}
RESULT: {}
RESULT: {}
COMMAND: POST /session/041ece1bac594130e3a6c3bac6c9d85e/execute/async - {"script":"<script> [1562 bytes]","args":[{"selector":{"controlType":"sap.m.GenericTile","properties":{"header":"Manage Partners"}},"wdio_ui5_key":"sapm.GenericTile{\"header\":\"Manage Partners\"}"}]}
RESULT: {"script":"<script> [1562 bytes]","args":[{"selector":{"controlType":"sap.m.GenericTile","properties":{"header":"Manage Partners"}},"wdio_ui5_key":"sapm.GenericTile{\"header\":\"Manage Partners\"}"}]}
RESULT: undefined
COMMAND: POST /session/041ece1bac594130e3a6c3bac6c9d85e/element - {"using":"xpath","value":"//*[@id=\"__tile38\"]"}
RESULT: {"using":"xpath","value":"//*[@id=\"__tile38\"]"}
COMMAND: POST /session/041ece1bac594130e3a6c3bac6c9d85e/element/f.F1E1A893882E28A71BFE42B112EBC3C6.d.6409996030934AEAA4C0DE793FA522BF.e.2111/click - {}
RESULT: {}
COMMAND: GET /session/041ece1bac594130e3a6c3bac6c9d85e/screenshot - {}
RESULT: {}
COMMAND: POST /session/041ece1bac594130e3a6c3bac6c9d85e/elements - {"using":"xpath","value":"//span[text()='Error']"}
RESULT: {"using":"xpath","value":"//span[text()='Error']"}
COMMAND: POST /session/041ece1bac594130e3a6c3bac6c9d85e/element - {"using":"xpath","value":"//button[@data-kt=\"addButton\"]"}
RESULT: {"using":"xpath","value":"//button[@data-kt=\"addButton\"]"}
COMMAND: POST /session/041ece1bac594130e3a6c3bac6c9d85e/elements - {"using":"xpath","value":"//button[@data-kt=\"addButton\"]"}
RESULT: {"using":"xpath","value":"//button[@data-kt=\"addButton\"]"}
COMMAND: POST /session/041ece1bac594130e3a6c3bac6c9d85e/elements - {"using":"xpath","value":"//button[@data-kt=\"addButton\"]"}
RESULT: {"using":"xpath","value":"//button[@data-kt=\"addButton\"]"}
COMMAND: POST /session/041ece1bac594130e3a6c3bac6c9d85e/element - {"using":"xpath","value":"//button[@data-kt=\"addButton\"]"}
RESULT: {"using":"xpath","value":"//button[@data-kt=\"addButton\"]"}
COMMAND: POST /session/041ece1bac594130e3a6c3bac6c9d85e/execute/sync - {"script":"<script> [8489 bytes]","args":[{"element-6066-11e4-a52e-4f735466cecf":"f.F1E1A893882E28A71BFE42B112EBC3C6.d.6409996030934AEAA4C0DE793FA522BF.e.3014","ELEMENT":"f.F1E1A893882E28A71BFE42B112EBC3C6.d.6409996030934AEAA4C0DE793FA522BF.e.3014"}]}
RESULT: {"script":"<script> [8489 bytes]","args":[{"element-6066-11e4-a52e-4f735466cecf":"f.F1E1A893882E28A71BFE42B112EBC3C6.d.6409996030934AEAA4C0DE793FA522BF.e.3014","ELEMENT":"f.F1E1A893882E28A71BFE42B112EBC3C6.d.6409996030934AEAA4C0DE793FA522BF.e.3014"}]}
COMMAND: GET /session/041ece1bac594130e3a6c3bac6c9d85e/element/f.F1E1A893882E28A71BFE42B112EBC3C6.d.6409996030934AEAA4C0DE793FA522BF.e.3014/enabled - {}
COMMAND: GET /session/041ece1bac594130e3a6c3bac6c9d85e/screenshot - {}
RESULT: {}
COMMAND: POST /session/041ece1bac594130e3a6c3bac6c9d85e/execute/sync - {"script":"<script> [8489 bytes]","args":[{"element-6066-11e4-a52e-4f735466cecf":"f.F1E1A893882E28A71BFE42B112EBC3C6.d.6409996030934AEAA4C0DE793FA522BF.e.3014","ELEMENT":"f.F1E1A893882E28A71BFE42B112EBC3C6.d.6409996030934AEAA4C0DE793FA522BF.e.3014"}]}
COMMAND: GET /session/041ece1bac594130e3a6c3bac6c9d85e/screenshot - {}
RESULT: {}
RESULT: {"script":"<script> [8489 bytes]","args":[{"element-6066-11e4-a52e-4f735466cecf":"f.F1E1A893882E28A71BFE42B112EBC3C6.d.6409996030934AEAA4C0DE793FA522BF.e.3014","ELEMENT":"f.F1E1A893882E28A71BFE42B112EBC3C6.d.6409996030934AEAA4C0DE793FA522BF.e.3014"}]}
COMMAND: POST /session/041ece1bac594130e3a6c3bac6c9d85e/execute/sync - {"script":"<script> [5351 bytes]","args":[{"element-6066-11e4-a52e-4f735466cecf":"f.F1E1A893882E28A71BFE42B112EBC3C6.d.6409996030934AEAA4C0DE793FA522BF.e.3014","ELEMENT":"f.F1E1A893882E28A71BFE42B112EBC3C6.d.6409996030934AEAA4C0DE793FA522BF.e.3014"}]}
COMMAND: GET /session/041ece1bac594130e3a6c3bac6c9d85e/screenshot - {}
RESULT: {}
RESULT: {"script":"<script> [5351 bytes]","args":[{"element-6066-11e4-a52e-4f735466cecf":"f.F1E1A893882E28A71BFE42B112EBC3C6.d.6409996030934AEAA4C0DE793FA522BF.e.3014","ELEMENT":"f.F1E1A893882E28A71BFE42B112EBC3C6.d.6409996030934AEAA4C0DE793FA522BF.e.3014"}]}
COMMAND: POST /session/041ece1bac594130e3a6c3bac6c9d85e/element/f.F1E1A893882E28A71BFE42B112EBC3C6.d.6409996030934AEAA4C0DE793FA522BF.e.3014/click - {}
COMMAND: GET /session/041ece1bac594130e3a6c3bac6c9d85e/screenshot - {}
RESULT: {}
RESULT: {}
COMMAND: GET /session/041ece1bac594130e3a6c3bac6c9d85e/screenshot - {}
COMMAND: POST /session/041ece1bac594130e3a6c3bac6c9d85e/execute/async - {"script":"<script> [1562 bytes]","args":[{"selector":{"id":"application-managepartners-display-component---NewPartner--addressDetailDetailsName1","interaction":{"idSuffix":"inner"}},"wdio_ui5_key":"applicationmanagepartners-display-component---NewPartner--addressDetailDetailsName1"}]}
RESULT: {}
RESULT: {}
RESULT: {"script":"<script> [1562 bytes]","args":[{"selector":{"id":"application-managepartners-display-component---NewPartner--addressDetailDetailsName1","interaction":{"idSuffix":"inner"}},"wdio_ui5_key":"applicationmanagepartners-display-component---NewPartner--addressDetailDetailsName1"}]}
RESULT: undefined
COMMAND: POST /session/041ece1bac594130e3a6c3bac6c9d85e/execute/async - {"script":"<script> [776 bytes]","args":[{"enterText":"Intercompany Partner WDIO","selector":{"id":"application-managepartners-display-component---NewPartner--addressDetailDetailsName1","interaction":{"idSuffix":"inner"}},"clearTextFirst":true,"interactionType":"ENTER_TEXT"}]}
RESULT: {"script":"<script> [776 bytes]","args":[{"enterText":"Intercompany Partner WDIO","selector":{"id":"application-managepartners-display-component---NewPartner--addressDetailDetailsName1","interaction":{"idSuffix":"inner"}},"clearTextFirst":true,"interactionType":"ENTER_TEXT"}]}
COMMAND: POST /session/041ece1bac594130e3a6c3bac6c9d85e/execute/async - {"script":"<script> [1562 bytes]","args":[{"selector":{"id":"application-managepartners-display-component---NewPartner--addressDetailDetailsLanguage-arrow"},"wdio_ui5_key":"applicationmanagepartners-display-component---NewPartner--addressDetailDetailsLanguage-arrow"}]}
RESULT: {"script":"<script> [1562 bytes]","args":[{"selector":{"id":"application-managepartners-display-component---NewPartner--addressDetailDetailsLanguage-arrow"},"wdio_ui5_key":"applicationmanagepartners-display-component---NewPartner--addressDetailDetailsLanguage-arrow"}]}
RESULT: undefined
COMMAND: POST /session/041ece1bac594130e3a6c3bac6c9d85e/element - {"using":"xpath","value":"//*[@id=\"application-managepartners-display-component---NewPartner--addressDetailDetailsLanguage-arrow\"]"}
RESULT: {"using":"xpath","value":"//*[@id=\"application-managepartners-display-component---NewPartner--addressDetailDetailsLanguage-arrow\"]"}
COMMAND: POST /session/041ece1bac594130e3a6c3bac6c9d85e/element/f.F1E1A893882E28A71BFE42B112EBC3C6.d.6409996030934AEAA4C0DE793FA522BF.e.3451/click - {}
RESULT: {}
COMMAND: POST /session/041ece1bac594130e3a6c3bac6c9d85e/element - {"using":"xpath","value":"//span[contains(text(), \"English\")]"}
COMMAND: GET /session/041ece1bac594130e3a6c3bac6c9d85e/screenshot - {}
RESULT: {"using":"xpath","value":"//span[contains(text(), \"English\")]"}
COMMAND: POST /session/041ece1bac594130e3a6c3bac6c9d85e/element/f.F1E1A893882E28A71BFE42B112EBC3C6.d.6409996030934AEAA4C0DE793FA522BF.e.3452/click - {}
RESULT: {}
RESULT: {}
COMMAND: GET /session/041ece1bac594130e3a6c3bac6c9d85e/screenshot - {}
RESULT: {}
COMMAND: POST /session/041ece1bac594130e3a6c3bac6c9d85e/execute/async - {"script":"<script> [1562 bytes]","args":[{"selector":{"id":"application-managepartners-display-component---NewPartner--addressDetailDetailsCity1","interaction":{"idSuffix":"inner"}},"wdio_ui5_key":"applicationmanagepartners-display-component---NewPartner--addressDetailDetailsCity1"}]}
RESULT: {"script":"<script> [1562 bytes]","args":[{"selector":{"id":"application-managepartners-display-component---NewPartner--addressDetailDetailsCity1","interaction":{"idSuffix":"inner"}},"wdio_ui5_key":"applicationmanagepartners-display-component---NewPartner--addressDetailDetailsCity1"}]}
RESULT: undefined
COMMAND: POST /session/041ece1bac594130e3a6c3bac6c9d85e/execute/async - {"script":"<script> [776 bytes]","args":[{"enterText":"Rosario","selector":{"id":"application-managepartners-display-component---NewPartner--addressDetailDetailsCity1","interaction":{"idSuffix":"inner"}},"clearTextFirst":true,"interactionType":"ENTER_TEXT"}]}
RESULT: {"script":"<script> [776 bytes]","args":[{"enterText":"Rosario","selector":{"id":"application-managepartners-display-component---NewPartner--addressDetailDetailsCity1","interaction":{"idSuffix":"inner"}},"clearTextFirst":true,"interactionType":"ENTER_TEXT"}]}
COMMAND: POST /session/041ece1bac594130e3a6c3bac6c9d85e/execute/async - {"script":"<script> [1562 bytes]","args":[{"selector":{"id":"application-managepartners-display-component---NewPartner--addressDetailDetailsCountry-arrow"},"wdio_ui5_key":"applicationmanagepartners-display-component---NewPartner--addressDetailDetailsCountry-arrow"}]}
RESULT: {"script":"<script> [1562 bytes]","args":[{"selector":{"id":"application-managepartners-display-component---NewPartner--addressDetailDetailsCountry-arrow"},"wdio_ui5_key":"applicationmanagepartners-display-component---NewPartner--addressDetailDetailsCountry-arrow"}]}
RESULT: undefined
COMMAND: POST /session/041ece1bac594130e3a6c3bac6c9d85e/element - {"using":"xpath","value":"//*[@id=\"application-managepartners-display-component---NewPartner--addressDetailDetailsCountry-arrow\"]"}
RESULT: {"using":"xpath","value":"//*[@id=\"application-managepartners-display-component---NewPartner--addressDetailDetailsCountry-arrow\"]"}
COMMAND: POST /session/041ece1bac594130e3a6c3bac6c9d85e/element/f.F1E1A893882E28A71BFE42B112EBC3C6.d.6409996030934AEAA4C0DE793FA522BF.e.3405/click - {}
RESULT: {}
COMMAND: POST /session/041ece1bac594130e3a6c3bac6c9d85e/element - {"using":"xpath","value":"//span[contains(text(), \"Argentina\")]"}
COMMAND: GET /session/041ece1bac594130e3a6c3bac6c9d85e/screenshot - {}
RESULT: {"using":"xpath","value":"//span[contains(text(), \"Argentina\")]"}
COMMAND: POST /session/041ece1bac594130e3a6c3bac6c9d85e/element/f.F1E1A893882E28A71BFE42B112EBC3C6.d.6409996030934AEAA4C0DE793FA522BF.e.3454/click - {}
RESULT: {}
RESULT: {}
COMMAND: GET /session/041ece1bac594130e3a6c3bac6c9d85e/screenshot - {}
RESULT: {}
COMMAND: POST /session/041ece1bac594130e3a6c3bac6c9d85e/element - {"using":"xpath","value":"//bdi[contains(text(), \"Commercial\")]"}
RESULT: {"using":"xpath","value":"//bdi[contains(text(), \"Commercial\")]"}
COMMAND: POST /session/041ece1bac594130e3a6c3bac6c9d85e/element/f.F1E1A893882E28A71BFE42B112EBC3C6.d.6409996030934AEAA4C0DE793FA522BF.e.3455/click - {}
RESULT: {}
COMMAND: GET /session/041ece1bac594130e3a6c3bac6c9d85e/screenshot - {}
RESULT: {}
COMMAND: POST /session/041ece1bac594130e3a6c3bac6c9d85e/execute/async - {"script":"<script> [1562 bytes]","args":[{"selector":{"id":"application-managepartners-display-component---NewPartner--partnerDetailInternal-arrow"},"wdio_ui5_key":"applicationmanagepartners-display-component---NewPartner--partnerDetailInternal-arrow"}]}
RESULT: {"script":"<script> [1562 bytes]","args":[{"selector":{"id":"application-managepartners-display-component---NewPartner--partnerDetailInternal-arrow"},"wdio_ui5_key":"applicationmanagepartners-display-component---NewPartner--partnerDetailInternal-arrow"}]}
RESULT: undefined
COMMAND: POST /session/041ece1bac594130e3a6c3bac6c9d85e/element - {"using":"xpath","value":"//*[@id=\"application-managepartners-display-component---NewPartner--partnerDetailInternal-arrow\"]"}
RESULT: {"using":"xpath","value":"//*[@id=\"application-managepartners-display-component---NewPartner--partnerDetailInternal-arrow\"]"}
COMMAND: POST /session/041ece1bac594130e3a6c3bac6c9d85e/element/f.F1E1A893882E28A71BFE42B112EBC3C6.d.6409996030934AEAA4C0DE793FA522BF.e.3461/click - {}
RESULT: {}
COMMAND: POST /session/041ece1bac594130e3a6c3bac6c9d85e/element - {"using":"xpath","value":"//span[contains(text(), \"Affiliated company\")]"}
COMMAND: GET /session/041ece1bac594130e3a6c3bac6c9d85e/screenshot - {}
RESULT: {"using":"xpath","value":"//span[contains(text(), \"Affiliated company\")]"}
COMMAND: POST /session/041ece1bac594130e3a6c3bac6c9d85e/element/f.F1E1A893882E28A71BFE42B112EBC3C6.d.6409996030934AEAA4C0DE793FA522BF.e.3462/click - {}
RESULT: {}
RESULT: {}
COMMAND: POST /session/041ece1bac594130e3a6c3bac6c9d85e/execute/async - {"script":"<script> [1562 bytes]","args":[{"selector":{"id":"application-managepartners-display-component---NewPartner--partnerDetailsCurrency-arrow"},"wdio_ui5_key":"applicationmanagepartners-display-component---NewPartner--partnerDetailsCurrency-arrow"}]}
COMMAND: GET /session/041ece1bac594130e3a6c3bac6c9d85e/screenshot - {}
RESULT: {"script":"<script> [1562 bytes]","args":[{"selector":{"id":"application-managepartners-display-component---NewPartner--partnerDetailsCurrency-arrow"},"wdio_ui5_key":"applicationmanagepartners-display-component---NewPartner--partnerDetailsCurrency-arrow"}]}
RESULT: undefined
COMMAND: POST /session/041ece1bac594130e3a6c3bac6c9d85e/element - {"using":"xpath","value":"//*[@id=\"application-managepartners-display-component---NewPartner--partnerDetailsCurrency-arrow\"]"}
RESULT: {}
RESULT: {"using":"xpath","value":"//*[@id=\"application-managepartners-display-component---NewPartner--partnerDetailsCurrency-arrow\"]"}
COMMAND: POST /session/041ece1bac594130e3a6c3bac6c9d85e/element/f.F1E1A893882E28A71BFE42B112EBC3C6.d.6409996030934AEAA4C0DE793FA522BF.e.3469/click - {}
RESULT: {}
COMMAND: POST /session/041ece1bac594130e3a6c3bac6c9d85e/element - {"using":"xpath","value":"//span[contains(text(), \"Euro\")]"}
COMMAND: GET /session/041ece1bac594130e3a6c3bac6c9d85e/screenshot - {}
RESULT: {"using":"xpath","value":"//span[contains(text(), \"Euro\")]"}
COMMAND: POST /session/041ece1bac594130e3a6c3bac6c9d85e/element/f.F1E1A893882E28A71BFE42B112EBC3C6.d.6409996030934AEAA4C0DE793FA522BF.e.3470/click - {}
RESULT: {}
RESULT: {}
COMMAND: POST /session/041ece1bac594130e3a6c3bac6c9d85e/execute/async - {"script":"<script> [1562 bytes]","args":[{"selector":{"id":"application-managepartners-display-component---NewPartner--addressEditDetailsCostObjectCstType-arrow"},"wdio_ui5_key":"applicationmanagepartners-display-component---NewPartner--addressEditDetailsCostObjectCstType-arrow"}]}
COMMAND: GET /session/041ece1bac594130e3a6c3bac6c9d85e/screenshot - {}
RESULT: {"script":"<script> [1562 bytes]","args":[{"selector":{"id":"application-managepartners-display-component---NewPartner--addressEditDetailsCostObjectCstType-arrow"},"wdio_ui5_key":"applicationmanagepartners-display-component---NewPartner--addressEditDetailsCostObjectCstType-arrow"}]}
RESULT: undefined
COMMAND: POST /session/041ece1bac594130e3a6c3bac6c9d85e/element - {"using":"xpath","value":"//*[@id=\"application-managepartners-display-component---NewPartner--addressEditDetailsCostObjectCstType-arrow\"]"}
RESULT: {}
RESULT: {"using":"xpath","value":"//*[@id=\"application-managepartners-display-component---NewPartner--addressEditDetailsCostObjectCstType-arrow\"]"}
COMMAND: POST /session/041ece1bac594130e3a6c3bac6c9d85e/element/f.F1E1A893882E28A71BFE42B112EBC3C6.d.6409996030934AEAA4C0DE793FA522BF.e.3471/click - {}
RESULT: {}
COMMAND: POST /session/041ece1bac594130e3a6c3bac6c9d85e/element - {"using":"xpath","value":"//span[contains(text(), \"Cost Center\")]"}
COMMAND: GET /session/041ece1bac594130e3a6c3bac6c9d85e/screenshot - {}
RESULT: {"using":"xpath","value":"//span[contains(text(), \"Cost Center\")]"}
COMMAND: POST /session/041ece1bac594130e3a6c3bac6c9d85e/element/f.F1E1A893882E28A71BFE42B112EBC3C6.d.6409996030934AEAA4C0DE793FA522BF.e.3472/click - {}
RESULT: {}
RESULT: {}
COMMAND: GET /session/041ece1bac594130e3a6c3bac6c9d85e/screenshot - {}
RESULT: {}
COMMAND: POST /session/041ece1bac594130e3a6c3bac6c9d85e/element - {"using":"xpath","value":"//span[@id=\"application-managepartners-display-component---NewPartner--addressNewCostObjectCstID-vhi\"]"}
RESULT: {"using":"xpath","value":"//span[@id=\"application-managepartners-display-component---NewPartner--addressNewCostObjectCstID-vhi\"]"}
COMMAND: POST /session/041ece1bac594130e3a6c3bac6c9d85e/execute/sync - {"script":"<script> [8489 bytes]","args":[{"element-6066-11e4-a52e-4f735466cecf":"f.F1E1A893882E28A71BFE42B112EBC3C6.d.6409996030934AEAA4C0DE793FA522BF.e.3476","ELEMENT":"f.F1E1A893882E28A71BFE42B112EBC3C6.d.6409996030934AEAA4C0DE793FA522BF.e.3476"}]}
RESULT: {"script":"<script> [8489 bytes]","args":[{"element-6066-11e4-a52e-4f735466cecf":"f.F1E1A893882E28A71BFE42B112EBC3C6.d.6409996030934AEAA4C0DE793FA522BF.e.3476","ELEMENT":"f.F1E1A893882E28A71BFE42B112EBC3C6.d.6409996030934AEAA4C0DE793FA522BF.e.3476"}]}
COMMAND: POST /session/041ece1bac594130e3a6c3bac6c9d85e/execute/async - {"script":"<script> [1562 bytes]","args":[{"selector":{"id":"application-managepartners-display-component---NewPartner--addressNewCostObjectCstID-vhi"},"wdio_ui5_key":"applicationmanagepartners-display-component---NewPartner--addressNewCostObjectCstID-vhi"}]}
COMMAND: GET /session/041ece1bac594130e3a6c3bac6c9d85e/screenshot - {}
RESULT: {"script":"<script> [1562 bytes]","args":[{"selector":{"id":"application-managepartners-display-component---NewPartner--addressNewCostObjectCstID-vhi"},"wdio_ui5_key":"applicationmanagepartners-display-component---NewPartner--addressNewCostObjectCstID-vhi"}]}
RESULT: undefined
COMMAND: POST /session/041ece1bac594130e3a6c3bac6c9d85e/element - {"using":"xpath","value":"//*[@id=\"application-managepartners-display-component---NewPartner--addressNewCostObjectCstID-vhi\"]"}
RESULT: {}
RESULT: {"using":"xpath","value":"//*[@id=\"application-managepartners-display-component---NewPartner--addressNewCostObjectCstID-vhi\"]"}
COMMAND: POST /session/041ece1bac594130e3a6c3bac6c9d85e/element/f.F1E1A893882E28A71BFE42B112EBC3C6.d.6409996030934AEAA4C0DE793FA522BF.e.3476/click - {}
RESULT: {}
COMMAND: GET /session/041ece1bac594130e3a6c3bac6c9d85e/screenshot - {}
RESULT: {}
RESULT: undefined
COMMAND: POST /session/041ece1bac594130e3a6c3bac6c9d85e/execute/async - {"script":"<script> [776 bytes]","args":[{"enterText":"10001013","selector":{"controlType":"sap.m.SearchField","properties":{"placeholder":"Search"},"searchOpenDialogs":true,"interaction":{"idSuffix":"I"}},"clearTextFirst":true,"interactionType":"ENTER_TEXT"}]}
RESULT: {"script":"<script> [776 bytes]","args":[{"enterText":"10001013","selector":{"controlType":"sap.m.SearchField","properties":{"placeholder":"Search"},"searchOpenDialogs":true,"interaction":{"idSuffix":"I"}},"clearTextFirst":true,"interactionType":"ENTER_TEXT"}]}
COMMAND: POST /session/041ece1bac594130e3a6c3bac6c9d85e/actions - {"actions":[{"id":"action2","type":"key","parameters":{},"actions":[{"type":"keyDown","value":"î€‡"},{"type":"pause","duration":10},{"type":"keyUp","value":"î€‡"}]}]}
RESULT: {"actions":[{"id":"action2","type":"key","parameters":{},"actions":[{"type":"keyDown","value":"î€‡"},{"type":"pause","duration":10},{"type":"keyUp","value":"î€‡"}]}]}
COMMAND: GET /session/041ece1bac594130e3a6c3bac6c9d85e/screenshot - {}
RESULT: {}
COMMAND: POST /session/041ece1bac594130e3a6c3bac6c9d85e/element - {"using":"xpath","value":"//span[contains(text(), \"General Management\")]"}
RESULT: {"using":"xpath","value":"//span[contains(text(), \"General Management\")]"}
COMMAND: POST /session/041ece1bac594130e3a6c3bac6c9d85e/element/f.F1E1A893882E28A71BFE42B112EBC3C6.d.6409996030934AEAA4C0DE793FA522BF.e.3516/click - {}
RESULT: {}
COMMAND: GET /session/041ece1bac594130e3a6c3bac6c9d85e/screenshot - {}
RESULT: {}
COMMAND: POST /session/041ece1bac594130e3a6c3bac6c9d85e/element - {"using":"xpath","value":"//bdi[contains(text(), \"OK\")]"}
RESULT: {"using":"xpath","value":"//bdi[contains(text(), \"OK\")]"}
COMMAND: POST /session/041ece1bac594130e3a6c3bac6c9d85e/element/f.F1E1A893882E28A71BFE42B112EBC3C6.d.6409996030934AEAA4C0DE793FA522BF.e.3517/click - {}
RESULT: {}
COMMAND: GET /session/041ece1bac594130e3a6c3bac6c9d85e/screenshot - {}
RESULT: {}
COMMAND: POST /session/041ece1bac594130e3a6c3bac6c9d85e/element - {"using":"xpath","value":"//input[@id=\"application-managepartners-display-component---NewPartner--companyCodeComboBox-inner\"]"}
RESULT: {"using":"xpath","value":"//input[@id=\"application-managepartners-display-component---NewPartner--companyCodeComboBox-inner\"]"}
COMMAND: POST /session/041ece1bac594130e3a6c3bac6c9d85e/element/f.F1E1A893882E28A71BFE42B112EBC3C6.d.6409996030934AEAA4C0DE793FA522BF.e.3319/clear - {}
RESULT: {}
COMMAND: POST /session/041ece1bac594130e3a6c3bac6c9d85e/element/f.F1E1A893882E28A71BFE42B112EBC3C6.d.6409996030934AEAA4C0DE793FA522BF.e.3319/value - {"text":"C002"}
COMMAND: GET /session/041ece1bac594130e3a6c3bac6c9d85e/screenshot - {}
RESULT: {"text":"C002"}
COMMAND: GET /session/041ece1bac594130e3a6c3bac6c9d85e/screenshot - {}
RESULT: {}
RESULT: {}
COMMAND: POST /session/041ece1bac594130e3a6c3bac6c9d85e/element - {"using":"xpath","value":"//li[.//span[text()= \"C002\"]]"}
RESULT: {"using":"xpath","value":"//li[.//span[text()= \"C002\"]]"}
COMMAND: POST /session/041ece1bac594130e3a6c3bac6c9d85e/element/f.F1E1A893882E28A71BFE42B112EBC3C6.d.6409996030934AEAA4C0DE793FA522BF.e.3523/click - {}
RESULT: {}
COMMAND: GET /session/041ece1bac594130e3a6c3bac6c9d85e/screenshot - {}
RESULT: {}
COMMAND: POST /session/041ece1bac594130e3a6c3bac6c9d85e/execute/async - {"script":"<script> [1562 bytes]","args":[{"selector":{"id":"application-managepartners-display-component---NewPartner--btnAddTableRow-img"},"wdio_ui5_key":"applicationmanagepartners-display-component---NewPartner--btnAddTableRow-img"}]}
RESULT: {"script":"<script> [1562 bytes]","args":[{"selector":{"id":"application-managepartners-display-component---NewPartner--btnAddTableRow-img"},"wdio_ui5_key":"applicationmanagepartners-display-component---NewPartner--btnAddTableRow-img"}]}
RESULT: undefined
COMMAND: POST /session/041ece1bac594130e3a6c3bac6c9d85e/element - {"using":"xpath","value":"//*[@id=\"application-managepartners-display-component---NewPartner--btnAddTableRow-img\"]"}
RESULT: {"using":"xpath","value":"//*[@id=\"application-managepartners-display-component---NewPartner--btnAddTableRow-img\"]"}
COMMAND: POST /session/041ece1bac594130e3a6c3bac6c9d85e/element/f.F1E1A893882E28A71BFE42B112EBC3C6.d.6409996030934AEAA4C0DE793FA522BF.e.3524/click - {}
RESULT: {}
COMMAND: GET /session/041ece1bac594130e3a6c3bac6c9d85e/screenshot - {}
RESULT: {}
COMMAND: POST /session/041ece1bac594130e3a6c3bac6c9d85e/element - {"using":"xpath","value":"//input[@id=\"application-managepartners-display-component---NewPartner--assignmentYard-application-managepartners-display-component---NewPartner--assignmentsTable-0-inner\"]"}
RESULT: {"using":"xpath","value":"//input[@id=\"application-managepartners-display-component---NewPartner--assignmentYard-application-managepartners-display-component---NewPartner--assignmentsTable-0-inner\"]"}
COMMAND: POST /session/041ece1bac594130e3a6c3bac6c9d85e/element/f.F1E1A893882E28A71BFE42B112EBC3C6.d.6409996030934AEAA4C0DE793FA522BF.e.3527/clear - {}
RESULT: {}
COMMAND: POST /session/041ece1bac594130e3a6c3bac6c9d85e/element/f.F1E1A893882E28A71BFE42B112EBC3C6.d.6409996030934AEAA4C0DE793FA522BF.e.3527/value - {"text":"689"}
COMMAND: GET /session/041ece1bac594130e3a6c3bac6c9d85e/screenshot - {}
RESULT: {"text":"689"}
COMMAND: GET /session/041ece1bac594130e3a6c3bac6c9d85e/screenshot - {}
RESULT: {}
RESULT: {}
COMMAND: POST /session/041ece1bac594130e3a6c3bac6c9d85e/element - {"using":"xpath","value":"//li[.//span[text()='689']]"}
RESULT: {"using":"xpath","value":"//li[.//span[text()='689']]"}
COMMAND: POST /session/041ece1bac594130e3a6c3bac6c9d85e/element/f.F1E1A893882E28A71BFE42B112EBC3C6.d.6409996030934AEAA4C0DE793FA522BF.e.3536/click - {}
RESULT: {}
COMMAND: GET /session/041ece1bac594130e3a6c3bac6c9d85e/screenshot - {}
RESULT: {}
COMMAND: POST /session/041ece1bac594130e3a6c3bac6c9d85e/actions - {"actions":[{"id":"action3","type":"key","parameters":{},"actions":[{"type":"keyDown","value":"î€‡"},{"type":"pause","duration":10},{"type":"keyUp","value":"î€‡"}]}]}
RESULT: {"actions":[{"id":"action3","type":"key","parameters":{},"actions":[{"type":"keyDown","value":"î€‡"},{"type":"pause","duration":10},{"type":"keyUp","value":"î€‡"}]}]}
COMMAND: POST /session/041ece1bac594130e3a6c3bac6c9d85e/execute/async - {"script":"<script> [1562 bytes]","args":[{"selector":{"id":"application-managepartners-display-component---NewPartner--externalCustomerComboBox-application-managepartners-display-component---NewPartner--assignmentsTable-0-vhi"},"wdio_ui5_key":"applicationmanagepartners-display-component---NewPartner--externalCustomerComboBox-application-managepartners-display-component---NewPartner--assignmentsTable-0-vhi"}]}
COMMAND: GET /session/041ece1bac594130e3a6c3bac6c9d85e/screenshot - {}
RESULT: {"script":"<script> [1562 bytes]","args":[{"selector":{"id":"application-managepartners-display-component---NewPartner--externalCustomerComboBox-application-managepartners-display-component---NewPartner--assignmentsTable-0-vhi"},"wdio_ui5_key":"applicationmanagepartners-display-component---NewPartner--externalCustomerComboBox-application-managepartners-display-component---NewPartner--assignmentsTable-0-vhi"}]}
RESULT: undefined
COMMAND: POST /session/041ece1bac594130e3a6c3bac6c9d85e/element - {"using":"xpath","value":"//*[@id=\"application-managepartners-display-component---NewPartner--externalCustomerComboBox-application-managepartners-display-component---NewPartner--assignmentsTable-0-vhi\"]"}
RESULT: {}
RESULT: {"using":"xpath","value":"//*[@id=\"application-managepartners-display-component---NewPartner--externalCustomerComboBox-application-managepartners-display-component---NewPartner--assignmentsTable-0-vhi\"]"}
COMMAND: POST /session/041ece1bac594130e3a6c3bac6c9d85e/element/f.F1E1A893882E28A71BFE42B112EBC3C6.d.6409996030934AEAA4C0DE793FA522BF.e.3540/click - {}
RESULT: {}
RESULT: undefined
COMMAND: POST /session/041ece1bac594130e3a6c3bac6c9d85e/execute/async - {"script":"<script> [776 bytes]","args":[{"enterText":"300003","selector":{"controlType":"sap.m.SearchField","properties":{"placeholder":"Search"},"searchOpenDialogs":true,"interaction":{"idSuffix":"I"}},"clearTextFirst":true,"interactionType":"ENTER_TEXT"}]}
COMMAND: GET /session/041ece1bac594130e3a6c3bac6c9d85e/screenshot - {}
RESULT: {"script":"<script> [776 bytes]","args":[{"enterText":"300003","selector":{"controlType":"sap.m.SearchField","properties":{"placeholder":"Search"},"searchOpenDialogs":true,"interaction":{"idSuffix":"I"}},"clearTextFirst":true,"interactionType":"ENTER_TEXT"}]}
COMMAND: POST /session/041ece1bac594130e3a6c3bac6c9d85e/actions - {"actions":[{"id":"action4","type":"key","parameters":{},"actions":[{"type":"keyDown","value":"î€‡"},{"type":"pause","duration":10},{"type":"keyUp","value":"î€‡"}]}]}
RESULT: {}
RESULT: {"actions":[{"id":"action4","type":"key","parameters":{},"actions":[{"type":"keyDown","value":"î€‡"},{"type":"pause","duration":10},{"type":"keyUp","value":"î€‡"}]}]}
COMMAND: GET /session/041ece1bac594130e3a6c3bac6c9d85e/screenshot - {}
RESULT: {}
COMMAND: POST /session/041ece1bac594130e3a6c3bac6c9d85e/element - {"using":"xpath","value":"//span[contains(text(), \"300003\")]"}
RESULT: {"using":"xpath","value":"//span[contains(text(), \"300003\")]"}
COMMAND: POST /session/041ece1bac594130e3a6c3bac6c9d85e/element/f.F1E1A893882E28A71BFE42B112EBC3C6.d.6409996030934AEAA4C0DE793FA522BF.e.3558/click - {}
RESULT: {}
COMMAND: GET /session/041ece1bac594130e3a6c3bac6c9d85e/screenshot - {}
RESULT: {}
COMMAND: POST /session/041ece1bac594130e3a6c3bac6c9d85e/element - {"using":"xpath","value":"//bdi[contains(text(), \"OK\")]"}
RESULT: {"using":"xpath","value":"//bdi[contains(text(), \"OK\")]"}
COMMAND: POST /session/041ece1bac594130e3a6c3bac6c9d85e/element/f.F1E1A893882E28A71BFE42B112EBC3C6.d.6409996030934AEAA4C0DE793FA522BF.e.3560/click - {}
RESULT: {}
COMMAND: GET /session/041ece1bac594130e3a6c3bac6c9d85e/screenshot - {}
RESULT: {}
COMMAND: POST /session/041ece1bac594130e3a6c3bac6c9d85e/execute/async - {"script":"<script> [1562 bytes]","args":[{"selector":{"id":"application-managepartners-display-component---NewPartner--intercompVendorComboBox-application-managepartners-display-component---NewPartner--assignmentsTable-0-vhi"},"wdio_ui5_key":"applicationmanagepartners-display-component---NewPartner--intercompVendorComboBox-application-managepartners-display-component---NewPartner--assignmentsTable-0-vhi"}]}
RESULT: {"script":"<script> [1562 bytes]","args":[{"selector":{"id":"application-managepartners-display-component---NewPartner--intercompVendorComboBox-application-managepartners-display-component---NewPartner--assignmentsTable-0-vhi"},"wdio_ui5_key":"applicationmanagepartners-display-component---NewPartner--intercompVendorComboBox-application-managepartners-display-component---NewPartner--assignmentsTable-0-vhi"}]}
RESULT: undefined
COMMAND: POST /session/041ece1bac594130e3a6c3bac6c9d85e/element - {"using":"xpath","value":"//*[@id=\"application-managepartners-display-component---NewPartner--intercompVendorComboBox-application-managepartners-display-component---NewPartner--assignmentsTable-0-vhi\"]"}
RESULT: {"using":"xpath","value":"//*[@id=\"application-managepartners-display-component---NewPartner--intercompVendorComboBox-application-managepartners-display-component---NewPartner--assignmentsTable-0-vhi\"]"}
COMMAND: POST /session/041ece1bac594130e3a6c3bac6c9d85e/element/f.F1E1A893882E28A71BFE42B112EBC3C6.d.6409996030934AEAA4C0DE793FA522BF.e.3563/click - {}
RESULT: {}
RESULT: undefined
COMMAND: POST /session/041ece1bac594130e3a6c3bac6c9d85e/execute/async - {"script":"<script> [776 bytes]","args":[{"enterText":"100005","selector":{"controlType":"sap.m.SearchField","properties":{"placeholder":"Search"},"searchOpenDialogs":true,"interaction":{"idSuffix":"I"}},"clearTextFirst":true,"interactionType":"ENTER_TEXT"}]}
COMMAND: GET /session/041ece1bac594130e3a6c3bac6c9d85e/screenshot - {}
RESULT: {"script":"<script> [776 bytes]","args":[{"enterText":"100005","selector":{"controlType":"sap.m.SearchField","properties":{"placeholder":"Search"},"searchOpenDialogs":true,"interaction":{"idSuffix":"I"}},"clearTextFirst":true,"interactionType":"ENTER_TEXT"}]}
COMMAND: POST /session/041ece1bac594130e3a6c3bac6c9d85e/actions - {"actions":[{"id":"action5","type":"key","parameters":{},"actions":[{"type":"keyDown","value":"î€‡"},{"type":"pause","duration":10},{"type":"keyUp","value":"î€‡"}]}]}
RESULT: {}
RESULT: {"actions":[{"id":"action5","type":"key","parameters":{},"actions":[{"type":"keyDown","value":"î€‡"},{"type":"pause","duration":10},{"type":"keyUp","value":"î€‡"}]}]}
COMMAND: GET /session/041ece1bac594130e3a6c3bac6c9d85e/screenshot - {}
RESULT: {}
COMMAND: POST /session/041ece1bac594130e3a6c3bac6c9d85e/element - {"using":"xpath","value":"//span[contains(text(), \"Penguins - Field/12345 Berlin\")]"}
RESULT: {"using":"xpath","value":"//span[contains(text(), \"Penguins - Field/12345 Berlin\")]"}
COMMAND: POST /session/041ece1bac594130e3a6c3bac6c9d85e/element/f.F1E1A893882E28A71BFE42B112EBC3C6.d.6409996030934AEAA4C0DE793FA522BF.e.3582/click - {}
RESULT: {}
COMMAND: GET /session/041ece1bac594130e3a6c3bac6c9d85e/screenshot - {}
RESULT: {}
COMMAND: POST /session/041ece1bac594130e3a6c3bac6c9d85e/element - {"using":"xpath","value":"//bdi[contains(text(), \"OK\")]"}
RESULT: {"using":"xpath","value":"//bdi[contains(text(), \"OK\")]"}
COMMAND: POST /session/041ece1bac594130e3a6c3bac6c9d85e/element/f.F1E1A893882E28A71BFE42B112EBC3C6.d.6409996030934AEAA4C0DE793FA522BF.e.3583/click - {}
RESULT: {}
COMMAND: GET /session/041ece1bac594130e3a6c3bac6c9d85e/screenshot - {}
RESULT: {}
COMMAND: POST /session/041ece1bac594130e3a6c3bac6c9d85e/element - {"using":"xpath","value":"//button[@data-kt=\"saveButton\"]"}
RESULT: {"using":"xpath","value":"//button[@data-kt=\"saveButton\"]"}
COMMAND: POST /session/041ece1bac594130e3a6c3bac6c9d85e/element/f.F1E1A893882E28A71BFE42B112EBC3C6.d.6409996030934AEAA4C0DE793FA522BF.e.3436/click - {}
RESULT: {}
COMMAND: GET /session/041ece1bac594130e3a6c3bac6c9d85e/screenshot - {}
RESULT: {}
COMMAND: POST /session/041ece1bac594130e3a6c3bac6c9d85e/element - {"using":"xpath","value":"//header[contains(@id, 'ObjectPageLayout-headerTitle')]/div[1]/div[2]/div[2]/span[1]"}
RESULT: {"using":"xpath","value":"//header[contains(@id, 'ObjectPageLayout-headerTitle')]/div[1]/div[2]/div[2]/span[1]"}
COMMAND: POST /session/041ece1bac594130e3a6c3bac6c9d85e/elements - {"using":"xpath","value":"//header[contains(@id, 'ObjectPageLayout-headerTitle')]/div[1]/div[2]/div[2]/span[1]"}
RESULT: {"using":"xpath","value":"//header[contains(@id, 'ObjectPageLayout-headerTitle')]/div[1]/div[2]/div[2]/span[1]"}
COMMAND: POST /session/041ece1bac594130e3a6c3bac6c9d85e/execute/sync - {"script":"<script> [56 bytes]","args":[{"element-6066-11e4-a52e-4f735466cecf":"f.F1E1A893882E28A71BFE42B112EBC3C6.d.6409996030934AEAA4C0DE793FA522BF.e.3748","ELEMENT":"f.F1E1A893882E28A71BFE42B112EBC3C6.d.6409996030934AEAA4C0DE793FA522BF.e.3748"}]}
RESULT: {"script":"<script> [56 bytes]","args":[{"element-6066-11e4-a52e-4f735466cecf":"f.F1E1A893882E28A71BFE42B112EBC3C6.d.6409996030934AEAA4C0DE793FA522BF.e.3748","ELEMENT":"f.F1E1A893882E28A71BFE42B112EBC3C6.d.6409996030934AEAA4C0DE793FA522BF.e.3748"}]}
COMMAND: POST /session/041ece1bac594130e3a6c3bac6c9d85e/element - {"using":"css selector","value":"#shell-header-logo"}
COMMAND: GET /session/041ece1bac594130e3a6c3bac6c9d85e/screenshot - {}
RESULT: {"using":"css selector","value":"#shell-header-logo"}
COMMAND: POST /session/041ece1bac594130e3a6c3bac6c9d85e/element/f.F1E1A893882E28A71BFE42B112EBC3C6.d.6409996030934AEAA4C0DE793FA522BF.e.2969/click - {}
RESULT: {}
RESULT: {}
COMMAND: GET /session/041ece1bac594130e3a6c3bac6c9d85e/screenshot - {}
RESULT: {}
COMMAND: POST /session/041ece1bac594130e3a6c3bac6c9d85e/execute/sync - {"script":"<script> [299 bytes]","args":[["getModel","getResource"]]}
RESULT: {"script":"<script> [299 bytes]","args":[["getModel","getResource"]]}
]]></system-out>
    </testcase>
    <testcase classname="chrome.137_0_7151_56.windows.Billing_Transfer_-_Master_data_&amp;_Intercompany_US127250" name="Should create a new site" time="118.611">
      <system-out><![CDATA[
COMMAND: POST /session/041ece1bac594130e3a6c3bac6c9d85e/execute/async - {"script":"<script> [1562 bytes]","args":[{"selector":{"controlType":"sap.m.GenericTile","properties":{"header":"Manage Sites"}},"wdio_ui5_key":"sapm.GenericTile{\"header\":\"Manage Sites\"}"}]}
COMMAND: GET /session/041ece1bac594130e3a6c3bac6c9d85e/screenshot - {}
RESULT: {"script":"<script> [1562 bytes]","args":[{"selector":{"controlType":"sap.m.GenericTile","properties":{"header":"Manage Sites"}},"wdio_ui5_key":"sapm.GenericTile{\"header\":\"Manage Sites\"}"}]}
RESULT: undefined
COMMAND: POST /session/041ece1bac594130e3a6c3bac6c9d85e/element - {"using":"xpath","value":"//*[@id=\"__tile40\"]"}
RESULT: {}
RESULT: {"using":"xpath","value":"//*[@id=\"__tile40\"]"}
COMMAND: POST /session/041ece1bac594130e3a6c3bac6c9d85e/element/f.F1E1A893882E28A71BFE42B112EBC3C6.d.6409996030934AEAA4C0DE793FA522BF.e.2117/click - {}
RESULT: {}
COMMAND: GET /session/041ece1bac594130e3a6c3bac6c9d85e/screenshot - {}
RESULT: {}
COMMAND: POST /session/041ece1bac594130e3a6c3bac6c9d85e/elements - {"using":"xpath","value":"//span[text()='Error']"}
RESULT: {"using":"xpath","value":"//span[text()='Error']"}
COMMAND: POST /session/041ece1bac594130e3a6c3bac6c9d85e/element - {"using":"xpath","value":"//button[@data-kt=\"addOverflowToolbarButton\"]"}
RESULT: {"using":"xpath","value":"//button[@data-kt=\"addOverflowToolbarButton\"]"}
COMMAND: POST /session/041ece1bac594130e3a6c3bac6c9d85e/elements - {"using":"xpath","value":"//button[@data-kt=\"addOverflowToolbarButton\"]"}
RESULT: {"using":"xpath","value":"//button[@data-kt=\"addOverflowToolbarButton\"]"}
COMMAND: POST /session/041ece1bac594130e3a6c3bac6c9d85e/execute/sync - {"script":"<script> [8489 bytes]","args":[{"element-6066-11e4-a52e-4f735466cecf":"f.F1E1A893882E28A71BFE42B112EBC3C6.d.6409996030934AEAA4C0DE793FA522BF.e.3787","ELEMENT":"f.F1E1A893882E28A71BFE42B112EBC3C6.d.6409996030934AEAA4C0DE793FA522BF.e.3787"}]}
RESULT: {"script":"<script> [8489 bytes]","args":[{"element-6066-11e4-a52e-4f735466cecf":"f.F1E1A893882E28A71BFE42B112EBC3C6.d.6409996030934AEAA4C0DE793FA522BF.e.3787","ELEMENT":"f.F1E1A893882E28A71BFE42B112EBC3C6.d.6409996030934AEAA4C0DE793FA522BF.e.3787"}]}
COMMAND: GET /session/041ece1bac594130e3a6c3bac6c9d85e/element/f.F1E1A893882E28A71BFE42B112EBC3C6.d.6409996030934AEAA4C0DE793FA522BF.e.3787/enabled - {}
COMMAND: GET /session/041ece1bac594130e3a6c3bac6c9d85e/screenshot - {}
RESULT: {}
COMMAND: POST /session/041ece1bac594130e3a6c3bac6c9d85e/execute/sync - {"script":"<script> [8489 bytes]","args":[{"element-6066-11e4-a52e-4f735466cecf":"f.F1E1A893882E28A71BFE42B112EBC3C6.d.6409996030934AEAA4C0DE793FA522BF.e.3787","ELEMENT":"f.F1E1A893882E28A71BFE42B112EBC3C6.d.6409996030934AEAA4C0DE793FA522BF.e.3787"}]}
COMMAND: GET /session/041ece1bac594130e3a6c3bac6c9d85e/screenshot - {}
RESULT: {}
RESULT: {}
RESULT: {"script":"<script> [8489 bytes]","args":[{"element-6066-11e4-a52e-4f735466cecf":"f.F1E1A893882E28A71BFE42B112EBC3C6.d.6409996030934AEAA4C0DE793FA522BF.e.3787","ELEMENT":"f.F1E1A893882E28A71BFE42B112EBC3C6.d.6409996030934AEAA4C0DE793FA522BF.e.3787"}]}
COMMAND: POST /session/041ece1bac594130e3a6c3bac6c9d85e/execute/sync - {"script":"<script> [5351 bytes]","args":[{"element-6066-11e4-a52e-4f735466cecf":"f.F1E1A893882E28A71BFE42B112EBC3C6.d.6409996030934AEAA4C0DE793FA522BF.e.3787","ELEMENT":"f.F1E1A893882E28A71BFE42B112EBC3C6.d.6409996030934AEAA4C0DE793FA522BF.e.3787"}]}
COMMAND: GET /session/041ece1bac594130e3a6c3bac6c9d85e/screenshot - {}
RESULT: {"script":"<script> [5351 bytes]","args":[{"element-6066-11e4-a52e-4f735466cecf":"f.F1E1A893882E28A71BFE42B112EBC3C6.d.6409996030934AEAA4C0DE793FA522BF.e.3787","ELEMENT":"f.F1E1A893882E28A71BFE42B112EBC3C6.d.6409996030934AEAA4C0DE793FA522BF.e.3787"}]}
COMMAND: POST /session/041ece1bac594130e3a6c3bac6c9d85e/element/f.F1E1A893882E28A71BFE42B112EBC3C6.d.6409996030934AEAA4C0DE793FA522BF.e.3787/click - {}
COMMAND: GET /session/041ece1bac594130e3a6c3bac6c9d85e/screenshot - {}
RESULT: {}
RESULT: {}
COMMAND: GET /session/041ece1bac594130e3a6c3bac6c9d85e/screenshot - {}
COMMAND: POST /session/041ece1bac594130e3a6c3bac6c9d85e/element - {"using":"xpath","value":"//input[@id=\"application-managesites-display-component---NewSite--siteId-inner\"]"}
RESULT: {}
RESULT: {}
RESULT: {"using":"xpath","value":"//input[@id=\"application-managesites-display-component---NewSite--siteId-inner\"]"}
COMMAND: POST /session/041ece1bac594130e3a6c3bac6c9d85e/element - {"using":"xpath","value":"//input[@id=\"application-managesites-display-component---NewSite--siteId-inner\"]"}
RESULT: {"using":"xpath","value":"//input[@id=\"application-managesites-display-component---NewSite--siteId-inner\"]"}
COMMAND: POST /session/041ece1bac594130e3a6c3bac6c9d85e/execute/async - {"script":"<script> [1562 bytes]","args":[{"selector":{"id":"application-managesites-display-component---NewSite--addressDetailDetailsName1","interaction":{"idSuffix":"inner"}},"wdio_ui5_key":"applicationmanagesites-display-component---NewSite--addressDetailDetailsName1"}]}
RESULT: {"script":"<script> [1562 bytes]","args":[{"selector":{"id":"application-managesites-display-component---NewSite--addressDetailDetailsName1","interaction":{"idSuffix":"inner"}},"wdio_ui5_key":"applicationmanagesites-display-component---NewSite--addressDetailDetailsName1"}]}
RESULT: undefined
COMMAND: POST /session/041ece1bac594130e3a6c3bac6c9d85e/execute/async - {"script":"<script> [776 bytes]","args":[{"enterText":"Intercompany Site wdIO","selector":{"id":"application-managesites-display-component---NewSite--addressDetailDetailsName1","interaction":{"idSuffix":"inner"}},"clearTextFirst":true,"interactionType":"ENTER_TEXT"}]}
RESULT: {"script":"<script> [776 bytes]","args":[{"enterText":"Intercompany Site wdIO","selector":{"id":"application-managesites-display-component---NewSite--addressDetailDetailsName1","interaction":{"idSuffix":"inner"}},"clearTextFirst":true,"interactionType":"ENTER_TEXT"}]}
COMMAND: POST /session/041ece1bac594130e3a6c3bac6c9d85e/execute/async - {"script":"<script> [1562 bytes]","args":[{"selector":{"id":"application-managesites-display-component---NewSite--addressDetailDetailsLanguage-arrow"},"wdio_ui5_key":"applicationmanagesites-display-component---NewSite--addressDetailDetailsLanguage-arrow"}]}
RESULT: {"script":"<script> [1562 bytes]","args":[{"selector":{"id":"application-managesites-display-component---NewSite--addressDetailDetailsLanguage-arrow"},"wdio_ui5_key":"applicationmanagesites-display-component---NewSite--addressDetailDetailsLanguage-arrow"}]}
RESULT: undefined
COMMAND: POST /session/041ece1bac594130e3a6c3bac6c9d85e/element - {"using":"xpath","value":"//*[@id=\"application-managesites-display-component---NewSite--addressDetailDetailsLanguage-arrow\"]"}
RESULT: {"using":"xpath","value":"//*[@id=\"application-managesites-display-component---NewSite--addressDetailDetailsLanguage-arrow\"]"}
COMMAND: POST /session/041ece1bac594130e3a6c3bac6c9d85e/element/f.F1E1A893882E28A71BFE42B112EBC3C6.d.6409996030934AEAA4C0DE793FA522BF.e.4186/click - {}
RESULT: {}
COMMAND: POST /session/041ece1bac594130e3a6c3bac6c9d85e/element - {"using":"xpath","value":"//span[contains(text(), \"English\")]"}
COMMAND: GET /session/041ece1bac594130e3a6c3bac6c9d85e/screenshot - {}
RESULT: {"using":"xpath","value":"//span[contains(text(), \"English\")]"}
COMMAND: POST /session/041ece1bac594130e3a6c3bac6c9d85e/element/f.F1E1A893882E28A71BFE42B112EBC3C6.d.6409996030934AEAA4C0DE793FA522BF.e.4187/click - {}
RESULT: {}
RESULT: {}
COMMAND: POST /session/041ece1bac594130e3a6c3bac6c9d85e/execute/async - {"script":"<script> [1562 bytes]","args":[{"selector":{"id":"application-managesites-display-component---NewSite--addressDetailDetailsCity1","interaction":{"idSuffix":"inner"}},"wdio_ui5_key":"applicationmanagesites-display-component---NewSite--addressDetailDetailsCity1"}]}
COMMAND: GET /session/041ece1bac594130e3a6c3bac6c9d85e/screenshot - {}
RESULT: {"script":"<script> [1562 bytes]","args":[{"selector":{"id":"application-managesites-display-component---NewSite--addressDetailDetailsCity1","interaction":{"idSuffix":"inner"}},"wdio_ui5_key":"applicationmanagesites-display-component---NewSite--addressDetailDetailsCity1"}]}
RESULT: undefined
COMMAND: POST /session/041ece1bac594130e3a6c3bac6c9d85e/execute/async - {"script":"<script> [776 bytes]","args":[{"enterText":"Rosario","selector":{"id":"application-managesites-display-component---NewSite--addressDetailDetailsCity1","interaction":{"idSuffix":"inner"}},"clearTextFirst":true,"interactionType":"ENTER_TEXT"}]}
RESULT: {}
RESULT: {"script":"<script> [776 bytes]","args":[{"enterText":"Rosario","selector":{"id":"application-managesites-display-component---NewSite--addressDetailDetailsCity1","interaction":{"idSuffix":"inner"}},"clearTextFirst":true,"interactionType":"ENTER_TEXT"}]}
COMMAND: POST /session/041ece1bac594130e3a6c3bac6c9d85e/execute/async - {"script":"<script> [1562 bytes]","args":[{"selector":{"id":"application-managesites-display-component---NewSite--addressDetailDetailsCountry-arrow"},"wdio_ui5_key":"applicationmanagesites-display-component---NewSite--addressDetailDetailsCountry-arrow"}]}
RESULT: {"script":"<script> [1562 bytes]","args":[{"selector":{"id":"application-managesites-display-component---NewSite--addressDetailDetailsCountry-arrow"},"wdio_ui5_key":"applicationmanagesites-display-component---NewSite--addressDetailDetailsCountry-arrow"}]}
RESULT: undefined
COMMAND: POST /session/041ece1bac594130e3a6c3bac6c9d85e/element - {"using":"xpath","value":"//*[@id=\"application-managesites-display-component---NewSite--addressDetailDetailsCountry-arrow\"]"}
RESULT: {"using":"xpath","value":"//*[@id=\"application-managesites-display-component---NewSite--addressDetailDetailsCountry-arrow\"]"}
COMMAND: POST /session/041ece1bac594130e3a6c3bac6c9d85e/element/f.F1E1A893882E28A71BFE42B112EBC3C6.d.6409996030934AEAA4C0DE793FA522BF.e.4189/click - {}
RESULT: {}
COMMAND: POST /session/041ece1bac594130e3a6c3bac6c9d85e/element - {"using":"xpath","value":"//span[contains(text(), \"Argentina\")]"}
COMMAND: GET /session/041ece1bac594130e3a6c3bac6c9d85e/screenshot - {}
RESULT: {"using":"xpath","value":"//span[contains(text(), \"Argentina\")]"}
COMMAND: POST /session/041ece1bac594130e3a6c3bac6c9d85e/element/f.F1E1A893882E28A71BFE42B112EBC3C6.d.6409996030934AEAA4C0DE793FA522BF.e.4190/click - {}
RESULT: {}
RESULT: {}
COMMAND: GET /session/041ece1bac594130e3a6c3bac6c9d85e/screenshot - {}
RESULT: {}
COMMAND: POST /session/041ece1bac594130e3a6c3bac6c9d85e/execute/async - {"script":"<script> [1562 bytes]","args":[{"selector":{"id":"application-managesites-display-component---NewSite--addressEditDetailsCostObjectCstType-arrow"},"wdio_ui5_key":"applicationmanagesites-display-component---NewSite--addressEditDetailsCostObjectCstType-arrow"}]}
RESULT: {"script":"<script> [1562 bytes]","args":[{"selector":{"id":"application-managesites-display-component---NewSite--addressEditDetailsCostObjectCstType-arrow"},"wdio_ui5_key":"applicationmanagesites-display-component---NewSite--addressEditDetailsCostObjectCstType-arrow"}]}
RESULT: undefined
COMMAND: POST /session/041ece1bac594130e3a6c3bac6c9d85e/element - {"using":"xpath","value":"//*[@id=\"application-managesites-display-component---NewSite--addressEditDetailsCostObjectCstType-arrow\"]"}
RESULT: {"using":"xpath","value":"//*[@id=\"application-managesites-display-component---NewSite--addressEditDetailsCostObjectCstType-arrow\"]"}
COMMAND: POST /session/041ece1bac594130e3a6c3bac6c9d85e/element/f.F1E1A893882E28A71BFE42B112EBC3C6.d.6409996030934AEAA4C0DE793FA522BF.e.4192/click - {}
RESULT: {}
COMMAND: POST /session/041ece1bac594130e3a6c3bac6c9d85e/element - {"using":"xpath","value":"//span[contains(text(), \"Cost Center\")]"}
COMMAND: GET /session/041ece1bac594130e3a6c3bac6c9d85e/screenshot - {}
RESULT: {"using":"xpath","value":"//span[contains(text(), \"Cost Center\")]"}
COMMAND: POST /session/041ece1bac594130e3a6c3bac6c9d85e/element/f.F1E1A893882E28A71BFE42B112EBC3C6.d.6409996030934AEAA4C0DE793FA522BF.e.4193/click - {}
RESULT: {}
RESULT: {}
COMMAND: GET /session/041ece1bac594130e3a6c3bac6c9d85e/screenshot - {}
RESULT: {}
COMMAND: POST /session/041ece1bac594130e3a6c3bac6c9d85e/element - {"using":"xpath","value":"//span[@id=\"application-managesites-display-component---NewSite--addressNewCostObjectCstID-vhi\"]"}
RESULT: {"using":"xpath","value":"//span[@id=\"application-managesites-display-component---NewSite--addressNewCostObjectCstID-vhi\"]"}
COMMAND: POST /session/041ece1bac594130e3a6c3bac6c9d85e/execute/sync - {"script":"<script> [8489 bytes]","args":[{"element-6066-11e4-a52e-4f735466cecf":"f.F1E1A893882E28A71BFE42B112EBC3C6.d.6409996030934AEAA4C0DE793FA522BF.e.4198","ELEMENT":"f.F1E1A893882E28A71BFE42B112EBC3C6.d.6409996030934AEAA4C0DE793FA522BF.e.4198"}]}
RESULT: {"script":"<script> [8489 bytes]","args":[{"element-6066-11e4-a52e-4f735466cecf":"f.F1E1A893882E28A71BFE42B112EBC3C6.d.6409996030934AEAA4C0DE793FA522BF.e.4198","ELEMENT":"f.F1E1A893882E28A71BFE42B112EBC3C6.d.6409996030934AEAA4C0DE793FA522BF.e.4198"}]}
COMMAND: POST /session/041ece1bac594130e3a6c3bac6c9d85e/execute/async - {"script":"<script> [1562 bytes]","args":[{"selector":{"id":"application-managesites-display-component---NewSite--addressNewCostObjectCstID-vhi"},"wdio_ui5_key":"applicationmanagesites-display-component---NewSite--addressNewCostObjectCstID-vhi"}]}
COMMAND: GET /session/041ece1bac594130e3a6c3bac6c9d85e/screenshot - {}
RESULT: {}
RESULT: {"script":"<script> [1562 bytes]","args":[{"selector":{"id":"application-managesites-display-component---NewSite--addressNewCostObjectCstID-vhi"},"wdio_ui5_key":"applicationmanagesites-display-component---NewSite--addressNewCostObjectCstID-vhi"}]}
RESULT: undefined
COMMAND: POST /session/041ece1bac594130e3a6c3bac6c9d85e/element - {"using":"xpath","value":"//*[@id=\"application-managesites-display-component---NewSite--addressNewCostObjectCstID-vhi\"]"}
RESULT: {"using":"xpath","value":"//*[@id=\"application-managesites-display-component---NewSite--addressNewCostObjectCstID-vhi\"]"}
COMMAND: POST /session/041ece1bac594130e3a6c3bac6c9d85e/element/f.F1E1A893882E28A71BFE42B112EBC3C6.d.6409996030934AEAA4C0DE793FA522BF.e.4198/click - {}
RESULT: {}
COMMAND: GET /session/041ece1bac594130e3a6c3bac6c9d85e/screenshot - {}
RESULT: {}
RESULT: undefined
COMMAND: POST /session/041ece1bac594130e3a6c3bac6c9d85e/execute/async - {"script":"<script> [776 bytes]","args":[{"enterText":"10001013","selector":{"controlType":"sap.m.SearchField","properties":{"placeholder":"Search"},"searchOpenDialogs":true,"interaction":{"idSuffix":"I"}},"clearTextFirst":true,"interactionType":"ENTER_TEXT"}]}
RESULT: {"script":"<script> [776 bytes]","args":[{"enterText":"10001013","selector":{"controlType":"sap.m.SearchField","properties":{"placeholder":"Search"},"searchOpenDialogs":true,"interaction":{"idSuffix":"I"}},"clearTextFirst":true,"interactionType":"ENTER_TEXT"}]}
COMMAND: POST /session/041ece1bac594130e3a6c3bac6c9d85e/actions - {"actions":[{"id":"action6","type":"key","parameters":{},"actions":[{"type":"keyDown","value":"î€‡"},{"type":"pause","duration":10},{"type":"keyUp","value":"î€‡"}]}]}
RESULT: {"actions":[{"id":"action6","type":"key","parameters":{},"actions":[{"type":"keyDown","value":"î€‡"},{"type":"pause","duration":10},{"type":"keyUp","value":"î€‡"}]}]}
COMMAND: GET /session/041ece1bac594130e3a6c3bac6c9d85e/screenshot - {}
RESULT: {}
COMMAND: POST /session/041ece1bac594130e3a6c3bac6c9d85e/element - {"using":"xpath","value":"//span[contains(text(), \"General Management\")]"}
RESULT: {"using":"xpath","value":"//span[contains(text(), \"General Management\")]"}
COMMAND: POST /session/041ece1bac594130e3a6c3bac6c9d85e/element/f.F1E1A893882E28A71BFE42B112EBC3C6.d.6409996030934AEAA4C0DE793FA522BF.e.4237/click - {}
RESULT: {}
COMMAND: GET /session/041ece1bac594130e3a6c3bac6c9d85e/screenshot - {}
RESULT: {}
COMMAND: POST /session/041ece1bac594130e3a6c3bac6c9d85e/element - {"using":"xpath","value":"//bdi[contains(text(), \"OK\")]"}
RESULT: {"using":"xpath","value":"//bdi[contains(text(), \"OK\")]"}
COMMAND: POST /session/041ece1bac594130e3a6c3bac6c9d85e/element/f.F1E1A893882E28A71BFE42B112EBC3C6.d.6409996030934AEAA4C0DE793FA522BF.e.4238/click - {}
RESULT: {}
COMMAND: GET /session/041ece1bac594130e3a6c3bac6c9d85e/screenshot - {}
RESULT: {}
COMMAND: POST /session/041ece1bac594130e3a6c3bac6c9d85e/element - {"using":"xpath","value":"//input[@id=\"application-managesites-display-component---NewSite--addressDetailDetailsCalendar-inner\"]"}
RESULT: {"using":"xpath","value":"//input[@id=\"application-managesites-display-component---NewSite--addressDetailDetailsCalendar-inner\"]"}
COMMAND: POST /session/041ece1bac594130e3a6c3bac6c9d85e/element/f.F1E1A893882E28A71BFE42B112EBC3C6.d.6409996030934AEAA4C0DE793FA522BF.e.3980/clear - {}
RESULT: {}
COMMAND: POST /session/041ece1bac594130e3a6c3bac6c9d85e/element/f.F1E1A893882E28A71BFE42B112EBC3C6.d.6409996030934AEAA4C0DE793FA522BF.e.3980/value - {"text":"Unit"}
COMMAND: GET /session/041ece1bac594130e3a6c3bac6c9d85e/screenshot - {}
RESULT: {"text":"Unit"}
COMMAND: GET /session/041ece1bac594130e3a6c3bac6c9d85e/screenshot - {}
RESULT: {}
RESULT: {}
COMMAND: POST /session/041ece1bac594130e3a6c3bac6c9d85e/actions - {"actions":[{"id":"action7","type":"key","parameters":{},"actions":[{"type":"keyDown","value":"î€‡"},{"type":"pause","duration":10},{"type":"keyUp","value":"î€‡"}]}]}
RESULT: {"actions":[{"id":"action7","type":"key","parameters":{},"actions":[{"type":"keyDown","value":"î€‡"},{"type":"pause","duration":10},{"type":"keyUp","value":"î€‡"}]}]}
COMMAND: POST /session/041ece1bac594130e3a6c3bac6c9d85e/element - {"using":"xpath","value":"//input[@id=\"application-managesites-display-component---NewSite--addressDetailDetailsYard-inner\"]"}
COMMAND: GET /session/041ece1bac594130e3a6c3bac6c9d85e/screenshot - {}
RESULT: {"using":"xpath","value":"//input[@id=\"application-managesites-display-component---NewSite--addressDetailDetailsYard-inner\"]"}
COMMAND: POST /session/041ece1bac594130e3a6c3bac6c9d85e/element/f.F1E1A893882E28A71BFE42B112EBC3C6.d.6409996030934AEAA4C0DE793FA522BF.e.3981/clear - {}
RESULT: {}
RESULT: {}
COMMAND: POST /session/041ece1bac594130e3a6c3bac6c9d85e/element/f.F1E1A893882E28A71BFE42B112EBC3C6.d.6409996030934AEAA4C0DE793FA522BF.e.3981/value - {"text":"689"}
COMMAND: GET /session/041ece1bac594130e3a6c3bac6c9d85e/screenshot - {}
RESULT: {"text":"689"}
COMMAND: GET /session/041ece1bac594130e3a6c3bac6c9d85e/screenshot - {}
RESULT: {}
RESULT: {}
COMMAND: POST /session/041ece1bac594130e3a6c3bac6c9d85e/element - {"using":"xpath","value":"//li[.//span[text()='689']]"}
RESULT: {"using":"xpath","value":"//li[.//span[text()='689']]"}
COMMAND: POST /session/041ece1bac594130e3a6c3bac6c9d85e/element/f.F1E1A893882E28A71BFE42B112EBC3C6.d.6409996030934AEAA4C0DE793FA522BF.e.4265/click - {}
RESULT: {}
COMMAND: GET /session/041ece1bac594130e3a6c3bac6c9d85e/screenshot - {}
RESULT: {}
COMMAND: POST /session/041ece1bac594130e3a6c3bac6c9d85e/element - {"using":"xpath","value":"//input[@id=\"application-managesites-display-component---NewSite--addressDetailDetailsPartner-inner\"]"}
RESULT: {"using":"xpath","value":"//input[@id=\"application-managesites-display-component---NewSite--addressDetailDetailsPartner-inner\"]"}
COMMAND: POST /session/041ece1bac594130e3a6c3bac6c9d85e/element - {"using":"xpath","value":"//input[@id=\"application-managesites-display-component---NewSite--addressDetailDetailsPartner-inner\"]"}
RESULT: {"using":"xpath","value":"//input[@id=\"application-managesites-display-component---NewSite--addressDetailDetailsPartner-inner\"]"}
COMMAND: POST /session/041ece1bac594130e3a6c3bac6c9d85e/element - {"using":"xpath","value":"//button[@data-kt=\"saveButton\"]"}
RESULT: {"using":"xpath","value":"//button[@data-kt=\"saveButton\"]"}
COMMAND: POST /session/041ece1bac594130e3a6c3bac6c9d85e/element/f.F1E1A893882E28A71BFE42B112EBC3C6.d.6409996030934AEAA4C0DE793FA522BF.e.4179/click - {}
RESULT: {}
COMMAND: GET /session/041ece1bac594130e3a6c3bac6c9d85e/screenshot - {}
RESULT: {}
COMMAND: POST /session/041ece1bac594130e3a6c3bac6c9d85e/element - {"using":"xpath","value":"//header[contains(@id, 'ObjectPageLayout-headerTitle')]/div[1]/div[2]/div[2]/span[1]"}
RESULT: {"using":"xpath","value":"//header[contains(@id, 'ObjectPageLayout-headerTitle')]/div[1]/div[2]/div[2]/span[1]"}
COMMAND: POST /session/041ece1bac594130e3a6c3bac6c9d85e/elements - {"using":"xpath","value":"//header[contains(@id, 'ObjectPageLayout-headerTitle')]/div[1]/div[2]/div[2]/span[1]"}
RESULT: {"using":"xpath","value":"//header[contains(@id, 'ObjectPageLayout-headerTitle')]/div[1]/div[2]/div[2]/span[1]"}
COMMAND: POST /session/041ece1bac594130e3a6c3bac6c9d85e/execute/sync - {"script":"<script> [56 bytes]","args":[{"element-6066-11e4-a52e-4f735466cecf":"f.F1E1A893882E28A71BFE42B112EBC3C6.d.6409996030934AEAA4C0DE793FA522BF.e.4467","ELEMENT":"f.F1E1A893882E28A71BFE42B112EBC3C6.d.6409996030934AEAA4C0DE793FA522BF.e.4467"}]}
RESULT: {"script":"<script> [56 bytes]","args":[{"element-6066-11e4-a52e-4f735466cecf":"f.F1E1A893882E28A71BFE42B112EBC3C6.d.6409996030934AEAA4C0DE793FA522BF.e.4467","ELEMENT":"f.F1E1A893882E28A71BFE42B112EBC3C6.d.6409996030934AEAA4C0DE793FA522BF.e.4467"}]}
COMMAND: POST /session/041ece1bac594130e3a6c3bac6c9d85e/element - {"using":"css selector","value":"#shell-header-logo"}
COMMAND: GET /session/041ece1bac594130e3a6c3bac6c9d85e/screenshot - {}
RESULT: {}
RESULT: {"using":"css selector","value":"#shell-header-logo"}
COMMAND: POST /session/041ece1bac594130e3a6c3bac6c9d85e/element/f.F1E1A893882E28A71BFE42B112EBC3C6.d.6409996030934AEAA4C0DE793FA522BF.e.3753/click - {}
RESULT: {}
COMMAND: GET /session/041ece1bac594130e3a6c3bac6c9d85e/screenshot - {}
RESULT: {}
COMMAND: POST /session/041ece1bac594130e3a6c3bac6c9d85e/execute/sync - {"script":"<script> [299 bytes]","args":[["getModel","getResource"]]}
RESULT: {"script":"<script> [299 bytes]","args":[["getModel","getResource"]]}
]]></system-out>
    </testcase>
    <testcase classname="chrome.137_0_7151_56.windows.Billing_Transfer_-_Master_data_&amp;_Intercompany_US127250" name="Should create a new equipment" time="154.259">
      <system-out><![CDATA[
COMMAND: GET /session/041ece1bac594130e3a6c3bac6c9d85e/screenshot - {}
COMMAND: POST /session/041ece1bac594130e3a6c3bac6c9d85e/execute/async - {"script":"<script> [1562 bytes]","args":[{"selector":{"controlType":"sap.m.GenericTile","properties":{"header":"Manage Resources"}},"wdio_ui5_key":"sapm.GenericTile{\"header\":\"Manage Resources\"}"}]}
RESULT: {"script":"<script> [1562 bytes]","args":[{"selector":{"controlType":"sap.m.GenericTile","properties":{"header":"Manage Resources"}},"wdio_ui5_key":"sapm.GenericTile{\"header\":\"Manage Resources\"}"}]}
RESULT: undefined
COMMAND: POST /session/041ece1bac594130e3a6c3bac6c9d85e/element - {"using":"xpath","value":"//*[@id=\"__tile39\"]"}
RESULT: {}
RESULT: {"using":"xpath","value":"//*[@id=\"__tile39\"]"}
COMMAND: POST /session/041ece1bac594130e3a6c3bac6c9d85e/element/f.F1E1A893882E28A71BFE42B112EBC3C6.d.6409996030934AEAA4C0DE793FA522BF.e.2114/click - {}
RESULT: {}
COMMAND: GET /session/041ece1bac594130e3a6c3bac6c9d85e/screenshot - {}
RESULT: {}
COMMAND: POST /session/041ece1bac594130e3a6c3bac6c9d85e/elements - {"using":"xpath","value":"//span[text()='Error']"}
RESULT: {"using":"xpath","value":"//span[text()='Error']"}
COMMAND: POST /session/041ece1bac594130e3a6c3bac6c9d85e/element - {"using":"xpath","value":"//button[@data-kt=\"addNewRUOverflowToolbarButton\"]"}
RESULT: {"using":"xpath","value":"//button[@data-kt=\"addNewRUOverflowToolbarButton\"]"}
COMMAND: POST /session/041ece1bac594130e3a6c3bac6c9d85e/elements - {"using":"xpath","value":"//button[@data-kt=\"addNewRUOverflowToolbarButton\"]"}
RESULT: {"using":"xpath","value":"//button[@data-kt=\"addNewRUOverflowToolbarButton\"]"}
COMMAND: POST /session/041ece1bac594130e3a6c3bac6c9d85e/elements - {"using":"xpath","value":"//button[@data-kt=\"addNewRUOverflowToolbarButton\"]"}
RESULT: {"using":"xpath","value":"//button[@data-kt=\"addNewRUOverflowToolbarButton\"]"}
COMMAND: POST /session/041ece1bac594130e3a6c3bac6c9d85e/element - {"using":"xpath","value":"//button[@data-kt=\"addNewRUOverflowToolbarButton\"]"}
RESULT: {"using":"xpath","value":"//button[@data-kt=\"addNewRUOverflowToolbarButton\"]"}
COMMAND: POST /session/041ece1bac594130e3a6c3bac6c9d85e/execute/sync - {"script":"<script> [8489 bytes]","args":[{"element-6066-11e4-a52e-4f735466cecf":"f.F1E1A893882E28A71BFE42B112EBC3C6.d.6409996030934AEAA4C0DE793FA522BF.e.4511","ELEMENT":"f.F1E1A893882E28A71BFE42B112EBC3C6.d.6409996030934AEAA4C0DE793FA522BF.e.4511"}]}
RESULT: {"script":"<script> [8489 bytes]","args":[{"element-6066-11e4-a52e-4f735466cecf":"f.F1E1A893882E28A71BFE42B112EBC3C6.d.6409996030934AEAA4C0DE793FA522BF.e.4511","ELEMENT":"f.F1E1A893882E28A71BFE42B112EBC3C6.d.6409996030934AEAA4C0DE793FA522BF.e.4511"}]}
COMMAND: GET /session/041ece1bac594130e3a6c3bac6c9d85e/element/f.F1E1A893882E28A71BFE42B112EBC3C6.d.6409996030934AEAA4C0DE793FA522BF.e.4511/enabled - {}
COMMAND: GET /session/041ece1bac594130e3a6c3bac6c9d85e/screenshot - {}
RESULT: {}
COMMAND: POST /session/041ece1bac594130e3a6c3bac6c9d85e/execute/sync - {"script":"<script> [8489 bytes]","args":[{"element-6066-11e4-a52e-4f735466cecf":"f.F1E1A893882E28A71BFE42B112EBC3C6.d.6409996030934AEAA4C0DE793FA522BF.e.4511","ELEMENT":"f.F1E1A893882E28A71BFE42B112EBC3C6.d.6409996030934AEAA4C0DE793FA522BF.e.4511"}]}
COMMAND: GET /session/041ece1bac594130e3a6c3bac6c9d85e/screenshot - {}
RESULT: {}
RESULT: {"script":"<script> [8489 bytes]","args":[{"element-6066-11e4-a52e-4f735466cecf":"f.F1E1A893882E28A71BFE42B112EBC3C6.d.6409996030934AEAA4C0DE793FA522BF.e.4511","ELEMENT":"f.F1E1A893882E28A71BFE42B112EBC3C6.d.6409996030934AEAA4C0DE793FA522BF.e.4511"}]}
COMMAND: POST /session/041ece1bac594130e3a6c3bac6c9d85e/execute/sync - {"script":"<script> [5351 bytes]","args":[{"element-6066-11e4-a52e-4f735466cecf":"f.F1E1A893882E28A71BFE42B112EBC3C6.d.6409996030934AEAA4C0DE793FA522BF.e.4511","ELEMENT":"f.F1E1A893882E28A71BFE42B112EBC3C6.d.6409996030934AEAA4C0DE793FA522BF.e.4511"}]}
COMMAND: GET /session/041ece1bac594130e3a6c3bac6c9d85e/screenshot - {}
RESULT: {}
RESULT: {"script":"<script> [5351 bytes]","args":[{"element-6066-11e4-a52e-4f735466cecf":"f.F1E1A893882E28A71BFE42B112EBC3C6.d.6409996030934AEAA4C0DE793FA522BF.e.4511","ELEMENT":"f.F1E1A893882E28A71BFE42B112EBC3C6.d.6409996030934AEAA4C0DE793FA522BF.e.4511"}]}
COMMAND: POST /session/041ece1bac594130e3a6c3bac6c9d85e/element/f.F1E1A893882E28A71BFE42B112EBC3C6.d.6409996030934AEAA4C0DE793FA522BF.e.4511/click - {}
COMMAND: GET /session/041ece1bac594130e3a6c3bac6c9d85e/screenshot - {}
RESULT: {}
RESULT: {}
COMMAND: GET /session/041ece1bac594130e3a6c3bac6c9d85e/screenshot - {}
COMMAND: POST /session/041ece1bac594130e3a6c3bac6c9d85e/execute/async - {"script":"<script> [1562 bytes]","args":[{"selector":{"id":"application-manageresources-display-component---newResourceUnit--TYPE-arrow"},"wdio_ui5_key":"applicationmanageresources-display-component---newResourceUnit--TYPE-arrow"}]}
RESULT: {}
RESULT: {}
RESULT: {"script":"<script> [1562 bytes]","args":[{"selector":{"id":"application-manageresources-display-component---newResourceUnit--TYPE-arrow"},"wdio_ui5_key":"applicationmanageresources-display-component---newResourceUnit--TYPE-arrow"}]}
RESULT: undefined
COMMAND: POST /session/041ece1bac594130e3a6c3bac6c9d85e/element - {"using":"xpath","value":"//*[@id=\"application-manageresources-display-component---newResourceUnit--TYPE-arrow\"]"}
RESULT: {"using":"xpath","value":"//*[@id=\"application-manageresources-display-component---newResourceUnit--TYPE-arrow\"]"}
COMMAND: POST /session/041ece1bac594130e3a6c3bac6c9d85e/element/f.F1E1A893882E28A71BFE42B112EBC3C6.d.6409996030934AEAA4C0DE793FA522BF.e.4856/click - {}
RESULT: {}
COMMAND: POST /session/041ece1bac594130e3a6c3bac6c9d85e/element - {"using":"xpath","value":"//input[@id=\"application-manageresources-display-component---newResourceUnit--TYPE-inner\"]"}
COMMAND: GET /session/041ece1bac594130e3a6c3bac6c9d85e/screenshot - {}
RESULT: {"using":"xpath","value":"//input[@id=\"application-manageresources-display-component---newResourceUnit--TYPE-inner\"]"}
COMMAND: POST /session/041ece1bac594130e3a6c3bac6c9d85e/element/f.F1E1A893882E28A71BFE42B112EBC3C6.d.6409996030934AEAA4C0DE793FA522BF.e.4853/clear - {}
RESULT: {}
RESULT: {}
COMMAND: POST /session/041ece1bac594130e3a6c3bac6c9d85e/element/f.F1E1A893882E28A71BFE42B112EBC3C6.d.6409996030934AEAA4C0DE793FA522BF.e.4853/value - {"text":"Equipment"}
COMMAND: GET /session/041ece1bac594130e3a6c3bac6c9d85e/screenshot - {}
RESULT: {"text":"Equipment"}
COMMAND: GET /session/041ece1bac594130e3a6c3bac6c9d85e/screenshot - {}
RESULT: {}
RESULT: {}
COMMAND: POST /session/041ece1bac594130e3a6c3bac6c9d85e/actions - {"actions":[{"id":"action8","type":"key","parameters":{},"actions":[{"type":"keyDown","value":"î€‡"},{"type":"pause","duration":10},{"type":"keyUp","value":"î€‡"}]}]}
RESULT: {"actions":[{"id":"action8","type":"key","parameters":{},"actions":[{"type":"keyDown","value":"î€‡"},{"type":"pause","duration":10},{"type":"keyUp","value":"î€‡"}]}]}
COMMAND: POST /session/041ece1bac594130e3a6c3bac6c9d85e/execute/async - {"script":"<script> [1562 bytes]","args":[{"selector":{"id":"application-manageresources-display-component---newResourceUnit--resourceId","interaction":{"idSuffix":"inner"}},"wdio_ui5_key":"applicationmanageresources-display-component---newResourceUnit--resourceId"}]}
COMMAND: GET /session/041ece1bac594130e3a6c3bac6c9d85e/screenshot - {}
RESULT: {"script":"<script> [1562 bytes]","args":[{"selector":{"id":"application-manageresources-display-component---newResourceUnit--resourceId","interaction":{"idSuffix":"inner"}},"wdio_ui5_key":"applicationmanageresources-display-component---newResourceUnit--resourceId"}]}
RESULT: undefined
COMMAND: POST /session/041ece1bac594130e3a6c3bac6c9d85e/execute/async - {"script":"<script> [776 bytes]","args":[{"enterText":"cA1o4Y74W5","selector":{"id":"application-manageresources-display-component---newResourceUnit--resourceId","interaction":{"idSuffix":"inner"}},"clearTextFirst":true,"interactionType":"ENTER_TEXT"}]}
RESULT: {}
RESULT: {"script":"<script> [776 bytes]","args":[{"enterText":"cA1o4Y74W5","selector":{"id":"application-manageresources-display-component---newResourceUnit--resourceId","interaction":{"idSuffix":"inner"}},"clearTextFirst":true,"interactionType":"ENTER_TEXT"}]}
COMMAND: POST /session/041ece1bac594130e3a6c3bac6c9d85e/execute/async - {"script":"<script> [1562 bytes]","args":[{"selector":{"id":"application-manageresources-display-component---newResourceUnit--SHORT_TEXT","interaction":{"idSuffix":"inner"}},"wdio_ui5_key":"applicationmanageresources-display-component---newResourceUnit--SHORT_TEXT"}]}
RESULT: {"script":"<script> [1562 bytes]","args":[{"selector":{"id":"application-manageresources-display-component---newResourceUnit--SHORT_TEXT","interaction":{"idSuffix":"inner"}},"wdio_ui5_key":"applicationmanageresources-display-component---newResourceUnit--SHORT_TEXT"}]}
RESULT: undefined
COMMAND: POST /session/041ece1bac594130e3a6c3bac6c9d85e/execute/async - {"script":"<script> [776 bytes]","args":[{"enterText":"Intercompany Equipment WDIO","selector":{"id":"application-manageresources-display-component---newResourceUnit--SHORT_TEXT","interaction":{"idSuffix":"inner"}},"clearTextFirst":true,"interactionType":"ENTER_TEXT"}]}
RESULT: {"script":"<script> [776 bytes]","args":[{"enterText":"Intercompany Equipment WDIO","selector":{"id":"application-manageresources-display-component---newResourceUnit--SHORT_TEXT","interaction":{"idSuffix":"inner"}},"clearTextFirst":true,"interactionType":"ENTER_TEXT"}]}
COMMAND: POST /session/041ece1bac594130e3a6c3bac6c9d85e/execute/async - {"script":"<script> [1562 bytes]","args":[{"selector":{"id":"application-manageresources-display-component---newResourceUnit--BASE_UNIT_OF_MEASURE","interaction":{"idSuffix":"inner"}},"wdio_ui5_key":"applicationmanageresources-display-component---newResourceUnit--BASE_UNIT_OF_MEASURE"}]}
RESULT: {"script":"<script> [1562 bytes]","args":[{"selector":{"id":"application-manageresources-display-component---newResourceUnit--BASE_UNIT_OF_MEASURE","interaction":{"idSuffix":"inner"}},"wdio_ui5_key":"applicationmanageresources-display-component---newResourceUnit--BASE_UNIT_OF_MEASURE"}]}
RESULT: undefined
COMMAND: POST /session/041ece1bac594130e3a6c3bac6c9d85e/execute/async - {"script":"<script> [776 bytes]","args":[{"enterText":"Piece","selector":{"id":"application-manageresources-display-component---newResourceUnit--BASE_UNIT_OF_MEASURE","interaction":{"idSuffix":"inner"}},"clearTextFirst":true,"interactionType":"ENTER_TEXT"}]}
RESULT: {"script":"<script> [776 bytes]","args":[{"enterText":"Piece","selector":{"id":"application-manageresources-display-component---newResourceUnit--BASE_UNIT_OF_MEASURE","interaction":{"idSuffix":"inner"}},"clearTextFirst":true,"interactionType":"ENTER_TEXT"}]}
COMMAND: POST /session/041ece1bac594130e3a6c3bac6c9d85e/execute/async - {"script":"<script> [1562 bytes]","args":[{"selector":{"id":"application-manageresources-display-component---newResourceUnit--WEIGHT_UNIT","interaction":{"idSuffix":"inner"}},"wdio_ui5_key":"applicationmanageresources-display-component---newResourceUnit--WEIGHT_UNIT"}]}
RESULT: {"script":"<script> [1562 bytes]","args":[{"selector":{"id":"application-manageresources-display-component---newResourceUnit--WEIGHT_UNIT","interaction":{"idSuffix":"inner"}},"wdio_ui5_key":"applicationmanageresources-display-component---newResourceUnit--WEIGHT_UNIT"}]}
RESULT: undefined
COMMAND: POST /session/041ece1bac594130e3a6c3bac6c9d85e/execute/async - {"script":"<script> [776 bytes]","args":[{"enterText":"Gram","selector":{"id":"application-manageresources-display-component---newResourceUnit--WEIGHT_UNIT","interaction":{"idSuffix":"inner"}},"clearTextFirst":true,"interactionType":"ENTER_TEXT"}]}
RESULT: {"script":"<script> [776 bytes]","args":[{"enterText":"Gram","selector":{"id":"application-manageresources-display-component---newResourceUnit--WEIGHT_UNIT","interaction":{"idSuffix":"inner"}},"clearTextFirst":true,"interactionType":"ENTER_TEXT"}]}
COMMAND: POST /session/041ece1bac594130e3a6c3bac6c9d85e/execute/async - {"script":"<script> [1562 bytes]","args":[{"selector":{"id":"application-manageresources-display-component---newResourceUnit--DIMENSION_UNIT","interaction":{"idSuffix":"inner"}},"wdio_ui5_key":"applicationmanageresources-display-component---newResourceUnit--DIMENSION_UNIT"}]}
RESULT: {"script":"<script> [1562 bytes]","args":[{"selector":{"id":"application-manageresources-display-component---newResourceUnit--DIMENSION_UNIT","interaction":{"idSuffix":"inner"}},"wdio_ui5_key":"applicationmanageresources-display-component---newResourceUnit--DIMENSION_UNIT"}]}
RESULT: undefined
COMMAND: POST /session/041ece1bac594130e3a6c3bac6c9d85e/execute/async - {"script":"<script> [776 bytes]","args":[{"enterText":"Meter","selector":{"id":"application-manageresources-display-component---newResourceUnit--DIMENSION_UNIT","interaction":{"idSuffix":"inner"}},"clearTextFirst":true,"interactionType":"ENTER_TEXT"}]}
RESULT: {"script":"<script> [776 bytes]","args":[{"enterText":"Meter","selector":{"id":"application-manageresources-display-component---newResourceUnit--DIMENSION_UNIT","interaction":{"idSuffix":"inner"}},"clearTextFirst":true,"interactionType":"ENTER_TEXT"}]}
COMMAND: POST /session/041ece1bac594130e3a6c3bac6c9d85e/execute/async - {"script":"<script> [1562 bytes]","args":[{"selector":{"id":"application-manageresources-display-component---newResourceUnit--newRRUPage-anchBar-application-manageresources-display-component---newResourceUnit--control-anchor","interaction":{"idSuffix":"BDI-content"}},"wdio_ui5_key":"applicationmanageresources-display-component---newResourceUnit--newRRUPage-anchBar-application-manageresources-display-component---newResourceUnit--control-anchor"}]}
RESULT: {"script":"<script> [1562 bytes]","args":[{"selector":{"id":"application-manageresources-display-component---newResourceUnit--newRRUPage-anchBar-application-manageresources-display-component---newResourceUnit--control-anchor","interaction":{"idSuffix":"BDI-content"}},"wdio_ui5_key":"applicationmanageresources-display-component---newResourceUnit--newRRUPage-anchBar-application-manageresources-display-component---newResourceUnit--control-anchor"}]}
RESULT: undefined
COMMAND: POST /session/041ece1bac594130e3a6c3bac6c9d85e/element - {"using":"xpath","value":"//*[@id=\"application-manageresources-display-component---newResourceUnit--newRRUPage-anchBar-application-manageresources-display-component---newResourceUnit--control-anchor\"]"}
RESULT: {"using":"xpath","value":"//*[@id=\"application-manageresources-display-component---newResourceUnit--newRRUPage-anchBar-application-manageresources-display-component---newResourceUnit--control-anchor\"]"}
COMMAND: POST /session/041ece1bac594130e3a6c3bac6c9d85e/element/f.F1E1A893882E28A71BFE42B112EBC3C6.d.6409996030934AEAA4C0DE793FA522BF.e.5014/click - {}
RESULT: {}
COMMAND: POST /session/041ece1bac594130e3a6c3bac6c9d85e/execute/async - {"script":"<script> [1562 bytes]","args":[{"selector":{"id":"application-manageresources-display-component---newResourceUnit--PLANNING_GROUP","interaction":{"idSuffix":"inner"}},"wdio_ui5_key":"applicationmanageresources-display-component---newResourceUnit--PLANNING_GROUP"}]}
COMMAND: GET /session/041ece1bac594130e3a6c3bac6c9d85e/screenshot - {}
RESULT: {}
RESULT: {"script":"<script> [1562 bytes]","args":[{"selector":{"id":"application-manageresources-display-component---newResourceUnit--PLANNING_GROUP","interaction":{"idSuffix":"inner"}},"wdio_ui5_key":"applicationmanageresources-display-component---newResourceUnit--PLANNING_GROUP"}]}
RESULT: undefined
COMMAND: POST /session/041ece1bac594130e3a6c3bac6c9d85e/execute/async - {"script":"<script> [776 bytes]","args":[{"enterText":"Heavy Equi","selector":{"id":"application-manageresources-display-component---newResourceUnit--PLANNING_GROUP","interaction":{"idSuffix":"inner"}},"clearTextFirst":true,"interactionType":"ENTER_TEXT"}]}
RESULT: {"script":"<script> [776 bytes]","args":[{"enterText":"Heavy Equi","selector":{"id":"application-manageresources-display-component---newResourceUnit--PLANNING_GROUP","interaction":{"idSuffix":"inner"}},"clearTextFirst":true,"interactionType":"ENTER_TEXT"}]}
COMMAND: POST /session/041ece1bac594130e3a6c3bac6c9d85e/execute/async - {"script":"<script> [1562 bytes]","args":[{"selector":{"id":"application-manageresources-display-component---newResourceUnit--ITEM_TYPE-arrow"},"wdio_ui5_key":"applicationmanageresources-display-component---newResourceUnit--ITEM_TYPE-arrow"}]}
RESULT: {"script":"<script> [1562 bytes]","args":[{"selector":{"id":"application-manageresources-display-component---newResourceUnit--ITEM_TYPE-arrow"},"wdio_ui5_key":"applicationmanageresources-display-component---newResourceUnit--ITEM_TYPE-arrow"}]}
RESULT: undefined
COMMAND: POST /session/041ece1bac594130e3a6c3bac6c9d85e/element - {"using":"xpath","value":"//*[@id=\"application-manageresources-display-component---newResourceUnit--ITEM_TYPE-arrow\"]"}
RESULT: {"using":"xpath","value":"//*[@id=\"application-manageresources-display-component---newResourceUnit--ITEM_TYPE-arrow\"]"}
COMMAND: POST /session/041ece1bac594130e3a6c3bac6c9d85e/element/f.F1E1A893882E28A71BFE42B112EBC3C6.d.6409996030934AEAA4C0DE793FA522BF.e.5023/click - {}
RESULT: {}
COMMAND: POST /session/041ece1bac594130e3a6c3bac6c9d85e/element - {"using":"xpath","value":"//ul[contains(@id,\"ITEM_TYPE-popup-list-listUl\")]//li[.//span[contains(text(),\"Resource Unit\")]]"}
COMMAND: GET /session/041ece1bac594130e3a6c3bac6c9d85e/screenshot - {}
RESULT: {"using":"xpath","value":"//ul[contains(@id,\"ITEM_TYPE-popup-list-listUl\")]//li[.//span[contains(text(),\"Resource Unit\")]]"}
COMMAND: POST /session/041ece1bac594130e3a6c3bac6c9d85e/element/f.F1E1A893882E28A71BFE42B112EBC3C6.d.6409996030934AEAA4C0DE793FA522BF.e.5024/click - {}
RESULT: {}
RESULT: {}
COMMAND: GET /session/041ece1bac594130e3a6c3bac6c9d85e/screenshot - {}
RESULT: {}
COMMAND: POST /session/041ece1bac594130e3a6c3bac6c9d85e/element - {"using":"css selector","value":"#application-manageresources-display-component---newResourceUnit--btnAddTimeSegment"}
RESULT: {"using":"css selector","value":"#application-manageresources-display-component---newResourceUnit--btnAddTimeSegment"}
COMMAND: GET /session/041ece1bac594130e3a6c3bac6c9d85e/element/f.F1E1A893882E28A71BFE42B112EBC3C6.d.6409996030934AEAA4C0DE793FA522BF.e.5031/rect - {}
RESULT: {}
COMMAND: GET /session/041ece1bac594130e3a6c3bac6c9d85e/window/rect - {}
RESULT: {}
COMMAND: POST /session/041ece1bac594130e3a6c3bac6c9d85e/execute/sync - {"script":"<script> [92 bytes]","args":[]}
RESULT: {"script":"<script> [92 bytes]","args":[]}
COMMAND: POST /session/041ece1bac594130e3a6c3bac6c9d85e/actions - {"actions":[{"id":"action9","type":"wheel","parameters":{},"actions":[{"type":"scroll","x":-1888,"y":-32,"deltaX":0,"deltaY":0,"duration":0,"origin":{"element-6066-11e4-a52e-4f735466cecf":"f.F1E1A893882E28A71BFE42B112EBC3C6.d.6409996030934AEAA4C0DE793FA522BF.e.5031"}}]}]}
COMMAND: GET /session/041ece1bac594130e3a6c3bac6c9d85e/screenshot - {}
RESULT: {}
COMMAND: POST /session/041ece1bac594130e3a6c3bac6c9d85e/execute/sync - {"script":"<script> [79 bytes]","args":[{"element-6066-11e4-a52e-4f735466cecf":"f.F1E1A893882E28A71BFE42B112EBC3C6.d.6409996030934AEAA4C0DE793FA522BF.e.5031","ELEMENT":"f.F1E1A893882E28A71BFE42B112EBC3C6.d.6409996030934AEAA4C0DE793FA522BF.e.5031"},{"block":"start","inline":"nearest"}]}
RESULT: {"script":"<script> [79 bytes]","args":[{"element-6066-11e4-a52e-4f735466cecf":"f.F1E1A893882E28A71BFE42B112EBC3C6.d.6409996030934AEAA4C0DE793FA522BF.e.5031","ELEMENT":"f.F1E1A893882E28A71BFE42B112EBC3C6.d.6409996030934AEAA4C0DE793FA522BF.e.5031"},{"block":"start","inline":"nearest"}]}
COMMAND: POST /session/041ece1bac594130e3a6c3bac6c9d85e/execute/async - {"script":"<script> [1562 bytes]","args":[{"selector":{"id":"application-manageresources-display-component---newResourceUnit--btnAddTimeSegment","interaction":{"idSuffix":"inner"}},"wdio_ui5_key":"applicationmanageresources-display-component---newResourceUnit--btnAddTimeSegment"}]}
COMMAND: GET /session/041ece1bac594130e3a6c3bac6c9d85e/screenshot - {}
RESULT: {"script":"<script> [1562 bytes]","args":[{"selector":{"id":"application-manageresources-display-component---newResourceUnit--btnAddTimeSegment","interaction":{"idSuffix":"inner"}},"wdio_ui5_key":"applicationmanageresources-display-component---newResourceUnit--btnAddTimeSegment"}]}
RESULT: undefined
COMMAND: POST /session/041ece1bac594130e3a6c3bac6c9d85e/element - {"using":"xpath","value":"//*[@id=\"application-manageresources-display-component---newResourceUnit--btnAddTimeSegment\"]"}
RESULT: {}
RESULT: {"using":"xpath","value":"//*[@id=\"application-manageresources-display-component---newResourceUnit--btnAddTimeSegment\"]"}
COMMAND: POST /session/041ece1bac594130e3a6c3bac6c9d85e/element/f.F1E1A893882E28A71BFE42B112EBC3C6.d.6409996030934AEAA4C0DE793FA522BF.e.5031/click - {}
RESULT: {}
COMMAND: GET /session/041ece1bac594130e3a6c3bac6c9d85e/screenshot - {}
RESULT: {}
COMMAND: POST /session/041ece1bac594130e3a6c3bac6c9d85e/element - {"using":"xpath","value":"//input[@id=\"application-manageresources-display-component---newResourceUnit--idRuTSAdmin-application-manageresources-display-component---newResourceUnit--RUTimeSegment-0-inner\"]"}
RESULT: {"using":"xpath","value":"//input[@id=\"application-manageresources-display-component---newResourceUnit--idRuTSAdmin-application-manageresources-display-component---newResourceUnit--RUTimeSegment-0-inner\"]"}
COMMAND: POST /session/041ece1bac594130e3a6c3bac6c9d85e/element/f.F1E1A893882E28A71BFE42B112EBC3C6.d.6409996030934AEAA4C0DE793FA522BF.e.5037/clear - {}
RESULT: {}
COMMAND: POST /session/041ece1bac594130e3a6c3bac6c9d85e/element/f.F1E1A893882E28A71BFE42B112EBC3C6.d.6409996030934AEAA4C0DE793FA522BF.e.5037/value - {"text":"689"}
COMMAND: GET /session/041ece1bac594130e3a6c3bac6c9d85e/screenshot - {}
RESULT: {"text":"689"}
COMMAND: GET /session/041ece1bac594130e3a6c3bac6c9d85e/screenshot - {}
RESULT: {}
RESULT: {}
COMMAND: POST /session/041ece1bac594130e3a6c3bac6c9d85e/element - {"using":"xpath","value":"//li[.//span[text()='689']]"}
RESULT: {"using":"xpath","value":"//li[.//span[text()='689']]"}
COMMAND: POST /session/041ece1bac594130e3a6c3bac6c9d85e/element/f.F1E1A893882E28A71BFE42B112EBC3C6.d.6409996030934AEAA4C0DE793FA522BF.e.5049/click - {}
RESULT: {}
COMMAND: GET /session/041ece1bac594130e3a6c3bac6c9d85e/screenshot - {}
RESULT: {}
COMMAND: POST /session/041ece1bac594130e3a6c3bac6c9d85e/element - {"using":"xpath","value":"(//span[contains(@id, \"-application-manageresources-display-component---newResourceUnit--RUTimeSegment-0-arrow\")])[6]"}
RESULT: {"using":"xpath","value":"(//span[contains(@id, \"-application-manageresources-display-component---newResourceUnit--RUTimeSegment-0-arrow\")])[6]"}
COMMAND: POST /session/041ece1bac594130e3a6c3bac6c9d85e/element/f.F1E1A893882E28A71BFE42B112EBC3C6.d.6409996030934AEAA4C0DE793FA522BF.e.5050/click - {}
RESULT: {}
COMMAND: GET /session/041ece1bac594130e3a6c3bac6c9d85e/screenshot - {}
RESULT: {}
COMMAND: POST /session/041ece1bac594130e3a6c3bac6c9d85e/element - {"using":"xpath","value":"//span[contains(text(), \"PM Order\")]"}
RESULT: {"using":"xpath","value":"//span[contains(text(), \"PM Order\")]"}
COMMAND: POST /session/041ece1bac594130e3a6c3bac6c9d85e/element/f.F1E1A893882E28A71BFE42B112EBC3C6.d.6409996030934AEAA4C0DE793FA522BF.e.5053/click - {}
RESULT: {}
COMMAND: GET /session/041ece1bac594130e3a6c3bac6c9d85e/screenshot - {}
RESULT: {}
COMMAND: POST /session/041ece1bac594130e3a6c3bac6c9d85e/element - {"using":"xpath","value":"(//span[contains(@id ,\"manageresources-display-component---newResourceUnit--RUTimeSegment-0-vhi\")])[1]"}
RESULT: {"using":"xpath","value":"(//span[contains(@id ,\"manageresources-display-component---newResourceUnit--RUTimeSegment-0-vhi\")])[1]"}
COMMAND: GET /session/041ece1bac594130e3a6c3bac6c9d85e/element/f.F1E1A893882E28A71BFE42B112EBC3C6.d.6409996030934AEAA4C0DE793FA522BF.e.5057/rect - {}
RESULT: {}
COMMAND: GET /session/041ece1bac594130e3a6c3bac6c9d85e/window/rect - {}
RESULT: {}
COMMAND: POST /session/041ece1bac594130e3a6c3bac6c9d85e/execute/sync - {"script":"<script> [92 bytes]","args":[]}
RESULT: {"script":"<script> [92 bytes]","args":[]}
COMMAND: POST /session/041ece1bac594130e3a6c3bac6c9d85e/actions - {"actions":[{"id":"action10","type":"wheel","parameters":{},"actions":[{"type":"scroll","x":-869,"y":-24,"deltaX":0,"deltaY":0,"duration":0,"origin":{"element-6066-11e4-a52e-4f735466cecf":"f.F1E1A893882E28A71BFE42B112EBC3C6.d.6409996030934AEAA4C0DE793FA522BF.e.5057"}}]}]}
COMMAND: GET /session/041ece1bac594130e3a6c3bac6c9d85e/screenshot - {}
RESULT: {"actions":[{"id":"action10","type":"wheel","parameters":{},"actions":[{"type":"scroll","x":-869,"y":-24,"deltaX":0,"deltaY":0,"duration":0,"origin":{"element-6066-11e4-a52e-4f735466cecf":"f.F1E1A893882E28A71BFE42B112EBC3C6.d.6409996030934AEAA4C0DE793FA522BF.e.5057"}}]}]}
COMMAND: DELETE /session/041ece1bac594130e3a6c3bac6c9d85e/actions - {}
COMMAND: GET /session/041ece1bac594130e3a6c3bac6c9d85e/screenshot - {}
RESULT: {}
RESULT: {}
COMMAND: GET /session/041ece1bac594130e3a6c3bac6c9d85e/screenshot - {}
RESULT: {}
RESULT: {}
COMMAND: POST /session/041ece1bac594130e3a6c3bac6c9d85e/element/f.F1E1A893882E28A71BFE42B112EBC3C6.d.6409996030934AEAA4C0DE793FA522BF.e.5057/click - {}
RESULT: {}
COMMAND: GET /session/041ece1bac594130e3a6c3bac6c9d85e/screenshot - {}
RESULT: {}
RESULT: undefined
COMMAND: POST /session/041ece1bac594130e3a6c3bac6c9d85e/execute/async - {"script":"<script> [776 bytes]","args":[{"enterText":"4000360","selector":{"controlType":"sap.m.SearchField","properties":{"placeholder":"Search"},"searchOpenDialogs":true,"interaction":{"idSuffix":"I"}},"clearTextFirst":true,"interactionType":"ENTER_TEXT"}]}
RESULT: {"script":"<script> [776 bytes]","args":[{"enterText":"4000360","selector":{"controlType":"sap.m.SearchField","properties":{"placeholder":"Search"},"searchOpenDialogs":true,"interaction":{"idSuffix":"I"}},"clearTextFirst":true,"interactionType":"ENTER_TEXT"}]}
COMMAND: POST /session/041ece1bac594130e3a6c3bac6c9d85e/actions - {"actions":[{"id":"action11","type":"key","parameters":{},"actions":[{"type":"keyDown","value":"î€‡"},{"type":"pause","duration":10},{"type":"keyUp","value":"î€‡"}]}]}
RESULT: {"actions":[{"id":"action11","type":"key","parameters":{},"actions":[{"type":"keyDown","value":"î€‡"},{"type":"pause","duration":10},{"type":"keyUp","value":"î€‡"}]}]}
COMMAND: GET /session/041ece1bac594130e3a6c3bac6c9d85e/screenshot - {}
RESULT: {}
COMMAND: POST /session/041ece1bac594130e3a6c3bac6c9d85e/element - {"using":"xpath","value":"//td/div/span[contains(text(), \"BGL Vehicles\")]"}
RESULT: {"using":"xpath","value":"//td/div/span[contains(text(), \"BGL Vehicles\")]"}
COMMAND: POST /session/041ece1bac594130e3a6c3bac6c9d85e/element/f.F1E1A893882E28A71BFE42B112EBC3C6.d.6409996030934AEAA4C0DE793FA522BF.e.5076/click - {}
RESULT: {}
COMMAND: GET /session/041ece1bac594130e3a6c3bac6c9d85e/screenshot - {}
RESULT: {}
COMMAND: POST /session/041ece1bac594130e3a6c3bac6c9d85e/element - {"using":"xpath","value":"//bdi[contains(text(), \"OK\")]"}
RESULT: {"using":"xpath","value":"//bdi[contains(text(), \"OK\")]"}
COMMAND: POST /session/041ece1bac594130e3a6c3bac6c9d85e/element/f.F1E1A893882E28A71BFE42B112EBC3C6.d.6409996030934AEAA4C0DE793FA522BF.e.5077/click - {}
RESULT: {}
COMMAND: GET /session/041ece1bac594130e3a6c3bac6c9d85e/screenshot - {}
RESULT: {}
COMMAND: POST /session/041ece1bac594130e3a6c3bac6c9d85e/execute/async - {"script":"<script> [1562 bytes]","args":[{"selector":{"id":"application-manageresources-display-component---newResourceUnit--newRRUPage-anchBar-application-manageresources-display-component---newResourceUnit--resource-anchor","interaction":{"idSuffix":"BDI-content"}},"wdio_ui5_key":"applicationmanageresources-display-component---newResourceUnit--newRRUPage-anchBar-application-manageresources-display-component---newResourceUnit--resource-anchor"}]}
RESULT: {"script":"<script> [1562 bytes]","args":[{"selector":{"id":"application-manageresources-display-component---newResourceUnit--newRRUPage-anchBar-application-manageresources-display-component---newResourceUnit--resource-anchor","interaction":{"idSuffix":"BDI-content"}},"wdio_ui5_key":"applicationmanageresources-display-component---newResourceUnit--newRRUPage-anchBar-application-manageresources-display-component---newResourceUnit--resource-anchor"}]}
RESULT: undefined
COMMAND: POST /session/041ece1bac594130e3a6c3bac6c9d85e/element - {"using":"xpath","value":"//*[@id=\"application-manageresources-display-component---newResourceUnit--newRRUPage-anchBar-application-manageresources-display-component---newResourceUnit--resource-anchor\"]"}
RESULT: {"using":"xpath","value":"//*[@id=\"application-manageresources-display-component---newResourceUnit--newRRUPage-anchBar-application-manageresources-display-component---newResourceUnit--resource-anchor\"]"}
COMMAND: POST /session/041ece1bac594130e3a6c3bac6c9d85e/element/f.F1E1A893882E28A71BFE42B112EBC3C6.d.6409996030934AEAA4C0DE793FA522BF.e.5081/click - {}
RESULT: {}
COMMAND: POST /session/041ece1bac594130e3a6c3bac6c9d85e/execute/async - {"script":"<script> [1562 bytes]","args":[{"selector":{"id":"application-manageresources-display-component---newResourceUnit--PLANNED_DELIVERY_DATE","interaction":{"idSuffix":"inner"}},"wdio_ui5_key":"applicationmanageresources-display-component---newResourceUnit--PLANNED_DELIVERY_DATE"}]}
COMMAND: GET /session/041ece1bac594130e3a6c3bac6c9d85e/screenshot - {}
RESULT: {"script":"<script> [1562 bytes]","args":[{"selector":{"id":"application-manageresources-display-component---newResourceUnit--PLANNED_DELIVERY_DATE","interaction":{"idSuffix":"inner"}},"wdio_ui5_key":"applicationmanageresources-display-component---newResourceUnit--PLANNED_DELIVERY_DATE"}]}
RESULT: undefined
COMMAND: POST /session/041ece1bac594130e3a6c3bac6c9d85e/execute/async - {"script":"<script> [6424 bytes]","args":[{"element-6066-11e4-a52e-4f735466cecf":"f.F1E1A893882E28A71BFE42B112EBC3C6.d.6409996030934AEAA4C0DE793FA522BF.e.4913"},"setValue",["6/5/25"]]}
RESULT: {}
RESULT: {"script":"<script> [6424 bytes]","args":[{"element-6066-11e4-a52e-4f735466cecf":"f.F1E1A893882E28A71BFE42B112EBC3C6.d.6409996030934AEAA4C0DE793FA522BF.e.4913"},"setValue",["6/5/25"]]}
COMMAND: POST /session/041ece1bac594130e3a6c3bac6c9d85e/element - {"using":"xpath","value":"//label[contains(@class, 'sapMLabelRequired') and .//bdi[contains(text(), 'Planned Retirement')]]"}
RESULT: {"using":"xpath","value":"//label[contains(@class, 'sapMLabelRequired') and .//bdi[contains(text(), 'Planned Retirement')]]"}
COMMAND: POST /session/041ece1bac594130e3a6c3bac6c9d85e/elements - {"using":"xpath","value":"//label[contains(@class, 'sapMLabelRequired') and .//bdi[contains(text(), 'Planned Retirement')]]"}
RESULT: {"using":"xpath","value":"//label[contains(@class, 'sapMLabelRequired') and .//bdi[contains(text(), 'Planned Retirement')]]"}
COMMAND: POST /session/041ece1bac594130e3a6c3bac6c9d85e/element - {"using":"xpath","value":"//button[@data-kt=\"resourceUnitSaveButton\"]"}
RESULT: {"using":"xpath","value":"//button[@data-kt=\"resourceUnitSaveButton\"]"}
COMMAND: POST /session/041ece1bac594130e3a6c3bac6c9d85e/element/f.F1E1A893882E28A71BFE42B112EBC3C6.d.6409996030934AEAA4C0DE793FA522BF.e.4873/click - {}
RESULT: {}
COMMAND: GET /session/041ece1bac594130e3a6c3bac6c9d85e/screenshot - {}
RESULT: {}
COMMAND: POST /session/041ece1bac594130e3a6c3bac6c9d85e/element - {"using":"xpath","value":"//bdi[contains(text(), \"Close\")]"}
RESULT: {"using":"xpath","value":"//bdi[contains(text(), \"Close\")]"}
COMMAND: POST /session/041ece1bac594130e3a6c3bac6c9d85e/element/f.F1E1A893882E28A71BFE42B112EBC3C6.d.6409996030934AEAA4C0DE793FA522BF.e.5089/click - {}
RESULT: {}
COMMAND: GET /session/041ece1bac594130e3a6c3bac6c9d85e/screenshot - {}
RESULT: {}
COMMAND: POST /session/041ece1bac594130e3a6c3bac6c9d85e/element - {"using":"xpath","value":"(//button[contains(@id ,\"actionsToolbar-overflowButton\")])[1]"}
RESULT: {"using":"xpath","value":"(//button[contains(@id ,\"actionsToolbar-overflowButton\")])[1]"}
COMMAND: POST /session/041ece1bac594130e3a6c3bac6c9d85e/element/f.F1E1A893882E28A71BFE42B112EBC3C6.d.6409996030934AEAA4C0DE793FA522BF.e.5146/click - {}
RESULT: {}
COMMAND: GET /session/041ece1bac594130e3a6c3bac6c9d85e/screenshot - {}
RESULT: {}
COMMAND: POST /session/041ece1bac594130e3a6c3bac6c9d85e/element - {"using":"xpath","value":"//button[@data-kt=\"priceInfoButton\"]"}
RESULT: {"using":"xpath","value":"//button[@data-kt=\"priceInfoButton\"]"}
COMMAND: POST /session/041ece1bac594130e3a6c3bac6c9d85e/element/f.F1E1A893882E28A71BFE42B112EBC3C6.d.6409996030934AEAA4C0DE793FA522BF.e.5148/click - {}
RESULT: {}
COMMAND: GET /session/041ece1bac594130e3a6c3bac6c9d85e/screenshot - {}
RESULT: {}
]]></system-out>
    </testcase>
    <testcase classname="chrome.137_0_7151_56.windows.Billing_Transfer_-_Master_data_&amp;_Intercompany_US127250" name="Should create new pricing rule TB on the equipment TB" time="64.189">
      <system-out><![CDATA[
COMMAND: POST /session/041ece1bac594130e3a6c3bac6c9d85e/element - {"using":"xpath","value":"//button[@data-kt=\"addButton\"]"}
RESULT: {"using":"xpath","value":"//button[@data-kt=\"addButton\"]"}
COMMAND: POST /session/041ece1bac594130e3a6c3bac6c9d85e/elements - {"using":"xpath","value":"//button[@data-kt=\"addButton\"]"}
RESULT: {"using":"xpath","value":"//button[@data-kt=\"addButton\"]"}
COMMAND: POST /session/041ece1bac594130e3a6c3bac6c9d85e/execute/sync - {"script":"<script> [8489 bytes]","args":[{"element-6066-11e4-a52e-4f735466cecf":"f.F1E1A893882E28A71BFE42B112EBC3C6.d.6409996030934AEAA4C0DE793FA522BF.e.5180","ELEMENT":"f.F1E1A893882E28A71BFE42B112EBC3C6.d.6409996030934AEAA4C0DE793FA522BF.e.5180"}]}
RESULT: {"script":"<script> [8489 bytes]","args":[{"element-6066-11e4-a52e-4f735466cecf":"f.F1E1A893882E28A71BFE42B112EBC3C6.d.6409996030934AEAA4C0DE793FA522BF.e.5180","ELEMENT":"f.F1E1A893882E28A71BFE42B112EBC3C6.d.6409996030934AEAA4C0DE793FA522BF.e.5180"}]}
COMMAND: GET /session/041ece1bac594130e3a6c3bac6c9d85e/element/f.F1E1A893882E28A71BFE42B112EBC3C6.d.6409996030934AEAA4C0DE793FA522BF.e.5180/enabled - {}
COMMAND: GET /session/041ece1bac594130e3a6c3bac6c9d85e/screenshot - {}
RESULT: {}
COMMAND: POST /session/041ece1bac594130e3a6c3bac6c9d85e/execute/sync - {"script":"<script> [8489 bytes]","args":[{"element-6066-11e4-a52e-4f735466cecf":"f.F1E1A893882E28A71BFE42B112EBC3C6.d.6409996030934AEAA4C0DE793FA522BF.e.5180","ELEMENT":"f.F1E1A893882E28A71BFE42B112EBC3C6.d.6409996030934AEAA4C0DE793FA522BF.e.5180"}]}
COMMAND: GET /session/041ece1bac594130e3a6c3bac6c9d85e/screenshot - {}
RESULT: {}
RESULT: {"script":"<script> [8489 bytes]","args":[{"element-6066-11e4-a52e-4f735466cecf":"f.F1E1A893882E28A71BFE42B112EBC3C6.d.6409996030934AEAA4C0DE793FA522BF.e.5180","ELEMENT":"f.F1E1A893882E28A71BFE42B112EBC3C6.d.6409996030934AEAA4C0DE793FA522BF.e.5180"}]}
COMMAND: POST /session/041ece1bac594130e3a6c3bac6c9d85e/execute/sync - {"script":"<script> [5351 bytes]","args":[{"element-6066-11e4-a52e-4f735466cecf":"f.F1E1A893882E28A71BFE42B112EBC3C6.d.6409996030934AEAA4C0DE793FA522BF.e.5180","ELEMENT":"f.F1E1A893882E28A71BFE42B112EBC3C6.d.6409996030934AEAA4C0DE793FA522BF.e.5180"}]}
COMMAND: GET /session/041ece1bac594130e3a6c3bac6c9d85e/screenshot - {}
RESULT: {}
RESULT: {"script":"<script> [5351 bytes]","args":[{"element-6066-11e4-a52e-4f735466cecf":"f.F1E1A893882E28A71BFE42B112EBC3C6.d.6409996030934AEAA4C0DE793FA522BF.e.5180","ELEMENT":"f.F1E1A893882E28A71BFE42B112EBC3C6.d.6409996030934AEAA4C0DE793FA522BF.e.5180"}]}
COMMAND: POST /session/041ece1bac594130e3a6c3bac6c9d85e/element/f.F1E1A893882E28A71BFE42B112EBC3C6.d.6409996030934AEAA4C0DE793FA522BF.e.5180/click - {}
COMMAND: GET /session/041ece1bac594130e3a6c3bac6c9d85e/screenshot - {}
RESULT: {}
RESULT: {}
COMMAND: GET /session/041ece1bac594130e3a6c3bac6c9d85e/screenshot - {}
RESULT: {}
RESULT: {}
COMMAND: POST /session/041ece1bac594130e3a6c3bac6c9d85e/execute/async - {"script":"<script> [1562 bytes]","args":[{"selector":{"controlType":"sap.m.Title","viewName":"etm.portal.ui.managepricingrules.view.NewItem","viewId":"application-managepricingrules-display-component---newInfoPriceItem","properties":{"text":"New Pricing Rules - Item Level"}},"wdio_ui5_key":"etmportal.ui.managepricingrules.view.NewItemsap.m.Title{\"text\":\"New Pricing Rules - Item Level\"}"}]}
RESULT: {"script":"<script> [1562 bytes]","args":[{"selector":{"controlType":"sap.m.Title","viewName":"etm.portal.ui.managepricingrules.view.NewItem","viewId":"application-managepricingrules-display-component---newInfoPriceItem","properties":{"text":"New Pricing Rules - Item Level"}},"wdio_ui5_key":"etmportal.ui.managepricingrules.view.NewItemsap.m.Title{\"text\":\"New Pricing Rules - Item Level\"}"}]}
RESULT: undefined
COMMAND: POST /session/041ece1bac594130e3a6c3bac6c9d85e/execute/async - {"script":"<script> [6424 bytes]","args":[{"element-6066-11e4-a52e-4f735466cecf":"f.F1E1A893882E28A71BFE42B112EBC3C6.d.6409996030934AEAA4C0DE793FA522BF.e.5355"},"getText",[]]}
RESULT: {"script":"<script> [6424 bytes]","args":[{"element-6066-11e4-a52e-4f735466cecf":"f.F1E1A893882E28A71BFE42B112EBC3C6.d.6409996030934AEAA4C0DE793FA522BF.e.5355"},"getText",[]]}
COMMAND: POST /session/041ece1bac594130e3a6c3bac6c9d85e/execute/async - {"script":"<script> [1562 bytes]","args":[{"selector":{"id":"application-managepricingrules-display-component---newInfoPriceItem--condValidTo","interaction":{"idSuffix":"inner"}},"wdio_ui5_key":"applicationmanagepricingrules-display-component---newInfoPriceItem--condValidTo"}]}
RESULT: {"script":"<script> [1562 bytes]","args":[{"selector":{"id":"application-managepricingrules-display-component---newInfoPriceItem--condValidTo","interaction":{"idSuffix":"inner"}},"wdio_ui5_key":"applicationmanagepricingrules-display-component---newInfoPriceItem--condValidTo"}]}
RESULT: undefined
COMMAND: POST /session/041ece1bac594130e3a6c3bac6c9d85e/execute/async - {"script":"<script> [776 bytes]","args":[{"enterText":"2/5/26","selector":{"id":"application-managepricingrules-display-component---newInfoPriceItem--condValidTo","interaction":{"idSuffix":"inner"}},"clearTextFirst":true,"interactionType":"ENTER_TEXT"}]}
RESULT: {"script":"<script> [776 bytes]","args":[{"enterText":"2/5/26","selector":{"id":"application-managepricingrules-display-component---newInfoPriceItem--condValidTo","interaction":{"idSuffix":"inner"}},"clearTextFirst":true,"interactionType":"ENTER_TEXT"}]}
COMMAND: POST /session/041ece1bac594130e3a6c3bac6c9d85e/execute/async - {"script":"<script> [1562 bytes]","args":[{"selector":{"id":"application-managepricingrules-display-component---newInfoPriceItem--billType-arrow"},"wdio_ui5_key":"applicationmanagepricingrules-display-component---newInfoPriceItem--billType-arrow"}]}
RESULT: {"script":"<script> [1562 bytes]","args":[{"selector":{"id":"application-managepricingrules-display-component---newInfoPriceItem--billType-arrow"},"wdio_ui5_key":"applicationmanagepricingrules-display-component---newInfoPriceItem--billType-arrow"}]}
RESULT: undefined
COMMAND: POST /session/041ece1bac594130e3a6c3bac6c9d85e/element - {"using":"xpath","value":"//*[@id=\"application-managepricingrules-display-component---newInfoPriceItem--billType-arrow\"]"}
RESULT: {"using":"xpath","value":"//*[@id=\"application-managepricingrules-display-component---newInfoPriceItem--billType-arrow\"]"}
COMMAND: POST /session/041ece1bac594130e3a6c3bac6c9d85e/element/f.F1E1A893882E28A71BFE42B112EBC3C6.d.6409996030934AEAA4C0DE793FA522BF.e.5315/click - {}
RESULT: {}
COMMAND: POST /session/041ece1bac594130e3a6c3bac6c9d85e/element - {"using":"xpath","value":"//span[contains(text(), \"TB - Time based\")]"}
COMMAND: GET /session/041ece1bac594130e3a6c3bac6c9d85e/screenshot - {}
RESULT: {"using":"xpath","value":"//span[contains(text(), \"TB - Time based\")]"}
COMMAND: POST /session/041ece1bac594130e3a6c3bac6c9d85e/element/f.F1E1A893882E28A71BFE42B112EBC3C6.d.6409996030934AEAA4C0DE793FA522BF.e.5357/click - {}
RESULT: {}
RESULT: {}
COMMAND: POST /session/041ece1bac594130e3a6c3bac6c9d85e/execute/async - {"script":"<script> [1562 bytes]","args":[{"selector":{"id":"application-managepricingrules-display-component---newInfoPriceItem--priceProc-arrow"},"wdio_ui5_key":"applicationmanagepricingrules-display-component---newInfoPriceItem--priceProc-arrow"}]}
COMMAND: GET /session/041ece1bac594130e3a6c3bac6c9d85e/screenshot - {}
RESULT: {"script":"<script> [1562 bytes]","args":[{"selector":{"id":"application-managepricingrules-display-component---newInfoPriceItem--priceProc-arrow"},"wdio_ui5_key":"applicationmanagepricingrules-display-component---newInfoPriceItem--priceProc-arrow"}]}
RESULT: undefined
COMMAND: POST /session/041ece1bac594130e3a6c3bac6c9d85e/element - {"using":"xpath","value":"//*[@id=\"application-managepricingrules-display-component---newInfoPriceItem--priceProc-arrow\"]"}
RESULT: {}
RESULT: {"using":"xpath","value":"//*[@id=\"application-managepricingrules-display-component---newInfoPriceItem--priceProc-arrow\"]"}
COMMAND: POST /session/041ece1bac594130e3a6c3bac6c9d85e/element/f.F1E1A893882E28A71BFE42B112EBC3C6.d.6409996030934AEAA4C0DE793FA522BF.e.5322/click - {}
RESULT: {}
COMMAND: POST /session/041ece1bac594130e3a6c3bac6c9d85e/element - {"using":"xpath","value":"//span[contains(text(), \"TBS - Time based standard\")]"}
COMMAND: GET /session/041ece1bac594130e3a6c3bac6c9d85e/screenshot - {}
RESULT: {"using":"xpath","value":"//span[contains(text(), \"TBS - Time based standard\")]"}
COMMAND: POST /session/041ece1bac594130e3a6c3bac6c9d85e/element/f.F1E1A893882E28A71BFE42B112EBC3C6.d.6409996030934AEAA4C0DE793FA522BF.e.5358/click - {}
RESULT: {}
RESULT: {}
COMMAND: POST /session/041ece1bac594130e3a6c3bac6c9d85e/execute/async - {"script":"<script> [1562 bytes]","args":[{"selector":{"id":"application-managepricingrules-display-component---newInfoPriceItem--calcBase-arrow"},"wdio_ui5_key":"applicationmanagepricingrules-display-component---newInfoPriceItem--calcBase-arrow"}]}
COMMAND: GET /session/041ece1bac594130e3a6c3bac6c9d85e/screenshot - {}
RESULT: {"script":"<script> [1562 bytes]","args":[{"selector":{"id":"application-managepricingrules-display-component---newInfoPriceItem--calcBase-arrow"},"wdio_ui5_key":"applicationmanagepricingrules-display-component---newInfoPriceItem--calcBase-arrow"}]}
RESULT: undefined
COMMAND: POST /session/041ece1bac594130e3a6c3bac6c9d85e/element - {"using":"xpath","value":"//*[@id=\"application-managepricingrules-display-component---newInfoPriceItem--calcBase-arrow\"]"}
RESULT: {}
RESULT: {"using":"xpath","value":"//*[@id=\"application-managepricingrules-display-component---newInfoPriceItem--calcBase-arrow\"]"}
COMMAND: POST /session/041ece1bac594130e3a6c3bac6c9d85e/element/f.F1E1A893882E28A71BFE42B112EBC3C6.d.6409996030934AEAA4C0DE793FA522BF.e.5329/click - {}
RESULT: {}
COMMAND: GET /session/041ece1bac594130e3a6c3bac6c9d85e/screenshot - {}
RESULT: {}
COMMAND: POST /session/041ece1bac594130e3a6c3bac6c9d85e/element - {"using":"xpath","value":"//span[contains(text(), \"0006 - TB(calendar days)\")]"}
RESULT: {"using":"xpath","value":"//span[contains(text(), \"0006 - TB(calendar days)\")]"}
COMMAND: POST /session/041ece1bac594130e3a6c3bac6c9d85e/element/f.F1E1A893882E28A71BFE42B112EBC3C6.d.6409996030934AEAA4C0DE793FA522BF.e.5359/click - {}
RESULT: {}
COMMAND: GET /session/041ece1bac594130e3a6c3bac6c9d85e/screenshot - {}
RESULT: {}
COMMAND: POST /session/041ece1bac594130e3a6c3bac6c9d85e/execute/async - {"script":"<script> [1562 bytes]","args":[{"selector":{"id":"application-managepricingrules-display-component---newInfoPriceItem--daysMonth","interaction":{"idSuffix":"inner"}},"wdio_ui5_key":"applicationmanagepricingrules-display-component---newInfoPriceItem--daysMonth"}]}
RESULT: {"script":"<script> [1562 bytes]","args":[{"selector":{"id":"application-managepricingrules-display-component---newInfoPriceItem--daysMonth","interaction":{"idSuffix":"inner"}},"wdio_ui5_key":"applicationmanagepricingrules-display-component---newInfoPriceItem--daysMonth"}]}
RESULT: undefined
COMMAND: POST /session/041ece1bac594130e3a6c3bac6c9d85e/execute/async - {"script":"<script> [776 bytes]","args":[{"enterText":"30","selector":{"id":"application-managepricingrules-display-component---newInfoPriceItem--daysMonth","interaction":{"idSuffix":"inner"}},"clearTextFirst":true,"interactionType":"ENTER_TEXT"}]}
RESULT: {"script":"<script> [776 bytes]","args":[{"enterText":"30","selector":{"id":"application-managepricingrules-display-component---newInfoPriceItem--daysMonth","interaction":{"idSuffix":"inner"}},"clearTextFirst":true,"interactionType":"ENTER_TEXT"}]}
COMMAND: POST /session/041ece1bac594130e3a6c3bac6c9d85e/element - {"using":"xpath","value":"//button[@data-kt=\"saveNewRuleButton\"]"}
RESULT: {"using":"xpath","value":"//button[@data-kt=\"saveNewRuleButton\"]"}
COMMAND: POST /session/041ece1bac594130e3a6c3bac6c9d85e/element/f.F1E1A893882E28A71BFE42B112EBC3C6.d.6409996030934AEAA4C0DE793FA522BF.e.5349/click - {}
RESULT: {}
COMMAND: GET /session/041ece1bac594130e3a6c3bac6c9d85e/screenshot - {}
RESULT: {}
COMMAND: POST /session/041ece1bac594130e3a6c3bac6c9d85e/execute/async - {"script":"<script> [1562 bytes]","args":[{"selector":{"id":"application-managepricingrules-display-component---priceInfoItem--smartFilterBar-btnBasicSearch","interaction":{"idSuffix":"I"}},"wdio_ui5_key":"applicationmanagepricingrules-display-component---priceInfoItem--smartFilterBar-btnBasicSearch"}]}
RESULT: {"script":"<script> [1562 bytes]","args":[{"selector":{"id":"application-managepricingrules-display-component---priceInfoItem--smartFilterBar-btnBasicSearch","interaction":{"idSuffix":"I"}},"wdio_ui5_key":"applicationmanagepricingrules-display-component---priceInfoItem--smartFilterBar-btnBasicSearch"}]}
RESULT: undefined
COMMAND: POST /session/041ece1bac594130e3a6c3bac6c9d85e/execute/async - {"script":"<script> [776 bytes]","args":[{"enterText":"cA1o4Y74W5","selector":{"id":"application-managepricingrules-display-component---priceInfoItem--smartFilterBar-btnBasicSearch","interaction":{"idSuffix":"I"}},"clearTextFirst":true,"interactionType":"ENTER_TEXT"}]}
RESULT: {"script":"<script> [776 bytes]","args":[{"enterText":"cA1o4Y74W5","selector":{"id":"application-managepricingrules-display-component---priceInfoItem--smartFilterBar-btnBasicSearch","interaction":{"idSuffix":"I"}},"clearTextFirst":true,"interactionType":"ENTER_TEXT"}]}
COMMAND: POST /session/041ece1bac594130e3a6c3bac6c9d85e/actions - {"actions":[{"id":"action12","type":"key","parameters":{},"actions":[{"type":"keyDown","value":"î€‡"},{"type":"pause","duration":10},{"type":"keyUp","value":"î€‡"}]}]}
RESULT: {"actions":[{"id":"action12","type":"key","parameters":{},"actions":[{"type":"keyDown","value":"î€‡"},{"type":"pause","duration":10},{"type":"keyUp","value":"î€‡"}]}]}
COMMAND: GET /session/041ece1bac594130e3a6c3bac6c9d85e/screenshot - {}
RESULT: {}
COMMAND: POST /session/041ece1bac594130e3a6c3bac6c9d85e/element - {"using":"xpath","value":"//span[@id=\"application-managepricingrules-display-component---priceInfoItem--smartTable-header-inner\"]"}
RESULT: {"using":"xpath","value":"//span[@id=\"application-managepricingrules-display-component---priceInfoItem--smartTable-header-inner\"]"}
COMMAND: POST /session/041ece1bac594130e3a6c3bac6c9d85e/elements - {"using":"xpath","value":"//span[@id=\"application-managepricingrules-display-component---priceInfoItem--smartTable-header-inner\"]"}
RESULT: {"using":"xpath","value":"//span[@id=\"application-managepricingrules-display-component---priceInfoItem--smartTable-header-inner\"]"}
COMMAND: POST /session/041ece1bac594130e3a6c3bac6c9d85e/execute/sync - {"script":"<script> [56 bytes]","args":[{"element-6066-11e4-a52e-4f735466cecf":"f.F1E1A893882E28A71BFE42B112EBC3C6.d.6409996030934AEAA4C0DE793FA522BF.e.5384","ELEMENT":"f.F1E1A893882E28A71BFE42B112EBC3C6.d.6409996030934AEAA4C0DE793FA522BF.e.5384"}]}
RESULT: {"script":"<script> [56 bytes]","args":[{"element-6066-11e4-a52e-4f735466cecf":"f.F1E1A893882E28A71BFE42B112EBC3C6.d.6409996030934AEAA4C0DE793FA522BF.e.5384","ELEMENT":"f.F1E1A893882E28A71BFE42B112EBC3C6.d.6409996030934AEAA4C0DE793FA522BF.e.5384"}]}
COMMAND: POST /session/041ece1bac594130e3a6c3bac6c9d85e/element - {"using":"css selector","value":"#shell-header-logo"}
COMMAND: GET /session/041ece1bac594130e3a6c3bac6c9d85e/screenshot - {}
RESULT: {"using":"css selector","value":"#shell-header-logo"}
COMMAND: POST /session/041ece1bac594130e3a6c3bac6c9d85e/element/f.F1E1A893882E28A71BFE42B112EBC3C6.d.6409996030934AEAA4C0DE793FA522BF.e.4471/click - {}
RESULT: {}
RESULT: {}
COMMAND: GET /session/041ece1bac594130e3a6c3bac6c9d85e/screenshot - {}
RESULT: {}
]]></system-out>
    </testcase>
    <testcase classname="chrome.137_0_7151_56.windows.Billing_Transfer_-_Master_data_&amp;_Intercompany_US127250" name="Should create new condition for equipment TB" time="76.934">
      <system-out><![CDATA[
COMMAND: POST /session/041ece1bac594130e3a6c3bac6c9d85e/execute/async - {"script":"<script> [1562 bytes]","args":[{"selector":{"controlType":"sap.m.GenericTile","properties":{"header":"Manage Conditions & Prices"}},"wdio_ui5_key":"sapm.GenericTile{\"header\":\"Manage Conditions & Prices\"}"}]}
RESULT: {"script":"<script> [1562 bytes]","args":[{"selector":{"controlType":"sap.m.GenericTile","properties":{"header":"Manage Conditions & Prices"}},"wdio_ui5_key":"sapm.GenericTile{\"header\":\"Manage Conditions & Prices\"}"}]}
RESULT: undefined
COMMAND: POST /session/041ece1bac594130e3a6c3bac6c9d85e/element - {"using":"xpath","value":"//*[@id=\"__tile53\"]"}
RESULT: {"using":"xpath","value":"//*[@id=\"__tile53\"]"}
COMMAND: POST /session/041ece1bac594130e3a6c3bac6c9d85e/element/f.F1E1A893882E28A71BFE42B112EBC3C6.d.6409996030934AEAA4C0DE793FA522BF.e.2161/click - {}
RESULT: {}
COMMAND: GET /session/041ece1bac594130e3a6c3bac6c9d85e/screenshot - {}
RESULT: {}
COMMAND: POST /session/041ece1bac594130e3a6c3bac6c9d85e/elements - {"using":"xpath","value":"//span[text()='Error']"}
RESULT: {"using":"xpath","value":"//span[text()='Error']"}
COMMAND: POST /session/041ece1bac594130e3a6c3bac6c9d85e/element - {"using":"xpath","value":"//button[@aria-label=\"Create\"]"}
RESULT: {"using":"xpath","value":"//button[@aria-label=\"Create\"]"}
COMMAND: POST /session/041ece1bac594130e3a6c3bac6c9d85e/elements - {"using":"xpath","value":"//button[@aria-label=\"Create\"]"}
RESULT: {"using":"xpath","value":"//button[@aria-label=\"Create\"]"}
COMMAND: POST /session/041ece1bac594130e3a6c3bac6c9d85e/elements - {"using":"xpath","value":"//button[@aria-label=\"Create\"]"}
RESULT: {"using":"xpath","value":"//button[@aria-label=\"Create\"]"}
COMMAND: POST /session/041ece1bac594130e3a6c3bac6c9d85e/elements - {"using":"xpath","value":"//button[@aria-label=\"Create\"]"}
RESULT: {"using":"xpath","value":"//button[@aria-label=\"Create\"]"}
COMMAND: POST /session/041ece1bac594130e3a6c3bac6c9d85e/element - {"using":"xpath","value":"//button[@aria-label=\"Create\"]"}
RESULT: {"using":"xpath","value":"//button[@aria-label=\"Create\"]"}
COMMAND: POST /session/041ece1bac594130e3a6c3bac6c9d85e/execute/sync - {"script":"<script> [8489 bytes]","args":[{"element-6066-11e4-a52e-4f735466cecf":"f.F1E1A893882E28A71BFE42B112EBC3C6.d.6409996030934AEAA4C0DE793FA522BF.e.5420","ELEMENT":"f.F1E1A893882E28A71BFE42B112EBC3C6.d.6409996030934AEAA4C0DE793FA522BF.e.5420"}]}
RESULT: {"script":"<script> [8489 bytes]","args":[{"element-6066-11e4-a52e-4f735466cecf":"f.F1E1A893882E28A71BFE42B112EBC3C6.d.6409996030934AEAA4C0DE793FA522BF.e.5420","ELEMENT":"f.F1E1A893882E28A71BFE42B112EBC3C6.d.6409996030934AEAA4C0DE793FA522BF.e.5420"}]}
COMMAND: GET /session/041ece1bac594130e3a6c3bac6c9d85e/element/f.F1E1A893882E28A71BFE42B112EBC3C6.d.6409996030934AEAA4C0DE793FA522BF.e.5420/enabled - {}
COMMAND: GET /session/041ece1bac594130e3a6c3bac6c9d85e/screenshot - {}
RESULT: {}
COMMAND: POST /session/041ece1bac594130e3a6c3bac6c9d85e/execute/sync - {"script":"<script> [8489 bytes]","args":[{"element-6066-11e4-a52e-4f735466cecf":"f.F1E1A893882E28A71BFE42B112EBC3C6.d.6409996030934AEAA4C0DE793FA522BF.e.5420","ELEMENT":"f.F1E1A893882E28A71BFE42B112EBC3C6.d.6409996030934AEAA4C0DE793FA522BF.e.5420"}]}
COMMAND: GET /session/041ece1bac594130e3a6c3bac6c9d85e/screenshot - {}
RESULT: {}
RESULT: {"script":"<script> [8489 bytes]","args":[{"element-6066-11e4-a52e-4f735466cecf":"f.F1E1A893882E28A71BFE42B112EBC3C6.d.6409996030934AEAA4C0DE793FA522BF.e.5420","ELEMENT":"f.F1E1A893882E28A71BFE42B112EBC3C6.d.6409996030934AEAA4C0DE793FA522BF.e.5420"}]}
COMMAND: POST /session/041ece1bac594130e3a6c3bac6c9d85e/execute/sync - {"script":"<script> [5351 bytes]","args":[{"element-6066-11e4-a52e-4f735466cecf":"f.F1E1A893882E28A71BFE42B112EBC3C6.d.6409996030934AEAA4C0DE793FA522BF.e.5420","ELEMENT":"f.F1E1A893882E28A71BFE42B112EBC3C6.d.6409996030934AEAA4C0DE793FA522BF.e.5420"}]}
COMMAND: GET /session/041ece1bac594130e3a6c3bac6c9d85e/screenshot - {}
RESULT: {}
RESULT: {"script":"<script> [5351 bytes]","args":[{"element-6066-11e4-a52e-4f735466cecf":"f.F1E1A893882E28A71BFE42B112EBC3C6.d.6409996030934AEAA4C0DE793FA522BF.e.5420","ELEMENT":"f.F1E1A893882E28A71BFE42B112EBC3C6.d.6409996030934AEAA4C0DE793FA522BF.e.5420"}]}
COMMAND: POST /session/041ece1bac594130e3a6c3bac6c9d85e/element/f.F1E1A893882E28A71BFE42B112EBC3C6.d.6409996030934AEAA4C0DE793FA522BF.e.5420/click - {}
COMMAND: GET /session/041ece1bac594130e3a6c3bac6c9d85e/screenshot - {}
RESULT: {}
RESULT: {}
COMMAND: GET /session/041ece1bac594130e3a6c3bac6c9d85e/screenshot - {}
RESULT: {}
RESULT: {}
COMMAND: POST /session/041ece1bac594130e3a6c3bac6c9d85e/actions - {"actions":[{"id":"action13","type":"key","parameters":{},"actions":[{"type":"keyDown","value":"î€‡"},{"type":"pause","duration":10},{"type":"keyUp","value":"î€‡"}]}]}
RESULT: {"actions":[{"id":"action13","type":"key","parameters":{},"actions":[{"type":"keyDown","value":"î€‡"},{"type":"pause","duration":10},{"type":"keyUp","value":"î€‡"}]}]}
COMMAND: GET /session/041ece1bac594130e3a6c3bac6c9d85e/screenshot - {}
COMMAND: POST /session/041ece1bac594130e3a6c3bac6c9d85e/execute/async - {"script":"<script> [1562 bytes]","args":[{"selector":{"id":"application-manageconditionprice-display-component---newCondition--condBillCond-arrow"},"wdio_ui5_key":"applicationmanageconditionprice-display-component---newCondition--condBillCond-arrow"}]}
RESULT: {}
RESULT: {"script":"<script> [1562 bytes]","args":[{"selector":{"id":"application-manageconditionprice-display-component---newCondition--condBillCond-arrow"},"wdio_ui5_key":"applicationmanageconditionprice-display-component---newCondition--condBillCond-arrow"}]}
RESULT: undefined
COMMAND: POST /session/041ece1bac594130e3a6c3bac6c9d85e/element - {"using":"xpath","value":"//*[@id=\"application-manageconditionprice-display-component---newCondition--condBillCond-arrow\"]"}
RESULT: {"using":"xpath","value":"//*[@id=\"application-manageconditionprice-display-component---newCondition--condBillCond-arrow\"]"}
COMMAND: POST /session/041ece1bac594130e3a6c3bac6c9d85e/element/f.F1E1A893882E28A71BFE42B112EBC3C6.d.6409996030934AEAA4C0DE793FA522BF.e.5600/click - {}
RESULT: {}
COMMAND: GET /session/041ece1bac594130e3a6c3bac6c9d85e/screenshot - {}
RESULT: {}
COMMAND: POST /session/041ece1bac594130e3a6c3bac6c9d85e/element - {"using":"xpath","value":"//li[.//span[contains(text(), \"DISP - D&I special price\")]]"}
RESULT: {"using":"xpath","value":"//li[.//span[contains(text(), \"DISP - D&I special price\")]]"}
COMMAND: POST /session/041ece1bac594130e3a6c3bac6c9d85e/element/f.F1E1A893882E28A71BFE42B112EBC3C6.d.6409996030934AEAA4C0DE793FA522BF.e.5603/click - {}
RESULT: {}
COMMAND: GET /session/041ece1bac594130e3a6c3bac6c9d85e/screenshot - {}
RESULT: {}
COMMAND: POST /session/041ece1bac594130e3a6c3bac6c9d85e/execute/async - {"script":"<script> [1562 bytes]","args":[{"selector":{"id":"application-manageconditionprice-display-component---newCondition--condValidTo","interaction":{"idSuffix":"inner"}},"wdio_ui5_key":"applicationmanageconditionprice-display-component---newCondition--condValidTo"}]}
RESULT: {"script":"<script> [1562 bytes]","args":[{"selector":{"id":"application-manageconditionprice-display-component---newCondition--condValidTo","interaction":{"idSuffix":"inner"}},"wdio_ui5_key":"applicationmanageconditionprice-display-component---newCondition--condValidTo"}]}
RESULT: undefined
COMMAND: POST /session/041ece1bac594130e3a6c3bac6c9d85e/execute/async - {"script":"<script> [776 bytes]","args":[{"enterText":"2/5/26","selector":{"id":"application-manageconditionprice-display-component---newCondition--condValidTo","interaction":{"idSuffix":"inner"}},"clearTextFirst":true,"interactionType":"ENTER_TEXT"}]}
RESULT: {"script":"<script> [776 bytes]","args":[{"enterText":"2/5/26","selector":{"id":"application-manageconditionprice-display-component---newCondition--condValidTo","interaction":{"idSuffix":"inner"}},"clearTextFirst":true,"interactionType":"ENTER_TEXT"}]}
COMMAND: POST /session/041ece1bac594130e3a6c3bac6c9d85e/element - {"using":"xpath","value":"//input[@id=\"application-manageconditionprice-display-component---newCondition--condRU-inner\"]"}
RESULT: {"using":"xpath","value":"//input[@id=\"application-manageconditionprice-display-component---newCondition--condRU-inner\"]"}
COMMAND: POST /session/041ece1bac594130e3a6c3bac6c9d85e/element/f.F1E1A893882E28A71BFE42B112EBC3C6.d.6409996030934AEAA4C0DE793FA522BF.e.5465/clear - {}
RESULT: {}
COMMAND: POST /session/041ece1bac594130e3a6c3bac6c9d85e/element/f.F1E1A893882E28A71BFE42B112EBC3C6.d.6409996030934AEAA4C0DE793FA522BF.e.5465/value - {"text":"cA1o4Y74W5"}
COMMAND: GET /session/041ece1bac594130e3a6c3bac6c9d85e/screenshot - {}
RESULT: {"text":"cA1o4Y74W5"}
COMMAND: GET /session/041ece1bac594130e3a6c3bac6c9d85e/screenshot - {}
RESULT: {}
RESULT: {}
COMMAND: POST /session/041ece1bac594130e3a6c3bac6c9d85e/actions - {"actions":[{"id":"action14","type":"key","parameters":{},"actions":[{"type":"keyDown","value":"î€‡"},{"type":"pause","duration":10},{"type":"keyUp","value":"î€‡"}]}]}
RESULT: {"actions":[{"id":"action14","type":"key","parameters":{},"actions":[{"type":"keyDown","value":"î€‡"},{"type":"pause","duration":10},{"type":"keyUp","value":"î€‡"}]}]}
COMMAND: POST /session/041ece1bac594130e3a6c3bac6c9d85e/execute/async - {"script":"<script> [1562 bytes]","args":[{"selector":{"id":"application-manageconditionprice-display-component---newCondition--condBaseQty","interaction":{"idSuffix":"inner"}},"wdio_ui5_key":"applicationmanageconditionprice-display-component---newCondition--condBaseQty"}]}
COMMAND: GET /session/041ece1bac594130e3a6c3bac6c9d85e/screenshot - {}
RESULT: {"script":"<script> [1562 bytes]","args":[{"selector":{"id":"application-manageconditionprice-display-component---newCondition--condBaseQty","interaction":{"idSuffix":"inner"}},"wdio_ui5_key":"applicationmanageconditionprice-display-component---newCondition--condBaseQty"}]}
RESULT: undefined
COMMAND: POST /session/041ece1bac594130e3a6c3bac6c9d85e/execute/async - {"script":"<script> [776 bytes]","args":[{"enterText":"1","selector":{"id":"application-manageconditionprice-display-component---newCondition--condBaseQty","interaction":{"idSuffix":"inner"}},"clearTextFirst":true,"interactionType":"ENTER_TEXT"}]}
RESULT: {}
RESULT: {"script":"<script> [776 bytes]","args":[{"enterText":"1","selector":{"id":"application-manageconditionprice-display-component---newCondition--condBaseQty","interaction":{"idSuffix":"inner"}},"clearTextFirst":true,"interactionType":"ENTER_TEXT"}]}
COMMAND: POST /session/041ece1bac594130e3a6c3bac6c9d85e/execute/async - {"script":"<script> [1562 bytes]","args":[{"selector":{"id":"application-manageconditionprice-display-component---newCondition--condValue","interaction":{"idSuffix":"inner"}},"wdio_ui5_key":"applicationmanageconditionprice-display-component---newCondition--condValue"}]}
RESULT: {"script":"<script> [1562 bytes]","args":[{"selector":{"id":"application-manageconditionprice-display-component---newCondition--condValue","interaction":{"idSuffix":"inner"}},"wdio_ui5_key":"applicationmanageconditionprice-display-component---newCondition--condValue"}]}
RESULT: undefined
COMMAND: POST /session/041ece1bac594130e3a6c3bac6c9d85e/execute/async - {"script":"<script> [776 bytes]","args":[{"enterText":"100","selector":{"id":"application-manageconditionprice-display-component---newCondition--condValue","interaction":{"idSuffix":"inner"}},"clearTextFirst":true,"interactionType":"ENTER_TEXT"}]}
RESULT: {"script":"<script> [776 bytes]","args":[{"enterText":"100","selector":{"id":"application-manageconditionprice-display-component---newCondition--condValue","interaction":{"idSuffix":"inner"}},"clearTextFirst":true,"interactionType":"ENTER_TEXT"}]}
COMMAND: POST /session/041ece1bac594130e3a6c3bac6c9d85e/execute/async - {"script":"<script> [1562 bytes]","args":[{"selector":{"id":"application-manageconditionprice-display-component---newCondition--condCurr-arrow"},"wdio_ui5_key":"applicationmanageconditionprice-display-component---newCondition--condCurr-arrow"}]}
RESULT: {"script":"<script> [1562 bytes]","args":[{"selector":{"id":"application-manageconditionprice-display-component---newCondition--condCurr-arrow"},"wdio_ui5_key":"applicationmanageconditionprice-display-component---newCondition--condCurr-arrow"}]}
RESULT: undefined
COMMAND: POST /session/041ece1bac594130e3a6c3bac6c9d85e/element - {"using":"xpath","value":"//*[@id=\"application-manageconditionprice-display-component---newCondition--condCurr-arrow\"]"}
RESULT: {"using":"xpath","value":"//*[@id=\"application-manageconditionprice-display-component---newCondition--condCurr-arrow\"]"}
COMMAND: POST /session/041ece1bac594130e3a6c3bac6c9d85e/element/f.F1E1A893882E28A71BFE42B112EBC3C6.d.6409996030934AEAA4C0DE793FA522BF.e.5554/click - {}
RESULT: {}
COMMAND: POST /session/041ece1bac594130e3a6c3bac6c9d85e/element - {"using":"xpath","value":"//span[contains(text(), \"Euro\")]"}
COMMAND: GET /session/041ece1bac594130e3a6c3bac6c9d85e/screenshot - {}
RESULT: {"using":"xpath","value":"//span[contains(text(), \"Euro\")]"}
COMMAND: POST /session/041ece1bac594130e3a6c3bac6c9d85e/element/f.F1E1A893882E28A71BFE42B112EBC3C6.d.6409996030934AEAA4C0DE793FA522BF.e.5640/click - {}
RESULT: {}
RESULT: {}
COMMAND: POST /session/041ece1bac594130e3a6c3bac6c9d85e/element - {"using":"xpath","value":"//button[@data-kt=\"saveButton\"]"}
COMMAND: GET /session/041ece1bac594130e3a6c3bac6c9d85e/screenshot - {}
RESULT: {"using":"xpath","value":"//button[@data-kt=\"saveButton\"]"}
COMMAND: POST /session/041ece1bac594130e3a6c3bac6c9d85e/element/f.F1E1A893882E28A71BFE42B112EBC3C6.d.6409996030934AEAA4C0DE793FA522BF.e.5555/click - {}
RESULT: {}
RESULT: {}
COMMAND: GET /session/041ece1bac594130e3a6c3bac6c9d85e/screenshot - {}
RESULT: {}
COMMAND: POST /session/041ece1bac594130e3a6c3bac6c9d85e/execute/async - {"script":"<script> [1562 bytes]","args":[{"selector":{"id":"application-manageconditionprice-display-component---conditions--smartFilterBar-btnBasicSearch","interaction":{"idSuffix":"I"}},"wdio_ui5_key":"applicationmanageconditionprice-display-component---conditions--smartFilterBar-btnBasicSearch"}]}
RESULT: {"script":"<script> [1562 bytes]","args":[{"selector":{"id":"application-manageconditionprice-display-component---conditions--smartFilterBar-btnBasicSearch","interaction":{"idSuffix":"I"}},"wdio_ui5_key":"applicationmanageconditionprice-display-component---conditions--smartFilterBar-btnBasicSearch"}]}
RESULT: undefined
COMMAND: POST /session/041ece1bac594130e3a6c3bac6c9d85e/execute/async - {"script":"<script> [776 bytes]","args":[{"enterText":"cA1o4Y74W5","selector":{"id":"application-manageconditionprice-display-component---conditions--smartFilterBar-btnBasicSearch","interaction":{"idSuffix":"I"}},"clearTextFirst":true,"interactionType":"ENTER_TEXT"}]}
RESULT: {"script":"<script> [776 bytes]","args":[{"enterText":"cA1o4Y74W5","selector":{"id":"application-manageconditionprice-display-component---conditions--smartFilterBar-btnBasicSearch","interaction":{"idSuffix":"I"}},"clearTextFirst":true,"interactionType":"ENTER_TEXT"}]}
COMMAND: POST /session/041ece1bac594130e3a6c3bac6c9d85e/actions - {"actions":[{"id":"action15","type":"key","parameters":{},"actions":[{"type":"keyDown","value":"î€‡"},{"type":"pause","duration":10},{"type":"keyUp","value":"î€‡"}]}]}
RESULT: {"actions":[{"id":"action15","type":"key","parameters":{},"actions":[{"type":"keyDown","value":"î€‡"},{"type":"pause","duration":10},{"type":"keyUp","value":"î€‡"}]}]}
COMMAND: GET /session/041ece1bac594130e3a6c3bac6c9d85e/screenshot - {}
RESULT: {}
COMMAND: POST /session/041ece1bac594130e3a6c3bac6c9d85e/execute/async - {"script":"<script> [1562 bytes]","args":[{"selector":{"id":"application-manageconditionprice-display-component---conditions--smartFilterBar-filterItemControl_BASIC-BILL_TYPES-vhi"},"wdio_ui5_key":"applicationmanageconditionprice-display-component---conditions--smartFilterBar-filterItemControl_BASIC-BILL_TYPES-vhi"}]}
RESULT: {"script":"<script> [1562 bytes]","args":[{"selector":{"id":"application-manageconditionprice-display-component---conditions--smartFilterBar-filterItemControl_BASIC-BILL_TYPES-vhi"},"wdio_ui5_key":"applicationmanageconditionprice-display-component---conditions--smartFilterBar-filterItemControl_BASIC-BILL_TYPES-vhi"}]}
RESULT: undefined
COMMAND: POST /session/041ece1bac594130e3a6c3bac6c9d85e/element - {"using":"xpath","value":"//*[@id=\"application-manageconditionprice-display-component---conditions--smartFilterBar-filterItemControl_BASIC-BILL_TYPES-vhi\"]"}
RESULT: {"using":"xpath","value":"//*[@id=\"application-manageconditionprice-display-component---conditions--smartFilterBar-filterItemControl_BASIC-BILL_TYPES-vhi\"]"}
COMMAND: POST /session/041ece1bac594130e3a6c3bac6c9d85e/element/f.F1E1A893882E28A71BFE42B112EBC3C6.d.6409996030934AEAA4C0DE793FA522BF.e.5746/click - {}
RESULT: {}
COMMAND: POST /session/041ece1bac594130e3a6c3bac6c9d85e/execute/async - {"script":"<script> [1562 bytes]","args":[{"selector":{"id":"application-manageconditionprice-display-component---conditions--smartFilterBar-filterItemControl_BASIC-BILL_TYPES-valueHelpDialog-smartFilterBar-btnBasicSearch","searchOpenDialogs":true,"interaction":{"idSuffix":"I"}},"wdio_ui5_key":"applicationmanageconditionprice-display-component---conditions--smartFilterBar-filterItemControl_BASIC-BILL_TYPES-valueHelpDialog-smartFilterBar-btnBasicSearch"}]}
COMMAND: GET /session/041ece1bac594130e3a6c3bac6c9d85e/screenshot - {}
RESULT: {}
RESULT: {"script":"<script> [1562 bytes]","args":[{"selector":{"id":"application-manageconditionprice-display-component---conditions--smartFilterBar-filterItemControl_BASIC-BILL_TYPES-valueHelpDialog-smartFilterBar-btnBasicSearch","searchOpenDialogs":true,"interaction":{"idSuffix":"I"}},"wdio_ui5_key":"applicationmanageconditionprice-display-component---conditions--smartFilterBar-filterItemControl_BASIC-BILL_TYPES-valueHelpDialog-smartFilterBar-btnBasicSearch"}]}
RESULT: undefined
COMMAND: POST /session/041ece1bac594130e3a6c3bac6c9d85e/execute/async - {"script":"<script> [776 bytes]","args":[{"enterText":"TB","selector":{"id":"application-manageconditionprice-display-component---conditions--smartFilterBar-filterItemControl_BASIC-BILL_TYPES-valueHelpDialog-smartFilterBar-btnBasicSearch","searchOpenDialogs":true,"interaction":{"idSuffix":"I"}},"clearTextFirst":true,"interactionType":"ENTER_TEXT"}]}
RESULT: {"script":"<script> [776 bytes]","args":[{"enterText":"TB","selector":{"id":"application-manageconditionprice-display-component---conditions--smartFilterBar-filterItemControl_BASIC-BILL_TYPES-valueHelpDialog-smartFilterBar-btnBasicSearch","searchOpenDialogs":true,"interaction":{"idSuffix":"I"}},"clearTextFirst":true,"interactionType":"ENTER_TEXT"}]}
COMMAND: POST /session/041ece1bac594130e3a6c3bac6c9d85e/actions - {"actions":[{"id":"action16","type":"key","parameters":{},"actions":[{"type":"keyDown","value":"î€‡"},{"type":"pause","duration":10},{"type":"keyUp","value":"î€‡"}]}]}
RESULT: {"actions":[{"id":"action16","type":"key","parameters":{},"actions":[{"type":"keyDown","value":"î€‡"},{"type":"pause","duration":10},{"type":"keyUp","value":"î€‡"}]}]}
COMMAND: GET /session/041ece1bac594130e3a6c3bac6c9d85e/screenshot - {}
RESULT: {}
COMMAND: POST /session/041ece1bac594130e3a6c3bac6c9d85e/element - {"using":"xpath","value":"//div[contains(@id, 'application-manageconditionprice-display-component---conditions--smartFilterBar-filterItemControl_BASIC-BILL_TYPES-valueHelpDialog-table-rowsel0')]"}
RESULT: {"using":"xpath","value":"//div[contains(@id, 'application-manageconditionprice-display-component---conditions--smartFilterBar-filterItemControl_BASIC-BILL_TYPES-valueHelpDialog-table-rowsel0')]"}
COMMAND: POST /session/041ece1bac594130e3a6c3bac6c9d85e/element/f.F1E1A893882E28A71BFE42B112EBC3C6.d.6409996030934AEAA4C0DE793FA522BF.e.5756/click - {}
RESULT: {}
COMMAND: GET /session/041ece1bac594130e3a6c3bac6c9d85e/screenshot - {}
RESULT: {}
COMMAND: POST /session/041ece1bac594130e3a6c3bac6c9d85e/element - {"using":"xpath","value":"//bdi[contains(text(), \"OK\")]"}
RESULT: {"using":"xpath","value":"//bdi[contains(text(), \"OK\")]"}
COMMAND: POST /session/041ece1bac594130e3a6c3bac6c9d85e/element/f.F1E1A893882E28A71BFE42B112EBC3C6.d.6409996030934AEAA4C0DE793FA522BF.e.5758/click - {}
RESULT: {}
COMMAND: GET /session/041ece1bac594130e3a6c3bac6c9d85e/screenshot - {}
RESULT: {}
COMMAND: POST /session/041ece1bac594130e3a6c3bac6c9d85e/element - {"using":"xpath","value":"//span[@id=\"application-manageconditionprice-display-component---conditions--smartTable-header-inner\"]"}
RESULT: {"using":"xpath","value":"//span[@id=\"application-manageconditionprice-display-component---conditions--smartTable-header-inner\"]"}
COMMAND: POST /session/041ece1bac594130e3a6c3bac6c9d85e/elements - {"using":"xpath","value":"//span[@id=\"application-manageconditionprice-display-component---conditions--smartTable-header-inner\"]"}
RESULT: {"using":"xpath","value":"//span[@id=\"application-manageconditionprice-display-component---conditions--smartTable-header-inner\"]"}
COMMAND: POST /session/041ece1bac594130e3a6c3bac6c9d85e/execute/sync - {"script":"<script> [56 bytes]","args":[{"element-6066-11e4-a52e-4f735466cecf":"f.F1E1A893882E28A71BFE42B112EBC3C6.d.6409996030934AEAA4C0DE793FA522BF.e.5761","ELEMENT":"f.F1E1A893882E28A71BFE42B112EBC3C6.d.6409996030934AEAA4C0DE793FA522BF.e.5761"}]}
RESULT: {"script":"<script> [56 bytes]","args":[{"element-6066-11e4-a52e-4f735466cecf":"f.F1E1A893882E28A71BFE42B112EBC3C6.d.6409996030934AEAA4C0DE793FA522BF.e.5761","ELEMENT":"f.F1E1A893882E28A71BFE42B112EBC3C6.d.6409996030934AEAA4C0DE793FA522BF.e.5761"}]}
COMMAND: POST /session/041ece1bac594130e3a6c3bac6c9d85e/element - {"using":"css selector","value":"#shell-header-logo"}
COMMAND: GET /session/041ece1bac594130e3a6c3bac6c9d85e/screenshot - {}
RESULT: {"using":"css selector","value":"#shell-header-logo"}
COMMAND: POST /session/041ece1bac594130e3a6c3bac6c9d85e/element/f.F1E1A893882E28A71BFE42B112EBC3C6.d.6409996030934AEAA4C0DE793FA522BF.e.5388/click - {}
RESULT: {}
RESULT: {}
COMMAND: GET /session/041ece1bac594130e3a6c3bac6c9d85e/screenshot - {}
RESULT: {}
]]></system-out>
    </testcase>
  </testsuite>
  <testsuite timestamp="2025-06-05T17:42:39" time="1157.624" tests="12" failures="6" errors="6" skipped="0">
    <properties>
      <property name="specId" value="0" />
      <property name="suiteName" value="Billing Transfer - Intracompany US127249" />
      <property name="capabilities" value="chrome.137_0_7151_56.windows" />
      <property name="file" value="file:///D:/a/1/s/test/specs/BTS/billing-transfer-intracompany.spec.js" />
    </properties>
    <testcase classname="chrome.137_0_7151_56.windows.Billing_Transfer_-_Intracompany_US127249" name="Should create a new yard" time="153.068">
      <system-out><![CDATA[
COMMAND: POST /session/041ece1bac594130e3a6c3bac6c9d85e/window/fullscreen - {}
RESULT: {}
COMMAND: POST /session/041ece1bac594130e3a6c3bac6c9d85e/execute/async - {"script":"<script> [1562 bytes]","args":[{"selector":{"controlType":"sap.m.GenericTile","properties":{"header":"Manage Yards"}},"wdio_ui5_key":"sapm.GenericTile{\"header\":\"Manage Yards\"}"}]}
RESULT: {"script":"<script> [1562 bytes]","args":[{"selector":{"controlType":"sap.m.GenericTile","properties":{"header":"Manage Yards"}},"wdio_ui5_key":"sapm.GenericTile{\"header\":\"Manage Yards\"}"}]}
RESULT: undefined
COMMAND: POST /session/041ece1bac594130e3a6c3bac6c9d85e/element - {"using":"xpath","value":"//*[@id=\"__tile41\"]"}
RESULT: {"using":"xpath","value":"//*[@id=\"__tile41\"]"}
COMMAND: POST /session/041ece1bac594130e3a6c3bac6c9d85e/element/f.F1E1A893882E28A71BFE42B112EBC3C6.d.B5809BDAA6B32522FAA797327C2E91E9.e.6350/click - {}
RESULT: {}
COMMAND: GET /session/041ece1bac594130e3a6c3bac6c9d85e/screenshot - {}
RESULT: {}
COMMAND: POST /session/041ece1bac594130e3a6c3bac6c9d85e/elements - {"using":"xpath","value":"//span[text()='Error']"}
RESULT: {"using":"xpath","value":"//span[text()='Error']"}
COMMAND: POST /session/041ece1bac594130e3a6c3bac6c9d85e/element - {"using":"xpath","value":"//button[@data-kt=\"addNewYardOverflowToolbarButton\"]"}
RESULT: {"using":"xpath","value":"//button[@data-kt=\"addNewYardOverflowToolbarButton\"]"}
COMMAND: POST /session/041ece1bac594130e3a6c3bac6c9d85e/elements - {"using":"xpath","value":"//button[@data-kt=\"addNewYardOverflowToolbarButton\"]"}
RESULT: {"using":"xpath","value":"//button[@data-kt=\"addNewYardOverflowToolbarButton\"]"}
COMMAND: POST /session/041ece1bac594130e3a6c3bac6c9d85e/execute/sync - {"script":"<script> [8489 bytes]","args":[{"element-6066-11e4-a52e-4f735466cecf":"f.F1E1A893882E28A71BFE42B112EBC3C6.d.B5809BDAA6B32522FAA797327C2E91E9.e.6480","ELEMENT":"f.F1E1A893882E28A71BFE42B112EBC3C6.d.B5809BDAA6B32522FAA797327C2E91E9.e.6480"}]}
RESULT: {"script":"<script> [8489 bytes]","args":[{"element-6066-11e4-a52e-4f735466cecf":"f.F1E1A893882E28A71BFE42B112EBC3C6.d.B5809BDAA6B32522FAA797327C2E91E9.e.6480","ELEMENT":"f.F1E1A893882E28A71BFE42B112EBC3C6.d.B5809BDAA6B32522FAA797327C2E91E9.e.6480"}]}
COMMAND: GET /session/041ece1bac594130e3a6c3bac6c9d85e/element/f.F1E1A893882E28A71BFE42B112EBC3C6.d.B5809BDAA6B32522FAA797327C2E91E9.e.6480/enabled - {}
COMMAND: GET /session/041ece1bac594130e3a6c3bac6c9d85e/screenshot - {}
RESULT: {}
COMMAND: POST /session/041ece1bac594130e3a6c3bac6c9d85e/execute/sync - {"script":"<script> [8489 bytes]","args":[{"element-6066-11e4-a52e-4f735466cecf":"f.F1E1A893882E28A71BFE42B112EBC3C6.d.B5809BDAA6B32522FAA797327C2E91E9.e.6480","ELEMENT":"f.F1E1A893882E28A71BFE42B112EBC3C6.d.B5809BDAA6B32522FAA797327C2E91E9.e.6480"}]}
COMMAND: GET /session/041ece1bac594130e3a6c3bac6c9d85e/screenshot - {}
RESULT: {}
RESULT: {"script":"<script> [8489 bytes]","args":[{"element-6066-11e4-a52e-4f735466cecf":"f.F1E1A893882E28A71BFE42B112EBC3C6.d.B5809BDAA6B32522FAA797327C2E91E9.e.6480","ELEMENT":"f.F1E1A893882E28A71BFE42B112EBC3C6.d.B5809BDAA6B32522FAA797327C2E91E9.e.6480"}]}
COMMAND: POST /session/041ece1bac594130e3a6c3bac6c9d85e/execute/sync - {"script":"<script> [5351 bytes]","args":[{"element-6066-11e4-a52e-4f735466cecf":"f.F1E1A893882E28A71BFE42B112EBC3C6.d.B5809BDAA6B32522FAA797327C2E91E9.e.6480","ELEMENT":"f.F1E1A893882E28A71BFE42B112EBC3C6.d.B5809BDAA6B32522FAA797327C2E91E9.e.6480"}]}
COMMAND: GET /session/041ece1bac594130e3a6c3bac6c9d85e/screenshot - {}
RESULT: {}
RESULT: {"script":"<script> [5351 bytes]","args":[{"element-6066-11e4-a52e-4f735466cecf":"f.F1E1A893882E28A71BFE42B112EBC3C6.d.B5809BDAA6B32522FAA797327C2E91E9.e.6480","ELEMENT":"f.F1E1A893882E28A71BFE42B112EBC3C6.d.B5809BDAA6B32522FAA797327C2E91E9.e.6480"}]}
COMMAND: POST /session/041ece1bac594130e3a6c3bac6c9d85e/element/f.F1E1A893882E28A71BFE42B112EBC3C6.d.B5809BDAA6B32522FAA797327C2E91E9.e.6480/click - {}
COMMAND: GET /session/041ece1bac594130e3a6c3bac6c9d85e/screenshot - {}
RESULT: {}
RESULT: {}
COMMAND: GET /session/041ece1bac594130e3a6c3bac6c9d85e/screenshot - {}
RESULT: {}
RESULT: {}
COMMAND: POST /session/041ece1bac594130e3a6c3bac6c9d85e/element - {"using":"xpath","value":"//input[@id=\"application-manageyards-display-component---NewYard--yardId-inner\"]"}
RESULT: {"using":"xpath","value":"//input[@id=\"application-manageyards-display-component---NewYard--yardId-inner\"]"}
COMMAND: POST /session/041ece1bac594130e3a6c3bac6c9d85e/element - {"using":"xpath","value":"//input[@id=\"application-manageyards-display-component---NewYard--yardId-inner\"]"}
RESULT: {"using":"xpath","value":"//input[@id=\"application-manageyards-display-component---NewYard--yardId-inner\"]"}
COMMAND: POST /session/041ece1bac594130e3a6c3bac6c9d85e/execute/async - {"script":"<script> [1562 bytes]","args":[{"selector":{"id":"application-manageyards-display-component---NewYard--addressDetailDetailsName1","interaction":{"idSuffix":"inner"}},"wdio_ui5_key":"applicationmanageyards-display-component---NewYard--addressDetailDetailsName1"}]}
RESULT: {"script":"<script> [1562 bytes]","args":[{"selector":{"id":"application-manageyards-display-component---NewYard--addressDetailDetailsName1","interaction":{"idSuffix":"inner"}},"wdio_ui5_key":"applicationmanageyards-display-component---NewYard--addressDetailDetailsName1"}]}
RESULT: undefined
COMMAND: POST /session/041ece1bac594130e3a6c3bac6c9d85e/execute/async - {"script":"<script> [776 bytes]","args":[{"enterText":"Intracompany Yard wdIO","selector":{"id":"application-manageyards-display-component---NewYard--addressDetailDetailsName1","interaction":{"idSuffix":"inner"}},"clearTextFirst":true,"interactionType":"ENTER_TEXT"}]}
RESULT: {"script":"<script> [776 bytes]","args":[{"enterText":"Intracompany Yard wdIO","selector":{"id":"application-manageyards-display-component---NewYard--addressDetailDetailsName1","interaction":{"idSuffix":"inner"}},"clearTextFirst":true,"interactionType":"ENTER_TEXT"}]}
COMMAND: POST /session/041ece1bac594130e3a6c3bac6c9d85e/execute/async - {"script":"<script> [1562 bytes]","args":[{"selector":{"id":"application-manageyards-display-component---NewYard--addressDetailDetailsLanguage-arrow"},"wdio_ui5_key":"applicationmanageyards-display-component---NewYard--addressDetailDetailsLanguage-arrow"}]}
RESULT: {"script":"<script> [1562 bytes]","args":[{"selector":{"id":"application-manageyards-display-component---NewYard--addressDetailDetailsLanguage-arrow"},"wdio_ui5_key":"applicationmanageyards-display-component---NewYard--addressDetailDetailsLanguage-arrow"}]}
RESULT: undefined
COMMAND: POST /session/041ece1bac594130e3a6c3bac6c9d85e/element - {"using":"xpath","value":"//*[@id=\"application-manageyards-display-component---NewYard--addressDetailDetailsLanguage-arrow\"]"}
RESULT: {"using":"xpath","value":"//*[@id=\"application-manageyards-display-component---NewYard--addressDetailDetailsLanguage-arrow\"]"}
COMMAND: POST /session/041ece1bac594130e3a6c3bac6c9d85e/element/f.F1E1A893882E28A71BFE42B112EBC3C6.d.B5809BDAA6B32522FAA797327C2E91E9.e.6916/click - {}
RESULT: {}
COMMAND: POST /session/041ece1bac594130e3a6c3bac6c9d85e/element - {"using":"xpath","value":"//span[contains(text(), \"English\")]"}
COMMAND: GET /session/041ece1bac594130e3a6c3bac6c9d85e/screenshot - {}
RESULT: {"using":"xpath","value":"//span[contains(text(), \"English\")]"}
COMMAND: POST /session/041ece1bac594130e3a6c3bac6c9d85e/element/f.F1E1A893882E28A71BFE42B112EBC3C6.d.B5809BDAA6B32522FAA797327C2E91E9.e.6917/click - {}
RESULT: {}
RESULT: {}
COMMAND: POST /session/041ece1bac594130e3a6c3bac6c9d85e/execute/async - {"script":"<script> [1562 bytes]","args":[{"selector":{"id":"application-manageyards-display-component---NewYard--addressDetailDetailsCity1","interaction":{"idSuffix":"inner"}},"wdio_ui5_key":"applicationmanageyards-display-component---NewYard--addressDetailDetailsCity1"}]}
COMMAND: GET /session/041ece1bac594130e3a6c3bac6c9d85e/screenshot - {}
RESULT: {"script":"<script> [1562 bytes]","args":[{"selector":{"id":"application-manageyards-display-component---NewYard--addressDetailDetailsCity1","interaction":{"idSuffix":"inner"}},"wdio_ui5_key":"applicationmanageyards-display-component---NewYard--addressDetailDetailsCity1"}]}
RESULT: undefined
COMMAND: POST /session/041ece1bac594130e3a6c3bac6c9d85e/execute/async - {"script":"<script> [776 bytes]","args":[{"enterText":"Rosario","selector":{"id":"application-manageyards-display-component---NewYard--addressDetailDetailsCity1","interaction":{"idSuffix":"inner"}},"clearTextFirst":true,"interactionType":"ENTER_TEXT"}]}
RESULT: {}
RESULT: {"script":"<script> [776 bytes]","args":[{"enterText":"Rosario","selector":{"id":"application-manageyards-display-component---NewYard--addressDetailDetailsCity1","interaction":{"idSuffix":"inner"}},"clearTextFirst":true,"interactionType":"ENTER_TEXT"}]}
COMMAND: POST /session/041ece1bac594130e3a6c3bac6c9d85e/execute/async - {"script":"<script> [1562 bytes]","args":[{"selector":{"id":"application-manageyards-display-component---NewYard--addressDetailDetailsCountry-arrow"},"wdio_ui5_key":"applicationmanageyards-display-component---NewYard--addressDetailDetailsCountry-arrow"}]}
RESULT: {"script":"<script> [1562 bytes]","args":[{"selector":{"id":"application-manageyards-display-component---NewYard--addressDetailDetailsCountry-arrow"},"wdio_ui5_key":"applicationmanageyards-display-component---NewYard--addressDetailDetailsCountry-arrow"}]}
RESULT: undefined
COMMAND: POST /session/041ece1bac594130e3a6c3bac6c9d85e/element - {"using":"xpath","value":"//*[@id=\"application-manageyards-display-component---NewYard--addressDetailDetailsCountry-arrow\"]"}
RESULT: {"using":"xpath","value":"//*[@id=\"application-manageyards-display-component---NewYard--addressDetailDetailsCountry-arrow\"]"}
COMMAND: POST /session/041ece1bac594130e3a6c3bac6c9d85e/element/f.F1E1A893882E28A71BFE42B112EBC3C6.d.B5809BDAA6B32522FAA797327C2E91E9.e.6919/click - {}
RESULT: {}
COMMAND: POST /session/041ece1bac594130e3a6c3bac6c9d85e/element - {"using":"xpath","value":"//span[contains(text(), \"Argentina\")]"}
COMMAND: GET /session/041ece1bac594130e3a6c3bac6c9d85e/screenshot - {}
RESULT: {"using":"xpath","value":"//span[contains(text(), \"Argentina\")]"}
COMMAND: POST /session/041ece1bac594130e3a6c3bac6c9d85e/element/f.F1E1A893882E28A71BFE42B112EBC3C6.d.B5809BDAA6B32522FAA797327C2E91E9.e.6921/click - {}
RESULT: {}
RESULT: {}
COMMAND: POST /session/041ece1bac594130e3a6c3bac6c9d85e/execute/async - {"script":"<script> [1562 bytes]","args":[{"selector":{"id":"application-manageyards-display-component---NewYard--addressEditDetailsCostObjectCstType-arrow"},"wdio_ui5_key":"applicationmanageyards-display-component---NewYard--addressEditDetailsCostObjectCstType-arrow"}]}
COMMAND: GET /session/041ece1bac594130e3a6c3bac6c9d85e/screenshot - {}
RESULT: {"script":"<script> [1562 bytes]","args":[{"selector":{"id":"application-manageyards-display-component---NewYard--addressEditDetailsCostObjectCstType-arrow"},"wdio_ui5_key":"applicationmanageyards-display-component---NewYard--addressEditDetailsCostObjectCstType-arrow"}]}
RESULT: undefined
COMMAND: POST /session/041ece1bac594130e3a6c3bac6c9d85e/element - {"using":"xpath","value":"//*[@id=\"application-manageyards-display-component---NewYard--addressEditDetailsCostObjectCstType-arrow\"]"}
RESULT: {}
RESULT: {"using":"xpath","value":"//*[@id=\"application-manageyards-display-component---NewYard--addressEditDetailsCostObjectCstType-arrow\"]"}
COMMAND: POST /session/041ece1bac594130e3a6c3bac6c9d85e/element/f.F1E1A893882E28A71BFE42B112EBC3C6.d.B5809BDAA6B32522FAA797327C2E91E9.e.6922/click - {}
RESULT: {}
COMMAND: POST /session/041ece1bac594130e3a6c3bac6c9d85e/element - {"using":"xpath","value":"//span[contains(text(), \"Cost Center\")]"}
COMMAND: GET /session/041ece1bac594130e3a6c3bac6c9d85e/screenshot - {}
RESULT: {"using":"xpath","value":"//span[contains(text(), \"Cost Center\")]"}
COMMAND: POST /session/041ece1bac594130e3a6c3bac6c9d85e/element/f.F1E1A893882E28A71BFE42B112EBC3C6.d.B5809BDAA6B32522FAA797327C2E91E9.e.6923/click - {}
RESULT: {}
RESULT: {}
COMMAND: GET /session/041ece1bac594130e3a6c3bac6c9d85e/screenshot - {}
RESULT: {}
COMMAND: POST /session/041ece1bac594130e3a6c3bac6c9d85e/element - {"using":"xpath","value":"//span[@id=\"application-manageyards-display-component---NewYard--addressNewCostObjectCstID-vhi\"]"}
RESULT: {"using":"xpath","value":"//span[@id=\"application-manageyards-display-component---NewYard--addressNewCostObjectCstID-vhi\"]"}
COMMAND: POST /session/041ece1bac594130e3a6c3bac6c9d85e/execute/sync - {"script":"<script> [8489 bytes]","args":[{"element-6066-11e4-a52e-4f735466cecf":"f.F1E1A893882E28A71BFE42B112EBC3C6.d.B5809BDAA6B32522FAA797327C2E91E9.e.6927","ELEMENT":"f.F1E1A893882E28A71BFE42B112EBC3C6.d.B5809BDAA6B32522FAA797327C2E91E9.e.6927"}]}
RESULT: {"script":"<script> [8489 bytes]","args":[{"element-6066-11e4-a52e-4f735466cecf":"f.F1E1A893882E28A71BFE42B112EBC3C6.d.B5809BDAA6B32522FAA797327C2E91E9.e.6927","ELEMENT":"f.F1E1A893882E28A71BFE42B112EBC3C6.d.B5809BDAA6B32522FAA797327C2E91E9.e.6927"}]}
COMMAND: POST /session/041ece1bac594130e3a6c3bac6c9d85e/execute/async - {"script":"<script> [1562 bytes]","args":[{"selector":{"id":"application-manageyards-display-component---NewYard--addressNewCostObjectCstID-vhi"},"wdio_ui5_key":"applicationmanageyards-display-component---NewYard--addressNewCostObjectCstID-vhi"}]}
COMMAND: GET /session/041ece1bac594130e3a6c3bac6c9d85e/screenshot - {}
RESULT: {"script":"<script> [1562 bytes]","args":[{"selector":{"id":"application-manageyards-display-component---NewYard--addressNewCostObjectCstID-vhi"},"wdio_ui5_key":"applicationmanageyards-display-component---NewYard--addressNewCostObjectCstID-vhi"}]}
RESULT: undefined
COMMAND: POST /session/041ece1bac594130e3a6c3bac6c9d85e/element - {"using":"xpath","value":"//*[@id=\"application-manageyards-display-component---NewYard--addressNewCostObjectCstID-vhi\"]"}
RESULT: {}
RESULT: {"using":"xpath","value":"//*[@id=\"application-manageyards-display-component---NewYard--addressNewCostObjectCstID-vhi\"]"}
COMMAND: POST /session/041ece1bac594130e3a6c3bac6c9d85e/element/f.F1E1A893882E28A71BFE42B112EBC3C6.d.B5809BDAA6B32522FAA797327C2E91E9.e.6927/click - {}
RESULT: {}
COMMAND: GET /session/041ece1bac594130e3a6c3bac6c9d85e/screenshot - {}
RESULT: {}
COMMAND: POST /session/041ece1bac594130e3a6c3bac6c9d85e/execute/async - {"script":"<script> [1562 bytes]","args":[{"selector":{"controlType":"sap.m.SearchField","properties":{"placeholder":"Search"},"searchOpenDialogs":true,"interaction":{"idSuffix":"I"}},"wdio_ui5_key":"sapm.SearchField{\"placeholder\":\"Search\"}"}]}
RESULT: {"script":"<script> [1562 bytes]","args":[{"selector":{"controlType":"sap.m.SearchField","properties":{"placeholder":"Search"},"searchOpenDialogs":true,"interaction":{"idSuffix":"I"}},"wdio_ui5_key":"sapm.SearchField{\"placeholder\":\"Search\"}"}]}
RESULT: undefined
COMMAND: POST /session/041ece1bac594130e3a6c3bac6c9d85e/execute/async - {"script":"<script> [776 bytes]","args":[{"enterText":"bauh_b","selector":{"controlType":"sap.m.SearchField","properties":{"placeholder":"Search"},"searchOpenDialogs":true,"interaction":{"idSuffix":"I"}},"clearTextFirst":true,"interactionType":"ENTER_TEXT"}]}
RESULT: {"script":"<script> [776 bytes]","args":[{"enterText":"bauh_b","selector":{"controlType":"sap.m.SearchField","properties":{"placeholder":"Search"},"searchOpenDialogs":true,"interaction":{"idSuffix":"I"}},"clearTextFirst":true,"interactionType":"ENTER_TEXT"}]}
COMMAND: POST /session/041ece1bac594130e3a6c3bac6c9d85e/actions - {"actions":[{"id":"action18","type":"key","parameters":{},"actions":[{"type":"keyDown","value":"î€‡"},{"type":"pause","duration":10},{"type":"keyUp","value":"î€‡"}]}]}
RESULT: {"actions":[{"id":"action18","type":"key","parameters":{},"actions":[{"type":"keyDown","value":"î€‡"},{"type":"pause","duration":10},{"type":"keyUp","value":"î€‡"}]}]}
COMMAND: GET /session/041ece1bac594130e3a6c3bac6c9d85e/screenshot - {}
RESULT: {}
COMMAND: POST /session/041ece1bac594130e3a6c3bac6c9d85e/element - {"using":"xpath","value":"//span[contains(text(), \"Demo Yard\")]"}
RESULT: {"using":"xpath","value":"//span[contains(text(), \"Demo Yard\")]"}
COMMAND: POST /session/041ece1bac594130e3a6c3bac6c9d85e/element/f.F1E1A893882E28A71BFE42B112EBC3C6.d.B5809BDAA6B32522FAA797327C2E91E9.e.6967/click - {}
RESULT: {}
COMMAND: GET /session/041ece1bac594130e3a6c3bac6c9d85e/screenshot - {}
RESULT: {}
COMMAND: POST /session/041ece1bac594130e3a6c3bac6c9d85e/element - {"using":"xpath","value":"//bdi[contains(text(), \"OK\")]"}
RESULT: {"using":"xpath","value":"//bdi[contains(text(), \"OK\")]"}
COMMAND: POST /session/041ece1bac594130e3a6c3bac6c9d85e/element/f.F1E1A893882E28A71BFE42B112EBC3C6.d.B5809BDAA6B32522FAA797327C2E91E9.e.6968/click - {}
RESULT: {}
COMMAND: GET /session/041ece1bac594130e3a6c3bac6c9d85e/screenshot - {}
RESULT: {}
COMMAND: POST /session/041ece1bac594130e3a6c3bac6c9d85e/execute/async - {"script":"<script> [1562 bytes]","args":[{"selector":{"id":"application-manageyards-display-component---NewYard--addressEditDetailsCurrency-arrow"},"wdio_ui5_key":"applicationmanageyards-display-component---NewYard--addressEditDetailsCurrency-arrow"}]}
RESULT: {"script":"<script> [1562 bytes]","args":[{"selector":{"id":"application-manageyards-display-component---NewYard--addressEditDetailsCurrency-arrow"},"wdio_ui5_key":"applicationmanageyards-display-component---NewYard--addressEditDetailsCurrency-arrow"}]}
RESULT: undefined
COMMAND: POST /session/041ece1bac594130e3a6c3bac6c9d85e/element - {"using":"xpath","value":"//*[@id=\"application-manageyards-display-component---NewYard--addressEditDetailsCurrency-arrow\"]"}
RESULT: {"using":"xpath","value":"//*[@id=\"application-manageyards-display-component---NewYard--addressEditDetailsCurrency-arrow\"]"}
COMMAND: POST /session/041ece1bac594130e3a6c3bac6c9d85e/element/f.F1E1A893882E28A71BFE42B112EBC3C6.d.B5809BDAA6B32522FAA797327C2E91E9.e.6971/click - {}
RESULT: {}
COMMAND: POST /session/041ece1bac594130e3a6c3bac6c9d85e/element - {"using":"xpath","value":"//span[contains(text(), \"Euro\")]"}
COMMAND: GET /session/041ece1bac594130e3a6c3bac6c9d85e/screenshot - {}
RESULT: {"using":"xpath","value":"//span[contains(text(), \"Euro\")]"}
COMMAND: POST /session/041ece1bac594130e3a6c3bac6c9d85e/element/f.F1E1A893882E28A71BFE42B112EBC3C6.d.B5809BDAA6B32522FAA797327C2E91E9.e.6972/click - {}
RESULT: {}
RESULT: {}
COMMAND: POST /session/041ece1bac594130e3a6c3bac6c9d85e/execute/async - {"script":"<script> [1562 bytes]","args":[{"selector":{"controlType":"sap.m.Input","viewName":"etm.portal.ui.manageyards.view.New","viewId":"application-manageyards-display-component---NewYard","bindingPath":{"path":"","propertyPath":"/CONTROLLING_AREA","modelName":"NewYardModel"},"interaction":{"idSuffix":"inner"}},"wdio_ui5_key":"etmportal.ui.manageyards.view.Newsap.m.Input{\"path\":\"\",\"propertyPath\":\"/CONTROLLING_AREA\",\"modelName\":\"NewYardModel\"}"}]}
COMMAND: GET /session/041ece1bac594130e3a6c3bac6c9d85e/screenshot - {}
RESULT: {"script":"<script> [1562 bytes]","args":[{"selector":{"controlType":"sap.m.Input","viewName":"etm.portal.ui.manageyards.view.New","viewId":"application-manageyards-display-component---NewYard","bindingPath":{"path":"","propertyPath":"/CONTROLLING_AREA","modelName":"NewYardModel"},"interaction":{"idSuffix":"inner"}},"wdio_ui5_key":"etmportal.ui.manageyards.view.Newsap.m.Input{\"path\":\"\",\"propertyPath\":\"/CONTROLLING_AREA\",\"modelName\":\"NewYardModel\"}"}]}
RESULT: undefined
COMMAND: POST /session/041ece1bac594130e3a6c3bac6c9d85e/execute/async - {"script":"<script> [776 bytes]","args":[{"enterText":"Z001","selector":{"controlType":"sap.m.Input","viewName":"etm.portal.ui.manageyards.view.New","viewId":"application-manageyards-display-component---NewYard","bindingPath":{"path":"","propertyPath":"/CONTROLLING_AREA","modelName":"NewYardModel"},"interaction":{"idSuffix":"inner"}},"clearTextFirst":true,"interactionType":"ENTER_TEXT"}]}
RESULT: {}
RESULT: {"script":"<script> [776 bytes]","args":[{"enterText":"Z001","selector":{"controlType":"sap.m.Input","viewName":"etm.portal.ui.manageyards.view.New","viewId":"application-manageyards-display-component---NewYard","bindingPath":{"path":"","propertyPath":"/CONTROLLING_AREA","modelName":"NewYardModel"},"interaction":{"idSuffix":"inner"}},"clearTextFirst":true,"interactionType":"ENTER_TEXT"}]}
COMMAND: POST /session/041ece1bac594130e3a6c3bac6c9d85e/execute/async - {"script":"<script> [1562 bytes]","args":[{"selector":{"id":"application-manageyards-display-component---NewYard--companyCodeComboBox","interaction":{"idSuffix":"inner"}},"wdio_ui5_key":"applicationmanageyards-display-component---NewYard--companyCodeComboBox"}]}
RESULT: {"script":"<script> [1562 bytes]","args":[{"selector":{"id":"application-manageyards-display-component---NewYard--companyCodeComboBox","interaction":{"idSuffix":"inner"}},"wdio_ui5_key":"applicationmanageyards-display-component---NewYard--companyCodeComboBox"}]}
RESULT: undefined
COMMAND: POST /session/041ece1bac594130e3a6c3bac6c9d85e/execute/async - {"script":"<script> [776 bytes]","args":[{"enterText":"1000","selector":{"id":"application-manageyards-display-component---NewYard--companyCodeComboBox","interaction":{"idSuffix":"inner"}},"clearTextFirst":true,"interactionType":"ENTER_TEXT"}]}
RESULT: {"script":"<script> [776 bytes]","args":[{"enterText":"1000","selector":{"id":"application-manageyards-display-component---NewYard--companyCodeComboBox","interaction":{"idSuffix":"inner"}},"clearTextFirst":true,"interactionType":"ENTER_TEXT"}]}
COMMAND: POST /session/041ece1bac594130e3a6c3bac6c9d85e/execute/async - {"script":"<script> [1562 bytes]","args":[{"selector":{"controlType":"sap.m.Input","viewName":"etm.portal.ui.manageyards.view.New","viewId":"application-manageyards-display-component---NewYard","bindingPath":{"path":"","propertyPath":"/PLANT","modelName":"NewYardModel"},"interaction":{"idSuffix":"inner"}},"wdio_ui5_key":"etmportal.ui.manageyards.view.Newsap.m.Input{\"path\":\"\",\"propertyPath\":\"/PLANT\",\"modelName\":\"NewYardModel\"}"}]}
RESULT: {"script":"<script> [1562 bytes]","args":[{"selector":{"controlType":"sap.m.Input","viewName":"etm.portal.ui.manageyards.view.New","viewId":"application-manageyards-display-component---NewYard","bindingPath":{"path":"","propertyPath":"/PLANT","modelName":"NewYardModel"},"interaction":{"idSuffix":"inner"}},"wdio_ui5_key":"etmportal.ui.manageyards.view.Newsap.m.Input{\"path\":\"\",\"propertyPath\":\"/PLANT\",\"modelName\":\"NewYardModel\"}"}]}
RESULT: undefined
COMMAND: POST /session/041ece1bac594130e3a6c3bac6c9d85e/execute/async - {"script":"<script> [776 bytes]","args":[{"enterText":"1001","selector":{"controlType":"sap.m.Input","viewName":"etm.portal.ui.manageyards.view.New","viewId":"application-manageyards-display-component---NewYard","bindingPath":{"path":"","propertyPath":"/PLANT","modelName":"NewYardModel"},"interaction":{"idSuffix":"inner"}},"clearTextFirst":true,"interactionType":"ENTER_TEXT"}]}
RESULT: {"script":"<script> [776 bytes]","args":[{"enterText":"1001","selector":{"controlType":"sap.m.Input","viewName":"etm.portal.ui.manageyards.view.New","viewId":"application-manageyards-display-component---NewYard","bindingPath":{"path":"","propertyPath":"/PLANT","modelName":"NewYardModel"},"interaction":{"idSuffix":"inner"}},"clearTextFirst":true,"interactionType":"ENTER_TEXT"}]}
COMMAND: POST /session/041ece1bac594130e3a6c3bac6c9d85e/execute/async - {"script":"<script> [1562 bytes]","args":[{"selector":{"controlType":"sap.m.Input","viewName":"etm.portal.ui.manageyards.view.New","viewId":"application-manageyards-display-component---NewYard","bindingPath":{"path":"","propertyPath":"/SALES_AREA_VKORG","modelName":"NewYardModel"},"interaction":{"idSuffix":"inner"}},"wdio_ui5_key":"etmportal.ui.manageyards.view.Newsap.m.Input{\"path\":\"\",\"propertyPath\":\"/SALES_AREA_VKORG\",\"modelName\":\"NewYardModel\"}"}]}
RESULT: {"script":"<script> [1562 bytes]","args":[{"selector":{"controlType":"sap.m.Input","viewName":"etm.portal.ui.manageyards.view.New","viewId":"application-manageyards-display-component---NewYard","bindingPath":{"path":"","propertyPath":"/SALES_AREA_VKORG","modelName":"NewYardModel"},"interaction":{"idSuffix":"inner"}},"wdio_ui5_key":"etmportal.ui.manageyards.view.Newsap.m.Input{\"path\":\"\",\"propertyPath\":\"/SALES_AREA_VKORG\",\"modelName\":\"NewYardModel\"}"}]}
RESULT: undefined
COMMAND: POST /session/041ece1bac594130e3a6c3bac6c9d85e/execute/async - {"script":"<script> [776 bytes]","args":[{"enterText":"C002","selector":{"controlType":"sap.m.Input","viewName":"etm.portal.ui.manageyards.view.New","viewId":"application-manageyards-display-component---NewYard","bindingPath":{"path":"","propertyPath":"/SALES_AREA_VKORG","modelName":"NewYardModel"},"interaction":{"idSuffix":"inner"}},"clearTextFirst":true,"interactionType":"ENTER_TEXT"}]}
RESULT: {"script":"<script> [776 bytes]","args":[{"enterText":"C002","selector":{"controlType":"sap.m.Input","viewName":"etm.portal.ui.manageyards.view.New","viewId":"application-manageyards-display-component---NewYard","bindingPath":{"path":"","propertyPath":"/SALES_AREA_VKORG","modelName":"NewYardModel"},"interaction":{"idSuffix":"inner"}},"clearTextFirst":true,"interactionType":"ENTER_TEXT"}]}
COMMAND: POST /session/041ece1bac594130e3a6c3bac6c9d85e/execute/async - {"script":"<script> [1562 bytes]","args":[{"selector":{"controlType":"sap.m.Input","viewName":"etm.portal.ui.manageyards.view.New","viewId":"application-manageyards-display-component---NewYard","bindingPath":{"path":"","propertyPath":"/SALES_AREA_VTWEG","modelName":"NewYardModel"},"interaction":{"idSuffix":"inner"}},"wdio_ui5_key":"etmportal.ui.manageyards.view.Newsap.m.Input{\"path\":\"\",\"propertyPath\":\"/SALES_AREA_VTWEG\",\"modelName\":\"NewYardModel\"}"}]}
RESULT: {"script":"<script> [1562 bytes]","args":[{"selector":{"controlType":"sap.m.Input","viewName":"etm.portal.ui.manageyards.view.New","viewId":"application-manageyards-display-component---NewYard","bindingPath":{"path":"","propertyPath":"/SALES_AREA_VTWEG","modelName":"NewYardModel"},"interaction":{"idSuffix":"inner"}},"wdio_ui5_key":"etmportal.ui.manageyards.view.Newsap.m.Input{\"path\":\"\",\"propertyPath\":\"/SALES_AREA_VTWEG\",\"modelName\":\"NewYardModel\"}"}]}
RESULT: undefined
COMMAND: POST /session/041ece1bac594130e3a6c3bac6c9d85e/execute/async - {"script":"<script> [776 bytes]","args":[{"enterText":"C2","selector":{"controlType":"sap.m.Input","viewName":"etm.portal.ui.manageyards.view.New","viewId":"application-manageyards-display-component---NewYard","bindingPath":{"path":"","propertyPath":"/SALES_AREA_VTWEG","modelName":"NewYardModel"},"interaction":{"idSuffix":"inner"}},"clearTextFirst":true,"interactionType":"ENTER_TEXT"}]}
RESULT: {"script":"<script> [776 bytes]","args":[{"enterText":"C2","selector":{"controlType":"sap.m.Input","viewName":"etm.portal.ui.manageyards.view.New","viewId":"application-manageyards-display-component---NewYard","bindingPath":{"path":"","propertyPath":"/SALES_AREA_VTWEG","modelName":"NewYardModel"},"interaction":{"idSuffix":"inner"}},"clearTextFirst":true,"interactionType":"ENTER_TEXT"}]}
COMMAND: POST /session/041ece1bac594130e3a6c3bac6c9d85e/execute/async - {"script":"<script> [1562 bytes]","args":[{"selector":{"controlType":"sap.m.Input","viewName":"etm.portal.ui.manageyards.view.New","viewId":"application-manageyards-display-component---NewYard","bindingPath":{"path":"","propertyPath":"/SALES_AREA_SPART","modelName":"NewYardModel"},"interaction":{"idSuffix":"inner"}},"wdio_ui5_key":"etmportal.ui.manageyards.view.Newsap.m.Input{\"path\":\"\",\"propertyPath\":\"/SALES_AREA_SPART\",\"modelName\":\"NewYardModel\"}"}]}
RESULT: {"script":"<script> [1562 bytes]","args":[{"selector":{"controlType":"sap.m.Input","viewName":"etm.portal.ui.manageyards.view.New","viewId":"application-manageyards-display-component---NewYard","bindingPath":{"path":"","propertyPath":"/SALES_AREA_SPART","modelName":"NewYardModel"},"interaction":{"idSuffix":"inner"}},"wdio_ui5_key":"etmportal.ui.manageyards.view.Newsap.m.Input{\"path\":\"\",\"propertyPath\":\"/SALES_AREA_SPART\",\"modelName\":\"NewYardModel\"}"}]}
RESULT: undefined
COMMAND: POST /session/041ece1bac594130e3a6c3bac6c9d85e/execute/async - {"script":"<script> [776 bytes]","args":[{"enterText":"C2","selector":{"controlType":"sap.m.Input","viewName":"etm.portal.ui.manageyards.view.New","viewId":"application-manageyards-display-component---NewYard","bindingPath":{"path":"","propertyPath":"/SALES_AREA_SPART","modelName":"NewYardModel"},"interaction":{"idSuffix":"inner"}},"clearTextFirst":true,"interactionType":"ENTER_TEXT"}]}
RESULT: {"script":"<script> [776 bytes]","args":[{"enterText":"C2","selector":{"controlType":"sap.m.Input","viewName":"etm.portal.ui.manageyards.view.New","viewId":"application-manageyards-display-component---NewYard","bindingPath":{"path":"","propertyPath":"/SALES_AREA_SPART","modelName":"NewYardModel"},"interaction":{"idSuffix":"inner"}},"clearTextFirst":true,"interactionType":"ENTER_TEXT"}]}
COMMAND: POST /session/041ece1bac594130e3a6c3bac6c9d85e/execute/async - {"script":"<script> [1562 bytes]","args":[{"selector":{"controlType":"sap.m.Input","viewName":"etm.portal.ui.manageyards.view.New","viewId":"application-manageyards-display-component---NewYard","bindingPath":{"path":"","propertyPath":"/SHIP_POINT","modelName":"NewYardModel"},"interaction":{"idSuffix":"inner"}},"wdio_ui5_key":"etmportal.ui.manageyards.view.Newsap.m.Input{\"path\":\"\",\"propertyPath\":\"/SHIP_POINT\",\"modelName\":\"NewYardModel\"}"}]}
RESULT: {"script":"<script> [1562 bytes]","args":[{"selector":{"controlType":"sap.m.Input","viewName":"etm.portal.ui.manageyards.view.New","viewId":"application-manageyards-display-component---NewYard","bindingPath":{"path":"","propertyPath":"/SHIP_POINT","modelName":"NewYardModel"},"interaction":{"idSuffix":"inner"}},"wdio_ui5_key":"etmportal.ui.manageyards.view.Newsap.m.Input{\"path\":\"\",\"propertyPath\":\"/SHIP_POINT\",\"modelName\":\"NewYardModel\"}"}]}
RESULT: undefined
COMMAND: POST /session/041ece1bac594130e3a6c3bac6c9d85e/execute/async - {"script":"<script> [776 bytes]","args":[{"enterText":"1710","selector":{"controlType":"sap.m.Input","viewName":"etm.portal.ui.manageyards.view.New","viewId":"application-manageyards-display-component---NewYard","bindingPath":{"path":"","propertyPath":"/SHIP_POINT","modelName":"NewYardModel"},"interaction":{"idSuffix":"inner"}},"clearTextFirst":true,"interactionType":"ENTER_TEXT"}]}
RESULT: {"script":"<script> [776 bytes]","args":[{"enterText":"1710","selector":{"controlType":"sap.m.Input","viewName":"etm.portal.ui.manageyards.view.New","viewId":"application-manageyards-display-component---NewYard","bindingPath":{"path":"","propertyPath":"/SHIP_POINT","modelName":"NewYardModel"},"interaction":{"idSuffix":"inner"}},"clearTextFirst":true,"interactionType":"ENTER_TEXT"}]}
COMMAND: POST /session/041ece1bac594130e3a6c3bac6c9d85e/execute/async - {"script":"<script> [1562 bytes]","args":[{"selector":{"controlType":"sap.m.Input","viewName":"etm.portal.ui.manageyards.view.New","viewId":"application-manageyards-display-component---NewYard","bindingPath":{"path":"","propertyPath":"/DELIVERY_TYPE","modelName":"NewYardModel"},"interaction":{"idSuffix":"inner"}},"wdio_ui5_key":"etmportal.ui.manageyards.view.Newsap.m.Input{\"path\":\"\",\"propertyPath\":\"/DELIVERY_TYPE\",\"modelName\":\"NewYardModel\"}"}]}
RESULT: {"script":"<script> [1562 bytes]","args":[{"selector":{"controlType":"sap.m.Input","viewName":"etm.portal.ui.manageyards.view.New","viewId":"application-manageyards-display-component---NewYard","bindingPath":{"path":"","propertyPath":"/DELIVERY_TYPE","modelName":"NewYardModel"},"interaction":{"idSuffix":"inner"}},"wdio_ui5_key":"etmportal.ui.manageyards.view.Newsap.m.Input{\"path\":\"\",\"propertyPath\":\"/DELIVERY_TYPE\",\"modelName\":\"NewYardModel\"}"}]}
RESULT: undefined
COMMAND: POST /session/041ece1bac594130e3a6c3bac6c9d85e/execute/async - {"script":"<script> [776 bytes]","args":[{"enterText":"ZL01","selector":{"controlType":"sap.m.Input","viewName":"etm.portal.ui.manageyards.view.New","viewId":"application-manageyards-display-component---NewYard","bindingPath":{"path":"","propertyPath":"/DELIVERY_TYPE","modelName":"NewYardModel"},"interaction":{"idSuffix":"inner"}},"clearTextFirst":true,"interactionType":"ENTER_TEXT"}]}
RESULT: {"script":"<script> [776 bytes]","args":[{"enterText":"ZL01","selector":{"controlType":"sap.m.Input","viewName":"etm.portal.ui.manageyards.view.New","viewId":"application-manageyards-display-component---NewYard","bindingPath":{"path":"","propertyPath":"/DELIVERY_TYPE","modelName":"NewYardModel"},"interaction":{"idSuffix":"inner"}},"clearTextFirst":true,"interactionType":"ENTER_TEXT"}]}
COMMAND: POST /session/041ece1bac594130e3a6c3bac6c9d85e/execute/async - {"script":"<script> [1562 bytes]","args":[{"selector":{"controlType":"sap.m.Input","viewName":"etm.portal.ui.manageyards.view.New","viewId":"application-manageyards-display-component---NewYard","bindingPath":{"path":"","propertyPath":"/AUART","modelName":"NewYardModel"},"interaction":{"idSuffix":"inner"}},"wdio_ui5_key":"etmportal.ui.manageyards.view.Newsap.m.Input{\"path\":\"\",\"propertyPath\":\"/AUART\",\"modelName\":\"NewYardModel\"}"}]}
RESULT: {"script":"<script> [1562 bytes]","args":[{"selector":{"controlType":"sap.m.Input","viewName":"etm.portal.ui.manageyards.view.New","viewId":"application-manageyards-display-component---NewYard","bindingPath":{"path":"","propertyPath":"/AUART","modelName":"NewYardModel"},"interaction":{"idSuffix":"inner"}},"wdio_ui5_key":"etmportal.ui.manageyards.view.Newsap.m.Input{\"path\":\"\",\"propertyPath\":\"/AUART\",\"modelName\":\"NewYardModel\"}"}]}
RESULT: undefined
COMMAND: POST /session/041ece1bac594130e3a6c3bac6c9d85e/execute/async - {"script":"<script> [776 bytes]","args":[{"enterText":"TA","selector":{"controlType":"sap.m.Input","viewName":"etm.portal.ui.manageyards.view.New","viewId":"application-manageyards-display-component---NewYard","bindingPath":{"path":"","propertyPath":"/AUART","modelName":"NewYardModel"},"interaction":{"idSuffix":"inner"}},"clearTextFirst":true,"interactionType":"ENTER_TEXT"}]}
RESULT: {"script":"<script> [776 bytes]","args":[{"enterText":"TA","selector":{"controlType":"sap.m.Input","viewName":"etm.portal.ui.manageyards.view.New","viewId":"application-manageyards-display-component---NewYard","bindingPath":{"path":"","propertyPath":"/AUART","modelName":"NewYardModel"},"interaction":{"idSuffix":"inner"}},"clearTextFirst":true,"interactionType":"ENTER_TEXT"}]}
COMMAND: POST /session/041ece1bac594130e3a6c3bac6c9d85e/element - {"using":"xpath","value":"//button[@data-kt=\"newYardSaveButton\"]"}
RESULT: {"using":"xpath","value":"//button[@data-kt=\"newYardSaveButton\"]"}
COMMAND: POST /session/041ece1bac594130e3a6c3bac6c9d85e/element/f.F1E1A893882E28A71BFE42B112EBC3C6.d.B5809BDAA6B32522FAA797327C2E91E9.e.6901/click - {}
RESULT: {}
COMMAND: GET /session/041ece1bac594130e3a6c3bac6c9d85e/screenshot - {}
RESULT: {}
COMMAND: POST /session/041ece1bac594130e3a6c3bac6c9d85e/element - {"using":"xpath","value":"//header[contains(@id, 'ObjectPageLayout-headerTitle')]/div[1]/div[2]/div[1]/span[1]"}
RESULT: {"using":"xpath","value":"//header[contains(@id, 'ObjectPageLayout-headerTitle')]/div[1]/div[2]/div[1]/span[1]"}
COMMAND: POST /session/041ece1bac594130e3a6c3bac6c9d85e/elements - {"using":"xpath","value":"//header[contains(@id, 'ObjectPageLayout-headerTitle')]/div[1]/div[2]/div[1]/span[1]"}
RESULT: {"using":"xpath","value":"//header[contains(@id, 'ObjectPageLayout-headerTitle')]/div[1]/div[2]/div[1]/span[1]"}
COMMAND: POST /session/041ece1bac594130e3a6c3bac6c9d85e/execute/sync - {"script":"<script> [56 bytes]","args":[{"element-6066-11e4-a52e-4f735466cecf":"f.F1E1A893882E28A71BFE42B112EBC3C6.d.B5809BDAA6B32522FAA797327C2E91E9.e.7191","ELEMENT":"f.F1E1A893882E28A71BFE42B112EBC3C6.d.B5809BDAA6B32522FAA797327C2E91E9.e.7191"}]}
RESULT: {"script":"<script> [56 bytes]","args":[{"element-6066-11e4-a52e-4f735466cecf":"f.F1E1A893882E28A71BFE42B112EBC3C6.d.B5809BDAA6B32522FAA797327C2E91E9.e.7191","ELEMENT":"f.F1E1A893882E28A71BFE42B112EBC3C6.d.B5809BDAA6B32522FAA797327C2E91E9.e.7191"}]}
COMMAND: GET /session/041ece1bac594130e3a6c3bac6c9d85e/screenshot - {}
RESULT: {}
COMMAND: POST /session/041ece1bac594130e3a6c3bac6c9d85e/element - {"using":"css selector","value":"#shell-header-logo"}
RESULT: {"using":"css selector","value":"#shell-header-logo"}
COMMAND: POST /session/041ece1bac594130e3a6c3bac6c9d85e/element/f.F1E1A893882E28A71BFE42B112EBC3C6.d.B5809BDAA6B32522FAA797327C2E91E9.e.6454/click - {}
RESULT: {}
COMMAND: GET /session/041ece1bac594130e3a6c3bac6c9d85e/screenshot - {}
RESULT: {}
COMMAND: POST /session/041ece1bac594130e3a6c3bac6c9d85e/execute/sync - {"script":"<script> [299 bytes]","args":[["getModel","getResource"]]}
RESULT: {"script":"<script> [299 bytes]","args":[["getModel","getResource"]]}
COMMAND: GET /session/041ece1bac594130e3a6c3bac6c9d85e/screenshot - {}
]]></system-out>
    </testcase>
    <testcase classname="chrome.137_0_7151_56.windows.Billing_Transfer_-_Intracompany_US127249" name="Should create a new partner" time="145.978">
      <system-out><![CDATA[
RESULT: {}
COMMAND: POST /session/041ece1bac594130e3a6c3bac6c9d85e/window/fullscreen - {}
RESULT: {}
COMMAND: POST /session/041ece1bac594130e3a6c3bac6c9d85e/execute/async - {"script":"<script> [1562 bytes]","args":[{"selector":{"controlType":"sap.m.GenericTile","properties":{"header":"Manage Partners"}},"wdio_ui5_key":"sapm.GenericTile{\"header\":\"Manage Partners\"}"}]}
RESULT: {"script":"<script> [1562 bytes]","args":[{"selector":{"controlType":"sap.m.GenericTile","properties":{"header":"Manage Partners"}},"wdio_ui5_key":"sapm.GenericTile{\"header\":\"Manage Partners\"}"}]}
RESULT: undefined
COMMAND: POST /session/041ece1bac594130e3a6c3bac6c9d85e/element - {"using":"xpath","value":"//*[@id=\"__tile38\"]"}
RESULT: {"using":"xpath","value":"//*[@id=\"__tile38\"]"}
COMMAND: POST /session/041ece1bac594130e3a6c3bac6c9d85e/element/f.F1E1A893882E28A71BFE42B112EBC3C6.d.B5809BDAA6B32522FAA797327C2E91E9.e.6341/click - {}
RESULT: {}
COMMAND: GET /session/041ece1bac594130e3a6c3bac6c9d85e/screenshot - {}
RESULT: {}
COMMAND: POST /session/041ece1bac594130e3a6c3bac6c9d85e/elements - {"using":"xpath","value":"//span[text()='Error']"}
RESULT: {"using":"xpath","value":"//span[text()='Error']"}
COMMAND: POST /session/041ece1bac594130e3a6c3bac6c9d85e/element - {"using":"xpath","value":"//button[@data-kt=\"addButton\"]"}
RESULT: {"using":"xpath","value":"//button[@data-kt=\"addButton\"]"}
COMMAND: POST /session/041ece1bac594130e3a6c3bac6c9d85e/elements - {"using":"xpath","value":"//button[@data-kt=\"addButton\"]"}
RESULT: {"using":"xpath","value":"//button[@data-kt=\"addButton\"]"}
COMMAND: POST /session/041ece1bac594130e3a6c3bac6c9d85e/elements - {"using":"xpath","value":"//button[@data-kt=\"addButton\"]"}
RESULT: {"using":"xpath","value":"//button[@data-kt=\"addButton\"]"}
COMMAND: POST /session/041ece1bac594130e3a6c3bac6c9d85e/element - {"using":"xpath","value":"//button[@data-kt=\"addButton\"]"}
RESULT: {"using":"xpath","value":"//button[@data-kt=\"addButton\"]"}
COMMAND: POST /session/041ece1bac594130e3a6c3bac6c9d85e/execute/sync - {"script":"<script> [8489 bytes]","args":[{"element-6066-11e4-a52e-4f735466cecf":"f.F1E1A893882E28A71BFE42B112EBC3C6.d.B5809BDAA6B32522FAA797327C2E91E9.e.7229","ELEMENT":"f.F1E1A893882E28A71BFE42B112EBC3C6.d.B5809BDAA6B32522FAA797327C2E91E9.e.7229"}]}
RESULT: {"script":"<script> [8489 bytes]","args":[{"element-6066-11e4-a52e-4f735466cecf":"f.F1E1A893882E28A71BFE42B112EBC3C6.d.B5809BDAA6B32522FAA797327C2E91E9.e.7229","ELEMENT":"f.F1E1A893882E28A71BFE42B112EBC3C6.d.B5809BDAA6B32522FAA797327C2E91E9.e.7229"}]}
COMMAND: GET /session/041ece1bac594130e3a6c3bac6c9d85e/element/f.F1E1A893882E28A71BFE42B112EBC3C6.d.B5809BDAA6B32522FAA797327C2E91E9.e.7229/enabled - {}
COMMAND: GET /session/041ece1bac594130e3a6c3bac6c9d85e/screenshot - {}
RESULT: {}
COMMAND: POST /session/041ece1bac594130e3a6c3bac6c9d85e/execute/sync - {"script":"<script> [8489 bytes]","args":[{"element-6066-11e4-a52e-4f735466cecf":"f.F1E1A893882E28A71BFE42B112EBC3C6.d.B5809BDAA6B32522FAA797327C2E91E9.e.7229","ELEMENT":"f.F1E1A893882E28A71BFE42B112EBC3C6.d.B5809BDAA6B32522FAA797327C2E91E9.e.7229"}]}
COMMAND: GET /session/041ece1bac594130e3a6c3bac6c9d85e/screenshot - {}
RESULT: {}
RESULT: {"script":"<script> [8489 bytes]","args":[{"element-6066-11e4-a52e-4f735466cecf":"f.F1E1A893882E28A71BFE42B112EBC3C6.d.B5809BDAA6B32522FAA797327C2E91E9.e.7229","ELEMENT":"f.F1E1A893882E28A71BFE42B112EBC3C6.d.B5809BDAA6B32522FAA797327C2E91E9.e.7229"}]}
COMMAND: POST /session/041ece1bac594130e3a6c3bac6c9d85e/execute/sync - {"script":"<script> [5351 bytes]","args":[{"element-6066-11e4-a52e-4f735466cecf":"f.F1E1A893882E28A71BFE42B112EBC3C6.d.B5809BDAA6B32522FAA797327C2E91E9.e.7229","ELEMENT":"f.F1E1A893882E28A71BFE42B112EBC3C6.d.B5809BDAA6B32522FAA797327C2E91E9.e.7229"}]}
COMMAND: GET /session/041ece1bac594130e3a6c3bac6c9d85e/screenshot - {}
RESULT: {}
RESULT: {"script":"<script> [5351 bytes]","args":[{"element-6066-11e4-a52e-4f735466cecf":"f.F1E1A893882E28A71BFE42B112EBC3C6.d.B5809BDAA6B32522FAA797327C2E91E9.e.7229","ELEMENT":"f.F1E1A893882E28A71BFE42B112EBC3C6.d.B5809BDAA6B32522FAA797327C2E91E9.e.7229"}]}
COMMAND: POST /session/041ece1bac594130e3a6c3bac6c9d85e/element/f.F1E1A893882E28A71BFE42B112EBC3C6.d.B5809BDAA6B32522FAA797327C2E91E9.e.7229/click - {}
COMMAND: GET /session/041ece1bac594130e3a6c3bac6c9d85e/screenshot - {}
RESULT: {}
RESULT: {}
COMMAND: GET /session/041ece1bac594130e3a6c3bac6c9d85e/screenshot - {}
COMMAND: POST /session/041ece1bac594130e3a6c3bac6c9d85e/execute/async - {"script":"<script> [1562 bytes]","args":[{"selector":{"id":"application-managepartners-display-component---NewPartner--addressDetailDetailsName1","interaction":{"idSuffix":"inner"}},"wdio_ui5_key":"applicationmanagepartners-display-component---NewPartner--addressDetailDetailsName1"}]}
RESULT: {}
RESULT: {}
RESULT: {"script":"<script> [1562 bytes]","args":[{"selector":{"id":"application-managepartners-display-component---NewPartner--addressDetailDetailsName1","interaction":{"idSuffix":"inner"}},"wdio_ui5_key":"applicationmanagepartners-display-component---NewPartner--addressDetailDetailsName1"}]}
RESULT: undefined
COMMAND: POST /session/041ece1bac594130e3a6c3bac6c9d85e/execute/async - {"script":"<script> [776 bytes]","args":[{"enterText":"Intracompany Partner WDIO","selector":{"id":"application-managepartners-display-component---NewPartner--addressDetailDetailsName1","interaction":{"idSuffix":"inner"}},"clearTextFirst":true,"interactionType":"ENTER_TEXT"}]}
RESULT: {"script":"<script> [776 bytes]","args":[{"enterText":"Intracompany Partner WDIO","selector":{"id":"application-managepartners-display-component---NewPartner--addressDetailDetailsName1","interaction":{"idSuffix":"inner"}},"clearTextFirst":true,"interactionType":"ENTER_TEXT"}]}
COMMAND: POST /session/041ece1bac594130e3a6c3bac6c9d85e/execute/async - {"script":"<script> [1562 bytes]","args":[{"selector":{"id":"application-managepartners-display-component---NewPartner--addressDetailDetailsLanguage-arrow"},"wdio_ui5_key":"applicationmanagepartners-display-component---NewPartner--addressDetailDetailsLanguage-arrow"}]}
RESULT: {"script":"<script> [1562 bytes]","args":[{"selector":{"id":"application-managepartners-display-component---NewPartner--addressDetailDetailsLanguage-arrow"},"wdio_ui5_key":"applicationmanagepartners-display-component---NewPartner--addressDetailDetailsLanguage-arrow"}]}
RESULT: undefined
COMMAND: POST /session/041ece1bac594130e3a6c3bac6c9d85e/element - {"using":"xpath","value":"//*[@id=\"application-managepartners-display-component---NewPartner--addressDetailDetailsLanguage-arrow\"]"}
RESULT: {"using":"xpath","value":"//*[@id=\"application-managepartners-display-component---NewPartner--addressDetailDetailsLanguage-arrow\"]"}
COMMAND: POST /session/041ece1bac594130e3a6c3bac6c9d85e/element/f.F1E1A893882E28A71BFE42B112EBC3C6.d.B5809BDAA6B32522FAA797327C2E91E9.e.7678/click - {}
RESULT: {}
COMMAND: POST /session/041ece1bac594130e3a6c3bac6c9d85e/element - {"using":"xpath","value":"//span[contains(text(), \"English\")]"}
COMMAND: GET /session/041ece1bac594130e3a6c3bac6c9d85e/screenshot - {}
RESULT: {"using":"xpath","value":"//span[contains(text(), \"English\")]"}
COMMAND: POST /session/041ece1bac594130e3a6c3bac6c9d85e/element/f.F1E1A893882E28A71BFE42B112EBC3C6.d.B5809BDAA6B32522FAA797327C2E91E9.e.7679/click - {}
RESULT: {}
RESULT: {}
COMMAND: GET /session/041ece1bac594130e3a6c3bac6c9d85e/screenshot - {}
RESULT: {}
COMMAND: POST /session/041ece1bac594130e3a6c3bac6c9d85e/execute/async - {"script":"<script> [1562 bytes]","args":[{"selector":{"id":"application-managepartners-display-component---NewPartner--addressDetailDetailsCity1","interaction":{"idSuffix":"inner"}},"wdio_ui5_key":"applicationmanagepartners-display-component---NewPartner--addressDetailDetailsCity1"}]}
RESULT: {"script":"<script> [1562 bytes]","args":[{"selector":{"id":"application-managepartners-display-component---NewPartner--addressDetailDetailsCity1","interaction":{"idSuffix":"inner"}},"wdio_ui5_key":"applicationmanagepartners-display-component---NewPartner--addressDetailDetailsCity1"}]}
RESULT: undefined
COMMAND: POST /session/041ece1bac594130e3a6c3bac6c9d85e/execute/async - {"script":"<script> [776 bytes]","args":[{"enterText":"Rosario","selector":{"id":"application-managepartners-display-component---NewPartner--addressDetailDetailsCity1","interaction":{"idSuffix":"inner"}},"clearTextFirst":true,"interactionType":"ENTER_TEXT"}]}
RESULT: {"script":"<script> [776 bytes]","args":[{"enterText":"Rosario","selector":{"id":"application-managepartners-display-component---NewPartner--addressDetailDetailsCity1","interaction":{"idSuffix":"inner"}},"clearTextFirst":true,"interactionType":"ENTER_TEXT"}]}
COMMAND: POST /session/041ece1bac594130e3a6c3bac6c9d85e/execute/async - {"script":"<script> [1562 bytes]","args":[{"selector":{"id":"application-managepartners-display-component---NewPartner--addressDetailDetailsCountry-arrow"},"wdio_ui5_key":"applicationmanagepartners-display-component---NewPartner--addressDetailDetailsCountry-arrow"}]}
RESULT: {"script":"<script> [1562 bytes]","args":[{"selector":{"id":"application-managepartners-display-component---NewPartner--addressDetailDetailsCountry-arrow"},"wdio_ui5_key":"applicationmanagepartners-display-component---NewPartner--addressDetailDetailsCountry-arrow"}]}
RESULT: undefined
COMMAND: POST /session/041ece1bac594130e3a6c3bac6c9d85e/element - {"using":"xpath","value":"//*[@id=\"application-managepartners-display-component---NewPartner--addressDetailDetailsCountry-arrow\"]"}
RESULT: {"using":"xpath","value":"//*[@id=\"application-managepartners-display-component---NewPartner--addressDetailDetailsCountry-arrow\"]"}
COMMAND: POST /session/041ece1bac594130e3a6c3bac6c9d85e/element/f.F1E1A893882E28A71BFE42B112EBC3C6.d.B5809BDAA6B32522FAA797327C2E91E9.e.7635/click - {}
RESULT: {}
COMMAND: POST /session/041ece1bac594130e3a6c3bac6c9d85e/element - {"using":"xpath","value":"//span[contains(text(), \"Argentina\")]"}
COMMAND: GET /session/041ece1bac594130e3a6c3bac6c9d85e/screenshot - {}
RESULT: {"using":"xpath","value":"//span[contains(text(), \"Argentina\")]"}
COMMAND: POST /session/041ece1bac594130e3a6c3bac6c9d85e/element/f.F1E1A893882E28A71BFE42B112EBC3C6.d.B5809BDAA6B32522FAA797327C2E91E9.e.7681/click - {}
RESULT: {}
RESULT: {}
COMMAND: GET /session/041ece1bac594130e3a6c3bac6c9d85e/screenshot - {}
RESULT: {}
COMMAND: POST /session/041ece1bac594130e3a6c3bac6c9d85e/element - {"using":"xpath","value":"//bdi[contains(text(), \"Commercial\")]"}
RESULT: {"using":"xpath","value":"//bdi[contains(text(), \"Commercial\")]"}
COMMAND: POST /session/041ece1bac594130e3a6c3bac6c9d85e/element/f.F1E1A893882E28A71BFE42B112EBC3C6.d.B5809BDAA6B32522FAA797327C2E91E9.e.7682/click - {}
RESULT: {}
COMMAND: GET /session/041ece1bac594130e3a6c3bac6c9d85e/screenshot - {}
RESULT: {}
COMMAND: POST /session/041ece1bac594130e3a6c3bac6c9d85e/execute/async - {"script":"<script> [1562 bytes]","args":[{"selector":{"id":"application-managepartners-display-component---NewPartner--partnerDetailInternal-arrow"},"wdio_ui5_key":"applicationmanagepartners-display-component---NewPartner--partnerDetailInternal-arrow"}]}
RESULT: {"script":"<script> [1562 bytes]","args":[{"selector":{"id":"application-managepartners-display-component---NewPartner--partnerDetailInternal-arrow"},"wdio_ui5_key":"applicationmanagepartners-display-component---NewPartner--partnerDetailInternal-arrow"}]}
RESULT: undefined
COMMAND: POST /session/041ece1bac594130e3a6c3bac6c9d85e/element - {"using":"xpath","value":"//*[@id=\"application-managepartners-display-component---NewPartner--partnerDetailInternal-arrow\"]"}
RESULT: {"using":"xpath","value":"//*[@id=\"application-managepartners-display-component---NewPartner--partnerDetailInternal-arrow\"]"}
COMMAND: POST /session/041ece1bac594130e3a6c3bac6c9d85e/element/f.F1E1A893882E28A71BFE42B112EBC3C6.d.B5809BDAA6B32522FAA797327C2E91E9.e.7689/click - {}
RESULT: {}
COMMAND: POST /session/041ece1bac594130e3a6c3bac6c9d85e/element - {"using":"xpath","value":"//span[contains(text(), \"Affiliated company\")]"}
COMMAND: GET /session/041ece1bac594130e3a6c3bac6c9d85e/screenshot - {}
RESULT: {"using":"xpath","value":"//span[contains(text(), \"Affiliated company\")]"}
COMMAND: POST /session/041ece1bac594130e3a6c3bac6c9d85e/element/f.F1E1A893882E28A71BFE42B112EBC3C6.d.B5809BDAA6B32522FAA797327C2E91E9.e.7690/click - {}
RESULT: {}
RESULT: {}
COMMAND: POST /session/041ece1bac594130e3a6c3bac6c9d85e/execute/async - {"script":"<script> [1562 bytes]","args":[{"selector":{"id":"application-managepartners-display-component---NewPartner--partnerDetailsCurrency-arrow"},"wdio_ui5_key":"applicationmanagepartners-display-component---NewPartner--partnerDetailsCurrency-arrow"}]}
COMMAND: GET /session/041ece1bac594130e3a6c3bac6c9d85e/screenshot - {}
RESULT: {"script":"<script> [1562 bytes]","args":[{"selector":{"id":"application-managepartners-display-component---NewPartner--partnerDetailsCurrency-arrow"},"wdio_ui5_key":"applicationmanagepartners-display-component---NewPartner--partnerDetailsCurrency-arrow"}]}
RESULT: undefined
COMMAND: POST /session/041ece1bac594130e3a6c3bac6c9d85e/element - {"using":"xpath","value":"//*[@id=\"application-managepartners-display-component---NewPartner--partnerDetailsCurrency-arrow\"]"}
RESULT: {}
RESULT: {"using":"xpath","value":"//*[@id=\"application-managepartners-display-component---NewPartner--partnerDetailsCurrency-arrow\"]"}
COMMAND: POST /session/041ece1bac594130e3a6c3bac6c9d85e/element/f.F1E1A893882E28A71BFE42B112EBC3C6.d.B5809BDAA6B32522FAA797327C2E91E9.e.7697/click - {}
RESULT: {}
COMMAND: POST /session/041ece1bac594130e3a6c3bac6c9d85e/element - {"using":"xpath","value":"//span[contains(text(), \"Euro\")]"}
COMMAND: GET /session/041ece1bac594130e3a6c3bac6c9d85e/screenshot - {}
RESULT: {"using":"xpath","value":"//span[contains(text(), \"Euro\")]"}
COMMAND: POST /session/041ece1bac594130e3a6c3bac6c9d85e/element/f.F1E1A893882E28A71BFE42B112EBC3C6.d.B5809BDAA6B32522FAA797327C2E91E9.e.7698/click - {}
RESULT: {}
RESULT: {}
COMMAND: POST /session/041ece1bac594130e3a6c3bac6c9d85e/execute/async - {"script":"<script> [1562 bytes]","args":[{"selector":{"id":"application-managepartners-display-component---NewPartner--addressEditDetailsCostObjectCstType-arrow"},"wdio_ui5_key":"applicationmanagepartners-display-component---NewPartner--addressEditDetailsCostObjectCstType-arrow"}]}
COMMAND: GET /session/041ece1bac594130e3a6c3bac6c9d85e/screenshot - {}
RESULT: {"script":"<script> [1562 bytes]","args":[{"selector":{"id":"application-managepartners-display-component---NewPartner--addressEditDetailsCostObjectCstType-arrow"},"wdio_ui5_key":"applicationmanagepartners-display-component---NewPartner--addressEditDetailsCostObjectCstType-arrow"}]}
RESULT: undefined
COMMAND: POST /session/041ece1bac594130e3a6c3bac6c9d85e/element - {"using":"xpath","value":"//*[@id=\"application-managepartners-display-component---NewPartner--addressEditDetailsCostObjectCstType-arrow\"]"}
RESULT: {}
RESULT: {"using":"xpath","value":"//*[@id=\"application-managepartners-display-component---NewPartner--addressEditDetailsCostObjectCstType-arrow\"]"}
COMMAND: POST /session/041ece1bac594130e3a6c3bac6c9d85e/element/f.F1E1A893882E28A71BFE42B112EBC3C6.d.B5809BDAA6B32522FAA797327C2E91E9.e.7699/click - {}
RESULT: {}
COMMAND: POST /session/041ece1bac594130e3a6c3bac6c9d85e/element - {"using":"xpath","value":"//span[contains(text(), \"Cost Center\")]"}
COMMAND: GET /session/041ece1bac594130e3a6c3bac6c9d85e/screenshot - {}
RESULT: {"using":"xpath","value":"//span[contains(text(), \"Cost Center\")]"}
COMMAND: POST /session/041ece1bac594130e3a6c3bac6c9d85e/element/f.F1E1A893882E28A71BFE42B112EBC3C6.d.B5809BDAA6B32522FAA797327C2E91E9.e.7700/click - {}
RESULT: {}
RESULT: {}
COMMAND: GET /session/041ece1bac594130e3a6c3bac6c9d85e/screenshot - {}
RESULT: {}
COMMAND: POST /session/041ece1bac594130e3a6c3bac6c9d85e/element - {"using":"xpath","value":"//span[@id=\"application-managepartners-display-component---NewPartner--addressNewCostObjectCstID-vhi\"]"}
RESULT: {"using":"xpath","value":"//span[@id=\"application-managepartners-display-component---NewPartner--addressNewCostObjectCstID-vhi\"]"}
COMMAND: POST /session/041ece1bac594130e3a6c3bac6c9d85e/execute/sync - {"script":"<script> [8489 bytes]","args":[{"element-6066-11e4-a52e-4f735466cecf":"f.F1E1A893882E28A71BFE42B112EBC3C6.d.B5809BDAA6B32522FAA797327C2E91E9.e.7704","ELEMENT":"f.F1E1A893882E28A71BFE42B112EBC3C6.d.B5809BDAA6B32522FAA797327C2E91E9.e.7704"}]}
RESULT: {"script":"<script> [8489 bytes]","args":[{"element-6066-11e4-a52e-4f735466cecf":"f.F1E1A893882E28A71BFE42B112EBC3C6.d.B5809BDAA6B32522FAA797327C2E91E9.e.7704","ELEMENT":"f.F1E1A893882E28A71BFE42B112EBC3C6.d.B5809BDAA6B32522FAA797327C2E91E9.e.7704"}]}
COMMAND: POST /session/041ece1bac594130e3a6c3bac6c9d85e/execute/async - {"script":"<script> [1562 bytes]","args":[{"selector":{"id":"application-managepartners-display-component---NewPartner--addressNewCostObjectCstID-vhi"},"wdio_ui5_key":"applicationmanagepartners-display-component---NewPartner--addressNewCostObjectCstID-vhi"}]}
COMMAND: GET /session/041ece1bac594130e3a6c3bac6c9d85e/screenshot - {}
RESULT: {"script":"<script> [1562 bytes]","args":[{"selector":{"id":"application-managepartners-display-component---NewPartner--addressNewCostObjectCstID-vhi"},"wdio_ui5_key":"applicationmanagepartners-display-component---NewPartner--addressNewCostObjectCstID-vhi"}]}
RESULT: undefined
COMMAND: POST /session/041ece1bac594130e3a6c3bac6c9d85e/element - {"using":"xpath","value":"//*[@id=\"application-managepartners-display-component---NewPartner--addressNewCostObjectCstID-vhi\"]"}
RESULT: {}
RESULT: {"using":"xpath","value":"//*[@id=\"application-managepartners-display-component---NewPartner--addressNewCostObjectCstID-vhi\"]"}
COMMAND: POST /session/041ece1bac594130e3a6c3bac6c9d85e/element/f.F1E1A893882E28A71BFE42B112EBC3C6.d.B5809BDAA6B32522FAA797327C2E91E9.e.7704/click - {}
RESULT: {}
COMMAND: GET /session/041ece1bac594130e3a6c3bac6c9d85e/screenshot - {}
RESULT: {}
RESULT: undefined
COMMAND: POST /session/041ece1bac594130e3a6c3bac6c9d85e/execute/async - {"script":"<script> [776 bytes]","args":[{"enterText":"10001013","selector":{"controlType":"sap.m.SearchField","properties":{"placeholder":"Search"},"searchOpenDialogs":true,"interaction":{"idSuffix":"I"}},"clearTextFirst":true,"interactionType":"ENTER_TEXT"}]}
RESULT: {"script":"<script> [776 bytes]","args":[{"enterText":"10001013","selector":{"controlType":"sap.m.SearchField","properties":{"placeholder":"Search"},"searchOpenDialogs":true,"interaction":{"idSuffix":"I"}},"clearTextFirst":true,"interactionType":"ENTER_TEXT"}]}
COMMAND: POST /session/041ece1bac594130e3a6c3bac6c9d85e/actions - {"actions":[{"id":"action19","type":"key","parameters":{},"actions":[{"type":"keyDown","value":"î€‡"},{"type":"pause","duration":10},{"type":"keyUp","value":"î€‡"}]}]}
RESULT: {"actions":[{"id":"action19","type":"key","parameters":{},"actions":[{"type":"keyDown","value":"î€‡"},{"type":"pause","duration":10},{"type":"keyUp","value":"î€‡"}]}]}
COMMAND: GET /session/041ece1bac594130e3a6c3bac6c9d85e/screenshot - {}
RESULT: {}
COMMAND: POST /session/041ece1bac594130e3a6c3bac6c9d85e/element - {"using":"xpath","value":"//span[contains(text(), \"General Management\")]"}
RESULT: {"using":"xpath","value":"//span[contains(text(), \"General Management\")]"}
COMMAND: POST /session/041ece1bac594130e3a6c3bac6c9d85e/element/f.F1E1A893882E28A71BFE42B112EBC3C6.d.B5809BDAA6B32522FAA797327C2E91E9.e.7743/click - {}
RESULT: {}
COMMAND: GET /session/041ece1bac594130e3a6c3bac6c9d85e/screenshot - {}
RESULT: {}
COMMAND: POST /session/041ece1bac594130e3a6c3bac6c9d85e/element - {"using":"xpath","value":"//bdi[contains(text(), \"OK\")]"}
RESULT: {"using":"xpath","value":"//bdi[contains(text(), \"OK\")]"}
COMMAND: POST /session/041ece1bac594130e3a6c3bac6c9d85e/element/f.F1E1A893882E28A71BFE42B112EBC3C6.d.B5809BDAA6B32522FAA797327C2E91E9.e.7744/click - {}
RESULT: {}
COMMAND: GET /session/041ece1bac594130e3a6c3bac6c9d85e/screenshot - {}
RESULT: {}
COMMAND: POST /session/041ece1bac594130e3a6c3bac6c9d85e/element - {"using":"xpath","value":"//input[@id=\"application-managepartners-display-component---NewPartner--companyCodeComboBox-inner\"]"}
RESULT: {"using":"xpath","value":"//input[@id=\"application-managepartners-display-component---NewPartner--companyCodeComboBox-inner\"]"}
COMMAND: POST /session/041ece1bac594130e3a6c3bac6c9d85e/element/f.F1E1A893882E28A71BFE42B112EBC3C6.d.B5809BDAA6B32522FAA797327C2E91E9.e.7630/clear - {}
RESULT: {}
COMMAND: POST /session/041ece1bac594130e3a6c3bac6c9d85e/element/f.F1E1A893882E28A71BFE42B112EBC3C6.d.B5809BDAA6B32522FAA797327C2E91E9.e.7630/value - {"text":"1000"}
COMMAND: GET /session/041ece1bac594130e3a6c3bac6c9d85e/screenshot - {}
RESULT: {"text":"1000"}
COMMAND: GET /session/041ece1bac594130e3a6c3bac6c9d85e/screenshot - {}
RESULT: {}
RESULT: {}
COMMAND: POST /session/041ece1bac594130e3a6c3bac6c9d85e/element - {"using":"xpath","value":"//li[.//span[text()= \"1000\"]]"}
RESULT: {"using":"xpath","value":"//li[.//span[text()= \"1000\"]]"}
COMMAND: POST /session/041ece1bac594130e3a6c3bac6c9d85e/element/f.F1E1A893882E28A71BFE42B112EBC3C6.d.B5809BDAA6B32522FAA797327C2E91E9.e.7750/click - {}
RESULT: {}
COMMAND: GET /session/041ece1bac594130e3a6c3bac6c9d85e/screenshot - {}
RESULT: {}
COMMAND: POST /session/041ece1bac594130e3a6c3bac6c9d85e/execute/async - {"script":"<script> [1562 bytes]","args":[{"selector":{"id":"application-managepartners-display-component---NewPartner--btnAddTableRow-img"},"wdio_ui5_key":"applicationmanagepartners-display-component---NewPartner--btnAddTableRow-img"}]}
RESULT: {"script":"<script> [1562 bytes]","args":[{"selector":{"id":"application-managepartners-display-component---NewPartner--btnAddTableRow-img"},"wdio_ui5_key":"applicationmanagepartners-display-component---NewPartner--btnAddTableRow-img"}]}
RESULT: undefined
COMMAND: POST /session/041ece1bac594130e3a6c3bac6c9d85e/element - {"using":"xpath","value":"//*[@id=\"application-managepartners-display-component---NewPartner--btnAddTableRow-img\"]"}
RESULT: {"using":"xpath","value":"//*[@id=\"application-managepartners-display-component---NewPartner--btnAddTableRow-img\"]"}
COMMAND: POST /session/041ece1bac594130e3a6c3bac6c9d85e/element/f.F1E1A893882E28A71BFE42B112EBC3C6.d.B5809BDAA6B32522FAA797327C2E91E9.e.7751/click - {}
RESULT: {}
COMMAND: GET /session/041ece1bac594130e3a6c3bac6c9d85e/screenshot - {}
RESULT: {}
COMMAND: POST /session/041ece1bac594130e3a6c3bac6c9d85e/element - {"using":"xpath","value":"//input[@id=\"application-managepartners-display-component---NewPartner--assignmentYard-application-managepartners-display-component---NewPartner--assignmentsTable-0-inner\"]"}
RESULT: {"using":"xpath","value":"//input[@id=\"application-managepartners-display-component---NewPartner--assignmentYard-application-managepartners-display-component---NewPartner--assignmentsTable-0-inner\"]"}
COMMAND: POST /session/041ece1bac594130e3a6c3bac6c9d85e/element/f.F1E1A893882E28A71BFE42B112EBC3C6.d.B5809BDAA6B32522FAA797327C2E91E9.e.7754/clear - {}
RESULT: {}
COMMAND: POST /session/041ece1bac594130e3a6c3bac6c9d85e/element/f.F1E1A893882E28A71BFE42B112EBC3C6.d.B5809BDAA6B32522FAA797327C2E91E9.e.7754/value - {"text":"693"}
COMMAND: GET /session/041ece1bac594130e3a6c3bac6c9d85e/screenshot - {}
RESULT: {"text":"693"}
COMMAND: GET /session/041ece1bac594130e3a6c3bac6c9d85e/screenshot - {}
RESULT: {}
RESULT: {}
COMMAND: POST /session/041ece1bac594130e3a6c3bac6c9d85e/element - {"using":"xpath","value":"//li[.//span[text()='693']]"}
RESULT: {"using":"xpath","value":"//li[.//span[text()='693']]"}
COMMAND: POST /session/041ece1bac594130e3a6c3bac6c9d85e/element/f.F1E1A893882E28A71BFE42B112EBC3C6.d.B5809BDAA6B32522FAA797327C2E91E9.e.7763/click - {}
RESULT: {}
COMMAND: GET /session/041ece1bac594130e3a6c3bac6c9d85e/screenshot - {}
RESULT: {}
COMMAND: POST /session/041ece1bac594130e3a6c3bac6c9d85e/actions - {"actions":[{"id":"action20","type":"key","parameters":{},"actions":[{"type":"keyDown","value":"î€‡"},{"type":"pause","duration":10},{"type":"keyUp","value":"î€‡"}]}]}
RESULT: {"actions":[{"id":"action20","type":"key","parameters":{},"actions":[{"type":"keyDown","value":"î€‡"},{"type":"pause","duration":10},{"type":"keyUp","value":"î€‡"}]}]}
COMMAND: POST /session/041ece1bac594130e3a6c3bac6c9d85e/execute/async - {"script":"<script> [1562 bytes]","args":[{"selector":{"id":"application-managepartners-display-component---NewPartner--externalCustomerComboBox-application-managepartners-display-component---NewPartner--assignmentsTable-0-vhi"},"wdio_ui5_key":"applicationmanagepartners-display-component---NewPartner--externalCustomerComboBox-application-managepartners-display-component---NewPartner--assignmentsTable-0-vhi"}]}
COMMAND: GET /session/041ece1bac594130e3a6c3bac6c9d85e/screenshot - {}
RESULT: {"script":"<script> [1562 bytes]","args":[{"selector":{"id":"application-managepartners-display-component---NewPartner--externalCustomerComboBox-application-managepartners-display-component---NewPartner--assignmentsTable-0-vhi"},"wdio_ui5_key":"applicationmanagepartners-display-component---NewPartner--externalCustomerComboBox-application-managepartners-display-component---NewPartner--assignmentsTable-0-vhi"}]}
RESULT: undefined
COMMAND: POST /session/041ece1bac594130e3a6c3bac6c9d85e/element - {"using":"xpath","value":"//*[@id=\"application-managepartners-display-component---NewPartner--externalCustomerComboBox-application-managepartners-display-component---NewPartner--assignmentsTable-0-vhi\"]"}
RESULT: {}
RESULT: {"using":"xpath","value":"//*[@id=\"application-managepartners-display-component---NewPartner--externalCustomerComboBox-application-managepartners-display-component---NewPartner--assignmentsTable-0-vhi\"]"}
COMMAND: POST /session/041ece1bac594130e3a6c3bac6c9d85e/element/f.F1E1A893882E28A71BFE42B112EBC3C6.d.B5809BDAA6B32522FAA797327C2E91E9.e.7767/click - {}
RESULT: {}
RESULT: undefined
COMMAND: POST /session/041ece1bac594130e3a6c3bac6c9d85e/execute/async - {"script":"<script> [776 bytes]","args":[{"enterText":"300003","selector":{"controlType":"sap.m.SearchField","properties":{"placeholder":"Search"},"searchOpenDialogs":true,"interaction":{"idSuffix":"I"}},"clearTextFirst":true,"interactionType":"ENTER_TEXT"}]}
COMMAND: GET /session/041ece1bac594130e3a6c3bac6c9d85e/screenshot - {}
RESULT: {"script":"<script> [776 bytes]","args":[{"enterText":"300003","selector":{"controlType":"sap.m.SearchField","properties":{"placeholder":"Search"},"searchOpenDialogs":true,"interaction":{"idSuffix":"I"}},"clearTextFirst":true,"interactionType":"ENTER_TEXT"}]}
COMMAND: POST /session/041ece1bac594130e3a6c3bac6c9d85e/actions - {"actions":[{"id":"action21","type":"key","parameters":{},"actions":[{"type":"keyDown","value":"î€‡"},{"type":"pause","duration":10},{"type":"keyUp","value":"î€‡"}]}]}
RESULT: {}
RESULT: {"actions":[{"id":"action21","type":"key","parameters":{},"actions":[{"type":"keyDown","value":"î€‡"},{"type":"pause","duration":10},{"type":"keyUp","value":"î€‡"}]}]}
COMMAND: GET /session/041ece1bac594130e3a6c3bac6c9d85e/screenshot - {}
RESULT: {}
COMMAND: POST /session/041ece1bac594130e3a6c3bac6c9d85e/element - {"using":"xpath","value":"//span[contains(text(), \"300003\")]"}
RESULT: {"using":"xpath","value":"//span[contains(text(), \"300003\")]"}
COMMAND: POST /session/041ece1bac594130e3a6c3bac6c9d85e/element/f.F1E1A893882E28A71BFE42B112EBC3C6.d.B5809BDAA6B32522FAA797327C2E91E9.e.7785/click - {}
RESULT: {}
COMMAND: GET /session/041ece1bac594130e3a6c3bac6c9d85e/screenshot - {}
RESULT: {}
COMMAND: POST /session/041ece1bac594130e3a6c3bac6c9d85e/element - {"using":"xpath","value":"//bdi[contains(text(), \"OK\")]"}
RESULT: {"using":"xpath","value":"//bdi[contains(text(), \"OK\")]"}
COMMAND: POST /session/041ece1bac594130e3a6c3bac6c9d85e/element/f.F1E1A893882E28A71BFE42B112EBC3C6.d.B5809BDAA6B32522FAA797327C2E91E9.e.7787/click - {}
RESULT: {}
COMMAND: GET /session/041ece1bac594130e3a6c3bac6c9d85e/screenshot - {}
COMMAND: POST /session/041ece1bac594130e3a6c3bac6c9d85e/execute/async - {"script":"<script> [1562 bytes]","args":[{"selector":{"id":"application-managepartners-display-component---NewPartner--intercompVendorComboBox-application-managepartners-display-component---NewPartner--assignmentsTable-0-vhi"},"wdio_ui5_key":"applicationmanagepartners-display-component---NewPartner--intercompVendorComboBox-application-managepartners-display-component---NewPartner--assignmentsTable-0-vhi"}]}
RESULT: {}
RESULT: {"script":"<script> [1562 bytes]","args":[{"selector":{"id":"application-managepartners-display-component---NewPartner--intercompVendorComboBox-application-managepartners-display-component---NewPartner--assignmentsTable-0-vhi"},"wdio_ui5_key":"applicationmanagepartners-display-component---NewPartner--intercompVendorComboBox-application-managepartners-display-component---NewPartner--assignmentsTable-0-vhi"}]}
RESULT: undefined
COMMAND: POST /session/041ece1bac594130e3a6c3bac6c9d85e/element - {"using":"xpath","value":"//*[@id=\"application-managepartners-display-component---NewPartner--intercompVendorComboBox-application-managepartners-display-component---NewPartner--assignmentsTable-0-vhi\"]"}
RESULT: {"using":"xpath","value":"//*[@id=\"application-managepartners-display-component---NewPartner--intercompVendorComboBox-application-managepartners-display-component---NewPartner--assignmentsTable-0-vhi\"]"}
COMMAND: POST /session/041ece1bac594130e3a6c3bac6c9d85e/element/f.F1E1A893882E28A71BFE42B112EBC3C6.d.B5809BDAA6B32522FAA797327C2E91E9.e.7791/click - {}
RESULT: {}
RESULT: undefined
COMMAND: POST /session/041ece1bac594130e3a6c3bac6c9d85e/execute/async - {"script":"<script> [776 bytes]","args":[{"enterText":"100005","selector":{"controlType":"sap.m.SearchField","properties":{"placeholder":"Search"},"searchOpenDialogs":true,"interaction":{"idSuffix":"I"}},"clearTextFirst":true,"interactionType":"ENTER_TEXT"}]}
COMMAND: GET /session/041ece1bac594130e3a6c3bac6c9d85e/screenshot - {}
RESULT: {"script":"<script> [776 bytes]","args":[{"enterText":"100005","selector":{"controlType":"sap.m.SearchField","properties":{"placeholder":"Search"},"searchOpenDialogs":true,"interaction":{"idSuffix":"I"}},"clearTextFirst":true,"interactionType":"ENTER_TEXT"}]}
COMMAND: POST /session/041ece1bac594130e3a6c3bac6c9d85e/actions - {"actions":[{"id":"action22","type":"key","parameters":{},"actions":[{"type":"keyDown","value":"î€‡"},{"type":"pause","duration":10},{"type":"keyUp","value":"î€‡"}]}]}
RESULT: {}
RESULT: {"actions":[{"id":"action22","type":"key","parameters":{},"actions":[{"type":"keyDown","value":"î€‡"},{"type":"pause","duration":10},{"type":"keyUp","value":"î€‡"}]}]}
COMMAND: GET /session/041ece1bac594130e3a6c3bac6c9d85e/screenshot - {}
RESULT: {}
COMMAND: POST /session/041ece1bac594130e3a6c3bac6c9d85e/element - {"using":"xpath","value":"//span[contains(text(), \"Penguins - Field/12345 Berlin\")]"}
RESULT: {"using":"xpath","value":"//span[contains(text(), \"Penguins - Field/12345 Berlin\")]"}
COMMAND: POST /session/041ece1bac594130e3a6c3bac6c9d85e/element/f.F1E1A893882E28A71BFE42B112EBC3C6.d.B5809BDAA6B32522FAA797327C2E91E9.e.7809/click - {}
RESULT: {}
COMMAND: GET /session/041ece1bac594130e3a6c3bac6c9d85e/screenshot - {}
RESULT: {}
COMMAND: POST /session/041ece1bac594130e3a6c3bac6c9d85e/element - {"using":"xpath","value":"//bdi[contains(text(), \"OK\")]"}
RESULT: {"using":"xpath","value":"//bdi[contains(text(), \"OK\")]"}
COMMAND: POST /session/041ece1bac594130e3a6c3bac6c9d85e/element/f.F1E1A893882E28A71BFE42B112EBC3C6.d.B5809BDAA6B32522FAA797327C2E91E9.e.7810/click - {}
RESULT: {}
COMMAND: GET /session/041ece1bac594130e3a6c3bac6c9d85e/screenshot - {}
RESULT: {}
COMMAND: POST /session/041ece1bac594130e3a6c3bac6c9d85e/element - {"using":"xpath","value":"//button[@data-kt=\"saveButton\"]"}
RESULT: {"using":"xpath","value":"//button[@data-kt=\"saveButton\"]"}
COMMAND: POST /session/041ece1bac594130e3a6c3bac6c9d85e/element/f.F1E1A893882E28A71BFE42B112EBC3C6.d.B5809BDAA6B32522FAA797327C2E91E9.e.7656/click - {}
RESULT: {}
COMMAND: GET /session/041ece1bac594130e3a6c3bac6c9d85e/screenshot - {}
RESULT: {}
COMMAND: POST /session/041ece1bac594130e3a6c3bac6c9d85e/element - {"using":"xpath","value":"//header[contains(@id, 'ObjectPageLayout-headerTitle')]/div[1]/div[2]/div[2]/span[1]"}
RESULT: {"using":"xpath","value":"//header[contains(@id, 'ObjectPageLayout-headerTitle')]/div[1]/div[2]/div[2]/span[1]"}
COMMAND: POST /session/041ece1bac594130e3a6c3bac6c9d85e/elements - {"using":"xpath","value":"//header[contains(@id, 'ObjectPageLayout-headerTitle')]/div[1]/div[2]/div[2]/span[1]"}
RESULT: {"using":"xpath","value":"//header[contains(@id, 'ObjectPageLayout-headerTitle')]/div[1]/div[2]/div[2]/span[1]"}
COMMAND: POST /session/041ece1bac594130e3a6c3bac6c9d85e/execute/sync - {"script":"<script> [56 bytes]","args":[{"element-6066-11e4-a52e-4f735466cecf":"f.F1E1A893882E28A71BFE42B112EBC3C6.d.B5809BDAA6B32522FAA797327C2E91E9.e.7974","ELEMENT":"f.F1E1A893882E28A71BFE42B112EBC3C6.d.B5809BDAA6B32522FAA797327C2E91E9.e.7974"}]}
RESULT: {"script":"<script> [56 bytes]","args":[{"element-6066-11e4-a52e-4f735466cecf":"f.F1E1A893882E28A71BFE42B112EBC3C6.d.B5809BDAA6B32522FAA797327C2E91E9.e.7974","ELEMENT":"f.F1E1A893882E28A71BFE42B112EBC3C6.d.B5809BDAA6B32522FAA797327C2E91E9.e.7974"}]}
COMMAND: POST /session/041ece1bac594130e3a6c3bac6c9d85e/element - {"using":"css selector","value":"#shell-header-logo"}
COMMAND: GET /session/041ece1bac594130e3a6c3bac6c9d85e/screenshot - {}
RESULT: {"using":"css selector","value":"#shell-header-logo"}
COMMAND: POST /session/041ece1bac594130e3a6c3bac6c9d85e/element/f.F1E1A893882E28A71BFE42B112EBC3C6.d.B5809BDAA6B32522FAA797327C2E91E9.e.7195/click - {}
RESULT: {}
RESULT: {}
COMMAND: GET /session/041ece1bac594130e3a6c3bac6c9d85e/screenshot - {}
RESULT: {}
COMMAND: POST /session/041ece1bac594130e3a6c3bac6c9d85e/execute/sync - {"script":"<script> [299 bytes]","args":[["getModel","getResource"]]}
RESULT: {"script":"<script> [299 bytes]","args":[["getModel","getResource"]]}
]]></system-out>
    </testcase>
    <testcase classname="chrome.137_0_7151_56.windows.Billing_Transfer_-_Intracompany_US127249" name="Should create a new site" time="105.902">
      <system-out><![CDATA[
COMMAND: GET /session/041ece1bac594130e3a6c3bac6c9d85e/screenshot - {}
COMMAND: POST /session/041ece1bac594130e3a6c3bac6c9d85e/execute/async - {"script":"<script> [1562 bytes]","args":[{"selector":{"controlType":"sap.m.GenericTile","properties":{"header":"Manage Sites"}},"wdio_ui5_key":"sapm.GenericTile{\"header\":\"Manage Sites\"}"}]}
RESULT: {"script":"<script> [1562 bytes]","args":[{"selector":{"controlType":"sap.m.GenericTile","properties":{"header":"Manage Sites"}},"wdio_ui5_key":"sapm.GenericTile{\"header\":\"Manage Sites\"}"}]}
RESULT: undefined
COMMAND: POST /session/041ece1bac594130e3a6c3bac6c9d85e/element - {"using":"xpath","value":"//*[@id=\"__tile40\"]"}
RESULT: {}
RESULT: {"using":"xpath","value":"//*[@id=\"__tile40\"]"}
COMMAND: POST /session/041ece1bac594130e3a6c3bac6c9d85e/element/f.F1E1A893882E28A71BFE42B112EBC3C6.d.B5809BDAA6B32522FAA797327C2E91E9.e.6347/click - {}
RESULT: {}
COMMAND: GET /session/041ece1bac594130e3a6c3bac6c9d85e/screenshot - {}
COMMAND: POST /session/041ece1bac594130e3a6c3bac6c9d85e/elements - {"using":"xpath","value":"//span[text()='Error']"}
RESULT: {}
RESULT: {"using":"xpath","value":"//span[text()='Error']"}
COMMAND: POST /session/041ece1bac594130e3a6c3bac6c9d85e/element - {"using":"xpath","value":"//button[@data-kt=\"addOverflowToolbarButton\"]"}
RESULT: {"using":"xpath","value":"//button[@data-kt=\"addOverflowToolbarButton\"]"}
COMMAND: POST /session/041ece1bac594130e3a6c3bac6c9d85e/elements - {"using":"xpath","value":"//button[@data-kt=\"addOverflowToolbarButton\"]"}
RESULT: {"using":"xpath","value":"//button[@data-kt=\"addOverflowToolbarButton\"]"}
COMMAND: POST /session/041ece1bac594130e3a6c3bac6c9d85e/execute/sync - {"script":"<script> [8489 bytes]","args":[{"element-6066-11e4-a52e-4f735466cecf":"f.F1E1A893882E28A71BFE42B112EBC3C6.d.B5809BDAA6B32522FAA797327C2E91E9.e.8021","ELEMENT":"f.F1E1A893882E28A71BFE42B112EBC3C6.d.B5809BDAA6B32522FAA797327C2E91E9.e.8021"}]}
RESULT: {"script":"<script> [8489 bytes]","args":[{"element-6066-11e4-a52e-4f735466cecf":"f.F1E1A893882E28A71BFE42B112EBC3C6.d.B5809BDAA6B32522FAA797327C2E91E9.e.8021","ELEMENT":"f.F1E1A893882E28A71BFE42B112EBC3C6.d.B5809BDAA6B32522FAA797327C2E91E9.e.8021"}]}
COMMAND: GET /session/041ece1bac594130e3a6c3bac6c9d85e/element/f.F1E1A893882E28A71BFE42B112EBC3C6.d.B5809BDAA6B32522FAA797327C2E91E9.e.8021/enabled - {}
COMMAND: GET /session/041ece1bac594130e3a6c3bac6c9d85e/screenshot - {}
RESULT: {}
COMMAND: POST /session/041ece1bac594130e3a6c3bac6c9d85e/execute/sync - {"script":"<script> [8489 bytes]","args":[{"element-6066-11e4-a52e-4f735466cecf":"f.F1E1A893882E28A71BFE42B112EBC3C6.d.B5809BDAA6B32522FAA797327C2E91E9.e.8021","ELEMENT":"f.F1E1A893882E28A71BFE42B112EBC3C6.d.B5809BDAA6B32522FAA797327C2E91E9.e.8021"}]}
COMMAND: GET /session/041ece1bac594130e3a6c3bac6c9d85e/screenshot - {}
RESULT: {}
RESULT: {"script":"<script> [8489 bytes]","args":[{"element-6066-11e4-a52e-4f735466cecf":"f.F1E1A893882E28A71BFE42B112EBC3C6.d.B5809BDAA6B32522FAA797327C2E91E9.e.8021","ELEMENT":"f.F1E1A893882E28A71BFE42B112EBC3C6.d.B5809BDAA6B32522FAA797327C2E91E9.e.8021"}]}
COMMAND: POST /session/041ece1bac594130e3a6c3bac6c9d85e/execute/sync - {"script":"<script> [5351 bytes]","args":[{"element-6066-11e4-a52e-4f735466cecf":"f.F1E1A893882E28A71BFE42B112EBC3C6.d.B5809BDAA6B32522FAA797327C2E91E9.e.8021","ELEMENT":"f.F1E1A893882E28A71BFE42B112EBC3C6.d.B5809BDAA6B32522FAA797327C2E91E9.e.8021"}]}
COMMAND: GET /session/041ece1bac594130e3a6c3bac6c9d85e/screenshot - {}
RESULT: {}
RESULT: {"script":"<script> [5351 bytes]","args":[{"element-6066-11e4-a52e-4f735466cecf":"f.F1E1A893882E28A71BFE42B112EBC3C6.d.B5809BDAA6B32522FAA797327C2E91E9.e.8021","ELEMENT":"f.F1E1A893882E28A71BFE42B112EBC3C6.d.B5809BDAA6B32522FAA797327C2E91E9.e.8021"}]}
COMMAND: POST /session/041ece1bac594130e3a6c3bac6c9d85e/element/f.F1E1A893882E28A71BFE42B112EBC3C6.d.B5809BDAA6B32522FAA797327C2E91E9.e.8021/click - {}
COMMAND: GET /session/041ece1bac594130e3a6c3bac6c9d85e/screenshot - {}
RESULT: {}
RESULT: {}
COMMAND: GET /session/041ece1bac594130e3a6c3bac6c9d85e/screenshot - {}
COMMAND: POST /session/041ece1bac594130e3a6c3bac6c9d85e/element - {"using":"xpath","value":"//input[@id=\"application-managesites-display-component---NewSite--siteId-inner\"]"}
RESULT: {}
RESULT: {}
RESULT: {"using":"xpath","value":"//input[@id=\"application-managesites-display-component---NewSite--siteId-inner\"]"}
COMMAND: POST /session/041ece1bac594130e3a6c3bac6c9d85e/element - {"using":"xpath","value":"//input[@id=\"application-managesites-display-component---NewSite--siteId-inner\"]"}
RESULT: {"using":"xpath","value":"//input[@id=\"application-managesites-display-component---NewSite--siteId-inner\"]"}
COMMAND: POST /session/041ece1bac594130e3a6c3bac6c9d85e/execute/async - {"script":"<script> [1562 bytes]","args":[{"selector":{"id":"application-managesites-display-component---NewSite--addressDetailDetailsName1","interaction":{"idSuffix":"inner"}},"wdio_ui5_key":"applicationmanagesites-display-component---NewSite--addressDetailDetailsName1"}]}
RESULT: {"script":"<script> [1562 bytes]","args":[{"selector":{"id":"application-managesites-display-component---NewSite--addressDetailDetailsName1","interaction":{"idSuffix":"inner"}},"wdio_ui5_key":"applicationmanagesites-display-component---NewSite--addressDetailDetailsName1"}]}
RESULT: undefined
COMMAND: POST /session/041ece1bac594130e3a6c3bac6c9d85e/execute/async - {"script":"<script> [776 bytes]","args":[{"enterText":"Intracompany Site wdIO","selector":{"id":"application-managesites-display-component---NewSite--addressDetailDetailsName1","interaction":{"idSuffix":"inner"}},"clearTextFirst":true,"interactionType":"ENTER_TEXT"}]}
RESULT: {"script":"<script> [776 bytes]","args":[{"enterText":"Intracompany Site wdIO","selector":{"id":"application-managesites-display-component---NewSite--addressDetailDetailsName1","interaction":{"idSuffix":"inner"}},"clearTextFirst":true,"interactionType":"ENTER_TEXT"}]}
COMMAND: POST /session/041ece1bac594130e3a6c3bac6c9d85e/execute/async - {"script":"<script> [1562 bytes]","args":[{"selector":{"id":"application-managesites-display-component---NewSite--addressDetailDetailsLanguage-arrow"},"wdio_ui5_key":"applicationmanagesites-display-component---NewSite--addressDetailDetailsLanguage-arrow"}]}
RESULT: {"script":"<script> [1562 bytes]","args":[{"selector":{"id":"application-managesites-display-component---NewSite--addressDetailDetailsLanguage-arrow"},"wdio_ui5_key":"applicationmanagesites-display-component---NewSite--addressDetailDetailsLanguage-arrow"}]}
RESULT: undefined
COMMAND: POST /session/041ece1bac594130e3a6c3bac6c9d85e/element - {"using":"xpath","value":"//*[@id=\"application-managesites-display-component---NewSite--addressDetailDetailsLanguage-arrow\"]"}
RESULT: {"using":"xpath","value":"//*[@id=\"application-managesites-display-component---NewSite--addressDetailDetailsLanguage-arrow\"]"}
COMMAND: POST /session/041ece1bac594130e3a6c3bac6c9d85e/element/f.F1E1A893882E28A71BFE42B112EBC3C6.d.B5809BDAA6B32522FAA797327C2E91E9.e.8421/click - {}
RESULT: {}
COMMAND: POST /session/041ece1bac594130e3a6c3bac6c9d85e/element - {"using":"xpath","value":"//span[contains(text(), \"English\")]"}
COMMAND: GET /session/041ece1bac594130e3a6c3bac6c9d85e/screenshot - {}
RESULT: {"using":"xpath","value":"//span[contains(text(), \"English\")]"}
COMMAND: POST /session/041ece1bac594130e3a6c3bac6c9d85e/element/f.F1E1A893882E28A71BFE42B112EBC3C6.d.B5809BDAA6B32522FAA797327C2E91E9.e.8422/click - {}
RESULT: {}
RESULT: {}
COMMAND: POST /session/041ece1bac594130e3a6c3bac6c9d85e/execute/async - {"script":"<script> [1562 bytes]","args":[{"selector":{"id":"application-managesites-display-component---NewSite--addressDetailDetailsCity1","interaction":{"idSuffix":"inner"}},"wdio_ui5_key":"applicationmanagesites-display-component---NewSite--addressDetailDetailsCity1"}]}
COMMAND: GET /session/041ece1bac594130e3a6c3bac6c9d85e/screenshot - {}
RESULT: {"script":"<script> [1562 bytes]","args":[{"selector":{"id":"application-managesites-display-component---NewSite--addressDetailDetailsCity1","interaction":{"idSuffix":"inner"}},"wdio_ui5_key":"applicationmanagesites-display-component---NewSite--addressDetailDetailsCity1"}]}
RESULT: undefined
COMMAND: POST /session/041ece1bac594130e3a6c3bac6c9d85e/execute/async - {"script":"<script> [776 bytes]","args":[{"enterText":"Rosario","selector":{"id":"application-managesites-display-component---NewSite--addressDetailDetailsCity1","interaction":{"idSuffix":"inner"}},"clearTextFirst":true,"interactionType":"ENTER_TEXT"}]}
RESULT: {}
RESULT: {"script":"<script> [776 bytes]","args":[{"enterText":"Rosario","selector":{"id":"application-managesites-display-component---NewSite--addressDetailDetailsCity1","interaction":{"idSuffix":"inner"}},"clearTextFirst":true,"interactionType":"ENTER_TEXT"}]}
COMMAND: POST /session/041ece1bac594130e3a6c3bac6c9d85e/execute/async - {"script":"<script> [1562 bytes]","args":[{"selector":{"id":"application-managesites-display-component---NewSite--addressDetailDetailsCountry-arrow"},"wdio_ui5_key":"applicationmanagesites-display-component---NewSite--addressDetailDetailsCountry-arrow"}]}
RESULT: {"script":"<script> [1562 bytes]","args":[{"selector":{"id":"application-managesites-display-component---NewSite--addressDetailDetailsCountry-arrow"},"wdio_ui5_key":"applicationmanagesites-display-component---NewSite--addressDetailDetailsCountry-arrow"}]}
RESULT: undefined
COMMAND: POST /session/041ece1bac594130e3a6c3bac6c9d85e/element - {"using":"xpath","value":"//*[@id=\"application-managesites-display-component---NewSite--addressDetailDetailsCountry-arrow\"]"}
RESULT: {"using":"xpath","value":"//*[@id=\"application-managesites-display-component---NewSite--addressDetailDetailsCountry-arrow\"]"}
COMMAND: POST /session/041ece1bac594130e3a6c3bac6c9d85e/element/f.F1E1A893882E28A71BFE42B112EBC3C6.d.B5809BDAA6B32522FAA797327C2E91E9.e.8424/click - {}
RESULT: {}
COMMAND: POST /session/041ece1bac594130e3a6c3bac6c9d85e/element - {"using":"xpath","value":"//span[contains(text(), \"Argentina\")]"}
COMMAND: GET /session/041ece1bac594130e3a6c3bac6c9d85e/screenshot - {}
RESULT: {"using":"xpath","value":"//span[contains(text(), \"Argentina\")]"}
COMMAND: POST /session/041ece1bac594130e3a6c3bac6c9d85e/element/f.F1E1A893882E28A71BFE42B112EBC3C6.d.B5809BDAA6B32522FAA797327C2E91E9.e.8426/click - {}
RESULT: {}
RESULT: {}
COMMAND: GET /session/041ece1bac594130e3a6c3bac6c9d85e/screenshot - {}
RESULT: {}
COMMAND: POST /session/041ece1bac594130e3a6c3bac6c9d85e/execute/async - {"script":"<script> [1562 bytes]","args":[{"selector":{"id":"application-managesites-display-component---NewSite--addressEditDetailsCostObjectCstType-arrow"},"wdio_ui5_key":"applicationmanagesites-display-component---NewSite--addressEditDetailsCostObjectCstType-arrow"}]}
RESULT: {"script":"<script> [1562 bytes]","args":[{"selector":{"id":"application-managesites-display-component---NewSite--addressEditDetailsCostObjectCstType-arrow"},"wdio_ui5_key":"applicationmanagesites-display-component---NewSite--addressEditDetailsCostObjectCstType-arrow"}]}
RESULT: undefined
COMMAND: POST /session/041ece1bac594130e3a6c3bac6c9d85e/element - {"using":"xpath","value":"//*[@id=\"application-managesites-display-component---NewSite--addressEditDetailsCostObjectCstType-arrow\"]"}
RESULT: {"using":"xpath","value":"//*[@id=\"application-managesites-display-component---NewSite--addressEditDetailsCostObjectCstType-arrow\"]"}
COMMAND: POST /session/041ece1bac594130e3a6c3bac6c9d85e/element/f.F1E1A893882E28A71BFE42B112EBC3C6.d.B5809BDAA6B32522FAA797327C2E91E9.e.8427/click - {}
RESULT: {}
COMMAND: POST /session/041ece1bac594130e3a6c3bac6c9d85e/element - {"using":"xpath","value":"//span[contains(text(), \"Cost Center\")]"}
COMMAND: GET /session/041ece1bac594130e3a6c3bac6c9d85e/screenshot - {}
RESULT: {"using":"xpath","value":"//span[contains(text(), \"Cost Center\")]"}
COMMAND: POST /session/041ece1bac594130e3a6c3bac6c9d85e/element/f.F1E1A893882E28A71BFE42B112EBC3C6.d.B5809BDAA6B32522FAA797327C2E91E9.e.8428/click - {}
RESULT: {}
RESULT: {}
COMMAND: GET /session/041ece1bac594130e3a6c3bac6c9d85e/screenshot - {}
RESULT: {}
COMMAND: POST /session/041ece1bac594130e3a6c3bac6c9d85e/element - {"using":"xpath","value":"//span[@id=\"application-managesites-display-component---NewSite--addressNewCostObjectCstID-vhi\"]"}
RESULT: {"using":"xpath","value":"//span[@id=\"application-managesites-display-component---NewSite--addressNewCostObjectCstID-vhi\"]"}
COMMAND: POST /session/041ece1bac594130e3a6c3bac6c9d85e/execute/sync - {"script":"<script> [8489 bytes]","args":[{"element-6066-11e4-a52e-4f735466cecf":"f.F1E1A893882E28A71BFE42B112EBC3C6.d.B5809BDAA6B32522FAA797327C2E91E9.e.8432","ELEMENT":"f.F1E1A893882E28A71BFE42B112EBC3C6.d.B5809BDAA6B32522FAA797327C2E91E9.e.8432"}]}
RESULT: {"script":"<script> [8489 bytes]","args":[{"element-6066-11e4-a52e-4f735466cecf":"f.F1E1A893882E28A71BFE42B112EBC3C6.d.B5809BDAA6B32522FAA797327C2E91E9.e.8432","ELEMENT":"f.F1E1A893882E28A71BFE42B112EBC3C6.d.B5809BDAA6B32522FAA797327C2E91E9.e.8432"}]}
COMMAND: POST /session/041ece1bac594130e3a6c3bac6c9d85e/execute/async - {"script":"<script> [1562 bytes]","args":[{"selector":{"id":"application-managesites-display-component---NewSite--addressNewCostObjectCstID-vhi"},"wdio_ui5_key":"applicationmanagesites-display-component---NewSite--addressNewCostObjectCstID-vhi"}]}
COMMAND: GET /session/041ece1bac594130e3a6c3bac6c9d85e/screenshot - {}
RESULT: {"script":"<script> [1562 bytes]","args":[{"selector":{"id":"application-managesites-display-component---NewSite--addressNewCostObjectCstID-vhi"},"wdio_ui5_key":"applicationmanagesites-display-component---NewSite--addressNewCostObjectCstID-vhi"}]}
RESULT: undefined
COMMAND: POST /session/041ece1bac594130e3a6c3bac6c9d85e/element - {"using":"xpath","value":"//*[@id=\"application-managesites-display-component---NewSite--addressNewCostObjectCstID-vhi\"]"}
RESULT: {}
RESULT: {"using":"xpath","value":"//*[@id=\"application-managesites-display-component---NewSite--addressNewCostObjectCstID-vhi\"]"}
COMMAND: POST /session/041ece1bac594130e3a6c3bac6c9d85e/element/f.F1E1A893882E28A71BFE42B112EBC3C6.d.B5809BDAA6B32522FAA797327C2E91E9.e.8432/click - {}
RESULT: {}
COMMAND: GET /session/041ece1bac594130e3a6c3bac6c9d85e/screenshot - {}
RESULT: {}
RESULT: undefined
COMMAND: POST /session/041ece1bac594130e3a6c3bac6c9d85e/execute/async - {"script":"<script> [776 bytes]","args":[{"enterText":"10001013","selector":{"controlType":"sap.m.SearchField","properties":{"placeholder":"Search"},"searchOpenDialogs":true,"interaction":{"idSuffix":"I"}},"clearTextFirst":true,"interactionType":"ENTER_TEXT"}]}
RESULT: {"script":"<script> [776 bytes]","args":[{"enterText":"10001013","selector":{"controlType":"sap.m.SearchField","properties":{"placeholder":"Search"},"searchOpenDialogs":true,"interaction":{"idSuffix":"I"}},"clearTextFirst":true,"interactionType":"ENTER_TEXT"}]}
COMMAND: POST /session/041ece1bac594130e3a6c3bac6c9d85e/actions - {"actions":[{"id":"action23","type":"key","parameters":{},"actions":[{"type":"keyDown","value":"î€‡"},{"type":"pause","duration":10},{"type":"keyUp","value":"î€‡"}]}]}
RESULT: {"actions":[{"id":"action23","type":"key","parameters":{},"actions":[{"type":"keyDown","value":"î€‡"},{"type":"pause","duration":10},{"type":"keyUp","value":"î€‡"}]}]}
COMMAND: GET /session/041ece1bac594130e3a6c3bac6c9d85e/screenshot - {}
RESULT: {}
COMMAND: POST /session/041ece1bac594130e3a6c3bac6c9d85e/element - {"using":"xpath","value":"//span[contains(text(), \"General Management\")]"}
RESULT: {"using":"xpath","value":"//span[contains(text(), \"General Management\")]"}
COMMAND: POST /session/041ece1bac594130e3a6c3bac6c9d85e/element/f.F1E1A893882E28A71BFE42B112EBC3C6.d.B5809BDAA6B32522FAA797327C2E91E9.e.8470/click - {}
RESULT: {}
COMMAND: GET /session/041ece1bac594130e3a6c3bac6c9d85e/screenshot - {}
RESULT: {}
COMMAND: POST /session/041ece1bac594130e3a6c3bac6c9d85e/element - {"using":"xpath","value":"//bdi[contains(text(), \"OK\")]"}
RESULT: {"using":"xpath","value":"//bdi[contains(text(), \"OK\")]"}
COMMAND: POST /session/041ece1bac594130e3a6c3bac6c9d85e/element/f.F1E1A893882E28A71BFE42B112EBC3C6.d.B5809BDAA6B32522FAA797327C2E91E9.e.8471/click - {}
RESULT: {}
COMMAND: GET /session/041ece1bac594130e3a6c3bac6c9d85e/screenshot - {}
RESULT: {}
COMMAND: POST /session/041ece1bac594130e3a6c3bac6c9d85e/element - {"using":"xpath","value":"//input[@id=\"application-managesites-display-component---NewSite--addressDetailDetailsCalendar-inner\"]"}
RESULT: {"using":"xpath","value":"//input[@id=\"application-managesites-display-component---NewSite--addressDetailDetailsCalendar-inner\"]"}
COMMAND: POST /session/041ece1bac594130e3a6c3bac6c9d85e/element/f.F1E1A893882E28A71BFE42B112EBC3C6.d.B5809BDAA6B32522FAA797327C2E91E9.e.8265/clear - {}
RESULT: {}
COMMAND: POST /session/041ece1bac594130e3a6c3bac6c9d85e/element/f.F1E1A893882E28A71BFE42B112EBC3C6.d.B5809BDAA6B32522FAA797327C2E91E9.e.8265/value - {"text":"Unit"}
COMMAND: GET /session/041ece1bac594130e3a6c3bac6c9d85e/screenshot - {}
RESULT: {"text":"Unit"}
COMMAND: GET /session/041ece1bac594130e3a6c3bac6c9d85e/screenshot - {}
RESULT: {}
RESULT: {}
COMMAND: POST /session/041ece1bac594130e3a6c3bac6c9d85e/actions - {"actions":[{"id":"action24","type":"key","parameters":{},"actions":[{"type":"keyDown","value":"î€‡"},{"type":"pause","duration":10},{"type":"keyUp","value":"î€‡"}]}]}
RESULT: {"actions":[{"id":"action24","type":"key","parameters":{},"actions":[{"type":"keyDown","value":"î€‡"},{"type":"pause","duration":10},{"type":"keyUp","value":"î€‡"}]}]}
COMMAND: POST /session/041ece1bac594130e3a6c3bac6c9d85e/element - {"using":"xpath","value":"//input[@id=\"application-managesites-display-component---NewSite--addressDetailDetailsYard-inner\"]"}
COMMAND: GET /session/041ece1bac594130e3a6c3bac6c9d85e/screenshot - {}
RESULT: {"using":"xpath","value":"//input[@id=\"application-managesites-display-component---NewSite--addressDetailDetailsYard-inner\"]"}
COMMAND: POST /session/041ece1bac594130e3a6c3bac6c9d85e/element/f.F1E1A893882E28A71BFE42B112EBC3C6.d.B5809BDAA6B32522FAA797327C2E91E9.e.8266/clear - {}
RESULT: {}
RESULT: {}
COMMAND: POST /session/041ece1bac594130e3a6c3bac6c9d85e/element/f.F1E1A893882E28A71BFE42B112EBC3C6.d.B5809BDAA6B32522FAA797327C2E91E9.e.8266/value - {"text":"693"}
COMMAND: GET /session/041ece1bac594130e3a6c3bac6c9d85e/screenshot - {}
RESULT: {"text":"693"}
COMMAND: GET /session/041ece1bac594130e3a6c3bac6c9d85e/screenshot - {}
RESULT: {}
RESULT: {}
COMMAND: POST /session/041ece1bac594130e3a6c3bac6c9d85e/element - {"using":"xpath","value":"//li[.//span[text()='693']]"}
RESULT: {"using":"xpath","value":"//li[.//span[text()='693']]"}
COMMAND: POST /session/041ece1bac594130e3a6c3bac6c9d85e/element/f.F1E1A893882E28A71BFE42B112EBC3C6.d.B5809BDAA6B32522FAA797327C2E91E9.e.8479/click - {}
RESULT: {}
COMMAND: GET /session/041ece1bac594130e3a6c3bac6c9d85e/screenshot - {}
RESULT: {}
COMMAND: POST /session/041ece1bac594130e3a6c3bac6c9d85e/element - {"using":"xpath","value":"//input[@id=\"application-managesites-display-component---NewSite--addressDetailDetailsPartner-inner\"]"}
RESULT: {"using":"xpath","value":"//input[@id=\"application-managesites-display-component---NewSite--addressDetailDetailsPartner-inner\"]"}
COMMAND: POST /session/041ece1bac594130e3a6c3bac6c9d85e/element - {"using":"xpath","value":"//input[@id=\"application-managesites-display-component---NewSite--addressDetailDetailsPartner-inner\"]"}
RESULT: {"using":"xpath","value":"//input[@id=\"application-managesites-display-component---NewSite--addressDetailDetailsPartner-inner\"]"}
COMMAND: POST /session/041ece1bac594130e3a6c3bac6c9d85e/element - {"using":"xpath","value":"//button[@data-kt=\"saveButton\"]"}
RESULT: {"using":"xpath","value":"//button[@data-kt=\"saveButton\"]"}
COMMAND: POST /session/041ece1bac594130e3a6c3bac6c9d85e/element/f.F1E1A893882E28A71BFE42B112EBC3C6.d.B5809BDAA6B32522FAA797327C2E91E9.e.8414/click - {}
RESULT: {}
COMMAND: GET /session/041ece1bac594130e3a6c3bac6c9d85e/screenshot - {}
COMMAND: POST /session/041ece1bac594130e3a6c3bac6c9d85e/element - {"using":"xpath","value":"//header[contains(@id, 'ObjectPageLayout-headerTitle')]/div[1]/div[2]/div[2]/span[1]"}
RESULT: {}
RESULT: {"using":"xpath","value":"//header[contains(@id, 'ObjectPageLayout-headerTitle')]/div[1]/div[2]/div[2]/span[1]"}
COMMAND: POST /session/041ece1bac594130e3a6c3bac6c9d85e/elements - {"using":"xpath","value":"//header[contains(@id, 'ObjectPageLayout-headerTitle')]/div[1]/div[2]/div[2]/span[1]"}
RESULT: {"using":"xpath","value":"//header[contains(@id, 'ObjectPageLayout-headerTitle')]/div[1]/div[2]/div[2]/span[1]"}
COMMAND: POST /session/041ece1bac594130e3a6c3bac6c9d85e/execute/sync - {"script":"<script> [56 bytes]","args":[{"element-6066-11e4-a52e-4f735466cecf":"f.F1E1A893882E28A71BFE42B112EBC3C6.d.B5809BDAA6B32522FAA797327C2E91E9.e.8683","ELEMENT":"f.F1E1A893882E28A71BFE42B112EBC3C6.d.B5809BDAA6B32522FAA797327C2E91E9.e.8683"}]}
RESULT: {"script":"<script> [56 bytes]","args":[{"element-6066-11e4-a52e-4f735466cecf":"f.F1E1A893882E28A71BFE42B112EBC3C6.d.B5809BDAA6B32522FAA797327C2E91E9.e.8683","ELEMENT":"f.F1E1A893882E28A71BFE42B112EBC3C6.d.B5809BDAA6B32522FAA797327C2E91E9.e.8683"}]}
COMMAND: POST /session/041ece1bac594130e3a6c3bac6c9d85e/element - {"using":"css selector","value":"#shell-header-logo"}
COMMAND: GET /session/041ece1bac594130e3a6c3bac6c9d85e/screenshot - {}
RESULT: {"using":"css selector","value":"#shell-header-logo"}
COMMAND: POST /session/041ece1bac594130e3a6c3bac6c9d85e/element/f.F1E1A893882E28A71BFE42B112EBC3C6.d.B5809BDAA6B32522FAA797327C2E91E9.e.7978/click - {}
RESULT: {}
RESULT: {}
COMMAND: GET /session/041ece1bac594130e3a6c3bac6c9d85e/screenshot - {}
RESULT: {}
COMMAND: POST /session/041ece1bac594130e3a6c3bac6c9d85e/execute/sync - {"script":"<script> [299 bytes]","args":[["getModel","getResource"]]}
RESULT: {"script":"<script> [299 bytes]","args":[["getModel","getResource"]]}
]]></system-out>
    </testcase>
    <testcase classname="chrome.137_0_7151_56.windows.Billing_Transfer_-_Intracompany_US127249" name="Should create a new equipment" time="139.417">
      <system-out><![CDATA[
COMMAND: POST /session/041ece1bac594130e3a6c3bac6c9d85e/execute/async - {"script":"<script> [1562 bytes]","args":[{"selector":{"controlType":"sap.m.GenericTile","properties":{"header":"Manage Resources"}},"wdio_ui5_key":"sapm.GenericTile{\"header\":\"Manage Resources\"}"}]}
COMMAND: GET /session/041ece1bac594130e3a6c3bac6c9d85e/screenshot - {}
RESULT: {"script":"<script> [1562 bytes]","args":[{"selector":{"controlType":"sap.m.GenericTile","properties":{"header":"Manage Resources"}},"wdio_ui5_key":"sapm.GenericTile{\"header\":\"Manage Resources\"}"}]}
RESULT: undefined
COMMAND: POST /session/041ece1bac594130e3a6c3bac6c9d85e/element - {"using":"xpath","value":"//*[@id=\"__tile39\"]"}
RESULT: {}
RESULT: {"using":"xpath","value":"//*[@id=\"__tile39\"]"}
COMMAND: POST /session/041ece1bac594130e3a6c3bac6c9d85e/element/f.F1E1A893882E28A71BFE42B112EBC3C6.d.B5809BDAA6B32522FAA797327C2E91E9.e.6344/click - {}
RESULT: {}
COMMAND: GET /session/041ece1bac594130e3a6c3bac6c9d85e/screenshot - {}
RESULT: {}
COMMAND: POST /session/041ece1bac594130e3a6c3bac6c9d85e/elements - {"using":"xpath","value":"//span[text()='Error']"}
RESULT: {"using":"xpath","value":"//span[text()='Error']"}
COMMAND: POST /session/041ece1bac594130e3a6c3bac6c9d85e/element - {"using":"xpath","value":"//button[@data-kt=\"addNewRUOverflowToolbarButton\"]"}
RESULT: {"using":"xpath","value":"//button[@data-kt=\"addNewRUOverflowToolbarButton\"]"}
COMMAND: POST /session/041ece1bac594130e3a6c3bac6c9d85e/elements - {"using":"xpath","value":"//button[@data-kt=\"addNewRUOverflowToolbarButton\"]"}
RESULT: {"using":"xpath","value":"//button[@data-kt=\"addNewRUOverflowToolbarButton\"]"}
COMMAND: POST /session/041ece1bac594130e3a6c3bac6c9d85e/elements - {"using":"xpath","value":"//button[@data-kt=\"addNewRUOverflowToolbarButton\"]"}
RESULT: {"using":"xpath","value":"//button[@data-kt=\"addNewRUOverflowToolbarButton\"]"}
COMMAND: POST /session/041ece1bac594130e3a6c3bac6c9d85e/element - {"using":"xpath","value":"//button[@data-kt=\"addNewRUOverflowToolbarButton\"]"}
RESULT: {"using":"xpath","value":"//button[@data-kt=\"addNewRUOverflowToolbarButton\"]"}
COMMAND: POST /session/041ece1bac594130e3a6c3bac6c9d85e/execute/sync - {"script":"<script> [8489 bytes]","args":[{"element-6066-11e4-a52e-4f735466cecf":"f.F1E1A893882E28A71BFE42B112EBC3C6.d.B5809BDAA6B32522FAA797327C2E91E9.e.8725","ELEMENT":"f.F1E1A893882E28A71BFE42B112EBC3C6.d.B5809BDAA6B32522FAA797327C2E91E9.e.8725"}]}
RESULT: {"script":"<script> [8489 bytes]","args":[{"element-6066-11e4-a52e-4f735466cecf":"f.F1E1A893882E28A71BFE42B112EBC3C6.d.B5809BDAA6B32522FAA797327C2E91E9.e.8725","ELEMENT":"f.F1E1A893882E28A71BFE42B112EBC3C6.d.B5809BDAA6B32522FAA797327C2E91E9.e.8725"}]}
COMMAND: GET /session/041ece1bac594130e3a6c3bac6c9d85e/element/f.F1E1A893882E28A71BFE42B112EBC3C6.d.B5809BDAA6B32522FAA797327C2E91E9.e.8725/enabled - {}
COMMAND: GET /session/041ece1bac594130e3a6c3bac6c9d85e/screenshot - {}
RESULT: {}
COMMAND: POST /session/041ece1bac594130e3a6c3bac6c9d85e/execute/sync - {"script":"<script> [8489 bytes]","args":[{"element-6066-11e4-a52e-4f735466cecf":"f.F1E1A893882E28A71BFE42B112EBC3C6.d.B5809BDAA6B32522FAA797327C2E91E9.e.8725","ELEMENT":"f.F1E1A893882E28A71BFE42B112EBC3C6.d.B5809BDAA6B32522FAA797327C2E91E9.e.8725"}]}
COMMAND: GET /session/041ece1bac594130e3a6c3bac6c9d85e/screenshot - {}
RESULT: {}
RESULT: {"script":"<script> [8489 bytes]","args":[{"element-6066-11e4-a52e-4f735466cecf":"f.F1E1A893882E28A71BFE42B112EBC3C6.d.B5809BDAA6B32522FAA797327C2E91E9.e.8725","ELEMENT":"f.F1E1A893882E28A71BFE42B112EBC3C6.d.B5809BDAA6B32522FAA797327C2E91E9.e.8725"}]}
COMMAND: POST /session/041ece1bac594130e3a6c3bac6c9d85e/execute/sync - {"script":"<script> [5351 bytes]","args":[{"element-6066-11e4-a52e-4f735466cecf":"f.F1E1A893882E28A71BFE42B112EBC3C6.d.B5809BDAA6B32522FAA797327C2E91E9.e.8725","ELEMENT":"f.F1E1A893882E28A71BFE42B112EBC3C6.d.B5809BDAA6B32522FAA797327C2E91E9.e.8725"}]}
COMMAND: GET /session/041ece1bac594130e3a6c3bac6c9d85e/screenshot - {}
RESULT: {}
RESULT: {"script":"<script> [5351 bytes]","args":[{"element-6066-11e4-a52e-4f735466cecf":"f.F1E1A893882E28A71BFE42B112EBC3C6.d.B5809BDAA6B32522FAA797327C2E91E9.e.8725","ELEMENT":"f.F1E1A893882E28A71BFE42B112EBC3C6.d.B5809BDAA6B32522FAA797327C2E91E9.e.8725"}]}
COMMAND: POST /session/041ece1bac594130e3a6c3bac6c9d85e/element/f.F1E1A893882E28A71BFE42B112EBC3C6.d.B5809BDAA6B32522FAA797327C2E91E9.e.8725/click - {}
COMMAND: GET /session/041ece1bac594130e3a6c3bac6c9d85e/screenshot - {}
RESULT: {}
RESULT: {}
COMMAND: GET /session/041ece1bac594130e3a6c3bac6c9d85e/screenshot - {}
COMMAND: POST /session/041ece1bac594130e3a6c3bac6c9d85e/execute/async - {"script":"<script> [1562 bytes]","args":[{"selector":{"id":"application-manageresources-display-component---newResourceUnit--TYPE-arrow"},"wdio_ui5_key":"applicationmanageresources-display-component---newResourceUnit--TYPE-arrow"}]}
RESULT: {}
RESULT: {}
RESULT: {"script":"<script> [1562 bytes]","args":[{"selector":{"id":"application-manageresources-display-component---newResourceUnit--TYPE-arrow"},"wdio_ui5_key":"applicationmanageresources-display-component---newResourceUnit--TYPE-arrow"}]}
RESULT: undefined
COMMAND: POST /session/041ece1bac594130e3a6c3bac6c9d85e/element - {"using":"xpath","value":"//*[@id=\"application-manageresources-display-component---newResourceUnit--TYPE-arrow\"]"}
RESULT: {"using":"xpath","value":"//*[@id=\"application-manageresources-display-component---newResourceUnit--TYPE-arrow\"]"}
COMMAND: POST /session/041ece1bac594130e3a6c3bac6c9d85e/element/f.F1E1A893882E28A71BFE42B112EBC3C6.d.B5809BDAA6B32522FAA797327C2E91E9.e.9070/click - {}
RESULT: {}
COMMAND: POST /session/041ece1bac594130e3a6c3bac6c9d85e/element - {"using":"xpath","value":"//input[@id=\"application-manageresources-display-component---newResourceUnit--TYPE-inner\"]"}
COMMAND: GET /session/041ece1bac594130e3a6c3bac6c9d85e/screenshot - {}
RESULT: {"using":"xpath","value":"//input[@id=\"application-manageresources-display-component---newResourceUnit--TYPE-inner\"]"}
COMMAND: POST /session/041ece1bac594130e3a6c3bac6c9d85e/element/f.F1E1A893882E28A71BFE42B112EBC3C6.d.B5809BDAA6B32522FAA797327C2E91E9.e.9065/clear - {}
RESULT: {}
RESULT: {}
COMMAND: POST /session/041ece1bac594130e3a6c3bac6c9d85e/element/f.F1E1A893882E28A71BFE42B112EBC3C6.d.B5809BDAA6B32522FAA797327C2E91E9.e.9065/value - {"text":"Equipment"}
COMMAND: GET /session/041ece1bac594130e3a6c3bac6c9d85e/screenshot - {}
RESULT: {"text":"Equipment"}
COMMAND: GET /session/041ece1bac594130e3a6c3bac6c9d85e/screenshot - {}
RESULT: {}
RESULT: {}
COMMAND: POST /session/041ece1bac594130e3a6c3bac6c9d85e/actions - {"actions":[{"id":"action25","type":"key","parameters":{},"actions":[{"type":"keyDown","value":"î€‡"},{"type":"pause","duration":10},{"type":"keyUp","value":"î€‡"}]}]}
RESULT: {"actions":[{"id":"action25","type":"key","parameters":{},"actions":[{"type":"keyDown","value":"î€‡"},{"type":"pause","duration":10},{"type":"keyUp","value":"î€‡"}]}]}
COMMAND: POST /session/041ece1bac594130e3a6c3bac6c9d85e/execute/async - {"script":"<script> [1562 bytes]","args":[{"selector":{"id":"application-manageresources-display-component---newResourceUnit--resourceId","interaction":{"idSuffix":"inner"}},"wdio_ui5_key":"applicationmanageresources-display-component---newResourceUnit--resourceId"}]}
COMMAND: GET /session/041ece1bac594130e3a6c3bac6c9d85e/screenshot - {}
RESULT: {"script":"<script> [1562 bytes]","args":[{"selector":{"id":"application-manageresources-display-component---newResourceUnit--resourceId","interaction":{"idSuffix":"inner"}},"wdio_ui5_key":"applicationmanageresources-display-component---newResourceUnit--resourceId"}]}
RESULT: undefined
COMMAND: POST /session/041ece1bac594130e3a6c3bac6c9d85e/execute/async - {"script":"<script> [776 bytes]","args":[{"enterText":"Vb3kenil37","selector":{"id":"application-manageresources-display-component---newResourceUnit--resourceId","interaction":{"idSuffix":"inner"}},"clearTextFirst":true,"interactionType":"ENTER_TEXT"}]}
RESULT: {}
RESULT: {"script":"<script> [776 bytes]","args":[{"enterText":"Vb3kenil37","selector":{"id":"application-manageresources-display-component---newResourceUnit--resourceId","interaction":{"idSuffix":"inner"}},"clearTextFirst":true,"interactionType":"ENTER_TEXT"}]}
COMMAND: POST /session/041ece1bac594130e3a6c3bac6c9d85e/execute/async - {"script":"<script> [1562 bytes]","args":[{"selector":{"id":"application-manageresources-display-component---newResourceUnit--SHORT_TEXT","interaction":{"idSuffix":"inner"}},"wdio_ui5_key":"applicationmanageresources-display-component---newResourceUnit--SHORT_TEXT"}]}
RESULT: {"script":"<script> [1562 bytes]","args":[{"selector":{"id":"application-manageresources-display-component---newResourceUnit--SHORT_TEXT","interaction":{"idSuffix":"inner"}},"wdio_ui5_key":"applicationmanageresources-display-component---newResourceUnit--SHORT_TEXT"}]}
RESULT: undefined
COMMAND: POST /session/041ece1bac594130e3a6c3bac6c9d85e/execute/async - {"script":"<script> [776 bytes]","args":[{"enterText":"Intercompany Equipment WDIO","selector":{"id":"application-manageresources-display-component---newResourceUnit--SHORT_TEXT","interaction":{"idSuffix":"inner"}},"clearTextFirst":true,"interactionType":"ENTER_TEXT"}]}
RESULT: {"script":"<script> [776 bytes]","args":[{"enterText":"Intercompany Equipment WDIO","selector":{"id":"application-manageresources-display-component---newResourceUnit--SHORT_TEXT","interaction":{"idSuffix":"inner"}},"clearTextFirst":true,"interactionType":"ENTER_TEXT"}]}
COMMAND: POST /session/041ece1bac594130e3a6c3bac6c9d85e/execute/async - {"script":"<script> [1562 bytes]","args":[{"selector":{"id":"application-manageresources-display-component---newResourceUnit--BASE_UNIT_OF_MEASURE","interaction":{"idSuffix":"inner"}},"wdio_ui5_key":"applicationmanageresources-display-component---newResourceUnit--BASE_UNIT_OF_MEASURE"}]}
RESULT: {"script":"<script> [1562 bytes]","args":[{"selector":{"id":"application-manageresources-display-component---newResourceUnit--BASE_UNIT_OF_MEASURE","interaction":{"idSuffix":"inner"}},"wdio_ui5_key":"applicationmanageresources-display-component---newResourceUnit--BASE_UNIT_OF_MEASURE"}]}
RESULT: undefined
COMMAND: POST /session/041ece1bac594130e3a6c3bac6c9d85e/execute/async - {"script":"<script> [776 bytes]","args":[{"enterText":"Piece","selector":{"id":"application-manageresources-display-component---newResourceUnit--BASE_UNIT_OF_MEASURE","interaction":{"idSuffix":"inner"}},"clearTextFirst":true,"interactionType":"ENTER_TEXT"}]}
RESULT: {"script":"<script> [776 bytes]","args":[{"enterText":"Piece","selector":{"id":"application-manageresources-display-component---newResourceUnit--BASE_UNIT_OF_MEASURE","interaction":{"idSuffix":"inner"}},"clearTextFirst":true,"interactionType":"ENTER_TEXT"}]}
COMMAND: POST /session/041ece1bac594130e3a6c3bac6c9d85e/execute/async - {"script":"<script> [1562 bytes]","args":[{"selector":{"id":"application-manageresources-display-component---newResourceUnit--WEIGHT_UNIT","interaction":{"idSuffix":"inner"}},"wdio_ui5_key":"applicationmanageresources-display-component---newResourceUnit--WEIGHT_UNIT"}]}
RESULT: {"script":"<script> [1562 bytes]","args":[{"selector":{"id":"application-manageresources-display-component---newResourceUnit--WEIGHT_UNIT","interaction":{"idSuffix":"inner"}},"wdio_ui5_key":"applicationmanageresources-display-component---newResourceUnit--WEIGHT_UNIT"}]}
RESULT: undefined
COMMAND: POST /session/041ece1bac594130e3a6c3bac6c9d85e/execute/async - {"script":"<script> [776 bytes]","args":[{"enterText":"Gram","selector":{"id":"application-manageresources-display-component---newResourceUnit--WEIGHT_UNIT","interaction":{"idSuffix":"inner"}},"clearTextFirst":true,"interactionType":"ENTER_TEXT"}]}
RESULT: {"script":"<script> [776 bytes]","args":[{"enterText":"Gram","selector":{"id":"application-manageresources-display-component---newResourceUnit--WEIGHT_UNIT","interaction":{"idSuffix":"inner"}},"clearTextFirst":true,"interactionType":"ENTER_TEXT"}]}
COMMAND: POST /session/041ece1bac594130e3a6c3bac6c9d85e/execute/async - {"script":"<script> [1562 bytes]","args":[{"selector":{"id":"application-manageresources-display-component---newResourceUnit--DIMENSION_UNIT","interaction":{"idSuffix":"inner"}},"wdio_ui5_key":"applicationmanageresources-display-component---newResourceUnit--DIMENSION_UNIT"}]}
RESULT: {"script":"<script> [1562 bytes]","args":[{"selector":{"id":"application-manageresources-display-component---newResourceUnit--DIMENSION_UNIT","interaction":{"idSuffix":"inner"}},"wdio_ui5_key":"applicationmanageresources-display-component---newResourceUnit--DIMENSION_UNIT"}]}
RESULT: undefined
COMMAND: POST /session/041ece1bac594130e3a6c3bac6c9d85e/execute/async - {"script":"<script> [776 bytes]","args":[{"enterText":"Meter","selector":{"id":"application-manageresources-display-component---newResourceUnit--DIMENSION_UNIT","interaction":{"idSuffix":"inner"}},"clearTextFirst":true,"interactionType":"ENTER_TEXT"}]}
RESULT: {"script":"<script> [776 bytes]","args":[{"enterText":"Meter","selector":{"id":"application-manageresources-display-component---newResourceUnit--DIMENSION_UNIT","interaction":{"idSuffix":"inner"}},"clearTextFirst":true,"interactionType":"ENTER_TEXT"}]}
COMMAND: POST /session/041ece1bac594130e3a6c3bac6c9d85e/execute/async - {"script":"<script> [1562 bytes]","args":[{"selector":{"id":"application-manageresources-display-component---newResourceUnit--newRRUPage-anchBar-application-manageresources-display-component---newResourceUnit--control-anchor","interaction":{"idSuffix":"BDI-content"}},"wdio_ui5_key":"applicationmanageresources-display-component---newResourceUnit--newRRUPage-anchBar-application-manageresources-display-component---newResourceUnit--control-anchor"}]}
RESULT: {"script":"<script> [1562 bytes]","args":[{"selector":{"id":"application-manageresources-display-component---newResourceUnit--newRRUPage-anchBar-application-manageresources-display-component---newResourceUnit--control-anchor","interaction":{"idSuffix":"BDI-content"}},"wdio_ui5_key":"applicationmanageresources-display-component---newResourceUnit--newRRUPage-anchBar-application-manageresources-display-component---newResourceUnit--control-anchor"}]}
RESULT: undefined
COMMAND: POST /session/041ece1bac594130e3a6c3bac6c9d85e/element - {"using":"xpath","value":"//*[@id=\"application-manageresources-display-component---newResourceUnit--newRRUPage-anchBar-application-manageresources-display-component---newResourceUnit--control-anchor\"]"}
RESULT: {"using":"xpath","value":"//*[@id=\"application-manageresources-display-component---newResourceUnit--newRRUPage-anchBar-application-manageresources-display-component---newResourceUnit--control-anchor\"]"}
COMMAND: POST /session/041ece1bac594130e3a6c3bac6c9d85e/element/f.F1E1A893882E28A71BFE42B112EBC3C6.d.B5809BDAA6B32522FAA797327C2E91E9.e.9226/click - {}
RESULT: {}
COMMAND: POST /session/041ece1bac594130e3a6c3bac6c9d85e/execute/async - {"script":"<script> [1562 bytes]","args":[{"selector":{"id":"application-manageresources-display-component---newResourceUnit--PLANNING_GROUP","interaction":{"idSuffix":"inner"}},"wdio_ui5_key":"applicationmanageresources-display-component---newResourceUnit--PLANNING_GROUP"}]}
COMMAND: GET /session/041ece1bac594130e3a6c3bac6c9d85e/screenshot - {}
RESULT: {"script":"<script> [1562 bytes]","args":[{"selector":{"id":"application-manageresources-display-component---newResourceUnit--PLANNING_GROUP","interaction":{"idSuffix":"inner"}},"wdio_ui5_key":"applicationmanageresources-display-component---newResourceUnit--PLANNING_GROUP"}]}
RESULT: undefined
COMMAND: POST /session/041ece1bac594130e3a6c3bac6c9d85e/execute/async - {"script":"<script> [776 bytes]","args":[{"enterText":"Heavy Equi","selector":{"id":"application-manageresources-display-component---newResourceUnit--PLANNING_GROUP","interaction":{"idSuffix":"inner"}},"clearTextFirst":true,"interactionType":"ENTER_TEXT"}]}
RESULT: {}
RESULT: {"script":"<script> [776 bytes]","args":[{"enterText":"Heavy Equi","selector":{"id":"application-manageresources-display-component---newResourceUnit--PLANNING_GROUP","interaction":{"idSuffix":"inner"}},"clearTextFirst":true,"interactionType":"ENTER_TEXT"}]}
COMMAND: POST /session/041ece1bac594130e3a6c3bac6c9d85e/execute/async - {"script":"<script> [1562 bytes]","args":[{"selector":{"id":"application-manageresources-display-component---newResourceUnit--ITEM_TYPE-arrow"},"wdio_ui5_key":"applicationmanageresources-display-component---newResourceUnit--ITEM_TYPE-arrow"}]}
RESULT: {"script":"<script> [1562 bytes]","args":[{"selector":{"id":"application-manageresources-display-component---newResourceUnit--ITEM_TYPE-arrow"},"wdio_ui5_key":"applicationmanageresources-display-component---newResourceUnit--ITEM_TYPE-arrow"}]}
RESULT: undefined
COMMAND: POST /session/041ece1bac594130e3a6c3bac6c9d85e/element - {"using":"xpath","value":"//*[@id=\"application-manageresources-display-component---newResourceUnit--ITEM_TYPE-arrow\"]"}
RESULT: {"using":"xpath","value":"//*[@id=\"application-manageresources-display-component---newResourceUnit--ITEM_TYPE-arrow\"]"}
COMMAND: POST /session/041ece1bac594130e3a6c3bac6c9d85e/element/f.F1E1A893882E28A71BFE42B112EBC3C6.d.B5809BDAA6B32522FAA797327C2E91E9.e.9233/click - {}
RESULT: {}
COMMAND: POST /session/041ece1bac594130e3a6c3bac6c9d85e/element - {"using":"xpath","value":"//ul[contains(@id,\"ITEM_TYPE-popup-list-listUl\")]//li[.//span[contains(text(),\"Resource Unit\")]]"}
COMMAND: GET /session/041ece1bac594130e3a6c3bac6c9d85e/screenshot - {}
RESULT: {"using":"xpath","value":"//ul[contains(@id,\"ITEM_TYPE-popup-list-listUl\")]//li[.//span[contains(text(),\"Resource Unit\")]]"}
COMMAND: POST /session/041ece1bac594130e3a6c3bac6c9d85e/element/f.F1E1A893882E28A71BFE42B112EBC3C6.d.B5809BDAA6B32522FAA797327C2E91E9.e.9234/click - {}
RESULT: {}
RESULT: {}
COMMAND: GET /session/041ece1bac594130e3a6c3bac6c9d85e/screenshot - {}
RESULT: {}
COMMAND: POST /session/041ece1bac594130e3a6c3bac6c9d85e/element - {"using":"css selector","value":"#application-manageresources-display-component---newResourceUnit--btnAddTimeSegment"}
RESULT: {"using":"css selector","value":"#application-manageresources-display-component---newResourceUnit--btnAddTimeSegment"}
COMMAND: GET /session/041ece1bac594130e3a6c3bac6c9d85e/element/f.F1E1A893882E28A71BFE42B112EBC3C6.d.B5809BDAA6B32522FAA797327C2E91E9.e.9241/rect - {}
RESULT: {}
COMMAND: GET /session/041ece1bac594130e3a6c3bac6c9d85e/window/rect - {}
RESULT: {}
COMMAND: POST /session/041ece1bac594130e3a6c3bac6c9d85e/execute/sync - {"script":"<script> [92 bytes]","args":[]}
RESULT: {"script":"<script> [92 bytes]","args":[]}
COMMAND: POST /session/041ece1bac594130e3a6c3bac6c9d85e/actions - {"actions":[{"id":"action26","type":"wheel","parameters":{},"actions":[{"type":"scroll","x":-1888,"y":-32,"deltaX":0,"deltaY":0,"duration":0,"origin":{"element-6066-11e4-a52e-4f735466cecf":"f.F1E1A893882E28A71BFE42B112EBC3C6.d.B5809BDAA6B32522FAA797327C2E91E9.e.9241"}}]}]}
COMMAND: GET /session/041ece1bac594130e3a6c3bac6c9d85e/screenshot - {}
RESULT: {}
COMMAND: POST /session/041ece1bac594130e3a6c3bac6c9d85e/execute/sync - {"script":"<script> [79 bytes]","args":[{"element-6066-11e4-a52e-4f735466cecf":"f.F1E1A893882E28A71BFE42B112EBC3C6.d.B5809BDAA6B32522FAA797327C2E91E9.e.9241","ELEMENT":"f.F1E1A893882E28A71BFE42B112EBC3C6.d.B5809BDAA6B32522FAA797327C2E91E9.e.9241"},{"block":"start","inline":"nearest"}]}
RESULT: {"script":"<script> [79 bytes]","args":[{"element-6066-11e4-a52e-4f735466cecf":"f.F1E1A893882E28A71BFE42B112EBC3C6.d.B5809BDAA6B32522FAA797327C2E91E9.e.9241","ELEMENT":"f.F1E1A893882E28A71BFE42B112EBC3C6.d.B5809BDAA6B32522FAA797327C2E91E9.e.9241"},{"block":"start","inline":"nearest"}]}
COMMAND: POST /session/041ece1bac594130e3a6c3bac6c9d85e/execute/async - {"script":"<script> [1562 bytes]","args":[{"selector":{"id":"application-manageresources-display-component---newResourceUnit--btnAddTimeSegment","interaction":{"idSuffix":"inner"}},"wdio_ui5_key":"applicationmanageresources-display-component---newResourceUnit--btnAddTimeSegment"}]}
COMMAND: GET /session/041ece1bac594130e3a6c3bac6c9d85e/screenshot - {}
RESULT: {"script":"<script> [1562 bytes]","args":[{"selector":{"id":"application-manageresources-display-component---newResourceUnit--btnAddTimeSegment","interaction":{"idSuffix":"inner"}},"wdio_ui5_key":"applicationmanageresources-display-component---newResourceUnit--btnAddTimeSegment"}]}
RESULT: undefined
COMMAND: POST /session/041ece1bac594130e3a6c3bac6c9d85e/element - {"using":"xpath","value":"//*[@id=\"application-manageresources-display-component---newResourceUnit--btnAddTimeSegment\"]"}
RESULT: {}
RESULT: {"using":"xpath","value":"//*[@id=\"application-manageresources-display-component---newResourceUnit--btnAddTimeSegment\"]"}
COMMAND: POST /session/041ece1bac594130e3a6c3bac6c9d85e/element/f.F1E1A893882E28A71BFE42B112EBC3C6.d.B5809BDAA6B32522FAA797327C2E91E9.e.9241/click - {}
RESULT: {}
COMMAND: GET /session/041ece1bac594130e3a6c3bac6c9d85e/screenshot - {}
RESULT: {}
COMMAND: POST /session/041ece1bac594130e3a6c3bac6c9d85e/element - {"using":"xpath","value":"//input[@id=\"application-manageresources-display-component---newResourceUnit--idRuTSAdmin-application-manageresources-display-component---newResourceUnit--RUTimeSegment-0-inner\"]"}
RESULT: {"using":"xpath","value":"//input[@id=\"application-manageresources-display-component---newResourceUnit--idRuTSAdmin-application-manageresources-display-component---newResourceUnit--RUTimeSegment-0-inner\"]"}
COMMAND: POST /session/041ece1bac594130e3a6c3bac6c9d85e/element/f.F1E1A893882E28A71BFE42B112EBC3C6.d.B5809BDAA6B32522FAA797327C2E91E9.e.9247/clear - {}
RESULT: {}
COMMAND: POST /session/041ece1bac594130e3a6c3bac6c9d85e/element/f.F1E1A893882E28A71BFE42B112EBC3C6.d.B5809BDAA6B32522FAA797327C2E91E9.e.9247/value - {"text":"693"}
COMMAND: GET /session/041ece1bac594130e3a6c3bac6c9d85e/screenshot - {}
RESULT: {"text":"693"}
COMMAND: GET /session/041ece1bac594130e3a6c3bac6c9d85e/screenshot - {}
RESULT: {}
RESULT: {}
COMMAND: POST /session/041ece1bac594130e3a6c3bac6c9d85e/element - {"using":"xpath","value":"//li[.//span[text()='693']]"}
RESULT: {"using":"xpath","value":"//li[.//span[text()='693']]"}
COMMAND: POST /session/041ece1bac594130e3a6c3bac6c9d85e/element/f.F1E1A893882E28A71BFE42B112EBC3C6.d.B5809BDAA6B32522FAA797327C2E91E9.e.9259/click - {}
RESULT: {}
COMMAND: GET /session/041ece1bac594130e3a6c3bac6c9d85e/screenshot - {}
RESULT: {}
COMMAND: POST /session/041ece1bac594130e3a6c3bac6c9d85e/element - {"using":"xpath","value":"(//span[contains(@id, \"-application-manageresources-display-component---newResourceUnit--RUTimeSegment-0-arrow\")])[6]"}
RESULT: {"using":"xpath","value":"(//span[contains(@id, \"-application-manageresources-display-component---newResourceUnit--RUTimeSegment-0-arrow\")])[6]"}
COMMAND: POST /session/041ece1bac594130e3a6c3bac6c9d85e/element/f.F1E1A893882E28A71BFE42B112EBC3C6.d.B5809BDAA6B32522FAA797327C2E91E9.e.9260/click - {}
RESULT: {}
COMMAND: GET /session/041ece1bac594130e3a6c3bac6c9d85e/screenshot - {}
RESULT: {}
COMMAND: POST /session/041ece1bac594130e3a6c3bac6c9d85e/element - {"using":"xpath","value":"//span[contains(text(), \"PM Order\")]"}
RESULT: {"using":"xpath","value":"//span[contains(text(), \"PM Order\")]"}
COMMAND: POST /session/041ece1bac594130e3a6c3bac6c9d85e/element/f.F1E1A893882E28A71BFE42B112EBC3C6.d.B5809BDAA6B32522FAA797327C2E91E9.e.9263/click - {}
RESULT: {}
COMMAND: GET /session/041ece1bac594130e3a6c3bac6c9d85e/screenshot - {}
RESULT: {}
COMMAND: POST /session/041ece1bac594130e3a6c3bac6c9d85e/element - {"using":"xpath","value":"(//span[contains(@id ,\"manageresources-display-component---newResourceUnit--RUTimeSegment-0-vhi\")])[1]"}
RESULT: {"using":"xpath","value":"(//span[contains(@id ,\"manageresources-display-component---newResourceUnit--RUTimeSegment-0-vhi\")])[1]"}
COMMAND: GET /session/041ece1bac594130e3a6c3bac6c9d85e/element/f.F1E1A893882E28A71BFE42B112EBC3C6.d.B5809BDAA6B32522FAA797327C2E91E9.e.9267/rect - {}
RESULT: {}
COMMAND: GET /session/041ece1bac594130e3a6c3bac6c9d85e/window/rect - {}
RESULT: {}
COMMAND: POST /session/041ece1bac594130e3a6c3bac6c9d85e/execute/sync - {"script":"<script> [92 bytes]","args":[]}
RESULT: {"script":"<script> [92 bytes]","args":[]}
COMMAND: POST /session/041ece1bac594130e3a6c3bac6c9d85e/actions - {"actions":[{"id":"action27","type":"wheel","parameters":{},"actions":[{"type":"scroll","x":-869,"y":-24,"deltaX":0,"deltaY":0,"duration":0,"origin":{"element-6066-11e4-a52e-4f735466cecf":"f.F1E1A893882E28A71BFE42B112EBC3C6.d.B5809BDAA6B32522FAA797327C2E91E9.e.9267"}}]}]}
COMMAND: GET /session/041ece1bac594130e3a6c3bac6c9d85e/screenshot - {}
RESULT: {"actions":[{"id":"action27","type":"wheel","parameters":{},"actions":[{"type":"scroll","x":-869,"y":-24,"deltaX":0,"deltaY":0,"duration":0,"origin":{"element-6066-11e4-a52e-4f735466cecf":"f.F1E1A893882E28A71BFE42B112EBC3C6.d.B5809BDAA6B32522FAA797327C2E91E9.e.9267"}}]}]}
COMMAND: DELETE /session/041ece1bac594130e3a6c3bac6c9d85e/actions - {}
COMMAND: GET /session/041ece1bac594130e3a6c3bac6c9d85e/screenshot - {}
RESULT: {}
RESULT: {}
COMMAND: GET /session/041ece1bac594130e3a6c3bac6c9d85e/screenshot - {}
RESULT: {}
RESULT: {}
COMMAND: POST /session/041ece1bac594130e3a6c3bac6c9d85e/element/f.F1E1A893882E28A71BFE42B112EBC3C6.d.B5809BDAA6B32522FAA797327C2E91E9.e.9267/click - {}
RESULT: {}
COMMAND: GET /session/041ece1bac594130e3a6c3bac6c9d85e/screenshot - {}
RESULT: {}
RESULT: undefined
COMMAND: POST /session/041ece1bac594130e3a6c3bac6c9d85e/execute/async - {"script":"<script> [776 bytes]","args":[{"enterText":"4000360","selector":{"controlType":"sap.m.SearchField","properties":{"placeholder":"Search"},"searchOpenDialogs":true,"interaction":{"idSuffix":"I"}},"clearTextFirst":true,"interactionType":"ENTER_TEXT"}]}
RESULT: {"script":"<script> [776 bytes]","args":[{"enterText":"4000360","selector":{"controlType":"sap.m.SearchField","properties":{"placeholder":"Search"},"searchOpenDialogs":true,"interaction":{"idSuffix":"I"}},"clearTextFirst":true,"interactionType":"ENTER_TEXT"}]}
COMMAND: POST /session/041ece1bac594130e3a6c3bac6c9d85e/actions - {"actions":[{"id":"action28","type":"key","parameters":{},"actions":[{"type":"keyDown","value":"î€‡"},{"type":"pause","duration":10},{"type":"keyUp","value":"î€‡"}]}]}
RESULT: {"actions":[{"id":"action28","type":"key","parameters":{},"actions":[{"type":"keyDown","value":"î€‡"},{"type":"pause","duration":10},{"type":"keyUp","value":"î€‡"}]}]}
COMMAND: GET /session/041ece1bac594130e3a6c3bac6c9d85e/screenshot - {}
RESULT: {}
COMMAND: POST /session/041ece1bac594130e3a6c3bac6c9d85e/element - {"using":"xpath","value":"//td/div/span[contains(text(), \"BGL Vehicles\")]"}
RESULT: {"using":"xpath","value":"//td/div/span[contains(text(), \"BGL Vehicles\")]"}
COMMAND: POST /session/041ece1bac594130e3a6c3bac6c9d85e/element/f.F1E1A893882E28A71BFE42B112EBC3C6.d.B5809BDAA6B32522FAA797327C2E91E9.e.9286/click - {}
RESULT: {}
COMMAND: GET /session/041ece1bac594130e3a6c3bac6c9d85e/screenshot - {}
RESULT: {}
COMMAND: POST /session/041ece1bac594130e3a6c3bac6c9d85e/element - {"using":"xpath","value":"//bdi[contains(text(), \"OK\")]"}
RESULT: {"using":"xpath","value":"//bdi[contains(text(), \"OK\")]"}
COMMAND: POST /session/041ece1bac594130e3a6c3bac6c9d85e/element/f.F1E1A893882E28A71BFE42B112EBC3C6.d.B5809BDAA6B32522FAA797327C2E91E9.e.9287/click - {}
RESULT: {}
COMMAND: GET /session/041ece1bac594130e3a6c3bac6c9d85e/screenshot - {}
RESULT: {}
COMMAND: POST /session/041ece1bac594130e3a6c3bac6c9d85e/execute/async - {"script":"<script> [1562 bytes]","args":[{"selector":{"id":"application-manageresources-display-component---newResourceUnit--newRRUPage-anchBar-application-manageresources-display-component---newResourceUnit--resource-anchor","interaction":{"idSuffix":"BDI-content"}},"wdio_ui5_key":"applicationmanageresources-display-component---newResourceUnit--newRRUPage-anchBar-application-manageresources-display-component---newResourceUnit--resource-anchor"}]}
RESULT: {"script":"<script> [1562 bytes]","args":[{"selector":{"id":"application-manageresources-display-component---newResourceUnit--newRRUPage-anchBar-application-manageresources-display-component---newResourceUnit--resource-anchor","interaction":{"idSuffix":"BDI-content"}},"wdio_ui5_key":"applicationmanageresources-display-component---newResourceUnit--newRRUPage-anchBar-application-manageresources-display-component---newResourceUnit--resource-anchor"}]}
RESULT: undefined
COMMAND: POST /session/041ece1bac594130e3a6c3bac6c9d85e/element - {"using":"xpath","value":"//*[@id=\"application-manageresources-display-component---newResourceUnit--newRRUPage-anchBar-application-manageresources-display-component---newResourceUnit--resource-anchor\"]"}
RESULT: {"using":"xpath","value":"//*[@id=\"application-manageresources-display-component---newResourceUnit--newRRUPage-anchBar-application-manageresources-display-component---newResourceUnit--resource-anchor\"]"}
COMMAND: POST /session/041ece1bac594130e3a6c3bac6c9d85e/element/f.F1E1A893882E28A71BFE42B112EBC3C6.d.B5809BDAA6B32522FAA797327C2E91E9.e.9291/click - {}
RESULT: {}
COMMAND: POST /session/041ece1bac594130e3a6c3bac6c9d85e/execute/async - {"script":"<script> [1562 bytes]","args":[{"selector":{"id":"application-manageresources-display-component---newResourceUnit--PLANNED_DELIVERY_DATE","interaction":{"idSuffix":"inner"}},"wdio_ui5_key":"applicationmanageresources-display-component---newResourceUnit--PLANNED_DELIVERY_DATE"}]}
COMMAND: GET /session/041ece1bac594130e3a6c3bac6c9d85e/screenshot - {}
RESULT: {"script":"<script> [1562 bytes]","args":[{"selector":{"id":"application-manageresources-display-component---newResourceUnit--PLANNED_DELIVERY_DATE","interaction":{"idSuffix":"inner"}},"wdio_ui5_key":"applicationmanageresources-display-component---newResourceUnit--PLANNED_DELIVERY_DATE"}]}
RESULT: undefined
COMMAND: POST /session/041ece1bac594130e3a6c3bac6c9d85e/execute/async - {"script":"<script> [6424 bytes]","args":[{"element-6066-11e4-a52e-4f735466cecf":"f.F1E1A893882E28A71BFE42B112EBC3C6.d.B5809BDAA6B32522FAA797327C2E91E9.e.9125"},"setValue",["6/5/25"]]}
RESULT: {}
RESULT: {"script":"<script> [6424 bytes]","args":[{"element-6066-11e4-a52e-4f735466cecf":"f.F1E1A893882E28A71BFE42B112EBC3C6.d.B5809BDAA6B32522FAA797327C2E91E9.e.9125"},"setValue",["6/5/25"]]}
COMMAND: POST /session/041ece1bac594130e3a6c3bac6c9d85e/element - {"using":"xpath","value":"//label[contains(@class, 'sapMLabelRequired') and .//bdi[contains(text(), 'Planned Retirement')]]"}
RESULT: {"using":"xpath","value":"//label[contains(@class, 'sapMLabelRequired') and .//bdi[contains(text(), 'Planned Retirement')]]"}
COMMAND: POST /session/041ece1bac594130e3a6c3bac6c9d85e/elements - {"using":"xpath","value":"//label[contains(@class, 'sapMLabelRequired') and .//bdi[contains(text(), 'Planned Retirement')]]"}
RESULT: {"using":"xpath","value":"//label[contains(@class, 'sapMLabelRequired') and .//bdi[contains(text(), 'Planned Retirement')]]"}
COMMAND: POST /session/041ece1bac594130e3a6c3bac6c9d85e/element - {"using":"xpath","value":"//button[@data-kt=\"resourceUnitSaveButton\"]"}
RESULT: {"using":"xpath","value":"//button[@data-kt=\"resourceUnitSaveButton\"]"}
COMMAND: POST /session/041ece1bac594130e3a6c3bac6c9d85e/element/f.F1E1A893882E28A71BFE42B112EBC3C6.d.B5809BDAA6B32522FAA797327C2E91E9.e.9085/click - {}
RESULT: {}
COMMAND: GET /session/041ece1bac594130e3a6c3bac6c9d85e/screenshot - {}
RESULT: {}
COMMAND: POST /session/041ece1bac594130e3a6c3bac6c9d85e/element - {"using":"xpath","value":"//bdi[contains(text(), \"Close\")]"}
RESULT: {"using":"xpath","value":"//bdi[contains(text(), \"Close\")]"}
COMMAND: POST /session/041ece1bac594130e3a6c3bac6c9d85e/element/f.F1E1A893882E28A71BFE42B112EBC3C6.d.B5809BDAA6B32522FAA797327C2E91E9.e.9300/click - {}
RESULT: {}
COMMAND: GET /session/041ece1bac594130e3a6c3bac6c9d85e/screenshot - {}
RESULT: {}
COMMAND: POST /session/041ece1bac594130e3a6c3bac6c9d85e/element - {"using":"xpath","value":"(//button[contains(@id ,\"actionsToolbar-overflowButton\")])[1]"}
RESULT: {"using":"xpath","value":"(//button[contains(@id ,\"actionsToolbar-overflowButton\")])[1]"}
COMMAND: POST /session/041ece1bac594130e3a6c3bac6c9d85e/element/f.F1E1A893882E28A71BFE42B112EBC3C6.d.B5809BDAA6B32522FAA797327C2E91E9.e.9335/click - {}
RESULT: {}
COMMAND: GET /session/041ece1bac594130e3a6c3bac6c9d85e/screenshot - {}
RESULT: {}
COMMAND: POST /session/041ece1bac594130e3a6c3bac6c9d85e/element - {"using":"xpath","value":"//button[@data-kt=\"priceInfoButton\"]"}
RESULT: {"using":"xpath","value":"//button[@data-kt=\"priceInfoButton\"]"}
COMMAND: POST /session/041ece1bac594130e3a6c3bac6c9d85e/element/f.F1E1A893882E28A71BFE42B112EBC3C6.d.B5809BDAA6B32522FAA797327C2E91E9.e.9337/click - {}
RESULT: {}
COMMAND: GET /session/041ece1bac594130e3a6c3bac6c9d85e/screenshot - {}
RESULT: {}
]]></system-out>
    </testcase>
    <testcase classname="chrome.137_0_7151_56.windows.Billing_Transfer_-_Intracompany_US127249" name="Should create a pricing procedure" time="60.331">
      <system-out><![CDATA[
COMMAND: POST /session/041ece1bac594130e3a6c3bac6c9d85e/element - {"using":"xpath","value":"//button[@data-kt=\"addButton\"]"}
RESULT: {"using":"xpath","value":"//button[@data-kt=\"addButton\"]"}
COMMAND: POST /session/041ece1bac594130e3a6c3bac6c9d85e/elements - {"using":"xpath","value":"//button[@data-kt=\"addButton\"]"}
RESULT: {"using":"xpath","value":"//button[@data-kt=\"addButton\"]"}
COMMAND: POST /session/041ece1bac594130e3a6c3bac6c9d85e/execute/sync - {"script":"<script> [8489 bytes]","args":[{"element-6066-11e4-a52e-4f735466cecf":"f.F1E1A893882E28A71BFE42B112EBC3C6.d.B5809BDAA6B32522FAA797327C2E91E9.e.9374","ELEMENT":"f.F1E1A893882E28A71BFE42B112EBC3C6.d.B5809BDAA6B32522FAA797327C2E91E9.e.9374"}]}
RESULT: {"script":"<script> [8489 bytes]","args":[{"element-6066-11e4-a52e-4f735466cecf":"f.F1E1A893882E28A71BFE42B112EBC3C6.d.B5809BDAA6B32522FAA797327C2E91E9.e.9374","ELEMENT":"f.F1E1A893882E28A71BFE42B112EBC3C6.d.B5809BDAA6B32522FAA797327C2E91E9.e.9374"}]}
COMMAND: GET /session/041ece1bac594130e3a6c3bac6c9d85e/element/f.F1E1A893882E28A71BFE42B112EBC3C6.d.B5809BDAA6B32522FAA797327C2E91E9.e.9374/enabled - {}
COMMAND: GET /session/041ece1bac594130e3a6c3bac6c9d85e/screenshot - {}
RESULT: {}
COMMAND: POST /session/041ece1bac594130e3a6c3bac6c9d85e/execute/sync - {"script":"<script> [8489 bytes]","args":[{"element-6066-11e4-a52e-4f735466cecf":"f.F1E1A893882E28A71BFE42B112EBC3C6.d.B5809BDAA6B32522FAA797327C2E91E9.e.9374","ELEMENT":"f.F1E1A893882E28A71BFE42B112EBC3C6.d.B5809BDAA6B32522FAA797327C2E91E9.e.9374"}]}
COMMAND: GET /session/041ece1bac594130e3a6c3bac6c9d85e/screenshot - {}
RESULT: {}
RESULT: {"script":"<script> [8489 bytes]","args":[{"element-6066-11e4-a52e-4f735466cecf":"f.F1E1A893882E28A71BFE42B112EBC3C6.d.B5809BDAA6B32522FAA797327C2E91E9.e.9374","ELEMENT":"f.F1E1A893882E28A71BFE42B112EBC3C6.d.B5809BDAA6B32522FAA797327C2E91E9.e.9374"}]}
COMMAND: POST /session/041ece1bac594130e3a6c3bac6c9d85e/execute/sync - {"script":"<script> [5351 bytes]","args":[{"element-6066-11e4-a52e-4f735466cecf":"f.F1E1A893882E28A71BFE42B112EBC3C6.d.B5809BDAA6B32522FAA797327C2E91E9.e.9374","ELEMENT":"f.F1E1A893882E28A71BFE42B112EBC3C6.d.B5809BDAA6B32522FAA797327C2E91E9.e.9374"}]}
COMMAND: GET /session/041ece1bac594130e3a6c3bac6c9d85e/screenshot - {}
RESULT: {}
RESULT: {"script":"<script> [5351 bytes]","args":[{"element-6066-11e4-a52e-4f735466cecf":"f.F1E1A893882E28A71BFE42B112EBC3C6.d.B5809BDAA6B32522FAA797327C2E91E9.e.9374","ELEMENT":"f.F1E1A893882E28A71BFE42B112EBC3C6.d.B5809BDAA6B32522FAA797327C2E91E9.e.9374"}]}
COMMAND: POST /session/041ece1bac594130e3a6c3bac6c9d85e/element/f.F1E1A893882E28A71BFE42B112EBC3C6.d.B5809BDAA6B32522FAA797327C2E91E9.e.9374/click - {}
COMMAND: GET /session/041ece1bac594130e3a6c3bac6c9d85e/screenshot - {}
RESULT: {}
RESULT: {}
COMMAND: GET /session/041ece1bac594130e3a6c3bac6c9d85e/screenshot - {}
RESULT: {}
RESULT: {}
COMMAND: POST /session/041ece1bac594130e3a6c3bac6c9d85e/execute/async - {"script":"<script> [1562 bytes]","args":[{"selector":{"controlType":"sap.m.Title","viewName":"etm.portal.ui.managepricingrules.view.NewItem","viewId":"application-managepricingrules-display-component---newInfoPriceItem","properties":{"text":"New Pricing Rules - Item Level"}},"wdio_ui5_key":"etmportal.ui.managepricingrules.view.NewItemsap.m.Title{\"text\":\"New Pricing Rules - Item Level\"}"}]}
RESULT: {"script":"<script> [1562 bytes]","args":[{"selector":{"controlType":"sap.m.Title","viewName":"etm.portal.ui.managepricingrules.view.NewItem","viewId":"application-managepricingrules-display-component---newInfoPriceItem","properties":{"text":"New Pricing Rules - Item Level"}},"wdio_ui5_key":"etmportal.ui.managepricingrules.view.NewItemsap.m.Title{\"text\":\"New Pricing Rules - Item Level\"}"}]}
RESULT: undefined
COMMAND: POST /session/041ece1bac594130e3a6c3bac6c9d85e/execute/async - {"script":"<script> [6424 bytes]","args":[{"element-6066-11e4-a52e-4f735466cecf":"f.F1E1A893882E28A71BFE42B112EBC3C6.d.B5809BDAA6B32522FAA797327C2E91E9.e.9513"},"getText",[]]}
RESULT: {"script":"<script> [6424 bytes]","args":[{"element-6066-11e4-a52e-4f735466cecf":"f.F1E1A893882E28A71BFE42B112EBC3C6.d.B5809BDAA6B32522FAA797327C2E91E9.e.9513"},"getText",[]]}
COMMAND: POST /session/041ece1bac594130e3a6c3bac6c9d85e/execute/async - {"script":"<script> [1562 bytes]","args":[{"selector":{"id":"application-managepricingrules-display-component---newInfoPriceItem--condValidTo","interaction":{"idSuffix":"inner"}},"wdio_ui5_key":"applicationmanagepricingrules-display-component---newInfoPriceItem--condValidTo"}]}
RESULT: {"script":"<script> [1562 bytes]","args":[{"selector":{"id":"application-managepricingrules-display-component---newInfoPriceItem--condValidTo","interaction":{"idSuffix":"inner"}},"wdio_ui5_key":"applicationmanagepricingrules-display-component---newInfoPriceItem--condValidTo"}]}
RESULT: undefined
COMMAND: POST /session/041ece1bac594130e3a6c3bac6c9d85e/execute/async - {"script":"<script> [776 bytes]","args":[{"enterText":"2/5/26","selector":{"id":"application-managepricingrules-display-component---newInfoPriceItem--condValidTo","interaction":{"idSuffix":"inner"}},"clearTextFirst":true,"interactionType":"ENTER_TEXT"}]}
RESULT: {"script":"<script> [776 bytes]","args":[{"enterText":"2/5/26","selector":{"id":"application-managepricingrules-display-component---newInfoPriceItem--condValidTo","interaction":{"idSuffix":"inner"}},"clearTextFirst":true,"interactionType":"ENTER_TEXT"}]}
COMMAND: POST /session/041ece1bac594130e3a6c3bac6c9d85e/execute/async - {"script":"<script> [1562 bytes]","args":[{"selector":{"id":"application-managepricingrules-display-component---newInfoPriceItem--billType-arrow"},"wdio_ui5_key":"applicationmanagepricingrules-display-component---newInfoPriceItem--billType-arrow"}]}
RESULT: {"script":"<script> [1562 bytes]","args":[{"selector":{"id":"application-managepricingrules-display-component---newInfoPriceItem--billType-arrow"},"wdio_ui5_key":"applicationmanagepricingrules-display-component---newInfoPriceItem--billType-arrow"}]}
RESULT: undefined
COMMAND: POST /session/041ece1bac594130e3a6c3bac6c9d85e/element - {"using":"xpath","value":"//*[@id=\"application-managepricingrules-display-component---newInfoPriceItem--billType-arrow\"]"}
RESULT: {"using":"xpath","value":"//*[@id=\"application-managepricingrules-display-component---newInfoPriceItem--billType-arrow\"]"}
COMMAND: POST /session/041ece1bac594130e3a6c3bac6c9d85e/element/f.F1E1A893882E28A71BFE42B112EBC3C6.d.B5809BDAA6B32522FAA797327C2E91E9.e.9517/click - {}
RESULT: {}
COMMAND: POST /session/041ece1bac594130e3a6c3bac6c9d85e/element - {"using":"xpath","value":"//span[contains(text(), \"TB - Time based\")]"}
COMMAND: GET /session/041ece1bac594130e3a6c3bac6c9d85e/screenshot - {}
RESULT: {"using":"xpath","value":"//span[contains(text(), \"TB - Time based\")]"}
COMMAND: POST /session/041ece1bac594130e3a6c3bac6c9d85e/element/f.F1E1A893882E28A71BFE42B112EBC3C6.d.B5809BDAA6B32522FAA797327C2E91E9.e.9518/click - {}
RESULT: {}
RESULT: {}
COMMAND: POST /session/041ece1bac594130e3a6c3bac6c9d85e/execute/async - {"script":"<script> [1562 bytes]","args":[{"selector":{"id":"application-managepricingrules-display-component---newInfoPriceItem--priceProc-arrow"},"wdio_ui5_key":"applicationmanagepricingrules-display-component---newInfoPriceItem--priceProc-arrow"}]}
COMMAND: GET /session/041ece1bac594130e3a6c3bac6c9d85e/screenshot - {}
RESULT: {"script":"<script> [1562 bytes]","args":[{"selector":{"id":"application-managepricingrules-display-component---newInfoPriceItem--priceProc-arrow"},"wdio_ui5_key":"applicationmanagepricingrules-display-component---newInfoPriceItem--priceProc-arrow"}]}
RESULT: undefined
COMMAND: POST /session/041ece1bac594130e3a6c3bac6c9d85e/element - {"using":"xpath","value":"//*[@id=\"application-managepricingrules-display-component---newInfoPriceItem--priceProc-arrow\"]"}
RESULT: {}
RESULT: {"using":"xpath","value":"//*[@id=\"application-managepricingrules-display-component---newInfoPriceItem--priceProc-arrow\"]"}
COMMAND: POST /session/041ece1bac594130e3a6c3bac6c9d85e/element/f.F1E1A893882E28A71BFE42B112EBC3C6.d.B5809BDAA6B32522FAA797327C2E91E9.e.9519/click - {}
RESULT: {}
COMMAND: POST /session/041ece1bac594130e3a6c3bac6c9d85e/element - {"using":"xpath","value":"//span[contains(text(), \"TBS - Time based standard\")]"}
COMMAND: GET /session/041ece1bac594130e3a6c3bac6c9d85e/screenshot - {}
RESULT: {"using":"xpath","value":"//span[contains(text(), \"TBS - Time based standard\")]"}
COMMAND: POST /session/041ece1bac594130e3a6c3bac6c9d85e/element/f.F1E1A893882E28A71BFE42B112EBC3C6.d.B5809BDAA6B32522FAA797327C2E91E9.e.9520/click - {}
RESULT: {}
RESULT: {}
COMMAND: POST /session/041ece1bac594130e3a6c3bac6c9d85e/execute/async - {"script":"<script> [1562 bytes]","args":[{"selector":{"id":"application-managepricingrules-display-component---newInfoPriceItem--calcBase-arrow"},"wdio_ui5_key":"applicationmanagepricingrules-display-component---newInfoPriceItem--calcBase-arrow"}]}
COMMAND: GET /session/041ece1bac594130e3a6c3bac6c9d85e/screenshot - {}
RESULT: {"script":"<script> [1562 bytes]","args":[{"selector":{"id":"application-managepricingrules-display-component---newInfoPriceItem--calcBase-arrow"},"wdio_ui5_key":"applicationmanagepricingrules-display-component---newInfoPriceItem--calcBase-arrow"}]}
RESULT: undefined
COMMAND: POST /session/041ece1bac594130e3a6c3bac6c9d85e/element - {"using":"xpath","value":"//*[@id=\"application-managepricingrules-display-component---newInfoPriceItem--calcBase-arrow\"]"}
RESULT: {}
RESULT: {"using":"xpath","value":"//*[@id=\"application-managepricingrules-display-component---newInfoPriceItem--calcBase-arrow\"]"}
COMMAND: POST /session/041ece1bac594130e3a6c3bac6c9d85e/element/f.F1E1A893882E28A71BFE42B112EBC3C6.d.B5809BDAA6B32522FAA797327C2E91E9.e.9489/click - {}
RESULT: {}
COMMAND: GET /session/041ece1bac594130e3a6c3bac6c9d85e/screenshot - {}
RESULT: {}
COMMAND: POST /session/041ece1bac594130e3a6c3bac6c9d85e/element - {"using":"xpath","value":"//span[contains(text(), \"0006 - TB(calendar days)\")]"}
RESULT: {"using":"xpath","value":"//span[contains(text(), \"0006 - TB(calendar days)\")]"}
COMMAND: POST /session/041ece1bac594130e3a6c3bac6c9d85e/element/f.F1E1A893882E28A71BFE42B112EBC3C6.d.B5809BDAA6B32522FAA797327C2E91E9.e.9521/click - {}
RESULT: {}
COMMAND: GET /session/041ece1bac594130e3a6c3bac6c9d85e/screenshot - {}
RESULT: {}
COMMAND: POST /session/041ece1bac594130e3a6c3bac6c9d85e/execute/async - {"script":"<script> [1562 bytes]","args":[{"selector":{"id":"application-managepricingrules-display-component---newInfoPriceItem--daysMonth","interaction":{"idSuffix":"inner"}},"wdio_ui5_key":"applicationmanagepricingrules-display-component---newInfoPriceItem--daysMonth"}]}
RESULT: {"script":"<script> [1562 bytes]","args":[{"selector":{"id":"application-managepricingrules-display-component---newInfoPriceItem--daysMonth","interaction":{"idSuffix":"inner"}},"wdio_ui5_key":"applicationmanagepricingrules-display-component---newInfoPriceItem--daysMonth"}]}
RESULT: undefined
COMMAND: POST /session/041ece1bac594130e3a6c3bac6c9d85e/execute/async - {"script":"<script> [776 bytes]","args":[{"enterText":"30","selector":{"id":"application-managepricingrules-display-component---newInfoPriceItem--daysMonth","interaction":{"idSuffix":"inner"}},"clearTextFirst":true,"interactionType":"ENTER_TEXT"}]}
RESULT: {"script":"<script> [776 bytes]","args":[{"enterText":"30","selector":{"id":"application-managepricingrules-display-component---newInfoPriceItem--daysMonth","interaction":{"idSuffix":"inner"}},"clearTextFirst":true,"interactionType":"ENTER_TEXT"}]}
COMMAND: POST /session/041ece1bac594130e3a6c3bac6c9d85e/element - {"using":"xpath","value":"//button[@data-kt=\"saveNewRuleButton\"]"}
RESULT: {"using":"xpath","value":"//button[@data-kt=\"saveNewRuleButton\"]"}
COMMAND: POST /session/041ece1bac594130e3a6c3bac6c9d85e/element/f.F1E1A893882E28A71BFE42B112EBC3C6.d.B5809BDAA6B32522FAA797327C2E91E9.e.9504/click - {}
RESULT: {}
COMMAND: GET /session/041ece1bac594130e3a6c3bac6c9d85e/screenshot - {}
RESULT: {}
COMMAND: POST /session/041ece1bac594130e3a6c3bac6c9d85e/execute/async - {"script":"<script> [1562 bytes]","args":[{"selector":{"id":"application-managepricingrules-display-component---priceInfoItem--smartFilterBar-btnBasicSearch","interaction":{"idSuffix":"I"}},"wdio_ui5_key":"applicationmanagepricingrules-display-component---priceInfoItem--smartFilterBar-btnBasicSearch"}]}
RESULT: {"script":"<script> [1562 bytes]","args":[{"selector":{"id":"application-managepricingrules-display-component---priceInfoItem--smartFilterBar-btnBasicSearch","interaction":{"idSuffix":"I"}},"wdio_ui5_key":"applicationmanagepricingrules-display-component---priceInfoItem--smartFilterBar-btnBasicSearch"}]}
RESULT: undefined
COMMAND: POST /session/041ece1bac594130e3a6c3bac6c9d85e/execute/async - {"script":"<script> [776 bytes]","args":[{"enterText":"Vb3kenil37","selector":{"id":"application-managepricingrules-display-component---priceInfoItem--smartFilterBar-btnBasicSearch","interaction":{"idSuffix":"I"}},"clearTextFirst":true,"interactionType":"ENTER_TEXT"}]}
RESULT: {"script":"<script> [776 bytes]","args":[{"enterText":"Vb3kenil37","selector":{"id":"application-managepricingrules-display-component---priceInfoItem--smartFilterBar-btnBasicSearch","interaction":{"idSuffix":"I"}},"clearTextFirst":true,"interactionType":"ENTER_TEXT"}]}
COMMAND: POST /session/041ece1bac594130e3a6c3bac6c9d85e/actions - {"actions":[{"id":"action29","type":"key","parameters":{},"actions":[{"type":"keyDown","value":"î€‡"},{"type":"pause","duration":10},{"type":"keyUp","value":"î€‡"}]}]}
RESULT: {"actions":[{"id":"action29","type":"key","parameters":{},"actions":[{"type":"keyDown","value":"î€‡"},{"type":"pause","duration":10},{"type":"keyUp","value":"î€‡"}]}]}
COMMAND: GET /session/041ece1bac594130e3a6c3bac6c9d85e/screenshot - {}
RESULT: {}
COMMAND: POST /session/041ece1bac594130e3a6c3bac6c9d85e/element - {"using":"xpath","value":"//span[@id=\"application-managepricingrules-display-component---priceInfoItem--smartTable-header-inner\"]"}
RESULT: {"using":"xpath","value":"//span[@id=\"application-managepricingrules-display-component---priceInfoItem--smartTable-header-inner\"]"}
COMMAND: POST /session/041ece1bac594130e3a6c3bac6c9d85e/elements - {"using":"xpath","value":"//span[@id=\"application-managepricingrules-display-component---priceInfoItem--smartTable-header-inner\"]"}
RESULT: {"using":"xpath","value":"//span[@id=\"application-managepricingrules-display-component---priceInfoItem--smartTable-header-inner\"]"}
COMMAND: POST /session/041ece1bac594130e3a6c3bac6c9d85e/execute/sync - {"script":"<script> [56 bytes]","args":[{"element-6066-11e4-a52e-4f735466cecf":"f.F1E1A893882E28A71BFE42B112EBC3C6.d.B5809BDAA6B32522FAA797327C2E91E9.e.9546","ELEMENT":"f.F1E1A893882E28A71BFE42B112EBC3C6.d.B5809BDAA6B32522FAA797327C2E91E9.e.9546"}]}
RESULT: {"script":"<script> [56 bytes]","args":[{"element-6066-11e4-a52e-4f735466cecf":"f.F1E1A893882E28A71BFE42B112EBC3C6.d.B5809BDAA6B32522FAA797327C2E91E9.e.9546","ELEMENT":"f.F1E1A893882E28A71BFE42B112EBC3C6.d.B5809BDAA6B32522FAA797327C2E91E9.e.9546"}]}
COMMAND: POST /session/041ece1bac594130e3a6c3bac6c9d85e/element - {"using":"css selector","value":"#shell-header-logo"}
COMMAND: GET /session/041ece1bac594130e3a6c3bac6c9d85e/screenshot - {}
RESULT: {"using":"css selector","value":"#shell-header-logo"}
COMMAND: POST /session/041ece1bac594130e3a6c3bac6c9d85e/element/f.F1E1A893882E28A71BFE42B112EBC3C6.d.B5809BDAA6B32522FAA797327C2E91E9.e.8686/click - {}
RESULT: {}
RESULT: {}
COMMAND: GET /session/041ece1bac594130e3a6c3bac6c9d85e/screenshot - {}
RESULT: {}
]]></system-out>
    </testcase>
    <testcase classname="chrome.137_0_7151_56.windows.Billing_Transfer_-_Intracompany_US127249" name="Should manage conditions" time="70.78">
      <system-out><![CDATA[
COMMAND: POST /session/041ece1bac594130e3a6c3bac6c9d85e/execute/async - {"script":"<script> [1562 bytes]","args":[{"selector":{"controlType":"sap.m.GenericTile","properties":{"header":"Manage Conditions & Prices"}},"wdio_ui5_key":"sapm.GenericTile{\"header\":\"Manage Conditions & Prices\"}"}]}
RESULT: {"script":"<script> [1562 bytes]","args":[{"selector":{"controlType":"sap.m.GenericTile","properties":{"header":"Manage Conditions & Prices"}},"wdio_ui5_key":"sapm.GenericTile{\"header\":\"Manage Conditions & Prices\"}"}]}
RESULT: undefined
COMMAND: POST /session/041ece1bac594130e3a6c3bac6c9d85e/element - {"using":"xpath","value":"//*[@id=\"__tile53\"]"}
RESULT: {"using":"xpath","value":"//*[@id=\"__tile53\"]"}
COMMAND: POST /session/041ece1bac594130e3a6c3bac6c9d85e/element/f.F1E1A893882E28A71BFE42B112EBC3C6.d.B5809BDAA6B32522FAA797327C2E91E9.e.6390/click - {}
RESULT: {}
COMMAND: GET /session/041ece1bac594130e3a6c3bac6c9d85e/screenshot - {}
RESULT: {}
COMMAND: POST /session/041ece1bac594130e3a6c3bac6c9d85e/elements - {"using":"xpath","value":"//span[text()='Error']"}
RESULT: {"using":"xpath","value":"//span[text()='Error']"}
COMMAND: POST /session/041ece1bac594130e3a6c3bac6c9d85e/element - {"using":"xpath","value":"//button[@aria-label=\"Create\"]"}
RESULT: {"using":"xpath","value":"//button[@aria-label=\"Create\"]"}
COMMAND: POST /session/041ece1bac594130e3a6c3bac6c9d85e/elements - {"using":"xpath","value":"//button[@aria-label=\"Create\"]"}
RESULT: {"using":"xpath","value":"//button[@aria-label=\"Create\"]"}
COMMAND: POST /session/041ece1bac594130e3a6c3bac6c9d85e/execute/sync - {"script":"<script> [8489 bytes]","args":[{"element-6066-11e4-a52e-4f735466cecf":"f.F1E1A893882E28A71BFE42B112EBC3C6.d.B5809BDAA6B32522FAA797327C2E91E9.e.9577","ELEMENT":"f.F1E1A893882E28A71BFE42B112EBC3C6.d.B5809BDAA6B32522FAA797327C2E91E9.e.9577"}]}
RESULT: {"script":"<script> [8489 bytes]","args":[{"element-6066-11e4-a52e-4f735466cecf":"f.F1E1A893882E28A71BFE42B112EBC3C6.d.B5809BDAA6B32522FAA797327C2E91E9.e.9577","ELEMENT":"f.F1E1A893882E28A71BFE42B112EBC3C6.d.B5809BDAA6B32522FAA797327C2E91E9.e.9577"}]}
COMMAND: GET /session/041ece1bac594130e3a6c3bac6c9d85e/element/f.F1E1A893882E28A71BFE42B112EBC3C6.d.B5809BDAA6B32522FAA797327C2E91E9.e.9577/enabled - {}
COMMAND: GET /session/041ece1bac594130e3a6c3bac6c9d85e/screenshot - {}
RESULT: {}
COMMAND: POST /session/041ece1bac594130e3a6c3bac6c9d85e/execute/sync - {"script":"<script> [8489 bytes]","args":[{"element-6066-11e4-a52e-4f735466cecf":"f.F1E1A893882E28A71BFE42B112EBC3C6.d.B5809BDAA6B32522FAA797327C2E91E9.e.9577","ELEMENT":"f.F1E1A893882E28A71BFE42B112EBC3C6.d.B5809BDAA6B32522FAA797327C2E91E9.e.9577"}]}
COMMAND: GET /session/041ece1bac594130e3a6c3bac6c9d85e/screenshot - {}
RESULT: {}
RESULT: {"script":"<script> [8489 bytes]","args":[{"element-6066-11e4-a52e-4f735466cecf":"f.F1E1A893882E28A71BFE42B112EBC3C6.d.B5809BDAA6B32522FAA797327C2E91E9.e.9577","ELEMENT":"f.F1E1A893882E28A71BFE42B112EBC3C6.d.B5809BDAA6B32522FAA797327C2E91E9.e.9577"}]}
COMMAND: POST /session/041ece1bac594130e3a6c3bac6c9d85e/execute/sync - {"script":"<script> [5351 bytes]","args":[{"element-6066-11e4-a52e-4f735466cecf":"f.F1E1A893882E28A71BFE42B112EBC3C6.d.B5809BDAA6B32522FAA797327C2E91E9.e.9577","ELEMENT":"f.F1E1A893882E28A71BFE42B112EBC3C6.d.B5809BDAA6B32522FAA797327C2E91E9.e.9577"}]}
COMMAND: GET /session/041ece1bac594130e3a6c3bac6c9d85e/screenshot - {}
RESULT: {}
RESULT: {"script":"<script> [5351 bytes]","args":[{"element-6066-11e4-a52e-4f735466cecf":"f.F1E1A893882E28A71BFE42B112EBC3C6.d.B5809BDAA6B32522FAA797327C2E91E9.e.9577","ELEMENT":"f.F1E1A893882E28A71BFE42B112EBC3C6.d.B5809BDAA6B32522FAA797327C2E91E9.e.9577"}]}
COMMAND: POST /session/041ece1bac594130e3a6c3bac6c9d85e/element/f.F1E1A893882E28A71BFE42B112EBC3C6.d.B5809BDAA6B32522FAA797327C2E91E9.e.9577/click - {}
COMMAND: GET /session/041ece1bac594130e3a6c3bac6c9d85e/screenshot - {}
RESULT: {}
RESULT: {}
COMMAND: GET /session/041ece1bac594130e3a6c3bac6c9d85e/screenshot - {}
RESULT: {}
RESULT: {}
COMMAND: POST /session/041ece1bac594130e3a6c3bac6c9d85e/actions - {"actions":[{"id":"action30","type":"key","parameters":{},"actions":[{"type":"keyDown","value":"î€‡"},{"type":"pause","duration":10},{"type":"keyUp","value":"î€‡"}]}]}
RESULT: {"actions":[{"id":"action30","type":"key","parameters":{},"actions":[{"type":"keyDown","value":"î€‡"},{"type":"pause","duration":10},{"type":"keyUp","value":"î€‡"}]}]}
COMMAND: GET /session/041ece1bac594130e3a6c3bac6c9d85e/screenshot - {}
RESULT: {}
COMMAND: POST /session/041ece1bac594130e3a6c3bac6c9d85e/execute/async - {"script":"<script> [1562 bytes]","args":[{"selector":{"id":"application-manageconditionprice-display-component---newCondition--condBillCond-arrow"},"wdio_ui5_key":"applicationmanageconditionprice-display-component---newCondition--condBillCond-arrow"}]}
RESULT: {"script":"<script> [1562 bytes]","args":[{"selector":{"id":"application-manageconditionprice-display-component---newCondition--condBillCond-arrow"},"wdio_ui5_key":"applicationmanageconditionprice-display-component---newCondition--condBillCond-arrow"}]}
RESULT: undefined
COMMAND: POST /session/041ece1bac594130e3a6c3bac6c9d85e/element - {"using":"xpath","value":"//*[@id=\"application-manageconditionprice-display-component---newCondition--condBillCond-arrow\"]"}
RESULT: {"using":"xpath","value":"//*[@id=\"application-manageconditionprice-display-component---newCondition--condBillCond-arrow\"]"}
COMMAND: POST /session/041ece1bac594130e3a6c3bac6c9d85e/element/f.F1E1A893882E28A71BFE42B112EBC3C6.d.B5809BDAA6B32522FAA797327C2E91E9.e.9766/click - {}
RESULT: {}
COMMAND: GET /session/041ece1bac594130e3a6c3bac6c9d85e/screenshot - {}
RESULT: {}
COMMAND: POST /session/041ece1bac594130e3a6c3bac6c9d85e/element - {"using":"xpath","value":"//li[.//span[contains(text(), \"DISP - D&I special price\")]]"}
RESULT: {"using":"xpath","value":"//li[.//span[contains(text(), \"DISP - D&I special price\")]]"}
COMMAND: POST /session/041ece1bac594130e3a6c3bac6c9d85e/element/f.F1E1A893882E28A71BFE42B112EBC3C6.d.B5809BDAA6B32522FAA797327C2E91E9.e.9769/click - {}
RESULT: {}
COMMAND: GET /session/041ece1bac594130e3a6c3bac6c9d85e/screenshot - {}
RESULT: {}
COMMAND: POST /session/041ece1bac594130e3a6c3bac6c9d85e/execute/async - {"script":"<script> [1562 bytes]","args":[{"selector":{"id":"application-manageconditionprice-display-component---newCondition--condValidTo","interaction":{"idSuffix":"inner"}},"wdio_ui5_key":"applicationmanageconditionprice-display-component---newCondition--condValidTo"}]}
RESULT: {"script":"<script> [1562 bytes]","args":[{"selector":{"id":"application-manageconditionprice-display-component---newCondition--condValidTo","interaction":{"idSuffix":"inner"}},"wdio_ui5_key":"applicationmanageconditionprice-display-component---newCondition--condValidTo"}]}
RESULT: undefined
COMMAND: POST /session/041ece1bac594130e3a6c3bac6c9d85e/execute/async - {"script":"<script> [776 bytes]","args":[{"enterText":"2/5/26","selector":{"id":"application-manageconditionprice-display-component---newCondition--condValidTo","interaction":{"idSuffix":"inner"}},"clearTextFirst":true,"interactionType":"ENTER_TEXT"}]}
RESULT: {"script":"<script> [776 bytes]","args":[{"enterText":"2/5/26","selector":{"id":"application-manageconditionprice-display-component---newCondition--condValidTo","interaction":{"idSuffix":"inner"}},"clearTextFirst":true,"interactionType":"ENTER_TEXT"}]}
COMMAND: POST /session/041ece1bac594130e3a6c3bac6c9d85e/element - {"using":"xpath","value":"//input[@id=\"application-manageconditionprice-display-component---newCondition--condRU-inner\"]"}
RESULT: {"using":"xpath","value":"//input[@id=\"application-manageconditionprice-display-component---newCondition--condRU-inner\"]"}
COMMAND: POST /session/041ece1bac594130e3a6c3bac6c9d85e/element/f.F1E1A893882E28A71BFE42B112EBC3C6.d.B5809BDAA6B32522FAA797327C2E91E9.e.9633/clear - {}
RESULT: {}
COMMAND: POST /session/041ece1bac594130e3a6c3bac6c9d85e/element/f.F1E1A893882E28A71BFE42B112EBC3C6.d.B5809BDAA6B32522FAA797327C2E91E9.e.9633/value - {"text":"Vb3kenil37"}
COMMAND: GET /session/041ece1bac594130e3a6c3bac6c9d85e/screenshot - {}
RESULT: {"text":"Vb3kenil37"}
COMMAND: GET /session/041ece1bac594130e3a6c3bac6c9d85e/screenshot - {}
RESULT: {}
RESULT: {}
COMMAND: POST /session/041ece1bac594130e3a6c3bac6c9d85e/actions - {"actions":[{"id":"action31","type":"key","parameters":{},"actions":[{"type":"keyDown","value":"î€‡"},{"type":"pause","duration":10},{"type":"keyUp","value":"î€‡"}]}]}
RESULT: {"actions":[{"id":"action31","type":"key","parameters":{},"actions":[{"type":"keyDown","value":"î€‡"},{"type":"pause","duration":10},{"type":"keyUp","value":"î€‡"}]}]}
COMMAND: POST /session/041ece1bac594130e3a6c3bac6c9d85e/execute/async - {"script":"<script> [1562 bytes]","args":[{"selector":{"id":"application-manageconditionprice-display-component---newCondition--condBaseQty","interaction":{"idSuffix":"inner"}},"wdio_ui5_key":"applicationmanageconditionprice-display-component---newCondition--condBaseQty"}]}
COMMAND: GET /session/041ece1bac594130e3a6c3bac6c9d85e/screenshot - {}
RESULT: {"script":"<script> [1562 bytes]","args":[{"selector":{"id":"application-manageconditionprice-display-component---newCondition--condBaseQty","interaction":{"idSuffix":"inner"}},"wdio_ui5_key":"applicationmanageconditionprice-display-component---newCondition--condBaseQty"}]}
RESULT: undefined
COMMAND: POST /session/041ece1bac594130e3a6c3bac6c9d85e/execute/async - {"script":"<script> [776 bytes]","args":[{"enterText":"1","selector":{"id":"application-manageconditionprice-display-component---newCondition--condBaseQty","interaction":{"idSuffix":"inner"}},"clearTextFirst":true,"interactionType":"ENTER_TEXT"}]}
RESULT: {}
RESULT: {"script":"<script> [776 bytes]","args":[{"enterText":"1","selector":{"id":"application-manageconditionprice-display-component---newCondition--condBaseQty","interaction":{"idSuffix":"inner"}},"clearTextFirst":true,"interactionType":"ENTER_TEXT"}]}
COMMAND: POST /session/041ece1bac594130e3a6c3bac6c9d85e/execute/async - {"script":"<script> [1562 bytes]","args":[{"selector":{"id":"application-manageconditionprice-display-component---newCondition--condValue","interaction":{"idSuffix":"inner"}},"wdio_ui5_key":"applicationmanageconditionprice-display-component---newCondition--condValue"}]}
RESULT: {"script":"<script> [1562 bytes]","args":[{"selector":{"id":"application-manageconditionprice-display-component---newCondition--condValue","interaction":{"idSuffix":"inner"}},"wdio_ui5_key":"applicationmanageconditionprice-display-component---newCondition--condValue"}]}
RESULT: undefined
COMMAND: POST /session/041ece1bac594130e3a6c3bac6c9d85e/execute/async - {"script":"<script> [776 bytes]","args":[{"enterText":"200","selector":{"id":"application-manageconditionprice-display-component---newCondition--condValue","interaction":{"idSuffix":"inner"}},"clearTextFirst":true,"interactionType":"ENTER_TEXT"}]}
RESULT: {"script":"<script> [776 bytes]","args":[{"enterText":"200","selector":{"id":"application-manageconditionprice-display-component---newCondition--condValue","interaction":{"idSuffix":"inner"}},"clearTextFirst":true,"interactionType":"ENTER_TEXT"}]}
COMMAND: POST /session/041ece1bac594130e3a6c3bac6c9d85e/execute/async - {"script":"<script> [1562 bytes]","args":[{"selector":{"id":"application-manageconditionprice-display-component---newCondition--condCurr-arrow"},"wdio_ui5_key":"applicationmanageconditionprice-display-component---newCondition--condCurr-arrow"}]}
RESULT: {"script":"<script> [1562 bytes]","args":[{"selector":{"id":"application-manageconditionprice-display-component---newCondition--condCurr-arrow"},"wdio_ui5_key":"applicationmanageconditionprice-display-component---newCondition--condCurr-arrow"}]}
RESULT: undefined
COMMAND: POST /session/041ece1bac594130e3a6c3bac6c9d85e/element - {"using":"xpath","value":"//*[@id=\"application-manageconditionprice-display-component---newCondition--condCurr-arrow\"]"}
RESULT: {"using":"xpath","value":"//*[@id=\"application-manageconditionprice-display-component---newCondition--condCurr-arrow\"]"}
COMMAND: POST /session/041ece1bac594130e3a6c3bac6c9d85e/element/f.F1E1A893882E28A71BFE42B112EBC3C6.d.B5809BDAA6B32522FAA797327C2E91E9.e.9734/click - {}
RESULT: {}
COMMAND: POST /session/041ece1bac594130e3a6c3bac6c9d85e/element - {"using":"xpath","value":"//span[contains(text(), \"Euro\")]"}
COMMAND: GET /session/041ece1bac594130e3a6c3bac6c9d85e/screenshot - {}
RESULT: {"using":"xpath","value":"//span[contains(text(), \"Euro\")]"}
COMMAND: POST /session/041ece1bac594130e3a6c3bac6c9d85e/element/f.F1E1A893882E28A71BFE42B112EBC3C6.d.B5809BDAA6B32522FAA797327C2E91E9.e.9806/click - {}
RESULT: {}
RESULT: {}
COMMAND: POST /session/041ece1bac594130e3a6c3bac6c9d85e/element - {"using":"xpath","value":"//button[@data-kt=\"saveButton\"]"}
COMMAND: GET /session/041ece1bac594130e3a6c3bac6c9d85e/screenshot - {}
RESULT: {"using":"xpath","value":"//button[@data-kt=\"saveButton\"]"}
COMMAND: POST /session/041ece1bac594130e3a6c3bac6c9d85e/element/f.F1E1A893882E28A71BFE42B112EBC3C6.d.B5809BDAA6B32522FAA797327C2E91E9.e.9735/click - {}
RESULT: {}
RESULT: {}
COMMAND: GET /session/041ece1bac594130e3a6c3bac6c9d85e/screenshot - {}
RESULT: {}
COMMAND: POST /session/041ece1bac594130e3a6c3bac6c9d85e/execute/async - {"script":"<script> [1562 bytes]","args":[{"selector":{"id":"application-manageconditionprice-display-component---conditions--smartFilterBar-btnBasicSearch","interaction":{"idSuffix":"I"}},"wdio_ui5_key":"applicationmanageconditionprice-display-component---conditions--smartFilterBar-btnBasicSearch"}]}
RESULT: {"script":"<script> [1562 bytes]","args":[{"selector":{"id":"application-manageconditionprice-display-component---conditions--smartFilterBar-btnBasicSearch","interaction":{"idSuffix":"I"}},"wdio_ui5_key":"applicationmanageconditionprice-display-component---conditions--smartFilterBar-btnBasicSearch"}]}
RESULT: undefined
COMMAND: POST /session/041ece1bac594130e3a6c3bac6c9d85e/execute/async - {"script":"<script> [776 bytes]","args":[{"enterText":"Vb3kenil37","selector":{"id":"application-manageconditionprice-display-component---conditions--smartFilterBar-btnBasicSearch","interaction":{"idSuffix":"I"}},"clearTextFirst":true,"interactionType":"ENTER_TEXT"}]}
RESULT: {"script":"<script> [776 bytes]","args":[{"enterText":"Vb3kenil37","selector":{"id":"application-manageconditionprice-display-component---conditions--smartFilterBar-btnBasicSearch","interaction":{"idSuffix":"I"}},"clearTextFirst":true,"interactionType":"ENTER_TEXT"}]}
COMMAND: POST /session/041ece1bac594130e3a6c3bac6c9d85e/actions - {"actions":[{"id":"action32","type":"key","parameters":{},"actions":[{"type":"keyDown","value":"î€‡"},{"type":"pause","duration":10},{"type":"keyUp","value":"î€‡"}]}]}
RESULT: {"actions":[{"id":"action32","type":"key","parameters":{},"actions":[{"type":"keyDown","value":"î€‡"},{"type":"pause","duration":10},{"type":"keyUp","value":"î€‡"}]}]}
COMMAND: GET /session/041ece1bac594130e3a6c3bac6c9d85e/screenshot - {}
RESULT: {}
COMMAND: POST /session/041ece1bac594130e3a6c3bac6c9d85e/execute/async - {"script":"<script> [1562 bytes]","args":[{"selector":{"id":"application-manageconditionprice-display-component---conditions--smartFilterBar-filterItemControl_BASIC-BILL_TYPES-vhi"},"wdio_ui5_key":"applicationmanageconditionprice-display-component---conditions--smartFilterBar-filterItemControl_BASIC-BILL_TYPES-vhi"}]}
RESULT: {"script":"<script> [1562 bytes]","args":[{"selector":{"id":"application-manageconditionprice-display-component---conditions--smartFilterBar-filterItemControl_BASIC-BILL_TYPES-vhi"},"wdio_ui5_key":"applicationmanageconditionprice-display-component---conditions--smartFilterBar-filterItemControl_BASIC-BILL_TYPES-vhi"}]}
RESULT: undefined
COMMAND: POST /session/041ece1bac594130e3a6c3bac6c9d85e/element - {"using":"xpath","value":"//*[@id=\"application-manageconditionprice-display-component---conditions--smartFilterBar-filterItemControl_BASIC-BILL_TYPES-vhi\"]"}
RESULT: {"using":"xpath","value":"//*[@id=\"application-manageconditionprice-display-component---conditions--smartFilterBar-filterItemControl_BASIC-BILL_TYPES-vhi\"]"}
COMMAND: POST /session/041ece1bac594130e3a6c3bac6c9d85e/element/f.F1E1A893882E28A71BFE42B112EBC3C6.d.B5809BDAA6B32522FAA797327C2E91E9.e.9912/click - {}
RESULT: {}
COMMAND: POST /session/041ece1bac594130e3a6c3bac6c9d85e/execute/async - {"script":"<script> [1562 bytes]","args":[{"selector":{"id":"application-manageconditionprice-display-component---conditions--smartFilterBar-filterItemControl_BASIC-BILL_TYPES-valueHelpDialog-smartFilterBar-btnBasicSearch","searchOpenDialogs":true,"interaction":{"idSuffix":"I"}},"wdio_ui5_key":"applicationmanageconditionprice-display-component---conditions--smartFilterBar-filterItemControl_BASIC-BILL_TYPES-valueHelpDialog-smartFilterBar-btnBasicSearch"}]}
COMMAND: GET /session/041ece1bac594130e3a6c3bac6c9d85e/screenshot - {}
RESULT: {"script":"<script> [1562 bytes]","args":[{"selector":{"id":"application-manageconditionprice-display-component---conditions--smartFilterBar-filterItemControl_BASIC-BILL_TYPES-valueHelpDialog-smartFilterBar-btnBasicSearch","searchOpenDialogs":true,"interaction":{"idSuffix":"I"}},"wdio_ui5_key":"applicationmanageconditionprice-display-component---conditions--smartFilterBar-filterItemControl_BASIC-BILL_TYPES-valueHelpDialog-smartFilterBar-btnBasicSearch"}]}
RESULT: undefined
COMMAND: POST /session/041ece1bac594130e3a6c3bac6c9d85e/execute/async - {"script":"<script> [776 bytes]","args":[{"enterText":"TB","selector":{"id":"application-manageconditionprice-display-component---conditions--smartFilterBar-filterItemControl_BASIC-BILL_TYPES-valueHelpDialog-smartFilterBar-btnBasicSearch","searchOpenDialogs":true,"interaction":{"idSuffix":"I"}},"clearTextFirst":true,"interactionType":"ENTER_TEXT"}]}
RESULT: {}
RESULT: {"script":"<script> [776 bytes]","args":[{"enterText":"TB","selector":{"id":"application-manageconditionprice-display-component---conditions--smartFilterBar-filterItemControl_BASIC-BILL_TYPES-valueHelpDialog-smartFilterBar-btnBasicSearch","searchOpenDialogs":true,"interaction":{"idSuffix":"I"}},"clearTextFirst":true,"interactionType":"ENTER_TEXT"}]}
COMMAND: POST /session/041ece1bac594130e3a6c3bac6c9d85e/actions - {"actions":[{"id":"action33","type":"key","parameters":{},"actions":[{"type":"keyDown","value":"î€‡"},{"type":"pause","duration":10},{"type":"keyUp","value":"î€‡"}]}]}
RESULT: {"actions":[{"id":"action33","type":"key","parameters":{},"actions":[{"type":"keyDown","value":"î€‡"},{"type":"pause","duration":10},{"type":"keyUp","value":"î€‡"}]}]}
COMMAND: GET /session/041ece1bac594130e3a6c3bac6c9d85e/screenshot - {}
RESULT: {}
COMMAND: POST /session/041ece1bac594130e3a6c3bac6c9d85e/element - {"using":"xpath","value":"//div[contains(@id, 'application-manageconditionprice-display-component---conditions--smartFilterBar-filterItemControl_BASIC-BILL_TYPES-valueHelpDialog-table-rowsel0')]"}
RESULT: {"using":"xpath","value":"//div[contains(@id, 'application-manageconditionprice-display-component---conditions--smartFilterBar-filterItemControl_BASIC-BILL_TYPES-valueHelpDialog-table-rowsel0')]"}
COMMAND: POST /session/041ece1bac594130e3a6c3bac6c9d85e/element/f.F1E1A893882E28A71BFE42B112EBC3C6.d.B5809BDAA6B32522FAA797327C2E91E9.e.9921/click - {}
RESULT: {}
COMMAND: GET /session/041ece1bac594130e3a6c3bac6c9d85e/screenshot - {}
RESULT: {}
COMMAND: POST /session/041ece1bac594130e3a6c3bac6c9d85e/element - {"using":"xpath","value":"//bdi[contains(text(), \"OK\")]"}
RESULT: {"using":"xpath","value":"//bdi[contains(text(), \"OK\")]"}
COMMAND: POST /session/041ece1bac594130e3a6c3bac6c9d85e/element/f.F1E1A893882E28A71BFE42B112EBC3C6.d.B5809BDAA6B32522FAA797327C2E91E9.e.9923/click - {}
RESULT: {}
COMMAND: GET /session/041ece1bac594130e3a6c3bac6c9d85e/screenshot - {}
RESULT: {}
COMMAND: POST /session/041ece1bac594130e3a6c3bac6c9d85e/element - {"using":"xpath","value":"//span[@id=\"application-manageconditionprice-display-component---conditions--smartTable-header-inner\"]"}
RESULT: {"using":"xpath","value":"//span[@id=\"application-manageconditionprice-display-component---conditions--smartTable-header-inner\"]"}
COMMAND: POST /session/041ece1bac594130e3a6c3bac6c9d85e/elements - {"using":"xpath","value":"//span[@id=\"application-manageconditionprice-display-component---conditions--smartTable-header-inner\"]"}
RESULT: {"using":"xpath","value":"//span[@id=\"application-manageconditionprice-display-component---conditions--smartTable-header-inner\"]"}
COMMAND: POST /session/041ece1bac594130e3a6c3bac6c9d85e/execute/sync - {"script":"<script> [56 bytes]","args":[{"element-6066-11e4-a52e-4f735466cecf":"f.F1E1A893882E28A71BFE42B112EBC3C6.d.B5809BDAA6B32522FAA797327C2E91E9.e.9926","ELEMENT":"f.F1E1A893882E28A71BFE42B112EBC3C6.d.B5809BDAA6B32522FAA797327C2E91E9.e.9926"}]}
RESULT: {"script":"<script> [56 bytes]","args":[{"element-6066-11e4-a52e-4f735466cecf":"f.F1E1A893882E28A71BFE42B112EBC3C6.d.B5809BDAA6B32522FAA797327C2E91E9.e.9926","ELEMENT":"f.F1E1A893882E28A71BFE42B112EBC3C6.d.B5809BDAA6B32522FAA797327C2E91E9.e.9926"}]}
COMMAND: POST /session/041ece1bac594130e3a6c3bac6c9d85e/element - {"using":"css selector","value":"#shell-header-logo"}
COMMAND: GET /session/041ece1bac594130e3a6c3bac6c9d85e/screenshot - {}
RESULT: {"using":"css selector","value":"#shell-header-logo"}
COMMAND: POST /session/041ece1bac594130e3a6c3bac6c9d85e/element/f.F1E1A893882E28A71BFE42B112EBC3C6.d.B5809BDAA6B32522FAA797327C2E91E9.e.9549/click - {}
RESULT: {}
RESULT: {}
COMMAND: GET /session/041ece1bac594130e3a6c3bac6c9d85e/screenshot - {}
RESULT: {}
]]></system-out>
    </testcase>
  </testsuite>
  <testsuite timestamp="2025-06-05T18:01:57" time="753.415" tests="12" failures="6" errors="6" skipped="0">
    <properties>
      <property name="specId" value="0" />
      <property name="suiteName" value="Billing transfer US117289" />
      <property name="capabilities" value="chrome.137_0_7151_56.windows" />
      <property name="file" value="file:///D:/a/1/s/test/specs/BTS/billing-transfer.spec.js" />
    </properties>
    <testcase classname="chrome.137_0_7151_56.windows.Billing_transfer_US117289" name="Should create a new yard" time="0.023">
      <system-out><![CDATA[
COMMAND: POST /session/041ece1bac594130e3a6c3bac6c9d85e/window/fullscreen - {}
RESULT: {}
]]></system-out>
    </testcase>
    <testcase classname="chrome.137_0_7151_56.windows.Billing_transfer_US117289" name="Should create a new partner" time="0.003" />
    <testcase classname="chrome.137_0_7151_56.windows.Billing_transfer_US117289" name="Should create a new site" time="0.002" />
    <testcase classname="chrome.137_0_7151_56.windows.Billing_transfer_US117289" name="Should create a new equipment" time="151.293">
      <system-out><![CDATA[
COMMAND: POST /session/041ece1bac594130e3a6c3bac6c9d85e/execute/async - {"script":"<script> [1562 bytes]","args":[{"selector":{"controlType":"sap.m.GenericTile","properties":{"header":"Manage Resources"}},"wdio_ui5_key":"sapm.GenericTile{\"header\":\"Manage Resources\"}"}]}
RESULT: {"script":"<script> [1562 bytes]","args":[{"selector":{"controlType":"sap.m.GenericTile","properties":{"header":"Manage Resources"}},"wdio_ui5_key":"sapm.GenericTile{\"header\":\"Manage Resources\"}"}]}
RESULT: undefined
COMMAND: POST /session/041ece1bac594130e3a6c3bac6c9d85e/element - {"using":"xpath","value":"//*[@id=\"__tile39\"]"}
RESULT: {"using":"xpath","value":"//*[@id=\"__tile39\"]"}
COMMAND: POST /session/041ece1bac594130e3a6c3bac6c9d85e/element/f.F1E1A893882E28A71BFE42B112EBC3C6.d.83E2054428D6F05FDCEECB7EC0394A0C.e.10507/click - {}
RESULT: {}
COMMAND: GET /session/041ece1bac594130e3a6c3bac6c9d85e/screenshot - {}
RESULT: {}
COMMAND: POST /session/041ece1bac594130e3a6c3bac6c9d85e/elements - {"using":"xpath","value":"//span[text()='Error']"}
RESULT: {"using":"xpath","value":"//span[text()='Error']"}
COMMAND: POST /session/041ece1bac594130e3a6c3bac6c9d85e/element - {"using":"xpath","value":"//button[@data-kt=\"addNewRUOverflowToolbarButton\"]"}
RESULT: {"using":"xpath","value":"//button[@data-kt=\"addNewRUOverflowToolbarButton\"]"}
COMMAND: POST /session/041ece1bac594130e3a6c3bac6c9d85e/elements - {"using":"xpath","value":"//button[@data-kt=\"addNewRUOverflowToolbarButton\"]"}
RESULT: {"using":"xpath","value":"//button[@data-kt=\"addNewRUOverflowToolbarButton\"]"}
COMMAND: POST /session/041ece1bac594130e3a6c3bac6c9d85e/elements - {"using":"xpath","value":"//button[@data-kt=\"addNewRUOverflowToolbarButton\"]"}
RESULT: {"using":"xpath","value":"//button[@data-kt=\"addNewRUOverflowToolbarButton\"]"}
COMMAND: POST /session/041ece1bac594130e3a6c3bac6c9d85e/elements - {"using":"xpath","value":"//button[@data-kt=\"addNewRUOverflowToolbarButton\"]"}
RESULT: {"using":"xpath","value":"//button[@data-kt=\"addNewRUOverflowToolbarButton\"]"}
COMMAND: POST /session/041ece1bac594130e3a6c3bac6c9d85e/elements - {"using":"xpath","value":"//button[@data-kt=\"addNewRUOverflowToolbarButton\"]"}
RESULT: {"using":"xpath","value":"//button[@data-kt=\"addNewRUOverflowToolbarButton\"]"}
COMMAND: POST /session/041ece1bac594130e3a6c3bac6c9d85e/elements - {"using":"xpath","value":"//button[@data-kt=\"addNewRUOverflowToolbarButton\"]"}
RESULT: {"using":"xpath","value":"//button[@data-kt=\"addNewRUOverflowToolbarButton\"]"}
COMMAND: POST /session/041ece1bac594130e3a6c3bac6c9d85e/elements - {"using":"xpath","value":"//button[@data-kt=\"addNewRUOverflowToolbarButton\"]"}
RESULT: {"using":"xpath","value":"//button[@data-kt=\"addNewRUOverflowToolbarButton\"]"}
COMMAND: POST /session/041ece1bac594130e3a6c3bac6c9d85e/elements - {"using":"xpath","value":"//button[@data-kt=\"addNewRUOverflowToolbarButton\"]"}
RESULT: {"using":"xpath","value":"//button[@data-kt=\"addNewRUOverflowToolbarButton\"]"}
COMMAND: POST /session/041ece1bac594130e3a6c3bac6c9d85e/elements - {"using":"xpath","value":"//button[@data-kt=\"addNewRUOverflowToolbarButton\"]"}
RESULT: {"using":"xpath","value":"//button[@data-kt=\"addNewRUOverflowToolbarButton\"]"}
COMMAND: POST /session/041ece1bac594130e3a6c3bac6c9d85e/elements - {"using":"xpath","value":"//button[@data-kt=\"addNewRUOverflowToolbarButton\"]"}
RESULT: {"using":"xpath","value":"//button[@data-kt=\"addNewRUOverflowToolbarButton\"]"}
COMMAND: POST /session/041ece1bac594130e3a6c3bac6c9d85e/elements - {"using":"xpath","value":"//button[@data-kt=\"addNewRUOverflowToolbarButton\"]"}
RESULT: {"using":"xpath","value":"//button[@data-kt=\"addNewRUOverflowToolbarButton\"]"}
COMMAND: POST /session/041ece1bac594130e3a6c3bac6c9d85e/elements - {"using":"xpath","value":"//button[@data-kt=\"addNewRUOverflowToolbarButton\"]"}
RESULT: {"using":"xpath","value":"//button[@data-kt=\"addNewRUOverflowToolbarButton\"]"}
COMMAND: POST /session/041ece1bac594130e3a6c3bac6c9d85e/elements - {"using":"xpath","value":"//button[@data-kt=\"addNewRUOverflowToolbarButton\"]"}
RESULT: {"using":"xpath","value":"//button[@data-kt=\"addNewRUOverflowToolbarButton\"]"}
COMMAND: POST /session/041ece1bac594130e3a6c3bac6c9d85e/elements - {"using":"xpath","value":"//button[@data-kt=\"addNewRUOverflowToolbarButton\"]"}
RESULT: {"using":"xpath","value":"//button[@data-kt=\"addNewRUOverflowToolbarButton\"]"}
COMMAND: POST /session/041ece1bac594130e3a6c3bac6c9d85e/elements - {"using":"xpath","value":"//button[@data-kt=\"addNewRUOverflowToolbarButton\"]"}
RESULT: {"using":"xpath","value":"//button[@data-kt=\"addNewRUOverflowToolbarButton\"]"}
COMMAND: POST /session/041ece1bac594130e3a6c3bac6c9d85e/elements - {"using":"xpath","value":"//button[@data-kt=\"addNewRUOverflowToolbarButton\"]"}
RESULT: {"using":"xpath","value":"//button[@data-kt=\"addNewRUOverflowToolbarButton\"]"}
COMMAND: POST /session/041ece1bac594130e3a6c3bac6c9d85e/elements - {"using":"xpath","value":"//button[@data-kt=\"addNewRUOverflowToolbarButton\"]"}
RESULT: {"using":"xpath","value":"//button[@data-kt=\"addNewRUOverflowToolbarButton\"]"}
COMMAND: POST /session/041ece1bac594130e3a6c3bac6c9d85e/element - {"using":"xpath","value":"//button[@data-kt=\"addNewRUOverflowToolbarButton\"]"}
RESULT: {"using":"xpath","value":"//button[@data-kt=\"addNewRUOverflowToolbarButton\"]"}
COMMAND: POST /session/041ece1bac594130e3a6c3bac6c9d85e/execute/sync - {"script":"<script> [8489 bytes]","args":[{"element-6066-11e4-a52e-4f735466cecf":"f.F1E1A893882E28A71BFE42B112EBC3C6.d.83E2054428D6F05FDCEECB7EC0394A0C.e.10634","ELEMENT":"f.F1E1A893882E28A71BFE42B112EBC3C6.d.83E2054428D6F05FDCEECB7EC0394A0C.e.10634"}]}
RESULT: {"script":"<script> [8489 bytes]","args":[{"element-6066-11e4-a52e-4f735466cecf":"f.F1E1A893882E28A71BFE42B112EBC3C6.d.83E2054428D6F05FDCEECB7EC0394A0C.e.10634","ELEMENT":"f.F1E1A893882E28A71BFE42B112EBC3C6.d.83E2054428D6F05FDCEECB7EC0394A0C.e.10634"}]}
COMMAND: GET /session/041ece1bac594130e3a6c3bac6c9d85e/element/f.F1E1A893882E28A71BFE42B112EBC3C6.d.83E2054428D6F05FDCEECB7EC0394A0C.e.10634/enabled - {}
COMMAND: GET /session/041ece1bac594130e3a6c3bac6c9d85e/screenshot - {}
RESULT: {}
COMMAND: POST /session/041ece1bac594130e3a6c3bac6c9d85e/execute/sync - {"script":"<script> [8489 bytes]","args":[{"element-6066-11e4-a52e-4f735466cecf":"f.F1E1A893882E28A71BFE42B112EBC3C6.d.83E2054428D6F05FDCEECB7EC0394A0C.e.10634","ELEMENT":"f.F1E1A893882E28A71BFE42B112EBC3C6.d.83E2054428D6F05FDCEECB7EC0394A0C.e.10634"}]}
COMMAND: GET /session/041ece1bac594130e3a6c3bac6c9d85e/screenshot - {}
RESULT: {}
RESULT: {"script":"<script> [8489 bytes]","args":[{"element-6066-11e4-a52e-4f735466cecf":"f.F1E1A893882E28A71BFE42B112EBC3C6.d.83E2054428D6F05FDCEECB7EC0394A0C.e.10634","ELEMENT":"f.F1E1A893882E28A71BFE42B112EBC3C6.d.83E2054428D6F05FDCEECB7EC0394A0C.e.10634"}]}
COMMAND: POST /session/041ece1bac594130e3a6c3bac6c9d85e/execute/sync - {"script":"<script> [5351 bytes]","args":[{"element-6066-11e4-a52e-4f735466cecf":"f.F1E1A893882E28A71BFE42B112EBC3C6.d.83E2054428D6F05FDCEECB7EC0394A0C.e.10634","ELEMENT":"f.F1E1A893882E28A71BFE42B112EBC3C6.d.83E2054428D6F05FDCEECB7EC0394A0C.e.10634"}]}
COMMAND: GET /session/041ece1bac594130e3a6c3bac6c9d85e/screenshot - {}
RESULT: {}
RESULT: {"script":"<script> [5351 bytes]","args":[{"element-6066-11e4-a52e-4f735466cecf":"f.F1E1A893882E28A71BFE42B112EBC3C6.d.83E2054428D6F05FDCEECB7EC0394A0C.e.10634","ELEMENT":"f.F1E1A893882E28A71BFE42B112EBC3C6.d.83E2054428D6F05FDCEECB7EC0394A0C.e.10634"}]}
COMMAND: POST /session/041ece1bac594130e3a6c3bac6c9d85e/element/f.F1E1A893882E28A71BFE42B112EBC3C6.d.83E2054428D6F05FDCEECB7EC0394A0C.e.10634/click - {}
COMMAND: GET /session/041ece1bac594130e3a6c3bac6c9d85e/screenshot - {}
RESULT: {}
RESULT: {}
COMMAND: GET /session/041ece1bac594130e3a6c3bac6c9d85e/screenshot - {}
COMMAND: POST /session/041ece1bac594130e3a6c3bac6c9d85e/execute/async - {"script":"<script> [1562 bytes]","args":[{"selector":{"id":"application-manageresources-display-component---newResourceUnit--TYPE-arrow"},"wdio_ui5_key":"applicationmanageresources-display-component---newResourceUnit--TYPE-arrow"}]}
RESULT: {}
RESULT: {}
RESULT: {"script":"<script> [1562 bytes]","args":[{"selector":{"id":"application-manageresources-display-component---newResourceUnit--TYPE-arrow"},"wdio_ui5_key":"applicationmanageresources-display-component---newResourceUnit--TYPE-arrow"}]}
RESULT: undefined
COMMAND: POST /session/041ece1bac594130e3a6c3bac6c9d85e/element - {"using":"xpath","value":"//*[@id=\"application-manageresources-display-component---newResourceUnit--TYPE-arrow\"]"}
RESULT: {"using":"xpath","value":"//*[@id=\"application-manageresources-display-component---newResourceUnit--TYPE-arrow\"]"}
COMMAND: POST /session/041ece1bac594130e3a6c3bac6c9d85e/element/f.F1E1A893882E28A71BFE42B112EBC3C6.d.83E2054428D6F05FDCEECB7EC0394A0C.e.11039/click - {}
RESULT: {}
COMMAND: POST /session/041ece1bac594130e3a6c3bac6c9d85e/element - {"using":"xpath","value":"//input[@id=\"application-manageresources-display-component---newResourceUnit--TYPE-inner\"]"}
COMMAND: GET /session/041ece1bac594130e3a6c3bac6c9d85e/screenshot - {}
RESULT: {"using":"xpath","value":"//input[@id=\"application-manageresources-display-component---newResourceUnit--TYPE-inner\"]"}
COMMAND: POST /session/041ece1bac594130e3a6c3bac6c9d85e/element/f.F1E1A893882E28A71BFE42B112EBC3C6.d.83E2054428D6F05FDCEECB7EC0394A0C.e.10781/clear - {}
RESULT: {}
RESULT: {}
COMMAND: POST /session/041ece1bac594130e3a6c3bac6c9d85e/element/f.F1E1A893882E28A71BFE42B112EBC3C6.d.83E2054428D6F05FDCEECB7EC0394A0C.e.10781/value - {"text":"Equipment"}
COMMAND: GET /session/041ece1bac594130e3a6c3bac6c9d85e/screenshot - {}
RESULT: {"text":"Equipment"}
COMMAND: GET /session/041ece1bac594130e3a6c3bac6c9d85e/screenshot - {}
RESULT: {}
RESULT: {}
COMMAND: POST /session/041ece1bac594130e3a6c3bac6c9d85e/actions - {"actions":[{"id":"action35","type":"key","parameters":{},"actions":[{"type":"keyDown","value":"î€‡"},{"type":"pause","duration":10},{"type":"keyUp","value":"î€‡"}]}]}
RESULT: {"actions":[{"id":"action35","type":"key","parameters":{},"actions":[{"type":"keyDown","value":"î€‡"},{"type":"pause","duration":10},{"type":"keyUp","value":"î€‡"}]}]}
COMMAND: POST /session/041ece1bac594130e3a6c3bac6c9d85e/execute/async - {"script":"<script> [1562 bytes]","args":[{"selector":{"id":"application-manageresources-display-component---newResourceUnit--resourceId","interaction":{"idSuffix":"inner"}},"wdio_ui5_key":"applicationmanageresources-display-component---newResourceUnit--resourceId"}]}
COMMAND: GET /session/041ece1bac594130e3a6c3bac6c9d85e/screenshot - {}
RESULT: {"script":"<script> [1562 bytes]","args":[{"selector":{"id":"application-manageresources-display-component---newResourceUnit--resourceId","interaction":{"idSuffix":"inner"}},"wdio_ui5_key":"applicationmanageresources-display-component---newResourceUnit--resourceId"}]}
RESULT: undefined
COMMAND: POST /session/041ece1bac594130e3a6c3bac6c9d85e/execute/async - {"script":"<script> [776 bytes]","args":[{"enterText":"0Lf06t7VoG","selector":{"id":"application-manageresources-display-component---newResourceUnit--resourceId","interaction":{"idSuffix":"inner"}},"clearTextFirst":true,"interactionType":"ENTER_TEXT"}]}
RESULT: {}
RESULT: {"script":"<script> [776 bytes]","args":[{"enterText":"0Lf06t7VoG","selector":{"id":"application-manageresources-display-component---newResourceUnit--resourceId","interaction":{"idSuffix":"inner"}},"clearTextFirst":true,"interactionType":"ENTER_TEXT"}]}
COMMAND: POST /session/041ece1bac594130e3a6c3bac6c9d85e/execute/async - {"script":"<script> [1562 bytes]","args":[{"selector":{"id":"application-manageresources-display-component---newResourceUnit--SHORT_TEXT","interaction":{"idSuffix":"inner"}},"wdio_ui5_key":"applicationmanageresources-display-component---newResourceUnit--SHORT_TEXT"}]}
RESULT: {"script":"<script> [1562 bytes]","args":[{"selector":{"id":"application-manageresources-display-component---newResourceUnit--SHORT_TEXT","interaction":{"idSuffix":"inner"}},"wdio_ui5_key":"applicationmanageresources-display-component---newResourceUnit--SHORT_TEXT"}]}
RESULT: undefined
COMMAND: POST /session/041ece1bac594130e3a6c3bac6c9d85e/execute/async - {"script":"<script> [776 bytes]","args":[{"enterText":"Intercompany Equipment WDIO","selector":{"id":"application-manageresources-display-component---newResourceUnit--SHORT_TEXT","interaction":{"idSuffix":"inner"}},"clearTextFirst":true,"interactionType":"ENTER_TEXT"}]}
RESULT: {"script":"<script> [776 bytes]","args":[{"enterText":"Intercompany Equipment WDIO","selector":{"id":"application-manageresources-display-component---newResourceUnit--SHORT_TEXT","interaction":{"idSuffix":"inner"}},"clearTextFirst":true,"interactionType":"ENTER_TEXT"}]}
COMMAND: POST /session/041ece1bac594130e3a6c3bac6c9d85e/execute/async - {"script":"<script> [1562 bytes]","args":[{"selector":{"id":"application-manageresources-display-component---newResourceUnit--BASE_UNIT_OF_MEASURE","interaction":{"idSuffix":"inner"}},"wdio_ui5_key":"applicationmanageresources-display-component---newResourceUnit--BASE_UNIT_OF_MEASURE"}]}
RESULT: {"script":"<script> [1562 bytes]","args":[{"selector":{"id":"application-manageresources-display-component---newResourceUnit--BASE_UNIT_OF_MEASURE","interaction":{"idSuffix":"inner"}},"wdio_ui5_key":"applicationmanageresources-display-component---newResourceUnit--BASE_UNIT_OF_MEASURE"}]}
RESULT: undefined
COMMAND: POST /session/041ece1bac594130e3a6c3bac6c9d85e/execute/async - {"script":"<script> [776 bytes]","args":[{"enterText":"Piece","selector":{"id":"application-manageresources-display-component---newResourceUnit--BASE_UNIT_OF_MEASURE","interaction":{"idSuffix":"inner"}},"clearTextFirst":true,"interactionType":"ENTER_TEXT"}]}
RESULT: {"script":"<script> [776 bytes]","args":[{"enterText":"Piece","selector":{"id":"application-manageresources-display-component---newResourceUnit--BASE_UNIT_OF_MEASURE","interaction":{"idSuffix":"inner"}},"clearTextFirst":true,"interactionType":"ENTER_TEXT"}]}
COMMAND: POST /session/041ece1bac594130e3a6c3bac6c9d85e/execute/async - {"script":"<script> [1562 bytes]","args":[{"selector":{"id":"application-manageresources-display-component---newResourceUnit--WEIGHT_UNIT","interaction":{"idSuffix":"inner"}},"wdio_ui5_key":"applicationmanageresources-display-component---newResourceUnit--WEIGHT_UNIT"}]}
RESULT: {"script":"<script> [1562 bytes]","args":[{"selector":{"id":"application-manageresources-display-component---newResourceUnit--WEIGHT_UNIT","interaction":{"idSuffix":"inner"}},"wdio_ui5_key":"applicationmanageresources-display-component---newResourceUnit--WEIGHT_UNIT"}]}
RESULT: undefined
COMMAND: POST /session/041ece1bac594130e3a6c3bac6c9d85e/execute/async - {"script":"<script> [776 bytes]","args":[{"enterText":"Gram","selector":{"id":"application-manageresources-display-component---newResourceUnit--WEIGHT_UNIT","interaction":{"idSuffix":"inner"}},"clearTextFirst":true,"interactionType":"ENTER_TEXT"}]}
RESULT: {"script":"<script> [776 bytes]","args":[{"enterText":"Gram","selector":{"id":"application-manageresources-display-component---newResourceUnit--WEIGHT_UNIT","interaction":{"idSuffix":"inner"}},"clearTextFirst":true,"interactionType":"ENTER_TEXT"}]}
COMMAND: POST /session/041ece1bac594130e3a6c3bac6c9d85e/execute/async - {"script":"<script> [1562 bytes]","args":[{"selector":{"id":"application-manageresources-display-component---newResourceUnit--DIMENSION_UNIT","interaction":{"idSuffix":"inner"}},"wdio_ui5_key":"applicationmanageresources-display-component---newResourceUnit--DIMENSION_UNIT"}]}
RESULT: {"script":"<script> [1562 bytes]","args":[{"selector":{"id":"application-manageresources-display-component---newResourceUnit--DIMENSION_UNIT","interaction":{"idSuffix":"inner"}},"wdio_ui5_key":"applicationmanageresources-display-component---newResourceUnit--DIMENSION_UNIT"}]}
RESULT: undefined
COMMAND: POST /session/041ece1bac594130e3a6c3bac6c9d85e/execute/async - {"script":"<script> [776 bytes]","args":[{"enterText":"Meter","selector":{"id":"application-manageresources-display-component---newResourceUnit--DIMENSION_UNIT","interaction":{"idSuffix":"inner"}},"clearTextFirst":true,"interactionType":"ENTER_TEXT"}]}
RESULT: {"script":"<script> [776 bytes]","args":[{"enterText":"Meter","selector":{"id":"application-manageresources-display-component---newResourceUnit--DIMENSION_UNIT","interaction":{"idSuffix":"inner"}},"clearTextFirst":true,"interactionType":"ENTER_TEXT"}]}
COMMAND: POST /session/041ece1bac594130e3a6c3bac6c9d85e/execute/async - {"script":"<script> [1562 bytes]","args":[{"selector":{"id":"application-manageresources-display-component---newResourceUnit--newRRUPage-anchBar-application-manageresources-display-component---newResourceUnit--control-anchor","interaction":{"idSuffix":"BDI-content"}},"wdio_ui5_key":"applicationmanageresources-display-component---newResourceUnit--newRRUPage-anchBar-application-manageresources-display-component---newResourceUnit--control-anchor"}]}
RESULT: {"script":"<script> [1562 bytes]","args":[{"selector":{"id":"application-manageresources-display-component---newResourceUnit--newRRUPage-anchBar-application-manageresources-display-component---newResourceUnit--control-anchor","interaction":{"idSuffix":"BDI-content"}},"wdio_ui5_key":"applicationmanageresources-display-component---newResourceUnit--newRRUPage-anchBar-application-manageresources-display-component---newResourceUnit--control-anchor"}]}
RESULT: undefined
COMMAND: POST /session/041ece1bac594130e3a6c3bac6c9d85e/element - {"using":"xpath","value":"//*[@id=\"application-manageresources-display-component---newResourceUnit--newRRUPage-anchBar-application-manageresources-display-component---newResourceUnit--control-anchor\"]"}
RESULT: {"using":"xpath","value":"//*[@id=\"application-manageresources-display-component---newResourceUnit--newRRUPage-anchBar-application-manageresources-display-component---newResourceUnit--control-anchor\"]"}
COMMAND: POST /session/041ece1bac594130e3a6c3bac6c9d85e/element/f.F1E1A893882E28A71BFE42B112EBC3C6.d.83E2054428D6F05FDCEECB7EC0394A0C.e.11199/click - {}
RESULT: {}
COMMAND: POST /session/041ece1bac594130e3a6c3bac6c9d85e/execute/async - {"script":"<script> [1562 bytes]","args":[{"selector":{"id":"application-manageresources-display-component---newResourceUnit--PLANNING_GROUP","interaction":{"idSuffix":"inner"}},"wdio_ui5_key":"applicationmanageresources-display-component---newResourceUnit--PLANNING_GROUP"}]}
COMMAND: GET /session/041ece1bac594130e3a6c3bac6c9d85e/screenshot - {}
RESULT: {"script":"<script> [1562 bytes]","args":[{"selector":{"id":"application-manageresources-display-component---newResourceUnit--PLANNING_GROUP","interaction":{"idSuffix":"inner"}},"wdio_ui5_key":"applicationmanageresources-display-component---newResourceUnit--PLANNING_GROUP"}]}
RESULT: undefined
COMMAND: POST /session/041ece1bac594130e3a6c3bac6c9d85e/execute/async - {"script":"<script> [776 bytes]","args":[{"enterText":"Heavy Equi","selector":{"id":"application-manageresources-display-component---newResourceUnit--PLANNING_GROUP","interaction":{"idSuffix":"inner"}},"clearTextFirst":true,"interactionType":"ENTER_TEXT"}]}
RESULT: {}
RESULT: {"script":"<script> [776 bytes]","args":[{"enterText":"Heavy Equi","selector":{"id":"application-manageresources-display-component---newResourceUnit--PLANNING_GROUP","interaction":{"idSuffix":"inner"}},"clearTextFirst":true,"interactionType":"ENTER_TEXT"}]}
COMMAND: POST /session/041ece1bac594130e3a6c3bac6c9d85e/execute/async - {"script":"<script> [1562 bytes]","args":[{"selector":{"id":"application-manageresources-display-component---newResourceUnit--ITEM_TYPE-arrow"},"wdio_ui5_key":"applicationmanageresources-display-component---newResourceUnit--ITEM_TYPE-arrow"}]}
RESULT: {"script":"<script> [1562 bytes]","args":[{"selector":{"id":"application-manageresources-display-component---newResourceUnit--ITEM_TYPE-arrow"},"wdio_ui5_key":"applicationmanageresources-display-component---newResourceUnit--ITEM_TYPE-arrow"}]}
RESULT: undefined
COMMAND: POST /session/041ece1bac594130e3a6c3bac6c9d85e/element - {"using":"xpath","value":"//*[@id=\"application-manageresources-display-component---newResourceUnit--ITEM_TYPE-arrow\"]"}
RESULT: {"using":"xpath","value":"//*[@id=\"application-manageresources-display-component---newResourceUnit--ITEM_TYPE-arrow\"]"}
COMMAND: POST /session/041ece1bac594130e3a6c3bac6c9d85e/element/f.F1E1A893882E28A71BFE42B112EBC3C6.d.83E2054428D6F05FDCEECB7EC0394A0C.e.11206/click - {}
RESULT: {}
COMMAND: POST /session/041ece1bac594130e3a6c3bac6c9d85e/element - {"using":"xpath","value":"//ul[contains(@id,\"ITEM_TYPE-popup-list-listUl\")]//li[.//span[contains(text(),\"Resource Unit\")]]"}
COMMAND: GET /session/041ece1bac594130e3a6c3bac6c9d85e/screenshot - {}
RESULT: {"using":"xpath","value":"//ul[contains(@id,\"ITEM_TYPE-popup-list-listUl\")]//li[.//span[contains(text(),\"Resource Unit\")]]"}
COMMAND: POST /session/041ece1bac594130e3a6c3bac6c9d85e/element/f.F1E1A893882E28A71BFE42B112EBC3C6.d.83E2054428D6F05FDCEECB7EC0394A0C.e.11207/click - {}
RESULT: {}
RESULT: {}
COMMAND: GET /session/041ece1bac594130e3a6c3bac6c9d85e/screenshot - {}
RESULT: {}
COMMAND: POST /session/041ece1bac594130e3a6c3bac6c9d85e/element - {"using":"css selector","value":"#application-manageresources-display-component---newResourceUnit--btnAddTimeSegment"}
RESULT: {"using":"css selector","value":"#application-manageresources-display-component---newResourceUnit--btnAddTimeSegment"}
COMMAND: GET /session/041ece1bac594130e3a6c3bac6c9d85e/element/f.F1E1A893882E28A71BFE42B112EBC3C6.d.83E2054428D6F05FDCEECB7EC0394A0C.e.11214/rect - {}
RESULT: {}
COMMAND: GET /session/041ece1bac594130e3a6c3bac6c9d85e/window/rect - {}
RESULT: {}
COMMAND: POST /session/041ece1bac594130e3a6c3bac6c9d85e/execute/sync - {"script":"<script> [92 bytes]","args":[]}
RESULT: {"script":"<script> [92 bytes]","args":[]}
COMMAND: POST /session/041ece1bac594130e3a6c3bac6c9d85e/actions - {"actions":[{"id":"action36","type":"wheel","parameters":{},"actions":[{"type":"scroll","x":-1888,"y":-32,"deltaX":0,"deltaY":0,"duration":0,"origin":{"element-6066-11e4-a52e-4f735466cecf":"f.F1E1A893882E28A71BFE42B112EBC3C6.d.83E2054428D6F05FDCEECB7EC0394A0C.e.11214"}}]}]}
COMMAND: GET /session/041ece1bac594130e3a6c3bac6c9d85e/screenshot - {}
RESULT: {}
COMMAND: POST /session/041ece1bac594130e3a6c3bac6c9d85e/execute/sync - {"script":"<script> [79 bytes]","args":[{"element-6066-11e4-a52e-4f735466cecf":"f.F1E1A893882E28A71BFE42B112EBC3C6.d.83E2054428D6F05FDCEECB7EC0394A0C.e.11214","ELEMENT":"f.F1E1A893882E28A71BFE42B112EBC3C6.d.83E2054428D6F05FDCEECB7EC0394A0C.e.11214"},{"block":"start","inline":"nearest"}]}
RESULT: {"script":"<script> [79 bytes]","args":[{"element-6066-11e4-a52e-4f735466cecf":"f.F1E1A893882E28A71BFE42B112EBC3C6.d.83E2054428D6F05FDCEECB7EC0394A0C.e.11214","ELEMENT":"f.F1E1A893882E28A71BFE42B112EBC3C6.d.83E2054428D6F05FDCEECB7EC0394A0C.e.11214"},{"block":"start","inline":"nearest"}]}
COMMAND: POST /session/041ece1bac594130e3a6c3bac6c9d85e/execute/async - {"script":"<script> [1562 bytes]","args":[{"selector":{"id":"application-manageresources-display-component---newResourceUnit--btnAddTimeSegment","interaction":{"idSuffix":"inner"}},"wdio_ui5_key":"applicationmanageresources-display-component---newResourceUnit--btnAddTimeSegment"}]}
COMMAND: GET /session/041ece1bac594130e3a6c3bac6c9d85e/screenshot - {}
RESULT: {"script":"<script> [1562 bytes]","args":[{"selector":{"id":"application-manageresources-display-component---newResourceUnit--btnAddTimeSegment","interaction":{"idSuffix":"inner"}},"wdio_ui5_key":"applicationmanageresources-display-component---newResourceUnit--btnAddTimeSegment"}]}
RESULT: undefined
COMMAND: POST /session/041ece1bac594130e3a6c3bac6c9d85e/element - {"using":"xpath","value":"//*[@id=\"application-manageresources-display-component---newResourceUnit--btnAddTimeSegment\"]"}
RESULT: {}
RESULT: {"using":"xpath","value":"//*[@id=\"application-manageresources-display-component---newResourceUnit--btnAddTimeSegment\"]"}
COMMAND: POST /session/041ece1bac594130e3a6c3bac6c9d85e/element/f.F1E1A893882E28A71BFE42B112EBC3C6.d.83E2054428D6F05FDCEECB7EC0394A0C.e.11214/click - {}
RESULT: {}
COMMAND: GET /session/041ece1bac594130e3a6c3bac6c9d85e/screenshot - {}
RESULT: {}
COMMAND: POST /session/041ece1bac594130e3a6c3bac6c9d85e/element - {"using":"xpath","value":"//input[@id=\"application-manageresources-display-component---newResourceUnit--idRuTSAdmin-application-manageresources-display-component---newResourceUnit--RUTimeSegment-0-inner\"]"}
RESULT: {"using":"xpath","value":"//input[@id=\"application-manageresources-display-component---newResourceUnit--idRuTSAdmin-application-manageresources-display-component---newResourceUnit--RUTimeSegment-0-inner\"]"}
COMMAND: POST /session/041ece1bac594130e3a6c3bac6c9d85e/element/f.F1E1A893882E28A71BFE42B112EBC3C6.d.83E2054428D6F05FDCEECB7EC0394A0C.e.11220/clear - {}
RESULT: {}
COMMAND: POST /session/041ece1bac594130e3a6c3bac6c9d85e/element/f.F1E1A893882E28A71BFE42B112EBC3C6.d.83E2054428D6F05FDCEECB7EC0394A0C.e.11220/value - {"text":"693"}
COMMAND: GET /session/041ece1bac594130e3a6c3bac6c9d85e/screenshot - {}
RESULT: {"text":"693"}
COMMAND: GET /session/041ece1bac594130e3a6c3bac6c9d85e/screenshot - {}
RESULT: {}
RESULT: {}
COMMAND: POST /session/041ece1bac594130e3a6c3bac6c9d85e/element - {"using":"xpath","value":"//li[.//span[text()='693']]"}
RESULT: {"using":"xpath","value":"//li[.//span[text()='693']]"}
COMMAND: POST /session/041ece1bac594130e3a6c3bac6c9d85e/element/f.F1E1A893882E28A71BFE42B112EBC3C6.d.83E2054428D6F05FDCEECB7EC0394A0C.e.11235/click - {}
RESULT: {}
COMMAND: GET /session/041ece1bac594130e3a6c3bac6c9d85e/screenshot - {}
RESULT: {}
COMMAND: POST /session/041ece1bac594130e3a6c3bac6c9d85e/element - {"using":"xpath","value":"(//span[contains(@id, \"-application-manageresources-display-component---newResourceUnit--RUTimeSegment-0-arrow\")])[6]"}
RESULT: {"using":"xpath","value":"(//span[contains(@id, \"-application-manageresources-display-component---newResourceUnit--RUTimeSegment-0-arrow\")])[6]"}
COMMAND: POST /session/041ece1bac594130e3a6c3bac6c9d85e/element/f.F1E1A893882E28A71BFE42B112EBC3C6.d.83E2054428D6F05FDCEECB7EC0394A0C.e.11236/click - {}
RESULT: {}
COMMAND: GET /session/041ece1bac594130e3a6c3bac6c9d85e/screenshot - {}
RESULT: {}
COMMAND: POST /session/041ece1bac594130e3a6c3bac6c9d85e/element - {"using":"xpath","value":"//span[contains(text(), \"PM Order\")]"}
RESULT: {"using":"xpath","value":"//span[contains(text(), \"PM Order\")]"}
COMMAND: POST /session/041ece1bac594130e3a6c3bac6c9d85e/element/f.F1E1A893882E28A71BFE42B112EBC3C6.d.83E2054428D6F05FDCEECB7EC0394A0C.e.11239/click - {}
RESULT: {}
COMMAND: GET /session/041ece1bac594130e3a6c3bac6c9d85e/screenshot - {}
RESULT: {}
COMMAND: POST /session/041ece1bac594130e3a6c3bac6c9d85e/element - {"using":"xpath","value":"(//span[contains(@id ,\"manageresources-display-component---newResourceUnit--RUTimeSegment-0-vhi\")])[1]"}
RESULT: {"using":"xpath","value":"(//span[contains(@id ,\"manageresources-display-component---newResourceUnit--RUTimeSegment-0-vhi\")])[1]"}
COMMAND: GET /session/041ece1bac594130e3a6c3bac6c9d85e/element/f.F1E1A893882E28A71BFE42B112EBC3C6.d.83E2054428D6F05FDCEECB7EC0394A0C.e.11243/rect - {}
RESULT: {}
COMMAND: GET /session/041ece1bac594130e3a6c3bac6c9d85e/window/rect - {}
RESULT: {}
COMMAND: POST /session/041ece1bac594130e3a6c3bac6c9d85e/execute/sync - {"script":"<script> [92 bytes]","args":[]}
RESULT: {"script":"<script> [92 bytes]","args":[]}
COMMAND: POST /session/041ece1bac594130e3a6c3bac6c9d85e/actions - {"actions":[{"id":"action37","type":"wheel","parameters":{},"actions":[{"type":"scroll","x":-869,"y":-24,"deltaX":0,"deltaY":0,"duration":0,"origin":{"element-6066-11e4-a52e-4f735466cecf":"f.F1E1A893882E28A71BFE42B112EBC3C6.d.83E2054428D6F05FDCEECB7EC0394A0C.e.11243"}}]}]}
COMMAND: GET /session/041ece1bac594130e3a6c3bac6c9d85e/screenshot - {}
RESULT: {"actions":[{"id":"action37","type":"wheel","parameters":{},"actions":[{"type":"scroll","x":-869,"y":-24,"deltaX":0,"deltaY":0,"duration":0,"origin":{"element-6066-11e4-a52e-4f735466cecf":"f.F1E1A893882E28A71BFE42B112EBC3C6.d.83E2054428D6F05FDCEECB7EC0394A0C.e.11243"}}]}]}
COMMAND: DELETE /session/041ece1bac594130e3a6c3bac6c9d85e/actions - {}
COMMAND: GET /session/041ece1bac594130e3a6c3bac6c9d85e/screenshot - {}
RESULT: {}
RESULT: {}
COMMAND: GET /session/041ece1bac594130e3a6c3bac6c9d85e/screenshot - {}
RESULT: {}
RESULT: {}
COMMAND: POST /session/041ece1bac594130e3a6c3bac6c9d85e/element/f.F1E1A893882E28A71BFE42B112EBC3C6.d.83E2054428D6F05FDCEECB7EC0394A0C.e.11243/click - {}
RESULT: {}
COMMAND: GET /session/041ece1bac594130e3a6c3bac6c9d85e/screenshot - {}
RESULT: {}
COMMAND: POST /session/041ece1bac594130e3a6c3bac6c9d85e/execute/async - {"script":"<script> [1562 bytes]","args":[{"selector":{"controlType":"sap.m.SearchField","properties":{"placeholder":"Search"},"searchOpenDialogs":true,"interaction":{"idSuffix":"I"}},"wdio_ui5_key":"sapm.SearchField{\"placeholder\":\"Search\"}"}]}
RESULT: {"script":"<script> [1562 bytes]","args":[{"selector":{"controlType":"sap.m.SearchField","properties":{"placeholder":"Search"},"searchOpenDialogs":true,"interaction":{"idSuffix":"I"}},"wdio_ui5_key":"sapm.SearchField{\"placeholder\":\"Search\"}"}]}
RESULT: undefined
COMMAND: POST /session/041ece1bac594130e3a6c3bac6c9d85e/execute/async - {"script":"<script> [776 bytes]","args":[{"enterText":"4000360","selector":{"controlType":"sap.m.SearchField","properties":{"placeholder":"Search"},"searchOpenDialogs":true,"interaction":{"idSuffix":"I"}},"clearTextFirst":true,"interactionType":"ENTER_TEXT"}]}
RESULT: {"script":"<script> [776 bytes]","args":[{"enterText":"4000360","selector":{"controlType":"sap.m.SearchField","properties":{"placeholder":"Search"},"searchOpenDialogs":true,"interaction":{"idSuffix":"I"}},"clearTextFirst":true,"interactionType":"ENTER_TEXT"}]}
COMMAND: POST /session/041ece1bac594130e3a6c3bac6c9d85e/actions - {"actions":[{"id":"action38","type":"key","parameters":{},"actions":[{"type":"keyDown","value":"î€‡"},{"type":"pause","duration":10},{"type":"keyUp","value":"î€‡"}]}]}
RESULT: {"actions":[{"id":"action38","type":"key","parameters":{},"actions":[{"type":"keyDown","value":"î€‡"},{"type":"pause","duration":10},{"type":"keyUp","value":"î€‡"}]}]}
COMMAND: GET /session/041ece1bac594130e3a6c3bac6c9d85e/screenshot - {}
RESULT: {}
COMMAND: POST /session/041ece1bac594130e3a6c3bac6c9d85e/element - {"using":"xpath","value":"//td/div/span[contains(text(), \"BGL Vehicles\")]"}
RESULT: {"using":"xpath","value":"//td/div/span[contains(text(), \"BGL Vehicles\")]"}
COMMAND: POST /session/041ece1bac594130e3a6c3bac6c9d85e/element/f.F1E1A893882E28A71BFE42B112EBC3C6.d.83E2054428D6F05FDCEECB7EC0394A0C.e.11266/click - {}
RESULT: {}
COMMAND: GET /session/041ece1bac594130e3a6c3bac6c9d85e/screenshot - {}
RESULT: {}
COMMAND: POST /session/041ece1bac594130e3a6c3bac6c9d85e/element - {"using":"xpath","value":"//bdi[contains(text(), \"OK\")]"}
RESULT: {"using":"xpath","value":"//bdi[contains(text(), \"OK\")]"}
COMMAND: POST /session/041ece1bac594130e3a6c3bac6c9d85e/element/f.F1E1A893882E28A71BFE42B112EBC3C6.d.83E2054428D6F05FDCEECB7EC0394A0C.e.11267/click - {}
RESULT: {}
COMMAND: GET /session/041ece1bac594130e3a6c3bac6c9d85e/screenshot - {}
RESULT: {}
COMMAND: POST /session/041ece1bac594130e3a6c3bac6c9d85e/execute/async - {"script":"<script> [1562 bytes]","args":[{"selector":{"id":"application-manageresources-display-component---newResourceUnit--newRRUPage-anchBar-application-manageresources-display-component---newResourceUnit--resource-anchor","interaction":{"idSuffix":"BDI-content"}},"wdio_ui5_key":"applicationmanageresources-display-component---newResourceUnit--newRRUPage-anchBar-application-manageresources-display-component---newResourceUnit--resource-anchor"}]}
RESULT: {"script":"<script> [1562 bytes]","args":[{"selector":{"id":"application-manageresources-display-component---newResourceUnit--newRRUPage-anchBar-application-manageresources-display-component---newResourceUnit--resource-anchor","interaction":{"idSuffix":"BDI-content"}},"wdio_ui5_key":"applicationmanageresources-display-component---newResourceUnit--newRRUPage-anchBar-application-manageresources-display-component---newResourceUnit--resource-anchor"}]}
RESULT: undefined
COMMAND: POST /session/041ece1bac594130e3a6c3bac6c9d85e/element - {"using":"xpath","value":"//*[@id=\"application-manageresources-display-component---newResourceUnit--newRRUPage-anchBar-application-manageresources-display-component---newResourceUnit--resource-anchor\"]"}
RESULT: {"using":"xpath","value":"//*[@id=\"application-manageresources-display-component---newResourceUnit--newRRUPage-anchBar-application-manageresources-display-component---newResourceUnit--resource-anchor\"]"}
COMMAND: POST /session/041ece1bac594130e3a6c3bac6c9d85e/element/f.F1E1A893882E28A71BFE42B112EBC3C6.d.83E2054428D6F05FDCEECB7EC0394A0C.e.11271/click - {}
RESULT: {}
COMMAND: POST /session/041ece1bac594130e3a6c3bac6c9d85e/execute/async - {"script":"<script> [1562 bytes]","args":[{"selector":{"id":"application-manageresources-display-component---newResourceUnit--PLANNED_DELIVERY_DATE","interaction":{"idSuffix":"inner"}},"wdio_ui5_key":"applicationmanageresources-display-component---newResourceUnit--PLANNED_DELIVERY_DATE"}]}
COMMAND: GET /session/041ece1bac594130e3a6c3bac6c9d85e/screenshot - {}
RESULT: {"script":"<script> [1562 bytes]","args":[{"selector":{"id":"application-manageresources-display-component---newResourceUnit--PLANNED_DELIVERY_DATE","interaction":{"idSuffix":"inner"}},"wdio_ui5_key":"applicationmanageresources-display-component---newResourceUnit--PLANNED_DELIVERY_DATE"}]}
RESULT: undefined
COMMAND: POST /session/041ece1bac594130e3a6c3bac6c9d85e/execute/async - {"script":"<script> [6424 bytes]","args":[{"element-6066-11e4-a52e-4f735466cecf":"f.F1E1A893882E28A71BFE42B112EBC3C6.d.83E2054428D6F05FDCEECB7EC0394A0C.e.11098"},"setValue",["6/5/25"]]}
RESULT: {}
RESULT: {"script":"<script> [6424 bytes]","args":[{"element-6066-11e4-a52e-4f735466cecf":"f.F1E1A893882E28A71BFE42B112EBC3C6.d.83E2054428D6F05FDCEECB7EC0394A0C.e.11098"},"setValue",["6/5/25"]]}
COMMAND: POST /session/041ece1bac594130e3a6c3bac6c9d85e/element - {"using":"xpath","value":"//label[contains(@class, 'sapMLabelRequired') and .//bdi[contains(text(), 'Planned Retirement')]]"}
RESULT: {"using":"xpath","value":"//label[contains(@class, 'sapMLabelRequired') and .//bdi[contains(text(), 'Planned Retirement')]]"}
COMMAND: POST /session/041ece1bac594130e3a6c3bac6c9d85e/elements - {"using":"xpath","value":"//label[contains(@class, 'sapMLabelRequired') and .//bdi[contains(text(), 'Planned Retirement')]]"}
RESULT: {"using":"xpath","value":"//label[contains(@class, 'sapMLabelRequired') and .//bdi[contains(text(), 'Planned Retirement')]]"}
COMMAND: POST /session/041ece1bac594130e3a6c3bac6c9d85e/element - {"using":"xpath","value":"//button[@data-kt=\"resourceUnitSaveButton\"]"}
RESULT: {"using":"xpath","value":"//button[@data-kt=\"resourceUnitSaveButton\"]"}
COMMAND: POST /session/041ece1bac594130e3a6c3bac6c9d85e/element/f.F1E1A893882E28A71BFE42B112EBC3C6.d.83E2054428D6F05FDCEECB7EC0394A0C.e.11058/click - {}
RESULT: {}
COMMAND: GET /session/041ece1bac594130e3a6c3bac6c9d85e/screenshot - {}
RESULT: {}
COMMAND: POST /session/041ece1bac594130e3a6c3bac6c9d85e/element - {"using":"xpath","value":"//bdi[contains(text(), \"Close\")]"}
RESULT: {"using":"xpath","value":"//bdi[contains(text(), \"Close\")]"}
COMMAND: POST /session/041ece1bac594130e3a6c3bac6c9d85e/element/f.F1E1A893882E28A71BFE42B112EBC3C6.d.83E2054428D6F05FDCEECB7EC0394A0C.e.11279/click - {}
RESULT: {}
COMMAND: GET /session/041ece1bac594130e3a6c3bac6c9d85e/screenshot - {}
RESULT: {}
COMMAND: POST /session/041ece1bac594130e3a6c3bac6c9d85e/element - {"using":"xpath","value":"(//button[contains(@id ,\"actionsToolbar-overflowButton\")])[1]"}
RESULT: {"using":"xpath","value":"(//button[contains(@id ,\"actionsToolbar-overflowButton\")])[1]"}
COMMAND: POST /session/041ece1bac594130e3a6c3bac6c9d85e/element/f.F1E1A893882E28A71BFE42B112EBC3C6.d.83E2054428D6F05FDCEECB7EC0394A0C.e.11311/click - {}
RESULT: {}
COMMAND: GET /session/041ece1bac594130e3a6c3bac6c9d85e/screenshot - {}
RESULT: {}
COMMAND: POST /session/041ece1bac594130e3a6c3bac6c9d85e/element - {"using":"xpath","value":"//button[@data-kt=\"priceInfoButton\"]"}
RESULT: {"using":"xpath","value":"//button[@data-kt=\"priceInfoButton\"]"}
COMMAND: POST /session/041ece1bac594130e3a6c3bac6c9d85e/element/f.F1E1A893882E28A71BFE42B112EBC3C6.d.83E2054428D6F05FDCEECB7EC0394A0C.e.11313/click - {}
RESULT: {}
COMMAND: GET /session/041ece1bac594130e3a6c3bac6c9d85e/screenshot - {}
]]></system-out>
    </testcase>
    <testcase classname="chrome.137_0_7151_56.windows.Billing_transfer_US117289" name="Should create new pricing rule" time="52.592">
      <system-out><![CDATA[
COMMAND: POST /session/041ece1bac594130e3a6c3bac6c9d85e/element - {"using":"xpath","value":"//button[@data-kt=\"addButton\"]"}
RESULT: {}
RESULT: {"using":"xpath","value":"//button[@data-kt=\"addButton\"]"}
COMMAND: POST /session/041ece1bac594130e3a6c3bac6c9d85e/elements - {"using":"xpath","value":"//button[@data-kt=\"addButton\"]"}
RESULT: {"using":"xpath","value":"//button[@data-kt=\"addButton\"]"}
COMMAND: POST /session/041ece1bac594130e3a6c3bac6c9d85e/element - {"using":"xpath","value":"//button[@data-kt=\"addButton\"]"}
RESULT: {"using":"xpath","value":"//button[@data-kt=\"addButton\"]"}
COMMAND: POST /session/041ece1bac594130e3a6c3bac6c9d85e/execute/sync - {"script":"<script> [8489 bytes]","args":[{"element-6066-11e4-a52e-4f735466cecf":"f.F1E1A893882E28A71BFE42B112EBC3C6.d.83E2054428D6F05FDCEECB7EC0394A0C.e.11350","ELEMENT":"f.F1E1A893882E28A71BFE42B112EBC3C6.d.83E2054428D6F05FDCEECB7EC0394A0C.e.11350"}]}
RESULT: {"script":"<script> [8489 bytes]","args":[{"element-6066-11e4-a52e-4f735466cecf":"f.F1E1A893882E28A71BFE42B112EBC3C6.d.83E2054428D6F05FDCEECB7EC0394A0C.e.11350","ELEMENT":"f.F1E1A893882E28A71BFE42B112EBC3C6.d.83E2054428D6F05FDCEECB7EC0394A0C.e.11350"}]}
COMMAND: GET /session/041ece1bac594130e3a6c3bac6c9d85e/element/f.F1E1A893882E28A71BFE42B112EBC3C6.d.83E2054428D6F05FDCEECB7EC0394A0C.e.11350/enabled - {}
COMMAND: GET /session/041ece1bac594130e3a6c3bac6c9d85e/screenshot - {}
RESULT: {}
COMMAND: POST /session/041ece1bac594130e3a6c3bac6c9d85e/execute/sync - {"script":"<script> [8489 bytes]","args":[{"element-6066-11e4-a52e-4f735466cecf":"f.F1E1A893882E28A71BFE42B112EBC3C6.d.83E2054428D6F05FDCEECB7EC0394A0C.e.11350","ELEMENT":"f.F1E1A893882E28A71BFE42B112EBC3C6.d.83E2054428D6F05FDCEECB7EC0394A0C.e.11350"}]}
COMMAND: GET /session/041ece1bac594130e3a6c3bac6c9d85e/screenshot - {}
RESULT: {}
RESULT: {"script":"<script> [8489 bytes]","args":[{"element-6066-11e4-a52e-4f735466cecf":"f.F1E1A893882E28A71BFE42B112EBC3C6.d.83E2054428D6F05FDCEECB7EC0394A0C.e.11350","ELEMENT":"f.F1E1A893882E28A71BFE42B112EBC3C6.d.83E2054428D6F05FDCEECB7EC0394A0C.e.11350"}]}
COMMAND: POST /session/041ece1bac594130e3a6c3bac6c9d85e/execute/sync - {"script":"<script> [5351 bytes]","args":[{"element-6066-11e4-a52e-4f735466cecf":"f.F1E1A893882E28A71BFE42B112EBC3C6.d.83E2054428D6F05FDCEECB7EC0394A0C.e.11350","ELEMENT":"f.F1E1A893882E28A71BFE42B112EBC3C6.d.83E2054428D6F05FDCEECB7EC0394A0C.e.11350"}]}
COMMAND: GET /session/041ece1bac594130e3a6c3bac6c9d85e/screenshot - {}
RESULT: {}
RESULT: {"script":"<script> [5351 bytes]","args":[{"element-6066-11e4-a52e-4f735466cecf":"f.F1E1A893882E28A71BFE42B112EBC3C6.d.83E2054428D6F05FDCEECB7EC0394A0C.e.11350","ELEMENT":"f.F1E1A893882E28A71BFE42B112EBC3C6.d.83E2054428D6F05FDCEECB7EC0394A0C.e.11350"}]}
COMMAND: POST /session/041ece1bac594130e3a6c3bac6c9d85e/element/f.F1E1A893882E28A71BFE42B112EBC3C6.d.83E2054428D6F05FDCEECB7EC0394A0C.e.11350/click - {}
COMMAND: GET /session/041ece1bac594130e3a6c3bac6c9d85e/screenshot - {}
RESULT: {}
RESULT: {}
COMMAND: GET /session/041ece1bac594130e3a6c3bac6c9d85e/screenshot - {}
RESULT: {}
RESULT: {}
COMMAND: POST /session/041ece1bac594130e3a6c3bac6c9d85e/execute/async - {"script":"<script> [1562 bytes]","args":[{"selector":{"controlType":"sap.m.Title","viewName":"etm.portal.ui.managepricingrules.view.NewItem","viewId":"application-managepricingrules-display-component---newInfoPriceItem","properties":{"text":"New Pricing Rules - Item Level"}},"wdio_ui5_key":"etmportal.ui.managepricingrules.view.NewItemsap.m.Title{\"text\":\"New Pricing Rules - Item Level\"}"}]}
RESULT: {"script":"<script> [1562 bytes]","args":[{"selector":{"controlType":"sap.m.Title","viewName":"etm.portal.ui.managepricingrules.view.NewItem","viewId":"application-managepricingrules-display-component---newInfoPriceItem","properties":{"text":"New Pricing Rules - Item Level"}},"wdio_ui5_key":"etmportal.ui.managepricingrules.view.NewItemsap.m.Title{\"text\":\"New Pricing Rules - Item Level\"}"}]}
RESULT: undefined
COMMAND: POST /session/041ece1bac594130e3a6c3bac6c9d85e/execute/async - {"script":"<script> [6424 bytes]","args":[{"element-6066-11e4-a52e-4f735466cecf":"f.F1E1A893882E28A71BFE42B112EBC3C6.d.83E2054428D6F05FDCEECB7EC0394A0C.e.11519"},"getText",[]]}
RESULT: {"script":"<script> [6424 bytes]","args":[{"element-6066-11e4-a52e-4f735466cecf":"f.F1E1A893882E28A71BFE42B112EBC3C6.d.83E2054428D6F05FDCEECB7EC0394A0C.e.11519"},"getText",[]]}
COMMAND: POST /session/041ece1bac594130e3a6c3bac6c9d85e/execute/async - {"script":"<script> [1562 bytes]","args":[{"selector":{"id":"application-managepricingrules-display-component---newInfoPriceItem--condValidTo","interaction":{"idSuffix":"inner"}},"wdio_ui5_key":"applicationmanagepricingrules-display-component---newInfoPriceItem--condValidTo"}]}
RESULT: {"script":"<script> [1562 bytes]","args":[{"selector":{"id":"application-managepricingrules-display-component---newInfoPriceItem--condValidTo","interaction":{"idSuffix":"inner"}},"wdio_ui5_key":"applicationmanagepricingrules-display-component---newInfoPriceItem--condValidTo"}]}
RESULT: undefined
COMMAND: POST /session/041ece1bac594130e3a6c3bac6c9d85e/execute/async - {"script":"<script> [776 bytes]","args":[{"enterText":"2/5/26","selector":{"id":"application-managepricingrules-display-component---newInfoPriceItem--condValidTo","interaction":{"idSuffix":"inner"}},"clearTextFirst":true,"interactionType":"ENTER_TEXT"}]}
RESULT: {"script":"<script> [776 bytes]","args":[{"enterText":"2/5/26","selector":{"id":"application-managepricingrules-display-component---newInfoPriceItem--condValidTo","interaction":{"idSuffix":"inner"}},"clearTextFirst":true,"interactionType":"ENTER_TEXT"}]}
COMMAND: POST /session/041ece1bac594130e3a6c3bac6c9d85e/execute/async - {"script":"<script> [1562 bytes]","args":[{"selector":{"id":"application-managepricingrules-display-component---newInfoPriceItem--billType-arrow"},"wdio_ui5_key":"applicationmanagepricingrules-display-component---newInfoPriceItem--billType-arrow"}]}
RESULT: {"script":"<script> [1562 bytes]","args":[{"selector":{"id":"application-managepricingrules-display-component---newInfoPriceItem--billType-arrow"},"wdio_ui5_key":"applicationmanagepricingrules-display-component---newInfoPriceItem--billType-arrow"}]}
RESULT: undefined
COMMAND: POST /session/041ece1bac594130e3a6c3bac6c9d85e/element - {"using":"xpath","value":"//*[@id=\"application-managepricingrules-display-component---newInfoPriceItem--billType-arrow\"]"}
RESULT: {"using":"xpath","value":"//*[@id=\"application-managepricingrules-display-component---newInfoPriceItem--billType-arrow\"]"}
COMMAND: POST /session/041ece1bac594130e3a6c3bac6c9d85e/element/f.F1E1A893882E28A71BFE42B112EBC3C6.d.83E2054428D6F05FDCEECB7EC0394A0C.e.11479/click - {}
RESULT: {}
COMMAND: POST /session/041ece1bac594130e3a6c3bac6c9d85e/element - {"using":"xpath","value":"//span[contains(text(), \"TB - Time based\")]"}
COMMAND: GET /session/041ece1bac594130e3a6c3bac6c9d85e/screenshot - {}
RESULT: {"using":"xpath","value":"//span[contains(text(), \"TB - Time based\")]"}
COMMAND: POST /session/041ece1bac594130e3a6c3bac6c9d85e/element/f.F1E1A893882E28A71BFE42B112EBC3C6.d.83E2054428D6F05FDCEECB7EC0394A0C.e.11521/click - {}
RESULT: {}
RESULT: {}
COMMAND: POST /session/041ece1bac594130e3a6c3bac6c9d85e/execute/async - {"script":"<script> [1562 bytes]","args":[{"selector":{"id":"application-managepricingrules-display-component---newInfoPriceItem--priceProc-arrow"},"wdio_ui5_key":"applicationmanagepricingrules-display-component---newInfoPriceItem--priceProc-arrow"}]}
COMMAND: GET /session/041ece1bac594130e3a6c3bac6c9d85e/screenshot - {}
RESULT: {"script":"<script> [1562 bytes]","args":[{"selector":{"id":"application-managepricingrules-display-component---newInfoPriceItem--priceProc-arrow"},"wdio_ui5_key":"applicationmanagepricingrules-display-component---newInfoPriceItem--priceProc-arrow"}]}
RESULT: undefined
COMMAND: POST /session/041ece1bac594130e3a6c3bac6c9d85e/element - {"using":"xpath","value":"//*[@id=\"application-managepricingrules-display-component---newInfoPriceItem--priceProc-arrow\"]"}
RESULT: {}
RESULT: {"using":"xpath","value":"//*[@id=\"application-managepricingrules-display-component---newInfoPriceItem--priceProc-arrow\"]"}
COMMAND: POST /session/041ece1bac594130e3a6c3bac6c9d85e/element/f.F1E1A893882E28A71BFE42B112EBC3C6.d.83E2054428D6F05FDCEECB7EC0394A0C.e.11486/click - {}
RESULT: {}
COMMAND: POST /session/041ece1bac594130e3a6c3bac6c9d85e/element - {"using":"xpath","value":"//span[contains(text(), \"TBS - Time based standard\")]"}
COMMAND: GET /session/041ece1bac594130e3a6c3bac6c9d85e/screenshot - {}
RESULT: {"using":"xpath","value":"//span[contains(text(), \"TBS - Time based standard\")]"}
COMMAND: POST /session/041ece1bac594130e3a6c3bac6c9d85e/element/f.F1E1A893882E28A71BFE42B112EBC3C6.d.83E2054428D6F05FDCEECB7EC0394A0C.e.11522/click - {}
RESULT: {}
RESULT: {}
COMMAND: POST /session/041ece1bac594130e3a6c3bac6c9d85e/execute/async - {"script":"<script> [1562 bytes]","args":[{"selector":{"id":"application-managepricingrules-display-component---newInfoPriceItem--calcBase-arrow"},"wdio_ui5_key":"applicationmanagepricingrules-display-component---newInfoPriceItem--calcBase-arrow"}]}
COMMAND: GET /session/041ece1bac594130e3a6c3bac6c9d85e/screenshot - {}
RESULT: {"script":"<script> [1562 bytes]","args":[{"selector":{"id":"application-managepricingrules-display-component---newInfoPriceItem--calcBase-arrow"},"wdio_ui5_key":"applicationmanagepricingrules-display-component---newInfoPriceItem--calcBase-arrow"}]}
RESULT: undefined
COMMAND: POST /session/041ece1bac594130e3a6c3bac6c9d85e/element - {"using":"xpath","value":"//*[@id=\"application-managepricingrules-display-component---newInfoPriceItem--calcBase-arrow\"]"}
RESULT: {}
RESULT: {"using":"xpath","value":"//*[@id=\"application-managepricingrules-display-component---newInfoPriceItem--calcBase-arrow\"]"}
COMMAND: POST /session/041ece1bac594130e3a6c3bac6c9d85e/element/f.F1E1A893882E28A71BFE42B112EBC3C6.d.83E2054428D6F05FDCEECB7EC0394A0C.e.11493/click - {}
RESULT: {}
COMMAND: GET /session/041ece1bac594130e3a6c3bac6c9d85e/screenshot - {}
RESULT: {}
COMMAND: POST /session/041ece1bac594130e3a6c3bac6c9d85e/element - {"using":"xpath","value":"//span[contains(text(), \"0006 - TB(calendar days)\")]"}
RESULT: {"using":"xpath","value":"//span[contains(text(), \"0006 - TB(calendar days)\")]"}
COMMAND: POST /session/041ece1bac594130e3a6c3bac6c9d85e/element/f.F1E1A893882E28A71BFE42B112EBC3C6.d.83E2054428D6F05FDCEECB7EC0394A0C.e.11523/click - {}
RESULT: {}
COMMAND: GET /session/041ece1bac594130e3a6c3bac6c9d85e/screenshot - {}
RESULT: {}
COMMAND: POST /session/041ece1bac594130e3a6c3bac6c9d85e/execute/async - {"script":"<script> [1562 bytes]","args":[{"selector":{"id":"application-managepricingrules-display-component---newInfoPriceItem--daysMonth","interaction":{"idSuffix":"inner"}},"wdio_ui5_key":"applicationmanagepricingrules-display-component---newInfoPriceItem--daysMonth"}]}
RESULT: {"script":"<script> [1562 bytes]","args":[{"selector":{"id":"application-managepricingrules-display-component---newInfoPriceItem--daysMonth","interaction":{"idSuffix":"inner"}},"wdio_ui5_key":"applicationmanagepricingrules-display-component---newInfoPriceItem--daysMonth"}]}
RESULT: undefined
COMMAND: POST /session/041ece1bac594130e3a6c3bac6c9d85e/execute/async - {"script":"<script> [776 bytes]","args":[{"enterText":"30","selector":{"id":"application-managepricingrules-display-component---newInfoPriceItem--daysMonth","interaction":{"idSuffix":"inner"}},"clearTextFirst":true,"interactionType":"ENTER_TEXT"}]}
RESULT: {"script":"<script> [776 bytes]","args":[{"enterText":"30","selector":{"id":"application-managepricingrules-display-component---newInfoPriceItem--daysMonth","interaction":{"idSuffix":"inner"}},"clearTextFirst":true,"interactionType":"ENTER_TEXT"}]}
COMMAND: POST /session/041ece1bac594130e3a6c3bac6c9d85e/element - {"using":"xpath","value":"//button[@data-kt=\"saveNewRuleButton\"]"}
RESULT: {"using":"xpath","value":"//button[@data-kt=\"saveNewRuleButton\"]"}
COMMAND: POST /session/041ece1bac594130e3a6c3bac6c9d85e/element/f.F1E1A893882E28A71BFE42B112EBC3C6.d.83E2054428D6F05FDCEECB7EC0394A0C.e.11513/click - {}
RESULT: {}
COMMAND: GET /session/041ece1bac594130e3a6c3bac6c9d85e/screenshot - {}
RESULT: {}
COMMAND: POST /session/041ece1bac594130e3a6c3bac6c9d85e/execute/async - {"script":"<script> [1562 bytes]","args":[{"selector":{"id":"application-managepricingrules-display-component---priceInfoItem--smartFilterBar-btnBasicSearch","interaction":{"idSuffix":"I"}},"wdio_ui5_key":"applicationmanagepricingrules-display-component---priceInfoItem--smartFilterBar-btnBasicSearch"}]}
RESULT: {"script":"<script> [1562 bytes]","args":[{"selector":{"id":"application-managepricingrules-display-component---priceInfoItem--smartFilterBar-btnBasicSearch","interaction":{"idSuffix":"I"}},"wdio_ui5_key":"applicationmanagepricingrules-display-component---priceInfoItem--smartFilterBar-btnBasicSearch"}]}
RESULT: undefined
COMMAND: POST /session/041ece1bac594130e3a6c3bac6c9d85e/execute/async - {"script":"<script> [776 bytes]","args":[{"enterText":"0Lf06t7VoG","selector":{"id":"application-managepricingrules-display-component---priceInfoItem--smartFilterBar-btnBasicSearch","interaction":{"idSuffix":"I"}},"clearTextFirst":true,"interactionType":"ENTER_TEXT"}]}
RESULT: {"script":"<script> [776 bytes]","args":[{"enterText":"0Lf06t7VoG","selector":{"id":"application-managepricingrules-display-component---priceInfoItem--smartFilterBar-btnBasicSearch","interaction":{"idSuffix":"I"}},"clearTextFirst":true,"interactionType":"ENTER_TEXT"}]}
COMMAND: POST /session/041ece1bac594130e3a6c3bac6c9d85e/actions - {"actions":[{"id":"action39","type":"key","parameters":{},"actions":[{"type":"keyDown","value":"î€‡"},{"type":"pause","duration":10},{"type":"keyUp","value":"î€‡"}]}]}
RESULT: {"actions":[{"id":"action39","type":"key","parameters":{},"actions":[{"type":"keyDown","value":"î€‡"},{"type":"pause","duration":10},{"type":"keyUp","value":"î€‡"}]}]}
COMMAND: GET /session/041ece1bac594130e3a6c3bac6c9d85e/screenshot - {}
RESULT: {}
COMMAND: POST /session/041ece1bac594130e3a6c3bac6c9d85e/element - {"using":"xpath","value":"//span[@id=\"application-managepricingrules-display-component---priceInfoItem--smartTable-header-inner\"]"}
RESULT: {"using":"xpath","value":"//span[@id=\"application-managepricingrules-display-component---priceInfoItem--smartTable-header-inner\"]"}
COMMAND: POST /session/041ece1bac594130e3a6c3bac6c9d85e/elements - {"using":"xpath","value":"//span[@id=\"application-managepricingrules-display-component---priceInfoItem--smartTable-header-inner\"]"}
RESULT: {"using":"xpath","value":"//span[@id=\"application-managepricingrules-display-component---priceInfoItem--smartTable-header-inner\"]"}
COMMAND: POST /session/041ece1bac594130e3a6c3bac6c9d85e/execute/sync - {"script":"<script> [56 bytes]","args":[{"element-6066-11e4-a52e-4f735466cecf":"f.F1E1A893882E28A71BFE42B112EBC3C6.d.83E2054428D6F05FDCEECB7EC0394A0C.e.11549","ELEMENT":"f.F1E1A893882E28A71BFE42B112EBC3C6.d.83E2054428D6F05FDCEECB7EC0394A0C.e.11549"}]}
RESULT: {"script":"<script> [56 bytes]","args":[{"element-6066-11e4-a52e-4f735466cecf":"f.F1E1A893882E28A71BFE42B112EBC3C6.d.83E2054428D6F05FDCEECB7EC0394A0C.e.11549","ELEMENT":"f.F1E1A893882E28A71BFE42B112EBC3C6.d.83E2054428D6F05FDCEECB7EC0394A0C.e.11549"}]}
COMMAND: POST /session/041ece1bac594130e3a6c3bac6c9d85e/element - {"using":"css selector","value":"#shell-header-logo"}
COMMAND: GET /session/041ece1bac594130e3a6c3bac6c9d85e/screenshot - {}
RESULT: {"using":"css selector","value":"#shell-header-logo"}
COMMAND: POST /session/041ece1bac594130e3a6c3bac6c9d85e/element/f.F1E1A893882E28A71BFE42B112EBC3C6.d.83E2054428D6F05FDCEECB7EC0394A0C.e.10607/click - {}
RESULT: {}
RESULT: {}
COMMAND: GET /session/041ece1bac594130e3a6c3bac6c9d85e/screenshot - {}
RESULT: {}
]]></system-out>
    </testcase>
    <testcase classname="chrome.137_0_7151_56.windows.Billing_transfer_US117289" name="Should create new condition for equipment" time="69.947">
      <system-out><![CDATA[
COMMAND: POST /session/041ece1bac594130e3a6c3bac6c9d85e/execute/async - {"script":"<script> [1562 bytes]","args":[{"selector":{"controlType":"sap.m.GenericTile","properties":{"header":"Manage Conditions & Prices"}},"wdio_ui5_key":"sapm.GenericTile{\"header\":\"Manage Conditions & Prices\"}"}]}
RESULT: {"script":"<script> [1562 bytes]","args":[{"selector":{"controlType":"sap.m.GenericTile","properties":{"header":"Manage Conditions & Prices"}},"wdio_ui5_key":"sapm.GenericTile{\"header\":\"Manage Conditions & Prices\"}"}]}
RESULT: undefined
COMMAND: POST /session/041ece1bac594130e3a6c3bac6c9d85e/element - {"using":"xpath","value":"//*[@id=\"__tile53\"]"}
RESULT: {"using":"xpath","value":"//*[@id=\"__tile53\"]"}
COMMAND: POST /session/041ece1bac594130e3a6c3bac6c9d85e/element/f.F1E1A893882E28A71BFE42B112EBC3C6.d.83E2054428D6F05FDCEECB7EC0394A0C.e.10554/click - {}
RESULT: {}
COMMAND: GET /session/041ece1bac594130e3a6c3bac6c9d85e/screenshot - {}
COMMAND: POST /session/041ece1bac594130e3a6c3bac6c9d85e/elements - {"using":"xpath","value":"//span[text()='Error']"}
RESULT: {}
RESULT: {"using":"xpath","value":"//span[text()='Error']"}
COMMAND: POST /session/041ece1bac594130e3a6c3bac6c9d85e/element - {"using":"xpath","value":"//button[@aria-label=\"Create\"]"}
RESULT: {"using":"xpath","value":"//button[@aria-label=\"Create\"]"}
COMMAND: POST /session/041ece1bac594130e3a6c3bac6c9d85e/elements - {"using":"xpath","value":"//button[@aria-label=\"Create\"]"}
RESULT: {"using":"xpath","value":"//button[@aria-label=\"Create\"]"}
COMMAND: POST /session/041ece1bac594130e3a6c3bac6c9d85e/execute/sync - {"script":"<script> [8489 bytes]","args":[{"element-6066-11e4-a52e-4f735466cecf":"f.F1E1A893882E28A71BFE42B112EBC3C6.d.83E2054428D6F05FDCEECB7EC0394A0C.e.11582","ELEMENT":"f.F1E1A893882E28A71BFE42B112EBC3C6.d.83E2054428D6F05FDCEECB7EC0394A0C.e.11582"}]}
RESULT: {"script":"<script> [8489 bytes]","args":[{"element-6066-11e4-a52e-4f735466cecf":"f.F1E1A893882E28A71BFE42B112EBC3C6.d.83E2054428D6F05FDCEECB7EC0394A0C.e.11582","ELEMENT":"f.F1E1A893882E28A71BFE42B112EBC3C6.d.83E2054428D6F05FDCEECB7EC0394A0C.e.11582"}]}
COMMAND: GET /session/041ece1bac594130e3a6c3bac6c9d85e/element/f.F1E1A893882E28A71BFE42B112EBC3C6.d.83E2054428D6F05FDCEECB7EC0394A0C.e.11582/enabled - {}
COMMAND: GET /session/041ece1bac594130e3a6c3bac6c9d85e/screenshot - {}
RESULT: {}
COMMAND: POST /session/041ece1bac594130e3a6c3bac6c9d85e/execute/sync - {"script":"<script> [8489 bytes]","args":[{"element-6066-11e4-a52e-4f735466cecf":"f.F1E1A893882E28A71BFE42B112EBC3C6.d.83E2054428D6F05FDCEECB7EC0394A0C.e.11582","ELEMENT":"f.F1E1A893882E28A71BFE42B112EBC3C6.d.83E2054428D6F05FDCEECB7EC0394A0C.e.11582"}]}
COMMAND: GET /session/041ece1bac594130e3a6c3bac6c9d85e/screenshot - {}
RESULT: {}
RESULT: {"script":"<script> [8489 bytes]","args":[{"element-6066-11e4-a52e-4f735466cecf":"f.F1E1A893882E28A71BFE42B112EBC3C6.d.83E2054428D6F05FDCEECB7EC0394A0C.e.11582","ELEMENT":"f.F1E1A893882E28A71BFE42B112EBC3C6.d.83E2054428D6F05FDCEECB7EC0394A0C.e.11582"}]}
COMMAND: POST /session/041ece1bac594130e3a6c3bac6c9d85e/execute/sync - {"script":"<script> [5351 bytes]","args":[{"element-6066-11e4-a52e-4f735466cecf":"f.F1E1A893882E28A71BFE42B112EBC3C6.d.83E2054428D6F05FDCEECB7EC0394A0C.e.11582","ELEMENT":"f.F1E1A893882E28A71BFE42B112EBC3C6.d.83E2054428D6F05FDCEECB7EC0394A0C.e.11582"}]}
COMMAND: GET /session/041ece1bac594130e3a6c3bac6c9d85e/screenshot - {}
RESULT: {}
RESULT: {"script":"<script> [5351 bytes]","args":[{"element-6066-11e4-a52e-4f735466cecf":"f.F1E1A893882E28A71BFE42B112EBC3C6.d.83E2054428D6F05FDCEECB7EC0394A0C.e.11582","ELEMENT":"f.F1E1A893882E28A71BFE42B112EBC3C6.d.83E2054428D6F05FDCEECB7EC0394A0C.e.11582"}]}
COMMAND: POST /session/041ece1bac594130e3a6c3bac6c9d85e/element/f.F1E1A893882E28A71BFE42B112EBC3C6.d.83E2054428D6F05FDCEECB7EC0394A0C.e.11582/click - {}
COMMAND: GET /session/041ece1bac594130e3a6c3bac6c9d85e/screenshot - {}
RESULT: {}
RESULT: {}
COMMAND: GET /session/041ece1bac594130e3a6c3bac6c9d85e/screenshot - {}
RESULT: {}
RESULT: {}
COMMAND: POST /session/041ece1bac594130e3a6c3bac6c9d85e/actions - {"actions":[{"id":"action40","type":"key","parameters":{},"actions":[{"type":"keyDown","value":"î€‡"},{"type":"pause","duration":10},{"type":"keyUp","value":"î€‡"}]}]}
RESULT: {"actions":[{"id":"action40","type":"key","parameters":{},"actions":[{"type":"keyDown","value":"î€‡"},{"type":"pause","duration":10},{"type":"keyUp","value":"î€‡"}]}]}
COMMAND: GET /session/041ece1bac594130e3a6c3bac6c9d85e/screenshot - {}
COMMAND: POST /session/041ece1bac594130e3a6c3bac6c9d85e/execute/async - {"script":"<script> [1562 bytes]","args":[{"selector":{"id":"application-manageconditionprice-display-component---newCondition--condBillCond-arrow"},"wdio_ui5_key":"applicationmanageconditionprice-display-component---newCondition--condBillCond-arrow"}]}
RESULT: {}
RESULT: {"script":"<script> [1562 bytes]","args":[{"selector":{"id":"application-manageconditionprice-display-component---newCondition--condBillCond-arrow"},"wdio_ui5_key":"applicationmanageconditionprice-display-component---newCondition--condBillCond-arrow"}]}
RESULT: undefined
COMMAND: POST /session/041ece1bac594130e3a6c3bac6c9d85e/element - {"using":"xpath","value":"//*[@id=\"application-manageconditionprice-display-component---newCondition--condBillCond-arrow\"]"}
RESULT: {"using":"xpath","value":"//*[@id=\"application-manageconditionprice-display-component---newCondition--condBillCond-arrow\"]"}
COMMAND: POST /session/041ece1bac594130e3a6c3bac6c9d85e/element/f.F1E1A893882E28A71BFE42B112EBC3C6.d.83E2054428D6F05FDCEECB7EC0394A0C.e.11779/click - {}
RESULT: {}
COMMAND: GET /session/041ece1bac594130e3a6c3bac6c9d85e/screenshot - {}
RESULT: {}
COMMAND: POST /session/041ece1bac594130e3a6c3bac6c9d85e/element - {"using":"xpath","value":"//li[.//span[contains(text(), \"DISP - D&I special price\")]]"}
RESULT: {"using":"xpath","value":"//li[.//span[contains(text(), \"DISP - D&I special price\")]]"}
COMMAND: POST /session/041ece1bac594130e3a6c3bac6c9d85e/element/f.F1E1A893882E28A71BFE42B112EBC3C6.d.83E2054428D6F05FDCEECB7EC0394A0C.e.11782/click - {}
RESULT: {}
COMMAND: GET /session/041ece1bac594130e3a6c3bac6c9d85e/screenshot - {}
RESULT: {}
COMMAND: POST /session/041ece1bac594130e3a6c3bac6c9d85e/execute/async - {"script":"<script> [1562 bytes]","args":[{"selector":{"id":"application-manageconditionprice-display-component---newCondition--condValidTo","interaction":{"idSuffix":"inner"}},"wdio_ui5_key":"applicationmanageconditionprice-display-component---newCondition--condValidTo"}]}
RESULT: {"script":"<script> [1562 bytes]","args":[{"selector":{"id":"application-manageconditionprice-display-component---newCondition--condValidTo","interaction":{"idSuffix":"inner"}},"wdio_ui5_key":"applicationmanageconditionprice-display-component---newCondition--condValidTo"}]}
RESULT: undefined
COMMAND: POST /session/041ece1bac594130e3a6c3bac6c9d85e/execute/async - {"script":"<script> [776 bytes]","args":[{"enterText":"2/5/26","selector":{"id":"application-manageconditionprice-display-component---newCondition--condValidTo","interaction":{"idSuffix":"inner"}},"clearTextFirst":true,"interactionType":"ENTER_TEXT"}]}
RESULT: {"script":"<script> [776 bytes]","args":[{"enterText":"2/5/26","selector":{"id":"application-manageconditionprice-display-component---newCondition--condValidTo","interaction":{"idSuffix":"inner"}},"clearTextFirst":true,"interactionType":"ENTER_TEXT"}]}
COMMAND: POST /session/041ece1bac594130e3a6c3bac6c9d85e/element - {"using":"xpath","value":"//input[@id=\"application-manageconditionprice-display-component---newCondition--condRU-inner\"]"}
RESULT: {"using":"xpath","value":"//input[@id=\"application-manageconditionprice-display-component---newCondition--condRU-inner\"]"}
COMMAND: POST /session/041ece1bac594130e3a6c3bac6c9d85e/element/f.F1E1A893882E28A71BFE42B112EBC3C6.d.83E2054428D6F05FDCEECB7EC0394A0C.e.11643/clear - {}
RESULT: {}
COMMAND: POST /session/041ece1bac594130e3a6c3bac6c9d85e/element/f.F1E1A893882E28A71BFE42B112EBC3C6.d.83E2054428D6F05FDCEECB7EC0394A0C.e.11643/value - {"text":"0Lf06t7VoG"}
COMMAND: GET /session/041ece1bac594130e3a6c3bac6c9d85e/screenshot - {}
RESULT: {"text":"0Lf06t7VoG"}
COMMAND: GET /session/041ece1bac594130e3a6c3bac6c9d85e/screenshot - {}
RESULT: {}
RESULT: {}
COMMAND: POST /session/041ece1bac594130e3a6c3bac6c9d85e/actions - {"actions":[{"id":"action41","type":"key","parameters":{},"actions":[{"type":"keyDown","value":"î€‡"},{"type":"pause","duration":10},{"type":"keyUp","value":"î€‡"}]}]}
RESULT: {"actions":[{"id":"action41","type":"key","parameters":{},"actions":[{"type":"keyDown","value":"î€‡"},{"type":"pause","duration":10},{"type":"keyUp","value":"î€‡"}]}]}
COMMAND: POST /session/041ece1bac594130e3a6c3bac6c9d85e/execute/async - {"script":"<script> [1562 bytes]","args":[{"selector":{"id":"application-manageconditionprice-display-component---newCondition--condBaseQty","interaction":{"idSuffix":"inner"}},"wdio_ui5_key":"applicationmanageconditionprice-display-component---newCondition--condBaseQty"}]}
COMMAND: GET /session/041ece1bac594130e3a6c3bac6c9d85e/screenshot - {}
RESULT: {"script":"<script> [1562 bytes]","args":[{"selector":{"id":"application-manageconditionprice-display-component---newCondition--condBaseQty","interaction":{"idSuffix":"inner"}},"wdio_ui5_key":"applicationmanageconditionprice-display-component---newCondition--condBaseQty"}]}
RESULT: undefined
COMMAND: POST /session/041ece1bac594130e3a6c3bac6c9d85e/execute/async - {"script":"<script> [776 bytes]","args":[{"enterText":"1","selector":{"id":"application-manageconditionprice-display-component---newCondition--condBaseQty","interaction":{"idSuffix":"inner"}},"clearTextFirst":true,"interactionType":"ENTER_TEXT"}]}
RESULT: {}
RESULT: {"script":"<script> [776 bytes]","args":[{"enterText":"1","selector":{"id":"application-manageconditionprice-display-component---newCondition--condBaseQty","interaction":{"idSuffix":"inner"}},"clearTextFirst":true,"interactionType":"ENTER_TEXT"}]}
COMMAND: POST /session/041ece1bac594130e3a6c3bac6c9d85e/execute/async - {"script":"<script> [1562 bytes]","args":[{"selector":{"id":"application-manageconditionprice-display-component---newCondition--condValue","interaction":{"idSuffix":"inner"}},"wdio_ui5_key":"applicationmanageconditionprice-display-component---newCondition--condValue"}]}
RESULT: {"script":"<script> [1562 bytes]","args":[{"selector":{"id":"application-manageconditionprice-display-component---newCondition--condValue","interaction":{"idSuffix":"inner"}},"wdio_ui5_key":"applicationmanageconditionprice-display-component---newCondition--condValue"}]}
RESULT: undefined
COMMAND: POST /session/041ece1bac594130e3a6c3bac6c9d85e/execute/async - {"script":"<script> [776 bytes]","args":[{"enterText":"100","selector":{"id":"application-manageconditionprice-display-component---newCondition--condValue","interaction":{"idSuffix":"inner"}},"clearTextFirst":true,"interactionType":"ENTER_TEXT"}]}
RESULT: {"script":"<script> [776 bytes]","args":[{"enterText":"100","selector":{"id":"application-manageconditionprice-display-component---newCondition--condValue","interaction":{"idSuffix":"inner"}},"clearTextFirst":true,"interactionType":"ENTER_TEXT"}]}
COMMAND: POST /session/041ece1bac594130e3a6c3bac6c9d85e/execute/async - {"script":"<script> [1562 bytes]","args":[{"selector":{"id":"application-manageconditionprice-display-component---newCondition--condCurr-arrow"},"wdio_ui5_key":"applicationmanageconditionprice-display-component---newCondition--condCurr-arrow"}]}
RESULT: {"script":"<script> [1562 bytes]","args":[{"selector":{"id":"application-manageconditionprice-display-component---newCondition--condCurr-arrow"},"wdio_ui5_key":"applicationmanageconditionprice-display-component---newCondition--condCurr-arrow"}]}
RESULT: undefined
COMMAND: POST /session/041ece1bac594130e3a6c3bac6c9d85e/element - {"using":"xpath","value":"//*[@id=\"application-manageconditionprice-display-component---newCondition--condCurr-arrow\"]"}
RESULT: {"using":"xpath","value":"//*[@id=\"application-manageconditionprice-display-component---newCondition--condCurr-arrow\"]"}
COMMAND: POST /session/041ece1bac594130e3a6c3bac6c9d85e/element/f.F1E1A893882E28A71BFE42B112EBC3C6.d.83E2054428D6F05FDCEECB7EC0394A0C.e.11738/click - {}
RESULT: {}
COMMAND: POST /session/041ece1bac594130e3a6c3bac6c9d85e/element - {"using":"xpath","value":"//span[contains(text(), \"Euro\")]"}
COMMAND: GET /session/041ece1bac594130e3a6c3bac6c9d85e/screenshot - {}
RESULT: {"using":"xpath","value":"//span[contains(text(), \"Euro\")]"}
COMMAND: POST /session/041ece1bac594130e3a6c3bac6c9d85e/element/f.F1E1A893882E28A71BFE42B112EBC3C6.d.83E2054428D6F05FDCEECB7EC0394A0C.e.11818/click - {}
RESULT: {}
RESULT: {}
COMMAND: POST /session/041ece1bac594130e3a6c3bac6c9d85e/element - {"using":"xpath","value":"//button[@data-kt=\"saveButton\"]"}
COMMAND: GET /session/041ece1bac594130e3a6c3bac6c9d85e/screenshot - {}
RESULT: {"using":"xpath","value":"//button[@data-kt=\"saveButton\"]"}
COMMAND: POST /session/041ece1bac594130e3a6c3bac6c9d85e/element/f.F1E1A893882E28A71BFE42B112EBC3C6.d.83E2054428D6F05FDCEECB7EC0394A0C.e.11739/click - {}
RESULT: {}
RESULT: {}
COMMAND: GET /session/041ece1bac594130e3a6c3bac6c9d85e/screenshot - {}
RESULT: {}
COMMAND: POST /session/041ece1bac594130e3a6c3bac6c9d85e/execute/async - {"script":"<script> [1562 bytes]","args":[{"selector":{"id":"application-manageconditionprice-display-component---conditions--smartFilterBar-btnBasicSearch","interaction":{"idSuffix":"I"}},"wdio_ui5_key":"applicationmanageconditionprice-display-component---conditions--smartFilterBar-btnBasicSearch"}]}
RESULT: {"script":"<script> [1562 bytes]","args":[{"selector":{"id":"application-manageconditionprice-display-component---conditions--smartFilterBar-btnBasicSearch","interaction":{"idSuffix":"I"}},"wdio_ui5_key":"applicationmanageconditionprice-display-component---conditions--smartFilterBar-btnBasicSearch"}]}
RESULT: undefined
COMMAND: POST /session/041ece1bac594130e3a6c3bac6c9d85e/execute/async - {"script":"<script> [776 bytes]","args":[{"enterText":"0Lf06t7VoG","selector":{"id":"application-manageconditionprice-display-component---conditions--smartFilterBar-btnBasicSearch","interaction":{"idSuffix":"I"}},"clearTextFirst":true,"interactionType":"ENTER_TEXT"}]}
RESULT: {"script":"<script> [776 bytes]","args":[{"enterText":"0Lf06t7VoG","selector":{"id":"application-manageconditionprice-display-component---conditions--smartFilterBar-btnBasicSearch","interaction":{"idSuffix":"I"}},"clearTextFirst":true,"interactionType":"ENTER_TEXT"}]}
COMMAND: POST /session/041ece1bac594130e3a6c3bac6c9d85e/actions - {"actions":[{"id":"action42","type":"key","parameters":{},"actions":[{"type":"keyDown","value":"î€‡"},{"type":"pause","duration":10},{"type":"keyUp","value":"î€‡"}]}]}
RESULT: {"actions":[{"id":"action42","type":"key","parameters":{},"actions":[{"type":"keyDown","value":"î€‡"},{"type":"pause","duration":10},{"type":"keyUp","value":"î€‡"}]}]}
COMMAND: GET /session/041ece1bac594130e3a6c3bac6c9d85e/screenshot - {}
RESULT: {}
COMMAND: POST /session/041ece1bac594130e3a6c3bac6c9d85e/execute/async - {"script":"<script> [1562 bytes]","args":[{"selector":{"id":"application-manageconditionprice-display-component---conditions--smartFilterBar-filterItemControl_BASIC-BILL_TYPES-vhi"},"wdio_ui5_key":"applicationmanageconditionprice-display-component---conditions--smartFilterBar-filterItemControl_BASIC-BILL_TYPES-vhi"}]}
RESULT: {"script":"<script> [1562 bytes]","args":[{"selector":{"id":"application-manageconditionprice-display-component---conditions--smartFilterBar-filterItemControl_BASIC-BILL_TYPES-vhi"},"wdio_ui5_key":"applicationmanageconditionprice-display-component---conditions--smartFilterBar-filterItemControl_BASIC-BILL_TYPES-vhi"}]}
RESULT: undefined
COMMAND: POST /session/041ece1bac594130e3a6c3bac6c9d85e/element - {"using":"xpath","value":"//*[@id=\"application-manageconditionprice-display-component---conditions--smartFilterBar-filterItemControl_BASIC-BILL_TYPES-vhi\"]"}
RESULT: {"using":"xpath","value":"//*[@id=\"application-manageconditionprice-display-component---conditions--smartFilterBar-filterItemControl_BASIC-BILL_TYPES-vhi\"]"}
COMMAND: POST /session/041ece1bac594130e3a6c3bac6c9d85e/element/f.F1E1A893882E28A71BFE42B112EBC3C6.d.83E2054428D6F05FDCEECB7EC0394A0C.e.11924/click - {}
RESULT: {}
COMMAND: POST /session/041ece1bac594130e3a6c3bac6c9d85e/execute/async - {"script":"<script> [1562 bytes]","args":[{"selector":{"id":"application-manageconditionprice-display-component---conditions--smartFilterBar-filterItemControl_BASIC-BILL_TYPES-valueHelpDialog-smartFilterBar-btnBasicSearch","searchOpenDialogs":true,"interaction":{"idSuffix":"I"}},"wdio_ui5_key":"applicationmanageconditionprice-display-component---conditions--smartFilterBar-filterItemControl_BASIC-BILL_TYPES-valueHelpDialog-smartFilterBar-btnBasicSearch"}]}
COMMAND: GET /session/041ece1bac594130e3a6c3bac6c9d85e/screenshot - {}
RESULT: {}
RESULT: {"script":"<script> [1562 bytes]","args":[{"selector":{"id":"application-manageconditionprice-display-component---conditions--smartFilterBar-filterItemControl_BASIC-BILL_TYPES-valueHelpDialog-smartFilterBar-btnBasicSearch","searchOpenDialogs":true,"interaction":{"idSuffix":"I"}},"wdio_ui5_key":"applicationmanageconditionprice-display-component---conditions--smartFilterBar-filterItemControl_BASIC-BILL_TYPES-valueHelpDialog-smartFilterBar-btnBasicSearch"}]}
RESULT: undefined
COMMAND: POST /session/041ece1bac594130e3a6c3bac6c9d85e/execute/async - {"script":"<script> [776 bytes]","args":[{"enterText":"TB","selector":{"id":"application-manageconditionprice-display-component---conditions--smartFilterBar-filterItemControl_BASIC-BILL_TYPES-valueHelpDialog-smartFilterBar-btnBasicSearch","searchOpenDialogs":true,"interaction":{"idSuffix":"I"}},"clearTextFirst":true,"interactionType":"ENTER_TEXT"}]}
RESULT: {"script":"<script> [776 bytes]","args":[{"enterText":"TB","selector":{"id":"application-manageconditionprice-display-component---conditions--smartFilterBar-filterItemControl_BASIC-BILL_TYPES-valueHelpDialog-smartFilterBar-btnBasicSearch","searchOpenDialogs":true,"interaction":{"idSuffix":"I"}},"clearTextFirst":true,"interactionType":"ENTER_TEXT"}]}
COMMAND: POST /session/041ece1bac594130e3a6c3bac6c9d85e/actions - {"actions":[{"id":"action43","type":"key","parameters":{},"actions":[{"type":"keyDown","value":"î€‡"},{"type":"pause","duration":10},{"type":"keyUp","value":"î€‡"}]}]}
RESULT: {"actions":[{"id":"action43","type":"key","parameters":{},"actions":[{"type":"keyDown","value":"î€‡"},{"type":"pause","duration":10},{"type":"keyUp","value":"î€‡"}]}]}
COMMAND: GET /session/041ece1bac594130e3a6c3bac6c9d85e/screenshot - {}
RESULT: {}
COMMAND: POST /session/041ece1bac594130e3a6c3bac6c9d85e/element - {"using":"xpath","value":"//div[contains(@id, 'application-manageconditionprice-display-component---conditions--smartFilterBar-filterItemControl_BASIC-BILL_TYPES-valueHelpDialog-table-rowsel0')]"}
RESULT: {"using":"xpath","value":"//div[contains(@id, 'application-manageconditionprice-display-component---conditions--smartFilterBar-filterItemControl_BASIC-BILL_TYPES-valueHelpDialog-table-rowsel0')]"}
COMMAND: POST /session/041ece1bac594130e3a6c3bac6c9d85e/element/f.F1E1A893882E28A71BFE42B112EBC3C6.d.83E2054428D6F05FDCEECB7EC0394A0C.e.11935/click - {}
RESULT: {}
COMMAND: GET /session/041ece1bac594130e3a6c3bac6c9d85e/screenshot - {}
RESULT: {}
COMMAND: POST /session/041ece1bac594130e3a6c3bac6c9d85e/element - {"using":"xpath","value":"//bdi[contains(text(), \"OK\")]"}
RESULT: {"using":"xpath","value":"//bdi[contains(text(), \"OK\")]"}
COMMAND: POST /session/041ece1bac594130e3a6c3bac6c9d85e/element/f.F1E1A893882E28A71BFE42B112EBC3C6.d.83E2054428D6F05FDCEECB7EC0394A0C.e.11937/click - {}
RESULT: {}
COMMAND: GET /session/041ece1bac594130e3a6c3bac6c9d85e/screenshot - {}
RESULT: {}
COMMAND: POST /session/041ece1bac594130e3a6c3bac6c9d85e/element - {"using":"xpath","value":"//span[@id=\"application-manageconditionprice-display-component---conditions--smartTable-header-inner\"]"}
RESULT: {"using":"xpath","value":"//span[@id=\"application-manageconditionprice-display-component---conditions--smartTable-header-inner\"]"}
COMMAND: POST /session/041ece1bac594130e3a6c3bac6c9d85e/elements - {"using":"xpath","value":"//span[@id=\"application-manageconditionprice-display-component---conditions--smartTable-header-inner\"]"}
RESULT: {"using":"xpath","value":"//span[@id=\"application-manageconditionprice-display-component---conditions--smartTable-header-inner\"]"}
COMMAND: POST /session/041ece1bac594130e3a6c3bac6c9d85e/execute/sync - {"script":"<script> [56 bytes]","args":[{"element-6066-11e4-a52e-4f735466cecf":"f.F1E1A893882E28A71BFE42B112EBC3C6.d.83E2054428D6F05FDCEECB7EC0394A0C.e.11940","ELEMENT":"f.F1E1A893882E28A71BFE42B112EBC3C6.d.83E2054428D6F05FDCEECB7EC0394A0C.e.11940"}]}
RESULT: {"script":"<script> [56 bytes]","args":[{"element-6066-11e4-a52e-4f735466cecf":"f.F1E1A893882E28A71BFE42B112EBC3C6.d.83E2054428D6F05FDCEECB7EC0394A0C.e.11940","ELEMENT":"f.F1E1A893882E28A71BFE42B112EBC3C6.d.83E2054428D6F05FDCEECB7EC0394A0C.e.11940"}]}
COMMAND: POST /session/041ece1bac594130e3a6c3bac6c9d85e/element - {"using":"css selector","value":"#shell-header-logo"}
COMMAND: GET /session/041ece1bac594130e3a6c3bac6c9d85e/screenshot - {}
RESULT: {"using":"css selector","value":"#shell-header-logo"}
COMMAND: POST /session/041ece1bac594130e3a6c3bac6c9d85e/element/f.F1E1A893882E28A71BFE42B112EBC3C6.d.83E2054428D6F05FDCEECB7EC0394A0C.e.11552/click - {}
RESULT: {}
RESULT: {}
COMMAND: GET /session/041ece1bac594130e3a6c3bac6c9d85e/screenshot - {}
RESULT: {}
]]></system-out>
    </testcase>
  </testsuite>
  <testsuite timestamp="2025-06-05T18:14:30" time="766.206" tests="12" failures="6" errors="6" skipped="0">
    <properties>
      <property name="specId" value="0" />
      <property name="suiteName" value="Create Reverse Billing US127248" />
      <property name="capabilities" value="chrome.137_0_7151_56.windows" />
      <property name="file" value="file:///D:/a/1/s/test/specs/BTS/reverse-billing.spec.js" />
    </properties>
    <testcase classname="chrome.137_0_7151_56.windows.Create_Reverse_Billing_US127248" name="Should create a new yard" time="0.013">
      <system-out><![CDATA[
COMMAND: POST /session/041ece1bac594130e3a6c3bac6c9d85e/window/fullscreen - {}
RESULT: {}
]]></system-out>
    </testcase>
    <testcase classname="chrome.137_0_7151_56.windows.Create_Reverse_Billing_US127248" name="Should create a new partner" time="0.002" />
    <testcase classname="chrome.137_0_7151_56.windows.Create_Reverse_Billing_US127248" name="Should create a new site" time="0.001" />
    <testcase classname="chrome.137_0_7151_56.windows.Create_Reverse_Billing_US127248" name="Should create a resource" time="161.978">
      <system-out><![CDATA[
COMMAND: POST /session/041ece1bac594130e3a6c3bac6c9d85e/execute/async - {"script":"<script> [1562 bytes]","args":[{"selector":{"controlType":"sap.m.GenericTile","properties":{"header":"Manage Resources"}},"wdio_ui5_key":"sapm.GenericTile{\"header\":\"Manage Resources\"}"}]}
RESULT: {"script":"<script> [1562 bytes]","args":[{"selector":{"controlType":"sap.m.GenericTile","properties":{"header":"Manage Resources"}},"wdio_ui5_key":"sapm.GenericTile{\"header\":\"Manage Resources\"}"}]}
RESULT: undefined
COMMAND: POST /session/041ece1bac594130e3a6c3bac6c9d85e/element - {"using":"xpath","value":"//*[@id=\"__tile39\"]"}
RESULT: {"using":"xpath","value":"//*[@id=\"__tile39\"]"}
COMMAND: POST /session/041ece1bac594130e3a6c3bac6c9d85e/element/f.F1E1A893882E28A71BFE42B112EBC3C6.d.986D8EF9DF851DBC9E253445CDE72DB2.e.12512/click - {}
RESULT: {}
COMMAND: GET /session/041ece1bac594130e3a6c3bac6c9d85e/screenshot - {}
RESULT: {}
COMMAND: POST /session/041ece1bac594130e3a6c3bac6c9d85e/elements - {"using":"xpath","value":"//span[text()='Error']"}
RESULT: {"using":"xpath","value":"//span[text()='Error']"}
COMMAND: POST /session/041ece1bac594130e3a6c3bac6c9d85e/element - {"using":"xpath","value":"//button[@data-kt=\"addNewRUOverflowToolbarButton\"]"}
RESULT: {"using":"xpath","value":"//button[@data-kt=\"addNewRUOverflowToolbarButton\"]"}
COMMAND: POST /session/041ece1bac594130e3a6c3bac6c9d85e/elements - {"using":"xpath","value":"//button[@data-kt=\"addNewRUOverflowToolbarButton\"]"}
RESULT: {"using":"xpath","value":"//button[@data-kt=\"addNewRUOverflowToolbarButton\"]"}
COMMAND: POST /session/041ece1bac594130e3a6c3bac6c9d85e/elements - {"using":"xpath","value":"//button[@data-kt=\"addNewRUOverflowToolbarButton\"]"}
RESULT: {"using":"xpath","value":"//button[@data-kt=\"addNewRUOverflowToolbarButton\"]"}
COMMAND: POST /session/041ece1bac594130e3a6c3bac6c9d85e/elements - {"using":"xpath","value":"//button[@data-kt=\"addNewRUOverflowToolbarButton\"]"}
RESULT: {"using":"xpath","value":"//button[@data-kt=\"addNewRUOverflowToolbarButton\"]"}
COMMAND: POST /session/041ece1bac594130e3a6c3bac6c9d85e/elements - {"using":"xpath","value":"//button[@data-kt=\"addNewRUOverflowToolbarButton\"]"}
RESULT: {"using":"xpath","value":"//button[@data-kt=\"addNewRUOverflowToolbarButton\"]"}
COMMAND: POST /session/041ece1bac594130e3a6c3bac6c9d85e/elements - {"using":"xpath","value":"//button[@data-kt=\"addNewRUOverflowToolbarButton\"]"}
RESULT: {"using":"xpath","value":"//button[@data-kt=\"addNewRUOverflowToolbarButton\"]"}
COMMAND: POST /session/041ece1bac594130e3a6c3bac6c9d85e/elements - {"using":"xpath","value":"//button[@data-kt=\"addNewRUOverflowToolbarButton\"]"}
RESULT: {"using":"xpath","value":"//button[@data-kt=\"addNewRUOverflowToolbarButton\"]"}
COMMAND: POST /session/041ece1bac594130e3a6c3bac6c9d85e/elements - {"using":"xpath","value":"//button[@data-kt=\"addNewRUOverflowToolbarButton\"]"}
RESULT: {"using":"xpath","value":"//button[@data-kt=\"addNewRUOverflowToolbarButton\"]"}
COMMAND: POST /session/041ece1bac594130e3a6c3bac6c9d85e/elements - {"using":"xpath","value":"//button[@data-kt=\"addNewRUOverflowToolbarButton\"]"}
RESULT: {"using":"xpath","value":"//button[@data-kt=\"addNewRUOverflowToolbarButton\"]"}
COMMAND: POST /session/041ece1bac594130e3a6c3bac6c9d85e/elements - {"using":"xpath","value":"//button[@data-kt=\"addNewRUOverflowToolbarButton\"]"}
RESULT: {"using":"xpath","value":"//button[@data-kt=\"addNewRUOverflowToolbarButton\"]"}
COMMAND: POST /session/041ece1bac594130e3a6c3bac6c9d85e/elements - {"using":"xpath","value":"//button[@data-kt=\"addNewRUOverflowToolbarButton\"]"}
RESULT: {"using":"xpath","value":"//button[@data-kt=\"addNewRUOverflowToolbarButton\"]"}
COMMAND: POST /session/041ece1bac594130e3a6c3bac6c9d85e/elements - {"using":"xpath","value":"//button[@data-kt=\"addNewRUOverflowToolbarButton\"]"}
RESULT: {"using":"xpath","value":"//button[@data-kt=\"addNewRUOverflowToolbarButton\"]"}
COMMAND: POST /session/041ece1bac594130e3a6c3bac6c9d85e/elements - {"using":"xpath","value":"//button[@data-kt=\"addNewRUOverflowToolbarButton\"]"}
RESULT: {"using":"xpath","value":"//button[@data-kt=\"addNewRUOverflowToolbarButton\"]"}
COMMAND: POST /session/041ece1bac594130e3a6c3bac6c9d85e/elements - {"using":"xpath","value":"//button[@data-kt=\"addNewRUOverflowToolbarButton\"]"}
RESULT: {"using":"xpath","value":"//button[@data-kt=\"addNewRUOverflowToolbarButton\"]"}
COMMAND: POST /session/041ece1bac594130e3a6c3bac6c9d85e/elements - {"using":"xpath","value":"//button[@data-kt=\"addNewRUOverflowToolbarButton\"]"}
RESULT: {"using":"xpath","value":"//button[@data-kt=\"addNewRUOverflowToolbarButton\"]"}
COMMAND: POST /session/041ece1bac594130e3a6c3bac6c9d85e/elements - {"using":"xpath","value":"//button[@data-kt=\"addNewRUOverflowToolbarButton\"]"}
RESULT: {"using":"xpath","value":"//button[@data-kt=\"addNewRUOverflowToolbarButton\"]"}
COMMAND: POST /session/041ece1bac594130e3a6c3bac6c9d85e/elements - {"using":"xpath","value":"//button[@data-kt=\"addNewRUOverflowToolbarButton\"]"}
RESULT: {"using":"xpath","value":"//button[@data-kt=\"addNewRUOverflowToolbarButton\"]"}
COMMAND: POST /session/041ece1bac594130e3a6c3bac6c9d85e/elements - {"using":"xpath","value":"//button[@data-kt=\"addNewRUOverflowToolbarButton\"]"}
RESULT: {"using":"xpath","value":"//button[@data-kt=\"addNewRUOverflowToolbarButton\"]"}
COMMAND: POST /session/041ece1bac594130e3a6c3bac6c9d85e/elements - {"using":"xpath","value":"//button[@data-kt=\"addNewRUOverflowToolbarButton\"]"}
RESULT: {"using":"xpath","value":"//button[@data-kt=\"addNewRUOverflowToolbarButton\"]"}
COMMAND: POST /session/041ece1bac594130e3a6c3bac6c9d85e/elements - {"using":"xpath","value":"//button[@data-kt=\"addNewRUOverflowToolbarButton\"]"}
RESULT: {"using":"xpath","value":"//button[@data-kt=\"addNewRUOverflowToolbarButton\"]"}
COMMAND: POST /session/041ece1bac594130e3a6c3bac6c9d85e/element - {"using":"xpath","value":"//button[@data-kt=\"addNewRUOverflowToolbarButton\"]"}
RESULT: {"using":"xpath","value":"//button[@data-kt=\"addNewRUOverflowToolbarButton\"]"}
COMMAND: POST /session/041ece1bac594130e3a6c3bac6c9d85e/execute/sync - {"script":"<script> [8489 bytes]","args":[{"element-6066-11e4-a52e-4f735466cecf":"f.F1E1A893882E28A71BFE42B112EBC3C6.d.986D8EF9DF851DBC9E253445CDE72DB2.e.12658","ELEMENT":"f.F1E1A893882E28A71BFE42B112EBC3C6.d.986D8EF9DF851DBC9E253445CDE72DB2.e.12658"}]}
RESULT: {"script":"<script> [8489 bytes]","args":[{"element-6066-11e4-a52e-4f735466cecf":"f.F1E1A893882E28A71BFE42B112EBC3C6.d.986D8EF9DF851DBC9E253445CDE72DB2.e.12658","ELEMENT":"f.F1E1A893882E28A71BFE42B112EBC3C6.d.986D8EF9DF851DBC9E253445CDE72DB2.e.12658"}]}
COMMAND: GET /session/041ece1bac594130e3a6c3bac6c9d85e/element/f.F1E1A893882E28A71BFE42B112EBC3C6.d.986D8EF9DF851DBC9E253445CDE72DB2.e.12658/enabled - {}
COMMAND: GET /session/041ece1bac594130e3a6c3bac6c9d85e/screenshot - {}
RESULT: {}
COMMAND: POST /session/041ece1bac594130e3a6c3bac6c9d85e/execute/sync - {"script":"<script> [8489 bytes]","args":[{"element-6066-11e4-a52e-4f735466cecf":"f.F1E1A893882E28A71BFE42B112EBC3C6.d.986D8EF9DF851DBC9E253445CDE72DB2.e.12658","ELEMENT":"f.F1E1A893882E28A71BFE42B112EBC3C6.d.986D8EF9DF851DBC9E253445CDE72DB2.e.12658"}]}
COMMAND: GET /session/041ece1bac594130e3a6c3bac6c9d85e/screenshot - {}
RESULT: {}
RESULT: {"script":"<script> [8489 bytes]","args":[{"element-6066-11e4-a52e-4f735466cecf":"f.F1E1A893882E28A71BFE42B112EBC3C6.d.986D8EF9DF851DBC9E253445CDE72DB2.e.12658","ELEMENT":"f.F1E1A893882E28A71BFE42B112EBC3C6.d.986D8EF9DF851DBC9E253445CDE72DB2.e.12658"}]}
COMMAND: POST /session/041ece1bac594130e3a6c3bac6c9d85e/execute/sync - {"script":"<script> [5351 bytes]","args":[{"element-6066-11e4-a52e-4f735466cecf":"f.F1E1A893882E28A71BFE42B112EBC3C6.d.986D8EF9DF851DBC9E253445CDE72DB2.e.12658","ELEMENT":"f.F1E1A893882E28A71BFE42B112EBC3C6.d.986D8EF9DF851DBC9E253445CDE72DB2.e.12658"}]}
COMMAND: GET /session/041ece1bac594130e3a6c3bac6c9d85e/screenshot - {}
RESULT: {}
RESULT: {"script":"<script> [5351 bytes]","args":[{"element-6066-11e4-a52e-4f735466cecf":"f.F1E1A893882E28A71BFE42B112EBC3C6.d.986D8EF9DF851DBC9E253445CDE72DB2.e.12658","ELEMENT":"f.F1E1A893882E28A71BFE42B112EBC3C6.d.986D8EF9DF851DBC9E253445CDE72DB2.e.12658"}]}
COMMAND: POST /session/041ece1bac594130e3a6c3bac6c9d85e/element/f.F1E1A893882E28A71BFE42B112EBC3C6.d.986D8EF9DF851DBC9E253445CDE72DB2.e.12658/click - {}
COMMAND: GET /session/041ece1bac594130e3a6c3bac6c9d85e/screenshot - {}
RESULT: {}
RESULT: {}
COMMAND: GET /session/041ece1bac594130e3a6c3bac6c9d85e/screenshot - {}
COMMAND: POST /session/041ece1bac594130e3a6c3bac6c9d85e/execute/async - {"script":"<script> [1562 bytes]","args":[{"selector":{"id":"application-manageresources-display-component---newResourceUnit--TYPE-arrow"},"wdio_ui5_key":"applicationmanageresources-display-component---newResourceUnit--TYPE-arrow"}]}
RESULT: {}
RESULT: {}
RESULT: {"script":"<script> [1562 bytes]","args":[{"selector":{"id":"application-manageresources-display-component---newResourceUnit--TYPE-arrow"},"wdio_ui5_key":"applicationmanageresources-display-component---newResourceUnit--TYPE-arrow"}]}
RESULT: undefined
COMMAND: POST /session/041ece1bac594130e3a6c3bac6c9d85e/element - {"using":"xpath","value":"//*[@id=\"application-manageresources-display-component---newResourceUnit--TYPE-arrow\"]"}
RESULT: {"using":"xpath","value":"//*[@id=\"application-manageresources-display-component---newResourceUnit--TYPE-arrow\"]"}
COMMAND: POST /session/041ece1bac594130e3a6c3bac6c9d85e/element/f.F1E1A893882E28A71BFE42B112EBC3C6.d.986D8EF9DF851DBC9E253445CDE72DB2.e.13066/click - {}
RESULT: {}
COMMAND: POST /session/041ece1bac594130e3a6c3bac6c9d85e/element - {"using":"xpath","value":"//input[@id=\"application-manageresources-display-component---newResourceUnit--TYPE-inner\"]"}
COMMAND: GET /session/041ece1bac594130e3a6c3bac6c9d85e/screenshot - {}
RESULT: {"using":"xpath","value":"//input[@id=\"application-manageresources-display-component---newResourceUnit--TYPE-inner\"]"}
COMMAND: POST /session/041ece1bac594130e3a6c3bac6c9d85e/element/f.F1E1A893882E28A71BFE42B112EBC3C6.d.986D8EF9DF851DBC9E253445CDE72DB2.e.12801/clear - {}
RESULT: {}
RESULT: {}
COMMAND: POST /session/041ece1bac594130e3a6c3bac6c9d85e/element/f.F1E1A893882E28A71BFE42B112EBC3C6.d.986D8EF9DF851DBC9E253445CDE72DB2.e.12801/value - {"text":"Equipment"}
COMMAND: GET /session/041ece1bac594130e3a6c3bac6c9d85e/screenshot - {}
RESULT: {"text":"Equipment"}
COMMAND: GET /session/041ece1bac594130e3a6c3bac6c9d85e/screenshot - {}
RESULT: {}
RESULT: {}
COMMAND: POST /session/041ece1bac594130e3a6c3bac6c9d85e/actions - {"actions":[{"id":"action45","type":"key","parameters":{},"actions":[{"type":"keyDown","value":"î€‡"},{"type":"pause","duration":10},{"type":"keyUp","value":"î€‡"}]}]}
RESULT: {"actions":[{"id":"action45","type":"key","parameters":{},"actions":[{"type":"keyDown","value":"î€‡"},{"type":"pause","duration":10},{"type":"keyUp","value":"î€‡"}]}]}
COMMAND: POST /session/041ece1bac594130e3a6c3bac6c9d85e/execute/async - {"script":"<script> [1562 bytes]","args":[{"selector":{"id":"application-manageresources-display-component---newResourceUnit--resourceId","interaction":{"idSuffix":"inner"}},"wdio_ui5_key":"applicationmanageresources-display-component---newResourceUnit--resourceId"}]}
COMMAND: GET /session/041ece1bac594130e3a6c3bac6c9d85e/screenshot - {}
RESULT: {"script":"<script> [1562 bytes]","args":[{"selector":{"id":"application-manageresources-display-component---newResourceUnit--resourceId","interaction":{"idSuffix":"inner"}},"wdio_ui5_key":"applicationmanageresources-display-component---newResourceUnit--resourceId"}]}
RESULT: undefined
COMMAND: POST /session/041ece1bac594130e3a6c3bac6c9d85e/execute/async - {"script":"<script> [776 bytes]","args":[{"enterText":"E2gNuOIdH5","selector":{"id":"application-manageresources-display-component---newResourceUnit--resourceId","interaction":{"idSuffix":"inner"}},"clearTextFirst":true,"interactionType":"ENTER_TEXT"}]}
RESULT: {}
RESULT: {"script":"<script> [776 bytes]","args":[{"enterText":"E2gNuOIdH5","selector":{"id":"application-manageresources-display-component---newResourceUnit--resourceId","interaction":{"idSuffix":"inner"}},"clearTextFirst":true,"interactionType":"ENTER_TEXT"}]}
COMMAND: POST /session/041ece1bac594130e3a6c3bac6c9d85e/execute/async - {"script":"<script> [1562 bytes]","args":[{"selector":{"id":"application-manageresources-display-component---newResourceUnit--SHORT_TEXT","interaction":{"idSuffix":"inner"}},"wdio_ui5_key":"applicationmanageresources-display-component---newResourceUnit--SHORT_TEXT"}]}
RESULT: {"script":"<script> [1562 bytes]","args":[{"selector":{"id":"application-manageresources-display-component---newResourceUnit--SHORT_TEXT","interaction":{"idSuffix":"inner"}},"wdio_ui5_key":"applicationmanageresources-display-component---newResourceUnit--SHORT_TEXT"}]}
RESULT: undefined
COMMAND: POST /session/041ece1bac594130e3a6c3bac6c9d85e/execute/async - {"script":"<script> [776 bytes]","args":[{"enterText":"Intercompany Equipment WDIO","selector":{"id":"application-manageresources-display-component---newResourceUnit--SHORT_TEXT","interaction":{"idSuffix":"inner"}},"clearTextFirst":true,"interactionType":"ENTER_TEXT"}]}
RESULT: {"script":"<script> [776 bytes]","args":[{"enterText":"Intercompany Equipment WDIO","selector":{"id":"application-manageresources-display-component---newResourceUnit--SHORT_TEXT","interaction":{"idSuffix":"inner"}},"clearTextFirst":true,"interactionType":"ENTER_TEXT"}]}
COMMAND: POST /session/041ece1bac594130e3a6c3bac6c9d85e/execute/async - {"script":"<script> [1562 bytes]","args":[{"selector":{"id":"application-manageresources-display-component---newResourceUnit--BASE_UNIT_OF_MEASURE","interaction":{"idSuffix":"inner"}},"wdio_ui5_key":"applicationmanageresources-display-component---newResourceUnit--BASE_UNIT_OF_MEASURE"}]}
RESULT: {"script":"<script> [1562 bytes]","args":[{"selector":{"id":"application-manageresources-display-component---newResourceUnit--BASE_UNIT_OF_MEASURE","interaction":{"idSuffix":"inner"}},"wdio_ui5_key":"applicationmanageresources-display-component---newResourceUnit--BASE_UNIT_OF_MEASURE"}]}
RESULT: undefined
COMMAND: POST /session/041ece1bac594130e3a6c3bac6c9d85e/execute/async - {"script":"<script> [776 bytes]","args":[{"enterText":"Piece","selector":{"id":"application-manageresources-display-component---newResourceUnit--BASE_UNIT_OF_MEASURE","interaction":{"idSuffix":"inner"}},"clearTextFirst":true,"interactionType":"ENTER_TEXT"}]}
RESULT: {"script":"<script> [776 bytes]","args":[{"enterText":"Piece","selector":{"id":"application-manageresources-display-component---newResourceUnit--BASE_UNIT_OF_MEASURE","interaction":{"idSuffix":"inner"}},"clearTextFirst":true,"interactionType":"ENTER_TEXT"}]}
COMMAND: POST /session/041ece1bac594130e3a6c3bac6c9d85e/execute/async - {"script":"<script> [1562 bytes]","args":[{"selector":{"id":"application-manageresources-display-component---newResourceUnit--WEIGHT_UNIT","interaction":{"idSuffix":"inner"}},"wdio_ui5_key":"applicationmanageresources-display-component---newResourceUnit--WEIGHT_UNIT"}]}
RESULT: {"script":"<script> [1562 bytes]","args":[{"selector":{"id":"application-manageresources-display-component---newResourceUnit--WEIGHT_UNIT","interaction":{"idSuffix":"inner"}},"wdio_ui5_key":"applicationmanageresources-display-component---newResourceUnit--WEIGHT_UNIT"}]}
RESULT: undefined
COMMAND: POST /session/041ece1bac594130e3a6c3bac6c9d85e/execute/async - {"script":"<script> [776 bytes]","args":[{"enterText":"Gram","selector":{"id":"application-manageresources-display-component---newResourceUnit--WEIGHT_UNIT","interaction":{"idSuffix":"inner"}},"clearTextFirst":true,"interactionType":"ENTER_TEXT"}]}
RESULT: {"script":"<script> [776 bytes]","args":[{"enterText":"Gram","selector":{"id":"application-manageresources-display-component---newResourceUnit--WEIGHT_UNIT","interaction":{"idSuffix":"inner"}},"clearTextFirst":true,"interactionType":"ENTER_TEXT"}]}
COMMAND: POST /session/041ece1bac594130e3a6c3bac6c9d85e/execute/async - {"script":"<script> [1562 bytes]","args":[{"selector":{"id":"application-manageresources-display-component---newResourceUnit--DIMENSION_UNIT","interaction":{"idSuffix":"inner"}},"wdio_ui5_key":"applicationmanageresources-display-component---newResourceUnit--DIMENSION_UNIT"}]}
RESULT: {"script":"<script> [1562 bytes]","args":[{"selector":{"id":"application-manageresources-display-component---newResourceUnit--DIMENSION_UNIT","interaction":{"idSuffix":"inner"}},"wdio_ui5_key":"applicationmanageresources-display-component---newResourceUnit--DIMENSION_UNIT"}]}
RESULT: undefined
COMMAND: POST /session/041ece1bac594130e3a6c3bac6c9d85e/execute/async - {"script":"<script> [776 bytes]","args":[{"enterText":"Meter","selector":{"id":"application-manageresources-display-component---newResourceUnit--DIMENSION_UNIT","interaction":{"idSuffix":"inner"}},"clearTextFirst":true,"interactionType":"ENTER_TEXT"}]}
RESULT: {"script":"<script> [776 bytes]","args":[{"enterText":"Meter","selector":{"id":"application-manageresources-display-component---newResourceUnit--DIMENSION_UNIT","interaction":{"idSuffix":"inner"}},"clearTextFirst":true,"interactionType":"ENTER_TEXT"}]}
COMMAND: POST /session/041ece1bac594130e3a6c3bac6c9d85e/execute/async - {"script":"<script> [1562 bytes]","args":[{"selector":{"id":"application-manageresources-display-component---newResourceUnit--newRRUPage-anchBar-application-manageresources-display-component---newResourceUnit--control-anchor","interaction":{"idSuffix":"BDI-content"}},"wdio_ui5_key":"applicationmanageresources-display-component---newResourceUnit--newRRUPage-anchBar-application-manageresources-display-component---newResourceUnit--control-anchor"}]}
RESULT: {"script":"<script> [1562 bytes]","args":[{"selector":{"id":"application-manageresources-display-component---newResourceUnit--newRRUPage-anchBar-application-manageresources-display-component---newResourceUnit--control-anchor","interaction":{"idSuffix":"BDI-content"}},"wdio_ui5_key":"applicationmanageresources-display-component---newResourceUnit--newRRUPage-anchBar-application-manageresources-display-component---newResourceUnit--control-anchor"}]}
RESULT: undefined
COMMAND: POST /session/041ece1bac594130e3a6c3bac6c9d85e/element - {"using":"xpath","value":"//*[@id=\"application-manageresources-display-component---newResourceUnit--newRRUPage-anchBar-application-manageresources-display-component---newResourceUnit--control-anchor\"]"}
RESULT: {"using":"xpath","value":"//*[@id=\"application-manageresources-display-component---newResourceUnit--newRRUPage-anchBar-application-manageresources-display-component---newResourceUnit--control-anchor\"]"}
COMMAND: POST /session/041ece1bac594130e3a6c3bac6c9d85e/element/f.F1E1A893882E28A71BFE42B112EBC3C6.d.986D8EF9DF851DBC9E253445CDE72DB2.e.13226/click - {}
RESULT: {}
COMMAND: POST /session/041ece1bac594130e3a6c3bac6c9d85e/execute/async - {"script":"<script> [1562 bytes]","args":[{"selector":{"id":"application-manageresources-display-component---newResourceUnit--PLANNING_GROUP","interaction":{"idSuffix":"inner"}},"wdio_ui5_key":"applicationmanageresources-display-component---newResourceUnit--PLANNING_GROUP"}]}
COMMAND: GET /session/041ece1bac594130e3a6c3bac6c9d85e/screenshot - {}
RESULT: {"script":"<script> [1562 bytes]","args":[{"selector":{"id":"application-manageresources-display-component---newResourceUnit--PLANNING_GROUP","interaction":{"idSuffix":"inner"}},"wdio_ui5_key":"applicationmanageresources-display-component---newResourceUnit--PLANNING_GROUP"}]}
RESULT: undefined
COMMAND: POST /session/041ece1bac594130e3a6c3bac6c9d85e/execute/async - {"script":"<script> [776 bytes]","args":[{"enterText":"Heavy Equi","selector":{"id":"application-manageresources-display-component---newResourceUnit--PLANNING_GROUP","interaction":{"idSuffix":"inner"}},"clearTextFirst":true,"interactionType":"ENTER_TEXT"}]}
RESULT: {}
RESULT: {"script":"<script> [776 bytes]","args":[{"enterText":"Heavy Equi","selector":{"id":"application-manageresources-display-component---newResourceUnit--PLANNING_GROUP","interaction":{"idSuffix":"inner"}},"clearTextFirst":true,"interactionType":"ENTER_TEXT"}]}
COMMAND: POST /session/041ece1bac594130e3a6c3bac6c9d85e/execute/async - {"script":"<script> [1562 bytes]","args":[{"selector":{"id":"application-manageresources-display-component---newResourceUnit--ITEM_TYPE-arrow"},"wdio_ui5_key":"applicationmanageresources-display-component---newResourceUnit--ITEM_TYPE-arrow"}]}
RESULT: {"script":"<script> [1562 bytes]","args":[{"selector":{"id":"application-manageresources-display-component---newResourceUnit--ITEM_TYPE-arrow"},"wdio_ui5_key":"applicationmanageresources-display-component---newResourceUnit--ITEM_TYPE-arrow"}]}
RESULT: undefined
COMMAND: POST /session/041ece1bac594130e3a6c3bac6c9d85e/element - {"using":"xpath","value":"//*[@id=\"application-manageresources-display-component---newResourceUnit--ITEM_TYPE-arrow\"]"}
RESULT: {"using":"xpath","value":"//*[@id=\"application-manageresources-display-component---newResourceUnit--ITEM_TYPE-arrow\"]"}
COMMAND: POST /session/041ece1bac594130e3a6c3bac6c9d85e/element/f.F1E1A893882E28A71BFE42B112EBC3C6.d.986D8EF9DF851DBC9E253445CDE72DB2.e.13233/click - {}
RESULT: {}
COMMAND: POST /session/041ece1bac594130e3a6c3bac6c9d85e/element - {"using":"xpath","value":"//ul[contains(@id,\"ITEM_TYPE-popup-list-listUl\")]//li[.//span[contains(text(),\"Resource Unit\")]]"}
COMMAND: GET /session/041ece1bac594130e3a6c3bac6c9d85e/screenshot - {}
RESULT: {"using":"xpath","value":"//ul[contains(@id,\"ITEM_TYPE-popup-list-listUl\")]//li[.//span[contains(text(),\"Resource Unit\")]]"}
COMMAND: POST /session/041ece1bac594130e3a6c3bac6c9d85e/element/f.F1E1A893882E28A71BFE42B112EBC3C6.d.986D8EF9DF851DBC9E253445CDE72DB2.e.13234/click - {}
RESULT: {}
RESULT: {}
COMMAND: GET /session/041ece1bac594130e3a6c3bac6c9d85e/screenshot - {}
RESULT: {}
COMMAND: POST /session/041ece1bac594130e3a6c3bac6c9d85e/element - {"using":"css selector","value":"#application-manageresources-display-component---newResourceUnit--btnAddTimeSegment"}
RESULT: {"using":"css selector","value":"#application-manageresources-display-component---newResourceUnit--btnAddTimeSegment"}
COMMAND: GET /session/041ece1bac594130e3a6c3bac6c9d85e/element/f.F1E1A893882E28A71BFE42B112EBC3C6.d.986D8EF9DF851DBC9E253445CDE72DB2.e.13241/rect - {}
RESULT: {}
COMMAND: GET /session/041ece1bac594130e3a6c3bac6c9d85e/window/rect - {}
RESULT: {}
COMMAND: POST /session/041ece1bac594130e3a6c3bac6c9d85e/execute/sync - {"script":"<script> [92 bytes]","args":[]}
RESULT: {"script":"<script> [92 bytes]","args":[]}
COMMAND: POST /session/041ece1bac594130e3a6c3bac6c9d85e/actions - {"actions":[{"id":"action46","type":"wheel","parameters":{},"actions":[{"type":"scroll","x":-1888,"y":-32,"deltaX":0,"deltaY":0,"duration":0,"origin":{"element-6066-11e4-a52e-4f735466cecf":"f.F1E1A893882E28A71BFE42B112EBC3C6.d.986D8EF9DF851DBC9E253445CDE72DB2.e.13241"}}]}]}
COMMAND: GET /session/041ece1bac594130e3a6c3bac6c9d85e/screenshot - {}
RESULT: {}
COMMAND: POST /session/041ece1bac594130e3a6c3bac6c9d85e/execute/sync - {"script":"<script> [79 bytes]","args":[{"element-6066-11e4-a52e-4f735466cecf":"f.F1E1A893882E28A71BFE42B112EBC3C6.d.986D8EF9DF851DBC9E253445CDE72DB2.e.13241","ELEMENT":"f.F1E1A893882E28A71BFE42B112EBC3C6.d.986D8EF9DF851DBC9E253445CDE72DB2.e.13241"},{"block":"start","inline":"nearest"}]}
RESULT: {"script":"<script> [79 bytes]","args":[{"element-6066-11e4-a52e-4f735466cecf":"f.F1E1A893882E28A71BFE42B112EBC3C6.d.986D8EF9DF851DBC9E253445CDE72DB2.e.13241","ELEMENT":"f.F1E1A893882E28A71BFE42B112EBC3C6.d.986D8EF9DF851DBC9E253445CDE72DB2.e.13241"},{"block":"start","inline":"nearest"}]}
COMMAND: POST /session/041ece1bac594130e3a6c3bac6c9d85e/execute/async - {"script":"<script> [1562 bytes]","args":[{"selector":{"id":"application-manageresources-display-component---newResourceUnit--btnAddTimeSegment","interaction":{"idSuffix":"inner"}},"wdio_ui5_key":"applicationmanageresources-display-component---newResourceUnit--btnAddTimeSegment"}]}
COMMAND: GET /session/041ece1bac594130e3a6c3bac6c9d85e/screenshot - {}
RESULT: {"script":"<script> [1562 bytes]","args":[{"selector":{"id":"application-manageresources-display-component---newResourceUnit--btnAddTimeSegment","interaction":{"idSuffix":"inner"}},"wdio_ui5_key":"applicationmanageresources-display-component---newResourceUnit--btnAddTimeSegment"}]}
RESULT: undefined
COMMAND: POST /session/041ece1bac594130e3a6c3bac6c9d85e/element - {"using":"xpath","value":"//*[@id=\"application-manageresources-display-component---newResourceUnit--btnAddTimeSegment\"]"}
RESULT: {}
RESULT: {"using":"xpath","value":"//*[@id=\"application-manageresources-display-component---newResourceUnit--btnAddTimeSegment\"]"}
COMMAND: POST /session/041ece1bac594130e3a6c3bac6c9d85e/element/f.F1E1A893882E28A71BFE42B112EBC3C6.d.986D8EF9DF851DBC9E253445CDE72DB2.e.13241/click - {}
RESULT: {}
COMMAND: GET /session/041ece1bac594130e3a6c3bac6c9d85e/screenshot - {}
RESULT: {}
COMMAND: POST /session/041ece1bac594130e3a6c3bac6c9d85e/element - {"using":"xpath","value":"//input[@id=\"application-manageresources-display-component---newResourceUnit--idRuTSAdmin-application-manageresources-display-component---newResourceUnit--RUTimeSegment-0-inner\"]"}
RESULT: {"using":"xpath","value":"//input[@id=\"application-manageresources-display-component---newResourceUnit--idRuTSAdmin-application-manageresources-display-component---newResourceUnit--RUTimeSegment-0-inner\"]"}
COMMAND: POST /session/041ece1bac594130e3a6c3bac6c9d85e/element/f.F1E1A893882E28A71BFE42B112EBC3C6.d.986D8EF9DF851DBC9E253445CDE72DB2.e.13247/clear - {}
RESULT: {}
COMMAND: POST /session/041ece1bac594130e3a6c3bac6c9d85e/element/f.F1E1A893882E28A71BFE42B112EBC3C6.d.986D8EF9DF851DBC9E253445CDE72DB2.e.13247/value - {"text":"693"}
COMMAND: GET /session/041ece1bac594130e3a6c3bac6c9d85e/screenshot - {}
RESULT: {"text":"693"}
COMMAND: GET /session/041ece1bac594130e3a6c3bac6c9d85e/screenshot - {}
RESULT: {}
RESULT: {}
COMMAND: POST /session/041ece1bac594130e3a6c3bac6c9d85e/element - {"using":"xpath","value":"//li[.//span[text()='693']]"}
RESULT: {"using":"xpath","value":"//li[.//span[text()='693']]"}
COMMAND: POST /session/041ece1bac594130e3a6c3bac6c9d85e/element/f.F1E1A893882E28A71BFE42B112EBC3C6.d.986D8EF9DF851DBC9E253445CDE72DB2.e.13259/click - {}
RESULT: {}
COMMAND: GET /session/041ece1bac594130e3a6c3bac6c9d85e/screenshot - {}
RESULT: {}
COMMAND: POST /session/041ece1bac594130e3a6c3bac6c9d85e/element - {"using":"xpath","value":"(//span[contains(@id, \"-application-manageresources-display-component---newResourceUnit--RUTimeSegment-0-arrow\")])[6]"}
RESULT: {"using":"xpath","value":"(//span[contains(@id, \"-application-manageresources-display-component---newResourceUnit--RUTimeSegment-0-arrow\")])[6]"}
COMMAND: POST /session/041ece1bac594130e3a6c3bac6c9d85e/element/f.F1E1A893882E28A71BFE42B112EBC3C6.d.986D8EF9DF851DBC9E253445CDE72DB2.e.13260/click - {}
RESULT: {}
COMMAND: GET /session/041ece1bac594130e3a6c3bac6c9d85e/screenshot - {}
RESULT: {}
COMMAND: POST /session/041ece1bac594130e3a6c3bac6c9d85e/element - {"using":"xpath","value":"//span[contains(text(), \"PM Order\")]"}
RESULT: {"using":"xpath","value":"//span[contains(text(), \"PM Order\")]"}
COMMAND: POST /session/041ece1bac594130e3a6c3bac6c9d85e/element/f.F1E1A893882E28A71BFE42B112EBC3C6.d.986D8EF9DF851DBC9E253445CDE72DB2.e.13263/click - {}
RESULT: {}
COMMAND: GET /session/041ece1bac594130e3a6c3bac6c9d85e/screenshot - {}
RESULT: {}
COMMAND: POST /session/041ece1bac594130e3a6c3bac6c9d85e/element - {"using":"xpath","value":"(//span[contains(@id ,\"manageresources-display-component---newResourceUnit--RUTimeSegment-0-vhi\")])[1]"}
RESULT: {"using":"xpath","value":"(//span[contains(@id ,\"manageresources-display-component---newResourceUnit--RUTimeSegment-0-vhi\")])[1]"}
COMMAND: GET /session/041ece1bac594130e3a6c3bac6c9d85e/element/f.F1E1A893882E28A71BFE42B112EBC3C6.d.986D8EF9DF851DBC9E253445CDE72DB2.e.13267/rect - {}
RESULT: {}
COMMAND: GET /session/041ece1bac594130e3a6c3bac6c9d85e/window/rect - {}
RESULT: {}
COMMAND: POST /session/041ece1bac594130e3a6c3bac6c9d85e/execute/sync - {"script":"<script> [92 bytes]","args":[]}
RESULT: {"script":"<script> [92 bytes]","args":[]}
COMMAND: POST /session/041ece1bac594130e3a6c3bac6c9d85e/actions - {"actions":[{"id":"action47","type":"wheel","parameters":{},"actions":[{"type":"scroll","x":-869,"y":-24,"deltaX":0,"deltaY":0,"duration":0,"origin":{"element-6066-11e4-a52e-4f735466cecf":"f.F1E1A893882E28A71BFE42B112EBC3C6.d.986D8EF9DF851DBC9E253445CDE72DB2.e.13267"}}]}]}
COMMAND: GET /session/041ece1bac594130e3a6c3bac6c9d85e/screenshot - {}
RESULT: {"actions":[{"id":"action47","type":"wheel","parameters":{},"actions":[{"type":"scroll","x":-869,"y":-24,"deltaX":0,"deltaY":0,"duration":0,"origin":{"element-6066-11e4-a52e-4f735466cecf":"f.F1E1A893882E28A71BFE42B112EBC3C6.d.986D8EF9DF851DBC9E253445CDE72DB2.e.13267"}}]}]}
COMMAND: DELETE /session/041ece1bac594130e3a6c3bac6c9d85e/actions - {}
COMMAND: GET /session/041ece1bac594130e3a6c3bac6c9d85e/screenshot - {}
RESULT: {}
RESULT: {}
COMMAND: GET /session/041ece1bac594130e3a6c3bac6c9d85e/screenshot - {}
RESULT: {}
RESULT: {}
COMMAND: POST /session/041ece1bac594130e3a6c3bac6c9d85e/element/f.F1E1A893882E28A71BFE42B112EBC3C6.d.986D8EF9DF851DBC9E253445CDE72DB2.e.13267/click - {}
RESULT: {}
COMMAND: GET /session/041ece1bac594130e3a6c3bac6c9d85e/screenshot - {}
RESULT: {}
COMMAND: POST /session/041ece1bac594130e3a6c3bac6c9d85e/execute/async - {"script":"<script> [1562 bytes]","args":[{"selector":{"controlType":"sap.m.SearchField","properties":{"placeholder":"Search"},"searchOpenDialogs":true,"interaction":{"idSuffix":"I"}},"wdio_ui5_key":"sapm.SearchField{\"placeholder\":\"Search\"}"}]}
RESULT: {"script":"<script> [1562 bytes]","args":[{"selector":{"controlType":"sap.m.SearchField","properties":{"placeholder":"Search"},"searchOpenDialogs":true,"interaction":{"idSuffix":"I"}},"wdio_ui5_key":"sapm.SearchField{\"placeholder\":\"Search\"}"}]}
RESULT: undefined
COMMAND: POST /session/041ece1bac594130e3a6c3bac6c9d85e/execute/async - {"script":"<script> [776 bytes]","args":[{"enterText":"4000360","selector":{"controlType":"sap.m.SearchField","properties":{"placeholder":"Search"},"searchOpenDialogs":true,"interaction":{"idSuffix":"I"}},"clearTextFirst":true,"interactionType":"ENTER_TEXT"}]}
RESULT: {"script":"<script> [776 bytes]","args":[{"enterText":"4000360","selector":{"controlType":"sap.m.SearchField","properties":{"placeholder":"Search"},"searchOpenDialogs":true,"interaction":{"idSuffix":"I"}},"clearTextFirst":true,"interactionType":"ENTER_TEXT"}]}
COMMAND: POST /session/041ece1bac594130e3a6c3bac6c9d85e/actions - {"actions":[{"id":"action48","type":"key","parameters":{},"actions":[{"type":"keyDown","value":"î€‡"},{"type":"pause","duration":10},{"type":"keyUp","value":"î€‡"}]}]}
RESULT: {"actions":[{"id":"action48","type":"key","parameters":{},"actions":[{"type":"keyDown","value":"î€‡"},{"type":"pause","duration":10},{"type":"keyUp","value":"î€‡"}]}]}
COMMAND: GET /session/041ece1bac594130e3a6c3bac6c9d85e/screenshot - {}
RESULT: {}
COMMAND: POST /session/041ece1bac594130e3a6c3bac6c9d85e/element - {"using":"xpath","value":"//td/div/span[contains(text(), \"BGL Vehicles\")]"}
RESULT: {"using":"xpath","value":"//td/div/span[contains(text(), \"BGL Vehicles\")]"}
COMMAND: POST /session/041ece1bac594130e3a6c3bac6c9d85e/element/f.F1E1A893882E28A71BFE42B112EBC3C6.d.986D8EF9DF851DBC9E253445CDE72DB2.e.13290/click - {}
RESULT: {}
COMMAND: GET /session/041ece1bac594130e3a6c3bac6c9d85e/screenshot - {}
RESULT: {}
COMMAND: POST /session/041ece1bac594130e3a6c3bac6c9d85e/element - {"using":"xpath","value":"//bdi[contains(text(), \"OK\")]"}
RESULT: {"using":"xpath","value":"//bdi[contains(text(), \"OK\")]"}
COMMAND: POST /session/041ece1bac594130e3a6c3bac6c9d85e/element/f.F1E1A893882E28A71BFE42B112EBC3C6.d.986D8EF9DF851DBC9E253445CDE72DB2.e.13291/click - {}
RESULT: {}
COMMAND: GET /session/041ece1bac594130e3a6c3bac6c9d85e/screenshot - {}
RESULT: {}
COMMAND: POST /session/041ece1bac594130e3a6c3bac6c9d85e/execute/async - {"script":"<script> [1562 bytes]","args":[{"selector":{"id":"application-manageresources-display-component---newResourceUnit--newRRUPage-anchBar-application-manageresources-display-component---newResourceUnit--resource-anchor","interaction":{"idSuffix":"BDI-content"}},"wdio_ui5_key":"applicationmanageresources-display-component---newResourceUnit--newRRUPage-anchBar-application-manageresources-display-component---newResourceUnit--resource-anchor"}]}
RESULT: {"script":"<script> [1562 bytes]","args":[{"selector":{"id":"application-manageresources-display-component---newResourceUnit--newRRUPage-anchBar-application-manageresources-display-component---newResourceUnit--resource-anchor","interaction":{"idSuffix":"BDI-content"}},"wdio_ui5_key":"applicationmanageresources-display-component---newResourceUnit--newRRUPage-anchBar-application-manageresources-display-component---newResourceUnit--resource-anchor"}]}
RESULT: undefined
COMMAND: POST /session/041ece1bac594130e3a6c3bac6c9d85e/element - {"using":"xpath","value":"//*[@id=\"application-manageresources-display-component---newResourceUnit--newRRUPage-anchBar-application-manageresources-display-component---newResourceUnit--resource-anchor\"]"}
RESULT: {"using":"xpath","value":"//*[@id=\"application-manageresources-display-component---newResourceUnit--newRRUPage-anchBar-application-manageresources-display-component---newResourceUnit--resource-anchor\"]"}
COMMAND: POST /session/041ece1bac594130e3a6c3bac6c9d85e/element/f.F1E1A893882E28A71BFE42B112EBC3C6.d.986D8EF9DF851DBC9E253445CDE72DB2.e.13295/click - {}
RESULT: {}
COMMAND: POST /session/041ece1bac594130e3a6c3bac6c9d85e/execute/async - {"script":"<script> [1562 bytes]","args":[{"selector":{"id":"application-manageresources-display-component---newResourceUnit--PLANNED_DELIVERY_DATE","interaction":{"idSuffix":"inner"}},"wdio_ui5_key":"applicationmanageresources-display-component---newResourceUnit--PLANNED_DELIVERY_DATE"}]}
COMMAND: GET /session/041ece1bac594130e3a6c3bac6c9d85e/screenshot - {}
RESULT: {"script":"<script> [1562 bytes]","args":[{"selector":{"id":"application-manageresources-display-component---newResourceUnit--PLANNED_DELIVERY_DATE","interaction":{"idSuffix":"inner"}},"wdio_ui5_key":"applicationmanageresources-display-component---newResourceUnit--PLANNED_DELIVERY_DATE"}]}
RESULT: undefined
COMMAND: POST /session/041ece1bac594130e3a6c3bac6c9d85e/execute/async - {"script":"<script> [6424 bytes]","args":[{"element-6066-11e4-a52e-4f735466cecf":"f.F1E1A893882E28A71BFE42B112EBC3C6.d.986D8EF9DF851DBC9E253445CDE72DB2.e.13125"},"setValue",["6/5/25"]]}
RESULT: {}
RESULT: {"script":"<script> [6424 bytes]","args":[{"element-6066-11e4-a52e-4f735466cecf":"f.F1E1A893882E28A71BFE42B112EBC3C6.d.986D8EF9DF851DBC9E253445CDE72DB2.e.13125"},"setValue",["6/5/25"]]}
COMMAND: POST /session/041ece1bac594130e3a6c3bac6c9d85e/element - {"using":"xpath","value":"//label[contains(@class, 'sapMLabelRequired') and .//bdi[contains(text(), 'Planned Retirement')]]"}
RESULT: {"using":"xpath","value":"//label[contains(@class, 'sapMLabelRequired') and .//bdi[contains(text(), 'Planned Retirement')]]"}
COMMAND: POST /session/041ece1bac594130e3a6c3bac6c9d85e/elements - {"using":"xpath","value":"//label[contains(@class, 'sapMLabelRequired') and .//bdi[contains(text(), 'Planned Retirement')]]"}
RESULT: {"using":"xpath","value":"//label[contains(@class, 'sapMLabelRequired') and .//bdi[contains(text(), 'Planned Retirement')]]"}
COMMAND: POST /session/041ece1bac594130e3a6c3bac6c9d85e/element - {"using":"xpath","value":"//button[@data-kt=\"resourceUnitSaveButton\"]"}
RESULT: {"using":"xpath","value":"//button[@data-kt=\"resourceUnitSaveButton\"]"}
COMMAND: POST /session/041ece1bac594130e3a6c3bac6c9d85e/element/f.F1E1A893882E28A71BFE42B112EBC3C6.d.986D8EF9DF851DBC9E253445CDE72DB2.e.13084/click - {}
RESULT: {}
COMMAND: GET /session/041ece1bac594130e3a6c3bac6c9d85e/screenshot - {}
RESULT: {}
COMMAND: POST /session/041ece1bac594130e3a6c3bac6c9d85e/element - {"using":"xpath","value":"//bdi[contains(text(), \"Close\")]"}
RESULT: {"using":"xpath","value":"//bdi[contains(text(), \"Close\")]"}
COMMAND: POST /session/041ece1bac594130e3a6c3bac6c9d85e/element/f.F1E1A893882E28A71BFE42B112EBC3C6.d.986D8EF9DF851DBC9E253445CDE72DB2.e.13303/click - {}
RESULT: {}
COMMAND: GET /session/041ece1bac594130e3a6c3bac6c9d85e/screenshot - {}
RESULT: {}
COMMAND: POST /session/041ece1bac594130e3a6c3bac6c9d85e/element - {"using":"xpath","value":"(//button[contains(@id ,\"actionsToolbar-overflowButton\")])[1]"}
RESULT: {"using":"xpath","value":"(//button[contains(@id ,\"actionsToolbar-overflowButton\")])[1]"}
COMMAND: POST /session/041ece1bac594130e3a6c3bac6c9d85e/element/f.F1E1A893882E28A71BFE42B112EBC3C6.d.986D8EF9DF851DBC9E253445CDE72DB2.e.13363/click - {}
RESULT: {}
COMMAND: GET /session/041ece1bac594130e3a6c3bac6c9d85e/screenshot - {}
RESULT: {}
COMMAND: POST /session/041ece1bac594130e3a6c3bac6c9d85e/element - {"using":"xpath","value":"//button[@data-kt=\"priceInfoButton\"]"}
RESULT: {"using":"xpath","value":"//button[@data-kt=\"priceInfoButton\"]"}
COMMAND: POST /session/041ece1bac594130e3a6c3bac6c9d85e/element/f.F1E1A893882E28A71BFE42B112EBC3C6.d.986D8EF9DF851DBC9E253445CDE72DB2.e.13365/click - {}
RESULT: {}
COMMAND: GET /session/041ece1bac594130e3a6c3bac6c9d85e/screenshot - {}
RESULT: {}
]]></system-out>
    </testcase>
    <testcase classname="chrome.137_0_7151_56.windows.Create_Reverse_Billing_US127248" name="Should create a pricing procedure" time="57.097">
      <system-out><![CDATA[
COMMAND: POST /session/041ece1bac594130e3a6c3bac6c9d85e/element - {"using":"xpath","value":"//button[@data-kt=\"addButton\"]"}
RESULT: {"using":"xpath","value":"//button[@data-kt=\"addButton\"]"}
COMMAND: POST /session/041ece1bac594130e3a6c3bac6c9d85e/elements - {"using":"xpath","value":"//button[@data-kt=\"addButton\"]"}
RESULT: {"using":"xpath","value":"//button[@data-kt=\"addButton\"]"}
COMMAND: POST /session/041ece1bac594130e3a6c3bac6c9d85e/execute/sync - {"script":"<script> [8489 bytes]","args":[{"element-6066-11e4-a52e-4f735466cecf":"f.F1E1A893882E28A71BFE42B112EBC3C6.d.986D8EF9DF851DBC9E253445CDE72DB2.e.13401","ELEMENT":"f.F1E1A893882E28A71BFE42B112EBC3C6.d.986D8EF9DF851DBC9E253445CDE72DB2.e.13401"}]}
RESULT: {"script":"<script> [8489 bytes]","args":[{"element-6066-11e4-a52e-4f735466cecf":"f.F1E1A893882E28A71BFE42B112EBC3C6.d.986D8EF9DF851DBC9E253445CDE72DB2.e.13401","ELEMENT":"f.F1E1A893882E28A71BFE42B112EBC3C6.d.986D8EF9DF851DBC9E253445CDE72DB2.e.13401"}]}
COMMAND: GET /session/041ece1bac594130e3a6c3bac6c9d85e/element/f.F1E1A893882E28A71BFE42B112EBC3C6.d.986D8EF9DF851DBC9E253445CDE72DB2.e.13401/enabled - {}
COMMAND: GET /session/041ece1bac594130e3a6c3bac6c9d85e/screenshot - {}
RESULT: {}
COMMAND: POST /session/041ece1bac594130e3a6c3bac6c9d85e/execute/sync - {"script":"<script> [8489 bytes]","args":[{"element-6066-11e4-a52e-4f735466cecf":"f.F1E1A893882E28A71BFE42B112EBC3C6.d.986D8EF9DF851DBC9E253445CDE72DB2.e.13401","ELEMENT":"f.F1E1A893882E28A71BFE42B112EBC3C6.d.986D8EF9DF851DBC9E253445CDE72DB2.e.13401"}]}
COMMAND: GET /session/041ece1bac594130e3a6c3bac6c9d85e/screenshot - {}
RESULT: {}
RESULT: {"script":"<script> [8489 bytes]","args":[{"element-6066-11e4-a52e-4f735466cecf":"f.F1E1A893882E28A71BFE42B112EBC3C6.d.986D8EF9DF851DBC9E253445CDE72DB2.e.13401","ELEMENT":"f.F1E1A893882E28A71BFE42B112EBC3C6.d.986D8EF9DF851DBC9E253445CDE72DB2.e.13401"}]}
COMMAND: POST /session/041ece1bac594130e3a6c3bac6c9d85e/execute/sync - {"script":"<script> [5351 bytes]","args":[{"element-6066-11e4-a52e-4f735466cecf":"f.F1E1A893882E28A71BFE42B112EBC3C6.d.986D8EF9DF851DBC9E253445CDE72DB2.e.13401","ELEMENT":"f.F1E1A893882E28A71BFE42B112EBC3C6.d.986D8EF9DF851DBC9E253445CDE72DB2.e.13401"}]}
COMMAND: GET /session/041ece1bac594130e3a6c3bac6c9d85e/screenshot - {}
RESULT: {}
RESULT: {"script":"<script> [5351 bytes]","args":[{"element-6066-11e4-a52e-4f735466cecf":"f.F1E1A893882E28A71BFE42B112EBC3C6.d.986D8EF9DF851DBC9E253445CDE72DB2.e.13401","ELEMENT":"f.F1E1A893882E28A71BFE42B112EBC3C6.d.986D8EF9DF851DBC9E253445CDE72DB2.e.13401"}]}
COMMAND: POST /session/041ece1bac594130e3a6c3bac6c9d85e/element/f.F1E1A893882E28A71BFE42B112EBC3C6.d.986D8EF9DF851DBC9E253445CDE72DB2.e.13401/click - {}
COMMAND: GET /session/041ece1bac594130e3a6c3bac6c9d85e/screenshot - {}
RESULT: {}
RESULT: {}
COMMAND: GET /session/041ece1bac594130e3a6c3bac6c9d85e/screenshot - {}
RESULT: {}
RESULT: {}
COMMAND: POST /session/041ece1bac594130e3a6c3bac6c9d85e/execute/async - {"script":"<script> [1562 bytes]","args":[{"selector":{"controlType":"sap.m.Title","viewName":"etm.portal.ui.managepricingrules.view.NewItem","viewId":"application-managepricingrules-display-component---newInfoPriceItem","properties":{"text":"New Pricing Rules - Item Level"}},"wdio_ui5_key":"etmportal.ui.managepricingrules.view.NewItemsap.m.Title{\"text\":\"New Pricing Rules - Item Level\"}"}]}
RESULT: {"script":"<script> [1562 bytes]","args":[{"selector":{"controlType":"sap.m.Title","viewName":"etm.portal.ui.managepricingrules.view.NewItem","viewId":"application-managepricingrules-display-component---newInfoPriceItem","properties":{"text":"New Pricing Rules - Item Level"}},"wdio_ui5_key":"etmportal.ui.managepricingrules.view.NewItemsap.m.Title{\"text\":\"New Pricing Rules - Item Level\"}"}]}
RESULT: undefined
COMMAND: POST /session/041ece1bac594130e3a6c3bac6c9d85e/execute/async - {"script":"<script> [6424 bytes]","args":[{"element-6066-11e4-a52e-4f735466cecf":"f.F1E1A893882E28A71BFE42B112EBC3C6.d.986D8EF9DF851DBC9E253445CDE72DB2.e.13475"},"getText",[]]}
RESULT: {"script":"<script> [6424 bytes]","args":[{"element-6066-11e4-a52e-4f735466cecf":"f.F1E1A893882E28A71BFE42B112EBC3C6.d.986D8EF9DF851DBC9E253445CDE72DB2.e.13475"},"getText",[]]}
COMMAND: POST /session/041ece1bac594130e3a6c3bac6c9d85e/execute/async - {"script":"<script> [1562 bytes]","args":[{"selector":{"id":"application-managepricingrules-display-component---newInfoPriceItem--condValidTo","interaction":{"idSuffix":"inner"}},"wdio_ui5_key":"applicationmanagepricingrules-display-component---newInfoPriceItem--condValidTo"}]}
RESULT: {"script":"<script> [1562 bytes]","args":[{"selector":{"id":"application-managepricingrules-display-component---newInfoPriceItem--condValidTo","interaction":{"idSuffix":"inner"}},"wdio_ui5_key":"applicationmanagepricingrules-display-component---newInfoPriceItem--condValidTo"}]}
RESULT: undefined
COMMAND: POST /session/041ece1bac594130e3a6c3bac6c9d85e/execute/async - {"script":"<script> [776 bytes]","args":[{"enterText":"2/5/26","selector":{"id":"application-managepricingrules-display-component---newInfoPriceItem--condValidTo","interaction":{"idSuffix":"inner"}},"clearTextFirst":true,"interactionType":"ENTER_TEXT"}]}
RESULT: {"script":"<script> [776 bytes]","args":[{"enterText":"2/5/26","selector":{"id":"application-managepricingrules-display-component---newInfoPriceItem--condValidTo","interaction":{"idSuffix":"inner"}},"clearTextFirst":true,"interactionType":"ENTER_TEXT"}]}
COMMAND: POST /session/041ece1bac594130e3a6c3bac6c9d85e/execute/async - {"script":"<script> [1562 bytes]","args":[{"selector":{"id":"application-managepricingrules-display-component---newInfoPriceItem--billType-arrow"},"wdio_ui5_key":"applicationmanagepricingrules-display-component---newInfoPriceItem--billType-arrow"}]}
RESULT: {"script":"<script> [1562 bytes]","args":[{"selector":{"id":"application-managepricingrules-display-component---newInfoPriceItem--billType-arrow"},"wdio_ui5_key":"applicationmanagepricingrules-display-component---newInfoPriceItem--billType-arrow"}]}
RESULT: undefined
COMMAND: POST /session/041ece1bac594130e3a6c3bac6c9d85e/element - {"using":"xpath","value":"//*[@id=\"application-managepricingrules-display-component---newInfoPriceItem--billType-arrow\"]"}
RESULT: {"using":"xpath","value":"//*[@id=\"application-managepricingrules-display-component---newInfoPriceItem--billType-arrow\"]"}
COMMAND: POST /session/041ece1bac594130e3a6c3bac6c9d85e/element/f.F1E1A893882E28A71BFE42B112EBC3C6.d.986D8EF9DF851DBC9E253445CDE72DB2.e.13532/click - {}
RESULT: {}
COMMAND: POST /session/041ece1bac594130e3a6c3bac6c9d85e/element - {"using":"xpath","value":"//span[contains(text(), \"TB - Time based\")]"}
COMMAND: GET /session/041ece1bac594130e3a6c3bac6c9d85e/screenshot - {}
RESULT: {"using":"xpath","value":"//span[contains(text(), \"TB - Time based\")]"}
COMMAND: POST /session/041ece1bac594130e3a6c3bac6c9d85e/element/f.F1E1A893882E28A71BFE42B112EBC3C6.d.986D8EF9DF851DBC9E253445CDE72DB2.e.13574/click - {}
RESULT: {}
RESULT: {}
COMMAND: POST /session/041ece1bac594130e3a6c3bac6c9d85e/execute/async - {"script":"<script> [1562 bytes]","args":[{"selector":{"id":"application-managepricingrules-display-component---newInfoPriceItem--priceProc-arrow"},"wdio_ui5_key":"applicationmanagepricingrules-display-component---newInfoPriceItem--priceProc-arrow"}]}
COMMAND: GET /session/041ece1bac594130e3a6c3bac6c9d85e/screenshot - {}
RESULT: {"script":"<script> [1562 bytes]","args":[{"selector":{"id":"application-managepricingrules-display-component---newInfoPriceItem--priceProc-arrow"},"wdio_ui5_key":"applicationmanagepricingrules-display-component---newInfoPriceItem--priceProc-arrow"}]}
RESULT: undefined
COMMAND: POST /session/041ece1bac594130e3a6c3bac6c9d85e/element - {"using":"xpath","value":"//*[@id=\"application-managepricingrules-display-component---newInfoPriceItem--priceProc-arrow\"]"}
RESULT: {}
RESULT: {"using":"xpath","value":"//*[@id=\"application-managepricingrules-display-component---newInfoPriceItem--priceProc-arrow\"]"}
COMMAND: POST /session/041ece1bac594130e3a6c3bac6c9d85e/element/f.F1E1A893882E28A71BFE42B112EBC3C6.d.986D8EF9DF851DBC9E253445CDE72DB2.e.13539/click - {}
RESULT: {}
COMMAND: POST /session/041ece1bac594130e3a6c3bac6c9d85e/element - {"using":"xpath","value":"//span[contains(text(), \"TBS - Time based standard\")]"}
COMMAND: GET /session/041ece1bac594130e3a6c3bac6c9d85e/screenshot - {}
RESULT: {"using":"xpath","value":"//span[contains(text(), \"TBS - Time based standard\")]"}
COMMAND: POST /session/041ece1bac594130e3a6c3bac6c9d85e/element/f.F1E1A893882E28A71BFE42B112EBC3C6.d.986D8EF9DF851DBC9E253445CDE72DB2.e.13575/click - {}
RESULT: {}
RESULT: {}
COMMAND: POST /session/041ece1bac594130e3a6c3bac6c9d85e/execute/async - {"script":"<script> [1562 bytes]","args":[{"selector":{"id":"application-managepricingrules-display-component---newInfoPriceItem--calcBase-arrow"},"wdio_ui5_key":"applicationmanagepricingrules-display-component---newInfoPriceItem--calcBase-arrow"}]}
COMMAND: GET /session/041ece1bac594130e3a6c3bac6c9d85e/screenshot - {}
RESULT: {"script":"<script> [1562 bytes]","args":[{"selector":{"id":"application-managepricingrules-display-component---newInfoPriceItem--calcBase-arrow"},"wdio_ui5_key":"applicationmanagepricingrules-display-component---newInfoPriceItem--calcBase-arrow"}]}
RESULT: undefined
COMMAND: POST /session/041ece1bac594130e3a6c3bac6c9d85e/element - {"using":"xpath","value":"//*[@id=\"application-managepricingrules-display-component---newInfoPriceItem--calcBase-arrow\"]"}
RESULT: {}
RESULT: {"using":"xpath","value":"//*[@id=\"application-managepricingrules-display-component---newInfoPriceItem--calcBase-arrow\"]"}
COMMAND: POST /session/041ece1bac594130e3a6c3bac6c9d85e/element/f.F1E1A893882E28A71BFE42B112EBC3C6.d.986D8EF9DF851DBC9E253445CDE72DB2.e.13546/click - {}
RESULT: {}
COMMAND: GET /session/041ece1bac594130e3a6c3bac6c9d85e/screenshot - {}
RESULT: {}
COMMAND: POST /session/041ece1bac594130e3a6c3bac6c9d85e/element - {"using":"xpath","value":"//span[contains(text(), \"0006 - TB(calendar days)\")]"}
RESULT: {"using":"xpath","value":"//span[contains(text(), \"0006 - TB(calendar days)\")]"}
COMMAND: POST /session/041ece1bac594130e3a6c3bac6c9d85e/element/f.F1E1A893882E28A71BFE42B112EBC3C6.d.986D8EF9DF851DBC9E253445CDE72DB2.e.13576/click - {}
RESULT: {}
COMMAND: GET /session/041ece1bac594130e3a6c3bac6c9d85e/screenshot - {}
RESULT: {}
COMMAND: POST /session/041ece1bac594130e3a6c3bac6c9d85e/execute/async - {"script":"<script> [1562 bytes]","args":[{"selector":{"id":"application-managepricingrules-display-component---newInfoPriceItem--daysMonth","interaction":{"idSuffix":"inner"}},"wdio_ui5_key":"applicationmanagepricingrules-display-component---newInfoPriceItem--daysMonth"}]}
RESULT: {"script":"<script> [1562 bytes]","args":[{"selector":{"id":"application-managepricingrules-display-component---newInfoPriceItem--daysMonth","interaction":{"idSuffix":"inner"}},"wdio_ui5_key":"applicationmanagepricingrules-display-component---newInfoPriceItem--daysMonth"}]}
RESULT: undefined
COMMAND: POST /session/041ece1bac594130e3a6c3bac6c9d85e/execute/async - {"script":"<script> [776 bytes]","args":[{"enterText":"30","selector":{"id":"application-managepricingrules-display-component---newInfoPriceItem--daysMonth","interaction":{"idSuffix":"inner"}},"clearTextFirst":true,"interactionType":"ENTER_TEXT"}]}
RESULT: {"script":"<script> [776 bytes]","args":[{"enterText":"30","selector":{"id":"application-managepricingrules-display-component---newInfoPriceItem--daysMonth","interaction":{"idSuffix":"inner"}},"clearTextFirst":true,"interactionType":"ENTER_TEXT"}]}
COMMAND: POST /session/041ece1bac594130e3a6c3bac6c9d85e/element - {"using":"xpath","value":"//button[@data-kt=\"saveNewRuleButton\"]"}
RESULT: {"using":"xpath","value":"//button[@data-kt=\"saveNewRuleButton\"]"}
COMMAND: POST /session/041ece1bac594130e3a6c3bac6c9d85e/element/f.F1E1A893882E28A71BFE42B112EBC3C6.d.986D8EF9DF851DBC9E253445CDE72DB2.e.13567/click - {}
RESULT: {}
COMMAND: GET /session/041ece1bac594130e3a6c3bac6c9d85e/screenshot - {}
RESULT: {}
COMMAND: POST /session/041ece1bac594130e3a6c3bac6c9d85e/execute/async - {"script":"<script> [1562 bytes]","args":[{"selector":{"id":"application-managepricingrules-display-component---priceInfoItem--smartFilterBar-btnBasicSearch","interaction":{"idSuffix":"I"}},"wdio_ui5_key":"applicationmanagepricingrules-display-component---priceInfoItem--smartFilterBar-btnBasicSearch"}]}
RESULT: {"script":"<script> [1562 bytes]","args":[{"selector":{"id":"application-managepricingrules-display-component---priceInfoItem--smartFilterBar-btnBasicSearch","interaction":{"idSuffix":"I"}},"wdio_ui5_key":"applicationmanagepricingrules-display-component---priceInfoItem--smartFilterBar-btnBasicSearch"}]}
RESULT: undefined
COMMAND: POST /session/041ece1bac594130e3a6c3bac6c9d85e/execute/async - {"script":"<script> [776 bytes]","args":[{"enterText":"E2gNuOIdH5","selector":{"id":"application-managepricingrules-display-component---priceInfoItem--smartFilterBar-btnBasicSearch","interaction":{"idSuffix":"I"}},"clearTextFirst":true,"interactionType":"ENTER_TEXT"}]}
RESULT: {"script":"<script> [776 bytes]","args":[{"enterText":"E2gNuOIdH5","selector":{"id":"application-managepricingrules-display-component---priceInfoItem--smartFilterBar-btnBasicSearch","interaction":{"idSuffix":"I"}},"clearTextFirst":true,"interactionType":"ENTER_TEXT"}]}
COMMAND: POST /session/041ece1bac594130e3a6c3bac6c9d85e/actions - {"actions":[{"id":"action49","type":"key","parameters":{},"actions":[{"type":"keyDown","value":"î€‡"},{"type":"pause","duration":10},{"type":"keyUp","value":"î€‡"}]}]}
RESULT: {"actions":[{"id":"action49","type":"key","parameters":{},"actions":[{"type":"keyDown","value":"î€‡"},{"type":"pause","duration":10},{"type":"keyUp","value":"î€‡"}]}]}
COMMAND: GET /session/041ece1bac594130e3a6c3bac6c9d85e/screenshot - {}
RESULT: {}
COMMAND: POST /session/041ece1bac594130e3a6c3bac6c9d85e/element - {"using":"xpath","value":"//span[@id=\"application-managepricingrules-display-component---priceInfoItem--smartTable-header-inner\"]"}
RESULT: {"using":"xpath","value":"//span[@id=\"application-managepricingrules-display-component---priceInfoItem--smartTable-header-inner\"]"}
COMMAND: POST /session/041ece1bac594130e3a6c3bac6c9d85e/elements - {"using":"xpath","value":"//span[@id=\"application-managepricingrules-display-component---priceInfoItem--smartTable-header-inner\"]"}
RESULT: {"using":"xpath","value":"//span[@id=\"application-managepricingrules-display-component---priceInfoItem--smartTable-header-inner\"]"}
COMMAND: POST /session/041ece1bac594130e3a6c3bac6c9d85e/execute/sync - {"script":"<script> [56 bytes]","args":[{"element-6066-11e4-a52e-4f735466cecf":"f.F1E1A893882E28A71BFE42B112EBC3C6.d.986D8EF9DF851DBC9E253445CDE72DB2.e.13601","ELEMENT":"f.F1E1A893882E28A71BFE42B112EBC3C6.d.986D8EF9DF851DBC9E253445CDE72DB2.e.13601"}]}
RESULT: {"script":"<script> [56 bytes]","args":[{"element-6066-11e4-a52e-4f735466cecf":"f.F1E1A893882E28A71BFE42B112EBC3C6.d.986D8EF9DF851DBC9E253445CDE72DB2.e.13601","ELEMENT":"f.F1E1A893882E28A71BFE42B112EBC3C6.d.986D8EF9DF851DBC9E253445CDE72DB2.e.13601"}]}
COMMAND: POST /session/041ece1bac594130e3a6c3bac6c9d85e/element - {"using":"css selector","value":"#shell-header-logo"}
COMMAND: GET /session/041ece1bac594130e3a6c3bac6c9d85e/screenshot - {}
RESULT: {"using":"css selector","value":"#shell-header-logo"}
COMMAND: POST /session/041ece1bac594130e3a6c3bac6c9d85e/element/f.F1E1A893882E28A71BFE42B112EBC3C6.d.986D8EF9DF851DBC9E253445CDE72DB2.e.12627/click - {}
RESULT: {}
RESULT: {}
COMMAND: GET /session/041ece1bac594130e3a6c3bac6c9d85e/screenshot - {}
RESULT: {}
]]></system-out>
    </testcase>
    <testcase classname="chrome.137_0_7151_56.windows.Create_Reverse_Billing_US127248" name="Should manage conditions" time="68.807">
      <system-out><![CDATA[
COMMAND: POST /session/041ece1bac594130e3a6c3bac6c9d85e/execute/async - {"script":"<script> [1562 bytes]","args":[{"selector":{"controlType":"sap.m.GenericTile","properties":{"header":"Manage Conditions & Prices"}},"wdio_ui5_key":"sapm.GenericTile{\"header\":\"Manage Conditions & Prices\"}"}]}
RESULT: {"script":"<script> [1562 bytes]","args":[{"selector":{"controlType":"sap.m.GenericTile","properties":{"header":"Manage Conditions & Prices"}},"wdio_ui5_key":"sapm.GenericTile{\"header\":\"Manage Conditions & Prices\"}"}]}
RESULT: undefined
COMMAND: POST /session/041ece1bac594130e3a6c3bac6c9d85e/element - {"using":"xpath","value":"//*[@id=\"__tile53\"]"}
RESULT: {"using":"xpath","value":"//*[@id=\"__tile53\"]"}
COMMAND: POST /session/041ece1bac594130e3a6c3bac6c9d85e/element/f.F1E1A893882E28A71BFE42B112EBC3C6.d.986D8EF9DF851DBC9E253445CDE72DB2.e.12559/click - {}
RESULT: {}
COMMAND: GET /session/041ece1bac594130e3a6c3bac6c9d85e/screenshot - {}
RESULT: {}
COMMAND: POST /session/041ece1bac594130e3a6c3bac6c9d85e/elements - {"using":"xpath","value":"//span[text()='Error']"}
RESULT: {"using":"xpath","value":"//span[text()='Error']"}
COMMAND: POST /session/041ece1bac594130e3a6c3bac6c9d85e/element - {"using":"xpath","value":"//button[@aria-label=\"Create\"]"}
RESULT: {"using":"xpath","value":"//button[@aria-label=\"Create\"]"}
COMMAND: POST /session/041ece1bac594130e3a6c3bac6c9d85e/elements - {"using":"xpath","value":"//button[@aria-label=\"Create\"]"}
RESULT: {"using":"xpath","value":"//button[@aria-label=\"Create\"]"}
COMMAND: POST /session/041ece1bac594130e3a6c3bac6c9d85e/execute/sync - {"script":"<script> [8489 bytes]","args":[{"element-6066-11e4-a52e-4f735466cecf":"f.F1E1A893882E28A71BFE42B112EBC3C6.d.986D8EF9DF851DBC9E253445CDE72DB2.e.13636","ELEMENT":"f.F1E1A893882E28A71BFE42B112EBC3C6.d.986D8EF9DF851DBC9E253445CDE72DB2.e.13636"}]}
RESULT: {"script":"<script> [8489 bytes]","args":[{"element-6066-11e4-a52e-4f735466cecf":"f.F1E1A893882E28A71BFE42B112EBC3C6.d.986D8EF9DF851DBC9E253445CDE72DB2.e.13636","ELEMENT":"f.F1E1A893882E28A71BFE42B112EBC3C6.d.986D8EF9DF851DBC9E253445CDE72DB2.e.13636"}]}
COMMAND: GET /session/041ece1bac594130e3a6c3bac6c9d85e/element/f.F1E1A893882E28A71BFE42B112EBC3C6.d.986D8EF9DF851DBC9E253445CDE72DB2.e.13636/enabled - {}
COMMAND: GET /session/041ece1bac594130e3a6c3bac6c9d85e/screenshot - {}
RESULT: {}
COMMAND: POST /session/041ece1bac594130e3a6c3bac6c9d85e/execute/sync - {"script":"<script> [8489 bytes]","args":[{"element-6066-11e4-a52e-4f735466cecf":"f.F1E1A893882E28A71BFE42B112EBC3C6.d.986D8EF9DF851DBC9E253445CDE72DB2.e.13636","ELEMENT":"f.F1E1A893882E28A71BFE42B112EBC3C6.d.986D8EF9DF851DBC9E253445CDE72DB2.e.13636"}]}
COMMAND: GET /session/041ece1bac594130e3a6c3bac6c9d85e/screenshot - {}
RESULT: {}
RESULT: {"script":"<script> [8489 bytes]","args":[{"element-6066-11e4-a52e-4f735466cecf":"f.F1E1A893882E28A71BFE42B112EBC3C6.d.986D8EF9DF851DBC9E253445CDE72DB2.e.13636","ELEMENT":"f.F1E1A893882E28A71BFE42B112EBC3C6.d.986D8EF9DF851DBC9E253445CDE72DB2.e.13636"}]}
COMMAND: POST /session/041ece1bac594130e3a6c3bac6c9d85e/execute/sync - {"script":"<script> [5351 bytes]","args":[{"element-6066-11e4-a52e-4f735466cecf":"f.F1E1A893882E28A71BFE42B112EBC3C6.d.986D8EF9DF851DBC9E253445CDE72DB2.e.13636","ELEMENT":"f.F1E1A893882E28A71BFE42B112EBC3C6.d.986D8EF9DF851DBC9E253445CDE72DB2.e.13636"}]}
COMMAND: GET /session/041ece1bac594130e3a6c3bac6c9d85e/screenshot - {}
RESULT: {}
RESULT: {}
RESULT: {"script":"<script> [5351 bytes]","args":[{"element-6066-11e4-a52e-4f735466cecf":"f.F1E1A893882E28A71BFE42B112EBC3C6.d.986D8EF9DF851DBC9E253445CDE72DB2.e.13636","ELEMENT":"f.F1E1A893882E28A71BFE42B112EBC3C6.d.986D8EF9DF851DBC9E253445CDE72DB2.e.13636"}]}
COMMAND: POST /session/041ece1bac594130e3a6c3bac6c9d85e/element/f.F1E1A893882E28A71BFE42B112EBC3C6.d.986D8EF9DF851DBC9E253445CDE72DB2.e.13636/click - {}
COMMAND: GET /session/041ece1bac594130e3a6c3bac6c9d85e/screenshot - {}
RESULT: {}
COMMAND: GET /session/041ece1bac594130e3a6c3bac6c9d85e/screenshot - {}
RESULT: {}
RESULT: {}
COMMAND: POST /session/041ece1bac594130e3a6c3bac6c9d85e/actions - {"actions":[{"id":"action50","type":"key","parameters":{},"actions":[{"type":"keyDown","value":"î€‡"},{"type":"pause","duration":10},{"type":"keyUp","value":"î€‡"}]}]}
RESULT: {"actions":[{"id":"action50","type":"key","parameters":{},"actions":[{"type":"keyDown","value":"î€‡"},{"type":"pause","duration":10},{"type":"keyUp","value":"î€‡"}]}]}
COMMAND: GET /session/041ece1bac594130e3a6c3bac6c9d85e/screenshot - {}
COMMAND: POST /session/041ece1bac594130e3a6c3bac6c9d85e/execute/async - {"script":"<script> [1562 bytes]","args":[{"selector":{"id":"application-manageconditionprice-display-component---newCondition--condBillCond-arrow"},"wdio_ui5_key":"applicationmanageconditionprice-display-component---newCondition--condBillCond-arrow"}]}
RESULT: {}
RESULT: {"script":"<script> [1562 bytes]","args":[{"selector":{"id":"application-manageconditionprice-display-component---newCondition--condBillCond-arrow"},"wdio_ui5_key":"applicationmanageconditionprice-display-component---newCondition--condBillCond-arrow"}]}
RESULT: undefined
COMMAND: POST /session/041ece1bac594130e3a6c3bac6c9d85e/element - {"using":"xpath","value":"//*[@id=\"application-manageconditionprice-display-component---newCondition--condBillCond-arrow\"]"}
RESULT: {"using":"xpath","value":"//*[@id=\"application-manageconditionprice-display-component---newCondition--condBillCond-arrow\"]"}
COMMAND: POST /session/041ece1bac594130e3a6c3bac6c9d85e/element/f.F1E1A893882E28A71BFE42B112EBC3C6.d.986D8EF9DF851DBC9E253445CDE72DB2.e.13811/click - {}
RESULT: {}
COMMAND: GET /session/041ece1bac594130e3a6c3bac6c9d85e/screenshot - {}
RESULT: {}
COMMAND: POST /session/041ece1bac594130e3a6c3bac6c9d85e/element - {"using":"xpath","value":"//li[.//span[contains(text(), \"DISP - D&I special price\")]]"}
RESULT: {"using":"xpath","value":"//li[.//span[contains(text(), \"DISP - D&I special price\")]]"}
COMMAND: POST /session/041ece1bac594130e3a6c3bac6c9d85e/element/f.F1E1A893882E28A71BFE42B112EBC3C6.d.986D8EF9DF851DBC9E253445CDE72DB2.e.13814/click - {}
RESULT: {}
COMMAND: GET /session/041ece1bac594130e3a6c3bac6c9d85e/screenshot - {}
RESULT: {}
COMMAND: POST /session/041ece1bac594130e3a6c3bac6c9d85e/execute/async - {"script":"<script> [1562 bytes]","args":[{"selector":{"id":"application-manageconditionprice-display-component---newCondition--condValidTo","interaction":{"idSuffix":"inner"}},"wdio_ui5_key":"applicationmanageconditionprice-display-component---newCondition--condValidTo"}]}
RESULT: {"script":"<script> [1562 bytes]","args":[{"selector":{"id":"application-manageconditionprice-display-component---newCondition--condValidTo","interaction":{"idSuffix":"inner"}},"wdio_ui5_key":"applicationmanageconditionprice-display-component---newCondition--condValidTo"}]}
RESULT: undefined
COMMAND: POST /session/041ece1bac594130e3a6c3bac6c9d85e/execute/async - {"script":"<script> [776 bytes]","args":[{"enterText":"2/5/26","selector":{"id":"application-manageconditionprice-display-component---newCondition--condValidTo","interaction":{"idSuffix":"inner"}},"clearTextFirst":true,"interactionType":"ENTER_TEXT"}]}
RESULT: {"script":"<script> [776 bytes]","args":[{"enterText":"2/5/26","selector":{"id":"application-manageconditionprice-display-component---newCondition--condValidTo","interaction":{"idSuffix":"inner"}},"clearTextFirst":true,"interactionType":"ENTER_TEXT"}]}
COMMAND: POST /session/041ece1bac594130e3a6c3bac6c9d85e/element - {"using":"xpath","value":"//input[@id=\"application-manageconditionprice-display-component---newCondition--condRU-inner\"]"}
RESULT: {"using":"xpath","value":"//input[@id=\"application-manageconditionprice-display-component---newCondition--condRU-inner\"]"}
COMMAND: POST /session/041ece1bac594130e3a6c3bac6c9d85e/element/f.F1E1A893882E28A71BFE42B112EBC3C6.d.986D8EF9DF851DBC9E253445CDE72DB2.e.13681/clear - {}
RESULT: {}
COMMAND: POST /session/041ece1bac594130e3a6c3bac6c9d85e/element/f.F1E1A893882E28A71BFE42B112EBC3C6.d.986D8EF9DF851DBC9E253445CDE72DB2.e.13681/value - {"text":"E2gNuOIdH5"}
COMMAND: GET /session/041ece1bac594130e3a6c3bac6c9d85e/screenshot - {}
RESULT: {"text":"E2gNuOIdH5"}
COMMAND: GET /session/041ece1bac594130e3a6c3bac6c9d85e/screenshot - {}
RESULT: {}
RESULT: {}
COMMAND: POST /session/041ece1bac594130e3a6c3bac6c9d85e/actions - {"actions":[{"id":"action51","type":"key","parameters":{},"actions":[{"type":"keyDown","value":"î€‡"},{"type":"pause","duration":10},{"type":"keyUp","value":"î€‡"}]}]}
RESULT: {"actions":[{"id":"action51","type":"key","parameters":{},"actions":[{"type":"keyDown","value":"î€‡"},{"type":"pause","duration":10},{"type":"keyUp","value":"î€‡"}]}]}
COMMAND: POST /session/041ece1bac594130e3a6c3bac6c9d85e/execute/async - {"script":"<script> [1562 bytes]","args":[{"selector":{"id":"application-manageconditionprice-display-component---newCondition--condBaseQty","interaction":{"idSuffix":"inner"}},"wdio_ui5_key":"applicationmanageconditionprice-display-component---newCondition--condBaseQty"}]}
COMMAND: GET /session/041ece1bac594130e3a6c3bac6c9d85e/screenshot - {}
RESULT: {"script":"<script> [1562 bytes]","args":[{"selector":{"id":"application-manageconditionprice-display-component---newCondition--condBaseQty","interaction":{"idSuffix":"inner"}},"wdio_ui5_key":"applicationmanageconditionprice-display-component---newCondition--condBaseQty"}]}
RESULT: undefined
COMMAND: POST /session/041ece1bac594130e3a6c3bac6c9d85e/execute/async - {"script":"<script> [776 bytes]","args":[{"enterText":"1","selector":{"id":"application-manageconditionprice-display-component---newCondition--condBaseQty","interaction":{"idSuffix":"inner"}},"clearTextFirst":true,"interactionType":"ENTER_TEXT"}]}
RESULT: {}
RESULT: {"script":"<script> [776 bytes]","args":[{"enterText":"1","selector":{"id":"application-manageconditionprice-display-component---newCondition--condBaseQty","interaction":{"idSuffix":"inner"}},"clearTextFirst":true,"interactionType":"ENTER_TEXT"}]}
COMMAND: POST /session/041ece1bac594130e3a6c3bac6c9d85e/execute/async - {"script":"<script> [1562 bytes]","args":[{"selector":{"id":"application-manageconditionprice-display-component---newCondition--condValue","interaction":{"idSuffix":"inner"}},"wdio_ui5_key":"applicationmanageconditionprice-display-component---newCondition--condValue"}]}
RESULT: {"script":"<script> [1562 bytes]","args":[{"selector":{"id":"application-manageconditionprice-display-component---newCondition--condValue","interaction":{"idSuffix":"inner"}},"wdio_ui5_key":"applicationmanageconditionprice-display-component---newCondition--condValue"}]}
RESULT: undefined
COMMAND: POST /session/041ece1bac594130e3a6c3bac6c9d85e/execute/async - {"script":"<script> [776 bytes]","args":[{"enterText":"200","selector":{"id":"application-manageconditionprice-display-component---newCondition--condValue","interaction":{"idSuffix":"inner"}},"clearTextFirst":true,"interactionType":"ENTER_TEXT"}]}
RESULT: {"script":"<script> [776 bytes]","args":[{"enterText":"200","selector":{"id":"application-manageconditionprice-display-component---newCondition--condValue","interaction":{"idSuffix":"inner"}},"clearTextFirst":true,"interactionType":"ENTER_TEXT"}]}
COMMAND: POST /session/041ece1bac594130e3a6c3bac6c9d85e/execute/async - {"script":"<script> [1562 bytes]","args":[{"selector":{"id":"application-manageconditionprice-display-component---newCondition--condCurr-arrow"},"wdio_ui5_key":"applicationmanageconditionprice-display-component---newCondition--condCurr-arrow"}]}
RESULT: {"script":"<script> [1562 bytes]","args":[{"selector":{"id":"application-manageconditionprice-display-component---newCondition--condCurr-arrow"},"wdio_ui5_key":"applicationmanageconditionprice-display-component---newCondition--condCurr-arrow"}]}
RESULT: undefined
COMMAND: POST /session/041ece1bac594130e3a6c3bac6c9d85e/element - {"using":"xpath","value":"//*[@id=\"application-manageconditionprice-display-component---newCondition--condCurr-arrow\"]"}
RESULT: {"using":"xpath","value":"//*[@id=\"application-manageconditionprice-display-component---newCondition--condCurr-arrow\"]"}
COMMAND: POST /session/041ece1bac594130e3a6c3bac6c9d85e/element/f.F1E1A893882E28A71BFE42B112EBC3C6.d.986D8EF9DF851DBC9E253445CDE72DB2.e.13774/click - {}
RESULT: {}
COMMAND: POST /session/041ece1bac594130e3a6c3bac6c9d85e/element - {"using":"xpath","value":"//span[contains(text(), \"Euro\")]"}
COMMAND: GET /session/041ece1bac594130e3a6c3bac6c9d85e/screenshot - {}
RESULT: {"using":"xpath","value":"//span[contains(text(), \"Euro\")]"}
COMMAND: POST /session/041ece1bac594130e3a6c3bac6c9d85e/element/f.F1E1A893882E28A71BFE42B112EBC3C6.d.986D8EF9DF851DBC9E253445CDE72DB2.e.13852/click - {}
RESULT: {}
RESULT: {}
COMMAND: POST /session/041ece1bac594130e3a6c3bac6c9d85e/element - {"using":"xpath","value":"//button[@data-kt=\"saveButton\"]"}
COMMAND: GET /session/041ece1bac594130e3a6c3bac6c9d85e/screenshot - {}
RESULT: {"using":"xpath","value":"//button[@data-kt=\"saveButton\"]"}
COMMAND: POST /session/041ece1bac594130e3a6c3bac6c9d85e/element/f.F1E1A893882E28A71BFE42B112EBC3C6.d.986D8EF9DF851DBC9E253445CDE72DB2.e.13775/click - {}
RESULT: {}
RESULT: {}
COMMAND: GET /session/041ece1bac594130e3a6c3bac6c9d85e/screenshot - {}
RESULT: {}
COMMAND: POST /session/041ece1bac594130e3a6c3bac6c9d85e/execute/async - {"script":"<script> [1562 bytes]","args":[{"selector":{"id":"application-manageconditionprice-display-component---conditions--smartFilterBar-btnBasicSearch","interaction":{"idSuffix":"I"}},"wdio_ui5_key":"applicationmanageconditionprice-display-component---conditions--smartFilterBar-btnBasicSearch"}]}
RESULT: {"script":"<script> [1562 bytes]","args":[{"selector":{"id":"application-manageconditionprice-display-component---conditions--smartFilterBar-btnBasicSearch","interaction":{"idSuffix":"I"}},"wdio_ui5_key":"applicationmanageconditionprice-display-component---conditions--smartFilterBar-btnBasicSearch"}]}
RESULT: undefined
COMMAND: POST /session/041ece1bac594130e3a6c3bac6c9d85e/execute/async - {"script":"<script> [776 bytes]","args":[{"enterText":"E2gNuOIdH5","selector":{"id":"application-manageconditionprice-display-component---conditions--smartFilterBar-btnBasicSearch","interaction":{"idSuffix":"I"}},"clearTextFirst":true,"interactionType":"ENTER_TEXT"}]}
RESULT: {"script":"<script> [776 bytes]","args":[{"enterText":"E2gNuOIdH5","selector":{"id":"application-manageconditionprice-display-component---conditions--smartFilterBar-btnBasicSearch","interaction":{"idSuffix":"I"}},"clearTextFirst":true,"interactionType":"ENTER_TEXT"}]}
COMMAND: POST /session/041ece1bac594130e3a6c3bac6c9d85e/actions - {"actions":[{"id":"action52","type":"key","parameters":{},"actions":[{"type":"keyDown","value":"î€‡"},{"type":"pause","duration":10},{"type":"keyUp","value":"î€‡"}]}]}
RESULT: {"actions":[{"id":"action52","type":"key","parameters":{},"actions":[{"type":"keyDown","value":"î€‡"},{"type":"pause","duration":10},{"type":"keyUp","value":"î€‡"}]}]}
COMMAND: GET /session/041ece1bac594130e3a6c3bac6c9d85e/screenshot - {}
RESULT: {}
COMMAND: POST /session/041ece1bac594130e3a6c3bac6c9d85e/execute/async - {"script":"<script> [1562 bytes]","args":[{"selector":{"id":"application-manageconditionprice-display-component---conditions--smartFilterBar-filterItemControl_BASIC-BILL_TYPES-vhi"},"wdio_ui5_key":"applicationmanageconditionprice-display-component---conditions--smartFilterBar-filterItemControl_BASIC-BILL_TYPES-vhi"}]}
RESULT: {"script":"<script> [1562 bytes]","args":[{"selector":{"id":"application-manageconditionprice-display-component---conditions--smartFilterBar-filterItemControl_BASIC-BILL_TYPES-vhi"},"wdio_ui5_key":"applicationmanageconditionprice-display-component---conditions--smartFilterBar-filterItemControl_BASIC-BILL_TYPES-vhi"}]}
RESULT: undefined
COMMAND: POST /session/041ece1bac594130e3a6c3bac6c9d85e/element - {"using":"xpath","value":"//*[@id=\"application-manageconditionprice-display-component---conditions--smartFilterBar-filterItemControl_BASIC-BILL_TYPES-vhi\"]"}
RESULT: {"using":"xpath","value":"//*[@id=\"application-manageconditionprice-display-component---conditions--smartFilterBar-filterItemControl_BASIC-BILL_TYPES-vhi\"]"}
COMMAND: POST /session/041ece1bac594130e3a6c3bac6c9d85e/element/f.F1E1A893882E28A71BFE42B112EBC3C6.d.986D8EF9DF851DBC9E253445CDE72DB2.e.13958/click - {}
RESULT: {}
COMMAND: POST /session/041ece1bac594130e3a6c3bac6c9d85e/execute/async - {"script":"<script> [1562 bytes]","args":[{"selector":{"id":"application-manageconditionprice-display-component---conditions--smartFilterBar-filterItemControl_BASIC-BILL_TYPES-valueHelpDialog-smartFilterBar-btnBasicSearch","searchOpenDialogs":true,"interaction":{"idSuffix":"I"}},"wdio_ui5_key":"applicationmanageconditionprice-display-component---conditions--smartFilterBar-filterItemControl_BASIC-BILL_TYPES-valueHelpDialog-smartFilterBar-btnBasicSearch"}]}
COMMAND: GET /session/041ece1bac594130e3a6c3bac6c9d85e/screenshot - {}
RESULT: {"script":"<script> [1562 bytes]","args":[{"selector":{"id":"application-manageconditionprice-display-component---conditions--smartFilterBar-filterItemControl_BASIC-BILL_TYPES-valueHelpDialog-smartFilterBar-btnBasicSearch","searchOpenDialogs":true,"interaction":{"idSuffix":"I"}},"wdio_ui5_key":"applicationmanageconditionprice-display-component---conditions--smartFilterBar-filterItemControl_BASIC-BILL_TYPES-valueHelpDialog-smartFilterBar-btnBasicSearch"}]}
RESULT: undefined
COMMAND: POST /session/041ece1bac594130e3a6c3bac6c9d85e/execute/async - {"script":"<script> [776 bytes]","args":[{"enterText":"TB","selector":{"id":"application-manageconditionprice-display-component---conditions--smartFilterBar-filterItemControl_BASIC-BILL_TYPES-valueHelpDialog-smartFilterBar-btnBasicSearch","searchOpenDialogs":true,"interaction":{"idSuffix":"I"}},"clearTextFirst":true,"interactionType":"ENTER_TEXT"}]}
RESULT: {}
RESULT: {"script":"<script> [776 bytes]","args":[{"enterText":"TB","selector":{"id":"application-manageconditionprice-display-component---conditions--smartFilterBar-filterItemControl_BASIC-BILL_TYPES-valueHelpDialog-smartFilterBar-btnBasicSearch","searchOpenDialogs":true,"interaction":{"idSuffix":"I"}},"clearTextFirst":true,"interactionType":"ENTER_TEXT"}]}
COMMAND: POST /session/041ece1bac594130e3a6c3bac6c9d85e/actions - {"actions":[{"id":"action53","type":"key","parameters":{},"actions":[{"type":"keyDown","value":"î€‡"},{"type":"pause","duration":10},{"type":"keyUp","value":"î€‡"}]}]}
RESULT: {"actions":[{"id":"action53","type":"key","parameters":{},"actions":[{"type":"keyDown","value":"î€‡"},{"type":"pause","duration":10},{"type":"keyUp","value":"î€‡"}]}]}
COMMAND: GET /session/041ece1bac594130e3a6c3bac6c9d85e/screenshot - {}
RESULT: {}
COMMAND: POST /session/041ece1bac594130e3a6c3bac6c9d85e/element - {"using":"xpath","value":"//div[contains(@id, 'application-manageconditionprice-display-component---conditions--smartFilterBar-filterItemControl_BASIC-BILL_TYPES-valueHelpDialog-table-rowsel0')]"}
RESULT: {"using":"xpath","value":"//div[contains(@id, 'application-manageconditionprice-display-component---conditions--smartFilterBar-filterItemControl_BASIC-BILL_TYPES-valueHelpDialog-table-rowsel0')]"}
COMMAND: POST /session/041ece1bac594130e3a6c3bac6c9d85e/element/f.F1E1A893882E28A71BFE42B112EBC3C6.d.986D8EF9DF851DBC9E253445CDE72DB2.e.13968/click - {}
RESULT: {}
COMMAND: GET /session/041ece1bac594130e3a6c3bac6c9d85e/screenshot - {}
RESULT: {}
COMMAND: POST /session/041ece1bac594130e3a6c3bac6c9d85e/element - {"using":"xpath","value":"//bdi[contains(text(), \"OK\")]"}
RESULT: {"using":"xpath","value":"//bdi[contains(text(), \"OK\")]"}
COMMAND: POST /session/041ece1bac594130e3a6c3bac6c9d85e/element/f.F1E1A893882E28A71BFE42B112EBC3C6.d.986D8EF9DF851DBC9E253445CDE72DB2.e.13970/click - {}
RESULT: {}
COMMAND: GET /session/041ece1bac594130e3a6c3bac6c9d85e/screenshot - {}
RESULT: {}
COMMAND: POST /session/041ece1bac594130e3a6c3bac6c9d85e/element - {"using":"xpath","value":"//span[@id=\"application-manageconditionprice-display-component---conditions--smartTable-header-inner\"]"}
RESULT: {"using":"xpath","value":"//span[@id=\"application-manageconditionprice-display-component---conditions--smartTable-header-inner\"]"}
COMMAND: POST /session/041ece1bac594130e3a6c3bac6c9d85e/elements - {"using":"xpath","value":"//span[@id=\"application-manageconditionprice-display-component---conditions--smartTable-header-inner\"]"}
RESULT: {"using":"xpath","value":"//span[@id=\"application-manageconditionprice-display-component---conditions--smartTable-header-inner\"]"}
COMMAND: POST /session/041ece1bac594130e3a6c3bac6c9d85e/execute/sync - {"script":"<script> [56 bytes]","args":[{"element-6066-11e4-a52e-4f735466cecf":"f.F1E1A893882E28A71BFE42B112EBC3C6.d.986D8EF9DF851DBC9E253445CDE72DB2.e.13973","ELEMENT":"f.F1E1A893882E28A71BFE42B112EBC3C6.d.986D8EF9DF851DBC9E253445CDE72DB2.e.13973"}]}
RESULT: {"script":"<script> [56 bytes]","args":[{"element-6066-11e4-a52e-4f735466cecf":"f.F1E1A893882E28A71BFE42B112EBC3C6.d.986D8EF9DF851DBC9E253445CDE72DB2.e.13973","ELEMENT":"f.F1E1A893882E28A71BFE42B112EBC3C6.d.986D8EF9DF851DBC9E253445CDE72DB2.e.13973"}]}
COMMAND: POST /session/041ece1bac594130e3a6c3bac6c9d85e/element - {"using":"css selector","value":"#shell-header-logo"}
COMMAND: GET /session/041ece1bac594130e3a6c3bac6c9d85e/screenshot - {}
RESULT: {"using":"css selector","value":"#shell-header-logo"}
COMMAND: POST /session/041ece1bac594130e3a6c3bac6c9d85e/element/f.F1E1A893882E28A71BFE42B112EBC3C6.d.986D8EF9DF851DBC9E253445CDE72DB2.e.13604/click - {}
RESULT: {}
RESULT: {}
COMMAND: GET /session/041ece1bac594130e3a6c3bac6c9d85e/screenshot - {}
RESULT: {}
]]></system-out>
    </testcase>
  </testsuite>
</testsuites>