<?xml version="1.0" encoding="UTF-8"?>
<testsuites tests="17" failures="3" errors="3" skipped="0">
  <testsuite timestamp="2025-04-29T17:48:25" time="1136.553" tests="6" failures="0" errors="0" skipped="0">
    <properties>
      <property name="specId" value="0" />
      <property name="suiteName" value="Standard contract - add contract items by Insert Request US118222" />
      <property name="capabilities" value="chrome.135_0_7049_96.windows" />
      <property name="file" value="file:///D:/a/1/s/test/specs/R2C/standard-contract-add-contract-items-by-insert-request.spec.js" />
    </properties>
    <testcase classname="chrome.135_0_7049_96.windows.Standard_contract_-_add_contract_items_by_Insert_Request_US118222" name="Should create prerequisites yard partner site material and equipment" time="307.874">
      <system-out><![CDATA[
COMMAND: POST /session/fb20b4d5f8187ef355fd25bb9ed00552/execute/async - {"script":"<script> [1562 bytes]","args":[{"selector":{"controlType":"sap.m.GenericTile","properties":{"header":"Manage Yards"}},"wdio_ui5_key":"sapm.GenericTile{\"header\":\"Manage Yards\"}"}]}
RESULT: {"script":"<script> [1562 bytes]","args":[{"selector":{"controlType":"sap.m.GenericTile","properties":{"header":"Manage Yards"}},"wdio_ui5_key":"sapm.GenericTile{\"header\":\"Manage Yards\"}"}]}
RESULT: undefined
COMMAND: POST /session/fb20b4d5f8187ef355fd25bb9ed00552/element - {"using":"xpath","value":"//*[@id=\"__tile41\"]"}
RESULT: {"using":"xpath","value":"//*[@id=\"__tile41\"]"}
COMMAND: POST /session/fb20b4d5f8187ef355fd25bb9ed00552/element/f.8D83D8F609E9C53C70C061F545E12C0C.d.AF69DF8281B92FD0F1A918D417F2E55D.e.118/click - {}
RESULT: {}
COMMAND: GET /session/fb20b4d5f8187ef355fd25bb9ed00552/screenshot - {}
RESULT: {}
COMMAND: POST /session/fb20b4d5f8187ef355fd25bb9ed00552/execute/async - {"script":"<script> [1562 bytes]","args":[{"selector":{"controlType":"sap.ui.core.Icon","viewName":"etm.portal.ui.manageyards.view.Master","viewId":"application-manageyards-display-component---masterYard","properties":{"src":{"regex":{"source":"add"}}}},"wdio_ui5_key":"etmportal.ui.manageyards.view.Mastersap.ui.core.Icon{\"src\":{\"regex\":{\"source\":\"add\"}}}"}]}
RESULT: {"script":"<script> [1562 bytes]","args":[{"selector":{"controlType":"sap.ui.core.Icon","viewName":"etm.portal.ui.manageyards.view.Master","viewId":"application-manageyards-display-component---masterYard","properties":{"src":{"regex":{"source":"add"}}}},"wdio_ui5_key":"etmportal.ui.manageyards.view.Mastersap.ui.core.Icon{\"src\":{\"regex\":{\"source\":\"add\"}}}"}]}
RESULT: undefined
COMMAND: POST /session/fb20b4d5f8187ef355fd25bb9ed00552/element - {"using":"xpath","value":"//*[@id=\"__button4-img\"]"}
RESULT: {"using":"xpath","value":"//*[@id=\"__button4-img\"]"}
COMMAND: POST /session/fb20b4d5f8187ef355fd25bb9ed00552/element/f.8D83D8F609E9C53C70C061F545E12C0C.d.AF69DF8281B92FD0F1A918D417F2E55D.e.165/click - {}
RESULT: {}
COMMAND: GET /session/fb20b4d5f8187ef355fd25bb9ed00552/screenshot - {}
RESULT: {}
COMMAND: POST /session/fb20b4d5f8187ef355fd25bb9ed00552/execute/async - {"script":"<script> [1562 bytes]","args":[{"selector":{"id":"application-manageyards-display-component---NewYard--yardId","interaction":{"idSuffix":"inner"}},"wdio_ui5_key":"applicationmanageyards-display-component---NewYard--yardId"}]}
RESULT: {"script":"<script> [1562 bytes]","args":[{"selector":{"id":"application-manageyards-display-component---NewYard--yardId","interaction":{"idSuffix":"inner"}},"wdio_ui5_key":"applicationmanageyards-display-component---NewYard--yardId"}]}
RESULT: undefined
COMMAND: POST /session/fb20b4d5f8187ef355fd25bb9ed00552/element - {"using":"xpath","value":"//*[@id=\"application-manageyards-display-component---NewYard--addressDetailDetailsName1-inner\"]"}
RESULT: {"using":"xpath","value":"//*[@id=\"application-manageyards-display-component---NewYard--addressDetailDetailsName1-inner\"]"}
COMMAND: POST /session/fb20b4d5f8187ef355fd25bb9ed00552/element/f.8D83D8F609E9C53C70C061F545E12C0C.d.AF69DF8281B92FD0F1A918D417F2E55D.e.379/clear - {}
RESULT: {}
COMMAND: POST /session/fb20b4d5f8187ef355fd25bb9ed00552/element/f.8D83D8F609E9C53C70C061F545E12C0C.d.AF69DF8281B92FD0F1A918D417F2E55D.e.379/value - {"text":"WebdriverYardc3n9w"}
COMMAND: GET /session/fb20b4d5f8187ef355fd25bb9ed00552/screenshot - {}
RESULT: {"text":"WebdriverYardc3n9w"}
COMMAND: POST /session/fb20b4d5f8187ef355fd25bb9ed00552/element - {"using":"xpath","value":"//*[@id=\"application-manageyards-display-component---NewYard--addressDetailDetailsLanguage-inner\"]"}
COMMAND: GET /session/fb20b4d5f8187ef355fd25bb9ed00552/screenshot - {}
RESULT: {}
RESULT: {"using":"xpath","value":"//*[@id=\"application-manageyards-display-component---NewYard--addressDetailDetailsLanguage-inner\"]"}
COMMAND: POST /session/fb20b4d5f8187ef355fd25bb9ed00552/element/f.8D83D8F609E9C53C70C061F545E12C0C.d.AF69DF8281B92FD0F1A918D417F2E55D.e.380/clear - {}
RESULT: {}
RESULT: {}
COMMAND: POST /session/fb20b4d5f8187ef355fd25bb9ed00552/element/f.8D83D8F609E9C53C70C061F545E12C0C.d.AF69DF8281B92FD0F1A918D417F2E55D.e.380/value - {"text":"Romanian"}
COMMAND: GET /session/fb20b4d5f8187ef355fd25bb9ed00552/screenshot - {}
RESULT: {"text":"Romanian"}
COMMAND: POST /session/fb20b4d5f8187ef355fd25bb9ed00552/element - {"using":"xpath","value":"//input[contains(@id ,\"application-manageyards-display-component---NewYard--addressDetailDetailsName1-inner\")]"}
COMMAND: GET /session/fb20b4d5f8187ef355fd25bb9ed00552/screenshot - {}
RESULT: {}
RESULT: {"using":"xpath","value":"//input[contains(@id ,\"application-manageyards-display-component---NewYard--addressDetailDetailsName1-inner\")]"}
COMMAND: GET /session/fb20b4d5f8187ef355fd25bb9ed00552/element/f.8D83D8F609E9C53C70C061F545E12C0C.d.AF69DF8281B92FD0F1A918D417F2E55D.e.379/property/value - {}
RESULT: {}
RESULT: {}
COMMAND: GET /session/fb20b4d5f8187ef355fd25bb9ed00552/screenshot - {}
RESULT: {}
COMMAND: POST /session/fb20b4d5f8187ef355fd25bb9ed00552/element - {"using":"xpath","value":"//*[@id=\"application-manageyards-display-component---NewYard--addressDetailDetailsCity1-inner\"]"}
RESULT: {"using":"xpath","value":"//*[@id=\"application-manageyards-display-component---NewYard--addressDetailDetailsCity1-inner\"]"}
COMMAND: POST /session/fb20b4d5f8187ef355fd25bb9ed00552/element/f.8D83D8F609E9C53C70C061F545E12C0C.d.AF69DF8281B92FD0F1A918D417F2E55D.e.382/clear - {}
RESULT: {}
COMMAND: POST /session/fb20b4d5f8187ef355fd25bb9ed00552/element/f.8D83D8F609E9C53C70C061F545E12C0C.d.AF69DF8281B92FD0F1A918D417F2E55D.e.382/value - {"text":"Bucuresti"}
COMMAND: GET /session/fb20b4d5f8187ef355fd25bb9ed00552/screenshot - {}
RESULT: {"text":"Bucuresti"}
COMMAND: GET /session/fb20b4d5f8187ef355fd25bb9ed00552/screenshot - {}
RESULT: {}
RESULT: {}
COMMAND: POST /session/fb20b4d5f8187ef355fd25bb9ed00552/element - {"using":"xpath","value":"//*[@id=\"application-manageyards-display-component---NewYard--addressDetailDetailsCountry-inner\"]"}
RESULT: {"using":"xpath","value":"//*[@id=\"application-manageyards-display-component---NewYard--addressDetailDetailsCountry-inner\"]"}
COMMAND: POST /session/fb20b4d5f8187ef355fd25bb9ed00552/element/f.8D83D8F609E9C53C70C061F545E12C0C.d.AF69DF8281B92FD0F1A918D417F2E55D.e.386/clear - {}
RESULT: {}
COMMAND: POST /session/fb20b4d5f8187ef355fd25bb9ed00552/element/f.8D83D8F609E9C53C70C061F545E12C0C.d.AF69DF8281B92FD0F1A918D417F2E55D.e.386/value - {"text":"Romania"}
COMMAND: GET /session/fb20b4d5f8187ef355fd25bb9ed00552/screenshot - {}
RESULT: {"text":"Romania"}
COMMAND: GET /session/fb20b4d5f8187ef355fd25bb9ed00552/screenshot - {}
RESULT: {}
RESULT: {}
COMMAND: POST /session/fb20b4d5f8187ef355fd25bb9ed00552/element - {"using":"xpath","value":"//div[contains(text(), \"Commercial\")]"}
RESULT: {"using":"xpath","value":"//div[contains(text(), \"Commercial\")]"}
COMMAND: GET /session/fb20b4d5f8187ef355fd25bb9ed00552/element/f.8D83D8F609E9C53C70C061F545E12C0C.d.AF69DF8281B92FD0F1A918D417F2E55D.e.575/rect - {}
RESULT: {}
COMMAND: GET /session/fb20b4d5f8187ef355fd25bb9ed00552/window/rect - {}
RESULT: {}
COMMAND: POST /session/fb20b4d5f8187ef355fd25bb9ed00552/execute/sync - {"script":"<script> [92 bytes]","args":[]}
RESULT: {"script":"<script> [92 bytes]","args":[]}
COMMAND: POST /session/fb20b4d5f8187ef355fd25bb9ed00552/actions - {"actions":[{"id":"action1","type":"wheel","parameters":{},"actions":[{"type":"scroll","x":-1841,"y":-44,"deltaX":0,"deltaY":0,"duration":0,"origin":{"element-6066-11e4-a52e-4f735466cecf":"f.8D83D8F609E9C53C70C061F545E12C0C.d.AF69DF8281B92FD0F1A918D417F2E55D.e.575"}}]}]}
COMMAND: GET /session/fb20b4d5f8187ef355fd25bb9ed00552/screenshot - {}
RESULT: {}
COMMAND: POST /session/fb20b4d5f8187ef355fd25bb9ed00552/execute/sync - {"script":"<script> [79 bytes]","args":[{"element-6066-11e4-a52e-4f735466cecf":"f.8D83D8F609E9C53C70C061F545E12C0C.d.AF69DF8281B92FD0F1A918D417F2E55D.e.575","ELEMENT":"f.8D83D8F609E9C53C70C061F545E12C0C.d.AF69DF8281B92FD0F1A918D417F2E55D.e.575"},{"block":"start","inline":"nearest"}]}
RESULT: {"script":"<script> [79 bytes]","args":[{"element-6066-11e4-a52e-4f735466cecf":"f.8D83D8F609E9C53C70C061F545E12C0C.d.AF69DF8281B92FD0F1A918D417F2E55D.e.575","ELEMENT":"f.8D83D8F609E9C53C70C061F545E12C0C.d.AF69DF8281B92FD0F1A918D417F2E55D.e.575"},{"block":"start","inline":"nearest"}]}
COMMAND: GET /session/fb20b4d5f8187ef355fd25bb9ed00552/screenshot - {}
RESULT: {}
COMMAND: POST /session/fb20b4d5f8187ef355fd25bb9ed00552/execute/async - {"script":"<script> [1562 bytes]","args":[{"selector":{"id":"application-manageyards-display-component---NewYard--addressEditDetailsCostObjectCstType-arrow"},"wdio_ui5_key":"applicationmanageyards-display-component---NewYard--addressEditDetailsCostObjectCstType-arrow"}]}
RESULT: {"script":"<script> [1562 bytes]","args":[{"selector":{"id":"application-manageyards-display-component---NewYard--addressEditDetailsCostObjectCstType-arrow"},"wdio_ui5_key":"applicationmanageyards-display-component---NewYard--addressEditDetailsCostObjectCstType-arrow"}]}
RESULT: undefined
COMMAND: POST /session/fb20b4d5f8187ef355fd25bb9ed00552/element - {"using":"xpath","value":"//*[@id=\"application-manageyards-display-component---NewYard--addressEditDetailsCostObjectCstType-arrow\"]"}
RESULT: {"using":"xpath","value":"//*[@id=\"application-manageyards-display-component---NewYard--addressEditDetailsCostObjectCstType-arrow\"]"}
COMMAND: POST /session/fb20b4d5f8187ef355fd25bb9ed00552/element/f.8D83D8F609E9C53C70C061F545E12C0C.d.AF69DF8281B92FD0F1A918D417F2E55D.e.583/click - {}
RESULT: {}
COMMAND: POST /session/fb20b4d5f8187ef355fd25bb9ed00552/element - {"using":"xpath","value":"//span[contains(text(), \"Cost Center\")]"}
COMMAND: GET /session/fb20b4d5f8187ef355fd25bb9ed00552/screenshot - {}
RESULT: {"using":"xpath","value":"//span[contains(text(), \"Cost Center\")]"}
COMMAND: POST /session/fb20b4d5f8187ef355fd25bb9ed00552/element/f.8D83D8F609E9C53C70C061F545E12C0C.d.AF69DF8281B92FD0F1A918D417F2E55D.e.584/click - {}
RESULT: {}
RESULT: {}
COMMAND: GET /session/fb20b4d5f8187ef355fd25bb9ed00552/screenshot - {}
RESULT: {}
COMMAND: POST /session/fb20b4d5f8187ef355fd25bb9ed00552/execute/async - {"script":"<script> [1562 bytes]","args":[{"selector":{"id":"application-manageyards-display-component---NewYard--addressNewCostObjectCstID-vhi"},"wdio_ui5_key":"applicationmanageyards-display-component---NewYard--addressNewCostObjectCstID-vhi"}]}
RESULT: {"script":"<script> [1562 bytes]","args":[{"selector":{"id":"application-manageyards-display-component---NewYard--addressNewCostObjectCstID-vhi"},"wdio_ui5_key":"applicationmanageyards-display-component---NewYard--addressNewCostObjectCstID-vhi"}]}
RESULT: undefined
COMMAND: POST /session/fb20b4d5f8187ef355fd25bb9ed00552/element - {"using":"xpath","value":"//*[@id=\"application-manageyards-display-component---NewYard--addressNewCostObjectCstID-vhi\"]"}
RESULT: {"using":"xpath","value":"//*[@id=\"application-manageyards-display-component---NewYard--addressNewCostObjectCstID-vhi\"]"}
COMMAND: POST /session/fb20b4d5f8187ef355fd25bb9ed00552/element/f.8D83D8F609E9C53C70C061F545E12C0C.d.AF69DF8281B92FD0F1A918D417F2E55D.e.588/click - {}
RESULT: {}
COMMAND: GET /session/fb20b4d5f8187ef355fd25bb9ed00552/screenshot - {}
RESULT: {}
COMMAND: POST /session/fb20b4d5f8187ef355fd25bb9ed00552/execute/async - {"script":"<script> [1562 bytes]","args":[{"selector":{"controlType":"sap.m.SearchField","properties":{"placeholder":"Search"},"searchOpenDialogs":true,"interaction":{"idSuffix":"I"}},"wdio_ui5_key":"sapm.SearchField{\"placeholder\":\"Search\"}"}]}
RESULT: {"script":"<script> [1562 bytes]","args":[{"selector":{"controlType":"sap.m.SearchField","properties":{"placeholder":"Search"},"searchOpenDialogs":true,"interaction":{"idSuffix":"I"}},"wdio_ui5_key":"sapm.SearchField{\"placeholder\":\"Search\"}"}]}
RESULT: undefined
COMMAND: POST /session/fb20b4d5f8187ef355fd25bb9ed00552/execute/async - {"script":"<script> [776 bytes]","args":[{"enterText":"10001013","selector":{"controlType":"sap.m.SearchField","properties":{"placeholder":"Search"},"searchOpenDialogs":true,"interaction":{"idSuffix":"I"}},"clearTextFirst":true,"interactionType":"ENTER_TEXT"}]}
RESULT: {"script":"<script> [776 bytes]","args":[{"enterText":"10001013","selector":{"controlType":"sap.m.SearchField","properties":{"placeholder":"Search"},"searchOpenDialogs":true,"interaction":{"idSuffix":"I"}},"clearTextFirst":true,"interactionType":"ENTER_TEXT"}]}
COMMAND: POST /session/fb20b4d5f8187ef355fd25bb9ed00552/actions - {"actions":[{"id":"action2","type":"key","parameters":{},"actions":[{"type":"keyDown","value":"î€‡"},{"type":"pause","duration":10},{"type":"keyUp","value":"î€‡"}]}]}
RESULT: {"actions":[{"id":"action2","type":"key","parameters":{},"actions":[{"type":"keyDown","value":"î€‡"},{"type":"pause","duration":10},{"type":"keyUp","value":"î€‡"}]}]}
COMMAND: GET /session/fb20b4d5f8187ef355fd25bb9ed00552/screenshot - {}
RESULT: {}
COMMAND: POST /session/fb20b4d5f8187ef355fd25bb9ed00552/element - {"using":"xpath","value":"//span[contains(text(), \"General Management\")]"}
RESULT: {"using":"xpath","value":"//span[contains(text(), \"General Management\")]"}
COMMAND: POST /session/fb20b4d5f8187ef355fd25bb9ed00552/element/f.8D83D8F609E9C53C70C061F545E12C0C.d.AF69DF8281B92FD0F1A918D417F2E55D.e.628/click - {}
RESULT: {}
COMMAND: GET /session/fb20b4d5f8187ef355fd25bb9ed00552/screenshot - {}
RESULT: {}
COMMAND: POST /session/fb20b4d5f8187ef355fd25bb9ed00552/element - {"using":"xpath","value":"//bdi[contains(text(), \"OK\")]"}
RESULT: {"using":"xpath","value":"//bdi[contains(text(), \"OK\")]"}
COMMAND: POST /session/fb20b4d5f8187ef355fd25bb9ed00552/element/f.8D83D8F609E9C53C70C061F545E12C0C.d.AF69DF8281B92FD0F1A918D417F2E55D.e.629/click - {}
RESULT: {}
COMMAND: GET /session/fb20b4d5f8187ef355fd25bb9ed00552/screenshot - {}
RESULT: {}
COMMAND: POST /session/fb20b4d5f8187ef355fd25bb9ed00552/execute/async - {"script":"<script> [1562 bytes]","args":[{"selector":{"controlType":"sap.m.Button","viewName":"etm.portal.ui.manageyards.view.New","viewId":"application-manageyards-display-component---NewYard","i18NText":{"propertyName":"text","key":"save"},"interaction":{"idSuffix":"inner"}},"wdio_ui5_key":"etmportal.ui.manageyards.view.Newsap.m.Button{\"propertyName\":\"text\",\"key\":\"save\"}"}]}
RESULT: {"script":"<script> [1562 bytes]","args":[{"selector":{"controlType":"sap.m.Button","viewName":"etm.portal.ui.manageyards.view.New","viewId":"application-manageyards-display-component---NewYard","i18NText":{"propertyName":"text","key":"save"},"interaction":{"idSuffix":"inner"}},"wdio_ui5_key":"etmportal.ui.manageyards.view.Newsap.m.Button{\"propertyName\":\"text\",\"key\":\"save\"}"}]}
RESULT: undefined
COMMAND: POST /session/fb20b4d5f8187ef355fd25bb9ed00552/element - {"using":"xpath","value":"//*[@id=\"__button18\"]"}
RESULT: {"using":"xpath","value":"//*[@id=\"__button18\"]"}
COMMAND: POST /session/fb20b4d5f8187ef355fd25bb9ed00552/element/f.8D83D8F609E9C53C70C061F545E12C0C.d.AF69DF8281B92FD0F1A918D417F2E55D.e.555/click - {}
RESULT: {}
COMMAND: GET /session/fb20b4d5f8187ef355fd25bb9ed00552/screenshot - {}
RESULT: {}
COMMAND: POST /session/fb20b4d5f8187ef355fd25bb9ed00552/element - {"using":"xpath","value":"//header/div/div[2]/div[2]/span"}
RESULT: {"using":"xpath","value":"//header/div/div[2]/div[2]/span"}
COMMAND: GET /session/fb20b4d5f8187ef355fd25bb9ed00552/element/f.8D83D8F609E9C53C70C061F545E12C0C.d.AF69DF8281B92FD0F1A918D417F2E55D.e.827/text - {}
RESULT: {}
COMMAND: POST /session/fb20b4d5f8187ef355fd25bb9ed00552/execute/async - {"script":"<script> [1562 bytes]","args":[{"selector":{"controlType":"sap.m.OverflowToolbarButton","viewName":"etm.portal.ui.manageyards.view.Detail","viewId":"application-manageyards-display-component---detailYard","i18NText":{"propertyName":"tooltip","key":"closeColumn"},"interaction":{"idSuffix":"inner"}},"wdio_ui5_key":"etmportal.ui.manageyards.view.Detailsap.m.OverflowToolbarButton{\"propertyName\":\"tooltip\",\"key\":\"closeColumn\"}"}]}
RESULT: {"script":"<script> [1562 bytes]","args":[{"selector":{"controlType":"sap.m.OverflowToolbarButton","viewName":"etm.portal.ui.manageyards.view.Detail","viewId":"application-manageyards-display-component---detailYard","i18NText":{"propertyName":"tooltip","key":"closeColumn"},"interaction":{"idSuffix":"inner"}},"wdio_ui5_key":"etmportal.ui.manageyards.view.Detailsap.m.OverflowToolbarButton{\"propertyName\":\"tooltip\",\"key\":\"closeColumn\"}"}]}
RESULT: undefined
COMMAND: POST /session/fb20b4d5f8187ef355fd25bb9ed00552/element - {"using":"xpath","value":"//*[@id=\"__button42\"]"}
RESULT: {"using":"xpath","value":"//*[@id=\"__button42\"]"}
COMMAND: POST /session/fb20b4d5f8187ef355fd25bb9ed00552/element/f.8D83D8F609E9C53C70C061F545E12C0C.d.AF69DF8281B92FD0F1A918D417F2E55D.e.829/click - {}
RESULT: {}
COMMAND: GET /session/fb20b4d5f8187ef355fd25bb9ed00552/screenshot - {}
RESULT: {}
COMMAND: POST /session/fb20b4d5f8187ef355fd25bb9ed00552/element - {"using":"css selector","value":"#shell-header-logo"}
RESULT: {"using":"css selector","value":"#shell-header-logo"}
COMMAND: POST /session/fb20b4d5f8187ef355fd25bb9ed00552/element/f.8D83D8F609E9C53C70C061F545E12C0C.d.AF69DF8281B92FD0F1A918D417F2E55D.e.121/click - {}
RESULT: {}
COMMAND: GET /session/fb20b4d5f8187ef355fd25bb9ed00552/screenshot - {}
RESULT: {}
COMMAND: POST /session/fb20b4d5f8187ef355fd25bb9ed00552/refresh - {}
RESULT: {}
COMMAND: GET /session/fb20b4d5f8187ef355fd25bb9ed00552/screenshot - {}
RESULT: {}
COMMAND: POST /session/fb20b4d5f8187ef355fd25bb9ed00552/execute/async - {"script":"<script> [189 bytes]","args":[]}
RESULT: {"script":"<script> [189 bytes]","args":[]}
COMMAND: POST /session/fb20b4d5f8187ef355fd25bb9ed00552/execute/async - {"script":"<script> [123 bytes]","args":[]}
RESULT: {"script":"<script> [123 bytes]","args":[]}
COMMAND: POST /session/fb20b4d5f8187ef355fd25bb9ed00552/timeouts - {"script":"<number>"}
RESULT: {"script":"<number>"}
COMMAND: GET /session/fb20b4d5f8187ef355fd25bb9ed00552/timeouts - {}
RESULT: {}
RESULT: undefined
COMMAND: POST /session/fb20b4d5f8187ef355fd25bb9ed00552/execute/async - {"script":"<script> [2676 bytes]","args":[]}
RESULT: {"script":"<script> [2676 bytes]","args":[]}
COMMAND: POST /session/fb20b4d5f8187ef355fd25bb9ed00552/execute/async - {"script":"<script> [2342 bytes]","args":[{"protocol":"http","hostname":"0.0.0.0","path":"/","capabilities":{"browserName":"chrome","goog:chromeOptions":{"binary":"C:\\Program Files\\Google\\Chrome\\Application\\chrome.exe","args":["--start-maximized"]}},"logLevel":"warn","connectionRetryTimeout":120000,"connectionRetryCount":3,"logLevels":{},"enableDirectConnect":true,"strictSSL":true,"_":"65 more keys: [\"cacheDir\",\"port\",\"requestedCapabilities\",\"automationProtocol\",\"baseUrl\",\"waitforInterval\",\"waitforTimeout\",\"onReload\",\"beforeCommand\",\"afterCommand\",\"rootDir\",\"specs\",\"suites\",\"exclude\",\"groupLogsByTestSpec\",\"excludeDriverLogs\",\"bail\",\"framework\",\"reporters\",\"services\",\"maxInstances\",\"maxInstancesPerCapability\",\"injectGlobals\",\"filesToWatch\",\"execArgv\",\"runnerEnv\",\"runner\",\"shard\",\"specFileRetries\",\"specFileRetriesDelay\",\"specFileRetriesDeferred\",\"reporterSyncInterval\",\"reporterSyncTimeout\",\"cucumberFeaturesWithLineNumbers\",\"autoCompileOpts\",\"mochaOpts\",\"jasmineOpts\",\"cucumberOpts\",\"onPrepare\",\"onWorkerStart\",\"onWorkerEnd\",\"before\",\"beforeSession\",\"beforeSuite\",\"beforeHook\",\"beforeTest\",\"afterTest\",\"afterHook\",\"afterSuite\",\"afterSession\",\"after\",\"onComplete\",\"beforeAssertion\",\"afterAssertion\",\"beforeFeature\",\"beforeScenario\",\"beforeStep\",\"afterStep\",\"afterScenario\",\"afterFeature\",\"_\",\"suite\",\"$0\",\"ignoredWorkerServices\",\"wdi5\"]"}]}
RESULT: {"script":"<script> [2342 bytes]","args":[{"protocol":"http","hostname":"0.0.0.0","path":"/","capabilities":{"browserName":"chrome","goog:chromeOptions":{"binary":"C:\\Program Files\\Google\\Chrome\\Application\\chrome.exe","args":["--start-maximized"]}},"logLevel":"warn","connectionRetryTimeout":120000,"connectionRetryCount":3,"logLevels":{},"enableDirectConnect":true,"strictSSL":true,"_":"65 more keys: [\"cacheDir\",\"port\",\"requestedCapabilities\",\"automationProtocol\",\"baseUrl\",\"waitforInterval\",\"waitforTimeout\",\"onReload\",\"beforeCommand\",\"afterCommand\",\"rootDir\",\"specs\",\"suites\",\"exclude\",\"groupLogsByTestSpec\",\"excludeDriverLogs\",\"bail\",\"framework\",\"reporters\",\"services\",\"maxInstances\",\"maxInstancesPerCapability\",\"injectGlobals\",\"filesToWatch\",\"execArgv\",\"runnerEnv\",\"runner\",\"shard\",\"specFileRetries\",\"specFileRetriesDelay\",\"specFileRetriesDeferred\",\"reporterSyncInterval\",\"reporterSyncTimeout\",\"cucumberFeaturesWithLineNumbers\",\"autoCompileOpts\",\"mochaOpts\",\"jasmineOpts\",\"cucumberOpts\",\"onPrepare\",\"onWorkerStart\",\"onWorkerEnd\",\"before\",\"beforeSession\",\"beforeSuite\",\"beforeHook\",\"beforeTest\",\"afterTest\",\"afterHook\",\"afterSuite\",\"afterSession\",\"after\",\"onComplete\",\"beforeAssertion\",\"afterAssertion\",\"beforeFeature\",\"beforeScenario\",\"beforeStep\",\"afterStep\",\"afterScenario\",\"afterFeature\",\"_\",\"suite\",\"$0\",\"ignoredWorkerServices\",\"wdi5\"]"}]}
COMMAND: POST /session/fb20b4d5f8187ef355fd25bb9ed00552/execute/async - {"script":"<script> [21126 bytes]","args":[35000]}
RESULT: {"script":"<script> [21126 bytes]","args":[35000]}
COMMAND: POST /session/fb20b4d5f8187ef355fd25bb9ed00552/execute/async - {"script":"<script> [1562 bytes]","args":[{"selector":{"controlType":"sap.m.GenericTile","properties":{"header":"Manage Partners"}},"wdio_ui5_key":"sapm.GenericTile{\"header\":\"Manage Partners\"}"}]}
RESULT: {"script":"<script> [1562 bytes]","args":[{"selector":{"controlType":"sap.m.GenericTile","properties":{"header":"Manage Partners"}},"wdio_ui5_key":"sapm.GenericTile{\"header\":\"Manage Partners\"}"}]}
RESULT: undefined
COMMAND: POST /session/fb20b4d5f8187ef355fd25bb9ed00552/element - {"using":"xpath","value":"//*[@id=\"__tile38\"]"}
RESULT: {"using":"xpath","value":"//*[@id=\"__tile38\"]"}
COMMAND: POST /session/fb20b4d5f8187ef355fd25bb9ed00552/element/f.8D83D8F609E9C53C70C061F545E12C0C.d.2021FA1EADFCB83838E43A29DBBB2FB4.e.1181/click - {}
RESULT: {}
COMMAND: GET /session/fb20b4d5f8187ef355fd25bb9ed00552/screenshot - {}
RESULT: {}
COMMAND: POST /session/fb20b4d5f8187ef355fd25bb9ed00552/execute/async - {"script":"<script> [1562 bytes]","args":[{"selector":{"controlType":"sap.ui.core.Icon","viewName":"etm.portal.ui.managepartners.view.Master","viewId":"application-managepartners-display-component---masterPtm","properties":{"src":{"regex":{"source":"add"}}}},"wdio_ui5_key":"etmportal.ui.managepartners.view.Mastersap.ui.core.Icon{\"src\":{\"regex\":{\"source\":\"add\"}}}"}]}
RESULT: {"script":"<script> [1562 bytes]","args":[{"selector":{"controlType":"sap.ui.core.Icon","viewName":"etm.portal.ui.managepartners.view.Master","viewId":"application-managepartners-display-component---masterPtm","properties":{"src":{"regex":{"source":"add"}}}},"wdio_ui5_key":"etmportal.ui.managepartners.view.Mastersap.ui.core.Icon{\"src\":{\"regex\":{\"source\":\"add\"}}}"}]}
RESULT: undefined
COMMAND: POST /session/fb20b4d5f8187ef355fd25bb9ed00552/element - {"using":"xpath","value":"//*[@id=\"__button4-img\"]"}
RESULT: {"using":"xpath","value":"//*[@id=\"__button4-img\"]"}
COMMAND: POST /session/fb20b4d5f8187ef355fd25bb9ed00552/element/f.8D83D8F609E9C53C70C061F545E12C0C.d.2021FA1EADFCB83838E43A29DBBB2FB4.e.1232/click - {}
RESULT: {}
COMMAND: GET /session/fb20b4d5f8187ef355fd25bb9ed00552/screenshot - {}
RESULT: {}
COMMAND: POST /session/fb20b4d5f8187ef355fd25bb9ed00552/execute/async - {"script":"<script> [1562 bytes]","args":[{"selector":{"id":"application-managepartners-display-component---NewPartner--partnerId","interaction":{"idSuffix":"inner"}},"wdio_ui5_key":"applicationmanagepartners-display-component---NewPartner--partnerId"}]}
RESULT: {"script":"<script> [1562 bytes]","args":[{"selector":{"id":"application-managepartners-display-component---NewPartner--partnerId","interaction":{"idSuffix":"inner"}},"wdio_ui5_key":"applicationmanagepartners-display-component---NewPartner--partnerId"}]}
RESULT: undefined
COMMAND: POST /session/fb20b4d5f8187ef355fd25bb9ed00552/execute/async - {"script":"<script> [1562 bytes]","args":[{"selector":{"id":"application-managepartners-display-component---NewPartner--addressDetailDetailsName1","interaction":{"idSuffix":"inner"}},"wdio_ui5_key":"applicationmanagepartners-display-component---NewPartner--addressDetailDetailsName1"}]}
RESULT: {"script":"<script> [1562 bytes]","args":[{"selector":{"id":"application-managepartners-display-component---NewPartner--addressDetailDetailsName1","interaction":{"idSuffix":"inner"}},"wdio_ui5_key":"applicationmanagepartners-display-component---NewPartner--addressDetailDetailsName1"}]}
RESULT: undefined
COMMAND: POST /session/fb20b4d5f8187ef355fd25bb9ed00552/execute/async - {"script":"<script> [776 bytes]","args":[{"enterText":"WebdriverPartnergreic","selector":{"id":"application-managepartners-display-component---NewPartner--addressDetailDetailsName1","interaction":{"idSuffix":"inner"}},"clearTextFirst":true,"interactionType":"ENTER_TEXT"}]}
RESULT: {"script":"<script> [776 bytes]","args":[{"enterText":"WebdriverPartnergreic","selector":{"id":"application-managepartners-display-component---NewPartner--addressDetailDetailsName1","interaction":{"idSuffix":"inner"}},"clearTextFirst":true,"interactionType":"ENTER_TEXT"}]}
COMMAND: POST /session/fb20b4d5f8187ef355fd25bb9ed00552/execute/async - {"script":"<script> [1562 bytes]","args":[{"selector":{"id":"application-managepartners-display-component---NewPartner--addressDetailDetailsLanguage","interaction":{"idSuffix":"inner"}},"wdio_ui5_key":"applicationmanagepartners-display-component---NewPartner--addressDetailDetailsLanguage"}]}
RESULT: {"script":"<script> [1562 bytes]","args":[{"selector":{"id":"application-managepartners-display-component---NewPartner--addressDetailDetailsLanguage","interaction":{"idSuffix":"inner"}},"wdio_ui5_key":"applicationmanagepartners-display-component---NewPartner--addressDetailDetailsLanguage"}]}
RESULT: undefined
COMMAND: POST /session/fb20b4d5f8187ef355fd25bb9ed00552/execute/async - {"script":"<script> [776 bytes]","args":[{"enterText":"Romanian","selector":{"id":"application-managepartners-display-component---NewPartner--addressDetailDetailsLanguage","interaction":{"idSuffix":"inner"}},"clearTextFirst":true,"interactionType":"ENTER_TEXT"}]}
RESULT: {"script":"<script> [776 bytes]","args":[{"enterText":"Romanian","selector":{"id":"application-managepartners-display-component---NewPartner--addressDetailDetailsLanguage","interaction":{"idSuffix":"inner"}},"clearTextFirst":true,"interactionType":"ENTER_TEXT"}]}
COMMAND: POST /session/fb20b4d5f8187ef355fd25bb9ed00552/element - {"using":"xpath","value":"//input[contains(@id ,\"application-managepartners-display-component---NewPartner--addressDetailDetailsName1-inner\")]"}
RESULT: {"using":"xpath","value":"//input[contains(@id ,\"application-managepartners-display-component---NewPartner--addressDetailDetailsName1-inner\")]"}
COMMAND: GET /session/fb20b4d5f8187ef355fd25bb9ed00552/element/f.8D83D8F609E9C53C70C061F545E12C0C.d.2021FA1EADFCB83838E43A29DBBB2FB4.e.1491/property/value - {}
RESULT: {}
COMMAND: POST /session/fb20b4d5f8187ef355fd25bb9ed00552/execute/async - {"script":"<script> [1562 bytes]","args":[{"selector":{"id":"application-managepartners-display-component---NewPartner--addressDetailDetailsCity1","interaction":{"idSuffix":"inner"}},"wdio_ui5_key":"applicationmanagepartners-display-component---NewPartner--addressDetailDetailsCity1"}]}
COMMAND: GET /session/fb20b4d5f8187ef355fd25bb9ed00552/screenshot - {}
RESULT: {"script":"<script> [1562 bytes]","args":[{"selector":{"id":"application-managepartners-display-component---NewPartner--addressDetailDetailsCity1","interaction":{"idSuffix":"inner"}},"wdio_ui5_key":"applicationmanagepartners-display-component---NewPartner--addressDetailDetailsCity1"}]}
RESULT: undefined
COMMAND: POST /session/fb20b4d5f8187ef355fd25bb9ed00552/execute/async - {"script":"<script> [776 bytes]","args":[{"enterText":"Bucharest","selector":{"id":"application-managepartners-display-component---NewPartner--addressDetailDetailsCity1","interaction":{"idSuffix":"inner"}},"clearTextFirst":true,"interactionType":"ENTER_TEXT"}]}
RESULT: {}
RESULT: {"script":"<script> [776 bytes]","args":[{"enterText":"Bucharest","selector":{"id":"application-managepartners-display-component---NewPartner--addressDetailDetailsCity1","interaction":{"idSuffix":"inner"}},"clearTextFirst":true,"interactionType":"ENTER_TEXT"}]}
COMMAND: POST /session/fb20b4d5f8187ef355fd25bb9ed00552/execute/async - {"script":"<script> [1562 bytes]","args":[{"selector":{"id":"application-managepartners-display-component---NewPartner--addressDetailDetailsCountry","interaction":{"idSuffix":"inner"}},"wdio_ui5_key":"applicationmanagepartners-display-component---NewPartner--addressDetailDetailsCountry"}]}
RESULT: {"script":"<script> [1562 bytes]","args":[{"selector":{"id":"application-managepartners-display-component---NewPartner--addressDetailDetailsCountry","interaction":{"idSuffix":"inner"}},"wdio_ui5_key":"applicationmanagepartners-display-component---NewPartner--addressDetailDetailsCountry"}]}
RESULT: undefined
COMMAND: POST /session/fb20b4d5f8187ef355fd25bb9ed00552/execute/async - {"script":"<script> [6424 bytes]","args":[{"element-6066-11e4-a52e-4f735466cecf":"f.8D83D8F609E9C53C70C061F545E12C0C.d.2021FA1EADFCB83838E43A29DBBB2FB4.e.1498"},"setValue",["Romania"]]}
RESULT: {"script":"<script> [6424 bytes]","args":[{"element-6066-11e4-a52e-4f735466cecf":"f.8D83D8F609E9C53C70C061F545E12C0C.d.2021FA1EADFCB83838E43A29DBBB2FB4.e.1498"},"setValue",["Romania"]]}
COMMAND: POST /session/fb20b4d5f8187ef355fd25bb9ed00552/execute/async - {"script":"<script> [1562 bytes]","args":[{"selector":{"id":"application-managepartners-display-component---NewPartner--partnerDetailInternal","interaction":{"idSuffix":"inner"}},"wdio_ui5_key":"applicationmanagepartners-display-component---NewPartner--partnerDetailInternal"}]}
RESULT: {"script":"<script> [1562 bytes]","args":[{"selector":{"id":"application-managepartners-display-component---NewPartner--partnerDetailInternal","interaction":{"idSuffix":"inner"}},"wdio_ui5_key":"applicationmanagepartners-display-component---NewPartner--partnerDetailInternal"}]}
RESULT: undefined
COMMAND: POST /session/fb20b4d5f8187ef355fd25bb9ed00552/execute/async - {"script":"<script> [776 bytes]","args":[{"enterText":"External partner","selector":{"id":"application-managepartners-display-component---NewPartner--partnerDetailInternal","interaction":{"idSuffix":"inner"}},"clearTextFirst":true,"interactionType":"ENTER_TEXT"}]}
RESULT: {"script":"<script> [776 bytes]","args":[{"enterText":"External partner","selector":{"id":"application-managepartners-display-component---NewPartner--partnerDetailInternal","interaction":{"idSuffix":"inner"}},"clearTextFirst":true,"interactionType":"ENTER_TEXT"}]}
COMMAND: POST /session/fb20b4d5f8187ef355fd25bb9ed00552/execute/async - {"script":"<script> [1562 bytes]","args":[{"selector":{"id":"application-managepartners-display-component---NewPartner--partnerDetailsCurrency","interaction":{"idSuffix":"inner"}},"wdio_ui5_key":"applicationmanagepartners-display-component---NewPartner--partnerDetailsCurrency"}]}
RESULT: {"script":"<script> [1562 bytes]","args":[{"selector":{"id":"application-managepartners-display-component---NewPartner--partnerDetailsCurrency","interaction":{"idSuffix":"inner"}},"wdio_ui5_key":"applicationmanagepartners-display-component---NewPartner--partnerDetailsCurrency"}]}
RESULT: undefined
COMMAND: POST /session/fb20b4d5f8187ef355fd25bb9ed00552/execute/async - {"script":"<script> [776 bytes]","args":[{"enterText":"Euro","selector":{"id":"application-managepartners-display-component---NewPartner--partnerDetailsCurrency","interaction":{"idSuffix":"inner"}},"clearTextFirst":true,"interactionType":"ENTER_TEXT"}]}
RESULT: {"script":"<script> [776 bytes]","args":[{"enterText":"Euro","selector":{"id":"application-managepartners-display-component---NewPartner--partnerDetailsCurrency","interaction":{"idSuffix":"inner"}},"clearTextFirst":true,"interactionType":"ENTER_TEXT"}]}
COMMAND: POST /session/fb20b4d5f8187ef355fd25bb9ed00552/execute/async - {"script":"<script> [1562 bytes]","args":[{"selector":{"controlType":"sap.m.Button","viewName":"etm.portal.ui.managepartners.view.NewPartner","viewId":"application-managepartners-display-component---NewPartner","properties":{"text":"Commercial"},"interaction":{"idSuffix":"BDI-content"}},"wdio_ui5_key":"etmportal.ui.managepartners.view.NewPartnersap.m.Button{\"text\":\"Commercial\"}"}]}
RESULT: {"script":"<script> [1562 bytes]","args":[{"selector":{"controlType":"sap.m.Button","viewName":"etm.portal.ui.managepartners.view.NewPartner","viewId":"application-managepartners-display-component---NewPartner","properties":{"text":"Commercial"},"interaction":{"idSuffix":"BDI-content"}},"wdio_ui5_key":"etmportal.ui.managepartners.view.NewPartnersap.m.Button{\"text\":\"Commercial\"}"}]}
RESULT: undefined
COMMAND: POST /session/fb20b4d5f8187ef355fd25bb9ed00552/element - {"using":"xpath","value":"//*[@id=\"application-managepartners-display-component---NewPartner--ObjectPageLayout-anchBar-__section5-anchor\"]"}
RESULT: {"using":"xpath","value":"//*[@id=\"application-managepartners-display-component---NewPartner--ObjectPageLayout-anchBar-__section5-anchor\"]"}
COMMAND: POST /session/fb20b4d5f8187ef355fd25bb9ed00552/element/f.8D83D8F609E9C53C70C061F545E12C0C.d.2021FA1EADFCB83838E43A29DBBB2FB4.e.1657/click - {}
RESULT: {}
COMMAND: GET /session/fb20b4d5f8187ef355fd25bb9ed00552/screenshot - {}
RESULT: {}
COMMAND: POST /session/fb20b4d5f8187ef355fd25bb9ed00552/execute/async - {"script":"<script> [1562 bytes]","args":[{"selector":{"id":"application-managepartners-display-component---NewPartner--btnAddTableRow-img"},"wdio_ui5_key":"applicationmanagepartners-display-component---NewPartner--btnAddTableRow-img"}]}
RESULT: {"script":"<script> [1562 bytes]","args":[{"selector":{"id":"application-managepartners-display-component---NewPartner--btnAddTableRow-img"},"wdio_ui5_key":"applicationmanagepartners-display-component---NewPartner--btnAddTableRow-img"}]}
RESULT: undefined
COMMAND: POST /session/fb20b4d5f8187ef355fd25bb9ed00552/element - {"using":"xpath","value":"//*[@id=\"application-managepartners-display-component---NewPartner--btnAddTableRow-img\"]"}
RESULT: {"using":"xpath","value":"//*[@id=\"application-managepartners-display-component---NewPartner--btnAddTableRow-img\"]"}
COMMAND: POST /session/fb20b4d5f8187ef355fd25bb9ed00552/element/f.8D83D8F609E9C53C70C061F545E12C0C.d.2021FA1EADFCB83838E43A29DBBB2FB4.e.1663/click - {}
RESULT: {}
COMMAND: POST /session/fb20b4d5f8187ef355fd25bb9ed00552/element - {"using":"xpath","value":"//input[contains(@id ,\"application-managepartners-display-component---NewPartner--assignmentYard-application-managepartners-display-component---NewPartner\")]"}
COMMAND: GET /session/fb20b4d5f8187ef355fd25bb9ed00552/screenshot - {}
RESULT: {"using":"xpath","value":"//input[contains(@id ,\"application-managepartners-display-component---NewPartner--assignmentYard-application-managepartners-display-component---NewPartner\")]"}
COMMAND: POST /session/fb20b4d5f8187ef355fd25bb9ed00552/element/f.8D83D8F609E9C53C70C061F545E12C0C.d.2021FA1EADFCB83838E43A29DBBB2FB4.e.1668/clear - {}
RESULT: {}
RESULT: {}
COMMAND: POST /session/fb20b4d5f8187ef355fd25bb9ed00552/element/f.8D83D8F609E9C53C70C061F545E12C0C.d.2021FA1EADFCB83838E43A29DBBB2FB4.e.1668/value - {"text":"419"}
COMMAND: GET /session/fb20b4d5f8187ef355fd25bb9ed00552/screenshot - {}
RESULT: {"text":"419"}
COMMAND: GET /session/fb20b4d5f8187ef355fd25bb9ed00552/screenshot - {}
RESULT: {}
RESULT: {}
COMMAND: POST /session/fb20b4d5f8187ef355fd25bb9ed00552/execute/async - {"script":"<script> [1562 bytes]","args":[{"selector":{"controlType":"sap.m.Button","viewName":"etm.portal.ui.managepartners.view.NewPartner","viewId":"application-managepartners-display-component---NewPartner","i18NText":{"propertyName":"text","key":"save"},"interaction":{"idSuffix":"BDI-content"}},"wdio_ui5_key":"etmportal.ui.managepartners.view.NewPartnersap.m.Button{\"propertyName\":\"text\",\"key\":\"save\"}"}]}
RESULT: {"script":"<script> [1562 bytes]","args":[{"selector":{"controlType":"sap.m.Button","viewName":"etm.portal.ui.managepartners.view.NewPartner","viewId":"application-managepartners-display-component---NewPartner","i18NText":{"propertyName":"text","key":"save"},"interaction":{"idSuffix":"BDI-content"}},"wdio_ui5_key":"etmportal.ui.managepartners.view.NewPartnersap.m.Button{\"propertyName\":\"text\",\"key\":\"save\"}"}]}
RESULT: undefined
COMMAND: POST /session/fb20b4d5f8187ef355fd25bb9ed00552/element - {"using":"xpath","value":"//*[@id=\"__button12\"]"}
RESULT: {"using":"xpath","value":"//*[@id=\"__button12\"]"}
COMMAND: POST /session/fb20b4d5f8187ef355fd25bb9ed00552/element/f.8D83D8F609E9C53C70C061F545E12C0C.d.2021FA1EADFCB83838E43A29DBBB2FB4.e.1636/click - {}
RESULT: {}
COMMAND: GET /session/fb20b4d5f8187ef355fd25bb9ed00552/screenshot - {}
RESULT: {}
COMMAND: POST /session/fb20b4d5f8187ef355fd25bb9ed00552/element - {"using":"xpath","value":"//header/div/div[2]/div[2]/span"}
RESULT: {"using":"xpath","value":"//header/div/div[2]/div[2]/span"}
COMMAND: GET /session/fb20b4d5f8187ef355fd25bb9ed00552/element/f.8D83D8F609E9C53C70C061F545E12C0C.d.2021FA1EADFCB83838E43A29DBBB2FB4.e.1841/text - {}
RESULT: {}
COMMAND: POST /session/fb20b4d5f8187ef355fd25bb9ed00552/element - {"using":"xpath","value":"//header/div/div/div/div/div/div[2]/div/span"}
RESULT: {"using":"xpath","value":"//header/div/div/div/div/div/div[2]/div/span"}
COMMAND: GET /session/fb20b4d5f8187ef355fd25bb9ed00552/element/f.8D83D8F609E9C53C70C061F545E12C0C.d.2021FA1EADFCB83838E43A29DBBB2FB4.e.1842/text - {}
RESULT: {}
COMMAND: POST /session/fb20b4d5f8187ef355fd25bb9ed00552/execute/async - {"script":"<script> [1562 bytes]","args":[{"selector":{"id":"application-managepartners-display-component---detailPtm--partnerType"},"wdio_ui5_key":"applicationmanagepartners-display-component---detailPtm--partnerType"}]}
RESULT: {"script":"<script> [1562 bytes]","args":[{"selector":{"id":"application-managepartners-display-component---detailPtm--partnerType"},"wdio_ui5_key":"applicationmanagepartners-display-component---detailPtm--partnerType"}]}
RESULT: undefined
COMMAND: POST /session/fb20b4d5f8187ef355fd25bb9ed00552/execute/async - {"script":"<script> [6424 bytes]","args":[{"element-6066-11e4-a52e-4f735466cecf":"f.8D83D8F609E9C53C70C061F545E12C0C.d.2021FA1EADFCB83838E43A29DBBB2FB4.e.1843"},"getText",[]]}
RESULT: {"script":"<script> [6424 bytes]","args":[{"element-6066-11e4-a52e-4f735466cecf":"f.8D83D8F609E9C53C70C061F545E12C0C.d.2021FA1EADFCB83838E43A29DBBB2FB4.e.1843"},"getText",[]]}
COMMAND: POST /session/fb20b4d5f8187ef355fd25bb9ed00552/element - {"using":"css selector","value":"#shell-header-logo"}
RESULT: {"using":"css selector","value":"#shell-header-logo"}
COMMAND: POST /session/fb20b4d5f8187ef355fd25bb9ed00552/element/f.8D83D8F609E9C53C70C061F545E12C0C.d.2021FA1EADFCB83838E43A29DBBB2FB4.e.1184/click - {}
RESULT: {}
COMMAND: GET /session/fb20b4d5f8187ef355fd25bb9ed00552/screenshot - {}
RESULT: {}
COMMAND: POST /session/fb20b4d5f8187ef355fd25bb9ed00552/execute/async - {"script":"<script> [1562 bytes]","args":[{"selector":{"controlType":"sap.m.GenericTile","properties":{"header":"Manage Sites"}},"wdio_ui5_key":"sapm.GenericTile{\"header\":\"Manage Sites\"}"}]}
RESULT: {"script":"<script> [1562 bytes]","args":[{"selector":{"controlType":"sap.m.GenericTile","properties":{"header":"Manage Sites"}},"wdio_ui5_key":"sapm.GenericTile{\"header\":\"Manage Sites\"}"}]}
RESULT: undefined
COMMAND: POST /session/fb20b4d5f8187ef355fd25bb9ed00552/element - {"using":"xpath","value":"//*[@id=\"__tile40\"]"}
RESULT: {"using":"xpath","value":"//*[@id=\"__tile40\"]"}
COMMAND: POST /session/fb20b4d5f8187ef355fd25bb9ed00552/element/f.8D83D8F609E9C53C70C061F545E12C0C.d.2021FA1EADFCB83838E43A29DBBB2FB4.e.1845/click - {}
RESULT: {}
COMMAND: GET /session/fb20b4d5f8187ef355fd25bb9ed00552/screenshot - {}
RESULT: {}
COMMAND: POST /session/fb20b4d5f8187ef355fd25bb9ed00552/execute/async - {"script":"<script> [1562 bytes]","args":[{"selector":{"controlType":"sap.ui.core.Icon","viewName":"etm.portal.ui.managesites.view.Master","viewId":"application-managesites-display-component---masterSite","properties":{"src":{"regex":{"source":"add"}}}},"wdio_ui5_key":"etmportal.ui.managesites.view.Mastersap.ui.core.Icon{\"src\":{\"regex\":{\"source\":\"add\"}}}"}]}
RESULT: {"script":"<script> [1562 bytes]","args":[{"selector":{"controlType":"sap.ui.core.Icon","viewName":"etm.portal.ui.managesites.view.Master","viewId":"application-managesites-display-component---masterSite","properties":{"src":{"regex":{"source":"add"}}}},"wdio_ui5_key":"etmportal.ui.managesites.view.Mastersap.ui.core.Icon{\"src\":{\"regex\":{\"source\":\"add\"}}}"}]}
RESULT: undefined
COMMAND: POST /session/fb20b4d5f8187ef355fd25bb9ed00552/element - {"using":"xpath","value":"//*[@id=\"__button52-img\"]"}
RESULT: {"using":"xpath","value":"//*[@id=\"__button52-img\"]"}
COMMAND: POST /session/fb20b4d5f8187ef355fd25bb9ed00552/element/f.8D83D8F609E9C53C70C061F545E12C0C.d.2021FA1EADFCB83838E43A29DBBB2FB4.e.1895/click - {}
RESULT: {}
COMMAND: POST /session/fb20b4d5f8187ef355fd25bb9ed00552/execute/async - {"script":"<script> [1562 bytes]","args":[{"selector":{"id":"application-managesites-display-component---NewSite--siteId","interaction":{"idSuffix":"inner"}},"wdio_ui5_key":"applicationmanagesites-display-component---NewSite--siteId"}]}
COMMAND: GET /session/fb20b4d5f8187ef355fd25bb9ed00552/screenshot - {}
RESULT: {"script":"<script> [1562 bytes]","args":[{"selector":{"id":"application-managesites-display-component---NewSite--siteId","interaction":{"idSuffix":"inner"}},"wdio_ui5_key":"applicationmanagesites-display-component---NewSite--siteId"}]}
RESULT: undefined
COMMAND: POST /session/fb20b4d5f8187ef355fd25bb9ed00552/execute/async - {"script":"<script> [1562 bytes]","args":[{"selector":{"id":"application-managesites-display-component---NewSite--addressDetailDetailsName1","interaction":{"idSuffix":"inner"}},"wdio_ui5_key":"applicationmanagesites-display-component---NewSite--addressDetailDetailsName1"}]}
RESULT: {}
RESULT: {"script":"<script> [1562 bytes]","args":[{"selector":{"id":"application-managesites-display-component---NewSite--addressDetailDetailsName1","interaction":{"idSuffix":"inner"}},"wdio_ui5_key":"applicationmanagesites-display-component---NewSite--addressDetailDetailsName1"}]}
RESULT: undefined
COMMAND: POST /session/fb20b4d5f8187ef355fd25bb9ed00552/execute/async - {"script":"<script> [776 bytes]","args":[{"enterText":"WebdriverSitewtuqu","selector":{"id":"application-managesites-display-component---NewSite--addressDetailDetailsName1","interaction":{"idSuffix":"inner"}},"clearTextFirst":true,"interactionType":"ENTER_TEXT"}]}
RESULT: {"script":"<script> [776 bytes]","args":[{"enterText":"WebdriverSitewtuqu","selector":{"id":"application-managesites-display-component---NewSite--addressDetailDetailsName1","interaction":{"idSuffix":"inner"}},"clearTextFirst":true,"interactionType":"ENTER_TEXT"}]}
COMMAND: POST /session/fb20b4d5f8187ef355fd25bb9ed00552/execute/async - {"script":"<script> [1562 bytes]","args":[{"selector":{"id":"application-managesites-display-component---NewSite--addressDetailDetailsLanguage","interaction":{"idSuffix":"inner"}},"wdio_ui5_key":"applicationmanagesites-display-component---NewSite--addressDetailDetailsLanguage"}]}
RESULT: {"script":"<script> [1562 bytes]","args":[{"selector":{"id":"application-managesites-display-component---NewSite--addressDetailDetailsLanguage","interaction":{"idSuffix":"inner"}},"wdio_ui5_key":"applicationmanagesites-display-component---NewSite--addressDetailDetailsLanguage"}]}
RESULT: undefined
COMMAND: POST /session/fb20b4d5f8187ef355fd25bb9ed00552/execute/async - {"script":"<script> [776 bytes]","args":[{"enterText":"Romanian","selector":{"id":"application-managesites-display-component---NewSite--addressDetailDetailsLanguage","interaction":{"idSuffix":"inner"}},"clearTextFirst":true,"interactionType":"ENTER_TEXT"}]}
RESULT: {"script":"<script> [776 bytes]","args":[{"enterText":"Romanian","selector":{"id":"application-managesites-display-component---NewSite--addressDetailDetailsLanguage","interaction":{"idSuffix":"inner"}},"clearTextFirst":true,"interactionType":"ENTER_TEXT"}]}
COMMAND: POST /session/fb20b4d5f8187ef355fd25bb9ed00552/execute/async - {"script":"<script> [1562 bytes]","args":[{"selector":{"id":"application-managesites-display-component---NewSite--addressDetailDetailsCity1","interaction":{"idSuffix":"inner"}},"wdio_ui5_key":"applicationmanagesites-display-component---NewSite--addressDetailDetailsCity1"}]}
RESULT: {"script":"<script> [1562 bytes]","args":[{"selector":{"id":"application-managesites-display-component---NewSite--addressDetailDetailsCity1","interaction":{"idSuffix":"inner"}},"wdio_ui5_key":"applicationmanagesites-display-component---NewSite--addressDetailDetailsCity1"}]}
RESULT: undefined
COMMAND: POST /session/fb20b4d5f8187ef355fd25bb9ed00552/execute/async - {"script":"<script> [776 bytes]","args":[{"enterText":"Bucharest","selector":{"id":"application-managesites-display-component---NewSite--addressDetailDetailsCity1","interaction":{"idSuffix":"inner"}},"clearTextFirst":true,"interactionType":"ENTER_TEXT"}]}
RESULT: {"script":"<script> [776 bytes]","args":[{"enterText":"Bucharest","selector":{"id":"application-managesites-display-component---NewSite--addressDetailDetailsCity1","interaction":{"idSuffix":"inner"}},"clearTextFirst":true,"interactionType":"ENTER_TEXT"}]}
COMMAND: POST /session/fb20b4d5f8187ef355fd25bb9ed00552/execute/async - {"script":"<script> [1562 bytes]","args":[{"selector":{"id":"application-managesites-display-component---NewSite--addressDetailDetailsCountry","interaction":{"idSuffix":"inner"}},"wdio_ui5_key":"applicationmanagesites-display-component---NewSite--addressDetailDetailsCountry"}]}
RESULT: {"script":"<script> [1562 bytes]","args":[{"selector":{"id":"application-managesites-display-component---NewSite--addressDetailDetailsCountry","interaction":{"idSuffix":"inner"}},"wdio_ui5_key":"applicationmanagesites-display-component---NewSite--addressDetailDetailsCountry"}]}
RESULT: undefined
COMMAND: POST /session/fb20b4d5f8187ef355fd25bb9ed00552/execute/async - {"script":"<script> [776 bytes]","args":[{"enterText":"Romania","selector":{"id":"application-managesites-display-component---NewSite--addressDetailDetailsCountry","interaction":{"idSuffix":"inner"}},"clearTextFirst":true,"interactionType":"ENTER_TEXT"}]}
RESULT: {"script":"<script> [776 bytes]","args":[{"enterText":"Romania","selector":{"id":"application-managesites-display-component---NewSite--addressDetailDetailsCountry","interaction":{"idSuffix":"inner"}},"clearTextFirst":true,"interactionType":"ENTER_TEXT"}]}
COMMAND: POST /session/fb20b4d5f8187ef355fd25bb9ed00552/element - {"using":"css selector","value":"#application-managesites-display-component---NewSite--addressDetailDetailsCalendar-inner"}
RESULT: {"using":"css selector","value":"#application-managesites-display-component---NewSite--addressDetailDetailsCalendar-inner"}
COMMAND: POST /session/fb20b4d5f8187ef355fd25bb9ed00552/element/f.8D83D8F609E9C53C70C061F545E12C0C.d.2021FA1EADFCB83838E43A29DBBB2FB4.e.2185/clear - {}
RESULT: {}
COMMAND: POST /session/fb20b4d5f8187ef355fd25bb9ed00552/element/f.8D83D8F609E9C53C70C061F545E12C0C.d.2021FA1EADFCB83838E43A29DBBB2FB4.e.2185/value - {"text":"Germany"}
COMMAND: GET /session/fb20b4d5f8187ef355fd25bb9ed00552/screenshot - {}
RESULT: {"text":"Germany"}
COMMAND: POST /session/fb20b4d5f8187ef355fd25bb9ed00552/execute/async - {"script":"<script> [1562 bytes]","args":[{"selector":{"id":"application-managesites-display-component---NewSite--addressEditDetailsCostObjectCstType-arrow"},"wdio_ui5_key":"applicationmanagesites-display-component---NewSite--addressEditDetailsCostObjectCstType-arrow"}]}
COMMAND: GET /session/fb20b4d5f8187ef355fd25bb9ed00552/screenshot - {}
RESULT: {}
RESULT: {"script":"<script> [1562 bytes]","args":[{"selector":{"id":"application-managesites-display-component---NewSite--addressEditDetailsCostObjectCstType-arrow"},"wdio_ui5_key":"applicationmanagesites-display-component---NewSite--addressEditDetailsCostObjectCstType-arrow"}]}
RESULT: undefined
COMMAND: POST /session/fb20b4d5f8187ef355fd25bb9ed00552/element - {"using":"xpath","value":"//*[@id=\"application-managesites-display-component---NewSite--addressEditDetailsCostObjectCstType-arrow\"]"}
RESULT: {}
RESULT: {"using":"xpath","value":"//*[@id=\"application-managesites-display-component---NewSite--addressEditDetailsCostObjectCstType-arrow\"]"}
COMMAND: POST /session/fb20b4d5f8187ef355fd25bb9ed00552/element/f.8D83D8F609E9C53C70C061F545E12C0C.d.2021FA1EADFCB83838E43A29DBBB2FB4.e.2336/click - {}
RESULT: {}
COMMAND: POST /session/fb20b4d5f8187ef355fd25bb9ed00552/element - {"using":"xpath","value":"//span[contains(text(), \"Work Breakdown Structure\")]"}
COMMAND: GET /session/fb20b4d5f8187ef355fd25bb9ed00552/screenshot - {}
RESULT: {"using":"xpath","value":"//span[contains(text(), \"Work Breakdown Structure\")]"}
COMMAND: POST /session/fb20b4d5f8187ef355fd25bb9ed00552/element/f.8D83D8F609E9C53C70C061F545E12C0C.d.2021FA1EADFCB83838E43A29DBBB2FB4.e.2338/click - {}
RESULT: {}
RESULT: {}
COMMAND: GET /session/fb20b4d5f8187ef355fd25bb9ed00552/screenshot - {}
RESULT: {}
COMMAND: POST /session/fb20b4d5f8187ef355fd25bb9ed00552/execute/async - {"script":"<script> [1562 bytes]","args":[{"selector":{"id":"application-managesites-display-component---NewSite--addressNewCostObjectCstID-vhi"},"wdio_ui5_key":"applicationmanagesites-display-component---NewSite--addressNewCostObjectCstID-vhi"}]}
RESULT: {"script":"<script> [1562 bytes]","args":[{"selector":{"id":"application-managesites-display-component---NewSite--addressNewCostObjectCstID-vhi"},"wdio_ui5_key":"applicationmanagesites-display-component---NewSite--addressNewCostObjectCstID-vhi"}]}
RESULT: undefined
COMMAND: POST /session/fb20b4d5f8187ef355fd25bb9ed00552/element - {"using":"xpath","value":"//*[@id=\"application-managesites-display-component---NewSite--addressNewCostObjectCstID-vhi\"]"}
RESULT: {"using":"xpath","value":"//*[@id=\"application-managesites-display-component---NewSite--addressNewCostObjectCstID-vhi\"]"}
COMMAND: POST /session/fb20b4d5f8187ef355fd25bb9ed00552/element/f.8D83D8F609E9C53C70C061F545E12C0C.d.2021FA1EADFCB83838E43A29DBBB2FB4.e.2342/click - {}
RESULT: {}
COMMAND: GET /session/fb20b4d5f8187ef355fd25bb9ed00552/screenshot - {}
RESULT: {}
COMMAND: POST /session/fb20b4d5f8187ef355fd25bb9ed00552/execute/async - {"script":"<script> [1562 bytes]","args":[{"selector":{"controlType":"sap.m.SearchField","properties":{"placeholder":"Search"},"searchOpenDialogs":true,"interaction":{"idSuffix":"I"}},"wdio_ui5_key":"sapm.SearchField{\"placeholder\":\"Search\"}"}]}
RESULT: {"script":"<script> [1562 bytes]","args":[{"selector":{"controlType":"sap.m.SearchField","properties":{"placeholder":"Search"},"searchOpenDialogs":true,"interaction":{"idSuffix":"I"}},"wdio_ui5_key":"sapm.SearchField{\"placeholder\":\"Search\"}"}]}
RESULT: undefined
COMMAND: POST /session/fb20b4d5f8187ef355fd25bb9ed00552/execute/async - {"script":"<script> [776 bytes]","args":[{"enterText":"A1-000100-01","selector":{"controlType":"sap.m.SearchField","properties":{"placeholder":"Search"},"searchOpenDialogs":true,"interaction":{"idSuffix":"I"}},"clearTextFirst":true,"interactionType":"ENTER_TEXT"}]}
RESULT: {"script":"<script> [776 bytes]","args":[{"enterText":"A1-000100-01","selector":{"controlType":"sap.m.SearchField","properties":{"placeholder":"Search"},"searchOpenDialogs":true,"interaction":{"idSuffix":"I"}},"clearTextFirst":true,"interactionType":"ENTER_TEXT"}]}
COMMAND: POST /session/fb20b4d5f8187ef355fd25bb9ed00552/actions - {"actions":[{"id":"action3","type":"key","parameters":{},"actions":[{"type":"keyDown","value":"î€‡"},{"type":"pause","duration":10},{"type":"keyUp","value":"î€‡"}]}]}
RESULT: {"actions":[{"id":"action3","type":"key","parameters":{},"actions":[{"type":"keyDown","value":"î€‡"},{"type":"pause","duration":10},{"type":"keyUp","value":"î€‡"}]}]}
COMMAND: GET /session/fb20b4d5f8187ef355fd25bb9ed00552/screenshot - {}
RESULT: {}
COMMAND: POST /session/fb20b4d5f8187ef355fd25bb9ed00552/element - {"using":"xpath","value":"//span[contains(text(), \"Template for ETO-Process\")]"}
RESULT: {"using":"xpath","value":"//span[contains(text(), \"Template for ETO-Process\")]"}
COMMAND: POST /session/fb20b4d5f8187ef355fd25bb9ed00552/element/f.8D83D8F609E9C53C70C061F545E12C0C.d.2021FA1EADFCB83838E43A29DBBB2FB4.e.2361/click - {}
RESULT: {}
COMMAND: GET /session/fb20b4d5f8187ef355fd25bb9ed00552/screenshot - {}
RESULT: {}
COMMAND: POST /session/fb20b4d5f8187ef355fd25bb9ed00552/element - {"using":"xpath","value":"//bdi[contains(text(), \"OK\")]"}
RESULT: {"using":"xpath","value":"//bdi[contains(text(), \"OK\")]"}
COMMAND: POST /session/fb20b4d5f8187ef355fd25bb9ed00552/element/f.8D83D8F609E9C53C70C061F545E12C0C.d.2021FA1EADFCB83838E43A29DBBB2FB4.e.2362/click - {}
RESULT: {}
COMMAND: GET /session/fb20b4d5f8187ef355fd25bb9ed00552/screenshot - {}
RESULT: {}
COMMAND: POST /session/fb20b4d5f8187ef355fd25bb9ed00552/element - {"using":"xpath","value":"//input[@id=\"application-managesites-display-component---NewSite--addressDetailDetailsYard-inner\"]"}
RESULT: {"using":"xpath","value":"//input[@id=\"application-managesites-display-component---NewSite--addressDetailDetailsYard-inner\"]"}
COMMAND: POST /session/fb20b4d5f8187ef355fd25bb9ed00552/element/f.8D83D8F609E9C53C70C061F545E12C0C.d.2021FA1EADFCB83838E43A29DBBB2FB4.e.2186/value - {"text":"419"}
RESULT: {"text":"419"}
COMMAND: GET /session/fb20b4d5f8187ef355fd25bb9ed00552/screenshot - {}
RESULT: {}
COMMAND: POST /session/fb20b4d5f8187ef355fd25bb9ed00552/actions - {"actions":[{"id":"action4","type":"key","parameters":{},"actions":[{"type":"keyDown","value":"î€‡"},{"type":"pause","duration":10},{"type":"keyUp","value":"î€‡"}]}]}
RESULT: {"actions":[{"id":"action4","type":"key","parameters":{},"actions":[{"type":"keyDown","value":"î€‡"},{"type":"pause","duration":10},{"type":"keyUp","value":"î€‡"}]}]}
COMMAND: GET /session/fb20b4d5f8187ef355fd25bb9ed00552/screenshot - {}
RESULT: {}
COMMAND: POST /session/fb20b4d5f8187ef355fd25bb9ed00552/element - {"using":"xpath","value":"//input[@id=\"application-managesites-display-component---NewSite--addressDetailDetailsPartner-inner\"]"}
RESULT: {"using":"xpath","value":"//input[@id=\"application-managesites-display-component---NewSite--addressDetailDetailsPartner-inner\"]"}
COMMAND: POST /session/fb20b4d5f8187ef355fd25bb9ed00552/elements - {"using":"xpath","value":"//input[@id=\"application-managesites-display-component---NewSite--addressDetailDetailsPartner-inner\"]"}
RESULT: {"using":"xpath","value":"//input[@id=\"application-managesites-display-component---NewSite--addressDetailDetailsPartner-inner\"]"}
COMMAND: POST /session/fb20b4d5f8187ef355fd25bb9ed00552/execute/async - {"script":"<script> [1562 bytes]","args":[{"selector":{"controlType":"sap.m.Button","viewName":"etm.portal.ui.managesites.view.NewSmartSite","viewId":"application-managesites-display-component---NewSite","properties":{"text":"Commercial"},"interaction":{"idSuffix":"BDI-content"}},"wdio_ui5_key":"etmportal.ui.managesites.view.NewSmartSitesap.m.Button{\"text\":\"Commercial\"}"}]}
RESULT: {"script":"<script> [1562 bytes]","args":[{"selector":{"controlType":"sap.m.Button","viewName":"etm.portal.ui.managesites.view.NewSmartSite","viewId":"application-managesites-display-component---NewSite","properties":{"text":"Commercial"},"interaction":{"idSuffix":"BDI-content"}},"wdio_ui5_key":"etmportal.ui.managesites.view.NewSmartSitesap.m.Button{\"text\":\"Commercial\"}"}]}
RESULT: undefined
COMMAND: POST /session/fb20b4d5f8187ef355fd25bb9ed00552/element - {"using":"xpath","value":"//*[@id=\"application-managesites-display-component---NewSite--ObjectPageLayout-anchBar-__section31-anchor\"]"}
RESULT: {"using":"xpath","value":"//*[@id=\"application-managesites-display-component---NewSite--ObjectPageLayout-anchBar-__section31-anchor\"]"}
COMMAND: POST /session/fb20b4d5f8187ef355fd25bb9ed00552/element/f.8D83D8F609E9C53C70C061F545E12C0C.d.2021FA1EADFCB83838E43A29DBBB2FB4.e.2369/click - {}
RESULT: {}
COMMAND: POST /session/fb20b4d5f8187ef355fd25bb9ed00552/execute/async - {"script":"<script> [1562 bytes]","args":[{"selector":{"controlType":"sap.m.Button","viewName":"etm.portal.ui.managesites.view.NewSmartSite","viewId":"application-managesites-display-component---NewSite","i18NText":{"propertyName":"text","key":"save"},"interaction":{"idSuffix":"BDI-content"}},"wdio_ui5_key":"etmportal.ui.managesites.view.NewSmartSitesap.m.Button{\"propertyName\":\"text\",\"key\":\"save\"}"}]}
COMMAND: GET /session/fb20b4d5f8187ef355fd25bb9ed00552/screenshot - {}
RESULT: {"script":"<script> [1562 bytes]","args":[{"selector":{"controlType":"sap.m.Button","viewName":"etm.portal.ui.managesites.view.NewSmartSite","viewId":"application-managesites-display-component---NewSite","i18NText":{"propertyName":"text","key":"save"},"interaction":{"idSuffix":"BDI-content"}},"wdio_ui5_key":"etmportal.ui.managesites.view.NewSmartSitesap.m.Button{\"propertyName\":\"text\",\"key\":\"save\"}"}]}
RESULT: undefined
COMMAND: POST /session/fb20b4d5f8187ef355fd25bb9ed00552/element - {"using":"xpath","value":"//*[@id=\"__button64\"]"}
RESULT: {}
RESULT: {"using":"xpath","value":"//*[@id=\"__button64\"]"}
COMMAND: POST /session/fb20b4d5f8187ef355fd25bb9ed00552/element/f.8D83D8F609E9C53C70C061F545E12C0C.d.2021FA1EADFCB83838E43A29DBBB2FB4.e.2316/click - {}
RESULT: {}
COMMAND: GET /session/fb20b4d5f8187ef355fd25bb9ed00552/screenshot - {}
RESULT: {}
COMMAND: POST /session/fb20b4d5f8187ef355fd25bb9ed00552/execute/async - {"script":"<script> [1562 bytes]","args":[{"selector":{"id":"application-managesites-display-component---detailSite--addressDetailDetailsYardText"},"wdio_ui5_key":"applicationmanagesites-display-component---detailSite--addressDetailDetailsYardText"}]}
RESULT: {"script":"<script> [1562 bytes]","args":[{"selector":{"id":"application-managesites-display-component---detailSite--addressDetailDetailsYardText"},"wdio_ui5_key":"applicationmanagesites-display-component---detailSite--addressDetailDetailsYardText"}]}
RESULT: undefined
COMMAND: POST /session/fb20b4d5f8187ef355fd25bb9ed00552/element - {"using":"xpath","value":"//header/div/div[2]/div[2]/span"}
RESULT: {"using":"xpath","value":"//header/div/div[2]/div[2]/span"}
COMMAND: GET /session/fb20b4d5f8187ef355fd25bb9ed00552/element/f.8D83D8F609E9C53C70C061F545E12C0C.d.2021FA1EADFCB83838E43A29DBBB2FB4.e.2588/text - {}
RESULT: {}
COMMAND: POST /session/fb20b4d5f8187ef355fd25bb9ed00552/element - {"using":"xpath","value":"//header/div/div/div/div/div/div[2]/div/span"}
RESULT: {"using":"xpath","value":"//header/div/div/div/div/div/div[2]/div/span"}
COMMAND: GET /session/fb20b4d5f8187ef355fd25bb9ed00552/element/f.8D83D8F609E9C53C70C061F545E12C0C.d.2021FA1EADFCB83838E43A29DBBB2FB4.e.2589/text - {}
RESULT: {}
COMMAND: POST /session/fb20b4d5f8187ef355fd25bb9ed00552/element - {"using":"css selector","value":"#shell-header-logo"}
RESULT: {"using":"css selector","value":"#shell-header-logo"}
COMMAND: POST /session/fb20b4d5f8187ef355fd25bb9ed00552/element/f.8D83D8F609E9C53C70C061F545E12C0C.d.2021FA1EADFCB83838E43A29DBBB2FB4.e.1850/click - {}
RESULT: {}
COMMAND: GET /session/fb20b4d5f8187ef355fd25bb9ed00552/screenshot - {}
RESULT: {}
]]></system-out>
    </testcase>
    <testcase classname="chrome.135_0_7049_96.windows.Standard_contract_-_add_contract_items_by_Insert_Request_US118222" name="Should create 2 new resources and a catalog item" time="401.614">
      <system-out><![CDATA[
COMMAND: POST /session/fb20b4d5f8187ef355fd25bb9ed00552/execute/async - {"script":"<script> [1562 bytes]","args":[{"selector":{"controlType":"sap.m.GenericTile","properties":{"header":"Manage Resources"}},"wdio_ui5_key":"sapm.GenericTile{\"header\":\"Manage Resources\"}"}]}
RESULT: {"script":"<script> [1562 bytes]","args":[{"selector":{"controlType":"sap.m.GenericTile","properties":{"header":"Manage Resources"}},"wdio_ui5_key":"sapm.GenericTile{\"header\":\"Manage Resources\"}"}]}
RESULT: undefined
COMMAND: POST /session/fb20b4d5f8187ef355fd25bb9ed00552/element - {"using":"xpath","value":"//*[@id=\"__tile39\"]"}
RESULT: {"using":"xpath","value":"//*[@id=\"__tile39\"]"}
COMMAND: POST /session/fb20b4d5f8187ef355fd25bb9ed00552/element/f.8D83D8F609E9C53C70C061F545E12C0C.d.2021FA1EADFCB83838E43A29DBBB2FB4.e.2591/click - {}
RESULT: {}
COMMAND: GET /session/fb20b4d5f8187ef355fd25bb9ed00552/screenshot - {}
RESULT: {}
COMMAND: POST /session/fb20b4d5f8187ef355fd25bb9ed00552/element - {"using":"xpath","value":"//button[@data-kt=\"addNewRUOverflowToolbarButton\"]"}
RESULT: {"using":"xpath","value":"//button[@data-kt=\"addNewRUOverflowToolbarButton\"]"}
COMMAND: POST /session/fb20b4d5f8187ef355fd25bb9ed00552/element - {"using":"xpath","value":"//button[@data-kt=\"addNewRUOverflowToolbarButton\"]"}
RESULT: {"using":"xpath","value":"//button[@data-kt=\"addNewRUOverflowToolbarButton\"]"}
COMMAND: POST /session/fb20b4d5f8187ef355fd25bb9ed00552/execute/sync - {"script":"<script> [8489 bytes]","args":[{"element-6066-11e4-a52e-4f735466cecf":"f.8D83D8F609E9C53C70C061F545E12C0C.d.2021FA1EADFCB83838E43A29DBBB2FB4.e.2623","ELEMENT":"f.8D83D8F609E9C53C70C061F545E12C0C.d.2021FA1EADFCB83838E43A29DBBB2FB4.e.2623"}]}
RESULT: {"script":"<script> [8489 bytes]","args":[{"element-6066-11e4-a52e-4f735466cecf":"f.8D83D8F609E9C53C70C061F545E12C0C.d.2021FA1EADFCB83838E43A29DBBB2FB4.e.2623","ELEMENT":"f.8D83D8F609E9C53C70C061F545E12C0C.d.2021FA1EADFCB83838E43A29DBBB2FB4.e.2623"}]}
COMMAND: POST /session/fb20b4d5f8187ef355fd25bb9ed00552/element/f.8D83D8F609E9C53C70C061F545E12C0C.d.2021FA1EADFCB83838E43A29DBBB2FB4.e.2623/click - {}
COMMAND: GET /session/fb20b4d5f8187ef355fd25bb9ed00552/screenshot - {}
RESULT: {}
COMMAND: POST /session/fb20b4d5f8187ef355fd25bb9ed00552/execute/async - {"script":"<script> [1562 bytes]","args":[{"selector":{"id":"application-manageresources-display-component---newResourceUnit--TYPE-arrow"},"wdio_ui5_key":"applicationmanageresources-display-component---newResourceUnit--TYPE-arrow"}]}
COMMAND: GET /session/fb20b4d5f8187ef355fd25bb9ed00552/screenshot - {}
RESULT: {}
RESULT: {"script":"<script> [1562 bytes]","args":[{"selector":{"id":"application-manageresources-display-component---newResourceUnit--TYPE-arrow"},"wdio_ui5_key":"applicationmanageresources-display-component---newResourceUnit--TYPE-arrow"}]}
RESULT: undefined
COMMAND: POST /session/fb20b4d5f8187ef355fd25bb9ed00552/element - {"using":"xpath","value":"//*[@id=\"application-manageresources-display-component---newResourceUnit--TYPE-arrow\"]"}
RESULT: {}
RESULT: {"using":"xpath","value":"//*[@id=\"application-manageresources-display-component---newResourceUnit--TYPE-arrow\"]"}
COMMAND: POST /session/fb20b4d5f8187ef355fd25bb9ed00552/element/f.8D83D8F609E9C53C70C061F545E12C0C.d.2021FA1EADFCB83838E43A29DBBB2FB4.e.2790/click - {}
RESULT: {}
COMMAND: POST /session/fb20b4d5f8187ef355fd25bb9ed00552/execute/async - {"script":"<script> [1562 bytes]","args":[{"selector":{"controlType":"sap.m.StandardListItem","viewName":"reusables.view.manageresources.NewResourceUnit","viewId":"application-manageresources-display-component---newResourceUnit","properties":{"title":"Material"},"searchOpenDialogs":true,"interaction":{"idSuffix":"titleText"}},"wdio_ui5_key":"reusablesview.manageresources.NewResourceUnitsap.m.StandardListItem{\"title\":\"Material\"}"}]}
COMMAND: GET /session/fb20b4d5f8187ef355fd25bb9ed00552/screenshot - {}
RESULT: {"script":"<script> [1562 bytes]","args":[{"selector":{"controlType":"sap.m.StandardListItem","viewName":"reusables.view.manageresources.NewResourceUnit","viewId":"application-manageresources-display-component---newResourceUnit","properties":{"title":"Material"},"searchOpenDialogs":true,"interaction":{"idSuffix":"titleText"}},"wdio_ui5_key":"reusablesview.manageresources.NewResourceUnitsap.m.StandardListItem{\"title\":\"Material\"}"}]}
RESULT: undefined
COMMAND: POST /session/fb20b4d5f8187ef355fd25bb9ed00552/element - {"using":"xpath","value":"//*[@id=\"__item1003\"]"}
RESULT: {}
RESULT: {"using":"xpath","value":"//*[@id=\"__item1003\"]"}
COMMAND: POST /session/fb20b4d5f8187ef355fd25bb9ed00552/element/f.8D83D8F609E9C53C70C061F545E12C0C.d.2021FA1EADFCB83838E43A29DBBB2FB4.e.2793/click - {}
RESULT: {}
COMMAND: POST /session/fb20b4d5f8187ef355fd25bb9ed00552/execute/async - {"script":"<script> [1562 bytes]","args":[{"selector":{"id":"application-manageresources-display-component---newResourceUnit--SHORT_TEXT","interaction":{"idSuffix":"inner"}},"wdio_ui5_key":"applicationmanageresources-display-component---newResourceUnit--SHORT_TEXT"}]}
COMMAND: GET /session/fb20b4d5f8187ef355fd25bb9ed00552/screenshot - {}
RESULT: {"script":"<script> [1562 bytes]","args":[{"selector":{"id":"application-manageresources-display-component---newResourceUnit--SHORT_TEXT","interaction":{"idSuffix":"inner"}},"wdio_ui5_key":"applicationmanageresources-display-component---newResourceUnit--SHORT_TEXT"}]}
RESULT: undefined
COMMAND: POST /session/fb20b4d5f8187ef355fd25bb9ed00552/execute/async - {"script":"<script> [776 bytes]","args":[{"enterText":"WebdriverRUR2C2jn1j","selector":{"id":"application-manageresources-display-component---newResourceUnit--SHORT_TEXT","interaction":{"idSuffix":"inner"}},"clearTextFirst":true,"interactionType":"ENTER_TEXT"}]}
RESULT: {}
RESULT: {"script":"<script> [776 bytes]","args":[{"enterText":"WebdriverRUR2C2jn1j","selector":{"id":"application-manageresources-display-component---newResourceUnit--SHORT_TEXT","interaction":{"idSuffix":"inner"}},"clearTextFirst":true,"interactionType":"ENTER_TEXT"}]}
COMMAND: POST /session/fb20b4d5f8187ef355fd25bb9ed00552/execute/async - {"script":"<script> [1562 bytes]","args":[{"selector":{"id":"application-manageresources-display-component---newResourceUnit--BASE_UNIT_OF_MEASURE-arrow"},"wdio_ui5_key":"applicationmanageresources-display-component---newResourceUnit--BASE_UNIT_OF_MEASURE-arrow"}]}
RESULT: {"script":"<script> [1562 bytes]","args":[{"selector":{"id":"application-manageresources-display-component---newResourceUnit--BASE_UNIT_OF_MEASURE-arrow"},"wdio_ui5_key":"applicationmanageresources-display-component---newResourceUnit--BASE_UNIT_OF_MEASURE-arrow"}]}
RESULT: undefined
COMMAND: POST /session/fb20b4d5f8187ef355fd25bb9ed00552/element - {"using":"xpath","value":"//*[@id=\"application-manageresources-display-component---newResourceUnit--BASE_UNIT_OF_MEASURE-arrow\"]"}
RESULT: {"using":"xpath","value":"//*[@id=\"application-manageresources-display-component---newResourceUnit--BASE_UNIT_OF_MEASURE-arrow\"]"}
COMMAND: POST /session/fb20b4d5f8187ef355fd25bb9ed00552/element/f.8D83D8F609E9C53C70C061F545E12C0C.d.2021FA1EADFCB83838E43A29DBBB2FB4.e.2849/click - {}
RESULT: {}
COMMAND: POST /session/fb20b4d5f8187ef355fd25bb9ed00552/execute/async - {"script":"<script> [1562 bytes]","args":[{"selector":{"controlType":"sap.m.StandardListItem","viewName":"reusables.view.manageresources.NewResourceUnit","viewId":"application-manageresources-display-component---newResourceUnit","properties":{"title":"Piece"},"searchOpenDialogs":true,"interaction":{"idSuffix":"titleText"}},"wdio_ui5_key":"reusablesview.manageresources.NewResourceUnitsap.m.StandardListItem{\"title\":\"Piece\"}"}]}
COMMAND: GET /session/fb20b4d5f8187ef355fd25bb9ed00552/screenshot - {}
RESULT: {"script":"<script> [1562 bytes]","args":[{"selector":{"controlType":"sap.m.StandardListItem","viewName":"reusables.view.manageresources.NewResourceUnit","viewId":"application-manageresources-display-component---newResourceUnit","properties":{"title":"Piece"},"searchOpenDialogs":true,"interaction":{"idSuffix":"titleText"}},"wdio_ui5_key":"reusablesview.manageresources.NewResourceUnitsap.m.StandardListItem{\"title\":\"Piece\"}"}]}
RESULT: undefined
COMMAND: POST /session/fb20b4d5f8187ef355fd25bb9ed00552/element - {"using":"xpath","value":"//*[@id=\"__item1047\"]"}
RESULT: {}
RESULT: {"using":"xpath","value":"//*[@id=\"__item1047\"]"}
COMMAND: POST /session/fb20b4d5f8187ef355fd25bb9ed00552/element/f.8D83D8F609E9C53C70C061F545E12C0C.d.2021FA1EADFCB83838E43A29DBBB2FB4.e.2851/click - {}
RESULT: {}
COMMAND: POST /session/fb20b4d5f8187ef355fd25bb9ed00552/element - {"using":"xpath","value":"//input[contains(@id ,\"application-manageresources-display-component---newResourceUnit--SHORT_TEXT-inner\")]"}
COMMAND: GET /session/fb20b4d5f8187ef355fd25bb9ed00552/screenshot - {}
RESULT: {"using":"xpath","value":"//input[contains(@id ,\"application-manageresources-display-component---newResourceUnit--SHORT_TEXT-inner\")]"}
COMMAND: GET /session/fb20b4d5f8187ef355fd25bb9ed00552/element/f.8D83D8F609E9C53C70C061F545E12C0C.d.2021FA1EADFCB83838E43A29DBBB2FB4.e.2810/property/value - {}
RESULT: {}
RESULT: {}
COMMAND: POST /session/fb20b4d5f8187ef355fd25bb9ed00552/execute/async - {"script":"<script> [1562 bytes]","args":[{"selector":{"id":"application-manageresources-display-component---newResourceUnit--WEIGHT_UNIT-arrow"},"wdio_ui5_key":"applicationmanageresources-display-component---newResourceUnit--WEIGHT_UNIT-arrow"}]}
COMMAND: GET /session/fb20b4d5f8187ef355fd25bb9ed00552/screenshot - {}
RESULT: {"script":"<script> [1562 bytes]","args":[{"selector":{"id":"application-manageresources-display-component---newResourceUnit--WEIGHT_UNIT-arrow"},"wdio_ui5_key":"applicationmanageresources-display-component---newResourceUnit--WEIGHT_UNIT-arrow"}]}
RESULT: undefined
COMMAND: POST /session/fb20b4d5f8187ef355fd25bb9ed00552/element - {"using":"xpath","value":"//*[@id=\"application-manageresources-display-component---newResourceUnit--WEIGHT_UNIT-arrow\"]"}
RESULT: {}
RESULT: {"using":"xpath","value":"//*[@id=\"application-manageresources-display-component---newResourceUnit--WEIGHT_UNIT-arrow\"]"}
COMMAND: POST /session/fb20b4d5f8187ef355fd25bb9ed00552/element/f.8D83D8F609E9C53C70C061F545E12C0C.d.2021FA1EADFCB83838E43A29DBBB2FB4.e.2852/click - {}
RESULT: {}
COMMAND: POST /session/fb20b4d5f8187ef355fd25bb9ed00552/execute/async - {"script":"<script> [1562 bytes]","args":[{"selector":{"controlType":"sap.m.StandardListItem","viewName":"reusables.view.manageresources.NewResourceUnit","viewId":"application-manageresources-display-component---newResourceUnit","properties":{"title":"Gram"},"searchOpenDialogs":true,"interaction":{"idSuffix":"content"}},"wdio_ui5_key":"reusablesview.manageresources.NewResourceUnitsap.m.StandardListItem{\"title\":\"Gram\"}"}]}
COMMAND: GET /session/fb20b4d5f8187ef355fd25bb9ed00552/screenshot - {}
RESULT: {"script":"<script> [1562 bytes]","args":[{"selector":{"controlType":"sap.m.StandardListItem","viewName":"reusables.view.manageresources.NewResourceUnit","viewId":"application-manageresources-display-component---newResourceUnit","properties":{"title":"Gram"},"searchOpenDialogs":true,"interaction":{"idSuffix":"content"}},"wdio_ui5_key":"reusablesview.manageresources.NewResourceUnitsap.m.StandardListItem{\"title\":\"Gram\"}"}]}
RESULT: undefined
COMMAND: POST /session/fb20b4d5f8187ef355fd25bb9ed00552/element - {"using":"xpath","value":"//*[@id=\"__item1112\"]"}
RESULT: {}
RESULT: {"using":"xpath","value":"//*[@id=\"__item1112\"]"}
COMMAND: POST /session/fb20b4d5f8187ef355fd25bb9ed00552/element/f.8D83D8F609E9C53C70C061F545E12C0C.d.2021FA1EADFCB83838E43A29DBBB2FB4.e.2854/click - {}
RESULT: {}
COMMAND: POST /session/fb20b4d5f8187ef355fd25bb9ed00552/execute/async - {"script":"<script> [1562 bytes]","args":[{"selector":{"id":"application-manageresources-display-component---newResourceUnit--newRRUPage-OPHeaderContent-collapseBtn-img"},"wdio_ui5_key":"applicationmanageresources-display-component---newResourceUnit--newRRUPage-OPHeaderContent-collapseBtn-img"}]}
COMMAND: GET /session/fb20b4d5f8187ef355fd25bb9ed00552/screenshot - {}
RESULT: {"script":"<script> [1562 bytes]","args":[{"selector":{"id":"application-manageresources-display-component---newResourceUnit--newRRUPage-OPHeaderContent-collapseBtn-img"},"wdio_ui5_key":"applicationmanageresources-display-component---newResourceUnit--newRRUPage-OPHeaderContent-collapseBtn-img"}]}
RESULT: undefined
COMMAND: POST /session/fb20b4d5f8187ef355fd25bb9ed00552/element - {"using":"xpath","value":"//*[@id=\"application-manageresources-display-component---newResourceUnit--newRRUPage-OPHeaderContent-collapseBtn-img\"]"}
RESULT: {}
RESULT: {"using":"xpath","value":"//*[@id=\"application-manageresources-display-component---newResourceUnit--newRRUPage-OPHeaderContent-collapseBtn-img\"]"}
COMMAND: POST /session/fb20b4d5f8187ef355fd25bb9ed00552/element/f.8D83D8F609E9C53C70C061F545E12C0C.d.2021FA1EADFCB83838E43A29DBBB2FB4.e.2800/click - {}
RESULT: {}
COMMAND: GET /session/fb20b4d5f8187ef355fd25bb9ed00552/screenshot - {}
RESULT: {}
COMMAND: POST /session/fb20b4d5f8187ef355fd25bb9ed00552/element - {"using":"xpath","value":"(//span[contains(@id ,\"application-manageresources-display-component---newResourceUnit--DIMENSION_UNIT-arrow\")])[1]"}
RESULT: {"using":"xpath","value":"(//span[contains(@id ,\"application-manageresources-display-component---newResourceUnit--DIMENSION_UNIT-arrow\")])[1]"}
COMMAND: POST /session/fb20b4d5f8187ef355fd25bb9ed00552/element/f.8D83D8F609E9C53C70C061F545E12C0C.d.2021FA1EADFCB83838E43A29DBBB2FB4.e.2860/click - {}
RESULT: {}
COMMAND: GET /session/fb20b4d5f8187ef355fd25bb9ed00552/screenshot - {}
RESULT: {}
COMMAND: POST /session/fb20b4d5f8187ef355fd25bb9ed00552/execute/async - {"script":"<script> [1562 bytes]","args":[{"selector":{"controlType":"sap.m.StandardListItem","viewName":"reusables.view.manageresources.NewResourceUnit","viewId":"application-manageresources-display-component---newResourceUnit","properties":{"title":"Centimeter"},"searchOpenDialogs":true,"interaction":{"idSuffix":"titleText"}},"wdio_ui5_key":"reusablesview.manageresources.NewResourceUnitsap.m.StandardListItem{\"title\":\"Centimeter\"}"}]}
RESULT: {"script":"<script> [1562 bytes]","args":[{"selector":{"controlType":"sap.m.StandardListItem","viewName":"reusables.view.manageresources.NewResourceUnit","viewId":"application-manageresources-display-component---newResourceUnit","properties":{"title":"Centimeter"},"searchOpenDialogs":true,"interaction":{"idSuffix":"titleText"}},"wdio_ui5_key":"reusablesview.manageresources.NewResourceUnitsap.m.StandardListItem{\"title\":\"Centimeter\"}"}]}
RESULT: undefined
COMMAND: POST /session/fb20b4d5f8187ef355fd25bb9ed00552/element - {"using":"xpath","value":"//*[@id=\"__item1115\"]"}
RESULT: {"using":"xpath","value":"//*[@id=\"__item1115\"]"}
COMMAND: POST /session/fb20b4d5f8187ef355fd25bb9ed00552/element/f.8D83D8F609E9C53C70C061F545E12C0C.d.2021FA1EADFCB83838E43A29DBBB2FB4.e.2862/click - {}
RESULT: {}
COMMAND: POST /session/fb20b4d5f8187ef355fd25bb9ed00552/execute/async - {"script":"<script> [1562 bytes]","args":[{"selector":{"id":"application-manageresources-display-component---newResourceUnit--newRRUPage-anchBar-application-manageresources-display-component---newResourceUnit--reference-anchor","interaction":{"idSuffix":"BDI-content"}},"wdio_ui5_key":"applicationmanageresources-display-component---newResourceUnit--newRRUPage-anchBar-application-manageresources-display-component---newResourceUnit--reference-anchor"}]}
COMMAND: GET /session/fb20b4d5f8187ef355fd25bb9ed00552/screenshot - {}
RESULT: {"script":"<script> [1562 bytes]","args":[{"selector":{"id":"application-manageresources-display-component---newResourceUnit--newRRUPage-anchBar-application-manageresources-display-component---newResourceUnit--reference-anchor","interaction":{"idSuffix":"BDI-content"}},"wdio_ui5_key":"applicationmanageresources-display-component---newResourceUnit--newRRUPage-anchBar-application-manageresources-display-component---newResourceUnit--reference-anchor"}]}
RESULT: undefined
COMMAND: POST /session/fb20b4d5f8187ef355fd25bb9ed00552/element - {"using":"xpath","value":"//*[@id=\"application-manageresources-display-component---newResourceUnit--newRRUPage-anchBar-application-manageresources-display-component---newResourceUnit--reference-anchor\"]"}
RESULT: {}
RESULT: {"using":"xpath","value":"//*[@id=\"application-manageresources-display-component---newResourceUnit--newRRUPage-anchBar-application-manageresources-display-component---newResourceUnit--reference-anchor\"]"}
COMMAND: POST /session/fb20b4d5f8187ef355fd25bb9ed00552/element/f.8D83D8F609E9C53C70C061F545E12C0C.d.2021FA1EADFCB83838E43A29DBBB2FB4.e.2864/click - {}
RESULT: {}
COMMAND: POST /session/fb20b4d5f8187ef355fd25bb9ed00552/execute/async - {"script":"<script> [1562 bytes]","args":[{"selector":{"id":"application-manageresources-display-component---newResourceUnit--PLANNING_GROUP-arrow"},"wdio_ui5_key":"applicationmanageresources-display-component---newResourceUnit--PLANNING_GROUP-arrow"}]}
COMMAND: GET /session/fb20b4d5f8187ef355fd25bb9ed00552/screenshot - {}
RESULT: {"script":"<script> [1562 bytes]","args":[{"selector":{"id":"application-manageresources-display-component---newResourceUnit--PLANNING_GROUP-arrow"},"wdio_ui5_key":"applicationmanageresources-display-component---newResourceUnit--PLANNING_GROUP-arrow"}]}
RESULT: undefined
COMMAND: POST /session/fb20b4d5f8187ef355fd25bb9ed00552/element - {"using":"xpath","value":"//*[@id=\"application-manageresources-display-component---newResourceUnit--PLANNING_GROUP-arrow\"]"}
RESULT: {}
RESULT: {"using":"xpath","value":"//*[@id=\"application-manageresources-display-component---newResourceUnit--PLANNING_GROUP-arrow\"]"}
COMMAND: POST /session/fb20b4d5f8187ef355fd25bb9ed00552/element/f.8D83D8F609E9C53C70C061F545E12C0C.d.2021FA1EADFCB83838E43A29DBBB2FB4.e.2867/click - {}
RESULT: {}
COMMAND: POST /session/fb20b4d5f8187ef355fd25bb9ed00552/execute/async - {"script":"<script> [1562 bytes]","args":[{"selector":{"controlType":"sap.m.StandardListItem","viewName":"reusables.view.manageresources.NewResourceUnit","viewId":"application-manageresources-display-component---newResourceUnit","properties":{"title":"Heavy Equi"},"searchOpenDialogs":true,"interaction":{"idSuffix":"content"}},"wdio_ui5_key":"reusablesview.manageresources.NewResourceUnitsap.m.StandardListItem{\"title\":\"Heavy Equi\"}"}]}
COMMAND: GET /session/fb20b4d5f8187ef355fd25bb9ed00552/screenshot - {}
RESULT: {"script":"<script> [1562 bytes]","args":[{"selector":{"controlType":"sap.m.StandardListItem","viewName":"reusables.view.manageresources.NewResourceUnit","viewId":"application-manageresources-display-component---newResourceUnit","properties":{"title":"Heavy Equi"},"searchOpenDialogs":true,"interaction":{"idSuffix":"content"}},"wdio_ui5_key":"reusablesview.manageresources.NewResourceUnitsap.m.StandardListItem{\"title\":\"Heavy Equi\"}"}]}
RESULT: undefined
COMMAND: POST /session/fb20b4d5f8187ef355fd25bb9ed00552/element - {"using":"xpath","value":"//*[@id=\"__item1123\"]"}
RESULT: {}
RESULT: {"using":"xpath","value":"//*[@id=\"__item1123\"]"}
COMMAND: POST /session/fb20b4d5f8187ef355fd25bb9ed00552/element/f.8D83D8F609E9C53C70C061F545E12C0C.d.2021FA1EADFCB83838E43A29DBBB2FB4.e.2871/click - {}
RESULT: {}
COMMAND: GET /session/fb20b4d5f8187ef355fd25bb9ed00552/screenshot - {}
RESULT: {}
COMMAND: POST /session/fb20b4d5f8187ef355fd25bb9ed00552/execute/async - {"script":"<script> [1562 bytes]","args":[{"selector":{"id":"application-manageresources-display-component---newResourceUnit--PLANNING_INDICATOR-arrow"},"wdio_ui5_key":"applicationmanageresources-display-component---newResourceUnit--PLANNING_INDICATOR-arrow"}]}
RESULT: {"script":"<script> [1562 bytes]","args":[{"selector":{"id":"application-manageresources-display-component---newResourceUnit--PLANNING_INDICATOR-arrow"},"wdio_ui5_key":"applicationmanageresources-display-component---newResourceUnit--PLANNING_INDICATOR-arrow"}]}
RESULT: undefined
COMMAND: POST /session/fb20b4d5f8187ef355fd25bb9ed00552/element - {"using":"xpath","value":"//*[@id=\"application-manageresources-display-component---newResourceUnit--PLANNING_INDICATOR-arrow\"]"}
RESULT: {"using":"xpath","value":"//*[@id=\"application-manageresources-display-component---newResourceUnit--PLANNING_INDICATOR-arrow\"]"}
COMMAND: POST /session/fb20b4d5f8187ef355fd25bb9ed00552/element/f.8D83D8F609E9C53C70C061F545E12C0C.d.2021FA1EADFCB83838E43A29DBBB2FB4.e.2872/click - {}
RESULT: {}
COMMAND: POST /session/fb20b4d5f8187ef355fd25bb9ed00552/execute/async - {"script":"<script> [1562 bytes]","args":[{"selector":{"controlType":"sap.m.StandardListItem","viewName":"reusables.view.manageresources.NewResourceUnit","viewId":"application-manageresources-display-component---newResourceUnit","properties":{"title":"10 - infinite"},"searchOpenDialogs":true,"interaction":{"idSuffix":"content"}},"wdio_ui5_key":"reusablesview.manageresources.NewResourceUnitsap.m.StandardListItem{\"title\":\"10 - infinite\"}"}]}
COMMAND: GET /session/fb20b4d5f8187ef355fd25bb9ed00552/screenshot - {}
RESULT: {"script":"<script> [1562 bytes]","args":[{"selector":{"controlType":"sap.m.StandardListItem","viewName":"reusables.view.manageresources.NewResourceUnit","viewId":"application-manageresources-display-component---newResourceUnit","properties":{"title":"10 - infinite"},"searchOpenDialogs":true,"interaction":{"idSuffix":"content"}},"wdio_ui5_key":"reusablesview.manageresources.NewResourceUnitsap.m.StandardListItem{\"title\":\"10 - infinite\"}"}]}
RESULT: undefined
COMMAND: POST /session/fb20b4d5f8187ef355fd25bb9ed00552/element - {"using":"xpath","value":"//*[@id=\"__item1133\"]"}
RESULT: {}
RESULT: {"using":"xpath","value":"//*[@id=\"__item1133\"]"}
COMMAND: POST /session/fb20b4d5f8187ef355fd25bb9ed00552/element/f.8D83D8F609E9C53C70C061F545E12C0C.d.2021FA1EADFCB83838E43A29DBBB2FB4.e.2874/click - {}
RESULT: {}
COMMAND: GET /session/fb20b4d5f8187ef355fd25bb9ed00552/screenshot - {}
RESULT: {}
COMMAND: POST /session/fb20b4d5f8187ef355fd25bb9ed00552/element - {"using":"xpath","value":"//bdi[contains(text(), \"Time Segment\")]"}
RESULT: {"using":"xpath","value":"//bdi[contains(text(), \"Time Segment\")]"}
COMMAND: GET /session/fb20b4d5f8187ef355fd25bb9ed00552/element/f.8D83D8F609E9C53C70C061F545E12C0C.d.2021FA1EADFCB83838E43A29DBBB2FB4.e.2875/rect - {}
RESULT: {}
COMMAND: GET /session/fb20b4d5f8187ef355fd25bb9ed00552/window/rect - {}
RESULT: {}
COMMAND: POST /session/fb20b4d5f8187ef355fd25bb9ed00552/execute/sync - {"script":"<script> [92 bytes]","args":[]}
RESULT: {"script":"<script> [92 bytes]","args":[]}
COMMAND: POST /session/fb20b4d5f8187ef355fd25bb9ed00552/actions - {"actions":[{"id":"action5","type":"wheel","parameters":{},"actions":[{"type":"scroll","x":-1820,"y":-21,"deltaX":0,"deltaY":0,"duration":0,"origin":{"element-6066-11e4-a52e-4f735466cecf":"f.8D83D8F609E9C53C70C061F545E12C0C.d.2021FA1EADFCB83838E43A29DBBB2FB4.e.2875"}}]}]}
COMMAND: GET /session/fb20b4d5f8187ef355fd25bb9ed00552/screenshot - {}
RESULT: {}
COMMAND: POST /session/fb20b4d5f8187ef355fd25bb9ed00552/execute/sync - {"script":"<script> [79 bytes]","args":[{"element-6066-11e4-a52e-4f735466cecf":"f.8D83D8F609E9C53C70C061F545E12C0C.d.2021FA1EADFCB83838E43A29DBBB2FB4.e.2875","ELEMENT":"f.8D83D8F609E9C53C70C061F545E12C0C.d.2021FA1EADFCB83838E43A29DBBB2FB4.e.2875"},{"block":"start","inline":"nearest"}]}
RESULT: {"script":"<script> [79 bytes]","args":[{"element-6066-11e4-a52e-4f735466cecf":"f.8D83D8F609E9C53C70C061F545E12C0C.d.2021FA1EADFCB83838E43A29DBBB2FB4.e.2875","ELEMENT":"f.8D83D8F609E9C53C70C061F545E12C0C.d.2021FA1EADFCB83838E43A29DBBB2FB4.e.2875"},{"block":"start","inline":"nearest"}]}
COMMAND: GET /session/fb20b4d5f8187ef355fd25bb9ed00552/screenshot - {}
RESULT: {}
COMMAND: POST /session/fb20b4d5f8187ef355fd25bb9ed00552/element - {"using":"xpath","value":"//span[@id=\"application-manageresources-display-component---newResourceUnit--btnAddTimeSegment-img\"]"}
RESULT: {"using":"xpath","value":"//span[@id=\"application-manageresources-display-component---newResourceUnit--btnAddTimeSegment-img\"]"}
COMMAND: POST /session/fb20b4d5f8187ef355fd25bb9ed00552/execute/sync - {"script":"<script> [8489 bytes]","args":[{"element-6066-11e4-a52e-4f735466cecf":"f.8D83D8F609E9C53C70C061F545E12C0C.d.2021FA1EADFCB83838E43A29DBBB2FB4.e.2878","ELEMENT":"f.8D83D8F609E9C53C70C061F545E12C0C.d.2021FA1EADFCB83838E43A29DBBB2FB4.e.2878"}]}
RESULT: {"script":"<script> [8489 bytes]","args":[{"element-6066-11e4-a52e-4f735466cecf":"f.8D83D8F609E9C53C70C061F545E12C0C.d.2021FA1EADFCB83838E43A29DBBB2FB4.e.2878","ELEMENT":"f.8D83D8F609E9C53C70C061F545E12C0C.d.2021FA1EADFCB83838E43A29DBBB2FB4.e.2878"}]}
COMMAND: POST /session/fb20b4d5f8187ef355fd25bb9ed00552/element/f.8D83D8F609E9C53C70C061F545E12C0C.d.2021FA1EADFCB83838E43A29DBBB2FB4.e.2878/click - {}
COMMAND: GET /session/fb20b4d5f8187ef355fd25bb9ed00552/screenshot - {}
RESULT: {}
COMMAND: GET /session/fb20b4d5f8187ef355fd25bb9ed00552/screenshot - {}
COMMAND: POST /session/fb20b4d5f8187ef355fd25bb9ed00552/element - {"using":"xpath","value":"//input[@id=\"application-manageresources-display-component---newResourceUnit--idRuTSAdmin-application-manageresources-display-component---newResourceUnit--RUTimeSegment-0-inner\"]"}
RESULT: {}
RESULT: {}
RESULT: {"using":"xpath","value":"//input[@id=\"application-manageresources-display-component---newResourceUnit--idRuTSAdmin-application-manageresources-display-component---newResourceUnit--RUTimeSegment-0-inner\"]"}
COMMAND: POST /session/fb20b4d5f8187ef355fd25bb9ed00552/element/f.8D83D8F609E9C53C70C061F545E12C0C.d.2021FA1EADFCB83838E43A29DBBB2FB4.e.2881/clear - {}
RESULT: {}
COMMAND: POST /session/fb20b4d5f8187ef355fd25bb9ed00552/element/f.8D83D8F609E9C53C70C061F545E12C0C.d.2021FA1EADFCB83838E43A29DBBB2FB4.e.2881/value - {"text":"WebdriverYardc3n9w"}
COMMAND: GET /session/fb20b4d5f8187ef355fd25bb9ed00552/screenshot - {}
RESULT: {"text":"WebdriverYardc3n9w"}
COMMAND: GET /session/fb20b4d5f8187ef355fd25bb9ed00552/screenshot - {}
RESULT: {}
RESULT: {}
COMMAND: POST /session/fb20b4d5f8187ef355fd25bb9ed00552/actions - {"actions":[{"id":"action6","type":"key","parameters":{},"actions":[{"type":"keyDown","value":"î€‡"},{"type":"pause","duration":10},{"type":"keyUp","value":"î€‡"}]}]}
RESULT: {"actions":[{"id":"action6","type":"key","parameters":{},"actions":[{"type":"keyDown","value":"î€‡"},{"type":"pause","duration":10},{"type":"keyUp","value":"î€‡"}]}]}
COMMAND: GET /session/fb20b4d5f8187ef355fd25bb9ed00552/screenshot - {}
RESULT: {}
COMMAND: POST /session/fb20b4d5f8187ef355fd25bb9ed00552/execute/async - {"script":"<script> [1562 bytes]","args":[{"selector":{"controlType":"sap.m.Button","viewName":"reusables.view.manageresources.NewResourceUnit","viewId":"application-manageresources-display-component---newResourceUnit","i18NText":{"propertyName":"tooltip","key":"save"},"interaction":{"idSuffix":"BDI-content"}},"wdio_ui5_key":"reusablesview.manageresources.NewResourceUnitsap.m.Button{\"propertyName\":\"tooltip\",\"key\":\"save\"}"}]}
RESULT: {"script":"<script> [1562 bytes]","args":[{"selector":{"controlType":"sap.m.Button","viewName":"reusables.view.manageresources.NewResourceUnit","viewId":"application-manageresources-display-component---newResourceUnit","i18NText":{"propertyName":"tooltip","key":"save"},"interaction":{"idSuffix":"BDI-content"}},"wdio_ui5_key":"reusablesview.manageresources.NewResourceUnitsap.m.Button{\"propertyName\":\"tooltip\",\"key\":\"save\"}"}]}
RESULT: undefined
COMMAND: POST /session/fb20b4d5f8187ef355fd25bb9ed00552/element - {"using":"xpath","value":"//*[@id=\"application-manageresources-display-component---newResourceUnit--createRuButton\"]"}
RESULT: {"using":"xpath","value":"//*[@id=\"application-manageresources-display-component---newResourceUnit--createRuButton\"]"}
COMMAND: POST /session/fb20b4d5f8187ef355fd25bb9ed00552/element/f.8D83D8F609E9C53C70C061F545E12C0C.d.2021FA1EADFCB83838E43A29DBBB2FB4.e.2806/click - {}
RESULT: {}
COMMAND: GET /session/fb20b4d5f8187ef355fd25bb9ed00552/screenshot - {}
RESULT: {}
COMMAND: POST /session/fb20b4d5f8187ef355fd25bb9ed00552/execute/async - {"script":"<script> [1562 bytes]","args":[{"selector":{"controlType":"sap.m.Title","properties":{"text":"Success"},"searchOpenDialogs":true},"wdio_ui5_key":"sapm.Title{\"text\":\"Success\"}"}]}
RESULT: {"script":"<script> [1562 bytes]","args":[{"selector":{"controlType":"sap.m.Title","properties":{"text":"Success"},"searchOpenDialogs":true},"wdio_ui5_key":"sapm.Title{\"text\":\"Success\"}"}]}
RESULT: undefined
COMMAND: POST /session/fb20b4d5f8187ef355fd25bb9ed00552/execute/async - {"script":"<script> [6424 bytes]","args":[{"element-6066-11e4-a52e-4f735466cecf":"f.8D83D8F609E9C53C70C061F545E12C0C.d.2021FA1EADFCB83838E43A29DBBB2FB4.e.2899"},"getText",[]]}
RESULT: {"script":"<script> [6424 bytes]","args":[{"element-6066-11e4-a52e-4f735466cecf":"f.8D83D8F609E9C53C70C061F545E12C0C.d.2021FA1EADFCB83838E43A29DBBB2FB4.e.2899"},"getText",[]]}
COMMAND: POST /session/fb20b4d5f8187ef355fd25bb9ed00552/element - {"using":"xpath","value":"//*[contains(@id, '__text') and (contains(text(), 'successfully created') or contains(., 'successfully created'))]"}
RESULT: {"using":"xpath","value":"//*[contains(@id, '__text') and (contains(text(), 'successfully created') or contains(., 'successfully created'))]"}
COMMAND: GET /session/fb20b4d5f8187ef355fd25bb9ed00552/element/f.8D83D8F609E9C53C70C061F545E12C0C.d.2021FA1EADFCB83838E43A29DBBB2FB4.e.2898/text - {}
RESULT: {}
COMMAND: POST /session/fb20b4d5f8187ef355fd25bb9ed00552/execute/async - {"script":"<script> [1562 bytes]","args":[{"selector":{"controlType":"sap.m.Button","properties":{"text":"Close"},"searchOpenDialogs":true,"interaction":{"idSuffix":"BDI-content"}},"wdio_ui5_key":"sapm.Button{\"text\":\"Close\"}"}]}
RESULT: {"script":"<script> [1562 bytes]","args":[{"selector":{"controlType":"sap.m.Button","properties":{"text":"Close"},"searchOpenDialogs":true,"interaction":{"idSuffix":"BDI-content"}},"wdio_ui5_key":"sapm.Button{\"text\":\"Close\"}"}]}
RESULT: undefined
COMMAND: POST /session/fb20b4d5f8187ef355fd25bb9ed00552/element - {"using":"xpath","value":"//*[@id=\"__mbox-btn-0\"]"}
RESULT: {"using":"xpath","value":"//*[@id=\"__mbox-btn-0\"]"}
COMMAND: POST /session/fb20b4d5f8187ef355fd25bb9ed00552/element/f.8D83D8F609E9C53C70C061F545E12C0C.d.2021FA1EADFCB83838E43A29DBBB2FB4.e.2896/click - {}
RESULT: {}
COMMAND: GET /session/fb20b4d5f8187ef355fd25bb9ed00552/screenshot - {}
RESULT: {}
COMMAND: POST /session/fb20b4d5f8187ef355fd25bb9ed00552/execute/async - {"script":"<script> [1562 bytes]","args":[{"selector":{"controlType":"sap.ui.core.Icon","viewName":"etm.portal.ui.manageresources.view.Detail","viewId":"application-manageresources-display-component---detailRU","properties":{"src":{"regex":{"source":"overflow"}}}},"wdio_ui5_key":"etmportal.ui.manageresources.view.Detailsap.ui.core.Icon{\"src\":{\"regex\":{\"source\":\"overflow\"}}}"}]}
RESULT: {"script":"<script> [1562 bytes]","args":[{"selector":{"controlType":"sap.ui.core.Icon","viewName":"etm.portal.ui.manageresources.view.Detail","viewId":"application-manageresources-display-component---detailRU","properties":{"src":{"regex":{"source":"overflow"}}}},"wdio_ui5_key":"etmportal.ui.manageresources.view.Detailsap.ui.core.Icon{\"src\":{\"regex\":{\"source\":\"overflow\"}}}"}]}
RESULT: undefined
COMMAND: POST /session/fb20b4d5f8187ef355fd25bb9ed00552/element - {"using":"xpath","value":"//*[@id=\"__title36-_actionsToolbar-overflowButton-img\"]"}
RESULT: {"using":"xpath","value":"//*[@id=\"__title36-_actionsToolbar-overflowButton-img\"]"}
COMMAND: POST /session/fb20b4d5f8187ef355fd25bb9ed00552/element/f.8D83D8F609E9C53C70C061F545E12C0C.d.2021FA1EADFCB83838E43A29DBBB2FB4.e.2930/click - {}
RESULT: {}
COMMAND: POST /session/fb20b4d5f8187ef355fd25bb9ed00552/execute/async - {"script":"<script> [1562 bytes]","args":[{"selector":{"controlType":"sap.m.Button","viewName":"etm.portal.ui.manageresources.view.Detail","viewId":"application-manageresources-display-component---detailRU","i18NText":{"propertyName":"tooltip","key":"closeColumn"},"searchOpenDialogs":true,"interaction":{"idSuffix":"inner"}},"wdio_ui5_key":"etmportal.ui.manageresources.view.Detailsap.m.Button{\"propertyName\":\"tooltip\",\"key\":\"closeColumn\"}"}]}
COMMAND: GET /session/fb20b4d5f8187ef355fd25bb9ed00552/screenshot - {}
RESULT: {"script":"<script> [1562 bytes]","args":[{"selector":{"controlType":"sap.m.Button","viewName":"etm.portal.ui.manageresources.view.Detail","viewId":"application-manageresources-display-component---detailRU","i18NText":{"propertyName":"tooltip","key":"closeColumn"},"searchOpenDialogs":true,"interaction":{"idSuffix":"inner"}},"wdio_ui5_key":"etmportal.ui.manageresources.view.Detailsap.m.Button{\"propertyName\":\"tooltip\",\"key\":\"closeColumn\"}"}]}
RESULT: undefined
COMMAND: POST /session/fb20b4d5f8187ef355fd25bb9ed00552/element - {"using":"xpath","value":"//*[@id=\"__button147\"]"}
RESULT: {}
RESULT: {"using":"xpath","value":"//*[@id=\"__button147\"]"}
COMMAND: POST /session/fb20b4d5f8187ef355fd25bb9ed00552/element/f.8D83D8F609E9C53C70C061F545E12C0C.d.2021FA1EADFCB83838E43A29DBBB2FB4.e.2932/click - {}
RESULT: {}
COMMAND: GET /session/fb20b4d5f8187ef355fd25bb9ed00552/screenshot - {}
RESULT: {}
COMMAND: POST /session/fb20b4d5f8187ef355fd25bb9ed00552/refresh - {}
RESULT: {}
COMMAND: GET /session/fb20b4d5f8187ef355fd25bb9ed00552/screenshot - {}
RESULT: {}
COMMAND: POST /session/fb20b4d5f8187ef355fd25bb9ed00552/execute/async - {"script":"<script> [189 bytes]","args":[]}
RESULT: {"script":"<script> [189 bytes]","args":[]}
COMMAND: POST /session/fb20b4d5f8187ef355fd25bb9ed00552/execute/async - {"script":"<script> [123 bytes]","args":[]}
RESULT: {"script":"<script> [123 bytes]","args":[]}
COMMAND: POST /session/fb20b4d5f8187ef355fd25bb9ed00552/timeouts - {"script":"<number>"}
RESULT: {"script":"<number>"}
COMMAND: GET /session/fb20b4d5f8187ef355fd25bb9ed00552/timeouts - {}
RESULT: {}
RESULT: undefined
COMMAND: POST /session/fb20b4d5f8187ef355fd25bb9ed00552/execute/async - {"script":"<script> [2676 bytes]","args":[]}
RESULT: {"script":"<script> [2676 bytes]","args":[]}
COMMAND: POST /session/fb20b4d5f8187ef355fd25bb9ed00552/execute/async - {"script":"<script> [2342 bytes]","args":[{"protocol":"http","hostname":"0.0.0.0","path":"/","capabilities":{"browserName":"chrome","goog:chromeOptions":{"binary":"C:\\Program Files\\Google\\Chrome\\Application\\chrome.exe","args":["--start-maximized"]}},"logLevel":"warn","connectionRetryTimeout":120000,"connectionRetryCount":3,"logLevels":{},"enableDirectConnect":true,"strictSSL":true,"_":"65 more keys: [\"cacheDir\",\"port\",\"requestedCapabilities\",\"automationProtocol\",\"baseUrl\",\"waitforInterval\",\"waitforTimeout\",\"onReload\",\"beforeCommand\",\"afterCommand\",\"rootDir\",\"specs\",\"suites\",\"exclude\",\"groupLogsByTestSpec\",\"excludeDriverLogs\",\"bail\",\"framework\",\"reporters\",\"services\",\"maxInstances\",\"maxInstancesPerCapability\",\"injectGlobals\",\"filesToWatch\",\"execArgv\",\"runnerEnv\",\"runner\",\"shard\",\"specFileRetries\",\"specFileRetriesDelay\",\"specFileRetriesDeferred\",\"reporterSyncInterval\",\"reporterSyncTimeout\",\"cucumberFeaturesWithLineNumbers\",\"autoCompileOpts\",\"mochaOpts\",\"jasmineOpts\",\"cucumberOpts\",\"onPrepare\",\"onWorkerStart\",\"onWorkerEnd\",\"before\",\"beforeSession\",\"beforeSuite\",\"beforeHook\",\"beforeTest\",\"afterTest\",\"afterHook\",\"afterSuite\",\"afterSession\",\"after\",\"onComplete\",\"beforeAssertion\",\"afterAssertion\",\"beforeFeature\",\"beforeScenario\",\"beforeStep\",\"afterStep\",\"afterScenario\",\"afterFeature\",\"_\",\"suite\",\"$0\",\"ignoredWorkerServices\",\"wdi5\"]"}]}
RESULT: {"script":"<script> [2342 bytes]","args":[{"protocol":"http","hostname":"0.0.0.0","path":"/","capabilities":{"browserName":"chrome","goog:chromeOptions":{"binary":"C:\\Program Files\\Google\\Chrome\\Application\\chrome.exe","args":["--start-maximized"]}},"logLevel":"warn","connectionRetryTimeout":120000,"connectionRetryCount":3,"logLevels":{},"enableDirectConnect":true,"strictSSL":true,"_":"65 more keys: [\"cacheDir\",\"port\",\"requestedCapabilities\",\"automationProtocol\",\"baseUrl\",\"waitforInterval\",\"waitforTimeout\",\"onReload\",\"beforeCommand\",\"afterCommand\",\"rootDir\",\"specs\",\"suites\",\"exclude\",\"groupLogsByTestSpec\",\"excludeDriverLogs\",\"bail\",\"framework\",\"reporters\",\"services\",\"maxInstances\",\"maxInstancesPerCapability\",\"injectGlobals\",\"filesToWatch\",\"execArgv\",\"runnerEnv\",\"runner\",\"shard\",\"specFileRetries\",\"specFileRetriesDelay\",\"specFileRetriesDeferred\",\"reporterSyncInterval\",\"reporterSyncTimeout\",\"cucumberFeaturesWithLineNumbers\",\"autoCompileOpts\",\"mochaOpts\",\"jasmineOpts\",\"cucumberOpts\",\"onPrepare\",\"onWorkerStart\",\"onWorkerEnd\",\"before\",\"beforeSession\",\"beforeSuite\",\"beforeHook\",\"beforeTest\",\"afterTest\",\"afterHook\",\"afterSuite\",\"afterSession\",\"after\",\"onComplete\",\"beforeAssertion\",\"afterAssertion\",\"beforeFeature\",\"beforeScenario\",\"beforeStep\",\"afterStep\",\"afterScenario\",\"afterFeature\",\"_\",\"suite\",\"$0\",\"ignoredWorkerServices\",\"wdi5\"]"}]}
COMMAND: POST /session/fb20b4d5f8187ef355fd25bb9ed00552/execute/async - {"script":"<script> [21126 bytes]","args":[35000]}
RESULT: {"script":"<script> [21126 bytes]","args":[35000]}
COMMAND: POST /session/fb20b4d5f8187ef355fd25bb9ed00552/element - {"using":"css selector","value":"#shell-header-logo"}
RESULT: {"using":"css selector","value":"#shell-header-logo"}
COMMAND: POST /session/fb20b4d5f8187ef355fd25bb9ed00552/element/f.8D83D8F609E9C53C70C061F545E12C0C.d.0FCC4F311883F7C7B37BD30AD374EEFA.e.3133/click - {}
RESULT: {}
COMMAND: GET /session/fb20b4d5f8187ef355fd25bb9ed00552/screenshot - {}
RESULT: {}
COMMAND: POST /session/fb20b4d5f8187ef355fd25bb9ed00552/execute/async - {"script":"<script> [1562 bytes]","args":[{"selector":{"controlType":"sap.m.GenericTile","properties":{"header":"Manage Resources"}},"wdio_ui5_key":"sapm.GenericTile{\"header\":\"Manage Resources\"}"}]}
RESULT: {"script":"<script> [1562 bytes]","args":[{"selector":{"controlType":"sap.m.GenericTile","properties":{"header":"Manage Resources"}},"wdio_ui5_key":"sapm.GenericTile{\"header\":\"Manage Resources\"}"}]}
RESULT: undefined
COMMAND: POST /session/fb20b4d5f8187ef355fd25bb9ed00552/element - {"using":"xpath","value":"//*[@id=\"__tile39\"]"}
RESULT: {"using":"xpath","value":"//*[@id=\"__tile39\"]"}
COMMAND: POST /session/fb20b4d5f8187ef355fd25bb9ed00552/element/f.8D83D8F609E9C53C70C061F545E12C0C.d.0FCC4F311883F7C7B37BD30AD374EEFA.e.3325/click - {}
RESULT: {}
COMMAND: GET /session/fb20b4d5f8187ef355fd25bb9ed00552/screenshot - {}
RESULT: {}
COMMAND: POST /session/fb20b4d5f8187ef355fd25bb9ed00552/element - {"using":"xpath","value":"//button[@data-kt=\"addNewRUOverflowToolbarButton\"]"}
RESULT: {"using":"xpath","value":"//button[@data-kt=\"addNewRUOverflowToolbarButton\"]"}
COMMAND: POST /session/fb20b4d5f8187ef355fd25bb9ed00552/execute/sync - {"script":"<script> [8489 bytes]","args":[{"element-6066-11e4-a52e-4f735466cecf":"f.8D83D8F609E9C53C70C061F545E12C0C.d.0FCC4F311883F7C7B37BD30AD374EEFA.e.3399","ELEMENT":"f.8D83D8F609E9C53C70C061F545E12C0C.d.0FCC4F311883F7C7B37BD30AD374EEFA.e.3399"}]}
RESULT: {"script":"<script> [8489 bytes]","args":[{"element-6066-11e4-a52e-4f735466cecf":"f.8D83D8F609E9C53C70C061F545E12C0C.d.0FCC4F311883F7C7B37BD30AD374EEFA.e.3399","ELEMENT":"f.8D83D8F609E9C53C70C061F545E12C0C.d.0FCC4F311883F7C7B37BD30AD374EEFA.e.3399"}]}
COMMAND: POST /session/fb20b4d5f8187ef355fd25bb9ed00552/element/f.8D83D8F609E9C53C70C061F545E12C0C.d.0FCC4F311883F7C7B37BD30AD374EEFA.e.3399/click - {}
COMMAND: GET /session/fb20b4d5f8187ef355fd25bb9ed00552/screenshot - {}
RESULT: {}
COMMAND: GET /session/fb20b4d5f8187ef355fd25bb9ed00552/screenshot - {}
RESULT: {}
RESULT: {}
COMMAND: POST /session/fb20b4d5f8187ef355fd25bb9ed00552/execute/async - {"script":"<script> [1562 bytes]","args":[{"selector":{"id":"application-manageresources-display-component---newResourceUnit--TYPE-arrow"},"wdio_ui5_key":"applicationmanageresources-display-component---newResourceUnit--TYPE-arrow"}]}
RESULT: {"script":"<script> [1562 bytes]","args":[{"selector":{"id":"application-manageresources-display-component---newResourceUnit--TYPE-arrow"},"wdio_ui5_key":"applicationmanageresources-display-component---newResourceUnit--TYPE-arrow"}]}
RESULT: undefined
COMMAND: POST /session/fb20b4d5f8187ef355fd25bb9ed00552/element - {"using":"xpath","value":"//*[@id=\"application-manageresources-display-component---newResourceUnit--TYPE-arrow\"]"}
RESULT: {"using":"xpath","value":"//*[@id=\"application-manageresources-display-component---newResourceUnit--TYPE-arrow\"]"}
COMMAND: POST /session/fb20b4d5f8187ef355fd25bb9ed00552/element/f.8D83D8F609E9C53C70C061F545E12C0C.d.0FCC4F311883F7C7B37BD30AD374EEFA.e.3735/click - {}
RESULT: {}
COMMAND: POST /session/fb20b4d5f8187ef355fd25bb9ed00552/execute/async - {"script":"<script> [1562 bytes]","args":[{"selector":{"controlType":"sap.m.StandardListItem","viewName":"reusables.view.manageresources.NewResourceUnit","viewId":"application-manageresources-display-component---newResourceUnit","properties":{"title":"Equipment"},"searchOpenDialogs":true,"interaction":{"idSuffix":"content"}},"wdio_ui5_key":"reusablesview.manageresources.NewResourceUnitsap.m.StandardListItem{\"title\":\"Equipment\"}"}]}
COMMAND: GET /session/fb20b4d5f8187ef355fd25bb9ed00552/screenshot - {}
RESULT: {"script":"<script> [1562 bytes]","args":[{"selector":{"controlType":"sap.m.StandardListItem","viewName":"reusables.view.manageresources.NewResourceUnit","viewId":"application-manageresources-display-component---newResourceUnit","properties":{"title":"Equipment"},"searchOpenDialogs":true,"interaction":{"idSuffix":"content"}},"wdio_ui5_key":"reusablesview.manageresources.NewResourceUnitsap.m.StandardListItem{\"title\":\"Equipment\"}"}]}
RESULT: undefined
COMMAND: POST /session/fb20b4d5f8187ef355fd25bb9ed00552/element - {"using":"xpath","value":"//*[@id=\"__item181\"]"}
RESULT: {}
RESULT: {"using":"xpath","value":"//*[@id=\"__item181\"]"}
COMMAND: POST /session/fb20b4d5f8187ef355fd25bb9ed00552/element/f.8D83D8F609E9C53C70C061F545E12C0C.d.0FCC4F311883F7C7B37BD30AD374EEFA.e.3738/click - {}
RESULT: {}
COMMAND: POST /session/fb20b4d5f8187ef355fd25bb9ed00552/execute/async - {"script":"<script> [1562 bytes]","args":[{"selector":{"id":"application-manageresources-display-component---newResourceUnit--resourceId","interaction":{"idSuffix":"inner"}},"wdio_ui5_key":"applicationmanageresources-display-component---newResourceUnit--resourceId"}]}
COMMAND: GET /session/fb20b4d5f8187ef355fd25bb9ed00552/screenshot - {}
RESULT: {"script":"<script> [1562 bytes]","args":[{"selector":{"id":"application-manageresources-display-component---newResourceUnit--resourceId","interaction":{"idSuffix":"inner"}},"wdio_ui5_key":"applicationmanageresources-display-component---newResourceUnit--resourceId"}]}
RESULT: undefined
COMMAND: POST /session/fb20b4d5f8187ef355fd25bb9ed00552/execute/async - {"script":"<script> [776 bytes]","args":[{"enterText":"WdIOR2cEquip9g436i","selector":{"id":"application-manageresources-display-component---newResourceUnit--resourceId","interaction":{"idSuffix":"inner"}},"clearTextFirst":true,"interactionType":"ENTER_TEXT"}]}
RESULT: {}
RESULT: {"script":"<script> [776 bytes]","args":[{"enterText":"WdIOR2cEquip9g436i","selector":{"id":"application-manageresources-display-component---newResourceUnit--resourceId","interaction":{"idSuffix":"inner"}},"clearTextFirst":true,"interactionType":"ENTER_TEXT"}]}
COMMAND: POST /session/fb20b4d5f8187ef355fd25bb9ed00552/execute/async - {"script":"<script> [1562 bytes]","args":[{"selector":{"id":"application-manageresources-display-component---newResourceUnit--SHORT_TEXT","interaction":{"idSuffix":"inner"}},"wdio_ui5_key":"applicationmanageresources-display-component---newResourceUnit--SHORT_TEXT"}]}
RESULT: {"script":"<script> [1562 bytes]","args":[{"selector":{"id":"application-manageresources-display-component---newResourceUnit--SHORT_TEXT","interaction":{"idSuffix":"inner"}},"wdio_ui5_key":"applicationmanageresources-display-component---newResourceUnit--SHORT_TEXT"}]}
RESULT: undefined
COMMAND: POST /session/fb20b4d5f8187ef355fd25bb9ed00552/execute/async - {"script":"<script> [776 bytes]","args":[{"enterText":"WdIOR2cEquip9g436i","selector":{"id":"application-manageresources-display-component---newResourceUnit--SHORT_TEXT","interaction":{"idSuffix":"inner"}},"clearTextFirst":true,"interactionType":"ENTER_TEXT"}]}
RESULT: {"script":"<script> [776 bytes]","args":[{"enterText":"WdIOR2cEquip9g436i","selector":{"id":"application-manageresources-display-component---newResourceUnit--SHORT_TEXT","interaction":{"idSuffix":"inner"}},"clearTextFirst":true,"interactionType":"ENTER_TEXT"}]}
COMMAND: POST /session/fb20b4d5f8187ef355fd25bb9ed00552/execute/async - {"script":"<script> [1562 bytes]","args":[{"selector":{"id":"application-manageresources-display-component---newResourceUnit--BASE_UNIT_OF_MEASURE","interaction":{"idSuffix":"inner"}},"wdio_ui5_key":"applicationmanageresources-display-component---newResourceUnit--BASE_UNIT_OF_MEASURE"}]}
RESULT: {"script":"<script> [1562 bytes]","args":[{"selector":{"id":"application-manageresources-display-component---newResourceUnit--BASE_UNIT_OF_MEASURE","interaction":{"idSuffix":"inner"}},"wdio_ui5_key":"applicationmanageresources-display-component---newResourceUnit--BASE_UNIT_OF_MEASURE"}]}
RESULT: undefined
COMMAND: POST /session/fb20b4d5f8187ef355fd25bb9ed00552/execute/async - {"script":"<script> [776 bytes]","args":[{"enterText":"Piece","selector":{"id":"application-manageresources-display-component---newResourceUnit--BASE_UNIT_OF_MEASURE","interaction":{"idSuffix":"inner"}},"clearTextFirst":true,"interactionType":"ENTER_TEXT"}]}
RESULT: {"script":"<script> [776 bytes]","args":[{"enterText":"Piece","selector":{"id":"application-manageresources-display-component---newResourceUnit--BASE_UNIT_OF_MEASURE","interaction":{"idSuffix":"inner"}},"clearTextFirst":true,"interactionType":"ENTER_TEXT"}]}
COMMAND: POST /session/fb20b4d5f8187ef355fd25bb9ed00552/execute/async - {"script":"<script> [1562 bytes]","args":[{"selector":{"id":"application-manageresources-display-component---newResourceUnit--WEIGHT_UNIT","interaction":{"idSuffix":"inner"}},"wdio_ui5_key":"applicationmanageresources-display-component---newResourceUnit--WEIGHT_UNIT"}]}
RESULT: {"script":"<script> [1562 bytes]","args":[{"selector":{"id":"application-manageresources-display-component---newResourceUnit--WEIGHT_UNIT","interaction":{"idSuffix":"inner"}},"wdio_ui5_key":"applicationmanageresources-display-component---newResourceUnit--WEIGHT_UNIT"}]}
RESULT: undefined
COMMAND: POST /session/fb20b4d5f8187ef355fd25bb9ed00552/execute/async - {"script":"<script> [776 bytes]","args":[{"enterText":"Gram","selector":{"id":"application-manageresources-display-component---newResourceUnit--WEIGHT_UNIT","interaction":{"idSuffix":"inner"}},"clearTextFirst":true,"interactionType":"ENTER_TEXT"}]}
RESULT: {"script":"<script> [776 bytes]","args":[{"enterText":"Gram","selector":{"id":"application-manageresources-display-component---newResourceUnit--WEIGHT_UNIT","interaction":{"idSuffix":"inner"}},"clearTextFirst":true,"interactionType":"ENTER_TEXT"}]}
COMMAND: POST /session/fb20b4d5f8187ef355fd25bb9ed00552/execute/async - {"script":"<script> [1562 bytes]","args":[{"selector":{"id":"application-manageresources-display-component---newResourceUnit--newRRUPage-OPHeaderContent-collapseBtn-img"},"wdio_ui5_key":"applicationmanageresources-display-component---newResourceUnit--newRRUPage-OPHeaderContent-collapseBtn-img"}]}
RESULT: {"script":"<script> [1562 bytes]","args":[{"selector":{"id":"application-manageresources-display-component---newResourceUnit--newRRUPage-OPHeaderContent-collapseBtn-img"},"wdio_ui5_key":"applicationmanageresources-display-component---newResourceUnit--newRRUPage-OPHeaderContent-collapseBtn-img"}]}
RESULT: undefined
COMMAND: POST /session/fb20b4d5f8187ef355fd25bb9ed00552/element - {"using":"xpath","value":"//*[@id=\"application-manageresources-display-component---newResourceUnit--newRRUPage-OPHeaderContent-collapseBtn-img\"]"}
RESULT: {"using":"xpath","value":"//*[@id=\"application-manageresources-display-component---newResourceUnit--newRRUPage-OPHeaderContent-collapseBtn-img\"]"}
COMMAND: POST /session/fb20b4d5f8187ef355fd25bb9ed00552/element/f.8D83D8F609E9C53C70C061F545E12C0C.d.0FCC4F311883F7C7B37BD30AD374EEFA.e.3747/click - {}
RESULT: {}
COMMAND: GET /session/fb20b4d5f8187ef355fd25bb9ed00552/screenshot - {}
RESULT: {}
COMMAND: POST /session/fb20b4d5f8187ef355fd25bb9ed00552/element - {"using":"xpath","value":"(//span[contains(@id ,\"application-manageresources-display-component---newResourceUnit--DIMENSION_UNIT-arrow\")])[1]"}
RESULT: {"using":"xpath","value":"(//span[contains(@id ,\"application-manageresources-display-component---newResourceUnit--DIMENSION_UNIT-arrow\")])[1]"}
COMMAND: POST /session/fb20b4d5f8187ef355fd25bb9ed00552/element/f.8D83D8F609E9C53C70C061F545E12C0C.d.0FCC4F311883F7C7B37BD30AD374EEFA.e.3872/click - {}
RESULT: {}
COMMAND: GET /session/fb20b4d5f8187ef355fd25bb9ed00552/screenshot - {}
RESULT: {}
COMMAND: POST /session/fb20b4d5f8187ef355fd25bb9ed00552/execute/async - {"script":"<script> [1562 bytes]","args":[{"selector":{"controlType":"sap.m.StandardListItem","viewName":"reusables.view.manageresources.NewResourceUnit","viewId":"application-manageresources-display-component---newResourceUnit","properties":{"title":"Centimeter"},"searchOpenDialogs":true,"interaction":{"idSuffix":"titleText"}},"wdio_ui5_key":"reusablesview.manageresources.NewResourceUnitsap.m.StandardListItem{\"title\":\"Centimeter\"}"}]}
RESULT: {"script":"<script> [1562 bytes]","args":[{"selector":{"controlType":"sap.m.StandardListItem","viewName":"reusables.view.manageresources.NewResourceUnit","viewId":"application-manageresources-display-component---newResourceUnit","properties":{"title":"Centimeter"},"searchOpenDialogs":true,"interaction":{"idSuffix":"titleText"}},"wdio_ui5_key":"reusablesview.manageresources.NewResourceUnitsap.m.StandardListItem{\"title\":\"Centimeter\"}"}]}
RESULT: undefined
COMMAND: POST /session/fb20b4d5f8187ef355fd25bb9ed00552/element - {"using":"xpath","value":"//*[@id=\"__item224\"]"}
RESULT: {"using":"xpath","value":"//*[@id=\"__item224\"]"}
COMMAND: POST /session/fb20b4d5f8187ef355fd25bb9ed00552/element/f.8D83D8F609E9C53C70C061F545E12C0C.d.0FCC4F311883F7C7B37BD30AD374EEFA.e.3874/click - {}
RESULT: {}
COMMAND: GET /session/fb20b4d5f8187ef355fd25bb9ed00552/screenshot - {}
RESULT: {}
COMMAND: POST /session/fb20b4d5f8187ef355fd25bb9ed00552/execute/async - {"script":"<script> [1562 bytes]","args":[{"selector":{"id":"application-manageresources-display-component---newResourceUnit--newRRUPage-anchBar-application-manageresources-display-component---newResourceUnit--control-anchor","interaction":{"idSuffix":"BDI-content"}},"wdio_ui5_key":"applicationmanageresources-display-component---newResourceUnit--newRRUPage-anchBar-application-manageresources-display-component---newResourceUnit--control-anchor"}]}
RESULT: {"script":"<script> [1562 bytes]","args":[{"selector":{"id":"application-manageresources-display-component---newResourceUnit--newRRUPage-anchBar-application-manageresources-display-component---newResourceUnit--control-anchor","interaction":{"idSuffix":"BDI-content"}},"wdio_ui5_key":"applicationmanageresources-display-component---newResourceUnit--newRRUPage-anchBar-application-manageresources-display-component---newResourceUnit--control-anchor"}]}
RESULT: undefined
COMMAND: POST /session/fb20b4d5f8187ef355fd25bb9ed00552/element - {"using":"xpath","value":"//*[@id=\"application-manageresources-display-component---newResourceUnit--newRRUPage-anchBar-application-manageresources-display-component---newResourceUnit--control-anchor\"]"}
RESULT: {"using":"xpath","value":"//*[@id=\"application-manageresources-display-component---newResourceUnit--newRRUPage-anchBar-application-manageresources-display-component---newResourceUnit--control-anchor\"]"}
COMMAND: POST /session/fb20b4d5f8187ef355fd25bb9ed00552/element/f.8D83D8F609E9C53C70C061F545E12C0C.d.0FCC4F311883F7C7B37BD30AD374EEFA.e.3876/click - {}
RESULT: {}
COMMAND: POST /session/fb20b4d5f8187ef355fd25bb9ed00552/execute/async - {"script":"<script> [1562 bytes]","args":[{"selector":{"id":"application-manageresources-display-component---newResourceUnit--PLANNING_GROUP","interaction":{"idSuffix":"inner"}},"wdio_ui5_key":"applicationmanageresources-display-component---newResourceUnit--PLANNING_GROUP"}]}
COMMAND: GET /session/fb20b4d5f8187ef355fd25bb9ed00552/screenshot - {}
RESULT: {"script":"<script> [1562 bytes]","args":[{"selector":{"id":"application-manageresources-display-component---newResourceUnit--PLANNING_GROUP","interaction":{"idSuffix":"inner"}},"wdio_ui5_key":"applicationmanageresources-display-component---newResourceUnit--PLANNING_GROUP"}]}
RESULT: undefined
COMMAND: POST /session/fb20b4d5f8187ef355fd25bb9ed00552/execute/async - {"script":"<script> [776 bytes]","args":[{"enterText":"Heavy Equi","selector":{"id":"application-manageresources-display-component---newResourceUnit--PLANNING_GROUP","interaction":{"idSuffix":"inner"}},"clearTextFirst":true,"interactionType":"ENTER_TEXT"}]}
RESULT: {}
RESULT: {"script":"<script> [776 bytes]","args":[{"enterText":"Heavy Equi","selector":{"id":"application-manageresources-display-component---newResourceUnit--PLANNING_GROUP","interaction":{"idSuffix":"inner"}},"clearTextFirst":true,"interactionType":"ENTER_TEXT"}]}
COMMAND: POST /session/fb20b4d5f8187ef355fd25bb9ed00552/execute/async - {"script":"<script> [1562 bytes]","args":[{"selector":{"id":"application-manageresources-display-component---newResourceUnit--ITEM_TYPE-arrow"},"wdio_ui5_key":"applicationmanageresources-display-component---newResourceUnit--ITEM_TYPE-arrow"}]}
RESULT: {"script":"<script> [1562 bytes]","args":[{"selector":{"id":"application-manageresources-display-component---newResourceUnit--ITEM_TYPE-arrow"},"wdio_ui5_key":"applicationmanageresources-display-component---newResourceUnit--ITEM_TYPE-arrow"}]}
RESULT: undefined
COMMAND: POST /session/fb20b4d5f8187ef355fd25bb9ed00552/element - {"using":"xpath","value":"//*[@id=\"application-manageresources-display-component---newResourceUnit--ITEM_TYPE-arrow\"]"}
RESULT: {"using":"xpath","value":"//*[@id=\"application-manageresources-display-component---newResourceUnit--ITEM_TYPE-arrow\"]"}
COMMAND: POST /session/fb20b4d5f8187ef355fd25bb9ed00552/element/f.8D83D8F609E9C53C70C061F545E12C0C.d.0FCC4F311883F7C7B37BD30AD374EEFA.e.3881/click - {}
RESULT: {}
COMMAND: POST /session/fb20b4d5f8187ef355fd25bb9ed00552/execute/async - {"script":"<script> [1562 bytes]","args":[{"selector":{"controlType":"sap.m.StandardListItem","viewName":"reusables.view.manageresources.NewResourceUnit","viewId":"application-manageresources-display-component---newResourceUnit","properties":{"title":"Resource Unit"},"searchOpenDialogs":true,"interaction":{"idSuffix":"titleText"}},"wdio_ui5_key":"reusablesview.manageresources.NewResourceUnitsap.m.StandardListItem{\"title\":\"Resource Unit\"}"}]}
COMMAND: GET /session/fb20b4d5f8187ef355fd25bb9ed00552/screenshot - {}
RESULT: {"script":"<script> [1562 bytes]","args":[{"selector":{"controlType":"sap.m.StandardListItem","viewName":"reusables.view.manageresources.NewResourceUnit","viewId":"application-manageresources-display-component---newResourceUnit","properties":{"title":"Resource Unit"},"searchOpenDialogs":true,"interaction":{"idSuffix":"titleText"}},"wdio_ui5_key":"reusablesview.manageresources.NewResourceUnitsap.m.StandardListItem{\"title\":\"Resource Unit\"}"}]}
RESULT: undefined
COMMAND: POST /session/fb20b4d5f8187ef355fd25bb9ed00552/element - {"using":"xpath","value":"//*[@id=\"__item246\"]"}
RESULT: {}
RESULT: {"using":"xpath","value":"//*[@id=\"__item246\"]"}
COMMAND: POST /session/fb20b4d5f8187ef355fd25bb9ed00552/element/f.8D83D8F609E9C53C70C061F545E12C0C.d.0FCC4F311883F7C7B37BD30AD374EEFA.e.3883/click - {}
RESULT: {}
COMMAND: POST /session/fb20b4d5f8187ef355fd25bb9ed00552/element - {"using":"xpath","value":"//bdi[contains(text(), \"Time Segment\")]"}
COMMAND: GET /session/fb20b4d5f8187ef355fd25bb9ed00552/screenshot - {}
RESULT: {"using":"xpath","value":"//bdi[contains(text(), \"Time Segment\")]"}
COMMAND: GET /session/fb20b4d5f8187ef355fd25bb9ed00552/element/f.8D83D8F609E9C53C70C061F545E12C0C.d.0FCC4F311883F7C7B37BD30AD374EEFA.e.3884/rect - {}
RESULT: {}
RESULT: {}
COMMAND: GET /session/fb20b4d5f8187ef355fd25bb9ed00552/window/rect - {}
RESULT: {}
COMMAND: POST /session/fb20b4d5f8187ef355fd25bb9ed00552/execute/sync - {"script":"<script> [92 bytes]","args":[]}
RESULT: {"script":"<script> [92 bytes]","args":[]}
COMMAND: POST /session/fb20b4d5f8187ef355fd25bb9ed00552/actions - {"actions":[{"id":"action7","type":"wheel","parameters":{},"actions":[{"type":"scroll","x":-1820,"y":-21,"deltaX":0,"deltaY":0,"duration":0,"origin":{"element-6066-11e4-a52e-4f735466cecf":"f.8D83D8F609E9C53C70C061F545E12C0C.d.0FCC4F311883F7C7B37BD30AD374EEFA.e.3884"}}]}]}
COMMAND: GET /session/fb20b4d5f8187ef355fd25bb9ed00552/screenshot - {}
RESULT: {}
COMMAND: POST /session/fb20b4d5f8187ef355fd25bb9ed00552/execute/sync - {"script":"<script> [79 bytes]","args":[{"element-6066-11e4-a52e-4f735466cecf":"f.8D83D8F609E9C53C70C061F545E12C0C.d.0FCC4F311883F7C7B37BD30AD374EEFA.e.3884","ELEMENT":"f.8D83D8F609E9C53C70C061F545E12C0C.d.0FCC4F311883F7C7B37BD30AD374EEFA.e.3884"},{"block":"start","inline":"nearest"}]}
RESULT: {"script":"<script> [79 bytes]","args":[{"element-6066-11e4-a52e-4f735466cecf":"f.8D83D8F609E9C53C70C061F545E12C0C.d.0FCC4F311883F7C7B37BD30AD374EEFA.e.3884","ELEMENT":"f.8D83D8F609E9C53C70C061F545E12C0C.d.0FCC4F311883F7C7B37BD30AD374EEFA.e.3884"},{"block":"start","inline":"nearest"}]}
COMMAND: POST /session/fb20b4d5f8187ef355fd25bb9ed00552/execute/async - {"script":"<script> [1562 bytes]","args":[{"selector":{"id":"application-manageresources-display-component---newResourceUnit--btnAddTimeSegment-img"},"wdio_ui5_key":"applicationmanageresources-display-component---newResourceUnit--btnAddTimeSegment-img"}]}
COMMAND: GET /session/fb20b4d5f8187ef355fd25bb9ed00552/screenshot - {}
RESULT: {"script":"<script> [1562 bytes]","args":[{"selector":{"id":"application-manageresources-display-component---newResourceUnit--btnAddTimeSegment-img"},"wdio_ui5_key":"applicationmanageresources-display-component---newResourceUnit--btnAddTimeSegment-img"}]}
RESULT: undefined
COMMAND: POST /session/fb20b4d5f8187ef355fd25bb9ed00552/element - {"using":"xpath","value":"//*[@id=\"application-manageresources-display-component---newResourceUnit--btnAddTimeSegment-img\"]"}
RESULT: {}
RESULT: {"using":"xpath","value":"//*[@id=\"application-manageresources-display-component---newResourceUnit--btnAddTimeSegment-img\"]"}
COMMAND: POST /session/fb20b4d5f8187ef355fd25bb9ed00552/element/f.8D83D8F609E9C53C70C061F545E12C0C.d.0FCC4F311883F7C7B37BD30AD374EEFA.e.3885/click - {}
RESULT: {}
COMMAND: GET /session/fb20b4d5f8187ef355fd25bb9ed00552/screenshot - {}
RESULT: {}
COMMAND: POST /session/fb20b4d5f8187ef355fd25bb9ed00552/element - {"using":"xpath","value":"//input[@id=\"application-manageresources-display-component---newResourceUnit--idRuTSAdmin-application-manageresources-display-component---newResourceUnit--RUTimeSegment-0-inner\"]"}
RESULT: {"using":"xpath","value":"//input[@id=\"application-manageresources-display-component---newResourceUnit--idRuTSAdmin-application-manageresources-display-component---newResourceUnit--RUTimeSegment-0-inner\"]"}
COMMAND: POST /session/fb20b4d5f8187ef355fd25bb9ed00552/element/f.8D83D8F609E9C53C70C061F545E12C0C.d.0FCC4F311883F7C7B37BD30AD374EEFA.e.3891/clear - {}
RESULT: {}
COMMAND: POST /session/fb20b4d5f8187ef355fd25bb9ed00552/element/f.8D83D8F609E9C53C70C061F545E12C0C.d.0FCC4F311883F7C7B37BD30AD374EEFA.e.3891/value - {"text":"WebdriverYardc3n9w"}
COMMAND: GET /session/fb20b4d5f8187ef355fd25bb9ed00552/screenshot - {}
RESULT: {"text":"WebdriverYardc3n9w"}
COMMAND: GET /session/fb20b4d5f8187ef355fd25bb9ed00552/screenshot - {}
RESULT: {}
RESULT: {}
COMMAND: POST /session/fb20b4d5f8187ef355fd25bb9ed00552/actions - {"actions":[{"id":"action8","type":"key","parameters":{},"actions":[{"type":"keyDown","value":"î€‡"},{"type":"pause","duration":10},{"type":"keyUp","value":"î€‡"}]}]}
RESULT: {"actions":[{"id":"action8","type":"key","parameters":{},"actions":[{"type":"keyDown","value":"î€‡"},{"type":"pause","duration":10},{"type":"keyUp","value":"î€‡"}]}]}
COMMAND: POST /session/fb20b4d5f8187ef355fd25bb9ed00552/execute/async - {"script":"<script> [1562 bytes]","args":[{"selector":{"controlType":"sap.ui.core.Icon","viewName":"reusables.view.manageresources.NewResourceUnit","viewId":"application-manageresources-display-component---newResourceUnit","properties":{"src":{"regex":{"source":"slim\\-arrow\\-down"}}},"ancestor":{"controlType":"sap.m.ComboBox","viewName":"reusables.view.manageresources.NewResourceUnit","viewId":"application-manageresources-display-component---newResourceUnit","bindingPath":{"path":"/RESOURCE_UNIT_TIME_SEQUENCES/0","propertyPath":"COST_OBJECT_ADMIN_CST_TYPE","modelName":"oNewRruModel"}}},"wdio_ui5_key":"reusablesview.manageresources.NewResourceUnitsap.ui.core.Icon{\"src\":{\"regex\":{\"source\":\"slim\\\\-arrow\\\\-down\"}}}{\"controlType\":\"sap.m.ComboBox\",\"viewName\":\"reusables.view.manageresources.NewResourceUnit\",\"viewId\":\"application-manageresources-display-component---newResourceUnit\",\"bindingPath\":{\"path\":\"/RESOURCE_UNIT_TIME_SEQUENCES/0\",\"propertyPath\":\"COST_OBJECT_ADMIN_CST_TYPE\",\"modelName\":\"oNewRruModel\"}}"}]}
COMMAND: GET /session/fb20b4d5f8187ef355fd25bb9ed00552/screenshot - {}
RESULT: {"script":"<script> [1562 bytes]","args":[{"selector":{"controlType":"sap.ui.core.Icon","viewName":"reusables.view.manageresources.NewResourceUnit","viewId":"application-manageresources-display-component---newResourceUnit","properties":{"src":{"regex":{"source":"slim\\-arrow\\-down"}}},"ancestor":{"controlType":"sap.m.ComboBox","viewName":"reusables.view.manageresources.NewResourceUnit","viewId":"application-manageresources-display-component---newResourceUnit","bindingPath":{"path":"/RESOURCE_UNIT_TIME_SEQUENCES/0","propertyPath":"COST_OBJECT_ADMIN_CST_TYPE","modelName":"oNewRruModel"}}},"wdio_ui5_key":"reusablesview.manageresources.NewResourceUnitsap.ui.core.Icon{\"src\":{\"regex\":{\"source\":\"slim\\\\-arrow\\\\-down\"}}}{\"controlType\":\"sap.m.ComboBox\",\"viewName\":\"reusables.view.manageresources.NewResourceUnit\",\"viewId\":\"application-manageresources-display-component---newResourceUnit\",\"bindingPath\":{\"path\":\"/RESOURCE_UNIT_TIME_SEQUENCES/0\",\"propertyPath\":\"COST_OBJECT_ADMIN_CST_TYPE\",\"modelName\":\"oNewRruModel\"}}"}]}
RESULT: undefined
COMMAND: POST /session/fb20b4d5f8187ef355fd25bb9ed00552/element - {"using":"xpath","value":"//*[@id=\"__box7-application-manageresources-display-component---newResourceUnit--RUTimeSegment-0-arrow\"]"}
RESULT: {}
RESULT: {"using":"xpath","value":"//*[@id=\"__box7-application-manageresources-display-component---newResourceUnit--RUTimeSegment-0-arrow\"]"}
COMMAND: POST /session/fb20b4d5f8187ef355fd25bb9ed00552/element/f.8D83D8F609E9C53C70C061F545E12C0C.d.0FCC4F311883F7C7B37BD30AD374EEFA.e.3903/click - {}
RESULT: {}
COMMAND: POST /session/fb20b4d5f8187ef355fd25bb9ed00552/execute/async - {"script":"<script> [1562 bytes]","args":[{"selector":{"controlType":"sap.m.StandardListItem","viewName":"reusables.view.manageresources.NewResourceUnit","viewId":"application-manageresources-display-component---newResourceUnit","properties":{"title":"PM Order"},"searchOpenDialogs":true,"interaction":{"idSuffix":"titleText"}},"wdio_ui5_key":"reusablesview.manageresources.NewResourceUnitsap.m.StandardListItem{\"title\":\"PM Order\"}"}]}
COMMAND: GET /session/fb20b4d5f8187ef355fd25bb9ed00552/screenshot - {}
RESULT: {"script":"<script> [1562 bytes]","args":[{"selector":{"controlType":"sap.m.StandardListItem","viewName":"reusables.view.manageresources.NewResourceUnit","viewId":"application-manageresources-display-component---newResourceUnit","properties":{"title":"PM Order"},"searchOpenDialogs":true,"interaction":{"idSuffix":"titleText"}},"wdio_ui5_key":"reusablesview.manageresources.NewResourceUnitsap.m.StandardListItem{\"title\":\"PM Order\"}"}]}
RESULT: undefined
COMMAND: POST /session/fb20b4d5f8187ef355fd25bb9ed00552/element - {"using":"xpath","value":"//*[@id=\"__item814\"]"}
RESULT: {}
RESULT: {"using":"xpath","value":"//*[@id=\"__item814\"]"}
COMMAND: POST /session/fb20b4d5f8187ef355fd25bb9ed00552/element/f.8D83D8F609E9C53C70C061F545E12C0C.d.0FCC4F311883F7C7B37BD30AD374EEFA.e.3907/click - {}
RESULT: {}
COMMAND: GET /session/fb20b4d5f8187ef355fd25bb9ed00552/screenshot - {}
RESULT: {}
COMMAND: POST /session/fb20b4d5f8187ef355fd25bb9ed00552/element - {"using":"xpath","value":"(//input[contains(@id ,\"-application-manageresources-display-component---newResourceUnit--RUTimeSegment-0-inner\")])[8]"}
RESULT: {"using":"xpath","value":"(//input[contains(@id ,\"-application-manageresources-display-component---newResourceUnit--RUTimeSegment-0-inner\")])[8]"}
COMMAND: POST /session/fb20b4d5f8187ef355fd25bb9ed00552/element/f.8D83D8F609E9C53C70C061F545E12C0C.d.0FCC4F311883F7C7B37BD30AD374EEFA.e.3910/clear - {}
RESULT: {}
COMMAND: POST /session/fb20b4d5f8187ef355fd25bb9ed00552/element/f.8D83D8F609E9C53C70C061F545E12C0C.d.0FCC4F311883F7C7B37BD30AD374EEFA.e.3910/value - {"text":"4000360"}
COMMAND: GET /session/fb20b4d5f8187ef355fd25bb9ed00552/screenshot - {}
RESULT: {"text":"4000360"}
COMMAND: GET /session/fb20b4d5f8187ef355fd25bb9ed00552/screenshot - {}
RESULT: {}
RESULT: {}
COMMAND: POST /session/fb20b4d5f8187ef355fd25bb9ed00552/actions - {"actions":[{"id":"action9","type":"key","parameters":{},"actions":[{"type":"keyDown","value":"î€‡"},{"type":"pause","duration":10},{"type":"keyUp","value":"î€‡"}]}]}
RESULT: {"actions":[{"id":"action9","type":"key","parameters":{},"actions":[{"type":"keyDown","value":"î€‡"},{"type":"pause","duration":10},{"type":"keyUp","value":"î€‡"}]}]}
COMMAND: GET /session/fb20b4d5f8187ef355fd25bb9ed00552/screenshot - {}
RESULT: {}
COMMAND: POST /session/fb20b4d5f8187ef355fd25bb9ed00552/element - {"using":"xpath","value":"//input[contains(@id ,\"application-manageresources-display-component---newResourceUnit--newTimeSegmentFromDatePicker-application-manageresources-display-component---newResourceUnit--RUTimeSegment-0-inner\")]"}
RESULT: {"using":"xpath","value":"//input[contains(@id ,\"application-manageresources-display-component---newResourceUnit--newTimeSegmentFromDatePicker-application-manageresources-display-component---newResourceUnit--RUTimeSegment-0-inner\")]"}
COMMAND: POST /session/fb20b4d5f8187ef355fd25bb9ed00552/element/f.8D83D8F609E9C53C70C061F545E12C0C.d.0FCC4F311883F7C7B37BD30AD374EEFA.e.3898/clear - {}
RESULT: {}
COMMAND: POST /session/fb20b4d5f8187ef355fd25bb9ed00552/element/f.8D83D8F609E9C53C70C061F545E12C0C.d.0FCC4F311883F7C7B37BD30AD374EEFA.e.3898/clear - {}
COMMAND: GET /session/fb20b4d5f8187ef355fd25bb9ed00552/screenshot - {}
RESULT: {}
COMMAND: POST /session/fb20b4d5f8187ef355fd25bb9ed00552/element/f.8D83D8F609E9C53C70C061F545E12C0C.d.0FCC4F311883F7C7B37BD30AD374EEFA.e.3898/value - {"text":"05/29/24"}
COMMAND: GET /session/fb20b4d5f8187ef355fd25bb9ed00552/screenshot - {}
RESULT: {}
RESULT: {"text":"05/29/24"}
COMMAND: POST /session/fb20b4d5f8187ef355fd25bb9ed00552/execute/async - {"script":"<script> [1562 bytes]","args":[{"selector":{"id":"application-manageresources-display-component---newResourceUnit--newRRUPage-anchBar-application-manageresources-display-component---newResourceUnit--resource-anchor","interaction":{"idSuffix":"BDI-content"}},"wdio_ui5_key":"applicationmanageresources-display-component---newResourceUnit--newRRUPage-anchBar-application-manageresources-display-component---newResourceUnit--resource-anchor"}]}
COMMAND: GET /session/fb20b4d5f8187ef355fd25bb9ed00552/screenshot - {}
RESULT: {}
RESULT: {"script":"<script> [1562 bytes]","args":[{"selector":{"id":"application-manageresources-display-component---newResourceUnit--newRRUPage-anchBar-application-manageresources-display-component---newResourceUnit--resource-anchor","interaction":{"idSuffix":"BDI-content"}},"wdio_ui5_key":"applicationmanageresources-display-component---newResourceUnit--newRRUPage-anchBar-application-manageresources-display-component---newResourceUnit--resource-anchor"}]}
RESULT: undefined
COMMAND: POST /session/fb20b4d5f8187ef355fd25bb9ed00552/element - {"using":"xpath","value":"//*[@id=\"application-manageresources-display-component---newResourceUnit--newRRUPage-anchBar-application-manageresources-display-component---newResourceUnit--resource-anchor\"]"}
RESULT: {}
RESULT: {"using":"xpath","value":"//*[@id=\"application-manageresources-display-component---newResourceUnit--newRRUPage-anchBar-application-manageresources-display-component---newResourceUnit--resource-anchor\"]"}
COMMAND: POST /session/fb20b4d5f8187ef355fd25bb9ed00552/element/f.8D83D8F609E9C53C70C061F545E12C0C.d.0FCC4F311883F7C7B37BD30AD374EEFA.e.3931/click - {}
RESULT: {}
COMMAND: POST /session/fb20b4d5f8187ef355fd25bb9ed00552/execute/async - {"script":"<script> [1562 bytes]","args":[{"selector":{"id":"application-manageresources-display-component---newResourceUnit--PLANNED_DELIVERY_DATE","interaction":{"idSuffix":"inner"}},"wdio_ui5_key":"applicationmanageresources-display-component---newResourceUnit--PLANNED_DELIVERY_DATE"}]}
COMMAND: GET /session/fb20b4d5f8187ef355fd25bb9ed00552/screenshot - {}
RESULT: {"script":"<script> [1562 bytes]","args":[{"selector":{"id":"application-manageresources-display-component---newResourceUnit--PLANNED_DELIVERY_DATE","interaction":{"idSuffix":"inner"}},"wdio_ui5_key":"applicationmanageresources-display-component---newResourceUnit--PLANNED_DELIVERY_DATE"}]}
RESULT: undefined
COMMAND: POST /session/fb20b4d5f8187ef355fd25bb9ed00552/execute/async - {"script":"<script> [6424 bytes]","args":[{"element-6066-11e4-a52e-4f735466cecf":"f.8D83D8F609E9C53C70C061F545E12C0C.d.0FCC4F311883F7C7B37BD30AD374EEFA.e.3792"},"setValue",["05/29/24"]]}
RESULT: {}
RESULT: {"script":"<script> [6424 bytes]","args":[{"element-6066-11e4-a52e-4f735466cecf":"f.8D83D8F609E9C53C70C061F545E12C0C.d.0FCC4F311883F7C7B37BD30AD374EEFA.e.3792"},"setValue",["05/29/24"]]}
COMMAND: POST /session/fb20b4d5f8187ef355fd25bb9ed00552/execute/async - {"script":"<script> [1562 bytes]","args":[{"selector":{"id":"application-manageresources-display-component---newResourceUnit--RETIRE_PLANNED_DATE","interaction":{"idSuffix":"inner"}},"wdio_ui5_key":"applicationmanageresources-display-component---newResourceUnit--RETIRE_PLANNED_DATE"}]}
RESULT: {"script":"<script> [1562 bytes]","args":[{"selector":{"id":"application-manageresources-display-component---newResourceUnit--RETIRE_PLANNED_DATE","interaction":{"idSuffix":"inner"}},"wdio_ui5_key":"applicationmanageresources-display-component---newResourceUnit--RETIRE_PLANNED_DATE"}]}
RESULT: undefined
COMMAND: POST /session/fb20b4d5f8187ef355fd25bb9ed00552/execute/async - {"script":"<script> [776 bytes]","args":[{"enterText":"3/14/29","selector":{"id":"application-manageresources-display-component---newResourceUnit--RETIRE_PLANNED_DATE","interaction":{"idSuffix":"inner"}},"clearTextFirst":true,"interactionType":"ENTER_TEXT"}]}
RESULT: {"script":"<script> [776 bytes]","args":[{"enterText":"3/14/29","selector":{"id":"application-manageresources-display-component---newResourceUnit--RETIRE_PLANNED_DATE","interaction":{"idSuffix":"inner"}},"clearTextFirst":true,"interactionType":"ENTER_TEXT"}]}
COMMAND: POST /session/fb20b4d5f8187ef355fd25bb9ed00552/execute/async - {"script":"<script> [1562 bytes]","args":[{"selector":{"controlType":"sap.m.Button","viewName":"reusables.view.manageresources.NewResourceUnit","viewId":"application-manageresources-display-component---newResourceUnit","i18NText":{"propertyName":"tooltip","key":"save"},"interaction":{"idSuffix":"BDI-content"}},"wdio_ui5_key":"reusablesview.manageresources.NewResourceUnitsap.m.Button{\"propertyName\":\"tooltip\",\"key\":\"save\"}"}]}
RESULT: {"script":"<script> [1562 bytes]","args":[{"selector":{"controlType":"sap.m.Button","viewName":"reusables.view.manageresources.NewResourceUnit","viewId":"application-manageresources-display-component---newResourceUnit","i18NText":{"propertyName":"tooltip","key":"save"},"interaction":{"idSuffix":"BDI-content"}},"wdio_ui5_key":"reusablesview.manageresources.NewResourceUnitsap.m.Button{\"propertyName\":\"tooltip\",\"key\":\"save\"}"}]}
RESULT: undefined
COMMAND: POST /session/fb20b4d5f8187ef355fd25bb9ed00552/element - {"using":"xpath","value":"//*[@id=\"application-manageresources-display-component---newResourceUnit--createRuButton\"]"}
RESULT: {"using":"xpath","value":"//*[@id=\"application-manageresources-display-component---newResourceUnit--createRuButton\"]"}
COMMAND: POST /session/fb20b4d5f8187ef355fd25bb9ed00552/element/f.8D83D8F609E9C53C70C061F545E12C0C.d.0FCC4F311883F7C7B37BD30AD374EEFA.e.3753/click - {}
RESULT: {}
COMMAND: GET /session/fb20b4d5f8187ef355fd25bb9ed00552/screenshot - {}
RESULT: {}
COMMAND: POST /session/fb20b4d5f8187ef355fd25bb9ed00552/execute/async - {"script":"<script> [1562 bytes]","args":[{"selector":{"controlType":"sap.m.Button","properties":{"text":"Close"},"searchOpenDialogs":true,"interaction":{"idSuffix":"inner"}},"wdio_ui5_key":"sapm.Button{\"text\":\"Close\"}"}]}
RESULT: {"script":"<script> [1562 bytes]","args":[{"selector":{"controlType":"sap.m.Button","properties":{"text":"Close"},"searchOpenDialogs":true,"interaction":{"idSuffix":"inner"}},"wdio_ui5_key":"sapm.Button{\"text\":\"Close\"}"}]}
RESULT: undefined
COMMAND: POST /session/fb20b4d5f8187ef355fd25bb9ed00552/element - {"using":"xpath","value":"//*[@id=\"__mbox-btn-0\"]"}
RESULT: {"using":"xpath","value":"//*[@id=\"__mbox-btn-0\"]"}
COMMAND: POST /session/fb20b4d5f8187ef355fd25bb9ed00552/element/f.8D83D8F609E9C53C70C061F545E12C0C.d.0FCC4F311883F7C7B37BD30AD374EEFA.e.3941/click - {}
RESULT: {}
COMMAND: GET /session/fb20b4d5f8187ef355fd25bb9ed00552/screenshot - {}
RESULT: {}
COMMAND: POST /session/fb20b4d5f8187ef355fd25bb9ed00552/execute/async - {"script":"<script> [1562 bytes]","args":[{"selector":{"controlType":"sap.m.Text","viewName":"etm.portal.ui.manageresources.view.Detail","viewId":"application-manageresources-display-component---detailRU","bindingPath":{"propertyPath":"ID","modelName":"catalogModel"}},"wdio_ui5_key":"etmportal.ui.manageresources.view.Detailsap.m.Text{\"propertyPath\":\"ID\",\"modelName\":\"catalogModel\"}"}]}
RESULT: {"script":"<script> [1562 bytes]","args":[{"selector":{"controlType":"sap.m.Text","viewName":"etm.portal.ui.manageresources.view.Detail","viewId":"application-manageresources-display-component---detailRU","bindingPath":{"propertyPath":"ID","modelName":"catalogModel"}},"wdio_ui5_key":"etmportal.ui.manageresources.view.Detailsap.m.Text{\"propertyPath\":\"ID\",\"modelName\":\"catalogModel\"}"}]}
RESULT: undefined
COMMAND: POST /session/fb20b4d5f8187ef355fd25bb9ed00552/execute/async - {"script":"<script> [6424 bytes]","args":[{"element-6066-11e4-a52e-4f735466cecf":"f.8D83D8F609E9C53C70C061F545E12C0C.d.0FCC4F311883F7C7B37BD30AD374EEFA.e.3998"},"getText",[]]}
RESULT: {"script":"<script> [6424 bytes]","args":[{"element-6066-11e4-a52e-4f735466cecf":"f.8D83D8F609E9C53C70C061F545E12C0C.d.0FCC4F311883F7C7B37BD30AD374EEFA.e.3998"},"getText",[]]}
COMMAND: POST /session/fb20b4d5f8187ef355fd25bb9ed00552/element - {"using":"css selector","value":"#shell-header-logo"}
RESULT: {"using":"css selector","value":"#shell-header-logo"}
COMMAND: POST /session/fb20b4d5f8187ef355fd25bb9ed00552/element/f.8D83D8F609E9C53C70C061F545E12C0C.d.0FCC4F311883F7C7B37BD30AD374EEFA.e.3328/click - {}
RESULT: {}
COMMAND: GET /session/fb20b4d5f8187ef355fd25bb9ed00552/screenshot - {}
RESULT: {}
COMMAND: POST /session/fb20b4d5f8187ef355fd25bb9ed00552/execute/async - {"script":"<script> [1562 bytes]","args":[{"selector":{"controlType":"sap.m.GenericTile","properties":{"header":"Manage Catalogs"}},"wdio_ui5_key":"sapm.GenericTile{\"header\":\"Manage Catalogs\"}"}]}
RESULT: {"script":"<script> [1562 bytes]","args":[{"selector":{"controlType":"sap.m.GenericTile","properties":{"header":"Manage Catalogs"}},"wdio_ui5_key":"sapm.GenericTile{\"header\":\"Manage Catalogs\"}"}]}
RESULT: undefined
COMMAND: POST /session/fb20b4d5f8187ef355fd25bb9ed00552/element - {"using":"xpath","value":"//*[@id=\"__tile37\"]"}
RESULT: {"using":"xpath","value":"//*[@id=\"__tile37\"]"}
COMMAND: POST /session/fb20b4d5f8187ef355fd25bb9ed00552/element/f.8D83D8F609E9C53C70C061F545E12C0C.d.0FCC4F311883F7C7B37BD30AD374EEFA.e.4000/click - {}
RESULT: {}
COMMAND: GET /session/fb20b4d5f8187ef355fd25bb9ed00552/screenshot - {}
RESULT: {}
COMMAND: POST /session/fb20b4d5f8187ef355fd25bb9ed00552/execute/async - {"script":"<script> [1562 bytes]","args":[{"selector":{"controlType":"sap.m.Text","viewName":"etm.portal.ui.managecatalogs.view.MasterCatalogs","viewId":"application-managecatalogs-display-component---masterCatalogs","bindingPath":{"path":"/Catalogs('0D7502D073D53A0F1700BE067B89AFF9')","propertyPath":"DESCRIPTION","modelName":"catalogModel"}},"wdio_ui5_key":"etmportal.ui.managecatalogs.view.MasterCatalogssap.m.Text{\"path\":\"/Catalogs('0D7502D073D53A0F1700BE067B89AFF9')\",\"propertyPath\":\"DESCRIPTION\",\"modelName\":\"catalogModel\"}"}]}
RESULT: {"script":"<script> [1562 bytes]","args":[{"selector":{"controlType":"sap.m.Text","viewName":"etm.portal.ui.managecatalogs.view.MasterCatalogs","viewId":"application-managecatalogs-display-component---masterCatalogs","bindingPath":{"path":"/Catalogs('0D7502D073D53A0F1700BE067B89AFF9')","propertyPath":"DESCRIPTION","modelName":"catalogModel"}},"wdio_ui5_key":"etmportal.ui.managecatalogs.view.MasterCatalogssap.m.Text{\"path\":\"/Catalogs('0D7502D073D53A0F1700BE067B89AFF9')\",\"propertyPath\":\"DESCRIPTION\",\"modelName\":\"catalogModel\"}"}]}
RESULT: undefined
COMMAND: POST /session/fb20b4d5f8187ef355fd25bb9ed00552/element - {"using":"xpath","value":"//*[@id=\"__text939-application-managecatalogs-display-component---masterCatalogs--CatalogsTable-11\"]"}
RESULT: {"using":"xpath","value":"//*[@id=\"__text939-application-managecatalogs-display-component---masterCatalogs--CatalogsTable-11\"]"}
COMMAND: POST /session/fb20b4d5f8187ef355fd25bb9ed00552/element/f.8D83D8F609E9C53C70C061F545E12C0C.d.0FCC4F311883F7C7B37BD30AD374EEFA.e.4068/click - {}
RESULT: {}
COMMAND: POST /session/fb20b4d5f8187ef355fd25bb9ed00552/execute/async - {"script":"<script> [1562 bytes]","args":[{"selector":{"controlType":"sap.ui.layout.HorizontalLayout","viewName":"etm.portal.ui.managecatalogs.view.MasterItems","viewId":"application-managecatalogs-display-component---masterCatalogItems","ancestor":{"id":"application-managecatalogs-display-component---masterCatalogItems--idCatalogItemsTree-rows-row0"}},"wdio_ui5_key":"etmportal.ui.managecatalogs.view.MasterItemssap.ui.layout.HorizontalLayout{\"id\":\"application-managecatalogs-display-component---masterCatalogItems--idCatalogItemsTree-rows-row0\"}"}]}
COMMAND: GET /session/fb20b4d5f8187ef355fd25bb9ed00552/screenshot - {}
RESULT: {"script":"<script> [1562 bytes]","args":[{"selector":{"controlType":"sap.ui.layout.HorizontalLayout","viewName":"etm.portal.ui.managecatalogs.view.MasterItems","viewId":"application-managecatalogs-display-component---masterCatalogItems","ancestor":{"id":"application-managecatalogs-display-component---masterCatalogItems--idCatalogItemsTree-rows-row0"}},"wdio_ui5_key":"etmportal.ui.managecatalogs.view.MasterItemssap.ui.layout.HorizontalLayout{\"id\":\"application-managecatalogs-display-component---masterCatalogItems--idCatalogItemsTree-rows-row0\"}"}]}
RESULT: undefined
COMMAND: POST /session/fb20b4d5f8187ef355fd25bb9ed00552/element - {"using":"xpath","value":"//*[@id=\"__layout280-__clone2344\"]"}
RESULT: {}
RESULT: {"using":"xpath","value":"//*[@id=\"__layout280-__clone2344\"]"}
COMMAND: POST /session/fb20b4d5f8187ef355fd25bb9ed00552/element/f.8D83D8F609E9C53C70C061F545E12C0C.d.0FCC4F311883F7C7B37BD30AD374EEFA.e.4103/click - {}
RESULT: {}
COMMAND: GET /session/fb20b4d5f8187ef355fd25bb9ed00552/screenshot - {}
RESULT: {}
COMMAND: POST /session/fb20b4d5f8187ef355fd25bb9ed00552/execute/async - {"script":"<script> [1562 bytes]","args":[{"selector":{"controlType":"sap.m.Button","viewName":"etm.portal.ui.managecatalogs.view.Detail","viewId":"application-managecatalogs-display-component---detailCatalog","i18NText":{"propertyName":"text","key":"edit"},"interaction":{"idSuffix":"BDI-content"}},"wdio_ui5_key":"etmportal.ui.managecatalogs.view.Detailsap.m.Button{\"propertyName\":\"text\",\"key\":\"edit\"}"}]}
RESULT: {"script":"<script> [1562 bytes]","args":[{"selector":{"controlType":"sap.m.Button","viewName":"etm.portal.ui.managecatalogs.view.Detail","viewId":"application-managecatalogs-display-component---detailCatalog","i18NText":{"propertyName":"text","key":"edit"},"interaction":{"idSuffix":"BDI-content"}},"wdio_ui5_key":"etmportal.ui.managecatalogs.view.Detailsap.m.Button{\"propertyName\":\"text\",\"key\":\"edit\"}"}]}
RESULT: undefined
COMMAND: POST /session/fb20b4d5f8187ef355fd25bb9ed00552/element - {"using":"xpath","value":"//*[@id=\"__button122\"]"}
RESULT: {"using":"xpath","value":"//*[@id=\"__button122\"]"}
COMMAND: POST /session/fb20b4d5f8187ef355fd25bb9ed00552/element/f.8D83D8F609E9C53C70C061F545E12C0C.d.0FCC4F311883F7C7B37BD30AD374EEFA.e.4221/click - {}
RESULT: {}
COMMAND: GET /session/fb20b4d5f8187ef355fd25bb9ed00552/screenshot - {}
RESULT: {}
COMMAND: POST /session/fb20b4d5f8187ef355fd25bb9ed00552/element - {"using":"xpath","value":"//bdi[contains(text(), \"Unlock\")]"}
RESULT: {"using":"xpath","value":"//bdi[contains(text(), \"Unlock\")]"}
COMMAND: POST /session/fb20b4d5f8187ef355fd25bb9ed00552/elements - {"using":"xpath","value":"//bdi[contains(text(), \"Unlock\")]"}
RESULT: {"using":"xpath","value":"//bdi[contains(text(), \"Unlock\")]"}
COMMAND: POST /session/fb20b4d5f8187ef355fd25bb9ed00552/execute/async - {"script":"<script> [1562 bytes]","args":[{"selector":{"controlType":"sap.ui.core.Icon","viewName":"etm.portal.ui.managecatalogs.view.Detail","viewId":"application-managecatalogs-display-component---detailCatalog","properties":{"src":{"regex":{"source":"add\\-folder"}}}},"wdio_ui5_key":"etmportal.ui.managecatalogs.view.Detailsap.ui.core.Icon{\"src\":{\"regex\":{\"source\":\"add\\\\-folder\"}}}"}]}
RESULT: {"script":"<script> [1562 bytes]","args":[{"selector":{"controlType":"sap.ui.core.Icon","viewName":"etm.portal.ui.managecatalogs.view.Detail","viewId":"application-managecatalogs-display-component---detailCatalog","properties":{"src":{"regex":{"source":"add\\-folder"}}}},"wdio_ui5_key":"etmportal.ui.managecatalogs.view.Detailsap.ui.core.Icon{\"src\":{\"regex\":{\"source\":\"add\\\\-folder\"}}}"}]}
RESULT: undefined
COMMAND: POST /session/fb20b4d5f8187ef355fd25bb9ed00552/element - {"using":"xpath","value":"//*[@id=\"__button130-img\"]"}
RESULT: {"using":"xpath","value":"//*[@id=\"__button130-img\"]"}
COMMAND: POST /session/fb20b4d5f8187ef355fd25bb9ed00552/element/f.8D83D8F609E9C53C70C061F545E12C0C.d.0FCC4F311883F7C7B37BD30AD374EEFA.e.4229/click - {}
RESULT: {}
COMMAND: GET /session/fb20b4d5f8187ef355fd25bb9ed00552/screenshot - {}
RESULT: {}
COMMAND: POST /session/fb20b4d5f8187ef355fd25bb9ed00552/execute/async - {"script":"<script> [1562 bytes]","args":[{"selector":{"id":"application-managecatalogs-display-component---detailCatalog--numberInput","searchOpenDialogs":true,"interaction":{"idSuffix":"inner"}},"wdio_ui5_key":"applicationmanagecatalogs-display-component---detailCatalog--numberInput"}]}
RESULT: {"script":"<script> [1562 bytes]","args":[{"selector":{"id":"application-managecatalogs-display-component---detailCatalog--numberInput","searchOpenDialogs":true,"interaction":{"idSuffix":"inner"}},"wdio_ui5_key":"applicationmanagecatalogs-display-component---detailCatalog--numberInput"}]}
RESULT: undefined
COMMAND: POST /session/fb20b4d5f8187ef355fd25bb9ed00552/execute/async - {"script":"<script> [776 bytes]","args":[{"enterText":"Sectionmtxfv","selector":{"id":"application-managecatalogs-display-component---detailCatalog--numberInput","searchOpenDialogs":true,"interaction":{"idSuffix":"inner"}},"clearTextFirst":true,"interactionType":"ENTER_TEXT"}]}
RESULT: {"script":"<script> [776 bytes]","args":[{"enterText":"Sectionmtxfv","selector":{"id":"application-managecatalogs-display-component---detailCatalog--numberInput","searchOpenDialogs":true,"interaction":{"idSuffix":"inner"}},"clearTextFirst":true,"interactionType":"ENTER_TEXT"}]}
COMMAND: POST /session/fb20b4d5f8187ef355fd25bb9ed00552/element - {"using":"css selector","value":"#application-managecatalogs-display-component---detailCatalog--nameInput-inner"}
RESULT: {"using":"css selector","value":"#application-managecatalogs-display-component---detailCatalog--nameInput-inner"}
COMMAND: POST /session/fb20b4d5f8187ef355fd25bb9ed00552/elements - {"using":"css selector","value":"#application-managecatalogs-display-component---detailCatalog--nameInput-inner"}
RESULT: {"using":"css selector","value":"#application-managecatalogs-display-component---detailCatalog--nameInput-inner"}
COMMAND: POST /session/fb20b4d5f8187ef355fd25bb9ed00552/element/f.8D83D8F609E9C53C70C061F545E12C0C.d.0FCC4F311883F7C7B37BD30AD374EEFA.e.4233/clear - {}
RESULT: {}
COMMAND: POST /session/fb20b4d5f8187ef355fd25bb9ed00552/element/f.8D83D8F609E9C53C70C061F545E12C0C.d.0FCC4F311883F7C7B37BD30AD374EEFA.e.4233/value - {"text":"Webdriverptpth"}
COMMAND: GET /session/fb20b4d5f8187ef355fd25bb9ed00552/screenshot - {}
RESULT: {"text":"Webdriverptpth"}
COMMAND: POST /session/fb20b4d5f8187ef355fd25bb9ed00552/execute/async - {"script":"<script> [1562 bytes]","args":[{"selector":{"controlType":"sap.m.Button","viewName":"etm.portal.ui.managecatalogs.view.Detail","viewId":"application-managecatalogs-display-component---detailCatalog","i18NText":{"propertyName":"text","key":"create"},"searchOpenDialogs":true,"interaction":{"idSuffix":"BDI-content"}},"wdio_ui5_key":"etmportal.ui.managecatalogs.view.Detailsap.m.Button{\"propertyName\":\"text\",\"key\":\"create\"}"}]}
COMMAND: GET /session/fb20b4d5f8187ef355fd25bb9ed00552/screenshot - {}
RESULT: {}
RESULT: {"script":"<script> [1562 bytes]","args":[{"selector":{"controlType":"sap.m.Button","viewName":"etm.portal.ui.managecatalogs.view.Detail","viewId":"application-managecatalogs-display-component---detailCatalog","i18NText":{"propertyName":"text","key":"create"},"searchOpenDialogs":true,"interaction":{"idSuffix":"BDI-content"}},"wdio_ui5_key":"etmportal.ui.managecatalogs.view.Detailsap.m.Button{\"propertyName\":\"text\",\"key\":\"create\"}"}]}
RESULT: undefined
COMMAND: POST /session/fb20b4d5f8187ef355fd25bb9ed00552/element - {"using":"xpath","value":"//*[@id=\"__button100\"]"}
RESULT: {}
RESULT: {"using":"xpath","value":"//*[@id=\"__button100\"]"}
COMMAND: POST /session/fb20b4d5f8187ef355fd25bb9ed00552/element/f.8D83D8F609E9C53C70C061F545E12C0C.d.0FCC4F311883F7C7B37BD30AD374EEFA.e.4238/click - {}
RESULT: {}
COMMAND: GET /session/fb20b4d5f8187ef355fd25bb9ed00552/screenshot - {}
RESULT: {}
COMMAND: POST /session/fb20b4d5f8187ef355fd25bb9ed00552/element - {"using":"xpath","value":"//button[@title=\"Save\"]"}
RESULT: {"using":"xpath","value":"//button[@title=\"Save\"]"}
COMMAND: POST /session/fb20b4d5f8187ef355fd25bb9ed00552/element/f.8D83D8F609E9C53C70C061F545E12C0C.d.0FCC4F311883F7C7B37BD30AD374EEFA.e.4239/click - {}
RESULT: {}
COMMAND: POST /session/fb20b4d5f8187ef355fd25bb9ed00552/execute/async - {"script":"<script> [1562 bytes]","args":[{"selector":{"controlType":"sap.ui.core.Icon","viewName":"etm.portal.ui.managecatalogs.view.Detail","viewId":"application-managecatalogs-display-component---detailCatalog","properties":{"src":{"regex":{"source":"decline"}}}},"wdio_ui5_key":"etmportal.ui.managecatalogs.view.Detailsap.ui.core.Icon{\"src\":{\"regex\":{\"source\":\"decline\"}}}"}]}
COMMAND: GET /session/fb20b4d5f8187ef355fd25bb9ed00552/screenshot - {}
RESULT: {"script":"<script> [1562 bytes]","args":[{"selector":{"controlType":"sap.ui.core.Icon","viewName":"etm.portal.ui.managecatalogs.view.Detail","viewId":"application-managecatalogs-display-component---detailCatalog","properties":{"src":{"regex":{"source":"decline"}}}},"wdio_ui5_key":"etmportal.ui.managecatalogs.view.Detailsap.ui.core.Icon{\"src\":{\"regex\":{\"source\":\"decline\"}}}"}]}
RESULT: undefined
COMMAND: POST /session/fb20b4d5f8187ef355fd25bb9ed00552/element - {"using":"xpath","value":"//*[@id=\"__button125-img\"]"}
RESULT: {}
RESULT: {"using":"xpath","value":"//*[@id=\"__button125-img\"]"}
COMMAND: POST /session/fb20b4d5f8187ef355fd25bb9ed00552/element/f.8D83D8F609E9C53C70C061F545E12C0C.d.0FCC4F311883F7C7B37BD30AD374EEFA.e.4245/click - {}
RESULT: {}
COMMAND: GET /session/fb20b4d5f8187ef355fd25bb9ed00552/screenshot - {}
RESULT: {}
COMMAND: POST /session/fb20b4d5f8187ef355fd25bb9ed00552/execute/async - {"script":"<script> [1562 bytes]","args":[{"selector":{"controlType":"sap.ui.core.Icon","viewName":"etm.portal.ui.managecatalogs.view.MasterItems","viewId":"application-managecatalogs-display-component---masterCatalogItems","properties":{"src":{"regex":{"source":"refresh"}}}},"wdio_ui5_key":"etmportal.ui.managecatalogs.view.MasterItemssap.ui.core.Icon{\"src\":{\"regex\":{\"source\":\"refresh\"}}}"}]}
RESULT: {"script":"<script> [1562 bytes]","args":[{"selector":{"controlType":"sap.ui.core.Icon","viewName":"etm.portal.ui.managecatalogs.view.MasterItems","viewId":"application-managecatalogs-display-component---masterCatalogItems","properties":{"src":{"regex":{"source":"refresh"}}}},"wdio_ui5_key":"etmportal.ui.managecatalogs.view.MasterItemssap.ui.core.Icon{\"src\":{\"regex\":{\"source\":\"refresh\"}}}"}]}
RESULT: undefined
COMMAND: POST /session/fb20b4d5f8187ef355fd25bb9ed00552/element - {"using":"xpath","value":"//*[@id=\"__button98-img\"]"}
RESULT: {"using":"xpath","value":"//*[@id=\"__button98-img\"]"}
COMMAND: POST /session/fb20b4d5f8187ef355fd25bb9ed00552/element/f.8D83D8F609E9C53C70C061F545E12C0C.d.0FCC4F311883F7C7B37BD30AD374EEFA.e.4279/click - {}
RESULT: {}
COMMAND: POST /session/fb20b4d5f8187ef355fd25bb9ed00552/execute/async - {"script":"<script> [1562 bytes]","args":[{"selector":{"id":"application-managecatalogs-display-component---masterCatalogItems--searchItemsField","interaction":{"idSuffix":"I"}},"wdio_ui5_key":"applicationmanagecatalogs-display-component---masterCatalogItems--searchItemsField"}]}
COMMAND: GET /session/fb20b4d5f8187ef355fd25bb9ed00552/screenshot - {}
RESULT: {"script":"<script> [1562 bytes]","args":[{"selector":{"id":"application-managecatalogs-display-component---masterCatalogItems--searchItemsField","interaction":{"idSuffix":"I"}},"wdio_ui5_key":"applicationmanagecatalogs-display-component---masterCatalogItems--searchItemsField"}]}
RESULT: undefined
COMMAND: POST /session/fb20b4d5f8187ef355fd25bb9ed00552/execute/async - {"script":"<script> [776 bytes]","args":[{"enterText":"Webdriverptpth","selector":{"id":"application-managecatalogs-display-component---masterCatalogItems--searchItemsField","interaction":{"idSuffix":"I"}},"clearTextFirst":true,"interactionType":"ENTER_TEXT"}]}
RESULT: {}
RESULT: {"script":"<script> [776 bytes]","args":[{"enterText":"Webdriverptpth","selector":{"id":"application-managecatalogs-display-component---masterCatalogItems--searchItemsField","interaction":{"idSuffix":"I"}},"clearTextFirst":true,"interactionType":"ENTER_TEXT"}]}
COMMAND: POST /session/fb20b4d5f8187ef355fd25bb9ed00552/actions - {"actions":[{"id":"action10","type":"key","parameters":{},"actions":[{"type":"keyDown","value":"î€‡"},{"type":"pause","duration":10},{"type":"keyUp","value":"î€‡"}]}]}
RESULT: {"actions":[{"id":"action10","type":"key","parameters":{},"actions":[{"type":"keyDown","value":"î€‡"},{"type":"pause","duration":10},{"type":"keyUp","value":"î€‡"}]}]}
COMMAND: POST /session/fb20b4d5f8187ef355fd25bb9ed00552/element - {"using":"xpath","value":"(//span[contains(text(), \"Webdriverptpth\")])[1]"}
COMMAND: GET /session/fb20b4d5f8187ef355fd25bb9ed00552/screenshot - {}
RESULT: {"using":"xpath","value":"(//span[contains(text(), \"Webdriverptpth\")])[1]"}
COMMAND: POST /session/fb20b4d5f8187ef355fd25bb9ed00552/element/f.8D83D8F609E9C53C70C061F545E12C0C.d.0FCC4F311883F7C7B37BD30AD374EEFA.e.4282/click - {}
RESULT: {}
RESULT: {}
COMMAND: GET /session/fb20b4d5f8187ef355fd25bb9ed00552/screenshot - {}
RESULT: {}
RESULT: undefined
COMMAND: POST /session/fb20b4d5f8187ef355fd25bb9ed00552/element - {"using":"xpath","value":"//*[@id=\"__button122\"]"}
RESULT: {"using":"xpath","value":"//*[@id=\"__button122\"]"}
COMMAND: POST /session/fb20b4d5f8187ef355fd25bb9ed00552/element/f.8D83D8F609E9C53C70C061F545E12C0C.d.0FCC4F311883F7C7B37BD30AD374EEFA.e.4315/click - {}
RESULT: {}
COMMAND: GET /session/fb20b4d5f8187ef355fd25bb9ed00552/screenshot - {}
RESULT: {}
RESULT: undefined
COMMAND: POST /session/fb20b4d5f8187ef355fd25bb9ed00552/element - {"using":"xpath","value":"//*[@id=\"__button130-img\"]"}
RESULT: {"using":"xpath","value":"//*[@id=\"__button130-img\"]"}
COMMAND: POST /session/fb20b4d5f8187ef355fd25bb9ed00552/element/f.8D83D8F609E9C53C70C061F545E12C0C.d.0FCC4F311883F7C7B37BD30AD374EEFA.e.4368/click - {}
RESULT: {}
COMMAND: GET /session/fb20b4d5f8187ef355fd25bb9ed00552/screenshot - {}
RESULT: {}
RESULT: undefined
COMMAND: POST /session/fb20b4d5f8187ef355fd25bb9ed00552/execute/async - {"script":"<script> [776 bytes]","args":[{"enterText":"SecondSectiondr1dx","selector":{"id":"application-managecatalogs-display-component---detailCatalog--numberInput","searchOpenDialogs":true,"interaction":{"idSuffix":"inner"}},"clearTextFirst":true,"interactionType":"ENTER_TEXT"}]}
RESULT: {"script":"<script> [776 bytes]","args":[{"enterText":"SecondSectiondr1dx","selector":{"id":"application-managecatalogs-display-component---detailCatalog--numberInput","searchOpenDialogs":true,"interaction":{"idSuffix":"inner"}},"clearTextFirst":true,"interactionType":"ENTER_TEXT"}]}
COMMAND: POST /session/fb20b4d5f8187ef355fd25bb9ed00552/element - {"using":"xpath","value":"//input[contains(@id ,\"application-managecatalogs-display-component---detailCatalog--nameInput-inner\")]"}
RESULT: {"using":"xpath","value":"//input[contains(@id ,\"application-managecatalogs-display-component---detailCatalog--nameInput-inner\")]"}
COMMAND: POST /session/fb20b4d5f8187ef355fd25bb9ed00552/elements - {"using":"xpath","value":"//input[contains(@id ,\"application-managecatalogs-display-component---detailCatalog--nameInput-inner\")]"}
RESULT: {"using":"xpath","value":"//input[contains(@id ,\"application-managecatalogs-display-component---detailCatalog--nameInput-inner\")]"}
COMMAND: POST /session/fb20b4d5f8187ef355fd25bb9ed00552/element/f.8D83D8F609E9C53C70C061F545E12C0C.d.0FCC4F311883F7C7B37BD30AD374EEFA.e.4372/clear - {}
RESULT: {}
COMMAND: POST /session/fb20b4d5f8187ef355fd25bb9ed00552/element/f.8D83D8F609E9C53C70C061F545E12C0C.d.0FCC4F311883F7C7B37BD30AD374EEFA.e.4372/value - {"text":"webdriversecondefa4h"}
COMMAND: GET /session/fb20b4d5f8187ef355fd25bb9ed00552/screenshot - {}
RESULT: {"text":"webdriversecondefa4h"}
RESULT: undefined
COMMAND: POST /session/fb20b4d5f8187ef355fd25bb9ed00552/element - {"using":"xpath","value":"//*[@id=\"__button100\"]"}
COMMAND: GET /session/fb20b4d5f8187ef355fd25bb9ed00552/screenshot - {}
RESULT: {}
RESULT: {"using":"xpath","value":"//*[@id=\"__button100\"]"}
COMMAND: POST /session/fb20b4d5f8187ef355fd25bb9ed00552/element/f.8D83D8F609E9C53C70C061F545E12C0C.d.0FCC4F311883F7C7B37BD30AD374EEFA.e.4376/click - {}
RESULT: {}
RESULT: {}
COMMAND: GET /session/fb20b4d5f8187ef355fd25bb9ed00552/screenshot - {}
RESULT: {}
COMMAND: POST /session/fb20b4d5f8187ef355fd25bb9ed00552/element - {"using":"xpath","value":"//button[@title=\"Save\"]"}
RESULT: {"using":"xpath","value":"//button[@title=\"Save\"]"}
COMMAND: POST /session/fb20b4d5f8187ef355fd25bb9ed00552/element/f.8D83D8F609E9C53C70C061F545E12C0C.d.0FCC4F311883F7C7B37BD30AD374EEFA.e.4354/click - {}
RESULT: {}
COMMAND: GET /session/fb20b4d5f8187ef355fd25bb9ed00552/screenshot - {}
RESULT: {}
RESULT: undefined
COMMAND: POST /session/fb20b4d5f8187ef355fd25bb9ed00552/element - {"using":"xpath","value":"//*[@id=\"__button125-img\"]"}
RESULT: {"using":"xpath","value":"//*[@id=\"__button125-img\"]"}
COMMAND: POST /session/fb20b4d5f8187ef355fd25bb9ed00552/element/f.8D83D8F609E9C53C70C061F545E12C0C.d.0FCC4F311883F7C7B37BD30AD374EEFA.e.4322/click - {}
RESULT: {}
COMMAND: GET /session/fb20b4d5f8187ef355fd25bb9ed00552/screenshot - {}
RESULT: {}
RESULT: undefined
COMMAND: POST /session/fb20b4d5f8187ef355fd25bb9ed00552/element - {"using":"xpath","value":"//*[@id=\"__button98-img\"]"}
RESULT: {"using":"xpath","value":"//*[@id=\"__button98-img\"]"}
COMMAND: POST /session/fb20b4d5f8187ef355fd25bb9ed00552/element/f.8D83D8F609E9C53C70C061F545E12C0C.d.0FCC4F311883F7C7B37BD30AD374EEFA.e.4413/click - {}
RESULT: {}
COMMAND: GET /session/fb20b4d5f8187ef355fd25bb9ed00552/screenshot - {}
RESULT: {}
RESULT: undefined
COMMAND: POST /session/fb20b4d5f8187ef355fd25bb9ed00552/execute/async - {"script":"<script> [776 bytes]","args":[{"enterText":"SecondSectiondr1dx","selector":{"id":"application-managecatalogs-display-component---masterCatalogItems--searchItemsField","interaction":{"idSuffix":"I"}},"clearTextFirst":true,"interactionType":"ENTER_TEXT"}]}
RESULT: {"script":"<script> [776 bytes]","args":[{"enterText":"SecondSectiondr1dx","selector":{"id":"application-managecatalogs-display-component---masterCatalogItems--searchItemsField","interaction":{"idSuffix":"I"}},"clearTextFirst":true,"interactionType":"ENTER_TEXT"}]}
COMMAND: POST /session/fb20b4d5f8187ef355fd25bb9ed00552/actions - {"actions":[{"id":"action11","type":"key","parameters":{},"actions":[{"type":"keyDown","value":"î€‡"},{"type":"pause","duration":10},{"type":"keyUp","value":"î€‡"}]}]}
RESULT: {"actions":[{"id":"action11","type":"key","parameters":{},"actions":[{"type":"keyDown","value":"î€‡"},{"type":"pause","duration":10},{"type":"keyUp","value":"î€‡"}]}]}
COMMAND: POST /session/fb20b4d5f8187ef355fd25bb9ed00552/element - {"using":"xpath","value":"(//span[contains(text(), \"SecondSectiondr1dx\")])[1]"}
COMMAND: GET /session/fb20b4d5f8187ef355fd25bb9ed00552/screenshot - {}
RESULT: {"using":"xpath","value":"(//span[contains(text(), \"SecondSectiondr1dx\")])[1]"}
COMMAND: POST /session/fb20b4d5f8187ef355fd25bb9ed00552/element/f.8D83D8F609E9C53C70C061F545E12C0C.d.0FCC4F311883F7C7B37BD30AD374EEFA.e.4416/click - {}
RESULT: {}
RESULT: {}
COMMAND: POST /session/fb20b4d5f8187ef355fd25bb9ed00552/element - {"using":"xpath","value":"(//span[contains(text(), \"SecondSectiondr1dx\")])[1]"}
COMMAND: GET /session/fb20b4d5f8187ef355fd25bb9ed00552/screenshot - {}
RESULT: {"using":"xpath","value":"(//span[contains(text(), \"SecondSectiondr1dx\")])[1]"}
COMMAND: GET /session/fb20b4d5f8187ef355fd25bb9ed00552/element/f.8D83D8F609E9C53C70C061F545E12C0C.d.0FCC4F311883F7C7B37BD30AD374EEFA.e.4416/text - {}
RESULT: {}
COMMAND: POST /session/fb20b4d5f8187ef355fd25bb9ed00552/element - {"using":"xpath","value":"(//span[contains(text(), \"SecondSectiondr1dx\")])[1]"}
RESULT: {"using":"xpath","value":"(//span[contains(text(), \"SecondSectiondr1dx\")])[1]"}
COMMAND: GET /session/fb20b4d5f8187ef355fd25bb9ed00552/element/f.8D83D8F609E9C53C70C061F545E12C0C.d.0FCC4F311883F7C7B37BD30AD374EEFA.e.4416/text - {}
COMMAND: POST /session/fb20b4d5f8187ef355fd25bb9ed00552/element - {"using":"xpath","value":"(//span[contains(text(), \"SecondSectiondr1dx\")])[1]"}
RESULT: {"using":"xpath","value":"(//span[contains(text(), \"SecondSectiondr1dx\")])[1]"}
COMMAND: GET /session/fb20b4d5f8187ef355fd25bb9ed00552/element/f.8D83D8F609E9C53C70C061F545E12C0C.d.0FCC4F311883F7C7B37BD30AD374EEFA.e.4468/text - {}
RESULT: {}
COMMAND: POST /session/fb20b4d5f8187ef355fd25bb9ed00552/refresh - {}
RESULT: {}
COMMAND: GET /session/fb20b4d5f8187ef355fd25bb9ed00552/screenshot - {}
RESULT: {}
COMMAND: POST /session/fb20b4d5f8187ef355fd25bb9ed00552/execute/async - {"script":"<script> [189 bytes]","args":[]}
RESULT: {"script":"<script> [189 bytes]","args":[]}
COMMAND: POST /session/fb20b4d5f8187ef355fd25bb9ed00552/execute/async - {"script":"<script> [123 bytes]","args":[]}
RESULT: {"script":"<script> [123 bytes]","args":[]}
COMMAND: POST /session/fb20b4d5f8187ef355fd25bb9ed00552/timeouts - {"script":"<number>"}
RESULT: {"script":"<number>"}
COMMAND: GET /session/fb20b4d5f8187ef355fd25bb9ed00552/timeouts - {}
RESULT: {}
RESULT: undefined
COMMAND: POST /session/fb20b4d5f8187ef355fd25bb9ed00552/execute/async - {"script":"<script> [2676 bytes]","args":[]}
RESULT: {"script":"<script> [2676 bytes]","args":[]}
COMMAND: POST /session/fb20b4d5f8187ef355fd25bb9ed00552/execute/async - {"script":"<script> [2342 bytes]","args":[{"protocol":"http","hostname":"0.0.0.0","path":"/","capabilities":{"browserName":"chrome","goog:chromeOptions":{"binary":"C:\\Program Files\\Google\\Chrome\\Application\\chrome.exe","args":["--start-maximized"]}},"logLevel":"warn","connectionRetryTimeout":120000,"connectionRetryCount":3,"logLevels":{},"enableDirectConnect":true,"strictSSL":true,"_":"65 more keys: [\"cacheDir\",\"port\",\"requestedCapabilities\",\"automationProtocol\",\"baseUrl\",\"waitforInterval\",\"waitforTimeout\",\"onReload\",\"beforeCommand\",\"afterCommand\",\"rootDir\",\"specs\",\"suites\",\"exclude\",\"groupLogsByTestSpec\",\"excludeDriverLogs\",\"bail\",\"framework\",\"reporters\",\"services\",\"maxInstances\",\"maxInstancesPerCapability\",\"injectGlobals\",\"filesToWatch\",\"execArgv\",\"runnerEnv\",\"runner\",\"shard\",\"specFileRetries\",\"specFileRetriesDelay\",\"specFileRetriesDeferred\",\"reporterSyncInterval\",\"reporterSyncTimeout\",\"cucumberFeaturesWithLineNumbers\",\"autoCompileOpts\",\"mochaOpts\",\"jasmineOpts\",\"cucumberOpts\",\"onPrepare\",\"onWorkerStart\",\"onWorkerEnd\",\"before\",\"beforeSession\",\"beforeSuite\",\"beforeHook\",\"beforeTest\",\"afterTest\",\"afterHook\",\"afterSuite\",\"afterSession\",\"after\",\"onComplete\",\"beforeAssertion\",\"afterAssertion\",\"beforeFeature\",\"beforeScenario\",\"beforeStep\",\"afterStep\",\"afterScenario\",\"afterFeature\",\"_\",\"suite\",\"$0\",\"ignoredWorkerServices\",\"wdi5\"]"}]}
RESULT: {"script":"<script> [2342 bytes]","args":[{"protocol":"http","hostname":"0.0.0.0","path":"/","capabilities":{"browserName":"chrome","goog:chromeOptions":{"binary":"C:\\Program Files\\Google\\Chrome\\Application\\chrome.exe","args":["--start-maximized"]}},"logLevel":"warn","connectionRetryTimeout":120000,"connectionRetryCount":3,"logLevels":{},"enableDirectConnect":true,"strictSSL":true,"_":"65 more keys: [\"cacheDir\",\"port\",\"requestedCapabilities\",\"automationProtocol\",\"baseUrl\",\"waitforInterval\",\"waitforTimeout\",\"onReload\",\"beforeCommand\",\"afterCommand\",\"rootDir\",\"specs\",\"suites\",\"exclude\",\"groupLogsByTestSpec\",\"excludeDriverLogs\",\"bail\",\"framework\",\"reporters\",\"services\",\"maxInstances\",\"maxInstancesPerCapability\",\"injectGlobals\",\"filesToWatch\",\"execArgv\",\"runnerEnv\",\"runner\",\"shard\",\"specFileRetries\",\"specFileRetriesDelay\",\"specFileRetriesDeferred\",\"reporterSyncInterval\",\"reporterSyncTimeout\",\"cucumberFeaturesWithLineNumbers\",\"autoCompileOpts\",\"mochaOpts\",\"jasmineOpts\",\"cucumberOpts\",\"onPrepare\",\"onWorkerStart\",\"onWorkerEnd\",\"before\",\"beforeSession\",\"beforeSuite\",\"beforeHook\",\"beforeTest\",\"afterTest\",\"afterHook\",\"afterSuite\",\"afterSession\",\"after\",\"onComplete\",\"beforeAssertion\",\"afterAssertion\",\"beforeFeature\",\"beforeScenario\",\"beforeStep\",\"afterStep\",\"afterScenario\",\"afterFeature\",\"_\",\"suite\",\"$0\",\"ignoredWorkerServices\",\"wdi5\"]"}]}
COMMAND: POST /session/fb20b4d5f8187ef355fd25bb9ed00552/execute/async - {"script":"<script> [21126 bytes]","args":[35000]}
RESULT: {"script":"<script> [21126 bytes]","args":[35000]}
COMMAND: POST /session/fb20b4d5f8187ef355fd25bb9ed00552/execute/async - {"script":"<script> [1562 bytes]","args":[{"selector":{"controlType":"sap.m.Button","viewName":"etm.portal.ui.managecatalogs.view.Detail","viewId":"application-managecatalogs-display-component---detailCatalog","i18NText":{"propertyName":"text","key":"edit"},"interaction":{"idSuffix":"BDI-content"}},"wdio_ui5_key":"etmportal.ui.managecatalogs.view.Detailsap.m.Button{\"propertyName\":\"text\",\"key\":\"edit\"}"}]}
RESULT: {"script":"<script> [1562 bytes]","args":[{"selector":{"controlType":"sap.m.Button","viewName":"etm.portal.ui.managecatalogs.view.Detail","viewId":"application-managecatalogs-display-component---detailCatalog","i18NText":{"propertyName":"text","key":"edit"},"interaction":{"idSuffix":"BDI-content"}},"wdio_ui5_key":"etmportal.ui.managecatalogs.view.Detailsap.m.Button{\"propertyName\":\"text\",\"key\":\"edit\"}"}]}
RESULT: undefined
COMMAND: POST /session/fb20b4d5f8187ef355fd25bb9ed00552/element - {"using":"xpath","value":"//*[@id=\"__button25\"]"}
RESULT: {"using":"xpath","value":"//*[@id=\"__button25\"]"}
COMMAND: POST /session/fb20b4d5f8187ef355fd25bb9ed00552/element/f.8D83D8F609E9C53C70C061F545E12C0C.d.217AA9BF470C00182B77E4446EF69D14.e.4525/click - {}
RESULT: {}
COMMAND: GET /session/fb20b4d5f8187ef355fd25bb9ed00552/screenshot - {}
RESULT: {}
COMMAND: POST /session/fb20b4d5f8187ef355fd25bb9ed00552/element - {"using":"xpath","value":"//button[contains(@title ,\"Create Catalog Item\")]"}
RESULT: {"using":"xpath","value":"//button[contains(@title ,\"Create Catalog Item\")]"}
COMMAND: POST /session/fb20b4d5f8187ef355fd25bb9ed00552/element/f.8D83D8F609E9C53C70C061F545E12C0C.d.217AA9BF470C00182B77E4446EF69D14.e.4531/click - {}
RESULT: {}
COMMAND: POST /session/fb20b4d5f8187ef355fd25bb9ed00552/execute/async - {"script":"<script> [1562 bytes]","args":[{"selector":{"id":"application-managecatalogs-display-component---detailCatalog--newItemNumberInput","searchOpenDialogs":true,"interaction":{"idSuffix":"inner"}},"wdio_ui5_key":"applicationmanagecatalogs-display-component---detailCatalog--newItemNumberInput"}]}
COMMAND: GET /session/fb20b4d5f8187ef355fd25bb9ed00552/screenshot - {}
RESULT: {"script":"<script> [1562 bytes]","args":[{"selector":{"id":"application-managecatalogs-display-component---detailCatalog--newItemNumberInput","searchOpenDialogs":true,"interaction":{"idSuffix":"inner"}},"wdio_ui5_key":"applicationmanagecatalogs-display-component---detailCatalog--newItemNumberInput"}]}
RESULT: undefined
COMMAND: POST /session/fb20b4d5f8187ef355fd25bb9ed00552/execute/async - {"script":"<script> [776 bytes]","args":[{"enterText":"catalogItemnoj6x","selector":{"id":"application-managecatalogs-display-component---detailCatalog--newItemNumberInput","searchOpenDialogs":true,"interaction":{"idSuffix":"inner"}},"clearTextFirst":true,"interactionType":"ENTER_TEXT"}]}
RESULT: {}
RESULT: {"script":"<script> [776 bytes]","args":[{"enterText":"catalogItemnoj6x","selector":{"id":"application-managecatalogs-display-component---detailCatalog--newItemNumberInput","searchOpenDialogs":true,"interaction":{"idSuffix":"inner"}},"clearTextFirst":true,"interactionType":"ENTER_TEXT"}]}
COMMAND: POST /session/fb20b4d5f8187ef355fd25bb9ed00552/execute/async - {"script":"<script> [1562 bytes]","args":[{"selector":{"controlType":"sap.m.Input","viewName":"etm.portal.ui.managecatalogs.view.Detail","viewId":"application-managecatalogs-display-component---detailCatalog","bindingPath":{"path":"","propertyPath":"/DESCRIPTION"},"searchOpenDialogs":true,"interaction":{"idSuffix":"inner"}},"wdio_ui5_key":"etmportal.ui.managecatalogs.view.Detailsap.m.Input{\"path\":\"\",\"propertyPath\":\"/DESCRIPTION\"}"}]}
RESULT: {"script":"<script> [1562 bytes]","args":[{"selector":{"controlType":"sap.m.Input","viewName":"etm.portal.ui.managecatalogs.view.Detail","viewId":"application-managecatalogs-display-component---detailCatalog","bindingPath":{"path":"","propertyPath":"/DESCRIPTION"},"searchOpenDialogs":true,"interaction":{"idSuffix":"inner"}},"wdio_ui5_key":"etmportal.ui.managecatalogs.view.Detailsap.m.Input{\"path\":\"\",\"propertyPath\":\"/DESCRIPTION\"}"}]}
RESULT: undefined
COMMAND: POST /session/fb20b4d5f8187ef355fd25bb9ed00552/execute/async - {"script":"<script> [776 bytes]","args":[{"enterText":"catalogItemNameuyu7n","selector":{"controlType":"sap.m.Input","viewName":"etm.portal.ui.managecatalogs.view.Detail","viewId":"application-managecatalogs-display-component---detailCatalog","bindingPath":{"path":"","propertyPath":"/DESCRIPTION"},"searchOpenDialogs":true,"interaction":{"idSuffix":"inner"}},"clearTextFirst":true,"interactionType":"ENTER_TEXT"}]}
RESULT: {"script":"<script> [776 bytes]","args":[{"enterText":"catalogItemNameuyu7n","selector":{"controlType":"sap.m.Input","viewName":"etm.portal.ui.managecatalogs.view.Detail","viewId":"application-managecatalogs-display-component---detailCatalog","bindingPath":{"path":"","propertyPath":"/DESCRIPTION"},"searchOpenDialogs":true,"interaction":{"idSuffix":"inner"}},"clearTextFirst":true,"interactionType":"ENTER_TEXT"}]}
COMMAND: POST /session/fb20b4d5f8187ef355fd25bb9ed00552/actions - {"actions":[{"id":"action12","type":"key","parameters":{},"actions":[{"type":"keyDown","value":"î€„"},{"type":"pause","duration":10},{"type":"keyUp","value":"î€„"}]}]}
RESULT: {"actions":[{"id":"action12","type":"key","parameters":{},"actions":[{"type":"keyDown","value":"î€„"},{"type":"pause","duration":10},{"type":"keyUp","value":"î€„"}]}]}
COMMAND: GET /session/fb20b4d5f8187ef355fd25bb9ed00552/screenshot - {}
RESULT: {}
COMMAND: POST /session/fb20b4d5f8187ef355fd25bb9ed00552/actions - {"actions":[{"id":"action13","type":"key","parameters":{},"actions":[{"type":"keyDown","value":"î€‡"},{"type":"pause","duration":10},{"type":"keyUp","value":"î€‡"}]}]}
RESULT: {"actions":[{"id":"action13","type":"key","parameters":{},"actions":[{"type":"keyDown","value":"î€‡"},{"type":"pause","duration":10},{"type":"keyUp","value":"î€‡"}]}]}
COMMAND: GET /session/fb20b4d5f8187ef355fd25bb9ed00552/screenshot - {}
RESULT: {}
COMMAND: POST /session/fb20b4d5f8187ef355fd25bb9ed00552/element - {"using":"xpath","value":"//button[@title=\"Save\"]"}
RESULT: {"using":"xpath","value":"//button[@title=\"Save\"]"}
COMMAND: POST /session/fb20b4d5f8187ef355fd25bb9ed00552/element/f.8D83D8F609E9C53C70C061F545E12C0C.d.217AA9BF470C00182B77E4446EF69D14.e.4540/click - {}
RESULT: {}
COMMAND: GET /session/fb20b4d5f8187ef355fd25bb9ed00552/screenshot - {}
RESULT: {}
COMMAND: POST /session/fb20b4d5f8187ef355fd25bb9ed00552/execute/async - {"script":"<script> [1562 bytes]","args":[{"selector":{"controlType":"sap.ui.core.Icon","viewName":"etm.portal.ui.managecatalogs.view.Detail","viewId":"application-managecatalogs-display-component---detailCatalog","properties":{"src":{"regex":{"source":"decline"}}}},"wdio_ui5_key":"etmportal.ui.managecatalogs.view.Detailsap.ui.core.Icon{\"src\":{\"regex\":{\"source\":\"decline\"}}}"}]}
RESULT: {"script":"<script> [1562 bytes]","args":[{"selector":{"controlType":"sap.ui.core.Icon","viewName":"etm.portal.ui.managecatalogs.view.Detail","viewId":"application-managecatalogs-display-component---detailCatalog","properties":{"src":{"regex":{"source":"decline"}}}},"wdio_ui5_key":"etmportal.ui.managecatalogs.view.Detailsap.ui.core.Icon{\"src\":{\"regex\":{\"source\":\"decline\"}}}"}]}
RESULT: undefined
COMMAND: POST /session/fb20b4d5f8187ef355fd25bb9ed00552/element - {"using":"xpath","value":"//*[@id=\"__button28-img\"]"}
RESULT: {"using":"xpath","value":"//*[@id=\"__button28-img\"]"}
COMMAND: POST /session/fb20b4d5f8187ef355fd25bb9ed00552/element/f.8D83D8F609E9C53C70C061F545E12C0C.d.217AA9BF470C00182B77E4446EF69D14.e.4545/click - {}
RESULT: {}
COMMAND: GET /session/fb20b4d5f8187ef355fd25bb9ed00552/screenshot - {}
RESULT: {}
COMMAND: POST /session/fb20b4d5f8187ef355fd25bb9ed00552/execute/async - {"script":"<script> [1562 bytes]","args":[{"selector":{"controlType":"sap.ui.core.Icon","viewName":"etm.portal.ui.managecatalogs.view.MasterItems","viewId":"application-managecatalogs-display-component---masterCatalogItems","properties":{"src":{"regex":{"source":"refresh"}}}},"wdio_ui5_key":"etmportal.ui.managecatalogs.view.MasterItemssap.ui.core.Icon{\"src\":{\"regex\":{\"source\":\"refresh\"}}}"}]}
RESULT: {"script":"<script> [1562 bytes]","args":[{"selector":{"controlType":"sap.ui.core.Icon","viewName":"etm.portal.ui.managecatalogs.view.MasterItems","viewId":"application-managecatalogs-display-component---masterCatalogItems","properties":{"src":{"regex":{"source":"refresh"}}}},"wdio_ui5_key":"etmportal.ui.managecatalogs.view.MasterItemssap.ui.core.Icon{\"src\":{\"regex\":{\"source\":\"refresh\"}}}"}]}
RESULT: undefined
COMMAND: POST /session/fb20b4d5f8187ef355fd25bb9ed00552/element - {"using":"xpath","value":"//*[@id=\"__button1-img\"]"}
RESULT: {"using":"xpath","value":"//*[@id=\"__button1-img\"]"}
COMMAND: POST /session/fb20b4d5f8187ef355fd25bb9ed00552/element/f.8D83D8F609E9C53C70C061F545E12C0C.d.217AA9BF470C00182B77E4446EF69D14.e.4554/click - {}
RESULT: {}
COMMAND: GET /session/fb20b4d5f8187ef355fd25bb9ed00552/screenshot - {}
RESULT: {}
COMMAND: POST /session/fb20b4d5f8187ef355fd25bb9ed00552/execute/async - {"script":"<script> [1562 bytes]","args":[{"selector":{"id":"application-managecatalogs-display-component---masterCatalogItems--searchItemsField","interaction":{"idSuffix":"I"}},"wdio_ui5_key":"applicationmanagecatalogs-display-component---masterCatalogItems--searchItemsField"}]}
RESULT: {"script":"<script> [1562 bytes]","args":[{"selector":{"id":"application-managecatalogs-display-component---masterCatalogItems--searchItemsField","interaction":{"idSuffix":"I"}},"wdio_ui5_key":"applicationmanagecatalogs-display-component---masterCatalogItems--searchItemsField"}]}
RESULT: undefined
COMMAND: POST /session/fb20b4d5f8187ef355fd25bb9ed00552/execute/async - {"script":"<script> [776 bytes]","args":[{"enterText":"catalogItemNameuyu7n","selector":{"id":"application-managecatalogs-display-component---masterCatalogItems--searchItemsField","interaction":{"idSuffix":"I"}},"clearTextFirst":true,"interactionType":"ENTER_TEXT"}]}
RESULT: {"script":"<script> [776 bytes]","args":[{"enterText":"catalogItemNameuyu7n","selector":{"id":"application-managecatalogs-display-component---masterCatalogItems--searchItemsField","interaction":{"idSuffix":"I"}},"clearTextFirst":true,"interactionType":"ENTER_TEXT"}]}
COMMAND: POST /session/fb20b4d5f8187ef355fd25bb9ed00552/actions - {"actions":[{"id":"action14","type":"key","parameters":{},"actions":[{"type":"keyDown","value":"î€‡"},{"type":"pause","duration":10},{"type":"keyUp","value":"î€‡"}]}]}
RESULT: {"actions":[{"id":"action14","type":"key","parameters":{},"actions":[{"type":"keyDown","value":"î€‡"},{"type":"pause","duration":10},{"type":"keyUp","value":"î€‡"}]}]}
COMMAND: POST /session/fb20b4d5f8187ef355fd25bb9ed00552/element - {"using":"xpath","value":"(//span[contains(text(), \"catalogItemNameuyu7n\")])[1]"}
COMMAND: GET /session/fb20b4d5f8187ef355fd25bb9ed00552/screenshot - {}
RESULT: {"using":"xpath","value":"(//span[contains(text(), \"catalogItemNameuyu7n\")])[1]"}
COMMAND: POST /session/fb20b4d5f8187ef355fd25bb9ed00552/element/f.8D83D8F609E9C53C70C061F545E12C0C.d.217AA9BF470C00182B77E4446EF69D14.e.4592/click - {}
RESULT: {}
RESULT: {}
COMMAND: GET /session/fb20b4d5f8187ef355fd25bb9ed00552/screenshot - {}
RESULT: {}
COMMAND: POST /session/fb20b4d5f8187ef355fd25bb9ed00552/element - {"using":"xpath","value":"//span[contains(text(), \"catalogItemnoj6x\")]"}
RESULT: {"using":"xpath","value":"//span[contains(text(), \"catalogItemnoj6x\")]"}
COMMAND: GET /session/fb20b4d5f8187ef355fd25bb9ed00552/element/f.8D83D8F609E9C53C70C061F545E12C0C.d.217AA9BF470C00182B77E4446EF69D14.e.4655/text - {}
RESULT: {}
]]></system-out>
    </testcase>
    <testcase classname="chrome.135_0_7049_96.windows.Standard_contract_-_add_contract_items_by_Insert_Request_US118222" name="Should assign resources to the catalog item" time="64.17">
      <system-out><![CDATA[
RESULT: undefined
COMMAND: POST /session/fb20b4d5f8187ef355fd25bb9ed00552/element - {"using":"xpath","value":"//*[@id=\"__button25\"]"}
RESULT: {"using":"xpath","value":"//*[@id=\"__button25\"]"}
COMMAND: POST /session/fb20b4d5f8187ef355fd25bb9ed00552/element/f.8D83D8F609E9C53C70C061F545E12C0C.d.217AA9BF470C00182B77E4446EF69D14.e.4656/click - {}
RESULT: {}
COMMAND: GET /session/fb20b4d5f8187ef355fd25bb9ed00552/screenshot - {}
RESULT: {}
COMMAND: POST /session/fb20b4d5f8187ef355fd25bb9ed00552/execute/async - {"script":"<script> [1562 bytes]","args":[{"selector":{"id":"application-managecatalogs-display-component---detailCatalog--BASE_UNIT_OF_MEASURE-arrow"},"wdio_ui5_key":"applicationmanagecatalogs-display-component---detailCatalog--BASE_UNIT_OF_MEASURE-arrow"}]}
RESULT: {"script":"<script> [1562 bytes]","args":[{"selector":{"id":"application-managecatalogs-display-component---detailCatalog--BASE_UNIT_OF_MEASURE-arrow"},"wdio_ui5_key":"applicationmanagecatalogs-display-component---detailCatalog--BASE_UNIT_OF_MEASURE-arrow"}]}
RESULT: undefined
COMMAND: POST /session/fb20b4d5f8187ef355fd25bb9ed00552/element - {"using":"xpath","value":"//*[@id=\"application-managecatalogs-display-component---detailCatalog--BASE_UNIT_OF_MEASURE-arrow\"]"}
RESULT: {"using":"xpath","value":"//*[@id=\"application-managecatalogs-display-component---detailCatalog--BASE_UNIT_OF_MEASURE-arrow\"]"}
COMMAND: POST /session/fb20b4d5f8187ef355fd25bb9ed00552/element/f.8D83D8F609E9C53C70C061F545E12C0C.d.217AA9BF470C00182B77E4446EF69D14.e.4684/click - {}
RESULT: {}
COMMAND: POST /session/fb20b4d5f8187ef355fd25bb9ed00552/execute/async - {"script":"<script> [1562 bytes]","args":[{"selector":{"controlType":"sap.m.StandardListItem","viewName":"etm.portal.ui.managecatalogs.view.Detail","viewId":"application-managecatalogs-display-component---detailCatalog","properties":{"title":"Piece"},"searchOpenDialogs":true,"interaction":{"idSuffix":"titleText"}},"wdio_ui5_key":"etmportal.ui.managecatalogs.view.Detailsap.m.StandardListItem{\"title\":\"Piece\"}"}]}
COMMAND: GET /session/fb20b4d5f8187ef355fd25bb9ed00552/screenshot - {}
RESULT: {"script":"<script> [1562 bytes]","args":[{"selector":{"controlType":"sap.m.StandardListItem","viewName":"etm.portal.ui.managecatalogs.view.Detail","viewId":"application-managecatalogs-display-component---detailCatalog","properties":{"title":"Piece"},"searchOpenDialogs":true,"interaction":{"idSuffix":"titleText"}},"wdio_ui5_key":"etmportal.ui.managecatalogs.view.Detailsap.m.StandardListItem{\"title\":\"Piece\"}"}]}
RESULT: undefined
COMMAND: POST /session/fb20b4d5f8187ef355fd25bb9ed00552/element - {"using":"xpath","value":"//*[@id=\"__item229\"]"}
RESULT: {}
RESULT: {"using":"xpath","value":"//*[@id=\"__item229\"]"}
COMMAND: POST /session/fb20b4d5f8187ef355fd25bb9ed00552/element/f.8D83D8F609E9C53C70C061F545E12C0C.d.217AA9BF470C00182B77E4446EF69D14.e.4688/click - {}
RESULT: {}
COMMAND: POST /session/fb20b4d5f8187ef355fd25bb9ed00552/execute/async - {"script":"<script> [1562 bytes]","args":[{"selector":{"id":"application-managecatalogs-display-component---detailCatalog--ObjectPageLayout-anchBar-application-managecatalogs-display-component---detailCatalog--sectionRUs-anchor","interaction":{"idSuffix":"BDI-content"}},"wdio_ui5_key":"applicationmanagecatalogs-display-component---detailCatalog--ObjectPageLayout-anchBar-application-managecatalogs-display-component---detailCatalog--sectionRUs-anchor"}]}
COMMAND: GET /session/fb20b4d5f8187ef355fd25bb9ed00552/screenshot - {}
RESULT: {"script":"<script> [1562 bytes]","args":[{"selector":{"id":"application-managecatalogs-display-component---detailCatalog--ObjectPageLayout-anchBar-application-managecatalogs-display-component---detailCatalog--sectionRUs-anchor","interaction":{"idSuffix":"BDI-content"}},"wdio_ui5_key":"applicationmanagecatalogs-display-component---detailCatalog--ObjectPageLayout-anchBar-application-managecatalogs-display-component---detailCatalog--sectionRUs-anchor"}]}
RESULT: undefined
COMMAND: POST /session/fb20b4d5f8187ef355fd25bb9ed00552/element - {"using":"xpath","value":"//*[@id=\"application-managecatalogs-display-component---detailCatalog--ObjectPageLayout-anchBar-application-managecatalogs-display-component---detailCatalog--sectionRUs-anchor\"]"}
RESULT: {}
RESULT: {"using":"xpath","value":"//*[@id=\"application-managecatalogs-display-component---detailCatalog--ObjectPageLayout-anchBar-application-managecatalogs-display-component---detailCatalog--sectionRUs-anchor\"]"}
COMMAND: POST /session/fb20b4d5f8187ef355fd25bb9ed00552/element/f.8D83D8F609E9C53C70C061F545E12C0C.d.217AA9BF470C00182B77E4446EF69D14.e.4690/click - {}
RESULT: {}
COMMAND: POST /session/fb20b4d5f8187ef355fd25bb9ed00552/element - {"using":"xpath","value":"//button[contains(@data-kt ,\"catalogItemAssignRuButton\")]"}
COMMAND: GET /session/fb20b4d5f8187ef355fd25bb9ed00552/screenshot - {}
RESULT: {"using":"xpath","value":"//button[contains(@data-kt ,\"catalogItemAssignRuButton\")]"}
COMMAND: POST /session/fb20b4d5f8187ef355fd25bb9ed00552/element/f.8D83D8F609E9C53C70C061F545E12C0C.d.217AA9BF470C00182B77E4446EF69D14.e.4696/click - {}
RESULT: {}
RESULT: {}
COMMAND: GET /session/fb20b4d5f8187ef355fd25bb9ed00552/screenshot - {}
RESULT: {}
COMMAND: POST /session/fb20b4d5f8187ef355fd25bb9ed00552/actions - {"actions":[{"id":"action15","type":"key","parameters":{},"actions":[{"type":"keyDown","value":"î€‡"},{"type":"pause","duration":10},{"type":"keyUp","value":"î€‡"}]}]}
RESULT: {"actions":[{"id":"action15","type":"key","parameters":{},"actions":[{"type":"keyDown","value":"î€‡"},{"type":"pause","duration":10},{"type":"keyUp","value":"î€‡"}]}]}
COMMAND: POST /session/fb20b4d5f8187ef355fd25bb9ed00552/execute/async - {"script":"<script> [1562 bytes]","args":[{"selector":{"id":"application-managecatalogs-display-component---detailCatalog--assignRUSearchField-vhi","searchOpenDialogs":true},"wdio_ui5_key":"applicationmanagecatalogs-display-component---detailCatalog--assignRUSearchField-vhi"}]}
COMMAND: GET /session/fb20b4d5f8187ef355fd25bb9ed00552/screenshot - {}
RESULT: {"script":"<script> [1562 bytes]","args":[{"selector":{"id":"application-managecatalogs-display-component---detailCatalog--assignRUSearchField-vhi","searchOpenDialogs":true},"wdio_ui5_key":"applicationmanagecatalogs-display-component---detailCatalog--assignRUSearchField-vhi"}]}
RESULT: undefined
COMMAND: POST /session/fb20b4d5f8187ef355fd25bb9ed00552/element - {"using":"xpath","value":"//*[@id=\"application-managecatalogs-display-component---detailCatalog--assignRUSearchField-vhi\"]"}
RESULT: {}
RESULT: {"using":"xpath","value":"//*[@id=\"application-managecatalogs-display-component---detailCatalog--assignRUSearchField-vhi\"]"}
COMMAND: POST /session/fb20b4d5f8187ef355fd25bb9ed00552/element/f.8D83D8F609E9C53C70C061F545E12C0C.d.217AA9BF470C00182B77E4446EF69D14.e.4717/click - {}
RESULT: {}
COMMAND: GET /session/fb20b4d5f8187ef355fd25bb9ed00552/screenshot - {}
RESULT: {}
COMMAND: POST /session/fb20b4d5f8187ef355fd25bb9ed00552/element - {"using":"xpath","value":"//input[contains(@id ,\"searchField-I\")]"}
RESULT: {"using":"xpath","value":"//input[contains(@id ,\"searchField-I\")]"}
COMMAND: POST /session/fb20b4d5f8187ef355fd25bb9ed00552/element/f.8D83D8F609E9C53C70C061F545E12C0C.d.217AA9BF470C00182B77E4446EF69D14.e.4719/clear - {}
RESULT: {}
COMMAND: POST /session/fb20b4d5f8187ef355fd25bb9ed00552/element/f.8D83D8F609E9C53C70C061F545E12C0C.d.217AA9BF470C00182B77E4446EF69D14.e.4719/value - {"text":"WdIOR2cEquip9g436i"}
COMMAND: GET /session/fb20b4d5f8187ef355fd25bb9ed00552/screenshot - {}
RESULT: {"text":"WdIOR2cEquip9g436i"}
COMMAND: GET /session/fb20b4d5f8187ef355fd25bb9ed00552/screenshot - {}
RESULT: {}
RESULT: {}
COMMAND: POST /session/fb20b4d5f8187ef355fd25bb9ed00552/actions - {"actions":[{"id":"action16","type":"key","parameters":{},"actions":[{"type":"keyDown","value":"î€‡"},{"type":"pause","duration":10},{"type":"keyUp","value":"î€‡"}]}]}
RESULT: {"actions":[{"id":"action16","type":"key","parameters":{},"actions":[{"type":"keyDown","value":"î€‡"},{"type":"pause","duration":10},{"type":"keyUp","value":"î€‡"}]}]}
COMMAND: GET /session/fb20b4d5f8187ef355fd25bb9ed00552/screenshot - {}
RESULT: {}
COMMAND: POST /session/fb20b4d5f8187ef355fd25bb9ed00552/actions - {"actions":[{"id":"action17","type":"key","parameters":{},"actions":[{"type":"keyDown","value":"î€„"},{"type":"pause","duration":10},{"type":"keyUp","value":"î€„"}]}]}
RESULT: {"actions":[{"id":"action17","type":"key","parameters":{},"actions":[{"type":"keyDown","value":"î€„"},{"type":"pause","duration":10},{"type":"keyUp","value":"î€„"}]}]}
COMMAND: GET /session/fb20b4d5f8187ef355fd25bb9ed00552/screenshot - {}
RESULT: {}
COMMAND: POST /session/fb20b4d5f8187ef355fd25bb9ed00552/actions - {"actions":[{"id":"action18","type":"key","parameters":{},"actions":[{"type":"keyDown","value":"î€‡"},{"type":"pause","duration":10},{"type":"keyUp","value":"î€‡"}]}]}
RESULT: {"actions":[{"id":"action18","type":"key","parameters":{},"actions":[{"type":"keyDown","value":"î€‡"},{"type":"pause","duration":10},{"type":"keyUp","value":"î€‡"}]}]}
COMMAND: GET /session/fb20b4d5f8187ef355fd25bb9ed00552/screenshot - {}
RESULT: {}
COMMAND: POST /session/fb20b4d5f8187ef355fd25bb9ed00552/element - {"using":"xpath","value":"//bdi[contains(@id ,\"application-managecatalogs-display-component---detailCatalog--RUAssignmentSaveButton-BDI-content\")]"}
RESULT: {"using":"xpath","value":"//bdi[contains(@id ,\"application-managecatalogs-display-component---detailCatalog--RUAssignmentSaveButton-BDI-content\")]"}
COMMAND: POST /session/fb20b4d5f8187ef355fd25bb9ed00552/element/f.8D83D8F609E9C53C70C061F545E12C0C.d.217AA9BF470C00182B77E4446EF69D14.e.4756/click - {}
RESULT: {}
COMMAND: GET /session/fb20b4d5f8187ef355fd25bb9ed00552/screenshot - {}
RESULT: {}
COMMAND: POST /session/fb20b4d5f8187ef355fd25bb9ed00552/element - {"using":"xpath","value":"//bdi[contains(@id ,\"application-managecatalogs-display-component---detailCatalog--ObjectPageLayout-anchBar-application-managecatalogs-display-component---detailCatalog--sectionRUs-anchor-BDI-content\")]"}
RESULT: {"using":"xpath","value":"//bdi[contains(@id ,\"application-managecatalogs-display-component---detailCatalog--ObjectPageLayout-anchBar-application-managecatalogs-display-component---detailCatalog--sectionRUs-anchor-BDI-content\")]"}
COMMAND: POST /session/fb20b4d5f8187ef355fd25bb9ed00552/element/f.8D83D8F609E9C53C70C061F545E12C0C.d.217AA9BF470C00182B77E4446EF69D14.e.4777/click - {}
RESULT: {}
COMMAND: GET /session/fb20b4d5f8187ef355fd25bb9ed00552/screenshot - {}
RESULT: {}
COMMAND: POST /session/fb20b4d5f8187ef355fd25bb9ed00552/element - {"using":"xpath","value":"//button[contains(@data-kt ,\"catalogItemAssignRuButton\")]"}
RESULT: {"using":"xpath","value":"//button[contains(@data-kt ,\"catalogItemAssignRuButton\")]"}
COMMAND: POST /session/fb20b4d5f8187ef355fd25bb9ed00552/element/f.8D83D8F609E9C53C70C061F545E12C0C.d.217AA9BF470C00182B77E4446EF69D14.e.4696/click - {}
RESULT: {}
COMMAND: GET /session/fb20b4d5f8187ef355fd25bb9ed00552/screenshot - {}
RESULT: {}
COMMAND: POST /session/fb20b4d5f8187ef355fd25bb9ed00552/actions - {"actions":[{"id":"action19","type":"key","parameters":{},"actions":[{"type":"keyDown","value":"î€‡"},{"type":"pause","duration":10},{"type":"keyUp","value":"î€‡"}]}]}
RESULT: {"actions":[{"id":"action19","type":"key","parameters":{},"actions":[{"type":"keyDown","value":"î€‡"},{"type":"pause","duration":10},{"type":"keyUp","value":"î€‡"}]}]}
RESULT: undefined
COMMAND: POST /session/fb20b4d5f8187ef355fd25bb9ed00552/element - {"using":"xpath","value":"//*[@id=\"application-managecatalogs-display-component---detailCatalog--assignRUSearchField-vhi\"]"}
COMMAND: GET /session/fb20b4d5f8187ef355fd25bb9ed00552/screenshot - {}
RESULT: {"using":"xpath","value":"//*[@id=\"application-managecatalogs-display-component---detailCatalog--assignRUSearchField-vhi\"]"}
COMMAND: POST /session/fb20b4d5f8187ef355fd25bb9ed00552/elements - {"using":"xpath","value":"//*[@id=\"application-managecatalogs-display-component---detailCatalog--assignRUSearchField-vhi\"]"}
RESULT: {}
RESULT: {"using":"xpath","value":"//*[@id=\"application-managecatalogs-display-component---detailCatalog--assignRUSearchField-vhi\"]"}
COMMAND: POST /session/fb20b4d5f8187ef355fd25bb9ed00552/element - {"using":"xpath","value":"//*[@id=\"application-managecatalogs-display-component---detailCatalog--assignRUSearchField-vhi\"]"}
RESULT: {"using":"xpath","value":"//*[@id=\"application-managecatalogs-display-component---detailCatalog--assignRUSearchField-vhi\"]"}
COMMAND: POST /session/fb20b4d5f8187ef355fd25bb9ed00552/element/f.8D83D8F609E9C53C70C061F545E12C0C.d.217AA9BF470C00182B77E4446EF69D14.e.4798/click - {}
RESULT: {}
COMMAND: POST /session/fb20b4d5f8187ef355fd25bb9ed00552/execute/async - {"script":"<script> [1562 bytes]","args":[{"selector":{"controlType":"sap.m.SearchField","viewName":"etm.portal.ui.managecatalogs.view.Detail","viewId":"application-managecatalogs-display-component---detailCatalog","searchOpenDialogs":true,"interaction":{"idSuffix":"I"}},"wdio_ui5_key":"etmportal.ui.managecatalogs.view.Detailsap.m.SearchField"}]}
COMMAND: GET /session/fb20b4d5f8187ef355fd25bb9ed00552/screenshot - {}
RESULT: {"script":"<script> [1562 bytes]","args":[{"selector":{"controlType":"sap.m.SearchField","viewName":"etm.portal.ui.managecatalogs.view.Detail","viewId":"application-managecatalogs-display-component---detailCatalog","searchOpenDialogs":true,"interaction":{"idSuffix":"I"}},"wdio_ui5_key":"etmportal.ui.managecatalogs.view.Detailsap.m.SearchField"}]}
RESULT: undefined
COMMAND: POST /session/fb20b4d5f8187ef355fd25bb9ed00552/execute/async - {"script":"<script> [776 bytes]","args":[{"enterText":"WebdriverRUR2C2jn1j","selector":{"controlType":"sap.m.SearchField","viewName":"etm.portal.ui.managecatalogs.view.Detail","viewId":"application-managecatalogs-display-component---detailCatalog","searchOpenDialogs":true,"interaction":{"idSuffix":"I"}},"clearTextFirst":true,"interactionType":"ENTER_TEXT"}]}
RESULT: {}
RESULT: {"script":"<script> [776 bytes]","args":[{"enterText":"WebdriverRUR2C2jn1j","selector":{"controlType":"sap.m.SearchField","viewName":"etm.portal.ui.managecatalogs.view.Detail","viewId":"application-managecatalogs-display-component---detailCatalog","searchOpenDialogs":true,"interaction":{"idSuffix":"I"}},"clearTextFirst":true,"interactionType":"ENTER_TEXT"}]}
COMMAND: POST /session/fb20b4d5f8187ef355fd25bb9ed00552/actions - {"actions":[{"id":"action20","type":"key","parameters":{},"actions":[{"type":"keyDown","value":"î€‡"},{"type":"pause","duration":10},{"type":"keyUp","value":"î€‡"}]}]}
RESULT: {"actions":[{"id":"action20","type":"key","parameters":{},"actions":[{"type":"keyDown","value":"î€‡"},{"type":"pause","duration":10},{"type":"keyUp","value":"î€‡"}]}]}
COMMAND: GET /session/fb20b4d5f8187ef355fd25bb9ed00552/screenshot - {}
RESULT: {}
COMMAND: POST /session/fb20b4d5f8187ef355fd25bb9ed00552/element - {"using":"xpath","value":"(//span[contains(text(), \"WebdriverRUR2C2jn1j\")])[1]"}
RESULT: {"using":"xpath","value":"(//span[contains(text(), \"WebdriverRUR2C2jn1j\")])[1]"}
COMMAND: POST /session/fb20b4d5f8187ef355fd25bb9ed00552/element/f.8D83D8F609E9C53C70C061F545E12C0C.d.217AA9BF470C00182B77E4446EF69D14.e.4832/click - {}
RESULT: {}
COMMAND: POST /session/fb20b4d5f8187ef355fd25bb9ed00552/execute/async - {"script":"<script> [1562 bytes]","args":[{"selector":{"id":"application-managecatalogs-display-component---detailCatalog--RUAssignmentSaveButton","searchOpenDialogs":true,"interaction":{"idSuffix":"BDI-content"}},"wdio_ui5_key":"applicationmanagecatalogs-display-component---detailCatalog--RUAssignmentSaveButton"}]}
COMMAND: GET /session/fb20b4d5f8187ef355fd25bb9ed00552/screenshot - {}
RESULT: {"script":"<script> [1562 bytes]","args":[{"selector":{"id":"application-managecatalogs-display-component---detailCatalog--RUAssignmentSaveButton","searchOpenDialogs":true,"interaction":{"idSuffix":"BDI-content"}},"wdio_ui5_key":"applicationmanagecatalogs-display-component---detailCatalog--RUAssignmentSaveButton"}]}
RESULT: undefined
COMMAND: POST /session/fb20b4d5f8187ef355fd25bb9ed00552/element - {"using":"xpath","value":"//*[@id=\"application-managecatalogs-display-component---detailCatalog--RUAssignmentSaveButton\"]"}
RESULT: {}
RESULT: {"using":"xpath","value":"//*[@id=\"application-managecatalogs-display-component---detailCatalog--RUAssignmentSaveButton\"]"}
COMMAND: POST /session/fb20b4d5f8187ef355fd25bb9ed00552/element/f.8D83D8F609E9C53C70C061F545E12C0C.d.217AA9BF470C00182B77E4446EF69D14.e.4835/click - {}
RESULT: {}
COMMAND: GET /session/fb20b4d5f8187ef355fd25bb9ed00552/screenshot - {}
RESULT: {}
COMMAND: POST /session/fb20b4d5f8187ef355fd25bb9ed00552/element - {"using":"xpath","value":"//bdi[contains(text(), \"Save\")]"}
RESULT: {"using":"xpath","value":"//bdi[contains(text(), \"Save\")]"}
COMMAND: POST /session/fb20b4d5f8187ef355fd25bb9ed00552/element/f.8D83D8F609E9C53C70C061F545E12C0C.d.217AA9BF470C00182B77E4446EF69D14.e.4858/click - {}
RESULT: {}
COMMAND: GET /session/fb20b4d5f8187ef355fd25bb9ed00552/screenshot - {}
RESULT: {}
COMMAND: POST /session/fb20b4d5f8187ef355fd25bb9ed00552/element - {"using":"css selector","value":"#shell-header-logo"}
RESULT: {"using":"css selector","value":"#shell-header-logo"}
COMMAND: POST /session/fb20b4d5f8187ef355fd25bb9ed00552/element/f.8D83D8F609E9C53C70C061F545E12C0C.d.217AA9BF470C00182B77E4446EF69D14.e.4490/click - {}
RESULT: {}
COMMAND: GET /session/fb20b4d5f8187ef355fd25bb9ed00552/screenshot - {}
]]></system-out>
    </testcase>
    <testcase classname="chrome.135_0_7049_96.windows.Standard_contract_-_add_contract_items_by_Insert_Request_US118222" name="Should create a new contract" time="89.301">
      <system-out><![CDATA[
COMMAND: POST /session/fb20b4d5f8187ef355fd25bb9ed00552/execute/async - {"script":"<script> [1562 bytes]","args":[{"selector":{"controlType":"sap.m.Text","viewName":"etm.portal.ui.managecontractstile.view.Master","properties":{"text":"Manage Contracts"},"interaction":{"idSuffix":"inner"}},"wdio_ui5_key":"etmportal.ui.managecontractstile.view.Mastersap.m.Text{\"text\":\"Manage Contracts\"}"}]}
RESULT: {}
RESULT: {"script":"<script> [1562 bytes]","args":[{"selector":{"controlType":"sap.m.Text","viewName":"etm.portal.ui.managecontractstile.view.Master","properties":{"text":"Manage Contracts"},"interaction":{"idSuffix":"inner"}},"wdio_ui5_key":"etmportal.ui.managecontractstile.view.Mastersap.m.Text{\"text\":\"Manage Contracts\"}"}]}
RESULT: undefined
COMMAND: POST /session/fb20b4d5f8187ef355fd25bb9ed00552/element - {"using":"xpath","value":"//*[@id=\"__tile130-title\"]"}
RESULT: {"using":"xpath","value":"//*[@id=\"__tile130-title\"]"}
COMMAND: POST /session/fb20b4d5f8187ef355fd25bb9ed00552/element/f.8D83D8F609E9C53C70C061F545E12C0C.d.217AA9BF470C00182B77E4446EF69D14.e.4892/click - {}
RESULT: {}
COMMAND: GET /session/fb20b4d5f8187ef355fd25bb9ed00552/screenshot - {}
RESULT: {}
COMMAND: POST /session/fb20b4d5f8187ef355fd25bb9ed00552/element - {"using":"xpath","value":"//button[@data-kt=\"addButton\"]"}
RESULT: {"using":"xpath","value":"//button[@data-kt=\"addButton\"]"}
COMMAND: POST /session/fb20b4d5f8187ef355fd25bb9ed00552/elements - {"using":"xpath","value":"//button[@data-kt=\"addButton\"]"}
RESULT: {"using":"xpath","value":"//button[@data-kt=\"addButton\"]"}
COMMAND: POST /session/fb20b4d5f8187ef355fd25bb9ed00552/elements - {"using":"xpath","value":"//button[@data-kt=\"addButton\"]"}
RESULT: {"using":"xpath","value":"//button[@data-kt=\"addButton\"]"}
COMMAND: POST /session/fb20b4d5f8187ef355fd25bb9ed00552/elements - {"using":"xpath","value":"//button[@data-kt=\"addButton\"]"}
RESULT: {"using":"xpath","value":"//button[@data-kt=\"addButton\"]"}
COMMAND: POST /session/fb20b4d5f8187ef355fd25bb9ed00552/elements - {"using":"xpath","value":"//button[@data-kt=\"addButton\"]"}
RESULT: {"using":"xpath","value":"//button[@data-kt=\"addButton\"]"}
COMMAND: POST /session/fb20b4d5f8187ef355fd25bb9ed00552/element - {"using":"xpath","value":"//button[@data-kt=\"addButton\"]"}
RESULT: {"using":"xpath","value":"//button[@data-kt=\"addButton\"]"}
COMMAND: POST /session/fb20b4d5f8187ef355fd25bb9ed00552/element/f.8D83D8F609E9C53C70C061F545E12C0C.d.217AA9BF470C00182B77E4446EF69D14.e.4933/click - {}
RESULT: {}
COMMAND: GET /session/fb20b4d5f8187ef355fd25bb9ed00552/screenshot - {}
RESULT: {}
COMMAND: POST /session/fb20b4d5f8187ef355fd25bb9ed00552/execute/async - {"script":"<script> [1562 bytes]","args":[{"selector":{"id":"application-managecontracts-display-component---AddNewContract--projectDescription","interaction":{"idSuffix":"inner"}},"wdio_ui5_key":"applicationmanagecontracts-display-component---AddNewContract--projectDescription"}]}
RESULT: {"script":"<script> [1562 bytes]","args":[{"selector":{"id":"application-managecontracts-display-component---AddNewContract--projectDescription","interaction":{"idSuffix":"inner"}},"wdio_ui5_key":"applicationmanagecontracts-display-component---AddNewContract--projectDescription"}]}
RESULT: undefined
COMMAND: POST /session/fb20b4d5f8187ef355fd25bb9ed00552/execute/async - {"script":"<script> [776 bytes]","args":[{"enterText":"WdIOR2c20bda","selector":{"id":"application-managecontracts-display-component---AddNewContract--projectDescription","interaction":{"idSuffix":"inner"}},"clearTextFirst":true,"interactionType":"ENTER_TEXT"}]}
RESULT: {"script":"<script> [776 bytes]","args":[{"enterText":"WdIOR2c20bda","selector":{"id":"application-managecontracts-display-component---AddNewContract--projectDescription","interaction":{"idSuffix":"inner"}},"clearTextFirst":true,"interactionType":"ENTER_TEXT"}]}
COMMAND: POST /session/fb20b4d5f8187ef355fd25bb9ed00552/element - {"using":"xpath","value":"//input[@id=\"application-managecontracts-display-component---AddNewContract--yardId-inner\"]"}
RESULT: {"using":"xpath","value":"//input[@id=\"application-managecontracts-display-component---AddNewContract--yardId-inner\"]"}
COMMAND: POST /session/fb20b4d5f8187ef355fd25bb9ed00552/element/f.8D83D8F609E9C53C70C061F545E12C0C.d.217AA9BF470C00182B77E4446EF69D14.e.5253/clear - {}
RESULT: {}
COMMAND: POST /session/fb20b4d5f8187ef355fd25bb9ed00552/element/f.8D83D8F609E9C53C70C061F545E12C0C.d.217AA9BF470C00182B77E4446EF69D14.e.5253/value - {"text":"WebdriverYardc3n9w"}
COMMAND: GET /session/fb20b4d5f8187ef355fd25bb9ed00552/screenshot - {}
RESULT: {"text":"WebdriverYardc3n9w"}
COMMAND: GET /session/fb20b4d5f8187ef355fd25bb9ed00552/screenshot - {}
RESULT: {}
RESULT: {}
COMMAND: POST /session/fb20b4d5f8187ef355fd25bb9ed00552/actions - {"actions":[{"id":"action21","type":"key","parameters":{},"actions":[{"type":"keyDown","value":"î€‡"},{"type":"pause","duration":10},{"type":"keyUp","value":"î€‡"}]}]}
RESULT: {"actions":[{"id":"action21","type":"key","parameters":{},"actions":[{"type":"keyDown","value":"î€‡"},{"type":"pause","duration":10},{"type":"keyUp","value":"î€‡"}]}]}
COMMAND: GET /session/fb20b4d5f8187ef355fd25bb9ed00552/screenshot - {}
RESULT: {}
COMMAND: POST /session/fb20b4d5f8187ef355fd25bb9ed00552/element - {"using":"xpath","value":"//input[@id=\"application-managecontracts-display-component---AddNewContract--customerSelect-inner\"]"}
RESULT: {"using":"xpath","value":"//input[@id=\"application-managecontracts-display-component---AddNewContract--customerSelect-inner\"]"}
COMMAND: POST /session/fb20b4d5f8187ef355fd25bb9ed00552/element/f.8D83D8F609E9C53C70C061F545E12C0C.d.217AA9BF470C00182B77E4446EF69D14.e.5251/clear - {}
RESULT: {}
COMMAND: POST /session/fb20b4d5f8187ef355fd25bb9ed00552/element/f.8D83D8F609E9C53C70C061F545E12C0C.d.217AA9BF470C00182B77E4446EF69D14.e.5251/value - {"text":"WebdriverPartnergreic"}
COMMAND: GET /session/fb20b4d5f8187ef355fd25bb9ed00552/screenshot - {}
RESULT: {"text":"WebdriverPartnergreic"}
COMMAND: GET /session/fb20b4d5f8187ef355fd25bb9ed00552/screenshot - {}
RESULT: {}
RESULT: {}
COMMAND: POST /session/fb20b4d5f8187ef355fd25bb9ed00552/actions - {"actions":[{"id":"action22","type":"key","parameters":{},"actions":[{"type":"keyDown","value":"î€‡"},{"type":"pause","duration":10},{"type":"keyUp","value":"î€‡"}]}]}
RESULT: {"actions":[{"id":"action22","type":"key","parameters":{},"actions":[{"type":"keyDown","value":"î€‡"},{"type":"pause","duration":10},{"type":"keyUp","value":"î€‡"}]}]}
COMMAND: GET /session/fb20b4d5f8187ef355fd25bb9ed00552/screenshot - {}
RESULT: {}
COMMAND: POST /session/fb20b4d5f8187ef355fd25bb9ed00552/element - {"using":"xpath","value":"//input[@id=\"application-managecontracts-display-component---AddNewContract--site-inner\"]"}
RESULT: {"using":"xpath","value":"//input[@id=\"application-managecontracts-display-component---AddNewContract--site-inner\"]"}
COMMAND: POST /session/fb20b4d5f8187ef355fd25bb9ed00552/element/f.8D83D8F609E9C53C70C061F545E12C0C.d.217AA9BF470C00182B77E4446EF69D14.e.5252/clear - {}
RESULT: {}
COMMAND: POST /session/fb20b4d5f8187ef355fd25bb9ed00552/element/f.8D83D8F609E9C53C70C061F545E12C0C.d.217AA9BF470C00182B77E4446EF69D14.e.5252/value - {"text":"WebdriverSitewtuqu"}
COMMAND: GET /session/fb20b4d5f8187ef355fd25bb9ed00552/screenshot - {}
RESULT: {"text":"WebdriverSitewtuqu"}
COMMAND: GET /session/fb20b4d5f8187ef355fd25bb9ed00552/screenshot - {}
RESULT: {}
RESULT: {}
COMMAND: POST /session/fb20b4d5f8187ef355fd25bb9ed00552/actions - {"actions":[{"id":"action23","type":"key","parameters":{},"actions":[{"type":"keyDown","value":"î€‡"},{"type":"pause","duration":10},{"type":"keyUp","value":"î€‡"}]}]}
RESULT: {"actions":[{"id":"action23","type":"key","parameters":{},"actions":[{"type":"keyDown","value":"î€‡"},{"type":"pause","duration":10},{"type":"keyUp","value":"î€‡"}]}]}
COMMAND: GET /session/fb20b4d5f8187ef355fd25bb9ed00552/screenshot - {}
COMMAND: POST /session/fb20b4d5f8187ef355fd25bb9ed00552/element - {"using":"xpath","value":"//button[@data-kt=\"saveButton\"]"}
RESULT: {}
RESULT: {"using":"xpath","value":"//button[@data-kt=\"saveButton\"]"}
COMMAND: POST /session/fb20b4d5f8187ef355fd25bb9ed00552/element/f.8D83D8F609E9C53C70C061F545E12C0C.d.217AA9BF470C00182B77E4446EF69D14.e.5268/click - {}
RESULT: {}
COMMAND: GET /session/fb20b4d5f8187ef355fd25bb9ed00552/screenshot - {}
RESULT: {}
COMMAND: POST /session/fb20b4d5f8187ef355fd25bb9ed00552/execute/async - {"script":"<script> [1562 bytes]","args":[{"selector":{"id":"contractDetailTitleNoExpanded","viewName":"etm.portal.ui.managecontracts.view.Detail"},"wdio_ui5_key":"contractDetailTitleNoExpandedetmportal.ui.managecontracts.view.Detail"}]}
RESULT: {"script":"<script> [1562 bytes]","args":[{"selector":{"id":"contractDetailTitleNoExpanded","viewName":"etm.portal.ui.managecontracts.view.Detail"},"wdio_ui5_key":"contractDetailTitleNoExpandedetmportal.ui.managecontracts.view.Detail"}]}
RESULT: undefined
COMMAND: POST /session/fb20b4d5f8187ef355fd25bb9ed00552/execute/async - {"script":"<script> [6424 bytes]","args":[{"element-6066-11e4-a52e-4f735466cecf":"f.8D83D8F609E9C53C70C061F545E12C0C.d.217AA9BF470C00182B77E4446EF69D14.e.5294"},"getText",[]]}
RESULT: {"script":"<script> [6424 bytes]","args":[{"element-6066-11e4-a52e-4f735466cecf":"f.8D83D8F609E9C53C70C061F545E12C0C.d.217AA9BF470C00182B77E4446EF69D14.e.5294"},"getText",[]]}
]]></system-out>
    </testcase>
    <testcase classname="chrome.135_0_7049_96.windows.Standard_contract_-_add_contract_items_by_Insert_Request_US118222" name="Should create a new request and plan it" time="175.95">
      <system-out><![CDATA[
COMMAND: POST /session/fb20b4d5f8187ef355fd25bb9ed00552/element - {"using":"css selector","value":"#shell-header-logo"}
RESULT: {"using":"css selector","value":"#shell-header-logo"}
COMMAND: POST /session/fb20b4d5f8187ef355fd25bb9ed00552/element/f.8D83D8F609E9C53C70C061F545E12C0C.d.217AA9BF470C00182B77E4446EF69D14.e.4895/click - {}
RESULT: {}
COMMAND: GET /session/fb20b4d5f8187ef355fd25bb9ed00552/screenshot - {}
RESULT: {}
COMMAND: POST /session/fb20b4d5f8187ef355fd25bb9ed00552/execute/async - {"script":"<script> [1562 bytes]","args":[{"selector":{"controlType":"sap.m.GenericTile","properties":{"header":"Manage Requests"}},"wdio_ui5_key":"sapm.GenericTile{\"header\":\"Manage Requests\"}"}]}
RESULT: {"script":"<script> [1562 bytes]","args":[{"selector":{"controlType":"sap.m.GenericTile","properties":{"header":"Manage Requests"}},"wdio_ui5_key":"sapm.GenericTile{\"header\":\"Manage Requests\"}"}]}
RESULT: undefined
COMMAND: POST /session/fb20b4d5f8187ef355fd25bb9ed00552/element - {"using":"xpath","value":"//*[@id=\"__tile47\"]"}
RESULT: {"using":"xpath","value":"//*[@id=\"__tile47\"]"}
COMMAND: POST /session/fb20b4d5f8187ef355fd25bb9ed00552/element/f.8D83D8F609E9C53C70C061F545E12C0C.d.217AA9BF470C00182B77E4446EF69D14.e.5297/click - {}
RESULT: {}
COMMAND: GET /session/fb20b4d5f8187ef355fd25bb9ed00552/screenshot - {}
RESULT: {}
COMMAND: POST /session/fb20b4d5f8187ef355fd25bb9ed00552/element - {"using":"xpath","value":"//button[contains(@data-kt ,\"btnCreateNewOverflowToolbarButton\")]"}
COMMAND: POST /session/fb20b4d5f8187ef355fd25bb9ed00552/element - {"using":"xpath","value":"(//span[contains(@class ,\"sapMObjStatusText\")])[1]"}
RESULT: {"using":"xpath","value":"//button[contains(@data-kt ,\"btnCreateNewOverflowToolbarButton\")]"}
COMMAND: POST /session/fb20b4d5f8187ef355fd25bb9ed00552/element/f.8D83D8F609E9C53C70C061F545E12C0C.d.217AA9BF470C00182B77E4446EF69D14.e.5335/click - {}
RESULT: {"using":"xpath","value":"(//span[contains(@class ,\"sapMObjStatusText\")])[1]"}
COMMAND: POST /session/fb20b4d5f8187ef355fd25bb9ed00552/execute/sync - {"script":"<script> [8489 bytes]","args":[{"element-6066-11e4-a52e-4f735466cecf":"f.8D83D8F609E9C53C70C061F545E12C0C.d.217AA9BF470C00182B77E4446EF69D14.e.5401","ELEMENT":"f.8D83D8F609E9C53C70C061F545E12C0C.d.217AA9BF470C00182B77E4446EF69D14.e.5401"}]}
RESULT: {}
COMMAND: GET /session/fb20b4d5f8187ef355fd25bb9ed00552/screenshot - {}
COMMAND: POST /session/fb20b4d5f8187ef355fd25bb9ed00552/element - {"using":"xpath","value":"(//span[contains(@class ,\"sapMObjStatusText\")])[1]"}
RESULT: {}
RESULT: {"using":"xpath","value":"(//span[contains(@class ,\"sapMObjStatusText\")])[1]"}
COMMAND: POST /session/fb20b4d5f8187ef355fd25bb9ed00552/execute/sync - {"script":"<script> [8489 bytes]","args":[{"element-6066-11e4-a52e-4f735466cecf":"f.8D83D8F609E9C53C70C061F545E12C0C.d.217AA9BF470C00182B77E4446EF69D14.e.5744","ELEMENT":"f.8D83D8F609E9C53C70C061F545E12C0C.d.217AA9BF470C00182B77E4446EF69D14.e.5744"}]}
RESULT: {"script":"<script> [8489 bytes]","args":[{"element-6066-11e4-a52e-4f735466cecf":"f.8D83D8F609E9C53C70C061F545E12C0C.d.217AA9BF470C00182B77E4446EF69D14.e.5744","ELEMENT":"f.8D83D8F609E9C53C70C061F545E12C0C.d.217AA9BF470C00182B77E4446EF69D14.e.5744"}]}
COMMAND: GET /session/fb20b4d5f8187ef355fd25bb9ed00552/screenshot - {}
RESULT: {}
COMMAND: POST /session/fb20b4d5f8187ef355fd25bb9ed00552/element - {"using":"xpath","value":"//input[contains(@id ,\"yardId-inner\")]"}
RESULT: {"using":"xpath","value":"//input[contains(@id ,\"yardId-inner\")]"}
COMMAND: POST /session/fb20b4d5f8187ef355fd25bb9ed00552/execute/sync - {"script":"<script> [8489 bytes]","args":[{"element-6066-11e4-a52e-4f735466cecf":"f.8D83D8F609E9C53C70C061F545E12C0C.d.217AA9BF470C00182B77E4446EF69D14.e.5617","ELEMENT":"f.8D83D8F609E9C53C70C061F545E12C0C.d.217AA9BF470C00182B77E4446EF69D14.e.5617"}]}
RESULT: {"script":"<script> [8489 bytes]","args":[{"element-6066-11e4-a52e-4f735466cecf":"f.8D83D8F609E9C53C70C061F545E12C0C.d.217AA9BF470C00182B77E4446EF69D14.e.5617","ELEMENT":"f.8D83D8F609E9C53C70C061F545E12C0C.d.217AA9BF470C00182B77E4446EF69D14.e.5617"}]}
COMMAND: POST /session/fb20b4d5f8187ef355fd25bb9ed00552/element - {"using":"xpath","value":"//input[contains(@id ,\"requestContractNo-inner\")]"}
COMMAND: POST /session/fb20b4d5f8187ef355fd25bb9ed00552/element - {"using":"xpath","value":"//input[contains(@id ,\"requestContractNo-inner\")]"}
COMMAND: GET /session/fb20b4d5f8187ef355fd25bb9ed00552/screenshot - {}
RESULT: {"using":"xpath","value":"//input[contains(@id ,\"requestContractNo-inner\")]"}
COMMAND: POST /session/fb20b4d5f8187ef355fd25bb9ed00552/element/f.8D83D8F609E9C53C70C061F545E12C0C.d.217AA9BF470C00182B77E4446EF69D14.e.5612/value - {"text":"10352"}
RESULT: {"using":"xpath","value":"//input[contains(@id ,\"requestContractNo-inner\")]"}
COMMAND: GET /session/fb20b4d5f8187ef355fd25bb9ed00552/element/f.8D83D8F609E9C53C70C061F545E12C0C.d.217AA9BF470C00182B77E4446EF69D14.e.5612/enabled - {}
RESULT: {}
RESULT: {"text":"10352"}
COMMAND: GET /session/fb20b4d5f8187ef355fd25bb9ed00552/screenshot - {}
RESULT: {}
COMMAND: GET /session/fb20b4d5f8187ef355fd25bb9ed00552/screenshot - {}
RESULT: {}
RESULT: {}
COMMAND: POST /session/fb20b4d5f8187ef355fd25bb9ed00552/actions - {"actions":[{"id":"action24","type":"key","parameters":{},"actions":[{"type":"keyDown","value":"î€‡"},{"type":"pause","duration":10},{"type":"keyUp","value":"î€‡"}]}]}
RESULT: {"actions":[{"id":"action24","type":"key","parameters":{},"actions":[{"type":"keyDown","value":"î€‡"},{"type":"pause","duration":10},{"type":"keyUp","value":"î€‡"}]}]}
COMMAND: GET /session/fb20b4d5f8187ef355fd25bb9ed00552/screenshot - {}
RESULT: {}
COMMAND: POST /session/fb20b4d5f8187ef355fd25bb9ed00552/execute/async - {"script":"<script> [1562 bytes]","args":[{"selector":{"controlType":"sap.ui.core.Icon","viewName":"etm.portal.ui.managerequests.view.NewRequest","properties":{"src":{"regex":{"source":"add"}}}},"wdio_ui5_key":"etmportal.ui.managerequests.view.NewRequestsap.ui.core.Icon{\"src\":{\"regex\":{\"source\":\"add\"}}}"}]}
RESULT: {"script":"<script> [1562 bytes]","args":[{"selector":{"controlType":"sap.ui.core.Icon","viewName":"etm.portal.ui.managerequests.view.NewRequest","properties":{"src":{"regex":{"source":"add"}}}},"wdio_ui5_key":"etmportal.ui.managerequests.view.NewRequestsap.ui.core.Icon{\"src\":{\"regex\":{\"source\":\"add\"}}}"}]}
RESULT: undefined
COMMAND: POST /session/fb20b4d5f8187ef355fd25bb9ed00552/element - {"using":"xpath","value":"//*[@id=\"__xmlview61--btnAddTableRow-img\"]"}
RESULT: {"using":"xpath","value":"//*[@id=\"__xmlview61--btnAddTableRow-img\"]"}
COMMAND: POST /session/fb20b4d5f8187ef355fd25bb9ed00552/element/f.8D83D8F609E9C53C70C061F545E12C0C.d.217AA9BF470C00182B77E4446EF69D14.e.5591/click - {}
RESULT: {}
COMMAND: GET /session/fb20b4d5f8187ef355fd25bb9ed00552/screenshot - {}
RESULT: {}
COMMAND: POST /session/fb20b4d5f8187ef355fd25bb9ed00552/execute/async - {"script":"<script> [1562 bytes]","args":[{"selector":{"controlType":"sap.ui.unified.MenuItem","viewName":"etm.portal.ui.managerequests.view.NewRequest","i18NText":{"propertyName":"text","key":"standardEntry"},"searchOpenDialogs":true,"interaction":{"idSuffix":"txt"}},"wdio_ui5_key":"etmportal.ui.managerequests.view.NewRequestsap.ui.unified.MenuItem{\"propertyName\":\"text\",\"key\":\"standardEntry\"}"}]}
RESULT: {"script":"<script> [1562 bytes]","args":[{"selector":{"controlType":"sap.ui.unified.MenuItem","viewName":"etm.portal.ui.managerequests.view.NewRequest","i18NText":{"propertyName":"text","key":"standardEntry"},"searchOpenDialogs":true,"interaction":{"idSuffix":"txt"}},"wdio_ui5_key":"etmportal.ui.managerequests.view.NewRequestsap.ui.unified.MenuItem{\"propertyName\":\"text\",\"key\":\"standardEntry\"}"}]}
RESULT: undefined
COMMAND: POST /session/fb20b4d5f8187ef355fd25bb9ed00552/element - {"using":"xpath","value":"//*[@id=\"__item1713\"]"}
RESULT: {"using":"xpath","value":"//*[@id=\"__item1713\"]"}
COMMAND: POST /session/fb20b4d5f8187ef355fd25bb9ed00552/element/f.8D83D8F609E9C53C70C061F545E12C0C.d.217AA9BF470C00182B77E4446EF69D14.e.5756/click - {}
RESULT: {}
COMMAND: GET /session/fb20b4d5f8187ef355fd25bb9ed00552/screenshot - {}
RESULT: {}
RESULT: undefined
COMMAND: POST /session/fb20b4d5f8187ef355fd25bb9ed00552/element - {"using":"xpath","value":"//*[@id=\"__xmlview61--btnAddTableRow-img\"]"}
RESULT: {"using":"xpath","value":"//*[@id=\"__xmlview61--btnAddTableRow-img\"]"}
COMMAND: POST /session/fb20b4d5f8187ef355fd25bb9ed00552/element/f.8D83D8F609E9C53C70C061F545E12C0C.d.217AA9BF470C00182B77E4446EF69D14.e.5591/click - {}
RESULT: {}
COMMAND: GET /session/fb20b4d5f8187ef355fd25bb9ed00552/screenshot - {}
RESULT: {}
RESULT: undefined
COMMAND: POST /session/fb20b4d5f8187ef355fd25bb9ed00552/element - {"using":"xpath","value":"//*[@id=\"__item1713\"]"}
RESULT: {"using":"xpath","value":"//*[@id=\"__item1713\"]"}
COMMAND: POST /session/fb20b4d5f8187ef355fd25bb9ed00552/element/f.8D83D8F609E9C53C70C061F545E12C0C.d.217AA9BF470C00182B77E4446EF69D14.e.5768/click - {}
RESULT: {}
COMMAND: GET /session/fb20b4d5f8187ef355fd25bb9ed00552/screenshot - {}
RESULT: {}
COMMAND: POST /session/fb20b4d5f8187ef355fd25bb9ed00552/element - {"using":"xpath","value":"(//input[contains(@id ,\"requestItemsTable-0-inner\")])[1]"}
RESULT: {"using":"xpath","value":"(//input[contains(@id ,\"requestItemsTable-0-inner\")])[1]"}
COMMAND: POST /session/fb20b4d5f8187ef355fd25bb9ed00552/element/f.8D83D8F609E9C53C70C061F545E12C0C.d.217AA9BF470C00182B77E4446EF69D14.e.5758/clear - {}
RESULT: {}
COMMAND: POST /session/fb20b4d5f8187ef355fd25bb9ed00552/element/f.8D83D8F609E9C53C70C061F545E12C0C.d.217AA9BF470C00182B77E4446EF69D14.e.5758/value - {"text":"catalogItemnoj6x"}
COMMAND: GET /session/fb20b4d5f8187ef355fd25bb9ed00552/screenshot - {}
RESULT: {"text":"catalogItemnoj6x"}
COMMAND: GET /session/fb20b4d5f8187ef355fd25bb9ed00552/screenshot - {}
RESULT: {}
RESULT: {}
COMMAND: POST /session/fb20b4d5f8187ef355fd25bb9ed00552/actions - {"actions":[{"id":"action25","type":"key","parameters":{},"actions":[{"type":"keyDown","value":"î€‡"},{"type":"pause","duration":10},{"type":"keyUp","value":"î€‡"}]}]}
RESULT: {"actions":[{"id":"action25","type":"key","parameters":{},"actions":[{"type":"keyDown","value":"î€‡"},{"type":"pause","duration":10},{"type":"keyUp","value":"î€‡"}]}]}
COMMAND: POST /session/fb20b4d5f8187ef355fd25bb9ed00552/element - {"using":"xpath","value":"(//input[contains(@id ,\"requestItemsTable-1-inner\")])[1]"}
COMMAND: GET /session/fb20b4d5f8187ef355fd25bb9ed00552/screenshot - {}
RESULT: {"using":"xpath","value":"(//input[contains(@id ,\"requestItemsTable-1-inner\")])[1]"}
COMMAND: POST /session/fb20b4d5f8187ef355fd25bb9ed00552/element/f.8D83D8F609E9C53C70C061F545E12C0C.d.217AA9BF470C00182B77E4446EF69D14.e.5770/clear - {}
RESULT: {}
RESULT: {}
COMMAND: POST /session/fb20b4d5f8187ef355fd25bb9ed00552/element/f.8D83D8F609E9C53C70C061F545E12C0C.d.217AA9BF470C00182B77E4446EF69D14.e.5770/value - {"text":"catalogItemnoj6x"}
COMMAND: GET /session/fb20b4d5f8187ef355fd25bb9ed00552/screenshot - {}
RESULT: {"text":"catalogItemnoj6x"}
COMMAND: GET /session/fb20b4d5f8187ef355fd25bb9ed00552/screenshot - {}
RESULT: {}
RESULT: {}
COMMAND: POST /session/fb20b4d5f8187ef355fd25bb9ed00552/actions - {"actions":[{"id":"action26","type":"key","parameters":{},"actions":[{"type":"keyDown","value":"î€‡"},{"type":"pause","duration":10},{"type":"keyUp","value":"î€‡"}]}]}
RESULT: {"actions":[{"id":"action26","type":"key","parameters":{},"actions":[{"type":"keyDown","value":"î€‡"},{"type":"pause","duration":10},{"type":"keyUp","value":"î€‡"}]}]}
COMMAND: GET /session/fb20b4d5f8187ef355fd25bb9ed00552/screenshot - {}
RESULT: {}
COMMAND: POST /session/fb20b4d5f8187ef355fd25bb9ed00552/execute/async - {"script":"<script> [1562 bytes]","args":[{"selector":{"controlType":"sap.ui.core.Icon","viewName":"etm.portal.ui.managerequests.view.NewRequest","properties":{"src":{"regex":{"source":"slim\\-arrow\\-down"}}},"ancestor":{"controlType":"sap.m.Button","viewName":"etm.portal.ui.managerequests.view.NewRequest","properties":{"icon":"sap-icon://slim-arrow-down"}}},"wdio_ui5_key":"etmportal.ui.managerequests.view.NewRequestsap.ui.core.Icon{\"src\":{\"regex\":{\"source\":\"slim\\\\-arrow\\\\-down\"}}}{\"controlType\":\"sap.m.Button\",\"viewName\":\"etm.portal.ui.managerequests.view.NewRequest\",\"properties\":{\"icon\":\"sap-icon://slim-arrow-down\"}}"}]}
RESULT: {"script":"<script> [1562 bytes]","args":[{"selector":{"controlType":"sap.ui.core.Icon","viewName":"etm.portal.ui.managerequests.view.NewRequest","properties":{"src":{"regex":{"source":"slim\\-arrow\\-down"}}},"ancestor":{"controlType":"sap.m.Button","viewName":"etm.portal.ui.managerequests.view.NewRequest","properties":{"icon":"sap-icon://slim-arrow-down"}}},"wdio_ui5_key":"etmportal.ui.managerequests.view.NewRequestsap.ui.core.Icon{\"src\":{\"regex\":{\"source\":\"slim\\\\-arrow\\\\-down\"}}}{\"controlType\":\"sap.m.Button\",\"viewName\":\"etm.portal.ui.managerequests.view.NewRequest\",\"properties\":{\"icon\":\"sap-icon://slim-arrow-down\"}}"}]}
RESULT: undefined
COMMAND: POST /session/fb20b4d5f8187ef355fd25bb9ed00552/element - {"using":"xpath","value":"//*[@id=\"__title48-expandBtn-img\"]"}
RESULT: {"using":"xpath","value":"//*[@id=\"__title48-expandBtn-img\"]"}
COMMAND: POST /session/fb20b4d5f8187ef355fd25bb9ed00552/element/f.8D83D8F609E9C53C70C061F545E12C0C.d.217AA9BF470C00182B77E4446EF69D14.e.5791/click - {}
RESULT: {}
COMMAND: POST /session/fb20b4d5f8187ef355fd25bb9ed00552/element - {"using":"xpath","value":"//div[contains(@data-kt ,\"splitAllocationObjectStatus\")]"}
COMMAND: GET /session/fb20b4d5f8187ef355fd25bb9ed00552/screenshot - {}
RESULT: {"using":"xpath","value":"//div[contains(@data-kt ,\"splitAllocationObjectStatus\")]"}
COMMAND: POST /session/fb20b4d5f8187ef355fd25bb9ed00552/elements - {"using":"xpath","value":"//div[contains(@data-kt ,\"splitAllocationObjectStatus\")]"}
RESULT: {}
RESULT: {"using":"xpath","value":"//div[contains(@data-kt ,\"splitAllocationObjectStatus\")]"}
COMMAND: POST /session/fb20b4d5f8187ef355fd25bb9ed00552/execute/async - {"script":"<script> [1562 bytes]","args":[{"selector":{"controlType":"sap.ui.core.Icon","viewName":"etm.portal.ui.managerequests.view.NewRequest","properties":{"src":{"regex":{"source":"message\\-error"}}},"ancestor":{"controlType":"sap.m.ColumnListItem","viewName":"etm.portal.ui.managerequests.view.NewRequest","bindingPath":{"modelName":"newRequestItems","path":"/RequestItems/0"},"ancestor":{"id":"requestItemsTable","viewName":"etm.portal.ui.managerequests.view.NewRequest"}}},"wdio_ui5_key":"etmportal.ui.managerequests.view.NewRequestsap.ui.core.Icon{\"src\":{\"regex\":{\"source\":\"message\\\\-error\"}}}{\"controlType\":\"sap.m.ColumnListItem\",\"viewName\":\"etm.portal.ui.managerequests.view.NewRequest\",\"bindingPath\":{\"modelName\":\"newRequestItems\",\"path\":\"/RequestItems/0\"},\"ancestor\":{\"id\":\"requestItemsTable\",\"viewName\":\"etm.portal.ui.managerequests.view.NewRequest\"}}"}]}
RESULT: {"script":"<script> [1562 bytes]","args":[{"selector":{"controlType":"sap.ui.core.Icon","viewName":"etm.portal.ui.managerequests.view.NewRequest","properties":{"src":{"regex":{"source":"message\\-error"}}},"ancestor":{"controlType":"sap.m.ColumnListItem","viewName":"etm.portal.ui.managerequests.view.NewRequest","bindingPath":{"modelName":"newRequestItems","path":"/RequestItems/0"},"ancestor":{"id":"requestItemsTable","viewName":"etm.portal.ui.managerequests.view.NewRequest"}}},"wdio_ui5_key":"etmportal.ui.managerequests.view.NewRequestsap.ui.core.Icon{\"src\":{\"regex\":{\"source\":\"message\\\\-error\"}}}{\"controlType\":\"sap.m.ColumnListItem\",\"viewName\":\"etm.portal.ui.managerequests.view.NewRequest\",\"bindingPath\":{\"modelName\":\"newRequestItems\",\"path\":\"/RequestItems/0\"},\"ancestor\":{\"id\":\"requestItemsTable\",\"viewName\":\"etm.portal.ui.managerequests.view.NewRequest\"}}"}]}
RESULT: undefined
COMMAND: POST /session/fb20b4d5f8187ef355fd25bb9ed00552/element - {"using":"xpath","value":"//*[@id=\"__status15-__xmlview61--requestItemsTable-0-icon\"]"}
RESULT: {"using":"xpath","value":"//*[@id=\"__status15-__xmlview61--requestItemsTable-0-icon\"]"}
COMMAND: POST /session/fb20b4d5f8187ef355fd25bb9ed00552/element/f.8D83D8F609E9C53C70C061F545E12C0C.d.217AA9BF470C00182B77E4446EF69D14.e.5796/click - {}
RESULT: {}
COMMAND: GET /session/fb20b4d5f8187ef355fd25bb9ed00552/screenshot - {}
RESULT: {}
COMMAND: POST /session/fb20b4d5f8187ef355fd25bb9ed00552/execute/async - {"script":"<script> [1562 bytes]","args":[{"selector":{"id":"costObjectAdminTypeComboBox","viewName":"etm.portal.ui.managerequests.view.NewRequest","searchOpenDialogs":true,"interaction":{"idSuffix":"inner"}},"wdio_ui5_key":"costObjectAdminTypeComboBoxetmportal.ui.managerequests.view.NewRequest"}]}
RESULT: {"script":"<script> [1562 bytes]","args":[{"selector":{"id":"costObjectAdminTypeComboBox","viewName":"etm.portal.ui.managerequests.view.NewRequest","searchOpenDialogs":true,"interaction":{"idSuffix":"inner"}},"wdio_ui5_key":"costObjectAdminTypeComboBoxetmportal.ui.managerequests.view.NewRequest"}]}
RESULT: undefined
COMMAND: POST /session/fb20b4d5f8187ef355fd25bb9ed00552/execute/async - {"script":"<script> [776 bytes]","args":[{"enterText":"Cost Center","selector":{"id":"costObjectAdminTypeComboBox","viewName":"etm.portal.ui.managerequests.view.NewRequest","searchOpenDialogs":true,"interaction":{"idSuffix":"inner"}},"clearTextFirst":true,"interactionType":"ENTER_TEXT"}]}
RESULT: {"script":"<script> [776 bytes]","args":[{"enterText":"Cost Center","selector":{"id":"costObjectAdminTypeComboBox","viewName":"etm.portal.ui.managerequests.view.NewRequest","searchOpenDialogs":true,"interaction":{"idSuffix":"inner"}},"clearTextFirst":true,"interactionType":"ENTER_TEXT"}]}
COMMAND: POST /session/fb20b4d5f8187ef355fd25bb9ed00552/actions - {"actions":[{"id":"action27","type":"key","parameters":{},"actions":[{"type":"keyDown","value":"î€‡"},{"type":"pause","duration":10},{"type":"keyUp","value":"î€‡"}]}]}
RESULT: {"actions":[{"id":"action27","type":"key","parameters":{},"actions":[{"type":"keyDown","value":"î€‡"},{"type":"pause","duration":10},{"type":"keyUp","value":"î€‡"}]}]}
COMMAND: GET /session/fb20b4d5f8187ef355fd25bb9ed00552/screenshot - {}
RESULT: {}
COMMAND: POST /session/fb20b4d5f8187ef355fd25bb9ed00552/execute/async - {"script":"<script> [1562 bytes]","args":[{"selector":{"controlType":"sap.ui.core.Icon","viewName":"etm.portal.ui.managerequests.view.NewRequest","properties":{"src":{"regex":{"source":"value\\-help"}}},"searchOpenDialogs":true},"wdio_ui5_key":"etmportal.ui.managerequests.view.NewRequestsap.ui.core.Icon{\"src\":{\"regex\":{\"source\":\"value\\\\-help\"}}}"}]}
RESULT: {"script":"<script> [1562 bytes]","args":[{"selector":{"controlType":"sap.ui.core.Icon","viewName":"etm.portal.ui.managerequests.view.NewRequest","properties":{"src":{"regex":{"source":"value\\-help"}}},"searchOpenDialogs":true},"wdio_ui5_key":"etmportal.ui.managerequests.view.NewRequestsap.ui.core.Icon{\"src\":{\"regex\":{\"source\":\"value\\\\-help\"}}}"}]}
RESULT: undefined
COMMAND: POST /session/fb20b4d5f8187ef355fd25bb9ed00552/element - {"using":"xpath","value":"//*[@id=\"__xmlview61--costObjectIdComboBox-vhi\"]"}
RESULT: {"using":"xpath","value":"//*[@id=\"__xmlview61--costObjectIdComboBox-vhi\"]"}
COMMAND: POST /session/fb20b4d5f8187ef355fd25bb9ed00552/element/f.8D83D8F609E9C53C70C061F545E12C0C.d.217AA9BF470C00182B77E4446EF69D14.e.5811/click - {}
RESULT: {}
COMMAND: POST /session/fb20b4d5f8187ef355fd25bb9ed00552/execute/async - {"script":"<script> [1562 bytes]","args":[{"selector":{"controlType":"sap.m.SearchField","properties":{"placeholder":"Search"},"searchOpenDialogs":true,"interaction":{"idSuffix":"I"}},"wdio_ui5_key":"sapm.SearchField{\"placeholder\":\"Search\"}"}]}
COMMAND: GET /session/fb20b4d5f8187ef355fd25bb9ed00552/screenshot - {}
RESULT: {"script":"<script> [1562 bytes]","args":[{"selector":{"controlType":"sap.m.SearchField","properties":{"placeholder":"Search"},"searchOpenDialogs":true,"interaction":{"idSuffix":"I"}},"wdio_ui5_key":"sapm.SearchField{\"placeholder\":\"Search\"}"}]}
RESULT: undefined
COMMAND: POST /session/fb20b4d5f8187ef355fd25bb9ed00552/execute/async - {"script":"<script> [776 bytes]","args":[{"enterText":"10001013","selector":{"controlType":"sap.m.SearchField","properties":{"placeholder":"Search"},"searchOpenDialogs":true,"interaction":{"idSuffix":"I"}},"clearTextFirst":true,"interactionType":"ENTER_TEXT"}]}
RESULT: {}
RESULT: {"script":"<script> [776 bytes]","args":[{"enterText":"10001013","selector":{"controlType":"sap.m.SearchField","properties":{"placeholder":"Search"},"searchOpenDialogs":true,"interaction":{"idSuffix":"I"}},"clearTextFirst":true,"interactionType":"ENTER_TEXT"}]}
COMMAND: POST /session/fb20b4d5f8187ef355fd25bb9ed00552/actions - {"actions":[{"id":"action28","type":"key","parameters":{},"actions":[{"type":"keyDown","value":"î€‡"},{"type":"pause","duration":10},{"type":"keyUp","value":"î€‡"}]}]}
RESULT: {"actions":[{"id":"action28","type":"key","parameters":{},"actions":[{"type":"keyDown","value":"î€‡"},{"type":"pause","duration":10},{"type":"keyUp","value":"î€‡"}]}]}
COMMAND: GET /session/fb20b4d5f8187ef355fd25bb9ed00552/screenshot - {}
RESULT: {}
COMMAND: POST /session/fb20b4d5f8187ef355fd25bb9ed00552/element - {"using":"xpath","value":"//span[contains(text(), \"General Management\")]"}
RESULT: {"using":"xpath","value":"//span[contains(text(), \"General Management\")]"}
COMMAND: POST /session/fb20b4d5f8187ef355fd25bb9ed00552/element/f.8D83D8F609E9C53C70C061F545E12C0C.d.217AA9BF470C00182B77E4446EF69D14.e.5851/click - {}
RESULT: {}
COMMAND: GET /session/fb20b4d5f8187ef355fd25bb9ed00552/screenshot - {}
RESULT: {}
COMMAND: POST /session/fb20b4d5f8187ef355fd25bb9ed00552/element - {"using":"xpath","value":"//bdi[contains(text(), \"OK\")]"}
RESULT: {"using":"xpath","value":"//bdi[contains(text(), \"OK\")]"}
COMMAND: POST /session/fb20b4d5f8187ef355fd25bb9ed00552/element/f.8D83D8F609E9C53C70C061F545E12C0C.d.217AA9BF470C00182B77E4446EF69D14.e.5852/click - {}
RESULT: {}
COMMAND: GET /session/fb20b4d5f8187ef355fd25bb9ed00552/screenshot - {}
RESULT: {}
COMMAND: POST /session/fb20b4d5f8187ef355fd25bb9ed00552/element - {"using":"xpath","value":"(//bdi[contains(@id ,\"BDI-content\")][contains(text(), \"Save\")])[1]"}
RESULT: {"using":"xpath","value":"(//bdi[contains(@id ,\"BDI-content\")][contains(text(), \"Save\")])[1]"}
COMMAND: POST /session/fb20b4d5f8187ef355fd25bb9ed00552/element/f.8D83D8F609E9C53C70C061F545E12C0C.d.217AA9BF470C00182B77E4446EF69D14.e.5856/click - {}
RESULT: {}
COMMAND: GET /session/fb20b4d5f8187ef355fd25bb9ed00552/screenshot - {}
RESULT: {}
COMMAND: POST /session/fb20b4d5f8187ef355fd25bb9ed00552/execute/async - {"script":"<script> [1562 bytes]","args":[{"selector":{"controlType":"sap.ui.core.Icon","viewName":"etm.portal.ui.managerequests.view.NewRequest","properties":{"src":{"regex":{"source":"message\\-error"}}},"ancestor":{"controlType":"sap.m.ColumnListItem","viewName":"etm.portal.ui.managerequests.view.NewRequest","bindingPath":{"modelName":"newRequestItems","path":"/RequestItems/1"},"ancestor":{"id":"requestItemsTable","viewName":"etm.portal.ui.managerequests.view.NewRequest"}}},"wdio_ui5_key":"etmportal.ui.managerequests.view.NewRequestsap.ui.core.Icon{\"src\":{\"regex\":{\"source\":\"message\\\\-error\"}}}{\"controlType\":\"sap.m.ColumnListItem\",\"viewName\":\"etm.portal.ui.managerequests.view.NewRequest\",\"bindingPath\":{\"modelName\":\"newRequestItems\",\"path\":\"/RequestItems/1\"},\"ancestor\":{\"id\":\"requestItemsTable\",\"viewName\":\"etm.portal.ui.managerequests.view.NewRequest\"}}"}]}
RESULT: {"script":"<script> [1562 bytes]","args":[{"selector":{"controlType":"sap.ui.core.Icon","viewName":"etm.portal.ui.managerequests.view.NewRequest","properties":{"src":{"regex":{"source":"message\\-error"}}},"ancestor":{"controlType":"sap.m.ColumnListItem","viewName":"etm.portal.ui.managerequests.view.NewRequest","bindingPath":{"modelName":"newRequestItems","path":"/RequestItems/1"},"ancestor":{"id":"requestItemsTable","viewName":"etm.portal.ui.managerequests.view.NewRequest"}}},"wdio_ui5_key":"etmportal.ui.managerequests.view.NewRequestsap.ui.core.Icon{\"src\":{\"regex\":{\"source\":\"message\\\\-error\"}}}{\"controlType\":\"sap.m.ColumnListItem\",\"viewName\":\"etm.portal.ui.managerequests.view.NewRequest\",\"bindingPath\":{\"modelName\":\"newRequestItems\",\"path\":\"/RequestItems/1\"},\"ancestor\":{\"id\":\"requestItemsTable\",\"viewName\":\"etm.portal.ui.managerequests.view.NewRequest\"}}"}]}
RESULT: undefined
COMMAND: POST /session/fb20b4d5f8187ef355fd25bb9ed00552/element - {"using":"xpath","value":"//*[@id=\"__status15-__xmlview61--requestItemsTable-1-icon\"]"}
RESULT: {"using":"xpath","value":"//*[@id=\"__status15-__xmlview61--requestItemsTable-1-icon\"]"}
COMMAND: POST /session/fb20b4d5f8187ef355fd25bb9ed00552/element/f.8D83D8F609E9C53C70C061F545E12C0C.d.217AA9BF470C00182B77E4446EF69D14.e.5859/click - {}
RESULT: {}
COMMAND: GET /session/fb20b4d5f8187ef355fd25bb9ed00552/screenshot - {}
RESULT: {}
RESULT: undefined
COMMAND: POST /session/fb20b4d5f8187ef355fd25bb9ed00552/execute/async - {"script":"<script> [776 bytes]","args":[{"enterText":"Cost Center","selector":{"id":"costObjectAdminTypeComboBox","viewName":"etm.portal.ui.managerequests.view.NewRequest","searchOpenDialogs":true,"interaction":{"idSuffix":"inner"}},"clearTextFirst":true,"interactionType":"ENTER_TEXT"}]}
RESULT: {"script":"<script> [776 bytes]","args":[{"enterText":"Cost Center","selector":{"id":"costObjectAdminTypeComboBox","viewName":"etm.portal.ui.managerequests.view.NewRequest","searchOpenDialogs":true,"interaction":{"idSuffix":"inner"}},"clearTextFirst":true,"interactionType":"ENTER_TEXT"}]}
COMMAND: POST /session/fb20b4d5f8187ef355fd25bb9ed00552/actions - {"actions":[{"id":"action29","type":"key","parameters":{},"actions":[{"type":"keyDown","value":"î€‡"},{"type":"pause","duration":10},{"type":"keyUp","value":"î€‡"}]}]}
RESULT: {"actions":[{"id":"action29","type":"key","parameters":{},"actions":[{"type":"keyDown","value":"î€‡"},{"type":"pause","duration":10},{"type":"keyUp","value":"î€‡"}]}]}
COMMAND: GET /session/fb20b4d5f8187ef355fd25bb9ed00552/screenshot - {}
RESULT: {}
RESULT: undefined
COMMAND: POST /session/fb20b4d5f8187ef355fd25bb9ed00552/element - {"using":"xpath","value":"//*[@id=\"__xmlview61--costObjectIdComboBox-vhi\"]"}
RESULT: {"using":"xpath","value":"//*[@id=\"__xmlview61--costObjectIdComboBox-vhi\"]"}
COMMAND: POST /session/fb20b4d5f8187ef355fd25bb9ed00552/element/f.8D83D8F609E9C53C70C061F545E12C0C.d.217AA9BF470C00182B77E4446EF69D14.e.5869/click - {}
RESULT: {}
RESULT: undefined
COMMAND: POST /session/fb20b4d5f8187ef355fd25bb9ed00552/execute/async - {"script":"<script> [776 bytes]","args":[{"enterText":"10001013","selector":{"controlType":"sap.m.SearchField","properties":{"placeholder":"Search"},"searchOpenDialogs":true,"interaction":{"idSuffix":"I"}},"clearTextFirst":true,"interactionType":"ENTER_TEXT"}]}
COMMAND: GET /session/fb20b4d5f8187ef355fd25bb9ed00552/screenshot - {}
RESULT: {"script":"<script> [776 bytes]","args":[{"enterText":"10001013","selector":{"controlType":"sap.m.SearchField","properties":{"placeholder":"Search"},"searchOpenDialogs":true,"interaction":{"idSuffix":"I"}},"clearTextFirst":true,"interactionType":"ENTER_TEXT"}]}
COMMAND: POST /session/fb20b4d5f8187ef355fd25bb9ed00552/actions - {"actions":[{"id":"action30","type":"key","parameters":{},"actions":[{"type":"keyDown","value":"î€‡"},{"type":"pause","duration":10},{"type":"keyUp","value":"î€‡"}]}]}
RESULT: {}
RESULT: {"actions":[{"id":"action30","type":"key","parameters":{},"actions":[{"type":"keyDown","value":"î€‡"},{"type":"pause","duration":10},{"type":"keyUp","value":"î€‡"}]}]}
COMMAND: GET /session/fb20b4d5f8187ef355fd25bb9ed00552/screenshot - {}
RESULT: {}
COMMAND: POST /session/fb20b4d5f8187ef355fd25bb9ed00552/element - {"using":"xpath","value":"//span[contains(text(), \"General Management\")]"}
RESULT: {"using":"xpath","value":"//span[contains(text(), \"General Management\")]"}
COMMAND: POST /session/fb20b4d5f8187ef355fd25bb9ed00552/element/f.8D83D8F609E9C53C70C061F545E12C0C.d.217AA9BF470C00182B77E4446EF69D14.e.5906/click - {}
RESULT: {}
COMMAND: GET /session/fb20b4d5f8187ef355fd25bb9ed00552/screenshot - {}
RESULT: {}
COMMAND: POST /session/fb20b4d5f8187ef355fd25bb9ed00552/element - {"using":"xpath","value":"//bdi[contains(text(), \"OK\")]"}
RESULT: {"using":"xpath","value":"//bdi[contains(text(), \"OK\")]"}
COMMAND: POST /session/fb20b4d5f8187ef355fd25bb9ed00552/element/f.8D83D8F609E9C53C70C061F545E12C0C.d.217AA9BF470C00182B77E4446EF69D14.e.5907/click - {}
RESULT: {}
COMMAND: GET /session/fb20b4d5f8187ef355fd25bb9ed00552/screenshot - {}
RESULT: {}
COMMAND: POST /session/fb20b4d5f8187ef355fd25bb9ed00552/element - {"using":"xpath","value":"(//bdi[contains(@id ,\"BDI-content\")][contains(text(), \"Save\")])[1]"}
RESULT: {"using":"xpath","value":"(//bdi[contains(@id ,\"BDI-content\")][contains(text(), \"Save\")])[1]"}
COMMAND: POST /session/fb20b4d5f8187ef355fd25bb9ed00552/element/f.8D83D8F609E9C53C70C061F545E12C0C.d.217AA9BF470C00182B77E4446EF69D14.e.5911/click - {}
RESULT: {}
COMMAND: GET /session/fb20b4d5f8187ef355fd25bb9ed00552/screenshot - {}
RESULT: {}
COMMAND: POST /session/fb20b4d5f8187ef355fd25bb9ed00552/execute/async - {"script":"<script> [1562 bytes]","args":[{"selector":{"controlType":"sap.m.Button","viewName":"etm.portal.ui.managerequests.view.NewRequest","i18NText":{"propertyName":"tooltip","key":"save"},"interaction":{"idSuffix":"content"}},"wdio_ui5_key":"etmportal.ui.managerequests.view.NewRequestsap.m.Button{\"propertyName\":\"tooltip\",\"key\":\"save\"}"}]}
RESULT: {"script":"<script> [1562 bytes]","args":[{"selector":{"controlType":"sap.m.Button","viewName":"etm.portal.ui.managerequests.view.NewRequest","i18NText":{"propertyName":"tooltip","key":"save"},"interaction":{"idSuffix":"content"}},"wdio_ui5_key":"etmportal.ui.managerequests.view.NewRequestsap.m.Button{\"propertyName\":\"tooltip\",\"key\":\"save\"}"}]}
RESULT: undefined
COMMAND: POST /session/fb20b4d5f8187ef355fd25bb9ed00552/element - {"using":"xpath","value":"//*[@id=\"__button105\"]"}
RESULT: {"using":"xpath","value":"//*[@id=\"__button105\"]"}
COMMAND: POST /session/fb20b4d5f8187ef355fd25bb9ed00552/element/f.8D83D8F609E9C53C70C061F545E12C0C.d.217AA9BF470C00182B77E4446EF69D14.e.5729/click - {}
RESULT: {}
COMMAND: GET /session/fb20b4d5f8187ef355fd25bb9ed00552/screenshot - {}
RESULT: {}
COMMAND: POST /session/fb20b4d5f8187ef355fd25bb9ed00552/execute/async - {"script":"<script> [1562 bytes]","args":[{"selector":{"controlType":"sap.m.Title","properties":{"text":"Success"},"searchOpenDialogs":true},"wdio_ui5_key":"sapm.Title{\"text\":\"Success\"}"}]}
RESULT: {"script":"<script> [1562 bytes]","args":[{"selector":{"controlType":"sap.m.Title","properties":{"text":"Success"},"searchOpenDialogs":true},"wdio_ui5_key":"sapm.Title{\"text\":\"Success\"}"}]}
RESULT: undefined
COMMAND: POST /session/fb20b4d5f8187ef355fd25bb9ed00552/execute/async - {"script":"<script> [6424 bytes]","args":[{"element-6066-11e4-a52e-4f735466cecf":"f.8D83D8F609E9C53C70C061F545E12C0C.d.217AA9BF470C00182B77E4446EF69D14.e.5917"},"getText",[]]}
RESULT: {"script":"<script> [6424 bytes]","args":[{"element-6066-11e4-a52e-4f735466cecf":"f.8D83D8F609E9C53C70C061F545E12C0C.d.217AA9BF470C00182B77E4446EF69D14.e.5917"},"getText",[]]}
COMMAND: POST /session/fb20b4d5f8187ef355fd25bb9ed00552/execute/async - {"script":"<script> [1562 bytes]","args":[{"selector":{"controlType":"sap.m.Button","properties":{"text":"Close"},"searchOpenDialogs":true,"interaction":{"idSuffix":"BDI-content"}},"wdio_ui5_key":"sapm.Button{\"text\":\"Close\"}"}]}
RESULT: {"script":"<script> [1562 bytes]","args":[{"selector":{"controlType":"sap.m.Button","properties":{"text":"Close"},"searchOpenDialogs":true,"interaction":{"idSuffix":"BDI-content"}},"wdio_ui5_key":"sapm.Button{\"text\":\"Close\"}"}]}
RESULT: undefined
COMMAND: POST /session/fb20b4d5f8187ef355fd25bb9ed00552/element - {"using":"xpath","value":"//*[@id=\"__mbox-btn-4\"]"}
RESULT: {"using":"xpath","value":"//*[@id=\"__mbox-btn-4\"]"}
COMMAND: POST /session/fb20b4d5f8187ef355fd25bb9ed00552/element/f.8D83D8F609E9C53C70C061F545E12C0C.d.217AA9BF470C00182B77E4446EF69D14.e.5916/click - {}
RESULT: {}
COMMAND: GET /session/fb20b4d5f8187ef355fd25bb9ed00552/screenshot - {}
RESULT: {}
COMMAND: POST /session/fb20b4d5f8187ef355fd25bb9ed00552/execute/async - {"script":"<script> [1562 bytes]","args":[{"selector":{"controlType":"sap.m.Text","viewName":"etm.portal.ui.managerequests.view.Detail","bindingPath":{"propertyPath":"NO","modelName":"catalogModel"}},"wdio_ui5_key":"etmportal.ui.managerequests.view.Detailsap.m.Text{\"propertyPath\":\"NO\",\"modelName\":\"catalogModel\"}"}]}
RESULT: {"script":"<script> [1562 bytes]","args":[{"selector":{"controlType":"sap.m.Text","viewName":"etm.portal.ui.managerequests.view.Detail","bindingPath":{"propertyPath":"NO","modelName":"catalogModel"}},"wdio_ui5_key":"etmportal.ui.managerequests.view.Detailsap.m.Text{\"propertyPath\":\"NO\",\"modelName\":\"catalogModel\"}"}]}
RESULT: undefined
COMMAND: POST /session/fb20b4d5f8187ef355fd25bb9ed00552/execute/async - {"script":"<script> [6424 bytes]","args":[{"element-6066-11e4-a52e-4f735466cecf":"f.8D83D8F609E9C53C70C061F545E12C0C.d.217AA9BF470C00182B77E4446EF69D14.e.6042"},"getText",[]]}
RESULT: {"script":"<script> [6424 bytes]","args":[{"element-6066-11e4-a52e-4f735466cecf":"f.8D83D8F609E9C53C70C061F545E12C0C.d.217AA9BF470C00182B77E4446EF69D14.e.6042"},"getText",[]]}
COMMAND: POST /session/fb20b4d5f8187ef355fd25bb9ed00552/execute/async - {"script":"<script> [1562 bytes]","args":[{"selector":{"controlType":"sap.ui.core.Icon","viewName":"etm.portal.ui.managerequests.view.Detail","properties":{"src":{"regex":{"source":"date\\-time"}}},"ancestor":{"controlType":"sap.m.ColumnListItem","viewName":"etm.portal.ui.managerequests.view.Detail","bindingPath":{"path":"/SmartRequestItemsPlanningBoard(ITEM=10m,REQUEST='20274')"},"ancestor":{"id":"requestItemsTable","viewName":"etm.portal.ui.managerequests.view.Detail"}}},"wdio_ui5_key":"etmportal.ui.managerequests.view.Detailsap.ui.core.Icon{\"src\":{\"regex\":{\"source\":\"date\\\\-time\"}}}{\"controlType\":\"sap.m.ColumnListItem\",\"viewName\":\"etm.portal.ui.managerequests.view.Detail\",\"bindingPath\":{\"path\":\"/SmartRequestItemsPlanningBoard(ITEM=10m,REQUEST='20274')\"},\"ancestor\":{\"id\":\"requestItemsTable\",\"viewName\":\"etm.portal.ui.managerequests.view.Detail\"}}"}]}
RESULT: {"script":"<script> [1562 bytes]","args":[{"selector":{"controlType":"sap.ui.core.Icon","viewName":"etm.portal.ui.managerequests.view.Detail","properties":{"src":{"regex":{"source":"date\\-time"}}},"ancestor":{"controlType":"sap.m.ColumnListItem","viewName":"etm.portal.ui.managerequests.view.Detail","bindingPath":{"path":"/SmartRequestItemsPlanningBoard(ITEM=10m,REQUEST='20274')"},"ancestor":{"id":"requestItemsTable","viewName":"etm.portal.ui.managerequests.view.Detail"}}},"wdio_ui5_key":"etmportal.ui.managerequests.view.Detailsap.ui.core.Icon{\"src\":{\"regex\":{\"source\":\"date\\\\-time\"}}}{\"controlType\":\"sap.m.ColumnListItem\",\"viewName\":\"etm.portal.ui.managerequests.view.Detail\",\"bindingPath\":{\"path\":\"/SmartRequestItemsPlanningBoard(ITEM=10m,REQUEST='20274')\"},\"ancestor\":{\"id\":\"requestItemsTable\",\"viewName\":\"etm.portal.ui.managerequests.view.Detail\"}}"}]}
RESULT: undefined
COMMAND: POST /session/fb20b4d5f8187ef355fd25bb9ed00552/element - {"using":"xpath","value":"//*[@id=\"__button135-__clone6399-img\"]"}
RESULT: {"using":"xpath","value":"//*[@id=\"__button135-__clone6399-img\"]"}
COMMAND: POST /session/fb20b4d5f8187ef355fd25bb9ed00552/element/f.8D83D8F609E9C53C70C061F545E12C0C.d.217AA9BF470C00182B77E4446EF69D14.e.6043/click - {}
RESULT: {}
COMMAND: POST /session/fb20b4d5f8187ef355fd25bb9ed00552/execute/async - {"script":"<script> [1562 bytes]","args":[{"selector":{"controlType":"sap.m.Button","viewName":"etm.portal.ui.managerequests.view.Detail","properties":{"text":"Close"},"searchOpenDialogs":true,"interaction":{"idSuffix":"BDI-content"}},"wdio_ui5_key":"etmportal.ui.managerequests.view.Detailsap.m.Button{\"text\":\"Close\"}"}]}
COMMAND: GET /session/fb20b4d5f8187ef355fd25bb9ed00552/screenshot - {}
RESULT: {"script":"<script> [1562 bytes]","args":[{"selector":{"controlType":"sap.m.Button","viewName":"etm.portal.ui.managerequests.view.Detail","properties":{"text":"Close"},"searchOpenDialogs":true,"interaction":{"idSuffix":"BDI-content"}},"wdio_ui5_key":"etmportal.ui.managerequests.view.Detailsap.m.Button{\"text\":\"Close\"}"}]}
RESULT: undefined
COMMAND: POST /session/fb20b4d5f8187ef355fd25bb9ed00552/element - {"using":"xpath","value":"//*[@id=\"__button145\"]"}
RESULT: {}
RESULT: {"using":"xpath","value":"//*[@id=\"__button145\"]"}
COMMAND: POST /session/fb20b4d5f8187ef355fd25bb9ed00552/element/f.8D83D8F609E9C53C70C061F545E12C0C.d.217AA9BF470C00182B77E4446EF69D14.e.6046/click - {}
RESULT: {}
COMMAND: POST /session/fb20b4d5f8187ef355fd25bb9ed00552/execute/async - {"script":"<script> [1562 bytes]","args":[{"selector":{"controlType":"sap.ui.core.Icon","viewName":"etm.portal.ui.managerequests.view.Detail","properties":{"src":{"regex":{"source":"date\\-time"}}},"ancestor":{"controlType":"sap.m.ColumnListItem","viewName":"etm.portal.ui.managerequests.view.Detail","bindingPath":{"path":"/SmartRequestItemsPlanningBoard(ITEM=20m,REQUEST='20274')"},"ancestor":{"id":"requestItemsTable","viewName":"etm.portal.ui.managerequests.view.Detail"}}},"wdio_ui5_key":"etmportal.ui.managerequests.view.Detailsap.ui.core.Icon{\"src\":{\"regex\":{\"source\":\"date\\\\-time\"}}}{\"controlType\":\"sap.m.ColumnListItem\",\"viewName\":\"etm.portal.ui.managerequests.view.Detail\",\"bindingPath\":{\"path\":\"/SmartRequestItemsPlanningBoard(ITEM=20m,REQUEST='20274')\"},\"ancestor\":{\"id\":\"requestItemsTable\",\"viewName\":\"etm.portal.ui.managerequests.view.Detail\"}}"}]}
COMMAND: GET /session/fb20b4d5f8187ef355fd25bb9ed00552/screenshot - {}
RESULT: {"script":"<script> [1562 bytes]","args":[{"selector":{"controlType":"sap.ui.core.Icon","viewName":"etm.portal.ui.managerequests.view.Detail","properties":{"src":{"regex":{"source":"date\\-time"}}},"ancestor":{"controlType":"sap.m.ColumnListItem","viewName":"etm.portal.ui.managerequests.view.Detail","bindingPath":{"path":"/SmartRequestItemsPlanningBoard(ITEM=20m,REQUEST='20274')"},"ancestor":{"id":"requestItemsTable","viewName":"etm.portal.ui.managerequests.view.Detail"}}},"wdio_ui5_key":"etmportal.ui.managerequests.view.Detailsap.ui.core.Icon{\"src\":{\"regex\":{\"source\":\"date\\\\-time\"}}}{\"controlType\":\"sap.m.ColumnListItem\",\"viewName\":\"etm.portal.ui.managerequests.view.Detail\",\"bindingPath\":{\"path\":\"/SmartRequestItemsPlanningBoard(ITEM=20m,REQUEST='20274')\"},\"ancestor\":{\"id\":\"requestItemsTable\",\"viewName\":\"etm.portal.ui.managerequests.view.Detail\"}}"}]}
RESULT: undefined
COMMAND: POST /session/fb20b4d5f8187ef355fd25bb9ed00552/element - {"using":"xpath","value":"//*[@id=\"__button135-__clone6400-img\"]"}
RESULT: {}
RESULT: {"using":"xpath","value":"//*[@id=\"__button135-__clone6400-img\"]"}
COMMAND: POST /session/fb20b4d5f8187ef355fd25bb9ed00552/element/f.8D83D8F609E9C53C70C061F545E12C0C.d.217AA9BF470C00182B77E4446EF69D14.e.6053/click - {}
RESULT: {}
RESULT: undefined
COMMAND: POST /session/fb20b4d5f8187ef355fd25bb9ed00552/element - {"using":"xpath","value":"//*[@id=\"__button145\"]"}
COMMAND: GET /session/fb20b4d5f8187ef355fd25bb9ed00552/screenshot - {}
RESULT: {"using":"xpath","value":"//*[@id=\"__button145\"]"}
COMMAND: POST /session/fb20b4d5f8187ef355fd25bb9ed00552/elements - {"using":"xpath","value":"//*[@id=\"__button145\"]"}
RESULT: {}
RESULT: {"using":"xpath","value":"//*[@id=\"__button145\"]"}
COMMAND: POST /session/fb20b4d5f8187ef355fd25bb9ed00552/element - {"using":"xpath","value":"//*[@id=\"__button145\"]"}
RESULT: {"using":"xpath","value":"//*[@id=\"__button145\"]"}
COMMAND: POST /session/fb20b4d5f8187ef355fd25bb9ed00552/element/f.8D83D8F609E9C53C70C061F545E12C0C.d.217AA9BF470C00182B77E4446EF69D14.e.6062/click - {}
RESULT: {}
COMMAND: POST /session/fb20b4d5f8187ef355fd25bb9ed00552/element - {"using":"css selector","value":"#shell-header-logo"}
COMMAND: GET /session/fb20b4d5f8187ef355fd25bb9ed00552/screenshot - {}
RESULT: {"using":"css selector","value":"#shell-header-logo"}
COMMAND: POST /session/fb20b4d5f8187ef355fd25bb9ed00552/element/f.8D83D8F609E9C53C70C061F545E12C0C.d.217AA9BF470C00182B77E4446EF69D14.e.5302/click - {}
RESULT: {}
RESULT: {}
COMMAND: GET /session/fb20b4d5f8187ef355fd25bb9ed00552/screenshot - {}
]]></system-out>
    </testcase>
    <testcase classname="chrome.135_0_7049_96.windows.Standard_contract_-_add_contract_items_by_Insert_Request_US118222" name="Should insert the request into the contract" time="57.35">
      <system-out><![CDATA[
COMMAND: POST /session/fb20b4d5f8187ef355fd25bb9ed00552/execute/async - {"script":"<script> [1562 bytes]","args":[{"selector":{"controlType":"sap.m.GenericTile","properties":{"header":"Manage Contracts"}},"wdio_ui5_key":"sapm.GenericTile{\"header\":\"Manage Contracts\"}"}]}
RESULT: {}
RESULT: {"script":"<script> [1562 bytes]","args":[{"selector":{"controlType":"sap.m.GenericTile","properties":{"header":"Manage Contracts"}},"wdio_ui5_key":"sapm.GenericTile{\"header\":\"Manage Contracts\"}"}]}
RESULT: undefined
COMMAND: POST /session/fb20b4d5f8187ef355fd25bb9ed00552/element - {"using":"xpath","value":"//*[@id=\"__tile130\"]"}
RESULT: {"using":"xpath","value":"//*[@id=\"__tile130\"]"}
COMMAND: POST /session/fb20b4d5f8187ef355fd25bb9ed00552/element/f.8D83D8F609E9C53C70C061F545E12C0C.d.217AA9BF470C00182B77E4446EF69D14.e.6071/click - {}
RESULT: {}
COMMAND: GET /session/fb20b4d5f8187ef355fd25bb9ed00552/screenshot - {}
RESULT: {}
COMMAND: POST /session/fb20b4d5f8187ef355fd25bb9ed00552/execute/async - {"script":"<script> [1562 bytes]","args":[{"selector":{"controlType":"sap.m.SearchField","viewName":"etm.portal.ui.managecontracts.view.Master","bindingPath":{"path":"","propertyPath":"/_BASIC_SEARCH_FIELD","modelName":"fi1t3rM0d31"},"interaction":{"idSuffix":"I"}},"wdio_ui5_key":"etmportal.ui.managecontracts.view.Mastersap.m.SearchField{\"path\":\"\",\"propertyPath\":\"/_BASIC_SEARCH_FIELD\",\"modelName\":\"fi1t3rM0d31\"}"}]}
RESULT: {"script":"<script> [1562 bytes]","args":[{"selector":{"controlType":"sap.m.SearchField","viewName":"etm.portal.ui.managecontracts.view.Master","bindingPath":{"path":"","propertyPath":"/_BASIC_SEARCH_FIELD","modelName":"fi1t3rM0d31"},"interaction":{"idSuffix":"I"}},"wdio_ui5_key":"etmportal.ui.managecontracts.view.Mastersap.m.SearchField{\"path\":\"\",\"propertyPath\":\"/_BASIC_SEARCH_FIELD\",\"modelName\":\"fi1t3rM0d31\"}"}]}
RESULT: undefined
COMMAND: POST /session/fb20b4d5f8187ef355fd25bb9ed00552/execute/async - {"script":"<script> [776 bytes]","args":[{"enterText":"10352","selector":{"controlType":"sap.m.SearchField","viewName":"etm.portal.ui.managecontracts.view.Master","bindingPath":{"path":"","propertyPath":"/_BASIC_SEARCH_FIELD","modelName":"fi1t3rM0d31"},"interaction":{"idSuffix":"I"}},"clearTextFirst":true,"interactionType":"ENTER_TEXT"}]}
RESULT: {"script":"<script> [776 bytes]","args":[{"enterText":"10352","selector":{"controlType":"sap.m.SearchField","viewName":"etm.portal.ui.managecontracts.view.Master","bindingPath":{"path":"","propertyPath":"/_BASIC_SEARCH_FIELD","modelName":"fi1t3rM0d31"},"interaction":{"idSuffix":"I"}},"clearTextFirst":true,"interactionType":"ENTER_TEXT"}]}
COMMAND: POST /session/fb20b4d5f8187ef355fd25bb9ed00552/actions - {"actions":[{"id":"action31","type":"key","parameters":{},"actions":[{"type":"keyDown","value":"î€‡"},{"type":"pause","duration":10},{"type":"keyUp","value":"î€‡"}]}]}
RESULT: {"actions":[{"id":"action31","type":"key","parameters":{},"actions":[{"type":"keyDown","value":"î€‡"},{"type":"pause","duration":10},{"type":"keyUp","value":"î€‡"}]}]}
COMMAND: GET /session/fb20b4d5f8187ef355fd25bb9ed00552/screenshot - {}
RESULT: {}
COMMAND: POST /session/fb20b4d5f8187ef355fd25bb9ed00552/execute/async - {"script":"<script> [1562 bytes]","args":[{"selector":{"controlType":"sap.ui.core.Icon","viewName":"etm.portal.ui.managecontracts.view.Master","properties":{"src":{"regex":{"source":"slim\\-arrow\\-right"}}}},"wdio_ui5_key":"etmportal.ui.managecontracts.view.Mastersap.ui.core.Icon{\"src\":{\"regex\":{\"source\":\"slim\\\\-arrow\\\\-right\"}}}"}]}
RESULT: {"script":"<script> [1562 bytes]","args":[{"selector":{"controlType":"sap.ui.core.Icon","viewName":"etm.portal.ui.managecontracts.view.Master","properties":{"src":{"regex":{"source":"slim\\-arrow\\-right"}}}},"wdio_ui5_key":"etmportal.ui.managecontracts.view.Mastersap.ui.core.Icon{\"src\":{\"regex\":{\"source\":\"slim\\\\-arrow\\\\-right\"}}}"}]}
RESULT: undefined
COMMAND: POST /session/fb20b4d5f8187ef355fd25bb9ed00552/element - {"using":"xpath","value":"//*[@id=\"__item2000-__clone6508-imgNav\"]"}
RESULT: {"using":"xpath","value":"//*[@id=\"__item2000-__clone6508-imgNav\"]"}
COMMAND: POST /session/fb20b4d5f8187ef355fd25bb9ed00552/element/f.8D83D8F609E9C53C70C061F545E12C0C.d.217AA9BF470C00182B77E4446EF69D14.e.6335/click - {}
RESULT: {}
COMMAND: POST /session/fb20b4d5f8187ef355fd25bb9ed00552/execute/async - {"script":"<script> [1562 bytes]","args":[{"selector":{"id":"addRequestItemBtn","viewName":"etm.portal.ui.managecontracts.view.Detail","interaction":{"idSuffix":"BDI-content"}},"wdio_ui5_key":"addRequestItemBtnetmportal.ui.managecontracts.view.Detail"}]}
COMMAND: GET /session/fb20b4d5f8187ef355fd25bb9ed00552/screenshot - {}
RESULT: {"script":"<script> [1562 bytes]","args":[{"selector":{"id":"addRequestItemBtn","viewName":"etm.portal.ui.managecontracts.view.Detail","interaction":{"idSuffix":"BDI-content"}},"wdio_ui5_key":"addRequestItemBtnetmportal.ui.managecontracts.view.Detail"}]}
RESULT: undefined
COMMAND: POST /session/fb20b4d5f8187ef355fd25bb9ed00552/element - {"using":"xpath","value":"//*[@id=\"__xmlview64--addRequestItemBtn\"]"}
RESULT: {}
RESULT: {"using":"xpath","value":"//*[@id=\"__xmlview64--addRequestItemBtn\"]"}
COMMAND: POST /session/fb20b4d5f8187ef355fd25bb9ed00552/element/f.8D83D8F609E9C53C70C061F545E12C0C.d.217AA9BF470C00182B77E4446EF69D14.e.6395/click - {}
RESULT: {}
COMMAND: GET /session/fb20b4d5f8187ef355fd25bb9ed00552/screenshot - {}
RESULT: {}
COMMAND: POST /session/fb20b4d5f8187ef355fd25bb9ed00552/element - {"using":"xpath","value":"//div[contains(@id ,\"popupRequestTable-sa-CbBg\")]"}
RESULT: {"using":"xpath","value":"//div[contains(@id ,\"popupRequestTable-sa-CbBg\")]"}
COMMAND: POST /session/fb20b4d5f8187ef355fd25bb9ed00552/element/f.8D83D8F609E9C53C70C061F545E12C0C.d.217AA9BF470C00182B77E4446EF69D14.e.6512/click - {}
RESULT: {}
COMMAND: GET /session/fb20b4d5f8187ef355fd25bb9ed00552/screenshot - {}
RESULT: {}
COMMAND: POST /session/fb20b4d5f8187ef355fd25bb9ed00552/execute/async - {"script":"<script> [1562 bytes]","args":[{"selector":{"controlType":"sap.m.Button","viewName":"etm.portal.ui.managecontracts.view.Detail","i18NText":{"propertyName":"text","key":"selectionDone"},"searchOpenDialogs":true,"interaction":{"idSuffix":"BDI-content"}},"wdio_ui5_key":"etmportal.ui.managecontracts.view.Detailsap.m.Button{\"propertyName\":\"text\",\"key\":\"selectionDone\"}"}]}
RESULT: {"script":"<script> [1562 bytes]","args":[{"selector":{"controlType":"sap.m.Button","viewName":"etm.portal.ui.managecontracts.view.Detail","i18NText":{"propertyName":"text","key":"selectionDone"},"searchOpenDialogs":true,"interaction":{"idSuffix":"BDI-content"}},"wdio_ui5_key":"etmportal.ui.managecontracts.view.Detailsap.m.Button{\"propertyName\":\"text\",\"key\":\"selectionDone\"}"}]}
RESULT: undefined
COMMAND: POST /session/fb20b4d5f8187ef355fd25bb9ed00552/element - {"using":"xpath","value":"//*[@id=\"__button157\"]"}
RESULT: {"using":"xpath","value":"//*[@id=\"__button157\"]"}
COMMAND: POST /session/fb20b4d5f8187ef355fd25bb9ed00552/element/f.8D83D8F609E9C53C70C061F545E12C0C.d.217AA9BF470C00182B77E4446EF69D14.e.6515/click - {}
RESULT: {}
COMMAND: POST /session/fb20b4d5f8187ef355fd25bb9ed00552/execute/async - {"script":"<script> [1562 bytes]","args":[{"selector":{"controlType":"sap.m.Text","properties":{"text":"Started processing request items into the contract."},"searchOpenDialogs":true},"wdio_ui5_key":"sapm.Text{\"text\":\"Started processing request items into the contract.\"}"}]}
COMMAND: GET /session/fb20b4d5f8187ef355fd25bb9ed00552/screenshot - {}
RESULT: {"script":"<script> [1562 bytes]","args":[{"selector":{"controlType":"sap.m.Text","properties":{"text":"Started processing request items into the contract."},"searchOpenDialogs":true},"wdio_ui5_key":"sapm.Text{\"text\":\"Started processing request items into the contract.\"}"}]}
RESULT: undefined
COMMAND: POST /session/fb20b4d5f8187ef355fd25bb9ed00552/execute/async - {"script":"<script> [6424 bytes]","args":[{"element-6066-11e4-a52e-4f735466cecf":"f.8D83D8F609E9C53C70C061F545E12C0C.d.217AA9BF470C00182B77E4446EF69D14.e.6517"},"getText",[]]}
RESULT: {}
RESULT: {"script":"<script> [6424 bytes]","args":[{"element-6066-11e4-a52e-4f735466cecf":"f.8D83D8F609E9C53C70C061F545E12C0C.d.217AA9BF470C00182B77E4446EF69D14.e.6517"},"getText",[]]}
COMMAND: POST /session/fb20b4d5f8187ef355fd25bb9ed00552/execute/async - {"script":"<script> [1562 bytes]","args":[{"selector":{"controlType":"sap.m.Button","properties":{"text":"OK"},"searchOpenDialogs":true,"interaction":{"idSuffix":"inner"}},"wdio_ui5_key":"sapm.Button{\"text\":\"OK\"}"}]}
RESULT: {"script":"<script> [1562 bytes]","args":[{"selector":{"controlType":"sap.m.Button","properties":{"text":"OK"},"searchOpenDialogs":true,"interaction":{"idSuffix":"inner"}},"wdio_ui5_key":"sapm.Button{\"text\":\"OK\"}"}]}
RESULT: undefined
COMMAND: POST /session/fb20b4d5f8187ef355fd25bb9ed00552/element - {"using":"xpath","value":"//*[@id=\"__mbox-btn-5\"]"}
RESULT: {"using":"xpath","value":"//*[@id=\"__mbox-btn-5\"]"}
COMMAND: POST /session/fb20b4d5f8187ef355fd25bb9ed00552/element/f.8D83D8F609E9C53C70C061F545E12C0C.d.217AA9BF470C00182B77E4446EF69D14.e.6516/click - {}
RESULT: {}
COMMAND: POST /session/fb20b4d5f8187ef355fd25bb9ed00552/execute/async - {"script":"<script> [1562 bytes]","args":[{"selector":{"id":"headerBillingItemsTabFilter","viewName":"etm.portal.ui.managecontracts.view.Detail","interaction":{"idSuffix":"text"}},"wdio_ui5_key":"headerBillingItemsTabFilteretmportal.ui.managecontracts.view.Detail"}]}
COMMAND: GET /session/fb20b4d5f8187ef355fd25bb9ed00552/screenshot - {}
RESULT: {"script":"<script> [1562 bytes]","args":[{"selector":{"id":"headerBillingItemsTabFilter","viewName":"etm.portal.ui.managecontracts.view.Detail","interaction":{"idSuffix":"text"}},"wdio_ui5_key":"headerBillingItemsTabFilteretmportal.ui.managecontracts.view.Detail"}]}
RESULT: undefined
COMMAND: POST /session/fb20b4d5f8187ef355fd25bb9ed00552/element - {"using":"xpath","value":"//*[@id=\"__xmlview64--headerBillingItemsTabFilter\"]"}
RESULT: {}
RESULT: {"using":"xpath","value":"//*[@id=\"__xmlview64--headerBillingItemsTabFilter\"]"}
COMMAND: POST /session/fb20b4d5f8187ef355fd25bb9ed00552/element/f.8D83D8F609E9C53C70C061F545E12C0C.d.217AA9BF470C00182B77E4446EF69D14.e.6527/click - {}
RESULT: {}
COMMAND: GET /session/fb20b4d5f8187ef355fd25bb9ed00552/screenshot - {}
RESULT: {}
COMMAND: POST /session/fb20b4d5f8187ef355fd25bb9ed00552/execute/async - {"script":"<script> [1562 bytes]","args":[{"selector":{"controlType":"sap.ui.core.Icon","viewName":"etm.portal.ui.managecontracts.view.Detail","properties":{"src":{"regex":{"source":"synchronize"}}}},"wdio_ui5_key":"etmportal.ui.managecontracts.view.Detailsap.ui.core.Icon{\"src\":{\"regex\":{\"source\":\"synchronize\"}}}"}]}
RESULT: {"script":"<script> [1562 bytes]","args":[{"selector":{"controlType":"sap.ui.core.Icon","viewName":"etm.portal.ui.managecontracts.view.Detail","properties":{"src":{"regex":{"source":"synchronize"}}}},"wdio_ui5_key":"etmportal.ui.managecontracts.view.Detailsap.ui.core.Icon{\"src\":{\"regex\":{\"source\":\"synchronize\"}}}"}]}
RESULT: undefined
COMMAND: POST /session/fb20b4d5f8187ef355fd25bb9ed00552/element - {"using":"xpath","value":"//*[@id=\"__xmlview64--btnToggleUpdate-img\"]"}
RESULT: {"using":"xpath","value":"//*[@id=\"__xmlview64--btnToggleUpdate-img\"]"}
COMMAND: POST /session/fb20b4d5f8187ef355fd25bb9ed00552/element/f.8D83D8F609E9C53C70C061F545E12C0C.d.217AA9BF470C00182B77E4446EF69D14.e.6394/click - {}
RESULT: {}
COMMAND: GET /session/fb20b4d5f8187ef355fd25bb9ed00552/screenshot - {}
RESULT: {}
RESULT: undefined
COMMAND: POST /session/fb20b4d5f8187ef355fd25bb9ed00552/element - {"using":"xpath","value":"//*[@id=\"__xmlview64--headerBillingItemsTabFilter\"]"}
RESULT: {"using":"xpath","value":"//*[@id=\"__xmlview64--headerBillingItemsTabFilter\"]"}
COMMAND: POST /session/fb20b4d5f8187ef355fd25bb9ed00552/element/f.8D83D8F609E9C53C70C061F545E12C0C.d.217AA9BF470C00182B77E4446EF69D14.e.6527/click - {}
RESULT: {}
COMMAND: POST /session/fb20b4d5f8187ef355fd25bb9ed00552/execute/async - {"script":"<script> [1562 bytes]","args":[{"selector":{"controlType":"sap.m.Title","viewName":"etm.portal.ui.managecontracts.view.Detail","properties":{"text":"Contract Items (2)"}},"wdio_ui5_key":"etmportal.ui.managecontracts.view.Detailsap.m.Title{\"text\":\"Contract Items (2)\"}"}]}
COMMAND: GET /session/fb20b4d5f8187ef355fd25bb9ed00552/screenshot - {}
RESULT: {"script":"<script> [1562 bytes]","args":[{"selector":{"controlType":"sap.m.Title","viewName":"etm.portal.ui.managecontracts.view.Detail","properties":{"text":"Contract Items (2)"}},"wdio_ui5_key":"etmportal.ui.managecontracts.view.Detailsap.m.Title{\"text\":\"Contract Items (2)\"}"}]}
RESULT: undefined
COMMAND: POST /session/fb20b4d5f8187ef355fd25bb9ed00552/execute/async - {"script":"<script> [6424 bytes]","args":[{"element-6066-11e4-a52e-4f735466cecf":"f.8D83D8F609E9C53C70C061F545E12C0C.d.217AA9BF470C00182B77E4446EF69D14.e.6535"},"getText",[]]}
RESULT: {}
RESULT: {"script":"<script> [6424 bytes]","args":[{"element-6066-11e4-a52e-4f735466cecf":"f.8D83D8F609E9C53C70C061F545E12C0C.d.217AA9BF470C00182B77E4446EF69D14.e.6535"},"getText",[]]}
COMMAND: POST /session/fb20b4d5f8187ef355fd25bb9ed00552/execute/async - {"script":"<script> [1562 bytes]","args":[{"selector":{"controlType":"sap.m.ObjectStatus","viewName":"etm.portal.ui.managecontracts.view.Detail","bindingPath":{"path":"/SmartContractItems(CONTRACT='10352',ITEM=10m,SUB_ITEM=0m)","propertyPath":"STATUS"}},"wdio_ui5_key":"etmportal.ui.managecontracts.view.Detailsap.m.ObjectStatus{\"path\":\"/SmartContractItems(CONTRACT='10352',ITEM=10m,SUB_ITEM=0m)\",\"propertyPath\":\"STATUS\"}"}]}
RESULT: {"script":"<script> [1562 bytes]","args":[{"selector":{"controlType":"sap.m.ObjectStatus","viewName":"etm.portal.ui.managecontracts.view.Detail","bindingPath":{"path":"/SmartContractItems(CONTRACT='10352',ITEM=10m,SUB_ITEM=0m)","propertyPath":"STATUS"}},"wdio_ui5_key":"etmportal.ui.managecontracts.view.Detailsap.m.ObjectStatus{\"path\":\"/SmartContractItems(CONTRACT='10352',ITEM=10m,SUB_ITEM=0m)\",\"propertyPath\":\"STATUS\"}"}]}
RESULT: undefined
COMMAND: POST /session/fb20b4d5f8187ef355fd25bb9ed00552/execute/async - {"script":"<script> [6424 bytes]","args":[{"element-6066-11e4-a52e-4f735466cecf":"f.8D83D8F609E9C53C70C061F545E12C0C.d.217AA9BF470C00182B77E4446EF69D14.e.6537"},"getText",[]]}
RESULT: {"script":"<script> [6424 bytes]","args":[{"element-6066-11e4-a52e-4f735466cecf":"f.8D83D8F609E9C53C70C061F545E12C0C.d.217AA9BF470C00182B77E4446EF69D14.e.6537"},"getText",[]]}
COMMAND: POST /session/fb20b4d5f8187ef355fd25bb9ed00552/execute/async - {"script":"<script> [1562 bytes]","args":[{"selector":{"controlType":"sap.m.ObjectStatus","viewName":"etm.portal.ui.managecontracts.view.Detail","bindingPath":{"path":"/SmartContractItems(CONTRACT='10352',ITEM=20m,SUB_ITEM=0m)","propertyPath":"STATUS"}},"wdio_ui5_key":"etmportal.ui.managecontracts.view.Detailsap.m.ObjectStatus{\"path\":\"/SmartContractItems(CONTRACT='10352',ITEM=20m,SUB_ITEM=0m)\",\"propertyPath\":\"STATUS\"}"}]}
RESULT: {"script":"<script> [1562 bytes]","args":[{"selector":{"controlType":"sap.m.ObjectStatus","viewName":"etm.portal.ui.managecontracts.view.Detail","bindingPath":{"path":"/SmartContractItems(CONTRACT='10352',ITEM=20m,SUB_ITEM=0m)","propertyPath":"STATUS"}},"wdio_ui5_key":"etmportal.ui.managecontracts.view.Detailsap.m.ObjectStatus{\"path\":\"/SmartContractItems(CONTRACT='10352',ITEM=20m,SUB_ITEM=0m)\",\"propertyPath\":\"STATUS\"}"}]}
RESULT: undefined
COMMAND: POST /session/fb20b4d5f8187ef355fd25bb9ed00552/execute/async - {"script":"<script> [6424 bytes]","args":[{"element-6066-11e4-a52e-4f735466cecf":"f.8D83D8F609E9C53C70C061F545E12C0C.d.217AA9BF470C00182B77E4446EF69D14.e.6538"},"getText",[]]}
RESULT: {"script":"<script> [6424 bytes]","args":[{"element-6066-11e4-a52e-4f735466cecf":"f.8D83D8F609E9C53C70C061F545E12C0C.d.217AA9BF470C00182B77E4446EF69D14.e.6538"},"getText",[]]}
]]></system-out>
    </testcase>
  </testsuite>
  <testsuite timestamp="2025-04-29T18:07:21" time="111.028" tests="1" failures="0" errors="0" skipped="0">
    <properties>
      <property name="specId" value="0" />
      <property name="suiteName" value="Manage contracts - revert request US152962" />
      <property name="capabilities" value="chrome.135_0_7049_96.windows" />
      <property name="file" value="file:///D:/a/1/s/test/specs/R2C/manage-contracts-revert-request.spec.js" />
    </properties>
    <testcase classname="chrome.135_0_7049_96.windows.Manage_contracts_-_revert_request_US152962" name="Should revert the request" time="111.024">
      <system-out><![CDATA[
COMMAND: POST /session/fb20b4d5f8187ef355fd25bb9ed00552/execute/async - {"script":"<script> [1562 bytes]","args":[{"selector":{"id":"revertPlanningBtn","viewName":"etm.portal.ui.managecontracts.view.Detail","interaction":{"idSuffix":"BDI-content"}},"wdio_ui5_key":"revertPlanningBtnetmportal.ui.managecontracts.view.Detail"}]}
RESULT: {"script":"<script> [1562 bytes]","args":[{"selector":{"id":"revertPlanningBtn","viewName":"etm.portal.ui.managecontracts.view.Detail","interaction":{"idSuffix":"BDI-content"}},"wdio_ui5_key":"revertPlanningBtnetmportal.ui.managecontracts.view.Detail"}]}
RESULT: undefined
COMMAND: POST /session/fb20b4d5f8187ef355fd25bb9ed00552/element - {"using":"xpath","value":"//*[@id=\"__xmlview64--revertPlanningBtn\"]"}
RESULT: {"using":"xpath","value":"//*[@id=\"__xmlview64--revertPlanningBtn\"]"}
COMMAND: POST /session/fb20b4d5f8187ef355fd25bb9ed00552/element/f.8D83D8F609E9C53C70C061F545E12C0C.d.217AA9BF470C00182B77E4446EF69D14.e.6398/click - {}
RESULT: {}
COMMAND: POST /session/fb20b4d5f8187ef355fd25bb9ed00552/element - {"using":"xpath","value":"(//div[contains(@id ,\"selectMulti-CbBg\")])[2]"}
COMMAND: GET /session/fb20b4d5f8187ef355fd25bb9ed00552/screenshot - {}
RESULT: {"using":"xpath","value":"(//div[contains(@id ,\"selectMulti-CbBg\")])[2]"}
COMMAND: POST /session/fb20b4d5f8187ef355fd25bb9ed00552/element/f.8D83D8F609E9C53C70C061F545E12C0C.d.217AA9BF470C00182B77E4446EF69D14.e.6584/click - {}
RESULT: {}
RESULT: {}
COMMAND: GET /session/fb20b4d5f8187ef355fd25bb9ed00552/screenshot - {}
RESULT: {}
COMMAND: POST /session/fb20b4d5f8187ef355fd25bb9ed00552/element - {"using":"xpath","value":"//span[contains(@id ,\"executeRevertPlanningBtn-content\")]"}
RESULT: {"using":"xpath","value":"//span[contains(@id ,\"executeRevertPlanningBtn-content\")]"}
COMMAND: POST /session/fb20b4d5f8187ef355fd25bb9ed00552/element/f.8D83D8F609E9C53C70C061F545E12C0C.d.217AA9BF470C00182B77E4446EF69D14.e.6586/click - {}
RESULT: {}
COMMAND: GET /session/fb20b4d5f8187ef355fd25bb9ed00552/screenshot - {}
RESULT: {}
COMMAND: POST /session/fb20b4d5f8187ef355fd25bb9ed00552/actions - {"actions":[{"id":"action32","type":"key","parameters":{},"actions":[{"type":"keyDown","value":"î€‡"},{"type":"pause","duration":10},{"type":"keyUp","value":"î€‡"}]}]}
RESULT: {"actions":[{"id":"action32","type":"key","parameters":{},"actions":[{"type":"keyDown","value":"î€‡"},{"type":"pause","duration":10},{"type":"keyUp","value":"î€‡"}]}]}
COMMAND: GET /session/fb20b4d5f8187ef355fd25bb9ed00552/screenshot - {}
RESULT: {}
COMMAND: POST /session/fb20b4d5f8187ef355fd25bb9ed00552/refresh - {}
RESULT: {}
COMMAND: GET /session/fb20b4d5f8187ef355fd25bb9ed00552/screenshot - {}
RESULT: {}
COMMAND: POST /session/fb20b4d5f8187ef355fd25bb9ed00552/execute/async - {"script":"<script> [189 bytes]","args":[]}
RESULT: {"script":"<script> [189 bytes]","args":[]}
COMMAND: POST /session/fb20b4d5f8187ef355fd25bb9ed00552/execute/async - {"script":"<script> [123 bytes]","args":[]}
RESULT: {"script":"<script> [123 bytes]","args":[]}
COMMAND: POST /session/fb20b4d5f8187ef355fd25bb9ed00552/timeouts - {"script":"<number>"}
RESULT: {"script":"<number>"}
COMMAND: GET /session/fb20b4d5f8187ef355fd25bb9ed00552/timeouts - {}
RESULT: {}
RESULT: undefined
COMMAND: POST /session/fb20b4d5f8187ef355fd25bb9ed00552/execute/async - {"script":"<script> [2676 bytes]","args":[]}
RESULT: {"script":"<script> [2676 bytes]","args":[]}
COMMAND: POST /session/fb20b4d5f8187ef355fd25bb9ed00552/execute/async - {"script":"<script> [2342 bytes]","args":[{"protocol":"http","hostname":"0.0.0.0","path":"/","capabilities":{"browserName":"chrome","goog:chromeOptions":{"binary":"C:\\Program Files\\Google\\Chrome\\Application\\chrome.exe","args":["--start-maximized"]}},"logLevel":"warn","connectionRetryTimeout":120000,"connectionRetryCount":3,"logLevels":{},"enableDirectConnect":true,"strictSSL":true,"_":"65 more keys: [\"cacheDir\",\"port\",\"requestedCapabilities\",\"automationProtocol\",\"baseUrl\",\"waitforInterval\",\"waitforTimeout\",\"onReload\",\"beforeCommand\",\"afterCommand\",\"rootDir\",\"specs\",\"suites\",\"exclude\",\"groupLogsByTestSpec\",\"excludeDriverLogs\",\"bail\",\"framework\",\"reporters\",\"services\",\"maxInstances\",\"maxInstancesPerCapability\",\"injectGlobals\",\"filesToWatch\",\"execArgv\",\"runnerEnv\",\"runner\",\"shard\",\"specFileRetries\",\"specFileRetriesDelay\",\"specFileRetriesDeferred\",\"reporterSyncInterval\",\"reporterSyncTimeout\",\"cucumberFeaturesWithLineNumbers\",\"autoCompileOpts\",\"mochaOpts\",\"jasmineOpts\",\"cucumberOpts\",\"onPrepare\",\"onWorkerStart\",\"onWorkerEnd\",\"before\",\"beforeSession\",\"beforeSuite\",\"beforeHook\",\"beforeTest\",\"afterTest\",\"afterHook\",\"afterSuite\",\"afterSession\",\"after\",\"onComplete\",\"beforeAssertion\",\"afterAssertion\",\"beforeFeature\",\"beforeScenario\",\"beforeStep\",\"afterStep\",\"afterScenario\",\"afterFeature\",\"_\",\"suite\",\"$0\",\"ignoredWorkerServices\",\"wdi5\"]"}]}
RESULT: {"script":"<script> [2342 bytes]","args":[{"protocol":"http","hostname":"0.0.0.0","path":"/","capabilities":{"browserName":"chrome","goog:chromeOptions":{"binary":"C:\\Program Files\\Google\\Chrome\\Application\\chrome.exe","args":["--start-maximized"]}},"logLevel":"warn","connectionRetryTimeout":120000,"connectionRetryCount":3,"logLevels":{},"enableDirectConnect":true,"strictSSL":true,"_":"65 more keys: [\"cacheDir\",\"port\",\"requestedCapabilities\",\"automationProtocol\",\"baseUrl\",\"waitforInterval\",\"waitforTimeout\",\"onReload\",\"beforeCommand\",\"afterCommand\",\"rootDir\",\"specs\",\"suites\",\"exclude\",\"groupLogsByTestSpec\",\"excludeDriverLogs\",\"bail\",\"framework\",\"reporters\",\"services\",\"maxInstances\",\"maxInstancesPerCapability\",\"injectGlobals\",\"filesToWatch\",\"execArgv\",\"runnerEnv\",\"runner\",\"shard\",\"specFileRetries\",\"specFileRetriesDelay\",\"specFileRetriesDeferred\",\"reporterSyncInterval\",\"reporterSyncTimeout\",\"cucumberFeaturesWithLineNumbers\",\"autoCompileOpts\",\"mochaOpts\",\"jasmineOpts\",\"cucumberOpts\",\"onPrepare\",\"onWorkerStart\",\"onWorkerEnd\",\"before\",\"beforeSession\",\"beforeSuite\",\"beforeHook\",\"beforeTest\",\"afterTest\",\"afterHook\",\"afterSuite\",\"afterSession\",\"after\",\"onComplete\",\"beforeAssertion\",\"afterAssertion\",\"beforeFeature\",\"beforeScenario\",\"beforeStep\",\"afterStep\",\"afterScenario\",\"afterFeature\",\"_\",\"suite\",\"$0\",\"ignoredWorkerServices\",\"wdi5\"]"}]}
COMMAND: POST /session/fb20b4d5f8187ef355fd25bb9ed00552/execute/async - {"script":"<script> [21126 bytes]","args":[35000]}
RESULT: {"script":"<script> [21126 bytes]","args":[35000]}
COMMAND: POST /session/fb20b4d5f8187ef355fd25bb9ed00552/execute/async - {"script":"<script> [1562 bytes]","args":[{"selector":{"controlType":"sap.m.Title","viewName":"etm.portal.ui.managecontracts.view.Detail","properties":{"text":"Contract Items (1)"}},"wdio_ui5_key":"etmportal.ui.managecontracts.view.Detailsap.m.Title{\"text\":\"Contract Items (1)\"}"}]}
RESULT: {"script":"<script> [1562 bytes]","args":[{"selector":{"controlType":"sap.m.Title","viewName":"etm.portal.ui.managecontracts.view.Detail","properties":{"text":"Contract Items (1)"}},"wdio_ui5_key":"etmportal.ui.managecontracts.view.Detailsap.m.Title{\"text\":\"Contract Items (1)\"}"}]}
RESULT: undefined
COMMAND: POST /session/fb20b4d5f8187ef355fd25bb9ed00552/execute/async - {"script":"<script> [6424 bytes]","args":[{"element-6066-11e4-a52e-4f735466cecf":"f.8D83D8F609E9C53C70C061F545E12C0C.d.D229564C24BB076E4FED579E50D63FAD.e.6819"},"getText",[]]}
RESULT: {"script":"<script> [6424 bytes]","args":[{"element-6066-11e4-a52e-4f735466cecf":"f.8D83D8F609E9C53C70C061F545E12C0C.d.D229564C24BB076E4FED579E50D63FAD.e.6819"},"getText",[]]}
COMMAND: POST /session/fb20b4d5f8187ef355fd25bb9ed00552/execute/async - {"script":"<script> [1562 bytes]","args":[{"selector":{"id":"contractDetailEditBtn","viewName":"etm.portal.ui.managecontracts.view.Detail","interaction":{"idSuffix":"inner"}},"wdio_ui5_key":"contractDetailEditBtnetmportal.ui.managecontracts.view.Detail"}]}
RESULT: {"script":"<script> [1562 bytes]","args":[{"selector":{"id":"contractDetailEditBtn","viewName":"etm.portal.ui.managecontracts.view.Detail","interaction":{"idSuffix":"inner"}},"wdio_ui5_key":"contractDetailEditBtnetmportal.ui.managecontracts.view.Detail"}]}
RESULT: undefined
COMMAND: POST /session/fb20b4d5f8187ef355fd25bb9ed00552/element - {"using":"xpath","value":"//*[@id=\"__xmlview1--contractDetailEditBtn\"]"}
RESULT: {"using":"xpath","value":"//*[@id=\"__xmlview1--contractDetailEditBtn\"]"}
COMMAND: POST /session/fb20b4d5f8187ef355fd25bb9ed00552/element/f.8D83D8F609E9C53C70C061F545E12C0C.d.D229564C24BB076E4FED579E50D63FAD.e.6821/click - {}
RESULT: {}
COMMAND: GET /session/fb20b4d5f8187ef355fd25bb9ed00552/screenshot - {}
RESULT: {}
COMMAND: POST /session/fb20b4d5f8187ef355fd25bb9ed00552/element - {"using":"xpath","value":"(//span[contains(text(), \"Header Billing Items\")])[2]"}
RESULT: {"using":"xpath","value":"(//span[contains(text(), \"Header Billing Items\")])[2]"}
COMMAND: POST /session/fb20b4d5f8187ef355fd25bb9ed00552/element/f.8D83D8F609E9C53C70C061F545E12C0C.d.D229564C24BB076E4FED579E50D63FAD.e.6877/click - {}
RESULT: {}
COMMAND: GET /session/fb20b4d5f8187ef355fd25bb9ed00552/screenshot - {}
RESULT: {}
COMMAND: POST /session/fb20b4d5f8187ef355fd25bb9ed00552/element - {"using":"xpath","value":"//div[contains(@id ,\"ProductsTable-sa-CbBg\")]"}
RESULT: {"using":"xpath","value":"//div[contains(@id ,\"ProductsTable-sa-CbBg\")]"}
COMMAND: POST /session/fb20b4d5f8187ef355fd25bb9ed00552/element/f.8D83D8F609E9C53C70C061F545E12C0C.d.D229564C24BB076E4FED579E50D63FAD.e.6889/click - {}
RESULT: {}
COMMAND: GET /session/fb20b4d5f8187ef355fd25bb9ed00552/screenshot - {}
RESULT: {}
COMMAND: POST /session/fb20b4d5f8187ef355fd25bb9ed00552/execute/async - {"script":"<script> [1562 bytes]","args":[{"selector":{"id":"deleteBtn","viewName":"etm.portal.ui.managecontracts.view.EditContract","interaction":{"idSuffix":"BDI-content"}},"wdio_ui5_key":"deleteBtnetmportal.ui.managecontracts.view.EditContract"}]}
RESULT: {"script":"<script> [1562 bytes]","args":[{"selector":{"id":"deleteBtn","viewName":"etm.portal.ui.managecontracts.view.EditContract","interaction":{"idSuffix":"BDI-content"}},"wdio_ui5_key":"deleteBtnetmportal.ui.managecontracts.view.EditContract"}]}
RESULT: undefined
COMMAND: POST /session/fb20b4d5f8187ef355fd25bb9ed00552/element - {"using":"xpath","value":"//*[@id=\"__xmlview2--deleteBtn\"]"}
RESULT: {"using":"xpath","value":"//*[@id=\"__xmlview2--deleteBtn\"]"}
COMMAND: POST /session/fb20b4d5f8187ef355fd25bb9ed00552/element/f.8D83D8F609E9C53C70C061F545E12C0C.d.D229564C24BB076E4FED579E50D63FAD.e.6891/click - {}
RESULT: {}
COMMAND: POST /session/fb20b4d5f8187ef355fd25bb9ed00552/element - {"using":"xpath","value":"//bdi[contains(@id ,\"BDI-content\")][contains(text(), \"OK\")]"}
COMMAND: GET /session/fb20b4d5f8187ef355fd25bb9ed00552/screenshot - {}
RESULT: {"using":"xpath","value":"//bdi[contains(@id ,\"BDI-content\")][contains(text(), \"OK\")]"}
COMMAND: POST /session/fb20b4d5f8187ef355fd25bb9ed00552/element/f.8D83D8F609E9C53C70C061F545E12C0C.d.D229564C24BB076E4FED579E50D63FAD.e.6893/click - {}
RESULT: {}
RESULT: {}
COMMAND: GET /session/fb20b4d5f8187ef355fd25bb9ed00552/screenshot - {}
RESULT: {}
COMMAND: POST /session/fb20b4d5f8187ef355fd25bb9ed00552/element - {"using":"xpath","value":"//bdi[contains(@id ,\"BDI-content\")][contains(text(), \"Save\")]"}
RESULT: {"using":"xpath","value":"//bdi[contains(@id ,\"BDI-content\")][contains(text(), \"Save\")]"}
COMMAND: POST /session/fb20b4d5f8187ef355fd25bb9ed00552/element/f.8D83D8F609E9C53C70C061F545E12C0C.d.D229564C24BB076E4FED579E50D63FAD.e.6895/click - {}
RESULT: {}
COMMAND: GET /session/fb20b4d5f8187ef355fd25bb9ed00552/screenshot - {}
RESULT: {}
COMMAND: POST /session/fb20b4d5f8187ef355fd25bb9ed00552/element - {"using":"xpath","value":"(//span[contains(text(), \"Header Billing Items\")])[1]"}
RESULT: {"using":"xpath","value":"(//span[contains(text(), \"Header Billing Items\")])[1]"}
COMMAND: POST /session/fb20b4d5f8187ef355fd25bb9ed00552/element/f.8D83D8F609E9C53C70C061F545E12C0C.d.D229564C24BB076E4FED579E50D63FAD.e.6898/click - {}
RESULT: {}
COMMAND: GET /session/fb20b4d5f8187ef355fd25bb9ed00552/screenshot - {}
RESULT: {}
COMMAND: POST /session/fb20b4d5f8187ef355fd25bb9ed00552/execute/async - {"script":"<script> [1562 bytes]","args":[{"selector":{"controlType":"sap.m.ObjectStatus","viewName":"etm.portal.ui.managecontracts.view.Detail","bindingPath":{"path":"/SmartContractItems(CONTRACT='10352',ITEM=10m,SUB_ITEM=0m)","propertyPath":"STATUS"}},"wdio_ui5_key":"etmportal.ui.managecontracts.view.Detailsap.m.ObjectStatus{\"path\":\"/SmartContractItems(CONTRACT='10352',ITEM=10m,SUB_ITEM=0m)\",\"propertyPath\":\"STATUS\"}"}]}
RESULT: {"script":"<script> [1562 bytes]","args":[{"selector":{"controlType":"sap.m.ObjectStatus","viewName":"etm.portal.ui.managecontracts.view.Detail","bindingPath":{"path":"/SmartContractItems(CONTRACT='10352',ITEM=10m,SUB_ITEM=0m)","propertyPath":"STATUS"}},"wdio_ui5_key":"etmportal.ui.managecontracts.view.Detailsap.m.ObjectStatus{\"path\":\"/SmartContractItems(CONTRACT='10352',ITEM=10m,SUB_ITEM=0m)\",\"propertyPath\":\"STATUS\"}"}]}
RESULT: undefined
COMMAND: POST /session/fb20b4d5f8187ef355fd25bb9ed00552/execute/async - {"script":"<script> [6424 bytes]","args":[{"element-6066-11e4-a52e-4f735466cecf":"f.8D83D8F609E9C53C70C061F545E12C0C.d.D229564C24BB076E4FED579E50D63FAD.e.6902"},"getText",[]]}
RESULT: {"script":"<script> [6424 bytes]","args":[{"element-6066-11e4-a52e-4f735466cecf":"f.8D83D8F609E9C53C70C061F545E12C0C.d.D229564C24BB076E4FED579E50D63FAD.e.6902"},"getText",[]]}
COMMAND: POST /session/fb20b4d5f8187ef355fd25bb9ed00552/element - {"using":"css selector","value":"#shell-header-logo"}
RESULT: {"using":"css selector","value":"#shell-header-logo"}
COMMAND: POST /session/fb20b4d5f8187ef355fd25bb9ed00552/element/f.8D83D8F609E9C53C70C061F545E12C0C.d.D229564C24BB076E4FED579E50D63FAD.e.6782/click - {}
RESULT: {}
COMMAND: GET /session/fb20b4d5f8187ef355fd25bb9ed00552/screenshot - {}
RESULT: {}
COMMAND: POST /session/fb20b4d5f8187ef355fd25bb9ed00552/execute/async - {"script":"<script> [1562 bytes]","args":[{"selector":{"controlType":"sap.m.GenericTile","properties":{"header":"Manage Requests"}},"wdio_ui5_key":"sapm.GenericTile{\"header\":\"Manage Requests\"}"}]}
RESULT: {"script":"<script> [1562 bytes]","args":[{"selector":{"controlType":"sap.m.GenericTile","properties":{"header":"Manage Requests"}},"wdio_ui5_key":"sapm.GenericTile{\"header\":\"Manage Requests\"}"}]}
RESULT: undefined
COMMAND: POST /session/fb20b4d5f8187ef355fd25bb9ed00552/element - {"using":"xpath","value":"//*[@id=\"__tile47\"]"}
RESULT: {"using":"xpath","value":"//*[@id=\"__tile47\"]"}
COMMAND: POST /session/fb20b4d5f8187ef355fd25bb9ed00552/element/f.8D83D8F609E9C53C70C061F545E12C0C.d.D229564C24BB076E4FED579E50D63FAD.e.6919/click - {}
RESULT: {}
COMMAND: GET /session/fb20b4d5f8187ef355fd25bb9ed00552/screenshot - {}
RESULT: {}
COMMAND: POST /session/fb20b4d5f8187ef355fd25bb9ed00552/execute/async - {"script":"<script> [1562 bytes]","args":[{"selector":{"controlType":"sap.m.SearchField","viewName":"etm.portal.ui.managerequests.view.Master","bindingPath":{"path":"","propertyPath":"/_BASIC_SEARCH_FIELD","modelName":"fi1t3rM0d31"},"interaction":{"idSuffix":"I"}},"wdio_ui5_key":"etmportal.ui.managerequests.view.Mastersap.m.SearchField{\"path\":\"\",\"propertyPath\":\"/_BASIC_SEARCH_FIELD\",\"modelName\":\"fi1t3rM0d31\"}"}]}
RESULT: {"script":"<script> [1562 bytes]","args":[{"selector":{"controlType":"sap.m.SearchField","viewName":"etm.portal.ui.managerequests.view.Master","bindingPath":{"path":"","propertyPath":"/_BASIC_SEARCH_FIELD","modelName":"fi1t3rM0d31"},"interaction":{"idSuffix":"I"}},"wdio_ui5_key":"etmportal.ui.managerequests.view.Mastersap.m.SearchField{\"path\":\"\",\"propertyPath\":\"/_BASIC_SEARCH_FIELD\",\"modelName\":\"fi1t3rM0d31\"}"}]}
RESULT: undefined
COMMAND: POST /session/fb20b4d5f8187ef355fd25bb9ed00552/execute/async - {"script":"<script> [776 bytes]","args":[{"enterText":"20274","selector":{"controlType":"sap.m.SearchField","viewName":"etm.portal.ui.managerequests.view.Master","bindingPath":{"path":"","propertyPath":"/_BASIC_SEARCH_FIELD","modelName":"fi1t3rM0d31"},"interaction":{"idSuffix":"I"}},"clearTextFirst":true,"interactionType":"ENTER_TEXT"}]}
RESULT: {"script":"<script> [776 bytes]","args":[{"enterText":"20274","selector":{"controlType":"sap.m.SearchField","viewName":"etm.portal.ui.managerequests.view.Master","bindingPath":{"path":"","propertyPath":"/_BASIC_SEARCH_FIELD","modelName":"fi1t3rM0d31"},"interaction":{"idSuffix":"I"}},"clearTextFirst":true,"interactionType":"ENTER_TEXT"}]}
COMMAND: POST /session/fb20b4d5f8187ef355fd25bb9ed00552/actions - {"actions":[{"id":"action33","type":"key","parameters":{},"actions":[{"type":"keyDown","value":"î€‡"},{"type":"pause","duration":10},{"type":"keyUp","value":"î€‡"}]}]}
RESULT: {"actions":[{"id":"action33","type":"key","parameters":{},"actions":[{"type":"keyDown","value":"î€‡"},{"type":"pause","duration":10},{"type":"keyUp","value":"î€‡"}]}]}
COMMAND: GET /session/fb20b4d5f8187ef355fd25bb9ed00552/screenshot - {}
RESULT: {}
COMMAND: POST /session/fb20b4d5f8187ef355fd25bb9ed00552/execute/async - {"script":"<script> [1562 bytes]","args":[{"selector":{"controlType":"sap.m.Text","viewName":"etm.portal.ui.managerequests.view.Master","bindingPath":{"path":"/SmartManageRequests('20274')","propertyPath":"NO"}},"wdio_ui5_key":"etmportal.ui.managerequests.view.Mastersap.m.Text{\"path\":\"/SmartManageRequests('20274')\",\"propertyPath\":\"NO\"}"}]}
RESULT: {"script":"<script> [1562 bytes]","args":[{"selector":{"controlType":"sap.m.Text","viewName":"etm.portal.ui.managerequests.view.Master","bindingPath":{"path":"/SmartManageRequests('20274')","propertyPath":"NO"}},"wdio_ui5_key":"etmportal.ui.managerequests.view.Mastersap.m.Text{\"path\":\"/SmartManageRequests('20274')\",\"propertyPath\":\"NO\"}"}]}
RESULT: undefined
COMMAND: POST /session/fb20b4d5f8187ef355fd25bb9ed00552/element - {"using":"xpath","value":"//*[@id=\"__text463-__clone172\"]"}
RESULT: {"using":"xpath","value":"//*[@id=\"__text463-__clone172\"]"}
COMMAND: POST /session/fb20b4d5f8187ef355fd25bb9ed00552/element/f.8D83D8F609E9C53C70C061F545E12C0C.d.D229564C24BB076E4FED579E50D63FAD.e.7055/click - {}
RESULT: {}
COMMAND: GET /session/fb20b4d5f8187ef355fd25bb9ed00552/screenshot - {}
RESULT: {}
COMMAND: POST /session/fb20b4d5f8187ef355fd25bb9ed00552/execute/async - {"script":"<script> [1562 bytes]","args":[{"selector":{"controlType":"sap.ui.core.Icon","viewName":"etm.portal.ui.managerequests.view.Detail","properties":{"src":{"regex":{"source":"slim\\-arrow\\-up"}}}},"wdio_ui5_key":"etmportal.ui.managerequests.view.Detailsap.ui.core.Icon{\"src\":{\"regex\":{\"source\":\"slim\\\\-arrow\\\\-up\"}}}"}]}
RESULT: {"script":"<script> [1562 bytes]","args":[{"selector":{"controlType":"sap.ui.core.Icon","viewName":"etm.portal.ui.managerequests.view.Detail","properties":{"src":{"regex":{"source":"slim\\-arrow\\-up"}}}},"wdio_ui5_key":"etmportal.ui.managerequests.view.Detailsap.ui.core.Icon{\"src\":{\"regex\":{\"source\":\"slim\\\\-arrow\\\\-up\"}}}"}]}
RESULT: undefined
COMMAND: POST /session/fb20b4d5f8187ef355fd25bb9ed00552/element - {"using":"xpath","value":"//*[@id=\"__xmlview62--detailRequestPage-OPHeaderContent-collapseBtn-img\"]"}
RESULT: {"using":"xpath","value":"//*[@id=\"__xmlview62--detailRequestPage-OPHeaderContent-collapseBtn-img\"]"}
COMMAND: POST /session/fb20b4d5f8187ef355fd25bb9ed00552/element/f.8D83D8F609E9C53C70C061F545E12C0C.d.D229564C24BB076E4FED579E50D63FAD.e.7176/click - {}
RESULT: {}
COMMAND: GET /session/fb20b4d5f8187ef355fd25bb9ed00552/screenshot - {}
RESULT: {}
COMMAND: POST /session/fb20b4d5f8187ef355fd25bb9ed00552/execute/async - {"script":"<script> [1562 bytes]","args":[{"selector":{"controlType":"sap.m.Text","viewName":"etm.portal.ui.managerequests.view.Detail","bindingPath":{"path":"/SmartRequestItemsPlanningBoard(ITEM=20m,REQUEST='20274')","propertyPath":"STATUS_DESC"}},"wdio_ui5_key":"etmportal.ui.managerequests.view.Detailsap.m.Text{\"path\":\"/SmartRequestItemsPlanningBoard(ITEM=20m,REQUEST='20274')\",\"propertyPath\":\"STATUS_DESC\"}"}]}
RESULT: {"script":"<script> [1562 bytes]","args":[{"selector":{"controlType":"sap.m.Text","viewName":"etm.portal.ui.managerequests.view.Detail","bindingPath":{"path":"/SmartRequestItemsPlanningBoard(ITEM=20m,REQUEST='20274')","propertyPath":"STATUS_DESC"}},"wdio_ui5_key":"etmportal.ui.managerequests.view.Detailsap.m.Text{\"path\":\"/SmartRequestItemsPlanningBoard(ITEM=20m,REQUEST='20274')\",\"propertyPath\":\"STATUS_DESC\"}"}]}
RESULT: undefined
COMMAND: POST /session/fb20b4d5f8187ef355fd25bb9ed00552/execute/async - {"script":"<script> [6424 bytes]","args":[{"element-6066-11e4-a52e-4f735466cecf":"f.8D83D8F609E9C53C70C061F545E12C0C.d.D229564C24BB076E4FED579E50D63FAD.e.7251"},"getText",[]]}
RESULT: {"script":"<script> [6424 bytes]","args":[{"element-6066-11e4-a52e-4f735466cecf":"f.8D83D8F609E9C53C70C061F545E12C0C.d.D229564C24BB076E4FED579E50D63FAD.e.7251"},"getText",[]]}
COMMAND: POST /session/fb20b4d5f8187ef355fd25bb9ed00552/element - {"using":"css selector","value":"#shell-header-logo"}
RESULT: {"using":"css selector","value":"#shell-header-logo"}
COMMAND: POST /session/fb20b4d5f8187ef355fd25bb9ed00552/element/f.8D83D8F609E9C53C70C061F545E12C0C.d.D229564C24BB076E4FED579E50D63FAD.e.6924/click - {}
RESULT: {}
COMMAND: GET /session/fb20b4d5f8187ef355fd25bb9ed00552/screenshot - {}
RESULT: {}
]]></system-out>
    </testcase>
  </testsuite>
  <testsuite timestamp="2025-04-29T18:09:12" time="270.729" tests="4" failures="0" errors="0" skipped="0">
    <properties>
      <property name="specId" value="0" />
      <property name="suiteName" value="Standard contract close-reopen US111278" />
      <property name="capabilities" value="chrome.135_0_7049_96.windows" />
      <property name="file" value="file:///D:/a/1/s/test/specs/R2C/standard-contract-close-reopen.spec.js" />
    </properties>
    <testcase classname="chrome.135_0_7049_96.windows.Standard_contract_close-reopen_US111278" name="Should create a new contract and add an item" time="140.653">
      <system-out><![CDATA[
COMMAND: POST /session/fb20b4d5f8187ef355fd25bb9ed00552/execute/async - {"script":"<script> [1562 bytes]","args":[{"selector":{"controlType":"sap.m.Text","viewName":"etm.portal.ui.managecontractstile.view.Master","properties":{"text":"Manage Contracts"},"interaction":{"idSuffix":"inner"}},"wdio_ui5_key":"etmportal.ui.managecontractstile.view.Mastersap.m.Text{\"text\":\"Manage Contracts\"}"}]}
RESULT: {"script":"<script> [1562 bytes]","args":[{"selector":{"controlType":"sap.m.Text","viewName":"etm.portal.ui.managecontractstile.view.Master","properties":{"text":"Manage Contracts"},"interaction":{"idSuffix":"inner"}},"wdio_ui5_key":"etmportal.ui.managecontractstile.view.Mastersap.m.Text{\"text\":\"Manage Contracts\"}"}]}
RESULT: undefined
COMMAND: POST /session/fb20b4d5f8187ef355fd25bb9ed00552/element - {"using":"xpath","value":"//*[@id=\"__tile130-title\"]"}
RESULT: {"using":"xpath","value":"//*[@id=\"__tile130-title\"]"}
COMMAND: POST /session/fb20b4d5f8187ef355fd25bb9ed00552/element/f.8D83D8F609E9C53C70C061F545E12C0C.d.D229564C24BB076E4FED579E50D63FAD.e.7255/click - {}
RESULT: {}
COMMAND: GET /session/fb20b4d5f8187ef355fd25bb9ed00552/screenshot - {}
RESULT: {}
COMMAND: POST /session/fb20b4d5f8187ef355fd25bb9ed00552/element - {"using":"xpath","value":"//button[@data-kt=\"addButton\"]"}
RESULT: {"using":"xpath","value":"//button[@data-kt=\"addButton\"]"}
COMMAND: POST /session/fb20b4d5f8187ef355fd25bb9ed00552/element/f.8D83D8F609E9C53C70C061F545E12C0C.d.D229564C24BB076E4FED579E50D63FAD.e.7324/click - {}
RESULT: {}
COMMAND: GET /session/fb20b4d5f8187ef355fd25bb9ed00552/screenshot - {}
COMMAND: POST /session/fb20b4d5f8187ef355fd25bb9ed00552/execute/async - {"script":"<script> [1562 bytes]","args":[{"selector":{"id":"application-managecontracts-display-component---AddNewContract--projectDescription","interaction":{"idSuffix":"inner"}},"wdio_ui5_key":"applicationmanagecontracts-display-component---AddNewContract--projectDescription"}]}
RESULT: {}
RESULT: {"script":"<script> [1562 bytes]","args":[{"selector":{"id":"application-managecontracts-display-component---AddNewContract--projectDescription","interaction":{"idSuffix":"inner"}},"wdio_ui5_key":"applicationmanagecontracts-display-component---AddNewContract--projectDescription"}]}
RESULT: undefined
COMMAND: POST /session/fb20b4d5f8187ef355fd25bb9ed00552/execute/async - {"script":"<script> [776 bytes]","args":[{"enterText":"WdIOR2cm92whl","selector":{"id":"application-managecontracts-display-component---AddNewContract--projectDescription","interaction":{"idSuffix":"inner"}},"clearTextFirst":true,"interactionType":"ENTER_TEXT"}]}
RESULT: {"script":"<script> [776 bytes]","args":[{"enterText":"WdIOR2cm92whl","selector":{"id":"application-managecontracts-display-component---AddNewContract--projectDescription","interaction":{"idSuffix":"inner"}},"clearTextFirst":true,"interactionType":"ENTER_TEXT"}]}
COMMAND: POST /session/fb20b4d5f8187ef355fd25bb9ed00552/element - {"using":"xpath","value":"//input[@id=\"application-managecontracts-display-component---AddNewContract--yardId-inner\"]"}
RESULT: {"using":"xpath","value":"//input[@id=\"application-managecontracts-display-component---AddNewContract--yardId-inner\"]"}
COMMAND: POST /session/fb20b4d5f8187ef355fd25bb9ed00552/element/f.8D83D8F609E9C53C70C061F545E12C0C.d.D229564C24BB076E4FED579E50D63FAD.e.7576/clear - {}
RESULT: {}
COMMAND: POST /session/fb20b4d5f8187ef355fd25bb9ed00552/element/f.8D83D8F609E9C53C70C061F545E12C0C.d.D229564C24BB076E4FED579E50D63FAD.e.7576/value - {"text":"WebdriverYardc3n9w"}
COMMAND: GET /session/fb20b4d5f8187ef355fd25bb9ed00552/screenshot - {}
RESULT: {"text":"WebdriverYardc3n9w"}
COMMAND: GET /session/fb20b4d5f8187ef355fd25bb9ed00552/screenshot - {}
RESULT: {}
RESULT: {}
COMMAND: POST /session/fb20b4d5f8187ef355fd25bb9ed00552/actions - {"actions":[{"id":"action34","type":"key","parameters":{},"actions":[{"type":"keyDown","value":"î€‡"},{"type":"pause","duration":10},{"type":"keyUp","value":"î€‡"}]}]}
RESULT: {"actions":[{"id":"action34","type":"key","parameters":{},"actions":[{"type":"keyDown","value":"î€‡"},{"type":"pause","duration":10},{"type":"keyUp","value":"î€‡"}]}]}
COMMAND: GET /session/fb20b4d5f8187ef355fd25bb9ed00552/screenshot - {}
RESULT: {}
COMMAND: POST /session/fb20b4d5f8187ef355fd25bb9ed00552/element - {"using":"xpath","value":"//input[@id=\"application-managecontracts-display-component---AddNewContract--customerSelect-inner\"]"}
RESULT: {"using":"xpath","value":"//input[@id=\"application-managecontracts-display-component---AddNewContract--customerSelect-inner\"]"}
COMMAND: POST /session/fb20b4d5f8187ef355fd25bb9ed00552/element/f.8D83D8F609E9C53C70C061F545E12C0C.d.D229564C24BB076E4FED579E50D63FAD.e.7574/clear - {}
RESULT: {}
COMMAND: POST /session/fb20b4d5f8187ef355fd25bb9ed00552/element/f.8D83D8F609E9C53C70C061F545E12C0C.d.D229564C24BB076E4FED579E50D63FAD.e.7574/value - {"text":"WebdriverPartnergreic"}
COMMAND: GET /session/fb20b4d5f8187ef355fd25bb9ed00552/screenshot - {}
RESULT: {"text":"WebdriverPartnergreic"}
COMMAND: GET /session/fb20b4d5f8187ef355fd25bb9ed00552/screenshot - {}
RESULT: {}
RESULT: {}
COMMAND: POST /session/fb20b4d5f8187ef355fd25bb9ed00552/actions - {"actions":[{"id":"action35","type":"key","parameters":{},"actions":[{"type":"keyDown","value":"î€‡"},{"type":"pause","duration":10},{"type":"keyUp","value":"î€‡"}]}]}
RESULT: {"actions":[{"id":"action35","type":"key","parameters":{},"actions":[{"type":"keyDown","value":"î€‡"},{"type":"pause","duration":10},{"type":"keyUp","value":"î€‡"}]}]}
COMMAND: GET /session/fb20b4d5f8187ef355fd25bb9ed00552/screenshot - {}
RESULT: {}
COMMAND: POST /session/fb20b4d5f8187ef355fd25bb9ed00552/element - {"using":"xpath","value":"//input[@id=\"application-managecontracts-display-component---AddNewContract--site-inner\"]"}
RESULT: {"using":"xpath","value":"//input[@id=\"application-managecontracts-display-component---AddNewContract--site-inner\"]"}
COMMAND: POST /session/fb20b4d5f8187ef355fd25bb9ed00552/element/f.8D83D8F609E9C53C70C061F545E12C0C.d.D229564C24BB076E4FED579E50D63FAD.e.7575/clear - {}
RESULT: {}
COMMAND: POST /session/fb20b4d5f8187ef355fd25bb9ed00552/element/f.8D83D8F609E9C53C70C061F545E12C0C.d.D229564C24BB076E4FED579E50D63FAD.e.7575/value - {"text":"WebdriverSitewtuqu"}
COMMAND: GET /session/fb20b4d5f8187ef355fd25bb9ed00552/screenshot - {}
RESULT: {"text":"WebdriverSitewtuqu"}
COMMAND: GET /session/fb20b4d5f8187ef355fd25bb9ed00552/screenshot - {}
RESULT: {}
RESULT: {}
COMMAND: POST /session/fb20b4d5f8187ef355fd25bb9ed00552/actions - {"actions":[{"id":"action36","type":"key","parameters":{},"actions":[{"type":"keyDown","value":"î€‡"},{"type":"pause","duration":10},{"type":"keyUp","value":"î€‡"}]}]}
RESULT: {"actions":[{"id":"action36","type":"key","parameters":{},"actions":[{"type":"keyDown","value":"î€‡"},{"type":"pause","duration":10},{"type":"keyUp","value":"î€‡"}]}]}
COMMAND: GET /session/fb20b4d5f8187ef355fd25bb9ed00552/screenshot - {}
COMMAND: POST /session/fb20b4d5f8187ef355fd25bb9ed00552/element - {"using":"xpath","value":"//button[@data-kt=\"saveButton\"]"}
RESULT: {}
RESULT: {"using":"xpath","value":"//button[@data-kt=\"saveButton\"]"}
COMMAND: POST /session/fb20b4d5f8187ef355fd25bb9ed00552/element/f.8D83D8F609E9C53C70C061F545E12C0C.d.D229564C24BB076E4FED579E50D63FAD.e.7592/click - {}
RESULT: {}
COMMAND: GET /session/fb20b4d5f8187ef355fd25bb9ed00552/screenshot - {}
RESULT: {}
COMMAND: POST /session/fb20b4d5f8187ef355fd25bb9ed00552/execute/async - {"script":"<script> [1562 bytes]","args":[{"selector":{"id":"contractDetailTitleNoExpanded","viewName":"etm.portal.ui.managecontracts.view.Detail"},"wdio_ui5_key":"contractDetailTitleNoExpandedetmportal.ui.managecontracts.view.Detail"}]}
RESULT: {"script":"<script> [1562 bytes]","args":[{"selector":{"id":"contractDetailTitleNoExpanded","viewName":"etm.portal.ui.managecontracts.view.Detail"},"wdio_ui5_key":"contractDetailTitleNoExpandedetmportal.ui.managecontracts.view.Detail"}]}
RESULT: undefined
COMMAND: POST /session/fb20b4d5f8187ef355fd25bb9ed00552/execute/async - {"script":"<script> [6424 bytes]","args":[{"element-6066-11e4-a52e-4f735466cecf":"f.8D83D8F609E9C53C70C061F545E12C0C.d.D229564C24BB076E4FED579E50D63FAD.e.7612"},"getText",[]]}
RESULT: {"script":"<script> [6424 bytes]","args":[{"element-6066-11e4-a52e-4f735466cecf":"f.8D83D8F609E9C53C70C061F545E12C0C.d.D229564C24BB076E4FED579E50D63FAD.e.7612"},"getText",[]]}
COMMAND: POST /session/fb20b4d5f8187ef355fd25bb9ed00552/execute/async - {"script":"<script> [1562 bytes]","args":[{"selector":{"id":"closeContractBtn","viewName":"etm.portal.ui.managecontracts.view.Detail"},"wdio_ui5_key":"closeContractBtnetmportal.ui.managecontracts.view.Detail"}]}
RESULT: {"script":"<script> [1562 bytes]","args":[{"selector":{"id":"closeContractBtn","viewName":"etm.portal.ui.managecontracts.view.Detail"},"wdio_ui5_key":"closeContractBtnetmportal.ui.managecontracts.view.Detail"}]}
RESULT: undefined
COMMAND: POST /session/fb20b4d5f8187ef355fd25bb9ed00552/execute/async - {"script":"<script> [6424 bytes]","args":[{"element-6066-11e4-a52e-4f735466cecf":"f.8D83D8F609E9C53C70C061F545E12C0C.d.D229564C24BB076E4FED579E50D63FAD.e.7613"},"getEnabled",[]]}
RESULT: {"script":"<script> [6424 bytes]","args":[{"element-6066-11e4-a52e-4f735466cecf":"f.8D83D8F609E9C53C70C061F545E12C0C.d.D229564C24BB076E4FED579E50D63FAD.e.7613"},"getEnabled",[]]}
COMMAND: POST /session/fb20b4d5f8187ef355fd25bb9ed00552/element - {"using":"xpath","value":"//button[@data-kt=\"contractDetailEditBtnButton\"]"}
RESULT: {"using":"xpath","value":"//button[@data-kt=\"contractDetailEditBtnButton\"]"}
COMMAND: POST /session/fb20b4d5f8187ef355fd25bb9ed00552/element/f.8D83D8F609E9C53C70C061F545E12C0C.d.D229564C24BB076E4FED579E50D63FAD.e.7614/click - {}
RESULT: {}
COMMAND: GET /session/fb20b4d5f8187ef355fd25bb9ed00552/screenshot - {}
RESULT: {}
COMMAND: POST /session/fb20b4d5f8187ef355fd25bb9ed00552/element - {"using":"xpath","value":"(//span[contains(text(), \"Additional Addresses\")])[2]"}
RESULT: {"using":"xpath","value":"(//span[contains(text(), \"Additional Addresses\")])[2]"}
COMMAND: POST /session/fb20b4d5f8187ef355fd25bb9ed00552/element/f.8D83D8F609E9C53C70C061F545E12C0C.d.D229564C24BB076E4FED579E50D63FAD.e.7672/click - {}
RESULT: {}
COMMAND: GET /session/fb20b4d5f8187ef355fd25bb9ed00552/screenshot - {}
RESULT: {}
COMMAND: POST /session/fb20b4d5f8187ef355fd25bb9ed00552/element - {"using":"xpath","value":"//button[@data-kt=\"btnAddTableRowOverflowToolbarButton\"]"}
RESULT: {"using":"xpath","value":"//button[@data-kt=\"btnAddTableRowOverflowToolbarButton\"]"}
COMMAND: POST /session/fb20b4d5f8187ef355fd25bb9ed00552/element/f.8D83D8F609E9C53C70C061F545E12C0C.d.D229564C24BB076E4FED579E50D63FAD.e.7674/click - {}
RESULT: {}
COMMAND: GET /session/fb20b4d5f8187ef355fd25bb9ed00552/screenshot - {}
RESULT: {}
COMMAND: POST /session/fb20b4d5f8187ef355fd25bb9ed00552/element - {"using":"xpath","value":"//div[(text() = 'Standard Entry' or . = 'Standard Entry')]"}
RESULT: {"using":"xpath","value":"//div[(text() = 'Standard Entry' or . = 'Standard Entry')]"}
COMMAND: POST /session/fb20b4d5f8187ef355fd25bb9ed00552/element/f.8D83D8F609E9C53C70C061F545E12C0C.d.D229564C24BB076E4FED579E50D63FAD.e.7676/click - {}
RESULT: {}
COMMAND: POST /session/fb20b4d5f8187ef355fd25bb9ed00552/element - {"using":"xpath","value":"//td[6]/div/div/input[1]"}
COMMAND: GET /session/fb20b4d5f8187ef355fd25bb9ed00552/screenshot - {}
RESULT: {"using":"xpath","value":"//td[6]/div/div/input[1]"}
COMMAND: POST /session/fb20b4d5f8187ef355fd25bb9ed00552/element/f.8D83D8F609E9C53C70C061F545E12C0C.d.D229564C24BB076E4FED579E50D63FAD.e.7678/click - {}
RESULT: {}
RESULT: {}
COMMAND: POST /session/fb20b4d5f8187ef355fd25bb9ed00552/actions - {"actions":[{"id":"action37","type":"key","parameters":{},"actions":[{"type":"keyDown","value":"î€ƒ"},{"type":"pause","duration":10},{"type":"keyUp","value":"î€ƒ"}]}]}
COMMAND: GET /session/fb20b4d5f8187ef355fd25bb9ed00552/screenshot - {}
RESULT: {"actions":[{"id":"action37","type":"key","parameters":{},"actions":[{"type":"keyDown","value":"î€ƒ"},{"type":"pause","duration":10},{"type":"keyUp","value":"î€ƒ"}]}]}
COMMAND: POST /session/fb20b4d5f8187ef355fd25bb9ed00552/element - {"using":"xpath","value":"//td[6]/div/div/input[1]"}
COMMAND: GET /session/fb20b4d5f8187ef355fd25bb9ed00552/screenshot - {}
RESULT: {}
RESULT: {"using":"xpath","value":"//td[6]/div/div/input[1]"}
COMMAND: POST /session/fb20b4d5f8187ef355fd25bb9ed00552/element/f.8D83D8F609E9C53C70C061F545E12C0C.d.D229564C24BB076E4FED579E50D63FAD.e.7678/clear - {}
RESULT: {}
RESULT: {}
COMMAND: POST /session/fb20b4d5f8187ef355fd25bb9ed00552/element/f.8D83D8F609E9C53C70C061F545E12C0C.d.D229564C24BB076E4FED579E50D63FAD.e.7678/value - {"text":"Material"}
COMMAND: GET /session/fb20b4d5f8187ef355fd25bb9ed00552/screenshot - {}
RESULT: {"text":"Material"}
COMMAND: GET /session/fb20b4d5f8187ef355fd25bb9ed00552/screenshot - {}
RESULT: {}
RESULT: {}
COMMAND: POST /session/fb20b4d5f8187ef355fd25bb9ed00552/actions - {"actions":[{"id":"action38","type":"key","parameters":{},"actions":[{"type":"keyDown","value":"î€‡"},{"type":"pause","duration":10},{"type":"keyUp","value":"î€‡"}]}]}
RESULT: {"actions":[{"id":"action38","type":"key","parameters":{},"actions":[{"type":"keyDown","value":"î€‡"},{"type":"pause","duration":10},{"type":"keyUp","value":"î€‡"}]}]}
COMMAND: GET /session/fb20b4d5f8187ef355fd25bb9ed00552/screenshot - {}
RESULT: {}
COMMAND: POST /session/fb20b4d5f8187ef355fd25bb9ed00552/actions - {"actions":[{"id":"action39","type":"key","parameters":{},"actions":[{"type":"keyDown","value":"î€‡"},{"type":"pause","duration":10},{"type":"keyUp","value":"î€‡"}]}]}
RESULT: {"actions":[{"id":"action39","type":"key","parameters":{},"actions":[{"type":"keyDown","value":"î€‡"},{"type":"pause","duration":10},{"type":"keyUp","value":"î€‡"}]}]}
COMMAND: POST /session/fb20b4d5f8187ef355fd25bb9ed00552/element - {"using":"xpath","value":"//td[7]/div/div/input"}
COMMAND: GET /session/fb20b4d5f8187ef355fd25bb9ed00552/screenshot - {}
RESULT: {"using":"xpath","value":"//td[7]/div/div/input"}
COMMAND: POST /session/fb20b4d5f8187ef355fd25bb9ed00552/element/f.8D83D8F609E9C53C70C061F545E12C0C.d.D229564C24BB076E4FED579E50D63FAD.e.7691/clear - {}
RESULT: {}
RESULT: {}
COMMAND: POST /session/fb20b4d5f8187ef355fd25bb9ed00552/element/f.8D83D8F609E9C53C70C061F545E12C0C.d.D229564C24BB076E4FED579E50D63FAD.e.7691/value - {"text":"WebdriverRUR2C2jn1j"}
COMMAND: GET /session/fb20b4d5f8187ef355fd25bb9ed00552/screenshot - {}
RESULT: {"text":"WebdriverRUR2C2jn1j"}
COMMAND: GET /session/fb20b4d5f8187ef355fd25bb9ed00552/screenshot - {}
RESULT: {}
RESULT: {}
COMMAND: POST /session/fb20b4d5f8187ef355fd25bb9ed00552/actions - {"actions":[{"id":"action40","type":"key","parameters":{},"actions":[{"type":"keyDown","value":"î€‡"},{"type":"pause","duration":10},{"type":"keyUp","value":"î€‡"}]}]}
RESULT: {"actions":[{"id":"action40","type":"key","parameters":{},"actions":[{"type":"keyDown","value":"î€‡"},{"type":"pause","duration":10},{"type":"keyUp","value":"î€‡"}]}]}
COMMAND: GET /session/fb20b4d5f8187ef355fd25bb9ed00552/screenshot - {}
RESULT: {}
COMMAND: POST /session/fb20b4d5f8187ef355fd25bb9ed00552/actions - {"actions":[{"id":"action41","type":"key","parameters":{},"actions":[{"type":"keyDown","value":"î€‡"},{"type":"pause","duration":10},{"type":"keyUp","value":"î€‡"}]}]}
RESULT: {"actions":[{"id":"action41","type":"key","parameters":{},"actions":[{"type":"keyDown","value":"î€‡"},{"type":"pause","duration":10},{"type":"keyUp","value":"î€‡"}]}]}
COMMAND: GET /session/fb20b4d5f8187ef355fd25bb9ed00552/screenshot - {}
RESULT: {}
COMMAND: POST /session/fb20b4d5f8187ef355fd25bb9ed00552/element - {"using":"xpath","value":"(//button[@data-kt=\"saveButton\"])[2]"}
RESULT: {"using":"xpath","value":"(//button[@data-kt=\"saveButton\"])[2]"}
COMMAND: POST /session/fb20b4d5f8187ef355fd25bb9ed00552/element/f.8D83D8F609E9C53C70C061F545E12C0C.d.D229564C24BB076E4FED579E50D63FAD.e.7717/click - {}
RESULT: {}
COMMAND: GET /session/fb20b4d5f8187ef355fd25bb9ed00552/screenshot - {}
RESULT: {}
]]></system-out>
    </testcase>
    <testcase classname="chrome.135_0_7049_96.windows.Standard_contract_close-reopen_US111278" name="It should close the contract" time="24.065">
      <system-out><![CDATA[
RESULT: undefined
COMMAND: POST /session/fb20b4d5f8187ef355fd25bb9ed00552/element - {"using":"xpath","value":"//*[@id=\"__xmlview64--closeContractBtn\"]"}
RESULT: {"using":"xpath","value":"//*[@id=\"__xmlview64--closeContractBtn\"]"}
COMMAND: POST /session/fb20b4d5f8187ef355fd25bb9ed00552/element/f.8D83D8F609E9C53C70C061F545E12C0C.d.D229564C24BB076E4FED579E50D63FAD.e.7613/click - {}
RESULT: {}
COMMAND: GET /session/fb20b4d5f8187ef355fd25bb9ed00552/screenshot - {}
RESULT: {}
COMMAND: POST /session/fb20b4d5f8187ef355fd25bb9ed00552/element - {"using":"xpath","value":"//span[contains(text(), \"Do you want to close the whole contract?\")]"}
RESULT: {"using":"xpath","value":"//span[contains(text(), \"Do you want to close the whole contract?\")]"}
COMMAND: POST /session/fb20b4d5f8187ef355fd25bb9ed00552/execute/sync - {"script":"<script> [8489 bytes]","args":[{"element-6066-11e4-a52e-4f735466cecf":"f.8D83D8F609E9C53C70C061F545E12C0C.d.D229564C24BB076E4FED579E50D63FAD.e.7721","ELEMENT":"f.8D83D8F609E9C53C70C061F545E12C0C.d.D229564C24BB076E4FED579E50D63FAD.e.7721"}]}
RESULT: {"script":"<script> [8489 bytes]","args":[{"element-6066-11e4-a52e-4f735466cecf":"f.8D83D8F609E9C53C70C061F545E12C0C.d.D229564C24BB076E4FED579E50D63FAD.e.7721","ELEMENT":"f.8D83D8F609E9C53C70C061F545E12C0C.d.D229564C24BB076E4FED579E50D63FAD.e.7721"}]}
COMMAND: POST /session/fb20b4d5f8187ef355fd25bb9ed00552/element - {"using":"xpath","value":"//bdi[contains(text(), \"OK\")]"}
COMMAND: GET /session/fb20b4d5f8187ef355fd25bb9ed00552/screenshot - {}
RESULT: {"using":"xpath","value":"//bdi[contains(text(), \"OK\")]"}
COMMAND: POST /session/fb20b4d5f8187ef355fd25bb9ed00552/element/f.8D83D8F609E9C53C70C061F545E12C0C.d.D229564C24BB076E4FED579E50D63FAD.e.7722/click - {}
RESULT: {}
RESULT: {}
COMMAND: GET /session/fb20b4d5f8187ef355fd25bb9ed00552/screenshot - {}
RESULT: {}
COMMAND: POST /session/fb20b4d5f8187ef355fd25bb9ed00552/element - {"using":"xpath","value":"//input[contains(@id ,\"smartContractFilterBar-btnBasicSearch-I\")]"}
RESULT: {"using":"xpath","value":"//input[contains(@id ,\"smartContractFilterBar-btnBasicSearch-I\")]"}
COMMAND: POST /session/fb20b4d5f8187ef355fd25bb9ed00552/element/f.8D83D8F609E9C53C70C061F545E12C0C.d.D229564C24BB076E4FED579E50D63FAD.e.7260/clear - {}
RESULT: {}
COMMAND: POST /session/fb20b4d5f8187ef355fd25bb9ed00552/element/f.8D83D8F609E9C53C70C061F545E12C0C.d.D229564C24BB076E4FED579E50D63FAD.e.7260/value - {"text":"10353"}
COMMAND: GET /session/fb20b4d5f8187ef355fd25bb9ed00552/screenshot - {}
RESULT: {"text":"10353"}
COMMAND: POST /session/fb20b4d5f8187ef355fd25bb9ed00552/actions - {"actions":[{"id":"action42","type":"key","parameters":{},"actions":[{"type":"keyDown","value":"î€‡"},{"type":"pause","duration":10},{"type":"keyUp","value":"î€‡"}]}]}
COMMAND: GET /session/fb20b4d5f8187ef355fd25bb9ed00552/screenshot - {}
RESULT: {}
RESULT: {"actions":[{"id":"action42","type":"key","parameters":{},"actions":[{"type":"keyDown","value":"î€‡"},{"type":"pause","duration":10},{"type":"keyUp","value":"î€‡"}]}]}
COMMAND: GET /session/fb20b4d5f8187ef355fd25bb9ed00552/screenshot - {}
RESULT: {}
RESULT: {}
COMMAND: POST /session/fb20b4d5f8187ef355fd25bb9ed00552/execute/async - {"script":"<script> [1562 bytes]","args":[{"selector":{"controlType":"sap.ui.core.Icon","viewName":"etm.portal.ui.managecontracts.view.Master","properties":{"src":{"regex":{"source":"slim\\-arrow\\-right"}}}},"wdio_ui5_key":"etmportal.ui.managecontracts.view.Mastersap.ui.core.Icon{\"src\":{\"regex\":{\"source\":\"slim\\\\-arrow\\\\-right\"}}}"}]}
RESULT: {"script":"<script> [1562 bytes]","args":[{"selector":{"controlType":"sap.ui.core.Icon","viewName":"etm.portal.ui.managecontracts.view.Master","properties":{"src":{"regex":{"source":"slim\\-arrow\\-right"}}}},"wdio_ui5_key":"etmportal.ui.managecontracts.view.Mastersap.ui.core.Icon{\"src\":{\"regex\":{\"source\":\"slim\\\\-arrow\\\\-right\"}}}"}]}
RESULT: undefined
COMMAND: POST /session/fb20b4d5f8187ef355fd25bb9ed00552/element - {"using":"xpath","value":"//*[@id=\"__item129-__clone4043-imgNav\"]"}
RESULT: {"using":"xpath","value":"//*[@id=\"__item129-__clone4043-imgNav\"]"}
COMMAND: POST /session/fb20b4d5f8187ef355fd25bb9ed00552/element/f.8D83D8F609E9C53C70C061F545E12C0C.d.D229564C24BB076E4FED579E50D63FAD.e.7932/click - {}
RESULT: {}
COMMAND: POST /session/fb20b4d5f8187ef355fd25bb9ed00552/execute/async - {"script":"<script> [1562 bytes]","args":[{"selector":{"controlType":"sap.m.ObjectStatus","viewName":"etm.portal.ui.managecontracts.view.Detail","bindingPath":{"propertyPath":"LINK_TO_LOGISTICAL_STATUS/DESCRIPTION","modelName":"catalogModel"}},"wdio_ui5_key":"etmportal.ui.managecontracts.view.Detailsap.m.ObjectStatus{\"propertyPath\":\"LINK_TO_LOGISTICAL_STATUS/DESCRIPTION\",\"modelName\":\"catalogModel\"}"}]}
COMMAND: GET /session/fb20b4d5f8187ef355fd25bb9ed00552/screenshot - {}
RESULT: {"script":"<script> [1562 bytes]","args":[{"selector":{"controlType":"sap.m.ObjectStatus","viewName":"etm.portal.ui.managecontracts.view.Detail","bindingPath":{"propertyPath":"LINK_TO_LOGISTICAL_STATUS/DESCRIPTION","modelName":"catalogModel"}},"wdio_ui5_key":"etmportal.ui.managecontracts.view.Detailsap.m.ObjectStatus{\"propertyPath\":\"LINK_TO_LOGISTICAL_STATUS/DESCRIPTION\",\"modelName\":\"catalogModel\"}"}]}
RESULT: undefined
COMMAND: POST /session/fb20b4d5f8187ef355fd25bb9ed00552/execute/async - {"script":"<script> [6424 bytes]","args":[{"element-6066-11e4-a52e-4f735466cecf":"f.8D83D8F609E9C53C70C061F545E12C0C.d.D229564C24BB076E4FED579E50D63FAD.e.7974"},"getText",[]]}
RESULT: {}
RESULT: {"script":"<script> [6424 bytes]","args":[{"element-6066-11e4-a52e-4f735466cecf":"f.8D83D8F609E9C53C70C061F545E12C0C.d.D229564C24BB076E4FED579E50D63FAD.e.7974"},"getText",[]]}
]]></system-out>
    </testcase>
    <testcase classname="chrome.135_0_7049_96.windows.Standard_contract_close-reopen_US111278" name="Should reopen the contract" time="10.472">
      <system-out><![CDATA[
COMMAND: POST /session/fb20b4d5f8187ef355fd25bb9ed00552/execute/async - {"script":"<script> [1562 bytes]","args":[{"selector":{"id":"openContractBtn","viewName":"etm.portal.ui.managecontracts.view.Detail"},"wdio_ui5_key":"openContractBtnetmportal.ui.managecontracts.view.Detail"}]}
RESULT: {"script":"<script> [1562 bytes]","args":[{"selector":{"id":"openContractBtn","viewName":"etm.portal.ui.managecontracts.view.Detail"},"wdio_ui5_key":"openContractBtnetmportal.ui.managecontracts.view.Detail"}]}
RESULT: undefined
COMMAND: POST /session/fb20b4d5f8187ef355fd25bb9ed00552/execute/async - {"script":"<script> [6424 bytes]","args":[{"element-6066-11e4-a52e-4f735466cecf":"f.8D83D8F609E9C53C70C061F545E12C0C.d.D229564C24BB076E4FED579E50D63FAD.e.7953"},"getEnabled",[]]}
RESULT: {"script":"<script> [6424 bytes]","args":[{"element-6066-11e4-a52e-4f735466cecf":"f.8D83D8F609E9C53C70C061F545E12C0C.d.D229564C24BB076E4FED579E50D63FAD.e.7953"},"getEnabled",[]]}
COMMAND: POST /session/fb20b4d5f8187ef355fd25bb9ed00552/element - {"using":"xpath","value":"//bdi[contains(text(), \"Edit\")]"}
RESULT: {"using":"xpath","value":"//bdi[contains(text(), \"Edit\")]"}
COMMAND: POST /session/fb20b4d5f8187ef355fd25bb9ed00552/element - {"using":"xpath","value":"//bdi[contains(text(), \"Edit\")]"}
RESULT: undefined
COMMAND: POST /session/fb20b4d5f8187ef355fd25bb9ed00552/element - {"using":"xpath","value":"//*[@id=\"__xmlview64--openContractBtn\"]"}
RESULT: {"using":"xpath","value":"//*[@id=\"__xmlview64--openContractBtn\"]"}
COMMAND: POST /session/fb20b4d5f8187ef355fd25bb9ed00552/element/f.8D83D8F609E9C53C70C061F545E12C0C.d.D229564C24BB076E4FED579E50D63FAD.e.7953/click - {}
RESULT: {"using":"xpath","value":"//bdi[contains(text(), \"Edit\")]"}
RESULT: {}
COMMAND: POST /session/fb20b4d5f8187ef355fd25bb9ed00552/execute/async - {"script":"<script> [1562 bytes]","args":[{"selector":{"controlType":"sap.m.Text","properties":{"text":"Contract has been reopened successfully"},"searchOpenDialogs":true},"wdio_ui5_key":"sapm.Text{\"text\":\"Contract has been reopened successfully\"}"}]}
COMMAND: GET /session/fb20b4d5f8187ef355fd25bb9ed00552/screenshot - {}
RESULT: {"script":"<script> [1562 bytes]","args":[{"selector":{"controlType":"sap.m.Text","properties":{"text":"Contract has been reopened successfully"},"searchOpenDialogs":true},"wdio_ui5_key":"sapm.Text{\"text\":\"Contract has been reopened successfully\"}"}]}
RESULT: undefined
COMMAND: POST /session/fb20b4d5f8187ef355fd25bb9ed00552/execute/async - {"script":"<script> [6424 bytes]","args":[{"element-6066-11e4-a52e-4f735466cecf":"f.8D83D8F609E9C53C70C061F545E12C0C.d.D229564C24BB076E4FED579E50D63FAD.e.7977"},"getText",[]]}
RESULT: {}
RESULT: {"script":"<script> [6424 bytes]","args":[{"element-6066-11e4-a52e-4f735466cecf":"f.8D83D8F609E9C53C70C061F545E12C0C.d.D229564C24BB076E4FED579E50D63FAD.e.7977"},"getText",[]]}
COMMAND: POST /session/fb20b4d5f8187ef355fd25bb9ed00552/element - {"using":"xpath","value":"//bdi[contains(text(), \"OK\")]"}
RESULT: {"using":"xpath","value":"//bdi[contains(text(), \"OK\")]"}
COMMAND: POST /session/fb20b4d5f8187ef355fd25bb9ed00552/element/f.8D83D8F609E9C53C70C061F545E12C0C.d.D229564C24BB076E4FED579E50D63FAD.e.7978/click - {}
RESULT: {}
COMMAND: GET /session/fb20b4d5f8187ef355fd25bb9ed00552/screenshot - {}
RESULT: {}
COMMAND: POST /session/fb20b4d5f8187ef355fd25bb9ed00552/element - {"using":"xpath","value":"//bdi[contains(text(), \"Edit\")]"}
RESULT: undefined
COMMAND: POST /session/fb20b4d5f8187ef355fd25bb9ed00552/execute/async - {"script":"<script> [6424 bytes]","args":[{"element-6066-11e4-a52e-4f735466cecf":"f.8D83D8F609E9C53C70C061F545E12C0C.d.D229564C24BB076E4FED579E50D63FAD.e.7613"},"getEnabled",[]]}
RESULT: {"using":"xpath","value":"//bdi[contains(text(), \"Edit\")]"}
COMMAND: POST /session/fb20b4d5f8187ef355fd25bb9ed00552/execute/sync - {"script":"<script> [8489 bytes]","args":[{"element-6066-11e4-a52e-4f735466cecf":"f.8D83D8F609E9C53C70C061F545E12C0C.d.D229564C24BB076E4FED579E50D63FAD.e.7979","ELEMENT":"f.8D83D8F609E9C53C70C061F545E12C0C.d.D229564C24BB076E4FED579E50D63FAD.e.7979"}]}
COMMAND: POST /session/fb20b4d5f8187ef355fd25bb9ed00552/execute/async - {"script":"<script> [1562 bytes]","args":[{"selector":{"id":"closeContractBtn","viewName":"etm.portal.ui.managecontracts.view.Detail"},"wdio_ui5_key":"closeContractBtnetmportal.ui.managecontracts.view.Detail"}]}
RESULT: {"script":"<script> [8489 bytes]","args":[{"element-6066-11e4-a52e-4f735466cecf":"f.8D83D8F609E9C53C70C061F545E12C0C.d.D229564C24BB076E4FED579E50D63FAD.e.7979","ELEMENT":"f.8D83D8F609E9C53C70C061F545E12C0C.d.D229564C24BB076E4FED579E50D63FAD.e.7979"}]}
COMMAND: GET /session/fb20b4d5f8187ef355fd25bb9ed00552/screenshot - {}
RESULT: {"script":"<script> [1562 bytes]","args":[{"selector":{"id":"closeContractBtn","viewName":"etm.portal.ui.managecontracts.view.Detail"},"wdio_ui5_key":"closeContractBtnetmportal.ui.managecontracts.view.Detail"}]}
COMMAND: POST /session/fb20b4d5f8187ef355fd25bb9ed00552/execute/async - {"script":"<script> [6424 bytes]","args":[{"element-6066-11e4-a52e-4f735466cecf":"f.8D83D8F609E9C53C70C061F545E12C0C.d.D229564C24BB076E4FED579E50D63FAD.e.7980"},"getEnabled",[]]}
RESULT: {}
RESULT: {"script":"<script> [6424 bytes]","args":[{"element-6066-11e4-a52e-4f735466cecf":"f.8D83D8F609E9C53C70C061F545E12C0C.d.D229564C24BB076E4FED579E50D63FAD.e.7980"},"getEnabled",[]]}
]]></system-out>
    </testcase>
    <testcase classname="chrome.135_0_7049_96.windows.Standard_contract_close-reopen_US111278" name="Should verify for multiple statuses that open button is not visible" time="91.477">
      <system-out><![CDATA[
COMMAND: POST /session/fb20b4d5f8187ef355fd25bb9ed00552/execute/async - {"script":"<script> [1562 bytes]","args":[{"selector":{"controlType":"sap.ui.core.Icon","viewName":"etm.portal.ui.managecontracts.view.Detail","properties":{"src":{"regex":{"source":"decline"}}}},"wdio_ui5_key":"etmportal.ui.managecontracts.view.Detailsap.ui.core.Icon{\"src\":{\"regex\":{\"source\":\"decline\"}}}"}]}
RESULT: {"script":"<script> [1562 bytes]","args":[{"selector":{"controlType":"sap.ui.core.Icon","viewName":"etm.portal.ui.managecontracts.view.Detail","properties":{"src":{"regex":{"source":"decline"}}}},"wdio_ui5_key":"etmportal.ui.managecontracts.view.Detailsap.ui.core.Icon{\"src\":{\"regex\":{\"source\":\"decline\"}}}"}]}
RESULT: undefined
COMMAND: POST /session/fb20b4d5f8187ef355fd25bb9ed00552/element - {"using":"xpath","value":"//*[@id=\"__xmlview64--closeColumnBtn-img\"]"}
RESULT: {"using":"xpath","value":"//*[@id=\"__xmlview64--closeColumnBtn-img\"]"}
COMMAND: POST /session/fb20b4d5f8187ef355fd25bb9ed00552/element/f.8D83D8F609E9C53C70C061F545E12C0C.d.D229564C24BB076E4FED579E50D63FAD.e.7950/click - {}
RESULT: {}
COMMAND: GET /session/fb20b4d5f8187ef355fd25bb9ed00552/screenshot - {}
COMMAND: POST /session/fb20b4d5f8187ef355fd25bb9ed00552/element - {"using":"xpath","value":"//div[contains(@id ,\"smartContractFilterBar-btnBasicSearch-reset\")]"}
RESULT: {}
RESULT: {"using":"xpath","value":"//div[contains(@id ,\"smartContractFilterBar-btnBasicSearch-reset\")]"}
COMMAND: POST /session/fb20b4d5f8187ef355fd25bb9ed00552/element/f.8D83D8F609E9C53C70C061F545E12C0C.d.D229564C24BB076E4FED579E50D63FAD.e.7952/click - {}
RESULT: {}
COMMAND: GET /session/fb20b4d5f8187ef355fd25bb9ed00552/screenshot - {}
RESULT: {}
COMMAND: POST /session/fb20b4d5f8187ef355fd25bb9ed00552/execute/async - {"script":"<script> [1562 bytes]","args":[{"selector":{"controlType":"sap.ui.core.Icon","viewName":"etm.portal.ui.managecontracts.view.Master","properties":{"src":{"regex":{"source":"slim\\-arrow\\-down"}}},"ancestor":{"id":"smartContractStatusFilter","viewName":"etm.portal.ui.managecontracts.view.Master"}},"wdio_ui5_key":"etmportal.ui.managecontracts.view.Mastersap.ui.core.Icon{\"src\":{\"regex\":{\"source\":\"slim\\\\-arrow\\\\-down\"}}}{\"id\":\"smartContractStatusFilter\",\"viewName\":\"etm.portal.ui.managecontracts.view.Master\"}"}]}
RESULT: {"script":"<script> [1562 bytes]","args":[{"selector":{"controlType":"sap.ui.core.Icon","viewName":"etm.portal.ui.managecontracts.view.Master","properties":{"src":{"regex":{"source":"slim\\-arrow\\-down"}}},"ancestor":{"id":"smartContractStatusFilter","viewName":"etm.portal.ui.managecontracts.view.Master"}},"wdio_ui5_key":"etmportal.ui.managecontracts.view.Mastersap.ui.core.Icon{\"src\":{\"regex\":{\"source\":\"slim\\\\-arrow\\\\-down\"}}}{\"id\":\"smartContractStatusFilter\",\"viewName\":\"etm.portal.ui.managecontracts.view.Master\"}"}]}
RESULT: undefined
COMMAND: POST /session/fb20b4d5f8187ef355fd25bb9ed00552/element - {"using":"xpath","value":"//*[@id=\"__xmlview63--smartContractStatusFilter-arrow\"]"}
RESULT: {"using":"xpath","value":"//*[@id=\"__xmlview63--smartContractStatusFilter-arrow\"]"}
COMMAND: POST /session/fb20b4d5f8187ef355fd25bb9ed00552/element/f.8D83D8F609E9C53C70C061F545E12C0C.d.D229564C24BB076E4FED579E50D63FAD.e.8027/click - {}
RESULT: {}
COMMAND: POST /session/fb20b4d5f8187ef355fd25bb9ed00552/execute/async - {"script":"<script> [1562 bytes]","args":[{"selector":{"controlType":"sap.m.CheckBox","viewName":"etm.portal.ui.managecontracts.view.Master","properties":{"editable":true},"searchOpenDialogs":true,"ancestor":{"controlType":"sap.m.StandardListItem","viewName":"etm.portal.ui.managecontracts.view.Master","properties":{"title":"partial provided"},"searchOpenDialogs":true},"interaction":{"idSuffix":"CbBg"}},"wdio_ui5_key":"etmportal.ui.managecontracts.view.Mastersap.m.CheckBox{\"editable\":true}{\"controlType\":\"sap.m.StandardListItem\",\"viewName\":\"etm.portal.ui.managecontracts.view.Master\",\"properties\":{\"title\":\"partial provided\"},\"searchOpenDialogs\":true}"}]}
COMMAND: GET /session/fb20b4d5f8187ef355fd25bb9ed00552/screenshot - {}
RESULT: {"script":"<script> [1562 bytes]","args":[{"selector":{"controlType":"sap.m.CheckBox","viewName":"etm.portal.ui.managecontracts.view.Master","properties":{"editable":true},"searchOpenDialogs":true,"ancestor":{"controlType":"sap.m.StandardListItem","viewName":"etm.portal.ui.managecontracts.view.Master","properties":{"title":"partial provided"},"searchOpenDialogs":true},"interaction":{"idSuffix":"CbBg"}},"wdio_ui5_key":"etmportal.ui.managecontracts.view.Mastersap.m.CheckBox{\"editable\":true}{\"controlType\":\"sap.m.StandardListItem\",\"viewName\":\"etm.portal.ui.managecontracts.view.Master\",\"properties\":{\"title\":\"partial provided\"},\"searchOpenDialogs\":true}"}]}
RESULT: undefined
COMMAND: POST /session/fb20b4d5f8187ef355fd25bb9ed00552/element - {"using":"xpath","value":"//*[@id=\"__item1429-selectMulti\"]"}
RESULT: {}
RESULT: {"using":"xpath","value":"//*[@id=\"__item1429-selectMulti\"]"}
COMMAND: POST /session/fb20b4d5f8187ef355fd25bb9ed00552/element/f.8D83D8F609E9C53C70C061F545E12C0C.d.D229564C24BB076E4FED579E50D63FAD.e.8036/click - {}
RESULT: {}
COMMAND: GET /session/fb20b4d5f8187ef355fd25bb9ed00552/screenshot - {}
RESULT: {}
COMMAND: POST /session/fb20b4d5f8187ef355fd25bb9ed00552/element - {"using":"xpath","value":"(//span[contains(@title ,\"Navigation\")])[2]"}
RESULT: {"using":"xpath","value":"(//span[contains(@title ,\"Navigation\")])[2]"}
COMMAND: POST /session/fb20b4d5f8187ef355fd25bb9ed00552/element/f.8D83D8F609E9C53C70C061F545E12C0C.d.D229564C24BB076E4FED579E50D63FAD.e.8054/click - {}
RESULT: {}
COMMAND: GET /session/fb20b4d5f8187ef355fd25bb9ed00552/screenshot - {}
COMMAND: POST /session/fb20b4d5f8187ef355fd25bb9ed00552/element - {"using":"xpath","value":"//bdi[contains(@id ,\"closeContractBtn-BDI-content\")]"}
RESULT: {}
RESULT: {"using":"xpath","value":"//bdi[contains(@id ,\"closeContractBtn-BDI-content\")]"}
COMMAND: POST /session/fb20b4d5f8187ef355fd25bb9ed00552/element - {"using":"xpath","value":"//bdi[contains(@id ,\"closeContractBtn-BDI-content\")]"}
RESULT: undefined
COMMAND: POST /session/fb20b4d5f8187ef355fd25bb9ed00552/element - {"using":"xpath","value":"//*[@id=\"__xmlview64--closeColumnBtn-img\"]"}
RESULT: {"using":"xpath","value":"//bdi[contains(@id ,\"closeContractBtn-BDI-content\")]"}
RESULT: {"using":"xpath","value":"//*[@id=\"__xmlview64--closeColumnBtn-img\"]"}
COMMAND: POST /session/fb20b4d5f8187ef355fd25bb9ed00552/element/f.8D83D8F609E9C53C70C061F545E12C0C.d.D229564C24BB076E4FED579E50D63FAD.e.7950/click - {}
RESULT: {}
COMMAND: GET /session/fb20b4d5f8187ef355fd25bb9ed00552/screenshot - {}
COMMAND: POST /session/fb20b4d5f8187ef355fd25bb9ed00552/refresh - {}
RESULT: {}
RESULT: {}
COMMAND: GET /session/fb20b4d5f8187ef355fd25bb9ed00552/screenshot - {}
RESULT: {}
COMMAND: POST /session/fb20b4d5f8187ef355fd25bb9ed00552/execute/async - {"script":"<script> [189 bytes]","args":[]}
RESULT: {"script":"<script> [189 bytes]","args":[]}
COMMAND: POST /session/fb20b4d5f8187ef355fd25bb9ed00552/execute/async - {"script":"<script> [123 bytes]","args":[]}
RESULT: {"script":"<script> [123 bytes]","args":[]}
COMMAND: POST /session/fb20b4d5f8187ef355fd25bb9ed00552/timeouts - {"script":"<number>"}
RESULT: {"script":"<number>"}
COMMAND: GET /session/fb20b4d5f8187ef355fd25bb9ed00552/timeouts - {}
RESULT: {}
RESULT: undefined
COMMAND: POST /session/fb20b4d5f8187ef355fd25bb9ed00552/execute/async - {"script":"<script> [2676 bytes]","args":[]}
RESULT: {"script":"<script> [2676 bytes]","args":[]}
COMMAND: POST /session/fb20b4d5f8187ef355fd25bb9ed00552/execute/async - {"script":"<script> [2342 bytes]","args":[{"protocol":"http","hostname":"0.0.0.0","path":"/","capabilities":{"browserName":"chrome","goog:chromeOptions":{"binary":"C:\\Program Files\\Google\\Chrome\\Application\\chrome.exe","args":["--start-maximized"]}},"logLevel":"warn","connectionRetryTimeout":120000,"connectionRetryCount":3,"logLevels":{},"enableDirectConnect":true,"strictSSL":true,"_":"65 more keys: [\"cacheDir\",\"port\",\"requestedCapabilities\",\"automationProtocol\",\"baseUrl\",\"waitforInterval\",\"waitforTimeout\",\"onReload\",\"beforeCommand\",\"afterCommand\",\"rootDir\",\"specs\",\"suites\",\"exclude\",\"groupLogsByTestSpec\",\"excludeDriverLogs\",\"bail\",\"framework\",\"reporters\",\"services\",\"maxInstances\",\"maxInstancesPerCapability\",\"injectGlobals\",\"filesToWatch\",\"execArgv\",\"runnerEnv\",\"runner\",\"shard\",\"specFileRetries\",\"specFileRetriesDelay\",\"specFileRetriesDeferred\",\"reporterSyncInterval\",\"reporterSyncTimeout\",\"cucumberFeaturesWithLineNumbers\",\"autoCompileOpts\",\"mochaOpts\",\"jasmineOpts\",\"cucumberOpts\",\"onPrepare\",\"onWorkerStart\",\"onWorkerEnd\",\"before\",\"beforeSession\",\"beforeSuite\",\"beforeHook\",\"beforeTest\",\"afterTest\",\"afterHook\",\"afterSuite\",\"afterSession\",\"after\",\"onComplete\",\"beforeAssertion\",\"afterAssertion\",\"beforeFeature\",\"beforeScenario\",\"beforeStep\",\"afterStep\",\"afterScenario\",\"afterFeature\",\"_\",\"suite\",\"$0\",\"ignoredWorkerServices\",\"wdi5\"]"}]}
RESULT: {"script":"<script> [2342 bytes]","args":[{"protocol":"http","hostname":"0.0.0.0","path":"/","capabilities":{"browserName":"chrome","goog:chromeOptions":{"binary":"C:\\Program Files\\Google\\Chrome\\Application\\chrome.exe","args":["--start-maximized"]}},"logLevel":"warn","connectionRetryTimeout":120000,"connectionRetryCount":3,"logLevels":{},"enableDirectConnect":true,"strictSSL":true,"_":"65 more keys: [\"cacheDir\",\"port\",\"requestedCapabilities\",\"automationProtocol\",\"baseUrl\",\"waitforInterval\",\"waitforTimeout\",\"onReload\",\"beforeCommand\",\"afterCommand\",\"rootDir\",\"specs\",\"suites\",\"exclude\",\"groupLogsByTestSpec\",\"excludeDriverLogs\",\"bail\",\"framework\",\"reporters\",\"services\",\"maxInstances\",\"maxInstancesPerCapability\",\"injectGlobals\",\"filesToWatch\",\"execArgv\",\"runnerEnv\",\"runner\",\"shard\",\"specFileRetries\",\"specFileRetriesDelay\",\"specFileRetriesDeferred\",\"reporterSyncInterval\",\"reporterSyncTimeout\",\"cucumberFeaturesWithLineNumbers\",\"autoCompileOpts\",\"mochaOpts\",\"jasmineOpts\",\"cucumberOpts\",\"onPrepare\",\"onWorkerStart\",\"onWorkerEnd\",\"before\",\"beforeSession\",\"beforeSuite\",\"beforeHook\",\"beforeTest\",\"afterTest\",\"afterHook\",\"afterSuite\",\"afterSession\",\"after\",\"onComplete\",\"beforeAssertion\",\"afterAssertion\",\"beforeFeature\",\"beforeScenario\",\"beforeStep\",\"afterStep\",\"afterScenario\",\"afterFeature\",\"_\",\"suite\",\"$0\",\"ignoredWorkerServices\",\"wdi5\"]"}]}
COMMAND: POST /session/fb20b4d5f8187ef355fd25bb9ed00552/execute/async - {"script":"<script> [21126 bytes]","args":[35000]}
RESULT: {"script":"<script> [21126 bytes]","args":[35000]}
COMMAND: POST /session/fb20b4d5f8187ef355fd25bb9ed00552/execute/async - {"script":"<script> [1562 bytes]","args":[{"selector":{"controlType":"sap.ui.core.Icon","viewName":"etm.portal.ui.managecontracts.view.Master","properties":{"src":{"regex":{"source":"slim\\-arrow\\-down"}}},"ancestor":{"id":"smartContractStatusFilter","viewName":"etm.portal.ui.managecontracts.view.Master"}},"wdio_ui5_key":"etmportal.ui.managecontracts.view.Mastersap.ui.core.Icon{\"src\":{\"regex\":{\"source\":\"slim\\\\-arrow\\\\-down\"}}}{\"id\":\"smartContractStatusFilter\",\"viewName\":\"etm.portal.ui.managecontracts.view.Master\"}"}]}
RESULT: {"script":"<script> [1562 bytes]","args":[{"selector":{"controlType":"sap.ui.core.Icon","viewName":"etm.portal.ui.managecontracts.view.Master","properties":{"src":{"regex":{"source":"slim\\-arrow\\-down"}}},"ancestor":{"id":"smartContractStatusFilter","viewName":"etm.portal.ui.managecontracts.view.Master"}},"wdio_ui5_key":"etmportal.ui.managecontracts.view.Mastersap.ui.core.Icon{\"src\":{\"regex\":{\"source\":\"slim\\\\-arrow\\\\-down\"}}}{\"id\":\"smartContractStatusFilter\",\"viewName\":\"etm.portal.ui.managecontracts.view.Master\"}"}]}
RESULT: undefined
COMMAND: POST /session/fb20b4d5f8187ef355fd25bb9ed00552/element - {"using":"xpath","value":"//*[@id=\"__xmlview0--smartContractStatusFilter-arrow\"]"}
RESULT: {"using":"xpath","value":"//*[@id=\"__xmlview0--smartContractStatusFilter-arrow\"]"}
COMMAND: POST /session/fb20b4d5f8187ef355fd25bb9ed00552/element/f.8D83D8F609E9C53C70C061F545E12C0C.d.575D902793EF40C5ECD4E8CC2960E123.e.8445/click - {}
RESULT: {}
COMMAND: GET /session/fb20b4d5f8187ef355fd25bb9ed00552/screenshot - {}
RESULT: {}
COMMAND: POST /session/fb20b4d5f8187ef355fd25bb9ed00552/execute/async - {"script":"<script> [1562 bytes]","args":[{"selector":{"controlType":"sap.m.CheckBox","viewName":"etm.portal.ui.managecontracts.view.Master","properties":{"editable":true},"searchOpenDialogs":true,"ancestor":{"controlType":"sap.m.StandardListItem","viewName":"etm.portal.ui.managecontracts.view.Master","properties":{"title":"partial billed"},"searchOpenDialogs":true},"interaction":{"idSuffix":"CbBg"}},"wdio_ui5_key":"etmportal.ui.managecontracts.view.Mastersap.m.CheckBox{\"editable\":true}{\"controlType\":\"sap.m.StandardListItem\",\"viewName\":\"etm.portal.ui.managecontracts.view.Master\",\"properties\":{\"title\":\"partial billed\"},\"searchOpenDialogs\":true}"}]}
RESULT: {"script":"<script> [1562 bytes]","args":[{"selector":{"controlType":"sap.m.CheckBox","viewName":"etm.portal.ui.managecontracts.view.Master","properties":{"editable":true},"searchOpenDialogs":true,"ancestor":{"controlType":"sap.m.StandardListItem","viewName":"etm.portal.ui.managecontracts.view.Master","properties":{"title":"partial billed"},"searchOpenDialogs":true},"interaction":{"idSuffix":"CbBg"}},"wdio_ui5_key":"etmportal.ui.managecontracts.view.Mastersap.m.CheckBox{\"editable\":true}{\"controlType\":\"sap.m.StandardListItem\",\"viewName\":\"etm.portal.ui.managecontracts.view.Master\",\"properties\":{\"title\":\"partial billed\"},\"searchOpenDialogs\":true}"}]}
RESULT: undefined
COMMAND: POST /session/fb20b4d5f8187ef355fd25bb9ed00552/element - {"using":"xpath","value":"//*[@id=\"__item41-selectMulti\"]"}
RESULT: {"using":"xpath","value":"//*[@id=\"__item41-selectMulti\"]"}
COMMAND: POST /session/fb20b4d5f8187ef355fd25bb9ed00552/element/f.8D83D8F609E9C53C70C061F545E12C0C.d.575D902793EF40C5ECD4E8CC2960E123.e.8454/click - {}
RESULT: {}
COMMAND: GET /session/fb20b4d5f8187ef355fd25bb9ed00552/screenshot - {}
RESULT: {}
COMMAND: POST /session/fb20b4d5f8187ef355fd25bb9ed00552/element - {"using":"xpath","value":"(//span[contains(@title ,\"Navigation\")])[2]"}
RESULT: {"using":"xpath","value":"(//span[contains(@title ,\"Navigation\")])[2]"}
COMMAND: POST /session/fb20b4d5f8187ef355fd25bb9ed00552/element/f.8D83D8F609E9C53C70C061F545E12C0C.d.575D902793EF40C5ECD4E8CC2960E123.e.8489/click - {}
RESULT: {}
COMMAND: GET /session/fb20b4d5f8187ef355fd25bb9ed00552/screenshot - {}
RESULT: {}
COMMAND: POST /session/fb20b4d5f8187ef355fd25bb9ed00552/element - {"using":"xpath","value":"//bdi[contains(@id ,\"closeContractBtn-BDI-content\")]"}
COMMAND: POST /session/fb20b4d5f8187ef355fd25bb9ed00552/element - {"using":"css selector","value":"#shell-header-logo"}
RESULT: {"using":"xpath","value":"//bdi[contains(@id ,\"closeContractBtn-BDI-content\")]"}
RESULT: {"using":"css selector","value":"#shell-header-logo"}
COMMAND: POST /session/fb20b4d5f8187ef355fd25bb9ed00552/element/f.8D83D8F609E9C53C70C061F545E12C0C.d.575D902793EF40C5ECD4E8CC2960E123.e.8384/click - {}
RESULT: {}
COMMAND: GET /session/fb20b4d5f8187ef355fd25bb9ed00552/screenshot - {}
RESULT: {}
]]></system-out>
    </testcase>
  </testsuite>
  <testsuite timestamp="2025-04-29T18:13:43" time="58.182" tests="1" failures="0" errors="0" skipped="0">
    <properties>
      <property name="specId" value="0" />
      <property name="suiteName" value="Standard contract decline US151279" />
      <property name="capabilities" value="chrome.135_0_7049_96.windows" />
      <property name="file" value="file:///D:/a/1/s/test/specs/R2C/standard-contract-decline.spec.js" />
    </properties>
    <testcase classname="chrome.135_0_7049_96.windows.Standard_contract_decline_US151279" name="Should decline a contract" time="54.216">
      <system-out><![CDATA[
COMMAND: POST /session/fb20b4d5f8187ef355fd25bb9ed00552/execute/async - {"script":"<script> [1562 bytes]","args":[{"selector":{"controlType":"sap.m.GenericTile","properties":{"header":"Manage Contracts"}},"wdio_ui5_key":"sapm.GenericTile{\"header\":\"Manage Contracts\"}"}]}
RESULT: {"script":"<script> [1562 bytes]","args":[{"selector":{"controlType":"sap.m.GenericTile","properties":{"header":"Manage Contracts"}},"wdio_ui5_key":"sapm.GenericTile{\"header\":\"Manage Contracts\"}"}]}
RESULT: undefined
COMMAND: POST /session/fb20b4d5f8187ef355fd25bb9ed00552/element - {"using":"xpath","value":"//*[@id=\"__tile130\"]"}
RESULT: {"using":"xpath","value":"//*[@id=\"__tile130\"]"}
COMMAND: POST /session/fb20b4d5f8187ef355fd25bb9ed00552/element/f.8D83D8F609E9C53C70C061F545E12C0C.d.575D902793EF40C5ECD4E8CC2960E123.e.8810/click - {}
RESULT: {}
COMMAND: GET /session/fb20b4d5f8187ef355fd25bb9ed00552/screenshot - {}
RESULT: {}
COMMAND: POST /session/fb20b4d5f8187ef355fd25bb9ed00552/element - {"using":"xpath","value":"//input[contains(@id ,\"smartContractFilterBar-btnBasicSearch-I\")]"}
RESULT: {"using":"xpath","value":"//input[contains(@id ,\"smartContractFilterBar-btnBasicSearch-I\")]"}
COMMAND: POST /session/fb20b4d5f8187ef355fd25bb9ed00552/element/f.8D83D8F609E9C53C70C061F545E12C0C.d.575D902793EF40C5ECD4E8CC2960E123.e.8819/clear - {}
RESULT: {}
COMMAND: POST /session/fb20b4d5f8187ef355fd25bb9ed00552/element/f.8D83D8F609E9C53C70C061F545E12C0C.d.575D902793EF40C5ECD4E8CC2960E123.e.8819/value - {"text":"10353"}
COMMAND: GET /session/fb20b4d5f8187ef355fd25bb9ed00552/screenshot - {}
RESULT: {"text":"10353"}
COMMAND: POST /session/fb20b4d5f8187ef355fd25bb9ed00552/actions - {"actions":[{"id":"action43","type":"key","parameters":{},"actions":[{"type":"keyDown","value":"î€‡"},{"type":"pause","duration":10},{"type":"keyUp","value":"î€‡"}]}]}
COMMAND: GET /session/fb20b4d5f8187ef355fd25bb9ed00552/screenshot - {}
RESULT: {}
RESULT: {"actions":[{"id":"action43","type":"key","parameters":{},"actions":[{"type":"keyDown","value":"î€‡"},{"type":"pause","duration":10},{"type":"keyUp","value":"î€‡"}]}]}
RESULT: {}
COMMAND: GET /session/fb20b4d5f8187ef355fd25bb9ed00552/screenshot - {}
RESULT: {}
COMMAND: POST /session/fb20b4d5f8187ef355fd25bb9ed00552/execute/async - {"script":"<script> [1562 bytes]","args":[{"selector":{"controlType":"sap.ui.core.Icon","viewName":"etm.portal.ui.managecontracts.view.Master","properties":{"src":{"regex":{"source":"slim\\-arrow\\-right"}}}},"wdio_ui5_key":"etmportal.ui.managecontracts.view.Mastersap.ui.core.Icon{\"src\":{\"regex\":{\"source\":\"slim\\\\-arrow\\\\-right\"}}}"}]}
RESULT: {"script":"<script> [1562 bytes]","args":[{"selector":{"controlType":"sap.ui.core.Icon","viewName":"etm.portal.ui.managecontracts.view.Master","properties":{"src":{"regex":{"source":"slim\\-arrow\\-right"}}}},"wdio_ui5_key":"etmportal.ui.managecontracts.view.Mastersap.ui.core.Icon{\"src\":{\"regex\":{\"source\":\"slim\\\\-arrow\\\\-right\"}}}"}]}
RESULT: undefined
COMMAND: POST /session/fb20b4d5f8187ef355fd25bb9ed00552/element - {"using":"xpath","value":"//*[@id=\"__item77-__clone182-imgNav\"]"}
RESULT: {"using":"xpath","value":"//*[@id=\"__item77-__clone182-imgNav\"]"}
COMMAND: POST /session/fb20b4d5f8187ef355fd25bb9ed00552/element/f.8D83D8F609E9C53C70C061F545E12C0C.d.575D902793EF40C5ECD4E8CC2960E123.e.8900/click - {}
RESULT: {}
COMMAND: GET /session/fb20b4d5f8187ef355fd25bb9ed00552/screenshot - {}
RESULT: {}
COMMAND: POST /session/fb20b4d5f8187ef355fd25bb9ed00552/execute/async - {"script":"<script> [1562 bytes]","args":[{"selector":{"id":"cancelContractBtn","viewName":"etm.portal.ui.managecontracts.view.Detail","interaction":{"idSuffix":"BDI-content"}},"wdio_ui5_key":"cancelContractBtnetmportal.ui.managecontracts.view.Detail"}]}
RESULT: {"script":"<script> [1562 bytes]","args":[{"selector":{"id":"cancelContractBtn","viewName":"etm.portal.ui.managecontracts.view.Detail","interaction":{"idSuffix":"BDI-content"}},"wdio_ui5_key":"cancelContractBtnetmportal.ui.managecontracts.view.Detail"}]}
RESULT: undefined
COMMAND: POST /session/fb20b4d5f8187ef355fd25bb9ed00552/element - {"using":"xpath","value":"//*[@id=\"__xmlview61--cancelContractBtn\"]"}
RESULT: {"using":"xpath","value":"//*[@id=\"__xmlview61--cancelContractBtn\"]"}
COMMAND: POST /session/fb20b4d5f8187ef355fd25bb9ed00552/element/f.8D83D8F609E9C53C70C061F545E12C0C.d.575D902793EF40C5ECD4E8CC2960E123.e.9037/click - {}
RESULT: {}
COMMAND: GET /session/fb20b4d5f8187ef355fd25bb9ed00552/screenshot - {}
RESULT: {}
COMMAND: POST /session/fb20b4d5f8187ef355fd25bb9ed00552/execute/async - {"script":"<script> [1562 bytes]","args":[{"selector":{"controlType":"sap.m.Text","properties":{"text":"Do you want to cancel the whole contract?"},"searchOpenDialogs":true},"wdio_ui5_key":"sapm.Text{\"text\":\"Do you want to cancel the whole contract?\"}"}]}
RESULT: {"script":"<script> [1562 bytes]","args":[{"selector":{"controlType":"sap.m.Text","properties":{"text":"Do you want to cancel the whole contract?"},"searchOpenDialogs":true},"wdio_ui5_key":"sapm.Text{\"text\":\"Do you want to cancel the whole contract?\"}"}]}
RESULT: undefined
COMMAND: POST /session/fb20b4d5f8187ef355fd25bb9ed00552/execute/async - {"script":"<script> [6424 bytes]","args":[{"element-6066-11e4-a52e-4f735466cecf":"f.8D83D8F609E9C53C70C061F545E12C0C.d.575D902793EF40C5ECD4E8CC2960E123.e.9083"},"getText",[]]}
RESULT: {"script":"<script> [6424 bytes]","args":[{"element-6066-11e4-a52e-4f735466cecf":"f.8D83D8F609E9C53C70C061F545E12C0C.d.575D902793EF40C5ECD4E8CC2960E123.e.9083"},"getText",[]]}
COMMAND: POST /session/fb20b4d5f8187ef355fd25bb9ed00552/element - {"using":"xpath","value":"//bdi[contains(text(), \"OK\")]"}
RESULT: {"using":"xpath","value":"//bdi[contains(text(), \"OK\")]"}
COMMAND: POST /session/fb20b4d5f8187ef355fd25bb9ed00552/element/f.8D83D8F609E9C53C70C061F545E12C0C.d.575D902793EF40C5ECD4E8CC2960E123.e.9084/click - {}
RESULT: {}
COMMAND: GET /session/fb20b4d5f8187ef355fd25bb9ed00552/screenshot - {}
RESULT: {}
COMMAND: POST /session/fb20b4d5f8187ef355fd25bb9ed00552/element - {"using":"xpath","value":"//input[contains(@id ,\"smartContractFilterBar-btnBasicSearch-I\")]"}
RESULT: {"using":"xpath","value":"//input[contains(@id ,\"smartContractFilterBar-btnBasicSearch-I\")]"}
COMMAND: POST /session/fb20b4d5f8187ef355fd25bb9ed00552/element/f.8D83D8F609E9C53C70C061F545E12C0C.d.575D902793EF40C5ECD4E8CC2960E123.e.8819/clear - {}
RESULT: {}
COMMAND: POST /session/fb20b4d5f8187ef355fd25bb9ed00552/element/f.8D83D8F609E9C53C70C061F545E12C0C.d.575D902793EF40C5ECD4E8CC2960E123.e.8819/value - {"text":"10353"}
COMMAND: GET /session/fb20b4d5f8187ef355fd25bb9ed00552/screenshot - {}
RESULT: {"text":"10353"}
COMMAND: POST /session/fb20b4d5f8187ef355fd25bb9ed00552/actions - {"actions":[{"id":"action44","type":"key","parameters":{},"actions":[{"type":"keyDown","value":"î€‡"},{"type":"pause","duration":10},{"type":"keyUp","value":"î€‡"}]}]}
COMMAND: GET /session/fb20b4d5f8187ef355fd25bb9ed00552/screenshot - {}
RESULT: {}
RESULT: {"actions":[{"id":"action44","type":"key","parameters":{},"actions":[{"type":"keyDown","value":"î€‡"},{"type":"pause","duration":10},{"type":"keyUp","value":"î€‡"}]}]}
COMMAND: GET /session/fb20b4d5f8187ef355fd25bb9ed00552/screenshot - {}
RESULT: {}
RESULT: {}
COMMAND: POST /session/fb20b4d5f8187ef355fd25bb9ed00552/execute/async - {"script":"<script> [1562 bytes]","args":[{"selector":{"controlType":"sap.m.ObjectStatus","viewName":"etm.portal.ui.managecontracts.view.Master","bindingPath":{"path":"/SmartContractHeaders('10353')","propertyPath":"STATUS_DESCRIPTION"}},"wdio_ui5_key":"etmportal.ui.managecontracts.view.Mastersap.m.ObjectStatus{\"path\":\"/SmartContractHeaders('10353')\",\"propertyPath\":\"STATUS_DESCRIPTION\"}"}]}
RESULT: {"script":"<script> [1562 bytes]","args":[{"selector":{"controlType":"sap.m.ObjectStatus","viewName":"etm.portal.ui.managecontracts.view.Master","bindingPath":{"path":"/SmartContractHeaders('10353')","propertyPath":"STATUS_DESCRIPTION"}},"wdio_ui5_key":"etmportal.ui.managecontracts.view.Mastersap.m.ObjectStatus{\"path\":\"/SmartContractHeaders('10353')\",\"propertyPath\":\"STATUS_DESCRIPTION\"}"}]}
RESULT: undefined
COMMAND: POST /session/fb20b4d5f8187ef355fd25bb9ed00552/execute/async - {"script":"<script> [6424 bytes]","args":[{"element-6066-11e4-a52e-4f735466cecf":"f.8D83D8F609E9C53C70C061F545E12C0C.d.575D902793EF40C5ECD4E8CC2960E123.e.9132"},"getText",[]]}
RESULT: {"script":"<script> [6424 bytes]","args":[{"element-6066-11e4-a52e-4f735466cecf":"f.8D83D8F609E9C53C70C061F545E12C0C.d.575D902793EF40C5ECD4E8CC2960E123.e.9132"},"getText",[]]}
RESULT: undefined
COMMAND: POST /session/fb20b4d5f8187ef355fd25bb9ed00552/element - {"using":"xpath","value":"//*[@id=\"__item77-__clone182-imgNav\"]"}
RESULT: {"using":"xpath","value":"//*[@id=\"__item77-__clone182-imgNav\"]"}
COMMAND: POST /session/fb20b4d5f8187ef355fd25bb9ed00552/element/f.8D83D8F609E9C53C70C061F545E12C0C.d.575D902793EF40C5ECD4E8CC2960E123.e.8900/click - {}
RESULT: {}
COMMAND: GET /session/fb20b4d5f8187ef355fd25bb9ed00552/screenshot - {}
RESULT: {}
COMMAND: POST /session/fb20b4d5f8187ef355fd25bb9ed00552/execute/async - {"script":"<script> [1562 bytes]","args":[{"selector":{"controlType":"sap.m.ObjectStatus","viewName":"etm.portal.ui.managecontracts.view.Detail","bindingPath":{"path":"/SmartContractItems(CONTRACT='10353',ITEM=10m,SUB_ITEM=0m)","propertyPath":"STATUS"}},"wdio_ui5_key":"etmportal.ui.managecontracts.view.Detailsap.m.ObjectStatus{\"path\":\"/SmartContractItems(CONTRACT='10353',ITEM=10m,SUB_ITEM=0m)\",\"propertyPath\":\"STATUS\"}"}]}
RESULT: {"script":"<script> [1562 bytes]","args":[{"selector":{"controlType":"sap.m.ObjectStatus","viewName":"etm.portal.ui.managecontracts.view.Detail","bindingPath":{"path":"/SmartContractItems(CONTRACT='10353',ITEM=10m,SUB_ITEM=0m)","propertyPath":"STATUS"}},"wdio_ui5_key":"etmportal.ui.managecontracts.view.Detailsap.m.ObjectStatus{\"path\":\"/SmartContractItems(CONTRACT='10353',ITEM=10m,SUB_ITEM=0m)\",\"propertyPath\":\"STATUS\"}"}]}
RESULT: undefined
COMMAND: POST /session/fb20b4d5f8187ef355fd25bb9ed00552/execute/async - {"script":"<script> [6424 bytes]","args":[{"element-6066-11e4-a52e-4f735466cecf":"f.8D83D8F609E9C53C70C061F545E12C0C.d.575D902793EF40C5ECD4E8CC2960E123.e.9160"},"getText",[]]}
RESULT: {"script":"<script> [6424 bytes]","args":[{"element-6066-11e4-a52e-4f735466cecf":"f.8D83D8F609E9C53C70C061F545E12C0C.d.575D902793EF40C5ECD4E8CC2960E123.e.9160"},"getText",[]]}
COMMAND: POST /session/fb20b4d5f8187ef355fd25bb9ed00552/element - {"using":"css selector","value":"#shell-header-logo"}
RESULT: {"using":"css selector","value":"#shell-header-logo"}
COMMAND: POST /session/fb20b4d5f8187ef355fd25bb9ed00552/element/f.8D83D8F609E9C53C70C061F545E12C0C.d.575D902793EF40C5ECD4E8CC2960E123.e.8817/click - {}
RESULT: {}
COMMAND: GET /session/fb20b4d5f8187ef355fd25bb9ed00552/screenshot - {}
RESULT: {}
]]></system-out>
    </testcase>
  </testsuite>
  <testsuite timestamp="2025-04-29T18:14:41" time="170.187" tests="2" failures="0" errors="0" skipped="0">
    <properties>
      <property name="specId" value="0" />
      <property name="suiteName" value="Insert service into a contract US152956" />
      <property name="capabilities" value="chrome.135_0_7049_96.windows" />
      <property name="file" value="file:///D:/a/1/s/test/specs/R2C/insert-service-into-a-contract.spec.js" />
    </properties>
    <testcase classname="chrome.135_0_7049_96.windows.Insert_service_into_a_contract_US152956" name="Should create a new contract" time="82.411">
      <system-out><![CDATA[
COMMAND: POST /session/fb20b4d5f8187ef355fd25bb9ed00552/execute/async - {"script":"<script> [1562 bytes]","args":[{"selector":{"controlType":"sap.m.Text","viewName":"etm.portal.ui.managecontractstile.view.Master","properties":{"text":"Manage Contracts"},"interaction":{"idSuffix":"inner"}},"wdio_ui5_key":"etmportal.ui.managecontractstile.view.Mastersap.m.Text{\"text\":\"Manage Contracts\"}"}]}
RESULT: {"script":"<script> [1562 bytes]","args":[{"selector":{"controlType":"sap.m.Text","viewName":"etm.portal.ui.managecontractstile.view.Master","properties":{"text":"Manage Contracts"},"interaction":{"idSuffix":"inner"}},"wdio_ui5_key":"etmportal.ui.managecontractstile.view.Mastersap.m.Text{\"text\":\"Manage Contracts\"}"}]}
RESULT: undefined
COMMAND: POST /session/fb20b4d5f8187ef355fd25bb9ed00552/element - {"using":"xpath","value":"//*[@id=\"__tile130-title\"]"}
RESULT: {"using":"xpath","value":"//*[@id=\"__tile130-title\"]"}
COMMAND: POST /session/fb20b4d5f8187ef355fd25bb9ed00552/element/f.8D83D8F609E9C53C70C061F545E12C0C.d.575D902793EF40C5ECD4E8CC2960E123.e.9164/click - {}
RESULT: {}
COMMAND: GET /session/fb20b4d5f8187ef355fd25bb9ed00552/screenshot - {}
RESULT: {}
COMMAND: POST /session/fb20b4d5f8187ef355fd25bb9ed00552/element - {"using":"xpath","value":"//button[@data-kt=\"addButton\"]"}
RESULT: {"using":"xpath","value":"//button[@data-kt=\"addButton\"]"}
COMMAND: POST /session/fb20b4d5f8187ef355fd25bb9ed00552/element/f.8D83D8F609E9C53C70C061F545E12C0C.d.575D902793EF40C5ECD4E8CC2960E123.e.9235/click - {}
RESULT: {}
COMMAND: GET /session/fb20b4d5f8187ef355fd25bb9ed00552/screenshot - {}
COMMAND: POST /session/fb20b4d5f8187ef355fd25bb9ed00552/execute/async - {"script":"<script> [1562 bytes]","args":[{"selector":{"id":"application-managecontracts-display-component---AddNewContract--projectDescription","interaction":{"idSuffix":"inner"}},"wdio_ui5_key":"applicationmanagecontracts-display-component---AddNewContract--projectDescription"}]}
RESULT: {}
RESULT: {"script":"<script> [1562 bytes]","args":[{"selector":{"id":"application-managecontracts-display-component---AddNewContract--projectDescription","interaction":{"idSuffix":"inner"}},"wdio_ui5_key":"applicationmanagecontracts-display-component---AddNewContract--projectDescription"}]}
RESULT: undefined
COMMAND: POST /session/fb20b4d5f8187ef355fd25bb9ed00552/execute/async - {"script":"<script> [776 bytes]","args":[{"enterText":"WdIOR2c0gb2b","selector":{"id":"application-managecontracts-display-component---AddNewContract--projectDescription","interaction":{"idSuffix":"inner"}},"clearTextFirst":true,"interactionType":"ENTER_TEXT"}]}
RESULT: {"script":"<script> [776 bytes]","args":[{"enterText":"WdIOR2c0gb2b","selector":{"id":"application-managecontracts-display-component---AddNewContract--projectDescription","interaction":{"idSuffix":"inner"}},"clearTextFirst":true,"interactionType":"ENTER_TEXT"}]}
COMMAND: POST /session/fb20b4d5f8187ef355fd25bb9ed00552/element - {"using":"xpath","value":"//input[@id=\"application-managecontracts-display-component---AddNewContract--yardId-inner\"]"}
RESULT: {"using":"xpath","value":"//input[@id=\"application-managecontracts-display-component---AddNewContract--yardId-inner\"]"}
COMMAND: POST /session/fb20b4d5f8187ef355fd25bb9ed00552/element/f.8D83D8F609E9C53C70C061F545E12C0C.d.575D902793EF40C5ECD4E8CC2960E123.e.9486/clear - {}
RESULT: {}
COMMAND: POST /session/fb20b4d5f8187ef355fd25bb9ed00552/element/f.8D83D8F609E9C53C70C061F545E12C0C.d.575D902793EF40C5ECD4E8CC2960E123.e.9486/value - {"text":"WebdriverYardc3n9w"}
COMMAND: GET /session/fb20b4d5f8187ef355fd25bb9ed00552/screenshot - {}
RESULT: {"text":"WebdriverYardc3n9w"}
COMMAND: GET /session/fb20b4d5f8187ef355fd25bb9ed00552/screenshot - {}
RESULT: {}
RESULT: {}
COMMAND: POST /session/fb20b4d5f8187ef355fd25bb9ed00552/actions - {"actions":[{"id":"action45","type":"key","parameters":{},"actions":[{"type":"keyDown","value":"î€‡"},{"type":"pause","duration":10},{"type":"keyUp","value":"î€‡"}]}]}
RESULT: {"actions":[{"id":"action45","type":"key","parameters":{},"actions":[{"type":"keyDown","value":"î€‡"},{"type":"pause","duration":10},{"type":"keyUp","value":"î€‡"}]}]}
COMMAND: GET /session/fb20b4d5f8187ef355fd25bb9ed00552/screenshot - {}
RESULT: {}
COMMAND: POST /session/fb20b4d5f8187ef355fd25bb9ed00552/element - {"using":"xpath","value":"//input[@id=\"application-managecontracts-display-component---AddNewContract--customerSelect-inner\"]"}
RESULT: {"using":"xpath","value":"//input[@id=\"application-managecontracts-display-component---AddNewContract--customerSelect-inner\"]"}
COMMAND: POST /session/fb20b4d5f8187ef355fd25bb9ed00552/element/f.8D83D8F609E9C53C70C061F545E12C0C.d.575D902793EF40C5ECD4E8CC2960E123.e.9484/clear - {}
RESULT: {}
COMMAND: POST /session/fb20b4d5f8187ef355fd25bb9ed00552/element/f.8D83D8F609E9C53C70C061F545E12C0C.d.575D902793EF40C5ECD4E8CC2960E123.e.9484/value - {"text":"WebdriverPartnergreic"}
COMMAND: GET /session/fb20b4d5f8187ef355fd25bb9ed00552/screenshot - {}
RESULT: {"text":"WebdriverPartnergreic"}
COMMAND: GET /session/fb20b4d5f8187ef355fd25bb9ed00552/screenshot - {}
RESULT: {}
RESULT: {}
COMMAND: POST /session/fb20b4d5f8187ef355fd25bb9ed00552/actions - {"actions":[{"id":"action46","type":"key","parameters":{},"actions":[{"type":"keyDown","value":"î€‡"},{"type":"pause","duration":10},{"type":"keyUp","value":"î€‡"}]}]}
RESULT: {"actions":[{"id":"action46","type":"key","parameters":{},"actions":[{"type":"keyDown","value":"î€‡"},{"type":"pause","duration":10},{"type":"keyUp","value":"î€‡"}]}]}
COMMAND: GET /session/fb20b4d5f8187ef355fd25bb9ed00552/screenshot - {}
RESULT: {}
COMMAND: POST /session/fb20b4d5f8187ef355fd25bb9ed00552/element - {"using":"xpath","value":"//input[@id=\"application-managecontracts-display-component---AddNewContract--site-inner\"]"}
RESULT: {"using":"xpath","value":"//input[@id=\"application-managecontracts-display-component---AddNewContract--site-inner\"]"}
COMMAND: POST /session/fb20b4d5f8187ef355fd25bb9ed00552/element/f.8D83D8F609E9C53C70C061F545E12C0C.d.575D902793EF40C5ECD4E8CC2960E123.e.9485/clear - {}
RESULT: {}
COMMAND: POST /session/fb20b4d5f8187ef355fd25bb9ed00552/element/f.8D83D8F609E9C53C70C061F545E12C0C.d.575D902793EF40C5ECD4E8CC2960E123.e.9485/value - {"text":"WebdriverSitewtuqu"}
COMMAND: GET /session/fb20b4d5f8187ef355fd25bb9ed00552/screenshot - {}
RESULT: {"text":"WebdriverSitewtuqu"}
COMMAND: GET /session/fb20b4d5f8187ef355fd25bb9ed00552/screenshot - {}
RESULT: {}
RESULT: {}
COMMAND: POST /session/fb20b4d5f8187ef355fd25bb9ed00552/actions - {"actions":[{"id":"action47","type":"key","parameters":{},"actions":[{"type":"keyDown","value":"î€‡"},{"type":"pause","duration":10},{"type":"keyUp","value":"î€‡"}]}]}
RESULT: {"actions":[{"id":"action47","type":"key","parameters":{},"actions":[{"type":"keyDown","value":"î€‡"},{"type":"pause","duration":10},{"type":"keyUp","value":"î€‡"}]}]}
COMMAND: GET /session/fb20b4d5f8187ef355fd25bb9ed00552/screenshot - {}
COMMAND: POST /session/fb20b4d5f8187ef355fd25bb9ed00552/element - {"using":"xpath","value":"//button[@data-kt=\"saveButton\"]"}
RESULT: {}
RESULT: {"using":"xpath","value":"//button[@data-kt=\"saveButton\"]"}
COMMAND: POST /session/fb20b4d5f8187ef355fd25bb9ed00552/element/f.8D83D8F609E9C53C70C061F545E12C0C.d.575D902793EF40C5ECD4E8CC2960E123.e.9500/click - {}
RESULT: {}
COMMAND: GET /session/fb20b4d5f8187ef355fd25bb9ed00552/screenshot - {}
RESULT: {}
COMMAND: POST /session/fb20b4d5f8187ef355fd25bb9ed00552/execute/async - {"script":"<script> [1562 bytes]","args":[{"selector":{"id":"contractDetailTitleNoExpanded","viewName":"etm.portal.ui.managecontracts.view.Detail"},"wdio_ui5_key":"contractDetailTitleNoExpandedetmportal.ui.managecontracts.view.Detail"}]}
RESULT: {"script":"<script> [1562 bytes]","args":[{"selector":{"id":"contractDetailTitleNoExpanded","viewName":"etm.portal.ui.managecontracts.view.Detail"},"wdio_ui5_key":"contractDetailTitleNoExpandedetmportal.ui.managecontracts.view.Detail"}]}
RESULT: undefined
COMMAND: POST /session/fb20b4d5f8187ef355fd25bb9ed00552/execute/async - {"script":"<script> [6424 bytes]","args":[{"element-6066-11e4-a52e-4f735466cecf":"f.8D83D8F609E9C53C70C061F545E12C0C.d.575D902793EF40C5ECD4E8CC2960E123.e.9583"},"getText",[]]}
RESULT: {"script":"<script> [6424 bytes]","args":[{"element-6066-11e4-a52e-4f735466cecf":"f.8D83D8F609E9C53C70C061F545E12C0C.d.575D902793EF40C5ECD4E8CC2960E123.e.9583"},"getText",[]]}
]]></system-out>
    </testcase>
    <testcase classname="chrome.135_0_7049_96.windows.Insert_service_into_a_contract_US152956" name="Should add a service unit and a service group to the contract" time="83.083">
      <system-out><![CDATA[
COMMAND: POST /session/fb20b4d5f8187ef355fd25bb9ed00552/element - {"using":"xpath","value":"//button[@data-kt=\"contractDetailEditBtnButton\"]"}
RESULT: {"using":"xpath","value":"//button[@data-kt=\"contractDetailEditBtnButton\"]"}
COMMAND: POST /session/fb20b4d5f8187ef355fd25bb9ed00552/execute/sync - {"script":"<script> [8489 bytes]","args":[{"element-6066-11e4-a52e-4f735466cecf":"f.8D83D8F609E9C53C70C061F545E12C0C.d.575D902793EF40C5ECD4E8CC2960E123.e.9584","ELEMENT":"f.8D83D8F609E9C53C70C061F545E12C0C.d.575D902793EF40C5ECD4E8CC2960E123.e.9584"}]}
RESULT: {"script":"<script> [8489 bytes]","args":[{"element-6066-11e4-a52e-4f735466cecf":"f.8D83D8F609E9C53C70C061F545E12C0C.d.575D902793EF40C5ECD4E8CC2960E123.e.9584","ELEMENT":"f.8D83D8F609E9C53C70C061F545E12C0C.d.575D902793EF40C5ECD4E8CC2960E123.e.9584"}]}
COMMAND: POST /session/fb20b4d5f8187ef355fd25bb9ed00552/execute/sync - {"script":"<script> [8489 bytes]","args":[{"element-6066-11e4-a52e-4f735466cecf":"f.8D83D8F609E9C53C70C061F545E12C0C.d.575D902793EF40C5ECD4E8CC2960E123.e.9584","ELEMENT":"f.8D83D8F609E9C53C70C061F545E12C0C.d.575D902793EF40C5ECD4E8CC2960E123.e.9584"}]}
COMMAND: GET /session/fb20b4d5f8187ef355fd25bb9ed00552/screenshot - {}
RESULT: {"script":"<script> [8489 bytes]","args":[{"element-6066-11e4-a52e-4f735466cecf":"f.8D83D8F609E9C53C70C061F545E12C0C.d.575D902793EF40C5ECD4E8CC2960E123.e.9584","ELEMENT":"f.8D83D8F609E9C53C70C061F545E12C0C.d.575D902793EF40C5ECD4E8CC2960E123.e.9584"}]}
COMMAND: POST /session/fb20b4d5f8187ef355fd25bb9ed00552/execute/sync - {"script":"<script> [5351 bytes]","args":[{"element-6066-11e4-a52e-4f735466cecf":"f.8D83D8F609E9C53C70C061F545E12C0C.d.575D902793EF40C5ECD4E8CC2960E123.e.9584","ELEMENT":"f.8D83D8F609E9C53C70C061F545E12C0C.d.575D902793EF40C5ECD4E8CC2960E123.e.9584"}]}
COMMAND: GET /session/fb20b4d5f8187ef355fd25bb9ed00552/screenshot - {}
RESULT: {}
RESULT: {"script":"<script> [5351 bytes]","args":[{"element-6066-11e4-a52e-4f735466cecf":"f.8D83D8F609E9C53C70C061F545E12C0C.d.575D902793EF40C5ECD4E8CC2960E123.e.9584","ELEMENT":"f.8D83D8F609E9C53C70C061F545E12C0C.d.575D902793EF40C5ECD4E8CC2960E123.e.9584"}]}
COMMAND: POST /session/fb20b4d5f8187ef355fd25bb9ed00552/element/f.8D83D8F609E9C53C70C061F545E12C0C.d.575D902793EF40C5ECD4E8CC2960E123.e.9584/click - {}
COMMAND: GET /session/fb20b4d5f8187ef355fd25bb9ed00552/screenshot - {}
RESULT: {}
RESULT: {}
COMMAND: GET /session/fb20b4d5f8187ef355fd25bb9ed00552/screenshot - {}
RESULT: {}
RESULT: {}
COMMAND: POST /session/fb20b4d5f8187ef355fd25bb9ed00552/element - {"using":"xpath","value":"(//span[contains(text(), \"Additional Addresses\")])[2]"}
RESULT: {"using":"xpath","value":"(//span[contains(text(), \"Additional Addresses\")])[2]"}
COMMAND: POST /session/fb20b4d5f8187ef355fd25bb9ed00552/element/f.8D83D8F609E9C53C70C061F545E12C0C.d.575D902793EF40C5ECD4E8CC2960E123.e.9643/click - {}
RESULT: {}
COMMAND: GET /session/fb20b4d5f8187ef355fd25bb9ed00552/screenshot - {}
RESULT: {}
COMMAND: POST /session/fb20b4d5f8187ef355fd25bb9ed00552/element - {"using":"xpath","value":"//button[@data-kt=\"btnAddTableRowOverflowToolbarButton\"]"}
RESULT: {"using":"xpath","value":"//button[@data-kt=\"btnAddTableRowOverflowToolbarButton\"]"}
COMMAND: POST /session/fb20b4d5f8187ef355fd25bb9ed00552/element/f.8D83D8F609E9C53C70C061F545E12C0C.d.575D902793EF40C5ECD4E8CC2960E123.e.9645/click - {}
RESULT: {}
COMMAND: GET /session/fb20b4d5f8187ef355fd25bb9ed00552/screenshot - {}
RESULT: {}
COMMAND: POST /session/fb20b4d5f8187ef355fd25bb9ed00552/element - {"using":"xpath","value":"//div[(text() = 'Standard Entry' or . = 'Standard Entry')]"}
RESULT: {"using":"xpath","value":"//div[(text() = 'Standard Entry' or . = 'Standard Entry')]"}
COMMAND: POST /session/fb20b4d5f8187ef355fd25bb9ed00552/element/f.8D83D8F609E9C53C70C061F545E12C0C.d.575D902793EF40C5ECD4E8CC2960E123.e.9647/click - {}
RESULT: {}
COMMAND: POST /session/fb20b4d5f8187ef355fd25bb9ed00552/element - {"using":"xpath","value":"//button[@data-kt=\"btnAddTableRowOverflowToolbarButton\"]"}
COMMAND: GET /session/fb20b4d5f8187ef355fd25bb9ed00552/screenshot - {}
RESULT: {"using":"xpath","value":"//button[@data-kt=\"btnAddTableRowOverflowToolbarButton\"]"}
COMMAND: POST /session/fb20b4d5f8187ef355fd25bb9ed00552/element/f.8D83D8F609E9C53C70C061F545E12C0C.d.575D902793EF40C5ECD4E8CC2960E123.e.9645/click - {}
RESULT: {}
RESULT: {}
COMMAND: GET /session/fb20b4d5f8187ef355fd25bb9ed00552/screenshot - {}
RESULT: {}
COMMAND: POST /session/fb20b4d5f8187ef355fd25bb9ed00552/element - {"using":"xpath","value":"//div[(text() = 'Standard Entry' or . = 'Standard Entry')]"}
RESULT: {"using":"xpath","value":"//div[(text() = 'Standard Entry' or . = 'Standard Entry')]"}
COMMAND: POST /session/fb20b4d5f8187ef355fd25bb9ed00552/element/f.8D83D8F609E9C53C70C061F545E12C0C.d.575D902793EF40C5ECD4E8CC2960E123.e.9659/click - {}
RESULT: {}
COMMAND: POST /session/fb20b4d5f8187ef355fd25bb9ed00552/element - {"using":"xpath","value":"(//td[6]/div/div/input)[1]"}
COMMAND: GET /session/fb20b4d5f8187ef355fd25bb9ed00552/screenshot - {}
RESULT: {"using":"xpath","value":"(//td[6]/div/div/input)[1]"}
COMMAND: POST /session/fb20b4d5f8187ef355fd25bb9ed00552/element/f.8D83D8F609E9C53C70C061F545E12C0C.d.575D902793EF40C5ECD4E8CC2960E123.e.9661/click - {}
RESULT: {}
RESULT: {}
COMMAND: POST /session/fb20b4d5f8187ef355fd25bb9ed00552/actions - {"actions":[{"id":"action48","type":"key","parameters":{},"actions":[{"type":"keyDown","value":"î€ƒ"},{"type":"pause","duration":10},{"type":"keyUp","value":"î€ƒ"}]}]}
COMMAND: GET /session/fb20b4d5f8187ef355fd25bb9ed00552/screenshot - {}
RESULT: {"actions":[{"id":"action48","type":"key","parameters":{},"actions":[{"type":"keyDown","value":"î€ƒ"},{"type":"pause","duration":10},{"type":"keyUp","value":"î€ƒ"}]}]}
COMMAND: POST /session/fb20b4d5f8187ef355fd25bb9ed00552/element - {"using":"xpath","value":"(//td[6]/div/div/input)[1]"}
COMMAND: GET /session/fb20b4d5f8187ef355fd25bb9ed00552/screenshot - {}
RESULT: {}
RESULT: {"using":"xpath","value":"(//td[6]/div/div/input)[1]"}
COMMAND: POST /session/fb20b4d5f8187ef355fd25bb9ed00552/element/f.8D83D8F609E9C53C70C061F545E12C0C.d.575D902793EF40C5ECD4E8CC2960E123.e.9661/clear - {}
RESULT: {}
RESULT: {}
COMMAND: POST /session/fb20b4d5f8187ef355fd25bb9ed00552/element/f.8D83D8F609E9C53C70C061F545E12C0C.d.575D902793EF40C5ECD4E8CC2960E123.e.9661/value - {"text":"Service Unit"}
COMMAND: GET /session/fb20b4d5f8187ef355fd25bb9ed00552/screenshot - {}
RESULT: {"text":"Service Unit"}
COMMAND: GET /session/fb20b4d5f8187ef355fd25bb9ed00552/screenshot - {}
RESULT: {}
RESULT: {}
COMMAND: POST /session/fb20b4d5f8187ef355fd25bb9ed00552/actions - {"actions":[{"id":"action49","type":"key","parameters":{},"actions":[{"type":"keyDown","value":"î€‡"},{"type":"pause","duration":10},{"type":"keyUp","value":"î€‡"}]}]}
RESULT: {"actions":[{"id":"action49","type":"key","parameters":{},"actions":[{"type":"keyDown","value":"î€‡"},{"type":"pause","duration":10},{"type":"keyUp","value":"î€‡"}]}]}
COMMAND: GET /session/fb20b4d5f8187ef355fd25bb9ed00552/screenshot - {}
RESULT: {}
COMMAND: POST /session/fb20b4d5f8187ef355fd25bb9ed00552/actions - {"actions":[{"id":"action50","type":"key","parameters":{},"actions":[{"type":"keyDown","value":"î€‡"},{"type":"pause","duration":10},{"type":"keyUp","value":"î€‡"}]}]}
RESULT: {"actions":[{"id":"action50","type":"key","parameters":{},"actions":[{"type":"keyDown","value":"î€‡"},{"type":"pause","duration":10},{"type":"keyUp","value":"î€‡"}]}]}
COMMAND: POST /session/fb20b4d5f8187ef355fd25bb9ed00552/element - {"using":"xpath","value":"(//td[7]/div/div/input)[1]"}
COMMAND: GET /session/fb20b4d5f8187ef355fd25bb9ed00552/screenshot - {}
RESULT: {"using":"xpath","value":"(//td[7]/div/div/input)[1]"}
COMMAND: POST /session/fb20b4d5f8187ef355fd25bb9ed00552/element/f.8D83D8F609E9C53C70C061F545E12C0C.d.575D902793EF40C5ECD4E8CC2960E123.e.9677/clear - {}
RESULT: {}
RESULT: {}
COMMAND: POST /session/fb20b4d5f8187ef355fd25bb9ed00552/element/f.8D83D8F609E9C53C70C061F545E12C0C.d.575D902793EF40C5ECD4E8CC2960E123.e.9677/value - {"text":"1000001"}
COMMAND: GET /session/fb20b4d5f8187ef355fd25bb9ed00552/screenshot - {}
RESULT: {"text":"1000001"}
COMMAND: GET /session/fb20b4d5f8187ef355fd25bb9ed00552/screenshot - {}
RESULT: {}
RESULT: {}
COMMAND: POST /session/fb20b4d5f8187ef355fd25bb9ed00552/actions - {"actions":[{"id":"action51","type":"key","parameters":{},"actions":[{"type":"keyDown","value":"î€‡"},{"type":"pause","duration":10},{"type":"keyUp","value":"î€‡"}]}]}
RESULT: {"actions":[{"id":"action51","type":"key","parameters":{},"actions":[{"type":"keyDown","value":"î€‡"},{"type":"pause","duration":10},{"type":"keyUp","value":"î€‡"}]}]}
COMMAND: GET /session/fb20b4d5f8187ef355fd25bb9ed00552/screenshot - {}
RESULT: {}
COMMAND: POST /session/fb20b4d5f8187ef355fd25bb9ed00552/actions - {"actions":[{"id":"action52","type":"key","parameters":{},"actions":[{"type":"keyDown","value":"î€‡"},{"type":"pause","duration":10},{"type":"keyUp","value":"î€‡"}]}]}
RESULT: {"actions":[{"id":"action52","type":"key","parameters":{},"actions":[{"type":"keyDown","value":"î€‡"},{"type":"pause","duration":10},{"type":"keyUp","value":"î€‡"}]}]}
COMMAND: GET /session/fb20b4d5f8187ef355fd25bb9ed00552/screenshot - {}
RESULT: {}
COMMAND: POST /session/fb20b4d5f8187ef355fd25bb9ed00552/element - {"using":"xpath","value":"(//td[6]/div/div/input)[2]"}
RESULT: {"using":"xpath","value":"(//td[6]/div/div/input)[2]"}
COMMAND: POST /session/fb20b4d5f8187ef355fd25bb9ed00552/element/f.8D83D8F609E9C53C70C061F545E12C0C.d.575D902793EF40C5ECD4E8CC2960E123.e.9649/click - {}
RESULT: {}
COMMAND: POST /session/fb20b4d5f8187ef355fd25bb9ed00552/actions - {"actions":[{"id":"action53","type":"key","parameters":{},"actions":[{"type":"keyDown","value":"î€ƒ"},{"type":"pause","duration":10},{"type":"keyUp","value":"î€ƒ"}]}]}
COMMAND: GET /session/fb20b4d5f8187ef355fd25bb9ed00552/screenshot - {}
RESULT: {"actions":[{"id":"action53","type":"key","parameters":{},"actions":[{"type":"keyDown","value":"î€ƒ"},{"type":"pause","duration":10},{"type":"keyUp","value":"î€ƒ"}]}]}
COMMAND: POST /session/fb20b4d5f8187ef355fd25bb9ed00552/element - {"using":"xpath","value":"(//td[6]/div/div/input)[2]"}
COMMAND: GET /session/fb20b4d5f8187ef355fd25bb9ed00552/screenshot - {}
RESULT: {}
RESULT: {"using":"xpath","value":"(//td[6]/div/div/input)[2]"}
COMMAND: POST /session/fb20b4d5f8187ef355fd25bb9ed00552/element/f.8D83D8F609E9C53C70C061F545E12C0C.d.575D902793EF40C5ECD4E8CC2960E123.e.9649/clear - {}
RESULT: {}
RESULT: {}
COMMAND: POST /session/fb20b4d5f8187ef355fd25bb9ed00552/element/f.8D83D8F609E9C53C70C061F545E12C0C.d.575D902793EF40C5ECD4E8CC2960E123.e.9649/value - {"text":"Service Unit Group"}
COMMAND: GET /session/fb20b4d5f8187ef355fd25bb9ed00552/screenshot - {}
RESULT: {"text":"Service Unit Group"}
COMMAND: GET /session/fb20b4d5f8187ef355fd25bb9ed00552/screenshot - {}
RESULT: {}
RESULT: {}
COMMAND: POST /session/fb20b4d5f8187ef355fd25bb9ed00552/actions - {"actions":[{"id":"action54","type":"key","parameters":{},"actions":[{"type":"keyDown","value":"î€‡"},{"type":"pause","duration":10},{"type":"keyUp","value":"î€‡"}]}]}
RESULT: {"actions":[{"id":"action54","type":"key","parameters":{},"actions":[{"type":"keyDown","value":"î€‡"},{"type":"pause","duration":10},{"type":"keyUp","value":"î€‡"}]}]}
COMMAND: GET /session/fb20b4d5f8187ef355fd25bb9ed00552/screenshot - {}
RESULT: {}
COMMAND: POST /session/fb20b4d5f8187ef355fd25bb9ed00552/actions - {"actions":[{"id":"action55","type":"key","parameters":{},"actions":[{"type":"keyDown","value":"î€‡"},{"type":"pause","duration":10},{"type":"keyUp","value":"î€‡"}]}]}
RESULT: {"actions":[{"id":"action55","type":"key","parameters":{},"actions":[{"type":"keyDown","value":"î€‡"},{"type":"pause","duration":10},{"type":"keyUp","value":"î€‡"}]}]}
COMMAND: POST /session/fb20b4d5f8187ef355fd25bb9ed00552/element - {"using":"xpath","value":"(//td[7]/div/div/input)[2]"}
COMMAND: GET /session/fb20b4d5f8187ef355fd25bb9ed00552/screenshot - {}
RESULT: {"using":"xpath","value":"(//td[7]/div/div/input)[2]"}
COMMAND: POST /session/fb20b4d5f8187ef355fd25bb9ed00552/element/f.8D83D8F609E9C53C70C061F545E12C0C.d.575D902793EF40C5ECD4E8CC2960E123.e.9706/clear - {}
RESULT: {}
RESULT: {}
COMMAND: POST /session/fb20b4d5f8187ef355fd25bb9ed00552/element/f.8D83D8F609E9C53C70C061F545E12C0C.d.575D902793EF40C5ECD4E8CC2960E123.e.9706/value - {"text":"1100001"}
COMMAND: GET /session/fb20b4d5f8187ef355fd25bb9ed00552/screenshot - {}
RESULT: {"text":"1100001"}
COMMAND: GET /session/fb20b4d5f8187ef355fd25bb9ed00552/screenshot - {}
RESULT: {}
RESULT: {}
COMMAND: POST /session/fb20b4d5f8187ef355fd25bb9ed00552/actions - {"actions":[{"id":"action56","type":"key","parameters":{},"actions":[{"type":"keyDown","value":"î€‡"},{"type":"pause","duration":10},{"type":"keyUp","value":"î€‡"}]}]}
RESULT: {"actions":[{"id":"action56","type":"key","parameters":{},"actions":[{"type":"keyDown","value":"î€‡"},{"type":"pause","duration":10},{"type":"keyUp","value":"î€‡"}]}]}
COMMAND: GET /session/fb20b4d5f8187ef355fd25bb9ed00552/screenshot - {}
RESULT: {}
COMMAND: POST /session/fb20b4d5f8187ef355fd25bb9ed00552/actions - {"actions":[{"id":"action57","type":"key","parameters":{},"actions":[{"type":"keyDown","value":"î€‡"},{"type":"pause","duration":10},{"type":"keyUp","value":"î€‡"}]}]}
RESULT: {"actions":[{"id":"action57","type":"key","parameters":{},"actions":[{"type":"keyDown","value":"î€‡"},{"type":"pause","duration":10},{"type":"keyUp","value":"î€‡"}]}]}
COMMAND: GET /session/fb20b4d5f8187ef355fd25bb9ed00552/screenshot - {}
RESULT: {}
COMMAND: POST /session/fb20b4d5f8187ef355fd25bb9ed00552/element - {"using":"xpath","value":"(//button[@data-kt=\"saveButton\"])[2]"}
RESULT: {"using":"xpath","value":"(//button[@data-kt=\"saveButton\"])[2]"}
COMMAND: POST /session/fb20b4d5f8187ef355fd25bb9ed00552/element/f.8D83D8F609E9C53C70C061F545E12C0C.d.575D902793EF40C5ECD4E8CC2960E123.e.9730/click - {}
RESULT: {}
COMMAND: GET /session/fb20b4d5f8187ef355fd25bb9ed00552/screenshot - {}
RESULT: {}
COMMAND: POST /session/fb20b4d5f8187ef355fd25bb9ed00552/element - {"using":"xpath","value":"(//span[contains(text(), \"Additional Addresses\")])[1]"}
RESULT: {"using":"xpath","value":"(//span[contains(text(), \"Additional Addresses\")])[1]"}
COMMAND: POST /session/fb20b4d5f8187ef355fd25bb9ed00552/element/f.8D83D8F609E9C53C70C061F545E12C0C.d.575D902793EF40C5ECD4E8CC2960E123.e.9733/click - {}
RESULT: {}
COMMAND: GET /session/fb20b4d5f8187ef355fd25bb9ed00552/screenshot - {}
RESULT: {}
COMMAND: POST /session/fb20b4d5f8187ef355fd25bb9ed00552/execute/async - {"script":"<script> [1562 bytes]","args":[{"selector":{"controlType":"sap.m.Title","viewName":"etm.portal.ui.managecontracts.view.Detail","properties":{"text":"Contract Items (2)"}},"wdio_ui5_key":"etmportal.ui.managecontracts.view.Detailsap.m.Title{\"text\":\"Contract Items (2)\"}"}]}
RESULT: {"script":"<script> [1562 bytes]","args":[{"selector":{"controlType":"sap.m.Title","viewName":"etm.portal.ui.managecontracts.view.Detail","properties":{"text":"Contract Items (2)"}},"wdio_ui5_key":"etmportal.ui.managecontracts.view.Detailsap.m.Title{\"text\":\"Contract Items (2)\"}"}]}
RESULT: undefined
COMMAND: POST /session/fb20b4d5f8187ef355fd25bb9ed00552/execute/async - {"script":"<script> [6424 bytes]","args":[{"element-6066-11e4-a52e-4f735466cecf":"f.8D83D8F609E9C53C70C061F545E12C0C.d.575D902793EF40C5ECD4E8CC2960E123.e.9735"},"getText",[]]}
RESULT: {"script":"<script> [6424 bytes]","args":[{"element-6066-11e4-a52e-4f735466cecf":"f.8D83D8F609E9C53C70C061F545E12C0C.d.575D902793EF40C5ECD4E8CC2960E123.e.9735"},"getText",[]]}
COMMAND: POST /session/fb20b4d5f8187ef355fd25bb9ed00552/element - {"using":"xpath","value":"(//span[contains(@class ,\"sapMObjStatusText\")])[1]"}
RESULT: {"using":"xpath","value":"(//span[contains(@class ,\"sapMObjStatusText\")])[1]"}
COMMAND: GET /session/fb20b4d5f8187ef355fd25bb9ed00552/element/f.8D83D8F609E9C53C70C061F545E12C0C.d.575D902793EF40C5ECD4E8CC2960E123.e.9736/text - {}
RESULT: {}
COMMAND: POST /session/fb20b4d5f8187ef355fd25bb9ed00552/element - {"using":"xpath","value":"(//span[contains(@class ,\"sapMObjStatusText\")])[4]"}
RESULT: {"using":"xpath","value":"(//span[contains(@class ,\"sapMObjStatusText\")])[4]"}
COMMAND: GET /session/fb20b4d5f8187ef355fd25bb9ed00552/element/f.8D83D8F609E9C53C70C061F545E12C0C.d.575D902793EF40C5ECD4E8CC2960E123.e.9737/text - {}
RESULT: {}
COMMAND: POST /session/fb20b4d5f8187ef355fd25bb9ed00552/element - {"using":"css selector","value":"#shell-header-logo"}
RESULT: {"using":"css selector","value":"#shell-header-logo"}
COMMAND: POST /session/fb20b4d5f8187ef355fd25bb9ed00552/element/f.8D83D8F609E9C53C70C061F545E12C0C.d.575D902793EF40C5ECD4E8CC2960E123.e.9167/click - {}
RESULT: {}
COMMAND: GET /session/fb20b4d5f8187ef355fd25bb9ed00552/screenshot - {}
RESULT: {}
]]></system-out>
    </testcase>
  </testsuite>
  <testsuite timestamp="2025-04-29T18:17:31" time="176.913" tests="2" failures="2" errors="2" skipped="0">
    <properties>
      <property name="specId" value="0" />
      <property name="suiteName" value="Reduced contract US151275" />
      <property name="capabilities" value="chrome.135_0_7049_96.windows" />
      <property name="file" value="file:///D:/a/1/s/test/specs/R2C/reduced-contract-creation.spec.js" />
    </properties>
  </testsuite>
  <testsuite timestamp="2025-04-29T18:20:28" time="5.061" tests="1" failures="1" errors="1" skipped="0">
    <properties>
      <property name="specId" value="0" />
      <property name="suiteName" value="E2E - Logistical and commercial statuses" />
      <property name="capabilities" value="chrome.135_0_7049_96.windows" />
      <property name="file" value="file:///D:/a/1/s/test/specs/R2C/E2E-Logistical-and-commercial-status.spec.js" />
    </properties>
  </testsuite>
</testsuites>