<?xml version="1.0" encoding="UTF-8"?>
<testsuites tests="80" failures="5" errors="5" skipped="0">
  <testsuite timestamp="2025-05-19T08:28:01" time="831.837" tests="8" failures="0" errors="0" skipped="0">
    <properties>
      <property name="specId" value="0" />
      <property name="suiteName" value="Stock increase - with WHM US125587" />
      <property name="capabilities" value="chrome.136_0_7103_93.windows" />
      <property name="file" value="file:///D:/a/1/s/test/specs/HTR/stock-increase.spec.js" />
    </properties>
    <testcase classname="chrome.136_0_7103_93.windows.Stock_increase_-_with_WHM_US125587" name="Should create a new WHM yard" time="146.555">
      <system-out><![CDATA[
COMMAND: POST /session/f199610b81d2740d08c28d2a7b12bbb6/window/fullscreen - {}
RESULT: {}
COMMAND: POST /session/f199610b81d2740d08c28d2a7b12bbb6/execute/async - {"script":"<script> [1562 bytes]","args":[{"selector":{"controlType":"sap.m.GenericTile","properties":{"header":"Manage Yards"}},"wdio_ui5_key":"sapm.GenericTile{\"header\":\"Manage Yards\"}"}]}
RESULT: {"script":"<script> [1562 bytes]","args":[{"selector":{"controlType":"sap.m.GenericTile","properties":{"header":"Manage Yards"}},"wdio_ui5_key":"sapm.GenericTile{\"header\":\"Manage Yards\"}"}]}
RESULT: undefined
COMMAND: POST /session/f199610b81d2740d08c28d2a7b12bbb6/element - {"using":"xpath","value":"//*[@id=\"__tile41\"]"}
RESULT: {"using":"xpath","value":"//*[@id=\"__tile41\"]"}
COMMAND: POST /session/f199610b81d2740d08c28d2a7b12bbb6/element/f.2BFA133D83E8FE08190C073C8C008530.d.B910CBE04DA4A4075663F3C2B51C250C.e.131/click - {}
RESULT: {}
COMMAND: GET /session/f199610b81d2740d08c28d2a7b12bbb6/screenshot - {}
RESULT: {}
COMMAND: POST /session/f199610b81d2740d08c28d2a7b12bbb6/elements - {"using":"xpath","value":"//span[text()='Error']"}
RESULT: {"using":"xpath","value":"//span[text()='Error']"}
COMMAND: POST /session/f199610b81d2740d08c28d2a7b12bbb6/element - {"using":"xpath","value":"//button[@data-kt=\"addNewYardOverflowToolbarButton\"]"}
RESULT: {"using":"xpath","value":"//button[@data-kt=\"addNewYardOverflowToolbarButton\"]"}
COMMAND: POST /session/f199610b81d2740d08c28d2a7b12bbb6/elements - {"using":"xpath","value":"//button[@data-kt=\"addNewYardOverflowToolbarButton\"]"}
RESULT: {"using":"xpath","value":"//button[@data-kt=\"addNewYardOverflowToolbarButton\"]"}
COMMAND: POST /session/f199610b81d2740d08c28d2a7b12bbb6/elements - {"using":"xpath","value":"//button[@data-kt=\"addNewYardOverflowToolbarButton\"]"}
RESULT: {"using":"xpath","value":"//button[@data-kt=\"addNewYardOverflowToolbarButton\"]"}
COMMAND: POST /session/f199610b81d2740d08c28d2a7b12bbb6/elements - {"using":"xpath","value":"//button[@data-kt=\"addNewYardOverflowToolbarButton\"]"}
RESULT: {"using":"xpath","value":"//button[@data-kt=\"addNewYardOverflowToolbarButton\"]"}
COMMAND: POST /session/f199610b81d2740d08c28d2a7b12bbb6/elements - {"using":"xpath","value":"//button[@data-kt=\"addNewYardOverflowToolbarButton\"]"}
RESULT: {"using":"xpath","value":"//button[@data-kt=\"addNewYardOverflowToolbarButton\"]"}
COMMAND: POST /session/f199610b81d2740d08c28d2a7b12bbb6/elements - {"using":"xpath","value":"//button[@data-kt=\"addNewYardOverflowToolbarButton\"]"}
RESULT: {"using":"xpath","value":"//button[@data-kt=\"addNewYardOverflowToolbarButton\"]"}
COMMAND: POST /session/f199610b81d2740d08c28d2a7b12bbb6/elements - {"using":"xpath","value":"//button[@data-kt=\"addNewYardOverflowToolbarButton\"]"}
RESULT: {"using":"xpath","value":"//button[@data-kt=\"addNewYardOverflowToolbarButton\"]"}
COMMAND: POST /session/f199610b81d2740d08c28d2a7b12bbb6/elements - {"using":"xpath","value":"//button[@data-kt=\"addNewYardOverflowToolbarButton\"]"}
RESULT: {"using":"xpath","value":"//button[@data-kt=\"addNewYardOverflowToolbarButton\"]"}
COMMAND: POST /session/f199610b81d2740d08c28d2a7b12bbb6/elements - {"using":"xpath","value":"//button[@data-kt=\"addNewYardOverflowToolbarButton\"]"}
RESULT: {"using":"xpath","value":"//button[@data-kt=\"addNewYardOverflowToolbarButton\"]"}
COMMAND: POST /session/f199610b81d2740d08c28d2a7b12bbb6/elements - {"using":"xpath","value":"//button[@data-kt=\"addNewYardOverflowToolbarButton\"]"}
RESULT: {"using":"xpath","value":"//button[@data-kt=\"addNewYardOverflowToolbarButton\"]"}
COMMAND: POST /session/f199610b81d2740d08c28d2a7b12bbb6/elements - {"using":"xpath","value":"//button[@data-kt=\"addNewYardOverflowToolbarButton\"]"}
RESULT: {"using":"xpath","value":"//button[@data-kt=\"addNewYardOverflowToolbarButton\"]"}
COMMAND: POST /session/f199610b81d2740d08c28d2a7b12bbb6/elements - {"using":"xpath","value":"//button[@data-kt=\"addNewYardOverflowToolbarButton\"]"}
RESULT: {"using":"xpath","value":"//button[@data-kt=\"addNewYardOverflowToolbarButton\"]"}
COMMAND: POST /session/f199610b81d2740d08c28d2a7b12bbb6/element - {"using":"xpath","value":"//button[@data-kt=\"addNewYardOverflowToolbarButton\"]"}
RESULT: {"using":"xpath","value":"//button[@data-kt=\"addNewYardOverflowToolbarButton\"]"}
COMMAND: POST /session/f199610b81d2740d08c28d2a7b12bbb6/execute/sync - {"script":"<script> [8489 bytes]","args":[{"element-6066-11e4-a52e-4f735466cecf":"f.2BFA133D83E8FE08190C073C8C008530.d.B910CBE04DA4A4075663F3C2B51C250C.e.265","ELEMENT":"f.2BFA133D83E8FE08190C073C8C008530.d.B910CBE04DA4A4075663F3C2B51C250C.e.265"}]}
RESULT: {"script":"<script> [8489 bytes]","args":[{"element-6066-11e4-a52e-4f735466cecf":"f.2BFA133D83E8FE08190C073C8C008530.d.B910CBE04DA4A4075663F3C2B51C250C.e.265","ELEMENT":"f.2BFA133D83E8FE08190C073C8C008530.d.B910CBE04DA4A4075663F3C2B51C250C.e.265"}]}
COMMAND: GET /session/f199610b81d2740d08c28d2a7b12bbb6/element/f.2BFA133D83E8FE08190C073C8C008530.d.B910CBE04DA4A4075663F3C2B51C250C.e.265/enabled - {}
COMMAND: GET /session/f199610b81d2740d08c28d2a7b12bbb6/screenshot - {}
RESULT: {}
COMMAND: POST /session/f199610b81d2740d08c28d2a7b12bbb6/execute/sync - {"script":"<script> [8489 bytes]","args":[{"element-6066-11e4-a52e-4f735466cecf":"f.2BFA133D83E8FE08190C073C8C008530.d.B910CBE04DA4A4075663F3C2B51C250C.e.265","ELEMENT":"f.2BFA133D83E8FE08190C073C8C008530.d.B910CBE04DA4A4075663F3C2B51C250C.e.265"}]}
COMMAND: GET /session/f199610b81d2740d08c28d2a7b12bbb6/screenshot - {}
RESULT: {}
RESULT: {"script":"<script> [8489 bytes]","args":[{"element-6066-11e4-a52e-4f735466cecf":"f.2BFA133D83E8FE08190C073C8C008530.d.B910CBE04DA4A4075663F3C2B51C250C.e.265","ELEMENT":"f.2BFA133D83E8FE08190C073C8C008530.d.B910CBE04DA4A4075663F3C2B51C250C.e.265"}]}
COMMAND: POST /session/f199610b81d2740d08c28d2a7b12bbb6/execute/sync - {"script":"<script> [5351 bytes]","args":[{"element-6066-11e4-a52e-4f735466cecf":"f.2BFA133D83E8FE08190C073C8C008530.d.B910CBE04DA4A4075663F3C2B51C250C.e.265","ELEMENT":"f.2BFA133D83E8FE08190C073C8C008530.d.B910CBE04DA4A4075663F3C2B51C250C.e.265"}]}
COMMAND: GET /session/f199610b81d2740d08c28d2a7b12bbb6/screenshot - {}
RESULT: {}
RESULT: {"script":"<script> [5351 bytes]","args":[{"element-6066-11e4-a52e-4f735466cecf":"f.2BFA133D83E8FE08190C073C8C008530.d.B910CBE04DA4A4075663F3C2B51C250C.e.265","ELEMENT":"f.2BFA133D83E8FE08190C073C8C008530.d.B910CBE04DA4A4075663F3C2B51C250C.e.265"}]}
COMMAND: POST /session/f199610b81d2740d08c28d2a7b12bbb6/element/f.2BFA133D83E8FE08190C073C8C008530.d.B910CBE04DA4A4075663F3C2B51C250C.e.265/click - {}
COMMAND: GET /session/f199610b81d2740d08c28d2a7b12bbb6/screenshot - {}
RESULT: {}
RESULT: {}
COMMAND: GET /session/f199610b81d2740d08c28d2a7b12bbb6/screenshot - {}
COMMAND: POST /session/f199610b81d2740d08c28d2a7b12bbb6/element - {"using":"xpath","value":"//input[@id=\"application-manageyards-display-component---NewYard--yardId-inner\"]"}
RESULT: {}
RESULT: {}
RESULT: {"using":"xpath","value":"//input[@id=\"application-manageyards-display-component---NewYard--yardId-inner\"]"}
COMMAND: POST /session/f199610b81d2740d08c28d2a7b12bbb6/element - {"using":"xpath","value":"//input[@id=\"application-manageyards-display-component---NewYard--yardId-inner\"]"}
RESULT: {"using":"xpath","value":"//input[@id=\"application-manageyards-display-component---NewYard--yardId-inner\"]"}
COMMAND: POST /session/f199610b81d2740d08c28d2a7b12bbb6/execute/async - {"script":"<script> [1562 bytes]","args":[{"selector":{"id":"application-manageyards-display-component---NewYard--addressDetailDetailsName1","interaction":{"idSuffix":"inner"}},"wdio_ui5_key":"applicationmanageyards-display-component---NewYard--addressDetailDetailsName1"}]}
RESULT: {"script":"<script> [1562 bytes]","args":[{"selector":{"id":"application-manageyards-display-component---NewYard--addressDetailDetailsName1","interaction":{"idSuffix":"inner"}},"wdio_ui5_key":"applicationmanageyards-display-component---NewYard--addressDetailDetailsName1"}]}
RESULT: undefined
COMMAND: POST /session/f199610b81d2740d08c28d2a7b12bbb6/execute/async - {"script":"<script> [776 bytes]","args":[{"enterText":"Warehouse Managed WDIO","selector":{"id":"application-manageyards-display-component---NewYard--addressDetailDetailsName1","interaction":{"idSuffix":"inner"}},"clearTextFirst":true,"interactionType":"ENTER_TEXT"}]}
RESULT: {"script":"<script> [776 bytes]","args":[{"enterText":"Warehouse Managed WDIO","selector":{"id":"application-manageyards-display-component---NewYard--addressDetailDetailsName1","interaction":{"idSuffix":"inner"}},"clearTextFirst":true,"interactionType":"ENTER_TEXT"}]}
COMMAND: POST /session/f199610b81d2740d08c28d2a7b12bbb6/execute/async - {"script":"<script> [1562 bytes]","args":[{"selector":{"id":"application-manageyards-display-component---NewYard--addressDetailDetailsLanguage-arrow"},"wdio_ui5_key":"applicationmanageyards-display-component---NewYard--addressDetailDetailsLanguage-arrow"}]}
RESULT: {"script":"<script> [1562 bytes]","args":[{"selector":{"id":"application-manageyards-display-component---NewYard--addressDetailDetailsLanguage-arrow"},"wdio_ui5_key":"applicationmanageyards-display-component---NewYard--addressDetailDetailsLanguage-arrow"}]}
RESULT: undefined
COMMAND: POST /session/f199610b81d2740d08c28d2a7b12bbb6/element - {"using":"xpath","value":"//*[@id=\"application-manageyards-display-component---NewYard--addressDetailDetailsLanguage-arrow\"]"}
RESULT: {"using":"xpath","value":"//*[@id=\"application-manageyards-display-component---NewYard--addressDetailDetailsLanguage-arrow\"]"}
COMMAND: POST /session/f199610b81d2740d08c28d2a7b12bbb6/element/f.2BFA133D83E8FE08190C073C8C008530.d.B910CBE04DA4A4075663F3C2B51C250C.e.694/click - {}
RESULT: {}
COMMAND: POST /session/f199610b81d2740d08c28d2a7b12bbb6/element - {"using":"xpath","value":"//span[contains(text(), \"English\")]"}
COMMAND: GET /session/f199610b81d2740d08c28d2a7b12bbb6/screenshot - {}
RESULT: {"using":"xpath","value":"//span[contains(text(), \"English\")]"}
COMMAND: POST /session/f199610b81d2740d08c28d2a7b12bbb6/element/f.2BFA133D83E8FE08190C073C8C008530.d.B910CBE04DA4A4075663F3C2B51C250C.e.695/click - {}
RESULT: {}
RESULT: {}
COMMAND: POST /session/f199610b81d2740d08c28d2a7b12bbb6/execute/async - {"script":"<script> [1562 bytes]","args":[{"selector":{"id":"application-manageyards-display-component---NewYard--addressDetailDetailsCity1","interaction":{"idSuffix":"inner"}},"wdio_ui5_key":"applicationmanageyards-display-component---NewYard--addressDetailDetailsCity1"}]}
COMMAND: GET /session/f199610b81d2740d08c28d2a7b12bbb6/screenshot - {}
RESULT: {"script":"<script> [1562 bytes]","args":[{"selector":{"id":"application-manageyards-display-component---NewYard--addressDetailDetailsCity1","interaction":{"idSuffix":"inner"}},"wdio_ui5_key":"applicationmanageyards-display-component---NewYard--addressDetailDetailsCity1"}]}
RESULT: undefined
COMMAND: POST /session/f199610b81d2740d08c28d2a7b12bbb6/execute/async - {"script":"<script> [776 bytes]","args":[{"enterText":"Rosario","selector":{"id":"application-manageyards-display-component---NewYard--addressDetailDetailsCity1","interaction":{"idSuffix":"inner"}},"clearTextFirst":true,"interactionType":"ENTER_TEXT"}]}
RESULT: {}
RESULT: {"script":"<script> [776 bytes]","args":[{"enterText":"Rosario","selector":{"id":"application-manageyards-display-component---NewYard--addressDetailDetailsCity1","interaction":{"idSuffix":"inner"}},"clearTextFirst":true,"interactionType":"ENTER_TEXT"}]}
COMMAND: POST /session/f199610b81d2740d08c28d2a7b12bbb6/execute/async - {"script":"<script> [1562 bytes]","args":[{"selector":{"id":"application-manageyards-display-component---NewYard--addressDetailDetailsCountry-arrow"},"wdio_ui5_key":"applicationmanageyards-display-component---NewYard--addressDetailDetailsCountry-arrow"}]}
RESULT: {"script":"<script> [1562 bytes]","args":[{"selector":{"id":"application-manageyards-display-component---NewYard--addressDetailDetailsCountry-arrow"},"wdio_ui5_key":"applicationmanageyards-display-component---NewYard--addressDetailDetailsCountry-arrow"}]}
RESULT: undefined
COMMAND: POST /session/f199610b81d2740d08c28d2a7b12bbb6/element - {"using":"xpath","value":"//*[@id=\"application-manageyards-display-component---NewYard--addressDetailDetailsCountry-arrow\"]"}
RESULT: {"using":"xpath","value":"//*[@id=\"application-manageyards-display-component---NewYard--addressDetailDetailsCountry-arrow\"]"}
COMMAND: POST /session/f199610b81d2740d08c28d2a7b12bbb6/element/f.2BFA133D83E8FE08190C073C8C008530.d.B910CBE04DA4A4075663F3C2B51C250C.e.697/click - {}
RESULT: {}
COMMAND: POST /session/f199610b81d2740d08c28d2a7b12bbb6/element - {"using":"xpath","value":"//span[contains(text(), \"Argentina\")]"}
COMMAND: GET /session/f199610b81d2740d08c28d2a7b12bbb6/screenshot - {}
RESULT: {"using":"xpath","value":"//span[contains(text(), \"Argentina\")]"}
COMMAND: POST /session/f199610b81d2740d08c28d2a7b12bbb6/element/f.2BFA133D83E8FE08190C073C8C008530.d.B910CBE04DA4A4075663F3C2B51C250C.e.698/click - {}
RESULT: {}
RESULT: {}
COMMAND: POST /session/f199610b81d2740d08c28d2a7b12bbb6/execute/async - {"script":"<script> [1562 bytes]","args":[{"selector":{"id":"application-manageyards-display-component---NewYard--addressEditDetailsCostObjectCstType-arrow"},"wdio_ui5_key":"applicationmanageyards-display-component---NewYard--addressEditDetailsCostObjectCstType-arrow"}]}
COMMAND: GET /session/f199610b81d2740d08c28d2a7b12bbb6/screenshot - {}
RESULT: {"script":"<script> [1562 bytes]","args":[{"selector":{"id":"application-manageyards-display-component---NewYard--addressEditDetailsCostObjectCstType-arrow"},"wdio_ui5_key":"applicationmanageyards-display-component---NewYard--addressEditDetailsCostObjectCstType-arrow"}]}
RESULT: undefined
COMMAND: POST /session/f199610b81d2740d08c28d2a7b12bbb6/element - {"using":"xpath","value":"//*[@id=\"application-manageyards-display-component---NewYard--addressEditDetailsCostObjectCstType-arrow\"]"}
RESULT: {}
RESULT: {"using":"xpath","value":"//*[@id=\"application-manageyards-display-component---NewYard--addressEditDetailsCostObjectCstType-arrow\"]"}
COMMAND: POST /session/f199610b81d2740d08c28d2a7b12bbb6/element/f.2BFA133D83E8FE08190C073C8C008530.d.B910CBE04DA4A4075663F3C2B51C250C.e.700/click - {}
RESULT: {}
COMMAND: POST /session/f199610b81d2740d08c28d2a7b12bbb6/element - {"using":"xpath","value":"//span[contains(text(), \"Cost Center\")]"}
COMMAND: GET /session/f199610b81d2740d08c28d2a7b12bbb6/screenshot - {}
RESULT: {"using":"xpath","value":"//span[contains(text(), \"Cost Center\")]"}
COMMAND: POST /session/f199610b81d2740d08c28d2a7b12bbb6/element/f.2BFA133D83E8FE08190C073C8C008530.d.B910CBE04DA4A4075663F3C2B51C250C.e.701/click - {}
RESULT: {}
RESULT: {}
COMMAND: GET /session/f199610b81d2740d08c28d2a7b12bbb6/screenshot - {}
RESULT: {}
COMMAND: POST /session/f199610b81d2740d08c28d2a7b12bbb6/element - {"using":"xpath","value":"//span[@id=\"application-manageyards-display-component---NewYard--addressNewCostObjectCstID-vhi\"]"}
RESULT: {"using":"xpath","value":"//span[@id=\"application-manageyards-display-component---NewYard--addressNewCostObjectCstID-vhi\"]"}
COMMAND: POST /session/f199610b81d2740d08c28d2a7b12bbb6/execute/sync - {"script":"<script> [8489 bytes]","args":[{"element-6066-11e4-a52e-4f735466cecf":"f.2BFA133D83E8FE08190C073C8C008530.d.B910CBE04DA4A4075663F3C2B51C250C.e.705","ELEMENT":"f.2BFA133D83E8FE08190C073C8C008530.d.B910CBE04DA4A4075663F3C2B51C250C.e.705"}]}
RESULT: {"script":"<script> [8489 bytes]","args":[{"element-6066-11e4-a52e-4f735466cecf":"f.2BFA133D83E8FE08190C073C8C008530.d.B910CBE04DA4A4075663F3C2B51C250C.e.705","ELEMENT":"f.2BFA133D83E8FE08190C073C8C008530.d.B910CBE04DA4A4075663F3C2B51C250C.e.705"}]}
COMMAND: POST /session/f199610b81d2740d08c28d2a7b12bbb6/execute/async - {"script":"<script> [1562 bytes]","args":[{"selector":{"id":"application-manageyards-display-component---NewYard--addressNewCostObjectCstID-vhi"},"wdio_ui5_key":"applicationmanageyards-display-component---NewYard--addressNewCostObjectCstID-vhi"}]}
COMMAND: GET /session/f199610b81d2740d08c28d2a7b12bbb6/screenshot - {}
RESULT: {"script":"<script> [1562 bytes]","args":[{"selector":{"id":"application-manageyards-display-component---NewYard--addressNewCostObjectCstID-vhi"},"wdio_ui5_key":"applicationmanageyards-display-component---NewYard--addressNewCostObjectCstID-vhi"}]}
RESULT: undefined
COMMAND: POST /session/f199610b81d2740d08c28d2a7b12bbb6/element - {"using":"xpath","value":"//*[@id=\"application-manageyards-display-component---NewYard--addressNewCostObjectCstID-vhi\"]"}
RESULT: {}
RESULT: {"using":"xpath","value":"//*[@id=\"application-manageyards-display-component---NewYard--addressNewCostObjectCstID-vhi\"]"}
COMMAND: POST /session/f199610b81d2740d08c28d2a7b12bbb6/element/f.2BFA133D83E8FE08190C073C8C008530.d.B910CBE04DA4A4075663F3C2B51C250C.e.705/click - {}
RESULT: {}
COMMAND: GET /session/f199610b81d2740d08c28d2a7b12bbb6/screenshot - {}
RESULT: {}
COMMAND: POST /session/f199610b81d2740d08c28d2a7b12bbb6/execute/async - {"script":"<script> [1562 bytes]","args":[{"selector":{"controlType":"sap.m.SearchField","properties":{"placeholder":"Search"},"searchOpenDialogs":true,"interaction":{"idSuffix":"I"}},"wdio_ui5_key":"sapm.SearchField{\"placeholder\":\"Search\"}"}]}
RESULT: {"script":"<script> [1562 bytes]","args":[{"selector":{"controlType":"sap.m.SearchField","properties":{"placeholder":"Search"},"searchOpenDialogs":true,"interaction":{"idSuffix":"I"}},"wdio_ui5_key":"sapm.SearchField{\"placeholder\":\"Search\"}"}]}
RESULT: undefined
COMMAND: POST /session/f199610b81d2740d08c28d2a7b12bbb6/execute/async - {"script":"<script> [776 bytes]","args":[{"enterText":"bauh_b","selector":{"controlType":"sap.m.SearchField","properties":{"placeholder":"Search"},"searchOpenDialogs":true,"interaction":{"idSuffix":"I"}},"clearTextFirst":true,"interactionType":"ENTER_TEXT"}]}
RESULT: {"script":"<script> [776 bytes]","args":[{"enterText":"bauh_b","selector":{"controlType":"sap.m.SearchField","properties":{"placeholder":"Search"},"searchOpenDialogs":true,"interaction":{"idSuffix":"I"}},"clearTextFirst":true,"interactionType":"ENTER_TEXT"}]}
COMMAND: POST /session/f199610b81d2740d08c28d2a7b12bbb6/actions - {"actions":[{"id":"action1","type":"key","parameters":{},"actions":[{"type":"keyDown","value":"î€‡"},{"type":"pause","duration":10},{"type":"keyUp","value":"î€‡"}]}]}
RESULT: {"actions":[{"id":"action1","type":"key","parameters":{},"actions":[{"type":"keyDown","value":"î€‡"},{"type":"pause","duration":10},{"type":"keyUp","value":"î€‡"}]}]}
COMMAND: GET /session/f199610b81d2740d08c28d2a7b12bbb6/screenshot - {}
RESULT: {}
COMMAND: POST /session/f199610b81d2740d08c28d2a7b12bbb6/element - {"using":"xpath","value":"//span[contains(text(), \"Demo Yard\")]"}
RESULT: {"using":"xpath","value":"//span[contains(text(), \"Demo Yard\")]"}
COMMAND: POST /session/f199610b81d2740d08c28d2a7b12bbb6/element/f.2BFA133D83E8FE08190C073C8C008530.d.B910CBE04DA4A4075663F3C2B51C250C.e.745/click - {}
RESULT: {}
COMMAND: GET /session/f199610b81d2740d08c28d2a7b12bbb6/screenshot - {}
RESULT: {}
COMMAND: POST /session/f199610b81d2740d08c28d2a7b12bbb6/element - {"using":"xpath","value":"//bdi[contains(text(), \"OK\")]"}
RESULT: {"using":"xpath","value":"//bdi[contains(text(), \"OK\")]"}
COMMAND: POST /session/f199610b81d2740d08c28d2a7b12bbb6/element/f.2BFA133D83E8FE08190C073C8C008530.d.B910CBE04DA4A4075663F3C2B51C250C.e.746/click - {}
RESULT: {}
COMMAND: GET /session/f199610b81d2740d08c28d2a7b12bbb6/screenshot - {}
RESULT: {}
COMMAND: POST /session/f199610b81d2740d08c28d2a7b12bbb6/execute/async - {"script":"<script> [1562 bytes]","args":[{"selector":{"id":"application-manageyards-display-component---NewYard--addressEditDetailsCurrency-arrow"},"wdio_ui5_key":"applicationmanageyards-display-component---NewYard--addressEditDetailsCurrency-arrow"}]}
RESULT: {"script":"<script> [1562 bytes]","args":[{"selector":{"id":"application-manageyards-display-component---NewYard--addressEditDetailsCurrency-arrow"},"wdio_ui5_key":"applicationmanageyards-display-component---NewYard--addressEditDetailsCurrency-arrow"}]}
RESULT: undefined
COMMAND: POST /session/f199610b81d2740d08c28d2a7b12bbb6/element - {"using":"xpath","value":"//*[@id=\"application-manageyards-display-component---NewYard--addressEditDetailsCurrency-arrow\"]"}
RESULT: {"using":"xpath","value":"//*[@id=\"application-manageyards-display-component---NewYard--addressEditDetailsCurrency-arrow\"]"}
COMMAND: POST /session/f199610b81d2740d08c28d2a7b12bbb6/element/f.2BFA133D83E8FE08190C073C8C008530.d.B910CBE04DA4A4075663F3C2B51C250C.e.749/click - {}
RESULT: {}
COMMAND: POST /session/f199610b81d2740d08c28d2a7b12bbb6/element - {"using":"xpath","value":"//span[contains(text(), \"Euro\")]"}
COMMAND: GET /session/f199610b81d2740d08c28d2a7b12bbb6/screenshot - {}
RESULT: {"using":"xpath","value":"//span[contains(text(), \"Euro\")]"}
COMMAND: POST /session/f199610b81d2740d08c28d2a7b12bbb6/element/f.2BFA133D83E8FE08190C073C8C008530.d.B910CBE04DA4A4075663F3C2B51C250C.e.750/click - {}
RESULT: {}
RESULT: {}
COMMAND: POST /session/f199610b81d2740d08c28d2a7b12bbb6/execute/async - {"script":"<script> [1562 bytes]","args":[{"selector":{"controlType":"sap.m.Input","viewName":"etm.portal.ui.manageyards.view.New","viewId":"application-manageyards-display-component---NewYard","bindingPath":{"path":"","propertyPath":"/CONTROLLING_AREA","modelName":"NewYardModel"},"interaction":{"idSuffix":"inner"}},"wdio_ui5_key":"etmportal.ui.manageyards.view.Newsap.m.Input{\"path\":\"\",\"propertyPath\":\"/CONTROLLING_AREA\",\"modelName\":\"NewYardModel\"}"}]}
COMMAND: GET /session/f199610b81d2740d08c28d2a7b12bbb6/screenshot - {}
RESULT: {"script":"<script> [1562 bytes]","args":[{"selector":{"controlType":"sap.m.Input","viewName":"etm.portal.ui.manageyards.view.New","viewId":"application-manageyards-display-component---NewYard","bindingPath":{"path":"","propertyPath":"/CONTROLLING_AREA","modelName":"NewYardModel"},"interaction":{"idSuffix":"inner"}},"wdio_ui5_key":"etmportal.ui.manageyards.view.Newsap.m.Input{\"path\":\"\",\"propertyPath\":\"/CONTROLLING_AREA\",\"modelName\":\"NewYardModel\"}"}]}
RESULT: undefined
COMMAND: POST /session/f199610b81d2740d08c28d2a7b12bbb6/execute/async - {"script":"<script> [776 bytes]","args":[{"enterText":"Z001","selector":{"controlType":"sap.m.Input","viewName":"etm.portal.ui.manageyards.view.New","viewId":"application-manageyards-display-component---NewYard","bindingPath":{"path":"","propertyPath":"/CONTROLLING_AREA","modelName":"NewYardModel"},"interaction":{"idSuffix":"inner"}},"clearTextFirst":true,"interactionType":"ENTER_TEXT"}]}
RESULT: {}
RESULT: {"script":"<script> [776 bytes]","args":[{"enterText":"Z001","selector":{"controlType":"sap.m.Input","viewName":"etm.portal.ui.manageyards.view.New","viewId":"application-manageyards-display-component---NewYard","bindingPath":{"path":"","propertyPath":"/CONTROLLING_AREA","modelName":"NewYardModel"},"interaction":{"idSuffix":"inner"}},"clearTextFirst":true,"interactionType":"ENTER_TEXT"}]}
COMMAND: POST /session/f199610b81d2740d08c28d2a7b12bbb6/execute/async - {"script":"<script> [1562 bytes]","args":[{"selector":{"id":"application-manageyards-display-component---NewYard--companyCodeComboBox","interaction":{"idSuffix":"inner"}},"wdio_ui5_key":"applicationmanageyards-display-component---NewYard--companyCodeComboBox"}]}
RESULT: {"script":"<script> [1562 bytes]","args":[{"selector":{"id":"application-manageyards-display-component---NewYard--companyCodeComboBox","interaction":{"idSuffix":"inner"}},"wdio_ui5_key":"applicationmanageyards-display-component---NewYard--companyCodeComboBox"}]}
RESULT: undefined
COMMAND: POST /session/f199610b81d2740d08c28d2a7b12bbb6/execute/async - {"script":"<script> [776 bytes]","args":[{"enterText":"1000","selector":{"id":"application-manageyards-display-component---NewYard--companyCodeComboBox","interaction":{"idSuffix":"inner"}},"clearTextFirst":true,"interactionType":"ENTER_TEXT"}]}
RESULT: {"script":"<script> [776 bytes]","args":[{"enterText":"1000","selector":{"id":"application-manageyards-display-component---NewYard--companyCodeComboBox","interaction":{"idSuffix":"inner"}},"clearTextFirst":true,"interactionType":"ENTER_TEXT"}]}
COMMAND: POST /session/f199610b81d2740d08c28d2a7b12bbb6/execute/async - {"script":"<script> [1562 bytes]","args":[{"selector":{"controlType":"sap.m.Input","viewName":"etm.portal.ui.manageyards.view.New","viewId":"application-manageyards-display-component---NewYard","bindingPath":{"path":"","propertyPath":"/PLANT","modelName":"NewYardModel"},"interaction":{"idSuffix":"inner"}},"wdio_ui5_key":"etmportal.ui.manageyards.view.Newsap.m.Input{\"path\":\"\",\"propertyPath\":\"/PLANT\",\"modelName\":\"NewYardModel\"}"}]}
RESULT: {"script":"<script> [1562 bytes]","args":[{"selector":{"controlType":"sap.m.Input","viewName":"etm.portal.ui.manageyards.view.New","viewId":"application-manageyards-display-component---NewYard","bindingPath":{"path":"","propertyPath":"/PLANT","modelName":"NewYardModel"},"interaction":{"idSuffix":"inner"}},"wdio_ui5_key":"etmportal.ui.manageyards.view.Newsap.m.Input{\"path\":\"\",\"propertyPath\":\"/PLANT\",\"modelName\":\"NewYardModel\"}"}]}
RESULT: undefined
COMMAND: POST /session/f199610b81d2740d08c28d2a7b12bbb6/execute/async - {"script":"<script> [776 bytes]","args":[{"enterText":"1001","selector":{"controlType":"sap.m.Input","viewName":"etm.portal.ui.manageyards.view.New","viewId":"application-manageyards-display-component---NewYard","bindingPath":{"path":"","propertyPath":"/PLANT","modelName":"NewYardModel"},"interaction":{"idSuffix":"inner"}},"clearTextFirst":true,"interactionType":"ENTER_TEXT"}]}
RESULT: {"script":"<script> [776 bytes]","args":[{"enterText":"1001","selector":{"controlType":"sap.m.Input","viewName":"etm.portal.ui.manageyards.view.New","viewId":"application-manageyards-display-component---NewYard","bindingPath":{"path":"","propertyPath":"/PLANT","modelName":"NewYardModel"},"interaction":{"idSuffix":"inner"}},"clearTextFirst":true,"interactionType":"ENTER_TEXT"}]}
COMMAND: POST /session/f199610b81d2740d08c28d2a7b12bbb6/execute/async - {"script":"<script> [1562 bytes]","args":[{"selector":{"controlType":"sap.m.Input","viewName":"etm.portal.ui.manageyards.view.New","viewId":"application-manageyards-display-component---NewYard","bindingPath":{"path":"","propertyPath":"/SALES_AREA_VKORG","modelName":"NewYardModel"},"interaction":{"idSuffix":"inner"}},"wdio_ui5_key":"etmportal.ui.manageyards.view.Newsap.m.Input{\"path\":\"\",\"propertyPath\":\"/SALES_AREA_VKORG\",\"modelName\":\"NewYardModel\"}"}]}
RESULT: {"script":"<script> [1562 bytes]","args":[{"selector":{"controlType":"sap.m.Input","viewName":"etm.portal.ui.manageyards.view.New","viewId":"application-manageyards-display-component---NewYard","bindingPath":{"path":"","propertyPath":"/SALES_AREA_VKORG","modelName":"NewYardModel"},"interaction":{"idSuffix":"inner"}},"wdio_ui5_key":"etmportal.ui.manageyards.view.Newsap.m.Input{\"path\":\"\",\"propertyPath\":\"/SALES_AREA_VKORG\",\"modelName\":\"NewYardModel\"}"}]}
RESULT: undefined
COMMAND: POST /session/f199610b81d2740d08c28d2a7b12bbb6/execute/async - {"script":"<script> [776 bytes]","args":[{"enterText":"C002","selector":{"controlType":"sap.m.Input","viewName":"etm.portal.ui.manageyards.view.New","viewId":"application-manageyards-display-component---NewYard","bindingPath":{"path":"","propertyPath":"/SALES_AREA_VKORG","modelName":"NewYardModel"},"interaction":{"idSuffix":"inner"}},"clearTextFirst":true,"interactionType":"ENTER_TEXT"}]}
RESULT: {"script":"<script> [776 bytes]","args":[{"enterText":"C002","selector":{"controlType":"sap.m.Input","viewName":"etm.portal.ui.manageyards.view.New","viewId":"application-manageyards-display-component---NewYard","bindingPath":{"path":"","propertyPath":"/SALES_AREA_VKORG","modelName":"NewYardModel"},"interaction":{"idSuffix":"inner"}},"clearTextFirst":true,"interactionType":"ENTER_TEXT"}]}
COMMAND: POST /session/f199610b81d2740d08c28d2a7b12bbb6/execute/async - {"script":"<script> [1562 bytes]","args":[{"selector":{"controlType":"sap.m.Input","viewName":"etm.portal.ui.manageyards.view.New","viewId":"application-manageyards-display-component---NewYard","bindingPath":{"path":"","propertyPath":"/SALES_AREA_VTWEG","modelName":"NewYardModel"},"interaction":{"idSuffix":"inner"}},"wdio_ui5_key":"etmportal.ui.manageyards.view.Newsap.m.Input{\"path\":\"\",\"propertyPath\":\"/SALES_AREA_VTWEG\",\"modelName\":\"NewYardModel\"}"}]}
RESULT: {"script":"<script> [1562 bytes]","args":[{"selector":{"controlType":"sap.m.Input","viewName":"etm.portal.ui.manageyards.view.New","viewId":"application-manageyards-display-component---NewYard","bindingPath":{"path":"","propertyPath":"/SALES_AREA_VTWEG","modelName":"NewYardModel"},"interaction":{"idSuffix":"inner"}},"wdio_ui5_key":"etmportal.ui.manageyards.view.Newsap.m.Input{\"path\":\"\",\"propertyPath\":\"/SALES_AREA_VTWEG\",\"modelName\":\"NewYardModel\"}"}]}
RESULT: undefined
COMMAND: POST /session/f199610b81d2740d08c28d2a7b12bbb6/execute/async - {"script":"<script> [776 bytes]","args":[{"enterText":"C2","selector":{"controlType":"sap.m.Input","viewName":"etm.portal.ui.manageyards.view.New","viewId":"application-manageyards-display-component---NewYard","bindingPath":{"path":"","propertyPath":"/SALES_AREA_VTWEG","modelName":"NewYardModel"},"interaction":{"idSuffix":"inner"}},"clearTextFirst":true,"interactionType":"ENTER_TEXT"}]}
RESULT: {"script":"<script> [776 bytes]","args":[{"enterText":"C2","selector":{"controlType":"sap.m.Input","viewName":"etm.portal.ui.manageyards.view.New","viewId":"application-manageyards-display-component---NewYard","bindingPath":{"path":"","propertyPath":"/SALES_AREA_VTWEG","modelName":"NewYardModel"},"interaction":{"idSuffix":"inner"}},"clearTextFirst":true,"interactionType":"ENTER_TEXT"}]}
COMMAND: POST /session/f199610b81d2740d08c28d2a7b12bbb6/execute/async - {"script":"<script> [1562 bytes]","args":[{"selector":{"controlType":"sap.m.Input","viewName":"etm.portal.ui.manageyards.view.New","viewId":"application-manageyards-display-component---NewYard","bindingPath":{"path":"","propertyPath":"/SALES_AREA_SPART","modelName":"NewYardModel"},"interaction":{"idSuffix":"inner"}},"wdio_ui5_key":"etmportal.ui.manageyards.view.Newsap.m.Input{\"path\":\"\",\"propertyPath\":\"/SALES_AREA_SPART\",\"modelName\":\"NewYardModel\"}"}]}
RESULT: {"script":"<script> [1562 bytes]","args":[{"selector":{"controlType":"sap.m.Input","viewName":"etm.portal.ui.manageyards.view.New","viewId":"application-manageyards-display-component---NewYard","bindingPath":{"path":"","propertyPath":"/SALES_AREA_SPART","modelName":"NewYardModel"},"interaction":{"idSuffix":"inner"}},"wdio_ui5_key":"etmportal.ui.manageyards.view.Newsap.m.Input{\"path\":\"\",\"propertyPath\":\"/SALES_AREA_SPART\",\"modelName\":\"NewYardModel\"}"}]}
RESULT: undefined
COMMAND: POST /session/f199610b81d2740d08c28d2a7b12bbb6/execute/async - {"script":"<script> [776 bytes]","args":[{"enterText":"C2","selector":{"controlType":"sap.m.Input","viewName":"etm.portal.ui.manageyards.view.New","viewId":"application-manageyards-display-component---NewYard","bindingPath":{"path":"","propertyPath":"/SALES_AREA_SPART","modelName":"NewYardModel"},"interaction":{"idSuffix":"inner"}},"clearTextFirst":true,"interactionType":"ENTER_TEXT"}]}
RESULT: {"script":"<script> [776 bytes]","args":[{"enterText":"C2","selector":{"controlType":"sap.m.Input","viewName":"etm.portal.ui.manageyards.view.New","viewId":"application-manageyards-display-component---NewYard","bindingPath":{"path":"","propertyPath":"/SALES_AREA_SPART","modelName":"NewYardModel"},"interaction":{"idSuffix":"inner"}},"clearTextFirst":true,"interactionType":"ENTER_TEXT"}]}
COMMAND: POST /session/f199610b81d2740d08c28d2a7b12bbb6/execute/async - {"script":"<script> [1562 bytes]","args":[{"selector":{"controlType":"sap.m.Input","viewName":"etm.portal.ui.manageyards.view.New","viewId":"application-manageyards-display-component---NewYard","bindingPath":{"path":"","propertyPath":"/SHIP_POINT","modelName":"NewYardModel"},"interaction":{"idSuffix":"inner"}},"wdio_ui5_key":"etmportal.ui.manageyards.view.Newsap.m.Input{\"path\":\"\",\"propertyPath\":\"/SHIP_POINT\",\"modelName\":\"NewYardModel\"}"}]}
RESULT: {"script":"<script> [1562 bytes]","args":[{"selector":{"controlType":"sap.m.Input","viewName":"etm.portal.ui.manageyards.view.New","viewId":"application-manageyards-display-component---NewYard","bindingPath":{"path":"","propertyPath":"/SHIP_POINT","modelName":"NewYardModel"},"interaction":{"idSuffix":"inner"}},"wdio_ui5_key":"etmportal.ui.manageyards.view.Newsap.m.Input{\"path\":\"\",\"propertyPath\":\"/SHIP_POINT\",\"modelName\":\"NewYardModel\"}"}]}
RESULT: undefined
COMMAND: POST /session/f199610b81d2740d08c28d2a7b12bbb6/execute/async - {"script":"<script> [776 bytes]","args":[{"enterText":"1710","selector":{"controlType":"sap.m.Input","viewName":"etm.portal.ui.manageyards.view.New","viewId":"application-manageyards-display-component---NewYard","bindingPath":{"path":"","propertyPath":"/SHIP_POINT","modelName":"NewYardModel"},"interaction":{"idSuffix":"inner"}},"clearTextFirst":true,"interactionType":"ENTER_TEXT"}]}
RESULT: {"script":"<script> [776 bytes]","args":[{"enterText":"1710","selector":{"controlType":"sap.m.Input","viewName":"etm.portal.ui.manageyards.view.New","viewId":"application-manageyards-display-component---NewYard","bindingPath":{"path":"","propertyPath":"/SHIP_POINT","modelName":"NewYardModel"},"interaction":{"idSuffix":"inner"}},"clearTextFirst":true,"interactionType":"ENTER_TEXT"}]}
COMMAND: POST /session/f199610b81d2740d08c28d2a7b12bbb6/execute/async - {"script":"<script> [1562 bytes]","args":[{"selector":{"controlType":"sap.m.Input","viewName":"etm.portal.ui.manageyards.view.New","viewId":"application-manageyards-display-component---NewYard","bindingPath":{"path":"","propertyPath":"/DELIVERY_TYPE","modelName":"NewYardModel"},"interaction":{"idSuffix":"inner"}},"wdio_ui5_key":"etmportal.ui.manageyards.view.Newsap.m.Input{\"path\":\"\",\"propertyPath\":\"/DELIVERY_TYPE\",\"modelName\":\"NewYardModel\"}"}]}
RESULT: {"script":"<script> [1562 bytes]","args":[{"selector":{"controlType":"sap.m.Input","viewName":"etm.portal.ui.manageyards.view.New","viewId":"application-manageyards-display-component---NewYard","bindingPath":{"path":"","propertyPath":"/DELIVERY_TYPE","modelName":"NewYardModel"},"interaction":{"idSuffix":"inner"}},"wdio_ui5_key":"etmportal.ui.manageyards.view.Newsap.m.Input{\"path\":\"\",\"propertyPath\":\"/DELIVERY_TYPE\",\"modelName\":\"NewYardModel\"}"}]}
RESULT: undefined
COMMAND: POST /session/f199610b81d2740d08c28d2a7b12bbb6/execute/async - {"script":"<script> [776 bytes]","args":[{"enterText":"ZL01","selector":{"controlType":"sap.m.Input","viewName":"etm.portal.ui.manageyards.view.New","viewId":"application-manageyards-display-component---NewYard","bindingPath":{"path":"","propertyPath":"/DELIVERY_TYPE","modelName":"NewYardModel"},"interaction":{"idSuffix":"inner"}},"clearTextFirst":true,"interactionType":"ENTER_TEXT"}]}
RESULT: {"script":"<script> [776 bytes]","args":[{"enterText":"ZL01","selector":{"controlType":"sap.m.Input","viewName":"etm.portal.ui.manageyards.view.New","viewId":"application-manageyards-display-component---NewYard","bindingPath":{"path":"","propertyPath":"/DELIVERY_TYPE","modelName":"NewYardModel"},"interaction":{"idSuffix":"inner"}},"clearTextFirst":true,"interactionType":"ENTER_TEXT"}]}
COMMAND: POST /session/f199610b81d2740d08c28d2a7b12bbb6/execute/async - {"script":"<script> [1562 bytes]","args":[{"selector":{"controlType":"sap.m.Input","viewName":"etm.portal.ui.manageyards.view.New","viewId":"application-manageyards-display-component---NewYard","bindingPath":{"path":"","propertyPath":"/AUART","modelName":"NewYardModel"},"interaction":{"idSuffix":"inner"}},"wdio_ui5_key":"etmportal.ui.manageyards.view.Newsap.m.Input{\"path\":\"\",\"propertyPath\":\"/AUART\",\"modelName\":\"NewYardModel\"}"}]}
RESULT: {"script":"<script> [1562 bytes]","args":[{"selector":{"controlType":"sap.m.Input","viewName":"etm.portal.ui.manageyards.view.New","viewId":"application-manageyards-display-component---NewYard","bindingPath":{"path":"","propertyPath":"/AUART","modelName":"NewYardModel"},"interaction":{"idSuffix":"inner"}},"wdio_ui5_key":"etmportal.ui.manageyards.view.Newsap.m.Input{\"path\":\"\",\"propertyPath\":\"/AUART\",\"modelName\":\"NewYardModel\"}"}]}
RESULT: undefined
COMMAND: POST /session/f199610b81d2740d08c28d2a7b12bbb6/execute/async - {"script":"<script> [776 bytes]","args":[{"enterText":"TA","selector":{"controlType":"sap.m.Input","viewName":"etm.portal.ui.manageyards.view.New","viewId":"application-manageyards-display-component---NewYard","bindingPath":{"path":"","propertyPath":"/AUART","modelName":"NewYardModel"},"interaction":{"idSuffix":"inner"}},"clearTextFirst":true,"interactionType":"ENTER_TEXT"}]}
RESULT: {"script":"<script> [776 bytes]","args":[{"enterText":"TA","selector":{"controlType":"sap.m.Input","viewName":"etm.portal.ui.manageyards.view.New","viewId":"application-manageyards-display-component---NewYard","bindingPath":{"path":"","propertyPath":"/AUART","modelName":"NewYardModel"},"interaction":{"idSuffix":"inner"}},"clearTextFirst":true,"interactionType":"ENTER_TEXT"}]}
COMMAND: POST /session/f199610b81d2740d08c28d2a7b12bbb6/execute/async - {"script":"<script> [1562 bytes]","args":[{"selector":{"id":"application-manageyards-display-component---NewYard--whmCheckBox","interaction":{"idSuffix":"CbBg"}},"wdio_ui5_key":"applicationmanageyards-display-component---NewYard--whmCheckBox"}]}
RESULT: {"script":"<script> [1562 bytes]","args":[{"selector":{"id":"application-manageyards-display-component---NewYard--whmCheckBox","interaction":{"idSuffix":"CbBg"}},"wdio_ui5_key":"applicationmanageyards-display-component---NewYard--whmCheckBox"}]}
RESULT: undefined
COMMAND: POST /session/f199610b81d2740d08c28d2a7b12bbb6/element - {"using":"xpath","value":"//*[@id=\"application-manageyards-display-component---NewYard--whmCheckBox\"]"}
RESULT: {"using":"xpath","value":"//*[@id=\"application-manageyards-display-component---NewYard--whmCheckBox\"]"}
COMMAND: POST /session/f199610b81d2740d08c28d2a7b12bbb6/element/f.2BFA133D83E8FE08190C073C8C008530.d.B910CBE04DA4A4075663F3C2B51C250C.e.770/click - {}
RESULT: {}
COMMAND: GET /session/f199610b81d2740d08c28d2a7b12bbb6/screenshot - {}
RESULT: {}
COMMAND: POST /session/f199610b81d2740d08c28d2a7b12bbb6/element - {"using":"xpath","value":"//button[@data-kt=\"newYardSaveButton\"]"}
RESULT: {"using":"xpath","value":"//button[@data-kt=\"newYardSaveButton\"]"}
COMMAND: POST /session/f199610b81d2740d08c28d2a7b12bbb6/element/f.2BFA133D83E8FE08190C073C8C008530.d.B910CBE04DA4A4075663F3C2B51C250C.e.654/click - {}
RESULT: {}
COMMAND: GET /session/f199610b81d2740d08c28d2a7b12bbb6/screenshot - {}
RESULT: {}
COMMAND: POST /session/f199610b81d2740d08c28d2a7b12bbb6/element - {"using":"xpath","value":"//header[contains(@id, 'ObjectPageLayout-headerTitle')]/div[1]/div[2]/div[1]/span[1]"}
RESULT: {"using":"xpath","value":"//header[contains(@id, 'ObjectPageLayout-headerTitle')]/div[1]/div[2]/div[1]/span[1]"}
COMMAND: POST /session/f199610b81d2740d08c28d2a7b12bbb6/elements - {"using":"xpath","value":"//header[contains(@id, 'ObjectPageLayout-headerTitle')]/div[1]/div[2]/div[1]/span[1]"}
RESULT: {"using":"xpath","value":"//header[contains(@id, 'ObjectPageLayout-headerTitle')]/div[1]/div[2]/div[1]/span[1]"}
COMMAND: POST /session/f199610b81d2740d08c28d2a7b12bbb6/execute/sync - {"script":"<script> [56 bytes]","args":[{"element-6066-11e4-a52e-4f735466cecf":"f.2BFA133D83E8FE08190C073C8C008530.d.B910CBE04DA4A4075663F3C2B51C250C.e.980","ELEMENT":"f.2BFA133D83E8FE08190C073C8C008530.d.B910CBE04DA4A4075663F3C2B51C250C.e.980"}]}
RESULT: {"script":"<script> [56 bytes]","args":[{"element-6066-11e4-a52e-4f735466cecf":"f.2BFA133D83E8FE08190C073C8C008530.d.B910CBE04DA4A4075663F3C2B51C250C.e.980","ELEMENT":"f.2BFA133D83E8FE08190C073C8C008530.d.B910CBE04DA4A4075663F3C2B51C250C.e.980"}]}
COMMAND: GET /session/f199610b81d2740d08c28d2a7b12bbb6/screenshot - {}
RESULT: {}
COMMAND: POST /session/f199610b81d2740d08c28d2a7b12bbb6/element - {"using":"css selector","value":"#shell-header-logo"}
RESULT: {"using":"css selector","value":"#shell-header-logo"}
COMMAND: POST /session/f199610b81d2740d08c28d2a7b12bbb6/element/f.2BFA133D83E8FE08190C073C8C008530.d.B910CBE04DA4A4075663F3C2B51C250C.e.234/click - {}
RESULT: {}
COMMAND: GET /session/f199610b81d2740d08c28d2a7b12bbb6/screenshot - {}
RESULT: {}
COMMAND: POST /session/f199610b81d2740d08c28d2a7b12bbb6/execute/sync - {"script":"<script> [299 bytes]","args":[["getModel","getResource"]]}
RESULT: {"script":"<script> [299 bytes]","args":[["getModel","getResource"]]}
COMMAND: GET /session/f199610b81d2740d08c28d2a7b12bbb6/screenshot - {}
]]></system-out>
    </testcase>
    <testcase classname="chrome.136_0_7103_93.windows.Stock_increase_-_with_WHM_US125587" name="Should create a new external WHM partner" time="102.257">
      <system-out><![CDATA[
COMMAND: POST /session/f199610b81d2740d08c28d2a7b12bbb6/window/fullscreen - {}
RESULT: {}
RESULT: {}
COMMAND: POST /session/f199610b81d2740d08c28d2a7b12bbb6/execute/async - {"script":"<script> [1562 bytes]","args":[{"selector":{"controlType":"sap.m.GenericTile","properties":{"header":"Manage Partners"}},"wdio_ui5_key":"sapm.GenericTile{\"header\":\"Manage Partners\"}"}]}
RESULT: {"script":"<script> [1562 bytes]","args":[{"selector":{"controlType":"sap.m.GenericTile","properties":{"header":"Manage Partners"}},"wdio_ui5_key":"sapm.GenericTile{\"header\":\"Manage Partners\"}"}]}
RESULT: undefined
COMMAND: POST /session/f199610b81d2740d08c28d2a7b12bbb6/element - {"using":"xpath","value":"//*[@id=\"__tile38\"]"}
RESULT: {"using":"xpath","value":"//*[@id=\"__tile38\"]"}
COMMAND: POST /session/f199610b81d2740d08c28d2a7b12bbb6/element/f.2BFA133D83E8FE08190C073C8C008530.d.B910CBE04DA4A4075663F3C2B51C250C.e.122/click - {}
RESULT: {}
COMMAND: GET /session/f199610b81d2740d08c28d2a7b12bbb6/screenshot - {}
RESULT: {}
COMMAND: POST /session/f199610b81d2740d08c28d2a7b12bbb6/elements - {"using":"xpath","value":"//span[text()='Error']"}
RESULT: {"using":"xpath","value":"//span[text()='Error']"}
COMMAND: POST /session/f199610b81d2740d08c28d2a7b12bbb6/element - {"using":"xpath","value":"//button[@data-kt=\"addButton\"]"}
RESULT: {"using":"xpath","value":"//button[@data-kt=\"addButton\"]"}
COMMAND: POST /session/f199610b81d2740d08c28d2a7b12bbb6/elements - {"using":"xpath","value":"//button[@data-kt=\"addButton\"]"}
RESULT: {"using":"xpath","value":"//button[@data-kt=\"addButton\"]"}
COMMAND: POST /session/f199610b81d2740d08c28d2a7b12bbb6/elements - {"using":"xpath","value":"//button[@data-kt=\"addButton\"]"}
RESULT: {"using":"xpath","value":"//button[@data-kt=\"addButton\"]"}
COMMAND: POST /session/f199610b81d2740d08c28d2a7b12bbb6/elements - {"using":"xpath","value":"//button[@data-kt=\"addButton\"]"}
RESULT: {"using":"xpath","value":"//button[@data-kt=\"addButton\"]"}
COMMAND: POST /session/f199610b81d2740d08c28d2a7b12bbb6/elements - {"using":"xpath","value":"//button[@data-kt=\"addButton\"]"}
RESULT: {"using":"xpath","value":"//button[@data-kt=\"addButton\"]"}
COMMAND: POST /session/f199610b81d2740d08c28d2a7b12bbb6/element - {"using":"xpath","value":"//button[@data-kt=\"addButton\"]"}
RESULT: {"using":"xpath","value":"//button[@data-kt=\"addButton\"]"}
COMMAND: POST /session/f199610b81d2740d08c28d2a7b12bbb6/execute/sync - {"script":"<script> [8489 bytes]","args":[{"element-6066-11e4-a52e-4f735466cecf":"f.2BFA133D83E8FE08190C073C8C008530.d.B910CBE04DA4A4075663F3C2B51C250C.e.1030","ELEMENT":"f.2BFA133D83E8FE08190C073C8C008530.d.B910CBE04DA4A4075663F3C2B51C250C.e.1030"}]}
RESULT: {"script":"<script> [8489 bytes]","args":[{"element-6066-11e4-a52e-4f735466cecf":"f.2BFA133D83E8FE08190C073C8C008530.d.B910CBE04DA4A4075663F3C2B51C250C.e.1030","ELEMENT":"f.2BFA133D83E8FE08190C073C8C008530.d.B910CBE04DA4A4075663F3C2B51C250C.e.1030"}]}
COMMAND: GET /session/f199610b81d2740d08c28d2a7b12bbb6/element/f.2BFA133D83E8FE08190C073C8C008530.d.B910CBE04DA4A4075663F3C2B51C250C.e.1030/enabled - {}
COMMAND: GET /session/f199610b81d2740d08c28d2a7b12bbb6/screenshot - {}
RESULT: {}
COMMAND: POST /session/f199610b81d2740d08c28d2a7b12bbb6/execute/sync - {"script":"<script> [8489 bytes]","args":[{"element-6066-11e4-a52e-4f735466cecf":"f.2BFA133D83E8FE08190C073C8C008530.d.B910CBE04DA4A4075663F3C2B51C250C.e.1030","ELEMENT":"f.2BFA133D83E8FE08190C073C8C008530.d.B910CBE04DA4A4075663F3C2B51C250C.e.1030"}]}
COMMAND: GET /session/f199610b81d2740d08c28d2a7b12bbb6/screenshot - {}
RESULT: {}
RESULT: {"script":"<script> [8489 bytes]","args":[{"element-6066-11e4-a52e-4f735466cecf":"f.2BFA133D83E8FE08190C073C8C008530.d.B910CBE04DA4A4075663F3C2B51C250C.e.1030","ELEMENT":"f.2BFA133D83E8FE08190C073C8C008530.d.B910CBE04DA4A4075663F3C2B51C250C.e.1030"}]}
COMMAND: POST /session/f199610b81d2740d08c28d2a7b12bbb6/execute/sync - {"script":"<script> [5351 bytes]","args":[{"element-6066-11e4-a52e-4f735466cecf":"f.2BFA133D83E8FE08190C073C8C008530.d.B910CBE04DA4A4075663F3C2B51C250C.e.1030","ELEMENT":"f.2BFA133D83E8FE08190C073C8C008530.d.B910CBE04DA4A4075663F3C2B51C250C.e.1030"}]}
COMMAND: GET /session/f199610b81d2740d08c28d2a7b12bbb6/screenshot - {}
RESULT: {}
RESULT: {"script":"<script> [5351 bytes]","args":[{"element-6066-11e4-a52e-4f735466cecf":"f.2BFA133D83E8FE08190C073C8C008530.d.B910CBE04DA4A4075663F3C2B51C250C.e.1030","ELEMENT":"f.2BFA133D83E8FE08190C073C8C008530.d.B910CBE04DA4A4075663F3C2B51C250C.e.1030"}]}
COMMAND: POST /session/f199610b81d2740d08c28d2a7b12bbb6/element/f.2BFA133D83E8FE08190C073C8C008530.d.B910CBE04DA4A4075663F3C2B51C250C.e.1030/click - {}
COMMAND: GET /session/f199610b81d2740d08c28d2a7b12bbb6/screenshot - {}
RESULT: {}
RESULT: {}
COMMAND: GET /session/f199610b81d2740d08c28d2a7b12bbb6/screenshot - {}
COMMAND: POST /session/f199610b81d2740d08c28d2a7b12bbb6/execute/async - {"script":"<script> [1562 bytes]","args":[{"selector":{"id":"application-managepartners-display-component---NewPartner--addressDetailDetailsName1","interaction":{"idSuffix":"inner"}},"wdio_ui5_key":"applicationmanagepartners-display-component---NewPartner--addressDetailDetailsName1"}]}
RESULT: {}
RESULT: {}
RESULT: {"script":"<script> [1562 bytes]","args":[{"selector":{"id":"application-managepartners-display-component---NewPartner--addressDetailDetailsName1","interaction":{"idSuffix":"inner"}},"wdio_ui5_key":"applicationmanagepartners-display-component---NewPartner--addressDetailDetailsName1"}]}
RESULT: undefined
COMMAND: POST /session/f199610b81d2740d08c28d2a7b12bbb6/execute/async - {"script":"<script> [776 bytes]","args":[{"enterText":"External Partner WDIO","selector":{"id":"application-managepartners-display-component---NewPartner--addressDetailDetailsName1","interaction":{"idSuffix":"inner"}},"clearTextFirst":true,"interactionType":"ENTER_TEXT"}]}
RESULT: {"script":"<script> [776 bytes]","args":[{"enterText":"External Partner WDIO","selector":{"id":"application-managepartners-display-component---NewPartner--addressDetailDetailsName1","interaction":{"idSuffix":"inner"}},"clearTextFirst":true,"interactionType":"ENTER_TEXT"}]}
COMMAND: POST /session/f199610b81d2740d08c28d2a7b12bbb6/execute/async - {"script":"<script> [1562 bytes]","args":[{"selector":{"id":"application-managepartners-display-component---NewPartner--addressDetailDetailsLanguage-arrow"},"wdio_ui5_key":"applicationmanagepartners-display-component---NewPartner--addressDetailDetailsLanguage-arrow"}]}
RESULT: {"script":"<script> [1562 bytes]","args":[{"selector":{"id":"application-managepartners-display-component---NewPartner--addressDetailDetailsLanguage-arrow"},"wdio_ui5_key":"applicationmanagepartners-display-component---NewPartner--addressDetailDetailsLanguage-arrow"}]}
RESULT: undefined
COMMAND: POST /session/f199610b81d2740d08c28d2a7b12bbb6/element - {"using":"xpath","value":"//*[@id=\"application-managepartners-display-component---NewPartner--addressDetailDetailsLanguage-arrow\"]"}
RESULT: {"using":"xpath","value":"//*[@id=\"application-managepartners-display-component---NewPartner--addressDetailDetailsLanguage-arrow\"]"}
COMMAND: POST /session/f199610b81d2740d08c28d2a7b12bbb6/element/f.2BFA133D83E8FE08190C073C8C008530.d.B910CBE04DA4A4075663F3C2B51C250C.e.1474/click - {}
RESULT: {}
COMMAND: POST /session/f199610b81d2740d08c28d2a7b12bbb6/element - {"using":"xpath","value":"//span[contains(text(), \"English\")]"}
COMMAND: GET /session/f199610b81d2740d08c28d2a7b12bbb6/screenshot - {}
RESULT: {"using":"xpath","value":"//span[contains(text(), \"English\")]"}
COMMAND: POST /session/f199610b81d2740d08c28d2a7b12bbb6/element/f.2BFA133D83E8FE08190C073C8C008530.d.B910CBE04DA4A4075663F3C2B51C250C.e.1475/click - {}
RESULT: {}
RESULT: {}
COMMAND: GET /session/f199610b81d2740d08c28d2a7b12bbb6/screenshot - {}
RESULT: {}
COMMAND: POST /session/f199610b81d2740d08c28d2a7b12bbb6/execute/async - {"script":"<script> [1562 bytes]","args":[{"selector":{"id":"application-managepartners-display-component---NewPartner--addressDetailDetailsCity1","interaction":{"idSuffix":"inner"}},"wdio_ui5_key":"applicationmanagepartners-display-component---NewPartner--addressDetailDetailsCity1"}]}
RESULT: {"script":"<script> [1562 bytes]","args":[{"selector":{"id":"application-managepartners-display-component---NewPartner--addressDetailDetailsCity1","interaction":{"idSuffix":"inner"}},"wdio_ui5_key":"applicationmanagepartners-display-component---NewPartner--addressDetailDetailsCity1"}]}
RESULT: undefined
COMMAND: POST /session/f199610b81d2740d08c28d2a7b12bbb6/execute/async - {"script":"<script> [776 bytes]","args":[{"enterText":"Rosario","selector":{"id":"application-managepartners-display-component---NewPartner--addressDetailDetailsCity1","interaction":{"idSuffix":"inner"}},"clearTextFirst":true,"interactionType":"ENTER_TEXT"}]}
RESULT: {"script":"<script> [776 bytes]","args":[{"enterText":"Rosario","selector":{"id":"application-managepartners-display-component---NewPartner--addressDetailDetailsCity1","interaction":{"idSuffix":"inner"}},"clearTextFirst":true,"interactionType":"ENTER_TEXT"}]}
COMMAND: POST /session/f199610b81d2740d08c28d2a7b12bbb6/execute/async - {"script":"<script> [1562 bytes]","args":[{"selector":{"id":"application-managepartners-display-component---NewPartner--addressDetailDetailsCountry-arrow"},"wdio_ui5_key":"applicationmanagepartners-display-component---NewPartner--addressDetailDetailsCountry-arrow"}]}
RESULT: {"script":"<script> [1562 bytes]","args":[{"selector":{"id":"application-managepartners-display-component---NewPartner--addressDetailDetailsCountry-arrow"},"wdio_ui5_key":"applicationmanagepartners-display-component---NewPartner--addressDetailDetailsCountry-arrow"}]}
RESULT: undefined
COMMAND: POST /session/f199610b81d2740d08c28d2a7b12bbb6/element - {"using":"xpath","value":"//*[@id=\"application-managepartners-display-component---NewPartner--addressDetailDetailsCountry-arrow\"]"}
RESULT: {"using":"xpath","value":"//*[@id=\"application-managepartners-display-component---NewPartner--addressDetailDetailsCountry-arrow\"]"}
COMMAND: POST /session/f199610b81d2740d08c28d2a7b12bbb6/element/f.2BFA133D83E8FE08190C073C8C008530.d.B910CBE04DA4A4075663F3C2B51C250C.e.1461/click - {}
RESULT: {}
COMMAND: POST /session/f199610b81d2740d08c28d2a7b12bbb6/element - {"using":"xpath","value":"//span[contains(text(), \"Argentina\")]"}
COMMAND: GET /session/f199610b81d2740d08c28d2a7b12bbb6/screenshot - {}
RESULT: {"using":"xpath","value":"//span[contains(text(), \"Argentina\")]"}
COMMAND: POST /session/f199610b81d2740d08c28d2a7b12bbb6/element/f.2BFA133D83E8FE08190C073C8C008530.d.B910CBE04DA4A4075663F3C2B51C250C.e.1477/click - {}
RESULT: {}
RESULT: {}
COMMAND: GET /session/f199610b81d2740d08c28d2a7b12bbb6/screenshot - {}
RESULT: {}
COMMAND: POST /session/f199610b81d2740d08c28d2a7b12bbb6/element - {"using":"xpath","value":"//bdi[contains(text(), \"Commercial\")]"}
RESULT: {"using":"xpath","value":"//bdi[contains(text(), \"Commercial\")]"}
COMMAND: POST /session/f199610b81d2740d08c28d2a7b12bbb6/element/f.2BFA133D83E8FE08190C073C8C008530.d.B910CBE04DA4A4075663F3C2B51C250C.e.1478/click - {}
RESULT: {}
COMMAND: GET /session/f199610b81d2740d08c28d2a7b12bbb6/screenshot - {}
RESULT: {}
COMMAND: POST /session/f199610b81d2740d08c28d2a7b12bbb6/execute/async - {"script":"<script> [1562 bytes]","args":[{"selector":{"id":"application-managepartners-display-component---NewPartner--partnerDetailInternal-arrow"},"wdio_ui5_key":"applicationmanagepartners-display-component---NewPartner--partnerDetailInternal-arrow"}]}
RESULT: {"script":"<script> [1562 bytes]","args":[{"selector":{"id":"application-managepartners-display-component---NewPartner--partnerDetailInternal-arrow"},"wdio_ui5_key":"applicationmanagepartners-display-component---NewPartner--partnerDetailInternal-arrow"}]}
RESULT: undefined
COMMAND: POST /session/f199610b81d2740d08c28d2a7b12bbb6/element - {"using":"xpath","value":"//*[@id=\"application-managepartners-display-component---NewPartner--partnerDetailInternal-arrow\"]"}
RESULT: {"using":"xpath","value":"//*[@id=\"application-managepartners-display-component---NewPartner--partnerDetailInternal-arrow\"]"}
COMMAND: POST /session/f199610b81d2740d08c28d2a7b12bbb6/element/f.2BFA133D83E8FE08190C073C8C008530.d.B910CBE04DA4A4075663F3C2B51C250C.e.1486/click - {}
RESULT: {}
COMMAND: POST /session/f199610b81d2740d08c28d2a7b12bbb6/element - {"using":"xpath","value":"//span[contains(text(), \"External partner\")]"}
COMMAND: GET /session/f199610b81d2740d08c28d2a7b12bbb6/screenshot - {}
RESULT: {"using":"xpath","value":"//span[contains(text(), \"External partner\")]"}
COMMAND: POST /session/f199610b81d2740d08c28d2a7b12bbb6/element/f.2BFA133D83E8FE08190C073C8C008530.d.B910CBE04DA4A4075663F3C2B51C250C.e.1487/click - {}
RESULT: {}
RESULT: {}
COMMAND: POST /session/f199610b81d2740d08c28d2a7b12bbb6/execute/async - {"script":"<script> [1562 bytes]","args":[{"selector":{"id":"application-managepartners-display-component---NewPartner--partnerDetailsCurrency-arrow"},"wdio_ui5_key":"applicationmanagepartners-display-component---NewPartner--partnerDetailsCurrency-arrow"}]}
COMMAND: GET /session/f199610b81d2740d08c28d2a7b12bbb6/screenshot - {}
RESULT: {"script":"<script> [1562 bytes]","args":[{"selector":{"id":"application-managepartners-display-component---NewPartner--partnerDetailsCurrency-arrow"},"wdio_ui5_key":"applicationmanagepartners-display-component---NewPartner--partnerDetailsCurrency-arrow"}]}
RESULT: undefined
COMMAND: POST /session/f199610b81d2740d08c28d2a7b12bbb6/element - {"using":"xpath","value":"//*[@id=\"application-managepartners-display-component---NewPartner--partnerDetailsCurrency-arrow\"]"}
RESULT: {}
RESULT: {"using":"xpath","value":"//*[@id=\"application-managepartners-display-component---NewPartner--partnerDetailsCurrency-arrow\"]"}
COMMAND: POST /session/f199610b81d2740d08c28d2a7b12bbb6/element/f.2BFA133D83E8FE08190C073C8C008530.d.B910CBE04DA4A4075663F3C2B51C250C.e.1492/click - {}
RESULT: {}
COMMAND: POST /session/f199610b81d2740d08c28d2a7b12bbb6/element - {"using":"xpath","value":"//span[contains(text(), \"US Dollar\")]"}
COMMAND: GET /session/f199610b81d2740d08c28d2a7b12bbb6/screenshot - {}
RESULT: {"using":"xpath","value":"//span[contains(text(), \"US Dollar\")]"}
COMMAND: POST /session/f199610b81d2740d08c28d2a7b12bbb6/element/f.2BFA133D83E8FE08190C073C8C008530.d.B910CBE04DA4A4075663F3C2B51C250C.e.1493/click - {}
RESULT: {}
RESULT: {}
COMMAND: GET /session/f199610b81d2740d08c28d2a7b12bbb6/screenshot - {}
RESULT: {}
COMMAND: POST /session/f199610b81d2740d08c28d2a7b12bbb6/element - {"using":"xpath","value":"//input[@id=\"application-managepartners-display-component---NewPartner--companyCodeComboBox-inner\"]"}
RESULT: {"using":"xpath","value":"//input[@id=\"application-managepartners-display-component---NewPartner--companyCodeComboBox-inner\"]"}
COMMAND: POST /session/f199610b81d2740d08c28d2a7b12bbb6/element/f.2BFA133D83E8FE08190C073C8C008530.d.B910CBE04DA4A4075663F3C2B51C250C.e.1340/clear - {}
RESULT: {}
COMMAND: POST /session/f199610b81d2740d08c28d2a7b12bbb6/element/f.2BFA133D83E8FE08190C073C8C008530.d.B910CBE04DA4A4075663F3C2B51C250C.e.1340/value - {"text":"C002"}
COMMAND: GET /session/f199610b81d2740d08c28d2a7b12bbb6/screenshot - {}
RESULT: {"text":"C002"}
COMMAND: GET /session/f199610b81d2740d08c28d2a7b12bbb6/screenshot - {}
RESULT: {}
RESULT: {}
COMMAND: POST /session/f199610b81d2740d08c28d2a7b12bbb6/element - {"using":"xpath","value":"//li[.//span[text()= \"C002\"]]"}
RESULT: {"using":"xpath","value":"//li[.//span[text()= \"C002\"]]"}
COMMAND: POST /session/f199610b81d2740d08c28d2a7b12bbb6/element/f.2BFA133D83E8FE08190C073C8C008530.d.B910CBE04DA4A4075663F3C2B51C250C.e.1497/click - {}
RESULT: {}
COMMAND: GET /session/f199610b81d2740d08c28d2a7b12bbb6/screenshot - {}
RESULT: {}
COMMAND: POST /session/f199610b81d2740d08c28d2a7b12bbb6/execute/async - {"script":"<script> [1562 bytes]","args":[{"selector":{"id":"application-managepartners-display-component---NewPartner--btnAddTableRow-img"},"wdio_ui5_key":"applicationmanagepartners-display-component---NewPartner--btnAddTableRow-img"}]}
RESULT: {"script":"<script> [1562 bytes]","args":[{"selector":{"id":"application-managepartners-display-component---NewPartner--btnAddTableRow-img"},"wdio_ui5_key":"applicationmanagepartners-display-component---NewPartner--btnAddTableRow-img"}]}
RESULT: undefined
COMMAND: POST /session/f199610b81d2740d08c28d2a7b12bbb6/element - {"using":"xpath","value":"//*[@id=\"application-managepartners-display-component---NewPartner--btnAddTableRow-img\"]"}
RESULT: {"using":"xpath","value":"//*[@id=\"application-managepartners-display-component---NewPartner--btnAddTableRow-img\"]"}
COMMAND: POST /session/f199610b81d2740d08c28d2a7b12bbb6/element/f.2BFA133D83E8FE08190C073C8C008530.d.B910CBE04DA4A4075663F3C2B51C250C.e.1498/click - {}
RESULT: {}
COMMAND: GET /session/f199610b81d2740d08c28d2a7b12bbb6/screenshot - {}
RESULT: {}
COMMAND: POST /session/f199610b81d2740d08c28d2a7b12bbb6/element - {"using":"xpath","value":"//input[@id=\"application-managepartners-display-component---NewPartner--assignmentYard-application-managepartners-display-component---NewPartner--assignmentsTable-0-inner\"]"}
RESULT: {"using":"xpath","value":"//input[@id=\"application-managepartners-display-component---NewPartner--assignmentYard-application-managepartners-display-component---NewPartner--assignmentsTable-0-inner\"]"}
COMMAND: POST /session/f199610b81d2740d08c28d2a7b12bbb6/element/f.2BFA133D83E8FE08190C073C8C008530.d.B910CBE04DA4A4075663F3C2B51C250C.e.1501/clear - {}
RESULT: {}
COMMAND: POST /session/f199610b81d2740d08c28d2a7b12bbb6/element/f.2BFA133D83E8FE08190C073C8C008530.d.B910CBE04DA4A4075663F3C2B51C250C.e.1501/value - {"text":"544"}
COMMAND: GET /session/f199610b81d2740d08c28d2a7b12bbb6/screenshot - {}
RESULT: {"text":"544"}
COMMAND: GET /session/f199610b81d2740d08c28d2a7b12bbb6/screenshot - {}
RESULT: {}
RESULT: {}
COMMAND: POST /session/f199610b81d2740d08c28d2a7b12bbb6/element - {"using":"xpath","value":"//li[.//span[text()='544']]"}
RESULT: {"using":"xpath","value":"//li[.//span[text()='544']]"}
COMMAND: POST /session/f199610b81d2740d08c28d2a7b12bbb6/element/f.2BFA133D83E8FE08190C073C8C008530.d.B910CBE04DA4A4075663F3C2B51C250C.e.1509/click - {}
RESULT: {}
COMMAND: GET /session/f199610b81d2740d08c28d2a7b12bbb6/screenshot - {}
RESULT: {}
COMMAND: POST /session/f199610b81d2740d08c28d2a7b12bbb6/actions - {"actions":[{"id":"action2","type":"key","parameters":{},"actions":[{"type":"keyDown","value":"î€‡"},{"type":"pause","duration":10},{"type":"keyUp","value":"î€‡"}]}]}
RESULT: {"actions":[{"id":"action2","type":"key","parameters":{},"actions":[{"type":"keyDown","value":"î€‡"},{"type":"pause","duration":10},{"type":"keyUp","value":"î€‡"}]}]}
COMMAND: POST /session/f199610b81d2740d08c28d2a7b12bbb6/element - {"using":"xpath","value":"//td[contains(@id, \"assignmentsTable-0-cell2\")]/div/div"}
COMMAND: GET /session/f199610b81d2740d08c28d2a7b12bbb6/screenshot - {}
RESULT: {"using":"xpath","value":"//td[contains(@id, \"assignmentsTable-0-cell2\")]/div/div"}
COMMAND: POST /session/f199610b81d2740d08c28d2a7b12bbb6/element/f.2BFA133D83E8FE08190C073C8C008530.d.B910CBE04DA4A4075663F3C2B51C250C.e.1512/click - {}
RESULT: {}
RESULT: {}
COMMAND: GET /session/f199610b81d2740d08c28d2a7b12bbb6/screenshot - {}
RESULT: {}
COMMAND: POST /session/f199610b81d2740d08c28d2a7b12bbb6/element - {"using":"xpath","value":"//button[@data-kt=\"saveButton\"]"}
RESULT: {"using":"xpath","value":"//button[@data-kt=\"saveButton\"]"}
COMMAND: POST /session/f199610b81d2740d08c28d2a7b12bbb6/element/f.2BFA133D83E8FE08190C073C8C008530.d.B910CBE04DA4A4075663F3C2B51C250C.e.1372/click - {}
RESULT: {}
COMMAND: GET /session/f199610b81d2740d08c28d2a7b12bbb6/screenshot - {}
RESULT: {}
COMMAND: POST /session/f199610b81d2740d08c28d2a7b12bbb6/element - {"using":"xpath","value":"//header[contains(@id, 'ObjectPageLayout-headerTitle')]/div[1]/div[2]/div[2]/span[1]"}
RESULT: {"using":"xpath","value":"//header[contains(@id, 'ObjectPageLayout-headerTitle')]/div[1]/div[2]/div[2]/span[1]"}
COMMAND: POST /session/f199610b81d2740d08c28d2a7b12bbb6/elements - {"using":"xpath","value":"//header[contains(@id, 'ObjectPageLayout-headerTitle')]/div[1]/div[2]/div[2]/span[1]"}
RESULT: {"using":"xpath","value":"//header[contains(@id, 'ObjectPageLayout-headerTitle')]/div[1]/div[2]/div[2]/span[1]"}
COMMAND: POST /session/f199610b81d2740d08c28d2a7b12bbb6/execute/sync - {"script":"<script> [56 bytes]","args":[{"element-6066-11e4-a52e-4f735466cecf":"f.2BFA133D83E8FE08190C073C8C008530.d.B910CBE04DA4A4075663F3C2B51C250C.e.1674","ELEMENT":"f.2BFA133D83E8FE08190C073C8C008530.d.B910CBE04DA4A4075663F3C2B51C250C.e.1674"}]}
RESULT: {"script":"<script> [56 bytes]","args":[{"element-6066-11e4-a52e-4f735466cecf":"f.2BFA133D83E8FE08190C073C8C008530.d.B910CBE04DA4A4075663F3C2B51C250C.e.1674","ELEMENT":"f.2BFA133D83E8FE08190C073C8C008530.d.B910CBE04DA4A4075663F3C2B51C250C.e.1674"}]}
COMMAND: POST /session/f199610b81d2740d08c28d2a7b12bbb6/element - {"using":"css selector","value":"#shell-header-logo"}
COMMAND: GET /session/f199610b81d2740d08c28d2a7b12bbb6/screenshot - {}
RESULT: {"using":"css selector","value":"#shell-header-logo"}
COMMAND: POST /session/f199610b81d2740d08c28d2a7b12bbb6/element/f.2BFA133D83E8FE08190C073C8C008530.d.B910CBE04DA4A4075663F3C2B51C250C.e.985/click - {}
RESULT: {}
RESULT: {}
COMMAND: GET /session/f199610b81d2740d08c28d2a7b12bbb6/screenshot - {}
RESULT: {}
COMMAND: POST /session/f199610b81d2740d08c28d2a7b12bbb6/execute/sync - {"script":"<script> [299 bytes]","args":[["getModel","getResource"]]}
RESULT: {"script":"<script> [299 bytes]","args":[["getModel","getResource"]]}
]]></system-out>
    </testcase>
    <testcase classname="chrome.136_0_7103_93.windows.Stock_increase_-_with_WHM_US125587" name="Should create a new WHM site" time="112.303">
      <system-out><![CDATA[
COMMAND: POST /session/f199610b81d2740d08c28d2a7b12bbb6/execute/async - {"script":"<script> [1562 bytes]","args":[{"selector":{"controlType":"sap.m.GenericTile","properties":{"header":"Manage Sites"}},"wdio_ui5_key":"sapm.GenericTile{\"header\":\"Manage Sites\"}"}]}
COMMAND: GET /session/f199610b81d2740d08c28d2a7b12bbb6/screenshot - {}
RESULT: {"script":"<script> [1562 bytes]","args":[{"selector":{"controlType":"sap.m.GenericTile","properties":{"header":"Manage Sites"}},"wdio_ui5_key":"sapm.GenericTile{\"header\":\"Manage Sites\"}"}]}
RESULT: undefined
COMMAND: POST /session/f199610b81d2740d08c28d2a7b12bbb6/element - {"using":"xpath","value":"//*[@id=\"__tile40\"]"}
RESULT: {}
RESULT: {"using":"xpath","value":"//*[@id=\"__tile40\"]"}
COMMAND: POST /session/f199610b81d2740d08c28d2a7b12bbb6/element/f.2BFA133D83E8FE08190C073C8C008530.d.B910CBE04DA4A4075663F3C2B51C250C.e.128/click - {}
RESULT: {}
COMMAND: GET /session/f199610b81d2740d08c28d2a7b12bbb6/screenshot - {}
RESULT: {}
COMMAND: POST /session/f199610b81d2740d08c28d2a7b12bbb6/elements - {"using":"xpath","value":"//span[text()='Error']"}
RESULT: {"using":"xpath","value":"//span[text()='Error']"}
COMMAND: POST /session/f199610b81d2740d08c28d2a7b12bbb6/element - {"using":"xpath","value":"//button[@data-kt=\"addOverflowToolbarButton\"]"}
RESULT: {"using":"xpath","value":"//button[@data-kt=\"addOverflowToolbarButton\"]"}
COMMAND: POST /session/f199610b81d2740d08c28d2a7b12bbb6/elements - {"using":"xpath","value":"//button[@data-kt=\"addOverflowToolbarButton\"]"}
RESULT: {"using":"xpath","value":"//button[@data-kt=\"addOverflowToolbarButton\"]"}
COMMAND: POST /session/f199610b81d2740d08c28d2a7b12bbb6/execute/sync - {"script":"<script> [8489 bytes]","args":[{"element-6066-11e4-a52e-4f735466cecf":"f.2BFA133D83E8FE08190C073C8C008530.d.B910CBE04DA4A4075663F3C2B51C250C.e.1721","ELEMENT":"f.2BFA133D83E8FE08190C073C8C008530.d.B910CBE04DA4A4075663F3C2B51C250C.e.1721"}]}
RESULT: {"script":"<script> [8489 bytes]","args":[{"element-6066-11e4-a52e-4f735466cecf":"f.2BFA133D83E8FE08190C073C8C008530.d.B910CBE04DA4A4075663F3C2B51C250C.e.1721","ELEMENT":"f.2BFA133D83E8FE08190C073C8C008530.d.B910CBE04DA4A4075663F3C2B51C250C.e.1721"}]}
COMMAND: GET /session/f199610b81d2740d08c28d2a7b12bbb6/element/f.2BFA133D83E8FE08190C073C8C008530.d.B910CBE04DA4A4075663F3C2B51C250C.e.1721/enabled - {}
COMMAND: GET /session/f199610b81d2740d08c28d2a7b12bbb6/screenshot - {}
RESULT: {}
COMMAND: POST /session/f199610b81d2740d08c28d2a7b12bbb6/execute/sync - {"script":"<script> [8489 bytes]","args":[{"element-6066-11e4-a52e-4f735466cecf":"f.2BFA133D83E8FE08190C073C8C008530.d.B910CBE04DA4A4075663F3C2B51C250C.e.1721","ELEMENT":"f.2BFA133D83E8FE08190C073C8C008530.d.B910CBE04DA4A4075663F3C2B51C250C.e.1721"}]}
COMMAND: GET /session/f199610b81d2740d08c28d2a7b12bbb6/screenshot - {}
RESULT: {}
RESULT: {"script":"<script> [8489 bytes]","args":[{"element-6066-11e4-a52e-4f735466cecf":"f.2BFA133D83E8FE08190C073C8C008530.d.B910CBE04DA4A4075663F3C2B51C250C.e.1721","ELEMENT":"f.2BFA133D83E8FE08190C073C8C008530.d.B910CBE04DA4A4075663F3C2B51C250C.e.1721"}]}
COMMAND: POST /session/f199610b81d2740d08c28d2a7b12bbb6/execute/sync - {"script":"<script> [5351 bytes]","args":[{"element-6066-11e4-a52e-4f735466cecf":"f.2BFA133D83E8FE08190C073C8C008530.d.B910CBE04DA4A4075663F3C2B51C250C.e.1721","ELEMENT":"f.2BFA133D83E8FE08190C073C8C008530.d.B910CBE04DA4A4075663F3C2B51C250C.e.1721"}]}
COMMAND: GET /session/f199610b81d2740d08c28d2a7b12bbb6/screenshot - {}
RESULT: {}
RESULT: {"script":"<script> [5351 bytes]","args":[{"element-6066-11e4-a52e-4f735466cecf":"f.2BFA133D83E8FE08190C073C8C008530.d.B910CBE04DA4A4075663F3C2B51C250C.e.1721","ELEMENT":"f.2BFA133D83E8FE08190C073C8C008530.d.B910CBE04DA4A4075663F3C2B51C250C.e.1721"}]}
COMMAND: POST /session/f199610b81d2740d08c28d2a7b12bbb6/element/f.2BFA133D83E8FE08190C073C8C008530.d.B910CBE04DA4A4075663F3C2B51C250C.e.1721/click - {}
COMMAND: GET /session/f199610b81d2740d08c28d2a7b12bbb6/screenshot - {}
RESULT: {}
RESULT: {}
COMMAND: GET /session/f199610b81d2740d08c28d2a7b12bbb6/screenshot - {}
COMMAND: POST /session/f199610b81d2740d08c28d2a7b12bbb6/element - {"using":"xpath","value":"//input[@id=\"application-managesites-display-component---NewSite--siteId-inner\"]"}
RESULT: {}
RESULT: {}
RESULT: {"using":"xpath","value":"//input[@id=\"application-managesites-display-component---NewSite--siteId-inner\"]"}
COMMAND: POST /session/f199610b81d2740d08c28d2a7b12bbb6/element - {"using":"xpath","value":"//input[@id=\"application-managesites-display-component---NewSite--siteId-inner\"]"}
RESULT: {"using":"xpath","value":"//input[@id=\"application-managesites-display-component---NewSite--siteId-inner\"]"}
COMMAND: POST /session/f199610b81d2740d08c28d2a7b12bbb6/execute/async - {"script":"<script> [1562 bytes]","args":[{"selector":{"id":"application-managesites-display-component---NewSite--addressDetailDetailsName1","interaction":{"idSuffix":"inner"}},"wdio_ui5_key":"applicationmanagesites-display-component---NewSite--addressDetailDetailsName1"}]}
RESULT: {"script":"<script> [1562 bytes]","args":[{"selector":{"id":"application-managesites-display-component---NewSite--addressDetailDetailsName1","interaction":{"idSuffix":"inner"}},"wdio_ui5_key":"applicationmanagesites-display-component---NewSite--addressDetailDetailsName1"}]}
RESULT: undefined
COMMAND: POST /session/f199610b81d2740d08c28d2a7b12bbb6/execute/async - {"script":"<script> [776 bytes]","args":[{"enterText":"Warehouse Managed Site WDIO","selector":{"id":"application-managesites-display-component---NewSite--addressDetailDetailsName1","interaction":{"idSuffix":"inner"}},"clearTextFirst":true,"interactionType":"ENTER_TEXT"}]}
RESULT: {"script":"<script> [776 bytes]","args":[{"enterText":"Warehouse Managed Site WDIO","selector":{"id":"application-managesites-display-component---NewSite--addressDetailDetailsName1","interaction":{"idSuffix":"inner"}},"clearTextFirst":true,"interactionType":"ENTER_TEXT"}]}
COMMAND: POST /session/f199610b81d2740d08c28d2a7b12bbb6/execute/async - {"script":"<script> [1562 bytes]","args":[{"selector":{"id":"application-managesites-display-component---NewSite--addressDetailDetailsLanguage-arrow"},"wdio_ui5_key":"applicationmanagesites-display-component---NewSite--addressDetailDetailsLanguage-arrow"}]}
RESULT: {"script":"<script> [1562 bytes]","args":[{"selector":{"id":"application-managesites-display-component---NewSite--addressDetailDetailsLanguage-arrow"},"wdio_ui5_key":"applicationmanagesites-display-component---NewSite--addressDetailDetailsLanguage-arrow"}]}
RESULT: undefined
COMMAND: POST /session/f199610b81d2740d08c28d2a7b12bbb6/element - {"using":"xpath","value":"//*[@id=\"application-managesites-display-component---NewSite--addressDetailDetailsLanguage-arrow\"]"}
RESULT: {"using":"xpath","value":"//*[@id=\"application-managesites-display-component---NewSite--addressDetailDetailsLanguage-arrow\"]"}
COMMAND: POST /session/f199610b81d2740d08c28d2a7b12bbb6/element/f.2BFA133D83E8FE08190C073C8C008530.d.B910CBE04DA4A4075663F3C2B51C250C.e.2353/click - {}
RESULT: {}
COMMAND: POST /session/f199610b81d2740d08c28d2a7b12bbb6/element - {"using":"xpath","value":"//span[contains(text(), \"English\")]"}
COMMAND: GET /session/f199610b81d2740d08c28d2a7b12bbb6/screenshot - {}
RESULT: {"using":"xpath","value":"//span[contains(text(), \"English\")]"}
COMMAND: POST /session/f199610b81d2740d08c28d2a7b12bbb6/element/f.2BFA133D83E8FE08190C073C8C008530.d.B910CBE04DA4A4075663F3C2B51C250C.e.2354/click - {}
RESULT: {}
RESULT: {}
COMMAND: POST /session/f199610b81d2740d08c28d2a7b12bbb6/execute/async - {"script":"<script> [1562 bytes]","args":[{"selector":{"id":"application-managesites-display-component---NewSite--addressDetailDetailsCity1","interaction":{"idSuffix":"inner"}},"wdio_ui5_key":"applicationmanagesites-display-component---NewSite--addressDetailDetailsCity1"}]}
COMMAND: GET /session/f199610b81d2740d08c28d2a7b12bbb6/screenshot - {}
RESULT: {"script":"<script> [1562 bytes]","args":[{"selector":{"id":"application-managesites-display-component---NewSite--addressDetailDetailsCity1","interaction":{"idSuffix":"inner"}},"wdio_ui5_key":"applicationmanagesites-display-component---NewSite--addressDetailDetailsCity1"}]}
RESULT: undefined
COMMAND: POST /session/f199610b81d2740d08c28d2a7b12bbb6/execute/async - {"script":"<script> [776 bytes]","args":[{"enterText":"Rosario","selector":{"id":"application-managesites-display-component---NewSite--addressDetailDetailsCity1","interaction":{"idSuffix":"inner"}},"clearTextFirst":true,"interactionType":"ENTER_TEXT"}]}
RESULT: {}
RESULT: {"script":"<script> [776 bytes]","args":[{"enterText":"Rosario","selector":{"id":"application-managesites-display-component---NewSite--addressDetailDetailsCity1","interaction":{"idSuffix":"inner"}},"clearTextFirst":true,"interactionType":"ENTER_TEXT"}]}
COMMAND: POST /session/f199610b81d2740d08c28d2a7b12bbb6/execute/async - {"script":"<script> [1562 bytes]","args":[{"selector":{"id":"application-managesites-display-component---NewSite--addressDetailDetailsCountry-arrow"},"wdio_ui5_key":"applicationmanagesites-display-component---NewSite--addressDetailDetailsCountry-arrow"}]}
RESULT: {"script":"<script> [1562 bytes]","args":[{"selector":{"id":"application-managesites-display-component---NewSite--addressDetailDetailsCountry-arrow"},"wdio_ui5_key":"applicationmanagesites-display-component---NewSite--addressDetailDetailsCountry-arrow"}]}
RESULT: undefined
COMMAND: POST /session/f199610b81d2740d08c28d2a7b12bbb6/element - {"using":"xpath","value":"//*[@id=\"application-managesites-display-component---NewSite--addressDetailDetailsCountry-arrow\"]"}
RESULT: {"using":"xpath","value":"//*[@id=\"application-managesites-display-component---NewSite--addressDetailDetailsCountry-arrow\"]"}
COMMAND: POST /session/f199610b81d2740d08c28d2a7b12bbb6/element/f.2BFA133D83E8FE08190C073C8C008530.d.B910CBE04DA4A4075663F3C2B51C250C.e.2356/click - {}
RESULT: {}
COMMAND: POST /session/f199610b81d2740d08c28d2a7b12bbb6/element - {"using":"xpath","value":"//span[contains(text(), \"Argentina\")]"}
COMMAND: GET /session/f199610b81d2740d08c28d2a7b12bbb6/screenshot - {}
RESULT: {"using":"xpath","value":"//span[contains(text(), \"Argentina\")]"}
COMMAND: POST /session/f199610b81d2740d08c28d2a7b12bbb6/element/f.2BFA133D83E8FE08190C073C8C008530.d.B910CBE04DA4A4075663F3C2B51C250C.e.2357/click - {}
RESULT: {}
RESULT: {}
COMMAND: GET /session/f199610b81d2740d08c28d2a7b12bbb6/screenshot - {}
RESULT: {}
COMMAND: POST /session/f199610b81d2740d08c28d2a7b12bbb6/execute/async - {"script":"<script> [1562 bytes]","args":[{"selector":{"id":"application-managesites-display-component---NewSite--addressEditDetailsCostObjectCstType-arrow"},"wdio_ui5_key":"applicationmanagesites-display-component---NewSite--addressEditDetailsCostObjectCstType-arrow"}]}
RESULT: {"script":"<script> [1562 bytes]","args":[{"selector":{"id":"application-managesites-display-component---NewSite--addressEditDetailsCostObjectCstType-arrow"},"wdio_ui5_key":"applicationmanagesites-display-component---NewSite--addressEditDetailsCostObjectCstType-arrow"}]}
RESULT: undefined
COMMAND: POST /session/f199610b81d2740d08c28d2a7b12bbb6/element - {"using":"xpath","value":"//*[@id=\"application-managesites-display-component---NewSite--addressEditDetailsCostObjectCstType-arrow\"]"}
RESULT: {"using":"xpath","value":"//*[@id=\"application-managesites-display-component---NewSite--addressEditDetailsCostObjectCstType-arrow\"]"}
COMMAND: POST /session/f199610b81d2740d08c28d2a7b12bbb6/element/f.2BFA133D83E8FE08190C073C8C008530.d.B910CBE04DA4A4075663F3C2B51C250C.e.2359/click - {}
RESULT: {}
COMMAND: POST /session/f199610b81d2740d08c28d2a7b12bbb6/element - {"using":"xpath","value":"//span[contains(text(), \"Cost Center\")]"}
COMMAND: GET /session/f199610b81d2740d08c28d2a7b12bbb6/screenshot - {}
RESULT: {"using":"xpath","value":"//span[contains(text(), \"Cost Center\")]"}
COMMAND: POST /session/f199610b81d2740d08c28d2a7b12bbb6/element/f.2BFA133D83E8FE08190C073C8C008530.d.B910CBE04DA4A4075663F3C2B51C250C.e.2360/click - {}
RESULT: {}
RESULT: {}
COMMAND: GET /session/f199610b81d2740d08c28d2a7b12bbb6/screenshot - {}
RESULT: {}
COMMAND: POST /session/f199610b81d2740d08c28d2a7b12bbb6/element - {"using":"xpath","value":"//span[@id=\"application-managesites-display-component---NewSite--addressNewCostObjectCstID-vhi\"]"}
RESULT: {"using":"xpath","value":"//span[@id=\"application-managesites-display-component---NewSite--addressNewCostObjectCstID-vhi\"]"}
COMMAND: POST /session/f199610b81d2740d08c28d2a7b12bbb6/execute/sync - {"script":"<script> [8489 bytes]","args":[{"element-6066-11e4-a52e-4f735466cecf":"f.2BFA133D83E8FE08190C073C8C008530.d.B910CBE04DA4A4075663F3C2B51C250C.e.2365","ELEMENT":"f.2BFA133D83E8FE08190C073C8C008530.d.B910CBE04DA4A4075663F3C2B51C250C.e.2365"}]}
RESULT: {"script":"<script> [8489 bytes]","args":[{"element-6066-11e4-a52e-4f735466cecf":"f.2BFA133D83E8FE08190C073C8C008530.d.B910CBE04DA4A4075663F3C2B51C250C.e.2365","ELEMENT":"f.2BFA133D83E8FE08190C073C8C008530.d.B910CBE04DA4A4075663F3C2B51C250C.e.2365"}]}
COMMAND: POST /session/f199610b81d2740d08c28d2a7b12bbb6/execute/async - {"script":"<script> [1562 bytes]","args":[{"selector":{"id":"application-managesites-display-component---NewSite--addressNewCostObjectCstID-vhi"},"wdio_ui5_key":"applicationmanagesites-display-component---NewSite--addressNewCostObjectCstID-vhi"}]}
COMMAND: GET /session/f199610b81d2740d08c28d2a7b12bbb6/screenshot - {}
RESULT: {"script":"<script> [1562 bytes]","args":[{"selector":{"id":"application-managesites-display-component---NewSite--addressNewCostObjectCstID-vhi"},"wdio_ui5_key":"applicationmanagesites-display-component---NewSite--addressNewCostObjectCstID-vhi"}]}
RESULT: undefined
COMMAND: POST /session/f199610b81d2740d08c28d2a7b12bbb6/element - {"using":"xpath","value":"//*[@id=\"application-managesites-display-component---NewSite--addressNewCostObjectCstID-vhi\"]"}
RESULT: {}
RESULT: {"using":"xpath","value":"//*[@id=\"application-managesites-display-component---NewSite--addressNewCostObjectCstID-vhi\"]"}
COMMAND: POST /session/f199610b81d2740d08c28d2a7b12bbb6/element/f.2BFA133D83E8FE08190C073C8C008530.d.B910CBE04DA4A4075663F3C2B51C250C.e.2365/click - {}
RESULT: {}
COMMAND: GET /session/f199610b81d2740d08c28d2a7b12bbb6/screenshot - {}
RESULT: {}
RESULT: undefined
COMMAND: POST /session/f199610b81d2740d08c28d2a7b12bbb6/execute/async - {"script":"<script> [776 bytes]","args":[{"enterText":"10001013","selector":{"controlType":"sap.m.SearchField","properties":{"placeholder":"Search"},"searchOpenDialogs":true,"interaction":{"idSuffix":"I"}},"clearTextFirst":true,"interactionType":"ENTER_TEXT"}]}
RESULT: {"script":"<script> [776 bytes]","args":[{"enterText":"10001013","selector":{"controlType":"sap.m.SearchField","properties":{"placeholder":"Search"},"searchOpenDialogs":true,"interaction":{"idSuffix":"I"}},"clearTextFirst":true,"interactionType":"ENTER_TEXT"}]}
COMMAND: POST /session/f199610b81d2740d08c28d2a7b12bbb6/actions - {"actions":[{"id":"action3","type":"key","parameters":{},"actions":[{"type":"keyDown","value":"î€‡"},{"type":"pause","duration":10},{"type":"keyUp","value":"î€‡"}]}]}
RESULT: {"actions":[{"id":"action3","type":"key","parameters":{},"actions":[{"type":"keyDown","value":"î€‡"},{"type":"pause","duration":10},{"type":"keyUp","value":"î€‡"}]}]}
COMMAND: GET /session/f199610b81d2740d08c28d2a7b12bbb6/screenshot - {}
RESULT: {}
COMMAND: POST /session/f199610b81d2740d08c28d2a7b12bbb6/element - {"using":"xpath","value":"//span[contains(text(), \"General Management\")]"}
RESULT: {"using":"xpath","value":"//span[contains(text(), \"General Management\")]"}
COMMAND: POST /session/f199610b81d2740d08c28d2a7b12bbb6/element/f.2BFA133D83E8FE08190C073C8C008530.d.B910CBE04DA4A4075663F3C2B51C250C.e.2404/click - {}
RESULT: {}
COMMAND: GET /session/f199610b81d2740d08c28d2a7b12bbb6/screenshot - {}
RESULT: {}
COMMAND: POST /session/f199610b81d2740d08c28d2a7b12bbb6/element - {"using":"xpath","value":"//bdi[contains(text(), \"OK\")]"}
RESULT: {"using":"xpath","value":"//bdi[contains(text(), \"OK\")]"}
COMMAND: POST /session/f199610b81d2740d08c28d2a7b12bbb6/element/f.2BFA133D83E8FE08190C073C8C008530.d.B910CBE04DA4A4075663F3C2B51C250C.e.2405/click - {}
RESULT: {}
COMMAND: GET /session/f199610b81d2740d08c28d2a7b12bbb6/screenshot - {}
RESULT: {}
COMMAND: POST /session/f199610b81d2740d08c28d2a7b12bbb6/element - {"using":"xpath","value":"//input[@id=\"application-managesites-display-component---NewSite--addressDetailDetailsCalendar-inner\"]"}
RESULT: {"using":"xpath","value":"//input[@id=\"application-managesites-display-component---NewSite--addressDetailDetailsCalendar-inner\"]"}
COMMAND: POST /session/f199610b81d2740d08c28d2a7b12bbb6/element/f.2BFA133D83E8FE08190C073C8C008530.d.B910CBE04DA4A4075663F3C2B51C250C.e.2157/clear - {}
RESULT: {}
COMMAND: POST /session/f199610b81d2740d08c28d2a7b12bbb6/element/f.2BFA133D83E8FE08190C073C8C008530.d.B910CBE04DA4A4075663F3C2B51C250C.e.2157/value - {"text":"Unit"}
COMMAND: GET /session/f199610b81d2740d08c28d2a7b12bbb6/screenshot - {}
RESULT: {"text":"Unit"}
COMMAND: GET /session/f199610b81d2740d08c28d2a7b12bbb6/screenshot - {}
RESULT: {}
RESULT: {}
COMMAND: POST /session/f199610b81d2740d08c28d2a7b12bbb6/actions - {"actions":[{"id":"action4","type":"key","parameters":{},"actions":[{"type":"keyDown","value":"î€‡"},{"type":"pause","duration":10},{"type":"keyUp","value":"î€‡"}]}]}
RESULT: {"actions":[{"id":"action4","type":"key","parameters":{},"actions":[{"type":"keyDown","value":"î€‡"},{"type":"pause","duration":10},{"type":"keyUp","value":"î€‡"}]}]}
COMMAND: POST /session/f199610b81d2740d08c28d2a7b12bbb6/element - {"using":"xpath","value":"//input[@id=\"application-managesites-display-component---NewSite--addressDetailDetailsYard-inner\"]"}
COMMAND: GET /session/f199610b81d2740d08c28d2a7b12bbb6/screenshot - {}
RESULT: {"using":"xpath","value":"//input[@id=\"application-managesites-display-component---NewSite--addressDetailDetailsYard-inner\"]"}
COMMAND: POST /session/f199610b81d2740d08c28d2a7b12bbb6/element/f.2BFA133D83E8FE08190C073C8C008530.d.B910CBE04DA4A4075663F3C2B51C250C.e.2158/clear - {}
RESULT: {}
RESULT: {}
COMMAND: POST /session/f199610b81d2740d08c28d2a7b12bbb6/element/f.2BFA133D83E8FE08190C073C8C008530.d.B910CBE04DA4A4075663F3C2B51C250C.e.2158/value - {"text":"544"}
COMMAND: GET /session/f199610b81d2740d08c28d2a7b12bbb6/screenshot - {}
RESULT: {"text":"544"}
COMMAND: GET /session/f199610b81d2740d08c28d2a7b12bbb6/screenshot - {}
COMMAND: POST /session/f199610b81d2740d08c28d2a7b12bbb6/element - {"using":"xpath","value":"//li[.//span[text()='544']]"}
RESULT: {}
RESULT: {}
RESULT: {"using":"xpath","value":"//li[.//span[text()='544']]"}
COMMAND: POST /session/f199610b81d2740d08c28d2a7b12bbb6/element/f.2BFA133D83E8FE08190C073C8C008530.d.B910CBE04DA4A4075663F3C2B51C250C.e.2413/click - {}
RESULT: {}
COMMAND: GET /session/f199610b81d2740d08c28d2a7b12bbb6/screenshot - {}
RESULT: {}
COMMAND: POST /session/f199610b81d2740d08c28d2a7b12bbb6/element - {"using":"xpath","value":"//input[@id=\"application-managesites-display-component---NewSite--addressDetailDetailsPartner-inner\"]"}
RESULT: {"using":"xpath","value":"//input[@id=\"application-managesites-display-component---NewSite--addressDetailDetailsPartner-inner\"]"}
COMMAND: POST /session/f199610b81d2740d08c28d2a7b12bbb6/element - {"using":"xpath","value":"//input[@id=\"application-managesites-display-component---NewSite--addressDetailDetailsPartner-inner\"]"}
RESULT: {"using":"xpath","value":"//input[@id=\"application-managesites-display-component---NewSite--addressDetailDetailsPartner-inner\"]"}
COMMAND: POST /session/f199610b81d2740d08c28d2a7b12bbb6/execute/async - {"script":"<script> [1562 bytes]","args":[{"selector":{"id":"application-managesites-display-component---NewSite--siteWhmCheckBox-label","interaction":{"idSuffix":"bdi"}},"wdio_ui5_key":"applicationmanagesites-display-component---NewSite--siteWhmCheckBox-label"}]}
RESULT: {"script":"<script> [1562 bytes]","args":[{"selector":{"id":"application-managesites-display-component---NewSite--siteWhmCheckBox-label","interaction":{"idSuffix":"bdi"}},"wdio_ui5_key":"applicationmanagesites-display-component---NewSite--siteWhmCheckBox-label"}]}
RESULT: undefined
COMMAND: POST /session/f199610b81d2740d08c28d2a7b12bbb6/element - {"using":"xpath","value":"//*[@id=\"application-managesites-display-component---NewSite--siteWhmCheckBox-label\"]"}
RESULT: {"using":"xpath","value":"//*[@id=\"application-managesites-display-component---NewSite--siteWhmCheckBox-label\"]"}
COMMAND: POST /session/f199610b81d2740d08c28d2a7b12bbb6/element/f.2BFA133D83E8FE08190C073C8C008530.d.B910CBE04DA4A4075663F3C2B51C250C.e.2415/click - {}
RESULT: {}
COMMAND: GET /session/f199610b81d2740d08c28d2a7b12bbb6/screenshot - {}
RESULT: {}
COMMAND: POST /session/f199610b81d2740d08c28d2a7b12bbb6/element - {"using":"xpath","value":"//button[@data-kt=\"saveButton\"]"}
RESULT: {"using":"xpath","value":"//button[@data-kt=\"saveButton\"]"}
COMMAND: POST /session/f199610b81d2740d08c28d2a7b12bbb6/element/f.2BFA133D83E8FE08190C073C8C008530.d.B910CBE04DA4A4075663F3C2B51C250C.e.2272/click - {}
RESULT: {}
COMMAND: GET /session/f199610b81d2740d08c28d2a7b12bbb6/screenshot - {}
RESULT: {}
COMMAND: POST /session/f199610b81d2740d08c28d2a7b12bbb6/element - {"using":"xpath","value":"//header[contains(@id, 'ObjectPageLayout-headerTitle')]/div[1]/div[2]/div[2]/span[1]"}
RESULT: {"using":"xpath","value":"//header[contains(@id, 'ObjectPageLayout-headerTitle')]/div[1]/div[2]/div[2]/span[1]"}
COMMAND: POST /session/f199610b81d2740d08c28d2a7b12bbb6/elements - {"using":"xpath","value":"//header[contains(@id, 'ObjectPageLayout-headerTitle')]/div[1]/div[2]/div[2]/span[1]"}
RESULT: {"using":"xpath","value":"//header[contains(@id, 'ObjectPageLayout-headerTitle')]/div[1]/div[2]/div[2]/span[1]"}
COMMAND: POST /session/f199610b81d2740d08c28d2a7b12bbb6/execute/sync - {"script":"<script> [56 bytes]","args":[{"element-6066-11e4-a52e-4f735466cecf":"f.2BFA133D83E8FE08190C073C8C008530.d.B910CBE04DA4A4075663F3C2B51C250C.e.2618","ELEMENT":"f.2BFA133D83E8FE08190C073C8C008530.d.B910CBE04DA4A4075663F3C2B51C250C.e.2618"}]}
RESULT: {"script":"<script> [56 bytes]","args":[{"element-6066-11e4-a52e-4f735466cecf":"f.2BFA133D83E8FE08190C073C8C008530.d.B910CBE04DA4A4075663F3C2B51C250C.e.2618","ELEMENT":"f.2BFA133D83E8FE08190C073C8C008530.d.B910CBE04DA4A4075663F3C2B51C250C.e.2618"}]}
COMMAND: POST /session/f199610b81d2740d08c28d2a7b12bbb6/element - {"using":"css selector","value":"#shell-header-logo"}
COMMAND: GET /session/f199610b81d2740d08c28d2a7b12bbb6/screenshot - {}
RESULT: {"using":"css selector","value":"#shell-header-logo"}
COMMAND: POST /session/f199610b81d2740d08c28d2a7b12bbb6/element/f.2BFA133D83E8FE08190C073C8C008530.d.B910CBE04DA4A4075663F3C2B51C250C.e.1679/click - {}
RESULT: {}
RESULT: {}
COMMAND: GET /session/f199610b81d2740d08c28d2a7b12bbb6/screenshot - {}
RESULT: {}
COMMAND: POST /session/f199610b81d2740d08c28d2a7b12bbb6/execute/sync - {"script":"<script> [299 bytes]","args":[["getModel","getResource"]]}
RESULT: {"script":"<script> [299 bytes]","args":[["getModel","getResource"]]}
]]></system-out>
    </testcase>
    <testcase classname="chrome.136_0_7103_93.windows.Stock_increase_-_with_WHM_US125587" name="Should create a new material" time="125.698">
      <system-out><![CDATA[
COMMAND: GET /session/f199610b81d2740d08c28d2a7b12bbb6/screenshot - {}
COMMAND: POST /session/f199610b81d2740d08c28d2a7b12bbb6/execute/async - {"script":"<script> [1562 bytes]","args":[{"selector":{"controlType":"sap.m.GenericTile","properties":{"header":"Manage Resources"}},"wdio_ui5_key":"sapm.GenericTile{\"header\":\"Manage Resources\"}"}]}
RESULT: {}
RESULT: {"script":"<script> [1562 bytes]","args":[{"selector":{"controlType":"sap.m.GenericTile","properties":{"header":"Manage Resources"}},"wdio_ui5_key":"sapm.GenericTile{\"header\":\"Manage Resources\"}"}]}
RESULT: undefined
COMMAND: POST /session/f199610b81d2740d08c28d2a7b12bbb6/element - {"using":"xpath","value":"//*[@id=\"__tile39\"]"}
RESULT: {"using":"xpath","value":"//*[@id=\"__tile39\"]"}
COMMAND: POST /session/f199610b81d2740d08c28d2a7b12bbb6/element/f.2BFA133D83E8FE08190C073C8C008530.d.B910CBE04DA4A4075663F3C2B51C250C.e.125/click - {}
RESULT: {}
COMMAND: GET /session/f199610b81d2740d08c28d2a7b12bbb6/screenshot - {}
RESULT: {}
COMMAND: POST /session/f199610b81d2740d08c28d2a7b12bbb6/elements - {"using":"xpath","value":"//span[text()='Error']"}
RESULT: {"using":"xpath","value":"//span[text()='Error']"}
COMMAND: POST /session/f199610b81d2740d08c28d2a7b12bbb6/element - {"using":"xpath","value":"//button[@data-kt=\"addNewRUOverflowToolbarButton\"]"}
RESULT: {"using":"xpath","value":"//button[@data-kt=\"addNewRUOverflowToolbarButton\"]"}
COMMAND: POST /session/f199610b81d2740d08c28d2a7b12bbb6/elements - {"using":"xpath","value":"//button[@data-kt=\"addNewRUOverflowToolbarButton\"]"}
RESULT: {"using":"xpath","value":"//button[@data-kt=\"addNewRUOverflowToolbarButton\"]"}
COMMAND: POST /session/f199610b81d2740d08c28d2a7b12bbb6/elements - {"using":"xpath","value":"//button[@data-kt=\"addNewRUOverflowToolbarButton\"]"}
RESULT: {"using":"xpath","value":"//button[@data-kt=\"addNewRUOverflowToolbarButton\"]"}
COMMAND: POST /session/f199610b81d2740d08c28d2a7b12bbb6/elements - {"using":"xpath","value":"//button[@data-kt=\"addNewRUOverflowToolbarButton\"]"}
RESULT: {"using":"xpath","value":"//button[@data-kt=\"addNewRUOverflowToolbarButton\"]"}
COMMAND: POST /session/f199610b81d2740d08c28d2a7b12bbb6/elements - {"using":"xpath","value":"//button[@data-kt=\"addNewRUOverflowToolbarButton\"]"}
RESULT: {"using":"xpath","value":"//button[@data-kt=\"addNewRUOverflowToolbarButton\"]"}
COMMAND: POST /session/f199610b81d2740d08c28d2a7b12bbb6/elements - {"using":"xpath","value":"//button[@data-kt=\"addNewRUOverflowToolbarButton\"]"}
RESULT: {"using":"xpath","value":"//button[@data-kt=\"addNewRUOverflowToolbarButton\"]"}
COMMAND: POST /session/f199610b81d2740d08c28d2a7b12bbb6/elements - {"using":"xpath","value":"//button[@data-kt=\"addNewRUOverflowToolbarButton\"]"}
RESULT: {"using":"xpath","value":"//button[@data-kt=\"addNewRUOverflowToolbarButton\"]"}
COMMAND: POST /session/f199610b81d2740d08c28d2a7b12bbb6/element - {"using":"xpath","value":"//button[@data-kt=\"addNewRUOverflowToolbarButton\"]"}
RESULT: {"using":"xpath","value":"//button[@data-kt=\"addNewRUOverflowToolbarButton\"]"}
COMMAND: POST /session/f199610b81d2740d08c28d2a7b12bbb6/execute/sync - {"script":"<script> [8489 bytes]","args":[{"element-6066-11e4-a52e-4f735466cecf":"f.2BFA133D83E8FE08190C073C8C008530.d.B910CBE04DA4A4075663F3C2B51C250C.e.2650","ELEMENT":"f.2BFA133D83E8FE08190C073C8C008530.d.B910CBE04DA4A4075663F3C2B51C250C.e.2650"}]}
RESULT: {"script":"<script> [8489 bytes]","args":[{"element-6066-11e4-a52e-4f735466cecf":"f.2BFA133D83E8FE08190C073C8C008530.d.B910CBE04DA4A4075663F3C2B51C250C.e.2650","ELEMENT":"f.2BFA133D83E8FE08190C073C8C008530.d.B910CBE04DA4A4075663F3C2B51C250C.e.2650"}]}
COMMAND: GET /session/f199610b81d2740d08c28d2a7b12bbb6/element/f.2BFA133D83E8FE08190C073C8C008530.d.B910CBE04DA4A4075663F3C2B51C250C.e.2650/enabled - {}
COMMAND: GET /session/f199610b81d2740d08c28d2a7b12bbb6/screenshot - {}
RESULT: {}
COMMAND: POST /session/f199610b81d2740d08c28d2a7b12bbb6/execute/sync - {"script":"<script> [8489 bytes]","args":[{"element-6066-11e4-a52e-4f735466cecf":"f.2BFA133D83E8FE08190C073C8C008530.d.B910CBE04DA4A4075663F3C2B51C250C.e.2650","ELEMENT":"f.2BFA133D83E8FE08190C073C8C008530.d.B910CBE04DA4A4075663F3C2B51C250C.e.2650"}]}
COMMAND: GET /session/f199610b81d2740d08c28d2a7b12bbb6/screenshot - {}
RESULT: {}
RESULT: {"script":"<script> [8489 bytes]","args":[{"element-6066-11e4-a52e-4f735466cecf":"f.2BFA133D83E8FE08190C073C8C008530.d.B910CBE04DA4A4075663F3C2B51C250C.e.2650","ELEMENT":"f.2BFA133D83E8FE08190C073C8C008530.d.B910CBE04DA4A4075663F3C2B51C250C.e.2650"}]}
COMMAND: POST /session/f199610b81d2740d08c28d2a7b12bbb6/execute/sync - {"script":"<script> [5351 bytes]","args":[{"element-6066-11e4-a52e-4f735466cecf":"f.2BFA133D83E8FE08190C073C8C008530.d.B910CBE04DA4A4075663F3C2B51C250C.e.2650","ELEMENT":"f.2BFA133D83E8FE08190C073C8C008530.d.B910CBE04DA4A4075663F3C2B51C250C.e.2650"}]}
COMMAND: GET /session/f199610b81d2740d08c28d2a7b12bbb6/screenshot - {}
RESULT: {}
RESULT: {"script":"<script> [5351 bytes]","args":[{"element-6066-11e4-a52e-4f735466cecf":"f.2BFA133D83E8FE08190C073C8C008530.d.B910CBE04DA4A4075663F3C2B51C250C.e.2650","ELEMENT":"f.2BFA133D83E8FE08190C073C8C008530.d.B910CBE04DA4A4075663F3C2B51C250C.e.2650"}]}
COMMAND: POST /session/f199610b81d2740d08c28d2a7b12bbb6/element/f.2BFA133D83E8FE08190C073C8C008530.d.B910CBE04DA4A4075663F3C2B51C250C.e.2650/click - {}
COMMAND: GET /session/f199610b81d2740d08c28d2a7b12bbb6/screenshot - {}
RESULT: {}
RESULT: {}
COMMAND: GET /session/f199610b81d2740d08c28d2a7b12bbb6/screenshot - {}
RESULT: {}
COMMAND: POST /session/f199610b81d2740d08c28d2a7b12bbb6/execute/async - {"script":"<script> [1562 bytes]","args":[{"selector":{"id":"application-manageresources-display-component---newResourceUnit--TYPE-arrow"},"wdio_ui5_key":"applicationmanageresources-display-component---newResourceUnit--TYPE-arrow"}]}
RESULT: {}
RESULT: {"script":"<script> [1562 bytes]","args":[{"selector":{"id":"application-manageresources-display-component---newResourceUnit--TYPE-arrow"},"wdio_ui5_key":"applicationmanageresources-display-component---newResourceUnit--TYPE-arrow"}]}
RESULT: undefined
COMMAND: POST /session/f199610b81d2740d08c28d2a7b12bbb6/element - {"using":"xpath","value":"//*[@id=\"application-manageresources-display-component---newResourceUnit--TYPE-arrow\"]"}
RESULT: {"using":"xpath","value":"//*[@id=\"application-manageresources-display-component---newResourceUnit--TYPE-arrow\"]"}
COMMAND: POST /session/f199610b81d2740d08c28d2a7b12bbb6/element/f.2BFA133D83E8FE08190C073C8C008530.d.B910CBE04DA4A4075663F3C2B51C250C.e.3005/click - {}
RESULT: {}
COMMAND: POST /session/f199610b81d2740d08c28d2a7b12bbb6/element - {"using":"xpath","value":"//input[@id=\"application-manageresources-display-component---newResourceUnit--TYPE-inner\"]"}
COMMAND: GET /session/f199610b81d2740d08c28d2a7b12bbb6/screenshot - {}
RESULT: {"using":"xpath","value":"//input[@id=\"application-manageresources-display-component---newResourceUnit--TYPE-inner\"]"}
COMMAND: POST /session/f199610b81d2740d08c28d2a7b12bbb6/element/f.2BFA133D83E8FE08190C073C8C008530.d.B910CBE04DA4A4075663F3C2B51C250C.e.3001/clear - {}
RESULT: {}
RESULT: {}
COMMAND: POST /session/f199610b81d2740d08c28d2a7b12bbb6/element/f.2BFA133D83E8FE08190C073C8C008530.d.B910CBE04DA4A4075663F3C2B51C250C.e.3001/value - {"text":"Material"}
COMMAND: GET /session/f199610b81d2740d08c28d2a7b12bbb6/screenshot - {}
RESULT: {"text":"Material"}
COMMAND: GET /session/f199610b81d2740d08c28d2a7b12bbb6/screenshot - {}
RESULT: {}
RESULT: {}
COMMAND: POST /session/f199610b81d2740d08c28d2a7b12bbb6/actions - {"actions":[{"id":"action5","type":"key","parameters":{},"actions":[{"type":"keyDown","value":"î€‡"},{"type":"pause","duration":10},{"type":"keyUp","value":"î€‡"}]}]}
RESULT: {"actions":[{"id":"action5","type":"key","parameters":{},"actions":[{"type":"keyDown","value":"î€‡"},{"type":"pause","duration":10},{"type":"keyUp","value":"î€‡"}]}]}
COMMAND: POST /session/f199610b81d2740d08c28d2a7b12bbb6/execute/async - {"script":"<script> [1562 bytes]","args":[{"selector":{"id":"application-manageresources-display-component---newResourceUnit--SHORT_TEXT","interaction":{"idSuffix":"inner"}},"wdio_ui5_key":"applicationmanageresources-display-component---newResourceUnit--SHORT_TEXT"}]}
COMMAND: GET /session/f199610b81d2740d08c28d2a7b12bbb6/screenshot - {}
RESULT: {"script":"<script> [1562 bytes]","args":[{"selector":{"id":"application-manageresources-display-component---newResourceUnit--SHORT_TEXT","interaction":{"idSuffix":"inner"}},"wdio_ui5_key":"applicationmanageresources-display-component---newResourceUnit--SHORT_TEXT"}]}
RESULT: undefined
COMMAND: POST /session/f199610b81d2740d08c28d2a7b12bbb6/execute/async - {"script":"<script> [776 bytes]","args":[{"enterText":"Cement WDIO","selector":{"id":"application-manageresources-display-component---newResourceUnit--SHORT_TEXT","interaction":{"idSuffix":"inner"}},"clearTextFirst":true,"interactionType":"ENTER_TEXT"}]}
RESULT: {}
RESULT: {"script":"<script> [776 bytes]","args":[{"enterText":"Cement WDIO","selector":{"id":"application-manageresources-display-component---newResourceUnit--SHORT_TEXT","interaction":{"idSuffix":"inner"}},"clearTextFirst":true,"interactionType":"ENTER_TEXT"}]}
COMMAND: POST /session/f199610b81d2740d08c28d2a7b12bbb6/execute/async - {"script":"<script> [1562 bytes]","args":[{"selector":{"id":"application-manageresources-display-component---newResourceUnit--BASE_UNIT_OF_MEASURE","interaction":{"idSuffix":"inner"}},"wdio_ui5_key":"applicationmanageresources-display-component---newResourceUnit--BASE_UNIT_OF_MEASURE"}]}
RESULT: {"script":"<script> [1562 bytes]","args":[{"selector":{"id":"application-manageresources-display-component---newResourceUnit--BASE_UNIT_OF_MEASURE","interaction":{"idSuffix":"inner"}},"wdio_ui5_key":"applicationmanageresources-display-component---newResourceUnit--BASE_UNIT_OF_MEASURE"}]}
RESULT: undefined
COMMAND: POST /session/f199610b81d2740d08c28d2a7b12bbb6/execute/async - {"script":"<script> [776 bytes]","args":[{"enterText":"Piece","selector":{"id":"application-manageresources-display-component---newResourceUnit--BASE_UNIT_OF_MEASURE","interaction":{"idSuffix":"inner"}},"clearTextFirst":true,"interactionType":"ENTER_TEXT"}]}
RESULT: {"script":"<script> [776 bytes]","args":[{"enterText":"Piece","selector":{"id":"application-manageresources-display-component---newResourceUnit--BASE_UNIT_OF_MEASURE","interaction":{"idSuffix":"inner"}},"clearTextFirst":true,"interactionType":"ENTER_TEXT"}]}
COMMAND: POST /session/f199610b81d2740d08c28d2a7b12bbb6/execute/async - {"script":"<script> [1562 bytes]","args":[{"selector":{"id":"application-manageresources-display-component---newResourceUnit--WEIGHT_UNIT","interaction":{"idSuffix":"inner"}},"wdio_ui5_key":"applicationmanageresources-display-component---newResourceUnit--WEIGHT_UNIT"}]}
RESULT: {"script":"<script> [1562 bytes]","args":[{"selector":{"id":"application-manageresources-display-component---newResourceUnit--WEIGHT_UNIT","interaction":{"idSuffix":"inner"}},"wdio_ui5_key":"applicationmanageresources-display-component---newResourceUnit--WEIGHT_UNIT"}]}
RESULT: undefined
COMMAND: POST /session/f199610b81d2740d08c28d2a7b12bbb6/execute/async - {"script":"<script> [776 bytes]","args":[{"enterText":"Gram","selector":{"id":"application-manageresources-display-component---newResourceUnit--WEIGHT_UNIT","interaction":{"idSuffix":"inner"}},"clearTextFirst":true,"interactionType":"ENTER_TEXT"}]}
RESULT: {"script":"<script> [776 bytes]","args":[{"enterText":"Gram","selector":{"id":"application-manageresources-display-component---newResourceUnit--WEIGHT_UNIT","interaction":{"idSuffix":"inner"}},"clearTextFirst":true,"interactionType":"ENTER_TEXT"}]}
COMMAND: POST /session/f199610b81d2740d08c28d2a7b12bbb6/execute/async - {"script":"<script> [1562 bytes]","args":[{"selector":{"id":"application-manageresources-display-component---newResourceUnit--DIMENSION_UNIT","interaction":{"idSuffix":"inner"}},"wdio_ui5_key":"applicationmanageresources-display-component---newResourceUnit--DIMENSION_UNIT"}]}
RESULT: {"script":"<script> [1562 bytes]","args":[{"selector":{"id":"application-manageresources-display-component---newResourceUnit--DIMENSION_UNIT","interaction":{"idSuffix":"inner"}},"wdio_ui5_key":"applicationmanageresources-display-component---newResourceUnit--DIMENSION_UNIT"}]}
RESULT: undefined
COMMAND: POST /session/f199610b81d2740d08c28d2a7b12bbb6/execute/async - {"script":"<script> [776 bytes]","args":[{"enterText":"Meter","selector":{"id":"application-manageresources-display-component---newResourceUnit--DIMENSION_UNIT","interaction":{"idSuffix":"inner"}},"clearTextFirst":true,"interactionType":"ENTER_TEXT"}]}
RESULT: {"script":"<script> [776 bytes]","args":[{"enterText":"Meter","selector":{"id":"application-manageresources-display-component---newResourceUnit--DIMENSION_UNIT","interaction":{"idSuffix":"inner"}},"clearTextFirst":true,"interactionType":"ENTER_TEXT"}]}
COMMAND: POST /session/f199610b81d2740d08c28d2a7b12bbb6/execute/async - {"script":"<script> [1562 bytes]","args":[{"selector":{"id":"application-manageresources-display-component---newResourceUnit--newRRUPage-anchBar-application-manageresources-display-component---newResourceUnit--control-anchor","interaction":{"idSuffix":"BDI-content"}},"wdio_ui5_key":"applicationmanageresources-display-component---newResourceUnit--newRRUPage-anchBar-application-manageresources-display-component---newResourceUnit--control-anchor"}]}
RESULT: {"script":"<script> [1562 bytes]","args":[{"selector":{"id":"application-manageresources-display-component---newResourceUnit--newRRUPage-anchBar-application-manageresources-display-component---newResourceUnit--control-anchor","interaction":{"idSuffix":"BDI-content"}},"wdio_ui5_key":"applicationmanageresources-display-component---newResourceUnit--newRRUPage-anchBar-application-manageresources-display-component---newResourceUnit--control-anchor"}]}
RESULT: undefined
COMMAND: POST /session/f199610b81d2740d08c28d2a7b12bbb6/element - {"using":"xpath","value":"//*[@id=\"application-manageresources-display-component---newResourceUnit--newRRUPage-anchBar-application-manageresources-display-component---newResourceUnit--control-anchor\"]"}
RESULT: {"using":"xpath","value":"//*[@id=\"application-manageresources-display-component---newResourceUnit--newRRUPage-anchBar-application-manageresources-display-component---newResourceUnit--control-anchor\"]"}
COMMAND: POST /session/f199610b81d2740d08c28d2a7b12bbb6/element/f.2BFA133D83E8FE08190C073C8C008530.d.B910CBE04DA4A4075663F3C2B51C250C.e.3070/click - {}
RESULT: {}
COMMAND: POST /session/f199610b81d2740d08c28d2a7b12bbb6/execute/async - {"script":"<script> [1562 bytes]","args":[{"selector":{"id":"application-manageresources-display-component---newResourceUnit--PLANNING_GROUP","interaction":{"idSuffix":"inner"}},"wdio_ui5_key":"applicationmanageresources-display-component---newResourceUnit--PLANNING_GROUP"}]}
COMMAND: GET /session/f199610b81d2740d08c28d2a7b12bbb6/screenshot - {}
RESULT: {"script":"<script> [1562 bytes]","args":[{"selector":{"id":"application-manageresources-display-component---newResourceUnit--PLANNING_GROUP","interaction":{"idSuffix":"inner"}},"wdio_ui5_key":"applicationmanageresources-display-component---newResourceUnit--PLANNING_GROUP"}]}
RESULT: undefined
COMMAND: POST /session/f199610b81d2740d08c28d2a7b12bbb6/execute/async - {"script":"<script> [776 bytes]","args":[{"enterText":"Material","selector":{"id":"application-manageresources-display-component---newResourceUnit--PLANNING_GROUP","interaction":{"idSuffix":"inner"}},"clearTextFirst":true,"interactionType":"ENTER_TEXT"}]}
RESULT: {}
RESULT: {"script":"<script> [776 bytes]","args":[{"enterText":"Material","selector":{"id":"application-manageresources-display-component---newResourceUnit--PLANNING_GROUP","interaction":{"idSuffix":"inner"}},"clearTextFirst":true,"interactionType":"ENTER_TEXT"}]}
COMMAND: POST /session/f199610b81d2740d08c28d2a7b12bbb6/execute/async - {"script":"<script> [1562 bytes]","args":[{"selector":{"id":"application-manageresources-display-component---newResourceUnit--PLANNING_INDICATOR","interaction":{"idSuffix":"inner"}},"wdio_ui5_key":"applicationmanageresources-display-component---newResourceUnit--PLANNING_INDICATOR"}]}
RESULT: {"script":"<script> [1562 bytes]","args":[{"selector":{"id":"application-manageresources-display-component---newResourceUnit--PLANNING_INDICATOR","interaction":{"idSuffix":"inner"}},"wdio_ui5_key":"applicationmanageresources-display-component---newResourceUnit--PLANNING_INDICATOR"}]}
RESULT: undefined
COMMAND: POST /session/f199610b81d2740d08c28d2a7b12bbb6/execute/async - {"script":"<script> [776 bytes]","args":[{"enterText":"10 - infinite","selector":{"id":"application-manageresources-display-component---newResourceUnit--PLANNING_INDICATOR","interaction":{"idSuffix":"inner"}},"clearTextFirst":true,"interactionType":"ENTER_TEXT"}]}
RESULT: {"script":"<script> [776 bytes]","args":[{"enterText":"10 - infinite","selector":{"id":"application-manageresources-display-component---newResourceUnit--PLANNING_INDICATOR","interaction":{"idSuffix":"inner"}},"clearTextFirst":true,"interactionType":"ENTER_TEXT"}]}
COMMAND: POST /session/f199610b81d2740d08c28d2a7b12bbb6/element - {"using":"css selector","value":"#application-manageresources-display-component---newResourceUnit--btnAddTimeSegment"}
RESULT: {"using":"css selector","value":"#application-manageresources-display-component---newResourceUnit--btnAddTimeSegment"}
COMMAND: GET /session/f199610b81d2740d08c28d2a7b12bbb6/element/f.2BFA133D83E8FE08190C073C8C008530.d.B910CBE04DA4A4075663F3C2B51C250C.e.3080/rect - {}
RESULT: {}
COMMAND: GET /session/f199610b81d2740d08c28d2a7b12bbb6/window/rect - {}
RESULT: {}
COMMAND: POST /session/f199610b81d2740d08c28d2a7b12bbb6/execute/sync - {"script":"<script> [92 bytes]","args":[]}
RESULT: {"script":"<script> [92 bytes]","args":[]}
COMMAND: POST /session/f199610b81d2740d08c28d2a7b12bbb6/actions - {"actions":[{"id":"action6","type":"wheel","parameters":{},"actions":[{"type":"scroll","x":-1888,"y":-32,"deltaX":0,"deltaY":0,"duration":0,"origin":{"element-6066-11e4-a52e-4f735466cecf":"f.2BFA133D83E8FE08190C073C8C008530.d.B910CBE04DA4A4075663F3C2B51C250C.e.3080"}}]}]}
COMMAND: GET /session/f199610b81d2740d08c28d2a7b12bbb6/screenshot - {}
RESULT: {}
COMMAND: POST /session/f199610b81d2740d08c28d2a7b12bbb6/execute/sync - {"script":"<script> [79 bytes]","args":[{"element-6066-11e4-a52e-4f735466cecf":"f.2BFA133D83E8FE08190C073C8C008530.d.B910CBE04DA4A4075663F3C2B51C250C.e.3080","ELEMENT":"f.2BFA133D83E8FE08190C073C8C008530.d.B910CBE04DA4A4075663F3C2B51C250C.e.3080"},{"block":"start","inline":"nearest"}]}
RESULT: {"script":"<script> [79 bytes]","args":[{"element-6066-11e4-a52e-4f735466cecf":"f.2BFA133D83E8FE08190C073C8C008530.d.B910CBE04DA4A4075663F3C2B51C250C.e.3080","ELEMENT":"f.2BFA133D83E8FE08190C073C8C008530.d.B910CBE04DA4A4075663F3C2B51C250C.e.3080"},{"block":"start","inline":"nearest"}]}
COMMAND: POST /session/f199610b81d2740d08c28d2a7b12bbb6/execute/async - {"script":"<script> [1562 bytes]","args":[{"selector":{"id":"application-manageresources-display-component---newResourceUnit--btnAddTimeSegment","interaction":{"idSuffix":"inner"}},"wdio_ui5_key":"applicationmanageresources-display-component---newResourceUnit--btnAddTimeSegment"}]}
COMMAND: GET /session/f199610b81d2740d08c28d2a7b12bbb6/screenshot - {}
RESULT: {"script":"<script> [1562 bytes]","args":[{"selector":{"id":"application-manageresources-display-component---newResourceUnit--btnAddTimeSegment","interaction":{"idSuffix":"inner"}},"wdio_ui5_key":"applicationmanageresources-display-component---newResourceUnit--btnAddTimeSegment"}]}
RESULT: undefined
COMMAND: POST /session/f199610b81d2740d08c28d2a7b12bbb6/element - {"using":"xpath","value":"//*[@id=\"application-manageresources-display-component---newResourceUnit--btnAddTimeSegment\"]"}
RESULT: {}
RESULT: {"using":"xpath","value":"//*[@id=\"application-manageresources-display-component---newResourceUnit--btnAddTimeSegment\"]"}
COMMAND: POST /session/f199610b81d2740d08c28d2a7b12bbb6/element/f.2BFA133D83E8FE08190C073C8C008530.d.B910CBE04DA4A4075663F3C2B51C250C.e.3080/click - {}
RESULT: {}
COMMAND: GET /session/f199610b81d2740d08c28d2a7b12bbb6/screenshot - {}
RESULT: {}
COMMAND: POST /session/f199610b81d2740d08c28d2a7b12bbb6/element - {"using":"xpath","value":"//input[@id=\"application-manageresources-display-component---newResourceUnit--idRuTSAdmin-application-manageresources-display-component---newResourceUnit--RUTimeSegment-0-inner\"]"}
RESULT: {"using":"xpath","value":"//input[@id=\"application-manageresources-display-component---newResourceUnit--idRuTSAdmin-application-manageresources-display-component---newResourceUnit--RUTimeSegment-0-inner\"]"}
COMMAND: POST /session/f199610b81d2740d08c28d2a7b12bbb6/element/f.2BFA133D83E8FE08190C073C8C008530.d.B910CBE04DA4A4075663F3C2B51C250C.e.3085/clear - {}
RESULT: {}
COMMAND: POST /session/f199610b81d2740d08c28d2a7b12bbb6/element/f.2BFA133D83E8FE08190C073C8C008530.d.B910CBE04DA4A4075663F3C2B51C250C.e.3085/value - {"text":"544"}
COMMAND: GET /session/f199610b81d2740d08c28d2a7b12bbb6/screenshot - {}
RESULT: {"text":"544"}
COMMAND: GET /session/f199610b81d2740d08c28d2a7b12bbb6/screenshot - {}
RESULT: {}
RESULT: {}
COMMAND: POST /session/f199610b81d2740d08c28d2a7b12bbb6/element - {"using":"xpath","value":"//li[.//span[text()='544']]"}
RESULT: {"using":"xpath","value":"//li[.//span[text()='544']]"}
COMMAND: POST /session/f199610b81d2740d08c28d2a7b12bbb6/element/f.2BFA133D83E8FE08190C073C8C008530.d.B910CBE04DA4A4075663F3C2B51C250C.e.3094/click - {}
RESULT: {}
COMMAND: GET /session/f199610b81d2740d08c28d2a7b12bbb6/screenshot - {}
RESULT: {}
COMMAND: POST /session/f199610b81d2740d08c28d2a7b12bbb6/element - {"using":"xpath","value":"(//span[contains(@id, \"-application-manageresources-display-component---newResourceUnit--RUTimeSegment-0-arrow\")])[2]"}
RESULT: {"using":"xpath","value":"(//span[contains(@id, \"-application-manageresources-display-component---newResourceUnit--RUTimeSegment-0-arrow\")])[2]"}
COMMAND: POST /session/f199610b81d2740d08c28d2a7b12bbb6/element/f.2BFA133D83E8FE08190C073C8C008530.d.B910CBE04DA4A4075663F3C2B51C250C.e.3095/click - {}
RESULT: {}
COMMAND: POST /session/f199610b81d2740d08c28d2a7b12bbb6/element - {"using":"xpath","value":"//span[contains(text(), \"PM Order\")]"}
COMMAND: GET /session/f199610b81d2740d08c28d2a7b12bbb6/screenshot - {}
RESULT: {"using":"xpath","value":"//span[contains(text(), \"PM Order\")]"}
COMMAND: POST /session/f199610b81d2740d08c28d2a7b12bbb6/element/f.2BFA133D83E8FE08190C073C8C008530.d.B910CBE04DA4A4075663F3C2B51C250C.e.3096/click - {}
RESULT: {}
RESULT: {}
COMMAND: GET /session/f199610b81d2740d08c28d2a7b12bbb6/screenshot - {}
RESULT: {}
COMMAND: POST /session/f199610b81d2740d08c28d2a7b12bbb6/element - {"using":"xpath","value":"//td/div/div/div/span[contains(@id, \"newResourceUnit--RUTimeSegment-0-vhi\")][1]"}
RESULT: {"using":"xpath","value":"//td/div/div/div/span[contains(@id, \"newResourceUnit--RUTimeSegment-0-vhi\")][1]"}
COMMAND: GET /session/f199610b81d2740d08c28d2a7b12bbb6/element/f.2BFA133D83E8FE08190C073C8C008530.d.B910CBE04DA4A4075663F3C2B51C250C.e.3100/rect - {}
RESULT: {}
COMMAND: GET /session/f199610b81d2740d08c28d2a7b12bbb6/window/rect - {}
RESULT: {}
COMMAND: POST /session/f199610b81d2740d08c28d2a7b12bbb6/execute/sync - {"script":"<script> [92 bytes]","args":[]}
RESULT: {"script":"<script> [92 bytes]","args":[]}
COMMAND: POST /session/f199610b81d2740d08c28d2a7b12bbb6/actions - {"actions":[{"id":"action7","type":"wheel","parameters":{},"actions":[{"type":"scroll","x":-1888,"y":-24,"deltaX":0,"deltaY":0,"duration":0,"origin":{"element-6066-11e4-a52e-4f735466cecf":"f.2BFA133D83E8FE08190C073C8C008530.d.B910CBE04DA4A4075663F3C2B51C250C.e.3100"}}]}]}
COMMAND: GET /session/f199610b81d2740d08c28d2a7b12bbb6/screenshot - {}
RESULT: {}
COMMAND: POST /session/f199610b81d2740d08c28d2a7b12bbb6/execute/sync - {"script":"<script> [79 bytes]","args":[{"element-6066-11e4-a52e-4f735466cecf":"f.2BFA133D83E8FE08190C073C8C008530.d.B910CBE04DA4A4075663F3C2B51C250C.e.3100","ELEMENT":"f.2BFA133D83E8FE08190C073C8C008530.d.B910CBE04DA4A4075663F3C2B51C250C.e.3100"},{"block":"start","inline":"nearest"}]}
RESULT: {"script":"<script> [79 bytes]","args":[{"element-6066-11e4-a52e-4f735466cecf":"f.2BFA133D83E8FE08190C073C8C008530.d.B910CBE04DA4A4075663F3C2B51C250C.e.3100","ELEMENT":"f.2BFA133D83E8FE08190C073C8C008530.d.B910CBE04DA4A4075663F3C2B51C250C.e.3100"},{"block":"start","inline":"nearest"}]}
COMMAND: GET /session/f199610b81d2740d08c28d2a7b12bbb6/screenshot - {}
RESULT: {}
COMMAND: POST /session/f199610b81d2740d08c28d2a7b12bbb6/element/f.2BFA133D83E8FE08190C073C8C008530.d.B910CBE04DA4A4075663F3C2B51C250C.e.3100/click - {}
RESULT: {}
COMMAND: GET /session/f199610b81d2740d08c28d2a7b12bbb6/screenshot - {}
RESULT: {}
RESULT: undefined
COMMAND: POST /session/f199610b81d2740d08c28d2a7b12bbb6/execute/async - {"script":"<script> [776 bytes]","args":[{"enterText":"4000360","selector":{"controlType":"sap.m.SearchField","properties":{"placeholder":"Search"},"searchOpenDialogs":true,"interaction":{"idSuffix":"I"}},"clearTextFirst":true,"interactionType":"ENTER_TEXT"}]}
RESULT: {"script":"<script> [776 bytes]","args":[{"enterText":"4000360","selector":{"controlType":"sap.m.SearchField","properties":{"placeholder":"Search"},"searchOpenDialogs":true,"interaction":{"idSuffix":"I"}},"clearTextFirst":true,"interactionType":"ENTER_TEXT"}]}
COMMAND: POST /session/f199610b81d2740d08c28d2a7b12bbb6/actions - {"actions":[{"id":"action8","type":"key","parameters":{},"actions":[{"type":"keyDown","value":"î€‡"},{"type":"pause","duration":10},{"type":"keyUp","value":"î€‡"}]}]}
RESULT: {"actions":[{"id":"action8","type":"key","parameters":{},"actions":[{"type":"keyDown","value":"î€‡"},{"type":"pause","duration":10},{"type":"keyUp","value":"î€‡"}]}]}
COMMAND: GET /session/f199610b81d2740d08c28d2a7b12bbb6/screenshot - {}
RESULT: {}
COMMAND: POST /session/f199610b81d2740d08c28d2a7b12bbb6/element - {"using":"xpath","value":"//td/div/span[contains(text(), \"BGL Vehicles\")]"}
RESULT: {"using":"xpath","value":"//td/div/span[contains(text(), \"BGL Vehicles\")]"}
COMMAND: POST /session/f199610b81d2740d08c28d2a7b12bbb6/element/f.2BFA133D83E8FE08190C073C8C008530.d.B910CBE04DA4A4075663F3C2B51C250C.e.3119/click - {}
RESULT: {}
COMMAND: GET /session/f199610b81d2740d08c28d2a7b12bbb6/screenshot - {}
RESULT: {}
COMMAND: POST /session/f199610b81d2740d08c28d2a7b12bbb6/element - {"using":"xpath","value":"//bdi[contains(text(), \"OK\")]"}
RESULT: {"using":"xpath","value":"//bdi[contains(text(), \"OK\")]"}
COMMAND: POST /session/f199610b81d2740d08c28d2a7b12bbb6/element/f.2BFA133D83E8FE08190C073C8C008530.d.B910CBE04DA4A4075663F3C2B51C250C.e.3120/click - {}
RESULT: {}
COMMAND: GET /session/f199610b81d2740d08c28d2a7b12bbb6/screenshot - {}
RESULT: {}
COMMAND: POST /session/f199610b81d2740d08c28d2a7b12bbb6/element - {"using":"xpath","value":"//label[contains(@class, 'sapMLabelRequired') and .//bdi[contains(text(), 'Planned Retirement')]]"}
RESULT: {"using":"xpath","value":"//label[contains(@class, 'sapMLabelRequired') and .//bdi[contains(text(), 'Planned Retirement')]]"}
COMMAND: POST /session/f199610b81d2740d08c28d2a7b12bbb6/elements - {"using":"xpath","value":"//label[contains(@class, 'sapMLabelRequired') and .//bdi[contains(text(), 'Planned Retirement')]]"}
RESULT: {"using":"xpath","value":"//label[contains(@class, 'sapMLabelRequired') and .//bdi[contains(text(), 'Planned Retirement')]]"}
COMMAND: POST /session/f199610b81d2740d08c28d2a7b12bbb6/element - {"using":"xpath","value":"//button[@data-kt=\"resourceUnitSaveButton\"]"}
RESULT: {"using":"xpath","value":"//button[@data-kt=\"resourceUnitSaveButton\"]"}
COMMAND: POST /session/f199610b81d2740d08c28d2a7b12bbb6/element/f.2BFA133D83E8FE08190C073C8C008530.d.B910CBE04DA4A4075663F3C2B51C250C.e.3023/click - {}
RESULT: {}
COMMAND: GET /session/f199610b81d2740d08c28d2a7b12bbb6/screenshot - {}
RESULT: {}
COMMAND: POST /session/f199610b81d2740d08c28d2a7b12bbb6/element - {"using":"xpath","value":"//bdi[contains(text(), \"Close\")]"}
RESULT: {"using":"xpath","value":"//bdi[contains(text(), \"Close\")]"}
COMMAND: POST /session/f199610b81d2740d08c28d2a7b12bbb6/element/f.2BFA133D83E8FE08190C073C8C008530.d.B910CBE04DA4A4075663F3C2B51C250C.e.3127/click - {}
RESULT: {}
COMMAND: GET /session/f199610b81d2740d08c28d2a7b12bbb6/screenshot - {}
RESULT: {}
COMMAND: POST /session/f199610b81d2740d08c28d2a7b12bbb6/element - {"using":"xpath","value":"//header[contains(@id, 'detailRruPage-headerTitle')]/div[1]/div[2]/div[2]/span[1]"}
RESULT: {"using":"xpath","value":"//header[contains(@id, 'detailRruPage-headerTitle')]/div[1]/div[2]/div[2]/span[1]"}
COMMAND: POST /session/f199610b81d2740d08c28d2a7b12bbb6/elements - {"using":"xpath","value":"//header[contains(@id, 'detailRruPage-headerTitle')]/div[1]/div[2]/div[2]/span[1]"}
RESULT: {"using":"xpath","value":"//header[contains(@id, 'detailRruPage-headerTitle')]/div[1]/div[2]/div[2]/span[1]"}
COMMAND: POST /session/f199610b81d2740d08c28d2a7b12bbb6/execute/sync - {"script":"<script> [56 bytes]","args":[{"element-6066-11e4-a52e-4f735466cecf":"f.2BFA133D83E8FE08190C073C8C008530.d.B910CBE04DA4A4075663F3C2B51C250C.e.3162","ELEMENT":"f.2BFA133D83E8FE08190C073C8C008530.d.B910CBE04DA4A4075663F3C2B51C250C.e.3162"}]}
RESULT: {"script":"<script> [56 bytes]","args":[{"element-6066-11e4-a52e-4f735466cecf":"f.2BFA133D83E8FE08190C073C8C008530.d.B910CBE04DA4A4075663F3C2B51C250C.e.3162","ELEMENT":"f.2BFA133D83E8FE08190C073C8C008530.d.B910CBE04DA4A4075663F3C2B51C250C.e.3162"}]}
COMMAND: POST /session/f199610b81d2740d08c28d2a7b12bbb6/element - {"using":"css selector","value":"#shell-header-logo"}
COMMAND: GET /session/f199610b81d2740d08c28d2a7b12bbb6/screenshot - {}
RESULT: {"using":"css selector","value":"#shell-header-logo"}
COMMAND: POST /session/f199610b81d2740d08c28d2a7b12bbb6/element/f.2BFA133D83E8FE08190C073C8C008530.d.B910CBE04DA4A4075663F3C2B51C250C.e.2623/click - {}
RESULT: {}
RESULT: {}
COMMAND: GET /session/f199610b81d2740d08c28d2a7b12bbb6/screenshot - {}
RESULT: {}
]]></system-out>
    </testcase>
    <testcase classname="chrome.136_0_7103_93.windows.Stock_increase_-_with_WHM_US125587" name="Bin Status Report Should Create New Organization yard" time="92.64">
      <system-out><![CDATA[
COMMAND: POST /session/f199610b81d2740d08c28d2a7b12bbb6/execute/async - {"script":"<script> [1562 bytes]","args":[{"selector":{"controlType":"sap.m.GenericTile","properties":{"header":"Bin Status Report"}},"wdio_ui5_key":"sapm.GenericTile{\"header\":\"Bin Status Report\"}"}]}
RESULT: {"script":"<script> [1562 bytes]","args":[{"selector":{"controlType":"sap.m.GenericTile","properties":{"header":"Bin Status Report"}},"wdio_ui5_key":"sapm.GenericTile{\"header\":\"Bin Status Report\"}"}]}
RESULT: undefined
COMMAND: POST /session/f199610b81d2740d08c28d2a7b12bbb6/element - {"using":"xpath","value":"//*[@id=\"__tile104\"]"}
RESULT: {"using":"xpath","value":"//*[@id=\"__tile104\"]"}
COMMAND: POST /session/f199610b81d2740d08c28d2a7b12bbb6/element/f.2BFA133D83E8FE08190C073C8C008530.d.B910CBE04DA4A4075663F3C2B51C250C.e.3164/click - {}
RESULT: {}
COMMAND: GET /session/f199610b81d2740d08c28d2a7b12bbb6/screenshot - {}
RESULT: {}
COMMAND: POST /session/f199610b81d2740d08c28d2a7b12bbb6/elements - {"using":"xpath","value":"//span[text()='Error']"}
RESULT: {"using":"xpath","value":"//span[text()='Error']"}
COMMAND: POST /session/f199610b81d2740d08c28d2a7b12bbb6/element - {"using":"xpath","value":"//button[@id=\"application-binstatusreport-display-component---warehousing--createOrgBtn\"]"}
RESULT: {"using":"xpath","value":"//button[@id=\"application-binstatusreport-display-component---warehousing--createOrgBtn\"]"}
COMMAND: POST /session/f199610b81d2740d08c28d2a7b12bbb6/elements - {"using":"xpath","value":"//button[@id=\"application-binstatusreport-display-component---warehousing--createOrgBtn\"]"}
RESULT: {"using":"xpath","value":"//button[@id=\"application-binstatusreport-display-component---warehousing--createOrgBtn\"]"}
COMMAND: POST /session/f199610b81d2740d08c28d2a7b12bbb6/execute/sync - {"script":"<script> [8489 bytes]","args":[{"element-6066-11e4-a52e-4f735466cecf":"f.2BFA133D83E8FE08190C073C8C008530.d.B910CBE04DA4A4075663F3C2B51C250C.e.3225","ELEMENT":"f.2BFA133D83E8FE08190C073C8C008530.d.B910CBE04DA4A4075663F3C2B51C250C.e.3225"}]}
RESULT: {"script":"<script> [8489 bytes]","args":[{"element-6066-11e4-a52e-4f735466cecf":"f.2BFA133D83E8FE08190C073C8C008530.d.B910CBE04DA4A4075663F3C2B51C250C.e.3225","ELEMENT":"f.2BFA133D83E8FE08190C073C8C008530.d.B910CBE04DA4A4075663F3C2B51C250C.e.3225"}]}
COMMAND: GET /session/f199610b81d2740d08c28d2a7b12bbb6/element/f.2BFA133D83E8FE08190C073C8C008530.d.B910CBE04DA4A4075663F3C2B51C250C.e.3225/enabled - {}
COMMAND: GET /session/f199610b81d2740d08c28d2a7b12bbb6/screenshot - {}
RESULT: {}
COMMAND: POST /session/f199610b81d2740d08c28d2a7b12bbb6/execute/sync - {"script":"<script> [8489 bytes]","args":[{"element-6066-11e4-a52e-4f735466cecf":"f.2BFA133D83E8FE08190C073C8C008530.d.B910CBE04DA4A4075663F3C2B51C250C.e.3225","ELEMENT":"f.2BFA133D83E8FE08190C073C8C008530.d.B910CBE04DA4A4075663F3C2B51C250C.e.3225"}]}
COMMAND: GET /session/f199610b81d2740d08c28d2a7b12bbb6/screenshot - {}
RESULT: {}
RESULT: {"script":"<script> [8489 bytes]","args":[{"element-6066-11e4-a52e-4f735466cecf":"f.2BFA133D83E8FE08190C073C8C008530.d.B910CBE04DA4A4075663F3C2B51C250C.e.3225","ELEMENT":"f.2BFA133D83E8FE08190C073C8C008530.d.B910CBE04DA4A4075663F3C2B51C250C.e.3225"}]}
COMMAND: POST /session/f199610b81d2740d08c28d2a7b12bbb6/execute/sync - {"script":"<script> [5351 bytes]","args":[{"element-6066-11e4-a52e-4f735466cecf":"f.2BFA133D83E8FE08190C073C8C008530.d.B910CBE04DA4A4075663F3C2B51C250C.e.3225","ELEMENT":"f.2BFA133D83E8FE08190C073C8C008530.d.B910CBE04DA4A4075663F3C2B51C250C.e.3225"}]}
COMMAND: GET /session/f199610b81d2740d08c28d2a7b12bbb6/screenshot - {}
RESULT: {}
RESULT: {"script":"<script> [5351 bytes]","args":[{"element-6066-11e4-a52e-4f735466cecf":"f.2BFA133D83E8FE08190C073C8C008530.d.B910CBE04DA4A4075663F3C2B51C250C.e.3225","ELEMENT":"f.2BFA133D83E8FE08190C073C8C008530.d.B910CBE04DA4A4075663F3C2B51C250C.e.3225"}]}
COMMAND: GET /session/f199610b81d2740d08c28d2a7b12bbb6/screenshot - {}
RESULT: {}
RESULT: {}
COMMAND: POST /session/f199610b81d2740d08c28d2a7b12bbb6/element/f.2BFA133D83E8FE08190C073C8C008530.d.B910CBE04DA4A4075663F3C2B51C250C.e.3225/click - {}
RESULT: {}
COMMAND: GET /session/f199610b81d2740d08c28d2a7b12bbb6/screenshot - {}
RESULT: {}
COMMAND: POST /session/f199610b81d2740d08c28d2a7b12bbb6/execute/async - {"script":"<script> [1562 bytes]","args":[{"selector":{"id":"createOrganizationPop--sectionInput","searchOpenDialogs":true,"interaction":{"idSuffix":"inner"}},"wdio_ui5_key":"createOrganizationPopsectionInput"}]}
RESULT: {"script":"<script> [1562 bytes]","args":[{"selector":{"id":"createOrganizationPop--sectionInput","searchOpenDialogs":true,"interaction":{"idSuffix":"inner"}},"wdio_ui5_key":"createOrganizationPopsectionInput"}]}
RESULT: undefined
COMMAND: POST /session/f199610b81d2740d08c28d2a7b12bbb6/execute/async - {"script":"<script> [776 bytes]","args":[{"enterText":"WDIO-544","selector":{"id":"createOrganizationPop--sectionInput","searchOpenDialogs":true,"interaction":{"idSuffix":"inner"}},"clearTextFirst":true,"interactionType":"ENTER_TEXT"}]}
RESULT: {"script":"<script> [776 bytes]","args":[{"enterText":"WDIO-544","selector":{"id":"createOrganizationPop--sectionInput","searchOpenDialogs":true,"interaction":{"idSuffix":"inner"}},"clearTextFirst":true,"interactionType":"ENTER_TEXT"}]}
COMMAND: POST /session/f199610b81d2740d08c28d2a7b12bbb6/execute/async - {"script":"<script> [1562 bytes]","args":[{"selector":{"id":"createOrganizationPop--descriptionInput","searchOpenDialogs":true,"interaction":{"idSuffix":"inner"}},"wdio_ui5_key":"createOrganizationPopdescriptionInput"}]}
RESULT: {"script":"<script> [1562 bytes]","args":[{"selector":{"id":"createOrganizationPop--descriptionInput","searchOpenDialogs":true,"interaction":{"idSuffix":"inner"}},"wdio_ui5_key":"createOrganizationPopdescriptionInput"}]}
RESULT: undefined
COMMAND: POST /session/f199610b81d2740d08c28d2a7b12bbb6/execute/async - {"script":"<script> [776 bytes]","args":[{"enterText":"Shipping-544","selector":{"id":"createOrganizationPop--descriptionInput","searchOpenDialogs":true,"interaction":{"idSuffix":"inner"}},"clearTextFirst":true,"interactionType":"ENTER_TEXT"}]}
RESULT: {"script":"<script> [776 bytes]","args":[{"enterText":"Shipping-544","selector":{"id":"createOrganizationPop--descriptionInput","searchOpenDialogs":true,"interaction":{"idSuffix":"inner"}},"clearTextFirst":true,"interactionType":"ENTER_TEXT"}]}
COMMAND: POST /session/f199610b81d2740d08c28d2a7b12bbb6/element - {"using":"css selector","value":"#createOrganizationPop--yardOrg-inner"}
RESULT: {"using":"css selector","value":"#createOrganizationPop--yardOrg-inner"}
COMMAND: POST /session/f199610b81d2740d08c28d2a7b12bbb6/element/f.2BFA133D83E8FE08190C073C8C008530.d.B910CBE04DA4A4075663F3C2B51C250C.e.3527/clear - {}
RESULT: {}
COMMAND: POST /session/f199610b81d2740d08c28d2a7b12bbb6/element/f.2BFA133D83E8FE08190C073C8C008530.d.B910CBE04DA4A4075663F3C2B51C250C.e.3527/value - {"text":"544"}
COMMAND: GET /session/f199610b81d2740d08c28d2a7b12bbb6/screenshot - {}
RESULT: {"text":"544"}
COMMAND: GET /session/f199610b81d2740d08c28d2a7b12bbb6/screenshot - {}
RESULT: {}
RESULT: {}
COMMAND: POST /session/f199610b81d2740d08c28d2a7b12bbb6/actions - {"actions":[{"id":"action9","type":"key","parameters":{},"actions":[{"type":"keyDown","value":"î€‡"},{"type":"pause","duration":10},{"type":"keyUp","value":"î€‡"}]}]}
RESULT: {"actions":[{"id":"action9","type":"key","parameters":{},"actions":[{"type":"keyDown","value":"î€‡"},{"type":"pause","duration":10},{"type":"keyUp","value":"î€‡"}]}]}
COMMAND: POST /session/f199610b81d2740d08c28d2a7b12bbb6/execute/async - {"script":"<script> [1562 bytes]","args":[{"selector":{"id":"createOrganizationPop--grZone","searchOpenDialogs":true,"interaction":{"idSuffix":"CbBg"}},"wdio_ui5_key":"createOrganizationPopgrZone"}]}
COMMAND: GET /session/f199610b81d2740d08c28d2a7b12bbb6/screenshot - {}
RESULT: {"script":"<script> [1562 bytes]","args":[{"selector":{"id":"createOrganizationPop--grZone","searchOpenDialogs":true,"interaction":{"idSuffix":"CbBg"}},"wdio_ui5_key":"createOrganizationPopgrZone"}]}
RESULT: undefined
COMMAND: POST /session/f199610b81d2740d08c28d2a7b12bbb6/element - {"using":"xpath","value":"//*[@id=\"createOrganizationPop--grZone\"]"}
RESULT: {}
RESULT: {"using":"xpath","value":"//*[@id=\"createOrganizationPop--grZone\"]"}
COMMAND: POST /session/f199610b81d2740d08c28d2a7b12bbb6/element/f.2BFA133D83E8FE08190C073C8C008530.d.B910CBE04DA4A4075663F3C2B51C250C.e.3548/click - {}
RESULT: {}
COMMAND: GET /session/f199610b81d2740d08c28d2a7b12bbb6/screenshot - {}
RESULT: {}
COMMAND: POST /session/f199610b81d2740d08c28d2a7b12bbb6/execute/async - {"script":"<script> [1562 bytes]","args":[{"selector":{"id":"createOrganizationPop--giZone","searchOpenDialogs":true,"interaction":{"idSuffix":"CbBg"}},"wdio_ui5_key":"createOrganizationPopgiZone"}]}
RESULT: {"script":"<script> [1562 bytes]","args":[{"selector":{"id":"createOrganizationPop--giZone","searchOpenDialogs":true,"interaction":{"idSuffix":"CbBg"}},"wdio_ui5_key":"createOrganizationPopgiZone"}]}
RESULT: undefined
COMMAND: POST /session/f199610b81d2740d08c28d2a7b12bbb6/element - {"using":"xpath","value":"//*[@id=\"createOrganizationPop--giZone\"]"}
RESULT: {"using":"xpath","value":"//*[@id=\"createOrganizationPop--giZone\"]"}
COMMAND: POST /session/f199610b81d2740d08c28d2a7b12bbb6/element/f.2BFA133D83E8FE08190C073C8C008530.d.B910CBE04DA4A4075663F3C2B51C250C.e.3550/click - {}
RESULT: {}
COMMAND: GET /session/f199610b81d2740d08c28d2a7b12bbb6/screenshot - {}
RESULT: {}
COMMAND: POST /session/f199610b81d2740d08c28d2a7b12bbb6/execute/async - {"script":"<script> [1562 bytes]","args":[{"selector":{"id":"createOrganizationPop--binNoInput","searchOpenDialogs":true,"interaction":{"idSuffix":"inner"}},"wdio_ui5_key":"createOrganizationPopbinNoInput"}]}
RESULT: {"script":"<script> [1562 bytes]","args":[{"selector":{"id":"createOrganizationPop--binNoInput","searchOpenDialogs":true,"interaction":{"idSuffix":"inner"}},"wdio_ui5_key":"createOrganizationPopbinNoInput"}]}
RESULT: undefined
COMMAND: POST /session/f199610b81d2740d08c28d2a7b12bbb6/execute/async - {"script":"<script> [776 bytes]","args":[{"enterText":"Bin-Wd","selector":{"id":"createOrganizationPop--binNoInput","searchOpenDialogs":true,"interaction":{"idSuffix":"inner"}},"clearTextFirst":true,"interactionType":"ENTER_TEXT"}]}
RESULT: {"script":"<script> [776 bytes]","args":[{"enterText":"Bin-Wd","selector":{"id":"createOrganizationPop--binNoInput","searchOpenDialogs":true,"interaction":{"idSuffix":"inner"}},"clearTextFirst":true,"interactionType":"ENTER_TEXT"}]}
COMMAND: POST /session/f199610b81d2740d08c28d2a7b12bbb6/execute/async - {"script":"<script> [1562 bytes]","args":[{"selector":{"id":"createOrganizationPop--descriptionId","searchOpenDialogs":true,"interaction":{"idSuffix":"inner"}},"wdio_ui5_key":"createOrganizationPopdescriptionId"}]}
RESULT: {"script":"<script> [1562 bytes]","args":[{"selector":{"id":"createOrganizationPop--descriptionId","searchOpenDialogs":true,"interaction":{"idSuffix":"inner"}},"wdio_ui5_key":"createOrganizationPopdescriptionId"}]}
RESULT: undefined
COMMAND: POST /session/f199610b81d2740d08c28d2a7b12bbb6/execute/async - {"script":"<script> [776 bytes]","args":[{"enterText":"Shipping-Wd","selector":{"id":"createOrganizationPop--descriptionId","searchOpenDialogs":true,"interaction":{"idSuffix":"inner"}},"clearTextFirst":true,"interactionType":"ENTER_TEXT"}]}
RESULT: {"script":"<script> [776 bytes]","args":[{"enterText":"Shipping-Wd","selector":{"id":"createOrganizationPop--descriptionId","searchOpenDialogs":true,"interaction":{"idSuffix":"inner"}},"clearTextFirst":true,"interactionType":"ENTER_TEXT"}]}
COMMAND: POST /session/f199610b81d2740d08c28d2a7b12bbb6/execute/async - {"script":"<script> [1562 bytes]","args":[{"selector":{"controlType":"sap.m.CheckBox","viewName":"etm.portal.ui.binstatusreport.view.MasterWareBins","viewId":"application-binstatusreport-display-component---warehousing","bindingPath":{"path":"","propertyPath":"/ZONE","modelName":"newBin"},"searchOpenDialogs":true,"interaction":{"idSuffix":"CbBg"}},"wdio_ui5_key":"etmportal.ui.binstatusreport.view.MasterWareBinssap.m.CheckBox{\"path\":\"\",\"propertyPath\":\"/ZONE\",\"modelName\":\"newBin\"}"}]}
RESULT: {"script":"<script> [1562 bytes]","args":[{"selector":{"controlType":"sap.m.CheckBox","viewName":"etm.portal.ui.binstatusreport.view.MasterWareBins","viewId":"application-binstatusreport-display-component---warehousing","bindingPath":{"path":"","propertyPath":"/ZONE","modelName":"newBin"},"searchOpenDialogs":true,"interaction":{"idSuffix":"CbBg"}},"wdio_ui5_key":"etmportal.ui.binstatusreport.view.MasterWareBinssap.m.CheckBox{\"path\":\"\",\"propertyPath\":\"/ZONE\",\"modelName\":\"newBin\"}"}]}
RESULT: undefined
COMMAND: POST /session/f199610b81d2740d08c28d2a7b12bbb6/element - {"using":"xpath","value":"//*[@id=\"__box56\"]"}
RESULT: {"using":"xpath","value":"//*[@id=\"__box56\"]"}
COMMAND: POST /session/f199610b81d2740d08c28d2a7b12bbb6/element/f.2BFA133D83E8FE08190C073C8C008530.d.B910CBE04DA4A4075663F3C2B51C250C.e.3554/click - {}
RESULT: {}
COMMAND: GET /session/f199610b81d2740d08c28d2a7b12bbb6/screenshot - {}
RESULT: {}
COMMAND: POST /session/f199610b81d2740d08c28d2a7b12bbb6/execute/async - {"script":"<script> [1562 bytes]","args":[{"selector":{"id":"createOrganizationPop--binTypesCB","searchOpenDialogs":true,"interaction":{"idSuffix":"inner"}},"wdio_ui5_key":"createOrganizationPopbinTypesCB"}]}
RESULT: {"script":"<script> [1562 bytes]","args":[{"selector":{"id":"createOrganizationPop--binTypesCB","searchOpenDialogs":true,"interaction":{"idSuffix":"inner"}},"wdio_ui5_key":"createOrganizationPopbinTypesCB"}]}
RESULT: undefined
COMMAND: POST /session/f199610b81d2740d08c28d2a7b12bbb6/execute/async - {"script":"<script> [776 bytes]","args":[{"enterText":"1 - General / No capacity check","selector":{"id":"createOrganizationPop--binTypesCB","searchOpenDialogs":true,"interaction":{"idSuffix":"inner"}},"clearTextFirst":true,"interactionType":"ENTER_TEXT"}]}
RESULT: {"script":"<script> [776 bytes]","args":[{"enterText":"1 - General / No capacity check","selector":{"id":"createOrganizationPop--binTypesCB","searchOpenDialogs":true,"interaction":{"idSuffix":"inner"}},"clearTextFirst":true,"interactionType":"ENTER_TEXT"}]}
COMMAND: POST /session/f199610b81d2740d08c28d2a7b12bbb6/actions - {"actions":[{"id":"action10","type":"key","parameters":{},"actions":[{"type":"keyDown","value":"î€‡"},{"type":"pause","duration":10},{"type":"keyUp","value":"î€‡"}]}]}
RESULT: {"actions":[{"id":"action10","type":"key","parameters":{},"actions":[{"type":"keyDown","value":"î€‡"},{"type":"pause","duration":10},{"type":"keyUp","value":"î€‡"}]}]}
COMMAND: GET /session/f199610b81d2740d08c28d2a7b12bbb6/screenshot - {}
RESULT: {}
COMMAND: POST /session/f199610b81d2740d08c28d2a7b12bbb6/execute/async - {"script":"<script> [1562 bytes]","args":[{"selector":{"id":"createOrganizationPop--finishBtn","searchOpenDialogs":true,"interaction":{"idSuffix":"BDI-content"}},"wdio_ui5_key":"createOrganizationPopfinishBtn"}]}
RESULT: {"script":"<script> [1562 bytes]","args":[{"selector":{"id":"createOrganizationPop--finishBtn","searchOpenDialogs":true,"interaction":{"idSuffix":"BDI-content"}},"wdio_ui5_key":"createOrganizationPopfinishBtn"}]}
RESULT: undefined
COMMAND: POST /session/f199610b81d2740d08c28d2a7b12bbb6/element - {"using":"xpath","value":"//*[@id=\"createOrganizationPop--finishBtn\"]"}
RESULT: {"using":"xpath","value":"//*[@id=\"createOrganizationPop--finishBtn\"]"}
COMMAND: POST /session/f199610b81d2740d08c28d2a7b12bbb6/element/f.2BFA133D83E8FE08190C073C8C008530.d.B910CBE04DA4A4075663F3C2B51C250C.e.3557/click - {}
RESULT: {}
COMMAND: GET /session/f199610b81d2740d08c28d2a7b12bbb6/screenshot - {}
RESULT: {}
COMMAND: POST /session/f199610b81d2740d08c28d2a7b12bbb6/element - {"using":"css selector","value":"#shell-header-logo"}
RESULT: {"using":"css selector","value":"#shell-header-logo"}
COMMAND: POST /session/f199610b81d2740d08c28d2a7b12bbb6/element/f.2BFA133D83E8FE08190C073C8C008530.d.B910CBE04DA4A4075663F3C2B51C250C.e.3171/click - {}
RESULT: {}
COMMAND: GET /session/f199610b81d2740d08c28d2a7b12bbb6/screenshot - {}
RESULT: {}
]]></system-out>
    </testcase>
    <testcase classname="chrome.136_0_7103_93.windows.Stock_increase_-_with_WHM_US125587" name="Bin Status Report Should Create New Organization for Site" time="76.074">
      <system-out><![CDATA[
RESULT: undefined
COMMAND: POST /session/f199610b81d2740d08c28d2a7b12bbb6/element - {"using":"xpath","value":"//*[@id=\"__tile104\"]"}
RESULT: {"using":"xpath","value":"//*[@id=\"__tile104\"]"}
COMMAND: POST /session/f199610b81d2740d08c28d2a7b12bbb6/element/f.2BFA133D83E8FE08190C073C8C008530.d.B910CBE04DA4A4075663F3C2B51C250C.e.3164/click - {}
RESULT: {}
COMMAND: GET /session/f199610b81d2740d08c28d2a7b12bbb6/screenshot - {}
COMMAND: POST /session/f199610b81d2740d08c28d2a7b12bbb6/elements - {"using":"xpath","value":"//span[text()='Error']"}
RESULT: {}
RESULT: {"using":"xpath","value":"//span[text()='Error']"}
COMMAND: POST /session/f199610b81d2740d08c28d2a7b12bbb6/element - {"using":"xpath","value":"//button[@id=\"application-binstatusreport-display-component---warehousing--createOrgBtn\"]"}
RESULT: {"using":"xpath","value":"//button[@id=\"application-binstatusreport-display-component---warehousing--createOrgBtn\"]"}
COMMAND: POST /session/f199610b81d2740d08c28d2a7b12bbb6/elements - {"using":"xpath","value":"//button[@id=\"application-binstatusreport-display-component---warehousing--createOrgBtn\"]"}
RESULT: {"using":"xpath","value":"//button[@id=\"application-binstatusreport-display-component---warehousing--createOrgBtn\"]"}
COMMAND: POST /session/f199610b81d2740d08c28d2a7b12bbb6/execute/sync - {"script":"<script> [8489 bytes]","args":[{"element-6066-11e4-a52e-4f735466cecf":"f.2BFA133D83E8FE08190C073C8C008530.d.B910CBE04DA4A4075663F3C2B51C250C.e.3601","ELEMENT":"f.2BFA133D83E8FE08190C073C8C008530.d.B910CBE04DA4A4075663F3C2B51C250C.e.3601"}]}
RESULT: {"script":"<script> [8489 bytes]","args":[{"element-6066-11e4-a52e-4f735466cecf":"f.2BFA133D83E8FE08190C073C8C008530.d.B910CBE04DA4A4075663F3C2B51C250C.e.3601","ELEMENT":"f.2BFA133D83E8FE08190C073C8C008530.d.B910CBE04DA4A4075663F3C2B51C250C.e.3601"}]}
COMMAND: GET /session/f199610b81d2740d08c28d2a7b12bbb6/element/f.2BFA133D83E8FE08190C073C8C008530.d.B910CBE04DA4A4075663F3C2B51C250C.e.3601/enabled - {}
COMMAND: GET /session/f199610b81d2740d08c28d2a7b12bbb6/screenshot - {}
RESULT: {}
COMMAND: POST /session/f199610b81d2740d08c28d2a7b12bbb6/execute/sync - {"script":"<script> [8489 bytes]","args":[{"element-6066-11e4-a52e-4f735466cecf":"f.2BFA133D83E8FE08190C073C8C008530.d.B910CBE04DA4A4075663F3C2B51C250C.e.3601","ELEMENT":"f.2BFA133D83E8FE08190C073C8C008530.d.B910CBE04DA4A4075663F3C2B51C250C.e.3601"}]}
COMMAND: GET /session/f199610b81d2740d08c28d2a7b12bbb6/screenshot - {}
RESULT: {}
RESULT: {"script":"<script> [8489 bytes]","args":[{"element-6066-11e4-a52e-4f735466cecf":"f.2BFA133D83E8FE08190C073C8C008530.d.B910CBE04DA4A4075663F3C2B51C250C.e.3601","ELEMENT":"f.2BFA133D83E8FE08190C073C8C008530.d.B910CBE04DA4A4075663F3C2B51C250C.e.3601"}]}
COMMAND: POST /session/f199610b81d2740d08c28d2a7b12bbb6/execute/sync - {"script":"<script> [5351 bytes]","args":[{"element-6066-11e4-a52e-4f735466cecf":"f.2BFA133D83E8FE08190C073C8C008530.d.B910CBE04DA4A4075663F3C2B51C250C.e.3601","ELEMENT":"f.2BFA133D83E8FE08190C073C8C008530.d.B910CBE04DA4A4075663F3C2B51C250C.e.3601"}]}
COMMAND: GET /session/f199610b81d2740d08c28d2a7b12bbb6/screenshot - {}
RESULT: {}
RESULT: {"script":"<script> [5351 bytes]","args":[{"element-6066-11e4-a52e-4f735466cecf":"f.2BFA133D83E8FE08190C073C8C008530.d.B910CBE04DA4A4075663F3C2B51C250C.e.3601","ELEMENT":"f.2BFA133D83E8FE08190C073C8C008530.d.B910CBE04DA4A4075663F3C2B51C250C.e.3601"}]}
COMMAND: GET /session/f199610b81d2740d08c28d2a7b12bbb6/screenshot - {}
RESULT: {}
RESULT: {}
COMMAND: POST /session/f199610b81d2740d08c28d2a7b12bbb6/element/f.2BFA133D83E8FE08190C073C8C008530.d.B910CBE04DA4A4075663F3C2B51C250C.e.3601/click - {}
RESULT: {}
COMMAND: GET /session/f199610b81d2740d08c28d2a7b12bbb6/screenshot - {}
RESULT: {}
RESULT: undefined
COMMAND: POST /session/f199610b81d2740d08c28d2a7b12bbb6/execute/async - {"script":"<script> [776 bytes]","args":[{"enterText":"2269","selector":{"id":"createOrganizationPop--sectionInput","searchOpenDialogs":true,"interaction":{"idSuffix":"inner"}},"clearTextFirst":true,"interactionType":"ENTER_TEXT"}]}
RESULT: {"script":"<script> [776 bytes]","args":[{"enterText":"2269","selector":{"id":"createOrganizationPop--sectionInput","searchOpenDialogs":true,"interaction":{"idSuffix":"inner"}},"clearTextFirst":true,"interactionType":"ENTER_TEXT"}]}
RESULT: undefined
COMMAND: POST /session/f199610b81d2740d08c28d2a7b12bbb6/execute/async - {"script":"<script> [776 bytes]","args":[{"enterText":"WDIO-2269","selector":{"id":"createOrganizationPop--descriptionInput","searchOpenDialogs":true,"interaction":{"idSuffix":"inner"}},"clearTextFirst":true,"interactionType":"ENTER_TEXT"}]}
RESULT: {"script":"<script> [776 bytes]","args":[{"enterText":"WDIO-2269","selector":{"id":"createOrganizationPop--descriptionInput","searchOpenDialogs":true,"interaction":{"idSuffix":"inner"}},"clearTextFirst":true,"interactionType":"ENTER_TEXT"}]}
COMMAND: POST /session/f199610b81d2740d08c28d2a7b12bbb6/element - {"using":"css selector","value":"#createOrganizationPop--siteOrg-inner"}
RESULT: {"using":"css selector","value":"#createOrganizationPop--siteOrg-inner"}
COMMAND: POST /session/f199610b81d2740d08c28d2a7b12bbb6/element/f.2BFA133D83E8FE08190C073C8C008530.d.B910CBE04DA4A4075663F3C2B51C250C.e.3649/clear - {}
RESULT: {}
COMMAND: POST /session/f199610b81d2740d08c28d2a7b12bbb6/element/f.2BFA133D83E8FE08190C073C8C008530.d.B910CBE04DA4A4075663F3C2B51C250C.e.3649/value - {"text":"2269"}
COMMAND: GET /session/f199610b81d2740d08c28d2a7b12bbb6/screenshot - {}
RESULT: {"text":"2269"}
COMMAND: GET /session/f199610b81d2740d08c28d2a7b12bbb6/screenshot - {}
RESULT: {}
RESULT: {}
COMMAND: POST /session/f199610b81d2740d08c28d2a7b12bbb6/actions - {"actions":[{"id":"action11","type":"key","parameters":{},"actions":[{"type":"keyDown","value":"î€‡"},{"type":"pause","duration":10},{"type":"keyUp","value":"î€‡"}]}]}
RESULT: {"actions":[{"id":"action11","type":"key","parameters":{},"actions":[{"type":"keyDown","value":"î€‡"},{"type":"pause","duration":10},{"type":"keyUp","value":"î€‡"}]}]}
RESULT: undefined
COMMAND: POST /session/f199610b81d2740d08c28d2a7b12bbb6/element - {"using":"xpath","value":"//*[@id=\"createOrganizationPop--giZone\"]"}
COMMAND: GET /session/f199610b81d2740d08c28d2a7b12bbb6/screenshot - {}
RESULT: {"using":"xpath","value":"//*[@id=\"createOrganizationPop--giZone\"]"}
COMMAND: POST /session/f199610b81d2740d08c28d2a7b12bbb6/element/f.2BFA133D83E8FE08190C073C8C008530.d.B910CBE04DA4A4075663F3C2B51C250C.e.3667/click - {}
RESULT: {}
RESULT: {}
COMMAND: GET /session/f199610b81d2740d08c28d2a7b12bbb6/screenshot - {}
RESULT: {}
RESULT: undefined
COMMAND: POST /session/f199610b81d2740d08c28d2a7b12bbb6/execute/async - {"script":"<script> [776 bytes]","args":[{"enterText":"WD-BIN","selector":{"id":"createOrganizationPop--binNoInput","searchOpenDialogs":true,"interaction":{"idSuffix":"inner"}},"clearTextFirst":true,"interactionType":"ENTER_TEXT"}]}
RESULT: {"script":"<script> [776 bytes]","args":[{"enterText":"WD-BIN","selector":{"id":"createOrganizationPop--binNoInput","searchOpenDialogs":true,"interaction":{"idSuffix":"inner"}},"clearTextFirst":true,"interactionType":"ENTER_TEXT"}]}
RESULT: undefined
COMMAND: POST /session/f199610b81d2740d08c28d2a7b12bbb6/execute/async - {"script":"<script> [776 bytes]","args":[{"enterText":"WD-BIN","selector":{"id":"createOrganizationPop--descriptionId","searchOpenDialogs":true,"interaction":{"idSuffix":"inner"}},"clearTextFirst":true,"interactionType":"ENTER_TEXT"}]}
RESULT: {"script":"<script> [776 bytes]","args":[{"enterText":"WD-BIN","selector":{"id":"createOrganizationPop--descriptionId","searchOpenDialogs":true,"interaction":{"idSuffix":"inner"}},"clearTextFirst":true,"interactionType":"ENTER_TEXT"}]}
COMMAND: POST /session/f199610b81d2740d08c28d2a7b12bbb6/execute/async - {"script":"<script> [1562 bytes]","args":[{"selector":{"controlType":"sap.m.CheckBox","viewName":"etm.portal.ui.binstatusreport.view.MasterWareBins","viewId":"application-binstatusreport-display-component---warehousing","bindingPath":{"propertyPath":"/ZONE","modelName":"newBin"},"searchOpenDialogs":true,"interaction":{"idSuffix":"CbBg"}},"wdio_ui5_key":"etmportal.ui.binstatusreport.view.MasterWareBinssap.m.CheckBox{\"propertyPath\":\"/ZONE\",\"modelName\":\"newBin\"}"}]}
RESULT: {"script":"<script> [1562 bytes]","args":[{"selector":{"controlType":"sap.m.CheckBox","viewName":"etm.portal.ui.binstatusreport.view.MasterWareBins","viewId":"application-binstatusreport-display-component---warehousing","bindingPath":{"propertyPath":"/ZONE","modelName":"newBin"},"searchOpenDialogs":true,"interaction":{"idSuffix":"CbBg"}},"wdio_ui5_key":"etmportal.ui.binstatusreport.view.MasterWareBinssap.m.CheckBox{\"propertyPath\":\"/ZONE\",\"modelName\":\"newBin\"}"}]}
RESULT: undefined
COMMAND: POST /session/f199610b81d2740d08c28d2a7b12bbb6/element - {"using":"xpath","value":"//*[@id=\"__box68\"]"}
RESULT: {"using":"xpath","value":"//*[@id=\"__box68\"]"}
COMMAND: POST /session/f199610b81d2740d08c28d2a7b12bbb6/element/f.2BFA133D83E8FE08190C073C8C008530.d.B910CBE04DA4A4075663F3C2B51C250C.e.3669/click - {}
RESULT: {}
COMMAND: GET /session/f199610b81d2740d08c28d2a7b12bbb6/screenshot - {}
RESULT: {}
RESULT: undefined
COMMAND: POST /session/f199610b81d2740d08c28d2a7b12bbb6/execute/async - {"script":"<script> [776 bytes]","args":[{"enterText":"1 - General / No capacity check","selector":{"id":"createOrganizationPop--binTypesCB","searchOpenDialogs":true,"interaction":{"idSuffix":"inner"}},"clearTextFirst":true,"interactionType":"ENTER_TEXT"}]}
RESULT: {"script":"<script> [776 bytes]","args":[{"enterText":"1 - General / No capacity check","selector":{"id":"createOrganizationPop--binTypesCB","searchOpenDialogs":true,"interaction":{"idSuffix":"inner"}},"clearTextFirst":true,"interactionType":"ENTER_TEXT"}]}
COMMAND: POST /session/f199610b81d2740d08c28d2a7b12bbb6/execute/async - {"script":"<script> [1562 bytes]","args":[{"selector":{"id":"createOrganizationPop--capacityId","searchOpenDialogs":true,"interaction":{"idSuffix":"inner"}},"wdio_ui5_key":"createOrganizationPopcapacityId"}]}
RESULT: {"script":"<script> [1562 bytes]","args":[{"selector":{"id":"createOrganizationPop--capacityId","searchOpenDialogs":true,"interaction":{"idSuffix":"inner"}},"wdio_ui5_key":"createOrganizationPopcapacityId"}]}
RESULT: undefined
COMMAND: POST /session/f199610b81d2740d08c28d2a7b12bbb6/actions - {"actions":[{"id":"action12","type":"key","parameters":{},"actions":[{"type":"keyDown","value":"î€‡"},{"type":"pause","duration":10},{"type":"keyUp","value":"î€‡"}]}]}
RESULT: {"actions":[{"id":"action12","type":"key","parameters":{},"actions":[{"type":"keyDown","value":"î€‡"},{"type":"pause","duration":10},{"type":"keyUp","value":"î€‡"}]}]}
COMMAND: GET /session/f199610b81d2740d08c28d2a7b12bbb6/screenshot - {}
RESULT: {}
RESULT: undefined
COMMAND: POST /session/f199610b81d2740d08c28d2a7b12bbb6/element - {"using":"xpath","value":"//*[@id=\"createOrganizationPop--finishBtn\"]"}
RESULT: {"using":"xpath","value":"//*[@id=\"createOrganizationPop--finishBtn\"]"}
COMMAND: POST /session/f199610b81d2740d08c28d2a7b12bbb6/element/f.2BFA133D83E8FE08190C073C8C008530.d.B910CBE04DA4A4075663F3C2B51C250C.e.3670/click - {}
RESULT: {}
COMMAND: GET /session/f199610b81d2740d08c28d2a7b12bbb6/screenshot - {}
RESULT: {}
COMMAND: POST /session/f199610b81d2740d08c28d2a7b12bbb6/element - {"using":"css selector","value":"#shell-header-logo"}
RESULT: {"using":"css selector","value":"#shell-header-logo"}
COMMAND: POST /session/f199610b81d2740d08c28d2a7b12bbb6/element/f.2BFA133D83E8FE08190C073C8C008530.d.B910CBE04DA4A4075663F3C2B51C250C.e.3565/click - {}
RESULT: {}
COMMAND: GET /session/f199610b81d2740d08c28d2a7b12bbb6/screenshot - {}
RESULT: {}
]]></system-out>
    </testcase>
    <testcase classname="chrome.136_0_7103_93.windows.Stock_increase_-_with_WHM_US125587" name="Create a Warehouse Movement for created yard" time="48.325">
      <system-out><![CDATA[
COMMAND: POST /session/f199610b81d2740d08c28d2a7b12bbb6/execute/async - {"script":"<script> [1562 bytes]","args":[{"selector":{"controlType":"sap.m.GenericTile","properties":{"header":"Manage Warehouse Movements"}},"wdio_ui5_key":"sapm.GenericTile{\"header\":\"Manage Warehouse Movements\"}"}]}
RESULT: {"script":"<script> [1562 bytes]","args":[{"selector":{"controlType":"sap.m.GenericTile","properties":{"header":"Manage Warehouse Movements"}},"wdio_ui5_key":"sapm.GenericTile{\"header\":\"Manage Warehouse Movements\"}"}]}
RESULT: undefined
COMMAND: POST /session/f199610b81d2740d08c28d2a7b12bbb6/element - {"using":"xpath","value":"//*[@id=\"__tile105\"]"}
RESULT: {"using":"xpath","value":"//*[@id=\"__tile105\"]"}
COMMAND: POST /session/f199610b81d2740d08c28d2a7b12bbb6/element/f.2BFA133D83E8FE08190C073C8C008530.d.B910CBE04DA4A4075663F3C2B51C250C.e.3674/click - {}
RESULT: {}
COMMAND: GET /session/f199610b81d2740d08c28d2a7b12bbb6/screenshot - {}
RESULT: {}
COMMAND: POST /session/f199610b81d2740d08c28d2a7b12bbb6/elements - {"using":"xpath","value":"//span[text()='Error']"}
RESULT: {"using":"xpath","value":"//span[text()='Error']"}
COMMAND: POST /session/f199610b81d2740d08c28d2a7b12bbb6/element - {"using":"xpath","value":"//input[@id='application-warehousemovements-display-component---warehouseMovements--smartFilterBar-filterItemControl_BASIC-YARD-inner']"}
RESULT: {"using":"xpath","value":"//input[@id='application-warehousemovements-display-component---warehouseMovements--smartFilterBar-filterItemControl_BASIC-YARD-inner']"}
COMMAND: POST /session/f199610b81d2740d08c28d2a7b12bbb6/elements - {"using":"xpath","value":"//input[@id='application-warehousemovements-display-component---warehouseMovements--smartFilterBar-filterItemControl_BASIC-YARD-inner']"}
RESULT: {"using":"xpath","value":"//input[@id='application-warehousemovements-display-component---warehouseMovements--smartFilterBar-filterItemControl_BASIC-YARD-inner']"}
COMMAND: POST /session/f199610b81d2740d08c28d2a7b12bbb6/execute/sync - {"script":"<script> [8489 bytes]","args":[{"element-6066-11e4-a52e-4f735466cecf":"f.2BFA133D83E8FE08190C073C8C008530.d.B910CBE04DA4A4075663F3C2B51C250C.e.3695","ELEMENT":"f.2BFA133D83E8FE08190C073C8C008530.d.B910CBE04DA4A4075663F3C2B51C250C.e.3695"}]}
RESULT: {"script":"<script> [8489 bytes]","args":[{"element-6066-11e4-a52e-4f735466cecf":"f.2BFA133D83E8FE08190C073C8C008530.d.B910CBE04DA4A4075663F3C2B51C250C.e.3695","ELEMENT":"f.2BFA133D83E8FE08190C073C8C008530.d.B910CBE04DA4A4075663F3C2B51C250C.e.3695"}]}
COMMAND: GET /session/f199610b81d2740d08c28d2a7b12bbb6/element/f.2BFA133D83E8FE08190C073C8C008530.d.B910CBE04DA4A4075663F3C2B51C250C.e.3695/enabled - {}
COMMAND: GET /session/f199610b81d2740d08c28d2a7b12bbb6/screenshot - {}
RESULT: {}
COMMAND: POST /session/f199610b81d2740d08c28d2a7b12bbb6/execute/sync - {"script":"<script> [8489 bytes]","args":[{"element-6066-11e4-a52e-4f735466cecf":"f.2BFA133D83E8FE08190C073C8C008530.d.B910CBE04DA4A4075663F3C2B51C250C.e.3695","ELEMENT":"f.2BFA133D83E8FE08190C073C8C008530.d.B910CBE04DA4A4075663F3C2B51C250C.e.3695"}]}
COMMAND: GET /session/f199610b81d2740d08c28d2a7b12bbb6/screenshot - {}
RESULT: {}
RESULT: {"script":"<script> [8489 bytes]","args":[{"element-6066-11e4-a52e-4f735466cecf":"f.2BFA133D83E8FE08190C073C8C008530.d.B910CBE04DA4A4075663F3C2B51C250C.e.3695","ELEMENT":"f.2BFA133D83E8FE08190C073C8C008530.d.B910CBE04DA4A4075663F3C2B51C250C.e.3695"}]}
COMMAND: POST /session/f199610b81d2740d08c28d2a7b12bbb6/execute/sync - {"script":"<script> [5351 bytes]","args":[{"element-6066-11e4-a52e-4f735466cecf":"f.2BFA133D83E8FE08190C073C8C008530.d.B910CBE04DA4A4075663F3C2B51C250C.e.3695","ELEMENT":"f.2BFA133D83E8FE08190C073C8C008530.d.B910CBE04DA4A4075663F3C2B51C250C.e.3695"}]}
COMMAND: GET /session/f199610b81d2740d08c28d2a7b12bbb6/screenshot - {}
RESULT: {}
RESULT: {"script":"<script> [5351 bytes]","args":[{"element-6066-11e4-a52e-4f735466cecf":"f.2BFA133D83E8FE08190C073C8C008530.d.B910CBE04DA4A4075663F3C2B51C250C.e.3695","ELEMENT":"f.2BFA133D83E8FE08190C073C8C008530.d.B910CBE04DA4A4075663F3C2B51C250C.e.3695"}]}
COMMAND: GET /session/f199610b81d2740d08c28d2a7b12bbb6/screenshot - {}
RESULT: {}
RESULT: {}
COMMAND: POST /session/f199610b81d2740d08c28d2a7b12bbb6/element/f.2BFA133D83E8FE08190C073C8C008530.d.B910CBE04DA4A4075663F3C2B51C250C.e.3695/clear - {}
RESULT: {}
COMMAND: POST /session/f199610b81d2740d08c28d2a7b12bbb6/element/f.2BFA133D83E8FE08190C073C8C008530.d.B910CBE04DA4A4075663F3C2B51C250C.e.3695/value - {"text":"544"}
COMMAND: GET /session/f199610b81d2740d08c28d2a7b12bbb6/screenshot - {}
RESULT: {"text":"544"}
COMMAND: POST /session/f199610b81d2740d08c28d2a7b12bbb6/actions - {"actions":[{"id":"action13","type":"key","parameters":{},"actions":[{"type":"keyDown","value":"î€‡"},{"type":"pause","duration":10},{"type":"keyUp","value":"î€‡"}]}]}
COMMAND: GET /session/f199610b81d2740d08c28d2a7b12bbb6/screenshot - {}
RESULT: {}
RESULT: {"actions":[{"id":"action13","type":"key","parameters":{},"actions":[{"type":"keyDown","value":"î€‡"},{"type":"pause","duration":10},{"type":"keyUp","value":"î€‡"}]}]}
COMMAND: GET /session/f199610b81d2740d08c28d2a7b12bbb6/screenshot - {}
RESULT: {}
RESULT: {}
COMMAND: POST /session/f199610b81d2740d08c28d2a7b12bbb6/element - {"using":"xpath","value":"//button[contains(@data-kt, \"MasterMovementAddOverflowToolbarButton\")]"}
RESULT: {"using":"xpath","value":"//button[contains(@data-kt, \"MasterMovementAddOverflowToolbarButton\")]"}
COMMAND: POST /session/f199610b81d2740d08c28d2a7b12bbb6/element/f.2BFA133D83E8FE08190C073C8C008530.d.B910CBE04DA4A4075663F3C2B51C250C.e.3718/click - {}
RESULT: {}
COMMAND: GET /session/f199610b81d2740d08c28d2a7b12bbb6/screenshot - {}
RESULT: {}
COMMAND: POST /session/f199610b81d2740d08c28d2a7b12bbb6/element - {"using":"xpath","value":"//*[@id=\"application-warehousemovements-display-component---addMovement--sectionsList-arrow\"]"}
RESULT: {"using":"xpath","value":"//*[@id=\"application-warehousemovements-display-component---addMovement--sectionsList-arrow\"]"}
COMMAND: POST /session/f199610b81d2740d08c28d2a7b12bbb6/element/f.2BFA133D83E8FE08190C073C8C008530.d.B910CBE04DA4A4075663F3C2B51C250C.e.3869/click - {}
RESULT: {}
COMMAND: POST /session/f199610b81d2740d08c28d2a7b12bbb6/actions - {"actions":[{"id":"action14","type":"key","parameters":{},"actions":[{"type":"keyDown","value":"î€•"},{"type":"pause","duration":10},{"type":"keyUp","value":"î€•"}]}]}
COMMAND: GET /session/f199610b81d2740d08c28d2a7b12bbb6/screenshot - {}
RESULT: {"actions":[{"id":"action14","type":"key","parameters":{},"actions":[{"type":"keyDown","value":"î€•"},{"type":"pause","duration":10},{"type":"keyUp","value":"î€•"}]}]}
COMMAND: GET /session/f199610b81d2740d08c28d2a7b12bbb6/screenshot - {}
RESULT: {}
RESULT: {}
COMMAND: POST /session/f199610b81d2740d08c28d2a7b12bbb6/actions - {"actions":[{"id":"action15","type":"key","parameters":{},"actions":[{"type":"keyDown","value":"î€‡"},{"type":"pause","duration":10},{"type":"keyUp","value":"î€‡"}]}]}
RESULT: {"actions":[{"id":"action15","type":"key","parameters":{},"actions":[{"type":"keyDown","value":"î€‡"},{"type":"pause","duration":10},{"type":"keyUp","value":"î€‡"}]}]}
COMMAND: GET /session/f199610b81d2740d08c28d2a7b12bbb6/screenshot - {}
RESULT: {}
COMMAND: POST /session/f199610b81d2740d08c28d2a7b12bbb6/element - {"using":"xpath","value":"//*[@id=\"application-warehousemovements-display-component---addMovement--saveMovementBtn-BDI-content\" and text()=\"Save\"]"}
RESULT: {"using":"xpath","value":"//*[@id=\"application-warehousemovements-display-component---addMovement--saveMovementBtn-BDI-content\" and text()=\"Save\"]"}
COMMAND: POST /session/f199610b81d2740d08c28d2a7b12bbb6/element/f.2BFA133D83E8FE08190C073C8C008530.d.B910CBE04DA4A4075663F3C2B51C250C.e.3870/click - {}
RESULT: {}
COMMAND: GET /session/f199610b81d2740d08c28d2a7b12bbb6/screenshot - {}
RESULT: {}
COMMAND: POST /session/f199610b81d2740d08c28d2a7b12bbb6/element - {"using":"css selector","value":"#shell-header-logo"}
RESULT: {"using":"css selector","value":"#shell-header-logo"}
COMMAND: POST /session/f199610b81d2740d08c28d2a7b12bbb6/element/f.2BFA133D83E8FE08190C073C8C008530.d.B910CBE04DA4A4075663F3C2B51C250C.e.3676/click - {}
RESULT: {}
COMMAND: GET /session/f199610b81d2740d08c28d2a7b12bbb6/screenshot - {}
RESULT: {}
]]></system-out>
    </testcase>
    <testcase classname="chrome.136_0_7103_93.windows.Stock_increase_-_with_WHM_US125587" name="Should do a stock increase handover" time="101.172">
      <system-out><![CDATA[
COMMAND: POST /session/f199610b81d2740d08c28d2a7b12bbb6/execute/async - {"script":"<script> [1562 bytes]","args":[{"selector":{"controlType":"sap.m.GenericTile","properties":{"header":"Manage Handovers"}},"wdio_ui5_key":"sapm.GenericTile{\"header\":\"Manage Handovers\"}"}]}
RESULT: {"script":"<script> [1562 bytes]","args":[{"selector":{"controlType":"sap.m.GenericTile","properties":{"header":"Manage Handovers"}},"wdio_ui5_key":"sapm.GenericTile{\"header\":\"Manage Handovers\"}"}]}
RESULT: undefined
COMMAND: POST /session/f199610b81d2740d08c28d2a7b12bbb6/element - {"using":"xpath","value":"//*[@id=\"__tile130\"]"}
RESULT: {"using":"xpath","value":"//*[@id=\"__tile130\"]"}
COMMAND: POST /session/f199610b81d2740d08c28d2a7b12bbb6/element/f.2BFA133D83E8FE08190C073C8C008530.d.B910CBE04DA4A4075663F3C2B51C250C.e.208/click - {}
RESULT: {}
COMMAND: GET /session/f199610b81d2740d08c28d2a7b12bbb6/screenshot - {}
RESULT: {}
COMMAND: POST /session/f199610b81d2740d08c28d2a7b12bbb6/elements - {"using":"xpath","value":"//span[text()='Error']"}
RESULT: {"using":"xpath","value":"//span[text()='Error']"}
COMMAND: POST /session/f199610b81d2740d08c28d2a7b12bbb6/element - {"using":"xpath","value":"//button[@data-kt=\"masterHOAddButton\"]"}
RESULT: {"using":"xpath","value":"//button[@data-kt=\"masterHOAddButton\"]"}
COMMAND: POST /session/f199610b81d2740d08c28d2a7b12bbb6/elements - {"using":"xpath","value":"//button[@data-kt=\"masterHOAddButton\"]"}
RESULT: {"using":"xpath","value":"//button[@data-kt=\"masterHOAddButton\"]"}
COMMAND: POST /session/f199610b81d2740d08c28d2a7b12bbb6/element - {"using":"xpath","value":"//button[@data-kt=\"masterHOAddButton\"]"}
RESULT: {"using":"xpath","value":"//button[@data-kt=\"masterHOAddButton\"]"}
COMMAND: POST /session/f199610b81d2740d08c28d2a7b12bbb6/execute/sync - {"script":"<script> [8489 bytes]","args":[{"element-6066-11e4-a52e-4f735466cecf":"f.2BFA133D83E8FE08190C073C8C008530.d.B910CBE04DA4A4075663F3C2B51C250C.e.3969","ELEMENT":"f.2BFA133D83E8FE08190C073C8C008530.d.B910CBE04DA4A4075663F3C2B51C250C.e.3969"}]}
RESULT: {"script":"<script> [8489 bytes]","args":[{"element-6066-11e4-a52e-4f735466cecf":"f.2BFA133D83E8FE08190C073C8C008530.d.B910CBE04DA4A4075663F3C2B51C250C.e.3969","ELEMENT":"f.2BFA133D83E8FE08190C073C8C008530.d.B910CBE04DA4A4075663F3C2B51C250C.e.3969"}]}
COMMAND: GET /session/f199610b81d2740d08c28d2a7b12bbb6/element/f.2BFA133D83E8FE08190C073C8C008530.d.B910CBE04DA4A4075663F3C2B51C250C.e.3969/enabled - {}
COMMAND: GET /session/f199610b81d2740d08c28d2a7b12bbb6/screenshot - {}
RESULT: {}
RESULT: {}
COMMAND: POST /session/f199610b81d2740d08c28d2a7b12bbb6/execute/sync - {"script":"<script> [8489 bytes]","args":[{"element-6066-11e4-a52e-4f735466cecf":"f.2BFA133D83E8FE08190C073C8C008530.d.B910CBE04DA4A4075663F3C2B51C250C.e.3969","ELEMENT":"f.2BFA133D83E8FE08190C073C8C008530.d.B910CBE04DA4A4075663F3C2B51C250C.e.3969"}]}
COMMAND: GET /session/f199610b81d2740d08c28d2a7b12bbb6/screenshot - {}
RESULT: {"script":"<script> [8489 bytes]","args":[{"element-6066-11e4-a52e-4f735466cecf":"f.2BFA133D83E8FE08190C073C8C008530.d.B910CBE04DA4A4075663F3C2B51C250C.e.3969","ELEMENT":"f.2BFA133D83E8FE08190C073C8C008530.d.B910CBE04DA4A4075663F3C2B51C250C.e.3969"}]}
COMMAND: POST /session/f199610b81d2740d08c28d2a7b12bbb6/execute/sync - {"script":"<script> [5351 bytes]","args":[{"element-6066-11e4-a52e-4f735466cecf":"f.2BFA133D83E8FE08190C073C8C008530.d.B910CBE04DA4A4075663F3C2B51C250C.e.3969","ELEMENT":"f.2BFA133D83E8FE08190C073C8C008530.d.B910CBE04DA4A4075663F3C2B51C250C.e.3969"}]}
COMMAND: GET /session/f199610b81d2740d08c28d2a7b12bbb6/screenshot - {}
RESULT: {}
RESULT: {"script":"<script> [5351 bytes]","args":[{"element-6066-11e4-a52e-4f735466cecf":"f.2BFA133D83E8FE08190C073C8C008530.d.B910CBE04DA4A4075663F3C2B51C250C.e.3969","ELEMENT":"f.2BFA133D83E8FE08190C073C8C008530.d.B910CBE04DA4A4075663F3C2B51C250C.e.3969"}]}
COMMAND: POST /session/f199610b81d2740d08c28d2a7b12bbb6/element/f.2BFA133D83E8FE08190C073C8C008530.d.B910CBE04DA4A4075663F3C2B51C250C.e.3969/click - {}
COMMAND: GET /session/f199610b81d2740d08c28d2a7b12bbb6/screenshot - {}
RESULT: {}
RESULT: {}
COMMAND: GET /session/f199610b81d2740d08c28d2a7b12bbb6/screenshot - {}
RESULT: {}
COMMAND: POST /session/f199610b81d2740d08c28d2a7b12bbb6/element - {"using":"xpath","value":"//span[contains(@id ,\"AddNewHO--typeSelect-arrow\")]"}
RESULT: {}
RESULT: {"using":"xpath","value":"//span[contains(@id ,\"AddNewHO--typeSelect-arrow\")]"}
COMMAND: POST /session/f199610b81d2740d08c28d2a7b12bbb6/element/f.2BFA133D83E8FE08190C073C8C008530.d.B910CBE04DA4A4075663F3C2B51C250C.e.4333/click - {}
RESULT: {}
COMMAND: GET /session/f199610b81d2740d08c28d2a7b12bbb6/screenshot - {}
RESULT: {}
COMMAND: POST /session/f199610b81d2740d08c28d2a7b12bbb6/element - {"using":"xpath","value":"(//li[contains(text(), \"stock increase yard\")])[1]"}
RESULT: {"using":"xpath","value":"(//li[contains(text(), \"stock increase yard\")])[1]"}
COMMAND: POST /session/f199610b81d2740d08c28d2a7b12bbb6/element/f.2BFA133D83E8FE08190C073C8C008530.d.B910CBE04DA4A4075663F3C2B51C250C.e.4334/click - {}
RESULT: {}
COMMAND: GET /session/f199610b81d2740d08c28d2a7b12bbb6/screenshot - {}
RESULT: {}
COMMAND: POST /session/f199610b81d2740d08c28d2a7b12bbb6/execute/async - {"script":"<script> [1562 bytes]","args":[{"selector":{"id":"application-managehandovers-display-component---AddNewHO--dueDate","interaction":{"idSuffix":"inner"}},"wdio_ui5_key":"applicationmanagehandovers-display-component---AddNewHO--dueDate"}]}
RESULT: {"script":"<script> [1562 bytes]","args":[{"selector":{"id":"application-managehandovers-display-component---AddNewHO--dueDate","interaction":{"idSuffix":"inner"}},"wdio_ui5_key":"applicationmanagehandovers-display-component---AddNewHO--dueDate"}]}
RESULT: undefined
COMMAND: POST /session/f199610b81d2740d08c28d2a7b12bbb6/execute/async - {"script":"<script> [6424 bytes]","args":[{"element-6066-11e4-a52e-4f735466cecf":"f.2BFA133D83E8FE08190C073C8C008530.d.B910CBE04DA4A4075663F3C2B51C250C.e.4336"},"setValue",["5/19/25"]]}
RESULT: {"script":"<script> [6424 bytes]","args":[{"element-6066-11e4-a52e-4f735466cecf":"f.2BFA133D83E8FE08190C073C8C008530.d.B910CBE04DA4A4075663F3C2B51C250C.e.4336"},"setValue",["5/19/25"]]}
COMMAND: POST /session/f199610b81d2740d08c28d2a7b12bbb6/element - {"using":"xpath","value":"//input[@id=\"generalSectionFrg--receiveYard-inner\"]"}
RESULT: {"using":"xpath","value":"//input[@id=\"generalSectionFrg--receiveYard-inner\"]"}
COMMAND: POST /session/f199610b81d2740d08c28d2a7b12bbb6/element/f.2BFA133D83E8FE08190C073C8C008530.d.B910CBE04DA4A4075663F3C2B51C250C.e.4340/clear - {}
RESULT: {}
COMMAND: POST /session/f199610b81d2740d08c28d2a7b12bbb6/element/f.2BFA133D83E8FE08190C073C8C008530.d.B910CBE04DA4A4075663F3C2B51C250C.e.4340/value - {"text":"544"}
COMMAND: GET /session/f199610b81d2740d08c28d2a7b12bbb6/screenshot - {}
RESULT: {"text":"544"}
COMMAND: GET /session/f199610b81d2740d08c28d2a7b12bbb6/screenshot - {}
RESULT: {}
RESULT: {}
COMMAND: POST /session/f199610b81d2740d08c28d2a7b12bbb6/element - {"using":"xpath","value":"//li[.//span[text()='544']]"}
RESULT: {"using":"xpath","value":"//li[.//span[text()='544']]"}
COMMAND: POST /session/f199610b81d2740d08c28d2a7b12bbb6/element/f.2BFA133D83E8FE08190C073C8C008530.d.B910CBE04DA4A4075663F3C2B51C250C.e.4358/click - {}
RESULT: {}
COMMAND: GET /session/f199610b81d2740d08c28d2a7b12bbb6/screenshot - {}
RESULT: {}
COMMAND: POST /session/f199610b81d2740d08c28d2a7b12bbb6/execute/async - {"script":"<script> [1562 bytes]","args":[{"selector":{"id":"application-managehandovers-display-component---AddNewHO--ObjectPageLayout-anchBar-application-managehandovers-display-component---AddNewHO--section4-anchor","interaction":{"idSuffix":"BDI-content"}},"wdio_ui5_key":"applicationmanagehandovers-display-component---AddNewHO--ObjectPageLayout-anchBar-application-managehandovers-display-component---AddNewHO--section4-anchor"}]}
RESULT: {"script":"<script> [1562 bytes]","args":[{"selector":{"id":"application-managehandovers-display-component---AddNewHO--ObjectPageLayout-anchBar-application-managehandovers-display-component---AddNewHO--section4-anchor","interaction":{"idSuffix":"BDI-content"}},"wdio_ui5_key":"applicationmanagehandovers-display-component---AddNewHO--ObjectPageLayout-anchBar-application-managehandovers-display-component---AddNewHO--section4-anchor"}]}
RESULT: undefined
COMMAND: POST /session/f199610b81d2740d08c28d2a7b12bbb6/element - {"using":"xpath","value":"//*[@id=\"application-managehandovers-display-component---AddNewHO--ObjectPageLayout-anchBar-application-managehandovers-display-component---AddNewHO--section4-anchor\"]"}
RESULT: {"using":"xpath","value":"//*[@id=\"application-managehandovers-display-component---AddNewHO--ObjectPageLayout-anchBar-application-managehandovers-display-component---AddNewHO--section4-anchor\"]"}
COMMAND: POST /session/f199610b81d2740d08c28d2a7b12bbb6/element/f.2BFA133D83E8FE08190C073C8C008530.d.B910CBE04DA4A4075663F3C2B51C250C.e.4360/click - {}
RESULT: {}
COMMAND: POST /session/f199610b81d2740d08c28d2a7b12bbb6/element - {"using":"xpath","value":"//button[@aria-label=\"Add\"]"}
COMMAND: GET /session/f199610b81d2740d08c28d2a7b12bbb6/screenshot - {}
RESULT: {"using":"xpath","value":"//button[@aria-label=\"Add\"]"}
COMMAND: POST /session/f199610b81d2740d08c28d2a7b12bbb6/element/f.2BFA133D83E8FE08190C073C8C008530.d.B910CBE04DA4A4075663F3C2B51C250C.e.4362/click - {}
RESULT: {}
RESULT: {}
COMMAND: GET /session/f199610b81d2740d08c28d2a7b12bbb6/screenshot - {}
RESULT: {}
COMMAND: POST /session/f199610b81d2740d08c28d2a7b12bbb6/execute/async - {"script":"<script> [1562 bytes]","args":[{"selector":{"id":"application-managehandovers-display-component---AddNewHO--smartFilterBar-btnBasicSearch","searchOpenDialogs":true,"interaction":{"idSuffix":"I"}},"wdio_ui5_key":"applicationmanagehandovers-display-component---AddNewHO--smartFilterBar-btnBasicSearch"}]}
RESULT: {"script":"<script> [1562 bytes]","args":[{"selector":{"id":"application-managehandovers-display-component---AddNewHO--smartFilterBar-btnBasicSearch","searchOpenDialogs":true,"interaction":{"idSuffix":"I"}},"wdio_ui5_key":"applicationmanagehandovers-display-component---AddNewHO--smartFilterBar-btnBasicSearch"}]}
RESULT: undefined
COMMAND: POST /session/f199610b81d2740d08c28d2a7b12bbb6/execute/async - {"script":"<script> [776 bytes]","args":[{"enterText":"200289","selector":{"id":"application-managehandovers-display-component---AddNewHO--smartFilterBar-btnBasicSearch","searchOpenDialogs":true,"interaction":{"idSuffix":"I"}},"clearTextFirst":true,"interactionType":"ENTER_TEXT"}]}
RESULT: {"script":"<script> [776 bytes]","args":[{"enterText":"200289","selector":{"id":"application-managehandovers-display-component---AddNewHO--smartFilterBar-btnBasicSearch","searchOpenDialogs":true,"interaction":{"idSuffix":"I"}},"clearTextFirst":true,"interactionType":"ENTER_TEXT"}]}
COMMAND: POST /session/f199610b81d2740d08c28d2a7b12bbb6/actions - {"actions":[{"id":"action16","type":"key","parameters":{},"actions":[{"type":"keyDown","value":"î€‡"},{"type":"pause","duration":10},{"type":"keyUp","value":"î€‡"}]}]}
RESULT: {"actions":[{"id":"action16","type":"key","parameters":{},"actions":[{"type":"keyDown","value":"î€‡"},{"type":"pause","duration":10},{"type":"keyUp","value":"î€‡"}]}]}
COMMAND: GET /session/f199610b81d2740d08c28d2a7b12bbb6/screenshot - {}
RESULT: {}
COMMAND: POST /session/f199610b81d2740d08c28d2a7b12bbb6/execute/async - {"script":"<script> [1562 bytes]","args":[{"selector":{"id":"application-managehandovers-display-component---AddNewHO--popup-sa","searchOpenDialogs":true,"interaction":{"idSuffix":"CbBg"}},"wdio_ui5_key":"applicationmanagehandovers-display-component---AddNewHO--popup-sa"}]}
RESULT: {"script":"<script> [1562 bytes]","args":[{"selector":{"id":"application-managehandovers-display-component---AddNewHO--popup-sa","searchOpenDialogs":true,"interaction":{"idSuffix":"CbBg"}},"wdio_ui5_key":"applicationmanagehandovers-display-component---AddNewHO--popup-sa"}]}
RESULT: undefined
COMMAND: POST /session/f199610b81d2740d08c28d2a7b12bbb6/element - {"using":"xpath","value":"//*[@id=\"application-managehandovers-display-component---AddNewHO--popup-sa\"]"}
RESULT: {"using":"xpath","value":"//*[@id=\"application-managehandovers-display-component---AddNewHO--popup-sa\"]"}
COMMAND: POST /session/f199610b81d2740d08c28d2a7b12bbb6/element/f.2BFA133D83E8FE08190C073C8C008530.d.B910CBE04DA4A4075663F3C2B51C250C.e.4516/click - {}
RESULT: {}
COMMAND: GET /session/f199610b81d2740d08c28d2a7b12bbb6/screenshot - {}
RESULT: {}
COMMAND: POST /session/f199610b81d2740d08c28d2a7b12bbb6/element - {"using":"xpath","value":"//bdi[contains(text(), \"Select\")]"}
RESULT: {"using":"xpath","value":"//bdi[contains(text(), \"Select\")]"}
COMMAND: POST /session/f199610b81d2740d08c28d2a7b12bbb6/element/f.2BFA133D83E8FE08190C073C8C008530.d.B910CBE04DA4A4075663F3C2B51C250C.e.4517/click - {}
RESULT: {}
COMMAND: GET /session/f199610b81d2740d08c28d2a7b12bbb6/screenshot - {}
RESULT: {}
COMMAND: POST /session/f199610b81d2740d08c28d2a7b12bbb6/element - {"using":"xpath","value":"//button[@data-kt=\"AddNewHOSaveButton\"]"}
RESULT: {"using":"xpath","value":"//button[@data-kt=\"AddNewHOSaveButton\"]"}
COMMAND: POST /session/f199610b81d2740d08c28d2a7b12bbb6/element/f.2BFA133D83E8FE08190C073C8C008530.d.B910CBE04DA4A4075663F3C2B51C250C.e.4521/click - {}
RESULT: {}
COMMAND: GET /session/f199610b81d2740d08c28d2a7b12bbb6/screenshot - {}
RESULT: {}
COMMAND: POST /session/f199610b81d2740d08c28d2a7b12bbb6/execute/async - {"script":"<script> [1562 bytes]","args":[{"selector":{"id":"receiptDatePicker","viewName":"etm.portal.ui.managehandovers.view.DetailExecuteHO","interaction":{"idSuffix":"inner"}},"wdio_ui5_key":"receiptDatePickeretmportal.ui.managehandovers.view.DetailExecuteHO"}]}
RESULT: {"script":"<script> [1562 bytes]","args":[{"selector":{"id":"receiptDatePicker","viewName":"etm.portal.ui.managehandovers.view.DetailExecuteHO","interaction":{"idSuffix":"inner"}},"wdio_ui5_key":"receiptDatePickeretmportal.ui.managehandovers.view.DetailExecuteHO"}]}
RESULT: undefined
COMMAND: POST /session/f199610b81d2740d08c28d2a7b12bbb6/execute/async - {"script":"<script> [6424 bytes]","args":[{"element-6066-11e4-a52e-4f735466cecf":"f.2BFA133D83E8FE08190C073C8C008530.d.B910CBE04DA4A4075663F3C2B51C250C.e.4557"},"setValue",["5/19/25"]]}
RESULT: {"script":"<script> [6424 bytes]","args":[{"element-6066-11e4-a52e-4f735466cecf":"f.2BFA133D83E8FE08190C073C8C008530.d.B910CBE04DA4A4075663F3C2B51C250C.e.4557"},"setValue",["5/19/25"]]}
COMMAND: POST /session/f199610b81d2740d08c28d2a7b12bbb6/element - {"using":"xpath","value":"//button[@data-kt=\"PickingTableConfirmAllButton\"]"}
RESULT: {"using":"xpath","value":"//button[@data-kt=\"PickingTableConfirmAllButton\"]"}
COMMAND: POST /session/f199610b81d2740d08c28d2a7b12bbb6/element/f.2BFA133D83E8FE08190C073C8C008530.d.B910CBE04DA4A4075663F3C2B51C250C.e.4573/click - {}
RESULT: {}
COMMAND: GET /session/f199610b81d2740d08c28d2a7b12bbb6/screenshot - {}
RESULT: {}
COMMAND: POST /session/f199610b81d2740d08c28d2a7b12bbb6/element - {"using":"xpath","value":"//bdi[contains(text(), \"OK\")]"}
RESULT: {"using":"xpath","value":"//bdi[contains(text(), \"OK\")]"}
COMMAND: POST /session/f199610b81d2740d08c28d2a7b12bbb6/element/f.2BFA133D83E8FE08190C073C8C008530.d.B910CBE04DA4A4075663F3C2B51C250C.e.4575/click - {}
RESULT: {}
COMMAND: GET /session/f199610b81d2740d08c28d2a7b12bbb6/screenshot - {}
RESULT: {}
COMMAND: POST /session/f199610b81d2740d08c28d2a7b12bbb6/element - {"using":"xpath","value":"(//bdi[contains(text(), \"Receive\")])[2]"}
RESULT: {"using":"xpath","value":"(//bdi[contains(text(), \"Receive\")])[2]"}
COMMAND: POST /session/f199610b81d2740d08c28d2a7b12bbb6/element/f.2BFA133D83E8FE08190C073C8C008530.d.B910CBE04DA4A4075663F3C2B51C250C.e.4577/click - {}
RESULT: {}
COMMAND: GET /session/f199610b81d2740d08c28d2a7b12bbb6/screenshot - {}
RESULT: {}
COMMAND: POST /session/f199610b81d2740d08c28d2a7b12bbb6/element - {"using":"css selector","value":"#shell-header-logo"}
RESULT: {"using":"css selector","value":"#shell-header-logo"}
COMMAND: POST /session/f199610b81d2740d08c28d2a7b12bbb6/element/f.2BFA133D83E8FE08190C073C8C008530.d.B910CBE04DA4A4075663F3C2B51C250C.e.3940/click - {}
RESULT: {}
COMMAND: GET /session/f199610b81d2740d08c28d2a7b12bbb6/screenshot - {}
RESULT: {}
COMMAND: POST /session/f199610b81d2740d08c28d2a7b12bbb6/element - {"using":"css selector","value":"#j_username"}
COMMAND: POST /session/f199610b81d2740d08c28d2a7b12bbb6/url - {"url":"https://qa-testing-00-live-etm-ui.cfapps.eu10-004.hana.ondemand.com/"}
RESULT: {"using":"css selector","value":"#j_username"}
COMMAND: POST /session/f199610b81d2740d08c28d2a7b12bbb6/element - {"using":"css selector","value":"#j_username"}
RESULT: {"url":"https://qa-testing-00-live-etm-ui.cfapps.eu10-004.hana.ondemand.com/"}
RESULT: undefined
COMMAND: GET /session/f199610b81d2740d08c28d2a7b12bbb6/screenshot - {}
RESULT: {"using":"css selector","value":"#j_username"}
COMMAND: POST /session/f199610b81d2740d08c28d2a7b12bbb6/element - {"using":"css selector","value":"#shell-header-logo"}
RESULT: {}
RESULT: {"using":"css selector","value":"#shell-header-logo"}
COMMAND: POST /session/f199610b81d2740d08c28d2a7b12bbb6/execute/sync - {"script":"<script> [8489 bytes]","args":[{"element-6066-11e4-a52e-4f735466cecf":"f.2BFA133D83E8FE08190C073C8C008530.d.E7245A2F5973C9CE24A12DFA2D0E8268.e.4939","ELEMENT":"f.2BFA133D83E8FE08190C073C8C008530.d.E7245A2F5973C9CE24A12DFA2D0E8268.e.4939"}]}
RESULT: {"script":"<script> [8489 bytes]","args":[{"element-6066-11e4-a52e-4f735466cecf":"f.2BFA133D83E8FE08190C073C8C008530.d.E7245A2F5973C9CE24A12DFA2D0E8268.e.4939","ELEMENT":"f.2BFA133D83E8FE08190C073C8C008530.d.E7245A2F5973C9CE24A12DFA2D0E8268.e.4939"}]}
COMMAND: POST /session/f199610b81d2740d08c28d2a7b12bbb6/element - {"using":"css selector","value":"#shell-header-logo"}
COMMAND: GET /session/f199610b81d2740d08c28d2a7b12bbb6/screenshot - {}
RESULT: {"using":"css selector","value":"#shell-header-logo"}
COMMAND: POST /session/f199610b81d2740d08c28d2a7b12bbb6/execute/sync - {"script":"<script> [8489 bytes]","args":[{"element-6066-11e4-a52e-4f735466cecf":"f.2BFA133D83E8FE08190C073C8C008530.d.E7245A2F5973C9CE24A12DFA2D0E8268.e.4939","ELEMENT":"f.2BFA133D83E8FE08190C073C8C008530.d.E7245A2F5973C9CE24A12DFA2D0E8268.e.4939"}]}
RESULT: {}
RESULT: {"script":"<script> [8489 bytes]","args":[{"element-6066-11e4-a52e-4f735466cecf":"f.2BFA133D83E8FE08190C073C8C008530.d.E7245A2F5973C9CE24A12DFA2D0E8268.e.4939","ELEMENT":"f.2BFA133D83E8FE08190C073C8C008530.d.E7245A2F5973C9CE24A12DFA2D0E8268.e.4939"}]}
COMMAND: POST /session/f199610b81d2740d08c28d2a7b12bbb6/execute/sync - {"script":"<script> [5351 bytes]","args":[{"element-6066-11e4-a52e-4f735466cecf":"f.2BFA133D83E8FE08190C073C8C008530.d.E7245A2F5973C9CE24A12DFA2D0E8268.e.4939","ELEMENT":"f.2BFA133D83E8FE08190C073C8C008530.d.E7245A2F5973C9CE24A12DFA2D0E8268.e.4939"}]}
COMMAND: GET /session/f199610b81d2740d08c28d2a7b12bbb6/screenshot - {}
RESULT: {"script":"<script> [5351 bytes]","args":[{"element-6066-11e4-a52e-4f735466cecf":"f.2BFA133D83E8FE08190C073C8C008530.d.E7245A2F5973C9CE24A12DFA2D0E8268.e.4939","ELEMENT":"f.2BFA133D83E8FE08190C073C8C008530.d.E7245A2F5973C9CE24A12DFA2D0E8268.e.4939"}]}
COMMAND: POST /session/f199610b81d2740d08c28d2a7b12bbb6/element - {"using":"css selector","value":"#shell-header-logo"}
COMMAND: GET /session/f199610b81d2740d08c28d2a7b12bbb6/screenshot - {}
RESULT: {}
RESULT: {"using":"css selector","value":"#shell-header-logo"}
COMMAND: POST /session/f199610b81d2740d08c28d2a7b12bbb6/element/f.2BFA133D83E8FE08190C073C8C008530.d.E7245A2F5973C9CE24A12DFA2D0E8268.e.4939/click - {}
RESULT: {}
RESULT: {}
COMMAND: GET /session/f199610b81d2740d08c28d2a7b12bbb6/screenshot - {}
RESULT: {}
COMMAND: POST /session/f199610b81d2740d08c28d2a7b12bbb6/execute/async - {"script":"<script> [189 bytes]","args":[]}
RESULT: {"script":"<script> [189 bytes]","args":[]}
COMMAND: POST /session/f199610b81d2740d08c28d2a7b12bbb6/execute/async - {"script":"<script> [123 bytes]","args":[]}
RESULT: {"script":"<script> [123 bytes]","args":[]}
COMMAND: POST /session/f199610b81d2740d08c28d2a7b12bbb6/timeouts - {"script":"<number>"}
RESULT: {"script":"<number>"}
COMMAND: GET /session/f199610b81d2740d08c28d2a7b12bbb6/timeouts - {}
RESULT: {}
RESULT: undefined
COMMAND: POST /session/f199610b81d2740d08c28d2a7b12bbb6/execute/async - {"script":"<script> [2676 bytes]","args":[]}
RESULT: {"script":"<script> [2676 bytes]","args":[]}
COMMAND: POST /session/f199610b81d2740d08c28d2a7b12bbb6/execute/async - {"script":"<script> [2342 bytes]","args":[{"protocol":"http","hostname":"0.0.0.0","path":"/","capabilities":{"browserName":"chrome","goog:chromeOptions":{"binary":"C:\\Program Files\\Google\\Chrome\\Application\\chrome.exe","args":["--start-maximized"]}},"logLevel":"warn","connectionRetryTimeout":120000,"connectionRetryCount":3,"logLevels":{},"enableDirectConnect":true,"strictSSL":true,"_":"65 more keys: [\"cacheDir\",\"port\",\"requestedCapabilities\",\"automationProtocol\",\"baseUrl\",\"waitforInterval\",\"waitforTimeout\",\"onReload\",\"beforeCommand\",\"afterCommand\",\"rootDir\",\"specs\",\"suites\",\"exclude\",\"groupLogsByTestSpec\",\"excludeDriverLogs\",\"bail\",\"framework\",\"reporters\",\"services\",\"maxInstances\",\"maxInstancesPerCapability\",\"injectGlobals\",\"filesToWatch\",\"execArgv\",\"runnerEnv\",\"runner\",\"shard\",\"specFileRetries\",\"specFileRetriesDelay\",\"specFileRetriesDeferred\",\"reporterSyncInterval\",\"reporterSyncTimeout\",\"cucumberFeaturesWithLineNumbers\",\"autoCompileOpts\",\"mochaOpts\",\"jasmineOpts\",\"cucumberOpts\",\"onPrepare\",\"onWorkerStart\",\"onWorkerEnd\",\"before\",\"beforeSession\",\"beforeSuite\",\"beforeHook\",\"beforeTest\",\"afterTest\",\"afterHook\",\"afterSuite\",\"afterSession\",\"after\",\"onComplete\",\"beforeAssertion\",\"afterAssertion\",\"beforeFeature\",\"beforeScenario\",\"beforeStep\",\"afterStep\",\"afterScenario\",\"afterFeature\",\"_\",\"suite\",\"$0\",\"ignoredWorkerServices\",\"wdi5\"]"}]}
RESULT: {"script":"<script> [2342 bytes]","args":[{"protocol":"http","hostname":"0.0.0.0","path":"/","capabilities":{"browserName":"chrome","goog:chromeOptions":{"binary":"C:\\Program Files\\Google\\Chrome\\Application\\chrome.exe","args":["--start-maximized"]}},"logLevel":"warn","connectionRetryTimeout":120000,"connectionRetryCount":3,"logLevels":{},"enableDirectConnect":true,"strictSSL":true,"_":"65 more keys: [\"cacheDir\",\"port\",\"requestedCapabilities\",\"automationProtocol\",\"baseUrl\",\"waitforInterval\",\"waitforTimeout\",\"onReload\",\"beforeCommand\",\"afterCommand\",\"rootDir\",\"specs\",\"suites\",\"exclude\",\"groupLogsByTestSpec\",\"excludeDriverLogs\",\"bail\",\"framework\",\"reporters\",\"services\",\"maxInstances\",\"maxInstancesPerCapability\",\"injectGlobals\",\"filesToWatch\",\"execArgv\",\"runnerEnv\",\"runner\",\"shard\",\"specFileRetries\",\"specFileRetriesDelay\",\"specFileRetriesDeferred\",\"reporterSyncInterval\",\"reporterSyncTimeout\",\"cucumberFeaturesWithLineNumbers\",\"autoCompileOpts\",\"mochaOpts\",\"jasmineOpts\",\"cucumberOpts\",\"onPrepare\",\"onWorkerStart\",\"onWorkerEnd\",\"before\",\"beforeSession\",\"beforeSuite\",\"beforeHook\",\"beforeTest\",\"afterTest\",\"afterHook\",\"afterSuite\",\"afterSession\",\"after\",\"onComplete\",\"beforeAssertion\",\"afterAssertion\",\"beforeFeature\",\"beforeScenario\",\"beforeStep\",\"afterStep\",\"afterScenario\",\"afterFeature\",\"_\",\"suite\",\"$0\",\"ignoredWorkerServices\",\"wdi5\"]"}]}
COMMAND: POST /session/f199610b81d2740d08c28d2a7b12bbb6/execute/async - {"script":"<script> [21126 bytes]","args":[35000]}
RESULT: {"script":"<script> [21126 bytes]","args":[35000]}
COMMAND: POST /session/f199610b81d2740d08c28d2a7b12bbb6/window/maximize - {}
RESULT: {}
COMMAND: POST /session/f199610b81d2740d08c28d2a7b12bbb6/execute/async - {"script":"<script> [1562 bytes]","args":[{"selector":{"id":"shell-header","interaction":{"idSuffix":"icon"}},"wdio_ui5_key":"shellheader"}]}
COMMAND: GET /session/f199610b81d2740d08c28d2a7b12bbb6/screenshot - {}
RESULT: {"script":"<script> [1562 bytes]","args":[{"selector":{"id":"shell-header","interaction":{"idSuffix":"icon"}},"wdio_ui5_key":"shellheader"}]}
RESULT: undefined
COMMAND: POST /session/f199610b81d2740d08c28d2a7b12bbb6/window/fullscreen - {}
RESULT: {}
RESULT: {}
]]></system-out>
    </testcase>
  </testsuite>
  <testsuite timestamp="2025-05-19T08:41:53" time="162.702" tests="6" failures="0" errors="0" skipped="0">
    <properties>
      <property name="specId" value="0" />
      <property name="suiteName" value="Provide to Site w/ warehouse management w/ clarification US115878" />
      <property name="capabilities" value="chrome.136_0_7103_93.windows" />
      <property name="file" value="file:///D:/a/1/s/test/specs/HTR/provide-to-site-w-warehouse-w-clarification.spec.js" />
    </properties>
    <testcase classname="chrome.136_0_7103_93.windows.Provide_to_Site_w/_warehouse_management_w/_clarification_US115878" name="Should create a new WHM yard" time="0.022">
      <system-out><![CDATA[
COMMAND: POST /session/f199610b81d2740d08c28d2a7b12bbb6/window/fullscreen - {}
RESULT: {}
]]></system-out>
    </testcase>
    <testcase classname="chrome.136_0_7103_93.windows.Provide_to_Site_w/_warehouse_management_w/_clarification_US115878" name="Should create a new external WHM partner" time="0.005" />
    <testcase classname="chrome.136_0_7103_93.windows.Provide_to_Site_w/_warehouse_management_w/_clarification_US115878" name="Should create a new WHM site" time="0.004" />
    <testcase classname="chrome.136_0_7103_93.windows.Provide_to_Site_w/_warehouse_management_w/_clarification_US115878" name="Should create a new material" time="143.428">
      <system-out><![CDATA[
COMMAND: POST /session/f199610b81d2740d08c28d2a7b12bbb6/execute/async - {"script":"<script> [1562 bytes]","args":[{"selector":{"controlType":"sap.m.GenericTile","properties":{"header":"Manage Resources"}},"wdio_ui5_key":"sapm.GenericTile{\"header\":\"Manage Resources\"}"}]}
RESULT: {"script":"<script> [1562 bytes]","args":[{"selector":{"controlType":"sap.m.GenericTile","properties":{"header":"Manage Resources"}},"wdio_ui5_key":"sapm.GenericTile{\"header\":\"Manage Resources\"}"}]}
RESULT: undefined
COMMAND: POST /session/f199610b81d2740d08c28d2a7b12bbb6/element - {"using":"xpath","value":"//*[@id=\"__tile31\"]"}
RESULT: {"using":"xpath","value":"//*[@id=\"__tile31\"]"}
COMMAND: POST /session/f199610b81d2740d08c28d2a7b12bbb6/element/f.2BFA133D83E8FE08190C073C8C008530.d.E7245A2F5973C9CE24A12DFA2D0E8268.e.4961/click - {}
RESULT: {}
COMMAND: GET /session/f199610b81d2740d08c28d2a7b12bbb6/screenshot - {}
RESULT: {}
COMMAND: POST /session/f199610b81d2740d08c28d2a7b12bbb6/elements - {"using":"xpath","value":"//span[text()='Error']"}
RESULT: {"using":"xpath","value":"//span[text()='Error']"}
COMMAND: POST /session/f199610b81d2740d08c28d2a7b12bbb6/element - {"using":"xpath","value":"//button[@data-kt=\"addNewRUOverflowToolbarButton\"]"}
RESULT: {"using":"xpath","value":"//button[@data-kt=\"addNewRUOverflowToolbarButton\"]"}
COMMAND: POST /session/f199610b81d2740d08c28d2a7b12bbb6/elements - {"using":"xpath","value":"//button[@data-kt=\"addNewRUOverflowToolbarButton\"]"}
RESULT: {"using":"xpath","value":"//button[@data-kt=\"addNewRUOverflowToolbarButton\"]"}
COMMAND: POST /session/f199610b81d2740d08c28d2a7b12bbb6/elements - {"using":"xpath","value":"//button[@data-kt=\"addNewRUOverflowToolbarButton\"]"}
RESULT: {"using":"xpath","value":"//button[@data-kt=\"addNewRUOverflowToolbarButton\"]"}
COMMAND: POST /session/f199610b81d2740d08c28d2a7b12bbb6/elements - {"using":"xpath","value":"//button[@data-kt=\"addNewRUOverflowToolbarButton\"]"}
RESULT: {"using":"xpath","value":"//button[@data-kt=\"addNewRUOverflowToolbarButton\"]"}
COMMAND: POST /session/f199610b81d2740d08c28d2a7b12bbb6/elements - {"using":"xpath","value":"//button[@data-kt=\"addNewRUOverflowToolbarButton\"]"}
RESULT: {"using":"xpath","value":"//button[@data-kt=\"addNewRUOverflowToolbarButton\"]"}
COMMAND: POST /session/f199610b81d2740d08c28d2a7b12bbb6/elements - {"using":"xpath","value":"//button[@data-kt=\"addNewRUOverflowToolbarButton\"]"}
RESULT: {"using":"xpath","value":"//button[@data-kt=\"addNewRUOverflowToolbarButton\"]"}
COMMAND: POST /session/f199610b81d2740d08c28d2a7b12bbb6/elements - {"using":"xpath","value":"//button[@data-kt=\"addNewRUOverflowToolbarButton\"]"}
RESULT: {"using":"xpath","value":"//button[@data-kt=\"addNewRUOverflowToolbarButton\"]"}
COMMAND: POST /session/f199610b81d2740d08c28d2a7b12bbb6/elements - {"using":"xpath","value":"//button[@data-kt=\"addNewRUOverflowToolbarButton\"]"}
RESULT: {"using":"xpath","value":"//button[@data-kt=\"addNewRUOverflowToolbarButton\"]"}
COMMAND: POST /session/f199610b81d2740d08c28d2a7b12bbb6/elements - {"using":"xpath","value":"//button[@data-kt=\"addNewRUOverflowToolbarButton\"]"}
RESULT: {"using":"xpath","value":"//button[@data-kt=\"addNewRUOverflowToolbarButton\"]"}
COMMAND: POST /session/f199610b81d2740d08c28d2a7b12bbb6/elements - {"using":"xpath","value":"//button[@data-kt=\"addNewRUOverflowToolbarButton\"]"}
RESULT: {"using":"xpath","value":"//button[@data-kt=\"addNewRUOverflowToolbarButton\"]"}
COMMAND: POST /session/f199610b81d2740d08c28d2a7b12bbb6/elements - {"using":"xpath","value":"//button[@data-kt=\"addNewRUOverflowToolbarButton\"]"}
RESULT: {"using":"xpath","value":"//button[@data-kt=\"addNewRUOverflowToolbarButton\"]"}
COMMAND: POST /session/f199610b81d2740d08c28d2a7b12bbb6/elements - {"using":"xpath","value":"//button[@data-kt=\"addNewRUOverflowToolbarButton\"]"}
RESULT: {"using":"xpath","value":"//button[@data-kt=\"addNewRUOverflowToolbarButton\"]"}
COMMAND: POST /session/f199610b81d2740d08c28d2a7b12bbb6/elements - {"using":"xpath","value":"//button[@data-kt=\"addNewRUOverflowToolbarButton\"]"}
RESULT: {"using":"xpath","value":"//button[@data-kt=\"addNewRUOverflowToolbarButton\"]"}
COMMAND: POST /session/f199610b81d2740d08c28d2a7b12bbb6/elements - {"using":"xpath","value":"//button[@data-kt=\"addNewRUOverflowToolbarButton\"]"}
RESULT: {"using":"xpath","value":"//button[@data-kt=\"addNewRUOverflowToolbarButton\"]"}
COMMAND: POST /session/f199610b81d2740d08c28d2a7b12bbb6/elements - {"using":"xpath","value":"//button[@data-kt=\"addNewRUOverflowToolbarButton\"]"}
RESULT: {"using":"xpath","value":"//button[@data-kt=\"addNewRUOverflowToolbarButton\"]"}
COMMAND: POST /session/f199610b81d2740d08c28d2a7b12bbb6/elements - {"using":"xpath","value":"//button[@data-kt=\"addNewRUOverflowToolbarButton\"]"}
RESULT: {"using":"xpath","value":"//button[@data-kt=\"addNewRUOverflowToolbarButton\"]"}
COMMAND: POST /session/f199610b81d2740d08c28d2a7b12bbb6/elements - {"using":"xpath","value":"//button[@data-kt=\"addNewRUOverflowToolbarButton\"]"}
RESULT: {"using":"xpath","value":"//button[@data-kt=\"addNewRUOverflowToolbarButton\"]"}
COMMAND: POST /session/f199610b81d2740d08c28d2a7b12bbb6/elements - {"using":"xpath","value":"//button[@data-kt=\"addNewRUOverflowToolbarButton\"]"}
RESULT: {"using":"xpath","value":"//button[@data-kt=\"addNewRUOverflowToolbarButton\"]"}
COMMAND: POST /session/f199610b81d2740d08c28d2a7b12bbb6/elements - {"using":"xpath","value":"//button[@data-kt=\"addNewRUOverflowToolbarButton\"]"}
RESULT: {"using":"xpath","value":"//button[@data-kt=\"addNewRUOverflowToolbarButton\"]"}
COMMAND: POST /session/f199610b81d2740d08c28d2a7b12bbb6/elements - {"using":"xpath","value":"//button[@data-kt=\"addNewRUOverflowToolbarButton\"]"}
RESULT: {"using":"xpath","value":"//button[@data-kt=\"addNewRUOverflowToolbarButton\"]"}
COMMAND: POST /session/f199610b81d2740d08c28d2a7b12bbb6/elements - {"using":"xpath","value":"//button[@data-kt=\"addNewRUOverflowToolbarButton\"]"}
RESULT: {"using":"xpath","value":"//button[@data-kt=\"addNewRUOverflowToolbarButton\"]"}
COMMAND: POST /session/f199610b81d2740d08c28d2a7b12bbb6/elements - {"using":"xpath","value":"//button[@data-kt=\"addNewRUOverflowToolbarButton\"]"}
RESULT: {"using":"xpath","value":"//button[@data-kt=\"addNewRUOverflowToolbarButton\"]"}
COMMAND: POST /session/f199610b81d2740d08c28d2a7b12bbb6/elements - {"using":"xpath","value":"//button[@data-kt=\"addNewRUOverflowToolbarButton\"]"}
RESULT: {"using":"xpath","value":"//button[@data-kt=\"addNewRUOverflowToolbarButton\"]"}
COMMAND: POST /session/f199610b81d2740d08c28d2a7b12bbb6/elements - {"using":"xpath","value":"//button[@data-kt=\"addNewRUOverflowToolbarButton\"]"}
RESULT: {"using":"xpath","value":"//button[@data-kt=\"addNewRUOverflowToolbarButton\"]"}
COMMAND: POST /session/f199610b81d2740d08c28d2a7b12bbb6/elements - {"using":"xpath","value":"//button[@data-kt=\"addNewRUOverflowToolbarButton\"]"}
RESULT: {"using":"xpath","value":"//button[@data-kt=\"addNewRUOverflowToolbarButton\"]"}
COMMAND: POST /session/f199610b81d2740d08c28d2a7b12bbb6/elements - {"using":"xpath","value":"//button[@data-kt=\"addNewRUOverflowToolbarButton\"]"}
RESULT: {"using":"xpath","value":"//button[@data-kt=\"addNewRUOverflowToolbarButton\"]"}
COMMAND: POST /session/f199610b81d2740d08c28d2a7b12bbb6/elements - {"using":"xpath","value":"//button[@data-kt=\"addNewRUOverflowToolbarButton\"]"}
RESULT: {"using":"xpath","value":"//button[@data-kt=\"addNewRUOverflowToolbarButton\"]"}
COMMAND: POST /session/f199610b81d2740d08c28d2a7b12bbb6/elements - {"using":"xpath","value":"//button[@data-kt=\"addNewRUOverflowToolbarButton\"]"}
RESULT: {"using":"xpath","value":"//button[@data-kt=\"addNewRUOverflowToolbarButton\"]"}
COMMAND: POST /session/f199610b81d2740d08c28d2a7b12bbb6/elements - {"using":"xpath","value":"//button[@data-kt=\"addNewRUOverflowToolbarButton\"]"}
RESULT: {"using":"xpath","value":"//button[@data-kt=\"addNewRUOverflowToolbarButton\"]"}
COMMAND: POST /session/f199610b81d2740d08c28d2a7b12bbb6/elements - {"using":"xpath","value":"//button[@data-kt=\"addNewRUOverflowToolbarButton\"]"}
RESULT: {"using":"xpath","value":"//button[@data-kt=\"addNewRUOverflowToolbarButton\"]"}
COMMAND: POST /session/f199610b81d2740d08c28d2a7b12bbb6/elements - {"using":"xpath","value":"//button[@data-kt=\"addNewRUOverflowToolbarButton\"]"}
RESULT: {"using":"xpath","value":"//button[@data-kt=\"addNewRUOverflowToolbarButton\"]"}
COMMAND: POST /session/f199610b81d2740d08c28d2a7b12bbb6/element - {"using":"xpath","value":"//button[@data-kt=\"addNewRUOverflowToolbarButton\"]"}
RESULT: {"using":"xpath","value":"//button[@data-kt=\"addNewRUOverflowToolbarButton\"]"}
COMMAND: POST /session/f199610b81d2740d08c28d2a7b12bbb6/execute/sync - {"script":"<script> [8489 bytes]","args":[{"element-6066-11e4-a52e-4f735466cecf":"f.2BFA133D83E8FE08190C073C8C008530.d.E7245A2F5973C9CE24A12DFA2D0E8268.e.5089","ELEMENT":"f.2BFA133D83E8FE08190C073C8C008530.d.E7245A2F5973C9CE24A12DFA2D0E8268.e.5089"}]}
RESULT: {"script":"<script> [8489 bytes]","args":[{"element-6066-11e4-a52e-4f735466cecf":"f.2BFA133D83E8FE08190C073C8C008530.d.E7245A2F5973C9CE24A12DFA2D0E8268.e.5089","ELEMENT":"f.2BFA133D83E8FE08190C073C8C008530.d.E7245A2F5973C9CE24A12DFA2D0E8268.e.5089"}]}
COMMAND: GET /session/f199610b81d2740d08c28d2a7b12bbb6/element/f.2BFA133D83E8FE08190C073C8C008530.d.E7245A2F5973C9CE24A12DFA2D0E8268.e.5089/enabled - {}
COMMAND: GET /session/f199610b81d2740d08c28d2a7b12bbb6/screenshot - {}
RESULT: {}
COMMAND: POST /session/f199610b81d2740d08c28d2a7b12bbb6/execute/sync - {"script":"<script> [8489 bytes]","args":[{"element-6066-11e4-a52e-4f735466cecf":"f.2BFA133D83E8FE08190C073C8C008530.d.E7245A2F5973C9CE24A12DFA2D0E8268.e.5089","ELEMENT":"f.2BFA133D83E8FE08190C073C8C008530.d.E7245A2F5973C9CE24A12DFA2D0E8268.e.5089"}]}
COMMAND: GET /session/f199610b81d2740d08c28d2a7b12bbb6/screenshot - {}
RESULT: {}
RESULT: {"script":"<script> [8489 bytes]","args":[{"element-6066-11e4-a52e-4f735466cecf":"f.2BFA133D83E8FE08190C073C8C008530.d.E7245A2F5973C9CE24A12DFA2D0E8268.e.5089","ELEMENT":"f.2BFA133D83E8FE08190C073C8C008530.d.E7245A2F5973C9CE24A12DFA2D0E8268.e.5089"}]}
COMMAND: POST /session/f199610b81d2740d08c28d2a7b12bbb6/execute/sync - {"script":"<script> [5351 bytes]","args":[{"element-6066-11e4-a52e-4f735466cecf":"f.2BFA133D83E8FE08190C073C8C008530.d.E7245A2F5973C9CE24A12DFA2D0E8268.e.5089","ELEMENT":"f.2BFA133D83E8FE08190C073C8C008530.d.E7245A2F5973C9CE24A12DFA2D0E8268.e.5089"}]}
COMMAND: GET /session/f199610b81d2740d08c28d2a7b12bbb6/screenshot - {}
RESULT: {}
RESULT: {"script":"<script> [5351 bytes]","args":[{"element-6066-11e4-a52e-4f735466cecf":"f.2BFA133D83E8FE08190C073C8C008530.d.E7245A2F5973C9CE24A12DFA2D0E8268.e.5089","ELEMENT":"f.2BFA133D83E8FE08190C073C8C008530.d.E7245A2F5973C9CE24A12DFA2D0E8268.e.5089"}]}
COMMAND: POST /session/f199610b81d2740d08c28d2a7b12bbb6/element/f.2BFA133D83E8FE08190C073C8C008530.d.E7245A2F5973C9CE24A12DFA2D0E8268.e.5089/click - {}
COMMAND: GET /session/f199610b81d2740d08c28d2a7b12bbb6/screenshot - {}
RESULT: {}
RESULT: {}
COMMAND: GET /session/f199610b81d2740d08c28d2a7b12bbb6/screenshot - {}
RESULT: {}
RESULT: {}
COMMAND: POST /session/f199610b81d2740d08c28d2a7b12bbb6/execute/async - {"script":"<script> [1562 bytes]","args":[{"selector":{"id":"application-manageresources-display-component---newResourceUnit--TYPE-arrow"},"wdio_ui5_key":"applicationmanageresources-display-component---newResourceUnit--TYPE-arrow"}]}
RESULT: {"script":"<script> [1562 bytes]","args":[{"selector":{"id":"application-manageresources-display-component---newResourceUnit--TYPE-arrow"},"wdio_ui5_key":"applicationmanageresources-display-component---newResourceUnit--TYPE-arrow"}]}
RESULT: undefined
COMMAND: POST /session/f199610b81d2740d08c28d2a7b12bbb6/element - {"using":"xpath","value":"//*[@id=\"application-manageresources-display-component---newResourceUnit--TYPE-arrow\"]"}
RESULT: {"using":"xpath","value":"//*[@id=\"application-manageresources-display-component---newResourceUnit--TYPE-arrow\"]"}
COMMAND: POST /session/f199610b81d2740d08c28d2a7b12bbb6/element/f.2BFA133D83E8FE08190C073C8C008530.d.E7245A2F5973C9CE24A12DFA2D0E8268.e.5259/click - {}
RESULT: {}
COMMAND: POST /session/f199610b81d2740d08c28d2a7b12bbb6/element - {"using":"xpath","value":"//input[@id=\"application-manageresources-display-component---newResourceUnit--TYPE-inner\"]"}
COMMAND: GET /session/f199610b81d2740d08c28d2a7b12bbb6/screenshot - {}
RESULT: {"using":"xpath","value":"//input[@id=\"application-manageresources-display-component---newResourceUnit--TYPE-inner\"]"}
COMMAND: POST /session/f199610b81d2740d08c28d2a7b12bbb6/element/f.2BFA133D83E8FE08190C073C8C008530.d.E7245A2F5973C9CE24A12DFA2D0E8268.e.5141/clear - {}
RESULT: {}
RESULT: {}
COMMAND: POST /session/f199610b81d2740d08c28d2a7b12bbb6/element/f.2BFA133D83E8FE08190C073C8C008530.d.E7245A2F5973C9CE24A12DFA2D0E8268.e.5141/value - {"text":"Material"}
COMMAND: GET /session/f199610b81d2740d08c28d2a7b12bbb6/screenshot - {}
RESULT: {"text":"Material"}
COMMAND: GET /session/f199610b81d2740d08c28d2a7b12bbb6/screenshot - {}
RESULT: {}
RESULT: {}
COMMAND: POST /session/f199610b81d2740d08c28d2a7b12bbb6/actions - {"actions":[{"id":"action17","type":"key","parameters":{},"actions":[{"type":"keyDown","value":"î€‡"},{"type":"pause","duration":10},{"type":"keyUp","value":"î€‡"}]}]}
RESULT: {"actions":[{"id":"action17","type":"key","parameters":{},"actions":[{"type":"keyDown","value":"î€‡"},{"type":"pause","duration":10},{"type":"keyUp","value":"î€‡"}]}]}
COMMAND: POST /session/f199610b81d2740d08c28d2a7b12bbb6/execute/async - {"script":"<script> [1562 bytes]","args":[{"selector":{"id":"application-manageresources-display-component---newResourceUnit--SHORT_TEXT","interaction":{"idSuffix":"inner"}},"wdio_ui5_key":"applicationmanageresources-display-component---newResourceUnit--SHORT_TEXT"}]}
COMMAND: GET /session/f199610b81d2740d08c28d2a7b12bbb6/screenshot - {}
RESULT: {"script":"<script> [1562 bytes]","args":[{"selector":{"id":"application-manageresources-display-component---newResourceUnit--SHORT_TEXT","interaction":{"idSuffix":"inner"}},"wdio_ui5_key":"applicationmanageresources-display-component---newResourceUnit--SHORT_TEXT"}]}
RESULT: undefined
COMMAND: POST /session/f199610b81d2740d08c28d2a7b12bbb6/execute/async - {"script":"<script> [776 bytes]","args":[{"enterText":"Cement WDIO","selector":{"id":"application-manageresources-display-component---newResourceUnit--SHORT_TEXT","interaction":{"idSuffix":"inner"}},"clearTextFirst":true,"interactionType":"ENTER_TEXT"}]}
RESULT: {}
RESULT: {"script":"<script> [776 bytes]","args":[{"enterText":"Cement WDIO","selector":{"id":"application-manageresources-display-component---newResourceUnit--SHORT_TEXT","interaction":{"idSuffix":"inner"}},"clearTextFirst":true,"interactionType":"ENTER_TEXT"}]}
COMMAND: POST /session/f199610b81d2740d08c28d2a7b12bbb6/execute/async - {"script":"<script> [1562 bytes]","args":[{"selector":{"id":"application-manageresources-display-component---newResourceUnit--BASE_UNIT_OF_MEASURE","interaction":{"idSuffix":"inner"}},"wdio_ui5_key":"applicationmanageresources-display-component---newResourceUnit--BASE_UNIT_OF_MEASURE"}]}
RESULT: {"script":"<script> [1562 bytes]","args":[{"selector":{"id":"application-manageresources-display-component---newResourceUnit--BASE_UNIT_OF_MEASURE","interaction":{"idSuffix":"inner"}},"wdio_ui5_key":"applicationmanageresources-display-component---newResourceUnit--BASE_UNIT_OF_MEASURE"}]}
RESULT: undefined
COMMAND: POST /session/f199610b81d2740d08c28d2a7b12bbb6/execute/async - {"script":"<script> [776 bytes]","args":[{"enterText":"Piece","selector":{"id":"application-manageresources-display-component---newResourceUnit--BASE_UNIT_OF_MEASURE","interaction":{"idSuffix":"inner"}},"clearTextFirst":true,"interactionType":"ENTER_TEXT"}]}
RESULT: {"script":"<script> [776 bytes]","args":[{"enterText":"Piece","selector":{"id":"application-manageresources-display-component---newResourceUnit--BASE_UNIT_OF_MEASURE","interaction":{"idSuffix":"inner"}},"clearTextFirst":true,"interactionType":"ENTER_TEXT"}]}
COMMAND: POST /session/f199610b81d2740d08c28d2a7b12bbb6/execute/async - {"script":"<script> [1562 bytes]","args":[{"selector":{"id":"application-manageresources-display-component---newResourceUnit--WEIGHT_UNIT","interaction":{"idSuffix":"inner"}},"wdio_ui5_key":"applicationmanageresources-display-component---newResourceUnit--WEIGHT_UNIT"}]}
RESULT: {"script":"<script> [1562 bytes]","args":[{"selector":{"id":"application-manageresources-display-component---newResourceUnit--WEIGHT_UNIT","interaction":{"idSuffix":"inner"}},"wdio_ui5_key":"applicationmanageresources-display-component---newResourceUnit--WEIGHT_UNIT"}]}
RESULT: undefined
COMMAND: POST /session/f199610b81d2740d08c28d2a7b12bbb6/execute/async - {"script":"<script> [776 bytes]","args":[{"enterText":"Gram","selector":{"id":"application-manageresources-display-component---newResourceUnit--WEIGHT_UNIT","interaction":{"idSuffix":"inner"}},"clearTextFirst":true,"interactionType":"ENTER_TEXT"}]}
RESULT: {"script":"<script> [776 bytes]","args":[{"enterText":"Gram","selector":{"id":"application-manageresources-display-component---newResourceUnit--WEIGHT_UNIT","interaction":{"idSuffix":"inner"}},"clearTextFirst":true,"interactionType":"ENTER_TEXT"}]}
COMMAND: POST /session/f199610b81d2740d08c28d2a7b12bbb6/execute/async - {"script":"<script> [1562 bytes]","args":[{"selector":{"id":"application-manageresources-display-component---newResourceUnit--DIMENSION_UNIT","interaction":{"idSuffix":"inner"}},"wdio_ui5_key":"applicationmanageresources-display-component---newResourceUnit--DIMENSION_UNIT"}]}
RESULT: {"script":"<script> [1562 bytes]","args":[{"selector":{"id":"application-manageresources-display-component---newResourceUnit--DIMENSION_UNIT","interaction":{"idSuffix":"inner"}},"wdio_ui5_key":"applicationmanageresources-display-component---newResourceUnit--DIMENSION_UNIT"}]}
RESULT: undefined
COMMAND: POST /session/f199610b81d2740d08c28d2a7b12bbb6/execute/async - {"script":"<script> [776 bytes]","args":[{"enterText":"Meter","selector":{"id":"application-manageresources-display-component---newResourceUnit--DIMENSION_UNIT","interaction":{"idSuffix":"inner"}},"clearTextFirst":true,"interactionType":"ENTER_TEXT"}]}
RESULT: {"script":"<script> [776 bytes]","args":[{"enterText":"Meter","selector":{"id":"application-manageresources-display-component---newResourceUnit--DIMENSION_UNIT","interaction":{"idSuffix":"inner"}},"clearTextFirst":true,"interactionType":"ENTER_TEXT"}]}
COMMAND: POST /session/f199610b81d2740d08c28d2a7b12bbb6/execute/async - {"script":"<script> [1562 bytes]","args":[{"selector":{"id":"application-manageresources-display-component---newResourceUnit--newRRUPage-anchBar-application-manageresources-display-component---newResourceUnit--control-anchor","interaction":{"idSuffix":"BDI-content"}},"wdio_ui5_key":"applicationmanageresources-display-component---newResourceUnit--newRRUPage-anchBar-application-manageresources-display-component---newResourceUnit--control-anchor"}]}
RESULT: {"script":"<script> [1562 bytes]","args":[{"selector":{"id":"application-manageresources-display-component---newResourceUnit--newRRUPage-anchBar-application-manageresources-display-component---newResourceUnit--control-anchor","interaction":{"idSuffix":"BDI-content"}},"wdio_ui5_key":"applicationmanageresources-display-component---newResourceUnit--newRRUPage-anchBar-application-manageresources-display-component---newResourceUnit--control-anchor"}]}
RESULT: undefined
COMMAND: POST /session/f199610b81d2740d08c28d2a7b12bbb6/element - {"using":"xpath","value":"//*[@id=\"application-manageresources-display-component---newResourceUnit--newRRUPage-anchBar-application-manageresources-display-component---newResourceUnit--control-anchor\"]"}
RESULT: {"using":"xpath","value":"//*[@id=\"application-manageresources-display-component---newResourceUnit--newRRUPage-anchBar-application-manageresources-display-component---newResourceUnit--control-anchor\"]"}
COMMAND: POST /session/f199610b81d2740d08c28d2a7b12bbb6/element/f.2BFA133D83E8FE08190C073C8C008530.d.E7245A2F5973C9CE24A12DFA2D0E8268.e.5325/click - {}
RESULT: {}
COMMAND: POST /session/f199610b81d2740d08c28d2a7b12bbb6/execute/async - {"script":"<script> [1562 bytes]","args":[{"selector":{"id":"application-manageresources-display-component---newResourceUnit--PLANNING_GROUP","interaction":{"idSuffix":"inner"}},"wdio_ui5_key":"applicationmanageresources-display-component---newResourceUnit--PLANNING_GROUP"}]}
COMMAND: GET /session/f199610b81d2740d08c28d2a7b12bbb6/screenshot - {}
RESULT: {"script":"<script> [1562 bytes]","args":[{"selector":{"id":"application-manageresources-display-component---newResourceUnit--PLANNING_GROUP","interaction":{"idSuffix":"inner"}},"wdio_ui5_key":"applicationmanageresources-display-component---newResourceUnit--PLANNING_GROUP"}]}
RESULT: undefined
COMMAND: POST /session/f199610b81d2740d08c28d2a7b12bbb6/execute/async - {"script":"<script> [776 bytes]","args":[{"enterText":"Material","selector":{"id":"application-manageresources-display-component---newResourceUnit--PLANNING_GROUP","interaction":{"idSuffix":"inner"}},"clearTextFirst":true,"interactionType":"ENTER_TEXT"}]}
RESULT: {}
RESULT: {"script":"<script> [776 bytes]","args":[{"enterText":"Material","selector":{"id":"application-manageresources-display-component---newResourceUnit--PLANNING_GROUP","interaction":{"idSuffix":"inner"}},"clearTextFirst":true,"interactionType":"ENTER_TEXT"}]}
COMMAND: POST /session/f199610b81d2740d08c28d2a7b12bbb6/execute/async - {"script":"<script> [1562 bytes]","args":[{"selector":{"id":"application-manageresources-display-component---newResourceUnit--PLANNING_INDICATOR","interaction":{"idSuffix":"inner"}},"wdio_ui5_key":"applicationmanageresources-display-component---newResourceUnit--PLANNING_INDICATOR"}]}
RESULT: {"script":"<script> [1562 bytes]","args":[{"selector":{"id":"application-manageresources-display-component---newResourceUnit--PLANNING_INDICATOR","interaction":{"idSuffix":"inner"}},"wdio_ui5_key":"applicationmanageresources-display-component---newResourceUnit--PLANNING_INDICATOR"}]}
RESULT: undefined
COMMAND: POST /session/f199610b81d2740d08c28d2a7b12bbb6/execute/async - {"script":"<script> [776 bytes]","args":[{"enterText":"10 - infinite","selector":{"id":"application-manageresources-display-component---newResourceUnit--PLANNING_INDICATOR","interaction":{"idSuffix":"inner"}},"clearTextFirst":true,"interactionType":"ENTER_TEXT"}]}
RESULT: {"script":"<script> [776 bytes]","args":[{"enterText":"10 - infinite","selector":{"id":"application-manageresources-display-component---newResourceUnit--PLANNING_INDICATOR","interaction":{"idSuffix":"inner"}},"clearTextFirst":true,"interactionType":"ENTER_TEXT"}]}
COMMAND: POST /session/f199610b81d2740d08c28d2a7b12bbb6/element - {"using":"css selector","value":"#application-manageresources-display-component---newResourceUnit--btnAddTimeSegment"}
RESULT: {"using":"css selector","value":"#application-manageresources-display-component---newResourceUnit--btnAddTimeSegment"}
COMMAND: GET /session/f199610b81d2740d08c28d2a7b12bbb6/element/f.2BFA133D83E8FE08190C073C8C008530.d.E7245A2F5973C9CE24A12DFA2D0E8268.e.5333/rect - {}
RESULT: {}
COMMAND: GET /session/f199610b81d2740d08c28d2a7b12bbb6/window/rect - {}
RESULT: {}
COMMAND: POST /session/f199610b81d2740d08c28d2a7b12bbb6/execute/sync - {"script":"<script> [92 bytes]","args":[]}
RESULT: {"script":"<script> [92 bytes]","args":[]}
COMMAND: POST /session/f199610b81d2740d08c28d2a7b12bbb6/actions - {"actions":[{"id":"action18","type":"wheel","parameters":{},"actions":[{"type":"scroll","x":-1888,"y":-32,"deltaX":0,"deltaY":0,"duration":0,"origin":{"element-6066-11e4-a52e-4f735466cecf":"f.2BFA133D83E8FE08190C073C8C008530.d.E7245A2F5973C9CE24A12DFA2D0E8268.e.5333"}}]}]}
COMMAND: GET /session/f199610b81d2740d08c28d2a7b12bbb6/screenshot - {}
RESULT: {}
COMMAND: POST /session/f199610b81d2740d08c28d2a7b12bbb6/execute/sync - {"script":"<script> [79 bytes]","args":[{"element-6066-11e4-a52e-4f735466cecf":"f.2BFA133D83E8FE08190C073C8C008530.d.E7245A2F5973C9CE24A12DFA2D0E8268.e.5333","ELEMENT":"f.2BFA133D83E8FE08190C073C8C008530.d.E7245A2F5973C9CE24A12DFA2D0E8268.e.5333"},{"block":"start","inline":"nearest"}]}
RESULT: {"script":"<script> [79 bytes]","args":[{"element-6066-11e4-a52e-4f735466cecf":"f.2BFA133D83E8FE08190C073C8C008530.d.E7245A2F5973C9CE24A12DFA2D0E8268.e.5333","ELEMENT":"f.2BFA133D83E8FE08190C073C8C008530.d.E7245A2F5973C9CE24A12DFA2D0E8268.e.5333"},{"block":"start","inline":"nearest"}]}
COMMAND: POST /session/f199610b81d2740d08c28d2a7b12bbb6/execute/async - {"script":"<script> [1562 bytes]","args":[{"selector":{"id":"application-manageresources-display-component---newResourceUnit--btnAddTimeSegment","interaction":{"idSuffix":"inner"}},"wdio_ui5_key":"applicationmanageresources-display-component---newResourceUnit--btnAddTimeSegment"}]}
COMMAND: GET /session/f199610b81d2740d08c28d2a7b12bbb6/screenshot - {}
RESULT: {"script":"<script> [1562 bytes]","args":[{"selector":{"id":"application-manageresources-display-component---newResourceUnit--btnAddTimeSegment","interaction":{"idSuffix":"inner"}},"wdio_ui5_key":"applicationmanageresources-display-component---newResourceUnit--btnAddTimeSegment"}]}
RESULT: undefined
COMMAND: POST /session/f199610b81d2740d08c28d2a7b12bbb6/element - {"using":"xpath","value":"//*[@id=\"application-manageresources-display-component---newResourceUnit--btnAddTimeSegment\"]"}
RESULT: {}
RESULT: {"using":"xpath","value":"//*[@id=\"application-manageresources-display-component---newResourceUnit--btnAddTimeSegment\"]"}
COMMAND: POST /session/f199610b81d2740d08c28d2a7b12bbb6/element/f.2BFA133D83E8FE08190C073C8C008530.d.E7245A2F5973C9CE24A12DFA2D0E8268.e.5333/click - {}
RESULT: {}
COMMAND: GET /session/f199610b81d2740d08c28d2a7b12bbb6/screenshot - {}
RESULT: {}
COMMAND: POST /session/f199610b81d2740d08c28d2a7b12bbb6/element - {"using":"xpath","value":"//input[@id=\"application-manageresources-display-component---newResourceUnit--idRuTSAdmin-application-manageresources-display-component---newResourceUnit--RUTimeSegment-0-inner\"]"}
RESULT: {"using":"xpath","value":"//input[@id=\"application-manageresources-display-component---newResourceUnit--idRuTSAdmin-application-manageresources-display-component---newResourceUnit--RUTimeSegment-0-inner\"]"}
COMMAND: POST /session/f199610b81d2740d08c28d2a7b12bbb6/element/f.2BFA133D83E8FE08190C073C8C008530.d.E7245A2F5973C9CE24A12DFA2D0E8268.e.5338/clear - {}
RESULT: {}
COMMAND: POST /session/f199610b81d2740d08c28d2a7b12bbb6/element/f.2BFA133D83E8FE08190C073C8C008530.d.E7245A2F5973C9CE24A12DFA2D0E8268.e.5338/value - {"text":"544"}
COMMAND: GET /session/f199610b81d2740d08c28d2a7b12bbb6/screenshot - {}
RESULT: {"text":"544"}
COMMAND: GET /session/f199610b81d2740d08c28d2a7b12bbb6/screenshot - {}
RESULT: {}
RESULT: {}
COMMAND: POST /session/f199610b81d2740d08c28d2a7b12bbb6/element - {"using":"xpath","value":"//li[.//span[text()='544']]"}
RESULT: {"using":"xpath","value":"//li[.//span[text()='544']]"}
COMMAND: POST /session/f199610b81d2740d08c28d2a7b12bbb6/element/f.2BFA133D83E8FE08190C073C8C008530.d.E7245A2F5973C9CE24A12DFA2D0E8268.e.5349/click - {}
RESULT: {}
COMMAND: GET /session/f199610b81d2740d08c28d2a7b12bbb6/screenshot - {}
RESULT: {}
COMMAND: POST /session/f199610b81d2740d08c28d2a7b12bbb6/element - {"using":"xpath","value":"(//span[contains(@id, \"-application-manageresources-display-component---newResourceUnit--RUTimeSegment-0-arrow\")])[2]"}
RESULT: {"using":"xpath","value":"(//span[contains(@id, \"-application-manageresources-display-component---newResourceUnit--RUTimeSegment-0-arrow\")])[2]"}
COMMAND: POST /session/f199610b81d2740d08c28d2a7b12bbb6/element/f.2BFA133D83E8FE08190C073C8C008530.d.E7245A2F5973C9CE24A12DFA2D0E8268.e.5350/click - {}
RESULT: {}
COMMAND: POST /session/f199610b81d2740d08c28d2a7b12bbb6/element - {"using":"xpath","value":"//span[contains(text(), \"PM Order\")]"}
COMMAND: GET /session/f199610b81d2740d08c28d2a7b12bbb6/screenshot - {}
RESULT: {"using":"xpath","value":"//span[contains(text(), \"PM Order\")]"}
COMMAND: POST /session/f199610b81d2740d08c28d2a7b12bbb6/element/f.2BFA133D83E8FE08190C073C8C008530.d.E7245A2F5973C9CE24A12DFA2D0E8268.e.5351/click - {}
RESULT: {}
RESULT: {}
COMMAND: GET /session/f199610b81d2740d08c28d2a7b12bbb6/screenshot - {}
RESULT: {}
COMMAND: POST /session/f199610b81d2740d08c28d2a7b12bbb6/element - {"using":"xpath","value":"//td/div/div/div/span[contains(@id, \"newResourceUnit--RUTimeSegment-0-vhi\")][1]"}
RESULT: {"using":"xpath","value":"//td/div/div/div/span[contains(@id, \"newResourceUnit--RUTimeSegment-0-vhi\")][1]"}
COMMAND: GET /session/f199610b81d2740d08c28d2a7b12bbb6/element/f.2BFA133D83E8FE08190C073C8C008530.d.E7245A2F5973C9CE24A12DFA2D0E8268.e.5355/rect - {}
RESULT: {}
COMMAND: GET /session/f199610b81d2740d08c28d2a7b12bbb6/window/rect - {}
RESULT: {}
COMMAND: POST /session/f199610b81d2740d08c28d2a7b12bbb6/execute/sync - {"script":"<script> [92 bytes]","args":[]}
RESULT: {"script":"<script> [92 bytes]","args":[]}
COMMAND: POST /session/f199610b81d2740d08c28d2a7b12bbb6/actions - {"actions":[{"id":"action19","type":"wheel","parameters":{},"actions":[{"type":"scroll","x":-1888,"y":-24,"deltaX":0,"deltaY":0,"duration":0,"origin":{"element-6066-11e4-a52e-4f735466cecf":"f.2BFA133D83E8FE08190C073C8C008530.d.E7245A2F5973C9CE24A12DFA2D0E8268.e.5355"}}]}]}
COMMAND: GET /session/f199610b81d2740d08c28d2a7b12bbb6/screenshot - {}
RESULT: {}
COMMAND: POST /session/f199610b81d2740d08c28d2a7b12bbb6/execute/sync - {"script":"<script> [79 bytes]","args":[{"element-6066-11e4-a52e-4f735466cecf":"f.2BFA133D83E8FE08190C073C8C008530.d.E7245A2F5973C9CE24A12DFA2D0E8268.e.5355","ELEMENT":"f.2BFA133D83E8FE08190C073C8C008530.d.E7245A2F5973C9CE24A12DFA2D0E8268.e.5355"},{"block":"start","inline":"nearest"}]}
RESULT: {"script":"<script> [79 bytes]","args":[{"element-6066-11e4-a52e-4f735466cecf":"f.2BFA133D83E8FE08190C073C8C008530.d.E7245A2F5973C9CE24A12DFA2D0E8268.e.5355","ELEMENT":"f.2BFA133D83E8FE08190C073C8C008530.d.E7245A2F5973C9CE24A12DFA2D0E8268.e.5355"},{"block":"start","inline":"nearest"}]}
COMMAND: GET /session/f199610b81d2740d08c28d2a7b12bbb6/screenshot - {}
RESULT: {}
COMMAND: POST /session/f199610b81d2740d08c28d2a7b12bbb6/element/f.2BFA133D83E8FE08190C073C8C008530.d.E7245A2F5973C9CE24A12DFA2D0E8268.e.5355/click - {}
RESULT: {}
COMMAND: GET /session/f199610b81d2740d08c28d2a7b12bbb6/screenshot - {}
RESULT: {}
COMMAND: POST /session/f199610b81d2740d08c28d2a7b12bbb6/execute/async - {"script":"<script> [1562 bytes]","args":[{"selector":{"controlType":"sap.m.SearchField","properties":{"placeholder":"Search"},"searchOpenDialogs":true,"interaction":{"idSuffix":"I"}},"wdio_ui5_key":"sapm.SearchField{\"placeholder\":\"Search\"}"}]}
RESULT: {"script":"<script> [1562 bytes]","args":[{"selector":{"controlType":"sap.m.SearchField","properties":{"placeholder":"Search"},"searchOpenDialogs":true,"interaction":{"idSuffix":"I"}},"wdio_ui5_key":"sapm.SearchField{\"placeholder\":\"Search\"}"}]}
RESULT: undefined
COMMAND: POST /session/f199610b81d2740d08c28d2a7b12bbb6/execute/async - {"script":"<script> [776 bytes]","args":[{"enterText":"4000360","selector":{"controlType":"sap.m.SearchField","properties":{"placeholder":"Search"},"searchOpenDialogs":true,"interaction":{"idSuffix":"I"}},"clearTextFirst":true,"interactionType":"ENTER_TEXT"}]}
RESULT: {"script":"<script> [776 bytes]","args":[{"enterText":"4000360","selector":{"controlType":"sap.m.SearchField","properties":{"placeholder":"Search"},"searchOpenDialogs":true,"interaction":{"idSuffix":"I"}},"clearTextFirst":true,"interactionType":"ENTER_TEXT"}]}
COMMAND: POST /session/f199610b81d2740d08c28d2a7b12bbb6/actions - {"actions":[{"id":"action20","type":"key","parameters":{},"actions":[{"type":"keyDown","value":"î€‡"},{"type":"pause","duration":10},{"type":"keyUp","value":"î€‡"}]}]}
RESULT: {"actions":[{"id":"action20","type":"key","parameters":{},"actions":[{"type":"keyDown","value":"î€‡"},{"type":"pause","duration":10},{"type":"keyUp","value":"î€‡"}]}]}
COMMAND: GET /session/f199610b81d2740d08c28d2a7b12bbb6/screenshot - {}
RESULT: {}
COMMAND: POST /session/f199610b81d2740d08c28d2a7b12bbb6/element - {"using":"xpath","value":"//td/div/span[contains(text(), \"BGL Vehicles\")]"}
RESULT: {"using":"xpath","value":"//td/div/span[contains(text(), \"BGL Vehicles\")]"}
COMMAND: POST /session/f199610b81d2740d08c28d2a7b12bbb6/element/f.2BFA133D83E8FE08190C073C8C008530.d.E7245A2F5973C9CE24A12DFA2D0E8268.e.5375/click - {}
RESULT: {}
COMMAND: GET /session/f199610b81d2740d08c28d2a7b12bbb6/screenshot - {}
RESULT: {}
COMMAND: POST /session/f199610b81d2740d08c28d2a7b12bbb6/element - {"using":"xpath","value":"//bdi[contains(text(), \"OK\")]"}
RESULT: {"using":"xpath","value":"//bdi[contains(text(), \"OK\")]"}
COMMAND: POST /session/f199610b81d2740d08c28d2a7b12bbb6/element/f.2BFA133D83E8FE08190C073C8C008530.d.E7245A2F5973C9CE24A12DFA2D0E8268.e.5376/click - {}
RESULT: {}
COMMAND: GET /session/f199610b81d2740d08c28d2a7b12bbb6/screenshot - {}
RESULT: {}
COMMAND: POST /session/f199610b81d2740d08c28d2a7b12bbb6/element - {"using":"xpath","value":"//label[contains(@class, 'sapMLabelRequired') and .//bdi[contains(text(), 'Planned Retirement')]]"}
RESULT: {"using":"xpath","value":"//label[contains(@class, 'sapMLabelRequired') and .//bdi[contains(text(), 'Planned Retirement')]]"}
COMMAND: POST /session/f199610b81d2740d08c28d2a7b12bbb6/elements - {"using":"xpath","value":"//label[contains(@class, 'sapMLabelRequired') and .//bdi[contains(text(), 'Planned Retirement')]]"}
RESULT: {"using":"xpath","value":"//label[contains(@class, 'sapMLabelRequired') and .//bdi[contains(text(), 'Planned Retirement')]]"}
COMMAND: POST /session/f199610b81d2740d08c28d2a7b12bbb6/element - {"using":"xpath","value":"//button[@data-kt=\"resourceUnitSaveButton\"]"}
RESULT: {"using":"xpath","value":"//button[@data-kt=\"resourceUnitSaveButton\"]"}
COMMAND: POST /session/f199610b81d2740d08c28d2a7b12bbb6/element/f.2BFA133D83E8FE08190C073C8C008530.d.E7245A2F5973C9CE24A12DFA2D0E8268.e.5278/click - {}
RESULT: {}
COMMAND: GET /session/f199610b81d2740d08c28d2a7b12bbb6/screenshot - {}
RESULT: {}
COMMAND: POST /session/f199610b81d2740d08c28d2a7b12bbb6/element - {"using":"xpath","value":"//bdi[contains(text(), \"Close\")]"}
RESULT: {"using":"xpath","value":"//bdi[contains(text(), \"Close\")]"}
COMMAND: POST /session/f199610b81d2740d08c28d2a7b12bbb6/element/f.2BFA133D83E8FE08190C073C8C008530.d.E7245A2F5973C9CE24A12DFA2D0E8268.e.5382/click - {}
RESULT: {}
COMMAND: GET /session/f199610b81d2740d08c28d2a7b12bbb6/screenshot - {}
RESULT: {}
COMMAND: POST /session/f199610b81d2740d08c28d2a7b12bbb6/element - {"using":"xpath","value":"//header[contains(@id, 'detailRruPage-headerTitle')]/div[1]/div[2]/div[2]/span[1]"}
RESULT: {"using":"xpath","value":"//header[contains(@id, 'detailRruPage-headerTitle')]/div[1]/div[2]/div[2]/span[1]"}
COMMAND: POST /session/f199610b81d2740d08c28d2a7b12bbb6/elements - {"using":"xpath","value":"//header[contains(@id, 'detailRruPage-headerTitle')]/div[1]/div[2]/div[2]/span[1]"}
RESULT: {"using":"xpath","value":"//header[contains(@id, 'detailRruPage-headerTitle')]/div[1]/div[2]/div[2]/span[1]"}
COMMAND: POST /session/f199610b81d2740d08c28d2a7b12bbb6/execute/sync - {"script":"<script> [56 bytes]","args":[{"element-6066-11e4-a52e-4f735466cecf":"f.2BFA133D83E8FE08190C073C8C008530.d.E7245A2F5973C9CE24A12DFA2D0E8268.e.5417","ELEMENT":"f.2BFA133D83E8FE08190C073C8C008530.d.E7245A2F5973C9CE24A12DFA2D0E8268.e.5417"}]}
RESULT: {"script":"<script> [56 bytes]","args":[{"element-6066-11e4-a52e-4f735466cecf":"f.2BFA133D83E8FE08190C073C8C008530.d.E7245A2F5973C9CE24A12DFA2D0E8268.e.5417","ELEMENT":"f.2BFA133D83E8FE08190C073C8C008530.d.E7245A2F5973C9CE24A12DFA2D0E8268.e.5417"}]}
COMMAND: POST /session/f199610b81d2740d08c28d2a7b12bbb6/element - {"using":"css selector","value":"#shell-header-logo"}
COMMAND: GET /session/f199610b81d2740d08c28d2a7b12bbb6/screenshot - {}
RESULT: {"using":"css selector","value":"#shell-header-logo"}
COMMAND: POST /session/f199610b81d2740d08c28d2a7b12bbb6/element/f.2BFA133D83E8FE08190C073C8C008530.d.E7245A2F5973C9CE24A12DFA2D0E8268.e.4939/click - {}
RESULT: {}
RESULT: {}
COMMAND: GET /session/f199610b81d2740d08c28d2a7b12bbb6/screenshot - {}
RESULT: {}
]]></system-out>
    </testcase>
    <testcase classname="chrome.136_0_7103_93.windows.Provide_to_Site_w/_warehouse_management_w/_clarification_US115878" name="Bin Status Report Should Create New Organization yard" time="0.005" />
    <testcase classname="chrome.136_0_7103_93.windows.Provide_to_Site_w/_warehouse_management_w/_clarification_US115878" name="Bin Status Report Should Create New Organization for Site" time="0.004" />
  </testsuite>
  <testsuite timestamp="2025-05-19T08:44:35" time="514.91" tests="6" failures="0" errors="0" skipped="0">
    <properties>
      <property name="specId" value="0" />
      <property name="suiteName" value="Provide to Site w/ warehouse management w clarification" />
      <property name="capabilities" value="chrome.136_0_7103_93.windows" />
      <property name="file" value="file:///D:/a/1/s/test/specs/HTR/provide-to-site-w-warehouse-w-clarification.spec.js" />
    </properties>
    <testcase classname="chrome.136_0_7103_93.windows.Provide_to_Site_w/_warehouse_management_w_clarification" name="Should do a stock increase handover" time="100.089">
      <system-out><![CDATA[
COMMAND: POST /session/f199610b81d2740d08c28d2a7b12bbb6/execute/async - {"script":"<script> [1562 bytes]","args":[{"selector":{"controlType":"sap.m.GenericTile","properties":{"header":"Manage Handovers"}},"wdio_ui5_key":"sapm.GenericTile{\"header\":\"Manage Handovers\"}"}]}
RESULT: {"script":"<script> [1562 bytes]","args":[{"selector":{"controlType":"sap.m.GenericTile","properties":{"header":"Manage Handovers"}},"wdio_ui5_key":"sapm.GenericTile{\"header\":\"Manage Handovers\"}"}]}
RESULT: undefined
COMMAND: POST /session/f199610b81d2740d08c28d2a7b12bbb6/element - {"using":"xpath","value":"//*[@id=\"__tile131\"]"}
RESULT: {"using":"xpath","value":"//*[@id=\"__tile131\"]"}
COMMAND: POST /session/f199610b81d2740d08c28d2a7b12bbb6/element/f.2BFA133D83E8FE08190C073C8C008530.d.E7245A2F5973C9CE24A12DFA2D0E8268.e.4988/click - {}
RESULT: {}
COMMAND: GET /session/f199610b81d2740d08c28d2a7b12bbb6/screenshot - {}
RESULT: {}
COMMAND: POST /session/f199610b81d2740d08c28d2a7b12bbb6/elements - {"using":"xpath","value":"//span[text()='Error']"}
RESULT: {"using":"xpath","value":"//span[text()='Error']"}
COMMAND: POST /session/f199610b81d2740d08c28d2a7b12bbb6/element - {"using":"xpath","value":"//button[@data-kt=\"masterHOAddButton\"]"}
RESULT: {"using":"xpath","value":"//button[@data-kt=\"masterHOAddButton\"]"}
COMMAND: POST /session/f199610b81d2740d08c28d2a7b12bbb6/elements - {"using":"xpath","value":"//button[@data-kt=\"masterHOAddButton\"]"}
RESULT: {"using":"xpath","value":"//button[@data-kt=\"masterHOAddButton\"]"}
COMMAND: POST /session/f199610b81d2740d08c28d2a7b12bbb6/execute/sync - {"script":"<script> [8489 bytes]","args":[{"element-6066-11e4-a52e-4f735466cecf":"f.2BFA133D83E8FE08190C073C8C008530.d.E7245A2F5973C9CE24A12DFA2D0E8268.e.5459","ELEMENT":"f.2BFA133D83E8FE08190C073C8C008530.d.E7245A2F5973C9CE24A12DFA2D0E8268.e.5459"}]}
RESULT: {"script":"<script> [8489 bytes]","args":[{"element-6066-11e4-a52e-4f735466cecf":"f.2BFA133D83E8FE08190C073C8C008530.d.E7245A2F5973C9CE24A12DFA2D0E8268.e.5459","ELEMENT":"f.2BFA133D83E8FE08190C073C8C008530.d.E7245A2F5973C9CE24A12DFA2D0E8268.e.5459"}]}
COMMAND: GET /session/f199610b81d2740d08c28d2a7b12bbb6/element/f.2BFA133D83E8FE08190C073C8C008530.d.E7245A2F5973C9CE24A12DFA2D0E8268.e.5459/enabled - {}
COMMAND: GET /session/f199610b81d2740d08c28d2a7b12bbb6/screenshot - {}
RESULT: {}
COMMAND: POST /session/f199610b81d2740d08c28d2a7b12bbb6/execute/sync - {"script":"<script> [8489 bytes]","args":[{"element-6066-11e4-a52e-4f735466cecf":"f.2BFA133D83E8FE08190C073C8C008530.d.E7245A2F5973C9CE24A12DFA2D0E8268.e.5459","ELEMENT":"f.2BFA133D83E8FE08190C073C8C008530.d.E7245A2F5973C9CE24A12DFA2D0E8268.e.5459"}]}
COMMAND: GET /session/f199610b81d2740d08c28d2a7b12bbb6/screenshot - {}
RESULT: {}
RESULT: {"script":"<script> [8489 bytes]","args":[{"element-6066-11e4-a52e-4f735466cecf":"f.2BFA133D83E8FE08190C073C8C008530.d.E7245A2F5973C9CE24A12DFA2D0E8268.e.5459","ELEMENT":"f.2BFA133D83E8FE08190C073C8C008530.d.E7245A2F5973C9CE24A12DFA2D0E8268.e.5459"}]}
COMMAND: POST /session/f199610b81d2740d08c28d2a7b12bbb6/execute/sync - {"script":"<script> [5351 bytes]","args":[{"element-6066-11e4-a52e-4f735466cecf":"f.2BFA133D83E8FE08190C073C8C008530.d.E7245A2F5973C9CE24A12DFA2D0E8268.e.5459","ELEMENT":"f.2BFA133D83E8FE08190C073C8C008530.d.E7245A2F5973C9CE24A12DFA2D0E8268.e.5459"}]}
COMMAND: GET /session/f199610b81d2740d08c28d2a7b12bbb6/screenshot - {}
RESULT: {}
RESULT: {"script":"<script> [5351 bytes]","args":[{"element-6066-11e4-a52e-4f735466cecf":"f.2BFA133D83E8FE08190C073C8C008530.d.E7245A2F5973C9CE24A12DFA2D0E8268.e.5459","ELEMENT":"f.2BFA133D83E8FE08190C073C8C008530.d.E7245A2F5973C9CE24A12DFA2D0E8268.e.5459"}]}
COMMAND: POST /session/f199610b81d2740d08c28d2a7b12bbb6/element/f.2BFA133D83E8FE08190C073C8C008530.d.E7245A2F5973C9CE24A12DFA2D0E8268.e.5459/click - {}
COMMAND: GET /session/f199610b81d2740d08c28d2a7b12bbb6/screenshot - {}
RESULT: {}
RESULT: {}
COMMAND: GET /session/f199610b81d2740d08c28d2a7b12bbb6/screenshot - {}
RESULT: {}
COMMAND: POST /session/f199610b81d2740d08c28d2a7b12bbb6/element - {"using":"xpath","value":"//span[contains(@id ,\"AddNewHO--typeSelect-arrow\")]"}
RESULT: {}
RESULT: {"using":"xpath","value":"//span[contains(@id ,\"AddNewHO--typeSelect-arrow\")]"}
COMMAND: POST /session/f199610b81d2740d08c28d2a7b12bbb6/element/f.2BFA133D83E8FE08190C073C8C008530.d.E7245A2F5973C9CE24A12DFA2D0E8268.e.5811/click - {}
RESULT: {}
COMMAND: GET /session/f199610b81d2740d08c28d2a7b12bbb6/screenshot - {}
RESULT: {}
COMMAND: POST /session/f199610b81d2740d08c28d2a7b12bbb6/element - {"using":"xpath","value":"(//li[contains(text(), \"stock increase yard\")])[1]"}
RESULT: {"using":"xpath","value":"(//li[contains(text(), \"stock increase yard\")])[1]"}
COMMAND: POST /session/f199610b81d2740d08c28d2a7b12bbb6/element/f.2BFA133D83E8FE08190C073C8C008530.d.E7245A2F5973C9CE24A12DFA2D0E8268.e.5812/click - {}
RESULT: {}
COMMAND: GET /session/f199610b81d2740d08c28d2a7b12bbb6/screenshot - {}
RESULT: {}
COMMAND: POST /session/f199610b81d2740d08c28d2a7b12bbb6/execute/async - {"script":"<script> [1562 bytes]","args":[{"selector":{"id":"application-managehandovers-display-component---AddNewHO--dueDate","interaction":{"idSuffix":"inner"}},"wdio_ui5_key":"applicationmanagehandovers-display-component---AddNewHO--dueDate"}]}
RESULT: {"script":"<script> [1562 bytes]","args":[{"selector":{"id":"application-managehandovers-display-component---AddNewHO--dueDate","interaction":{"idSuffix":"inner"}},"wdio_ui5_key":"applicationmanagehandovers-display-component---AddNewHO--dueDate"}]}
RESULT: undefined
COMMAND: POST /session/f199610b81d2740d08c28d2a7b12bbb6/execute/async - {"script":"<script> [6424 bytes]","args":[{"element-6066-11e4-a52e-4f735466cecf":"f.2BFA133D83E8FE08190C073C8C008530.d.E7245A2F5973C9CE24A12DFA2D0E8268.e.5816"},"setValue",["5/19/25"]]}
RESULT: {"script":"<script> [6424 bytes]","args":[{"element-6066-11e4-a52e-4f735466cecf":"f.2BFA133D83E8FE08190C073C8C008530.d.E7245A2F5973C9CE24A12DFA2D0E8268.e.5816"},"setValue",["5/19/25"]]}
COMMAND: POST /session/f199610b81d2740d08c28d2a7b12bbb6/element - {"using":"xpath","value":"//input[@id=\"generalSectionFrg--receiveYard-inner\"]"}
RESULT: {"using":"xpath","value":"//input[@id=\"generalSectionFrg--receiveYard-inner\"]"}
COMMAND: POST /session/f199610b81d2740d08c28d2a7b12bbb6/element/f.2BFA133D83E8FE08190C073C8C008530.d.E7245A2F5973C9CE24A12DFA2D0E8268.e.5820/clear - {}
RESULT: {}
COMMAND: POST /session/f199610b81d2740d08c28d2a7b12bbb6/element/f.2BFA133D83E8FE08190C073C8C008530.d.E7245A2F5973C9CE24A12DFA2D0E8268.e.5820/value - {"text":"544"}
COMMAND: GET /session/f199610b81d2740d08c28d2a7b12bbb6/screenshot - {}
RESULT: {"text":"544"}
COMMAND: GET /session/f199610b81d2740d08c28d2a7b12bbb6/screenshot - {}
RESULT: {}
RESULT: {}
COMMAND: POST /session/f199610b81d2740d08c28d2a7b12bbb6/element - {"using":"xpath","value":"//li[.//span[text()='544']]"}
RESULT: {"using":"xpath","value":"//li[.//span[text()='544']]"}
COMMAND: POST /session/f199610b81d2740d08c28d2a7b12bbb6/element/f.2BFA133D83E8FE08190C073C8C008530.d.E7245A2F5973C9CE24A12DFA2D0E8268.e.5836/click - {}
RESULT: {}
COMMAND: GET /session/f199610b81d2740d08c28d2a7b12bbb6/screenshot - {}
RESULT: {}
COMMAND: POST /session/f199610b81d2740d08c28d2a7b12bbb6/execute/async - {"script":"<script> [1562 bytes]","args":[{"selector":{"id":"application-managehandovers-display-component---AddNewHO--ObjectPageLayout-anchBar-application-managehandovers-display-component---AddNewHO--section4-anchor","interaction":{"idSuffix":"BDI-content"}},"wdio_ui5_key":"applicationmanagehandovers-display-component---AddNewHO--ObjectPageLayout-anchBar-application-managehandovers-display-component---AddNewHO--section4-anchor"}]}
RESULT: {"script":"<script> [1562 bytes]","args":[{"selector":{"id":"application-managehandovers-display-component---AddNewHO--ObjectPageLayout-anchBar-application-managehandovers-display-component---AddNewHO--section4-anchor","interaction":{"idSuffix":"BDI-content"}},"wdio_ui5_key":"applicationmanagehandovers-display-component---AddNewHO--ObjectPageLayout-anchBar-application-managehandovers-display-component---AddNewHO--section4-anchor"}]}
RESULT: undefined
COMMAND: POST /session/f199610b81d2740d08c28d2a7b12bbb6/element - {"using":"xpath","value":"//*[@id=\"application-managehandovers-display-component---AddNewHO--ObjectPageLayout-anchBar-application-managehandovers-display-component---AddNewHO--section4-anchor\"]"}
RESULT: {"using":"xpath","value":"//*[@id=\"application-managehandovers-display-component---AddNewHO--ObjectPageLayout-anchBar-application-managehandovers-display-component---AddNewHO--section4-anchor\"]"}
COMMAND: POST /session/f199610b81d2740d08c28d2a7b12bbb6/element/f.2BFA133D83E8FE08190C073C8C008530.d.E7245A2F5973C9CE24A12DFA2D0E8268.e.5838/click - {}
RESULT: {}
COMMAND: POST /session/f199610b81d2740d08c28d2a7b12bbb6/element - {"using":"xpath","value":"//button[@aria-label=\"Add\"]"}
COMMAND: GET /session/f199610b81d2740d08c28d2a7b12bbb6/screenshot - {}
RESULT: {"using":"xpath","value":"//button[@aria-label=\"Add\"]"}
COMMAND: POST /session/f199610b81d2740d08c28d2a7b12bbb6/element/f.2BFA133D83E8FE08190C073C8C008530.d.E7245A2F5973C9CE24A12DFA2D0E8268.e.5842/click - {}
RESULT: {}
RESULT: {}
COMMAND: GET /session/f199610b81d2740d08c28d2a7b12bbb6/screenshot - {}
RESULT: {}
COMMAND: POST /session/f199610b81d2740d08c28d2a7b12bbb6/execute/async - {"script":"<script> [1562 bytes]","args":[{"selector":{"id":"application-managehandovers-display-component---AddNewHO--smartFilterBar-btnBasicSearch","searchOpenDialogs":true,"interaction":{"idSuffix":"I"}},"wdio_ui5_key":"applicationmanagehandovers-display-component---AddNewHO--smartFilterBar-btnBasicSearch"}]}
RESULT: {"script":"<script> [1562 bytes]","args":[{"selector":{"id":"application-managehandovers-display-component---AddNewHO--smartFilterBar-btnBasicSearch","searchOpenDialogs":true,"interaction":{"idSuffix":"I"}},"wdio_ui5_key":"applicationmanagehandovers-display-component---AddNewHO--smartFilterBar-btnBasicSearch"}]}
RESULT: undefined
COMMAND: POST /session/f199610b81d2740d08c28d2a7b12bbb6/execute/async - {"script":"<script> [776 bytes]","args":[{"enterText":"200290","selector":{"id":"application-managehandovers-display-component---AddNewHO--smartFilterBar-btnBasicSearch","searchOpenDialogs":true,"interaction":{"idSuffix":"I"}},"clearTextFirst":true,"interactionType":"ENTER_TEXT"}]}
RESULT: {"script":"<script> [776 bytes]","args":[{"enterText":"200290","selector":{"id":"application-managehandovers-display-component---AddNewHO--smartFilterBar-btnBasicSearch","searchOpenDialogs":true,"interaction":{"idSuffix":"I"}},"clearTextFirst":true,"interactionType":"ENTER_TEXT"}]}
COMMAND: POST /session/f199610b81d2740d08c28d2a7b12bbb6/actions - {"actions":[{"id":"action21","type":"key","parameters":{},"actions":[{"type":"keyDown","value":"î€‡"},{"type":"pause","duration":10},{"type":"keyUp","value":"î€‡"}]}]}
RESULT: {"actions":[{"id":"action21","type":"key","parameters":{},"actions":[{"type":"keyDown","value":"î€‡"},{"type":"pause","duration":10},{"type":"keyUp","value":"î€‡"}]}]}
COMMAND: GET /session/f199610b81d2740d08c28d2a7b12bbb6/screenshot - {}
RESULT: {}
COMMAND: POST /session/f199610b81d2740d08c28d2a7b12bbb6/execute/async - {"script":"<script> [1562 bytes]","args":[{"selector":{"id":"application-managehandovers-display-component---AddNewHO--popup-sa","searchOpenDialogs":true,"interaction":{"idSuffix":"CbBg"}},"wdio_ui5_key":"applicationmanagehandovers-display-component---AddNewHO--popup-sa"}]}
RESULT: {"script":"<script> [1562 bytes]","args":[{"selector":{"id":"application-managehandovers-display-component---AddNewHO--popup-sa","searchOpenDialogs":true,"interaction":{"idSuffix":"CbBg"}},"wdio_ui5_key":"applicationmanagehandovers-display-component---AddNewHO--popup-sa"}]}
RESULT: undefined
COMMAND: POST /session/f199610b81d2740d08c28d2a7b12bbb6/element - {"using":"xpath","value":"//*[@id=\"application-managehandovers-display-component---AddNewHO--popup-sa\"]"}
RESULT: {"using":"xpath","value":"//*[@id=\"application-managehandovers-display-component---AddNewHO--popup-sa\"]"}
COMMAND: POST /session/f199610b81d2740d08c28d2a7b12bbb6/element/f.2BFA133D83E8FE08190C073C8C008530.d.E7245A2F5973C9CE24A12DFA2D0E8268.e.5996/click - {}
RESULT: {}
COMMAND: GET /session/f199610b81d2740d08c28d2a7b12bbb6/screenshot - {}
RESULT: {}
COMMAND: POST /session/f199610b81d2740d08c28d2a7b12bbb6/element - {"using":"xpath","value":"//bdi[contains(text(), \"Select\")]"}
RESULT: {"using":"xpath","value":"//bdi[contains(text(), \"Select\")]"}
COMMAND: POST /session/f199610b81d2740d08c28d2a7b12bbb6/element/f.2BFA133D83E8FE08190C073C8C008530.d.E7245A2F5973C9CE24A12DFA2D0E8268.e.5997/click - {}
RESULT: {}
COMMAND: GET /session/f199610b81d2740d08c28d2a7b12bbb6/screenshot - {}
RESULT: {}
COMMAND: POST /session/f199610b81d2740d08c28d2a7b12bbb6/element - {"using":"xpath","value":"//button[@data-kt=\"AddNewHOSaveButton\"]"}
RESULT: {"using":"xpath","value":"//button[@data-kt=\"AddNewHOSaveButton\"]"}
COMMAND: POST /session/f199610b81d2740d08c28d2a7b12bbb6/element/f.2BFA133D83E8FE08190C073C8C008530.d.E7245A2F5973C9CE24A12DFA2D0E8268.e.6001/click - {}
RESULT: {}
COMMAND: GET /session/f199610b81d2740d08c28d2a7b12bbb6/screenshot - {}
RESULT: {}
COMMAND: POST /session/f199610b81d2740d08c28d2a7b12bbb6/execute/async - {"script":"<script> [1562 bytes]","args":[{"selector":{"id":"receiptDatePicker","viewName":"etm.portal.ui.managehandovers.view.DetailExecuteHO","interaction":{"idSuffix":"inner"}},"wdio_ui5_key":"receiptDatePickeretmportal.ui.managehandovers.view.DetailExecuteHO"}]}
RESULT: {"script":"<script> [1562 bytes]","args":[{"selector":{"id":"receiptDatePicker","viewName":"etm.portal.ui.managehandovers.view.DetailExecuteHO","interaction":{"idSuffix":"inner"}},"wdio_ui5_key":"receiptDatePickeretmportal.ui.managehandovers.view.DetailExecuteHO"}]}
RESULT: undefined
COMMAND: POST /session/f199610b81d2740d08c28d2a7b12bbb6/execute/async - {"script":"<script> [6424 bytes]","args":[{"element-6066-11e4-a52e-4f735466cecf":"f.2BFA133D83E8FE08190C073C8C008530.d.E7245A2F5973C9CE24A12DFA2D0E8268.e.6020"},"setValue",["5/19/25"]]}
RESULT: {"script":"<script> [6424 bytes]","args":[{"element-6066-11e4-a52e-4f735466cecf":"f.2BFA133D83E8FE08190C073C8C008530.d.E7245A2F5973C9CE24A12DFA2D0E8268.e.6020"},"setValue",["5/19/25"]]}
COMMAND: POST /session/f199610b81d2740d08c28d2a7b12bbb6/element - {"using":"xpath","value":"//button[@data-kt=\"PickingTableConfirmAllButton\"]"}
RESULT: {"using":"xpath","value":"//button[@data-kt=\"PickingTableConfirmAllButton\"]"}
COMMAND: POST /session/f199610b81d2740d08c28d2a7b12bbb6/element/f.2BFA133D83E8FE08190C073C8C008530.d.E7245A2F5973C9CE24A12DFA2D0E8268.e.6037/click - {}
RESULT: {}
COMMAND: GET /session/f199610b81d2740d08c28d2a7b12bbb6/screenshot - {}
RESULT: {}
COMMAND: POST /session/f199610b81d2740d08c28d2a7b12bbb6/element - {"using":"xpath","value":"//bdi[contains(text(), \"OK\")]"}
RESULT: {"using":"xpath","value":"//bdi[contains(text(), \"OK\")]"}
COMMAND: POST /session/f199610b81d2740d08c28d2a7b12bbb6/element/f.2BFA133D83E8FE08190C073C8C008530.d.E7245A2F5973C9CE24A12DFA2D0E8268.e.6039/click - {}
RESULT: {}
COMMAND: GET /session/f199610b81d2740d08c28d2a7b12bbb6/screenshot - {}
RESULT: {}
COMMAND: POST /session/f199610b81d2740d08c28d2a7b12bbb6/element - {"using":"xpath","value":"(//bdi[contains(text(), \"Receive\")])[2]"}
RESULT: {"using":"xpath","value":"(//bdi[contains(text(), \"Receive\")])[2]"}
COMMAND: POST /session/f199610b81d2740d08c28d2a7b12bbb6/element/f.2BFA133D83E8FE08190C073C8C008530.d.E7245A2F5973C9CE24A12DFA2D0E8268.e.6041/click - {}
RESULT: {}
COMMAND: GET /session/f199610b81d2740d08c28d2a7b12bbb6/screenshot - {}
RESULT: {}
COMMAND: POST /session/f199610b81d2740d08c28d2a7b12bbb6/element - {"using":"css selector","value":"#shell-header-logo"}
RESULT: {"using":"css selector","value":"#shell-header-logo"}
COMMAND: POST /session/f199610b81d2740d08c28d2a7b12bbb6/element/f.2BFA133D83E8FE08190C073C8C008530.d.E7245A2F5973C9CE24A12DFA2D0E8268.e.5420/click - {}
RESULT: {}
COMMAND: GET /session/f199610b81d2740d08c28d2a7b12bbb6/screenshot - {}
RESULT: {}
]]></system-out>
    </testcase>
    <testcase classname="chrome.136_0_7103_93.windows.Provide_to_Site_w/_warehouse_management_w_clarification" name="Should create a new contract" time="69.843">
      <system-out><![CDATA[
COMMAND: POST /session/f199610b81d2740d08c28d2a7b12bbb6/execute/async - {"script":"<script> [1562 bytes]","args":[{"selector":{"controlType":"sap.m.GenericTile","properties":{"header":"Manage Contracts"}},"wdio_ui5_key":"sapm.GenericTile{\"header\":\"Manage Contracts\"}"}]}
RESULT: {"script":"<script> [1562 bytes]","args":[{"selector":{"controlType":"sap.m.GenericTile","properties":{"header":"Manage Contracts"}},"wdio_ui5_key":"sapm.GenericTile{\"header\":\"Manage Contracts\"}"}]}
RESULT: undefined
COMMAND: POST /session/f199610b81d2740d08c28d2a7b12bbb6/element - {"using":"xpath","value":"//*[@id=\"__tile132\"]"}
RESULT: {"using":"xpath","value":"//*[@id=\"__tile132\"]"}
COMMAND: POST /session/f199610b81d2740d08c28d2a7b12bbb6/element/f.2BFA133D83E8FE08190C073C8C008530.d.E7245A2F5973C9CE24A12DFA2D0E8268.e.4977/click - {}
RESULT: {}
COMMAND: GET /session/f199610b81d2740d08c28d2a7b12bbb6/screenshot - {}
RESULT: {}
COMMAND: POST /session/f199610b81d2740d08c28d2a7b12bbb6/elements - {"using":"xpath","value":"//span[text()='Error']"}
RESULT: {"using":"xpath","value":"//span[text()='Error']"}
COMMAND: POST /session/f199610b81d2740d08c28d2a7b12bbb6/element - {"using":"xpath","value":"//button[@data-kt=\"addButton\"]"}
RESULT: {"using":"xpath","value":"//button[@data-kt=\"addButton\"]"}
COMMAND: POST /session/f199610b81d2740d08c28d2a7b12bbb6/elements - {"using":"xpath","value":"//button[@data-kt=\"addButton\"]"}
RESULT: {"using":"xpath","value":"//button[@data-kt=\"addButton\"]"}
COMMAND: POST /session/f199610b81d2740d08c28d2a7b12bbb6/execute/sync - {"script":"<script> [8489 bytes]","args":[{"element-6066-11e4-a52e-4f735466cecf":"f.2BFA133D83E8FE08190C073C8C008530.d.E7245A2F5973C9CE24A12DFA2D0E8268.e.6262","ELEMENT":"f.2BFA133D83E8FE08190C073C8C008530.d.E7245A2F5973C9CE24A12DFA2D0E8268.e.6262"}]}
RESULT: {"script":"<script> [8489 bytes]","args":[{"element-6066-11e4-a52e-4f735466cecf":"f.2BFA133D83E8FE08190C073C8C008530.d.E7245A2F5973C9CE24A12DFA2D0E8268.e.6262","ELEMENT":"f.2BFA133D83E8FE08190C073C8C008530.d.E7245A2F5973C9CE24A12DFA2D0E8268.e.6262"}]}
COMMAND: GET /session/f199610b81d2740d08c28d2a7b12bbb6/element/f.2BFA133D83E8FE08190C073C8C008530.d.E7245A2F5973C9CE24A12DFA2D0E8268.e.6262/enabled - {}
COMMAND: GET /session/f199610b81d2740d08c28d2a7b12bbb6/screenshot - {}
RESULT: {}
COMMAND: POST /session/f199610b81d2740d08c28d2a7b12bbb6/execute/sync - {"script":"<script> [8489 bytes]","args":[{"element-6066-11e4-a52e-4f735466cecf":"f.2BFA133D83E8FE08190C073C8C008530.d.E7245A2F5973C9CE24A12DFA2D0E8268.e.6262","ELEMENT":"f.2BFA133D83E8FE08190C073C8C008530.d.E7245A2F5973C9CE24A12DFA2D0E8268.e.6262"}]}
COMMAND: GET /session/f199610b81d2740d08c28d2a7b12bbb6/screenshot - {}
RESULT: {}
RESULT: {"script":"<script> [8489 bytes]","args":[{"element-6066-11e4-a52e-4f735466cecf":"f.2BFA133D83E8FE08190C073C8C008530.d.E7245A2F5973C9CE24A12DFA2D0E8268.e.6262","ELEMENT":"f.2BFA133D83E8FE08190C073C8C008530.d.E7245A2F5973C9CE24A12DFA2D0E8268.e.6262"}]}
COMMAND: POST /session/f199610b81d2740d08c28d2a7b12bbb6/execute/sync - {"script":"<script> [5351 bytes]","args":[{"element-6066-11e4-a52e-4f735466cecf":"f.2BFA133D83E8FE08190C073C8C008530.d.E7245A2F5973C9CE24A12DFA2D0E8268.e.6262","ELEMENT":"f.2BFA133D83E8FE08190C073C8C008530.d.E7245A2F5973C9CE24A12DFA2D0E8268.e.6262"}]}
COMMAND: GET /session/f199610b81d2740d08c28d2a7b12bbb6/screenshot - {}
RESULT: {}
RESULT: {"script":"<script> [5351 bytes]","args":[{"element-6066-11e4-a52e-4f735466cecf":"f.2BFA133D83E8FE08190C073C8C008530.d.E7245A2F5973C9CE24A12DFA2D0E8268.e.6262","ELEMENT":"f.2BFA133D83E8FE08190C073C8C008530.d.E7245A2F5973C9CE24A12DFA2D0E8268.e.6262"}]}
COMMAND: GET /session/f199610b81d2740d08c28d2a7b12bbb6/screenshot - {}
RESULT: {}
RESULT: {}
COMMAND: POST /session/f199610b81d2740d08c28d2a7b12bbb6/element/f.2BFA133D83E8FE08190C073C8C008530.d.E7245A2F5973C9CE24A12DFA2D0E8268.e.6262/click - {}
RESULT: {}
COMMAND: GET /session/f199610b81d2740d08c28d2a7b12bbb6/screenshot - {}
RESULT: {}
COMMAND: POST /session/f199610b81d2740d08c28d2a7b12bbb6/execute/async - {"script":"<script> [1562 bytes]","args":[{"selector":{"id":"application-managecontracts-display-component---AddNewContract--projectDescription","interaction":{"idSuffix":"inner"}},"wdio_ui5_key":"applicationmanagecontracts-display-component---AddNewContract--projectDescription"}]}
RESULT: {"script":"<script> [1562 bytes]","args":[{"selector":{"id":"application-managecontracts-display-component---AddNewContract--projectDescription","interaction":{"idSuffix":"inner"}},"wdio_ui5_key":"applicationmanagecontracts-display-component---AddNewContract--projectDescription"}]}
RESULT: undefined
COMMAND: POST /session/f199610b81d2740d08c28d2a7b12bbb6/execute/async - {"script":"<script> [776 bytes]","args":[{"enterText":"Contract WDIO","selector":{"id":"application-managecontracts-display-component---AddNewContract--projectDescription","interaction":{"idSuffix":"inner"}},"clearTextFirst":true,"interactionType":"ENTER_TEXT"}]}
RESULT: {"script":"<script> [776 bytes]","args":[{"enterText":"Contract WDIO","selector":{"id":"application-managecontracts-display-component---AddNewContract--projectDescription","interaction":{"idSuffix":"inner"}},"clearTextFirst":true,"interactionType":"ENTER_TEXT"}]}
COMMAND: POST /session/f199610b81d2740d08c28d2a7b12bbb6/element - {"using":"xpath","value":"//input[@id=\"application-managecontracts-display-component---AddNewContract--site-inner\"]"}
RESULT: {"using":"xpath","value":"//input[@id=\"application-managecontracts-display-component---AddNewContract--site-inner\"]"}
COMMAND: POST /session/f199610b81d2740d08c28d2a7b12bbb6/element/f.2BFA133D83E8FE08190C073C8C008530.d.E7245A2F5973C9CE24A12DFA2D0E8268.e.6617/clear - {}
RESULT: {}
COMMAND: POST /session/f199610b81d2740d08c28d2a7b12bbb6/element/f.2BFA133D83E8FE08190C073C8C008530.d.E7245A2F5973C9CE24A12DFA2D0E8268.e.6617/value - {"text":"2269"}
COMMAND: GET /session/f199610b81d2740d08c28d2a7b12bbb6/screenshot - {}
RESULT: {"text":"2269"}
COMMAND: GET /session/f199610b81d2740d08c28d2a7b12bbb6/screenshot - {}
RESULT: {}
RESULT: {}
COMMAND: POST /session/f199610b81d2740d08c28d2a7b12bbb6/element - {"using":"xpath","value":"//li[.//span[text()='2269']]"}
RESULT: {"using":"xpath","value":"//li[.//span[text()='2269']]"}
COMMAND: POST /session/f199610b81d2740d08c28d2a7b12bbb6/element/f.2BFA133D83E8FE08190C073C8C008530.d.E7245A2F5973C9CE24A12DFA2D0E8268.e.6654/click - {}
RESULT: {}
COMMAND: GET /session/f199610b81d2740d08c28d2a7b12bbb6/screenshot - {}
RESULT: {}
COMMAND: POST /session/f199610b81d2740d08c28d2a7b12bbb6/element - {"using":"xpath","value":"//input[@id=\"application-managecontracts-display-component---AddNewContract--yardId-inner\"]"}
RESULT: {"using":"xpath","value":"//input[@id=\"application-managecontracts-display-component---AddNewContract--yardId-inner\"]"}
COMMAND: GET /session/f199610b81d2740d08c28d2a7b12bbb6/element/f.2BFA133D83E8FE08190C073C8C008530.d.E7245A2F5973C9CE24A12DFA2D0E8268.e.6618/property/value - {}
RESULT: {}
COMMAND: POST /session/f199610b81d2740d08c28d2a7b12bbb6/element - {"using":"xpath","value":"//input[@id=\"application-managecontracts-display-component---AddNewContract--customerSelect-inner\"]"}
COMMAND: GET /session/f199610b81d2740d08c28d2a7b12bbb6/screenshot - {}
RESULT: {"using":"xpath","value":"//input[@id=\"application-managecontracts-display-component---AddNewContract--customerSelect-inner\"]"}
COMMAND: POST /session/f199610b81d2740d08c28d2a7b12bbb6/element/f.2BFA133D83E8FE08190C073C8C008530.d.E7245A2F5973C9CE24A12DFA2D0E8268.e.6616/clear - {}
RESULT: {}
RESULT: {}
COMMAND: POST /session/f199610b81d2740d08c28d2a7b12bbb6/element/f.2BFA133D83E8FE08190C073C8C008530.d.E7245A2F5973C9CE24A12DFA2D0E8268.e.6616/value - {"text":"1322"}
COMMAND: GET /session/f199610b81d2740d08c28d2a7b12bbb6/screenshot - {}
RESULT: {"text":"1322"}
COMMAND: GET /session/f199610b81d2740d08c28d2a7b12bbb6/screenshot - {}
RESULT: {}
RESULT: {}
COMMAND: POST /session/f199610b81d2740d08c28d2a7b12bbb6/element - {"using":"xpath","value":"//li[.//span[text()='1322']]"}
RESULT: {"using":"xpath","value":"//li[.//span[text()='1322']]"}
COMMAND: POST /session/f199610b81d2740d08c28d2a7b12bbb6/element/f.2BFA133D83E8FE08190C073C8C008530.d.E7245A2F5973C9CE24A12DFA2D0E8268.e.6657/click - {}
RESULT: {}
COMMAND: GET /session/f199610b81d2740d08c28d2a7b12bbb6/screenshot - {}
RESULT: {}
COMMAND: POST /session/f199610b81d2740d08c28d2a7b12bbb6/element - {"using":"xpath","value":"//button[@data-kt=\"saveButton\"]"}
RESULT: {"using":"xpath","value":"//button[@data-kt=\"saveButton\"]"}
COMMAND: POST /session/f199610b81d2740d08c28d2a7b12bbb6/element/f.2BFA133D83E8FE08190C073C8C008530.d.E7245A2F5973C9CE24A12DFA2D0E8268.e.6658/click - {}
RESULT: {}
COMMAND: GET /session/f199610b81d2740d08c28d2a7b12bbb6/screenshot - {}
RESULT: {}
COMMAND: POST /session/f199610b81d2740d08c28d2a7b12bbb6/element - {"using":"xpath","value":"//span[contains(@id ,\"contractDetailTitleNoExpanded\")]"}
RESULT: {"using":"xpath","value":"//span[contains(@id ,\"contractDetailTitleNoExpanded\")]"}
COMMAND: POST /session/f199610b81d2740d08c28d2a7b12bbb6/elements - {"using":"xpath","value":"//span[contains(@id ,\"contractDetailTitleNoExpanded\")]"}
RESULT: {"using":"xpath","value":"//span[contains(@id ,\"contractDetailTitleNoExpanded\")]"}
COMMAND: POST /session/f199610b81d2740d08c28d2a7b12bbb6/execute/sync - {"script":"<script> [56 bytes]","args":[{"element-6066-11e4-a52e-4f735466cecf":"f.2BFA133D83E8FE08190C073C8C008530.d.E7245A2F5973C9CE24A12DFA2D0E8268.e.6730","ELEMENT":"f.2BFA133D83E8FE08190C073C8C008530.d.E7245A2F5973C9CE24A12DFA2D0E8268.e.6730"}]}
RESULT: {"script":"<script> [56 bytes]","args":[{"element-6066-11e4-a52e-4f735466cecf":"f.2BFA133D83E8FE08190C073C8C008530.d.E7245A2F5973C9CE24A12DFA2D0E8268.e.6730","ELEMENT":"f.2BFA133D83E8FE08190C073C8C008530.d.E7245A2F5973C9CE24A12DFA2D0E8268.e.6730"}]}
COMMAND: GET /session/f199610b81d2740d08c28d2a7b12bbb6/screenshot - {}
RESULT: {}
]]></system-out>
    </testcase>
    <testcase classname="chrome.136_0_7103_93.windows.Provide_to_Site_w/_warehouse_management_w_clarification" name="Should add equipment to the contract" time="59.355">
      <system-out><![CDATA[
COMMAND: POST /session/f199610b81d2740d08c28d2a7b12bbb6/element - {"using":"xpath","value":"//button[@data-kt=\"contractDetailEditBtnButton\"]"}
RESULT: {"using":"xpath","value":"//button[@data-kt=\"contractDetailEditBtnButton\"]"}
COMMAND: POST /session/f199610b81d2740d08c28d2a7b12bbb6/element/f.2BFA133D83E8FE08190C073C8C008530.d.E7245A2F5973C9CE24A12DFA2D0E8268.e.6731/click - {}
RESULT: {}
COMMAND: GET /session/f199610b81d2740d08c28d2a7b12bbb6/screenshot - {}
RESULT: {}
COMMAND: POST /session/f199610b81d2740d08c28d2a7b12bbb6/element - {"using":"xpath","value":"(//span[contains(text(), \"Additional Addresses\")])[2]"}
RESULT: {"using":"xpath","value":"(//span[contains(text(), \"Additional Addresses\")])[2]"}
COMMAND: POST /session/f199610b81d2740d08c28d2a7b12bbb6/element/f.2BFA133D83E8FE08190C073C8C008530.d.E7245A2F5973C9CE24A12DFA2D0E8268.e.6787/click - {}
RESULT: {}
COMMAND: GET /session/f199610b81d2740d08c28d2a7b12bbb6/screenshot - {}
RESULT: {}
COMMAND: POST /session/f199610b81d2740d08c28d2a7b12bbb6/element - {"using":"xpath","value":"//button[@data-kt=\"btnAddTableRowOverflowToolbarButton\"]"}
RESULT: {"using":"xpath","value":"//button[@data-kt=\"btnAddTableRowOverflowToolbarButton\"]"}
COMMAND: POST /session/f199610b81d2740d08c28d2a7b12bbb6/element/f.2BFA133D83E8FE08190C073C8C008530.d.E7245A2F5973C9CE24A12DFA2D0E8268.e.6791/click - {}
RESULT: {}
COMMAND: GET /session/f199610b81d2740d08c28d2a7b12bbb6/screenshot - {}
RESULT: {}
COMMAND: POST /session/f199610b81d2740d08c28d2a7b12bbb6/element - {"using":"xpath","value":"//div[(text() = 'Standard Entry' or . = 'Standard Entry')]"}
RESULT: {"using":"xpath","value":"//div[(text() = 'Standard Entry' or . = 'Standard Entry')]"}
COMMAND: POST /session/f199610b81d2740d08c28d2a7b12bbb6/element/f.2BFA133D83E8FE08190C073C8C008530.d.E7245A2F5973C9CE24A12DFA2D0E8268.e.6793/click - {}
RESULT: {}
COMMAND: GET /session/f199610b81d2740d08c28d2a7b12bbb6/screenshot - {}
RESULT: {}
COMMAND: POST /session/f199610b81d2740d08c28d2a7b12bbb6/element - {"using":"xpath","value":"//td[6]/div/div/div/span"}
RESULT: {"using":"xpath","value":"//td[6]/div/div/div/span"}
COMMAND: POST /session/f199610b81d2740d08c28d2a7b12bbb6/element/f.2BFA133D83E8FE08190C073C8C008530.d.E7245A2F5973C9CE24A12DFA2D0E8268.e.6805/click - {}
RESULT: {}
COMMAND: GET /session/f199610b81d2740d08c28d2a7b12bbb6/screenshot - {}
RESULT: {}
COMMAND: POST /session/f199610b81d2740d08c28d2a7b12bbb6/element - {"using":"xpath","value":"(//span[contains(text(), \"Material\")])"}
RESULT: {"using":"xpath","value":"(//span[contains(text(), \"Material\")])"}
COMMAND: POST /session/f199610b81d2740d08c28d2a7b12bbb6/element/f.2BFA133D83E8FE08190C073C8C008530.d.E7245A2F5973C9CE24A12DFA2D0E8268.e.6806/click - {}
RESULT: {}
COMMAND: GET /session/f199610b81d2740d08c28d2a7b12bbb6/screenshot - {}
RESULT: {}
COMMAND: POST /session/f199610b81d2740d08c28d2a7b12bbb6/element - {"using":"xpath","value":"//td[7]/div/div/input"}
RESULT: {"using":"xpath","value":"//td[7]/div/div/input"}
COMMAND: POST /session/f199610b81d2740d08c28d2a7b12bbb6/element/f.2BFA133D83E8FE08190C073C8C008530.d.E7245A2F5973C9CE24A12DFA2D0E8268.e.6810/clear - {}
RESULT: {}
COMMAND: POST /session/f199610b81d2740d08c28d2a7b12bbb6/element/f.2BFA133D83E8FE08190C073C8C008530.d.E7245A2F5973C9CE24A12DFA2D0E8268.e.6810/value - {"text":"200290"}
COMMAND: GET /session/f199610b81d2740d08c28d2a7b12bbb6/screenshot - {}
RESULT: {"text":"200290"}
COMMAND: GET /session/f199610b81d2740d08c28d2a7b12bbb6/screenshot - {}
RESULT: {}
RESULT: {}
COMMAND: POST /session/f199610b81d2740d08c28d2a7b12bbb6/actions - {"actions":[{"id":"action22","type":"key","parameters":{},"actions":[{"type":"keyDown","value":"î€‡"},{"type":"pause","duration":10},{"type":"keyUp","value":"î€‡"}]}]}
RESULT: {"actions":[{"id":"action22","type":"key","parameters":{},"actions":[{"type":"keyDown","value":"î€‡"},{"type":"pause","duration":10},{"type":"keyUp","value":"î€‡"}]}]}
COMMAND: GET /session/f199610b81d2740d08c28d2a7b12bbb6/screenshot - {}
RESULT: {}
COMMAND: POST /session/f199610b81d2740d08c28d2a7b12bbb6/execute/sync - {"script":"<script> [276 bytes]","args":["No pricing information was found"]}
RESULT: {"script":"<script> [276 bytes]","args":["No pricing information was found"]}
COMMAND: POST /session/f199610b81d2740d08c28d2a7b12bbb6/element - {"using":"xpath","value":"//bdi[contains(text(), \"OK\")]"}
COMMAND: GET /session/f199610b81d2740d08c28d2a7b12bbb6/screenshot - {}
RESULT: {"using":"xpath","value":"//bdi[contains(text(), \"OK\")]"}
COMMAND: POST /session/f199610b81d2740d08c28d2a7b12bbb6/element/f.2BFA133D83E8FE08190C073C8C008530.d.E7245A2F5973C9CE24A12DFA2D0E8268.e.6836/click - {}
RESULT: {}
RESULT: {}
COMMAND: GET /session/f199610b81d2740d08c28d2a7b12bbb6/screenshot - {}
RESULT: {}
COMMAND: POST /session/f199610b81d2740d08c28d2a7b12bbb6/element - {"using":"xpath","value":"(//button[@data-kt=\"saveButton\"])[2]"}
RESULT: {"using":"xpath","value":"(//button[@data-kt=\"saveButton\"])[2]"}
COMMAND: POST /session/f199610b81d2740d08c28d2a7b12bbb6/element/f.2BFA133D83E8FE08190C073C8C008530.d.E7245A2F5973C9CE24A12DFA2D0E8268.e.6837/click - {}
RESULT: {}
COMMAND: GET /session/f199610b81d2740d08c28d2a7b12bbb6/screenshot - {}
RESULT: {}
COMMAND: POST /session/f199610b81d2740d08c28d2a7b12bbb6/execute/sync - {"script":"<script> [276 bytes]","args":["Some contract items are having rental validity exceeding header rental validity"]}
RESULT: {"script":"<script> [276 bytes]","args":["Some contract items are having rental validity exceeding header rental validity"]}
COMMAND: GET /session/f199610b81d2740d08c28d2a7b12bbb6/screenshot - {}
RESULT: {}
COMMAND: POST /session/f199610b81d2740d08c28d2a7b12bbb6/element - {"using":"xpath","value":"//span[contains(@id ,\"contractItemsSmartTable-header-inner\")]"}
RESULT: {"using":"xpath","value":"//span[contains(@id ,\"contractItemsSmartTable-header-inner\")]"}
COMMAND: POST /session/f199610b81d2740d08c28d2a7b12bbb6/elements - {"using":"xpath","value":"//span[contains(@id ,\"contractItemsSmartTable-header-inner\")]"}
RESULT: {"using":"xpath","value":"//span[contains(@id ,\"contractItemsSmartTable-header-inner\")]"}
COMMAND: POST /session/f199610b81d2740d08c28d2a7b12bbb6/execute/sync - {"script":"<script> [56 bytes]","args":[{"element-6066-11e4-a52e-4f735466cecf":"f.2BFA133D83E8FE08190C073C8C008530.d.E7245A2F5973C9CE24A12DFA2D0E8268.e.6841","ELEMENT":"f.2BFA133D83E8FE08190C073C8C008530.d.E7245A2F5973C9CE24A12DFA2D0E8268.e.6841"}]}
RESULT: {"script":"<script> [56 bytes]","args":[{"element-6066-11e4-a52e-4f735466cecf":"f.2BFA133D83E8FE08190C073C8C008530.d.E7245A2F5973C9CE24A12DFA2D0E8268.e.6841","ELEMENT":"f.2BFA133D83E8FE08190C073C8C008530.d.E7245A2F5973C9CE24A12DFA2D0E8268.e.6841"}]}
]]></system-out>
    </testcase>
    <testcase classname="chrome.136_0_7103_93.windows.Provide_to_Site_w/_warehouse_management_w_clarification" name="Should provide to site" time="47.173">
      <system-out><![CDATA[
COMMAND: GET /session/f199610b81d2740d08c28d2a7b12bbb6/screenshot - {}
COMMAND: POST /session/f199610b81d2740d08c28d2a7b12bbb6/element - {"using":"xpath","value":"//button[@data-kt=\"provideButton\"]"}
RESULT: {}
RESULT: {"using":"xpath","value":"//button[@data-kt=\"provideButton\"]"}
COMMAND: POST /session/f199610b81d2740d08c28d2a7b12bbb6/element/f.2BFA133D83E8FE08190C073C8C008530.d.E7245A2F5973C9CE24A12DFA2D0E8268.e.6842/click - {}
RESULT: {}
COMMAND: GET /session/f199610b81d2740d08c28d2a7b12bbb6/screenshot - {}
RESULT: undefined
COMMAND: POST /session/f199610b81d2740d08c28d2a7b12bbb6/execute/async - {"script":"<script> [6424 bytes]","args":[{"element-6066-11e4-a52e-4f735466cecf":"f.2BFA133D83E8FE08190C073C8C008530.d.E7245A2F5973C9CE24A12DFA2D0E8268.e.5816"},"setValue",["05/19/25"]]}
RESULT: {}
COMMAND: POST /session/f199610b81d2740d08c28d2a7b12bbb6/execute/async - {"script":"<script> [1562 bytes]","args":[{"selector":{"id":"application-managehandovers-display-component---AddNewHO--dueDate","interaction":{"idSuffix":"inner"}},"wdio_ui5_key":"applicationmanagehandovers-display-component---AddNewHO--dueDate"}]}
RESULT: {"script":"<script> [1562 bytes]","args":[{"selector":{"id":"application-managehandovers-display-component---AddNewHO--dueDate","interaction":{"idSuffix":"inner"}},"wdio_ui5_key":"applicationmanagehandovers-display-component---AddNewHO--dueDate"}]}
COMMAND: POST /session/f199610b81d2740d08c28d2a7b12bbb6/execute/async - {"script":"<script> [6424 bytes]","args":[{"element-6066-11e4-a52e-4f735466cecf":"f.2BFA133D83E8FE08190C073C8C008530.d.E7245A2F5973C9CE24A12DFA2D0E8268.e.6899"},"setValue",["05/19/25"]]}
RESULT: {"script":"<script> [6424 bytes]","args":[{"element-6066-11e4-a52e-4f735466cecf":"f.2BFA133D83E8FE08190C073C8C008530.d.E7245A2F5973C9CE24A12DFA2D0E8268.e.6899"},"setValue",["05/19/25"]]}
COMMAND: POST /session/f199610b81d2740d08c28d2a7b12bbb6/element - {"using":"xpath","value":"//bdi[contains(text(), \"Instructions\")]"}
RESULT: {"using":"xpath","value":"//bdi[contains(text(), \"Instructions\")]"}
COMMAND: POST /session/f199610b81d2740d08c28d2a7b12bbb6/element/f.2BFA133D83E8FE08190C073C8C008530.d.E7245A2F5973C9CE24A12DFA2D0E8268.e.7015/click - {}
RESULT: {}
COMMAND: GET /session/f199610b81d2740d08c28d2a7b12bbb6/screenshot - {}
RESULT: {}
COMMAND: POST /session/f199610b81d2740d08c28d2a7b12bbb6/element - {"using":"xpath","value":"//button[@data-kt=\"AddNewHOProvideAddItemsButton\"]"}
RESULT: {"using":"xpath","value":"//button[@data-kt=\"AddNewHOProvideAddItemsButton\"]"}
COMMAND: POST /session/f199610b81d2740d08c28d2a7b12bbb6/element/f.2BFA133D83E8FE08190C073C8C008530.d.E7245A2F5973C9CE24A12DFA2D0E8268.e.7019/click - {}
RESULT: {}
COMMAND: GET /session/f199610b81d2740d08c28d2a7b12bbb6/screenshot - {}
RESULT: {}
RESULT: undefined
COMMAND: POST /session/f199610b81d2740d08c28d2a7b12bbb6/element - {"using":"xpath","value":"//*[@id=\"application-managehandovers-display-component---AddNewHO--popup-sa\"]"}
RESULT: {"using":"xpath","value":"//*[@id=\"application-managehandovers-display-component---AddNewHO--popup-sa\"]"}
COMMAND: POST /session/f199610b81d2740d08c28d2a7b12bbb6/element/f.2BFA133D83E8FE08190C073C8C008530.d.E7245A2F5973C9CE24A12DFA2D0E8268.e.7028/click - {}
RESULT: {}
COMMAND: GET /session/f199610b81d2740d08c28d2a7b12bbb6/screenshot - {}
RESULT: {}
COMMAND: POST /session/f199610b81d2740d08c28d2a7b12bbb6/element - {"using":"xpath","value":"//*[contains(@id ,\"BDI-content\")][contains(text(), \"Select\")]"}
RESULT: {"using":"xpath","value":"//*[contains(@id ,\"BDI-content\")][contains(text(), \"Select\")]"}
COMMAND: POST /session/f199610b81d2740d08c28d2a7b12bbb6/element/f.2BFA133D83E8FE08190C073C8C008530.d.E7245A2F5973C9CE24A12DFA2D0E8268.e.7029/click - {}
RESULT: {}
COMMAND: GET /session/f199610b81d2740d08c28d2a7b12bbb6/screenshot - {}
RESULT: {}
COMMAND: POST /session/f199610b81d2740d08c28d2a7b12bbb6/element - {"using":"xpath","value":"//bdi[(text() = 'Save' or . = 'Save')]"}
RESULT: {"using":"xpath","value":"//bdi[(text() = 'Save' or . = 'Save')]"}
COMMAND: POST /session/f199610b81d2740d08c28d2a7b12bbb6/element/f.2BFA133D83E8FE08190C073C8C008530.d.E7245A2F5973C9CE24A12DFA2D0E8268.e.7032/click - {}
RESULT: {}
COMMAND: GET /session/f199610b81d2740d08c28d2a7b12bbb6/screenshot - {}
RESULT: {}
]]></system-out>
    </testcase>
    <testcase classname="chrome.136_0_7103_93.windows.Provide_to_Site_w/_warehouse_management_w_clarification" name="Should test for Handover Execution" time="161.482">
      <system-out><![CDATA[
COMMAND: POST /session/f199610b81d2740d08c28d2a7b12bbb6/execute/async - {"script":"<script> [1562 bytes]","args":[{"selector":{"controlType":"sap.m.Link","viewName":"etm.portal.ui.managehandovers.view.DetailExecuteHO","bindingPath":{"path":"","propertyPath":"/wmDoc","modelName":"warehouseMovModel"}},"wdio_ui5_key":"etmportal.ui.managehandovers.view.DetailExecuteHOsap.m.Link{\"path\":\"\",\"propertyPath\":\"/wmDoc\",\"modelName\":\"warehouseMovModel\"}"}]}
RESULT: {"script":"<script> [1562 bytes]","args":[{"selector":{"controlType":"sap.m.Link","viewName":"etm.portal.ui.managehandovers.view.DetailExecuteHO","bindingPath":{"path":"","propertyPath":"/wmDoc","modelName":"warehouseMovModel"}},"wdio_ui5_key":"etmportal.ui.managehandovers.view.DetailExecuteHOsap.m.Link{\"path\":\"\",\"propertyPath\":\"/wmDoc\",\"modelName\":\"warehouseMovModel\"}"}]}
RESULT: undefined
COMMAND: POST /session/f199610b81d2740d08c28d2a7b12bbb6/element - {"using":"xpath","value":"//*[@id=\"__link81\"]"}
RESULT: {"using":"xpath","value":"//*[@id=\"__link81\"]"}
COMMAND: POST /session/f199610b81d2740d08c28d2a7b12bbb6/element/f.2BFA133D83E8FE08190C073C8C008530.d.E7245A2F5973C9CE24A12DFA2D0E8268.e.7067/click - {}
RESULT: {}
COMMAND: GET /session/f199610b81d2740d08c28d2a7b12bbb6/screenshot - {}
RESULT: {}
COMMAND: POST /session/f199610b81d2740d08c28d2a7b12bbb6/execute/async - {"script":"<script> [1562 bytes]","args":[{"selector":{"controlType":"sap.m.Link","viewName":"etm.portal.ui.managehandovers.view.DetailExecuteHO","properties":{"text":"Warehouse Overview"},"searchOpenDialogs":true},"wdio_ui5_key":"etmportal.ui.managehandovers.view.DetailExecuteHOsap.m.Link{\"text\":\"Warehouse Overview\"}"}]}
RESULT: {"script":"<script> [1562 bytes]","args":[{"selector":{"controlType":"sap.m.Link","viewName":"etm.portal.ui.managehandovers.view.DetailExecuteHO","properties":{"text":"Warehouse Overview"},"searchOpenDialogs":true},"wdio_ui5_key":"etmportal.ui.managehandovers.view.DetailExecuteHOsap.m.Link{\"text\":\"Warehouse Overview\"}"}]}
RESULT: undefined
COMMAND: POST /session/f199610b81d2740d08c28d2a7b12bbb6/element - {"using":"xpath","value":"//*[@id=\"__link96\"]"}
RESULT: {"using":"xpath","value":"//*[@id=\"__link96\"]"}
COMMAND: POST /session/f199610b81d2740d08c28d2a7b12bbb6/element/f.2BFA133D83E8FE08190C073C8C008530.d.E7245A2F5973C9CE24A12DFA2D0E8268.e.7070/click - {}
RESULT: {}
COMMAND: GET /session/f199610b81d2740d08c28d2a7b12bbb6/screenshot - {}
RESULT: {}
COMMAND: POST /session/f199610b81d2740d08c28d2a7b12bbb6/execute/async - {"script":"<script> [1562 bytes]","args":[{"selector":{"controlType":"sap.m.Button","viewName":"etm.portal.ui.warehousemovements.view.DisplayMovement","viewId":"application-warehousemovements-display-component---displayMovement","i18NText":{"propertyName":"text","key":"execution"},"interaction":{"idSuffix":"BDI-content"}},"wdio_ui5_key":"etmportal.ui.warehousemovements.view.DisplayMovementsap.m.Button{\"propertyName\":\"text\",\"key\":\"execution\"}"}]}
RESULT: {"script":"<script> [1562 bytes]","args":[{"selector":{"controlType":"sap.m.Button","viewName":"etm.portal.ui.warehousemovements.view.DisplayMovement","viewId":"application-warehousemovements-display-component---displayMovement","i18NText":{"propertyName":"text","key":"execution"},"interaction":{"idSuffix":"BDI-content"}},"wdio_ui5_key":"etmportal.ui.warehousemovements.view.DisplayMovementsap.m.Button{\"propertyName\":\"text\",\"key\":\"execution\"}"}]}
RESULT: undefined
COMMAND: POST /session/f199610b81d2740d08c28d2a7b12bbb6/element - {"using":"xpath","value":"//*[@id=\"__button219\"]"}
RESULT: {"using":"xpath","value":"//*[@id=\"__button219\"]"}
COMMAND: POST /session/f199610b81d2740d08c28d2a7b12bbb6/element/f.2BFA133D83E8FE08190C073C8C008530.d.E7245A2F5973C9CE24A12DFA2D0E8268.e.7209/click - {}
RESULT: {}
COMMAND: GET /session/f199610b81d2740d08c28d2a7b12bbb6/screenshot - {}
RESULT: {}
COMMAND: POST /session/f199610b81d2740d08c28d2a7b12bbb6/execute/async - {"script":"<script> [1562 bytes]","args":[{"selector":{"controlType":"sap.m.Button","viewName":"etm.portal.ui.warehousemovements.view.ExecuteMovement","viewId":"application-warehousemovements-display-component---executeMovement","properties":{"text":"Items"},"interaction":{"idSuffix":"BDI-content"}},"wdio_ui5_key":"etmportal.ui.warehousemovements.view.ExecuteMovementsap.m.Button{\"text\":\"Items\"}"}]}
RESULT: {"script":"<script> [1562 bytes]","args":[{"selector":{"controlType":"sap.m.Button","viewName":"etm.portal.ui.warehousemovements.view.ExecuteMovement","viewId":"application-warehousemovements-display-component---executeMovement","properties":{"text":"Items"},"interaction":{"idSuffix":"BDI-content"}},"wdio_ui5_key":"etmportal.ui.warehousemovements.view.ExecuteMovementsap.m.Button{\"text\":\"Items\"}"}]}
RESULT: undefined
COMMAND: POST /session/f199610b81d2740d08c28d2a7b12bbb6/element - {"using":"xpath","value":"//*[@id=\"__layout353-anchBar-application-warehousemovements-display-component---executeMovement--itemsSection-anchor\"]"}
RESULT: {"using":"xpath","value":"//*[@id=\"__layout353-anchBar-application-warehousemovements-display-component---executeMovement--itemsSection-anchor\"]"}
COMMAND: POST /session/f199610b81d2740d08c28d2a7b12bbb6/element/f.2BFA133D83E8FE08190C073C8C008530.d.E7245A2F5973C9CE24A12DFA2D0E8268.e.7299/click - {}
RESULT: {}
COMMAND: GET /session/f199610b81d2740d08c28d2a7b12bbb6/screenshot - {}
RESULT: {}
COMMAND: POST /session/f199610b81d2740d08c28d2a7b12bbb6/execute/async - {"script":"<script> [1562 bytes]","args":[{"selector":{"controlType":"sap.m.ToggleButton","viewName":"etm.portal.ui.warehousemovements.view.ExecuteMovement","viewId":"application-warehousemovements-display-component---executeMovement","bindingPath":{"propertyPath":"STATUS","modelName":"catalogModel"},"interaction":{"idSuffix":"BDI-content"}},"wdio_ui5_key":"etmportal.ui.warehousemovements.view.ExecuteMovementsap.m.ToggleButton{\"propertyPath\":\"STATUS\",\"modelName\":\"catalogModel\"}"}]}
RESULT: {"script":"<script> [1562 bytes]","args":[{"selector":{"controlType":"sap.m.ToggleButton","viewName":"etm.portal.ui.warehousemovements.view.ExecuteMovement","viewId":"application-warehousemovements-display-component---executeMovement","bindingPath":{"propertyPath":"STATUS","modelName":"catalogModel"},"interaction":{"idSuffix":"BDI-content"}},"wdio_ui5_key":"etmportal.ui.warehousemovements.view.ExecuteMovementsap.m.ToggleButton{\"propertyPath\":\"STATUS\",\"modelName\":\"catalogModel\"}"}]}
RESULT: undefined
COMMAND: POST /session/f199610b81d2740d08c28d2a7b12bbb6/element - {"using":"xpath","value":"//*[@id=\"__button242-__clone3730\"]"}
RESULT: {"using":"xpath","value":"//*[@id=\"__button242-__clone3730\"]"}
COMMAND: POST /session/f199610b81d2740d08c28d2a7b12bbb6/element/f.2BFA133D83E8FE08190C073C8C008530.d.E7245A2F5973C9CE24A12DFA2D0E8268.e.7271/click - {}
RESULT: {}
RESULT: undefined
COMMAND: POST /session/f199610b81d2740d08c28d2a7b12bbb6/element - {"using":"xpath","value":"//*[@id=\"__button242-__clone3730\"]"}
COMMAND: GET /session/f199610b81d2740d08c28d2a7b12bbb6/screenshot - {}
RESULT: {"using":"xpath","value":"//*[@id=\"__button242-__clone3730\"]"}
COMMAND: POST /session/f199610b81d2740d08c28d2a7b12bbb6/element/f.2BFA133D83E8FE08190C073C8C008530.d.E7245A2F5973C9CE24A12DFA2D0E8268.e.7271/click - {}
RESULT: {}
RESULT: {}
COMMAND: GET /session/f199610b81d2740d08c28d2a7b12bbb6/screenshot - {}
RESULT: {}
COMMAND: POST /session/f199610b81d2740d08c28d2a7b12bbb6/element - {"using":"xpath","value":"//section[contains(@id,\"FC-NoHead\")]/div[1]/div[5]/div[2]/span"}
RESULT: {"using":"xpath","value":"//section[contains(@id,\"FC-NoHead\")]/div[1]/div[5]/div[2]/span"}
COMMAND: POST /session/f199610b81d2740d08c28d2a7b12bbb6/elements - {"using":"xpath","value":"//section[contains(@id,\"FC-NoHead\")]/div[1]/div[5]/div[2]/span"}
RESULT: {"using":"xpath","value":"//section[contains(@id,\"FC-NoHead\")]/div[1]/div[5]/div[2]/span"}
COMMAND: POST /session/f199610b81d2740d08c28d2a7b12bbb6/execute/sync - {"script":"<script> [56 bytes]","args":[{"element-6066-11e4-a52e-4f735466cecf":"f.2BFA133D83E8FE08190C073C8C008530.d.E7245A2F5973C9CE24A12DFA2D0E8268.e.7305","ELEMENT":"f.2BFA133D83E8FE08190C073C8C008530.d.E7245A2F5973C9CE24A12DFA2D0E8268.e.7305"}]}
RESULT: {"script":"<script> [56 bytes]","args":[{"element-6066-11e4-a52e-4f735466cecf":"f.2BFA133D83E8FE08190C073C8C008530.d.E7245A2F5973C9CE24A12DFA2D0E8268.e.7305","ELEMENT":"f.2BFA133D83E8FE08190C073C8C008530.d.E7245A2F5973C9CE24A12DFA2D0E8268.e.7305"}]}
COMMAND: POST /session/f199610b81d2740d08c28d2a7b12bbb6/actions - {"actions":[{"id":"action23","type":"key","parameters":{},"actions":[{"type":"keyDown","value":"î€‡"},{"type":"pause","duration":10},{"type":"keyUp","value":"î€‡"}]}]}
COMMAND: GET /session/f199610b81d2740d08c28d2a7b12bbb6/screenshot - {}
RESULT: {"actions":[{"id":"action23","type":"key","parameters":{},"actions":[{"type":"keyDown","value":"î€‡"},{"type":"pause","duration":10},{"type":"keyUp","value":"î€‡"}]}]}
COMMAND: POST /session/f199610b81d2740d08c28d2a7b12bbb6/execute/async - {"script":"<script> [1562 bytes]","args":[{"selector":{"id":"application-warehousemovements-display-component---executeMovement--executeId","interaction":{"idSuffix":"BDI-content"}},"wdio_ui5_key":"applicationwarehousemovements-display-component---executeMovement--executeId"}]}
COMMAND: GET /session/f199610b81d2740d08c28d2a7b12bbb6/screenshot - {}
RESULT: {}
RESULT: {"script":"<script> [1562 bytes]","args":[{"selector":{"id":"application-warehousemovements-display-component---executeMovement--executeId","interaction":{"idSuffix":"BDI-content"}},"wdio_ui5_key":"applicationwarehousemovements-display-component---executeMovement--executeId"}]}
RESULT: undefined
COMMAND: POST /session/f199610b81d2740d08c28d2a7b12bbb6/element - {"using":"xpath","value":"//*[@id=\"application-warehousemovements-display-component---executeMovement--executeId\"]"}
RESULT: {}
RESULT: {"using":"xpath","value":"//*[@id=\"application-warehousemovements-display-component---executeMovement--executeId\"]"}
COMMAND: POST /session/f199610b81d2740d08c28d2a7b12bbb6/element/f.2BFA133D83E8FE08190C073C8C008530.d.E7245A2F5973C9CE24A12DFA2D0E8268.e.7263/click - {}
RESULT: {}
COMMAND: GET /session/f199610b81d2740d08c28d2a7b12bbb6/screenshot - {}
RESULT: {}
COMMAND: POST /session/f199610b81d2740d08c28d2a7b12bbb6/element - {"using":"css selector","value":"#shell-header-logo"}
RESULT: {"using":"css selector","value":"#shell-header-logo"}
COMMAND: POST /session/f199610b81d2740d08c28d2a7b12bbb6/element/f.2BFA133D83E8FE08190C073C8C008530.d.E7245A2F5973C9CE24A12DFA2D0E8268.e.6215/click - {}
RESULT: {}
COMMAND: GET /session/f199610b81d2740d08c28d2a7b12bbb6/screenshot - {}
RESULT: {}
RESULT: undefined
COMMAND: POST /session/f199610b81d2740d08c28d2a7b12bbb6/element - {"using":"xpath","value":"//*[@id=\"__tile131\"]"}
RESULT: {"using":"xpath","value":"//*[@id=\"__tile131\"]"}
COMMAND: POST /session/f199610b81d2740d08c28d2a7b12bbb6/element/f.2BFA133D83E8FE08190C073C8C008530.d.E7245A2F5973C9CE24A12DFA2D0E8268.e.4988/click - {}
RESULT: {}
COMMAND: GET /session/f199610b81d2740d08c28d2a7b12bbb6/screenshot - {}
RESULT: {}
COMMAND: POST /session/f199610b81d2740d08c28d2a7b12bbb6/elements - {"using":"xpath","value":"//span[text()='Error']"}
RESULT: {"using":"xpath","value":"//span[text()='Error']"}
COMMAND: POST /session/f199610b81d2740d08c28d2a7b12bbb6/execute/async - {"script":"<script> [1562 bytes]","args":[{"selector":{"controlType":"sap.m.SearchField","viewName":"etm.portal.ui.managehandovers.view.MasterHO","bindingPath":{"propertyPath":"/_BASIC_SEARCH_FIELD","modelName":"fi1t3rM0d31"},"interaction":{"idSuffix":"I"}},"wdio_ui5_key":"etmportal.ui.managehandovers.view.MasterHOsap.m.SearchField{\"propertyPath\":\"/_BASIC_SEARCH_FIELD\",\"modelName\":\"fi1t3rM0d31\"}"}]}
RESULT: {"script":"<script> [1562 bytes]","args":[{"selector":{"controlType":"sap.m.SearchField","viewName":"etm.portal.ui.managehandovers.view.MasterHO","bindingPath":{"propertyPath":"/_BASIC_SEARCH_FIELD","modelName":"fi1t3rM0d31"},"interaction":{"idSuffix":"I"}},"wdio_ui5_key":"etmportal.ui.managehandovers.view.MasterHOsap.m.SearchField{\"propertyPath\":\"/_BASIC_SEARCH_FIELD\",\"modelName\":\"fi1t3rM0d31\"}"}]}
RESULT: undefined
COMMAND: POST /session/f199610b81d2740d08c28d2a7b12bbb6/execute/async - {"script":"<script> [776 bytes]","args":[{"enterText":"30729","selector":{"controlType":"sap.m.SearchField","viewName":"etm.portal.ui.managehandovers.view.MasterHO","bindingPath":{"propertyPath":"/_BASIC_SEARCH_FIELD","modelName":"fi1t3rM0d31"},"interaction":{"idSuffix":"I"}},"clearTextFirst":true,"interactionType":"ENTER_TEXT"}]}
RESULT: {"script":"<script> [776 bytes]","args":[{"enterText":"30729","selector":{"controlType":"sap.m.SearchField","viewName":"etm.portal.ui.managehandovers.view.MasterHO","bindingPath":{"propertyPath":"/_BASIC_SEARCH_FIELD","modelName":"fi1t3rM0d31"},"interaction":{"idSuffix":"I"}},"clearTextFirst":true,"interactionType":"ENTER_TEXT"}]}
COMMAND: POST /session/f199610b81d2740d08c28d2a7b12bbb6/actions - {"actions":[{"id":"action24","type":"key","parameters":{},"actions":[{"type":"keyDown","value":"î€‡"},{"type":"pause","duration":10},{"type":"keyUp","value":"î€‡"}]}]}
RESULT: {"actions":[{"id":"action24","type":"key","parameters":{},"actions":[{"type":"keyDown","value":"î€‡"},{"type":"pause","duration":10},{"type":"keyUp","value":"î€‡"}]}]}
COMMAND: GET /session/f199610b81d2740d08c28d2a7b12bbb6/screenshot - {}
RESULT: {}
COMMAND: POST /session/f199610b81d2740d08c28d2a7b12bbb6/execute/async - {"script":"<script> [1562 bytes]","args":[{"selector":{"controlType":"sap.ui.core.Icon","viewName":"etm.portal.ui.managehandovers.view.MasterHO","properties":{"src":{"regex":{"source":"slim\\-arrow\\-right"}}}},"wdio_ui5_key":"etmportal.ui.managehandovers.view.MasterHOsap.ui.core.Icon{\"src\":{\"regex\":{\"source\":\"slim\\\\-arrow\\\\-right\"}}}"}]}
RESULT: {"script":"<script> [1562 bytes]","args":[{"selector":{"controlType":"sap.ui.core.Icon","viewName":"etm.portal.ui.managehandovers.view.MasterHO","properties":{"src":{"regex":{"source":"slim\\-arrow\\-right"}}}},"wdio_ui5_key":"etmportal.ui.managehandovers.view.MasterHOsap.ui.core.Icon{\"src\":{\"regex\":{\"source\":\"slim\\\\-arrow\\\\-right\"}}}"}]}
RESULT: undefined
COMMAND: POST /session/f199610b81d2740d08c28d2a7b12bbb6/element - {"using":"xpath","value":"//*[@id=\"__item1917-__clone3809-imgNav\"]"}
RESULT: {"using":"xpath","value":"//*[@id=\"__item1917-__clone3809-imgNav\"]"}
COMMAND: POST /session/f199610b81d2740d08c28d2a7b12bbb6/element/f.2BFA133D83E8FE08190C073C8C008530.d.E7245A2F5973C9CE24A12DFA2D0E8268.e.7497/click - {}
RESULT: {}
COMMAND: GET /session/f199610b81d2740d08c28d2a7b12bbb6/screenshot - {}
RESULT: {}
COMMAND: POST /session/f199610b81d2740d08c28d2a7b12bbb6/execute/async - {"script":"<script> [1562 bytes]","args":[{"selector":{"controlType":"sap.m.Button","viewName":"etm.portal.ui.managehandovers.view.DetailExecuteHO","i18NText":{"propertyName":"text","key":"confirmAll"},"interaction":{"idSuffix":"BDI-content"}},"wdio_ui5_key":"etmportal.ui.managehandovers.view.DetailExecuteHOsap.m.Button{\"propertyName\":\"text\",\"key\":\"confirmAll\"}"}]}
RESULT: {"script":"<script> [1562 bytes]","args":[{"selector":{"controlType":"sap.m.Button","viewName":"etm.portal.ui.managehandovers.view.DetailExecuteHO","i18NText":{"propertyName":"text","key":"confirmAll"},"interaction":{"idSuffix":"BDI-content"}},"wdio_ui5_key":"etmportal.ui.managehandovers.view.DetailExecuteHOsap.m.Button{\"propertyName\":\"text\",\"key\":\"confirmAll\"}"}]}
RESULT: undefined
COMMAND: POST /session/f199610b81d2740d08c28d2a7b12bbb6/element - {"using":"xpath","value":"//*[@id=\"__button280\"]"}
RESULT: {"using":"xpath","value":"//*[@id=\"__button280\"]"}
COMMAND: POST /session/f199610b81d2740d08c28d2a7b12bbb6/element/f.2BFA133D83E8FE08190C073C8C008530.d.E7245A2F5973C9CE24A12DFA2D0E8268.e.7579/click - {}
RESULT: {}
COMMAND: GET /session/f199610b81d2740d08c28d2a7b12bbb6/screenshot - {}
RESULT: {}
COMMAND: POST /session/f199610b81d2740d08c28d2a7b12bbb6/actions - {"actions":[{"id":"action25","type":"key","parameters":{},"actions":[{"type":"keyDown","value":"î€‡"},{"type":"pause","duration":10},{"type":"keyUp","value":"î€‡"}]}]}
RESULT: {"actions":[{"id":"action25","type":"key","parameters":{},"actions":[{"type":"keyDown","value":"î€‡"},{"type":"pause","duration":10},{"type":"keyUp","value":"î€‡"}]}]}
COMMAND: GET /session/f199610b81d2740d08c28d2a7b12bbb6/screenshot - {}
RESULT: {}
COMMAND: POST /session/f199610b81d2740d08c28d2a7b12bbb6/element - {"using":"xpath","value":"//button[@data-kt=\"execHoIssueButton\"]"}
RESULT: {"using":"xpath","value":"//button[@data-kt=\"execHoIssueButton\"]"}
COMMAND: POST /session/f199610b81d2740d08c28d2a7b12bbb6/element/f.2BFA133D83E8FE08190C073C8C008530.d.E7245A2F5973C9CE24A12DFA2D0E8268.e.7588/click - {}
RESULT: {}
COMMAND: GET /session/f199610b81d2740d08c28d2a7b12bbb6/screenshot - {}
RESULT: {}
RESULT: undefined
COMMAND: POST /session/f199610b81d2740d08c28d2a7b12bbb6/execute/async - {"script":"<script> [776 bytes]","args":[{"enterText":"30729","selector":{"controlType":"sap.m.SearchField","viewName":"etm.portal.ui.managehandovers.view.MasterHO","bindingPath":{"propertyPath":"/_BASIC_SEARCH_FIELD","modelName":"fi1t3rM0d31"},"interaction":{"idSuffix":"I"}},"clearTextFirst":true,"interactionType":"ENTER_TEXT"}]}
RESULT: {"script":"<script> [776 bytes]","args":[{"enterText":"30729","selector":{"controlType":"sap.m.SearchField","viewName":"etm.portal.ui.managehandovers.view.MasterHO","bindingPath":{"propertyPath":"/_BASIC_SEARCH_FIELD","modelName":"fi1t3rM0d31"},"interaction":{"idSuffix":"I"}},"clearTextFirst":true,"interactionType":"ENTER_TEXT"}]}
COMMAND: POST /session/f199610b81d2740d08c28d2a7b12bbb6/actions - {"actions":[{"id":"action26","type":"key","parameters":{},"actions":[{"type":"keyDown","value":"î€‡"},{"type":"pause","duration":10},{"type":"keyUp","value":"î€‡"}]}]}
RESULT: {"actions":[{"id":"action26","type":"key","parameters":{},"actions":[{"type":"keyDown","value":"î€‡"},{"type":"pause","duration":10},{"type":"keyUp","value":"î€‡"}]}]}
COMMAND: GET /session/f199610b81d2740d08c28d2a7b12bbb6/screenshot - {}
RESULT: {}
COMMAND: POST /session/f199610b81d2740d08c28d2a7b12bbb6/element - {"using":"xpath","value":"//span[(text() = '30729' or . = '30729')]"}
RESULT: {"using":"xpath","value":"//span[(text() = '30729' or . = '30729')]"}
COMMAND: POST /session/f199610b81d2740d08c28d2a7b12bbb6/element/f.2BFA133D83E8FE08190C073C8C008530.d.E7245A2F5973C9CE24A12DFA2D0E8268.e.7631/click - {}
RESULT: {}
COMMAND: GET /session/f199610b81d2740d08c28d2a7b12bbb6/screenshot - {}
RESULT: {}
COMMAND: POST /session/f199610b81d2740d08c28d2a7b12bbb6/element - {"using":"xpath","value":"//span[contains(text(), \"Instructions\")]"}
RESULT: {"using":"xpath","value":"//span[contains(text(), \"Instructions\")]"}
COMMAND: POST /session/f199610b81d2740d08c28d2a7b12bbb6/element/f.2BFA133D83E8FE08190C073C8C008530.d.E7245A2F5973C9CE24A12DFA2D0E8268.e.7671/click - {}
RESULT: {}
COMMAND: GET /session/f199610b81d2740d08c28d2a7b12bbb6/screenshot - {}
RESULT: {}
COMMAND: POST /session/f199610b81d2740d08c28d2a7b12bbb6/element - {"using":"xpath","value":"//span[contains(text(), \"Instructions\")]"}
RESULT: {"using":"xpath","value":"//span[contains(text(), \"Instructions\")]"}
COMMAND: POST /session/f199610b81d2740d08c28d2a7b12bbb6/element/f.2BFA133D83E8FE08190C073C8C008530.d.E7245A2F5973C9CE24A12DFA2D0E8268.e.7671/click - {}
RESULT: {}
COMMAND: GET /session/f199610b81d2740d08c28d2a7b12bbb6/screenshot - {}
RESULT: {}
COMMAND: POST /session/f199610b81d2740d08c28d2a7b12bbb6/execute/async - {"script":"<script> [1562 bytes]","args":[{"selector":{"controlType":"sap.m.ComboBox","viewName":"etm.portal.ui.managehandovers.view.DetailExecuteHO","bindingPath":{"propertyPath":"RECEIVING_SECTION","modelName":"catalogModel"},"interaction":{"idSuffix":"inner"}},"wdio_ui5_key":"etmportal.ui.managehandovers.view.DetailExecuteHOsap.m.ComboBox{\"propertyPath\":\"RECEIVING_SECTION\",\"modelName\":\"catalogModel\"}"}]}
RESULT: {"script":"<script> [1562 bytes]","args":[{"selector":{"controlType":"sap.m.ComboBox","viewName":"etm.portal.ui.managehandovers.view.DetailExecuteHO","bindingPath":{"propertyPath":"RECEIVING_SECTION","modelName":"catalogModel"},"interaction":{"idSuffix":"inner"}},"wdio_ui5_key":"etmportal.ui.managehandovers.view.DetailExecuteHOsap.m.ComboBox{\"propertyPath\":\"RECEIVING_SECTION\",\"modelName\":\"catalogModel\"}"}]}
RESULT: undefined
COMMAND: POST /session/f199610b81d2740d08c28d2a7b12bbb6/execute/async - {"script":"<script> [776 bytes]","args":[{"enterText":"WDIO-2269","selector":{"controlType":"sap.m.ComboBox","viewName":"etm.portal.ui.managehandovers.view.DetailExecuteHO","bindingPath":{"propertyPath":"RECEIVING_SECTION","modelName":"catalogModel"},"interaction":{"idSuffix":"inner"}},"clearTextFirst":true,"interactionType":"ENTER_TEXT"}]}
RESULT: {"script":"<script> [776 bytes]","args":[{"enterText":"WDIO-2269","selector":{"controlType":"sap.m.ComboBox","viewName":"etm.portal.ui.managehandovers.view.DetailExecuteHO","bindingPath":{"propertyPath":"RECEIVING_SECTION","modelName":"catalogModel"},"interaction":{"idSuffix":"inner"}},"clearTextFirst":true,"interactionType":"ENTER_TEXT"}]}
COMMAND: POST /session/f199610b81d2740d08c28d2a7b12bbb6/actions - {"actions":[{"id":"action27","type":"key","parameters":{},"actions":[{"type":"keyDown","value":"î€‡"},{"type":"pause","duration":10},{"type":"keyUp","value":"î€‡"}]}]}
RESULT: {"actions":[{"id":"action27","type":"key","parameters":{},"actions":[{"type":"keyDown","value":"î€‡"},{"type":"pause","duration":10},{"type":"keyUp","value":"î€‡"}]}]}
COMMAND: GET /session/f199610b81d2740d08c28d2a7b12bbb6/screenshot - {}
RESULT: {}
COMMAND: POST /session/f199610b81d2740d08c28d2a7b12bbb6/element - {"using":"xpath","value":"//button[@data-kt= \"execHoReceiveButton\"]"}
RESULT: {"using":"xpath","value":"//button[@data-kt= \"execHoReceiveButton\"]"}
COMMAND: POST /session/f199610b81d2740d08c28d2a7b12bbb6/element/f.2BFA133D83E8FE08190C073C8C008530.d.E7245A2F5973C9CE24A12DFA2D0E8268.e.7676/click - {}
RESULT: {}
COMMAND: GET /session/f199610b81d2740d08c28d2a7b12bbb6/screenshot - {}
RESULT: {}
COMMAND: POST /session/f199610b81d2740d08c28d2a7b12bbb6/execute/async - {"script":"<script> [1562 bytes]","args":[{"selector":{"controlType":"sap.m.Button","properties":{"text":"Continue"},"searchOpenDialogs":true,"interaction":{"idSuffix":"content"}},"wdio_ui5_key":"sapm.Button{\"text\":\"Continue\"}"}]}
RESULT: {"script":"<script> [1562 bytes]","args":[{"selector":{"controlType":"sap.m.Button","properties":{"text":"Continue"},"searchOpenDialogs":true,"interaction":{"idSuffix":"content"}},"wdio_ui5_key":"sapm.Button{\"text\":\"Continue\"}"}]}
RESULT: undefined
COMMAND: POST /session/f199610b81d2740d08c28d2a7b12bbb6/element - {"using":"xpath","value":"//*[@id=\"__mbox-btn-6\"]"}
RESULT: {"using":"xpath","value":"//*[@id=\"__mbox-btn-6\"]"}
COMMAND: POST /session/f199610b81d2740d08c28d2a7b12bbb6/element/f.2BFA133D83E8FE08190C073C8C008530.d.E7245A2F5973C9CE24A12DFA2D0E8268.e.7677/click - {}
RESULT: {}
COMMAND: GET /session/f199610b81d2740d08c28d2a7b12bbb6/screenshot - {}
RESULT: {}
COMMAND: POST /session/f199610b81d2740d08c28d2a7b12bbb6/element - {"using":"css selector","value":"#shell-header-logo"}
RESULT: {"using":"css selector","value":"#shell-header-logo"}
COMMAND: POST /session/f199610b81d2740d08c28d2a7b12bbb6/element/f.2BFA133D83E8FE08190C073C8C008530.d.E7245A2F5973C9CE24A12DFA2D0E8268.e.7371/click - {}
RESULT: {}
COMMAND: GET /session/f199610b81d2740d08c28d2a7b12bbb6/screenshot - {}
RESULT: {}
]]></system-out>
    </testcase>
    <testcase classname="chrome.136_0_7103_93.windows.Provide_to_Site_w/_warehouse_management_w_clarification" name="Should test for Clarification" time="76.96">
      <system-out><![CDATA[
RESULT: undefined
COMMAND: POST /session/f199610b81d2740d08c28d2a7b12bbb6/element - {"using":"xpath","value":"//*[@id=\"__tile131\"]"}
RESULT: {"using":"xpath","value":"//*[@id=\"__tile131\"]"}
COMMAND: POST /session/f199610b81d2740d08c28d2a7b12bbb6/element/f.2BFA133D83E8FE08190C073C8C008530.d.E7245A2F5973C9CE24A12DFA2D0E8268.e.4988/click - {}
RESULT: {}
COMMAND: GET /session/f199610b81d2740d08c28d2a7b12bbb6/screenshot - {}
RESULT: {}
COMMAND: POST /session/f199610b81d2740d08c28d2a7b12bbb6/elements - {"using":"xpath","value":"//span[text()='Error']"}
RESULT: {"using":"xpath","value":"//span[text()='Error']"}
RESULT: undefined
COMMAND: POST /session/f199610b81d2740d08c28d2a7b12bbb6/execute/async - {"script":"<script> [776 bytes]","args":[{"enterText":"30729","selector":{"controlType":"sap.m.SearchField","viewName":"etm.portal.ui.managehandovers.view.MasterHO","bindingPath":{"propertyPath":"/_BASIC_SEARCH_FIELD","modelName":"fi1t3rM0d31"},"interaction":{"idSuffix":"I"}},"clearTextFirst":true,"interactionType":"ENTER_TEXT"}]}
RESULT: {"script":"<script> [776 bytes]","args":[{"enterText":"30729","selector":{"controlType":"sap.m.SearchField","viewName":"etm.portal.ui.managehandovers.view.MasterHO","bindingPath":{"propertyPath":"/_BASIC_SEARCH_FIELD","modelName":"fi1t3rM0d31"},"interaction":{"idSuffix":"I"}},"clearTextFirst":true,"interactionType":"ENTER_TEXT"}]}
COMMAND: POST /session/f199610b81d2740d08c28d2a7b12bbb6/actions - {"actions":[{"id":"action28","type":"key","parameters":{},"actions":[{"type":"keyDown","value":"î€‡"},{"type":"pause","duration":10},{"type":"keyUp","value":"î€‡"}]}]}
RESULT: {"actions":[{"id":"action28","type":"key","parameters":{},"actions":[{"type":"keyDown","value":"î€‡"},{"type":"pause","duration":10},{"type":"keyUp","value":"î€‡"}]}]}
COMMAND: GET /session/f199610b81d2740d08c28d2a7b12bbb6/screenshot - {}
RESULT: {}
COMMAND: POST /session/f199610b81d2740d08c28d2a7b12bbb6/element - {"using":"xpath","value":"//span[(text() = '30729' or . = '30729')]"}
RESULT: {"using":"xpath","value":"//span[(text() = '30729' or . = '30729')]"}
COMMAND: POST /session/f199610b81d2740d08c28d2a7b12bbb6/element/f.2BFA133D83E8FE08190C073C8C008530.d.E7245A2F5973C9CE24A12DFA2D0E8268.e.8011/click - {}
RESULT: {}
COMMAND: GET /session/f199610b81d2740d08c28d2a7b12bbb6/screenshot - {}
COMMAND: POST /session/f199610b81d2740d08c28d2a7b12bbb6/element - {"using":"xpath","value":"//span[contains(text(), \"Instructions\")]"}
RESULT: {}
RESULT: {"using":"xpath","value":"//span[contains(text(), \"Instructions\")]"}
COMMAND: POST /session/f199610b81d2740d08c28d2a7b12bbb6/element/f.2BFA133D83E8FE08190C073C8C008530.d.E7245A2F5973C9CE24A12DFA2D0E8268.e.8068/click - {}
RESULT: {}
COMMAND: GET /session/f199610b81d2740d08c28d2a7b12bbb6/screenshot - {}
RESULT: {}
COMMAND: POST /session/f199610b81d2740d08c28d2a7b12bbb6/element - {"using":"xpath","value":"//span[contains(text(), \"Instructions\")]"}
RESULT: {"using":"xpath","value":"//span[contains(text(), \"Instructions\")]"}
COMMAND: POST /session/f199610b81d2740d08c28d2a7b12bbb6/element/f.2BFA133D83E8FE08190C073C8C008530.d.E7245A2F5973C9CE24A12DFA2D0E8268.e.8068/click - {}
RESULT: {}
COMMAND: GET /session/f199610b81d2740d08c28d2a7b12bbb6/screenshot - {}
RESULT: {}
COMMAND: POST /session/f199610b81d2740d08c28d2a7b12bbb6/element - {"using":"xpath","value":"//button[.//bdi[text() = \"Refuse\"]]"}
RESULT: {"using":"xpath","value":"//button[.//bdi[text() = \"Refuse\"]]"}
COMMAND: POST /session/f199610b81d2740d08c28d2a7b12bbb6/element/f.2BFA133D83E8FE08190C073C8C008530.d.E7245A2F5973C9CE24A12DFA2D0E8268.e.8099/click - {}
RESULT: {}
COMMAND: GET /session/f199610b81d2740d08c28d2a7b12bbb6/screenshot - {}
RESULT: {}
COMMAND: POST /session/f199610b81d2740d08c28d2a7b12bbb6/element - {"using":"xpath","value":"//button[@data-kt= \"execHoReceiveRefuseButton\"]"}
RESULT: {"using":"xpath","value":"//button[@data-kt= \"execHoReceiveRefuseButton\"]"}
COMMAND: POST /session/f199610b81d2740d08c28d2a7b12bbb6/element/f.2BFA133D83E8FE08190C073C8C008530.d.E7245A2F5973C9CE24A12DFA2D0E8268.e.8101/click - {}
RESULT: {}
COMMAND: GET /session/f199610b81d2740d08c28d2a7b12bbb6/screenshot - {}
RESULT: {}
COMMAND: POST /session/f199610b81d2740d08c28d2a7b12bbb6/element - {"using":"css selector","value":"#shell-header-logo"}
RESULT: {"using":"css selector","value":"#shell-header-logo"}
COMMAND: POST /session/f199610b81d2740d08c28d2a7b12bbb6/element/f.2BFA133D83E8FE08190C073C8C008530.d.E7245A2F5973C9CE24A12DFA2D0E8268.e.7744/click - {}
RESULT: {}
COMMAND: GET /session/f199610b81d2740d08c28d2a7b12bbb6/screenshot - {}
RESULT: {}
COMMAND: POST /session/f199610b81d2740d08c28d2a7b12bbb6/element - {"using":"css selector","value":"#j_username"}
COMMAND: POST /session/f199610b81d2740d08c28d2a7b12bbb6/url - {"url":"https://qa-testing-00-live-etm-ui.cfapps.eu10-004.hana.ondemand.com/"}
RESULT: {"using":"css selector","value":"#j_username"}
COMMAND: POST /session/f199610b81d2740d08c28d2a7b12bbb6/element - {"using":"css selector","value":"#j_username"}
RESULT: {"url":"https://qa-testing-00-live-etm-ui.cfapps.eu10-004.hana.ondemand.com/"}
RESULT: undefined
COMMAND: GET /session/f199610b81d2740d08c28d2a7b12bbb6/screenshot - {}
RESULT: {"using":"css selector","value":"#j_username"}
COMMAND: POST /session/f199610b81d2740d08c28d2a7b12bbb6/element - {"using":"css selector","value":"#shell-header-logo"}
RESULT: {}
RESULT: {"using":"css selector","value":"#shell-header-logo"}
COMMAND: POST /session/f199610b81d2740d08c28d2a7b12bbb6/execute/sync - {"script":"<script> [8489 bytes]","args":[{"element-6066-11e4-a52e-4f735466cecf":"f.2BFA133D83E8FE08190C073C8C008530.d.C868AF6C83971FCBDF466D5CCF849065.e.8154","ELEMENT":"f.2BFA133D83E8FE08190C073C8C008530.d.C868AF6C83971FCBDF466D5CCF849065.e.8154"}]}
RESULT: {"script":"<script> [8489 bytes]","args":[{"element-6066-11e4-a52e-4f735466cecf":"f.2BFA133D83E8FE08190C073C8C008530.d.C868AF6C83971FCBDF466D5CCF849065.e.8154","ELEMENT":"f.2BFA133D83E8FE08190C073C8C008530.d.C868AF6C83971FCBDF466D5CCF849065.e.8154"}]}
COMMAND: POST /session/f199610b81d2740d08c28d2a7b12bbb6/element - {"using":"css selector","value":"#shell-header-logo"}
COMMAND: GET /session/f199610b81d2740d08c28d2a7b12bbb6/screenshot - {}
RESULT: {"using":"css selector","value":"#shell-header-logo"}
COMMAND: POST /session/f199610b81d2740d08c28d2a7b12bbb6/execute/sync - {"script":"<script> [8489 bytes]","args":[{"element-6066-11e4-a52e-4f735466cecf":"f.2BFA133D83E8FE08190C073C8C008530.d.C868AF6C83971FCBDF466D5CCF849065.e.8154","ELEMENT":"f.2BFA133D83E8FE08190C073C8C008530.d.C868AF6C83971FCBDF466D5CCF849065.e.8154"}]}
RESULT: {}
RESULT: {"script":"<script> [8489 bytes]","args":[{"element-6066-11e4-a52e-4f735466cecf":"f.2BFA133D83E8FE08190C073C8C008530.d.C868AF6C83971FCBDF466D5CCF849065.e.8154","ELEMENT":"f.2BFA133D83E8FE08190C073C8C008530.d.C868AF6C83971FCBDF466D5CCF849065.e.8154"}]}
COMMAND: POST /session/f199610b81d2740d08c28d2a7b12bbb6/execute/sync - {"script":"<script> [5351 bytes]","args":[{"element-6066-11e4-a52e-4f735466cecf":"f.2BFA133D83E8FE08190C073C8C008530.d.C868AF6C83971FCBDF466D5CCF849065.e.8154","ELEMENT":"f.2BFA133D83E8FE08190C073C8C008530.d.C868AF6C83971FCBDF466D5CCF849065.e.8154"}]}
COMMAND: GET /session/f199610b81d2740d08c28d2a7b12bbb6/screenshot - {}
RESULT: {"script":"<script> [5351 bytes]","args":[{"element-6066-11e4-a52e-4f735466cecf":"f.2BFA133D83E8FE08190C073C8C008530.d.C868AF6C83971FCBDF466D5CCF849065.e.8154","ELEMENT":"f.2BFA133D83E8FE08190C073C8C008530.d.C868AF6C83971FCBDF466D5CCF849065.e.8154"}]}
COMMAND: POST /session/f199610b81d2740d08c28d2a7b12bbb6/element - {"using":"css selector","value":"#shell-header-logo"}
COMMAND: GET /session/f199610b81d2740d08c28d2a7b12bbb6/screenshot - {}
RESULT: {}
RESULT: {"using":"css selector","value":"#shell-header-logo"}
COMMAND: POST /session/f199610b81d2740d08c28d2a7b12bbb6/element/f.2BFA133D83E8FE08190C073C8C008530.d.C868AF6C83971FCBDF466D5CCF849065.e.8154/click - {}
RESULT: {}
RESULT: {}
COMMAND: GET /session/f199610b81d2740d08c28d2a7b12bbb6/screenshot - {}
RESULT: {}
COMMAND: POST /session/f199610b81d2740d08c28d2a7b12bbb6/execute/async - {"script":"<script> [189 bytes]","args":[]}
RESULT: {"script":"<script> [189 bytes]","args":[]}
COMMAND: POST /session/f199610b81d2740d08c28d2a7b12bbb6/execute/async - {"script":"<script> [123 bytes]","args":[]}
RESULT: {"script":"<script> [123 bytes]","args":[]}
COMMAND: POST /session/f199610b81d2740d08c28d2a7b12bbb6/timeouts - {"script":"<number>"}
RESULT: {"script":"<number>"}
COMMAND: GET /session/f199610b81d2740d08c28d2a7b12bbb6/timeouts - {}
RESULT: {}
RESULT: undefined
COMMAND: POST /session/f199610b81d2740d08c28d2a7b12bbb6/execute/async - {"script":"<script> [2676 bytes]","args":[]}
RESULT: {"script":"<script> [2676 bytes]","args":[]}
COMMAND: POST /session/f199610b81d2740d08c28d2a7b12bbb6/execute/async - {"script":"<script> [2342 bytes]","args":[{"protocol":"http","hostname":"0.0.0.0","path":"/","capabilities":{"browserName":"chrome","goog:chromeOptions":{"binary":"C:\\Program Files\\Google\\Chrome\\Application\\chrome.exe","args":["--start-maximized"]}},"logLevel":"warn","connectionRetryTimeout":120000,"connectionRetryCount":3,"logLevels":{},"enableDirectConnect":true,"strictSSL":true,"_":"65 more keys: [\"cacheDir\",\"port\",\"requestedCapabilities\",\"automationProtocol\",\"baseUrl\",\"waitforInterval\",\"waitforTimeout\",\"onReload\",\"beforeCommand\",\"afterCommand\",\"rootDir\",\"specs\",\"suites\",\"exclude\",\"groupLogsByTestSpec\",\"excludeDriverLogs\",\"bail\",\"framework\",\"reporters\",\"services\",\"maxInstances\",\"maxInstancesPerCapability\",\"injectGlobals\",\"filesToWatch\",\"execArgv\",\"runnerEnv\",\"runner\",\"shard\",\"specFileRetries\",\"specFileRetriesDelay\",\"specFileRetriesDeferred\",\"reporterSyncInterval\",\"reporterSyncTimeout\",\"cucumberFeaturesWithLineNumbers\",\"autoCompileOpts\",\"mochaOpts\",\"jasmineOpts\",\"cucumberOpts\",\"onPrepare\",\"onWorkerStart\",\"onWorkerEnd\",\"before\",\"beforeSession\",\"beforeSuite\",\"beforeHook\",\"beforeTest\",\"afterTest\",\"afterHook\",\"afterSuite\",\"afterSession\",\"after\",\"onComplete\",\"beforeAssertion\",\"afterAssertion\",\"beforeFeature\",\"beforeScenario\",\"beforeStep\",\"afterStep\",\"afterScenario\",\"afterFeature\",\"_\",\"suite\",\"$0\",\"ignoredWorkerServices\",\"wdi5\"]"}]}
RESULT: {"script":"<script> [2342 bytes]","args":[{"protocol":"http","hostname":"0.0.0.0","path":"/","capabilities":{"browserName":"chrome","goog:chromeOptions":{"binary":"C:\\Program Files\\Google\\Chrome\\Application\\chrome.exe","args":["--start-maximized"]}},"logLevel":"warn","connectionRetryTimeout":120000,"connectionRetryCount":3,"logLevels":{},"enableDirectConnect":true,"strictSSL":true,"_":"65 more keys: [\"cacheDir\",\"port\",\"requestedCapabilities\",\"automationProtocol\",\"baseUrl\",\"waitforInterval\",\"waitforTimeout\",\"onReload\",\"beforeCommand\",\"afterCommand\",\"rootDir\",\"specs\",\"suites\",\"exclude\",\"groupLogsByTestSpec\",\"excludeDriverLogs\",\"bail\",\"framework\",\"reporters\",\"services\",\"maxInstances\",\"maxInstancesPerCapability\",\"injectGlobals\",\"filesToWatch\",\"execArgv\",\"runnerEnv\",\"runner\",\"shard\",\"specFileRetries\",\"specFileRetriesDelay\",\"specFileRetriesDeferred\",\"reporterSyncInterval\",\"reporterSyncTimeout\",\"cucumberFeaturesWithLineNumbers\",\"autoCompileOpts\",\"mochaOpts\",\"jasmineOpts\",\"cucumberOpts\",\"onPrepare\",\"onWorkerStart\",\"onWorkerEnd\",\"before\",\"beforeSession\",\"beforeSuite\",\"beforeHook\",\"beforeTest\",\"afterTest\",\"afterHook\",\"afterSuite\",\"afterSession\",\"after\",\"onComplete\",\"beforeAssertion\",\"afterAssertion\",\"beforeFeature\",\"beforeScenario\",\"beforeStep\",\"afterStep\",\"afterScenario\",\"afterFeature\",\"_\",\"suite\",\"$0\",\"ignoredWorkerServices\",\"wdi5\"]"}]}
COMMAND: POST /session/f199610b81d2740d08c28d2a7b12bbb6/execute/async - {"script":"<script> [21126 bytes]","args":[35000]}
RESULT: {"script":"<script> [21126 bytes]","args":[35000]}
COMMAND: POST /session/f199610b81d2740d08c28d2a7b12bbb6/window/maximize - {}
RESULT: {}
COMMAND: POST /session/f199610b81d2740d08c28d2a7b12bbb6/execute/async - {"script":"<script> [1562 bytes]","args":[{"selector":{"id":"shell-header","interaction":{"idSuffix":"icon"}},"wdio_ui5_key":"shellheader"}]}
COMMAND: GET /session/f199610b81d2740d08c28d2a7b12bbb6/screenshot - {}
RESULT: {"script":"<script> [1562 bytes]","args":[{"selector":{"id":"shell-header","interaction":{"idSuffix":"icon"}},"wdio_ui5_key":"shellheader"}]}
RESULT: undefined
COMMAND: POST /session/f199610b81d2740d08c28d2a7b12bbb6/window/fullscreen - {}
RESULT: {}
RESULT: {}
]]></system-out>
    </testcase>
  </testsuite>
  <testsuite timestamp="2025-05-19T08:53:10" time="150.122" tests="6" failures="0" errors="0" skipped="0">
    <properties>
      <property name="specId" value="0" />
      <property name="suiteName" value="Provide to Site w/ warehouse management w/o clarification US113782 " />
      <property name="capabilities" value="chrome.136_0_7103_93.windows" />
      <property name="file" value="file:///D:/a/1/s/test/specs/HTR/provide-to-site-w-warehouse-wo-clarification.spec.js" />
    </properties>
    <testcase classname="chrome.136_0_7103_93.windows.Provide_to_Site_w/_warehouse_management_w/o_clarification_US113782_" name="Should create a new WHM yard" time="0.052">
      <system-out><![CDATA[
COMMAND: POST /session/f199610b81d2740d08c28d2a7b12bbb6/window/fullscreen - {}
RESULT: {}
]]></system-out>
    </testcase>
    <testcase classname="chrome.136_0_7103_93.windows.Provide_to_Site_w/_warehouse_management_w/o_clarification_US113782_" name="Should create a new external WHM partner" time="0.006" />
    <testcase classname="chrome.136_0_7103_93.windows.Provide_to_Site_w/_warehouse_management_w/o_clarification_US113782_" name="Should create a new WHM site" time="0.004" />
    <testcase classname="chrome.136_0_7103_93.windows.Provide_to_Site_w/_warehouse_management_w/o_clarification_US113782_" name="Should create a new material" time="132.277">
      <system-out><![CDATA[
COMMAND: POST /session/f199610b81d2740d08c28d2a7b12bbb6/execute/async - {"script":"<script> [1562 bytes]","args":[{"selector":{"controlType":"sap.m.GenericTile","properties":{"header":"Manage Resources"}},"wdio_ui5_key":"sapm.GenericTile{\"header\":\"Manage Resources\"}"}]}
RESULT: {"script":"<script> [1562 bytes]","args":[{"selector":{"controlType":"sap.m.GenericTile","properties":{"header":"Manage Resources"}},"wdio_ui5_key":"sapm.GenericTile{\"header\":\"Manage Resources\"}"}]}
RESULT: undefined
COMMAND: POST /session/f199610b81d2740d08c28d2a7b12bbb6/element - {"using":"xpath","value":"//*[@id=\"__tile31\"]"}
RESULT: {"using":"xpath","value":"//*[@id=\"__tile31\"]"}
COMMAND: POST /session/f199610b81d2740d08c28d2a7b12bbb6/element/f.2BFA133D83E8FE08190C073C8C008530.d.C868AF6C83971FCBDF466D5CCF849065.e.8181/click - {}
RESULT: {}
COMMAND: GET /session/f199610b81d2740d08c28d2a7b12bbb6/screenshot - {}
RESULT: {}
COMMAND: POST /session/f199610b81d2740d08c28d2a7b12bbb6/elements - {"using":"xpath","value":"//span[text()='Error']"}
RESULT: {"using":"xpath","value":"//span[text()='Error']"}
COMMAND: POST /session/f199610b81d2740d08c28d2a7b12bbb6/element - {"using":"xpath","value":"//button[@data-kt=\"addNewRUOverflowToolbarButton\"]"}
RESULT: {"using":"xpath","value":"//button[@data-kt=\"addNewRUOverflowToolbarButton\"]"}
COMMAND: POST /session/f199610b81d2740d08c28d2a7b12bbb6/elements - {"using":"xpath","value":"//button[@data-kt=\"addNewRUOverflowToolbarButton\"]"}
RESULT: {"using":"xpath","value":"//button[@data-kt=\"addNewRUOverflowToolbarButton\"]"}
COMMAND: POST /session/f199610b81d2740d08c28d2a7b12bbb6/elements - {"using":"xpath","value":"//button[@data-kt=\"addNewRUOverflowToolbarButton\"]"}
RESULT: {"using":"xpath","value":"//button[@data-kt=\"addNewRUOverflowToolbarButton\"]"}
COMMAND: POST /session/f199610b81d2740d08c28d2a7b12bbb6/elements - {"using":"xpath","value":"//button[@data-kt=\"addNewRUOverflowToolbarButton\"]"}
RESULT: {"using":"xpath","value":"//button[@data-kt=\"addNewRUOverflowToolbarButton\"]"}
COMMAND: POST /session/f199610b81d2740d08c28d2a7b12bbb6/elements - {"using":"xpath","value":"//button[@data-kt=\"addNewRUOverflowToolbarButton\"]"}
RESULT: {"using":"xpath","value":"//button[@data-kt=\"addNewRUOverflowToolbarButton\"]"}
COMMAND: POST /session/f199610b81d2740d08c28d2a7b12bbb6/elements - {"using":"xpath","value":"//button[@data-kt=\"addNewRUOverflowToolbarButton\"]"}
RESULT: {"using":"xpath","value":"//button[@data-kt=\"addNewRUOverflowToolbarButton\"]"}
COMMAND: POST /session/f199610b81d2740d08c28d2a7b12bbb6/elements - {"using":"xpath","value":"//button[@data-kt=\"addNewRUOverflowToolbarButton\"]"}
RESULT: {"using":"xpath","value":"//button[@data-kt=\"addNewRUOverflowToolbarButton\"]"}
COMMAND: POST /session/f199610b81d2740d08c28d2a7b12bbb6/elements - {"using":"xpath","value":"//button[@data-kt=\"addNewRUOverflowToolbarButton\"]"}
RESULT: {"using":"xpath","value":"//button[@data-kt=\"addNewRUOverflowToolbarButton\"]"}
COMMAND: POST /session/f199610b81d2740d08c28d2a7b12bbb6/elements - {"using":"xpath","value":"//button[@data-kt=\"addNewRUOverflowToolbarButton\"]"}
RESULT: {"using":"xpath","value":"//button[@data-kt=\"addNewRUOverflowToolbarButton\"]"}
COMMAND: POST /session/f199610b81d2740d08c28d2a7b12bbb6/elements - {"using":"xpath","value":"//button[@data-kt=\"addNewRUOverflowToolbarButton\"]"}
RESULT: {"using":"xpath","value":"//button[@data-kt=\"addNewRUOverflowToolbarButton\"]"}
COMMAND: POST /session/f199610b81d2740d08c28d2a7b12bbb6/elements - {"using":"xpath","value":"//button[@data-kt=\"addNewRUOverflowToolbarButton\"]"}
RESULT: {"using":"xpath","value":"//button[@data-kt=\"addNewRUOverflowToolbarButton\"]"}
COMMAND: POST /session/f199610b81d2740d08c28d2a7b12bbb6/elements - {"using":"xpath","value":"//button[@data-kt=\"addNewRUOverflowToolbarButton\"]"}
RESULT: {"using":"xpath","value":"//button[@data-kt=\"addNewRUOverflowToolbarButton\"]"}
COMMAND: POST /session/f199610b81d2740d08c28d2a7b12bbb6/elements - {"using":"xpath","value":"//button[@data-kt=\"addNewRUOverflowToolbarButton\"]"}
RESULT: {"using":"xpath","value":"//button[@data-kt=\"addNewRUOverflowToolbarButton\"]"}
COMMAND: POST /session/f199610b81d2740d08c28d2a7b12bbb6/elements - {"using":"xpath","value":"//button[@data-kt=\"addNewRUOverflowToolbarButton\"]"}
RESULT: {"using":"xpath","value":"//button[@data-kt=\"addNewRUOverflowToolbarButton\"]"}
COMMAND: POST /session/f199610b81d2740d08c28d2a7b12bbb6/elements - {"using":"xpath","value":"//button[@data-kt=\"addNewRUOverflowToolbarButton\"]"}
RESULT: {"using":"xpath","value":"//button[@data-kt=\"addNewRUOverflowToolbarButton\"]"}
COMMAND: POST /session/f199610b81d2740d08c28d2a7b12bbb6/elements - {"using":"xpath","value":"//button[@data-kt=\"addNewRUOverflowToolbarButton\"]"}
RESULT: {"using":"xpath","value":"//button[@data-kt=\"addNewRUOverflowToolbarButton\"]"}
COMMAND: POST /session/f199610b81d2740d08c28d2a7b12bbb6/elements - {"using":"xpath","value":"//button[@data-kt=\"addNewRUOverflowToolbarButton\"]"}
RESULT: {"using":"xpath","value":"//button[@data-kt=\"addNewRUOverflowToolbarButton\"]"}
COMMAND: POST /session/f199610b81d2740d08c28d2a7b12bbb6/elements - {"using":"xpath","value":"//button[@data-kt=\"addNewRUOverflowToolbarButton\"]"}
RESULT: {"using":"xpath","value":"//button[@data-kt=\"addNewRUOverflowToolbarButton\"]"}
COMMAND: POST /session/f199610b81d2740d08c28d2a7b12bbb6/elements - {"using":"xpath","value":"//button[@data-kt=\"addNewRUOverflowToolbarButton\"]"}
RESULT: {"using":"xpath","value":"//button[@data-kt=\"addNewRUOverflowToolbarButton\"]"}
COMMAND: POST /session/f199610b81d2740d08c28d2a7b12bbb6/elements - {"using":"xpath","value":"//button[@data-kt=\"addNewRUOverflowToolbarButton\"]"}
RESULT: {"using":"xpath","value":"//button[@data-kt=\"addNewRUOverflowToolbarButton\"]"}
COMMAND: POST /session/f199610b81d2740d08c28d2a7b12bbb6/elements - {"using":"xpath","value":"//button[@data-kt=\"addNewRUOverflowToolbarButton\"]"}
RESULT: {"using":"xpath","value":"//button[@data-kt=\"addNewRUOverflowToolbarButton\"]"}
COMMAND: POST /session/f199610b81d2740d08c28d2a7b12bbb6/elements - {"using":"xpath","value":"//button[@data-kt=\"addNewRUOverflowToolbarButton\"]"}
RESULT: {"using":"xpath","value":"//button[@data-kt=\"addNewRUOverflowToolbarButton\"]"}
COMMAND: POST /session/f199610b81d2740d08c28d2a7b12bbb6/elements - {"using":"xpath","value":"//button[@data-kt=\"addNewRUOverflowToolbarButton\"]"}
RESULT: {"using":"xpath","value":"//button[@data-kt=\"addNewRUOverflowToolbarButton\"]"}
COMMAND: POST /session/f199610b81d2740d08c28d2a7b12bbb6/elements - {"using":"xpath","value":"//button[@data-kt=\"addNewRUOverflowToolbarButton\"]"}
RESULT: {"using":"xpath","value":"//button[@data-kt=\"addNewRUOverflowToolbarButton\"]"}
COMMAND: POST /session/f199610b81d2740d08c28d2a7b12bbb6/elements - {"using":"xpath","value":"//button[@data-kt=\"addNewRUOverflowToolbarButton\"]"}
RESULT: {"using":"xpath","value":"//button[@data-kt=\"addNewRUOverflowToolbarButton\"]"}
COMMAND: POST /session/f199610b81d2740d08c28d2a7b12bbb6/elements - {"using":"xpath","value":"//button[@data-kt=\"addNewRUOverflowToolbarButton\"]"}
RESULT: {"using":"xpath","value":"//button[@data-kt=\"addNewRUOverflowToolbarButton\"]"}
COMMAND: POST /session/f199610b81d2740d08c28d2a7b12bbb6/element - {"using":"xpath","value":"//button[@data-kt=\"addNewRUOverflowToolbarButton\"]"}
RESULT: {"using":"xpath","value":"//button[@data-kt=\"addNewRUOverflowToolbarButton\"]"}
COMMAND: POST /session/f199610b81d2740d08c28d2a7b12bbb6/execute/sync - {"script":"<script> [8489 bytes]","args":[{"element-6066-11e4-a52e-4f735466cecf":"f.2BFA133D83E8FE08190C073C8C008530.d.C868AF6C83971FCBDF466D5CCF849065.e.8306","ELEMENT":"f.2BFA133D83E8FE08190C073C8C008530.d.C868AF6C83971FCBDF466D5CCF849065.e.8306"}]}
RESULT: {"script":"<script> [8489 bytes]","args":[{"element-6066-11e4-a52e-4f735466cecf":"f.2BFA133D83E8FE08190C073C8C008530.d.C868AF6C83971FCBDF466D5CCF849065.e.8306","ELEMENT":"f.2BFA133D83E8FE08190C073C8C008530.d.C868AF6C83971FCBDF466D5CCF849065.e.8306"}]}
COMMAND: GET /session/f199610b81d2740d08c28d2a7b12bbb6/element/f.2BFA133D83E8FE08190C073C8C008530.d.C868AF6C83971FCBDF466D5CCF849065.e.8306/enabled - {}
COMMAND: GET /session/f199610b81d2740d08c28d2a7b12bbb6/screenshot - {}
RESULT: {}
COMMAND: POST /session/f199610b81d2740d08c28d2a7b12bbb6/execute/sync - {"script":"<script> [8489 bytes]","args":[{"element-6066-11e4-a52e-4f735466cecf":"f.2BFA133D83E8FE08190C073C8C008530.d.C868AF6C83971FCBDF466D5CCF849065.e.8306","ELEMENT":"f.2BFA133D83E8FE08190C073C8C008530.d.C868AF6C83971FCBDF466D5CCF849065.e.8306"}]}
COMMAND: GET /session/f199610b81d2740d08c28d2a7b12bbb6/screenshot - {}
RESULT: {}
RESULT: {"script":"<script> [8489 bytes]","args":[{"element-6066-11e4-a52e-4f735466cecf":"f.2BFA133D83E8FE08190C073C8C008530.d.C868AF6C83971FCBDF466D5CCF849065.e.8306","ELEMENT":"f.2BFA133D83E8FE08190C073C8C008530.d.C868AF6C83971FCBDF466D5CCF849065.e.8306"}]}
COMMAND: POST /session/f199610b81d2740d08c28d2a7b12bbb6/execute/sync - {"script":"<script> [5351 bytes]","args":[{"element-6066-11e4-a52e-4f735466cecf":"f.2BFA133D83E8FE08190C073C8C008530.d.C868AF6C83971FCBDF466D5CCF849065.e.8306","ELEMENT":"f.2BFA133D83E8FE08190C073C8C008530.d.C868AF6C83971FCBDF466D5CCF849065.e.8306"}]}
COMMAND: GET /session/f199610b81d2740d08c28d2a7b12bbb6/screenshot - {}
RESULT: {}
RESULT: {"script":"<script> [5351 bytes]","args":[{"element-6066-11e4-a52e-4f735466cecf":"f.2BFA133D83E8FE08190C073C8C008530.d.C868AF6C83971FCBDF466D5CCF849065.e.8306","ELEMENT":"f.2BFA133D83E8FE08190C073C8C008530.d.C868AF6C83971FCBDF466D5CCF849065.e.8306"}]}
COMMAND: POST /session/f199610b81d2740d08c28d2a7b12bbb6/element/f.2BFA133D83E8FE08190C073C8C008530.d.C868AF6C83971FCBDF466D5CCF849065.e.8306/click - {}
COMMAND: GET /session/f199610b81d2740d08c28d2a7b12bbb6/screenshot - {}
RESULT: {}
RESULT: {}
COMMAND: GET /session/f199610b81d2740d08c28d2a7b12bbb6/screenshot - {}
COMMAND: POST /session/f199610b81d2740d08c28d2a7b12bbb6/execute/async - {"script":"<script> [1562 bytes]","args":[{"selector":{"id":"application-manageresources-display-component---newResourceUnit--TYPE-arrow"},"wdio_ui5_key":"applicationmanageresources-display-component---newResourceUnit--TYPE-arrow"}]}
RESULT: {}
RESULT: {}
RESULT: {"script":"<script> [1562 bytes]","args":[{"selector":{"id":"application-manageresources-display-component---newResourceUnit--TYPE-arrow"},"wdio_ui5_key":"applicationmanageresources-display-component---newResourceUnit--TYPE-arrow"}]}
RESULT: undefined
COMMAND: POST /session/f199610b81d2740d08c28d2a7b12bbb6/element - {"using":"xpath","value":"//*[@id=\"application-manageresources-display-component---newResourceUnit--TYPE-arrow\"]"}
RESULT: {"using":"xpath","value":"//*[@id=\"application-manageresources-display-component---newResourceUnit--TYPE-arrow\"]"}
COMMAND: POST /session/f199610b81d2740d08c28d2a7b12bbb6/element/f.2BFA133D83E8FE08190C073C8C008530.d.C868AF6C83971FCBDF466D5CCF849065.e.8667/click - {}
RESULT: {}
COMMAND: POST /session/f199610b81d2740d08c28d2a7b12bbb6/element - {"using":"xpath","value":"//input[@id=\"application-manageresources-display-component---newResourceUnit--TYPE-inner\"]"}
COMMAND: GET /session/f199610b81d2740d08c28d2a7b12bbb6/screenshot - {}
RESULT: {"using":"xpath","value":"//input[@id=\"application-manageresources-display-component---newResourceUnit--TYPE-inner\"]"}
COMMAND: POST /session/f199610b81d2740d08c28d2a7b12bbb6/element/f.2BFA133D83E8FE08190C073C8C008530.d.C868AF6C83971FCBDF466D5CCF849065.e.8663/clear - {}
RESULT: {}
RESULT: {}
COMMAND: POST /session/f199610b81d2740d08c28d2a7b12bbb6/element/f.2BFA133D83E8FE08190C073C8C008530.d.C868AF6C83971FCBDF466D5CCF849065.e.8663/value - {"text":"Material"}
COMMAND: GET /session/f199610b81d2740d08c28d2a7b12bbb6/screenshot - {}
RESULT: {"text":"Material"}
COMMAND: GET /session/f199610b81d2740d08c28d2a7b12bbb6/screenshot - {}
RESULT: {}
RESULT: {}
COMMAND: POST /session/f199610b81d2740d08c28d2a7b12bbb6/actions - {"actions":[{"id":"action29","type":"key","parameters":{},"actions":[{"type":"keyDown","value":"î€‡"},{"type":"pause","duration":10},{"type":"keyUp","value":"î€‡"}]}]}
RESULT: {"actions":[{"id":"action29","type":"key","parameters":{},"actions":[{"type":"keyDown","value":"î€‡"},{"type":"pause","duration":10},{"type":"keyUp","value":"î€‡"}]}]}
COMMAND: POST /session/f199610b81d2740d08c28d2a7b12bbb6/execute/async - {"script":"<script> [1562 bytes]","args":[{"selector":{"id":"application-manageresources-display-component---newResourceUnit--SHORT_TEXT","interaction":{"idSuffix":"inner"}},"wdio_ui5_key":"applicationmanageresources-display-component---newResourceUnit--SHORT_TEXT"}]}
COMMAND: GET /session/f199610b81d2740d08c28d2a7b12bbb6/screenshot - {}
RESULT: {"script":"<script> [1562 bytes]","args":[{"selector":{"id":"application-manageresources-display-component---newResourceUnit--SHORT_TEXT","interaction":{"idSuffix":"inner"}},"wdio_ui5_key":"applicationmanageresources-display-component---newResourceUnit--SHORT_TEXT"}]}
RESULT: undefined
COMMAND: POST /session/f199610b81d2740d08c28d2a7b12bbb6/execute/async - {"script":"<script> [776 bytes]","args":[{"enterText":"Cement WDIO","selector":{"id":"application-manageresources-display-component---newResourceUnit--SHORT_TEXT","interaction":{"idSuffix":"inner"}},"clearTextFirst":true,"interactionType":"ENTER_TEXT"}]}
RESULT: {}
RESULT: {"script":"<script> [776 bytes]","args":[{"enterText":"Cement WDIO","selector":{"id":"application-manageresources-display-component---newResourceUnit--SHORT_TEXT","interaction":{"idSuffix":"inner"}},"clearTextFirst":true,"interactionType":"ENTER_TEXT"}]}
COMMAND: POST /session/f199610b81d2740d08c28d2a7b12bbb6/execute/async - {"script":"<script> [1562 bytes]","args":[{"selector":{"id":"application-manageresources-display-component---newResourceUnit--BASE_UNIT_OF_MEASURE","interaction":{"idSuffix":"inner"}},"wdio_ui5_key":"applicationmanageresources-display-component---newResourceUnit--BASE_UNIT_OF_MEASURE"}]}
RESULT: {"script":"<script> [1562 bytes]","args":[{"selector":{"id":"application-manageresources-display-component---newResourceUnit--BASE_UNIT_OF_MEASURE","interaction":{"idSuffix":"inner"}},"wdio_ui5_key":"applicationmanageresources-display-component---newResourceUnit--BASE_UNIT_OF_MEASURE"}]}
RESULT: undefined
COMMAND: POST /session/f199610b81d2740d08c28d2a7b12bbb6/execute/async - {"script":"<script> [776 bytes]","args":[{"enterText":"Piece","selector":{"id":"application-manageresources-display-component---newResourceUnit--BASE_UNIT_OF_MEASURE","interaction":{"idSuffix":"inner"}},"clearTextFirst":true,"interactionType":"ENTER_TEXT"}]}
RESULT: {"script":"<script> [776 bytes]","args":[{"enterText":"Piece","selector":{"id":"application-manageresources-display-component---newResourceUnit--BASE_UNIT_OF_MEASURE","interaction":{"idSuffix":"inner"}},"clearTextFirst":true,"interactionType":"ENTER_TEXT"}]}
COMMAND: POST /session/f199610b81d2740d08c28d2a7b12bbb6/execute/async - {"script":"<script> [1562 bytes]","args":[{"selector":{"id":"application-manageresources-display-component---newResourceUnit--WEIGHT_UNIT","interaction":{"idSuffix":"inner"}},"wdio_ui5_key":"applicationmanageresources-display-component---newResourceUnit--WEIGHT_UNIT"}]}
RESULT: {"script":"<script> [1562 bytes]","args":[{"selector":{"id":"application-manageresources-display-component---newResourceUnit--WEIGHT_UNIT","interaction":{"idSuffix":"inner"}},"wdio_ui5_key":"applicationmanageresources-display-component---newResourceUnit--WEIGHT_UNIT"}]}
RESULT: undefined
COMMAND: POST /session/f199610b81d2740d08c28d2a7b12bbb6/execute/async - {"script":"<script> [776 bytes]","args":[{"enterText":"Gram","selector":{"id":"application-manageresources-display-component---newResourceUnit--WEIGHT_UNIT","interaction":{"idSuffix":"inner"}},"clearTextFirst":true,"interactionType":"ENTER_TEXT"}]}
RESULT: {"script":"<script> [776 bytes]","args":[{"enterText":"Gram","selector":{"id":"application-manageresources-display-component---newResourceUnit--WEIGHT_UNIT","interaction":{"idSuffix":"inner"}},"clearTextFirst":true,"interactionType":"ENTER_TEXT"}]}
COMMAND: POST /session/f199610b81d2740d08c28d2a7b12bbb6/execute/async - {"script":"<script> [1562 bytes]","args":[{"selector":{"id":"application-manageresources-display-component---newResourceUnit--DIMENSION_UNIT","interaction":{"idSuffix":"inner"}},"wdio_ui5_key":"applicationmanageresources-display-component---newResourceUnit--DIMENSION_UNIT"}]}
RESULT: {"script":"<script> [1562 bytes]","args":[{"selector":{"id":"application-manageresources-display-component---newResourceUnit--DIMENSION_UNIT","interaction":{"idSuffix":"inner"}},"wdio_ui5_key":"applicationmanageresources-display-component---newResourceUnit--DIMENSION_UNIT"}]}
RESULT: undefined
COMMAND: POST /session/f199610b81d2740d08c28d2a7b12bbb6/execute/async - {"script":"<script> [776 bytes]","args":[{"enterText":"Meter","selector":{"id":"application-manageresources-display-component---newResourceUnit--DIMENSION_UNIT","interaction":{"idSuffix":"inner"}},"clearTextFirst":true,"interactionType":"ENTER_TEXT"}]}
RESULT: {"script":"<script> [776 bytes]","args":[{"enterText":"Meter","selector":{"id":"application-manageresources-display-component---newResourceUnit--DIMENSION_UNIT","interaction":{"idSuffix":"inner"}},"clearTextFirst":true,"interactionType":"ENTER_TEXT"}]}
COMMAND: POST /session/f199610b81d2740d08c28d2a7b12bbb6/execute/async - {"script":"<script> [1562 bytes]","args":[{"selector":{"id":"application-manageresources-display-component---newResourceUnit--newRRUPage-anchBar-application-manageresources-display-component---newResourceUnit--control-anchor","interaction":{"idSuffix":"BDI-content"}},"wdio_ui5_key":"applicationmanageresources-display-component---newResourceUnit--newRRUPage-anchBar-application-manageresources-display-component---newResourceUnit--control-anchor"}]}
RESULT: {"script":"<script> [1562 bytes]","args":[{"selector":{"id":"application-manageresources-display-component---newResourceUnit--newRRUPage-anchBar-application-manageresources-display-component---newResourceUnit--control-anchor","interaction":{"idSuffix":"BDI-content"}},"wdio_ui5_key":"applicationmanageresources-display-component---newResourceUnit--newRRUPage-anchBar-application-manageresources-display-component---newResourceUnit--control-anchor"}]}
RESULT: undefined
COMMAND: POST /session/f199610b81d2740d08c28d2a7b12bbb6/element - {"using":"xpath","value":"//*[@id=\"application-manageresources-display-component---newResourceUnit--newRRUPage-anchBar-application-manageresources-display-component---newResourceUnit--control-anchor\"]"}
RESULT: {"using":"xpath","value":"//*[@id=\"application-manageresources-display-component---newResourceUnit--newRRUPage-anchBar-application-manageresources-display-component---newResourceUnit--control-anchor\"]"}
COMMAND: POST /session/f199610b81d2740d08c28d2a7b12bbb6/element/f.2BFA133D83E8FE08190C073C8C008530.d.C868AF6C83971FCBDF466D5CCF849065.e.8732/click - {}
RESULT: {}
COMMAND: POST /session/f199610b81d2740d08c28d2a7b12bbb6/execute/async - {"script":"<script> [1562 bytes]","args":[{"selector":{"id":"application-manageresources-display-component---newResourceUnit--PLANNING_GROUP","interaction":{"idSuffix":"inner"}},"wdio_ui5_key":"applicationmanageresources-display-component---newResourceUnit--PLANNING_GROUP"}]}
COMMAND: GET /session/f199610b81d2740d08c28d2a7b12bbb6/screenshot - {}
RESULT: {"script":"<script> [1562 bytes]","args":[{"selector":{"id":"application-manageresources-display-component---newResourceUnit--PLANNING_GROUP","interaction":{"idSuffix":"inner"}},"wdio_ui5_key":"applicationmanageresources-display-component---newResourceUnit--PLANNING_GROUP"}]}
RESULT: undefined
COMMAND: POST /session/f199610b81d2740d08c28d2a7b12bbb6/execute/async - {"script":"<script> [776 bytes]","args":[{"enterText":"Material","selector":{"id":"application-manageresources-display-component---newResourceUnit--PLANNING_GROUP","interaction":{"idSuffix":"inner"}},"clearTextFirst":true,"interactionType":"ENTER_TEXT"}]}
RESULT: {}
RESULT: {"script":"<script> [776 bytes]","args":[{"enterText":"Material","selector":{"id":"application-manageresources-display-component---newResourceUnit--PLANNING_GROUP","interaction":{"idSuffix":"inner"}},"clearTextFirst":true,"interactionType":"ENTER_TEXT"}]}
COMMAND: POST /session/f199610b81d2740d08c28d2a7b12bbb6/execute/async - {"script":"<script> [1562 bytes]","args":[{"selector":{"id":"application-manageresources-display-component---newResourceUnit--PLANNING_INDICATOR","interaction":{"idSuffix":"inner"}},"wdio_ui5_key":"applicationmanageresources-display-component---newResourceUnit--PLANNING_INDICATOR"}]}
RESULT: {"script":"<script> [1562 bytes]","args":[{"selector":{"id":"application-manageresources-display-component---newResourceUnit--PLANNING_INDICATOR","interaction":{"idSuffix":"inner"}},"wdio_ui5_key":"applicationmanageresources-display-component---newResourceUnit--PLANNING_INDICATOR"}]}
RESULT: undefined
COMMAND: POST /session/f199610b81d2740d08c28d2a7b12bbb6/execute/async - {"script":"<script> [776 bytes]","args":[{"enterText":"10 - infinite","selector":{"id":"application-manageresources-display-component---newResourceUnit--PLANNING_INDICATOR","interaction":{"idSuffix":"inner"}},"clearTextFirst":true,"interactionType":"ENTER_TEXT"}]}
RESULT: {"script":"<script> [776 bytes]","args":[{"enterText":"10 - infinite","selector":{"id":"application-manageresources-display-component---newResourceUnit--PLANNING_INDICATOR","interaction":{"idSuffix":"inner"}},"clearTextFirst":true,"interactionType":"ENTER_TEXT"}]}
COMMAND: POST /session/f199610b81d2740d08c28d2a7b12bbb6/element - {"using":"css selector","value":"#application-manageresources-display-component---newResourceUnit--btnAddTimeSegment"}
RESULT: {"using":"css selector","value":"#application-manageresources-display-component---newResourceUnit--btnAddTimeSegment"}
COMMAND: GET /session/f199610b81d2740d08c28d2a7b12bbb6/element/f.2BFA133D83E8FE08190C073C8C008530.d.C868AF6C83971FCBDF466D5CCF849065.e.8740/rect - {}
RESULT: {}
COMMAND: GET /session/f199610b81d2740d08c28d2a7b12bbb6/window/rect - {}
RESULT: {}
COMMAND: POST /session/f199610b81d2740d08c28d2a7b12bbb6/execute/sync - {"script":"<script> [92 bytes]","args":[]}
RESULT: {"script":"<script> [92 bytes]","args":[]}
COMMAND: POST /session/f199610b81d2740d08c28d2a7b12bbb6/actions - {"actions":[{"id":"action30","type":"wheel","parameters":{},"actions":[{"type":"scroll","x":-1888,"y":-32,"deltaX":0,"deltaY":0,"duration":0,"origin":{"element-6066-11e4-a52e-4f735466cecf":"f.2BFA133D83E8FE08190C073C8C008530.d.C868AF6C83971FCBDF466D5CCF849065.e.8740"}}]}]}
COMMAND: GET /session/f199610b81d2740d08c28d2a7b12bbb6/screenshot - {}
RESULT: {}
COMMAND: POST /session/f199610b81d2740d08c28d2a7b12bbb6/execute/sync - {"script":"<script> [79 bytes]","args":[{"element-6066-11e4-a52e-4f735466cecf":"f.2BFA133D83E8FE08190C073C8C008530.d.C868AF6C83971FCBDF466D5CCF849065.e.8740","ELEMENT":"f.2BFA133D83E8FE08190C073C8C008530.d.C868AF6C83971FCBDF466D5CCF849065.e.8740"},{"block":"start","inline":"nearest"}]}
RESULT: {"script":"<script> [79 bytes]","args":[{"element-6066-11e4-a52e-4f735466cecf":"f.2BFA133D83E8FE08190C073C8C008530.d.C868AF6C83971FCBDF466D5CCF849065.e.8740","ELEMENT":"f.2BFA133D83E8FE08190C073C8C008530.d.C868AF6C83971FCBDF466D5CCF849065.e.8740"},{"block":"start","inline":"nearest"}]}
COMMAND: POST /session/f199610b81d2740d08c28d2a7b12bbb6/execute/async - {"script":"<script> [1562 bytes]","args":[{"selector":{"id":"application-manageresources-display-component---newResourceUnit--btnAddTimeSegment","interaction":{"idSuffix":"inner"}},"wdio_ui5_key":"applicationmanageresources-display-component---newResourceUnit--btnAddTimeSegment"}]}
COMMAND: GET /session/f199610b81d2740d08c28d2a7b12bbb6/screenshot - {}
RESULT: {"script":"<script> [1562 bytes]","args":[{"selector":{"id":"application-manageresources-display-component---newResourceUnit--btnAddTimeSegment","interaction":{"idSuffix":"inner"}},"wdio_ui5_key":"applicationmanageresources-display-component---newResourceUnit--btnAddTimeSegment"}]}
RESULT: undefined
COMMAND: POST /session/f199610b81d2740d08c28d2a7b12bbb6/element - {"using":"xpath","value":"//*[@id=\"application-manageresources-display-component---newResourceUnit--btnAddTimeSegment\"]"}
RESULT: {}
RESULT: {"using":"xpath","value":"//*[@id=\"application-manageresources-display-component---newResourceUnit--btnAddTimeSegment\"]"}
COMMAND: POST /session/f199610b81d2740d08c28d2a7b12bbb6/element/f.2BFA133D83E8FE08190C073C8C008530.d.C868AF6C83971FCBDF466D5CCF849065.e.8740/click - {}
RESULT: {}
COMMAND: GET /session/f199610b81d2740d08c28d2a7b12bbb6/screenshot - {}
RESULT: {}
COMMAND: POST /session/f199610b81d2740d08c28d2a7b12bbb6/element - {"using":"xpath","value":"//input[@id=\"application-manageresources-display-component---newResourceUnit--idRuTSAdmin-application-manageresources-display-component---newResourceUnit--RUTimeSegment-0-inner\"]"}
RESULT: {"using":"xpath","value":"//input[@id=\"application-manageresources-display-component---newResourceUnit--idRuTSAdmin-application-manageresources-display-component---newResourceUnit--RUTimeSegment-0-inner\"]"}
COMMAND: POST /session/f199610b81d2740d08c28d2a7b12bbb6/element/f.2BFA133D83E8FE08190C073C8C008530.d.C868AF6C83971FCBDF466D5CCF849065.e.8745/clear - {}
RESULT: {}
COMMAND: POST /session/f199610b81d2740d08c28d2a7b12bbb6/element/f.2BFA133D83E8FE08190C073C8C008530.d.C868AF6C83971FCBDF466D5CCF849065.e.8745/value - {"text":"544"}
RESULT: {"text":"544"}
COMMAND: GET /session/f199610b81d2740d08c28d2a7b12bbb6/screenshot - {}
COMMAND: GET /session/f199610b81d2740d08c28d2a7b12bbb6/screenshot - {}
RESULT: {}
RESULT: {}
COMMAND: POST /session/f199610b81d2740d08c28d2a7b12bbb6/element - {"using":"xpath","value":"//li[.//span[text()='544']]"}
RESULT: {"using":"xpath","value":"//li[.//span[text()='544']]"}
COMMAND: POST /session/f199610b81d2740d08c28d2a7b12bbb6/element/f.2BFA133D83E8FE08190C073C8C008530.d.C868AF6C83971FCBDF466D5CCF849065.e.8755/click - {}
RESULT: {}
COMMAND: GET /session/f199610b81d2740d08c28d2a7b12bbb6/screenshot - {}
RESULT: {}
COMMAND: POST /session/f199610b81d2740d08c28d2a7b12bbb6/element - {"using":"xpath","value":"(//span[contains(@id, \"-application-manageresources-display-component---newResourceUnit--RUTimeSegment-0-arrow\")])[2]"}
RESULT: {"using":"xpath","value":"(//span[contains(@id, \"-application-manageresources-display-component---newResourceUnit--RUTimeSegment-0-arrow\")])[2]"}
COMMAND: POST /session/f199610b81d2740d08c28d2a7b12bbb6/element/f.2BFA133D83E8FE08190C073C8C008530.d.C868AF6C83971FCBDF466D5CCF849065.e.8756/click - {}
RESULT: {}
COMMAND: POST /session/f199610b81d2740d08c28d2a7b12bbb6/element - {"using":"xpath","value":"//span[contains(text(), \"PM Order\")]"}
COMMAND: GET /session/f199610b81d2740d08c28d2a7b12bbb6/screenshot - {}
RESULT: {"using":"xpath","value":"//span[contains(text(), \"PM Order\")]"}
COMMAND: POST /session/f199610b81d2740d08c28d2a7b12bbb6/element/f.2BFA133D83E8FE08190C073C8C008530.d.C868AF6C83971FCBDF466D5CCF849065.e.8757/click - {}
RESULT: {}
RESULT: {}
COMMAND: GET /session/f199610b81d2740d08c28d2a7b12bbb6/screenshot - {}
RESULT: {}
COMMAND: POST /session/f199610b81d2740d08c28d2a7b12bbb6/element - {"using":"xpath","value":"//td/div/div/div/span[contains(@id, \"newResourceUnit--RUTimeSegment-0-vhi\")][1]"}
RESULT: {"using":"xpath","value":"//td/div/div/div/span[contains(@id, \"newResourceUnit--RUTimeSegment-0-vhi\")][1]"}
COMMAND: GET /session/f199610b81d2740d08c28d2a7b12bbb6/element/f.2BFA133D83E8FE08190C073C8C008530.d.C868AF6C83971FCBDF466D5CCF849065.e.8761/rect - {}
RESULT: {}
COMMAND: GET /session/f199610b81d2740d08c28d2a7b12bbb6/window/rect - {}
RESULT: {}
COMMAND: POST /session/f199610b81d2740d08c28d2a7b12bbb6/execute/sync - {"script":"<script> [92 bytes]","args":[]}
RESULT: {"script":"<script> [92 bytes]","args":[]}
COMMAND: POST /session/f199610b81d2740d08c28d2a7b12bbb6/actions - {"actions":[{"id":"action31","type":"wheel","parameters":{},"actions":[{"type":"scroll","x":-1888,"y":-24,"deltaX":0,"deltaY":0,"duration":0,"origin":{"element-6066-11e4-a52e-4f735466cecf":"f.2BFA133D83E8FE08190C073C8C008530.d.C868AF6C83971FCBDF466D5CCF849065.e.8761"}}]}]}
COMMAND: GET /session/f199610b81d2740d08c28d2a7b12bbb6/screenshot - {}
RESULT: {}
COMMAND: POST /session/f199610b81d2740d08c28d2a7b12bbb6/execute/sync - {"script":"<script> [79 bytes]","args":[{"element-6066-11e4-a52e-4f735466cecf":"f.2BFA133D83E8FE08190C073C8C008530.d.C868AF6C83971FCBDF466D5CCF849065.e.8761","ELEMENT":"f.2BFA133D83E8FE08190C073C8C008530.d.C868AF6C83971FCBDF466D5CCF849065.e.8761"},{"block":"start","inline":"nearest"}]}
RESULT: {"script":"<script> [79 bytes]","args":[{"element-6066-11e4-a52e-4f735466cecf":"f.2BFA133D83E8FE08190C073C8C008530.d.C868AF6C83971FCBDF466D5CCF849065.e.8761","ELEMENT":"f.2BFA133D83E8FE08190C073C8C008530.d.C868AF6C83971FCBDF466D5CCF849065.e.8761"},{"block":"start","inline":"nearest"}]}
COMMAND: GET /session/f199610b81d2740d08c28d2a7b12bbb6/screenshot - {}
RESULT: {}
COMMAND: POST /session/f199610b81d2740d08c28d2a7b12bbb6/element/f.2BFA133D83E8FE08190C073C8C008530.d.C868AF6C83971FCBDF466D5CCF849065.e.8761/click - {}
RESULT: {}
COMMAND: GET /session/f199610b81d2740d08c28d2a7b12bbb6/screenshot - {}
RESULT: {}
COMMAND: POST /session/f199610b81d2740d08c28d2a7b12bbb6/execute/async - {"script":"<script> [1562 bytes]","args":[{"selector":{"controlType":"sap.m.SearchField","properties":{"placeholder":"Search"},"searchOpenDialogs":true,"interaction":{"idSuffix":"I"}},"wdio_ui5_key":"sapm.SearchField{\"placeholder\":\"Search\"}"}]}
RESULT: {"script":"<script> [1562 bytes]","args":[{"selector":{"controlType":"sap.m.SearchField","properties":{"placeholder":"Search"},"searchOpenDialogs":true,"interaction":{"idSuffix":"I"}},"wdio_ui5_key":"sapm.SearchField{\"placeholder\":\"Search\"}"}]}
RESULT: undefined
COMMAND: POST /session/f199610b81d2740d08c28d2a7b12bbb6/execute/async - {"script":"<script> [776 bytes]","args":[{"enterText":"4000360","selector":{"controlType":"sap.m.SearchField","properties":{"placeholder":"Search"},"searchOpenDialogs":true,"interaction":{"idSuffix":"I"}},"clearTextFirst":true,"interactionType":"ENTER_TEXT"}]}
RESULT: {"script":"<script> [776 bytes]","args":[{"enterText":"4000360","selector":{"controlType":"sap.m.SearchField","properties":{"placeholder":"Search"},"searchOpenDialogs":true,"interaction":{"idSuffix":"I"}},"clearTextFirst":true,"interactionType":"ENTER_TEXT"}]}
COMMAND: POST /session/f199610b81d2740d08c28d2a7b12bbb6/actions - {"actions":[{"id":"action32","type":"key","parameters":{},"actions":[{"type":"keyDown","value":"î€‡"},{"type":"pause","duration":10},{"type":"keyUp","value":"î€‡"}]}]}
RESULT: {"actions":[{"id":"action32","type":"key","parameters":{},"actions":[{"type":"keyDown","value":"î€‡"},{"type":"pause","duration":10},{"type":"keyUp","value":"î€‡"}]}]}
COMMAND: GET /session/f199610b81d2740d08c28d2a7b12bbb6/screenshot - {}
RESULT: {}
COMMAND: POST /session/f199610b81d2740d08c28d2a7b12bbb6/element - {"using":"xpath","value":"//td/div/span[contains(text(), \"BGL Vehicles\")]"}
RESULT: {"using":"xpath","value":"//td/div/span[contains(text(), \"BGL Vehicles\")]"}
COMMAND: POST /session/f199610b81d2740d08c28d2a7b12bbb6/element/f.2BFA133D83E8FE08190C073C8C008530.d.C868AF6C83971FCBDF466D5CCF849065.e.8782/click - {}
RESULT: {}
COMMAND: GET /session/f199610b81d2740d08c28d2a7b12bbb6/screenshot - {}
RESULT: {}
COMMAND: POST /session/f199610b81d2740d08c28d2a7b12bbb6/element - {"using":"xpath","value":"//bdi[contains(text(), \"OK\")]"}
RESULT: {"using":"xpath","value":"//bdi[contains(text(), \"OK\")]"}
COMMAND: POST /session/f199610b81d2740d08c28d2a7b12bbb6/element/f.2BFA133D83E8FE08190C073C8C008530.d.C868AF6C83971FCBDF466D5CCF849065.e.8783/click - {}
RESULT: {}
COMMAND: GET /session/f199610b81d2740d08c28d2a7b12bbb6/screenshot - {}
RESULT: {}
COMMAND: POST /session/f199610b81d2740d08c28d2a7b12bbb6/element - {"using":"xpath","value":"//label[contains(@class, 'sapMLabelRequired') and .//bdi[contains(text(), 'Planned Retirement')]]"}
RESULT: {"using":"xpath","value":"//label[contains(@class, 'sapMLabelRequired') and .//bdi[contains(text(), 'Planned Retirement')]]"}
COMMAND: POST /session/f199610b81d2740d08c28d2a7b12bbb6/elements - {"using":"xpath","value":"//label[contains(@class, 'sapMLabelRequired') and .//bdi[contains(text(), 'Planned Retirement')]]"}
RESULT: {"using":"xpath","value":"//label[contains(@class, 'sapMLabelRequired') and .//bdi[contains(text(), 'Planned Retirement')]]"}
COMMAND: POST /session/f199610b81d2740d08c28d2a7b12bbb6/element - {"using":"xpath","value":"//button[@data-kt=\"resourceUnitSaveButton\"]"}
RESULT: {"using":"xpath","value":"//button[@data-kt=\"resourceUnitSaveButton\"]"}
COMMAND: POST /session/f199610b81d2740d08c28d2a7b12bbb6/element/f.2BFA133D83E8FE08190C073C8C008530.d.C868AF6C83971FCBDF466D5CCF849065.e.8684/click - {}
RESULT: {}
COMMAND: GET /session/f199610b81d2740d08c28d2a7b12bbb6/screenshot - {}
RESULT: {}
COMMAND: POST /session/f199610b81d2740d08c28d2a7b12bbb6/element - {"using":"xpath","value":"//bdi[contains(text(), \"Close\")]"}
RESULT: {"using":"xpath","value":"//bdi[contains(text(), \"Close\")]"}
COMMAND: POST /session/f199610b81d2740d08c28d2a7b12bbb6/element/f.2BFA133D83E8FE08190C073C8C008530.d.C868AF6C83971FCBDF466D5CCF849065.e.8790/click - {}
RESULT: {}
COMMAND: GET /session/f199610b81d2740d08c28d2a7b12bbb6/screenshot - {}
RESULT: {}
COMMAND: POST /session/f199610b81d2740d08c28d2a7b12bbb6/element - {"using":"xpath","value":"//header[contains(@id, 'detailRruPage-headerTitle')]/div[1]/div[2]/div[2]/span[1]"}
RESULT: {"using":"xpath","value":"//header[contains(@id, 'detailRruPage-headerTitle')]/div[1]/div[2]/div[2]/span[1]"}
COMMAND: POST /session/f199610b81d2740d08c28d2a7b12bbb6/elements - {"using":"xpath","value":"//header[contains(@id, 'detailRruPage-headerTitle')]/div[1]/div[2]/div[2]/span[1]"}
RESULT: {"using":"xpath","value":"//header[contains(@id, 'detailRruPage-headerTitle')]/div[1]/div[2]/div[2]/span[1]"}
COMMAND: POST /session/f199610b81d2740d08c28d2a7b12bbb6/execute/sync - {"script":"<script> [56 bytes]","args":[{"element-6066-11e4-a52e-4f735466cecf":"f.2BFA133D83E8FE08190C073C8C008530.d.C868AF6C83971FCBDF466D5CCF849065.e.8818","ELEMENT":"f.2BFA133D83E8FE08190C073C8C008530.d.C868AF6C83971FCBDF466D5CCF849065.e.8818"}]}
RESULT: {"script":"<script> [56 bytes]","args":[{"element-6066-11e4-a52e-4f735466cecf":"f.2BFA133D83E8FE08190C073C8C008530.d.C868AF6C83971FCBDF466D5CCF849065.e.8818","ELEMENT":"f.2BFA133D83E8FE08190C073C8C008530.d.C868AF6C83971FCBDF466D5CCF849065.e.8818"}]}
COMMAND: POST /session/f199610b81d2740d08c28d2a7b12bbb6/element - {"using":"css selector","value":"#shell-header-logo"}
COMMAND: GET /session/f199610b81d2740d08c28d2a7b12bbb6/screenshot - {}
RESULT: {"using":"css selector","value":"#shell-header-logo"}
COMMAND: POST /session/f199610b81d2740d08c28d2a7b12bbb6/element/f.2BFA133D83E8FE08190C073C8C008530.d.C868AF6C83971FCBDF466D5CCF849065.e.8154/click - {}
RESULT: {}
RESULT: {}
COMMAND: GET /session/f199610b81d2740d08c28d2a7b12bbb6/screenshot - {}
RESULT: {}
]]></system-out>
    </testcase>
    <testcase classname="chrome.136_0_7103_93.windows.Provide_to_Site_w/_warehouse_management_w/o_clarification_US113782_" name="Bin Status Report Should Create New Organization yard" time="0.005" />
    <testcase classname="chrome.136_0_7103_93.windows.Provide_to_Site_w/_warehouse_management_w/o_clarification_US113782_" name="Bin Status Report Should Create New Organization for Site" time="0.005" />
  </testsuite>
  <testsuite timestamp="2025-05-19T08:55:40" time="425.104" tests="5" failures="0" errors="0" skipped="0">
    <properties>
      <property name="specId" value="0" />
      <property name="suiteName" value="Provide to Site w/ warehouse management wo clarification" />
      <property name="capabilities" value="chrome.136_0_7103_93.windows" />
      <property name="file" value="file:///D:/a/1/s/test/specs/HTR/provide-to-site-w-warehouse-wo-clarification.spec.js" />
    </properties>
    <testcase classname="chrome.136_0_7103_93.windows.Provide_to_Site_w/_warehouse_management_wo_clarification" name="Should do a stock increase handover" time="97.573">
      <system-out><![CDATA[
COMMAND: POST /session/f199610b81d2740d08c28d2a7b12bbb6/execute/async - {"script":"<script> [1562 bytes]","args":[{"selector":{"controlType":"sap.m.GenericTile","properties":{"header":"Manage Handovers"}},"wdio_ui5_key":"sapm.GenericTile{\"header\":\"Manage Handovers\"}"}]}
RESULT: {"script":"<script> [1562 bytes]","args":[{"selector":{"controlType":"sap.m.GenericTile","properties":{"header":"Manage Handovers"}},"wdio_ui5_key":"sapm.GenericTile{\"header\":\"Manage Handovers\"}"}]}
RESULT: undefined
COMMAND: POST /session/f199610b81d2740d08c28d2a7b12bbb6/element - {"using":"xpath","value":"//*[@id=\"__tile131\"]"}
RESULT: {"using":"xpath","value":"//*[@id=\"__tile131\"]"}
COMMAND: POST /session/f199610b81d2740d08c28d2a7b12bbb6/element/f.2BFA133D83E8FE08190C073C8C008530.d.C868AF6C83971FCBDF466D5CCF849065.e.8208/click - {}
RESULT: {}
COMMAND: GET /session/f199610b81d2740d08c28d2a7b12bbb6/screenshot - {}
RESULT: {}
COMMAND: POST /session/f199610b81d2740d08c28d2a7b12bbb6/elements - {"using":"xpath","value":"//span[text()='Error']"}
RESULT: {"using":"xpath","value":"//span[text()='Error']"}
COMMAND: POST /session/f199610b81d2740d08c28d2a7b12bbb6/element - {"using":"xpath","value":"//button[@data-kt=\"masterHOAddButton\"]"}
RESULT: {"using":"xpath","value":"//button[@data-kt=\"masterHOAddButton\"]"}
COMMAND: POST /session/f199610b81d2740d08c28d2a7b12bbb6/elements - {"using":"xpath","value":"//button[@data-kt=\"masterHOAddButton\"]"}
RESULT: {"using":"xpath","value":"//button[@data-kt=\"masterHOAddButton\"]"}
COMMAND: POST /session/f199610b81d2740d08c28d2a7b12bbb6/execute/sync - {"script":"<script> [8489 bytes]","args":[{"element-6066-11e4-a52e-4f735466cecf":"f.2BFA133D83E8FE08190C073C8C008530.d.C868AF6C83971FCBDF466D5CCF849065.e.8860","ELEMENT":"f.2BFA133D83E8FE08190C073C8C008530.d.C868AF6C83971FCBDF466D5CCF849065.e.8860"}]}
RESULT: {"script":"<script> [8489 bytes]","args":[{"element-6066-11e4-a52e-4f735466cecf":"f.2BFA133D83E8FE08190C073C8C008530.d.C868AF6C83971FCBDF466D5CCF849065.e.8860","ELEMENT":"f.2BFA133D83E8FE08190C073C8C008530.d.C868AF6C83971FCBDF466D5CCF849065.e.8860"}]}
COMMAND: GET /session/f199610b81d2740d08c28d2a7b12bbb6/element/f.2BFA133D83E8FE08190C073C8C008530.d.C868AF6C83971FCBDF466D5CCF849065.e.8860/enabled - {}
COMMAND: GET /session/f199610b81d2740d08c28d2a7b12bbb6/screenshot - {}
RESULT: {}
COMMAND: POST /session/f199610b81d2740d08c28d2a7b12bbb6/execute/sync - {"script":"<script> [8489 bytes]","args":[{"element-6066-11e4-a52e-4f735466cecf":"f.2BFA133D83E8FE08190C073C8C008530.d.C868AF6C83971FCBDF466D5CCF849065.e.8860","ELEMENT":"f.2BFA133D83E8FE08190C073C8C008530.d.C868AF6C83971FCBDF466D5CCF849065.e.8860"}]}
COMMAND: GET /session/f199610b81d2740d08c28d2a7b12bbb6/screenshot - {}
RESULT: {}
RESULT: {"script":"<script> [8489 bytes]","args":[{"element-6066-11e4-a52e-4f735466cecf":"f.2BFA133D83E8FE08190C073C8C008530.d.C868AF6C83971FCBDF466D5CCF849065.e.8860","ELEMENT":"f.2BFA133D83E8FE08190C073C8C008530.d.C868AF6C83971FCBDF466D5CCF849065.e.8860"}]}
COMMAND: POST /session/f199610b81d2740d08c28d2a7b12bbb6/execute/sync - {"script":"<script> [5351 bytes]","args":[{"element-6066-11e4-a52e-4f735466cecf":"f.2BFA133D83E8FE08190C073C8C008530.d.C868AF6C83971FCBDF466D5CCF849065.e.8860","ELEMENT":"f.2BFA133D83E8FE08190C073C8C008530.d.C868AF6C83971FCBDF466D5CCF849065.e.8860"}]}
COMMAND: GET /session/f199610b81d2740d08c28d2a7b12bbb6/screenshot - {}
RESULT: {}
RESULT: {"script":"<script> [5351 bytes]","args":[{"element-6066-11e4-a52e-4f735466cecf":"f.2BFA133D83E8FE08190C073C8C008530.d.C868AF6C83971FCBDF466D5CCF849065.e.8860","ELEMENT":"f.2BFA133D83E8FE08190C073C8C008530.d.C868AF6C83971FCBDF466D5CCF849065.e.8860"}]}
COMMAND: POST /session/f199610b81d2740d08c28d2a7b12bbb6/element/f.2BFA133D83E8FE08190C073C8C008530.d.C868AF6C83971FCBDF466D5CCF849065.e.8860/click - {}
COMMAND: GET /session/f199610b81d2740d08c28d2a7b12bbb6/screenshot - {}
RESULT: {}
RESULT: {}
COMMAND: GET /session/f199610b81d2740d08c28d2a7b12bbb6/screenshot - {}
COMMAND: POST /session/f199610b81d2740d08c28d2a7b12bbb6/element - {"using":"xpath","value":"//span[contains(@id ,\"AddNewHO--typeSelect-arrow\")]"}
RESULT: {}
RESULT: {}
RESULT: {"using":"xpath","value":"//span[contains(@id ,\"AddNewHO--typeSelect-arrow\")]"}
COMMAND: POST /session/f199610b81d2740d08c28d2a7b12bbb6/element/f.2BFA133D83E8FE08190C073C8C008530.d.C868AF6C83971FCBDF466D5CCF849065.e.9209/click - {}
RESULT: {}
COMMAND: GET /session/f199610b81d2740d08c28d2a7b12bbb6/screenshot - {}
RESULT: {}
COMMAND: POST /session/f199610b81d2740d08c28d2a7b12bbb6/element - {"using":"xpath","value":"(//li[contains(text(), \"stock increase yard\")])[1]"}
RESULT: {"using":"xpath","value":"(//li[contains(text(), \"stock increase yard\")])[1]"}
COMMAND: POST /session/f199610b81d2740d08c28d2a7b12bbb6/element/f.2BFA133D83E8FE08190C073C8C008530.d.C868AF6C83971FCBDF466D5CCF849065.e.9210/click - {}
RESULT: {}
COMMAND: GET /session/f199610b81d2740d08c28d2a7b12bbb6/screenshot - {}
RESULT: {}
COMMAND: POST /session/f199610b81d2740d08c28d2a7b12bbb6/execute/async - {"script":"<script> [1562 bytes]","args":[{"selector":{"id":"application-managehandovers-display-component---AddNewHO--dueDate","interaction":{"idSuffix":"inner"}},"wdio_ui5_key":"applicationmanagehandovers-display-component---AddNewHO--dueDate"}]}
RESULT: {"script":"<script> [1562 bytes]","args":[{"selector":{"id":"application-managehandovers-display-component---AddNewHO--dueDate","interaction":{"idSuffix":"inner"}},"wdio_ui5_key":"applicationmanagehandovers-display-component---AddNewHO--dueDate"}]}
RESULT: undefined
COMMAND: POST /session/f199610b81d2740d08c28d2a7b12bbb6/execute/async - {"script":"<script> [6424 bytes]","args":[{"element-6066-11e4-a52e-4f735466cecf":"f.2BFA133D83E8FE08190C073C8C008530.d.C868AF6C83971FCBDF466D5CCF849065.e.9212"},"setValue",["5/19/25"]]}
RESULT: {"script":"<script> [6424 bytes]","args":[{"element-6066-11e4-a52e-4f735466cecf":"f.2BFA133D83E8FE08190C073C8C008530.d.C868AF6C83971FCBDF466D5CCF849065.e.9212"},"setValue",["5/19/25"]]}
COMMAND: POST /session/f199610b81d2740d08c28d2a7b12bbb6/element - {"using":"xpath","value":"//input[@id=\"generalSectionFrg--receiveYard-inner\"]"}
RESULT: {"using":"xpath","value":"//input[@id=\"generalSectionFrg--receiveYard-inner\"]"}
COMMAND: POST /session/f199610b81d2740d08c28d2a7b12bbb6/element/f.2BFA133D83E8FE08190C073C8C008530.d.C868AF6C83971FCBDF466D5CCF849065.e.9216/clear - {}
RESULT: {}
COMMAND: POST /session/f199610b81d2740d08c28d2a7b12bbb6/element/f.2BFA133D83E8FE08190C073C8C008530.d.C868AF6C83971FCBDF466D5CCF849065.e.9216/value - {"text":"544"}
COMMAND: GET /session/f199610b81d2740d08c28d2a7b12bbb6/screenshot - {}
RESULT: {"text":"544"}
COMMAND: GET /session/f199610b81d2740d08c28d2a7b12bbb6/screenshot - {}
RESULT: {}
RESULT: {}
COMMAND: POST /session/f199610b81d2740d08c28d2a7b12bbb6/element - {"using":"xpath","value":"//li[.//span[text()='544']]"}
RESULT: {"using":"xpath","value":"//li[.//span[text()='544']]"}
COMMAND: POST /session/f199610b81d2740d08c28d2a7b12bbb6/element/f.2BFA133D83E8FE08190C073C8C008530.d.C868AF6C83971FCBDF466D5CCF849065.e.9234/click - {}
RESULT: {}
COMMAND: GET /session/f199610b81d2740d08c28d2a7b12bbb6/screenshot - {}
RESULT: {}
COMMAND: POST /session/f199610b81d2740d08c28d2a7b12bbb6/execute/async - {"script":"<script> [1562 bytes]","args":[{"selector":{"id":"application-managehandovers-display-component---AddNewHO--ObjectPageLayout-anchBar-application-managehandovers-display-component---AddNewHO--section4-anchor","interaction":{"idSuffix":"BDI-content"}},"wdio_ui5_key":"applicationmanagehandovers-display-component---AddNewHO--ObjectPageLayout-anchBar-application-managehandovers-display-component---AddNewHO--section4-anchor"}]}
RESULT: {"script":"<script> [1562 bytes]","args":[{"selector":{"id":"application-managehandovers-display-component---AddNewHO--ObjectPageLayout-anchBar-application-managehandovers-display-component---AddNewHO--section4-anchor","interaction":{"idSuffix":"BDI-content"}},"wdio_ui5_key":"applicationmanagehandovers-display-component---AddNewHO--ObjectPageLayout-anchBar-application-managehandovers-display-component---AddNewHO--section4-anchor"}]}
RESULT: undefined
COMMAND: POST /session/f199610b81d2740d08c28d2a7b12bbb6/element - {"using":"xpath","value":"//*[@id=\"application-managehandovers-display-component---AddNewHO--ObjectPageLayout-anchBar-application-managehandovers-display-component---AddNewHO--section4-anchor\"]"}
RESULT: {"using":"xpath","value":"//*[@id=\"application-managehandovers-display-component---AddNewHO--ObjectPageLayout-anchBar-application-managehandovers-display-component---AddNewHO--section4-anchor\"]"}
COMMAND: POST /session/f199610b81d2740d08c28d2a7b12bbb6/element/f.2BFA133D83E8FE08190C073C8C008530.d.C868AF6C83971FCBDF466D5CCF849065.e.9236/click - {}
RESULT: {}
COMMAND: POST /session/f199610b81d2740d08c28d2a7b12bbb6/element - {"using":"xpath","value":"//button[@aria-label=\"Add\"]"}
COMMAND: GET /session/f199610b81d2740d08c28d2a7b12bbb6/screenshot - {}
RESULT: {"using":"xpath","value":"//button[@aria-label=\"Add\"]"}
COMMAND: POST /session/f199610b81d2740d08c28d2a7b12bbb6/element/f.2BFA133D83E8FE08190C073C8C008530.d.C868AF6C83971FCBDF466D5CCF849065.e.9238/click - {}
RESULT: {}
RESULT: {}
COMMAND: GET /session/f199610b81d2740d08c28d2a7b12bbb6/screenshot - {}
RESULT: {}
COMMAND: POST /session/f199610b81d2740d08c28d2a7b12bbb6/execute/async - {"script":"<script> [1562 bytes]","args":[{"selector":{"id":"application-managehandovers-display-component---AddNewHO--smartFilterBar-btnBasicSearch","searchOpenDialogs":true,"interaction":{"idSuffix":"I"}},"wdio_ui5_key":"applicationmanagehandovers-display-component---AddNewHO--smartFilterBar-btnBasicSearch"}]}
RESULT: {"script":"<script> [1562 bytes]","args":[{"selector":{"id":"application-managehandovers-display-component---AddNewHO--smartFilterBar-btnBasicSearch","searchOpenDialogs":true,"interaction":{"idSuffix":"I"}},"wdio_ui5_key":"applicationmanagehandovers-display-component---AddNewHO--smartFilterBar-btnBasicSearch"}]}
RESULT: undefined
COMMAND: POST /session/f199610b81d2740d08c28d2a7b12bbb6/execute/async - {"script":"<script> [776 bytes]","args":[{"enterText":"200291","selector":{"id":"application-managehandovers-display-component---AddNewHO--smartFilterBar-btnBasicSearch","searchOpenDialogs":true,"interaction":{"idSuffix":"I"}},"clearTextFirst":true,"interactionType":"ENTER_TEXT"}]}
RESULT: {"script":"<script> [776 bytes]","args":[{"enterText":"200291","selector":{"id":"application-managehandovers-display-component---AddNewHO--smartFilterBar-btnBasicSearch","searchOpenDialogs":true,"interaction":{"idSuffix":"I"}},"clearTextFirst":true,"interactionType":"ENTER_TEXT"}]}
COMMAND: POST /session/f199610b81d2740d08c28d2a7b12bbb6/actions - {"actions":[{"id":"action33","type":"key","parameters":{},"actions":[{"type":"keyDown","value":"î€‡"},{"type":"pause","duration":10},{"type":"keyUp","value":"î€‡"}]}]}
RESULT: {"actions":[{"id":"action33","type":"key","parameters":{},"actions":[{"type":"keyDown","value":"î€‡"},{"type":"pause","duration":10},{"type":"keyUp","value":"î€‡"}]}]}
COMMAND: GET /session/f199610b81d2740d08c28d2a7b12bbb6/screenshot - {}
RESULT: {}
COMMAND: POST /session/f199610b81d2740d08c28d2a7b12bbb6/execute/async - {"script":"<script> [1562 bytes]","args":[{"selector":{"id":"application-managehandovers-display-component---AddNewHO--popup-sa","searchOpenDialogs":true,"interaction":{"idSuffix":"CbBg"}},"wdio_ui5_key":"applicationmanagehandovers-display-component---AddNewHO--popup-sa"}]}
RESULT: {"script":"<script> [1562 bytes]","args":[{"selector":{"id":"application-managehandovers-display-component---AddNewHO--popup-sa","searchOpenDialogs":true,"interaction":{"idSuffix":"CbBg"}},"wdio_ui5_key":"applicationmanagehandovers-display-component---AddNewHO--popup-sa"}]}
RESULT: undefined
COMMAND: POST /session/f199610b81d2740d08c28d2a7b12bbb6/element - {"using":"xpath","value":"//*[@id=\"application-managehandovers-display-component---AddNewHO--popup-sa\"]"}
RESULT: {"using":"xpath","value":"//*[@id=\"application-managehandovers-display-component---AddNewHO--popup-sa\"]"}
COMMAND: POST /session/f199610b81d2740d08c28d2a7b12bbb6/element/f.2BFA133D83E8FE08190C073C8C008530.d.C868AF6C83971FCBDF466D5CCF849065.e.9393/click - {}
RESULT: {}
COMMAND: GET /session/f199610b81d2740d08c28d2a7b12bbb6/screenshot - {}
RESULT: {}
COMMAND: POST /session/f199610b81d2740d08c28d2a7b12bbb6/element - {"using":"xpath","value":"//bdi[contains(text(), \"Select\")]"}
RESULT: {"using":"xpath","value":"//bdi[contains(text(), \"Select\")]"}
COMMAND: POST /session/f199610b81d2740d08c28d2a7b12bbb6/element/f.2BFA133D83E8FE08190C073C8C008530.d.C868AF6C83971FCBDF466D5CCF849065.e.9394/click - {}
RESULT: {}
COMMAND: GET /session/f199610b81d2740d08c28d2a7b12bbb6/screenshot - {}
RESULT: {}
COMMAND: POST /session/f199610b81d2740d08c28d2a7b12bbb6/element - {"using":"xpath","value":"//button[@data-kt=\"AddNewHOSaveButton\"]"}
RESULT: {"using":"xpath","value":"//button[@data-kt=\"AddNewHOSaveButton\"]"}
COMMAND: POST /session/f199610b81d2740d08c28d2a7b12bbb6/element/f.2BFA133D83E8FE08190C073C8C008530.d.C868AF6C83971FCBDF466D5CCF849065.e.9398/click - {}
RESULT: {}
COMMAND: GET /session/f199610b81d2740d08c28d2a7b12bbb6/screenshot - {}
RESULT: {}
COMMAND: POST /session/f199610b81d2740d08c28d2a7b12bbb6/execute/async - {"script":"<script> [1562 bytes]","args":[{"selector":{"id":"receiptDatePicker","viewName":"etm.portal.ui.managehandovers.view.DetailExecuteHO","interaction":{"idSuffix":"inner"}},"wdio_ui5_key":"receiptDatePickeretmportal.ui.managehandovers.view.DetailExecuteHO"}]}
RESULT: {"script":"<script> [1562 bytes]","args":[{"selector":{"id":"receiptDatePicker","viewName":"etm.portal.ui.managehandovers.view.DetailExecuteHO","interaction":{"idSuffix":"inner"}},"wdio_ui5_key":"receiptDatePickeretmportal.ui.managehandovers.view.DetailExecuteHO"}]}
RESULT: undefined
COMMAND: POST /session/f199610b81d2740d08c28d2a7b12bbb6/execute/async - {"script":"<script> [6424 bytes]","args":[{"element-6066-11e4-a52e-4f735466cecf":"f.2BFA133D83E8FE08190C073C8C008530.d.C868AF6C83971FCBDF466D5CCF849065.e.9418"},"setValue",["5/19/25"]]}
RESULT: {"script":"<script> [6424 bytes]","args":[{"element-6066-11e4-a52e-4f735466cecf":"f.2BFA133D83E8FE08190C073C8C008530.d.C868AF6C83971FCBDF466D5CCF849065.e.9418"},"setValue",["5/19/25"]]}
COMMAND: POST /session/f199610b81d2740d08c28d2a7b12bbb6/element - {"using":"xpath","value":"//button[@data-kt=\"PickingTableConfirmAllButton\"]"}
RESULT: {"using":"xpath","value":"//button[@data-kt=\"PickingTableConfirmAllButton\"]"}
COMMAND: POST /session/f199610b81d2740d08c28d2a7b12bbb6/element/f.2BFA133D83E8FE08190C073C8C008530.d.C868AF6C83971FCBDF466D5CCF849065.e.9435/click - {}
RESULT: {}
COMMAND: GET /session/f199610b81d2740d08c28d2a7b12bbb6/screenshot - {}
RESULT: {}
COMMAND: POST /session/f199610b81d2740d08c28d2a7b12bbb6/element - {"using":"xpath","value":"//bdi[contains(text(), \"OK\")]"}
RESULT: {"using":"xpath","value":"//bdi[contains(text(), \"OK\")]"}
COMMAND: POST /session/f199610b81d2740d08c28d2a7b12bbb6/element/f.2BFA133D83E8FE08190C073C8C008530.d.C868AF6C83971FCBDF466D5CCF849065.e.9437/click - {}
RESULT: {}
COMMAND: GET /session/f199610b81d2740d08c28d2a7b12bbb6/screenshot - {}
RESULT: {}
COMMAND: POST /session/f199610b81d2740d08c28d2a7b12bbb6/element - {"using":"xpath","value":"(//bdi[contains(text(), \"Receive\")])[2]"}
RESULT: {"using":"xpath","value":"(//bdi[contains(text(), \"Receive\")])[2]"}
COMMAND: POST /session/f199610b81d2740d08c28d2a7b12bbb6/element/f.2BFA133D83E8FE08190C073C8C008530.d.C868AF6C83971FCBDF466D5CCF849065.e.9439/click - {}
RESULT: {}
COMMAND: GET /session/f199610b81d2740d08c28d2a7b12bbb6/screenshot - {}
RESULT: {}
COMMAND: POST /session/f199610b81d2740d08c28d2a7b12bbb6/element - {"using":"css selector","value":"#shell-header-logo"}
RESULT: {"using":"css selector","value":"#shell-header-logo"}
COMMAND: POST /session/f199610b81d2740d08c28d2a7b12bbb6/element/f.2BFA133D83E8FE08190C073C8C008530.d.C868AF6C83971FCBDF466D5CCF849065.e.8821/click - {}
RESULT: {}
COMMAND: GET /session/f199610b81d2740d08c28d2a7b12bbb6/screenshot - {}
RESULT: {}
]]></system-out>
    </testcase>
    <testcase classname="chrome.136_0_7103_93.windows.Provide_to_Site_w/_warehouse_management_wo_clarification" name="Should create a new contract" time="65.989">
      <system-out><![CDATA[
COMMAND: POST /session/f199610b81d2740d08c28d2a7b12bbb6/execute/async - {"script":"<script> [1562 bytes]","args":[{"selector":{"controlType":"sap.m.GenericTile","properties":{"header":"Manage Contracts"}},"wdio_ui5_key":"sapm.GenericTile{\"header\":\"Manage Contracts\"}"}]}
RESULT: {"script":"<script> [1562 bytes]","args":[{"selector":{"controlType":"sap.m.GenericTile","properties":{"header":"Manage Contracts"}},"wdio_ui5_key":"sapm.GenericTile{\"header\":\"Manage Contracts\"}"}]}
RESULT: undefined
COMMAND: POST /session/f199610b81d2740d08c28d2a7b12bbb6/element - {"using":"xpath","value":"//*[@id=\"__tile130\"]"}
RESULT: {"using":"xpath","value":"//*[@id=\"__tile130\"]"}
COMMAND: POST /session/f199610b81d2740d08c28d2a7b12bbb6/element/f.2BFA133D83E8FE08190C073C8C008530.d.C868AF6C83971FCBDF466D5CCF849065.e.8197/click - {}
RESULT: {}
COMMAND: GET /session/f199610b81d2740d08c28d2a7b12bbb6/screenshot - {}
RESULT: {}
COMMAND: POST /session/f199610b81d2740d08c28d2a7b12bbb6/elements - {"using":"xpath","value":"//span[text()='Error']"}
RESULT: {"using":"xpath","value":"//span[text()='Error']"}
COMMAND: POST /session/f199610b81d2740d08c28d2a7b12bbb6/element - {"using":"xpath","value":"//button[@data-kt=\"addButton\"]"}
RESULT: {"using":"xpath","value":"//button[@data-kt=\"addButton\"]"}
COMMAND: POST /session/f199610b81d2740d08c28d2a7b12bbb6/elements - {"using":"xpath","value":"//button[@data-kt=\"addButton\"]"}
RESULT: {"using":"xpath","value":"//button[@data-kt=\"addButton\"]"}
COMMAND: POST /session/f199610b81d2740d08c28d2a7b12bbb6/execute/sync - {"script":"<script> [8489 bytes]","args":[{"element-6066-11e4-a52e-4f735466cecf":"f.2BFA133D83E8FE08190C073C8C008530.d.C868AF6C83971FCBDF466D5CCF849065.e.9776","ELEMENT":"f.2BFA133D83E8FE08190C073C8C008530.d.C868AF6C83971FCBDF466D5CCF849065.e.9776"}]}
RESULT: {"script":"<script> [8489 bytes]","args":[{"element-6066-11e4-a52e-4f735466cecf":"f.2BFA133D83E8FE08190C073C8C008530.d.C868AF6C83971FCBDF466D5CCF849065.e.9776","ELEMENT":"f.2BFA133D83E8FE08190C073C8C008530.d.C868AF6C83971FCBDF466D5CCF849065.e.9776"}]}
COMMAND: GET /session/f199610b81d2740d08c28d2a7b12bbb6/element/f.2BFA133D83E8FE08190C073C8C008530.d.C868AF6C83971FCBDF466D5CCF849065.e.9776/enabled - {}
COMMAND: GET /session/f199610b81d2740d08c28d2a7b12bbb6/screenshot - {}
RESULT: {}
COMMAND: POST /session/f199610b81d2740d08c28d2a7b12bbb6/execute/sync - {"script":"<script> [8489 bytes]","args":[{"element-6066-11e4-a52e-4f735466cecf":"f.2BFA133D83E8FE08190C073C8C008530.d.C868AF6C83971FCBDF466D5CCF849065.e.9776","ELEMENT":"f.2BFA133D83E8FE08190C073C8C008530.d.C868AF6C83971FCBDF466D5CCF849065.e.9776"}]}
COMMAND: GET /session/f199610b81d2740d08c28d2a7b12bbb6/screenshot - {}
RESULT: {}
RESULT: {"script":"<script> [8489 bytes]","args":[{"element-6066-11e4-a52e-4f735466cecf":"f.2BFA133D83E8FE08190C073C8C008530.d.C868AF6C83971FCBDF466D5CCF849065.e.9776","ELEMENT":"f.2BFA133D83E8FE08190C073C8C008530.d.C868AF6C83971FCBDF466D5CCF849065.e.9776"}]}
COMMAND: POST /session/f199610b81d2740d08c28d2a7b12bbb6/execute/sync - {"script":"<script> [5351 bytes]","args":[{"element-6066-11e4-a52e-4f735466cecf":"f.2BFA133D83E8FE08190C073C8C008530.d.C868AF6C83971FCBDF466D5CCF849065.e.9776","ELEMENT":"f.2BFA133D83E8FE08190C073C8C008530.d.C868AF6C83971FCBDF466D5CCF849065.e.9776"}]}
COMMAND: GET /session/f199610b81d2740d08c28d2a7b12bbb6/screenshot - {}
RESULT: {}
RESULT: {"script":"<script> [5351 bytes]","args":[{"element-6066-11e4-a52e-4f735466cecf":"f.2BFA133D83E8FE08190C073C8C008530.d.C868AF6C83971FCBDF466D5CCF849065.e.9776","ELEMENT":"f.2BFA133D83E8FE08190C073C8C008530.d.C868AF6C83971FCBDF466D5CCF849065.e.9776"}]}
COMMAND: GET /session/f199610b81d2740d08c28d2a7b12bbb6/screenshot - {}
RESULT: {}
RESULT: {}
COMMAND: POST /session/f199610b81d2740d08c28d2a7b12bbb6/element/f.2BFA133D83E8FE08190C073C8C008530.d.C868AF6C83971FCBDF466D5CCF849065.e.9776/click - {}
RESULT: {}
COMMAND: GET /session/f199610b81d2740d08c28d2a7b12bbb6/screenshot - {}
RESULT: {}
COMMAND: POST /session/f199610b81d2740d08c28d2a7b12bbb6/execute/async - {"script":"<script> [1562 bytes]","args":[{"selector":{"id":"application-managecontracts-display-component---AddNewContract--projectDescription","interaction":{"idSuffix":"inner"}},"wdio_ui5_key":"applicationmanagecontracts-display-component---AddNewContract--projectDescription"}]}
RESULT: {"script":"<script> [1562 bytes]","args":[{"selector":{"id":"application-managecontracts-display-component---AddNewContract--projectDescription","interaction":{"idSuffix":"inner"}},"wdio_ui5_key":"applicationmanagecontracts-display-component---AddNewContract--projectDescription"}]}
RESULT: undefined
COMMAND: POST /session/f199610b81d2740d08c28d2a7b12bbb6/execute/async - {"script":"<script> [776 bytes]","args":[{"enterText":"Contract WDIO","selector":{"id":"application-managecontracts-display-component---AddNewContract--projectDescription","interaction":{"idSuffix":"inner"}},"clearTextFirst":true,"interactionType":"ENTER_TEXT"}]}
RESULT: {"script":"<script> [776 bytes]","args":[{"enterText":"Contract WDIO","selector":{"id":"application-managecontracts-display-component---AddNewContract--projectDescription","interaction":{"idSuffix":"inner"}},"clearTextFirst":true,"interactionType":"ENTER_TEXT"}]}
COMMAND: POST /session/f199610b81d2740d08c28d2a7b12bbb6/element - {"using":"xpath","value":"//input[@id=\"application-managecontracts-display-component---AddNewContract--site-inner\"]"}
RESULT: {"using":"xpath","value":"//input[@id=\"application-managecontracts-display-component---AddNewContract--site-inner\"]"}
COMMAND: POST /session/f199610b81d2740d08c28d2a7b12bbb6/element/f.2BFA133D83E8FE08190C073C8C008530.d.C868AF6C83971FCBDF466D5CCF849065.e.10132/clear - {}
RESULT: {}
COMMAND: POST /session/f199610b81d2740d08c28d2a7b12bbb6/element/f.2BFA133D83E8FE08190C073C8C008530.d.C868AF6C83971FCBDF466D5CCF849065.e.10132/value - {"text":"2269"}
COMMAND: GET /session/f199610b81d2740d08c28d2a7b12bbb6/screenshot - {}
RESULT: {"text":"2269"}
COMMAND: GET /session/f199610b81d2740d08c28d2a7b12bbb6/screenshot - {}
RESULT: {}
RESULT: {}
COMMAND: POST /session/f199610b81d2740d08c28d2a7b12bbb6/element - {"using":"xpath","value":"//li[.//span[text()='2269']]"}
RESULT: {"using":"xpath","value":"//li[.//span[text()='2269']]"}
COMMAND: POST /session/f199610b81d2740d08c28d2a7b12bbb6/element/f.2BFA133D83E8FE08190C073C8C008530.d.C868AF6C83971FCBDF466D5CCF849065.e.10169/click - {}
RESULT: {}
COMMAND: GET /session/f199610b81d2740d08c28d2a7b12bbb6/screenshot - {}
RESULT: {}
COMMAND: POST /session/f199610b81d2740d08c28d2a7b12bbb6/element - {"using":"xpath","value":"//input[@id=\"application-managecontracts-display-component---AddNewContract--yardId-inner\"]"}
RESULT: {"using":"xpath","value":"//input[@id=\"application-managecontracts-display-component---AddNewContract--yardId-inner\"]"}
COMMAND: GET /session/f199610b81d2740d08c28d2a7b12bbb6/element/f.2BFA133D83E8FE08190C073C8C008530.d.C868AF6C83971FCBDF466D5CCF849065.e.10133/property/value - {}
RESULT: {}
COMMAND: POST /session/f199610b81d2740d08c28d2a7b12bbb6/element - {"using":"xpath","value":"//input[@id=\"application-managecontracts-display-component---AddNewContract--customerSelect-inner\"]"}
COMMAND: GET /session/f199610b81d2740d08c28d2a7b12bbb6/screenshot - {}
RESULT: {"using":"xpath","value":"//input[@id=\"application-managecontracts-display-component---AddNewContract--customerSelect-inner\"]"}
COMMAND: POST /session/f199610b81d2740d08c28d2a7b12bbb6/element/f.2BFA133D83E8FE08190C073C8C008530.d.C868AF6C83971FCBDF466D5CCF849065.e.10131/clear - {}
RESULT: {}
RESULT: {}
COMMAND: POST /session/f199610b81d2740d08c28d2a7b12bbb6/element/f.2BFA133D83E8FE08190C073C8C008530.d.C868AF6C83971FCBDF466D5CCF849065.e.10131/value - {"text":"1322"}
COMMAND: GET /session/f199610b81d2740d08c28d2a7b12bbb6/screenshot - {}
RESULT: {"text":"1322"}
COMMAND: GET /session/f199610b81d2740d08c28d2a7b12bbb6/screenshot - {}
RESULT: {}
RESULT: {}
COMMAND: POST /session/f199610b81d2740d08c28d2a7b12bbb6/element - {"using":"xpath","value":"//li[.//span[text()='1322']]"}
RESULT: {"using":"xpath","value":"//li[.//span[text()='1322']]"}
COMMAND: POST /session/f199610b81d2740d08c28d2a7b12bbb6/element/f.2BFA133D83E8FE08190C073C8C008530.d.C868AF6C83971FCBDF466D5CCF849065.e.10172/click - {}
RESULT: {}
COMMAND: GET /session/f199610b81d2740d08c28d2a7b12bbb6/screenshot - {}
RESULT: {}
COMMAND: POST /session/f199610b81d2740d08c28d2a7b12bbb6/element - {"using":"xpath","value":"//button[@data-kt=\"saveButton\"]"}
RESULT: {"using":"xpath","value":"//button[@data-kt=\"saveButton\"]"}
COMMAND: POST /session/f199610b81d2740d08c28d2a7b12bbb6/element/f.2BFA133D83E8FE08190C073C8C008530.d.C868AF6C83971FCBDF466D5CCF849065.e.10173/click - {}
RESULT: {}
COMMAND: GET /session/f199610b81d2740d08c28d2a7b12bbb6/screenshot - {}
RESULT: {}
COMMAND: POST /session/f199610b81d2740d08c28d2a7b12bbb6/element - {"using":"xpath","value":"//span[contains(@id ,\"contractDetailTitleNoExpanded\")]"}
RESULT: {"using":"xpath","value":"//span[contains(@id ,\"contractDetailTitleNoExpanded\")]"}
COMMAND: POST /session/f199610b81d2740d08c28d2a7b12bbb6/elements - {"using":"xpath","value":"//span[contains(@id ,\"contractDetailTitleNoExpanded\")]"}
RESULT: {"using":"xpath","value":"//span[contains(@id ,\"contractDetailTitleNoExpanded\")]"}
COMMAND: POST /session/f199610b81d2740d08c28d2a7b12bbb6/execute/sync - {"script":"<script> [56 bytes]","args":[{"element-6066-11e4-a52e-4f735466cecf":"f.2BFA133D83E8FE08190C073C8C008530.d.C868AF6C83971FCBDF466D5CCF849065.e.10244","ELEMENT":"f.2BFA133D83E8FE08190C073C8C008530.d.C868AF6C83971FCBDF466D5CCF849065.e.10244"}]}
RESULT: {"script":"<script> [56 bytes]","args":[{"element-6066-11e4-a52e-4f735466cecf":"f.2BFA133D83E8FE08190C073C8C008530.d.C868AF6C83971FCBDF466D5CCF849065.e.10244","ELEMENT":"f.2BFA133D83E8FE08190C073C8C008530.d.C868AF6C83971FCBDF466D5CCF849065.e.10244"}]}
COMMAND: GET /session/f199610b81d2740d08c28d2a7b12bbb6/screenshot - {}
RESULT: {}
]]></system-out>
    </testcase>
    <testcase classname="chrome.136_0_7103_93.windows.Provide_to_Site_w/_warehouse_management_wo_clarification" name="Should add equipment to the contract" time="59.75">
      <system-out><![CDATA[
COMMAND: POST /session/f199610b81d2740d08c28d2a7b12bbb6/element - {"using":"xpath","value":"//button[@data-kt=\"contractDetailEditBtnButton\"]"}
RESULT: {"using":"xpath","value":"//button[@data-kt=\"contractDetailEditBtnButton\"]"}
COMMAND: POST /session/f199610b81d2740d08c28d2a7b12bbb6/element/f.2BFA133D83E8FE08190C073C8C008530.d.C868AF6C83971FCBDF466D5CCF849065.e.10245/click - {}
RESULT: {}
COMMAND: GET /session/f199610b81d2740d08c28d2a7b12bbb6/screenshot - {}
RESULT: {}
COMMAND: POST /session/f199610b81d2740d08c28d2a7b12bbb6/element - {"using":"xpath","value":"(//span[contains(text(), \"Additional Addresses\")])[2]"}
RESULT: {"using":"xpath","value":"(//span[contains(text(), \"Additional Addresses\")])[2]"}
COMMAND: POST /session/f199610b81d2740d08c28d2a7b12bbb6/element/f.2BFA133D83E8FE08190C073C8C008530.d.C868AF6C83971FCBDF466D5CCF849065.e.10302/click - {}
RESULT: {}
COMMAND: GET /session/f199610b81d2740d08c28d2a7b12bbb6/screenshot - {}
RESULT: {}
COMMAND: POST /session/f199610b81d2740d08c28d2a7b12bbb6/element - {"using":"xpath","value":"//button[@data-kt=\"btnAddTableRowOverflowToolbarButton\"]"}
RESULT: {"using":"xpath","value":"//button[@data-kt=\"btnAddTableRowOverflowToolbarButton\"]"}
COMMAND: POST /session/f199610b81d2740d08c28d2a7b12bbb6/element/f.2BFA133D83E8FE08190C073C8C008530.d.C868AF6C83971FCBDF466D5CCF849065.e.10305/click - {}
RESULT: {}
COMMAND: GET /session/f199610b81d2740d08c28d2a7b12bbb6/screenshot - {}
RESULT: {}
COMMAND: POST /session/f199610b81d2740d08c28d2a7b12bbb6/element - {"using":"xpath","value":"//div[(text() = 'Standard Entry' or . = 'Standard Entry')]"}
RESULT: {"using":"xpath","value":"//div[(text() = 'Standard Entry' or . = 'Standard Entry')]"}
COMMAND: POST /session/f199610b81d2740d08c28d2a7b12bbb6/element/f.2BFA133D83E8FE08190C073C8C008530.d.C868AF6C83971FCBDF466D5CCF849065.e.10307/click - {}
RESULT: {}
COMMAND: GET /session/f199610b81d2740d08c28d2a7b12bbb6/screenshot - {}
RESULT: {}
COMMAND: POST /session/f199610b81d2740d08c28d2a7b12bbb6/element - {"using":"xpath","value":"//td[6]/div/div/div/span"}
RESULT: {"using":"xpath","value":"//td[6]/div/div/div/span"}
COMMAND: POST /session/f199610b81d2740d08c28d2a7b12bbb6/element/f.2BFA133D83E8FE08190C073C8C008530.d.C868AF6C83971FCBDF466D5CCF849065.e.10319/click - {}
RESULT: {}
COMMAND: GET /session/f199610b81d2740d08c28d2a7b12bbb6/screenshot - {}
RESULT: {}
COMMAND: POST /session/f199610b81d2740d08c28d2a7b12bbb6/element - {"using":"xpath","value":"(//span[contains(text(), \"Material\")])"}
RESULT: {"using":"xpath","value":"(//span[contains(text(), \"Material\")])"}
COMMAND: POST /session/f199610b81d2740d08c28d2a7b12bbb6/element/f.2BFA133D83E8FE08190C073C8C008530.d.C868AF6C83971FCBDF466D5CCF849065.e.10320/click - {}
RESULT: {}
COMMAND: GET /session/f199610b81d2740d08c28d2a7b12bbb6/screenshot - {}
RESULT: {}
COMMAND: POST /session/f199610b81d2740d08c28d2a7b12bbb6/element - {"using":"xpath","value":"//td[7]/div/div/input"}
RESULT: {"using":"xpath","value":"//td[7]/div/div/input"}
COMMAND: POST /session/f199610b81d2740d08c28d2a7b12bbb6/element/f.2BFA133D83E8FE08190C073C8C008530.d.C868AF6C83971FCBDF466D5CCF849065.e.10324/clear - {}
RESULT: {}
COMMAND: POST /session/f199610b81d2740d08c28d2a7b12bbb6/element/f.2BFA133D83E8FE08190C073C8C008530.d.C868AF6C83971FCBDF466D5CCF849065.e.10324/value - {"text":"200291"}
COMMAND: GET /session/f199610b81d2740d08c28d2a7b12bbb6/screenshot - {}
RESULT: {"text":"200291"}
COMMAND: GET /session/f199610b81d2740d08c28d2a7b12bbb6/screenshot - {}
RESULT: {}
RESULT: {}
COMMAND: POST /session/f199610b81d2740d08c28d2a7b12bbb6/actions - {"actions":[{"id":"action34","type":"key","parameters":{},"actions":[{"type":"keyDown","value":"î€‡"},{"type":"pause","duration":10},{"type":"keyUp","value":"î€‡"}]}]}
RESULT: {"actions":[{"id":"action34","type":"key","parameters":{},"actions":[{"type":"keyDown","value":"î€‡"},{"type":"pause","duration":10},{"type":"keyUp","value":"î€‡"}]}]}
COMMAND: GET /session/f199610b81d2740d08c28d2a7b12bbb6/screenshot - {}
RESULT: {}
COMMAND: POST /session/f199610b81d2740d08c28d2a7b12bbb6/execute/sync - {"script":"<script> [276 bytes]","args":["No pricing information was found"]}
RESULT: {"script":"<script> [276 bytes]","args":["No pricing information was found"]}
COMMAND: POST /session/f199610b81d2740d08c28d2a7b12bbb6/element - {"using":"xpath","value":"//bdi[contains(text(), \"OK\")]"}
COMMAND: GET /session/f199610b81d2740d08c28d2a7b12bbb6/screenshot - {}
RESULT: {"using":"xpath","value":"//bdi[contains(text(), \"OK\")]"}
COMMAND: POST /session/f199610b81d2740d08c28d2a7b12bbb6/element/f.2BFA133D83E8FE08190C073C8C008530.d.C868AF6C83971FCBDF466D5CCF849065.e.10350/click - {}
RESULT: {}
RESULT: {}
COMMAND: GET /session/f199610b81d2740d08c28d2a7b12bbb6/screenshot - {}
RESULT: {}
COMMAND: POST /session/f199610b81d2740d08c28d2a7b12bbb6/element - {"using":"xpath","value":"(//button[@data-kt=\"saveButton\"])[2]"}
RESULT: {"using":"xpath","value":"(//button[@data-kt=\"saveButton\"])[2]"}
COMMAND: POST /session/f199610b81d2740d08c28d2a7b12bbb6/element/f.2BFA133D83E8FE08190C073C8C008530.d.C868AF6C83971FCBDF466D5CCF849065.e.10351/click - {}
RESULT: {}
COMMAND: GET /session/f199610b81d2740d08c28d2a7b12bbb6/screenshot - {}
RESULT: {}
COMMAND: POST /session/f199610b81d2740d08c28d2a7b12bbb6/execute/sync - {"script":"<script> [276 bytes]","args":["Some contract items are having rental validity exceeding header rental validity"]}
RESULT: {"script":"<script> [276 bytes]","args":["Some contract items are having rental validity exceeding header rental validity"]}
COMMAND: GET /session/f199610b81d2740d08c28d2a7b12bbb6/screenshot - {}
RESULT: {}
COMMAND: POST /session/f199610b81d2740d08c28d2a7b12bbb6/element - {"using":"xpath","value":"//span[contains(@id ,\"contractItemsSmartTable-header-inner\")]"}
RESULT: {"using":"xpath","value":"//span[contains(@id ,\"contractItemsSmartTable-header-inner\")]"}
COMMAND: POST /session/f199610b81d2740d08c28d2a7b12bbb6/elements - {"using":"xpath","value":"//span[contains(@id ,\"contractItemsSmartTable-header-inner\")]"}
RESULT: {"using":"xpath","value":"//span[contains(@id ,\"contractItemsSmartTable-header-inner\")]"}
COMMAND: POST /session/f199610b81d2740d08c28d2a7b12bbb6/execute/sync - {"script":"<script> [56 bytes]","args":[{"element-6066-11e4-a52e-4f735466cecf":"f.2BFA133D83E8FE08190C073C8C008530.d.C868AF6C83971FCBDF466D5CCF849065.e.10356","ELEMENT":"f.2BFA133D83E8FE08190C073C8C008530.d.C868AF6C83971FCBDF466D5CCF849065.e.10356"}]}
RESULT: {"script":"<script> [56 bytes]","args":[{"element-6066-11e4-a52e-4f735466cecf":"f.2BFA133D83E8FE08190C073C8C008530.d.C868AF6C83971FCBDF466D5CCF849065.e.10356","ELEMENT":"f.2BFA133D83E8FE08190C073C8C008530.d.C868AF6C83971FCBDF466D5CCF849065.e.10356"}]}
COMMAND: GET /session/f199610b81d2740d08c28d2a7b12bbb6/screenshot - {}
]]></system-out>
    </testcase>
    <testcase classname="chrome.136_0_7103_93.windows.Provide_to_Site_w/_warehouse_management_wo_clarification" name="Should provide to site" time="41.698">
      <system-out><![CDATA[
COMMAND: POST /session/f199610b81d2740d08c28d2a7b12bbb6/element - {"using":"xpath","value":"//button[@data-kt=\"provideButton\"]"}
RESULT: {"using":"xpath","value":"//button[@data-kt=\"provideButton\"]"}
COMMAND: POST /session/f199610b81d2740d08c28d2a7b12bbb6/element/f.2BFA133D83E8FE08190C073C8C008530.d.C868AF6C83971FCBDF466D5CCF849065.e.10357/click - {}
RESULT: {}
RESULT: {}
COMMAND: GET /session/f199610b81d2740d08c28d2a7b12bbb6/screenshot - {}
RESULT: undefined
COMMAND: POST /session/f199610b81d2740d08c28d2a7b12bbb6/execute/async - {"script":"<script> [6424 bytes]","args":[{"element-6066-11e4-a52e-4f735466cecf":"f.2BFA133D83E8FE08190C073C8C008530.d.C868AF6C83971FCBDF466D5CCF849065.e.9212"},"setValue",["05/19/25"]]}
RESULT: {}
COMMAND: POST /session/f199610b81d2740d08c28d2a7b12bbb6/execute/async - {"script":"<script> [1562 bytes]","args":[{"selector":{"id":"application-managehandovers-display-component---AddNewHO--dueDate","interaction":{"idSuffix":"inner"}},"wdio_ui5_key":"applicationmanagehandovers-display-component---AddNewHO--dueDate"}]}
RESULT: {"script":"<script> [1562 bytes]","args":[{"selector":{"id":"application-managehandovers-display-component---AddNewHO--dueDate","interaction":{"idSuffix":"inner"}},"wdio_ui5_key":"applicationmanagehandovers-display-component---AddNewHO--dueDate"}]}
COMMAND: POST /session/f199610b81d2740d08c28d2a7b12bbb6/execute/async - {"script":"<script> [6424 bytes]","args":[{"element-6066-11e4-a52e-4f735466cecf":"f.2BFA133D83E8FE08190C073C8C008530.d.C868AF6C83971FCBDF466D5CCF849065.e.10430"},"setValue",["05/19/25"]]}
RESULT: {"script":"<script> [6424 bytes]","args":[{"element-6066-11e4-a52e-4f735466cecf":"f.2BFA133D83E8FE08190C073C8C008530.d.C868AF6C83971FCBDF466D5CCF849065.e.10430"},"setValue",["05/19/25"]]}
COMMAND: POST /session/f199610b81d2740d08c28d2a7b12bbb6/element - {"using":"xpath","value":"//bdi[contains(text(), \"Instructions\")]"}
RESULT: {"using":"xpath","value":"//bdi[contains(text(), \"Instructions\")]"}
COMMAND: POST /session/f199610b81d2740d08c28d2a7b12bbb6/element/f.2BFA133D83E8FE08190C073C8C008530.d.C868AF6C83971FCBDF466D5CCF849065.e.10676/click - {}
RESULT: {}
COMMAND: GET /session/f199610b81d2740d08c28d2a7b12bbb6/screenshot - {}
RESULT: {}
COMMAND: POST /session/f199610b81d2740d08c28d2a7b12bbb6/element - {"using":"xpath","value":"//button[@data-kt=\"AddNewHOProvideAddItemsButton\"]"}
RESULT: {"using":"xpath","value":"//button[@data-kt=\"AddNewHOProvideAddItemsButton\"]"}
COMMAND: POST /session/f199610b81d2740d08c28d2a7b12bbb6/element/f.2BFA133D83E8FE08190C073C8C008530.d.C868AF6C83971FCBDF466D5CCF849065.e.10680/click - {}
RESULT: {}
COMMAND: GET /session/f199610b81d2740d08c28d2a7b12bbb6/screenshot - {}
RESULT: {}
RESULT: undefined
COMMAND: POST /session/f199610b81d2740d08c28d2a7b12bbb6/element - {"using":"xpath","value":"//*[@id=\"application-managehandovers-display-component---AddNewHO--popup-sa\"]"}
RESULT: {"using":"xpath","value":"//*[@id=\"application-managehandovers-display-component---AddNewHO--popup-sa\"]"}
COMMAND: POST /session/f199610b81d2740d08c28d2a7b12bbb6/element/f.2BFA133D83E8FE08190C073C8C008530.d.C868AF6C83971FCBDF466D5CCF849065.e.10696/click - {}
RESULT: {}
COMMAND: GET /session/f199610b81d2740d08c28d2a7b12bbb6/screenshot - {}
RESULT: {}
COMMAND: POST /session/f199610b81d2740d08c28d2a7b12bbb6/element - {"using":"xpath","value":"//*[contains(@id ,\"BDI-content\")][contains(text(), \"Select\")]"}
RESULT: {"using":"xpath","value":"//*[contains(@id ,\"BDI-content\")][contains(text(), \"Select\")]"}
COMMAND: POST /session/f199610b81d2740d08c28d2a7b12bbb6/element/f.2BFA133D83E8FE08190C073C8C008530.d.C868AF6C83971FCBDF466D5CCF849065.e.10697/click - {}
RESULT: {}
COMMAND: GET /session/f199610b81d2740d08c28d2a7b12bbb6/screenshot - {}
RESULT: {}
COMMAND: POST /session/f199610b81d2740d08c28d2a7b12bbb6/element - {"using":"xpath","value":"//bdi[(text() = 'Save' or . = 'Save')]"}
RESULT: {"using":"xpath","value":"//bdi[(text() = 'Save' or . = 'Save')]"}
COMMAND: POST /session/f199610b81d2740d08c28d2a7b12bbb6/element/f.2BFA133D83E8FE08190C073C8C008530.d.C868AF6C83971FCBDF466D5CCF849065.e.10700/click - {}
RESULT: {}
COMMAND: GET /session/f199610b81d2740d08c28d2a7b12bbb6/screenshot - {}
RESULT: {}
]]></system-out>
    </testcase>
    <testcase classname="chrome.136_0_7103_93.windows.Provide_to_Site_w/_warehouse_management_wo_clarification" name="Should Test for Handover Execution" time="160.085">
      <system-out><![CDATA[
COMMAND: POST /session/f199610b81d2740d08c28d2a7b12bbb6/execute/async - {"script":"<script> [1562 bytes]","args":[{"selector":{"controlType":"sap.m.Link","viewName":"etm.portal.ui.managehandovers.view.DetailExecuteHO","bindingPath":{"path":"","propertyPath":"/wmDoc","modelName":"warehouseMovModel"}},"wdio_ui5_key":"etmportal.ui.managehandovers.view.DetailExecuteHOsap.m.Link{\"path\":\"\",\"propertyPath\":\"/wmDoc\",\"modelName\":\"warehouseMovModel\"}"}]}
RESULT: {"script":"<script> [1562 bytes]","args":[{"selector":{"controlType":"sap.m.Link","viewName":"etm.portal.ui.managehandovers.view.DetailExecuteHO","bindingPath":{"path":"","propertyPath":"/wmDoc","modelName":"warehouseMovModel"}},"wdio_ui5_key":"etmportal.ui.managehandovers.view.DetailExecuteHOsap.m.Link{\"path\":\"\",\"propertyPath\":\"/wmDoc\",\"modelName\":\"warehouseMovModel\"}"}]}
RESULT: undefined
COMMAND: POST /session/f199610b81d2740d08c28d2a7b12bbb6/element - {"using":"xpath","value":"//*[@id=\"__link81\"]"}
RESULT: {"using":"xpath","value":"//*[@id=\"__link81\"]"}
COMMAND: POST /session/f199610b81d2740d08c28d2a7b12bbb6/element/f.2BFA133D83E8FE08190C073C8C008530.d.C868AF6C83971FCBDF466D5CCF849065.e.10733/click - {}
RESULT: {}
COMMAND: GET /session/f199610b81d2740d08c28d2a7b12bbb6/screenshot - {}
RESULT: {}
COMMAND: POST /session/f199610b81d2740d08c28d2a7b12bbb6/execute/async - {"script":"<script> [1562 bytes]","args":[{"selector":{"controlType":"sap.m.Link","viewName":"etm.portal.ui.managehandovers.view.DetailExecuteHO","properties":{"text":"Warehouse Overview"},"searchOpenDialogs":true},"wdio_ui5_key":"etmportal.ui.managehandovers.view.DetailExecuteHOsap.m.Link{\"text\":\"Warehouse Overview\"}"}]}
RESULT: {"script":"<script> [1562 bytes]","args":[{"selector":{"controlType":"sap.m.Link","viewName":"etm.portal.ui.managehandovers.view.DetailExecuteHO","properties":{"text":"Warehouse Overview"},"searchOpenDialogs":true},"wdio_ui5_key":"etmportal.ui.managehandovers.view.DetailExecuteHOsap.m.Link{\"text\":\"Warehouse Overview\"}"}]}
RESULT: undefined
COMMAND: POST /session/f199610b81d2740d08c28d2a7b12bbb6/element - {"using":"xpath","value":"//*[@id=\"__link96\"]"}
RESULT: {"using":"xpath","value":"//*[@id=\"__link96\"]"}
COMMAND: POST /session/f199610b81d2740d08c28d2a7b12bbb6/element/f.2BFA133D83E8FE08190C073C8C008530.d.C868AF6C83971FCBDF466D5CCF849065.e.10737/click - {}
RESULT: {}
COMMAND: GET /session/f199610b81d2740d08c28d2a7b12bbb6/screenshot - {}
RESULT: {}
COMMAND: POST /session/f199610b81d2740d08c28d2a7b12bbb6/execute/async - {"script":"<script> [1562 bytes]","args":[{"selector":{"controlType":"sap.m.Button","viewName":"etm.portal.ui.warehousemovements.view.DisplayMovement","viewId":"application-warehousemovements-display-component---displayMovement","i18NText":{"propertyName":"text","key":"execution"},"interaction":{"idSuffix":"BDI-content"}},"wdio_ui5_key":"etmportal.ui.warehousemovements.view.DisplayMovementsap.m.Button{\"propertyName\":\"text\",\"key\":\"execution\"}"}]}
RESULT: {"script":"<script> [1562 bytes]","args":[{"selector":{"controlType":"sap.m.Button","viewName":"etm.portal.ui.warehousemovements.view.DisplayMovement","viewId":"application-warehousemovements-display-component---displayMovement","i18NText":{"propertyName":"text","key":"execution"},"interaction":{"idSuffix":"BDI-content"}},"wdio_ui5_key":"etmportal.ui.warehousemovements.view.DisplayMovementsap.m.Button{\"propertyName\":\"text\",\"key\":\"execution\"}"}]}
RESULT: undefined
COMMAND: POST /session/f199610b81d2740d08c28d2a7b12bbb6/element - {"using":"xpath","value":"//*[@id=\"__button219\"]"}
RESULT: {"using":"xpath","value":"//*[@id=\"__button219\"]"}
COMMAND: POST /session/f199610b81d2740d08c28d2a7b12bbb6/element/f.2BFA133D83E8FE08190C073C8C008530.d.C868AF6C83971FCBDF466D5CCF849065.e.10862/click - {}
RESULT: {}
COMMAND: GET /session/f199610b81d2740d08c28d2a7b12bbb6/screenshot - {}
RESULT: {}
COMMAND: POST /session/f199610b81d2740d08c28d2a7b12bbb6/execute/async - {"script":"<script> [1562 bytes]","args":[{"selector":{"controlType":"sap.m.Button","viewName":"etm.portal.ui.warehousemovements.view.ExecuteMovement","viewId":"application-warehousemovements-display-component---executeMovement","properties":{"text":"Items"},"interaction":{"idSuffix":"BDI-content"}},"wdio_ui5_key":"etmportal.ui.warehousemovements.view.ExecuteMovementsap.m.Button{\"text\":\"Items\"}"}]}
RESULT: {"script":"<script> [1562 bytes]","args":[{"selector":{"controlType":"sap.m.Button","viewName":"etm.portal.ui.warehousemovements.view.ExecuteMovement","viewId":"application-warehousemovements-display-component---executeMovement","properties":{"text":"Items"},"interaction":{"idSuffix":"BDI-content"}},"wdio_ui5_key":"etmportal.ui.warehousemovements.view.ExecuteMovementsap.m.Button{\"text\":\"Items\"}"}]}
RESULT: undefined
COMMAND: POST /session/f199610b81d2740d08c28d2a7b12bbb6/element - {"using":"xpath","value":"//*[@id=\"__layout353-anchBar-application-warehousemovements-display-component---executeMovement--itemsSection-anchor\"]"}
RESULT: {"using":"xpath","value":"//*[@id=\"__layout353-anchBar-application-warehousemovements-display-component---executeMovement--itemsSection-anchor\"]"}
COMMAND: POST /session/f199610b81d2740d08c28d2a7b12bbb6/element/f.2BFA133D83E8FE08190C073C8C008530.d.C868AF6C83971FCBDF466D5CCF849065.e.10953/click - {}
RESULT: {}
COMMAND: GET /session/f199610b81d2740d08c28d2a7b12bbb6/screenshot - {}
RESULT: {}
COMMAND: POST /session/f199610b81d2740d08c28d2a7b12bbb6/execute/async - {"script":"<script> [1562 bytes]","args":[{"selector":{"controlType":"sap.m.ToggleButton","viewName":"etm.portal.ui.warehousemovements.view.ExecuteMovement","viewId":"application-warehousemovements-display-component---executeMovement","bindingPath":{"propertyPath":"STATUS","modelName":"catalogModel"},"interaction":{"idSuffix":"BDI-content"}},"wdio_ui5_key":"etmportal.ui.warehousemovements.view.ExecuteMovementsap.m.ToggleButton{\"propertyPath\":\"STATUS\",\"modelName\":\"catalogModel\"}"}]}
RESULT: {"script":"<script> [1562 bytes]","args":[{"selector":{"controlType":"sap.m.ToggleButton","viewName":"etm.portal.ui.warehousemovements.view.ExecuteMovement","viewId":"application-warehousemovements-display-component---executeMovement","bindingPath":{"propertyPath":"STATUS","modelName":"catalogModel"},"interaction":{"idSuffix":"BDI-content"}},"wdio_ui5_key":"etmportal.ui.warehousemovements.view.ExecuteMovementsap.m.ToggleButton{\"propertyPath\":\"STATUS\",\"modelName\":\"catalogModel\"}"}]}
RESULT: undefined
COMMAND: POST /session/f199610b81d2740d08c28d2a7b12bbb6/element - {"using":"xpath","value":"//*[@id=\"__button242-__clone3334\"]"}
RESULT: {"using":"xpath","value":"//*[@id=\"__button242-__clone3334\"]"}
COMMAND: POST /session/f199610b81d2740d08c28d2a7b12bbb6/element/f.2BFA133D83E8FE08190C073C8C008530.d.C868AF6C83971FCBDF466D5CCF849065.e.10925/click - {}
RESULT: {}
RESULT: undefined
COMMAND: POST /session/f199610b81d2740d08c28d2a7b12bbb6/element - {"using":"xpath","value":"//*[@id=\"__button242-__clone3334\"]"}
COMMAND: GET /session/f199610b81d2740d08c28d2a7b12bbb6/screenshot - {}
RESULT: {"using":"xpath","value":"//*[@id=\"__button242-__clone3334\"]"}
COMMAND: POST /session/f199610b81d2740d08c28d2a7b12bbb6/element/f.2BFA133D83E8FE08190C073C8C008530.d.C868AF6C83971FCBDF466D5CCF849065.e.10925/click - {}
RESULT: {}
RESULT: {}
COMMAND: GET /session/f199610b81d2740d08c28d2a7b12bbb6/screenshot - {}
RESULT: {}
RESULT: undefined
COMMAND: POST /session/f199610b81d2740d08c28d2a7b12bbb6/execute/async - {"script":"<script> [6424 bytes]","args":[{"element-6066-11e4-a52e-4f735466cecf":"f.2BFA133D83E8FE08190C073C8C008530.d.C868AF6C83971FCBDF466D5CCF849065.e.10958"},"getText",[]]}
RESULT: {"script":"<script> [6424 bytes]","args":[{"element-6066-11e4-a52e-4f735466cecf":"f.2BFA133D83E8FE08190C073C8C008530.d.C868AF6C83971FCBDF466D5CCF849065.e.10958"},"getText",[]]}
COMMAND: POST /session/f199610b81d2740d08c28d2a7b12bbb6/element - {"using":"xpath","value":"//section[contains(@id,\"FC-NoHead\")]/div[1]/div[5]/div[2]/span"}
RESULT: {"using":"xpath","value":"//section[contains(@id,\"FC-NoHead\")]/div[1]/div[5]/div[2]/span"}
COMMAND: POST /session/f199610b81d2740d08c28d2a7b12bbb6/elements - {"using":"xpath","value":"//section[contains(@id,\"FC-NoHead\")]/div[1]/div[5]/div[2]/span"}
RESULT: {"using":"xpath","value":"//section[contains(@id,\"FC-NoHead\")]/div[1]/div[5]/div[2]/span"}
COMMAND: POST /session/f199610b81d2740d08c28d2a7b12bbb6/execute/sync - {"script":"<script> [56 bytes]","args":[{"element-6066-11e4-a52e-4f735466cecf":"f.2BFA133D83E8FE08190C073C8C008530.d.C868AF6C83971FCBDF466D5CCF849065.e.10960","ELEMENT":"f.2BFA133D83E8FE08190C073C8C008530.d.C868AF6C83971FCBDF466D5CCF849065.e.10960"}]}
RESULT: {"script":"<script> [56 bytes]","args":[{"element-6066-11e4-a52e-4f735466cecf":"f.2BFA133D83E8FE08190C073C8C008530.d.C868AF6C83971FCBDF466D5CCF849065.e.10960","ELEMENT":"f.2BFA133D83E8FE08190C073C8C008530.d.C868AF6C83971FCBDF466D5CCF849065.e.10960"}]}
COMMAND: POST /session/f199610b81d2740d08c28d2a7b12bbb6/actions - {"actions":[{"id":"action35","type":"key","parameters":{},"actions":[{"type":"keyDown","value":"î€‡"},{"type":"pause","duration":10},{"type":"keyUp","value":"î€‡"}]}]}
COMMAND: GET /session/f199610b81d2740d08c28d2a7b12bbb6/screenshot - {}
RESULT: {"actions":[{"id":"action35","type":"key","parameters":{},"actions":[{"type":"keyDown","value":"î€‡"},{"type":"pause","duration":10},{"type":"keyUp","value":"î€‡"}]}]}
COMMAND: POST /session/f199610b81d2740d08c28d2a7b12bbb6/execute/async - {"script":"<script> [1562 bytes]","args":[{"selector":{"id":"application-warehousemovements-display-component---executeMovement--executeId","interaction":{"idSuffix":"BDI-content"}},"wdio_ui5_key":"applicationwarehousemovements-display-component---executeMovement--executeId"}]}
COMMAND: GET /session/f199610b81d2740d08c28d2a7b12bbb6/screenshot - {}
RESULT: {}
RESULT: {"script":"<script> [1562 bytes]","args":[{"selector":{"id":"application-warehousemovements-display-component---executeMovement--executeId","interaction":{"idSuffix":"BDI-content"}},"wdio_ui5_key":"applicationwarehousemovements-display-component---executeMovement--executeId"}]}
RESULT: undefined
COMMAND: POST /session/f199610b81d2740d08c28d2a7b12bbb6/element - {"using":"xpath","value":"//*[@id=\"application-warehousemovements-display-component---executeMovement--executeId\"]"}
RESULT: {}
RESULT: {"using":"xpath","value":"//*[@id=\"application-warehousemovements-display-component---executeMovement--executeId\"]"}
COMMAND: POST /session/f199610b81d2740d08c28d2a7b12bbb6/element/f.2BFA133D83E8FE08190C073C8C008530.d.C868AF6C83971FCBDF466D5CCF849065.e.10918/click - {}
RESULT: {}
COMMAND: GET /session/f199610b81d2740d08c28d2a7b12bbb6/screenshot - {}
RESULT: {}
COMMAND: POST /session/f199610b81d2740d08c28d2a7b12bbb6/element - {"using":"css selector","value":"#shell-header-logo"}
RESULT: {"using":"css selector","value":"#shell-header-logo"}
COMMAND: POST /session/f199610b81d2740d08c28d2a7b12bbb6/element/f.2BFA133D83E8FE08190C073C8C008530.d.C868AF6C83971FCBDF466D5CCF849065.e.9730/click - {}
RESULT: {}
COMMAND: GET /session/f199610b81d2740d08c28d2a7b12bbb6/screenshot - {}
RESULT: {}
RESULT: undefined
COMMAND: POST /session/f199610b81d2740d08c28d2a7b12bbb6/element - {"using":"xpath","value":"//*[@id=\"__tile131\"]"}
RESULT: {"using":"xpath","value":"//*[@id=\"__tile131\"]"}
COMMAND: POST /session/f199610b81d2740d08c28d2a7b12bbb6/element/f.2BFA133D83E8FE08190C073C8C008530.d.C868AF6C83971FCBDF466D5CCF849065.e.8208/click - {}
RESULT: {}
COMMAND: GET /session/f199610b81d2740d08c28d2a7b12bbb6/screenshot - {}
RESULT: {}
COMMAND: POST /session/f199610b81d2740d08c28d2a7b12bbb6/elements - {"using":"xpath","value":"//span[text()='Error']"}
RESULT: {"using":"xpath","value":"//span[text()='Error']"}
COMMAND: POST /session/f199610b81d2740d08c28d2a7b12bbb6/execute/async - {"script":"<script> [1562 bytes]","args":[{"selector":{"controlType":"sap.m.SearchField","viewName":"etm.portal.ui.managehandovers.view.MasterHO","bindingPath":{"propertyPath":"/_BASIC_SEARCH_FIELD","modelName":"fi1t3rM0d31"},"interaction":{"idSuffix":"I"}},"wdio_ui5_key":"etmportal.ui.managehandovers.view.MasterHOsap.m.SearchField{\"propertyPath\":\"/_BASIC_SEARCH_FIELD\",\"modelName\":\"fi1t3rM0d31\"}"}]}
RESULT: {"script":"<script> [1562 bytes]","args":[{"selector":{"controlType":"sap.m.SearchField","viewName":"etm.portal.ui.managehandovers.view.MasterHO","bindingPath":{"propertyPath":"/_BASIC_SEARCH_FIELD","modelName":"fi1t3rM0d31"},"interaction":{"idSuffix":"I"}},"wdio_ui5_key":"etmportal.ui.managehandovers.view.MasterHOsap.m.SearchField{\"propertyPath\":\"/_BASIC_SEARCH_FIELD\",\"modelName\":\"fi1t3rM0d31\"}"}]}
RESULT: undefined
COMMAND: POST /session/f199610b81d2740d08c28d2a7b12bbb6/execute/async - {"script":"<script> [776 bytes]","args":[{"enterText":"30731","selector":{"controlType":"sap.m.SearchField","viewName":"etm.portal.ui.managehandovers.view.MasterHO","bindingPath":{"propertyPath":"/_BASIC_SEARCH_FIELD","modelName":"fi1t3rM0d31"},"interaction":{"idSuffix":"I"}},"clearTextFirst":true,"interactionType":"ENTER_TEXT"}]}
RESULT: {"script":"<script> [776 bytes]","args":[{"enterText":"30731","selector":{"controlType":"sap.m.SearchField","viewName":"etm.portal.ui.managehandovers.view.MasterHO","bindingPath":{"propertyPath":"/_BASIC_SEARCH_FIELD","modelName":"fi1t3rM0d31"},"interaction":{"idSuffix":"I"}},"clearTextFirst":true,"interactionType":"ENTER_TEXT"}]}
COMMAND: POST /session/f199610b81d2740d08c28d2a7b12bbb6/actions - {"actions":[{"id":"action36","type":"key","parameters":{},"actions":[{"type":"keyDown","value":"î€‡"},{"type":"pause","duration":10},{"type":"keyUp","value":"î€‡"}]}]}
RESULT: {"actions":[{"id":"action36","type":"key","parameters":{},"actions":[{"type":"keyDown","value":"î€‡"},{"type":"pause","duration":10},{"type":"keyUp","value":"î€‡"}]}]}
COMMAND: GET /session/f199610b81d2740d08c28d2a7b12bbb6/screenshot - {}
RESULT: {}
COMMAND: POST /session/f199610b81d2740d08c28d2a7b12bbb6/execute/async - {"script":"<script> [1562 bytes]","args":[{"selector":{"controlType":"sap.ui.core.Icon","viewName":"etm.portal.ui.managehandovers.view.MasterHO","properties":{"src":{"regex":{"source":"slim\\-arrow\\-right"}}}},"wdio_ui5_key":"etmportal.ui.managehandovers.view.MasterHOsap.ui.core.Icon{\"src\":{\"regex\":{\"source\":\"slim\\\\-arrow\\\\-right\"}}}"}]}
RESULT: {"script":"<script> [1562 bytes]","args":[{"selector":{"controlType":"sap.ui.core.Icon","viewName":"etm.portal.ui.managehandovers.view.MasterHO","properties":{"src":{"regex":{"source":"slim\\-arrow\\-right"}}}},"wdio_ui5_key":"etmportal.ui.managehandovers.view.MasterHOsap.ui.core.Icon{\"src\":{\"regex\":{\"source\":\"slim\\\\-arrow\\\\-right\"}}}"}]}
RESULT: undefined
COMMAND: POST /session/f199610b81d2740d08c28d2a7b12bbb6/element - {"using":"xpath","value":"//*[@id=\"__item1785-__clone3413-imgNav\"]"}
RESULT: {"using":"xpath","value":"//*[@id=\"__item1785-__clone3413-imgNav\"]"}
COMMAND: POST /session/f199610b81d2740d08c28d2a7b12bbb6/element/f.2BFA133D83E8FE08190C073C8C008530.d.C868AF6C83971FCBDF466D5CCF849065.e.11150/click - {}
RESULT: {}
COMMAND: GET /session/f199610b81d2740d08c28d2a7b12bbb6/screenshot - {}
RESULT: {}
COMMAND: POST /session/f199610b81d2740d08c28d2a7b12bbb6/execute/async - {"script":"<script> [1562 bytes]","args":[{"selector":{"controlType":"sap.m.Button","viewName":"etm.portal.ui.managehandovers.view.DetailExecuteHO","i18NText":{"propertyName":"text","key":"confirmAll"},"interaction":{"idSuffix":"BDI-content"}},"wdio_ui5_key":"etmportal.ui.managehandovers.view.DetailExecuteHOsap.m.Button{\"propertyName\":\"text\",\"key\":\"confirmAll\"}"}]}
RESULT: {"script":"<script> [1562 bytes]","args":[{"selector":{"controlType":"sap.m.Button","viewName":"etm.portal.ui.managehandovers.view.DetailExecuteHO","i18NText":{"propertyName":"text","key":"confirmAll"},"interaction":{"idSuffix":"BDI-content"}},"wdio_ui5_key":"etmportal.ui.managehandovers.view.DetailExecuteHOsap.m.Button{\"propertyName\":\"text\",\"key\":\"confirmAll\"}"}]}
RESULT: undefined
COMMAND: POST /session/f199610b81d2740d08c28d2a7b12bbb6/element - {"using":"xpath","value":"//*[@id=\"__button280\"]"}
RESULT: {"using":"xpath","value":"//*[@id=\"__button280\"]"}
COMMAND: POST /session/f199610b81d2740d08c28d2a7b12bbb6/element/f.2BFA133D83E8FE08190C073C8C008530.d.C868AF6C83971FCBDF466D5CCF849065.e.11227/click - {}
RESULT: {}
COMMAND: GET /session/f199610b81d2740d08c28d2a7b12bbb6/screenshot - {}
RESULT: {}
COMMAND: POST /session/f199610b81d2740d08c28d2a7b12bbb6/actions - {"actions":[{"id":"action37","type":"key","parameters":{},"actions":[{"type":"keyDown","value":"î€‡"},{"type":"pause","duration":10},{"type":"keyUp","value":"î€‡"}]}]}
RESULT: {"actions":[{"id":"action37","type":"key","parameters":{},"actions":[{"type":"keyDown","value":"î€‡"},{"type":"pause","duration":10},{"type":"keyUp","value":"î€‡"}]}]}
COMMAND: GET /session/f199610b81d2740d08c28d2a7b12bbb6/screenshot - {}
RESULT: {}
COMMAND: POST /session/f199610b81d2740d08c28d2a7b12bbb6/element - {"using":"xpath","value":"//button[@data-kt=\"execHoIssueButton\"]"}
RESULT: {"using":"xpath","value":"//button[@data-kt=\"execHoIssueButton\"]"}
COMMAND: POST /session/f199610b81d2740d08c28d2a7b12bbb6/element/f.2BFA133D83E8FE08190C073C8C008530.d.C868AF6C83971FCBDF466D5CCF849065.e.11236/click - {}
RESULT: {}
COMMAND: GET /session/f199610b81d2740d08c28d2a7b12bbb6/screenshot - {}
RESULT: {}
RESULT: undefined
COMMAND: POST /session/f199610b81d2740d08c28d2a7b12bbb6/execute/async - {"script":"<script> [776 bytes]","args":[{"enterText":"30731","selector":{"controlType":"sap.m.SearchField","viewName":"etm.portal.ui.managehandovers.view.MasterHO","bindingPath":{"propertyPath":"/_BASIC_SEARCH_FIELD","modelName":"fi1t3rM0d31"},"interaction":{"idSuffix":"I"}},"clearTextFirst":true,"interactionType":"ENTER_TEXT"}]}
RESULT: {"script":"<script> [776 bytes]","args":[{"enterText":"30731","selector":{"controlType":"sap.m.SearchField","viewName":"etm.portal.ui.managehandovers.view.MasterHO","bindingPath":{"propertyPath":"/_BASIC_SEARCH_FIELD","modelName":"fi1t3rM0d31"},"interaction":{"idSuffix":"I"}},"clearTextFirst":true,"interactionType":"ENTER_TEXT"}]}
COMMAND: POST /session/f199610b81d2740d08c28d2a7b12bbb6/actions - {"actions":[{"id":"action38","type":"key","parameters":{},"actions":[{"type":"keyDown","value":"î€‡"},{"type":"pause","duration":10},{"type":"keyUp","value":"î€‡"}]}]}
RESULT: {"actions":[{"id":"action38","type":"key","parameters":{},"actions":[{"type":"keyDown","value":"î€‡"},{"type":"pause","duration":10},{"type":"keyUp","value":"î€‡"}]}]}
COMMAND: GET /session/f199610b81d2740d08c28d2a7b12bbb6/screenshot - {}
RESULT: {}
COMMAND: POST /session/f199610b81d2740d08c28d2a7b12bbb6/element - {"using":"xpath","value":"//span[(text() = '30731' or . = '30731')]"}
RESULT: {"using":"xpath","value":"//span[(text() = '30731' or . = '30731')]"}
COMMAND: POST /session/f199610b81d2740d08c28d2a7b12bbb6/element/f.2BFA133D83E8FE08190C073C8C008530.d.C868AF6C83971FCBDF466D5CCF849065.e.11279/click - {}
RESULT: {}
COMMAND: GET /session/f199610b81d2740d08c28d2a7b12bbb6/screenshot - {}
RESULT: {}
COMMAND: POST /session/f199610b81d2740d08c28d2a7b12bbb6/element - {"using":"xpath","value":"//span[contains(text(), \"Instructions\")]"}
RESULT: {"using":"xpath","value":"//span[contains(text(), \"Instructions\")]"}
COMMAND: POST /session/f199610b81d2740d08c28d2a7b12bbb6/element/f.2BFA133D83E8FE08190C073C8C008530.d.C868AF6C83971FCBDF466D5CCF849065.e.11319/click - {}
RESULT: {}
COMMAND: GET /session/f199610b81d2740d08c28d2a7b12bbb6/screenshot - {}
RESULT: {}
COMMAND: POST /session/f199610b81d2740d08c28d2a7b12bbb6/element - {"using":"xpath","value":"//span[contains(text(), \"Instructions\")]"}
RESULT: {"using":"xpath","value":"//span[contains(text(), \"Instructions\")]"}
COMMAND: POST /session/f199610b81d2740d08c28d2a7b12bbb6/element/f.2BFA133D83E8FE08190C073C8C008530.d.C868AF6C83971FCBDF466D5CCF849065.e.11319/click - {}
RESULT: {}
COMMAND: GET /session/f199610b81d2740d08c28d2a7b12bbb6/screenshot - {}
RESULT: {}
COMMAND: POST /session/f199610b81d2740d08c28d2a7b12bbb6/execute/async - {"script":"<script> [1562 bytes]","args":[{"selector":{"controlType":"sap.m.ComboBox","viewName":"etm.portal.ui.managehandovers.view.DetailExecuteHO","bindingPath":{"propertyPath":"RECEIVING_SECTION","modelName":"catalogModel"},"interaction":{"idSuffix":"inner"}},"wdio_ui5_key":"etmportal.ui.managehandovers.view.DetailExecuteHOsap.m.ComboBox{\"propertyPath\":\"RECEIVING_SECTION\",\"modelName\":\"catalogModel\"}"}]}
RESULT: {"script":"<script> [1562 bytes]","args":[{"selector":{"controlType":"sap.m.ComboBox","viewName":"etm.portal.ui.managehandovers.view.DetailExecuteHO","bindingPath":{"propertyPath":"RECEIVING_SECTION","modelName":"catalogModel"},"interaction":{"idSuffix":"inner"}},"wdio_ui5_key":"etmportal.ui.managehandovers.view.DetailExecuteHOsap.m.ComboBox{\"propertyPath\":\"RECEIVING_SECTION\",\"modelName\":\"catalogModel\"}"}]}
RESULT: undefined
COMMAND: POST /session/f199610b81d2740d08c28d2a7b12bbb6/execute/async - {"script":"<script> [776 bytes]","args":[{"enterText":"WDIO-2269","selector":{"controlType":"sap.m.ComboBox","viewName":"etm.portal.ui.managehandovers.view.DetailExecuteHO","bindingPath":{"propertyPath":"RECEIVING_SECTION","modelName":"catalogModel"},"interaction":{"idSuffix":"inner"}},"clearTextFirst":true,"interactionType":"ENTER_TEXT"}]}
RESULT: {"script":"<script> [776 bytes]","args":[{"enterText":"WDIO-2269","selector":{"controlType":"sap.m.ComboBox","viewName":"etm.portal.ui.managehandovers.view.DetailExecuteHO","bindingPath":{"propertyPath":"RECEIVING_SECTION","modelName":"catalogModel"},"interaction":{"idSuffix":"inner"}},"clearTextFirst":true,"interactionType":"ENTER_TEXT"}]}
COMMAND: POST /session/f199610b81d2740d08c28d2a7b12bbb6/actions - {"actions":[{"id":"action39","type":"key","parameters":{},"actions":[{"type":"keyDown","value":"î€‡"},{"type":"pause","duration":10},{"type":"keyUp","value":"î€‡"}]}]}
RESULT: {"actions":[{"id":"action39","type":"key","parameters":{},"actions":[{"type":"keyDown","value":"î€‡"},{"type":"pause","duration":10},{"type":"keyUp","value":"î€‡"}]}]}
COMMAND: GET /session/f199610b81d2740d08c28d2a7b12bbb6/screenshot - {}
RESULT: {}
COMMAND: POST /session/f199610b81d2740d08c28d2a7b12bbb6/element - {"using":"xpath","value":"//button[@data-kt= \"execHoReceiveButton\"]"}
RESULT: {"using":"xpath","value":"//button[@data-kt= \"execHoReceiveButton\"]"}
COMMAND: POST /session/f199610b81d2740d08c28d2a7b12bbb6/element/f.2BFA133D83E8FE08190C073C8C008530.d.C868AF6C83971FCBDF466D5CCF849065.e.11325/click - {}
RESULT: {}
COMMAND: GET /session/f199610b81d2740d08c28d2a7b12bbb6/screenshot - {}
RESULT: {}
COMMAND: POST /session/f199610b81d2740d08c28d2a7b12bbb6/execute/async - {"script":"<script> [1562 bytes]","args":[{"selector":{"controlType":"sap.m.Button","properties":{"text":"Continue"},"searchOpenDialogs":true,"interaction":{"idSuffix":"content"}},"wdio_ui5_key":"sapm.Button{\"text\":\"Continue\"}"}]}
RESULT: {"script":"<script> [1562 bytes]","args":[{"selector":{"controlType":"sap.m.Button","properties":{"text":"Continue"},"searchOpenDialogs":true,"interaction":{"idSuffix":"content"}},"wdio_ui5_key":"sapm.Button{\"text\":\"Continue\"}"}]}
RESULT: undefined
COMMAND: POST /session/f199610b81d2740d08c28d2a7b12bbb6/element - {"using":"xpath","value":"//*[@id=\"__mbox-btn-6\"]"}
RESULT: {"using":"xpath","value":"//*[@id=\"__mbox-btn-6\"]"}
COMMAND: POST /session/f199610b81d2740d08c28d2a7b12bbb6/element/f.2BFA133D83E8FE08190C073C8C008530.d.C868AF6C83971FCBDF466D5CCF849065.e.11326/click - {}
RESULT: {}
COMMAND: GET /session/f199610b81d2740d08c28d2a7b12bbb6/screenshot - {}
RESULT: {}
COMMAND: POST /session/f199610b81d2740d08c28d2a7b12bbb6/element - {"using":"css selector","value":"#shell-header-logo"}
RESULT: {"using":"css selector","value":"#shell-header-logo"}
COMMAND: POST /session/f199610b81d2740d08c28d2a7b12bbb6/element/f.2BFA133D83E8FE08190C073C8C008530.d.C868AF6C83971FCBDF466D5CCF849065.e.11026/click - {}
RESULT: {}
COMMAND: GET /session/f199610b81d2740d08c28d2a7b12bbb6/screenshot - {}
RESULT: {}
COMMAND: POST /session/f199610b81d2740d08c28d2a7b12bbb6/element - {"using":"css selector","value":"#j_username"}
COMMAND: POST /session/f199610b81d2740d08c28d2a7b12bbb6/url - {"url":"https://qa-testing-00-live-etm-ui.cfapps.eu10-004.hana.ondemand.com/"}
RESULT: {"using":"css selector","value":"#j_username"}
COMMAND: POST /session/f199610b81d2740d08c28d2a7b12bbb6/element - {"using":"css selector","value":"#j_username"}
RESULT: {"url":"https://qa-testing-00-live-etm-ui.cfapps.eu10-004.hana.ondemand.com/"}
RESULT: undefined
COMMAND: GET /session/f199610b81d2740d08c28d2a7b12bbb6/screenshot - {}
RESULT: {"using":"css selector","value":"#j_username"}
COMMAND: POST /session/f199610b81d2740d08c28d2a7b12bbb6/element - {"using":"css selector","value":"#shell-header-logo"}
RESULT: {}
RESULT: {"using":"css selector","value":"#shell-header-logo"}
COMMAND: POST /session/f199610b81d2740d08c28d2a7b12bbb6/execute/sync - {"script":"<script> [8489 bytes]","args":[{"element-6066-11e4-a52e-4f735466cecf":"f.2BFA133D83E8FE08190C073C8C008530.d.57E4B9948C3592B37336F36DA6A19242.e.11380","ELEMENT":"f.2BFA133D83E8FE08190C073C8C008530.d.57E4B9948C3592B37336F36DA6A19242.e.11380"}]}
RESULT: {"script":"<script> [8489 bytes]","args":[{"element-6066-11e4-a52e-4f735466cecf":"f.2BFA133D83E8FE08190C073C8C008530.d.57E4B9948C3592B37336F36DA6A19242.e.11380","ELEMENT":"f.2BFA133D83E8FE08190C073C8C008530.d.57E4B9948C3592B37336F36DA6A19242.e.11380"}]}
COMMAND: POST /session/f199610b81d2740d08c28d2a7b12bbb6/element - {"using":"css selector","value":"#shell-header-logo"}
COMMAND: GET /session/f199610b81d2740d08c28d2a7b12bbb6/screenshot - {}
RESULT: {"using":"css selector","value":"#shell-header-logo"}
COMMAND: POST /session/f199610b81d2740d08c28d2a7b12bbb6/execute/sync - {"script":"<script> [8489 bytes]","args":[{"element-6066-11e4-a52e-4f735466cecf":"f.2BFA133D83E8FE08190C073C8C008530.d.57E4B9948C3592B37336F36DA6A19242.e.11380","ELEMENT":"f.2BFA133D83E8FE08190C073C8C008530.d.57E4B9948C3592B37336F36DA6A19242.e.11380"}]}
RESULT: {}
RESULT: {"script":"<script> [8489 bytes]","args":[{"element-6066-11e4-a52e-4f735466cecf":"f.2BFA133D83E8FE08190C073C8C008530.d.57E4B9948C3592B37336F36DA6A19242.e.11380","ELEMENT":"f.2BFA133D83E8FE08190C073C8C008530.d.57E4B9948C3592B37336F36DA6A19242.e.11380"}]}
COMMAND: POST /session/f199610b81d2740d08c28d2a7b12bbb6/execute/sync - {"script":"<script> [5351 bytes]","args":[{"element-6066-11e4-a52e-4f735466cecf":"f.2BFA133D83E8FE08190C073C8C008530.d.57E4B9948C3592B37336F36DA6A19242.e.11380","ELEMENT":"f.2BFA133D83E8FE08190C073C8C008530.d.57E4B9948C3592B37336F36DA6A19242.e.11380"}]}
COMMAND: GET /session/f199610b81d2740d08c28d2a7b12bbb6/screenshot - {}
RESULT: {"script":"<script> [5351 bytes]","args":[{"element-6066-11e4-a52e-4f735466cecf":"f.2BFA133D83E8FE08190C073C8C008530.d.57E4B9948C3592B37336F36DA6A19242.e.11380","ELEMENT":"f.2BFA133D83E8FE08190C073C8C008530.d.57E4B9948C3592B37336F36DA6A19242.e.11380"}]}
COMMAND: POST /session/f199610b81d2740d08c28d2a7b12bbb6/element - {"using":"css selector","value":"#shell-header-logo"}
COMMAND: GET /session/f199610b81d2740d08c28d2a7b12bbb6/screenshot - {}
RESULT: {}
RESULT: {"using":"css selector","value":"#shell-header-logo"}
COMMAND: POST /session/f199610b81d2740d08c28d2a7b12bbb6/element/f.2BFA133D83E8FE08190C073C8C008530.d.57E4B9948C3592B37336F36DA6A19242.e.11380/click - {}
RESULT: {}
RESULT: {}
COMMAND: GET /session/f199610b81d2740d08c28d2a7b12bbb6/screenshot - {}
RESULT: {}
COMMAND: POST /session/f199610b81d2740d08c28d2a7b12bbb6/execute/async - {"script":"<script> [189 bytes]","args":[]}
RESULT: {"script":"<script> [189 bytes]","args":[]}
COMMAND: POST /session/f199610b81d2740d08c28d2a7b12bbb6/execute/async - {"script":"<script> [123 bytes]","args":[]}
RESULT: {"script":"<script> [123 bytes]","args":[]}
COMMAND: POST /session/f199610b81d2740d08c28d2a7b12bbb6/timeouts - {"script":"<number>"}
RESULT: {"script":"<number>"}
COMMAND: GET /session/f199610b81d2740d08c28d2a7b12bbb6/timeouts - {}
RESULT: {}
RESULT: undefined
COMMAND: POST /session/f199610b81d2740d08c28d2a7b12bbb6/execute/async - {"script":"<script> [2676 bytes]","args":[]}
RESULT: {"script":"<script> [2676 bytes]","args":[]}
COMMAND: POST /session/f199610b81d2740d08c28d2a7b12bbb6/execute/async - {"script":"<script> [2342 bytes]","args":[{"protocol":"http","hostname":"0.0.0.0","path":"/","capabilities":{"browserName":"chrome","goog:chromeOptions":{"binary":"C:\\Program Files\\Google\\Chrome\\Application\\chrome.exe","args":["--start-maximized"]}},"logLevel":"warn","connectionRetryTimeout":120000,"connectionRetryCount":3,"logLevels":{},"enableDirectConnect":true,"strictSSL":true,"_":"65 more keys: [\"cacheDir\",\"port\",\"requestedCapabilities\",\"automationProtocol\",\"baseUrl\",\"waitforInterval\",\"waitforTimeout\",\"onReload\",\"beforeCommand\",\"afterCommand\",\"rootDir\",\"specs\",\"suites\",\"exclude\",\"groupLogsByTestSpec\",\"excludeDriverLogs\",\"bail\",\"framework\",\"reporters\",\"services\",\"maxInstances\",\"maxInstancesPerCapability\",\"injectGlobals\",\"filesToWatch\",\"execArgv\",\"runnerEnv\",\"runner\",\"shard\",\"specFileRetries\",\"specFileRetriesDelay\",\"specFileRetriesDeferred\",\"reporterSyncInterval\",\"reporterSyncTimeout\",\"cucumberFeaturesWithLineNumbers\",\"autoCompileOpts\",\"mochaOpts\",\"jasmineOpts\",\"cucumberOpts\",\"onPrepare\",\"onWorkerStart\",\"onWorkerEnd\",\"before\",\"beforeSession\",\"beforeSuite\",\"beforeHook\",\"beforeTest\",\"afterTest\",\"afterHook\",\"afterSuite\",\"afterSession\",\"after\",\"onComplete\",\"beforeAssertion\",\"afterAssertion\",\"beforeFeature\",\"beforeScenario\",\"beforeStep\",\"afterStep\",\"afterScenario\",\"afterFeature\",\"_\",\"suite\",\"$0\",\"ignoredWorkerServices\",\"wdi5\"]"}]}
RESULT: {"script":"<script> [2342 bytes]","args":[{"protocol":"http","hostname":"0.0.0.0","path":"/","capabilities":{"browserName":"chrome","goog:chromeOptions":{"binary":"C:\\Program Files\\Google\\Chrome\\Application\\chrome.exe","args":["--start-maximized"]}},"logLevel":"warn","connectionRetryTimeout":120000,"connectionRetryCount":3,"logLevels":{},"enableDirectConnect":true,"strictSSL":true,"_":"65 more keys: [\"cacheDir\",\"port\",\"requestedCapabilities\",\"automationProtocol\",\"baseUrl\",\"waitforInterval\",\"waitforTimeout\",\"onReload\",\"beforeCommand\",\"afterCommand\",\"rootDir\",\"specs\",\"suites\",\"exclude\",\"groupLogsByTestSpec\",\"excludeDriverLogs\",\"bail\",\"framework\",\"reporters\",\"services\",\"maxInstances\",\"maxInstancesPerCapability\",\"injectGlobals\",\"filesToWatch\",\"execArgv\",\"runnerEnv\",\"runner\",\"shard\",\"specFileRetries\",\"specFileRetriesDelay\",\"specFileRetriesDeferred\",\"reporterSyncInterval\",\"reporterSyncTimeout\",\"cucumberFeaturesWithLineNumbers\",\"autoCompileOpts\",\"mochaOpts\",\"jasmineOpts\",\"cucumberOpts\",\"onPrepare\",\"onWorkerStart\",\"onWorkerEnd\",\"before\",\"beforeSession\",\"beforeSuite\",\"beforeHook\",\"beforeTest\",\"afterTest\",\"afterHook\",\"afterSuite\",\"afterSession\",\"after\",\"onComplete\",\"beforeAssertion\",\"afterAssertion\",\"beforeFeature\",\"beforeScenario\",\"beforeStep\",\"afterStep\",\"afterScenario\",\"afterFeature\",\"_\",\"suite\",\"$0\",\"ignoredWorkerServices\",\"wdi5\"]"}]}
COMMAND: POST /session/f199610b81d2740d08c28d2a7b12bbb6/execute/async - {"script":"<script> [21126 bytes]","args":[35000]}
RESULT: {"script":"<script> [21126 bytes]","args":[35000]}
COMMAND: POST /session/f199610b81d2740d08c28d2a7b12bbb6/window/maximize - {}
RESULT: {}
COMMAND: POST /session/f199610b81d2740d08c28d2a7b12bbb6/execute/async - {"script":"<script> [1562 bytes]","args":[{"selector":{"id":"shell-header","interaction":{"idSuffix":"icon"}},"wdio_ui5_key":"shellheader"}]}
COMMAND: GET /session/f199610b81d2740d08c28d2a7b12bbb6/screenshot - {}
RESULT: {"script":"<script> [1562 bytes]","args":[{"selector":{"id":"shell-header","interaction":{"idSuffix":"icon"}},"wdio_ui5_key":"shellheader"}]}
RESULT: undefined
COMMAND: POST /session/f199610b81d2740d08c28d2a7b12bbb6/window/fullscreen - {}
RESULT: {}
RESULT: {}
]]></system-out>
    </testcase>
  </testsuite>
  <testsuite timestamp="2025-05-19T09:02:45" time="551.712" tests="4" failures="0" errors="0" skipped="0">
    <properties>
      <property name="specId" value="0" />
      <property name="suiteName" value="Provide to Site w/o warehouse management w/ clarification US116605" />
      <property name="capabilities" value="chrome.136_0_7103_93.windows" />
      <property name="file" value="file:///D:/a/1/s/test/specs/HTR/provide-to-site-wo-warehouse-w-clarification.spec.js" />
    </properties>
    <testcase classname="chrome.136_0_7103_93.windows.Provide_to_Site_w/o_warehouse_management_w/_clarification_US116605" name="Should create a new yard" time="129.938">
      <system-out><![CDATA[
COMMAND: POST /session/f199610b81d2740d08c28d2a7b12bbb6/window/fullscreen - {}
RESULT: {}
COMMAND: POST /session/f199610b81d2740d08c28d2a7b12bbb6/execute/async - {"script":"<script> [1562 bytes]","args":[{"selector":{"controlType":"sap.m.GenericTile","properties":{"header":"Manage Yards"}},"wdio_ui5_key":"sapm.GenericTile{\"header\":\"Manage Yards\"}"}]}
RESULT: {"script":"<script> [1562 bytes]","args":[{"selector":{"controlType":"sap.m.GenericTile","properties":{"header":"Manage Yards"}},"wdio_ui5_key":"sapm.GenericTile{\"header\":\"Manage Yards\"}"}]}
RESULT: undefined
COMMAND: POST /session/f199610b81d2740d08c28d2a7b12bbb6/element - {"using":"xpath","value":"//*[@id=\"__tile33\"]"}
RESULT: {"using":"xpath","value":"//*[@id=\"__tile33\"]"}
COMMAND: POST /session/f199610b81d2740d08c28d2a7b12bbb6/element/f.2BFA133D83E8FE08190C073C8C008530.d.57E4B9948C3592B37336F36DA6A19242.e.11403/click - {}
RESULT: {}
COMMAND: GET /session/f199610b81d2740d08c28d2a7b12bbb6/screenshot - {}
RESULT: {}
COMMAND: POST /session/f199610b81d2740d08c28d2a7b12bbb6/elements - {"using":"xpath","value":"//span[text()='Error']"}
RESULT: {"using":"xpath","value":"//span[text()='Error']"}
COMMAND: POST /session/f199610b81d2740d08c28d2a7b12bbb6/element - {"using":"xpath","value":"//button[@data-kt=\"addNewYardOverflowToolbarButton\"]"}
RESULT: {"using":"xpath","value":"//button[@data-kt=\"addNewYardOverflowToolbarButton\"]"}
COMMAND: POST /session/f199610b81d2740d08c28d2a7b12bbb6/elements - {"using":"xpath","value":"//button[@data-kt=\"addNewYardOverflowToolbarButton\"]"}
RESULT: {"using":"xpath","value":"//button[@data-kt=\"addNewYardOverflowToolbarButton\"]"}
COMMAND: POST /session/f199610b81d2740d08c28d2a7b12bbb6/elements - {"using":"xpath","value":"//button[@data-kt=\"addNewYardOverflowToolbarButton\"]"}
RESULT: {"using":"xpath","value":"//button[@data-kt=\"addNewYardOverflowToolbarButton\"]"}
COMMAND: POST /session/f199610b81d2740d08c28d2a7b12bbb6/elements - {"using":"xpath","value":"//button[@data-kt=\"addNewYardOverflowToolbarButton\"]"}
RESULT: {"using":"xpath","value":"//button[@data-kt=\"addNewYardOverflowToolbarButton\"]"}
COMMAND: POST /session/f199610b81d2740d08c28d2a7b12bbb6/element - {"using":"xpath","value":"//button[@data-kt=\"addNewYardOverflowToolbarButton\"]"}
RESULT: {"using":"xpath","value":"//button[@data-kt=\"addNewYardOverflowToolbarButton\"]"}
COMMAND: POST /session/f199610b81d2740d08c28d2a7b12bbb6/execute/sync - {"script":"<script> [8489 bytes]","args":[{"element-6066-11e4-a52e-4f735466cecf":"f.2BFA133D83E8FE08190C073C8C008530.d.57E4B9948C3592B37336F36DA6A19242.e.11528","ELEMENT":"f.2BFA133D83E8FE08190C073C8C008530.d.57E4B9948C3592B37336F36DA6A19242.e.11528"}]}
RESULT: {"script":"<script> [8489 bytes]","args":[{"element-6066-11e4-a52e-4f735466cecf":"f.2BFA133D83E8FE08190C073C8C008530.d.57E4B9948C3592B37336F36DA6A19242.e.11528","ELEMENT":"f.2BFA133D83E8FE08190C073C8C008530.d.57E4B9948C3592B37336F36DA6A19242.e.11528"}]}
COMMAND: GET /session/f199610b81d2740d08c28d2a7b12bbb6/element/f.2BFA133D83E8FE08190C073C8C008530.d.57E4B9948C3592B37336F36DA6A19242.e.11528/enabled - {}
COMMAND: GET /session/f199610b81d2740d08c28d2a7b12bbb6/screenshot - {}
RESULT: {}
COMMAND: POST /session/f199610b81d2740d08c28d2a7b12bbb6/execute/sync - {"script":"<script> [8489 bytes]","args":[{"element-6066-11e4-a52e-4f735466cecf":"f.2BFA133D83E8FE08190C073C8C008530.d.57E4B9948C3592B37336F36DA6A19242.e.11528","ELEMENT":"f.2BFA133D83E8FE08190C073C8C008530.d.57E4B9948C3592B37336F36DA6A19242.e.11528"}]}
COMMAND: GET /session/f199610b81d2740d08c28d2a7b12bbb6/screenshot - {}
RESULT: {}
RESULT: {"script":"<script> [8489 bytes]","args":[{"element-6066-11e4-a52e-4f735466cecf":"f.2BFA133D83E8FE08190C073C8C008530.d.57E4B9948C3592B37336F36DA6A19242.e.11528","ELEMENT":"f.2BFA133D83E8FE08190C073C8C008530.d.57E4B9948C3592B37336F36DA6A19242.e.11528"}]}
COMMAND: POST /session/f199610b81d2740d08c28d2a7b12bbb6/execute/sync - {"script":"<script> [5351 bytes]","args":[{"element-6066-11e4-a52e-4f735466cecf":"f.2BFA133D83E8FE08190C073C8C008530.d.57E4B9948C3592B37336F36DA6A19242.e.11528","ELEMENT":"f.2BFA133D83E8FE08190C073C8C008530.d.57E4B9948C3592B37336F36DA6A19242.e.11528"}]}
COMMAND: GET /session/f199610b81d2740d08c28d2a7b12bbb6/screenshot - {}
RESULT: {}
RESULT: {"script":"<script> [5351 bytes]","args":[{"element-6066-11e4-a52e-4f735466cecf":"f.2BFA133D83E8FE08190C073C8C008530.d.57E4B9948C3592B37336F36DA6A19242.e.11528","ELEMENT":"f.2BFA133D83E8FE08190C073C8C008530.d.57E4B9948C3592B37336F36DA6A19242.e.11528"}]}
COMMAND: POST /session/f199610b81d2740d08c28d2a7b12bbb6/element/f.2BFA133D83E8FE08190C073C8C008530.d.57E4B9948C3592B37336F36DA6A19242.e.11528/click - {}
COMMAND: GET /session/f199610b81d2740d08c28d2a7b12bbb6/screenshot - {}
RESULT: {}
RESULT: {}
COMMAND: GET /session/f199610b81d2740d08c28d2a7b12bbb6/screenshot - {}
RESULT: {}
COMMAND: POST /session/f199610b81d2740d08c28d2a7b12bbb6/element - {"using":"xpath","value":"//input[@id=\"application-manageyards-display-component---NewYard--yardId-inner\"]"}
RESULT: {}
RESULT: {"using":"xpath","value":"//input[@id=\"application-manageyards-display-component---NewYard--yardId-inner\"]"}
COMMAND: POST /session/f199610b81d2740d08c28d2a7b12bbb6/element - {"using":"xpath","value":"//input[@id=\"application-manageyards-display-component---NewYard--yardId-inner\"]"}
RESULT: {"using":"xpath","value":"//input[@id=\"application-manageyards-display-component---NewYard--yardId-inner\"]"}
COMMAND: POST /session/f199610b81d2740d08c28d2a7b12bbb6/execute/async - {"script":"<script> [1562 bytes]","args":[{"selector":{"id":"application-manageyards-display-component---NewYard--addressDetailDetailsName1","interaction":{"idSuffix":"inner"}},"wdio_ui5_key":"applicationmanageyards-display-component---NewYard--addressDetailDetailsName1"}]}
RESULT: {"script":"<script> [1562 bytes]","args":[{"selector":{"id":"application-manageyards-display-component---NewYard--addressDetailDetailsName1","interaction":{"idSuffix":"inner"}},"wdio_ui5_key":"applicationmanageyards-display-component---NewYard--addressDetailDetailsName1"}]}
RESULT: undefined
COMMAND: POST /session/f199610b81d2740d08c28d2a7b12bbb6/execute/async - {"script":"<script> [776 bytes]","args":[{"enterText":"Other Yard WDIO","selector":{"id":"application-manageyards-display-component---NewYard--addressDetailDetailsName1","interaction":{"idSuffix":"inner"}},"clearTextFirst":true,"interactionType":"ENTER_TEXT"}]}
RESULT: {"script":"<script> [776 bytes]","args":[{"enterText":"Other Yard WDIO","selector":{"id":"application-manageyards-display-component---NewYard--addressDetailDetailsName1","interaction":{"idSuffix":"inner"}},"clearTextFirst":true,"interactionType":"ENTER_TEXT"}]}
COMMAND: POST /session/f199610b81d2740d08c28d2a7b12bbb6/execute/async - {"script":"<script> [1562 bytes]","args":[{"selector":{"id":"application-manageyards-display-component---NewYard--addressDetailDetailsLanguage-arrow"},"wdio_ui5_key":"applicationmanageyards-display-component---NewYard--addressDetailDetailsLanguage-arrow"}]}
RESULT: {"script":"<script> [1562 bytes]","args":[{"selector":{"id":"application-manageyards-display-component---NewYard--addressDetailDetailsLanguage-arrow"},"wdio_ui5_key":"applicationmanageyards-display-component---NewYard--addressDetailDetailsLanguage-arrow"}]}
RESULT: undefined
COMMAND: POST /session/f199610b81d2740d08c28d2a7b12bbb6/element - {"using":"xpath","value":"//*[@id=\"application-manageyards-display-component---NewYard--addressDetailDetailsLanguage-arrow\"]"}
RESULT: {"using":"xpath","value":"//*[@id=\"application-manageyards-display-component---NewYard--addressDetailDetailsLanguage-arrow\"]"}
COMMAND: POST /session/f199610b81d2740d08c28d2a7b12bbb6/element/f.2BFA133D83E8FE08190C073C8C008530.d.57E4B9948C3592B37336F36DA6A19242.e.11969/click - {}
RESULT: {}
COMMAND: POST /session/f199610b81d2740d08c28d2a7b12bbb6/element - {"using":"xpath","value":"//span[contains(text(), \"English\")]"}
COMMAND: GET /session/f199610b81d2740d08c28d2a7b12bbb6/screenshot - {}
RESULT: {"using":"xpath","value":"//span[contains(text(), \"English\")]"}
COMMAND: POST /session/f199610b81d2740d08c28d2a7b12bbb6/element/f.2BFA133D83E8FE08190C073C8C008530.d.57E4B9948C3592B37336F36DA6A19242.e.11970/click - {}
RESULT: {}
RESULT: {}
COMMAND: POST /session/f199610b81d2740d08c28d2a7b12bbb6/execute/async - {"script":"<script> [1562 bytes]","args":[{"selector":{"id":"application-manageyards-display-component---NewYard--addressDetailDetailsCity1","interaction":{"idSuffix":"inner"}},"wdio_ui5_key":"applicationmanageyards-display-component---NewYard--addressDetailDetailsCity1"}]}
COMMAND: GET /session/f199610b81d2740d08c28d2a7b12bbb6/screenshot - {}
RESULT: {"script":"<script> [1562 bytes]","args":[{"selector":{"id":"application-manageyards-display-component---NewYard--addressDetailDetailsCity1","interaction":{"idSuffix":"inner"}},"wdio_ui5_key":"applicationmanageyards-display-component---NewYard--addressDetailDetailsCity1"}]}
RESULT: undefined
COMMAND: POST /session/f199610b81d2740d08c28d2a7b12bbb6/execute/async - {"script":"<script> [776 bytes]","args":[{"enterText":"Rosario","selector":{"id":"application-manageyards-display-component---NewYard--addressDetailDetailsCity1","interaction":{"idSuffix":"inner"}},"clearTextFirst":true,"interactionType":"ENTER_TEXT"}]}
RESULT: {}
RESULT: {"script":"<script> [776 bytes]","args":[{"enterText":"Rosario","selector":{"id":"application-manageyards-display-component---NewYard--addressDetailDetailsCity1","interaction":{"idSuffix":"inner"}},"clearTextFirst":true,"interactionType":"ENTER_TEXT"}]}
COMMAND: POST /session/f199610b81d2740d08c28d2a7b12bbb6/execute/async - {"script":"<script> [1562 bytes]","args":[{"selector":{"id":"application-manageyards-display-component---NewYard--addressDetailDetailsCountry-arrow"},"wdio_ui5_key":"applicationmanageyards-display-component---NewYard--addressDetailDetailsCountry-arrow"}]}
RESULT: {"script":"<script> [1562 bytes]","args":[{"selector":{"id":"application-manageyards-display-component---NewYard--addressDetailDetailsCountry-arrow"},"wdio_ui5_key":"applicationmanageyards-display-component---NewYard--addressDetailDetailsCountry-arrow"}]}
RESULT: undefined
COMMAND: POST /session/f199610b81d2740d08c28d2a7b12bbb6/element - {"using":"xpath","value":"//*[@id=\"application-manageyards-display-component---NewYard--addressDetailDetailsCountry-arrow\"]"}
RESULT: {"using":"xpath","value":"//*[@id=\"application-manageyards-display-component---NewYard--addressDetailDetailsCountry-arrow\"]"}
COMMAND: POST /session/f199610b81d2740d08c28d2a7b12bbb6/element/f.2BFA133D83E8FE08190C073C8C008530.d.57E4B9948C3592B37336F36DA6A19242.e.11972/click - {}
RESULT: {}
COMMAND: POST /session/f199610b81d2740d08c28d2a7b12bbb6/element - {"using":"xpath","value":"//span[contains(text(), \"Argentina\")]"}
COMMAND: GET /session/f199610b81d2740d08c28d2a7b12bbb6/screenshot - {}
RESULT: {"using":"xpath","value":"//span[contains(text(), \"Argentina\")]"}
COMMAND: POST /session/f199610b81d2740d08c28d2a7b12bbb6/element/f.2BFA133D83E8FE08190C073C8C008530.d.57E4B9948C3592B37336F36DA6A19242.e.11974/click - {}
RESULT: {}
RESULT: {}
COMMAND: POST /session/f199610b81d2740d08c28d2a7b12bbb6/execute/async - {"script":"<script> [1562 bytes]","args":[{"selector":{"id":"application-manageyards-display-component---NewYard--addressEditDetailsCostObjectCstType-arrow"},"wdio_ui5_key":"applicationmanageyards-display-component---NewYard--addressEditDetailsCostObjectCstType-arrow"}]}
COMMAND: GET /session/f199610b81d2740d08c28d2a7b12bbb6/screenshot - {}
RESULT: {"script":"<script> [1562 bytes]","args":[{"selector":{"id":"application-manageyards-display-component---NewYard--addressEditDetailsCostObjectCstType-arrow"},"wdio_ui5_key":"applicationmanageyards-display-component---NewYard--addressEditDetailsCostObjectCstType-arrow"}]}
RESULT: undefined
COMMAND: POST /session/f199610b81d2740d08c28d2a7b12bbb6/element - {"using":"xpath","value":"//*[@id=\"application-manageyards-display-component---NewYard--addressEditDetailsCostObjectCstType-arrow\"]"}
RESULT: {}
RESULT: {"using":"xpath","value":"//*[@id=\"application-manageyards-display-component---NewYard--addressEditDetailsCostObjectCstType-arrow\"]"}
COMMAND: POST /session/f199610b81d2740d08c28d2a7b12bbb6/element/f.2BFA133D83E8FE08190C073C8C008530.d.57E4B9948C3592B37336F36DA6A19242.e.11975/click - {}
RESULT: {}
COMMAND: POST /session/f199610b81d2740d08c28d2a7b12bbb6/element - {"using":"xpath","value":"//span[contains(text(), \"Cost Center\")]"}
COMMAND: GET /session/f199610b81d2740d08c28d2a7b12bbb6/screenshot - {}
RESULT: {"using":"xpath","value":"//span[contains(text(), \"Cost Center\")]"}
COMMAND: POST /session/f199610b81d2740d08c28d2a7b12bbb6/element/f.2BFA133D83E8FE08190C073C8C008530.d.57E4B9948C3592B37336F36DA6A19242.e.11976/click - {}
RESULT: {}
RESULT: {}
COMMAND: GET /session/f199610b81d2740d08c28d2a7b12bbb6/screenshot - {}
RESULT: {}
COMMAND: POST /session/f199610b81d2740d08c28d2a7b12bbb6/element - {"using":"xpath","value":"//span[@id=\"application-manageyards-display-component---NewYard--addressNewCostObjectCstID-vhi\"]"}
RESULT: {"using":"xpath","value":"//span[@id=\"application-manageyards-display-component---NewYard--addressNewCostObjectCstID-vhi\"]"}
COMMAND: POST /session/f199610b81d2740d08c28d2a7b12bbb6/execute/sync - {"script":"<script> [8489 bytes]","args":[{"element-6066-11e4-a52e-4f735466cecf":"f.2BFA133D83E8FE08190C073C8C008530.d.57E4B9948C3592B37336F36DA6A19242.e.11980","ELEMENT":"f.2BFA133D83E8FE08190C073C8C008530.d.57E4B9948C3592B37336F36DA6A19242.e.11980"}]}
RESULT: {"script":"<script> [8489 bytes]","args":[{"element-6066-11e4-a52e-4f735466cecf":"f.2BFA133D83E8FE08190C073C8C008530.d.57E4B9948C3592B37336F36DA6A19242.e.11980","ELEMENT":"f.2BFA133D83E8FE08190C073C8C008530.d.57E4B9948C3592B37336F36DA6A19242.e.11980"}]}
COMMAND: POST /session/f199610b81d2740d08c28d2a7b12bbb6/execute/async - {"script":"<script> [1562 bytes]","args":[{"selector":{"id":"application-manageyards-display-component---NewYard--addressNewCostObjectCstID-vhi"},"wdio_ui5_key":"applicationmanageyards-display-component---NewYard--addressNewCostObjectCstID-vhi"}]}
COMMAND: GET /session/f199610b81d2740d08c28d2a7b12bbb6/screenshot - {}
RESULT: {"script":"<script> [1562 bytes]","args":[{"selector":{"id":"application-manageyards-display-component---NewYard--addressNewCostObjectCstID-vhi"},"wdio_ui5_key":"applicationmanageyards-display-component---NewYard--addressNewCostObjectCstID-vhi"}]}
RESULT: undefined
COMMAND: POST /session/f199610b81d2740d08c28d2a7b12bbb6/element - {"using":"xpath","value":"//*[@id=\"application-manageyards-display-component---NewYard--addressNewCostObjectCstID-vhi\"]"}
RESULT: {}
RESULT: {"using":"xpath","value":"//*[@id=\"application-manageyards-display-component---NewYard--addressNewCostObjectCstID-vhi\"]"}
COMMAND: POST /session/f199610b81d2740d08c28d2a7b12bbb6/element/f.2BFA133D83E8FE08190C073C8C008530.d.57E4B9948C3592B37336F36DA6A19242.e.11980/click - {}
RESULT: {}
COMMAND: GET /session/f199610b81d2740d08c28d2a7b12bbb6/screenshot - {}
RESULT: {}
COMMAND: POST /session/f199610b81d2740d08c28d2a7b12bbb6/execute/async - {"script":"<script> [1562 bytes]","args":[{"selector":{"controlType":"sap.m.SearchField","properties":{"placeholder":"Search"},"searchOpenDialogs":true,"interaction":{"idSuffix":"I"}},"wdio_ui5_key":"sapm.SearchField{\"placeholder\":\"Search\"}"}]}
RESULT: {"script":"<script> [1562 bytes]","args":[{"selector":{"controlType":"sap.m.SearchField","properties":{"placeholder":"Search"},"searchOpenDialogs":true,"interaction":{"idSuffix":"I"}},"wdio_ui5_key":"sapm.SearchField{\"placeholder\":\"Search\"}"}]}
RESULT: undefined
COMMAND: POST /session/f199610b81d2740d08c28d2a7b12bbb6/execute/async - {"script":"<script> [776 bytes]","args":[{"enterText":"bauh_b","selector":{"controlType":"sap.m.SearchField","properties":{"placeholder":"Search"},"searchOpenDialogs":true,"interaction":{"idSuffix":"I"}},"clearTextFirst":true,"interactionType":"ENTER_TEXT"}]}
RESULT: {"script":"<script> [776 bytes]","args":[{"enterText":"bauh_b","selector":{"controlType":"sap.m.SearchField","properties":{"placeholder":"Search"},"searchOpenDialogs":true,"interaction":{"idSuffix":"I"}},"clearTextFirst":true,"interactionType":"ENTER_TEXT"}]}
COMMAND: POST /session/f199610b81d2740d08c28d2a7b12bbb6/actions - {"actions":[{"id":"action40","type":"key","parameters":{},"actions":[{"type":"keyDown","value":"î€‡"},{"type":"pause","duration":10},{"type":"keyUp","value":"î€‡"}]}]}
RESULT: {"actions":[{"id":"action40","type":"key","parameters":{},"actions":[{"type":"keyDown","value":"î€‡"},{"type":"pause","duration":10},{"type":"keyUp","value":"î€‡"}]}]}
COMMAND: GET /session/f199610b81d2740d08c28d2a7b12bbb6/screenshot - {}
RESULT: {}
COMMAND: POST /session/f199610b81d2740d08c28d2a7b12bbb6/element - {"using":"xpath","value":"//span[contains(text(), \"Demo Yard\")]"}
RESULT: {"using":"xpath","value":"//span[contains(text(), \"Demo Yard\")]"}
COMMAND: POST /session/f199610b81d2740d08c28d2a7b12bbb6/element/f.2BFA133D83E8FE08190C073C8C008530.d.57E4B9948C3592B37336F36DA6A19242.e.12022/click - {}
RESULT: {}
COMMAND: GET /session/f199610b81d2740d08c28d2a7b12bbb6/screenshot - {}
RESULT: {}
COMMAND: POST /session/f199610b81d2740d08c28d2a7b12bbb6/element - {"using":"xpath","value":"//bdi[contains(text(), \"OK\")]"}
RESULT: {"using":"xpath","value":"//bdi[contains(text(), \"OK\")]"}
COMMAND: POST /session/f199610b81d2740d08c28d2a7b12bbb6/element/f.2BFA133D83E8FE08190C073C8C008530.d.57E4B9948C3592B37336F36DA6A19242.e.12023/click - {}
RESULT: {}
COMMAND: GET /session/f199610b81d2740d08c28d2a7b12bbb6/screenshot - {}
RESULT: {}
COMMAND: POST /session/f199610b81d2740d08c28d2a7b12bbb6/execute/async - {"script":"<script> [1562 bytes]","args":[{"selector":{"id":"application-manageyards-display-component---NewYard--addressEditDetailsCurrency-arrow"},"wdio_ui5_key":"applicationmanageyards-display-component---NewYard--addressEditDetailsCurrency-arrow"}]}
RESULT: {"script":"<script> [1562 bytes]","args":[{"selector":{"id":"application-manageyards-display-component---NewYard--addressEditDetailsCurrency-arrow"},"wdio_ui5_key":"applicationmanageyards-display-component---NewYard--addressEditDetailsCurrency-arrow"}]}
RESULT: undefined
COMMAND: POST /session/f199610b81d2740d08c28d2a7b12bbb6/element - {"using":"xpath","value":"//*[@id=\"application-manageyards-display-component---NewYard--addressEditDetailsCurrency-arrow\"]"}
RESULT: {"using":"xpath","value":"//*[@id=\"application-manageyards-display-component---NewYard--addressEditDetailsCurrency-arrow\"]"}
COMMAND: POST /session/f199610b81d2740d08c28d2a7b12bbb6/element/f.2BFA133D83E8FE08190C073C8C008530.d.57E4B9948C3592B37336F36DA6A19242.e.12026/click - {}
RESULT: {}
COMMAND: POST /session/f199610b81d2740d08c28d2a7b12bbb6/element - {"using":"xpath","value":"//span[contains(text(), \"Euro\")]"}
COMMAND: GET /session/f199610b81d2740d08c28d2a7b12bbb6/screenshot - {}
RESULT: {"using":"xpath","value":"//span[contains(text(), \"Euro\")]"}
COMMAND: POST /session/f199610b81d2740d08c28d2a7b12bbb6/element/f.2BFA133D83E8FE08190C073C8C008530.d.57E4B9948C3592B37336F36DA6A19242.e.12027/click - {}
RESULT: {}
RESULT: {}
COMMAND: POST /session/f199610b81d2740d08c28d2a7b12bbb6/execute/async - {"script":"<script> [1562 bytes]","args":[{"selector":{"controlType":"sap.m.Input","viewName":"etm.portal.ui.manageyards.view.New","viewId":"application-manageyards-display-component---NewYard","bindingPath":{"path":"","propertyPath":"/CONTROLLING_AREA","modelName":"NewYardModel"},"interaction":{"idSuffix":"inner"}},"wdio_ui5_key":"etmportal.ui.manageyards.view.Newsap.m.Input{\"path\":\"\",\"propertyPath\":\"/CONTROLLING_AREA\",\"modelName\":\"NewYardModel\"}"}]}
COMMAND: GET /session/f199610b81d2740d08c28d2a7b12bbb6/screenshot - {}
RESULT: {"script":"<script> [1562 bytes]","args":[{"selector":{"controlType":"sap.m.Input","viewName":"etm.portal.ui.manageyards.view.New","viewId":"application-manageyards-display-component---NewYard","bindingPath":{"path":"","propertyPath":"/CONTROLLING_AREA","modelName":"NewYardModel"},"interaction":{"idSuffix":"inner"}},"wdio_ui5_key":"etmportal.ui.manageyards.view.Newsap.m.Input{\"path\":\"\",\"propertyPath\":\"/CONTROLLING_AREA\",\"modelName\":\"NewYardModel\"}"}]}
RESULT: undefined
COMMAND: POST /session/f199610b81d2740d08c28d2a7b12bbb6/execute/async - {"script":"<script> [776 bytes]","args":[{"enterText":"Z001","selector":{"controlType":"sap.m.Input","viewName":"etm.portal.ui.manageyards.view.New","viewId":"application-manageyards-display-component---NewYard","bindingPath":{"path":"","propertyPath":"/CONTROLLING_AREA","modelName":"NewYardModel"},"interaction":{"idSuffix":"inner"}},"clearTextFirst":true,"interactionType":"ENTER_TEXT"}]}
RESULT: {}
RESULT: {"script":"<script> [776 bytes]","args":[{"enterText":"Z001","selector":{"controlType":"sap.m.Input","viewName":"etm.portal.ui.manageyards.view.New","viewId":"application-manageyards-display-component---NewYard","bindingPath":{"path":"","propertyPath":"/CONTROLLING_AREA","modelName":"NewYardModel"},"interaction":{"idSuffix":"inner"}},"clearTextFirst":true,"interactionType":"ENTER_TEXT"}]}
COMMAND: POST /session/f199610b81d2740d08c28d2a7b12bbb6/execute/async - {"script":"<script> [1562 bytes]","args":[{"selector":{"id":"application-manageyards-display-component---NewYard--companyCodeComboBox","interaction":{"idSuffix":"inner"}},"wdio_ui5_key":"applicationmanageyards-display-component---NewYard--companyCodeComboBox"}]}
RESULT: {"script":"<script> [1562 bytes]","args":[{"selector":{"id":"application-manageyards-display-component---NewYard--companyCodeComboBox","interaction":{"idSuffix":"inner"}},"wdio_ui5_key":"applicationmanageyards-display-component---NewYard--companyCodeComboBox"}]}
RESULT: undefined
COMMAND: POST /session/f199610b81d2740d08c28d2a7b12bbb6/execute/async - {"script":"<script> [776 bytes]","args":[{"enterText":"1000","selector":{"id":"application-manageyards-display-component---NewYard--companyCodeComboBox","interaction":{"idSuffix":"inner"}},"clearTextFirst":true,"interactionType":"ENTER_TEXT"}]}
RESULT: {"script":"<script> [776 bytes]","args":[{"enterText":"1000","selector":{"id":"application-manageyards-display-component---NewYard--companyCodeComboBox","interaction":{"idSuffix":"inner"}},"clearTextFirst":true,"interactionType":"ENTER_TEXT"}]}
COMMAND: POST /session/f199610b81d2740d08c28d2a7b12bbb6/execute/async - {"script":"<script> [1562 bytes]","args":[{"selector":{"controlType":"sap.m.Input","viewName":"etm.portal.ui.manageyards.view.New","viewId":"application-manageyards-display-component---NewYard","bindingPath":{"path":"","propertyPath":"/PLANT","modelName":"NewYardModel"},"interaction":{"idSuffix":"inner"}},"wdio_ui5_key":"etmportal.ui.manageyards.view.Newsap.m.Input{\"path\":\"\",\"propertyPath\":\"/PLANT\",\"modelName\":\"NewYardModel\"}"}]}
RESULT: {"script":"<script> [1562 bytes]","args":[{"selector":{"controlType":"sap.m.Input","viewName":"etm.portal.ui.manageyards.view.New","viewId":"application-manageyards-display-component---NewYard","bindingPath":{"path":"","propertyPath":"/PLANT","modelName":"NewYardModel"},"interaction":{"idSuffix":"inner"}},"wdio_ui5_key":"etmportal.ui.manageyards.view.Newsap.m.Input{\"path\":\"\",\"propertyPath\":\"/PLANT\",\"modelName\":\"NewYardModel\"}"}]}
RESULT: undefined
COMMAND: POST /session/f199610b81d2740d08c28d2a7b12bbb6/execute/async - {"script":"<script> [776 bytes]","args":[{"enterText":"1001","selector":{"controlType":"sap.m.Input","viewName":"etm.portal.ui.manageyards.view.New","viewId":"application-manageyards-display-component---NewYard","bindingPath":{"path":"","propertyPath":"/PLANT","modelName":"NewYardModel"},"interaction":{"idSuffix":"inner"}},"clearTextFirst":true,"interactionType":"ENTER_TEXT"}]}
RESULT: {"script":"<script> [776 bytes]","args":[{"enterText":"1001","selector":{"controlType":"sap.m.Input","viewName":"etm.portal.ui.manageyards.view.New","viewId":"application-manageyards-display-component---NewYard","bindingPath":{"path":"","propertyPath":"/PLANT","modelName":"NewYardModel"},"interaction":{"idSuffix":"inner"}},"clearTextFirst":true,"interactionType":"ENTER_TEXT"}]}
COMMAND: POST /session/f199610b81d2740d08c28d2a7b12bbb6/execute/async - {"script":"<script> [1562 bytes]","args":[{"selector":{"controlType":"sap.m.Input","viewName":"etm.portal.ui.manageyards.view.New","viewId":"application-manageyards-display-component---NewYard","bindingPath":{"path":"","propertyPath":"/SALES_AREA_VKORG","modelName":"NewYardModel"},"interaction":{"idSuffix":"inner"}},"wdio_ui5_key":"etmportal.ui.manageyards.view.Newsap.m.Input{\"path\":\"\",\"propertyPath\":\"/SALES_AREA_VKORG\",\"modelName\":\"NewYardModel\"}"}]}
RESULT: {"script":"<script> [1562 bytes]","args":[{"selector":{"controlType":"sap.m.Input","viewName":"etm.portal.ui.manageyards.view.New","viewId":"application-manageyards-display-component---NewYard","bindingPath":{"path":"","propertyPath":"/SALES_AREA_VKORG","modelName":"NewYardModel"},"interaction":{"idSuffix":"inner"}},"wdio_ui5_key":"etmportal.ui.manageyards.view.Newsap.m.Input{\"path\":\"\",\"propertyPath\":\"/SALES_AREA_VKORG\",\"modelName\":\"NewYardModel\"}"}]}
RESULT: undefined
COMMAND: POST /session/f199610b81d2740d08c28d2a7b12bbb6/execute/async - {"script":"<script> [776 bytes]","args":[{"enterText":"C002","selector":{"controlType":"sap.m.Input","viewName":"etm.portal.ui.manageyards.view.New","viewId":"application-manageyards-display-component---NewYard","bindingPath":{"path":"","propertyPath":"/SALES_AREA_VKORG","modelName":"NewYardModel"},"interaction":{"idSuffix":"inner"}},"clearTextFirst":true,"interactionType":"ENTER_TEXT"}]}
RESULT: {"script":"<script> [776 bytes]","args":[{"enterText":"C002","selector":{"controlType":"sap.m.Input","viewName":"etm.portal.ui.manageyards.view.New","viewId":"application-manageyards-display-component---NewYard","bindingPath":{"path":"","propertyPath":"/SALES_AREA_VKORG","modelName":"NewYardModel"},"interaction":{"idSuffix":"inner"}},"clearTextFirst":true,"interactionType":"ENTER_TEXT"}]}
COMMAND: POST /session/f199610b81d2740d08c28d2a7b12bbb6/execute/async - {"script":"<script> [1562 bytes]","args":[{"selector":{"controlType":"sap.m.Input","viewName":"etm.portal.ui.manageyards.view.New","viewId":"application-manageyards-display-component---NewYard","bindingPath":{"path":"","propertyPath":"/SALES_AREA_VTWEG","modelName":"NewYardModel"},"interaction":{"idSuffix":"inner"}},"wdio_ui5_key":"etmportal.ui.manageyards.view.Newsap.m.Input{\"path\":\"\",\"propertyPath\":\"/SALES_AREA_VTWEG\",\"modelName\":\"NewYardModel\"}"}]}
RESULT: {"script":"<script> [1562 bytes]","args":[{"selector":{"controlType":"sap.m.Input","viewName":"etm.portal.ui.manageyards.view.New","viewId":"application-manageyards-display-component---NewYard","bindingPath":{"path":"","propertyPath":"/SALES_AREA_VTWEG","modelName":"NewYardModel"},"interaction":{"idSuffix":"inner"}},"wdio_ui5_key":"etmportal.ui.manageyards.view.Newsap.m.Input{\"path\":\"\",\"propertyPath\":\"/SALES_AREA_VTWEG\",\"modelName\":\"NewYardModel\"}"}]}
RESULT: undefined
COMMAND: POST /session/f199610b81d2740d08c28d2a7b12bbb6/execute/async - {"script":"<script> [776 bytes]","args":[{"enterText":"C2","selector":{"controlType":"sap.m.Input","viewName":"etm.portal.ui.manageyards.view.New","viewId":"application-manageyards-display-component---NewYard","bindingPath":{"path":"","propertyPath":"/SALES_AREA_VTWEG","modelName":"NewYardModel"},"interaction":{"idSuffix":"inner"}},"clearTextFirst":true,"interactionType":"ENTER_TEXT"}]}
RESULT: {"script":"<script> [776 bytes]","args":[{"enterText":"C2","selector":{"controlType":"sap.m.Input","viewName":"etm.portal.ui.manageyards.view.New","viewId":"application-manageyards-display-component---NewYard","bindingPath":{"path":"","propertyPath":"/SALES_AREA_VTWEG","modelName":"NewYardModel"},"interaction":{"idSuffix":"inner"}},"clearTextFirst":true,"interactionType":"ENTER_TEXT"}]}
COMMAND: POST /session/f199610b81d2740d08c28d2a7b12bbb6/execute/async - {"script":"<script> [1562 bytes]","args":[{"selector":{"controlType":"sap.m.Input","viewName":"etm.portal.ui.manageyards.view.New","viewId":"application-manageyards-display-component---NewYard","bindingPath":{"path":"","propertyPath":"/SALES_AREA_SPART","modelName":"NewYardModel"},"interaction":{"idSuffix":"inner"}},"wdio_ui5_key":"etmportal.ui.manageyards.view.Newsap.m.Input{\"path\":\"\",\"propertyPath\":\"/SALES_AREA_SPART\",\"modelName\":\"NewYardModel\"}"}]}
RESULT: {"script":"<script> [1562 bytes]","args":[{"selector":{"controlType":"sap.m.Input","viewName":"etm.portal.ui.manageyards.view.New","viewId":"application-manageyards-display-component---NewYard","bindingPath":{"path":"","propertyPath":"/SALES_AREA_SPART","modelName":"NewYardModel"},"interaction":{"idSuffix":"inner"}},"wdio_ui5_key":"etmportal.ui.manageyards.view.Newsap.m.Input{\"path\":\"\",\"propertyPath\":\"/SALES_AREA_SPART\",\"modelName\":\"NewYardModel\"}"}]}
RESULT: undefined
COMMAND: POST /session/f199610b81d2740d08c28d2a7b12bbb6/execute/async - {"script":"<script> [776 bytes]","args":[{"enterText":"C2","selector":{"controlType":"sap.m.Input","viewName":"etm.portal.ui.manageyards.view.New","viewId":"application-manageyards-display-component---NewYard","bindingPath":{"path":"","propertyPath":"/SALES_AREA_SPART","modelName":"NewYardModel"},"interaction":{"idSuffix":"inner"}},"clearTextFirst":true,"interactionType":"ENTER_TEXT"}]}
RESULT: {"script":"<script> [776 bytes]","args":[{"enterText":"C2","selector":{"controlType":"sap.m.Input","viewName":"etm.portal.ui.manageyards.view.New","viewId":"application-manageyards-display-component---NewYard","bindingPath":{"path":"","propertyPath":"/SALES_AREA_SPART","modelName":"NewYardModel"},"interaction":{"idSuffix":"inner"}},"clearTextFirst":true,"interactionType":"ENTER_TEXT"}]}
COMMAND: POST /session/f199610b81d2740d08c28d2a7b12bbb6/execute/async - {"script":"<script> [1562 bytes]","args":[{"selector":{"controlType":"sap.m.Input","viewName":"etm.portal.ui.manageyards.view.New","viewId":"application-manageyards-display-component---NewYard","bindingPath":{"path":"","propertyPath":"/SHIP_POINT","modelName":"NewYardModel"},"interaction":{"idSuffix":"inner"}},"wdio_ui5_key":"etmportal.ui.manageyards.view.Newsap.m.Input{\"path\":\"\",\"propertyPath\":\"/SHIP_POINT\",\"modelName\":\"NewYardModel\"}"}]}
RESULT: {"script":"<script> [1562 bytes]","args":[{"selector":{"controlType":"sap.m.Input","viewName":"etm.portal.ui.manageyards.view.New","viewId":"application-manageyards-display-component---NewYard","bindingPath":{"path":"","propertyPath":"/SHIP_POINT","modelName":"NewYardModel"},"interaction":{"idSuffix":"inner"}},"wdio_ui5_key":"etmportal.ui.manageyards.view.Newsap.m.Input{\"path\":\"\",\"propertyPath\":\"/SHIP_POINT\",\"modelName\":\"NewYardModel\"}"}]}
RESULT: undefined
COMMAND: POST /session/f199610b81d2740d08c28d2a7b12bbb6/execute/async - {"script":"<script> [776 bytes]","args":[{"enterText":"1710","selector":{"controlType":"sap.m.Input","viewName":"etm.portal.ui.manageyards.view.New","viewId":"application-manageyards-display-component---NewYard","bindingPath":{"path":"","propertyPath":"/SHIP_POINT","modelName":"NewYardModel"},"interaction":{"idSuffix":"inner"}},"clearTextFirst":true,"interactionType":"ENTER_TEXT"}]}
RESULT: {"script":"<script> [776 bytes]","args":[{"enterText":"1710","selector":{"controlType":"sap.m.Input","viewName":"etm.portal.ui.manageyards.view.New","viewId":"application-manageyards-display-component---NewYard","bindingPath":{"path":"","propertyPath":"/SHIP_POINT","modelName":"NewYardModel"},"interaction":{"idSuffix":"inner"}},"clearTextFirst":true,"interactionType":"ENTER_TEXT"}]}
COMMAND: POST /session/f199610b81d2740d08c28d2a7b12bbb6/execute/async - {"script":"<script> [1562 bytes]","args":[{"selector":{"controlType":"sap.m.Input","viewName":"etm.portal.ui.manageyards.view.New","viewId":"application-manageyards-display-component---NewYard","bindingPath":{"path":"","propertyPath":"/DELIVERY_TYPE","modelName":"NewYardModel"},"interaction":{"idSuffix":"inner"}},"wdio_ui5_key":"etmportal.ui.manageyards.view.Newsap.m.Input{\"path\":\"\",\"propertyPath\":\"/DELIVERY_TYPE\",\"modelName\":\"NewYardModel\"}"}]}
RESULT: {"script":"<script> [1562 bytes]","args":[{"selector":{"controlType":"sap.m.Input","viewName":"etm.portal.ui.manageyards.view.New","viewId":"application-manageyards-display-component---NewYard","bindingPath":{"path":"","propertyPath":"/DELIVERY_TYPE","modelName":"NewYardModel"},"interaction":{"idSuffix":"inner"}},"wdio_ui5_key":"etmportal.ui.manageyards.view.Newsap.m.Input{\"path\":\"\",\"propertyPath\":\"/DELIVERY_TYPE\",\"modelName\":\"NewYardModel\"}"}]}
RESULT: undefined
COMMAND: POST /session/f199610b81d2740d08c28d2a7b12bbb6/execute/async - {"script":"<script> [776 bytes]","args":[{"enterText":"ZL01","selector":{"controlType":"sap.m.Input","viewName":"etm.portal.ui.manageyards.view.New","viewId":"application-manageyards-display-component---NewYard","bindingPath":{"path":"","propertyPath":"/DELIVERY_TYPE","modelName":"NewYardModel"},"interaction":{"idSuffix":"inner"}},"clearTextFirst":true,"interactionType":"ENTER_TEXT"}]}
RESULT: {"script":"<script> [776 bytes]","args":[{"enterText":"ZL01","selector":{"controlType":"sap.m.Input","viewName":"etm.portal.ui.manageyards.view.New","viewId":"application-manageyards-display-component---NewYard","bindingPath":{"path":"","propertyPath":"/DELIVERY_TYPE","modelName":"NewYardModel"},"interaction":{"idSuffix":"inner"}},"clearTextFirst":true,"interactionType":"ENTER_TEXT"}]}
COMMAND: POST /session/f199610b81d2740d08c28d2a7b12bbb6/execute/async - {"script":"<script> [1562 bytes]","args":[{"selector":{"controlType":"sap.m.Input","viewName":"etm.portal.ui.manageyards.view.New","viewId":"application-manageyards-display-component---NewYard","bindingPath":{"path":"","propertyPath":"/AUART","modelName":"NewYardModel"},"interaction":{"idSuffix":"inner"}},"wdio_ui5_key":"etmportal.ui.manageyards.view.Newsap.m.Input{\"path\":\"\",\"propertyPath\":\"/AUART\",\"modelName\":\"NewYardModel\"}"}]}
RESULT: {"script":"<script> [1562 bytes]","args":[{"selector":{"controlType":"sap.m.Input","viewName":"etm.portal.ui.manageyards.view.New","viewId":"application-manageyards-display-component---NewYard","bindingPath":{"path":"","propertyPath":"/AUART","modelName":"NewYardModel"},"interaction":{"idSuffix":"inner"}},"wdio_ui5_key":"etmportal.ui.manageyards.view.Newsap.m.Input{\"path\":\"\",\"propertyPath\":\"/AUART\",\"modelName\":\"NewYardModel\"}"}]}
RESULT: undefined
COMMAND: POST /session/f199610b81d2740d08c28d2a7b12bbb6/execute/async - {"script":"<script> [776 bytes]","args":[{"enterText":"TA","selector":{"controlType":"sap.m.Input","viewName":"etm.portal.ui.manageyards.view.New","viewId":"application-manageyards-display-component---NewYard","bindingPath":{"path":"","propertyPath":"/AUART","modelName":"NewYardModel"},"interaction":{"idSuffix":"inner"}},"clearTextFirst":true,"interactionType":"ENTER_TEXT"}]}
RESULT: {"script":"<script> [776 bytes]","args":[{"enterText":"TA","selector":{"controlType":"sap.m.Input","viewName":"etm.portal.ui.manageyards.view.New","viewId":"application-manageyards-display-component---NewYard","bindingPath":{"path":"","propertyPath":"/AUART","modelName":"NewYardModel"},"interaction":{"idSuffix":"inner"}},"clearTextFirst":true,"interactionType":"ENTER_TEXT"}]}
COMMAND: POST /session/f199610b81d2740d08c28d2a7b12bbb6/element - {"using":"xpath","value":"//button[@data-kt=\"newYardSaveButton\"]"}
RESULT: {"using":"xpath","value":"//button[@data-kt=\"newYardSaveButton\"]"}
COMMAND: POST /session/f199610b81d2740d08c28d2a7b12bbb6/element/f.2BFA133D83E8FE08190C073C8C008530.d.57E4B9948C3592B37336F36DA6A19242.e.11935/click - {}
RESULT: {}
COMMAND: GET /session/f199610b81d2740d08c28d2a7b12bbb6/screenshot - {}
RESULT: {}
COMMAND: POST /session/f199610b81d2740d08c28d2a7b12bbb6/element - {"using":"xpath","value":"//header[contains(@id, 'ObjectPageLayout-headerTitle')]/div[1]/div[2]/div[1]/span[1]"}
RESULT: {"using":"xpath","value":"//header[contains(@id, 'ObjectPageLayout-headerTitle')]/div[1]/div[2]/div[1]/span[1]"}
COMMAND: POST /session/f199610b81d2740d08c28d2a7b12bbb6/elements - {"using":"xpath","value":"//header[contains(@id, 'ObjectPageLayout-headerTitle')]/div[1]/div[2]/div[1]/span[1]"}
RESULT: {"using":"xpath","value":"//header[contains(@id, 'ObjectPageLayout-headerTitle')]/div[1]/div[2]/div[1]/span[1]"}
COMMAND: POST /session/f199610b81d2740d08c28d2a7b12bbb6/execute/sync - {"script":"<script> [56 bytes]","args":[{"element-6066-11e4-a52e-4f735466cecf":"f.2BFA133D83E8FE08190C073C8C008530.d.57E4B9948C3592B37336F36DA6A19242.e.12253","ELEMENT":"f.2BFA133D83E8FE08190C073C8C008530.d.57E4B9948C3592B37336F36DA6A19242.e.12253"}]}
RESULT: {"script":"<script> [56 bytes]","args":[{"element-6066-11e4-a52e-4f735466cecf":"f.2BFA133D83E8FE08190C073C8C008530.d.57E4B9948C3592B37336F36DA6A19242.e.12253","ELEMENT":"f.2BFA133D83E8FE08190C073C8C008530.d.57E4B9948C3592B37336F36DA6A19242.e.12253"}]}
COMMAND: GET /session/f199610b81d2740d08c28d2a7b12bbb6/screenshot - {}
RESULT: {}
COMMAND: POST /session/f199610b81d2740d08c28d2a7b12bbb6/element - {"using":"css selector","value":"#shell-header-logo"}
RESULT: {"using":"css selector","value":"#shell-header-logo"}
COMMAND: POST /session/f199610b81d2740d08c28d2a7b12bbb6/element/f.2BFA133D83E8FE08190C073C8C008530.d.57E4B9948C3592B37336F36DA6A19242.e.11380/click - {}
RESULT: {}
COMMAND: GET /session/f199610b81d2740d08c28d2a7b12bbb6/screenshot - {}
RESULT: {}
COMMAND: POST /session/f199610b81d2740d08c28d2a7b12bbb6/execute/sync - {"script":"<script> [299 bytes]","args":[["getModel","getResource"]]}
RESULT: {"script":"<script> [299 bytes]","args":[["getModel","getResource"]]}
]]></system-out>
    </testcase>
    <testcase classname="chrome.136_0_7103_93.windows.Provide_to_Site_w/o_warehouse_management_w/_clarification_US116605" name="Should create a new external partner" time="103.703">
      <system-out><![CDATA[
COMMAND: POST /session/f199610b81d2740d08c28d2a7b12bbb6/window/fullscreen - {}
COMMAND: GET /session/f199610b81d2740d08c28d2a7b12bbb6/screenshot - {}
RESULT: {}
COMMAND: POST /session/f199610b81d2740d08c28d2a7b12bbb6/execute/async - {"script":"<script> [1562 bytes]","args":[{"selector":{"controlType":"sap.m.GenericTile","properties":{"header":"Manage Partners"}},"wdio_ui5_key":"sapm.GenericTile{\"header\":\"Manage Partners\"}"}]}
RESULT: {}
RESULT: {"script":"<script> [1562 bytes]","args":[{"selector":{"controlType":"sap.m.GenericTile","properties":{"header":"Manage Partners"}},"wdio_ui5_key":"sapm.GenericTile{\"header\":\"Manage Partners\"}"}]}
RESULT: undefined
COMMAND: POST /session/f199610b81d2740d08c28d2a7b12bbb6/element - {"using":"xpath","value":"//*[@id=\"__tile30\"]"}
RESULT: {"using":"xpath","value":"//*[@id=\"__tile30\"]"}
COMMAND: POST /session/f199610b81d2740d08c28d2a7b12bbb6/element/f.2BFA133D83E8FE08190C073C8C008530.d.57E4B9948C3592B37336F36DA6A19242.e.11394/click - {}
RESULT: {}
COMMAND: GET /session/f199610b81d2740d08c28d2a7b12bbb6/screenshot - {}
RESULT: {}
COMMAND: POST /session/f199610b81d2740d08c28d2a7b12bbb6/elements - {"using":"xpath","value":"//span[text()='Error']"}
RESULT: {"using":"xpath","value":"//span[text()='Error']"}
COMMAND: POST /session/f199610b81d2740d08c28d2a7b12bbb6/element - {"using":"xpath","value":"//button[@data-kt=\"addButton\"]"}
RESULT: {"using":"xpath","value":"//button[@data-kt=\"addButton\"]"}
COMMAND: POST /session/f199610b81d2740d08c28d2a7b12bbb6/elements - {"using":"xpath","value":"//button[@data-kt=\"addButton\"]"}
RESULT: {"using":"xpath","value":"//button[@data-kt=\"addButton\"]"}
COMMAND: POST /session/f199610b81d2740d08c28d2a7b12bbb6/execute/sync - {"script":"<script> [8489 bytes]","args":[{"element-6066-11e4-a52e-4f735466cecf":"f.2BFA133D83E8FE08190C073C8C008530.d.57E4B9948C3592B37336F36DA6A19242.e.12291","ELEMENT":"f.2BFA133D83E8FE08190C073C8C008530.d.57E4B9948C3592B37336F36DA6A19242.e.12291"}]}
RESULT: {"script":"<script> [8489 bytes]","args":[{"element-6066-11e4-a52e-4f735466cecf":"f.2BFA133D83E8FE08190C073C8C008530.d.57E4B9948C3592B37336F36DA6A19242.e.12291","ELEMENT":"f.2BFA133D83E8FE08190C073C8C008530.d.57E4B9948C3592B37336F36DA6A19242.e.12291"}]}
COMMAND: GET /session/f199610b81d2740d08c28d2a7b12bbb6/element/f.2BFA133D83E8FE08190C073C8C008530.d.57E4B9948C3592B37336F36DA6A19242.e.12291/enabled - {}
COMMAND: GET /session/f199610b81d2740d08c28d2a7b12bbb6/screenshot - {}
RESULT: {}
COMMAND: POST /session/f199610b81d2740d08c28d2a7b12bbb6/execute/sync - {"script":"<script> [8489 bytes]","args":[{"element-6066-11e4-a52e-4f735466cecf":"f.2BFA133D83E8FE08190C073C8C008530.d.57E4B9948C3592B37336F36DA6A19242.e.12291","ELEMENT":"f.2BFA133D83E8FE08190C073C8C008530.d.57E4B9948C3592B37336F36DA6A19242.e.12291"}]}
COMMAND: GET /session/f199610b81d2740d08c28d2a7b12bbb6/screenshot - {}
RESULT: {}
RESULT: {"script":"<script> [8489 bytes]","args":[{"element-6066-11e4-a52e-4f735466cecf":"f.2BFA133D83E8FE08190C073C8C008530.d.57E4B9948C3592B37336F36DA6A19242.e.12291","ELEMENT":"f.2BFA133D83E8FE08190C073C8C008530.d.57E4B9948C3592B37336F36DA6A19242.e.12291"}]}
COMMAND: POST /session/f199610b81d2740d08c28d2a7b12bbb6/execute/sync - {"script":"<script> [5351 bytes]","args":[{"element-6066-11e4-a52e-4f735466cecf":"f.2BFA133D83E8FE08190C073C8C008530.d.57E4B9948C3592B37336F36DA6A19242.e.12291","ELEMENT":"f.2BFA133D83E8FE08190C073C8C008530.d.57E4B9948C3592B37336F36DA6A19242.e.12291"}]}
COMMAND: GET /session/f199610b81d2740d08c28d2a7b12bbb6/screenshot - {}
RESULT: {}
RESULT: {"script":"<script> [5351 bytes]","args":[{"element-6066-11e4-a52e-4f735466cecf":"f.2BFA133D83E8FE08190C073C8C008530.d.57E4B9948C3592B37336F36DA6A19242.e.12291","ELEMENT":"f.2BFA133D83E8FE08190C073C8C008530.d.57E4B9948C3592B37336F36DA6A19242.e.12291"}]}
COMMAND: POST /session/f199610b81d2740d08c28d2a7b12bbb6/element/f.2BFA133D83E8FE08190C073C8C008530.d.57E4B9948C3592B37336F36DA6A19242.e.12291/click - {}
COMMAND: GET /session/f199610b81d2740d08c28d2a7b12bbb6/screenshot - {}
RESULT: {}
RESULT: {}
COMMAND: GET /session/f199610b81d2740d08c28d2a7b12bbb6/screenshot - {}
COMMAND: POST /session/f199610b81d2740d08c28d2a7b12bbb6/execute/async - {"script":"<script> [1562 bytes]","args":[{"selector":{"id":"application-managepartners-display-component---NewPartner--addressDetailDetailsName1","interaction":{"idSuffix":"inner"}},"wdio_ui5_key":"applicationmanagepartners-display-component---NewPartner--addressDetailDetailsName1"}]}
RESULT: {}
RESULT: {}
RESULT: {"script":"<script> [1562 bytes]","args":[{"selector":{"id":"application-managepartners-display-component---NewPartner--addressDetailDetailsName1","interaction":{"idSuffix":"inner"}},"wdio_ui5_key":"applicationmanagepartners-display-component---NewPartner--addressDetailDetailsName1"}]}
RESULT: undefined
COMMAND: POST /session/f199610b81d2740d08c28d2a7b12bbb6/execute/async - {"script":"<script> [776 bytes]","args":[{"enterText":"External Partner WDIO","selector":{"id":"application-managepartners-display-component---NewPartner--addressDetailDetailsName1","interaction":{"idSuffix":"inner"}},"clearTextFirst":true,"interactionType":"ENTER_TEXT"}]}
RESULT: {"script":"<script> [776 bytes]","args":[{"enterText":"External Partner WDIO","selector":{"id":"application-managepartners-display-component---NewPartner--addressDetailDetailsName1","interaction":{"idSuffix":"inner"}},"clearTextFirst":true,"interactionType":"ENTER_TEXT"}]}
COMMAND: POST /session/f199610b81d2740d08c28d2a7b12bbb6/execute/async - {"script":"<script> [1562 bytes]","args":[{"selector":{"id":"application-managepartners-display-component---NewPartner--addressDetailDetailsLanguage-arrow"},"wdio_ui5_key":"applicationmanagepartners-display-component---NewPartner--addressDetailDetailsLanguage-arrow"}]}
RESULT: {"script":"<script> [1562 bytes]","args":[{"selector":{"id":"application-managepartners-display-component---NewPartner--addressDetailDetailsLanguage-arrow"},"wdio_ui5_key":"applicationmanagepartners-display-component---NewPartner--addressDetailDetailsLanguage-arrow"}]}
RESULT: undefined
COMMAND: POST /session/f199610b81d2740d08c28d2a7b12bbb6/element - {"using":"xpath","value":"//*[@id=\"application-managepartners-display-component---NewPartner--addressDetailDetailsLanguage-arrow\"]"}
RESULT: {"using":"xpath","value":"//*[@id=\"application-managepartners-display-component---NewPartner--addressDetailDetailsLanguage-arrow\"]"}
COMMAND: POST /session/f199610b81d2740d08c28d2a7b12bbb6/element/f.2BFA133D83E8FE08190C073C8C008530.d.57E4B9948C3592B37336F36DA6A19242.e.12746/click - {}
RESULT: {}
COMMAND: POST /session/f199610b81d2740d08c28d2a7b12bbb6/element - {"using":"xpath","value":"//span[contains(text(), \"English\")]"}
COMMAND: GET /session/f199610b81d2740d08c28d2a7b12bbb6/screenshot - {}
RESULT: {"using":"xpath","value":"//span[contains(text(), \"English\")]"}
COMMAND: POST /session/f199610b81d2740d08c28d2a7b12bbb6/element/f.2BFA133D83E8FE08190C073C8C008530.d.57E4B9948C3592B37336F36DA6A19242.e.12747/click - {}
RESULT: {}
RESULT: {}
COMMAND: GET /session/f199610b81d2740d08c28d2a7b12bbb6/screenshot - {}
RESULT: {}
COMMAND: POST /session/f199610b81d2740d08c28d2a7b12bbb6/execute/async - {"script":"<script> [1562 bytes]","args":[{"selector":{"id":"application-managepartners-display-component---NewPartner--addressDetailDetailsCity1","interaction":{"idSuffix":"inner"}},"wdio_ui5_key":"applicationmanagepartners-display-component---NewPartner--addressDetailDetailsCity1"}]}
RESULT: {"script":"<script> [1562 bytes]","args":[{"selector":{"id":"application-managepartners-display-component---NewPartner--addressDetailDetailsCity1","interaction":{"idSuffix":"inner"}},"wdio_ui5_key":"applicationmanagepartners-display-component---NewPartner--addressDetailDetailsCity1"}]}
RESULT: undefined
COMMAND: POST /session/f199610b81d2740d08c28d2a7b12bbb6/execute/async - {"script":"<script> [776 bytes]","args":[{"enterText":"Rosario","selector":{"id":"application-managepartners-display-component---NewPartner--addressDetailDetailsCity1","interaction":{"idSuffix":"inner"}},"clearTextFirst":true,"interactionType":"ENTER_TEXT"}]}
RESULT: {"script":"<script> [776 bytes]","args":[{"enterText":"Rosario","selector":{"id":"application-managepartners-display-component---NewPartner--addressDetailDetailsCity1","interaction":{"idSuffix":"inner"}},"clearTextFirst":true,"interactionType":"ENTER_TEXT"}]}
COMMAND: POST /session/f199610b81d2740d08c28d2a7b12bbb6/execute/async - {"script":"<script> [1562 bytes]","args":[{"selector":{"id":"application-managepartners-display-component---NewPartner--addressDetailDetailsCountry-arrow"},"wdio_ui5_key":"applicationmanagepartners-display-component---NewPartner--addressDetailDetailsCountry-arrow"}]}
RESULT: {"script":"<script> [1562 bytes]","args":[{"selector":{"id":"application-managepartners-display-component---NewPartner--addressDetailDetailsCountry-arrow"},"wdio_ui5_key":"applicationmanagepartners-display-component---NewPartner--addressDetailDetailsCountry-arrow"}]}
RESULT: undefined
COMMAND: POST /session/f199610b81d2740d08c28d2a7b12bbb6/element - {"using":"xpath","value":"//*[@id=\"application-managepartners-display-component---NewPartner--addressDetailDetailsCountry-arrow\"]"}
RESULT: {"using":"xpath","value":"//*[@id=\"application-managepartners-display-component---NewPartner--addressDetailDetailsCountry-arrow\"]"}
COMMAND: POST /session/f199610b81d2740d08c28d2a7b12bbb6/element/f.2BFA133D83E8FE08190C073C8C008530.d.57E4B9948C3592B37336F36DA6A19242.e.12714/click - {}
RESULT: {}
COMMAND: POST /session/f199610b81d2740d08c28d2a7b12bbb6/element - {"using":"xpath","value":"//span[contains(text(), \"Argentina\")]"}
COMMAND: GET /session/f199610b81d2740d08c28d2a7b12bbb6/screenshot - {}
RESULT: {"using":"xpath","value":"//span[contains(text(), \"Argentina\")]"}
COMMAND: POST /session/f199610b81d2740d08c28d2a7b12bbb6/element/f.2BFA133D83E8FE08190C073C8C008530.d.57E4B9948C3592B37336F36DA6A19242.e.12749/click - {}
RESULT: {}
RESULT: {}
COMMAND: GET /session/f199610b81d2740d08c28d2a7b12bbb6/screenshot - {}
RESULT: {}
COMMAND: POST /session/f199610b81d2740d08c28d2a7b12bbb6/element - {"using":"xpath","value":"//bdi[contains(text(), \"Commercial\")]"}
RESULT: {"using":"xpath","value":"//bdi[contains(text(), \"Commercial\")]"}
COMMAND: POST /session/f199610b81d2740d08c28d2a7b12bbb6/element/f.2BFA133D83E8FE08190C073C8C008530.d.57E4B9948C3592B37336F36DA6A19242.e.12750/click - {}
RESULT: {}
COMMAND: GET /session/f199610b81d2740d08c28d2a7b12bbb6/screenshot - {}
RESULT: {}
COMMAND: POST /session/f199610b81d2740d08c28d2a7b12bbb6/execute/async - {"script":"<script> [1562 bytes]","args":[{"selector":{"id":"application-managepartners-display-component---NewPartner--partnerDetailInternal-arrow"},"wdio_ui5_key":"applicationmanagepartners-display-component---NewPartner--partnerDetailInternal-arrow"}]}
RESULT: {"script":"<script> [1562 bytes]","args":[{"selector":{"id":"application-managepartners-display-component---NewPartner--partnerDetailInternal-arrow"},"wdio_ui5_key":"applicationmanagepartners-display-component---NewPartner--partnerDetailInternal-arrow"}]}
RESULT: undefined
COMMAND: POST /session/f199610b81d2740d08c28d2a7b12bbb6/element - {"using":"xpath","value":"//*[@id=\"application-managepartners-display-component---NewPartner--partnerDetailInternal-arrow\"]"}
RESULT: {"using":"xpath","value":"//*[@id=\"application-managepartners-display-component---NewPartner--partnerDetailInternal-arrow\"]"}
COMMAND: POST /session/f199610b81d2740d08c28d2a7b12bbb6/element/f.2BFA133D83E8FE08190C073C8C008530.d.57E4B9948C3592B37336F36DA6A19242.e.12756/click - {}
RESULT: {}
COMMAND: POST /session/f199610b81d2740d08c28d2a7b12bbb6/element - {"using":"xpath","value":"//span[contains(text(), \"External partner\")]"}
COMMAND: GET /session/f199610b81d2740d08c28d2a7b12bbb6/screenshot - {}
RESULT: {"using":"xpath","value":"//span[contains(text(), \"External partner\")]"}
COMMAND: POST /session/f199610b81d2740d08c28d2a7b12bbb6/element/f.2BFA133D83E8FE08190C073C8C008530.d.57E4B9948C3592B37336F36DA6A19242.e.12757/click - {}
RESULT: {}
RESULT: {}
COMMAND: POST /session/f199610b81d2740d08c28d2a7b12bbb6/execute/async - {"script":"<script> [1562 bytes]","args":[{"selector":{"id":"application-managepartners-display-component---NewPartner--partnerDetailsCurrency-arrow"},"wdio_ui5_key":"applicationmanagepartners-display-component---NewPartner--partnerDetailsCurrency-arrow"}]}
COMMAND: GET /session/f199610b81d2740d08c28d2a7b12bbb6/screenshot - {}
RESULT: {"script":"<script> [1562 bytes]","args":[{"selector":{"id":"application-managepartners-display-component---NewPartner--partnerDetailsCurrency-arrow"},"wdio_ui5_key":"applicationmanagepartners-display-component---NewPartner--partnerDetailsCurrency-arrow"}]}
RESULT: undefined
COMMAND: POST /session/f199610b81d2740d08c28d2a7b12bbb6/element - {"using":"xpath","value":"//*[@id=\"application-managepartners-display-component---NewPartner--partnerDetailsCurrency-arrow\"]"}
RESULT: {}
RESULT: {"using":"xpath","value":"//*[@id=\"application-managepartners-display-component---NewPartner--partnerDetailsCurrency-arrow\"]"}
COMMAND: POST /session/f199610b81d2740d08c28d2a7b12bbb6/element/f.2BFA133D83E8FE08190C073C8C008530.d.57E4B9948C3592B37336F36DA6A19242.e.12762/click - {}
RESULT: {}
COMMAND: POST /session/f199610b81d2740d08c28d2a7b12bbb6/element - {"using":"xpath","value":"//span[contains(text(), \"US Dollar\")]"}
COMMAND: GET /session/f199610b81d2740d08c28d2a7b12bbb6/screenshot - {}
RESULT: {"using":"xpath","value":"//span[contains(text(), \"US Dollar\")]"}
COMMAND: POST /session/f199610b81d2740d08c28d2a7b12bbb6/element/f.2BFA133D83E8FE08190C073C8C008530.d.57E4B9948C3592B37336F36DA6A19242.e.12763/click - {}
RESULT: {}
RESULT: {}
COMMAND: GET /session/f199610b81d2740d08c28d2a7b12bbb6/screenshot - {}
RESULT: {}
COMMAND: POST /session/f199610b81d2740d08c28d2a7b12bbb6/element - {"using":"xpath","value":"//input[@id=\"application-managepartners-display-component---NewPartner--companyCodeComboBox-inner\"]"}
RESULT: {"using":"xpath","value":"//input[@id=\"application-managepartners-display-component---NewPartner--companyCodeComboBox-inner\"]"}
COMMAND: POST /session/f199610b81d2740d08c28d2a7b12bbb6/element/f.2BFA133D83E8FE08190C073C8C008530.d.57E4B9948C3592B37336F36DA6A19242.e.12613/clear - {}
RESULT: {}
COMMAND: POST /session/f199610b81d2740d08c28d2a7b12bbb6/element/f.2BFA133D83E8FE08190C073C8C008530.d.57E4B9948C3592B37336F36DA6A19242.e.12613/value - {"text":"C002"}
COMMAND: GET /session/f199610b81d2740d08c28d2a7b12bbb6/screenshot - {}
RESULT: {"text":"C002"}
COMMAND: GET /session/f199610b81d2740d08c28d2a7b12bbb6/screenshot - {}
RESULT: {}
RESULT: {}
COMMAND: POST /session/f199610b81d2740d08c28d2a7b12bbb6/element - {"using":"xpath","value":"//li[.//span[text()= \"C002\"]]"}
RESULT: {"using":"xpath","value":"//li[.//span[text()= \"C002\"]]"}
COMMAND: POST /session/f199610b81d2740d08c28d2a7b12bbb6/element/f.2BFA133D83E8FE08190C073C8C008530.d.57E4B9948C3592B37336F36DA6A19242.e.12767/click - {}
RESULT: {}
COMMAND: GET /session/f199610b81d2740d08c28d2a7b12bbb6/screenshot - {}
RESULT: {}
COMMAND: POST /session/f199610b81d2740d08c28d2a7b12bbb6/execute/async - {"script":"<script> [1562 bytes]","args":[{"selector":{"id":"application-managepartners-display-component---NewPartner--btnAddTableRow-img"},"wdio_ui5_key":"applicationmanagepartners-display-component---NewPartner--btnAddTableRow-img"}]}
RESULT: {"script":"<script> [1562 bytes]","args":[{"selector":{"id":"application-managepartners-display-component---NewPartner--btnAddTableRow-img"},"wdio_ui5_key":"applicationmanagepartners-display-component---NewPartner--btnAddTableRow-img"}]}
RESULT: undefined
COMMAND: POST /session/f199610b81d2740d08c28d2a7b12bbb6/element - {"using":"xpath","value":"//*[@id=\"application-managepartners-display-component---NewPartner--btnAddTableRow-img\"]"}
RESULT: {"using":"xpath","value":"//*[@id=\"application-managepartners-display-component---NewPartner--btnAddTableRow-img\"]"}
COMMAND: POST /session/f199610b81d2740d08c28d2a7b12bbb6/element/f.2BFA133D83E8FE08190C073C8C008530.d.57E4B9948C3592B37336F36DA6A19242.e.12768/click - {}
RESULT: {}
COMMAND: GET /session/f199610b81d2740d08c28d2a7b12bbb6/screenshot - {}
RESULT: {}
COMMAND: POST /session/f199610b81d2740d08c28d2a7b12bbb6/element - {"using":"xpath","value":"//input[@id=\"application-managepartners-display-component---NewPartner--assignmentYard-application-managepartners-display-component---NewPartner--assignmentsTable-0-inner\"]"}
RESULT: {"using":"xpath","value":"//input[@id=\"application-managepartners-display-component---NewPartner--assignmentYard-application-managepartners-display-component---NewPartner--assignmentsTable-0-inner\"]"}
COMMAND: POST /session/f199610b81d2740d08c28d2a7b12bbb6/element/f.2BFA133D83E8FE08190C073C8C008530.d.57E4B9948C3592B37336F36DA6A19242.e.12771/clear - {}
RESULT: {}
COMMAND: POST /session/f199610b81d2740d08c28d2a7b12bbb6/element/f.2BFA133D83E8FE08190C073C8C008530.d.57E4B9948C3592B37336F36DA6A19242.e.12771/value - {"text":"545"}
COMMAND: GET /session/f199610b81d2740d08c28d2a7b12bbb6/screenshot - {}
RESULT: {"text":"545"}
COMMAND: GET /session/f199610b81d2740d08c28d2a7b12bbb6/screenshot - {}
RESULT: {}
RESULT: {}
COMMAND: POST /session/f199610b81d2740d08c28d2a7b12bbb6/element - {"using":"xpath","value":"//li[.//span[text()='545']]"}
RESULT: {"using":"xpath","value":"//li[.//span[text()='545']]"}
COMMAND: POST /session/f199610b81d2740d08c28d2a7b12bbb6/element/f.2BFA133D83E8FE08190C073C8C008530.d.57E4B9948C3592B37336F36DA6A19242.e.12779/click - {}
RESULT: {}
COMMAND: GET /session/f199610b81d2740d08c28d2a7b12bbb6/screenshot - {}
RESULT: {}
COMMAND: POST /session/f199610b81d2740d08c28d2a7b12bbb6/actions - {"actions":[{"id":"action41","type":"key","parameters":{},"actions":[{"type":"keyDown","value":"î€‡"},{"type":"pause","duration":10},{"type":"keyUp","value":"î€‡"}]}]}
RESULT: {"actions":[{"id":"action41","type":"key","parameters":{},"actions":[{"type":"keyDown","value":"î€‡"},{"type":"pause","duration":10},{"type":"keyUp","value":"î€‡"}]}]}
COMMAND: POST /session/f199610b81d2740d08c28d2a7b12bbb6/element - {"using":"xpath","value":"//td[contains(@id, \"assignmentsTable-0-cell2\")]/div/div"}
COMMAND: GET /session/f199610b81d2740d08c28d2a7b12bbb6/screenshot - {}
RESULT: {"using":"xpath","value":"//td[contains(@id, \"assignmentsTable-0-cell2\")]/div/div"}
COMMAND: POST /session/f199610b81d2740d08c28d2a7b12bbb6/element/f.2BFA133D83E8FE08190C073C8C008530.d.57E4B9948C3592B37336F36DA6A19242.e.12782/click - {}
RESULT: {}
RESULT: {}
COMMAND: GET /session/f199610b81d2740d08c28d2a7b12bbb6/screenshot - {}
RESULT: {}
COMMAND: POST /session/f199610b81d2740d08c28d2a7b12bbb6/element - {"using":"xpath","value":"//button[@data-kt=\"saveButton\"]"}
RESULT: {"using":"xpath","value":"//button[@data-kt=\"saveButton\"]"}
COMMAND: POST /session/f199610b81d2740d08c28d2a7b12bbb6/element/f.2BFA133D83E8FE08190C073C8C008530.d.57E4B9948C3592B37336F36DA6A19242.e.12646/click - {}
RESULT: {}
COMMAND: GET /session/f199610b81d2740d08c28d2a7b12bbb6/screenshot - {}
RESULT: {}
COMMAND: POST /session/f199610b81d2740d08c28d2a7b12bbb6/element - {"using":"xpath","value":"//header[contains(@id, 'ObjectPageLayout-headerTitle')]/div[1]/div[2]/div[2]/span[1]"}
RESULT: {"using":"xpath","value":"//header[contains(@id, 'ObjectPageLayout-headerTitle')]/div[1]/div[2]/div[2]/span[1]"}
COMMAND: POST /session/f199610b81d2740d08c28d2a7b12bbb6/elements - {"using":"xpath","value":"//header[contains(@id, 'ObjectPageLayout-headerTitle')]/div[1]/div[2]/div[2]/span[1]"}
RESULT: {"using":"xpath","value":"//header[contains(@id, 'ObjectPageLayout-headerTitle')]/div[1]/div[2]/div[2]/span[1]"}
COMMAND: POST /session/f199610b81d2740d08c28d2a7b12bbb6/execute/sync - {"script":"<script> [56 bytes]","args":[{"element-6066-11e4-a52e-4f735466cecf":"f.2BFA133D83E8FE08190C073C8C008530.d.57E4B9948C3592B37336F36DA6A19242.e.12946","ELEMENT":"f.2BFA133D83E8FE08190C073C8C008530.d.57E4B9948C3592B37336F36DA6A19242.e.12946"}]}
RESULT: {"script":"<script> [56 bytes]","args":[{"element-6066-11e4-a52e-4f735466cecf":"f.2BFA133D83E8FE08190C073C8C008530.d.57E4B9948C3592B37336F36DA6A19242.e.12946","ELEMENT":"f.2BFA133D83E8FE08190C073C8C008530.d.57E4B9948C3592B37336F36DA6A19242.e.12946"}]}
COMMAND: POST /session/f199610b81d2740d08c28d2a7b12bbb6/element - {"using":"css selector","value":"#shell-header-logo"}
COMMAND: GET /session/f199610b81d2740d08c28d2a7b12bbb6/screenshot - {}
RESULT: {"using":"css selector","value":"#shell-header-logo"}
COMMAND: POST /session/f199610b81d2740d08c28d2a7b12bbb6/element/f.2BFA133D83E8FE08190C073C8C008530.d.57E4B9948C3592B37336F36DA6A19242.e.12257/click - {}
RESULT: {}
RESULT: {}
COMMAND: GET /session/f199610b81d2740d08c28d2a7b12bbb6/screenshot - {}
RESULT: {}
COMMAND: POST /session/f199610b81d2740d08c28d2a7b12bbb6/execute/sync - {"script":"<script> [299 bytes]","args":[["getModel","getResource"]]}
RESULT: {"script":"<script> [299 bytes]","args":[["getModel","getResource"]]}
COMMAND: GET /session/f199610b81d2740d08c28d2a7b12bbb6/screenshot - {}
]]></system-out>
    </testcase>
    <testcase classname="chrome.136_0_7103_93.windows.Provide_to_Site_w/o_warehouse_management_w/_clarification_US116605" name="Should create a new site" time="165.541">
      <system-out><![CDATA[
COMMAND: POST /session/f199610b81d2740d08c28d2a7b12bbb6/execute/async - {"script":"<script> [1562 bytes]","args":[{"selector":{"controlType":"sap.m.GenericTile","properties":{"header":"Manage Sites"}},"wdio_ui5_key":"sapm.GenericTile{\"header\":\"Manage Sites\"}"}]}
RESULT: {}
RESULT: {"script":"<script> [1562 bytes]","args":[{"selector":{"controlType":"sap.m.GenericTile","properties":{"header":"Manage Sites"}},"wdio_ui5_key":"sapm.GenericTile{\"header\":\"Manage Sites\"}"}]}
RESULT: undefined
COMMAND: POST /session/f199610b81d2740d08c28d2a7b12bbb6/element - {"using":"xpath","value":"//*[@id=\"__tile32\"]"}
RESULT: {"using":"xpath","value":"//*[@id=\"__tile32\"]"}
COMMAND: POST /session/f199610b81d2740d08c28d2a7b12bbb6/element/f.2BFA133D83E8FE08190C073C8C008530.d.57E4B9948C3592B37336F36DA6A19242.e.11400/click - {}
RESULT: {}
COMMAND: GET /session/f199610b81d2740d08c28d2a7b12bbb6/screenshot - {}
RESULT: {}
COMMAND: POST /session/f199610b81d2740d08c28d2a7b12bbb6/elements - {"using":"xpath","value":"//span[text()='Error']"}
RESULT: {"using":"xpath","value":"//span[text()='Error']"}
COMMAND: POST /session/f199610b81d2740d08c28d2a7b12bbb6/element - {"using":"xpath","value":"//button[@data-kt=\"addOverflowToolbarButton\"]"}
RESULT: {"using":"xpath","value":"//button[@data-kt=\"addOverflowToolbarButton\"]"}
COMMAND: POST /session/f199610b81d2740d08c28d2a7b12bbb6/elements - {"using":"xpath","value":"//button[@data-kt=\"addOverflowToolbarButton\"]"}
RESULT: {"using":"xpath","value":"//button[@data-kt=\"addOverflowToolbarButton\"]"}
COMMAND: POST /session/f199610b81d2740d08c28d2a7b12bbb6/execute/sync - {"script":"<script> [8489 bytes]","args":[{"element-6066-11e4-a52e-4f735466cecf":"f.2BFA133D83E8FE08190C073C8C008530.d.57E4B9948C3592B37336F36DA6A19242.e.12994","ELEMENT":"f.2BFA133D83E8FE08190C073C8C008530.d.57E4B9948C3592B37336F36DA6A19242.e.12994"}]}
RESULT: {"script":"<script> [8489 bytes]","args":[{"element-6066-11e4-a52e-4f735466cecf":"f.2BFA133D83E8FE08190C073C8C008530.d.57E4B9948C3592B37336F36DA6A19242.e.12994","ELEMENT":"f.2BFA133D83E8FE08190C073C8C008530.d.57E4B9948C3592B37336F36DA6A19242.e.12994"}]}
COMMAND: GET /session/f199610b81d2740d08c28d2a7b12bbb6/element/f.2BFA133D83E8FE08190C073C8C008530.d.57E4B9948C3592B37336F36DA6A19242.e.12994/enabled - {}
COMMAND: GET /session/f199610b81d2740d08c28d2a7b12bbb6/screenshot - {}
RESULT: {}
COMMAND: POST /session/f199610b81d2740d08c28d2a7b12bbb6/execute/sync - {"script":"<script> [8489 bytes]","args":[{"element-6066-11e4-a52e-4f735466cecf":"f.2BFA133D83E8FE08190C073C8C008530.d.57E4B9948C3592B37336F36DA6A19242.e.12994","ELEMENT":"f.2BFA133D83E8FE08190C073C8C008530.d.57E4B9948C3592B37336F36DA6A19242.e.12994"}]}
COMMAND: GET /session/f199610b81d2740d08c28d2a7b12bbb6/screenshot - {}
RESULT: {}
RESULT: {"script":"<script> [8489 bytes]","args":[{"element-6066-11e4-a52e-4f735466cecf":"f.2BFA133D83E8FE08190C073C8C008530.d.57E4B9948C3592B37336F36DA6A19242.e.12994","ELEMENT":"f.2BFA133D83E8FE08190C073C8C008530.d.57E4B9948C3592B37336F36DA6A19242.e.12994"}]}
COMMAND: POST /session/f199610b81d2740d08c28d2a7b12bbb6/execute/sync - {"script":"<script> [5351 bytes]","args":[{"element-6066-11e4-a52e-4f735466cecf":"f.2BFA133D83E8FE08190C073C8C008530.d.57E4B9948C3592B37336F36DA6A19242.e.12994","ELEMENT":"f.2BFA133D83E8FE08190C073C8C008530.d.57E4B9948C3592B37336F36DA6A19242.e.12994"}]}
COMMAND: GET /session/f199610b81d2740d08c28d2a7b12bbb6/screenshot - {}
RESULT: {}
RESULT: {"script":"<script> [5351 bytes]","args":[{"element-6066-11e4-a52e-4f735466cecf":"f.2BFA133D83E8FE08190C073C8C008530.d.57E4B9948C3592B37336F36DA6A19242.e.12994","ELEMENT":"f.2BFA133D83E8FE08190C073C8C008530.d.57E4B9948C3592B37336F36DA6A19242.e.12994"}]}
COMMAND: POST /session/f199610b81d2740d08c28d2a7b12bbb6/element/f.2BFA133D83E8FE08190C073C8C008530.d.57E4B9948C3592B37336F36DA6A19242.e.12994/click - {}
COMMAND: GET /session/f199610b81d2740d08c28d2a7b12bbb6/screenshot - {}
RESULT: {}
RESULT: {}
COMMAND: GET /session/f199610b81d2740d08c28d2a7b12bbb6/screenshot - {}
COMMAND: POST /session/f199610b81d2740d08c28d2a7b12bbb6/element - {"using":"xpath","value":"//input[@id=\"application-managesites-display-component---NewSite--siteId-inner\"]"}
RESULT: {}
RESULT: {}
RESULT: {"using":"xpath","value":"//input[@id=\"application-managesites-display-component---NewSite--siteId-inner\"]"}
COMMAND: POST /session/f199610b81d2740d08c28d2a7b12bbb6/element - {"using":"xpath","value":"//input[@id=\"application-managesites-display-component---NewSite--siteId-inner\"]"}
RESULT: {"using":"xpath","value":"//input[@id=\"application-managesites-display-component---NewSite--siteId-inner\"]"}
COMMAND: POST /session/f199610b81d2740d08c28d2a7b12bbb6/execute/async - {"script":"<script> [1562 bytes]","args":[{"selector":{"id":"application-managesites-display-component---NewSite--addressDetailDetailsName1","interaction":{"idSuffix":"inner"}},"wdio_ui5_key":"applicationmanagesites-display-component---NewSite--addressDetailDetailsName1"}]}
RESULT: {"script":"<script> [1562 bytes]","args":[{"selector":{"id":"application-managesites-display-component---NewSite--addressDetailDetailsName1","interaction":{"idSuffix":"inner"}},"wdio_ui5_key":"applicationmanagesites-display-component---NewSite--addressDetailDetailsName1"}]}
RESULT: undefined
COMMAND: POST /session/f199610b81d2740d08c28d2a7b12bbb6/execute/async - {"script":"<script> [776 bytes]","args":[{"enterText":"Other Type Site WDIO","selector":{"id":"application-managesites-display-component---NewSite--addressDetailDetailsName1","interaction":{"idSuffix":"inner"}},"clearTextFirst":true,"interactionType":"ENTER_TEXT"}]}
RESULT: {"script":"<script> [776 bytes]","args":[{"enterText":"Other Type Site WDIO","selector":{"id":"application-managesites-display-component---NewSite--addressDetailDetailsName1","interaction":{"idSuffix":"inner"}},"clearTextFirst":true,"interactionType":"ENTER_TEXT"}]}
COMMAND: POST /session/f199610b81d2740d08c28d2a7b12bbb6/execute/async - {"script":"<script> [1562 bytes]","args":[{"selector":{"id":"application-managesites-display-component---NewSite--addressDetailDetailsLanguage-arrow"},"wdio_ui5_key":"applicationmanagesites-display-component---NewSite--addressDetailDetailsLanguage-arrow"}]}
RESULT: {"script":"<script> [1562 bytes]","args":[{"selector":{"id":"application-managesites-display-component---NewSite--addressDetailDetailsLanguage-arrow"},"wdio_ui5_key":"applicationmanagesites-display-component---NewSite--addressDetailDetailsLanguage-arrow"}]}
RESULT: undefined
COMMAND: POST /session/f199610b81d2740d08c28d2a7b12bbb6/element - {"using":"xpath","value":"//*[@id=\"application-managesites-display-component---NewSite--addressDetailDetailsLanguage-arrow\"]"}
RESULT: {"using":"xpath","value":"//*[@id=\"application-managesites-display-component---NewSite--addressDetailDetailsLanguage-arrow\"]"}
COMMAND: POST /session/f199610b81d2740d08c28d2a7b12bbb6/element/f.2BFA133D83E8FE08190C073C8C008530.d.57E4B9948C3592B37336F36DA6A19242.e.13395/click - {}
RESULT: {}
COMMAND: POST /session/f199610b81d2740d08c28d2a7b12bbb6/element - {"using":"xpath","value":"//span[contains(text(), \"English\")]"}
COMMAND: GET /session/f199610b81d2740d08c28d2a7b12bbb6/screenshot - {}
RESULT: {"using":"xpath","value":"//span[contains(text(), \"English\")]"}
COMMAND: POST /session/f199610b81d2740d08c28d2a7b12bbb6/element/f.2BFA133D83E8FE08190C073C8C008530.d.57E4B9948C3592B37336F36DA6A19242.e.13396/click - {}
RESULT: {}
RESULT: {}
COMMAND: POST /session/f199610b81d2740d08c28d2a7b12bbb6/execute/async - {"script":"<script> [1562 bytes]","args":[{"selector":{"id":"application-managesites-display-component---NewSite--addressDetailDetailsCity1","interaction":{"idSuffix":"inner"}},"wdio_ui5_key":"applicationmanagesites-display-component---NewSite--addressDetailDetailsCity1"}]}
COMMAND: GET /session/f199610b81d2740d08c28d2a7b12bbb6/screenshot - {}
RESULT: {"script":"<script> [1562 bytes]","args":[{"selector":{"id":"application-managesites-display-component---NewSite--addressDetailDetailsCity1","interaction":{"idSuffix":"inner"}},"wdio_ui5_key":"applicationmanagesites-display-component---NewSite--addressDetailDetailsCity1"}]}
RESULT: undefined
COMMAND: POST /session/f199610b81d2740d08c28d2a7b12bbb6/execute/async - {"script":"<script> [776 bytes]","args":[{"enterText":"Rosario","selector":{"id":"application-managesites-display-component---NewSite--addressDetailDetailsCity1","interaction":{"idSuffix":"inner"}},"clearTextFirst":true,"interactionType":"ENTER_TEXT"}]}
RESULT: {}
RESULT: {"script":"<script> [776 bytes]","args":[{"enterText":"Rosario","selector":{"id":"application-managesites-display-component---NewSite--addressDetailDetailsCity1","interaction":{"idSuffix":"inner"}},"clearTextFirst":true,"interactionType":"ENTER_TEXT"}]}
COMMAND: POST /session/f199610b81d2740d08c28d2a7b12bbb6/execute/async - {"script":"<script> [1562 bytes]","args":[{"selector":{"id":"application-managesites-display-component---NewSite--addressDetailDetailsCountry-arrow"},"wdio_ui5_key":"applicationmanagesites-display-component---NewSite--addressDetailDetailsCountry-arrow"}]}
RESULT: {"script":"<script> [1562 bytes]","args":[{"selector":{"id":"application-managesites-display-component---NewSite--addressDetailDetailsCountry-arrow"},"wdio_ui5_key":"applicationmanagesites-display-component---NewSite--addressDetailDetailsCountry-arrow"}]}
RESULT: undefined
COMMAND: POST /session/f199610b81d2740d08c28d2a7b12bbb6/element - {"using":"xpath","value":"//*[@id=\"application-managesites-display-component---NewSite--addressDetailDetailsCountry-arrow\"]"}
RESULT: {"using":"xpath","value":"//*[@id=\"application-managesites-display-component---NewSite--addressDetailDetailsCountry-arrow\"]"}
COMMAND: POST /session/f199610b81d2740d08c28d2a7b12bbb6/element/f.2BFA133D83E8FE08190C073C8C008530.d.57E4B9948C3592B37336F36DA6A19242.e.13398/click - {}
RESULT: {}
COMMAND: POST /session/f199610b81d2740d08c28d2a7b12bbb6/element - {"using":"xpath","value":"//span[contains(text(), \"Argentina\")]"}
COMMAND: GET /session/f199610b81d2740d08c28d2a7b12bbb6/screenshot - {}
RESULT: {"using":"xpath","value":"//span[contains(text(), \"Argentina\")]"}
COMMAND: POST /session/f199610b81d2740d08c28d2a7b12bbb6/element/f.2BFA133D83E8FE08190C073C8C008530.d.57E4B9948C3592B37336F36DA6A19242.e.13399/click - {}
RESULT: {}
RESULT: {}
COMMAND: GET /session/f199610b81d2740d08c28d2a7b12bbb6/screenshot - {}
RESULT: {}
COMMAND: POST /session/f199610b81d2740d08c28d2a7b12bbb6/execute/async - {"script":"<script> [1562 bytes]","args":[{"selector":{"id":"application-managesites-display-component---NewSite--addressEditDetailsCostObjectCstType-arrow"},"wdio_ui5_key":"applicationmanagesites-display-component---NewSite--addressEditDetailsCostObjectCstType-arrow"}]}
RESULT: {"script":"<script> [1562 bytes]","args":[{"selector":{"id":"application-managesites-display-component---NewSite--addressEditDetailsCostObjectCstType-arrow"},"wdio_ui5_key":"applicationmanagesites-display-component---NewSite--addressEditDetailsCostObjectCstType-arrow"}]}
RESULT: undefined
COMMAND: POST /session/f199610b81d2740d08c28d2a7b12bbb6/element - {"using":"xpath","value":"//*[@id=\"application-managesites-display-component---NewSite--addressEditDetailsCostObjectCstType-arrow\"]"}
RESULT: {"using":"xpath","value":"//*[@id=\"application-managesites-display-component---NewSite--addressEditDetailsCostObjectCstType-arrow\"]"}
COMMAND: POST /session/f199610b81d2740d08c28d2a7b12bbb6/element/f.2BFA133D83E8FE08190C073C8C008530.d.57E4B9948C3592B37336F36DA6A19242.e.13401/click - {}
RESULT: {}
COMMAND: POST /session/f199610b81d2740d08c28d2a7b12bbb6/element - {"using":"xpath","value":"//span[contains(text(), \"Cost Center\")]"}
COMMAND: GET /session/f199610b81d2740d08c28d2a7b12bbb6/screenshot - {}
RESULT: {"using":"xpath","value":"//span[contains(text(), \"Cost Center\")]"}
COMMAND: POST /session/f199610b81d2740d08c28d2a7b12bbb6/element/f.2BFA133D83E8FE08190C073C8C008530.d.57E4B9948C3592B37336F36DA6A19242.e.13403/click - {}
RESULT: {}
RESULT: {}
COMMAND: GET /session/f199610b81d2740d08c28d2a7b12bbb6/screenshot - {}
RESULT: {}
COMMAND: POST /session/f199610b81d2740d08c28d2a7b12bbb6/element - {"using":"xpath","value":"//span[@id=\"application-managesites-display-component---NewSite--addressNewCostObjectCstID-vhi\"]"}
RESULT: {"using":"xpath","value":"//span[@id=\"application-managesites-display-component---NewSite--addressNewCostObjectCstID-vhi\"]"}
COMMAND: POST /session/f199610b81d2740d08c28d2a7b12bbb6/execute/sync - {"script":"<script> [8489 bytes]","args":[{"element-6066-11e4-a52e-4f735466cecf":"f.2BFA133D83E8FE08190C073C8C008530.d.57E4B9948C3592B37336F36DA6A19242.e.13407","ELEMENT":"f.2BFA133D83E8FE08190C073C8C008530.d.57E4B9948C3592B37336F36DA6A19242.e.13407"}]}
RESULT: {"script":"<script> [8489 bytes]","args":[{"element-6066-11e4-a52e-4f735466cecf":"f.2BFA133D83E8FE08190C073C8C008530.d.57E4B9948C3592B37336F36DA6A19242.e.13407","ELEMENT":"f.2BFA133D83E8FE08190C073C8C008530.d.57E4B9948C3592B37336F36DA6A19242.e.13407"}]}
COMMAND: POST /session/f199610b81d2740d08c28d2a7b12bbb6/execute/async - {"script":"<script> [1562 bytes]","args":[{"selector":{"id":"application-managesites-display-component---NewSite--addressNewCostObjectCstID-vhi"},"wdio_ui5_key":"applicationmanagesites-display-component---NewSite--addressNewCostObjectCstID-vhi"}]}
COMMAND: GET /session/f199610b81d2740d08c28d2a7b12bbb6/screenshot - {}
RESULT: {"script":"<script> [1562 bytes]","args":[{"selector":{"id":"application-managesites-display-component---NewSite--addressNewCostObjectCstID-vhi"},"wdio_ui5_key":"applicationmanagesites-display-component---NewSite--addressNewCostObjectCstID-vhi"}]}
RESULT: undefined
COMMAND: POST /session/f199610b81d2740d08c28d2a7b12bbb6/element - {"using":"xpath","value":"//*[@id=\"application-managesites-display-component---NewSite--addressNewCostObjectCstID-vhi\"]"}
RESULT: {}
RESULT: {"using":"xpath","value":"//*[@id=\"application-managesites-display-component---NewSite--addressNewCostObjectCstID-vhi\"]"}
COMMAND: POST /session/f199610b81d2740d08c28d2a7b12bbb6/element/f.2BFA133D83E8FE08190C073C8C008530.d.57E4B9948C3592B37336F36DA6A19242.e.13407/click - {}
RESULT: {}
COMMAND: GET /session/f199610b81d2740d08c28d2a7b12bbb6/screenshot - {}
RESULT: {}
RESULT: undefined
COMMAND: POST /session/f199610b81d2740d08c28d2a7b12bbb6/execute/async - {"script":"<script> [776 bytes]","args":[{"enterText":"10001013","selector":{"controlType":"sap.m.SearchField","properties":{"placeholder":"Search"},"searchOpenDialogs":true,"interaction":{"idSuffix":"I"}},"clearTextFirst":true,"interactionType":"ENTER_TEXT"}]}
RESULT: {"script":"<script> [776 bytes]","args":[{"enterText":"10001013","selector":{"controlType":"sap.m.SearchField","properties":{"placeholder":"Search"},"searchOpenDialogs":true,"interaction":{"idSuffix":"I"}},"clearTextFirst":true,"interactionType":"ENTER_TEXT"}]}
COMMAND: POST /session/f199610b81d2740d08c28d2a7b12bbb6/actions - {"actions":[{"id":"action42","type":"key","parameters":{},"actions":[{"type":"keyDown","value":"î€‡"},{"type":"pause","duration":10},{"type":"keyUp","value":"î€‡"}]}]}
RESULT: {"actions":[{"id":"action42","type":"key","parameters":{},"actions":[{"type":"keyDown","value":"î€‡"},{"type":"pause","duration":10},{"type":"keyUp","value":"î€‡"}]}]}
COMMAND: GET /session/f199610b81d2740d08c28d2a7b12bbb6/screenshot - {}
RESULT: {}
COMMAND: POST /session/f199610b81d2740d08c28d2a7b12bbb6/element - {"using":"xpath","value":"//span[contains(text(), \"General Management\")]"}
RESULT: {"using":"xpath","value":"//span[contains(text(), \"General Management\")]"}
COMMAND: POST /session/f199610b81d2740d08c28d2a7b12bbb6/element/f.2BFA133D83E8FE08190C073C8C008530.d.57E4B9948C3592B37336F36DA6A19242.e.13447/click - {}
RESULT: {}
COMMAND: GET /session/f199610b81d2740d08c28d2a7b12bbb6/screenshot - {}
RESULT: {}
COMMAND: POST /session/f199610b81d2740d08c28d2a7b12bbb6/element - {"using":"xpath","value":"//bdi[contains(text(), \"OK\")]"}
RESULT: {"using":"xpath","value":"//bdi[contains(text(), \"OK\")]"}
COMMAND: POST /session/f199610b81d2740d08c28d2a7b12bbb6/element/f.2BFA133D83E8FE08190C073C8C008530.d.57E4B9948C3592B37336F36DA6A19242.e.13448/click - {}
RESULT: {}
COMMAND: GET /session/f199610b81d2740d08c28d2a7b12bbb6/screenshot - {}
RESULT: {}
COMMAND: POST /session/f199610b81d2740d08c28d2a7b12bbb6/element - {"using":"xpath","value":"//input[@id=\"application-managesites-display-component---NewSite--addressDetailDetailsCalendar-inner\"]"}
RESULT: {"using":"xpath","value":"//input[@id=\"application-managesites-display-component---NewSite--addressDetailDetailsCalendar-inner\"]"}
COMMAND: POST /session/f199610b81d2740d08c28d2a7b12bbb6/element/f.2BFA133D83E8FE08190C073C8C008530.d.57E4B9948C3592B37336F36DA6A19242.e.13200/clear - {}
RESULT: {}
COMMAND: POST /session/f199610b81d2740d08c28d2a7b12bbb6/element/f.2BFA133D83E8FE08190C073C8C008530.d.57E4B9948C3592B37336F36DA6A19242.e.13200/value - {"text":"Unit"}
COMMAND: GET /session/f199610b81d2740d08c28d2a7b12bbb6/screenshot - {}
RESULT: {"text":"Unit"}
COMMAND: GET /session/f199610b81d2740d08c28d2a7b12bbb6/screenshot - {}
RESULT: {}
RESULT: {}
COMMAND: POST /session/f199610b81d2740d08c28d2a7b12bbb6/actions - {"actions":[{"id":"action43","type":"key","parameters":{},"actions":[{"type":"keyDown","value":"î€‡"},{"type":"pause","duration":10},{"type":"keyUp","value":"î€‡"}]}]}
RESULT: {"actions":[{"id":"action43","type":"key","parameters":{},"actions":[{"type":"keyDown","value":"î€‡"},{"type":"pause","duration":10},{"type":"keyUp","value":"î€‡"}]}]}
COMMAND: POST /session/f199610b81d2740d08c28d2a7b12bbb6/element - {"using":"xpath","value":"//input[@id=\"application-managesites-display-component---NewSite--addressDetailDetailsYard-inner\"]"}
COMMAND: GET /session/f199610b81d2740d08c28d2a7b12bbb6/screenshot - {}
RESULT: {"using":"xpath","value":"//input[@id=\"application-managesites-display-component---NewSite--addressDetailDetailsYard-inner\"]"}
COMMAND: POST /session/f199610b81d2740d08c28d2a7b12bbb6/element/f.2BFA133D83E8FE08190C073C8C008530.d.57E4B9948C3592B37336F36DA6A19242.e.13201/clear - {}
RESULT: {}
RESULT: {}
COMMAND: POST /session/f199610b81d2740d08c28d2a7b12bbb6/element/f.2BFA133D83E8FE08190C073C8C008530.d.57E4B9948C3592B37336F36DA6A19242.e.13201/value - {"text":"545"}
COMMAND: GET /session/f199610b81d2740d08c28d2a7b12bbb6/screenshot - {}
RESULT: {"text":"545"}
COMMAND: GET /session/f199610b81d2740d08c28d2a7b12bbb6/screenshot - {}
RESULT: {}
RESULT: {}
COMMAND: POST /session/f199610b81d2740d08c28d2a7b12bbb6/element - {"using":"xpath","value":"//li[.//span[text()='545']]"}
RESULT: {"using":"xpath","value":"//li[.//span[text()='545']]"}
COMMAND: POST /session/f199610b81d2740d08c28d2a7b12bbb6/element/f.2BFA133D83E8FE08190C073C8C008530.d.57E4B9948C3592B37336F36DA6A19242.e.13456/click - {}
RESULT: {}
COMMAND: GET /session/f199610b81d2740d08c28d2a7b12bbb6/screenshot - {}
RESULT: {}
COMMAND: POST /session/f199610b81d2740d08c28d2a7b12bbb6/element - {"using":"xpath","value":"//input[@id=\"application-managesites-display-component---NewSite--addressDetailDetailsPartner-inner\"]"}
RESULT: {"using":"xpath","value":"//input[@id=\"application-managesites-display-component---NewSite--addressDetailDetailsPartner-inner\"]"}
COMMAND: POST /session/f199610b81d2740d08c28d2a7b12bbb6/element - {"using":"xpath","value":"//input[@id=\"application-managesites-display-component---NewSite--addressDetailDetailsPartner-inner\"]"}
RESULT: {"using":"xpath","value":"//input[@id=\"application-managesites-display-component---NewSite--addressDetailDetailsPartner-inner\"]"}
COMMAND: POST /session/f199610b81d2740d08c28d2a7b12bbb6/element - {"using":"xpath","value":"//button[@data-kt=\"saveButton\"]"}
RESULT: {"using":"xpath","value":"//button[@data-kt=\"saveButton\"]"}
COMMAND: POST /session/f199610b81d2740d08c28d2a7b12bbb6/element/f.2BFA133D83E8FE08190C073C8C008530.d.57E4B9948C3592B37336F36DA6A19242.e.13337/click - {}
RESULT: {}
COMMAND: GET /session/f199610b81d2740d08c28d2a7b12bbb6/screenshot - {}
RESULT: {}
COMMAND: POST /session/f199610b81d2740d08c28d2a7b12bbb6/element - {"using":"xpath","value":"//header[contains(@id, 'ObjectPageLayout-headerTitle')]/div[1]/div[2]/div[2]/span[1]"}
RESULT: {"using":"xpath","value":"//header[contains(@id, 'ObjectPageLayout-headerTitle')]/div[1]/div[2]/div[2]/span[1]"}
COMMAND: POST /session/f199610b81d2740d08c28d2a7b12bbb6/elements - {"using":"xpath","value":"//header[contains(@id, 'ObjectPageLayout-headerTitle')]/div[1]/div[2]/div[2]/span[1]"}
RESULT: {"using":"xpath","value":"//header[contains(@id, 'ObjectPageLayout-headerTitle')]/div[1]/div[2]/div[2]/span[1]"}
COMMAND: POST /session/f199610b81d2740d08c28d2a7b12bbb6/execute/sync - {"script":"<script> [56 bytes]","args":[{"element-6066-11e4-a52e-4f735466cecf":"f.2BFA133D83E8FE08190C073C8C008530.d.57E4B9948C3592B37336F36DA6A19242.e.13661","ELEMENT":"f.2BFA133D83E8FE08190C073C8C008530.d.57E4B9948C3592B37336F36DA6A19242.e.13661"}]}
RESULT: {"script":"<script> [56 bytes]","args":[{"element-6066-11e4-a52e-4f735466cecf":"f.2BFA133D83E8FE08190C073C8C008530.d.57E4B9948C3592B37336F36DA6A19242.e.13661","ELEMENT":"f.2BFA133D83E8FE08190C073C8C008530.d.57E4B9948C3592B37336F36DA6A19242.e.13661"}]}
COMMAND: POST /session/f199610b81d2740d08c28d2a7b12bbb6/element - {"using":"css selector","value":"#shell-header-logo"}
COMMAND: GET /session/f199610b81d2740d08c28d2a7b12bbb6/screenshot - {}
RESULT: {"using":"css selector","value":"#shell-header-logo"}
COMMAND: POST /session/f199610b81d2740d08c28d2a7b12bbb6/element/f.2BFA133D83E8FE08190C073C8C008530.d.57E4B9948C3592B37336F36DA6A19242.e.12952/click - {}
RESULT: {}
RESULT: {}
COMMAND: GET /session/f199610b81d2740d08c28d2a7b12bbb6/screenshot - {}
RESULT: {}
COMMAND: POST /session/f199610b81d2740d08c28d2a7b12bbb6/execute/sync - {"script":"<script> [299 bytes]","args":[["getModel","getResource"]]}
RESULT: {"script":"<script> [299 bytes]","args":[["getModel","getResource"]]}
COMMAND: POST /session/f199610b81d2740d08c28d2a7b12bbb6/actions - {"actions":[{"id":"action44","type":"key","parameters":{},"actions":[{"type":"keyDown","value":"î€‡"},{"type":"pause","duration":10},{"type":"keyUp","value":"î€‡"}]}]}
COMMAND: GET /session/f199610b81d2740d08c28d2a7b12bbb6/screenshot - {}
RESULT: {"actions":[{"id":"action44","type":"key","parameters":{},"actions":[{"type":"keyDown","value":"î€‡"},{"type":"pause","duration":10},{"type":"keyUp","value":"î€‡"}]}]}
COMMAND: GET /session/f199610b81d2740d08c28d2a7b12bbb6/screenshot - {}
RESULT: {}
RESULT: {}
COMMAND: POST /session/f199610b81d2740d08c28d2a7b12bbb6/refresh - {}
RESULT: {}
COMMAND: GET /session/f199610b81d2740d08c28d2a7b12bbb6/screenshot - {}
RESULT: {}
COMMAND: POST /session/f199610b81d2740d08c28d2a7b12bbb6/refresh - {}
RESULT: {}
COMMAND: GET /session/f199610b81d2740d08c28d2a7b12bbb6/screenshot - {}
RESULT: {}
COMMAND: POST /session/f199610b81d2740d08c28d2a7b12bbb6/window/fullscreen - {}
RESULT: {}
COMMAND: POST /session/f199610b81d2740d08c28d2a7b12bbb6/execute/async - {"script":"<script> [189 bytes]","args":[]}
RESULT: {"script":"<script> [189 bytes]","args":[]}
COMMAND: POST /session/f199610b81d2740d08c28d2a7b12bbb6/execute/async - {"script":"<script> [123 bytes]","args":[]}
RESULT: {"script":"<script> [123 bytes]","args":[]}
COMMAND: POST /session/f199610b81d2740d08c28d2a7b12bbb6/timeouts - {"script":"<number>"}
RESULT: {"script":"<number>"}
COMMAND: GET /session/f199610b81d2740d08c28d2a7b12bbb6/timeouts - {}
RESULT: {}
RESULT: undefined
COMMAND: POST /session/f199610b81d2740d08c28d2a7b12bbb6/execute/async - {"script":"<script> [2676 bytes]","args":[]}
RESULT: {"script":"<script> [2676 bytes]","args":[]}
COMMAND: POST /session/f199610b81d2740d08c28d2a7b12bbb6/execute/async - {"script":"<script> [2342 bytes]","args":[{"protocol":"http","hostname":"0.0.0.0","path":"/","capabilities":{"browserName":"chrome","goog:chromeOptions":{"binary":"C:\\Program Files\\Google\\Chrome\\Application\\chrome.exe","args":["--start-maximized"]}},"logLevel":"warn","connectionRetryTimeout":120000,"connectionRetryCount":3,"logLevels":{},"enableDirectConnect":true,"strictSSL":true,"_":"65 more keys: [\"cacheDir\",\"port\",\"requestedCapabilities\",\"automationProtocol\",\"baseUrl\",\"waitforInterval\",\"waitforTimeout\",\"onReload\",\"beforeCommand\",\"afterCommand\",\"rootDir\",\"specs\",\"suites\",\"exclude\",\"groupLogsByTestSpec\",\"excludeDriverLogs\",\"bail\",\"framework\",\"reporters\",\"services\",\"maxInstances\",\"maxInstancesPerCapability\",\"injectGlobals\",\"filesToWatch\",\"execArgv\",\"runnerEnv\",\"runner\",\"shard\",\"specFileRetries\",\"specFileRetriesDelay\",\"specFileRetriesDeferred\",\"reporterSyncInterval\",\"reporterSyncTimeout\",\"cucumberFeaturesWithLineNumbers\",\"autoCompileOpts\",\"mochaOpts\",\"jasmineOpts\",\"cucumberOpts\",\"onPrepare\",\"onWorkerStart\",\"onWorkerEnd\",\"before\",\"beforeSession\",\"beforeSuite\",\"beforeHook\",\"beforeTest\",\"afterTest\",\"afterHook\",\"afterSuite\",\"afterSession\",\"after\",\"onComplete\",\"beforeAssertion\",\"afterAssertion\",\"beforeFeature\",\"beforeScenario\",\"beforeStep\",\"afterStep\",\"afterScenario\",\"afterFeature\",\"_\",\"suite\",\"$0\",\"ignoredWorkerServices\",\"wdi5\"]"}]}
RESULT: {"script":"<script> [2342 bytes]","args":[{"protocol":"http","hostname":"0.0.0.0","path":"/","capabilities":{"browserName":"chrome","goog:chromeOptions":{"binary":"C:\\Program Files\\Google\\Chrome\\Application\\chrome.exe","args":["--start-maximized"]}},"logLevel":"warn","connectionRetryTimeout":120000,"connectionRetryCount":3,"logLevels":{},"enableDirectConnect":true,"strictSSL":true,"_":"65 more keys: [\"cacheDir\",\"port\",\"requestedCapabilities\",\"automationProtocol\",\"baseUrl\",\"waitforInterval\",\"waitforTimeout\",\"onReload\",\"beforeCommand\",\"afterCommand\",\"rootDir\",\"specs\",\"suites\",\"exclude\",\"groupLogsByTestSpec\",\"excludeDriverLogs\",\"bail\",\"framework\",\"reporters\",\"services\",\"maxInstances\",\"maxInstancesPerCapability\",\"injectGlobals\",\"filesToWatch\",\"execArgv\",\"runnerEnv\",\"runner\",\"shard\",\"specFileRetries\",\"specFileRetriesDelay\",\"specFileRetriesDeferred\",\"reporterSyncInterval\",\"reporterSyncTimeout\",\"cucumberFeaturesWithLineNumbers\",\"autoCompileOpts\",\"mochaOpts\",\"jasmineOpts\",\"cucumberOpts\",\"onPrepare\",\"onWorkerStart\",\"onWorkerEnd\",\"before\",\"beforeSession\",\"beforeSuite\",\"beforeHook\",\"beforeTest\",\"afterTest\",\"afterHook\",\"afterSuite\",\"afterSession\",\"after\",\"onComplete\",\"beforeAssertion\",\"afterAssertion\",\"beforeFeature\",\"beforeScenario\",\"beforeStep\",\"afterStep\",\"afterScenario\",\"afterFeature\",\"_\",\"suite\",\"$0\",\"ignoredWorkerServices\",\"wdi5\"]"}]}
COMMAND: POST /session/f199610b81d2740d08c28d2a7b12bbb6/execute/async - {"script":"<script> [21126 bytes]","args":[35000]}
RESULT: {"script":"<script> [21126 bytes]","args":[35000]}
COMMAND: POST /session/f199610b81d2740d08c28d2a7b12bbb6/window/fullscreen - {}
RESULT: {}
]]></system-out>
    </testcase>
    <testcase classname="chrome.136_0_7103_93.windows.Provide_to_Site_w/o_warehouse_management_w/_clarification_US116605" name="Should create a new material" time="131.983">
      <system-out><![CDATA[
COMMAND: POST /session/f199610b81d2740d08c28d2a7b12bbb6/execute/async - {"script":"<script> [1562 bytes]","args":[{"selector":{"controlType":"sap.m.GenericTile","properties":{"header":"Manage Resources"}},"wdio_ui5_key":"sapm.GenericTile{\"header\":\"Manage Resources\"}"}]}
RESULT: {"script":"<script> [1562 bytes]","args":[{"selector":{"controlType":"sap.m.GenericTile","properties":{"header":"Manage Resources"}},"wdio_ui5_key":"sapm.GenericTile{\"header\":\"Manage Resources\"}"}]}
RESULT: undefined
COMMAND: POST /session/f199610b81d2740d08c28d2a7b12bbb6/element - {"using":"xpath","value":"//*[@id=\"__tile31\"]"}
RESULT: {"using":"xpath","value":"//*[@id=\"__tile31\"]"}
COMMAND: POST /session/f199610b81d2740d08c28d2a7b12bbb6/element/f.2BFA133D83E8FE08190C073C8C008530.d.942392A005FE95D00091554B750EFC56.e.13733/click - {}
RESULT: {}
COMMAND: GET /session/f199610b81d2740d08c28d2a7b12bbb6/screenshot - {}
RESULT: {}
COMMAND: POST /session/f199610b81d2740d08c28d2a7b12bbb6/elements - {"using":"xpath","value":"//span[text()='Error']"}
RESULT: {"using":"xpath","value":"//span[text()='Error']"}
COMMAND: POST /session/f199610b81d2740d08c28d2a7b12bbb6/element - {"using":"xpath","value":"//button[@data-kt=\"addNewRUOverflowToolbarButton\"]"}
RESULT: {"using":"xpath","value":"//button[@data-kt=\"addNewRUOverflowToolbarButton\"]"}
COMMAND: POST /session/f199610b81d2740d08c28d2a7b12bbb6/elements - {"using":"xpath","value":"//button[@data-kt=\"addNewRUOverflowToolbarButton\"]"}
RESULT: {"using":"xpath","value":"//button[@data-kt=\"addNewRUOverflowToolbarButton\"]"}
COMMAND: POST /session/f199610b81d2740d08c28d2a7b12bbb6/elements - {"using":"xpath","value":"//button[@data-kt=\"addNewRUOverflowToolbarButton\"]"}
RESULT: {"using":"xpath","value":"//button[@data-kt=\"addNewRUOverflowToolbarButton\"]"}
COMMAND: POST /session/f199610b81d2740d08c28d2a7b12bbb6/elements - {"using":"xpath","value":"//button[@data-kt=\"addNewRUOverflowToolbarButton\"]"}
RESULT: {"using":"xpath","value":"//button[@data-kt=\"addNewRUOverflowToolbarButton\"]"}
COMMAND: POST /session/f199610b81d2740d08c28d2a7b12bbb6/elements - {"using":"xpath","value":"//button[@data-kt=\"addNewRUOverflowToolbarButton\"]"}
RESULT: {"using":"xpath","value":"//button[@data-kt=\"addNewRUOverflowToolbarButton\"]"}
COMMAND: POST /session/f199610b81d2740d08c28d2a7b12bbb6/elements - {"using":"xpath","value":"//button[@data-kt=\"addNewRUOverflowToolbarButton\"]"}
RESULT: {"using":"xpath","value":"//button[@data-kt=\"addNewRUOverflowToolbarButton\"]"}
COMMAND: POST /session/f199610b81d2740d08c28d2a7b12bbb6/elements - {"using":"xpath","value":"//button[@data-kt=\"addNewRUOverflowToolbarButton\"]"}
RESULT: {"using":"xpath","value":"//button[@data-kt=\"addNewRUOverflowToolbarButton\"]"}
COMMAND: POST /session/f199610b81d2740d08c28d2a7b12bbb6/elements - {"using":"xpath","value":"//button[@data-kt=\"addNewRUOverflowToolbarButton\"]"}
RESULT: {"using":"xpath","value":"//button[@data-kt=\"addNewRUOverflowToolbarButton\"]"}
COMMAND: POST /session/f199610b81d2740d08c28d2a7b12bbb6/element - {"using":"xpath","value":"//button[@data-kt=\"addNewRUOverflowToolbarButton\"]"}
RESULT: {"using":"xpath","value":"//button[@data-kt=\"addNewRUOverflowToolbarButton\"]"}
COMMAND: POST /session/f199610b81d2740d08c28d2a7b12bbb6/execute/sync - {"script":"<script> [8489 bytes]","args":[{"element-6066-11e4-a52e-4f735466cecf":"f.2BFA133D83E8FE08190C073C8C008530.d.942392A005FE95D00091554B750EFC56.e.13841","ELEMENT":"f.2BFA133D83E8FE08190C073C8C008530.d.942392A005FE95D00091554B750EFC56.e.13841"}]}
RESULT: {"script":"<script> [8489 bytes]","args":[{"element-6066-11e4-a52e-4f735466cecf":"f.2BFA133D83E8FE08190C073C8C008530.d.942392A005FE95D00091554B750EFC56.e.13841","ELEMENT":"f.2BFA133D83E8FE08190C073C8C008530.d.942392A005FE95D00091554B750EFC56.e.13841"}]}
COMMAND: GET /session/f199610b81d2740d08c28d2a7b12bbb6/element/f.2BFA133D83E8FE08190C073C8C008530.d.942392A005FE95D00091554B750EFC56.e.13841/enabled - {}
COMMAND: GET /session/f199610b81d2740d08c28d2a7b12bbb6/screenshot - {}
RESULT: {}
COMMAND: POST /session/f199610b81d2740d08c28d2a7b12bbb6/execute/sync - {"script":"<script> [8489 bytes]","args":[{"element-6066-11e4-a52e-4f735466cecf":"f.2BFA133D83E8FE08190C073C8C008530.d.942392A005FE95D00091554B750EFC56.e.13841","ELEMENT":"f.2BFA133D83E8FE08190C073C8C008530.d.942392A005FE95D00091554B750EFC56.e.13841"}]}
COMMAND: GET /session/f199610b81d2740d08c28d2a7b12bbb6/screenshot - {}
RESULT: {}
RESULT: {"script":"<script> [8489 bytes]","args":[{"element-6066-11e4-a52e-4f735466cecf":"f.2BFA133D83E8FE08190C073C8C008530.d.942392A005FE95D00091554B750EFC56.e.13841","ELEMENT":"f.2BFA133D83E8FE08190C073C8C008530.d.942392A005FE95D00091554B750EFC56.e.13841"}]}
COMMAND: POST /session/f199610b81d2740d08c28d2a7b12bbb6/execute/sync - {"script":"<script> [5351 bytes]","args":[{"element-6066-11e4-a52e-4f735466cecf":"f.2BFA133D83E8FE08190C073C8C008530.d.942392A005FE95D00091554B750EFC56.e.13841","ELEMENT":"f.2BFA133D83E8FE08190C073C8C008530.d.942392A005FE95D00091554B750EFC56.e.13841"}]}
COMMAND: GET /session/f199610b81d2740d08c28d2a7b12bbb6/screenshot - {}
RESULT: {}
RESULT: {"script":"<script> [5351 bytes]","args":[{"element-6066-11e4-a52e-4f735466cecf":"f.2BFA133D83E8FE08190C073C8C008530.d.942392A005FE95D00091554B750EFC56.e.13841","ELEMENT":"f.2BFA133D83E8FE08190C073C8C008530.d.942392A005FE95D00091554B750EFC56.e.13841"}]}
COMMAND: POST /session/f199610b81d2740d08c28d2a7b12bbb6/element/f.2BFA133D83E8FE08190C073C8C008530.d.942392A005FE95D00091554B750EFC56.e.13841/click - {}
COMMAND: GET /session/f199610b81d2740d08c28d2a7b12bbb6/screenshot - {}
RESULT: {}
RESULT: {}
COMMAND: GET /session/f199610b81d2740d08c28d2a7b12bbb6/screenshot - {}
RESULT: {}
COMMAND: POST /session/f199610b81d2740d08c28d2a7b12bbb6/execute/async - {"script":"<script> [1562 bytes]","args":[{"selector":{"id":"application-manageresources-display-component---newResourceUnit--TYPE-arrow"},"wdio_ui5_key":"applicationmanageresources-display-component---newResourceUnit--TYPE-arrow"}]}
RESULT: {}
RESULT: {"script":"<script> [1562 bytes]","args":[{"selector":{"id":"application-manageresources-display-component---newResourceUnit--TYPE-arrow"},"wdio_ui5_key":"applicationmanageresources-display-component---newResourceUnit--TYPE-arrow"}]}
RESULT: undefined
COMMAND: POST /session/f199610b81d2740d08c28d2a7b12bbb6/element - {"using":"xpath","value":"//*[@id=\"application-manageresources-display-component---newResourceUnit--TYPE-arrow\"]"}
RESULT: {"using":"xpath","value":"//*[@id=\"application-manageresources-display-component---newResourceUnit--TYPE-arrow\"]"}
COMMAND: POST /session/f199610b81d2740d08c28d2a7b12bbb6/element/f.2BFA133D83E8FE08190C073C8C008530.d.942392A005FE95D00091554B750EFC56.e.14197/click - {}
RESULT: {}
COMMAND: POST /session/f199610b81d2740d08c28d2a7b12bbb6/element - {"using":"xpath","value":"//input[@id=\"application-manageresources-display-component---newResourceUnit--TYPE-inner\"]"}
COMMAND: GET /session/f199610b81d2740d08c28d2a7b12bbb6/screenshot - {}
RESULT: {"using":"xpath","value":"//input[@id=\"application-manageresources-display-component---newResourceUnit--TYPE-inner\"]"}
COMMAND: POST /session/f199610b81d2740d08c28d2a7b12bbb6/element/f.2BFA133D83E8FE08190C073C8C008530.d.942392A005FE95D00091554B750EFC56.e.14193/clear - {}
RESULT: {}
RESULT: {}
COMMAND: POST /session/f199610b81d2740d08c28d2a7b12bbb6/element/f.2BFA133D83E8FE08190C073C8C008530.d.942392A005FE95D00091554B750EFC56.e.14193/value - {"text":"Material"}
COMMAND: GET /session/f199610b81d2740d08c28d2a7b12bbb6/screenshot - {}
RESULT: {"text":"Material"}
COMMAND: GET /session/f199610b81d2740d08c28d2a7b12bbb6/screenshot - {}
RESULT: {}
RESULT: {}
COMMAND: POST /session/f199610b81d2740d08c28d2a7b12bbb6/actions - {"actions":[{"id":"action45","type":"key","parameters":{},"actions":[{"type":"keyDown","value":"î€‡"},{"type":"pause","duration":10},{"type":"keyUp","value":"î€‡"}]}]}
RESULT: {"actions":[{"id":"action45","type":"key","parameters":{},"actions":[{"type":"keyDown","value":"î€‡"},{"type":"pause","duration":10},{"type":"keyUp","value":"î€‡"}]}]}
COMMAND: POST /session/f199610b81d2740d08c28d2a7b12bbb6/execute/async - {"script":"<script> [1562 bytes]","args":[{"selector":{"id":"application-manageresources-display-component---newResourceUnit--SHORT_TEXT","interaction":{"idSuffix":"inner"}},"wdio_ui5_key":"applicationmanageresources-display-component---newResourceUnit--SHORT_TEXT"}]}
COMMAND: GET /session/f199610b81d2740d08c28d2a7b12bbb6/screenshot - {}
RESULT: {"script":"<script> [1562 bytes]","args":[{"selector":{"id":"application-manageresources-display-component---newResourceUnit--SHORT_TEXT","interaction":{"idSuffix":"inner"}},"wdio_ui5_key":"applicationmanageresources-display-component---newResourceUnit--SHORT_TEXT"}]}
RESULT: undefined
COMMAND: POST /session/f199610b81d2740d08c28d2a7b12bbb6/execute/async - {"script":"<script> [776 bytes]","args":[{"enterText":"Cement WDIO","selector":{"id":"application-manageresources-display-component---newResourceUnit--SHORT_TEXT","interaction":{"idSuffix":"inner"}},"clearTextFirst":true,"interactionType":"ENTER_TEXT"}]}
RESULT: {}
RESULT: {"script":"<script> [776 bytes]","args":[{"enterText":"Cement WDIO","selector":{"id":"application-manageresources-display-component---newResourceUnit--SHORT_TEXT","interaction":{"idSuffix":"inner"}},"clearTextFirst":true,"interactionType":"ENTER_TEXT"}]}
COMMAND: POST /session/f199610b81d2740d08c28d2a7b12bbb6/execute/async - {"script":"<script> [1562 bytes]","args":[{"selector":{"id":"application-manageresources-display-component---newResourceUnit--BASE_UNIT_OF_MEASURE","interaction":{"idSuffix":"inner"}},"wdio_ui5_key":"applicationmanageresources-display-component---newResourceUnit--BASE_UNIT_OF_MEASURE"}]}
RESULT: {"script":"<script> [1562 bytes]","args":[{"selector":{"id":"application-manageresources-display-component---newResourceUnit--BASE_UNIT_OF_MEASURE","interaction":{"idSuffix":"inner"}},"wdio_ui5_key":"applicationmanageresources-display-component---newResourceUnit--BASE_UNIT_OF_MEASURE"}]}
RESULT: undefined
COMMAND: POST /session/f199610b81d2740d08c28d2a7b12bbb6/execute/async - {"script":"<script> [776 bytes]","args":[{"enterText":"Piece","selector":{"id":"application-manageresources-display-component---newResourceUnit--BASE_UNIT_OF_MEASURE","interaction":{"idSuffix":"inner"}},"clearTextFirst":true,"interactionType":"ENTER_TEXT"}]}
RESULT: {"script":"<script> [776 bytes]","args":[{"enterText":"Piece","selector":{"id":"application-manageresources-display-component---newResourceUnit--BASE_UNIT_OF_MEASURE","interaction":{"idSuffix":"inner"}},"clearTextFirst":true,"interactionType":"ENTER_TEXT"}]}
COMMAND: POST /session/f199610b81d2740d08c28d2a7b12bbb6/execute/async - {"script":"<script> [1562 bytes]","args":[{"selector":{"id":"application-manageresources-display-component---newResourceUnit--WEIGHT_UNIT","interaction":{"idSuffix":"inner"}},"wdio_ui5_key":"applicationmanageresources-display-component---newResourceUnit--WEIGHT_UNIT"}]}
RESULT: {"script":"<script> [1562 bytes]","args":[{"selector":{"id":"application-manageresources-display-component---newResourceUnit--WEIGHT_UNIT","interaction":{"idSuffix":"inner"}},"wdio_ui5_key":"applicationmanageresources-display-component---newResourceUnit--WEIGHT_UNIT"}]}
RESULT: undefined
COMMAND: POST /session/f199610b81d2740d08c28d2a7b12bbb6/execute/async - {"script":"<script> [776 bytes]","args":[{"enterText":"Gram","selector":{"id":"application-manageresources-display-component---newResourceUnit--WEIGHT_UNIT","interaction":{"idSuffix":"inner"}},"clearTextFirst":true,"interactionType":"ENTER_TEXT"}]}
RESULT: {"script":"<script> [776 bytes]","args":[{"enterText":"Gram","selector":{"id":"application-manageresources-display-component---newResourceUnit--WEIGHT_UNIT","interaction":{"idSuffix":"inner"}},"clearTextFirst":true,"interactionType":"ENTER_TEXT"}]}
COMMAND: POST /session/f199610b81d2740d08c28d2a7b12bbb6/execute/async - {"script":"<script> [1562 bytes]","args":[{"selector":{"id":"application-manageresources-display-component---newResourceUnit--DIMENSION_UNIT","interaction":{"idSuffix":"inner"}},"wdio_ui5_key":"applicationmanageresources-display-component---newResourceUnit--DIMENSION_UNIT"}]}
RESULT: {"script":"<script> [1562 bytes]","args":[{"selector":{"id":"application-manageresources-display-component---newResourceUnit--DIMENSION_UNIT","interaction":{"idSuffix":"inner"}},"wdio_ui5_key":"applicationmanageresources-display-component---newResourceUnit--DIMENSION_UNIT"}]}
RESULT: undefined
COMMAND: POST /session/f199610b81d2740d08c28d2a7b12bbb6/execute/async - {"script":"<script> [776 bytes]","args":[{"enterText":"Meter","selector":{"id":"application-manageresources-display-component---newResourceUnit--DIMENSION_UNIT","interaction":{"idSuffix":"inner"}},"clearTextFirst":true,"interactionType":"ENTER_TEXT"}]}
RESULT: {"script":"<script> [776 bytes]","args":[{"enterText":"Meter","selector":{"id":"application-manageresources-display-component---newResourceUnit--DIMENSION_UNIT","interaction":{"idSuffix":"inner"}},"clearTextFirst":true,"interactionType":"ENTER_TEXT"}]}
COMMAND: POST /session/f199610b81d2740d08c28d2a7b12bbb6/execute/async - {"script":"<script> [1562 bytes]","args":[{"selector":{"id":"application-manageresources-display-component---newResourceUnit--newRRUPage-anchBar-application-manageresources-display-component---newResourceUnit--control-anchor","interaction":{"idSuffix":"BDI-content"}},"wdio_ui5_key":"applicationmanageresources-display-component---newResourceUnit--newRRUPage-anchBar-application-manageresources-display-component---newResourceUnit--control-anchor"}]}
RESULT: {"script":"<script> [1562 bytes]","args":[{"selector":{"id":"application-manageresources-display-component---newResourceUnit--newRRUPage-anchBar-application-manageresources-display-component---newResourceUnit--control-anchor","interaction":{"idSuffix":"BDI-content"}},"wdio_ui5_key":"applicationmanageresources-display-component---newResourceUnit--newRRUPage-anchBar-application-manageresources-display-component---newResourceUnit--control-anchor"}]}
RESULT: undefined
COMMAND: POST /session/f199610b81d2740d08c28d2a7b12bbb6/element - {"using":"xpath","value":"//*[@id=\"application-manageresources-display-component---newResourceUnit--newRRUPage-anchBar-application-manageresources-display-component---newResourceUnit--control-anchor\"]"}
RESULT: {"using":"xpath","value":"//*[@id=\"application-manageresources-display-component---newResourceUnit--newRRUPage-anchBar-application-manageresources-display-component---newResourceUnit--control-anchor\"]"}
COMMAND: POST /session/f199610b81d2740d08c28d2a7b12bbb6/element/f.2BFA133D83E8FE08190C073C8C008530.d.942392A005FE95D00091554B750EFC56.e.14264/click - {}
RESULT: {}
COMMAND: POST /session/f199610b81d2740d08c28d2a7b12bbb6/execute/async - {"script":"<script> [1562 bytes]","args":[{"selector":{"id":"application-manageresources-display-component---newResourceUnit--PLANNING_GROUP","interaction":{"idSuffix":"inner"}},"wdio_ui5_key":"applicationmanageresources-display-component---newResourceUnit--PLANNING_GROUP"}]}
COMMAND: GET /session/f199610b81d2740d08c28d2a7b12bbb6/screenshot - {}
RESULT: {"script":"<script> [1562 bytes]","args":[{"selector":{"id":"application-manageresources-display-component---newResourceUnit--PLANNING_GROUP","interaction":{"idSuffix":"inner"}},"wdio_ui5_key":"applicationmanageresources-display-component---newResourceUnit--PLANNING_GROUP"}]}
RESULT: undefined
COMMAND: POST /session/f199610b81d2740d08c28d2a7b12bbb6/execute/async - {"script":"<script> [776 bytes]","args":[{"enterText":"Material","selector":{"id":"application-manageresources-display-component---newResourceUnit--PLANNING_GROUP","interaction":{"idSuffix":"inner"}},"clearTextFirst":true,"interactionType":"ENTER_TEXT"}]}
RESULT: {}
RESULT: {"script":"<script> [776 bytes]","args":[{"enterText":"Material","selector":{"id":"application-manageresources-display-component---newResourceUnit--PLANNING_GROUP","interaction":{"idSuffix":"inner"}},"clearTextFirst":true,"interactionType":"ENTER_TEXT"}]}
COMMAND: POST /session/f199610b81d2740d08c28d2a7b12bbb6/execute/async - {"script":"<script> [1562 bytes]","args":[{"selector":{"id":"application-manageresources-display-component---newResourceUnit--PLANNING_INDICATOR","interaction":{"idSuffix":"inner"}},"wdio_ui5_key":"applicationmanageresources-display-component---newResourceUnit--PLANNING_INDICATOR"}]}
RESULT: {"script":"<script> [1562 bytes]","args":[{"selector":{"id":"application-manageresources-display-component---newResourceUnit--PLANNING_INDICATOR","interaction":{"idSuffix":"inner"}},"wdio_ui5_key":"applicationmanageresources-display-component---newResourceUnit--PLANNING_INDICATOR"}]}
RESULT: undefined
COMMAND: POST /session/f199610b81d2740d08c28d2a7b12bbb6/execute/async - {"script":"<script> [776 bytes]","args":[{"enterText":"10 - infinite","selector":{"id":"application-manageresources-display-component---newResourceUnit--PLANNING_INDICATOR","interaction":{"idSuffix":"inner"}},"clearTextFirst":true,"interactionType":"ENTER_TEXT"}]}
RESULT: {"script":"<script> [776 bytes]","args":[{"enterText":"10 - infinite","selector":{"id":"application-manageresources-display-component---newResourceUnit--PLANNING_INDICATOR","interaction":{"idSuffix":"inner"}},"clearTextFirst":true,"interactionType":"ENTER_TEXT"}]}
COMMAND: POST /session/f199610b81d2740d08c28d2a7b12bbb6/element - {"using":"css selector","value":"#application-manageresources-display-component---newResourceUnit--btnAddTimeSegment"}
RESULT: {"using":"css selector","value":"#application-manageresources-display-component---newResourceUnit--btnAddTimeSegment"}
COMMAND: GET /session/f199610b81d2740d08c28d2a7b12bbb6/element/f.2BFA133D83E8FE08190C073C8C008530.d.942392A005FE95D00091554B750EFC56.e.14272/rect - {}
RESULT: {}
COMMAND: GET /session/f199610b81d2740d08c28d2a7b12bbb6/window/rect - {}
RESULT: {}
COMMAND: POST /session/f199610b81d2740d08c28d2a7b12bbb6/execute/sync - {"script":"<script> [92 bytes]","args":[]}
RESULT: {"script":"<script> [92 bytes]","args":[]}
COMMAND: POST /session/f199610b81d2740d08c28d2a7b12bbb6/actions - {"actions":[{"id":"action46","type":"wheel","parameters":{},"actions":[{"type":"scroll","x":-1888,"y":-32,"deltaX":0,"deltaY":0,"duration":0,"origin":{"element-6066-11e4-a52e-4f735466cecf":"f.2BFA133D83E8FE08190C073C8C008530.d.942392A005FE95D00091554B750EFC56.e.14272"}}]}]}
COMMAND: GET /session/f199610b81d2740d08c28d2a7b12bbb6/screenshot - {}
RESULT: {}
COMMAND: POST /session/f199610b81d2740d08c28d2a7b12bbb6/execute/sync - {"script":"<script> [79 bytes]","args":[{"element-6066-11e4-a52e-4f735466cecf":"f.2BFA133D83E8FE08190C073C8C008530.d.942392A005FE95D00091554B750EFC56.e.14272","ELEMENT":"f.2BFA133D83E8FE08190C073C8C008530.d.942392A005FE95D00091554B750EFC56.e.14272"},{"block":"start","inline":"nearest"}]}
RESULT: {"script":"<script> [79 bytes]","args":[{"element-6066-11e4-a52e-4f735466cecf":"f.2BFA133D83E8FE08190C073C8C008530.d.942392A005FE95D00091554B750EFC56.e.14272","ELEMENT":"f.2BFA133D83E8FE08190C073C8C008530.d.942392A005FE95D00091554B750EFC56.e.14272"},{"block":"start","inline":"nearest"}]}
COMMAND: POST /session/f199610b81d2740d08c28d2a7b12bbb6/execute/async - {"script":"<script> [1562 bytes]","args":[{"selector":{"id":"application-manageresources-display-component---newResourceUnit--btnAddTimeSegment","interaction":{"idSuffix":"inner"}},"wdio_ui5_key":"applicationmanageresources-display-component---newResourceUnit--btnAddTimeSegment"}]}
COMMAND: GET /session/f199610b81d2740d08c28d2a7b12bbb6/screenshot - {}
RESULT: {"script":"<script> [1562 bytes]","args":[{"selector":{"id":"application-manageresources-display-component---newResourceUnit--btnAddTimeSegment","interaction":{"idSuffix":"inner"}},"wdio_ui5_key":"applicationmanageresources-display-component---newResourceUnit--btnAddTimeSegment"}]}
RESULT: undefined
COMMAND: POST /session/f199610b81d2740d08c28d2a7b12bbb6/element - {"using":"xpath","value":"//*[@id=\"application-manageresources-display-component---newResourceUnit--btnAddTimeSegment\"]"}
RESULT: {}
RESULT: {"using":"xpath","value":"//*[@id=\"application-manageresources-display-component---newResourceUnit--btnAddTimeSegment\"]"}
COMMAND: POST /session/f199610b81d2740d08c28d2a7b12bbb6/element/f.2BFA133D83E8FE08190C073C8C008530.d.942392A005FE95D00091554B750EFC56.e.14272/click - {}
RESULT: {}
COMMAND: GET /session/f199610b81d2740d08c28d2a7b12bbb6/screenshot - {}
RESULT: {}
COMMAND: POST /session/f199610b81d2740d08c28d2a7b12bbb6/element - {"using":"xpath","value":"//input[@id=\"application-manageresources-display-component---newResourceUnit--idRuTSAdmin-application-manageresources-display-component---newResourceUnit--RUTimeSegment-0-inner\"]"}
RESULT: {"using":"xpath","value":"//input[@id=\"application-manageresources-display-component---newResourceUnit--idRuTSAdmin-application-manageresources-display-component---newResourceUnit--RUTimeSegment-0-inner\"]"}
COMMAND: POST /session/f199610b81d2740d08c28d2a7b12bbb6/element/f.2BFA133D83E8FE08190C073C8C008530.d.942392A005FE95D00091554B750EFC56.e.14277/clear - {}
RESULT: {}
COMMAND: POST /session/f199610b81d2740d08c28d2a7b12bbb6/element/f.2BFA133D83E8FE08190C073C8C008530.d.942392A005FE95D00091554B750EFC56.e.14277/value - {"text":"545"}
COMMAND: GET /session/f199610b81d2740d08c28d2a7b12bbb6/screenshot - {}
RESULT: {"text":"545"}
COMMAND: GET /session/f199610b81d2740d08c28d2a7b12bbb6/screenshot - {}
RESULT: {}
RESULT: {}
COMMAND: POST /session/f199610b81d2740d08c28d2a7b12bbb6/element - {"using":"xpath","value":"//li[.//span[text()='545']]"}
RESULT: {"using":"xpath","value":"//li[.//span[text()='545']]"}
COMMAND: POST /session/f199610b81d2740d08c28d2a7b12bbb6/element/f.2BFA133D83E8FE08190C073C8C008530.d.942392A005FE95D00091554B750EFC56.e.14286/click - {}
RESULT: {}
COMMAND: GET /session/f199610b81d2740d08c28d2a7b12bbb6/screenshot - {}
RESULT: {}
COMMAND: POST /session/f199610b81d2740d08c28d2a7b12bbb6/element - {"using":"xpath","value":"(//span[contains(@id, \"-application-manageresources-display-component---newResourceUnit--RUTimeSegment-0-arrow\")])[2]"}
RESULT: {"using":"xpath","value":"(//span[contains(@id, \"-application-manageresources-display-component---newResourceUnit--RUTimeSegment-0-arrow\")])[2]"}
COMMAND: POST /session/f199610b81d2740d08c28d2a7b12bbb6/element/f.2BFA133D83E8FE08190C073C8C008530.d.942392A005FE95D00091554B750EFC56.e.14287/click - {}
RESULT: {}
COMMAND: POST /session/f199610b81d2740d08c28d2a7b12bbb6/element - {"using":"xpath","value":"//span[contains(text(), \"PM Order\")]"}
COMMAND: GET /session/f199610b81d2740d08c28d2a7b12bbb6/screenshot - {}
RESULT: {"using":"xpath","value":"//span[contains(text(), \"PM Order\")]"}
COMMAND: POST /session/f199610b81d2740d08c28d2a7b12bbb6/element/f.2BFA133D83E8FE08190C073C8C008530.d.942392A005FE95D00091554B750EFC56.e.14288/click - {}
RESULT: {}
RESULT: {}
COMMAND: GET /session/f199610b81d2740d08c28d2a7b12bbb6/screenshot - {}
RESULT: {}
COMMAND: POST /session/f199610b81d2740d08c28d2a7b12bbb6/element - {"using":"xpath","value":"//td/div/div/div/span[contains(@id, \"newResourceUnit--RUTimeSegment-0-vhi\")][1]"}
RESULT: {"using":"xpath","value":"//td/div/div/div/span[contains(@id, \"newResourceUnit--RUTimeSegment-0-vhi\")][1]"}
COMMAND: GET /session/f199610b81d2740d08c28d2a7b12bbb6/element/f.2BFA133D83E8FE08190C073C8C008530.d.942392A005FE95D00091554B750EFC56.e.14292/rect - {}
RESULT: {}
COMMAND: GET /session/f199610b81d2740d08c28d2a7b12bbb6/window/rect - {}
RESULT: {}
COMMAND: POST /session/f199610b81d2740d08c28d2a7b12bbb6/execute/sync - {"script":"<script> [92 bytes]","args":[]}
RESULT: {"script":"<script> [92 bytes]","args":[]}
COMMAND: POST /session/f199610b81d2740d08c28d2a7b12bbb6/actions - {"actions":[{"id":"action47","type":"wheel","parameters":{},"actions":[{"type":"scroll","x":-1888,"y":-24,"deltaX":0,"deltaY":0,"duration":0,"origin":{"element-6066-11e4-a52e-4f735466cecf":"f.2BFA133D83E8FE08190C073C8C008530.d.942392A005FE95D00091554B750EFC56.e.14292"}}]}]}
COMMAND: GET /session/f199610b81d2740d08c28d2a7b12bbb6/screenshot - {}
RESULT: {}
COMMAND: POST /session/f199610b81d2740d08c28d2a7b12bbb6/execute/sync - {"script":"<script> [79 bytes]","args":[{"element-6066-11e4-a52e-4f735466cecf":"f.2BFA133D83E8FE08190C073C8C008530.d.942392A005FE95D00091554B750EFC56.e.14292","ELEMENT":"f.2BFA133D83E8FE08190C073C8C008530.d.942392A005FE95D00091554B750EFC56.e.14292"},{"block":"start","inline":"nearest"}]}
RESULT: {"script":"<script> [79 bytes]","args":[{"element-6066-11e4-a52e-4f735466cecf":"f.2BFA133D83E8FE08190C073C8C008530.d.942392A005FE95D00091554B750EFC56.e.14292","ELEMENT":"f.2BFA133D83E8FE08190C073C8C008530.d.942392A005FE95D00091554B750EFC56.e.14292"},{"block":"start","inline":"nearest"}]}
COMMAND: GET /session/f199610b81d2740d08c28d2a7b12bbb6/screenshot - {}
RESULT: {}
COMMAND: POST /session/f199610b81d2740d08c28d2a7b12bbb6/element/f.2BFA133D83E8FE08190C073C8C008530.d.942392A005FE95D00091554B750EFC56.e.14292/click - {}
RESULT: {}
COMMAND: GET /session/f199610b81d2740d08c28d2a7b12bbb6/screenshot - {}
RESULT: {}
COMMAND: POST /session/f199610b81d2740d08c28d2a7b12bbb6/execute/async - {"script":"<script> [1562 bytes]","args":[{"selector":{"controlType":"sap.m.SearchField","properties":{"placeholder":"Search"},"searchOpenDialogs":true,"interaction":{"idSuffix":"I"}},"wdio_ui5_key":"sapm.SearchField{\"placeholder\":\"Search\"}"}]}
RESULT: {"script":"<script> [1562 bytes]","args":[{"selector":{"controlType":"sap.m.SearchField","properties":{"placeholder":"Search"},"searchOpenDialogs":true,"interaction":{"idSuffix":"I"}},"wdio_ui5_key":"sapm.SearchField{\"placeholder\":\"Search\"}"}]}
RESULT: undefined
COMMAND: POST /session/f199610b81d2740d08c28d2a7b12bbb6/execute/async - {"script":"<script> [776 bytes]","args":[{"enterText":"4000360","selector":{"controlType":"sap.m.SearchField","properties":{"placeholder":"Search"},"searchOpenDialogs":true,"interaction":{"idSuffix":"I"}},"clearTextFirst":true,"interactionType":"ENTER_TEXT"}]}
RESULT: {"script":"<script> [776 bytes]","args":[{"enterText":"4000360","selector":{"controlType":"sap.m.SearchField","properties":{"placeholder":"Search"},"searchOpenDialogs":true,"interaction":{"idSuffix":"I"}},"clearTextFirst":true,"interactionType":"ENTER_TEXT"}]}
COMMAND: POST /session/f199610b81d2740d08c28d2a7b12bbb6/actions - {"actions":[{"id":"action48","type":"key","parameters":{},"actions":[{"type":"keyDown","value":"î€‡"},{"type":"pause","duration":10},{"type":"keyUp","value":"î€‡"}]}]}
RESULT: {"actions":[{"id":"action48","type":"key","parameters":{},"actions":[{"type":"keyDown","value":"î€‡"},{"type":"pause","duration":10},{"type":"keyUp","value":"î€‡"}]}]}
COMMAND: GET /session/f199610b81d2740d08c28d2a7b12bbb6/screenshot - {}
RESULT: {}
COMMAND: POST /session/f199610b81d2740d08c28d2a7b12bbb6/element - {"using":"xpath","value":"//td/div/span[contains(text(), \"BGL Vehicles\")]"}
RESULT: {"using":"xpath","value":"//td/div/span[contains(text(), \"BGL Vehicles\")]"}
COMMAND: POST /session/f199610b81d2740d08c28d2a7b12bbb6/element/f.2BFA133D83E8FE08190C073C8C008530.d.942392A005FE95D00091554B750EFC56.e.14313/click - {}
RESULT: {}
COMMAND: GET /session/f199610b81d2740d08c28d2a7b12bbb6/screenshot - {}
RESULT: {}
COMMAND: POST /session/f199610b81d2740d08c28d2a7b12bbb6/element - {"using":"xpath","value":"//bdi[contains(text(), \"OK\")]"}
RESULT: {"using":"xpath","value":"//bdi[contains(text(), \"OK\")]"}
COMMAND: POST /session/f199610b81d2740d08c28d2a7b12bbb6/element/f.2BFA133D83E8FE08190C073C8C008530.d.942392A005FE95D00091554B750EFC56.e.14314/click - {}
RESULT: {}
COMMAND: GET /session/f199610b81d2740d08c28d2a7b12bbb6/screenshot - {}
RESULT: {}
COMMAND: POST /session/f199610b81d2740d08c28d2a7b12bbb6/element - {"using":"xpath","value":"//label[contains(@class, 'sapMLabelRequired') and .//bdi[contains(text(), 'Planned Retirement')]]"}
RESULT: {"using":"xpath","value":"//label[contains(@class, 'sapMLabelRequired') and .//bdi[contains(text(), 'Planned Retirement')]]"}
COMMAND: POST /session/f199610b81d2740d08c28d2a7b12bbb6/elements - {"using":"xpath","value":"//label[contains(@class, 'sapMLabelRequired') and .//bdi[contains(text(), 'Planned Retirement')]]"}
RESULT: {"using":"xpath","value":"//label[contains(@class, 'sapMLabelRequired') and .//bdi[contains(text(), 'Planned Retirement')]]"}
COMMAND: POST /session/f199610b81d2740d08c28d2a7b12bbb6/element - {"using":"xpath","value":"//button[@data-kt=\"resourceUnitSaveButton\"]"}
RESULT: {"using":"xpath","value":"//button[@data-kt=\"resourceUnitSaveButton\"]"}
COMMAND: POST /session/f199610b81d2740d08c28d2a7b12bbb6/element/f.2BFA133D83E8FE08190C073C8C008530.d.942392A005FE95D00091554B750EFC56.e.14216/click - {}
RESULT: {}
COMMAND: GET /session/f199610b81d2740d08c28d2a7b12bbb6/screenshot - {}
RESULT: {}
COMMAND: POST /session/f199610b81d2740d08c28d2a7b12bbb6/element - {"using":"xpath","value":"//bdi[contains(text(), \"Close\")]"}
RESULT: {"using":"xpath","value":"//bdi[contains(text(), \"Close\")]"}
COMMAND: POST /session/f199610b81d2740d08c28d2a7b12bbb6/element/f.2BFA133D83E8FE08190C073C8C008530.d.942392A005FE95D00091554B750EFC56.e.14320/click - {}
RESULT: {}
COMMAND: GET /session/f199610b81d2740d08c28d2a7b12bbb6/screenshot - {}
RESULT: {}
COMMAND: POST /session/f199610b81d2740d08c28d2a7b12bbb6/element - {"using":"xpath","value":"//header[contains(@id, 'detailRruPage-headerTitle')]/div[1]/div[2]/div[2]/span[1]"}
RESULT: {"using":"xpath","value":"//header[contains(@id, 'detailRruPage-headerTitle')]/div[1]/div[2]/div[2]/span[1]"}
COMMAND: POST /session/f199610b81d2740d08c28d2a7b12bbb6/elements - {"using":"xpath","value":"//header[contains(@id, 'detailRruPage-headerTitle')]/div[1]/div[2]/div[2]/span[1]"}
RESULT: {"using":"xpath","value":"//header[contains(@id, 'detailRruPage-headerTitle')]/div[1]/div[2]/div[2]/span[1]"}
COMMAND: POST /session/f199610b81d2740d08c28d2a7b12bbb6/execute/sync - {"script":"<script> [56 bytes]","args":[{"element-6066-11e4-a52e-4f735466cecf":"f.2BFA133D83E8FE08190C073C8C008530.d.942392A005FE95D00091554B750EFC56.e.14355","ELEMENT":"f.2BFA133D83E8FE08190C073C8C008530.d.942392A005FE95D00091554B750EFC56.e.14355"}]}
RESULT: {"script":"<script> [56 bytes]","args":[{"element-6066-11e4-a52e-4f735466cecf":"f.2BFA133D83E8FE08190C073C8C008530.d.942392A005FE95D00091554B750EFC56.e.14355","ELEMENT":"f.2BFA133D83E8FE08190C073C8C008530.d.942392A005FE95D00091554B750EFC56.e.14355"}]}
COMMAND: POST /session/f199610b81d2740d08c28d2a7b12bbb6/element - {"using":"css selector","value":"#shell-header-logo"}
COMMAND: GET /session/f199610b81d2740d08c28d2a7b12bbb6/screenshot - {}
RESULT: {}
RESULT: {"using":"css selector","value":"#shell-header-logo"}
COMMAND: POST /session/f199610b81d2740d08c28d2a7b12bbb6/element/f.2BFA133D83E8FE08190C073C8C008530.d.942392A005FE95D00091554B750EFC56.e.13810/click - {}
RESULT: {}
COMMAND: GET /session/f199610b81d2740d08c28d2a7b12bbb6/screenshot - {}
RESULT: {}
]]></system-out>
    </testcase>
  </testsuite>
  <testsuite timestamp="2025-05-19T09:11:57" time="374.097" tests="6" failures="0" errors="0" skipped="0">
    <properties>
      <property name="specId" value="0" />
      <property name="suiteName" value="Provide to Site w/o warehouse management w clarification" />
      <property name="capabilities" value="chrome.136_0_7103_93.windows" />
      <property name="file" value="file:///D:/a/1/s/test/specs/HTR/provide-to-site-wo-warehouse-w-clarification.spec.js" />
    </properties>
    <testcase classname="chrome.136_0_7103_93.windows.Provide_to_Site_w/o_warehouse_management_w_clarification" name="Should do a stock increase handover" time="87.314">
      <system-out><![CDATA[
COMMAND: POST /session/f199610b81d2740d08c28d2a7b12bbb6/execute/async - {"script":"<script> [1562 bytes]","args":[{"selector":{"controlType":"sap.m.GenericTile","properties":{"header":"Manage Handovers"}},"wdio_ui5_key":"sapm.GenericTile{\"header\":\"Manage Handovers\"}"}]}
RESULT: {"script":"<script> [1562 bytes]","args":[{"selector":{"controlType":"sap.m.GenericTile","properties":{"header":"Manage Handovers"}},"wdio_ui5_key":"sapm.GenericTile{\"header\":\"Manage Handovers\"}"}]}
RESULT: undefined
COMMAND: POST /session/f199610b81d2740d08c28d2a7b12bbb6/element - {"using":"xpath","value":"//*[@id=\"__tile131\"]"}
RESULT: {"using":"xpath","value":"//*[@id=\"__tile131\"]"}
COMMAND: POST /session/f199610b81d2740d08c28d2a7b12bbb6/element/f.2BFA133D83E8FE08190C073C8C008530.d.942392A005FE95D00091554B750EFC56.e.13760/click - {}
RESULT: {}
COMMAND: GET /session/f199610b81d2740d08c28d2a7b12bbb6/screenshot - {}
RESULT: {}
COMMAND: POST /session/f199610b81d2740d08c28d2a7b12bbb6/elements - {"using":"xpath","value":"//span[text()='Error']"}
RESULT: {"using":"xpath","value":"//span[text()='Error']"}
COMMAND: POST /session/f199610b81d2740d08c28d2a7b12bbb6/element - {"using":"xpath","value":"//button[@data-kt=\"masterHOAddButton\"]"}
RESULT: {"using":"xpath","value":"//button[@data-kt=\"masterHOAddButton\"]"}
COMMAND: POST /session/f199610b81d2740d08c28d2a7b12bbb6/elements - {"using":"xpath","value":"//button[@data-kt=\"masterHOAddButton\"]"}
RESULT: {"using":"xpath","value":"//button[@data-kt=\"masterHOAddButton\"]"}
COMMAND: POST /session/f199610b81d2740d08c28d2a7b12bbb6/execute/sync - {"script":"<script> [8489 bytes]","args":[{"element-6066-11e4-a52e-4f735466cecf":"f.2BFA133D83E8FE08190C073C8C008530.d.942392A005FE95D00091554B750EFC56.e.14393","ELEMENT":"f.2BFA133D83E8FE08190C073C8C008530.d.942392A005FE95D00091554B750EFC56.e.14393"}]}
RESULT: {"script":"<script> [8489 bytes]","args":[{"element-6066-11e4-a52e-4f735466cecf":"f.2BFA133D83E8FE08190C073C8C008530.d.942392A005FE95D00091554B750EFC56.e.14393","ELEMENT":"f.2BFA133D83E8FE08190C073C8C008530.d.942392A005FE95D00091554B750EFC56.e.14393"}]}
COMMAND: GET /session/f199610b81d2740d08c28d2a7b12bbb6/element/f.2BFA133D83E8FE08190C073C8C008530.d.942392A005FE95D00091554B750EFC56.e.14393/enabled - {}
COMMAND: GET /session/f199610b81d2740d08c28d2a7b12bbb6/screenshot - {}
RESULT: {}
COMMAND: POST /session/f199610b81d2740d08c28d2a7b12bbb6/execute/sync - {"script":"<script> [8489 bytes]","args":[{"element-6066-11e4-a52e-4f735466cecf":"f.2BFA133D83E8FE08190C073C8C008530.d.942392A005FE95D00091554B750EFC56.e.14393","ELEMENT":"f.2BFA133D83E8FE08190C073C8C008530.d.942392A005FE95D00091554B750EFC56.e.14393"}]}
COMMAND: GET /session/f199610b81d2740d08c28d2a7b12bbb6/screenshot - {}
RESULT: {}
RESULT: {}
RESULT: {"script":"<script> [8489 bytes]","args":[{"element-6066-11e4-a52e-4f735466cecf":"f.2BFA133D83E8FE08190C073C8C008530.d.942392A005FE95D00091554B750EFC56.e.14393","ELEMENT":"f.2BFA133D83E8FE08190C073C8C008530.d.942392A005FE95D00091554B750EFC56.e.14393"}]}
COMMAND: POST /session/f199610b81d2740d08c28d2a7b12bbb6/execute/sync - {"script":"<script> [5351 bytes]","args":[{"element-6066-11e4-a52e-4f735466cecf":"f.2BFA133D83E8FE08190C073C8C008530.d.942392A005FE95D00091554B750EFC56.e.14393","ELEMENT":"f.2BFA133D83E8FE08190C073C8C008530.d.942392A005FE95D00091554B750EFC56.e.14393"}]}
COMMAND: GET /session/f199610b81d2740d08c28d2a7b12bbb6/screenshot - {}
RESULT: {"script":"<script> [5351 bytes]","args":[{"element-6066-11e4-a52e-4f735466cecf":"f.2BFA133D83E8FE08190C073C8C008530.d.942392A005FE95D00091554B750EFC56.e.14393","ELEMENT":"f.2BFA133D83E8FE08190C073C8C008530.d.942392A005FE95D00091554B750EFC56.e.14393"}]}
COMMAND: POST /session/f199610b81d2740d08c28d2a7b12bbb6/element/f.2BFA133D83E8FE08190C073C8C008530.d.942392A005FE95D00091554B750EFC56.e.14393/click - {}
COMMAND: GET /session/f199610b81d2740d08c28d2a7b12bbb6/screenshot - {}
RESULT: {}
RESULT: {}
COMMAND: GET /session/f199610b81d2740d08c28d2a7b12bbb6/screenshot - {}
RESULT: {}
COMMAND: POST /session/f199610b81d2740d08c28d2a7b12bbb6/element - {"using":"xpath","value":"//span[contains(@id ,\"AddNewHO--typeSelect-arrow\")]"}
RESULT: {}
RESULT: {"using":"xpath","value":"//span[contains(@id ,\"AddNewHO--typeSelect-arrow\")]"}
COMMAND: POST /session/f199610b81d2740d08c28d2a7b12bbb6/element/f.2BFA133D83E8FE08190C073C8C008530.d.942392A005FE95D00091554B750EFC56.e.14747/click - {}
RESULT: {}
COMMAND: GET /session/f199610b81d2740d08c28d2a7b12bbb6/screenshot - {}
RESULT: {}
COMMAND: POST /session/f199610b81d2740d08c28d2a7b12bbb6/element - {"using":"xpath","value":"(//li[contains(text(), \"stock increase yard\")])[1]"}
RESULT: {"using":"xpath","value":"(//li[contains(text(), \"stock increase yard\")])[1]"}
COMMAND: POST /session/f199610b81d2740d08c28d2a7b12bbb6/element/f.2BFA133D83E8FE08190C073C8C008530.d.942392A005FE95D00091554B750EFC56.e.14748/click - {}
RESULT: {}
COMMAND: GET /session/f199610b81d2740d08c28d2a7b12bbb6/screenshot - {}
RESULT: {}
COMMAND: POST /session/f199610b81d2740d08c28d2a7b12bbb6/execute/async - {"script":"<script> [1562 bytes]","args":[{"selector":{"id":"application-managehandovers-display-component---AddNewHO--dueDate","interaction":{"idSuffix":"inner"}},"wdio_ui5_key":"applicationmanagehandovers-display-component---AddNewHO--dueDate"}]}
RESULT: {"script":"<script> [1562 bytes]","args":[{"selector":{"id":"application-managehandovers-display-component---AddNewHO--dueDate","interaction":{"idSuffix":"inner"}},"wdio_ui5_key":"applicationmanagehandovers-display-component---AddNewHO--dueDate"}]}
RESULT: undefined
COMMAND: POST /session/f199610b81d2740d08c28d2a7b12bbb6/execute/async - {"script":"<script> [6424 bytes]","args":[{"element-6066-11e4-a52e-4f735466cecf":"f.2BFA133D83E8FE08190C073C8C008530.d.942392A005FE95D00091554B750EFC56.e.14750"},"setValue",["5/19/25"]]}
RESULT: {"script":"<script> [6424 bytes]","args":[{"element-6066-11e4-a52e-4f735466cecf":"f.2BFA133D83E8FE08190C073C8C008530.d.942392A005FE95D00091554B750EFC56.e.14750"},"setValue",["5/19/25"]]}
COMMAND: POST /session/f199610b81d2740d08c28d2a7b12bbb6/element - {"using":"xpath","value":"//input[@id=\"generalSectionFrg--receiveYard-inner\"]"}
RESULT: {"using":"xpath","value":"//input[@id=\"generalSectionFrg--receiveYard-inner\"]"}
COMMAND: POST /session/f199610b81d2740d08c28d2a7b12bbb6/element/f.2BFA133D83E8FE08190C073C8C008530.d.942392A005FE95D00091554B750EFC56.e.14754/clear - {}
RESULT: {}
COMMAND: POST /session/f199610b81d2740d08c28d2a7b12bbb6/element/f.2BFA133D83E8FE08190C073C8C008530.d.942392A005FE95D00091554B750EFC56.e.14754/value - {"text":"545"}
COMMAND: GET /session/f199610b81d2740d08c28d2a7b12bbb6/screenshot - {}
RESULT: {"text":"545"}
COMMAND: GET /session/f199610b81d2740d08c28d2a7b12bbb6/screenshot - {}
RESULT: {}
RESULT: {}
COMMAND: POST /session/f199610b81d2740d08c28d2a7b12bbb6/element - {"using":"xpath","value":"//li[.//span[text()='545']]"}
RESULT: {"using":"xpath","value":"//li[.//span[text()='545']]"}
COMMAND: POST /session/f199610b81d2740d08c28d2a7b12bbb6/element/f.2BFA133D83E8FE08190C073C8C008530.d.942392A005FE95D00091554B750EFC56.e.14772/click - {}
RESULT: {}
COMMAND: GET /session/f199610b81d2740d08c28d2a7b12bbb6/screenshot - {}
RESULT: {}
COMMAND: POST /session/f199610b81d2740d08c28d2a7b12bbb6/execute/async - {"script":"<script> [1562 bytes]","args":[{"selector":{"id":"application-managehandovers-display-component---AddNewHO--ObjectPageLayout-anchBar-application-managehandovers-display-component---AddNewHO--section4-anchor","interaction":{"idSuffix":"BDI-content"}},"wdio_ui5_key":"applicationmanagehandovers-display-component---AddNewHO--ObjectPageLayout-anchBar-application-managehandovers-display-component---AddNewHO--section4-anchor"}]}
RESULT: {"script":"<script> [1562 bytes]","args":[{"selector":{"id":"application-managehandovers-display-component---AddNewHO--ObjectPageLayout-anchBar-application-managehandovers-display-component---AddNewHO--section4-anchor","interaction":{"idSuffix":"BDI-content"}},"wdio_ui5_key":"applicationmanagehandovers-display-component---AddNewHO--ObjectPageLayout-anchBar-application-managehandovers-display-component---AddNewHO--section4-anchor"}]}
RESULT: undefined
COMMAND: POST /session/f199610b81d2740d08c28d2a7b12bbb6/element - {"using":"xpath","value":"//*[@id=\"application-managehandovers-display-component---AddNewHO--ObjectPageLayout-anchBar-application-managehandovers-display-component---AddNewHO--section4-anchor\"]"}
RESULT: {"using":"xpath","value":"//*[@id=\"application-managehandovers-display-component---AddNewHO--ObjectPageLayout-anchBar-application-managehandovers-display-component---AddNewHO--section4-anchor\"]"}
COMMAND: POST /session/f199610b81d2740d08c28d2a7b12bbb6/element/f.2BFA133D83E8FE08190C073C8C008530.d.942392A005FE95D00091554B750EFC56.e.14774/click - {}
RESULT: {}
COMMAND: POST /session/f199610b81d2740d08c28d2a7b12bbb6/element - {"using":"xpath","value":"//button[@aria-label=\"Add\"]"}
COMMAND: GET /session/f199610b81d2740d08c28d2a7b12bbb6/screenshot - {}
RESULT: {"using":"xpath","value":"//button[@aria-label=\"Add\"]"}
COMMAND: POST /session/f199610b81d2740d08c28d2a7b12bbb6/element/f.2BFA133D83E8FE08190C073C8C008530.d.942392A005FE95D00091554B750EFC56.e.14776/click - {}
RESULT: {}
RESULT: {}
COMMAND: GET /session/f199610b81d2740d08c28d2a7b12bbb6/screenshot - {}
RESULT: {}
COMMAND: POST /session/f199610b81d2740d08c28d2a7b12bbb6/execute/async - {"script":"<script> [1562 bytes]","args":[{"selector":{"id":"application-managehandovers-display-component---AddNewHO--smartFilterBar-btnBasicSearch","searchOpenDialogs":true,"interaction":{"idSuffix":"I"}},"wdio_ui5_key":"applicationmanagehandovers-display-component---AddNewHO--smartFilterBar-btnBasicSearch"}]}
RESULT: {"script":"<script> [1562 bytes]","args":[{"selector":{"id":"application-managehandovers-display-component---AddNewHO--smartFilterBar-btnBasicSearch","searchOpenDialogs":true,"interaction":{"idSuffix":"I"}},"wdio_ui5_key":"applicationmanagehandovers-display-component---AddNewHO--smartFilterBar-btnBasicSearch"}]}
RESULT: undefined
COMMAND: POST /session/f199610b81d2740d08c28d2a7b12bbb6/execute/async - {"script":"<script> [776 bytes]","args":[{"enterText":"200292","selector":{"id":"application-managehandovers-display-component---AddNewHO--smartFilterBar-btnBasicSearch","searchOpenDialogs":true,"interaction":{"idSuffix":"I"}},"clearTextFirst":true,"interactionType":"ENTER_TEXT"}]}
RESULT: {"script":"<script> [776 bytes]","args":[{"enterText":"200292","selector":{"id":"application-managehandovers-display-component---AddNewHO--smartFilterBar-btnBasicSearch","searchOpenDialogs":true,"interaction":{"idSuffix":"I"}},"clearTextFirst":true,"interactionType":"ENTER_TEXT"}]}
COMMAND: POST /session/f199610b81d2740d08c28d2a7b12bbb6/actions - {"actions":[{"id":"action49","type":"key","parameters":{},"actions":[{"type":"keyDown","value":"î€‡"},{"type":"pause","duration":10},{"type":"keyUp","value":"î€‡"}]}]}
RESULT: {"actions":[{"id":"action49","type":"key","parameters":{},"actions":[{"type":"keyDown","value":"î€‡"},{"type":"pause","duration":10},{"type":"keyUp","value":"î€‡"}]}]}
COMMAND: GET /session/f199610b81d2740d08c28d2a7b12bbb6/screenshot - {}
RESULT: {}
COMMAND: POST /session/f199610b81d2740d08c28d2a7b12bbb6/execute/async - {"script":"<script> [1562 bytes]","args":[{"selector":{"id":"application-managehandovers-display-component---AddNewHO--popup-sa","searchOpenDialogs":true,"interaction":{"idSuffix":"CbBg"}},"wdio_ui5_key":"applicationmanagehandovers-display-component---AddNewHO--popup-sa"}]}
RESULT: {"script":"<script> [1562 bytes]","args":[{"selector":{"id":"application-managehandovers-display-component---AddNewHO--popup-sa","searchOpenDialogs":true,"interaction":{"idSuffix":"CbBg"}},"wdio_ui5_key":"applicationmanagehandovers-display-component---AddNewHO--popup-sa"}]}
RESULT: undefined
COMMAND: POST /session/f199610b81d2740d08c28d2a7b12bbb6/element - {"using":"xpath","value":"//*[@id=\"application-managehandovers-display-component---AddNewHO--popup-sa\"]"}
RESULT: {"using":"xpath","value":"//*[@id=\"application-managehandovers-display-component---AddNewHO--popup-sa\"]"}
COMMAND: POST /session/f199610b81d2740d08c28d2a7b12bbb6/element/f.2BFA133D83E8FE08190C073C8C008530.d.942392A005FE95D00091554B750EFC56.e.14929/click - {}
RESULT: {}
COMMAND: GET /session/f199610b81d2740d08c28d2a7b12bbb6/screenshot - {}
RESULT: {}
COMMAND: POST /session/f199610b81d2740d08c28d2a7b12bbb6/element - {"using":"xpath","value":"//bdi[contains(text(), \"Select\")]"}
RESULT: {"using":"xpath","value":"//bdi[contains(text(), \"Select\")]"}
COMMAND: POST /session/f199610b81d2740d08c28d2a7b12bbb6/element/f.2BFA133D83E8FE08190C073C8C008530.d.942392A005FE95D00091554B750EFC56.e.14931/click - {}
RESULT: {}
COMMAND: GET /session/f199610b81d2740d08c28d2a7b12bbb6/screenshot - {}
RESULT: {}
COMMAND: POST /session/f199610b81d2740d08c28d2a7b12bbb6/element - {"using":"xpath","value":"//button[@data-kt=\"AddNewHOSaveButton\"]"}
RESULT: {"using":"xpath","value":"//button[@data-kt=\"AddNewHOSaveButton\"]"}
COMMAND: POST /session/f199610b81d2740d08c28d2a7b12bbb6/element/f.2BFA133D83E8FE08190C073C8C008530.d.942392A005FE95D00091554B750EFC56.e.14935/click - {}
RESULT: {}
COMMAND: GET /session/f199610b81d2740d08c28d2a7b12bbb6/screenshot - {}
RESULT: {}
COMMAND: POST /session/f199610b81d2740d08c28d2a7b12bbb6/execute/async - {"script":"<script> [1562 bytes]","args":[{"selector":{"id":"receiptDatePicker","viewName":"etm.portal.ui.managehandovers.view.DetailExecuteHO","interaction":{"idSuffix":"inner"}},"wdio_ui5_key":"receiptDatePickeretmportal.ui.managehandovers.view.DetailExecuteHO"}]}
RESULT: {"script":"<script> [1562 bytes]","args":[{"selector":{"id":"receiptDatePicker","viewName":"etm.portal.ui.managehandovers.view.DetailExecuteHO","interaction":{"idSuffix":"inner"}},"wdio_ui5_key":"receiptDatePickeretmportal.ui.managehandovers.view.DetailExecuteHO"}]}
RESULT: undefined
COMMAND: POST /session/f199610b81d2740d08c28d2a7b12bbb6/execute/async - {"script":"<script> [6424 bytes]","args":[{"element-6066-11e4-a52e-4f735466cecf":"f.2BFA133D83E8FE08190C073C8C008530.d.942392A005FE95D00091554B750EFC56.e.14957"},"setValue",["5/19/25"]]}
RESULT: {"script":"<script> [6424 bytes]","args":[{"element-6066-11e4-a52e-4f735466cecf":"f.2BFA133D83E8FE08190C073C8C008530.d.942392A005FE95D00091554B750EFC56.e.14957"},"setValue",["5/19/25"]]}
COMMAND: POST /session/f199610b81d2740d08c28d2a7b12bbb6/element - {"using":"xpath","value":"//button[@data-kt=\"PickingTableConfirmAllButton\"]"}
RESULT: {"using":"xpath","value":"//button[@data-kt=\"PickingTableConfirmAllButton\"]"}
COMMAND: POST /session/f199610b81d2740d08c28d2a7b12bbb6/element/f.2BFA133D83E8FE08190C073C8C008530.d.942392A005FE95D00091554B750EFC56.e.14970/click - {}
RESULT: {}
COMMAND: GET /session/f199610b81d2740d08c28d2a7b12bbb6/screenshot - {}
RESULT: {}
COMMAND: POST /session/f199610b81d2740d08c28d2a7b12bbb6/element - {"using":"xpath","value":"//bdi[contains(text(), \"OK\")]"}
RESULT: {"using":"xpath","value":"//bdi[contains(text(), \"OK\")]"}
COMMAND: POST /session/f199610b81d2740d08c28d2a7b12bbb6/element/f.2BFA133D83E8FE08190C073C8C008530.d.942392A005FE95D00091554B750EFC56.e.14972/click - {}
RESULT: {}
COMMAND: GET /session/f199610b81d2740d08c28d2a7b12bbb6/screenshot - {}
RESULT: {}
COMMAND: POST /session/f199610b81d2740d08c28d2a7b12bbb6/element - {"using":"xpath","value":"(//bdi[contains(text(), \"Receive\")])[2]"}
RESULT: {"using":"xpath","value":"(//bdi[contains(text(), \"Receive\")])[2]"}
COMMAND: POST /session/f199610b81d2740d08c28d2a7b12bbb6/element/f.2BFA133D83E8FE08190C073C8C008530.d.942392A005FE95D00091554B750EFC56.e.14974/click - {}
RESULT: {}
COMMAND: GET /session/f199610b81d2740d08c28d2a7b12bbb6/screenshot - {}
RESULT: {}
COMMAND: POST /session/f199610b81d2740d08c28d2a7b12bbb6/element - {"using":"css selector","value":"#shell-header-logo"}
RESULT: {"using":"css selector","value":"#shell-header-logo"}
COMMAND: POST /session/f199610b81d2740d08c28d2a7b12bbb6/element/f.2BFA133D83E8FE08190C073C8C008530.d.942392A005FE95D00091554B750EFC56.e.14358/click - {}
RESULT: {}
COMMAND: GET /session/f199610b81d2740d08c28d2a7b12bbb6/screenshot - {}
RESULT: {}
]]></system-out>
    </testcase>
    <testcase classname="chrome.136_0_7103_93.windows.Provide_to_Site_w/o_warehouse_management_w_clarification" name="Should create a new contract" time="68.085">
      <system-out><![CDATA[
COMMAND: POST /session/f199610b81d2740d08c28d2a7b12bbb6/execute/async - {"script":"<script> [1562 bytes]","args":[{"selector":{"controlType":"sap.m.GenericTile","properties":{"header":"Manage Contracts"}},"wdio_ui5_key":"sapm.GenericTile{\"header\":\"Manage Contracts\"}"}]}
RESULT: {"script":"<script> [1562 bytes]","args":[{"selector":{"controlType":"sap.m.GenericTile","properties":{"header":"Manage Contracts"}},"wdio_ui5_key":"sapm.GenericTile{\"header\":\"Manage Contracts\"}"}]}
RESULT: undefined
COMMAND: POST /session/f199610b81d2740d08c28d2a7b12bbb6/element - {"using":"xpath","value":"//*[@id=\"__tile130\"]"}
RESULT: {"using":"xpath","value":"//*[@id=\"__tile130\"]"}
COMMAND: POST /session/f199610b81d2740d08c28d2a7b12bbb6/element/f.2BFA133D83E8FE08190C073C8C008530.d.942392A005FE95D00091554B750EFC56.e.13749/click - {}
RESULT: {}
COMMAND: GET /session/f199610b81d2740d08c28d2a7b12bbb6/screenshot - {}
RESULT: {}
COMMAND: POST /session/f199610b81d2740d08c28d2a7b12bbb6/elements - {"using":"xpath","value":"//span[text()='Error']"}
RESULT: {"using":"xpath","value":"//span[text()='Error']"}
COMMAND: POST /session/f199610b81d2740d08c28d2a7b12bbb6/element - {"using":"xpath","value":"//button[@data-kt=\"addButton\"]"}
RESULT: {"using":"xpath","value":"//button[@data-kt=\"addButton\"]"}
COMMAND: POST /session/f199610b81d2740d08c28d2a7b12bbb6/elements - {"using":"xpath","value":"//button[@data-kt=\"addButton\"]"}
RESULT: {"using":"xpath","value":"//button[@data-kt=\"addButton\"]"}
COMMAND: POST /session/f199610b81d2740d08c28d2a7b12bbb6/execute/sync - {"script":"<script> [8489 bytes]","args":[{"element-6066-11e4-a52e-4f735466cecf":"f.2BFA133D83E8FE08190C073C8C008530.d.942392A005FE95D00091554B750EFC56.e.15196","ELEMENT":"f.2BFA133D83E8FE08190C073C8C008530.d.942392A005FE95D00091554B750EFC56.e.15196"}]}
RESULT: {"script":"<script> [8489 bytes]","args":[{"element-6066-11e4-a52e-4f735466cecf":"f.2BFA133D83E8FE08190C073C8C008530.d.942392A005FE95D00091554B750EFC56.e.15196","ELEMENT":"f.2BFA133D83E8FE08190C073C8C008530.d.942392A005FE95D00091554B750EFC56.e.15196"}]}
COMMAND: GET /session/f199610b81d2740d08c28d2a7b12bbb6/element/f.2BFA133D83E8FE08190C073C8C008530.d.942392A005FE95D00091554B750EFC56.e.15196/enabled - {}
COMMAND: GET /session/f199610b81d2740d08c28d2a7b12bbb6/screenshot - {}
RESULT: {}
COMMAND: POST /session/f199610b81d2740d08c28d2a7b12bbb6/execute/sync - {"script":"<script> [8489 bytes]","args":[{"element-6066-11e4-a52e-4f735466cecf":"f.2BFA133D83E8FE08190C073C8C008530.d.942392A005FE95D00091554B750EFC56.e.15196","ELEMENT":"f.2BFA133D83E8FE08190C073C8C008530.d.942392A005FE95D00091554B750EFC56.e.15196"}]}
COMMAND: GET /session/f199610b81d2740d08c28d2a7b12bbb6/screenshot - {}
RESULT: {}
RESULT: {"script":"<script> [8489 bytes]","args":[{"element-6066-11e4-a52e-4f735466cecf":"f.2BFA133D83E8FE08190C073C8C008530.d.942392A005FE95D00091554B750EFC56.e.15196","ELEMENT":"f.2BFA133D83E8FE08190C073C8C008530.d.942392A005FE95D00091554B750EFC56.e.15196"}]}
COMMAND: POST /session/f199610b81d2740d08c28d2a7b12bbb6/execute/sync - {"script":"<script> [5351 bytes]","args":[{"element-6066-11e4-a52e-4f735466cecf":"f.2BFA133D83E8FE08190C073C8C008530.d.942392A005FE95D00091554B750EFC56.e.15196","ELEMENT":"f.2BFA133D83E8FE08190C073C8C008530.d.942392A005FE95D00091554B750EFC56.e.15196"}]}
COMMAND: GET /session/f199610b81d2740d08c28d2a7b12bbb6/screenshot - {}
RESULT: {}
RESULT: {"script":"<script> [5351 bytes]","args":[{"element-6066-11e4-a52e-4f735466cecf":"f.2BFA133D83E8FE08190C073C8C008530.d.942392A005FE95D00091554B750EFC56.e.15196","ELEMENT":"f.2BFA133D83E8FE08190C073C8C008530.d.942392A005FE95D00091554B750EFC56.e.15196"}]}
COMMAND: GET /session/f199610b81d2740d08c28d2a7b12bbb6/screenshot - {}
RESULT: {}
RESULT: {}
COMMAND: POST /session/f199610b81d2740d08c28d2a7b12bbb6/element/f.2BFA133D83E8FE08190C073C8C008530.d.942392A005FE95D00091554B750EFC56.e.15196/click - {}
RESULT: {}
COMMAND: GET /session/f199610b81d2740d08c28d2a7b12bbb6/screenshot - {}
COMMAND: POST /session/f199610b81d2740d08c28d2a7b12bbb6/execute/async - {"script":"<script> [1562 bytes]","args":[{"selector":{"id":"application-managecontracts-display-component---AddNewContract--projectDescription","interaction":{"idSuffix":"inner"}},"wdio_ui5_key":"applicationmanagecontracts-display-component---AddNewContract--projectDescription"}]}
RESULT: {}
RESULT: {"script":"<script> [1562 bytes]","args":[{"selector":{"id":"application-managecontracts-display-component---AddNewContract--projectDescription","interaction":{"idSuffix":"inner"}},"wdio_ui5_key":"applicationmanagecontracts-display-component---AddNewContract--projectDescription"}]}
RESULT: undefined
COMMAND: POST /session/f199610b81d2740d08c28d2a7b12bbb6/execute/async - {"script":"<script> [776 bytes]","args":[{"enterText":"Contract WDIO","selector":{"id":"application-managecontracts-display-component---AddNewContract--projectDescription","interaction":{"idSuffix":"inner"}},"clearTextFirst":true,"interactionType":"ENTER_TEXT"}]}
RESULT: {"script":"<script> [776 bytes]","args":[{"enterText":"Contract WDIO","selector":{"id":"application-managecontracts-display-component---AddNewContract--projectDescription","interaction":{"idSuffix":"inner"}},"clearTextFirst":true,"interactionType":"ENTER_TEXT"}]}
COMMAND: POST /session/f199610b81d2740d08c28d2a7b12bbb6/element - {"using":"xpath","value":"//input[@id=\"application-managecontracts-display-component---AddNewContract--site-inner\"]"}
RESULT: {"using":"xpath","value":"//input[@id=\"application-managecontracts-display-component---AddNewContract--site-inner\"]"}
COMMAND: POST /session/f199610b81d2740d08c28d2a7b12bbb6/element/f.2BFA133D83E8FE08190C073C8C008530.d.942392A005FE95D00091554B750EFC56.e.15553/clear - {}
RESULT: {}
COMMAND: POST /session/f199610b81d2740d08c28d2a7b12bbb6/element/f.2BFA133D83E8FE08190C073C8C008530.d.942392A005FE95D00091554B750EFC56.e.15553/value - {"text":"2270"}
COMMAND: GET /session/f199610b81d2740d08c28d2a7b12bbb6/screenshot - {}
RESULT: {"text":"2270"}
COMMAND: GET /session/f199610b81d2740d08c28d2a7b12bbb6/screenshot - {}
RESULT: {}
RESULT: {}
COMMAND: POST /session/f199610b81d2740d08c28d2a7b12bbb6/element - {"using":"xpath","value":"//li[.//span[text()='2270']]"}
RESULT: {"using":"xpath","value":"//li[.//span[text()='2270']]"}
COMMAND: POST /session/f199610b81d2740d08c28d2a7b12bbb6/element/f.2BFA133D83E8FE08190C073C8C008530.d.942392A005FE95D00091554B750EFC56.e.15590/click - {}
RESULT: {}
COMMAND: GET /session/f199610b81d2740d08c28d2a7b12bbb6/screenshot - {}
RESULT: {}
COMMAND: POST /session/f199610b81d2740d08c28d2a7b12bbb6/element - {"using":"xpath","value":"//input[@id=\"application-managecontracts-display-component---AddNewContract--yardId-inner\"]"}
RESULT: {"using":"xpath","value":"//input[@id=\"application-managecontracts-display-component---AddNewContract--yardId-inner\"]"}
COMMAND: GET /session/f199610b81d2740d08c28d2a7b12bbb6/element/f.2BFA133D83E8FE08190C073C8C008530.d.942392A005FE95D00091554B750EFC56.e.15554/property/value - {}
RESULT: {}
COMMAND: POST /session/f199610b81d2740d08c28d2a7b12bbb6/element - {"using":"xpath","value":"//input[@id=\"application-managecontracts-display-component---AddNewContract--customerSelect-inner\"]"}
COMMAND: GET /session/f199610b81d2740d08c28d2a7b12bbb6/screenshot - {}
RESULT: {"using":"xpath","value":"//input[@id=\"application-managecontracts-display-component---AddNewContract--customerSelect-inner\"]"}
COMMAND: POST /session/f199610b81d2740d08c28d2a7b12bbb6/element/f.2BFA133D83E8FE08190C073C8C008530.d.942392A005FE95D00091554B750EFC56.e.15552/clear - {}
RESULT: {}
RESULT: {}
COMMAND: POST /session/f199610b81d2740d08c28d2a7b12bbb6/element/f.2BFA133D83E8FE08190C073C8C008530.d.942392A005FE95D00091554B750EFC56.e.15552/value - {"text":"1323"}
COMMAND: GET /session/f199610b81d2740d08c28d2a7b12bbb6/screenshot - {}
RESULT: {"text":"1323"}
COMMAND: GET /session/f199610b81d2740d08c28d2a7b12bbb6/screenshot - {}
RESULT: {}
RESULT: {}
COMMAND: POST /session/f199610b81d2740d08c28d2a7b12bbb6/element - {"using":"xpath","value":"//li[.//span[text()='1323']]"}
RESULT: {"using":"xpath","value":"//li[.//span[text()='1323']]"}
COMMAND: POST /session/f199610b81d2740d08c28d2a7b12bbb6/element/f.2BFA133D83E8FE08190C073C8C008530.d.942392A005FE95D00091554B750EFC56.e.15593/click - {}
RESULT: {}
COMMAND: GET /session/f199610b81d2740d08c28d2a7b12bbb6/screenshot - {}
RESULT: {}
COMMAND: POST /session/f199610b81d2740d08c28d2a7b12bbb6/element - {"using":"xpath","value":"//button[@data-kt=\"saveButton\"]"}
RESULT: {"using":"xpath","value":"//button[@data-kt=\"saveButton\"]"}
COMMAND: POST /session/f199610b81d2740d08c28d2a7b12bbb6/element/f.2BFA133D83E8FE08190C073C8C008530.d.942392A005FE95D00091554B750EFC56.e.15594/click - {}
RESULT: {}
COMMAND: GET /session/f199610b81d2740d08c28d2a7b12bbb6/screenshot - {}
RESULT: {}
COMMAND: POST /session/f199610b81d2740d08c28d2a7b12bbb6/element - {"using":"xpath","value":"//span[contains(@id ,\"contractDetailTitleNoExpanded\")]"}
RESULT: {"using":"xpath","value":"//span[contains(@id ,\"contractDetailTitleNoExpanded\")]"}
COMMAND: POST /session/f199610b81d2740d08c28d2a7b12bbb6/elements - {"using":"xpath","value":"//span[contains(@id ,\"contractDetailTitleNoExpanded\")]"}
RESULT: {"using":"xpath","value":"//span[contains(@id ,\"contractDetailTitleNoExpanded\")]"}
COMMAND: POST /session/f199610b81d2740d08c28d2a7b12bbb6/execute/sync - {"script":"<script> [56 bytes]","args":[{"element-6066-11e4-a52e-4f735466cecf":"f.2BFA133D83E8FE08190C073C8C008530.d.942392A005FE95D00091554B750EFC56.e.15667","ELEMENT":"f.2BFA133D83E8FE08190C073C8C008530.d.942392A005FE95D00091554B750EFC56.e.15667"}]}
RESULT: {"script":"<script> [56 bytes]","args":[{"element-6066-11e4-a52e-4f735466cecf":"f.2BFA133D83E8FE08190C073C8C008530.d.942392A005FE95D00091554B750EFC56.e.15667","ELEMENT":"f.2BFA133D83E8FE08190C073C8C008530.d.942392A005FE95D00091554B750EFC56.e.15667"}]}
COMMAND: GET /session/f199610b81d2740d08c28d2a7b12bbb6/screenshot - {}
RESULT: {}
]]></system-out>
    </testcase>
    <testcase classname="chrome.136_0_7103_93.windows.Provide_to_Site_w/o_warehouse_management_w_clarification" name="Should add equipment to the contract" time="63.635">
      <system-out><![CDATA[
COMMAND: POST /session/f199610b81d2740d08c28d2a7b12bbb6/element - {"using":"xpath","value":"//button[@data-kt=\"contractDetailEditBtnButton\"]"}
RESULT: {"using":"xpath","value":"//button[@data-kt=\"contractDetailEditBtnButton\"]"}
COMMAND: POST /session/f199610b81d2740d08c28d2a7b12bbb6/element/f.2BFA133D83E8FE08190C073C8C008530.d.942392A005FE95D00091554B750EFC56.e.15668/click - {}
RESULT: {}
COMMAND: GET /session/f199610b81d2740d08c28d2a7b12bbb6/screenshot - {}
RESULT: {}
COMMAND: POST /session/f199610b81d2740d08c28d2a7b12bbb6/element - {"using":"xpath","value":"(//span[contains(text(), \"Additional Addresses\")])[2]"}
RESULT: {"using":"xpath","value":"(//span[contains(text(), \"Additional Addresses\")])[2]"}
COMMAND: POST /session/f199610b81d2740d08c28d2a7b12bbb6/element/f.2BFA133D83E8FE08190C073C8C008530.d.942392A005FE95D00091554B750EFC56.e.15724/click - {}
RESULT: {}
COMMAND: GET /session/f199610b81d2740d08c28d2a7b12bbb6/screenshot - {}
RESULT: {}
COMMAND: POST /session/f199610b81d2740d08c28d2a7b12bbb6/element - {"using":"xpath","value":"//button[@data-kt=\"btnAddTableRowOverflowToolbarButton\"]"}
RESULT: {"using":"xpath","value":"//button[@data-kt=\"btnAddTableRowOverflowToolbarButton\"]"}
COMMAND: POST /session/f199610b81d2740d08c28d2a7b12bbb6/element/f.2BFA133D83E8FE08190C073C8C008530.d.942392A005FE95D00091554B750EFC56.e.15727/click - {}
RESULT: {}
COMMAND: GET /session/f199610b81d2740d08c28d2a7b12bbb6/screenshot - {}
RESULT: {}
COMMAND: POST /session/f199610b81d2740d08c28d2a7b12bbb6/element - {"using":"xpath","value":"//div[(text() = 'Standard Entry' or . = 'Standard Entry')]"}
RESULT: {"using":"xpath","value":"//div[(text() = 'Standard Entry' or . = 'Standard Entry')]"}
COMMAND: POST /session/f199610b81d2740d08c28d2a7b12bbb6/element/f.2BFA133D83E8FE08190C073C8C008530.d.942392A005FE95D00091554B750EFC56.e.15729/click - {}
RESULT: {}
COMMAND: GET /session/f199610b81d2740d08c28d2a7b12bbb6/screenshot - {}
RESULT: {}
COMMAND: POST /session/f199610b81d2740d08c28d2a7b12bbb6/element - {"using":"xpath","value":"//td[6]/div/div/div/span"}
RESULT: {"using":"xpath","value":"//td[6]/div/div/div/span"}
COMMAND: POST /session/f199610b81d2740d08c28d2a7b12bbb6/element/f.2BFA133D83E8FE08190C073C8C008530.d.942392A005FE95D00091554B750EFC56.e.15741/click - {}
RESULT: {}
COMMAND: GET /session/f199610b81d2740d08c28d2a7b12bbb6/screenshot - {}
RESULT: {}
COMMAND: POST /session/f199610b81d2740d08c28d2a7b12bbb6/element - {"using":"xpath","value":"(//span[contains(text(), \"Material\")])"}
RESULT: {"using":"xpath","value":"(//span[contains(text(), \"Material\")])"}
COMMAND: POST /session/f199610b81d2740d08c28d2a7b12bbb6/element/f.2BFA133D83E8FE08190C073C8C008530.d.942392A005FE95D00091554B750EFC56.e.15742/click - {}
RESULT: {}
COMMAND: GET /session/f199610b81d2740d08c28d2a7b12bbb6/screenshot - {}
RESULT: {}
COMMAND: POST /session/f199610b81d2740d08c28d2a7b12bbb6/element - {"using":"xpath","value":"//td[7]/div/div/input"}
RESULT: {"using":"xpath","value":"//td[7]/div/div/input"}
COMMAND: POST /session/f199610b81d2740d08c28d2a7b12bbb6/element/f.2BFA133D83E8FE08190C073C8C008530.d.942392A005FE95D00091554B750EFC56.e.15746/clear - {}
RESULT: {}
COMMAND: POST /session/f199610b81d2740d08c28d2a7b12bbb6/element/f.2BFA133D83E8FE08190C073C8C008530.d.942392A005FE95D00091554B750EFC56.e.15746/value - {"text":"200292"}
COMMAND: GET /session/f199610b81d2740d08c28d2a7b12bbb6/screenshot - {}
RESULT: {"text":"200292"}
COMMAND: GET /session/f199610b81d2740d08c28d2a7b12bbb6/screenshot - {}
RESULT: {}
RESULT: {}
COMMAND: POST /session/f199610b81d2740d08c28d2a7b12bbb6/actions - {"actions":[{"id":"action50","type":"key","parameters":{},"actions":[{"type":"keyDown","value":"î€‡"},{"type":"pause","duration":10},{"type":"keyUp","value":"î€‡"}]}]}
RESULT: {"actions":[{"id":"action50","type":"key","parameters":{},"actions":[{"type":"keyDown","value":"î€‡"},{"type":"pause","duration":10},{"type":"keyUp","value":"î€‡"}]}]}
COMMAND: GET /session/f199610b81d2740d08c28d2a7b12bbb6/screenshot - {}
COMMAND: POST /session/f199610b81d2740d08c28d2a7b12bbb6/execute/sync - {"script":"<script> [276 bytes]","args":["No pricing information was found"]}
RESULT: {}
RESULT: {"script":"<script> [276 bytes]","args":["No pricing information was found"]}
COMMAND: POST /session/f199610b81d2740d08c28d2a7b12bbb6/element - {"using":"xpath","value":"//bdi[contains(text(), \"OK\")]"}
COMMAND: GET /session/f199610b81d2740d08c28d2a7b12bbb6/screenshot - {}
RESULT: {"using":"xpath","value":"//bdi[contains(text(), \"OK\")]"}
COMMAND: POST /session/f199610b81d2740d08c28d2a7b12bbb6/element/f.2BFA133D83E8FE08190C073C8C008530.d.942392A005FE95D00091554B750EFC56.e.15772/click - {}
RESULT: {}
RESULT: {}
COMMAND: GET /session/f199610b81d2740d08c28d2a7b12bbb6/screenshot - {}
RESULT: {}
COMMAND: POST /session/f199610b81d2740d08c28d2a7b12bbb6/element - {"using":"xpath","value":"(//button[@data-kt=\"saveButton\"])[2]"}
RESULT: {"using":"xpath","value":"(//button[@data-kt=\"saveButton\"])[2]"}
COMMAND: POST /session/f199610b81d2740d08c28d2a7b12bbb6/element/f.2BFA133D83E8FE08190C073C8C008530.d.942392A005FE95D00091554B750EFC56.e.15773/click - {}
RESULT: {}
COMMAND: GET /session/f199610b81d2740d08c28d2a7b12bbb6/screenshot - {}
RESULT: {}
COMMAND: POST /session/f199610b81d2740d08c28d2a7b12bbb6/execute/sync - {"script":"<script> [276 bytes]","args":["Some contract items are having rental validity exceeding header rental validity"]}
RESULT: {"script":"<script> [276 bytes]","args":["Some contract items are having rental validity exceeding header rental validity"]}
COMMAND: GET /session/f199610b81d2740d08c28d2a7b12bbb6/screenshot - {}
RESULT: {}
COMMAND: POST /session/f199610b81d2740d08c28d2a7b12bbb6/element - {"using":"xpath","value":"//span[contains(@id ,\"contractItemsSmartTable-header-inner\")]"}
RESULT: {"using":"xpath","value":"//span[contains(@id ,\"contractItemsSmartTable-header-inner\")]"}
COMMAND: POST /session/f199610b81d2740d08c28d2a7b12bbb6/elements - {"using":"xpath","value":"//span[contains(@id ,\"contractItemsSmartTable-header-inner\")]"}
RESULT: {"using":"xpath","value":"//span[contains(@id ,\"contractItemsSmartTable-header-inner\")]"}
COMMAND: POST /session/f199610b81d2740d08c28d2a7b12bbb6/execute/sync - {"script":"<script> [56 bytes]","args":[{"element-6066-11e4-a52e-4f735466cecf":"f.2BFA133D83E8FE08190C073C8C008530.d.942392A005FE95D00091554B750EFC56.e.15778","ELEMENT":"f.2BFA133D83E8FE08190C073C8C008530.d.942392A005FE95D00091554B750EFC56.e.15778"}]}
RESULT: {"script":"<script> [56 bytes]","args":[{"element-6066-11e4-a52e-4f735466cecf":"f.2BFA133D83E8FE08190C073C8C008530.d.942392A005FE95D00091554B750EFC56.e.15778","ELEMENT":"f.2BFA133D83E8FE08190C073C8C008530.d.942392A005FE95D00091554B750EFC56.e.15778"}]}
]]></system-out>
    </testcase>
    <testcase classname="chrome.136_0_7103_93.windows.Provide_to_Site_w/o_warehouse_management_w_clarification" name="Should do provide to site" time="141.56">
      <system-out><![CDATA[
COMMAND: GET /session/f199610b81d2740d08c28d2a7b12bbb6/screenshot - {}
COMMAND: POST /session/f199610b81d2740d08c28d2a7b12bbb6/element - {"using":"xpath","value":"//button[@data-kt=\"provideButton\"]"}
RESULT: {}
RESULT: {"using":"xpath","value":"//button[@data-kt=\"provideButton\"]"}
COMMAND: POST /session/f199610b81d2740d08c28d2a7b12bbb6/element/f.2BFA133D83E8FE08190C073C8C008530.d.942392A005FE95D00091554B750EFC56.e.15779/click - {}
RESULT: {}
COMMAND: GET /session/f199610b81d2740d08c28d2a7b12bbb6/screenshot - {}
COMMAND: POST /session/f199610b81d2740d08c28d2a7b12bbb6/element - {"using":"xpath","value":"(//div[contains(@id, \"application-managehandovers-display-component---AddNewHO--oneStep-CbBg\")])"}
RESULT: {}
RESULT: {"using":"xpath","value":"(//div[contains(@id, \"application-managehandovers-display-component---AddNewHO--oneStep-CbBg\")])"}
COMMAND: POST /session/f199610b81d2740d08c28d2a7b12bbb6/element - {"using":"xpath","value":"(//div[contains(@id, \"application-managehandovers-display-component---AddNewHO--oneStep-CbBg\")])/input"}
RESULT: {"using":"xpath","value":"(//div[contains(@id, \"application-managehandovers-display-component---AddNewHO--oneStep-CbBg\")])/input"}
COMMAND: GET /session/f199610b81d2740d08c28d2a7b12bbb6/element/f.2BFA133D83E8FE08190C073C8C008530.d.942392A005FE95D00091554B750EFC56.e.15857/attribute/checked - {}
RESULT: {}
RESULT: undefined
COMMAND: POST /session/f199610b81d2740d08c28d2a7b12bbb6/execute/async - {"script":"<script> [6424 bytes]","args":[{"element-6066-11e4-a52e-4f735466cecf":"f.2BFA133D83E8FE08190C073C8C008530.d.942392A005FE95D00091554B750EFC56.e.14750"},"setValue",["05/19/25"]]}
COMMAND: POST /session/f199610b81d2740d08c28d2a7b12bbb6/element/f.2BFA133D83E8FE08190C073C8C008530.d.942392A005FE95D00091554B750EFC56.e.16086/click - {}
RESULT: {}
COMMAND: GET /session/f199610b81d2740d08c28d2a7b12bbb6/screenshot - {}
COMMAND: POST /session/f199610b81d2740d08c28d2a7b12bbb6/execute/async - {"script":"<script> [1562 bytes]","args":[{"selector":{"id":"application-managehandovers-display-component---AddNewHO--dueDate","interaction":{"idSuffix":"inner"}},"wdio_ui5_key":"applicationmanagehandovers-display-component---AddNewHO--dueDate"}]}
RESULT: {}
RESULT: {"script":"<script> [1562 bytes]","args":[{"selector":{"id":"application-managehandovers-display-component---AddNewHO--dueDate","interaction":{"idSuffix":"inner"}},"wdio_ui5_key":"applicationmanagehandovers-display-component---AddNewHO--dueDate"}]}
COMMAND: POST /session/f199610b81d2740d08c28d2a7b12bbb6/execute/async - {"script":"<script> [6424 bytes]","args":[{"element-6066-11e4-a52e-4f735466cecf":"f.2BFA133D83E8FE08190C073C8C008530.d.942392A005FE95D00091554B750EFC56.e.15855"},"setValue",["05/19/25"]]}
RESULT: {"script":"<script> [6424 bytes]","args":[{"element-6066-11e4-a52e-4f735466cecf":"f.2BFA133D83E8FE08190C073C8C008530.d.942392A005FE95D00091554B750EFC56.e.15855"},"setValue",["05/19/25"]]}
COMMAND: POST /session/f199610b81d2740d08c28d2a7b12bbb6/element - {"using":"xpath","value":"//bdi[contains(text(), \"Instructions\")]"}
RESULT: {"using":"xpath","value":"//bdi[contains(text(), \"Instructions\")]"}
COMMAND: POST /session/f199610b81d2740d08c28d2a7b12bbb6/element/f.2BFA133D83E8FE08190C073C8C008530.d.942392A005FE95D00091554B750EFC56.e.16093/click - {}
RESULT: {}
COMMAND: GET /session/f199610b81d2740d08c28d2a7b12bbb6/screenshot - {}
RESULT: {}
COMMAND: POST /session/f199610b81d2740d08c28d2a7b12bbb6/element - {"using":"xpath","value":"//button[@data-kt=\"AddNewHOProvideAddItemsButton\"]"}
RESULT: {"using":"xpath","value":"//button[@data-kt=\"AddNewHOProvideAddItemsButton\"]"}
COMMAND: POST /session/f199610b81d2740d08c28d2a7b12bbb6/element/f.2BFA133D83E8FE08190C073C8C008530.d.942392A005FE95D00091554B750EFC56.e.16097/click - {}
RESULT: {}
COMMAND: GET /session/f199610b81d2740d08c28d2a7b12bbb6/screenshot - {}
RESULT: {}
RESULT: undefined
COMMAND: POST /session/f199610b81d2740d08c28d2a7b12bbb6/element - {"using":"xpath","value":"//*[@id=\"application-managehandovers-display-component---AddNewHO--popup-sa\"]"}
RESULT: {"using":"xpath","value":"//*[@id=\"application-managehandovers-display-component---AddNewHO--popup-sa\"]"}
COMMAND: POST /session/f199610b81d2740d08c28d2a7b12bbb6/element/f.2BFA133D83E8FE08190C073C8C008530.d.942392A005FE95D00091554B750EFC56.e.16106/click - {}
RESULT: {}
COMMAND: GET /session/f199610b81d2740d08c28d2a7b12bbb6/screenshot - {}
RESULT: {}
COMMAND: POST /session/f199610b81d2740d08c28d2a7b12bbb6/element - {"using":"xpath","value":"//*[contains(@id ,\"BDI-content\")][contains(text(), \"Select\")]"}
RESULT: {"using":"xpath","value":"//*[contains(@id ,\"BDI-content\")][contains(text(), \"Select\")]"}
COMMAND: POST /session/f199610b81d2740d08c28d2a7b12bbb6/element/f.2BFA133D83E8FE08190C073C8C008530.d.942392A005FE95D00091554B750EFC56.e.16108/click - {}
RESULT: {}
COMMAND: GET /session/f199610b81d2740d08c28d2a7b12bbb6/screenshot - {}
RESULT: {}
COMMAND: POST /session/f199610b81d2740d08c28d2a7b12bbb6/execute/async - {"script":"<script> [1562 bytes]","args":[{"selector":{"id":"application-managehandovers-display-component---AddNewHO--confirmCreationButton","interaction":{"idSuffix":"BDI-content"}},"wdio_ui5_key":"applicationmanagehandovers-display-component---AddNewHO--confirmCreationButton"}]}
RESULT: {"script":"<script> [1562 bytes]","args":[{"selector":{"id":"application-managehandovers-display-component---AddNewHO--confirmCreationButton","interaction":{"idSuffix":"BDI-content"}},"wdio_ui5_key":"applicationmanagehandovers-display-component---AddNewHO--confirmCreationButton"}]}
RESULT: undefined
COMMAND: POST /session/f199610b81d2740d08c28d2a7b12bbb6/element - {"using":"xpath","value":"//*[@id=\"application-managehandovers-display-component---AddNewHO--confirmCreationButton\"]"}
RESULT: {"using":"xpath","value":"//*[@id=\"application-managehandovers-display-component---AddNewHO--confirmCreationButton\"]"}
COMMAND: POST /session/f199610b81d2740d08c28d2a7b12bbb6/element/f.2BFA133D83E8FE08190C073C8C008530.d.942392A005FE95D00091554B750EFC56.e.15901/click - {}
RESULT: {}
COMMAND: GET /session/f199610b81d2740d08c28d2a7b12bbb6/screenshot - {}
RESULT: {}
COMMAND: POST /session/f199610b81d2740d08c28d2a7b12bbb6/execute/async - {"script":"<script> [1562 bytes]","args":[{"selector":{"id":"issueDatePicker","viewName":"etm.portal.ui.managehandovers.view.DetailExecuteHO","interaction":{"idSuffix":"inner"}},"wdio_ui5_key":"issueDatePickeretmportal.ui.managehandovers.view.DetailExecuteHO"}]}
RESULT: {"script":"<script> [1562 bytes]","args":[{"selector":{"id":"issueDatePicker","viewName":"etm.portal.ui.managehandovers.view.DetailExecuteHO","interaction":{"idSuffix":"inner"}},"wdio_ui5_key":"issueDatePickeretmportal.ui.managehandovers.view.DetailExecuteHO"}]}
RESULT: undefined
COMMAND: POST /session/f199610b81d2740d08c28d2a7b12bbb6/execute/async - {"script":"<script> [776 bytes]","args":[{"enterText":"5/19/25","selector":{"id":"issueDatePicker","viewName":"etm.portal.ui.managehandovers.view.DetailExecuteHO","interaction":{"idSuffix":"inner"}},"clearTextFirst":true,"interactionType":"ENTER_TEXT"}]}
RESULT: {"script":"<script> [776 bytes]","args":[{"enterText":"5/19/25","selector":{"id":"issueDatePicker","viewName":"etm.portal.ui.managehandovers.view.DetailExecuteHO","interaction":{"idSuffix":"inner"}},"clearTextFirst":true,"interactionType":"ENTER_TEXT"}]}
COMMAND: POST /session/f199610b81d2740d08c28d2a7b12bbb6/element - {"using":"xpath","value":"//bdi[contains(text(), \"OK\")]"}
RESULT: {"using":"xpath","value":"//bdi[contains(text(), \"OK\")]"}
COMMAND: POST /session/f199610b81d2740d08c28d2a7b12bbb6/element/f.2BFA133D83E8FE08190C073C8C008530.d.942392A005FE95D00091554B750EFC56.e.16150/click - {}
RESULT: {}
COMMAND: GET /session/f199610b81d2740d08c28d2a7b12bbb6/screenshot - {}
RESULT: {}
COMMAND: POST /session/f199610b81d2740d08c28d2a7b12bbb6/element - {"using":"xpath","value":"//button[@data-kt=\"PickingTableConfirmAllButton\"]"}
RESULT: {"using":"xpath","value":"//button[@data-kt=\"PickingTableConfirmAllButton\"]"}
COMMAND: POST /session/f199610b81d2740d08c28d2a7b12bbb6/element/f.2BFA133D83E8FE08190C073C8C008530.d.942392A005FE95D00091554B750EFC56.e.16157/click - {}
RESULT: {}
COMMAND: GET /session/f199610b81d2740d08c28d2a7b12bbb6/screenshot - {}
RESULT: {}
COMMAND: POST /session/f199610b81d2740d08c28d2a7b12bbb6/element - {"using":"xpath","value":"//bdi[contains(text(), \"OK\")]"}
RESULT: {"using":"xpath","value":"//bdi[contains(text(), \"OK\")]"}
COMMAND: POST /session/f199610b81d2740d08c28d2a7b12bbb6/element/f.2BFA133D83E8FE08190C073C8C008530.d.942392A005FE95D00091554B750EFC56.e.16160/click - {}
RESULT: {}
COMMAND: GET /session/f199610b81d2740d08c28d2a7b12bbb6/screenshot - {}
RESULT: {}
COMMAND: POST /session/f199610b81d2740d08c28d2a7b12bbb6/element - {"using":"xpath","value":"//button[@data-kt=\"execHoPickButton\"]"}
RESULT: {"using":"xpath","value":"//button[@data-kt=\"execHoPickButton\"]"}
COMMAND: POST /session/f199610b81d2740d08c28d2a7b12bbb6/element/f.2BFA133D83E8FE08190C073C8C008530.d.942392A005FE95D00091554B750EFC56.e.16162/click - {}
RESULT: {}
COMMAND: GET /session/f199610b81d2740d08c28d2a7b12bbb6/screenshot - {}
RESULT: {}
COMMAND: POST /session/f199610b81d2740d08c28d2a7b12bbb6/element - {"using":"xpath","value":"//span[contains(@id ,\"filterItemControl_BASIC-RECEIVE_CONTRACT-vhi\")]"}
RESULT: {"using":"xpath","value":"//span[contains(@id ,\"filterItemControl_BASIC-RECEIVE_CONTRACT-vhi\")]"}
COMMAND: POST /session/f199610b81d2740d08c28d2a7b12bbb6/element/f.2BFA133D83E8FE08190C073C8C008530.d.942392A005FE95D00091554B750EFC56.e.16336/click - {}
RESULT: {}
COMMAND: GET /session/f199610b81d2740d08c28d2a7b12bbb6/screenshot - {}
RESULT: {}
COMMAND: POST /session/f199610b81d2740d08c28d2a7b12bbb6/execute/async - {"script":"<script> [1562 bytes]","args":[{"selector":{"controlType":"sap.m.SearchField","viewName":"etm.portal.ui.managehandovers.view.MasterHO","bindingPath":{"path":"","propertyPath":"/_BASIC_SEARCH_FIELD","modelName":"fi1t3rM0d31"},"searchOpenDialogs":true,"interaction":{"idSuffix":"I"}},"wdio_ui5_key":"etmportal.ui.managehandovers.view.MasterHOsap.m.SearchField{\"path\":\"\",\"propertyPath\":\"/_BASIC_SEARCH_FIELD\",\"modelName\":\"fi1t3rM0d31\"}"}]}
RESULT: {"script":"<script> [1562 bytes]","args":[{"selector":{"controlType":"sap.m.SearchField","viewName":"etm.portal.ui.managehandovers.view.MasterHO","bindingPath":{"path":"","propertyPath":"/_BASIC_SEARCH_FIELD","modelName":"fi1t3rM0d31"},"searchOpenDialogs":true,"interaction":{"idSuffix":"I"}},"wdio_ui5_key":"etmportal.ui.managehandovers.view.MasterHOsap.m.SearchField{\"path\":\"\",\"propertyPath\":\"/_BASIC_SEARCH_FIELD\",\"modelName\":\"fi1t3rM0d31\"}"}]}
RESULT: undefined
COMMAND: POST /session/f199610b81d2740d08c28d2a7b12bbb6/execute/async - {"script":"<script> [776 bytes]","args":[{"enterText":"10381","selector":{"controlType":"sap.m.SearchField","viewName":"etm.portal.ui.managehandovers.view.MasterHO","bindingPath":{"path":"","propertyPath":"/_BASIC_SEARCH_FIELD","modelName":"fi1t3rM0d31"},"searchOpenDialogs":true,"interaction":{"idSuffix":"I"}},"clearTextFirst":true,"interactionType":"ENTER_TEXT"}]}
RESULT: {"script":"<script> [776 bytes]","args":[{"enterText":"10381","selector":{"controlType":"sap.m.SearchField","viewName":"etm.portal.ui.managehandovers.view.MasterHO","bindingPath":{"path":"","propertyPath":"/_BASIC_SEARCH_FIELD","modelName":"fi1t3rM0d31"},"searchOpenDialogs":true,"interaction":{"idSuffix":"I"}},"clearTextFirst":true,"interactionType":"ENTER_TEXT"}]}
COMMAND: POST /session/f199610b81d2740d08c28d2a7b12bbb6/actions - {"actions":[{"id":"action51","type":"key","parameters":{},"actions":[{"type":"keyDown","value":"î€‡"},{"type":"pause","duration":10},{"type":"keyUp","value":"î€‡"}]}]}
RESULT: {"actions":[{"id":"action51","type":"key","parameters":{},"actions":[{"type":"keyDown","value":"î€‡"},{"type":"pause","duration":10},{"type":"keyUp","value":"î€‡"}]}]}
COMMAND: GET /session/f199610b81d2740d08c28d2a7b12bbb6/screenshot - {}
RESULT: {}
COMMAND: POST /session/f199610b81d2740d08c28d2a7b12bbb6/element - {"using":"xpath","value":"//div[contains(@id, 'filterItemControl_BASIC-RECEIVE_CONTRACT-valueHelpDialog-table-rowsel0')]"}
RESULT: {"using":"xpath","value":"//div[contains(@id, 'filterItemControl_BASIC-RECEIVE_CONTRACT-valueHelpDialog-table-rowsel0')]"}
COMMAND: POST /session/f199610b81d2740d08c28d2a7b12bbb6/element/f.2BFA133D83E8FE08190C073C8C008530.d.942392A005FE95D00091554B750EFC56.e.16346/click - {}
RESULT: {}
COMMAND: GET /session/f199610b81d2740d08c28d2a7b12bbb6/screenshot - {}
RESULT: {}
COMMAND: POST /session/f199610b81d2740d08c28d2a7b12bbb6/element - {"using":"xpath","value":"//bdi[contains(text(), \"OK\")]"}
RESULT: {"using":"xpath","value":"//bdi[contains(text(), \"OK\")]"}
COMMAND: POST /session/f199610b81d2740d08c28d2a7b12bbb6/element/f.2BFA133D83E8FE08190C073C8C008530.d.942392A005FE95D00091554B750EFC56.e.16348/click - {}
RESULT: {}
COMMAND: GET /session/f199610b81d2740d08c28d2a7b12bbb6/screenshot - {}
RESULT: {}
COMMAND: POST /session/f199610b81d2740d08c28d2a7b12bbb6/element - {"using":"xpath","value":"//span[contains(@id, \"smartTable-header-inner\")]"}
RESULT: {"using":"xpath","value":"//span[contains(@id, \"smartTable-header-inner\")]"}
COMMAND: POST /session/f199610b81d2740d08c28d2a7b12bbb6/elements - {"using":"xpath","value":"//span[contains(@id, \"smartTable-header-inner\")]"}
RESULT: {"using":"xpath","value":"//span[contains(@id, \"smartTable-header-inner\")]"}
COMMAND: POST /session/f199610b81d2740d08c28d2a7b12bbb6/execute/sync - {"script":"<script> [56 bytes]","args":[{"element-6066-11e4-a52e-4f735466cecf":"f.2BFA133D83E8FE08190C073C8C008530.d.942392A005FE95D00091554B750EFC56.e.16377","ELEMENT":"f.2BFA133D83E8FE08190C073C8C008530.d.942392A005FE95D00091554B750EFC56.e.16377"}]}
RESULT: {"script":"<script> [56 bytes]","args":[{"element-6066-11e4-a52e-4f735466cecf":"f.2BFA133D83E8FE08190C073C8C008530.d.942392A005FE95D00091554B750EFC56.e.16377","ELEMENT":"f.2BFA133D83E8FE08190C073C8C008530.d.942392A005FE95D00091554B750EFC56.e.16377"}]}
COMMAND: POST /session/f199610b81d2740d08c28d2a7b12bbb6/element - {"using":"xpath","value":"//table[contains(@id, \"customHandovers\")]//tbody/tr[1]/td[2]/span"}
COMMAND: GET /session/f199610b81d2740d08c28d2a7b12bbb6/screenshot - {}
RESULT: {"using":"xpath","value":"//table[contains(@id, \"customHandovers\")]//tbody/tr[1]/td[2]/span"}
COMMAND: POST /session/f199610b81d2740d08c28d2a7b12bbb6/execute/sync - {"script":"<script> [56 bytes]","args":[{"element-6066-11e4-a52e-4f735466cecf":"f.2BFA133D83E8FE08190C073C8C008530.d.942392A005FE95D00091554B750EFC56.e.16378","ELEMENT":"f.2BFA133D83E8FE08190C073C8C008530.d.942392A005FE95D00091554B750EFC56.e.16378"}]}
RESULT: {}
RESULT: {"script":"<script> [56 bytes]","args":[{"element-6066-11e4-a52e-4f735466cecf":"f.2BFA133D83E8FE08190C073C8C008530.d.942392A005FE95D00091554B750EFC56.e.16378","ELEMENT":"f.2BFA133D83E8FE08190C073C8C008530.d.942392A005FE95D00091554B750EFC56.e.16378"}]}
COMMAND: POST /session/f199610b81d2740d08c28d2a7b12bbb6/element - {"using":"xpath","value":"(//span[contains(@id, \"imgNav\")])[1]"}
COMMAND: GET /session/f199610b81d2740d08c28d2a7b12bbb6/screenshot - {}
RESULT: {"using":"xpath","value":"(//span[contains(@id, \"imgNav\")])[1]"}
COMMAND: POST /session/f199610b81d2740d08c28d2a7b12bbb6/element/f.2BFA133D83E8FE08190C073C8C008530.d.942392A005FE95D00091554B750EFC56.e.16374/click - {}
RESULT: {}
RESULT: {}
COMMAND: GET /session/f199610b81d2740d08c28d2a7b12bbb6/screenshot - {}
RESULT: {}
RESULT: undefined
COMMAND: POST /session/f199610b81d2740d08c28d2a7b12bbb6/execute/async - {"script":"<script> [776 bytes]","args":[{"enterText":"5/19/25","selector":{"id":"issueDatePicker","viewName":"etm.portal.ui.managehandovers.view.DetailExecuteHO","interaction":{"idSuffix":"inner"}},"clearTextFirst":true,"interactionType":"ENTER_TEXT"}]}
RESULT: {"script":"<script> [776 bytes]","args":[{"enterText":"5/19/25","selector":{"id":"issueDatePicker","viewName":"etm.portal.ui.managehandovers.view.DetailExecuteHO","interaction":{"idSuffix":"inner"}},"clearTextFirst":true,"interactionType":"ENTER_TEXT"}]}
COMMAND: POST /session/f199610b81d2740d08c28d2a7b12bbb6/element - {"using":"xpath","value":"//button[@data-kt=\"PickingTableConfirmAllButton\"]"}
RESULT: {"using":"xpath","value":"//button[@data-kt=\"PickingTableConfirmAllButton\"]"}
COMMAND: POST /session/f199610b81d2740d08c28d2a7b12bbb6/element/f.2BFA133D83E8FE08190C073C8C008530.d.942392A005FE95D00091554B750EFC56.e.16425/click - {}
RESULT: {}
COMMAND: GET /session/f199610b81d2740d08c28d2a7b12bbb6/screenshot - {}
RESULT: {}
COMMAND: POST /session/f199610b81d2740d08c28d2a7b12bbb6/element - {"using":"xpath","value":"//bdi[contains(text(), \"OK\")]"}
RESULT: {"using":"xpath","value":"//bdi[contains(text(), \"OK\")]"}
COMMAND: POST /session/f199610b81d2740d08c28d2a7b12bbb6/element/f.2BFA133D83E8FE08190C073C8C008530.d.942392A005FE95D00091554B750EFC56.e.16428/click - {}
RESULT: {}
COMMAND: GET /session/f199610b81d2740d08c28d2a7b12bbb6/screenshot - {}
RESULT: {}
COMMAND: POST /session/f199610b81d2740d08c28d2a7b12bbb6/element - {"using":"xpath","value":"//button[@data-kt=\"execHoIssueButton\"]"}
RESULT: {"using":"xpath","value":"//button[@data-kt=\"execHoIssueButton\"]"}
COMMAND: POST /session/f199610b81d2740d08c28d2a7b12bbb6/element/f.2BFA133D83E8FE08190C073C8C008530.d.942392A005FE95D00091554B750EFC56.e.16430/click - {}
RESULT: {}
COMMAND: GET /session/f199610b81d2740d08c28d2a7b12bbb6/screenshot - {}
RESULT: {}
COMMAND: POST /session/f199610b81d2740d08c28d2a7b12bbb6/element - {"using":"xpath","value":"//input[contains(@id ,\"smartFilterBar-btnBasicSearch-I\")]"}
RESULT: {"using":"xpath","value":"//input[contains(@id ,\"smartFilterBar-btnBasicSearch-I\")]"}
COMMAND: POST /session/f199610b81d2740d08c28d2a7b12bbb6/elements - {"using":"xpath","value":"//input[contains(@id ,\"smartFilterBar-btnBasicSearch-I\")]"}
RESULT: {"using":"xpath","value":"//input[contains(@id ,\"smartFilterBar-btnBasicSearch-I\")]"}
COMMAND: POST /session/f199610b81d2740d08c28d2a7b12bbb6/execute/sync - {"script":"<script> [8489 bytes]","args":[{"element-6066-11e4-a52e-4f735466cecf":"f.2BFA133D83E8FE08190C073C8C008530.d.942392A005FE95D00091554B750EFC56.e.15854","ELEMENT":"f.2BFA133D83E8FE08190C073C8C008530.d.942392A005FE95D00091554B750EFC56.e.15854"}]}
RESULT: {"script":"<script> [8489 bytes]","args":[{"element-6066-11e4-a52e-4f735466cecf":"f.2BFA133D83E8FE08190C073C8C008530.d.942392A005FE95D00091554B750EFC56.e.15854","ELEMENT":"f.2BFA133D83E8FE08190C073C8C008530.d.942392A005FE95D00091554B750EFC56.e.15854"}]}
COMMAND: GET /session/f199610b81d2740d08c28d2a7b12bbb6/element/f.2BFA133D83E8FE08190C073C8C008530.d.942392A005FE95D00091554B750EFC56.e.15854/enabled - {}
COMMAND: GET /session/f199610b81d2740d08c28d2a7b12bbb6/screenshot - {}
RESULT: {}
COMMAND: POST /session/f199610b81d2740d08c28d2a7b12bbb6/element/f.2BFA133D83E8FE08190C073C8C008530.d.942392A005FE95D00091554B750EFC56.e.15854/clear - {}
COMMAND: GET /session/f199610b81d2740d08c28d2a7b12bbb6/screenshot - {}
RESULT: {}
RESULT: {}
COMMAND: POST /session/f199610b81d2740d08c28d2a7b12bbb6/element/f.2BFA133D83E8FE08190C073C8C008530.d.942392A005FE95D00091554B750EFC56.e.15854/value - {"text":"30733"}
COMMAND: GET /session/f199610b81d2740d08c28d2a7b12bbb6/screenshot - {}
RESULT: {}
RESULT: {"text":"30733"}
COMMAND: GET /session/f199610b81d2740d08c28d2a7b12bbb6/screenshot - {}
RESULT: {}
RESULT: {}
COMMAND: POST /session/f199610b81d2740d08c28d2a7b12bbb6/actions - {"actions":[{"id":"action52","type":"key","parameters":{},"actions":[{"type":"keyDown","value":"î€‡"},{"type":"pause","duration":10},{"type":"keyUp","value":"î€‡"}]}]}
RESULT: {"actions":[{"id":"action52","type":"key","parameters":{},"actions":[{"type":"keyDown","value":"î€‡"},{"type":"pause","duration":10},{"type":"keyUp","value":"î€‡"}]}]}
COMMAND: GET /session/f199610b81d2740d08c28d2a7b12bbb6/screenshot - {}
RESULT: {}
COMMAND: POST /session/f199610b81d2740d08c28d2a7b12bbb6/element - {"using":"xpath","value":"//span[contains(@id, \"smartTable-header-inner\")]"}
RESULT: {"using":"xpath","value":"//span[contains(@id, \"smartTable-header-inner\")]"}
COMMAND: POST /session/f199610b81d2740d08c28d2a7b12bbb6/elements - {"using":"xpath","value":"//span[contains(@id, \"smartTable-header-inner\")]"}
RESULT: {"using":"xpath","value":"//span[contains(@id, \"smartTable-header-inner\")]"}
COMMAND: POST /session/f199610b81d2740d08c28d2a7b12bbb6/execute/sync - {"script":"<script> [56 bytes]","args":[{"element-6066-11e4-a52e-4f735466cecf":"f.2BFA133D83E8FE08190C073C8C008530.d.942392A005FE95D00091554B750EFC56.e.16377","ELEMENT":"f.2BFA133D83E8FE08190C073C8C008530.d.942392A005FE95D00091554B750EFC56.e.16377"}]}
RESULT: {"script":"<script> [56 bytes]","args":[{"element-6066-11e4-a52e-4f735466cecf":"f.2BFA133D83E8FE08190C073C8C008530.d.942392A005FE95D00091554B750EFC56.e.16377","ELEMENT":"f.2BFA133D83E8FE08190C073C8C008530.d.942392A005FE95D00091554B750EFC56.e.16377"}]}
COMMAND: POST /session/f199610b81d2740d08c28d2a7b12bbb6/elements - {"using":"xpath","value":"//thead[contains(@class, \"sapMTableTH\")]/tr/th"}
COMMAND: GET /session/f199610b81d2740d08c28d2a7b12bbb6/screenshot - {}
RESULT: {"using":"xpath","value":"//thead[contains(@class, \"sapMTableTH\")]/tr/th"}
COMMAND: GET /session/f199610b81d2740d08c28d2a7b12bbb6/element/f.2BFA133D83E8FE08190C073C8C008530.d.942392A005FE95D00091554B750EFC56.e.16466/text - {}
RESULT: {}
RESULT: {}
COMMAND: GET /session/f199610b81d2740d08c28d2a7b12bbb6/element/f.2BFA133D83E8FE08190C073C8C008530.d.942392A005FE95D00091554B750EFC56.e.16467/text - {}
RESULT: {}
COMMAND: GET /session/f199610b81d2740d08c28d2a7b12bbb6/element/f.2BFA133D83E8FE08190C073C8C008530.d.942392A005FE95D00091554B750EFC56.e.15848/text - {}
RESULT: {}
COMMAND: GET /session/f199610b81d2740d08c28d2a7b12bbb6/element/f.2BFA133D83E8FE08190C073C8C008530.d.942392A005FE95D00091554B750EFC56.e.15850/text - {}
RESULT: {}
COMMAND: GET /session/f199610b81d2740d08c28d2a7b12bbb6/element/f.2BFA133D83E8FE08190C073C8C008530.d.942392A005FE95D00091554B750EFC56.e.16435/text - {}
RESULT: {}
COMMAND: GET /session/f199610b81d2740d08c28d2a7b12bbb6/element/f.2BFA133D83E8FE08190C073C8C008530.d.942392A005FE95D00091554B750EFC56.e.16436/text - {}
RESULT: {}
COMMAND: GET /session/f199610b81d2740d08c28d2a7b12bbb6/element/f.2BFA133D83E8FE08190C073C8C008530.d.942392A005FE95D00091554B750EFC56.e.16437/text - {}
RESULT: {}
COMMAND: GET /session/f199610b81d2740d08c28d2a7b12bbb6/element/f.2BFA133D83E8FE08190C073C8C008530.d.942392A005FE95D00091554B750EFC56.e.16438/text - {}
RESULT: {}
COMMAND: GET /session/f199610b81d2740d08c28d2a7b12bbb6/element/f.2BFA133D83E8FE08190C073C8C008530.d.942392A005FE95D00091554B750EFC56.e.16439/text - {}
RESULT: {}
COMMAND: GET /session/f199610b81d2740d08c28d2a7b12bbb6/element/f.2BFA133D83E8FE08190C073C8C008530.d.942392A005FE95D00091554B750EFC56.e.16440/text - {}
RESULT: {}
COMMAND: GET /session/f199610b81d2740d08c28d2a7b12bbb6/element/f.2BFA133D83E8FE08190C073C8C008530.d.942392A005FE95D00091554B750EFC56.e.16441/text - {}
RESULT: {}
COMMAND: GET /session/f199610b81d2740d08c28d2a7b12bbb6/element/f.2BFA133D83E8FE08190C073C8C008530.d.942392A005FE95D00091554B750EFC56.e.16442/text - {}
RESULT: {}
COMMAND: GET /session/f199610b81d2740d08c28d2a7b12bbb6/element/f.2BFA133D83E8FE08190C073C8C008530.d.942392A005FE95D00091554B750EFC56.e.16443/text - {}
RESULT: {}
COMMAND: GET /session/f199610b81d2740d08c28d2a7b12bbb6/element/f.2BFA133D83E8FE08190C073C8C008530.d.942392A005FE95D00091554B750EFC56.e.15851/text - {}
RESULT: {}
COMMAND: POST /session/f199610b81d2740d08c28d2a7b12bbb6/element - {"using":"xpath","value":"//tbody[contains(@id, \"customHandoversTable-tblBody\")]/tr[1]/td[14]/div/span"}
RESULT: {"using":"xpath","value":"//tbody[contains(@id, \"customHandoversTable-tblBody\")]/tr[1]/td[14]/div/span"}
COMMAND: POST /session/f199610b81d2740d08c28d2a7b12bbb6/execute/sync - {"script":"<script> [56 bytes]","args":[{"element-6066-11e4-a52e-4f735466cecf":"f.2BFA133D83E8FE08190C073C8C008530.d.942392A005FE95D00091554B750EFC56.e.16519","ELEMENT":"f.2BFA133D83E8FE08190C073C8C008530.d.942392A005FE95D00091554B750EFC56.e.16519"}]}
RESULT: {"script":"<script> [56 bytes]","args":[{"element-6066-11e4-a52e-4f735466cecf":"f.2BFA133D83E8FE08190C073C8C008530.d.942392A005FE95D00091554B750EFC56.e.16519","ELEMENT":"f.2BFA133D83E8FE08190C073C8C008530.d.942392A005FE95D00091554B750EFC56.e.16519"}]}
COMMAND: POST /session/f199610b81d2740d08c28d2a7b12bbb6/element - {"using":"xpath","value":"(//span[contains(@id, \"imgNav\")])[1]"}
COMMAND: GET /session/f199610b81d2740d08c28d2a7b12bbb6/screenshot - {}
RESULT: {"using":"xpath","value":"(//span[contains(@id, \"imgNav\")])[1]"}
COMMAND: POST /session/f199610b81d2740d08c28d2a7b12bbb6/element/f.2BFA133D83E8FE08190C073C8C008530.d.942392A005FE95D00091554B750EFC56.e.16520/click - {}
RESULT: {}
RESULT: {}
COMMAND: GET /session/f199610b81d2740d08c28d2a7b12bbb6/screenshot - {}
RESULT: {}
RESULT: undefined
COMMAND: POST /session/f199610b81d2740d08c28d2a7b12bbb6/execute/async - {"script":"<script> [776 bytes]","args":[{"enterText":"05/19/25","selector":{"id":"receiptDatePicker","viewName":"etm.portal.ui.managehandovers.view.DetailExecuteHO","interaction":{"idSuffix":"inner"}},"clearTextFirst":true,"interactionType":"ENTER_TEXT"}]}
RESULT: {"script":"<script> [776 bytes]","args":[{"enterText":"05/19/25","selector":{"id":"receiptDatePicker","viewName":"etm.portal.ui.managehandovers.view.DetailExecuteHO","interaction":{"idSuffix":"inner"}},"clearTextFirst":true,"interactionType":"ENTER_TEXT"}]}
COMMAND: POST /session/f199610b81d2740d08c28d2a7b12bbb6/element - {"using":"xpath","value":"//bdi[contains(text(), \"OK\")]"}
RESULT: {"using":"xpath","value":"//bdi[contains(text(), \"OK\")]"}
COMMAND: POST /session/f199610b81d2740d08c28d2a7b12bbb6/element/f.2BFA133D83E8FE08190C073C8C008530.d.942392A005FE95D00091554B750EFC56.e.16554/click - {}
RESULT: {}
COMMAND: GET /session/f199610b81d2740d08c28d2a7b12bbb6/screenshot - {}
RESULT: {}
COMMAND: POST /session/f199610b81d2740d08c28d2a7b12bbb6/element - {"using":"xpath","value":"//button[@data-kt=\"PickingTableConfirmAllButton\"]"}
RESULT: {"using":"xpath","value":"//button[@data-kt=\"PickingTableConfirmAllButton\"]"}
COMMAND: POST /session/f199610b81d2740d08c28d2a7b12bbb6/element/f.2BFA133D83E8FE08190C073C8C008530.d.942392A005FE95D00091554B750EFC56.e.16539/click - {}
RESULT: {}
COMMAND: GET /session/f199610b81d2740d08c28d2a7b12bbb6/screenshot - {}
RESULT: {}
COMMAND: POST /session/f199610b81d2740d08c28d2a7b12bbb6/element - {"using":"xpath","value":"//bdi[contains(text(), \"OK\")]"}
RESULT: {"using":"xpath","value":"//bdi[contains(text(), \"OK\")]"}
COMMAND: POST /session/f199610b81d2740d08c28d2a7b12bbb6/element/f.2BFA133D83E8FE08190C073C8C008530.d.942392A005FE95D00091554B750EFC56.e.16564/click - {}
RESULT: {}
COMMAND: GET /session/f199610b81d2740d08c28d2a7b12bbb6/screenshot - {}
RESULT: {}
COMMAND: POST /session/f199610b81d2740d08c28d2a7b12bbb6/element - {"using":"xpath","value":"//button[@data-kt= \"execHoReceiveButton\"]"}
RESULT: {"using":"xpath","value":"//button[@data-kt= \"execHoReceiveButton\"]"}
COMMAND: POST /session/f199610b81d2740d08c28d2a7b12bbb6/element/f.2BFA133D83E8FE08190C073C8C008530.d.942392A005FE95D00091554B750EFC56.e.16566/click - {}
RESULT: {}
COMMAND: GET /session/f199610b81d2740d08c28d2a7b12bbb6/screenshot - {}
RESULT: {}
COMMAND: POST /session/f199610b81d2740d08c28d2a7b12bbb6/element - {"using":"xpath","value":"//input[contains(@id ,\"smartFilterBar-btnBasicSearch-I\")]"}
RESULT: {"using":"xpath","value":"//input[contains(@id ,\"smartFilterBar-btnBasicSearch-I\")]"}
COMMAND: POST /session/f199610b81d2740d08c28d2a7b12bbb6/elements - {"using":"xpath","value":"//input[contains(@id ,\"smartFilterBar-btnBasicSearch-I\")]"}
RESULT: {"using":"xpath","value":"//input[contains(@id ,\"smartFilterBar-btnBasicSearch-I\")]"}
COMMAND: POST /session/f199610b81d2740d08c28d2a7b12bbb6/execute/sync - {"script":"<script> [8489 bytes]","args":[{"element-6066-11e4-a52e-4f735466cecf":"f.2BFA133D83E8FE08190C073C8C008530.d.942392A005FE95D00091554B750EFC56.e.15854","ELEMENT":"f.2BFA133D83E8FE08190C073C8C008530.d.942392A005FE95D00091554B750EFC56.e.15854"}]}
RESULT: {"script":"<script> [8489 bytes]","args":[{"element-6066-11e4-a52e-4f735466cecf":"f.2BFA133D83E8FE08190C073C8C008530.d.942392A005FE95D00091554B750EFC56.e.15854","ELEMENT":"f.2BFA133D83E8FE08190C073C8C008530.d.942392A005FE95D00091554B750EFC56.e.15854"}]}
COMMAND: GET /session/f199610b81d2740d08c28d2a7b12bbb6/element/f.2BFA133D83E8FE08190C073C8C008530.d.942392A005FE95D00091554B750EFC56.e.15854/enabled - {}
COMMAND: GET /session/f199610b81d2740d08c28d2a7b12bbb6/screenshot - {}
RESULT: {}
COMMAND: POST /session/f199610b81d2740d08c28d2a7b12bbb6/element/f.2BFA133D83E8FE08190C073C8C008530.d.942392A005FE95D00091554B750EFC56.e.15854/clear - {}
COMMAND: GET /session/f199610b81d2740d08c28d2a7b12bbb6/screenshot - {}
RESULT: {}
RESULT: {}
COMMAND: POST /session/f199610b81d2740d08c28d2a7b12bbb6/element/f.2BFA133D83E8FE08190C073C8C008530.d.942392A005FE95D00091554B750EFC56.e.15854/value - {"text":"30733"}
COMMAND: GET /session/f199610b81d2740d08c28d2a7b12bbb6/screenshot - {}
RESULT: {}
RESULT: {"text":"30733"}
COMMAND: GET /session/f199610b81d2740d08c28d2a7b12bbb6/screenshot - {}
RESULT: {}
RESULT: {}
COMMAND: POST /session/f199610b81d2740d08c28d2a7b12bbb6/actions - {"actions":[{"id":"action53","type":"key","parameters":{},"actions":[{"type":"keyDown","value":"î€‡"},{"type":"pause","duration":10},{"type":"keyUp","value":"î€‡"}]}]}
RESULT: {"actions":[{"id":"action53","type":"key","parameters":{},"actions":[{"type":"keyDown","value":"î€‡"},{"type":"pause","duration":10},{"type":"keyUp","value":"î€‡"}]}]}
COMMAND: GET /session/f199610b81d2740d08c28d2a7b12bbb6/screenshot - {}
RESULT: {}
COMMAND: POST /session/f199610b81d2740d08c28d2a7b12bbb6/element - {"using":"xpath","value":"//span[contains(@id, \"smartTable-header-inner\")]"}
RESULT: {"using":"xpath","value":"//span[contains(@id, \"smartTable-header-inner\")]"}
COMMAND: POST /session/f199610b81d2740d08c28d2a7b12bbb6/elements - {"using":"xpath","value":"//span[contains(@id, \"smartTable-header-inner\")]"}
RESULT: {"using":"xpath","value":"//span[contains(@id, \"smartTable-header-inner\")]"}
COMMAND: POST /session/f199610b81d2740d08c28d2a7b12bbb6/execute/sync - {"script":"<script> [56 bytes]","args":[{"element-6066-11e4-a52e-4f735466cecf":"f.2BFA133D83E8FE08190C073C8C008530.d.942392A005FE95D00091554B750EFC56.e.16377","ELEMENT":"f.2BFA133D83E8FE08190C073C8C008530.d.942392A005FE95D00091554B750EFC56.e.16377"}]}
RESULT: {"script":"<script> [56 bytes]","args":[{"element-6066-11e4-a52e-4f735466cecf":"f.2BFA133D83E8FE08190C073C8C008530.d.942392A005FE95D00091554B750EFC56.e.16377","ELEMENT":"f.2BFA133D83E8FE08190C073C8C008530.d.942392A005FE95D00091554B750EFC56.e.16377"}]}
COMMAND: POST /session/f199610b81d2740d08c28d2a7b12bbb6/elements - {"using":"xpath","value":"//thead[contains(@class, \"sapMTableTH\")]/tr/th"}
COMMAND: GET /session/f199610b81d2740d08c28d2a7b12bbb6/screenshot - {}
RESULT: {"using":"xpath","value":"//thead[contains(@class, \"sapMTableTH\")]/tr/th"}
COMMAND: GET /session/f199610b81d2740d08c28d2a7b12bbb6/element/f.2BFA133D83E8FE08190C073C8C008530.d.942392A005FE95D00091554B750EFC56.e.16466/text - {}
RESULT: {}
RESULT: {}
COMMAND: GET /session/f199610b81d2740d08c28d2a7b12bbb6/element/f.2BFA133D83E8FE08190C073C8C008530.d.942392A005FE95D00091554B750EFC56.e.16467/text - {}
RESULT: {}
COMMAND: GET /session/f199610b81d2740d08c28d2a7b12bbb6/element/f.2BFA133D83E8FE08190C073C8C008530.d.942392A005FE95D00091554B750EFC56.e.15848/text - {}
RESULT: {}
COMMAND: GET /session/f199610b81d2740d08c28d2a7b12bbb6/element/f.2BFA133D83E8FE08190C073C8C008530.d.942392A005FE95D00091554B750EFC56.e.15850/text - {}
RESULT: {}
COMMAND: GET /session/f199610b81d2740d08c28d2a7b12bbb6/element/f.2BFA133D83E8FE08190C073C8C008530.d.942392A005FE95D00091554B750EFC56.e.16572/text - {}
RESULT: {}
COMMAND: GET /session/f199610b81d2740d08c28d2a7b12bbb6/element/f.2BFA133D83E8FE08190C073C8C008530.d.942392A005FE95D00091554B750EFC56.e.16573/text - {}
RESULT: {}
COMMAND: GET /session/f199610b81d2740d08c28d2a7b12bbb6/element/f.2BFA133D83E8FE08190C073C8C008530.d.942392A005FE95D00091554B750EFC56.e.16574/text - {}
RESULT: {}
COMMAND: GET /session/f199610b81d2740d08c28d2a7b12bbb6/element/f.2BFA133D83E8FE08190C073C8C008530.d.942392A005FE95D00091554B750EFC56.e.16575/text - {}
RESULT: {}
COMMAND: GET /session/f199610b81d2740d08c28d2a7b12bbb6/element/f.2BFA133D83E8FE08190C073C8C008530.d.942392A005FE95D00091554B750EFC56.e.16576/text - {}
RESULT: {}
COMMAND: GET /session/f199610b81d2740d08c28d2a7b12bbb6/element/f.2BFA133D83E8FE08190C073C8C008530.d.942392A005FE95D00091554B750EFC56.e.16577/text - {}
RESULT: {}
COMMAND: GET /session/f199610b81d2740d08c28d2a7b12bbb6/element/f.2BFA133D83E8FE08190C073C8C008530.d.942392A005FE95D00091554B750EFC56.e.16578/text - {}
RESULT: {}
COMMAND: GET /session/f199610b81d2740d08c28d2a7b12bbb6/element/f.2BFA133D83E8FE08190C073C8C008530.d.942392A005FE95D00091554B750EFC56.e.16579/text - {}
RESULT: {}
COMMAND: GET /session/f199610b81d2740d08c28d2a7b12bbb6/element/f.2BFA133D83E8FE08190C073C8C008530.d.942392A005FE95D00091554B750EFC56.e.16580/text - {}
RESULT: {}
COMMAND: GET /session/f199610b81d2740d08c28d2a7b12bbb6/element/f.2BFA133D83E8FE08190C073C8C008530.d.942392A005FE95D00091554B750EFC56.e.15851/text - {}
RESULT: {}
COMMAND: POST /session/f199610b81d2740d08c28d2a7b12bbb6/element - {"using":"xpath","value":"//tbody[contains(@id, \"customHandoversTable-tblBody\")]/tr[1]/td[14]/div/span"}
RESULT: {"using":"xpath","value":"//tbody[contains(@id, \"customHandoversTable-tblBody\")]/tr[1]/td[14]/div/span"}
COMMAND: POST /session/f199610b81d2740d08c28d2a7b12bbb6/execute/sync - {"script":"<script> [56 bytes]","args":[{"element-6066-11e4-a52e-4f735466cecf":"f.2BFA133D83E8FE08190C073C8C008530.d.942392A005FE95D00091554B750EFC56.e.16618","ELEMENT":"f.2BFA133D83E8FE08190C073C8C008530.d.942392A005FE95D00091554B750EFC56.e.16618"}]}
RESULT: {"script":"<script> [56 bytes]","args":[{"element-6066-11e4-a52e-4f735466cecf":"f.2BFA133D83E8FE08190C073C8C008530.d.942392A005FE95D00091554B750EFC56.e.16618","ELEMENT":"f.2BFA133D83E8FE08190C073C8C008530.d.942392A005FE95D00091554B750EFC56.e.16618"}]}
]]></system-out>
    </testcase>
    <testcase classname="chrome.136_0_7103_93.windows.Provide_to_Site_w/o_warehouse_management_w_clarification" name="Should Test for Handover Execution" time="13.49">
      <system-out><![CDATA[
COMMAND: POST /session/f199610b81d2740d08c28d2a7b12bbb6/element - {"using":"xpath","value":"(//span[contains(@id, \"imgNav\")])[1]"}
COMMAND: GET /session/f199610b81d2740d08c28d2a7b12bbb6/screenshot - {}
RESULT: {"using":"xpath","value":"(//span[contains(@id, \"imgNav\")])[1]"}
COMMAND: POST /session/f199610b81d2740d08c28d2a7b12bbb6/element/f.2BFA133D83E8FE08190C073C8C008530.d.942392A005FE95D00091554B750EFC56.e.16619/click - {}
RESULT: {}
RESULT: {}
COMMAND: GET /session/f199610b81d2740d08c28d2a7b12bbb6/screenshot - {}
RESULT: {}
COMMAND: POST /session/f199610b81d2740d08c28d2a7b12bbb6/element - {"using":"css selector","value":"#shell-header-logo"}
RESULT: {"using":"css selector","value":"#shell-header-logo"}
COMMAND: POST /session/f199610b81d2740d08c28d2a7b12bbb6/element/f.2BFA133D83E8FE08190C073C8C008530.d.942392A005FE95D00091554B750EFC56.e.15148/click - {}
RESULT: {}
COMMAND: GET /session/f199610b81d2740d08c28d2a7b12bbb6/screenshot - {}
RESULT: {}
]]></system-out>
    </testcase>
    <testcase classname="chrome.136_0_7103_93.windows.Provide_to_Site_w/o_warehouse_management_w_clarification" name="Should test for Clarification" time="0.005">
      <system-out><![CDATA[
COMMAND: POST /session/f199610b81d2740d08c28d2a7b12bbb6/element - {"using":"css selector","value":"#j_username"}
COMMAND: POST /session/f199610b81d2740d08c28d2a7b12bbb6/url - {"url":"https://qa-testing-00-live-etm-ui.cfapps.eu10-004.hana.ondemand.com/"}
RESULT: {"using":"css selector","value":"#j_username"}
COMMAND: POST /session/f199610b81d2740d08c28d2a7b12bbb6/element - {"using":"css selector","value":"#j_username"}
RESULT: {"url":"https://qa-testing-00-live-etm-ui.cfapps.eu10-004.hana.ondemand.com/"}
RESULT: undefined
COMMAND: GET /session/f199610b81d2740d08c28d2a7b12bbb6/screenshot - {}
RESULT: {"using":"css selector","value":"#j_username"}
COMMAND: POST /session/f199610b81d2740d08c28d2a7b12bbb6/element - {"using":"css selector","value":"#shell-header-logo"}
RESULT: {}
RESULT: {"using":"css selector","value":"#shell-header-logo"}
COMMAND: POST /session/f199610b81d2740d08c28d2a7b12bbb6/execute/sync - {"script":"<script> [8489 bytes]","args":[{"element-6066-11e4-a52e-4f735466cecf":"f.2BFA133D83E8FE08190C073C8C008530.d.B8A54862F745E1F06A3229133FFAD864.e.16678","ELEMENT":"f.2BFA133D83E8FE08190C073C8C008530.d.B8A54862F745E1F06A3229133FFAD864.e.16678"}]}
RESULT: {"script":"<script> [8489 bytes]","args":[{"element-6066-11e4-a52e-4f735466cecf":"f.2BFA133D83E8FE08190C073C8C008530.d.B8A54862F745E1F06A3229133FFAD864.e.16678","ELEMENT":"f.2BFA133D83E8FE08190C073C8C008530.d.B8A54862F745E1F06A3229133FFAD864.e.16678"}]}
COMMAND: POST /session/f199610b81d2740d08c28d2a7b12bbb6/element - {"using":"css selector","value":"#shell-header-logo"}
COMMAND: GET /session/f199610b81d2740d08c28d2a7b12bbb6/screenshot - {}
RESULT: {"using":"css selector","value":"#shell-header-logo"}
COMMAND: POST /session/f199610b81d2740d08c28d2a7b12bbb6/execute/sync - {"script":"<script> [8489 bytes]","args":[{"element-6066-11e4-a52e-4f735466cecf":"f.2BFA133D83E8FE08190C073C8C008530.d.B8A54862F745E1F06A3229133FFAD864.e.16678","ELEMENT":"f.2BFA133D83E8FE08190C073C8C008530.d.B8A54862F745E1F06A3229133FFAD864.e.16678"}]}
RESULT: {}
RESULT: {"script":"<script> [8489 bytes]","args":[{"element-6066-11e4-a52e-4f735466cecf":"f.2BFA133D83E8FE08190C073C8C008530.d.B8A54862F745E1F06A3229133FFAD864.e.16678","ELEMENT":"f.2BFA133D83E8FE08190C073C8C008530.d.B8A54862F745E1F06A3229133FFAD864.e.16678"}]}
COMMAND: POST /session/f199610b81d2740d08c28d2a7b12bbb6/execute/sync - {"script":"<script> [5351 bytes]","args":[{"element-6066-11e4-a52e-4f735466cecf":"f.2BFA133D83E8FE08190C073C8C008530.d.B8A54862F745E1F06A3229133FFAD864.e.16678","ELEMENT":"f.2BFA133D83E8FE08190C073C8C008530.d.B8A54862F745E1F06A3229133FFAD864.e.16678"}]}
COMMAND: GET /session/f199610b81d2740d08c28d2a7b12bbb6/screenshot - {}
RESULT: {"script":"<script> [5351 bytes]","args":[{"element-6066-11e4-a52e-4f735466cecf":"f.2BFA133D83E8FE08190C073C8C008530.d.B8A54862F745E1F06A3229133FFAD864.e.16678","ELEMENT":"f.2BFA133D83E8FE08190C073C8C008530.d.B8A54862F745E1F06A3229133FFAD864.e.16678"}]}
COMMAND: POST /session/f199610b81d2740d08c28d2a7b12bbb6/element - {"using":"css selector","value":"#shell-header-logo"}
COMMAND: GET /session/f199610b81d2740d08c28d2a7b12bbb6/screenshot - {}
RESULT: {}
RESULT: {"using":"css selector","value":"#shell-header-logo"}
COMMAND: POST /session/f199610b81d2740d08c28d2a7b12bbb6/element/f.2BFA133D83E8FE08190C073C8C008530.d.B8A54862F745E1F06A3229133FFAD864.e.16678/click - {}
RESULT: {}
RESULT: {}
COMMAND: GET /session/f199610b81d2740d08c28d2a7b12bbb6/screenshot - {}
RESULT: {}
COMMAND: POST /session/f199610b81d2740d08c28d2a7b12bbb6/execute/async - {"script":"<script> [189 bytes]","args":[]}
RESULT: {"script":"<script> [189 bytes]","args":[]}
COMMAND: POST /session/f199610b81d2740d08c28d2a7b12bbb6/execute/async - {"script":"<script> [123 bytes]","args":[]}
RESULT: {"script":"<script> [123 bytes]","args":[]}
COMMAND: POST /session/f199610b81d2740d08c28d2a7b12bbb6/timeouts - {"script":"<number>"}
RESULT: {"script":"<number>"}
COMMAND: GET /session/f199610b81d2740d08c28d2a7b12bbb6/timeouts - {}
RESULT: {}
RESULT: undefined
COMMAND: POST /session/f199610b81d2740d08c28d2a7b12bbb6/execute/async - {"script":"<script> [2676 bytes]","args":[]}
RESULT: {"script":"<script> [2676 bytes]","args":[]}
COMMAND: POST /session/f199610b81d2740d08c28d2a7b12bbb6/execute/async - {"script":"<script> [2342 bytes]","args":[{"protocol":"http","hostname":"0.0.0.0","path":"/","capabilities":{"browserName":"chrome","goog:chromeOptions":{"binary":"C:\\Program Files\\Google\\Chrome\\Application\\chrome.exe","args":["--start-maximized"]}},"logLevel":"warn","connectionRetryTimeout":120000,"connectionRetryCount":3,"logLevels":{},"enableDirectConnect":true,"strictSSL":true,"_":"65 more keys: [\"cacheDir\",\"port\",\"requestedCapabilities\",\"automationProtocol\",\"baseUrl\",\"waitforInterval\",\"waitforTimeout\",\"onReload\",\"beforeCommand\",\"afterCommand\",\"rootDir\",\"specs\",\"suites\",\"exclude\",\"groupLogsByTestSpec\",\"excludeDriverLogs\",\"bail\",\"framework\",\"reporters\",\"services\",\"maxInstances\",\"maxInstancesPerCapability\",\"injectGlobals\",\"filesToWatch\",\"execArgv\",\"runnerEnv\",\"runner\",\"shard\",\"specFileRetries\",\"specFileRetriesDelay\",\"specFileRetriesDeferred\",\"reporterSyncInterval\",\"reporterSyncTimeout\",\"cucumberFeaturesWithLineNumbers\",\"autoCompileOpts\",\"mochaOpts\",\"jasmineOpts\",\"cucumberOpts\",\"onPrepare\",\"onWorkerStart\",\"onWorkerEnd\",\"before\",\"beforeSession\",\"beforeSuite\",\"beforeHook\",\"beforeTest\",\"afterTest\",\"afterHook\",\"afterSuite\",\"afterSession\",\"after\",\"onComplete\",\"beforeAssertion\",\"afterAssertion\",\"beforeFeature\",\"beforeScenario\",\"beforeStep\",\"afterStep\",\"afterScenario\",\"afterFeature\",\"_\",\"suite\",\"$0\",\"ignoredWorkerServices\",\"wdi5\"]"}]}
RESULT: {"script":"<script> [2342 bytes]","args":[{"protocol":"http","hostname":"0.0.0.0","path":"/","capabilities":{"browserName":"chrome","goog:chromeOptions":{"binary":"C:\\Program Files\\Google\\Chrome\\Application\\chrome.exe","args":["--start-maximized"]}},"logLevel":"warn","connectionRetryTimeout":120000,"connectionRetryCount":3,"logLevels":{},"enableDirectConnect":true,"strictSSL":true,"_":"65 more keys: [\"cacheDir\",\"port\",\"requestedCapabilities\",\"automationProtocol\",\"baseUrl\",\"waitforInterval\",\"waitforTimeout\",\"onReload\",\"beforeCommand\",\"afterCommand\",\"rootDir\",\"specs\",\"suites\",\"exclude\",\"groupLogsByTestSpec\",\"excludeDriverLogs\",\"bail\",\"framework\",\"reporters\",\"services\",\"maxInstances\",\"maxInstancesPerCapability\",\"injectGlobals\",\"filesToWatch\",\"execArgv\",\"runnerEnv\",\"runner\",\"shard\",\"specFileRetries\",\"specFileRetriesDelay\",\"specFileRetriesDeferred\",\"reporterSyncInterval\",\"reporterSyncTimeout\",\"cucumberFeaturesWithLineNumbers\",\"autoCompileOpts\",\"mochaOpts\",\"jasmineOpts\",\"cucumberOpts\",\"onPrepare\",\"onWorkerStart\",\"onWorkerEnd\",\"before\",\"beforeSession\",\"beforeSuite\",\"beforeHook\",\"beforeTest\",\"afterTest\",\"afterHook\",\"afterSuite\",\"afterSession\",\"after\",\"onComplete\",\"beforeAssertion\",\"afterAssertion\",\"beforeFeature\",\"beforeScenario\",\"beforeStep\",\"afterStep\",\"afterScenario\",\"afterFeature\",\"_\",\"suite\",\"$0\",\"ignoredWorkerServices\",\"wdi5\"]"}]}
COMMAND: POST /session/f199610b81d2740d08c28d2a7b12bbb6/execute/async - {"script":"<script> [21126 bytes]","args":[35000]}
RESULT: {"script":"<script> [21126 bytes]","args":[35000]}
COMMAND: POST /session/f199610b81d2740d08c28d2a7b12bbb6/window/maximize - {}
RESULT: {}
COMMAND: POST /session/f199610b81d2740d08c28d2a7b12bbb6/execute/async - {"script":"<script> [1562 bytes]","args":[{"selector":{"id":"shell-header","interaction":{"idSuffix":"icon"}},"wdio_ui5_key":"shellheader"}]}
COMMAND: GET /session/f199610b81d2740d08c28d2a7b12bbb6/screenshot - {}
RESULT: {"script":"<script> [1562 bytes]","args":[{"selector":{"id":"shell-header","interaction":{"idSuffix":"icon"}},"wdio_ui5_key":"shellheader"}]}
RESULT: undefined
COMMAND: POST /session/f199610b81d2740d08c28d2a7b12bbb6/window/fullscreen - {}
RESULT: {}
RESULT: {}
]]></system-out>
    </testcase>
  </testsuite>
  <testsuite timestamp="2025-05-19T09:18:11" time="150.157" tests="4" failures="0" errors="0" skipped="0">
    <properties>
      <property name="specId" value="0" />
      <property name="suiteName" value="Provide to Site w/o warehouse management w/o clarification US116612" />
      <property name="capabilities" value="chrome.136_0_7103_93.windows" />
      <property name="file" value="file:///D:/a/1/s/test/specs/HTR/provide-to-site-wo-warehouse-wo-clarification.spec.js" />
    </properties>
    <testcase classname="chrome.136_0_7103_93.windows.Provide_to_Site_w/o_warehouse_management_w/o_clarification_US116612" name="Should create a new yard" time="0.302">
      <system-out><![CDATA[
COMMAND: POST /session/f199610b81d2740d08c28d2a7b12bbb6/window/fullscreen - {}
RESULT: {}
]]></system-out>
    </testcase>
    <testcase classname="chrome.136_0_7103_93.windows.Provide_to_Site_w/o_warehouse_management_w/o_clarification_US116612" name="Should create a new external partner" time="0.005" />
    <testcase classname="chrome.136_0_7103_93.windows.Provide_to_Site_w/o_warehouse_management_w/o_clarification_US116612" name="Should create a new site" time="0.004" />
    <testcase classname="chrome.136_0_7103_93.windows.Provide_to_Site_w/o_warehouse_management_w/o_clarification_US116612" name="Should create a new material" time="129.642">
      <system-out><![CDATA[
COMMAND: POST /session/f199610b81d2740d08c28d2a7b12bbb6/execute/async - {"script":"<script> [1562 bytes]","args":[{"selector":{"controlType":"sap.m.GenericTile","properties":{"header":"Manage Resources"}},"wdio_ui5_key":"sapm.GenericTile{\"header\":\"Manage Resources\"}"}]}
RESULT: {"script":"<script> [1562 bytes]","args":[{"selector":{"controlType":"sap.m.GenericTile","properties":{"header":"Manage Resources"}},"wdio_ui5_key":"sapm.GenericTile{\"header\":\"Manage Resources\"}"}]}
RESULT: undefined
COMMAND: POST /session/f199610b81d2740d08c28d2a7b12bbb6/element - {"using":"xpath","value":"//*[@id=\"__tile31\"]"}
RESULT: {"using":"xpath","value":"//*[@id=\"__tile31\"]"}
COMMAND: POST /session/f199610b81d2740d08c28d2a7b12bbb6/element/f.2BFA133D83E8FE08190C073C8C008530.d.B8A54862F745E1F06A3229133FFAD864.e.16697/click - {}
RESULT: {}
COMMAND: GET /session/f199610b81d2740d08c28d2a7b12bbb6/screenshot - {}
RESULT: {}
COMMAND: POST /session/f199610b81d2740d08c28d2a7b12bbb6/elements - {"using":"xpath","value":"//span[text()='Error']"}
RESULT: {"using":"xpath","value":"//span[text()='Error']"}
COMMAND: POST /session/f199610b81d2740d08c28d2a7b12bbb6/element - {"using":"xpath","value":"//button[@data-kt=\"addNewRUOverflowToolbarButton\"]"}
RESULT: {"using":"xpath","value":"//button[@data-kt=\"addNewRUOverflowToolbarButton\"]"}
COMMAND: POST /session/f199610b81d2740d08c28d2a7b12bbb6/elements - {"using":"xpath","value":"//button[@data-kt=\"addNewRUOverflowToolbarButton\"]"}
RESULT: {"using":"xpath","value":"//button[@data-kt=\"addNewRUOverflowToolbarButton\"]"}
COMMAND: POST /session/f199610b81d2740d08c28d2a7b12bbb6/execute/sync - {"script":"<script> [8489 bytes]","args":[{"element-6066-11e4-a52e-4f735466cecf":"f.2BFA133D83E8FE08190C073C8C008530.d.B8A54862F745E1F06A3229133FFAD864.e.16827","ELEMENT":"f.2BFA133D83E8FE08190C073C8C008530.d.B8A54862F745E1F06A3229133FFAD864.e.16827"}]}
RESULT: {"script":"<script> [8489 bytes]","args":[{"element-6066-11e4-a52e-4f735466cecf":"f.2BFA133D83E8FE08190C073C8C008530.d.B8A54862F745E1F06A3229133FFAD864.e.16827","ELEMENT":"f.2BFA133D83E8FE08190C073C8C008530.d.B8A54862F745E1F06A3229133FFAD864.e.16827"}]}
COMMAND: GET /session/f199610b81d2740d08c28d2a7b12bbb6/element/f.2BFA133D83E8FE08190C073C8C008530.d.B8A54862F745E1F06A3229133FFAD864.e.16827/enabled - {}
COMMAND: GET /session/f199610b81d2740d08c28d2a7b12bbb6/screenshot - {}
RESULT: {}
COMMAND: POST /session/f199610b81d2740d08c28d2a7b12bbb6/execute/sync - {"script":"<script> [8489 bytes]","args":[{"element-6066-11e4-a52e-4f735466cecf":"f.2BFA133D83E8FE08190C073C8C008530.d.B8A54862F745E1F06A3229133FFAD864.e.16827","ELEMENT":"f.2BFA133D83E8FE08190C073C8C008530.d.B8A54862F745E1F06A3229133FFAD864.e.16827"}]}
COMMAND: GET /session/f199610b81d2740d08c28d2a7b12bbb6/screenshot - {}
RESULT: {}
RESULT: {"script":"<script> [8489 bytes]","args":[{"element-6066-11e4-a52e-4f735466cecf":"f.2BFA133D83E8FE08190C073C8C008530.d.B8A54862F745E1F06A3229133FFAD864.e.16827","ELEMENT":"f.2BFA133D83E8FE08190C073C8C008530.d.B8A54862F745E1F06A3229133FFAD864.e.16827"}]}
COMMAND: POST /session/f199610b81d2740d08c28d2a7b12bbb6/execute/sync - {"script":"<script> [5351 bytes]","args":[{"element-6066-11e4-a52e-4f735466cecf":"f.2BFA133D83E8FE08190C073C8C008530.d.B8A54862F745E1F06A3229133FFAD864.e.16827","ELEMENT":"f.2BFA133D83E8FE08190C073C8C008530.d.B8A54862F745E1F06A3229133FFAD864.e.16827"}]}
RESULT: {}
COMMAND: GET /session/f199610b81d2740d08c28d2a7b12bbb6/screenshot - {}
RESULT: {"script":"<script> [5351 bytes]","args":[{"element-6066-11e4-a52e-4f735466cecf":"f.2BFA133D83E8FE08190C073C8C008530.d.B8A54862F745E1F06A3229133FFAD864.e.16827","ELEMENT":"f.2BFA133D83E8FE08190C073C8C008530.d.B8A54862F745E1F06A3229133FFAD864.e.16827"}]}
COMMAND: POST /session/f199610b81d2740d08c28d2a7b12bbb6/element/f.2BFA133D83E8FE08190C073C8C008530.d.B8A54862F745E1F06A3229133FFAD864.e.16827/click - {}
COMMAND: GET /session/f199610b81d2740d08c28d2a7b12bbb6/screenshot - {}
RESULT: {}
RESULT: {}
COMMAND: GET /session/f199610b81d2740d08c28d2a7b12bbb6/screenshot - {}
RESULT: {}
RESULT: {}
COMMAND: POST /session/f199610b81d2740d08c28d2a7b12bbb6/execute/async - {"script":"<script> [1562 bytes]","args":[{"selector":{"id":"application-manageresources-display-component---newResourceUnit--TYPE-arrow"},"wdio_ui5_key":"applicationmanageresources-display-component---newResourceUnit--TYPE-arrow"}]}
RESULT: {"script":"<script> [1562 bytes]","args":[{"selector":{"id":"application-manageresources-display-component---newResourceUnit--TYPE-arrow"},"wdio_ui5_key":"applicationmanageresources-display-component---newResourceUnit--TYPE-arrow"}]}
RESULT: undefined
COMMAND: POST /session/f199610b81d2740d08c28d2a7b12bbb6/element - {"using":"xpath","value":"//*[@id=\"application-manageresources-display-component---newResourceUnit--TYPE-arrow\"]"}
RESULT: {"using":"xpath","value":"//*[@id=\"application-manageresources-display-component---newResourceUnit--TYPE-arrow\"]"}
COMMAND: POST /session/f199610b81d2740d08c28d2a7b12bbb6/element/f.2BFA133D83E8FE08190C073C8C008530.d.B8A54862F745E1F06A3229133FFAD864.e.17184/click - {}
RESULT: {}
COMMAND: POST /session/f199610b81d2740d08c28d2a7b12bbb6/element - {"using":"xpath","value":"//input[@id=\"application-manageresources-display-component---newResourceUnit--TYPE-inner\"]"}
COMMAND: GET /session/f199610b81d2740d08c28d2a7b12bbb6/screenshot - {}
RESULT: {"using":"xpath","value":"//input[@id=\"application-manageresources-display-component---newResourceUnit--TYPE-inner\"]"}
COMMAND: POST /session/f199610b81d2740d08c28d2a7b12bbb6/element/f.2BFA133D83E8FE08190C073C8C008530.d.B8A54862F745E1F06A3229133FFAD864.e.17180/clear - {}
RESULT: {}
RESULT: {}
COMMAND: POST /session/f199610b81d2740d08c28d2a7b12bbb6/element/f.2BFA133D83E8FE08190C073C8C008530.d.B8A54862F745E1F06A3229133FFAD864.e.17180/value - {"text":"Material"}
COMMAND: GET /session/f199610b81d2740d08c28d2a7b12bbb6/screenshot - {}
RESULT: {"text":"Material"}
COMMAND: GET /session/f199610b81d2740d08c28d2a7b12bbb6/screenshot - {}
RESULT: {}
RESULT: {}
COMMAND: POST /session/f199610b81d2740d08c28d2a7b12bbb6/actions - {"actions":[{"id":"action54","type":"key","parameters":{},"actions":[{"type":"keyDown","value":"î€‡"},{"type":"pause","duration":10},{"type":"keyUp","value":"î€‡"}]}]}
RESULT: {"actions":[{"id":"action54","type":"key","parameters":{},"actions":[{"type":"keyDown","value":"î€‡"},{"type":"pause","duration":10},{"type":"keyUp","value":"î€‡"}]}]}
COMMAND: POST /session/f199610b81d2740d08c28d2a7b12bbb6/execute/async - {"script":"<script> [1562 bytes]","args":[{"selector":{"id":"application-manageresources-display-component---newResourceUnit--SHORT_TEXT","interaction":{"idSuffix":"inner"}},"wdio_ui5_key":"applicationmanageresources-display-component---newResourceUnit--SHORT_TEXT"}]}
COMMAND: GET /session/f199610b81d2740d08c28d2a7b12bbb6/screenshot - {}
RESULT: {"script":"<script> [1562 bytes]","args":[{"selector":{"id":"application-manageresources-display-component---newResourceUnit--SHORT_TEXT","interaction":{"idSuffix":"inner"}},"wdio_ui5_key":"applicationmanageresources-display-component---newResourceUnit--SHORT_TEXT"}]}
RESULT: undefined
COMMAND: POST /session/f199610b81d2740d08c28d2a7b12bbb6/execute/async - {"script":"<script> [776 bytes]","args":[{"enterText":"Cement WDIO","selector":{"id":"application-manageresources-display-component---newResourceUnit--SHORT_TEXT","interaction":{"idSuffix":"inner"}},"clearTextFirst":true,"interactionType":"ENTER_TEXT"}]}
RESULT: {}
RESULT: {"script":"<script> [776 bytes]","args":[{"enterText":"Cement WDIO","selector":{"id":"application-manageresources-display-component---newResourceUnit--SHORT_TEXT","interaction":{"idSuffix":"inner"}},"clearTextFirst":true,"interactionType":"ENTER_TEXT"}]}
COMMAND: POST /session/f199610b81d2740d08c28d2a7b12bbb6/execute/async - {"script":"<script> [1562 bytes]","args":[{"selector":{"id":"application-manageresources-display-component---newResourceUnit--BASE_UNIT_OF_MEASURE","interaction":{"idSuffix":"inner"}},"wdio_ui5_key":"applicationmanageresources-display-component---newResourceUnit--BASE_UNIT_OF_MEASURE"}]}
RESULT: {"script":"<script> [1562 bytes]","args":[{"selector":{"id":"application-manageresources-display-component---newResourceUnit--BASE_UNIT_OF_MEASURE","interaction":{"idSuffix":"inner"}},"wdio_ui5_key":"applicationmanageresources-display-component---newResourceUnit--BASE_UNIT_OF_MEASURE"}]}
RESULT: undefined
COMMAND: POST /session/f199610b81d2740d08c28d2a7b12bbb6/execute/async - {"script":"<script> [776 bytes]","args":[{"enterText":"Piece","selector":{"id":"application-manageresources-display-component---newResourceUnit--BASE_UNIT_OF_MEASURE","interaction":{"idSuffix":"inner"}},"clearTextFirst":true,"interactionType":"ENTER_TEXT"}]}
RESULT: {"script":"<script> [776 bytes]","args":[{"enterText":"Piece","selector":{"id":"application-manageresources-display-component---newResourceUnit--BASE_UNIT_OF_MEASURE","interaction":{"idSuffix":"inner"}},"clearTextFirst":true,"interactionType":"ENTER_TEXT"}]}
COMMAND: POST /session/f199610b81d2740d08c28d2a7b12bbb6/execute/async - {"script":"<script> [1562 bytes]","args":[{"selector":{"id":"application-manageresources-display-component---newResourceUnit--WEIGHT_UNIT","interaction":{"idSuffix":"inner"}},"wdio_ui5_key":"applicationmanageresources-display-component---newResourceUnit--WEIGHT_UNIT"}]}
RESULT: {"script":"<script> [1562 bytes]","args":[{"selector":{"id":"application-manageresources-display-component---newResourceUnit--WEIGHT_UNIT","interaction":{"idSuffix":"inner"}},"wdio_ui5_key":"applicationmanageresources-display-component---newResourceUnit--WEIGHT_UNIT"}]}
RESULT: undefined
COMMAND: POST /session/f199610b81d2740d08c28d2a7b12bbb6/execute/async - {"script":"<script> [776 bytes]","args":[{"enterText":"Gram","selector":{"id":"application-manageresources-display-component---newResourceUnit--WEIGHT_UNIT","interaction":{"idSuffix":"inner"}},"clearTextFirst":true,"interactionType":"ENTER_TEXT"}]}
RESULT: {"script":"<script> [776 bytes]","args":[{"enterText":"Gram","selector":{"id":"application-manageresources-display-component---newResourceUnit--WEIGHT_UNIT","interaction":{"idSuffix":"inner"}},"clearTextFirst":true,"interactionType":"ENTER_TEXT"}]}
COMMAND: POST /session/f199610b81d2740d08c28d2a7b12bbb6/execute/async - {"script":"<script> [1562 bytes]","args":[{"selector":{"id":"application-manageresources-display-component---newResourceUnit--DIMENSION_UNIT","interaction":{"idSuffix":"inner"}},"wdio_ui5_key":"applicationmanageresources-display-component---newResourceUnit--DIMENSION_UNIT"}]}
RESULT: {"script":"<script> [1562 bytes]","args":[{"selector":{"id":"application-manageresources-display-component---newResourceUnit--DIMENSION_UNIT","interaction":{"idSuffix":"inner"}},"wdio_ui5_key":"applicationmanageresources-display-component---newResourceUnit--DIMENSION_UNIT"}]}
RESULT: undefined
COMMAND: POST /session/f199610b81d2740d08c28d2a7b12bbb6/execute/async - {"script":"<script> [776 bytes]","args":[{"enterText":"Meter","selector":{"id":"application-manageresources-display-component---newResourceUnit--DIMENSION_UNIT","interaction":{"idSuffix":"inner"}},"clearTextFirst":true,"interactionType":"ENTER_TEXT"}]}
RESULT: {"script":"<script> [776 bytes]","args":[{"enterText":"Meter","selector":{"id":"application-manageresources-display-component---newResourceUnit--DIMENSION_UNIT","interaction":{"idSuffix":"inner"}},"clearTextFirst":true,"interactionType":"ENTER_TEXT"}]}
COMMAND: POST /session/f199610b81d2740d08c28d2a7b12bbb6/execute/async - {"script":"<script> [1562 bytes]","args":[{"selector":{"id":"application-manageresources-display-component---newResourceUnit--newRRUPage-anchBar-application-manageresources-display-component---newResourceUnit--control-anchor","interaction":{"idSuffix":"BDI-content"}},"wdio_ui5_key":"applicationmanageresources-display-component---newResourceUnit--newRRUPage-anchBar-application-manageresources-display-component---newResourceUnit--control-anchor"}]}
RESULT: {"script":"<script> [1562 bytes]","args":[{"selector":{"id":"application-manageresources-display-component---newResourceUnit--newRRUPage-anchBar-application-manageresources-display-component---newResourceUnit--control-anchor","interaction":{"idSuffix":"BDI-content"}},"wdio_ui5_key":"applicationmanageresources-display-component---newResourceUnit--newRRUPage-anchBar-application-manageresources-display-component---newResourceUnit--control-anchor"}]}
RESULT: undefined
COMMAND: POST /session/f199610b81d2740d08c28d2a7b12bbb6/element - {"using":"xpath","value":"//*[@id=\"application-manageresources-display-component---newResourceUnit--newRRUPage-anchBar-application-manageresources-display-component---newResourceUnit--control-anchor\"]"}
RESULT: {"using":"xpath","value":"//*[@id=\"application-manageresources-display-component---newResourceUnit--newRRUPage-anchBar-application-manageresources-display-component---newResourceUnit--control-anchor\"]"}
COMMAND: POST /session/f199610b81d2740d08c28d2a7b12bbb6/element/f.2BFA133D83E8FE08190C073C8C008530.d.B8A54862F745E1F06A3229133FFAD864.e.17249/click - {}
RESULT: {}
COMMAND: POST /session/f199610b81d2740d08c28d2a7b12bbb6/execute/async - {"script":"<script> [1562 bytes]","args":[{"selector":{"id":"application-manageresources-display-component---newResourceUnit--PLANNING_GROUP","interaction":{"idSuffix":"inner"}},"wdio_ui5_key":"applicationmanageresources-display-component---newResourceUnit--PLANNING_GROUP"}]}
COMMAND: GET /session/f199610b81d2740d08c28d2a7b12bbb6/screenshot - {}
RESULT: {"script":"<script> [1562 bytes]","args":[{"selector":{"id":"application-manageresources-display-component---newResourceUnit--PLANNING_GROUP","interaction":{"idSuffix":"inner"}},"wdio_ui5_key":"applicationmanageresources-display-component---newResourceUnit--PLANNING_GROUP"}]}
RESULT: undefined
COMMAND: POST /session/f199610b81d2740d08c28d2a7b12bbb6/execute/async - {"script":"<script> [776 bytes]","args":[{"enterText":"Material","selector":{"id":"application-manageresources-display-component---newResourceUnit--PLANNING_GROUP","interaction":{"idSuffix":"inner"}},"clearTextFirst":true,"interactionType":"ENTER_TEXT"}]}
RESULT: {}
RESULT: {"script":"<script> [776 bytes]","args":[{"enterText":"Material","selector":{"id":"application-manageresources-display-component---newResourceUnit--PLANNING_GROUP","interaction":{"idSuffix":"inner"}},"clearTextFirst":true,"interactionType":"ENTER_TEXT"}]}
COMMAND: POST /session/f199610b81d2740d08c28d2a7b12bbb6/execute/async - {"script":"<script> [1562 bytes]","args":[{"selector":{"id":"application-manageresources-display-component---newResourceUnit--PLANNING_INDICATOR","interaction":{"idSuffix":"inner"}},"wdio_ui5_key":"applicationmanageresources-display-component---newResourceUnit--PLANNING_INDICATOR"}]}
RESULT: {"script":"<script> [1562 bytes]","args":[{"selector":{"id":"application-manageresources-display-component---newResourceUnit--PLANNING_INDICATOR","interaction":{"idSuffix":"inner"}},"wdio_ui5_key":"applicationmanageresources-display-component---newResourceUnit--PLANNING_INDICATOR"}]}
RESULT: undefined
COMMAND: POST /session/f199610b81d2740d08c28d2a7b12bbb6/execute/async - {"script":"<script> [776 bytes]","args":[{"enterText":"10 - infinite","selector":{"id":"application-manageresources-display-component---newResourceUnit--PLANNING_INDICATOR","interaction":{"idSuffix":"inner"}},"clearTextFirst":true,"interactionType":"ENTER_TEXT"}]}
RESULT: {"script":"<script> [776 bytes]","args":[{"enterText":"10 - infinite","selector":{"id":"application-manageresources-display-component---newResourceUnit--PLANNING_INDICATOR","interaction":{"idSuffix":"inner"}},"clearTextFirst":true,"interactionType":"ENTER_TEXT"}]}
COMMAND: POST /session/f199610b81d2740d08c28d2a7b12bbb6/element - {"using":"css selector","value":"#application-manageresources-display-component---newResourceUnit--btnAddTimeSegment"}
RESULT: {"using":"css selector","value":"#application-manageresources-display-component---newResourceUnit--btnAddTimeSegment"}
COMMAND: GET /session/f199610b81d2740d08c28d2a7b12bbb6/element/f.2BFA133D83E8FE08190C073C8C008530.d.B8A54862F745E1F06A3229133FFAD864.e.17259/rect - {}
RESULT: {}
COMMAND: GET /session/f199610b81d2740d08c28d2a7b12bbb6/window/rect - {}
RESULT: {}
COMMAND: POST /session/f199610b81d2740d08c28d2a7b12bbb6/execute/sync - {"script":"<script> [92 bytes]","args":[]}
RESULT: {"script":"<script> [92 bytes]","args":[]}
COMMAND: POST /session/f199610b81d2740d08c28d2a7b12bbb6/actions - {"actions":[{"id":"action55","type":"wheel","parameters":{},"actions":[{"type":"scroll","x":-1888,"y":-32,"deltaX":0,"deltaY":0,"duration":0,"origin":{"element-6066-11e4-a52e-4f735466cecf":"f.2BFA133D83E8FE08190C073C8C008530.d.B8A54862F745E1F06A3229133FFAD864.e.17259"}}]}]}
COMMAND: GET /session/f199610b81d2740d08c28d2a7b12bbb6/screenshot - {}
RESULT: {}
COMMAND: POST /session/f199610b81d2740d08c28d2a7b12bbb6/execute/sync - {"script":"<script> [79 bytes]","args":[{"element-6066-11e4-a52e-4f735466cecf":"f.2BFA133D83E8FE08190C073C8C008530.d.B8A54862F745E1F06A3229133FFAD864.e.17259","ELEMENT":"f.2BFA133D83E8FE08190C073C8C008530.d.B8A54862F745E1F06A3229133FFAD864.e.17259"},{"block":"start","inline":"nearest"}]}
RESULT: {"script":"<script> [79 bytes]","args":[{"element-6066-11e4-a52e-4f735466cecf":"f.2BFA133D83E8FE08190C073C8C008530.d.B8A54862F745E1F06A3229133FFAD864.e.17259","ELEMENT":"f.2BFA133D83E8FE08190C073C8C008530.d.B8A54862F745E1F06A3229133FFAD864.e.17259"},{"block":"start","inline":"nearest"}]}
COMMAND: POST /session/f199610b81d2740d08c28d2a7b12bbb6/execute/async - {"script":"<script> [1562 bytes]","args":[{"selector":{"id":"application-manageresources-display-component---newResourceUnit--btnAddTimeSegment","interaction":{"idSuffix":"inner"}},"wdio_ui5_key":"applicationmanageresources-display-component---newResourceUnit--btnAddTimeSegment"}]}
COMMAND: GET /session/f199610b81d2740d08c28d2a7b12bbb6/screenshot - {}
RESULT: {"script":"<script> [1562 bytes]","args":[{"selector":{"id":"application-manageresources-display-component---newResourceUnit--btnAddTimeSegment","interaction":{"idSuffix":"inner"}},"wdio_ui5_key":"applicationmanageresources-display-component---newResourceUnit--btnAddTimeSegment"}]}
RESULT: undefined
COMMAND: POST /session/f199610b81d2740d08c28d2a7b12bbb6/element - {"using":"xpath","value":"//*[@id=\"application-manageresources-display-component---newResourceUnit--btnAddTimeSegment\"]"}
RESULT: {}
RESULT: {"using":"xpath","value":"//*[@id=\"application-manageresources-display-component---newResourceUnit--btnAddTimeSegment\"]"}
COMMAND: POST /session/f199610b81d2740d08c28d2a7b12bbb6/element/f.2BFA133D83E8FE08190C073C8C008530.d.B8A54862F745E1F06A3229133FFAD864.e.17259/click - {}
RESULT: {}
COMMAND: GET /session/f199610b81d2740d08c28d2a7b12bbb6/screenshot - {}
RESULT: {}
COMMAND: POST /session/f199610b81d2740d08c28d2a7b12bbb6/element - {"using":"xpath","value":"//input[@id=\"application-manageresources-display-component---newResourceUnit--idRuTSAdmin-application-manageresources-display-component---newResourceUnit--RUTimeSegment-0-inner\"]"}
RESULT: {"using":"xpath","value":"//input[@id=\"application-manageresources-display-component---newResourceUnit--idRuTSAdmin-application-manageresources-display-component---newResourceUnit--RUTimeSegment-0-inner\"]"}
COMMAND: POST /session/f199610b81d2740d08c28d2a7b12bbb6/element/f.2BFA133D83E8FE08190C073C8C008530.d.B8A54862F745E1F06A3229133FFAD864.e.17264/clear - {}
RESULT: {}
COMMAND: POST /session/f199610b81d2740d08c28d2a7b12bbb6/element/f.2BFA133D83E8FE08190C073C8C008530.d.B8A54862F745E1F06A3229133FFAD864.e.17264/value - {"text":"545"}
COMMAND: GET /session/f199610b81d2740d08c28d2a7b12bbb6/screenshot - {}
RESULT: {"text":"545"}
COMMAND: GET /session/f199610b81d2740d08c28d2a7b12bbb6/screenshot - {}
RESULT: {}
RESULT: {}
COMMAND: POST /session/f199610b81d2740d08c28d2a7b12bbb6/element - {"using":"xpath","value":"//li[.//span[text()='545']]"}
RESULT: {"using":"xpath","value":"//li[.//span[text()='545']]"}
COMMAND: POST /session/f199610b81d2740d08c28d2a7b12bbb6/element/f.2BFA133D83E8FE08190C073C8C008530.d.B8A54862F745E1F06A3229133FFAD864.e.17273/click - {}
RESULT: {}
COMMAND: GET /session/f199610b81d2740d08c28d2a7b12bbb6/screenshot - {}
RESULT: {}
COMMAND: POST /session/f199610b81d2740d08c28d2a7b12bbb6/element - {"using":"xpath","value":"(//span[contains(@id, \"-application-manageresources-display-component---newResourceUnit--RUTimeSegment-0-arrow\")])[2]"}
RESULT: {"using":"xpath","value":"(//span[contains(@id, \"-application-manageresources-display-component---newResourceUnit--RUTimeSegment-0-arrow\")])[2]"}
COMMAND: POST /session/f199610b81d2740d08c28d2a7b12bbb6/element/f.2BFA133D83E8FE08190C073C8C008530.d.B8A54862F745E1F06A3229133FFAD864.e.17274/click - {}
RESULT: {}
COMMAND: POST /session/f199610b81d2740d08c28d2a7b12bbb6/element - {"using":"xpath","value":"//span[contains(text(), \"PM Order\")]"}
COMMAND: GET /session/f199610b81d2740d08c28d2a7b12bbb6/screenshot - {}
RESULT: {"using":"xpath","value":"//span[contains(text(), \"PM Order\")]"}
COMMAND: POST /session/f199610b81d2740d08c28d2a7b12bbb6/element/f.2BFA133D83E8FE08190C073C8C008530.d.B8A54862F745E1F06A3229133FFAD864.e.17275/click - {}
RESULT: {}
RESULT: {}
COMMAND: GET /session/f199610b81d2740d08c28d2a7b12bbb6/screenshot - {}
RESULT: {}
COMMAND: POST /session/f199610b81d2740d08c28d2a7b12bbb6/element - {"using":"xpath","value":"//td/div/div/div/span[contains(@id, \"newResourceUnit--RUTimeSegment-0-vhi\")][1]"}
RESULT: {"using":"xpath","value":"//td/div/div/div/span[contains(@id, \"newResourceUnit--RUTimeSegment-0-vhi\")][1]"}
COMMAND: GET /session/f199610b81d2740d08c28d2a7b12bbb6/element/f.2BFA133D83E8FE08190C073C8C008530.d.B8A54862F745E1F06A3229133FFAD864.e.17279/rect - {}
RESULT: {}
COMMAND: GET /session/f199610b81d2740d08c28d2a7b12bbb6/window/rect - {}
RESULT: {}
COMMAND: POST /session/f199610b81d2740d08c28d2a7b12bbb6/execute/sync - {"script":"<script> [92 bytes]","args":[]}
RESULT: {"script":"<script> [92 bytes]","args":[]}
COMMAND: POST /session/f199610b81d2740d08c28d2a7b12bbb6/actions - {"actions":[{"id":"action56","type":"wheel","parameters":{},"actions":[{"type":"scroll","x":-1888,"y":-24,"deltaX":0,"deltaY":0,"duration":0,"origin":{"element-6066-11e4-a52e-4f735466cecf":"f.2BFA133D83E8FE08190C073C8C008530.d.B8A54862F745E1F06A3229133FFAD864.e.17279"}}]}]}
COMMAND: GET /session/f199610b81d2740d08c28d2a7b12bbb6/screenshot - {}
RESULT: {}
COMMAND: POST /session/f199610b81d2740d08c28d2a7b12bbb6/execute/sync - {"script":"<script> [79 bytes]","args":[{"element-6066-11e4-a52e-4f735466cecf":"f.2BFA133D83E8FE08190C073C8C008530.d.B8A54862F745E1F06A3229133FFAD864.e.17279","ELEMENT":"f.2BFA133D83E8FE08190C073C8C008530.d.B8A54862F745E1F06A3229133FFAD864.e.17279"},{"block":"start","inline":"nearest"}]}
RESULT: {"script":"<script> [79 bytes]","args":[{"element-6066-11e4-a52e-4f735466cecf":"f.2BFA133D83E8FE08190C073C8C008530.d.B8A54862F745E1F06A3229133FFAD864.e.17279","ELEMENT":"f.2BFA133D83E8FE08190C073C8C008530.d.B8A54862F745E1F06A3229133FFAD864.e.17279"},{"block":"start","inline":"nearest"}]}
COMMAND: GET /session/f199610b81d2740d08c28d2a7b12bbb6/screenshot - {}
RESULT: {}
COMMAND: POST /session/f199610b81d2740d08c28d2a7b12bbb6/element/f.2BFA133D83E8FE08190C073C8C008530.d.B8A54862F745E1F06A3229133FFAD864.e.17279/click - {}
RESULT: {}
COMMAND: GET /session/f199610b81d2740d08c28d2a7b12bbb6/screenshot - {}
RESULT: {}
COMMAND: POST /session/f199610b81d2740d08c28d2a7b12bbb6/execute/async - {"script":"<script> [1562 bytes]","args":[{"selector":{"controlType":"sap.m.SearchField","properties":{"placeholder":"Search"},"searchOpenDialogs":true,"interaction":{"idSuffix":"I"}},"wdio_ui5_key":"sapm.SearchField{\"placeholder\":\"Search\"}"}]}
RESULT: {"script":"<script> [1562 bytes]","args":[{"selector":{"controlType":"sap.m.SearchField","properties":{"placeholder":"Search"},"searchOpenDialogs":true,"interaction":{"idSuffix":"I"}},"wdio_ui5_key":"sapm.SearchField{\"placeholder\":\"Search\"}"}]}
RESULT: undefined
COMMAND: POST /session/f199610b81d2740d08c28d2a7b12bbb6/execute/async - {"script":"<script> [776 bytes]","args":[{"enterText":"4000360","selector":{"controlType":"sap.m.SearchField","properties":{"placeholder":"Search"},"searchOpenDialogs":true,"interaction":{"idSuffix":"I"}},"clearTextFirst":true,"interactionType":"ENTER_TEXT"}]}
RESULT: {"script":"<script> [776 bytes]","args":[{"enterText":"4000360","selector":{"controlType":"sap.m.SearchField","properties":{"placeholder":"Search"},"searchOpenDialogs":true,"interaction":{"idSuffix":"I"}},"clearTextFirst":true,"interactionType":"ENTER_TEXT"}]}
COMMAND: POST /session/f199610b81d2740d08c28d2a7b12bbb6/actions - {"actions":[{"id":"action57","type":"key","parameters":{},"actions":[{"type":"keyDown","value":"î€‡"},{"type":"pause","duration":10},{"type":"keyUp","value":"î€‡"}]}]}
RESULT: {"actions":[{"id":"action57","type":"key","parameters":{},"actions":[{"type":"keyDown","value":"î€‡"},{"type":"pause","duration":10},{"type":"keyUp","value":"î€‡"}]}]}
COMMAND: GET /session/f199610b81d2740d08c28d2a7b12bbb6/screenshot - {}
RESULT: {}
COMMAND: POST /session/f199610b81d2740d08c28d2a7b12bbb6/element - {"using":"xpath","value":"//td/div/span[contains(text(), \"BGL Vehicles\")]"}
RESULT: {"using":"xpath","value":"//td/div/span[contains(text(), \"BGL Vehicles\")]"}
COMMAND: POST /session/f199610b81d2740d08c28d2a7b12bbb6/element/f.2BFA133D83E8FE08190C073C8C008530.d.B8A54862F745E1F06A3229133FFAD864.e.17300/click - {}
RESULT: {}
COMMAND: GET /session/f199610b81d2740d08c28d2a7b12bbb6/screenshot - {}
RESULT: {}
COMMAND: POST /session/f199610b81d2740d08c28d2a7b12bbb6/element - {"using":"xpath","value":"//bdi[contains(text(), \"OK\")]"}
RESULT: {"using":"xpath","value":"//bdi[contains(text(), \"OK\")]"}
COMMAND: POST /session/f199610b81d2740d08c28d2a7b12bbb6/element/f.2BFA133D83E8FE08190C073C8C008530.d.B8A54862F745E1F06A3229133FFAD864.e.17301/click - {}
RESULT: {}
COMMAND: GET /session/f199610b81d2740d08c28d2a7b12bbb6/screenshot - {}
RESULT: {}
COMMAND: POST /session/f199610b81d2740d08c28d2a7b12bbb6/element - {"using":"xpath","value":"//label[contains(@class, 'sapMLabelRequired') and .//bdi[contains(text(), 'Planned Retirement')]]"}
RESULT: {"using":"xpath","value":"//label[contains(@class, 'sapMLabelRequired') and .//bdi[contains(text(), 'Planned Retirement')]]"}
COMMAND: POST /session/f199610b81d2740d08c28d2a7b12bbb6/elements - {"using":"xpath","value":"//label[contains(@class, 'sapMLabelRequired') and .//bdi[contains(text(), 'Planned Retirement')]]"}
RESULT: {"using":"xpath","value":"//label[contains(@class, 'sapMLabelRequired') and .//bdi[contains(text(), 'Planned Retirement')]]"}
COMMAND: POST /session/f199610b81d2740d08c28d2a7b12bbb6/element - {"using":"xpath","value":"//button[@data-kt=\"resourceUnitSaveButton\"]"}
RESULT: {"using":"xpath","value":"//button[@data-kt=\"resourceUnitSaveButton\"]"}
COMMAND: POST /session/f199610b81d2740d08c28d2a7b12bbb6/element/f.2BFA133D83E8FE08190C073C8C008530.d.B8A54862F745E1F06A3229133FFAD864.e.17201/click - {}
RESULT: {}
COMMAND: GET /session/f199610b81d2740d08c28d2a7b12bbb6/screenshot - {}
RESULT: {}
COMMAND: POST /session/f199610b81d2740d08c28d2a7b12bbb6/element - {"using":"xpath","value":"//bdi[contains(text(), \"Close\")]"}
RESULT: {"using":"xpath","value":"//bdi[contains(text(), \"Close\")]"}
COMMAND: POST /session/f199610b81d2740d08c28d2a7b12bbb6/element/f.2BFA133D83E8FE08190C073C8C008530.d.B8A54862F745E1F06A3229133FFAD864.e.17307/click - {}
RESULT: {}
COMMAND: GET /session/f199610b81d2740d08c28d2a7b12bbb6/screenshot - {}
RESULT: {}
COMMAND: POST /session/f199610b81d2740d08c28d2a7b12bbb6/element - {"using":"xpath","value":"//header[contains(@id, 'detailRruPage-headerTitle')]/div[1]/div[2]/div[2]/span[1]"}
RESULT: {"using":"xpath","value":"//header[contains(@id, 'detailRruPage-headerTitle')]/div[1]/div[2]/div[2]/span[1]"}
COMMAND: POST /session/f199610b81d2740d08c28d2a7b12bbb6/elements - {"using":"xpath","value":"//header[contains(@id, 'detailRruPage-headerTitle')]/div[1]/div[2]/div[2]/span[1]"}
RESULT: {"using":"xpath","value":"//header[contains(@id, 'detailRruPage-headerTitle')]/div[1]/div[2]/div[2]/span[1]"}
COMMAND: POST /session/f199610b81d2740d08c28d2a7b12bbb6/execute/sync - {"script":"<script> [56 bytes]","args":[{"element-6066-11e4-a52e-4f735466cecf":"f.2BFA133D83E8FE08190C073C8C008530.d.B8A54862F745E1F06A3229133FFAD864.e.17335","ELEMENT":"f.2BFA133D83E8FE08190C073C8C008530.d.B8A54862F745E1F06A3229133FFAD864.e.17335"}]}
RESULT: {"script":"<script> [56 bytes]","args":[{"element-6066-11e4-a52e-4f735466cecf":"f.2BFA133D83E8FE08190C073C8C008530.d.B8A54862F745E1F06A3229133FFAD864.e.17335","ELEMENT":"f.2BFA133D83E8FE08190C073C8C008530.d.B8A54862F745E1F06A3229133FFAD864.e.17335"}]}
COMMAND: POST /session/f199610b81d2740d08c28d2a7b12bbb6/element - {"using":"css selector","value":"#shell-header-logo"}
COMMAND: GET /session/f199610b81d2740d08c28d2a7b12bbb6/screenshot - {}
RESULT: {"using":"css selector","value":"#shell-header-logo"}
COMMAND: POST /session/f199610b81d2740d08c28d2a7b12bbb6/element/f.2BFA133D83E8FE08190C073C8C008530.d.B8A54862F745E1F06A3229133FFAD864.e.16678/click - {}
RESULT: {}
RESULT: {}
COMMAND: GET /session/f199610b81d2740d08c28d2a7b12bbb6/screenshot - {}
RESULT: {}
]]></system-out>
    </testcase>
  </testsuite>
  <testsuite timestamp="2025-05-19T09:20:41" time="383.987" tests="6" failures="0" errors="0" skipped="0">
    <properties>
      <property name="specId" value="0" />
      <property name="suiteName" value="Provide to Site w/o warehouse management w/o clarification" />
      <property name="capabilities" value="chrome.136_0_7103_93.windows" />
      <property name="file" value="file:///D:/a/1/s/test/specs/HTR/provide-to-site-wo-warehouse-wo-clarification.spec.js" />
    </properties>
    <testcase classname="chrome.136_0_7103_93.windows.Provide_to_Site_w/o_warehouse_management_w/o_clarification" name="Should do a stock increase handover" time="97.15">
      <system-out><![CDATA[
COMMAND: POST /session/f199610b81d2740d08c28d2a7b12bbb6/execute/async - {"script":"<script> [1562 bytes]","args":[{"selector":{"controlType":"sap.m.GenericTile","properties":{"header":"Manage Handovers"}},"wdio_ui5_key":"sapm.GenericTile{\"header\":\"Manage Handovers\"}"}]}
RESULT: {"script":"<script> [1562 bytes]","args":[{"selector":{"controlType":"sap.m.GenericTile","properties":{"header":"Manage Handovers"}},"wdio_ui5_key":"sapm.GenericTile{\"header\":\"Manage Handovers\"}"}]}
RESULT: undefined
COMMAND: POST /session/f199610b81d2740d08c28d2a7b12bbb6/element - {"using":"xpath","value":"//*[@id=\"__tile131\"]"}
RESULT: {"using":"xpath","value":"//*[@id=\"__tile131\"]"}
COMMAND: POST /session/f199610b81d2740d08c28d2a7b12bbb6/element/f.2BFA133D83E8FE08190C073C8C008530.d.B8A54862F745E1F06A3229133FFAD864.e.16724/click - {}
RESULT: {}
COMMAND: GET /session/f199610b81d2740d08c28d2a7b12bbb6/screenshot - {}
COMMAND: POST /session/f199610b81d2740d08c28d2a7b12bbb6/elements - {"using":"xpath","value":"//span[text()='Error']"}
RESULT: {}
RESULT: {"using":"xpath","value":"//span[text()='Error']"}
COMMAND: POST /session/f199610b81d2740d08c28d2a7b12bbb6/element - {"using":"xpath","value":"//button[@data-kt=\"masterHOAddButton\"]"}
RESULT: {"using":"xpath","value":"//button[@data-kt=\"masterHOAddButton\"]"}
COMMAND: POST /session/f199610b81d2740d08c28d2a7b12bbb6/elements - {"using":"xpath","value":"//button[@data-kt=\"masterHOAddButton\"]"}
RESULT: {"using":"xpath","value":"//button[@data-kt=\"masterHOAddButton\"]"}
COMMAND: POST /session/f199610b81d2740d08c28d2a7b12bbb6/elements - {"using":"xpath","value":"//button[@data-kt=\"masterHOAddButton\"]"}
RESULT: {"using":"xpath","value":"//button[@data-kt=\"masterHOAddButton\"]"}
COMMAND: POST /session/f199610b81d2740d08c28d2a7b12bbb6/element - {"using":"xpath","value":"//button[@data-kt=\"masterHOAddButton\"]"}
RESULT: {"using":"xpath","value":"//button[@data-kt=\"masterHOAddButton\"]"}
COMMAND: POST /session/f199610b81d2740d08c28d2a7b12bbb6/execute/sync - {"script":"<script> [8489 bytes]","args":[{"element-6066-11e4-a52e-4f735466cecf":"f.2BFA133D83E8FE08190C073C8C008530.d.B8A54862F745E1F06A3229133FFAD864.e.17366","ELEMENT":"f.2BFA133D83E8FE08190C073C8C008530.d.B8A54862F745E1F06A3229133FFAD864.e.17366"}]}
RESULT: {"script":"<script> [8489 bytes]","args":[{"element-6066-11e4-a52e-4f735466cecf":"f.2BFA133D83E8FE08190C073C8C008530.d.B8A54862F745E1F06A3229133FFAD864.e.17366","ELEMENT":"f.2BFA133D83E8FE08190C073C8C008530.d.B8A54862F745E1F06A3229133FFAD864.e.17366"}]}
COMMAND: GET /session/f199610b81d2740d08c28d2a7b12bbb6/element/f.2BFA133D83E8FE08190C073C8C008530.d.B8A54862F745E1F06A3229133FFAD864.e.17366/enabled - {}
COMMAND: GET /session/f199610b81d2740d08c28d2a7b12bbb6/screenshot - {}
RESULT: {}
COMMAND: POST /session/f199610b81d2740d08c28d2a7b12bbb6/execute/sync - {"script":"<script> [8489 bytes]","args":[{"element-6066-11e4-a52e-4f735466cecf":"f.2BFA133D83E8FE08190C073C8C008530.d.B8A54862F745E1F06A3229133FFAD864.e.17366","ELEMENT":"f.2BFA133D83E8FE08190C073C8C008530.d.B8A54862F745E1F06A3229133FFAD864.e.17366"}]}
COMMAND: GET /session/f199610b81d2740d08c28d2a7b12bbb6/screenshot - {}
RESULT: {}
RESULT: {"script":"<script> [8489 bytes]","args":[{"element-6066-11e4-a52e-4f735466cecf":"f.2BFA133D83E8FE08190C073C8C008530.d.B8A54862F745E1F06A3229133FFAD864.e.17366","ELEMENT":"f.2BFA133D83E8FE08190C073C8C008530.d.B8A54862F745E1F06A3229133FFAD864.e.17366"}]}
COMMAND: POST /session/f199610b81d2740d08c28d2a7b12bbb6/execute/sync - {"script":"<script> [5351 bytes]","args":[{"element-6066-11e4-a52e-4f735466cecf":"f.2BFA133D83E8FE08190C073C8C008530.d.B8A54862F745E1F06A3229133FFAD864.e.17366","ELEMENT":"f.2BFA133D83E8FE08190C073C8C008530.d.B8A54862F745E1F06A3229133FFAD864.e.17366"}]}
COMMAND: GET /session/f199610b81d2740d08c28d2a7b12bbb6/screenshot - {}
RESULT: {}
RESULT: {"script":"<script> [5351 bytes]","args":[{"element-6066-11e4-a52e-4f735466cecf":"f.2BFA133D83E8FE08190C073C8C008530.d.B8A54862F745E1F06A3229133FFAD864.e.17366","ELEMENT":"f.2BFA133D83E8FE08190C073C8C008530.d.B8A54862F745E1F06A3229133FFAD864.e.17366"}]}
COMMAND: POST /session/f199610b81d2740d08c28d2a7b12bbb6/element/f.2BFA133D83E8FE08190C073C8C008530.d.B8A54862F745E1F06A3229133FFAD864.e.17366/click - {}
COMMAND: GET /session/f199610b81d2740d08c28d2a7b12bbb6/screenshot - {}
RESULT: {}
RESULT: {}
RESULT: {}
COMMAND: GET /session/f199610b81d2740d08c28d2a7b12bbb6/screenshot - {}
RESULT: {}
COMMAND: POST /session/f199610b81d2740d08c28d2a7b12bbb6/element - {"using":"xpath","value":"//span[contains(@id ,\"AddNewHO--typeSelect-arrow\")]"}
RESULT: {"using":"xpath","value":"//span[contains(@id ,\"AddNewHO--typeSelect-arrow\")]"}
COMMAND: POST /session/f199610b81d2740d08c28d2a7b12bbb6/element/f.2BFA133D83E8FE08190C073C8C008530.d.B8A54862F745E1F06A3229133FFAD864.e.17728/click - {}
RESULT: {}
COMMAND: GET /session/f199610b81d2740d08c28d2a7b12bbb6/screenshot - {}
RESULT: {}
COMMAND: POST /session/f199610b81d2740d08c28d2a7b12bbb6/element - {"using":"xpath","value":"(//li[contains(text(), \"stock increase yard\")])[1]"}
RESULT: {"using":"xpath","value":"(//li[contains(text(), \"stock increase yard\")])[1]"}
COMMAND: POST /session/f199610b81d2740d08c28d2a7b12bbb6/element/f.2BFA133D83E8FE08190C073C8C008530.d.B8A54862F745E1F06A3229133FFAD864.e.17729/click - {}
RESULT: {}
COMMAND: GET /session/f199610b81d2740d08c28d2a7b12bbb6/screenshot - {}
RESULT: {}
COMMAND: POST /session/f199610b81d2740d08c28d2a7b12bbb6/execute/async - {"script":"<script> [1562 bytes]","args":[{"selector":{"id":"application-managehandovers-display-component---AddNewHO--dueDate","interaction":{"idSuffix":"inner"}},"wdio_ui5_key":"applicationmanagehandovers-display-component---AddNewHO--dueDate"}]}
RESULT: {"script":"<script> [1562 bytes]","args":[{"selector":{"id":"application-managehandovers-display-component---AddNewHO--dueDate","interaction":{"idSuffix":"inner"}},"wdio_ui5_key":"applicationmanagehandovers-display-component---AddNewHO--dueDate"}]}
RESULT: undefined
COMMAND: POST /session/f199610b81d2740d08c28d2a7b12bbb6/execute/async - {"script":"<script> [6424 bytes]","args":[{"element-6066-11e4-a52e-4f735466cecf":"f.2BFA133D83E8FE08190C073C8C008530.d.B8A54862F745E1F06A3229133FFAD864.e.17731"},"setValue",["5/19/25"]]}
RESULT: {"script":"<script> [6424 bytes]","args":[{"element-6066-11e4-a52e-4f735466cecf":"f.2BFA133D83E8FE08190C073C8C008530.d.B8A54862F745E1F06A3229133FFAD864.e.17731"},"setValue",["5/19/25"]]}
COMMAND: POST /session/f199610b81d2740d08c28d2a7b12bbb6/element - {"using":"xpath","value":"//input[@id=\"generalSectionFrg--receiveYard-inner\"]"}
RESULT: {"using":"xpath","value":"//input[@id=\"generalSectionFrg--receiveYard-inner\"]"}
COMMAND: POST /session/f199610b81d2740d08c28d2a7b12bbb6/element/f.2BFA133D83E8FE08190C073C8C008530.d.B8A54862F745E1F06A3229133FFAD864.e.17735/clear - {}
RESULT: {}
COMMAND: POST /session/f199610b81d2740d08c28d2a7b12bbb6/element/f.2BFA133D83E8FE08190C073C8C008530.d.B8A54862F745E1F06A3229133FFAD864.e.17735/value - {"text":"545"}
COMMAND: GET /session/f199610b81d2740d08c28d2a7b12bbb6/screenshot - {}
RESULT: {"text":"545"}
COMMAND: GET /session/f199610b81d2740d08c28d2a7b12bbb6/screenshot - {}
RESULT: {}
RESULT: {}
COMMAND: POST /session/f199610b81d2740d08c28d2a7b12bbb6/element - {"using":"xpath","value":"//li[.//span[text()='545']]"}
RESULT: {"using":"xpath","value":"//li[.//span[text()='545']]"}
COMMAND: POST /session/f199610b81d2740d08c28d2a7b12bbb6/element/f.2BFA133D83E8FE08190C073C8C008530.d.B8A54862F745E1F06A3229133FFAD864.e.17752/click - {}
RESULT: {}
COMMAND: GET /session/f199610b81d2740d08c28d2a7b12bbb6/screenshot - {}
RESULT: {}
COMMAND: POST /session/f199610b81d2740d08c28d2a7b12bbb6/execute/async - {"script":"<script> [1562 bytes]","args":[{"selector":{"id":"application-managehandovers-display-component---AddNewHO--ObjectPageLayout-anchBar-application-managehandovers-display-component---AddNewHO--section4-anchor","interaction":{"idSuffix":"BDI-content"}},"wdio_ui5_key":"applicationmanagehandovers-display-component---AddNewHO--ObjectPageLayout-anchBar-application-managehandovers-display-component---AddNewHO--section4-anchor"}]}
RESULT: {"script":"<script> [1562 bytes]","args":[{"selector":{"id":"application-managehandovers-display-component---AddNewHO--ObjectPageLayout-anchBar-application-managehandovers-display-component---AddNewHO--section4-anchor","interaction":{"idSuffix":"BDI-content"}},"wdio_ui5_key":"applicationmanagehandovers-display-component---AddNewHO--ObjectPageLayout-anchBar-application-managehandovers-display-component---AddNewHO--section4-anchor"}]}
RESULT: undefined
COMMAND: POST /session/f199610b81d2740d08c28d2a7b12bbb6/element - {"using":"xpath","value":"//*[@id=\"application-managehandovers-display-component---AddNewHO--ObjectPageLayout-anchBar-application-managehandovers-display-component---AddNewHO--section4-anchor\"]"}
RESULT: {"using":"xpath","value":"//*[@id=\"application-managehandovers-display-component---AddNewHO--ObjectPageLayout-anchBar-application-managehandovers-display-component---AddNewHO--section4-anchor\"]"}
COMMAND: POST /session/f199610b81d2740d08c28d2a7b12bbb6/element/f.2BFA133D83E8FE08190C073C8C008530.d.B8A54862F745E1F06A3229133FFAD864.e.17754/click - {}
RESULT: {}
COMMAND: POST /session/f199610b81d2740d08c28d2a7b12bbb6/element - {"using":"xpath","value":"//button[@aria-label=\"Add\"]"}
COMMAND: GET /session/f199610b81d2740d08c28d2a7b12bbb6/screenshot - {}
RESULT: {"using":"xpath","value":"//button[@aria-label=\"Add\"]"}
COMMAND: POST /session/f199610b81d2740d08c28d2a7b12bbb6/element/f.2BFA133D83E8FE08190C073C8C008530.d.B8A54862F745E1F06A3229133FFAD864.e.17756/click - {}
RESULT: {}
RESULT: {}
COMMAND: GET /session/f199610b81d2740d08c28d2a7b12bbb6/screenshot - {}
RESULT: {}
COMMAND: POST /session/f199610b81d2740d08c28d2a7b12bbb6/execute/async - {"script":"<script> [1562 bytes]","args":[{"selector":{"id":"application-managehandovers-display-component---AddNewHO--smartFilterBar-btnBasicSearch","searchOpenDialogs":true,"interaction":{"idSuffix":"I"}},"wdio_ui5_key":"applicationmanagehandovers-display-component---AddNewHO--smartFilterBar-btnBasicSearch"}]}
RESULT: {"script":"<script> [1562 bytes]","args":[{"selector":{"id":"application-managehandovers-display-component---AddNewHO--smartFilterBar-btnBasicSearch","searchOpenDialogs":true,"interaction":{"idSuffix":"I"}},"wdio_ui5_key":"applicationmanagehandovers-display-component---AddNewHO--smartFilterBar-btnBasicSearch"}]}
RESULT: undefined
COMMAND: POST /session/f199610b81d2740d08c28d2a7b12bbb6/execute/async - {"script":"<script> [776 bytes]","args":[{"enterText":"200293","selector":{"id":"application-managehandovers-display-component---AddNewHO--smartFilterBar-btnBasicSearch","searchOpenDialogs":true,"interaction":{"idSuffix":"I"}},"clearTextFirst":true,"interactionType":"ENTER_TEXT"}]}
RESULT: {"script":"<script> [776 bytes]","args":[{"enterText":"200293","selector":{"id":"application-managehandovers-display-component---AddNewHO--smartFilterBar-btnBasicSearch","searchOpenDialogs":true,"interaction":{"idSuffix":"I"}},"clearTextFirst":true,"interactionType":"ENTER_TEXT"}]}
COMMAND: POST /session/f199610b81d2740d08c28d2a7b12bbb6/actions - {"actions":[{"id":"action58","type":"key","parameters":{},"actions":[{"type":"keyDown","value":"î€‡"},{"type":"pause","duration":10},{"type":"keyUp","value":"î€‡"}]}]}
RESULT: {"actions":[{"id":"action58","type":"key","parameters":{},"actions":[{"type":"keyDown","value":"î€‡"},{"type":"pause","duration":10},{"type":"keyUp","value":"î€‡"}]}]}
COMMAND: GET /session/f199610b81d2740d08c28d2a7b12bbb6/screenshot - {}
RESULT: {}
COMMAND: POST /session/f199610b81d2740d08c28d2a7b12bbb6/execute/async - {"script":"<script> [1562 bytes]","args":[{"selector":{"id":"application-managehandovers-display-component---AddNewHO--popup-sa","searchOpenDialogs":true,"interaction":{"idSuffix":"CbBg"}},"wdio_ui5_key":"applicationmanagehandovers-display-component---AddNewHO--popup-sa"}]}
RESULT: {"script":"<script> [1562 bytes]","args":[{"selector":{"id":"application-managehandovers-display-component---AddNewHO--popup-sa","searchOpenDialogs":true,"interaction":{"idSuffix":"CbBg"}},"wdio_ui5_key":"applicationmanagehandovers-display-component---AddNewHO--popup-sa"}]}
RESULT: undefined
COMMAND: POST /session/f199610b81d2740d08c28d2a7b12bbb6/element - {"using":"xpath","value":"//*[@id=\"application-managehandovers-display-component---AddNewHO--popup-sa\"]"}
RESULT: {"using":"xpath","value":"//*[@id=\"application-managehandovers-display-component---AddNewHO--popup-sa\"]"}
COMMAND: POST /session/f199610b81d2740d08c28d2a7b12bbb6/element/f.2BFA133D83E8FE08190C073C8C008530.d.B8A54862F745E1F06A3229133FFAD864.e.17912/click - {}
RESULT: {}
COMMAND: GET /session/f199610b81d2740d08c28d2a7b12bbb6/screenshot - {}
RESULT: {}
COMMAND: POST /session/f199610b81d2740d08c28d2a7b12bbb6/element - {"using":"xpath","value":"//bdi[contains(text(), \"Select\")]"}
RESULT: {"using":"xpath","value":"//bdi[contains(text(), \"Select\")]"}
COMMAND: POST /session/f199610b81d2740d08c28d2a7b12bbb6/element/f.2BFA133D83E8FE08190C073C8C008530.d.B8A54862F745E1F06A3229133FFAD864.e.17913/click - {}
RESULT: {}
COMMAND: GET /session/f199610b81d2740d08c28d2a7b12bbb6/screenshot - {}
RESULT: {}
COMMAND: POST /session/f199610b81d2740d08c28d2a7b12bbb6/element - {"using":"xpath","value":"//button[@data-kt=\"AddNewHOSaveButton\"]"}
RESULT: {"using":"xpath","value":"//button[@data-kt=\"AddNewHOSaveButton\"]"}
COMMAND: POST /session/f199610b81d2740d08c28d2a7b12bbb6/element/f.2BFA133D83E8FE08190C073C8C008530.d.B8A54862F745E1F06A3229133FFAD864.e.17917/click - {}
RESULT: {}
COMMAND: GET /session/f199610b81d2740d08c28d2a7b12bbb6/screenshot - {}
RESULT: {}
COMMAND: POST /session/f199610b81d2740d08c28d2a7b12bbb6/execute/async - {"script":"<script> [1562 bytes]","args":[{"selector":{"id":"receiptDatePicker","viewName":"etm.portal.ui.managehandovers.view.DetailExecuteHO","interaction":{"idSuffix":"inner"}},"wdio_ui5_key":"receiptDatePickeretmportal.ui.managehandovers.view.DetailExecuteHO"}]}
RESULT: {"script":"<script> [1562 bytes]","args":[{"selector":{"id":"receiptDatePicker","viewName":"etm.portal.ui.managehandovers.view.DetailExecuteHO","interaction":{"idSuffix":"inner"}},"wdio_ui5_key":"receiptDatePickeretmportal.ui.managehandovers.view.DetailExecuteHO"}]}
RESULT: undefined
COMMAND: POST /session/f199610b81d2740d08c28d2a7b12bbb6/execute/async - {"script":"<script> [6424 bytes]","args":[{"element-6066-11e4-a52e-4f735466cecf":"f.2BFA133D83E8FE08190C073C8C008530.d.B8A54862F745E1F06A3229133FFAD864.e.17938"},"setValue",["5/19/25"]]}
RESULT: {"script":"<script> [6424 bytes]","args":[{"element-6066-11e4-a52e-4f735466cecf":"f.2BFA133D83E8FE08190C073C8C008530.d.B8A54862F745E1F06A3229133FFAD864.e.17938"},"setValue",["5/19/25"]]}
COMMAND: POST /session/f199610b81d2740d08c28d2a7b12bbb6/element - {"using":"xpath","value":"//button[@data-kt=\"PickingTableConfirmAllButton\"]"}
RESULT: {"using":"xpath","value":"//button[@data-kt=\"PickingTableConfirmAllButton\"]"}
COMMAND: POST /session/f199610b81d2740d08c28d2a7b12bbb6/element/f.2BFA133D83E8FE08190C073C8C008530.d.B8A54862F745E1F06A3229133FFAD864.e.17951/click - {}
RESULT: {}
COMMAND: GET /session/f199610b81d2740d08c28d2a7b12bbb6/screenshot - {}
RESULT: {}
COMMAND: POST /session/f199610b81d2740d08c28d2a7b12bbb6/element - {"using":"xpath","value":"//bdi[contains(text(), \"OK\")]"}
RESULT: {"using":"xpath","value":"//bdi[contains(text(), \"OK\")]"}
COMMAND: POST /session/f199610b81d2740d08c28d2a7b12bbb6/element/f.2BFA133D83E8FE08190C073C8C008530.d.B8A54862F745E1F06A3229133FFAD864.e.17953/click - {}
RESULT: {}
COMMAND: GET /session/f199610b81d2740d08c28d2a7b12bbb6/screenshot - {}
RESULT: {}
COMMAND: POST /session/f199610b81d2740d08c28d2a7b12bbb6/element - {"using":"xpath","value":"(//bdi[contains(text(), \"Receive\")])[2]"}
RESULT: {"using":"xpath","value":"(//bdi[contains(text(), \"Receive\")])[2]"}
COMMAND: POST /session/f199610b81d2740d08c28d2a7b12bbb6/element/f.2BFA133D83E8FE08190C073C8C008530.d.B8A54862F745E1F06A3229133FFAD864.e.17955/click - {}
RESULT: {}
COMMAND: GET /session/f199610b81d2740d08c28d2a7b12bbb6/screenshot - {}
RESULT: {}
COMMAND: POST /session/f199610b81d2740d08c28d2a7b12bbb6/element - {"using":"css selector","value":"#shell-header-logo"}
RESULT: {"using":"css selector","value":"#shell-header-logo"}
COMMAND: POST /session/f199610b81d2740d08c28d2a7b12bbb6/element/f.2BFA133D83E8FE08190C073C8C008530.d.B8A54862F745E1F06A3229133FFAD864.e.17338/click - {}
RESULT: {}
COMMAND: GET /session/f199610b81d2740d08c28d2a7b12bbb6/screenshot - {}
RESULT: {}
]]></system-out>
    </testcase>
    <testcase classname="chrome.136_0_7103_93.windows.Provide_to_Site_w/o_warehouse_management_w/o_clarification" name="Should create a new contract" time="63.773">
      <system-out><![CDATA[
COMMAND: POST /session/f199610b81d2740d08c28d2a7b12bbb6/execute/async - {"script":"<script> [1562 bytes]","args":[{"selector":{"controlType":"sap.m.GenericTile","properties":{"header":"Manage Contracts"}},"wdio_ui5_key":"sapm.GenericTile{\"header\":\"Manage Contracts\"}"}]}
RESULT: {"script":"<script> [1562 bytes]","args":[{"selector":{"controlType":"sap.m.GenericTile","properties":{"header":"Manage Contracts"}},"wdio_ui5_key":"sapm.GenericTile{\"header\":\"Manage Contracts\"}"}]}
RESULT: undefined
COMMAND: POST /session/f199610b81d2740d08c28d2a7b12bbb6/element - {"using":"xpath","value":"//*[@id=\"__tile130\"]"}
RESULT: {"using":"xpath","value":"//*[@id=\"__tile130\"]"}
COMMAND: POST /session/f199610b81d2740d08c28d2a7b12bbb6/element/f.2BFA133D83E8FE08190C073C8C008530.d.B8A54862F745E1F06A3229133FFAD864.e.16713/click - {}
RESULT: {}
COMMAND: GET /session/f199610b81d2740d08c28d2a7b12bbb6/screenshot - {}
RESULT: {}
COMMAND: POST /session/f199610b81d2740d08c28d2a7b12bbb6/elements - {"using":"xpath","value":"//span[text()='Error']"}
RESULT: {"using":"xpath","value":"//span[text()='Error']"}
COMMAND: POST /session/f199610b81d2740d08c28d2a7b12bbb6/element - {"using":"xpath","value":"//button[@data-kt=\"addButton\"]"}
RESULT: {"using":"xpath","value":"//button[@data-kt=\"addButton\"]"}
COMMAND: POST /session/f199610b81d2740d08c28d2a7b12bbb6/elements - {"using":"xpath","value":"//button[@data-kt=\"addButton\"]"}
RESULT: {"using":"xpath","value":"//button[@data-kt=\"addButton\"]"}
COMMAND: POST /session/f199610b81d2740d08c28d2a7b12bbb6/execute/sync - {"script":"<script> [8489 bytes]","args":[{"element-6066-11e4-a52e-4f735466cecf":"f.2BFA133D83E8FE08190C073C8C008530.d.B8A54862F745E1F06A3229133FFAD864.e.18334","ELEMENT":"f.2BFA133D83E8FE08190C073C8C008530.d.B8A54862F745E1F06A3229133FFAD864.e.18334"}]}
RESULT: {"script":"<script> [8489 bytes]","args":[{"element-6066-11e4-a52e-4f735466cecf":"f.2BFA133D83E8FE08190C073C8C008530.d.B8A54862F745E1F06A3229133FFAD864.e.18334","ELEMENT":"f.2BFA133D83E8FE08190C073C8C008530.d.B8A54862F745E1F06A3229133FFAD864.e.18334"}]}
COMMAND: GET /session/f199610b81d2740d08c28d2a7b12bbb6/element/f.2BFA133D83E8FE08190C073C8C008530.d.B8A54862F745E1F06A3229133FFAD864.e.18334/enabled - {}
COMMAND: GET /session/f199610b81d2740d08c28d2a7b12bbb6/screenshot - {}
RESULT: {}
COMMAND: POST /session/f199610b81d2740d08c28d2a7b12bbb6/execute/sync - {"script":"<script> [8489 bytes]","args":[{"element-6066-11e4-a52e-4f735466cecf":"f.2BFA133D83E8FE08190C073C8C008530.d.B8A54862F745E1F06A3229133FFAD864.e.18334","ELEMENT":"f.2BFA133D83E8FE08190C073C8C008530.d.B8A54862F745E1F06A3229133FFAD864.e.18334"}]}
COMMAND: GET /session/f199610b81d2740d08c28d2a7b12bbb6/screenshot - {}
RESULT: {}
RESULT: {"script":"<script> [8489 bytes]","args":[{"element-6066-11e4-a52e-4f735466cecf":"f.2BFA133D83E8FE08190C073C8C008530.d.B8A54862F745E1F06A3229133FFAD864.e.18334","ELEMENT":"f.2BFA133D83E8FE08190C073C8C008530.d.B8A54862F745E1F06A3229133FFAD864.e.18334"}]}
COMMAND: POST /session/f199610b81d2740d08c28d2a7b12bbb6/execute/sync - {"script":"<script> [5351 bytes]","args":[{"element-6066-11e4-a52e-4f735466cecf":"f.2BFA133D83E8FE08190C073C8C008530.d.B8A54862F745E1F06A3229133FFAD864.e.18334","ELEMENT":"f.2BFA133D83E8FE08190C073C8C008530.d.B8A54862F745E1F06A3229133FFAD864.e.18334"}]}
COMMAND: GET /session/f199610b81d2740d08c28d2a7b12bbb6/screenshot - {}
RESULT: {}
RESULT: {"script":"<script> [5351 bytes]","args":[{"element-6066-11e4-a52e-4f735466cecf":"f.2BFA133D83E8FE08190C073C8C008530.d.B8A54862F745E1F06A3229133FFAD864.e.18334","ELEMENT":"f.2BFA133D83E8FE08190C073C8C008530.d.B8A54862F745E1F06A3229133FFAD864.e.18334"}]}
COMMAND: GET /session/f199610b81d2740d08c28d2a7b12bbb6/screenshot - {}
RESULT: {}
RESULT: {}
COMMAND: POST /session/f199610b81d2740d08c28d2a7b12bbb6/element/f.2BFA133D83E8FE08190C073C8C008530.d.B8A54862F745E1F06A3229133FFAD864.e.18334/click - {}
RESULT: {}
COMMAND: GET /session/f199610b81d2740d08c28d2a7b12bbb6/screenshot - {}
COMMAND: POST /session/f199610b81d2740d08c28d2a7b12bbb6/execute/async - {"script":"<script> [1562 bytes]","args":[{"selector":{"id":"application-managecontracts-display-component---AddNewContract--projectDescription","interaction":{"idSuffix":"inner"}},"wdio_ui5_key":"applicationmanagecontracts-display-component---AddNewContract--projectDescription"}]}
RESULT: {}
RESULT: {"script":"<script> [1562 bytes]","args":[{"selector":{"id":"application-managecontracts-display-component---AddNewContract--projectDescription","interaction":{"idSuffix":"inner"}},"wdio_ui5_key":"applicationmanagecontracts-display-component---AddNewContract--projectDescription"}]}
RESULT: undefined
COMMAND: POST /session/f199610b81d2740d08c28d2a7b12bbb6/execute/async - {"script":"<script> [776 bytes]","args":[{"enterText":"Contract WDIO","selector":{"id":"application-managecontracts-display-component---AddNewContract--projectDescription","interaction":{"idSuffix":"inner"}},"clearTextFirst":true,"interactionType":"ENTER_TEXT"}]}
RESULT: {"script":"<script> [776 bytes]","args":[{"enterText":"Contract WDIO","selector":{"id":"application-managecontracts-display-component---AddNewContract--projectDescription","interaction":{"idSuffix":"inner"}},"clearTextFirst":true,"interactionType":"ENTER_TEXT"}]}
COMMAND: POST /session/f199610b81d2740d08c28d2a7b12bbb6/element - {"using":"xpath","value":"//input[@id=\"application-managecontracts-display-component---AddNewContract--site-inner\"]"}
RESULT: {"using":"xpath","value":"//input[@id=\"application-managecontracts-display-component---AddNewContract--site-inner\"]"}
COMMAND: POST /session/f199610b81d2740d08c28d2a7b12bbb6/element/f.2BFA133D83E8FE08190C073C8C008530.d.B8A54862F745E1F06A3229133FFAD864.e.18689/clear - {}
RESULT: {}
COMMAND: POST /session/f199610b81d2740d08c28d2a7b12bbb6/element/f.2BFA133D83E8FE08190C073C8C008530.d.B8A54862F745E1F06A3229133FFAD864.e.18689/value - {"text":"2270"}
COMMAND: GET /session/f199610b81d2740d08c28d2a7b12bbb6/screenshot - {}
RESULT: {"text":"2270"}
COMMAND: GET /session/f199610b81d2740d08c28d2a7b12bbb6/screenshot - {}
RESULT: {}
RESULT: {}
COMMAND: POST /session/f199610b81d2740d08c28d2a7b12bbb6/element - {"using":"xpath","value":"//li[.//span[text()='2270']]"}
RESULT: {"using":"xpath","value":"//li[.//span[text()='2270']]"}
COMMAND: POST /session/f199610b81d2740d08c28d2a7b12bbb6/element/f.2BFA133D83E8FE08190C073C8C008530.d.B8A54862F745E1F06A3229133FFAD864.e.18727/click - {}
RESULT: {}
COMMAND: GET /session/f199610b81d2740d08c28d2a7b12bbb6/screenshot - {}
RESULT: {}
COMMAND: POST /session/f199610b81d2740d08c28d2a7b12bbb6/element - {"using":"xpath","value":"//input[@id=\"application-managecontracts-display-component---AddNewContract--yardId-inner\"]"}
RESULT: {"using":"xpath","value":"//input[@id=\"application-managecontracts-display-component---AddNewContract--yardId-inner\"]"}
COMMAND: GET /session/f199610b81d2740d08c28d2a7b12bbb6/element/f.2BFA133D83E8FE08190C073C8C008530.d.B8A54862F745E1F06A3229133FFAD864.e.18690/property/value - {}
RESULT: {}
COMMAND: POST /session/f199610b81d2740d08c28d2a7b12bbb6/element - {"using":"xpath","value":"//input[@id=\"application-managecontracts-display-component---AddNewContract--customerSelect-inner\"]"}
COMMAND: GET /session/f199610b81d2740d08c28d2a7b12bbb6/screenshot - {}
RESULT: {"using":"xpath","value":"//input[@id=\"application-managecontracts-display-component---AddNewContract--customerSelect-inner\"]"}
COMMAND: POST /session/f199610b81d2740d08c28d2a7b12bbb6/element/f.2BFA133D83E8FE08190C073C8C008530.d.B8A54862F745E1F06A3229133FFAD864.e.18688/clear - {}
RESULT: {}
RESULT: {}
COMMAND: POST /session/f199610b81d2740d08c28d2a7b12bbb6/element/f.2BFA133D83E8FE08190C073C8C008530.d.B8A54862F745E1F06A3229133FFAD864.e.18688/value - {"text":"1323"}
COMMAND: GET /session/f199610b81d2740d08c28d2a7b12bbb6/screenshot - {}
RESULT: {"text":"1323"}
COMMAND: GET /session/f199610b81d2740d08c28d2a7b12bbb6/screenshot - {}
RESULT: {}
RESULT: {}
COMMAND: POST /session/f199610b81d2740d08c28d2a7b12bbb6/element - {"using":"xpath","value":"//li[.//span[text()='1323']]"}
RESULT: {"using":"xpath","value":"//li[.//span[text()='1323']]"}
COMMAND: POST /session/f199610b81d2740d08c28d2a7b12bbb6/element/f.2BFA133D83E8FE08190C073C8C008530.d.B8A54862F745E1F06A3229133FFAD864.e.18730/click - {}
RESULT: {}
COMMAND: GET /session/f199610b81d2740d08c28d2a7b12bbb6/screenshot - {}
RESULT: {}
COMMAND: POST /session/f199610b81d2740d08c28d2a7b12bbb6/element - {"using":"xpath","value":"//button[@data-kt=\"saveButton\"]"}
RESULT: {"using":"xpath","value":"//button[@data-kt=\"saveButton\"]"}
COMMAND: POST /session/f199610b81d2740d08c28d2a7b12bbb6/element/f.2BFA133D83E8FE08190C073C8C008530.d.B8A54862F745E1F06A3229133FFAD864.e.18731/click - {}
RESULT: {}
COMMAND: GET /session/f199610b81d2740d08c28d2a7b12bbb6/screenshot - {}
RESULT: {}
RESULT: undefined
RESULT: undefined
COMMAND: POST /session/f199610b81d2740d08c28d2a7b12bbb6/element - {"using":"xpath","value":"//span[contains(@id ,\"contractDetailTitleNoExpanded\")]"}
RESULT: {"using":"xpath","value":"//span[contains(@id ,\"contractDetailTitleNoExpanded\")]"}
COMMAND: POST /session/f199610b81d2740d08c28d2a7b12bbb6/elements - {"using":"xpath","value":"//span[contains(@id ,\"contractDetailTitleNoExpanded\")]"}
RESULT: {"using":"xpath","value":"//span[contains(@id ,\"contractDetailTitleNoExpanded\")]"}
COMMAND: POST /session/f199610b81d2740d08c28d2a7b12bbb6/execute/sync - {"script":"<script> [56 bytes]","args":[{"element-6066-11e4-a52e-4f735466cecf":"f.2BFA133D83E8FE08190C073C8C008530.d.B8A54862F745E1F06A3229133FFAD864.e.18756","ELEMENT":"f.2BFA133D83E8FE08190C073C8C008530.d.B8A54862F745E1F06A3229133FFAD864.e.18756"}]}
RESULT: {"script":"<script> [56 bytes]","args":[{"element-6066-11e4-a52e-4f735466cecf":"f.2BFA133D83E8FE08190C073C8C008530.d.B8A54862F745E1F06A3229133FFAD864.e.18756","ELEMENT":"f.2BFA133D83E8FE08190C073C8C008530.d.B8A54862F745E1F06A3229133FFAD864.e.18756"}]}
COMMAND: GET /session/f199610b81d2740d08c28d2a7b12bbb6/screenshot - {}
RESULT: {}
]]></system-out>
    </testcase>
    <testcase classname="chrome.136_0_7103_93.windows.Provide_to_Site_w/o_warehouse_management_w/o_clarification" name="Should add equipment to the contract" time="56.544">
      <system-out><![CDATA[
COMMAND: POST /session/f199610b81d2740d08c28d2a7b12bbb6/element - {"using":"xpath","value":"//button[@data-kt=\"contractDetailEditBtnButton\"]"}
RESULT: {"using":"xpath","value":"//button[@data-kt=\"contractDetailEditBtnButton\"]"}
COMMAND: POST /session/f199610b81d2740d08c28d2a7b12bbb6/element/f.2BFA133D83E8FE08190C073C8C008530.d.B8A54862F745E1F06A3229133FFAD864.e.18757/click - {}
RESULT: {}
COMMAND: GET /session/f199610b81d2740d08c28d2a7b12bbb6/screenshot - {}
RESULT: {}
COMMAND: POST /session/f199610b81d2740d08c28d2a7b12bbb6/element - {"using":"xpath","value":"(//span[contains(text(), \"Additional Addresses\")])[2]"}
RESULT: {"using":"xpath","value":"(//span[contains(text(), \"Additional Addresses\")])[2]"}
COMMAND: POST /session/f199610b81d2740d08c28d2a7b12bbb6/element/f.2BFA133D83E8FE08190C073C8C008530.d.B8A54862F745E1F06A3229133FFAD864.e.18815/click - {}
RESULT: {}
COMMAND: GET /session/f199610b81d2740d08c28d2a7b12bbb6/screenshot - {}
RESULT: {}
COMMAND: POST /session/f199610b81d2740d08c28d2a7b12bbb6/element - {"using":"xpath","value":"//button[@data-kt=\"btnAddTableRowOverflowToolbarButton\"]"}
RESULT: {"using":"xpath","value":"//button[@data-kt=\"btnAddTableRowOverflowToolbarButton\"]"}
COMMAND: POST /session/f199610b81d2740d08c28d2a7b12bbb6/element/f.2BFA133D83E8FE08190C073C8C008530.d.B8A54862F745E1F06A3229133FFAD864.e.18817/click - {}
RESULT: {}
COMMAND: GET /session/f199610b81d2740d08c28d2a7b12bbb6/screenshot - {}
RESULT: {}
COMMAND: POST /session/f199610b81d2740d08c28d2a7b12bbb6/element - {"using":"xpath","value":"//div[(text() = 'Standard Entry' or . = 'Standard Entry')]"}
RESULT: {"using":"xpath","value":"//div[(text() = 'Standard Entry' or . = 'Standard Entry')]"}
COMMAND: POST /session/f199610b81d2740d08c28d2a7b12bbb6/element/f.2BFA133D83E8FE08190C073C8C008530.d.B8A54862F745E1F06A3229133FFAD864.e.18819/click - {}
RESULT: {}
COMMAND: GET /session/f199610b81d2740d08c28d2a7b12bbb6/screenshot - {}
RESULT: {}
COMMAND: POST /session/f199610b81d2740d08c28d2a7b12bbb6/element - {"using":"xpath","value":"//td[6]/div/div/div/span"}
RESULT: {"using":"xpath","value":"//td[6]/div/div/div/span"}
COMMAND: POST /session/f199610b81d2740d08c28d2a7b12bbb6/element/f.2BFA133D83E8FE08190C073C8C008530.d.B8A54862F745E1F06A3229133FFAD864.e.18831/click - {}
RESULT: {}
COMMAND: GET /session/f199610b81d2740d08c28d2a7b12bbb6/screenshot - {}
RESULT: {}
COMMAND: POST /session/f199610b81d2740d08c28d2a7b12bbb6/element - {"using":"xpath","value":"(//span[contains(text(), \"Material\")])"}
RESULT: {"using":"xpath","value":"(//span[contains(text(), \"Material\")])"}
COMMAND: POST /session/f199610b81d2740d08c28d2a7b12bbb6/element/f.2BFA133D83E8FE08190C073C8C008530.d.B8A54862F745E1F06A3229133FFAD864.e.18833/click - {}
RESULT: {}
COMMAND: GET /session/f199610b81d2740d08c28d2a7b12bbb6/screenshot - {}
RESULT: {}
COMMAND: POST /session/f199610b81d2740d08c28d2a7b12bbb6/element - {"using":"xpath","value":"//td[7]/div/div/input"}
RESULT: {"using":"xpath","value":"//td[7]/div/div/input"}
COMMAND: POST /session/f199610b81d2740d08c28d2a7b12bbb6/element/f.2BFA133D83E8FE08190C073C8C008530.d.B8A54862F745E1F06A3229133FFAD864.e.18836/clear - {}
RESULT: {}
COMMAND: POST /session/f199610b81d2740d08c28d2a7b12bbb6/element/f.2BFA133D83E8FE08190C073C8C008530.d.B8A54862F745E1F06A3229133FFAD864.e.18836/value - {"text":"200293"}
COMMAND: GET /session/f199610b81d2740d08c28d2a7b12bbb6/screenshot - {}
RESULT: {"text":"200293"}
COMMAND: GET /session/f199610b81d2740d08c28d2a7b12bbb6/screenshot - {}
RESULT: {}
RESULT: {}
COMMAND: POST /session/f199610b81d2740d08c28d2a7b12bbb6/actions - {"actions":[{"id":"action59","type":"key","parameters":{},"actions":[{"type":"keyDown","value":"î€‡"},{"type":"pause","duration":10},{"type":"keyUp","value":"î€‡"}]}]}
RESULT: {"actions":[{"id":"action59","type":"key","parameters":{},"actions":[{"type":"keyDown","value":"î€‡"},{"type":"pause","duration":10},{"type":"keyUp","value":"î€‡"}]}]}
COMMAND: GET /session/f199610b81d2740d08c28d2a7b12bbb6/screenshot - {}
RESULT: {}
COMMAND: POST /session/f199610b81d2740d08c28d2a7b12bbb6/execute/sync - {"script":"<script> [276 bytes]","args":["No pricing information was found"]}
RESULT: {"script":"<script> [276 bytes]","args":["No pricing information was found"]}
COMMAND: POST /session/f199610b81d2740d08c28d2a7b12bbb6/element - {"using":"xpath","value":"//bdi[contains(text(), \"OK\")]"}
COMMAND: GET /session/f199610b81d2740d08c28d2a7b12bbb6/screenshot - {}
RESULT: {"using":"xpath","value":"//bdi[contains(text(), \"OK\")]"}
COMMAND: POST /session/f199610b81d2740d08c28d2a7b12bbb6/element/f.2BFA133D83E8FE08190C073C8C008530.d.B8A54862F745E1F06A3229133FFAD864.e.18862/click - {}
RESULT: {}
RESULT: {}
COMMAND: GET /session/f199610b81d2740d08c28d2a7b12bbb6/screenshot - {}
RESULT: {}
COMMAND: POST /session/f199610b81d2740d08c28d2a7b12bbb6/element - {"using":"xpath","value":"(//button[@data-kt=\"saveButton\"])[2]"}
RESULT: {"using":"xpath","value":"(//button[@data-kt=\"saveButton\"])[2]"}
COMMAND: POST /session/f199610b81d2740d08c28d2a7b12bbb6/element/f.2BFA133D83E8FE08190C073C8C008530.d.B8A54862F745E1F06A3229133FFAD864.e.18863/click - {}
RESULT: {}
COMMAND: GET /session/f199610b81d2740d08c28d2a7b12bbb6/screenshot - {}
RESULT: {}
COMMAND: POST /session/f199610b81d2740d08c28d2a7b12bbb6/execute/sync - {"script":"<script> [276 bytes]","args":["Some contract items are having rental validity exceeding header rental validity"]}
RESULT: {"script":"<script> [276 bytes]","args":["Some contract items are having rental validity exceeding header rental validity"]}
COMMAND: GET /session/f199610b81d2740d08c28d2a7b12bbb6/screenshot - {}
RESULT: {}
COMMAND: POST /session/f199610b81d2740d08c28d2a7b12bbb6/element - {"using":"xpath","value":"//span[contains(@id ,\"contractItemsSmartTable-header-inner\")]"}
RESULT: {"using":"xpath","value":"//span[contains(@id ,\"contractItemsSmartTable-header-inner\")]"}
COMMAND: POST /session/f199610b81d2740d08c28d2a7b12bbb6/elements - {"using":"xpath","value":"//span[contains(@id ,\"contractItemsSmartTable-header-inner\")]"}
RESULT: {"using":"xpath","value":"//span[contains(@id ,\"contractItemsSmartTable-header-inner\")]"}
COMMAND: POST /session/f199610b81d2740d08c28d2a7b12bbb6/execute/sync - {"script":"<script> [56 bytes]","args":[{"element-6066-11e4-a52e-4f735466cecf":"f.2BFA133D83E8FE08190C073C8C008530.d.B8A54862F745E1F06A3229133FFAD864.e.18869","ELEMENT":"f.2BFA133D83E8FE08190C073C8C008530.d.B8A54862F745E1F06A3229133FFAD864.e.18869"}]}
RESULT: {"script":"<script> [56 bytes]","args":[{"element-6066-11e4-a52e-4f735466cecf":"f.2BFA133D83E8FE08190C073C8C008530.d.B8A54862F745E1F06A3229133FFAD864.e.18869","ELEMENT":"f.2BFA133D83E8FE08190C073C8C008530.d.B8A54862F745E1F06A3229133FFAD864.e.18869"}]}
COMMAND: GET /session/f199610b81d2740d08c28d2a7b12bbb6/screenshot - {}
]]></system-out>
    </testcase>
    <testcase classname="chrome.136_0_7103_93.windows.Provide_to_Site_w/o_warehouse_management_w/o_clarification" name="Should do provide to site" time="153.109">
      <system-out><![CDATA[
COMMAND: POST /session/f199610b81d2740d08c28d2a7b12bbb6/element - {"using":"xpath","value":"//button[@data-kt=\"provideButton\"]"}
RESULT: {}
RESULT: {"using":"xpath","value":"//button[@data-kt=\"provideButton\"]"}
COMMAND: POST /session/f199610b81d2740d08c28d2a7b12bbb6/element/f.2BFA133D83E8FE08190C073C8C008530.d.B8A54862F745E1F06A3229133FFAD864.e.18870/click - {}
RESULT: {}
COMMAND: GET /session/f199610b81d2740d08c28d2a7b12bbb6/screenshot - {}
RESULT: {}
COMMAND: POST /session/f199610b81d2740d08c28d2a7b12bbb6/element - {"using":"xpath","value":"(//div[contains(@id, \"application-managehandovers-display-component---AddNewHO--oneStep-CbBg\")])"}
RESULT: {"using":"xpath","value":"(//div[contains(@id, \"application-managehandovers-display-component---AddNewHO--oneStep-CbBg\")])"}
COMMAND: POST /session/f199610b81d2740d08c28d2a7b12bbb6/element - {"using":"xpath","value":"(//div[contains(@id, \"application-managehandovers-display-component---AddNewHO--oneStep-CbBg\")])/input"}
RESULT: {"using":"xpath","value":"(//div[contains(@id, \"application-managehandovers-display-component---AddNewHO--oneStep-CbBg\")])/input"}
COMMAND: GET /session/f199610b81d2740d08c28d2a7b12bbb6/element/f.2BFA133D83E8FE08190C073C8C008530.d.B8A54862F745E1F06A3229133FFAD864.e.18948/attribute/checked - {}
RESULT: {}
RESULT: undefined
COMMAND: POST /session/f199610b81d2740d08c28d2a7b12bbb6/execute/async - {"script":"<script> [6424 bytes]","args":[{"element-6066-11e4-a52e-4f735466cecf":"f.2BFA133D83E8FE08190C073C8C008530.d.B8A54862F745E1F06A3229133FFAD864.e.17731"},"setValue",["05/19/25"]]}
COMMAND: POST /session/f199610b81d2740d08c28d2a7b12bbb6/element/f.2BFA133D83E8FE08190C073C8C008530.d.B8A54862F745E1F06A3229133FFAD864.e.19186/click - {}
COMMAND: POST /session/f199610b81d2740d08c28d2a7b12bbb6/execute/async - {"script":"<script> [1562 bytes]","args":[{"selector":{"id":"application-managehandovers-display-component---AddNewHO--dueDate","interaction":{"idSuffix":"inner"}},"wdio_ui5_key":"applicationmanagehandovers-display-component---AddNewHO--dueDate"}]}
RESULT: {}
COMMAND: GET /session/f199610b81d2740d08c28d2a7b12bbb6/screenshot - {}
RESULT: {"script":"<script> [1562 bytes]","args":[{"selector":{"id":"application-managehandovers-display-component---AddNewHO--dueDate","interaction":{"idSuffix":"inner"}},"wdio_ui5_key":"applicationmanagehandovers-display-component---AddNewHO--dueDate"}]}
COMMAND: POST /session/f199610b81d2740d08c28d2a7b12bbb6/execute/async - {"script":"<script> [6424 bytes]","args":[{"element-6066-11e4-a52e-4f735466cecf":"f.2BFA133D83E8FE08190C073C8C008530.d.B8A54862F745E1F06A3229133FFAD864.e.18946"},"setValue",["05/19/25"]]}
RESULT: {}
RESULT: {"script":"<script> [6424 bytes]","args":[{"element-6066-11e4-a52e-4f735466cecf":"f.2BFA133D83E8FE08190C073C8C008530.d.B8A54862F745E1F06A3229133FFAD864.e.18946"},"setValue",["05/19/25"]]}
COMMAND: POST /session/f199610b81d2740d08c28d2a7b12bbb6/element - {"using":"xpath","value":"//bdi[contains(text(), \"Instructions\")]"}
RESULT: {"using":"xpath","value":"//bdi[contains(text(), \"Instructions\")]"}
COMMAND: POST /session/f199610b81d2740d08c28d2a7b12bbb6/element/f.2BFA133D83E8FE08190C073C8C008530.d.B8A54862F745E1F06A3229133FFAD864.e.19188/click - {}
RESULT: {}
COMMAND: GET /session/f199610b81d2740d08c28d2a7b12bbb6/screenshot - {}
RESULT: {}
COMMAND: POST /session/f199610b81d2740d08c28d2a7b12bbb6/element - {"using":"xpath","value":"//button[@data-kt=\"AddNewHOProvideAddItemsButton\"]"}
RESULT: {"using":"xpath","value":"//button[@data-kt=\"AddNewHOProvideAddItemsButton\"]"}
COMMAND: POST /session/f199610b81d2740d08c28d2a7b12bbb6/element/f.2BFA133D83E8FE08190C073C8C008530.d.B8A54862F745E1F06A3229133FFAD864.e.19193/click - {}
RESULT: {}
COMMAND: GET /session/f199610b81d2740d08c28d2a7b12bbb6/screenshot - {}
RESULT: {}
RESULT: undefined
COMMAND: POST /session/f199610b81d2740d08c28d2a7b12bbb6/element - {"using":"xpath","value":"//*[@id=\"application-managehandovers-display-component---AddNewHO--popup-sa\"]"}
RESULT: {"using":"xpath","value":"//*[@id=\"application-managehandovers-display-component---AddNewHO--popup-sa\"]"}
COMMAND: POST /session/f199610b81d2740d08c28d2a7b12bbb6/element/f.2BFA133D83E8FE08190C073C8C008530.d.B8A54862F745E1F06A3229133FFAD864.e.19203/click - {}
RESULT: {}
COMMAND: GET /session/f199610b81d2740d08c28d2a7b12bbb6/screenshot - {}
RESULT: {}
COMMAND: POST /session/f199610b81d2740d08c28d2a7b12bbb6/element - {"using":"xpath","value":"//*[contains(@id ,\"BDI-content\")][contains(text(), \"Select\")]"}
RESULT: {"using":"xpath","value":"//*[contains(@id ,\"BDI-content\")][contains(text(), \"Select\")]"}
COMMAND: POST /session/f199610b81d2740d08c28d2a7b12bbb6/element/f.2BFA133D83E8FE08190C073C8C008530.d.B8A54862F745E1F06A3229133FFAD864.e.19204/click - {}
RESULT: {}
COMMAND: GET /session/f199610b81d2740d08c28d2a7b12bbb6/screenshot - {}
RESULT: {}
COMMAND: POST /session/f199610b81d2740d08c28d2a7b12bbb6/execute/async - {"script":"<script> [1562 bytes]","args":[{"selector":{"id":"application-managehandovers-display-component---AddNewHO--confirmCreationButton","interaction":{"idSuffix":"BDI-content"}},"wdio_ui5_key":"applicationmanagehandovers-display-component---AddNewHO--confirmCreationButton"}]}
RESULT: {"script":"<script> [1562 bytes]","args":[{"selector":{"id":"application-managehandovers-display-component---AddNewHO--confirmCreationButton","interaction":{"idSuffix":"BDI-content"}},"wdio_ui5_key":"applicationmanagehandovers-display-component---AddNewHO--confirmCreationButton"}]}
RESULT: undefined
COMMAND: POST /session/f199610b81d2740d08c28d2a7b12bbb6/element - {"using":"xpath","value":"//*[@id=\"application-managehandovers-display-component---AddNewHO--confirmCreationButton\"]"}
RESULT: {"using":"xpath","value":"//*[@id=\"application-managehandovers-display-component---AddNewHO--confirmCreationButton\"]"}
COMMAND: POST /session/f199610b81d2740d08c28d2a7b12bbb6/element/f.2BFA133D83E8FE08190C073C8C008530.d.B8A54862F745E1F06A3229133FFAD864.e.18991/click - {}
RESULT: {}
COMMAND: GET /session/f199610b81d2740d08c28d2a7b12bbb6/screenshot - {}
RESULT: {}
COMMAND: POST /session/f199610b81d2740d08c28d2a7b12bbb6/execute/async - {"script":"<script> [1562 bytes]","args":[{"selector":{"id":"issueDatePicker","viewName":"etm.portal.ui.managehandovers.view.DetailExecuteHO","interaction":{"idSuffix":"inner"}},"wdio_ui5_key":"issueDatePickeretmportal.ui.managehandovers.view.DetailExecuteHO"}]}
RESULT: {"script":"<script> [1562 bytes]","args":[{"selector":{"id":"issueDatePicker","viewName":"etm.portal.ui.managehandovers.view.DetailExecuteHO","interaction":{"idSuffix":"inner"}},"wdio_ui5_key":"issueDatePickeretmportal.ui.managehandovers.view.DetailExecuteHO"}]}
RESULT: undefined
COMMAND: POST /session/f199610b81d2740d08c28d2a7b12bbb6/execute/async - {"script":"<script> [776 bytes]","args":[{"enterText":"5/19/25","selector":{"id":"issueDatePicker","viewName":"etm.portal.ui.managehandovers.view.DetailExecuteHO","interaction":{"idSuffix":"inner"}},"clearTextFirst":true,"interactionType":"ENTER_TEXT"}]}
RESULT: {"script":"<script> [776 bytes]","args":[{"enterText":"5/19/25","selector":{"id":"issueDatePicker","viewName":"etm.portal.ui.managehandovers.view.DetailExecuteHO","interaction":{"idSuffix":"inner"}},"clearTextFirst":true,"interactionType":"ENTER_TEXT"}]}
COMMAND: POST /session/f199610b81d2740d08c28d2a7b12bbb6/element - {"using":"xpath","value":"//bdi[contains(text(), \"OK\")]"}
RESULT: {"using":"xpath","value":"//bdi[contains(text(), \"OK\")]"}
COMMAND: POST /session/f199610b81d2740d08c28d2a7b12bbb6/element/f.2BFA133D83E8FE08190C073C8C008530.d.B8A54862F745E1F06A3229133FFAD864.e.19248/click - {}
RESULT: {}
COMMAND: GET /session/f199610b81d2740d08c28d2a7b12bbb6/screenshot - {}
RESULT: {}
COMMAND: POST /session/f199610b81d2740d08c28d2a7b12bbb6/element - {"using":"xpath","value":"//button[@data-kt=\"PickingTableConfirmAllButton\"]"}
RESULT: {"using":"xpath","value":"//button[@data-kt=\"PickingTableConfirmAllButton\"]"}
COMMAND: POST /session/f199610b81d2740d08c28d2a7b12bbb6/element/f.2BFA133D83E8FE08190C073C8C008530.d.B8A54862F745E1F06A3229133FFAD864.e.19254/click - {}
RESULT: {}
COMMAND: GET /session/f199610b81d2740d08c28d2a7b12bbb6/screenshot - {}
RESULT: {}
COMMAND: POST /session/f199610b81d2740d08c28d2a7b12bbb6/element - {"using":"xpath","value":"//bdi[contains(text(), \"OK\")]"}
RESULT: {"using":"xpath","value":"//bdi[contains(text(), \"OK\")]"}
COMMAND: POST /session/f199610b81d2740d08c28d2a7b12bbb6/element/f.2BFA133D83E8FE08190C073C8C008530.d.B8A54862F745E1F06A3229133FFAD864.e.19257/click - {}
RESULT: {}
COMMAND: GET /session/f199610b81d2740d08c28d2a7b12bbb6/screenshot - {}
RESULT: {}
COMMAND: POST /session/f199610b81d2740d08c28d2a7b12bbb6/element - {"using":"xpath","value":"//button[@data-kt=\"execHoPickButton\"]"}
RESULT: {"using":"xpath","value":"//button[@data-kt=\"execHoPickButton\"]"}
COMMAND: POST /session/f199610b81d2740d08c28d2a7b12bbb6/element/f.2BFA133D83E8FE08190C073C8C008530.d.B8A54862F745E1F06A3229133FFAD864.e.19259/click - {}
RESULT: {}
COMMAND: GET /session/f199610b81d2740d08c28d2a7b12bbb6/screenshot - {}
RESULT: {}
COMMAND: POST /session/f199610b81d2740d08c28d2a7b12bbb6/element - {"using":"xpath","value":"//span[contains(@id ,\"filterItemControl_BASIC-RECEIVE_CONTRACT-vhi\")]"}
RESULT: {"using":"xpath","value":"//span[contains(@id ,\"filterItemControl_BASIC-RECEIVE_CONTRACT-vhi\")]"}
COMMAND: POST /session/f199610b81d2740d08c28d2a7b12bbb6/element/f.2BFA133D83E8FE08190C073C8C008530.d.B8A54862F745E1F06A3229133FFAD864.e.19543/click - {}
RESULT: {}
COMMAND: GET /session/f199610b81d2740d08c28d2a7b12bbb6/screenshot - {}
RESULT: {}
COMMAND: POST /session/f199610b81d2740d08c28d2a7b12bbb6/execute/async - {"script":"<script> [1562 bytes]","args":[{"selector":{"controlType":"sap.m.SearchField","viewName":"etm.portal.ui.managehandovers.view.MasterHO","bindingPath":{"path":"","propertyPath":"/_BASIC_SEARCH_FIELD","modelName":"fi1t3rM0d31"},"searchOpenDialogs":true,"interaction":{"idSuffix":"I"}},"wdio_ui5_key":"etmportal.ui.managehandovers.view.MasterHOsap.m.SearchField{\"path\":\"\",\"propertyPath\":\"/_BASIC_SEARCH_FIELD\",\"modelName\":\"fi1t3rM0d31\"}"}]}
RESULT: {"script":"<script> [1562 bytes]","args":[{"selector":{"controlType":"sap.m.SearchField","viewName":"etm.portal.ui.managehandovers.view.MasterHO","bindingPath":{"path":"","propertyPath":"/_BASIC_SEARCH_FIELD","modelName":"fi1t3rM0d31"},"searchOpenDialogs":true,"interaction":{"idSuffix":"I"}},"wdio_ui5_key":"etmportal.ui.managehandovers.view.MasterHOsap.m.SearchField{\"path\":\"\",\"propertyPath\":\"/_BASIC_SEARCH_FIELD\",\"modelName\":\"fi1t3rM0d31\"}"}]}
RESULT: undefined
COMMAND: POST /session/f199610b81d2740d08c28d2a7b12bbb6/execute/async - {"script":"<script> [776 bytes]","args":[{"enterText":"10382","selector":{"controlType":"sap.m.SearchField","viewName":"etm.portal.ui.managehandovers.view.MasterHO","bindingPath":{"path":"","propertyPath":"/_BASIC_SEARCH_FIELD","modelName":"fi1t3rM0d31"},"searchOpenDialogs":true,"interaction":{"idSuffix":"I"}},"clearTextFirst":true,"interactionType":"ENTER_TEXT"}]}
RESULT: {"script":"<script> [776 bytes]","args":[{"enterText":"10382","selector":{"controlType":"sap.m.SearchField","viewName":"etm.portal.ui.managehandovers.view.MasterHO","bindingPath":{"path":"","propertyPath":"/_BASIC_SEARCH_FIELD","modelName":"fi1t3rM0d31"},"searchOpenDialogs":true,"interaction":{"idSuffix":"I"}},"clearTextFirst":true,"interactionType":"ENTER_TEXT"}]}
COMMAND: POST /session/f199610b81d2740d08c28d2a7b12bbb6/actions - {"actions":[{"id":"action60","type":"key","parameters":{},"actions":[{"type":"keyDown","value":"î€‡"},{"type":"pause","duration":10},{"type":"keyUp","value":"î€‡"}]}]}
RESULT: {"actions":[{"id":"action60","type":"key","parameters":{},"actions":[{"type":"keyDown","value":"î€‡"},{"type":"pause","duration":10},{"type":"keyUp","value":"î€‡"}]}]}
COMMAND: GET /session/f199610b81d2740d08c28d2a7b12bbb6/screenshot - {}
RESULT: {}
COMMAND: POST /session/f199610b81d2740d08c28d2a7b12bbb6/element - {"using":"xpath","value":"//div[contains(@id, 'filterItemControl_BASIC-RECEIVE_CONTRACT-valueHelpDialog-table-rowsel0')]"}
RESULT: {"using":"xpath","value":"//div[contains(@id, 'filterItemControl_BASIC-RECEIVE_CONTRACT-valueHelpDialog-table-rowsel0')]"}
COMMAND: POST /session/f199610b81d2740d08c28d2a7b12bbb6/element/f.2BFA133D83E8FE08190C073C8C008530.d.B8A54862F745E1F06A3229133FFAD864.e.19553/click - {}
RESULT: {}
COMMAND: GET /session/f199610b81d2740d08c28d2a7b12bbb6/screenshot - {}
RESULT: {}
COMMAND: POST /session/f199610b81d2740d08c28d2a7b12bbb6/element - {"using":"xpath","value":"//bdi[contains(text(), \"OK\")]"}
RESULT: {"using":"xpath","value":"//bdi[contains(text(), \"OK\")]"}
COMMAND: POST /session/f199610b81d2740d08c28d2a7b12bbb6/element/f.2BFA133D83E8FE08190C073C8C008530.d.B8A54862F745E1F06A3229133FFAD864.e.19555/click - {}
RESULT: {}
COMMAND: GET /session/f199610b81d2740d08c28d2a7b12bbb6/screenshot - {}
RESULT: {}
COMMAND: POST /session/f199610b81d2740d08c28d2a7b12bbb6/element - {"using":"xpath","value":"//span[contains(@id, \"smartTable-header-inner\")]"}
RESULT: {"using":"xpath","value":"//span[contains(@id, \"smartTable-header-inner\")]"}
COMMAND: POST /session/f199610b81d2740d08c28d2a7b12bbb6/elements - {"using":"xpath","value":"//span[contains(@id, \"smartTable-header-inner\")]"}
RESULT: {"using":"xpath","value":"//span[contains(@id, \"smartTable-header-inner\")]"}
COMMAND: POST /session/f199610b81d2740d08c28d2a7b12bbb6/execute/sync - {"script":"<script> [56 bytes]","args":[{"element-6066-11e4-a52e-4f735466cecf":"f.2BFA133D83E8FE08190C073C8C008530.d.B8A54862F745E1F06A3229133FFAD864.e.19582","ELEMENT":"f.2BFA133D83E8FE08190C073C8C008530.d.B8A54862F745E1F06A3229133FFAD864.e.19582"}]}
RESULT: {"script":"<script> [56 bytes]","args":[{"element-6066-11e4-a52e-4f735466cecf":"f.2BFA133D83E8FE08190C073C8C008530.d.B8A54862F745E1F06A3229133FFAD864.e.19582","ELEMENT":"f.2BFA133D83E8FE08190C073C8C008530.d.B8A54862F745E1F06A3229133FFAD864.e.19582"}]}
COMMAND: POST /session/f199610b81d2740d08c28d2a7b12bbb6/element - {"using":"xpath","value":"//table[contains(@id, \"customHandovers\")]//tbody/tr[1]/td[2]/span"}
COMMAND: GET /session/f199610b81d2740d08c28d2a7b12bbb6/screenshot - {}
RESULT: {"using":"xpath","value":"//table[contains(@id, \"customHandovers\")]//tbody/tr[1]/td[2]/span"}
COMMAND: POST /session/f199610b81d2740d08c28d2a7b12bbb6/execute/sync - {"script":"<script> [56 bytes]","args":[{"element-6066-11e4-a52e-4f735466cecf":"f.2BFA133D83E8FE08190C073C8C008530.d.B8A54862F745E1F06A3229133FFAD864.e.19583","ELEMENT":"f.2BFA133D83E8FE08190C073C8C008530.d.B8A54862F745E1F06A3229133FFAD864.e.19583"}]}
RESULT: {}
RESULT: {"script":"<script> [56 bytes]","args":[{"element-6066-11e4-a52e-4f735466cecf":"f.2BFA133D83E8FE08190C073C8C008530.d.B8A54862F745E1F06A3229133FFAD864.e.19583","ELEMENT":"f.2BFA133D83E8FE08190C073C8C008530.d.B8A54862F745E1F06A3229133FFAD864.e.19583"}]}
COMMAND: POST /session/f199610b81d2740d08c28d2a7b12bbb6/element - {"using":"xpath","value":"(//span[contains(@id, \"imgNav\")])[1]"}
COMMAND: GET /session/f199610b81d2740d08c28d2a7b12bbb6/screenshot - {}
RESULT: {"using":"xpath","value":"(//span[contains(@id, \"imgNav\")])[1]"}
COMMAND: POST /session/f199610b81d2740d08c28d2a7b12bbb6/element/f.2BFA133D83E8FE08190C073C8C008530.d.B8A54862F745E1F06A3229133FFAD864.e.19580/click - {}
RESULT: {}
RESULT: {}
COMMAND: GET /session/f199610b81d2740d08c28d2a7b12bbb6/screenshot - {}
RESULT: {}
RESULT: undefined
COMMAND: POST /session/f199610b81d2740d08c28d2a7b12bbb6/execute/async - {"script":"<script> [776 bytes]","args":[{"enterText":"5/19/25","selector":{"id":"issueDatePicker","viewName":"etm.portal.ui.managehandovers.view.DetailExecuteHO","interaction":{"idSuffix":"inner"}},"clearTextFirst":true,"interactionType":"ENTER_TEXT"}]}
RESULT: {"script":"<script> [776 bytes]","args":[{"enterText":"5/19/25","selector":{"id":"issueDatePicker","viewName":"etm.portal.ui.managehandovers.view.DetailExecuteHO","interaction":{"idSuffix":"inner"}},"clearTextFirst":true,"interactionType":"ENTER_TEXT"}]}
COMMAND: POST /session/f199610b81d2740d08c28d2a7b12bbb6/element - {"using":"xpath","value":"//button[@data-kt=\"PickingTableConfirmAllButton\"]"}
RESULT: {"using":"xpath","value":"//button[@data-kt=\"PickingTableConfirmAllButton\"]"}
COMMAND: POST /session/f199610b81d2740d08c28d2a7b12bbb6/element/f.2BFA133D83E8FE08190C073C8C008530.d.B8A54862F745E1F06A3229133FFAD864.e.19601/click - {}
RESULT: {}
COMMAND: GET /session/f199610b81d2740d08c28d2a7b12bbb6/screenshot - {}
RESULT: {}
COMMAND: POST /session/f199610b81d2740d08c28d2a7b12bbb6/element - {"using":"xpath","value":"//bdi[contains(text(), \"OK\")]"}
RESULT: {"using":"xpath","value":"//bdi[contains(text(), \"OK\")]"}
COMMAND: POST /session/f199610b81d2740d08c28d2a7b12bbb6/element/f.2BFA133D83E8FE08190C073C8C008530.d.B8A54862F745E1F06A3229133FFAD864.e.19629/click - {}
RESULT: {}
COMMAND: GET /session/f199610b81d2740d08c28d2a7b12bbb6/screenshot - {}
RESULT: {}
COMMAND: POST /session/f199610b81d2740d08c28d2a7b12bbb6/element - {"using":"xpath","value":"//button[@data-kt=\"execHoIssueButton\"]"}
RESULT: {"using":"xpath","value":"//button[@data-kt=\"execHoIssueButton\"]"}
COMMAND: POST /session/f199610b81d2740d08c28d2a7b12bbb6/element/f.2BFA133D83E8FE08190C073C8C008530.d.B8A54862F745E1F06A3229133FFAD864.e.19630/click - {}
RESULT: {}
COMMAND: GET /session/f199610b81d2740d08c28d2a7b12bbb6/screenshot - {}
RESULT: {}
COMMAND: POST /session/f199610b81d2740d08c28d2a7b12bbb6/element - {"using":"xpath","value":"//input[contains(@id ,\"smartFilterBar-btnBasicSearch-I\")]"}
RESULT: {"using":"xpath","value":"//input[contains(@id ,\"smartFilterBar-btnBasicSearch-I\")]"}
COMMAND: POST /session/f199610b81d2740d08c28d2a7b12bbb6/elements - {"using":"xpath","value":"//input[contains(@id ,\"smartFilterBar-btnBasicSearch-I\")]"}
RESULT: {"using":"xpath","value":"//input[contains(@id ,\"smartFilterBar-btnBasicSearch-I\")]"}
COMMAND: POST /session/f199610b81d2740d08c28d2a7b12bbb6/execute/sync - {"script":"<script> [8489 bytes]","args":[{"element-6066-11e4-a52e-4f735466cecf":"f.2BFA133D83E8FE08190C073C8C008530.d.B8A54862F745E1F06A3229133FFAD864.e.18945","ELEMENT":"f.2BFA133D83E8FE08190C073C8C008530.d.B8A54862F745E1F06A3229133FFAD864.e.18945"}]}
RESULT: {"script":"<script> [8489 bytes]","args":[{"element-6066-11e4-a52e-4f735466cecf":"f.2BFA133D83E8FE08190C073C8C008530.d.B8A54862F745E1F06A3229133FFAD864.e.18945","ELEMENT":"f.2BFA133D83E8FE08190C073C8C008530.d.B8A54862F745E1F06A3229133FFAD864.e.18945"}]}
COMMAND: GET /session/f199610b81d2740d08c28d2a7b12bbb6/element/f.2BFA133D83E8FE08190C073C8C008530.d.B8A54862F745E1F06A3229133FFAD864.e.18945/enabled - {}
COMMAND: GET /session/f199610b81d2740d08c28d2a7b12bbb6/screenshot - {}
RESULT: {}
COMMAND: POST /session/f199610b81d2740d08c28d2a7b12bbb6/element/f.2BFA133D83E8FE08190C073C8C008530.d.B8A54862F745E1F06A3229133FFAD864.e.18945/clear - {}
COMMAND: GET /session/f199610b81d2740d08c28d2a7b12bbb6/screenshot - {}
RESULT: {}
RESULT: {}
COMMAND: POST /session/f199610b81d2740d08c28d2a7b12bbb6/element/f.2BFA133D83E8FE08190C073C8C008530.d.B8A54862F745E1F06A3229133FFAD864.e.18945/value - {"text":"30735"}
COMMAND: GET /session/f199610b81d2740d08c28d2a7b12bbb6/screenshot - {}
RESULT: {}
RESULT: {"text":"30735"}
COMMAND: GET /session/f199610b81d2740d08c28d2a7b12bbb6/screenshot - {}
RESULT: {}
RESULT: {}
COMMAND: POST /session/f199610b81d2740d08c28d2a7b12bbb6/actions - {"actions":[{"id":"action61","type":"key","parameters":{},"actions":[{"type":"keyDown","value":"î€‡"},{"type":"pause","duration":10},{"type":"keyUp","value":"î€‡"}]}]}
RESULT: {"actions":[{"id":"action61","type":"key","parameters":{},"actions":[{"type":"keyDown","value":"î€‡"},{"type":"pause","duration":10},{"type":"keyUp","value":"î€‡"}]}]}
COMMAND: GET /session/f199610b81d2740d08c28d2a7b12bbb6/screenshot - {}
RESULT: {}
COMMAND: POST /session/f199610b81d2740d08c28d2a7b12bbb6/element - {"using":"xpath","value":"//span[contains(@id, \"smartTable-header-inner\")]"}
RESULT: {"using":"xpath","value":"//span[contains(@id, \"smartTable-header-inner\")]"}
COMMAND: POST /session/f199610b81d2740d08c28d2a7b12bbb6/elements - {"using":"xpath","value":"//span[contains(@id, \"smartTable-header-inner\")]"}
RESULT: {"using":"xpath","value":"//span[contains(@id, \"smartTable-header-inner\")]"}
COMMAND: POST /session/f199610b81d2740d08c28d2a7b12bbb6/execute/sync - {"script":"<script> [56 bytes]","args":[{"element-6066-11e4-a52e-4f735466cecf":"f.2BFA133D83E8FE08190C073C8C008530.d.B8A54862F745E1F06A3229133FFAD864.e.19582","ELEMENT":"f.2BFA133D83E8FE08190C073C8C008530.d.B8A54862F745E1F06A3229133FFAD864.e.19582"}]}
RESULT: {"script":"<script> [56 bytes]","args":[{"element-6066-11e4-a52e-4f735466cecf":"f.2BFA133D83E8FE08190C073C8C008530.d.B8A54862F745E1F06A3229133FFAD864.e.19582","ELEMENT":"f.2BFA133D83E8FE08190C073C8C008530.d.B8A54862F745E1F06A3229133FFAD864.e.19582"}]}
COMMAND: POST /session/f199610b81d2740d08c28d2a7b12bbb6/elements - {"using":"xpath","value":"//thead[contains(@class, \"sapMTableTH\")]/tr/th"}
COMMAND: GET /session/f199610b81d2740d08c28d2a7b12bbb6/screenshot - {}
RESULT: {"using":"xpath","value":"//thead[contains(@class, \"sapMTableTH\")]/tr/th"}
COMMAND: GET /session/f199610b81d2740d08c28d2a7b12bbb6/element/f.2BFA133D83E8FE08190C073C8C008530.d.B8A54862F745E1F06A3229133FFAD864.e.19666/text - {}
RESULT: {}
RESULT: {}
COMMAND: GET /session/f199610b81d2740d08c28d2a7b12bbb6/element/f.2BFA133D83E8FE08190C073C8C008530.d.B8A54862F745E1F06A3229133FFAD864.e.19667/text - {}
RESULT: {}
COMMAND: GET /session/f199610b81d2740d08c28d2a7b12bbb6/element/f.2BFA133D83E8FE08190C073C8C008530.d.B8A54862F745E1F06A3229133FFAD864.e.18939/text - {}
RESULT: {}
COMMAND: GET /session/f199610b81d2740d08c28d2a7b12bbb6/element/f.2BFA133D83E8FE08190C073C8C008530.d.B8A54862F745E1F06A3229133FFAD864.e.18941/text - {}
RESULT: {}
COMMAND: GET /session/f199610b81d2740d08c28d2a7b12bbb6/element/f.2BFA133D83E8FE08190C073C8C008530.d.B8A54862F745E1F06A3229133FFAD864.e.19635/text - {}
RESULT: {}
COMMAND: GET /session/f199610b81d2740d08c28d2a7b12bbb6/element/f.2BFA133D83E8FE08190C073C8C008530.d.B8A54862F745E1F06A3229133FFAD864.e.19636/text - {}
RESULT: {}
COMMAND: GET /session/f199610b81d2740d08c28d2a7b12bbb6/element/f.2BFA133D83E8FE08190C073C8C008530.d.B8A54862F745E1F06A3229133FFAD864.e.19637/text - {}
RESULT: {}
COMMAND: GET /session/f199610b81d2740d08c28d2a7b12bbb6/element/f.2BFA133D83E8FE08190C073C8C008530.d.B8A54862F745E1F06A3229133FFAD864.e.19638/text - {}
RESULT: {}
COMMAND: GET /session/f199610b81d2740d08c28d2a7b12bbb6/element/f.2BFA133D83E8FE08190C073C8C008530.d.B8A54862F745E1F06A3229133FFAD864.e.19639/text - {}
RESULT: {}
COMMAND: GET /session/f199610b81d2740d08c28d2a7b12bbb6/element/f.2BFA133D83E8FE08190C073C8C008530.d.B8A54862F745E1F06A3229133FFAD864.e.19640/text - {}
RESULT: {}
COMMAND: GET /session/f199610b81d2740d08c28d2a7b12bbb6/element/f.2BFA133D83E8FE08190C073C8C008530.d.B8A54862F745E1F06A3229133FFAD864.e.19641/text - {}
RESULT: {}
COMMAND: GET /session/f199610b81d2740d08c28d2a7b12bbb6/element/f.2BFA133D83E8FE08190C073C8C008530.d.B8A54862F745E1F06A3229133FFAD864.e.19642/text - {}
RESULT: {}
COMMAND: GET /session/f199610b81d2740d08c28d2a7b12bbb6/element/f.2BFA133D83E8FE08190C073C8C008530.d.B8A54862F745E1F06A3229133FFAD864.e.19643/text - {}
RESULT: {}
COMMAND: GET /session/f199610b81d2740d08c28d2a7b12bbb6/element/f.2BFA133D83E8FE08190C073C8C008530.d.B8A54862F745E1F06A3229133FFAD864.e.18942/text - {}
RESULT: {}
COMMAND: POST /session/f199610b81d2740d08c28d2a7b12bbb6/element - {"using":"xpath","value":"//tbody[contains(@id, \"customHandoversTable-tblBody\")]/tr[1]/td[14]/div/span"}
RESULT: {"using":"xpath","value":"//tbody[contains(@id, \"customHandoversTable-tblBody\")]/tr[1]/td[14]/div/span"}
COMMAND: POST /session/f199610b81d2740d08c28d2a7b12bbb6/execute/sync - {"script":"<script> [56 bytes]","args":[{"element-6066-11e4-a52e-4f735466cecf":"f.2BFA133D83E8FE08190C073C8C008530.d.B8A54862F745E1F06A3229133FFAD864.e.19719","ELEMENT":"f.2BFA133D83E8FE08190C073C8C008530.d.B8A54862F745E1F06A3229133FFAD864.e.19719"}]}
RESULT: {"script":"<script> [56 bytes]","args":[{"element-6066-11e4-a52e-4f735466cecf":"f.2BFA133D83E8FE08190C073C8C008530.d.B8A54862F745E1F06A3229133FFAD864.e.19719","ELEMENT":"f.2BFA133D83E8FE08190C073C8C008530.d.B8A54862F745E1F06A3229133FFAD864.e.19719"}]}
COMMAND: POST /session/f199610b81d2740d08c28d2a7b12bbb6/element - {"using":"xpath","value":"(//span[contains(@id, \"imgNav\")])[1]"}
COMMAND: GET /session/f199610b81d2740d08c28d2a7b12bbb6/screenshot - {}
RESULT: {"using":"xpath","value":"(//span[contains(@id, \"imgNav\")])[1]"}
COMMAND: POST /session/f199610b81d2740d08c28d2a7b12bbb6/element/f.2BFA133D83E8FE08190C073C8C008530.d.B8A54862F745E1F06A3229133FFAD864.e.19720/click - {}
RESULT: {}
RESULT: {}
COMMAND: GET /session/f199610b81d2740d08c28d2a7b12bbb6/screenshot - {}
RESULT: {}
RESULT: undefined
COMMAND: POST /session/f199610b81d2740d08c28d2a7b12bbb6/execute/async - {"script":"<script> [776 bytes]","args":[{"enterText":"05/19/25","selector":{"id":"receiptDatePicker","viewName":"etm.portal.ui.managehandovers.view.DetailExecuteHO","interaction":{"idSuffix":"inner"}},"clearTextFirst":true,"interactionType":"ENTER_TEXT"}]}
RESULT: {"script":"<script> [776 bytes]","args":[{"enterText":"05/19/25","selector":{"id":"receiptDatePicker","viewName":"etm.portal.ui.managehandovers.view.DetailExecuteHO","interaction":{"idSuffix":"inner"}},"clearTextFirst":true,"interactionType":"ENTER_TEXT"}]}
COMMAND: POST /session/f199610b81d2740d08c28d2a7b12bbb6/element - {"using":"xpath","value":"//bdi[contains(text(), \"OK\")]"}
RESULT: {"using":"xpath","value":"//bdi[contains(text(), \"OK\")]"}
COMMAND: POST /session/f199610b81d2740d08c28d2a7b12bbb6/element/f.2BFA133D83E8FE08190C073C8C008530.d.B8A54862F745E1F06A3229133FFAD864.e.19760/click - {}
RESULT: {}
COMMAND: GET /session/f199610b81d2740d08c28d2a7b12bbb6/screenshot - {}
RESULT: {}
COMMAND: POST /session/f199610b81d2740d08c28d2a7b12bbb6/element - {"using":"xpath","value":"//button[@data-kt=\"PickingTableConfirmAllButton\"]"}
RESULT: {"using":"xpath","value":"//button[@data-kt=\"PickingTableConfirmAllButton\"]"}
COMMAND: POST /session/f199610b81d2740d08c28d2a7b12bbb6/element/f.2BFA133D83E8FE08190C073C8C008530.d.B8A54862F745E1F06A3229133FFAD864.e.19749/click - {}
RESULT: {}
COMMAND: GET /session/f199610b81d2740d08c28d2a7b12bbb6/screenshot - {}
RESULT: {}
COMMAND: POST /session/f199610b81d2740d08c28d2a7b12bbb6/element - {"using":"xpath","value":"//bdi[contains(text(), \"OK\")]"}
RESULT: {"using":"xpath","value":"//bdi[contains(text(), \"OK\")]"}
COMMAND: POST /session/f199610b81d2740d08c28d2a7b12bbb6/element/f.2BFA133D83E8FE08190C073C8C008530.d.B8A54862F745E1F06A3229133FFAD864.e.19774/click - {}
RESULT: {}
COMMAND: GET /session/f199610b81d2740d08c28d2a7b12bbb6/screenshot - {}
RESULT: {}
COMMAND: POST /session/f199610b81d2740d08c28d2a7b12bbb6/element - {"using":"xpath","value":"//button[@data-kt= \"execHoReceiveButton\"]"}
RESULT: {"using":"xpath","value":"//button[@data-kt= \"execHoReceiveButton\"]"}
COMMAND: POST /session/f199610b81d2740d08c28d2a7b12bbb6/element/f.2BFA133D83E8FE08190C073C8C008530.d.B8A54862F745E1F06A3229133FFAD864.e.19775/click - {}
RESULT: {}
COMMAND: GET /session/f199610b81d2740d08c28d2a7b12bbb6/screenshot - {}
RESULT: {}
COMMAND: POST /session/f199610b81d2740d08c28d2a7b12bbb6/element - {"using":"xpath","value":"//input[contains(@id ,\"smartFilterBar-btnBasicSearch-I\")]"}
RESULT: {"using":"xpath","value":"//input[contains(@id ,\"smartFilterBar-btnBasicSearch-I\")]"}
COMMAND: POST /session/f199610b81d2740d08c28d2a7b12bbb6/elements - {"using":"xpath","value":"//input[contains(@id ,\"smartFilterBar-btnBasicSearch-I\")]"}
RESULT: {"using":"xpath","value":"//input[contains(@id ,\"smartFilterBar-btnBasicSearch-I\")]"}
COMMAND: POST /session/f199610b81d2740d08c28d2a7b12bbb6/execute/sync - {"script":"<script> [8489 bytes]","args":[{"element-6066-11e4-a52e-4f735466cecf":"f.2BFA133D83E8FE08190C073C8C008530.d.B8A54862F745E1F06A3229133FFAD864.e.18945","ELEMENT":"f.2BFA133D83E8FE08190C073C8C008530.d.B8A54862F745E1F06A3229133FFAD864.e.18945"}]}
RESULT: {"script":"<script> [8489 bytes]","args":[{"element-6066-11e4-a52e-4f735466cecf":"f.2BFA133D83E8FE08190C073C8C008530.d.B8A54862F745E1F06A3229133FFAD864.e.18945","ELEMENT":"f.2BFA133D83E8FE08190C073C8C008530.d.B8A54862F745E1F06A3229133FFAD864.e.18945"}]}
COMMAND: GET /session/f199610b81d2740d08c28d2a7b12bbb6/element/f.2BFA133D83E8FE08190C073C8C008530.d.B8A54862F745E1F06A3229133FFAD864.e.18945/enabled - {}
COMMAND: GET /session/f199610b81d2740d08c28d2a7b12bbb6/screenshot - {}
RESULT: {}
COMMAND: POST /session/f199610b81d2740d08c28d2a7b12bbb6/element/f.2BFA133D83E8FE08190C073C8C008530.d.B8A54862F745E1F06A3229133FFAD864.e.18945/clear - {}
COMMAND: GET /session/f199610b81d2740d08c28d2a7b12bbb6/screenshot - {}
RESULT: {}
RESULT: {}
RESULT: {}
COMMAND: POST /session/f199610b81d2740d08c28d2a7b12bbb6/element/f.2BFA133D83E8FE08190C073C8C008530.d.B8A54862F745E1F06A3229133FFAD864.e.18945/value - {"text":"30735"}
COMMAND: GET /session/f199610b81d2740d08c28d2a7b12bbb6/screenshot - {}
RESULT: {"text":"30735"}
COMMAND: GET /session/f199610b81d2740d08c28d2a7b12bbb6/screenshot - {}
RESULT: {}
RESULT: {}
COMMAND: POST /session/f199610b81d2740d08c28d2a7b12bbb6/actions - {"actions":[{"id":"action62","type":"key","parameters":{},"actions":[{"type":"keyDown","value":"î€‡"},{"type":"pause","duration":10},{"type":"keyUp","value":"î€‡"}]}]}
RESULT: {"actions":[{"id":"action62","type":"key","parameters":{},"actions":[{"type":"keyDown","value":"î€‡"},{"type":"pause","duration":10},{"type":"keyUp","value":"î€‡"}]}]}
COMMAND: GET /session/f199610b81d2740d08c28d2a7b12bbb6/screenshot - {}
RESULT: {}
COMMAND: POST /session/f199610b81d2740d08c28d2a7b12bbb6/element - {"using":"xpath","value":"//span[contains(@id, \"smartTable-header-inner\")]"}
RESULT: {"using":"xpath","value":"//span[contains(@id, \"smartTable-header-inner\")]"}
COMMAND: POST /session/f199610b81d2740d08c28d2a7b12bbb6/elements - {"using":"xpath","value":"//span[contains(@id, \"smartTable-header-inner\")]"}
RESULT: {"using":"xpath","value":"//span[contains(@id, \"smartTable-header-inner\")]"}
COMMAND: POST /session/f199610b81d2740d08c28d2a7b12bbb6/execute/sync - {"script":"<script> [56 bytes]","args":[{"element-6066-11e4-a52e-4f735466cecf":"f.2BFA133D83E8FE08190C073C8C008530.d.B8A54862F745E1F06A3229133FFAD864.e.19582","ELEMENT":"f.2BFA133D83E8FE08190C073C8C008530.d.B8A54862F745E1F06A3229133FFAD864.e.19582"}]}
RESULT: {"script":"<script> [56 bytes]","args":[{"element-6066-11e4-a52e-4f735466cecf":"f.2BFA133D83E8FE08190C073C8C008530.d.B8A54862F745E1F06A3229133FFAD864.e.19582","ELEMENT":"f.2BFA133D83E8FE08190C073C8C008530.d.B8A54862F745E1F06A3229133FFAD864.e.19582"}]}
COMMAND: POST /session/f199610b81d2740d08c28d2a7b12bbb6/elements - {"using":"xpath","value":"//thead[contains(@class, \"sapMTableTH\")]/tr/th"}
COMMAND: GET /session/f199610b81d2740d08c28d2a7b12bbb6/screenshot - {}
RESULT: {"using":"xpath","value":"//thead[contains(@class, \"sapMTableTH\")]/tr/th"}
COMMAND: GET /session/f199610b81d2740d08c28d2a7b12bbb6/element/f.2BFA133D83E8FE08190C073C8C008530.d.B8A54862F745E1F06A3229133FFAD864.e.19666/text - {}
RESULT: {}
RESULT: {}
COMMAND: GET /session/f199610b81d2740d08c28d2a7b12bbb6/element/f.2BFA133D83E8FE08190C073C8C008530.d.B8A54862F745E1F06A3229133FFAD864.e.19667/text - {}
RESULT: {}
COMMAND: GET /session/f199610b81d2740d08c28d2a7b12bbb6/element/f.2BFA133D83E8FE08190C073C8C008530.d.B8A54862F745E1F06A3229133FFAD864.e.18939/text - {}
RESULT: {}
COMMAND: GET /session/f199610b81d2740d08c28d2a7b12bbb6/element/f.2BFA133D83E8FE08190C073C8C008530.d.B8A54862F745E1F06A3229133FFAD864.e.18941/text - {}
RESULT: {}
COMMAND: GET /session/f199610b81d2740d08c28d2a7b12bbb6/element/f.2BFA133D83E8FE08190C073C8C008530.d.B8A54862F745E1F06A3229133FFAD864.e.19781/text - {}
RESULT: {}
COMMAND: GET /session/f199610b81d2740d08c28d2a7b12bbb6/element/f.2BFA133D83E8FE08190C073C8C008530.d.B8A54862F745E1F06A3229133FFAD864.e.19782/text - {}
RESULT: {}
COMMAND: GET /session/f199610b81d2740d08c28d2a7b12bbb6/element/f.2BFA133D83E8FE08190C073C8C008530.d.B8A54862F745E1F06A3229133FFAD864.e.19783/text - {}
RESULT: {}
COMMAND: GET /session/f199610b81d2740d08c28d2a7b12bbb6/element/f.2BFA133D83E8FE08190C073C8C008530.d.B8A54862F745E1F06A3229133FFAD864.e.19784/text - {}
RESULT: {}
COMMAND: GET /session/f199610b81d2740d08c28d2a7b12bbb6/element/f.2BFA133D83E8FE08190C073C8C008530.d.B8A54862F745E1F06A3229133FFAD864.e.19785/text - {}
RESULT: {}
COMMAND: GET /session/f199610b81d2740d08c28d2a7b12bbb6/element/f.2BFA133D83E8FE08190C073C8C008530.d.B8A54862F745E1F06A3229133FFAD864.e.19786/text - {}
RESULT: {}
COMMAND: GET /session/f199610b81d2740d08c28d2a7b12bbb6/element/f.2BFA133D83E8FE08190C073C8C008530.d.B8A54862F745E1F06A3229133FFAD864.e.19787/text - {}
RESULT: {}
COMMAND: GET /session/f199610b81d2740d08c28d2a7b12bbb6/element/f.2BFA133D83E8FE08190C073C8C008530.d.B8A54862F745E1F06A3229133FFAD864.e.19788/text - {}
RESULT: {}
COMMAND: GET /session/f199610b81d2740d08c28d2a7b12bbb6/element/f.2BFA133D83E8FE08190C073C8C008530.d.B8A54862F745E1F06A3229133FFAD864.e.19789/text - {}
RESULT: {}
COMMAND: GET /session/f199610b81d2740d08c28d2a7b12bbb6/element/f.2BFA133D83E8FE08190C073C8C008530.d.B8A54862F745E1F06A3229133FFAD864.e.18942/text - {}
RESULT: {}
COMMAND: POST /session/f199610b81d2740d08c28d2a7b12bbb6/element - {"using":"xpath","value":"//tbody[contains(@id, \"customHandoversTable-tblBody\")]/tr[1]/td[14]/div/span"}
RESULT: {"using":"xpath","value":"//tbody[contains(@id, \"customHandoversTable-tblBody\")]/tr[1]/td[14]/div/span"}
COMMAND: POST /session/f199610b81d2740d08c28d2a7b12bbb6/execute/sync - {"script":"<script> [56 bytes]","args":[{"element-6066-11e4-a52e-4f735466cecf":"f.2BFA133D83E8FE08190C073C8C008530.d.B8A54862F745E1F06A3229133FFAD864.e.19831","ELEMENT":"f.2BFA133D83E8FE08190C073C8C008530.d.B8A54862F745E1F06A3229133FFAD864.e.19831"}]}
RESULT: {"script":"<script> [56 bytes]","args":[{"element-6066-11e4-a52e-4f735466cecf":"f.2BFA133D83E8FE08190C073C8C008530.d.B8A54862F745E1F06A3229133FFAD864.e.19831","ELEMENT":"f.2BFA133D83E8FE08190C073C8C008530.d.B8A54862F745E1F06A3229133FFAD864.e.19831"}]}
]]></system-out>
    </testcase>
    <testcase classname="chrome.136_0_7103_93.windows.Provide_to_Site_w/o_warehouse_management_w/o_clarification" name="Should Test for Handover Execution" time="13.397">
      <system-out><![CDATA[
COMMAND: POST /session/f199610b81d2740d08c28d2a7b12bbb6/element - {"using":"xpath","value":"(//span[contains(@id, \"imgNav\")])[1]"}
COMMAND: GET /session/f199610b81d2740d08c28d2a7b12bbb6/screenshot - {}
RESULT: {"using":"xpath","value":"(//span[contains(@id, \"imgNav\")])[1]"}
COMMAND: POST /session/f199610b81d2740d08c28d2a7b12bbb6/element/f.2BFA133D83E8FE08190C073C8C008530.d.B8A54862F745E1F06A3229133FFAD864.e.19832/click - {}
RESULT: {}
RESULT: {}
COMMAND: GET /session/f199610b81d2740d08c28d2a7b12bbb6/screenshot - {}
RESULT: {}
COMMAND: POST /session/f199610b81d2740d08c28d2a7b12bbb6/element - {"using":"css selector","value":"#shell-header-logo"}
RESULT: {"using":"css selector","value":"#shell-header-logo"}
COMMAND: POST /session/f199610b81d2740d08c28d2a7b12bbb6/element/f.2BFA133D83E8FE08190C073C8C008530.d.B8A54862F745E1F06A3229133FFAD864.e.18284/click - {}
RESULT: {}
COMMAND: GET /session/f199610b81d2740d08c28d2a7b12bbb6/screenshot - {}
RESULT: {}
]]></system-out>
    </testcase>
    <testcase classname="chrome.136_0_7103_93.windows.Provide_to_Site_w/o_warehouse_management_w/o_clarification" name="Should test for Clarification" time="0.006">
      <system-out><![CDATA[
COMMAND: POST /session/f199610b81d2740d08c28d2a7b12bbb6/element - {"using":"css selector","value":"#j_username"}
COMMAND: POST /session/f199610b81d2740d08c28d2a7b12bbb6/url - {"url":"https://qa-testing-00-live-etm-ui.cfapps.eu10-004.hana.ondemand.com/"}
RESULT: {"using":"css selector","value":"#j_username"}
COMMAND: POST /session/f199610b81d2740d08c28d2a7b12bbb6/element - {"using":"css selector","value":"#j_username"}
RESULT: {"url":"https://qa-testing-00-live-etm-ui.cfapps.eu10-004.hana.ondemand.com/"}
RESULT: undefined
COMMAND: GET /session/f199610b81d2740d08c28d2a7b12bbb6/screenshot - {}
RESULT: {"using":"css selector","value":"#j_username"}
COMMAND: POST /session/f199610b81d2740d08c28d2a7b12bbb6/element - {"using":"css selector","value":"#shell-header-logo"}
RESULT: {}
RESULT: {"using":"css selector","value":"#shell-header-logo"}
COMMAND: POST /session/f199610b81d2740d08c28d2a7b12bbb6/execute/sync - {"script":"<script> [8489 bytes]","args":[{"element-6066-11e4-a52e-4f735466cecf":"f.2BFA133D83E8FE08190C073C8C008530.d.6BAB163399D166EA32C42B7A994E2896.e.19890","ELEMENT":"f.2BFA133D83E8FE08190C073C8C008530.d.6BAB163399D166EA32C42B7A994E2896.e.19890"}]}
RESULT: {"script":"<script> [8489 bytes]","args":[{"element-6066-11e4-a52e-4f735466cecf":"f.2BFA133D83E8FE08190C073C8C008530.d.6BAB163399D166EA32C42B7A994E2896.e.19890","ELEMENT":"f.2BFA133D83E8FE08190C073C8C008530.d.6BAB163399D166EA32C42B7A994E2896.e.19890"}]}
COMMAND: POST /session/f199610b81d2740d08c28d2a7b12bbb6/element - {"using":"css selector","value":"#shell-header-logo"}
COMMAND: GET /session/f199610b81d2740d08c28d2a7b12bbb6/screenshot - {}
RESULT: {"using":"css selector","value":"#shell-header-logo"}
COMMAND: POST /session/f199610b81d2740d08c28d2a7b12bbb6/execute/sync - {"script":"<script> [8489 bytes]","args":[{"element-6066-11e4-a52e-4f735466cecf":"f.2BFA133D83E8FE08190C073C8C008530.d.6BAB163399D166EA32C42B7A994E2896.e.19890","ELEMENT":"f.2BFA133D83E8FE08190C073C8C008530.d.6BAB163399D166EA32C42B7A994E2896.e.19890"}]}
RESULT: {}
RESULT: {"script":"<script> [8489 bytes]","args":[{"element-6066-11e4-a52e-4f735466cecf":"f.2BFA133D83E8FE08190C073C8C008530.d.6BAB163399D166EA32C42B7A994E2896.e.19890","ELEMENT":"f.2BFA133D83E8FE08190C073C8C008530.d.6BAB163399D166EA32C42B7A994E2896.e.19890"}]}
COMMAND: POST /session/f199610b81d2740d08c28d2a7b12bbb6/execute/sync - {"script":"<script> [5351 bytes]","args":[{"element-6066-11e4-a52e-4f735466cecf":"f.2BFA133D83E8FE08190C073C8C008530.d.6BAB163399D166EA32C42B7A994E2896.e.19890","ELEMENT":"f.2BFA133D83E8FE08190C073C8C008530.d.6BAB163399D166EA32C42B7A994E2896.e.19890"}]}
COMMAND: GET /session/f199610b81d2740d08c28d2a7b12bbb6/screenshot - {}
RESULT: {"script":"<script> [5351 bytes]","args":[{"element-6066-11e4-a52e-4f735466cecf":"f.2BFA133D83E8FE08190C073C8C008530.d.6BAB163399D166EA32C42B7A994E2896.e.19890","ELEMENT":"f.2BFA133D83E8FE08190C073C8C008530.d.6BAB163399D166EA32C42B7A994E2896.e.19890"}]}
COMMAND: POST /session/f199610b81d2740d08c28d2a7b12bbb6/element - {"using":"css selector","value":"#shell-header-logo"}
COMMAND: GET /session/f199610b81d2740d08c28d2a7b12bbb6/screenshot - {}
RESULT: {}
RESULT: {"using":"css selector","value":"#shell-header-logo"}
COMMAND: POST /session/f199610b81d2740d08c28d2a7b12bbb6/element/f.2BFA133D83E8FE08190C073C8C008530.d.6BAB163399D166EA32C42B7A994E2896.e.19890/click - {}
RESULT: {}
RESULT: {}
COMMAND: GET /session/f199610b81d2740d08c28d2a7b12bbb6/screenshot - {}
RESULT: {}
COMMAND: POST /session/f199610b81d2740d08c28d2a7b12bbb6/execute/async - {"script":"<script> [189 bytes]","args":[]}
RESULT: {"script":"<script> [189 bytes]","args":[]}
COMMAND: POST /session/f199610b81d2740d08c28d2a7b12bbb6/execute/async - {"script":"<script> [123 bytes]","args":[]}
RESULT: {"script":"<script> [123 bytes]","args":[]}
COMMAND: POST /session/f199610b81d2740d08c28d2a7b12bbb6/timeouts - {"script":"<number>"}
RESULT: {"script":"<number>"}
COMMAND: GET /session/f199610b81d2740d08c28d2a7b12bbb6/timeouts - {}
RESULT: {}
RESULT: undefined
COMMAND: POST /session/f199610b81d2740d08c28d2a7b12bbb6/execute/async - {"script":"<script> [2676 bytes]","args":[]}
RESULT: {"script":"<script> [2676 bytes]","args":[]}
COMMAND: POST /session/f199610b81d2740d08c28d2a7b12bbb6/execute/async - {"script":"<script> [2342 bytes]","args":[{"protocol":"http","hostname":"0.0.0.0","path":"/","capabilities":{"browserName":"chrome","goog:chromeOptions":{"binary":"C:\\Program Files\\Google\\Chrome\\Application\\chrome.exe","args":["--start-maximized"]}},"logLevel":"warn","connectionRetryTimeout":120000,"connectionRetryCount":3,"logLevels":{},"enableDirectConnect":true,"strictSSL":true,"_":"65 more keys: [\"cacheDir\",\"port\",\"requestedCapabilities\",\"automationProtocol\",\"baseUrl\",\"waitforInterval\",\"waitforTimeout\",\"onReload\",\"beforeCommand\",\"afterCommand\",\"rootDir\",\"specs\",\"suites\",\"exclude\",\"groupLogsByTestSpec\",\"excludeDriverLogs\",\"bail\",\"framework\",\"reporters\",\"services\",\"maxInstances\",\"maxInstancesPerCapability\",\"injectGlobals\",\"filesToWatch\",\"execArgv\",\"runnerEnv\",\"runner\",\"shard\",\"specFileRetries\",\"specFileRetriesDelay\",\"specFileRetriesDeferred\",\"reporterSyncInterval\",\"reporterSyncTimeout\",\"cucumberFeaturesWithLineNumbers\",\"autoCompileOpts\",\"mochaOpts\",\"jasmineOpts\",\"cucumberOpts\",\"onPrepare\",\"onWorkerStart\",\"onWorkerEnd\",\"before\",\"beforeSession\",\"beforeSuite\",\"beforeHook\",\"beforeTest\",\"afterTest\",\"afterHook\",\"afterSuite\",\"afterSession\",\"after\",\"onComplete\",\"beforeAssertion\",\"afterAssertion\",\"beforeFeature\",\"beforeScenario\",\"beforeStep\",\"afterStep\",\"afterScenario\",\"afterFeature\",\"_\",\"suite\",\"$0\",\"ignoredWorkerServices\",\"wdi5\"]"}]}
RESULT: {"script":"<script> [2342 bytes]","args":[{"protocol":"http","hostname":"0.0.0.0","path":"/","capabilities":{"browserName":"chrome","goog:chromeOptions":{"binary":"C:\\Program Files\\Google\\Chrome\\Application\\chrome.exe","args":["--start-maximized"]}},"logLevel":"warn","connectionRetryTimeout":120000,"connectionRetryCount":3,"logLevels":{},"enableDirectConnect":true,"strictSSL":true,"_":"65 more keys: [\"cacheDir\",\"port\",\"requestedCapabilities\",\"automationProtocol\",\"baseUrl\",\"waitforInterval\",\"waitforTimeout\",\"onReload\",\"beforeCommand\",\"afterCommand\",\"rootDir\",\"specs\",\"suites\",\"exclude\",\"groupLogsByTestSpec\",\"excludeDriverLogs\",\"bail\",\"framework\",\"reporters\",\"services\",\"maxInstances\",\"maxInstancesPerCapability\",\"injectGlobals\",\"filesToWatch\",\"execArgv\",\"runnerEnv\",\"runner\",\"shard\",\"specFileRetries\",\"specFileRetriesDelay\",\"specFileRetriesDeferred\",\"reporterSyncInterval\",\"reporterSyncTimeout\",\"cucumberFeaturesWithLineNumbers\",\"autoCompileOpts\",\"mochaOpts\",\"jasmineOpts\",\"cucumberOpts\",\"onPrepare\",\"onWorkerStart\",\"onWorkerEnd\",\"before\",\"beforeSession\",\"beforeSuite\",\"beforeHook\",\"beforeTest\",\"afterTest\",\"afterHook\",\"afterSuite\",\"afterSession\",\"after\",\"onComplete\",\"beforeAssertion\",\"afterAssertion\",\"beforeFeature\",\"beforeScenario\",\"beforeStep\",\"afterStep\",\"afterScenario\",\"afterFeature\",\"_\",\"suite\",\"$0\",\"ignoredWorkerServices\",\"wdi5\"]"}]}
COMMAND: POST /session/f199610b81d2740d08c28d2a7b12bbb6/execute/async - {"script":"<script> [21126 bytes]","args":[35000]}
RESULT: {"script":"<script> [21126 bytes]","args":[35000]}
COMMAND: POST /session/f199610b81d2740d08c28d2a7b12bbb6/window/maximize - {}
RESULT: {}
COMMAND: POST /session/f199610b81d2740d08c28d2a7b12bbb6/execute/async - {"script":"<script> [1562 bytes]","args":[{"selector":{"id":"shell-header","interaction":{"idSuffix":"icon"}},"wdio_ui5_key":"shellheader"}]}
COMMAND: GET /session/f199610b81d2740d08c28d2a7b12bbb6/screenshot - {}
RESULT: {"script":"<script> [1562 bytes]","args":[{"selector":{"id":"shell-header","interaction":{"idSuffix":"icon"}},"wdio_ui5_key":"shellheader"}]}
RESULT: undefined
COMMAND: POST /session/f199610b81d2740d08c28d2a7b12bbb6/refresh - {}
RESULT: {}
RESULT: {}
COMMAND: GET /session/f199610b81d2740d08c28d2a7b12bbb6/screenshot - {}
RESULT: {}
COMMAND: POST /session/f199610b81d2740d08c28d2a7b12bbb6/refresh - {}
RESULT: {}
COMMAND: GET /session/f199610b81d2740d08c28d2a7b12bbb6/screenshot - {}
RESULT: {}
COMMAND: POST /session/f199610b81d2740d08c28d2a7b12bbb6/window/fullscreen - {}
RESULT: {}
COMMAND: POST /session/f199610b81d2740d08c28d2a7b12bbb6/execute/async - {"script":"<script> [189 bytes]","args":[]}
RESULT: {"script":"<script> [189 bytes]","args":[]}
COMMAND: POST /session/f199610b81d2740d08c28d2a7b12bbb6/execute/async - {"script":"<script> [123 bytes]","args":[]}
RESULT: {"script":"<script> [123 bytes]","args":[]}
COMMAND: POST /session/f199610b81d2740d08c28d2a7b12bbb6/timeouts - {"script":"<number>"}
RESULT: {"script":"<number>"}
COMMAND: GET /session/f199610b81d2740d08c28d2a7b12bbb6/timeouts - {}
RESULT: {}
RESULT: undefined
COMMAND: POST /session/f199610b81d2740d08c28d2a7b12bbb6/execute/async - {"script":"<script> [2676 bytes]","args":[]}
RESULT: {"script":"<script> [2676 bytes]","args":[]}
COMMAND: POST /session/f199610b81d2740d08c28d2a7b12bbb6/execute/async - {"script":"<script> [2342 bytes]","args":[{"protocol":"http","hostname":"0.0.0.0","path":"/","capabilities":{"browserName":"chrome","goog:chromeOptions":{"binary":"C:\\Program Files\\Google\\Chrome\\Application\\chrome.exe","args":["--start-maximized"]}},"logLevel":"warn","connectionRetryTimeout":120000,"connectionRetryCount":3,"logLevels":{},"enableDirectConnect":true,"strictSSL":true,"_":"65 more keys: [\"cacheDir\",\"port\",\"requestedCapabilities\",\"automationProtocol\",\"baseUrl\",\"waitforInterval\",\"waitforTimeout\",\"onReload\",\"beforeCommand\",\"afterCommand\",\"rootDir\",\"specs\",\"suites\",\"exclude\",\"groupLogsByTestSpec\",\"excludeDriverLogs\",\"bail\",\"framework\",\"reporters\",\"services\",\"maxInstances\",\"maxInstancesPerCapability\",\"injectGlobals\",\"filesToWatch\",\"execArgv\",\"runnerEnv\",\"runner\",\"shard\",\"specFileRetries\",\"specFileRetriesDelay\",\"specFileRetriesDeferred\",\"reporterSyncInterval\",\"reporterSyncTimeout\",\"cucumberFeaturesWithLineNumbers\",\"autoCompileOpts\",\"mochaOpts\",\"jasmineOpts\",\"cucumberOpts\",\"onPrepare\",\"onWorkerStart\",\"onWorkerEnd\",\"before\",\"beforeSession\",\"beforeSuite\",\"beforeHook\",\"beforeTest\",\"afterTest\",\"afterHook\",\"afterSuite\",\"afterSession\",\"after\",\"onComplete\",\"beforeAssertion\",\"afterAssertion\",\"beforeFeature\",\"beforeScenario\",\"beforeStep\",\"afterStep\",\"afterScenario\",\"afterFeature\",\"_\",\"suite\",\"$0\",\"ignoredWorkerServices\",\"wdi5\"]"}]}
RESULT: {"script":"<script> [2342 bytes]","args":[{"protocol":"http","hostname":"0.0.0.0","path":"/","capabilities":{"browserName":"chrome","goog:chromeOptions":{"binary":"C:\\Program Files\\Google\\Chrome\\Application\\chrome.exe","args":["--start-maximized"]}},"logLevel":"warn","connectionRetryTimeout":120000,"connectionRetryCount":3,"logLevels":{},"enableDirectConnect":true,"strictSSL":true,"_":"65 more keys: [\"cacheDir\",\"port\",\"requestedCapabilities\",\"automationProtocol\",\"baseUrl\",\"waitforInterval\",\"waitforTimeout\",\"onReload\",\"beforeCommand\",\"afterCommand\",\"rootDir\",\"specs\",\"suites\",\"exclude\",\"groupLogsByTestSpec\",\"excludeDriverLogs\",\"bail\",\"framework\",\"reporters\",\"services\",\"maxInstances\",\"maxInstancesPerCapability\",\"injectGlobals\",\"filesToWatch\",\"execArgv\",\"runnerEnv\",\"runner\",\"shard\",\"specFileRetries\",\"specFileRetriesDelay\",\"specFileRetriesDeferred\",\"reporterSyncInterval\",\"reporterSyncTimeout\",\"cucumberFeaturesWithLineNumbers\",\"autoCompileOpts\",\"mochaOpts\",\"jasmineOpts\",\"cucumberOpts\",\"onPrepare\",\"onWorkerStart\",\"onWorkerEnd\",\"before\",\"beforeSession\",\"beforeSuite\",\"beforeHook\",\"beforeTest\",\"afterTest\",\"afterHook\",\"afterSuite\",\"afterSession\",\"after\",\"onComplete\",\"beforeAssertion\",\"afterAssertion\",\"beforeFeature\",\"beforeScenario\",\"beforeStep\",\"afterStep\",\"afterScenario\",\"afterFeature\",\"_\",\"suite\",\"$0\",\"ignoredWorkerServices\",\"wdi5\"]"}]}
COMMAND: POST /session/f199610b81d2740d08c28d2a7b12bbb6/execute/async - {"script":"<script> [21126 bytes]","args":[35000]}
RESULT: {"script":"<script> [21126 bytes]","args":[35000]}
]]></system-out>
    </testcase>
  </testsuite>
  <testsuite timestamp="2025-05-19T09:27:05" time="191.715" tests="6" failures="0" errors="0" skipped="0">
    <properties>
      <property name="specId" value="0" />
      <property name="suiteName" value="Return from Site w/ warehouse management w/ clarification US125588" />
      <property name="capabilities" value="chrome.136_0_7103_93.windows" />
      <property name="file" value="file:///D:/a/1/s/test/specs/HTR/return-from-site-w-warehouse-management-w-clarification.spec.js" />
    </properties>
    <testcase classname="chrome.136_0_7103_93.windows.Return_from_Site_w/_warehouse_management_w/_clarification_US125588" name="Should create a new WHM yard" time="0.012">
      <system-out><![CDATA[
COMMAND: POST /session/f199610b81d2740d08c28d2a7b12bbb6/window/fullscreen - {}
RESULT: {}
]]></system-out>
    </testcase>
    <testcase classname="chrome.136_0_7103_93.windows.Return_from_Site_w/_warehouse_management_w/_clarification_US125588" name="Should create a new external WHM partner" time="0.003" />
    <testcase classname="chrome.136_0_7103_93.windows.Return_from_Site_w/_warehouse_management_w/_clarification_US125588" name="Should create a new WHM site" time="0.008" />
    <testcase classname="chrome.136_0_7103_93.windows.Return_from_Site_w/_warehouse_management_w/_clarification_US125588" name="Should create a new material" time="135.339">
      <system-out><![CDATA[
COMMAND: POST /session/f199610b81d2740d08c28d2a7b12bbb6/execute/async - {"script":"<script> [1562 bytes]","args":[{"selector":{"controlType":"sap.m.GenericTile","properties":{"header":"Manage Resources"}},"wdio_ui5_key":"sapm.GenericTile{\"header\":\"Manage Resources\"}"}]}
RESULT: {"script":"<script> [1562 bytes]","args":[{"selector":{"controlType":"sap.m.GenericTile","properties":{"header":"Manage Resources"}},"wdio_ui5_key":"sapm.GenericTile{\"header\":\"Manage Resources\"}"}]}
RESULT: undefined
COMMAND: POST /session/f199610b81d2740d08c28d2a7b12bbb6/element - {"using":"xpath","value":"//*[@id=\"__tile39\"]"}
RESULT: {"using":"xpath","value":"//*[@id=\"__tile39\"]"}
COMMAND: POST /session/f199610b81d2740d08c28d2a7b12bbb6/element/f.2BFA133D83E8FE08190C073C8C008530.d.89C05ADEAD67573F106703BE747AC421.e.20043/click - {}
RESULT: {}
COMMAND: GET /session/f199610b81d2740d08c28d2a7b12bbb6/screenshot - {}
RESULT: {}
COMMAND: POST /session/f199610b81d2740d08c28d2a7b12bbb6/elements - {"using":"xpath","value":"//span[text()='Error']"}
RESULT: {"using":"xpath","value":"//span[text()='Error']"}
COMMAND: POST /session/f199610b81d2740d08c28d2a7b12bbb6/element - {"using":"xpath","value":"//button[@data-kt=\"addNewRUOverflowToolbarButton\"]"}
RESULT: {"using":"xpath","value":"//button[@data-kt=\"addNewRUOverflowToolbarButton\"]"}
COMMAND: POST /session/f199610b81d2740d08c28d2a7b12bbb6/elements - {"using":"xpath","value":"//button[@data-kt=\"addNewRUOverflowToolbarButton\"]"}
RESULT: {"using":"xpath","value":"//button[@data-kt=\"addNewRUOverflowToolbarButton\"]"}
COMMAND: POST /session/f199610b81d2740d08c28d2a7b12bbb6/elements - {"using":"xpath","value":"//button[@data-kt=\"addNewRUOverflowToolbarButton\"]"}
RESULT: {"using":"xpath","value":"//button[@data-kt=\"addNewRUOverflowToolbarButton\"]"}
COMMAND: POST /session/f199610b81d2740d08c28d2a7b12bbb6/elements - {"using":"xpath","value":"//button[@data-kt=\"addNewRUOverflowToolbarButton\"]"}
RESULT: {"using":"xpath","value":"//button[@data-kt=\"addNewRUOverflowToolbarButton\"]"}
COMMAND: POST /session/f199610b81d2740d08c28d2a7b12bbb6/element - {"using":"xpath","value":"//button[@data-kt=\"addNewRUOverflowToolbarButton\"]"}
RESULT: {"using":"xpath","value":"//button[@data-kt=\"addNewRUOverflowToolbarButton\"]"}
COMMAND: POST /session/f199610b81d2740d08c28d2a7b12bbb6/execute/sync - {"script":"<script> [8489 bytes]","args":[{"element-6066-11e4-a52e-4f735466cecf":"f.2BFA133D83E8FE08190C073C8C008530.d.89C05ADEAD67573F106703BE747AC421.e.20297","ELEMENT":"f.2BFA133D83E8FE08190C073C8C008530.d.89C05ADEAD67573F106703BE747AC421.e.20297"}]}
RESULT: {"script":"<script> [8489 bytes]","args":[{"element-6066-11e4-a52e-4f735466cecf":"f.2BFA133D83E8FE08190C073C8C008530.d.89C05ADEAD67573F106703BE747AC421.e.20297","ELEMENT":"f.2BFA133D83E8FE08190C073C8C008530.d.89C05ADEAD67573F106703BE747AC421.e.20297"}]}
COMMAND: GET /session/f199610b81d2740d08c28d2a7b12bbb6/element/f.2BFA133D83E8FE08190C073C8C008530.d.89C05ADEAD67573F106703BE747AC421.e.20297/enabled - {}
COMMAND: GET /session/f199610b81d2740d08c28d2a7b12bbb6/screenshot - {}
RESULT: {}
RESULT: {}
COMMAND: POST /session/f199610b81d2740d08c28d2a7b12bbb6/execute/sync - {"script":"<script> [8489 bytes]","args":[{"element-6066-11e4-a52e-4f735466cecf":"f.2BFA133D83E8FE08190C073C8C008530.d.89C05ADEAD67573F106703BE747AC421.e.20297","ELEMENT":"f.2BFA133D83E8FE08190C073C8C008530.d.89C05ADEAD67573F106703BE747AC421.e.20297"}]}
COMMAND: GET /session/f199610b81d2740d08c28d2a7b12bbb6/screenshot - {}
RESULT: {"script":"<script> [8489 bytes]","args":[{"element-6066-11e4-a52e-4f735466cecf":"f.2BFA133D83E8FE08190C073C8C008530.d.89C05ADEAD67573F106703BE747AC421.e.20297","ELEMENT":"f.2BFA133D83E8FE08190C073C8C008530.d.89C05ADEAD67573F106703BE747AC421.e.20297"}]}
COMMAND: POST /session/f199610b81d2740d08c28d2a7b12bbb6/execute/sync - {"script":"<script> [5351 bytes]","args":[{"element-6066-11e4-a52e-4f735466cecf":"f.2BFA133D83E8FE08190C073C8C008530.d.89C05ADEAD67573F106703BE747AC421.e.20297","ELEMENT":"f.2BFA133D83E8FE08190C073C8C008530.d.89C05ADEAD67573F106703BE747AC421.e.20297"}]}
COMMAND: GET /session/f199610b81d2740d08c28d2a7b12bbb6/screenshot - {}
RESULT: {}
RESULT: {"script":"<script> [5351 bytes]","args":[{"element-6066-11e4-a52e-4f735466cecf":"f.2BFA133D83E8FE08190C073C8C008530.d.89C05ADEAD67573F106703BE747AC421.e.20297","ELEMENT":"f.2BFA133D83E8FE08190C073C8C008530.d.89C05ADEAD67573F106703BE747AC421.e.20297"}]}
COMMAND: POST /session/f199610b81d2740d08c28d2a7b12bbb6/element/f.2BFA133D83E8FE08190C073C8C008530.d.89C05ADEAD67573F106703BE747AC421.e.20297/click - {}
COMMAND: GET /session/f199610b81d2740d08c28d2a7b12bbb6/screenshot - {}
RESULT: {}
RESULT: {}
COMMAND: GET /session/f199610b81d2740d08c28d2a7b12bbb6/screenshot - {}
COMMAND: POST /session/f199610b81d2740d08c28d2a7b12bbb6/execute/async - {"script":"<script> [1562 bytes]","args":[{"selector":{"id":"application-manageresources-display-component---newResourceUnit--TYPE-arrow"},"wdio_ui5_key":"applicationmanageresources-display-component---newResourceUnit--TYPE-arrow"}]}
RESULT: {}
RESULT: {}
RESULT: {"script":"<script> [1562 bytes]","args":[{"selector":{"id":"application-manageresources-display-component---newResourceUnit--TYPE-arrow"},"wdio_ui5_key":"applicationmanageresources-display-component---newResourceUnit--TYPE-arrow"}]}
RESULT: undefined
COMMAND: POST /session/f199610b81d2740d08c28d2a7b12bbb6/element - {"using":"xpath","value":"//*[@id=\"application-manageresources-display-component---newResourceUnit--TYPE-arrow\"]"}
RESULT: {"using":"xpath","value":"//*[@id=\"application-manageresources-display-component---newResourceUnit--TYPE-arrow\"]"}
COMMAND: POST /session/f199610b81d2740d08c28d2a7b12bbb6/element/f.2BFA133D83E8FE08190C073C8C008530.d.89C05ADEAD67573F106703BE747AC421.e.20540/click - {}
RESULT: {}
COMMAND: POST /session/f199610b81d2740d08c28d2a7b12bbb6/element - {"using":"xpath","value":"//input[@id=\"application-manageresources-display-component---newResourceUnit--TYPE-inner\"]"}
COMMAND: GET /session/f199610b81d2740d08c28d2a7b12bbb6/screenshot - {}
RESULT: {"using":"xpath","value":"//input[@id=\"application-manageresources-display-component---newResourceUnit--TYPE-inner\"]"}
COMMAND: POST /session/f199610b81d2740d08c28d2a7b12bbb6/element/f.2BFA133D83E8FE08190C073C8C008530.d.89C05ADEAD67573F106703BE747AC421.e.20536/clear - {}
RESULT: {}
RESULT: {}
COMMAND: POST /session/f199610b81d2740d08c28d2a7b12bbb6/element/f.2BFA133D83E8FE08190C073C8C008530.d.89C05ADEAD67573F106703BE747AC421.e.20536/value - {"text":"Material"}
COMMAND: GET /session/f199610b81d2740d08c28d2a7b12bbb6/screenshot - {}
RESULT: {"text":"Material"}
COMMAND: GET /session/f199610b81d2740d08c28d2a7b12bbb6/screenshot - {}
RESULT: {}
RESULT: {}
COMMAND: POST /session/f199610b81d2740d08c28d2a7b12bbb6/actions - {"actions":[{"id":"action63","type":"key","parameters":{},"actions":[{"type":"keyDown","value":"î€‡"},{"type":"pause","duration":10},{"type":"keyUp","value":"î€‡"}]}]}
RESULT: {"actions":[{"id":"action63","type":"key","parameters":{},"actions":[{"type":"keyDown","value":"î€‡"},{"type":"pause","duration":10},{"type":"keyUp","value":"î€‡"}]}]}
COMMAND: POST /session/f199610b81d2740d08c28d2a7b12bbb6/execute/async - {"script":"<script> [1562 bytes]","args":[{"selector":{"id":"application-manageresources-display-component---newResourceUnit--SHORT_TEXT","interaction":{"idSuffix":"inner"}},"wdio_ui5_key":"applicationmanageresources-display-component---newResourceUnit--SHORT_TEXT"}]}
COMMAND: GET /session/f199610b81d2740d08c28d2a7b12bbb6/screenshot - {}
RESULT: {"script":"<script> [1562 bytes]","args":[{"selector":{"id":"application-manageresources-display-component---newResourceUnit--SHORT_TEXT","interaction":{"idSuffix":"inner"}},"wdio_ui5_key":"applicationmanageresources-display-component---newResourceUnit--SHORT_TEXT"}]}
RESULT: undefined
COMMAND: POST /session/f199610b81d2740d08c28d2a7b12bbb6/execute/async - {"script":"<script> [776 bytes]","args":[{"enterText":"Cement WDIO","selector":{"id":"application-manageresources-display-component---newResourceUnit--SHORT_TEXT","interaction":{"idSuffix":"inner"}},"clearTextFirst":true,"interactionType":"ENTER_TEXT"}]}
RESULT: {}
RESULT: {"script":"<script> [776 bytes]","args":[{"enterText":"Cement WDIO","selector":{"id":"application-manageresources-display-component---newResourceUnit--SHORT_TEXT","interaction":{"idSuffix":"inner"}},"clearTextFirst":true,"interactionType":"ENTER_TEXT"}]}
COMMAND: POST /session/f199610b81d2740d08c28d2a7b12bbb6/execute/async - {"script":"<script> [1562 bytes]","args":[{"selector":{"id":"application-manageresources-display-component---newResourceUnit--BASE_UNIT_OF_MEASURE","interaction":{"idSuffix":"inner"}},"wdio_ui5_key":"applicationmanageresources-display-component---newResourceUnit--BASE_UNIT_OF_MEASURE"}]}
RESULT: {"script":"<script> [1562 bytes]","args":[{"selector":{"id":"application-manageresources-display-component---newResourceUnit--BASE_UNIT_OF_MEASURE","interaction":{"idSuffix":"inner"}},"wdio_ui5_key":"applicationmanageresources-display-component---newResourceUnit--BASE_UNIT_OF_MEASURE"}]}
RESULT: undefined
COMMAND: POST /session/f199610b81d2740d08c28d2a7b12bbb6/execute/async - {"script":"<script> [776 bytes]","args":[{"enterText":"Piece","selector":{"id":"application-manageresources-display-component---newResourceUnit--BASE_UNIT_OF_MEASURE","interaction":{"idSuffix":"inner"}},"clearTextFirst":true,"interactionType":"ENTER_TEXT"}]}
RESULT: {"script":"<script> [776 bytes]","args":[{"enterText":"Piece","selector":{"id":"application-manageresources-display-component---newResourceUnit--BASE_UNIT_OF_MEASURE","interaction":{"idSuffix":"inner"}},"clearTextFirst":true,"interactionType":"ENTER_TEXT"}]}
COMMAND: POST /session/f199610b81d2740d08c28d2a7b12bbb6/execute/async - {"script":"<script> [1562 bytes]","args":[{"selector":{"id":"application-manageresources-display-component---newResourceUnit--WEIGHT_UNIT","interaction":{"idSuffix":"inner"}},"wdio_ui5_key":"applicationmanageresources-display-component---newResourceUnit--WEIGHT_UNIT"}]}
RESULT: {"script":"<script> [1562 bytes]","args":[{"selector":{"id":"application-manageresources-display-component---newResourceUnit--WEIGHT_UNIT","interaction":{"idSuffix":"inner"}},"wdio_ui5_key":"applicationmanageresources-display-component---newResourceUnit--WEIGHT_UNIT"}]}
RESULT: undefined
COMMAND: POST /session/f199610b81d2740d08c28d2a7b12bbb6/execute/async - {"script":"<script> [776 bytes]","args":[{"enterText":"Gram","selector":{"id":"application-manageresources-display-component---newResourceUnit--WEIGHT_UNIT","interaction":{"idSuffix":"inner"}},"clearTextFirst":true,"interactionType":"ENTER_TEXT"}]}
RESULT: {"script":"<script> [776 bytes]","args":[{"enterText":"Gram","selector":{"id":"application-manageresources-display-component---newResourceUnit--WEIGHT_UNIT","interaction":{"idSuffix":"inner"}},"clearTextFirst":true,"interactionType":"ENTER_TEXT"}]}
COMMAND: POST /session/f199610b81d2740d08c28d2a7b12bbb6/execute/async - {"script":"<script> [1562 bytes]","args":[{"selector":{"id":"application-manageresources-display-component---newResourceUnit--DIMENSION_UNIT","interaction":{"idSuffix":"inner"}},"wdio_ui5_key":"applicationmanageresources-display-component---newResourceUnit--DIMENSION_UNIT"}]}
RESULT: {"script":"<script> [1562 bytes]","args":[{"selector":{"id":"application-manageresources-display-component---newResourceUnit--DIMENSION_UNIT","interaction":{"idSuffix":"inner"}},"wdio_ui5_key":"applicationmanageresources-display-component---newResourceUnit--DIMENSION_UNIT"}]}
RESULT: undefined
COMMAND: POST /session/f199610b81d2740d08c28d2a7b12bbb6/execute/async - {"script":"<script> [776 bytes]","args":[{"enterText":"Meter","selector":{"id":"application-manageresources-display-component---newResourceUnit--DIMENSION_UNIT","interaction":{"idSuffix":"inner"}},"clearTextFirst":true,"interactionType":"ENTER_TEXT"}]}
RESULT: {"script":"<script> [776 bytes]","args":[{"enterText":"Meter","selector":{"id":"application-manageresources-display-component---newResourceUnit--DIMENSION_UNIT","interaction":{"idSuffix":"inner"}},"clearTextFirst":true,"interactionType":"ENTER_TEXT"}]}
COMMAND: POST /session/f199610b81d2740d08c28d2a7b12bbb6/execute/async - {"script":"<script> [1562 bytes]","args":[{"selector":{"id":"application-manageresources-display-component---newResourceUnit--newRRUPage-anchBar-application-manageresources-display-component---newResourceUnit--control-anchor","interaction":{"idSuffix":"BDI-content"}},"wdio_ui5_key":"applicationmanageresources-display-component---newResourceUnit--newRRUPage-anchBar-application-manageresources-display-component---newResourceUnit--control-anchor"}]}
RESULT: {"script":"<script> [1562 bytes]","args":[{"selector":{"id":"application-manageresources-display-component---newResourceUnit--newRRUPage-anchBar-application-manageresources-display-component---newResourceUnit--control-anchor","interaction":{"idSuffix":"BDI-content"}},"wdio_ui5_key":"applicationmanageresources-display-component---newResourceUnit--newRRUPage-anchBar-application-manageresources-display-component---newResourceUnit--control-anchor"}]}
RESULT: undefined
COMMAND: POST /session/f199610b81d2740d08c28d2a7b12bbb6/element - {"using":"xpath","value":"//*[@id=\"application-manageresources-display-component---newResourceUnit--newRRUPage-anchBar-application-manageresources-display-component---newResourceUnit--control-anchor\"]"}
RESULT: {"using":"xpath","value":"//*[@id=\"application-manageresources-display-component---newResourceUnit--newRRUPage-anchBar-application-manageresources-display-component---newResourceUnit--control-anchor\"]"}
COMMAND: POST /session/f199610b81d2740d08c28d2a7b12bbb6/element/f.2BFA133D83E8FE08190C073C8C008530.d.89C05ADEAD67573F106703BE747AC421.e.20605/click - {}
RESULT: {}
COMMAND: POST /session/f199610b81d2740d08c28d2a7b12bbb6/execute/async - {"script":"<script> [1562 bytes]","args":[{"selector":{"id":"application-manageresources-display-component---newResourceUnit--PLANNING_GROUP","interaction":{"idSuffix":"inner"}},"wdio_ui5_key":"applicationmanageresources-display-component---newResourceUnit--PLANNING_GROUP"}]}
COMMAND: GET /session/f199610b81d2740d08c28d2a7b12bbb6/screenshot - {}
RESULT: {"script":"<script> [1562 bytes]","args":[{"selector":{"id":"application-manageresources-display-component---newResourceUnit--PLANNING_GROUP","interaction":{"idSuffix":"inner"}},"wdio_ui5_key":"applicationmanageresources-display-component---newResourceUnit--PLANNING_GROUP"}]}
RESULT: undefined
COMMAND: POST /session/f199610b81d2740d08c28d2a7b12bbb6/execute/async - {"script":"<script> [776 bytes]","args":[{"enterText":"Material","selector":{"id":"application-manageresources-display-component---newResourceUnit--PLANNING_GROUP","interaction":{"idSuffix":"inner"}},"clearTextFirst":true,"interactionType":"ENTER_TEXT"}]}
RESULT: {}
RESULT: {"script":"<script> [776 bytes]","args":[{"enterText":"Material","selector":{"id":"application-manageresources-display-component---newResourceUnit--PLANNING_GROUP","interaction":{"idSuffix":"inner"}},"clearTextFirst":true,"interactionType":"ENTER_TEXT"}]}
COMMAND: POST /session/f199610b81d2740d08c28d2a7b12bbb6/execute/async - {"script":"<script> [1562 bytes]","args":[{"selector":{"id":"application-manageresources-display-component---newResourceUnit--PLANNING_INDICATOR","interaction":{"idSuffix":"inner"}},"wdio_ui5_key":"applicationmanageresources-display-component---newResourceUnit--PLANNING_INDICATOR"}]}
RESULT: {"script":"<script> [1562 bytes]","args":[{"selector":{"id":"application-manageresources-display-component---newResourceUnit--PLANNING_INDICATOR","interaction":{"idSuffix":"inner"}},"wdio_ui5_key":"applicationmanageresources-display-component---newResourceUnit--PLANNING_INDICATOR"}]}
RESULT: undefined
COMMAND: POST /session/f199610b81d2740d08c28d2a7b12bbb6/execute/async - {"script":"<script> [776 bytes]","args":[{"enterText":"10 - infinite","selector":{"id":"application-manageresources-display-component---newResourceUnit--PLANNING_INDICATOR","interaction":{"idSuffix":"inner"}},"clearTextFirst":true,"interactionType":"ENTER_TEXT"}]}
RESULT: {"script":"<script> [776 bytes]","args":[{"enterText":"10 - infinite","selector":{"id":"application-manageresources-display-component---newResourceUnit--PLANNING_INDICATOR","interaction":{"idSuffix":"inner"}},"clearTextFirst":true,"interactionType":"ENTER_TEXT"}]}
COMMAND: POST /session/f199610b81d2740d08c28d2a7b12bbb6/element - {"using":"css selector","value":"#application-manageresources-display-component---newResourceUnit--btnAddTimeSegment"}
RESULT: {"using":"css selector","value":"#application-manageresources-display-component---newResourceUnit--btnAddTimeSegment"}
COMMAND: GET /session/f199610b81d2740d08c28d2a7b12bbb6/element/f.2BFA133D83E8FE08190C073C8C008530.d.89C05ADEAD67573F106703BE747AC421.e.20615/rect - {}
RESULT: {}
COMMAND: GET /session/f199610b81d2740d08c28d2a7b12bbb6/window/rect - {}
RESULT: {}
COMMAND: POST /session/f199610b81d2740d08c28d2a7b12bbb6/execute/sync - {"script":"<script> [92 bytes]","args":[]}
RESULT: {"script":"<script> [92 bytes]","args":[]}
COMMAND: POST /session/f199610b81d2740d08c28d2a7b12bbb6/actions - {"actions":[{"id":"action64","type":"wheel","parameters":{},"actions":[{"type":"scroll","x":-1888,"y":-32,"deltaX":0,"deltaY":0,"duration":0,"origin":{"element-6066-11e4-a52e-4f735466cecf":"f.2BFA133D83E8FE08190C073C8C008530.d.89C05ADEAD67573F106703BE747AC421.e.20615"}}]}]}
COMMAND: GET /session/f199610b81d2740d08c28d2a7b12bbb6/screenshot - {}
RESULT: {}
COMMAND: POST /session/f199610b81d2740d08c28d2a7b12bbb6/execute/sync - {"script":"<script> [79 bytes]","args":[{"element-6066-11e4-a52e-4f735466cecf":"f.2BFA133D83E8FE08190C073C8C008530.d.89C05ADEAD67573F106703BE747AC421.e.20615","ELEMENT":"f.2BFA133D83E8FE08190C073C8C008530.d.89C05ADEAD67573F106703BE747AC421.e.20615"},{"block":"start","inline":"nearest"}]}
RESULT: {"script":"<script> [79 bytes]","args":[{"element-6066-11e4-a52e-4f735466cecf":"f.2BFA133D83E8FE08190C073C8C008530.d.89C05ADEAD67573F106703BE747AC421.e.20615","ELEMENT":"f.2BFA133D83E8FE08190C073C8C008530.d.89C05ADEAD67573F106703BE747AC421.e.20615"},{"block":"start","inline":"nearest"}]}
COMMAND: POST /session/f199610b81d2740d08c28d2a7b12bbb6/execute/async - {"script":"<script> [1562 bytes]","args":[{"selector":{"id":"application-manageresources-display-component---newResourceUnit--btnAddTimeSegment","interaction":{"idSuffix":"inner"}},"wdio_ui5_key":"applicationmanageresources-display-component---newResourceUnit--btnAddTimeSegment"}]}
COMMAND: GET /session/f199610b81d2740d08c28d2a7b12bbb6/screenshot - {}
RESULT: {"script":"<script> [1562 bytes]","args":[{"selector":{"id":"application-manageresources-display-component---newResourceUnit--btnAddTimeSegment","interaction":{"idSuffix":"inner"}},"wdio_ui5_key":"applicationmanageresources-display-component---newResourceUnit--btnAddTimeSegment"}]}
RESULT: undefined
COMMAND: POST /session/f199610b81d2740d08c28d2a7b12bbb6/element - {"using":"xpath","value":"//*[@id=\"application-manageresources-display-component---newResourceUnit--btnAddTimeSegment\"]"}
RESULT: {}
RESULT: {"using":"xpath","value":"//*[@id=\"application-manageresources-display-component---newResourceUnit--btnAddTimeSegment\"]"}
COMMAND: POST /session/f199610b81d2740d08c28d2a7b12bbb6/element/f.2BFA133D83E8FE08190C073C8C008530.d.89C05ADEAD67573F106703BE747AC421.e.20615/click - {}
RESULT: {}
COMMAND: GET /session/f199610b81d2740d08c28d2a7b12bbb6/screenshot - {}
RESULT: {}
COMMAND: POST /session/f199610b81d2740d08c28d2a7b12bbb6/element - {"using":"xpath","value":"//input[@id=\"application-manageresources-display-component---newResourceUnit--idRuTSAdmin-application-manageresources-display-component---newResourceUnit--RUTimeSegment-0-inner\"]"}
RESULT: {"using":"xpath","value":"//input[@id=\"application-manageresources-display-component---newResourceUnit--idRuTSAdmin-application-manageresources-display-component---newResourceUnit--RUTimeSegment-0-inner\"]"}
COMMAND: POST /session/f199610b81d2740d08c28d2a7b12bbb6/element/f.2BFA133D83E8FE08190C073C8C008530.d.89C05ADEAD67573F106703BE747AC421.e.20620/clear - {}
RESULT: {}
COMMAND: POST /session/f199610b81d2740d08c28d2a7b12bbb6/element/f.2BFA133D83E8FE08190C073C8C008530.d.89C05ADEAD67573F106703BE747AC421.e.20620/value - {"text":"544"}
COMMAND: GET /session/f199610b81d2740d08c28d2a7b12bbb6/screenshot - {}
RESULT: {"text":"544"}
COMMAND: GET /session/f199610b81d2740d08c28d2a7b12bbb6/screenshot - {}
RESULT: {}
RESULT: {}
COMMAND: POST /session/f199610b81d2740d08c28d2a7b12bbb6/element - {"using":"xpath","value":"//li[.//span[text()='544']]"}
RESULT: {"using":"xpath","value":"//li[.//span[text()='544']]"}
COMMAND: POST /session/f199610b81d2740d08c28d2a7b12bbb6/element/f.2BFA133D83E8FE08190C073C8C008530.d.89C05ADEAD67573F106703BE747AC421.e.20629/click - {}
RESULT: {}
COMMAND: GET /session/f199610b81d2740d08c28d2a7b12bbb6/screenshot - {}
RESULT: {}
COMMAND: POST /session/f199610b81d2740d08c28d2a7b12bbb6/element - {"using":"xpath","value":"(//span[contains(@id, \"-application-manageresources-display-component---newResourceUnit--RUTimeSegment-0-arrow\")])[2]"}
RESULT: {"using":"xpath","value":"(//span[contains(@id, \"-application-manageresources-display-component---newResourceUnit--RUTimeSegment-0-arrow\")])[2]"}
COMMAND: POST /session/f199610b81d2740d08c28d2a7b12bbb6/element/f.2BFA133D83E8FE08190C073C8C008530.d.89C05ADEAD67573F106703BE747AC421.e.20630/click - {}
RESULT: {}
COMMAND: POST /session/f199610b81d2740d08c28d2a7b12bbb6/element - {"using":"xpath","value":"//span[contains(text(), \"PM Order\")]"}
COMMAND: GET /session/f199610b81d2740d08c28d2a7b12bbb6/screenshot - {}
RESULT: {"using":"xpath","value":"//span[contains(text(), \"PM Order\")]"}
COMMAND: POST /session/f199610b81d2740d08c28d2a7b12bbb6/element/f.2BFA133D83E8FE08190C073C8C008530.d.89C05ADEAD67573F106703BE747AC421.e.20631/click - {}
RESULT: {}
RESULT: {}
COMMAND: GET /session/f199610b81d2740d08c28d2a7b12bbb6/screenshot - {}
RESULT: {}
COMMAND: POST /session/f199610b81d2740d08c28d2a7b12bbb6/element - {"using":"xpath","value":"//td/div/div/div/span[contains(@id, \"newResourceUnit--RUTimeSegment-0-vhi\")][1]"}
RESULT: {"using":"xpath","value":"//td/div/div/div/span[contains(@id, \"newResourceUnit--RUTimeSegment-0-vhi\")][1]"}
COMMAND: GET /session/f199610b81d2740d08c28d2a7b12bbb6/element/f.2BFA133D83E8FE08190C073C8C008530.d.89C05ADEAD67573F106703BE747AC421.e.20635/rect - {}
RESULT: {}
COMMAND: GET /session/f199610b81d2740d08c28d2a7b12bbb6/window/rect - {}
RESULT: {}
COMMAND: POST /session/f199610b81d2740d08c28d2a7b12bbb6/execute/sync - {"script":"<script> [92 bytes]","args":[]}
RESULT: {"script":"<script> [92 bytes]","args":[]}
COMMAND: POST /session/f199610b81d2740d08c28d2a7b12bbb6/actions - {"actions":[{"id":"action65","type":"wheel","parameters":{},"actions":[{"type":"scroll","x":-1888,"y":-24,"deltaX":0,"deltaY":0,"duration":0,"origin":{"element-6066-11e4-a52e-4f735466cecf":"f.2BFA133D83E8FE08190C073C8C008530.d.89C05ADEAD67573F106703BE747AC421.e.20635"}}]}]}
COMMAND: GET /session/f199610b81d2740d08c28d2a7b12bbb6/screenshot - {}
RESULT: {}
COMMAND: POST /session/f199610b81d2740d08c28d2a7b12bbb6/execute/sync - {"script":"<script> [79 bytes]","args":[{"element-6066-11e4-a52e-4f735466cecf":"f.2BFA133D83E8FE08190C073C8C008530.d.89C05ADEAD67573F106703BE747AC421.e.20635","ELEMENT":"f.2BFA133D83E8FE08190C073C8C008530.d.89C05ADEAD67573F106703BE747AC421.e.20635"},{"block":"start","inline":"nearest"}]}
RESULT: {"script":"<script> [79 bytes]","args":[{"element-6066-11e4-a52e-4f735466cecf":"f.2BFA133D83E8FE08190C073C8C008530.d.89C05ADEAD67573F106703BE747AC421.e.20635","ELEMENT":"f.2BFA133D83E8FE08190C073C8C008530.d.89C05ADEAD67573F106703BE747AC421.e.20635"},{"block":"start","inline":"nearest"}]}
COMMAND: GET /session/f199610b81d2740d08c28d2a7b12bbb6/screenshot - {}
RESULT: {}
COMMAND: POST /session/f199610b81d2740d08c28d2a7b12bbb6/element/f.2BFA133D83E8FE08190C073C8C008530.d.89C05ADEAD67573F106703BE747AC421.e.20635/click - {}
RESULT: {}
COMMAND: GET /session/f199610b81d2740d08c28d2a7b12bbb6/screenshot - {}
RESULT: {}
COMMAND: POST /session/f199610b81d2740d08c28d2a7b12bbb6/execute/async - {"script":"<script> [1562 bytes]","args":[{"selector":{"controlType":"sap.m.SearchField","properties":{"placeholder":"Search"},"searchOpenDialogs":true,"interaction":{"idSuffix":"I"}},"wdio_ui5_key":"sapm.SearchField{\"placeholder\":\"Search\"}"}]}
RESULT: {"script":"<script> [1562 bytes]","args":[{"selector":{"controlType":"sap.m.SearchField","properties":{"placeholder":"Search"},"searchOpenDialogs":true,"interaction":{"idSuffix":"I"}},"wdio_ui5_key":"sapm.SearchField{\"placeholder\":\"Search\"}"}]}
RESULT: undefined
COMMAND: POST /session/f199610b81d2740d08c28d2a7b12bbb6/execute/async - {"script":"<script> [776 bytes]","args":[{"enterText":"4000360","selector":{"controlType":"sap.m.SearchField","properties":{"placeholder":"Search"},"searchOpenDialogs":true,"interaction":{"idSuffix":"I"}},"clearTextFirst":true,"interactionType":"ENTER_TEXT"}]}
RESULT: {"script":"<script> [776 bytes]","args":[{"enterText":"4000360","selector":{"controlType":"sap.m.SearchField","properties":{"placeholder":"Search"},"searchOpenDialogs":true,"interaction":{"idSuffix":"I"}},"clearTextFirst":true,"interactionType":"ENTER_TEXT"}]}
COMMAND: POST /session/f199610b81d2740d08c28d2a7b12bbb6/actions - {"actions":[{"id":"action66","type":"key","parameters":{},"actions":[{"type":"keyDown","value":"î€‡"},{"type":"pause","duration":10},{"type":"keyUp","value":"î€‡"}]}]}
RESULT: {"actions":[{"id":"action66","type":"key","parameters":{},"actions":[{"type":"keyDown","value":"î€‡"},{"type":"pause","duration":10},{"type":"keyUp","value":"î€‡"}]}]}
COMMAND: GET /session/f199610b81d2740d08c28d2a7b12bbb6/screenshot - {}
RESULT: {}
COMMAND: POST /session/f199610b81d2740d08c28d2a7b12bbb6/element - {"using":"xpath","value":"//td/div/span[contains(text(), \"BGL Vehicles\")]"}
RESULT: {"using":"xpath","value":"//td/div/span[contains(text(), \"BGL Vehicles\")]"}
COMMAND: POST /session/f199610b81d2740d08c28d2a7b12bbb6/element/f.2BFA133D83E8FE08190C073C8C008530.d.89C05ADEAD67573F106703BE747AC421.e.20656/click - {}
RESULT: {}
COMMAND: GET /session/f199610b81d2740d08c28d2a7b12bbb6/screenshot - {}
RESULT: {}
COMMAND: POST /session/f199610b81d2740d08c28d2a7b12bbb6/element - {"using":"xpath","value":"//bdi[contains(text(), \"OK\")]"}
RESULT: {"using":"xpath","value":"//bdi[contains(text(), \"OK\")]"}
COMMAND: POST /session/f199610b81d2740d08c28d2a7b12bbb6/element/f.2BFA133D83E8FE08190C073C8C008530.d.89C05ADEAD67573F106703BE747AC421.e.20657/click - {}
RESULT: {}
COMMAND: GET /session/f199610b81d2740d08c28d2a7b12bbb6/screenshot - {}
RESULT: {}
COMMAND: POST /session/f199610b81d2740d08c28d2a7b12bbb6/element - {"using":"xpath","value":"//label[contains(@class, 'sapMLabelRequired') and .//bdi[contains(text(), 'Planned Retirement')]]"}
RESULT: {"using":"xpath","value":"//label[contains(@class, 'sapMLabelRequired') and .//bdi[contains(text(), 'Planned Retirement')]]"}
COMMAND: POST /session/f199610b81d2740d08c28d2a7b12bbb6/elements - {"using":"xpath","value":"//label[contains(@class, 'sapMLabelRequired') and .//bdi[contains(text(), 'Planned Retirement')]]"}
RESULT: {"using":"xpath","value":"//label[contains(@class, 'sapMLabelRequired') and .//bdi[contains(text(), 'Planned Retirement')]]"}
COMMAND: POST /session/f199610b81d2740d08c28d2a7b12bbb6/element - {"using":"xpath","value":"//button[@data-kt=\"resourceUnitSaveButton\"]"}
RESULT: {"using":"xpath","value":"//button[@data-kt=\"resourceUnitSaveButton\"]"}
COMMAND: POST /session/f199610b81d2740d08c28d2a7b12bbb6/element/f.2BFA133D83E8FE08190C073C8C008530.d.89C05ADEAD67573F106703BE747AC421.e.20557/click - {}
RESULT: {}
COMMAND: GET /session/f199610b81d2740d08c28d2a7b12bbb6/screenshot - {}
RESULT: {}
COMMAND: POST /session/f199610b81d2740d08c28d2a7b12bbb6/element - {"using":"xpath","value":"//bdi[contains(text(), \"Close\")]"}
RESULT: {"using":"xpath","value":"//bdi[contains(text(), \"Close\")]"}
COMMAND: POST /session/f199610b81d2740d08c28d2a7b12bbb6/element/f.2BFA133D83E8FE08190C073C8C008530.d.89C05ADEAD67573F106703BE747AC421.e.20664/click - {}
RESULT: {}
COMMAND: GET /session/f199610b81d2740d08c28d2a7b12bbb6/screenshot - {}
RESULT: {}
COMMAND: POST /session/f199610b81d2740d08c28d2a7b12bbb6/element - {"using":"xpath","value":"//header[contains(@id, 'detailRruPage-headerTitle')]/div[1]/div[2]/div[2]/span[1]"}
RESULT: {"using":"xpath","value":"//header[contains(@id, 'detailRruPage-headerTitle')]/div[1]/div[2]/div[2]/span[1]"}
COMMAND: POST /session/f199610b81d2740d08c28d2a7b12bbb6/elements - {"using":"xpath","value":"//header[contains(@id, 'detailRruPage-headerTitle')]/div[1]/div[2]/div[2]/span[1]"}
RESULT: {"using":"xpath","value":"//header[contains(@id, 'detailRruPage-headerTitle')]/div[1]/div[2]/div[2]/span[1]"}
COMMAND: POST /session/f199610b81d2740d08c28d2a7b12bbb6/execute/sync - {"script":"<script> [56 bytes]","args":[{"element-6066-11e4-a52e-4f735466cecf":"f.2BFA133D83E8FE08190C073C8C008530.d.89C05ADEAD67573F106703BE747AC421.e.20694","ELEMENT":"f.2BFA133D83E8FE08190C073C8C008530.d.89C05ADEAD67573F106703BE747AC421.e.20694"}]}
RESULT: {"script":"<script> [56 bytes]","args":[{"element-6066-11e4-a52e-4f735466cecf":"f.2BFA133D83E8FE08190C073C8C008530.d.89C05ADEAD67573F106703BE747AC421.e.20694","ELEMENT":"f.2BFA133D83E8FE08190C073C8C008530.d.89C05ADEAD67573F106703BE747AC421.e.20694"}]}
COMMAND: POST /session/f199610b81d2740d08c28d2a7b12bbb6/element - {"using":"css selector","value":"#shell-header-logo"}
COMMAND: GET /session/f199610b81d2740d08c28d2a7b12bbb6/screenshot - {}
RESULT: {"using":"css selector","value":"#shell-header-logo"}
COMMAND: POST /session/f199610b81d2740d08c28d2a7b12bbb6/element/f.2BFA133D83E8FE08190C073C8C008530.d.89C05ADEAD67573F106703BE747AC421.e.20152/click - {}
RESULT: {}
RESULT: {}
COMMAND: GET /session/f199610b81d2740d08c28d2a7b12bbb6/screenshot - {}
RESULT: {}
]]></system-out>
    </testcase>
    <testcase classname="chrome.136_0_7103_93.windows.Return_from_Site_w/_warehouse_management_w/_clarification_US125588" name="Bin Status Report Should Create New Organization yard" time="0.004" />
    <testcase classname="chrome.136_0_7103_93.windows.Return_from_Site_w/_warehouse_management_w/_clarification_US125588" name="Bin Status Report Should Create New Organization for Site" time="0.006" />
  </testsuite>
  <testsuite timestamp="2025-05-19T09:30:17" time="497.888" tests="7" failures="1" errors="1" skipped="0">
    <properties>
      <property name="specId" value="0" />
      <property name="suiteName" value="Return from Site w/ warehouse management w clarification" />
      <property name="capabilities" value="chrome.136_0_7103_93.windows" />
      <property name="file" value="file:///D:/a/1/s/test/specs/HTR/return-from-site-w-warehouse-management-w-clarification.spec.js" />
    </properties>
    <testcase classname="chrome.136_0_7103_93.windows.Return_from_Site_w/_warehouse_management_w_clarification" name="Should do a stock increase handover" time="93.107">
      <system-out><![CDATA[
COMMAND: POST /session/f199610b81d2740d08c28d2a7b12bbb6/execute/async - {"script":"<script> [1562 bytes]","args":[{"selector":{"controlType":"sap.m.GenericTile","properties":{"header":"Manage Handovers"}},"wdio_ui5_key":"sapm.GenericTile{\"header\":\"Manage Handovers\"}"}]}
RESULT: {"script":"<script> [1562 bytes]","args":[{"selector":{"controlType":"sap.m.GenericTile","properties":{"header":"Manage Handovers"}},"wdio_ui5_key":"sapm.GenericTile{\"header\":\"Manage Handovers\"}"}]}
RESULT: undefined
COMMAND: POST /session/f199610b81d2740d08c28d2a7b12bbb6/element - {"using":"xpath","value":"//*[@id=\"__tile132\"]"}
RESULT: {"using":"xpath","value":"//*[@id=\"__tile132\"]"}
COMMAND: POST /session/f199610b81d2740d08c28d2a7b12bbb6/element/f.2BFA133D83E8FE08190C073C8C008530.d.89C05ADEAD67573F106703BE747AC421.e.20127/click - {}
RESULT: {}
COMMAND: GET /session/f199610b81d2740d08c28d2a7b12bbb6/screenshot - {}
RESULT: {}
COMMAND: POST /session/f199610b81d2740d08c28d2a7b12bbb6/elements - {"using":"xpath","value":"//span[text()='Error']"}
RESULT: {"using":"xpath","value":"//span[text()='Error']"}
COMMAND: POST /session/f199610b81d2740d08c28d2a7b12bbb6/element - {"using":"xpath","value":"//button[@data-kt=\"masterHOAddButton\"]"}
RESULT: {"using":"xpath","value":"//button[@data-kt=\"masterHOAddButton\"]"}
COMMAND: POST /session/f199610b81d2740d08c28d2a7b12bbb6/elements - {"using":"xpath","value":"//button[@data-kt=\"masterHOAddButton\"]"}
RESULT: {"using":"xpath","value":"//button[@data-kt=\"masterHOAddButton\"]"}
COMMAND: POST /session/f199610b81d2740d08c28d2a7b12bbb6/execute/sync - {"script":"<script> [8489 bytes]","args":[{"element-6066-11e4-a52e-4f735466cecf":"f.2BFA133D83E8FE08190C073C8C008530.d.89C05ADEAD67573F106703BE747AC421.e.20736","ELEMENT":"f.2BFA133D83E8FE08190C073C8C008530.d.89C05ADEAD67573F106703BE747AC421.e.20736"}]}
RESULT: {"script":"<script> [8489 bytes]","args":[{"element-6066-11e4-a52e-4f735466cecf":"f.2BFA133D83E8FE08190C073C8C008530.d.89C05ADEAD67573F106703BE747AC421.e.20736","ELEMENT":"f.2BFA133D83E8FE08190C073C8C008530.d.89C05ADEAD67573F106703BE747AC421.e.20736"}]}
COMMAND: GET /session/f199610b81d2740d08c28d2a7b12bbb6/element/f.2BFA133D83E8FE08190C073C8C008530.d.89C05ADEAD67573F106703BE747AC421.e.20736/enabled - {}
COMMAND: GET /session/f199610b81d2740d08c28d2a7b12bbb6/screenshot - {}
RESULT: {}
COMMAND: POST /session/f199610b81d2740d08c28d2a7b12bbb6/execute/sync - {"script":"<script> [8489 bytes]","args":[{"element-6066-11e4-a52e-4f735466cecf":"f.2BFA133D83E8FE08190C073C8C008530.d.89C05ADEAD67573F106703BE747AC421.e.20736","ELEMENT":"f.2BFA133D83E8FE08190C073C8C008530.d.89C05ADEAD67573F106703BE747AC421.e.20736"}]}
COMMAND: GET /session/f199610b81d2740d08c28d2a7b12bbb6/screenshot - {}
RESULT: {}
RESULT: {"script":"<script> [8489 bytes]","args":[{"element-6066-11e4-a52e-4f735466cecf":"f.2BFA133D83E8FE08190C073C8C008530.d.89C05ADEAD67573F106703BE747AC421.e.20736","ELEMENT":"f.2BFA133D83E8FE08190C073C8C008530.d.89C05ADEAD67573F106703BE747AC421.e.20736"}]}
COMMAND: POST /session/f199610b81d2740d08c28d2a7b12bbb6/execute/sync - {"script":"<script> [5351 bytes]","args":[{"element-6066-11e4-a52e-4f735466cecf":"f.2BFA133D83E8FE08190C073C8C008530.d.89C05ADEAD67573F106703BE747AC421.e.20736","ELEMENT":"f.2BFA133D83E8FE08190C073C8C008530.d.89C05ADEAD67573F106703BE747AC421.e.20736"}]}
COMMAND: GET /session/f199610b81d2740d08c28d2a7b12bbb6/screenshot - {}
RESULT: {}
RESULT: {"script":"<script> [5351 bytes]","args":[{"element-6066-11e4-a52e-4f735466cecf":"f.2BFA133D83E8FE08190C073C8C008530.d.89C05ADEAD67573F106703BE747AC421.e.20736","ELEMENT":"f.2BFA133D83E8FE08190C073C8C008530.d.89C05ADEAD67573F106703BE747AC421.e.20736"}]}
COMMAND: POST /session/f199610b81d2740d08c28d2a7b12bbb6/element/f.2BFA133D83E8FE08190C073C8C008530.d.89C05ADEAD67573F106703BE747AC421.e.20736/click - {}
COMMAND: GET /session/f199610b81d2740d08c28d2a7b12bbb6/screenshot - {}
RESULT: {}
RESULT: {}
COMMAND: GET /session/f199610b81d2740d08c28d2a7b12bbb6/screenshot - {}
RESULT: {}
RESULT: {}
COMMAND: POST /session/f199610b81d2740d08c28d2a7b12bbb6/element - {"using":"xpath","value":"//span[contains(@id ,\"AddNewHO--typeSelect-arrow\")]"}
RESULT: {"using":"xpath","value":"//span[contains(@id ,\"AddNewHO--typeSelect-arrow\")]"}
COMMAND: POST /session/f199610b81d2740d08c28d2a7b12bbb6/element/f.2BFA133D83E8FE08190C073C8C008530.d.89C05ADEAD67573F106703BE747AC421.e.21087/click - {}
RESULT: {}
COMMAND: GET /session/f199610b81d2740d08c28d2a7b12bbb6/screenshot - {}
RESULT: {}
COMMAND: POST /session/f199610b81d2740d08c28d2a7b12bbb6/element - {"using":"xpath","value":"(//li[contains(text(), \"stock increase yard\")])[1]"}
RESULT: {"using":"xpath","value":"(//li[contains(text(), \"stock increase yard\")])[1]"}
COMMAND: POST /session/f199610b81d2740d08c28d2a7b12bbb6/element/f.2BFA133D83E8FE08190C073C8C008530.d.89C05ADEAD67573F106703BE747AC421.e.21088/click - {}
RESULT: {}
COMMAND: GET /session/f199610b81d2740d08c28d2a7b12bbb6/screenshot - {}
RESULT: {}
COMMAND: POST /session/f199610b81d2740d08c28d2a7b12bbb6/execute/async - {"script":"<script> [1562 bytes]","args":[{"selector":{"id":"application-managehandovers-display-component---AddNewHO--dueDate","interaction":{"idSuffix":"inner"}},"wdio_ui5_key":"applicationmanagehandovers-display-component---AddNewHO--dueDate"}]}
RESULT: {"script":"<script> [1562 bytes]","args":[{"selector":{"id":"application-managehandovers-display-component---AddNewHO--dueDate","interaction":{"idSuffix":"inner"}},"wdio_ui5_key":"applicationmanagehandovers-display-component---AddNewHO--dueDate"}]}
RESULT: undefined
COMMAND: POST /session/f199610b81d2740d08c28d2a7b12bbb6/execute/async - {"script":"<script> [6424 bytes]","args":[{"element-6066-11e4-a52e-4f735466cecf":"f.2BFA133D83E8FE08190C073C8C008530.d.89C05ADEAD67573F106703BE747AC421.e.21090"},"setValue",["5/19/25"]]}
RESULT: {"script":"<script> [6424 bytes]","args":[{"element-6066-11e4-a52e-4f735466cecf":"f.2BFA133D83E8FE08190C073C8C008530.d.89C05ADEAD67573F106703BE747AC421.e.21090"},"setValue",["5/19/25"]]}
COMMAND: POST /session/f199610b81d2740d08c28d2a7b12bbb6/element - {"using":"xpath","value":"//input[@id=\"generalSectionFrg--receiveYard-inner\"]"}
RESULT: {"using":"xpath","value":"//input[@id=\"generalSectionFrg--receiveYard-inner\"]"}
COMMAND: POST /session/f199610b81d2740d08c28d2a7b12bbb6/element/f.2BFA133D83E8FE08190C073C8C008530.d.89C05ADEAD67573F106703BE747AC421.e.21094/clear - {}
RESULT: {}
COMMAND: POST /session/f199610b81d2740d08c28d2a7b12bbb6/element/f.2BFA133D83E8FE08190C073C8C008530.d.89C05ADEAD67573F106703BE747AC421.e.21094/value - {"text":"544"}
COMMAND: GET /session/f199610b81d2740d08c28d2a7b12bbb6/screenshot - {}
RESULT: {"text":"544"}
COMMAND: GET /session/f199610b81d2740d08c28d2a7b12bbb6/screenshot - {}
RESULT: {}
RESULT: {}
COMMAND: POST /session/f199610b81d2740d08c28d2a7b12bbb6/element - {"using":"xpath","value":"//li[.//span[text()='544']]"}
RESULT: {"using":"xpath","value":"//li[.//span[text()='544']]"}
COMMAND: POST /session/f199610b81d2740d08c28d2a7b12bbb6/element/f.2BFA133D83E8FE08190C073C8C008530.d.89C05ADEAD67573F106703BE747AC421.e.21112/click - {}
RESULT: {}
COMMAND: GET /session/f199610b81d2740d08c28d2a7b12bbb6/screenshot - {}
RESULT: {}
COMMAND: POST /session/f199610b81d2740d08c28d2a7b12bbb6/execute/async - {"script":"<script> [1562 bytes]","args":[{"selector":{"id":"application-managehandovers-display-component---AddNewHO--ObjectPageLayout-anchBar-application-managehandovers-display-component---AddNewHO--section4-anchor","interaction":{"idSuffix":"BDI-content"}},"wdio_ui5_key":"applicationmanagehandovers-display-component---AddNewHO--ObjectPageLayout-anchBar-application-managehandovers-display-component---AddNewHO--section4-anchor"}]}
RESULT: {"script":"<script> [1562 bytes]","args":[{"selector":{"id":"application-managehandovers-display-component---AddNewHO--ObjectPageLayout-anchBar-application-managehandovers-display-component---AddNewHO--section4-anchor","interaction":{"idSuffix":"BDI-content"}},"wdio_ui5_key":"applicationmanagehandovers-display-component---AddNewHO--ObjectPageLayout-anchBar-application-managehandovers-display-component---AddNewHO--section4-anchor"}]}
RESULT: undefined
COMMAND: POST /session/f199610b81d2740d08c28d2a7b12bbb6/element - {"using":"xpath","value":"//*[@id=\"application-managehandovers-display-component---AddNewHO--ObjectPageLayout-anchBar-application-managehandovers-display-component---AddNewHO--section4-anchor\"]"}
RESULT: {"using":"xpath","value":"//*[@id=\"application-managehandovers-display-component---AddNewHO--ObjectPageLayout-anchBar-application-managehandovers-display-component---AddNewHO--section4-anchor\"]"}
COMMAND: POST /session/f199610b81d2740d08c28d2a7b12bbb6/element/f.2BFA133D83E8FE08190C073C8C008530.d.89C05ADEAD67573F106703BE747AC421.e.21114/click - {}
RESULT: {}
COMMAND: POST /session/f199610b81d2740d08c28d2a7b12bbb6/element - {"using":"xpath","value":"//button[@aria-label=\"Add\"]"}
COMMAND: GET /session/f199610b81d2740d08c28d2a7b12bbb6/screenshot - {}
RESULT: {"using":"xpath","value":"//button[@aria-label=\"Add\"]"}
COMMAND: POST /session/f199610b81d2740d08c28d2a7b12bbb6/element/f.2BFA133D83E8FE08190C073C8C008530.d.89C05ADEAD67573F106703BE747AC421.e.21116/click - {}
RESULT: {}
RESULT: {}
COMMAND: GET /session/f199610b81d2740d08c28d2a7b12bbb6/screenshot - {}
RESULT: {}
COMMAND: POST /session/f199610b81d2740d08c28d2a7b12bbb6/execute/async - {"script":"<script> [1562 bytes]","args":[{"selector":{"id":"application-managehandovers-display-component---AddNewHO--smartFilterBar-btnBasicSearch","searchOpenDialogs":true,"interaction":{"idSuffix":"I"}},"wdio_ui5_key":"applicationmanagehandovers-display-component---AddNewHO--smartFilterBar-btnBasicSearch"}]}
RESULT: {"script":"<script> [1562 bytes]","args":[{"selector":{"id":"application-managehandovers-display-component---AddNewHO--smartFilterBar-btnBasicSearch","searchOpenDialogs":true,"interaction":{"idSuffix":"I"}},"wdio_ui5_key":"applicationmanagehandovers-display-component---AddNewHO--smartFilterBar-btnBasicSearch"}]}
RESULT: undefined
COMMAND: POST /session/f199610b81d2740d08c28d2a7b12bbb6/execute/async - {"script":"<script> [776 bytes]","args":[{"enterText":"200294","selector":{"id":"application-managehandovers-display-component---AddNewHO--smartFilterBar-btnBasicSearch","searchOpenDialogs":true,"interaction":{"idSuffix":"I"}},"clearTextFirst":true,"interactionType":"ENTER_TEXT"}]}
RESULT: {"script":"<script> [776 bytes]","args":[{"enterText":"200294","selector":{"id":"application-managehandovers-display-component---AddNewHO--smartFilterBar-btnBasicSearch","searchOpenDialogs":true,"interaction":{"idSuffix":"I"}},"clearTextFirst":true,"interactionType":"ENTER_TEXT"}]}
COMMAND: POST /session/f199610b81d2740d08c28d2a7b12bbb6/actions - {"actions":[{"id":"action67","type":"key","parameters":{},"actions":[{"type":"keyDown","value":"î€‡"},{"type":"pause","duration":10},{"type":"keyUp","value":"î€‡"}]}]}
RESULT: {"actions":[{"id":"action67","type":"key","parameters":{},"actions":[{"type":"keyDown","value":"î€‡"},{"type":"pause","duration":10},{"type":"keyUp","value":"î€‡"}]}]}
COMMAND: GET /session/f199610b81d2740d08c28d2a7b12bbb6/screenshot - {}
RESULT: {}
COMMAND: POST /session/f199610b81d2740d08c28d2a7b12bbb6/execute/async - {"script":"<script> [1562 bytes]","args":[{"selector":{"id":"application-managehandovers-display-component---AddNewHO--popup-sa","searchOpenDialogs":true,"interaction":{"idSuffix":"CbBg"}},"wdio_ui5_key":"applicationmanagehandovers-display-component---AddNewHO--popup-sa"}]}
RESULT: {"script":"<script> [1562 bytes]","args":[{"selector":{"id":"application-managehandovers-display-component---AddNewHO--popup-sa","searchOpenDialogs":true,"interaction":{"idSuffix":"CbBg"}},"wdio_ui5_key":"applicationmanagehandovers-display-component---AddNewHO--popup-sa"}]}
RESULT: undefined
COMMAND: POST /session/f199610b81d2740d08c28d2a7b12bbb6/element - {"using":"xpath","value":"//*[@id=\"application-managehandovers-display-component---AddNewHO--popup-sa\"]"}
RESULT: {"using":"xpath","value":"//*[@id=\"application-managehandovers-display-component---AddNewHO--popup-sa\"]"}
COMMAND: POST /session/f199610b81d2740d08c28d2a7b12bbb6/element/f.2BFA133D83E8FE08190C073C8C008530.d.89C05ADEAD67573F106703BE747AC421.e.21267/click - {}
RESULT: {}
COMMAND: GET /session/f199610b81d2740d08c28d2a7b12bbb6/screenshot - {}
RESULT: {}
COMMAND: POST /session/f199610b81d2740d08c28d2a7b12bbb6/element - {"using":"xpath","value":"//bdi[contains(text(), \"Select\")]"}
RESULT: {"using":"xpath","value":"//bdi[contains(text(), \"Select\")]"}
COMMAND: POST /session/f199610b81d2740d08c28d2a7b12bbb6/element/f.2BFA133D83E8FE08190C073C8C008530.d.89C05ADEAD67573F106703BE747AC421.e.21268/click - {}
RESULT: {}
COMMAND: GET /session/f199610b81d2740d08c28d2a7b12bbb6/screenshot - {}
RESULT: {}
COMMAND: POST /session/f199610b81d2740d08c28d2a7b12bbb6/element - {"using":"xpath","value":"//button[@data-kt=\"AddNewHOSaveButton\"]"}
RESULT: {"using":"xpath","value":"//button[@data-kt=\"AddNewHOSaveButton\"]"}
COMMAND: POST /session/f199610b81d2740d08c28d2a7b12bbb6/element/f.2BFA133D83E8FE08190C073C8C008530.d.89C05ADEAD67573F106703BE747AC421.e.21272/click - {}
RESULT: {}
COMMAND: GET /session/f199610b81d2740d08c28d2a7b12bbb6/screenshot - {}
RESULT: {}
COMMAND: POST /session/f199610b81d2740d08c28d2a7b12bbb6/execute/async - {"script":"<script> [1562 bytes]","args":[{"selector":{"id":"receiptDatePicker","viewName":"etm.portal.ui.managehandovers.view.DetailExecuteHO","interaction":{"idSuffix":"inner"}},"wdio_ui5_key":"receiptDatePickeretmportal.ui.managehandovers.view.DetailExecuteHO"}]}
RESULT: {"script":"<script> [1562 bytes]","args":[{"selector":{"id":"receiptDatePicker","viewName":"etm.portal.ui.managehandovers.view.DetailExecuteHO","interaction":{"idSuffix":"inner"}},"wdio_ui5_key":"receiptDatePickeretmportal.ui.managehandovers.view.DetailExecuteHO"}]}
RESULT: undefined
COMMAND: POST /session/f199610b81d2740d08c28d2a7b12bbb6/execute/async - {"script":"<script> [6424 bytes]","args":[{"element-6066-11e4-a52e-4f735466cecf":"f.2BFA133D83E8FE08190C073C8C008530.d.89C05ADEAD67573F106703BE747AC421.e.21291"},"setValue",["5/19/25"]]}
RESULT: {"script":"<script> [6424 bytes]","args":[{"element-6066-11e4-a52e-4f735466cecf":"f.2BFA133D83E8FE08190C073C8C008530.d.89C05ADEAD67573F106703BE747AC421.e.21291"},"setValue",["5/19/25"]]}
COMMAND: POST /session/f199610b81d2740d08c28d2a7b12bbb6/element - {"using":"xpath","value":"//button[@data-kt=\"PickingTableConfirmAllButton\"]"}
RESULT: {"using":"xpath","value":"//button[@data-kt=\"PickingTableConfirmAllButton\"]"}
COMMAND: POST /session/f199610b81d2740d08c28d2a7b12bbb6/element/f.2BFA133D83E8FE08190C073C8C008530.d.89C05ADEAD67573F106703BE747AC421.e.21308/click - {}
RESULT: {}
COMMAND: GET /session/f199610b81d2740d08c28d2a7b12bbb6/screenshot - {}
RESULT: {}
COMMAND: POST /session/f199610b81d2740d08c28d2a7b12bbb6/element - {"using":"xpath","value":"//bdi[contains(text(), \"OK\")]"}
RESULT: {"using":"xpath","value":"//bdi[contains(text(), \"OK\")]"}
COMMAND: POST /session/f199610b81d2740d08c28d2a7b12bbb6/element/f.2BFA133D83E8FE08190C073C8C008530.d.89C05ADEAD67573F106703BE747AC421.e.21310/click - {}
RESULT: {}
COMMAND: GET /session/f199610b81d2740d08c28d2a7b12bbb6/screenshot - {}
RESULT: {}
COMMAND: POST /session/f199610b81d2740d08c28d2a7b12bbb6/element - {"using":"xpath","value":"(//bdi[contains(text(), \"Receive\")])[2]"}
RESULT: {"using":"xpath","value":"(//bdi[contains(text(), \"Receive\")])[2]"}
COMMAND: POST /session/f199610b81d2740d08c28d2a7b12bbb6/element/f.2BFA133D83E8FE08190C073C8C008530.d.89C05ADEAD67573F106703BE747AC421.e.21312/click - {}
RESULT: {}
COMMAND: GET /session/f199610b81d2740d08c28d2a7b12bbb6/screenshot - {}
RESULT: {}
COMMAND: POST /session/f199610b81d2740d08c28d2a7b12bbb6/element - {"using":"css selector","value":"#shell-header-logo"}
RESULT: {"using":"css selector","value":"#shell-header-logo"}
COMMAND: POST /session/f199610b81d2740d08c28d2a7b12bbb6/element/f.2BFA133D83E8FE08190C073C8C008530.d.89C05ADEAD67573F106703BE747AC421.e.20699/click - {}
RESULT: {}
COMMAND: GET /session/f199610b81d2740d08c28d2a7b12bbb6/screenshot - {}
RESULT: {}
]]></system-out>
    </testcase>
    <testcase classname="chrome.136_0_7103_93.windows.Return_from_Site_w/_warehouse_management_w_clarification" name="Should create a new contract" time="66.727">
      <system-out><![CDATA[
COMMAND: POST /session/f199610b81d2740d08c28d2a7b12bbb6/execute/async - {"script":"<script> [1562 bytes]","args":[{"selector":{"controlType":"sap.m.GenericTile","properties":{"header":"Manage Contracts"}},"wdio_ui5_key":"sapm.GenericTile{\"header\":\"Manage Contracts\"}"}]}
RESULT: {"script":"<script> [1562 bytes]","args":[{"selector":{"controlType":"sap.m.GenericTile","properties":{"header":"Manage Contracts"}},"wdio_ui5_key":"sapm.GenericTile{\"header\":\"Manage Contracts\"}"}]}
RESULT: undefined
COMMAND: POST /session/f199610b81d2740d08c28d2a7b12bbb6/element - {"using":"xpath","value":"//*[@id=\"__tile131\"]"}
RESULT: {"using":"xpath","value":"//*[@id=\"__tile131\"]"}
COMMAND: POST /session/f199610b81d2740d08c28d2a7b12bbb6/element/f.2BFA133D83E8FE08190C073C8C008530.d.89C05ADEAD67573F106703BE747AC421.e.20059/click - {}
RESULT: {}
COMMAND: GET /session/f199610b81d2740d08c28d2a7b12bbb6/screenshot - {}
RESULT: {}
COMMAND: POST /session/f199610b81d2740d08c28d2a7b12bbb6/elements - {"using":"xpath","value":"//span[text()='Error']"}
RESULT: {"using":"xpath","value":"//span[text()='Error']"}
COMMAND: POST /session/f199610b81d2740d08c28d2a7b12bbb6/element - {"using":"xpath","value":"//button[@data-kt=\"addButton\"]"}
RESULT: {"using":"xpath","value":"//button[@data-kt=\"addButton\"]"}
COMMAND: POST /session/f199610b81d2740d08c28d2a7b12bbb6/elements - {"using":"xpath","value":"//button[@data-kt=\"addButton\"]"}
RESULT: {"using":"xpath","value":"//button[@data-kt=\"addButton\"]"}
COMMAND: POST /session/f199610b81d2740d08c28d2a7b12bbb6/execute/sync - {"script":"<script> [8489 bytes]","args":[{"element-6066-11e4-a52e-4f735466cecf":"f.2BFA133D83E8FE08190C073C8C008530.d.89C05ADEAD67573F106703BE747AC421.e.21530","ELEMENT":"f.2BFA133D83E8FE08190C073C8C008530.d.89C05ADEAD67573F106703BE747AC421.e.21530"}]}
RESULT: {"script":"<script> [8489 bytes]","args":[{"element-6066-11e4-a52e-4f735466cecf":"f.2BFA133D83E8FE08190C073C8C008530.d.89C05ADEAD67573F106703BE747AC421.e.21530","ELEMENT":"f.2BFA133D83E8FE08190C073C8C008530.d.89C05ADEAD67573F106703BE747AC421.e.21530"}]}
COMMAND: GET /session/f199610b81d2740d08c28d2a7b12bbb6/element/f.2BFA133D83E8FE08190C073C8C008530.d.89C05ADEAD67573F106703BE747AC421.e.21530/enabled - {}
COMMAND: GET /session/f199610b81d2740d08c28d2a7b12bbb6/screenshot - {}
RESULT: {}
COMMAND: POST /session/f199610b81d2740d08c28d2a7b12bbb6/execute/sync - {"script":"<script> [8489 bytes]","args":[{"element-6066-11e4-a52e-4f735466cecf":"f.2BFA133D83E8FE08190C073C8C008530.d.89C05ADEAD67573F106703BE747AC421.e.21530","ELEMENT":"f.2BFA133D83E8FE08190C073C8C008530.d.89C05ADEAD67573F106703BE747AC421.e.21530"}]}
COMMAND: GET /session/f199610b81d2740d08c28d2a7b12bbb6/screenshot - {}
RESULT: {}
RESULT: {"script":"<script> [8489 bytes]","args":[{"element-6066-11e4-a52e-4f735466cecf":"f.2BFA133D83E8FE08190C073C8C008530.d.89C05ADEAD67573F106703BE747AC421.e.21530","ELEMENT":"f.2BFA133D83E8FE08190C073C8C008530.d.89C05ADEAD67573F106703BE747AC421.e.21530"}]}
COMMAND: POST /session/f199610b81d2740d08c28d2a7b12bbb6/execute/sync - {"script":"<script> [5351 bytes]","args":[{"element-6066-11e4-a52e-4f735466cecf":"f.2BFA133D83E8FE08190C073C8C008530.d.89C05ADEAD67573F106703BE747AC421.e.21530","ELEMENT":"f.2BFA133D83E8FE08190C073C8C008530.d.89C05ADEAD67573F106703BE747AC421.e.21530"}]}
COMMAND: GET /session/f199610b81d2740d08c28d2a7b12bbb6/screenshot - {}
RESULT: {}
RESULT: {"script":"<script> [5351 bytes]","args":[{"element-6066-11e4-a52e-4f735466cecf":"f.2BFA133D83E8FE08190C073C8C008530.d.89C05ADEAD67573F106703BE747AC421.e.21530","ELEMENT":"f.2BFA133D83E8FE08190C073C8C008530.d.89C05ADEAD67573F106703BE747AC421.e.21530"}]}
COMMAND: GET /session/f199610b81d2740d08c28d2a7b12bbb6/screenshot - {}
RESULT: {}
RESULT: {}
COMMAND: POST /session/f199610b81d2740d08c28d2a7b12bbb6/element/f.2BFA133D83E8FE08190C073C8C008530.d.89C05ADEAD67573F106703BE747AC421.e.21530/click - {}
RESULT: {}
COMMAND: GET /session/f199610b81d2740d08c28d2a7b12bbb6/screenshot - {}
COMMAND: POST /session/f199610b81d2740d08c28d2a7b12bbb6/execute/async - {"script":"<script> [1562 bytes]","args":[{"selector":{"id":"application-managecontracts-display-component---AddNewContract--projectDescription","interaction":{"idSuffix":"inner"}},"wdio_ui5_key":"applicationmanagecontracts-display-component---AddNewContract--projectDescription"}]}
RESULT: {}
RESULT: {"script":"<script> [1562 bytes]","args":[{"selector":{"id":"application-managecontracts-display-component---AddNewContract--projectDescription","interaction":{"idSuffix":"inner"}},"wdio_ui5_key":"applicationmanagecontracts-display-component---AddNewContract--projectDescription"}]}
RESULT: undefined
COMMAND: POST /session/f199610b81d2740d08c28d2a7b12bbb6/execute/async - {"script":"<script> [776 bytes]","args":[{"enterText":"Contract WDIO","selector":{"id":"application-managecontracts-display-component---AddNewContract--projectDescription","interaction":{"idSuffix":"inner"}},"clearTextFirst":true,"interactionType":"ENTER_TEXT"}]}
RESULT: {"script":"<script> [776 bytes]","args":[{"enterText":"Contract WDIO","selector":{"id":"application-managecontracts-display-component---AddNewContract--projectDescription","interaction":{"idSuffix":"inner"}},"clearTextFirst":true,"interactionType":"ENTER_TEXT"}]}
COMMAND: POST /session/f199610b81d2740d08c28d2a7b12bbb6/element - {"using":"xpath","value":"//input[@id=\"application-managecontracts-display-component---AddNewContract--site-inner\"]"}
RESULT: {"using":"xpath","value":"//input[@id=\"application-managecontracts-display-component---AddNewContract--site-inner\"]"}
COMMAND: POST /session/f199610b81d2740d08c28d2a7b12bbb6/element/f.2BFA133D83E8FE08190C073C8C008530.d.89C05ADEAD67573F106703BE747AC421.e.21888/clear - {}
RESULT: {}
COMMAND: POST /session/f199610b81d2740d08c28d2a7b12bbb6/element/f.2BFA133D83E8FE08190C073C8C008530.d.89C05ADEAD67573F106703BE747AC421.e.21888/value - {"text":"2269"}
COMMAND: GET /session/f199610b81d2740d08c28d2a7b12bbb6/screenshot - {}
RESULT: {"text":"2269"}
COMMAND: GET /session/f199610b81d2740d08c28d2a7b12bbb6/screenshot - {}
RESULT: {}
RESULT: {}
COMMAND: POST /session/f199610b81d2740d08c28d2a7b12bbb6/element - {"using":"xpath","value":"//li[.//span[text()='2269']]"}
RESULT: {"using":"xpath","value":"//li[.//span[text()='2269']]"}
COMMAND: POST /session/f199610b81d2740d08c28d2a7b12bbb6/element/f.2BFA133D83E8FE08190C073C8C008530.d.89C05ADEAD67573F106703BE747AC421.e.21925/click - {}
RESULT: {}
COMMAND: GET /session/f199610b81d2740d08c28d2a7b12bbb6/screenshot - {}
RESULT: {}
COMMAND: POST /session/f199610b81d2740d08c28d2a7b12bbb6/element - {"using":"xpath","value":"//input[@id=\"application-managecontracts-display-component---AddNewContract--yardId-inner\"]"}
RESULT: {"using":"xpath","value":"//input[@id=\"application-managecontracts-display-component---AddNewContract--yardId-inner\"]"}
COMMAND: GET /session/f199610b81d2740d08c28d2a7b12bbb6/element/f.2BFA133D83E8FE08190C073C8C008530.d.89C05ADEAD67573F106703BE747AC421.e.21889/property/value - {}
RESULT: {}
COMMAND: POST /session/f199610b81d2740d08c28d2a7b12bbb6/element - {"using":"xpath","value":"//input[@id=\"application-managecontracts-display-component---AddNewContract--customerSelect-inner\"]"}
COMMAND: GET /session/f199610b81d2740d08c28d2a7b12bbb6/screenshot - {}
RESULT: {"using":"xpath","value":"//input[@id=\"application-managecontracts-display-component---AddNewContract--customerSelect-inner\"]"}
COMMAND: POST /session/f199610b81d2740d08c28d2a7b12bbb6/element/f.2BFA133D83E8FE08190C073C8C008530.d.89C05ADEAD67573F106703BE747AC421.e.21887/clear - {}
RESULT: {}
RESULT: {}
COMMAND: POST /session/f199610b81d2740d08c28d2a7b12bbb6/element/f.2BFA133D83E8FE08190C073C8C008530.d.89C05ADEAD67573F106703BE747AC421.e.21887/value - {"text":"1322"}
COMMAND: GET /session/f199610b81d2740d08c28d2a7b12bbb6/screenshot - {}
RESULT: {"text":"1322"}
COMMAND: GET /session/f199610b81d2740d08c28d2a7b12bbb6/screenshot - {}
RESULT: {}
RESULT: {}
COMMAND: POST /session/f199610b81d2740d08c28d2a7b12bbb6/element - {"using":"xpath","value":"//li[.//span[text()='1322']]"}
RESULT: {"using":"xpath","value":"//li[.//span[text()='1322']]"}
COMMAND: POST /session/f199610b81d2740d08c28d2a7b12bbb6/element/f.2BFA133D83E8FE08190C073C8C008530.d.89C05ADEAD67573F106703BE747AC421.e.21928/click - {}
RESULT: {}
COMMAND: GET /session/f199610b81d2740d08c28d2a7b12bbb6/screenshot - {}
RESULT: {}
COMMAND: POST /session/f199610b81d2740d08c28d2a7b12bbb6/element - {"using":"xpath","value":"//button[@data-kt=\"saveButton\"]"}
RESULT: {"using":"xpath","value":"//button[@data-kt=\"saveButton\"]"}
COMMAND: POST /session/f199610b81d2740d08c28d2a7b12bbb6/element/f.2BFA133D83E8FE08190C073C8C008530.d.89C05ADEAD67573F106703BE747AC421.e.21929/click - {}
RESULT: {}
COMMAND: GET /session/f199610b81d2740d08c28d2a7b12bbb6/screenshot - {}
RESULT: {}
COMMAND: POST /session/f199610b81d2740d08c28d2a7b12bbb6/element - {"using":"xpath","value":"//span[contains(@id ,\"contractDetailTitleNoExpanded\")]"}
RESULT: {"using":"xpath","value":"//span[contains(@id ,\"contractDetailTitleNoExpanded\")]"}
COMMAND: POST /session/f199610b81d2740d08c28d2a7b12bbb6/elements - {"using":"xpath","value":"//span[contains(@id ,\"contractDetailTitleNoExpanded\")]"}
RESULT: {"using":"xpath","value":"//span[contains(@id ,\"contractDetailTitleNoExpanded\")]"}
COMMAND: POST /session/f199610b81d2740d08c28d2a7b12bbb6/execute/sync - {"script":"<script> [56 bytes]","args":[{"element-6066-11e4-a52e-4f735466cecf":"f.2BFA133D83E8FE08190C073C8C008530.d.89C05ADEAD67573F106703BE747AC421.e.21940","ELEMENT":"f.2BFA133D83E8FE08190C073C8C008530.d.89C05ADEAD67573F106703BE747AC421.e.21940"}]}
RESULT: {"script":"<script> [56 bytes]","args":[{"element-6066-11e4-a52e-4f735466cecf":"f.2BFA133D83E8FE08190C073C8C008530.d.89C05ADEAD67573F106703BE747AC421.e.21940","ELEMENT":"f.2BFA133D83E8FE08190C073C8C008530.d.89C05ADEAD67573F106703BE747AC421.e.21940"}]}
COMMAND: GET /session/f199610b81d2740d08c28d2a7b12bbb6/screenshot - {}
RESULT: {}
]]></system-out>
    </testcase>
    <testcase classname="chrome.136_0_7103_93.windows.Return_from_Site_w/_warehouse_management_w_clarification" name="Should add equipment to the contract" time="58.052">
      <system-out><![CDATA[
COMMAND: POST /session/f199610b81d2740d08c28d2a7b12bbb6/element - {"using":"xpath","value":"//button[@data-kt=\"contractDetailEditBtnButton\"]"}
RESULT: {"using":"xpath","value":"//button[@data-kt=\"contractDetailEditBtnButton\"]"}
COMMAND: POST /session/f199610b81d2740d08c28d2a7b12bbb6/element/f.2BFA133D83E8FE08190C073C8C008530.d.89C05ADEAD67573F106703BE747AC421.e.21941/click - {}
RESULT: {}
COMMAND: GET /session/f199610b81d2740d08c28d2a7b12bbb6/screenshot - {}
RESULT: {}
COMMAND: POST /session/f199610b81d2740d08c28d2a7b12bbb6/element - {"using":"xpath","value":"(//span[contains(text(), \"Additional Addresses\")])[2]"}
RESULT: {"using":"xpath","value":"(//span[contains(text(), \"Additional Addresses\")])[2]"}
COMMAND: POST /session/f199610b81d2740d08c28d2a7b12bbb6/element/f.2BFA133D83E8FE08190C073C8C008530.d.89C05ADEAD67573F106703BE747AC421.e.21998/click - {}
RESULT: {}
COMMAND: GET /session/f199610b81d2740d08c28d2a7b12bbb6/screenshot - {}
RESULT: {}
COMMAND: POST /session/f199610b81d2740d08c28d2a7b12bbb6/element - {"using":"xpath","value":"//button[@data-kt=\"btnAddTableRowOverflowToolbarButton\"]"}
RESULT: {"using":"xpath","value":"//button[@data-kt=\"btnAddTableRowOverflowToolbarButton\"]"}
COMMAND: POST /session/f199610b81d2740d08c28d2a7b12bbb6/element/f.2BFA133D83E8FE08190C073C8C008530.d.89C05ADEAD67573F106703BE747AC421.e.22001/click - {}
RESULT: {}
COMMAND: GET /session/f199610b81d2740d08c28d2a7b12bbb6/screenshot - {}
RESULT: {}
COMMAND: POST /session/f199610b81d2740d08c28d2a7b12bbb6/element - {"using":"xpath","value":"//div[(text() = 'Standard Entry' or . = 'Standard Entry')]"}
RESULT: {"using":"xpath","value":"//div[(text() = 'Standard Entry' or . = 'Standard Entry')]"}
COMMAND: POST /session/f199610b81d2740d08c28d2a7b12bbb6/element/f.2BFA133D83E8FE08190C073C8C008530.d.89C05ADEAD67573F106703BE747AC421.e.22003/click - {}
RESULT: {}
COMMAND: GET /session/f199610b81d2740d08c28d2a7b12bbb6/screenshot - {}
RESULT: {}
COMMAND: POST /session/f199610b81d2740d08c28d2a7b12bbb6/element - {"using":"xpath","value":"//td[6]/div/div/div/span"}
RESULT: {"using":"xpath","value":"//td[6]/div/div/div/span"}
COMMAND: POST /session/f199610b81d2740d08c28d2a7b12bbb6/element/f.2BFA133D83E8FE08190C073C8C008530.d.89C05ADEAD67573F106703BE747AC421.e.22015/click - {}
RESULT: {}
COMMAND: GET /session/f199610b81d2740d08c28d2a7b12bbb6/screenshot - {}
RESULT: {}
COMMAND: POST /session/f199610b81d2740d08c28d2a7b12bbb6/element - {"using":"xpath","value":"(//span[contains(text(), \"Material\")])"}
RESULT: {"using":"xpath","value":"(//span[contains(text(), \"Material\")])"}
COMMAND: POST /session/f199610b81d2740d08c28d2a7b12bbb6/element/f.2BFA133D83E8FE08190C073C8C008530.d.89C05ADEAD67573F106703BE747AC421.e.22016/click - {}
RESULT: {}
COMMAND: GET /session/f199610b81d2740d08c28d2a7b12bbb6/screenshot - {}
RESULT: {}
COMMAND: POST /session/f199610b81d2740d08c28d2a7b12bbb6/element - {"using":"xpath","value":"//td[7]/div/div/input"}
RESULT: {"using":"xpath","value":"//td[7]/div/div/input"}
COMMAND: POST /session/f199610b81d2740d08c28d2a7b12bbb6/element/f.2BFA133D83E8FE08190C073C8C008530.d.89C05ADEAD67573F106703BE747AC421.e.22020/clear - {}
RESULT: {}
COMMAND: POST /session/f199610b81d2740d08c28d2a7b12bbb6/element/f.2BFA133D83E8FE08190C073C8C008530.d.89C05ADEAD67573F106703BE747AC421.e.22020/value - {"text":"200294"}
COMMAND: GET /session/f199610b81d2740d08c28d2a7b12bbb6/screenshot - {}
RESULT: {"text":"200294"}
COMMAND: GET /session/f199610b81d2740d08c28d2a7b12bbb6/screenshot - {}
RESULT: {}
RESULT: {}
COMMAND: POST /session/f199610b81d2740d08c28d2a7b12bbb6/actions - {"actions":[{"id":"action68","type":"key","parameters":{},"actions":[{"type":"keyDown","value":"î€‡"},{"type":"pause","duration":10},{"type":"keyUp","value":"î€‡"}]}]}
RESULT: {"actions":[{"id":"action68","type":"key","parameters":{},"actions":[{"type":"keyDown","value":"î€‡"},{"type":"pause","duration":10},{"type":"keyUp","value":"î€‡"}]}]}
COMMAND: GET /session/f199610b81d2740d08c28d2a7b12bbb6/screenshot - {}
RESULT: {}
COMMAND: POST /session/f199610b81d2740d08c28d2a7b12bbb6/execute/sync - {"script":"<script> [276 bytes]","args":["No pricing information was found"]}
RESULT: {"script":"<script> [276 bytes]","args":["No pricing information was found"]}
COMMAND: POST /session/f199610b81d2740d08c28d2a7b12bbb6/element - {"using":"xpath","value":"//bdi[contains(text(), \"OK\")]"}
COMMAND: GET /session/f199610b81d2740d08c28d2a7b12bbb6/screenshot - {}
RESULT: {"using":"xpath","value":"//bdi[contains(text(), \"OK\")]"}
COMMAND: POST /session/f199610b81d2740d08c28d2a7b12bbb6/element/f.2BFA133D83E8FE08190C073C8C008530.d.89C05ADEAD67573F106703BE747AC421.e.22046/click - {}
RESULT: {}
RESULT: {}
COMMAND: GET /session/f199610b81d2740d08c28d2a7b12bbb6/screenshot - {}
RESULT: {}
COMMAND: POST /session/f199610b81d2740d08c28d2a7b12bbb6/element - {"using":"xpath","value":"(//button[@data-kt=\"saveButton\"])[2]"}
RESULT: {"using":"xpath","value":"(//button[@data-kt=\"saveButton\"])[2]"}
COMMAND: POST /session/f199610b81d2740d08c28d2a7b12bbb6/element/f.2BFA133D83E8FE08190C073C8C008530.d.89C05ADEAD67573F106703BE747AC421.e.22047/click - {}
RESULT: {}
COMMAND: GET /session/f199610b81d2740d08c28d2a7b12bbb6/screenshot - {}
RESULT: {}
COMMAND: POST /session/f199610b81d2740d08c28d2a7b12bbb6/execute/sync - {"script":"<script> [276 bytes]","args":["Some contract items are having rental validity exceeding header rental validity"]}
RESULT: {"script":"<script> [276 bytes]","args":["Some contract items are having rental validity exceeding header rental validity"]}
COMMAND: GET /session/f199610b81d2740d08c28d2a7b12bbb6/screenshot - {}
RESULT: {}
COMMAND: POST /session/f199610b81d2740d08c28d2a7b12bbb6/element - {"using":"xpath","value":"//span[contains(@id ,\"contractItemsSmartTable-header-inner\")]"}
RESULT: {"using":"xpath","value":"//span[contains(@id ,\"contractItemsSmartTable-header-inner\")]"}
COMMAND: POST /session/f199610b81d2740d08c28d2a7b12bbb6/elements - {"using":"xpath","value":"//span[contains(@id ,\"contractItemsSmartTable-header-inner\")]"}
RESULT: {"using":"xpath","value":"//span[contains(@id ,\"contractItemsSmartTable-header-inner\")]"}
COMMAND: POST /session/f199610b81d2740d08c28d2a7b12bbb6/execute/sync - {"script":"<script> [56 bytes]","args":[{"element-6066-11e4-a52e-4f735466cecf":"f.2BFA133D83E8FE08190C073C8C008530.d.89C05ADEAD67573F106703BE747AC421.e.22051","ELEMENT":"f.2BFA133D83E8FE08190C073C8C008530.d.89C05ADEAD67573F106703BE747AC421.e.22051"}]}
RESULT: {"script":"<script> [56 bytes]","args":[{"element-6066-11e4-a52e-4f735466cecf":"f.2BFA133D83E8FE08190C073C8C008530.d.89C05ADEAD67573F106703BE747AC421.e.22051","ELEMENT":"f.2BFA133D83E8FE08190C073C8C008530.d.89C05ADEAD67573F106703BE747AC421.e.22051"}]}
]]></system-out>
    </testcase>
    <testcase classname="chrome.136_0_7103_93.windows.Return_from_Site_w/_warehouse_management_w_clarification" name="Should provide to site" time="48.405">
      <system-out><![CDATA[
COMMAND: POST /session/f199610b81d2740d08c28d2a7b12bbb6/element - {"using":"xpath","value":"//button[@data-kt=\"provideButton\"]"}
COMMAND: GET /session/f199610b81d2740d08c28d2a7b12bbb6/screenshot - {}
RESULT: {"using":"xpath","value":"//button[@data-kt=\"provideButton\"]"}
COMMAND: POST /session/f199610b81d2740d08c28d2a7b12bbb6/element/f.2BFA133D83E8FE08190C073C8C008530.d.89C05ADEAD67573F106703BE747AC421.e.22052/click - {}
RESULT: {}
RESULT: {}
COMMAND: GET /session/f199610b81d2740d08c28d2a7b12bbb6/screenshot - {}
RESULT: {}
RESULT: undefined
COMMAND: POST /session/f199610b81d2740d08c28d2a7b12bbb6/execute/async - {"script":"<script> [6424 bytes]","args":[{"element-6066-11e4-a52e-4f735466cecf":"f.2BFA133D83E8FE08190C073C8C008530.d.89C05ADEAD67573F106703BE747AC421.e.21090"},"setValue",["05/19/25"]]}
COMMAND: POST /session/f199610b81d2740d08c28d2a7b12bbb6/execute/async - {"script":"<script> [1562 bytes]","args":[{"selector":{"id":"application-managehandovers-display-component---AddNewHO--dueDate","interaction":{"idSuffix":"inner"}},"wdio_ui5_key":"applicationmanagehandovers-display-component---AddNewHO--dueDate"}]}
RESULT: {"script":"<script> [1562 bytes]","args":[{"selector":{"id":"application-managehandovers-display-component---AddNewHO--dueDate","interaction":{"idSuffix":"inner"}},"wdio_ui5_key":"applicationmanagehandovers-display-component---AddNewHO--dueDate"}]}
COMMAND: POST /session/f199610b81d2740d08c28d2a7b12bbb6/execute/async - {"script":"<script> [6424 bytes]","args":[{"element-6066-11e4-a52e-4f735466cecf":"f.2BFA133D83E8FE08190C073C8C008530.d.89C05ADEAD67573F106703BE747AC421.e.22142"},"setValue",["05/19/25"]]}
RESULT: {"script":"<script> [6424 bytes]","args":[{"element-6066-11e4-a52e-4f735466cecf":"f.2BFA133D83E8FE08190C073C8C008530.d.89C05ADEAD67573F106703BE747AC421.e.22142"},"setValue",["05/19/25"]]}
COMMAND: POST /session/f199610b81d2740d08c28d2a7b12bbb6/element - {"using":"xpath","value":"//bdi[contains(text(), \"Instructions\")]"}
RESULT: {"using":"xpath","value":"//bdi[contains(text(), \"Instructions\")]"}
COMMAND: POST /session/f199610b81d2740d08c28d2a7b12bbb6/element/f.2BFA133D83E8FE08190C073C8C008530.d.89C05ADEAD67573F106703BE747AC421.e.22364/click - {}
RESULT: {}
COMMAND: GET /session/f199610b81d2740d08c28d2a7b12bbb6/screenshot - {}
RESULT: {}
COMMAND: POST /session/f199610b81d2740d08c28d2a7b12bbb6/element - {"using":"xpath","value":"//button[@data-kt=\"AddNewHOProvideAddItemsButton\"]"}
RESULT: {"using":"xpath","value":"//button[@data-kt=\"AddNewHOProvideAddItemsButton\"]"}
COMMAND: POST /session/f199610b81d2740d08c28d2a7b12bbb6/element/f.2BFA133D83E8FE08190C073C8C008530.d.89C05ADEAD67573F106703BE747AC421.e.22368/click - {}
RESULT: {}
COMMAND: GET /session/f199610b81d2740d08c28d2a7b12bbb6/screenshot - {}
RESULT: undefined
COMMAND: POST /session/f199610b81d2740d08c28d2a7b12bbb6/element - {"using":"xpath","value":"//*[@id=\"application-managehandovers-display-component---AddNewHO--popup-sa\"]"}
RESULT: {}
RESULT: {"using":"xpath","value":"//*[@id=\"application-managehandovers-display-component---AddNewHO--popup-sa\"]"}
COMMAND: POST /session/f199610b81d2740d08c28d2a7b12bbb6/element/f.2BFA133D83E8FE08190C073C8C008530.d.89C05ADEAD67573F106703BE747AC421.e.22380/click - {}
RESULT: {}
COMMAND: GET /session/f199610b81d2740d08c28d2a7b12bbb6/screenshot - {}
RESULT: {}
COMMAND: POST /session/f199610b81d2740d08c28d2a7b12bbb6/element - {"using":"xpath","value":"//*[contains(@id ,\"BDI-content\")][contains(text(), \"Select\")]"}
RESULT: {"using":"xpath","value":"//*[contains(@id ,\"BDI-content\")][contains(text(), \"Select\")]"}
COMMAND: POST /session/f199610b81d2740d08c28d2a7b12bbb6/element/f.2BFA133D83E8FE08190C073C8C008530.d.89C05ADEAD67573F106703BE747AC421.e.22381/click - {}
RESULT: {}
COMMAND: GET /session/f199610b81d2740d08c28d2a7b12bbb6/screenshot - {}
RESULT: {}
COMMAND: POST /session/f199610b81d2740d08c28d2a7b12bbb6/element - {"using":"xpath","value":"//bdi[(text() = 'Save' or . = 'Save')]"}
RESULT: {"using":"xpath","value":"//bdi[(text() = 'Save' or . = 'Save')]"}
COMMAND: POST /session/f199610b81d2740d08c28d2a7b12bbb6/element/f.2BFA133D83E8FE08190C073C8C008530.d.89C05ADEAD67573F106703BE747AC421.e.22384/click - {}
RESULT: {}
COMMAND: GET /session/f199610b81d2740d08c28d2a7b12bbb6/screenshot - {}
RESULT: {}
]]></system-out>
    </testcase>
    <testcase classname="chrome.136_0_7103_93.windows.Return_from_Site_w/_warehouse_management_w_clarification" name="Should test for Handover Execution" time="160.44">
      <system-out><![CDATA[
COMMAND: POST /session/f199610b81d2740d08c28d2a7b12bbb6/execute/async - {"script":"<script> [1562 bytes]","args":[{"selector":{"controlType":"sap.m.Link","viewName":"etm.portal.ui.managehandovers.view.DetailExecuteHO","bindingPath":{"path":"","propertyPath":"/wmDoc","modelName":"warehouseMovModel"}},"wdio_ui5_key":"etmportal.ui.managehandovers.view.DetailExecuteHOsap.m.Link{\"path\":\"\",\"propertyPath\":\"/wmDoc\",\"modelName\":\"warehouseMovModel\"}"}]}
RESULT: {"script":"<script> [1562 bytes]","args":[{"selector":{"controlType":"sap.m.Link","viewName":"etm.portal.ui.managehandovers.view.DetailExecuteHO","bindingPath":{"path":"","propertyPath":"/wmDoc","modelName":"warehouseMovModel"}},"wdio_ui5_key":"etmportal.ui.managehandovers.view.DetailExecuteHOsap.m.Link{\"path\":\"\",\"propertyPath\":\"/wmDoc\",\"modelName\":\"warehouseMovModel\"}"}]}
RESULT: undefined
COMMAND: POST /session/f199610b81d2740d08c28d2a7b12bbb6/element - {"using":"xpath","value":"//*[@id=\"__link81\"]"}
RESULT: {"using":"xpath","value":"//*[@id=\"__link81\"]"}
COMMAND: POST /session/f199610b81d2740d08c28d2a7b12bbb6/element/f.2BFA133D83E8FE08190C073C8C008530.d.89C05ADEAD67573F106703BE747AC421.e.22416/click - {}
RESULT: {}
COMMAND: GET /session/f199610b81d2740d08c28d2a7b12bbb6/screenshot - {}
RESULT: {}
COMMAND: POST /session/f199610b81d2740d08c28d2a7b12bbb6/execute/async - {"script":"<script> [1562 bytes]","args":[{"selector":{"controlType":"sap.m.Link","viewName":"etm.portal.ui.managehandovers.view.DetailExecuteHO","properties":{"text":"Warehouse Overview"},"searchOpenDialogs":true},"wdio_ui5_key":"etmportal.ui.managehandovers.view.DetailExecuteHOsap.m.Link{\"text\":\"Warehouse Overview\"}"}]}
RESULT: {"script":"<script> [1562 bytes]","args":[{"selector":{"controlType":"sap.m.Link","viewName":"etm.portal.ui.managehandovers.view.DetailExecuteHO","properties":{"text":"Warehouse Overview"},"searchOpenDialogs":true},"wdio_ui5_key":"etmportal.ui.managehandovers.view.DetailExecuteHOsap.m.Link{\"text\":\"Warehouse Overview\"}"}]}
RESULT: undefined
COMMAND: POST /session/f199610b81d2740d08c28d2a7b12bbb6/element - {"using":"xpath","value":"//*[@id=\"__link96\"]"}
RESULT: {"using":"xpath","value":"//*[@id=\"__link96\"]"}
COMMAND: POST /session/f199610b81d2740d08c28d2a7b12bbb6/element/f.2BFA133D83E8FE08190C073C8C008530.d.89C05ADEAD67573F106703BE747AC421.e.22420/click - {}
RESULT: {}
COMMAND: GET /session/f199610b81d2740d08c28d2a7b12bbb6/screenshot - {}
RESULT: {}
COMMAND: POST /session/f199610b81d2740d08c28d2a7b12bbb6/execute/async - {"script":"<script> [1562 bytes]","args":[{"selector":{"controlType":"sap.m.Button","viewName":"etm.portal.ui.warehousemovements.view.DisplayMovement","viewId":"application-warehousemovements-display-component---displayMovement","i18NText":{"propertyName":"text","key":"execution"},"interaction":{"idSuffix":"BDI-content"}},"wdio_ui5_key":"etmportal.ui.warehousemovements.view.DisplayMovementsap.m.Button{\"propertyName\":\"text\",\"key\":\"execution\"}"}]}
RESULT: {"script":"<script> [1562 bytes]","args":[{"selector":{"controlType":"sap.m.Button","viewName":"etm.portal.ui.warehousemovements.view.DisplayMovement","viewId":"application-warehousemovements-display-component---displayMovement","i18NText":{"propertyName":"text","key":"execution"},"interaction":{"idSuffix":"BDI-content"}},"wdio_ui5_key":"etmportal.ui.warehousemovements.view.DisplayMovementsap.m.Button{\"propertyName\":\"text\",\"key\":\"execution\"}"}]}
RESULT: undefined
COMMAND: POST /session/f199610b81d2740d08c28d2a7b12bbb6/element - {"using":"xpath","value":"//*[@id=\"__button219\"]"}
RESULT: {"using":"xpath","value":"//*[@id=\"__button219\"]"}
COMMAND: POST /session/f199610b81d2740d08c28d2a7b12bbb6/element/f.2BFA133D83E8FE08190C073C8C008530.d.89C05ADEAD67573F106703BE747AC421.e.22553/click - {}
RESULT: {}
COMMAND: GET /session/f199610b81d2740d08c28d2a7b12bbb6/screenshot - {}
RESULT: {}
COMMAND: POST /session/f199610b81d2740d08c28d2a7b12bbb6/execute/async - {"script":"<script> [1562 bytes]","args":[{"selector":{"controlType":"sap.m.Button","viewName":"etm.portal.ui.warehousemovements.view.ExecuteMovement","viewId":"application-warehousemovements-display-component---executeMovement","properties":{"text":"Items"},"interaction":{"idSuffix":"BDI-content"}},"wdio_ui5_key":"etmportal.ui.warehousemovements.view.ExecuteMovementsap.m.Button{\"text\":\"Items\"}"}]}
RESULT: {"script":"<script> [1562 bytes]","args":[{"selector":{"controlType":"sap.m.Button","viewName":"etm.portal.ui.warehousemovements.view.ExecuteMovement","viewId":"application-warehousemovements-display-component---executeMovement","properties":{"text":"Items"},"interaction":{"idSuffix":"BDI-content"}},"wdio_ui5_key":"etmportal.ui.warehousemovements.view.ExecuteMovementsap.m.Button{\"text\":\"Items\"}"}]}
RESULT: undefined
COMMAND: POST /session/f199610b81d2740d08c28d2a7b12bbb6/element - {"using":"xpath","value":"//*[@id=\"__layout353-anchBar-application-warehousemovements-display-component---executeMovement--itemsSection-anchor\"]"}
RESULT: {"using":"xpath","value":"//*[@id=\"__layout353-anchBar-application-warehousemovements-display-component---executeMovement--itemsSection-anchor\"]"}
COMMAND: POST /session/f199610b81d2740d08c28d2a7b12bbb6/element/f.2BFA133D83E8FE08190C073C8C008530.d.89C05ADEAD67573F106703BE747AC421.e.22654/click - {}
RESULT: {}
COMMAND: GET /session/f199610b81d2740d08c28d2a7b12bbb6/screenshot - {}
RESULT: {}
COMMAND: POST /session/f199610b81d2740d08c28d2a7b12bbb6/execute/async - {"script":"<script> [1562 bytes]","args":[{"selector":{"controlType":"sap.m.ToggleButton","viewName":"etm.portal.ui.warehousemovements.view.ExecuteMovement","viewId":"application-warehousemovements-display-component---executeMovement","bindingPath":{"propertyPath":"STATUS","modelName":"catalogModel"},"interaction":{"idSuffix":"BDI-content"}},"wdio_ui5_key":"etmportal.ui.warehousemovements.view.ExecuteMovementsap.m.ToggleButton{\"propertyPath\":\"STATUS\",\"modelName\":\"catalogModel\"}"}]}
RESULT: {"script":"<script> [1562 bytes]","args":[{"selector":{"controlType":"sap.m.ToggleButton","viewName":"etm.portal.ui.warehousemovements.view.ExecuteMovement","viewId":"application-warehousemovements-display-component---executeMovement","bindingPath":{"propertyPath":"STATUS","modelName":"catalogModel"},"interaction":{"idSuffix":"BDI-content"}},"wdio_ui5_key":"etmportal.ui.warehousemovements.view.ExecuteMovementsap.m.ToggleButton{\"propertyPath\":\"STATUS\",\"modelName\":\"catalogModel\"}"}]}
RESULT: undefined
COMMAND: POST /session/f199610b81d2740d08c28d2a7b12bbb6/element - {"using":"xpath","value":"//*[@id=\"__button242-__clone3339\"]"}
RESULT: {"using":"xpath","value":"//*[@id=\"__button242-__clone3339\"]"}
COMMAND: POST /session/f199610b81d2740d08c28d2a7b12bbb6/element/f.2BFA133D83E8FE08190C073C8C008530.d.89C05ADEAD67573F106703BE747AC421.e.22659/click - {}
RESULT: {}
RESULT: undefined
COMMAND: POST /session/f199610b81d2740d08c28d2a7b12bbb6/element - {"using":"xpath","value":"//*[@id=\"__button242-__clone3339\"]"}
COMMAND: GET /session/f199610b81d2740d08c28d2a7b12bbb6/screenshot - {}
RESULT: {"using":"xpath","value":"//*[@id=\"__button242-__clone3339\"]"}
COMMAND: POST /session/f199610b81d2740d08c28d2a7b12bbb6/element/f.2BFA133D83E8FE08190C073C8C008530.d.89C05ADEAD67573F106703BE747AC421.e.22659/click - {}
RESULT: {}
RESULT: {}
COMMAND: GET /session/f199610b81d2740d08c28d2a7b12bbb6/screenshot - {}
RESULT: {}
COMMAND: POST /session/f199610b81d2740d08c28d2a7b12bbb6/element - {"using":"xpath","value":"//section[contains(@id,\"FC-NoHead\")]/div[1]/div[5]/div[2]/span"}
RESULT: {"using":"xpath","value":"//section[contains(@id,\"FC-NoHead\")]/div[1]/div[5]/div[2]/span"}
COMMAND: POST /session/f199610b81d2740d08c28d2a7b12bbb6/elements - {"using":"xpath","value":"//section[contains(@id,\"FC-NoHead\")]/div[1]/div[5]/div[2]/span"}
RESULT: {"using":"xpath","value":"//section[contains(@id,\"FC-NoHead\")]/div[1]/div[5]/div[2]/span"}
COMMAND: POST /session/f199610b81d2740d08c28d2a7b12bbb6/execute/sync - {"script":"<script> [56 bytes]","args":[{"element-6066-11e4-a52e-4f735466cecf":"f.2BFA133D83E8FE08190C073C8C008530.d.89C05ADEAD67573F106703BE747AC421.e.22661","ELEMENT":"f.2BFA133D83E8FE08190C073C8C008530.d.89C05ADEAD67573F106703BE747AC421.e.22661"}]}
RESULT: {"script":"<script> [56 bytes]","args":[{"element-6066-11e4-a52e-4f735466cecf":"f.2BFA133D83E8FE08190C073C8C008530.d.89C05ADEAD67573F106703BE747AC421.e.22661","ELEMENT":"f.2BFA133D83E8FE08190C073C8C008530.d.89C05ADEAD67573F106703BE747AC421.e.22661"}]}
COMMAND: POST /session/f199610b81d2740d08c28d2a7b12bbb6/actions - {"actions":[{"id":"action69","type":"key","parameters":{},"actions":[{"type":"keyDown","value":"î€‡"},{"type":"pause","duration":10},{"type":"keyUp","value":"î€‡"}]}]}
COMMAND: GET /session/f199610b81d2740d08c28d2a7b12bbb6/screenshot - {}
RESULT: {"actions":[{"id":"action69","type":"key","parameters":{},"actions":[{"type":"keyDown","value":"î€‡"},{"type":"pause","duration":10},{"type":"keyUp","value":"î€‡"}]}]}
COMMAND: POST /session/f199610b81d2740d08c28d2a7b12bbb6/execute/async - {"script":"<script> [1562 bytes]","args":[{"selector":{"id":"application-warehousemovements-display-component---executeMovement--executeId","interaction":{"idSuffix":"BDI-content"}},"wdio_ui5_key":"applicationwarehousemovements-display-component---executeMovement--executeId"}]}
COMMAND: GET /session/f199610b81d2740d08c28d2a7b12bbb6/screenshot - {}
RESULT: {}
RESULT: {"script":"<script> [1562 bytes]","args":[{"selector":{"id":"application-warehousemovements-display-component---executeMovement--executeId","interaction":{"idSuffix":"BDI-content"}},"wdio_ui5_key":"applicationwarehousemovements-display-component---executeMovement--executeId"}]}
RESULT: undefined
COMMAND: POST /session/f199610b81d2740d08c28d2a7b12bbb6/element - {"using":"xpath","value":"//*[@id=\"application-warehousemovements-display-component---executeMovement--executeId\"]"}
RESULT: {}
RESULT: {"using":"xpath","value":"//*[@id=\"application-warehousemovements-display-component---executeMovement--executeId\"]"}
COMMAND: POST /session/f199610b81d2740d08c28d2a7b12bbb6/element/f.2BFA133D83E8FE08190C073C8C008530.d.89C05ADEAD67573F106703BE747AC421.e.22645/click - {}
RESULT: {}
COMMAND: GET /session/f199610b81d2740d08c28d2a7b12bbb6/screenshot - {}
RESULT: {}
COMMAND: POST /session/f199610b81d2740d08c28d2a7b12bbb6/element - {"using":"css selector","value":"#shell-header-logo"}
RESULT: {"using":"css selector","value":"#shell-header-logo"}
COMMAND: POST /session/f199610b81d2740d08c28d2a7b12bbb6/element/f.2BFA133D83E8FE08190C073C8C008530.d.89C05ADEAD67573F106703BE747AC421.e.21485/click - {}
RESULT: {}
COMMAND: GET /session/f199610b81d2740d08c28d2a7b12bbb6/screenshot - {}
RESULT: {}
RESULT: undefined
COMMAND: POST /session/f199610b81d2740d08c28d2a7b12bbb6/element - {"using":"xpath","value":"//*[@id=\"__tile132\"]"}
RESULT: {"using":"xpath","value":"//*[@id=\"__tile132\"]"}
COMMAND: POST /session/f199610b81d2740d08c28d2a7b12bbb6/element/f.2BFA133D83E8FE08190C073C8C008530.d.89C05ADEAD67573F106703BE747AC421.e.20127/click - {}
RESULT: {}
COMMAND: GET /session/f199610b81d2740d08c28d2a7b12bbb6/screenshot - {}
RESULT: {}
COMMAND: POST /session/f199610b81d2740d08c28d2a7b12bbb6/elements - {"using":"xpath","value":"//span[text()='Error']"}
RESULT: {"using":"xpath","value":"//span[text()='Error']"}
COMMAND: POST /session/f199610b81d2740d08c28d2a7b12bbb6/execute/async - {"script":"<script> [1562 bytes]","args":[{"selector":{"controlType":"sap.m.SearchField","viewName":"etm.portal.ui.managehandovers.view.MasterHO","bindingPath":{"propertyPath":"/_BASIC_SEARCH_FIELD","modelName":"fi1t3rM0d31"},"interaction":{"idSuffix":"I"}},"wdio_ui5_key":"etmportal.ui.managehandovers.view.MasterHOsap.m.SearchField{\"propertyPath\":\"/_BASIC_SEARCH_FIELD\",\"modelName\":\"fi1t3rM0d31\"}"}]}
RESULT: {"script":"<script> [1562 bytes]","args":[{"selector":{"controlType":"sap.m.SearchField","viewName":"etm.portal.ui.managehandovers.view.MasterHO","bindingPath":{"propertyPath":"/_BASIC_SEARCH_FIELD","modelName":"fi1t3rM0d31"},"interaction":{"idSuffix":"I"}},"wdio_ui5_key":"etmportal.ui.managehandovers.view.MasterHOsap.m.SearchField{\"propertyPath\":\"/_BASIC_SEARCH_FIELD\",\"modelName\":\"fi1t3rM0d31\"}"}]}
RESULT: undefined
COMMAND: POST /session/f199610b81d2740d08c28d2a7b12bbb6/execute/async - {"script":"<script> [776 bytes]","args":[{"enterText":"30737","selector":{"controlType":"sap.m.SearchField","viewName":"etm.portal.ui.managehandovers.view.MasterHO","bindingPath":{"propertyPath":"/_BASIC_SEARCH_FIELD","modelName":"fi1t3rM0d31"},"interaction":{"idSuffix":"I"}},"clearTextFirst":true,"interactionType":"ENTER_TEXT"}]}
RESULT: {"script":"<script> [776 bytes]","args":[{"enterText":"30737","selector":{"controlType":"sap.m.SearchField","viewName":"etm.portal.ui.managehandovers.view.MasterHO","bindingPath":{"propertyPath":"/_BASIC_SEARCH_FIELD","modelName":"fi1t3rM0d31"},"interaction":{"idSuffix":"I"}},"clearTextFirst":true,"interactionType":"ENTER_TEXT"}]}
COMMAND: POST /session/f199610b81d2740d08c28d2a7b12bbb6/actions - {"actions":[{"id":"action70","type":"key","parameters":{},"actions":[{"type":"keyDown","value":"î€‡"},{"type":"pause","duration":10},{"type":"keyUp","value":"î€‡"}]}]}
RESULT: {"actions":[{"id":"action70","type":"key","parameters":{},"actions":[{"type":"keyDown","value":"î€‡"},{"type":"pause","duration":10},{"type":"keyUp","value":"î€‡"}]}]}
COMMAND: GET /session/f199610b81d2740d08c28d2a7b12bbb6/screenshot - {}
RESULT: {}
COMMAND: POST /session/f199610b81d2740d08c28d2a7b12bbb6/execute/async - {"script":"<script> [1562 bytes]","args":[{"selector":{"controlType":"sap.ui.core.Icon","viewName":"etm.portal.ui.managehandovers.view.MasterHO","properties":{"src":{"regex":{"source":"slim\\-arrow\\-right"}}}},"wdio_ui5_key":"etmportal.ui.managehandovers.view.MasterHOsap.ui.core.Icon{\"src\":{\"regex\":{\"source\":\"slim\\\\-arrow\\\\-right\"}}}"}]}
RESULT: {"script":"<script> [1562 bytes]","args":[{"selector":{"controlType":"sap.ui.core.Icon","viewName":"etm.portal.ui.managehandovers.view.MasterHO","properties":{"src":{"regex":{"source":"slim\\-arrow\\-right"}}}},"wdio_ui5_key":"etmportal.ui.managehandovers.view.MasterHOsap.ui.core.Icon{\"src\":{\"regex\":{\"source\":\"slim\\\\-arrow\\\\-right\"}}}"}]}
RESULT: undefined
COMMAND: POST /session/f199610b81d2740d08c28d2a7b12bbb6/element - {"using":"xpath","value":"//*[@id=\"__item1790-__clone3418-imgNav\"]"}
RESULT: {"using":"xpath","value":"//*[@id=\"__item1790-__clone3418-imgNav\"]"}
COMMAND: POST /session/f199610b81d2740d08c28d2a7b12bbb6/element/f.2BFA133D83E8FE08190C073C8C008530.d.89C05ADEAD67573F106703BE747AC421.e.23002/click - {}
RESULT: {}
COMMAND: GET /session/f199610b81d2740d08c28d2a7b12bbb6/screenshot - {}
RESULT: {}
COMMAND: POST /session/f199610b81d2740d08c28d2a7b12bbb6/execute/async - {"script":"<script> [1562 bytes]","args":[{"selector":{"controlType":"sap.m.Button","viewName":"etm.portal.ui.managehandovers.view.DetailExecuteHO","i18NText":{"propertyName":"text","key":"confirmAll"},"interaction":{"idSuffix":"BDI-content"}},"wdio_ui5_key":"etmportal.ui.managehandovers.view.DetailExecuteHOsap.m.Button{\"propertyName\":\"text\",\"key\":\"confirmAll\"}"}]}
RESULT: {"script":"<script> [1562 bytes]","args":[{"selector":{"controlType":"sap.m.Button","viewName":"etm.portal.ui.managehandovers.view.DetailExecuteHO","i18NText":{"propertyName":"text","key":"confirmAll"},"interaction":{"idSuffix":"BDI-content"}},"wdio_ui5_key":"etmportal.ui.managehandovers.view.DetailExecuteHOsap.m.Button{\"propertyName\":\"text\",\"key\":\"confirmAll\"}"}]}
RESULT: undefined
COMMAND: POST /session/f199610b81d2740d08c28d2a7b12bbb6/element - {"using":"xpath","value":"//*[@id=\"__button280\"]"}
RESULT: {"using":"xpath","value":"//*[@id=\"__button280\"]"}
COMMAND: POST /session/f199610b81d2740d08c28d2a7b12bbb6/element/f.2BFA133D83E8FE08190C073C8C008530.d.89C05ADEAD67573F106703BE747AC421.e.23079/click - {}
RESULT: {}
COMMAND: GET /session/f199610b81d2740d08c28d2a7b12bbb6/screenshot - {}
RESULT: {}
COMMAND: POST /session/f199610b81d2740d08c28d2a7b12bbb6/actions - {"actions":[{"id":"action71","type":"key","parameters":{},"actions":[{"type":"keyDown","value":"î€‡"},{"type":"pause","duration":10},{"type":"keyUp","value":"î€‡"}]}]}
RESULT: {"actions":[{"id":"action71","type":"key","parameters":{},"actions":[{"type":"keyDown","value":"î€‡"},{"type":"pause","duration":10},{"type":"keyUp","value":"î€‡"}]}]}
COMMAND: GET /session/f199610b81d2740d08c28d2a7b12bbb6/screenshot - {}
RESULT: {}
COMMAND: POST /session/f199610b81d2740d08c28d2a7b12bbb6/element - {"using":"xpath","value":"//button[@data-kt=\"execHoIssueButton\"]"}
RESULT: {"using":"xpath","value":"//button[@data-kt=\"execHoIssueButton\"]"}
COMMAND: POST /session/f199610b81d2740d08c28d2a7b12bbb6/element/f.2BFA133D83E8FE08190C073C8C008530.d.89C05ADEAD67573F106703BE747AC421.e.23088/click - {}
RESULT: {}
COMMAND: GET /session/f199610b81d2740d08c28d2a7b12bbb6/screenshot - {}
RESULT: {}
RESULT: undefined
COMMAND: POST /session/f199610b81d2740d08c28d2a7b12bbb6/execute/async - {"script":"<script> [776 bytes]","args":[{"enterText":"30737","selector":{"controlType":"sap.m.SearchField","viewName":"etm.portal.ui.managehandovers.view.MasterHO","bindingPath":{"propertyPath":"/_BASIC_SEARCH_FIELD","modelName":"fi1t3rM0d31"},"interaction":{"idSuffix":"I"}},"clearTextFirst":true,"interactionType":"ENTER_TEXT"}]}
RESULT: {"script":"<script> [776 bytes]","args":[{"enterText":"30737","selector":{"controlType":"sap.m.SearchField","viewName":"etm.portal.ui.managehandovers.view.MasterHO","bindingPath":{"propertyPath":"/_BASIC_SEARCH_FIELD","modelName":"fi1t3rM0d31"},"interaction":{"idSuffix":"I"}},"clearTextFirst":true,"interactionType":"ENTER_TEXT"}]}
COMMAND: POST /session/f199610b81d2740d08c28d2a7b12bbb6/actions - {"actions":[{"id":"action72","type":"key","parameters":{},"actions":[{"type":"keyDown","value":"î€‡"},{"type":"pause","duration":10},{"type":"keyUp","value":"î€‡"}]}]}
RESULT: {"actions":[{"id":"action72","type":"key","parameters":{},"actions":[{"type":"keyDown","value":"î€‡"},{"type":"pause","duration":10},{"type":"keyUp","value":"î€‡"}]}]}
COMMAND: GET /session/f199610b81d2740d08c28d2a7b12bbb6/screenshot - {}
RESULT: {}
COMMAND: POST /session/f199610b81d2740d08c28d2a7b12bbb6/element - {"using":"xpath","value":"//span[(text() = '30737' or . = '30737')]"}
RESULT: {"using":"xpath","value":"//span[(text() = '30737' or . = '30737')]"}
COMMAND: POST /session/f199610b81d2740d08c28d2a7b12bbb6/element/f.2BFA133D83E8FE08190C073C8C008530.d.89C05ADEAD67573F106703BE747AC421.e.23131/click - {}
RESULT: {}
COMMAND: GET /session/f199610b81d2740d08c28d2a7b12bbb6/screenshot - {}
RESULT: {}
COMMAND: POST /session/f199610b81d2740d08c28d2a7b12bbb6/element - {"using":"xpath","value":"//span[contains(text(), \"Instructions\")]"}
RESULT: {"using":"xpath","value":"//span[contains(text(), \"Instructions\")]"}
COMMAND: POST /session/f199610b81d2740d08c28d2a7b12bbb6/element/f.2BFA133D83E8FE08190C073C8C008530.d.89C05ADEAD67573F106703BE747AC421.e.23173/click - {}
RESULT: {}
COMMAND: GET /session/f199610b81d2740d08c28d2a7b12bbb6/screenshot - {}
RESULT: {}
COMMAND: POST /session/f199610b81d2740d08c28d2a7b12bbb6/element - {"using":"xpath","value":"//span[contains(text(), \"Instructions\")]"}
RESULT: {"using":"xpath","value":"//span[contains(text(), \"Instructions\")]"}
COMMAND: POST /session/f199610b81d2740d08c28d2a7b12bbb6/element/f.2BFA133D83E8FE08190C073C8C008530.d.89C05ADEAD67573F106703BE747AC421.e.23173/click - {}
RESULT: {}
COMMAND: GET /session/f199610b81d2740d08c28d2a7b12bbb6/screenshot - {}
RESULT: {}
COMMAND: POST /session/f199610b81d2740d08c28d2a7b12bbb6/execute/async - {"script":"<script> [1562 bytes]","args":[{"selector":{"controlType":"sap.m.ComboBox","viewName":"etm.portal.ui.managehandovers.view.DetailExecuteHO","bindingPath":{"propertyPath":"RECEIVING_SECTION","modelName":"catalogModel"},"interaction":{"idSuffix":"inner"}},"wdio_ui5_key":"etmportal.ui.managehandovers.view.DetailExecuteHOsap.m.ComboBox{\"propertyPath\":\"RECEIVING_SECTION\",\"modelName\":\"catalogModel\"}"}]}
RESULT: {"script":"<script> [1562 bytes]","args":[{"selector":{"controlType":"sap.m.ComboBox","viewName":"etm.portal.ui.managehandovers.view.DetailExecuteHO","bindingPath":{"propertyPath":"RECEIVING_SECTION","modelName":"catalogModel"},"interaction":{"idSuffix":"inner"}},"wdio_ui5_key":"etmportal.ui.managehandovers.view.DetailExecuteHOsap.m.ComboBox{\"propertyPath\":\"RECEIVING_SECTION\",\"modelName\":\"catalogModel\"}"}]}
RESULT: undefined
COMMAND: POST /session/f199610b81d2740d08c28d2a7b12bbb6/execute/async - {"script":"<script> [776 bytes]","args":[{"enterText":"WDIO-2269","selector":{"controlType":"sap.m.ComboBox","viewName":"etm.portal.ui.managehandovers.view.DetailExecuteHO","bindingPath":{"propertyPath":"RECEIVING_SECTION","modelName":"catalogModel"},"interaction":{"idSuffix":"inner"}},"clearTextFirst":true,"interactionType":"ENTER_TEXT"}]}
RESULT: {"script":"<script> [776 bytes]","args":[{"enterText":"WDIO-2269","selector":{"controlType":"sap.m.ComboBox","viewName":"etm.portal.ui.managehandovers.view.DetailExecuteHO","bindingPath":{"propertyPath":"RECEIVING_SECTION","modelName":"catalogModel"},"interaction":{"idSuffix":"inner"}},"clearTextFirst":true,"interactionType":"ENTER_TEXT"}]}
COMMAND: POST /session/f199610b81d2740d08c28d2a7b12bbb6/actions - {"actions":[{"id":"action73","type":"key","parameters":{},"actions":[{"type":"keyDown","value":"î€‡"},{"type":"pause","duration":10},{"type":"keyUp","value":"î€‡"}]}]}
RESULT: {"actions":[{"id":"action73","type":"key","parameters":{},"actions":[{"type":"keyDown","value":"î€‡"},{"type":"pause","duration":10},{"type":"keyUp","value":"î€‡"}]}]}
COMMAND: GET /session/f199610b81d2740d08c28d2a7b12bbb6/screenshot - {}
RESULT: {}
COMMAND: POST /session/f199610b81d2740d08c28d2a7b12bbb6/element - {"using":"xpath","value":"//button[@data-kt= \"execHoReceiveButton\"]"}
RESULT: {"using":"xpath","value":"//button[@data-kt= \"execHoReceiveButton\"]"}
COMMAND: POST /session/f199610b81d2740d08c28d2a7b12bbb6/element/f.2BFA133D83E8FE08190C073C8C008530.d.89C05ADEAD67573F106703BE747AC421.e.23179/click - {}
RESULT: {}
COMMAND: GET /session/f199610b81d2740d08c28d2a7b12bbb6/screenshot - {}
RESULT: {}
COMMAND: POST /session/f199610b81d2740d08c28d2a7b12bbb6/execute/async - {"script":"<script> [1562 bytes]","args":[{"selector":{"controlType":"sap.m.Button","properties":{"text":"Continue"},"searchOpenDialogs":true,"interaction":{"idSuffix":"content"}},"wdio_ui5_key":"sapm.Button{\"text\":\"Continue\"}"}]}
RESULT: {"script":"<script> [1562 bytes]","args":[{"selector":{"controlType":"sap.m.Button","properties":{"text":"Continue"},"searchOpenDialogs":true,"interaction":{"idSuffix":"content"}},"wdio_ui5_key":"sapm.Button{\"text\":\"Continue\"}"}]}
RESULT: undefined
COMMAND: POST /session/f199610b81d2740d08c28d2a7b12bbb6/element - {"using":"xpath","value":"//*[@id=\"__mbox-btn-6\"]"}
RESULT: {"using":"xpath","value":"//*[@id=\"__mbox-btn-6\"]"}
COMMAND: POST /session/f199610b81d2740d08c28d2a7b12bbb6/element/f.2BFA133D83E8FE08190C073C8C008530.d.89C05ADEAD67573F106703BE747AC421.e.23180/click - {}
RESULT: {}
COMMAND: GET /session/f199610b81d2740d08c28d2a7b12bbb6/screenshot - {}
RESULT: {}
COMMAND: POST /session/f199610b81d2740d08c28d2a7b12bbb6/element - {"using":"css selector","value":"#shell-header-logo"}
RESULT: {"using":"css selector","value":"#shell-header-logo"}
COMMAND: POST /session/f199610b81d2740d08c28d2a7b12bbb6/element/f.2BFA133D83E8FE08190C073C8C008530.d.89C05ADEAD67573F106703BE747AC421.e.22727/click - {}
RESULT: {}
COMMAND: GET /session/f199610b81d2740d08c28d2a7b12bbb6/screenshot - {}
RESULT: {}
]]></system-out>
    </testcase>
    <testcase classname="chrome.136_0_7103_93.windows.Return_from_Site_w/_warehouse_management_w_clarification" name="Should test for Clarification" time="64.406">
      <system-out><![CDATA[
RESULT: undefined
COMMAND: POST /session/f199610b81d2740d08c28d2a7b12bbb6/element - {"using":"xpath","value":"//*[@id=\"__tile132\"]"}
RESULT: {"using":"xpath","value":"//*[@id=\"__tile132\"]"}
COMMAND: POST /session/f199610b81d2740d08c28d2a7b12bbb6/element/f.2BFA133D83E8FE08190C073C8C008530.d.89C05ADEAD67573F106703BE747AC421.e.20127/click - {}
RESULT: {}
COMMAND: GET /session/f199610b81d2740d08c28d2a7b12bbb6/screenshot - {}
RESULT: {}
COMMAND: POST /session/f199610b81d2740d08c28d2a7b12bbb6/elements - {"using":"xpath","value":"//span[text()='Error']"}
RESULT: {"using":"xpath","value":"//span[text()='Error']"}
RESULT: undefined
COMMAND: POST /session/f199610b81d2740d08c28d2a7b12bbb6/execute/async - {"script":"<script> [776 bytes]","args":[{"enterText":"30737","selector":{"controlType":"sap.m.SearchField","viewName":"etm.portal.ui.managehandovers.view.MasterHO","bindingPath":{"propertyPath":"/_BASIC_SEARCH_FIELD","modelName":"fi1t3rM0d31"},"interaction":{"idSuffix":"I"}},"clearTextFirst":true,"interactionType":"ENTER_TEXT"}]}
RESULT: {"script":"<script> [776 bytes]","args":[{"enterText":"30737","selector":{"controlType":"sap.m.SearchField","viewName":"etm.portal.ui.managehandovers.view.MasterHO","bindingPath":{"propertyPath":"/_BASIC_SEARCH_FIELD","modelName":"fi1t3rM0d31"},"interaction":{"idSuffix":"I"}},"clearTextFirst":true,"interactionType":"ENTER_TEXT"}]}
COMMAND: POST /session/f199610b81d2740d08c28d2a7b12bbb6/actions - {"actions":[{"id":"action74","type":"key","parameters":{},"actions":[{"type":"keyDown","value":"î€‡"},{"type":"pause","duration":10},{"type":"keyUp","value":"î€‡"}]}]}
RESULT: {"actions":[{"id":"action74","type":"key","parameters":{},"actions":[{"type":"keyDown","value":"î€‡"},{"type":"pause","duration":10},{"type":"keyUp","value":"î€‡"}]}]}
COMMAND: GET /session/f199610b81d2740d08c28d2a7b12bbb6/screenshot - {}
RESULT: {}
COMMAND: POST /session/f199610b81d2740d08c28d2a7b12bbb6/element - {"using":"xpath","value":"//span[(text() = '30737' or . = '30737')]"}
RESULT: {"using":"xpath","value":"//span[(text() = '30737' or . = '30737')]"}
COMMAND: POST /session/f199610b81d2740d08c28d2a7b12bbb6/element/f.2BFA133D83E8FE08190C073C8C008530.d.89C05ADEAD67573F106703BE747AC421.e.23473/click - {}
RESULT: {}
COMMAND: GET /session/f199610b81d2740d08c28d2a7b12bbb6/screenshot - {}
RESULT: {}
COMMAND: POST /session/f199610b81d2740d08c28d2a7b12bbb6/element - {"using":"xpath","value":"//span[contains(text(), \"Instructions\")]"}
RESULT: {"using":"xpath","value":"//span[contains(text(), \"Instructions\")]"}
COMMAND: POST /session/f199610b81d2740d08c28d2a7b12bbb6/element/f.2BFA133D83E8FE08190C073C8C008530.d.89C05ADEAD67573F106703BE747AC421.e.23556/click - {}
RESULT: {}
COMMAND: GET /session/f199610b81d2740d08c28d2a7b12bbb6/screenshot - {}
RESULT: {}
COMMAND: POST /session/f199610b81d2740d08c28d2a7b12bbb6/element - {"using":"xpath","value":"//span[contains(text(), \"Instructions\")]"}
RESULT: {"using":"xpath","value":"//span[contains(text(), \"Instructions\")]"}
COMMAND: POST /session/f199610b81d2740d08c28d2a7b12bbb6/element/f.2BFA133D83E8FE08190C073C8C008530.d.89C05ADEAD67573F106703BE747AC421.e.23556/click - {}
RESULT: {}
COMMAND: GET /session/f199610b81d2740d08c28d2a7b12bbb6/screenshot - {}
RESULT: {}
COMMAND: POST /session/f199610b81d2740d08c28d2a7b12bbb6/element - {"using":"xpath","value":"//button[.//bdi[text() = \"Refuse\"]]"}
RESULT: {"using":"xpath","value":"//button[.//bdi[text() = \"Refuse\"]]"}
COMMAND: POST /session/f199610b81d2740d08c28d2a7b12bbb6/element/f.2BFA133D83E8FE08190C073C8C008530.d.89C05ADEAD67573F106703BE747AC421.e.23561/click - {}
RESULT: {}
COMMAND: GET /session/f199610b81d2740d08c28d2a7b12bbb6/screenshot - {}
RESULT: {}
COMMAND: POST /session/f199610b81d2740d08c28d2a7b12bbb6/element - {"using":"xpath","value":"//button[@data-kt= \"execHoReceiveRefuseButton\"]"}
RESULT: {"using":"xpath","value":"//button[@data-kt= \"execHoReceiveRefuseButton\"]"}
COMMAND: POST /session/f199610b81d2740d08c28d2a7b12bbb6/element/f.2BFA133D83E8FE08190C073C8C008530.d.89C05ADEAD67573F106703BE747AC421.e.23563/click - {}
RESULT: {}
COMMAND: GET /session/f199610b81d2740d08c28d2a7b12bbb6/screenshot - {}
RESULT: {}
]]></system-out>
    </testcase>
  </testsuite>
  <testsuite timestamp="2025-05-19T09:38:35" time="480.344" tests="9" failures="0" errors="0" skipped="0">
    <properties>
      <property name="specId" value="0" />
      <property name="suiteName" value="Create masterdata for Yard Overview - trigger provide US130988" />
      <property name="capabilities" value="chrome.136_0_7103_93.windows" />
      <property name="file" value="file:///D:/a/1/s/test/specs/HTR/stock-decrease.spec.js" />
    </properties>
    <testcase classname="chrome.136_0_7103_93.windows.Create_masterdata_for_Yard_Overview_-_trigger_provide_US130988" name="Should create a new WHM yard" time="0.056">
      <system-out><![CDATA[
COMMAND: POST /session/f199610b81d2740d08c28d2a7b12bbb6/window/fullscreen - {}
RESULT: {}
]]></system-out>
    </testcase>
    <testcase classname="chrome.136_0_7103_93.windows.Create_masterdata_for_Yard_Overview_-_trigger_provide_US130988" name="Should create a new partner" time="0.005" />
    <testcase classname="chrome.136_0_7103_93.windows.Create_masterdata_for_Yard_Overview_-_trigger_provide_US130988" name="Should create a new site" time="0.004" />
    <testcase classname="chrome.136_0_7103_93.windows.Create_masterdata_for_Yard_Overview_-_trigger_provide_US130988" name="Should create a new material" time="131.998">
      <system-out><![CDATA[
COMMAND: POST /session/f199610b81d2740d08c28d2a7b12bbb6/execute/async - {"script":"<script> [1562 bytes]","args":[{"selector":{"controlType":"sap.m.GenericTile","properties":{"header":"Manage Resources"}},"wdio_ui5_key":"sapm.GenericTile{\"header\":\"Manage Resources\"}"}]}
RESULT: {"script":"<script> [1562 bytes]","args":[{"selector":{"controlType":"sap.m.GenericTile","properties":{"header":"Manage Resources"}},"wdio_ui5_key":"sapm.GenericTile{\"header\":\"Manage Resources\"}"}]}
RESULT: undefined
COMMAND: POST /session/f199610b81d2740d08c28d2a7b12bbb6/element - {"using":"xpath","value":"//*[@id=\"__tile31\"]"}
RESULT: {"using":"xpath","value":"//*[@id=\"__tile31\"]"}
COMMAND: POST /session/f199610b81d2740d08c28d2a7b12bbb6/element/f.2BFA133D83E8FE08190C073C8C008530.d.E8CCE07C580C34E75BA755DD86D9FDF5.e.23636/click - {}
RESULT: {}
COMMAND: GET /session/f199610b81d2740d08c28d2a7b12bbb6/screenshot - {}
RESULT: {}
COMMAND: POST /session/f199610b81d2740d08c28d2a7b12bbb6/elements - {"using":"xpath","value":"//span[text()='Error']"}
RESULT: {"using":"xpath","value":"//span[text()='Error']"}
COMMAND: POST /session/f199610b81d2740d08c28d2a7b12bbb6/element - {"using":"xpath","value":"//button[@data-kt=\"addNewRUOverflowToolbarButton\"]"}
RESULT: {"using":"xpath","value":"//button[@data-kt=\"addNewRUOverflowToolbarButton\"]"}
COMMAND: POST /session/f199610b81d2740d08c28d2a7b12bbb6/elements - {"using":"xpath","value":"//button[@data-kt=\"addNewRUOverflowToolbarButton\"]"}
RESULT: {"using":"xpath","value":"//button[@data-kt=\"addNewRUOverflowToolbarButton\"]"}
COMMAND: POST /session/f199610b81d2740d08c28d2a7b12bbb6/elements - {"using":"xpath","value":"//button[@data-kt=\"addNewRUOverflowToolbarButton\"]"}
RESULT: {"using":"xpath","value":"//button[@data-kt=\"addNewRUOverflowToolbarButton\"]"}
COMMAND: POST /session/f199610b81d2740d08c28d2a7b12bbb6/elements - {"using":"xpath","value":"//button[@data-kt=\"addNewRUOverflowToolbarButton\"]"}
RESULT: {"using":"xpath","value":"//button[@data-kt=\"addNewRUOverflowToolbarButton\"]"}
COMMAND: POST /session/f199610b81d2740d08c28d2a7b12bbb6/elements - {"using":"xpath","value":"//button[@data-kt=\"addNewRUOverflowToolbarButton\"]"}
RESULT: {"using":"xpath","value":"//button[@data-kt=\"addNewRUOverflowToolbarButton\"]"}
COMMAND: POST /session/f199610b81d2740d08c28d2a7b12bbb6/elements - {"using":"xpath","value":"//button[@data-kt=\"addNewRUOverflowToolbarButton\"]"}
RESULT: {"using":"xpath","value":"//button[@data-kt=\"addNewRUOverflowToolbarButton\"]"}
COMMAND: POST /session/f199610b81d2740d08c28d2a7b12bbb6/elements - {"using":"xpath","value":"//button[@data-kt=\"addNewRUOverflowToolbarButton\"]"}
RESULT: {"using":"xpath","value":"//button[@data-kt=\"addNewRUOverflowToolbarButton\"]"}
COMMAND: POST /session/f199610b81d2740d08c28d2a7b12bbb6/elements - {"using":"xpath","value":"//button[@data-kt=\"addNewRUOverflowToolbarButton\"]"}
RESULT: {"using":"xpath","value":"//button[@data-kt=\"addNewRUOverflowToolbarButton\"]"}
COMMAND: POST /session/f199610b81d2740d08c28d2a7b12bbb6/elements - {"using":"xpath","value":"//button[@data-kt=\"addNewRUOverflowToolbarButton\"]"}
RESULT: {"using":"xpath","value":"//button[@data-kt=\"addNewRUOverflowToolbarButton\"]"}
COMMAND: POST /session/f199610b81d2740d08c28d2a7b12bbb6/elements - {"using":"xpath","value":"//button[@data-kt=\"addNewRUOverflowToolbarButton\"]"}
RESULT: {"using":"xpath","value":"//button[@data-kt=\"addNewRUOverflowToolbarButton\"]"}
COMMAND: POST /session/f199610b81d2740d08c28d2a7b12bbb6/elements - {"using":"xpath","value":"//button[@data-kt=\"addNewRUOverflowToolbarButton\"]"}
RESULT: {"using":"xpath","value":"//button[@data-kt=\"addNewRUOverflowToolbarButton\"]"}
COMMAND: POST /session/f199610b81d2740d08c28d2a7b12bbb6/element - {"using":"xpath","value":"//button[@data-kt=\"addNewRUOverflowToolbarButton\"]"}
RESULT: {"using":"xpath","value":"//button[@data-kt=\"addNewRUOverflowToolbarButton\"]"}
COMMAND: POST /session/f199610b81d2740d08c28d2a7b12bbb6/execute/sync - {"script":"<script> [8489 bytes]","args":[{"element-6066-11e4-a52e-4f735466cecf":"f.2BFA133D83E8FE08190C073C8C008530.d.E8CCE07C580C34E75BA755DD86D9FDF5.e.23764","ELEMENT":"f.2BFA133D83E8FE08190C073C8C008530.d.E8CCE07C580C34E75BA755DD86D9FDF5.e.23764"}]}
RESULT: {"script":"<script> [8489 bytes]","args":[{"element-6066-11e4-a52e-4f735466cecf":"f.2BFA133D83E8FE08190C073C8C008530.d.E8CCE07C580C34E75BA755DD86D9FDF5.e.23764","ELEMENT":"f.2BFA133D83E8FE08190C073C8C008530.d.E8CCE07C580C34E75BA755DD86D9FDF5.e.23764"}]}
COMMAND: GET /session/f199610b81d2740d08c28d2a7b12bbb6/element/f.2BFA133D83E8FE08190C073C8C008530.d.E8CCE07C580C34E75BA755DD86D9FDF5.e.23764/enabled - {}
COMMAND: GET /session/f199610b81d2740d08c28d2a7b12bbb6/screenshot - {}
RESULT: {}
COMMAND: POST /session/f199610b81d2740d08c28d2a7b12bbb6/execute/sync - {"script":"<script> [8489 bytes]","args":[{"element-6066-11e4-a52e-4f735466cecf":"f.2BFA133D83E8FE08190C073C8C008530.d.E8CCE07C580C34E75BA755DD86D9FDF5.e.23764","ELEMENT":"f.2BFA133D83E8FE08190C073C8C008530.d.E8CCE07C580C34E75BA755DD86D9FDF5.e.23764"}]}
COMMAND: GET /session/f199610b81d2740d08c28d2a7b12bbb6/screenshot - {}
RESULT: {}
RESULT: {"script":"<script> [8489 bytes]","args":[{"element-6066-11e4-a52e-4f735466cecf":"f.2BFA133D83E8FE08190C073C8C008530.d.E8CCE07C580C34E75BA755DD86D9FDF5.e.23764","ELEMENT":"f.2BFA133D83E8FE08190C073C8C008530.d.E8CCE07C580C34E75BA755DD86D9FDF5.e.23764"}]}
COMMAND: POST /session/f199610b81d2740d08c28d2a7b12bbb6/execute/sync - {"script":"<script> [5351 bytes]","args":[{"element-6066-11e4-a52e-4f735466cecf":"f.2BFA133D83E8FE08190C073C8C008530.d.E8CCE07C580C34E75BA755DD86D9FDF5.e.23764","ELEMENT":"f.2BFA133D83E8FE08190C073C8C008530.d.E8CCE07C580C34E75BA755DD86D9FDF5.e.23764"}]}
RESULT: {}
COMMAND: GET /session/f199610b81d2740d08c28d2a7b12bbb6/screenshot - {}
RESULT: {"script":"<script> [5351 bytes]","args":[{"element-6066-11e4-a52e-4f735466cecf":"f.2BFA133D83E8FE08190C073C8C008530.d.E8CCE07C580C34E75BA755DD86D9FDF5.e.23764","ELEMENT":"f.2BFA133D83E8FE08190C073C8C008530.d.E8CCE07C580C34E75BA755DD86D9FDF5.e.23764"}]}
COMMAND: POST /session/f199610b81d2740d08c28d2a7b12bbb6/element/f.2BFA133D83E8FE08190C073C8C008530.d.E8CCE07C580C34E75BA755DD86D9FDF5.e.23764/click - {}
COMMAND: GET /session/f199610b81d2740d08c28d2a7b12bbb6/screenshot - {}
RESULT: {}
RESULT: {}
COMMAND: GET /session/f199610b81d2740d08c28d2a7b12bbb6/screenshot - {}
COMMAND: POST /session/f199610b81d2740d08c28d2a7b12bbb6/execute/async - {"script":"<script> [1562 bytes]","args":[{"selector":{"id":"application-manageresources-display-component---newResourceUnit--TYPE-arrow"},"wdio_ui5_key":"applicationmanageresources-display-component---newResourceUnit--TYPE-arrow"}]}
RESULT: {}
RESULT: {}
RESULT: {"script":"<script> [1562 bytes]","args":[{"selector":{"id":"application-manageresources-display-component---newResourceUnit--TYPE-arrow"},"wdio_ui5_key":"applicationmanageresources-display-component---newResourceUnit--TYPE-arrow"}]}
RESULT: undefined
COMMAND: POST /session/f199610b81d2740d08c28d2a7b12bbb6/element - {"using":"xpath","value":"//*[@id=\"application-manageresources-display-component---newResourceUnit--TYPE-arrow\"]"}
RESULT: {"using":"xpath","value":"//*[@id=\"application-manageresources-display-component---newResourceUnit--TYPE-arrow\"]"}
COMMAND: POST /session/f199610b81d2740d08c28d2a7b12bbb6/element/f.2BFA133D83E8FE08190C073C8C008530.d.E8CCE07C580C34E75BA755DD86D9FDF5.e.24121/click - {}
RESULT: {}
COMMAND: POST /session/f199610b81d2740d08c28d2a7b12bbb6/element - {"using":"xpath","value":"//input[@id=\"application-manageresources-display-component---newResourceUnit--TYPE-inner\"]"}
COMMAND: GET /session/f199610b81d2740d08c28d2a7b12bbb6/screenshot - {}
RESULT: {"using":"xpath","value":"//input[@id=\"application-manageresources-display-component---newResourceUnit--TYPE-inner\"]"}
COMMAND: POST /session/f199610b81d2740d08c28d2a7b12bbb6/element/f.2BFA133D83E8FE08190C073C8C008530.d.E8CCE07C580C34E75BA755DD86D9FDF5.e.24117/clear - {}
RESULT: {}
RESULT: {}
COMMAND: POST /session/f199610b81d2740d08c28d2a7b12bbb6/element/f.2BFA133D83E8FE08190C073C8C008530.d.E8CCE07C580C34E75BA755DD86D9FDF5.e.24117/value - {"text":"Material"}
COMMAND: GET /session/f199610b81d2740d08c28d2a7b12bbb6/screenshot - {}
RESULT: {"text":"Material"}
COMMAND: GET /session/f199610b81d2740d08c28d2a7b12bbb6/screenshot - {}
RESULT: {}
RESULT: {}
COMMAND: POST /session/f199610b81d2740d08c28d2a7b12bbb6/actions - {"actions":[{"id":"action75","type":"key","parameters":{},"actions":[{"type":"keyDown","value":"î€‡"},{"type":"pause","duration":10},{"type":"keyUp","value":"î€‡"}]}]}
RESULT: {"actions":[{"id":"action75","type":"key","parameters":{},"actions":[{"type":"keyDown","value":"î€‡"},{"type":"pause","duration":10},{"type":"keyUp","value":"î€‡"}]}]}
COMMAND: POST /session/f199610b81d2740d08c28d2a7b12bbb6/execute/async - {"script":"<script> [1562 bytes]","args":[{"selector":{"id":"application-manageresources-display-component---newResourceUnit--SHORT_TEXT","interaction":{"idSuffix":"inner"}},"wdio_ui5_key":"applicationmanageresources-display-component---newResourceUnit--SHORT_TEXT"}]}
COMMAND: GET /session/f199610b81d2740d08c28d2a7b12bbb6/screenshot - {}
RESULT: {"script":"<script> [1562 bytes]","args":[{"selector":{"id":"application-manageresources-display-component---newResourceUnit--SHORT_TEXT","interaction":{"idSuffix":"inner"}},"wdio_ui5_key":"applicationmanageresources-display-component---newResourceUnit--SHORT_TEXT"}]}
RESULT: undefined
COMMAND: POST /session/f199610b81d2740d08c28d2a7b12bbb6/execute/async - {"script":"<script> [776 bytes]","args":[{"enterText":"Cement WDIO","selector":{"id":"application-manageresources-display-component---newResourceUnit--SHORT_TEXT","interaction":{"idSuffix":"inner"}},"clearTextFirst":true,"interactionType":"ENTER_TEXT"}]}
RESULT: {}
RESULT: {"script":"<script> [776 bytes]","args":[{"enterText":"Cement WDIO","selector":{"id":"application-manageresources-display-component---newResourceUnit--SHORT_TEXT","interaction":{"idSuffix":"inner"}},"clearTextFirst":true,"interactionType":"ENTER_TEXT"}]}
COMMAND: POST /session/f199610b81d2740d08c28d2a7b12bbb6/execute/async - {"script":"<script> [1562 bytes]","args":[{"selector":{"id":"application-manageresources-display-component---newResourceUnit--BASE_UNIT_OF_MEASURE","interaction":{"idSuffix":"inner"}},"wdio_ui5_key":"applicationmanageresources-display-component---newResourceUnit--BASE_UNIT_OF_MEASURE"}]}
RESULT: {"script":"<script> [1562 bytes]","args":[{"selector":{"id":"application-manageresources-display-component---newResourceUnit--BASE_UNIT_OF_MEASURE","interaction":{"idSuffix":"inner"}},"wdio_ui5_key":"applicationmanageresources-display-component---newResourceUnit--BASE_UNIT_OF_MEASURE"}]}
RESULT: undefined
COMMAND: POST /session/f199610b81d2740d08c28d2a7b12bbb6/execute/async - {"script":"<script> [776 bytes]","args":[{"enterText":"Piece","selector":{"id":"application-manageresources-display-component---newResourceUnit--BASE_UNIT_OF_MEASURE","interaction":{"idSuffix":"inner"}},"clearTextFirst":true,"interactionType":"ENTER_TEXT"}]}
RESULT: {"script":"<script> [776 bytes]","args":[{"enterText":"Piece","selector":{"id":"application-manageresources-display-component---newResourceUnit--BASE_UNIT_OF_MEASURE","interaction":{"idSuffix":"inner"}},"clearTextFirst":true,"interactionType":"ENTER_TEXT"}]}
COMMAND: POST /session/f199610b81d2740d08c28d2a7b12bbb6/execute/async - {"script":"<script> [1562 bytes]","args":[{"selector":{"id":"application-manageresources-display-component---newResourceUnit--WEIGHT_UNIT","interaction":{"idSuffix":"inner"}},"wdio_ui5_key":"applicationmanageresources-display-component---newResourceUnit--WEIGHT_UNIT"}]}
RESULT: {"script":"<script> [1562 bytes]","args":[{"selector":{"id":"application-manageresources-display-component---newResourceUnit--WEIGHT_UNIT","interaction":{"idSuffix":"inner"}},"wdio_ui5_key":"applicationmanageresources-display-component---newResourceUnit--WEIGHT_UNIT"}]}
RESULT: undefined
COMMAND: POST /session/f199610b81d2740d08c28d2a7b12bbb6/execute/async - {"script":"<script> [776 bytes]","args":[{"enterText":"Gram","selector":{"id":"application-manageresources-display-component---newResourceUnit--WEIGHT_UNIT","interaction":{"idSuffix":"inner"}},"clearTextFirst":true,"interactionType":"ENTER_TEXT"}]}
RESULT: {"script":"<script> [776 bytes]","args":[{"enterText":"Gram","selector":{"id":"application-manageresources-display-component---newResourceUnit--WEIGHT_UNIT","interaction":{"idSuffix":"inner"}},"clearTextFirst":true,"interactionType":"ENTER_TEXT"}]}
COMMAND: POST /session/f199610b81d2740d08c28d2a7b12bbb6/execute/async - {"script":"<script> [1562 bytes]","args":[{"selector":{"id":"application-manageresources-display-component---newResourceUnit--DIMENSION_UNIT","interaction":{"idSuffix":"inner"}},"wdio_ui5_key":"applicationmanageresources-display-component---newResourceUnit--DIMENSION_UNIT"}]}
RESULT: {"script":"<script> [1562 bytes]","args":[{"selector":{"id":"application-manageresources-display-component---newResourceUnit--DIMENSION_UNIT","interaction":{"idSuffix":"inner"}},"wdio_ui5_key":"applicationmanageresources-display-component---newResourceUnit--DIMENSION_UNIT"}]}
RESULT: undefined
COMMAND: POST /session/f199610b81d2740d08c28d2a7b12bbb6/execute/async - {"script":"<script> [776 bytes]","args":[{"enterText":"Meter","selector":{"id":"application-manageresources-display-component---newResourceUnit--DIMENSION_UNIT","interaction":{"idSuffix":"inner"}},"clearTextFirst":true,"interactionType":"ENTER_TEXT"}]}
RESULT: {"script":"<script> [776 bytes]","args":[{"enterText":"Meter","selector":{"id":"application-manageresources-display-component---newResourceUnit--DIMENSION_UNIT","interaction":{"idSuffix":"inner"}},"clearTextFirst":true,"interactionType":"ENTER_TEXT"}]}
COMMAND: POST /session/f199610b81d2740d08c28d2a7b12bbb6/execute/async - {"script":"<script> [1562 bytes]","args":[{"selector":{"id":"application-manageresources-display-component---newResourceUnit--newRRUPage-anchBar-application-manageresources-display-component---newResourceUnit--control-anchor","interaction":{"idSuffix":"BDI-content"}},"wdio_ui5_key":"applicationmanageresources-display-component---newResourceUnit--newRRUPage-anchBar-application-manageresources-display-component---newResourceUnit--control-anchor"}]}
RESULT: {"script":"<script> [1562 bytes]","args":[{"selector":{"id":"application-manageresources-display-component---newResourceUnit--newRRUPage-anchBar-application-manageresources-display-component---newResourceUnit--control-anchor","interaction":{"idSuffix":"BDI-content"}},"wdio_ui5_key":"applicationmanageresources-display-component---newResourceUnit--newRRUPage-anchBar-application-manageresources-display-component---newResourceUnit--control-anchor"}]}
RESULT: undefined
COMMAND: POST /session/f199610b81d2740d08c28d2a7b12bbb6/element - {"using":"xpath","value":"//*[@id=\"application-manageresources-display-component---newResourceUnit--newRRUPage-anchBar-application-manageresources-display-component---newResourceUnit--control-anchor\"]"}
RESULT: {"using":"xpath","value":"//*[@id=\"application-manageresources-display-component---newResourceUnit--newRRUPage-anchBar-application-manageresources-display-component---newResourceUnit--control-anchor\"]"}
COMMAND: POST /session/f199610b81d2740d08c28d2a7b12bbb6/element/f.2BFA133D83E8FE08190C073C8C008530.d.E8CCE07C580C34E75BA755DD86D9FDF5.e.24187/click - {}
RESULT: {}
COMMAND: POST /session/f199610b81d2740d08c28d2a7b12bbb6/execute/async - {"script":"<script> [1562 bytes]","args":[{"selector":{"id":"application-manageresources-display-component---newResourceUnit--PLANNING_GROUP","interaction":{"idSuffix":"inner"}},"wdio_ui5_key":"applicationmanageresources-display-component---newResourceUnit--PLANNING_GROUP"}]}
COMMAND: GET /session/f199610b81d2740d08c28d2a7b12bbb6/screenshot - {}
RESULT: {"script":"<script> [1562 bytes]","args":[{"selector":{"id":"application-manageresources-display-component---newResourceUnit--PLANNING_GROUP","interaction":{"idSuffix":"inner"}},"wdio_ui5_key":"applicationmanageresources-display-component---newResourceUnit--PLANNING_GROUP"}]}
RESULT: undefined
COMMAND: POST /session/f199610b81d2740d08c28d2a7b12bbb6/execute/async - {"script":"<script> [776 bytes]","args":[{"enterText":"Material","selector":{"id":"application-manageresources-display-component---newResourceUnit--PLANNING_GROUP","interaction":{"idSuffix":"inner"}},"clearTextFirst":true,"interactionType":"ENTER_TEXT"}]}
RESULT: {}
RESULT: {"script":"<script> [776 bytes]","args":[{"enterText":"Material","selector":{"id":"application-manageresources-display-component---newResourceUnit--PLANNING_GROUP","interaction":{"idSuffix":"inner"}},"clearTextFirst":true,"interactionType":"ENTER_TEXT"}]}
COMMAND: POST /session/f199610b81d2740d08c28d2a7b12bbb6/execute/async - {"script":"<script> [1562 bytes]","args":[{"selector":{"id":"application-manageresources-display-component---newResourceUnit--PLANNING_INDICATOR","interaction":{"idSuffix":"inner"}},"wdio_ui5_key":"applicationmanageresources-display-component---newResourceUnit--PLANNING_INDICATOR"}]}
RESULT: {"script":"<script> [1562 bytes]","args":[{"selector":{"id":"application-manageresources-display-component---newResourceUnit--PLANNING_INDICATOR","interaction":{"idSuffix":"inner"}},"wdio_ui5_key":"applicationmanageresources-display-component---newResourceUnit--PLANNING_INDICATOR"}]}
RESULT: undefined
COMMAND: POST /session/f199610b81d2740d08c28d2a7b12bbb6/execute/async - {"script":"<script> [776 bytes]","args":[{"enterText":"10 - infinite","selector":{"id":"application-manageresources-display-component---newResourceUnit--PLANNING_INDICATOR","interaction":{"idSuffix":"inner"}},"clearTextFirst":true,"interactionType":"ENTER_TEXT"}]}
RESULT: {"script":"<script> [776 bytes]","args":[{"enterText":"10 - infinite","selector":{"id":"application-manageresources-display-component---newResourceUnit--PLANNING_INDICATOR","interaction":{"idSuffix":"inner"}},"clearTextFirst":true,"interactionType":"ENTER_TEXT"}]}
COMMAND: POST /session/f199610b81d2740d08c28d2a7b12bbb6/element - {"using":"css selector","value":"#application-manageresources-display-component---newResourceUnit--btnAddTimeSegment"}
RESULT: {"using":"css selector","value":"#application-manageresources-display-component---newResourceUnit--btnAddTimeSegment"}
COMMAND: GET /session/f199610b81d2740d08c28d2a7b12bbb6/element/f.2BFA133D83E8FE08190C073C8C008530.d.E8CCE07C580C34E75BA755DD86D9FDF5.e.24197/rect - {}
RESULT: {}
COMMAND: GET /session/f199610b81d2740d08c28d2a7b12bbb6/window/rect - {}
RESULT: {}
COMMAND: POST /session/f199610b81d2740d08c28d2a7b12bbb6/execute/sync - {"script":"<script> [92 bytes]","args":[]}
RESULT: {"script":"<script> [92 bytes]","args":[]}
COMMAND: POST /session/f199610b81d2740d08c28d2a7b12bbb6/actions - {"actions":[{"id":"action76","type":"wheel","parameters":{},"actions":[{"type":"scroll","x":-1888,"y":-32,"deltaX":0,"deltaY":0,"duration":0,"origin":{"element-6066-11e4-a52e-4f735466cecf":"f.2BFA133D83E8FE08190C073C8C008530.d.E8CCE07C580C34E75BA755DD86D9FDF5.e.24197"}}]}]}
COMMAND: GET /session/f199610b81d2740d08c28d2a7b12bbb6/screenshot - {}
RESULT: {}
COMMAND: POST /session/f199610b81d2740d08c28d2a7b12bbb6/execute/sync - {"script":"<script> [79 bytes]","args":[{"element-6066-11e4-a52e-4f735466cecf":"f.2BFA133D83E8FE08190C073C8C008530.d.E8CCE07C580C34E75BA755DD86D9FDF5.e.24197","ELEMENT":"f.2BFA133D83E8FE08190C073C8C008530.d.E8CCE07C580C34E75BA755DD86D9FDF5.e.24197"},{"block":"start","inline":"nearest"}]}
RESULT: {"script":"<script> [79 bytes]","args":[{"element-6066-11e4-a52e-4f735466cecf":"f.2BFA133D83E8FE08190C073C8C008530.d.E8CCE07C580C34E75BA755DD86D9FDF5.e.24197","ELEMENT":"f.2BFA133D83E8FE08190C073C8C008530.d.E8CCE07C580C34E75BA755DD86D9FDF5.e.24197"},{"block":"start","inline":"nearest"}]}
COMMAND: POST /session/f199610b81d2740d08c28d2a7b12bbb6/execute/async - {"script":"<script> [1562 bytes]","args":[{"selector":{"id":"application-manageresources-display-component---newResourceUnit--btnAddTimeSegment","interaction":{"idSuffix":"inner"}},"wdio_ui5_key":"applicationmanageresources-display-component---newResourceUnit--btnAddTimeSegment"}]}
COMMAND: GET /session/f199610b81d2740d08c28d2a7b12bbb6/screenshot - {}
RESULT: {"script":"<script> [1562 bytes]","args":[{"selector":{"id":"application-manageresources-display-component---newResourceUnit--btnAddTimeSegment","interaction":{"idSuffix":"inner"}},"wdio_ui5_key":"applicationmanageresources-display-component---newResourceUnit--btnAddTimeSegment"}]}
RESULT: undefined
COMMAND: POST /session/f199610b81d2740d08c28d2a7b12bbb6/element - {"using":"xpath","value":"//*[@id=\"application-manageresources-display-component---newResourceUnit--btnAddTimeSegment\"]"}
RESULT: {}
RESULT: {"using":"xpath","value":"//*[@id=\"application-manageresources-display-component---newResourceUnit--btnAddTimeSegment\"]"}
COMMAND: POST /session/f199610b81d2740d08c28d2a7b12bbb6/element/f.2BFA133D83E8FE08190C073C8C008530.d.E8CCE07C580C34E75BA755DD86D9FDF5.e.24197/click - {}
RESULT: {}
COMMAND: GET /session/f199610b81d2740d08c28d2a7b12bbb6/screenshot - {}
RESULT: {}
COMMAND: POST /session/f199610b81d2740d08c28d2a7b12bbb6/element - {"using":"xpath","value":"//input[@id=\"application-manageresources-display-component---newResourceUnit--idRuTSAdmin-application-manageresources-display-component---newResourceUnit--RUTimeSegment-0-inner\"]"}
RESULT: {"using":"xpath","value":"//input[@id=\"application-manageresources-display-component---newResourceUnit--idRuTSAdmin-application-manageresources-display-component---newResourceUnit--RUTimeSegment-0-inner\"]"}
COMMAND: POST /session/f199610b81d2740d08c28d2a7b12bbb6/element/f.2BFA133D83E8FE08190C073C8C008530.d.E8CCE07C580C34E75BA755DD86D9FDF5.e.24202/clear - {}
RESULT: {}
COMMAND: POST /session/f199610b81d2740d08c28d2a7b12bbb6/element/f.2BFA133D83E8FE08190C073C8C008530.d.E8CCE07C580C34E75BA755DD86D9FDF5.e.24202/value - {"text":"544"}
COMMAND: GET /session/f199610b81d2740d08c28d2a7b12bbb6/screenshot - {}
RESULT: {"text":"544"}
COMMAND: GET /session/f199610b81d2740d08c28d2a7b12bbb6/screenshot - {}
RESULT: {}
RESULT: {}
COMMAND: POST /session/f199610b81d2740d08c28d2a7b12bbb6/element - {"using":"xpath","value":"//li[.//span[text()='544']]"}
RESULT: {"using":"xpath","value":"//li[.//span[text()='544']]"}
COMMAND: POST /session/f199610b81d2740d08c28d2a7b12bbb6/element/f.2BFA133D83E8FE08190C073C8C008530.d.E8CCE07C580C34E75BA755DD86D9FDF5.e.24212/click - {}
RESULT: {}
COMMAND: GET /session/f199610b81d2740d08c28d2a7b12bbb6/screenshot - {}
RESULT: {}
COMMAND: POST /session/f199610b81d2740d08c28d2a7b12bbb6/element - {"using":"xpath","value":"(//span[contains(@id, \"-application-manageresources-display-component---newResourceUnit--RUTimeSegment-0-arrow\")])[2]"}
RESULT: {"using":"xpath","value":"(//span[contains(@id, \"-application-manageresources-display-component---newResourceUnit--RUTimeSegment-0-arrow\")])[2]"}
COMMAND: POST /session/f199610b81d2740d08c28d2a7b12bbb6/element/f.2BFA133D83E8FE08190C073C8C008530.d.E8CCE07C580C34E75BA755DD86D9FDF5.e.24213/click - {}
RESULT: {}
COMMAND: POST /session/f199610b81d2740d08c28d2a7b12bbb6/element - {"using":"xpath","value":"//span[contains(text(), \"PM Order\")]"}
COMMAND: GET /session/f199610b81d2740d08c28d2a7b12bbb6/screenshot - {}
RESULT: {"using":"xpath","value":"//span[contains(text(), \"PM Order\")]"}
COMMAND: POST /session/f199610b81d2740d08c28d2a7b12bbb6/element/f.2BFA133D83E8FE08190C073C8C008530.d.E8CCE07C580C34E75BA755DD86D9FDF5.e.24214/click - {}
RESULT: {}
RESULT: {}
COMMAND: GET /session/f199610b81d2740d08c28d2a7b12bbb6/screenshot - {}
RESULT: {}
COMMAND: POST /session/f199610b81d2740d08c28d2a7b12bbb6/element - {"using":"xpath","value":"//td/div/div/div/span[contains(@id, \"newResourceUnit--RUTimeSegment-0-vhi\")][1]"}
RESULT: {"using":"xpath","value":"//td/div/div/div/span[contains(@id, \"newResourceUnit--RUTimeSegment-0-vhi\")][1]"}
COMMAND: GET /session/f199610b81d2740d08c28d2a7b12bbb6/element/f.2BFA133D83E8FE08190C073C8C008530.d.E8CCE07C580C34E75BA755DD86D9FDF5.e.24218/rect - {}
RESULT: {}
COMMAND: GET /session/f199610b81d2740d08c28d2a7b12bbb6/window/rect - {}
RESULT: {}
COMMAND: POST /session/f199610b81d2740d08c28d2a7b12bbb6/execute/sync - {"script":"<script> [92 bytes]","args":[]}
RESULT: {"script":"<script> [92 bytes]","args":[]}
COMMAND: POST /session/f199610b81d2740d08c28d2a7b12bbb6/actions - {"actions":[{"id":"action77","type":"wheel","parameters":{},"actions":[{"type":"scroll","x":-1888,"y":-24,"deltaX":0,"deltaY":0,"duration":0,"origin":{"element-6066-11e4-a52e-4f735466cecf":"f.2BFA133D83E8FE08190C073C8C008530.d.E8CCE07C580C34E75BA755DD86D9FDF5.e.24218"}}]}]}
COMMAND: GET /session/f199610b81d2740d08c28d2a7b12bbb6/screenshot - {}
RESULT: {}
COMMAND: POST /session/f199610b81d2740d08c28d2a7b12bbb6/execute/sync - {"script":"<script> [79 bytes]","args":[{"element-6066-11e4-a52e-4f735466cecf":"f.2BFA133D83E8FE08190C073C8C008530.d.E8CCE07C580C34E75BA755DD86D9FDF5.e.24218","ELEMENT":"f.2BFA133D83E8FE08190C073C8C008530.d.E8CCE07C580C34E75BA755DD86D9FDF5.e.24218"},{"block":"start","inline":"nearest"}]}
RESULT: {"script":"<script> [79 bytes]","args":[{"element-6066-11e4-a52e-4f735466cecf":"f.2BFA133D83E8FE08190C073C8C008530.d.E8CCE07C580C34E75BA755DD86D9FDF5.e.24218","ELEMENT":"f.2BFA133D83E8FE08190C073C8C008530.d.E8CCE07C580C34E75BA755DD86D9FDF5.e.24218"},{"block":"start","inline":"nearest"}]}
COMMAND: GET /session/f199610b81d2740d08c28d2a7b12bbb6/screenshot - {}
RESULT: {}
COMMAND: POST /session/f199610b81d2740d08c28d2a7b12bbb6/element/f.2BFA133D83E8FE08190C073C8C008530.d.E8CCE07C580C34E75BA755DD86D9FDF5.e.24218/click - {}
RESULT: {}
COMMAND: GET /session/f199610b81d2740d08c28d2a7b12bbb6/screenshot - {}
RESULT: {}
COMMAND: POST /session/f199610b81d2740d08c28d2a7b12bbb6/execute/async - {"script":"<script> [1562 bytes]","args":[{"selector":{"controlType":"sap.m.SearchField","properties":{"placeholder":"Search"},"searchOpenDialogs":true,"interaction":{"idSuffix":"I"}},"wdio_ui5_key":"sapm.SearchField{\"placeholder\":\"Search\"}"}]}
RESULT: {"script":"<script> [1562 bytes]","args":[{"selector":{"controlType":"sap.m.SearchField","properties":{"placeholder":"Search"},"searchOpenDialogs":true,"interaction":{"idSuffix":"I"}},"wdio_ui5_key":"sapm.SearchField{\"placeholder\":\"Search\"}"}]}
RESULT: undefined
COMMAND: POST /session/f199610b81d2740d08c28d2a7b12bbb6/execute/async - {"script":"<script> [776 bytes]","args":[{"enterText":"4000360","selector":{"controlType":"sap.m.SearchField","properties":{"placeholder":"Search"},"searchOpenDialogs":true,"interaction":{"idSuffix":"I"}},"clearTextFirst":true,"interactionType":"ENTER_TEXT"}]}
RESULT: {"script":"<script> [776 bytes]","args":[{"enterText":"4000360","selector":{"controlType":"sap.m.SearchField","properties":{"placeholder":"Search"},"searchOpenDialogs":true,"interaction":{"idSuffix":"I"}},"clearTextFirst":true,"interactionType":"ENTER_TEXT"}]}
COMMAND: POST /session/f199610b81d2740d08c28d2a7b12bbb6/actions - {"actions":[{"id":"action78","type":"key","parameters":{},"actions":[{"type":"keyDown","value":"î€‡"},{"type":"pause","duration":10},{"type":"keyUp","value":"î€‡"}]}]}
RESULT: {"actions":[{"id":"action78","type":"key","parameters":{},"actions":[{"type":"keyDown","value":"î€‡"},{"type":"pause","duration":10},{"type":"keyUp","value":"î€‡"}]}]}
COMMAND: GET /session/f199610b81d2740d08c28d2a7b12bbb6/screenshot - {}
RESULT: {}
COMMAND: POST /session/f199610b81d2740d08c28d2a7b12bbb6/element - {"using":"xpath","value":"//td/div/span[contains(text(), \"BGL Vehicles\")]"}
RESULT: {"using":"xpath","value":"//td/div/span[contains(text(), \"BGL Vehicles\")]"}
COMMAND: POST /session/f199610b81d2740d08c28d2a7b12bbb6/element/f.2BFA133D83E8FE08190C073C8C008530.d.E8CCE07C580C34E75BA755DD86D9FDF5.e.24240/click - {}
RESULT: {}
COMMAND: GET /session/f199610b81d2740d08c28d2a7b12bbb6/screenshot - {}
RESULT: {}
COMMAND: POST /session/f199610b81d2740d08c28d2a7b12bbb6/element - {"using":"xpath","value":"//bdi[contains(text(), \"OK\")]"}
RESULT: {"using":"xpath","value":"//bdi[contains(text(), \"OK\")]"}
COMMAND: POST /session/f199610b81d2740d08c28d2a7b12bbb6/element/f.2BFA133D83E8FE08190C073C8C008530.d.E8CCE07C580C34E75BA755DD86D9FDF5.e.24241/click - {}
RESULT: {}
COMMAND: GET /session/f199610b81d2740d08c28d2a7b12bbb6/screenshot - {}
RESULT: {}
COMMAND: POST /session/f199610b81d2740d08c28d2a7b12bbb6/element - {"using":"xpath","value":"//label[contains(@class, 'sapMLabelRequired') and .//bdi[contains(text(), 'Planned Retirement')]]"}
RESULT: {"using":"xpath","value":"//label[contains(@class, 'sapMLabelRequired') and .//bdi[contains(text(), 'Planned Retirement')]]"}
COMMAND: POST /session/f199610b81d2740d08c28d2a7b12bbb6/elements - {"using":"xpath","value":"//label[contains(@class, 'sapMLabelRequired') and .//bdi[contains(text(), 'Planned Retirement')]]"}
RESULT: {"using":"xpath","value":"//label[contains(@class, 'sapMLabelRequired') and .//bdi[contains(text(), 'Planned Retirement')]]"}
COMMAND: POST /session/f199610b81d2740d08c28d2a7b12bbb6/element - {"using":"xpath","value":"//button[@data-kt=\"resourceUnitSaveButton\"]"}
RESULT: {"using":"xpath","value":"//button[@data-kt=\"resourceUnitSaveButton\"]"}
COMMAND: POST /session/f199610b81d2740d08c28d2a7b12bbb6/element/f.2BFA133D83E8FE08190C073C8C008530.d.E8CCE07C580C34E75BA755DD86D9FDF5.e.24139/click - {}
RESULT: {}
COMMAND: GET /session/f199610b81d2740d08c28d2a7b12bbb6/screenshot - {}
RESULT: {}
COMMAND: POST /session/f199610b81d2740d08c28d2a7b12bbb6/element - {"using":"xpath","value":"//bdi[contains(text(), \"Close\")]"}
RESULT: {"using":"xpath","value":"//bdi[contains(text(), \"Close\")]"}
COMMAND: POST /session/f199610b81d2740d08c28d2a7b12bbb6/element/f.2BFA133D83E8FE08190C073C8C008530.d.E8CCE07C580C34E75BA755DD86D9FDF5.e.24248/click - {}
RESULT: {}
COMMAND: GET /session/f199610b81d2740d08c28d2a7b12bbb6/screenshot - {}
RESULT: {}
COMMAND: POST /session/f199610b81d2740d08c28d2a7b12bbb6/element - {"using":"xpath","value":"//header[contains(@id, 'detailRruPage-headerTitle')]/div[1]/div[2]/div[2]/span[1]"}
RESULT: {"using":"xpath","value":"//header[contains(@id, 'detailRruPage-headerTitle')]/div[1]/div[2]/div[2]/span[1]"}
COMMAND: POST /session/f199610b81d2740d08c28d2a7b12bbb6/elements - {"using":"xpath","value":"//header[contains(@id, 'detailRruPage-headerTitle')]/div[1]/div[2]/div[2]/span[1]"}
RESULT: {"using":"xpath","value":"//header[contains(@id, 'detailRruPage-headerTitle')]/div[1]/div[2]/div[2]/span[1]"}
COMMAND: POST /session/f199610b81d2740d08c28d2a7b12bbb6/execute/sync - {"script":"<script> [56 bytes]","args":[{"element-6066-11e4-a52e-4f735466cecf":"f.2BFA133D83E8FE08190C073C8C008530.d.E8CCE07C580C34E75BA755DD86D9FDF5.e.24277","ELEMENT":"f.2BFA133D83E8FE08190C073C8C008530.d.E8CCE07C580C34E75BA755DD86D9FDF5.e.24277"}]}
RESULT: {"script":"<script> [56 bytes]","args":[{"element-6066-11e4-a52e-4f735466cecf":"f.2BFA133D83E8FE08190C073C8C008530.d.E8CCE07C580C34E75BA755DD86D9FDF5.e.24277","ELEMENT":"f.2BFA133D83E8FE08190C073C8C008530.d.E8CCE07C580C34E75BA755DD86D9FDF5.e.24277"}]}
COMMAND: POST /session/f199610b81d2740d08c28d2a7b12bbb6/element - {"using":"css selector","value":"#shell-header-logo"}
COMMAND: GET /session/f199610b81d2740d08c28d2a7b12bbb6/screenshot - {}
RESULT: {"using":"css selector","value":"#shell-header-logo"}
COMMAND: POST /session/f199610b81d2740d08c28d2a7b12bbb6/element/f.2BFA133D83E8FE08190C073C8C008530.d.E8CCE07C580C34E75BA755DD86D9FDF5.e.23617/click - {}
RESULT: {}
RESULT: {}
COMMAND: GET /session/f199610b81d2740d08c28d2a7b12bbb6/screenshot - {}
RESULT: {}
]]></system-out>
    </testcase>
    <testcase classname="chrome.136_0_7103_93.windows.Create_masterdata_for_Yard_Overview_-_trigger_provide_US130988" name="Bin Status Report Should Create New Organization yard" time="0.004" />
    <testcase classname="chrome.136_0_7103_93.windows.Create_masterdata_for_Yard_Overview_-_trigger_provide_US130988" name="Create a Warehouse Movement for created yard" time="50.391">
      <system-out><![CDATA[
COMMAND: POST /session/f199610b81d2740d08c28d2a7b12bbb6/execute/async - {"script":"<script> [1562 bytes]","args":[{"selector":{"controlType":"sap.m.GenericTile","properties":{"header":"Manage Warehouse Movements"}},"wdio_ui5_key":"sapm.GenericTile{\"header\":\"Manage Warehouse Movements\"}"}]}
RESULT: {"script":"<script> [1562 bytes]","args":[{"selector":{"controlType":"sap.m.GenericTile","properties":{"header":"Manage Warehouse Movements"}},"wdio_ui5_key":"sapm.GenericTile{\"header\":\"Manage Warehouse Movements\"}"}]}
RESULT: undefined
COMMAND: POST /session/f199610b81d2740d08c28d2a7b12bbb6/element - {"using":"xpath","value":"//*[@id=\"__tile105\"]"}
RESULT: {"using":"xpath","value":"//*[@id=\"__tile105\"]"}
COMMAND: POST /session/f199610b81d2740d08c28d2a7b12bbb6/element/f.2BFA133D83E8FE08190C073C8C008530.d.E8CCE07C580C34E75BA755DD86D9FDF5.e.24279/click - {}
RESULT: {}
COMMAND: POST /session/f199610b81d2740d08c28d2a7b12bbb6/element - {"using":"xpath","value":"//input[@id='application-warehousemovements-display-component---warehouseMovements--smartFilterBar-filterItemControl_BASIC-YARD-inner']"}
COMMAND: GET /session/f199610b81d2740d08c28d2a7b12bbb6/screenshot - {}
RESULT: {"using":"xpath","value":"//input[@id='application-warehousemovements-display-component---warehouseMovements--smartFilterBar-filterItemControl_BASIC-YARD-inner']"}
COMMAND: POST /session/f199610b81d2740d08c28d2a7b12bbb6/elements - {"using":"xpath","value":"//input[@id='application-warehousemovements-display-component---warehouseMovements--smartFilterBar-filterItemControl_BASIC-YARD-inner']"}
RESULT: {}
RESULT: {"using":"xpath","value":"//input[@id='application-warehousemovements-display-component---warehouseMovements--smartFilterBar-filterItemControl_BASIC-YARD-inner']"}
COMMAND: POST /session/f199610b81d2740d08c28d2a7b12bbb6/element - {"using":"xpath","value":"//input[@id='application-warehousemovements-display-component---warehouseMovements--smartFilterBar-filterItemControl_BASIC-YARD-inner']"}
RESULT: {"using":"xpath","value":"//input[@id='application-warehousemovements-display-component---warehouseMovements--smartFilterBar-filterItemControl_BASIC-YARD-inner']"}
COMMAND: POST /session/f199610b81d2740d08c28d2a7b12bbb6/execute/sync - {"script":"<script> [8489 bytes]","args":[{"element-6066-11e4-a52e-4f735466cecf":"f.2BFA133D83E8FE08190C073C8C008530.d.E8CCE07C580C34E75BA755DD86D9FDF5.e.24302","ELEMENT":"f.2BFA133D83E8FE08190C073C8C008530.d.E8CCE07C580C34E75BA755DD86D9FDF5.e.24302"}]}
RESULT: {"script":"<script> [8489 bytes]","args":[{"element-6066-11e4-a52e-4f735466cecf":"f.2BFA133D83E8FE08190C073C8C008530.d.E8CCE07C580C34E75BA755DD86D9FDF5.e.24302","ELEMENT":"f.2BFA133D83E8FE08190C073C8C008530.d.E8CCE07C580C34E75BA755DD86D9FDF5.e.24302"}]}
COMMAND: GET /session/f199610b81d2740d08c28d2a7b12bbb6/element/f.2BFA133D83E8FE08190C073C8C008530.d.E8CCE07C580C34E75BA755DD86D9FDF5.e.24302/enabled - {}
COMMAND: GET /session/f199610b81d2740d08c28d2a7b12bbb6/screenshot - {}
RESULT: {}
COMMAND: POST /session/f199610b81d2740d08c28d2a7b12bbb6/execute/sync - {"script":"<script> [8489 bytes]","args":[{"element-6066-11e4-a52e-4f735466cecf":"f.2BFA133D83E8FE08190C073C8C008530.d.E8CCE07C580C34E75BA755DD86D9FDF5.e.24302","ELEMENT":"f.2BFA133D83E8FE08190C073C8C008530.d.E8CCE07C580C34E75BA755DD86D9FDF5.e.24302"}]}
COMMAND: GET /session/f199610b81d2740d08c28d2a7b12bbb6/screenshot - {}
RESULT: {}
RESULT: {"script":"<script> [8489 bytes]","args":[{"element-6066-11e4-a52e-4f735466cecf":"f.2BFA133D83E8FE08190C073C8C008530.d.E8CCE07C580C34E75BA755DD86D9FDF5.e.24302","ELEMENT":"f.2BFA133D83E8FE08190C073C8C008530.d.E8CCE07C580C34E75BA755DD86D9FDF5.e.24302"}]}
COMMAND: POST /session/f199610b81d2740d08c28d2a7b12bbb6/execute/sync - {"script":"<script> [5351 bytes]","args":[{"element-6066-11e4-a52e-4f735466cecf":"f.2BFA133D83E8FE08190C073C8C008530.d.E8CCE07C580C34E75BA755DD86D9FDF5.e.24302","ELEMENT":"f.2BFA133D83E8FE08190C073C8C008530.d.E8CCE07C580C34E75BA755DD86D9FDF5.e.24302"}]}
COMMAND: GET /session/f199610b81d2740d08c28d2a7b12bbb6/screenshot - {}
RESULT: {}
RESULT: {"script":"<script> [5351 bytes]","args":[{"element-6066-11e4-a52e-4f735466cecf":"f.2BFA133D83E8FE08190C073C8C008530.d.E8CCE07C580C34E75BA755DD86D9FDF5.e.24302","ELEMENT":"f.2BFA133D83E8FE08190C073C8C008530.d.E8CCE07C580C34E75BA755DD86D9FDF5.e.24302"}]}
COMMAND: GET /session/f199610b81d2740d08c28d2a7b12bbb6/screenshot - {}
RESULT: {}
RESULT: {}
COMMAND: POST /session/f199610b81d2740d08c28d2a7b12bbb6/element/f.2BFA133D83E8FE08190C073C8C008530.d.E8CCE07C580C34E75BA755DD86D9FDF5.e.24302/clear - {}
RESULT: {}
COMMAND: POST /session/f199610b81d2740d08c28d2a7b12bbb6/element/f.2BFA133D83E8FE08190C073C8C008530.d.E8CCE07C580C34E75BA755DD86D9FDF5.e.24302/value - {"text":"544"}
COMMAND: GET /session/f199610b81d2740d08c28d2a7b12bbb6/screenshot - {}
RESULT: {"text":"544"}
COMMAND: POST /session/f199610b81d2740d08c28d2a7b12bbb6/actions - {"actions":[{"id":"action79","type":"key","parameters":{},"actions":[{"type":"keyDown","value":"î€‡"},{"type":"pause","duration":10},{"type":"keyUp","value":"î€‡"}]}]}
COMMAND: GET /session/f199610b81d2740d08c28d2a7b12bbb6/screenshot - {}
RESULT: {}
RESULT: {"actions":[{"id":"action79","type":"key","parameters":{},"actions":[{"type":"keyDown","value":"î€‡"},{"type":"pause","duration":10},{"type":"keyUp","value":"î€‡"}]}]}
COMMAND: GET /session/f199610b81d2740d08c28d2a7b12bbb6/screenshot - {}
RESULT: {}
RESULT: {}
COMMAND: POST /session/f199610b81d2740d08c28d2a7b12bbb6/element - {"using":"xpath","value":"//button[contains(@data-kt, \"MasterMovementAddOverflowToolbarButton\")]"}
RESULT: {"using":"xpath","value":"//button[contains(@data-kt, \"MasterMovementAddOverflowToolbarButton\")]"}
COMMAND: POST /session/f199610b81d2740d08c28d2a7b12bbb6/element/f.2BFA133D83E8FE08190C073C8C008530.d.E8CCE07C580C34E75BA755DD86D9FDF5.e.24326/click - {}
RESULT: {}
COMMAND: GET /session/f199610b81d2740d08c28d2a7b12bbb6/screenshot - {}
RESULT: {}
COMMAND: POST /session/f199610b81d2740d08c28d2a7b12bbb6/element - {"using":"xpath","value":"//*[@id=\"application-warehousemovements-display-component---addMovement--sectionsList-arrow\"]"}
RESULT: {"using":"xpath","value":"//*[@id=\"application-warehousemovements-display-component---addMovement--sectionsList-arrow\"]"}
COMMAND: POST /session/f199610b81d2740d08c28d2a7b12bbb6/element/f.2BFA133D83E8FE08190C073C8C008530.d.E8CCE07C580C34E75BA755DD86D9FDF5.e.24523/click - {}
RESULT: {}
COMMAND: POST /session/f199610b81d2740d08c28d2a7b12bbb6/actions - {"actions":[{"id":"action80","type":"key","parameters":{},"actions":[{"type":"keyDown","value":"î€•"},{"type":"pause","duration":10},{"type":"keyUp","value":"î€•"}]}]}
COMMAND: GET /session/f199610b81d2740d08c28d2a7b12bbb6/screenshot - {}
RESULT: {"actions":[{"id":"action80","type":"key","parameters":{},"actions":[{"type":"keyDown","value":"î€•"},{"type":"pause","duration":10},{"type":"keyUp","value":"î€•"}]}]}
COMMAND: GET /session/f199610b81d2740d08c28d2a7b12bbb6/screenshot - {}
RESULT: {}
RESULT: {}
COMMAND: POST /session/f199610b81d2740d08c28d2a7b12bbb6/actions - {"actions":[{"id":"action81","type":"key","parameters":{},"actions":[{"type":"keyDown","value":"î€‡"},{"type":"pause","duration":10},{"type":"keyUp","value":"î€‡"}]}]}
RESULT: {"actions":[{"id":"action81","type":"key","parameters":{},"actions":[{"type":"keyDown","value":"î€‡"},{"type":"pause","duration":10},{"type":"keyUp","value":"î€‡"}]}]}
COMMAND: GET /session/f199610b81d2740d08c28d2a7b12bbb6/screenshot - {}
RESULT: {}
COMMAND: POST /session/f199610b81d2740d08c28d2a7b12bbb6/element - {"using":"xpath","value":"//*[@id=\"application-warehousemovements-display-component---addMovement--saveMovementBtn-BDI-content\" and text()=\"Save\"]"}
RESULT: {"using":"xpath","value":"//*[@id=\"application-warehousemovements-display-component---addMovement--saveMovementBtn-BDI-content\" and text()=\"Save\"]"}
COMMAND: POST /session/f199610b81d2740d08c28d2a7b12bbb6/element/f.2BFA133D83E8FE08190C073C8C008530.d.E8CCE07C580C34E75BA755DD86D9FDF5.e.24524/click - {}
RESULT: {}
COMMAND: GET /session/f199610b81d2740d08c28d2a7b12bbb6/screenshot - {}
RESULT: {}
COMMAND: POST /session/f199610b81d2740d08c28d2a7b12bbb6/element - {"using":"css selector","value":"#shell-header-logo"}
RESULT: {"using":"css selector","value":"#shell-header-logo"}
COMMAND: POST /session/f199610b81d2740d08c28d2a7b12bbb6/element/f.2BFA133D83E8FE08190C073C8C008530.d.E8CCE07C580C34E75BA755DD86D9FDF5.e.24283/click - {}
RESULT: {}
COMMAND: GET /session/f199610b81d2740d08c28d2a7b12bbb6/screenshot - {}
RESULT: {}
]]></system-out>
    </testcase>
    <testcase classname="chrome.136_0_7103_93.windows.Create_masterdata_for_Yard_Overview_-_trigger_provide_US130988" name="Should do a stock increase handover for equipment" time="92.853">
      <system-out><![CDATA[
COMMAND: POST /session/f199610b81d2740d08c28d2a7b12bbb6/execute/async - {"script":"<script> [1562 bytes]","args":[{"selector":{"controlType":"sap.m.GenericTile","properties":{"header":"Manage Handovers"}},"wdio_ui5_key":"sapm.GenericTile{\"header\":\"Manage Handovers\"}"}]}
RESULT: {"script":"<script> [1562 bytes]","args":[{"selector":{"controlType":"sap.m.GenericTile","properties":{"header":"Manage Handovers"}},"wdio_ui5_key":"sapm.GenericTile{\"header\":\"Manage Handovers\"}"}]}
RESULT: undefined
COMMAND: POST /session/f199610b81d2740d08c28d2a7b12bbb6/element - {"using":"xpath","value":"//*[@id=\"__tile130\"]"}
RESULT: {"using":"xpath","value":"//*[@id=\"__tile130\"]"}
COMMAND: POST /session/f199610b81d2740d08c28d2a7b12bbb6/element/f.2BFA133D83E8FE08190C073C8C008530.d.E8CCE07C580C34E75BA755DD86D9FDF5.e.23663/click - {}
RESULT: {}
COMMAND: GET /session/f199610b81d2740d08c28d2a7b12bbb6/screenshot - {}
RESULT: {}
COMMAND: POST /session/f199610b81d2740d08c28d2a7b12bbb6/elements - {"using":"xpath","value":"//span[text()='Error']"}
RESULT: {"using":"xpath","value":"//span[text()='Error']"}
COMMAND: POST /session/f199610b81d2740d08c28d2a7b12bbb6/element - {"using":"xpath","value":"//button[@data-kt=\"masterHOAddButton\"]"}
RESULT: {"using":"xpath","value":"//button[@data-kt=\"masterHOAddButton\"]"}
COMMAND: POST /session/f199610b81d2740d08c28d2a7b12bbb6/elements - {"using":"xpath","value":"//button[@data-kt=\"masterHOAddButton\"]"}
RESULT: {"using":"xpath","value":"//button[@data-kt=\"masterHOAddButton\"]"}
COMMAND: POST /session/f199610b81d2740d08c28d2a7b12bbb6/execute/sync - {"script":"<script> [8489 bytes]","args":[{"element-6066-11e4-a52e-4f735466cecf":"f.2BFA133D83E8FE08190C073C8C008530.d.E8CCE07C580C34E75BA755DD86D9FDF5.e.24636","ELEMENT":"f.2BFA133D83E8FE08190C073C8C008530.d.E8CCE07C580C34E75BA755DD86D9FDF5.e.24636"}]}
RESULT: {"script":"<script> [8489 bytes]","args":[{"element-6066-11e4-a52e-4f735466cecf":"f.2BFA133D83E8FE08190C073C8C008530.d.E8CCE07C580C34E75BA755DD86D9FDF5.e.24636","ELEMENT":"f.2BFA133D83E8FE08190C073C8C008530.d.E8CCE07C580C34E75BA755DD86D9FDF5.e.24636"}]}
COMMAND: GET /session/f199610b81d2740d08c28d2a7b12bbb6/element/f.2BFA133D83E8FE08190C073C8C008530.d.E8CCE07C580C34E75BA755DD86D9FDF5.e.24636/enabled - {}
COMMAND: GET /session/f199610b81d2740d08c28d2a7b12bbb6/screenshot - {}
RESULT: {}
RESULT: {}
COMMAND: POST /session/f199610b81d2740d08c28d2a7b12bbb6/execute/sync - {"script":"<script> [8489 bytes]","args":[{"element-6066-11e4-a52e-4f735466cecf":"f.2BFA133D83E8FE08190C073C8C008530.d.E8CCE07C580C34E75BA755DD86D9FDF5.e.24636","ELEMENT":"f.2BFA133D83E8FE08190C073C8C008530.d.E8CCE07C580C34E75BA755DD86D9FDF5.e.24636"}]}
COMMAND: GET /session/f199610b81d2740d08c28d2a7b12bbb6/screenshot - {}
RESULT: {"script":"<script> [8489 bytes]","args":[{"element-6066-11e4-a52e-4f735466cecf":"f.2BFA133D83E8FE08190C073C8C008530.d.E8CCE07C580C34E75BA755DD86D9FDF5.e.24636","ELEMENT":"f.2BFA133D83E8FE08190C073C8C008530.d.E8CCE07C580C34E75BA755DD86D9FDF5.e.24636"}]}
COMMAND: POST /session/f199610b81d2740d08c28d2a7b12bbb6/execute/sync - {"script":"<script> [5351 bytes]","args":[{"element-6066-11e4-a52e-4f735466cecf":"f.2BFA133D83E8FE08190C073C8C008530.d.E8CCE07C580C34E75BA755DD86D9FDF5.e.24636","ELEMENT":"f.2BFA133D83E8FE08190C073C8C008530.d.E8CCE07C580C34E75BA755DD86D9FDF5.e.24636"}]}
COMMAND: GET /session/f199610b81d2740d08c28d2a7b12bbb6/screenshot - {}
RESULT: {}
RESULT: {"script":"<script> [5351 bytes]","args":[{"element-6066-11e4-a52e-4f735466cecf":"f.2BFA133D83E8FE08190C073C8C008530.d.E8CCE07C580C34E75BA755DD86D9FDF5.e.24636","ELEMENT":"f.2BFA133D83E8FE08190C073C8C008530.d.E8CCE07C580C34E75BA755DD86D9FDF5.e.24636"}]}
COMMAND: POST /session/f199610b81d2740d08c28d2a7b12bbb6/element/f.2BFA133D83E8FE08190C073C8C008530.d.E8CCE07C580C34E75BA755DD86D9FDF5.e.24636/click - {}
COMMAND: GET /session/f199610b81d2740d08c28d2a7b12bbb6/screenshot - {}
RESULT: {}
RESULT: {}
COMMAND: GET /session/f199610b81d2740d08c28d2a7b12bbb6/screenshot - {}
COMMAND: POST /session/f199610b81d2740d08c28d2a7b12bbb6/element - {"using":"xpath","value":"//span[contains(@id ,\"AddNewHO--typeSelect-arrow\")]"}
RESULT: {}
RESULT: {}
RESULT: {"using":"xpath","value":"//span[contains(@id ,\"AddNewHO--typeSelect-arrow\")]"}
COMMAND: POST /session/f199610b81d2740d08c28d2a7b12bbb6/element/f.2BFA133D83E8FE08190C073C8C008530.d.E8CCE07C580C34E75BA755DD86D9FDF5.e.24972/click - {}
RESULT: {}
COMMAND: GET /session/f199610b81d2740d08c28d2a7b12bbb6/screenshot - {}
RESULT: {}
COMMAND: POST /session/f199610b81d2740d08c28d2a7b12bbb6/element - {"using":"xpath","value":"(//li[contains(text(), \"stock increase yard\")])[1]"}
RESULT: {"using":"xpath","value":"(//li[contains(text(), \"stock increase yard\")])[1]"}
COMMAND: POST /session/f199610b81d2740d08c28d2a7b12bbb6/element/f.2BFA133D83E8FE08190C073C8C008530.d.E8CCE07C580C34E75BA755DD86D9FDF5.e.24973/click - {}
RESULT: {}
COMMAND: GET /session/f199610b81d2740d08c28d2a7b12bbb6/screenshot - {}
RESULT: {}
COMMAND: POST /session/f199610b81d2740d08c28d2a7b12bbb6/execute/async - {"script":"<script> [1562 bytes]","args":[{"selector":{"id":"application-managehandovers-display-component---AddNewHO--dueDate","interaction":{"idSuffix":"inner"}},"wdio_ui5_key":"applicationmanagehandovers-display-component---AddNewHO--dueDate"}]}
RESULT: {"script":"<script> [1562 bytes]","args":[{"selector":{"id":"application-managehandovers-display-component---AddNewHO--dueDate","interaction":{"idSuffix":"inner"}},"wdio_ui5_key":"applicationmanagehandovers-display-component---AddNewHO--dueDate"}]}
RESULT: undefined
COMMAND: POST /session/f199610b81d2740d08c28d2a7b12bbb6/execute/async - {"script":"<script> [6424 bytes]","args":[{"element-6066-11e4-a52e-4f735466cecf":"f.2BFA133D83E8FE08190C073C8C008530.d.E8CCE07C580C34E75BA755DD86D9FDF5.e.24977"},"setValue",["5/19/25"]]}
RESULT: {"script":"<script> [6424 bytes]","args":[{"element-6066-11e4-a52e-4f735466cecf":"f.2BFA133D83E8FE08190C073C8C008530.d.E8CCE07C580C34E75BA755DD86D9FDF5.e.24977"},"setValue",["5/19/25"]]}
COMMAND: POST /session/f199610b81d2740d08c28d2a7b12bbb6/element - {"using":"xpath","value":"//input[@id=\"generalSectionFrg--receiveYard-inner\"]"}
RESULT: {"using":"xpath","value":"//input[@id=\"generalSectionFrg--receiveYard-inner\"]"}
COMMAND: POST /session/f199610b81d2740d08c28d2a7b12bbb6/element/f.2BFA133D83E8FE08190C073C8C008530.d.E8CCE07C580C34E75BA755DD86D9FDF5.e.24981/clear - {}
RESULT: {}
COMMAND: POST /session/f199610b81d2740d08c28d2a7b12bbb6/element/f.2BFA133D83E8FE08190C073C8C008530.d.E8CCE07C580C34E75BA755DD86D9FDF5.e.24981/value - {"text":"544"}
COMMAND: GET /session/f199610b81d2740d08c28d2a7b12bbb6/screenshot - {}
RESULT: {"text":"544"}
COMMAND: GET /session/f199610b81d2740d08c28d2a7b12bbb6/screenshot - {}
RESULT: {}
RESULT: {}
COMMAND: POST /session/f199610b81d2740d08c28d2a7b12bbb6/element - {"using":"xpath","value":"//li[.//span[text()='544']]"}
RESULT: {"using":"xpath","value":"//li[.//span[text()='544']]"}
COMMAND: POST /session/f199610b81d2740d08c28d2a7b12bbb6/element/f.2BFA133D83E8FE08190C073C8C008530.d.E8CCE07C580C34E75BA755DD86D9FDF5.e.24995/click - {}
RESULT: {}
COMMAND: GET /session/f199610b81d2740d08c28d2a7b12bbb6/screenshot - {}
RESULT: {}
COMMAND: POST /session/f199610b81d2740d08c28d2a7b12bbb6/execute/async - {"script":"<script> [1562 bytes]","args":[{"selector":{"id":"application-managehandovers-display-component---AddNewHO--ObjectPageLayout-anchBar-application-managehandovers-display-component---AddNewHO--section4-anchor","interaction":{"idSuffix":"BDI-content"}},"wdio_ui5_key":"applicationmanagehandovers-display-component---AddNewHO--ObjectPageLayout-anchBar-application-managehandovers-display-component---AddNewHO--section4-anchor"}]}
RESULT: {"script":"<script> [1562 bytes]","args":[{"selector":{"id":"application-managehandovers-display-component---AddNewHO--ObjectPageLayout-anchBar-application-managehandovers-display-component---AddNewHO--section4-anchor","interaction":{"idSuffix":"BDI-content"}},"wdio_ui5_key":"applicationmanagehandovers-display-component---AddNewHO--ObjectPageLayout-anchBar-application-managehandovers-display-component---AddNewHO--section4-anchor"}]}
RESULT: undefined
COMMAND: POST /session/f199610b81d2740d08c28d2a7b12bbb6/element - {"using":"xpath","value":"//*[@id=\"application-managehandovers-display-component---AddNewHO--ObjectPageLayout-anchBar-application-managehandovers-display-component---AddNewHO--section4-anchor\"]"}
RESULT: {"using":"xpath","value":"//*[@id=\"application-managehandovers-display-component---AddNewHO--ObjectPageLayout-anchBar-application-managehandovers-display-component---AddNewHO--section4-anchor\"]"}
COMMAND: POST /session/f199610b81d2740d08c28d2a7b12bbb6/element/f.2BFA133D83E8FE08190C073C8C008530.d.E8CCE07C580C34E75BA755DD86D9FDF5.e.24997/click - {}
RESULT: {}
COMMAND: POST /session/f199610b81d2740d08c28d2a7b12bbb6/element - {"using":"xpath","value":"//button[@aria-label=\"Add\"]"}
COMMAND: GET /session/f199610b81d2740d08c28d2a7b12bbb6/screenshot - {}
RESULT: {"using":"xpath","value":"//button[@aria-label=\"Add\"]"}
COMMAND: POST /session/f199610b81d2740d08c28d2a7b12bbb6/element/f.2BFA133D83E8FE08190C073C8C008530.d.E8CCE07C580C34E75BA755DD86D9FDF5.e.25001/click - {}
RESULT: {}
RESULT: {}
COMMAND: GET /session/f199610b81d2740d08c28d2a7b12bbb6/screenshot - {}
RESULT: {}
COMMAND: POST /session/f199610b81d2740d08c28d2a7b12bbb6/execute/async - {"script":"<script> [1562 bytes]","args":[{"selector":{"id":"application-managehandovers-display-component---AddNewHO--smartFilterBar-btnBasicSearch","searchOpenDialogs":true,"interaction":{"idSuffix":"I"}},"wdio_ui5_key":"applicationmanagehandovers-display-component---AddNewHO--smartFilterBar-btnBasicSearch"}]}
RESULT: {"script":"<script> [1562 bytes]","args":[{"selector":{"id":"application-managehandovers-display-component---AddNewHO--smartFilterBar-btnBasicSearch","searchOpenDialogs":true,"interaction":{"idSuffix":"I"}},"wdio_ui5_key":"applicationmanagehandovers-display-component---AddNewHO--smartFilterBar-btnBasicSearch"}]}
RESULT: undefined
COMMAND: POST /session/f199610b81d2740d08c28d2a7b12bbb6/execute/async - {"script":"<script> [776 bytes]","args":[{"enterText":"200295","selector":{"id":"application-managehandovers-display-component---AddNewHO--smartFilterBar-btnBasicSearch","searchOpenDialogs":true,"interaction":{"idSuffix":"I"}},"clearTextFirst":true,"interactionType":"ENTER_TEXT"}]}
RESULT: {"script":"<script> [776 bytes]","args":[{"enterText":"200295","selector":{"id":"application-managehandovers-display-component---AddNewHO--smartFilterBar-btnBasicSearch","searchOpenDialogs":true,"interaction":{"idSuffix":"I"}},"clearTextFirst":true,"interactionType":"ENTER_TEXT"}]}
COMMAND: POST /session/f199610b81d2740d08c28d2a7b12bbb6/actions - {"actions":[{"id":"action82","type":"key","parameters":{},"actions":[{"type":"keyDown","value":"î€‡"},{"type":"pause","duration":10},{"type":"keyUp","value":"î€‡"}]}]}
RESULT: {"actions":[{"id":"action82","type":"key","parameters":{},"actions":[{"type":"keyDown","value":"î€‡"},{"type":"pause","duration":10},{"type":"keyUp","value":"î€‡"}]}]}
COMMAND: GET /session/f199610b81d2740d08c28d2a7b12bbb6/screenshot - {}
RESULT: {}
COMMAND: POST /session/f199610b81d2740d08c28d2a7b12bbb6/execute/async - {"script":"<script> [1562 bytes]","args":[{"selector":{"id":"application-managehandovers-display-component---AddNewHO--popup-sa","searchOpenDialogs":true,"interaction":{"idSuffix":"CbBg"}},"wdio_ui5_key":"applicationmanagehandovers-display-component---AddNewHO--popup-sa"}]}
RESULT: {"script":"<script> [1562 bytes]","args":[{"selector":{"id":"application-managehandovers-display-component---AddNewHO--popup-sa","searchOpenDialogs":true,"interaction":{"idSuffix":"CbBg"}},"wdio_ui5_key":"applicationmanagehandovers-display-component---AddNewHO--popup-sa"}]}
RESULT: undefined
COMMAND: POST /session/f199610b81d2740d08c28d2a7b12bbb6/element - {"using":"xpath","value":"//*[@id=\"application-managehandovers-display-component---AddNewHO--popup-sa\"]"}
RESULT: {"using":"xpath","value":"//*[@id=\"application-managehandovers-display-component---AddNewHO--popup-sa\"]"}
COMMAND: POST /session/f199610b81d2740d08c28d2a7b12bbb6/element/f.2BFA133D83E8FE08190C073C8C008530.d.E8CCE07C580C34E75BA755DD86D9FDF5.e.25154/click - {}
RESULT: {}
COMMAND: GET /session/f199610b81d2740d08c28d2a7b12bbb6/screenshot - {}
RESULT: {}
COMMAND: POST /session/f199610b81d2740d08c28d2a7b12bbb6/element - {"using":"xpath","value":"//bdi[contains(text(), \"Select\")]"}
RESULT: {"using":"xpath","value":"//bdi[contains(text(), \"Select\")]"}
COMMAND: POST /session/f199610b81d2740d08c28d2a7b12bbb6/element/f.2BFA133D83E8FE08190C073C8C008530.d.E8CCE07C580C34E75BA755DD86D9FDF5.e.25155/click - {}
RESULT: {}
COMMAND: GET /session/f199610b81d2740d08c28d2a7b12bbb6/screenshot - {}
RESULT: {}
COMMAND: POST /session/f199610b81d2740d08c28d2a7b12bbb6/element - {"using":"xpath","value":"//button[@data-kt=\"AddNewHOSaveButton\"]"}
RESULT: {"using":"xpath","value":"//button[@data-kt=\"AddNewHOSaveButton\"]"}
COMMAND: POST /session/f199610b81d2740d08c28d2a7b12bbb6/element/f.2BFA133D83E8FE08190C073C8C008530.d.E8CCE07C580C34E75BA755DD86D9FDF5.e.25159/click - {}
RESULT: {}
COMMAND: GET /session/f199610b81d2740d08c28d2a7b12bbb6/screenshot - {}
RESULT: {}
COMMAND: POST /session/f199610b81d2740d08c28d2a7b12bbb6/execute/async - {"script":"<script> [1562 bytes]","args":[{"selector":{"id":"receiptDatePicker","viewName":"etm.portal.ui.managehandovers.view.DetailExecuteHO","interaction":{"idSuffix":"inner"}},"wdio_ui5_key":"receiptDatePickeretmportal.ui.managehandovers.view.DetailExecuteHO"}]}
RESULT: {"script":"<script> [1562 bytes]","args":[{"selector":{"id":"receiptDatePicker","viewName":"etm.portal.ui.managehandovers.view.DetailExecuteHO","interaction":{"idSuffix":"inner"}},"wdio_ui5_key":"receiptDatePickeretmportal.ui.managehandovers.view.DetailExecuteHO"}]}
RESULT: undefined
COMMAND: POST /session/f199610b81d2740d08c28d2a7b12bbb6/execute/async - {"script":"<script> [6424 bytes]","args":[{"element-6066-11e4-a52e-4f735466cecf":"f.2BFA133D83E8FE08190C073C8C008530.d.E8CCE07C580C34E75BA755DD86D9FDF5.e.25178"},"setValue",["5/19/25"]]}
RESULT: {"script":"<script> [6424 bytes]","args":[{"element-6066-11e4-a52e-4f735466cecf":"f.2BFA133D83E8FE08190C073C8C008530.d.E8CCE07C580C34E75BA755DD86D9FDF5.e.25178"},"setValue",["5/19/25"]]}
COMMAND: POST /session/f199610b81d2740d08c28d2a7b12bbb6/element - {"using":"xpath","value":"//button[@data-kt=\"PickingTableConfirmAllButton\"]"}
RESULT: {"using":"xpath","value":"//button[@data-kt=\"PickingTableConfirmAllButton\"]"}
COMMAND: POST /session/f199610b81d2740d08c28d2a7b12bbb6/element/f.2BFA133D83E8FE08190C073C8C008530.d.E8CCE07C580C34E75BA755DD86D9FDF5.e.25195/click - {}
RESULT: {}
COMMAND: GET /session/f199610b81d2740d08c28d2a7b12bbb6/screenshot - {}
RESULT: {}
COMMAND: POST /session/f199610b81d2740d08c28d2a7b12bbb6/element - {"using":"xpath","value":"//bdi[contains(text(), \"OK\")]"}
RESULT: {"using":"xpath","value":"//bdi[contains(text(), \"OK\")]"}
COMMAND: POST /session/f199610b81d2740d08c28d2a7b12bbb6/element/f.2BFA133D83E8FE08190C073C8C008530.d.E8CCE07C580C34E75BA755DD86D9FDF5.e.25197/click - {}
RESULT: {}
COMMAND: GET /session/f199610b81d2740d08c28d2a7b12bbb6/screenshot - {}
RESULT: {}
COMMAND: POST /session/f199610b81d2740d08c28d2a7b12bbb6/element - {"using":"xpath","value":"(//bdi[contains(text(), \"Receive\")])[2]"}
RESULT: {"using":"xpath","value":"(//bdi[contains(text(), \"Receive\")])[2]"}
COMMAND: POST /session/f199610b81d2740d08c28d2a7b12bbb6/element/f.2BFA133D83E8FE08190C073C8C008530.d.E8CCE07C580C34E75BA755DD86D9FDF5.e.25199/click - {}
RESULT: {}
COMMAND: GET /session/f199610b81d2740d08c28d2a7b12bbb6/screenshot - {}
RESULT: {}
COMMAND: POST /session/f199610b81d2740d08c28d2a7b12bbb6/element - {"using":"css selector","value":"#shell-header-logo"}
RESULT: {"using":"css selector","value":"#shell-header-logo"}
COMMAND: POST /session/f199610b81d2740d08c28d2a7b12bbb6/element/f.2BFA133D83E8FE08190C073C8C008530.d.E8CCE07C580C34E75BA755DD86D9FDF5.e.24601/click - {}
RESULT: {}
COMMAND: GET /session/f199610b81d2740d08c28d2a7b12bbb6/screenshot - {}
RESULT: {}
]]></system-out>
    </testcase>
    <testcase classname="chrome.136_0_7103_93.windows.Create_masterdata_for_Yard_Overview_-_trigger_provide_US130988" name="Set status to defect" time="60.671">
      <system-out><![CDATA[
COMMAND: POST /session/f199610b81d2740d08c28d2a7b12bbb6/execute/async - {"script":"<script> [1562 bytes]","args":[{"selector":{"controlType":"sap.m.GenericTile","properties":{"header":"Manage States & Performance"}},"wdio_ui5_key":"sapm.GenericTile{\"header\":\"Manage States & Performance\"}"}]}
RESULT: {"script":"<script> [1562 bytes]","args":[{"selector":{"controlType":"sap.m.GenericTile","properties":{"header":"Manage States & Performance"}},"wdio_ui5_key":"sapm.GenericTile{\"header\":\"Manage States & Performance\"}"}]}
RESULT: undefined
COMMAND: POST /session/f199610b81d2740d08c28d2a7b12bbb6/element - {"using":"xpath","value":"//*[@id=\"__tile96\"]"}
RESULT: {"using":"xpath","value":"//*[@id=\"__tile96\"]"}
COMMAND: POST /session/f199610b81d2740d08c28d2a7b12bbb6/element/f.2BFA133D83E8FE08190C073C8C008530.d.E8CCE07C580C34E75BA755DD86D9FDF5.e.23708/click - {}
RESULT: {}
COMMAND: GET /session/f199610b81d2740d08c28d2a7b12bbb6/screenshot - {}
RESULT: {}
COMMAND: POST /session/f199610b81d2740d08c28d2a7b12bbb6/elements - {"using":"xpath","value":"//span[text()='Error']"}
RESULT: {"using":"xpath","value":"//span[text()='Error']"}
COMMAND: POST /session/f199610b81d2740d08c28d2a7b12bbb6/execute/async - {"script":"<script> [1562 bytes]","args":[{"selector":{"controlType":"sap.ui.core.Icon","viewName":"etm.portal.ui.managestatesandperformance.view.Master","viewId":"application-managestatesandperformance-display-component---stateAndPerform","properties":{"src":{"regex":{"source":"inventory"}}}},"wdio_ui5_key":"etmportal.ui.managestatesandperformance.view.Mastersap.ui.core.Icon{\"src\":{\"regex\":{\"source\":\"inventory\"}}}"}]}
RESULT: {"script":"<script> [1562 bytes]","args":[{"selector":{"controlType":"sap.ui.core.Icon","viewName":"etm.portal.ui.managestatesandperformance.view.Master","viewId":"application-managestatesandperformance-display-component---stateAndPerform","properties":{"src":{"regex":{"source":"inventory"}}}},"wdio_ui5_key":"etmportal.ui.managestatesandperformance.view.Mastersap.ui.core.Icon{\"src\":{\"regex\":{\"source\":\"inventory\"}}}"}]}
RESULT: undefined
COMMAND: POST /session/f199610b81d2740d08c28d2a7b12bbb6/element - {"using":"xpath","value":"//*[@id=\"__filter57-icon\"]"}
RESULT: {"using":"xpath","value":"//*[@id=\"__filter57-icon\"]"}
COMMAND: POST /session/f199610b81d2740d08c28d2a7b12bbb6/element/f.2BFA133D83E8FE08190C073C8C008530.d.E8CCE07C580C34E75BA755DD86D9FDF5.e.25460/click - {}
RESULT: {}
COMMAND: POST /session/f199610b81d2740d08c28d2a7b12bbb6/execute/async - {"script":"<script> [1562 bytes]","args":[{"selector":{"id":"application-managestatesandperformance-display-component---stateAndPerform--smartFilterBarYard-btnBasicSearch","interaction":{"idSuffix":"I"}},"wdio_ui5_key":"applicationmanagestatesandperformance-display-component---stateAndPerform--smartFilterBarYard-btnBasicSearch"}]}
COMMAND: GET /session/f199610b81d2740d08c28d2a7b12bbb6/screenshot - {}
RESULT: {"script":"<script> [1562 bytes]","args":[{"selector":{"id":"application-managestatesandperformance-display-component---stateAndPerform--smartFilterBarYard-btnBasicSearch","interaction":{"idSuffix":"I"}},"wdio_ui5_key":"applicationmanagestatesandperformance-display-component---stateAndPerform--smartFilterBarYard-btnBasicSearch"}]}
RESULT: undefined
COMMAND: POST /session/f199610b81d2740d08c28d2a7b12bbb6/execute/async - {"script":"<script> [776 bytes]","args":[{"enterText":"200295","selector":{"id":"application-managestatesandperformance-display-component---stateAndPerform--smartFilterBarYard-btnBasicSearch","interaction":{"idSuffix":"I"}},"clearTextFirst":true,"interactionType":"ENTER_TEXT"}]}
RESULT: {}
RESULT: {"script":"<script> [776 bytes]","args":[{"enterText":"200295","selector":{"id":"application-managestatesandperformance-display-component---stateAndPerform--smartFilterBarYard-btnBasicSearch","interaction":{"idSuffix":"I"}},"clearTextFirst":true,"interactionType":"ENTER_TEXT"}]}
COMMAND: POST /session/f199610b81d2740d08c28d2a7b12bbb6/actions - {"actions":[{"id":"action83","type":"key","parameters":{},"actions":[{"type":"keyDown","value":"î€‡"},{"type":"pause","duration":10},{"type":"keyUp","value":"î€‡"}]}]}
RESULT: {"actions":[{"id":"action83","type":"key","parameters":{},"actions":[{"type":"keyDown","value":"î€‡"},{"type":"pause","duration":10},{"type":"keyUp","value":"î€‡"}]}]}
COMMAND: GET /session/f199610b81d2740d08c28d2a7b12bbb6/screenshot - {}
RESULT: {}
COMMAND: POST /session/f199610b81d2740d08c28d2a7b12bbb6/element - {"using":"xpath","value":"(//span[contains(@id, \"imgNav\")])[1]"}
RESULT: {"using":"xpath","value":"(//span[contains(@id, \"imgNav\")])[1]"}
COMMAND: POST /session/f199610b81d2740d08c28d2a7b12bbb6/element/f.2BFA133D83E8FE08190C073C8C008530.d.E8CCE07C580C34E75BA755DD86D9FDF5.e.25539/click - {}
RESULT: {}
COMMAND: GET /session/f199610b81d2740d08c28d2a7b12bbb6/screenshot - {}
RESULT: {}
COMMAND: POST /session/f199610b81d2740d08c28d2a7b12bbb6/execute/async - {"script":"<script> [1562 bytes]","args":[{"selector":{"controlType":"sap.m.Button","viewName":"etm.portal.ui.managestatesandperformance.view.Detail","viewId":"application-managestatesandperformance-display-component---detailStateAndPerform","i18NText":{"propertyName":"text","key":"createStateChange"},"interaction":{"idSuffix":"content"}},"wdio_ui5_key":"etmportal.ui.managestatesandperformance.view.Detailsap.m.Button{\"propertyName\":\"text\",\"key\":\"createStateChange\"}"}]}
RESULT: {"script":"<script> [1562 bytes]","args":[{"selector":{"controlType":"sap.m.Button","viewName":"etm.portal.ui.managestatesandperformance.view.Detail","viewId":"application-managestatesandperformance-display-component---detailStateAndPerform","i18NText":{"propertyName":"text","key":"createStateChange"},"interaction":{"idSuffix":"content"}},"wdio_ui5_key":"etmportal.ui.managestatesandperformance.view.Detailsap.m.Button{\"propertyName\":\"text\",\"key\":\"createStateChange\"}"}]}
RESULT: undefined
COMMAND: POST /session/f199610b81d2740d08c28d2a7b12bbb6/element - {"using":"xpath","value":"//*[@id=\"__button163\"]"}
RESULT: {"using":"xpath","value":"//*[@id=\"__button163\"]"}
COMMAND: POST /session/f199610b81d2740d08c28d2a7b12bbb6/element/f.2BFA133D83E8FE08190C073C8C008530.d.E8CCE07C580C34E75BA755DD86D9FDF5.e.25584/click - {}
RESULT: {}
COMMAND: GET /session/f199610b81d2740d08c28d2a7b12bbb6/screenshot - {}
RESULT: {}
COMMAND: POST /session/f199610b81d2740d08c28d2a7b12bbb6/execute/async - {"script":"<script> [1562 bytes]","args":[{"selector":{"id":"addStateDialog--stateSelect","searchOpenDialogs":true,"interaction":{"idSuffix":"arrow"}},"wdio_ui5_key":"addStateDialogstateSelect"}]}
RESULT: {"script":"<script> [1562 bytes]","args":[{"selector":{"id":"addStateDialog--stateSelect","searchOpenDialogs":true,"interaction":{"idSuffix":"arrow"}},"wdio_ui5_key":"addStateDialogstateSelect"}]}
RESULT: undefined
COMMAND: POST /session/f199610b81d2740d08c28d2a7b12bbb6/element - {"using":"xpath","value":"//*[@id=\"addStateDialog--stateSelect\"]"}
RESULT: {"using":"xpath","value":"//*[@id=\"addStateDialog--stateSelect\"]"}
COMMAND: POST /session/f199610b81d2740d08c28d2a7b12bbb6/element/f.2BFA133D83E8FE08190C073C8C008530.d.E8CCE07C580C34E75BA755DD86D9FDF5.e.25617/click - {}
RESULT: {}
COMMAND: GET /session/f199610b81d2740d08c28d2a7b12bbb6/screenshot - {}
RESULT: {}
COMMAND: POST /session/f199610b81d2740d08c28d2a7b12bbb6/element - {"using":"xpath","value":"//li[text()=\"defect\"]"}
RESULT: {"using":"xpath","value":"//li[text()=\"defect\"]"}
COMMAND: POST /session/f199610b81d2740d08c28d2a7b12bbb6/element/f.2BFA133D83E8FE08190C073C8C008530.d.E8CCE07C580C34E75BA755DD86D9FDF5.e.25619/click - {}
RESULT: {}
COMMAND: GET /session/f199610b81d2740d08c28d2a7b12bbb6/screenshot - {}
RESULT: {}
COMMAND: POST /session/f199610b81d2740d08c28d2a7b12bbb6/element - {"using":"xpath","value":"//span[contains(@id,\"incrementBtn\")]"}
RESULT: {"using":"xpath","value":"//span[contains(@id,\"incrementBtn\")]"}
COMMAND: POST /session/f199610b81d2740d08c28d2a7b12bbb6/element/f.2BFA133D83E8FE08190C073C8C008530.d.E8CCE07C580C34E75BA755DD86D9FDF5.e.25621/click - {}
RESULT: {}
COMMAND: GET /session/f199610b81d2740d08c28d2a7b12bbb6/screenshot - {}
RESULT: {}
COMMAND: POST /session/f199610b81d2740d08c28d2a7b12bbb6/element - {"using":"xpath","value":"//button[@data-kt=\"confirmAddStateButton\"]"}
RESULT: {"using":"xpath","value":"//button[@data-kt=\"confirmAddStateButton\"]"}
COMMAND: POST /session/f199610b81d2740d08c28d2a7b12bbb6/element/f.2BFA133D83E8FE08190C073C8C008530.d.E8CCE07C580C34E75BA755DD86D9FDF5.e.25622/click - {}
RESULT: {}
COMMAND: GET /session/f199610b81d2740d08c28d2a7b12bbb6/screenshot - {}
RESULT: {}
COMMAND: POST /session/f199610b81d2740d08c28d2a7b12bbb6/element - {"using":"css selector","value":"#shell-header-logo"}
RESULT: {"using":"css selector","value":"#shell-header-logo"}
COMMAND: POST /session/f199610b81d2740d08c28d2a7b12bbb6/element/f.2BFA133D83E8FE08190C073C8C008530.d.E8CCE07C580C34E75BA755DD86D9FDF5.e.25373/click - {}
RESULT: {}
COMMAND: GET /session/f199610b81d2740d08c28d2a7b12bbb6/screenshot - {}
RESULT: {}
]]></system-out>
    </testcase>
    <testcase classname="chrome.136_0_7103_93.windows.Create_masterdata_for_Yard_Overview_-_trigger_provide_US130988" name="Should do a Stock Decrease" time="127.199">
      <system-out><![CDATA[
RESULT: undefined
COMMAND: POST /session/f199610b81d2740d08c28d2a7b12bbb6/element - {"using":"xpath","value":"//*[@id=\"__tile130\"]"}
RESULT: {"using":"xpath","value":"//*[@id=\"__tile130\"]"}
COMMAND: POST /session/f199610b81d2740d08c28d2a7b12bbb6/element/f.2BFA133D83E8FE08190C073C8C008530.d.E8CCE07C580C34E75BA755DD86D9FDF5.e.23663/click - {}
RESULT: {}
COMMAND: GET /session/f199610b81d2740d08c28d2a7b12bbb6/screenshot - {}
RESULT: {}
COMMAND: POST /session/f199610b81d2740d08c28d2a7b12bbb6/elements - {"using":"xpath","value":"//span[text()='Error']"}
RESULT: {"using":"xpath","value":"//span[text()='Error']"}
COMMAND: POST /session/f199610b81d2740d08c28d2a7b12bbb6/element - {"using":"xpath","value":"//button[@data-kt=\"masterHOAddButton\"]"}
RESULT: {"using":"xpath","value":"//button[@data-kt=\"masterHOAddButton\"]"}
COMMAND: POST /session/f199610b81d2740d08c28d2a7b12bbb6/elements - {"using":"xpath","value":"//button[@data-kt=\"masterHOAddButton\"]"}
RESULT: {"using":"xpath","value":"//button[@data-kt=\"masterHOAddButton\"]"}
COMMAND: POST /session/f199610b81d2740d08c28d2a7b12bbb6/execute/sync - {"script":"<script> [8489 bytes]","args":[{"element-6066-11e4-a52e-4f735466cecf":"f.2BFA133D83E8FE08190C073C8C008530.d.E8CCE07C580C34E75BA755DD86D9FDF5.e.25651","ELEMENT":"f.2BFA133D83E8FE08190C073C8C008530.d.E8CCE07C580C34E75BA755DD86D9FDF5.e.25651"}]}
RESULT: {"script":"<script> [8489 bytes]","args":[{"element-6066-11e4-a52e-4f735466cecf":"f.2BFA133D83E8FE08190C073C8C008530.d.E8CCE07C580C34E75BA755DD86D9FDF5.e.25651","ELEMENT":"f.2BFA133D83E8FE08190C073C8C008530.d.E8CCE07C580C34E75BA755DD86D9FDF5.e.25651"}]}
COMMAND: GET /session/f199610b81d2740d08c28d2a7b12bbb6/element/f.2BFA133D83E8FE08190C073C8C008530.d.E8CCE07C580C34E75BA755DD86D9FDF5.e.25651/enabled - {}
COMMAND: GET /session/f199610b81d2740d08c28d2a7b12bbb6/screenshot - {}
RESULT: {}
COMMAND: POST /session/f199610b81d2740d08c28d2a7b12bbb6/execute/sync - {"script":"<script> [8489 bytes]","args":[{"element-6066-11e4-a52e-4f735466cecf":"f.2BFA133D83E8FE08190C073C8C008530.d.E8CCE07C580C34E75BA755DD86D9FDF5.e.25651","ELEMENT":"f.2BFA133D83E8FE08190C073C8C008530.d.E8CCE07C580C34E75BA755DD86D9FDF5.e.25651"}]}
COMMAND: GET /session/f199610b81d2740d08c28d2a7b12bbb6/screenshot - {}
RESULT: {}
RESULT: {"script":"<script> [8489 bytes]","args":[{"element-6066-11e4-a52e-4f735466cecf":"f.2BFA133D83E8FE08190C073C8C008530.d.E8CCE07C580C34E75BA755DD86D9FDF5.e.25651","ELEMENT":"f.2BFA133D83E8FE08190C073C8C008530.d.E8CCE07C580C34E75BA755DD86D9FDF5.e.25651"}]}
COMMAND: POST /session/f199610b81d2740d08c28d2a7b12bbb6/execute/sync - {"script":"<script> [5351 bytes]","args":[{"element-6066-11e4-a52e-4f735466cecf":"f.2BFA133D83E8FE08190C073C8C008530.d.E8CCE07C580C34E75BA755DD86D9FDF5.e.25651","ELEMENT":"f.2BFA133D83E8FE08190C073C8C008530.d.E8CCE07C580C34E75BA755DD86D9FDF5.e.25651"}]}
COMMAND: GET /session/f199610b81d2740d08c28d2a7b12bbb6/screenshot - {}
RESULT: {}
RESULT: {"script":"<script> [5351 bytes]","args":[{"element-6066-11e4-a52e-4f735466cecf":"f.2BFA133D83E8FE08190C073C8C008530.d.E8CCE07C580C34E75BA755DD86D9FDF5.e.25651","ELEMENT":"f.2BFA133D83E8FE08190C073C8C008530.d.E8CCE07C580C34E75BA755DD86D9FDF5.e.25651"}]}
COMMAND: POST /session/f199610b81d2740d08c28d2a7b12bbb6/element/f.2BFA133D83E8FE08190C073C8C008530.d.E8CCE07C580C34E75BA755DD86D9FDF5.e.25651/click - {}
COMMAND: GET /session/f199610b81d2740d08c28d2a7b12bbb6/screenshot - {}
RESULT: {}
RESULT: {}
COMMAND: GET /session/f199610b81d2740d08c28d2a7b12bbb6/screenshot - {}
COMMAND: POST /session/f199610b81d2740d08c28d2a7b12bbb6/element - {"using":"xpath","value":"//span[contains(@id ,\"AddNewHO--typeSelect-arrow\")]"}
RESULT: {}
RESULT: {}
RESULT: {"using":"xpath","value":"//span[contains(@id ,\"AddNewHO--typeSelect-arrow\")]"}
COMMAND: POST /session/f199610b81d2740d08c28d2a7b12bbb6/element/f.2BFA133D83E8FE08190C073C8C008530.d.E8CCE07C580C34E75BA755DD86D9FDF5.e.26069/click - {}
RESULT: {}
COMMAND: GET /session/f199610b81d2740d08c28d2a7b12bbb6/screenshot - {}
RESULT: {}
COMMAND: POST /session/f199610b81d2740d08c28d2a7b12bbb6/element - {"using":"xpath","value":"(//li[contains(text(), \"stock decrease yard\")])[1]"}
RESULT: {"using":"xpath","value":"(//li[contains(text(), \"stock decrease yard\")])[1]"}
COMMAND: POST /session/f199610b81d2740d08c28d2a7b12bbb6/element/f.2BFA133D83E8FE08190C073C8C008530.d.E8CCE07C580C34E75BA755DD86D9FDF5.e.26070/click - {}
RESULT: {}
COMMAND: GET /session/f199610b81d2740d08c28d2a7b12bbb6/screenshot - {}
RESULT: undefined
COMMAND: POST /session/f199610b81d2740d08c28d2a7b12bbb6/execute/async - {"script":"<script> [6424 bytes]","args":[{"element-6066-11e4-a52e-4f735466cecf":"f.2BFA133D83E8FE08190C073C8C008530.d.E8CCE07C580C34E75BA755DD86D9FDF5.e.24977"},"setValue",["5/19/25"]]}
RESULT: {}
COMMAND: POST /session/f199610b81d2740d08c28d2a7b12bbb6/execute/async - {"script":"<script> [1562 bytes]","args":[{"selector":{"id":"application-managehandovers-display-component---AddNewHO--dueDate","interaction":{"idSuffix":"inner"}},"wdio_ui5_key":"applicationmanagehandovers-display-component---AddNewHO--dueDate"}]}
RESULT: {"script":"<script> [1562 bytes]","args":[{"selector":{"id":"application-managehandovers-display-component---AddNewHO--dueDate","interaction":{"idSuffix":"inner"}},"wdio_ui5_key":"applicationmanagehandovers-display-component---AddNewHO--dueDate"}]}
COMMAND: POST /session/f199610b81d2740d08c28d2a7b12bbb6/execute/async - {"script":"<script> [6424 bytes]","args":[{"element-6066-11e4-a52e-4f735466cecf":"f.2BFA133D83E8FE08190C073C8C008530.d.E8CCE07C580C34E75BA755DD86D9FDF5.e.26072"},"setValue",["5/19/25"]]}
RESULT: {"script":"<script> [6424 bytes]","args":[{"element-6066-11e4-a52e-4f735466cecf":"f.2BFA133D83E8FE08190C073C8C008530.d.E8CCE07C580C34E75BA755DD86D9FDF5.e.26072"},"setValue",["5/19/25"]]}
COMMAND: POST /session/f199610b81d2740d08c28d2a7b12bbb6/element - {"using":"xpath","value":"//input[@id=\"generalSectionFrg--sendYard-inner\"]"}
RESULT: {"using":"xpath","value":"//input[@id=\"generalSectionFrg--sendYard-inner\"]"}
COMMAND: POST /session/f199610b81d2740d08c28d2a7b12bbb6/element/f.2BFA133D83E8FE08190C073C8C008530.d.E8CCE07C580C34E75BA755DD86D9FDF5.e.26076/clear - {}
RESULT: {}
COMMAND: POST /session/f199610b81d2740d08c28d2a7b12bbb6/element/f.2BFA133D83E8FE08190C073C8C008530.d.E8CCE07C580C34E75BA755DD86D9FDF5.e.26076/value - {"text":"544"}
COMMAND: GET /session/f199610b81d2740d08c28d2a7b12bbb6/screenshot - {}
RESULT: {"text":"544"}
COMMAND: GET /session/f199610b81d2740d08c28d2a7b12bbb6/screenshot - {}
RESULT: {}
RESULT: {}
COMMAND: POST /session/f199610b81d2740d08c28d2a7b12bbb6/element - {"using":"xpath","value":"//li[.//span[text()='544']]"}
RESULT: {"using":"xpath","value":"//li[.//span[text()='544']]"}
COMMAND: POST /session/f199610b81d2740d08c28d2a7b12bbb6/element/f.2BFA133D83E8FE08190C073C8C008530.d.E8CCE07C580C34E75BA755DD86D9FDF5.e.26093/click - {}
RESULT: {}
COMMAND: GET /session/f199610b81d2740d08c28d2a7b12bbb6/screenshot - {}
RESULT: {}
COMMAND: POST /session/f199610b81d2740d08c28d2a7b12bbb6/execute/async - {"script":"<script> [1562 bytes]","args":[{"selector":{"controlType":"sap.ui.core.Icon","viewName":"etm.portal.ui.managehandovers.view.AddNewHO","viewId":"application-managehandovers-display-component---AddNewHO","properties":{"src":{"regex":{"source":"slim\\-arrow\\-down"}}},"ancestor":{"controlType":"etm.portal.ui.reusables.customControls.LiveSearchComboBox","viewName":"etm.portal.ui.managehandovers.view.AddNewHO","viewId":"application-managehandovers-display-component---AddNewHO","bindingPath":{"path":"","propertyPath":"/FORWARDER","modelName":"hoItemsModel"}}},"wdio_ui5_key":"etmportal.ui.managehandovers.view.AddNewHOsap.ui.core.Icon{\"src\":{\"regex\":{\"source\":\"slim\\\\-arrow\\\\-down\"}}}{\"controlType\":\"etm.portal.ui.reusables.customControls.LiveSearchComboBox\",\"viewName\":\"etm.portal.ui.managehandovers.view.AddNewHO\",\"viewId\":\"application-managehandovers-display-component---AddNewHO\",\"bindingPath\":{\"path\":\"\",\"propertyPath\":\"/FORWARDER\",\"modelName\":\"hoItemsModel\"}}"}]}
RESULT: {"script":"<script> [1562 bytes]","args":[{"selector":{"controlType":"sap.ui.core.Icon","viewName":"etm.portal.ui.managehandovers.view.AddNewHO","viewId":"application-managehandovers-display-component---AddNewHO","properties":{"src":{"regex":{"source":"slim\\-arrow\\-down"}}},"ancestor":{"controlType":"etm.portal.ui.reusables.customControls.LiveSearchComboBox","viewName":"etm.portal.ui.managehandovers.view.AddNewHO","viewId":"application-managehandovers-display-component---AddNewHO","bindingPath":{"path":"","propertyPath":"/FORWARDER","modelName":"hoItemsModel"}}},"wdio_ui5_key":"etmportal.ui.managehandovers.view.AddNewHOsap.ui.core.Icon{\"src\":{\"regex\":{\"source\":\"slim\\\\-arrow\\\\-down\"}}}{\"controlType\":\"etm.portal.ui.reusables.customControls.LiveSearchComboBox\",\"viewName\":\"etm.portal.ui.managehandovers.view.AddNewHO\",\"viewId\":\"application-managehandovers-display-component---AddNewHO\",\"bindingPath\":{\"path\":\"\",\"propertyPath\":\"/FORWARDER\",\"modelName\":\"hoItemsModel\"}}"}]}
RESULT: undefined
COMMAND: POST /session/f199610b81d2740d08c28d2a7b12bbb6/element - {"using":"xpath","value":"//*[@id=\"__box41-arrow\"]"}
RESULT: {"using":"xpath","value":"//*[@id=\"__box41-arrow\"]"}
COMMAND: POST /session/f199610b81d2740d08c28d2a7b12bbb6/element/f.2BFA133D83E8FE08190C073C8C008530.d.E8CCE07C580C34E75BA755DD86D9FDF5.e.26094/click - {}
RESULT: {}
COMMAND: GET /session/f199610b81d2740d08c28d2a7b12bbb6/screenshot - {}
RESULT: {}
COMMAND: POST /session/f199610b81d2740d08c28d2a7b12bbb6/execute/async - {"script":"<script> [1562 bytes]","args":[{"selector":{"controlType":"sap.m.StandardListItem","viewName":"etm.portal.ui.managehandovers.view.AddNewHO","viewId":"application-managehandovers-display-component---AddNewHO","properties":{"title":"1002 - Test "},"searchOpenDialogs":true,"interaction":{"idSuffix":"content"}},"wdio_ui5_key":"etmportal.ui.managehandovers.view.AddNewHOsap.m.StandardListItem{\"title\":\"1002 - Test \"}"}]}
RESULT: {"script":"<script> [1562 bytes]","args":[{"selector":{"controlType":"sap.m.StandardListItem","viewName":"etm.portal.ui.managehandovers.view.AddNewHO","viewId":"application-managehandovers-display-component---AddNewHO","properties":{"title":"1002 - Test "},"searchOpenDialogs":true,"interaction":{"idSuffix":"content"}},"wdio_ui5_key":"etmportal.ui.managehandovers.view.AddNewHOsap.m.StandardListItem{\"title\":\"1002 - Test \"}"}]}
RESULT: undefined
COMMAND: POST /session/f199610b81d2740d08c28d2a7b12bbb6/element - {"using":"xpath","value":"//*[@id=\"__item1176\"]"}
RESULT: {"using":"xpath","value":"//*[@id=\"__item1176\"]"}
COMMAND: POST /session/f199610b81d2740d08c28d2a7b12bbb6/element/f.2BFA133D83E8FE08190C073C8C008530.d.E8CCE07C580C34E75BA755DD86D9FDF5.e.26097/click - {}
RESULT: {}
COMMAND: GET /session/f199610b81d2740d08c28d2a7b12bbb6/screenshot - {}
RESULT: {}
COMMAND: POST /session/f199610b81d2740d08c28d2a7b12bbb6/execute/async - {"script":"<script> [1562 bytes]","args":[{"selector":{"controlType":"sap.m.Input","viewName":"etm.portal.ui.managehandovers.view.AddNewHO","viewId":"application-managehandovers-display-component---AddNewHO","bindingPath":{"path":"","propertyPath":"/DRIVER","modelName":"hoItemsModel"},"interaction":{"idSuffix":"inner"}},"wdio_ui5_key":"etmportal.ui.managehandovers.view.AddNewHOsap.m.Input{\"path\":\"\",\"propertyPath\":\"/DRIVER\",\"modelName\":\"hoItemsModel\"}"}]}
RESULT: {"script":"<script> [1562 bytes]","args":[{"selector":{"controlType":"sap.m.Input","viewName":"etm.portal.ui.managehandovers.view.AddNewHO","viewId":"application-managehandovers-display-component---AddNewHO","bindingPath":{"path":"","propertyPath":"/DRIVER","modelName":"hoItemsModel"},"interaction":{"idSuffix":"inner"}},"wdio_ui5_key":"etmportal.ui.managehandovers.view.AddNewHOsap.m.Input{\"path\":\"\",\"propertyPath\":\"/DRIVER\",\"modelName\":\"hoItemsModel\"}"}]}
RESULT: undefined
COMMAND: POST /session/f199610b81d2740d08c28d2a7b12bbb6/execute/async - {"script":"<script> [776 bytes]","args":[{"enterText":"StockDecrease Driver","selector":{"controlType":"sap.m.Input","viewName":"etm.portal.ui.managehandovers.view.AddNewHO","viewId":"application-managehandovers-display-component---AddNewHO","bindingPath":{"path":"","propertyPath":"/DRIVER","modelName":"hoItemsModel"},"interaction":{"idSuffix":"inner"}},"clearTextFirst":true,"interactionType":"ENTER_TEXT"}]}
RESULT: {"script":"<script> [776 bytes]","args":[{"enterText":"StockDecrease Driver","selector":{"controlType":"sap.m.Input","viewName":"etm.portal.ui.managehandovers.view.AddNewHO","viewId":"application-managehandovers-display-component---AddNewHO","bindingPath":{"path":"","propertyPath":"/DRIVER","modelName":"hoItemsModel"},"interaction":{"idSuffix":"inner"}},"clearTextFirst":true,"interactionType":"ENTER_TEXT"}]}
COMMAND: POST /session/f199610b81d2740d08c28d2a7b12bbb6/execute/async - {"script":"<script> [1562 bytes]","args":[{"selector":{"id":"application-managehandovers-display-component---AddNewHO--responsibleCB-arrow"},"wdio_ui5_key":"applicationmanagehandovers-display-component---AddNewHO--responsibleCB-arrow"}]}
RESULT: {"script":"<script> [1562 bytes]","args":[{"selector":{"id":"application-managehandovers-display-component---AddNewHO--responsibleCB-arrow"},"wdio_ui5_key":"applicationmanagehandovers-display-component---AddNewHO--responsibleCB-arrow"}]}
RESULT: undefined
COMMAND: POST /session/f199610b81d2740d08c28d2a7b12bbb6/element - {"using":"xpath","value":"//*[@id=\"application-managehandovers-display-component---AddNewHO--responsibleCB-arrow\"]"}
RESULT: {"using":"xpath","value":"//*[@id=\"application-managehandovers-display-component---AddNewHO--responsibleCB-arrow\"]"}
COMMAND: POST /session/f199610b81d2740d08c28d2a7b12bbb6/element/f.2BFA133D83E8FE08190C073C8C008530.d.E8CCE07C580C34E75BA755DD86D9FDF5.e.26099/click - {}
RESULT: {}
COMMAND: GET /session/f199610b81d2740d08c28d2a7b12bbb6/screenshot - {}
RESULT: {}
COMMAND: POST /session/f199610b81d2740d08c28d2a7b12bbb6/execute/async - {"script":"<script> [1562 bytes]","args":[{"selector":{"controlType":"sap.m.StandardListItem","viewName":"etm.portal.ui.managehandovers.view.AddNewHO","viewId":"application-managehandovers-display-component---AddNewHO","properties":{"title":"1 - Test unit Update "},"searchOpenDialogs":true},"wdio_ui5_key":"etmportal.ui.managehandovers.view.AddNewHOsap.m.StandardListItem{\"title\":\"1 - Test unit Update \"}"}]}
RESULT: {"script":"<script> [1562 bytes]","args":[{"selector":{"controlType":"sap.m.StandardListItem","viewName":"etm.portal.ui.managehandovers.view.AddNewHO","viewId":"application-managehandovers-display-component---AddNewHO","properties":{"title":"1 - Test unit Update "},"searchOpenDialogs":true},"wdio_ui5_key":"etmportal.ui.managehandovers.view.AddNewHOsap.m.StandardListItem{\"title\":\"1 - Test unit Update \"}"}]}
RESULT: undefined
COMMAND: POST /session/f199610b81d2740d08c28d2a7b12bbb6/element - {"using":"xpath","value":"//*[@id=\"__item1275\"]"}
RESULT: {"using":"xpath","value":"//*[@id=\"__item1275\"]"}
COMMAND: POST /session/f199610b81d2740d08c28d2a7b12bbb6/element/f.2BFA133D83E8FE08190C073C8C008530.d.E8CCE07C580C34E75BA755DD86D9FDF5.e.26100/click - {}
RESULT: {}
COMMAND: GET /session/f199610b81d2740d08c28d2a7b12bbb6/screenshot - {}
RESULT: {}
RESULT: undefined
COMMAND: POST /session/f199610b81d2740d08c28d2a7b12bbb6/element - {"using":"xpath","value":"//*[@id=\"application-managehandovers-display-component---AddNewHO--ObjectPageLayout-anchBar-application-managehandovers-display-component---AddNewHO--section4-anchor\"]"}
RESULT: {"using":"xpath","value":"//*[@id=\"application-managehandovers-display-component---AddNewHO--ObjectPageLayout-anchBar-application-managehandovers-display-component---AddNewHO--section4-anchor\"]"}
COMMAND: POST /session/f199610b81d2740d08c28d2a7b12bbb6/element/f.2BFA133D83E8FE08190C073C8C008530.d.E8CCE07C580C34E75BA755DD86D9FDF5.e.26101/click - {}
RESULT: {}
COMMAND: GET /session/f199610b81d2740d08c28d2a7b12bbb6/screenshot - {}
RESULT: {}
COMMAND: POST /session/f199610b81d2740d08c28d2a7b12bbb6/execute/async - {"script":"<script> [1562 bytes]","args":[{"selector":{"controlType":"sap.ui.core.Icon","viewName":"etm.portal.ui.managehandovers.view.AddNewHO","viewId":"application-managehandovers-display-component---AddNewHO","properties":{"src":{"regex":{"source":"add"}}}},"wdio_ui5_key":"etmportal.ui.managehandovers.view.AddNewHOsap.ui.core.Icon{\"src\":{\"regex\":{\"source\":\"add\"}}}"}]}
RESULT: {"script":"<script> [1562 bytes]","args":[{"selector":{"controlType":"sap.ui.core.Icon","viewName":"etm.portal.ui.managehandovers.view.AddNewHO","viewId":"application-managehandovers-display-component---AddNewHO","properties":{"src":{"regex":{"source":"add"}}}},"wdio_ui5_key":"etmportal.ui.managehandovers.view.AddNewHOsap.ui.core.Icon{\"src\":{\"regex\":{\"source\":\"add\"}}}"}]}
RESULT: undefined
COMMAND: POST /session/f199610b81d2740d08c28d2a7b12bbb6/element - {"using":"xpath","value":"//*[@id=\"__button193-img\"]"}
RESULT: {"using":"xpath","value":"//*[@id=\"__button193-img\"]"}
COMMAND: POST /session/f199610b81d2740d08c28d2a7b12bbb6/element/f.2BFA133D83E8FE08190C073C8C008530.d.E8CCE07C580C34E75BA755DD86D9FDF5.e.26104/click - {}
RESULT: {}
RESULT: undefined
COMMAND: POST /session/f199610b81d2740d08c28d2a7b12bbb6/execute/async - {"script":"<script> [776 bytes]","args":[{"enterText":"200295","selector":{"id":"application-managehandovers-display-component---AddNewHO--smartFilterBar-btnBasicSearch","searchOpenDialogs":true,"interaction":{"idSuffix":"I"}},"clearTextFirst":true,"interactionType":"ENTER_TEXT"}]}
COMMAND: GET /session/f199610b81d2740d08c28d2a7b12bbb6/screenshot - {}
RESULT: {"script":"<script> [776 bytes]","args":[{"enterText":"200295","selector":{"id":"application-managehandovers-display-component---AddNewHO--smartFilterBar-btnBasicSearch","searchOpenDialogs":true,"interaction":{"idSuffix":"I"}},"clearTextFirst":true,"interactionType":"ENTER_TEXT"}]}
RESULT: {}
RESULT: undefined
COMMAND: POST /session/f199610b81d2740d08c28d2a7b12bbb6/element - {"using":"xpath","value":"//*[@id=\"application-managehandovers-display-component---AddNewHO--popup-sa\"]"}
RESULT: {"using":"xpath","value":"//*[@id=\"application-managehandovers-display-component---AddNewHO--popup-sa\"]"}
COMMAND: POST /session/f199610b81d2740d08c28d2a7b12bbb6/element/f.2BFA133D83E8FE08190C073C8C008530.d.E8CCE07C580C34E75BA755DD86D9FDF5.e.26140/click - {}
RESULT: {}
COMMAND: GET /session/f199610b81d2740d08c28d2a7b12bbb6/screenshot - {}
RESULT: {}
COMMAND: POST /session/f199610b81d2740d08c28d2a7b12bbb6/element - {"using":"xpath","value":"//*[contains(@id ,\"BDI-content\")][contains(text(), \"Select\")]"}
RESULT: {"using":"xpath","value":"//*[contains(@id ,\"BDI-content\")][contains(text(), \"Select\")]"}
COMMAND: POST /session/f199610b81d2740d08c28d2a7b12bbb6/element/f.2BFA133D83E8FE08190C073C8C008530.d.E8CCE07C580C34E75BA755DD86D9FDF5.e.26141/click - {}
RESULT: {}
COMMAND: POST /session/f199610b81d2740d08c28d2a7b12bbb6/execute/async - {"script":"<script> [1562 bytes]","args":[{"selector":{"controlType":"sap.m.Button","viewName":"etm.portal.ui.managehandovers.view.AddNewHO","viewId":"application-managehandovers-display-component---AddNewHO","bindingPath":{"path":"/items/0","propertyPath":"QUANTITY","modelName":"hoItemsModel"},"interaction":{"idSuffix":"inner"}},"wdio_ui5_key":"etmportal.ui.managehandovers.view.AddNewHOsap.m.Button{\"path\":\"/items/0\",\"propertyPath\":\"QUANTITY\",\"modelName\":\"hoItemsModel\"}"}]}
COMMAND: GET /session/f199610b81d2740d08c28d2a7b12bbb6/screenshot - {}
RESULT: {"script":"<script> [1562 bytes]","args":[{"selector":{"controlType":"sap.m.Button","viewName":"etm.portal.ui.managehandovers.view.AddNewHO","viewId":"application-managehandovers-display-component---AddNewHO","bindingPath":{"path":"/items/0","propertyPath":"QUANTITY","modelName":"hoItemsModel"},"interaction":{"idSuffix":"inner"}},"wdio_ui5_key":"etmportal.ui.managehandovers.view.AddNewHOsap.m.Button{\"path\":\"/items/0\",\"propertyPath\":\"QUANTITY\",\"modelName\":\"hoItemsModel\"}"}]}
RESULT: undefined
COMMAND: POST /session/f199610b81d2740d08c28d2a7b12bbb6/element - {"using":"xpath","value":"//*[@id=\"__button194-__clone2614\"]"}
RESULT: {}
RESULT: {"using":"xpath","value":"//*[@id=\"__button194-__clone2614\"]"}
COMMAND: POST /session/f199610b81d2740d08c28d2a7b12bbb6/element/f.2BFA133D83E8FE08190C073C8C008530.d.E8CCE07C580C34E75BA755DD86D9FDF5.e.26145/click - {}
RESULT: {}
COMMAND: POST /session/f199610b81d2740d08c28d2a7b12bbb6/execute/async - {"script":"<script> [1562 bytes]","args":[{"selector":{"controlType":"sap.m.NumericInput","viewName":"etm.portal.ui.managehandovers.view.AddNewHO","viewId":"application-managehandovers-display-component---AddNewHO","properties":{"value":"0"},"searchOpenDialogs":true,"interaction":{"idSuffix":"inner"}},"wdio_ui5_key":"etmportal.ui.managehandovers.view.AddNewHOsap.m.NumericInput{\"value\":\"0\"}"}]}
COMMAND: GET /session/f199610b81d2740d08c28d2a7b12bbb6/screenshot - {}
RESULT: {"script":"<script> [1562 bytes]","args":[{"selector":{"controlType":"sap.m.NumericInput","viewName":"etm.portal.ui.managehandovers.view.AddNewHO","viewId":"application-managehandovers-display-component---AddNewHO","properties":{"value":"0"},"searchOpenDialogs":true,"interaction":{"idSuffix":"inner"}},"wdio_ui5_key":"etmportal.ui.managehandovers.view.AddNewHOsap.m.NumericInput{\"value\":\"0\"}"}]}
RESULT: undefined
COMMAND: POST /session/f199610b81d2740d08c28d2a7b12bbb6/execute/async - {"script":"<script> [776 bytes]","args":[{"enterText":"1","selector":{"controlType":"sap.m.NumericInput","viewName":"etm.portal.ui.managehandovers.view.AddNewHO","viewId":"application-managehandovers-display-component---AddNewHO","properties":{"value":"0"},"searchOpenDialogs":true,"interaction":{"idSuffix":"inner"}},"clearTextFirst":true,"interactionType":"ENTER_TEXT"}]}
RESULT: {}
RESULT: {"script":"<script> [776 bytes]","args":[{"enterText":"1","selector":{"controlType":"sap.m.NumericInput","viewName":"etm.portal.ui.managehandovers.view.AddNewHO","viewId":"application-managehandovers-display-component---AddNewHO","properties":{"value":"0"},"searchOpenDialogs":true,"interaction":{"idSuffix":"inner"}},"clearTextFirst":true,"interactionType":"ENTER_TEXT"}]}
COMMAND: POST /session/f199610b81d2740d08c28d2a7b12bbb6/execute/async - {"script":"<script> [1562 bytes]","args":[{"selector":{"controlType":"sap.m.Button","viewName":"etm.portal.ui.managehandovers.view.AddNewHO","viewId":"application-managehandovers-display-component---AddNewHO","i18NText":{"propertyName":"text","key":"confirm"},"searchOpenDialogs":true,"interaction":{"idSuffix":"BDI-content"}},"wdio_ui5_key":"etmportal.ui.managehandovers.view.AddNewHOsap.m.Button{\"propertyName\":\"text\",\"key\":\"confirm\"}"}]}
RESULT: {"script":"<script> [1562 bytes]","args":[{"selector":{"controlType":"sap.m.Button","viewName":"etm.portal.ui.managehandovers.view.AddNewHO","viewId":"application-managehandovers-display-component---AddNewHO","i18NText":{"propertyName":"text","key":"confirm"},"searchOpenDialogs":true,"interaction":{"idSuffix":"BDI-content"}},"wdio_ui5_key":"etmportal.ui.managehandovers.view.AddNewHOsap.m.Button{\"propertyName\":\"text\",\"key\":\"confirm\"}"}]}
RESULT: undefined
COMMAND: POST /session/f199610b81d2740d08c28d2a7b12bbb6/element - {"using":"xpath","value":"//*[@id=\"__button197\"]"}
RESULT: {"using":"xpath","value":"//*[@id=\"__button197\"]"}
COMMAND: POST /session/f199610b81d2740d08c28d2a7b12bbb6/element/f.2BFA133D83E8FE08190C073C8C008530.d.E8CCE07C580C34E75BA755DD86D9FDF5.e.26146/click - {}
RESULT: {}
COMMAND: POST /session/f199610b81d2740d08c28d2a7b12bbb6/execute/async - {"script":"<script> [1562 bytes]","args":[{"selector":{"id":"application-managehandovers-display-component---AddNewHO--confirmCreationButton","interaction":{"idSuffix":"inner"}},"wdio_ui5_key":"applicationmanagehandovers-display-component---AddNewHO--confirmCreationButton"}]}
COMMAND: GET /session/f199610b81d2740d08c28d2a7b12bbb6/screenshot - {}
RESULT: {"script":"<script> [1562 bytes]","args":[{"selector":{"id":"application-managehandovers-display-component---AddNewHO--confirmCreationButton","interaction":{"idSuffix":"inner"}},"wdio_ui5_key":"applicationmanagehandovers-display-component---AddNewHO--confirmCreationButton"}]}
RESULT: undefined
COMMAND: POST /session/f199610b81d2740d08c28d2a7b12bbb6/element - {"using":"xpath","value":"//*[@id=\"application-managehandovers-display-component---AddNewHO--confirmCreationButton\"]"}
RESULT: {}
RESULT: {"using":"xpath","value":"//*[@id=\"application-managehandovers-display-component---AddNewHO--confirmCreationButton\"]"}
COMMAND: POST /session/f199610b81d2740d08c28d2a7b12bbb6/element/f.2BFA133D83E8FE08190C073C8C008530.d.E8CCE07C580C34E75BA755DD86D9FDF5.e.26157/click - {}
RESULT: {}
COMMAND: GET /session/f199610b81d2740d08c28d2a7b12bbb6/screenshot - {}
RESULT: {}
RESULT: undefined
COMMAND: POST /session/f199610b81d2740d08c28d2a7b12bbb6/execute/async - {"script":"<script> [776 bytes]","args":[{"enterText":"5/19/25","selector":{"id":"receiptDatePicker","viewName":"etm.portal.ui.managehandovers.view.DetailExecuteHO","interaction":{"idSuffix":"inner"}},"clearTextFirst":true,"interactionType":"ENTER_TEXT"}]}
RESULT: {"script":"<script> [776 bytes]","args":[{"enterText":"5/19/25","selector":{"id":"receiptDatePicker","viewName":"etm.portal.ui.managehandovers.view.DetailExecuteHO","interaction":{"idSuffix":"inner"}},"clearTextFirst":true,"interactionType":"ENTER_TEXT"}]}
COMMAND: POST /session/f199610b81d2740d08c28d2a7b12bbb6/execute/async - {"script":"<script> [1562 bytes]","args":[{"selector":{"controlType":"sap.m.Button","viewName":"etm.portal.ui.managehandovers.view.DetailExecuteHO","i18NText":{"propertyName":"text","key":"confirmAll"},"interaction":{"idSuffix":"BDI-content"}},"wdio_ui5_key":"etmportal.ui.managehandovers.view.DetailExecuteHOsap.m.Button{\"propertyName\":\"text\",\"key\":\"confirmAll\"}"}]}
RESULT: {"script":"<script> [1562 bytes]","args":[{"selector":{"controlType":"sap.m.Button","viewName":"etm.portal.ui.managehandovers.view.DetailExecuteHO","i18NText":{"propertyName":"text","key":"confirmAll"},"interaction":{"idSuffix":"BDI-content"}},"wdio_ui5_key":"etmportal.ui.managehandovers.view.DetailExecuteHOsap.m.Button{\"propertyName\":\"text\",\"key\":\"confirmAll\"}"}]}
RESULT: undefined
COMMAND: POST /session/f199610b81d2740d08c28d2a7b12bbb6/element - {"using":"xpath","value":"//*[@id=\"__button225\"]"}
RESULT: {"using":"xpath","value":"//*[@id=\"__button225\"]"}
COMMAND: POST /session/f199610b81d2740d08c28d2a7b12bbb6/element/f.2BFA133D83E8FE08190C073C8C008530.d.E8CCE07C580C34E75BA755DD86D9FDF5.e.26190/click - {}
RESULT: {}
COMMAND: GET /session/f199610b81d2740d08c28d2a7b12bbb6/screenshot - {}
RESULT: {}
COMMAND: POST /session/f199610b81d2740d08c28d2a7b12bbb6/execute/async - {"script":"<script> [1562 bytes]","args":[{"selector":{"controlType":"sap.m.Button","properties":{"text":"OK"},"searchOpenDialogs":true,"interaction":{"idSuffix":"inner"}},"wdio_ui5_key":"sapm.Button{\"text\":\"OK\"}"}]}
RESULT: {"script":"<script> [1562 bytes]","args":[{"selector":{"controlType":"sap.m.Button","properties":{"text":"OK"},"searchOpenDialogs":true,"interaction":{"idSuffix":"inner"}},"wdio_ui5_key":"sapm.Button{\"text\":\"OK\"}"}]}
RESULT: undefined
COMMAND: POST /session/f199610b81d2740d08c28d2a7b12bbb6/element - {"using":"xpath","value":"//*[@id=\"__mbox-btn-3\"]"}
RESULT: {"using":"xpath","value":"//*[@id=\"__mbox-btn-3\"]"}
COMMAND: POST /session/f199610b81d2740d08c28d2a7b12bbb6/element/f.2BFA133D83E8FE08190C073C8C008530.d.E8CCE07C580C34E75BA755DD86D9FDF5.e.26191/click - {}
RESULT: {}
COMMAND: GET /session/f199610b81d2740d08c28d2a7b12bbb6/screenshot - {}
RESULT: {}
COMMAND: POST /session/f199610b81d2740d08c28d2a7b12bbb6/element - {"using":"xpath","value":"//bdi[contains(text(), \"Issue\")]"}
RESULT: {"using":"xpath","value":"//bdi[contains(text(), \"Issue\")]"}
COMMAND: POST /session/f199610b81d2740d08c28d2a7b12bbb6/element/f.2BFA133D83E8FE08190C073C8C008530.d.E8CCE07C580C34E75BA755DD86D9FDF5.e.26194/click - {}
RESULT: {}
COMMAND: GET /session/f199610b81d2740d08c28d2a7b12bbb6/screenshot - {}
RESULT: {}
COMMAND: POST /session/f199610b81d2740d08c28d2a7b12bbb6/element - {"using":"css selector","value":"#shell-header-logo"}
RESULT: {"using":"css selector","value":"#shell-header-logo"}
COMMAND: POST /session/f199610b81d2740d08c28d2a7b12bbb6/element/f.2BFA133D83E8FE08190C073C8C008530.d.E8CCE07C580C34E75BA755DD86D9FDF5.e.25628/click - {}
RESULT: {}
COMMAND: GET /session/f199610b81d2740d08c28d2a7b12bbb6/screenshot - {}
RESULT: {}
COMMAND: POST /session/f199610b81d2740d08c28d2a7b12bbb6/element - {"using":"css selector","value":"#j_username"}
COMMAND: POST /session/f199610b81d2740d08c28d2a7b12bbb6/url - {"url":"https://qa-testing-00-live-etm-ui.cfapps.eu10-004.hana.ondemand.com/"}
RESULT: {"using":"css selector","value":"#j_username"}
COMMAND: POST /session/f199610b81d2740d08c28d2a7b12bbb6/element - {"using":"css selector","value":"#j_username"}
RESULT: {"url":"https://qa-testing-00-live-etm-ui.cfapps.eu10-004.hana.ondemand.com/"}
RESULT: undefined
COMMAND: GET /session/f199610b81d2740d08c28d2a7b12bbb6/screenshot - {}
RESULT: {"using":"css selector","value":"#j_username"}
COMMAND: POST /session/f199610b81d2740d08c28d2a7b12bbb6/element - {"using":"css selector","value":"#shell-header-logo"}
RESULT: {}
RESULT: {"using":"css selector","value":"#shell-header-logo"}
COMMAND: POST /session/f199610b81d2740d08c28d2a7b12bbb6/execute/sync - {"script":"<script> [8489 bytes]","args":[{"element-6066-11e4-a52e-4f735466cecf":"f.2BFA133D83E8FE08190C073C8C008530.d.F0C06351B8D5DBD4917E6F149017374E.e.26383","ELEMENT":"f.2BFA133D83E8FE08190C073C8C008530.d.F0C06351B8D5DBD4917E6F149017374E.e.26383"}]}
RESULT: {"script":"<script> [8489 bytes]","args":[{"element-6066-11e4-a52e-4f735466cecf":"f.2BFA133D83E8FE08190C073C8C008530.d.F0C06351B8D5DBD4917E6F149017374E.e.26383","ELEMENT":"f.2BFA133D83E8FE08190C073C8C008530.d.F0C06351B8D5DBD4917E6F149017374E.e.26383"}]}
COMMAND: POST /session/f199610b81d2740d08c28d2a7b12bbb6/element - {"using":"css selector","value":"#shell-header-logo"}
COMMAND: GET /session/f199610b81d2740d08c28d2a7b12bbb6/screenshot - {}
RESULT: {"using":"css selector","value":"#shell-header-logo"}
COMMAND: POST /session/f199610b81d2740d08c28d2a7b12bbb6/execute/sync - {"script":"<script> [8489 bytes]","args":[{"element-6066-11e4-a52e-4f735466cecf":"f.2BFA133D83E8FE08190C073C8C008530.d.F0C06351B8D5DBD4917E6F149017374E.e.26383","ELEMENT":"f.2BFA133D83E8FE08190C073C8C008530.d.F0C06351B8D5DBD4917E6F149017374E.e.26383"}]}
RESULT: {}
RESULT: {"script":"<script> [8489 bytes]","args":[{"element-6066-11e4-a52e-4f735466cecf":"f.2BFA133D83E8FE08190C073C8C008530.d.F0C06351B8D5DBD4917E6F149017374E.e.26383","ELEMENT":"f.2BFA133D83E8FE08190C073C8C008530.d.F0C06351B8D5DBD4917E6F149017374E.e.26383"}]}
COMMAND: POST /session/f199610b81d2740d08c28d2a7b12bbb6/execute/sync - {"script":"<script> [5351 bytes]","args":[{"element-6066-11e4-a52e-4f735466cecf":"f.2BFA133D83E8FE08190C073C8C008530.d.F0C06351B8D5DBD4917E6F149017374E.e.26383","ELEMENT":"f.2BFA133D83E8FE08190C073C8C008530.d.F0C06351B8D5DBD4917E6F149017374E.e.26383"}]}
COMMAND: GET /session/f199610b81d2740d08c28d2a7b12bbb6/screenshot - {}
RESULT: {"script":"<script> [5351 bytes]","args":[{"element-6066-11e4-a52e-4f735466cecf":"f.2BFA133D83E8FE08190C073C8C008530.d.F0C06351B8D5DBD4917E6F149017374E.e.26383","ELEMENT":"f.2BFA133D83E8FE08190C073C8C008530.d.F0C06351B8D5DBD4917E6F149017374E.e.26383"}]}
COMMAND: POST /session/f199610b81d2740d08c28d2a7b12bbb6/element - {"using":"css selector","value":"#shell-header-logo"}
COMMAND: GET /session/f199610b81d2740d08c28d2a7b12bbb6/screenshot - {}
RESULT: {}
RESULT: {"using":"css selector","value":"#shell-header-logo"}
COMMAND: POST /session/f199610b81d2740d08c28d2a7b12bbb6/element/f.2BFA133D83E8FE08190C073C8C008530.d.F0C06351B8D5DBD4917E6F149017374E.e.26383/click - {}
RESULT: {}
RESULT: {}
COMMAND: GET /session/f199610b81d2740d08c28d2a7b12bbb6/screenshot - {}
RESULT: {}
COMMAND: POST /session/f199610b81d2740d08c28d2a7b12bbb6/execute/async - {"script":"<script> [189 bytes]","args":[]}
RESULT: {"script":"<script> [189 bytes]","args":[]}
COMMAND: POST /session/f199610b81d2740d08c28d2a7b12bbb6/execute/async - {"script":"<script> [123 bytes]","args":[]}
RESULT: {"script":"<script> [123 bytes]","args":[]}
COMMAND: POST /session/f199610b81d2740d08c28d2a7b12bbb6/timeouts - {"script":"<number>"}
RESULT: {"script":"<number>"}
COMMAND: GET /session/f199610b81d2740d08c28d2a7b12bbb6/timeouts - {}
RESULT: {}
RESULT: undefined
COMMAND: POST /session/f199610b81d2740d08c28d2a7b12bbb6/execute/async - {"script":"<script> [2676 bytes]","args":[]}
RESULT: {"script":"<script> [2676 bytes]","args":[]}
COMMAND: POST /session/f199610b81d2740d08c28d2a7b12bbb6/execute/async - {"script":"<script> [2342 bytes]","args":[{"protocol":"http","hostname":"0.0.0.0","path":"/","capabilities":{"browserName":"chrome","goog:chromeOptions":{"binary":"C:\\Program Files\\Google\\Chrome\\Application\\chrome.exe","args":["--start-maximized"]}},"logLevel":"warn","connectionRetryTimeout":120000,"connectionRetryCount":3,"logLevels":{},"enableDirectConnect":true,"strictSSL":true,"_":"65 more keys: [\"cacheDir\",\"port\",\"requestedCapabilities\",\"automationProtocol\",\"baseUrl\",\"waitforInterval\",\"waitforTimeout\",\"onReload\",\"beforeCommand\",\"afterCommand\",\"rootDir\",\"specs\",\"suites\",\"exclude\",\"groupLogsByTestSpec\",\"excludeDriverLogs\",\"bail\",\"framework\",\"reporters\",\"services\",\"maxInstances\",\"maxInstancesPerCapability\",\"injectGlobals\",\"filesToWatch\",\"execArgv\",\"runnerEnv\",\"runner\",\"shard\",\"specFileRetries\",\"specFileRetriesDelay\",\"specFileRetriesDeferred\",\"reporterSyncInterval\",\"reporterSyncTimeout\",\"cucumberFeaturesWithLineNumbers\",\"autoCompileOpts\",\"mochaOpts\",\"jasmineOpts\",\"cucumberOpts\",\"onPrepare\",\"onWorkerStart\",\"onWorkerEnd\",\"before\",\"beforeSession\",\"beforeSuite\",\"beforeHook\",\"beforeTest\",\"afterTest\",\"afterHook\",\"afterSuite\",\"afterSession\",\"after\",\"onComplete\",\"beforeAssertion\",\"afterAssertion\",\"beforeFeature\",\"beforeScenario\",\"beforeStep\",\"afterStep\",\"afterScenario\",\"afterFeature\",\"_\",\"suite\",\"$0\",\"ignoredWorkerServices\",\"wdi5\"]"}]}
RESULT: {"script":"<script> [2342 bytes]","args":[{"protocol":"http","hostname":"0.0.0.0","path":"/","capabilities":{"browserName":"chrome","goog:chromeOptions":{"binary":"C:\\Program Files\\Google\\Chrome\\Application\\chrome.exe","args":["--start-maximized"]}},"logLevel":"warn","connectionRetryTimeout":120000,"connectionRetryCount":3,"logLevels":{},"enableDirectConnect":true,"strictSSL":true,"_":"65 more keys: [\"cacheDir\",\"port\",\"requestedCapabilities\",\"automationProtocol\",\"baseUrl\",\"waitforInterval\",\"waitforTimeout\",\"onReload\",\"beforeCommand\",\"afterCommand\",\"rootDir\",\"specs\",\"suites\",\"exclude\",\"groupLogsByTestSpec\",\"excludeDriverLogs\",\"bail\",\"framework\",\"reporters\",\"services\",\"maxInstances\",\"maxInstancesPerCapability\",\"injectGlobals\",\"filesToWatch\",\"execArgv\",\"runnerEnv\",\"runner\",\"shard\",\"specFileRetries\",\"specFileRetriesDelay\",\"specFileRetriesDeferred\",\"reporterSyncInterval\",\"reporterSyncTimeout\",\"cucumberFeaturesWithLineNumbers\",\"autoCompileOpts\",\"mochaOpts\",\"jasmineOpts\",\"cucumberOpts\",\"onPrepare\",\"onWorkerStart\",\"onWorkerEnd\",\"before\",\"beforeSession\",\"beforeSuite\",\"beforeHook\",\"beforeTest\",\"afterTest\",\"afterHook\",\"afterSuite\",\"afterSession\",\"after\",\"onComplete\",\"beforeAssertion\",\"afterAssertion\",\"beforeFeature\",\"beforeScenario\",\"beforeStep\",\"afterStep\",\"afterScenario\",\"afterFeature\",\"_\",\"suite\",\"$0\",\"ignoredWorkerServices\",\"wdi5\"]"}]}
COMMAND: POST /session/f199610b81d2740d08c28d2a7b12bbb6/execute/async - {"script":"<script> [21126 bytes]","args":[35000]}
RESULT: {"script":"<script> [21126 bytes]","args":[35000]}
COMMAND: POST /session/f199610b81d2740d08c28d2a7b12bbb6/window/maximize - {}
RESULT: {}
COMMAND: POST /session/f199610b81d2740d08c28d2a7b12bbb6/execute/async - {"script":"<script> [1562 bytes]","args":[{"selector":{"id":"shell-header","interaction":{"idSuffix":"icon"}},"wdio_ui5_key":"shellheader"}]}
COMMAND: GET /session/f199610b81d2740d08c28d2a7b12bbb6/screenshot - {}
RESULT: {"script":"<script> [1562 bytes]","args":[{"selector":{"id":"shell-header","interaction":{"idSuffix":"icon"}},"wdio_ui5_key":"shellheader"}]}
RESULT: undefined
COMMAND: POST /session/f199610b81d2740d08c28d2a7b12bbb6/window/fullscreen - {}
RESULT: {}
RESULT: {}
]]></system-out>
    </testcase>
  </testsuite>
  <testsuite timestamp="2025-05-19T09:46:35" time="537.082" tests="7" failures="4" errors="4" skipped="0">
    <properties>
      <property name="specId" value="0" />
      <property name="suiteName" value="Transfer Yard to Yard US131076" />
      <property name="capabilities" value="chrome.136_0_7103_93.windows" />
      <property name="file" value="file:///D:/a/1/s/test/specs/HTR/transfer-yard-to-yard.spec.js" />
    </properties>
    <testcase classname="chrome.136_0_7103_93.windows.Transfer_Yard_to_Yard_US131076" name="Should create a new yard" time="0.017">
      <system-out><![CDATA[
COMMAND: POST /session/f199610b81d2740d08c28d2a7b12bbb6/window/fullscreen - {}
RESULT: {}
]]></system-out>
    </testcase>
    <testcase classname="chrome.136_0_7103_93.windows.Transfer_Yard_to_Yard_US131076" name="Should create a new 2nd yard" time="133.383">
      <system-out><![CDATA[
COMMAND: POST /session/f199610b81d2740d08c28d2a7b12bbb6/window/fullscreen - {}
RESULT: {}
COMMAND: POST /session/f199610b81d2740d08c28d2a7b12bbb6/execute/async - {"script":"<script> [1562 bytes]","args":[{"selector":{"controlType":"sap.m.GenericTile","properties":{"header":"Manage Yards"}},"wdio_ui5_key":"sapm.GenericTile{\"header\":\"Manage Yards\"}"}]}
RESULT: {"script":"<script> [1562 bytes]","args":[{"selector":{"controlType":"sap.m.GenericTile","properties":{"header":"Manage Yards"}},"wdio_ui5_key":"sapm.GenericTile{\"header\":\"Manage Yards\"}"}]}
RESULT: undefined
COMMAND: POST /session/f199610b81d2740d08c28d2a7b12bbb6/element - {"using":"xpath","value":"//*[@id=\"__tile33\"]"}
RESULT: {"using":"xpath","value":"//*[@id=\"__tile33\"]"}
COMMAND: POST /session/f199610b81d2740d08c28d2a7b12bbb6/element/f.2BFA133D83E8FE08190C073C8C008530.d.F0C06351B8D5DBD4917E6F149017374E.e.26409/click - {}
RESULT: {}
COMMAND: GET /session/f199610b81d2740d08c28d2a7b12bbb6/screenshot - {}
RESULT: {}
COMMAND: POST /session/f199610b81d2740d08c28d2a7b12bbb6/elements - {"using":"xpath","value":"//span[text()='Error']"}
RESULT: {"using":"xpath","value":"//span[text()='Error']"}
COMMAND: POST /session/f199610b81d2740d08c28d2a7b12bbb6/element - {"using":"xpath","value":"//button[@data-kt=\"addNewYardOverflowToolbarButton\"]"}
RESULT: {"using":"xpath","value":"//button[@data-kt=\"addNewYardOverflowToolbarButton\"]"}
COMMAND: POST /session/f199610b81d2740d08c28d2a7b12bbb6/elements - {"using":"xpath","value":"//button[@data-kt=\"addNewYardOverflowToolbarButton\"]"}
RESULT: {"using":"xpath","value":"//button[@data-kt=\"addNewYardOverflowToolbarButton\"]"}
COMMAND: POST /session/f199610b81d2740d08c28d2a7b12bbb6/execute/sync - {"script":"<script> [8489 bytes]","args":[{"element-6066-11e4-a52e-4f735466cecf":"f.2BFA133D83E8FE08190C073C8C008530.d.F0C06351B8D5DBD4917E6F149017374E.e.26533","ELEMENT":"f.2BFA133D83E8FE08190C073C8C008530.d.F0C06351B8D5DBD4917E6F149017374E.e.26533"}]}
RESULT: {"script":"<script> [8489 bytes]","args":[{"element-6066-11e4-a52e-4f735466cecf":"f.2BFA133D83E8FE08190C073C8C008530.d.F0C06351B8D5DBD4917E6F149017374E.e.26533","ELEMENT":"f.2BFA133D83E8FE08190C073C8C008530.d.F0C06351B8D5DBD4917E6F149017374E.e.26533"}]}
COMMAND: GET /session/f199610b81d2740d08c28d2a7b12bbb6/element/f.2BFA133D83E8FE08190C073C8C008530.d.F0C06351B8D5DBD4917E6F149017374E.e.26533/enabled - {}
COMMAND: GET /session/f199610b81d2740d08c28d2a7b12bbb6/screenshot - {}
RESULT: {}
COMMAND: POST /session/f199610b81d2740d08c28d2a7b12bbb6/execute/sync - {"script":"<script> [8489 bytes]","args":[{"element-6066-11e4-a52e-4f735466cecf":"f.2BFA133D83E8FE08190C073C8C008530.d.F0C06351B8D5DBD4917E6F149017374E.e.26533","ELEMENT":"f.2BFA133D83E8FE08190C073C8C008530.d.F0C06351B8D5DBD4917E6F149017374E.e.26533"}]}
COMMAND: GET /session/f199610b81d2740d08c28d2a7b12bbb6/screenshot - {}
RESULT: {}
RESULT: {"script":"<script> [8489 bytes]","args":[{"element-6066-11e4-a52e-4f735466cecf":"f.2BFA133D83E8FE08190C073C8C008530.d.F0C06351B8D5DBD4917E6F149017374E.e.26533","ELEMENT":"f.2BFA133D83E8FE08190C073C8C008530.d.F0C06351B8D5DBD4917E6F149017374E.e.26533"}]}
COMMAND: POST /session/f199610b81d2740d08c28d2a7b12bbb6/execute/sync - {"script":"<script> [5351 bytes]","args":[{"element-6066-11e4-a52e-4f735466cecf":"f.2BFA133D83E8FE08190C073C8C008530.d.F0C06351B8D5DBD4917E6F149017374E.e.26533","ELEMENT":"f.2BFA133D83E8FE08190C073C8C008530.d.F0C06351B8D5DBD4917E6F149017374E.e.26533"}]}
RESULT: {}
RESULT: {"script":"<script> [5351 bytes]","args":[{"element-6066-11e4-a52e-4f735466cecf":"f.2BFA133D83E8FE08190C073C8C008530.d.F0C06351B8D5DBD4917E6F149017374E.e.26533","ELEMENT":"f.2BFA133D83E8FE08190C073C8C008530.d.F0C06351B8D5DBD4917E6F149017374E.e.26533"}]}
COMMAND: POST /session/f199610b81d2740d08c28d2a7b12bbb6/element/f.2BFA133D83E8FE08190C073C8C008530.d.F0C06351B8D5DBD4917E6F149017374E.e.26533/click - {}
COMMAND: GET /session/f199610b81d2740d08c28d2a7b12bbb6/screenshot - {}
COMMAND: GET /session/f199610b81d2740d08c28d2a7b12bbb6/screenshot - {}
RESULT: {}
RESULT: {}
COMMAND: GET /session/f199610b81d2740d08c28d2a7b12bbb6/screenshot - {}
RESULT: {}
RESULT: {}
COMMAND: POST /session/f199610b81d2740d08c28d2a7b12bbb6/element - {"using":"xpath","value":"//input[@id=\"application-manageyards-display-component---NewYard--yardId-inner\"]"}
RESULT: {"using":"xpath","value":"//input[@id=\"application-manageyards-display-component---NewYard--yardId-inner\"]"}
COMMAND: POST /session/f199610b81d2740d08c28d2a7b12bbb6/element - {"using":"xpath","value":"//input[@id=\"application-manageyards-display-component---NewYard--yardId-inner\"]"}
RESULT: {"using":"xpath","value":"//input[@id=\"application-manageyards-display-component---NewYard--yardId-inner\"]"}
COMMAND: POST /session/f199610b81d2740d08c28d2a7b12bbb6/execute/async - {"script":"<script> [1562 bytes]","args":[{"selector":{"id":"application-manageyards-display-component---NewYard--addressDetailDetailsName1","interaction":{"idSuffix":"inner"}},"wdio_ui5_key":"applicationmanageyards-display-component---NewYard--addressDetailDetailsName1"}]}
RESULT: {"script":"<script> [1562 bytes]","args":[{"selector":{"id":"application-manageyards-display-component---NewYard--addressDetailDetailsName1","interaction":{"idSuffix":"inner"}},"wdio_ui5_key":"applicationmanageyards-display-component---NewYard--addressDetailDetailsName1"}]}
RESULT: undefined
COMMAND: POST /session/f199610b81d2740d08c28d2a7b12bbb6/execute/async - {"script":"<script> [776 bytes]","args":[{"enterText":"Intracompany Yard wdIO","selector":{"id":"application-manageyards-display-component---NewYard--addressDetailDetailsName1","interaction":{"idSuffix":"inner"}},"clearTextFirst":true,"interactionType":"ENTER_TEXT"}]}
RESULT: {"script":"<script> [776 bytes]","args":[{"enterText":"Intracompany Yard wdIO","selector":{"id":"application-manageyards-display-component---NewYard--addressDetailDetailsName1","interaction":{"idSuffix":"inner"}},"clearTextFirst":true,"interactionType":"ENTER_TEXT"}]}
COMMAND: POST /session/f199610b81d2740d08c28d2a7b12bbb6/execute/async - {"script":"<script> [1562 bytes]","args":[{"selector":{"id":"application-manageyards-display-component---NewYard--addressDetailDetailsLanguage-arrow"},"wdio_ui5_key":"applicationmanageyards-display-component---NewYard--addressDetailDetailsLanguage-arrow"}]}
RESULT: {"script":"<script> [1562 bytes]","args":[{"selector":{"id":"application-manageyards-display-component---NewYard--addressDetailDetailsLanguage-arrow"},"wdio_ui5_key":"applicationmanageyards-display-component---NewYard--addressDetailDetailsLanguage-arrow"}]}
RESULT: undefined
COMMAND: POST /session/f199610b81d2740d08c28d2a7b12bbb6/element - {"using":"xpath","value":"//*[@id=\"application-manageyards-display-component---NewYard--addressDetailDetailsLanguage-arrow\"]"}
RESULT: {"using":"xpath","value":"//*[@id=\"application-manageyards-display-component---NewYard--addressDetailDetailsLanguage-arrow\"]"}
COMMAND: POST /session/f199610b81d2740d08c28d2a7b12bbb6/element/f.2BFA133D83E8FE08190C073C8C008530.d.F0C06351B8D5DBD4917E6F149017374E.e.26969/click - {}
RESULT: {}
COMMAND: POST /session/f199610b81d2740d08c28d2a7b12bbb6/element - {"using":"xpath","value":"//span[contains(text(), \"English\")]"}
COMMAND: GET /session/f199610b81d2740d08c28d2a7b12bbb6/screenshot - {}
RESULT: {"using":"xpath","value":"//span[contains(text(), \"English\")]"}
COMMAND: POST /session/f199610b81d2740d08c28d2a7b12bbb6/element/f.2BFA133D83E8FE08190C073C8C008530.d.F0C06351B8D5DBD4917E6F149017374E.e.26970/click - {}
RESULT: {}
RESULT: {}
COMMAND: POST /session/f199610b81d2740d08c28d2a7b12bbb6/execute/async - {"script":"<script> [1562 bytes]","args":[{"selector":{"id":"application-manageyards-display-component---NewYard--addressDetailDetailsCity1","interaction":{"idSuffix":"inner"}},"wdio_ui5_key":"applicationmanageyards-display-component---NewYard--addressDetailDetailsCity1"}]}
COMMAND: GET /session/f199610b81d2740d08c28d2a7b12bbb6/screenshot - {}
RESULT: {"script":"<script> [1562 bytes]","args":[{"selector":{"id":"application-manageyards-display-component---NewYard--addressDetailDetailsCity1","interaction":{"idSuffix":"inner"}},"wdio_ui5_key":"applicationmanageyards-display-component---NewYard--addressDetailDetailsCity1"}]}
RESULT: undefined
COMMAND: POST /session/f199610b81d2740d08c28d2a7b12bbb6/execute/async - {"script":"<script> [776 bytes]","args":[{"enterText":"Rosario","selector":{"id":"application-manageyards-display-component---NewYard--addressDetailDetailsCity1","interaction":{"idSuffix":"inner"}},"clearTextFirst":true,"interactionType":"ENTER_TEXT"}]}
RESULT: {}
RESULT: {"script":"<script> [776 bytes]","args":[{"enterText":"Rosario","selector":{"id":"application-manageyards-display-component---NewYard--addressDetailDetailsCity1","interaction":{"idSuffix":"inner"}},"clearTextFirst":true,"interactionType":"ENTER_TEXT"}]}
COMMAND: POST /session/f199610b81d2740d08c28d2a7b12bbb6/execute/async - {"script":"<script> [1562 bytes]","args":[{"selector":{"id":"application-manageyards-display-component---NewYard--addressDetailDetailsCountry-arrow"},"wdio_ui5_key":"applicationmanageyards-display-component---NewYard--addressDetailDetailsCountry-arrow"}]}
RESULT: {"script":"<script> [1562 bytes]","args":[{"selector":{"id":"application-manageyards-display-component---NewYard--addressDetailDetailsCountry-arrow"},"wdio_ui5_key":"applicationmanageyards-display-component---NewYard--addressDetailDetailsCountry-arrow"}]}
RESULT: undefined
COMMAND: POST /session/f199610b81d2740d08c28d2a7b12bbb6/element - {"using":"xpath","value":"//*[@id=\"application-manageyards-display-component---NewYard--addressDetailDetailsCountry-arrow\"]"}
RESULT: {"using":"xpath","value":"//*[@id=\"application-manageyards-display-component---NewYard--addressDetailDetailsCountry-arrow\"]"}
COMMAND: POST /session/f199610b81d2740d08c28d2a7b12bbb6/element/f.2BFA133D83E8FE08190C073C8C008530.d.F0C06351B8D5DBD4917E6F149017374E.e.26972/click - {}
RESULT: {}
COMMAND: POST /session/f199610b81d2740d08c28d2a7b12bbb6/element - {"using":"xpath","value":"//span[contains(text(), \"Argentina\")]"}
COMMAND: GET /session/f199610b81d2740d08c28d2a7b12bbb6/screenshot - {}
RESULT: {"using":"xpath","value":"//span[contains(text(), \"Argentina\")]"}
COMMAND: POST /session/f199610b81d2740d08c28d2a7b12bbb6/element/f.2BFA133D83E8FE08190C073C8C008530.d.F0C06351B8D5DBD4917E6F149017374E.e.26974/click - {}
RESULT: {}
RESULT: {}
COMMAND: POST /session/f199610b81d2740d08c28d2a7b12bbb6/execute/async - {"script":"<script> [1562 bytes]","args":[{"selector":{"id":"application-manageyards-display-component---NewYard--addressEditDetailsCostObjectCstType-arrow"},"wdio_ui5_key":"applicationmanageyards-display-component---NewYard--addressEditDetailsCostObjectCstType-arrow"}]}
COMMAND: GET /session/f199610b81d2740d08c28d2a7b12bbb6/screenshot - {}
RESULT: {"script":"<script> [1562 bytes]","args":[{"selector":{"id":"application-manageyards-display-component---NewYard--addressEditDetailsCostObjectCstType-arrow"},"wdio_ui5_key":"applicationmanageyards-display-component---NewYard--addressEditDetailsCostObjectCstType-arrow"}]}
RESULT: undefined
COMMAND: POST /session/f199610b81d2740d08c28d2a7b12bbb6/element - {"using":"xpath","value":"//*[@id=\"application-manageyards-display-component---NewYard--addressEditDetailsCostObjectCstType-arrow\"]"}
RESULT: {}
RESULT: {"using":"xpath","value":"//*[@id=\"application-manageyards-display-component---NewYard--addressEditDetailsCostObjectCstType-arrow\"]"}
COMMAND: POST /session/f199610b81d2740d08c28d2a7b12bbb6/element/f.2BFA133D83E8FE08190C073C8C008530.d.F0C06351B8D5DBD4917E6F149017374E.e.26975/click - {}
RESULT: {}
COMMAND: POST /session/f199610b81d2740d08c28d2a7b12bbb6/element - {"using":"xpath","value":"//span[contains(text(), \"Cost Center\")]"}
COMMAND: GET /session/f199610b81d2740d08c28d2a7b12bbb6/screenshot - {}
RESULT: {"using":"xpath","value":"//span[contains(text(), \"Cost Center\")]"}
COMMAND: POST /session/f199610b81d2740d08c28d2a7b12bbb6/element/f.2BFA133D83E8FE08190C073C8C008530.d.F0C06351B8D5DBD4917E6F149017374E.e.26976/click - {}
RESULT: {}
RESULT: {}
COMMAND: GET /session/f199610b81d2740d08c28d2a7b12bbb6/screenshot - {}
RESULT: {}
COMMAND: POST /session/f199610b81d2740d08c28d2a7b12bbb6/element - {"using":"xpath","value":"//span[@id=\"application-manageyards-display-component---NewYard--addressNewCostObjectCstID-vhi\"]"}
RESULT: {"using":"xpath","value":"//span[@id=\"application-manageyards-display-component---NewYard--addressNewCostObjectCstID-vhi\"]"}
COMMAND: POST /session/f199610b81d2740d08c28d2a7b12bbb6/execute/sync - {"script":"<script> [8489 bytes]","args":[{"element-6066-11e4-a52e-4f735466cecf":"f.2BFA133D83E8FE08190C073C8C008530.d.F0C06351B8D5DBD4917E6F149017374E.e.26980","ELEMENT":"f.2BFA133D83E8FE08190C073C8C008530.d.F0C06351B8D5DBD4917E6F149017374E.e.26980"}]}
RESULT: {"script":"<script> [8489 bytes]","args":[{"element-6066-11e4-a52e-4f735466cecf":"f.2BFA133D83E8FE08190C073C8C008530.d.F0C06351B8D5DBD4917E6F149017374E.e.26980","ELEMENT":"f.2BFA133D83E8FE08190C073C8C008530.d.F0C06351B8D5DBD4917E6F149017374E.e.26980"}]}
COMMAND: POST /session/f199610b81d2740d08c28d2a7b12bbb6/execute/async - {"script":"<script> [1562 bytes]","args":[{"selector":{"id":"application-manageyards-display-component---NewYard--addressNewCostObjectCstID-vhi"},"wdio_ui5_key":"applicationmanageyards-display-component---NewYard--addressNewCostObjectCstID-vhi"}]}
COMMAND: GET /session/f199610b81d2740d08c28d2a7b12bbb6/screenshot - {}
RESULT: {"script":"<script> [1562 bytes]","args":[{"selector":{"id":"application-manageyards-display-component---NewYard--addressNewCostObjectCstID-vhi"},"wdio_ui5_key":"applicationmanageyards-display-component---NewYard--addressNewCostObjectCstID-vhi"}]}
RESULT: undefined
COMMAND: POST /session/f199610b81d2740d08c28d2a7b12bbb6/element - {"using":"xpath","value":"//*[@id=\"application-manageyards-display-component---NewYard--addressNewCostObjectCstID-vhi\"]"}
RESULT: {}
RESULT: {"using":"xpath","value":"//*[@id=\"application-manageyards-display-component---NewYard--addressNewCostObjectCstID-vhi\"]"}
COMMAND: POST /session/f199610b81d2740d08c28d2a7b12bbb6/element/f.2BFA133D83E8FE08190C073C8C008530.d.F0C06351B8D5DBD4917E6F149017374E.e.26980/click - {}
RESULT: {}
COMMAND: GET /session/f199610b81d2740d08c28d2a7b12bbb6/screenshot - {}
RESULT: {}
COMMAND: POST /session/f199610b81d2740d08c28d2a7b12bbb6/execute/async - {"script":"<script> [1562 bytes]","args":[{"selector":{"controlType":"sap.m.SearchField","properties":{"placeholder":"Search"},"searchOpenDialogs":true,"interaction":{"idSuffix":"I"}},"wdio_ui5_key":"sapm.SearchField{\"placeholder\":\"Search\"}"}]}
RESULT: {"script":"<script> [1562 bytes]","args":[{"selector":{"controlType":"sap.m.SearchField","properties":{"placeholder":"Search"},"searchOpenDialogs":true,"interaction":{"idSuffix":"I"}},"wdio_ui5_key":"sapm.SearchField{\"placeholder\":\"Search\"}"}]}
RESULT: undefined
COMMAND: POST /session/f199610b81d2740d08c28d2a7b12bbb6/execute/async - {"script":"<script> [776 bytes]","args":[{"enterText":"bauh_b","selector":{"controlType":"sap.m.SearchField","properties":{"placeholder":"Search"},"searchOpenDialogs":true,"interaction":{"idSuffix":"I"}},"clearTextFirst":true,"interactionType":"ENTER_TEXT"}]}
RESULT: {"script":"<script> [776 bytes]","args":[{"enterText":"bauh_b","selector":{"controlType":"sap.m.SearchField","properties":{"placeholder":"Search"},"searchOpenDialogs":true,"interaction":{"idSuffix":"I"}},"clearTextFirst":true,"interactionType":"ENTER_TEXT"}]}
COMMAND: POST /session/f199610b81d2740d08c28d2a7b12bbb6/actions - {"actions":[{"id":"action84","type":"key","parameters":{},"actions":[{"type":"keyDown","value":"î€‡"},{"type":"pause","duration":10},{"type":"keyUp","value":"î€‡"}]}]}
RESULT: {"actions":[{"id":"action84","type":"key","parameters":{},"actions":[{"type":"keyDown","value":"î€‡"},{"type":"pause","duration":10},{"type":"keyUp","value":"î€‡"}]}]}
COMMAND: GET /session/f199610b81d2740d08c28d2a7b12bbb6/screenshot - {}
RESULT: {}
COMMAND: POST /session/f199610b81d2740d08c28d2a7b12bbb6/element - {"using":"xpath","value":"//span[contains(text(), \"Demo Yard\")]"}
RESULT: {"using":"xpath","value":"//span[contains(text(), \"Demo Yard\")]"}
COMMAND: POST /session/f199610b81d2740d08c28d2a7b12bbb6/element/f.2BFA133D83E8FE08190C073C8C008530.d.F0C06351B8D5DBD4917E6F149017374E.e.27021/click - {}
RESULT: {}
COMMAND: GET /session/f199610b81d2740d08c28d2a7b12bbb6/screenshot - {}
RESULT: {}
COMMAND: POST /session/f199610b81d2740d08c28d2a7b12bbb6/element - {"using":"xpath","value":"//bdi[contains(text(), \"OK\")]"}
RESULT: {"using":"xpath","value":"//bdi[contains(text(), \"OK\")]"}
COMMAND: POST /session/f199610b81d2740d08c28d2a7b12bbb6/element/f.2BFA133D83E8FE08190C073C8C008530.d.F0C06351B8D5DBD4917E6F149017374E.e.27022/click - {}
RESULT: {}
COMMAND: GET /session/f199610b81d2740d08c28d2a7b12bbb6/screenshot - {}
RESULT: {}
COMMAND: POST /session/f199610b81d2740d08c28d2a7b12bbb6/execute/async - {"script":"<script> [1562 bytes]","args":[{"selector":{"id":"application-manageyards-display-component---NewYard--addressEditDetailsCurrency-arrow"},"wdio_ui5_key":"applicationmanageyards-display-component---NewYard--addressEditDetailsCurrency-arrow"}]}
RESULT: {"script":"<script> [1562 bytes]","args":[{"selector":{"id":"application-manageyards-display-component---NewYard--addressEditDetailsCurrency-arrow"},"wdio_ui5_key":"applicationmanageyards-display-component---NewYard--addressEditDetailsCurrency-arrow"}]}
RESULT: undefined
COMMAND: POST /session/f199610b81d2740d08c28d2a7b12bbb6/element - {"using":"xpath","value":"//*[@id=\"application-manageyards-display-component---NewYard--addressEditDetailsCurrency-arrow\"]"}
RESULT: {"using":"xpath","value":"//*[@id=\"application-manageyards-display-component---NewYard--addressEditDetailsCurrency-arrow\"]"}
COMMAND: POST /session/f199610b81d2740d08c28d2a7b12bbb6/element/f.2BFA133D83E8FE08190C073C8C008530.d.F0C06351B8D5DBD4917E6F149017374E.e.27025/click - {}
RESULT: {}
COMMAND: POST /session/f199610b81d2740d08c28d2a7b12bbb6/element - {"using":"xpath","value":"//span[contains(text(), \"Euro\")]"}
COMMAND: GET /session/f199610b81d2740d08c28d2a7b12bbb6/screenshot - {}
RESULT: {"using":"xpath","value":"//span[contains(text(), \"Euro\")]"}
COMMAND: POST /session/f199610b81d2740d08c28d2a7b12bbb6/element/f.2BFA133D83E8FE08190C073C8C008530.d.F0C06351B8D5DBD4917E6F149017374E.e.27026/click - {}
RESULT: {}
RESULT: {}
COMMAND: POST /session/f199610b81d2740d08c28d2a7b12bbb6/execute/async - {"script":"<script> [1562 bytes]","args":[{"selector":{"controlType":"sap.m.Input","viewName":"etm.portal.ui.manageyards.view.New","viewId":"application-manageyards-display-component---NewYard","bindingPath":{"path":"","propertyPath":"/CONTROLLING_AREA","modelName":"NewYardModel"},"interaction":{"idSuffix":"inner"}},"wdio_ui5_key":"etmportal.ui.manageyards.view.Newsap.m.Input{\"path\":\"\",\"propertyPath\":\"/CONTROLLING_AREA\",\"modelName\":\"NewYardModel\"}"}]}
COMMAND: GET /session/f199610b81d2740d08c28d2a7b12bbb6/screenshot - {}
RESULT: {"script":"<script> [1562 bytes]","args":[{"selector":{"controlType":"sap.m.Input","viewName":"etm.portal.ui.manageyards.view.New","viewId":"application-manageyards-display-component---NewYard","bindingPath":{"path":"","propertyPath":"/CONTROLLING_AREA","modelName":"NewYardModel"},"interaction":{"idSuffix":"inner"}},"wdio_ui5_key":"etmportal.ui.manageyards.view.Newsap.m.Input{\"path\":\"\",\"propertyPath\":\"/CONTROLLING_AREA\",\"modelName\":\"NewYardModel\"}"}]}
RESULT: undefined
COMMAND: POST /session/f199610b81d2740d08c28d2a7b12bbb6/execute/async - {"script":"<script> [776 bytes]","args":[{"enterText":"Z001","selector":{"controlType":"sap.m.Input","viewName":"etm.portal.ui.manageyards.view.New","viewId":"application-manageyards-display-component---NewYard","bindingPath":{"path":"","propertyPath":"/CONTROLLING_AREA","modelName":"NewYardModel"},"interaction":{"idSuffix":"inner"}},"clearTextFirst":true,"interactionType":"ENTER_TEXT"}]}
RESULT: {}
RESULT: {"script":"<script> [776 bytes]","args":[{"enterText":"Z001","selector":{"controlType":"sap.m.Input","viewName":"etm.portal.ui.manageyards.view.New","viewId":"application-manageyards-display-component---NewYard","bindingPath":{"path":"","propertyPath":"/CONTROLLING_AREA","modelName":"NewYardModel"},"interaction":{"idSuffix":"inner"}},"clearTextFirst":true,"interactionType":"ENTER_TEXT"}]}
COMMAND: POST /session/f199610b81d2740d08c28d2a7b12bbb6/execute/async - {"script":"<script> [1562 bytes]","args":[{"selector":{"id":"application-manageyards-display-component---NewYard--companyCodeComboBox","interaction":{"idSuffix":"inner"}},"wdio_ui5_key":"applicationmanageyards-display-component---NewYard--companyCodeComboBox"}]}
RESULT: {"script":"<script> [1562 bytes]","args":[{"selector":{"id":"application-manageyards-display-component---NewYard--companyCodeComboBox","interaction":{"idSuffix":"inner"}},"wdio_ui5_key":"applicationmanageyards-display-component---NewYard--companyCodeComboBox"}]}
RESULT: undefined
COMMAND: POST /session/f199610b81d2740d08c28d2a7b12bbb6/execute/async - {"script":"<script> [776 bytes]","args":[{"enterText":"1000","selector":{"id":"application-manageyards-display-component---NewYard--companyCodeComboBox","interaction":{"idSuffix":"inner"}},"clearTextFirst":true,"interactionType":"ENTER_TEXT"}]}
RESULT: {"script":"<script> [776 bytes]","args":[{"enterText":"1000","selector":{"id":"application-manageyards-display-component---NewYard--companyCodeComboBox","interaction":{"idSuffix":"inner"}},"clearTextFirst":true,"interactionType":"ENTER_TEXT"}]}
COMMAND: POST /session/f199610b81d2740d08c28d2a7b12bbb6/execute/async - {"script":"<script> [1562 bytes]","args":[{"selector":{"controlType":"sap.m.Input","viewName":"etm.portal.ui.manageyards.view.New","viewId":"application-manageyards-display-component---NewYard","bindingPath":{"path":"","propertyPath":"/PLANT","modelName":"NewYardModel"},"interaction":{"idSuffix":"inner"}},"wdio_ui5_key":"etmportal.ui.manageyards.view.Newsap.m.Input{\"path\":\"\",\"propertyPath\":\"/PLANT\",\"modelName\":\"NewYardModel\"}"}]}
RESULT: {"script":"<script> [1562 bytes]","args":[{"selector":{"controlType":"sap.m.Input","viewName":"etm.portal.ui.manageyards.view.New","viewId":"application-manageyards-display-component---NewYard","bindingPath":{"path":"","propertyPath":"/PLANT","modelName":"NewYardModel"},"interaction":{"idSuffix":"inner"}},"wdio_ui5_key":"etmportal.ui.manageyards.view.Newsap.m.Input{\"path\":\"\",\"propertyPath\":\"/PLANT\",\"modelName\":\"NewYardModel\"}"}]}
RESULT: undefined
COMMAND: POST /session/f199610b81d2740d08c28d2a7b12bbb6/execute/async - {"script":"<script> [776 bytes]","args":[{"enterText":"1001","selector":{"controlType":"sap.m.Input","viewName":"etm.portal.ui.manageyards.view.New","viewId":"application-manageyards-display-component---NewYard","bindingPath":{"path":"","propertyPath":"/PLANT","modelName":"NewYardModel"},"interaction":{"idSuffix":"inner"}},"clearTextFirst":true,"interactionType":"ENTER_TEXT"}]}
RESULT: {"script":"<script> [776 bytes]","args":[{"enterText":"1001","selector":{"controlType":"sap.m.Input","viewName":"etm.portal.ui.manageyards.view.New","viewId":"application-manageyards-display-component---NewYard","bindingPath":{"path":"","propertyPath":"/PLANT","modelName":"NewYardModel"},"interaction":{"idSuffix":"inner"}},"clearTextFirst":true,"interactionType":"ENTER_TEXT"}]}
COMMAND: POST /session/f199610b81d2740d08c28d2a7b12bbb6/execute/async - {"script":"<script> [1562 bytes]","args":[{"selector":{"controlType":"sap.m.Input","viewName":"etm.portal.ui.manageyards.view.New","viewId":"application-manageyards-display-component---NewYard","bindingPath":{"path":"","propertyPath":"/SALES_AREA_VKORG","modelName":"NewYardModel"},"interaction":{"idSuffix":"inner"}},"wdio_ui5_key":"etmportal.ui.manageyards.view.Newsap.m.Input{\"path\":\"\",\"propertyPath\":\"/SALES_AREA_VKORG\",\"modelName\":\"NewYardModel\"}"}]}
RESULT: {"script":"<script> [1562 bytes]","args":[{"selector":{"controlType":"sap.m.Input","viewName":"etm.portal.ui.manageyards.view.New","viewId":"application-manageyards-display-component---NewYard","bindingPath":{"path":"","propertyPath":"/SALES_AREA_VKORG","modelName":"NewYardModel"},"interaction":{"idSuffix":"inner"}},"wdio_ui5_key":"etmportal.ui.manageyards.view.Newsap.m.Input{\"path\":\"\",\"propertyPath\":\"/SALES_AREA_VKORG\",\"modelName\":\"NewYardModel\"}"}]}
RESULT: undefined
COMMAND: POST /session/f199610b81d2740d08c28d2a7b12bbb6/execute/async - {"script":"<script> [776 bytes]","args":[{"enterText":"C002","selector":{"controlType":"sap.m.Input","viewName":"etm.portal.ui.manageyards.view.New","viewId":"application-manageyards-display-component---NewYard","bindingPath":{"path":"","propertyPath":"/SALES_AREA_VKORG","modelName":"NewYardModel"},"interaction":{"idSuffix":"inner"}},"clearTextFirst":true,"interactionType":"ENTER_TEXT"}]}
RESULT: {"script":"<script> [776 bytes]","args":[{"enterText":"C002","selector":{"controlType":"sap.m.Input","viewName":"etm.portal.ui.manageyards.view.New","viewId":"application-manageyards-display-component---NewYard","bindingPath":{"path":"","propertyPath":"/SALES_AREA_VKORG","modelName":"NewYardModel"},"interaction":{"idSuffix":"inner"}},"clearTextFirst":true,"interactionType":"ENTER_TEXT"}]}
COMMAND: POST /session/f199610b81d2740d08c28d2a7b12bbb6/execute/async - {"script":"<script> [1562 bytes]","args":[{"selector":{"controlType":"sap.m.Input","viewName":"etm.portal.ui.manageyards.view.New","viewId":"application-manageyards-display-component---NewYard","bindingPath":{"path":"","propertyPath":"/SALES_AREA_VTWEG","modelName":"NewYardModel"},"interaction":{"idSuffix":"inner"}},"wdio_ui5_key":"etmportal.ui.manageyards.view.Newsap.m.Input{\"path\":\"\",\"propertyPath\":\"/SALES_AREA_VTWEG\",\"modelName\":\"NewYardModel\"}"}]}
RESULT: {"script":"<script> [1562 bytes]","args":[{"selector":{"controlType":"sap.m.Input","viewName":"etm.portal.ui.manageyards.view.New","viewId":"application-manageyards-display-component---NewYard","bindingPath":{"path":"","propertyPath":"/SALES_AREA_VTWEG","modelName":"NewYardModel"},"interaction":{"idSuffix":"inner"}},"wdio_ui5_key":"etmportal.ui.manageyards.view.Newsap.m.Input{\"path\":\"\",\"propertyPath\":\"/SALES_AREA_VTWEG\",\"modelName\":\"NewYardModel\"}"}]}
RESULT: undefined
COMMAND: POST /session/f199610b81d2740d08c28d2a7b12bbb6/execute/async - {"script":"<script> [776 bytes]","args":[{"enterText":"C2","selector":{"controlType":"sap.m.Input","viewName":"etm.portal.ui.manageyards.view.New","viewId":"application-manageyards-display-component---NewYard","bindingPath":{"path":"","propertyPath":"/SALES_AREA_VTWEG","modelName":"NewYardModel"},"interaction":{"idSuffix":"inner"}},"clearTextFirst":true,"interactionType":"ENTER_TEXT"}]}
RESULT: {"script":"<script> [776 bytes]","args":[{"enterText":"C2","selector":{"controlType":"sap.m.Input","viewName":"etm.portal.ui.manageyards.view.New","viewId":"application-manageyards-display-component---NewYard","bindingPath":{"path":"","propertyPath":"/SALES_AREA_VTWEG","modelName":"NewYardModel"},"interaction":{"idSuffix":"inner"}},"clearTextFirst":true,"interactionType":"ENTER_TEXT"}]}
COMMAND: POST /session/f199610b81d2740d08c28d2a7b12bbb6/execute/async - {"script":"<script> [1562 bytes]","args":[{"selector":{"controlType":"sap.m.Input","viewName":"etm.portal.ui.manageyards.view.New","viewId":"application-manageyards-display-component---NewYard","bindingPath":{"path":"","propertyPath":"/SALES_AREA_SPART","modelName":"NewYardModel"},"interaction":{"idSuffix":"inner"}},"wdio_ui5_key":"etmportal.ui.manageyards.view.Newsap.m.Input{\"path\":\"\",\"propertyPath\":\"/SALES_AREA_SPART\",\"modelName\":\"NewYardModel\"}"}]}
RESULT: {"script":"<script> [1562 bytes]","args":[{"selector":{"controlType":"sap.m.Input","viewName":"etm.portal.ui.manageyards.view.New","viewId":"application-manageyards-display-component---NewYard","bindingPath":{"path":"","propertyPath":"/SALES_AREA_SPART","modelName":"NewYardModel"},"interaction":{"idSuffix":"inner"}},"wdio_ui5_key":"etmportal.ui.manageyards.view.Newsap.m.Input{\"path\":\"\",\"propertyPath\":\"/SALES_AREA_SPART\",\"modelName\":\"NewYardModel\"}"}]}
RESULT: undefined
COMMAND: POST /session/f199610b81d2740d08c28d2a7b12bbb6/execute/async - {"script":"<script> [776 bytes]","args":[{"enterText":"C2","selector":{"controlType":"sap.m.Input","viewName":"etm.portal.ui.manageyards.view.New","viewId":"application-manageyards-display-component---NewYard","bindingPath":{"path":"","propertyPath":"/SALES_AREA_SPART","modelName":"NewYardModel"},"interaction":{"idSuffix":"inner"}},"clearTextFirst":true,"interactionType":"ENTER_TEXT"}]}
RESULT: {"script":"<script> [776 bytes]","args":[{"enterText":"C2","selector":{"controlType":"sap.m.Input","viewName":"etm.portal.ui.manageyards.view.New","viewId":"application-manageyards-display-component---NewYard","bindingPath":{"path":"","propertyPath":"/SALES_AREA_SPART","modelName":"NewYardModel"},"interaction":{"idSuffix":"inner"}},"clearTextFirst":true,"interactionType":"ENTER_TEXT"}]}
COMMAND: POST /session/f199610b81d2740d08c28d2a7b12bbb6/execute/async - {"script":"<script> [1562 bytes]","args":[{"selector":{"controlType":"sap.m.Input","viewName":"etm.portal.ui.manageyards.view.New","viewId":"application-manageyards-display-component---NewYard","bindingPath":{"path":"","propertyPath":"/SHIP_POINT","modelName":"NewYardModel"},"interaction":{"idSuffix":"inner"}},"wdio_ui5_key":"etmportal.ui.manageyards.view.Newsap.m.Input{\"path\":\"\",\"propertyPath\":\"/SHIP_POINT\",\"modelName\":\"NewYardModel\"}"}]}
RESULT: {"script":"<script> [1562 bytes]","args":[{"selector":{"controlType":"sap.m.Input","viewName":"etm.portal.ui.manageyards.view.New","viewId":"application-manageyards-display-component---NewYard","bindingPath":{"path":"","propertyPath":"/SHIP_POINT","modelName":"NewYardModel"},"interaction":{"idSuffix":"inner"}},"wdio_ui5_key":"etmportal.ui.manageyards.view.Newsap.m.Input{\"path\":\"\",\"propertyPath\":\"/SHIP_POINT\",\"modelName\":\"NewYardModel\"}"}]}
RESULT: undefined
COMMAND: POST /session/f199610b81d2740d08c28d2a7b12bbb6/execute/async - {"script":"<script> [776 bytes]","args":[{"enterText":"1710","selector":{"controlType":"sap.m.Input","viewName":"etm.portal.ui.manageyards.view.New","viewId":"application-manageyards-display-component---NewYard","bindingPath":{"path":"","propertyPath":"/SHIP_POINT","modelName":"NewYardModel"},"interaction":{"idSuffix":"inner"}},"clearTextFirst":true,"interactionType":"ENTER_TEXT"}]}
RESULT: {"script":"<script> [776 bytes]","args":[{"enterText":"1710","selector":{"controlType":"sap.m.Input","viewName":"etm.portal.ui.manageyards.view.New","viewId":"application-manageyards-display-component---NewYard","bindingPath":{"path":"","propertyPath":"/SHIP_POINT","modelName":"NewYardModel"},"interaction":{"idSuffix":"inner"}},"clearTextFirst":true,"interactionType":"ENTER_TEXT"}]}
COMMAND: POST /session/f199610b81d2740d08c28d2a7b12bbb6/execute/async - {"script":"<script> [1562 bytes]","args":[{"selector":{"controlType":"sap.m.Input","viewName":"etm.portal.ui.manageyards.view.New","viewId":"application-manageyards-display-component---NewYard","bindingPath":{"path":"","propertyPath":"/DELIVERY_TYPE","modelName":"NewYardModel"},"interaction":{"idSuffix":"inner"}},"wdio_ui5_key":"etmportal.ui.manageyards.view.Newsap.m.Input{\"path\":\"\",\"propertyPath\":\"/DELIVERY_TYPE\",\"modelName\":\"NewYardModel\"}"}]}
RESULT: {"script":"<script> [1562 bytes]","args":[{"selector":{"controlType":"sap.m.Input","viewName":"etm.portal.ui.manageyards.view.New","viewId":"application-manageyards-display-component---NewYard","bindingPath":{"path":"","propertyPath":"/DELIVERY_TYPE","modelName":"NewYardModel"},"interaction":{"idSuffix":"inner"}},"wdio_ui5_key":"etmportal.ui.manageyards.view.Newsap.m.Input{\"path\":\"\",\"propertyPath\":\"/DELIVERY_TYPE\",\"modelName\":\"NewYardModel\"}"}]}
RESULT: undefined
COMMAND: POST /session/f199610b81d2740d08c28d2a7b12bbb6/execute/async - {"script":"<script> [776 bytes]","args":[{"enterText":"ZL01","selector":{"controlType":"sap.m.Input","viewName":"etm.portal.ui.manageyards.view.New","viewId":"application-manageyards-display-component---NewYard","bindingPath":{"path":"","propertyPath":"/DELIVERY_TYPE","modelName":"NewYardModel"},"interaction":{"idSuffix":"inner"}},"clearTextFirst":true,"interactionType":"ENTER_TEXT"}]}
RESULT: {"script":"<script> [776 bytes]","args":[{"enterText":"ZL01","selector":{"controlType":"sap.m.Input","viewName":"etm.portal.ui.manageyards.view.New","viewId":"application-manageyards-display-component---NewYard","bindingPath":{"path":"","propertyPath":"/DELIVERY_TYPE","modelName":"NewYardModel"},"interaction":{"idSuffix":"inner"}},"clearTextFirst":true,"interactionType":"ENTER_TEXT"}]}
COMMAND: POST /session/f199610b81d2740d08c28d2a7b12bbb6/execute/async - {"script":"<script> [1562 bytes]","args":[{"selector":{"controlType":"sap.m.Input","viewName":"etm.portal.ui.manageyards.view.New","viewId":"application-manageyards-display-component---NewYard","bindingPath":{"path":"","propertyPath":"/AUART","modelName":"NewYardModel"},"interaction":{"idSuffix":"inner"}},"wdio_ui5_key":"etmportal.ui.manageyards.view.Newsap.m.Input{\"path\":\"\",\"propertyPath\":\"/AUART\",\"modelName\":\"NewYardModel\"}"}]}
RESULT: {"script":"<script> [1562 bytes]","args":[{"selector":{"controlType":"sap.m.Input","viewName":"etm.portal.ui.manageyards.view.New","viewId":"application-manageyards-display-component---NewYard","bindingPath":{"path":"","propertyPath":"/AUART","modelName":"NewYardModel"},"interaction":{"idSuffix":"inner"}},"wdio_ui5_key":"etmportal.ui.manageyards.view.Newsap.m.Input{\"path\":\"\",\"propertyPath\":\"/AUART\",\"modelName\":\"NewYardModel\"}"}]}
RESULT: undefined
COMMAND: POST /session/f199610b81d2740d08c28d2a7b12bbb6/execute/async - {"script":"<script> [776 bytes]","args":[{"enterText":"TA","selector":{"controlType":"sap.m.Input","viewName":"etm.portal.ui.manageyards.view.New","viewId":"application-manageyards-display-component---NewYard","bindingPath":{"path":"","propertyPath":"/AUART","modelName":"NewYardModel"},"interaction":{"idSuffix":"inner"}},"clearTextFirst":true,"interactionType":"ENTER_TEXT"}]}
RESULT: {"script":"<script> [776 bytes]","args":[{"enterText":"TA","selector":{"controlType":"sap.m.Input","viewName":"etm.portal.ui.manageyards.view.New","viewId":"application-manageyards-display-component---NewYard","bindingPath":{"path":"","propertyPath":"/AUART","modelName":"NewYardModel"},"interaction":{"idSuffix":"inner"}},"clearTextFirst":true,"interactionType":"ENTER_TEXT"}]}
COMMAND: POST /session/f199610b81d2740d08c28d2a7b12bbb6/element - {"using":"xpath","value":"//button[@data-kt=\"newYardSaveButton\"]"}
RESULT: {"using":"xpath","value":"//button[@data-kt=\"newYardSaveButton\"]"}
COMMAND: POST /session/f199610b81d2740d08c28d2a7b12bbb6/element/f.2BFA133D83E8FE08190C073C8C008530.d.F0C06351B8D5DBD4917E6F149017374E.e.26933/click - {}
RESULT: {}
COMMAND: GET /session/f199610b81d2740d08c28d2a7b12bbb6/screenshot - {}
RESULT: {}
COMMAND: POST /session/f199610b81d2740d08c28d2a7b12bbb6/element - {"using":"xpath","value":"//header[contains(@id, 'ObjectPageLayout-headerTitle')]/div[1]/div[2]/div[1]/span[1]"}
RESULT: {"using":"xpath","value":"//header[contains(@id, 'ObjectPageLayout-headerTitle')]/div[1]/div[2]/div[1]/span[1]"}
COMMAND: POST /session/f199610b81d2740d08c28d2a7b12bbb6/elements - {"using":"xpath","value":"//header[contains(@id, 'ObjectPageLayout-headerTitle')]/div[1]/div[2]/div[1]/span[1]"}
RESULT: {"using":"xpath","value":"//header[contains(@id, 'ObjectPageLayout-headerTitle')]/div[1]/div[2]/div[1]/span[1]"}
COMMAND: POST /session/f199610b81d2740d08c28d2a7b12bbb6/execute/sync - {"script":"<script> [56 bytes]","args":[{"element-6066-11e4-a52e-4f735466cecf":"f.2BFA133D83E8FE08190C073C8C008530.d.F0C06351B8D5DBD4917E6F149017374E.e.27252","ELEMENT":"f.2BFA133D83E8FE08190C073C8C008530.d.F0C06351B8D5DBD4917E6F149017374E.e.27252"}]}
RESULT: {"script":"<script> [56 bytes]","args":[{"element-6066-11e4-a52e-4f735466cecf":"f.2BFA133D83E8FE08190C073C8C008530.d.F0C06351B8D5DBD4917E6F149017374E.e.27252","ELEMENT":"f.2BFA133D83E8FE08190C073C8C008530.d.F0C06351B8D5DBD4917E6F149017374E.e.27252"}]}
COMMAND: GET /session/f199610b81d2740d08c28d2a7b12bbb6/screenshot - {}
RESULT: {}
COMMAND: POST /session/f199610b81d2740d08c28d2a7b12bbb6/element - {"using":"css selector","value":"#shell-header-logo"}
RESULT: {"using":"css selector","value":"#shell-header-logo"}
COMMAND: POST /session/f199610b81d2740d08c28d2a7b12bbb6/element/f.2BFA133D83E8FE08190C073C8C008530.d.F0C06351B8D5DBD4917E6F149017374E.e.26383/click - {}
RESULT: {}
COMMAND: GET /session/f199610b81d2740d08c28d2a7b12bbb6/screenshot - {}
RESULT: {}
COMMAND: POST /session/f199610b81d2740d08c28d2a7b12bbb6/execute/sync - {"script":"<script> [299 bytes]","args":[["getModel","getResource"]]}
RESULT: {"script":"<script> [299 bytes]","args":[["getModel","getResource"]]}
]]></system-out>
    </testcase>
    <testcase classname="chrome.136_0_7103_93.windows.Transfer_Yard_to_Yard_US131076" name="Should create an equipment" time="162.896">
      <system-out><![CDATA[
COMMAND: POST /session/f199610b81d2740d08c28d2a7b12bbb6/execute/async - {"script":"<script> [1562 bytes]","args":[{"selector":{"controlType":"sap.m.GenericTile","properties":{"header":"Manage Resources"}},"wdio_ui5_key":"sapm.GenericTile{\"header\":\"Manage Resources\"}"}]}
COMMAND: GET /session/f199610b81d2740d08c28d2a7b12bbb6/screenshot - {}
RESULT: {"script":"<script> [1562 bytes]","args":[{"selector":{"controlType":"sap.m.GenericTile","properties":{"header":"Manage Resources"}},"wdio_ui5_key":"sapm.GenericTile{\"header\":\"Manage Resources\"}"}]}
RESULT: undefined
COMMAND: POST /session/f199610b81d2740d08c28d2a7b12bbb6/element - {"using":"xpath","value":"//*[@id=\"__tile31\"]"}
RESULT: {}
RESULT: {"using":"xpath","value":"//*[@id=\"__tile31\"]"}
COMMAND: POST /session/f199610b81d2740d08c28d2a7b12bbb6/element/f.2BFA133D83E8FE08190C073C8C008530.d.F0C06351B8D5DBD4917E6F149017374E.e.26403/click - {}
RESULT: {}
COMMAND: GET /session/f199610b81d2740d08c28d2a7b12bbb6/screenshot - {}
RESULT: {}
COMMAND: POST /session/f199610b81d2740d08c28d2a7b12bbb6/elements - {"using":"xpath","value":"//span[text()='Error']"}
RESULT: {"using":"xpath","value":"//span[text()='Error']"}
COMMAND: POST /session/f199610b81d2740d08c28d2a7b12bbb6/element - {"using":"xpath","value":"//button[@data-kt=\"addNewRUOverflowToolbarButton\"]"}
RESULT: {"using":"xpath","value":"//button[@data-kt=\"addNewRUOverflowToolbarButton\"]"}
COMMAND: POST /session/f199610b81d2740d08c28d2a7b12bbb6/elements - {"using":"xpath","value":"//button[@data-kt=\"addNewRUOverflowToolbarButton\"]"}
RESULT: {"using":"xpath","value":"//button[@data-kt=\"addNewRUOverflowToolbarButton\"]"}
COMMAND: POST /session/f199610b81d2740d08c28d2a7b12bbb6/elements - {"using":"xpath","value":"//button[@data-kt=\"addNewRUOverflowToolbarButton\"]"}
RESULT: {"using":"xpath","value":"//button[@data-kt=\"addNewRUOverflowToolbarButton\"]"}
COMMAND: POST /session/f199610b81d2740d08c28d2a7b12bbb6/elements - {"using":"xpath","value":"//button[@data-kt=\"addNewRUOverflowToolbarButton\"]"}
RESULT: {"using":"xpath","value":"//button[@data-kt=\"addNewRUOverflowToolbarButton\"]"}
COMMAND: POST /session/f199610b81d2740d08c28d2a7b12bbb6/elements - {"using":"xpath","value":"//button[@data-kt=\"addNewRUOverflowToolbarButton\"]"}
RESULT: {"using":"xpath","value":"//button[@data-kt=\"addNewRUOverflowToolbarButton\"]"}
COMMAND: POST /session/f199610b81d2740d08c28d2a7b12bbb6/elements - {"using":"xpath","value":"//button[@data-kt=\"addNewRUOverflowToolbarButton\"]"}
RESULT: {"using":"xpath","value":"//button[@data-kt=\"addNewRUOverflowToolbarButton\"]"}
COMMAND: POST /session/f199610b81d2740d08c28d2a7b12bbb6/elements - {"using":"xpath","value":"//button[@data-kt=\"addNewRUOverflowToolbarButton\"]"}
RESULT: {"using":"xpath","value":"//button[@data-kt=\"addNewRUOverflowToolbarButton\"]"}
COMMAND: POST /session/f199610b81d2740d08c28d2a7b12bbb6/elements - {"using":"xpath","value":"//button[@data-kt=\"addNewRUOverflowToolbarButton\"]"}
RESULT: {"using":"xpath","value":"//button[@data-kt=\"addNewRUOverflowToolbarButton\"]"}
COMMAND: POST /session/f199610b81d2740d08c28d2a7b12bbb6/elements - {"using":"xpath","value":"//button[@data-kt=\"addNewRUOverflowToolbarButton\"]"}
RESULT: {"using":"xpath","value":"//button[@data-kt=\"addNewRUOverflowToolbarButton\"]"}
COMMAND: POST /session/f199610b81d2740d08c28d2a7b12bbb6/elements - {"using":"xpath","value":"//button[@data-kt=\"addNewRUOverflowToolbarButton\"]"}
RESULT: {"using":"xpath","value":"//button[@data-kt=\"addNewRUOverflowToolbarButton\"]"}
COMMAND: POST /session/f199610b81d2740d08c28d2a7b12bbb6/elements - {"using":"xpath","value":"//button[@data-kt=\"addNewRUOverflowToolbarButton\"]"}
RESULT: {"using":"xpath","value":"//button[@data-kt=\"addNewRUOverflowToolbarButton\"]"}
COMMAND: POST /session/f199610b81d2740d08c28d2a7b12bbb6/elements - {"using":"xpath","value":"//button[@data-kt=\"addNewRUOverflowToolbarButton\"]"}
RESULT: {"using":"xpath","value":"//button[@data-kt=\"addNewRUOverflowToolbarButton\"]"}
COMMAND: POST /session/f199610b81d2740d08c28d2a7b12bbb6/elements - {"using":"xpath","value":"//button[@data-kt=\"addNewRUOverflowToolbarButton\"]"}
RESULT: {"using":"xpath","value":"//button[@data-kt=\"addNewRUOverflowToolbarButton\"]"}
COMMAND: POST /session/f199610b81d2740d08c28d2a7b12bbb6/elements - {"using":"xpath","value":"//button[@data-kt=\"addNewRUOverflowToolbarButton\"]"}
RESULT: {"using":"xpath","value":"//button[@data-kt=\"addNewRUOverflowToolbarButton\"]"}
COMMAND: POST /session/f199610b81d2740d08c28d2a7b12bbb6/elements - {"using":"xpath","value":"//button[@data-kt=\"addNewRUOverflowToolbarButton\"]"}
RESULT: {"using":"xpath","value":"//button[@data-kt=\"addNewRUOverflowToolbarButton\"]"}
COMMAND: POST /session/f199610b81d2740d08c28d2a7b12bbb6/elements - {"using":"xpath","value":"//button[@data-kt=\"addNewRUOverflowToolbarButton\"]"}
RESULT: {"using":"xpath","value":"//button[@data-kt=\"addNewRUOverflowToolbarButton\"]"}
COMMAND: POST /session/f199610b81d2740d08c28d2a7b12bbb6/elements - {"using":"xpath","value":"//button[@data-kt=\"addNewRUOverflowToolbarButton\"]"}
RESULT: {"using":"xpath","value":"//button[@data-kt=\"addNewRUOverflowToolbarButton\"]"}
COMMAND: POST /session/f199610b81d2740d08c28d2a7b12bbb6/elements - {"using":"xpath","value":"//button[@data-kt=\"addNewRUOverflowToolbarButton\"]"}
RESULT: {"using":"xpath","value":"//button[@data-kt=\"addNewRUOverflowToolbarButton\"]"}
COMMAND: POST /session/f199610b81d2740d08c28d2a7b12bbb6/elements - {"using":"xpath","value":"//button[@data-kt=\"addNewRUOverflowToolbarButton\"]"}
RESULT: {"using":"xpath","value":"//button[@data-kt=\"addNewRUOverflowToolbarButton\"]"}
COMMAND: POST /session/f199610b81d2740d08c28d2a7b12bbb6/elements - {"using":"xpath","value":"//button[@data-kt=\"addNewRUOverflowToolbarButton\"]"}
RESULT: {"using":"xpath","value":"//button[@data-kt=\"addNewRUOverflowToolbarButton\"]"}
COMMAND: POST /session/f199610b81d2740d08c28d2a7b12bbb6/elements - {"using":"xpath","value":"//button[@data-kt=\"addNewRUOverflowToolbarButton\"]"}
RESULT: {"using":"xpath","value":"//button[@data-kt=\"addNewRUOverflowToolbarButton\"]"}
COMMAND: POST /session/f199610b81d2740d08c28d2a7b12bbb6/elements - {"using":"xpath","value":"//button[@data-kt=\"addNewRUOverflowToolbarButton\"]"}
RESULT: {"using":"xpath","value":"//button[@data-kt=\"addNewRUOverflowToolbarButton\"]"}
COMMAND: POST /session/f199610b81d2740d08c28d2a7b12bbb6/elements - {"using":"xpath","value":"//button[@data-kt=\"addNewRUOverflowToolbarButton\"]"}
RESULT: {"using":"xpath","value":"//button[@data-kt=\"addNewRUOverflowToolbarButton\"]"}
COMMAND: POST /session/f199610b81d2740d08c28d2a7b12bbb6/elements - {"using":"xpath","value":"//button[@data-kt=\"addNewRUOverflowToolbarButton\"]"}
RESULT: {"using":"xpath","value":"//button[@data-kt=\"addNewRUOverflowToolbarButton\"]"}
COMMAND: POST /session/f199610b81d2740d08c28d2a7b12bbb6/elements - {"using":"xpath","value":"//button[@data-kt=\"addNewRUOverflowToolbarButton\"]"}
RESULT: {"using":"xpath","value":"//button[@data-kt=\"addNewRUOverflowToolbarButton\"]"}
COMMAND: POST /session/f199610b81d2740d08c28d2a7b12bbb6/elements - {"using":"xpath","value":"//button[@data-kt=\"addNewRUOverflowToolbarButton\"]"}
RESULT: {"using":"xpath","value":"//button[@data-kt=\"addNewRUOverflowToolbarButton\"]"}
COMMAND: POST /session/f199610b81d2740d08c28d2a7b12bbb6/elements - {"using":"xpath","value":"//button[@data-kt=\"addNewRUOverflowToolbarButton\"]"}
RESULT: {"using":"xpath","value":"//button[@data-kt=\"addNewRUOverflowToolbarButton\"]"}
COMMAND: POST /session/f199610b81d2740d08c28d2a7b12bbb6/elements - {"using":"xpath","value":"//button[@data-kt=\"addNewRUOverflowToolbarButton\"]"}
RESULT: {"using":"xpath","value":"//button[@data-kt=\"addNewRUOverflowToolbarButton\"]"}
COMMAND: POST /session/f199610b81d2740d08c28d2a7b12bbb6/elements - {"using":"xpath","value":"//button[@data-kt=\"addNewRUOverflowToolbarButton\"]"}
RESULT: {"using":"xpath","value":"//button[@data-kt=\"addNewRUOverflowToolbarButton\"]"}
COMMAND: POST /session/f199610b81d2740d08c28d2a7b12bbb6/elements - {"using":"xpath","value":"//button[@data-kt=\"addNewRUOverflowToolbarButton\"]"}
RESULT: {"using":"xpath","value":"//button[@data-kt=\"addNewRUOverflowToolbarButton\"]"}
COMMAND: POST /session/f199610b81d2740d08c28d2a7b12bbb6/elements - {"using":"xpath","value":"//button[@data-kt=\"addNewRUOverflowToolbarButton\"]"}
RESULT: {"using":"xpath","value":"//button[@data-kt=\"addNewRUOverflowToolbarButton\"]"}
COMMAND: POST /session/f199610b81d2740d08c28d2a7b12bbb6/elements - {"using":"xpath","value":"//button[@data-kt=\"addNewRUOverflowToolbarButton\"]"}
RESULT: {"using":"xpath","value":"//button[@data-kt=\"addNewRUOverflowToolbarButton\"]"}
COMMAND: POST /session/f199610b81d2740d08c28d2a7b12bbb6/elements - {"using":"xpath","value":"//button[@data-kt=\"addNewRUOverflowToolbarButton\"]"}
RESULT: {"using":"xpath","value":"//button[@data-kt=\"addNewRUOverflowToolbarButton\"]"}
COMMAND: POST /session/f199610b81d2740d08c28d2a7b12bbb6/elements - {"using":"xpath","value":"//button[@data-kt=\"addNewRUOverflowToolbarButton\"]"}
RESULT: {"using":"xpath","value":"//button[@data-kt=\"addNewRUOverflowToolbarButton\"]"}
COMMAND: POST /session/f199610b81d2740d08c28d2a7b12bbb6/element - {"using":"xpath","value":"//button[@data-kt=\"addNewRUOverflowToolbarButton\"]"}
RESULT: {"using":"xpath","value":"//button[@data-kt=\"addNewRUOverflowToolbarButton\"]"}
COMMAND: POST /session/f199610b81d2740d08c28d2a7b12bbb6/execute/sync - {"script":"<script> [8489 bytes]","args":[{"element-6066-11e4-a52e-4f735466cecf":"f.2BFA133D83E8FE08190C073C8C008530.d.F0C06351B8D5DBD4917E6F149017374E.e.27284","ELEMENT":"f.2BFA133D83E8FE08190C073C8C008530.d.F0C06351B8D5DBD4917E6F149017374E.e.27284"}]}
RESULT: {"script":"<script> [8489 bytes]","args":[{"element-6066-11e4-a52e-4f735466cecf":"f.2BFA133D83E8FE08190C073C8C008530.d.F0C06351B8D5DBD4917E6F149017374E.e.27284","ELEMENT":"f.2BFA133D83E8FE08190C073C8C008530.d.F0C06351B8D5DBD4917E6F149017374E.e.27284"}]}
COMMAND: GET /session/f199610b81d2740d08c28d2a7b12bbb6/element/f.2BFA133D83E8FE08190C073C8C008530.d.F0C06351B8D5DBD4917E6F149017374E.e.27284/enabled - {}
COMMAND: GET /session/f199610b81d2740d08c28d2a7b12bbb6/screenshot - {}
RESULT: {}
COMMAND: POST /session/f199610b81d2740d08c28d2a7b12bbb6/execute/sync - {"script":"<script> [8489 bytes]","args":[{"element-6066-11e4-a52e-4f735466cecf":"f.2BFA133D83E8FE08190C073C8C008530.d.F0C06351B8D5DBD4917E6F149017374E.e.27284","ELEMENT":"f.2BFA133D83E8FE08190C073C8C008530.d.F0C06351B8D5DBD4917E6F149017374E.e.27284"}]}
COMMAND: GET /session/f199610b81d2740d08c28d2a7b12bbb6/screenshot - {}
RESULT: {}
RESULT: {"script":"<script> [8489 bytes]","args":[{"element-6066-11e4-a52e-4f735466cecf":"f.2BFA133D83E8FE08190C073C8C008530.d.F0C06351B8D5DBD4917E6F149017374E.e.27284","ELEMENT":"f.2BFA133D83E8FE08190C073C8C008530.d.F0C06351B8D5DBD4917E6F149017374E.e.27284"}]}
COMMAND: POST /session/f199610b81d2740d08c28d2a7b12bbb6/execute/sync - {"script":"<script> [5351 bytes]","args":[{"element-6066-11e4-a52e-4f735466cecf":"f.2BFA133D83E8FE08190C073C8C008530.d.F0C06351B8D5DBD4917E6F149017374E.e.27284","ELEMENT":"f.2BFA133D83E8FE08190C073C8C008530.d.F0C06351B8D5DBD4917E6F149017374E.e.27284"}]}
COMMAND: GET /session/f199610b81d2740d08c28d2a7b12bbb6/screenshot - {}
RESULT: {}
RESULT: {"script":"<script> [5351 bytes]","args":[{"element-6066-11e4-a52e-4f735466cecf":"f.2BFA133D83E8FE08190C073C8C008530.d.F0C06351B8D5DBD4917E6F149017374E.e.27284","ELEMENT":"f.2BFA133D83E8FE08190C073C8C008530.d.F0C06351B8D5DBD4917E6F149017374E.e.27284"}]}
COMMAND: POST /session/f199610b81d2740d08c28d2a7b12bbb6/element/f.2BFA133D83E8FE08190C073C8C008530.d.F0C06351B8D5DBD4917E6F149017374E.e.27284/click - {}
COMMAND: GET /session/f199610b81d2740d08c28d2a7b12bbb6/screenshot - {}
RESULT: {}
RESULT: {}
COMMAND: GET /session/f199610b81d2740d08c28d2a7b12bbb6/screenshot - {}
RESULT: {}
COMMAND: POST /session/f199610b81d2740d08c28d2a7b12bbb6/execute/async - {"script":"<script> [1562 bytes]","args":[{"selector":{"id":"application-manageresources-display-component---newResourceUnit--TYPE-arrow"},"wdio_ui5_key":"applicationmanageresources-display-component---newResourceUnit--TYPE-arrow"}]}
RESULT: {}
RESULT: {"script":"<script> [1562 bytes]","args":[{"selector":{"id":"application-manageresources-display-component---newResourceUnit--TYPE-arrow"},"wdio_ui5_key":"applicationmanageresources-display-component---newResourceUnit--TYPE-arrow"}]}
RESULT: undefined
COMMAND: POST /session/f199610b81d2740d08c28d2a7b12bbb6/element - {"using":"xpath","value":"//*[@id=\"application-manageresources-display-component---newResourceUnit--TYPE-arrow\"]"}
RESULT: {"using":"xpath","value":"//*[@id=\"application-manageresources-display-component---newResourceUnit--TYPE-arrow\"]"}
COMMAND: POST /session/f199610b81d2740d08c28d2a7b12bbb6/element/f.2BFA133D83E8FE08190C073C8C008530.d.F0C06351B8D5DBD4917E6F149017374E.e.27640/click - {}
RESULT: {}
COMMAND: POST /session/f199610b81d2740d08c28d2a7b12bbb6/element - {"using":"xpath","value":"//input[@id=\"application-manageresources-display-component---newResourceUnit--TYPE-inner\"]"}
COMMAND: GET /session/f199610b81d2740d08c28d2a7b12bbb6/screenshot - {}
RESULT: {"using":"xpath","value":"//input[@id=\"application-manageresources-display-component---newResourceUnit--TYPE-inner\"]"}
COMMAND: POST /session/f199610b81d2740d08c28d2a7b12bbb6/element/f.2BFA133D83E8FE08190C073C8C008530.d.F0C06351B8D5DBD4917E6F149017374E.e.27635/clear - {}
RESULT: {}
RESULT: {}
COMMAND: POST /session/f199610b81d2740d08c28d2a7b12bbb6/element/f.2BFA133D83E8FE08190C073C8C008530.d.F0C06351B8D5DBD4917E6F149017374E.e.27635/value - {"text":"Equipment"}
COMMAND: GET /session/f199610b81d2740d08c28d2a7b12bbb6/screenshot - {}
RESULT: {"text":"Equipment"}
COMMAND: GET /session/f199610b81d2740d08c28d2a7b12bbb6/screenshot - {}
RESULT: {}
RESULT: {}
COMMAND: POST /session/f199610b81d2740d08c28d2a7b12bbb6/actions - {"actions":[{"id":"action85","type":"key","parameters":{},"actions":[{"type":"keyDown","value":"î€‡"},{"type":"pause","duration":10},{"type":"keyUp","value":"î€‡"}]}]}
RESULT: {"actions":[{"id":"action85","type":"key","parameters":{},"actions":[{"type":"keyDown","value":"î€‡"},{"type":"pause","duration":10},{"type":"keyUp","value":"î€‡"}]}]}
COMMAND: POST /session/f199610b81d2740d08c28d2a7b12bbb6/execute/async - {"script":"<script> [1562 bytes]","args":[{"selector":{"id":"application-manageresources-display-component---newResourceUnit--resourceId","interaction":{"idSuffix":"inner"}},"wdio_ui5_key":"applicationmanageresources-display-component---newResourceUnit--resourceId"}]}
COMMAND: GET /session/f199610b81d2740d08c28d2a7b12bbb6/screenshot - {}
RESULT: {"script":"<script> [1562 bytes]","args":[{"selector":{"id":"application-manageresources-display-component---newResourceUnit--resourceId","interaction":{"idSuffix":"inner"}},"wdio_ui5_key":"applicationmanageresources-display-component---newResourceUnit--resourceId"}]}
RESULT: undefined
COMMAND: POST /session/f199610b81d2740d08c28d2a7b12bbb6/execute/async - {"script":"<script> [776 bytes]","args":[{"enterText":"h3WevE685P","selector":{"id":"application-manageresources-display-component---newResourceUnit--resourceId","interaction":{"idSuffix":"inner"}},"clearTextFirst":true,"interactionType":"ENTER_TEXT"}]}
RESULT: {}
RESULT: {"script":"<script> [776 bytes]","args":[{"enterText":"h3WevE685P","selector":{"id":"application-manageresources-display-component---newResourceUnit--resourceId","interaction":{"idSuffix":"inner"}},"clearTextFirst":true,"interactionType":"ENTER_TEXT"}]}
COMMAND: POST /session/f199610b81d2740d08c28d2a7b12bbb6/execute/async - {"script":"<script> [1562 bytes]","args":[{"selector":{"id":"application-manageresources-display-component---newResourceUnit--SHORT_TEXT","interaction":{"idSuffix":"inner"}},"wdio_ui5_key":"applicationmanageresources-display-component---newResourceUnit--SHORT_TEXT"}]}
RESULT: {"script":"<script> [1562 bytes]","args":[{"selector":{"id":"application-manageresources-display-component---newResourceUnit--SHORT_TEXT","interaction":{"idSuffix":"inner"}},"wdio_ui5_key":"applicationmanageresources-display-component---newResourceUnit--SHORT_TEXT"}]}
RESULT: undefined
COMMAND: POST /session/f199610b81d2740d08c28d2a7b12bbb6/execute/async - {"script":"<script> [776 bytes]","args":[{"enterText":"Intercompany Equipment WDIO","selector":{"id":"application-manageresources-display-component---newResourceUnit--SHORT_TEXT","interaction":{"idSuffix":"inner"}},"clearTextFirst":true,"interactionType":"ENTER_TEXT"}]}
RESULT: {"script":"<script> [776 bytes]","args":[{"enterText":"Intercompany Equipment WDIO","selector":{"id":"application-manageresources-display-component---newResourceUnit--SHORT_TEXT","interaction":{"idSuffix":"inner"}},"clearTextFirst":true,"interactionType":"ENTER_TEXT"}]}
COMMAND: POST /session/f199610b81d2740d08c28d2a7b12bbb6/execute/async - {"script":"<script> [1562 bytes]","args":[{"selector":{"id":"application-manageresources-display-component---newResourceUnit--BASE_UNIT_OF_MEASURE","interaction":{"idSuffix":"inner"}},"wdio_ui5_key":"applicationmanageresources-display-component---newResourceUnit--BASE_UNIT_OF_MEASURE"}]}
RESULT: {"script":"<script> [1562 bytes]","args":[{"selector":{"id":"application-manageresources-display-component---newResourceUnit--BASE_UNIT_OF_MEASURE","interaction":{"idSuffix":"inner"}},"wdio_ui5_key":"applicationmanageresources-display-component---newResourceUnit--BASE_UNIT_OF_MEASURE"}]}
RESULT: undefined
COMMAND: POST /session/f199610b81d2740d08c28d2a7b12bbb6/execute/async - {"script":"<script> [776 bytes]","args":[{"enterText":"Piece","selector":{"id":"application-manageresources-display-component---newResourceUnit--BASE_UNIT_OF_MEASURE","interaction":{"idSuffix":"inner"}},"clearTextFirst":true,"interactionType":"ENTER_TEXT"}]}
RESULT: {"script":"<script> [776 bytes]","args":[{"enterText":"Piece","selector":{"id":"application-manageresources-display-component---newResourceUnit--BASE_UNIT_OF_MEASURE","interaction":{"idSuffix":"inner"}},"clearTextFirst":true,"interactionType":"ENTER_TEXT"}]}
COMMAND: POST /session/f199610b81d2740d08c28d2a7b12bbb6/execute/async - {"script":"<script> [1562 bytes]","args":[{"selector":{"id":"application-manageresources-display-component---newResourceUnit--WEIGHT_UNIT","interaction":{"idSuffix":"inner"}},"wdio_ui5_key":"applicationmanageresources-display-component---newResourceUnit--WEIGHT_UNIT"}]}
RESULT: {"script":"<script> [1562 bytes]","args":[{"selector":{"id":"application-manageresources-display-component---newResourceUnit--WEIGHT_UNIT","interaction":{"idSuffix":"inner"}},"wdio_ui5_key":"applicationmanageresources-display-component---newResourceUnit--WEIGHT_UNIT"}]}
RESULT: undefined
COMMAND: POST /session/f199610b81d2740d08c28d2a7b12bbb6/execute/async - {"script":"<script> [776 bytes]","args":[{"enterText":"Gram","selector":{"id":"application-manageresources-display-component---newResourceUnit--WEIGHT_UNIT","interaction":{"idSuffix":"inner"}},"clearTextFirst":true,"interactionType":"ENTER_TEXT"}]}
RESULT: {"script":"<script> [776 bytes]","args":[{"enterText":"Gram","selector":{"id":"application-manageresources-display-component---newResourceUnit--WEIGHT_UNIT","interaction":{"idSuffix":"inner"}},"clearTextFirst":true,"interactionType":"ENTER_TEXT"}]}
COMMAND: POST /session/f199610b81d2740d08c28d2a7b12bbb6/execute/async - {"script":"<script> [1562 bytes]","args":[{"selector":{"id":"application-manageresources-display-component---newResourceUnit--DIMENSION_UNIT","interaction":{"idSuffix":"inner"}},"wdio_ui5_key":"applicationmanageresources-display-component---newResourceUnit--DIMENSION_UNIT"}]}
RESULT: {"script":"<script> [1562 bytes]","args":[{"selector":{"id":"application-manageresources-display-component---newResourceUnit--DIMENSION_UNIT","interaction":{"idSuffix":"inner"}},"wdio_ui5_key":"applicationmanageresources-display-component---newResourceUnit--DIMENSION_UNIT"}]}
RESULT: undefined
COMMAND: POST /session/f199610b81d2740d08c28d2a7b12bbb6/execute/async - {"script":"<script> [776 bytes]","args":[{"enterText":"Meter","selector":{"id":"application-manageresources-display-component---newResourceUnit--DIMENSION_UNIT","interaction":{"idSuffix":"inner"}},"clearTextFirst":true,"interactionType":"ENTER_TEXT"}]}
RESULT: {"script":"<script> [776 bytes]","args":[{"enterText":"Meter","selector":{"id":"application-manageresources-display-component---newResourceUnit--DIMENSION_UNIT","interaction":{"idSuffix":"inner"}},"clearTextFirst":true,"interactionType":"ENTER_TEXT"}]}
COMMAND: POST /session/f199610b81d2740d08c28d2a7b12bbb6/execute/async - {"script":"<script> [1562 bytes]","args":[{"selector":{"id":"application-manageresources-display-component---newResourceUnit--newRRUPage-anchBar-application-manageresources-display-component---newResourceUnit--control-anchor","interaction":{"idSuffix":"BDI-content"}},"wdio_ui5_key":"applicationmanageresources-display-component---newResourceUnit--newRRUPage-anchBar-application-manageresources-display-component---newResourceUnit--control-anchor"}]}
RESULT: {"script":"<script> [1562 bytes]","args":[{"selector":{"id":"application-manageresources-display-component---newResourceUnit--newRRUPage-anchBar-application-manageresources-display-component---newResourceUnit--control-anchor","interaction":{"idSuffix":"BDI-content"}},"wdio_ui5_key":"applicationmanageresources-display-component---newResourceUnit--newRRUPage-anchBar-application-manageresources-display-component---newResourceUnit--control-anchor"}]}
RESULT: undefined
COMMAND: POST /session/f199610b81d2740d08c28d2a7b12bbb6/element - {"using":"xpath","value":"//*[@id=\"application-manageresources-display-component---newResourceUnit--newRRUPage-anchBar-application-manageresources-display-component---newResourceUnit--control-anchor\"]"}
RESULT: {"using":"xpath","value":"//*[@id=\"application-manageresources-display-component---newResourceUnit--newRRUPage-anchBar-application-manageresources-display-component---newResourceUnit--control-anchor\"]"}
COMMAND: POST /session/f199610b81d2740d08c28d2a7b12bbb6/element/f.2BFA133D83E8FE08190C073C8C008530.d.F0C06351B8D5DBD4917E6F149017374E.e.27772/click - {}
RESULT: {}
COMMAND: POST /session/f199610b81d2740d08c28d2a7b12bbb6/execute/async - {"script":"<script> [1562 bytes]","args":[{"selector":{"id":"application-manageresources-display-component---newResourceUnit--PLANNING_GROUP","interaction":{"idSuffix":"inner"}},"wdio_ui5_key":"applicationmanageresources-display-component---newResourceUnit--PLANNING_GROUP"}]}
COMMAND: GET /session/f199610b81d2740d08c28d2a7b12bbb6/screenshot - {}
RESULT: {"script":"<script> [1562 bytes]","args":[{"selector":{"id":"application-manageresources-display-component---newResourceUnit--PLANNING_GROUP","interaction":{"idSuffix":"inner"}},"wdio_ui5_key":"applicationmanageresources-display-component---newResourceUnit--PLANNING_GROUP"}]}
RESULT: undefined
COMMAND: POST /session/f199610b81d2740d08c28d2a7b12bbb6/execute/async - {"script":"<script> [776 bytes]","args":[{"enterText":"Heavy Equi","selector":{"id":"application-manageresources-display-component---newResourceUnit--PLANNING_GROUP","interaction":{"idSuffix":"inner"}},"clearTextFirst":true,"interactionType":"ENTER_TEXT"}]}
RESULT: {}
RESULT: {"script":"<script> [776 bytes]","args":[{"enterText":"Heavy Equi","selector":{"id":"application-manageresources-display-component---newResourceUnit--PLANNING_GROUP","interaction":{"idSuffix":"inner"}},"clearTextFirst":true,"interactionType":"ENTER_TEXT"}]}
COMMAND: POST /session/f199610b81d2740d08c28d2a7b12bbb6/execute/async - {"script":"<script> [1562 bytes]","args":[{"selector":{"id":"application-manageresources-display-component---newResourceUnit--ITEM_TYPE-arrow"},"wdio_ui5_key":"applicationmanageresources-display-component---newResourceUnit--ITEM_TYPE-arrow"}]}
RESULT: {"script":"<script> [1562 bytes]","args":[{"selector":{"id":"application-manageresources-display-component---newResourceUnit--ITEM_TYPE-arrow"},"wdio_ui5_key":"applicationmanageresources-display-component---newResourceUnit--ITEM_TYPE-arrow"}]}
RESULT: undefined
COMMAND: POST /session/f199610b81d2740d08c28d2a7b12bbb6/element - {"using":"xpath","value":"//*[@id=\"application-manageresources-display-component---newResourceUnit--ITEM_TYPE-arrow\"]"}
RESULT: {"using":"xpath","value":"//*[@id=\"application-manageresources-display-component---newResourceUnit--ITEM_TYPE-arrow\"]"}
COMMAND: POST /session/f199610b81d2740d08c28d2a7b12bbb6/element/f.2BFA133D83E8FE08190C073C8C008530.d.F0C06351B8D5DBD4917E6F149017374E.e.27779/click - {}
RESULT: {}
COMMAND: POST /session/f199610b81d2740d08c28d2a7b12bbb6/element - {"using":"xpath","value":"(//span[contains(text(), \"Resource Unit\")])[2]"}
COMMAND: GET /session/f199610b81d2740d08c28d2a7b12bbb6/screenshot - {}
RESULT: {"using":"xpath","value":"(//span[contains(text(), \"Resource Unit\")])[2]"}
COMMAND: POST /session/f199610b81d2740d08c28d2a7b12bbb6/element/f.2BFA133D83E8FE08190C073C8C008530.d.F0C06351B8D5DBD4917E6F149017374E.e.27780/click - {}
RESULT: {}
RESULT: {}
COMMAND: GET /session/f199610b81d2740d08c28d2a7b12bbb6/screenshot - {}
RESULT: {}
COMMAND: POST /session/f199610b81d2740d08c28d2a7b12bbb6/element - {"using":"css selector","value":"#application-manageresources-display-component---newResourceUnit--btnAddTimeSegment"}
RESULT: {"using":"css selector","value":"#application-manageresources-display-component---newResourceUnit--btnAddTimeSegment"}
COMMAND: GET /session/f199610b81d2740d08c28d2a7b12bbb6/element/f.2BFA133D83E8FE08190C073C8C008530.d.F0C06351B8D5DBD4917E6F149017374E.e.27781/rect - {}
RESULT: {}
COMMAND: GET /session/f199610b81d2740d08c28d2a7b12bbb6/window/rect - {}
RESULT: {}
COMMAND: POST /session/f199610b81d2740d08c28d2a7b12bbb6/execute/sync - {"script":"<script> [92 bytes]","args":[]}
RESULT: {"script":"<script> [92 bytes]","args":[]}
COMMAND: POST /session/f199610b81d2740d08c28d2a7b12bbb6/actions - {"actions":[{"id":"action86","type":"wheel","parameters":{},"actions":[{"type":"scroll","x":-1888,"y":-32,"deltaX":0,"deltaY":0,"duration":0,"origin":{"element-6066-11e4-a52e-4f735466cecf":"f.2BFA133D83E8FE08190C073C8C008530.d.F0C06351B8D5DBD4917E6F149017374E.e.27781"}}]}]}
COMMAND: GET /session/f199610b81d2740d08c28d2a7b12bbb6/screenshot - {}
RESULT: {}
COMMAND: POST /session/f199610b81d2740d08c28d2a7b12bbb6/execute/sync - {"script":"<script> [79 bytes]","args":[{"element-6066-11e4-a52e-4f735466cecf":"f.2BFA133D83E8FE08190C073C8C008530.d.F0C06351B8D5DBD4917E6F149017374E.e.27781","ELEMENT":"f.2BFA133D83E8FE08190C073C8C008530.d.F0C06351B8D5DBD4917E6F149017374E.e.27781"},{"block":"start","inline":"nearest"}]}
RESULT: {"script":"<script> [79 bytes]","args":[{"element-6066-11e4-a52e-4f735466cecf":"f.2BFA133D83E8FE08190C073C8C008530.d.F0C06351B8D5DBD4917E6F149017374E.e.27781","ELEMENT":"f.2BFA133D83E8FE08190C073C8C008530.d.F0C06351B8D5DBD4917E6F149017374E.e.27781"},{"block":"start","inline":"nearest"}]}
COMMAND: POST /session/f199610b81d2740d08c28d2a7b12bbb6/execute/async - {"script":"<script> [1562 bytes]","args":[{"selector":{"id":"application-manageresources-display-component---newResourceUnit--btnAddTimeSegment","interaction":{"idSuffix":"inner"}},"wdio_ui5_key":"applicationmanageresources-display-component---newResourceUnit--btnAddTimeSegment"}]}
COMMAND: GET /session/f199610b81d2740d08c28d2a7b12bbb6/screenshot - {}
RESULT: {"script":"<script> [1562 bytes]","args":[{"selector":{"id":"application-manageresources-display-component---newResourceUnit--btnAddTimeSegment","interaction":{"idSuffix":"inner"}},"wdio_ui5_key":"applicationmanageresources-display-component---newResourceUnit--btnAddTimeSegment"}]}
RESULT: undefined
COMMAND: POST /session/f199610b81d2740d08c28d2a7b12bbb6/element - {"using":"xpath","value":"//*[@id=\"application-manageresources-display-component---newResourceUnit--btnAddTimeSegment\"]"}
RESULT: {}
RESULT: {"using":"xpath","value":"//*[@id=\"application-manageresources-display-component---newResourceUnit--btnAddTimeSegment\"]"}
COMMAND: POST /session/f199610b81d2740d08c28d2a7b12bbb6/element/f.2BFA133D83E8FE08190C073C8C008530.d.F0C06351B8D5DBD4917E6F149017374E.e.27781/click - {}
RESULT: {}
COMMAND: GET /session/f199610b81d2740d08c28d2a7b12bbb6/screenshot - {}
RESULT: {}
COMMAND: POST /session/f199610b81d2740d08c28d2a7b12bbb6/element - {"using":"xpath","value":"//input[@id=\"application-manageresources-display-component---newResourceUnit--idRuTSAdmin-application-manageresources-display-component---newResourceUnit--RUTimeSegment-0-inner\"]"}
RESULT: {"using":"xpath","value":"//input[@id=\"application-manageresources-display-component---newResourceUnit--idRuTSAdmin-application-manageresources-display-component---newResourceUnit--RUTimeSegment-0-inner\"]"}
COMMAND: POST /session/f199610b81d2740d08c28d2a7b12bbb6/element/f.2BFA133D83E8FE08190C073C8C008530.d.F0C06351B8D5DBD4917E6F149017374E.e.27787/clear - {}
RESULT: {}
COMMAND: POST /session/f199610b81d2740d08c28d2a7b12bbb6/element/f.2BFA133D83E8FE08190C073C8C008530.d.F0C06351B8D5DBD4917E6F149017374E.e.27787/value - {"text":"545"}
COMMAND: GET /session/f199610b81d2740d08c28d2a7b12bbb6/screenshot - {}
RESULT: {"text":"545"}
COMMAND: GET /session/f199610b81d2740d08c28d2a7b12bbb6/screenshot - {}
RESULT: {}
RESULT: {}
COMMAND: POST /session/f199610b81d2740d08c28d2a7b12bbb6/element - {"using":"xpath","value":"//li[.//span[text()='545']]"}
RESULT: {"using":"xpath","value":"//li[.//span[text()='545']]"}
COMMAND: POST /session/f199610b81d2740d08c28d2a7b12bbb6/element/f.2BFA133D83E8FE08190C073C8C008530.d.F0C06351B8D5DBD4917E6F149017374E.e.27801/click - {}
RESULT: {}
COMMAND: GET /session/f199610b81d2740d08c28d2a7b12bbb6/screenshot - {}
RESULT: {}
COMMAND: POST /session/f199610b81d2740d08c28d2a7b12bbb6/element - {"using":"xpath","value":"(//span[contains(@id, \"-application-manageresources-display-component---newResourceUnit--RUTimeSegment-0-arrow\")])[6]"}
RESULT: {"using":"xpath","value":"(//span[contains(@id, \"-application-manageresources-display-component---newResourceUnit--RUTimeSegment-0-arrow\")])[6]"}
COMMAND: POST /session/f199610b81d2740d08c28d2a7b12bbb6/element/f.2BFA133D83E8FE08190C073C8C008530.d.F0C06351B8D5DBD4917E6F149017374E.e.27802/click - {}
RESULT: {}
COMMAND: GET /session/f199610b81d2740d08c28d2a7b12bbb6/screenshot - {}
RESULT: {}
COMMAND: POST /session/f199610b81d2740d08c28d2a7b12bbb6/element - {"using":"xpath","value":"//span[contains(text(), \"PM Order\")]"}
RESULT: {"using":"xpath","value":"//span[contains(text(), \"PM Order\")]"}
COMMAND: POST /session/f199610b81d2740d08c28d2a7b12bbb6/element/f.2BFA133D83E8FE08190C073C8C008530.d.F0C06351B8D5DBD4917E6F149017374E.e.27805/click - {}
RESULT: {}
COMMAND: GET /session/f199610b81d2740d08c28d2a7b12bbb6/screenshot - {}
RESULT: {}
COMMAND: POST /session/f199610b81d2740d08c28d2a7b12bbb6/element - {"using":"xpath","value":"(//span[contains(@id ,\"manageresources-display-component---newResourceUnit--RUTimeSegment-0-vhi\")])[1]"}
RESULT: {"using":"xpath","value":"(//span[contains(@id ,\"manageresources-display-component---newResourceUnit--RUTimeSegment-0-vhi\")])[1]"}
COMMAND: GET /session/f199610b81d2740d08c28d2a7b12bbb6/element/f.2BFA133D83E8FE08190C073C8C008530.d.F0C06351B8D5DBD4917E6F149017374E.e.27809/rect - {}
RESULT: {}
COMMAND: GET /session/f199610b81d2740d08c28d2a7b12bbb6/window/rect - {}
RESULT: {}
COMMAND: POST /session/f199610b81d2740d08c28d2a7b12bbb6/execute/sync - {"script":"<script> [92 bytes]","args":[]}
RESULT: {"script":"<script> [92 bytes]","args":[]}
COMMAND: POST /session/f199610b81d2740d08c28d2a7b12bbb6/actions - {"actions":[{"id":"action87","type":"wheel","parameters":{},"actions":[{"type":"scroll","x":-869,"y":-24,"deltaX":0,"deltaY":0,"duration":0,"origin":{"element-6066-11e4-a52e-4f735466cecf":"f.2BFA133D83E8FE08190C073C8C008530.d.F0C06351B8D5DBD4917E6F149017374E.e.27809"}}]}]}
COMMAND: GET /session/f199610b81d2740d08c28d2a7b12bbb6/screenshot - {}
RESULT: {"actions":[{"id":"action87","type":"wheel","parameters":{},"actions":[{"type":"scroll","x":-869,"y":-24,"deltaX":0,"deltaY":0,"duration":0,"origin":{"element-6066-11e4-a52e-4f735466cecf":"f.2BFA133D83E8FE08190C073C8C008530.d.F0C06351B8D5DBD4917E6F149017374E.e.27809"}}]}]}
COMMAND: DELETE /session/f199610b81d2740d08c28d2a7b12bbb6/actions - {}
COMMAND: GET /session/f199610b81d2740d08c28d2a7b12bbb6/screenshot - {}
RESULT: {}
RESULT: {}
COMMAND: GET /session/f199610b81d2740d08c28d2a7b12bbb6/screenshot - {}
RESULT: {}
RESULT: {}
COMMAND: POST /session/f199610b81d2740d08c28d2a7b12bbb6/element/f.2BFA133D83E8FE08190C073C8C008530.d.F0C06351B8D5DBD4917E6F149017374E.e.27809/click - {}
RESULT: {}
COMMAND: GET /session/f199610b81d2740d08c28d2a7b12bbb6/screenshot - {}
RESULT: {}
RESULT: undefined
COMMAND: POST /session/f199610b81d2740d08c28d2a7b12bbb6/execute/async - {"script":"<script> [776 bytes]","args":[{"enterText":"4000360","selector":{"controlType":"sap.m.SearchField","properties":{"placeholder":"Search"},"searchOpenDialogs":true,"interaction":{"idSuffix":"I"}},"clearTextFirst":true,"interactionType":"ENTER_TEXT"}]}
RESULT: {"script":"<script> [776 bytes]","args":[{"enterText":"4000360","selector":{"controlType":"sap.m.SearchField","properties":{"placeholder":"Search"},"searchOpenDialogs":true,"interaction":{"idSuffix":"I"}},"clearTextFirst":true,"interactionType":"ENTER_TEXT"}]}
COMMAND: POST /session/f199610b81d2740d08c28d2a7b12bbb6/actions - {"actions":[{"id":"action88","type":"key","parameters":{},"actions":[{"type":"keyDown","value":"î€‡"},{"type":"pause","duration":10},{"type":"keyUp","value":"î€‡"}]}]}
RESULT: {"actions":[{"id":"action88","type":"key","parameters":{},"actions":[{"type":"keyDown","value":"î€‡"},{"type":"pause","duration":10},{"type":"keyUp","value":"î€‡"}]}]}
COMMAND: GET /session/f199610b81d2740d08c28d2a7b12bbb6/screenshot - {}
RESULT: {}
COMMAND: POST /session/f199610b81d2740d08c28d2a7b12bbb6/element - {"using":"xpath","value":"//td/div/span[contains(text(), \"BGL Vehicles\")]"}
RESULT: {"using":"xpath","value":"//td/div/span[contains(text(), \"BGL Vehicles\")]"}
COMMAND: POST /session/f199610b81d2740d08c28d2a7b12bbb6/element/f.2BFA133D83E8FE08190C073C8C008530.d.F0C06351B8D5DBD4917E6F149017374E.e.27829/click - {}
RESULT: {}
COMMAND: GET /session/f199610b81d2740d08c28d2a7b12bbb6/screenshot - {}
RESULT: {}
COMMAND: POST /session/f199610b81d2740d08c28d2a7b12bbb6/element - {"using":"xpath","value":"//bdi[contains(text(), \"OK\")]"}
RESULT: {"using":"xpath","value":"//bdi[contains(text(), \"OK\")]"}
COMMAND: POST /session/f199610b81d2740d08c28d2a7b12bbb6/element/f.2BFA133D83E8FE08190C073C8C008530.d.F0C06351B8D5DBD4917E6F149017374E.e.27830/click - {}
RESULT: {}
COMMAND: GET /session/f199610b81d2740d08c28d2a7b12bbb6/screenshot - {}
RESULT: {}
COMMAND: POST /session/f199610b81d2740d08c28d2a7b12bbb6/execute/async - {"script":"<script> [1562 bytes]","args":[{"selector":{"id":"application-manageresources-display-component---newResourceUnit--newRRUPage-anchBar-application-manageresources-display-component---newResourceUnit--resource-anchor","interaction":{"idSuffix":"BDI-content"}},"wdio_ui5_key":"applicationmanageresources-display-component---newResourceUnit--newRRUPage-anchBar-application-manageresources-display-component---newResourceUnit--resource-anchor"}]}
RESULT: {"script":"<script> [1562 bytes]","args":[{"selector":{"id":"application-manageresources-display-component---newResourceUnit--newRRUPage-anchBar-application-manageresources-display-component---newResourceUnit--resource-anchor","interaction":{"idSuffix":"BDI-content"}},"wdio_ui5_key":"applicationmanageresources-display-component---newResourceUnit--newRRUPage-anchBar-application-manageresources-display-component---newResourceUnit--resource-anchor"}]}
RESULT: undefined
COMMAND: POST /session/f199610b81d2740d08c28d2a7b12bbb6/element - {"using":"xpath","value":"//*[@id=\"application-manageresources-display-component---newResourceUnit--newRRUPage-anchBar-application-manageresources-display-component---newResourceUnit--resource-anchor\"]"}
RESULT: {"using":"xpath","value":"//*[@id=\"application-manageresources-display-component---newResourceUnit--newRRUPage-anchBar-application-manageresources-display-component---newResourceUnit--resource-anchor\"]"}
COMMAND: POST /session/f199610b81d2740d08c28d2a7b12bbb6/element/f.2BFA133D83E8FE08190C073C8C008530.d.F0C06351B8D5DBD4917E6F149017374E.e.27834/click - {}
RESULT: {}
COMMAND: POST /session/f199610b81d2740d08c28d2a7b12bbb6/execute/async - {"script":"<script> [1562 bytes]","args":[{"selector":{"id":"application-manageresources-display-component---newResourceUnit--PLANNED_DELIVERY_DATE","interaction":{"idSuffix":"inner"}},"wdio_ui5_key":"applicationmanageresources-display-component---newResourceUnit--PLANNED_DELIVERY_DATE"}]}
COMMAND: GET /session/f199610b81d2740d08c28d2a7b12bbb6/screenshot - {}
RESULT: {"script":"<script> [1562 bytes]","args":[{"selector":{"id":"application-manageresources-display-component---newResourceUnit--PLANNED_DELIVERY_DATE","interaction":{"idSuffix":"inner"}},"wdio_ui5_key":"applicationmanageresources-display-component---newResourceUnit--PLANNED_DELIVERY_DATE"}]}
RESULT: undefined
COMMAND: POST /session/f199610b81d2740d08c28d2a7b12bbb6/execute/async - {"script":"<script> [6424 bytes]","args":[{"element-6066-11e4-a52e-4f735466cecf":"f.2BFA133D83E8FE08190C073C8C008530.d.F0C06351B8D5DBD4917E6F149017374E.e.27696"},"setValue",["5/19/25"]]}
RESULT: {}
RESULT: {"script":"<script> [6424 bytes]","args":[{"element-6066-11e4-a52e-4f735466cecf":"f.2BFA133D83E8FE08190C073C8C008530.d.F0C06351B8D5DBD4917E6F149017374E.e.27696"},"setValue",["5/19/25"]]}
COMMAND: POST /session/f199610b81d2740d08c28d2a7b12bbb6/element - {"using":"xpath","value":"//label[contains(@class, 'sapMLabelRequired') and .//bdi[contains(text(), 'Planned Retirement')]]"}
RESULT: {"using":"xpath","value":"//label[contains(@class, 'sapMLabelRequired') and .//bdi[contains(text(), 'Planned Retirement')]]"}
COMMAND: POST /session/f199610b81d2740d08c28d2a7b12bbb6/elements - {"using":"xpath","value":"//label[contains(@class, 'sapMLabelRequired') and .//bdi[contains(text(), 'Planned Retirement')]]"}
RESULT: {"using":"xpath","value":"//label[contains(@class, 'sapMLabelRequired') and .//bdi[contains(text(), 'Planned Retirement')]]"}
COMMAND: POST /session/f199610b81d2740d08c28d2a7b12bbb6/element - {"using":"xpath","value":"//button[@data-kt=\"resourceUnitSaveButton\"]"}
RESULT: {"using":"xpath","value":"//button[@data-kt=\"resourceUnitSaveButton\"]"}
COMMAND: POST /session/f199610b81d2740d08c28d2a7b12bbb6/element/f.2BFA133D83E8FE08190C073C8C008530.d.F0C06351B8D5DBD4917E6F149017374E.e.27657/click - {}
RESULT: {}
COMMAND: GET /session/f199610b81d2740d08c28d2a7b12bbb6/screenshot - {}
RESULT: {}
COMMAND: POST /session/f199610b81d2740d08c28d2a7b12bbb6/element - {"using":"xpath","value":"//bdi[contains(text(), \"Close\")]"}
RESULT: {"using":"xpath","value":"//bdi[contains(text(), \"Close\")]"}
COMMAND: POST /session/f199610b81d2740d08c28d2a7b12bbb6/element/f.2BFA133D83E8FE08190C073C8C008530.d.F0C06351B8D5DBD4917E6F149017374E.e.27842/click - {}
RESULT: {}
COMMAND: GET /session/f199610b81d2740d08c28d2a7b12bbb6/screenshot - {}
RESULT: {}
COMMAND: POST /session/f199610b81d2740d08c28d2a7b12bbb6/element - {"using":"xpath","value":"(//button[contains(@id ,\"actionsToolbar-overflowButton\")])[1]"}
RESULT: {"using":"xpath","value":"(//button[contains(@id ,\"actionsToolbar-overflowButton\")])[1]"}
COMMAND: POST /session/f199610b81d2740d08c28d2a7b12bbb6/element/f.2BFA133D83E8FE08190C073C8C008530.d.F0C06351B8D5DBD4917E6F149017374E.e.27876/click - {}
RESULT: {}
COMMAND: GET /session/f199610b81d2740d08c28d2a7b12bbb6/screenshot - {}
RESULT: {}
COMMAND: POST /session/f199610b81d2740d08c28d2a7b12bbb6/element - {"using":"xpath","value":"//button[@data-kt=\"priceInfoButton\"]"}
RESULT: {"using":"xpath","value":"//button[@data-kt=\"priceInfoButton\"]"}
COMMAND: POST /session/f199610b81d2740d08c28d2a7b12bbb6/element/f.2BFA133D83E8FE08190C073C8C008530.d.F0C06351B8D5DBD4917E6F149017374E.e.27878/click - {}
RESULT: {}
COMMAND: GET /session/f199610b81d2740d08c28d2a7b12bbb6/screenshot - {}
RESULT: {}
COMMAND: POST /session/f199610b81d2740d08c28d2a7b12bbb6/element - {"using":"css selector","value":"#shell-header-logo"}
RESULT: {"using":"css selector","value":"#shell-header-logo"}
COMMAND: POST /session/f199610b81d2740d08c28d2a7b12bbb6/element/f.2BFA133D83E8FE08190C073C8C008530.d.F0C06351B8D5DBD4917E6F149017374E.e.27257/click - {}
RESULT: {}
COMMAND: GET /session/f199610b81d2740d08c28d2a7b12bbb6/screenshot - {}
]]></system-out>
    </testcase>
  </testsuite>
</testsuites>