<?xml version="1.0" encoding="UTF-8"?>
<testsuites tests="58" failures="6" errors="6" skipped="0">
  <testsuite timestamp="2025-05-23T17:09:39" time="1144.335" tests="11" failures="0" errors="0" skipped="0">
    <properties>
      <property name="specId" value="0"/>
      <property name="suiteName" value="Billing confirm US117289"/>
      <property name="capabilities" value="chrome.136_0_7103_93.windows"/>
      <property name="file" value="file:///D:/a/1/s/test/specs/BTS/billing-confirm.spec.js"/>
    </properties>
    <testcase classname="chrome.136_0_7103_93.windows.Billing_confirm_US117289" name="Should create a new yard" time="140.649">
      <system-out><![CDATA[
COMMAND: POST /session/324496234919104d937ca92dc3ef2aab/window/fullscreen - {}
RESULT: {}
COMMAND: POST /session/324496234919104d937ca92dc3ef2aab/execute/async - {"script":"<script> [1562 bytes]","args":[{"selector":{"controlType":"sap.m.GenericTile","properties":{"header":"Manage Yards"}},"wdio_ui5_key":"sapm.GenericTile{\"header\":\"Manage Yards\"}"}]}
RESULT: {"script":"<script> [1562 bytes]","args":[{"selector":{"controlType":"sap.m.GenericTile","properties":{"header":"Manage Yards"}},"wdio_ui5_key":"sapm.GenericTile{\"header\":\"Manage Yards\"}"}]}
RESULT: undefined
COMMAND: POST /session/324496234919104d937ca92dc3ef2aab/element - {"using":"xpath","value":"//*[@id=\"__tile41\"]"}
RESULT: {"using":"xpath","value":"//*[@id=\"__tile41\"]"}
COMMAND: POST /session/324496234919104d937ca92dc3ef2aab/element/f.350099D233706A5CE962F884DCED375A.d.025A5FF9CA96A78F48A22CA3CD2305B0.e.161/click - {}
RESULT: {}
COMMAND: GET /session/324496234919104d937ca92dc3ef2aab/screenshot - {}
RESULT: {}
COMMAND: POST /session/324496234919104d937ca92dc3ef2aab/elements - {"using":"xpath","value":"//span[text()='Error']"}
RESULT: {"using":"xpath","value":"//span[text()='Error']"}
COMMAND: POST /session/324496234919104d937ca92dc3ef2aab/element - {"using":"xpath","value":"//button[@data-kt=\"addNewYardOverflowToolbarButton\"]"}
RESULT: {"using":"xpath","value":"//button[@data-kt=\"addNewYardOverflowToolbarButton\"]"}
COMMAND: POST /session/324496234919104d937ca92dc3ef2aab/elements - {"using":"xpath","value":"//button[@data-kt=\"addNewYardOverflowToolbarButton\"]"}
RESULT: {"using":"xpath","value":"//button[@data-kt=\"addNewYardOverflowToolbarButton\"]"}
COMMAND: POST /session/324496234919104d937ca92dc3ef2aab/elements - {"using":"xpath","value":"//button[@data-kt=\"addNewYardOverflowToolbarButton\"]"}
RESULT: {"using":"xpath","value":"//button[@data-kt=\"addNewYardOverflowToolbarButton\"]"}
COMMAND: POST /session/324496234919104d937ca92dc3ef2aab/elements - {"using":"xpath","value":"//button[@data-kt=\"addNewYardOverflowToolbarButton\"]"}
RESULT: {"using":"xpath","value":"//button[@data-kt=\"addNewYardOverflowToolbarButton\"]"}
COMMAND: POST /session/324496234919104d937ca92dc3ef2aab/elements - {"using":"xpath","value":"//button[@data-kt=\"addNewYardOverflowToolbarButton\"]"}
RESULT: {"using":"xpath","value":"//button[@data-kt=\"addNewYardOverflowToolbarButton\"]"}
COMMAND: POST /session/324496234919104d937ca92dc3ef2aab/elements - {"using":"xpath","value":"//button[@data-kt=\"addNewYardOverflowToolbarButton\"]"}
RESULT: {"using":"xpath","value":"//button[@data-kt=\"addNewYardOverflowToolbarButton\"]"}
COMMAND: POST /session/324496234919104d937ca92dc3ef2aab/elements - {"using":"xpath","value":"//button[@data-kt=\"addNewYardOverflowToolbarButton\"]"}
RESULT: {"using":"xpath","value":"//button[@data-kt=\"addNewYardOverflowToolbarButton\"]"}
COMMAND: POST /session/324496234919104d937ca92dc3ef2aab/elements - {"using":"xpath","value":"//button[@data-kt=\"addNewYardOverflowToolbarButton\"]"}
RESULT: {"using":"xpath","value":"//button[@data-kt=\"addNewYardOverflowToolbarButton\"]"}
COMMAND: POST /session/324496234919104d937ca92dc3ef2aab/element - {"using":"xpath","value":"//button[@data-kt=\"addNewYardOverflowToolbarButton\"]"}
RESULT: {"using":"xpath","value":"//button[@data-kt=\"addNewYardOverflowToolbarButton\"]"}
COMMAND: POST /session/324496234919104d937ca92dc3ef2aab/execute/sync - {"script":"<script> [8489 bytes]","args":[{"element-6066-11e4-a52e-4f735466cecf":"f.350099D233706A5CE962F884DCED375A.d.025A5FF9CA96A78F48A22CA3CD2305B0.e.297","ELEMENT":"f.350099D233706A5CE962F884DCED375A.d.025A5FF9CA96A78F48A22CA3CD2305B0.e.297"}]}
RESULT: {"script":"<script> [8489 bytes]","args":[{"element-6066-11e4-a52e-4f735466cecf":"f.350099D233706A5CE962F884DCED375A.d.025A5FF9CA96A78F48A22CA3CD2305B0.e.297","ELEMENT":"f.350099D233706A5CE962F884DCED375A.d.025A5FF9CA96A78F48A22CA3CD2305B0.e.297"}]}
COMMAND: GET /session/324496234919104d937ca92dc3ef2aab/element/f.350099D233706A5CE962F884DCED375A.d.025A5FF9CA96A78F48A22CA3CD2305B0.e.297/enabled - {}
COMMAND: GET /session/324496234919104d937ca92dc3ef2aab/screenshot - {}
RESULT: {}
COMMAND: POST /session/324496234919104d937ca92dc3ef2aab/execute/sync - {"script":"<script> [8489 bytes]","args":[{"element-6066-11e4-a52e-4f735466cecf":"f.350099D233706A5CE962F884DCED375A.d.025A5FF9CA96A78F48A22CA3CD2305B0.e.297","ELEMENT":"f.350099D233706A5CE962F884DCED375A.d.025A5FF9CA96A78F48A22CA3CD2305B0.e.297"}]}
COMMAND: GET /session/324496234919104d937ca92dc3ef2aab/screenshot - {}
RESULT: {}
RESULT: {"script":"<script> [8489 bytes]","args":[{"element-6066-11e4-a52e-4f735466cecf":"f.350099D233706A5CE962F884DCED375A.d.025A5FF9CA96A78F48A22CA3CD2305B0.e.297","ELEMENT":"f.350099D233706A5CE962F884DCED375A.d.025A5FF9CA96A78F48A22CA3CD2305B0.e.297"}]}
COMMAND: POST /session/324496234919104d937ca92dc3ef2aab/execute/sync - {"script":"<script> [5351 bytes]","args":[{"element-6066-11e4-a52e-4f735466cecf":"f.350099D233706A5CE962F884DCED375A.d.025A5FF9CA96A78F48A22CA3CD2305B0.e.297","ELEMENT":"f.350099D233706A5CE962F884DCED375A.d.025A5FF9CA96A78F48A22CA3CD2305B0.e.297"}]}
COMMAND: GET /session/324496234919104d937ca92dc3ef2aab/screenshot - {}
RESULT: {}
RESULT: {"script":"<script> [5351 bytes]","args":[{"element-6066-11e4-a52e-4f735466cecf":"f.350099D233706A5CE962F884DCED375A.d.025A5FF9CA96A78F48A22CA3CD2305B0.e.297","ELEMENT":"f.350099D233706A5CE962F884DCED375A.d.025A5FF9CA96A78F48A22CA3CD2305B0.e.297"}]}
COMMAND: POST /session/324496234919104d937ca92dc3ef2aab/element/f.350099D233706A5CE962F884DCED375A.d.025A5FF9CA96A78F48A22CA3CD2305B0.e.297/click - {}
COMMAND: GET /session/324496234919104d937ca92dc3ef2aab/screenshot - {}
RESULT: {}
RESULT: {}
COMMAND: GET /session/324496234919104d937ca92dc3ef2aab/screenshot - {}
COMMAND: POST /session/324496234919104d937ca92dc3ef2aab/element - {"using":"xpath","value":"//input[@id=\"application-manageyards-display-component---NewYard--yardId-inner\"]"}
RESULT: {}
RESULT: {}
RESULT: {"using":"xpath","value":"//input[@id=\"application-manageyards-display-component---NewYard--yardId-inner\"]"}
COMMAND: POST /session/324496234919104d937ca92dc3ef2aab/element - {"using":"xpath","value":"//input[@id=\"application-manageyards-display-component---NewYard--yardId-inner\"]"}
RESULT: {"using":"xpath","value":"//input[@id=\"application-manageyards-display-component---NewYard--yardId-inner\"]"}
COMMAND: POST /session/324496234919104d937ca92dc3ef2aab/execute/async - {"script":"<script> [1562 bytes]","args":[{"selector":{"id":"application-manageyards-display-component---NewYard--addressDetailDetailsName1","interaction":{"idSuffix":"inner"}},"wdio_ui5_key":"applicationmanageyards-display-component---NewYard--addressDetailDetailsName1"}]}
RESULT: {"script":"<script> [1562 bytes]","args":[{"selector":{"id":"application-manageyards-display-component---NewYard--addressDetailDetailsName1","interaction":{"idSuffix":"inner"}},"wdio_ui5_key":"applicationmanageyards-display-component---NewYard--addressDetailDetailsName1"}]}
RESULT: undefined
COMMAND: POST /session/324496234919104d937ca92dc3ef2aab/execute/async - {"script":"<script> [776 bytes]","args":[{"enterText":"Intracompany Yard wdIO","selector":{"id":"application-manageyards-display-component---NewYard--addressDetailDetailsName1","interaction":{"idSuffix":"inner"}},"clearTextFirst":true,"interactionType":"ENTER_TEXT"}]}
RESULT: {"script":"<script> [776 bytes]","args":[{"enterText":"Intracompany Yard wdIO","selector":{"id":"application-manageyards-display-component---NewYard--addressDetailDetailsName1","interaction":{"idSuffix":"inner"}},"clearTextFirst":true,"interactionType":"ENTER_TEXT"}]}
COMMAND: POST /session/324496234919104d937ca92dc3ef2aab/execute/async - {"script":"<script> [1562 bytes]","args":[{"selector":{"id":"application-manageyards-display-component---NewYard--addressDetailDetailsLanguage-arrow"},"wdio_ui5_key":"applicationmanageyards-display-component---NewYard--addressDetailDetailsLanguage-arrow"}]}
RESULT: {"script":"<script> [1562 bytes]","args":[{"selector":{"id":"application-manageyards-display-component---NewYard--addressDetailDetailsLanguage-arrow"},"wdio_ui5_key":"applicationmanageyards-display-component---NewYard--addressDetailDetailsLanguage-arrow"}]}
RESULT: undefined
COMMAND: POST /session/324496234919104d937ca92dc3ef2aab/element - {"using":"xpath","value":"//*[@id=\"application-manageyards-display-component---NewYard--addressDetailDetailsLanguage-arrow\"]"}
RESULT: {"using":"xpath","value":"//*[@id=\"application-manageyards-display-component---NewYard--addressDetailDetailsLanguage-arrow\"]"}
COMMAND: POST /session/324496234919104d937ca92dc3ef2aab/element/f.350099D233706A5CE962F884DCED375A.d.025A5FF9CA96A78F48A22CA3CD2305B0.e.727/click - {}
RESULT: {}
COMMAND: POST /session/324496234919104d937ca92dc3ef2aab/element - {"using":"xpath","value":"//span[contains(text(), \"English\")]"}
COMMAND: GET /session/324496234919104d937ca92dc3ef2aab/screenshot - {}
RESULT: {"using":"xpath","value":"//span[contains(text(), \"English\")]"}
COMMAND: POST /session/324496234919104d937ca92dc3ef2aab/element/f.350099D233706A5CE962F884DCED375A.d.025A5FF9CA96A78F48A22CA3CD2305B0.e.728/click - {}
RESULT: {}
RESULT: {}
COMMAND: POST /session/324496234919104d937ca92dc3ef2aab/execute/async - {"script":"<script> [1562 bytes]","args":[{"selector":{"id":"application-manageyards-display-component---NewYard--addressDetailDetailsCity1","interaction":{"idSuffix":"inner"}},"wdio_ui5_key":"applicationmanageyards-display-component---NewYard--addressDetailDetailsCity1"}]}
COMMAND: GET /session/324496234919104d937ca92dc3ef2aab/screenshot - {}
RESULT: {"script":"<script> [1562 bytes]","args":[{"selector":{"id":"application-manageyards-display-component---NewYard--addressDetailDetailsCity1","interaction":{"idSuffix":"inner"}},"wdio_ui5_key":"applicationmanageyards-display-component---NewYard--addressDetailDetailsCity1"}]}
RESULT: undefined
COMMAND: POST /session/324496234919104d937ca92dc3ef2aab/execute/async - {"script":"<script> [776 bytes]","args":[{"enterText":"Rosario","selector":{"id":"application-manageyards-display-component---NewYard--addressDetailDetailsCity1","interaction":{"idSuffix":"inner"}},"clearTextFirst":true,"interactionType":"ENTER_TEXT"}]}
RESULT: {}
RESULT: {"script":"<script> [776 bytes]","args":[{"enterText":"Rosario","selector":{"id":"application-manageyards-display-component---NewYard--addressDetailDetailsCity1","interaction":{"idSuffix":"inner"}},"clearTextFirst":true,"interactionType":"ENTER_TEXT"}]}
COMMAND: POST /session/324496234919104d937ca92dc3ef2aab/execute/async - {"script":"<script> [1562 bytes]","args":[{"selector":{"id":"application-manageyards-display-component---NewYard--addressDetailDetailsCountry-arrow"},"wdio_ui5_key":"applicationmanageyards-display-component---NewYard--addressDetailDetailsCountry-arrow"}]}
RESULT: {"script":"<script> [1562 bytes]","args":[{"selector":{"id":"application-manageyards-display-component---NewYard--addressDetailDetailsCountry-arrow"},"wdio_ui5_key":"applicationmanageyards-display-component---NewYard--addressDetailDetailsCountry-arrow"}]}
RESULT: undefined
COMMAND: POST /session/324496234919104d937ca92dc3ef2aab/element - {"using":"xpath","value":"//*[@id=\"application-manageyards-display-component---NewYard--addressDetailDetailsCountry-arrow\"]"}
RESULT: {"using":"xpath","value":"//*[@id=\"application-manageyards-display-component---NewYard--addressDetailDetailsCountry-arrow\"]"}
COMMAND: POST /session/324496234919104d937ca92dc3ef2aab/element/f.350099D233706A5CE962F884DCED375A.d.025A5FF9CA96A78F48A22CA3CD2305B0.e.730/click - {}
RESULT: {}
COMMAND: POST /session/324496234919104d937ca92dc3ef2aab/element - {"using":"xpath","value":"//span[contains(text(), \"Argentina\")]"}
COMMAND: GET /session/324496234919104d937ca92dc3ef2aab/screenshot - {}
RESULT: {"using":"xpath","value":"//span[contains(text(), \"Argentina\")]"}
COMMAND: POST /session/324496234919104d937ca92dc3ef2aab/element/f.350099D233706A5CE962F884DCED375A.d.025A5FF9CA96A78F48A22CA3CD2305B0.e.731/click - {}
RESULT: {}
RESULT: {}
COMMAND: POST /session/324496234919104d937ca92dc3ef2aab/execute/async - {"script":"<script> [1562 bytes]","args":[{"selector":{"id":"application-manageyards-display-component---NewYard--addressEditDetailsCostObjectCstType-arrow"},"wdio_ui5_key":"applicationmanageyards-display-component---NewYard--addressEditDetailsCostObjectCstType-arrow"}]}
COMMAND: GET /session/324496234919104d937ca92dc3ef2aab/screenshot - {}
RESULT: {"script":"<script> [1562 bytes]","args":[{"selector":{"id":"application-manageyards-display-component---NewYard--addressEditDetailsCostObjectCstType-arrow"},"wdio_ui5_key":"applicationmanageyards-display-component---NewYard--addressEditDetailsCostObjectCstType-arrow"}]}
RESULT: undefined
COMMAND: POST /session/324496234919104d937ca92dc3ef2aab/element - {"using":"xpath","value":"//*[@id=\"application-manageyards-display-component---NewYard--addressEditDetailsCostObjectCstType-arrow\"]"}
RESULT: {}
RESULT: {"using":"xpath","value":"//*[@id=\"application-manageyards-display-component---NewYard--addressEditDetailsCostObjectCstType-arrow\"]"}
COMMAND: POST /session/324496234919104d937ca92dc3ef2aab/element/f.350099D233706A5CE962F884DCED375A.d.025A5FF9CA96A78F48A22CA3CD2305B0.e.733/click - {}
RESULT: {}
COMMAND: POST /session/324496234919104d937ca92dc3ef2aab/element - {"using":"xpath","value":"//span[contains(text(), \"Cost Center\")]"}
COMMAND: GET /session/324496234919104d937ca92dc3ef2aab/screenshot - {}
RESULT: {"using":"xpath","value":"//span[contains(text(), \"Cost Center\")]"}
COMMAND: POST /session/324496234919104d937ca92dc3ef2aab/element/f.350099D233706A5CE962F884DCED375A.d.025A5FF9CA96A78F48A22CA3CD2305B0.e.734/click - {}
RESULT: {}
RESULT: {}
COMMAND: GET /session/324496234919104d937ca92dc3ef2aab/screenshot - {}
RESULT: {}
COMMAND: POST /session/324496234919104d937ca92dc3ef2aab/element - {"using":"xpath","value":"//span[@id=\"application-manageyards-display-component---NewYard--addressNewCostObjectCstID-vhi\"]"}
RESULT: {"using":"xpath","value":"//span[@id=\"application-manageyards-display-component---NewYard--addressNewCostObjectCstID-vhi\"]"}
COMMAND: POST /session/324496234919104d937ca92dc3ef2aab/execute/sync - {"script":"<script> [8489 bytes]","args":[{"element-6066-11e4-a52e-4f735466cecf":"f.350099D233706A5CE962F884DCED375A.d.025A5FF9CA96A78F48A22CA3CD2305B0.e.738","ELEMENT":"f.350099D233706A5CE962F884DCED375A.d.025A5FF9CA96A78F48A22CA3CD2305B0.e.738"}]}
RESULT: {"script":"<script> [8489 bytes]","args":[{"element-6066-11e4-a52e-4f735466cecf":"f.350099D233706A5CE962F884DCED375A.d.025A5FF9CA96A78F48A22CA3CD2305B0.e.738","ELEMENT":"f.350099D233706A5CE962F884DCED375A.d.025A5FF9CA96A78F48A22CA3CD2305B0.e.738"}]}
COMMAND: POST /session/324496234919104d937ca92dc3ef2aab/execute/async - {"script":"<script> [1562 bytes]","args":[{"selector":{"id":"application-manageyards-display-component---NewYard--addressNewCostObjectCstID-vhi"},"wdio_ui5_key":"applicationmanageyards-display-component---NewYard--addressNewCostObjectCstID-vhi"}]}
COMMAND: GET /session/324496234919104d937ca92dc3ef2aab/screenshot - {}
RESULT: {"script":"<script> [1562 bytes]","args":[{"selector":{"id":"application-manageyards-display-component---NewYard--addressNewCostObjectCstID-vhi"},"wdio_ui5_key":"applicationmanageyards-display-component---NewYard--addressNewCostObjectCstID-vhi"}]}
RESULT: undefined
COMMAND: POST /session/324496234919104d937ca92dc3ef2aab/element - {"using":"xpath","value":"//*[@id=\"application-manageyards-display-component---NewYard--addressNewCostObjectCstID-vhi\"]"}
RESULT: {}
RESULT: {"using":"xpath","value":"//*[@id=\"application-manageyards-display-component---NewYard--addressNewCostObjectCstID-vhi\"]"}
COMMAND: POST /session/324496234919104d937ca92dc3ef2aab/element/f.350099D233706A5CE962F884DCED375A.d.025A5FF9CA96A78F48A22CA3CD2305B0.e.738/click - {}
RESULT: {}
COMMAND: GET /session/324496234919104d937ca92dc3ef2aab/screenshot - {}
RESULT: {}
COMMAND: POST /session/324496234919104d937ca92dc3ef2aab/execute/async - {"script":"<script> [1562 bytes]","args":[{"selector":{"controlType":"sap.m.SearchField","properties":{"placeholder":"Search"},"searchOpenDialogs":true,"interaction":{"idSuffix":"I"}},"wdio_ui5_key":"sapm.SearchField{\"placeholder\":\"Search\"}"}]}
RESULT: {"script":"<script> [1562 bytes]","args":[{"selector":{"controlType":"sap.m.SearchField","properties":{"placeholder":"Search"},"searchOpenDialogs":true,"interaction":{"idSuffix":"I"}},"wdio_ui5_key":"sapm.SearchField{\"placeholder\":\"Search\"}"}]}
RESULT: undefined
COMMAND: POST /session/324496234919104d937ca92dc3ef2aab/execute/async - {"script":"<script> [776 bytes]","args":[{"enterText":"bauh_b","selector":{"controlType":"sap.m.SearchField","properties":{"placeholder":"Search"},"searchOpenDialogs":true,"interaction":{"idSuffix":"I"}},"clearTextFirst":true,"interactionType":"ENTER_TEXT"}]}
RESULT: {"script":"<script> [776 bytes]","args":[{"enterText":"bauh_b","selector":{"controlType":"sap.m.SearchField","properties":{"placeholder":"Search"},"searchOpenDialogs":true,"interaction":{"idSuffix":"I"}},"clearTextFirst":true,"interactionType":"ENTER_TEXT"}]}
COMMAND: POST /session/324496234919104d937ca92dc3ef2aab/actions - {"actions":[{"id":"action1","type":"key","parameters":{},"actions":[{"type":"keyDown","value":""},{"type":"pause","duration":10},{"type":"keyUp","value":""}]}]}
RESULT: {"actions":[{"id":"action1","type":"key","parameters":{},"actions":[{"type":"keyDown","value":""},{"type":"pause","duration":10},{"type":"keyUp","value":""}]}]}
COMMAND: GET /session/324496234919104d937ca92dc3ef2aab/screenshot - {}
RESULT: {}
COMMAND: POST /session/324496234919104d937ca92dc3ef2aab/element - {"using":"xpath","value":"//span[contains(text(), \"Demo Yard\")]"}
RESULT: {"using":"xpath","value":"//span[contains(text(), \"Demo Yard\")]"}
COMMAND: POST /session/324496234919104d937ca92dc3ef2aab/element/f.350099D233706A5CE962F884DCED375A.d.025A5FF9CA96A78F48A22CA3CD2305B0.e.779/click - {}
RESULT: {}
COMMAND: GET /session/324496234919104d937ca92dc3ef2aab/screenshot - {}
RESULT: {}
COMMAND: POST /session/324496234919104d937ca92dc3ef2aab/element - {"using":"xpath","value":"//bdi[contains(text(), \"OK\")]"}
RESULT: {"using":"xpath","value":"//bdi[contains(text(), \"OK\")]"}
COMMAND: POST /session/324496234919104d937ca92dc3ef2aab/element/f.350099D233706A5CE962F884DCED375A.d.025A5FF9CA96A78F48A22CA3CD2305B0.e.780/click - {}
RESULT: {}
COMMAND: GET /session/324496234919104d937ca92dc3ef2aab/screenshot - {}
RESULT: {}
COMMAND: POST /session/324496234919104d937ca92dc3ef2aab/execute/async - {"script":"<script> [1562 bytes]","args":[{"selector":{"id":"application-manageyards-display-component---NewYard--addressEditDetailsCurrency-arrow"},"wdio_ui5_key":"applicationmanageyards-display-component---NewYard--addressEditDetailsCurrency-arrow"}]}
RESULT: {"script":"<script> [1562 bytes]","args":[{"selector":{"id":"application-manageyards-display-component---NewYard--addressEditDetailsCurrency-arrow"},"wdio_ui5_key":"applicationmanageyards-display-component---NewYard--addressEditDetailsCurrency-arrow"}]}
RESULT: undefined
COMMAND: POST /session/324496234919104d937ca92dc3ef2aab/element - {"using":"xpath","value":"//*[@id=\"application-manageyards-display-component---NewYard--addressEditDetailsCurrency-arrow\"]"}
RESULT: {"using":"xpath","value":"//*[@id=\"application-manageyards-display-component---NewYard--addressEditDetailsCurrency-arrow\"]"}
COMMAND: POST /session/324496234919104d937ca92dc3ef2aab/element/f.350099D233706A5CE962F884DCED375A.d.025A5FF9CA96A78F48A22CA3CD2305B0.e.783/click - {}
RESULT: {}
COMMAND: POST /session/324496234919104d937ca92dc3ef2aab/element - {"using":"xpath","value":"//span[contains(text(), \"Euro\")]"}
COMMAND: GET /session/324496234919104d937ca92dc3ef2aab/screenshot - {}
RESULT: {"using":"xpath","value":"//span[contains(text(), \"Euro\")]"}
COMMAND: POST /session/324496234919104d937ca92dc3ef2aab/element/f.350099D233706A5CE962F884DCED375A.d.025A5FF9CA96A78F48A22CA3CD2305B0.e.784/click - {}
RESULT: {}
RESULT: {}
COMMAND: POST /session/324496234919104d937ca92dc3ef2aab/execute/async - {"script":"<script> [1562 bytes]","args":[{"selector":{"controlType":"sap.m.Input","viewName":"etm.portal.ui.manageyards.view.New","viewId":"application-manageyards-display-component---NewYard","bindingPath":{"path":"","propertyPath":"/CONTROLLING_AREA","modelName":"NewYardModel"},"interaction":{"idSuffix":"inner"}},"wdio_ui5_key":"etmportal.ui.manageyards.view.Newsap.m.Input{\"path\":\"\",\"propertyPath\":\"/CONTROLLING_AREA\",\"modelName\":\"NewYardModel\"}"}]}
COMMAND: GET /session/324496234919104d937ca92dc3ef2aab/screenshot - {}
RESULT: {"script":"<script> [1562 bytes]","args":[{"selector":{"controlType":"sap.m.Input","viewName":"etm.portal.ui.manageyards.view.New","viewId":"application-manageyards-display-component---NewYard","bindingPath":{"path":"","propertyPath":"/CONTROLLING_AREA","modelName":"NewYardModel"},"interaction":{"idSuffix":"inner"}},"wdio_ui5_key":"etmportal.ui.manageyards.view.Newsap.m.Input{\"path\":\"\",\"propertyPath\":\"/CONTROLLING_AREA\",\"modelName\":\"NewYardModel\"}"}]}
RESULT: undefined
COMMAND: POST /session/324496234919104d937ca92dc3ef2aab/execute/async - {"script":"<script> [776 bytes]","args":[{"enterText":"Z001","selector":{"controlType":"sap.m.Input","viewName":"etm.portal.ui.manageyards.view.New","viewId":"application-manageyards-display-component---NewYard","bindingPath":{"path":"","propertyPath":"/CONTROLLING_AREA","modelName":"NewYardModel"},"interaction":{"idSuffix":"inner"}},"clearTextFirst":true,"interactionType":"ENTER_TEXT"}]}
RESULT: {}
RESULT: {"script":"<script> [776 bytes]","args":[{"enterText":"Z001","selector":{"controlType":"sap.m.Input","viewName":"etm.portal.ui.manageyards.view.New","viewId":"application-manageyards-display-component---NewYard","bindingPath":{"path":"","propertyPath":"/CONTROLLING_AREA","modelName":"NewYardModel"},"interaction":{"idSuffix":"inner"}},"clearTextFirst":true,"interactionType":"ENTER_TEXT"}]}
COMMAND: POST /session/324496234919104d937ca92dc3ef2aab/execute/async - {"script":"<script> [1562 bytes]","args":[{"selector":{"id":"application-manageyards-display-component---NewYard--companyCodeComboBox","interaction":{"idSuffix":"inner"}},"wdio_ui5_key":"applicationmanageyards-display-component---NewYard--companyCodeComboBox"}]}
RESULT: {"script":"<script> [1562 bytes]","args":[{"selector":{"id":"application-manageyards-display-component---NewYard--companyCodeComboBox","interaction":{"idSuffix":"inner"}},"wdio_ui5_key":"applicationmanageyards-display-component---NewYard--companyCodeComboBox"}]}
RESULT: undefined
COMMAND: POST /session/324496234919104d937ca92dc3ef2aab/execute/async - {"script":"<script> [776 bytes]","args":[{"enterText":"1000","selector":{"id":"application-manageyards-display-component---NewYard--companyCodeComboBox","interaction":{"idSuffix":"inner"}},"clearTextFirst":true,"interactionType":"ENTER_TEXT"}]}
RESULT: {"script":"<script> [776 bytes]","args":[{"enterText":"1000","selector":{"id":"application-manageyards-display-component---NewYard--companyCodeComboBox","interaction":{"idSuffix":"inner"}},"clearTextFirst":true,"interactionType":"ENTER_TEXT"}]}
COMMAND: POST /session/324496234919104d937ca92dc3ef2aab/execute/async - {"script":"<script> [1562 bytes]","args":[{"selector":{"controlType":"sap.m.Input","viewName":"etm.portal.ui.manageyards.view.New","viewId":"application-manageyards-display-component---NewYard","bindingPath":{"path":"","propertyPath":"/PLANT","modelName":"NewYardModel"},"interaction":{"idSuffix":"inner"}},"wdio_ui5_key":"etmportal.ui.manageyards.view.Newsap.m.Input{\"path\":\"\",\"propertyPath\":\"/PLANT\",\"modelName\":\"NewYardModel\"}"}]}
RESULT: {"script":"<script> [1562 bytes]","args":[{"selector":{"controlType":"sap.m.Input","viewName":"etm.portal.ui.manageyards.view.New","viewId":"application-manageyards-display-component---NewYard","bindingPath":{"path":"","propertyPath":"/PLANT","modelName":"NewYardModel"},"interaction":{"idSuffix":"inner"}},"wdio_ui5_key":"etmportal.ui.manageyards.view.Newsap.m.Input{\"path\":\"\",\"propertyPath\":\"/PLANT\",\"modelName\":\"NewYardModel\"}"}]}
RESULT: undefined
COMMAND: POST /session/324496234919104d937ca92dc3ef2aab/execute/async - {"script":"<script> [776 bytes]","args":[{"enterText":"1001","selector":{"controlType":"sap.m.Input","viewName":"etm.portal.ui.manageyards.view.New","viewId":"application-manageyards-display-component---NewYard","bindingPath":{"path":"","propertyPath":"/PLANT","modelName":"NewYardModel"},"interaction":{"idSuffix":"inner"}},"clearTextFirst":true,"interactionType":"ENTER_TEXT"}]}
RESULT: {"script":"<script> [776 bytes]","args":[{"enterText":"1001","selector":{"controlType":"sap.m.Input","viewName":"etm.portal.ui.manageyards.view.New","viewId":"application-manageyards-display-component---NewYard","bindingPath":{"path":"","propertyPath":"/PLANT","modelName":"NewYardModel"},"interaction":{"idSuffix":"inner"}},"clearTextFirst":true,"interactionType":"ENTER_TEXT"}]}
COMMAND: POST /session/324496234919104d937ca92dc3ef2aab/execute/async - {"script":"<script> [1562 bytes]","args":[{"selector":{"controlType":"sap.m.Input","viewName":"etm.portal.ui.manageyards.view.New","viewId":"application-manageyards-display-component---NewYard","bindingPath":{"path":"","propertyPath":"/SALES_AREA_VKORG","modelName":"NewYardModel"},"interaction":{"idSuffix":"inner"}},"wdio_ui5_key":"etmportal.ui.manageyards.view.Newsap.m.Input{\"path\":\"\",\"propertyPath\":\"/SALES_AREA_VKORG\",\"modelName\":\"NewYardModel\"}"}]}
RESULT: {"script":"<script> [1562 bytes]","args":[{"selector":{"controlType":"sap.m.Input","viewName":"etm.portal.ui.manageyards.view.New","viewId":"application-manageyards-display-component---NewYard","bindingPath":{"path":"","propertyPath":"/SALES_AREA_VKORG","modelName":"NewYardModel"},"interaction":{"idSuffix":"inner"}},"wdio_ui5_key":"etmportal.ui.manageyards.view.Newsap.m.Input{\"path\":\"\",\"propertyPath\":\"/SALES_AREA_VKORG\",\"modelName\":\"NewYardModel\"}"}]}
RESULT: undefined
COMMAND: POST /session/324496234919104d937ca92dc3ef2aab/execute/async - {"script":"<script> [776 bytes]","args":[{"enterText":"C002","selector":{"controlType":"sap.m.Input","viewName":"etm.portal.ui.manageyards.view.New","viewId":"application-manageyards-display-component---NewYard","bindingPath":{"path":"","propertyPath":"/SALES_AREA_VKORG","modelName":"NewYardModel"},"interaction":{"idSuffix":"inner"}},"clearTextFirst":true,"interactionType":"ENTER_TEXT"}]}
RESULT: {"script":"<script> [776 bytes]","args":[{"enterText":"C002","selector":{"controlType":"sap.m.Input","viewName":"etm.portal.ui.manageyards.view.New","viewId":"application-manageyards-display-component---NewYard","bindingPath":{"path":"","propertyPath":"/SALES_AREA_VKORG","modelName":"NewYardModel"},"interaction":{"idSuffix":"inner"}},"clearTextFirst":true,"interactionType":"ENTER_TEXT"}]}
COMMAND: POST /session/324496234919104d937ca92dc3ef2aab/execute/async - {"script":"<script> [1562 bytes]","args":[{"selector":{"controlType":"sap.m.Input","viewName":"etm.portal.ui.manageyards.view.New","viewId":"application-manageyards-display-component---NewYard","bindingPath":{"path":"","propertyPath":"/SALES_AREA_VTWEG","modelName":"NewYardModel"},"interaction":{"idSuffix":"inner"}},"wdio_ui5_key":"etmportal.ui.manageyards.view.Newsap.m.Input{\"path\":\"\",\"propertyPath\":\"/SALES_AREA_VTWEG\",\"modelName\":\"NewYardModel\"}"}]}
RESULT: {"script":"<script> [1562 bytes]","args":[{"selector":{"controlType":"sap.m.Input","viewName":"etm.portal.ui.manageyards.view.New","viewId":"application-manageyards-display-component---NewYard","bindingPath":{"path":"","propertyPath":"/SALES_AREA_VTWEG","modelName":"NewYardModel"},"interaction":{"idSuffix":"inner"}},"wdio_ui5_key":"etmportal.ui.manageyards.view.Newsap.m.Input{\"path\":\"\",\"propertyPath\":\"/SALES_AREA_VTWEG\",\"modelName\":\"NewYardModel\"}"}]}
RESULT: undefined
COMMAND: POST /session/324496234919104d937ca92dc3ef2aab/execute/async - {"script":"<script> [776 bytes]","args":[{"enterText":"C2","selector":{"controlType":"sap.m.Input","viewName":"etm.portal.ui.manageyards.view.New","viewId":"application-manageyards-display-component---NewYard","bindingPath":{"path":"","propertyPath":"/SALES_AREA_VTWEG","modelName":"NewYardModel"},"interaction":{"idSuffix":"inner"}},"clearTextFirst":true,"interactionType":"ENTER_TEXT"}]}
RESULT: {"script":"<script> [776 bytes]","args":[{"enterText":"C2","selector":{"controlType":"sap.m.Input","viewName":"etm.portal.ui.manageyards.view.New","viewId":"application-manageyards-display-component---NewYard","bindingPath":{"path":"","propertyPath":"/SALES_AREA_VTWEG","modelName":"NewYardModel"},"interaction":{"idSuffix":"inner"}},"clearTextFirst":true,"interactionType":"ENTER_TEXT"}]}
COMMAND: POST /session/324496234919104d937ca92dc3ef2aab/execute/async - {"script":"<script> [1562 bytes]","args":[{"selector":{"controlType":"sap.m.Input","viewName":"etm.portal.ui.manageyards.view.New","viewId":"application-manageyards-display-component---NewYard","bindingPath":{"path":"","propertyPath":"/SALES_AREA_SPART","modelName":"NewYardModel"},"interaction":{"idSuffix":"inner"}},"wdio_ui5_key":"etmportal.ui.manageyards.view.Newsap.m.Input{\"path\":\"\",\"propertyPath\":\"/SALES_AREA_SPART\",\"modelName\":\"NewYardModel\"}"}]}
RESULT: {"script":"<script> [1562 bytes]","args":[{"selector":{"controlType":"sap.m.Input","viewName":"etm.portal.ui.manageyards.view.New","viewId":"application-manageyards-display-component---NewYard","bindingPath":{"path":"","propertyPath":"/SALES_AREA_SPART","modelName":"NewYardModel"},"interaction":{"idSuffix":"inner"}},"wdio_ui5_key":"etmportal.ui.manageyards.view.Newsap.m.Input{\"path\":\"\",\"propertyPath\":\"/SALES_AREA_SPART\",\"modelName\":\"NewYardModel\"}"}]}
RESULT: undefined
COMMAND: POST /session/324496234919104d937ca92dc3ef2aab/execute/async - {"script":"<script> [776 bytes]","args":[{"enterText":"C2","selector":{"controlType":"sap.m.Input","viewName":"etm.portal.ui.manageyards.view.New","viewId":"application-manageyards-display-component---NewYard","bindingPath":{"path":"","propertyPath":"/SALES_AREA_SPART","modelName":"NewYardModel"},"interaction":{"idSuffix":"inner"}},"clearTextFirst":true,"interactionType":"ENTER_TEXT"}]}
RESULT: {"script":"<script> [776 bytes]","args":[{"enterText":"C2","selector":{"controlType":"sap.m.Input","viewName":"etm.portal.ui.manageyards.view.New","viewId":"application-manageyards-display-component---NewYard","bindingPath":{"path":"","propertyPath":"/SALES_AREA_SPART","modelName":"NewYardModel"},"interaction":{"idSuffix":"inner"}},"clearTextFirst":true,"interactionType":"ENTER_TEXT"}]}
COMMAND: POST /session/324496234919104d937ca92dc3ef2aab/execute/async - {"script":"<script> [1562 bytes]","args":[{"selector":{"controlType":"sap.m.Input","viewName":"etm.portal.ui.manageyards.view.New","viewId":"application-manageyards-display-component---NewYard","bindingPath":{"path":"","propertyPath":"/SHIP_POINT","modelName":"NewYardModel"},"interaction":{"idSuffix":"inner"}},"wdio_ui5_key":"etmportal.ui.manageyards.view.Newsap.m.Input{\"path\":\"\",\"propertyPath\":\"/SHIP_POINT\",\"modelName\":\"NewYardModel\"}"}]}
RESULT: {"script":"<script> [1562 bytes]","args":[{"selector":{"controlType":"sap.m.Input","viewName":"etm.portal.ui.manageyards.view.New","viewId":"application-manageyards-display-component---NewYard","bindingPath":{"path":"","propertyPath":"/SHIP_POINT","modelName":"NewYardModel"},"interaction":{"idSuffix":"inner"}},"wdio_ui5_key":"etmportal.ui.manageyards.view.Newsap.m.Input{\"path\":\"\",\"propertyPath\":\"/SHIP_POINT\",\"modelName\":\"NewYardModel\"}"}]}
RESULT: undefined
COMMAND: POST /session/324496234919104d937ca92dc3ef2aab/execute/async - {"script":"<script> [776 bytes]","args":[{"enterText":"1710","selector":{"controlType":"sap.m.Input","viewName":"etm.portal.ui.manageyards.view.New","viewId":"application-manageyards-display-component---NewYard","bindingPath":{"path":"","propertyPath":"/SHIP_POINT","modelName":"NewYardModel"},"interaction":{"idSuffix":"inner"}},"clearTextFirst":true,"interactionType":"ENTER_TEXT"}]}
RESULT: {"script":"<script> [776 bytes]","args":[{"enterText":"1710","selector":{"controlType":"sap.m.Input","viewName":"etm.portal.ui.manageyards.view.New","viewId":"application-manageyards-display-component---NewYard","bindingPath":{"path":"","propertyPath":"/SHIP_POINT","modelName":"NewYardModel"},"interaction":{"idSuffix":"inner"}},"clearTextFirst":true,"interactionType":"ENTER_TEXT"}]}
COMMAND: POST /session/324496234919104d937ca92dc3ef2aab/execute/async - {"script":"<script> [1562 bytes]","args":[{"selector":{"controlType":"sap.m.Input","viewName":"etm.portal.ui.manageyards.view.New","viewId":"application-manageyards-display-component---NewYard","bindingPath":{"path":"","propertyPath":"/DELIVERY_TYPE","modelName":"NewYardModel"},"interaction":{"idSuffix":"inner"}},"wdio_ui5_key":"etmportal.ui.manageyards.view.Newsap.m.Input{\"path\":\"\",\"propertyPath\":\"/DELIVERY_TYPE\",\"modelName\":\"NewYardModel\"}"}]}
RESULT: {"script":"<script> [1562 bytes]","args":[{"selector":{"controlType":"sap.m.Input","viewName":"etm.portal.ui.manageyards.view.New","viewId":"application-manageyards-display-component---NewYard","bindingPath":{"path":"","propertyPath":"/DELIVERY_TYPE","modelName":"NewYardModel"},"interaction":{"idSuffix":"inner"}},"wdio_ui5_key":"etmportal.ui.manageyards.view.Newsap.m.Input{\"path\":\"\",\"propertyPath\":\"/DELIVERY_TYPE\",\"modelName\":\"NewYardModel\"}"}]}
RESULT: undefined
COMMAND: POST /session/324496234919104d937ca92dc3ef2aab/execute/async - {"script":"<script> [776 bytes]","args":[{"enterText":"ZL01","selector":{"controlType":"sap.m.Input","viewName":"etm.portal.ui.manageyards.view.New","viewId":"application-manageyards-display-component---NewYard","bindingPath":{"path":"","propertyPath":"/DELIVERY_TYPE","modelName":"NewYardModel"},"interaction":{"idSuffix":"inner"}},"clearTextFirst":true,"interactionType":"ENTER_TEXT"}]}
RESULT: {"script":"<script> [776 bytes]","args":[{"enterText":"ZL01","selector":{"controlType":"sap.m.Input","viewName":"etm.portal.ui.manageyards.view.New","viewId":"application-manageyards-display-component---NewYard","bindingPath":{"path":"","propertyPath":"/DELIVERY_TYPE","modelName":"NewYardModel"},"interaction":{"idSuffix":"inner"}},"clearTextFirst":true,"interactionType":"ENTER_TEXT"}]}
COMMAND: POST /session/324496234919104d937ca92dc3ef2aab/execute/async - {"script":"<script> [1562 bytes]","args":[{"selector":{"controlType":"sap.m.Input","viewName":"etm.portal.ui.manageyards.view.New","viewId":"application-manageyards-display-component---NewYard","bindingPath":{"path":"","propertyPath":"/AUART","modelName":"NewYardModel"},"interaction":{"idSuffix":"inner"}},"wdio_ui5_key":"etmportal.ui.manageyards.view.Newsap.m.Input{\"path\":\"\",\"propertyPath\":\"/AUART\",\"modelName\":\"NewYardModel\"}"}]}
RESULT: {"script":"<script> [1562 bytes]","args":[{"selector":{"controlType":"sap.m.Input","viewName":"etm.portal.ui.manageyards.view.New","viewId":"application-manageyards-display-component---NewYard","bindingPath":{"path":"","propertyPath":"/AUART","modelName":"NewYardModel"},"interaction":{"idSuffix":"inner"}},"wdio_ui5_key":"etmportal.ui.manageyards.view.Newsap.m.Input{\"path\":\"\",\"propertyPath\":\"/AUART\",\"modelName\":\"NewYardModel\"}"}]}
RESULT: undefined
COMMAND: POST /session/324496234919104d937ca92dc3ef2aab/execute/async - {"script":"<script> [776 bytes]","args":[{"enterText":"TA","selector":{"controlType":"sap.m.Input","viewName":"etm.portal.ui.manageyards.view.New","viewId":"application-manageyards-display-component---NewYard","bindingPath":{"path":"","propertyPath":"/AUART","modelName":"NewYardModel"},"interaction":{"idSuffix":"inner"}},"clearTextFirst":true,"interactionType":"ENTER_TEXT"}]}
RESULT: {"script":"<script> [776 bytes]","args":[{"enterText":"TA","selector":{"controlType":"sap.m.Input","viewName":"etm.portal.ui.manageyards.view.New","viewId":"application-manageyards-display-component---NewYard","bindingPath":{"path":"","propertyPath":"/AUART","modelName":"NewYardModel"},"interaction":{"idSuffix":"inner"}},"clearTextFirst":true,"interactionType":"ENTER_TEXT"}]}
COMMAND: POST /session/324496234919104d937ca92dc3ef2aab/element - {"using":"xpath","value":"//button[@data-kt=\"newYardSaveButton\"]"}
RESULT: {"using":"xpath","value":"//button[@data-kt=\"newYardSaveButton\"]"}
COMMAND: POST /session/324496234919104d937ca92dc3ef2aab/element/f.350099D233706A5CE962F884DCED375A.d.025A5FF9CA96A78F48A22CA3CD2305B0.e.720/click - {}
RESULT: {}
COMMAND: GET /session/324496234919104d937ca92dc3ef2aab/screenshot - {}
RESULT: {}
COMMAND: POST /session/324496234919104d937ca92dc3ef2aab/element - {"using":"xpath","value":"//header[contains(@id, 'ObjectPageLayout-headerTitle')]/div[1]/div[2]/div[1]/span[1]"}
RESULT: {"using":"xpath","value":"//header[contains(@id, 'ObjectPageLayout-headerTitle')]/div[1]/div[2]/div[1]/span[1]"}
COMMAND: POST /session/324496234919104d937ca92dc3ef2aab/elements - {"using":"xpath","value":"//header[contains(@id, 'ObjectPageLayout-headerTitle')]/div[1]/div[2]/div[1]/span[1]"}
RESULT: {"using":"xpath","value":"//header[contains(@id, 'ObjectPageLayout-headerTitle')]/div[1]/div[2]/div[1]/span[1]"}
COMMAND: POST /session/324496234919104d937ca92dc3ef2aab/execute/sync - {"script":"<script> [56 bytes]","args":[{"element-6066-11e4-a52e-4f735466cecf":"f.350099D233706A5CE962F884DCED375A.d.025A5FF9CA96A78F48A22CA3CD2305B0.e.1002","ELEMENT":"f.350099D233706A5CE962F884DCED375A.d.025A5FF9CA96A78F48A22CA3CD2305B0.e.1002"}]}
RESULT: {"script":"<script> [56 bytes]","args":[{"element-6066-11e4-a52e-4f735466cecf":"f.350099D233706A5CE962F884DCED375A.d.025A5FF9CA96A78F48A22CA3CD2305B0.e.1002","ELEMENT":"f.350099D233706A5CE962F884DCED375A.d.025A5FF9CA96A78F48A22CA3CD2305B0.e.1002"}]}
COMMAND: GET /session/324496234919104d937ca92dc3ef2aab/screenshot - {}
RESULT: {}
COMMAND: POST /session/324496234919104d937ca92dc3ef2aab/element - {"using":"css selector","value":"#shell-header-logo"}
RESULT: {"using":"css selector","value":"#shell-header-logo"}
COMMAND: POST /session/324496234919104d937ca92dc3ef2aab/element/f.350099D233706A5CE962F884DCED375A.d.025A5FF9CA96A78F48A22CA3CD2305B0.e.265/click - {}
RESULT: {}
COMMAND: GET /session/324496234919104d937ca92dc3ef2aab/screenshot - {}
RESULT: {}
COMMAND: POST /session/324496234919104d937ca92dc3ef2aab/execute/sync - {"script":"<script> [299 bytes]","args":[["getModel","getResource"]]}
RESULT: {"script":"<script> [299 bytes]","args":[["getModel","getResource"]]}
COMMAND: GET /session/324496234919104d937ca92dc3ef2aab/screenshot - {}
]]></system-out>
    </testcase>
    <testcase classname="chrome.136_0_7103_93.windows.Billing_confirm_US117289" name="Should create a new partner" time="143.554">
      <system-out><![CDATA[
COMMAND: POST /session/324496234919104d937ca92dc3ef2aab/window/fullscreen - {}
RESULT: {}
RESULT: {}
COMMAND: POST /session/324496234919104d937ca92dc3ef2aab/execute/async - {"script":"<script> [1562 bytes]","args":[{"selector":{"controlType":"sap.m.GenericTile","properties":{"header":"Manage Partners"}},"wdio_ui5_key":"sapm.GenericTile{\"header\":\"Manage Partners\"}"}]}
RESULT: {"script":"<script> [1562 bytes]","args":[{"selector":{"controlType":"sap.m.GenericTile","properties":{"header":"Manage Partners"}},"wdio_ui5_key":"sapm.GenericTile{\"header\":\"Manage Partners\"}"}]}
RESULT: undefined
COMMAND: POST /session/324496234919104d937ca92dc3ef2aab/element - {"using":"xpath","value":"//*[@id=\"__tile38\"]"}
RESULT: {"using":"xpath","value":"//*[@id=\"__tile38\"]"}
COMMAND: POST /session/324496234919104d937ca92dc3ef2aab/element/f.350099D233706A5CE962F884DCED375A.d.025A5FF9CA96A78F48A22CA3CD2305B0.e.152/click - {}
RESULT: {}
COMMAND: GET /session/324496234919104d937ca92dc3ef2aab/screenshot - {}
RESULT: {}
COMMAND: POST /session/324496234919104d937ca92dc3ef2aab/elements - {"using":"xpath","value":"//span[text()='Error']"}
RESULT: {"using":"xpath","value":"//span[text()='Error']"}
COMMAND: POST /session/324496234919104d937ca92dc3ef2aab/element - {"using":"xpath","value":"//button[@data-kt=\"addButton\"]"}
RESULT: {"using":"xpath","value":"//button[@data-kt=\"addButton\"]"}
COMMAND: POST /session/324496234919104d937ca92dc3ef2aab/elements - {"using":"xpath","value":"//button[@data-kt=\"addButton\"]"}
RESULT: {"using":"xpath","value":"//button[@data-kt=\"addButton\"]"}
COMMAND: POST /session/324496234919104d937ca92dc3ef2aab/elements - {"using":"xpath","value":"//button[@data-kt=\"addButton\"]"}
RESULT: {"using":"xpath","value":"//button[@data-kt=\"addButton\"]"}
COMMAND: POST /session/324496234919104d937ca92dc3ef2aab/element - {"using":"xpath","value":"//button[@data-kt=\"addButton\"]"}
RESULT: {"using":"xpath","value":"//button[@data-kt=\"addButton\"]"}
COMMAND: POST /session/324496234919104d937ca92dc3ef2aab/execute/sync - {"script":"<script> [8489 bytes]","args":[{"element-6066-11e4-a52e-4f735466cecf":"f.350099D233706A5CE962F884DCED375A.d.025A5FF9CA96A78F48A22CA3CD2305B0.e.1041","ELEMENT":"f.350099D233706A5CE962F884DCED375A.d.025A5FF9CA96A78F48A22CA3CD2305B0.e.1041"}]}
RESULT: {"script":"<script> [8489 bytes]","args":[{"element-6066-11e4-a52e-4f735466cecf":"f.350099D233706A5CE962F884DCED375A.d.025A5FF9CA96A78F48A22CA3CD2305B0.e.1041","ELEMENT":"f.350099D233706A5CE962F884DCED375A.d.025A5FF9CA96A78F48A22CA3CD2305B0.e.1041"}]}
COMMAND: GET /session/324496234919104d937ca92dc3ef2aab/element/f.350099D233706A5CE962F884DCED375A.d.025A5FF9CA96A78F48A22CA3CD2305B0.e.1041/enabled - {}
COMMAND: GET /session/324496234919104d937ca92dc3ef2aab/screenshot - {}
RESULT: {}
COMMAND: POST /session/324496234919104d937ca92dc3ef2aab/execute/sync - {"script":"<script> [8489 bytes]","args":[{"element-6066-11e4-a52e-4f735466cecf":"f.350099D233706A5CE962F884DCED375A.d.025A5FF9CA96A78F48A22CA3CD2305B0.e.1041","ELEMENT":"f.350099D233706A5CE962F884DCED375A.d.025A5FF9CA96A78F48A22CA3CD2305B0.e.1041"}]}
COMMAND: GET /session/324496234919104d937ca92dc3ef2aab/screenshot - {}
RESULT: {}
RESULT: {"script":"<script> [8489 bytes]","args":[{"element-6066-11e4-a52e-4f735466cecf":"f.350099D233706A5CE962F884DCED375A.d.025A5FF9CA96A78F48A22CA3CD2305B0.e.1041","ELEMENT":"f.350099D233706A5CE962F884DCED375A.d.025A5FF9CA96A78F48A22CA3CD2305B0.e.1041"}]}
COMMAND: POST /session/324496234919104d937ca92dc3ef2aab/execute/sync - {"script":"<script> [5351 bytes]","args":[{"element-6066-11e4-a52e-4f735466cecf":"f.350099D233706A5CE962F884DCED375A.d.025A5FF9CA96A78F48A22CA3CD2305B0.e.1041","ELEMENT":"f.350099D233706A5CE962F884DCED375A.d.025A5FF9CA96A78F48A22CA3CD2305B0.e.1041"}]}
COMMAND: GET /session/324496234919104d937ca92dc3ef2aab/screenshot - {}
RESULT: {}
RESULT: {"script":"<script> [5351 bytes]","args":[{"element-6066-11e4-a52e-4f735466cecf":"f.350099D233706A5CE962F884DCED375A.d.025A5FF9CA96A78F48A22CA3CD2305B0.e.1041","ELEMENT":"f.350099D233706A5CE962F884DCED375A.d.025A5FF9CA96A78F48A22CA3CD2305B0.e.1041"}]}
COMMAND: POST /session/324496234919104d937ca92dc3ef2aab/element/f.350099D233706A5CE962F884DCED375A.d.025A5FF9CA96A78F48A22CA3CD2305B0.e.1041/click - {}
COMMAND: GET /session/324496234919104d937ca92dc3ef2aab/screenshot - {}
RESULT: {}
RESULT: {}
COMMAND: GET /session/324496234919104d937ca92dc3ef2aab/screenshot - {}
COMMAND: POST /session/324496234919104d937ca92dc3ef2aab/execute/async - {"script":"<script> [1562 bytes]","args":[{"selector":{"id":"application-managepartners-display-component---NewPartner--addressDetailDetailsName1","interaction":{"idSuffix":"inner"}},"wdio_ui5_key":"applicationmanagepartners-display-component---NewPartner--addressDetailDetailsName1"}]}
RESULT: {}
RESULT: {}
RESULT: {"script":"<script> [1562 bytes]","args":[{"selector":{"id":"application-managepartners-display-component---NewPartner--addressDetailDetailsName1","interaction":{"idSuffix":"inner"}},"wdio_ui5_key":"applicationmanagepartners-display-component---NewPartner--addressDetailDetailsName1"}]}
RESULT: undefined
COMMAND: POST /session/324496234919104d937ca92dc3ef2aab/execute/async - {"script":"<script> [776 bytes]","args":[{"enterText":"Intracompany Partner WDIO","selector":{"id":"application-managepartners-display-component---NewPartner--addressDetailDetailsName1","interaction":{"idSuffix":"inner"}},"clearTextFirst":true,"interactionType":"ENTER_TEXT"}]}
RESULT: {"script":"<script> [776 bytes]","args":[{"enterText":"Intracompany Partner WDIO","selector":{"id":"application-managepartners-display-component---NewPartner--addressDetailDetailsName1","interaction":{"idSuffix":"inner"}},"clearTextFirst":true,"interactionType":"ENTER_TEXT"}]}
COMMAND: POST /session/324496234919104d937ca92dc3ef2aab/execute/async - {"script":"<script> [1562 bytes]","args":[{"selector":{"id":"application-managepartners-display-component---NewPartner--addressDetailDetailsLanguage-arrow"},"wdio_ui5_key":"applicationmanagepartners-display-component---NewPartner--addressDetailDetailsLanguage-arrow"}]}
RESULT: {"script":"<script> [1562 bytes]","args":[{"selector":{"id":"application-managepartners-display-component---NewPartner--addressDetailDetailsLanguage-arrow"},"wdio_ui5_key":"applicationmanagepartners-display-component---NewPartner--addressDetailDetailsLanguage-arrow"}]}
RESULT: undefined
COMMAND: POST /session/324496234919104d937ca92dc3ef2aab/element - {"using":"xpath","value":"//*[@id=\"application-managepartners-display-component---NewPartner--addressDetailDetailsLanguage-arrow\"]"}
RESULT: {"using":"xpath","value":"//*[@id=\"application-managepartners-display-component---NewPartner--addressDetailDetailsLanguage-arrow\"]"}
COMMAND: POST /session/324496234919104d937ca92dc3ef2aab/element/f.350099D233706A5CE962F884DCED375A.d.025A5FF9CA96A78F48A22CA3CD2305B0.e.1408/click - {}
RESULT: {}
COMMAND: POST /session/324496234919104d937ca92dc3ef2aab/element - {"using":"xpath","value":"//span[contains(text(), \"English\")]"}
COMMAND: GET /session/324496234919104d937ca92dc3ef2aab/screenshot - {}
RESULT: {"using":"xpath","value":"//span[contains(text(), \"English\")]"}
COMMAND: POST /session/324496234919104d937ca92dc3ef2aab/element/f.350099D233706A5CE962F884DCED375A.d.025A5FF9CA96A78F48A22CA3CD2305B0.e.1409/click - {}
RESULT: {}
RESULT: {}
COMMAND: GET /session/324496234919104d937ca92dc3ef2aab/screenshot - {}
RESULT: {}
COMMAND: POST /session/324496234919104d937ca92dc3ef2aab/execute/async - {"script":"<script> [1562 bytes]","args":[{"selector":{"id":"application-managepartners-display-component---NewPartner--addressDetailDetailsCity1","interaction":{"idSuffix":"inner"}},"wdio_ui5_key":"applicationmanagepartners-display-component---NewPartner--addressDetailDetailsCity1"}]}
RESULT: {"script":"<script> [1562 bytes]","args":[{"selector":{"id":"application-managepartners-display-component---NewPartner--addressDetailDetailsCity1","interaction":{"idSuffix":"inner"}},"wdio_ui5_key":"applicationmanagepartners-display-component---NewPartner--addressDetailDetailsCity1"}]}
RESULT: undefined
COMMAND: POST /session/324496234919104d937ca92dc3ef2aab/execute/async - {"script":"<script> [776 bytes]","args":[{"enterText":"Rosario","selector":{"id":"application-managepartners-display-component---NewPartner--addressDetailDetailsCity1","interaction":{"idSuffix":"inner"}},"clearTextFirst":true,"interactionType":"ENTER_TEXT"}]}
RESULT: {"script":"<script> [776 bytes]","args":[{"enterText":"Rosario","selector":{"id":"application-managepartners-display-component---NewPartner--addressDetailDetailsCity1","interaction":{"idSuffix":"inner"}},"clearTextFirst":true,"interactionType":"ENTER_TEXT"}]}
COMMAND: POST /session/324496234919104d937ca92dc3ef2aab/execute/async - {"script":"<script> [1562 bytes]","args":[{"selector":{"id":"application-managepartners-display-component---NewPartner--addressDetailDetailsCountry-arrow"},"wdio_ui5_key":"applicationmanagepartners-display-component---NewPartner--addressDetailDetailsCountry-arrow"}]}
RESULT: {"script":"<script> [1562 bytes]","args":[{"selector":{"id":"application-managepartners-display-component---NewPartner--addressDetailDetailsCountry-arrow"},"wdio_ui5_key":"applicationmanagepartners-display-component---NewPartner--addressDetailDetailsCountry-arrow"}]}
RESULT: undefined
COMMAND: POST /session/324496234919104d937ca92dc3ef2aab/element - {"using":"xpath","value":"//*[@id=\"application-managepartners-display-component---NewPartner--addressDetailDetailsCountry-arrow\"]"}
RESULT: {"using":"xpath","value":"//*[@id=\"application-managepartners-display-component---NewPartner--addressDetailDetailsCountry-arrow\"]"}
COMMAND: POST /session/324496234919104d937ca92dc3ef2aab/element/f.350099D233706A5CE962F884DCED375A.d.025A5FF9CA96A78F48A22CA3CD2305B0.e.1383/click - {}
RESULT: {}
COMMAND: POST /session/324496234919104d937ca92dc3ef2aab/element - {"using":"xpath","value":"//span[contains(text(), \"Argentina\")]"}
COMMAND: GET /session/324496234919104d937ca92dc3ef2aab/screenshot - {}
RESULT: {"using":"xpath","value":"//span[contains(text(), \"Argentina\")]"}
COMMAND: POST /session/324496234919104d937ca92dc3ef2aab/element/f.350099D233706A5CE962F884DCED375A.d.025A5FF9CA96A78F48A22CA3CD2305B0.e.1411/click - {}
RESULT: {}
RESULT: {}
COMMAND: GET /session/324496234919104d937ca92dc3ef2aab/screenshot - {}
RESULT: {}
COMMAND: POST /session/324496234919104d937ca92dc3ef2aab/element - {"using":"xpath","value":"//bdi[contains(text(), \"Commercial\")]"}
RESULT: {"using":"xpath","value":"//bdi[contains(text(), \"Commercial\")]"}
COMMAND: POST /session/324496234919104d937ca92dc3ef2aab/element/f.350099D233706A5CE962F884DCED375A.d.025A5FF9CA96A78F48A22CA3CD2305B0.e.1412/click - {}
RESULT: {}
COMMAND: GET /session/324496234919104d937ca92dc3ef2aab/screenshot - {}
RESULT: {}
COMMAND: POST /session/324496234919104d937ca92dc3ef2aab/execute/async - {"script":"<script> [1562 bytes]","args":[{"selector":{"id":"application-managepartners-display-component---NewPartner--partnerDetailInternal-arrow"},"wdio_ui5_key":"applicationmanagepartners-display-component---NewPartner--partnerDetailInternal-arrow"}]}
RESULT: {"script":"<script> [1562 bytes]","args":[{"selector":{"id":"application-managepartners-display-component---NewPartner--partnerDetailInternal-arrow"},"wdio_ui5_key":"applicationmanagepartners-display-component---NewPartner--partnerDetailInternal-arrow"}]}
RESULT: undefined
COMMAND: POST /session/324496234919104d937ca92dc3ef2aab/element - {"using":"xpath","value":"//*[@id=\"application-managepartners-display-component---NewPartner--partnerDetailInternal-arrow\"]"}
RESULT: {"using":"xpath","value":"//*[@id=\"application-managepartners-display-component---NewPartner--partnerDetailInternal-arrow\"]"}
COMMAND: POST /session/324496234919104d937ca92dc3ef2aab/element/f.350099D233706A5CE962F884DCED375A.d.025A5FF9CA96A78F48A22CA3CD2305B0.e.1420/click - {}
RESULT: {}
COMMAND: POST /session/324496234919104d937ca92dc3ef2aab/element - {"using":"xpath","value":"//span[contains(text(), \"Affiliated company\")]"}
COMMAND: GET /session/324496234919104d937ca92dc3ef2aab/screenshot - {}
RESULT: {"using":"xpath","value":"//span[contains(text(), \"Affiliated company\")]"}
COMMAND: POST /session/324496234919104d937ca92dc3ef2aab/element/f.350099D233706A5CE962F884DCED375A.d.025A5FF9CA96A78F48A22CA3CD2305B0.e.1421/click - {}
RESULT: {}
RESULT: {}
COMMAND: POST /session/324496234919104d937ca92dc3ef2aab/execute/async - {"script":"<script> [1562 bytes]","args":[{"selector":{"id":"application-managepartners-display-component---NewPartner--partnerDetailsCurrency-arrow"},"wdio_ui5_key":"applicationmanagepartners-display-component---NewPartner--partnerDetailsCurrency-arrow"}]}
COMMAND: GET /session/324496234919104d937ca92dc3ef2aab/screenshot - {}
RESULT: {"script":"<script> [1562 bytes]","args":[{"selector":{"id":"application-managepartners-display-component---NewPartner--partnerDetailsCurrency-arrow"},"wdio_ui5_key":"applicationmanagepartners-display-component---NewPartner--partnerDetailsCurrency-arrow"}]}
RESULT: undefined
COMMAND: POST /session/324496234919104d937ca92dc3ef2aab/element - {"using":"xpath","value":"//*[@id=\"application-managepartners-display-component---NewPartner--partnerDetailsCurrency-arrow\"]"}
RESULT: {}
RESULT: {"using":"xpath","value":"//*[@id=\"application-managepartners-display-component---NewPartner--partnerDetailsCurrency-arrow\"]"}
COMMAND: POST /session/324496234919104d937ca92dc3ef2aab/element/f.350099D233706A5CE962F884DCED375A.d.025A5FF9CA96A78F48A22CA3CD2305B0.e.1428/click - {}
RESULT: {}
COMMAND: POST /session/324496234919104d937ca92dc3ef2aab/element - {"using":"xpath","value":"//span[contains(text(), \"Euro\")]"}
COMMAND: GET /session/324496234919104d937ca92dc3ef2aab/screenshot - {}
RESULT: {"using":"xpath","value":"//span[contains(text(), \"Euro\")]"}
COMMAND: POST /session/324496234919104d937ca92dc3ef2aab/element/f.350099D233706A5CE962F884DCED375A.d.025A5FF9CA96A78F48A22CA3CD2305B0.e.1429/click - {}
RESULT: {}
RESULT: {}
COMMAND: POST /session/324496234919104d937ca92dc3ef2aab/execute/async - {"script":"<script> [1562 bytes]","args":[{"selector":{"id":"application-managepartners-display-component---NewPartner--addressEditDetailsCostObjectCstType-arrow"},"wdio_ui5_key":"applicationmanagepartners-display-component---NewPartner--addressEditDetailsCostObjectCstType-arrow"}]}
COMMAND: GET /session/324496234919104d937ca92dc3ef2aab/screenshot - {}
RESULT: {"script":"<script> [1562 bytes]","args":[{"selector":{"id":"application-managepartners-display-component---NewPartner--addressEditDetailsCostObjectCstType-arrow"},"wdio_ui5_key":"applicationmanagepartners-display-component---NewPartner--addressEditDetailsCostObjectCstType-arrow"}]}
RESULT: undefined
COMMAND: POST /session/324496234919104d937ca92dc3ef2aab/element - {"using":"xpath","value":"//*[@id=\"application-managepartners-display-component---NewPartner--addressEditDetailsCostObjectCstType-arrow\"]"}
RESULT: {}
RESULT: {"using":"xpath","value":"//*[@id=\"application-managepartners-display-component---NewPartner--addressEditDetailsCostObjectCstType-arrow\"]"}
COMMAND: POST /session/324496234919104d937ca92dc3ef2aab/element/f.350099D233706A5CE962F884DCED375A.d.025A5FF9CA96A78F48A22CA3CD2305B0.e.1430/click - {}
RESULT: {}
COMMAND: POST /session/324496234919104d937ca92dc3ef2aab/element - {"using":"xpath","value":"//span[contains(text(), \"Cost Center\")]"}
COMMAND: GET /session/324496234919104d937ca92dc3ef2aab/screenshot - {}
RESULT: {"using":"xpath","value":"//span[contains(text(), \"Cost Center\")]"}
COMMAND: POST /session/324496234919104d937ca92dc3ef2aab/element/f.350099D233706A5CE962F884DCED375A.d.025A5FF9CA96A78F48A22CA3CD2305B0.e.1431/click - {}
RESULT: {}
RESULT: {}
COMMAND: GET /session/324496234919104d937ca92dc3ef2aab/screenshot - {}
RESULT: {}
COMMAND: POST /session/324496234919104d937ca92dc3ef2aab/element - {"using":"xpath","value":"//span[@id=\"application-managepartners-display-component---NewPartner--addressNewCostObjectCstID-vhi\"]"}
RESULT: {"using":"xpath","value":"//span[@id=\"application-managepartners-display-component---NewPartner--addressNewCostObjectCstID-vhi\"]"}
COMMAND: POST /session/324496234919104d937ca92dc3ef2aab/execute/sync - {"script":"<script> [8489 bytes]","args":[{"element-6066-11e4-a52e-4f735466cecf":"f.350099D233706A5CE962F884DCED375A.d.025A5FF9CA96A78F48A22CA3CD2305B0.e.1435","ELEMENT":"f.350099D233706A5CE962F884DCED375A.d.025A5FF9CA96A78F48A22CA3CD2305B0.e.1435"}]}
RESULT: {"script":"<script> [8489 bytes]","args":[{"element-6066-11e4-a52e-4f735466cecf":"f.350099D233706A5CE962F884DCED375A.d.025A5FF9CA96A78F48A22CA3CD2305B0.e.1435","ELEMENT":"f.350099D233706A5CE962F884DCED375A.d.025A5FF9CA96A78F48A22CA3CD2305B0.e.1435"}]}
COMMAND: POST /session/324496234919104d937ca92dc3ef2aab/execute/async - {"script":"<script> [1562 bytes]","args":[{"selector":{"id":"application-managepartners-display-component---NewPartner--addressNewCostObjectCstID-vhi"},"wdio_ui5_key":"applicationmanagepartners-display-component---NewPartner--addressNewCostObjectCstID-vhi"}]}
COMMAND: GET /session/324496234919104d937ca92dc3ef2aab/screenshot - {}
RESULT: {"script":"<script> [1562 bytes]","args":[{"selector":{"id":"application-managepartners-display-component---NewPartner--addressNewCostObjectCstID-vhi"},"wdio_ui5_key":"applicationmanagepartners-display-component---NewPartner--addressNewCostObjectCstID-vhi"}]}
RESULT: undefined
COMMAND: POST /session/324496234919104d937ca92dc3ef2aab/element - {"using":"xpath","value":"//*[@id=\"application-managepartners-display-component---NewPartner--addressNewCostObjectCstID-vhi\"]"}
RESULT: {}
RESULT: {"using":"xpath","value":"//*[@id=\"application-managepartners-display-component---NewPartner--addressNewCostObjectCstID-vhi\"]"}
COMMAND: POST /session/324496234919104d937ca92dc3ef2aab/element/f.350099D233706A5CE962F884DCED375A.d.025A5FF9CA96A78F48A22CA3CD2305B0.e.1435/click - {}
RESULT: {}
COMMAND: GET /session/324496234919104d937ca92dc3ef2aab/screenshot - {}
RESULT: {}
RESULT: undefined
COMMAND: POST /session/324496234919104d937ca92dc3ef2aab/execute/async - {"script":"<script> [776 bytes]","args":[{"enterText":"10001013","selector":{"controlType":"sap.m.SearchField","properties":{"placeholder":"Search"},"searchOpenDialogs":true,"interaction":{"idSuffix":"I"}},"clearTextFirst":true,"interactionType":"ENTER_TEXT"}]}
RESULT: {"script":"<script> [776 bytes]","args":[{"enterText":"10001013","selector":{"controlType":"sap.m.SearchField","properties":{"placeholder":"Search"},"searchOpenDialogs":true,"interaction":{"idSuffix":"I"}},"clearTextFirst":true,"interactionType":"ENTER_TEXT"}]}
COMMAND: POST /session/324496234919104d937ca92dc3ef2aab/actions - {"actions":[{"id":"action2","type":"key","parameters":{},"actions":[{"type":"keyDown","value":""},{"type":"pause","duration":10},{"type":"keyUp","value":""}]}]}
RESULT: {"actions":[{"id":"action2","type":"key","parameters":{},"actions":[{"type":"keyDown","value":""},{"type":"pause","duration":10},{"type":"keyUp","value":""}]}]}
COMMAND: GET /session/324496234919104d937ca92dc3ef2aab/screenshot - {}
RESULT: {}
COMMAND: POST /session/324496234919104d937ca92dc3ef2aab/element - {"using":"xpath","value":"//span[contains(text(), \"General Management\")]"}
RESULT: {"using":"xpath","value":"//span[contains(text(), \"General Management\")]"}
COMMAND: POST /session/324496234919104d937ca92dc3ef2aab/element/f.350099D233706A5CE962F884DCED375A.d.025A5FF9CA96A78F48A22CA3CD2305B0.e.1474/click - {}
RESULT: {}
COMMAND: GET /session/324496234919104d937ca92dc3ef2aab/screenshot - {}
RESULT: {}
COMMAND: POST /session/324496234919104d937ca92dc3ef2aab/element - {"using":"xpath","value":"//bdi[contains(text(), \"OK\")]"}
RESULT: {"using":"xpath","value":"//bdi[contains(text(), \"OK\")]"}
COMMAND: POST /session/324496234919104d937ca92dc3ef2aab/element/f.350099D233706A5CE962F884DCED375A.d.025A5FF9CA96A78F48A22CA3CD2305B0.e.1475/click - {}
RESULT: {}
COMMAND: GET /session/324496234919104d937ca92dc3ef2aab/screenshot - {}
RESULT: {}
COMMAND: POST /session/324496234919104d937ca92dc3ef2aab/element - {"using":"xpath","value":"//input[@id=\"application-managepartners-display-component---NewPartner--companyCodeComboBox-inner\"]"}
RESULT: {"using":"xpath","value":"//input[@id=\"application-managepartners-display-component---NewPartner--companyCodeComboBox-inner\"]"}
COMMAND: POST /session/324496234919104d937ca92dc3ef2aab/element/f.350099D233706A5CE962F884DCED375A.d.025A5FF9CA96A78F48A22CA3CD2305B0.e.1302/clear - {}
RESULT: {}
COMMAND: POST /session/324496234919104d937ca92dc3ef2aab/element/f.350099D233706A5CE962F884DCED375A.d.025A5FF9CA96A78F48A22CA3CD2305B0.e.1302/value - {"text":"1000"}
COMMAND: GET /session/324496234919104d937ca92dc3ef2aab/screenshot - {}
RESULT: {"text":"1000"}
COMMAND: GET /session/324496234919104d937ca92dc3ef2aab/screenshot - {}
RESULT: {}
RESULT: {}
COMMAND: POST /session/324496234919104d937ca92dc3ef2aab/element - {"using":"xpath","value":"//li[.//span[text()= \"1000\"]]"}
RESULT: {"using":"xpath","value":"//li[.//span[text()= \"1000\"]]"}
COMMAND: POST /session/324496234919104d937ca92dc3ef2aab/element/f.350099D233706A5CE962F884DCED375A.d.025A5FF9CA96A78F48A22CA3CD2305B0.e.1481/click - {}
RESULT: {}
COMMAND: GET /session/324496234919104d937ca92dc3ef2aab/screenshot - {}
RESULT: {}
COMMAND: POST /session/324496234919104d937ca92dc3ef2aab/execute/async - {"script":"<script> [1562 bytes]","args":[{"selector":{"id":"application-managepartners-display-component---NewPartner--btnAddTableRow-img"},"wdio_ui5_key":"applicationmanagepartners-display-component---NewPartner--btnAddTableRow-img"}]}
RESULT: {"script":"<script> [1562 bytes]","args":[{"selector":{"id":"application-managepartners-display-component---NewPartner--btnAddTableRow-img"},"wdio_ui5_key":"applicationmanagepartners-display-component---NewPartner--btnAddTableRow-img"}]}
RESULT: undefined
COMMAND: POST /session/324496234919104d937ca92dc3ef2aab/element - {"using":"xpath","value":"//*[@id=\"application-managepartners-display-component---NewPartner--btnAddTableRow-img\"]"}
RESULT: {"using":"xpath","value":"//*[@id=\"application-managepartners-display-component---NewPartner--btnAddTableRow-img\"]"}
COMMAND: POST /session/324496234919104d937ca92dc3ef2aab/element/f.350099D233706A5CE962F884DCED375A.d.025A5FF9CA96A78F48A22CA3CD2305B0.e.1482/click - {}
RESULT: {}
COMMAND: GET /session/324496234919104d937ca92dc3ef2aab/screenshot - {}
RESULT: {}
COMMAND: POST /session/324496234919104d937ca92dc3ef2aab/element - {"using":"xpath","value":"//input[@id=\"application-managepartners-display-component---NewPartner--assignmentYard-application-managepartners-display-component---NewPartner--assignmentsTable-0-inner\"]"}
RESULT: {"using":"xpath","value":"//input[@id=\"application-managepartners-display-component---NewPartner--assignmentYard-application-managepartners-display-component---NewPartner--assignmentsTable-0-inner\"]"}
COMMAND: POST /session/324496234919104d937ca92dc3ef2aab/element/f.350099D233706A5CE962F884DCED375A.d.025A5FF9CA96A78F48A22CA3CD2305B0.e.1485/clear - {}
RESULT: {}
COMMAND: POST /session/324496234919104d937ca92dc3ef2aab/element/f.350099D233706A5CE962F884DCED375A.d.025A5FF9CA96A78F48A22CA3CD2305B0.e.1485/value - {"text":"230"}
COMMAND: GET /session/324496234919104d937ca92dc3ef2aab/screenshot - {}
RESULT: {"text":"230"}
COMMAND: GET /session/324496234919104d937ca92dc3ef2aab/screenshot - {}
RESULT: {}
RESULT: {}
COMMAND: POST /session/324496234919104d937ca92dc3ef2aab/element - {"using":"xpath","value":"//li[.//span[text()='230']]"}
RESULT: {"using":"xpath","value":"//li[.//span[text()='230']]"}
COMMAND: POST /session/324496234919104d937ca92dc3ef2aab/element/f.350099D233706A5CE962F884DCED375A.d.025A5FF9CA96A78F48A22CA3CD2305B0.e.1494/click - {}
RESULT: {}
COMMAND: GET /session/324496234919104d937ca92dc3ef2aab/screenshot - {}
RESULT: {}
COMMAND: POST /session/324496234919104d937ca92dc3ef2aab/actions - {"actions":[{"id":"action3","type":"key","parameters":{},"actions":[{"type":"keyDown","value":""},{"type":"pause","duration":10},{"type":"keyUp","value":""}]}]}
RESULT: {"actions":[{"id":"action3","type":"key","parameters":{},"actions":[{"type":"keyDown","value":""},{"type":"pause","duration":10},{"type":"keyUp","value":""}]}]}
COMMAND: POST /session/324496234919104d937ca92dc3ef2aab/execute/async - {"script":"<script> [1562 bytes]","args":[{"selector":{"id":"application-managepartners-display-component---NewPartner--externalCustomerComboBox-application-managepartners-display-component---NewPartner--assignmentsTable-0-vhi"},"wdio_ui5_key":"applicationmanagepartners-display-component---NewPartner--externalCustomerComboBox-application-managepartners-display-component---NewPartner--assignmentsTable-0-vhi"}]}
COMMAND: GET /session/324496234919104d937ca92dc3ef2aab/screenshot - {}
RESULT: {"script":"<script> [1562 bytes]","args":[{"selector":{"id":"application-managepartners-display-component---NewPartner--externalCustomerComboBox-application-managepartners-display-component---NewPartner--assignmentsTable-0-vhi"},"wdio_ui5_key":"applicationmanagepartners-display-component---NewPartner--externalCustomerComboBox-application-managepartners-display-component---NewPartner--assignmentsTable-0-vhi"}]}
RESULT: undefined
COMMAND: POST /session/324496234919104d937ca92dc3ef2aab/element - {"using":"xpath","value":"//*[@id=\"application-managepartners-display-component---NewPartner--externalCustomerComboBox-application-managepartners-display-component---NewPartner--assignmentsTable-0-vhi\"]"}
RESULT: {}
RESULT: {"using":"xpath","value":"//*[@id=\"application-managepartners-display-component---NewPartner--externalCustomerComboBox-application-managepartners-display-component---NewPartner--assignmentsTable-0-vhi\"]"}
COMMAND: POST /session/324496234919104d937ca92dc3ef2aab/element/f.350099D233706A5CE962F884DCED375A.d.025A5FF9CA96A78F48A22CA3CD2305B0.e.1498/click - {}
RESULT: {}
RESULT: undefined
COMMAND: POST /session/324496234919104d937ca92dc3ef2aab/execute/async - {"script":"<script> [776 bytes]","args":[{"enterText":"300003","selector":{"controlType":"sap.m.SearchField","properties":{"placeholder":"Search"},"searchOpenDialogs":true,"interaction":{"idSuffix":"I"}},"clearTextFirst":true,"interactionType":"ENTER_TEXT"}]}
COMMAND: GET /session/324496234919104d937ca92dc3ef2aab/screenshot - {}
RESULT: {"script":"<script> [776 bytes]","args":[{"enterText":"300003","selector":{"controlType":"sap.m.SearchField","properties":{"placeholder":"Search"},"searchOpenDialogs":true,"interaction":{"idSuffix":"I"}},"clearTextFirst":true,"interactionType":"ENTER_TEXT"}]}
COMMAND: POST /session/324496234919104d937ca92dc3ef2aab/actions - {"actions":[{"id":"action4","type":"key","parameters":{},"actions":[{"type":"keyDown","value":""},{"type":"pause","duration":10},{"type":"keyUp","value":""}]}]}
RESULT: {}
RESULT: {"actions":[{"id":"action4","type":"key","parameters":{},"actions":[{"type":"keyDown","value":""},{"type":"pause","duration":10},{"type":"keyUp","value":""}]}]}
COMMAND: GET /session/324496234919104d937ca92dc3ef2aab/screenshot - {}
RESULT: {}
COMMAND: POST /session/324496234919104d937ca92dc3ef2aab/element - {"using":"xpath","value":"//span[contains(text(), \"300003\")]"}
RESULT: {"using":"xpath","value":"//span[contains(text(), \"300003\")]"}
COMMAND: POST /session/324496234919104d937ca92dc3ef2aab/element/f.350099D233706A5CE962F884DCED375A.d.025A5FF9CA96A78F48A22CA3CD2305B0.e.1516/click - {}
RESULT: {}
COMMAND: GET /session/324496234919104d937ca92dc3ef2aab/screenshot - {}
RESULT: {}
COMMAND: POST /session/324496234919104d937ca92dc3ef2aab/element - {"using":"xpath","value":"//bdi[contains(text(), \"OK\")]"}
RESULT: {"using":"xpath","value":"//bdi[contains(text(), \"OK\")]"}
COMMAND: POST /session/324496234919104d937ca92dc3ef2aab/element/f.350099D233706A5CE962F884DCED375A.d.025A5FF9CA96A78F48A22CA3CD2305B0.e.1518/click - {}
RESULT: {}
COMMAND: GET /session/324496234919104d937ca92dc3ef2aab/screenshot - {}
RESULT: {}
COMMAND: POST /session/324496234919104d937ca92dc3ef2aab/execute/async - {"script":"<script> [1562 bytes]","args":[{"selector":{"id":"application-managepartners-display-component---NewPartner--intercompVendorComboBox-application-managepartners-display-component---NewPartner--assignmentsTable-0-vhi"},"wdio_ui5_key":"applicationmanagepartners-display-component---NewPartner--intercompVendorComboBox-application-managepartners-display-component---NewPartner--assignmentsTable-0-vhi"}]}
RESULT: {"script":"<script> [1562 bytes]","args":[{"selector":{"id":"application-managepartners-display-component---NewPartner--intercompVendorComboBox-application-managepartners-display-component---NewPartner--assignmentsTable-0-vhi"},"wdio_ui5_key":"applicationmanagepartners-display-component---NewPartner--intercompVendorComboBox-application-managepartners-display-component---NewPartner--assignmentsTable-0-vhi"}]}
RESULT: undefined
COMMAND: POST /session/324496234919104d937ca92dc3ef2aab/element - {"using":"xpath","value":"//*[@id=\"application-managepartners-display-component---NewPartner--intercompVendorComboBox-application-managepartners-display-component---NewPartner--assignmentsTable-0-vhi\"]"}
RESULT: {"using":"xpath","value":"//*[@id=\"application-managepartners-display-component---NewPartner--intercompVendorComboBox-application-managepartners-display-component---NewPartner--assignmentsTable-0-vhi\"]"}
COMMAND: POST /session/324496234919104d937ca92dc3ef2aab/element/f.350099D233706A5CE962F884DCED375A.d.025A5FF9CA96A78F48A22CA3CD2305B0.e.1521/click - {}
RESULT: {}
RESULT: undefined
COMMAND: POST /session/324496234919104d937ca92dc3ef2aab/execute/async - {"script":"<script> [776 bytes]","args":[{"enterText":"100005","selector":{"controlType":"sap.m.SearchField","properties":{"placeholder":"Search"},"searchOpenDialogs":true,"interaction":{"idSuffix":"I"}},"clearTextFirst":true,"interactionType":"ENTER_TEXT"}]}
COMMAND: GET /session/324496234919104d937ca92dc3ef2aab/screenshot - {}
RESULT: {"script":"<script> [776 bytes]","args":[{"enterText":"100005","selector":{"controlType":"sap.m.SearchField","properties":{"placeholder":"Search"},"searchOpenDialogs":true,"interaction":{"idSuffix":"I"}},"clearTextFirst":true,"interactionType":"ENTER_TEXT"}]}
COMMAND: POST /session/324496234919104d937ca92dc3ef2aab/actions - {"actions":[{"id":"action5","type":"key","parameters":{},"actions":[{"type":"keyDown","value":""},{"type":"pause","duration":10},{"type":"keyUp","value":""}]}]}
RESULT: {}
RESULT: {"actions":[{"id":"action5","type":"key","parameters":{},"actions":[{"type":"keyDown","value":""},{"type":"pause","duration":10},{"type":"keyUp","value":""}]}]}
COMMAND: GET /session/324496234919104d937ca92dc3ef2aab/screenshot - {}
RESULT: {}
COMMAND: POST /session/324496234919104d937ca92dc3ef2aab/element - {"using":"xpath","value":"//span[contains(text(), \"Penguins - Field/12345 Berlin\")]"}
RESULT: {"using":"xpath","value":"//span[contains(text(), \"Penguins - Field/12345 Berlin\")]"}
COMMAND: POST /session/324496234919104d937ca92dc3ef2aab/element/f.350099D233706A5CE962F884DCED375A.d.025A5FF9CA96A78F48A22CA3CD2305B0.e.1540/click - {}
RESULT: {}
COMMAND: GET /session/324496234919104d937ca92dc3ef2aab/screenshot - {}
RESULT: {}
COMMAND: POST /session/324496234919104d937ca92dc3ef2aab/element - {"using":"xpath","value":"//bdi[contains(text(), \"OK\")]"}
RESULT: {"using":"xpath","value":"//bdi[contains(text(), \"OK\")]"}
COMMAND: POST /session/324496234919104d937ca92dc3ef2aab/element/f.350099D233706A5CE962F884DCED375A.d.025A5FF9CA96A78F48A22CA3CD2305B0.e.1541/click - {}
RESULT: {}
COMMAND: GET /session/324496234919104d937ca92dc3ef2aab/screenshot - {}
RESULT: {}
COMMAND: POST /session/324496234919104d937ca92dc3ef2aab/element - {"using":"xpath","value":"//button[@data-kt=\"saveButton\"]"}
RESULT: {"using":"xpath","value":"//button[@data-kt=\"saveButton\"]"}
COMMAND: POST /session/324496234919104d937ca92dc3ef2aab/element/f.350099D233706A5CE962F884DCED375A.d.025A5FF9CA96A78F48A22CA3CD2305B0.e.1385/click - {}
RESULT: {}
COMMAND: GET /session/324496234919104d937ca92dc3ef2aab/screenshot - {}
RESULT: {}
COMMAND: POST /session/324496234919104d937ca92dc3ef2aab/element - {"using":"xpath","value":"//header[contains(@id, 'ObjectPageLayout-headerTitle')]/div[1]/div[2]/div[2]/span[1]"}
RESULT: {"using":"xpath","value":"//header[contains(@id, 'ObjectPageLayout-headerTitle')]/div[1]/div[2]/div[2]/span[1]"}
COMMAND: POST /session/324496234919104d937ca92dc3ef2aab/elements - {"using":"xpath","value":"//header[contains(@id, 'ObjectPageLayout-headerTitle')]/div[1]/div[2]/div[2]/span[1]"}
RESULT: {"using":"xpath","value":"//header[contains(@id, 'ObjectPageLayout-headerTitle')]/div[1]/div[2]/div[2]/span[1]"}
COMMAND: POST /session/324496234919104d937ca92dc3ef2aab/execute/sync - {"script":"<script> [56 bytes]","args":[{"element-6066-11e4-a52e-4f735466cecf":"f.350099D233706A5CE962F884DCED375A.d.025A5FF9CA96A78F48A22CA3CD2305B0.e.1681","ELEMENT":"f.350099D233706A5CE962F884DCED375A.d.025A5FF9CA96A78F48A22CA3CD2305B0.e.1681"}]}
RESULT: {"script":"<script> [56 bytes]","args":[{"element-6066-11e4-a52e-4f735466cecf":"f.350099D233706A5CE962F884DCED375A.d.025A5FF9CA96A78F48A22CA3CD2305B0.e.1681","ELEMENT":"f.350099D233706A5CE962F884DCED375A.d.025A5FF9CA96A78F48A22CA3CD2305B0.e.1681"}]}
COMMAND: POST /session/324496234919104d937ca92dc3ef2aab/element - {"using":"css selector","value":"#shell-header-logo"}
COMMAND: GET /session/324496234919104d937ca92dc3ef2aab/screenshot - {}
RESULT: {"using":"css selector","value":"#shell-header-logo"}
COMMAND: POST /session/324496234919104d937ca92dc3ef2aab/element/f.350099D233706A5CE962F884DCED375A.d.025A5FF9CA96A78F48A22CA3CD2305B0.e.1007/click - {}
RESULT: {}
RESULT: {}
COMMAND: GET /session/324496234919104d937ca92dc3ef2aab/screenshot - {}
RESULT: {}
COMMAND: POST /session/324496234919104d937ca92dc3ef2aab/execute/sync - {"script":"<script> [299 bytes]","args":[["getModel","getResource"]]}
RESULT: {"script":"<script> [299 bytes]","args":[["getModel","getResource"]]}
]]></system-out>
    </testcase>
    <testcase classname="chrome.136_0_7103_93.windows.Billing_confirm_US117289" name="Should create a new site" time="162.397">
      <system-out><![CDATA[
COMMAND: GET /session/324496234919104d937ca92dc3ef2aab/screenshot - {}
COMMAND: POST /session/324496234919104d937ca92dc3ef2aab/execute/async - {"script":"<script> [1562 bytes]","args":[{"selector":{"controlType":"sap.m.GenericTile","properties":{"header":"Manage Sites"}},"wdio_ui5_key":"sapm.GenericTile{\"header\":\"Manage Sites\"}"}]}
RESULT: {}
RESULT: {"script":"<script> [1562 bytes]","args":[{"selector":{"controlType":"sap.m.GenericTile","properties":{"header":"Manage Sites"}},"wdio_ui5_key":"sapm.GenericTile{\"header\":\"Manage Sites\"}"}]}
RESULT: undefined
COMMAND: POST /session/324496234919104d937ca92dc3ef2aab/element - {"using":"xpath","value":"//*[@id=\"__tile40\"]"}
RESULT: {"using":"xpath","value":"//*[@id=\"__tile40\"]"}
COMMAND: POST /session/324496234919104d937ca92dc3ef2aab/element/f.350099D233706A5CE962F884DCED375A.d.025A5FF9CA96A78F48A22CA3CD2305B0.e.158/click - {}
RESULT: {}
COMMAND: GET /session/324496234919104d937ca92dc3ef2aab/screenshot - {}
RESULT: {}
COMMAND: POST /session/324496234919104d937ca92dc3ef2aab/elements - {"using":"xpath","value":"//span[text()='Error']"}
RESULT: {"using":"xpath","value":"//span[text()='Error']"}
COMMAND: POST /session/324496234919104d937ca92dc3ef2aab/element - {"using":"xpath","value":"//button[@data-kt=\"addOverflowToolbarButton\"]"}
RESULT: {"using":"xpath","value":"//button[@data-kt=\"addOverflowToolbarButton\"]"}
COMMAND: POST /session/324496234919104d937ca92dc3ef2aab/elements - {"using":"xpath","value":"//button[@data-kt=\"addOverflowToolbarButton\"]"}
RESULT: {"using":"xpath","value":"//button[@data-kt=\"addOverflowToolbarButton\"]"}
COMMAND: POST /session/324496234919104d937ca92dc3ef2aab/execute/sync - {"script":"<script> [8489 bytes]","args":[{"element-6066-11e4-a52e-4f735466cecf":"f.350099D233706A5CE962F884DCED375A.d.025A5FF9CA96A78F48A22CA3CD2305B0.e.1728","ELEMENT":"f.350099D233706A5CE962F884DCED375A.d.025A5FF9CA96A78F48A22CA3CD2305B0.e.1728"}]}
RESULT: {"script":"<script> [8489 bytes]","args":[{"element-6066-11e4-a52e-4f735466cecf":"f.350099D233706A5CE962F884DCED375A.d.025A5FF9CA96A78F48A22CA3CD2305B0.e.1728","ELEMENT":"f.350099D233706A5CE962F884DCED375A.d.025A5FF9CA96A78F48A22CA3CD2305B0.e.1728"}]}
COMMAND: GET /session/324496234919104d937ca92dc3ef2aab/element/f.350099D233706A5CE962F884DCED375A.d.025A5FF9CA96A78F48A22CA3CD2305B0.e.1728/enabled - {}
COMMAND: GET /session/324496234919104d937ca92dc3ef2aab/screenshot - {}
RESULT: {}
COMMAND: POST /session/324496234919104d937ca92dc3ef2aab/execute/sync - {"script":"<script> [8489 bytes]","args":[{"element-6066-11e4-a52e-4f735466cecf":"f.350099D233706A5CE962F884DCED375A.d.025A5FF9CA96A78F48A22CA3CD2305B0.e.1728","ELEMENT":"f.350099D233706A5CE962F884DCED375A.d.025A5FF9CA96A78F48A22CA3CD2305B0.e.1728"}]}
COMMAND: GET /session/324496234919104d937ca92dc3ef2aab/screenshot - {}
RESULT: {}
RESULT: {"script":"<script> [8489 bytes]","args":[{"element-6066-11e4-a52e-4f735466cecf":"f.350099D233706A5CE962F884DCED375A.d.025A5FF9CA96A78F48A22CA3CD2305B0.e.1728","ELEMENT":"f.350099D233706A5CE962F884DCED375A.d.025A5FF9CA96A78F48A22CA3CD2305B0.e.1728"}]}
COMMAND: POST /session/324496234919104d937ca92dc3ef2aab/execute/sync - {"script":"<script> [5351 bytes]","args":[{"element-6066-11e4-a52e-4f735466cecf":"f.350099D233706A5CE962F884DCED375A.d.025A5FF9CA96A78F48A22CA3CD2305B0.e.1728","ELEMENT":"f.350099D233706A5CE962F884DCED375A.d.025A5FF9CA96A78F48A22CA3CD2305B0.e.1728"}]}
COMMAND: GET /session/324496234919104d937ca92dc3ef2aab/screenshot - {}
RESULT: {}
RESULT: {"script":"<script> [5351 bytes]","args":[{"element-6066-11e4-a52e-4f735466cecf":"f.350099D233706A5CE962F884DCED375A.d.025A5FF9CA96A78F48A22CA3CD2305B0.e.1728","ELEMENT":"f.350099D233706A5CE962F884DCED375A.d.025A5FF9CA96A78F48A22CA3CD2305B0.e.1728"}]}
COMMAND: POST /session/324496234919104d937ca92dc3ef2aab/element/f.350099D233706A5CE962F884DCED375A.d.025A5FF9CA96A78F48A22CA3CD2305B0.e.1728/click - {}
COMMAND: GET /session/324496234919104d937ca92dc3ef2aab/screenshot - {}
RESULT: {}
RESULT: {}
COMMAND: GET /session/324496234919104d937ca92dc3ef2aab/screenshot - {}
COMMAND: POST /session/324496234919104d937ca92dc3ef2aab/element - {"using":"xpath","value":"//input[@id=\"application-managesites-display-component---NewSite--siteId-inner\"]"}
RESULT: {}
RESULT: {}
RESULT: {"using":"xpath","value":"//input[@id=\"application-managesites-display-component---NewSite--siteId-inner\"]"}
COMMAND: POST /session/324496234919104d937ca92dc3ef2aab/element - {"using":"xpath","value":"//input[@id=\"application-managesites-display-component---NewSite--siteId-inner\"]"}
RESULT: {"using":"xpath","value":"//input[@id=\"application-managesites-display-component---NewSite--siteId-inner\"]"}
COMMAND: POST /session/324496234919104d937ca92dc3ef2aab/execute/async - {"script":"<script> [1562 bytes]","args":[{"selector":{"id":"application-managesites-display-component---NewSite--addressDetailDetailsName1","interaction":{"idSuffix":"inner"}},"wdio_ui5_key":"applicationmanagesites-display-component---NewSite--addressDetailDetailsName1"}]}
RESULT: {"script":"<script> [1562 bytes]","args":[{"selector":{"id":"application-managesites-display-component---NewSite--addressDetailDetailsName1","interaction":{"idSuffix":"inner"}},"wdio_ui5_key":"applicationmanagesites-display-component---NewSite--addressDetailDetailsName1"}]}
RESULT: undefined
COMMAND: POST /session/324496234919104d937ca92dc3ef2aab/execute/async - {"script":"<script> [776 bytes]","args":[{"enterText":"Intracompany Site wdIO","selector":{"id":"application-managesites-display-component---NewSite--addressDetailDetailsName1","interaction":{"idSuffix":"inner"}},"clearTextFirst":true,"interactionType":"ENTER_TEXT"}]}
RESULT: {"script":"<script> [776 bytes]","args":[{"enterText":"Intracompany Site wdIO","selector":{"id":"application-managesites-display-component---NewSite--addressDetailDetailsName1","interaction":{"idSuffix":"inner"}},"clearTextFirst":true,"interactionType":"ENTER_TEXT"}]}
COMMAND: POST /session/324496234919104d937ca92dc3ef2aab/execute/async - {"script":"<script> [1562 bytes]","args":[{"selector":{"id":"application-managesites-display-component---NewSite--addressDetailDetailsLanguage-arrow"},"wdio_ui5_key":"applicationmanagesites-display-component---NewSite--addressDetailDetailsLanguage-arrow"}]}
RESULT: {"script":"<script> [1562 bytes]","args":[{"selector":{"id":"application-managesites-display-component---NewSite--addressDetailDetailsLanguage-arrow"},"wdio_ui5_key":"applicationmanagesites-display-component---NewSite--addressDetailDetailsLanguage-arrow"}]}
RESULT: undefined
COMMAND: POST /session/324496234919104d937ca92dc3ef2aab/element - {"using":"xpath","value":"//*[@id=\"application-managesites-display-component---NewSite--addressDetailDetailsLanguage-arrow\"]"}
RESULT: {"using":"xpath","value":"//*[@id=\"application-managesites-display-component---NewSite--addressDetailDetailsLanguage-arrow\"]"}
COMMAND: POST /session/324496234919104d937ca92dc3ef2aab/element/f.350099D233706A5CE962F884DCED375A.d.025A5FF9CA96A78F48A22CA3CD2305B0.e.2324/click - {}
RESULT: {}
COMMAND: POST /session/324496234919104d937ca92dc3ef2aab/element - {"using":"xpath","value":"//span[contains(text(), \"English\")]"}
COMMAND: GET /session/324496234919104d937ca92dc3ef2aab/screenshot - {}
RESULT: {"using":"xpath","value":"//span[contains(text(), \"English\")]"}
COMMAND: POST /session/324496234919104d937ca92dc3ef2aab/element/f.350099D233706A5CE962F884DCED375A.d.025A5FF9CA96A78F48A22CA3CD2305B0.e.2325/click - {}
RESULT: {}
RESULT: {}
COMMAND: POST /session/324496234919104d937ca92dc3ef2aab/execute/async - {"script":"<script> [1562 bytes]","args":[{"selector":{"id":"application-managesites-display-component---NewSite--addressDetailDetailsCity1","interaction":{"idSuffix":"inner"}},"wdio_ui5_key":"applicationmanagesites-display-component---NewSite--addressDetailDetailsCity1"}]}
COMMAND: GET /session/324496234919104d937ca92dc3ef2aab/screenshot - {}
RESULT: {"script":"<script> [1562 bytes]","args":[{"selector":{"id":"application-managesites-display-component---NewSite--addressDetailDetailsCity1","interaction":{"idSuffix":"inner"}},"wdio_ui5_key":"applicationmanagesites-display-component---NewSite--addressDetailDetailsCity1"}]}
RESULT: undefined
COMMAND: POST /session/324496234919104d937ca92dc3ef2aab/execute/async - {"script":"<script> [776 bytes]","args":[{"enterText":"Rosario","selector":{"id":"application-managesites-display-component---NewSite--addressDetailDetailsCity1","interaction":{"idSuffix":"inner"}},"clearTextFirst":true,"interactionType":"ENTER_TEXT"}]}
RESULT: {}
RESULT: {"script":"<script> [776 bytes]","args":[{"enterText":"Rosario","selector":{"id":"application-managesites-display-component---NewSite--addressDetailDetailsCity1","interaction":{"idSuffix":"inner"}},"clearTextFirst":true,"interactionType":"ENTER_TEXT"}]}
COMMAND: POST /session/324496234919104d937ca92dc3ef2aab/execute/async - {"script":"<script> [1562 bytes]","args":[{"selector":{"id":"application-managesites-display-component---NewSite--addressDetailDetailsCountry-arrow"},"wdio_ui5_key":"applicationmanagesites-display-component---NewSite--addressDetailDetailsCountry-arrow"}]}
RESULT: {"script":"<script> [1562 bytes]","args":[{"selector":{"id":"application-managesites-display-component---NewSite--addressDetailDetailsCountry-arrow"},"wdio_ui5_key":"applicationmanagesites-display-component---NewSite--addressDetailDetailsCountry-arrow"}]}
RESULT: undefined
COMMAND: POST /session/324496234919104d937ca92dc3ef2aab/element - {"using":"xpath","value":"//*[@id=\"application-managesites-display-component---NewSite--addressDetailDetailsCountry-arrow\"]"}
RESULT: {"using":"xpath","value":"//*[@id=\"application-managesites-display-component---NewSite--addressDetailDetailsCountry-arrow\"]"}
COMMAND: POST /session/324496234919104d937ca92dc3ef2aab/element/f.350099D233706A5CE962F884DCED375A.d.025A5FF9CA96A78F48A22CA3CD2305B0.e.2327/click - {}
RESULT: {}
COMMAND: POST /session/324496234919104d937ca92dc3ef2aab/element - {"using":"xpath","value":"//span[contains(text(), \"Argentina\")]"}
COMMAND: GET /session/324496234919104d937ca92dc3ef2aab/screenshot - {}
RESULT: {"using":"xpath","value":"//span[contains(text(), \"Argentina\")]"}
COMMAND: POST /session/324496234919104d937ca92dc3ef2aab/element/f.350099D233706A5CE962F884DCED375A.d.025A5FF9CA96A78F48A22CA3CD2305B0.e.2328/click - {}
RESULT: {}
RESULT: {}
COMMAND: GET /session/324496234919104d937ca92dc3ef2aab/screenshot - {}
RESULT: {}
COMMAND: POST /session/324496234919104d937ca92dc3ef2aab/execute/async - {"script":"<script> [1562 bytes]","args":[{"selector":{"id":"application-managesites-display-component---NewSite--addressEditDetailsCostObjectCstType-arrow"},"wdio_ui5_key":"applicationmanagesites-display-component---NewSite--addressEditDetailsCostObjectCstType-arrow"}]}
RESULT: {"script":"<script> [1562 bytes]","args":[{"selector":{"id":"application-managesites-display-component---NewSite--addressEditDetailsCostObjectCstType-arrow"},"wdio_ui5_key":"applicationmanagesites-display-component---NewSite--addressEditDetailsCostObjectCstType-arrow"}]}
RESULT: undefined
COMMAND: POST /session/324496234919104d937ca92dc3ef2aab/element - {"using":"xpath","value":"//*[@id=\"application-managesites-display-component---NewSite--addressEditDetailsCostObjectCstType-arrow\"]"}
RESULT: {"using":"xpath","value":"//*[@id=\"application-managesites-display-component---NewSite--addressEditDetailsCostObjectCstType-arrow\"]"}
COMMAND: POST /session/324496234919104d937ca92dc3ef2aab/element/f.350099D233706A5CE962F884DCED375A.d.025A5FF9CA96A78F48A22CA3CD2305B0.e.2330/click - {}
RESULT: {}
COMMAND: POST /session/324496234919104d937ca92dc3ef2aab/element - {"using":"xpath","value":"//span[contains(text(), \"Cost Center\")]"}
COMMAND: GET /session/324496234919104d937ca92dc3ef2aab/screenshot - {}
RESULT: {"using":"xpath","value":"//span[contains(text(), \"Cost Center\")]"}
COMMAND: POST /session/324496234919104d937ca92dc3ef2aab/element/f.350099D233706A5CE962F884DCED375A.d.025A5FF9CA96A78F48A22CA3CD2305B0.e.2332/click - {}
RESULT: {}
RESULT: {}
COMMAND: GET /session/324496234919104d937ca92dc3ef2aab/screenshot - {}
RESULT: {}
COMMAND: POST /session/324496234919104d937ca92dc3ef2aab/element - {"using":"xpath","value":"//span[@id=\"application-managesites-display-component---NewSite--addressNewCostObjectCstID-vhi\"]"}
RESULT: {"using":"xpath","value":"//span[@id=\"application-managesites-display-component---NewSite--addressNewCostObjectCstID-vhi\"]"}
COMMAND: POST /session/324496234919104d937ca92dc3ef2aab/execute/sync - {"script":"<script> [8489 bytes]","args":[{"element-6066-11e4-a52e-4f735466cecf":"f.350099D233706A5CE962F884DCED375A.d.025A5FF9CA96A78F48A22CA3CD2305B0.e.2336","ELEMENT":"f.350099D233706A5CE962F884DCED375A.d.025A5FF9CA96A78F48A22CA3CD2305B0.e.2336"}]}
RESULT: {"script":"<script> [8489 bytes]","args":[{"element-6066-11e4-a52e-4f735466cecf":"f.350099D233706A5CE962F884DCED375A.d.025A5FF9CA96A78F48A22CA3CD2305B0.e.2336","ELEMENT":"f.350099D233706A5CE962F884DCED375A.d.025A5FF9CA96A78F48A22CA3CD2305B0.e.2336"}]}
COMMAND: POST /session/324496234919104d937ca92dc3ef2aab/execute/async - {"script":"<script> [1562 bytes]","args":[{"selector":{"id":"application-managesites-display-component---NewSite--addressNewCostObjectCstID-vhi"},"wdio_ui5_key":"applicationmanagesites-display-component---NewSite--addressNewCostObjectCstID-vhi"}]}
COMMAND: GET /session/324496234919104d937ca92dc3ef2aab/screenshot - {}
RESULT: {"script":"<script> [1562 bytes]","args":[{"selector":{"id":"application-managesites-display-component---NewSite--addressNewCostObjectCstID-vhi"},"wdio_ui5_key":"applicationmanagesites-display-component---NewSite--addressNewCostObjectCstID-vhi"}]}
RESULT: undefined
COMMAND: POST /session/324496234919104d937ca92dc3ef2aab/element - {"using":"xpath","value":"//*[@id=\"application-managesites-display-component---NewSite--addressNewCostObjectCstID-vhi\"]"}
RESULT: {}
RESULT: {"using":"xpath","value":"//*[@id=\"application-managesites-display-component---NewSite--addressNewCostObjectCstID-vhi\"]"}
COMMAND: POST /session/324496234919104d937ca92dc3ef2aab/element/f.350099D233706A5CE962F884DCED375A.d.025A5FF9CA96A78F48A22CA3CD2305B0.e.2336/click - {}
RESULT: {}
COMMAND: GET /session/324496234919104d937ca92dc3ef2aab/screenshot - {}
RESULT: {}
RESULT: undefined
COMMAND: POST /session/324496234919104d937ca92dc3ef2aab/execute/async - {"script":"<script> [776 bytes]","args":[{"enterText":"10001013","selector":{"controlType":"sap.m.SearchField","properties":{"placeholder":"Search"},"searchOpenDialogs":true,"interaction":{"idSuffix":"I"}},"clearTextFirst":true,"interactionType":"ENTER_TEXT"}]}
RESULT: {"script":"<script> [776 bytes]","args":[{"enterText":"10001013","selector":{"controlType":"sap.m.SearchField","properties":{"placeholder":"Search"},"searchOpenDialogs":true,"interaction":{"idSuffix":"I"}},"clearTextFirst":true,"interactionType":"ENTER_TEXT"}]}
COMMAND: POST /session/324496234919104d937ca92dc3ef2aab/actions - {"actions":[{"id":"action6","type":"key","parameters":{},"actions":[{"type":"keyDown","value":""},{"type":"pause","duration":10},{"type":"keyUp","value":""}]}]}
RESULT: {"actions":[{"id":"action6","type":"key","parameters":{},"actions":[{"type":"keyDown","value":""},{"type":"pause","duration":10},{"type":"keyUp","value":""}]}]}
COMMAND: GET /session/324496234919104d937ca92dc3ef2aab/screenshot - {}
RESULT: {}
COMMAND: POST /session/324496234919104d937ca92dc3ef2aab/element - {"using":"xpath","value":"//span[contains(text(), \"General Management\")]"}
RESULT: {"using":"xpath","value":"//span[contains(text(), \"General Management\")]"}
COMMAND: POST /session/324496234919104d937ca92dc3ef2aab/element/f.350099D233706A5CE962F884DCED375A.d.025A5FF9CA96A78F48A22CA3CD2305B0.e.2374/click - {}
RESULT: {}
COMMAND: GET /session/324496234919104d937ca92dc3ef2aab/screenshot - {}
RESULT: {}
COMMAND: POST /session/324496234919104d937ca92dc3ef2aab/element - {"using":"xpath","value":"//bdi[contains(text(), \"OK\")]"}
RESULT: {"using":"xpath","value":"//bdi[contains(text(), \"OK\")]"}
COMMAND: POST /session/324496234919104d937ca92dc3ef2aab/element/f.350099D233706A5CE962F884DCED375A.d.025A5FF9CA96A78F48A22CA3CD2305B0.e.2375/click - {}
RESULT: {}
COMMAND: GET /session/324496234919104d937ca92dc3ef2aab/screenshot - {}
RESULT: {}
COMMAND: POST /session/324496234919104d937ca92dc3ef2aab/element - {"using":"xpath","value":"//input[@id=\"application-managesites-display-component---NewSite--addressDetailDetailsCalendar-inner\"]"}
RESULT: {"using":"xpath","value":"//input[@id=\"application-managesites-display-component---NewSite--addressDetailDetailsCalendar-inner\"]"}
COMMAND: POST /session/324496234919104d937ca92dc3ef2aab/element/f.350099D233706A5CE962F884DCED375A.d.025A5FF9CA96A78F48A22CA3CD2305B0.e.2140/clear - {}
RESULT: {}
COMMAND: POST /session/324496234919104d937ca92dc3ef2aab/element/f.350099D233706A5CE962F884DCED375A.d.025A5FF9CA96A78F48A22CA3CD2305B0.e.2140/value - {"text":"Unit"}
COMMAND: GET /session/324496234919104d937ca92dc3ef2aab/screenshot - {}
RESULT: {"text":"Unit"}
COMMAND: GET /session/324496234919104d937ca92dc3ef2aab/screenshot - {}
RESULT: {}
RESULT: {}
COMMAND: POST /session/324496234919104d937ca92dc3ef2aab/actions - {"actions":[{"id":"action7","type":"key","parameters":{},"actions":[{"type":"keyDown","value":""},{"type":"pause","duration":10},{"type":"keyUp","value":""}]}]}
RESULT: {"actions":[{"id":"action7","type":"key","parameters":{},"actions":[{"type":"keyDown","value":""},{"type":"pause","duration":10},{"type":"keyUp","value":""}]}]}
COMMAND: POST /session/324496234919104d937ca92dc3ef2aab/element - {"using":"xpath","value":"//input[@id=\"application-managesites-display-component---NewSite--addressDetailDetailsYard-inner\"]"}
COMMAND: GET /session/324496234919104d937ca92dc3ef2aab/screenshot - {}
RESULT: {"using":"xpath","value":"//input[@id=\"application-managesites-display-component---NewSite--addressDetailDetailsYard-inner\"]"}
COMMAND: POST /session/324496234919104d937ca92dc3ef2aab/element/f.350099D233706A5CE962F884DCED375A.d.025A5FF9CA96A78F48A22CA3CD2305B0.e.2141/clear - {}
RESULT: {}
RESULT: {}
COMMAND: POST /session/324496234919104d937ca92dc3ef2aab/element/f.350099D233706A5CE962F884DCED375A.d.025A5FF9CA96A78F48A22CA3CD2305B0.e.2141/value - {"text":"230"}
COMMAND: GET /session/324496234919104d937ca92dc3ef2aab/screenshot - {}
RESULT: {"text":"230"}
COMMAND: GET /session/324496234919104d937ca92dc3ef2aab/screenshot - {}
RESULT: {}
RESULT: {}
COMMAND: POST /session/324496234919104d937ca92dc3ef2aab/element - {"using":"xpath","value":"//li[.//span[text()='230']]"}
RESULT: {"using":"xpath","value":"//li[.//span[text()='230']]"}
COMMAND: POST /session/324496234919104d937ca92dc3ef2aab/element/f.350099D233706A5CE962F884DCED375A.d.025A5FF9CA96A78F48A22CA3CD2305B0.e.2383/click - {}
RESULT: {}
COMMAND: GET /session/324496234919104d937ca92dc3ef2aab/screenshot - {}
RESULT: {}
COMMAND: POST /session/324496234919104d937ca92dc3ef2aab/element - {"using":"xpath","value":"//input[@id=\"application-managesites-display-component---NewSite--addressDetailDetailsPartner-inner\"]"}
RESULT: {"using":"xpath","value":"//input[@id=\"application-managesites-display-component---NewSite--addressDetailDetailsPartner-inner\"]"}
COMMAND: POST /session/324496234919104d937ca92dc3ef2aab/element - {"using":"xpath","value":"//input[@id=\"application-managesites-display-component---NewSite--addressDetailDetailsPartner-inner\"]"}
RESULT: {"using":"xpath","value":"//input[@id=\"application-managesites-display-component---NewSite--addressDetailDetailsPartner-inner\"]"}
COMMAND: POST /session/324496234919104d937ca92dc3ef2aab/element - {"using":"xpath","value":"//button[@data-kt=\"saveButton\"]"}
RESULT: {"using":"xpath","value":"//button[@data-kt=\"saveButton\"]"}
COMMAND: POST /session/324496234919104d937ca92dc3ef2aab/element/f.350099D233706A5CE962F884DCED375A.d.025A5FF9CA96A78F48A22CA3CD2305B0.e.2309/click - {}
RESULT: {}
COMMAND: GET /session/324496234919104d937ca92dc3ef2aab/screenshot - {}
RESULT: {}
COMMAND: POST /session/324496234919104d937ca92dc3ef2aab/element - {"using":"xpath","value":"//header[contains(@id, 'ObjectPageLayout-headerTitle')]/div[1]/div[2]/div[2]/span[1]"}
RESULT: {"using":"xpath","value":"//header[contains(@id, 'ObjectPageLayout-headerTitle')]/div[1]/div[2]/div[2]/span[1]"}
COMMAND: POST /session/324496234919104d937ca92dc3ef2aab/elements - {"using":"xpath","value":"//header[contains(@id, 'ObjectPageLayout-headerTitle')]/div[1]/div[2]/div[2]/span[1]"}
RESULT: {"using":"xpath","value":"//header[contains(@id, 'ObjectPageLayout-headerTitle')]/div[1]/div[2]/div[2]/span[1]"}
COMMAND: POST /session/324496234919104d937ca92dc3ef2aab/execute/sync - {"script":"<script> [56 bytes]","args":[{"element-6066-11e4-a52e-4f735466cecf":"f.350099D233706A5CE962F884DCED375A.d.025A5FF9CA96A78F48A22CA3CD2305B0.e.2560","ELEMENT":"f.350099D233706A5CE962F884DCED375A.d.025A5FF9CA96A78F48A22CA3CD2305B0.e.2560"}]}
RESULT: {"script":"<script> [56 bytes]","args":[{"element-6066-11e4-a52e-4f735466cecf":"f.350099D233706A5CE962F884DCED375A.d.025A5FF9CA96A78F48A22CA3CD2305B0.e.2560","ELEMENT":"f.350099D233706A5CE962F884DCED375A.d.025A5FF9CA96A78F48A22CA3CD2305B0.e.2560"}]}
COMMAND: GET /session/324496234919104d937ca92dc3ef2aab/screenshot - {}
RESULT: {}
COMMAND: POST /session/324496234919104d937ca92dc3ef2aab/execute/sync - {"script":"<script> [56 bytes]","args":[{"element-6066-11e4-a52e-4f735466cecf":"f.350099D233706A5CE962F884DCED375A.d.025A5FF9CA96A78F48A22CA3CD2305B0.e.2560","ELEMENT":"f.350099D233706A5CE962F884DCED375A.d.025A5FF9CA96A78F48A22CA3CD2305B0.e.2560"}]}
RESULT: {"script":"<script> [56 bytes]","args":[{"element-6066-11e4-a52e-4f735466cecf":"f.350099D233706A5CE962F884DCED375A.d.025A5FF9CA96A78F48A22CA3CD2305B0.e.2560","ELEMENT":"f.350099D233706A5CE962F884DCED375A.d.025A5FF9CA96A78F48A22CA3CD2305B0.e.2560"}]}
COMMAND: GET /session/324496234919104d937ca92dc3ef2aab/screenshot - {}
RESULT: {}
COMMAND: POST /session/324496234919104d937ca92dc3ef2aab/execute/sync - {"script":"<script> [56 bytes]","args":[{"element-6066-11e4-a52e-4f735466cecf":"f.350099D233706A5CE962F884DCED375A.d.025A5FF9CA96A78F48A22CA3CD2305B0.e.2560","ELEMENT":"f.350099D233706A5CE962F884DCED375A.d.025A5FF9CA96A78F48A22CA3CD2305B0.e.2560"}]}
RESULT: {"script":"<script> [56 bytes]","args":[{"element-6066-11e4-a52e-4f735466cecf":"f.350099D233706A5CE962F884DCED375A.d.025A5FF9CA96A78F48A22CA3CD2305B0.e.2560","ELEMENT":"f.350099D233706A5CE962F884DCED375A.d.025A5FF9CA96A78F48A22CA3CD2305B0.e.2560"}]}
COMMAND: POST /session/324496234919104d937ca92dc3ef2aab/element - {"using":"css selector","value":"#shell-header-logo"}
COMMAND: GET /session/324496234919104d937ca92dc3ef2aab/screenshot - {}
RESULT: {"using":"css selector","value":"#shell-header-logo"}
COMMAND: POST /session/324496234919104d937ca92dc3ef2aab/element/f.350099D233706A5CE962F884DCED375A.d.025A5FF9CA96A78F48A22CA3CD2305B0.e.1686/click - {}
RESULT: {}
RESULT: {}
COMMAND: GET /session/324496234919104d937ca92dc3ef2aab/screenshot - {}
RESULT: {}
COMMAND: POST /session/324496234919104d937ca92dc3ef2aab/execute/sync - {"script":"<script> [299 bytes]","args":[["getModel","getResource"]]}
RESULT: {"script":"<script> [299 bytes]","args":[["getModel","getResource"]]}
COMMAND: POST /session/324496234919104d937ca92dc3ef2aab/actions - {"actions":[{"id":"action8","type":"key","parameters":{},"actions":[{"type":"keyDown","value":""},{"type":"pause","duration":10},{"type":"keyUp","value":""}]}]}
RESULT: {"actions":[{"id":"action8","type":"key","parameters":{},"actions":[{"type":"keyDown","value":""},{"type":"pause","duration":10},{"type":"keyUp","value":""}]}]}
COMMAND: GET /session/324496234919104d937ca92dc3ef2aab/screenshot - {}
COMMAND: GET /session/324496234919104d937ca92dc3ef2aab/screenshot - {}
RESULT: {}
RESULT: {}
COMMAND: POST /session/324496234919104d937ca92dc3ef2aab/refresh - {}
RESULT: {}
COMMAND: GET /session/324496234919104d937ca92dc3ef2aab/screenshot - {}
RESULT: {}
COMMAND: POST /session/324496234919104d937ca92dc3ef2aab/refresh - {}
RESULT: {}
COMMAND: GET /session/324496234919104d937ca92dc3ef2aab/screenshot - {}
RESULT: {}
COMMAND: POST /session/324496234919104d937ca92dc3ef2aab/window/fullscreen - {}
RESULT: {}
COMMAND: POST /session/324496234919104d937ca92dc3ef2aab/execute/async - {"script":"<script> [189 bytes]","args":[]}
RESULT: {"script":"<script> [189 bytes]","args":[]}
COMMAND: POST /session/324496234919104d937ca92dc3ef2aab/execute/async - {"script":"<script> [123 bytes]","args":[]}
RESULT: {"script":"<script> [123 bytes]","args":[]}
COMMAND: POST /session/324496234919104d937ca92dc3ef2aab/timeouts - {"script":"<number>"}
RESULT: {"script":"<number>"}
COMMAND: GET /session/324496234919104d937ca92dc3ef2aab/timeouts - {}
RESULT: {}
RESULT: undefined
COMMAND: POST /session/324496234919104d937ca92dc3ef2aab/execute/async - {"script":"<script> [2676 bytes]","args":[]}
RESULT: {"script":"<script> [2676 bytes]","args":[]}
COMMAND: POST /session/324496234919104d937ca92dc3ef2aab/execute/async - {"script":"<script> [2342 bytes]","args":[{"protocol":"http","hostname":"0.0.0.0","path":"/","capabilities":{"browserName":"chrome","goog:chromeOptions":{"binary":"C:\\Program Files\\Google\\Chrome\\Application\\chrome.exe","args":["--start-maximized"]}},"logLevel":"warn","connectionRetryTimeout":120000,"connectionRetryCount":3,"logLevels":{},"enableDirectConnect":true,"strictSSL":true,"_":"65 more keys: [\"cacheDir\",\"port\",\"requestedCapabilities\",\"automationProtocol\",\"baseUrl\",\"waitforInterval\",\"waitforTimeout\",\"onReload\",\"beforeCommand\",\"afterCommand\",\"rootDir\",\"specs\",\"suites\",\"exclude\",\"groupLogsByTestSpec\",\"excludeDriverLogs\",\"bail\",\"framework\",\"reporters\",\"services\",\"maxInstances\",\"maxInstancesPerCapability\",\"injectGlobals\",\"filesToWatch\",\"execArgv\",\"runnerEnv\",\"runner\",\"shard\",\"specFileRetries\",\"specFileRetriesDelay\",\"specFileRetriesDeferred\",\"reporterSyncInterval\",\"reporterSyncTimeout\",\"cucumberFeaturesWithLineNumbers\",\"autoCompileOpts\",\"mochaOpts\",\"jasmineOpts\",\"cucumberOpts\",\"onPrepare\",\"onWorkerStart\",\"onWorkerEnd\",\"before\",\"beforeSession\",\"beforeSuite\",\"beforeHook\",\"beforeTest\",\"afterTest\",\"afterHook\",\"afterSuite\",\"afterSession\",\"after\",\"onComplete\",\"beforeAssertion\",\"afterAssertion\",\"beforeFeature\",\"beforeScenario\",\"beforeStep\",\"afterStep\",\"afterScenario\",\"afterFeature\",\"_\",\"suite\",\"$0\",\"ignoredWorkerServices\",\"wdi5\"]"}]}
RESULT: {"script":"<script> [2342 bytes]","args":[{"protocol":"http","hostname":"0.0.0.0","path":"/","capabilities":{"browserName":"chrome","goog:chromeOptions":{"binary":"C:\\Program Files\\Google\\Chrome\\Application\\chrome.exe","args":["--start-maximized"]}},"logLevel":"warn","connectionRetryTimeout":120000,"connectionRetryCount":3,"logLevels":{},"enableDirectConnect":true,"strictSSL":true,"_":"65 more keys: [\"cacheDir\",\"port\",\"requestedCapabilities\",\"automationProtocol\",\"baseUrl\",\"waitforInterval\",\"waitforTimeout\",\"onReload\",\"beforeCommand\",\"afterCommand\",\"rootDir\",\"specs\",\"suites\",\"exclude\",\"groupLogsByTestSpec\",\"excludeDriverLogs\",\"bail\",\"framework\",\"reporters\",\"services\",\"maxInstances\",\"maxInstancesPerCapability\",\"injectGlobals\",\"filesToWatch\",\"execArgv\",\"runnerEnv\",\"runner\",\"shard\",\"specFileRetries\",\"specFileRetriesDelay\",\"specFileRetriesDeferred\",\"reporterSyncInterval\",\"reporterSyncTimeout\",\"cucumberFeaturesWithLineNumbers\",\"autoCompileOpts\",\"mochaOpts\",\"jasmineOpts\",\"cucumberOpts\",\"onPrepare\",\"onWorkerStart\",\"onWorkerEnd\",\"before\",\"beforeSession\",\"beforeSuite\",\"beforeHook\",\"beforeTest\",\"afterTest\",\"afterHook\",\"afterSuite\",\"afterSession\",\"after\",\"onComplete\",\"beforeAssertion\",\"afterAssertion\",\"beforeFeature\",\"beforeScenario\",\"beforeStep\",\"afterStep\",\"afterScenario\",\"afterFeature\",\"_\",\"suite\",\"$0\",\"ignoredWorkerServices\",\"wdi5\"]"}]}
COMMAND: POST /session/324496234919104d937ca92dc3ef2aab/execute/async - {"script":"<script> [21126 bytes]","args":[35000]}
RESULT: {"script":"<script> [21126 bytes]","args":[35000]}
COMMAND: POST /session/324496234919104d937ca92dc3ef2aab/window/fullscreen - {}
RESULT: {}
]]></system-out>
    </testcase>
    <testcase classname="chrome.136_0_7103_93.windows.Billing_confirm_US117289" name="Should create a new equipment" time="141.432">
      <system-out><![CDATA[
COMMAND: POST /session/324496234919104d937ca92dc3ef2aab/execute/async - {"script":"<script> [1562 bytes]","args":[{"selector":{"controlType":"sap.m.GenericTile","properties":{"header":"Manage Resources"}},"wdio_ui5_key":"sapm.GenericTile{\"header\":\"Manage Resources\"}"}]}
RESULT: {"script":"<script> [1562 bytes]","args":[{"selector":{"controlType":"sap.m.GenericTile","properties":{"header":"Manage Resources"}},"wdio_ui5_key":"sapm.GenericTile{\"header\":\"Manage Resources\"}"}]}
RESULT: undefined
COMMAND: POST /session/324496234919104d937ca92dc3ef2aab/element - {"using":"xpath","value":"//*[@id=\"__tile31\"]"}
RESULT: {"using":"xpath","value":"//*[@id=\"__tile31\"]"}
COMMAND: POST /session/324496234919104d937ca92dc3ef2aab/element/f.350099D233706A5CE962F884DCED375A.d.507F319C1BD1BFD427237039353FAA40.e.2632/click - {}
RESULT: {}
COMMAND: GET /session/324496234919104d937ca92dc3ef2aab/screenshot - {}
RESULT: {}
COMMAND: POST /session/324496234919104d937ca92dc3ef2aab/elements - {"using":"xpath","value":"//span[text()='Error']"}
RESULT: {"using":"xpath","value":"//span[text()='Error']"}
COMMAND: POST /session/324496234919104d937ca92dc3ef2aab/element - {"using":"xpath","value":"//button[@data-kt=\"addNewRUOverflowToolbarButton\"]"}
RESULT: {"using":"xpath","value":"//button[@data-kt=\"addNewRUOverflowToolbarButton\"]"}
COMMAND: POST /session/324496234919104d937ca92dc3ef2aab/elements - {"using":"xpath","value":"//button[@data-kt=\"addNewRUOverflowToolbarButton\"]"}
RESULT: {"using":"xpath","value":"//button[@data-kt=\"addNewRUOverflowToolbarButton\"]"}
COMMAND: POST /session/324496234919104d937ca92dc3ef2aab/elements - {"using":"xpath","value":"//button[@data-kt=\"addNewRUOverflowToolbarButton\"]"}
RESULT: {"using":"xpath","value":"//button[@data-kt=\"addNewRUOverflowToolbarButton\"]"}
COMMAND: POST /session/324496234919104d937ca92dc3ef2aab/elements - {"using":"xpath","value":"//button[@data-kt=\"addNewRUOverflowToolbarButton\"]"}
RESULT: {"using":"xpath","value":"//button[@data-kt=\"addNewRUOverflowToolbarButton\"]"}
COMMAND: POST /session/324496234919104d937ca92dc3ef2aab/element - {"using":"xpath","value":"//button[@data-kt=\"addNewRUOverflowToolbarButton\"]"}
RESULT: {"using":"xpath","value":"//button[@data-kt=\"addNewRUOverflowToolbarButton\"]"}
COMMAND: POST /session/324496234919104d937ca92dc3ef2aab/execute/sync - {"script":"<script> [8489 bytes]","args":[{"element-6066-11e4-a52e-4f735466cecf":"f.350099D233706A5CE962F884DCED375A.d.507F319C1BD1BFD427237039353FAA40.e.2746","ELEMENT":"f.350099D233706A5CE962F884DCED375A.d.507F319C1BD1BFD427237039353FAA40.e.2746"}]}
RESULT: {"script":"<script> [8489 bytes]","args":[{"element-6066-11e4-a52e-4f735466cecf":"f.350099D233706A5CE962F884DCED375A.d.507F319C1BD1BFD427237039353FAA40.e.2746","ELEMENT":"f.350099D233706A5CE962F884DCED375A.d.507F319C1BD1BFD427237039353FAA40.e.2746"}]}
COMMAND: GET /session/324496234919104d937ca92dc3ef2aab/element/f.350099D233706A5CE962F884DCED375A.d.507F319C1BD1BFD427237039353FAA40.e.2746/enabled - {}
COMMAND: GET /session/324496234919104d937ca92dc3ef2aab/screenshot - {}
RESULT: {}
COMMAND: POST /session/324496234919104d937ca92dc3ef2aab/execute/sync - {"script":"<script> [8489 bytes]","args":[{"element-6066-11e4-a52e-4f735466cecf":"f.350099D233706A5CE962F884DCED375A.d.507F319C1BD1BFD427237039353FAA40.e.2746","ELEMENT":"f.350099D233706A5CE962F884DCED375A.d.507F319C1BD1BFD427237039353FAA40.e.2746"}]}
COMMAND: GET /session/324496234919104d937ca92dc3ef2aab/screenshot - {}
RESULT: {}
RESULT: {"script":"<script> [8489 bytes]","args":[{"element-6066-11e4-a52e-4f735466cecf":"f.350099D233706A5CE962F884DCED375A.d.507F319C1BD1BFD427237039353FAA40.e.2746","ELEMENT":"f.350099D233706A5CE962F884DCED375A.d.507F319C1BD1BFD427237039353FAA40.e.2746"}]}
COMMAND: POST /session/324496234919104d937ca92dc3ef2aab/execute/sync - {"script":"<script> [5351 bytes]","args":[{"element-6066-11e4-a52e-4f735466cecf":"f.350099D233706A5CE962F884DCED375A.d.507F319C1BD1BFD427237039353FAA40.e.2746","ELEMENT":"f.350099D233706A5CE962F884DCED375A.d.507F319C1BD1BFD427237039353FAA40.e.2746"}]}
COMMAND: GET /session/324496234919104d937ca92dc3ef2aab/screenshot - {}
RESULT: {}
RESULT: {"script":"<script> [5351 bytes]","args":[{"element-6066-11e4-a52e-4f735466cecf":"f.350099D233706A5CE962F884DCED375A.d.507F319C1BD1BFD427237039353FAA40.e.2746","ELEMENT":"f.350099D233706A5CE962F884DCED375A.d.507F319C1BD1BFD427237039353FAA40.e.2746"}]}
COMMAND: POST /session/324496234919104d937ca92dc3ef2aab/element/f.350099D233706A5CE962F884DCED375A.d.507F319C1BD1BFD427237039353FAA40.e.2746/click - {}
COMMAND: GET /session/324496234919104d937ca92dc3ef2aab/screenshot - {}
RESULT: {}
RESULT: {}
COMMAND: GET /session/324496234919104d937ca92dc3ef2aab/screenshot - {}
RESULT: {}
COMMAND: POST /session/324496234919104d937ca92dc3ef2aab/execute/async - {"script":"<script> [1562 bytes]","args":[{"selector":{"id":"application-manageresources-display-component---newResourceUnit--TYPE-arrow"},"wdio_ui5_key":"applicationmanageresources-display-component---newResourceUnit--TYPE-arrow"}]}
RESULT: {}
RESULT: {"script":"<script> [1562 bytes]","args":[{"selector":{"id":"application-manageresources-display-component---newResourceUnit--TYPE-arrow"},"wdio_ui5_key":"applicationmanageresources-display-component---newResourceUnit--TYPE-arrow"}]}
RESULT: undefined
COMMAND: POST /session/324496234919104d937ca92dc3ef2aab/element - {"using":"xpath","value":"//*[@id=\"application-manageresources-display-component---newResourceUnit--TYPE-arrow\"]"}
RESULT: {"using":"xpath","value":"//*[@id=\"application-manageresources-display-component---newResourceUnit--TYPE-arrow\"]"}
COMMAND: POST /session/324496234919104d937ca92dc3ef2aab/element/f.350099D233706A5CE962F884DCED375A.d.507F319C1BD1BFD427237039353FAA40.e.3089/click - {}
RESULT: {}
COMMAND: POST /session/324496234919104d937ca92dc3ef2aab/element - {"using":"xpath","value":"//input[@id=\"application-manageresources-display-component---newResourceUnit--TYPE-inner\"]"}
COMMAND: GET /session/324496234919104d937ca92dc3ef2aab/screenshot - {}
RESULT: {"using":"xpath","value":"//input[@id=\"application-manageresources-display-component---newResourceUnit--TYPE-inner\"]"}
COMMAND: POST /session/324496234919104d937ca92dc3ef2aab/element/f.350099D233706A5CE962F884DCED375A.d.507F319C1BD1BFD427237039353FAA40.e.3085/clear - {}
RESULT: {}
RESULT: {}
COMMAND: POST /session/324496234919104d937ca92dc3ef2aab/element/f.350099D233706A5CE962F884DCED375A.d.507F319C1BD1BFD427237039353FAA40.e.3085/value - {"text":"Equipment"}
COMMAND: GET /session/324496234919104d937ca92dc3ef2aab/screenshot - {}
RESULT: {"text":"Equipment"}
COMMAND: GET /session/324496234919104d937ca92dc3ef2aab/screenshot - {}
RESULT: {}
RESULT: {}
COMMAND: POST /session/324496234919104d937ca92dc3ef2aab/actions - {"actions":[{"id":"action9","type":"key","parameters":{},"actions":[{"type":"keyDown","value":""},{"type":"pause","duration":10},{"type":"keyUp","value":""}]}]}
RESULT: {"actions":[{"id":"action9","type":"key","parameters":{},"actions":[{"type":"keyDown","value":""},{"type":"pause","duration":10},{"type":"keyUp","value":""}]}]}
COMMAND: POST /session/324496234919104d937ca92dc3ef2aab/execute/async - {"script":"<script> [1562 bytes]","args":[{"selector":{"id":"application-manageresources-display-component---newResourceUnit--resourceId","interaction":{"idSuffix":"inner"}},"wdio_ui5_key":"applicationmanageresources-display-component---newResourceUnit--resourceId"}]}
COMMAND: GET /session/324496234919104d937ca92dc3ef2aab/screenshot - {}
RESULT: {"script":"<script> [1562 bytes]","args":[{"selector":{"id":"application-manageresources-display-component---newResourceUnit--resourceId","interaction":{"idSuffix":"inner"}},"wdio_ui5_key":"applicationmanageresources-display-component---newResourceUnit--resourceId"}]}
RESULT: undefined
COMMAND: POST /session/324496234919104d937ca92dc3ef2aab/execute/async - {"script":"<script> [776 bytes]","args":[{"enterText":"xJSejrBU55","selector":{"id":"application-manageresources-display-component---newResourceUnit--resourceId","interaction":{"idSuffix":"inner"}},"clearTextFirst":true,"interactionType":"ENTER_TEXT"}]}
RESULT: {}
RESULT: {"script":"<script> [776 bytes]","args":[{"enterText":"xJSejrBU55","selector":{"id":"application-manageresources-display-component---newResourceUnit--resourceId","interaction":{"idSuffix":"inner"}},"clearTextFirst":true,"interactionType":"ENTER_TEXT"}]}
COMMAND: POST /session/324496234919104d937ca92dc3ef2aab/execute/async - {"script":"<script> [1562 bytes]","args":[{"selector":{"id":"application-manageresources-display-component---newResourceUnit--SHORT_TEXT","interaction":{"idSuffix":"inner"}},"wdio_ui5_key":"applicationmanageresources-display-component---newResourceUnit--SHORT_TEXT"}]}
RESULT: {"script":"<script> [1562 bytes]","args":[{"selector":{"id":"application-manageresources-display-component---newResourceUnit--SHORT_TEXT","interaction":{"idSuffix":"inner"}},"wdio_ui5_key":"applicationmanageresources-display-component---newResourceUnit--SHORT_TEXT"}]}
RESULT: undefined
COMMAND: POST /session/324496234919104d937ca92dc3ef2aab/execute/async - {"script":"<script> [776 bytes]","args":[{"enterText":"Intercompany Equipment WDIO","selector":{"id":"application-manageresources-display-component---newResourceUnit--SHORT_TEXT","interaction":{"idSuffix":"inner"}},"clearTextFirst":true,"interactionType":"ENTER_TEXT"}]}
RESULT: {"script":"<script> [776 bytes]","args":[{"enterText":"Intercompany Equipment WDIO","selector":{"id":"application-manageresources-display-component---newResourceUnit--SHORT_TEXT","interaction":{"idSuffix":"inner"}},"clearTextFirst":true,"interactionType":"ENTER_TEXT"}]}
COMMAND: POST /session/324496234919104d937ca92dc3ef2aab/execute/async - {"script":"<script> [1562 bytes]","args":[{"selector":{"id":"application-manageresources-display-component---newResourceUnit--BASE_UNIT_OF_MEASURE","interaction":{"idSuffix":"inner"}},"wdio_ui5_key":"applicationmanageresources-display-component---newResourceUnit--BASE_UNIT_OF_MEASURE"}]}
RESULT: {"script":"<script> [1562 bytes]","args":[{"selector":{"id":"application-manageresources-display-component---newResourceUnit--BASE_UNIT_OF_MEASURE","interaction":{"idSuffix":"inner"}},"wdio_ui5_key":"applicationmanageresources-display-component---newResourceUnit--BASE_UNIT_OF_MEASURE"}]}
RESULT: undefined
COMMAND: POST /session/324496234919104d937ca92dc3ef2aab/execute/async - {"script":"<script> [776 bytes]","args":[{"enterText":"Piece","selector":{"id":"application-manageresources-display-component---newResourceUnit--BASE_UNIT_OF_MEASURE","interaction":{"idSuffix":"inner"}},"clearTextFirst":true,"interactionType":"ENTER_TEXT"}]}
RESULT: {"script":"<script> [776 bytes]","args":[{"enterText":"Piece","selector":{"id":"application-manageresources-display-component---newResourceUnit--BASE_UNIT_OF_MEASURE","interaction":{"idSuffix":"inner"}},"clearTextFirst":true,"interactionType":"ENTER_TEXT"}]}
COMMAND: POST /session/324496234919104d937ca92dc3ef2aab/execute/async - {"script":"<script> [1562 bytes]","args":[{"selector":{"id":"application-manageresources-display-component---newResourceUnit--WEIGHT_UNIT","interaction":{"idSuffix":"inner"}},"wdio_ui5_key":"applicationmanageresources-display-component---newResourceUnit--WEIGHT_UNIT"}]}
RESULT: {"script":"<script> [1562 bytes]","args":[{"selector":{"id":"application-manageresources-display-component---newResourceUnit--WEIGHT_UNIT","interaction":{"idSuffix":"inner"}},"wdio_ui5_key":"applicationmanageresources-display-component---newResourceUnit--WEIGHT_UNIT"}]}
RESULT: undefined
COMMAND: POST /session/324496234919104d937ca92dc3ef2aab/execute/async - {"script":"<script> [776 bytes]","args":[{"enterText":"Gram","selector":{"id":"application-manageresources-display-component---newResourceUnit--WEIGHT_UNIT","interaction":{"idSuffix":"inner"}},"clearTextFirst":true,"interactionType":"ENTER_TEXT"}]}
RESULT: {"script":"<script> [776 bytes]","args":[{"enterText":"Gram","selector":{"id":"application-manageresources-display-component---newResourceUnit--WEIGHT_UNIT","interaction":{"idSuffix":"inner"}},"clearTextFirst":true,"interactionType":"ENTER_TEXT"}]}
COMMAND: POST /session/324496234919104d937ca92dc3ef2aab/execute/async - {"script":"<script> [1562 bytes]","args":[{"selector":{"id":"application-manageresources-display-component---newResourceUnit--DIMENSION_UNIT","interaction":{"idSuffix":"inner"}},"wdio_ui5_key":"applicationmanageresources-display-component---newResourceUnit--DIMENSION_UNIT"}]}
RESULT: {"script":"<script> [1562 bytes]","args":[{"selector":{"id":"application-manageresources-display-component---newResourceUnit--DIMENSION_UNIT","interaction":{"idSuffix":"inner"}},"wdio_ui5_key":"applicationmanageresources-display-component---newResourceUnit--DIMENSION_UNIT"}]}
RESULT: undefined
COMMAND: POST /session/324496234919104d937ca92dc3ef2aab/execute/async - {"script":"<script> [776 bytes]","args":[{"enterText":"Meter","selector":{"id":"application-manageresources-display-component---newResourceUnit--DIMENSION_UNIT","interaction":{"idSuffix":"inner"}},"clearTextFirst":true,"interactionType":"ENTER_TEXT"}]}
RESULT: {"script":"<script> [776 bytes]","args":[{"enterText":"Meter","selector":{"id":"application-manageresources-display-component---newResourceUnit--DIMENSION_UNIT","interaction":{"idSuffix":"inner"}},"clearTextFirst":true,"interactionType":"ENTER_TEXT"}]}
COMMAND: POST /session/324496234919104d937ca92dc3ef2aab/execute/async - {"script":"<script> [1562 bytes]","args":[{"selector":{"id":"application-manageresources-display-component---newResourceUnit--newRRUPage-anchBar-application-manageresources-display-component---newResourceUnit--control-anchor","interaction":{"idSuffix":"BDI-content"}},"wdio_ui5_key":"applicationmanageresources-display-component---newResourceUnit--newRRUPage-anchBar-application-manageresources-display-component---newResourceUnit--control-anchor"}]}
RESULT: {"script":"<script> [1562 bytes]","args":[{"selector":{"id":"application-manageresources-display-component---newResourceUnit--newRRUPage-anchBar-application-manageresources-display-component---newResourceUnit--control-anchor","interaction":{"idSuffix":"BDI-content"}},"wdio_ui5_key":"applicationmanageresources-display-component---newResourceUnit--newRRUPage-anchBar-application-manageresources-display-component---newResourceUnit--control-anchor"}]}
RESULT: undefined
COMMAND: POST /session/324496234919104d937ca92dc3ef2aab/element - {"using":"xpath","value":"//*[@id=\"application-manageresources-display-component---newResourceUnit--newRRUPage-anchBar-application-manageresources-display-component---newResourceUnit--control-anchor\"]"}
RESULT: {"using":"xpath","value":"//*[@id=\"application-manageresources-display-component---newResourceUnit--newRRUPage-anchBar-application-manageresources-display-component---newResourceUnit--control-anchor\"]"}
COMMAND: POST /session/324496234919104d937ca92dc3ef2aab/element/f.350099D233706A5CE962F884DCED375A.d.507F319C1BD1BFD427237039353FAA40.e.3249/click - {}
RESULT: {}
COMMAND: POST /session/324496234919104d937ca92dc3ef2aab/execute/async - {"script":"<script> [1562 bytes]","args":[{"selector":{"id":"application-manageresources-display-component---newResourceUnit--PLANNING_GROUP","interaction":{"idSuffix":"inner"}},"wdio_ui5_key":"applicationmanageresources-display-component---newResourceUnit--PLANNING_GROUP"}]}
COMMAND: GET /session/324496234919104d937ca92dc3ef2aab/screenshot - {}
RESULT: {"script":"<script> [1562 bytes]","args":[{"selector":{"id":"application-manageresources-display-component---newResourceUnit--PLANNING_GROUP","interaction":{"idSuffix":"inner"}},"wdio_ui5_key":"applicationmanageresources-display-component---newResourceUnit--PLANNING_GROUP"}]}
RESULT: undefined
COMMAND: POST /session/324496234919104d937ca92dc3ef2aab/execute/async - {"script":"<script> [776 bytes]","args":[{"enterText":"Heavy Equi","selector":{"id":"application-manageresources-display-component---newResourceUnit--PLANNING_GROUP","interaction":{"idSuffix":"inner"}},"clearTextFirst":true,"interactionType":"ENTER_TEXT"}]}
RESULT: {}
RESULT: {"script":"<script> [776 bytes]","args":[{"enterText":"Heavy Equi","selector":{"id":"application-manageresources-display-component---newResourceUnit--PLANNING_GROUP","interaction":{"idSuffix":"inner"}},"clearTextFirst":true,"interactionType":"ENTER_TEXT"}]}
COMMAND: POST /session/324496234919104d937ca92dc3ef2aab/execute/async - {"script":"<script> [1562 bytes]","args":[{"selector":{"id":"application-manageresources-display-component---newResourceUnit--ITEM_TYPE-arrow"},"wdio_ui5_key":"applicationmanageresources-display-component---newResourceUnit--ITEM_TYPE-arrow"}]}
RESULT: {"script":"<script> [1562 bytes]","args":[{"selector":{"id":"application-manageresources-display-component---newResourceUnit--ITEM_TYPE-arrow"},"wdio_ui5_key":"applicationmanageresources-display-component---newResourceUnit--ITEM_TYPE-arrow"}]}
RESULT: undefined
COMMAND: POST /session/324496234919104d937ca92dc3ef2aab/element - {"using":"xpath","value":"//*[@id=\"application-manageresources-display-component---newResourceUnit--ITEM_TYPE-arrow\"]"}
RESULT: {"using":"xpath","value":"//*[@id=\"application-manageresources-display-component---newResourceUnit--ITEM_TYPE-arrow\"]"}
COMMAND: POST /session/324496234919104d937ca92dc3ef2aab/element/f.350099D233706A5CE962F884DCED375A.d.507F319C1BD1BFD427237039353FAA40.e.3256/click - {}
RESULT: {}
COMMAND: POST /session/324496234919104d937ca92dc3ef2aab/element - {"using":"xpath","value":"(//span[contains(text(), \"Resource Unit\")])[2]"}
COMMAND: GET /session/324496234919104d937ca92dc3ef2aab/screenshot - {}
RESULT: {"using":"xpath","value":"(//span[contains(text(), \"Resource Unit\")])[2]"}
COMMAND: POST /session/324496234919104d937ca92dc3ef2aab/element/f.350099D233706A5CE962F884DCED375A.d.507F319C1BD1BFD427237039353FAA40.e.3257/click - {}
RESULT: {}
RESULT: {}
COMMAND: GET /session/324496234919104d937ca92dc3ef2aab/screenshot - {}
RESULT: {}
COMMAND: POST /session/324496234919104d937ca92dc3ef2aab/element - {"using":"css selector","value":"#application-manageresources-display-component---newResourceUnit--btnAddTimeSegment"}
RESULT: {"using":"css selector","value":"#application-manageresources-display-component---newResourceUnit--btnAddTimeSegment"}
COMMAND: GET /session/324496234919104d937ca92dc3ef2aab/element/f.350099D233706A5CE962F884DCED375A.d.507F319C1BD1BFD427237039353FAA40.e.3265/rect - {}
RESULT: {}
COMMAND: GET /session/324496234919104d937ca92dc3ef2aab/window/rect - {}
RESULT: {}
COMMAND: POST /session/324496234919104d937ca92dc3ef2aab/execute/sync - {"script":"<script> [92 bytes]","args":[]}
RESULT: {"script":"<script> [92 bytes]","args":[]}
COMMAND: POST /session/324496234919104d937ca92dc3ef2aab/actions - {"actions":[{"id":"action10","type":"wheel","parameters":{},"actions":[{"type":"scroll","x":-1888,"y":-32,"deltaX":0,"deltaY":0,"duration":0,"origin":{"element-6066-11e4-a52e-4f735466cecf":"f.350099D233706A5CE962F884DCED375A.d.507F319C1BD1BFD427237039353FAA40.e.3265"}}]}]}
COMMAND: GET /session/324496234919104d937ca92dc3ef2aab/screenshot - {}
RESULT: {}
COMMAND: POST /session/324496234919104d937ca92dc3ef2aab/execute/sync - {"script":"<script> [79 bytes]","args":[{"element-6066-11e4-a52e-4f735466cecf":"f.350099D233706A5CE962F884DCED375A.d.507F319C1BD1BFD427237039353FAA40.e.3265","ELEMENT":"f.350099D233706A5CE962F884DCED375A.d.507F319C1BD1BFD427237039353FAA40.e.3265"},{"block":"start","inline":"nearest"}]}
RESULT: {"script":"<script> [79 bytes]","args":[{"element-6066-11e4-a52e-4f735466cecf":"f.350099D233706A5CE962F884DCED375A.d.507F319C1BD1BFD427237039353FAA40.e.3265","ELEMENT":"f.350099D233706A5CE962F884DCED375A.d.507F319C1BD1BFD427237039353FAA40.e.3265"},{"block":"start","inline":"nearest"}]}
COMMAND: POST /session/324496234919104d937ca92dc3ef2aab/execute/async - {"script":"<script> [1562 bytes]","args":[{"selector":{"id":"application-manageresources-display-component---newResourceUnit--btnAddTimeSegment","interaction":{"idSuffix":"inner"}},"wdio_ui5_key":"applicationmanageresources-display-component---newResourceUnit--btnAddTimeSegment"}]}
COMMAND: GET /session/324496234919104d937ca92dc3ef2aab/screenshot - {}
RESULT: {"script":"<script> [1562 bytes]","args":[{"selector":{"id":"application-manageresources-display-component---newResourceUnit--btnAddTimeSegment","interaction":{"idSuffix":"inner"}},"wdio_ui5_key":"applicationmanageresources-display-component---newResourceUnit--btnAddTimeSegment"}]}
RESULT: undefined
COMMAND: POST /session/324496234919104d937ca92dc3ef2aab/element - {"using":"xpath","value":"//*[@id=\"application-manageresources-display-component---newResourceUnit--btnAddTimeSegment\"]"}
RESULT: {}
RESULT: {"using":"xpath","value":"//*[@id=\"application-manageresources-display-component---newResourceUnit--btnAddTimeSegment\"]"}
COMMAND: POST /session/324496234919104d937ca92dc3ef2aab/element/f.350099D233706A5CE962F884DCED375A.d.507F319C1BD1BFD427237039353FAA40.e.3265/click - {}
RESULT: {}
COMMAND: GET /session/324496234919104d937ca92dc3ef2aab/screenshot - {}
RESULT: {}
COMMAND: POST /session/324496234919104d937ca92dc3ef2aab/element - {"using":"xpath","value":"//input[@id=\"application-manageresources-display-component---newResourceUnit--idRuTSAdmin-application-manageresources-display-component---newResourceUnit--RUTimeSegment-0-inner\"]"}
RESULT: {"using":"xpath","value":"//input[@id=\"application-manageresources-display-component---newResourceUnit--idRuTSAdmin-application-manageresources-display-component---newResourceUnit--RUTimeSegment-0-inner\"]"}
COMMAND: POST /session/324496234919104d937ca92dc3ef2aab/element/f.350099D233706A5CE962F884DCED375A.d.507F319C1BD1BFD427237039353FAA40.e.3271/clear - {}
RESULT: {}
COMMAND: POST /session/324496234919104d937ca92dc3ef2aab/element/f.350099D233706A5CE962F884DCED375A.d.507F319C1BD1BFD427237039353FAA40.e.3271/value - {"text":"230"}
COMMAND: GET /session/324496234919104d937ca92dc3ef2aab/screenshot - {}
RESULT: {"text":"230"}
COMMAND: GET /session/324496234919104d937ca92dc3ef2aab/screenshot - {}
RESULT: {}
RESULT: {}
COMMAND: POST /session/324496234919104d937ca92dc3ef2aab/element - {"using":"xpath","value":"//li[.//span[text()='230']]"}
RESULT: {"using":"xpath","value":"//li[.//span[text()='230']]"}
COMMAND: POST /session/324496234919104d937ca92dc3ef2aab/element/f.350099D233706A5CE962F884DCED375A.d.507F319C1BD1BFD427237039353FAA40.e.3283/click - {}
RESULT: {}
COMMAND: GET /session/324496234919104d937ca92dc3ef2aab/screenshot - {}
RESULT: {}
COMMAND: POST /session/324496234919104d937ca92dc3ef2aab/element - {"using":"xpath","value":"(//span[contains(@id, \"-application-manageresources-display-component---newResourceUnit--RUTimeSegment-0-arrow\")])[6]"}
RESULT: {"using":"xpath","value":"(//span[contains(@id, \"-application-manageresources-display-component---newResourceUnit--RUTimeSegment-0-arrow\")])[6]"}
COMMAND: POST /session/324496234919104d937ca92dc3ef2aab/element/f.350099D233706A5CE962F884DCED375A.d.507F319C1BD1BFD427237039353FAA40.e.3284/click - {}
RESULT: {}
COMMAND: GET /session/324496234919104d937ca92dc3ef2aab/screenshot - {}
RESULT: {}
COMMAND: POST /session/324496234919104d937ca92dc3ef2aab/element - {"using":"xpath","value":"//span[contains(text(), \"PM Order\")]"}
RESULT: {"using":"xpath","value":"//span[contains(text(), \"PM Order\")]"}
COMMAND: POST /session/324496234919104d937ca92dc3ef2aab/element/f.350099D233706A5CE962F884DCED375A.d.507F319C1BD1BFD427237039353FAA40.e.3287/click - {}
RESULT: {}
COMMAND: GET /session/324496234919104d937ca92dc3ef2aab/screenshot - {}
RESULT: {}
COMMAND: POST /session/324496234919104d937ca92dc3ef2aab/element - {"using":"xpath","value":"(//span[contains(@id ,\"manageresources-display-component---newResourceUnit--RUTimeSegment-0-vhi\")])[1]"}
RESULT: {"using":"xpath","value":"(//span[contains(@id ,\"manageresources-display-component---newResourceUnit--RUTimeSegment-0-vhi\")])[1]"}
COMMAND: GET /session/324496234919104d937ca92dc3ef2aab/element/f.350099D233706A5CE962F884DCED375A.d.507F319C1BD1BFD427237039353FAA40.e.3291/rect - {}
RESULT: {}
COMMAND: GET /session/324496234919104d937ca92dc3ef2aab/window/rect - {}
RESULT: {}
COMMAND: POST /session/324496234919104d937ca92dc3ef2aab/execute/sync - {"script":"<script> [92 bytes]","args":[]}
RESULT: {"script":"<script> [92 bytes]","args":[]}
COMMAND: POST /session/324496234919104d937ca92dc3ef2aab/actions - {"actions":[{"id":"action11","type":"wheel","parameters":{},"actions":[{"type":"scroll","x":-869,"y":-24,"deltaX":0,"deltaY":0,"duration":0,"origin":{"element-6066-11e4-a52e-4f735466cecf":"f.350099D233706A5CE962F884DCED375A.d.507F319C1BD1BFD427237039353FAA40.e.3291"}}]}]}
COMMAND: GET /session/324496234919104d937ca92dc3ef2aab/screenshot - {}
RESULT: {"actions":[{"id":"action11","type":"wheel","parameters":{},"actions":[{"type":"scroll","x":-869,"y":-24,"deltaX":0,"deltaY":0,"duration":0,"origin":{"element-6066-11e4-a52e-4f735466cecf":"f.350099D233706A5CE962F884DCED375A.d.507F319C1BD1BFD427237039353FAA40.e.3291"}}]}]}
COMMAND: DELETE /session/324496234919104d937ca92dc3ef2aab/actions - {}
COMMAND: GET /session/324496234919104d937ca92dc3ef2aab/screenshot - {}
RESULT: {}
RESULT: {}
COMMAND: GET /session/324496234919104d937ca92dc3ef2aab/screenshot - {}
RESULT: {}
RESULT: {}
COMMAND: POST /session/324496234919104d937ca92dc3ef2aab/element/f.350099D233706A5CE962F884DCED375A.d.507F319C1BD1BFD427237039353FAA40.e.3291/click - {}
RESULT: {}
COMMAND: GET /session/324496234919104d937ca92dc3ef2aab/screenshot - {}
RESULT: {}
COMMAND: POST /session/324496234919104d937ca92dc3ef2aab/execute/async - {"script":"<script> [1562 bytes]","args":[{"selector":{"controlType":"sap.m.SearchField","properties":{"placeholder":"Search"},"searchOpenDialogs":true,"interaction":{"idSuffix":"I"}},"wdio_ui5_key":"sapm.SearchField{\"placeholder\":\"Search\"}"}]}
RESULT: {"script":"<script> [1562 bytes]","args":[{"selector":{"controlType":"sap.m.SearchField","properties":{"placeholder":"Search"},"searchOpenDialogs":true,"interaction":{"idSuffix":"I"}},"wdio_ui5_key":"sapm.SearchField{\"placeholder\":\"Search\"}"}]}
RESULT: undefined
COMMAND: POST /session/324496234919104d937ca92dc3ef2aab/execute/async - {"script":"<script> [776 bytes]","args":[{"enterText":"4000360","selector":{"controlType":"sap.m.SearchField","properties":{"placeholder":"Search"},"searchOpenDialogs":true,"interaction":{"idSuffix":"I"}},"clearTextFirst":true,"interactionType":"ENTER_TEXT"}]}
RESULT: {"script":"<script> [776 bytes]","args":[{"enterText":"4000360","selector":{"controlType":"sap.m.SearchField","properties":{"placeholder":"Search"},"searchOpenDialogs":true,"interaction":{"idSuffix":"I"}},"clearTextFirst":true,"interactionType":"ENTER_TEXT"}]}
COMMAND: POST /session/324496234919104d937ca92dc3ef2aab/actions - {"actions":[{"id":"action12","type":"key","parameters":{},"actions":[{"type":"keyDown","value":""},{"type":"pause","duration":10},{"type":"keyUp","value":""}]}]}
RESULT: {"actions":[{"id":"action12","type":"key","parameters":{},"actions":[{"type":"keyDown","value":""},{"type":"pause","duration":10},{"type":"keyUp","value":""}]}]}
COMMAND: GET /session/324496234919104d937ca92dc3ef2aab/screenshot - {}
RESULT: {}
COMMAND: POST /session/324496234919104d937ca92dc3ef2aab/element - {"using":"xpath","value":"//td/div/span[contains(text(), \"BGL Vehicles\")]"}
RESULT: {"using":"xpath","value":"//td/div/span[contains(text(), \"BGL Vehicles\")]"}
COMMAND: POST /session/324496234919104d937ca92dc3ef2aab/element/f.350099D233706A5CE962F884DCED375A.d.507F319C1BD1BFD427237039353FAA40.e.3313/click - {}
RESULT: {}
COMMAND: GET /session/324496234919104d937ca92dc3ef2aab/screenshot - {}
RESULT: {}
COMMAND: POST /session/324496234919104d937ca92dc3ef2aab/element - {"using":"xpath","value":"//bdi[contains(text(), \"OK\")]"}
RESULT: {"using":"xpath","value":"//bdi[contains(text(), \"OK\")]"}
COMMAND: POST /session/324496234919104d937ca92dc3ef2aab/element/f.350099D233706A5CE962F884DCED375A.d.507F319C1BD1BFD427237039353FAA40.e.3314/click - {}
RESULT: {}
COMMAND: GET /session/324496234919104d937ca92dc3ef2aab/screenshot - {}
RESULT: {}
COMMAND: POST /session/324496234919104d937ca92dc3ef2aab/execute/async - {"script":"<script> [1562 bytes]","args":[{"selector":{"id":"application-manageresources-display-component---newResourceUnit--newRRUPage-anchBar-application-manageresources-display-component---newResourceUnit--resource-anchor","interaction":{"idSuffix":"BDI-content"}},"wdio_ui5_key":"applicationmanageresources-display-component---newResourceUnit--newRRUPage-anchBar-application-manageresources-display-component---newResourceUnit--resource-anchor"}]}
RESULT: {"script":"<script> [1562 bytes]","args":[{"selector":{"id":"application-manageresources-display-component---newResourceUnit--newRRUPage-anchBar-application-manageresources-display-component---newResourceUnit--resource-anchor","interaction":{"idSuffix":"BDI-content"}},"wdio_ui5_key":"applicationmanageresources-display-component---newResourceUnit--newRRUPage-anchBar-application-manageresources-display-component---newResourceUnit--resource-anchor"}]}
RESULT: undefined
COMMAND: POST /session/324496234919104d937ca92dc3ef2aab/element - {"using":"xpath","value":"//*[@id=\"application-manageresources-display-component---newResourceUnit--newRRUPage-anchBar-application-manageresources-display-component---newResourceUnit--resource-anchor\"]"}
RESULT: {"using":"xpath","value":"//*[@id=\"application-manageresources-display-component---newResourceUnit--newRRUPage-anchBar-application-manageresources-display-component---newResourceUnit--resource-anchor\"]"}
COMMAND: POST /session/324496234919104d937ca92dc3ef2aab/element/f.350099D233706A5CE962F884DCED375A.d.507F319C1BD1BFD427237039353FAA40.e.3318/click - {}
RESULT: {}
COMMAND: POST /session/324496234919104d937ca92dc3ef2aab/execute/async - {"script":"<script> [1562 bytes]","args":[{"selector":{"id":"application-manageresources-display-component---newResourceUnit--PLANNED_DELIVERY_DATE","interaction":{"idSuffix":"inner"}},"wdio_ui5_key":"applicationmanageresources-display-component---newResourceUnit--PLANNED_DELIVERY_DATE"}]}
COMMAND: GET /session/324496234919104d937ca92dc3ef2aab/screenshot - {}
RESULT: {"script":"<script> [1562 bytes]","args":[{"selector":{"id":"application-manageresources-display-component---newResourceUnit--PLANNED_DELIVERY_DATE","interaction":{"idSuffix":"inner"}},"wdio_ui5_key":"applicationmanageresources-display-component---newResourceUnit--PLANNED_DELIVERY_DATE"}]}
RESULT: undefined
COMMAND: POST /session/324496234919104d937ca92dc3ef2aab/execute/async - {"script":"<script> [6424 bytes]","args":[{"element-6066-11e4-a52e-4f735466cecf":"f.350099D233706A5CE962F884DCED375A.d.507F319C1BD1BFD427237039353FAA40.e.3147"},"setValue",["5/23/25"]]}
RESULT: {}
RESULT: {"script":"<script> [6424 bytes]","args":[{"element-6066-11e4-a52e-4f735466cecf":"f.350099D233706A5CE962F884DCED375A.d.507F319C1BD1BFD427237039353FAA40.e.3147"},"setValue",["5/23/25"]]}
COMMAND: POST /session/324496234919104d937ca92dc3ef2aab/element - {"using":"xpath","value":"//label[contains(@class, 'sapMLabelRequired') and .//bdi[contains(text(), 'Planned Retirement')]]"}
RESULT: {"using":"xpath","value":"//label[contains(@class, 'sapMLabelRequired') and .//bdi[contains(text(), 'Planned Retirement')]]"}
COMMAND: POST /session/324496234919104d937ca92dc3ef2aab/elements - {"using":"xpath","value":"//label[contains(@class, 'sapMLabelRequired') and .//bdi[contains(text(), 'Planned Retirement')]]"}
RESULT: {"using":"xpath","value":"//label[contains(@class, 'sapMLabelRequired') and .//bdi[contains(text(), 'Planned Retirement')]]"}
COMMAND: POST /session/324496234919104d937ca92dc3ef2aab/element - {"using":"xpath","value":"//button[@data-kt=\"resourceUnitSaveButton\"]"}
RESULT: {"using":"xpath","value":"//button[@data-kt=\"resourceUnitSaveButton\"]"}
COMMAND: POST /session/324496234919104d937ca92dc3ef2aab/element/f.350099D233706A5CE962F884DCED375A.d.507F319C1BD1BFD427237039353FAA40.e.3106/click - {}
RESULT: {}
COMMAND: GET /session/324496234919104d937ca92dc3ef2aab/screenshot - {}
RESULT: {}
COMMAND: POST /session/324496234919104d937ca92dc3ef2aab/element - {"using":"xpath","value":"//bdi[contains(text(), \"Close\")]"}
RESULT: {"using":"xpath","value":"//bdi[contains(text(), \"Close\")]"}
COMMAND: POST /session/324496234919104d937ca92dc3ef2aab/element/f.350099D233706A5CE962F884DCED375A.d.507F319C1BD1BFD427237039353FAA40.e.3326/click - {}
RESULT: {}
COMMAND: GET /session/324496234919104d937ca92dc3ef2aab/screenshot - {}
RESULT: {}
COMMAND: POST /session/324496234919104d937ca92dc3ef2aab/element - {"using":"xpath","value":"(//button[contains(@id ,\"actionsToolbar-overflowButton\")])[1]"}
RESULT: {"using":"xpath","value":"(//button[contains(@id ,\"actionsToolbar-overflowButton\")])[1]"}
COMMAND: POST /session/324496234919104d937ca92dc3ef2aab/element/f.350099D233706A5CE962F884DCED375A.d.507F319C1BD1BFD427237039353FAA40.e.3380/click - {}
RESULT: {}
COMMAND: GET /session/324496234919104d937ca92dc3ef2aab/screenshot - {}
RESULT: {}
COMMAND: POST /session/324496234919104d937ca92dc3ef2aab/element - {"using":"xpath","value":"//button[@data-kt=\"priceInfoButton\"]"}
RESULT: {"using":"xpath","value":"//button[@data-kt=\"priceInfoButton\"]"}
COMMAND: POST /session/324496234919104d937ca92dc3ef2aab/element/f.350099D233706A5CE962F884DCED375A.d.507F319C1BD1BFD427237039353FAA40.e.3382/click - {}
RESULT: {}
COMMAND: GET /session/324496234919104d937ca92dc3ef2aab/screenshot - {}
RESULT: {}
]]></system-out>
    </testcase>
    <testcase classname="chrome.136_0_7103_93.windows.Billing_confirm_US117289" name="Should create new pricing rule" time="54.063">
      <system-out><![CDATA[
COMMAND: POST /session/324496234919104d937ca92dc3ef2aab/element - {"using":"xpath","value":"//button[@data-kt=\"addButton\"]"}
RESULT: {"using":"xpath","value":"//button[@data-kt=\"addButton\"]"}
COMMAND: POST /session/324496234919104d937ca92dc3ef2aab/elements - {"using":"xpath","value":"//button[@data-kt=\"addButton\"]"}
RESULT: {"using":"xpath","value":"//button[@data-kt=\"addButton\"]"}
COMMAND: POST /session/324496234919104d937ca92dc3ef2aab/elements - {"using":"xpath","value":"//button[@data-kt=\"addButton\"]"}
RESULT: {"using":"xpath","value":"//button[@data-kt=\"addButton\"]"}
COMMAND: POST /session/324496234919104d937ca92dc3ef2aab/element - {"using":"xpath","value":"//button[@data-kt=\"addButton\"]"}
RESULT: {"using":"xpath","value":"//button[@data-kt=\"addButton\"]"}
COMMAND: POST /session/324496234919104d937ca92dc3ef2aab/execute/sync - {"script":"<script> [8489 bytes]","args":[{"element-6066-11e4-a52e-4f735466cecf":"f.350099D233706A5CE962F884DCED375A.d.507F319C1BD1BFD427237039353FAA40.e.3418","ELEMENT":"f.350099D233706A5CE962F884DCED375A.d.507F319C1BD1BFD427237039353FAA40.e.3418"}]}
RESULT: {"script":"<script> [8489 bytes]","args":[{"element-6066-11e4-a52e-4f735466cecf":"f.350099D233706A5CE962F884DCED375A.d.507F319C1BD1BFD427237039353FAA40.e.3418","ELEMENT":"f.350099D233706A5CE962F884DCED375A.d.507F319C1BD1BFD427237039353FAA40.e.3418"}]}
COMMAND: GET /session/324496234919104d937ca92dc3ef2aab/element/f.350099D233706A5CE962F884DCED375A.d.507F319C1BD1BFD427237039353FAA40.e.3418/enabled - {}
COMMAND: GET /session/324496234919104d937ca92dc3ef2aab/screenshot - {}
RESULT: {}
RESULT: {}
COMMAND: POST /session/324496234919104d937ca92dc3ef2aab/execute/sync - {"script":"<script> [8489 bytes]","args":[{"element-6066-11e4-a52e-4f735466cecf":"f.350099D233706A5CE962F884DCED375A.d.507F319C1BD1BFD427237039353FAA40.e.3418","ELEMENT":"f.350099D233706A5CE962F884DCED375A.d.507F319C1BD1BFD427237039353FAA40.e.3418"}]}
COMMAND: GET /session/324496234919104d937ca92dc3ef2aab/screenshot - {}
RESULT: {"script":"<script> [8489 bytes]","args":[{"element-6066-11e4-a52e-4f735466cecf":"f.350099D233706A5CE962F884DCED375A.d.507F319C1BD1BFD427237039353FAA40.e.3418","ELEMENT":"f.350099D233706A5CE962F884DCED375A.d.507F319C1BD1BFD427237039353FAA40.e.3418"}]}
COMMAND: POST /session/324496234919104d937ca92dc3ef2aab/execute/sync - {"script":"<script> [5351 bytes]","args":[{"element-6066-11e4-a52e-4f735466cecf":"f.350099D233706A5CE962F884DCED375A.d.507F319C1BD1BFD427237039353FAA40.e.3418","ELEMENT":"f.350099D233706A5CE962F884DCED375A.d.507F319C1BD1BFD427237039353FAA40.e.3418"}]}
COMMAND: GET /session/324496234919104d937ca92dc3ef2aab/screenshot - {}
RESULT: {}
RESULT: {"script":"<script> [5351 bytes]","args":[{"element-6066-11e4-a52e-4f735466cecf":"f.350099D233706A5CE962F884DCED375A.d.507F319C1BD1BFD427237039353FAA40.e.3418","ELEMENT":"f.350099D233706A5CE962F884DCED375A.d.507F319C1BD1BFD427237039353FAA40.e.3418"}]}
COMMAND: POST /session/324496234919104d937ca92dc3ef2aab/element/f.350099D233706A5CE962F884DCED375A.d.507F319C1BD1BFD427237039353FAA40.e.3418/click - {}
COMMAND: GET /session/324496234919104d937ca92dc3ef2aab/screenshot - {}
RESULT: {}
RESULT: {}
COMMAND: GET /session/324496234919104d937ca92dc3ef2aab/screenshot - {}
RESULT: {}
RESULT: {}
COMMAND: POST /session/324496234919104d937ca92dc3ef2aab/execute/async - {"script":"<script> [1562 bytes]","args":[{"selector":{"controlType":"sap.m.Title","viewName":"etm.portal.ui.managepricingrules.view.NewItem","viewId":"application-managepricingrules-display-component---newInfoPriceItem","properties":{"text":"New Pricing Rules - Item Level"}},"wdio_ui5_key":"etmportal.ui.managepricingrules.view.NewItemsap.m.Title{\"text\":\"New Pricing Rules - Item Level\"}"}]}
RESULT: {"script":"<script> [1562 bytes]","args":[{"selector":{"controlType":"sap.m.Title","viewName":"etm.portal.ui.managepricingrules.view.NewItem","viewId":"application-managepricingrules-display-component---newInfoPriceItem","properties":{"text":"New Pricing Rules - Item Level"}},"wdio_ui5_key":"etmportal.ui.managepricingrules.view.NewItemsap.m.Title{\"text\":\"New Pricing Rules - Item Level\"}"}]}
RESULT: undefined
COMMAND: POST /session/324496234919104d937ca92dc3ef2aab/execute/async - {"script":"<script> [6424 bytes]","args":[{"element-6066-11e4-a52e-4f735466cecf":"f.350099D233706A5CE962F884DCED375A.d.507F319C1BD1BFD427237039353FAA40.e.3545"},"getText",[]]}
RESULT: {"script":"<script> [6424 bytes]","args":[{"element-6066-11e4-a52e-4f735466cecf":"f.350099D233706A5CE962F884DCED375A.d.507F319C1BD1BFD427237039353FAA40.e.3545"},"getText",[]]}
COMMAND: POST /session/324496234919104d937ca92dc3ef2aab/execute/async - {"script":"<script> [1562 bytes]","args":[{"selector":{"id":"application-managepricingrules-display-component---newInfoPriceItem--condValidTo","interaction":{"idSuffix":"inner"}},"wdio_ui5_key":"applicationmanagepricingrules-display-component---newInfoPriceItem--condValidTo"}]}
RESULT: {"script":"<script> [1562 bytes]","args":[{"selector":{"id":"application-managepricingrules-display-component---newInfoPriceItem--condValidTo","interaction":{"idSuffix":"inner"}},"wdio_ui5_key":"applicationmanagepricingrules-display-component---newInfoPriceItem--condValidTo"}]}
RESULT: undefined
COMMAND: POST /session/324496234919104d937ca92dc3ef2aab/execute/async - {"script":"<script> [776 bytes]","args":[{"enterText":"1/23/26","selector":{"id":"application-managepricingrules-display-component---newInfoPriceItem--condValidTo","interaction":{"idSuffix":"inner"}},"clearTextFirst":true,"interactionType":"ENTER_TEXT"}]}
RESULT: {"script":"<script> [776 bytes]","args":[{"enterText":"1/23/26","selector":{"id":"application-managepricingrules-display-component---newInfoPriceItem--condValidTo","interaction":{"idSuffix":"inner"}},"clearTextFirst":true,"interactionType":"ENTER_TEXT"}]}
COMMAND: POST /session/324496234919104d937ca92dc3ef2aab/execute/async - {"script":"<script> [1562 bytes]","args":[{"selector":{"id":"application-managepricingrules-display-component---newInfoPriceItem--billType-arrow"},"wdio_ui5_key":"applicationmanagepricingrules-display-component---newInfoPriceItem--billType-arrow"}]}
RESULT: {"script":"<script> [1562 bytes]","args":[{"selector":{"id":"application-managepricingrules-display-component---newInfoPriceItem--billType-arrow"},"wdio_ui5_key":"applicationmanagepricingrules-display-component---newInfoPriceItem--billType-arrow"}]}
RESULT: undefined
COMMAND: POST /session/324496234919104d937ca92dc3ef2aab/element - {"using":"xpath","value":"//*[@id=\"application-managepricingrules-display-component---newInfoPriceItem--billType-arrow\"]"}
RESULT: {"using":"xpath","value":"//*[@id=\"application-managepricingrules-display-component---newInfoPriceItem--billType-arrow\"]"}
COMMAND: POST /session/324496234919104d937ca92dc3ef2aab/element/f.350099D233706A5CE962F884DCED375A.d.507F319C1BD1BFD427237039353FAA40.e.3547/click - {}
RESULT: {}
COMMAND: POST /session/324496234919104d937ca92dc3ef2aab/element - {"using":"xpath","value":"//span[contains(text(), \"TB - Time based\")]"}
COMMAND: GET /session/324496234919104d937ca92dc3ef2aab/screenshot - {}
RESULT: {"using":"xpath","value":"//span[contains(text(), \"TB - Time based\")]"}
COMMAND: POST /session/324496234919104d937ca92dc3ef2aab/element/f.350099D233706A5CE962F884DCED375A.d.507F319C1BD1BFD427237039353FAA40.e.3548/click - {}
RESULT: {}
RESULT: {}
COMMAND: POST /session/324496234919104d937ca92dc3ef2aab/execute/async - {"script":"<script> [1562 bytes]","args":[{"selector":{"id":"application-managepricingrules-display-component---newInfoPriceItem--priceProc-arrow"},"wdio_ui5_key":"applicationmanagepricingrules-display-component---newInfoPriceItem--priceProc-arrow"}]}
COMMAND: GET /session/324496234919104d937ca92dc3ef2aab/screenshot - {}
RESULT: {"script":"<script> [1562 bytes]","args":[{"selector":{"id":"application-managepricingrules-display-component---newInfoPriceItem--priceProc-arrow"},"wdio_ui5_key":"applicationmanagepricingrules-display-component---newInfoPriceItem--priceProc-arrow"}]}
RESULT: undefined
COMMAND: POST /session/324496234919104d937ca92dc3ef2aab/element - {"using":"xpath","value":"//*[@id=\"application-managepricingrules-display-component---newInfoPriceItem--priceProc-arrow\"]"}
RESULT: {}
RESULT: {"using":"xpath","value":"//*[@id=\"application-managepricingrules-display-component---newInfoPriceItem--priceProc-arrow\"]"}
COMMAND: POST /session/324496234919104d937ca92dc3ef2aab/element/f.350099D233706A5CE962F884DCED375A.d.507F319C1BD1BFD427237039353FAA40.e.3549/click - {}
RESULT: {}
COMMAND: POST /session/324496234919104d937ca92dc3ef2aab/element - {"using":"xpath","value":"//span[contains(text(), \"TBS - Time based standard\")]"}
COMMAND: GET /session/324496234919104d937ca92dc3ef2aab/screenshot - {}
RESULT: {"using":"xpath","value":"//span[contains(text(), \"TBS - Time based standard\")]"}
COMMAND: POST /session/324496234919104d937ca92dc3ef2aab/element/f.350099D233706A5CE962F884DCED375A.d.507F319C1BD1BFD427237039353FAA40.e.3550/click - {}
RESULT: {}
RESULT: {}
COMMAND: POST /session/324496234919104d937ca92dc3ef2aab/execute/async - {"script":"<script> [1562 bytes]","args":[{"selector":{"id":"application-managepricingrules-display-component---newInfoPriceItem--calcBase-arrow"},"wdio_ui5_key":"applicationmanagepricingrules-display-component---newInfoPriceItem--calcBase-arrow"}]}
COMMAND: GET /session/324496234919104d937ca92dc3ef2aab/screenshot - {}
RESULT: {"script":"<script> [1562 bytes]","args":[{"selector":{"id":"application-managepricingrules-display-component---newInfoPriceItem--calcBase-arrow"},"wdio_ui5_key":"applicationmanagepricingrules-display-component---newInfoPriceItem--calcBase-arrow"}]}
RESULT: undefined
COMMAND: POST /session/324496234919104d937ca92dc3ef2aab/element - {"using":"xpath","value":"//*[@id=\"application-managepricingrules-display-component---newInfoPriceItem--calcBase-arrow\"]"}
RESULT: {}
RESULT: {"using":"xpath","value":"//*[@id=\"application-managepricingrules-display-component---newInfoPriceItem--calcBase-arrow\"]"}
COMMAND: POST /session/324496234919104d937ca92dc3ef2aab/element/f.350099D233706A5CE962F884DCED375A.d.507F319C1BD1BFD427237039353FAA40.e.3522/click - {}
RESULT: {}
COMMAND: GET /session/324496234919104d937ca92dc3ef2aab/screenshot - {}
RESULT: {}
COMMAND: POST /session/324496234919104d937ca92dc3ef2aab/element - {"using":"xpath","value":"//span[contains(text(), \"0006 - TB(calendar days)\")]"}
RESULT: {"using":"xpath","value":"//span[contains(text(), \"0006 - TB(calendar days)\")]"}
COMMAND: POST /session/324496234919104d937ca92dc3ef2aab/element/f.350099D233706A5CE962F884DCED375A.d.507F319C1BD1BFD427237039353FAA40.e.3551/click - {}
RESULT: {}
COMMAND: GET /session/324496234919104d937ca92dc3ef2aab/screenshot - {}
RESULT: {}
COMMAND: POST /session/324496234919104d937ca92dc3ef2aab/execute/async - {"script":"<script> [1562 bytes]","args":[{"selector":{"id":"application-managepricingrules-display-component---newInfoPriceItem--daysMonth","interaction":{"idSuffix":"inner"}},"wdio_ui5_key":"applicationmanagepricingrules-display-component---newInfoPriceItem--daysMonth"}]}
RESULT: {"script":"<script> [1562 bytes]","args":[{"selector":{"id":"application-managepricingrules-display-component---newInfoPriceItem--daysMonth","interaction":{"idSuffix":"inner"}},"wdio_ui5_key":"applicationmanagepricingrules-display-component---newInfoPriceItem--daysMonth"}]}
RESULT: undefined
COMMAND: POST /session/324496234919104d937ca92dc3ef2aab/execute/async - {"script":"<script> [776 bytes]","args":[{"enterText":"30","selector":{"id":"application-managepricingrules-display-component---newInfoPriceItem--daysMonth","interaction":{"idSuffix":"inner"}},"clearTextFirst":true,"interactionType":"ENTER_TEXT"}]}
RESULT: {"script":"<script> [776 bytes]","args":[{"enterText":"30","selector":{"id":"application-managepricingrules-display-component---newInfoPriceItem--daysMonth","interaction":{"idSuffix":"inner"}},"clearTextFirst":true,"interactionType":"ENTER_TEXT"}]}
COMMAND: POST /session/324496234919104d937ca92dc3ef2aab/element - {"using":"xpath","value":"//button[@data-kt=\"saveNewRuleButton\"]"}
RESULT: {"using":"xpath","value":"//button[@data-kt=\"saveNewRuleButton\"]"}
COMMAND: POST /session/324496234919104d937ca92dc3ef2aab/element/f.350099D233706A5CE962F884DCED375A.d.507F319C1BD1BFD427237039353FAA40.e.3534/click - {}
RESULT: {}
COMMAND: GET /session/324496234919104d937ca92dc3ef2aab/screenshot - {}
RESULT: {}
COMMAND: POST /session/324496234919104d937ca92dc3ef2aab/execute/async - {"script":"<script> [1562 bytes]","args":[{"selector":{"id":"application-managepricingrules-display-component---priceInfoItem--smartFilterBar-btnBasicSearch","interaction":{"idSuffix":"I"}},"wdio_ui5_key":"applicationmanagepricingrules-display-component---priceInfoItem--smartFilterBar-btnBasicSearch"}]}
RESULT: {"script":"<script> [1562 bytes]","args":[{"selector":{"id":"application-managepricingrules-display-component---priceInfoItem--smartFilterBar-btnBasicSearch","interaction":{"idSuffix":"I"}},"wdio_ui5_key":"applicationmanagepricingrules-display-component---priceInfoItem--smartFilterBar-btnBasicSearch"}]}
RESULT: undefined
COMMAND: POST /session/324496234919104d937ca92dc3ef2aab/execute/async - {"script":"<script> [776 bytes]","args":[{"enterText":"xJSejrBU55","selector":{"id":"application-managepricingrules-display-component---priceInfoItem--smartFilterBar-btnBasicSearch","interaction":{"idSuffix":"I"}},"clearTextFirst":true,"interactionType":"ENTER_TEXT"}]}
RESULT: {"script":"<script> [776 bytes]","args":[{"enterText":"xJSejrBU55","selector":{"id":"application-managepricingrules-display-component---priceInfoItem--smartFilterBar-btnBasicSearch","interaction":{"idSuffix":"I"}},"clearTextFirst":true,"interactionType":"ENTER_TEXT"}]}
COMMAND: POST /session/324496234919104d937ca92dc3ef2aab/actions - {"actions":[{"id":"action13","type":"key","parameters":{},"actions":[{"type":"keyDown","value":""},{"type":"pause","duration":10},{"type":"keyUp","value":""}]}]}
RESULT: {"actions":[{"id":"action13","type":"key","parameters":{},"actions":[{"type":"keyDown","value":""},{"type":"pause","duration":10},{"type":"keyUp","value":""}]}]}
COMMAND: GET /session/324496234919104d937ca92dc3ef2aab/screenshot - {}
RESULT: {}
COMMAND: POST /session/324496234919104d937ca92dc3ef2aab/element - {"using":"xpath","value":"//span[@id=\"application-managepricingrules-display-component---priceInfoItem--smartTable-header-inner\"]"}
RESULT: {"using":"xpath","value":"//span[@id=\"application-managepricingrules-display-component---priceInfoItem--smartTable-header-inner\"]"}
COMMAND: POST /session/324496234919104d937ca92dc3ef2aab/elements - {"using":"xpath","value":"//span[@id=\"application-managepricingrules-display-component---priceInfoItem--smartTable-header-inner\"]"}
RESULT: {"using":"xpath","value":"//span[@id=\"application-managepricingrules-display-component---priceInfoItem--smartTable-header-inner\"]"}
COMMAND: POST /session/324496234919104d937ca92dc3ef2aab/execute/sync - {"script":"<script> [56 bytes]","args":[{"element-6066-11e4-a52e-4f735466cecf":"f.350099D233706A5CE962F884DCED375A.d.507F319C1BD1BFD427237039353FAA40.e.3566","ELEMENT":"f.350099D233706A5CE962F884DCED375A.d.507F319C1BD1BFD427237039353FAA40.e.3566"}]}
RESULT: {"script":"<script> [56 bytes]","args":[{"element-6066-11e4-a52e-4f735466cecf":"f.350099D233706A5CE962F884DCED375A.d.507F319C1BD1BFD427237039353FAA40.e.3566","ELEMENT":"f.350099D233706A5CE962F884DCED375A.d.507F319C1BD1BFD427237039353FAA40.e.3566"}]}
COMMAND: POST /session/324496234919104d937ca92dc3ef2aab/element - {"using":"css selector","value":"#shell-header-logo"}
COMMAND: GET /session/324496234919104d937ca92dc3ef2aab/screenshot - {}
RESULT: {"using":"css selector","value":"#shell-header-logo"}
COMMAND: POST /session/324496234919104d937ca92dc3ef2aab/element/f.350099D233706A5CE962F884DCED375A.d.507F319C1BD1BFD427237039353FAA40.e.2704/click - {}
RESULT: {}
RESULT: {}
COMMAND: GET /session/324496234919104d937ca92dc3ef2aab/screenshot - {}
RESULT: {}
]]></system-out>
    </testcase>
    <testcase classname="chrome.136_0_7103_93.windows.Billing_confirm_US117289" name="Should create new condition for equipment" time="70.55">
      <system-out><![CDATA[
COMMAND: POST /session/324496234919104d937ca92dc3ef2aab/execute/async - {"script":"<script> [1562 bytes]","args":[{"selector":{"controlType":"sap.m.GenericTile","properties":{"header":"Manage Conditions & Prices"}},"wdio_ui5_key":"sapm.GenericTile{\"header\":\"Manage Conditions & Prices\"}"}]}
RESULT: {"script":"<script> [1562 bytes]","args":[{"selector":{"controlType":"sap.m.GenericTile","properties":{"header":"Manage Conditions & Prices"}},"wdio_ui5_key":"sapm.GenericTile{\"header\":\"Manage Conditions & Prices\"}"}]}
RESULT: undefined
COMMAND: POST /session/324496234919104d937ca92dc3ef2aab/element - {"using":"xpath","value":"//*[@id=\"__tile93\"]"}
RESULT: {"using":"xpath","value":"//*[@id=\"__tile93\"]"}
COMMAND: POST /session/324496234919104d937ca92dc3ef2aab/element/f.350099D233706A5CE962F884DCED375A.d.507F319C1BD1BFD427237039353FAA40.e.2683/click - {}
RESULT: {}
COMMAND: GET /session/324496234919104d937ca92dc3ef2aab/screenshot - {}
RESULT: {}
COMMAND: POST /session/324496234919104d937ca92dc3ef2aab/elements - {"using":"xpath","value":"//span[text()='Error']"}
RESULT: {"using":"xpath","value":"//span[text()='Error']"}
COMMAND: POST /session/324496234919104d937ca92dc3ef2aab/element - {"using":"xpath","value":"//button[@aria-label=\"Create\"]"}
RESULT: {"using":"xpath","value":"//button[@aria-label=\"Create\"]"}
COMMAND: POST /session/324496234919104d937ca92dc3ef2aab/elements - {"using":"xpath","value":"//button[@aria-label=\"Create\"]"}
RESULT: {"using":"xpath","value":"//button[@aria-label=\"Create\"]"}
COMMAND: POST /session/324496234919104d937ca92dc3ef2aab/execute/sync - {"script":"<script> [8489 bytes]","args":[{"element-6066-11e4-a52e-4f735466cecf":"f.350099D233706A5CE962F884DCED375A.d.507F319C1BD1BFD427237039353FAA40.e.3602","ELEMENT":"f.350099D233706A5CE962F884DCED375A.d.507F319C1BD1BFD427237039353FAA40.e.3602"}]}
RESULT: {"script":"<script> [8489 bytes]","args":[{"element-6066-11e4-a52e-4f735466cecf":"f.350099D233706A5CE962F884DCED375A.d.507F319C1BD1BFD427237039353FAA40.e.3602","ELEMENT":"f.350099D233706A5CE962F884DCED375A.d.507F319C1BD1BFD427237039353FAA40.e.3602"}]}
COMMAND: GET /session/324496234919104d937ca92dc3ef2aab/element/f.350099D233706A5CE962F884DCED375A.d.507F319C1BD1BFD427237039353FAA40.e.3602/enabled - {}
COMMAND: GET /session/324496234919104d937ca92dc3ef2aab/screenshot - {}
RESULT: {}
COMMAND: POST /session/324496234919104d937ca92dc3ef2aab/execute/sync - {"script":"<script> [8489 bytes]","args":[{"element-6066-11e4-a52e-4f735466cecf":"f.350099D233706A5CE962F884DCED375A.d.507F319C1BD1BFD427237039353FAA40.e.3602","ELEMENT":"f.350099D233706A5CE962F884DCED375A.d.507F319C1BD1BFD427237039353FAA40.e.3602"}]}
COMMAND: GET /session/324496234919104d937ca92dc3ef2aab/screenshot - {}
RESULT: {}
RESULT: {"script":"<script> [8489 bytes]","args":[{"element-6066-11e4-a52e-4f735466cecf":"f.350099D233706A5CE962F884DCED375A.d.507F319C1BD1BFD427237039353FAA40.e.3602","ELEMENT":"f.350099D233706A5CE962F884DCED375A.d.507F319C1BD1BFD427237039353FAA40.e.3602"}]}
COMMAND: POST /session/324496234919104d937ca92dc3ef2aab/execute/sync - {"script":"<script> [5351 bytes]","args":[{"element-6066-11e4-a52e-4f735466cecf":"f.350099D233706A5CE962F884DCED375A.d.507F319C1BD1BFD427237039353FAA40.e.3602","ELEMENT":"f.350099D233706A5CE962F884DCED375A.d.507F319C1BD1BFD427237039353FAA40.e.3602"}]}
COMMAND: GET /session/324496234919104d937ca92dc3ef2aab/screenshot - {}
RESULT: {}
RESULT: {"script":"<script> [5351 bytes]","args":[{"element-6066-11e4-a52e-4f735466cecf":"f.350099D233706A5CE962F884DCED375A.d.507F319C1BD1BFD427237039353FAA40.e.3602","ELEMENT":"f.350099D233706A5CE962F884DCED375A.d.507F319C1BD1BFD427237039353FAA40.e.3602"}]}
COMMAND: POST /session/324496234919104d937ca92dc3ef2aab/element/f.350099D233706A5CE962F884DCED375A.d.507F319C1BD1BFD427237039353FAA40.e.3602/click - {}
COMMAND: GET /session/324496234919104d937ca92dc3ef2aab/screenshot - {}
RESULT: {}
RESULT: {}
COMMAND: GET /session/324496234919104d937ca92dc3ef2aab/screenshot - {}
RESULT: {}
RESULT: {}
COMMAND: POST /session/324496234919104d937ca92dc3ef2aab/actions - {"actions":[{"id":"action14","type":"key","parameters":{},"actions":[{"type":"keyDown","value":""},{"type":"pause","duration":10},{"type":"keyUp","value":""}]}]}
RESULT: {"actions":[{"id":"action14","type":"key","parameters":{},"actions":[{"type":"keyDown","value":""},{"type":"pause","duration":10},{"type":"keyUp","value":""}]}]}
COMMAND: GET /session/324496234919104d937ca92dc3ef2aab/screenshot - {}
RESULT: {}
COMMAND: POST /session/324496234919104d937ca92dc3ef2aab/execute/async - {"script":"<script> [1562 bytes]","args":[{"selector":{"id":"application-manageconditionprice-display-component---newCondition--condBillCond-arrow"},"wdio_ui5_key":"applicationmanageconditionprice-display-component---newCondition--condBillCond-arrow"}]}
RESULT: {"script":"<script> [1562 bytes]","args":[{"selector":{"id":"application-manageconditionprice-display-component---newCondition--condBillCond-arrow"},"wdio_ui5_key":"applicationmanageconditionprice-display-component---newCondition--condBillCond-arrow"}]}
RESULT: undefined
COMMAND: POST /session/324496234919104d937ca92dc3ef2aab/element - {"using":"xpath","value":"//*[@id=\"application-manageconditionprice-display-component---newCondition--condBillCond-arrow\"]"}
RESULT: {"using":"xpath","value":"//*[@id=\"application-manageconditionprice-display-component---newCondition--condBillCond-arrow\"]"}
COMMAND: POST /session/324496234919104d937ca92dc3ef2aab/element/f.350099D233706A5CE962F884DCED375A.d.507F319C1BD1BFD427237039353FAA40.e.3815/click - {}
RESULT: {}
COMMAND: GET /session/324496234919104d937ca92dc3ef2aab/screenshot - {}
RESULT: {}
COMMAND: POST /session/324496234919104d937ca92dc3ef2aab/element - {"using":"xpath","value":"//li[.//span[contains(text(), \"DISP - D&I special price\")]]"}
RESULT: {"using":"xpath","value":"//li[.//span[contains(text(), \"DISP - D&I special price\")]]"}
COMMAND: POST /session/324496234919104d937ca92dc3ef2aab/element/f.350099D233706A5CE962F884DCED375A.d.507F319C1BD1BFD427237039353FAA40.e.3818/click - {}
RESULT: {}
COMMAND: GET /session/324496234919104d937ca92dc3ef2aab/screenshot - {}
RESULT: {}
COMMAND: POST /session/324496234919104d937ca92dc3ef2aab/execute/async - {"script":"<script> [1562 bytes]","args":[{"selector":{"id":"application-manageconditionprice-display-component---newCondition--condValidTo","interaction":{"idSuffix":"inner"}},"wdio_ui5_key":"applicationmanageconditionprice-display-component---newCondition--condValidTo"}]}
RESULT: {"script":"<script> [1562 bytes]","args":[{"selector":{"id":"application-manageconditionprice-display-component---newCondition--condValidTo","interaction":{"idSuffix":"inner"}},"wdio_ui5_key":"applicationmanageconditionprice-display-component---newCondition--condValidTo"}]}
RESULT: undefined
COMMAND: POST /session/324496234919104d937ca92dc3ef2aab/execute/async - {"script":"<script> [776 bytes]","args":[{"enterText":"1/23/26","selector":{"id":"application-manageconditionprice-display-component---newCondition--condValidTo","interaction":{"idSuffix":"inner"}},"clearTextFirst":true,"interactionType":"ENTER_TEXT"}]}
RESULT: {"script":"<script> [776 bytes]","args":[{"enterText":"1/23/26","selector":{"id":"application-manageconditionprice-display-component---newCondition--condValidTo","interaction":{"idSuffix":"inner"}},"clearTextFirst":true,"interactionType":"ENTER_TEXT"}]}
COMMAND: POST /session/324496234919104d937ca92dc3ef2aab/element - {"using":"xpath","value":"//input[@id=\"application-manageconditionprice-display-component---newCondition--condRU-inner\"]"}
RESULT: {"using":"xpath","value":"//input[@id=\"application-manageconditionprice-display-component---newCondition--condRU-inner\"]"}
COMMAND: POST /session/324496234919104d937ca92dc3ef2aab/element/f.350099D233706A5CE962F884DCED375A.d.507F319C1BD1BFD427237039353FAA40.e.3679/clear - {}
RESULT: {}
COMMAND: POST /session/324496234919104d937ca92dc3ef2aab/element/f.350099D233706A5CE962F884DCED375A.d.507F319C1BD1BFD427237039353FAA40.e.3679/value - {"text":"xJSejrBU55"}
COMMAND: GET /session/324496234919104d937ca92dc3ef2aab/screenshot - {}
RESULT: {"text":"xJSejrBU55"}
COMMAND: GET /session/324496234919104d937ca92dc3ef2aab/screenshot - {}
RESULT: {}
RESULT: {}
COMMAND: POST /session/324496234919104d937ca92dc3ef2aab/actions - {"actions":[{"id":"action15","type":"key","parameters":{},"actions":[{"type":"keyDown","value":""},{"type":"pause","duration":10},{"type":"keyUp","value":""}]}]}
RESULT: {"actions":[{"id":"action15","type":"key","parameters":{},"actions":[{"type":"keyDown","value":""},{"type":"pause","duration":10},{"type":"keyUp","value":""}]}]}
COMMAND: POST /session/324496234919104d937ca92dc3ef2aab/execute/async - {"script":"<script> [1562 bytes]","args":[{"selector":{"id":"application-manageconditionprice-display-component---newCondition--condBaseQty","interaction":{"idSuffix":"inner"}},"wdio_ui5_key":"applicationmanageconditionprice-display-component---newCondition--condBaseQty"}]}
COMMAND: GET /session/324496234919104d937ca92dc3ef2aab/screenshot - {}
RESULT: {"script":"<script> [1562 bytes]","args":[{"selector":{"id":"application-manageconditionprice-display-component---newCondition--condBaseQty","interaction":{"idSuffix":"inner"}},"wdio_ui5_key":"applicationmanageconditionprice-display-component---newCondition--condBaseQty"}]}
RESULT: undefined
COMMAND: POST /session/324496234919104d937ca92dc3ef2aab/execute/async - {"script":"<script> [776 bytes]","args":[{"enterText":"1","selector":{"id":"application-manageconditionprice-display-component---newCondition--condBaseQty","interaction":{"idSuffix":"inner"}},"clearTextFirst":true,"interactionType":"ENTER_TEXT"}]}
RESULT: {}
RESULT: {"script":"<script> [776 bytes]","args":[{"enterText":"1","selector":{"id":"application-manageconditionprice-display-component---newCondition--condBaseQty","interaction":{"idSuffix":"inner"}},"clearTextFirst":true,"interactionType":"ENTER_TEXT"}]}
COMMAND: POST /session/324496234919104d937ca92dc3ef2aab/execute/async - {"script":"<script> [1562 bytes]","args":[{"selector":{"id":"application-manageconditionprice-display-component---newCondition--condValue","interaction":{"idSuffix":"inner"}},"wdio_ui5_key":"applicationmanageconditionprice-display-component---newCondition--condValue"}]}
RESULT: {"script":"<script> [1562 bytes]","args":[{"selector":{"id":"application-manageconditionprice-display-component---newCondition--condValue","interaction":{"idSuffix":"inner"}},"wdio_ui5_key":"applicationmanageconditionprice-display-component---newCondition--condValue"}]}
RESULT: undefined
COMMAND: POST /session/324496234919104d937ca92dc3ef2aab/execute/async - {"script":"<script> [776 bytes]","args":[{"enterText":"100","selector":{"id":"application-manageconditionprice-display-component---newCondition--condValue","interaction":{"idSuffix":"inner"}},"clearTextFirst":true,"interactionType":"ENTER_TEXT"}]}
RESULT: {"script":"<script> [776 bytes]","args":[{"enterText":"100","selector":{"id":"application-manageconditionprice-display-component---newCondition--condValue","interaction":{"idSuffix":"inner"}},"clearTextFirst":true,"interactionType":"ENTER_TEXT"}]}
COMMAND: POST /session/324496234919104d937ca92dc3ef2aab/execute/async - {"script":"<script> [1562 bytes]","args":[{"selector":{"id":"application-manageconditionprice-display-component---newCondition--condCurr-arrow"},"wdio_ui5_key":"applicationmanageconditionprice-display-component---newCondition--condCurr-arrow"}]}
RESULT: {"script":"<script> [1562 bytes]","args":[{"selector":{"id":"application-manageconditionprice-display-component---newCondition--condCurr-arrow"},"wdio_ui5_key":"applicationmanageconditionprice-display-component---newCondition--condCurr-arrow"}]}
RESULT: undefined
COMMAND: POST /session/324496234919104d937ca92dc3ef2aab/element - {"using":"xpath","value":"//*[@id=\"application-manageconditionprice-display-component---newCondition--condCurr-arrow\"]"}
RESULT: {"using":"xpath","value":"//*[@id=\"application-manageconditionprice-display-component---newCondition--condCurr-arrow\"]"}
COMMAND: POST /session/324496234919104d937ca92dc3ef2aab/element/f.350099D233706A5CE962F884DCED375A.d.507F319C1BD1BFD427237039353FAA40.e.3788/click - {}
RESULT: {}
COMMAND: POST /session/324496234919104d937ca92dc3ef2aab/element - {"using":"xpath","value":"//span[contains(text(), \"Euro\")]"}
COMMAND: GET /session/324496234919104d937ca92dc3ef2aab/screenshot - {}
RESULT: {"using":"xpath","value":"//span[contains(text(), \"Euro\")]"}
COMMAND: POST /session/324496234919104d937ca92dc3ef2aab/element/f.350099D233706A5CE962F884DCED375A.d.507F319C1BD1BFD427237039353FAA40.e.3856/click - {}
RESULT: {}
RESULT: {}
COMMAND: POST /session/324496234919104d937ca92dc3ef2aab/element - {"using":"xpath","value":"//button[@data-kt=\"saveButton\"]"}
COMMAND: GET /session/324496234919104d937ca92dc3ef2aab/screenshot - {}
RESULT: {"using":"xpath","value":"//button[@data-kt=\"saveButton\"]"}
COMMAND: POST /session/324496234919104d937ca92dc3ef2aab/element/f.350099D233706A5CE962F884DCED375A.d.507F319C1BD1BFD427237039353FAA40.e.3789/click - {}
RESULT: {}
RESULT: {}
COMMAND: GET /session/324496234919104d937ca92dc3ef2aab/screenshot - {}
RESULT: {}
COMMAND: POST /session/324496234919104d937ca92dc3ef2aab/execute/async - {"script":"<script> [1562 bytes]","args":[{"selector":{"id":"application-manageconditionprice-display-component---conditions--smartFilterBar-btnBasicSearch","interaction":{"idSuffix":"I"}},"wdio_ui5_key":"applicationmanageconditionprice-display-component---conditions--smartFilterBar-btnBasicSearch"}]}
RESULT: {"script":"<script> [1562 bytes]","args":[{"selector":{"id":"application-manageconditionprice-display-component---conditions--smartFilterBar-btnBasicSearch","interaction":{"idSuffix":"I"}},"wdio_ui5_key":"applicationmanageconditionprice-display-component---conditions--smartFilterBar-btnBasicSearch"}]}
RESULT: undefined
COMMAND: POST /session/324496234919104d937ca92dc3ef2aab/execute/async - {"script":"<script> [776 bytes]","args":[{"enterText":"xJSejrBU55","selector":{"id":"application-manageconditionprice-display-component---conditions--smartFilterBar-btnBasicSearch","interaction":{"idSuffix":"I"}},"clearTextFirst":true,"interactionType":"ENTER_TEXT"}]}
RESULT: {"script":"<script> [776 bytes]","args":[{"enterText":"xJSejrBU55","selector":{"id":"application-manageconditionprice-display-component---conditions--smartFilterBar-btnBasicSearch","interaction":{"idSuffix":"I"}},"clearTextFirst":true,"interactionType":"ENTER_TEXT"}]}
COMMAND: POST /session/324496234919104d937ca92dc3ef2aab/actions - {"actions":[{"id":"action16","type":"key","parameters":{},"actions":[{"type":"keyDown","value":""},{"type":"pause","duration":10},{"type":"keyUp","value":""}]}]}
RESULT: {"actions":[{"id":"action16","type":"key","parameters":{},"actions":[{"type":"keyDown","value":""},{"type":"pause","duration":10},{"type":"keyUp","value":""}]}]}
COMMAND: GET /session/324496234919104d937ca92dc3ef2aab/screenshot - {}
RESULT: {}
COMMAND: POST /session/324496234919104d937ca92dc3ef2aab/execute/async - {"script":"<script> [1562 bytes]","args":[{"selector":{"id":"application-manageconditionprice-display-component---conditions--smartFilterBar-filterItemControl_BASIC-BILL_TYPES-vhi"},"wdio_ui5_key":"applicationmanageconditionprice-display-component---conditions--smartFilterBar-filterItemControl_BASIC-BILL_TYPES-vhi"}]}
RESULT: {"script":"<script> [1562 bytes]","args":[{"selector":{"id":"application-manageconditionprice-display-component---conditions--smartFilterBar-filterItemControl_BASIC-BILL_TYPES-vhi"},"wdio_ui5_key":"applicationmanageconditionprice-display-component---conditions--smartFilterBar-filterItemControl_BASIC-BILL_TYPES-vhi"}]}
RESULT: undefined
COMMAND: POST /session/324496234919104d937ca92dc3ef2aab/element - {"using":"xpath","value":"//*[@id=\"application-manageconditionprice-display-component---conditions--smartFilterBar-filterItemControl_BASIC-BILL_TYPES-vhi\"]"}
RESULT: {"using":"xpath","value":"//*[@id=\"application-manageconditionprice-display-component---conditions--smartFilterBar-filterItemControl_BASIC-BILL_TYPES-vhi\"]"}
COMMAND: POST /session/324496234919104d937ca92dc3ef2aab/element/f.350099D233706A5CE962F884DCED375A.d.507F319C1BD1BFD427237039353FAA40.e.3872/click - {}
RESULT: {}
COMMAND: POST /session/324496234919104d937ca92dc3ef2aab/execute/async - {"script":"<script> [1562 bytes]","args":[{"selector":{"id":"application-manageconditionprice-display-component---conditions--smartFilterBar-filterItemControl_BASIC-BILL_TYPES-valueHelpDialog-smartFilterBar-btnBasicSearch","searchOpenDialogs":true,"interaction":{"idSuffix":"I"}},"wdio_ui5_key":"applicationmanageconditionprice-display-component---conditions--smartFilterBar-filterItemControl_BASIC-BILL_TYPES-valueHelpDialog-smartFilterBar-btnBasicSearch"}]}
COMMAND: GET /session/324496234919104d937ca92dc3ef2aab/screenshot - {}
RESULT: {"script":"<script> [1562 bytes]","args":[{"selector":{"id":"application-manageconditionprice-display-component---conditions--smartFilterBar-filterItemControl_BASIC-BILL_TYPES-valueHelpDialog-smartFilterBar-btnBasicSearch","searchOpenDialogs":true,"interaction":{"idSuffix":"I"}},"wdio_ui5_key":"applicationmanageconditionprice-display-component---conditions--smartFilterBar-filterItemControl_BASIC-BILL_TYPES-valueHelpDialog-smartFilterBar-btnBasicSearch"}]}
RESULT: undefined
COMMAND: POST /session/324496234919104d937ca92dc3ef2aab/execute/async - {"script":"<script> [776 bytes]","args":[{"enterText":"TB","selector":{"id":"application-manageconditionprice-display-component---conditions--smartFilterBar-filterItemControl_BASIC-BILL_TYPES-valueHelpDialog-smartFilterBar-btnBasicSearch","searchOpenDialogs":true,"interaction":{"idSuffix":"I"}},"clearTextFirst":true,"interactionType":"ENTER_TEXT"}]}
RESULT: {}
RESULT: {"script":"<script> [776 bytes]","args":[{"enterText":"TB","selector":{"id":"application-manageconditionprice-display-component---conditions--smartFilterBar-filterItemControl_BASIC-BILL_TYPES-valueHelpDialog-smartFilterBar-btnBasicSearch","searchOpenDialogs":true,"interaction":{"idSuffix":"I"}},"clearTextFirst":true,"interactionType":"ENTER_TEXT"}]}
COMMAND: POST /session/324496234919104d937ca92dc3ef2aab/actions - {"actions":[{"id":"action17","type":"key","parameters":{},"actions":[{"type":"keyDown","value":""},{"type":"pause","duration":10},{"type":"keyUp","value":""}]}]}
RESULT: {"actions":[{"id":"action17","type":"key","parameters":{},"actions":[{"type":"keyDown","value":""},{"type":"pause","duration":10},{"type":"keyUp","value":""}]}]}
COMMAND: GET /session/324496234919104d937ca92dc3ef2aab/screenshot - {}
RESULT: {}
COMMAND: POST /session/324496234919104d937ca92dc3ef2aab/element - {"using":"xpath","value":"//div[contains(@id, 'application-manageconditionprice-display-component---conditions--smartFilterBar-filterItemControl_BASIC-BILL_TYPES-valueHelpDialog-table-rowsel0')]"}
RESULT: {"using":"xpath","value":"//div[contains(@id, 'application-manageconditionprice-display-component---conditions--smartFilterBar-filterItemControl_BASIC-BILL_TYPES-valueHelpDialog-table-rowsel0')]"}
COMMAND: POST /session/324496234919104d937ca92dc3ef2aab/element/f.350099D233706A5CE962F884DCED375A.d.507F319C1BD1BFD427237039353FAA40.e.3881/click - {}
RESULT: {}
COMMAND: GET /session/324496234919104d937ca92dc3ef2aab/screenshot - {}
RESULT: {}
COMMAND: POST /session/324496234919104d937ca92dc3ef2aab/element - {"using":"xpath","value":"//bdi[contains(text(), \"OK\")]"}
RESULT: {"using":"xpath","value":"//bdi[contains(text(), \"OK\")]"}
COMMAND: POST /session/324496234919104d937ca92dc3ef2aab/element/f.350099D233706A5CE962F884DCED375A.d.507F319C1BD1BFD427237039353FAA40.e.3883/click - {}
RESULT: {}
COMMAND: GET /session/324496234919104d937ca92dc3ef2aab/screenshot - {}
RESULT: {}
COMMAND: POST /session/324496234919104d937ca92dc3ef2aab/element - {"using":"xpath","value":"//span[@id=\"application-manageconditionprice-display-component---conditions--smartTable-header-inner\"]"}
RESULT: {"using":"xpath","value":"//span[@id=\"application-manageconditionprice-display-component---conditions--smartTable-header-inner\"]"}
COMMAND: POST /session/324496234919104d937ca92dc3ef2aab/elements - {"using":"xpath","value":"//span[@id=\"application-manageconditionprice-display-component---conditions--smartTable-header-inner\"]"}
RESULT: {"using":"xpath","value":"//span[@id=\"application-manageconditionprice-display-component---conditions--smartTable-header-inner\"]"}
COMMAND: POST /session/324496234919104d937ca92dc3ef2aab/execute/sync - {"script":"<script> [56 bytes]","args":[{"element-6066-11e4-a52e-4f735466cecf":"f.350099D233706A5CE962F884DCED375A.d.507F319C1BD1BFD427237039353FAA40.e.3886","ELEMENT":"f.350099D233706A5CE962F884DCED375A.d.507F319C1BD1BFD427237039353FAA40.e.3886"}]}
RESULT: {"script":"<script> [56 bytes]","args":[{"element-6066-11e4-a52e-4f735466cecf":"f.350099D233706A5CE962F884DCED375A.d.507F319C1BD1BFD427237039353FAA40.e.3886","ELEMENT":"f.350099D233706A5CE962F884DCED375A.d.507F319C1BD1BFD427237039353FAA40.e.3886"}]}
COMMAND: POST /session/324496234919104d937ca92dc3ef2aab/element - {"using":"css selector","value":"#shell-header-logo"}
COMMAND: GET /session/324496234919104d937ca92dc3ef2aab/screenshot - {}
RESULT: {"using":"css selector","value":"#shell-header-logo"}
COMMAND: POST /session/324496234919104d937ca92dc3ef2aab/element/f.350099D233706A5CE962F884DCED375A.d.507F319C1BD1BFD427237039353FAA40.e.3569/click - {}
RESULT: {}
RESULT: {}
COMMAND: GET /session/324496234919104d937ca92dc3ef2aab/screenshot - {}
RESULT: {}
]]></system-out>
    </testcase>
    <testcase classname="chrome.136_0_7103_93.windows.Billing_confirm_US117289" name="Should do a stock increase" time="95.717">
      <system-out><![CDATA[
COMMAND: POST /session/324496234919104d937ca92dc3ef2aab/execute/async - {"script":"<script> [1562 bytes]","args":[{"selector":{"controlType":"sap.m.GenericTile","properties":{"header":"Manage Handovers"}},"wdio_ui5_key":"sapm.GenericTile{\"header\":\"Manage Handovers\"}"}]}
RESULT: {"script":"<script> [1562 bytes]","args":[{"selector":{"controlType":"sap.m.GenericTile","properties":{"header":"Manage Handovers"}},"wdio_ui5_key":"sapm.GenericTile{\"header\":\"Manage Handovers\"}"}]}
RESULT: undefined
COMMAND: POST /session/324496234919104d937ca92dc3ef2aab/element - {"using":"xpath","value":"//*[@id=\"__tile132\"]"}
RESULT: {"using":"xpath","value":"//*[@id=\"__tile132\"]"}
COMMAND: POST /session/324496234919104d937ca92dc3ef2aab/element/f.350099D233706A5CE962F884DCED375A.d.507F319C1BD1BFD427237039353FAA40.e.3890/click - {}
RESULT: {}
COMMAND: GET /session/324496234919104d937ca92dc3ef2aab/screenshot - {}
RESULT: {}
COMMAND: POST /session/324496234919104d937ca92dc3ef2aab/elements - {"using":"xpath","value":"//span[text()='Error']"}
RESULT: {"using":"xpath","value":"//span[text()='Error']"}
COMMAND: POST /session/324496234919104d937ca92dc3ef2aab/element - {"using":"xpath","value":"//button[@data-kt=\"masterHOAddButton\"]"}
RESULT: {"using":"xpath","value":"//button[@data-kt=\"masterHOAddButton\"]"}
COMMAND: POST /session/324496234919104d937ca92dc3ef2aab/elements - {"using":"xpath","value":"//button[@data-kt=\"masterHOAddButton\"]"}
RESULT: {"using":"xpath","value":"//button[@data-kt=\"masterHOAddButton\"]"}
COMMAND: POST /session/324496234919104d937ca92dc3ef2aab/elements - {"using":"xpath","value":"//button[@data-kt=\"masterHOAddButton\"]"}
RESULT: {"using":"xpath","value":"//button[@data-kt=\"masterHOAddButton\"]"}
COMMAND: POST /session/324496234919104d937ca92dc3ef2aab/element - {"using":"xpath","value":"//button[@data-kt=\"masterHOAddButton\"]"}
RESULT: {"using":"xpath","value":"//button[@data-kt=\"masterHOAddButton\"]"}
COMMAND: POST /session/324496234919104d937ca92dc3ef2aab/execute/sync - {"script":"<script> [8489 bytes]","args":[{"element-6066-11e4-a52e-4f735466cecf":"f.350099D233706A5CE962F884DCED375A.d.507F319C1BD1BFD427237039353FAA40.e.3922","ELEMENT":"f.350099D233706A5CE962F884DCED375A.d.507F319C1BD1BFD427237039353FAA40.e.3922"}]}
RESULT: {"script":"<script> [8489 bytes]","args":[{"element-6066-11e4-a52e-4f735466cecf":"f.350099D233706A5CE962F884DCED375A.d.507F319C1BD1BFD427237039353FAA40.e.3922","ELEMENT":"f.350099D233706A5CE962F884DCED375A.d.507F319C1BD1BFD427237039353FAA40.e.3922"}]}
COMMAND: GET /session/324496234919104d937ca92dc3ef2aab/element/f.350099D233706A5CE962F884DCED375A.d.507F319C1BD1BFD427237039353FAA40.e.3922/enabled - {}
COMMAND: GET /session/324496234919104d937ca92dc3ef2aab/screenshot - {}
RESULT: {}
COMMAND: POST /session/324496234919104d937ca92dc3ef2aab/execute/sync - {"script":"<script> [8489 bytes]","args":[{"element-6066-11e4-a52e-4f735466cecf":"f.350099D233706A5CE962F884DCED375A.d.507F319C1BD1BFD427237039353FAA40.e.3922","ELEMENT":"f.350099D233706A5CE962F884DCED375A.d.507F319C1BD1BFD427237039353FAA40.e.3922"}]}
COMMAND: GET /session/324496234919104d937ca92dc3ef2aab/screenshot - {}
RESULT: {}
RESULT: {"script":"<script> [8489 bytes]","args":[{"element-6066-11e4-a52e-4f735466cecf":"f.350099D233706A5CE962F884DCED375A.d.507F319C1BD1BFD427237039353FAA40.e.3922","ELEMENT":"f.350099D233706A5CE962F884DCED375A.d.507F319C1BD1BFD427237039353FAA40.e.3922"}]}
COMMAND: POST /session/324496234919104d937ca92dc3ef2aab/execute/sync - {"script":"<script> [5351 bytes]","args":[{"element-6066-11e4-a52e-4f735466cecf":"f.350099D233706A5CE962F884DCED375A.d.507F319C1BD1BFD427237039353FAA40.e.3922","ELEMENT":"f.350099D233706A5CE962F884DCED375A.d.507F319C1BD1BFD427237039353FAA40.e.3922"}]}
COMMAND: GET /session/324496234919104d937ca92dc3ef2aab/screenshot - {}
RESULT: {}
RESULT: {"script":"<script> [5351 bytes]","args":[{"element-6066-11e4-a52e-4f735466cecf":"f.350099D233706A5CE962F884DCED375A.d.507F319C1BD1BFD427237039353FAA40.e.3922","ELEMENT":"f.350099D233706A5CE962F884DCED375A.d.507F319C1BD1BFD427237039353FAA40.e.3922"}]}
COMMAND: POST /session/324496234919104d937ca92dc3ef2aab/element/f.350099D233706A5CE962F884DCED375A.d.507F319C1BD1BFD427237039353FAA40.e.3922/click - {}
COMMAND: GET /session/324496234919104d937ca92dc3ef2aab/screenshot - {}
RESULT: {}
RESULT: {}
COMMAND: GET /session/324496234919104d937ca92dc3ef2aab/screenshot - {}
RESULT: {}
COMMAND: POST /session/324496234919104d937ca92dc3ef2aab/element - {"using":"xpath","value":"//span[contains(@id ,\"AddNewHO--typeSelect-arrow\")]"}
RESULT: {}
RESULT: {"using":"xpath","value":"//span[contains(@id ,\"AddNewHO--typeSelect-arrow\")]"}
COMMAND: POST /session/324496234919104d937ca92dc3ef2aab/element/f.350099D233706A5CE962F884DCED375A.d.507F319C1BD1BFD427237039353FAA40.e.4286/click - {}
RESULT: {}
COMMAND: GET /session/324496234919104d937ca92dc3ef2aab/screenshot - {}
RESULT: {}
COMMAND: POST /session/324496234919104d937ca92dc3ef2aab/element - {"using":"xpath","value":"(//li[contains(text(), \"stock increase yard\")])[1]"}
RESULT: {"using":"xpath","value":"(//li[contains(text(), \"stock increase yard\")])[1]"}
COMMAND: POST /session/324496234919104d937ca92dc3ef2aab/element/f.350099D233706A5CE962F884DCED375A.d.507F319C1BD1BFD427237039353FAA40.e.4287/click - {}
RESULT: {}
COMMAND: GET /session/324496234919104d937ca92dc3ef2aab/screenshot - {}
RESULT: {}
COMMAND: POST /session/324496234919104d937ca92dc3ef2aab/execute/async - {"script":"<script> [1562 bytes]","args":[{"selector":{"id":"application-managehandovers-display-component---AddNewHO--dueDate","interaction":{"idSuffix":"inner"}},"wdio_ui5_key":"applicationmanagehandovers-display-component---AddNewHO--dueDate"}]}
RESULT: {"script":"<script> [1562 bytes]","args":[{"selector":{"id":"application-managehandovers-display-component---AddNewHO--dueDate","interaction":{"idSuffix":"inner"}},"wdio_ui5_key":"applicationmanagehandovers-display-component---AddNewHO--dueDate"}]}
RESULT: undefined
COMMAND: POST /session/324496234919104d937ca92dc3ef2aab/execute/async - {"script":"<script> [6424 bytes]","args":[{"element-6066-11e4-a52e-4f735466cecf":"f.350099D233706A5CE962F884DCED375A.d.507F319C1BD1BFD427237039353FAA40.e.4289"},"setValue",["5/23/25"]]}
RESULT: {"script":"<script> [6424 bytes]","args":[{"element-6066-11e4-a52e-4f735466cecf":"f.350099D233706A5CE962F884DCED375A.d.507F319C1BD1BFD427237039353FAA40.e.4289"},"setValue",["5/23/25"]]}
COMMAND: POST /session/324496234919104d937ca92dc3ef2aab/element - {"using":"xpath","value":"//input[@id=\"generalSectionFrg--receiveYard-inner\"]"}
RESULT: {"using":"xpath","value":"//input[@id=\"generalSectionFrg--receiveYard-inner\"]"}
COMMAND: POST /session/324496234919104d937ca92dc3ef2aab/element/f.350099D233706A5CE962F884DCED375A.d.507F319C1BD1BFD427237039353FAA40.e.4295/clear - {}
RESULT: {}
COMMAND: POST /session/324496234919104d937ca92dc3ef2aab/element/f.350099D233706A5CE962F884DCED375A.d.507F319C1BD1BFD427237039353FAA40.e.4295/value - {"text":"230"}
COMMAND: GET /session/324496234919104d937ca92dc3ef2aab/screenshot - {}
RESULT: {"text":"230"}
COMMAND: GET /session/324496234919104d937ca92dc3ef2aab/screenshot - {}
RESULT: {}
RESULT: {}
COMMAND: POST /session/324496234919104d937ca92dc3ef2aab/element - {"using":"xpath","value":"//li[.//span[text()='230']]"}
RESULT: {"using":"xpath","value":"//li[.//span[text()='230']]"}
COMMAND: POST /session/324496234919104d937ca92dc3ef2aab/element/f.350099D233706A5CE962F884DCED375A.d.507F319C1BD1BFD427237039353FAA40.e.4313/click - {}
RESULT: {}
COMMAND: GET /session/324496234919104d937ca92dc3ef2aab/screenshot - {}
RESULT: {}
COMMAND: POST /session/324496234919104d937ca92dc3ef2aab/execute/async - {"script":"<script> [1562 bytes]","args":[{"selector":{"id":"application-managehandovers-display-component---AddNewHO--ObjectPageLayout-anchBar-application-managehandovers-display-component---AddNewHO--section4-anchor","interaction":{"idSuffix":"BDI-content"}},"wdio_ui5_key":"applicationmanagehandovers-display-component---AddNewHO--ObjectPageLayout-anchBar-application-managehandovers-display-component---AddNewHO--section4-anchor"}]}
RESULT: {"script":"<script> [1562 bytes]","args":[{"selector":{"id":"application-managehandovers-display-component---AddNewHO--ObjectPageLayout-anchBar-application-managehandovers-display-component---AddNewHO--section4-anchor","interaction":{"idSuffix":"BDI-content"}},"wdio_ui5_key":"applicationmanagehandovers-display-component---AddNewHO--ObjectPageLayout-anchBar-application-managehandovers-display-component---AddNewHO--section4-anchor"}]}
RESULT: undefined
COMMAND: POST /session/324496234919104d937ca92dc3ef2aab/element - {"using":"xpath","value":"//*[@id=\"application-managehandovers-display-component---AddNewHO--ObjectPageLayout-anchBar-application-managehandovers-display-component---AddNewHO--section4-anchor\"]"}
RESULT: {"using":"xpath","value":"//*[@id=\"application-managehandovers-display-component---AddNewHO--ObjectPageLayout-anchBar-application-managehandovers-display-component---AddNewHO--section4-anchor\"]"}
COMMAND: POST /session/324496234919104d937ca92dc3ef2aab/element/f.350099D233706A5CE962F884DCED375A.d.507F319C1BD1BFD427237039353FAA40.e.4315/click - {}
RESULT: {}
COMMAND: POST /session/324496234919104d937ca92dc3ef2aab/element - {"using":"xpath","value":"//button[@aria-label=\"Add\"]"}
COMMAND: GET /session/324496234919104d937ca92dc3ef2aab/screenshot - {}
RESULT: {"using":"xpath","value":"//button[@aria-label=\"Add\"]"}
COMMAND: POST /session/324496234919104d937ca92dc3ef2aab/element/f.350099D233706A5CE962F884DCED375A.d.507F319C1BD1BFD427237039353FAA40.e.4317/click - {}
RESULT: {}
RESULT: {}
COMMAND: GET /session/324496234919104d937ca92dc3ef2aab/screenshot - {}
RESULT: {}
COMMAND: POST /session/324496234919104d937ca92dc3ef2aab/execute/async - {"script":"<script> [1562 bytes]","args":[{"selector":{"id":"application-managehandovers-display-component---AddNewHO--smartFilterBar-btnBasicSearch","searchOpenDialogs":true,"interaction":{"idSuffix":"I"}},"wdio_ui5_key":"applicationmanagehandovers-display-component---AddNewHO--smartFilterBar-btnBasicSearch"}]}
RESULT: {"script":"<script> [1562 bytes]","args":[{"selector":{"id":"application-managehandovers-display-component---AddNewHO--smartFilterBar-btnBasicSearch","searchOpenDialogs":true,"interaction":{"idSuffix":"I"}},"wdio_ui5_key":"applicationmanagehandovers-display-component---AddNewHO--smartFilterBar-btnBasicSearch"}]}
RESULT: undefined
COMMAND: POST /session/324496234919104d937ca92dc3ef2aab/execute/async - {"script":"<script> [776 bytes]","args":[{"enterText":"xJSejrBU55","selector":{"id":"application-managehandovers-display-component---AddNewHO--smartFilterBar-btnBasicSearch","searchOpenDialogs":true,"interaction":{"idSuffix":"I"}},"clearTextFirst":true,"interactionType":"ENTER_TEXT"}]}
RESULT: {"script":"<script> [776 bytes]","args":[{"enterText":"xJSejrBU55","selector":{"id":"application-managehandovers-display-component---AddNewHO--smartFilterBar-btnBasicSearch","searchOpenDialogs":true,"interaction":{"idSuffix":"I"}},"clearTextFirst":true,"interactionType":"ENTER_TEXT"}]}
COMMAND: POST /session/324496234919104d937ca92dc3ef2aab/actions - {"actions":[{"id":"action18","type":"key","parameters":{},"actions":[{"type":"keyDown","value":""},{"type":"pause","duration":10},{"type":"keyUp","value":""}]}]}
RESULT: {"actions":[{"id":"action18","type":"key","parameters":{},"actions":[{"type":"keyDown","value":""},{"type":"pause","duration":10},{"type":"keyUp","value":""}]}]}
COMMAND: GET /session/324496234919104d937ca92dc3ef2aab/screenshot - {}
RESULT: {}
COMMAND: POST /session/324496234919104d937ca92dc3ef2aab/execute/async - {"script":"<script> [1562 bytes]","args":[{"selector":{"id":"application-managehandovers-display-component---AddNewHO--popup-sa","searchOpenDialogs":true,"interaction":{"idSuffix":"CbBg"}},"wdio_ui5_key":"applicationmanagehandovers-display-component---AddNewHO--popup-sa"}]}
RESULT: {"script":"<script> [1562 bytes]","args":[{"selector":{"id":"application-managehandovers-display-component---AddNewHO--popup-sa","searchOpenDialogs":true,"interaction":{"idSuffix":"CbBg"}},"wdio_ui5_key":"applicationmanagehandovers-display-component---AddNewHO--popup-sa"}]}
RESULT: undefined
COMMAND: POST /session/324496234919104d937ca92dc3ef2aab/element - {"using":"xpath","value":"//*[@id=\"application-managehandovers-display-component---AddNewHO--popup-sa\"]"}
RESULT: {"using":"xpath","value":"//*[@id=\"application-managehandovers-display-component---AddNewHO--popup-sa\"]"}
COMMAND: POST /session/324496234919104d937ca92dc3ef2aab/element/f.350099D233706A5CE962F884DCED375A.d.507F319C1BD1BFD427237039353FAA40.e.4471/click - {}
RESULT: {}
COMMAND: GET /session/324496234919104d937ca92dc3ef2aab/screenshot - {}
RESULT: {}
COMMAND: POST /session/324496234919104d937ca92dc3ef2aab/element - {"using":"xpath","value":"//bdi[contains(text(), \"Select\")]"}
RESULT: {"using":"xpath","value":"//bdi[contains(text(), \"Select\")]"}
COMMAND: POST /session/324496234919104d937ca92dc3ef2aab/element/f.350099D233706A5CE962F884DCED375A.d.507F319C1BD1BFD427237039353FAA40.e.4472/click - {}
RESULT: {}
COMMAND: GET /session/324496234919104d937ca92dc3ef2aab/screenshot - {}
RESULT: {}
COMMAND: POST /session/324496234919104d937ca92dc3ef2aab/element - {"using":"xpath","value":"//button[@data-kt=\"AddNewHOSaveButton\"]"}
RESULT: {"using":"xpath","value":"//button[@data-kt=\"AddNewHOSaveButton\"]"}
COMMAND: POST /session/324496234919104d937ca92dc3ef2aab/element/f.350099D233706A5CE962F884DCED375A.d.507F319C1BD1BFD427237039353FAA40.e.4476/click - {}
RESULT: {}
COMMAND: GET /session/324496234919104d937ca92dc3ef2aab/screenshot - {}
RESULT: {}
COMMAND: POST /session/324496234919104d937ca92dc3ef2aab/execute/async - {"script":"<script> [1562 bytes]","args":[{"selector":{"id":"receiptDatePicker","viewName":"etm.portal.ui.managehandovers.view.DetailExecuteHO","interaction":{"idSuffix":"inner"}},"wdio_ui5_key":"receiptDatePickeretmportal.ui.managehandovers.view.DetailExecuteHO"}]}
RESULT: {"script":"<script> [1562 bytes]","args":[{"selector":{"id":"receiptDatePicker","viewName":"etm.portal.ui.managehandovers.view.DetailExecuteHO","interaction":{"idSuffix":"inner"}},"wdio_ui5_key":"receiptDatePickeretmportal.ui.managehandovers.view.DetailExecuteHO"}]}
RESULT: undefined
COMMAND: POST /session/324496234919104d937ca92dc3ef2aab/execute/async - {"script":"<script> [6424 bytes]","args":[{"element-6066-11e4-a52e-4f735466cecf":"f.350099D233706A5CE962F884DCED375A.d.507F319C1BD1BFD427237039353FAA40.e.4506"},"setValue",["5/23/25"]]}
RESULT: {"script":"<script> [6424 bytes]","args":[{"element-6066-11e4-a52e-4f735466cecf":"f.350099D233706A5CE962F884DCED375A.d.507F319C1BD1BFD427237039353FAA40.e.4506"},"setValue",["5/23/25"]]}
COMMAND: POST /session/324496234919104d937ca92dc3ef2aab/element - {"using":"xpath","value":"//button[@data-kt=\"ReceivingTableConfirmAllButton\"]"}
RESULT: {"using":"xpath","value":"//button[@data-kt=\"ReceivingTableConfirmAllButton\"]"}
COMMAND: POST /session/324496234919104d937ca92dc3ef2aab/element/f.350099D233706A5CE962F884DCED375A.d.507F319C1BD1BFD427237039353FAA40.e.4522/click - {}
RESULT: {}
COMMAND: GET /session/324496234919104d937ca92dc3ef2aab/screenshot - {}
RESULT: {}
COMMAND: POST /session/324496234919104d937ca92dc3ef2aab/element - {"using":"xpath","value":"//bdi[contains(text(), \"OK\")]"}
RESULT: {"using":"xpath","value":"//bdi[contains(text(), \"OK\")]"}
COMMAND: POST /session/324496234919104d937ca92dc3ef2aab/element/f.350099D233706A5CE962F884DCED375A.d.507F319C1BD1BFD427237039353FAA40.e.4524/click - {}
RESULT: {}
COMMAND: GET /session/324496234919104d937ca92dc3ef2aab/screenshot - {}
RESULT: {}
COMMAND: POST /session/324496234919104d937ca92dc3ef2aab/element - {"using":"xpath","value":"(//bdi[contains(text(), \"Receive\")])[2]"}
RESULT: {"using":"xpath","value":"(//bdi[contains(text(), \"Receive\")])[2]"}
COMMAND: POST /session/324496234919104d937ca92dc3ef2aab/element/f.350099D233706A5CE962F884DCED375A.d.507F319C1BD1BFD427237039353FAA40.e.4526/click - {}
RESULT: {}
COMMAND: GET /session/324496234919104d937ca92dc3ef2aab/screenshot - {}
RESULT: {}
COMMAND: POST /session/324496234919104d937ca92dc3ef2aab/element - {"using":"css selector","value":"#shell-header-logo"}
RESULT: {"using":"css selector","value":"#shell-header-logo"}
COMMAND: POST /session/324496234919104d937ca92dc3ef2aab/element/f.350099D233706A5CE962F884DCED375A.d.507F319C1BD1BFD427237039353FAA40.e.3894/click - {}
RESULT: {}
COMMAND: GET /session/324496234919104d937ca92dc3ef2aab/screenshot - {}
RESULT: {}
]]></system-out>
    </testcase>
    <testcase classname="chrome.136_0_7103_93.windows.Billing_confirm_US117289" name="Should create a new contract" time="73.522">
      <system-out><![CDATA[
COMMAND: POST /session/324496234919104d937ca92dc3ef2aab/execute/async - {"script":"<script> [1562 bytes]","args":[{"selector":{"controlType":"sap.m.GenericTile","properties":{"header":"Manage Contracts"}},"wdio_ui5_key":"sapm.GenericTile{\"header\":\"Manage Contracts\"}"}]}
RESULT: {"script":"<script> [1562 bytes]","args":[{"selector":{"controlType":"sap.m.GenericTile","properties":{"header":"Manage Contracts"}},"wdio_ui5_key":"sapm.GenericTile{\"header\":\"Manage Contracts\"}"}]}
RESULT: undefined
COMMAND: POST /session/324496234919104d937ca92dc3ef2aab/element - {"using":"xpath","value":"//*[@id=\"__tile130\"]"}
RESULT: {"using":"xpath","value":"//*[@id=\"__tile130\"]"}
COMMAND: POST /session/324496234919104d937ca92dc3ef2aab/element/f.350099D233706A5CE962F884DCED375A.d.507F319C1BD1BFD427237039353FAA40.e.4700/click - {}
RESULT: {}
COMMAND: GET /session/324496234919104d937ca92dc3ef2aab/screenshot - {}
RESULT: {}
COMMAND: POST /session/324496234919104d937ca92dc3ef2aab/elements - {"using":"xpath","value":"//span[text()='Error']"}
RESULT: {"using":"xpath","value":"//span[text()='Error']"}
COMMAND: POST /session/324496234919104d937ca92dc3ef2aab/element - {"using":"xpath","value":"//button[@data-kt=\"addButton\"]"}
RESULT: {"using":"xpath","value":"//button[@data-kt=\"addButton\"]"}
COMMAND: POST /session/324496234919104d937ca92dc3ef2aab/elements - {"using":"xpath","value":"//button[@data-kt=\"addButton\"]"}
RESULT: {"using":"xpath","value":"//button[@data-kt=\"addButton\"]"}
COMMAND: POST /session/324496234919104d937ca92dc3ef2aab/execute/sync - {"script":"<script> [8489 bytes]","args":[{"element-6066-11e4-a52e-4f735466cecf":"f.350099D233706A5CE962F884DCED375A.d.507F319C1BD1BFD427237039353FAA40.e.4748","ELEMENT":"f.350099D233706A5CE962F884DCED375A.d.507F319C1BD1BFD427237039353FAA40.e.4748"}]}
RESULT: {"script":"<script> [8489 bytes]","args":[{"element-6066-11e4-a52e-4f735466cecf":"f.350099D233706A5CE962F884DCED375A.d.507F319C1BD1BFD427237039353FAA40.e.4748","ELEMENT":"f.350099D233706A5CE962F884DCED375A.d.507F319C1BD1BFD427237039353FAA40.e.4748"}]}
COMMAND: GET /session/324496234919104d937ca92dc3ef2aab/element/f.350099D233706A5CE962F884DCED375A.d.507F319C1BD1BFD427237039353FAA40.e.4748/enabled - {}
COMMAND: GET /session/324496234919104d937ca92dc3ef2aab/screenshot - {}
RESULT: {}
COMMAND: POST /session/324496234919104d937ca92dc3ef2aab/execute/sync - {"script":"<script> [8489 bytes]","args":[{"element-6066-11e4-a52e-4f735466cecf":"f.350099D233706A5CE962F884DCED375A.d.507F319C1BD1BFD427237039353FAA40.e.4748","ELEMENT":"f.350099D233706A5CE962F884DCED375A.d.507F319C1BD1BFD427237039353FAA40.e.4748"}]}
COMMAND: GET /session/324496234919104d937ca92dc3ef2aab/screenshot - {}
RESULT: {}
RESULT: {"script":"<script> [8489 bytes]","args":[{"element-6066-11e4-a52e-4f735466cecf":"f.350099D233706A5CE962F884DCED375A.d.507F319C1BD1BFD427237039353FAA40.e.4748","ELEMENT":"f.350099D233706A5CE962F884DCED375A.d.507F319C1BD1BFD427237039353FAA40.e.4748"}]}
COMMAND: POST /session/324496234919104d937ca92dc3ef2aab/execute/sync - {"script":"<script> [5351 bytes]","args":[{"element-6066-11e4-a52e-4f735466cecf":"f.350099D233706A5CE962F884DCED375A.d.507F319C1BD1BFD427237039353FAA40.e.4748","ELEMENT":"f.350099D233706A5CE962F884DCED375A.d.507F319C1BD1BFD427237039353FAA40.e.4748"}]}
COMMAND: GET /session/324496234919104d937ca92dc3ef2aab/screenshot - {}
RESULT: {}
RESULT: {"script":"<script> [5351 bytes]","args":[{"element-6066-11e4-a52e-4f735466cecf":"f.350099D233706A5CE962F884DCED375A.d.507F319C1BD1BFD427237039353FAA40.e.4748","ELEMENT":"f.350099D233706A5CE962F884DCED375A.d.507F319C1BD1BFD427237039353FAA40.e.4748"}]}
COMMAND: GET /session/324496234919104d937ca92dc3ef2aab/screenshot - {}
RESULT: {}
RESULT: {}
COMMAND: POST /session/324496234919104d937ca92dc3ef2aab/element/f.350099D233706A5CE962F884DCED375A.d.507F319C1BD1BFD427237039353FAA40.e.4748/click - {}
RESULT: {}
COMMAND: GET /session/324496234919104d937ca92dc3ef2aab/screenshot - {}
RESULT: {}
COMMAND: POST /session/324496234919104d937ca92dc3ef2aab/execute/async - {"script":"<script> [1562 bytes]","args":[{"selector":{"id":"application-managecontracts-display-component---AddNewContract--projectDescription","interaction":{"idSuffix":"inner"}},"wdio_ui5_key":"applicationmanagecontracts-display-component---AddNewContract--projectDescription"}]}
RESULT: {"script":"<script> [1562 bytes]","args":[{"selector":{"id":"application-managecontracts-display-component---AddNewContract--projectDescription","interaction":{"idSuffix":"inner"}},"wdio_ui5_key":"applicationmanagecontracts-display-component---AddNewContract--projectDescription"}]}
RESULT: undefined
COMMAND: POST /session/324496234919104d937ca92dc3ef2aab/execute/async - {"script":"<script> [776 bytes]","args":[{"enterText":"Contract WDIO","selector":{"id":"application-managecontracts-display-component---AddNewContract--projectDescription","interaction":{"idSuffix":"inner"}},"clearTextFirst":true,"interactionType":"ENTER_TEXT"}]}
RESULT: {"script":"<script> [776 bytes]","args":[{"enterText":"Contract WDIO","selector":{"id":"application-managecontracts-display-component---AddNewContract--projectDescription","interaction":{"idSuffix":"inner"}},"clearTextFirst":true,"interactionType":"ENTER_TEXT"}]}
COMMAND: POST /session/324496234919104d937ca92dc3ef2aab/element - {"using":"xpath","value":"//input[@id=\"application-managecontracts-display-component---AddNewContract--site-inner\"]"}
RESULT: {"using":"xpath","value":"//input[@id=\"application-managecontracts-display-component---AddNewContract--site-inner\"]"}
COMMAND: POST /session/324496234919104d937ca92dc3ef2aab/element/f.350099D233706A5CE962F884DCED375A.d.507F319C1BD1BFD427237039353FAA40.e.5069/clear - {}
RESULT: {}
COMMAND: POST /session/324496234919104d937ca92dc3ef2aab/element/f.350099D233706A5CE962F884DCED375A.d.507F319C1BD1BFD427237039353FAA40.e.5069/value - {"text":"2080"}
COMMAND: GET /session/324496234919104d937ca92dc3ef2aab/screenshot - {}
RESULT: {"text":"2080"}
COMMAND: GET /session/324496234919104d937ca92dc3ef2aab/screenshot - {}
RESULT: {}
RESULT: {}
COMMAND: POST /session/324496234919104d937ca92dc3ef2aab/element - {"using":"xpath","value":"//li[.//span[text()='2080']]"}
RESULT: {"using":"xpath","value":"//li[.//span[text()='2080']]"}
COMMAND: POST /session/324496234919104d937ca92dc3ef2aab/element/f.350099D233706A5CE962F884DCED375A.d.507F319C1BD1BFD427237039353FAA40.e.5152/click - {}
RESULT: {}
COMMAND: GET /session/324496234919104d937ca92dc3ef2aab/screenshot - {}
RESULT: {}
COMMAND: POST /session/324496234919104d937ca92dc3ef2aab/element - {"using":"xpath","value":"//input[@id=\"application-managecontracts-display-component---AddNewContract--yardId-inner\"]"}
RESULT: {"using":"xpath","value":"//input[@id=\"application-managecontracts-display-component---AddNewContract--yardId-inner\"]"}
COMMAND: GET /session/324496234919104d937ca92dc3ef2aab/element/f.350099D233706A5CE962F884DCED375A.d.507F319C1BD1BFD427237039353FAA40.e.5070/property/value - {}
RESULT: {}
COMMAND: POST /session/324496234919104d937ca92dc3ef2aab/element - {"using":"xpath","value":"//input[@id=\"application-managecontracts-display-component---AddNewContract--customerSelect-inner\"]"}
COMMAND: GET /session/324496234919104d937ca92dc3ef2aab/screenshot - {}
RESULT: {"using":"xpath","value":"//input[@id=\"application-managecontracts-display-component---AddNewContract--customerSelect-inner\"]"}
COMMAND: POST /session/324496234919104d937ca92dc3ef2aab/element/f.350099D233706A5CE962F884DCED375A.d.507F319C1BD1BFD427237039353FAA40.e.5068/clear - {}
RESULT: {}
RESULT: {}
COMMAND: POST /session/324496234919104d937ca92dc3ef2aab/element/f.350099D233706A5CE962F884DCED375A.d.507F319C1BD1BFD427237039353FAA40.e.5068/value - {"text":"1080"}
COMMAND: GET /session/324496234919104d937ca92dc3ef2aab/screenshot - {}
RESULT: {"text":"1080"}
COMMAND: GET /session/324496234919104d937ca92dc3ef2aab/screenshot - {}
RESULT: {}
RESULT: {}
COMMAND: POST /session/324496234919104d937ca92dc3ef2aab/element - {"using":"xpath","value":"//li[.//span[text()='1080']]"}
RESULT: {"using":"xpath","value":"//li[.//span[text()='1080']]"}
COMMAND: POST /session/324496234919104d937ca92dc3ef2aab/element/f.350099D233706A5CE962F884DCED375A.d.507F319C1BD1BFD427237039353FAA40.e.5155/click - {}
RESULT: {}
COMMAND: GET /session/324496234919104d937ca92dc3ef2aab/screenshot - {}
COMMAND: POST /session/324496234919104d937ca92dc3ef2aab/element - {"using":"xpath","value":"//button[@data-kt=\"saveButton\"]"}
RESULT: {}
RESULT: {"using":"xpath","value":"//button[@data-kt=\"saveButton\"]"}
COMMAND: POST /session/324496234919104d937ca92dc3ef2aab/element/f.350099D233706A5CE962F884DCED375A.d.507F319C1BD1BFD427237039353FAA40.e.5145/click - {}
RESULT: {}
COMMAND: GET /session/324496234919104d937ca92dc3ef2aab/screenshot - {}
RESULT: {}
COMMAND: POST /session/324496234919104d937ca92dc3ef2aab/element - {"using":"xpath","value":"//span[contains(@id ,\"contractDetailTitleNoExpanded\")]"}
RESULT: {"using":"xpath","value":"//span[contains(@id ,\"contractDetailTitleNoExpanded\")]"}
COMMAND: POST /session/324496234919104d937ca92dc3ef2aab/elements - {"using":"xpath","value":"//span[contains(@id ,\"contractDetailTitleNoExpanded\")]"}
RESULT: {"using":"xpath","value":"//span[contains(@id ,\"contractDetailTitleNoExpanded\")]"}
COMMAND: POST /session/324496234919104d937ca92dc3ef2aab/execute/sync - {"script":"<script> [56 bytes]","args":[{"element-6066-11e4-a52e-4f735466cecf":"f.350099D233706A5CE962F884DCED375A.d.507F319C1BD1BFD427237039353FAA40.e.5165","ELEMENT":"f.350099D233706A5CE962F884DCED375A.d.507F319C1BD1BFD427237039353FAA40.e.5165"}]}
RESULT: {"script":"<script> [56 bytes]","args":[{"element-6066-11e4-a52e-4f735466cecf":"f.350099D233706A5CE962F884DCED375A.d.507F319C1BD1BFD427237039353FAA40.e.5165","ELEMENT":"f.350099D233706A5CE962F884DCED375A.d.507F319C1BD1BFD427237039353FAA40.e.5165"}]}
COMMAND: GET /session/324496234919104d937ca92dc3ef2aab/screenshot - {}
RESULT: {}
]]></system-out>
    </testcase>
    <testcase classname="chrome.136_0_7103_93.windows.Billing_confirm_US117289" name="Should add created equipment to contract" time="46.288">
      <system-out><![CDATA[
COMMAND: POST /session/324496234919104d937ca92dc3ef2aab/element - {"using":"xpath","value":"//button[@data-kt=\"contractDetailEditBtnButton\"]"}
RESULT: {"using":"xpath","value":"//button[@data-kt=\"contractDetailEditBtnButton\"]"}
COMMAND: POST /session/324496234919104d937ca92dc3ef2aab/element/f.350099D233706A5CE962F884DCED375A.d.507F319C1BD1BFD427237039353FAA40.e.5166/click - {}
RESULT: {}
COMMAND: GET /session/324496234919104d937ca92dc3ef2aab/screenshot - {}
RESULT: {}
COMMAND: POST /session/324496234919104d937ca92dc3ef2aab/element - {"using":"xpath","value":"(//span[contains(text(), \"Additional Addresses\")])[2]"}
RESULT: {"using":"xpath","value":"(//span[contains(text(), \"Additional Addresses\")])[2]"}
COMMAND: POST /session/324496234919104d937ca92dc3ef2aab/element/f.350099D233706A5CE962F884DCED375A.d.507F319C1BD1BFD427237039353FAA40.e.5221/click - {}
RESULT: {}
COMMAND: GET /session/324496234919104d937ca92dc3ef2aab/screenshot - {}
RESULT: {}
COMMAND: POST /session/324496234919104d937ca92dc3ef2aab/element - {"using":"xpath","value":"//button[@data-kt=\"btnAddTableRowOverflowToolbarButton\"]"}
RESULT: {"using":"xpath","value":"//button[@data-kt=\"btnAddTableRowOverflowToolbarButton\"]"}
COMMAND: POST /session/324496234919104d937ca92dc3ef2aab/element/f.350099D233706A5CE962F884DCED375A.d.507F319C1BD1BFD427237039353FAA40.e.5225/click - {}
RESULT: {}
COMMAND: GET /session/324496234919104d937ca92dc3ef2aab/screenshot - {}
RESULT: {}
COMMAND: POST /session/324496234919104d937ca92dc3ef2aab/element - {"using":"xpath","value":"//div[(text() = 'Standard Entry' or . = 'Standard Entry')]"}
RESULT: {"using":"xpath","value":"//div[(text() = 'Standard Entry' or . = 'Standard Entry')]"}
COMMAND: POST /session/324496234919104d937ca92dc3ef2aab/element/f.350099D233706A5CE962F884DCED375A.d.507F319C1BD1BFD427237039353FAA40.e.5227/click - {}
RESULT: {}
COMMAND: GET /session/324496234919104d937ca92dc3ef2aab/screenshot - {}
RESULT: {}
COMMAND: POST /session/324496234919104d937ca92dc3ef2aab/element - {"using":"xpath","value":"//td[7]/div/div/input"}
RESULT: {"using":"xpath","value":"//td[7]/div/div/input"}
COMMAND: POST /session/324496234919104d937ca92dc3ef2aab/element/f.350099D233706A5CE962F884DCED375A.d.507F319C1BD1BFD427237039353FAA40.e.5236/clear - {}
RESULT: {}
COMMAND: POST /session/324496234919104d937ca92dc3ef2aab/element/f.350099D233706A5CE962F884DCED375A.d.507F319C1BD1BFD427237039353FAA40.e.5236/value - {"text":"xJSejrBU55"}
COMMAND: GET /session/324496234919104d937ca92dc3ef2aab/screenshot - {}
RESULT: {"text":"xJSejrBU55"}
COMMAND: GET /session/324496234919104d937ca92dc3ef2aab/screenshot - {}
RESULT: {}
RESULT: {}
COMMAND: POST /session/324496234919104d937ca92dc3ef2aab/actions - {"actions":[{"id":"action19","type":"key","parameters":{},"actions":[{"type":"keyDown","value":""},{"type":"pause","duration":10},{"type":"keyUp","value":""}]}]}
RESULT: {"actions":[{"id":"action19","type":"key","parameters":{},"actions":[{"type":"keyDown","value":""},{"type":"pause","duration":10},{"type":"keyUp","value":""}]}]}
COMMAND: GET /session/324496234919104d937ca92dc3ef2aab/screenshot - {}
RESULT: {}
COMMAND: POST /session/324496234919104d937ca92dc3ef2aab/execute/sync - {"script":"<script> [276 bytes]","args":["No pricing information was found"]}
RESULT: {"script":"<script> [276 bytes]","args":["No pricing information was found"]}
COMMAND: POST /session/324496234919104d937ca92dc3ef2aab/element - {"using":"xpath","value":"(//button[@data-kt=\"saveButton\"])[2]"}
COMMAND: GET /session/324496234919104d937ca92dc3ef2aab/screenshot - {}
RESULT: {"using":"xpath","value":"(//button[@data-kt=\"saveButton\"])[2]"}
COMMAND: POST /session/324496234919104d937ca92dc3ef2aab/element/f.350099D233706A5CE962F884DCED375A.d.507F319C1BD1BFD427237039353FAA40.e.5251/click - {}
RESULT: {}
RESULT: {}
COMMAND: GET /session/324496234919104d937ca92dc3ef2aab/screenshot - {}
RESULT: {}
COMMAND: POST /session/324496234919104d937ca92dc3ef2aab/execute/sync - {"script":"<script> [276 bytes]","args":["Some contract items are having rental validity exceeding header rental validity"]}
RESULT: {"script":"<script> [276 bytes]","args":["Some contract items are having rental validity exceeding header rental validity"]}
COMMAND: GET /session/324496234919104d937ca92dc3ef2aab/screenshot - {}
RESULT: {}
COMMAND: POST /session/324496234919104d937ca92dc3ef2aab/element - {"using":"xpath","value":"//span[contains(@id ,\"contractItemsSmartTable-header-inner\")]"}
RESULT: {"using":"xpath","value":"//span[contains(@id ,\"contractItemsSmartTable-header-inner\")]"}
COMMAND: POST /session/324496234919104d937ca92dc3ef2aab/elements - {"using":"xpath","value":"//span[contains(@id ,\"contractItemsSmartTable-header-inner\")]"}
RESULT: {"using":"xpath","value":"//span[contains(@id ,\"contractItemsSmartTable-header-inner\")]"}
COMMAND: POST /session/324496234919104d937ca92dc3ef2aab/execute/sync - {"script":"<script> [56 bytes]","args":[{"element-6066-11e4-a52e-4f735466cecf":"f.350099D233706A5CE962F884DCED375A.d.507F319C1BD1BFD427237039353FAA40.e.5257","ELEMENT":"f.350099D233706A5CE962F884DCED375A.d.507F319C1BD1BFD427237039353FAA40.e.5257"}]}
RESULT: {"script":"<script> [56 bytes]","args":[{"element-6066-11e4-a52e-4f735466cecf":"f.350099D233706A5CE962F884DCED375A.d.507F319C1BD1BFD427237039353FAA40.e.5257","ELEMENT":"f.350099D233706A5CE962F884DCED375A.d.507F319C1BD1BFD427237039353FAA40.e.5257"}]}
COMMAND: GET /session/324496234919104d937ca92dc3ef2aab/screenshot - {}
]]></system-out>
    </testcase>
    <testcase classname="chrome.136_0_7103_93.windows.Billing_confirm_US117289" name="Should do a provide to site handover" time="70.083">
      <system-out><![CDATA[
COMMAND: POST /session/324496234919104d937ca92dc3ef2aab/element - {"using":"xpath","value":"//button[@data-kt=\"provideButton\"]"}
RESULT: {"using":"xpath","value":"//button[@data-kt=\"provideButton\"]"}
COMMAND: POST /session/324496234919104d937ca92dc3ef2aab/element/f.350099D233706A5CE962F884DCED375A.d.507F319C1BD1BFD427237039353FAA40.e.5258/click - {}
RESULT: {}
RESULT: {}
COMMAND: GET /session/324496234919104d937ca92dc3ef2aab/screenshot - {}
RESULT: undefined
COMMAND: POST /session/324496234919104d937ca92dc3ef2aab/execute/async - {"script":"<script> [6424 bytes]","args":[{"element-6066-11e4-a52e-4f735466cecf":"f.350099D233706A5CE962F884DCED375A.d.507F319C1BD1BFD427237039353FAA40.e.4289"},"setValue",["5/23/25"]]}
RESULT: {}
COMMAND: POST /session/324496234919104d937ca92dc3ef2aab/execute/async - {"script":"<script> [1562 bytes]","args":[{"selector":{"id":"application-managehandovers-display-component---AddNewHO--dueDate","interaction":{"idSuffix":"inner"}},"wdio_ui5_key":"applicationmanagehandovers-display-component---AddNewHO--dueDate"}]}
RESULT: {"script":"<script> [1562 bytes]","args":[{"selector":{"id":"application-managehandovers-display-component---AddNewHO--dueDate","interaction":{"idSuffix":"inner"}},"wdio_ui5_key":"applicationmanagehandovers-display-component---AddNewHO--dueDate"}]}
COMMAND: POST /session/324496234919104d937ca92dc3ef2aab/execute/async - {"script":"<script> [6424 bytes]","args":[{"element-6066-11e4-a52e-4f735466cecf":"f.350099D233706A5CE962F884DCED375A.d.507F319C1BD1BFD427237039353FAA40.e.5334"},"setValue",["5/23/25"]]}
RESULT: {"script":"<script> [6424 bytes]","args":[{"element-6066-11e4-a52e-4f735466cecf":"f.350099D233706A5CE962F884DCED375A.d.507F319C1BD1BFD427237039353FAA40.e.5334"},"setValue",["5/23/25"]]}
COMMAND: POST /session/324496234919104d937ca92dc3ef2aab/element - {"using":"xpath","value":"//bdi[contains(text(), \"Instructions\")]"}
RESULT: {"using":"xpath","value":"//bdi[contains(text(), \"Instructions\")]"}
COMMAND: POST /session/324496234919104d937ca92dc3ef2aab/element/f.350099D233706A5CE962F884DCED375A.d.507F319C1BD1BFD427237039353FAA40.e.5595/click - {}
RESULT: {}
COMMAND: GET /session/324496234919104d937ca92dc3ef2aab/screenshot - {}
RESULT: {}
COMMAND: POST /session/324496234919104d937ca92dc3ef2aab/element - {"using":"xpath","value":"//button[@data-kt=\"AddNewHOProvideAddItemsButton\"]"}
RESULT: {"using":"xpath","value":"//button[@data-kt=\"AddNewHOProvideAddItemsButton\"]"}
COMMAND: POST /session/324496234919104d937ca92dc3ef2aab/element/f.350099D233706A5CE962F884DCED375A.d.507F319C1BD1BFD427237039353FAA40.e.5599/click - {}
RESULT: {}
COMMAND: GET /session/324496234919104d937ca92dc3ef2aab/screenshot - {}
RESULT: {}
RESULT: undefined
COMMAND: POST /session/324496234919104d937ca92dc3ef2aab/element - {"using":"xpath","value":"//*[@id=\"application-managehandovers-display-component---AddNewHO--popup-sa\"]"}
RESULT: {"using":"xpath","value":"//*[@id=\"application-managehandovers-display-component---AddNewHO--popup-sa\"]"}
COMMAND: POST /session/324496234919104d937ca92dc3ef2aab/element/f.350099D233706A5CE962F884DCED375A.d.507F319C1BD1BFD427237039353FAA40.e.5615/click - {}
RESULT: {}
COMMAND: GET /session/324496234919104d937ca92dc3ef2aab/screenshot - {}
RESULT: {}
COMMAND: POST /session/324496234919104d937ca92dc3ef2aab/element - {"using":"xpath","value":"//*[contains(@id ,\"BDI-content\")][contains(text(), \"Select\")]"}
RESULT: {"using":"xpath","value":"//*[contains(@id ,\"BDI-content\")][contains(text(), \"Select\")]"}
COMMAND: POST /session/324496234919104d937ca92dc3ef2aab/element/f.350099D233706A5CE962F884DCED375A.d.507F319C1BD1BFD427237039353FAA40.e.5617/click - {}
RESULT: {}
COMMAND: GET /session/324496234919104d937ca92dc3ef2aab/screenshot - {}
RESULT: {}
COMMAND: POST /session/324496234919104d937ca92dc3ef2aab/execute/async - {"script":"<script> [1562 bytes]","args":[{"selector":{"id":"application-managehandovers-display-component---AddNewHO--confirmCreationButton","interaction":{"idSuffix":"BDI-content"}},"wdio_ui5_key":"applicationmanagehandovers-display-component---AddNewHO--confirmCreationButton"}]}
RESULT: {"script":"<script> [1562 bytes]","args":[{"selector":{"id":"application-managehandovers-display-component---AddNewHO--confirmCreationButton","interaction":{"idSuffix":"BDI-content"}},"wdio_ui5_key":"applicationmanagehandovers-display-component---AddNewHO--confirmCreationButton"}]}
RESULT: undefined
COMMAND: POST /session/324496234919104d937ca92dc3ef2aab/element - {"using":"xpath","value":"//*[@id=\"application-managehandovers-display-component---AddNewHO--confirmCreationButton\"]"}
RESULT: {"using":"xpath","value":"//*[@id=\"application-managehandovers-display-component---AddNewHO--confirmCreationButton\"]"}
COMMAND: POST /session/324496234919104d937ca92dc3ef2aab/element/f.350099D233706A5CE962F884DCED375A.d.507F319C1BD1BFD427237039353FAA40.e.5381/click - {}
RESULT: {}
COMMAND: GET /session/324496234919104d937ca92dc3ef2aab/screenshot - {}
RESULT: {}
COMMAND: POST /session/324496234919104d937ca92dc3ef2aab/execute/async - {"script":"<script> [1562 bytes]","args":[{"selector":{"id":"issueDatePicker","viewName":"etm.portal.ui.managehandovers.view.DetailExecuteHO","interaction":{"idSuffix":"inner"}},"wdio_ui5_key":"issueDatePickeretmportal.ui.managehandovers.view.DetailExecuteHO"}]}
RESULT: {"script":"<script> [1562 bytes]","args":[{"selector":{"id":"issueDatePicker","viewName":"etm.portal.ui.managehandovers.view.DetailExecuteHO","interaction":{"idSuffix":"inner"}},"wdio_ui5_key":"issueDatePickeretmportal.ui.managehandovers.view.DetailExecuteHO"}]}
RESULT: undefined
COMMAND: POST /session/324496234919104d937ca92dc3ef2aab/execute/async - {"script":"<script> [776 bytes]","args":[{"enterText":"5/23/25","selector":{"id":"issueDatePicker","viewName":"etm.portal.ui.managehandovers.view.DetailExecuteHO","interaction":{"idSuffix":"inner"}},"clearTextFirst":true,"interactionType":"ENTER_TEXT"}]}
RESULT: {"script":"<script> [776 bytes]","args":[{"enterText":"5/23/25","selector":{"id":"issueDatePicker","viewName":"etm.portal.ui.managehandovers.view.DetailExecuteHO","interaction":{"idSuffix":"inner"}},"clearTextFirst":true,"interactionType":"ENTER_TEXT"}]}
COMMAND: POST /session/324496234919104d937ca92dc3ef2aab/element - {"using":"xpath","value":"//button[@data-kt=\"PickingTableConfirmAllButton\"]"}
RESULT: {"using":"xpath","value":"//button[@data-kt=\"PickingTableConfirmAllButton\"]"}
COMMAND: POST /session/324496234919104d937ca92dc3ef2aab/element/f.350099D233706A5CE962F884DCED375A.d.507F319C1BD1BFD427237039353FAA40.e.5679/click - {}
RESULT: {}
COMMAND: GET /session/324496234919104d937ca92dc3ef2aab/screenshot - {}
RESULT: {}
COMMAND: POST /session/324496234919104d937ca92dc3ef2aab/element - {"using":"xpath","value":"//bdi[contains(text(), \"OK\")]"}
RESULT: {"using":"xpath","value":"//bdi[contains(text(), \"OK\")]"}
COMMAND: POST /session/324496234919104d937ca92dc3ef2aab/element/f.350099D233706A5CE962F884DCED375A.d.507F319C1BD1BFD427237039353FAA40.e.5682/click - {}
RESULT: {}
COMMAND: GET /session/324496234919104d937ca92dc3ef2aab/screenshot - {}
RESULT: {}
COMMAND: POST /session/324496234919104d937ca92dc3ef2aab/element - {"using":"xpath","value":"//bdi[contains(text(), \"Issue\")]"}
RESULT: {"using":"xpath","value":"//bdi[contains(text(), \"Issue\")]"}
COMMAND: POST /session/324496234919104d937ca92dc3ef2aab/element/f.350099D233706A5CE962F884DCED375A.d.507F319C1BD1BFD427237039353FAA40.e.5684/click - {}
RESULT: {}
COMMAND: GET /session/324496234919104d937ca92dc3ef2aab/screenshot - {}
RESULT: {}
COMMAND: POST /session/324496234919104d937ca92dc3ef2aab/element - {"using":"css selector","value":"#shell-header-logo"}
RESULT: {"using":"css selector","value":"#shell-header-logo"}
COMMAND: POST /session/324496234919104d937ca92dc3ef2aab/element/f.350099D233706A5CE962F884DCED375A.d.507F319C1BD1BFD427237039353FAA40.e.4702/click - {}
RESULT: {}
COMMAND: GET /session/324496234919104d937ca92dc3ef2aab/screenshot - {}
RESULT: {}
]]></system-out>
    </testcase>
    <testcase classname="chrome.136_0_7103_93.windows.Billing_confirm_US117289" name="Should trigger calculation" time="81.225">
      <system-out><![CDATA[
COMMAND: POST /session/324496234919104d937ca92dc3ef2aab/execute/async - {"script":"<script> [1562 bytes]","args":[{"selector":{"controlType":"sap.m.GenericTile","properties":{"header":"Manage Billings"}},"wdio_ui5_key":"sapm.GenericTile{\"header\":\"Manage Billings\"}"}]}
RESULT: {"script":"<script> [1562 bytes]","args":[{"selector":{"controlType":"sap.m.GenericTile","properties":{"header":"Manage Billings"}},"wdio_ui5_key":"sapm.GenericTile{\"header\":\"Manage Billings\"}"}]}
RESULT: undefined
COMMAND: POST /session/324496234919104d937ca92dc3ef2aab/element - {"using":"xpath","value":"//*[@id=\"__tile91\"]"}
RESULT: {"using":"xpath","value":"//*[@id=\"__tile91\"]"}
COMMAND: POST /session/324496234919104d937ca92dc3ef2aab/element/f.350099D233706A5CE962F884DCED375A.d.507F319C1BD1BFD427237039353FAA40.e.2677/click - {}
RESULT: {}
COMMAND: GET /session/324496234919104d937ca92dc3ef2aab/screenshot - {}
RESULT: {}
COMMAND: POST /session/324496234919104d937ca92dc3ef2aab/elements - {"using":"xpath","value":"//span[text()='Error']"}
RESULT: {"using":"xpath","value":"//span[text()='Error']"}
COMMAND: POST /session/324496234919104d937ca92dc3ef2aab/execute/async - {"script":"<script> [1562 bytes]","args":[{"selector":{"id":"application-managebillings-display-component---billRunCalcResult--smartFilterBar-btnBasicSearch","interaction":{"idSuffix":"I"}},"wdio_ui5_key":"applicationmanagebillings-display-component---billRunCalcResult--smartFilterBar-btnBasicSearch"}]}
RESULT: {"script":"<script> [1562 bytes]","args":[{"selector":{"id":"application-managebillings-display-component---billRunCalcResult--smartFilterBar-btnBasicSearch","interaction":{"idSuffix":"I"}},"wdio_ui5_key":"applicationmanagebillings-display-component---billRunCalcResult--smartFilterBar-btnBasicSearch"}]}
RESULT: undefined
COMMAND: POST /session/324496234919104d937ca92dc3ef2aab/execute/async - {"script":"<script> [776 bytes]","args":[{"enterText":"10166","selector":{"id":"application-managebillings-display-component---billRunCalcResult--smartFilterBar-btnBasicSearch","interaction":{"idSuffix":"I"}},"clearTextFirst":true,"interactionType":"ENTER_TEXT"}]}
RESULT: {"script":"<script> [776 bytes]","args":[{"enterText":"10166","selector":{"id":"application-managebillings-display-component---billRunCalcResult--smartFilterBar-btnBasicSearch","interaction":{"idSuffix":"I"}},"clearTextFirst":true,"interactionType":"ENTER_TEXT"}]}
COMMAND: POST /session/324496234919104d937ca92dc3ef2aab/actions - {"actions":[{"id":"action20","type":"key","parameters":{},"actions":[{"type":"keyDown","value":""},{"type":"pause","duration":10},{"type":"keyUp","value":""}]}]}
RESULT: {"actions":[{"id":"action20","type":"key","parameters":{},"actions":[{"type":"keyDown","value":""},{"type":"pause","duration":10},{"type":"keyUp","value":""}]}]}
COMMAND: GET /session/324496234919104d937ca92dc3ef2aab/screenshot - {}
RESULT: {}
COMMAND: POST /session/324496234919104d937ca92dc3ef2aab/element - {"using":"xpath","value":"//td[@aria-colindex=\"1\"]/div/div[contains(@class, \"sapMCbBg\")]"}
RESULT: {"using":"xpath","value":"//td[@aria-colindex=\"1\"]/div/div[contains(@class, \"sapMCbBg\")]"}
COMMAND: POST /session/324496234919104d937ca92dc3ef2aab/element/f.350099D233706A5CE962F884DCED375A.d.507F319C1BD1BFD427237039353FAA40.e.6041/click - {}
RESULT: {}
COMMAND: GET /session/324496234919104d937ca92dc3ef2aab/screenshot - {}
RESULT: {}
COMMAND: POST /session/324496234919104d937ca92dc3ef2aab/execute/async - {"script":"<script> [1562 bytes]","args":[{"selector":{"id":"application-managebillings-display-component---billRunCalcResult--contractBillRunDate","interaction":{"idSuffix":"inner"}},"wdio_ui5_key":"applicationmanagebillings-display-component---billRunCalcResult--contractBillRunDate"}]}
RESULT: {"script":"<script> [1562 bytes]","args":[{"selector":{"id":"application-managebillings-display-component---billRunCalcResult--contractBillRunDate","interaction":{"idSuffix":"inner"}},"wdio_ui5_key":"applicationmanagebillings-display-component---billRunCalcResult--contractBillRunDate"}]}
RESULT: undefined
COMMAND: POST /session/324496234919104d937ca92dc3ef2aab/execute/async - {"script":"<script> [776 bytes]","args":[{"enterText":"6/23/25","selector":{"id":"application-managebillings-display-component---billRunCalcResult--contractBillRunDate","interaction":{"idSuffix":"inner"}},"clearTextFirst":true,"interactionType":"ENTER_TEXT"}]}
RESULT: {"script":"<script> [776 bytes]","args":[{"enterText":"6/23/25","selector":{"id":"application-managebillings-display-component---billRunCalcResult--contractBillRunDate","interaction":{"idSuffix":"inner"}},"clearTextFirst":true,"interactionType":"ENTER_TEXT"}]}
COMMAND: POST /session/324496234919104d937ca92dc3ef2aab/element - {"using":"xpath","value":"//bdi[contains(text(), \"Trigger Calculation\")]"}
RESULT: {"using":"xpath","value":"//bdi[contains(text(), \"Trigger Calculation\")]"}
COMMAND: POST /session/324496234919104d937ca92dc3ef2aab/element/f.350099D233706A5CE962F884DCED375A.d.507F319C1BD1BFD427237039353FAA40.e.6061/click - {}
RESULT: {}
COMMAND: GET /session/324496234919104d937ca92dc3ef2aab/screenshot - {}
RESULT: {}
COMMAND: POST /session/324496234919104d937ca92dc3ef2aab/element - {"using":"xpath","value":"(//span[contains(@id, \"imgNav\")])[1]"}
RESULT: {"using":"xpath","value":"(//span[contains(@id, \"imgNav\")])[1]"}
COMMAND: POST /session/324496234919104d937ca92dc3ef2aab/element/f.350099D233706A5CE962F884DCED375A.d.507F319C1BD1BFD427237039353FAA40.e.6055/click - {}
RESULT: {}
COMMAND: GET /session/324496234919104d937ca92dc3ef2aab/screenshot - {}
RESULT: {}
COMMAND: POST /session/324496234919104d937ca92dc3ef2aab/element - {"using":"xpath","value":"//tr/td[6]/div[1]/span[1]/span[1]"}
RESULT: {"using":"xpath","value":"//tr/td[6]/div[1]/span[1]/span[1]"}
COMMAND: GET /session/324496234919104d937ca92dc3ef2aab/element/f.350099D233706A5CE962F884DCED375A.d.507F319C1BD1BFD427237039353FAA40.e.6067/text - {}
RESULT: {}
COMMAND: POST /session/324496234919104d937ca92dc3ef2aab/element - {"using":"xpath","value":"(//span[contains(@id, \"imgNav\")])[2]"}
RESULT: {"using":"xpath","value":"(//span[contains(@id, \"imgNav\")])[2]"}
COMMAND: POST /session/324496234919104d937ca92dc3ef2aab/element/f.350099D233706A5CE962F884DCED375A.d.507F319C1BD1BFD427237039353FAA40.e.6068/click - {}
RESULT: {}
COMMAND: GET /session/324496234919104d937ca92dc3ef2aab/screenshot - {}
RESULT: {}
COMMAND: POST /session/324496234919104d937ca92dc3ef2aab/element - {"using":"xpath","value":"//bdi[contains(text(), \"Business Confirm\")]"}
RESULT: {"using":"xpath","value":"//bdi[contains(text(), \"Business Confirm\")]"}
COMMAND: POST /session/324496234919104d937ca92dc3ef2aab/element/f.350099D233706A5CE962F884DCED375A.d.507F319C1BD1BFD427237039353FAA40.e.6141/click - {}
RESULT: {}
COMMAND: GET /session/324496234919104d937ca92dc3ef2aab/screenshot - {}
RESULT: {}
COMMAND: POST /session/324496234919104d937ca92dc3ef2aab/element - {"using":"xpath","value":"//bdi[contains(text(), \"Business Confirmed\")]"}
RESULT: {"using":"xpath","value":"//bdi[contains(text(), \"Business Confirmed\")]"}
COMMAND: POST /session/324496234919104d937ca92dc3ef2aab/execute/sync - {"script":"<script> [56 bytes]","args":[{"element-6066-11e4-a52e-4f735466cecf":"f.350099D233706A5CE962F884DCED375A.d.507F319C1BD1BFD427237039353FAA40.e.6141","ELEMENT":"f.350099D233706A5CE962F884DCED375A.d.507F319C1BD1BFD427237039353FAA40.e.6141"}]}
RESULT: {"script":"<script> [56 bytes]","args":[{"element-6066-11e4-a52e-4f735466cecf":"f.350099D233706A5CE962F884DCED375A.d.507F319C1BD1BFD427237039353FAA40.e.6141","ELEMENT":"f.350099D233706A5CE962F884DCED375A.d.507F319C1BD1BFD427237039353FAA40.e.6141"}]}
COMMAND: POST /session/324496234919104d937ca92dc3ef2aab/element - {"using":"css selector","value":"#shell-header-logo"}
COMMAND: GET /session/324496234919104d937ca92dc3ef2aab/screenshot - {}
RESULT: {"using":"css selector","value":"#shell-header-logo"}
COMMAND: POST /session/324496234919104d937ca92dc3ef2aab/element/f.350099D233706A5CE962F884DCED375A.d.507F319C1BD1BFD427237039353FAA40.e.5866/click - {}
RESULT: {}
RESULT: {}
COMMAND: GET /session/324496234919104d937ca92dc3ef2aab/screenshot - {}
RESULT: {}
COMMAND: POST /session/324496234919104d937ca92dc3ef2aab/element - {"using":"css selector","value":"#j_username"}
COMMAND: POST /session/324496234919104d937ca92dc3ef2aab/url - {"url":"https://qa-testing-00-live-etm-ui.cfapps.eu10-004.hana.ondemand.com/"}
RESULT: {"using":"css selector","value":"#j_username"}
COMMAND: POST /session/324496234919104d937ca92dc3ef2aab/element - {"using":"css selector","value":"#j_username"}
RESULT: {"url":"https://qa-testing-00-live-etm-ui.cfapps.eu10-004.hana.ondemand.com/"}
RESULT: undefined
COMMAND: GET /session/324496234919104d937ca92dc3ef2aab/screenshot - {}
RESULT: {"using":"css selector","value":"#j_username"}
COMMAND: POST /session/324496234919104d937ca92dc3ef2aab/element - {"using":"css selector","value":"#shell-header-logo"}
RESULT: {}
RESULT: {"using":"css selector","value":"#shell-header-logo"}
COMMAND: POST /session/324496234919104d937ca92dc3ef2aab/execute/sync - {"script":"<script> [8489 bytes]","args":[{"element-6066-11e4-a52e-4f735466cecf":"f.350099D233706A5CE962F884DCED375A.d.8E4C4BE57D862F9058F612D95FA40215.e.6160","ELEMENT":"f.350099D233706A5CE962F884DCED375A.d.8E4C4BE57D862F9058F612D95FA40215.e.6160"}]}
RESULT: {"script":"<script> [8489 bytes]","args":[{"element-6066-11e4-a52e-4f735466cecf":"f.350099D233706A5CE962F884DCED375A.d.8E4C4BE57D862F9058F612D95FA40215.e.6160","ELEMENT":"f.350099D233706A5CE962F884DCED375A.d.8E4C4BE57D862F9058F612D95FA40215.e.6160"}]}
COMMAND: POST /session/324496234919104d937ca92dc3ef2aab/element - {"using":"css selector","value":"#shell-header-logo"}
COMMAND: GET /session/324496234919104d937ca92dc3ef2aab/screenshot - {}
RESULT: {"using":"css selector","value":"#shell-header-logo"}
COMMAND: POST /session/324496234919104d937ca92dc3ef2aab/execute/sync - {"script":"<script> [8489 bytes]","args":[{"element-6066-11e4-a52e-4f735466cecf":"f.350099D233706A5CE962F884DCED375A.d.8E4C4BE57D862F9058F612D95FA40215.e.6160","ELEMENT":"f.350099D233706A5CE962F884DCED375A.d.8E4C4BE57D862F9058F612D95FA40215.e.6160"}]}
RESULT: {}
RESULT: {"script":"<script> [8489 bytes]","args":[{"element-6066-11e4-a52e-4f735466cecf":"f.350099D233706A5CE962F884DCED375A.d.8E4C4BE57D862F9058F612D95FA40215.e.6160","ELEMENT":"f.350099D233706A5CE962F884DCED375A.d.8E4C4BE57D862F9058F612D95FA40215.e.6160"}]}
COMMAND: POST /session/324496234919104d937ca92dc3ef2aab/execute/sync - {"script":"<script> [5351 bytes]","args":[{"element-6066-11e4-a52e-4f735466cecf":"f.350099D233706A5CE962F884DCED375A.d.8E4C4BE57D862F9058F612D95FA40215.e.6160","ELEMENT":"f.350099D233706A5CE962F884DCED375A.d.8E4C4BE57D862F9058F612D95FA40215.e.6160"}]}
COMMAND: GET /session/324496234919104d937ca92dc3ef2aab/screenshot - {}
RESULT: {"script":"<script> [5351 bytes]","args":[{"element-6066-11e4-a52e-4f735466cecf":"f.350099D233706A5CE962F884DCED375A.d.8E4C4BE57D862F9058F612D95FA40215.e.6160","ELEMENT":"f.350099D233706A5CE962F884DCED375A.d.8E4C4BE57D862F9058F612D95FA40215.e.6160"}]}
COMMAND: POST /session/324496234919104d937ca92dc3ef2aab/element - {"using":"css selector","value":"#shell-header-logo"}
COMMAND: GET /session/324496234919104d937ca92dc3ef2aab/screenshot - {}
RESULT: {}
RESULT: {"using":"css selector","value":"#shell-header-logo"}
COMMAND: POST /session/324496234919104d937ca92dc3ef2aab/element/f.350099D233706A5CE962F884DCED375A.d.8E4C4BE57D862F9058F612D95FA40215.e.6160/click - {}
RESULT: {}
RESULT: {}
COMMAND: GET /session/324496234919104d937ca92dc3ef2aab/screenshot - {}
RESULT: {}
COMMAND: POST /session/324496234919104d937ca92dc3ef2aab/execute/async - {"script":"<script> [189 bytes]","args":[]}
RESULT: {"script":"<script> [189 bytes]","args":[]}
COMMAND: POST /session/324496234919104d937ca92dc3ef2aab/execute/async - {"script":"<script> [123 bytes]","args":[]}
RESULT: {"script":"<script> [123 bytes]","args":[]}
COMMAND: POST /session/324496234919104d937ca92dc3ef2aab/timeouts - {"script":"<number>"}
RESULT: {"script":"<number>"}
COMMAND: GET /session/324496234919104d937ca92dc3ef2aab/timeouts - {}
RESULT: {}
RESULT: undefined
COMMAND: POST /session/324496234919104d937ca92dc3ef2aab/execute/async - {"script":"<script> [2676 bytes]","args":[]}
RESULT: {"script":"<script> [2676 bytes]","args":[]}
COMMAND: POST /session/324496234919104d937ca92dc3ef2aab/execute/async - {"script":"<script> [2342 bytes]","args":[{"protocol":"http","hostname":"0.0.0.0","path":"/","capabilities":{"browserName":"chrome","goog:chromeOptions":{"binary":"C:\\Program Files\\Google\\Chrome\\Application\\chrome.exe","args":["--start-maximized"]}},"logLevel":"warn","connectionRetryTimeout":120000,"connectionRetryCount":3,"logLevels":{},"enableDirectConnect":true,"strictSSL":true,"_":"65 more keys: [\"cacheDir\",\"port\",\"requestedCapabilities\",\"automationProtocol\",\"baseUrl\",\"waitforInterval\",\"waitforTimeout\",\"onReload\",\"beforeCommand\",\"afterCommand\",\"rootDir\",\"specs\",\"suites\",\"exclude\",\"groupLogsByTestSpec\",\"excludeDriverLogs\",\"bail\",\"framework\",\"reporters\",\"services\",\"maxInstances\",\"maxInstancesPerCapability\",\"injectGlobals\",\"filesToWatch\",\"execArgv\",\"runnerEnv\",\"runner\",\"shard\",\"specFileRetries\",\"specFileRetriesDelay\",\"specFileRetriesDeferred\",\"reporterSyncInterval\",\"reporterSyncTimeout\",\"cucumberFeaturesWithLineNumbers\",\"autoCompileOpts\",\"mochaOpts\",\"jasmineOpts\",\"cucumberOpts\",\"onPrepare\",\"onWorkerStart\",\"onWorkerEnd\",\"before\",\"beforeSession\",\"beforeSuite\",\"beforeHook\",\"beforeTest\",\"afterTest\",\"afterHook\",\"afterSuite\",\"afterSession\",\"after\",\"onComplete\",\"beforeAssertion\",\"afterAssertion\",\"beforeFeature\",\"beforeScenario\",\"beforeStep\",\"afterStep\",\"afterScenario\",\"afterFeature\",\"_\",\"suite\",\"$0\",\"ignoredWorkerServices\",\"wdi5\"]"}]}
RESULT: {"script":"<script> [2342 bytes]","args":[{"protocol":"http","hostname":"0.0.0.0","path":"/","capabilities":{"browserName":"chrome","goog:chromeOptions":{"binary":"C:\\Program Files\\Google\\Chrome\\Application\\chrome.exe","args":["--start-maximized"]}},"logLevel":"warn","connectionRetryTimeout":120000,"connectionRetryCount":3,"logLevels":{},"enableDirectConnect":true,"strictSSL":true,"_":"65 more keys: [\"cacheDir\",\"port\",\"requestedCapabilities\",\"automationProtocol\",\"baseUrl\",\"waitforInterval\",\"waitforTimeout\",\"onReload\",\"beforeCommand\",\"afterCommand\",\"rootDir\",\"specs\",\"suites\",\"exclude\",\"groupLogsByTestSpec\",\"excludeDriverLogs\",\"bail\",\"framework\",\"reporters\",\"services\",\"maxInstances\",\"maxInstancesPerCapability\",\"injectGlobals\",\"filesToWatch\",\"execArgv\",\"runnerEnv\",\"runner\",\"shard\",\"specFileRetries\",\"specFileRetriesDelay\",\"specFileRetriesDeferred\",\"reporterSyncInterval\",\"reporterSyncTimeout\",\"cucumberFeaturesWithLineNumbers\",\"autoCompileOpts\",\"mochaOpts\",\"jasmineOpts\",\"cucumberOpts\",\"onPrepare\",\"onWorkerStart\",\"onWorkerEnd\",\"before\",\"beforeSession\",\"beforeSuite\",\"beforeHook\",\"beforeTest\",\"afterTest\",\"afterHook\",\"afterSuite\",\"afterSession\",\"after\",\"onComplete\",\"beforeAssertion\",\"afterAssertion\",\"beforeFeature\",\"beforeScenario\",\"beforeStep\",\"afterStep\",\"afterScenario\",\"afterFeature\",\"_\",\"suite\",\"$0\",\"ignoredWorkerServices\",\"wdi5\"]"}]}
COMMAND: POST /session/324496234919104d937ca92dc3ef2aab/execute/async - {"script":"<script> [21126 bytes]","args":[35000]}
RESULT: {"script":"<script> [21126 bytes]","args":[35000]}
COMMAND: POST /session/324496234919104d937ca92dc3ef2aab/window/maximize - {}
RESULT: {}
COMMAND: POST /session/324496234919104d937ca92dc3ef2aab/execute/async - {"script":"<script> [1562 bytes]","args":[{"selector":{"id":"shell-header","interaction":{"idSuffix":"icon"}},"wdio_ui5_key":"shellheader"}]}
COMMAND: GET /session/324496234919104d937ca92dc3ef2aab/screenshot - {}
RESULT: {"script":"<script> [1562 bytes]","args":[{"selector":{"id":"shell-header","interaction":{"idSuffix":"icon"}},"wdio_ui5_key":"shellheader"}]}
RESULT: undefined
COMMAND: POST /session/324496234919104d937ca92dc3ef2aab/refresh - {}
RESULT: {}
RESULT: {}
COMMAND: GET /session/324496234919104d937ca92dc3ef2aab/screenshot - {}
RESULT: {}
COMMAND: POST /session/324496234919104d937ca92dc3ef2aab/refresh - {}
RESULT: {}
COMMAND: GET /session/324496234919104d937ca92dc3ef2aab/screenshot - {}
RESULT: {}
COMMAND: POST /session/324496234919104d937ca92dc3ef2aab/window/fullscreen - {}
RESULT: {}
COMMAND: POST /session/324496234919104d937ca92dc3ef2aab/execute/async - {"script":"<script> [189 bytes]","args":[]}
RESULT: {"script":"<script> [189 bytes]","args":[]}
COMMAND: POST /session/324496234919104d937ca92dc3ef2aab/execute/async - {"script":"<script> [123 bytes]","args":[]}
RESULT: {"script":"<script> [123 bytes]","args":[]}
COMMAND: POST /session/324496234919104d937ca92dc3ef2aab/timeouts - {"script":"<number>"}
RESULT: {"script":"<number>"}
COMMAND: GET /session/324496234919104d937ca92dc3ef2aab/timeouts - {}
RESULT: {}
RESULT: undefined
COMMAND: POST /session/324496234919104d937ca92dc3ef2aab/execute/async - {"script":"<script> [2676 bytes]","args":[]}
RESULT: {"script":"<script> [2676 bytes]","args":[]}
COMMAND: POST /session/324496234919104d937ca92dc3ef2aab/execute/async - {"script":"<script> [2342 bytes]","args":[{"protocol":"http","hostname":"0.0.0.0","path":"/","capabilities":{"browserName":"chrome","goog:chromeOptions":{"binary":"C:\\Program Files\\Google\\Chrome\\Application\\chrome.exe","args":["--start-maximized"]}},"logLevel":"warn","connectionRetryTimeout":120000,"connectionRetryCount":3,"logLevels":{},"enableDirectConnect":true,"strictSSL":true,"_":"65 more keys: [\"cacheDir\",\"port\",\"requestedCapabilities\",\"automationProtocol\",\"baseUrl\",\"waitforInterval\",\"waitforTimeout\",\"onReload\",\"beforeCommand\",\"afterCommand\",\"rootDir\",\"specs\",\"suites\",\"exclude\",\"groupLogsByTestSpec\",\"excludeDriverLogs\",\"bail\",\"framework\",\"reporters\",\"services\",\"maxInstances\",\"maxInstancesPerCapability\",\"injectGlobals\",\"filesToWatch\",\"execArgv\",\"runnerEnv\",\"runner\",\"shard\",\"specFileRetries\",\"specFileRetriesDelay\",\"specFileRetriesDeferred\",\"reporterSyncInterval\",\"reporterSyncTimeout\",\"cucumberFeaturesWithLineNumbers\",\"autoCompileOpts\",\"mochaOpts\",\"jasmineOpts\",\"cucumberOpts\",\"onPrepare\",\"onWorkerStart\",\"onWorkerEnd\",\"before\",\"beforeSession\",\"beforeSuite\",\"beforeHook\",\"beforeTest\",\"afterTest\",\"afterHook\",\"afterSuite\",\"afterSession\",\"after\",\"onComplete\",\"beforeAssertion\",\"afterAssertion\",\"beforeFeature\",\"beforeScenario\",\"beforeStep\",\"afterStep\",\"afterScenario\",\"afterFeature\",\"_\",\"suite\",\"$0\",\"ignoredWorkerServices\",\"wdi5\"]"}]}
RESULT: {"script":"<script> [2342 bytes]","args":[{"protocol":"http","hostname":"0.0.0.0","path":"/","capabilities":{"browserName":"chrome","goog:chromeOptions":{"binary":"C:\\Program Files\\Google\\Chrome\\Application\\chrome.exe","args":["--start-maximized"]}},"logLevel":"warn","connectionRetryTimeout":120000,"connectionRetryCount":3,"logLevels":{},"enableDirectConnect":true,"strictSSL":true,"_":"65 more keys: [\"cacheDir\",\"port\",\"requestedCapabilities\",\"automationProtocol\",\"baseUrl\",\"waitforInterval\",\"waitforTimeout\",\"onReload\",\"beforeCommand\",\"afterCommand\",\"rootDir\",\"specs\",\"suites\",\"exclude\",\"groupLogsByTestSpec\",\"excludeDriverLogs\",\"bail\",\"framework\",\"reporters\",\"services\",\"maxInstances\",\"maxInstancesPerCapability\",\"injectGlobals\",\"filesToWatch\",\"execArgv\",\"runnerEnv\",\"runner\",\"shard\",\"specFileRetries\",\"specFileRetriesDelay\",\"specFileRetriesDeferred\",\"reporterSyncInterval\",\"reporterSyncTimeout\",\"cucumberFeaturesWithLineNumbers\",\"autoCompileOpts\",\"mochaOpts\",\"jasmineOpts\",\"cucumberOpts\",\"onPrepare\",\"onWorkerStart\",\"onWorkerEnd\",\"before\",\"beforeSession\",\"beforeSuite\",\"beforeHook\",\"beforeTest\",\"afterTest\",\"afterHook\",\"afterSuite\",\"afterSession\",\"after\",\"onComplete\",\"beforeAssertion\",\"afterAssertion\",\"beforeFeature\",\"beforeScenario\",\"beforeStep\",\"afterStep\",\"afterScenario\",\"afterFeature\",\"_\",\"suite\",\"$0\",\"ignoredWorkerServices\",\"wdi5\"]"}]}
COMMAND: POST /session/324496234919104d937ca92dc3ef2aab/execute/async - {"script":"<script> [21126 bytes]","args":[35000]}
RESULT: {"script":"<script> [21126 bytes]","args":[35000]}
]]></system-out>
    </testcase>
  </testsuite>
  <testsuite timestamp="2025-05-23T17:28:43" time="1379.7" tests="14" failures="0" errors="0" skipped="0">
    <properties>
      <property name="specId" value="0"/>
      <property name="suiteName" value="Create master data for mixed billing &amp; do billing calculation US151661"/>
      <property name="capabilities" value="chrome.136_0_7103_93.windows"/>
      <property name="file" value="file:///D:/a/1/s/test/specs/BTS/billing-calculation-mixed.spec.js"/>
    </properties>
    <testcase classname="chrome.136_0_7103_93.windows.Create_master_data_for_mixed_billing_&amp;_do_billing_calculation_US151661" name="Should create a new yard" time="126.611">
      <system-out><![CDATA[
COMMAND: POST /session/324496234919104d937ca92dc3ef2aab/window/fullscreen - {}
RESULT: {}
COMMAND: POST /session/324496234919104d937ca92dc3ef2aab/execute/async - {"script":"<script> [1562 bytes]","args":[{"selector":{"controlType":"sap.m.GenericTile","properties":{"header":"Manage Yards"}},"wdio_ui5_key":"sapm.GenericTile{\"header\":\"Manage Yards\"}"}]}
RESULT: {"script":"<script> [1562 bytes]","args":[{"selector":{"controlType":"sap.m.GenericTile","properties":{"header":"Manage Yards"}},"wdio_ui5_key":"sapm.GenericTile{\"header\":\"Manage Yards\"}"}]}
RESULT: undefined
COMMAND: POST /session/324496234919104d937ca92dc3ef2aab/element - {"using":"xpath","value":"//*[@id=\"__tile41\"]"}
RESULT: {"using":"xpath","value":"//*[@id=\"__tile41\"]"}
COMMAND: POST /session/324496234919104d937ca92dc3ef2aab/element/f.350099D233706A5CE962F884DCED375A.d.B29955FFE18DEE4F6C23DBAC860225E9.e.6319/click - {}
RESULT: {}
COMMAND: GET /session/324496234919104d937ca92dc3ef2aab/screenshot - {}
RESULT: {}
COMMAND: POST /session/324496234919104d937ca92dc3ef2aab/elements - {"using":"xpath","value":"//span[text()='Error']"}
RESULT: {"using":"xpath","value":"//span[text()='Error']"}
COMMAND: POST /session/324496234919104d937ca92dc3ef2aab/element - {"using":"xpath","value":"//button[@data-kt=\"addNewYardOverflowToolbarButton\"]"}
RESULT: {"using":"xpath","value":"//button[@data-kt=\"addNewYardOverflowToolbarButton\"]"}
COMMAND: POST /session/324496234919104d937ca92dc3ef2aab/elements - {"using":"xpath","value":"//button[@data-kt=\"addNewYardOverflowToolbarButton\"]"}
RESULT: {"using":"xpath","value":"//button[@data-kt=\"addNewYardOverflowToolbarButton\"]"}
COMMAND: POST /session/324496234919104d937ca92dc3ef2aab/elements - {"using":"xpath","value":"//button[@data-kt=\"addNewYardOverflowToolbarButton\"]"}
RESULT: {"using":"xpath","value":"//button[@data-kt=\"addNewYardOverflowToolbarButton\"]"}
COMMAND: POST /session/324496234919104d937ca92dc3ef2aab/elements - {"using":"xpath","value":"//button[@data-kt=\"addNewYardOverflowToolbarButton\"]"}
RESULT: {"using":"xpath","value":"//button[@data-kt=\"addNewYardOverflowToolbarButton\"]"}
COMMAND: POST /session/324496234919104d937ca92dc3ef2aab/elements - {"using":"xpath","value":"//button[@data-kt=\"addNewYardOverflowToolbarButton\"]"}
RESULT: {"using":"xpath","value":"//button[@data-kt=\"addNewYardOverflowToolbarButton\"]"}
COMMAND: POST /session/324496234919104d937ca92dc3ef2aab/elements - {"using":"xpath","value":"//button[@data-kt=\"addNewYardOverflowToolbarButton\"]"}
RESULT: {"using":"xpath","value":"//button[@data-kt=\"addNewYardOverflowToolbarButton\"]"}
COMMAND: POST /session/324496234919104d937ca92dc3ef2aab/elements - {"using":"xpath","value":"//button[@data-kt=\"addNewYardOverflowToolbarButton\"]"}
RESULT: {"using":"xpath","value":"//button[@data-kt=\"addNewYardOverflowToolbarButton\"]"}
COMMAND: POST /session/324496234919104d937ca92dc3ef2aab/element - {"using":"xpath","value":"//button[@data-kt=\"addNewYardOverflowToolbarButton\"]"}
RESULT: {"using":"xpath","value":"//button[@data-kt=\"addNewYardOverflowToolbarButton\"]"}
COMMAND: POST /session/324496234919104d937ca92dc3ef2aab/execute/sync - {"script":"<script> [8489 bytes]","args":[{"element-6066-11e4-a52e-4f735466cecf":"f.350099D233706A5CE962F884DCED375A.d.B29955FFE18DEE4F6C23DBAC860225E9.e.6452","ELEMENT":"f.350099D233706A5CE962F884DCED375A.d.B29955FFE18DEE4F6C23DBAC860225E9.e.6452"}]}
RESULT: {"script":"<script> [8489 bytes]","args":[{"element-6066-11e4-a52e-4f735466cecf":"f.350099D233706A5CE962F884DCED375A.d.B29955FFE18DEE4F6C23DBAC860225E9.e.6452","ELEMENT":"f.350099D233706A5CE962F884DCED375A.d.B29955FFE18DEE4F6C23DBAC860225E9.e.6452"}]}
COMMAND: GET /session/324496234919104d937ca92dc3ef2aab/element/f.350099D233706A5CE962F884DCED375A.d.B29955FFE18DEE4F6C23DBAC860225E9.e.6452/enabled - {}
COMMAND: GET /session/324496234919104d937ca92dc3ef2aab/screenshot - {}
RESULT: {}
COMMAND: POST /session/324496234919104d937ca92dc3ef2aab/execute/sync - {"script":"<script> [8489 bytes]","args":[{"element-6066-11e4-a52e-4f735466cecf":"f.350099D233706A5CE962F884DCED375A.d.B29955FFE18DEE4F6C23DBAC860225E9.e.6452","ELEMENT":"f.350099D233706A5CE962F884DCED375A.d.B29955FFE18DEE4F6C23DBAC860225E9.e.6452"}]}
COMMAND: GET /session/324496234919104d937ca92dc3ef2aab/screenshot - {}
RESULT: {}
RESULT: {"script":"<script> [8489 bytes]","args":[{"element-6066-11e4-a52e-4f735466cecf":"f.350099D233706A5CE962F884DCED375A.d.B29955FFE18DEE4F6C23DBAC860225E9.e.6452","ELEMENT":"f.350099D233706A5CE962F884DCED375A.d.B29955FFE18DEE4F6C23DBAC860225E9.e.6452"}]}
COMMAND: POST /session/324496234919104d937ca92dc3ef2aab/execute/sync - {"script":"<script> [5351 bytes]","args":[{"element-6066-11e4-a52e-4f735466cecf":"f.350099D233706A5CE962F884DCED375A.d.B29955FFE18DEE4F6C23DBAC860225E9.e.6452","ELEMENT":"f.350099D233706A5CE962F884DCED375A.d.B29955FFE18DEE4F6C23DBAC860225E9.e.6452"}]}
COMMAND: GET /session/324496234919104d937ca92dc3ef2aab/screenshot - {}
RESULT: {}
RESULT: {"script":"<script> [5351 bytes]","args":[{"element-6066-11e4-a52e-4f735466cecf":"f.350099D233706A5CE962F884DCED375A.d.B29955FFE18DEE4F6C23DBAC860225E9.e.6452","ELEMENT":"f.350099D233706A5CE962F884DCED375A.d.B29955FFE18DEE4F6C23DBAC860225E9.e.6452"}]}
COMMAND: POST /session/324496234919104d937ca92dc3ef2aab/element/f.350099D233706A5CE962F884DCED375A.d.B29955FFE18DEE4F6C23DBAC860225E9.e.6452/click - {}
COMMAND: GET /session/324496234919104d937ca92dc3ef2aab/screenshot - {}
RESULT: {}
RESULT: {}
COMMAND: GET /session/324496234919104d937ca92dc3ef2aab/screenshot - {}
COMMAND: POST /session/324496234919104d937ca92dc3ef2aab/element - {"using":"xpath","value":"//input[@id=\"application-manageyards-display-component---NewYard--yardId-inner\"]"}
RESULT: {}
RESULT: {}
RESULT: {"using":"xpath","value":"//input[@id=\"application-manageyards-display-component---NewYard--yardId-inner\"]"}
COMMAND: POST /session/324496234919104d937ca92dc3ef2aab/element - {"using":"xpath","value":"//input[@id=\"application-manageyards-display-component---NewYard--yardId-inner\"]"}
RESULT: {"using":"xpath","value":"//input[@id=\"application-manageyards-display-component---NewYard--yardId-inner\"]"}
COMMAND: POST /session/324496234919104d937ca92dc3ef2aab/execute/async - {"script":"<script> [1562 bytes]","args":[{"selector":{"id":"application-manageyards-display-component---NewYard--addressDetailDetailsName1","interaction":{"idSuffix":"inner"}},"wdio_ui5_key":"applicationmanageyards-display-component---NewYard--addressDetailDetailsName1"}]}
RESULT: {"script":"<script> [1562 bytes]","args":[{"selector":{"id":"application-manageyards-display-component---NewYard--addressDetailDetailsName1","interaction":{"idSuffix":"inner"}},"wdio_ui5_key":"applicationmanageyards-display-component---NewYard--addressDetailDetailsName1"}]}
RESULT: undefined
COMMAND: POST /session/324496234919104d937ca92dc3ef2aab/execute/async - {"script":"<script> [776 bytes]","args":[{"enterText":"Intercompany Yard wdIO","selector":{"id":"application-manageyards-display-component---NewYard--addressDetailDetailsName1","interaction":{"idSuffix":"inner"}},"clearTextFirst":true,"interactionType":"ENTER_TEXT"}]}
RESULT: {"script":"<script> [776 bytes]","args":[{"enterText":"Intercompany Yard wdIO","selector":{"id":"application-manageyards-display-component---NewYard--addressDetailDetailsName1","interaction":{"idSuffix":"inner"}},"clearTextFirst":true,"interactionType":"ENTER_TEXT"}]}
COMMAND: POST /session/324496234919104d937ca92dc3ef2aab/execute/async - {"script":"<script> [1562 bytes]","args":[{"selector":{"id":"application-manageyards-display-component---NewYard--addressDetailDetailsLanguage-arrow"},"wdio_ui5_key":"applicationmanageyards-display-component---NewYard--addressDetailDetailsLanguage-arrow"}]}
RESULT: {"script":"<script> [1562 bytes]","args":[{"selector":{"id":"application-manageyards-display-component---NewYard--addressDetailDetailsLanguage-arrow"},"wdio_ui5_key":"applicationmanageyards-display-component---NewYard--addressDetailDetailsLanguage-arrow"}]}
RESULT: undefined
COMMAND: POST /session/324496234919104d937ca92dc3ef2aab/element - {"using":"xpath","value":"//*[@id=\"application-manageyards-display-component---NewYard--addressDetailDetailsLanguage-arrow\"]"}
RESULT: {"using":"xpath","value":"//*[@id=\"application-manageyards-display-component---NewYard--addressDetailDetailsLanguage-arrow\"]"}
COMMAND: POST /session/324496234919104d937ca92dc3ef2aab/element/f.350099D233706A5CE962F884DCED375A.d.B29955FFE18DEE4F6C23DBAC860225E9.e.6880/click - {}
RESULT: {}
COMMAND: POST /session/324496234919104d937ca92dc3ef2aab/element - {"using":"xpath","value":"//span[contains(text(), \"English\")]"}
COMMAND: GET /session/324496234919104d937ca92dc3ef2aab/screenshot - {}
RESULT: {"using":"xpath","value":"//span[contains(text(), \"English\")]"}
COMMAND: POST /session/324496234919104d937ca92dc3ef2aab/element/f.350099D233706A5CE962F884DCED375A.d.B29955FFE18DEE4F6C23DBAC860225E9.e.6881/click - {}
RESULT: {}
RESULT: {}
COMMAND: POST /session/324496234919104d937ca92dc3ef2aab/execute/async - {"script":"<script> [1562 bytes]","args":[{"selector":{"id":"application-manageyards-display-component---NewYard--addressDetailDetailsCity1","interaction":{"idSuffix":"inner"}},"wdio_ui5_key":"applicationmanageyards-display-component---NewYard--addressDetailDetailsCity1"}]}
COMMAND: GET /session/324496234919104d937ca92dc3ef2aab/screenshot - {}
RESULT: {"script":"<script> [1562 bytes]","args":[{"selector":{"id":"application-manageyards-display-component---NewYard--addressDetailDetailsCity1","interaction":{"idSuffix":"inner"}},"wdio_ui5_key":"applicationmanageyards-display-component---NewYard--addressDetailDetailsCity1"}]}
RESULT: undefined
COMMAND: POST /session/324496234919104d937ca92dc3ef2aab/execute/async - {"script":"<script> [776 bytes]","args":[{"enterText":"Rosario","selector":{"id":"application-manageyards-display-component---NewYard--addressDetailDetailsCity1","interaction":{"idSuffix":"inner"}},"clearTextFirst":true,"interactionType":"ENTER_TEXT"}]}
RESULT: {}
RESULT: {"script":"<script> [776 bytes]","args":[{"enterText":"Rosario","selector":{"id":"application-manageyards-display-component---NewYard--addressDetailDetailsCity1","interaction":{"idSuffix":"inner"}},"clearTextFirst":true,"interactionType":"ENTER_TEXT"}]}
COMMAND: POST /session/324496234919104d937ca92dc3ef2aab/execute/async - {"script":"<script> [1562 bytes]","args":[{"selector":{"id":"application-manageyards-display-component---NewYard--addressDetailDetailsCountry-arrow"},"wdio_ui5_key":"applicationmanageyards-display-component---NewYard--addressDetailDetailsCountry-arrow"}]}
RESULT: {"script":"<script> [1562 bytes]","args":[{"selector":{"id":"application-manageyards-display-component---NewYard--addressDetailDetailsCountry-arrow"},"wdio_ui5_key":"applicationmanageyards-display-component---NewYard--addressDetailDetailsCountry-arrow"}]}
RESULT: undefined
COMMAND: POST /session/324496234919104d937ca92dc3ef2aab/element - {"using":"xpath","value":"//*[@id=\"application-manageyards-display-component---NewYard--addressDetailDetailsCountry-arrow\"]"}
RESULT: {"using":"xpath","value":"//*[@id=\"application-manageyards-display-component---NewYard--addressDetailDetailsCountry-arrow\"]"}
COMMAND: POST /session/324496234919104d937ca92dc3ef2aab/element/f.350099D233706A5CE962F884DCED375A.d.B29955FFE18DEE4F6C23DBAC860225E9.e.6883/click - {}
RESULT: {}
COMMAND: POST /session/324496234919104d937ca92dc3ef2aab/element - {"using":"xpath","value":"//span[contains(text(), \"Argentina\")]"}
COMMAND: GET /session/324496234919104d937ca92dc3ef2aab/screenshot - {}
RESULT: {"using":"xpath","value":"//span[contains(text(), \"Argentina\")]"}
COMMAND: POST /session/324496234919104d937ca92dc3ef2aab/element/f.350099D233706A5CE962F884DCED375A.d.B29955FFE18DEE4F6C23DBAC860225E9.e.6885/click - {}
RESULT: {}
RESULT: {}
COMMAND: POST /session/324496234919104d937ca92dc3ef2aab/execute/async - {"script":"<script> [1562 bytes]","args":[{"selector":{"id":"application-manageyards-display-component---NewYard--addressEditDetailsCostObjectCstType-arrow"},"wdio_ui5_key":"applicationmanageyards-display-component---NewYard--addressEditDetailsCostObjectCstType-arrow"}]}
COMMAND: GET /session/324496234919104d937ca92dc3ef2aab/screenshot - {}
RESULT: {"script":"<script> [1562 bytes]","args":[{"selector":{"id":"application-manageyards-display-component---NewYard--addressEditDetailsCostObjectCstType-arrow"},"wdio_ui5_key":"applicationmanageyards-display-component---NewYard--addressEditDetailsCostObjectCstType-arrow"}]}
RESULT: undefined
COMMAND: POST /session/324496234919104d937ca92dc3ef2aab/element - {"using":"xpath","value":"//*[@id=\"application-manageyards-display-component---NewYard--addressEditDetailsCostObjectCstType-arrow\"]"}
RESULT: {}
RESULT: {"using":"xpath","value":"//*[@id=\"application-manageyards-display-component---NewYard--addressEditDetailsCostObjectCstType-arrow\"]"}
COMMAND: POST /session/324496234919104d937ca92dc3ef2aab/element/f.350099D233706A5CE962F884DCED375A.d.B29955FFE18DEE4F6C23DBAC860225E9.e.6886/click - {}
RESULT: {}
COMMAND: POST /session/324496234919104d937ca92dc3ef2aab/element - {"using":"xpath","value":"//span[contains(text(), \"Cost Center\")]"}
COMMAND: GET /session/324496234919104d937ca92dc3ef2aab/screenshot - {}
RESULT: {"using":"xpath","value":"//span[contains(text(), \"Cost Center\")]"}
COMMAND: POST /session/324496234919104d937ca92dc3ef2aab/element/f.350099D233706A5CE962F884DCED375A.d.B29955FFE18DEE4F6C23DBAC860225E9.e.6887/click - {}
RESULT: {}
RESULT: {}
COMMAND: GET /session/324496234919104d937ca92dc3ef2aab/screenshot - {}
RESULT: {}
COMMAND: POST /session/324496234919104d937ca92dc3ef2aab/element - {"using":"xpath","value":"//span[@id=\"application-manageyards-display-component---NewYard--addressNewCostObjectCstID-vhi\"]"}
RESULT: {"using":"xpath","value":"//span[@id=\"application-manageyards-display-component---NewYard--addressNewCostObjectCstID-vhi\"]"}
COMMAND: POST /session/324496234919104d937ca92dc3ef2aab/execute/sync - {"script":"<script> [8489 bytes]","args":[{"element-6066-11e4-a52e-4f735466cecf":"f.350099D233706A5CE962F884DCED375A.d.B29955FFE18DEE4F6C23DBAC860225E9.e.6891","ELEMENT":"f.350099D233706A5CE962F884DCED375A.d.B29955FFE18DEE4F6C23DBAC860225E9.e.6891"}]}
RESULT: {"script":"<script> [8489 bytes]","args":[{"element-6066-11e4-a52e-4f735466cecf":"f.350099D233706A5CE962F884DCED375A.d.B29955FFE18DEE4F6C23DBAC860225E9.e.6891","ELEMENT":"f.350099D233706A5CE962F884DCED375A.d.B29955FFE18DEE4F6C23DBAC860225E9.e.6891"}]}
COMMAND: POST /session/324496234919104d937ca92dc3ef2aab/execute/async - {"script":"<script> [1562 bytes]","args":[{"selector":{"id":"application-manageyards-display-component---NewYard--addressNewCostObjectCstID-vhi"},"wdio_ui5_key":"applicationmanageyards-display-component---NewYard--addressNewCostObjectCstID-vhi"}]}
COMMAND: GET /session/324496234919104d937ca92dc3ef2aab/screenshot - {}
RESULT: {"script":"<script> [1562 bytes]","args":[{"selector":{"id":"application-manageyards-display-component---NewYard--addressNewCostObjectCstID-vhi"},"wdio_ui5_key":"applicationmanageyards-display-component---NewYard--addressNewCostObjectCstID-vhi"}]}
RESULT: undefined
COMMAND: POST /session/324496234919104d937ca92dc3ef2aab/element - {"using":"xpath","value":"//*[@id=\"application-manageyards-display-component---NewYard--addressNewCostObjectCstID-vhi\"]"}
RESULT: {}
RESULT: {"using":"xpath","value":"//*[@id=\"application-manageyards-display-component---NewYard--addressNewCostObjectCstID-vhi\"]"}
COMMAND: POST /session/324496234919104d937ca92dc3ef2aab/element/f.350099D233706A5CE962F884DCED375A.d.B29955FFE18DEE4F6C23DBAC860225E9.e.6891/click - {}
RESULT: {}
COMMAND: GET /session/324496234919104d937ca92dc3ef2aab/screenshot - {}
RESULT: {}
COMMAND: POST /session/324496234919104d937ca92dc3ef2aab/execute/async - {"script":"<script> [1562 bytes]","args":[{"selector":{"controlType":"sap.m.SearchField","properties":{"placeholder":"Search"},"searchOpenDialogs":true,"interaction":{"idSuffix":"I"}},"wdio_ui5_key":"sapm.SearchField{\"placeholder\":\"Search\"}"}]}
RESULT: {"script":"<script> [1562 bytes]","args":[{"selector":{"controlType":"sap.m.SearchField","properties":{"placeholder":"Search"},"searchOpenDialogs":true,"interaction":{"idSuffix":"I"}},"wdio_ui5_key":"sapm.SearchField{\"placeholder\":\"Search\"}"}]}
RESULT: undefined
COMMAND: POST /session/324496234919104d937ca92dc3ef2aab/execute/async - {"script":"<script> [776 bytes]","args":[{"enterText":"bauh_b","selector":{"controlType":"sap.m.SearchField","properties":{"placeholder":"Search"},"searchOpenDialogs":true,"interaction":{"idSuffix":"I"}},"clearTextFirst":true,"interactionType":"ENTER_TEXT"}]}
RESULT: {"script":"<script> [776 bytes]","args":[{"enterText":"bauh_b","selector":{"controlType":"sap.m.SearchField","properties":{"placeholder":"Search"},"searchOpenDialogs":true,"interaction":{"idSuffix":"I"}},"clearTextFirst":true,"interactionType":"ENTER_TEXT"}]}
COMMAND: POST /session/324496234919104d937ca92dc3ef2aab/actions - {"actions":[{"id":"action21","type":"key","parameters":{},"actions":[{"type":"keyDown","value":""},{"type":"pause","duration":10},{"type":"keyUp","value":""}]}]}
RESULT: {"actions":[{"id":"action21","type":"key","parameters":{},"actions":[{"type":"keyDown","value":""},{"type":"pause","duration":10},{"type":"keyUp","value":""}]}]}
COMMAND: GET /session/324496234919104d937ca92dc3ef2aab/screenshot - {}
RESULT: {}
COMMAND: POST /session/324496234919104d937ca92dc3ef2aab/element - {"using":"xpath","value":"//span[contains(text(), \"Demo Yard\")]"}
RESULT: {"using":"xpath","value":"//span[contains(text(), \"Demo Yard\")]"}
COMMAND: POST /session/324496234919104d937ca92dc3ef2aab/element/f.350099D233706A5CE962F884DCED375A.d.B29955FFE18DEE4F6C23DBAC860225E9.e.6933/click - {}
RESULT: {}
COMMAND: GET /session/324496234919104d937ca92dc3ef2aab/screenshot - {}
RESULT: {}
COMMAND: POST /session/324496234919104d937ca92dc3ef2aab/element - {"using":"xpath","value":"//bdi[contains(text(), \"OK\")]"}
RESULT: {"using":"xpath","value":"//bdi[contains(text(), \"OK\")]"}
COMMAND: POST /session/324496234919104d937ca92dc3ef2aab/element/f.350099D233706A5CE962F884DCED375A.d.B29955FFE18DEE4F6C23DBAC860225E9.e.6934/click - {}
RESULT: {}
COMMAND: GET /session/324496234919104d937ca92dc3ef2aab/screenshot - {}
RESULT: {}
COMMAND: POST /session/324496234919104d937ca92dc3ef2aab/execute/async - {"script":"<script> [1562 bytes]","args":[{"selector":{"id":"application-manageyards-display-component---NewYard--addressEditDetailsCurrency-arrow"},"wdio_ui5_key":"applicationmanageyards-display-component---NewYard--addressEditDetailsCurrency-arrow"}]}
RESULT: {"script":"<script> [1562 bytes]","args":[{"selector":{"id":"application-manageyards-display-component---NewYard--addressEditDetailsCurrency-arrow"},"wdio_ui5_key":"applicationmanageyards-display-component---NewYard--addressEditDetailsCurrency-arrow"}]}
RESULT: undefined
COMMAND: POST /session/324496234919104d937ca92dc3ef2aab/element - {"using":"xpath","value":"//*[@id=\"application-manageyards-display-component---NewYard--addressEditDetailsCurrency-arrow\"]"}
RESULT: {"using":"xpath","value":"//*[@id=\"application-manageyards-display-component---NewYard--addressEditDetailsCurrency-arrow\"]"}
COMMAND: POST /session/324496234919104d937ca92dc3ef2aab/element/f.350099D233706A5CE962F884DCED375A.d.B29955FFE18DEE4F6C23DBAC860225E9.e.6937/click - {}
RESULT: {}
COMMAND: POST /session/324496234919104d937ca92dc3ef2aab/element - {"using":"xpath","value":"//span[contains(text(), \"Euro\")]"}
COMMAND: GET /session/324496234919104d937ca92dc3ef2aab/screenshot - {}
RESULT: {"using":"xpath","value":"//span[contains(text(), \"Euro\")]"}
COMMAND: POST /session/324496234919104d937ca92dc3ef2aab/element/f.350099D233706A5CE962F884DCED375A.d.B29955FFE18DEE4F6C23DBAC860225E9.e.6938/click - {}
RESULT: {}
RESULT: {}
COMMAND: POST /session/324496234919104d937ca92dc3ef2aab/execute/async - {"script":"<script> [1562 bytes]","args":[{"selector":{"controlType":"sap.m.Input","viewName":"etm.portal.ui.manageyards.view.New","viewId":"application-manageyards-display-component---NewYard","bindingPath":{"path":"","propertyPath":"/CONTROLLING_AREA","modelName":"NewYardModel"},"interaction":{"idSuffix":"inner"}},"wdio_ui5_key":"etmportal.ui.manageyards.view.Newsap.m.Input{\"path\":\"\",\"propertyPath\":\"/CONTROLLING_AREA\",\"modelName\":\"NewYardModel\"}"}]}
COMMAND: GET /session/324496234919104d937ca92dc3ef2aab/screenshot - {}
RESULT: {"script":"<script> [1562 bytes]","args":[{"selector":{"controlType":"sap.m.Input","viewName":"etm.portal.ui.manageyards.view.New","viewId":"application-manageyards-display-component---NewYard","bindingPath":{"path":"","propertyPath":"/CONTROLLING_AREA","modelName":"NewYardModel"},"interaction":{"idSuffix":"inner"}},"wdio_ui5_key":"etmportal.ui.manageyards.view.Newsap.m.Input{\"path\":\"\",\"propertyPath\":\"/CONTROLLING_AREA\",\"modelName\":\"NewYardModel\"}"}]}
RESULT: undefined
COMMAND: POST /session/324496234919104d937ca92dc3ef2aab/execute/async - {"script":"<script> [776 bytes]","args":[{"enterText":"Z001","selector":{"controlType":"sap.m.Input","viewName":"etm.portal.ui.manageyards.view.New","viewId":"application-manageyards-display-component---NewYard","bindingPath":{"path":"","propertyPath":"/CONTROLLING_AREA","modelName":"NewYardModel"},"interaction":{"idSuffix":"inner"}},"clearTextFirst":true,"interactionType":"ENTER_TEXT"}]}
RESULT: {}
RESULT: {"script":"<script> [776 bytes]","args":[{"enterText":"Z001","selector":{"controlType":"sap.m.Input","viewName":"etm.portal.ui.manageyards.view.New","viewId":"application-manageyards-display-component---NewYard","bindingPath":{"path":"","propertyPath":"/CONTROLLING_AREA","modelName":"NewYardModel"},"interaction":{"idSuffix":"inner"}},"clearTextFirst":true,"interactionType":"ENTER_TEXT"}]}
COMMAND: POST /session/324496234919104d937ca92dc3ef2aab/execute/async - {"script":"<script> [1562 bytes]","args":[{"selector":{"id":"application-manageyards-display-component---NewYard--companyCodeComboBox","interaction":{"idSuffix":"inner"}},"wdio_ui5_key":"applicationmanageyards-display-component---NewYard--companyCodeComboBox"}]}
RESULT: {"script":"<script> [1562 bytes]","args":[{"selector":{"id":"application-manageyards-display-component---NewYard--companyCodeComboBox","interaction":{"idSuffix":"inner"}},"wdio_ui5_key":"applicationmanageyards-display-component---NewYard--companyCodeComboBox"}]}
RESULT: undefined
COMMAND: POST /session/324496234919104d937ca92dc3ef2aab/execute/async - {"script":"<script> [776 bytes]","args":[{"enterText":"1000","selector":{"id":"application-manageyards-display-component---NewYard--companyCodeComboBox","interaction":{"idSuffix":"inner"}},"clearTextFirst":true,"interactionType":"ENTER_TEXT"}]}
RESULT: {"script":"<script> [776 bytes]","args":[{"enterText":"1000","selector":{"id":"application-manageyards-display-component---NewYard--companyCodeComboBox","interaction":{"idSuffix":"inner"}},"clearTextFirst":true,"interactionType":"ENTER_TEXT"}]}
COMMAND: POST /session/324496234919104d937ca92dc3ef2aab/execute/async - {"script":"<script> [1562 bytes]","args":[{"selector":{"controlType":"sap.m.Input","viewName":"etm.portal.ui.manageyards.view.New","viewId":"application-manageyards-display-component---NewYard","bindingPath":{"path":"","propertyPath":"/PLANT","modelName":"NewYardModel"},"interaction":{"idSuffix":"inner"}},"wdio_ui5_key":"etmportal.ui.manageyards.view.Newsap.m.Input{\"path\":\"\",\"propertyPath\":\"/PLANT\",\"modelName\":\"NewYardModel\"}"}]}
RESULT: {"script":"<script> [1562 bytes]","args":[{"selector":{"controlType":"sap.m.Input","viewName":"etm.portal.ui.manageyards.view.New","viewId":"application-manageyards-display-component---NewYard","bindingPath":{"path":"","propertyPath":"/PLANT","modelName":"NewYardModel"},"interaction":{"idSuffix":"inner"}},"wdio_ui5_key":"etmportal.ui.manageyards.view.Newsap.m.Input{\"path\":\"\",\"propertyPath\":\"/PLANT\",\"modelName\":\"NewYardModel\"}"}]}
RESULT: undefined
COMMAND: POST /session/324496234919104d937ca92dc3ef2aab/execute/async - {"script":"<script> [776 bytes]","args":[{"enterText":"1001","selector":{"controlType":"sap.m.Input","viewName":"etm.portal.ui.manageyards.view.New","viewId":"application-manageyards-display-component---NewYard","bindingPath":{"path":"","propertyPath":"/PLANT","modelName":"NewYardModel"},"interaction":{"idSuffix":"inner"}},"clearTextFirst":true,"interactionType":"ENTER_TEXT"}]}
RESULT: {"script":"<script> [776 bytes]","args":[{"enterText":"1001","selector":{"controlType":"sap.m.Input","viewName":"etm.portal.ui.manageyards.view.New","viewId":"application-manageyards-display-component---NewYard","bindingPath":{"path":"","propertyPath":"/PLANT","modelName":"NewYardModel"},"interaction":{"idSuffix":"inner"}},"clearTextFirst":true,"interactionType":"ENTER_TEXT"}]}
COMMAND: POST /session/324496234919104d937ca92dc3ef2aab/execute/async - {"script":"<script> [1562 bytes]","args":[{"selector":{"controlType":"sap.m.Input","viewName":"etm.portal.ui.manageyards.view.New","viewId":"application-manageyards-display-component---NewYard","bindingPath":{"path":"","propertyPath":"/SALES_AREA_VKORG","modelName":"NewYardModel"},"interaction":{"idSuffix":"inner"}},"wdio_ui5_key":"etmportal.ui.manageyards.view.Newsap.m.Input{\"path\":\"\",\"propertyPath\":\"/SALES_AREA_VKORG\",\"modelName\":\"NewYardModel\"}"}]}
RESULT: {"script":"<script> [1562 bytes]","args":[{"selector":{"controlType":"sap.m.Input","viewName":"etm.portal.ui.manageyards.view.New","viewId":"application-manageyards-display-component---NewYard","bindingPath":{"path":"","propertyPath":"/SALES_AREA_VKORG","modelName":"NewYardModel"},"interaction":{"idSuffix":"inner"}},"wdio_ui5_key":"etmportal.ui.manageyards.view.Newsap.m.Input{\"path\":\"\",\"propertyPath\":\"/SALES_AREA_VKORG\",\"modelName\":\"NewYardModel\"}"}]}
RESULT: undefined
COMMAND: POST /session/324496234919104d937ca92dc3ef2aab/execute/async - {"script":"<script> [776 bytes]","args":[{"enterText":"C002","selector":{"controlType":"sap.m.Input","viewName":"etm.portal.ui.manageyards.view.New","viewId":"application-manageyards-display-component---NewYard","bindingPath":{"path":"","propertyPath":"/SALES_AREA_VKORG","modelName":"NewYardModel"},"interaction":{"idSuffix":"inner"}},"clearTextFirst":true,"interactionType":"ENTER_TEXT"}]}
RESULT: {"script":"<script> [776 bytes]","args":[{"enterText":"C002","selector":{"controlType":"sap.m.Input","viewName":"etm.portal.ui.manageyards.view.New","viewId":"application-manageyards-display-component---NewYard","bindingPath":{"path":"","propertyPath":"/SALES_AREA_VKORG","modelName":"NewYardModel"},"interaction":{"idSuffix":"inner"}},"clearTextFirst":true,"interactionType":"ENTER_TEXT"}]}
COMMAND: POST /session/324496234919104d937ca92dc3ef2aab/execute/async - {"script":"<script> [1562 bytes]","args":[{"selector":{"controlType":"sap.m.Input","viewName":"etm.portal.ui.manageyards.view.New","viewId":"application-manageyards-display-component---NewYard","bindingPath":{"path":"","propertyPath":"/SALES_AREA_VTWEG","modelName":"NewYardModel"},"interaction":{"idSuffix":"inner"}},"wdio_ui5_key":"etmportal.ui.manageyards.view.Newsap.m.Input{\"path\":\"\",\"propertyPath\":\"/SALES_AREA_VTWEG\",\"modelName\":\"NewYardModel\"}"}]}
RESULT: {"script":"<script> [1562 bytes]","args":[{"selector":{"controlType":"sap.m.Input","viewName":"etm.portal.ui.manageyards.view.New","viewId":"application-manageyards-display-component---NewYard","bindingPath":{"path":"","propertyPath":"/SALES_AREA_VTWEG","modelName":"NewYardModel"},"interaction":{"idSuffix":"inner"}},"wdio_ui5_key":"etmportal.ui.manageyards.view.Newsap.m.Input{\"path\":\"\",\"propertyPath\":\"/SALES_AREA_VTWEG\",\"modelName\":\"NewYardModel\"}"}]}
RESULT: undefined
COMMAND: POST /session/324496234919104d937ca92dc3ef2aab/execute/async - {"script":"<script> [776 bytes]","args":[{"enterText":"C2","selector":{"controlType":"sap.m.Input","viewName":"etm.portal.ui.manageyards.view.New","viewId":"application-manageyards-display-component---NewYard","bindingPath":{"path":"","propertyPath":"/SALES_AREA_VTWEG","modelName":"NewYardModel"},"interaction":{"idSuffix":"inner"}},"clearTextFirst":true,"interactionType":"ENTER_TEXT"}]}
RESULT: {"script":"<script> [776 bytes]","args":[{"enterText":"C2","selector":{"controlType":"sap.m.Input","viewName":"etm.portal.ui.manageyards.view.New","viewId":"application-manageyards-display-component---NewYard","bindingPath":{"path":"","propertyPath":"/SALES_AREA_VTWEG","modelName":"NewYardModel"},"interaction":{"idSuffix":"inner"}},"clearTextFirst":true,"interactionType":"ENTER_TEXT"}]}
COMMAND: POST /session/324496234919104d937ca92dc3ef2aab/execute/async - {"script":"<script> [1562 bytes]","args":[{"selector":{"controlType":"sap.m.Input","viewName":"etm.portal.ui.manageyards.view.New","viewId":"application-manageyards-display-component---NewYard","bindingPath":{"path":"","propertyPath":"/SALES_AREA_SPART","modelName":"NewYardModel"},"interaction":{"idSuffix":"inner"}},"wdio_ui5_key":"etmportal.ui.manageyards.view.Newsap.m.Input{\"path\":\"\",\"propertyPath\":\"/SALES_AREA_SPART\",\"modelName\":\"NewYardModel\"}"}]}
RESULT: {"script":"<script> [1562 bytes]","args":[{"selector":{"controlType":"sap.m.Input","viewName":"etm.portal.ui.manageyards.view.New","viewId":"application-manageyards-display-component---NewYard","bindingPath":{"path":"","propertyPath":"/SALES_AREA_SPART","modelName":"NewYardModel"},"interaction":{"idSuffix":"inner"}},"wdio_ui5_key":"etmportal.ui.manageyards.view.Newsap.m.Input{\"path\":\"\",\"propertyPath\":\"/SALES_AREA_SPART\",\"modelName\":\"NewYardModel\"}"}]}
RESULT: undefined
COMMAND: POST /session/324496234919104d937ca92dc3ef2aab/execute/async - {"script":"<script> [776 bytes]","args":[{"enterText":"C2","selector":{"controlType":"sap.m.Input","viewName":"etm.portal.ui.manageyards.view.New","viewId":"application-manageyards-display-component---NewYard","bindingPath":{"path":"","propertyPath":"/SALES_AREA_SPART","modelName":"NewYardModel"},"interaction":{"idSuffix":"inner"}},"clearTextFirst":true,"interactionType":"ENTER_TEXT"}]}
RESULT: {"script":"<script> [776 bytes]","args":[{"enterText":"C2","selector":{"controlType":"sap.m.Input","viewName":"etm.portal.ui.manageyards.view.New","viewId":"application-manageyards-display-component---NewYard","bindingPath":{"path":"","propertyPath":"/SALES_AREA_SPART","modelName":"NewYardModel"},"interaction":{"idSuffix":"inner"}},"clearTextFirst":true,"interactionType":"ENTER_TEXT"}]}
COMMAND: POST /session/324496234919104d937ca92dc3ef2aab/execute/async - {"script":"<script> [1562 bytes]","args":[{"selector":{"controlType":"sap.m.Input","viewName":"etm.portal.ui.manageyards.view.New","viewId":"application-manageyards-display-component---NewYard","bindingPath":{"path":"","propertyPath":"/SHIP_POINT","modelName":"NewYardModel"},"interaction":{"idSuffix":"inner"}},"wdio_ui5_key":"etmportal.ui.manageyards.view.Newsap.m.Input{\"path\":\"\",\"propertyPath\":\"/SHIP_POINT\",\"modelName\":\"NewYardModel\"}"}]}
RESULT: {"script":"<script> [1562 bytes]","args":[{"selector":{"controlType":"sap.m.Input","viewName":"etm.portal.ui.manageyards.view.New","viewId":"application-manageyards-display-component---NewYard","bindingPath":{"path":"","propertyPath":"/SHIP_POINT","modelName":"NewYardModel"},"interaction":{"idSuffix":"inner"}},"wdio_ui5_key":"etmportal.ui.manageyards.view.Newsap.m.Input{\"path\":\"\",\"propertyPath\":\"/SHIP_POINT\",\"modelName\":\"NewYardModel\"}"}]}
RESULT: undefined
COMMAND: POST /session/324496234919104d937ca92dc3ef2aab/execute/async - {"script":"<script> [776 bytes]","args":[{"enterText":"1710","selector":{"controlType":"sap.m.Input","viewName":"etm.portal.ui.manageyards.view.New","viewId":"application-manageyards-display-component---NewYard","bindingPath":{"path":"","propertyPath":"/SHIP_POINT","modelName":"NewYardModel"},"interaction":{"idSuffix":"inner"}},"clearTextFirst":true,"interactionType":"ENTER_TEXT"}]}
RESULT: {"script":"<script> [776 bytes]","args":[{"enterText":"1710","selector":{"controlType":"sap.m.Input","viewName":"etm.portal.ui.manageyards.view.New","viewId":"application-manageyards-display-component---NewYard","bindingPath":{"path":"","propertyPath":"/SHIP_POINT","modelName":"NewYardModel"},"interaction":{"idSuffix":"inner"}},"clearTextFirst":true,"interactionType":"ENTER_TEXT"}]}
COMMAND: POST /session/324496234919104d937ca92dc3ef2aab/execute/async - {"script":"<script> [1562 bytes]","args":[{"selector":{"controlType":"sap.m.Input","viewName":"etm.portal.ui.manageyards.view.New","viewId":"application-manageyards-display-component---NewYard","bindingPath":{"path":"","propertyPath":"/DELIVERY_TYPE","modelName":"NewYardModel"},"interaction":{"idSuffix":"inner"}},"wdio_ui5_key":"etmportal.ui.manageyards.view.Newsap.m.Input{\"path\":\"\",\"propertyPath\":\"/DELIVERY_TYPE\",\"modelName\":\"NewYardModel\"}"}]}
RESULT: {"script":"<script> [1562 bytes]","args":[{"selector":{"controlType":"sap.m.Input","viewName":"etm.portal.ui.manageyards.view.New","viewId":"application-manageyards-display-component---NewYard","bindingPath":{"path":"","propertyPath":"/DELIVERY_TYPE","modelName":"NewYardModel"},"interaction":{"idSuffix":"inner"}},"wdio_ui5_key":"etmportal.ui.manageyards.view.Newsap.m.Input{\"path\":\"\",\"propertyPath\":\"/DELIVERY_TYPE\",\"modelName\":\"NewYardModel\"}"}]}
RESULT: undefined
COMMAND: POST /session/324496234919104d937ca92dc3ef2aab/execute/async - {"script":"<script> [776 bytes]","args":[{"enterText":"ZL01","selector":{"controlType":"sap.m.Input","viewName":"etm.portal.ui.manageyards.view.New","viewId":"application-manageyards-display-component---NewYard","bindingPath":{"path":"","propertyPath":"/DELIVERY_TYPE","modelName":"NewYardModel"},"interaction":{"idSuffix":"inner"}},"clearTextFirst":true,"interactionType":"ENTER_TEXT"}]}
RESULT: {"script":"<script> [776 bytes]","args":[{"enterText":"ZL01","selector":{"controlType":"sap.m.Input","viewName":"etm.portal.ui.manageyards.view.New","viewId":"application-manageyards-display-component---NewYard","bindingPath":{"path":"","propertyPath":"/DELIVERY_TYPE","modelName":"NewYardModel"},"interaction":{"idSuffix":"inner"}},"clearTextFirst":true,"interactionType":"ENTER_TEXT"}]}
COMMAND: POST /session/324496234919104d937ca92dc3ef2aab/execute/async - {"script":"<script> [1562 bytes]","args":[{"selector":{"controlType":"sap.m.Input","viewName":"etm.portal.ui.manageyards.view.New","viewId":"application-manageyards-display-component---NewYard","bindingPath":{"path":"","propertyPath":"/AUART","modelName":"NewYardModel"},"interaction":{"idSuffix":"inner"}},"wdio_ui5_key":"etmportal.ui.manageyards.view.Newsap.m.Input{\"path\":\"\",\"propertyPath\":\"/AUART\",\"modelName\":\"NewYardModel\"}"}]}
RESULT: {"script":"<script> [1562 bytes]","args":[{"selector":{"controlType":"sap.m.Input","viewName":"etm.portal.ui.manageyards.view.New","viewId":"application-manageyards-display-component---NewYard","bindingPath":{"path":"","propertyPath":"/AUART","modelName":"NewYardModel"},"interaction":{"idSuffix":"inner"}},"wdio_ui5_key":"etmportal.ui.manageyards.view.Newsap.m.Input{\"path\":\"\",\"propertyPath\":\"/AUART\",\"modelName\":\"NewYardModel\"}"}]}
RESULT: undefined
COMMAND: POST /session/324496234919104d937ca92dc3ef2aab/execute/async - {"script":"<script> [776 bytes]","args":[{"enterText":"TA","selector":{"controlType":"sap.m.Input","viewName":"etm.portal.ui.manageyards.view.New","viewId":"application-manageyards-display-component---NewYard","bindingPath":{"path":"","propertyPath":"/AUART","modelName":"NewYardModel"},"interaction":{"idSuffix":"inner"}},"clearTextFirst":true,"interactionType":"ENTER_TEXT"}]}
RESULT: {"script":"<script> [776 bytes]","args":[{"enterText":"TA","selector":{"controlType":"sap.m.Input","viewName":"etm.portal.ui.manageyards.view.New","viewId":"application-manageyards-display-component---NewYard","bindingPath":{"path":"","propertyPath":"/AUART","modelName":"NewYardModel"},"interaction":{"idSuffix":"inner"}},"clearTextFirst":true,"interactionType":"ENTER_TEXT"}]}
COMMAND: POST /session/324496234919104d937ca92dc3ef2aab/element - {"using":"xpath","value":"//button[@data-kt=\"newYardSaveButton\"]"}
RESULT: {"using":"xpath","value":"//button[@data-kt=\"newYardSaveButton\"]"}
COMMAND: POST /session/324496234919104d937ca92dc3ef2aab/element/f.350099D233706A5CE962F884DCED375A.d.B29955FFE18DEE4F6C23DBAC860225E9.e.6865/click - {}
RESULT: {}
COMMAND: GET /session/324496234919104d937ca92dc3ef2aab/screenshot - {}
RESULT: {}
COMMAND: POST /session/324496234919104d937ca92dc3ef2aab/element - {"using":"xpath","value":"//header[contains(@id, 'ObjectPageLayout-headerTitle')]/div[1]/div[2]/div[1]/span[1]"}
RESULT: {"using":"xpath","value":"//header[contains(@id, 'ObjectPageLayout-headerTitle')]/div[1]/div[2]/div[1]/span[1]"}
COMMAND: POST /session/324496234919104d937ca92dc3ef2aab/elements - {"using":"xpath","value":"//header[contains(@id, 'ObjectPageLayout-headerTitle')]/div[1]/div[2]/div[1]/span[1]"}
RESULT: {"using":"xpath","value":"//header[contains(@id, 'ObjectPageLayout-headerTitle')]/div[1]/div[2]/div[1]/span[1]"}
COMMAND: POST /session/324496234919104d937ca92dc3ef2aab/execute/sync - {"script":"<script> [56 bytes]","args":[{"element-6066-11e4-a52e-4f735466cecf":"f.350099D233706A5CE962F884DCED375A.d.B29955FFE18DEE4F6C23DBAC860225E9.e.7157","ELEMENT":"f.350099D233706A5CE962F884DCED375A.d.B29955FFE18DEE4F6C23DBAC860225E9.e.7157"}]}
RESULT: {"script":"<script> [56 bytes]","args":[{"element-6066-11e4-a52e-4f735466cecf":"f.350099D233706A5CE962F884DCED375A.d.B29955FFE18DEE4F6C23DBAC860225E9.e.7157","ELEMENT":"f.350099D233706A5CE962F884DCED375A.d.B29955FFE18DEE4F6C23DBAC860225E9.e.7157"}]}
COMMAND: GET /session/324496234919104d937ca92dc3ef2aab/screenshot - {}
RESULT: {}
COMMAND: POST /session/324496234919104d937ca92dc3ef2aab/element - {"using":"css selector","value":"#shell-header-logo"}
RESULT: {"using":"css selector","value":"#shell-header-logo"}
COMMAND: POST /session/324496234919104d937ca92dc3ef2aab/element/f.350099D233706A5CE962F884DCED375A.d.B29955FFE18DEE4F6C23DBAC860225E9.e.6420/click - {}
RESULT: {}
COMMAND: GET /session/324496234919104d937ca92dc3ef2aab/screenshot - {}
RESULT: {}
COMMAND: POST /session/324496234919104d937ca92dc3ef2aab/execute/sync - {"script":"<script> [299 bytes]","args":[["getModel","getResource"]]}
RESULT: {"script":"<script> [299 bytes]","args":[["getModel","getResource"]]}
COMMAND: GET /session/324496234919104d937ca92dc3ef2aab/screenshot - {}
]]></system-out>
    </testcase>
    <testcase classname="chrome.136_0_7103_93.windows.Create_master_data_for_mixed_billing_&amp;_do_billing_calculation_US151661" name="Should create a new partner" time="144.175">
      <system-out><![CDATA[
COMMAND: POST /session/324496234919104d937ca92dc3ef2aab/window/fullscreen - {}
RESULT: {}
RESULT: {}
COMMAND: POST /session/324496234919104d937ca92dc3ef2aab/execute/async - {"script":"<script> [1562 bytes]","args":[{"selector":{"controlType":"sap.m.GenericTile","properties":{"header":"Manage Partners"}},"wdio_ui5_key":"sapm.GenericTile{\"header\":\"Manage Partners\"}"}]}
RESULT: {"script":"<script> [1562 bytes]","args":[{"selector":{"controlType":"sap.m.GenericTile","properties":{"header":"Manage Partners"}},"wdio_ui5_key":"sapm.GenericTile{\"header\":\"Manage Partners\"}"}]}
RESULT: undefined
COMMAND: POST /session/324496234919104d937ca92dc3ef2aab/element - {"using":"xpath","value":"//*[@id=\"__tile38\"]"}
RESULT: {"using":"xpath","value":"//*[@id=\"__tile38\"]"}
COMMAND: POST /session/324496234919104d937ca92dc3ef2aab/element/f.350099D233706A5CE962F884DCED375A.d.B29955FFE18DEE4F6C23DBAC860225E9.e.6310/click - {}
RESULT: {}
COMMAND: GET /session/324496234919104d937ca92dc3ef2aab/screenshot - {}
RESULT: {}
COMMAND: POST /session/324496234919104d937ca92dc3ef2aab/elements - {"using":"xpath","value":"//span[text()='Error']"}
RESULT: {"using":"xpath","value":"//span[text()='Error']"}
COMMAND: POST /session/324496234919104d937ca92dc3ef2aab/element - {"using":"xpath","value":"//button[@data-kt=\"addButton\"]"}
RESULT: {"using":"xpath","value":"//button[@data-kt=\"addButton\"]"}
COMMAND: POST /session/324496234919104d937ca92dc3ef2aab/elements - {"using":"xpath","value":"//button[@data-kt=\"addButton\"]"}
RESULT: {"using":"xpath","value":"//button[@data-kt=\"addButton\"]"}
COMMAND: POST /session/324496234919104d937ca92dc3ef2aab/execute/sync - {"script":"<script> [8489 bytes]","args":[{"element-6066-11e4-a52e-4f735466cecf":"f.350099D233706A5CE962F884DCED375A.d.B29955FFE18DEE4F6C23DBAC860225E9.e.7195","ELEMENT":"f.350099D233706A5CE962F884DCED375A.d.B29955FFE18DEE4F6C23DBAC860225E9.e.7195"}]}
RESULT: {"script":"<script> [8489 bytes]","args":[{"element-6066-11e4-a52e-4f735466cecf":"f.350099D233706A5CE962F884DCED375A.d.B29955FFE18DEE4F6C23DBAC860225E9.e.7195","ELEMENT":"f.350099D233706A5CE962F884DCED375A.d.B29955FFE18DEE4F6C23DBAC860225E9.e.7195"}]}
COMMAND: GET /session/324496234919104d937ca92dc3ef2aab/element/f.350099D233706A5CE962F884DCED375A.d.B29955FFE18DEE4F6C23DBAC860225E9.e.7195/enabled - {}
COMMAND: GET /session/324496234919104d937ca92dc3ef2aab/screenshot - {}
RESULT: {}
COMMAND: POST /session/324496234919104d937ca92dc3ef2aab/execute/sync - {"script":"<script> [8489 bytes]","args":[{"element-6066-11e4-a52e-4f735466cecf":"f.350099D233706A5CE962F884DCED375A.d.B29955FFE18DEE4F6C23DBAC860225E9.e.7195","ELEMENT":"f.350099D233706A5CE962F884DCED375A.d.B29955FFE18DEE4F6C23DBAC860225E9.e.7195"}]}
COMMAND: GET /session/324496234919104d937ca92dc3ef2aab/screenshot - {}
RESULT: {}
RESULT: {"script":"<script> [8489 bytes]","args":[{"element-6066-11e4-a52e-4f735466cecf":"f.350099D233706A5CE962F884DCED375A.d.B29955FFE18DEE4F6C23DBAC860225E9.e.7195","ELEMENT":"f.350099D233706A5CE962F884DCED375A.d.B29955FFE18DEE4F6C23DBAC860225E9.e.7195"}]}
COMMAND: POST /session/324496234919104d937ca92dc3ef2aab/execute/sync - {"script":"<script> [5351 bytes]","args":[{"element-6066-11e4-a52e-4f735466cecf":"f.350099D233706A5CE962F884DCED375A.d.B29955FFE18DEE4F6C23DBAC860225E9.e.7195","ELEMENT":"f.350099D233706A5CE962F884DCED375A.d.B29955FFE18DEE4F6C23DBAC860225E9.e.7195"}]}
COMMAND: GET /session/324496234919104d937ca92dc3ef2aab/screenshot - {}
RESULT: {}
RESULT: {"script":"<script> [5351 bytes]","args":[{"element-6066-11e4-a52e-4f735466cecf":"f.350099D233706A5CE962F884DCED375A.d.B29955FFE18DEE4F6C23DBAC860225E9.e.7195","ELEMENT":"f.350099D233706A5CE962F884DCED375A.d.B29955FFE18DEE4F6C23DBAC860225E9.e.7195"}]}
COMMAND: POST /session/324496234919104d937ca92dc3ef2aab/element/f.350099D233706A5CE962F884DCED375A.d.B29955FFE18DEE4F6C23DBAC860225E9.e.7195/click - {}
COMMAND: GET /session/324496234919104d937ca92dc3ef2aab/screenshot - {}
RESULT: {}
RESULT: {}
COMMAND: GET /session/324496234919104d937ca92dc3ef2aab/screenshot - {}
COMMAND: POST /session/324496234919104d937ca92dc3ef2aab/execute/async - {"script":"<script> [1562 bytes]","args":[{"selector":{"id":"application-managepartners-display-component---NewPartner--addressDetailDetailsName1","interaction":{"idSuffix":"inner"}},"wdio_ui5_key":"applicationmanagepartners-display-component---NewPartner--addressDetailDetailsName1"}]}
RESULT: {}
RESULT: {}
RESULT: {"script":"<script> [1562 bytes]","args":[{"selector":{"id":"application-managepartners-display-component---NewPartner--addressDetailDetailsName1","interaction":{"idSuffix":"inner"}},"wdio_ui5_key":"applicationmanagepartners-display-component---NewPartner--addressDetailDetailsName1"}]}
RESULT: undefined
COMMAND: POST /session/324496234919104d937ca92dc3ef2aab/execute/async - {"script":"<script> [776 bytes]","args":[{"enterText":"Intercompany Partner WDIO","selector":{"id":"application-managepartners-display-component---NewPartner--addressDetailDetailsName1","interaction":{"idSuffix":"inner"}},"clearTextFirst":true,"interactionType":"ENTER_TEXT"}]}
RESULT: {"script":"<script> [776 bytes]","args":[{"enterText":"Intercompany Partner WDIO","selector":{"id":"application-managepartners-display-component---NewPartner--addressDetailDetailsName1","interaction":{"idSuffix":"inner"}},"clearTextFirst":true,"interactionType":"ENTER_TEXT"}]}
COMMAND: POST /session/324496234919104d937ca92dc3ef2aab/execute/async - {"script":"<script> [1562 bytes]","args":[{"selector":{"id":"application-managepartners-display-component---NewPartner--addressDetailDetailsLanguage-arrow"},"wdio_ui5_key":"applicationmanagepartners-display-component---NewPartner--addressDetailDetailsLanguage-arrow"}]}
RESULT: {"script":"<script> [1562 bytes]","args":[{"selector":{"id":"application-managepartners-display-component---NewPartner--addressDetailDetailsLanguage-arrow"},"wdio_ui5_key":"applicationmanagepartners-display-component---NewPartner--addressDetailDetailsLanguage-arrow"}]}
RESULT: undefined
COMMAND: POST /session/324496234919104d937ca92dc3ef2aab/element - {"using":"xpath","value":"//*[@id=\"application-managepartners-display-component---NewPartner--addressDetailDetailsLanguage-arrow\"]"}
RESULT: {"using":"xpath","value":"//*[@id=\"application-managepartners-display-component---NewPartner--addressDetailDetailsLanguage-arrow\"]"}
COMMAND: POST /session/324496234919104d937ca92dc3ef2aab/element/f.350099D233706A5CE962F884DCED375A.d.B29955FFE18DEE4F6C23DBAC860225E9.e.7606/click - {}
RESULT: {}
COMMAND: POST /session/324496234919104d937ca92dc3ef2aab/element - {"using":"xpath","value":"//span[contains(text(), \"English\")]"}
COMMAND: GET /session/324496234919104d937ca92dc3ef2aab/screenshot - {}
RESULT: {"using":"xpath","value":"//span[contains(text(), \"English\")]"}
COMMAND: POST /session/324496234919104d937ca92dc3ef2aab/element/f.350099D233706A5CE962F884DCED375A.d.B29955FFE18DEE4F6C23DBAC860225E9.e.7607/click - {}
RESULT: {}
RESULT: {}
COMMAND: GET /session/324496234919104d937ca92dc3ef2aab/screenshot - {}
RESULT: {}
COMMAND: POST /session/324496234919104d937ca92dc3ef2aab/execute/async - {"script":"<script> [1562 bytes]","args":[{"selector":{"id":"application-managepartners-display-component---NewPartner--addressDetailDetailsCity1","interaction":{"idSuffix":"inner"}},"wdio_ui5_key":"applicationmanagepartners-display-component---NewPartner--addressDetailDetailsCity1"}]}
RESULT: {"script":"<script> [1562 bytes]","args":[{"selector":{"id":"application-managepartners-display-component---NewPartner--addressDetailDetailsCity1","interaction":{"idSuffix":"inner"}},"wdio_ui5_key":"applicationmanagepartners-display-component---NewPartner--addressDetailDetailsCity1"}]}
RESULT: undefined
COMMAND: POST /session/324496234919104d937ca92dc3ef2aab/execute/async - {"script":"<script> [776 bytes]","args":[{"enterText":"Rosario","selector":{"id":"application-managepartners-display-component---NewPartner--addressDetailDetailsCity1","interaction":{"idSuffix":"inner"}},"clearTextFirst":true,"interactionType":"ENTER_TEXT"}]}
RESULT: {"script":"<script> [776 bytes]","args":[{"enterText":"Rosario","selector":{"id":"application-managepartners-display-component---NewPartner--addressDetailDetailsCity1","interaction":{"idSuffix":"inner"}},"clearTextFirst":true,"interactionType":"ENTER_TEXT"}]}
COMMAND: POST /session/324496234919104d937ca92dc3ef2aab/execute/async - {"script":"<script> [1562 bytes]","args":[{"selector":{"id":"application-managepartners-display-component---NewPartner--addressDetailDetailsCountry-arrow"},"wdio_ui5_key":"applicationmanagepartners-display-component---NewPartner--addressDetailDetailsCountry-arrow"}]}
RESULT: {"script":"<script> [1562 bytes]","args":[{"selector":{"id":"application-managepartners-display-component---NewPartner--addressDetailDetailsCountry-arrow"},"wdio_ui5_key":"applicationmanagepartners-display-component---NewPartner--addressDetailDetailsCountry-arrow"}]}
RESULT: undefined
COMMAND: POST /session/324496234919104d937ca92dc3ef2aab/element - {"using":"xpath","value":"//*[@id=\"application-managepartners-display-component---NewPartner--addressDetailDetailsCountry-arrow\"]"}
RESULT: {"using":"xpath","value":"//*[@id=\"application-managepartners-display-component---NewPartner--addressDetailDetailsCountry-arrow\"]"}
COMMAND: POST /session/324496234919104d937ca92dc3ef2aab/element/f.350099D233706A5CE962F884DCED375A.d.B29955FFE18DEE4F6C23DBAC860225E9.e.7569/click - {}
RESULT: {}
COMMAND: POST /session/324496234919104d937ca92dc3ef2aab/element - {"using":"xpath","value":"//span[contains(text(), \"Argentina\")]"}
COMMAND: GET /session/324496234919104d937ca92dc3ef2aab/screenshot - {}
RESULT: {"using":"xpath","value":"//span[contains(text(), \"Argentina\")]"}
COMMAND: POST /session/324496234919104d937ca92dc3ef2aab/element/f.350099D233706A5CE962F884DCED375A.d.B29955FFE18DEE4F6C23DBAC860225E9.e.7609/click - {}
RESULT: {}
RESULT: {}
COMMAND: GET /session/324496234919104d937ca92dc3ef2aab/screenshot - {}
RESULT: {}
COMMAND: POST /session/324496234919104d937ca92dc3ef2aab/element - {"using":"xpath","value":"//bdi[contains(text(), \"Commercial\")]"}
RESULT: {"using":"xpath","value":"//bdi[contains(text(), \"Commercial\")]"}
COMMAND: POST /session/324496234919104d937ca92dc3ef2aab/element/f.350099D233706A5CE962F884DCED375A.d.B29955FFE18DEE4F6C23DBAC860225E9.e.7610/click - {}
RESULT: {}
COMMAND: GET /session/324496234919104d937ca92dc3ef2aab/screenshot - {}
RESULT: {}
COMMAND: POST /session/324496234919104d937ca92dc3ef2aab/execute/async - {"script":"<script> [1562 bytes]","args":[{"selector":{"id":"application-managepartners-display-component---NewPartner--partnerDetailInternal-arrow"},"wdio_ui5_key":"applicationmanagepartners-display-component---NewPartner--partnerDetailInternal-arrow"}]}
RESULT: {"script":"<script> [1562 bytes]","args":[{"selector":{"id":"application-managepartners-display-component---NewPartner--partnerDetailInternal-arrow"},"wdio_ui5_key":"applicationmanagepartners-display-component---NewPartner--partnerDetailInternal-arrow"}]}
RESULT: undefined
COMMAND: POST /session/324496234919104d937ca92dc3ef2aab/element - {"using":"xpath","value":"//*[@id=\"application-managepartners-display-component---NewPartner--partnerDetailInternal-arrow\"]"}
RESULT: {"using":"xpath","value":"//*[@id=\"application-managepartners-display-component---NewPartner--partnerDetailInternal-arrow\"]"}
COMMAND: POST /session/324496234919104d937ca92dc3ef2aab/element/f.350099D233706A5CE962F884DCED375A.d.B29955FFE18DEE4F6C23DBAC860225E9.e.7616/click - {}
RESULT: {}
COMMAND: POST /session/324496234919104d937ca92dc3ef2aab/element - {"using":"xpath","value":"//span[contains(text(), \"Affiliated company\")]"}
COMMAND: GET /session/324496234919104d937ca92dc3ef2aab/screenshot - {}
RESULT: {"using":"xpath","value":"//span[contains(text(), \"Affiliated company\")]"}
COMMAND: POST /session/324496234919104d937ca92dc3ef2aab/element/f.350099D233706A5CE962F884DCED375A.d.B29955FFE18DEE4F6C23DBAC860225E9.e.7617/click - {}
RESULT: {}
RESULT: {}
COMMAND: POST /session/324496234919104d937ca92dc3ef2aab/execute/async - {"script":"<script> [1562 bytes]","args":[{"selector":{"id":"application-managepartners-display-component---NewPartner--partnerDetailsCurrency-arrow"},"wdio_ui5_key":"applicationmanagepartners-display-component---NewPartner--partnerDetailsCurrency-arrow"}]}
COMMAND: GET /session/324496234919104d937ca92dc3ef2aab/screenshot - {}
RESULT: {"script":"<script> [1562 bytes]","args":[{"selector":{"id":"application-managepartners-display-component---NewPartner--partnerDetailsCurrency-arrow"},"wdio_ui5_key":"applicationmanagepartners-display-component---NewPartner--partnerDetailsCurrency-arrow"}]}
RESULT: undefined
COMMAND: POST /session/324496234919104d937ca92dc3ef2aab/element - {"using":"xpath","value":"//*[@id=\"application-managepartners-display-component---NewPartner--partnerDetailsCurrency-arrow\"]"}
RESULT: {}
RESULT: {"using":"xpath","value":"//*[@id=\"application-managepartners-display-component---NewPartner--partnerDetailsCurrency-arrow\"]"}
COMMAND: POST /session/324496234919104d937ca92dc3ef2aab/element/f.350099D233706A5CE962F884DCED375A.d.B29955FFE18DEE4F6C23DBAC860225E9.e.7624/click - {}
RESULT: {}
COMMAND: POST /session/324496234919104d937ca92dc3ef2aab/element - {"using":"xpath","value":"//span[contains(text(), \"Euro\")]"}
COMMAND: GET /session/324496234919104d937ca92dc3ef2aab/screenshot - {}
RESULT: {"using":"xpath","value":"//span[contains(text(), \"Euro\")]"}
COMMAND: POST /session/324496234919104d937ca92dc3ef2aab/element/f.350099D233706A5CE962F884DCED375A.d.B29955FFE18DEE4F6C23DBAC860225E9.e.7625/click - {}
RESULT: {}
RESULT: {}
COMMAND: POST /session/324496234919104d937ca92dc3ef2aab/execute/async - {"script":"<script> [1562 bytes]","args":[{"selector":{"id":"application-managepartners-display-component---NewPartner--addressEditDetailsCostObjectCstType-arrow"},"wdio_ui5_key":"applicationmanagepartners-display-component---NewPartner--addressEditDetailsCostObjectCstType-arrow"}]}
COMMAND: GET /session/324496234919104d937ca92dc3ef2aab/screenshot - {}
RESULT: {"script":"<script> [1562 bytes]","args":[{"selector":{"id":"application-managepartners-display-component---NewPartner--addressEditDetailsCostObjectCstType-arrow"},"wdio_ui5_key":"applicationmanagepartners-display-component---NewPartner--addressEditDetailsCostObjectCstType-arrow"}]}
RESULT: undefined
COMMAND: POST /session/324496234919104d937ca92dc3ef2aab/element - {"using":"xpath","value":"//*[@id=\"application-managepartners-display-component---NewPartner--addressEditDetailsCostObjectCstType-arrow\"]"}
RESULT: {}
RESULT: {"using":"xpath","value":"//*[@id=\"application-managepartners-display-component---NewPartner--addressEditDetailsCostObjectCstType-arrow\"]"}
COMMAND: POST /session/324496234919104d937ca92dc3ef2aab/element/f.350099D233706A5CE962F884DCED375A.d.B29955FFE18DEE4F6C23DBAC860225E9.e.7626/click - {}
RESULT: {}
COMMAND: POST /session/324496234919104d937ca92dc3ef2aab/element - {"using":"xpath","value":"//span[contains(text(), \"Cost Center\")]"}
COMMAND: GET /session/324496234919104d937ca92dc3ef2aab/screenshot - {}
RESULT: {"using":"xpath","value":"//span[contains(text(), \"Cost Center\")]"}
COMMAND: POST /session/324496234919104d937ca92dc3ef2aab/element/f.350099D233706A5CE962F884DCED375A.d.B29955FFE18DEE4F6C23DBAC860225E9.e.7627/click - {}
RESULT: {}
RESULT: {}
COMMAND: GET /session/324496234919104d937ca92dc3ef2aab/screenshot - {}
RESULT: {}
COMMAND: POST /session/324496234919104d937ca92dc3ef2aab/element - {"using":"xpath","value":"//span[@id=\"application-managepartners-display-component---NewPartner--addressNewCostObjectCstID-vhi\"]"}
RESULT: {"using":"xpath","value":"//span[@id=\"application-managepartners-display-component---NewPartner--addressNewCostObjectCstID-vhi\"]"}
COMMAND: POST /session/324496234919104d937ca92dc3ef2aab/execute/sync - {"script":"<script> [8489 bytes]","args":[{"element-6066-11e4-a52e-4f735466cecf":"f.350099D233706A5CE962F884DCED375A.d.B29955FFE18DEE4F6C23DBAC860225E9.e.7631","ELEMENT":"f.350099D233706A5CE962F884DCED375A.d.B29955FFE18DEE4F6C23DBAC860225E9.e.7631"}]}
RESULT: {"script":"<script> [8489 bytes]","args":[{"element-6066-11e4-a52e-4f735466cecf":"f.350099D233706A5CE962F884DCED375A.d.B29955FFE18DEE4F6C23DBAC860225E9.e.7631","ELEMENT":"f.350099D233706A5CE962F884DCED375A.d.B29955FFE18DEE4F6C23DBAC860225E9.e.7631"}]}
COMMAND: POST /session/324496234919104d937ca92dc3ef2aab/execute/async - {"script":"<script> [1562 bytes]","args":[{"selector":{"id":"application-managepartners-display-component---NewPartner--addressNewCostObjectCstID-vhi"},"wdio_ui5_key":"applicationmanagepartners-display-component---NewPartner--addressNewCostObjectCstID-vhi"}]}
COMMAND: GET /session/324496234919104d937ca92dc3ef2aab/screenshot - {}
RESULT: {"script":"<script> [1562 bytes]","args":[{"selector":{"id":"application-managepartners-display-component---NewPartner--addressNewCostObjectCstID-vhi"},"wdio_ui5_key":"applicationmanagepartners-display-component---NewPartner--addressNewCostObjectCstID-vhi"}]}
RESULT: undefined
COMMAND: POST /session/324496234919104d937ca92dc3ef2aab/element - {"using":"xpath","value":"//*[@id=\"application-managepartners-display-component---NewPartner--addressNewCostObjectCstID-vhi\"]"}
RESULT: {}
RESULT: {"using":"xpath","value":"//*[@id=\"application-managepartners-display-component---NewPartner--addressNewCostObjectCstID-vhi\"]"}
COMMAND: POST /session/324496234919104d937ca92dc3ef2aab/element/f.350099D233706A5CE962F884DCED375A.d.B29955FFE18DEE4F6C23DBAC860225E9.e.7631/click - {}
RESULT: {}
COMMAND: GET /session/324496234919104d937ca92dc3ef2aab/screenshot - {}
RESULT: {}
RESULT: undefined
COMMAND: POST /session/324496234919104d937ca92dc3ef2aab/execute/async - {"script":"<script> [776 bytes]","args":[{"enterText":"10001013","selector":{"controlType":"sap.m.SearchField","properties":{"placeholder":"Search"},"searchOpenDialogs":true,"interaction":{"idSuffix":"I"}},"clearTextFirst":true,"interactionType":"ENTER_TEXT"}]}
RESULT: {"script":"<script> [776 bytes]","args":[{"enterText":"10001013","selector":{"controlType":"sap.m.SearchField","properties":{"placeholder":"Search"},"searchOpenDialogs":true,"interaction":{"idSuffix":"I"}},"clearTextFirst":true,"interactionType":"ENTER_TEXT"}]}
COMMAND: POST /session/324496234919104d937ca92dc3ef2aab/actions - {"actions":[{"id":"action22","type":"key","parameters":{},"actions":[{"type":"keyDown","value":""},{"type":"pause","duration":10},{"type":"keyUp","value":""}]}]}
RESULT: {"actions":[{"id":"action22","type":"key","parameters":{},"actions":[{"type":"keyDown","value":""},{"type":"pause","duration":10},{"type":"keyUp","value":""}]}]}
COMMAND: GET /session/324496234919104d937ca92dc3ef2aab/screenshot - {}
RESULT: {}
COMMAND: POST /session/324496234919104d937ca92dc3ef2aab/element - {"using":"xpath","value":"//span[contains(text(), \"General Management\")]"}
RESULT: {"using":"xpath","value":"//span[contains(text(), \"General Management\")]"}
COMMAND: POST /session/324496234919104d937ca92dc3ef2aab/element/f.350099D233706A5CE962F884DCED375A.d.B29955FFE18DEE4F6C23DBAC860225E9.e.7671/click - {}
RESULT: {}
COMMAND: GET /session/324496234919104d937ca92dc3ef2aab/screenshot - {}
RESULT: {}
COMMAND: POST /session/324496234919104d937ca92dc3ef2aab/element - {"using":"xpath","value":"//bdi[contains(text(), \"OK\")]"}
RESULT: {"using":"xpath","value":"//bdi[contains(text(), \"OK\")]"}
COMMAND: POST /session/324496234919104d937ca92dc3ef2aab/element/f.350099D233706A5CE962F884DCED375A.d.B29955FFE18DEE4F6C23DBAC860225E9.e.7672/click - {}
RESULT: {}
COMMAND: GET /session/324496234919104d937ca92dc3ef2aab/screenshot - {}
RESULT: {}
COMMAND: POST /session/324496234919104d937ca92dc3ef2aab/element - {"using":"xpath","value":"//input[@id=\"application-managepartners-display-component---NewPartner--companyCodeComboBox-inner\"]"}
RESULT: {"using":"xpath","value":"//input[@id=\"application-managepartners-display-component---NewPartner--companyCodeComboBox-inner\"]"}
COMMAND: POST /session/324496234919104d937ca92dc3ef2aab/element/f.350099D233706A5CE962F884DCED375A.d.B29955FFE18DEE4F6C23DBAC860225E9.e.7466/clear - {}
RESULT: {}
COMMAND: POST /session/324496234919104d937ca92dc3ef2aab/element/f.350099D233706A5CE962F884DCED375A.d.B29955FFE18DEE4F6C23DBAC860225E9.e.7466/value - {"text":"C002"}
COMMAND: GET /session/324496234919104d937ca92dc3ef2aab/screenshot - {}
RESULT: {"text":"C002"}
COMMAND: GET /session/324496234919104d937ca92dc3ef2aab/screenshot - {}
RESULT: {}
RESULT: {}
COMMAND: POST /session/324496234919104d937ca92dc3ef2aab/element - {"using":"xpath","value":"//li[.//span[text()= \"C002\"]]"}
RESULT: {"using":"xpath","value":"//li[.//span[text()= \"C002\"]]"}
COMMAND: POST /session/324496234919104d937ca92dc3ef2aab/element/f.350099D233706A5CE962F884DCED375A.d.B29955FFE18DEE4F6C23DBAC860225E9.e.7678/click - {}
RESULT: {}
COMMAND: GET /session/324496234919104d937ca92dc3ef2aab/screenshot - {}
RESULT: {}
COMMAND: POST /session/324496234919104d937ca92dc3ef2aab/execute/async - {"script":"<script> [1562 bytes]","args":[{"selector":{"id":"application-managepartners-display-component---NewPartner--btnAddTableRow-img"},"wdio_ui5_key":"applicationmanagepartners-display-component---NewPartner--btnAddTableRow-img"}]}
RESULT: {"script":"<script> [1562 bytes]","args":[{"selector":{"id":"application-managepartners-display-component---NewPartner--btnAddTableRow-img"},"wdio_ui5_key":"applicationmanagepartners-display-component---NewPartner--btnAddTableRow-img"}]}
RESULT: undefined
COMMAND: POST /session/324496234919104d937ca92dc3ef2aab/element - {"using":"xpath","value":"//*[@id=\"application-managepartners-display-component---NewPartner--btnAddTableRow-img\"]"}
RESULT: {"using":"xpath","value":"//*[@id=\"application-managepartners-display-component---NewPartner--btnAddTableRow-img\"]"}
COMMAND: POST /session/324496234919104d937ca92dc3ef2aab/element/f.350099D233706A5CE962F884DCED375A.d.B29955FFE18DEE4F6C23DBAC860225E9.e.7679/click - {}
RESULT: {}
COMMAND: GET /session/324496234919104d937ca92dc3ef2aab/screenshot - {}
RESULT: {}
COMMAND: POST /session/324496234919104d937ca92dc3ef2aab/element - {"using":"xpath","value":"//input[@id=\"application-managepartners-display-component---NewPartner--assignmentYard-application-managepartners-display-component---NewPartner--assignmentsTable-0-inner\"]"}
RESULT: {"using":"xpath","value":"//input[@id=\"application-managepartners-display-component---NewPartner--assignmentYard-application-managepartners-display-component---NewPartner--assignmentsTable-0-inner\"]"}
COMMAND: POST /session/324496234919104d937ca92dc3ef2aab/element/f.350099D233706A5CE962F884DCED375A.d.B29955FFE18DEE4F6C23DBAC860225E9.e.7682/clear - {}
RESULT: {}
COMMAND: POST /session/324496234919104d937ca92dc3ef2aab/element/f.350099D233706A5CE962F884DCED375A.d.B29955FFE18DEE4F6C23DBAC860225E9.e.7682/value - {"text":"232"}
COMMAND: GET /session/324496234919104d937ca92dc3ef2aab/screenshot - {}
RESULT: {"text":"232"}
COMMAND: GET /session/324496234919104d937ca92dc3ef2aab/screenshot - {}
RESULT: {}
RESULT: {}
COMMAND: POST /session/324496234919104d937ca92dc3ef2aab/element - {"using":"xpath","value":"//li[.//span[text()='232']]"}
RESULT: {"using":"xpath","value":"//li[.//span[text()='232']]"}
COMMAND: POST /session/324496234919104d937ca92dc3ef2aab/element/f.350099D233706A5CE962F884DCED375A.d.B29955FFE18DEE4F6C23DBAC860225E9.e.7691/click - {}
RESULT: {}
COMMAND: GET /session/324496234919104d937ca92dc3ef2aab/screenshot - {}
RESULT: {}
COMMAND: POST /session/324496234919104d937ca92dc3ef2aab/actions - {"actions":[{"id":"action23","type":"key","parameters":{},"actions":[{"type":"keyDown","value":""},{"type":"pause","duration":10},{"type":"keyUp","value":""}]}]}
RESULT: {"actions":[{"id":"action23","type":"key","parameters":{},"actions":[{"type":"keyDown","value":""},{"type":"pause","duration":10},{"type":"keyUp","value":""}]}]}
COMMAND: POST /session/324496234919104d937ca92dc3ef2aab/execute/async - {"script":"<script> [1562 bytes]","args":[{"selector":{"id":"application-managepartners-display-component---NewPartner--externalCustomerComboBox-application-managepartners-display-component---NewPartner--assignmentsTable-0-vhi"},"wdio_ui5_key":"applicationmanagepartners-display-component---NewPartner--externalCustomerComboBox-application-managepartners-display-component---NewPartner--assignmentsTable-0-vhi"}]}
COMMAND: GET /session/324496234919104d937ca92dc3ef2aab/screenshot - {}
RESULT: {"script":"<script> [1562 bytes]","args":[{"selector":{"id":"application-managepartners-display-component---NewPartner--externalCustomerComboBox-application-managepartners-display-component---NewPartner--assignmentsTable-0-vhi"},"wdio_ui5_key":"applicationmanagepartners-display-component---NewPartner--externalCustomerComboBox-application-managepartners-display-component---NewPartner--assignmentsTable-0-vhi"}]}
RESULT: undefined
COMMAND: POST /session/324496234919104d937ca92dc3ef2aab/element - {"using":"xpath","value":"//*[@id=\"application-managepartners-display-component---NewPartner--externalCustomerComboBox-application-managepartners-display-component---NewPartner--assignmentsTable-0-vhi\"]"}
RESULT: {}
RESULT: {"using":"xpath","value":"//*[@id=\"application-managepartners-display-component---NewPartner--externalCustomerComboBox-application-managepartners-display-component---NewPartner--assignmentsTable-0-vhi\"]"}
COMMAND: POST /session/324496234919104d937ca92dc3ef2aab/element/f.350099D233706A5CE962F884DCED375A.d.B29955FFE18DEE4F6C23DBAC860225E9.e.7695/click - {}
RESULT: {}
RESULT: undefined
COMMAND: POST /session/324496234919104d937ca92dc3ef2aab/execute/async - {"script":"<script> [776 bytes]","args":[{"enterText":"300003","selector":{"controlType":"sap.m.SearchField","properties":{"placeholder":"Search"},"searchOpenDialogs":true,"interaction":{"idSuffix":"I"}},"clearTextFirst":true,"interactionType":"ENTER_TEXT"}]}
COMMAND: GET /session/324496234919104d937ca92dc3ef2aab/screenshot - {}
RESULT: {}
RESULT: {"script":"<script> [776 bytes]","args":[{"enterText":"300003","selector":{"controlType":"sap.m.SearchField","properties":{"placeholder":"Search"},"searchOpenDialogs":true,"interaction":{"idSuffix":"I"}},"clearTextFirst":true,"interactionType":"ENTER_TEXT"}]}
COMMAND: POST /session/324496234919104d937ca92dc3ef2aab/actions - {"actions":[{"id":"action24","type":"key","parameters":{},"actions":[{"type":"keyDown","value":""},{"type":"pause","duration":10},{"type":"keyUp","value":""}]}]}
RESULT: {"actions":[{"id":"action24","type":"key","parameters":{},"actions":[{"type":"keyDown","value":""},{"type":"pause","duration":10},{"type":"keyUp","value":""}]}]}
COMMAND: GET /session/324496234919104d937ca92dc3ef2aab/screenshot - {}
RESULT: {}
COMMAND: POST /session/324496234919104d937ca92dc3ef2aab/element - {"using":"xpath","value":"//span[contains(text(), \"300003\")]"}
RESULT: {"using":"xpath","value":"//span[contains(text(), \"300003\")]"}
COMMAND: POST /session/324496234919104d937ca92dc3ef2aab/element/f.350099D233706A5CE962F884DCED375A.d.B29955FFE18DEE4F6C23DBAC860225E9.e.7713/click - {}
RESULT: {}
COMMAND: GET /session/324496234919104d937ca92dc3ef2aab/screenshot - {}
RESULT: {}
COMMAND: POST /session/324496234919104d937ca92dc3ef2aab/element - {"using":"xpath","value":"//bdi[contains(text(), \"OK\")]"}
RESULT: {"using":"xpath","value":"//bdi[contains(text(), \"OK\")]"}
COMMAND: POST /session/324496234919104d937ca92dc3ef2aab/element/f.350099D233706A5CE962F884DCED375A.d.B29955FFE18DEE4F6C23DBAC860225E9.e.7715/click - {}
RESULT: {}
COMMAND: GET /session/324496234919104d937ca92dc3ef2aab/screenshot - {}
RESULT: {}
COMMAND: POST /session/324496234919104d937ca92dc3ef2aab/execute/async - {"script":"<script> [1562 bytes]","args":[{"selector":{"id":"application-managepartners-display-component---NewPartner--intercompVendorComboBox-application-managepartners-display-component---NewPartner--assignmentsTable-0-vhi"},"wdio_ui5_key":"applicationmanagepartners-display-component---NewPartner--intercompVendorComboBox-application-managepartners-display-component---NewPartner--assignmentsTable-0-vhi"}]}
RESULT: {"script":"<script> [1562 bytes]","args":[{"selector":{"id":"application-managepartners-display-component---NewPartner--intercompVendorComboBox-application-managepartners-display-component---NewPartner--assignmentsTable-0-vhi"},"wdio_ui5_key":"applicationmanagepartners-display-component---NewPartner--intercompVendorComboBox-application-managepartners-display-component---NewPartner--assignmentsTable-0-vhi"}]}
RESULT: undefined
COMMAND: POST /session/324496234919104d937ca92dc3ef2aab/element - {"using":"xpath","value":"//*[@id=\"application-managepartners-display-component---NewPartner--intercompVendorComboBox-application-managepartners-display-component---NewPartner--assignmentsTable-0-vhi\"]"}
RESULT: {"using":"xpath","value":"//*[@id=\"application-managepartners-display-component---NewPartner--intercompVendorComboBox-application-managepartners-display-component---NewPartner--assignmentsTable-0-vhi\"]"}
COMMAND: POST /session/324496234919104d937ca92dc3ef2aab/element/f.350099D233706A5CE962F884DCED375A.d.B29955FFE18DEE4F6C23DBAC860225E9.e.7719/click - {}
RESULT: {}
RESULT: undefined
COMMAND: POST /session/324496234919104d937ca92dc3ef2aab/execute/async - {"script":"<script> [776 bytes]","args":[{"enterText":"100005","selector":{"controlType":"sap.m.SearchField","properties":{"placeholder":"Search"},"searchOpenDialogs":true,"interaction":{"idSuffix":"I"}},"clearTextFirst":true,"interactionType":"ENTER_TEXT"}]}
COMMAND: GET /session/324496234919104d937ca92dc3ef2aab/screenshot - {}
RESULT: {"script":"<script> [776 bytes]","args":[{"enterText":"100005","selector":{"controlType":"sap.m.SearchField","properties":{"placeholder":"Search"},"searchOpenDialogs":true,"interaction":{"idSuffix":"I"}},"clearTextFirst":true,"interactionType":"ENTER_TEXT"}]}
COMMAND: POST /session/324496234919104d937ca92dc3ef2aab/actions - {"actions":[{"id":"action25","type":"key","parameters":{},"actions":[{"type":"keyDown","value":""},{"type":"pause","duration":10},{"type":"keyUp","value":""}]}]}
RESULT: {}
RESULT: {"actions":[{"id":"action25","type":"key","parameters":{},"actions":[{"type":"keyDown","value":""},{"type":"pause","duration":10},{"type":"keyUp","value":""}]}]}
COMMAND: GET /session/324496234919104d937ca92dc3ef2aab/screenshot - {}
RESULT: {}
COMMAND: POST /session/324496234919104d937ca92dc3ef2aab/element - {"using":"xpath","value":"//span[contains(text(), \"Penguins - Field/12345 Berlin\")]"}
RESULT: {"using":"xpath","value":"//span[contains(text(), \"Penguins - Field/12345 Berlin\")]"}
COMMAND: POST /session/324496234919104d937ca92dc3ef2aab/element/f.350099D233706A5CE962F884DCED375A.d.B29955FFE18DEE4F6C23DBAC860225E9.e.7737/click - {}
RESULT: {}
COMMAND: GET /session/324496234919104d937ca92dc3ef2aab/screenshot - {}
RESULT: {}
COMMAND: POST /session/324496234919104d937ca92dc3ef2aab/element - {"using":"xpath","value":"//bdi[contains(text(), \"OK\")]"}
RESULT: {"using":"xpath","value":"//bdi[contains(text(), \"OK\")]"}
COMMAND: POST /session/324496234919104d937ca92dc3ef2aab/element/f.350099D233706A5CE962F884DCED375A.d.B29955FFE18DEE4F6C23DBAC860225E9.e.7738/click - {}
RESULT: {}
COMMAND: GET /session/324496234919104d937ca92dc3ef2aab/screenshot - {}
RESULT: {}
COMMAND: POST /session/324496234919104d937ca92dc3ef2aab/element - {"using":"xpath","value":"//button[@data-kt=\"saveButton\"]"}
RESULT: {"using":"xpath","value":"//button[@data-kt=\"saveButton\"]"}
COMMAND: POST /session/324496234919104d937ca92dc3ef2aab/element/f.350099D233706A5CE962F884DCED375A.d.B29955FFE18DEE4F6C23DBAC860225E9.e.7571/click - {}
RESULT: {}
COMMAND: GET /session/324496234919104d937ca92dc3ef2aab/screenshot - {}
RESULT: {}
COMMAND: POST /session/324496234919104d937ca92dc3ef2aab/element - {"using":"xpath","value":"//header[contains(@id, 'ObjectPageLayout-headerTitle')]/div[1]/div[2]/div[2]/span[1]"}
RESULT: {"using":"xpath","value":"//header[contains(@id, 'ObjectPageLayout-headerTitle')]/div[1]/div[2]/div[2]/span[1]"}
COMMAND: POST /session/324496234919104d937ca92dc3ef2aab/elements - {"using":"xpath","value":"//header[contains(@id, 'ObjectPageLayout-headerTitle')]/div[1]/div[2]/div[2]/span[1]"}
RESULT: {"using":"xpath","value":"//header[contains(@id, 'ObjectPageLayout-headerTitle')]/div[1]/div[2]/div[2]/span[1]"}
COMMAND: POST /session/324496234919104d937ca92dc3ef2aab/execute/sync - {"script":"<script> [56 bytes]","args":[{"element-6066-11e4-a52e-4f735466cecf":"f.350099D233706A5CE962F884DCED375A.d.B29955FFE18DEE4F6C23DBAC860225E9.e.7882","ELEMENT":"f.350099D233706A5CE962F884DCED375A.d.B29955FFE18DEE4F6C23DBAC860225E9.e.7882"}]}
RESULT: {"script":"<script> [56 bytes]","args":[{"element-6066-11e4-a52e-4f735466cecf":"f.350099D233706A5CE962F884DCED375A.d.B29955FFE18DEE4F6C23DBAC860225E9.e.7882","ELEMENT":"f.350099D233706A5CE962F884DCED375A.d.B29955FFE18DEE4F6C23DBAC860225E9.e.7882"}]}
COMMAND: POST /session/324496234919104d937ca92dc3ef2aab/element - {"using":"css selector","value":"#shell-header-logo"}
COMMAND: GET /session/324496234919104d937ca92dc3ef2aab/screenshot - {}
RESULT: {"using":"css selector","value":"#shell-header-logo"}
COMMAND: POST /session/324496234919104d937ca92dc3ef2aab/element/f.350099D233706A5CE962F884DCED375A.d.B29955FFE18DEE4F6C23DBAC860225E9.e.7161/click - {}
RESULT: {}
RESULT: {}
COMMAND: GET /session/324496234919104d937ca92dc3ef2aab/screenshot - {}
RESULT: {}
COMMAND: POST /session/324496234919104d937ca92dc3ef2aab/execute/sync - {"script":"<script> [299 bytes]","args":[["getModel","getResource"]]}
RESULT: {"script":"<script> [299 bytes]","args":[["getModel","getResource"]]}
]]></system-out>
    </testcase>
    <testcase classname="chrome.136_0_7103_93.windows.Create_master_data_for_mixed_billing_&amp;_do_billing_calculation_US151661" name="Should create a new site" time="112.575">
      <system-out><![CDATA[
COMMAND: GET /session/324496234919104d937ca92dc3ef2aab/screenshot - {}
COMMAND: POST /session/324496234919104d937ca92dc3ef2aab/execute/async - {"script":"<script> [1562 bytes]","args":[{"selector":{"controlType":"sap.m.GenericTile","properties":{"header":"Manage Sites"}},"wdio_ui5_key":"sapm.GenericTile{\"header\":\"Manage Sites\"}"}]}
RESULT: {"script":"<script> [1562 bytes]","args":[{"selector":{"controlType":"sap.m.GenericTile","properties":{"header":"Manage Sites"}},"wdio_ui5_key":"sapm.GenericTile{\"header\":\"Manage Sites\"}"}]}
RESULT: undefined
COMMAND: POST /session/324496234919104d937ca92dc3ef2aab/element - {"using":"xpath","value":"//*[@id=\"__tile40\"]"}
RESULT: {}
RESULT: {"using":"xpath","value":"//*[@id=\"__tile40\"]"}
COMMAND: POST /session/324496234919104d937ca92dc3ef2aab/element/f.350099D233706A5CE962F884DCED375A.d.B29955FFE18DEE4F6C23DBAC860225E9.e.6316/click - {}
RESULT: {}
COMMAND: GET /session/324496234919104d937ca92dc3ef2aab/screenshot - {}
RESULT: {}
COMMAND: POST /session/324496234919104d937ca92dc3ef2aab/elements - {"using":"xpath","value":"//span[text()='Error']"}
RESULT: {"using":"xpath","value":"//span[text()='Error']"}
COMMAND: POST /session/324496234919104d937ca92dc3ef2aab/element - {"using":"xpath","value":"//button[@data-kt=\"addOverflowToolbarButton\"]"}
RESULT: {"using":"xpath","value":"//button[@data-kt=\"addOverflowToolbarButton\"]"}
COMMAND: POST /session/324496234919104d937ca92dc3ef2aab/elements - {"using":"xpath","value":"//button[@data-kt=\"addOverflowToolbarButton\"]"}
RESULT: {"using":"xpath","value":"//button[@data-kt=\"addOverflowToolbarButton\"]"}
COMMAND: POST /session/324496234919104d937ca92dc3ef2aab/execute/sync - {"script":"<script> [8489 bytes]","args":[{"element-6066-11e4-a52e-4f735466cecf":"f.350099D233706A5CE962F884DCED375A.d.B29955FFE18DEE4F6C23DBAC860225E9.e.7930","ELEMENT":"f.350099D233706A5CE962F884DCED375A.d.B29955FFE18DEE4F6C23DBAC860225E9.e.7930"}]}
RESULT: {"script":"<script> [8489 bytes]","args":[{"element-6066-11e4-a52e-4f735466cecf":"f.350099D233706A5CE962F884DCED375A.d.B29955FFE18DEE4F6C23DBAC860225E9.e.7930","ELEMENT":"f.350099D233706A5CE962F884DCED375A.d.B29955FFE18DEE4F6C23DBAC860225E9.e.7930"}]}
COMMAND: GET /session/324496234919104d937ca92dc3ef2aab/element/f.350099D233706A5CE962F884DCED375A.d.B29955FFE18DEE4F6C23DBAC860225E9.e.7930/enabled - {}
COMMAND: GET /session/324496234919104d937ca92dc3ef2aab/screenshot - {}
RESULT: {}
COMMAND: POST /session/324496234919104d937ca92dc3ef2aab/execute/sync - {"script":"<script> [8489 bytes]","args":[{"element-6066-11e4-a52e-4f735466cecf":"f.350099D233706A5CE962F884DCED375A.d.B29955FFE18DEE4F6C23DBAC860225E9.e.7930","ELEMENT":"f.350099D233706A5CE962F884DCED375A.d.B29955FFE18DEE4F6C23DBAC860225E9.e.7930"}]}
COMMAND: GET /session/324496234919104d937ca92dc3ef2aab/screenshot - {}
RESULT: {}
RESULT: {"script":"<script> [8489 bytes]","args":[{"element-6066-11e4-a52e-4f735466cecf":"f.350099D233706A5CE962F884DCED375A.d.B29955FFE18DEE4F6C23DBAC860225E9.e.7930","ELEMENT":"f.350099D233706A5CE962F884DCED375A.d.B29955FFE18DEE4F6C23DBAC860225E9.e.7930"}]}
COMMAND: POST /session/324496234919104d937ca92dc3ef2aab/execute/sync - {"script":"<script> [5351 bytes]","args":[{"element-6066-11e4-a52e-4f735466cecf":"f.350099D233706A5CE962F884DCED375A.d.B29955FFE18DEE4F6C23DBAC860225E9.e.7930","ELEMENT":"f.350099D233706A5CE962F884DCED375A.d.B29955FFE18DEE4F6C23DBAC860225E9.e.7930"}]}
COMMAND: GET /session/324496234919104d937ca92dc3ef2aab/screenshot - {}
RESULT: {}
RESULT: {"script":"<script> [5351 bytes]","args":[{"element-6066-11e4-a52e-4f735466cecf":"f.350099D233706A5CE962F884DCED375A.d.B29955FFE18DEE4F6C23DBAC860225E9.e.7930","ELEMENT":"f.350099D233706A5CE962F884DCED375A.d.B29955FFE18DEE4F6C23DBAC860225E9.e.7930"}]}
COMMAND: POST /session/324496234919104d937ca92dc3ef2aab/element/f.350099D233706A5CE962F884DCED375A.d.B29955FFE18DEE4F6C23DBAC860225E9.e.7930/click - {}
COMMAND: GET /session/324496234919104d937ca92dc3ef2aab/screenshot - {}
RESULT: {}
RESULT: {}
COMMAND: GET /session/324496234919104d937ca92dc3ef2aab/screenshot - {}
COMMAND: POST /session/324496234919104d937ca92dc3ef2aab/element - {"using":"xpath","value":"//input[@id=\"application-managesites-display-component---NewSite--siteId-inner\"]"}
RESULT: {}
RESULT: {}
RESULT: {"using":"xpath","value":"//input[@id=\"application-managesites-display-component---NewSite--siteId-inner\"]"}
COMMAND: POST /session/324496234919104d937ca92dc3ef2aab/element - {"using":"xpath","value":"//input[@id=\"application-managesites-display-component---NewSite--siteId-inner\"]"}
RESULT: {"using":"xpath","value":"//input[@id=\"application-managesites-display-component---NewSite--siteId-inner\"]"}
COMMAND: POST /session/324496234919104d937ca92dc3ef2aab/execute/async - {"script":"<script> [1562 bytes]","args":[{"selector":{"id":"application-managesites-display-component---NewSite--addressDetailDetailsName1","interaction":{"idSuffix":"inner"}},"wdio_ui5_key":"applicationmanagesites-display-component---NewSite--addressDetailDetailsName1"}]}
RESULT: {"script":"<script> [1562 bytes]","args":[{"selector":{"id":"application-managesites-display-component---NewSite--addressDetailDetailsName1","interaction":{"idSuffix":"inner"}},"wdio_ui5_key":"applicationmanagesites-display-component---NewSite--addressDetailDetailsName1"}]}
RESULT: undefined
COMMAND: POST /session/324496234919104d937ca92dc3ef2aab/execute/async - {"script":"<script> [776 bytes]","args":[{"enterText":"Intercompany Site wdIO","selector":{"id":"application-managesites-display-component---NewSite--addressDetailDetailsName1","interaction":{"idSuffix":"inner"}},"clearTextFirst":true,"interactionType":"ENTER_TEXT"}]}
RESULT: {"script":"<script> [776 bytes]","args":[{"enterText":"Intercompany Site wdIO","selector":{"id":"application-managesites-display-component---NewSite--addressDetailDetailsName1","interaction":{"idSuffix":"inner"}},"clearTextFirst":true,"interactionType":"ENTER_TEXT"}]}
COMMAND: POST /session/324496234919104d937ca92dc3ef2aab/execute/async - {"script":"<script> [1562 bytes]","args":[{"selector":{"id":"application-managesites-display-component---NewSite--addressDetailDetailsLanguage-arrow"},"wdio_ui5_key":"applicationmanagesites-display-component---NewSite--addressDetailDetailsLanguage-arrow"}]}
RESULT: {"script":"<script> [1562 bytes]","args":[{"selector":{"id":"application-managesites-display-component---NewSite--addressDetailDetailsLanguage-arrow"},"wdio_ui5_key":"applicationmanagesites-display-component---NewSite--addressDetailDetailsLanguage-arrow"}]}
RESULT: undefined
COMMAND: POST /session/324496234919104d937ca92dc3ef2aab/element - {"using":"xpath","value":"//*[@id=\"application-managesites-display-component---NewSite--addressDetailDetailsLanguage-arrow\"]"}
RESULT: {"using":"xpath","value":"//*[@id=\"application-managesites-display-component---NewSite--addressDetailDetailsLanguage-arrow\"]"}
COMMAND: POST /session/324496234919104d937ca92dc3ef2aab/element/f.350099D233706A5CE962F884DCED375A.d.B29955FFE18DEE4F6C23DBAC860225E9.e.8301/click - {}
RESULT: {}
COMMAND: POST /session/324496234919104d937ca92dc3ef2aab/element - {"using":"xpath","value":"//span[contains(text(), \"English\")]"}
COMMAND: GET /session/324496234919104d937ca92dc3ef2aab/screenshot - {}
RESULT: {"using":"xpath","value":"//span[contains(text(), \"English\")]"}
COMMAND: POST /session/324496234919104d937ca92dc3ef2aab/element/f.350099D233706A5CE962F884DCED375A.d.B29955FFE18DEE4F6C23DBAC860225E9.e.8302/click - {}
RESULT: {}
RESULT: {}
COMMAND: POST /session/324496234919104d937ca92dc3ef2aab/execute/async - {"script":"<script> [1562 bytes]","args":[{"selector":{"id":"application-managesites-display-component---NewSite--addressDetailDetailsCity1","interaction":{"idSuffix":"inner"}},"wdio_ui5_key":"applicationmanagesites-display-component---NewSite--addressDetailDetailsCity1"}]}
COMMAND: GET /session/324496234919104d937ca92dc3ef2aab/screenshot - {}
RESULT: {"script":"<script> [1562 bytes]","args":[{"selector":{"id":"application-managesites-display-component---NewSite--addressDetailDetailsCity1","interaction":{"idSuffix":"inner"}},"wdio_ui5_key":"applicationmanagesites-display-component---NewSite--addressDetailDetailsCity1"}]}
RESULT: undefined
COMMAND: POST /session/324496234919104d937ca92dc3ef2aab/execute/async - {"script":"<script> [776 bytes]","args":[{"enterText":"Rosario","selector":{"id":"application-managesites-display-component---NewSite--addressDetailDetailsCity1","interaction":{"idSuffix":"inner"}},"clearTextFirst":true,"interactionType":"ENTER_TEXT"}]}
RESULT: {}
RESULT: {"script":"<script> [776 bytes]","args":[{"enterText":"Rosario","selector":{"id":"application-managesites-display-component---NewSite--addressDetailDetailsCity1","interaction":{"idSuffix":"inner"}},"clearTextFirst":true,"interactionType":"ENTER_TEXT"}]}
COMMAND: POST /session/324496234919104d937ca92dc3ef2aab/execute/async - {"script":"<script> [1562 bytes]","args":[{"selector":{"id":"application-managesites-display-component---NewSite--addressDetailDetailsCountry-arrow"},"wdio_ui5_key":"applicationmanagesites-display-component---NewSite--addressDetailDetailsCountry-arrow"}]}
RESULT: {"script":"<script> [1562 bytes]","args":[{"selector":{"id":"application-managesites-display-component---NewSite--addressDetailDetailsCountry-arrow"},"wdio_ui5_key":"applicationmanagesites-display-component---NewSite--addressDetailDetailsCountry-arrow"}]}
RESULT: undefined
COMMAND: POST /session/324496234919104d937ca92dc3ef2aab/element - {"using":"xpath","value":"//*[@id=\"application-managesites-display-component---NewSite--addressDetailDetailsCountry-arrow\"]"}
RESULT: {"using":"xpath","value":"//*[@id=\"application-managesites-display-component---NewSite--addressDetailDetailsCountry-arrow\"]"}
COMMAND: POST /session/324496234919104d937ca92dc3ef2aab/element/f.350099D233706A5CE962F884DCED375A.d.B29955FFE18DEE4F6C23DBAC860225E9.e.8304/click - {}
RESULT: {}
COMMAND: POST /session/324496234919104d937ca92dc3ef2aab/element - {"using":"xpath","value":"//span[contains(text(), \"Argentina\")]"}
COMMAND: GET /session/324496234919104d937ca92dc3ef2aab/screenshot - {}
RESULT: {"using":"xpath","value":"//span[contains(text(), \"Argentina\")]"}
COMMAND: POST /session/324496234919104d937ca92dc3ef2aab/element/f.350099D233706A5CE962F884DCED375A.d.B29955FFE18DEE4F6C23DBAC860225E9.e.8306/click - {}
RESULT: {}
RESULT: {}
COMMAND: GET /session/324496234919104d937ca92dc3ef2aab/screenshot - {}
RESULT: {}
COMMAND: POST /session/324496234919104d937ca92dc3ef2aab/execute/async - {"script":"<script> [1562 bytes]","args":[{"selector":{"id":"application-managesites-display-component---NewSite--addressEditDetailsCostObjectCstType-arrow"},"wdio_ui5_key":"applicationmanagesites-display-component---NewSite--addressEditDetailsCostObjectCstType-arrow"}]}
RESULT: {"script":"<script> [1562 bytes]","args":[{"selector":{"id":"application-managesites-display-component---NewSite--addressEditDetailsCostObjectCstType-arrow"},"wdio_ui5_key":"applicationmanagesites-display-component---NewSite--addressEditDetailsCostObjectCstType-arrow"}]}
RESULT: undefined
COMMAND: POST /session/324496234919104d937ca92dc3ef2aab/element - {"using":"xpath","value":"//*[@id=\"application-managesites-display-component---NewSite--addressEditDetailsCostObjectCstType-arrow\"]"}
RESULT: {"using":"xpath","value":"//*[@id=\"application-managesites-display-component---NewSite--addressEditDetailsCostObjectCstType-arrow\"]"}
COMMAND: POST /session/324496234919104d937ca92dc3ef2aab/element/f.350099D233706A5CE962F884DCED375A.d.B29955FFE18DEE4F6C23DBAC860225E9.e.8307/click - {}
RESULT: {}
COMMAND: POST /session/324496234919104d937ca92dc3ef2aab/element - {"using":"xpath","value":"//span[contains(text(), \"Cost Center\")]"}
COMMAND: GET /session/324496234919104d937ca92dc3ef2aab/screenshot - {}
RESULT: {"using":"xpath","value":"//span[contains(text(), \"Cost Center\")]"}
COMMAND: POST /session/324496234919104d937ca92dc3ef2aab/element/f.350099D233706A5CE962F884DCED375A.d.B29955FFE18DEE4F6C23DBAC860225E9.e.8308/click - {}
RESULT: {}
RESULT: {}
COMMAND: GET /session/324496234919104d937ca92dc3ef2aab/screenshot - {}
RESULT: {}
COMMAND: POST /session/324496234919104d937ca92dc3ef2aab/element - {"using":"xpath","value":"//span[@id=\"application-managesites-display-component---NewSite--addressNewCostObjectCstID-vhi\"]"}
RESULT: {"using":"xpath","value":"//span[@id=\"application-managesites-display-component---NewSite--addressNewCostObjectCstID-vhi\"]"}
COMMAND: POST /session/324496234919104d937ca92dc3ef2aab/execute/sync - {"script":"<script> [8489 bytes]","args":[{"element-6066-11e4-a52e-4f735466cecf":"f.350099D233706A5CE962F884DCED375A.d.B29955FFE18DEE4F6C23DBAC860225E9.e.8313","ELEMENT":"f.350099D233706A5CE962F884DCED375A.d.B29955FFE18DEE4F6C23DBAC860225E9.e.8313"}]}
RESULT: {"script":"<script> [8489 bytes]","args":[{"element-6066-11e4-a52e-4f735466cecf":"f.350099D233706A5CE962F884DCED375A.d.B29955FFE18DEE4F6C23DBAC860225E9.e.8313","ELEMENT":"f.350099D233706A5CE962F884DCED375A.d.B29955FFE18DEE4F6C23DBAC860225E9.e.8313"}]}
COMMAND: POST /session/324496234919104d937ca92dc3ef2aab/execute/async - {"script":"<script> [1562 bytes]","args":[{"selector":{"id":"application-managesites-display-component---NewSite--addressNewCostObjectCstID-vhi"},"wdio_ui5_key":"applicationmanagesites-display-component---NewSite--addressNewCostObjectCstID-vhi"}]}
COMMAND: GET /session/324496234919104d937ca92dc3ef2aab/screenshot - {}
RESULT: {"script":"<script> [1562 bytes]","args":[{"selector":{"id":"application-managesites-display-component---NewSite--addressNewCostObjectCstID-vhi"},"wdio_ui5_key":"applicationmanagesites-display-component---NewSite--addressNewCostObjectCstID-vhi"}]}
RESULT: undefined
COMMAND: POST /session/324496234919104d937ca92dc3ef2aab/element - {"using":"xpath","value":"//*[@id=\"application-managesites-display-component---NewSite--addressNewCostObjectCstID-vhi\"]"}
RESULT: {}
RESULT: {"using":"xpath","value":"//*[@id=\"application-managesites-display-component---NewSite--addressNewCostObjectCstID-vhi\"]"}
COMMAND: POST /session/324496234919104d937ca92dc3ef2aab/element/f.350099D233706A5CE962F884DCED375A.d.B29955FFE18DEE4F6C23DBAC860225E9.e.8313/click - {}
RESULT: {}
COMMAND: GET /session/324496234919104d937ca92dc3ef2aab/screenshot - {}
RESULT: {}
RESULT: undefined
COMMAND: POST /session/324496234919104d937ca92dc3ef2aab/execute/async - {"script":"<script> [776 bytes]","args":[{"enterText":"10001013","selector":{"controlType":"sap.m.SearchField","properties":{"placeholder":"Search"},"searchOpenDialogs":true,"interaction":{"idSuffix":"I"}},"clearTextFirst":true,"interactionType":"ENTER_TEXT"}]}
RESULT: {"script":"<script> [776 bytes]","args":[{"enterText":"10001013","selector":{"controlType":"sap.m.SearchField","properties":{"placeholder":"Search"},"searchOpenDialogs":true,"interaction":{"idSuffix":"I"}},"clearTextFirst":true,"interactionType":"ENTER_TEXT"}]}
COMMAND: POST /session/324496234919104d937ca92dc3ef2aab/actions - {"actions":[{"id":"action26","type":"key","parameters":{},"actions":[{"type":"keyDown","value":""},{"type":"pause","duration":10},{"type":"keyUp","value":""}]}]}
RESULT: {"actions":[{"id":"action26","type":"key","parameters":{},"actions":[{"type":"keyDown","value":""},{"type":"pause","duration":10},{"type":"keyUp","value":""}]}]}
COMMAND: GET /session/324496234919104d937ca92dc3ef2aab/screenshot - {}
RESULT: {}
COMMAND: POST /session/324496234919104d937ca92dc3ef2aab/element - {"using":"xpath","value":"//span[contains(text(), \"General Management\")]"}
RESULT: {"using":"xpath","value":"//span[contains(text(), \"General Management\")]"}
COMMAND: POST /session/324496234919104d937ca92dc3ef2aab/element/f.350099D233706A5CE962F884DCED375A.d.B29955FFE18DEE4F6C23DBAC860225E9.e.8352/click - {}
RESULT: {}
COMMAND: GET /session/324496234919104d937ca92dc3ef2aab/screenshot - {}
RESULT: {}
COMMAND: POST /session/324496234919104d937ca92dc3ef2aab/element - {"using":"xpath","value":"//bdi[contains(text(), \"OK\")]"}
RESULT: {"using":"xpath","value":"//bdi[contains(text(), \"OK\")]"}
COMMAND: POST /session/324496234919104d937ca92dc3ef2aab/element/f.350099D233706A5CE962F884DCED375A.d.B29955FFE18DEE4F6C23DBAC860225E9.e.8353/click - {}
RESULT: {}
COMMAND: GET /session/324496234919104d937ca92dc3ef2aab/screenshot - {}
RESULT: {}
COMMAND: POST /session/324496234919104d937ca92dc3ef2aab/element - {"using":"xpath","value":"//input[@id=\"application-managesites-display-component---NewSite--addressDetailDetailsCalendar-inner\"]"}
RESULT: {"using":"xpath","value":"//input[@id=\"application-managesites-display-component---NewSite--addressDetailDetailsCalendar-inner\"]"}
COMMAND: POST /session/324496234919104d937ca92dc3ef2aab/element/f.350099D233706A5CE962F884DCED375A.d.B29955FFE18DEE4F6C23DBAC860225E9.e.8113/clear - {}
RESULT: {}
COMMAND: POST /session/324496234919104d937ca92dc3ef2aab/element/f.350099D233706A5CE962F884DCED375A.d.B29955FFE18DEE4F6C23DBAC860225E9.e.8113/value - {"text":"Unit"}
COMMAND: GET /session/324496234919104d937ca92dc3ef2aab/screenshot - {}
RESULT: {"text":"Unit"}
COMMAND: GET /session/324496234919104d937ca92dc3ef2aab/screenshot - {}
RESULT: {}
RESULT: {}
COMMAND: POST /session/324496234919104d937ca92dc3ef2aab/actions - {"actions":[{"id":"action27","type":"key","parameters":{},"actions":[{"type":"keyDown","value":""},{"type":"pause","duration":10},{"type":"keyUp","value":""}]}]}
RESULT: {"actions":[{"id":"action27","type":"key","parameters":{},"actions":[{"type":"keyDown","value":""},{"type":"pause","duration":10},{"type":"keyUp","value":""}]}]}
COMMAND: POST /session/324496234919104d937ca92dc3ef2aab/element - {"using":"xpath","value":"//input[@id=\"application-managesites-display-component---NewSite--addressDetailDetailsYard-inner\"]"}
COMMAND: GET /session/324496234919104d937ca92dc3ef2aab/screenshot - {}
RESULT: {"using":"xpath","value":"//input[@id=\"application-managesites-display-component---NewSite--addressDetailDetailsYard-inner\"]"}
COMMAND: POST /session/324496234919104d937ca92dc3ef2aab/element/f.350099D233706A5CE962F884DCED375A.d.B29955FFE18DEE4F6C23DBAC860225E9.e.8114/clear - {}
RESULT: {}
RESULT: {}
COMMAND: POST /session/324496234919104d937ca92dc3ef2aab/element/f.350099D233706A5CE962F884DCED375A.d.B29955FFE18DEE4F6C23DBAC860225E9.e.8114/value - {"text":"232"}
COMMAND: GET /session/324496234919104d937ca92dc3ef2aab/screenshot - {}
RESULT: {"text":"232"}
COMMAND: GET /session/324496234919104d937ca92dc3ef2aab/screenshot - {}
RESULT: {}
RESULT: {}
COMMAND: POST /session/324496234919104d937ca92dc3ef2aab/element - {"using":"xpath","value":"//li[.//span[text()='232']]"}
RESULT: {"using":"xpath","value":"//li[.//span[text()='232']]"}
COMMAND: POST /session/324496234919104d937ca92dc3ef2aab/element/f.350099D233706A5CE962F884DCED375A.d.B29955FFE18DEE4F6C23DBAC860225E9.e.8361/click - {}
RESULT: {}
COMMAND: GET /session/324496234919104d937ca92dc3ef2aab/screenshot - {}
RESULT: {}
COMMAND: POST /session/324496234919104d937ca92dc3ef2aab/element - {"using":"xpath","value":"//input[@id=\"application-managesites-display-component---NewSite--addressDetailDetailsPartner-inner\"]"}
RESULT: {"using":"xpath","value":"//input[@id=\"application-managesites-display-component---NewSite--addressDetailDetailsPartner-inner\"]"}
COMMAND: POST /session/324496234919104d937ca92dc3ef2aab/element - {"using":"xpath","value":"//input[@id=\"application-managesites-display-component---NewSite--addressDetailDetailsPartner-inner\"]"}
RESULT: {"using":"xpath","value":"//input[@id=\"application-managesites-display-component---NewSite--addressDetailDetailsPartner-inner\"]"}
COMMAND: POST /session/324496234919104d937ca92dc3ef2aab/element - {"using":"xpath","value":"//button[@data-kt=\"saveButton\"]"}
RESULT: {"using":"xpath","value":"//button[@data-kt=\"saveButton\"]"}
COMMAND: POST /session/324496234919104d937ca92dc3ef2aab/element/f.350099D233706A5CE962F884DCED375A.d.B29955FFE18DEE4F6C23DBAC860225E9.e.8294/click - {}
RESULT: {}
COMMAND: GET /session/324496234919104d937ca92dc3ef2aab/screenshot - {}
RESULT: {}
COMMAND: POST /session/324496234919104d937ca92dc3ef2aab/element - {"using":"xpath","value":"//header[contains(@id, 'ObjectPageLayout-headerTitle')]/div[1]/div[2]/div[2]/span[1]"}
RESULT: {"using":"xpath","value":"//header[contains(@id, 'ObjectPageLayout-headerTitle')]/div[1]/div[2]/div[2]/span[1]"}
COMMAND: POST /session/324496234919104d937ca92dc3ef2aab/elements - {"using":"xpath","value":"//header[contains(@id, 'ObjectPageLayout-headerTitle')]/div[1]/div[2]/div[2]/span[1]"}
RESULT: {"using":"xpath","value":"//header[contains(@id, 'ObjectPageLayout-headerTitle')]/div[1]/div[2]/div[2]/span[1]"}
COMMAND: POST /session/324496234919104d937ca92dc3ef2aab/execute/sync - {"script":"<script> [56 bytes]","args":[{"element-6066-11e4-a52e-4f735466cecf":"f.350099D233706A5CE962F884DCED375A.d.B29955FFE18DEE4F6C23DBAC860225E9.e.8548","ELEMENT":"f.350099D233706A5CE962F884DCED375A.d.B29955FFE18DEE4F6C23DBAC860225E9.e.8548"}]}
RESULT: {"script":"<script> [56 bytes]","args":[{"element-6066-11e4-a52e-4f735466cecf":"f.350099D233706A5CE962F884DCED375A.d.B29955FFE18DEE4F6C23DBAC860225E9.e.8548","ELEMENT":"f.350099D233706A5CE962F884DCED375A.d.B29955FFE18DEE4F6C23DBAC860225E9.e.8548"}]}
COMMAND: POST /session/324496234919104d937ca92dc3ef2aab/element - {"using":"css selector","value":"#shell-header-logo"}
COMMAND: GET /session/324496234919104d937ca92dc3ef2aab/screenshot - {}
RESULT: {"using":"css selector","value":"#shell-header-logo"}
COMMAND: POST /session/324496234919104d937ca92dc3ef2aab/element/f.350099D233706A5CE962F884DCED375A.d.B29955FFE18DEE4F6C23DBAC860225E9.e.7886/click - {}
RESULT: {}
RESULT: {}
COMMAND: GET /session/324496234919104d937ca92dc3ef2aab/screenshot - {}
RESULT: {}
COMMAND: POST /session/324496234919104d937ca92dc3ef2aab/execute/sync - {"script":"<script> [299 bytes]","args":[["getModel","getResource"]]}
RESULT: {"script":"<script> [299 bytes]","args":[["getModel","getResource"]]}
]]></system-out>
    </testcase>
    <testcase classname="chrome.136_0_7103_93.windows.Create_master_data_for_mixed_billing_&amp;_do_billing_calculation_US151661" name="Should create a new equipment and add a counter to it" time="182.508">
      <system-out><![CDATA[
COMMAND: GET /session/324496234919104d937ca92dc3ef2aab/screenshot - {}
COMMAND: POST /session/324496234919104d937ca92dc3ef2aab/execute/async - {"script":"<script> [1562 bytes]","args":[{"selector":{"controlType":"sap.m.GenericTile","properties":{"header":"Manage Resources"}},"wdio_ui5_key":"sapm.GenericTile{\"header\":\"Manage Resources\"}"}]}
RESULT: {"script":"<script> [1562 bytes]","args":[{"selector":{"controlType":"sap.m.GenericTile","properties":{"header":"Manage Resources"}},"wdio_ui5_key":"sapm.GenericTile{\"header\":\"Manage Resources\"}"}]}
RESULT: undefined
COMMAND: POST /session/324496234919104d937ca92dc3ef2aab/element - {"using":"xpath","value":"//*[@id=\"__tile39\"]"}
RESULT: {}
RESULT: {"using":"xpath","value":"//*[@id=\"__tile39\"]"}
COMMAND: POST /session/324496234919104d937ca92dc3ef2aab/element/f.350099D233706A5CE962F884DCED375A.d.B29955FFE18DEE4F6C23DBAC860225E9.e.6313/click - {}
RESULT: {}
COMMAND: GET /session/324496234919104d937ca92dc3ef2aab/screenshot - {}
COMMAND: POST /session/324496234919104d937ca92dc3ef2aab/elements - {"using":"xpath","value":"//span[text()='Error']"}
RESULT: {}
RESULT: {"using":"xpath","value":"//span[text()='Error']"}
COMMAND: POST /session/324496234919104d937ca92dc3ef2aab/element - {"using":"xpath","value":"//button[@data-kt=\"addNewRUOverflowToolbarButton\"]"}
RESULT: {"using":"xpath","value":"//button[@data-kt=\"addNewRUOverflowToolbarButton\"]"}
COMMAND: POST /session/324496234919104d937ca92dc3ef2aab/elements - {"using":"xpath","value":"//button[@data-kt=\"addNewRUOverflowToolbarButton\"]"}
RESULT: {"using":"xpath","value":"//button[@data-kt=\"addNewRUOverflowToolbarButton\"]"}
COMMAND: POST /session/324496234919104d937ca92dc3ef2aab/execute/sync - {"script":"<script> [8489 bytes]","args":[{"element-6066-11e4-a52e-4f735466cecf":"f.350099D233706A5CE962F884DCED375A.d.B29955FFE18DEE4F6C23DBAC860225E9.e.8694","ELEMENT":"f.350099D233706A5CE962F884DCED375A.d.B29955FFE18DEE4F6C23DBAC860225E9.e.8694"}]}
RESULT: {"script":"<script> [8489 bytes]","args":[{"element-6066-11e4-a52e-4f735466cecf":"f.350099D233706A5CE962F884DCED375A.d.B29955FFE18DEE4F6C23DBAC860225E9.e.8694","ELEMENT":"f.350099D233706A5CE962F884DCED375A.d.B29955FFE18DEE4F6C23DBAC860225E9.e.8694"}]}
COMMAND: GET /session/324496234919104d937ca92dc3ef2aab/element/f.350099D233706A5CE962F884DCED375A.d.B29955FFE18DEE4F6C23DBAC860225E9.e.8694/enabled - {}
COMMAND: GET /session/324496234919104d937ca92dc3ef2aab/screenshot - {}
RESULT: {}
COMMAND: POST /session/324496234919104d937ca92dc3ef2aab/execute/sync - {"script":"<script> [8489 bytes]","args":[{"element-6066-11e4-a52e-4f735466cecf":"f.350099D233706A5CE962F884DCED375A.d.B29955FFE18DEE4F6C23DBAC860225E9.e.8694","ELEMENT":"f.350099D233706A5CE962F884DCED375A.d.B29955FFE18DEE4F6C23DBAC860225E9.e.8694"}]}
COMMAND: GET /session/324496234919104d937ca92dc3ef2aab/screenshot - {}
RESULT: {}
RESULT: {"script":"<script> [8489 bytes]","args":[{"element-6066-11e4-a52e-4f735466cecf":"f.350099D233706A5CE962F884DCED375A.d.B29955FFE18DEE4F6C23DBAC860225E9.e.8694","ELEMENT":"f.350099D233706A5CE962F884DCED375A.d.B29955FFE18DEE4F6C23DBAC860225E9.e.8694"}]}
COMMAND: POST /session/324496234919104d937ca92dc3ef2aab/execute/sync - {"script":"<script> [5351 bytes]","args":[{"element-6066-11e4-a52e-4f735466cecf":"f.350099D233706A5CE962F884DCED375A.d.B29955FFE18DEE4F6C23DBAC860225E9.e.8694","ELEMENT":"f.350099D233706A5CE962F884DCED375A.d.B29955FFE18DEE4F6C23DBAC860225E9.e.8694"}]}
RESULT: {}
COMMAND: GET /session/324496234919104d937ca92dc3ef2aab/screenshot - {}
RESULT: {"script":"<script> [5351 bytes]","args":[{"element-6066-11e4-a52e-4f735466cecf":"f.350099D233706A5CE962F884DCED375A.d.B29955FFE18DEE4F6C23DBAC860225E9.e.8694","ELEMENT":"f.350099D233706A5CE962F884DCED375A.d.B29955FFE18DEE4F6C23DBAC860225E9.e.8694"}]}
COMMAND: POST /session/324496234919104d937ca92dc3ef2aab/element/f.350099D233706A5CE962F884DCED375A.d.B29955FFE18DEE4F6C23DBAC860225E9.e.8694/click - {}
COMMAND: GET /session/324496234919104d937ca92dc3ef2aab/screenshot - {}
RESULT: {}
RESULT: {}
COMMAND: GET /session/324496234919104d937ca92dc3ef2aab/screenshot - {}
RESULT: {}
RESULT: {}
COMMAND: POST /session/324496234919104d937ca92dc3ef2aab/execute/async - {"script":"<script> [1562 bytes]","args":[{"selector":{"id":"application-manageresources-display-component---newResourceUnit--TYPE-arrow"},"wdio_ui5_key":"applicationmanageresources-display-component---newResourceUnit--TYPE-arrow"}]}
RESULT: {"script":"<script> [1562 bytes]","args":[{"selector":{"id":"application-manageresources-display-component---newResourceUnit--TYPE-arrow"},"wdio_ui5_key":"applicationmanageresources-display-component---newResourceUnit--TYPE-arrow"}]}
RESULT: undefined
COMMAND: POST /session/324496234919104d937ca92dc3ef2aab/element - {"using":"xpath","value":"//*[@id=\"application-manageresources-display-component---newResourceUnit--TYPE-arrow\"]"}
RESULT: {"using":"xpath","value":"//*[@id=\"application-manageresources-display-component---newResourceUnit--TYPE-arrow\"]"}
COMMAND: POST /session/324496234919104d937ca92dc3ef2aab/element/f.350099D233706A5CE962F884DCED375A.d.B29955FFE18DEE4F6C23DBAC860225E9.e.8936/click - {}
RESULT: {}
COMMAND: POST /session/324496234919104d937ca92dc3ef2aab/element - {"using":"xpath","value":"//input[@id=\"application-manageresources-display-component---newResourceUnit--TYPE-inner\"]"}
COMMAND: GET /session/324496234919104d937ca92dc3ef2aab/screenshot - {}
RESULT: {"using":"xpath","value":"//input[@id=\"application-manageresources-display-component---newResourceUnit--TYPE-inner\"]"}
COMMAND: POST /session/324496234919104d937ca92dc3ef2aab/element/f.350099D233706A5CE962F884DCED375A.d.B29955FFE18DEE4F6C23DBAC860225E9.e.8932/clear - {}
RESULT: {}
RESULT: {}
COMMAND: POST /session/324496234919104d937ca92dc3ef2aab/element/f.350099D233706A5CE962F884DCED375A.d.B29955FFE18DEE4F6C23DBAC860225E9.e.8932/value - {"text":"Equipment"}
COMMAND: GET /session/324496234919104d937ca92dc3ef2aab/screenshot - {}
RESULT: {"text":"Equipment"}
COMMAND: GET /session/324496234919104d937ca92dc3ef2aab/screenshot - {}
RESULT: {}
RESULT: {}
COMMAND: POST /session/324496234919104d937ca92dc3ef2aab/actions - {"actions":[{"id":"action28","type":"key","parameters":{},"actions":[{"type":"keyDown","value":""},{"type":"pause","duration":10},{"type":"keyUp","value":""}]}]}
RESULT: {"actions":[{"id":"action28","type":"key","parameters":{},"actions":[{"type":"keyDown","value":""},{"type":"pause","duration":10},{"type":"keyUp","value":""}]}]}
COMMAND: POST /session/324496234919104d937ca92dc3ef2aab/execute/async - {"script":"<script> [1562 bytes]","args":[{"selector":{"id":"application-manageresources-display-component---newResourceUnit--resourceId","interaction":{"idSuffix":"inner"}},"wdio_ui5_key":"applicationmanageresources-display-component---newResourceUnit--resourceId"}]}
COMMAND: GET /session/324496234919104d937ca92dc3ef2aab/screenshot - {}
RESULT: {"script":"<script> [1562 bytes]","args":[{"selector":{"id":"application-manageresources-display-component---newResourceUnit--resourceId","interaction":{"idSuffix":"inner"}},"wdio_ui5_key":"applicationmanageresources-display-component---newResourceUnit--resourceId"}]}
RESULT: undefined
COMMAND: POST /session/324496234919104d937ca92dc3ef2aab/execute/async - {"script":"<script> [776 bytes]","args":[{"enterText":"PiYZ6QeKn7","selector":{"id":"application-manageresources-display-component---newResourceUnit--resourceId","interaction":{"idSuffix":"inner"}},"clearTextFirst":true,"interactionType":"ENTER_TEXT"}]}
RESULT: {}
RESULT: {"script":"<script> [776 bytes]","args":[{"enterText":"PiYZ6QeKn7","selector":{"id":"application-manageresources-display-component---newResourceUnit--resourceId","interaction":{"idSuffix":"inner"}},"clearTextFirst":true,"interactionType":"ENTER_TEXT"}]}
COMMAND: POST /session/324496234919104d937ca92dc3ef2aab/execute/async - {"script":"<script> [1562 bytes]","args":[{"selector":{"id":"application-manageresources-display-component---newResourceUnit--SHORT_TEXT","interaction":{"idSuffix":"inner"}},"wdio_ui5_key":"applicationmanageresources-display-component---newResourceUnit--SHORT_TEXT"}]}
RESULT: {"script":"<script> [1562 bytes]","args":[{"selector":{"id":"application-manageresources-display-component---newResourceUnit--SHORT_TEXT","interaction":{"idSuffix":"inner"}},"wdio_ui5_key":"applicationmanageresources-display-component---newResourceUnit--SHORT_TEXT"}]}
RESULT: undefined
COMMAND: POST /session/324496234919104d937ca92dc3ef2aab/execute/async - {"script":"<script> [776 bytes]","args":[{"enterText":"Intercompany Equipment WDIO","selector":{"id":"application-manageresources-display-component---newResourceUnit--SHORT_TEXT","interaction":{"idSuffix":"inner"}},"clearTextFirst":true,"interactionType":"ENTER_TEXT"}]}
RESULT: {"script":"<script> [776 bytes]","args":[{"enterText":"Intercompany Equipment WDIO","selector":{"id":"application-manageresources-display-component---newResourceUnit--SHORT_TEXT","interaction":{"idSuffix":"inner"}},"clearTextFirst":true,"interactionType":"ENTER_TEXT"}]}
COMMAND: POST /session/324496234919104d937ca92dc3ef2aab/execute/async - {"script":"<script> [1562 bytes]","args":[{"selector":{"id":"application-manageresources-display-component---newResourceUnit--BASE_UNIT_OF_MEASURE","interaction":{"idSuffix":"inner"}},"wdio_ui5_key":"applicationmanageresources-display-component---newResourceUnit--BASE_UNIT_OF_MEASURE"}]}
RESULT: {"script":"<script> [1562 bytes]","args":[{"selector":{"id":"application-manageresources-display-component---newResourceUnit--BASE_UNIT_OF_MEASURE","interaction":{"idSuffix":"inner"}},"wdio_ui5_key":"applicationmanageresources-display-component---newResourceUnit--BASE_UNIT_OF_MEASURE"}]}
RESULT: undefined
COMMAND: POST /session/324496234919104d937ca92dc3ef2aab/execute/async - {"script":"<script> [776 bytes]","args":[{"enterText":"Piece","selector":{"id":"application-manageresources-display-component---newResourceUnit--BASE_UNIT_OF_MEASURE","interaction":{"idSuffix":"inner"}},"clearTextFirst":true,"interactionType":"ENTER_TEXT"}]}
RESULT: {"script":"<script> [776 bytes]","args":[{"enterText":"Piece","selector":{"id":"application-manageresources-display-component---newResourceUnit--BASE_UNIT_OF_MEASURE","interaction":{"idSuffix":"inner"}},"clearTextFirst":true,"interactionType":"ENTER_TEXT"}]}
COMMAND: POST /session/324496234919104d937ca92dc3ef2aab/execute/async - {"script":"<script> [1562 bytes]","args":[{"selector":{"id":"application-manageresources-display-component---newResourceUnit--WEIGHT_UNIT","interaction":{"idSuffix":"inner"}},"wdio_ui5_key":"applicationmanageresources-display-component---newResourceUnit--WEIGHT_UNIT"}]}
RESULT: {"script":"<script> [1562 bytes]","args":[{"selector":{"id":"application-manageresources-display-component---newResourceUnit--WEIGHT_UNIT","interaction":{"idSuffix":"inner"}},"wdio_ui5_key":"applicationmanageresources-display-component---newResourceUnit--WEIGHT_UNIT"}]}
RESULT: undefined
COMMAND: POST /session/324496234919104d937ca92dc3ef2aab/execute/async - {"script":"<script> [776 bytes]","args":[{"enterText":"Gram","selector":{"id":"application-manageresources-display-component---newResourceUnit--WEIGHT_UNIT","interaction":{"idSuffix":"inner"}},"clearTextFirst":true,"interactionType":"ENTER_TEXT"}]}
RESULT: {"script":"<script> [776 bytes]","args":[{"enterText":"Gram","selector":{"id":"application-manageresources-display-component---newResourceUnit--WEIGHT_UNIT","interaction":{"idSuffix":"inner"}},"clearTextFirst":true,"interactionType":"ENTER_TEXT"}]}
COMMAND: POST /session/324496234919104d937ca92dc3ef2aab/execute/async - {"script":"<script> [1562 bytes]","args":[{"selector":{"id":"application-manageresources-display-component---newResourceUnit--DIMENSION_UNIT","interaction":{"idSuffix":"inner"}},"wdio_ui5_key":"applicationmanageresources-display-component---newResourceUnit--DIMENSION_UNIT"}]}
RESULT: {"script":"<script> [1562 bytes]","args":[{"selector":{"id":"application-manageresources-display-component---newResourceUnit--DIMENSION_UNIT","interaction":{"idSuffix":"inner"}},"wdio_ui5_key":"applicationmanageresources-display-component---newResourceUnit--DIMENSION_UNIT"}]}
RESULT: undefined
COMMAND: POST /session/324496234919104d937ca92dc3ef2aab/execute/async - {"script":"<script> [776 bytes]","args":[{"enterText":"Meter","selector":{"id":"application-manageresources-display-component---newResourceUnit--DIMENSION_UNIT","interaction":{"idSuffix":"inner"}},"clearTextFirst":true,"interactionType":"ENTER_TEXT"}]}
RESULT: {"script":"<script> [776 bytes]","args":[{"enterText":"Meter","selector":{"id":"application-manageresources-display-component---newResourceUnit--DIMENSION_UNIT","interaction":{"idSuffix":"inner"}},"clearTextFirst":true,"interactionType":"ENTER_TEXT"}]}
COMMAND: POST /session/324496234919104d937ca92dc3ef2aab/execute/async - {"script":"<script> [1562 bytes]","args":[{"selector":{"id":"application-manageresources-display-component---newResourceUnit--newRRUPage-anchBar-application-manageresources-display-component---newResourceUnit--control-anchor","interaction":{"idSuffix":"BDI-content"}},"wdio_ui5_key":"applicationmanageresources-display-component---newResourceUnit--newRRUPage-anchBar-application-manageresources-display-component---newResourceUnit--control-anchor"}]}
RESULT: {"script":"<script> [1562 bytes]","args":[{"selector":{"id":"application-manageresources-display-component---newResourceUnit--newRRUPage-anchBar-application-manageresources-display-component---newResourceUnit--control-anchor","interaction":{"idSuffix":"BDI-content"}},"wdio_ui5_key":"applicationmanageresources-display-component---newResourceUnit--newRRUPage-anchBar-application-manageresources-display-component---newResourceUnit--control-anchor"}]}
RESULT: undefined
COMMAND: POST /session/324496234919104d937ca92dc3ef2aab/element - {"using":"xpath","value":"//*[@id=\"application-manageresources-display-component---newResourceUnit--newRRUPage-anchBar-application-manageresources-display-component---newResourceUnit--control-anchor\"]"}
RESULT: {"using":"xpath","value":"//*[@id=\"application-manageresources-display-component---newResourceUnit--newRRUPage-anchBar-application-manageresources-display-component---newResourceUnit--control-anchor\"]"}
COMMAND: POST /session/324496234919104d937ca92dc3ef2aab/element/f.350099D233706A5CE962F884DCED375A.d.B29955FFE18DEE4F6C23DBAC860225E9.e.9093/click - {}
RESULT: {}
COMMAND: POST /session/324496234919104d937ca92dc3ef2aab/execute/async - {"script":"<script> [1562 bytes]","args":[{"selector":{"id":"application-manageresources-display-component---newResourceUnit--PLANNING_GROUP","interaction":{"idSuffix":"inner"}},"wdio_ui5_key":"applicationmanageresources-display-component---newResourceUnit--PLANNING_GROUP"}]}
COMMAND: GET /session/324496234919104d937ca92dc3ef2aab/screenshot - {}
RESULT: {"script":"<script> [1562 bytes]","args":[{"selector":{"id":"application-manageresources-display-component---newResourceUnit--PLANNING_GROUP","interaction":{"idSuffix":"inner"}},"wdio_ui5_key":"applicationmanageresources-display-component---newResourceUnit--PLANNING_GROUP"}]}
RESULT: undefined
COMMAND: POST /session/324496234919104d937ca92dc3ef2aab/execute/async - {"script":"<script> [776 bytes]","args":[{"enterText":"Heavy Equi","selector":{"id":"application-manageresources-display-component---newResourceUnit--PLANNING_GROUP","interaction":{"idSuffix":"inner"}},"clearTextFirst":true,"interactionType":"ENTER_TEXT"}]}
RESULT: {}
RESULT: {"script":"<script> [776 bytes]","args":[{"enterText":"Heavy Equi","selector":{"id":"application-manageresources-display-component---newResourceUnit--PLANNING_GROUP","interaction":{"idSuffix":"inner"}},"clearTextFirst":true,"interactionType":"ENTER_TEXT"}]}
COMMAND: POST /session/324496234919104d937ca92dc3ef2aab/execute/async - {"script":"<script> [1562 bytes]","args":[{"selector":{"id":"application-manageresources-display-component---newResourceUnit--ITEM_TYPE-arrow"},"wdio_ui5_key":"applicationmanageresources-display-component---newResourceUnit--ITEM_TYPE-arrow"}]}
RESULT: {"script":"<script> [1562 bytes]","args":[{"selector":{"id":"application-manageresources-display-component---newResourceUnit--ITEM_TYPE-arrow"},"wdio_ui5_key":"applicationmanageresources-display-component---newResourceUnit--ITEM_TYPE-arrow"}]}
RESULT: undefined
COMMAND: POST /session/324496234919104d937ca92dc3ef2aab/element - {"using":"xpath","value":"//*[@id=\"application-manageresources-display-component---newResourceUnit--ITEM_TYPE-arrow\"]"}
RESULT: {"using":"xpath","value":"//*[@id=\"application-manageresources-display-component---newResourceUnit--ITEM_TYPE-arrow\"]"}
COMMAND: POST /session/324496234919104d937ca92dc3ef2aab/element/f.350099D233706A5CE962F884DCED375A.d.B29955FFE18DEE4F6C23DBAC860225E9.e.9100/click - {}
RESULT: {}
COMMAND: POST /session/324496234919104d937ca92dc3ef2aab/element - {"using":"xpath","value":"(//span[contains(text(), \"Resource Unit\")])[2]"}
COMMAND: GET /session/324496234919104d937ca92dc3ef2aab/screenshot - {}
RESULT: {"using":"xpath","value":"(//span[contains(text(), \"Resource Unit\")])[2]"}
COMMAND: POST /session/324496234919104d937ca92dc3ef2aab/element/f.350099D233706A5CE962F884DCED375A.d.B29955FFE18DEE4F6C23DBAC860225E9.e.9101/click - {}
RESULT: {}
RESULT: {}
COMMAND: GET /session/324496234919104d937ca92dc3ef2aab/screenshot - {}
RESULT: {}
COMMAND: POST /session/324496234919104d937ca92dc3ef2aab/element - {"using":"css selector","value":"#application-manageresources-display-component---newResourceUnit--btnAddTimeSegment"}
RESULT: {"using":"css selector","value":"#application-manageresources-display-component---newResourceUnit--btnAddTimeSegment"}
COMMAND: GET /session/324496234919104d937ca92dc3ef2aab/element/f.350099D233706A5CE962F884DCED375A.d.B29955FFE18DEE4F6C23DBAC860225E9.e.9108/rect - {}
RESULT: {}
COMMAND: GET /session/324496234919104d937ca92dc3ef2aab/window/rect - {}
RESULT: {}
COMMAND: POST /session/324496234919104d937ca92dc3ef2aab/execute/sync - {"script":"<script> [92 bytes]","args":[]}
RESULT: {"script":"<script> [92 bytes]","args":[]}
COMMAND: POST /session/324496234919104d937ca92dc3ef2aab/actions - {"actions":[{"id":"action29","type":"wheel","parameters":{},"actions":[{"type":"scroll","x":-1888,"y":-32,"deltaX":0,"deltaY":0,"duration":0,"origin":{"element-6066-11e4-a52e-4f735466cecf":"f.350099D233706A5CE962F884DCED375A.d.B29955FFE18DEE4F6C23DBAC860225E9.e.9108"}}]}]}
COMMAND: GET /session/324496234919104d937ca92dc3ef2aab/screenshot - {}
RESULT: {}
COMMAND: POST /session/324496234919104d937ca92dc3ef2aab/execute/sync - {"script":"<script> [79 bytes]","args":[{"element-6066-11e4-a52e-4f735466cecf":"f.350099D233706A5CE962F884DCED375A.d.B29955FFE18DEE4F6C23DBAC860225E9.e.9108","ELEMENT":"f.350099D233706A5CE962F884DCED375A.d.B29955FFE18DEE4F6C23DBAC860225E9.e.9108"},{"block":"start","inline":"nearest"}]}
RESULT: {"script":"<script> [79 bytes]","args":[{"element-6066-11e4-a52e-4f735466cecf":"f.350099D233706A5CE962F884DCED375A.d.B29955FFE18DEE4F6C23DBAC860225E9.e.9108","ELEMENT":"f.350099D233706A5CE962F884DCED375A.d.B29955FFE18DEE4F6C23DBAC860225E9.e.9108"},{"block":"start","inline":"nearest"}]}
COMMAND: POST /session/324496234919104d937ca92dc3ef2aab/execute/async - {"script":"<script> [1562 bytes]","args":[{"selector":{"id":"application-manageresources-display-component---newResourceUnit--btnAddTimeSegment","interaction":{"idSuffix":"inner"}},"wdio_ui5_key":"applicationmanageresources-display-component---newResourceUnit--btnAddTimeSegment"}]}
COMMAND: GET /session/324496234919104d937ca92dc3ef2aab/screenshot - {}
RESULT: {"script":"<script> [1562 bytes]","args":[{"selector":{"id":"application-manageresources-display-component---newResourceUnit--btnAddTimeSegment","interaction":{"idSuffix":"inner"}},"wdio_ui5_key":"applicationmanageresources-display-component---newResourceUnit--btnAddTimeSegment"}]}
RESULT: undefined
COMMAND: POST /session/324496234919104d937ca92dc3ef2aab/element - {"using":"xpath","value":"//*[@id=\"application-manageresources-display-component---newResourceUnit--btnAddTimeSegment\"]"}
RESULT: {}
RESULT: {"using":"xpath","value":"//*[@id=\"application-manageresources-display-component---newResourceUnit--btnAddTimeSegment\"]"}
COMMAND: POST /session/324496234919104d937ca92dc3ef2aab/element/f.350099D233706A5CE962F884DCED375A.d.B29955FFE18DEE4F6C23DBAC860225E9.e.9108/click - {}
RESULT: {}
COMMAND: GET /session/324496234919104d937ca92dc3ef2aab/screenshot - {}
RESULT: {}
COMMAND: POST /session/324496234919104d937ca92dc3ef2aab/element - {"using":"xpath","value":"//input[@id=\"application-manageresources-display-component---newResourceUnit--idRuTSAdmin-application-manageresources-display-component---newResourceUnit--RUTimeSegment-0-inner\"]"}
RESULT: {"using":"xpath","value":"//input[@id=\"application-manageresources-display-component---newResourceUnit--idRuTSAdmin-application-manageresources-display-component---newResourceUnit--RUTimeSegment-0-inner\"]"}
COMMAND: POST /session/324496234919104d937ca92dc3ef2aab/element/f.350099D233706A5CE962F884DCED375A.d.B29955FFE18DEE4F6C23DBAC860225E9.e.9114/clear - {}
RESULT: {}
COMMAND: POST /session/324496234919104d937ca92dc3ef2aab/element/f.350099D233706A5CE962F884DCED375A.d.B29955FFE18DEE4F6C23DBAC860225E9.e.9114/value - {"text":"232"}
COMMAND: GET /session/324496234919104d937ca92dc3ef2aab/screenshot - {}
RESULT: {"text":"232"}
COMMAND: GET /session/324496234919104d937ca92dc3ef2aab/screenshot - {}
RESULT: {}
RESULT: {}
COMMAND: POST /session/324496234919104d937ca92dc3ef2aab/element - {"using":"xpath","value":"//li[.//span[text()='232']]"}
RESULT: {"using":"xpath","value":"//li[.//span[text()='232']]"}
COMMAND: POST /session/324496234919104d937ca92dc3ef2aab/element/f.350099D233706A5CE962F884DCED375A.d.B29955FFE18DEE4F6C23DBAC860225E9.e.9126/click - {}
RESULT: {}
COMMAND: GET /session/324496234919104d937ca92dc3ef2aab/screenshot - {}
RESULT: {}
COMMAND: POST /session/324496234919104d937ca92dc3ef2aab/element - {"using":"xpath","value":"(//span[contains(@id, \"-application-manageresources-display-component---newResourceUnit--RUTimeSegment-0-arrow\")])[6]"}
RESULT: {"using":"xpath","value":"(//span[contains(@id, \"-application-manageresources-display-component---newResourceUnit--RUTimeSegment-0-arrow\")])[6]"}
COMMAND: POST /session/324496234919104d937ca92dc3ef2aab/element/f.350099D233706A5CE962F884DCED375A.d.B29955FFE18DEE4F6C23DBAC860225E9.e.9127/click - {}
RESULT: {}
COMMAND: GET /session/324496234919104d937ca92dc3ef2aab/screenshot - {}
RESULT: {}
COMMAND: POST /session/324496234919104d937ca92dc3ef2aab/element - {"using":"xpath","value":"//span[contains(text(), \"PM Order\")]"}
RESULT: {"using":"xpath","value":"//span[contains(text(), \"PM Order\")]"}
COMMAND: POST /session/324496234919104d937ca92dc3ef2aab/element/f.350099D233706A5CE962F884DCED375A.d.B29955FFE18DEE4F6C23DBAC860225E9.e.9130/click - {}
RESULT: {}
COMMAND: GET /session/324496234919104d937ca92dc3ef2aab/screenshot - {}
RESULT: {}
COMMAND: POST /session/324496234919104d937ca92dc3ef2aab/element - {"using":"xpath","value":"(//span[contains(@id ,\"manageresources-display-component---newResourceUnit--RUTimeSegment-0-vhi\")])[1]"}
RESULT: {"using":"xpath","value":"(//span[contains(@id ,\"manageresources-display-component---newResourceUnit--RUTimeSegment-0-vhi\")])[1]"}
COMMAND: GET /session/324496234919104d937ca92dc3ef2aab/element/f.350099D233706A5CE962F884DCED375A.d.B29955FFE18DEE4F6C23DBAC860225E9.e.9134/rect - {}
RESULT: {}
COMMAND: GET /session/324496234919104d937ca92dc3ef2aab/window/rect - {}
RESULT: {}
COMMAND: POST /session/324496234919104d937ca92dc3ef2aab/execute/sync - {"script":"<script> [92 bytes]","args":[]}
RESULT: {"script":"<script> [92 bytes]","args":[]}
COMMAND: POST /session/324496234919104d937ca92dc3ef2aab/actions - {"actions":[{"id":"action30","type":"wheel","parameters":{},"actions":[{"type":"scroll","x":-869,"y":-24,"deltaX":0,"deltaY":0,"duration":0,"origin":{"element-6066-11e4-a52e-4f735466cecf":"f.350099D233706A5CE962F884DCED375A.d.B29955FFE18DEE4F6C23DBAC860225E9.e.9134"}}]}]}
COMMAND: GET /session/324496234919104d937ca92dc3ef2aab/screenshot - {}
RESULT: {"actions":[{"id":"action30","type":"wheel","parameters":{},"actions":[{"type":"scroll","x":-869,"y":-24,"deltaX":0,"deltaY":0,"duration":0,"origin":{"element-6066-11e4-a52e-4f735466cecf":"f.350099D233706A5CE962F884DCED375A.d.B29955FFE18DEE4F6C23DBAC860225E9.e.9134"}}]}]}
COMMAND: DELETE /session/324496234919104d937ca92dc3ef2aab/actions - {}
COMMAND: GET /session/324496234919104d937ca92dc3ef2aab/screenshot - {}
RESULT: {}
RESULT: {}
COMMAND: GET /session/324496234919104d937ca92dc3ef2aab/screenshot - {}
RESULT: {}
RESULT: {}
COMMAND: POST /session/324496234919104d937ca92dc3ef2aab/element/f.350099D233706A5CE962F884DCED375A.d.B29955FFE18DEE4F6C23DBAC860225E9.e.9134/click - {}
RESULT: {}
COMMAND: GET /session/324496234919104d937ca92dc3ef2aab/screenshot - {}
RESULT: {}
RESULT: undefined
COMMAND: POST /session/324496234919104d937ca92dc3ef2aab/execute/async - {"script":"<script> [776 bytes]","args":[{"enterText":"4000360","selector":{"controlType":"sap.m.SearchField","properties":{"placeholder":"Search"},"searchOpenDialogs":true,"interaction":{"idSuffix":"I"}},"clearTextFirst":true,"interactionType":"ENTER_TEXT"}]}
RESULT: {"script":"<script> [776 bytes]","args":[{"enterText":"4000360","selector":{"controlType":"sap.m.SearchField","properties":{"placeholder":"Search"},"searchOpenDialogs":true,"interaction":{"idSuffix":"I"}},"clearTextFirst":true,"interactionType":"ENTER_TEXT"}]}
COMMAND: POST /session/324496234919104d937ca92dc3ef2aab/actions - {"actions":[{"id":"action31","type":"key","parameters":{},"actions":[{"type":"keyDown","value":""},{"type":"pause","duration":10},{"type":"keyUp","value":""}]}]}
RESULT: {"actions":[{"id":"action31","type":"key","parameters":{},"actions":[{"type":"keyDown","value":""},{"type":"pause","duration":10},{"type":"keyUp","value":""}]}]}
COMMAND: GET /session/324496234919104d937ca92dc3ef2aab/screenshot - {}
RESULT: {}
COMMAND: POST /session/324496234919104d937ca92dc3ef2aab/element - {"using":"xpath","value":"//td/div/span[contains(text(), \"BGL Vehicles\")]"}
RESULT: {"using":"xpath","value":"//td/div/span[contains(text(), \"BGL Vehicles\")]"}
COMMAND: POST /session/324496234919104d937ca92dc3ef2aab/element/f.350099D233706A5CE962F884DCED375A.d.B29955FFE18DEE4F6C23DBAC860225E9.e.9154/click - {}
RESULT: {}
COMMAND: GET /session/324496234919104d937ca92dc3ef2aab/screenshot - {}
RESULT: {}
COMMAND: POST /session/324496234919104d937ca92dc3ef2aab/element - {"using":"xpath","value":"//bdi[contains(text(), \"OK\")]"}
RESULT: {"using":"xpath","value":"//bdi[contains(text(), \"OK\")]"}
COMMAND: POST /session/324496234919104d937ca92dc3ef2aab/element/f.350099D233706A5CE962F884DCED375A.d.B29955FFE18DEE4F6C23DBAC860225E9.e.9155/click - {}
RESULT: {}
COMMAND: GET /session/324496234919104d937ca92dc3ef2aab/screenshot - {}
RESULT: {}
COMMAND: POST /session/324496234919104d937ca92dc3ef2aab/execute/async - {"script":"<script> [1562 bytes]","args":[{"selector":{"id":"application-manageresources-display-component---newResourceUnit--newRRUPage-anchBar-application-manageresources-display-component---newResourceUnit--resource-anchor","interaction":{"idSuffix":"BDI-content"}},"wdio_ui5_key":"applicationmanageresources-display-component---newResourceUnit--newRRUPage-anchBar-application-manageresources-display-component---newResourceUnit--resource-anchor"}]}
RESULT: {"script":"<script> [1562 bytes]","args":[{"selector":{"id":"application-manageresources-display-component---newResourceUnit--newRRUPage-anchBar-application-manageresources-display-component---newResourceUnit--resource-anchor","interaction":{"idSuffix":"BDI-content"}},"wdio_ui5_key":"applicationmanageresources-display-component---newResourceUnit--newRRUPage-anchBar-application-manageresources-display-component---newResourceUnit--resource-anchor"}]}
RESULT: undefined
COMMAND: POST /session/324496234919104d937ca92dc3ef2aab/element - {"using":"xpath","value":"//*[@id=\"application-manageresources-display-component---newResourceUnit--newRRUPage-anchBar-application-manageresources-display-component---newResourceUnit--resource-anchor\"]"}
RESULT: {"using":"xpath","value":"//*[@id=\"application-manageresources-display-component---newResourceUnit--newRRUPage-anchBar-application-manageresources-display-component---newResourceUnit--resource-anchor\"]"}
COMMAND: POST /session/324496234919104d937ca92dc3ef2aab/element/f.350099D233706A5CE962F884DCED375A.d.B29955FFE18DEE4F6C23DBAC860225E9.e.9159/click - {}
RESULT: {}
COMMAND: POST /session/324496234919104d937ca92dc3ef2aab/execute/async - {"script":"<script> [1562 bytes]","args":[{"selector":{"id":"application-manageresources-display-component---newResourceUnit--PLANNED_DELIVERY_DATE","interaction":{"idSuffix":"inner"}},"wdio_ui5_key":"applicationmanageresources-display-component---newResourceUnit--PLANNED_DELIVERY_DATE"}]}
COMMAND: GET /session/324496234919104d937ca92dc3ef2aab/screenshot - {}
RESULT: {"script":"<script> [1562 bytes]","args":[{"selector":{"id":"application-manageresources-display-component---newResourceUnit--PLANNED_DELIVERY_DATE","interaction":{"idSuffix":"inner"}},"wdio_ui5_key":"applicationmanageresources-display-component---newResourceUnit--PLANNED_DELIVERY_DATE"}]}
RESULT: undefined
COMMAND: POST /session/324496234919104d937ca92dc3ef2aab/execute/async - {"script":"<script> [6424 bytes]","args":[{"element-6066-11e4-a52e-4f735466cecf":"f.350099D233706A5CE962F884DCED375A.d.B29955FFE18DEE4F6C23DBAC860225E9.e.8991"},"setValue",["5/23/25"]]}
RESULT: {}
RESULT: {"script":"<script> [6424 bytes]","args":[{"element-6066-11e4-a52e-4f735466cecf":"f.350099D233706A5CE962F884DCED375A.d.B29955FFE18DEE4F6C23DBAC860225E9.e.8991"},"setValue",["5/23/25"]]}
COMMAND: POST /session/324496234919104d937ca92dc3ef2aab/element - {"using":"xpath","value":"//label[contains(@class, 'sapMLabelRequired') and .//bdi[contains(text(), 'Planned Retirement')]]"}
RESULT: {"using":"xpath","value":"//label[contains(@class, 'sapMLabelRequired') and .//bdi[contains(text(), 'Planned Retirement')]]"}
COMMAND: POST /session/324496234919104d937ca92dc3ef2aab/elements - {"using":"xpath","value":"//label[contains(@class, 'sapMLabelRequired') and .//bdi[contains(text(), 'Planned Retirement')]]"}
RESULT: {"using":"xpath","value":"//label[contains(@class, 'sapMLabelRequired') and .//bdi[contains(text(), 'Planned Retirement')]]"}
COMMAND: POST /session/324496234919104d937ca92dc3ef2aab/element - {"using":"xpath","value":"//button[@data-kt=\"resourceUnitSaveButton\"]"}
RESULT: {"using":"xpath","value":"//button[@data-kt=\"resourceUnitSaveButton\"]"}
COMMAND: POST /session/324496234919104d937ca92dc3ef2aab/element/f.350099D233706A5CE962F884DCED375A.d.B29955FFE18DEE4F6C23DBAC860225E9.e.8951/click - {}
RESULT: {}
COMMAND: GET /session/324496234919104d937ca92dc3ef2aab/screenshot - {}
RESULT: {}
COMMAND: POST /session/324496234919104d937ca92dc3ef2aab/element - {"using":"xpath","value":"//bdi[contains(text(), \"Close\")]"}
RESULT: {"using":"xpath","value":"//bdi[contains(text(), \"Close\")]"}
COMMAND: POST /session/324496234919104d937ca92dc3ef2aab/element/f.350099D233706A5CE962F884DCED375A.d.B29955FFE18DEE4F6C23DBAC860225E9.e.9167/click - {}
RESULT: {}
COMMAND: GET /session/324496234919104d937ca92dc3ef2aab/screenshot - {}
RESULT: {}
COMMAND: POST /session/324496234919104d937ca92dc3ef2aab/element - {"using":"xpath","value":"//bdi[contains(text(), \"Edit\")]"}
RESULT: {"using":"xpath","value":"//bdi[contains(text(), \"Edit\")]"}
COMMAND: POST /session/324496234919104d937ca92dc3ef2aab/execute/sync - {"script":"<script> [8489 bytes]","args":[{"element-6066-11e4-a52e-4f735466cecf":"f.350099D233706A5CE962F884DCED375A.d.B29955FFE18DEE4F6C23DBAC860225E9.e.9236","ELEMENT":"f.350099D233706A5CE962F884DCED375A.d.B29955FFE18DEE4F6C23DBAC860225E9.e.9236"}]}
RESULT: {"script":"<script> [8489 bytes]","args":[{"element-6066-11e4-a52e-4f735466cecf":"f.350099D233706A5CE962F884DCED375A.d.B29955FFE18DEE4F6C23DBAC860225E9.e.9236","ELEMENT":"f.350099D233706A5CE962F884DCED375A.d.B29955FFE18DEE4F6C23DBAC860225E9.e.9236"}]}
COMMAND: POST /session/324496234919104d937ca92dc3ef2aab/element/f.350099D233706A5CE962F884DCED375A.d.B29955FFE18DEE4F6C23DBAC860225E9.e.9236/click - {}
COMMAND: GET /session/324496234919104d937ca92dc3ef2aab/screenshot - {}
RESULT: {}
COMMAND: GET /session/324496234919104d937ca92dc3ef2aab/screenshot - {}
RESULT: {}
RESULT: {}
COMMAND: POST /session/324496234919104d937ca92dc3ef2aab/execute/async - {"script":"<script> [1562 bytes]","args":[{"selector":{"id":"application-manageresources-display-component---editResource--editRruPage-anchBar-application-manageresources-display-component---editResource--counters-anchor","interaction":{"idSuffix":"BDI-content"}},"wdio_ui5_key":"applicationmanageresources-display-component---editResource--editRruPage-anchBar-application-manageresources-display-component---editResource--counters-anchor"}]}
RESULT: {"script":"<script> [1562 bytes]","args":[{"selector":{"id":"application-manageresources-display-component---editResource--editRruPage-anchBar-application-manageresources-display-component---editResource--counters-anchor","interaction":{"idSuffix":"BDI-content"}},"wdio_ui5_key":"applicationmanageresources-display-component---editResource--editRruPage-anchBar-application-manageresources-display-component---editResource--counters-anchor"}]}
RESULT: undefined
COMMAND: POST /session/324496234919104d937ca92dc3ef2aab/element - {"using":"xpath","value":"//*[@id=\"application-manageresources-display-component---editResource--editRruPage-anchBar-application-manageresources-display-component---editResource--counters-anchor\"]"}
RESULT: {"using":"xpath","value":"//*[@id=\"application-manageresources-display-component---editResource--editRruPage-anchBar-application-manageresources-display-component---editResource--counters-anchor\"]"}
COMMAND: POST /session/324496234919104d937ca92dc3ef2aab/element/f.350099D233706A5CE962F884DCED375A.d.B29955FFE18DEE4F6C23DBAC860225E9.e.9384/click - {}
RESULT: {}
COMMAND: GET /session/324496234919104d937ca92dc3ef2aab/screenshot - {}
RESULT: {}
COMMAND: POST /session/324496234919104d937ca92dc3ef2aab/execute/async - {"script":"<script> [1562 bytes]","args":[{"selector":{"id":"application-manageresources-display-component---editResource--btnAddCounter-img"},"wdio_ui5_key":"applicationmanageresources-display-component---editResource--btnAddCounter-img"}]}
RESULT: {"script":"<script> [1562 bytes]","args":[{"selector":{"id":"application-manageresources-display-component---editResource--btnAddCounter-img"},"wdio_ui5_key":"applicationmanageresources-display-component---editResource--btnAddCounter-img"}]}
RESULT: undefined
COMMAND: POST /session/324496234919104d937ca92dc3ef2aab/element - {"using":"xpath","value":"//*[@id=\"application-manageresources-display-component---editResource--btnAddCounter-img\"]"}
RESULT: {"using":"xpath","value":"//*[@id=\"application-manageresources-display-component---editResource--btnAddCounter-img\"]"}
COMMAND: POST /session/324496234919104d937ca92dc3ef2aab/element/f.350099D233706A5CE962F884DCED375A.d.B29955FFE18DEE4F6C23DBAC860225E9.e.9389/click - {}
RESULT: {}
COMMAND: POST /session/324496234919104d937ca92dc3ef2aab/execute/async - {"script":"<script> [1562 bytes]","args":[{"selector":{"id":"application-manageresources-display-component---editResource--COUNTER_ID-application-manageresources-display-component---editResource--RUCounters-0-arrow"},"wdio_ui5_key":"applicationmanageresources-display-component---editResource--COUNTER_ID-application-manageresources-display-component---editResource--RUCounters-0-arrow"}]}
COMMAND: GET /session/324496234919104d937ca92dc3ef2aab/screenshot - {}
RESULT: {"script":"<script> [1562 bytes]","args":[{"selector":{"id":"application-manageresources-display-component---editResource--COUNTER_ID-application-manageresources-display-component---editResource--RUCounters-0-arrow"},"wdio_ui5_key":"applicationmanageresources-display-component---editResource--COUNTER_ID-application-manageresources-display-component---editResource--RUCounters-0-arrow"}]}
RESULT: undefined
COMMAND: POST /session/324496234919104d937ca92dc3ef2aab/element - {"using":"xpath","value":"//*[@id=\"application-manageresources-display-component---editResource--COUNTER_ID-application-manageresources-display-component---editResource--RUCounters-0-arrow\"]"}
RESULT: {}
RESULT: {"using":"xpath","value":"//*[@id=\"application-manageresources-display-component---editResource--COUNTER_ID-application-manageresources-display-component---editResource--RUCounters-0-arrow\"]"}
COMMAND: POST /session/324496234919104d937ca92dc3ef2aab/element/f.350099D233706A5CE962F884DCED375A.d.B29955FFE18DEE4F6C23DBAC860225E9.e.9393/click - {}
RESULT: {}
COMMAND: POST /session/324496234919104d937ca92dc3ef2aab/execute/async - {"script":"<script> [1562 bytes]","args":[{"selector":{"controlType":"sap.m.StandardListItem","viewName":"etm.portal.ui.manageresources.view.EditResource","viewId":"application-manageresources-display-component---editResource","properties":{"title":"fuel"},"searchOpenDialogs":true,"interaction":{"idSuffix":"content"}},"wdio_ui5_key":"etmportal.ui.manageresources.view.EditResourcesap.m.StandardListItem{\"title\":\"fuel\"}"}]}
COMMAND: GET /session/324496234919104d937ca92dc3ef2aab/screenshot - {}
RESULT: {"script":"<script> [1562 bytes]","args":[{"selector":{"controlType":"sap.m.StandardListItem","viewName":"etm.portal.ui.manageresources.view.EditResource","viewId":"application-manageresources-display-component---editResource","properties":{"title":"fuel"},"searchOpenDialogs":true,"interaction":{"idSuffix":"content"}},"wdio_ui5_key":"etmportal.ui.manageresources.view.EditResourcesap.m.StandardListItem{\"title\":\"fuel\"}"}]}
RESULT: undefined
COMMAND: POST /session/324496234919104d937ca92dc3ef2aab/element - {"using":"xpath","value":"//*[@id=\"__item2056\"]"}
RESULT: {}
RESULT: {"using":"xpath","value":"//*[@id=\"__item2056\"]"}
COMMAND: POST /session/324496234919104d937ca92dc3ef2aab/element/f.350099D233706A5CE962F884DCED375A.d.B29955FFE18DEE4F6C23DBAC860225E9.e.9395/click - {}
RESULT: {}
COMMAND: GET /session/324496234919104d937ca92dc3ef2aab/screenshot - {}
RESULT: {}
COMMAND: POST /session/324496234919104d937ca92dc3ef2aab/element - {"using":"xpath","value":"//button[@data-kt=\"saveButton\"]"}
RESULT: {"using":"xpath","value":"//button[@data-kt=\"saveButton\"]"}
COMMAND: POST /session/324496234919104d937ca92dc3ef2aab/element/f.350099D233706A5CE962F884DCED375A.d.B29955FFE18DEE4F6C23DBAC860225E9.e.9396/click - {}
RESULT: {}
COMMAND: GET /session/324496234919104d937ca92dc3ef2aab/screenshot - {}
RESULT: {}
COMMAND: POST /session/324496234919104d937ca92dc3ef2aab/element - {"using":"xpath","value":"(//button[contains(@id ,\"actionsToolbar-overflowButton\")])[1]"}
RESULT: {"using":"xpath","value":"(//button[contains(@id ,\"actionsToolbar-overflowButton\")])[1]"}
COMMAND: POST /session/324496234919104d937ca92dc3ef2aab/element/f.350099D233706A5CE962F884DCED375A.d.B29955FFE18DEE4F6C23DBAC860225E9.e.9410/click - {}
RESULT: {}
COMMAND: GET /session/324496234919104d937ca92dc3ef2aab/screenshot - {}
RESULT: {}
COMMAND: POST /session/324496234919104d937ca92dc3ef2aab/element - {"using":"xpath","value":"//button[@data-kt=\"priceInfoButton\"]"}
RESULT: {"using":"xpath","value":"//button[@data-kt=\"priceInfoButton\"]"}
COMMAND: POST /session/324496234919104d937ca92dc3ef2aab/element/f.350099D233706A5CE962F884DCED375A.d.B29955FFE18DEE4F6C23DBAC860225E9.e.9412/click - {}
RESULT: {}
COMMAND: GET /session/324496234919104d937ca92dc3ef2aab/screenshot - {}
RESULT: {}
]]></system-out>
    </testcase>
    <testcase classname="chrome.136_0_7103_93.windows.Create_master_data_for_mixed_billing_&amp;_do_billing_calculation_US151661" name="Should create a TB pricing procedure" time="61.979">
      <system-out><![CDATA[
COMMAND: POST /session/324496234919104d937ca92dc3ef2aab/element - {"using":"xpath","value":"//button[@data-kt=\"addButton\"]"}
RESULT: {"using":"xpath","value":"//button[@data-kt=\"addButton\"]"}
COMMAND: POST /session/324496234919104d937ca92dc3ef2aab/elements - {"using":"xpath","value":"//button[@data-kt=\"addButton\"]"}
RESULT: {"using":"xpath","value":"//button[@data-kt=\"addButton\"]"}
COMMAND: POST /session/324496234919104d937ca92dc3ef2aab/element - {"using":"xpath","value":"//button[@data-kt=\"addButton\"]"}
RESULT: {"using":"xpath","value":"//button[@data-kt=\"addButton\"]"}
COMMAND: POST /session/324496234919104d937ca92dc3ef2aab/execute/sync - {"script":"<script> [8489 bytes]","args":[{"element-6066-11e4-a52e-4f735466cecf":"f.350099D233706A5CE962F884DCED375A.d.B29955FFE18DEE4F6C23DBAC860225E9.e.9448","ELEMENT":"f.350099D233706A5CE962F884DCED375A.d.B29955FFE18DEE4F6C23DBAC860225E9.e.9448"}]}
RESULT: {"script":"<script> [8489 bytes]","args":[{"element-6066-11e4-a52e-4f735466cecf":"f.350099D233706A5CE962F884DCED375A.d.B29955FFE18DEE4F6C23DBAC860225E9.e.9448","ELEMENT":"f.350099D233706A5CE962F884DCED375A.d.B29955FFE18DEE4F6C23DBAC860225E9.e.9448"}]}
COMMAND: GET /session/324496234919104d937ca92dc3ef2aab/element/f.350099D233706A5CE962F884DCED375A.d.B29955FFE18DEE4F6C23DBAC860225E9.e.9448/enabled - {}
COMMAND: GET /session/324496234919104d937ca92dc3ef2aab/screenshot - {}
RESULT: {}
COMMAND: POST /session/324496234919104d937ca92dc3ef2aab/execute/sync - {"script":"<script> [8489 bytes]","args":[{"element-6066-11e4-a52e-4f735466cecf":"f.350099D233706A5CE962F884DCED375A.d.B29955FFE18DEE4F6C23DBAC860225E9.e.9448","ELEMENT":"f.350099D233706A5CE962F884DCED375A.d.B29955FFE18DEE4F6C23DBAC860225E9.e.9448"}]}
COMMAND: GET /session/324496234919104d937ca92dc3ef2aab/screenshot - {}
RESULT: {}
RESULT: {"script":"<script> [8489 bytes]","args":[{"element-6066-11e4-a52e-4f735466cecf":"f.350099D233706A5CE962F884DCED375A.d.B29955FFE18DEE4F6C23DBAC860225E9.e.9448","ELEMENT":"f.350099D233706A5CE962F884DCED375A.d.B29955FFE18DEE4F6C23DBAC860225E9.e.9448"}]}
COMMAND: POST /session/324496234919104d937ca92dc3ef2aab/execute/sync - {"script":"<script> [5351 bytes]","args":[{"element-6066-11e4-a52e-4f735466cecf":"f.350099D233706A5CE962F884DCED375A.d.B29955FFE18DEE4F6C23DBAC860225E9.e.9448","ELEMENT":"f.350099D233706A5CE962F884DCED375A.d.B29955FFE18DEE4F6C23DBAC860225E9.e.9448"}]}
RESULT: {}
RESULT: {"script":"<script> [5351 bytes]","args":[{"element-6066-11e4-a52e-4f735466cecf":"f.350099D233706A5CE962F884DCED375A.d.B29955FFE18DEE4F6C23DBAC860225E9.e.9448","ELEMENT":"f.350099D233706A5CE962F884DCED375A.d.B29955FFE18DEE4F6C23DBAC860225E9.e.9448"}]}
COMMAND: POST /session/324496234919104d937ca92dc3ef2aab/element/f.350099D233706A5CE962F884DCED375A.d.B29955FFE18DEE4F6C23DBAC860225E9.e.9448/click - {}
COMMAND: GET /session/324496234919104d937ca92dc3ef2aab/screenshot - {}
COMMAND: GET /session/324496234919104d937ca92dc3ef2aab/screenshot - {}
RESULT: {}
COMMAND: GET /session/324496234919104d937ca92dc3ef2aab/screenshot - {}
RESULT: {}
RESULT: {}
RESULT: {}
COMMAND: POST /session/324496234919104d937ca92dc3ef2aab/execute/async - {"script":"<script> [1562 bytes]","args":[{"selector":{"controlType":"sap.m.Title","viewName":"etm.portal.ui.managepricingrules.view.NewItem","viewId":"application-managepricingrules-display-component---newInfoPriceItem","properties":{"text":"New Pricing Rules - Item Level"}},"wdio_ui5_key":"etmportal.ui.managepricingrules.view.NewItemsap.m.Title{\"text\":\"New Pricing Rules - Item Level\"}"}]}
RESULT: {"script":"<script> [1562 bytes]","args":[{"selector":{"controlType":"sap.m.Title","viewName":"etm.portal.ui.managepricingrules.view.NewItem","viewId":"application-managepricingrules-display-component---newInfoPriceItem","properties":{"text":"New Pricing Rules - Item Level"}},"wdio_ui5_key":"etmportal.ui.managepricingrules.view.NewItemsap.m.Title{\"text\":\"New Pricing Rules - Item Level\"}"}]}
RESULT: undefined
COMMAND: POST /session/324496234919104d937ca92dc3ef2aab/execute/async - {"script":"<script> [6424 bytes]","args":[{"element-6066-11e4-a52e-4f735466cecf":"f.350099D233706A5CE962F884DCED375A.d.B29955FFE18DEE4F6C23DBAC860225E9.e.9606"},"getText",[]]}
RESULT: {"script":"<script> [6424 bytes]","args":[{"element-6066-11e4-a52e-4f735466cecf":"f.350099D233706A5CE962F884DCED375A.d.B29955FFE18DEE4F6C23DBAC860225E9.e.9606"},"getText",[]]}
COMMAND: POST /session/324496234919104d937ca92dc3ef2aab/execute/async - {"script":"<script> [1562 bytes]","args":[{"selector":{"id":"application-managepricingrules-display-component---newInfoPriceItem--condValidTo","interaction":{"idSuffix":"inner"}},"wdio_ui5_key":"applicationmanagepricingrules-display-component---newInfoPriceItem--condValidTo"}]}
RESULT: {"script":"<script> [1562 bytes]","args":[{"selector":{"id":"application-managepricingrules-display-component---newInfoPriceItem--condValidTo","interaction":{"idSuffix":"inner"}},"wdio_ui5_key":"applicationmanagepricingrules-display-component---newInfoPriceItem--condValidTo"}]}
RESULT: undefined
COMMAND: POST /session/324496234919104d937ca92dc3ef2aab/execute/async - {"script":"<script> [776 bytes]","args":[{"enterText":"1/23/26","selector":{"id":"application-managepricingrules-display-component---newInfoPriceItem--condValidTo","interaction":{"idSuffix":"inner"}},"clearTextFirst":true,"interactionType":"ENTER_TEXT"}]}
RESULT: {"script":"<script> [776 bytes]","args":[{"enterText":"1/23/26","selector":{"id":"application-managepricingrules-display-component---newInfoPriceItem--condValidTo","interaction":{"idSuffix":"inner"}},"clearTextFirst":true,"interactionType":"ENTER_TEXT"}]}
COMMAND: POST /session/324496234919104d937ca92dc3ef2aab/execute/async - {"script":"<script> [1562 bytes]","args":[{"selector":{"id":"application-managepricingrules-display-component---newInfoPriceItem--billType-arrow"},"wdio_ui5_key":"applicationmanagepricingrules-display-component---newInfoPriceItem--billType-arrow"}]}
RESULT: {"script":"<script> [1562 bytes]","args":[{"selector":{"id":"application-managepricingrules-display-component---newInfoPriceItem--billType-arrow"},"wdio_ui5_key":"applicationmanagepricingrules-display-component---newInfoPriceItem--billType-arrow"}]}
RESULT: undefined
COMMAND: POST /session/324496234919104d937ca92dc3ef2aab/element - {"using":"xpath","value":"//*[@id=\"application-managepricingrules-display-component---newInfoPriceItem--billType-arrow\"]"}
RESULT: {"using":"xpath","value":"//*[@id=\"application-managepricingrules-display-component---newInfoPriceItem--billType-arrow\"]"}
COMMAND: POST /session/324496234919104d937ca92dc3ef2aab/element/f.350099D233706A5CE962F884DCED375A.d.B29955FFE18DEE4F6C23DBAC860225E9.e.9608/click - {}
RESULT: {}
COMMAND: POST /session/324496234919104d937ca92dc3ef2aab/element - {"using":"xpath","value":"//span[contains(text(), \"TB - Time based\")]"}
COMMAND: GET /session/324496234919104d937ca92dc3ef2aab/screenshot - {}
RESULT: {"using":"xpath","value":"//span[contains(text(), \"TB - Time based\")]"}
COMMAND: POST /session/324496234919104d937ca92dc3ef2aab/element/f.350099D233706A5CE962F884DCED375A.d.B29955FFE18DEE4F6C23DBAC860225E9.e.9609/click - {}
RESULT: {}
RESULT: {}
COMMAND: POST /session/324496234919104d937ca92dc3ef2aab/execute/async - {"script":"<script> [1562 bytes]","args":[{"selector":{"id":"application-managepricingrules-display-component---newInfoPriceItem--priceProc-arrow"},"wdio_ui5_key":"applicationmanagepricingrules-display-component---newInfoPriceItem--priceProc-arrow"}]}
COMMAND: GET /session/324496234919104d937ca92dc3ef2aab/screenshot - {}
RESULT: {"script":"<script> [1562 bytes]","args":[{"selector":{"id":"application-managepricingrules-display-component---newInfoPriceItem--priceProc-arrow"},"wdio_ui5_key":"applicationmanagepricingrules-display-component---newInfoPriceItem--priceProc-arrow"}]}
RESULT: undefined
COMMAND: POST /session/324496234919104d937ca92dc3ef2aab/element - {"using":"xpath","value":"//*[@id=\"application-managepricingrules-display-component---newInfoPriceItem--priceProc-arrow\"]"}
RESULT: {}
RESULT: {"using":"xpath","value":"//*[@id=\"application-managepricingrules-display-component---newInfoPriceItem--priceProc-arrow\"]"}
COMMAND: POST /session/324496234919104d937ca92dc3ef2aab/element/f.350099D233706A5CE962F884DCED375A.d.B29955FFE18DEE4F6C23DBAC860225E9.e.9574/click - {}
RESULT: {}
COMMAND: POST /session/324496234919104d937ca92dc3ef2aab/element - {"using":"xpath","value":"//span[contains(text(), \"TB - Time based BGL\")]"}
COMMAND: GET /session/324496234919104d937ca92dc3ef2aab/screenshot - {}
RESULT: {"using":"xpath","value":"//span[contains(text(), \"TB - Time based BGL\")]"}
COMMAND: POST /session/324496234919104d937ca92dc3ef2aab/element/f.350099D233706A5CE962F884DCED375A.d.B29955FFE18DEE4F6C23DBAC860225E9.e.9610/click - {}
RESULT: {}
RESULT: {}
COMMAND: POST /session/324496234919104d937ca92dc3ef2aab/execute/async - {"script":"<script> [1562 bytes]","args":[{"selector":{"id":"application-managepricingrules-display-component---newInfoPriceItem--calcBase-arrow"},"wdio_ui5_key":"applicationmanagepricingrules-display-component---newInfoPriceItem--calcBase-arrow"}]}
COMMAND: GET /session/324496234919104d937ca92dc3ef2aab/screenshot - {}
RESULT: {"script":"<script> [1562 bytes]","args":[{"selector":{"id":"application-managepricingrules-display-component---newInfoPriceItem--calcBase-arrow"},"wdio_ui5_key":"applicationmanagepricingrules-display-component---newInfoPriceItem--calcBase-arrow"}]}
RESULT: undefined
COMMAND: POST /session/324496234919104d937ca92dc3ef2aab/element - {"using":"xpath","value":"//*[@id=\"application-managepricingrules-display-component---newInfoPriceItem--calcBase-arrow\"]"}
RESULT: {}
RESULT: {"using":"xpath","value":"//*[@id=\"application-managepricingrules-display-component---newInfoPriceItem--calcBase-arrow\"]"}
COMMAND: POST /session/324496234919104d937ca92dc3ef2aab/element/f.350099D233706A5CE962F884DCED375A.d.B29955FFE18DEE4F6C23DBAC860225E9.e.9581/click - {}
RESULT: {}
COMMAND: GET /session/324496234919104d937ca92dc3ef2aab/screenshot - {}
RESULT: {}
COMMAND: POST /session/324496234919104d937ca92dc3ef2aab/element - {"using":"xpath","value":"//span[contains(text(), \"0006 - TB(calendar days)\")]"}
RESULT: {"using":"xpath","value":"//span[contains(text(), \"0006 - TB(calendar days)\")]"}
COMMAND: POST /session/324496234919104d937ca92dc3ef2aab/element/f.350099D233706A5CE962F884DCED375A.d.B29955FFE18DEE4F6C23DBAC860225E9.e.9611/click - {}
RESULT: {}
COMMAND: GET /session/324496234919104d937ca92dc3ef2aab/screenshot - {}
RESULT: {}
COMMAND: POST /session/324496234919104d937ca92dc3ef2aab/execute/async - {"script":"<script> [1562 bytes]","args":[{"selector":{"id":"application-managepricingrules-display-component---newInfoPriceItem--hoursMonth","interaction":{"idSuffix":"inner"}},"wdio_ui5_key":"applicationmanagepricingrules-display-component---newInfoPriceItem--hoursMonth"}]}
RESULT: {"script":"<script> [1562 bytes]","args":[{"selector":{"id":"application-managepricingrules-display-component---newInfoPriceItem--hoursMonth","interaction":{"idSuffix":"inner"}},"wdio_ui5_key":"applicationmanagepricingrules-display-component---newInfoPriceItem--hoursMonth"}]}
RESULT: undefined
COMMAND: POST /session/324496234919104d937ca92dc3ef2aab/execute/async - {"script":"<script> [776 bytes]","args":[{"enterText":"160","selector":{"id":"application-managepricingrules-display-component---newInfoPriceItem--hoursMonth","interaction":{"idSuffix":"inner"}},"clearTextFirst":true,"interactionType":"ENTER_TEXT"}]}
RESULT: {"script":"<script> [776 bytes]","args":[{"enterText":"160","selector":{"id":"application-managepricingrules-display-component---newInfoPriceItem--hoursMonth","interaction":{"idSuffix":"inner"}},"clearTextFirst":true,"interactionType":"ENTER_TEXT"}]}
COMMAND: POST /session/324496234919104d937ca92dc3ef2aab/execute/async - {"script":"<script> [1562 bytes]","args":[{"selector":{"id":"application-managepricingrules-display-component---newInfoPriceItem--daysMonth","interaction":{"idSuffix":"inner"}},"wdio_ui5_key":"applicationmanagepricingrules-display-component---newInfoPriceItem--daysMonth"}]}
RESULT: {"script":"<script> [1562 bytes]","args":[{"selector":{"id":"application-managepricingrules-display-component---newInfoPriceItem--daysMonth","interaction":{"idSuffix":"inner"}},"wdio_ui5_key":"applicationmanagepricingrules-display-component---newInfoPriceItem--daysMonth"}]}
RESULT: undefined
COMMAND: POST /session/324496234919104d937ca92dc3ef2aab/execute/async - {"script":"<script> [776 bytes]","args":[{"enterText":"30","selector":{"id":"application-managepricingrules-display-component---newInfoPriceItem--daysMonth","interaction":{"idSuffix":"inner"}},"clearTextFirst":true,"interactionType":"ENTER_TEXT"}]}
RESULT: {"script":"<script> [776 bytes]","args":[{"enterText":"30","selector":{"id":"application-managepricingrules-display-component---newInfoPriceItem--daysMonth","interaction":{"idSuffix":"inner"}},"clearTextFirst":true,"interactionType":"ENTER_TEXT"}]}
COMMAND: POST /session/324496234919104d937ca92dc3ef2aab/element - {"using":"xpath","value":"//button[@data-kt=\"saveNewRuleButton\"]"}
RESULT: {"using":"xpath","value":"//button[@data-kt=\"saveNewRuleButton\"]"}
COMMAND: POST /session/324496234919104d937ca92dc3ef2aab/element/f.350099D233706A5CE962F884DCED375A.d.B29955FFE18DEE4F6C23DBAC860225E9.e.9597/click - {}
RESULT: {}
COMMAND: GET /session/324496234919104d937ca92dc3ef2aab/screenshot - {}
RESULT: {}
COMMAND: POST /session/324496234919104d937ca92dc3ef2aab/execute/async - {"script":"<script> [1562 bytes]","args":[{"selector":{"id":"application-managepricingrules-display-component---priceInfoItem--smartFilterBar-btnBasicSearch","interaction":{"idSuffix":"I"}},"wdio_ui5_key":"applicationmanagepricingrules-display-component---priceInfoItem--smartFilterBar-btnBasicSearch"}]}
RESULT: {"script":"<script> [1562 bytes]","args":[{"selector":{"id":"application-managepricingrules-display-component---priceInfoItem--smartFilterBar-btnBasicSearch","interaction":{"idSuffix":"I"}},"wdio_ui5_key":"applicationmanagepricingrules-display-component---priceInfoItem--smartFilterBar-btnBasicSearch"}]}
RESULT: undefined
COMMAND: POST /session/324496234919104d937ca92dc3ef2aab/execute/async - {"script":"<script> [776 bytes]","args":[{"enterText":"PiYZ6QeKn7","selector":{"id":"application-managepricingrules-display-component---priceInfoItem--smartFilterBar-btnBasicSearch","interaction":{"idSuffix":"I"}},"clearTextFirst":true,"interactionType":"ENTER_TEXT"}]}
RESULT: {"script":"<script> [776 bytes]","args":[{"enterText":"PiYZ6QeKn7","selector":{"id":"application-managepricingrules-display-component---priceInfoItem--smartFilterBar-btnBasicSearch","interaction":{"idSuffix":"I"}},"clearTextFirst":true,"interactionType":"ENTER_TEXT"}]}
COMMAND: POST /session/324496234919104d937ca92dc3ef2aab/actions - {"actions":[{"id":"action32","type":"key","parameters":{},"actions":[{"type":"keyDown","value":""},{"type":"pause","duration":10},{"type":"keyUp","value":""}]}]}
RESULT: {"actions":[{"id":"action32","type":"key","parameters":{},"actions":[{"type":"keyDown","value":""},{"type":"pause","duration":10},{"type":"keyUp","value":""}]}]}
COMMAND: GET /session/324496234919104d937ca92dc3ef2aab/screenshot - {}
RESULT: {}
COMMAND: POST /session/324496234919104d937ca92dc3ef2aab/element - {"using":"xpath","value":"//span[@id=\"application-managepricingrules-display-component---priceInfoItem--smartTable-header-inner\"]"}
RESULT: {"using":"xpath","value":"//span[@id=\"application-managepricingrules-display-component---priceInfoItem--smartTable-header-inner\"]"}
COMMAND: POST /session/324496234919104d937ca92dc3ef2aab/elements - {"using":"xpath","value":"//span[@id=\"application-managepricingrules-display-component---priceInfoItem--smartTable-header-inner\"]"}
RESULT: {"using":"xpath","value":"//span[@id=\"application-managepricingrules-display-component---priceInfoItem--smartTable-header-inner\"]"}
COMMAND: POST /session/324496234919104d937ca92dc3ef2aab/execute/sync - {"script":"<script> [56 bytes]","args":[{"element-6066-11e4-a52e-4f735466cecf":"f.350099D233706A5CE962F884DCED375A.d.B29955FFE18DEE4F6C23DBAC860225E9.e.9636","ELEMENT":"f.350099D233706A5CE962F884DCED375A.d.B29955FFE18DEE4F6C23DBAC860225E9.e.9636"}]}
RESULT: {"script":"<script> [56 bytes]","args":[{"element-6066-11e4-a52e-4f735466cecf":"f.350099D233706A5CE962F884DCED375A.d.B29955FFE18DEE4F6C23DBAC860225E9.e.9636","ELEMENT":"f.350099D233706A5CE962F884DCED375A.d.B29955FFE18DEE4F6C23DBAC860225E9.e.9636"}]}
COMMAND: POST /session/324496234919104d937ca92dc3ef2aab/element - {"using":"css selector","value":"#shell-header-logo"}
COMMAND: GET /session/324496234919104d937ca92dc3ef2aab/screenshot - {}
RESULT: {"using":"css selector","value":"#shell-header-logo"}
COMMAND: POST /session/324496234919104d937ca92dc3ef2aab/element/f.350099D233706A5CE962F884DCED375A.d.B29955FFE18DEE4F6C23DBAC860225E9.e.8552/click - {}
RESULT: {}
RESULT: {}
COMMAND: GET /session/324496234919104d937ca92dc3ef2aab/screenshot - {}
RESULT: {}
]]></system-out>
    </testcase>
    <testcase classname="chrome.136_0_7103_93.windows.Create_master_data_for_mixed_billing_&amp;_do_billing_calculation_US151661" name="Should add one time condition" time="71.23">
      <system-out><![CDATA[
COMMAND: POST /session/324496234919104d937ca92dc3ef2aab/execute/async - {"script":"<script> [1562 bytes]","args":[{"selector":{"controlType":"sap.m.GenericTile","properties":{"header":"Manage Conditions & Prices"}},"wdio_ui5_key":"sapm.GenericTile{\"header\":\"Manage Conditions & Prices\"}"}]}
RESULT: {"script":"<script> [1562 bytes]","args":[{"selector":{"controlType":"sap.m.GenericTile","properties":{"header":"Manage Conditions & Prices"}},"wdio_ui5_key":"sapm.GenericTile{\"header\":\"Manage Conditions & Prices\"}"}]}
RESULT: undefined
COMMAND: POST /session/324496234919104d937ca92dc3ef2aab/element - {"using":"xpath","value":"//*[@id=\"__tile53\"]"}
RESULT: {"using":"xpath","value":"//*[@id=\"__tile53\"]"}
COMMAND: POST /session/324496234919104d937ca92dc3ef2aab/element/f.350099D233706A5CE962F884DCED375A.d.B29955FFE18DEE4F6C23DBAC860225E9.e.6359/click - {}
RESULT: {}
COMMAND: GET /session/324496234919104d937ca92dc3ef2aab/screenshot - {}
RESULT: {}
COMMAND: POST /session/324496234919104d937ca92dc3ef2aab/elements - {"using":"xpath","value":"//span[text()='Error']"}
RESULT: {"using":"xpath","value":"//span[text()='Error']"}
COMMAND: POST /session/324496234919104d937ca92dc3ef2aab/element - {"using":"xpath","value":"//button[@aria-label=\"Create\"]"}
RESULT: {"using":"xpath","value":"//button[@aria-label=\"Create\"]"}
COMMAND: POST /session/324496234919104d937ca92dc3ef2aab/elements - {"using":"xpath","value":"//button[@aria-label=\"Create\"]"}
RESULT: {"using":"xpath","value":"//button[@aria-label=\"Create\"]"}
COMMAND: POST /session/324496234919104d937ca92dc3ef2aab/execute/sync - {"script":"<script> [8489 bytes]","args":[{"element-6066-11e4-a52e-4f735466cecf":"f.350099D233706A5CE962F884DCED375A.d.B29955FFE18DEE4F6C23DBAC860225E9.e.9671","ELEMENT":"f.350099D233706A5CE962F884DCED375A.d.B29955FFE18DEE4F6C23DBAC860225E9.e.9671"}]}
RESULT: {"script":"<script> [8489 bytes]","args":[{"element-6066-11e4-a52e-4f735466cecf":"f.350099D233706A5CE962F884DCED375A.d.B29955FFE18DEE4F6C23DBAC860225E9.e.9671","ELEMENT":"f.350099D233706A5CE962F884DCED375A.d.B29955FFE18DEE4F6C23DBAC860225E9.e.9671"}]}
COMMAND: GET /session/324496234919104d937ca92dc3ef2aab/element/f.350099D233706A5CE962F884DCED375A.d.B29955FFE18DEE4F6C23DBAC860225E9.e.9671/enabled - {}
COMMAND: GET /session/324496234919104d937ca92dc3ef2aab/screenshot - {}
RESULT: {}
COMMAND: POST /session/324496234919104d937ca92dc3ef2aab/execute/sync - {"script":"<script> [8489 bytes]","args":[{"element-6066-11e4-a52e-4f735466cecf":"f.350099D233706A5CE962F884DCED375A.d.B29955FFE18DEE4F6C23DBAC860225E9.e.9671","ELEMENT":"f.350099D233706A5CE962F884DCED375A.d.B29955FFE18DEE4F6C23DBAC860225E9.e.9671"}]}
COMMAND: GET /session/324496234919104d937ca92dc3ef2aab/screenshot - {}
RESULT: {}
RESULT: {"script":"<script> [8489 bytes]","args":[{"element-6066-11e4-a52e-4f735466cecf":"f.350099D233706A5CE962F884DCED375A.d.B29955FFE18DEE4F6C23DBAC860225E9.e.9671","ELEMENT":"f.350099D233706A5CE962F884DCED375A.d.B29955FFE18DEE4F6C23DBAC860225E9.e.9671"}]}
COMMAND: POST /session/324496234919104d937ca92dc3ef2aab/execute/sync - {"script":"<script> [5351 bytes]","args":[{"element-6066-11e4-a52e-4f735466cecf":"f.350099D233706A5CE962F884DCED375A.d.B29955FFE18DEE4F6C23DBAC860225E9.e.9671","ELEMENT":"f.350099D233706A5CE962F884DCED375A.d.B29955FFE18DEE4F6C23DBAC860225E9.e.9671"}]}
COMMAND: GET /session/324496234919104d937ca92dc3ef2aab/screenshot - {}
RESULT: {}
RESULT: {"script":"<script> [5351 bytes]","args":[{"element-6066-11e4-a52e-4f735466cecf":"f.350099D233706A5CE962F884DCED375A.d.B29955FFE18DEE4F6C23DBAC860225E9.e.9671","ELEMENT":"f.350099D233706A5CE962F884DCED375A.d.B29955FFE18DEE4F6C23DBAC860225E9.e.9671"}]}
COMMAND: POST /session/324496234919104d937ca92dc3ef2aab/element/f.350099D233706A5CE962F884DCED375A.d.B29955FFE18DEE4F6C23DBAC860225E9.e.9671/click - {}
COMMAND: GET /session/324496234919104d937ca92dc3ef2aab/screenshot - {}
RESULT: {}
RESULT: {}
COMMAND: GET /session/324496234919104d937ca92dc3ef2aab/screenshot - {}
RESULT: {}
RESULT: {}
COMMAND: POST /session/324496234919104d937ca92dc3ef2aab/actions - {"actions":[{"id":"action33","type":"key","parameters":{},"actions":[{"type":"keyDown","value":""},{"type":"pause","duration":10},{"type":"keyUp","value":""}]}]}
RESULT: {"actions":[{"id":"action33","type":"key","parameters":{},"actions":[{"type":"keyDown","value":""},{"type":"pause","duration":10},{"type":"keyUp","value":""}]}]}
COMMAND: GET /session/324496234919104d937ca92dc3ef2aab/screenshot - {}
RESULT: {}
COMMAND: POST /session/324496234919104d937ca92dc3ef2aab/execute/async - {"script":"<script> [1562 bytes]","args":[{"selector":{"id":"application-manageconditionprice-display-component---newCondition--condBillCond-arrow"},"wdio_ui5_key":"applicationmanageconditionprice-display-component---newCondition--condBillCond-arrow"}]}
RESULT: {"script":"<script> [1562 bytes]","args":[{"selector":{"id":"application-manageconditionprice-display-component---newCondition--condBillCond-arrow"},"wdio_ui5_key":"applicationmanageconditionprice-display-component---newCondition--condBillCond-arrow"}]}
RESULT: undefined
COMMAND: POST /session/324496234919104d937ca92dc3ef2aab/element - {"using":"xpath","value":"//*[@id=\"application-manageconditionprice-display-component---newCondition--condBillCond-arrow\"]"}
RESULT: {"using":"xpath","value":"//*[@id=\"application-manageconditionprice-display-component---newCondition--condBillCond-arrow\"]"}
COMMAND: POST /session/324496234919104d937ca92dc3ef2aab/element/f.350099D233706A5CE962F884DCED375A.d.B29955FFE18DEE4F6C23DBAC860225E9.e.9849/click - {}
RESULT: {}
COMMAND: GET /session/324496234919104d937ca92dc3ef2aab/screenshot - {}
RESULT: {}
COMMAND: POST /session/324496234919104d937ca92dc3ef2aab/element - {"using":"xpath","value":"//li[.//span[contains(text(), \"SAPR - Sales price\")]]"}
RESULT: {"using":"xpath","value":"//li[.//span[contains(text(), \"SAPR - Sales price\")]]"}
COMMAND: POST /session/324496234919104d937ca92dc3ef2aab/element/f.350099D233706A5CE962F884DCED375A.d.B29955FFE18DEE4F6C23DBAC860225E9.e.9852/click - {}
RESULT: {}
COMMAND: GET /session/324496234919104d937ca92dc3ef2aab/screenshot - {}
RESULT: {}
COMMAND: POST /session/324496234919104d937ca92dc3ef2aab/execute/async - {"script":"<script> [1562 bytes]","args":[{"selector":{"id":"application-manageconditionprice-display-component---newCondition--condValidTo","interaction":{"idSuffix":"inner"}},"wdio_ui5_key":"applicationmanageconditionprice-display-component---newCondition--condValidTo"}]}
RESULT: {"script":"<script> [1562 bytes]","args":[{"selector":{"id":"application-manageconditionprice-display-component---newCondition--condValidTo","interaction":{"idSuffix":"inner"}},"wdio_ui5_key":"applicationmanageconditionprice-display-component---newCondition--condValidTo"}]}
RESULT: undefined
COMMAND: POST /session/324496234919104d937ca92dc3ef2aab/execute/async - {"script":"<script> [776 bytes]","args":[{"enterText":"1/23/26","selector":{"id":"application-manageconditionprice-display-component---newCondition--condValidTo","interaction":{"idSuffix":"inner"}},"clearTextFirst":true,"interactionType":"ENTER_TEXT"}]}
RESULT: {"script":"<script> [776 bytes]","args":[{"enterText":"1/23/26","selector":{"id":"application-manageconditionprice-display-component---newCondition--condValidTo","interaction":{"idSuffix":"inner"}},"clearTextFirst":true,"interactionType":"ENTER_TEXT"}]}
COMMAND: POST /session/324496234919104d937ca92dc3ef2aab/element - {"using":"xpath","value":"//input[@id=\"application-manageconditionprice-display-component---newCondition--condRU-inner\"]"}
RESULT: {"using":"xpath","value":"//input[@id=\"application-manageconditionprice-display-component---newCondition--condRU-inner\"]"}
COMMAND: POST /session/324496234919104d937ca92dc3ef2aab/element/f.350099D233706A5CE962F884DCED375A.d.B29955FFE18DEE4F6C23DBAC860225E9.e.9716/clear - {}
RESULT: {}
COMMAND: POST /session/324496234919104d937ca92dc3ef2aab/element/f.350099D233706A5CE962F884DCED375A.d.B29955FFE18DEE4F6C23DBAC860225E9.e.9716/value - {"text":"PiYZ6QeKn7"}
COMMAND: GET /session/324496234919104d937ca92dc3ef2aab/screenshot - {}
RESULT: {"text":"PiYZ6QeKn7"}
COMMAND: GET /session/324496234919104d937ca92dc3ef2aab/screenshot - {}
RESULT: {}
RESULT: {}
COMMAND: POST /session/324496234919104d937ca92dc3ef2aab/actions - {"actions":[{"id":"action34","type":"key","parameters":{},"actions":[{"type":"keyDown","value":""},{"type":"pause","duration":10},{"type":"keyUp","value":""}]}]}
RESULT: {"actions":[{"id":"action34","type":"key","parameters":{},"actions":[{"type":"keyDown","value":""},{"type":"pause","duration":10},{"type":"keyUp","value":""}]}]}
COMMAND: POST /session/324496234919104d937ca92dc3ef2aab/execute/async - {"script":"<script> [1562 bytes]","args":[{"selector":{"id":"application-manageconditionprice-display-component---newCondition--condBaseQty","interaction":{"idSuffix":"inner"}},"wdio_ui5_key":"applicationmanageconditionprice-display-component---newCondition--condBaseQty"}]}
COMMAND: GET /session/324496234919104d937ca92dc3ef2aab/screenshot - {}
RESULT: {"script":"<script> [1562 bytes]","args":[{"selector":{"id":"application-manageconditionprice-display-component---newCondition--condBaseQty","interaction":{"idSuffix":"inner"}},"wdio_ui5_key":"applicationmanageconditionprice-display-component---newCondition--condBaseQty"}]}
RESULT: undefined
COMMAND: POST /session/324496234919104d937ca92dc3ef2aab/execute/async - {"script":"<script> [776 bytes]","args":[{"enterText":"1","selector":{"id":"application-manageconditionprice-display-component---newCondition--condBaseQty","interaction":{"idSuffix":"inner"}},"clearTextFirst":true,"interactionType":"ENTER_TEXT"}]}
RESULT: {}
RESULT: {"script":"<script> [776 bytes]","args":[{"enterText":"1","selector":{"id":"application-manageconditionprice-display-component---newCondition--condBaseQty","interaction":{"idSuffix":"inner"}},"clearTextFirst":true,"interactionType":"ENTER_TEXT"}]}
COMMAND: POST /session/324496234919104d937ca92dc3ef2aab/execute/async - {"script":"<script> [1562 bytes]","args":[{"selector":{"id":"application-manageconditionprice-display-component---newCondition--condValue","interaction":{"idSuffix":"inner"}},"wdio_ui5_key":"applicationmanageconditionprice-display-component---newCondition--condValue"}]}
RESULT: {"script":"<script> [1562 bytes]","args":[{"selector":{"id":"application-manageconditionprice-display-component---newCondition--condValue","interaction":{"idSuffix":"inner"}},"wdio_ui5_key":"applicationmanageconditionprice-display-component---newCondition--condValue"}]}
RESULT: undefined
COMMAND: POST /session/324496234919104d937ca92dc3ef2aab/execute/async - {"script":"<script> [776 bytes]","args":[{"enterText":"200","selector":{"id":"application-manageconditionprice-display-component---newCondition--condValue","interaction":{"idSuffix":"inner"}},"clearTextFirst":true,"interactionType":"ENTER_TEXT"}]}
RESULT: {"script":"<script> [776 bytes]","args":[{"enterText":"200","selector":{"id":"application-manageconditionprice-display-component---newCondition--condValue","interaction":{"idSuffix":"inner"}},"clearTextFirst":true,"interactionType":"ENTER_TEXT"}]}
COMMAND: POST /session/324496234919104d937ca92dc3ef2aab/execute/async - {"script":"<script> [1562 bytes]","args":[{"selector":{"id":"application-manageconditionprice-display-component---newCondition--condCurr-arrow"},"wdio_ui5_key":"applicationmanageconditionprice-display-component---newCondition--condCurr-arrow"}]}
RESULT: {"script":"<script> [1562 bytes]","args":[{"selector":{"id":"application-manageconditionprice-display-component---newCondition--condCurr-arrow"},"wdio_ui5_key":"applicationmanageconditionprice-display-component---newCondition--condCurr-arrow"}]}
RESULT: undefined
COMMAND: POST /session/324496234919104d937ca92dc3ef2aab/element - {"using":"xpath","value":"//*[@id=\"application-manageconditionprice-display-component---newCondition--condCurr-arrow\"]"}
RESULT: {"using":"xpath","value":"//*[@id=\"application-manageconditionprice-display-component---newCondition--condCurr-arrow\"]"}
COMMAND: POST /session/324496234919104d937ca92dc3ef2aab/element/f.350099D233706A5CE962F884DCED375A.d.B29955FFE18DEE4F6C23DBAC860225E9.e.9823/click - {}
RESULT: {}
COMMAND: POST /session/324496234919104d937ca92dc3ef2aab/element - {"using":"xpath","value":"//span[contains(text(), \"Euro\")]"}
COMMAND: GET /session/324496234919104d937ca92dc3ef2aab/screenshot - {}
RESULT: {"using":"xpath","value":"//span[contains(text(), \"Euro\")]"}
COMMAND: POST /session/324496234919104d937ca92dc3ef2aab/element/f.350099D233706A5CE962F884DCED375A.d.B29955FFE18DEE4F6C23DBAC860225E9.e.9890/click - {}
RESULT: {}
RESULT: {}
COMMAND: POST /session/324496234919104d937ca92dc3ef2aab/element - {"using":"xpath","value":"//button[@data-kt=\"saveButton\"]"}
COMMAND: GET /session/324496234919104d937ca92dc3ef2aab/screenshot - {}
RESULT: {"using":"xpath","value":"//button[@data-kt=\"saveButton\"]"}
COMMAND: POST /session/324496234919104d937ca92dc3ef2aab/element/f.350099D233706A5CE962F884DCED375A.d.B29955FFE18DEE4F6C23DBAC860225E9.e.9824/click - {}
RESULT: {}
RESULT: {}
COMMAND: GET /session/324496234919104d937ca92dc3ef2aab/screenshot - {}
RESULT: {}
COMMAND: POST /session/324496234919104d937ca92dc3ef2aab/execute/async - {"script":"<script> [1562 bytes]","args":[{"selector":{"id":"application-manageconditionprice-display-component---conditions--smartFilterBar-btnBasicSearch","interaction":{"idSuffix":"I"}},"wdio_ui5_key":"applicationmanageconditionprice-display-component---conditions--smartFilterBar-btnBasicSearch"}]}
RESULT: {"script":"<script> [1562 bytes]","args":[{"selector":{"id":"application-manageconditionprice-display-component---conditions--smartFilterBar-btnBasicSearch","interaction":{"idSuffix":"I"}},"wdio_ui5_key":"applicationmanageconditionprice-display-component---conditions--smartFilterBar-btnBasicSearch"}]}
RESULT: undefined
COMMAND: POST /session/324496234919104d937ca92dc3ef2aab/execute/async - {"script":"<script> [776 bytes]","args":[{"enterText":"PiYZ6QeKn7","selector":{"id":"application-manageconditionprice-display-component---conditions--smartFilterBar-btnBasicSearch","interaction":{"idSuffix":"I"}},"clearTextFirst":true,"interactionType":"ENTER_TEXT"}]}
RESULT: {"script":"<script> [776 bytes]","args":[{"enterText":"PiYZ6QeKn7","selector":{"id":"application-manageconditionprice-display-component---conditions--smartFilterBar-btnBasicSearch","interaction":{"idSuffix":"I"}},"clearTextFirst":true,"interactionType":"ENTER_TEXT"}]}
COMMAND: POST /session/324496234919104d937ca92dc3ef2aab/actions - {"actions":[{"id":"action35","type":"key","parameters":{},"actions":[{"type":"keyDown","value":""},{"type":"pause","duration":10},{"type":"keyUp","value":""}]}]}
RESULT: {"actions":[{"id":"action35","type":"key","parameters":{},"actions":[{"type":"keyDown","value":""},{"type":"pause","duration":10},{"type":"keyUp","value":""}]}]}
COMMAND: GET /session/324496234919104d937ca92dc3ef2aab/screenshot - {}
RESULT: {}
COMMAND: POST /session/324496234919104d937ca92dc3ef2aab/execute/async - {"script":"<script> [1562 bytes]","args":[{"selector":{"id":"application-manageconditionprice-display-component---conditions--smartFilterBar-filterItemControl_BASIC-BILL_TYPES-vhi"},"wdio_ui5_key":"applicationmanageconditionprice-display-component---conditions--smartFilterBar-filterItemControl_BASIC-BILL_TYPES-vhi"}]}
RESULT: {"script":"<script> [1562 bytes]","args":[{"selector":{"id":"application-manageconditionprice-display-component---conditions--smartFilterBar-filterItemControl_BASIC-BILL_TYPES-vhi"},"wdio_ui5_key":"applicationmanageconditionprice-display-component---conditions--smartFilterBar-filterItemControl_BASIC-BILL_TYPES-vhi"}]}
RESULT: undefined
COMMAND: POST /session/324496234919104d937ca92dc3ef2aab/element - {"using":"xpath","value":"//*[@id=\"application-manageconditionprice-display-component---conditions--smartFilterBar-filterItemControl_BASIC-BILL_TYPES-vhi\"]"}
RESULT: {"using":"xpath","value":"//*[@id=\"application-manageconditionprice-display-component---conditions--smartFilterBar-filterItemControl_BASIC-BILL_TYPES-vhi\"]"}
COMMAND: POST /session/324496234919104d937ca92dc3ef2aab/element/f.350099D233706A5CE962F884DCED375A.d.B29955FFE18DEE4F6C23DBAC860225E9.e.9996/click - {}
RESULT: {}
COMMAND: POST /session/324496234919104d937ca92dc3ef2aab/execute/async - {"script":"<script> [1562 bytes]","args":[{"selector":{"id":"application-manageconditionprice-display-component---conditions--smartFilterBar-filterItemControl_BASIC-BILL_TYPES-valueHelpDialog-smartFilterBar-btnBasicSearch","searchOpenDialogs":true,"interaction":{"idSuffix":"I"}},"wdio_ui5_key":"applicationmanageconditionprice-display-component---conditions--smartFilterBar-filterItemControl_BASIC-BILL_TYPES-valueHelpDialog-smartFilterBar-btnBasicSearch"}]}
COMMAND: GET /session/324496234919104d937ca92dc3ef2aab/screenshot - {}
RESULT: {"script":"<script> [1562 bytes]","args":[{"selector":{"id":"application-manageconditionprice-display-component---conditions--smartFilterBar-filterItemControl_BASIC-BILL_TYPES-valueHelpDialog-smartFilterBar-btnBasicSearch","searchOpenDialogs":true,"interaction":{"idSuffix":"I"}},"wdio_ui5_key":"applicationmanageconditionprice-display-component---conditions--smartFilterBar-filterItemControl_BASIC-BILL_TYPES-valueHelpDialog-smartFilterBar-btnBasicSearch"}]}
RESULT: undefined
COMMAND: POST /session/324496234919104d937ca92dc3ef2aab/execute/async - {"script":"<script> [776 bytes]","args":[{"enterText":"one","selector":{"id":"application-manageconditionprice-display-component---conditions--smartFilterBar-filterItemControl_BASIC-BILL_TYPES-valueHelpDialog-smartFilterBar-btnBasicSearch","searchOpenDialogs":true,"interaction":{"idSuffix":"I"}},"clearTextFirst":true,"interactionType":"ENTER_TEXT"}]}
RESULT: {}
RESULT: {"script":"<script> [776 bytes]","args":[{"enterText":"one","selector":{"id":"application-manageconditionprice-display-component---conditions--smartFilterBar-filterItemControl_BASIC-BILL_TYPES-valueHelpDialog-smartFilterBar-btnBasicSearch","searchOpenDialogs":true,"interaction":{"idSuffix":"I"}},"clearTextFirst":true,"interactionType":"ENTER_TEXT"}]}
COMMAND: POST /session/324496234919104d937ca92dc3ef2aab/actions - {"actions":[{"id":"action36","type":"key","parameters":{},"actions":[{"type":"keyDown","value":""},{"type":"pause","duration":10},{"type":"keyUp","value":""}]}]}
RESULT: {"actions":[{"id":"action36","type":"key","parameters":{},"actions":[{"type":"keyDown","value":""},{"type":"pause","duration":10},{"type":"keyUp","value":""}]}]}
COMMAND: GET /session/324496234919104d937ca92dc3ef2aab/screenshot - {}
RESULT: {}
COMMAND: POST /session/324496234919104d937ca92dc3ef2aab/element - {"using":"xpath","value":"//div[contains(@id, 'application-manageconditionprice-display-component---conditions--smartFilterBar-filterItemControl_BASIC-BILL_TYPES-valueHelpDialog-table-rowsel0')]"}
RESULT: {"using":"xpath","value":"//div[contains(@id, 'application-manageconditionprice-display-component---conditions--smartFilterBar-filterItemControl_BASIC-BILL_TYPES-valueHelpDialog-table-rowsel0')]"}
COMMAND: POST /session/324496234919104d937ca92dc3ef2aab/element/f.350099D233706A5CE962F884DCED375A.d.B29955FFE18DEE4F6C23DBAC860225E9.e.10005/click - {}
RESULT: {}
COMMAND: GET /session/324496234919104d937ca92dc3ef2aab/screenshot - {}
RESULT: {}
COMMAND: POST /session/324496234919104d937ca92dc3ef2aab/element - {"using":"xpath","value":"//bdi[contains(text(), \"OK\")]"}
RESULT: {"using":"xpath","value":"//bdi[contains(text(), \"OK\")]"}
COMMAND: POST /session/324496234919104d937ca92dc3ef2aab/element/f.350099D233706A5CE962F884DCED375A.d.B29955FFE18DEE4F6C23DBAC860225E9.e.10007/click - {}
RESULT: {}
COMMAND: GET /session/324496234919104d937ca92dc3ef2aab/screenshot - {}
RESULT: {}
COMMAND: POST /session/324496234919104d937ca92dc3ef2aab/element - {"using":"xpath","value":"//span[@id=\"application-manageconditionprice-display-component---conditions--smartTable-header-inner\"]"}
RESULT: {"using":"xpath","value":"//span[@id=\"application-manageconditionprice-display-component---conditions--smartTable-header-inner\"]"}
COMMAND: POST /session/324496234919104d937ca92dc3ef2aab/elements - {"using":"xpath","value":"//span[@id=\"application-manageconditionprice-display-component---conditions--smartTable-header-inner\"]"}
RESULT: {"using":"xpath","value":"//span[@id=\"application-manageconditionprice-display-component---conditions--smartTable-header-inner\"]"}
COMMAND: POST /session/324496234919104d937ca92dc3ef2aab/execute/sync - {"script":"<script> [56 bytes]","args":[{"element-6066-11e4-a52e-4f735466cecf":"f.350099D233706A5CE962F884DCED375A.d.B29955FFE18DEE4F6C23DBAC860225E9.e.10010","ELEMENT":"f.350099D233706A5CE962F884DCED375A.d.B29955FFE18DEE4F6C23DBAC860225E9.e.10010"}]}
RESULT: {"script":"<script> [56 bytes]","args":[{"element-6066-11e4-a52e-4f735466cecf":"f.350099D233706A5CE962F884DCED375A.d.B29955FFE18DEE4F6C23DBAC860225E9.e.10010","ELEMENT":"f.350099D233706A5CE962F884DCED375A.d.B29955FFE18DEE4F6C23DBAC860225E9.e.10010"}]}
COMMAND: POST /session/324496234919104d937ca92dc3ef2aab/element - {"using":"css selector","value":"#shell-header-logo"}
COMMAND: GET /session/324496234919104d937ca92dc3ef2aab/screenshot - {}
RESULT: {"using":"css selector","value":"#shell-header-logo"}
COMMAND: POST /session/324496234919104d937ca92dc3ef2aab/element/f.350099D233706A5CE962F884DCED375A.d.B29955FFE18DEE4F6C23DBAC860225E9.e.9638/click - {}
RESULT: {}
RESULT: {}
COMMAND: GET /session/324496234919104d937ca92dc3ef2aab/screenshot - {}
RESULT: {}
]]></system-out>
    </testcase>
    <testcase classname="chrome.136_0_7103_93.windows.Create_master_data_for_mixed_billing_&amp;_do_billing_calculation_US151661" name="Should add performance based condition" time="78.748">
      <system-out><![CDATA[
RESULT: undefined
COMMAND: POST /session/324496234919104d937ca92dc3ef2aab/element - {"using":"xpath","value":"//*[@id=\"__tile53\"]"}
RESULT: {"using":"xpath","value":"//*[@id=\"__tile53\"]"}
COMMAND: POST /session/324496234919104d937ca92dc3ef2aab/element/f.350099D233706A5CE962F884DCED375A.d.B29955FFE18DEE4F6C23DBAC860225E9.e.6359/click - {}
RESULT: {}
COMMAND: GET /session/324496234919104d937ca92dc3ef2aab/screenshot - {}
RESULT: {}
COMMAND: POST /session/324496234919104d937ca92dc3ef2aab/elements - {"using":"xpath","value":"//span[text()='Error']"}
RESULT: {"using":"xpath","value":"//span[text()='Error']"}
COMMAND: POST /session/324496234919104d937ca92dc3ef2aab/element - {"using":"xpath","value":"//button[@aria-label=\"Create\"]"}
RESULT: {"using":"xpath","value":"//button[@aria-label=\"Create\"]"}
COMMAND: POST /session/324496234919104d937ca92dc3ef2aab/elements - {"using":"xpath","value":"//button[@aria-label=\"Create\"]"}
RESULT: {"using":"xpath","value":"//button[@aria-label=\"Create\"]"}
COMMAND: POST /session/324496234919104d937ca92dc3ef2aab/execute/sync - {"script":"<script> [8489 bytes]","args":[{"element-6066-11e4-a52e-4f735466cecf":"f.350099D233706A5CE962F884DCED375A.d.B29955FFE18DEE4F6C23DBAC860225E9.e.10052","ELEMENT":"f.350099D233706A5CE962F884DCED375A.d.B29955FFE18DEE4F6C23DBAC860225E9.e.10052"}]}
RESULT: {"script":"<script> [8489 bytes]","args":[{"element-6066-11e4-a52e-4f735466cecf":"f.350099D233706A5CE962F884DCED375A.d.B29955FFE18DEE4F6C23DBAC860225E9.e.10052","ELEMENT":"f.350099D233706A5CE962F884DCED375A.d.B29955FFE18DEE4F6C23DBAC860225E9.e.10052"}]}
COMMAND: GET /session/324496234919104d937ca92dc3ef2aab/element/f.350099D233706A5CE962F884DCED375A.d.B29955FFE18DEE4F6C23DBAC860225E9.e.10052/enabled - {}
COMMAND: GET /session/324496234919104d937ca92dc3ef2aab/screenshot - {}
RESULT: {}
COMMAND: POST /session/324496234919104d937ca92dc3ef2aab/execute/sync - {"script":"<script> [8489 bytes]","args":[{"element-6066-11e4-a52e-4f735466cecf":"f.350099D233706A5CE962F884DCED375A.d.B29955FFE18DEE4F6C23DBAC860225E9.e.10052","ELEMENT":"f.350099D233706A5CE962F884DCED375A.d.B29955FFE18DEE4F6C23DBAC860225E9.e.10052"}]}
COMMAND: GET /session/324496234919104d937ca92dc3ef2aab/screenshot - {}
RESULT: {}
RESULT: {"script":"<script> [8489 bytes]","args":[{"element-6066-11e4-a52e-4f735466cecf":"f.350099D233706A5CE962F884DCED375A.d.B29955FFE18DEE4F6C23DBAC860225E9.e.10052","ELEMENT":"f.350099D233706A5CE962F884DCED375A.d.B29955FFE18DEE4F6C23DBAC860225E9.e.10052"}]}
COMMAND: POST /session/324496234919104d937ca92dc3ef2aab/execute/sync - {"script":"<script> [5351 bytes]","args":[{"element-6066-11e4-a52e-4f735466cecf":"f.350099D233706A5CE962F884DCED375A.d.B29955FFE18DEE4F6C23DBAC860225E9.e.10052","ELEMENT":"f.350099D233706A5CE962F884DCED375A.d.B29955FFE18DEE4F6C23DBAC860225E9.e.10052"}]}
COMMAND: GET /session/324496234919104d937ca92dc3ef2aab/screenshot - {}
RESULT: {}
RESULT: {"script":"<script> [5351 bytes]","args":[{"element-6066-11e4-a52e-4f735466cecf":"f.350099D233706A5CE962F884DCED375A.d.B29955FFE18DEE4F6C23DBAC860225E9.e.10052","ELEMENT":"f.350099D233706A5CE962F884DCED375A.d.B29955FFE18DEE4F6C23DBAC860225E9.e.10052"}]}
COMMAND: POST /session/324496234919104d937ca92dc3ef2aab/element/f.350099D233706A5CE962F884DCED375A.d.B29955FFE18DEE4F6C23DBAC860225E9.e.10052/click - {}
COMMAND: GET /session/324496234919104d937ca92dc3ef2aab/screenshot - {}
RESULT: {}
RESULT: {}
COMMAND: GET /session/324496234919104d937ca92dc3ef2aab/screenshot - {}
RESULT: {}
RESULT: {}
COMMAND: POST /session/324496234919104d937ca92dc3ef2aab/actions - {"actions":[{"id":"action37","type":"key","parameters":{},"actions":[{"type":"keyDown","value":""},{"type":"pause","duration":10},{"type":"keyUp","value":""}]}]}
RESULT: {"actions":[{"id":"action37","type":"key","parameters":{},"actions":[{"type":"keyDown","value":""},{"type":"pause","duration":10},{"type":"keyUp","value":""}]}]}
COMMAND: GET /session/324496234919104d937ca92dc3ef2aab/screenshot - {}
RESULT: undefined
COMMAND: POST /session/324496234919104d937ca92dc3ef2aab/element - {"using":"xpath","value":"//*[@id=\"application-manageconditionprice-display-component---newCondition--condBillCond-arrow\"]"}
RESULT: {}
RESULT: {"using":"xpath","value":"//*[@id=\"application-manageconditionprice-display-component---newCondition--condBillCond-arrow\"]"}
COMMAND: POST /session/324496234919104d937ca92dc3ef2aab/element/f.350099D233706A5CE962F884DCED375A.d.B29955FFE18DEE4F6C23DBAC860225E9.e.10383/click - {}
RESULT: {}
COMMAND: GET /session/324496234919104d937ca92dc3ef2aab/screenshot - {}
RESULT: {}
COMMAND: POST /session/324496234919104d937ca92dc3ef2aab/element - {"using":"xpath","value":"//li[.//span[contains(text(), \"PC06 - Performance Price - fuel\")]]"}
RESULT: {"using":"xpath","value":"//li[.//span[contains(text(), \"PC06 - Performance Price - fuel\")]]"}
COMMAND: POST /session/324496234919104d937ca92dc3ef2aab/element/f.350099D233706A5CE962F884DCED375A.d.B29955FFE18DEE4F6C23DBAC860225E9.e.10386/click - {}
RESULT: {}
COMMAND: GET /session/324496234919104d937ca92dc3ef2aab/screenshot - {}
RESULT: {}
RESULT: undefined
COMMAND: POST /session/324496234919104d937ca92dc3ef2aab/execute/async - {"script":"<script> [776 bytes]","args":[{"enterText":"1/23/26","selector":{"id":"application-manageconditionprice-display-component---newCondition--condValidTo","interaction":{"idSuffix":"inner"}},"clearTextFirst":true,"interactionType":"ENTER_TEXT"}]}
RESULT: {"script":"<script> [776 bytes]","args":[{"enterText":"1/23/26","selector":{"id":"application-manageconditionprice-display-component---newCondition--condValidTo","interaction":{"idSuffix":"inner"}},"clearTextFirst":true,"interactionType":"ENTER_TEXT"}]}
COMMAND: POST /session/324496234919104d937ca92dc3ef2aab/element - {"using":"xpath","value":"//input[@id=\"application-manageconditionprice-display-component---newCondition--condRU-inner\"]"}
RESULT: {"using":"xpath","value":"//input[@id=\"application-manageconditionprice-display-component---newCondition--condRU-inner\"]"}
COMMAND: POST /session/324496234919104d937ca92dc3ef2aab/element/f.350099D233706A5CE962F884DCED375A.d.B29955FFE18DEE4F6C23DBAC860225E9.e.10182/clear - {}
RESULT: {}
COMMAND: POST /session/324496234919104d937ca92dc3ef2aab/element/f.350099D233706A5CE962F884DCED375A.d.B29955FFE18DEE4F6C23DBAC860225E9.e.10182/value - {"text":"PiYZ6QeKn7"}
COMMAND: GET /session/324496234919104d937ca92dc3ef2aab/screenshot - {}
RESULT: {"text":"PiYZ6QeKn7"}
COMMAND: GET /session/324496234919104d937ca92dc3ef2aab/screenshot - {}
RESULT: {}
RESULT: {}
COMMAND: POST /session/324496234919104d937ca92dc3ef2aab/actions - {"actions":[{"id":"action38","type":"key","parameters":{},"actions":[{"type":"keyDown","value":""},{"type":"pause","duration":10},{"type":"keyUp","value":""}]}]}
RESULT: {"actions":[{"id":"action38","type":"key","parameters":{},"actions":[{"type":"keyDown","value":""},{"type":"pause","duration":10},{"type":"keyUp","value":""}]}]}
RESULT: undefined
COMMAND: POST /session/324496234919104d937ca92dc3ef2aab/execute/async - {"script":"<script> [776 bytes]","args":[{"enterText":"1","selector":{"id":"application-manageconditionprice-display-component---newCondition--condBaseQty","interaction":{"idSuffix":"inner"}},"clearTextFirst":true,"interactionType":"ENTER_TEXT"}]}
COMMAND: GET /session/324496234919104d937ca92dc3ef2aab/screenshot - {}
RESULT: {"script":"<script> [776 bytes]","args":[{"enterText":"1","selector":{"id":"application-manageconditionprice-display-component---newCondition--condBaseQty","interaction":{"idSuffix":"inner"}},"clearTextFirst":true,"interactionType":"ENTER_TEXT"}]}
RESULT: undefined
COMMAND: POST /session/324496234919104d937ca92dc3ef2aab/execute/async - {"script":"<script> [776 bytes]","args":[{"enterText":"10","selector":{"id":"application-manageconditionprice-display-component---newCondition--condValue","interaction":{"idSuffix":"inner"}},"clearTextFirst":true,"interactionType":"ENTER_TEXT"}]}
RESULT: {}
RESULT: {"script":"<script> [776 bytes]","args":[{"enterText":"10","selector":{"id":"application-manageconditionprice-display-component---newCondition--condValue","interaction":{"idSuffix":"inner"}},"clearTextFirst":true,"interactionType":"ENTER_TEXT"}]}
RESULT: undefined
COMMAND: POST /session/324496234919104d937ca92dc3ef2aab/element - {"using":"xpath","value":"//*[@id=\"application-manageconditionprice-display-component---newCondition--condCurr-arrow\"]"}
RESULT: {"using":"xpath","value":"//*[@id=\"application-manageconditionprice-display-component---newCondition--condCurr-arrow\"]"}
COMMAND: POST /session/324496234919104d937ca92dc3ef2aab/element/f.350099D233706A5CE962F884DCED375A.d.B29955FFE18DEE4F6C23DBAC860225E9.e.10302/click - {}
RESULT: {}
COMMAND: POST /session/324496234919104d937ca92dc3ef2aab/element - {"using":"xpath","value":"//span[contains(text(), \"Euro\")]"}
COMMAND: GET /session/324496234919104d937ca92dc3ef2aab/screenshot - {}
RESULT: {"using":"xpath","value":"//span[contains(text(), \"Euro\")]"}
COMMAND: POST /session/324496234919104d937ca92dc3ef2aab/element/f.350099D233706A5CE962F884DCED375A.d.B29955FFE18DEE4F6C23DBAC860225E9.e.10419/click - {}
RESULT: {}
RESULT: {}
COMMAND: POST /session/324496234919104d937ca92dc3ef2aab/element - {"using":"xpath","value":"//button[@data-kt=\"saveButton\"]"}
COMMAND: GET /session/324496234919104d937ca92dc3ef2aab/screenshot - {}
RESULT: {"using":"xpath","value":"//button[@data-kt=\"saveButton\"]"}
COMMAND: POST /session/324496234919104d937ca92dc3ef2aab/element/f.350099D233706A5CE962F884DCED375A.d.B29955FFE18DEE4F6C23DBAC860225E9.e.10303/click - {}
RESULT: {}
RESULT: {}
COMMAND: GET /session/324496234919104d937ca92dc3ef2aab/screenshot - {}
RESULT: {}
RESULT: undefined
COMMAND: POST /session/324496234919104d937ca92dc3ef2aab/execute/async - {"script":"<script> [776 bytes]","args":[{"enterText":"PiYZ6QeKn7","selector":{"id":"application-manageconditionprice-display-component---conditions--smartFilterBar-btnBasicSearch","interaction":{"idSuffix":"I"}},"clearTextFirst":true,"interactionType":"ENTER_TEXT"}]}
RESULT: {"script":"<script> [776 bytes]","args":[{"enterText":"PiYZ6QeKn7","selector":{"id":"application-manageconditionprice-display-component---conditions--smartFilterBar-btnBasicSearch","interaction":{"idSuffix":"I"}},"clearTextFirst":true,"interactionType":"ENTER_TEXT"}]}
COMMAND: POST /session/324496234919104d937ca92dc3ef2aab/actions - {"actions":[{"id":"action39","type":"key","parameters":{},"actions":[{"type":"keyDown","value":""},{"type":"pause","duration":10},{"type":"keyUp","value":""}]}]}
RESULT: {"actions":[{"id":"action39","type":"key","parameters":{},"actions":[{"type":"keyDown","value":""},{"type":"pause","duration":10},{"type":"keyUp","value":""}]}]}
COMMAND: GET /session/324496234919104d937ca92dc3ef2aab/screenshot - {}
RESULT: {}
RESULT: undefined
COMMAND: POST /session/324496234919104d937ca92dc3ef2aab/element - {"using":"xpath","value":"//*[@id=\"application-manageconditionprice-display-component---conditions--smartFilterBar-filterItemControl_BASIC-BILL_TYPES-vhi\"]"}
RESULT: {"using":"xpath","value":"//*[@id=\"application-manageconditionprice-display-component---conditions--smartFilterBar-filterItemControl_BASIC-BILL_TYPES-vhi\"]"}
COMMAND: POST /session/324496234919104d937ca92dc3ef2aab/element/f.350099D233706A5CE962F884DCED375A.d.B29955FFE18DEE4F6C23DBAC860225E9.e.10598/click - {}
RESULT: {}
RESULT: undefined
COMMAND: POST /session/324496234919104d937ca92dc3ef2aab/execute/async - {"script":"<script> [776 bytes]","args":[{"enterText":"PB","selector":{"id":"application-manageconditionprice-display-component---conditions--smartFilterBar-filterItemControl_BASIC-BILL_TYPES-valueHelpDialog-smartFilterBar-btnBasicSearch","searchOpenDialogs":true,"interaction":{"idSuffix":"I"}},"clearTextFirst":true,"interactionType":"ENTER_TEXT"}]}
COMMAND: GET /session/324496234919104d937ca92dc3ef2aab/screenshot - {}
RESULT: {"script":"<script> [776 bytes]","args":[{"enterText":"PB","selector":{"id":"application-manageconditionprice-display-component---conditions--smartFilterBar-filterItemControl_BASIC-BILL_TYPES-valueHelpDialog-smartFilterBar-btnBasicSearch","searchOpenDialogs":true,"interaction":{"idSuffix":"I"}},"clearTextFirst":true,"interactionType":"ENTER_TEXT"}]}
COMMAND: POST /session/324496234919104d937ca92dc3ef2aab/actions - {"actions":[{"id":"action40","type":"key","parameters":{},"actions":[{"type":"keyDown","value":""},{"type":"pause","duration":10},{"type":"keyUp","value":""}]}]}
RESULT: {}
RESULT: {"actions":[{"id":"action40","type":"key","parameters":{},"actions":[{"type":"keyDown","value":""},{"type":"pause","duration":10},{"type":"keyUp","value":""}]}]}
COMMAND: GET /session/324496234919104d937ca92dc3ef2aab/screenshot - {}
RESULT: {}
COMMAND: POST /session/324496234919104d937ca92dc3ef2aab/element - {"using":"xpath","value":"//div[contains(@id, 'application-manageconditionprice-display-component---conditions--smartFilterBar-filterItemControl_BASIC-BILL_TYPES-valueHelpDialog-table-rowsel0')]"}
RESULT: {"using":"xpath","value":"//div[contains(@id, 'application-manageconditionprice-display-component---conditions--smartFilterBar-filterItemControl_BASIC-BILL_TYPES-valueHelpDialog-table-rowsel0')]"}
COMMAND: POST /session/324496234919104d937ca92dc3ef2aab/element/f.350099D233706A5CE962F884DCED375A.d.B29955FFE18DEE4F6C23DBAC860225E9.e.10606/click - {}
RESULT: {}
COMMAND: GET /session/324496234919104d937ca92dc3ef2aab/screenshot - {}
RESULT: {}
COMMAND: POST /session/324496234919104d937ca92dc3ef2aab/element - {"using":"xpath","value":"//bdi[contains(text(), \"OK\")]"}
RESULT: {"using":"xpath","value":"//bdi[contains(text(), \"OK\")]"}
COMMAND: POST /session/324496234919104d937ca92dc3ef2aab/element/f.350099D233706A5CE962F884DCED375A.d.B29955FFE18DEE4F6C23DBAC860225E9.e.10608/click - {}
RESULT: {}
COMMAND: GET /session/324496234919104d937ca92dc3ef2aab/screenshot - {}
RESULT: {}
COMMAND: POST /session/324496234919104d937ca92dc3ef2aab/element - {"using":"xpath","value":"//span[@id=\"application-manageconditionprice-display-component---conditions--smartTable-header-inner\"]"}
RESULT: {"using":"xpath","value":"//span[@id=\"application-manageconditionprice-display-component---conditions--smartTable-header-inner\"]"}
COMMAND: POST /session/324496234919104d937ca92dc3ef2aab/elements - {"using":"xpath","value":"//span[@id=\"application-manageconditionprice-display-component---conditions--smartTable-header-inner\"]"}
RESULT: {"using":"xpath","value":"//span[@id=\"application-manageconditionprice-display-component---conditions--smartTable-header-inner\"]"}
COMMAND: POST /session/324496234919104d937ca92dc3ef2aab/execute/sync - {"script":"<script> [56 bytes]","args":[{"element-6066-11e4-a52e-4f735466cecf":"f.350099D233706A5CE962F884DCED375A.d.B29955FFE18DEE4F6C23DBAC860225E9.e.10612","ELEMENT":"f.350099D233706A5CE962F884DCED375A.d.B29955FFE18DEE4F6C23DBAC860225E9.e.10612"}]}
RESULT: {"script":"<script> [56 bytes]","args":[{"element-6066-11e4-a52e-4f735466cecf":"f.350099D233706A5CE962F884DCED375A.d.B29955FFE18DEE4F6C23DBAC860225E9.e.10612","ELEMENT":"f.350099D233706A5CE962F884DCED375A.d.B29955FFE18DEE4F6C23DBAC860225E9.e.10612"}]}
COMMAND: POST /session/324496234919104d937ca92dc3ef2aab/element - {"using":"css selector","value":"#shell-header-logo"}
COMMAND: GET /session/324496234919104d937ca92dc3ef2aab/screenshot - {}
RESULT: {"using":"css selector","value":"#shell-header-logo"}
COMMAND: POST /session/324496234919104d937ca92dc3ef2aab/element/f.350099D233706A5CE962F884DCED375A.d.B29955FFE18DEE4F6C23DBAC860225E9.e.10018/click - {}
RESULT: {}
RESULT: {}
COMMAND: GET /session/324496234919104d937ca92dc3ef2aab/screenshot - {}
RESULT: {}
]]></system-out>
    </testcase>
    <testcase classname="chrome.136_0_7103_93.windows.Create_master_data_for_mixed_billing_&amp;_do_billing_calculation_US151661" name="Should add time based condition" time="73.252">
      <system-out><![CDATA[
RESULT: undefined
COMMAND: POST /session/324496234919104d937ca92dc3ef2aab/element - {"using":"xpath","value":"//*[@id=\"__tile53\"]"}
RESULT: {"using":"xpath","value":"//*[@id=\"__tile53\"]"}
COMMAND: POST /session/324496234919104d937ca92dc3ef2aab/element/f.350099D233706A5CE962F884DCED375A.d.B29955FFE18DEE4F6C23DBAC860225E9.e.6359/click - {}
RESULT: {}
COMMAND: GET /session/324496234919104d937ca92dc3ef2aab/screenshot - {}
RESULT: {}
COMMAND: POST /session/324496234919104d937ca92dc3ef2aab/elements - {"using":"xpath","value":"//span[text()='Error']"}
RESULT: {"using":"xpath","value":"//span[text()='Error']"}
COMMAND: POST /session/324496234919104d937ca92dc3ef2aab/element - {"using":"xpath","value":"//button[@aria-label=\"Create\"]"}
RESULT: {"using":"xpath","value":"//button[@aria-label=\"Create\"]"}
COMMAND: POST /session/324496234919104d937ca92dc3ef2aab/elements - {"using":"xpath","value":"//button[@aria-label=\"Create\"]"}
RESULT: {"using":"xpath","value":"//button[@aria-label=\"Create\"]"}
COMMAND: POST /session/324496234919104d937ca92dc3ef2aab/execute/sync - {"script":"<script> [8489 bytes]","args":[{"element-6066-11e4-a52e-4f735466cecf":"f.350099D233706A5CE962F884DCED375A.d.B29955FFE18DEE4F6C23DBAC860225E9.e.10652","ELEMENT":"f.350099D233706A5CE962F884DCED375A.d.B29955FFE18DEE4F6C23DBAC860225E9.e.10652"}]}
RESULT: {"script":"<script> [8489 bytes]","args":[{"element-6066-11e4-a52e-4f735466cecf":"f.350099D233706A5CE962F884DCED375A.d.B29955FFE18DEE4F6C23DBAC860225E9.e.10652","ELEMENT":"f.350099D233706A5CE962F884DCED375A.d.B29955FFE18DEE4F6C23DBAC860225E9.e.10652"}]}
COMMAND: GET /session/324496234919104d937ca92dc3ef2aab/element/f.350099D233706A5CE962F884DCED375A.d.B29955FFE18DEE4F6C23DBAC860225E9.e.10652/enabled - {}
COMMAND: GET /session/324496234919104d937ca92dc3ef2aab/screenshot - {}
RESULT: {}
COMMAND: POST /session/324496234919104d937ca92dc3ef2aab/execute/sync - {"script":"<script> [8489 bytes]","args":[{"element-6066-11e4-a52e-4f735466cecf":"f.350099D233706A5CE962F884DCED375A.d.B29955FFE18DEE4F6C23DBAC860225E9.e.10652","ELEMENT":"f.350099D233706A5CE962F884DCED375A.d.B29955FFE18DEE4F6C23DBAC860225E9.e.10652"}]}
COMMAND: GET /session/324496234919104d937ca92dc3ef2aab/screenshot - {}
RESULT: {}
RESULT: {"script":"<script> [8489 bytes]","args":[{"element-6066-11e4-a52e-4f735466cecf":"f.350099D233706A5CE962F884DCED375A.d.B29955FFE18DEE4F6C23DBAC860225E9.e.10652","ELEMENT":"f.350099D233706A5CE962F884DCED375A.d.B29955FFE18DEE4F6C23DBAC860225E9.e.10652"}]}
COMMAND: POST /session/324496234919104d937ca92dc3ef2aab/execute/sync - {"script":"<script> [5351 bytes]","args":[{"element-6066-11e4-a52e-4f735466cecf":"f.350099D233706A5CE962F884DCED375A.d.B29955FFE18DEE4F6C23DBAC860225E9.e.10652","ELEMENT":"f.350099D233706A5CE962F884DCED375A.d.B29955FFE18DEE4F6C23DBAC860225E9.e.10652"}]}
COMMAND: GET /session/324496234919104d937ca92dc3ef2aab/screenshot - {}
RESULT: {}
RESULT: {"script":"<script> [5351 bytes]","args":[{"element-6066-11e4-a52e-4f735466cecf":"f.350099D233706A5CE962F884DCED375A.d.B29955FFE18DEE4F6C23DBAC860225E9.e.10652","ELEMENT":"f.350099D233706A5CE962F884DCED375A.d.B29955FFE18DEE4F6C23DBAC860225E9.e.10652"}]}
COMMAND: POST /session/324496234919104d937ca92dc3ef2aab/element/f.350099D233706A5CE962F884DCED375A.d.B29955FFE18DEE4F6C23DBAC860225E9.e.10652/click - {}
COMMAND: GET /session/324496234919104d937ca92dc3ef2aab/screenshot - {}
RESULT: {}
RESULT: {}
COMMAND: GET /session/324496234919104d937ca92dc3ef2aab/screenshot - {}
RESULT: {}
RESULT: {}
COMMAND: POST /session/324496234919104d937ca92dc3ef2aab/actions - {"actions":[{"id":"action41","type":"key","parameters":{},"actions":[{"type":"keyDown","value":""},{"type":"pause","duration":10},{"type":"keyUp","value":""}]}]}
RESULT: {"actions":[{"id":"action41","type":"key","parameters":{},"actions":[{"type":"keyDown","value":""},{"type":"pause","duration":10},{"type":"keyUp","value":""}]}]}
COMMAND: GET /session/324496234919104d937ca92dc3ef2aab/screenshot - {}
RESULT: undefined
COMMAND: POST /session/324496234919104d937ca92dc3ef2aab/element - {"using":"xpath","value":"//*[@id=\"application-manageconditionprice-display-component---newCondition--condBillCond-arrow\"]"}
RESULT: {}
RESULT: {"using":"xpath","value":"//*[@id=\"application-manageconditionprice-display-component---newCondition--condBillCond-arrow\"]"}
COMMAND: POST /session/324496234919104d937ca92dc3ef2aab/element/f.350099D233706A5CE962F884DCED375A.d.B29955FFE18DEE4F6C23DBAC860225E9.e.10987/click - {}
RESULT: {}
COMMAND: GET /session/324496234919104d937ca92dc3ef2aab/screenshot - {}
COMMAND: POST /session/324496234919104d937ca92dc3ef2aab/element - {"using":"xpath","value":"//li[.//span[contains(text(), \"DISP - D&I special price\")]]"}
RESULT: {}
RESULT: {"using":"xpath","value":"//li[.//span[contains(text(), \"DISP - D&I special price\")]]"}
COMMAND: POST /session/324496234919104d937ca92dc3ef2aab/element/f.350099D233706A5CE962F884DCED375A.d.B29955FFE18DEE4F6C23DBAC860225E9.e.10990/click - {}
RESULT: {}
COMMAND: GET /session/324496234919104d937ca92dc3ef2aab/screenshot - {}
RESULT: {}
RESULT: undefined
COMMAND: POST /session/324496234919104d937ca92dc3ef2aab/execute/async - {"script":"<script> [776 bytes]","args":[{"enterText":"1/23/26","selector":{"id":"application-manageconditionprice-display-component---newCondition--condValidTo","interaction":{"idSuffix":"inner"}},"clearTextFirst":true,"interactionType":"ENTER_TEXT"}]}
RESULT: {"script":"<script> [776 bytes]","args":[{"enterText":"1/23/26","selector":{"id":"application-manageconditionprice-display-component---newCondition--condValidTo","interaction":{"idSuffix":"inner"}},"clearTextFirst":true,"interactionType":"ENTER_TEXT"}]}
COMMAND: POST /session/324496234919104d937ca92dc3ef2aab/element - {"using":"xpath","value":"//input[@id=\"application-manageconditionprice-display-component---newCondition--condRU-inner\"]"}
RESULT: {"using":"xpath","value":"//input[@id=\"application-manageconditionprice-display-component---newCondition--condRU-inner\"]"}
COMMAND: POST /session/324496234919104d937ca92dc3ef2aab/element/f.350099D233706A5CE962F884DCED375A.d.B29955FFE18DEE4F6C23DBAC860225E9.e.10744/clear - {}
RESULT: {}
COMMAND: POST /session/324496234919104d937ca92dc3ef2aab/element/f.350099D233706A5CE962F884DCED375A.d.B29955FFE18DEE4F6C23DBAC860225E9.e.10744/value - {"text":"PiYZ6QeKn7"}
COMMAND: GET /session/324496234919104d937ca92dc3ef2aab/screenshot - {}
RESULT: {"text":"PiYZ6QeKn7"}
COMMAND: GET /session/324496234919104d937ca92dc3ef2aab/screenshot - {}
RESULT: {}
RESULT: {}
COMMAND: POST /session/324496234919104d937ca92dc3ef2aab/actions - {"actions":[{"id":"action42","type":"key","parameters":{},"actions":[{"type":"keyDown","value":""},{"type":"pause","duration":10},{"type":"keyUp","value":""}]}]}
RESULT: {"actions":[{"id":"action42","type":"key","parameters":{},"actions":[{"type":"keyDown","value":""},{"type":"pause","duration":10},{"type":"keyUp","value":""}]}]}
RESULT: undefined
COMMAND: POST /session/324496234919104d937ca92dc3ef2aab/execute/async - {"script":"<script> [776 bytes]","args":[{"enterText":"1","selector":{"id":"application-manageconditionprice-display-component---newCondition--condBaseQty","interaction":{"idSuffix":"inner"}},"clearTextFirst":true,"interactionType":"ENTER_TEXT"}]}
COMMAND: GET /session/324496234919104d937ca92dc3ef2aab/screenshot - {}
RESULT: {"script":"<script> [776 bytes]","args":[{"enterText":"1","selector":{"id":"application-manageconditionprice-display-component---newCondition--condBaseQty","interaction":{"idSuffix":"inner"}},"clearTextFirst":true,"interactionType":"ENTER_TEXT"}]}
RESULT: undefined
COMMAND: POST /session/324496234919104d937ca92dc3ef2aab/execute/async - {"script":"<script> [776 bytes]","args":[{"enterText":"100","selector":{"id":"application-manageconditionprice-display-component---newCondition--condValue","interaction":{"idSuffix":"inner"}},"clearTextFirst":true,"interactionType":"ENTER_TEXT"}]}
RESULT: {}
RESULT: {"script":"<script> [776 bytes]","args":[{"enterText":"100","selector":{"id":"application-manageconditionprice-display-component---newCondition--condValue","interaction":{"idSuffix":"inner"}},"clearTextFirst":true,"interactionType":"ENTER_TEXT"}]}
RESULT: undefined
COMMAND: POST /session/324496234919104d937ca92dc3ef2aab/element - {"using":"xpath","value":"//*[@id=\"application-manageconditionprice-display-component---newCondition--condCurr-arrow\"]"}
RESULT: {"using":"xpath","value":"//*[@id=\"application-manageconditionprice-display-component---newCondition--condCurr-arrow\"]"}
COMMAND: POST /session/324496234919104d937ca92dc3ef2aab/element/f.350099D233706A5CE962F884DCED375A.d.B29955FFE18DEE4F6C23DBAC860225E9.e.10935/click - {}
RESULT: {}
COMMAND: POST /session/324496234919104d937ca92dc3ef2aab/element - {"using":"xpath","value":"//span[contains(text(), \"Euro\")]"}
COMMAND: GET /session/324496234919104d937ca92dc3ef2aab/screenshot - {}
RESULT: {"using":"xpath","value":"//span[contains(text(), \"Euro\")]"}
COMMAND: POST /session/324496234919104d937ca92dc3ef2aab/element/f.350099D233706A5CE962F884DCED375A.d.B29955FFE18DEE4F6C23DBAC860225E9.e.11021/click - {}
RESULT: {}
RESULT: {}
COMMAND: POST /session/324496234919104d937ca92dc3ef2aab/element - {"using":"xpath","value":"//button[@data-kt=\"saveButton\"]"}
COMMAND: GET /session/324496234919104d937ca92dc3ef2aab/screenshot - {}
RESULT: {"using":"xpath","value":"//button[@data-kt=\"saveButton\"]"}
COMMAND: POST /session/324496234919104d937ca92dc3ef2aab/element/f.350099D233706A5CE962F884DCED375A.d.B29955FFE18DEE4F6C23DBAC860225E9.e.10936/click - {}
RESULT: {}
RESULT: {}
COMMAND: GET /session/324496234919104d937ca92dc3ef2aab/screenshot - {}
RESULT: {}
RESULT: undefined
COMMAND: POST /session/324496234919104d937ca92dc3ef2aab/execute/async - {"script":"<script> [776 bytes]","args":[{"enterText":"PiYZ6QeKn7","selector":{"id":"application-manageconditionprice-display-component---conditions--smartFilterBar-btnBasicSearch","interaction":{"idSuffix":"I"}},"clearTextFirst":true,"interactionType":"ENTER_TEXT"}]}
RESULT: {"script":"<script> [776 bytes]","args":[{"enterText":"PiYZ6QeKn7","selector":{"id":"application-manageconditionprice-display-component---conditions--smartFilterBar-btnBasicSearch","interaction":{"idSuffix":"I"}},"clearTextFirst":true,"interactionType":"ENTER_TEXT"}]}
COMMAND: POST /session/324496234919104d937ca92dc3ef2aab/actions - {"actions":[{"id":"action43","type":"key","parameters":{},"actions":[{"type":"keyDown","value":""},{"type":"pause","duration":10},{"type":"keyUp","value":""}]}]}
RESULT: {"actions":[{"id":"action43","type":"key","parameters":{},"actions":[{"type":"keyDown","value":""},{"type":"pause","duration":10},{"type":"keyUp","value":""}]}]}
COMMAND: GET /session/324496234919104d937ca92dc3ef2aab/screenshot - {}
RESULT: {}
RESULT: undefined
COMMAND: POST /session/324496234919104d937ca92dc3ef2aab/element - {"using":"xpath","value":"//*[@id=\"application-manageconditionprice-display-component---conditions--smartFilterBar-filterItemControl_BASIC-BILL_TYPES-vhi\"]"}
RESULT: {"using":"xpath","value":"//*[@id=\"application-manageconditionprice-display-component---conditions--smartFilterBar-filterItemControl_BASIC-BILL_TYPES-vhi\"]"}
COMMAND: POST /session/324496234919104d937ca92dc3ef2aab/element/f.350099D233706A5CE962F884DCED375A.d.B29955FFE18DEE4F6C23DBAC860225E9.e.11049/click - {}
RESULT: {}
RESULT: undefined
COMMAND: POST /session/324496234919104d937ca92dc3ef2aab/execute/async - {"script":"<script> [776 bytes]","args":[{"enterText":"TB","selector":{"id":"application-manageconditionprice-display-component---conditions--smartFilterBar-filterItemControl_BASIC-BILL_TYPES-valueHelpDialog-smartFilterBar-btnBasicSearch","searchOpenDialogs":true,"interaction":{"idSuffix":"I"}},"clearTextFirst":true,"interactionType":"ENTER_TEXT"}]}
COMMAND: GET /session/324496234919104d937ca92dc3ef2aab/screenshot - {}
RESULT: {"script":"<script> [776 bytes]","args":[{"enterText":"TB","selector":{"id":"application-manageconditionprice-display-component---conditions--smartFilterBar-filterItemControl_BASIC-BILL_TYPES-valueHelpDialog-smartFilterBar-btnBasicSearch","searchOpenDialogs":true,"interaction":{"idSuffix":"I"}},"clearTextFirst":true,"interactionType":"ENTER_TEXT"}]}
COMMAND: POST /session/324496234919104d937ca92dc3ef2aab/actions - {"actions":[{"id":"action44","type":"key","parameters":{},"actions":[{"type":"keyDown","value":""},{"type":"pause","duration":10},{"type":"keyUp","value":""}]}]}
RESULT: {}
RESULT: {"actions":[{"id":"action44","type":"key","parameters":{},"actions":[{"type":"keyDown","value":""},{"type":"pause","duration":10},{"type":"keyUp","value":""}]}]}
COMMAND: GET /session/324496234919104d937ca92dc3ef2aab/screenshot - {}
RESULT: {}
COMMAND: POST /session/324496234919104d937ca92dc3ef2aab/element - {"using":"xpath","value":"//div[contains(@id, 'application-manageconditionprice-display-component---conditions--smartFilterBar-filterItemControl_BASIC-BILL_TYPES-valueHelpDialog-table-rowsel0')]"}
RESULT: {"using":"xpath","value":"//div[contains(@id, 'application-manageconditionprice-display-component---conditions--smartFilterBar-filterItemControl_BASIC-BILL_TYPES-valueHelpDialog-table-rowsel0')]"}
COMMAND: POST /session/324496234919104d937ca92dc3ef2aab/element/f.350099D233706A5CE962F884DCED375A.d.B29955FFE18DEE4F6C23DBAC860225E9.e.11056/click - {}
RESULT: {}
COMMAND: GET /session/324496234919104d937ca92dc3ef2aab/screenshot - {}
RESULT: {}
COMMAND: POST /session/324496234919104d937ca92dc3ef2aab/element - {"using":"xpath","value":"//bdi[contains(text(), \"OK\")]"}
RESULT: {"using":"xpath","value":"//bdi[contains(text(), \"OK\")]"}
COMMAND: POST /session/324496234919104d937ca92dc3ef2aab/element/f.350099D233706A5CE962F884DCED375A.d.B29955FFE18DEE4F6C23DBAC860225E9.e.11058/click - {}
RESULT: {}
COMMAND: GET /session/324496234919104d937ca92dc3ef2aab/screenshot - {}
RESULT: {}
COMMAND: POST /session/324496234919104d937ca92dc3ef2aab/element - {"using":"xpath","value":"//span[@id=\"application-manageconditionprice-display-component---conditions--smartTable-header-inner\"]"}
RESULT: {"using":"xpath","value":"//span[@id=\"application-manageconditionprice-display-component---conditions--smartTable-header-inner\"]"}
COMMAND: POST /session/324496234919104d937ca92dc3ef2aab/elements - {"using":"xpath","value":"//span[@id=\"application-manageconditionprice-display-component---conditions--smartTable-header-inner\"]"}
RESULT: {"using":"xpath","value":"//span[@id=\"application-manageconditionprice-display-component---conditions--smartTable-header-inner\"]"}
COMMAND: POST /session/324496234919104d937ca92dc3ef2aab/execute/sync - {"script":"<script> [56 bytes]","args":[{"element-6066-11e4-a52e-4f735466cecf":"f.350099D233706A5CE962F884DCED375A.d.B29955FFE18DEE4F6C23DBAC860225E9.e.11067","ELEMENT":"f.350099D233706A5CE962F884DCED375A.d.B29955FFE18DEE4F6C23DBAC860225E9.e.11067"}]}
RESULT: {"script":"<script> [56 bytes]","args":[{"element-6066-11e4-a52e-4f735466cecf":"f.350099D233706A5CE962F884DCED375A.d.B29955FFE18DEE4F6C23DBAC860225E9.e.11067","ELEMENT":"f.350099D233706A5CE962F884DCED375A.d.B29955FFE18DEE4F6C23DBAC860225E9.e.11067"}]}
COMMAND: POST /session/324496234919104d937ca92dc3ef2aab/element - {"using":"css selector","value":"#shell-header-logo"}
COMMAND: GET /session/324496234919104d937ca92dc3ef2aab/screenshot - {}
RESULT: {"using":"css selector","value":"#shell-header-logo"}
COMMAND: POST /session/324496234919104d937ca92dc3ef2aab/element/f.350099D233706A5CE962F884DCED375A.d.B29955FFE18DEE4F6C23DBAC860225E9.e.10617/click - {}
RESULT: {}
RESULT: {}
COMMAND: GET /session/324496234919104d937ca92dc3ef2aab/screenshot - {}
RESULT: {}
]]></system-out>
    </testcase>
    <testcase classname="chrome.136_0_7103_93.windows.Create_master_data_for_mixed_billing_&amp;_do_billing_calculation_US151661" name="Should do a stock increase handover" time="97.447">
      <system-out><![CDATA[
COMMAND: POST /session/324496234919104d937ca92dc3ef2aab/execute/async - {"script":"<script> [1562 bytes]","args":[{"selector":{"controlType":"sap.m.GenericTile","properties":{"header":"Manage Handovers"}},"wdio_ui5_key":"sapm.GenericTile{\"header\":\"Manage Handovers\"}"}]}
RESULT: {"script":"<script> [1562 bytes]","args":[{"selector":{"controlType":"sap.m.GenericTile","properties":{"header":"Manage Handovers"}},"wdio_ui5_key":"sapm.GenericTile{\"header\":\"Manage Handovers\"}"}]}
RESULT: undefined
COMMAND: POST /session/324496234919104d937ca92dc3ef2aab/element - {"using":"xpath","value":"//*[@id=\"__tile132\"]"}
RESULT: {"using":"xpath","value":"//*[@id=\"__tile132\"]"}
COMMAND: POST /session/324496234919104d937ca92dc3ef2aab/element/f.350099D233706A5CE962F884DCED375A.d.B29955FFE18DEE4F6C23DBAC860225E9.e.6396/click - {}
RESULT: {}
COMMAND: GET /session/324496234919104d937ca92dc3ef2aab/screenshot - {}
RESULT: {}
COMMAND: POST /session/324496234919104d937ca92dc3ef2aab/elements - {"using":"xpath","value":"//span[text()='Error']"}
RESULT: {"using":"xpath","value":"//span[text()='Error']"}
COMMAND: POST /session/324496234919104d937ca92dc3ef2aab/element - {"using":"xpath","value":"//button[@data-kt=\"masterHOAddButton\"]"}
RESULT: {"using":"xpath","value":"//button[@data-kt=\"masterHOAddButton\"]"}
COMMAND: POST /session/324496234919104d937ca92dc3ef2aab/elements - {"using":"xpath","value":"//button[@data-kt=\"masterHOAddButton\"]"}
RESULT: {"using":"xpath","value":"//button[@data-kt=\"masterHOAddButton\"]"}
COMMAND: POST /session/324496234919104d937ca92dc3ef2aab/execute/sync - {"script":"<script> [8489 bytes]","args":[{"element-6066-11e4-a52e-4f735466cecf":"f.350099D233706A5CE962F884DCED375A.d.B29955FFE18DEE4F6C23DBAC860225E9.e.11100","ELEMENT":"f.350099D233706A5CE962F884DCED375A.d.B29955FFE18DEE4F6C23DBAC860225E9.e.11100"}]}
RESULT: {"script":"<script> [8489 bytes]","args":[{"element-6066-11e4-a52e-4f735466cecf":"f.350099D233706A5CE962F884DCED375A.d.B29955FFE18DEE4F6C23DBAC860225E9.e.11100","ELEMENT":"f.350099D233706A5CE962F884DCED375A.d.B29955FFE18DEE4F6C23DBAC860225E9.e.11100"}]}
COMMAND: GET /session/324496234919104d937ca92dc3ef2aab/element/f.350099D233706A5CE962F884DCED375A.d.B29955FFE18DEE4F6C23DBAC860225E9.e.11100/enabled - {}
COMMAND: GET /session/324496234919104d937ca92dc3ef2aab/screenshot - {}
RESULT: {}
COMMAND: POST /session/324496234919104d937ca92dc3ef2aab/execute/sync - {"script":"<script> [8489 bytes]","args":[{"element-6066-11e4-a52e-4f735466cecf":"f.350099D233706A5CE962F884DCED375A.d.B29955FFE18DEE4F6C23DBAC860225E9.e.11100","ELEMENT":"f.350099D233706A5CE962F884DCED375A.d.B29955FFE18DEE4F6C23DBAC860225E9.e.11100"}]}
COMMAND: GET /session/324496234919104d937ca92dc3ef2aab/screenshot - {}
RESULT: {}
RESULT: {"script":"<script> [8489 bytes]","args":[{"element-6066-11e4-a52e-4f735466cecf":"f.350099D233706A5CE962F884DCED375A.d.B29955FFE18DEE4F6C23DBAC860225E9.e.11100","ELEMENT":"f.350099D233706A5CE962F884DCED375A.d.B29955FFE18DEE4F6C23DBAC860225E9.e.11100"}]}
COMMAND: POST /session/324496234919104d937ca92dc3ef2aab/execute/sync - {"script":"<script> [5351 bytes]","args":[{"element-6066-11e4-a52e-4f735466cecf":"f.350099D233706A5CE962F884DCED375A.d.B29955FFE18DEE4F6C23DBAC860225E9.e.11100","ELEMENT":"f.350099D233706A5CE962F884DCED375A.d.B29955FFE18DEE4F6C23DBAC860225E9.e.11100"}]}
COMMAND: GET /session/324496234919104d937ca92dc3ef2aab/screenshot - {}
RESULT: {}
RESULT: {"script":"<script> [5351 bytes]","args":[{"element-6066-11e4-a52e-4f735466cecf":"f.350099D233706A5CE962F884DCED375A.d.B29955FFE18DEE4F6C23DBAC860225E9.e.11100","ELEMENT":"f.350099D233706A5CE962F884DCED375A.d.B29955FFE18DEE4F6C23DBAC860225E9.e.11100"}]}
COMMAND: POST /session/324496234919104d937ca92dc3ef2aab/element/f.350099D233706A5CE962F884DCED375A.d.B29955FFE18DEE4F6C23DBAC860225E9.e.11100/click - {}
COMMAND: GET /session/324496234919104d937ca92dc3ef2aab/screenshot - {}
RESULT: {}
RESULT: {}
COMMAND: GET /session/324496234919104d937ca92dc3ef2aab/screenshot - {}
COMMAND: POST /session/324496234919104d937ca92dc3ef2aab/element - {"using":"xpath","value":"//span[contains(@id ,\"AddNewHO--typeSelect-arrow\")]"}
RESULT: {}
RESULT: {}
RESULT: {"using":"xpath","value":"//span[contains(@id ,\"AddNewHO--typeSelect-arrow\")]"}
COMMAND: POST /session/324496234919104d937ca92dc3ef2aab/element/f.350099D233706A5CE962F884DCED375A.d.B29955FFE18DEE4F6C23DBAC860225E9.e.11446/click - {}
RESULT: {}
COMMAND: GET /session/324496234919104d937ca92dc3ef2aab/screenshot - {}
RESULT: {}
COMMAND: POST /session/324496234919104d937ca92dc3ef2aab/element - {"using":"xpath","value":"(//li[contains(text(), \"stock increase yard\")])[1]"}
RESULT: {"using":"xpath","value":"(//li[contains(text(), \"stock increase yard\")])[1]"}
COMMAND: POST /session/324496234919104d937ca92dc3ef2aab/element/f.350099D233706A5CE962F884DCED375A.d.B29955FFE18DEE4F6C23DBAC860225E9.e.11447/click - {}
RESULT: {}
COMMAND: GET /session/324496234919104d937ca92dc3ef2aab/screenshot - {}
RESULT: {}
COMMAND: POST /session/324496234919104d937ca92dc3ef2aab/execute/async - {"script":"<script> [1562 bytes]","args":[{"selector":{"id":"application-managehandovers-display-component---AddNewHO--dueDate","interaction":{"idSuffix":"inner"}},"wdio_ui5_key":"applicationmanagehandovers-display-component---AddNewHO--dueDate"}]}
RESULT: {"script":"<script> [1562 bytes]","args":[{"selector":{"id":"application-managehandovers-display-component---AddNewHO--dueDate","interaction":{"idSuffix":"inner"}},"wdio_ui5_key":"applicationmanagehandovers-display-component---AddNewHO--dueDate"}]}
RESULT: undefined
COMMAND: POST /session/324496234919104d937ca92dc3ef2aab/execute/async - {"script":"<script> [6424 bytes]","args":[{"element-6066-11e4-a52e-4f735466cecf":"f.350099D233706A5CE962F884DCED375A.d.B29955FFE18DEE4F6C23DBAC860225E9.e.11449"},"setValue",["5/23/25"]]}
RESULT: {"script":"<script> [6424 bytes]","args":[{"element-6066-11e4-a52e-4f735466cecf":"f.350099D233706A5CE962F884DCED375A.d.B29955FFE18DEE4F6C23DBAC860225E9.e.11449"},"setValue",["5/23/25"]]}
COMMAND: POST /session/324496234919104d937ca92dc3ef2aab/element - {"using":"xpath","value":"//input[@id=\"generalSectionFrg--receiveYard-inner\"]"}
RESULT: {"using":"xpath","value":"//input[@id=\"generalSectionFrg--receiveYard-inner\"]"}
COMMAND: POST /session/324496234919104d937ca92dc3ef2aab/element/f.350099D233706A5CE962F884DCED375A.d.B29955FFE18DEE4F6C23DBAC860225E9.e.11455/clear - {}
RESULT: {}
COMMAND: POST /session/324496234919104d937ca92dc3ef2aab/element/f.350099D233706A5CE962F884DCED375A.d.B29955FFE18DEE4F6C23DBAC860225E9.e.11455/value - {"text":"232"}
COMMAND: GET /session/324496234919104d937ca92dc3ef2aab/screenshot - {}
RESULT: {"text":"232"}
COMMAND: GET /session/324496234919104d937ca92dc3ef2aab/screenshot - {}
RESULT: {}
RESULT: {}
COMMAND: POST /session/324496234919104d937ca92dc3ef2aab/element - {"using":"xpath","value":"//li[.//span[text()='232']]"}
RESULT: {"using":"xpath","value":"//li[.//span[text()='232']]"}
COMMAND: POST /session/324496234919104d937ca92dc3ef2aab/element/f.350099D233706A5CE962F884DCED375A.d.B29955FFE18DEE4F6C23DBAC860225E9.e.11473/click - {}
RESULT: {}
COMMAND: GET /session/324496234919104d937ca92dc3ef2aab/screenshot - {}
RESULT: {}
COMMAND: POST /session/324496234919104d937ca92dc3ef2aab/execute/async - {"script":"<script> [1562 bytes]","args":[{"selector":{"id":"application-managehandovers-display-component---AddNewHO--ObjectPageLayout-anchBar-application-managehandovers-display-component---AddNewHO--section4-anchor","interaction":{"idSuffix":"BDI-content"}},"wdio_ui5_key":"applicationmanagehandovers-display-component---AddNewHO--ObjectPageLayout-anchBar-application-managehandovers-display-component---AddNewHO--section4-anchor"}]}
RESULT: {"script":"<script> [1562 bytes]","args":[{"selector":{"id":"application-managehandovers-display-component---AddNewHO--ObjectPageLayout-anchBar-application-managehandovers-display-component---AddNewHO--section4-anchor","interaction":{"idSuffix":"BDI-content"}},"wdio_ui5_key":"applicationmanagehandovers-display-component---AddNewHO--ObjectPageLayout-anchBar-application-managehandovers-display-component---AddNewHO--section4-anchor"}]}
RESULT: undefined
COMMAND: POST /session/324496234919104d937ca92dc3ef2aab/element - {"using":"xpath","value":"//*[@id=\"application-managehandovers-display-component---AddNewHO--ObjectPageLayout-anchBar-application-managehandovers-display-component---AddNewHO--section4-anchor\"]"}
RESULT: {"using":"xpath","value":"//*[@id=\"application-managehandovers-display-component---AddNewHO--ObjectPageLayout-anchBar-application-managehandovers-display-component---AddNewHO--section4-anchor\"]"}
COMMAND: POST /session/324496234919104d937ca92dc3ef2aab/element/f.350099D233706A5CE962F884DCED375A.d.B29955FFE18DEE4F6C23DBAC860225E9.e.11475/click - {}
RESULT: {}
COMMAND: POST /session/324496234919104d937ca92dc3ef2aab/element - {"using":"xpath","value":"//button[@aria-label=\"Add\"]"}
COMMAND: GET /session/324496234919104d937ca92dc3ef2aab/screenshot - {}
RESULT: {"using":"xpath","value":"//button[@aria-label=\"Add\"]"}
COMMAND: POST /session/324496234919104d937ca92dc3ef2aab/element/f.350099D233706A5CE962F884DCED375A.d.B29955FFE18DEE4F6C23DBAC860225E9.e.11479/click - {}
RESULT: {}
RESULT: {}
COMMAND: GET /session/324496234919104d937ca92dc3ef2aab/screenshot - {}
RESULT: {}
COMMAND: POST /session/324496234919104d937ca92dc3ef2aab/execute/async - {"script":"<script> [1562 bytes]","args":[{"selector":{"id":"application-managehandovers-display-component---AddNewHO--smartFilterBar-btnBasicSearch","searchOpenDialogs":true,"interaction":{"idSuffix":"I"}},"wdio_ui5_key":"applicationmanagehandovers-display-component---AddNewHO--smartFilterBar-btnBasicSearch"}]}
RESULT: {"script":"<script> [1562 bytes]","args":[{"selector":{"id":"application-managehandovers-display-component---AddNewHO--smartFilterBar-btnBasicSearch","searchOpenDialogs":true,"interaction":{"idSuffix":"I"}},"wdio_ui5_key":"applicationmanagehandovers-display-component---AddNewHO--smartFilterBar-btnBasicSearch"}]}
RESULT: undefined
COMMAND: POST /session/324496234919104d937ca92dc3ef2aab/execute/async - {"script":"<script> [776 bytes]","args":[{"enterText":"PiYZ6QeKn7","selector":{"id":"application-managehandovers-display-component---AddNewHO--smartFilterBar-btnBasicSearch","searchOpenDialogs":true,"interaction":{"idSuffix":"I"}},"clearTextFirst":true,"interactionType":"ENTER_TEXT"}]}
RESULT: {"script":"<script> [776 bytes]","args":[{"enterText":"PiYZ6QeKn7","selector":{"id":"application-managehandovers-display-component---AddNewHO--smartFilterBar-btnBasicSearch","searchOpenDialogs":true,"interaction":{"idSuffix":"I"}},"clearTextFirst":true,"interactionType":"ENTER_TEXT"}]}
COMMAND: POST /session/324496234919104d937ca92dc3ef2aab/actions - {"actions":[{"id":"action45","type":"key","parameters":{},"actions":[{"type":"keyDown","value":""},{"type":"pause","duration":10},{"type":"keyUp","value":""}]}]}
RESULT: {"actions":[{"id":"action45","type":"key","parameters":{},"actions":[{"type":"keyDown","value":""},{"type":"pause","duration":10},{"type":"keyUp","value":""}]}]}
COMMAND: GET /session/324496234919104d937ca92dc3ef2aab/screenshot - {}
RESULT: {}
COMMAND: POST /session/324496234919104d937ca92dc3ef2aab/execute/async - {"script":"<script> [1562 bytes]","args":[{"selector":{"id":"application-managehandovers-display-component---AddNewHO--popup-sa","searchOpenDialogs":true,"interaction":{"idSuffix":"CbBg"}},"wdio_ui5_key":"applicationmanagehandovers-display-component---AddNewHO--popup-sa"}]}
RESULT: {"script":"<script> [1562 bytes]","args":[{"selector":{"id":"application-managehandovers-display-component---AddNewHO--popup-sa","searchOpenDialogs":true,"interaction":{"idSuffix":"CbBg"}},"wdio_ui5_key":"applicationmanagehandovers-display-component---AddNewHO--popup-sa"}]}
RESULT: undefined
COMMAND: POST /session/324496234919104d937ca92dc3ef2aab/element - {"using":"xpath","value":"//*[@id=\"application-managehandovers-display-component---AddNewHO--popup-sa\"]"}
RESULT: {"using":"xpath","value":"//*[@id=\"application-managehandovers-display-component---AddNewHO--popup-sa\"]"}
COMMAND: POST /session/324496234919104d937ca92dc3ef2aab/element/f.350099D233706A5CE962F884DCED375A.d.B29955FFE18DEE4F6C23DBAC860225E9.e.11632/click - {}
RESULT: {}
COMMAND: GET /session/324496234919104d937ca92dc3ef2aab/screenshot - {}
RESULT: {}
COMMAND: POST /session/324496234919104d937ca92dc3ef2aab/element - {"using":"xpath","value":"//bdi[contains(text(), \"Select\")]"}
RESULT: {"using":"xpath","value":"//bdi[contains(text(), \"Select\")]"}
COMMAND: POST /session/324496234919104d937ca92dc3ef2aab/element/f.350099D233706A5CE962F884DCED375A.d.B29955FFE18DEE4F6C23DBAC860225E9.e.11633/click - {}
RESULT: {}
COMMAND: GET /session/324496234919104d937ca92dc3ef2aab/screenshot - {}
RESULT: {}
COMMAND: POST /session/324496234919104d937ca92dc3ef2aab/element - {"using":"xpath","value":"//button[@data-kt=\"AddNewHOSaveButton\"]"}
RESULT: {"using":"xpath","value":"//button[@data-kt=\"AddNewHOSaveButton\"]"}
COMMAND: POST /session/324496234919104d937ca92dc3ef2aab/element/f.350099D233706A5CE962F884DCED375A.d.B29955FFE18DEE4F6C23DBAC860225E9.e.11637/click - {}
RESULT: {}
COMMAND: GET /session/324496234919104d937ca92dc3ef2aab/screenshot - {}
RESULT: {}
COMMAND: POST /session/324496234919104d937ca92dc3ef2aab/execute/async - {"script":"<script> [1562 bytes]","args":[{"selector":{"id":"receiptDatePicker","viewName":"etm.portal.ui.managehandovers.view.DetailExecuteHO","interaction":{"idSuffix":"inner"}},"wdio_ui5_key":"receiptDatePickeretmportal.ui.managehandovers.view.DetailExecuteHO"}]}
RESULT: {"script":"<script> [1562 bytes]","args":[{"selector":{"id":"receiptDatePicker","viewName":"etm.portal.ui.managehandovers.view.DetailExecuteHO","interaction":{"idSuffix":"inner"}},"wdio_ui5_key":"receiptDatePickeretmportal.ui.managehandovers.view.DetailExecuteHO"}]}
RESULT: undefined
COMMAND: POST /session/324496234919104d937ca92dc3ef2aab/execute/async - {"script":"<script> [6424 bytes]","args":[{"element-6066-11e4-a52e-4f735466cecf":"f.350099D233706A5CE962F884DCED375A.d.B29955FFE18DEE4F6C23DBAC860225E9.e.11665"},"setValue",["5/23/25"]]}
RESULT: {"script":"<script> [6424 bytes]","args":[{"element-6066-11e4-a52e-4f735466cecf":"f.350099D233706A5CE962F884DCED375A.d.B29955FFE18DEE4F6C23DBAC860225E9.e.11665"},"setValue",["5/23/25"]]}
COMMAND: POST /session/324496234919104d937ca92dc3ef2aab/element - {"using":"xpath","value":"//button[@data-kt=\"ReceivingTableConfirmAllButton\"]"}
RESULT: {"using":"xpath","value":"//button[@data-kt=\"ReceivingTableConfirmAllButton\"]"}
COMMAND: POST /session/324496234919104d937ca92dc3ef2aab/element/f.350099D233706A5CE962F884DCED375A.d.B29955FFE18DEE4F6C23DBAC860225E9.e.11680/click - {}
RESULT: {}
COMMAND: GET /session/324496234919104d937ca92dc3ef2aab/screenshot - {}
RESULT: {}
COMMAND: POST /session/324496234919104d937ca92dc3ef2aab/element - {"using":"xpath","value":"//bdi[contains(text(), \"OK\")]"}
RESULT: {"using":"xpath","value":"//bdi[contains(text(), \"OK\")]"}
COMMAND: POST /session/324496234919104d937ca92dc3ef2aab/element/f.350099D233706A5CE962F884DCED375A.d.B29955FFE18DEE4F6C23DBAC860225E9.e.11682/click - {}
RESULT: {}
COMMAND: GET /session/324496234919104d937ca92dc3ef2aab/screenshot - {}
RESULT: {}
COMMAND: POST /session/324496234919104d937ca92dc3ef2aab/element - {"using":"xpath","value":"(//bdi[contains(text(), \"Receive\")])[2]"}
RESULT: {"using":"xpath","value":"(//bdi[contains(text(), \"Receive\")])[2]"}
COMMAND: POST /session/324496234919104d937ca92dc3ef2aab/element/f.350099D233706A5CE962F884DCED375A.d.B29955FFE18DEE4F6C23DBAC860225E9.e.11684/click - {}
RESULT: {}
COMMAND: GET /session/324496234919104d937ca92dc3ef2aab/screenshot - {}
RESULT: {}
COMMAND: POST /session/324496234919104d937ca92dc3ef2aab/element - {"using":"css selector","value":"#shell-header-logo"}
RESULT: {"using":"css selector","value":"#shell-header-logo"}
COMMAND: POST /session/324496234919104d937ca92dc3ef2aab/element/f.350099D233706A5CE962F884DCED375A.d.B29955FFE18DEE4F6C23DBAC860225E9.e.11071/click - {}
RESULT: {}
COMMAND: GET /session/324496234919104d937ca92dc3ef2aab/screenshot - {}
RESULT: {}
]]></system-out>
    </testcase>
    <testcase classname="chrome.136_0_7103_93.windows.Create_master_data_for_mixed_billing_&amp;_do_billing_calculation_US151661" name="Should create a new contract" time="69.539">
      <system-out><![CDATA[
COMMAND: POST /session/324496234919104d937ca92dc3ef2aab/execute/async - {"script":"<script> [1562 bytes]","args":[{"selector":{"controlType":"sap.m.GenericTile","properties":{"header":"Manage Contracts"}},"wdio_ui5_key":"sapm.GenericTile{\"header\":\"Manage Contracts\"}"}]}
RESULT: {"script":"<script> [1562 bytes]","args":[{"selector":{"controlType":"sap.m.GenericTile","properties":{"header":"Manage Contracts"}},"wdio_ui5_key":"sapm.GenericTile{\"header\":\"Manage Contracts\"}"}]}
RESULT: undefined
COMMAND: POST /session/324496234919104d937ca92dc3ef2aab/element - {"using":"xpath","value":"//*[@id=\"__tile131\"]"}
RESULT: {"using":"xpath","value":"//*[@id=\"__tile131\"]"}
COMMAND: POST /session/324496234919104d937ca92dc3ef2aab/element/f.350099D233706A5CE962F884DCED375A.d.B29955FFE18DEE4F6C23DBAC860225E9.e.6298/click - {}
RESULT: {}
COMMAND: GET /session/324496234919104d937ca92dc3ef2aab/screenshot - {}
RESULT: {}
COMMAND: POST /session/324496234919104d937ca92dc3ef2aab/elements - {"using":"xpath","value":"//span[text()='Error']"}
RESULT: {"using":"xpath","value":"//span[text()='Error']"}
COMMAND: POST /session/324496234919104d937ca92dc3ef2aab/element - {"using":"xpath","value":"//button[@data-kt=\"addButton\"]"}
RESULT: {"using":"xpath","value":"//button[@data-kt=\"addButton\"]"}
COMMAND: POST /session/324496234919104d937ca92dc3ef2aab/elements - {"using":"xpath","value":"//button[@data-kt=\"addButton\"]"}
RESULT: {"using":"xpath","value":"//button[@data-kt=\"addButton\"]"}
COMMAND: POST /session/324496234919104d937ca92dc3ef2aab/execute/sync - {"script":"<script> [8489 bytes]","args":[{"element-6066-11e4-a52e-4f735466cecf":"f.350099D233706A5CE962F884DCED375A.d.B29955FFE18DEE4F6C23DBAC860225E9.e.11906","ELEMENT":"f.350099D233706A5CE962F884DCED375A.d.B29955FFE18DEE4F6C23DBAC860225E9.e.11906"}]}
RESULT: {"script":"<script> [8489 bytes]","args":[{"element-6066-11e4-a52e-4f735466cecf":"f.350099D233706A5CE962F884DCED375A.d.B29955FFE18DEE4F6C23DBAC860225E9.e.11906","ELEMENT":"f.350099D233706A5CE962F884DCED375A.d.B29955FFE18DEE4F6C23DBAC860225E9.e.11906"}]}
COMMAND: GET /session/324496234919104d937ca92dc3ef2aab/element/f.350099D233706A5CE962F884DCED375A.d.B29955FFE18DEE4F6C23DBAC860225E9.e.11906/enabled - {}
COMMAND: GET /session/324496234919104d937ca92dc3ef2aab/screenshot - {}
RESULT: {}
COMMAND: POST /session/324496234919104d937ca92dc3ef2aab/execute/sync - {"script":"<script> [8489 bytes]","args":[{"element-6066-11e4-a52e-4f735466cecf":"f.350099D233706A5CE962F884DCED375A.d.B29955FFE18DEE4F6C23DBAC860225E9.e.11906","ELEMENT":"f.350099D233706A5CE962F884DCED375A.d.B29955FFE18DEE4F6C23DBAC860225E9.e.11906"}]}
COMMAND: GET /session/324496234919104d937ca92dc3ef2aab/screenshot - {}
RESULT: {}
RESULT: {"script":"<script> [8489 bytes]","args":[{"element-6066-11e4-a52e-4f735466cecf":"f.350099D233706A5CE962F884DCED375A.d.B29955FFE18DEE4F6C23DBAC860225E9.e.11906","ELEMENT":"f.350099D233706A5CE962F884DCED375A.d.B29955FFE18DEE4F6C23DBAC860225E9.e.11906"}]}
COMMAND: POST /session/324496234919104d937ca92dc3ef2aab/execute/sync - {"script":"<script> [5351 bytes]","args":[{"element-6066-11e4-a52e-4f735466cecf":"f.350099D233706A5CE962F884DCED375A.d.B29955FFE18DEE4F6C23DBAC860225E9.e.11906","ELEMENT":"f.350099D233706A5CE962F884DCED375A.d.B29955FFE18DEE4F6C23DBAC860225E9.e.11906"}]}
COMMAND: GET /session/324496234919104d937ca92dc3ef2aab/screenshot - {}
RESULT: {}
RESULT: {"script":"<script> [5351 bytes]","args":[{"element-6066-11e4-a52e-4f735466cecf":"f.350099D233706A5CE962F884DCED375A.d.B29955FFE18DEE4F6C23DBAC860225E9.e.11906","ELEMENT":"f.350099D233706A5CE962F884DCED375A.d.B29955FFE18DEE4F6C23DBAC860225E9.e.11906"}]}
COMMAND: GET /session/324496234919104d937ca92dc3ef2aab/screenshot - {}
RESULT: {}
RESULT: {}
COMMAND: POST /session/324496234919104d937ca92dc3ef2aab/element/f.350099D233706A5CE962F884DCED375A.d.B29955FFE18DEE4F6C23DBAC860225E9.e.11906/click - {}
RESULT: {}
COMMAND: GET /session/324496234919104d937ca92dc3ef2aab/screenshot - {}
COMMAND: POST /session/324496234919104d937ca92dc3ef2aab/execute/async - {"script":"<script> [1562 bytes]","args":[{"selector":{"id":"application-managecontracts-display-component---AddNewContract--projectDescription","interaction":{"idSuffix":"inner"}},"wdio_ui5_key":"applicationmanagecontracts-display-component---AddNewContract--projectDescription"}]}
RESULT: {}
RESULT: {"script":"<script> [1562 bytes]","args":[{"selector":{"id":"application-managecontracts-display-component---AddNewContract--projectDescription","interaction":{"idSuffix":"inner"}},"wdio_ui5_key":"applicationmanagecontracts-display-component---AddNewContract--projectDescription"}]}
RESULT: undefined
COMMAND: POST /session/324496234919104d937ca92dc3ef2aab/execute/async - {"script":"<script> [776 bytes]","args":[{"enterText":"Mixed Contract WDIO","selector":{"id":"application-managecontracts-display-component---AddNewContract--projectDescription","interaction":{"idSuffix":"inner"}},"clearTextFirst":true,"interactionType":"ENTER_TEXT"}]}
RESULT: {"script":"<script> [776 bytes]","args":[{"enterText":"Mixed Contract WDIO","selector":{"id":"application-managecontracts-display-component---AddNewContract--projectDescription","interaction":{"idSuffix":"inner"}},"clearTextFirst":true,"interactionType":"ENTER_TEXT"}]}
COMMAND: POST /session/324496234919104d937ca92dc3ef2aab/element - {"using":"xpath","value":"//input[@id=\"application-managecontracts-display-component---AddNewContract--site-inner\"]"}
RESULT: {"using":"xpath","value":"//input[@id=\"application-managecontracts-display-component---AddNewContract--site-inner\"]"}
COMMAND: POST /session/324496234919104d937ca92dc3ef2aab/element/f.350099D233706A5CE962F884DCED375A.d.B29955FFE18DEE4F6C23DBAC860225E9.e.12225/clear - {}
RESULT: {}
COMMAND: POST /session/324496234919104d937ca92dc3ef2aab/element/f.350099D233706A5CE962F884DCED375A.d.B29955FFE18DEE4F6C23DBAC860225E9.e.12225/value - {"text":"2083"}
COMMAND: GET /session/324496234919104d937ca92dc3ef2aab/screenshot - {}
RESULT: {"text":"2083"}
COMMAND: GET /session/324496234919104d937ca92dc3ef2aab/screenshot - {}
RESULT: {}
RESULT: {}
COMMAND: POST /session/324496234919104d937ca92dc3ef2aab/element - {"using":"xpath","value":"//li[.//span[text()='2083']]"}
RESULT: {"using":"xpath","value":"//li[.//span[text()='2083']]"}
COMMAND: POST /session/324496234919104d937ca92dc3ef2aab/element/f.350099D233706A5CE962F884DCED375A.d.B29955FFE18DEE4F6C23DBAC860225E9.e.12307/click - {}
RESULT: {}
COMMAND: GET /session/324496234919104d937ca92dc3ef2aab/screenshot - {}
RESULT: {}
COMMAND: POST /session/324496234919104d937ca92dc3ef2aab/element - {"using":"xpath","value":"//input[@id=\"application-managecontracts-display-component---AddNewContract--yardId-inner\"]"}
RESULT: {"using":"xpath","value":"//input[@id=\"application-managecontracts-display-component---AddNewContract--yardId-inner\"]"}
COMMAND: GET /session/324496234919104d937ca92dc3ef2aab/element/f.350099D233706A5CE962F884DCED375A.d.B29955FFE18DEE4F6C23DBAC860225E9.e.12226/property/value - {}
RESULT: {}
COMMAND: POST /session/324496234919104d937ca92dc3ef2aab/element - {"using":"xpath","value":"//input[@id=\"application-managecontracts-display-component---AddNewContract--customerSelect-inner\"]"}
COMMAND: GET /session/324496234919104d937ca92dc3ef2aab/screenshot - {}
RESULT: {"using":"xpath","value":"//input[@id=\"application-managecontracts-display-component---AddNewContract--customerSelect-inner\"]"}
COMMAND: POST /session/324496234919104d937ca92dc3ef2aab/element/f.350099D233706A5CE962F884DCED375A.d.B29955FFE18DEE4F6C23DBAC860225E9.e.12224/clear - {}
RESULT: {}
RESULT: {}
COMMAND: POST /session/324496234919104d937ca92dc3ef2aab/element/f.350099D233706A5CE962F884DCED375A.d.B29955FFE18DEE4F6C23DBAC860225E9.e.12224/value - {"text":"1083"}
COMMAND: GET /session/324496234919104d937ca92dc3ef2aab/screenshot - {}
RESULT: {"text":"1083"}
COMMAND: GET /session/324496234919104d937ca92dc3ef2aab/screenshot - {}
RESULT: {}
RESULT: {}
COMMAND: POST /session/324496234919104d937ca92dc3ef2aab/element - {"using":"xpath","value":"//li[.//span[text()='1083']]"}
RESULT: {"using":"xpath","value":"//li[.//span[text()='1083']]"}
COMMAND: POST /session/324496234919104d937ca92dc3ef2aab/element/f.350099D233706A5CE962F884DCED375A.d.B29955FFE18DEE4F6C23DBAC860225E9.e.12310/click - {}
RESULT: {}
COMMAND: GET /session/324496234919104d937ca92dc3ef2aab/screenshot - {}
RESULT: {}
COMMAND: POST /session/324496234919104d937ca92dc3ef2aab/element - {"using":"xpath","value":"//button[@data-kt=\"saveButton\"]"}
RESULT: {"using":"xpath","value":"//button[@data-kt=\"saveButton\"]"}
COMMAND: POST /session/324496234919104d937ca92dc3ef2aab/element/f.350099D233706A5CE962F884DCED375A.d.B29955FFE18DEE4F6C23DBAC860225E9.e.12300/click - {}
RESULT: {}
COMMAND: GET /session/324496234919104d937ca92dc3ef2aab/screenshot - {}
RESULT: {}
COMMAND: POST /session/324496234919104d937ca92dc3ef2aab/element - {"using":"xpath","value":"//span[contains(@id ,\"contractDetailTitleNoExpanded\")]"}
RESULT: {"using":"xpath","value":"//span[contains(@id ,\"contractDetailTitleNoExpanded\")]"}
COMMAND: POST /session/324496234919104d937ca92dc3ef2aab/elements - {"using":"xpath","value":"//span[contains(@id ,\"contractDetailTitleNoExpanded\")]"}
RESULT: {"using":"xpath","value":"//span[contains(@id ,\"contractDetailTitleNoExpanded\")]"}
COMMAND: POST /session/324496234919104d937ca92dc3ef2aab/execute/sync - {"script":"<script> [56 bytes]","args":[{"element-6066-11e4-a52e-4f735466cecf":"f.350099D233706A5CE962F884DCED375A.d.B29955FFE18DEE4F6C23DBAC860225E9.e.12378","ELEMENT":"f.350099D233706A5CE962F884DCED375A.d.B29955FFE18DEE4F6C23DBAC860225E9.e.12378"}]}
RESULT: {"script":"<script> [56 bytes]","args":[{"element-6066-11e4-a52e-4f735466cecf":"f.350099D233706A5CE962F884DCED375A.d.B29955FFE18DEE4F6C23DBAC860225E9.e.12378","ELEMENT":"f.350099D233706A5CE962F884DCED375A.d.B29955FFE18DEE4F6C23DBAC860225E9.e.12378"}]}
COMMAND: GET /session/324496234919104d937ca92dc3ef2aab/screenshot - {}
RESULT: {}
]]></system-out>
    </testcase>
    <testcase classname="chrome.136_0_7103_93.windows.Create_master_data_for_mixed_billing_&amp;_do_billing_calculation_US151661" name="Should add equipment to the contract" time="65.921">
      <system-out><![CDATA[
COMMAND: POST /session/324496234919104d937ca92dc3ef2aab/element - {"using":"xpath","value":"//button[@data-kt=\"contractDetailEditBtnButton\"]"}
RESULT: {"using":"xpath","value":"//button[@data-kt=\"contractDetailEditBtnButton\"]"}
COMMAND: POST /session/324496234919104d937ca92dc3ef2aab/element/f.350099D233706A5CE962F884DCED375A.d.B29955FFE18DEE4F6C23DBAC860225E9.e.12381/click - {}
RESULT: {}
COMMAND: GET /session/324496234919104d937ca92dc3ef2aab/screenshot - {}
RESULT: {}
COMMAND: POST /session/324496234919104d937ca92dc3ef2aab/element - {"using":"xpath","value":"(//span[contains(text(), \"Additional Addresses\")])[2]"}
RESULT: {"using":"xpath","value":"(//span[contains(text(), \"Additional Addresses\")])[2]"}
COMMAND: POST /session/324496234919104d937ca92dc3ef2aab/element/f.350099D233706A5CE962F884DCED375A.d.B29955FFE18DEE4F6C23DBAC860225E9.e.12437/click - {}
RESULT: {}
COMMAND: GET /session/324496234919104d937ca92dc3ef2aab/screenshot - {}
COMMAND: POST /session/324496234919104d937ca92dc3ef2aab/element - {"using":"xpath","value":"//button[@data-kt=\"btnAddTableRowOverflowToolbarButton\"]"}
RESULT: {}
RESULT: {"using":"xpath","value":"//button[@data-kt=\"btnAddTableRowOverflowToolbarButton\"]"}
COMMAND: POST /session/324496234919104d937ca92dc3ef2aab/element/f.350099D233706A5CE962F884DCED375A.d.B29955FFE18DEE4F6C23DBAC860225E9.e.12440/click - {}
RESULT: {}
COMMAND: GET /session/324496234919104d937ca92dc3ef2aab/screenshot - {}
RESULT: {}
COMMAND: POST /session/324496234919104d937ca92dc3ef2aab/element - {"using":"xpath","value":"//div[(text() = 'Standard Entry' or . = 'Standard Entry')]"}
RESULT: {"using":"xpath","value":"//div[(text() = 'Standard Entry' or . = 'Standard Entry')]"}
COMMAND: POST /session/324496234919104d937ca92dc3ef2aab/element/f.350099D233706A5CE962F884DCED375A.d.B29955FFE18DEE4F6C23DBAC860225E9.e.12441/click - {}
RESULT: {}
COMMAND: GET /session/324496234919104d937ca92dc3ef2aab/screenshot - {}
RESULT: {}
COMMAND: POST /session/324496234919104d937ca92dc3ef2aab/element - {"using":"xpath","value":"//td[7]/div/div/input"}
RESULT: {"using":"xpath","value":"//td[7]/div/div/input"}
COMMAND: POST /session/324496234919104d937ca92dc3ef2aab/element/f.350099D233706A5CE962F884DCED375A.d.B29955FFE18DEE4F6C23DBAC860225E9.e.12450/clear - {}
RESULT: {}
COMMAND: POST /session/324496234919104d937ca92dc3ef2aab/element/f.350099D233706A5CE962F884DCED375A.d.B29955FFE18DEE4F6C23DBAC860225E9.e.12450/value - {"text":"PiYZ6QeKn7"}
COMMAND: GET /session/324496234919104d937ca92dc3ef2aab/screenshot - {}
RESULT: {"text":"PiYZ6QeKn7"}
COMMAND: GET /session/324496234919104d937ca92dc3ef2aab/screenshot - {}
RESULT: {}
RESULT: {}
COMMAND: POST /session/324496234919104d937ca92dc3ef2aab/actions - {"actions":[{"id":"action46","type":"key","parameters":{},"actions":[{"type":"keyDown","value":""},{"type":"pause","duration":10},{"type":"keyUp","value":""}]}]}
RESULT: {"actions":[{"id":"action46","type":"key","parameters":{},"actions":[{"type":"keyDown","value":""},{"type":"pause","duration":10},{"type":"keyUp","value":""}]}]}
COMMAND: GET /session/324496234919104d937ca92dc3ef2aab/screenshot - {}
RESULT: {}
COMMAND: POST /session/324496234919104d937ca92dc3ef2aab/execute/sync - {"script":"<script> [276 bytes]","args":["No pricing information was found"]}
RESULT: {"script":"<script> [276 bytes]","args":["No pricing information was found"]}
COMMAND: POST /session/324496234919104d937ca92dc3ef2aab/element - {"using":"xpath","value":"(//button[@data-kt=\"saveButton\"])[2]"}
COMMAND: GET /session/324496234919104d937ca92dc3ef2aab/screenshot - {}
RESULT: {"using":"xpath","value":"(//button[@data-kt=\"saveButton\"])[2]"}
COMMAND: POST /session/324496234919104d937ca92dc3ef2aab/element/f.350099D233706A5CE962F884DCED375A.d.B29955FFE18DEE4F6C23DBAC860225E9.e.12465/click - {}
RESULT: {}
RESULT: {}
COMMAND: GET /session/324496234919104d937ca92dc3ef2aab/screenshot - {}
RESULT: {}
COMMAND: POST /session/324496234919104d937ca92dc3ef2aab/execute/sync - {"script":"<script> [276 bytes]","args":["Some contract items are having rental validity exceeding header rental validity"]}
RESULT: {"script":"<script> [276 bytes]","args":["Some contract items are having rental validity exceeding header rental validity"]}
COMMAND: GET /session/324496234919104d937ca92dc3ef2aab/screenshot - {}
RESULT: {}
COMMAND: POST /session/324496234919104d937ca92dc3ef2aab/element - {"using":"xpath","value":"//span[contains(@id ,\"contractItemsSmartTable-header-inner\")]"}
RESULT: {"using":"xpath","value":"//span[contains(@id ,\"contractItemsSmartTable-header-inner\")]"}
COMMAND: POST /session/324496234919104d937ca92dc3ef2aab/elements - {"using":"xpath","value":"//span[contains(@id ,\"contractItemsSmartTable-header-inner\")]"}
RESULT: {"using":"xpath","value":"//span[contains(@id ,\"contractItemsSmartTable-header-inner\")]"}
COMMAND: POST /session/324496234919104d937ca92dc3ef2aab/execute/sync - {"script":"<script> [56 bytes]","args":[{"element-6066-11e4-a52e-4f735466cecf":"f.350099D233706A5CE962F884DCED375A.d.B29955FFE18DEE4F6C23DBAC860225E9.e.12467","ELEMENT":"f.350099D233706A5CE962F884DCED375A.d.B29955FFE18DEE4F6C23DBAC860225E9.e.12467"}]}
RESULT: {"script":"<script> [56 bytes]","args":[{"element-6066-11e4-a52e-4f735466cecf":"f.350099D233706A5CE962F884DCED375A.d.B29955FFE18DEE4F6C23DBAC860225E9.e.12467","ELEMENT":"f.350099D233706A5CE962F884DCED375A.d.B29955FFE18DEE4F6C23DBAC860225E9.e.12467"}]}
COMMAND: GET /session/324496234919104d937ca92dc3ef2aab/screenshot - {}
RESULT: {}
COMMAND: POST /session/324496234919104d937ca92dc3ef2aab/execute/sync - {"script":"<script> [56 bytes]","args":[{"element-6066-11e4-a52e-4f735466cecf":"f.350099D233706A5CE962F884DCED375A.d.B29955FFE18DEE4F6C23DBAC860225E9.e.12467","ELEMENT":"f.350099D233706A5CE962F884DCED375A.d.B29955FFE18DEE4F6C23DBAC860225E9.e.12467"}]}
RESULT: {"script":"<script> [56 bytes]","args":[{"element-6066-11e4-a52e-4f735466cecf":"f.350099D233706A5CE962F884DCED375A.d.B29955FFE18DEE4F6C23DBAC860225E9.e.12467","ELEMENT":"f.350099D233706A5CE962F884DCED375A.d.B29955FFE18DEE4F6C23DBAC860225E9.e.12467"}]}
COMMAND: GET /session/324496234919104d937ca92dc3ef2aab/screenshot - {}
RESULT: {}
COMMAND: POST /session/324496234919104d937ca92dc3ef2aab/execute/sync - {"script":"<script> [56 bytes]","args":[{"element-6066-11e4-a52e-4f735466cecf":"f.350099D233706A5CE962F884DCED375A.d.B29955FFE18DEE4F6C23DBAC860225E9.e.12467","ELEMENT":"f.350099D233706A5CE962F884DCED375A.d.B29955FFE18DEE4F6C23DBAC860225E9.e.12467"}]}
RESULT: {"script":"<script> [56 bytes]","args":[{"element-6066-11e4-a52e-4f735466cecf":"f.350099D233706A5CE962F884DCED375A.d.B29955FFE18DEE4F6C23DBAC860225E9.e.12467","ELEMENT":"f.350099D233706A5CE962F884DCED375A.d.B29955FFE18DEE4F6C23DBAC860225E9.e.12467"}]}
COMMAND: GET /session/324496234919104d937ca92dc3ef2aab/screenshot - {}
RESULT: {}
COMMAND: POST /session/324496234919104d937ca92dc3ef2aab/execute/sync - {"script":"<script> [56 bytes]","args":[{"element-6066-11e4-a52e-4f735466cecf":"f.350099D233706A5CE962F884DCED375A.d.B29955FFE18DEE4F6C23DBAC860225E9.e.12467","ELEMENT":"f.350099D233706A5CE962F884DCED375A.d.B29955FFE18DEE4F6C23DBAC860225E9.e.12467"}]}
RESULT: {"script":"<script> [56 bytes]","args":[{"element-6066-11e4-a52e-4f735466cecf":"f.350099D233706A5CE962F884DCED375A.d.B29955FFE18DEE4F6C23DBAC860225E9.e.12467","ELEMENT":"f.350099D233706A5CE962F884DCED375A.d.B29955FFE18DEE4F6C23DBAC860225E9.e.12467"}]}
COMMAND: GET /session/324496234919104d937ca92dc3ef2aab/screenshot - {}
RESULT: {}
COMMAND: POST /session/324496234919104d937ca92dc3ef2aab/execute/sync - {"script":"<script> [56 bytes]","args":[{"element-6066-11e4-a52e-4f735466cecf":"f.350099D233706A5CE962F884DCED375A.d.B29955FFE18DEE4F6C23DBAC860225E9.e.12467","ELEMENT":"f.350099D233706A5CE962F884DCED375A.d.B29955FFE18DEE4F6C23DBAC860225E9.e.12467"}]}
RESULT: {"script":"<script> [56 bytes]","args":[{"element-6066-11e4-a52e-4f735466cecf":"f.350099D233706A5CE962F884DCED375A.d.B29955FFE18DEE4F6C23DBAC860225E9.e.12467","ELEMENT":"f.350099D233706A5CE962F884DCED375A.d.B29955FFE18DEE4F6C23DBAC860225E9.e.12467"}]}
COMMAND: GET /session/324496234919104d937ca92dc3ef2aab/screenshot - {}
RESULT: {}
COMMAND: POST /session/324496234919104d937ca92dc3ef2aab/execute/sync - {"script":"<script> [56 bytes]","args":[{"element-6066-11e4-a52e-4f735466cecf":"f.350099D233706A5CE962F884DCED375A.d.B29955FFE18DEE4F6C23DBAC860225E9.e.12467","ELEMENT":"f.350099D233706A5CE962F884DCED375A.d.B29955FFE18DEE4F6C23DBAC860225E9.e.12467"}]}
RESULT: {"script":"<script> [56 bytes]","args":[{"element-6066-11e4-a52e-4f735466cecf":"f.350099D233706A5CE962F884DCED375A.d.B29955FFE18DEE4F6C23DBAC860225E9.e.12467","ELEMENT":"f.350099D233706A5CE962F884DCED375A.d.B29955FFE18DEE4F6C23DBAC860225E9.e.12467"}]}
COMMAND: GET /session/324496234919104d937ca92dc3ef2aab/screenshot - {}
RESULT: {}
COMMAND: POST /session/324496234919104d937ca92dc3ef2aab/execute/sync - {"script":"<script> [56 bytes]","args":[{"element-6066-11e4-a52e-4f735466cecf":"f.350099D233706A5CE962F884DCED375A.d.B29955FFE18DEE4F6C23DBAC860225E9.e.12467","ELEMENT":"f.350099D233706A5CE962F884DCED375A.d.B29955FFE18DEE4F6C23DBAC860225E9.e.12467"}]}
RESULT: {"script":"<script> [56 bytes]","args":[{"element-6066-11e4-a52e-4f735466cecf":"f.350099D233706A5CE962F884DCED375A.d.B29955FFE18DEE4F6C23DBAC860225E9.e.12467","ELEMENT":"f.350099D233706A5CE962F884DCED375A.d.B29955FFE18DEE4F6C23DBAC860225E9.e.12467"}]}
COMMAND: GET /session/324496234919104d937ca92dc3ef2aab/screenshot - {}
RESULT: {}
COMMAND: POST /session/324496234919104d937ca92dc3ef2aab/execute/sync - {"script":"<script> [56 bytes]","args":[{"element-6066-11e4-a52e-4f735466cecf":"f.350099D233706A5CE962F884DCED375A.d.B29955FFE18DEE4F6C23DBAC860225E9.e.12467","ELEMENT":"f.350099D233706A5CE962F884DCED375A.d.B29955FFE18DEE4F6C23DBAC860225E9.e.12467"}]}
RESULT: {"script":"<script> [56 bytes]","args":[{"element-6066-11e4-a52e-4f735466cecf":"f.350099D233706A5CE962F884DCED375A.d.B29955FFE18DEE4F6C23DBAC860225E9.e.12467","ELEMENT":"f.350099D233706A5CE962F884DCED375A.d.B29955FFE18DEE4F6C23DBAC860225E9.e.12467"}]}
COMMAND: GET /session/324496234919104d937ca92dc3ef2aab/screenshot - {}
RESULT: {}
COMMAND: POST /session/324496234919104d937ca92dc3ef2aab/execute/sync - {"script":"<script> [56 bytes]","args":[{"element-6066-11e4-a52e-4f735466cecf":"f.350099D233706A5CE962F884DCED375A.d.B29955FFE18DEE4F6C23DBAC860225E9.e.12467","ELEMENT":"f.350099D233706A5CE962F884DCED375A.d.B29955FFE18DEE4F6C23DBAC860225E9.e.12467"}]}
RESULT: {"script":"<script> [56 bytes]","args":[{"element-6066-11e4-a52e-4f735466cecf":"f.350099D233706A5CE962F884DCED375A.d.B29955FFE18DEE4F6C23DBAC860225E9.e.12467","ELEMENT":"f.350099D233706A5CE962F884DCED375A.d.B29955FFE18DEE4F6C23DBAC860225E9.e.12467"}]}
COMMAND: GET /session/324496234919104d937ca92dc3ef2aab/screenshot - {}
RESULT: {}
COMMAND: POST /session/324496234919104d937ca92dc3ef2aab/execute/sync - {"script":"<script> [56 bytes]","args":[{"element-6066-11e4-a52e-4f735466cecf":"f.350099D233706A5CE962F884DCED375A.d.B29955FFE18DEE4F6C23DBAC860225E9.e.12467","ELEMENT":"f.350099D233706A5CE962F884DCED375A.d.B29955FFE18DEE4F6C23DBAC860225E9.e.12467"}]}
RESULT: {"script":"<script> [56 bytes]","args":[{"element-6066-11e4-a52e-4f735466cecf":"f.350099D233706A5CE962F884DCED375A.d.B29955FFE18DEE4F6C23DBAC860225E9.e.12467","ELEMENT":"f.350099D233706A5CE962F884DCED375A.d.B29955FFE18DEE4F6C23DBAC860225E9.e.12467"}]}
COMMAND: GET /session/324496234919104d937ca92dc3ef2aab/screenshot - {}
RESULT: {}
COMMAND: POST /session/324496234919104d937ca92dc3ef2aab/execute/sync - {"script":"<script> [56 bytes]","args":[{"element-6066-11e4-a52e-4f735466cecf":"f.350099D233706A5CE962F884DCED375A.d.B29955FFE18DEE4F6C23DBAC860225E9.e.12467","ELEMENT":"f.350099D233706A5CE962F884DCED375A.d.B29955FFE18DEE4F6C23DBAC860225E9.e.12467"}]}
RESULT: {"script":"<script> [56 bytes]","args":[{"element-6066-11e4-a52e-4f735466cecf":"f.350099D233706A5CE962F884DCED375A.d.B29955FFE18DEE4F6C23DBAC860225E9.e.12467","ELEMENT":"f.350099D233706A5CE962F884DCED375A.d.B29955FFE18DEE4F6C23DBAC860225E9.e.12467"}]}
COMMAND: GET /session/324496234919104d937ca92dc3ef2aab/screenshot - {}
RESULT: {}
COMMAND: POST /session/324496234919104d937ca92dc3ef2aab/execute/sync - {"script":"<script> [56 bytes]","args":[{"element-6066-11e4-a52e-4f735466cecf":"f.350099D233706A5CE962F884DCED375A.d.B29955FFE18DEE4F6C23DBAC860225E9.e.12467","ELEMENT":"f.350099D233706A5CE962F884DCED375A.d.B29955FFE18DEE4F6C23DBAC860225E9.e.12467"}]}
RESULT: {"script":"<script> [56 bytes]","args":[{"element-6066-11e4-a52e-4f735466cecf":"f.350099D233706A5CE962F884DCED375A.d.B29955FFE18DEE4F6C23DBAC860225E9.e.12467","ELEMENT":"f.350099D233706A5CE962F884DCED375A.d.B29955FFE18DEE4F6C23DBAC860225E9.e.12467"}]}
COMMAND: GET /session/324496234919104d937ca92dc3ef2aab/screenshot - {}
RESULT: {}
COMMAND: POST /session/324496234919104d937ca92dc3ef2aab/execute/sync - {"script":"<script> [56 bytes]","args":[{"element-6066-11e4-a52e-4f735466cecf":"f.350099D233706A5CE962F884DCED375A.d.B29955FFE18DEE4F6C23DBAC860225E9.e.12467","ELEMENT":"f.350099D233706A5CE962F884DCED375A.d.B29955FFE18DEE4F6C23DBAC860225E9.e.12467"}]}
RESULT: {"script":"<script> [56 bytes]","args":[{"element-6066-11e4-a52e-4f735466cecf":"f.350099D233706A5CE962F884DCED375A.d.B29955FFE18DEE4F6C23DBAC860225E9.e.12467","ELEMENT":"f.350099D233706A5CE962F884DCED375A.d.B29955FFE18DEE4F6C23DBAC860225E9.e.12467"}]}
COMMAND: GET /session/324496234919104d937ca92dc3ef2aab/screenshot - {}
RESULT: {}
COMMAND: POST /session/324496234919104d937ca92dc3ef2aab/execute/sync - {"script":"<script> [56 bytes]","args":[{"element-6066-11e4-a52e-4f735466cecf":"f.350099D233706A5CE962F884DCED375A.d.B29955FFE18DEE4F6C23DBAC860225E9.e.12467","ELEMENT":"f.350099D233706A5CE962F884DCED375A.d.B29955FFE18DEE4F6C23DBAC860225E9.e.12467"}]}
RESULT: {"script":"<script> [56 bytes]","args":[{"element-6066-11e4-a52e-4f735466cecf":"f.350099D233706A5CE962F884DCED375A.d.B29955FFE18DEE4F6C23DBAC860225E9.e.12467","ELEMENT":"f.350099D233706A5CE962F884DCED375A.d.B29955FFE18DEE4F6C23DBAC860225E9.e.12467"}]}
COMMAND: GET /session/324496234919104d937ca92dc3ef2aab/screenshot - {}
RESULT: {}
COMMAND: POST /session/324496234919104d937ca92dc3ef2aab/execute/sync - {"script":"<script> [56 bytes]","args":[{"element-6066-11e4-a52e-4f735466cecf":"f.350099D233706A5CE962F884DCED375A.d.B29955FFE18DEE4F6C23DBAC860225E9.e.12467","ELEMENT":"f.350099D233706A5CE962F884DCED375A.d.B29955FFE18DEE4F6C23DBAC860225E9.e.12467"}]}
RESULT: {"script":"<script> [56 bytes]","args":[{"element-6066-11e4-a52e-4f735466cecf":"f.350099D233706A5CE962F884DCED375A.d.B29955FFE18DEE4F6C23DBAC860225E9.e.12467","ELEMENT":"f.350099D233706A5CE962F884DCED375A.d.B29955FFE18DEE4F6C23DBAC860225E9.e.12467"}]}
COMMAND: GET /session/324496234919104d937ca92dc3ef2aab/screenshot - {}
RESULT: {}
COMMAND: POST /session/324496234919104d937ca92dc3ef2aab/execute/sync - {"script":"<script> [56 bytes]","args":[{"element-6066-11e4-a52e-4f735466cecf":"f.350099D233706A5CE962F884DCED375A.d.B29955FFE18DEE4F6C23DBAC860225E9.e.12467","ELEMENT":"f.350099D233706A5CE962F884DCED375A.d.B29955FFE18DEE4F6C23DBAC860225E9.e.12467"}]}
RESULT: {"script":"<script> [56 bytes]","args":[{"element-6066-11e4-a52e-4f735466cecf":"f.350099D233706A5CE962F884DCED375A.d.B29955FFE18DEE4F6C23DBAC860225E9.e.12467","ELEMENT":"f.350099D233706A5CE962F884DCED375A.d.B29955FFE18DEE4F6C23DBAC860225E9.e.12467"}]}
COMMAND: GET /session/324496234919104d937ca92dc3ef2aab/screenshot - {}
RESULT: {}
COMMAND: POST /session/324496234919104d937ca92dc3ef2aab/execute/sync - {"script":"<script> [56 bytes]","args":[{"element-6066-11e4-a52e-4f735466cecf":"f.350099D233706A5CE962F884DCED375A.d.B29955FFE18DEE4F6C23DBAC860225E9.e.12467","ELEMENT":"f.350099D233706A5CE962F884DCED375A.d.B29955FFE18DEE4F6C23DBAC860225E9.e.12467"}]}
RESULT: {"script":"<script> [56 bytes]","args":[{"element-6066-11e4-a52e-4f735466cecf":"f.350099D233706A5CE962F884DCED375A.d.B29955FFE18DEE4F6C23DBAC860225E9.e.12467","ELEMENT":"f.350099D233706A5CE962F884DCED375A.d.B29955FFE18DEE4F6C23DBAC860225E9.e.12467"}]}
COMMAND: GET /session/324496234919104d937ca92dc3ef2aab/screenshot - {}
COMMAND: POST /session/324496234919104d937ca92dc3ef2aab/execute/sync - {"script":"<script> [56 bytes]","args":[{"element-6066-11e4-a52e-4f735466cecf":"f.350099D233706A5CE962F884DCED375A.d.B29955FFE18DEE4F6C23DBAC860225E9.e.12467","ELEMENT":"f.350099D233706A5CE962F884DCED375A.d.B29955FFE18DEE4F6C23DBAC860225E9.e.12467"}]}
RESULT: {}
RESULT: {"script":"<script> [56 bytes]","args":[{"element-6066-11e4-a52e-4f735466cecf":"f.350099D233706A5CE962F884DCED375A.d.B29955FFE18DEE4F6C23DBAC860225E9.e.12467","ELEMENT":"f.350099D233706A5CE962F884DCED375A.d.B29955FFE18DEE4F6C23DBAC860225E9.e.12467"}]}
COMMAND: GET /session/324496234919104d937ca92dc3ef2aab/screenshot - {}
COMMAND: POST /session/324496234919104d937ca92dc3ef2aab/execute/sync - {"script":"<script> [56 bytes]","args":[{"element-6066-11e4-a52e-4f735466cecf":"f.350099D233706A5CE962F884DCED375A.d.B29955FFE18DEE4F6C23DBAC860225E9.e.12467","ELEMENT":"f.350099D233706A5CE962F884DCED375A.d.B29955FFE18DEE4F6C23DBAC860225E9.e.12467"}]}
RESULT: {}
RESULT: {"script":"<script> [56 bytes]","args":[{"element-6066-11e4-a52e-4f735466cecf":"f.350099D233706A5CE962F884DCED375A.d.B29955FFE18DEE4F6C23DBAC860225E9.e.12467","ELEMENT":"f.350099D233706A5CE962F884DCED375A.d.B29955FFE18DEE4F6C23DBAC860225E9.e.12467"}]}
COMMAND: GET /session/324496234919104d937ca92dc3ef2aab/screenshot - {}
COMMAND: POST /session/324496234919104d937ca92dc3ef2aab/execute/sync - {"script":"<script> [56 bytes]","args":[{"element-6066-11e4-a52e-4f735466cecf":"f.350099D233706A5CE962F884DCED375A.d.B29955FFE18DEE4F6C23DBAC860225E9.e.12467","ELEMENT":"f.350099D233706A5CE962F884DCED375A.d.B29955FFE18DEE4F6C23DBAC860225E9.e.12467"}]}
RESULT: {}
RESULT: {"script":"<script> [56 bytes]","args":[{"element-6066-11e4-a52e-4f735466cecf":"f.350099D233706A5CE962F884DCED375A.d.B29955FFE18DEE4F6C23DBAC860225E9.e.12467","ELEMENT":"f.350099D233706A5CE962F884DCED375A.d.B29955FFE18DEE4F6C23DBAC860225E9.e.12467"}]}
COMMAND: GET /session/324496234919104d937ca92dc3ef2aab/screenshot - {}
COMMAND: POST /session/324496234919104d937ca92dc3ef2aab/execute/sync - {"script":"<script> [56 bytes]","args":[{"element-6066-11e4-a52e-4f735466cecf":"f.350099D233706A5CE962F884DCED375A.d.B29955FFE18DEE4F6C23DBAC860225E9.e.12467","ELEMENT":"f.350099D233706A5CE962F884DCED375A.d.B29955FFE18DEE4F6C23DBAC860225E9.e.12467"}]}
RESULT: {}
RESULT: {"script":"<script> [56 bytes]","args":[{"element-6066-11e4-a52e-4f735466cecf":"f.350099D233706A5CE962F884DCED375A.d.B29955FFE18DEE4F6C23DBAC860225E9.e.12467","ELEMENT":"f.350099D233706A5CE962F884DCED375A.d.B29955FFE18DEE4F6C23DBAC860225E9.e.12467"}]}
COMMAND: GET /session/324496234919104d937ca92dc3ef2aab/screenshot - {}
COMMAND: POST /session/324496234919104d937ca92dc3ef2aab/execute/sync - {"script":"<script> [56 bytes]","args":[{"element-6066-11e4-a52e-4f735466cecf":"f.350099D233706A5CE962F884DCED375A.d.B29955FFE18DEE4F6C23DBAC860225E9.e.12467","ELEMENT":"f.350099D233706A5CE962F884DCED375A.d.B29955FFE18DEE4F6C23DBAC860225E9.e.12467"}]}
RESULT: {}
RESULT: {"script":"<script> [56 bytes]","args":[{"element-6066-11e4-a52e-4f735466cecf":"f.350099D233706A5CE962F884DCED375A.d.B29955FFE18DEE4F6C23DBAC860225E9.e.12467","ELEMENT":"f.350099D233706A5CE962F884DCED375A.d.B29955FFE18DEE4F6C23DBAC860225E9.e.12467"}]}
COMMAND: GET /session/324496234919104d937ca92dc3ef2aab/screenshot - {}
COMMAND: POST /session/324496234919104d937ca92dc3ef2aab/execute/sync - {"script":"<script> [56 bytes]","args":[{"element-6066-11e4-a52e-4f735466cecf":"f.350099D233706A5CE962F884DCED375A.d.B29955FFE18DEE4F6C23DBAC860225E9.e.12467","ELEMENT":"f.350099D233706A5CE962F884DCED375A.d.B29955FFE18DEE4F6C23DBAC860225E9.e.12467"}]}
RESULT: {}
RESULT: {"script":"<script> [56 bytes]","args":[{"element-6066-11e4-a52e-4f735466cecf":"f.350099D233706A5CE962F884DCED375A.d.B29955FFE18DEE4F6C23DBAC860225E9.e.12467","ELEMENT":"f.350099D233706A5CE962F884DCED375A.d.B29955FFE18DEE4F6C23DBAC860225E9.e.12467"}]}
]]></system-out>
    </testcase>
    <testcase classname="chrome.136_0_7103_93.windows.Create_master_data_for_mixed_billing_&amp;_do_billing_calculation_US151661" name="Should do a provide to site handover" time="64.151">
      <system-out><![CDATA[
COMMAND: POST /session/324496234919104d937ca92dc3ef2aab/element - {"using":"xpath","value":"//button[@data-kt=\"provideButton\"]"}
COMMAND: GET /session/324496234919104d937ca92dc3ef2aab/screenshot - {}
RESULT: {"using":"xpath","value":"//button[@data-kt=\"provideButton\"]"}
COMMAND: POST /session/324496234919104d937ca92dc3ef2aab/element/f.350099D233706A5CE962F884DCED375A.d.B29955FFE18DEE4F6C23DBAC860225E9.e.12472/click - {}
RESULT: {}
RESULT: {}
COMMAND: GET /session/324496234919104d937ca92dc3ef2aab/screenshot - {}
RESULT: {}
RESULT: undefined
COMMAND: POST /session/324496234919104d937ca92dc3ef2aab/execute/async - {"script":"<script> [6424 bytes]","args":[{"element-6066-11e4-a52e-4f735466cecf":"f.350099D233706A5CE962F884DCED375A.d.B29955FFE18DEE4F6C23DBAC860225E9.e.11449"},"setValue",["5/23/25"]]}
COMMAND: POST /session/324496234919104d937ca92dc3ef2aab/execute/async - {"script":"<script> [1562 bytes]","args":[{"selector":{"id":"application-managehandovers-display-component---AddNewHO--dueDate","interaction":{"idSuffix":"inner"}},"wdio_ui5_key":"applicationmanagehandovers-display-component---AddNewHO--dueDate"}]}
RESULT: {"script":"<script> [1562 bytes]","args":[{"selector":{"id":"application-managehandovers-display-component---AddNewHO--dueDate","interaction":{"idSuffix":"inner"}},"wdio_ui5_key":"applicationmanagehandovers-display-component---AddNewHO--dueDate"}]}
COMMAND: POST /session/324496234919104d937ca92dc3ef2aab/execute/async - {"script":"<script> [6424 bytes]","args":[{"element-6066-11e4-a52e-4f735466cecf":"f.350099D233706A5CE962F884DCED375A.d.B29955FFE18DEE4F6C23DBAC860225E9.e.12530"},"setValue",["5/23/25"]]}
RESULT: {"script":"<script> [6424 bytes]","args":[{"element-6066-11e4-a52e-4f735466cecf":"f.350099D233706A5CE962F884DCED375A.d.B29955FFE18DEE4F6C23DBAC860225E9.e.12530"},"setValue",["5/23/25"]]}
COMMAND: POST /session/324496234919104d937ca92dc3ef2aab/element - {"using":"xpath","value":"//bdi[contains(text(), \"Instructions\")]"}
RESULT: {"using":"xpath","value":"//bdi[contains(text(), \"Instructions\")]"}
COMMAND: POST /session/324496234919104d937ca92dc3ef2aab/element/f.350099D233706A5CE962F884DCED375A.d.B29955FFE18DEE4F6C23DBAC860225E9.e.12643/click - {}
RESULT: {}
COMMAND: GET /session/324496234919104d937ca92dc3ef2aab/screenshot - {}
RESULT: {}
COMMAND: POST /session/324496234919104d937ca92dc3ef2aab/element - {"using":"xpath","value":"//button[@data-kt=\"AddNewHOProvideAddItemsButton\"]"}
RESULT: {"using":"xpath","value":"//button[@data-kt=\"AddNewHOProvideAddItemsButton\"]"}
COMMAND: POST /session/324496234919104d937ca92dc3ef2aab/element/f.350099D233706A5CE962F884DCED375A.d.B29955FFE18DEE4F6C23DBAC860225E9.e.12647/click - {}
RESULT: {}
COMMAND: GET /session/324496234919104d937ca92dc3ef2aab/screenshot - {}
RESULT: {}
RESULT: undefined
COMMAND: POST /session/324496234919104d937ca92dc3ef2aab/element - {"using":"xpath","value":"//*[@id=\"application-managehandovers-display-component---AddNewHO--popup-sa\"]"}
RESULT: {"using":"xpath","value":"//*[@id=\"application-managehandovers-display-component---AddNewHO--popup-sa\"]"}
COMMAND: POST /session/324496234919104d937ca92dc3ef2aab/element/f.350099D233706A5CE962F884DCED375A.d.B29955FFE18DEE4F6C23DBAC860225E9.e.12656/click - {}
RESULT: {}
COMMAND: GET /session/324496234919104d937ca92dc3ef2aab/screenshot - {}
RESULT: {}
COMMAND: POST /session/324496234919104d937ca92dc3ef2aab/element - {"using":"xpath","value":"//*[contains(@id ,\"BDI-content\")][contains(text(), \"Select\")]"}
RESULT: {"using":"xpath","value":"//*[contains(@id ,\"BDI-content\")][contains(text(), \"Select\")]"}
COMMAND: POST /session/324496234919104d937ca92dc3ef2aab/element/f.350099D233706A5CE962F884DCED375A.d.B29955FFE18DEE4F6C23DBAC860225E9.e.12658/click - {}
RESULT: {}
COMMAND: GET /session/324496234919104d937ca92dc3ef2aab/screenshot - {}
RESULT: {}
COMMAND: POST /session/324496234919104d937ca92dc3ef2aab/execute/async - {"script":"<script> [1562 bytes]","args":[{"selector":{"id":"application-managehandovers-display-component---AddNewHO--confirmCreationButton","interaction":{"idSuffix":"BDI-content"}},"wdio_ui5_key":"applicationmanagehandovers-display-component---AddNewHO--confirmCreationButton"}]}
RESULT: {"script":"<script> [1562 bytes]","args":[{"selector":{"id":"application-managehandovers-display-component---AddNewHO--confirmCreationButton","interaction":{"idSuffix":"BDI-content"}},"wdio_ui5_key":"applicationmanagehandovers-display-component---AddNewHO--confirmCreationButton"}]}
RESULT: undefined
COMMAND: POST /session/324496234919104d937ca92dc3ef2aab/element - {"using":"xpath","value":"//*[@id=\"application-managehandovers-display-component---AddNewHO--confirmCreationButton\"]"}
RESULT: {"using":"xpath","value":"//*[@id=\"application-managehandovers-display-component---AddNewHO--confirmCreationButton\"]"}
COMMAND: POST /session/324496234919104d937ca92dc3ef2aab/element/f.350099D233706A5CE962F884DCED375A.d.B29955FFE18DEE4F6C23DBAC860225E9.e.12602/click - {}
RESULT: {}
COMMAND: GET /session/324496234919104d937ca92dc3ef2aab/screenshot - {}
RESULT: {}
COMMAND: POST /session/324496234919104d937ca92dc3ef2aab/execute/async - {"script":"<script> [1562 bytes]","args":[{"selector":{"id":"issueDatePicker","viewName":"etm.portal.ui.managehandovers.view.DetailExecuteHO","interaction":{"idSuffix":"inner"}},"wdio_ui5_key":"issueDatePickeretmportal.ui.managehandovers.view.DetailExecuteHO"}]}
RESULT: {"script":"<script> [1562 bytes]","args":[{"selector":{"id":"issueDatePicker","viewName":"etm.portal.ui.managehandovers.view.DetailExecuteHO","interaction":{"idSuffix":"inner"}},"wdio_ui5_key":"issueDatePickeretmportal.ui.managehandovers.view.DetailExecuteHO"}]}
RESULT: undefined
COMMAND: POST /session/324496234919104d937ca92dc3ef2aab/execute/async - {"script":"<script> [776 bytes]","args":[{"enterText":"5/23/25","selector":{"id":"issueDatePicker","viewName":"etm.portal.ui.managehandovers.view.DetailExecuteHO","interaction":{"idSuffix":"inner"}},"clearTextFirst":true,"interactionType":"ENTER_TEXT"}]}
RESULT: {"script":"<script> [776 bytes]","args":[{"enterText":"5/23/25","selector":{"id":"issueDatePicker","viewName":"etm.portal.ui.managehandovers.view.DetailExecuteHO","interaction":{"idSuffix":"inner"}},"clearTextFirst":true,"interactionType":"ENTER_TEXT"}]}
COMMAND: POST /session/324496234919104d937ca92dc3ef2aab/element - {"using":"xpath","value":"//button[@data-kt=\"PickingTableConfirmAllButton\"]"}
RESULT: {"using":"xpath","value":"//button[@data-kt=\"PickingTableConfirmAllButton\"]"}
COMMAND: POST /session/324496234919104d937ca92dc3ef2aab/element/f.350099D233706A5CE962F884DCED375A.d.B29955FFE18DEE4F6C23DBAC860225E9.e.12720/click - {}
RESULT: {}
COMMAND: GET /session/324496234919104d937ca92dc3ef2aab/screenshot - {}
RESULT: {}
COMMAND: POST /session/324496234919104d937ca92dc3ef2aab/element - {"using":"xpath","value":"//bdi[contains(text(), \"OK\")]"}
RESULT: {"using":"xpath","value":"//bdi[contains(text(), \"OK\")]"}
COMMAND: POST /session/324496234919104d937ca92dc3ef2aab/element/f.350099D233706A5CE962F884DCED375A.d.B29955FFE18DEE4F6C23DBAC860225E9.e.12723/click - {}
RESULT: {}
COMMAND: GET /session/324496234919104d937ca92dc3ef2aab/screenshot - {}
RESULT: {}
COMMAND: POST /session/324496234919104d937ca92dc3ef2aab/element - {"using":"xpath","value":"//bdi[contains(text(), \"Issue\")]"}
RESULT: {"using":"xpath","value":"//bdi[contains(text(), \"Issue\")]"}
COMMAND: POST /session/324496234919104d937ca92dc3ef2aab/element/f.350099D233706A5CE962F884DCED375A.d.B29955FFE18DEE4F6C23DBAC860225E9.e.12725/click - {}
RESULT: {}
COMMAND: GET /session/324496234919104d937ca92dc3ef2aab/screenshot - {}
RESULT: {}
COMMAND: POST /session/324496234919104d937ca92dc3ef2aab/element - {"using":"css selector","value":"#shell-header-logo"}
RESULT: {"using":"css selector","value":"#shell-header-logo"}
COMMAND: POST /session/324496234919104d937ca92dc3ef2aab/element/f.350099D233706A5CE962F884DCED375A.d.B29955FFE18DEE4F6C23DBAC860225E9.e.11859/click - {}
RESULT: {}
COMMAND: GET /session/324496234919104d937ca92dc3ef2aab/screenshot - {}
RESULT: {}
]]></system-out>
    </testcase>
    <testcase classname="chrome.136_0_7103_93.windows.Create_master_data_for_mixed_billing_&amp;_do_billing_calculation_US151661" name="Should create a few performance documents" time="105.549">
      <system-out><![CDATA[
COMMAND: POST /session/324496234919104d937ca92dc3ef2aab/execute/async - {"script":"<script> [1562 bytes]","args":[{"selector":{"controlType":"sap.m.GenericTile","properties":{"header":"Manage States & Performance"}},"wdio_ui5_key":"sapm.GenericTile{\"header\":\"Manage States & Performance\"}"}]}
RESULT: {"script":"<script> [1562 bytes]","args":[{"selector":{"controlType":"sap.m.GenericTile","properties":{"header":"Manage States & Performance"}},"wdio_ui5_key":"sapm.GenericTile{\"header\":\"Manage States & Performance\"}"}]}
RESULT: undefined
COMMAND: POST /session/324496234919104d937ca92dc3ef2aab/element - {"using":"xpath","value":"//*[@id=\"__tile56\"]"}
RESULT: {"using":"xpath","value":"//*[@id=\"__tile56\"]"}
COMMAND: POST /session/324496234919104d937ca92dc3ef2aab/element/f.350099D233706A5CE962F884DCED375A.d.B29955FFE18DEE4F6C23DBAC860225E9.e.6417/click - {}
RESULT: {}
COMMAND: GET /session/324496234919104d937ca92dc3ef2aab/screenshot - {}
RESULT: {}
COMMAND: POST /session/324496234919104d937ca92dc3ef2aab/elements - {"using":"xpath","value":"//span[text()='Error']"}
RESULT: {"using":"xpath","value":"//span[text()='Error']"}
COMMAND: POST /session/324496234919104d937ca92dc3ef2aab/execute/async - {"script":"<script> [1562 bytes]","args":[{"selector":{"id":"application-managestatesandperformance-display-component---stateAndPerform--smartFilterBarResources-btnBasicSearch","interaction":{"idSuffix":"I"}},"wdio_ui5_key":"applicationmanagestatesandperformance-display-component---stateAndPerform--smartFilterBarResources-btnBasicSearch"}]}
RESULT: {"script":"<script> [1562 bytes]","args":[{"selector":{"id":"application-managestatesandperformance-display-component---stateAndPerform--smartFilterBarResources-btnBasicSearch","interaction":{"idSuffix":"I"}},"wdio_ui5_key":"applicationmanagestatesandperformance-display-component---stateAndPerform--smartFilterBarResources-btnBasicSearch"}]}
RESULT: undefined
COMMAND: POST /session/324496234919104d937ca92dc3ef2aab/execute/async - {"script":"<script> [776 bytes]","args":[{"enterText":"PiYZ6QeKn7","selector":{"id":"application-managestatesandperformance-display-component---stateAndPerform--smartFilterBarResources-btnBasicSearch","interaction":{"idSuffix":"I"}},"clearTextFirst":true,"interactionType":"ENTER_TEXT"}]}
RESULT: {"script":"<script> [776 bytes]","args":[{"enterText":"PiYZ6QeKn7","selector":{"id":"application-managestatesandperformance-display-component---stateAndPerform--smartFilterBarResources-btnBasicSearch","interaction":{"idSuffix":"I"}},"clearTextFirst":true,"interactionType":"ENTER_TEXT"}]}
COMMAND: POST /session/324496234919104d937ca92dc3ef2aab/actions - {"actions":[{"id":"action47","type":"key","parameters":{},"actions":[{"type":"keyDown","value":""},{"type":"pause","duration":10},{"type":"keyUp","value":""}]}]}
RESULT: {"actions":[{"id":"action47","type":"key","parameters":{},"actions":[{"type":"keyDown","value":""},{"type":"pause","duration":10},{"type":"keyUp","value":""}]}]}
COMMAND: GET /session/324496234919104d937ca92dc3ef2aab/screenshot - {}
RESULT: {}
COMMAND: POST /session/324496234919104d937ca92dc3ef2aab/execute/async - {"script":"<script> [1562 bytes]","args":[{"selector":{"id":"application-managestatesandperformance-display-component---stateAndPerform--stateAndPerformResourcesSmartTable-header"},"wdio_ui5_key":"applicationmanagestatesandperformance-display-component---stateAndPerform--stateAndPerformResourcesSmartTable-header"}]}
RESULT: {"script":"<script> [1562 bytes]","args":[{"selector":{"id":"application-managestatesandperformance-display-component---stateAndPerform--stateAndPerformResourcesSmartTable-header"},"wdio_ui5_key":"applicationmanagestatesandperformance-display-component---stateAndPerform--stateAndPerformResourcesSmartTable-header"}]}
RESULT: undefined
COMMAND: POST /session/324496234919104d937ca92dc3ef2aab/execute/async - {"script":"<script> [6424 bytes]","args":[{"element-6066-11e4-a52e-4f735466cecf":"f.350099D233706A5CE962F884DCED375A.d.B29955FFE18DEE4F6C23DBAC860225E9.e.13021"},"getText",[]]}
RESULT: {"script":"<script> [6424 bytes]","args":[{"element-6066-11e4-a52e-4f735466cecf":"f.350099D233706A5CE962F884DCED375A.d.B29955FFE18DEE4F6C23DBAC860225E9.e.13021"},"getText",[]]}
COMMAND: POST /session/324496234919104d937ca92dc3ef2aab/execute/async - {"script":"<script> [1562 bytes]","args":[{"selector":{"controlType":"sap.ui.core.Icon","viewName":"etm.portal.ui.managestatesandperformance.view.Master","viewId":"application-managestatesandperformance-display-component---stateAndPerform","properties":{"src":{"regex":{"source":"slim\\-arrow\\-right"}}}},"wdio_ui5_key":"etmportal.ui.managestatesandperformance.view.Mastersap.ui.core.Icon{\"src\":{\"regex\":{\"source\":\"slim\\\\-arrow\\\\-right\"}}}"}]}
RESULT: {"script":"<script> [1562 bytes]","args":[{"selector":{"controlType":"sap.ui.core.Icon","viewName":"etm.portal.ui.managestatesandperformance.view.Master","viewId":"application-managestatesandperformance-display-component---stateAndPerform","properties":{"src":{"regex":{"source":"slim\\-arrow\\-right"}}}},"wdio_ui5_key":"etmportal.ui.managestatesandperformance.view.Mastersap.ui.core.Icon{\"src\":{\"regex\":{\"source\":\"slim\\\\-arrow\\\\-right\"}}}"}]}
RESULT: undefined
COMMAND: POST /session/324496234919104d937ca92dc3ef2aab/element - {"using":"xpath","value":"//*[@id=\"__item3365-__clone11189-imgNav\"]"}
RESULT: {"using":"xpath","value":"//*[@id=\"__item3365-__clone11189-imgNav\"]"}
COMMAND: POST /session/324496234919104d937ca92dc3ef2aab/element/f.350099D233706A5CE962F884DCED375A.d.B29955FFE18DEE4F6C23DBAC860225E9.e.13020/click - {}
RESULT: {}
COMMAND: GET /session/324496234919104d937ca92dc3ef2aab/screenshot - {}
RESULT: {}
COMMAND: POST /session/324496234919104d937ca92dc3ef2aab/execute/async - {"script":"<script> [1562 bytes]","args":[{"selector":{"controlType":"sap.m.Button","viewName":"etm.portal.ui.managestatesandperformance.view.Detail","viewId":"application-managestatesandperformance-display-component---detailStateAndPerform","properties":{"text":"Performance Documents"}},"wdio_ui5_key":"etmportal.ui.managestatesandperformance.view.Detailsap.m.Button{\"text\":\"Performance Documents\"}"}]}
RESULT: {"script":"<script> [1562 bytes]","args":[{"selector":{"controlType":"sap.m.Button","viewName":"etm.portal.ui.managestatesandperformance.view.Detail","viewId":"application-managestatesandperformance-display-component---detailStateAndPerform","properties":{"text":"Performance Documents"}},"wdio_ui5_key":"etmportal.ui.managestatesandperformance.view.Detailsap.m.Button{\"text\":\"Performance Documents\"}"}]}
RESULT: undefined
COMMAND: POST /session/324496234919104d937ca92dc3ef2aab/element - {"using":"xpath","value":"//*[@id=\"__item3388-button\"]"}
RESULT: {"using":"xpath","value":"//*[@id=\"__item3388-button\"]"}
COMMAND: POST /session/324496234919104d937ca92dc3ef2aab/element/f.350099D233706A5CE962F884DCED375A.d.B29955FFE18DEE4F6C23DBAC860225E9.e.13067/click - {}
RESULT: {}
COMMAND: POST /session/324496234919104d937ca92dc3ef2aab/execute/async - {"script":"<script> [1562 bytes]","args":[{"selector":{"controlType":"sap.m.Button","viewName":"etm.portal.ui.managestatesandperformance.view.Detail","viewId":"application-managestatesandperformance-display-component---detailStateAndPerform","i18NText":{"propertyName":"text","key":"createPerformanceDoc"},"interaction":{"idSuffix":"BDI-content"}},"wdio_ui5_key":"etmportal.ui.managestatesandperformance.view.Detailsap.m.Button{\"propertyName\":\"text\",\"key\":\"createPerformanceDoc\"}"}]}
COMMAND: GET /session/324496234919104d937ca92dc3ef2aab/screenshot - {}
RESULT: {"script":"<script> [1562 bytes]","args":[{"selector":{"controlType":"sap.m.Button","viewName":"etm.portal.ui.managestatesandperformance.view.Detail","viewId":"application-managestatesandperformance-display-component---detailStateAndPerform","i18NText":{"propertyName":"text","key":"createPerformanceDoc"},"interaction":{"idSuffix":"BDI-content"}},"wdio_ui5_key":"etmportal.ui.managestatesandperformance.view.Detailsap.m.Button{\"propertyName\":\"text\",\"key\":\"createPerformanceDoc\"}"}]}
RESULT: undefined
COMMAND: POST /session/324496234919104d937ca92dc3ef2aab/element - {"using":"xpath","value":"//*[@id=\"__button569\"]"}
RESULT: {}
RESULT: {"using":"xpath","value":"//*[@id=\"__button569\"]"}
COMMAND: POST /session/324496234919104d937ca92dc3ef2aab/element/f.350099D233706A5CE962F884DCED375A.d.B29955FFE18DEE4F6C23DBAC860225E9.e.13071/click - {}
RESULT: {}
COMMAND: POST /session/324496234919104d937ca92dc3ef2aab/execute/async - {"script":"<script> [1562 bytes]","args":[{"selector":{"id":"application-managestatesandperformance-display-component---detailStateAndPerform--perfDocDatePicker","searchOpenDialogs":true,"interaction":{"idSuffix":"inner"}},"wdio_ui5_key":"applicationmanagestatesandperformance-display-component---detailStateAndPerform--perfDocDatePicker"}]}
COMMAND: GET /session/324496234919104d937ca92dc3ef2aab/screenshot - {}
RESULT: {"script":"<script> [1562 bytes]","args":[{"selector":{"id":"application-managestatesandperformance-display-component---detailStateAndPerform--perfDocDatePicker","searchOpenDialogs":true,"interaction":{"idSuffix":"inner"}},"wdio_ui5_key":"applicationmanagestatesandperformance-display-component---detailStateAndPerform--perfDocDatePicker"}]}
RESULT: undefined
COMMAND: POST /session/324496234919104d937ca92dc3ef2aab/execute/async - {"script":"<script> [776 bytes]","args":[{"enterText":"5/25/25","selector":{"id":"application-managestatesandperformance-display-component---detailStateAndPerform--perfDocDatePicker","searchOpenDialogs":true,"interaction":{"idSuffix":"inner"}},"clearTextFirst":true,"interactionType":"ENTER_TEXT"}]}
RESULT: {}
RESULT: {"script":"<script> [776 bytes]","args":[{"enterText":"5/25/25","selector":{"id":"application-managestatesandperformance-display-component---detailStateAndPerform--perfDocDatePicker","searchOpenDialogs":true,"interaction":{"idSuffix":"inner"}},"clearTextFirst":true,"interactionType":"ENTER_TEXT"}]}
COMMAND: POST /session/324496234919104d937ca92dc3ef2aab/execute/async - {"script":"<script> [1562 bytes]","args":[{"selector":{"id":"application-managestatesandperformance-display-component---detailStateAndPerform--counterValue-input","searchOpenDialogs":true,"interaction":{"idSuffix":"inner"}},"wdio_ui5_key":"applicationmanagestatesandperformance-display-component---detailStateAndPerform--counterValue-input"}]}
RESULT: {"script":"<script> [1562 bytes]","args":[{"selector":{"id":"application-managestatesandperformance-display-component---detailStateAndPerform--counterValue-input","searchOpenDialogs":true,"interaction":{"idSuffix":"inner"}},"wdio_ui5_key":"applicationmanagestatesandperformance-display-component---detailStateAndPerform--counterValue-input"}]}
RESULT: undefined
COMMAND: POST /session/324496234919104d937ca92dc3ef2aab/execute/async - {"script":"<script> [776 bytes]","args":[{"enterText":"15.00","selector":{"id":"application-managestatesandperformance-display-component---detailStateAndPerform--counterValue-input","searchOpenDialogs":true,"interaction":{"idSuffix":"inner"}},"clearTextFirst":true,"interactionType":"ENTER_TEXT"}]}
RESULT: {"script":"<script> [776 bytes]","args":[{"enterText":"15.00","selector":{"id":"application-managestatesandperformance-display-component---detailStateAndPerform--counterValue-input","searchOpenDialogs":true,"interaction":{"idSuffix":"inner"}},"clearTextFirst":true,"interactionType":"ENTER_TEXT"}]}
COMMAND: POST /session/324496234919104d937ca92dc3ef2aab/execute/async - {"script":"<script> [1562 bytes]","args":[{"selector":{"controlType":"sap.m.Button","viewName":"etm.portal.ui.managestatesandperformance.view.Detail","viewId":"application-managestatesandperformance-display-component---detailStateAndPerform","bindingPath":{"path":"","propertyPath":"/allowAddEdit","modelName":"oScreenModel"},"searchOpenDialogs":true,"interaction":{"idSuffix":"BDI-content"}},"wdio_ui5_key":"etmportal.ui.managestatesandperformance.view.Detailsap.m.Button{\"path\":\"\",\"propertyPath\":\"/allowAddEdit\",\"modelName\":\"oScreenModel\"}"}]}
RESULT: {"script":"<script> [1562 bytes]","args":[{"selector":{"controlType":"sap.m.Button","viewName":"etm.portal.ui.managestatesandperformance.view.Detail","viewId":"application-managestatesandperformance-display-component---detailStateAndPerform","bindingPath":{"path":"","propertyPath":"/allowAddEdit","modelName":"oScreenModel"},"searchOpenDialogs":true,"interaction":{"idSuffix":"BDI-content"}},"wdio_ui5_key":"etmportal.ui.managestatesandperformance.view.Detailsap.m.Button{\"path\":\"\",\"propertyPath\":\"/allowAddEdit\",\"modelName\":\"oScreenModel\"}"}]}
RESULT: undefined
COMMAND: POST /session/324496234919104d937ca92dc3ef2aab/element - {"using":"xpath","value":"//*[@id=\"__button576\"]"}
RESULT: {"using":"xpath","value":"//*[@id=\"__button576\"]"}
COMMAND: POST /session/324496234919104d937ca92dc3ef2aab/element/f.350099D233706A5CE962F884DCED375A.d.B29955FFE18DEE4F6C23DBAC860225E9.e.13092/click - {}
RESULT: {}
RESULT: undefined
COMMAND: POST /session/324496234919104d937ca92dc3ef2aab/element - {"using":"xpath","value":"//*[@id=\"__button569\"]"}
COMMAND: GET /session/324496234919104d937ca92dc3ef2aab/screenshot - {}
RESULT: {"using":"xpath","value":"//*[@id=\"__button569\"]"}
COMMAND: POST /session/324496234919104d937ca92dc3ef2aab/element/f.350099D233706A5CE962F884DCED375A.d.B29955FFE18DEE4F6C23DBAC860225E9.e.13071/click - {}
RESULT: {}
RESULT: {}
RESULT: undefined
COMMAND: POST /session/324496234919104d937ca92dc3ef2aab/execute/async - {"script":"<script> [776 bytes]","args":[{"enterText":"5/29/25","selector":{"id":"application-managestatesandperformance-display-component---detailStateAndPerform--perfDocDatePicker","searchOpenDialogs":true,"interaction":{"idSuffix":"inner"}},"clearTextFirst":true,"interactionType":"ENTER_TEXT"}]}
COMMAND: GET /session/324496234919104d937ca92dc3ef2aab/screenshot - {}
RESULT: {"script":"<script> [776 bytes]","args":[{"enterText":"5/29/25","selector":{"id":"application-managestatesandperformance-display-component---detailStateAndPerform--perfDocDatePicker","searchOpenDialogs":true,"interaction":{"idSuffix":"inner"}},"clearTextFirst":true,"interactionType":"ENTER_TEXT"}]}
RESULT: undefined
COMMAND: POST /session/324496234919104d937ca92dc3ef2aab/execute/async - {"script":"<script> [776 bytes]","args":[{"enterText":"20.00","selector":{"id":"application-managestatesandperformance-display-component---detailStateAndPerform--counterValue-input","searchOpenDialogs":true,"interaction":{"idSuffix":"inner"}},"clearTextFirst":true,"interactionType":"ENTER_TEXT"}]}
RESULT: {}
RESULT: {"script":"<script> [776 bytes]","args":[{"enterText":"20.00","selector":{"id":"application-managestatesandperformance-display-component---detailStateAndPerform--counterValue-input","searchOpenDialogs":true,"interaction":{"idSuffix":"inner"}},"clearTextFirst":true,"interactionType":"ENTER_TEXT"}]}
COMMAND: POST /session/324496234919104d937ca92dc3ef2aab/actions - {"actions":[{"id":"action48","type":"key","parameters":{},"actions":[{"type":"keyDown","value":""},{"type":"keyDown","value":""},{"type":"pause","duration":10},{"type":"keyUp","value":""},{"type":"keyUp","value":""}]}]}
RESULT: {"actions":[{"id":"action48","type":"key","parameters":{},"actions":[{"type":"keyDown","value":""},{"type":"keyDown","value":""},{"type":"pause","duration":10},{"type":"keyUp","value":""},{"type":"keyUp","value":""}]}]}
COMMAND: POST /session/324496234919104d937ca92dc3ef2aab/actions - {"actions":[{"id":"action49","type":"key","parameters":{},"actions":[{"type":"keyDown","value":""},{"type":"pause","duration":10},{"type":"keyUp","value":""}]}]}
COMMAND: GET /session/324496234919104d937ca92dc3ef2aab/screenshot - {}
RESULT: {"actions":[{"id":"action49","type":"key","parameters":{},"actions":[{"type":"keyDown","value":""},{"type":"pause","duration":10},{"type":"keyUp","value":""}]}]}
RESULT: undefined
COMMAND: POST /session/324496234919104d937ca92dc3ef2aab/element - {"using":"xpath","value":"//*[@id=\"__button576\"]"}
COMMAND: GET /session/324496234919104d937ca92dc3ef2aab/screenshot - {}
RESULT: {}
RESULT: {"using":"xpath","value":"//*[@id=\"__button576\"]"}
COMMAND: POST /session/324496234919104d937ca92dc3ef2aab/elements - {"using":"xpath","value":"//*[@id=\"__button576\"]"}
RESULT: {}
RESULT: {"using":"xpath","value":"//*[@id=\"__button576\"]"}
COMMAND: POST /session/324496234919104d937ca92dc3ef2aab/elements - {"using":"xpath","value":"//*[@id=\"__button576\"]"}
RESULT: {"using":"xpath","value":"//*[@id=\"__button576\"]"}
COMMAND: POST /session/324496234919104d937ca92dc3ef2aab/elements - {"using":"xpath","value":"//*[@id=\"__button576\"]"}
RESULT: {"using":"xpath","value":"//*[@id=\"__button576\"]"}
COMMAND: POST /session/324496234919104d937ca92dc3ef2aab/elements - {"using":"xpath","value":"//*[@id=\"__button576\"]"}
RESULT: {"using":"xpath","value":"//*[@id=\"__button576\"]"}
COMMAND: POST /session/324496234919104d937ca92dc3ef2aab/elements - {"using":"xpath","value":"//*[@id=\"__button576\"]"}
RESULT: {"using":"xpath","value":"//*[@id=\"__button576\"]"}
COMMAND: POST /session/324496234919104d937ca92dc3ef2aab/elements - {"using":"xpath","value":"//*[@id=\"__button576\"]"}
RESULT: {"using":"xpath","value":"//*[@id=\"__button576\"]"}
COMMAND: POST /session/324496234919104d937ca92dc3ef2aab/elements - {"using":"xpath","value":"//*[@id=\"__button576\"]"}
RESULT: {"using":"xpath","value":"//*[@id=\"__button576\"]"}
COMMAND: POST /session/324496234919104d937ca92dc3ef2aab/elements - {"using":"xpath","value":"//*[@id=\"__button576\"]"}
RESULT: {"using":"xpath","value":"//*[@id=\"__button576\"]"}
COMMAND: POST /session/324496234919104d937ca92dc3ef2aab/elements - {"using":"xpath","value":"//*[@id=\"__button576\"]"}
RESULT: {"using":"xpath","value":"//*[@id=\"__button576\"]"}
COMMAND: POST /session/324496234919104d937ca92dc3ef2aab/elements - {"using":"xpath","value":"//*[@id=\"__button576\"]"}
RESULT: {"using":"xpath","value":"//*[@id=\"__button576\"]"}
COMMAND: POST /session/324496234919104d937ca92dc3ef2aab/elements - {"using":"xpath","value":"//*[@id=\"__button576\"]"}
RESULT: {"using":"xpath","value":"//*[@id=\"__button576\"]"}
COMMAND: POST /session/324496234919104d937ca92dc3ef2aab/elements - {"using":"xpath","value":"//*[@id=\"__button576\"]"}
RESULT: {"using":"xpath","value":"//*[@id=\"__button576\"]"}
COMMAND: POST /session/324496234919104d937ca92dc3ef2aab/elements - {"using":"xpath","value":"//*[@id=\"__button576\"]"}
RESULT: {"using":"xpath","value":"//*[@id=\"__button576\"]"}
COMMAND: POST /session/324496234919104d937ca92dc3ef2aab/elements - {"using":"xpath","value":"//*[@id=\"__button576\"]"}
RESULT: {"using":"xpath","value":"//*[@id=\"__button576\"]"}
COMMAND: POST /session/324496234919104d937ca92dc3ef2aab/elements - {"using":"xpath","value":"//*[@id=\"__button576\"]"}
RESULT: {"using":"xpath","value":"//*[@id=\"__button576\"]"}
COMMAND: POST /session/324496234919104d937ca92dc3ef2aab/elements - {"using":"xpath","value":"//*[@id=\"__button576\"]"}
RESULT: {"using":"xpath","value":"//*[@id=\"__button576\"]"}
COMMAND: POST /session/324496234919104d937ca92dc3ef2aab/elements - {"using":"xpath","value":"//*[@id=\"__button576\"]"}
RESULT: {"using":"xpath","value":"//*[@id=\"__button576\"]"}
COMMAND: POST /session/324496234919104d937ca92dc3ef2aab/elements - {"using":"xpath","value":"//*[@id=\"__button576\"]"}
RESULT: {"using":"xpath","value":"//*[@id=\"__button576\"]"}
COMMAND: POST /session/324496234919104d937ca92dc3ef2aab/elements - {"using":"xpath","value":"//*[@id=\"__button576\"]"}
RESULT: {"using":"xpath","value":"//*[@id=\"__button576\"]"}
COMMAND: POST /session/324496234919104d937ca92dc3ef2aab/elements - {"using":"xpath","value":"//*[@id=\"__button576\"]"}
RESULT: {"using":"xpath","value":"//*[@id=\"__button576\"]"}
COMMAND: POST /session/324496234919104d937ca92dc3ef2aab/elements - {"using":"xpath","value":"//*[@id=\"__button576\"]"}
RESULT: {"using":"xpath","value":"//*[@id=\"__button576\"]"}
COMMAND: POST /session/324496234919104d937ca92dc3ef2aab/elements - {"using":"xpath","value":"//*[@id=\"__button576\"]"}
RESULT: {"using":"xpath","value":"//*[@id=\"__button576\"]"}
COMMAND: POST /session/324496234919104d937ca92dc3ef2aab/elements - {"using":"xpath","value":"//*[@id=\"__button576\"]"}
RESULT: {"using":"xpath","value":"//*[@id=\"__button576\"]"}
COMMAND: POST /session/324496234919104d937ca92dc3ef2aab/elements - {"using":"xpath","value":"//*[@id=\"__button576\"]"}
RESULT: {"using":"xpath","value":"//*[@id=\"__button576\"]"}
COMMAND: POST /session/324496234919104d937ca92dc3ef2aab/elements - {"using":"xpath","value":"//*[@id=\"__button576\"]"}
RESULT: {"using":"xpath","value":"//*[@id=\"__button576\"]"}
COMMAND: POST /session/324496234919104d937ca92dc3ef2aab/elements - {"using":"xpath","value":"//*[@id=\"__button576\"]"}
RESULT: {"using":"xpath","value":"//*[@id=\"__button576\"]"}
COMMAND: POST /session/324496234919104d937ca92dc3ef2aab/elements - {"using":"xpath","value":"//*[@id=\"__button576\"]"}
RESULT: {"using":"xpath","value":"//*[@id=\"__button576\"]"}
COMMAND: POST /session/324496234919104d937ca92dc3ef2aab/elements - {"using":"xpath","value":"//*[@id=\"__button576\"]"}
RESULT: {"using":"xpath","value":"//*[@id=\"__button576\"]"}
COMMAND: POST /session/324496234919104d937ca92dc3ef2aab/elements - {"using":"xpath","value":"//*[@id=\"__button576\"]"}
RESULT: {"using":"xpath","value":"//*[@id=\"__button576\"]"}
COMMAND: POST /session/324496234919104d937ca92dc3ef2aab/elements - {"using":"xpath","value":"//*[@id=\"__button576\"]"}
RESULT: {"using":"xpath","value":"//*[@id=\"__button576\"]"}
COMMAND: POST /session/324496234919104d937ca92dc3ef2aab/elements - {"using":"xpath","value":"//*[@id=\"__button576\"]"}
RESULT: {"using":"xpath","value":"//*[@id=\"__button576\"]"}
COMMAND: POST /session/324496234919104d937ca92dc3ef2aab/elements - {"using":"xpath","value":"//*[@id=\"__button576\"]"}
RESULT: {"using":"xpath","value":"//*[@id=\"__button576\"]"}
COMMAND: POST /session/324496234919104d937ca92dc3ef2aab/elements - {"using":"xpath","value":"//*[@id=\"__button576\"]"}
RESULT: {"using":"xpath","value":"//*[@id=\"__button576\"]"}
COMMAND: POST /session/324496234919104d937ca92dc3ef2aab/elements - {"using":"xpath","value":"//*[@id=\"__button576\"]"}
RESULT: {"using":"xpath","value":"//*[@id=\"__button576\"]"}
COMMAND: POST /session/324496234919104d937ca92dc3ef2aab/elements - {"using":"xpath","value":"//*[@id=\"__button576\"]"}
RESULT: {"using":"xpath","value":"//*[@id=\"__button576\"]"}
COMMAND: POST /session/324496234919104d937ca92dc3ef2aab/elements - {"using":"xpath","value":"//*[@id=\"__button576\"]"}
RESULT: {"using":"xpath","value":"//*[@id=\"__button576\"]"}
COMMAND: POST /session/324496234919104d937ca92dc3ef2aab/elements - {"using":"xpath","value":"//*[@id=\"__button576\"]"}
RESULT: {"using":"xpath","value":"//*[@id=\"__button576\"]"}
COMMAND: POST /session/324496234919104d937ca92dc3ef2aab/elements - {"using":"xpath","value":"//*[@id=\"__button576\"]"}
RESULT: {"using":"xpath","value":"//*[@id=\"__button576\"]"}
COMMAND: POST /session/324496234919104d937ca92dc3ef2aab/elements - {"using":"xpath","value":"//*[@id=\"__button576\"]"}
RESULT: {"using":"xpath","value":"//*[@id=\"__button576\"]"}
COMMAND: POST /session/324496234919104d937ca92dc3ef2aab/elements - {"using":"xpath","value":"//*[@id=\"__button576\"]"}
RESULT: {"using":"xpath","value":"//*[@id=\"__button576\"]"}
COMMAND: POST /session/324496234919104d937ca92dc3ef2aab/elements - {"using":"xpath","value":"//*[@id=\"__button576\"]"}
RESULT: {"using":"xpath","value":"//*[@id=\"__button576\"]"}
COMMAND: POST /session/324496234919104d937ca92dc3ef2aab/elements - {"using":"xpath","value":"//*[@id=\"__button576\"]"}
RESULT: {"using":"xpath","value":"//*[@id=\"__button576\"]"}
COMMAND: POST /session/324496234919104d937ca92dc3ef2aab/elements - {"using":"xpath","value":"//*[@id=\"__button576\"]"}
RESULT: {"using":"xpath","value":"//*[@id=\"__button576\"]"}
COMMAND: POST /session/324496234919104d937ca92dc3ef2aab/elements - {"using":"xpath","value":"//*[@id=\"__button576\"]"}
RESULT: {"using":"xpath","value":"//*[@id=\"__button576\"]"}
COMMAND: POST /session/324496234919104d937ca92dc3ef2aab/elements - {"using":"xpath","value":"//*[@id=\"__button576\"]"}
RESULT: {"using":"xpath","value":"//*[@id=\"__button576\"]"}
COMMAND: POST /session/324496234919104d937ca92dc3ef2aab/elements - {"using":"xpath","value":"//*[@id=\"__button576\"]"}
RESULT: {"using":"xpath","value":"//*[@id=\"__button576\"]"}
COMMAND: POST /session/324496234919104d937ca92dc3ef2aab/elements - {"using":"xpath","value":"//*[@id=\"__button576\"]"}
RESULT: {"using":"xpath","value":"//*[@id=\"__button576\"]"}
COMMAND: POST /session/324496234919104d937ca92dc3ef2aab/elements - {"using":"xpath","value":"//*[@id=\"__button576\"]"}
RESULT: {"using":"xpath","value":"//*[@id=\"__button576\"]"}
COMMAND: POST /session/324496234919104d937ca92dc3ef2aab/elements - {"using":"xpath","value":"//*[@id=\"__button576\"]"}
RESULT: {"using":"xpath","value":"//*[@id=\"__button576\"]"}
COMMAND: POST /session/324496234919104d937ca92dc3ef2aab/elements - {"using":"xpath","value":"//*[@id=\"__button576\"]"}
RESULT: {"using":"xpath","value":"//*[@id=\"__button576\"]"}
COMMAND: POST /session/324496234919104d937ca92dc3ef2aab/elements - {"using":"xpath","value":"//*[@id=\"__button576\"]"}
RESULT: {"using":"xpath","value":"//*[@id=\"__button576\"]"}
COMMAND: POST /session/324496234919104d937ca92dc3ef2aab/elements - {"using":"xpath","value":"//*[@id=\"__button576\"]"}
RESULT: {"using":"xpath","value":"//*[@id=\"__button576\"]"}
COMMAND: POST /session/324496234919104d937ca92dc3ef2aab/elements - {"using":"xpath","value":"//*[@id=\"__button576\"]"}
RESULT: {"using":"xpath","value":"//*[@id=\"__button576\"]"}
COMMAND: POST /session/324496234919104d937ca92dc3ef2aab/elements - {"using":"xpath","value":"//*[@id=\"__button576\"]"}
RESULT: {"using":"xpath","value":"//*[@id=\"__button576\"]"}
COMMAND: POST /session/324496234919104d937ca92dc3ef2aab/elements - {"using":"xpath","value":"//*[@id=\"__button576\"]"}
RESULT: {"using":"xpath","value":"//*[@id=\"__button576\"]"}
COMMAND: POST /session/324496234919104d937ca92dc3ef2aab/elements - {"using":"xpath","value":"//*[@id=\"__button576\"]"}
RESULT: {"using":"xpath","value":"//*[@id=\"__button576\"]"}
COMMAND: POST /session/324496234919104d937ca92dc3ef2aab/elements - {"using":"xpath","value":"//*[@id=\"__button576\"]"}
RESULT: {"using":"xpath","value":"//*[@id=\"__button576\"]"}
COMMAND: POST /session/324496234919104d937ca92dc3ef2aab/elements - {"using":"xpath","value":"//*[@id=\"__button576\"]"}
RESULT: {"using":"xpath","value":"//*[@id=\"__button576\"]"}
COMMAND: POST /session/324496234919104d937ca92dc3ef2aab/elements - {"using":"xpath","value":"//*[@id=\"__button576\"]"}
RESULT: {"using":"xpath","value":"//*[@id=\"__button576\"]"}
COMMAND: POST /session/324496234919104d937ca92dc3ef2aab/elements - {"using":"xpath","value":"//*[@id=\"__button576\"]"}
RESULT: {"using":"xpath","value":"//*[@id=\"__button576\"]"}
COMMAND: POST /session/324496234919104d937ca92dc3ef2aab/elements - {"using":"xpath","value":"//*[@id=\"__button576\"]"}
RESULT: {"using":"xpath","value":"//*[@id=\"__button576\"]"}
COMMAND: POST /session/324496234919104d937ca92dc3ef2aab/elements - {"using":"xpath","value":"//*[@id=\"__button576\"]"}
RESULT: {"using":"xpath","value":"//*[@id=\"__button576\"]"}
COMMAND: POST /session/324496234919104d937ca92dc3ef2aab/elements - {"using":"xpath","value":"//*[@id=\"__button576\"]"}
RESULT: {"using":"xpath","value":"//*[@id=\"__button576\"]"}
COMMAND: POST /session/324496234919104d937ca92dc3ef2aab/elements - {"using":"xpath","value":"//*[@id=\"__button576\"]"}
RESULT: {"using":"xpath","value":"//*[@id=\"__button576\"]"}
COMMAND: POST /session/324496234919104d937ca92dc3ef2aab/elements - {"using":"xpath","value":"//*[@id=\"__button576\"]"}
RESULT: {"using":"xpath","value":"//*[@id=\"__button576\"]"}
COMMAND: POST /session/324496234919104d937ca92dc3ef2aab/elements - {"using":"xpath","value":"//*[@id=\"__button576\"]"}
RESULT: {"using":"xpath","value":"//*[@id=\"__button576\"]"}
COMMAND: POST /session/324496234919104d937ca92dc3ef2aab/elements - {"using":"xpath","value":"//*[@id=\"__button576\"]"}
RESULT: {"using":"xpath","value":"//*[@id=\"__button576\"]"}
COMMAND: POST /session/324496234919104d937ca92dc3ef2aab/elements - {"using":"xpath","value":"//*[@id=\"__button576\"]"}
RESULT: {"using":"xpath","value":"//*[@id=\"__button576\"]"}
COMMAND: POST /session/324496234919104d937ca92dc3ef2aab/elements - {"using":"xpath","value":"//*[@id=\"__button576\"]"}
RESULT: {"using":"xpath","value":"//*[@id=\"__button576\"]"}
COMMAND: POST /session/324496234919104d937ca92dc3ef2aab/elements - {"using":"xpath","value":"//*[@id=\"__button576\"]"}
RESULT: {"using":"xpath","value":"//*[@id=\"__button576\"]"}
COMMAND: POST /session/324496234919104d937ca92dc3ef2aab/elements - {"using":"xpath","value":"//*[@id=\"__button576\"]"}
RESULT: {"using":"xpath","value":"//*[@id=\"__button576\"]"}
COMMAND: POST /session/324496234919104d937ca92dc3ef2aab/elements - {"using":"xpath","value":"//*[@id=\"__button576\"]"}
RESULT: {"using":"xpath","value":"//*[@id=\"__button576\"]"}
COMMAND: POST /session/324496234919104d937ca92dc3ef2aab/elements - {"using":"xpath","value":"//*[@id=\"__button576\"]"}
RESULT: {"using":"xpath","value":"//*[@id=\"__button576\"]"}
COMMAND: POST /session/324496234919104d937ca92dc3ef2aab/elements - {"using":"xpath","value":"//*[@id=\"__button576\"]"}
RESULT: {"using":"xpath","value":"//*[@id=\"__button576\"]"}
COMMAND: POST /session/324496234919104d937ca92dc3ef2aab/elements - {"using":"xpath","value":"//*[@id=\"__button576\"]"}
RESULT: {"using":"xpath","value":"//*[@id=\"__button576\"]"}
COMMAND: POST /session/324496234919104d937ca92dc3ef2aab/elements - {"using":"xpath","value":"//*[@id=\"__button576\"]"}
RESULT: {"using":"xpath","value":"//*[@id=\"__button576\"]"}
COMMAND: POST /session/324496234919104d937ca92dc3ef2aab/elements - {"using":"xpath","value":"//*[@id=\"__button576\"]"}
RESULT: {"using":"xpath","value":"//*[@id=\"__button576\"]"}
COMMAND: POST /session/324496234919104d937ca92dc3ef2aab/elements - {"using":"xpath","value":"//*[@id=\"__button576\"]"}
RESULT: {"using":"xpath","value":"//*[@id=\"__button576\"]"}
COMMAND: POST /session/324496234919104d937ca92dc3ef2aab/elements - {"using":"xpath","value":"//*[@id=\"__button576\"]"}
RESULT: {"using":"xpath","value":"//*[@id=\"__button576\"]"}
COMMAND: POST /session/324496234919104d937ca92dc3ef2aab/elements - {"using":"xpath","value":"//*[@id=\"__button576\"]"}
RESULT: {"using":"xpath","value":"//*[@id=\"__button576\"]"}
COMMAND: POST /session/324496234919104d937ca92dc3ef2aab/elements - {"using":"xpath","value":"//*[@id=\"__button576\"]"}
RESULT: {"using":"xpath","value":"//*[@id=\"__button576\"]"}
COMMAND: POST /session/324496234919104d937ca92dc3ef2aab/elements - {"using":"xpath","value":"//*[@id=\"__button576\"]"}
RESULT: {"using":"xpath","value":"//*[@id=\"__button576\"]"}
COMMAND: POST /session/324496234919104d937ca92dc3ef2aab/elements - {"using":"xpath","value":"//*[@id=\"__button576\"]"}
RESULT: {"using":"xpath","value":"//*[@id=\"__button576\"]"}
COMMAND: POST /session/324496234919104d937ca92dc3ef2aab/elements - {"using":"xpath","value":"//*[@id=\"__button576\"]"}
RESULT: {"using":"xpath","value":"//*[@id=\"__button576\"]"}
COMMAND: POST /session/324496234919104d937ca92dc3ef2aab/elements - {"using":"xpath","value":"//*[@id=\"__button576\"]"}
RESULT: {"using":"xpath","value":"//*[@id=\"__button576\"]"}
COMMAND: POST /session/324496234919104d937ca92dc3ef2aab/elements - {"using":"xpath","value":"//*[@id=\"__button576\"]"}
RESULT: {"using":"xpath","value":"//*[@id=\"__button576\"]"}
COMMAND: POST /session/324496234919104d937ca92dc3ef2aab/elements - {"using":"xpath","value":"//*[@id=\"__button576\"]"}
RESULT: {"using":"xpath","value":"//*[@id=\"__button576\"]"}
COMMAND: POST /session/324496234919104d937ca92dc3ef2aab/elements - {"using":"xpath","value":"//*[@id=\"__button576\"]"}
RESULT: {"using":"xpath","value":"//*[@id=\"__button576\"]"}
COMMAND: POST /session/324496234919104d937ca92dc3ef2aab/elements - {"using":"xpath","value":"//*[@id=\"__button576\"]"}
RESULT: {"using":"xpath","value":"//*[@id=\"__button576\"]"}
COMMAND: POST /session/324496234919104d937ca92dc3ef2aab/elements - {"using":"xpath","value":"//*[@id=\"__button576\"]"}
RESULT: {"using":"xpath","value":"//*[@id=\"__button576\"]"}
COMMAND: POST /session/324496234919104d937ca92dc3ef2aab/elements - {"using":"xpath","value":"//*[@id=\"__button576\"]"}
RESULT: {"using":"xpath","value":"//*[@id=\"__button576\"]"}
COMMAND: POST /session/324496234919104d937ca92dc3ef2aab/elements - {"using":"xpath","value":"//*[@id=\"__button576\"]"}
RESULT: {"using":"xpath","value":"//*[@id=\"__button576\"]"}
COMMAND: POST /session/324496234919104d937ca92dc3ef2aab/elements - {"using":"xpath","value":"//*[@id=\"__button576\"]"}
RESULT: {"using":"xpath","value":"//*[@id=\"__button576\"]"}
COMMAND: POST /session/324496234919104d937ca92dc3ef2aab/elements - {"using":"xpath","value":"//*[@id=\"__button576\"]"}
RESULT: {"using":"xpath","value":"//*[@id=\"__button576\"]"}
COMMAND: POST /session/324496234919104d937ca92dc3ef2aab/elements - {"using":"xpath","value":"//*[@id=\"__button576\"]"}
RESULT: {"using":"xpath","value":"//*[@id=\"__button576\"]"}
COMMAND: POST /session/324496234919104d937ca92dc3ef2aab/elements - {"using":"xpath","value":"//*[@id=\"__button576\"]"}
RESULT: {"using":"xpath","value":"//*[@id=\"__button576\"]"}
COMMAND: POST /session/324496234919104d937ca92dc3ef2aab/elements - {"using":"xpath","value":"//*[@id=\"__button576\"]"}
RESULT: {"using":"xpath","value":"//*[@id=\"__button576\"]"}
COMMAND: POST /session/324496234919104d937ca92dc3ef2aab/elements - {"using":"xpath","value":"//*[@id=\"__button576\"]"}
RESULT: {"using":"xpath","value":"//*[@id=\"__button576\"]"}
COMMAND: POST /session/324496234919104d937ca92dc3ef2aab/elements - {"using":"xpath","value":"//*[@id=\"__button576\"]"}
RESULT: {"using":"xpath","value":"//*[@id=\"__button576\"]"}
COMMAND: POST /session/324496234919104d937ca92dc3ef2aab/elements - {"using":"xpath","value":"//*[@id=\"__button576\"]"}
RESULT: {"using":"xpath","value":"//*[@id=\"__button576\"]"}
COMMAND: POST /session/324496234919104d937ca92dc3ef2aab/elements - {"using":"xpath","value":"//*[@id=\"__button576\"]"}
RESULT: {"using":"xpath","value":"//*[@id=\"__button576\"]"}
COMMAND: POST /session/324496234919104d937ca92dc3ef2aab/elements - {"using":"xpath","value":"//*[@id=\"__button576\"]"}
RESULT: {"using":"xpath","value":"//*[@id=\"__button576\"]"}
COMMAND: POST /session/324496234919104d937ca92dc3ef2aab/elements - {"using":"xpath","value":"//*[@id=\"__button576\"]"}
RESULT: {"using":"xpath","value":"//*[@id=\"__button576\"]"}
COMMAND: POST /session/324496234919104d937ca92dc3ef2aab/elements - {"using":"xpath","value":"//*[@id=\"__button576\"]"}
RESULT: {"using":"xpath","value":"//*[@id=\"__button576\"]"}
COMMAND: POST /session/324496234919104d937ca92dc3ef2aab/elements - {"using":"xpath","value":"//*[@id=\"__button576\"]"}
RESULT: {"using":"xpath","value":"//*[@id=\"__button576\"]"}
COMMAND: POST /session/324496234919104d937ca92dc3ef2aab/elements - {"using":"xpath","value":"//*[@id=\"__button576\"]"}
RESULT: {"using":"xpath","value":"//*[@id=\"__button576\"]"}
COMMAND: POST /session/324496234919104d937ca92dc3ef2aab/elements - {"using":"xpath","value":"//*[@id=\"__button576\"]"}
RESULT: {"using":"xpath","value":"//*[@id=\"__button576\"]"}
COMMAND: POST /session/324496234919104d937ca92dc3ef2aab/elements - {"using":"xpath","value":"//*[@id=\"__button576\"]"}
RESULT: {"using":"xpath","value":"//*[@id=\"__button576\"]"}
COMMAND: POST /session/324496234919104d937ca92dc3ef2aab/elements - {"using":"xpath","value":"//*[@id=\"__button576\"]"}
RESULT: {"using":"xpath","value":"//*[@id=\"__button576\"]"}
COMMAND: POST /session/324496234919104d937ca92dc3ef2aab/elements - {"using":"xpath","value":"//*[@id=\"__button576\"]"}
RESULT: {"using":"xpath","value":"//*[@id=\"__button576\"]"}
COMMAND: POST /session/324496234919104d937ca92dc3ef2aab/elements - {"using":"xpath","value":"//*[@id=\"__button576\"]"}
RESULT: {"using":"xpath","value":"//*[@id=\"__button576\"]"}
COMMAND: POST /session/324496234919104d937ca92dc3ef2aab/elements - {"using":"xpath","value":"//*[@id=\"__button576\"]"}
RESULT: {"using":"xpath","value":"//*[@id=\"__button576\"]"}
COMMAND: POST /session/324496234919104d937ca92dc3ef2aab/elements - {"using":"xpath","value":"//*[@id=\"__button576\"]"}
RESULT: {"using":"xpath","value":"//*[@id=\"__button576\"]"}
COMMAND: POST /session/324496234919104d937ca92dc3ef2aab/elements - {"using":"xpath","value":"//*[@id=\"__button576\"]"}
RESULT: {"using":"xpath","value":"//*[@id=\"__button576\"]"}
COMMAND: POST /session/324496234919104d937ca92dc3ef2aab/elements - {"using":"xpath","value":"//*[@id=\"__button576\"]"}
RESULT: {"using":"xpath","value":"//*[@id=\"__button576\"]"}
COMMAND: POST /session/324496234919104d937ca92dc3ef2aab/elements - {"using":"xpath","value":"//*[@id=\"__button576\"]"}
RESULT: {"using":"xpath","value":"//*[@id=\"__button576\"]"}
COMMAND: POST /session/324496234919104d937ca92dc3ef2aab/elements - {"using":"xpath","value":"//*[@id=\"__button576\"]"}
RESULT: {"using":"xpath","value":"//*[@id=\"__button576\"]"}
COMMAND: POST /session/324496234919104d937ca92dc3ef2aab/elements - {"using":"xpath","value":"//*[@id=\"__button576\"]"}
RESULT: {"using":"xpath","value":"//*[@id=\"__button576\"]"}
COMMAND: POST /session/324496234919104d937ca92dc3ef2aab/elements - {"using":"xpath","value":"//*[@id=\"__button576\"]"}
RESULT: {"using":"xpath","value":"//*[@id=\"__button576\"]"}
COMMAND: POST /session/324496234919104d937ca92dc3ef2aab/elements - {"using":"xpath","value":"//*[@id=\"__button576\"]"}
RESULT: {"using":"xpath","value":"//*[@id=\"__button576\"]"}
COMMAND: POST /session/324496234919104d937ca92dc3ef2aab/elements - {"using":"xpath","value":"//*[@id=\"__button576\"]"}
COMMAND: POST /session/324496234919104d937ca92dc3ef2aab/element - {"using":"css selector","value":"#shell-header-logo"}
RESULT: {"using":"xpath","value":"//*[@id=\"__button576\"]"}
RESULT: {"using":"css selector","value":"#shell-header-logo"}
COMMAND: POST /session/324496234919104d937ca92dc3ef2aab/execute/sync - {"script":"<script> [8489 bytes]","args":[{"element-6066-11e4-a52e-4f735466cecf":"f.350099D233706A5CE962F884DCED375A.d.B29955FFE18DEE4F6C23DBAC860225E9.e.12919","ELEMENT":"f.350099D233706A5CE962F884DCED375A.d.B29955FFE18DEE4F6C23DBAC860225E9.e.12919"}]}
RESULT: {"script":"<script> [8489 bytes]","args":[{"element-6066-11e4-a52e-4f735466cecf":"f.350099D233706A5CE962F884DCED375A.d.B29955FFE18DEE4F6C23DBAC860225E9.e.12919","ELEMENT":"f.350099D233706A5CE962F884DCED375A.d.B29955FFE18DEE4F6C23DBAC860225E9.e.12919"}]}
COMMAND: POST /session/324496234919104d937ca92dc3ef2aab/execute/sync - {"script":"<script> [5351 bytes]","args":[{"element-6066-11e4-a52e-4f735466cecf":"f.350099D233706A5CE962F884DCED375A.d.B29955FFE18DEE4F6C23DBAC860225E9.e.12919","ELEMENT":"f.350099D233706A5CE962F884DCED375A.d.B29955FFE18DEE4F6C23DBAC860225E9.e.12919"}]}
COMMAND: GET /session/324496234919104d937ca92dc3ef2aab/screenshot - {}
RESULT: {"script":"<script> [5351 bytes]","args":[{"element-6066-11e4-a52e-4f735466cecf":"f.350099D233706A5CE962F884DCED375A.d.B29955FFE18DEE4F6C23DBAC860225E9.e.12919","ELEMENT":"f.350099D233706A5CE962F884DCED375A.d.B29955FFE18DEE4F6C23DBAC860225E9.e.12919"}]}
COMMAND: POST /session/324496234919104d937ca92dc3ef2aab/element/f.350099D233706A5CE962F884DCED375A.d.B29955FFE18DEE4F6C23DBAC860225E9.e.12919/click - {}
COMMAND: GET /session/324496234919104d937ca92dc3ef2aab/screenshot - {}
RESULT: {}
RESULT: {}
COMMAND: GET /session/324496234919104d937ca92dc3ef2aab/screenshot - {}
]]></system-out>
    </testcase>
    <testcase classname="chrome.136_0_7103_93.windows.Create_master_data_for_mixed_billing_&amp;_do_billing_calculation_US151661" name="Should go to Manage Billings and trigger calculation check the conditions applied" time="64.926">
      <system-out><![CDATA[
COMMAND: POST /session/324496234919104d937ca92dc3ef2aab/execute/async - {"script":"<script> [1562 bytes]","args":[{"selector":{"controlType":"sap.m.GenericTile","properties":{"header":"Manage Billings"}},"wdio_ui5_key":"sapm.GenericTile{\"header\":\"Manage Billings\"}"}]}
RESULT: {}
RESULT: {}
RESULT: {"script":"<script> [1562 bytes]","args":[{"selector":{"controlType":"sap.m.GenericTile","properties":{"header":"Manage Billings"}},"wdio_ui5_key":"sapm.GenericTile{\"header\":\"Manage Billings\"}"}]}
RESULT: undefined
COMMAND: POST /session/324496234919104d937ca92dc3ef2aab/element - {"using":"xpath","value":"//*[@id=\"__tile51\"]"}
RESULT: {"using":"xpath","value":"//*[@id=\"__tile51\"]"}
COMMAND: POST /session/324496234919104d937ca92dc3ef2aab/element/f.350099D233706A5CE962F884DCED375A.d.B29955FFE18DEE4F6C23DBAC860225E9.e.6355/click - {}
RESULT: {}
COMMAND: GET /session/324496234919104d937ca92dc3ef2aab/screenshot - {}
COMMAND: POST /session/324496234919104d937ca92dc3ef2aab/elements - {"using":"xpath","value":"//span[text()='Error']"}
RESULT: {}
RESULT: {"using":"xpath","value":"//span[text()='Error']"}
COMMAND: POST /session/324496234919104d937ca92dc3ef2aab/execute/async - {"script":"<script> [1562 bytes]","args":[{"selector":{"id":"application-managebillings-display-component---billRunCalcResult--smartFilterBar-btnBasicSearch","interaction":{"idSuffix":"I"}},"wdio_ui5_key":"applicationmanagebillings-display-component---billRunCalcResult--smartFilterBar-btnBasicSearch"}]}
RESULT: {"script":"<script> [1562 bytes]","args":[{"selector":{"id":"application-managebillings-display-component---billRunCalcResult--smartFilterBar-btnBasicSearch","interaction":{"idSuffix":"I"}},"wdio_ui5_key":"applicationmanagebillings-display-component---billRunCalcResult--smartFilterBar-btnBasicSearch"}]}
RESULT: undefined
COMMAND: POST /session/324496234919104d937ca92dc3ef2aab/execute/async - {"script":"<script> [776 bytes]","args":[{"enterText":"10169","selector":{"id":"application-managebillings-display-component---billRunCalcResult--smartFilterBar-btnBasicSearch","interaction":{"idSuffix":"I"}},"clearTextFirst":true,"interactionType":"ENTER_TEXT"}]}
RESULT: {"script":"<script> [776 bytes]","args":[{"enterText":"10169","selector":{"id":"application-managebillings-display-component---billRunCalcResult--smartFilterBar-btnBasicSearch","interaction":{"idSuffix":"I"}},"clearTextFirst":true,"interactionType":"ENTER_TEXT"}]}
COMMAND: POST /session/324496234919104d937ca92dc3ef2aab/actions - {"actions":[{"id":"action50","type":"key","parameters":{},"actions":[{"type":"keyDown","value":""},{"type":"pause","duration":10},{"type":"keyUp","value":""}]}]}
RESULT: {"actions":[{"id":"action50","type":"key","parameters":{},"actions":[{"type":"keyDown","value":""},{"type":"pause","duration":10},{"type":"keyUp","value":""}]}]}
COMMAND: GET /session/324496234919104d937ca92dc3ef2aab/screenshot - {}
RESULT: {}
COMMAND: POST /session/324496234919104d937ca92dc3ef2aab/element - {"using":"xpath","value":"//td[@aria-colindex=\"1\"]/div/div[contains(@class, \"sapMCbBg\")]"}
RESULT: {"using":"xpath","value":"//td[@aria-colindex=\"1\"]/div/div[contains(@class, \"sapMCbBg\")]"}
COMMAND: POST /session/324496234919104d937ca92dc3ef2aab/element/f.350099D233706A5CE962F884DCED375A.d.B29955FFE18DEE4F6C23DBAC860225E9.e.13314/click - {}
RESULT: {}
COMMAND: GET /session/324496234919104d937ca92dc3ef2aab/screenshot - {}
RESULT: {}
COMMAND: POST /session/324496234919104d937ca92dc3ef2aab/execute/async - {"script":"<script> [1562 bytes]","args":[{"selector":{"id":"application-managebillings-display-component---billRunCalcResult--contractBillRunDate","interaction":{"idSuffix":"inner"}},"wdio_ui5_key":"applicationmanagebillings-display-component---billRunCalcResult--contractBillRunDate"}]}
RESULT: {"script":"<script> [1562 bytes]","args":[{"selector":{"id":"application-managebillings-display-component---billRunCalcResult--contractBillRunDate","interaction":{"idSuffix":"inner"}},"wdio_ui5_key":"applicationmanagebillings-display-component---billRunCalcResult--contractBillRunDate"}]}
RESULT: undefined
COMMAND: POST /session/324496234919104d937ca92dc3ef2aab/execute/async - {"script":"<script> [776 bytes]","args":[{"enterText":"6/23/25","selector":{"id":"application-managebillings-display-component---billRunCalcResult--contractBillRunDate","interaction":{"idSuffix":"inner"}},"clearTextFirst":true,"interactionType":"ENTER_TEXT"}]}
RESULT: {"script":"<script> [776 bytes]","args":[{"enterText":"6/23/25","selector":{"id":"application-managebillings-display-component---billRunCalcResult--contractBillRunDate","interaction":{"idSuffix":"inner"}},"clearTextFirst":true,"interactionType":"ENTER_TEXT"}]}
COMMAND: POST /session/324496234919104d937ca92dc3ef2aab/element - {"using":"xpath","value":"//bdi[contains(text(), \"Trigger Calculation\")]"}
RESULT: {"using":"xpath","value":"//bdi[contains(text(), \"Trigger Calculation\")]"}
COMMAND: POST /session/324496234919104d937ca92dc3ef2aab/element/f.350099D233706A5CE962F884DCED375A.d.B29955FFE18DEE4F6C23DBAC860225E9.e.13334/click - {}
RESULT: {}
COMMAND: GET /session/324496234919104d937ca92dc3ef2aab/screenshot - {}
RESULT: {}
COMMAND: POST /session/324496234919104d937ca92dc3ef2aab/element - {"using":"xpath","value":"(//span[contains(@id, \"imgNav\")])[1]"}
RESULT: {"using":"xpath","value":"(//span[contains(@id, \"imgNav\")])[1]"}
COMMAND: POST /session/324496234919104d937ca92dc3ef2aab/element/f.350099D233706A5CE962F884DCED375A.d.B29955FFE18DEE4F6C23DBAC860225E9.e.13328/click - {}
RESULT: {}
COMMAND: GET /session/324496234919104d937ca92dc3ef2aab/screenshot - {}
RESULT: {}
COMMAND: POST /session/324496234919104d937ca92dc3ef2aab/element - {"using":"xpath","value":"//tr/td[6]/div[1]/span[1]/span[1]"}
RESULT: {"using":"xpath","value":"//tr/td[6]/div[1]/span[1]/span[1]"}
COMMAND: GET /session/324496234919104d937ca92dc3ef2aab/element/f.350099D233706A5CE962F884DCED375A.d.B29955FFE18DEE4F6C23DBAC860225E9.e.13339/text - {}
RESULT: {}
COMMAND: POST /session/324496234919104d937ca92dc3ef2aab/element - {"using":"xpath","value":"(//span[contains(@id, \"imgNav\")])[2]"}
RESULT: {"using":"xpath","value":"(//span[contains(@id, \"imgNav\")])[2]"}
COMMAND: POST /session/324496234919104d937ca92dc3ef2aab/element/f.350099D233706A5CE962F884DCED375A.d.B29955FFE18DEE4F6C23DBAC860225E9.e.13340/click - {}
RESULT: {}
COMMAND: POST /session/324496234919104d937ca92dc3ef2aab/element - {"using":"xpath","value":"//bdi[contains(text(), \"Business Confirm\")]"}
COMMAND: GET /session/324496234919104d937ca92dc3ef2aab/screenshot - {}
RESULT: {"using":"xpath","value":"//bdi[contains(text(), \"Business Confirm\")]"}
COMMAND: POST /session/324496234919104d937ca92dc3ef2aab/elements - {"using":"xpath","value":"//bdi[contains(text(), \"Business Confirm\")]"}
RESULT: {}
RESULT: {"using":"xpath","value":"//bdi[contains(text(), \"Business Confirm\")]"}
COMMAND: POST /session/324496234919104d937ca92dc3ef2aab/elements - {"using":"xpath","value":"//bdi[contains(text(), \"Business Confirm\")]"}
RESULT: {"using":"xpath","value":"//bdi[contains(text(), \"Business Confirm\")]"}
COMMAND: POST /session/324496234919104d937ca92dc3ef2aab/element - {"using":"xpath","value":"//bdi[contains(text(), \"Business Confirm\")]"}
RESULT: {"using":"xpath","value":"//bdi[contains(text(), \"Business Confirm\")]"}
COMMAND: POST /session/324496234919104d937ca92dc3ef2aab/element/f.350099D233706A5CE962F884DCED375A.d.B29955FFE18DEE4F6C23DBAC860225E9.e.13342/click - {}
RESULT: {}
COMMAND: POST /session/324496234919104d937ca92dc3ef2aab/element - {"using":"css selector","value":"#shell-header-logo"}
COMMAND: GET /session/324496234919104d937ca92dc3ef2aab/screenshot - {}
RESULT: {"using":"css selector","value":"#shell-header-logo"}
COMMAND: POST /session/324496234919104d937ca92dc3ef2aab/element/f.350099D233706A5CE962F884DCED375A.d.B29955FFE18DEE4F6C23DBAC860225E9.e.13108/click - {}
RESULT: {}
RESULT: {}
COMMAND: GET /session/324496234919104d937ca92dc3ef2aab/screenshot - {}
RESULT: {}
COMMAND: POST /session/324496234919104d937ca92dc3ef2aab/element - {"using":"css selector","value":"#j_username"}
COMMAND: POST /session/324496234919104d937ca92dc3ef2aab/url - {"url":"https://qa-testing-00-live-etm-ui.cfapps.eu10-004.hana.ondemand.com/"}
RESULT: {"using":"css selector","value":"#j_username"}
COMMAND: POST /session/324496234919104d937ca92dc3ef2aab/element - {"using":"css selector","value":"#j_username"}
RESULT: {"url":"https://qa-testing-00-live-etm-ui.cfapps.eu10-004.hana.ondemand.com/"}
RESULT: undefined
COMMAND: GET /session/324496234919104d937ca92dc3ef2aab/screenshot - {}
RESULT: {"using":"css selector","value":"#j_username"}
COMMAND: POST /session/324496234919104d937ca92dc3ef2aab/element - {"using":"css selector","value":"#shell-header-logo"}
RESULT: {}
RESULT: {"using":"css selector","value":"#shell-header-logo"}
COMMAND: POST /session/324496234919104d937ca92dc3ef2aab/execute/sync - {"script":"<script> [8489 bytes]","args":[{"element-6066-11e4-a52e-4f735466cecf":"f.350099D233706A5CE962F884DCED375A.d.D38E0B52636608292105D7F92D704A5C.e.13431","ELEMENT":"f.350099D233706A5CE962F884DCED375A.d.D38E0B52636608292105D7F92D704A5C.e.13431"}]}
RESULT: {"script":"<script> [8489 bytes]","args":[{"element-6066-11e4-a52e-4f735466cecf":"f.350099D233706A5CE962F884DCED375A.d.D38E0B52636608292105D7F92D704A5C.e.13431","ELEMENT":"f.350099D233706A5CE962F884DCED375A.d.D38E0B52636608292105D7F92D704A5C.e.13431"}]}
COMMAND: POST /session/324496234919104d937ca92dc3ef2aab/element - {"using":"css selector","value":"#shell-header-logo"}
COMMAND: GET /session/324496234919104d937ca92dc3ef2aab/screenshot - {}
RESULT: {"using":"css selector","value":"#shell-header-logo"}
COMMAND: POST /session/324496234919104d937ca92dc3ef2aab/execute/sync - {"script":"<script> [8489 bytes]","args":[{"element-6066-11e4-a52e-4f735466cecf":"f.350099D233706A5CE962F884DCED375A.d.D38E0B52636608292105D7F92D704A5C.e.13431","ELEMENT":"f.350099D233706A5CE962F884DCED375A.d.D38E0B52636608292105D7F92D704A5C.e.13431"}]}
RESULT: {}
RESULT: {"script":"<script> [8489 bytes]","args":[{"element-6066-11e4-a52e-4f735466cecf":"f.350099D233706A5CE962F884DCED375A.d.D38E0B52636608292105D7F92D704A5C.e.13431","ELEMENT":"f.350099D233706A5CE962F884DCED375A.d.D38E0B52636608292105D7F92D704A5C.e.13431"}]}
COMMAND: POST /session/324496234919104d937ca92dc3ef2aab/execute/sync - {"script":"<script> [5351 bytes]","args":[{"element-6066-11e4-a52e-4f735466cecf":"f.350099D233706A5CE962F884DCED375A.d.D38E0B52636608292105D7F92D704A5C.e.13431","ELEMENT":"f.350099D233706A5CE962F884DCED375A.d.D38E0B52636608292105D7F92D704A5C.e.13431"}]}
COMMAND: GET /session/324496234919104d937ca92dc3ef2aab/screenshot - {}
RESULT: {"script":"<script> [5351 bytes]","args":[{"element-6066-11e4-a52e-4f735466cecf":"f.350099D233706A5CE962F884DCED375A.d.D38E0B52636608292105D7F92D704A5C.e.13431","ELEMENT":"f.350099D233706A5CE962F884DCED375A.d.D38E0B52636608292105D7F92D704A5C.e.13431"}]}
COMMAND: POST /session/324496234919104d937ca92dc3ef2aab/element - {"using":"css selector","value":"#shell-header-logo"}
COMMAND: GET /session/324496234919104d937ca92dc3ef2aab/screenshot - {}
RESULT: {}
RESULT: {"using":"css selector","value":"#shell-header-logo"}
COMMAND: POST /session/324496234919104d937ca92dc3ef2aab/element/f.350099D233706A5CE962F884DCED375A.d.D38E0B52636608292105D7F92D704A5C.e.13431/click - {}
RESULT: {}
RESULT: {}
COMMAND: GET /session/324496234919104d937ca92dc3ef2aab/screenshot - {}
RESULT: {}
COMMAND: POST /session/324496234919104d937ca92dc3ef2aab/execute/async - {"script":"<script> [189 bytes]","args":[]}
RESULT: {"script":"<script> [189 bytes]","args":[]}
COMMAND: POST /session/324496234919104d937ca92dc3ef2aab/execute/async - {"script":"<script> [123 bytes]","args":[]}
RESULT: {"script":"<script> [123 bytes]","args":[]}
COMMAND: POST /session/324496234919104d937ca92dc3ef2aab/timeouts - {"script":"<number>"}
RESULT: {"script":"<number>"}
COMMAND: GET /session/324496234919104d937ca92dc3ef2aab/timeouts - {}
RESULT: {}
RESULT: undefined
COMMAND: POST /session/324496234919104d937ca92dc3ef2aab/execute/async - {"script":"<script> [2676 bytes]","args":[]}
RESULT: {"script":"<script> [2676 bytes]","args":[]}
COMMAND: POST /session/324496234919104d937ca92dc3ef2aab/execute/async - {"script":"<script> [2342 bytes]","args":[{"protocol":"http","hostname":"0.0.0.0","path":"/","capabilities":{"browserName":"chrome","goog:chromeOptions":{"binary":"C:\\Program Files\\Google\\Chrome\\Application\\chrome.exe","args":["--start-maximized"]}},"logLevel":"warn","connectionRetryTimeout":120000,"connectionRetryCount":3,"logLevels":{},"enableDirectConnect":true,"strictSSL":true,"_":"65 more keys: [\"cacheDir\",\"port\",\"requestedCapabilities\",\"automationProtocol\",\"baseUrl\",\"waitforInterval\",\"waitforTimeout\",\"onReload\",\"beforeCommand\",\"afterCommand\",\"rootDir\",\"specs\",\"suites\",\"exclude\",\"groupLogsByTestSpec\",\"excludeDriverLogs\",\"bail\",\"framework\",\"reporters\",\"services\",\"maxInstances\",\"maxInstancesPerCapability\",\"injectGlobals\",\"filesToWatch\",\"execArgv\",\"runnerEnv\",\"runner\",\"shard\",\"specFileRetries\",\"specFileRetriesDelay\",\"specFileRetriesDeferred\",\"reporterSyncInterval\",\"reporterSyncTimeout\",\"cucumberFeaturesWithLineNumbers\",\"autoCompileOpts\",\"mochaOpts\",\"jasmineOpts\",\"cucumberOpts\",\"onPrepare\",\"onWorkerStart\",\"onWorkerEnd\",\"before\",\"beforeSession\",\"beforeSuite\",\"beforeHook\",\"beforeTest\",\"afterTest\",\"afterHook\",\"afterSuite\",\"afterSession\",\"after\",\"onComplete\",\"beforeAssertion\",\"afterAssertion\",\"beforeFeature\",\"beforeScenario\",\"beforeStep\",\"afterStep\",\"afterScenario\",\"afterFeature\",\"_\",\"suite\",\"$0\",\"ignoredWorkerServices\",\"wdi5\"]"}]}
RESULT: {"script":"<script> [2342 bytes]","args":[{"protocol":"http","hostname":"0.0.0.0","path":"/","capabilities":{"browserName":"chrome","goog:chromeOptions":{"binary":"C:\\Program Files\\Google\\Chrome\\Application\\chrome.exe","args":["--start-maximized"]}},"logLevel":"warn","connectionRetryTimeout":120000,"connectionRetryCount":3,"logLevels":{},"enableDirectConnect":true,"strictSSL":true,"_":"65 more keys: [\"cacheDir\",\"port\",\"requestedCapabilities\",\"automationProtocol\",\"baseUrl\",\"waitforInterval\",\"waitforTimeout\",\"onReload\",\"beforeCommand\",\"afterCommand\",\"rootDir\",\"specs\",\"suites\",\"exclude\",\"groupLogsByTestSpec\",\"excludeDriverLogs\",\"bail\",\"framework\",\"reporters\",\"services\",\"maxInstances\",\"maxInstancesPerCapability\",\"injectGlobals\",\"filesToWatch\",\"execArgv\",\"runnerEnv\",\"runner\",\"shard\",\"specFileRetries\",\"specFileRetriesDelay\",\"specFileRetriesDeferred\",\"reporterSyncInterval\",\"reporterSyncTimeout\",\"cucumberFeaturesWithLineNumbers\",\"autoCompileOpts\",\"mochaOpts\",\"jasmineOpts\",\"cucumberOpts\",\"onPrepare\",\"onWorkerStart\",\"onWorkerEnd\",\"before\",\"beforeSession\",\"beforeSuite\",\"beforeHook\",\"beforeTest\",\"afterTest\",\"afterHook\",\"afterSuite\",\"afterSession\",\"after\",\"onComplete\",\"beforeAssertion\",\"afterAssertion\",\"beforeFeature\",\"beforeScenario\",\"beforeStep\",\"afterStep\",\"afterScenario\",\"afterFeature\",\"_\",\"suite\",\"$0\",\"ignoredWorkerServices\",\"wdi5\"]"}]}
COMMAND: POST /session/324496234919104d937ca92dc3ef2aab/execute/async - {"script":"<script> [21126 bytes]","args":[35000]}
RESULT: {"script":"<script> [21126 bytes]","args":[35000]}
COMMAND: POST /session/324496234919104d937ca92dc3ef2aab/window/maximize - {}
RESULT: {}
COMMAND: POST /session/324496234919104d937ca92dc3ef2aab/execute/async - {"script":"<script> [1562 bytes]","args":[{"selector":{"id":"shell-header","interaction":{"idSuffix":"icon"}},"wdio_ui5_key":"shellheader"}]}
COMMAND: GET /session/324496234919104d937ca92dc3ef2aab/screenshot - {}
RESULT: {"script":"<script> [1562 bytes]","args":[{"selector":{"id":"shell-header","interaction":{"idSuffix":"icon"}},"wdio_ui5_key":"shellheader"}]}
RESULT: undefined
COMMAND: POST /session/324496234919104d937ca92dc3ef2aab/refresh - {}
RESULT: {}
RESULT: {}
COMMAND: GET /session/324496234919104d937ca92dc3ef2aab/screenshot - {}
RESULT: {}
COMMAND: POST /session/324496234919104d937ca92dc3ef2aab/refresh - {}
RESULT: {}
COMMAND: GET /session/324496234919104d937ca92dc3ef2aab/screenshot - {}
RESULT: {}
COMMAND: POST /session/324496234919104d937ca92dc3ef2aab/window/fullscreen - {}
RESULT: {}
COMMAND: POST /session/324496234919104d937ca92dc3ef2aab/execute/async - {"script":"<script> [189 bytes]","args":[]}
RESULT: {"script":"<script> [189 bytes]","args":[]}
COMMAND: POST /session/324496234919104d937ca92dc3ef2aab/execute/async - {"script":"<script> [123 bytes]","args":[]}
RESULT: {"script":"<script> [123 bytes]","args":[]}
COMMAND: POST /session/324496234919104d937ca92dc3ef2aab/timeouts - {"script":"<number>"}
RESULT: {"script":"<number>"}
COMMAND: GET /session/324496234919104d937ca92dc3ef2aab/timeouts - {}
RESULT: {}
RESULT: undefined
COMMAND: POST /session/324496234919104d937ca92dc3ef2aab/execute/async - {"script":"<script> [2676 bytes]","args":[]}
RESULT: {"script":"<script> [2676 bytes]","args":[]}
COMMAND: POST /session/324496234919104d937ca92dc3ef2aab/execute/async - {"script":"<script> [2342 bytes]","args":[{"protocol":"http","hostname":"0.0.0.0","path":"/","capabilities":{"browserName":"chrome","goog:chromeOptions":{"binary":"C:\\Program Files\\Google\\Chrome\\Application\\chrome.exe","args":["--start-maximized"]}},"logLevel":"warn","connectionRetryTimeout":120000,"connectionRetryCount":3,"logLevels":{},"enableDirectConnect":true,"strictSSL":true,"_":"65 more keys: [\"cacheDir\",\"port\",\"requestedCapabilities\",\"automationProtocol\",\"baseUrl\",\"waitforInterval\",\"waitforTimeout\",\"onReload\",\"beforeCommand\",\"afterCommand\",\"rootDir\",\"specs\",\"suites\",\"exclude\",\"groupLogsByTestSpec\",\"excludeDriverLogs\",\"bail\",\"framework\",\"reporters\",\"services\",\"maxInstances\",\"maxInstancesPerCapability\",\"injectGlobals\",\"filesToWatch\",\"execArgv\",\"runnerEnv\",\"runner\",\"shard\",\"specFileRetries\",\"specFileRetriesDelay\",\"specFileRetriesDeferred\",\"reporterSyncInterval\",\"reporterSyncTimeout\",\"cucumberFeaturesWithLineNumbers\",\"autoCompileOpts\",\"mochaOpts\",\"jasmineOpts\",\"cucumberOpts\",\"onPrepare\",\"onWorkerStart\",\"onWorkerEnd\",\"before\",\"beforeSession\",\"beforeSuite\",\"beforeHook\",\"beforeTest\",\"afterTest\",\"afterHook\",\"afterSuite\",\"afterSession\",\"after\",\"onComplete\",\"beforeAssertion\",\"afterAssertion\",\"beforeFeature\",\"beforeScenario\",\"beforeStep\",\"afterStep\",\"afterScenario\",\"afterFeature\",\"_\",\"suite\",\"$0\",\"ignoredWorkerServices\",\"wdi5\"]"}]}
RESULT: {"script":"<script> [2342 bytes]","args":[{"protocol":"http","hostname":"0.0.0.0","path":"/","capabilities":{"browserName":"chrome","goog:chromeOptions":{"binary":"C:\\Program Files\\Google\\Chrome\\Application\\chrome.exe","args":["--start-maximized"]}},"logLevel":"warn","connectionRetryTimeout":120000,"connectionRetryCount":3,"logLevels":{},"enableDirectConnect":true,"strictSSL":true,"_":"65 more keys: [\"cacheDir\",\"port\",\"requestedCapabilities\",\"automationProtocol\",\"baseUrl\",\"waitforInterval\",\"waitforTimeout\",\"onReload\",\"beforeCommand\",\"afterCommand\",\"rootDir\",\"specs\",\"suites\",\"exclude\",\"groupLogsByTestSpec\",\"excludeDriverLogs\",\"bail\",\"framework\",\"reporters\",\"services\",\"maxInstances\",\"maxInstancesPerCapability\",\"injectGlobals\",\"filesToWatch\",\"execArgv\",\"runnerEnv\",\"runner\",\"shard\",\"specFileRetries\",\"specFileRetriesDelay\",\"specFileRetriesDeferred\",\"reporterSyncInterval\",\"reporterSyncTimeout\",\"cucumberFeaturesWithLineNumbers\",\"autoCompileOpts\",\"mochaOpts\",\"jasmineOpts\",\"cucumberOpts\",\"onPrepare\",\"onWorkerStart\",\"onWorkerEnd\",\"before\",\"beforeSession\",\"beforeSuite\",\"beforeHook\",\"beforeTest\",\"afterTest\",\"afterHook\",\"afterSuite\",\"afterSession\",\"after\",\"onComplete\",\"beforeAssertion\",\"afterAssertion\",\"beforeFeature\",\"beforeScenario\",\"beforeStep\",\"afterStep\",\"afterScenario\",\"afterFeature\",\"_\",\"suite\",\"$0\",\"ignoredWorkerServices\",\"wdi5\"]"}]}
COMMAND: POST /session/324496234919104d937ca92dc3ef2aab/execute/async - {"script":"<script> [21126 bytes]","args":[35000]}
RESULT: {"script":"<script> [21126 bytes]","args":[35000]}
]]></system-out>
    </testcase>
  </testsuite>
  <testsuite timestamp="2025-05-23T17:51:43" time="857.092" tests="13" failures="0" errors="0" skipped="0">
    <properties>
      <property name="specId" value="0"/>
      <property name="suiteName" value="Performance based billing (work days) US139742"/>
      <property name="capabilities" value="chrome.136_0_7103_93.windows"/>
      <property name="file" value="file:///D:/a/1/s/test/specs/BTS/billing-performance-workdays.spec.js"/>
    </properties>
    <testcase classname="chrome.136_0_7103_93.windows.Performance_based_billing_(work_days)_US139742" name="Should create a new yard" time="0.037">
      <system-out><![CDATA[
COMMAND: POST /session/324496234919104d937ca92dc3ef2aab/window/fullscreen - {}
RESULT: {}
]]></system-out>
    </testcase>
    <testcase classname="chrome.136_0_7103_93.windows.Performance_based_billing_(work_days)_US139742" name="Should create a new partner" time="0.003"/>
    <testcase classname="chrome.136_0_7103_93.windows.Performance_based_billing_(work_days)_US139742" name="Should create a new site" time="0.003"/>
    <testcase classname="chrome.136_0_7103_93.windows.Performance_based_billing_(work_days)_US139742" name="Should do prerequisite steps add equipment" time="147.567">
      <system-out><![CDATA[
COMMAND: POST /session/324496234919104d937ca92dc3ef2aab/execute/async - {"script":"<script> [1562 bytes]","args":[{"selector":{"controlType":"sap.m.GenericTile","properties":{"header":"Manage Resources"}},"wdio_ui5_key":"sapm.GenericTile{\"header\":\"Manage Resources\"}"}]}
RESULT: {"script":"<script> [1562 bytes]","args":[{"selector":{"controlType":"sap.m.GenericTile","properties":{"header":"Manage Resources"}},"wdio_ui5_key":"sapm.GenericTile{\"header\":\"Manage Resources\"}"}]}
RESULT: undefined
COMMAND: POST /session/324496234919104d937ca92dc3ef2aab/element - {"using":"xpath","value":"//*[@id=\"__tile39\"]"}
RESULT: {"using":"xpath","value":"//*[@id=\"__tile39\"]"}
COMMAND: POST /session/324496234919104d937ca92dc3ef2aab/element/f.350099D233706A5CE962F884DCED375A.d.C88BA57D030F568609C641AD259C19C4.e.13583/click - {}
RESULT: {}
COMMAND: GET /session/324496234919104d937ca92dc3ef2aab/screenshot - {}
RESULT: {}
COMMAND: POST /session/324496234919104d937ca92dc3ef2aab/elements - {"using":"xpath","value":"//span[text()='Error']"}
RESULT: {"using":"xpath","value":"//span[text()='Error']"}
COMMAND: POST /session/324496234919104d937ca92dc3ef2aab/element - {"using":"xpath","value":"//button[@data-kt=\"addNewRUOverflowToolbarButton\"]"}
RESULT: {"using":"xpath","value":"//button[@data-kt=\"addNewRUOverflowToolbarButton\"]"}
COMMAND: POST /session/324496234919104d937ca92dc3ef2aab/elements - {"using":"xpath","value":"//button[@data-kt=\"addNewRUOverflowToolbarButton\"]"}
RESULT: {"using":"xpath","value":"//button[@data-kt=\"addNewRUOverflowToolbarButton\"]"}
COMMAND: POST /session/324496234919104d937ca92dc3ef2aab/execute/sync - {"script":"<script> [8489 bytes]","args":[{"element-6066-11e4-a52e-4f735466cecf":"f.350099D233706A5CE962F884DCED375A.d.C88BA57D030F568609C641AD259C19C4.e.13735","ELEMENT":"f.350099D233706A5CE962F884DCED375A.d.C88BA57D030F568609C641AD259C19C4.e.13735"}]}
RESULT: {"script":"<script> [8489 bytes]","args":[{"element-6066-11e4-a52e-4f735466cecf":"f.350099D233706A5CE962F884DCED375A.d.C88BA57D030F568609C641AD259C19C4.e.13735","ELEMENT":"f.350099D233706A5CE962F884DCED375A.d.C88BA57D030F568609C641AD259C19C4.e.13735"}]}
COMMAND: GET /session/324496234919104d937ca92dc3ef2aab/element/f.350099D233706A5CE962F884DCED375A.d.C88BA57D030F568609C641AD259C19C4.e.13735/enabled - {}
COMMAND: GET /session/324496234919104d937ca92dc3ef2aab/screenshot - {}
RESULT: {}
COMMAND: POST /session/324496234919104d937ca92dc3ef2aab/execute/sync - {"script":"<script> [8489 bytes]","args":[{"element-6066-11e4-a52e-4f735466cecf":"f.350099D233706A5CE962F884DCED375A.d.C88BA57D030F568609C641AD259C19C4.e.13735","ELEMENT":"f.350099D233706A5CE962F884DCED375A.d.C88BA57D030F568609C641AD259C19C4.e.13735"}]}
COMMAND: GET /session/324496234919104d937ca92dc3ef2aab/screenshot - {}
RESULT: {}
RESULT: {"script":"<script> [8489 bytes]","args":[{"element-6066-11e4-a52e-4f735466cecf":"f.350099D233706A5CE962F884DCED375A.d.C88BA57D030F568609C641AD259C19C4.e.13735","ELEMENT":"f.350099D233706A5CE962F884DCED375A.d.C88BA57D030F568609C641AD259C19C4.e.13735"}]}
COMMAND: POST /session/324496234919104d937ca92dc3ef2aab/execute/sync - {"script":"<script> [5351 bytes]","args":[{"element-6066-11e4-a52e-4f735466cecf":"f.350099D233706A5CE962F884DCED375A.d.C88BA57D030F568609C641AD259C19C4.e.13735","ELEMENT":"f.350099D233706A5CE962F884DCED375A.d.C88BA57D030F568609C641AD259C19C4.e.13735"}]}
COMMAND: GET /session/324496234919104d937ca92dc3ef2aab/screenshot - {}
RESULT: {}
RESULT: {"script":"<script> [5351 bytes]","args":[{"element-6066-11e4-a52e-4f735466cecf":"f.350099D233706A5CE962F884DCED375A.d.C88BA57D030F568609C641AD259C19C4.e.13735","ELEMENT":"f.350099D233706A5CE962F884DCED375A.d.C88BA57D030F568609C641AD259C19C4.e.13735"}]}
COMMAND: POST /session/324496234919104d937ca92dc3ef2aab/element/f.350099D233706A5CE962F884DCED375A.d.C88BA57D030F568609C641AD259C19C4.e.13735/click - {}
COMMAND: GET /session/324496234919104d937ca92dc3ef2aab/screenshot - {}
RESULT: {}
RESULT: {}
COMMAND: GET /session/324496234919104d937ca92dc3ef2aab/screenshot - {}
COMMAND: POST /session/324496234919104d937ca92dc3ef2aab/execute/async - {"script":"<script> [1562 bytes]","args":[{"selector":{"id":"application-manageresources-display-component---newResourceUnit--TYPE-arrow"},"wdio_ui5_key":"applicationmanageresources-display-component---newResourceUnit--TYPE-arrow"}]}
RESULT: {}
RESULT: {}
RESULT: {"script":"<script> [1562 bytes]","args":[{"selector":{"id":"application-manageresources-display-component---newResourceUnit--TYPE-arrow"},"wdio_ui5_key":"applicationmanageresources-display-component---newResourceUnit--TYPE-arrow"}]}
RESULT: undefined
COMMAND: POST /session/324496234919104d937ca92dc3ef2aab/element - {"using":"xpath","value":"//*[@id=\"application-manageresources-display-component---newResourceUnit--TYPE-arrow\"]"}
RESULT: {"using":"xpath","value":"//*[@id=\"application-manageresources-display-component---newResourceUnit--TYPE-arrow\"]"}
COMMAND: POST /session/324496234919104d937ca92dc3ef2aab/element/f.350099D233706A5CE962F884DCED375A.d.C88BA57D030F568609C641AD259C19C4.e.14079/click - {}
RESULT: {}
COMMAND: POST /session/324496234919104d937ca92dc3ef2aab/element - {"using":"xpath","value":"//input[@id=\"application-manageresources-display-component---newResourceUnit--TYPE-inner\"]"}
COMMAND: GET /session/324496234919104d937ca92dc3ef2aab/screenshot - {}
RESULT: {"using":"xpath","value":"//input[@id=\"application-manageresources-display-component---newResourceUnit--TYPE-inner\"]"}
COMMAND: POST /session/324496234919104d937ca92dc3ef2aab/element/f.350099D233706A5CE962F884DCED375A.d.C88BA57D030F568609C641AD259C19C4.e.14075/clear - {}
RESULT: {}
RESULT: {}
COMMAND: POST /session/324496234919104d937ca92dc3ef2aab/element/f.350099D233706A5CE962F884DCED375A.d.C88BA57D030F568609C641AD259C19C4.e.14075/value - {"text":"Equipment"}
COMMAND: GET /session/324496234919104d937ca92dc3ef2aab/screenshot - {}
RESULT: {"text":"Equipment"}
COMMAND: GET /session/324496234919104d937ca92dc3ef2aab/screenshot - {}
RESULT: {}
RESULT: {}
COMMAND: POST /session/324496234919104d937ca92dc3ef2aab/actions - {"actions":[{"id":"action51","type":"key","parameters":{},"actions":[{"type":"keyDown","value":""},{"type":"pause","duration":10},{"type":"keyUp","value":""}]}]}
RESULT: {"actions":[{"id":"action51","type":"key","parameters":{},"actions":[{"type":"keyDown","value":""},{"type":"pause","duration":10},{"type":"keyUp","value":""}]}]}
COMMAND: POST /session/324496234919104d937ca92dc3ef2aab/execute/async - {"script":"<script> [1562 bytes]","args":[{"selector":{"id":"application-manageresources-display-component---newResourceUnit--resourceId","interaction":{"idSuffix":"inner"}},"wdio_ui5_key":"applicationmanageresources-display-component---newResourceUnit--resourceId"}]}
COMMAND: GET /session/324496234919104d937ca92dc3ef2aab/screenshot - {}
RESULT: {"script":"<script> [1562 bytes]","args":[{"selector":{"id":"application-manageresources-display-component---newResourceUnit--resourceId","interaction":{"idSuffix":"inner"}},"wdio_ui5_key":"applicationmanageresources-display-component---newResourceUnit--resourceId"}]}
RESULT: undefined
COMMAND: POST /session/324496234919104d937ca92dc3ef2aab/execute/async - {"script":"<script> [776 bytes]","args":[{"enterText":"Gjl8Ayj5Zu","selector":{"id":"application-manageresources-display-component---newResourceUnit--resourceId","interaction":{"idSuffix":"inner"}},"clearTextFirst":true,"interactionType":"ENTER_TEXT"}]}
RESULT: {}
RESULT: {"script":"<script> [776 bytes]","args":[{"enterText":"Gjl8Ayj5Zu","selector":{"id":"application-manageresources-display-component---newResourceUnit--resourceId","interaction":{"idSuffix":"inner"}},"clearTextFirst":true,"interactionType":"ENTER_TEXT"}]}
COMMAND: POST /session/324496234919104d937ca92dc3ef2aab/execute/async - {"script":"<script> [1562 bytes]","args":[{"selector":{"id":"application-manageresources-display-component---newResourceUnit--SHORT_TEXT","interaction":{"idSuffix":"inner"}},"wdio_ui5_key":"applicationmanageresources-display-component---newResourceUnit--SHORT_TEXT"}]}
RESULT: {"script":"<script> [1562 bytes]","args":[{"selector":{"id":"application-manageresources-display-component---newResourceUnit--SHORT_TEXT","interaction":{"idSuffix":"inner"}},"wdio_ui5_key":"applicationmanageresources-display-component---newResourceUnit--SHORT_TEXT"}]}
RESULT: undefined
COMMAND: POST /session/324496234919104d937ca92dc3ef2aab/execute/async - {"script":"<script> [776 bytes]","args":[{"enterText":"Intercompany Equipment WDIO","selector":{"id":"application-manageresources-display-component---newResourceUnit--SHORT_TEXT","interaction":{"idSuffix":"inner"}},"clearTextFirst":true,"interactionType":"ENTER_TEXT"}]}
RESULT: {"script":"<script> [776 bytes]","args":[{"enterText":"Intercompany Equipment WDIO","selector":{"id":"application-manageresources-display-component---newResourceUnit--SHORT_TEXT","interaction":{"idSuffix":"inner"}},"clearTextFirst":true,"interactionType":"ENTER_TEXT"}]}
COMMAND: POST /session/324496234919104d937ca92dc3ef2aab/execute/async - {"script":"<script> [1562 bytes]","args":[{"selector":{"id":"application-manageresources-display-component---newResourceUnit--BASE_UNIT_OF_MEASURE","interaction":{"idSuffix":"inner"}},"wdio_ui5_key":"applicationmanageresources-display-component---newResourceUnit--BASE_UNIT_OF_MEASURE"}]}
RESULT: {"script":"<script> [1562 bytes]","args":[{"selector":{"id":"application-manageresources-display-component---newResourceUnit--BASE_UNIT_OF_MEASURE","interaction":{"idSuffix":"inner"}},"wdio_ui5_key":"applicationmanageresources-display-component---newResourceUnit--BASE_UNIT_OF_MEASURE"}]}
RESULT: undefined
COMMAND: POST /session/324496234919104d937ca92dc3ef2aab/execute/async - {"script":"<script> [776 bytes]","args":[{"enterText":"Piece","selector":{"id":"application-manageresources-display-component---newResourceUnit--BASE_UNIT_OF_MEASURE","interaction":{"idSuffix":"inner"}},"clearTextFirst":true,"interactionType":"ENTER_TEXT"}]}
RESULT: {"script":"<script> [776 bytes]","args":[{"enterText":"Piece","selector":{"id":"application-manageresources-display-component---newResourceUnit--BASE_UNIT_OF_MEASURE","interaction":{"idSuffix":"inner"}},"clearTextFirst":true,"interactionType":"ENTER_TEXT"}]}
COMMAND: POST /session/324496234919104d937ca92dc3ef2aab/execute/async - {"script":"<script> [1562 bytes]","args":[{"selector":{"id":"application-manageresources-display-component---newResourceUnit--WEIGHT_UNIT","interaction":{"idSuffix":"inner"}},"wdio_ui5_key":"applicationmanageresources-display-component---newResourceUnit--WEIGHT_UNIT"}]}
RESULT: {"script":"<script> [1562 bytes]","args":[{"selector":{"id":"application-manageresources-display-component---newResourceUnit--WEIGHT_UNIT","interaction":{"idSuffix":"inner"}},"wdio_ui5_key":"applicationmanageresources-display-component---newResourceUnit--WEIGHT_UNIT"}]}
RESULT: undefined
COMMAND: POST /session/324496234919104d937ca92dc3ef2aab/execute/async - {"script":"<script> [776 bytes]","args":[{"enterText":"Gram","selector":{"id":"application-manageresources-display-component---newResourceUnit--WEIGHT_UNIT","interaction":{"idSuffix":"inner"}},"clearTextFirst":true,"interactionType":"ENTER_TEXT"}]}
RESULT: {"script":"<script> [776 bytes]","args":[{"enterText":"Gram","selector":{"id":"application-manageresources-display-component---newResourceUnit--WEIGHT_UNIT","interaction":{"idSuffix":"inner"}},"clearTextFirst":true,"interactionType":"ENTER_TEXT"}]}
COMMAND: POST /session/324496234919104d937ca92dc3ef2aab/execute/async - {"script":"<script> [1562 bytes]","args":[{"selector":{"id":"application-manageresources-display-component---newResourceUnit--DIMENSION_UNIT","interaction":{"idSuffix":"inner"}},"wdio_ui5_key":"applicationmanageresources-display-component---newResourceUnit--DIMENSION_UNIT"}]}
RESULT: {"script":"<script> [1562 bytes]","args":[{"selector":{"id":"application-manageresources-display-component---newResourceUnit--DIMENSION_UNIT","interaction":{"idSuffix":"inner"}},"wdio_ui5_key":"applicationmanageresources-display-component---newResourceUnit--DIMENSION_UNIT"}]}
RESULT: undefined
COMMAND: POST /session/324496234919104d937ca92dc3ef2aab/execute/async - {"script":"<script> [776 bytes]","args":[{"enterText":"Meter","selector":{"id":"application-manageresources-display-component---newResourceUnit--DIMENSION_UNIT","interaction":{"idSuffix":"inner"}},"clearTextFirst":true,"interactionType":"ENTER_TEXT"}]}
RESULT: {"script":"<script> [776 bytes]","args":[{"enterText":"Meter","selector":{"id":"application-manageresources-display-component---newResourceUnit--DIMENSION_UNIT","interaction":{"idSuffix":"inner"}},"clearTextFirst":true,"interactionType":"ENTER_TEXT"}]}
COMMAND: POST /session/324496234919104d937ca92dc3ef2aab/execute/async - {"script":"<script> [1562 bytes]","args":[{"selector":{"id":"application-manageresources-display-component---newResourceUnit--newRRUPage-anchBar-application-manageresources-display-component---newResourceUnit--control-anchor","interaction":{"idSuffix":"BDI-content"}},"wdio_ui5_key":"applicationmanageresources-display-component---newResourceUnit--newRRUPage-anchBar-application-manageresources-display-component---newResourceUnit--control-anchor"}]}
RESULT: {"script":"<script> [1562 bytes]","args":[{"selector":{"id":"application-manageresources-display-component---newResourceUnit--newRRUPage-anchBar-application-manageresources-display-component---newResourceUnit--control-anchor","interaction":{"idSuffix":"BDI-content"}},"wdio_ui5_key":"applicationmanageresources-display-component---newResourceUnit--newRRUPage-anchBar-application-manageresources-display-component---newResourceUnit--control-anchor"}]}
RESULT: undefined
COMMAND: POST /session/324496234919104d937ca92dc3ef2aab/element - {"using":"xpath","value":"//*[@id=\"application-manageresources-display-component---newResourceUnit--newRRUPage-anchBar-application-manageresources-display-component---newResourceUnit--control-anchor\"]"}
RESULT: {"using":"xpath","value":"//*[@id=\"application-manageresources-display-component---newResourceUnit--newRRUPage-anchBar-application-manageresources-display-component---newResourceUnit--control-anchor\"]"}
COMMAND: POST /session/324496234919104d937ca92dc3ef2aab/element/f.350099D233706A5CE962F884DCED375A.d.C88BA57D030F568609C641AD259C19C4.e.14237/click - {}
RESULT: {}
COMMAND: POST /session/324496234919104d937ca92dc3ef2aab/execute/async - {"script":"<script> [1562 bytes]","args":[{"selector":{"id":"application-manageresources-display-component---newResourceUnit--PLANNING_GROUP","interaction":{"idSuffix":"inner"}},"wdio_ui5_key":"applicationmanageresources-display-component---newResourceUnit--PLANNING_GROUP"}]}
COMMAND: GET /session/324496234919104d937ca92dc3ef2aab/screenshot - {}
RESULT: {"script":"<script> [1562 bytes]","args":[{"selector":{"id":"application-manageresources-display-component---newResourceUnit--PLANNING_GROUP","interaction":{"idSuffix":"inner"}},"wdio_ui5_key":"applicationmanageresources-display-component---newResourceUnit--PLANNING_GROUP"}]}
RESULT: undefined
COMMAND: POST /session/324496234919104d937ca92dc3ef2aab/execute/async - {"script":"<script> [776 bytes]","args":[{"enterText":"Heavy Equi","selector":{"id":"application-manageresources-display-component---newResourceUnit--PLANNING_GROUP","interaction":{"idSuffix":"inner"}},"clearTextFirst":true,"interactionType":"ENTER_TEXT"}]}
RESULT: {}
RESULT: {"script":"<script> [776 bytes]","args":[{"enterText":"Heavy Equi","selector":{"id":"application-manageresources-display-component---newResourceUnit--PLANNING_GROUP","interaction":{"idSuffix":"inner"}},"clearTextFirst":true,"interactionType":"ENTER_TEXT"}]}
COMMAND: POST /session/324496234919104d937ca92dc3ef2aab/execute/async - {"script":"<script> [1562 bytes]","args":[{"selector":{"id":"application-manageresources-display-component---newResourceUnit--ITEM_TYPE-arrow"},"wdio_ui5_key":"applicationmanageresources-display-component---newResourceUnit--ITEM_TYPE-arrow"}]}
RESULT: {"script":"<script> [1562 bytes]","args":[{"selector":{"id":"application-manageresources-display-component---newResourceUnit--ITEM_TYPE-arrow"},"wdio_ui5_key":"applicationmanageresources-display-component---newResourceUnit--ITEM_TYPE-arrow"}]}
RESULT: undefined
COMMAND: POST /session/324496234919104d937ca92dc3ef2aab/element - {"using":"xpath","value":"//*[@id=\"application-manageresources-display-component---newResourceUnit--ITEM_TYPE-arrow\"]"}
RESULT: {"using":"xpath","value":"//*[@id=\"application-manageresources-display-component---newResourceUnit--ITEM_TYPE-arrow\"]"}
COMMAND: POST /session/324496234919104d937ca92dc3ef2aab/element/f.350099D233706A5CE962F884DCED375A.d.C88BA57D030F568609C641AD259C19C4.e.14244/click - {}
RESULT: {}
COMMAND: POST /session/324496234919104d937ca92dc3ef2aab/element - {"using":"xpath","value":"(//span[contains(text(), \"Resource Unit\")])[2]"}
COMMAND: GET /session/324496234919104d937ca92dc3ef2aab/screenshot - {}
RESULT: {"using":"xpath","value":"(//span[contains(text(), \"Resource Unit\")])[2]"}
COMMAND: POST /session/324496234919104d937ca92dc3ef2aab/element/f.350099D233706A5CE962F884DCED375A.d.C88BA57D030F568609C641AD259C19C4.e.14245/click - {}
RESULT: {}
RESULT: {}
COMMAND: GET /session/324496234919104d937ca92dc3ef2aab/screenshot - {}
RESULT: {}
COMMAND: POST /session/324496234919104d937ca92dc3ef2aab/element - {"using":"css selector","value":"#application-manageresources-display-component---newResourceUnit--btnAddTimeSegment"}
RESULT: {"using":"css selector","value":"#application-manageresources-display-component---newResourceUnit--btnAddTimeSegment"}
COMMAND: GET /session/324496234919104d937ca92dc3ef2aab/element/f.350099D233706A5CE962F884DCED375A.d.C88BA57D030F568609C641AD259C19C4.e.14252/rect - {}
RESULT: {}
COMMAND: GET /session/324496234919104d937ca92dc3ef2aab/window/rect - {}
RESULT: {}
COMMAND: POST /session/324496234919104d937ca92dc3ef2aab/execute/sync - {"script":"<script> [92 bytes]","args":[]}
RESULT: {"script":"<script> [92 bytes]","args":[]}
COMMAND: POST /session/324496234919104d937ca92dc3ef2aab/actions - {"actions":[{"id":"action52","type":"wheel","parameters":{},"actions":[{"type":"scroll","x":-1888,"y":-32,"deltaX":0,"deltaY":0,"duration":0,"origin":{"element-6066-11e4-a52e-4f735466cecf":"f.350099D233706A5CE962F884DCED375A.d.C88BA57D030F568609C641AD259C19C4.e.14252"}}]}]}
COMMAND: GET /session/324496234919104d937ca92dc3ef2aab/screenshot - {}
RESULT: {}
COMMAND: POST /session/324496234919104d937ca92dc3ef2aab/execute/sync - {"script":"<script> [79 bytes]","args":[{"element-6066-11e4-a52e-4f735466cecf":"f.350099D233706A5CE962F884DCED375A.d.C88BA57D030F568609C641AD259C19C4.e.14252","ELEMENT":"f.350099D233706A5CE962F884DCED375A.d.C88BA57D030F568609C641AD259C19C4.e.14252"},{"block":"start","inline":"nearest"}]}
RESULT: {"script":"<script> [79 bytes]","args":[{"element-6066-11e4-a52e-4f735466cecf":"f.350099D233706A5CE962F884DCED375A.d.C88BA57D030F568609C641AD259C19C4.e.14252","ELEMENT":"f.350099D233706A5CE962F884DCED375A.d.C88BA57D030F568609C641AD259C19C4.e.14252"},{"block":"start","inline":"nearest"}]}
COMMAND: POST /session/324496234919104d937ca92dc3ef2aab/execute/async - {"script":"<script> [1562 bytes]","args":[{"selector":{"id":"application-manageresources-display-component---newResourceUnit--btnAddTimeSegment","interaction":{"idSuffix":"inner"}},"wdio_ui5_key":"applicationmanageresources-display-component---newResourceUnit--btnAddTimeSegment"}]}
COMMAND: GET /session/324496234919104d937ca92dc3ef2aab/screenshot - {}
RESULT: {"script":"<script> [1562 bytes]","args":[{"selector":{"id":"application-manageresources-display-component---newResourceUnit--btnAddTimeSegment","interaction":{"idSuffix":"inner"}},"wdio_ui5_key":"applicationmanageresources-display-component---newResourceUnit--btnAddTimeSegment"}]}
RESULT: undefined
COMMAND: POST /session/324496234919104d937ca92dc3ef2aab/element - {"using":"xpath","value":"//*[@id=\"application-manageresources-display-component---newResourceUnit--btnAddTimeSegment\"]"}
RESULT: {}
RESULT: {"using":"xpath","value":"//*[@id=\"application-manageresources-display-component---newResourceUnit--btnAddTimeSegment\"]"}
COMMAND: POST /session/324496234919104d937ca92dc3ef2aab/element/f.350099D233706A5CE962F884DCED375A.d.C88BA57D030F568609C641AD259C19C4.e.14252/click - {}
RESULT: {}
COMMAND: GET /session/324496234919104d937ca92dc3ef2aab/screenshot - {}
RESULT: {}
COMMAND: POST /session/324496234919104d937ca92dc3ef2aab/element - {"using":"xpath","value":"//input[@id=\"application-manageresources-display-component---newResourceUnit--idRuTSAdmin-application-manageresources-display-component---newResourceUnit--RUTimeSegment-0-inner\"]"}
RESULT: {"using":"xpath","value":"//input[@id=\"application-manageresources-display-component---newResourceUnit--idRuTSAdmin-application-manageresources-display-component---newResourceUnit--RUTimeSegment-0-inner\"]"}
COMMAND: POST /session/324496234919104d937ca92dc3ef2aab/element/f.350099D233706A5CE962F884DCED375A.d.C88BA57D030F568609C641AD259C19C4.e.14258/clear - {}
RESULT: {}
COMMAND: POST /session/324496234919104d937ca92dc3ef2aab/element/f.350099D233706A5CE962F884DCED375A.d.C88BA57D030F568609C641AD259C19C4.e.14258/value - {"text":"232"}
COMMAND: GET /session/324496234919104d937ca92dc3ef2aab/screenshot - {}
RESULT: {"text":"232"}
COMMAND: GET /session/324496234919104d937ca92dc3ef2aab/screenshot - {}
RESULT: {}
RESULT: {}
COMMAND: POST /session/324496234919104d937ca92dc3ef2aab/element - {"using":"xpath","value":"//li[.//span[text()='232']]"}
RESULT: {"using":"xpath","value":"//li[.//span[text()='232']]"}
COMMAND: POST /session/324496234919104d937ca92dc3ef2aab/element/f.350099D233706A5CE962F884DCED375A.d.C88BA57D030F568609C641AD259C19C4.e.14269/click - {}
RESULT: {}
COMMAND: GET /session/324496234919104d937ca92dc3ef2aab/screenshot - {}
RESULT: {}
COMMAND: POST /session/324496234919104d937ca92dc3ef2aab/element - {"using":"xpath","value":"(//span[contains(@id, \"-application-manageresources-display-component---newResourceUnit--RUTimeSegment-0-arrow\")])[6]"}
RESULT: {"using":"xpath","value":"(//span[contains(@id, \"-application-manageresources-display-component---newResourceUnit--RUTimeSegment-0-arrow\")])[6]"}
COMMAND: POST /session/324496234919104d937ca92dc3ef2aab/element/f.350099D233706A5CE962F884DCED375A.d.C88BA57D030F568609C641AD259C19C4.e.14270/click - {}
RESULT: {}
COMMAND: GET /session/324496234919104d937ca92dc3ef2aab/screenshot - {}
RESULT: {}
COMMAND: POST /session/324496234919104d937ca92dc3ef2aab/element - {"using":"xpath","value":"//span[contains(text(), \"PM Order\")]"}
RESULT: {"using":"xpath","value":"//span[contains(text(), \"PM Order\")]"}
COMMAND: POST /session/324496234919104d937ca92dc3ef2aab/element/f.350099D233706A5CE962F884DCED375A.d.C88BA57D030F568609C641AD259C19C4.e.14273/click - {}
RESULT: {}
COMMAND: GET /session/324496234919104d937ca92dc3ef2aab/screenshot - {}
RESULT: {}
COMMAND: POST /session/324496234919104d937ca92dc3ef2aab/element - {"using":"xpath","value":"(//span[contains(@id ,\"manageresources-display-component---newResourceUnit--RUTimeSegment-0-vhi\")])[1]"}
RESULT: {"using":"xpath","value":"(//span[contains(@id ,\"manageresources-display-component---newResourceUnit--RUTimeSegment-0-vhi\")])[1]"}
COMMAND: GET /session/324496234919104d937ca92dc3ef2aab/element/f.350099D233706A5CE962F884DCED375A.d.C88BA57D030F568609C641AD259C19C4.e.14277/rect - {}
RESULT: {}
COMMAND: GET /session/324496234919104d937ca92dc3ef2aab/window/rect - {}
RESULT: {}
COMMAND: POST /session/324496234919104d937ca92dc3ef2aab/execute/sync - {"script":"<script> [92 bytes]","args":[]}
RESULT: {"script":"<script> [92 bytes]","args":[]}
COMMAND: POST /session/324496234919104d937ca92dc3ef2aab/actions - {"actions":[{"id":"action53","type":"wheel","parameters":{},"actions":[{"type":"scroll","x":-869,"y":-24,"deltaX":0,"deltaY":0,"duration":0,"origin":{"element-6066-11e4-a52e-4f735466cecf":"f.350099D233706A5CE962F884DCED375A.d.C88BA57D030F568609C641AD259C19C4.e.14277"}}]}]}
COMMAND: GET /session/324496234919104d937ca92dc3ef2aab/screenshot - {}
RESULT: {"actions":[{"id":"action53","type":"wheel","parameters":{},"actions":[{"type":"scroll","x":-869,"y":-24,"deltaX":0,"deltaY":0,"duration":0,"origin":{"element-6066-11e4-a52e-4f735466cecf":"f.350099D233706A5CE962F884DCED375A.d.C88BA57D030F568609C641AD259C19C4.e.14277"}}]}]}
COMMAND: DELETE /session/324496234919104d937ca92dc3ef2aab/actions - {}
COMMAND: GET /session/324496234919104d937ca92dc3ef2aab/screenshot - {}
RESULT: {}
RESULT: {}
COMMAND: GET /session/324496234919104d937ca92dc3ef2aab/screenshot - {}
RESULT: {}
RESULT: {}
COMMAND: POST /session/324496234919104d937ca92dc3ef2aab/element/f.350099D233706A5CE962F884DCED375A.d.C88BA57D030F568609C641AD259C19C4.e.14277/click - {}
RESULT: {}
COMMAND: GET /session/324496234919104d937ca92dc3ef2aab/screenshot - {}
RESULT: {}
COMMAND: POST /session/324496234919104d937ca92dc3ef2aab/execute/async - {"script":"<script> [1562 bytes]","args":[{"selector":{"controlType":"sap.m.SearchField","properties":{"placeholder":"Search"},"searchOpenDialogs":true,"interaction":{"idSuffix":"I"}},"wdio_ui5_key":"sapm.SearchField{\"placeholder\":\"Search\"}"}]}
RESULT: {"script":"<script> [1562 bytes]","args":[{"selector":{"controlType":"sap.m.SearchField","properties":{"placeholder":"Search"},"searchOpenDialogs":true,"interaction":{"idSuffix":"I"}},"wdio_ui5_key":"sapm.SearchField{\"placeholder\":\"Search\"}"}]}
RESULT: undefined
COMMAND: POST /session/324496234919104d937ca92dc3ef2aab/execute/async - {"script":"<script> [776 bytes]","args":[{"enterText":"4000360","selector":{"controlType":"sap.m.SearchField","properties":{"placeholder":"Search"},"searchOpenDialogs":true,"interaction":{"idSuffix":"I"}},"clearTextFirst":true,"interactionType":"ENTER_TEXT"}]}
RESULT: {"script":"<script> [776 bytes]","args":[{"enterText":"4000360","selector":{"controlType":"sap.m.SearchField","properties":{"placeholder":"Search"},"searchOpenDialogs":true,"interaction":{"idSuffix":"I"}},"clearTextFirst":true,"interactionType":"ENTER_TEXT"}]}
COMMAND: POST /session/324496234919104d937ca92dc3ef2aab/actions - {"actions":[{"id":"action54","type":"key","parameters":{},"actions":[{"type":"keyDown","value":""},{"type":"pause","duration":10},{"type":"keyUp","value":""}]}]}
RESULT: {"actions":[{"id":"action54","type":"key","parameters":{},"actions":[{"type":"keyDown","value":""},{"type":"pause","duration":10},{"type":"keyUp","value":""}]}]}
COMMAND: GET /session/324496234919104d937ca92dc3ef2aab/screenshot - {}
RESULT: {}
COMMAND: POST /session/324496234919104d937ca92dc3ef2aab/element - {"using":"xpath","value":"//td/div/span[contains(text(), \"BGL Vehicles\")]"}
RESULT: {"using":"xpath","value":"//td/div/span[contains(text(), \"BGL Vehicles\")]"}
COMMAND: POST /session/324496234919104d937ca92dc3ef2aab/element/f.350099D233706A5CE962F884DCED375A.d.C88BA57D030F568609C641AD259C19C4.e.14299/click - {}
RESULT: {}
COMMAND: GET /session/324496234919104d937ca92dc3ef2aab/screenshot - {}
RESULT: {}
COMMAND: POST /session/324496234919104d937ca92dc3ef2aab/element - {"using":"xpath","value":"//bdi[contains(text(), \"OK\")]"}
RESULT: {"using":"xpath","value":"//bdi[contains(text(), \"OK\")]"}
COMMAND: POST /session/324496234919104d937ca92dc3ef2aab/element/f.350099D233706A5CE962F884DCED375A.d.C88BA57D030F568609C641AD259C19C4.e.14300/click - {}
RESULT: {}
COMMAND: GET /session/324496234919104d937ca92dc3ef2aab/screenshot - {}
RESULT: {}
COMMAND: POST /session/324496234919104d937ca92dc3ef2aab/execute/async - {"script":"<script> [1562 bytes]","args":[{"selector":{"id":"application-manageresources-display-component---newResourceUnit--newRRUPage-anchBar-application-manageresources-display-component---newResourceUnit--resource-anchor","interaction":{"idSuffix":"BDI-content"}},"wdio_ui5_key":"applicationmanageresources-display-component---newResourceUnit--newRRUPage-anchBar-application-manageresources-display-component---newResourceUnit--resource-anchor"}]}
RESULT: {"script":"<script> [1562 bytes]","args":[{"selector":{"id":"application-manageresources-display-component---newResourceUnit--newRRUPage-anchBar-application-manageresources-display-component---newResourceUnit--resource-anchor","interaction":{"idSuffix":"BDI-content"}},"wdio_ui5_key":"applicationmanageresources-display-component---newResourceUnit--newRRUPage-anchBar-application-manageresources-display-component---newResourceUnit--resource-anchor"}]}
RESULT: undefined
COMMAND: POST /session/324496234919104d937ca92dc3ef2aab/element - {"using":"xpath","value":"//*[@id=\"application-manageresources-display-component---newResourceUnit--newRRUPage-anchBar-application-manageresources-display-component---newResourceUnit--resource-anchor\"]"}
RESULT: {"using":"xpath","value":"//*[@id=\"application-manageresources-display-component---newResourceUnit--newRRUPage-anchBar-application-manageresources-display-component---newResourceUnit--resource-anchor\"]"}
COMMAND: POST /session/324496234919104d937ca92dc3ef2aab/element/f.350099D233706A5CE962F884DCED375A.d.C88BA57D030F568609C641AD259C19C4.e.14304/click - {}
RESULT: {}
COMMAND: POST /session/324496234919104d937ca92dc3ef2aab/execute/async - {"script":"<script> [1562 bytes]","args":[{"selector":{"id":"application-manageresources-display-component---newResourceUnit--PLANNED_DELIVERY_DATE","interaction":{"idSuffix":"inner"}},"wdio_ui5_key":"applicationmanageresources-display-component---newResourceUnit--PLANNED_DELIVERY_DATE"}]}
COMMAND: GET /session/324496234919104d937ca92dc3ef2aab/screenshot - {}
RESULT: {"script":"<script> [1562 bytes]","args":[{"selector":{"id":"application-manageresources-display-component---newResourceUnit--PLANNED_DELIVERY_DATE","interaction":{"idSuffix":"inner"}},"wdio_ui5_key":"applicationmanageresources-display-component---newResourceUnit--PLANNED_DELIVERY_DATE"}]}
RESULT: undefined
COMMAND: POST /session/324496234919104d937ca92dc3ef2aab/execute/async - {"script":"<script> [6424 bytes]","args":[{"element-6066-11e4-a52e-4f735466cecf":"f.350099D233706A5CE962F884DCED375A.d.C88BA57D030F568609C641AD259C19C4.e.14136"},"setValue",["5/23/25"]]}
RESULT: {}
RESULT: {"script":"<script> [6424 bytes]","args":[{"element-6066-11e4-a52e-4f735466cecf":"f.350099D233706A5CE962F884DCED375A.d.C88BA57D030F568609C641AD259C19C4.e.14136"},"setValue",["5/23/25"]]}
COMMAND: POST /session/324496234919104d937ca92dc3ef2aab/element - {"using":"xpath","value":"//label[contains(@class, 'sapMLabelRequired') and .//bdi[contains(text(), 'Planned Retirement')]]"}
RESULT: {"using":"xpath","value":"//label[contains(@class, 'sapMLabelRequired') and .//bdi[contains(text(), 'Planned Retirement')]]"}
COMMAND: POST /session/324496234919104d937ca92dc3ef2aab/elements - {"using":"xpath","value":"//label[contains(@class, 'sapMLabelRequired') and .//bdi[contains(text(), 'Planned Retirement')]]"}
RESULT: {"using":"xpath","value":"//label[contains(@class, 'sapMLabelRequired') and .//bdi[contains(text(), 'Planned Retirement')]]"}
COMMAND: POST /session/324496234919104d937ca92dc3ef2aab/element - {"using":"xpath","value":"//button[@data-kt=\"resourceUnitSaveButton\"]"}
RESULT: {"using":"xpath","value":"//button[@data-kt=\"resourceUnitSaveButton\"]"}
COMMAND: POST /session/324496234919104d937ca92dc3ef2aab/element/f.350099D233706A5CE962F884DCED375A.d.C88BA57D030F568609C641AD259C19C4.e.14095/click - {}
RESULT: {}
COMMAND: GET /session/324496234919104d937ca92dc3ef2aab/screenshot - {}
RESULT: {}
COMMAND: POST /session/324496234919104d937ca92dc3ef2aab/element - {"using":"xpath","value":"//bdi[contains(text(), \"Close\")]"}
RESULT: {"using":"xpath","value":"//bdi[contains(text(), \"Close\")]"}
COMMAND: POST /session/324496234919104d937ca92dc3ef2aab/element/f.350099D233706A5CE962F884DCED375A.d.C88BA57D030F568609C641AD259C19C4.e.14314/click - {}
RESULT: {}
COMMAND: GET /session/324496234919104d937ca92dc3ef2aab/screenshot - {}
RESULT: {}
COMMAND: POST /session/324496234919104d937ca92dc3ef2aab/element - {"using":"xpath","value":"(//button[contains(@id ,\"actionsToolbar-overflowButton\")])[1]"}
RESULT: {"using":"xpath","value":"(//button[contains(@id ,\"actionsToolbar-overflowButton\")])[1]"}
COMMAND: POST /session/324496234919104d937ca92dc3ef2aab/element/f.350099D233706A5CE962F884DCED375A.d.C88BA57D030F568609C641AD259C19C4.e.14346/click - {}
RESULT: {}
COMMAND: GET /session/324496234919104d937ca92dc3ef2aab/screenshot - {}
RESULT: {}
COMMAND: POST /session/324496234919104d937ca92dc3ef2aab/element - {"using":"xpath","value":"//button[@data-kt=\"priceInfoButton\"]"}
RESULT: {"using":"xpath","value":"//button[@data-kt=\"priceInfoButton\"]"}
COMMAND: POST /session/324496234919104d937ca92dc3ef2aab/element/f.350099D233706A5CE962F884DCED375A.d.C88BA57D030F568609C641AD259C19C4.e.14348/click - {}
RESULT: {}
COMMAND: GET /session/324496234919104d937ca92dc3ef2aab/screenshot - {}
]]></system-out>
    </testcase>
    <testcase classname="chrome.136_0_7103_93.windows.Performance_based_billing_(work_days)_US139742" name="Should create a pricing rule perf based on the equipment" time="55.292">
      <system-out><![CDATA[
COMMAND: POST /session/324496234919104d937ca92dc3ef2aab/element - {"using":"xpath","value":"//button[@data-kt=\"addButton\"]"}
RESULT: {}
RESULT: {"using":"xpath","value":"//button[@data-kt=\"addButton\"]"}
COMMAND: POST /session/324496234919104d937ca92dc3ef2aab/elements - {"using":"xpath","value":"//button[@data-kt=\"addButton\"]"}
RESULT: {"using":"xpath","value":"//button[@data-kt=\"addButton\"]"}
COMMAND: POST /session/324496234919104d937ca92dc3ef2aab/elements - {"using":"xpath","value":"//button[@data-kt=\"addButton\"]"}
RESULT: {"using":"xpath","value":"//button[@data-kt=\"addButton\"]"}
COMMAND: POST /session/324496234919104d937ca92dc3ef2aab/element - {"using":"xpath","value":"//button[@data-kt=\"addButton\"]"}
RESULT: {"using":"xpath","value":"//button[@data-kt=\"addButton\"]"}
COMMAND: POST /session/324496234919104d937ca92dc3ef2aab/execute/sync - {"script":"<script> [8489 bytes]","args":[{"element-6066-11e4-a52e-4f735466cecf":"f.350099D233706A5CE962F884DCED375A.d.C88BA57D030F568609C641AD259C19C4.e.14384","ELEMENT":"f.350099D233706A5CE962F884DCED375A.d.C88BA57D030F568609C641AD259C19C4.e.14384"}]}
RESULT: {"script":"<script> [8489 bytes]","args":[{"element-6066-11e4-a52e-4f735466cecf":"f.350099D233706A5CE962F884DCED375A.d.C88BA57D030F568609C641AD259C19C4.e.14384","ELEMENT":"f.350099D233706A5CE962F884DCED375A.d.C88BA57D030F568609C641AD259C19C4.e.14384"}]}
COMMAND: GET /session/324496234919104d937ca92dc3ef2aab/element/f.350099D233706A5CE962F884DCED375A.d.C88BA57D030F568609C641AD259C19C4.e.14384/enabled - {}
COMMAND: GET /session/324496234919104d937ca92dc3ef2aab/screenshot - {}
RESULT: {}
COMMAND: POST /session/324496234919104d937ca92dc3ef2aab/execute/sync - {"script":"<script> [8489 bytes]","args":[{"element-6066-11e4-a52e-4f735466cecf":"f.350099D233706A5CE962F884DCED375A.d.C88BA57D030F568609C641AD259C19C4.e.14384","ELEMENT":"f.350099D233706A5CE962F884DCED375A.d.C88BA57D030F568609C641AD259C19C4.e.14384"}]}
COMMAND: GET /session/324496234919104d937ca92dc3ef2aab/screenshot - {}
RESULT: {}
RESULT: {"script":"<script> [8489 bytes]","args":[{"element-6066-11e4-a52e-4f735466cecf":"f.350099D233706A5CE962F884DCED375A.d.C88BA57D030F568609C641AD259C19C4.e.14384","ELEMENT":"f.350099D233706A5CE962F884DCED375A.d.C88BA57D030F568609C641AD259C19C4.e.14384"}]}
COMMAND: POST /session/324496234919104d937ca92dc3ef2aab/execute/sync - {"script":"<script> [5351 bytes]","args":[{"element-6066-11e4-a52e-4f735466cecf":"f.350099D233706A5CE962F884DCED375A.d.C88BA57D030F568609C641AD259C19C4.e.14384","ELEMENT":"f.350099D233706A5CE962F884DCED375A.d.C88BA57D030F568609C641AD259C19C4.e.14384"}]}
COMMAND: GET /session/324496234919104d937ca92dc3ef2aab/screenshot - {}
RESULT: {}
RESULT: {"script":"<script> [5351 bytes]","args":[{"element-6066-11e4-a52e-4f735466cecf":"f.350099D233706A5CE962F884DCED375A.d.C88BA57D030F568609C641AD259C19C4.e.14384","ELEMENT":"f.350099D233706A5CE962F884DCED375A.d.C88BA57D030F568609C641AD259C19C4.e.14384"}]}
COMMAND: POST /session/324496234919104d937ca92dc3ef2aab/element/f.350099D233706A5CE962F884DCED375A.d.C88BA57D030F568609C641AD259C19C4.e.14384/click - {}
COMMAND: GET /session/324496234919104d937ca92dc3ef2aab/screenshot - {}
RESULT: {}
RESULT: {}
COMMAND: GET /session/324496234919104d937ca92dc3ef2aab/screenshot - {}
RESULT: {}
RESULT: {}
COMMAND: POST /session/324496234919104d937ca92dc3ef2aab/execute/async - {"script":"<script> [1562 bytes]","args":[{"selector":{"controlType":"sap.m.Title","viewName":"etm.portal.ui.managepricingrules.view.NewItem","viewId":"application-managepricingrules-display-component---newInfoPriceItem","properties":{"text":"New Pricing Rules - Item Level"}},"wdio_ui5_key":"etmportal.ui.managepricingrules.view.NewItemsap.m.Title{\"text\":\"New Pricing Rules - Item Level\"}"}]}
RESULT: {"script":"<script> [1562 bytes]","args":[{"selector":{"controlType":"sap.m.Title","viewName":"etm.portal.ui.managepricingrules.view.NewItem","viewId":"application-managepricingrules-display-component---newInfoPriceItem","properties":{"text":"New Pricing Rules - Item Level"}},"wdio_ui5_key":"etmportal.ui.managepricingrules.view.NewItemsap.m.Title{\"text\":\"New Pricing Rules - Item Level\"}"}]}
RESULT: undefined
COMMAND: POST /session/324496234919104d937ca92dc3ef2aab/execute/async - {"script":"<script> [6424 bytes]","args":[{"element-6066-11e4-a52e-4f735466cecf":"f.350099D233706A5CE962F884DCED375A.d.C88BA57D030F568609C641AD259C19C4.e.14556"},"getText",[]]}
RESULT: {"script":"<script> [6424 bytes]","args":[{"element-6066-11e4-a52e-4f735466cecf":"f.350099D233706A5CE962F884DCED375A.d.C88BA57D030F568609C641AD259C19C4.e.14556"},"getText",[]]}
COMMAND: POST /session/324496234919104d937ca92dc3ef2aab/execute/async - {"script":"<script> [1562 bytes]","args":[{"selector":{"id":"application-managepricingrules-display-component---newInfoPriceItem--condValidTo","interaction":{"idSuffix":"inner"}},"wdio_ui5_key":"applicationmanagepricingrules-display-component---newInfoPriceItem--condValidTo"}]}
RESULT: {"script":"<script> [1562 bytes]","args":[{"selector":{"id":"application-managepricingrules-display-component---newInfoPriceItem--condValidTo","interaction":{"idSuffix":"inner"}},"wdio_ui5_key":"applicationmanagepricingrules-display-component---newInfoPriceItem--condValidTo"}]}
RESULT: undefined
COMMAND: POST /session/324496234919104d937ca92dc3ef2aab/execute/async - {"script":"<script> [776 bytes]","args":[{"enterText":"1/23/26","selector":{"id":"application-managepricingrules-display-component---newInfoPriceItem--condValidTo","interaction":{"idSuffix":"inner"}},"clearTextFirst":true,"interactionType":"ENTER_TEXT"}]}
RESULT: {"script":"<script> [776 bytes]","args":[{"enterText":"1/23/26","selector":{"id":"application-managepricingrules-display-component---newInfoPriceItem--condValidTo","interaction":{"idSuffix":"inner"}},"clearTextFirst":true,"interactionType":"ENTER_TEXT"}]}
COMMAND: POST /session/324496234919104d937ca92dc3ef2aab/execute/async - {"script":"<script> [1562 bytes]","args":[{"selector":{"id":"application-managepricingrules-display-component---newInfoPriceItem--billType-arrow"},"wdio_ui5_key":"applicationmanagepricingrules-display-component---newInfoPriceItem--billType-arrow"}]}
RESULT: {"script":"<script> [1562 bytes]","args":[{"selector":{"id":"application-managepricingrules-display-component---newInfoPriceItem--billType-arrow"},"wdio_ui5_key":"applicationmanagepricingrules-display-component---newInfoPriceItem--billType-arrow"}]}
RESULT: undefined
COMMAND: POST /session/324496234919104d937ca92dc3ef2aab/element - {"using":"xpath","value":"//*[@id=\"application-managepricingrules-display-component---newInfoPriceItem--billType-arrow\"]"}
RESULT: {"using":"xpath","value":"//*[@id=\"application-managepricingrules-display-component---newInfoPriceItem--billType-arrow\"]"}
COMMAND: POST /session/324496234919104d937ca92dc3ef2aab/element/f.350099D233706A5CE962F884DCED375A.d.C88BA57D030F568609C641AD259C19C4.e.14516/click - {}
RESULT: {}
COMMAND: POST /session/324496234919104d937ca92dc3ef2aab/element - {"using":"xpath","value":"//span[contains(text(), \"PB - Performance based\")]"}
COMMAND: GET /session/324496234919104d937ca92dc3ef2aab/screenshot - {}
RESULT: {"using":"xpath","value":"//span[contains(text(), \"PB - Performance based\")]"}
COMMAND: POST /session/324496234919104d937ca92dc3ef2aab/element/f.350099D233706A5CE962F884DCED375A.d.C88BA57D030F568609C641AD259C19C4.e.14558/click - {}
RESULT: {}
RESULT: {}
COMMAND: POST /session/324496234919104d937ca92dc3ef2aab/execute/async - {"script":"<script> [1562 bytes]","args":[{"selector":{"id":"application-managepricingrules-display-component---newInfoPriceItem--priceProc-arrow"},"wdio_ui5_key":"applicationmanagepricingrules-display-component---newInfoPriceItem--priceProc-arrow"}]}
COMMAND: GET /session/324496234919104d937ca92dc3ef2aab/screenshot - {}
RESULT: {"script":"<script> [1562 bytes]","args":[{"selector":{"id":"application-managepricingrules-display-component---newInfoPriceItem--priceProc-arrow"},"wdio_ui5_key":"applicationmanagepricingrules-display-component---newInfoPriceItem--priceProc-arrow"}]}
RESULT: undefined
COMMAND: POST /session/324496234919104d937ca92dc3ef2aab/element - {"using":"xpath","value":"//*[@id=\"application-managepricingrules-display-component---newInfoPriceItem--priceProc-arrow\"]"}
RESULT: {}
RESULT: {"using":"xpath","value":"//*[@id=\"application-managepricingrules-display-component---newInfoPriceItem--priceProc-arrow\"]"}
COMMAND: POST /session/324496234919104d937ca92dc3ef2aab/element/f.350099D233706A5CE962F884DCED375A.d.C88BA57D030F568609C641AD259C19C4.e.14523/click - {}
RESULT: {}
COMMAND: POST /session/324496234919104d937ca92dc3ef2aab/element - {"using":"xpath","value":"//span[contains(text(), \"PRF - Performance based\")]"}
COMMAND: GET /session/324496234919104d937ca92dc3ef2aab/screenshot - {}
RESULT: {"using":"xpath","value":"//span[contains(text(), \"PRF - Performance based\")]"}
COMMAND: POST /session/324496234919104d937ca92dc3ef2aab/element/f.350099D233706A5CE962F884DCED375A.d.C88BA57D030F568609C641AD259C19C4.e.14559/click - {}
RESULT: {}
RESULT: {}
COMMAND: POST /session/324496234919104d937ca92dc3ef2aab/execute/async - {"script":"<script> [1562 bytes]","args":[{"selector":{"id":"application-managepricingrules-display-component---newInfoPriceItem--calcBase-arrow"},"wdio_ui5_key":"applicationmanagepricingrules-display-component---newInfoPriceItem--calcBase-arrow"}]}
COMMAND: GET /session/324496234919104d937ca92dc3ef2aab/screenshot - {}
RESULT: {"script":"<script> [1562 bytes]","args":[{"selector":{"id":"application-managepricingrules-display-component---newInfoPriceItem--calcBase-arrow"},"wdio_ui5_key":"applicationmanagepricingrules-display-component---newInfoPriceItem--calcBase-arrow"}]}
RESULT: undefined
COMMAND: POST /session/324496234919104d937ca92dc3ef2aab/element - {"using":"xpath","value":"//*[@id=\"application-managepricingrules-display-component---newInfoPriceItem--calcBase-arrow\"]"}
RESULT: {}
RESULT: {"using":"xpath","value":"//*[@id=\"application-managepricingrules-display-component---newInfoPriceItem--calcBase-arrow\"]"}
COMMAND: POST /session/324496234919104d937ca92dc3ef2aab/element/f.350099D233706A5CE962F884DCED375A.d.C88BA57D030F568609C641AD259C19C4.e.14530/click - {}
RESULT: {}
COMMAND: GET /session/324496234919104d937ca92dc3ef2aab/screenshot - {}
RESULT: {}
COMMAND: POST /session/324496234919104d937ca92dc3ef2aab/element - {"using":"xpath","value":"//span[contains(text(), \"0007 - PB(work days)\")]"}
RESULT: {"using":"xpath","value":"//span[contains(text(), \"0007 - PB(work days)\")]"}
COMMAND: POST /session/324496234919104d937ca92dc3ef2aab/element/f.350099D233706A5CE962F884DCED375A.d.C88BA57D030F568609C641AD259C19C4.e.14560/click - {}
RESULT: {}
COMMAND: GET /session/324496234919104d937ca92dc3ef2aab/screenshot - {}
RESULT: {}
COMMAND: POST /session/324496234919104d937ca92dc3ef2aab/execute/async - {"script":"<script> [1562 bytes]","args":[{"selector":{"id":"application-managepricingrules-display-component---newInfoPriceItem--hoursMonth","interaction":{"idSuffix":"inner"}},"wdio_ui5_key":"applicationmanagepricingrules-display-component---newInfoPriceItem--hoursMonth"}]}
RESULT: {"script":"<script> [1562 bytes]","args":[{"selector":{"id":"application-managepricingrules-display-component---newInfoPriceItem--hoursMonth","interaction":{"idSuffix":"inner"}},"wdio_ui5_key":"applicationmanagepricingrules-display-component---newInfoPriceItem--hoursMonth"}]}
RESULT: undefined
COMMAND: POST /session/324496234919104d937ca92dc3ef2aab/execute/async - {"script":"<script> [776 bytes]","args":[{"enterText":"160","selector":{"id":"application-managepricingrules-display-component---newInfoPriceItem--hoursMonth","interaction":{"idSuffix":"inner"}},"clearTextFirst":true,"interactionType":"ENTER_TEXT"}]}
RESULT: {"script":"<script> [776 bytes]","args":[{"enterText":"160","selector":{"id":"application-managepricingrules-display-component---newInfoPriceItem--hoursMonth","interaction":{"idSuffix":"inner"}},"clearTextFirst":true,"interactionType":"ENTER_TEXT"}]}
COMMAND: POST /session/324496234919104d937ca92dc3ef2aab/element - {"using":"xpath","value":"//button[@data-kt=\"saveNewRuleButton\"]"}
RESULT: {"using":"xpath","value":"//button[@data-kt=\"saveNewRuleButton\"]"}
COMMAND: POST /session/324496234919104d937ca92dc3ef2aab/element/f.350099D233706A5CE962F884DCED375A.d.C88BA57D030F568609C641AD259C19C4.e.14550/click - {}
RESULT: {}
COMMAND: GET /session/324496234919104d937ca92dc3ef2aab/screenshot - {}
RESULT: {}
COMMAND: POST /session/324496234919104d937ca92dc3ef2aab/execute/async - {"script":"<script> [1562 bytes]","args":[{"selector":{"id":"application-managepricingrules-display-component---priceInfoItem--smartFilterBar-btnBasicSearch","interaction":{"idSuffix":"I"}},"wdio_ui5_key":"applicationmanagepricingrules-display-component---priceInfoItem--smartFilterBar-btnBasicSearch"}]}
RESULT: {"script":"<script> [1562 bytes]","args":[{"selector":{"id":"application-managepricingrules-display-component---priceInfoItem--smartFilterBar-btnBasicSearch","interaction":{"idSuffix":"I"}},"wdio_ui5_key":"applicationmanagepricingrules-display-component---priceInfoItem--smartFilterBar-btnBasicSearch"}]}
RESULT: undefined
COMMAND: POST /session/324496234919104d937ca92dc3ef2aab/execute/async - {"script":"<script> [776 bytes]","args":[{"enterText":"Gjl8Ayj5Zu","selector":{"id":"application-managepricingrules-display-component---priceInfoItem--smartFilterBar-btnBasicSearch","interaction":{"idSuffix":"I"}},"clearTextFirst":true,"interactionType":"ENTER_TEXT"}]}
RESULT: {"script":"<script> [776 bytes]","args":[{"enterText":"Gjl8Ayj5Zu","selector":{"id":"application-managepricingrules-display-component---priceInfoItem--smartFilterBar-btnBasicSearch","interaction":{"idSuffix":"I"}},"clearTextFirst":true,"interactionType":"ENTER_TEXT"}]}
COMMAND: POST /session/324496234919104d937ca92dc3ef2aab/actions - {"actions":[{"id":"action55","type":"key","parameters":{},"actions":[{"type":"keyDown","value":""},{"type":"pause","duration":10},{"type":"keyUp","value":""}]}]}
RESULT: {"actions":[{"id":"action55","type":"key","parameters":{},"actions":[{"type":"keyDown","value":""},{"type":"pause","duration":10},{"type":"keyUp","value":""}]}]}
COMMAND: GET /session/324496234919104d937ca92dc3ef2aab/screenshot - {}
RESULT: {}
COMMAND: POST /session/324496234919104d937ca92dc3ef2aab/element - {"using":"xpath","value":"//span[@id=\"application-managepricingrules-display-component---priceInfoItem--smartTable-header-inner\"]"}
RESULT: {"using":"xpath","value":"//span[@id=\"application-managepricingrules-display-component---priceInfoItem--smartTable-header-inner\"]"}
COMMAND: POST /session/324496234919104d937ca92dc3ef2aab/elements - {"using":"xpath","value":"//span[@id=\"application-managepricingrules-display-component---priceInfoItem--smartTable-header-inner\"]"}
RESULT: {"using":"xpath","value":"//span[@id=\"application-managepricingrules-display-component---priceInfoItem--smartTable-header-inner\"]"}
COMMAND: POST /session/324496234919104d937ca92dc3ef2aab/execute/sync - {"script":"<script> [56 bytes]","args":[{"element-6066-11e4-a52e-4f735466cecf":"f.350099D233706A5CE962F884DCED375A.d.C88BA57D030F568609C641AD259C19C4.e.14574","ELEMENT":"f.350099D233706A5CE962F884DCED375A.d.C88BA57D030F568609C641AD259C19C4.e.14574"}]}
RESULT: {"script":"<script> [56 bytes]","args":[{"element-6066-11e4-a52e-4f735466cecf":"f.350099D233706A5CE962F884DCED375A.d.C88BA57D030F568609C641AD259C19C4.e.14574","ELEMENT":"f.350099D233706A5CE962F884DCED375A.d.C88BA57D030F568609C641AD259C19C4.e.14574"}]}
COMMAND: POST /session/324496234919104d937ca92dc3ef2aab/element - {"using":"css selector","value":"#shell-header-logo"}
COMMAND: GET /session/324496234919104d937ca92dc3ef2aab/screenshot - {}
RESULT: {"using":"css selector","value":"#shell-header-logo"}
COMMAND: POST /session/324496234919104d937ca92dc3ef2aab/element/f.350099D233706A5CE962F884DCED375A.d.C88BA57D030F568609C641AD259C19C4.e.13693/click - {}
RESULT: {}
RESULT: {}
COMMAND: GET /session/324496234919104d937ca92dc3ef2aab/screenshot - {}
RESULT: {}
]]></system-out>
    </testcase>
    <testcase classname="chrome.136_0_7103_93.windows.Performance_based_billing_(work_days)_US139742" name="Should create a performance based billing condition on the equipment" time="71.739">
      <system-out><![CDATA[
COMMAND: POST /session/324496234919104d937ca92dc3ef2aab/execute/async - {"script":"<script> [1562 bytes]","args":[{"selector":{"controlType":"sap.m.GenericTile","properties":{"header":"Manage Conditions & Prices"}},"wdio_ui5_key":"sapm.GenericTile{\"header\":\"Manage Conditions & Prices\"}"}]}
RESULT: {"script":"<script> [1562 bytes]","args":[{"selector":{"controlType":"sap.m.GenericTile","properties":{"header":"Manage Conditions & Prices"}},"wdio_ui5_key":"sapm.GenericTile{\"header\":\"Manage Conditions & Prices\"}"}]}
RESULT: undefined
COMMAND: POST /session/324496234919104d937ca92dc3ef2aab/element - {"using":"xpath","value":"//*[@id=\"__tile53\"]"}
RESULT: {"using":"xpath","value":"//*[@id=\"__tile53\"]"}
COMMAND: POST /session/324496234919104d937ca92dc3ef2aab/element/f.350099D233706A5CE962F884DCED375A.d.C88BA57D030F568609C641AD259C19C4.e.13629/click - {}
RESULT: {}
COMMAND: GET /session/324496234919104d937ca92dc3ef2aab/screenshot - {}
RESULT: {}
COMMAND: POST /session/324496234919104d937ca92dc3ef2aab/elements - {"using":"xpath","value":"//span[text()='Error']"}
RESULT: {"using":"xpath","value":"//span[text()='Error']"}
COMMAND: POST /session/324496234919104d937ca92dc3ef2aab/element - {"using":"xpath","value":"//button[@aria-label=\"Create\"]"}
RESULT: {"using":"xpath","value":"//button[@aria-label=\"Create\"]"}
COMMAND: POST /session/324496234919104d937ca92dc3ef2aab/elements - {"using":"xpath","value":"//button[@aria-label=\"Create\"]"}
RESULT: {"using":"xpath","value":"//button[@aria-label=\"Create\"]"}
COMMAND: POST /session/324496234919104d937ca92dc3ef2aab/execute/sync - {"script":"<script> [8489 bytes]","args":[{"element-6066-11e4-a52e-4f735466cecf":"f.350099D233706A5CE962F884DCED375A.d.C88BA57D030F568609C641AD259C19C4.e.14609","ELEMENT":"f.350099D233706A5CE962F884DCED375A.d.C88BA57D030F568609C641AD259C19C4.e.14609"}]}
RESULT: {"script":"<script> [8489 bytes]","args":[{"element-6066-11e4-a52e-4f735466cecf":"f.350099D233706A5CE962F884DCED375A.d.C88BA57D030F568609C641AD259C19C4.e.14609","ELEMENT":"f.350099D233706A5CE962F884DCED375A.d.C88BA57D030F568609C641AD259C19C4.e.14609"}]}
COMMAND: GET /session/324496234919104d937ca92dc3ef2aab/element/f.350099D233706A5CE962F884DCED375A.d.C88BA57D030F568609C641AD259C19C4.e.14609/enabled - {}
COMMAND: GET /session/324496234919104d937ca92dc3ef2aab/screenshot - {}
RESULT: {}
COMMAND: POST /session/324496234919104d937ca92dc3ef2aab/execute/sync - {"script":"<script> [8489 bytes]","args":[{"element-6066-11e4-a52e-4f735466cecf":"f.350099D233706A5CE962F884DCED375A.d.C88BA57D030F568609C641AD259C19C4.e.14609","ELEMENT":"f.350099D233706A5CE962F884DCED375A.d.C88BA57D030F568609C641AD259C19C4.e.14609"}]}
COMMAND: GET /session/324496234919104d937ca92dc3ef2aab/screenshot - {}
RESULT: {}
RESULT: {"script":"<script> [8489 bytes]","args":[{"element-6066-11e4-a52e-4f735466cecf":"f.350099D233706A5CE962F884DCED375A.d.C88BA57D030F568609C641AD259C19C4.e.14609","ELEMENT":"f.350099D233706A5CE962F884DCED375A.d.C88BA57D030F568609C641AD259C19C4.e.14609"}]}
COMMAND: POST /session/324496234919104d937ca92dc3ef2aab/execute/sync - {"script":"<script> [5351 bytes]","args":[{"element-6066-11e4-a52e-4f735466cecf":"f.350099D233706A5CE962F884DCED375A.d.C88BA57D030F568609C641AD259C19C4.e.14609","ELEMENT":"f.350099D233706A5CE962F884DCED375A.d.C88BA57D030F568609C641AD259C19C4.e.14609"}]}
COMMAND: GET /session/324496234919104d937ca92dc3ef2aab/screenshot - {}
RESULT: {}
RESULT: {"script":"<script> [5351 bytes]","args":[{"element-6066-11e4-a52e-4f735466cecf":"f.350099D233706A5CE962F884DCED375A.d.C88BA57D030F568609C641AD259C19C4.e.14609","ELEMENT":"f.350099D233706A5CE962F884DCED375A.d.C88BA57D030F568609C641AD259C19C4.e.14609"}]}
COMMAND: POST /session/324496234919104d937ca92dc3ef2aab/element/f.350099D233706A5CE962F884DCED375A.d.C88BA57D030F568609C641AD259C19C4.e.14609/click - {}
COMMAND: GET /session/324496234919104d937ca92dc3ef2aab/screenshot - {}
RESULT: {}
RESULT: {}
COMMAND: GET /session/324496234919104d937ca92dc3ef2aab/screenshot - {}
RESULT: {}
RESULT: {}
COMMAND: POST /session/324496234919104d937ca92dc3ef2aab/actions - {"actions":[{"id":"action56","type":"key","parameters":{},"actions":[{"type":"keyDown","value":""},{"type":"pause","duration":10},{"type":"keyUp","value":""}]}]}
RESULT: {"actions":[{"id":"action56","type":"key","parameters":{},"actions":[{"type":"keyDown","value":""},{"type":"pause","duration":10},{"type":"keyUp","value":""}]}]}
COMMAND: GET /session/324496234919104d937ca92dc3ef2aab/screenshot - {}
RESULT: {}
COMMAND: POST /session/324496234919104d937ca92dc3ef2aab/execute/async - {"script":"<script> [1562 bytes]","args":[{"selector":{"id":"application-manageconditionprice-display-component---newCondition--condBillCond-arrow"},"wdio_ui5_key":"applicationmanageconditionprice-display-component---newCondition--condBillCond-arrow"}]}
RESULT: {"script":"<script> [1562 bytes]","args":[{"selector":{"id":"application-manageconditionprice-display-component---newCondition--condBillCond-arrow"},"wdio_ui5_key":"applicationmanageconditionprice-display-component---newCondition--condBillCond-arrow"}]}
RESULT: undefined
COMMAND: POST /session/324496234919104d937ca92dc3ef2aab/element - {"using":"xpath","value":"//*[@id=\"application-manageconditionprice-display-component---newCondition--condBillCond-arrow\"]"}
RESULT: {"using":"xpath","value":"//*[@id=\"application-manageconditionprice-display-component---newCondition--condBillCond-arrow\"]"}
COMMAND: POST /session/324496234919104d937ca92dc3ef2aab/element/f.350099D233706A5CE962F884DCED375A.d.C88BA57D030F568609C641AD259C19C4.e.14789/click - {}
RESULT: {}
COMMAND: GET /session/324496234919104d937ca92dc3ef2aab/screenshot - {}
RESULT: {}
COMMAND: POST /session/324496234919104d937ca92dc3ef2aab/element - {"using":"xpath","value":"//li[.//span[contains(text(), \"PC06 - Performance Price - fuel\")]]"}
RESULT: {"using":"xpath","value":"//li[.//span[contains(text(), \"PC06 - Performance Price - fuel\")]]"}
COMMAND: POST /session/324496234919104d937ca92dc3ef2aab/element/f.350099D233706A5CE962F884DCED375A.d.C88BA57D030F568609C641AD259C19C4.e.14792/click - {}
RESULT: {}
COMMAND: GET /session/324496234919104d937ca92dc3ef2aab/screenshot - {}
RESULT: {}
COMMAND: POST /session/324496234919104d937ca92dc3ef2aab/execute/async - {"script":"<script> [1562 bytes]","args":[{"selector":{"id":"application-manageconditionprice-display-component---newCondition--condValidTo","interaction":{"idSuffix":"inner"}},"wdio_ui5_key":"applicationmanageconditionprice-display-component---newCondition--condValidTo"}]}
RESULT: {"script":"<script> [1562 bytes]","args":[{"selector":{"id":"application-manageconditionprice-display-component---newCondition--condValidTo","interaction":{"idSuffix":"inner"}},"wdio_ui5_key":"applicationmanageconditionprice-display-component---newCondition--condValidTo"}]}
RESULT: undefined
COMMAND: POST /session/324496234919104d937ca92dc3ef2aab/execute/async - {"script":"<script> [776 bytes]","args":[{"enterText":"1/23/26","selector":{"id":"application-manageconditionprice-display-component---newCondition--condValidTo","interaction":{"idSuffix":"inner"}},"clearTextFirst":true,"interactionType":"ENTER_TEXT"}]}
RESULT: {"script":"<script> [776 bytes]","args":[{"enterText":"1/23/26","selector":{"id":"application-manageconditionprice-display-component---newCondition--condValidTo","interaction":{"idSuffix":"inner"}},"clearTextFirst":true,"interactionType":"ENTER_TEXT"}]}
COMMAND: POST /session/324496234919104d937ca92dc3ef2aab/element - {"using":"xpath","value":"//input[@id=\"application-manageconditionprice-display-component---newCondition--condRU-inner\"]"}
RESULT: {"using":"xpath","value":"//input[@id=\"application-manageconditionprice-display-component---newCondition--condRU-inner\"]"}
COMMAND: POST /session/324496234919104d937ca92dc3ef2aab/element/f.350099D233706A5CE962F884DCED375A.d.C88BA57D030F568609C641AD259C19C4.e.14653/clear - {}
RESULT: {}
COMMAND: POST /session/324496234919104d937ca92dc3ef2aab/element/f.350099D233706A5CE962F884DCED375A.d.C88BA57D030F568609C641AD259C19C4.e.14653/value - {"text":"Gjl8Ayj5Zu"}
COMMAND: GET /session/324496234919104d937ca92dc3ef2aab/screenshot - {}
RESULT: {"text":"Gjl8Ayj5Zu"}
COMMAND: GET /session/324496234919104d937ca92dc3ef2aab/screenshot - {}
RESULT: {}
RESULT: {}
COMMAND: POST /session/324496234919104d937ca92dc3ef2aab/actions - {"actions":[{"id":"action57","type":"key","parameters":{},"actions":[{"type":"keyDown","value":""},{"type":"pause","duration":10},{"type":"keyUp","value":""}]}]}
RESULT: {"actions":[{"id":"action57","type":"key","parameters":{},"actions":[{"type":"keyDown","value":""},{"type":"pause","duration":10},{"type":"keyUp","value":""}]}]}
COMMAND: POST /session/324496234919104d937ca92dc3ef2aab/execute/async - {"script":"<script> [1562 bytes]","args":[{"selector":{"id":"application-manageconditionprice-display-component---newCondition--condBaseQty","interaction":{"idSuffix":"inner"}},"wdio_ui5_key":"applicationmanageconditionprice-display-component---newCondition--condBaseQty"}]}
COMMAND: GET /session/324496234919104d937ca92dc3ef2aab/screenshot - {}
RESULT: {"script":"<script> [1562 bytes]","args":[{"selector":{"id":"application-manageconditionprice-display-component---newCondition--condBaseQty","interaction":{"idSuffix":"inner"}},"wdio_ui5_key":"applicationmanageconditionprice-display-component---newCondition--condBaseQty"}]}
RESULT: undefined
COMMAND: POST /session/324496234919104d937ca92dc3ef2aab/execute/async - {"script":"<script> [776 bytes]","args":[{"enterText":"1","selector":{"id":"application-manageconditionprice-display-component---newCondition--condBaseQty","interaction":{"idSuffix":"inner"}},"clearTextFirst":true,"interactionType":"ENTER_TEXT"}]}
RESULT: {}
RESULT: {"script":"<script> [776 bytes]","args":[{"enterText":"1","selector":{"id":"application-manageconditionprice-display-component---newCondition--condBaseQty","interaction":{"idSuffix":"inner"}},"clearTextFirst":true,"interactionType":"ENTER_TEXT"}]}
COMMAND: POST /session/324496234919104d937ca92dc3ef2aab/execute/async - {"script":"<script> [1562 bytes]","args":[{"selector":{"id":"application-manageconditionprice-display-component---newCondition--condValue","interaction":{"idSuffix":"inner"}},"wdio_ui5_key":"applicationmanageconditionprice-display-component---newCondition--condValue"}]}
RESULT: {"script":"<script> [1562 bytes]","args":[{"selector":{"id":"application-manageconditionprice-display-component---newCondition--condValue","interaction":{"idSuffix":"inner"}},"wdio_ui5_key":"applicationmanageconditionprice-display-component---newCondition--condValue"}]}
RESULT: undefined
COMMAND: POST /session/324496234919104d937ca92dc3ef2aab/execute/async - {"script":"<script> [776 bytes]","args":[{"enterText":"10","selector":{"id":"application-manageconditionprice-display-component---newCondition--condValue","interaction":{"idSuffix":"inner"}},"clearTextFirst":true,"interactionType":"ENTER_TEXT"}]}
RESULT: {"script":"<script> [776 bytes]","args":[{"enterText":"10","selector":{"id":"application-manageconditionprice-display-component---newCondition--condValue","interaction":{"idSuffix":"inner"}},"clearTextFirst":true,"interactionType":"ENTER_TEXT"}]}
COMMAND: POST /session/324496234919104d937ca92dc3ef2aab/execute/async - {"script":"<script> [1562 bytes]","args":[{"selector":{"id":"application-manageconditionprice-display-component---newCondition--condCurr-arrow"},"wdio_ui5_key":"applicationmanageconditionprice-display-component---newCondition--condCurr-arrow"}]}
RESULT: {"script":"<script> [1562 bytes]","args":[{"selector":{"id":"application-manageconditionprice-display-component---newCondition--condCurr-arrow"},"wdio_ui5_key":"applicationmanageconditionprice-display-component---newCondition--condCurr-arrow"}]}
RESULT: undefined
COMMAND: POST /session/324496234919104d937ca92dc3ef2aab/element - {"using":"xpath","value":"//*[@id=\"application-manageconditionprice-display-component---newCondition--condCurr-arrow\"]"}
RESULT: {"using":"xpath","value":"//*[@id=\"application-manageconditionprice-display-component---newCondition--condCurr-arrow\"]"}
COMMAND: POST /session/324496234919104d937ca92dc3ef2aab/element/f.350099D233706A5CE962F884DCED375A.d.C88BA57D030F568609C641AD259C19C4.e.14772/click - {}
RESULT: {}
COMMAND: POST /session/324496234919104d937ca92dc3ef2aab/element - {"using":"xpath","value":"//span[contains(text(), \"Euro\")]"}
COMMAND: GET /session/324496234919104d937ca92dc3ef2aab/screenshot - {}
RESULT: {"using":"xpath","value":"//span[contains(text(), \"Euro\")]"}
COMMAND: POST /session/324496234919104d937ca92dc3ef2aab/element/f.350099D233706A5CE962F884DCED375A.d.C88BA57D030F568609C641AD259C19C4.e.14829/click - {}
RESULT: {}
RESULT: {}
COMMAND: POST /session/324496234919104d937ca92dc3ef2aab/element - {"using":"xpath","value":"//button[@data-kt=\"saveButton\"]"}
COMMAND: GET /session/324496234919104d937ca92dc3ef2aab/screenshot - {}
RESULT: {"using":"xpath","value":"//button[@data-kt=\"saveButton\"]"}
COMMAND: POST /session/324496234919104d937ca92dc3ef2aab/element/f.350099D233706A5CE962F884DCED375A.d.C88BA57D030F568609C641AD259C19C4.e.14773/click - {}
RESULT: {}
RESULT: {}
COMMAND: GET /session/324496234919104d937ca92dc3ef2aab/screenshot - {}
RESULT: {}
COMMAND: POST /session/324496234919104d937ca92dc3ef2aab/execute/async - {"script":"<script> [1562 bytes]","args":[{"selector":{"id":"application-manageconditionprice-display-component---conditions--smartFilterBar-btnBasicSearch","interaction":{"idSuffix":"I"}},"wdio_ui5_key":"applicationmanageconditionprice-display-component---conditions--smartFilterBar-btnBasicSearch"}]}
RESULT: {"script":"<script> [1562 bytes]","args":[{"selector":{"id":"application-manageconditionprice-display-component---conditions--smartFilterBar-btnBasicSearch","interaction":{"idSuffix":"I"}},"wdio_ui5_key":"applicationmanageconditionprice-display-component---conditions--smartFilterBar-btnBasicSearch"}]}
RESULT: undefined
COMMAND: POST /session/324496234919104d937ca92dc3ef2aab/execute/async - {"script":"<script> [776 bytes]","args":[{"enterText":"Gjl8Ayj5Zu","selector":{"id":"application-manageconditionprice-display-component---conditions--smartFilterBar-btnBasicSearch","interaction":{"idSuffix":"I"}},"clearTextFirst":true,"interactionType":"ENTER_TEXT"}]}
RESULT: {"script":"<script> [776 bytes]","args":[{"enterText":"Gjl8Ayj5Zu","selector":{"id":"application-manageconditionprice-display-component---conditions--smartFilterBar-btnBasicSearch","interaction":{"idSuffix":"I"}},"clearTextFirst":true,"interactionType":"ENTER_TEXT"}]}
COMMAND: POST /session/324496234919104d937ca92dc3ef2aab/actions - {"actions":[{"id":"action58","type":"key","parameters":{},"actions":[{"type":"keyDown","value":""},{"type":"pause","duration":10},{"type":"keyUp","value":""}]}]}
RESULT: {"actions":[{"id":"action58","type":"key","parameters":{},"actions":[{"type":"keyDown","value":""},{"type":"pause","duration":10},{"type":"keyUp","value":""}]}]}
COMMAND: GET /session/324496234919104d937ca92dc3ef2aab/screenshot - {}
RESULT: {}
COMMAND: POST /session/324496234919104d937ca92dc3ef2aab/execute/async - {"script":"<script> [1562 bytes]","args":[{"selector":{"id":"application-manageconditionprice-display-component---conditions--smartFilterBar-filterItemControl_BASIC-BILL_TYPES-vhi"},"wdio_ui5_key":"applicationmanageconditionprice-display-component---conditions--smartFilterBar-filterItemControl_BASIC-BILL_TYPES-vhi"}]}
RESULT: {"script":"<script> [1562 bytes]","args":[{"selector":{"id":"application-manageconditionprice-display-component---conditions--smartFilterBar-filterItemControl_BASIC-BILL_TYPES-vhi"},"wdio_ui5_key":"applicationmanageconditionprice-display-component---conditions--smartFilterBar-filterItemControl_BASIC-BILL_TYPES-vhi"}]}
RESULT: undefined
COMMAND: POST /session/324496234919104d937ca92dc3ef2aab/element - {"using":"xpath","value":"//*[@id=\"application-manageconditionprice-display-component---conditions--smartFilterBar-filterItemControl_BASIC-BILL_TYPES-vhi\"]"}
RESULT: {"using":"xpath","value":"//*[@id=\"application-manageconditionprice-display-component---conditions--smartFilterBar-filterItemControl_BASIC-BILL_TYPES-vhi\"]"}
COMMAND: POST /session/324496234919104d937ca92dc3ef2aab/element/f.350099D233706A5CE962F884DCED375A.d.C88BA57D030F568609C641AD259C19C4.e.14925/click - {}
RESULT: {}
COMMAND: POST /session/324496234919104d937ca92dc3ef2aab/execute/async - {"script":"<script> [1562 bytes]","args":[{"selector":{"id":"application-manageconditionprice-display-component---conditions--smartFilterBar-filterItemControl_BASIC-BILL_TYPES-valueHelpDialog-smartFilterBar-btnBasicSearch","searchOpenDialogs":true,"interaction":{"idSuffix":"I"}},"wdio_ui5_key":"applicationmanageconditionprice-display-component---conditions--smartFilterBar-filterItemControl_BASIC-BILL_TYPES-valueHelpDialog-smartFilterBar-btnBasicSearch"}]}
COMMAND: GET /session/324496234919104d937ca92dc3ef2aab/screenshot - {}
RESULT: {"script":"<script> [1562 bytes]","args":[{"selector":{"id":"application-manageconditionprice-display-component---conditions--smartFilterBar-filterItemControl_BASIC-BILL_TYPES-valueHelpDialog-smartFilterBar-btnBasicSearch","searchOpenDialogs":true,"interaction":{"idSuffix":"I"}},"wdio_ui5_key":"applicationmanageconditionprice-display-component---conditions--smartFilterBar-filterItemControl_BASIC-BILL_TYPES-valueHelpDialog-smartFilterBar-btnBasicSearch"}]}
RESULT: undefined
COMMAND: POST /session/324496234919104d937ca92dc3ef2aab/execute/async - {"script":"<script> [776 bytes]","args":[{"enterText":"PB","selector":{"id":"application-manageconditionprice-display-component---conditions--smartFilterBar-filterItemControl_BASIC-BILL_TYPES-valueHelpDialog-smartFilterBar-btnBasicSearch","searchOpenDialogs":true,"interaction":{"idSuffix":"I"}},"clearTextFirst":true,"interactionType":"ENTER_TEXT"}]}
RESULT: {}
RESULT: {"script":"<script> [776 bytes]","args":[{"enterText":"PB","selector":{"id":"application-manageconditionprice-display-component---conditions--smartFilterBar-filterItemControl_BASIC-BILL_TYPES-valueHelpDialog-smartFilterBar-btnBasicSearch","searchOpenDialogs":true,"interaction":{"idSuffix":"I"}},"clearTextFirst":true,"interactionType":"ENTER_TEXT"}]}
COMMAND: POST /session/324496234919104d937ca92dc3ef2aab/actions - {"actions":[{"id":"action59","type":"key","parameters":{},"actions":[{"type":"keyDown","value":""},{"type":"pause","duration":10},{"type":"keyUp","value":""}]}]}
RESULT: {"actions":[{"id":"action59","type":"key","parameters":{},"actions":[{"type":"keyDown","value":""},{"type":"pause","duration":10},{"type":"keyUp","value":""}]}]}
COMMAND: GET /session/324496234919104d937ca92dc3ef2aab/screenshot - {}
RESULT: {}
COMMAND: POST /session/324496234919104d937ca92dc3ef2aab/element - {"using":"xpath","value":"//div[contains(@id, 'application-manageconditionprice-display-component---conditions--smartFilterBar-filterItemControl_BASIC-BILL_TYPES-valueHelpDialog-table-rowsel0')]"}
RESULT: {"using":"xpath","value":"//div[contains(@id, 'application-manageconditionprice-display-component---conditions--smartFilterBar-filterItemControl_BASIC-BILL_TYPES-valueHelpDialog-table-rowsel0')]"}
COMMAND: POST /session/324496234919104d937ca92dc3ef2aab/element/f.350099D233706A5CE962F884DCED375A.d.C88BA57D030F568609C641AD259C19C4.e.14934/click - {}
RESULT: {}
COMMAND: GET /session/324496234919104d937ca92dc3ef2aab/screenshot - {}
RESULT: {}
COMMAND: POST /session/324496234919104d937ca92dc3ef2aab/element - {"using":"xpath","value":"//bdi[contains(text(), \"OK\")]"}
RESULT: {"using":"xpath","value":"//bdi[contains(text(), \"OK\")]"}
COMMAND: POST /session/324496234919104d937ca92dc3ef2aab/element/f.350099D233706A5CE962F884DCED375A.d.C88BA57D030F568609C641AD259C19C4.e.14936/click - {}
RESULT: {}
COMMAND: GET /session/324496234919104d937ca92dc3ef2aab/screenshot - {}
RESULT: {}
COMMAND: POST /session/324496234919104d937ca92dc3ef2aab/element - {"using":"xpath","value":"//span[@id=\"application-manageconditionprice-display-component---conditions--smartTable-header-inner\"]"}
RESULT: {"using":"xpath","value":"//span[@id=\"application-manageconditionprice-display-component---conditions--smartTable-header-inner\"]"}
COMMAND: POST /session/324496234919104d937ca92dc3ef2aab/elements - {"using":"xpath","value":"//span[@id=\"application-manageconditionprice-display-component---conditions--smartTable-header-inner\"]"}
RESULT: {"using":"xpath","value":"//span[@id=\"application-manageconditionprice-display-component---conditions--smartTable-header-inner\"]"}
COMMAND: POST /session/324496234919104d937ca92dc3ef2aab/execute/sync - {"script":"<script> [56 bytes]","args":[{"element-6066-11e4-a52e-4f735466cecf":"f.350099D233706A5CE962F884DCED375A.d.C88BA57D030F568609C641AD259C19C4.e.14939","ELEMENT":"f.350099D233706A5CE962F884DCED375A.d.C88BA57D030F568609C641AD259C19C4.e.14939"}]}
RESULT: {"script":"<script> [56 bytes]","args":[{"element-6066-11e4-a52e-4f735466cecf":"f.350099D233706A5CE962F884DCED375A.d.C88BA57D030F568609C641AD259C19C4.e.14939","ELEMENT":"f.350099D233706A5CE962F884DCED375A.d.C88BA57D030F568609C641AD259C19C4.e.14939"}]}
COMMAND: POST /session/324496234919104d937ca92dc3ef2aab/element - {"using":"css selector","value":"#shell-header-logo"}
COMMAND: GET /session/324496234919104d937ca92dc3ef2aab/screenshot - {}
RESULT: {"using":"css selector","value":"#shell-header-logo"}
COMMAND: POST /session/324496234919104d937ca92dc3ef2aab/element/f.350099D233706A5CE962F884DCED375A.d.C88BA57D030F568609C641AD259C19C4.e.14577/click - {}
RESULT: {}
RESULT: {}
COMMAND: GET /session/324496234919104d937ca92dc3ef2aab/screenshot - {}
RESULT: {}
]]></system-out>
    </testcase>
    <testcase classname="chrome.136_0_7103_93.windows.Performance_based_billing_(work_days)_US139742" name="Should add a counter to the equipment" time="71.191">
      <system-out><![CDATA[
RESULT: undefined
COMMAND: POST /session/324496234919104d937ca92dc3ef2aab/element - {"using":"xpath","value":"//*[@id=\"__tile39\"]"}
RESULT: {"using":"xpath","value":"//*[@id=\"__tile39\"]"}
COMMAND: POST /session/324496234919104d937ca92dc3ef2aab/element/f.350099D233706A5CE962F884DCED375A.d.C88BA57D030F568609C641AD259C19C4.e.13583/click - {}
RESULT: {}
COMMAND: GET /session/324496234919104d937ca92dc3ef2aab/screenshot - {}
RESULT: {}
COMMAND: POST /session/324496234919104d937ca92dc3ef2aab/elements - {"using":"xpath","value":"//span[text()='Error']"}
RESULT: {"using":"xpath","value":"//span[text()='Error']"}
COMMAND: POST /session/324496234919104d937ca92dc3ef2aab/execute/async - {"script":"<script> [1562 bytes]","args":[{"selector":{"id":"application-manageresources-display-component---masterRU--smartFilterBar-btnBasicSearch","interaction":{"idSuffix":"I"}},"wdio_ui5_key":"applicationmanageresources-display-component---masterRU--smartFilterBar-btnBasicSearch"}]}
RESULT: {"script":"<script> [1562 bytes]","args":[{"selector":{"id":"application-manageresources-display-component---masterRU--smartFilterBar-btnBasicSearch","interaction":{"idSuffix":"I"}},"wdio_ui5_key":"applicationmanageresources-display-component---masterRU--smartFilterBar-btnBasicSearch"}]}
RESULT: undefined
COMMAND: POST /session/324496234919104d937ca92dc3ef2aab/execute/async - {"script":"<script> [776 bytes]","args":[{"enterText":"Gjl8Ayj5Zu","selector":{"id":"application-manageresources-display-component---masterRU--smartFilterBar-btnBasicSearch","interaction":{"idSuffix":"I"}},"clearTextFirst":true,"interactionType":"ENTER_TEXT"}]}
RESULT: {"script":"<script> [776 bytes]","args":[{"enterText":"Gjl8Ayj5Zu","selector":{"id":"application-manageresources-display-component---masterRU--smartFilterBar-btnBasicSearch","interaction":{"idSuffix":"I"}},"clearTextFirst":true,"interactionType":"ENTER_TEXT"}]}
COMMAND: POST /session/324496234919104d937ca92dc3ef2aab/actions - {"actions":[{"id":"action60","type":"key","parameters":{},"actions":[{"type":"keyDown","value":""},{"type":"pause","duration":10},{"type":"keyUp","value":""}]}]}
RESULT: {"actions":[{"id":"action60","type":"key","parameters":{},"actions":[{"type":"keyDown","value":""},{"type":"pause","duration":10},{"type":"keyUp","value":""}]}]}
COMMAND: GET /session/324496234919104d937ca92dc3ef2aab/screenshot - {}
RESULT: {}
COMMAND: POST /session/324496234919104d937ca92dc3ef2aab/execute/async - {"script":"<script> [1562 bytes]","args":[{"selector":{"id":"application-manageresources-display-component---masterRU--smartTable-header"},"wdio_ui5_key":"applicationmanageresources-display-component---masterRU--smartTable-header"}]}
RESULT: {"script":"<script> [1562 bytes]","args":[{"selector":{"id":"application-manageresources-display-component---masterRU--smartTable-header"},"wdio_ui5_key":"applicationmanageresources-display-component---masterRU--smartTable-header"}]}
RESULT: undefined
COMMAND: POST /session/324496234919104d937ca92dc3ef2aab/execute/async - {"script":"<script> [6424 bytes]","args":[{"element-6066-11e4-a52e-4f735466cecf":"f.350099D233706A5CE962F884DCED375A.d.C88BA57D030F568609C641AD259C19C4.e.15128"},"getText",[]]}
RESULT: {"script":"<script> [6424 bytes]","args":[{"element-6066-11e4-a52e-4f735466cecf":"f.350099D233706A5CE962F884DCED375A.d.C88BA57D030F568609C641AD259C19C4.e.15128"},"getText",[]]}
COMMAND: POST /session/324496234919104d937ca92dc3ef2aab/execute/async - {"script":"<script> [1562 bytes]","args":[{"selector":{"controlType":"sap.ui.core.Icon","viewName":"etm.portal.ui.manageresources.view.Master","viewId":"application-manageresources-display-component---masterRU","properties":{"src":{"regex":{"source":"slim\\-arrow\\-right"}}}},"wdio_ui5_key":"etmportal.ui.manageresources.view.Mastersap.ui.core.Icon{\"src\":{\"regex\":{\"source\":\"slim\\\\-arrow\\\\-right\"}}}"}]}
RESULT: {"script":"<script> [1562 bytes]","args":[{"selector":{"controlType":"sap.ui.core.Icon","viewName":"etm.portal.ui.manageresources.view.Master","viewId":"application-manageresources-display-component---masterRU","properties":{"src":{"regex":{"source":"slim\\-arrow\\-right"}}}},"wdio_ui5_key":"etmportal.ui.manageresources.view.Mastersap.ui.core.Icon{\"src\":{\"regex\":{\"source\":\"slim\\\\-arrow\\\\-right\"}}}"}]}
RESULT: undefined
COMMAND: POST /session/324496234919104d937ca92dc3ef2aab/element - {"using":"xpath","value":"//*[@id=\"__item798-__clone1925-imgNav\"]"}
RESULT: {"using":"xpath","value":"//*[@id=\"__item798-__clone1925-imgNav\"]"}
COMMAND: POST /session/324496234919104d937ca92dc3ef2aab/element/f.350099D233706A5CE962F884DCED375A.d.C88BA57D030F568609C641AD259C19C4.e.15127/click - {}
RESULT: {}
COMMAND: GET /session/324496234919104d937ca92dc3ef2aab/screenshot - {}
COMMAND: POST /session/324496234919104d937ca92dc3ef2aab/element - {"using":"xpath","value":"//bdi[contains(text(), \"Edit\")]"}
RESULT: {}
RESULT: {"using":"xpath","value":"//bdi[contains(text(), \"Edit\")]"}
COMMAND: POST /session/324496234919104d937ca92dc3ef2aab/execute/sync - {"script":"<script> [8489 bytes]","args":[{"element-6066-11e4-a52e-4f735466cecf":"f.350099D233706A5CE962F884DCED375A.d.C88BA57D030F568609C641AD259C19C4.e.15286","ELEMENT":"f.350099D233706A5CE962F884DCED375A.d.C88BA57D030F568609C641AD259C19C4.e.15286"}]}
RESULT: {"script":"<script> [8489 bytes]","args":[{"element-6066-11e4-a52e-4f735466cecf":"f.350099D233706A5CE962F884DCED375A.d.C88BA57D030F568609C641AD259C19C4.e.15286","ELEMENT":"f.350099D233706A5CE962F884DCED375A.d.C88BA57D030F568609C641AD259C19C4.e.15286"}]}
COMMAND: POST /session/324496234919104d937ca92dc3ef2aab/element/f.350099D233706A5CE962F884DCED375A.d.C88BA57D030F568609C641AD259C19C4.e.15286/click - {}
COMMAND: GET /session/324496234919104d937ca92dc3ef2aab/screenshot - {}
RESULT: {}
COMMAND: GET /session/324496234919104d937ca92dc3ef2aab/screenshot - {}
COMMAND: POST /session/324496234919104d937ca92dc3ef2aab/execute/async - {"script":"<script> [1562 bytes]","args":[{"selector":{"id":"application-manageresources-display-component---editResource--editRruPage-anchBar-application-manageresources-display-component---editResource--counters-anchor","interaction":{"idSuffix":"BDI-content"}},"wdio_ui5_key":"applicationmanageresources-display-component---editResource--editRruPage-anchBar-application-manageresources-display-component---editResource--counters-anchor"}]}
RESULT: {}
RESULT: {}
RESULT: {"script":"<script> [1562 bytes]","args":[{"selector":{"id":"application-manageresources-display-component---editResource--editRruPage-anchBar-application-manageresources-display-component---editResource--counters-anchor","interaction":{"idSuffix":"BDI-content"}},"wdio_ui5_key":"applicationmanageresources-display-component---editResource--editRruPage-anchBar-application-manageresources-display-component---editResource--counters-anchor"}]}
RESULT: undefined
COMMAND: POST /session/324496234919104d937ca92dc3ef2aab/element - {"using":"xpath","value":"//*[@id=\"application-manageresources-display-component---editResource--editRruPage-anchBar-application-manageresources-display-component---editResource--counters-anchor\"]"}
RESULT: {"using":"xpath","value":"//*[@id=\"application-manageresources-display-component---editResource--editRruPage-anchBar-application-manageresources-display-component---editResource--counters-anchor\"]"}
COMMAND: POST /session/324496234919104d937ca92dc3ef2aab/element/f.350099D233706A5CE962F884DCED375A.d.C88BA57D030F568609C641AD259C19C4.e.15464/click - {}
RESULT: {}
COMMAND: GET /session/324496234919104d937ca92dc3ef2aab/screenshot - {}
RESULT: {}
COMMAND: POST /session/324496234919104d937ca92dc3ef2aab/execute/async - {"script":"<script> [1562 bytes]","args":[{"selector":{"id":"application-manageresources-display-component---editResource--btnAddCounter-img"},"wdio_ui5_key":"applicationmanageresources-display-component---editResource--btnAddCounter-img"}]}
RESULT: {"script":"<script> [1562 bytes]","args":[{"selector":{"id":"application-manageresources-display-component---editResource--btnAddCounter-img"},"wdio_ui5_key":"applicationmanageresources-display-component---editResource--btnAddCounter-img"}]}
RESULT: undefined
COMMAND: POST /session/324496234919104d937ca92dc3ef2aab/element - {"using":"xpath","value":"//*[@id=\"application-manageresources-display-component---editResource--btnAddCounter-img\"]"}
RESULT: {"using":"xpath","value":"//*[@id=\"application-manageresources-display-component---editResource--btnAddCounter-img\"]"}
COMMAND: POST /session/324496234919104d937ca92dc3ef2aab/element/f.350099D233706A5CE962F884DCED375A.d.C88BA57D030F568609C641AD259C19C4.e.15470/click - {}
RESULT: {}
COMMAND: POST /session/324496234919104d937ca92dc3ef2aab/execute/async - {"script":"<script> [1562 bytes]","args":[{"selector":{"id":"application-manageresources-display-component---editResource--COUNTER_ID-application-manageresources-display-component---editResource--RUCounters-0-arrow"},"wdio_ui5_key":"applicationmanageresources-display-component---editResource--COUNTER_ID-application-manageresources-display-component---editResource--RUCounters-0-arrow"}]}
COMMAND: GET /session/324496234919104d937ca92dc3ef2aab/screenshot - {}
RESULT: {"script":"<script> [1562 bytes]","args":[{"selector":{"id":"application-manageresources-display-component---editResource--COUNTER_ID-application-manageresources-display-component---editResource--RUCounters-0-arrow"},"wdio_ui5_key":"applicationmanageresources-display-component---editResource--COUNTER_ID-application-manageresources-display-component---editResource--RUCounters-0-arrow"}]}
RESULT: undefined
COMMAND: POST /session/324496234919104d937ca92dc3ef2aab/element - {"using":"xpath","value":"//*[@id=\"application-manageresources-display-component---editResource--COUNTER_ID-application-manageresources-display-component---editResource--RUCounters-0-arrow\"]"}
RESULT: {}
RESULT: {"using":"xpath","value":"//*[@id=\"application-manageresources-display-component---editResource--COUNTER_ID-application-manageresources-display-component---editResource--RUCounters-0-arrow\"]"}
COMMAND: POST /session/324496234919104d937ca92dc3ef2aab/element/f.350099D233706A5CE962F884DCED375A.d.C88BA57D030F568609C641AD259C19C4.e.15482/click - {}
RESULT: {}
COMMAND: POST /session/324496234919104d937ca92dc3ef2aab/execute/async - {"script":"<script> [1562 bytes]","args":[{"selector":{"controlType":"sap.m.StandardListItem","viewName":"etm.portal.ui.manageresources.view.EditResource","viewId":"application-manageresources-display-component---editResource","properties":{"title":"fuel"},"searchOpenDialogs":true,"interaction":{"idSuffix":"content"}},"wdio_ui5_key":"etmportal.ui.manageresources.view.EditResourcesap.m.StandardListItem{\"title\":\"fuel\"}"}]}
COMMAND: GET /session/324496234919104d937ca92dc3ef2aab/screenshot - {}
RESULT: {"script":"<script> [1562 bytes]","args":[{"selector":{"controlType":"sap.m.StandardListItem","viewName":"etm.portal.ui.manageresources.view.EditResource","viewId":"application-manageresources-display-component---editResource","properties":{"title":"fuel"},"searchOpenDialogs":true,"interaction":{"idSuffix":"content"}},"wdio_ui5_key":"etmportal.ui.manageresources.view.EditResourcesap.m.StandardListItem{\"title\":\"fuel\"}"}]}
RESULT: undefined
COMMAND: POST /session/324496234919104d937ca92dc3ef2aab/element - {"using":"xpath","value":"//*[@id=\"__item1123\"]"}
RESULT: {}
RESULT: {"using":"xpath","value":"//*[@id=\"__item1123\"]"}
COMMAND: POST /session/324496234919104d937ca92dc3ef2aab/element/f.350099D233706A5CE962F884DCED375A.d.C88BA57D030F568609C641AD259C19C4.e.15484/click - {}
RESULT: {}
COMMAND: POST /session/324496234919104d937ca92dc3ef2aab/execute/async - {"script":"<script> [1562 bytes]","args":[{"selector":{"controlType":"sap.m.Button","viewName":"etm.portal.ui.manageresources.view.EditResource","viewId":"application-manageresources-display-component---editResource","i18NText":{"propertyName":"text","key":"save"},"interaction":{"idSuffix":"BDI-content"}},"wdio_ui5_key":"etmportal.ui.manageresources.view.EditResourcesap.m.Button{\"propertyName\":\"text\",\"key\":\"save\"}"}]}
COMMAND: GET /session/324496234919104d937ca92dc3ef2aab/screenshot - {}
RESULT: {"script":"<script> [1562 bytes]","args":[{"selector":{"controlType":"sap.m.Button","viewName":"etm.portal.ui.manageresources.view.EditResource","viewId":"application-manageresources-display-component---editResource","i18NText":{"propertyName":"text","key":"save"},"interaction":{"idSuffix":"BDI-content"}},"wdio_ui5_key":"etmportal.ui.manageresources.view.EditResourcesap.m.Button{\"propertyName\":\"text\",\"key\":\"save\"}"}]}
RESULT: undefined
COMMAND: POST /session/324496234919104d937ca92dc3ef2aab/element - {"using":"xpath","value":"//*[@id=\"__button200\"]"}
RESULT: {}
RESULT: {"using":"xpath","value":"//*[@id=\"__button200\"]"}
COMMAND: POST /session/324496234919104d937ca92dc3ef2aab/element/f.350099D233706A5CE962F884DCED375A.d.C88BA57D030F568609C641AD259C19C4.e.15486/click - {}
RESULT: {}
COMMAND: GET /session/324496234919104d937ca92dc3ef2aab/screenshot - {}
RESULT: {}
COMMAND: POST /session/324496234919104d937ca92dc3ef2aab/element - {"using":"css selector","value":"#shell-header-logo"}
RESULT: {"using":"css selector","value":"#shell-header-logo"}
COMMAND: POST /session/324496234919104d937ca92dc3ef2aab/element/f.350099D233706A5CE962F884DCED375A.d.C88BA57D030F568609C641AD259C19C4.e.14944/click - {}
RESULT: {}
COMMAND: GET /session/324496234919104d937ca92dc3ef2aab/screenshot - {}
RESULT: {}
]]></system-out>
    </testcase>
    <testcase classname="chrome.136_0_7103_93.windows.Performance_based_billing_(work_days)_US139742" name="Should do a stock increase on the yard for the equipment" time="102.387">
      <system-out><![CDATA[
COMMAND: POST /session/324496234919104d937ca92dc3ef2aab/execute/async - {"script":"<script> [1562 bytes]","args":[{"selector":{"controlType":"sap.m.GenericTile","properties":{"header":"Manage Handovers"}},"wdio_ui5_key":"sapm.GenericTile{\"header\":\"Manage Handovers\"}"}]}
RESULT: {"script":"<script> [1562 bytes]","args":[{"selector":{"controlType":"sap.m.GenericTile","properties":{"header":"Manage Handovers"}},"wdio_ui5_key":"sapm.GenericTile{\"header\":\"Manage Handovers\"}"}]}
RESULT: undefined
COMMAND: POST /session/324496234919104d937ca92dc3ef2aab/element - {"using":"xpath","value":"//*[@id=\"__tile131\"]"}
RESULT: {"using":"xpath","value":"//*[@id=\"__tile131\"]"}
COMMAND: POST /session/324496234919104d937ca92dc3ef2aab/element/f.350099D233706A5CE962F884DCED375A.d.C88BA57D030F568609C641AD259C19C4.e.13664/click - {}
RESULT: {}
COMMAND: GET /session/324496234919104d937ca92dc3ef2aab/screenshot - {}
RESULT: {}
COMMAND: POST /session/324496234919104d937ca92dc3ef2aab/elements - {"using":"xpath","value":"//span[text()='Error']"}
RESULT: {"using":"xpath","value":"//span[text()='Error']"}
COMMAND: POST /session/324496234919104d937ca92dc3ef2aab/element - {"using":"xpath","value":"//button[@data-kt=\"masterHOAddButton\"]"}
RESULT: {"using":"xpath","value":"//button[@data-kt=\"masterHOAddButton\"]"}
COMMAND: POST /session/324496234919104d937ca92dc3ef2aab/elements - {"using":"xpath","value":"//button[@data-kt=\"masterHOAddButton\"]"}
RESULT: {"using":"xpath","value":"//button[@data-kt=\"masterHOAddButton\"]"}
COMMAND: POST /session/324496234919104d937ca92dc3ef2aab/elements - {"using":"xpath","value":"//button[@data-kt=\"masterHOAddButton\"]"}
RESULT: {"using":"xpath","value":"//button[@data-kt=\"masterHOAddButton\"]"}
COMMAND: POST /session/324496234919104d937ca92dc3ef2aab/elements - {"using":"xpath","value":"//button[@data-kt=\"masterHOAddButton\"]"}
RESULT: {"using":"xpath","value":"//button[@data-kt=\"masterHOAddButton\"]"}
COMMAND: POST /session/324496234919104d937ca92dc3ef2aab/elements - {"using":"xpath","value":"//button[@data-kt=\"masterHOAddButton\"]"}
RESULT: {"using":"xpath","value":"//button[@data-kt=\"masterHOAddButton\"]"}
COMMAND: POST /session/324496234919104d937ca92dc3ef2aab/elements - {"using":"xpath","value":"//button[@data-kt=\"masterHOAddButton\"]"}
RESULT: {"using":"xpath","value":"//button[@data-kt=\"masterHOAddButton\"]"}
COMMAND: POST /session/324496234919104d937ca92dc3ef2aab/elements - {"using":"xpath","value":"//button[@data-kt=\"masterHOAddButton\"]"}
RESULT: {"using":"xpath","value":"//button[@data-kt=\"masterHOAddButton\"]"}
COMMAND: POST /session/324496234919104d937ca92dc3ef2aab/elements - {"using":"xpath","value":"//button[@data-kt=\"masterHOAddButton\"]"}
RESULT: {"using":"xpath","value":"//button[@data-kt=\"masterHOAddButton\"]"}
COMMAND: POST /session/324496234919104d937ca92dc3ef2aab/elements - {"using":"xpath","value":"//button[@data-kt=\"masterHOAddButton\"]"}
RESULT: {"using":"xpath","value":"//button[@data-kt=\"masterHOAddButton\"]"}
COMMAND: POST /session/324496234919104d937ca92dc3ef2aab/element - {"using":"xpath","value":"//button[@data-kt=\"masterHOAddButton\"]"}
RESULT: {"using":"xpath","value":"//button[@data-kt=\"masterHOAddButton\"]"}
COMMAND: POST /session/324496234919104d937ca92dc3ef2aab/execute/sync - {"script":"<script> [8489 bytes]","args":[{"element-6066-11e4-a52e-4f735466cecf":"f.350099D233706A5CE962F884DCED375A.d.C88BA57D030F568609C641AD259C19C4.e.15579","ELEMENT":"f.350099D233706A5CE962F884DCED375A.d.C88BA57D030F568609C641AD259C19C4.e.15579"}]}
RESULT: {"script":"<script> [8489 bytes]","args":[{"element-6066-11e4-a52e-4f735466cecf":"f.350099D233706A5CE962F884DCED375A.d.C88BA57D030F568609C641AD259C19C4.e.15579","ELEMENT":"f.350099D233706A5CE962F884DCED375A.d.C88BA57D030F568609C641AD259C19C4.e.15579"}]}
COMMAND: GET /session/324496234919104d937ca92dc3ef2aab/element/f.350099D233706A5CE962F884DCED375A.d.C88BA57D030F568609C641AD259C19C4.e.15579/enabled - {}
COMMAND: GET /session/324496234919104d937ca92dc3ef2aab/screenshot - {}
RESULT: {}
COMMAND: POST /session/324496234919104d937ca92dc3ef2aab/execute/sync - {"script":"<script> [8489 bytes]","args":[{"element-6066-11e4-a52e-4f735466cecf":"f.350099D233706A5CE962F884DCED375A.d.C88BA57D030F568609C641AD259C19C4.e.15579","ELEMENT":"f.350099D233706A5CE962F884DCED375A.d.C88BA57D030F568609C641AD259C19C4.e.15579"}]}
COMMAND: GET /session/324496234919104d937ca92dc3ef2aab/screenshot - {}
RESULT: {}
RESULT: {"script":"<script> [8489 bytes]","args":[{"element-6066-11e4-a52e-4f735466cecf":"f.350099D233706A5CE962F884DCED375A.d.C88BA57D030F568609C641AD259C19C4.e.15579","ELEMENT":"f.350099D233706A5CE962F884DCED375A.d.C88BA57D030F568609C641AD259C19C4.e.15579"}]}
COMMAND: POST /session/324496234919104d937ca92dc3ef2aab/execute/sync - {"script":"<script> [5351 bytes]","args":[{"element-6066-11e4-a52e-4f735466cecf":"f.350099D233706A5CE962F884DCED375A.d.C88BA57D030F568609C641AD259C19C4.e.15579","ELEMENT":"f.350099D233706A5CE962F884DCED375A.d.C88BA57D030F568609C641AD259C19C4.e.15579"}]}
COMMAND: GET /session/324496234919104d937ca92dc3ef2aab/screenshot - {}
RESULT: {}
RESULT: {"script":"<script> [5351 bytes]","args":[{"element-6066-11e4-a52e-4f735466cecf":"f.350099D233706A5CE962F884DCED375A.d.C88BA57D030F568609C641AD259C19C4.e.15579","ELEMENT":"f.350099D233706A5CE962F884DCED375A.d.C88BA57D030F568609C641AD259C19C4.e.15579"}]}
COMMAND: POST /session/324496234919104d937ca92dc3ef2aab/element/f.350099D233706A5CE962F884DCED375A.d.C88BA57D030F568609C641AD259C19C4.e.15579/click - {}
COMMAND: GET /session/324496234919104d937ca92dc3ef2aab/screenshot - {}
RESULT: {}
RESULT: {}
COMMAND: GET /session/324496234919104d937ca92dc3ef2aab/screenshot - {}
COMMAND: POST /session/324496234919104d937ca92dc3ef2aab/element - {"using":"xpath","value":"//span[contains(@id ,\"AddNewHO--typeSelect-arrow\")]"}
RESULT: {}
RESULT: {}
RESULT: {"using":"xpath","value":"//span[contains(@id ,\"AddNewHO--typeSelect-arrow\")]"}
COMMAND: POST /session/324496234919104d937ca92dc3ef2aab/element/f.350099D233706A5CE962F884DCED375A.d.C88BA57D030F568609C641AD259C19C4.e.15933/click - {}
RESULT: {}
COMMAND: GET /session/324496234919104d937ca92dc3ef2aab/screenshot - {}
RESULT: {}
COMMAND: POST /session/324496234919104d937ca92dc3ef2aab/element - {"using":"xpath","value":"(//li[contains(text(), \"stock increase yard\")])[1]"}
RESULT: {"using":"xpath","value":"(//li[contains(text(), \"stock increase yard\")])[1]"}
COMMAND: POST /session/324496234919104d937ca92dc3ef2aab/element/f.350099D233706A5CE962F884DCED375A.d.C88BA57D030F568609C641AD259C19C4.e.15934/click - {}
RESULT: {}
COMMAND: GET /session/324496234919104d937ca92dc3ef2aab/screenshot - {}
RESULT: {}
COMMAND: POST /session/324496234919104d937ca92dc3ef2aab/execute/async - {"script":"<script> [1562 bytes]","args":[{"selector":{"id":"application-managehandovers-display-component---AddNewHO--dueDate","interaction":{"idSuffix":"inner"}},"wdio_ui5_key":"applicationmanagehandovers-display-component---AddNewHO--dueDate"}]}
RESULT: {"script":"<script> [1562 bytes]","args":[{"selector":{"id":"application-managehandovers-display-component---AddNewHO--dueDate","interaction":{"idSuffix":"inner"}},"wdio_ui5_key":"applicationmanagehandovers-display-component---AddNewHO--dueDate"}]}
RESULT: undefined
COMMAND: POST /session/324496234919104d937ca92dc3ef2aab/execute/async - {"script":"<script> [6424 bytes]","args":[{"element-6066-11e4-a52e-4f735466cecf":"f.350099D233706A5CE962F884DCED375A.d.C88BA57D030F568609C641AD259C19C4.e.15938"},"setValue",["5/23/25"]]}
RESULT: {"script":"<script> [6424 bytes]","args":[{"element-6066-11e4-a52e-4f735466cecf":"f.350099D233706A5CE962F884DCED375A.d.C88BA57D030F568609C641AD259C19C4.e.15938"},"setValue",["5/23/25"]]}
COMMAND: POST /session/324496234919104d937ca92dc3ef2aab/element - {"using":"xpath","value":"//input[@id=\"generalSectionFrg--receiveYard-inner\"]"}
RESULT: {"using":"xpath","value":"//input[@id=\"generalSectionFrg--receiveYard-inner\"]"}
COMMAND: POST /session/324496234919104d937ca92dc3ef2aab/element/f.350099D233706A5CE962F884DCED375A.d.C88BA57D030F568609C641AD259C19C4.e.15944/clear - {}
RESULT: {}
COMMAND: POST /session/324496234919104d937ca92dc3ef2aab/element/f.350099D233706A5CE962F884DCED375A.d.C88BA57D030F568609C641AD259C19C4.e.15944/value - {"text":"232"}
COMMAND: GET /session/324496234919104d937ca92dc3ef2aab/screenshot - {}
RESULT: {"text":"232"}
COMMAND: GET /session/324496234919104d937ca92dc3ef2aab/screenshot - {}
RESULT: {}
RESULT: {}
COMMAND: POST /session/324496234919104d937ca92dc3ef2aab/element - {"using":"xpath","value":"//li[.//span[text()='232']]"}
RESULT: {"using":"xpath","value":"//li[.//span[text()='232']]"}
COMMAND: POST /session/324496234919104d937ca92dc3ef2aab/element/f.350099D233706A5CE962F884DCED375A.d.C88BA57D030F568609C641AD259C19C4.e.15960/click - {}
RESULT: {}
COMMAND: GET /session/324496234919104d937ca92dc3ef2aab/screenshot - {}
RESULT: {}
COMMAND: POST /session/324496234919104d937ca92dc3ef2aab/execute/async - {"script":"<script> [1562 bytes]","args":[{"selector":{"id":"application-managehandovers-display-component---AddNewHO--ObjectPageLayout-anchBar-application-managehandovers-display-component---AddNewHO--section4-anchor","interaction":{"idSuffix":"BDI-content"}},"wdio_ui5_key":"applicationmanagehandovers-display-component---AddNewHO--ObjectPageLayout-anchBar-application-managehandovers-display-component---AddNewHO--section4-anchor"}]}
RESULT: {"script":"<script> [1562 bytes]","args":[{"selector":{"id":"application-managehandovers-display-component---AddNewHO--ObjectPageLayout-anchBar-application-managehandovers-display-component---AddNewHO--section4-anchor","interaction":{"idSuffix":"BDI-content"}},"wdio_ui5_key":"applicationmanagehandovers-display-component---AddNewHO--ObjectPageLayout-anchBar-application-managehandovers-display-component---AddNewHO--section4-anchor"}]}
RESULT: undefined
COMMAND: POST /session/324496234919104d937ca92dc3ef2aab/element - {"using":"xpath","value":"//*[@id=\"application-managehandovers-display-component---AddNewHO--ObjectPageLayout-anchBar-application-managehandovers-display-component---AddNewHO--section4-anchor\"]"}
RESULT: {"using":"xpath","value":"//*[@id=\"application-managehandovers-display-component---AddNewHO--ObjectPageLayout-anchBar-application-managehandovers-display-component---AddNewHO--section4-anchor\"]"}
COMMAND: POST /session/324496234919104d937ca92dc3ef2aab/element/f.350099D233706A5CE962F884DCED375A.d.C88BA57D030F568609C641AD259C19C4.e.15962/click - {}
RESULT: {}
COMMAND: POST /session/324496234919104d937ca92dc3ef2aab/element - {"using":"xpath","value":"//button[@aria-label=\"Add\"]"}
COMMAND: GET /session/324496234919104d937ca92dc3ef2aab/screenshot - {}
RESULT: {"using":"xpath","value":"//button[@aria-label=\"Add\"]"}
COMMAND: POST /session/324496234919104d937ca92dc3ef2aab/element/f.350099D233706A5CE962F884DCED375A.d.C88BA57D030F568609C641AD259C19C4.e.15964/click - {}
RESULT: {}
RESULT: {}
COMMAND: GET /session/324496234919104d937ca92dc3ef2aab/screenshot - {}
RESULT: {}
COMMAND: POST /session/324496234919104d937ca92dc3ef2aab/execute/async - {"script":"<script> [1562 bytes]","args":[{"selector":{"id":"application-managehandovers-display-component---AddNewHO--smartFilterBar-btnBasicSearch","searchOpenDialogs":true,"interaction":{"idSuffix":"I"}},"wdio_ui5_key":"applicationmanagehandovers-display-component---AddNewHO--smartFilterBar-btnBasicSearch"}]}
RESULT: {"script":"<script> [1562 bytes]","args":[{"selector":{"id":"application-managehandovers-display-component---AddNewHO--smartFilterBar-btnBasicSearch","searchOpenDialogs":true,"interaction":{"idSuffix":"I"}},"wdio_ui5_key":"applicationmanagehandovers-display-component---AddNewHO--smartFilterBar-btnBasicSearch"}]}
RESULT: undefined
COMMAND: POST /session/324496234919104d937ca92dc3ef2aab/execute/async - {"script":"<script> [776 bytes]","args":[{"enterText":"Gjl8Ayj5Zu","selector":{"id":"application-managehandovers-display-component---AddNewHO--smartFilterBar-btnBasicSearch","searchOpenDialogs":true,"interaction":{"idSuffix":"I"}},"clearTextFirst":true,"interactionType":"ENTER_TEXT"}]}
RESULT: {"script":"<script> [776 bytes]","args":[{"enterText":"Gjl8Ayj5Zu","selector":{"id":"application-managehandovers-display-component---AddNewHO--smartFilterBar-btnBasicSearch","searchOpenDialogs":true,"interaction":{"idSuffix":"I"}},"clearTextFirst":true,"interactionType":"ENTER_TEXT"}]}
COMMAND: POST /session/324496234919104d937ca92dc3ef2aab/actions - {"actions":[{"id":"action61","type":"key","parameters":{},"actions":[{"type":"keyDown","value":""},{"type":"pause","duration":10},{"type":"keyUp","value":""}]}]}
RESULT: {"actions":[{"id":"action61","type":"key","parameters":{},"actions":[{"type":"keyDown","value":""},{"type":"pause","duration":10},{"type":"keyUp","value":""}]}]}
COMMAND: GET /session/324496234919104d937ca92dc3ef2aab/screenshot - {}
RESULT: {}
COMMAND: POST /session/324496234919104d937ca92dc3ef2aab/execute/async - {"script":"<script> [1562 bytes]","args":[{"selector":{"id":"application-managehandovers-display-component---AddNewHO--popup-sa","searchOpenDialogs":true,"interaction":{"idSuffix":"CbBg"}},"wdio_ui5_key":"applicationmanagehandovers-display-component---AddNewHO--popup-sa"}]}
RESULT: {"script":"<script> [1562 bytes]","args":[{"selector":{"id":"application-managehandovers-display-component---AddNewHO--popup-sa","searchOpenDialogs":true,"interaction":{"idSuffix":"CbBg"}},"wdio_ui5_key":"applicationmanagehandovers-display-component---AddNewHO--popup-sa"}]}
RESULT: undefined
COMMAND: POST /session/324496234919104d937ca92dc3ef2aab/element - {"using":"xpath","value":"//*[@id=\"application-managehandovers-display-component---AddNewHO--popup-sa\"]"}
RESULT: {"using":"xpath","value":"//*[@id=\"application-managehandovers-display-component---AddNewHO--popup-sa\"]"}
COMMAND: POST /session/324496234919104d937ca92dc3ef2aab/element/f.350099D233706A5CE962F884DCED375A.d.C88BA57D030F568609C641AD259C19C4.e.16119/click - {}
RESULT: {}
COMMAND: GET /session/324496234919104d937ca92dc3ef2aab/screenshot - {}
RESULT: {}
COMMAND: POST /session/324496234919104d937ca92dc3ef2aab/element - {"using":"xpath","value":"//bdi[contains(text(), \"Select\")]"}
RESULT: {"using":"xpath","value":"//bdi[contains(text(), \"Select\")]"}
COMMAND: POST /session/324496234919104d937ca92dc3ef2aab/element/f.350099D233706A5CE962F884DCED375A.d.C88BA57D030F568609C641AD259C19C4.e.16120/click - {}
RESULT: {}
COMMAND: GET /session/324496234919104d937ca92dc3ef2aab/screenshot - {}
RESULT: {}
COMMAND: POST /session/324496234919104d937ca92dc3ef2aab/element - {"using":"xpath","value":"//button[@data-kt=\"AddNewHOSaveButton\"]"}
RESULT: {"using":"xpath","value":"//button[@data-kt=\"AddNewHOSaveButton\"]"}
COMMAND: POST /session/324496234919104d937ca92dc3ef2aab/element/f.350099D233706A5CE962F884DCED375A.d.C88BA57D030F568609C641AD259C19C4.e.16124/click - {}
RESULT: {}
COMMAND: GET /session/324496234919104d937ca92dc3ef2aab/screenshot - {}
RESULT: {}
COMMAND: POST /session/324496234919104d937ca92dc3ef2aab/execute/async - {"script":"<script> [1562 bytes]","args":[{"selector":{"id":"receiptDatePicker","viewName":"etm.portal.ui.managehandovers.view.DetailExecuteHO","interaction":{"idSuffix":"inner"}},"wdio_ui5_key":"receiptDatePickeretmportal.ui.managehandovers.view.DetailExecuteHO"}]}
RESULT: {"script":"<script> [1562 bytes]","args":[{"selector":{"id":"receiptDatePicker","viewName":"etm.portal.ui.managehandovers.view.DetailExecuteHO","interaction":{"idSuffix":"inner"}},"wdio_ui5_key":"receiptDatePickeretmportal.ui.managehandovers.view.DetailExecuteHO"}]}
RESULT: undefined
COMMAND: POST /session/324496234919104d937ca92dc3ef2aab/execute/async - {"script":"<script> [6424 bytes]","args":[{"element-6066-11e4-a52e-4f735466cecf":"f.350099D233706A5CE962F884DCED375A.d.C88BA57D030F568609C641AD259C19C4.e.16152"},"setValue",["5/23/25"]]}
RESULT: {"script":"<script> [6424 bytes]","args":[{"element-6066-11e4-a52e-4f735466cecf":"f.350099D233706A5CE962F884DCED375A.d.C88BA57D030F568609C641AD259C19C4.e.16152"},"setValue",["5/23/25"]]}
COMMAND: POST /session/324496234919104d937ca92dc3ef2aab/element - {"using":"xpath","value":"//button[@data-kt=\"ReceivingTableConfirmAllButton\"]"}
RESULT: {"using":"xpath","value":"//button[@data-kt=\"ReceivingTableConfirmAllButton\"]"}
COMMAND: POST /session/324496234919104d937ca92dc3ef2aab/element/f.350099D233706A5CE962F884DCED375A.d.C88BA57D030F568609C641AD259C19C4.e.16167/click - {}
RESULT: {}
COMMAND: GET /session/324496234919104d937ca92dc3ef2aab/screenshot - {}
RESULT: {}
COMMAND: POST /session/324496234919104d937ca92dc3ef2aab/element - {"using":"xpath","value":"//bdi[contains(text(), \"OK\")]"}
RESULT: {"using":"xpath","value":"//bdi[contains(text(), \"OK\")]"}
COMMAND: POST /session/324496234919104d937ca92dc3ef2aab/element/f.350099D233706A5CE962F884DCED375A.d.C88BA57D030F568609C641AD259C19C4.e.16169/click - {}
RESULT: {}
COMMAND: GET /session/324496234919104d937ca92dc3ef2aab/screenshot - {}
RESULT: {}
COMMAND: POST /session/324496234919104d937ca92dc3ef2aab/element - {"using":"xpath","value":"(//bdi[contains(text(), \"Receive\")])[2]"}
RESULT: {"using":"xpath","value":"(//bdi[contains(text(), \"Receive\")])[2]"}
COMMAND: POST /session/324496234919104d937ca92dc3ef2aab/element/f.350099D233706A5CE962F884DCED375A.d.C88BA57D030F568609C641AD259C19C4.e.16171/click - {}
RESULT: {}
COMMAND: GET /session/324496234919104d937ca92dc3ef2aab/screenshot - {}
RESULT: {}
COMMAND: POST /session/324496234919104d937ca92dc3ef2aab/element - {"using":"css selector","value":"#shell-header-logo"}
RESULT: {"using":"css selector","value":"#shell-header-logo"}
COMMAND: POST /session/324496234919104d937ca92dc3ef2aab/element/f.350099D233706A5CE962F884DCED375A.d.C88BA57D030F568609C641AD259C19C4.e.15557/click - {}
RESULT: {}
COMMAND: GET /session/324496234919104d937ca92dc3ef2aab/screenshot - {}
RESULT: {}
]]></system-out>
    </testcase>
    <testcase classname="chrome.136_0_7103_93.windows.Performance_based_billing_(work_days)_US139742" name="Should create a new contract" time="65.357">
      <system-out><![CDATA[
COMMAND: POST /session/324496234919104d937ca92dc3ef2aab/execute/async - {"script":"<script> [1562 bytes]","args":[{"selector":{"controlType":"sap.m.GenericTile","properties":{"header":"Manage Contracts"}},"wdio_ui5_key":"sapm.GenericTile{\"header\":\"Manage Contracts\"}"}]}
RESULT: {"script":"<script> [1562 bytes]","args":[{"selector":{"controlType":"sap.m.GenericTile","properties":{"header":"Manage Contracts"}},"wdio_ui5_key":"sapm.GenericTile{\"header\":\"Manage Contracts\"}"}]}
RESULT: undefined
COMMAND: POST /session/324496234919104d937ca92dc3ef2aab/element - {"using":"xpath","value":"//*[@id=\"__tile130\"]"}
RESULT: {"using":"xpath","value":"//*[@id=\"__tile130\"]"}
COMMAND: POST /session/324496234919104d937ca92dc3ef2aab/element/f.350099D233706A5CE962F884DCED375A.d.C88BA57D030F568609C641AD259C19C4.e.13572/click - {}
RESULT: {}
COMMAND: GET /session/324496234919104d937ca92dc3ef2aab/screenshot - {}
RESULT: {}
COMMAND: POST /session/324496234919104d937ca92dc3ef2aab/elements - {"using":"xpath","value":"//span[text()='Error']"}
RESULT: {"using":"xpath","value":"//span[text()='Error']"}
COMMAND: POST /session/324496234919104d937ca92dc3ef2aab/element - {"using":"xpath","value":"//button[@data-kt=\"addButton\"]"}
RESULT: {"using":"xpath","value":"//button[@data-kt=\"addButton\"]"}
COMMAND: POST /session/324496234919104d937ca92dc3ef2aab/elements - {"using":"xpath","value":"//button[@data-kt=\"addButton\"]"}
RESULT: {"using":"xpath","value":"//button[@data-kt=\"addButton\"]"}
COMMAND: POST /session/324496234919104d937ca92dc3ef2aab/execute/sync - {"script":"<script> [8489 bytes]","args":[{"element-6066-11e4-a52e-4f735466cecf":"f.350099D233706A5CE962F884DCED375A.d.C88BA57D030F568609C641AD259C19C4.e.16505","ELEMENT":"f.350099D233706A5CE962F884DCED375A.d.C88BA57D030F568609C641AD259C19C4.e.16505"}]}
RESULT: {"script":"<script> [8489 bytes]","args":[{"element-6066-11e4-a52e-4f735466cecf":"f.350099D233706A5CE962F884DCED375A.d.C88BA57D030F568609C641AD259C19C4.e.16505","ELEMENT":"f.350099D233706A5CE962F884DCED375A.d.C88BA57D030F568609C641AD259C19C4.e.16505"}]}
COMMAND: GET /session/324496234919104d937ca92dc3ef2aab/element/f.350099D233706A5CE962F884DCED375A.d.C88BA57D030F568609C641AD259C19C4.e.16505/enabled - {}
COMMAND: GET /session/324496234919104d937ca92dc3ef2aab/screenshot - {}
RESULT: {}
COMMAND: POST /session/324496234919104d937ca92dc3ef2aab/execute/sync - {"script":"<script> [8489 bytes]","args":[{"element-6066-11e4-a52e-4f735466cecf":"f.350099D233706A5CE962F884DCED375A.d.C88BA57D030F568609C641AD259C19C4.e.16505","ELEMENT":"f.350099D233706A5CE962F884DCED375A.d.C88BA57D030F568609C641AD259C19C4.e.16505"}]}
COMMAND: GET /session/324496234919104d937ca92dc3ef2aab/screenshot - {}
RESULT: {}
RESULT: {"script":"<script> [8489 bytes]","args":[{"element-6066-11e4-a52e-4f735466cecf":"f.350099D233706A5CE962F884DCED375A.d.C88BA57D030F568609C641AD259C19C4.e.16505","ELEMENT":"f.350099D233706A5CE962F884DCED375A.d.C88BA57D030F568609C641AD259C19C4.e.16505"}]}
COMMAND: POST /session/324496234919104d937ca92dc3ef2aab/execute/sync - {"script":"<script> [5351 bytes]","args":[{"element-6066-11e4-a52e-4f735466cecf":"f.350099D233706A5CE962F884DCED375A.d.C88BA57D030F568609C641AD259C19C4.e.16505","ELEMENT":"f.350099D233706A5CE962F884DCED375A.d.C88BA57D030F568609C641AD259C19C4.e.16505"}]}
COMMAND: GET /session/324496234919104d937ca92dc3ef2aab/screenshot - {}
RESULT: {}
RESULT: {"script":"<script> [5351 bytes]","args":[{"element-6066-11e4-a52e-4f735466cecf":"f.350099D233706A5CE962F884DCED375A.d.C88BA57D030F568609C641AD259C19C4.e.16505","ELEMENT":"f.350099D233706A5CE962F884DCED375A.d.C88BA57D030F568609C641AD259C19C4.e.16505"}]}
COMMAND: GET /session/324496234919104d937ca92dc3ef2aab/screenshot - {}
RESULT: {}
RESULT: {}
COMMAND: POST /session/324496234919104d937ca92dc3ef2aab/element/f.350099D233706A5CE962F884DCED375A.d.C88BA57D030F568609C641AD259C19C4.e.16505/click - {}
RESULT: {}
COMMAND: GET /session/324496234919104d937ca92dc3ef2aab/screenshot - {}
RESULT: {}
COMMAND: POST /session/324496234919104d937ca92dc3ef2aab/execute/async - {"script":"<script> [1562 bytes]","args":[{"selector":{"id":"application-managecontracts-display-component---AddNewContract--projectDescription","interaction":{"idSuffix":"inner"}},"wdio_ui5_key":"applicationmanagecontracts-display-component---AddNewContract--projectDescription"}]}
RESULT: {"script":"<script> [1562 bytes]","args":[{"selector":{"id":"application-managecontracts-display-component---AddNewContract--projectDescription","interaction":{"idSuffix":"inner"}},"wdio_ui5_key":"applicationmanagecontracts-display-component---AddNewContract--projectDescription"}]}
RESULT: undefined
COMMAND: POST /session/324496234919104d937ca92dc3ef2aab/execute/async - {"script":"<script> [776 bytes]","args":[{"enterText":"Performance Contract WDIO","selector":{"id":"application-managecontracts-display-component---AddNewContract--projectDescription","interaction":{"idSuffix":"inner"}},"clearTextFirst":true,"interactionType":"ENTER_TEXT"}]}
RESULT: {"script":"<script> [776 bytes]","args":[{"enterText":"Performance Contract WDIO","selector":{"id":"application-managecontracts-display-component---AddNewContract--projectDescription","interaction":{"idSuffix":"inner"}},"clearTextFirst":true,"interactionType":"ENTER_TEXT"}]}
COMMAND: POST /session/324496234919104d937ca92dc3ef2aab/element - {"using":"xpath","value":"//input[@id=\"application-managecontracts-display-component---AddNewContract--site-inner\"]"}
RESULT: {"using":"xpath","value":"//input[@id=\"application-managecontracts-display-component---AddNewContract--site-inner\"]"}
COMMAND: POST /session/324496234919104d937ca92dc3ef2aab/element/f.350099D233706A5CE962F884DCED375A.d.C88BA57D030F568609C641AD259C19C4.e.16822/clear - {}
RESULT: {}
COMMAND: POST /session/324496234919104d937ca92dc3ef2aab/element/f.350099D233706A5CE962F884DCED375A.d.C88BA57D030F568609C641AD259C19C4.e.16822/value - {"text":"2083"}
COMMAND: GET /session/324496234919104d937ca92dc3ef2aab/screenshot - {}
RESULT: {"text":"2083"}
COMMAND: GET /session/324496234919104d937ca92dc3ef2aab/screenshot - {}
RESULT: {}
RESULT: {}
COMMAND: POST /session/324496234919104d937ca92dc3ef2aab/element - {"using":"xpath","value":"//li[.//span[text()='2083']]"}
RESULT: {"using":"xpath","value":"//li[.//span[text()='2083']]"}
COMMAND: POST /session/324496234919104d937ca92dc3ef2aab/element/f.350099D233706A5CE962F884DCED375A.d.C88BA57D030F568609C641AD259C19C4.e.16904/click - {}
RESULT: {}
COMMAND: GET /session/324496234919104d937ca92dc3ef2aab/screenshot - {}
RESULT: {}
COMMAND: POST /session/324496234919104d937ca92dc3ef2aab/element - {"using":"xpath","value":"//input[@id=\"application-managecontracts-display-component---AddNewContract--yardId-inner\"]"}
RESULT: {"using":"xpath","value":"//input[@id=\"application-managecontracts-display-component---AddNewContract--yardId-inner\"]"}
COMMAND: GET /session/324496234919104d937ca92dc3ef2aab/element/f.350099D233706A5CE962F884DCED375A.d.C88BA57D030F568609C641AD259C19C4.e.16823/property/value - {}
RESULT: {}
COMMAND: POST /session/324496234919104d937ca92dc3ef2aab/element - {"using":"xpath","value":"//input[@id=\"application-managecontracts-display-component---AddNewContract--customerSelect-inner\"]"}
COMMAND: GET /session/324496234919104d937ca92dc3ef2aab/screenshot - {}
RESULT: {"using":"xpath","value":"//input[@id=\"application-managecontracts-display-component---AddNewContract--customerSelect-inner\"]"}
COMMAND: POST /session/324496234919104d937ca92dc3ef2aab/element/f.350099D233706A5CE962F884DCED375A.d.C88BA57D030F568609C641AD259C19C4.e.16821/clear - {}
RESULT: {}
RESULT: {}
COMMAND: POST /session/324496234919104d937ca92dc3ef2aab/element/f.350099D233706A5CE962F884DCED375A.d.C88BA57D030F568609C641AD259C19C4.e.16821/value - {"text":"1083"}
COMMAND: GET /session/324496234919104d937ca92dc3ef2aab/screenshot - {}
RESULT: {"text":"1083"}
COMMAND: GET /session/324496234919104d937ca92dc3ef2aab/screenshot - {}
RESULT: {}
RESULT: {}
COMMAND: POST /session/324496234919104d937ca92dc3ef2aab/element - {"using":"xpath","value":"//li[.//span[text()='1083']]"}
RESULT: {"using":"xpath","value":"//li[.//span[text()='1083']]"}
COMMAND: POST /session/324496234919104d937ca92dc3ef2aab/element/f.350099D233706A5CE962F884DCED375A.d.C88BA57D030F568609C641AD259C19C4.e.16907/click - {}
RESULT: {}
COMMAND: GET /session/324496234919104d937ca92dc3ef2aab/screenshot - {}
RESULT: {}
COMMAND: POST /session/324496234919104d937ca92dc3ef2aab/element - {"using":"xpath","value":"//button[@data-kt=\"saveButton\"]"}
RESULT: {"using":"xpath","value":"//button[@data-kt=\"saveButton\"]"}
COMMAND: POST /session/324496234919104d937ca92dc3ef2aab/element/f.350099D233706A5CE962F884DCED375A.d.C88BA57D030F568609C641AD259C19C4.e.16897/click - {}
RESULT: {}
COMMAND: GET /session/324496234919104d937ca92dc3ef2aab/screenshot - {}
RESULT: {}
COMMAND: POST /session/324496234919104d937ca92dc3ef2aab/element - {"using":"xpath","value":"//span[contains(@id ,\"contractDetailTitleNoExpanded\")]"}
RESULT: {"using":"xpath","value":"//span[contains(@id ,\"contractDetailTitleNoExpanded\")]"}
COMMAND: POST /session/324496234919104d937ca92dc3ef2aab/elements - {"using":"xpath","value":"//span[contains(@id ,\"contractDetailTitleNoExpanded\")]"}
RESULT: {"using":"xpath","value":"//span[contains(@id ,\"contractDetailTitleNoExpanded\")]"}
COMMAND: POST /session/324496234919104d937ca92dc3ef2aab/execute/sync - {"script":"<script> [56 bytes]","args":[{"element-6066-11e4-a52e-4f735466cecf":"f.350099D233706A5CE962F884DCED375A.d.C88BA57D030F568609C641AD259C19C4.e.16979","ELEMENT":"f.350099D233706A5CE962F884DCED375A.d.C88BA57D030F568609C641AD259C19C4.e.16979"}]}
RESULT: {"script":"<script> [56 bytes]","args":[{"element-6066-11e4-a52e-4f735466cecf":"f.350099D233706A5CE962F884DCED375A.d.C88BA57D030F568609C641AD259C19C4.e.16979","ELEMENT":"f.350099D233706A5CE962F884DCED375A.d.C88BA57D030F568609C641AD259C19C4.e.16979"}]}
COMMAND: GET /session/324496234919104d937ca92dc3ef2aab/screenshot - {}
RESULT: {}
]]></system-out>
    </testcase>
    <testcase classname="chrome.136_0_7103_93.windows.Performance_based_billing_(work_days)_US139742" name="Should add equipment to the contract" time="48.242">
      <system-out><![CDATA[
COMMAND: POST /session/324496234919104d937ca92dc3ef2aab/element - {"using":"xpath","value":"//button[@data-kt=\"contractDetailEditBtnButton\"]"}
RESULT: {"using":"xpath","value":"//button[@data-kt=\"contractDetailEditBtnButton\"]"}
COMMAND: POST /session/324496234919104d937ca92dc3ef2aab/element/f.350099D233706A5CE962F884DCED375A.d.C88BA57D030F568609C641AD259C19C4.e.16980/click - {}
RESULT: {}
COMMAND: GET /session/324496234919104d937ca92dc3ef2aab/screenshot - {}
RESULT: {}
COMMAND: POST /session/324496234919104d937ca92dc3ef2aab/element - {"using":"xpath","value":"(//span[contains(text(), \"Additional Addresses\")])[2]"}
RESULT: {"using":"xpath","value":"(//span[contains(text(), \"Additional Addresses\")])[2]"}
COMMAND: POST /session/324496234919104d937ca92dc3ef2aab/element/f.350099D233706A5CE962F884DCED375A.d.C88BA57D030F568609C641AD259C19C4.e.17036/click - {}
RESULT: {}
COMMAND: GET /session/324496234919104d937ca92dc3ef2aab/screenshot - {}
RESULT: {}
COMMAND: POST /session/324496234919104d937ca92dc3ef2aab/element - {"using":"xpath","value":"//button[@data-kt=\"btnAddTableRowOverflowToolbarButton\"]"}
RESULT: {"using":"xpath","value":"//button[@data-kt=\"btnAddTableRowOverflowToolbarButton\"]"}
COMMAND: POST /session/324496234919104d937ca92dc3ef2aab/element/f.350099D233706A5CE962F884DCED375A.d.C88BA57D030F568609C641AD259C19C4.e.17039/click - {}
RESULT: {}
COMMAND: GET /session/324496234919104d937ca92dc3ef2aab/screenshot - {}
RESULT: {}
COMMAND: POST /session/324496234919104d937ca92dc3ef2aab/element - {"using":"xpath","value":"//div[(text() = 'Standard Entry' or . = 'Standard Entry')]"}
RESULT: {"using":"xpath","value":"//div[(text() = 'Standard Entry' or . = 'Standard Entry')]"}
COMMAND: POST /session/324496234919104d937ca92dc3ef2aab/element/f.350099D233706A5CE962F884DCED375A.d.C88BA57D030F568609C641AD259C19C4.e.17041/click - {}
RESULT: {}
COMMAND: GET /session/324496234919104d937ca92dc3ef2aab/screenshot - {}
RESULT: {}
COMMAND: POST /session/324496234919104d937ca92dc3ef2aab/element - {"using":"xpath","value":"//td[7]/div/div/input"}
RESULT: {"using":"xpath","value":"//td[7]/div/div/input"}
COMMAND: POST /session/324496234919104d937ca92dc3ef2aab/element/f.350099D233706A5CE962F884DCED375A.d.C88BA57D030F568609C641AD259C19C4.e.17050/clear - {}
RESULT: {}
COMMAND: POST /session/324496234919104d937ca92dc3ef2aab/element/f.350099D233706A5CE962F884DCED375A.d.C88BA57D030F568609C641AD259C19C4.e.17050/value - {"text":"Gjl8Ayj5Zu"}
COMMAND: GET /session/324496234919104d937ca92dc3ef2aab/screenshot - {}
RESULT: {"text":"Gjl8Ayj5Zu"}
COMMAND: GET /session/324496234919104d937ca92dc3ef2aab/screenshot - {}
RESULT: {}
RESULT: {}
COMMAND: POST /session/324496234919104d937ca92dc3ef2aab/actions - {"actions":[{"id":"action62","type":"key","parameters":{},"actions":[{"type":"keyDown","value":""},{"type":"pause","duration":10},{"type":"keyUp","value":""}]}]}
RESULT: {"actions":[{"id":"action62","type":"key","parameters":{},"actions":[{"type":"keyDown","value":""},{"type":"pause","duration":10},{"type":"keyUp","value":""}]}]}
COMMAND: GET /session/324496234919104d937ca92dc3ef2aab/screenshot - {}
RESULT: {}
COMMAND: POST /session/324496234919104d937ca92dc3ef2aab/execute/sync - {"script":"<script> [276 bytes]","args":["No pricing information was found"]}
RESULT: {"script":"<script> [276 bytes]","args":["No pricing information was found"]}
COMMAND: POST /session/324496234919104d937ca92dc3ef2aab/element - {"using":"xpath","value":"(//button[@data-kt=\"saveButton\"])[2]"}
COMMAND: GET /session/324496234919104d937ca92dc3ef2aab/screenshot - {}
RESULT: {"using":"xpath","value":"(//button[@data-kt=\"saveButton\"])[2]"}
COMMAND: POST /session/324496234919104d937ca92dc3ef2aab/element/f.350099D233706A5CE962F884DCED375A.d.C88BA57D030F568609C641AD259C19C4.e.17065/click - {}
RESULT: {}
RESULT: {}
COMMAND: GET /session/324496234919104d937ca92dc3ef2aab/screenshot - {}
RESULT: {}
COMMAND: POST /session/324496234919104d937ca92dc3ef2aab/execute/sync - {"script":"<script> [276 bytes]","args":["Some contract items are having rental validity exceeding header rental validity"]}
RESULT: {"script":"<script> [276 bytes]","args":["Some contract items are having rental validity exceeding header rental validity"]}
COMMAND: GET /session/324496234919104d937ca92dc3ef2aab/screenshot - {}
RESULT: {}
COMMAND: POST /session/324496234919104d937ca92dc3ef2aab/element - {"using":"xpath","value":"//span[contains(@id ,\"contractItemsSmartTable-header-inner\")]"}
RESULT: {"using":"xpath","value":"//span[contains(@id ,\"contractItemsSmartTable-header-inner\")]"}
COMMAND: POST /session/324496234919104d937ca92dc3ef2aab/elements - {"using":"xpath","value":"//span[contains(@id ,\"contractItemsSmartTable-header-inner\")]"}
RESULT: {"using":"xpath","value":"//span[contains(@id ,\"contractItemsSmartTable-header-inner\")]"}
COMMAND: POST /session/324496234919104d937ca92dc3ef2aab/execute/sync - {"script":"<script> [56 bytes]","args":[{"element-6066-11e4-a52e-4f735466cecf":"f.350099D233706A5CE962F884DCED375A.d.C88BA57D030F568609C641AD259C19C4.e.17071","ELEMENT":"f.350099D233706A5CE962F884DCED375A.d.C88BA57D030F568609C641AD259C19C4.e.17071"}]}
RESULT: {"script":"<script> [56 bytes]","args":[{"element-6066-11e4-a52e-4f735466cecf":"f.350099D233706A5CE962F884DCED375A.d.C88BA57D030F568609C641AD259C19C4.e.17071","ELEMENT":"f.350099D233706A5CE962F884DCED375A.d.C88BA57D030F568609C641AD259C19C4.e.17071"}]}
COMMAND: GET /session/324496234919104d937ca92dc3ef2aab/screenshot - {}
]]></system-out>
    </testcase>
    <testcase classname="chrome.136_0_7103_93.windows.Performance_based_billing_(work_days)_US139742" name="Should do a provide to site handover" time="72.524">
      <system-out><![CDATA[
COMMAND: POST /session/324496234919104d937ca92dc3ef2aab/element - {"using":"xpath","value":"//button[@data-kt=\"provideButton\"]"}
RESULT: {}
RESULT: {"using":"xpath","value":"//button[@data-kt=\"provideButton\"]"}
COMMAND: POST /session/324496234919104d937ca92dc3ef2aab/element/f.350099D233706A5CE962F884DCED375A.d.C88BA57D030F568609C641AD259C19C4.e.17073/click - {}
RESULT: {}
COMMAND: GET /session/324496234919104d937ca92dc3ef2aab/screenshot - {}
RESULT: undefined
COMMAND: POST /session/324496234919104d937ca92dc3ef2aab/execute/async - {"script":"<script> [6424 bytes]","args":[{"element-6066-11e4-a52e-4f735466cecf":"f.350099D233706A5CE962F884DCED375A.d.C88BA57D030F568609C641AD259C19C4.e.15938"},"setValue",["5/23/25"]]}
RESULT: {}
COMMAND: POST /session/324496234919104d937ca92dc3ef2aab/execute/async - {"script":"<script> [1562 bytes]","args":[{"selector":{"id":"application-managehandovers-display-component---AddNewHO--dueDate","interaction":{"idSuffix":"inner"}},"wdio_ui5_key":"applicationmanagehandovers-display-component---AddNewHO--dueDate"}]}
RESULT: {"script":"<script> [1562 bytes]","args":[{"selector":{"id":"application-managehandovers-display-component---AddNewHO--dueDate","interaction":{"idSuffix":"inner"}},"wdio_ui5_key":"applicationmanagehandovers-display-component---AddNewHO--dueDate"}]}
COMMAND: POST /session/324496234919104d937ca92dc3ef2aab/execute/async - {"script":"<script> [6424 bytes]","args":[{"element-6066-11e4-a52e-4f735466cecf":"f.350099D233706A5CE962F884DCED375A.d.C88BA57D030F568609C641AD259C19C4.e.17130"},"setValue",["5/23/25"]]}
RESULT: {"script":"<script> [6424 bytes]","args":[{"element-6066-11e4-a52e-4f735466cecf":"f.350099D233706A5CE962F884DCED375A.d.C88BA57D030F568609C641AD259C19C4.e.17130"},"setValue",["5/23/25"]]}
COMMAND: POST /session/324496234919104d937ca92dc3ef2aab/element - {"using":"xpath","value":"//bdi[contains(text(), \"Instructions\")]"}
RESULT: {"using":"xpath","value":"//bdi[contains(text(), \"Instructions\")]"}
COMMAND: POST /session/324496234919104d937ca92dc3ef2aab/element/f.350099D233706A5CE962F884DCED375A.d.C88BA57D030F568609C641AD259C19C4.e.17392/click - {}
RESULT: {}
COMMAND: GET /session/324496234919104d937ca92dc3ef2aab/screenshot - {}
RESULT: {}
COMMAND: POST /session/324496234919104d937ca92dc3ef2aab/element - {"using":"xpath","value":"//button[@data-kt=\"AddNewHOProvideAddItemsButton\"]"}
RESULT: {"using":"xpath","value":"//button[@data-kt=\"AddNewHOProvideAddItemsButton\"]"}
COMMAND: POST /session/324496234919104d937ca92dc3ef2aab/element/f.350099D233706A5CE962F884DCED375A.d.C88BA57D030F568609C641AD259C19C4.e.17396/click - {}
RESULT: {}
COMMAND: GET /session/324496234919104d937ca92dc3ef2aab/screenshot - {}
RESULT: {}
RESULT: undefined
COMMAND: POST /session/324496234919104d937ca92dc3ef2aab/element - {"using":"xpath","value":"//*[@id=\"application-managehandovers-display-component---AddNewHO--popup-sa\"]"}
RESULT: {"using":"xpath","value":"//*[@id=\"application-managehandovers-display-component---AddNewHO--popup-sa\"]"}
COMMAND: POST /session/324496234919104d937ca92dc3ef2aab/element/f.350099D233706A5CE962F884DCED375A.d.C88BA57D030F568609C641AD259C19C4.e.17407/click - {}
RESULT: {}
COMMAND: GET /session/324496234919104d937ca92dc3ef2aab/screenshot - {}
RESULT: {}
COMMAND: POST /session/324496234919104d937ca92dc3ef2aab/element - {"using":"xpath","value":"//*[contains(@id ,\"BDI-content\")][contains(text(), \"Select\")]"}
RESULT: {"using":"xpath","value":"//*[contains(@id ,\"BDI-content\")][contains(text(), \"Select\")]"}
COMMAND: POST /session/324496234919104d937ca92dc3ef2aab/element/f.350099D233706A5CE962F884DCED375A.d.C88BA57D030F568609C641AD259C19C4.e.17408/click - {}
RESULT: {}
COMMAND: GET /session/324496234919104d937ca92dc3ef2aab/screenshot - {}
RESULT: {}
COMMAND: POST /session/324496234919104d937ca92dc3ef2aab/execute/async - {"script":"<script> [1562 bytes]","args":[{"selector":{"id":"application-managehandovers-display-component---AddNewHO--confirmCreationButton","interaction":{"idSuffix":"BDI-content"}},"wdio_ui5_key":"applicationmanagehandovers-display-component---AddNewHO--confirmCreationButton"}]}
RESULT: {"script":"<script> [1562 bytes]","args":[{"selector":{"id":"application-managehandovers-display-component---AddNewHO--confirmCreationButton","interaction":{"idSuffix":"BDI-content"}},"wdio_ui5_key":"applicationmanagehandovers-display-component---AddNewHO--confirmCreationButton"}]}
RESULT: undefined
COMMAND: POST /session/324496234919104d937ca92dc3ef2aab/element - {"using":"xpath","value":"//*[@id=\"application-managehandovers-display-component---AddNewHO--confirmCreationButton\"]"}
RESULT: {"using":"xpath","value":"//*[@id=\"application-managehandovers-display-component---AddNewHO--confirmCreationButton\"]"}
COMMAND: POST /session/324496234919104d937ca92dc3ef2aab/element/f.350099D233706A5CE962F884DCED375A.d.C88BA57D030F568609C641AD259C19C4.e.17202/click - {}
RESULT: {}
COMMAND: GET /session/324496234919104d937ca92dc3ef2aab/screenshot - {}
COMMAND: POST /session/324496234919104d937ca92dc3ef2aab/execute/async - {"script":"<script> [1562 bytes]","args":[{"selector":{"id":"issueDatePicker","viewName":"etm.portal.ui.managehandovers.view.DetailExecuteHO","interaction":{"idSuffix":"inner"}},"wdio_ui5_key":"issueDatePickeretmportal.ui.managehandovers.view.DetailExecuteHO"}]}
RESULT: {}
RESULT: {"script":"<script> [1562 bytes]","args":[{"selector":{"id":"issueDatePicker","viewName":"etm.portal.ui.managehandovers.view.DetailExecuteHO","interaction":{"idSuffix":"inner"}},"wdio_ui5_key":"issueDatePickeretmportal.ui.managehandovers.view.DetailExecuteHO"}]}
RESULT: undefined
COMMAND: POST /session/324496234919104d937ca92dc3ef2aab/execute/async - {"script":"<script> [776 bytes]","args":[{"enterText":"5/23/25","selector":{"id":"issueDatePicker","viewName":"etm.portal.ui.managehandovers.view.DetailExecuteHO","interaction":{"idSuffix":"inner"}},"clearTextFirst":true,"interactionType":"ENTER_TEXT"}]}
RESULT: {"script":"<script> [776 bytes]","args":[{"enterText":"5/23/25","selector":{"id":"issueDatePicker","viewName":"etm.portal.ui.managehandovers.view.DetailExecuteHO","interaction":{"idSuffix":"inner"}},"clearTextFirst":true,"interactionType":"ENTER_TEXT"}]}
COMMAND: POST /session/324496234919104d937ca92dc3ef2aab/element - {"using":"xpath","value":"//button[@data-kt=\"PickingTableConfirmAllButton\"]"}
RESULT: {"using":"xpath","value":"//button[@data-kt=\"PickingTableConfirmAllButton\"]"}
COMMAND: POST /session/324496234919104d937ca92dc3ef2aab/element/f.350099D233706A5CE962F884DCED375A.d.C88BA57D030F568609C641AD259C19C4.e.17485/click - {}
RESULT: {}
COMMAND: GET /session/324496234919104d937ca92dc3ef2aab/screenshot - {}
RESULT: {}
COMMAND: POST /session/324496234919104d937ca92dc3ef2aab/element - {"using":"xpath","value":"//bdi[contains(text(), \"OK\")]"}
RESULT: {"using":"xpath","value":"//bdi[contains(text(), \"OK\")]"}
COMMAND: POST /session/324496234919104d937ca92dc3ef2aab/element/f.350099D233706A5CE962F884DCED375A.d.C88BA57D030F568609C641AD259C19C4.e.17488/click - {}
RESULT: {}
COMMAND: GET /session/324496234919104d937ca92dc3ef2aab/screenshot - {}
RESULT: {}
COMMAND: POST /session/324496234919104d937ca92dc3ef2aab/element - {"using":"xpath","value":"//bdi[contains(text(), \"Issue\")]"}
RESULT: {"using":"xpath","value":"//bdi[contains(text(), \"Issue\")]"}
COMMAND: POST /session/324496234919104d937ca92dc3ef2aab/element/f.350099D233706A5CE962F884DCED375A.d.C88BA57D030F568609C641AD259C19C4.e.17490/click - {}
RESULT: {}
COMMAND: GET /session/324496234919104d937ca92dc3ef2aab/screenshot - {}
RESULT: {}
COMMAND: POST /session/324496234919104d937ca92dc3ef2aab/element - {"using":"css selector","value":"#shell-header-logo"}
RESULT: {"using":"css selector","value":"#shell-header-logo"}
COMMAND: POST /session/324496234919104d937ca92dc3ef2aab/element/f.350099D233706A5CE962F884DCED375A.d.C88BA57D030F568609C641AD259C19C4.e.16455/click - {}
RESULT: {}
COMMAND: GET /session/324496234919104d937ca92dc3ef2aab/screenshot - {}
RESULT: {}
]]></system-out>
    </testcase>
    <testcase classname="chrome.136_0_7103_93.windows.Performance_based_billing_(work_days)_US139742" name="Should create a few performance documents" time="102.487">
      <system-out><![CDATA[
COMMAND: POST /session/324496234919104d937ca92dc3ef2aab/execute/async - {"script":"<script> [1562 bytes]","args":[{"selector":{"controlType":"sap.m.GenericTile","properties":{"header":"Manage States & Performance"}},"wdio_ui5_key":"sapm.GenericTile{\"header\":\"Manage States & Performance\"}"}]}
RESULT: {"script":"<script> [1562 bytes]","args":[{"selector":{"controlType":"sap.m.GenericTile","properties":{"header":"Manage States & Performance"}},"wdio_ui5_key":"sapm.GenericTile{\"header\":\"Manage States & Performance\"}"}]}
RESULT: undefined
COMMAND: POST /session/324496234919104d937ca92dc3ef2aab/element - {"using":"xpath","value":"//*[@id=\"__tile56\"]"}
RESULT: {"using":"xpath","value":"//*[@id=\"__tile56\"]"}
COMMAND: POST /session/324496234919104d937ca92dc3ef2aab/element/f.350099D233706A5CE962F884DCED375A.d.C88BA57D030F568609C641AD259C19C4.e.13685/click - {}
RESULT: {}
COMMAND: GET /session/324496234919104d937ca92dc3ef2aab/screenshot - {}
RESULT: {}
COMMAND: POST /session/324496234919104d937ca92dc3ef2aab/elements - {"using":"xpath","value":"//span[text()='Error']"}
RESULT: {"using":"xpath","value":"//span[text()='Error']"}
COMMAND: POST /session/324496234919104d937ca92dc3ef2aab/element - {"using":"xpath","value":"//div[@id=\"application-managestatesandperformance-display-component---stateAndPerform--smartFilterBarResources-btnBasicSearch\"]"}
RESULT: {"using":"xpath","value":"//div[@id=\"application-managestatesandperformance-display-component---stateAndPerform--smartFilterBarResources-btnBasicSearch\"]"}
COMMAND: POST /session/324496234919104d937ca92dc3ef2aab/elements - {"using":"xpath","value":"//div[@id=\"application-managestatesandperformance-display-component---stateAndPerform--smartFilterBarResources-btnBasicSearch\"]"}
RESULT: {"using":"xpath","value":"//div[@id=\"application-managestatesandperformance-display-component---stateAndPerform--smartFilterBarResources-btnBasicSearch\"]"}
COMMAND: POST /session/324496234919104d937ca92dc3ef2aab/execute/sync - {"script":"<script> [8489 bytes]","args":[{"element-6066-11e4-a52e-4f735466cecf":"f.350099D233706A5CE962F884DCED375A.d.C88BA57D030F568609C641AD259C19C4.e.17765","ELEMENT":"f.350099D233706A5CE962F884DCED375A.d.C88BA57D030F568609C641AD259C19C4.e.17765"}]}
RESULT: {"script":"<script> [8489 bytes]","args":[{"element-6066-11e4-a52e-4f735466cecf":"f.350099D233706A5CE962F884DCED375A.d.C88BA57D030F568609C641AD259C19C4.e.17765","ELEMENT":"f.350099D233706A5CE962F884DCED375A.d.C88BA57D030F568609C641AD259C19C4.e.17765"}]}
COMMAND: GET /session/324496234919104d937ca92dc3ef2aab/element/f.350099D233706A5CE962F884DCED375A.d.C88BA57D030F568609C641AD259C19C4.e.17765/enabled - {}
COMMAND: GET /session/324496234919104d937ca92dc3ef2aab/screenshot - {}
RESULT: {}
COMMAND: POST /session/324496234919104d937ca92dc3ef2aab/execute/sync - {"script":"<script> [8489 bytes]","args":[{"element-6066-11e4-a52e-4f735466cecf":"f.350099D233706A5CE962F884DCED375A.d.C88BA57D030F568609C641AD259C19C4.e.17765","ELEMENT":"f.350099D233706A5CE962F884DCED375A.d.C88BA57D030F568609C641AD259C19C4.e.17765"}]}
COMMAND: GET /session/324496234919104d937ca92dc3ef2aab/screenshot - {}
RESULT: {}
RESULT: {"script":"<script> [8489 bytes]","args":[{"element-6066-11e4-a52e-4f735466cecf":"f.350099D233706A5CE962F884DCED375A.d.C88BA57D030F568609C641AD259C19C4.e.17765","ELEMENT":"f.350099D233706A5CE962F884DCED375A.d.C88BA57D030F568609C641AD259C19C4.e.17765"}]}
COMMAND: POST /session/324496234919104d937ca92dc3ef2aab/execute/sync - {"script":"<script> [5351 bytes]","args":[{"element-6066-11e4-a52e-4f735466cecf":"f.350099D233706A5CE962F884DCED375A.d.C88BA57D030F568609C641AD259C19C4.e.17765","ELEMENT":"f.350099D233706A5CE962F884DCED375A.d.C88BA57D030F568609C641AD259C19C4.e.17765"}]}
COMMAND: GET /session/324496234919104d937ca92dc3ef2aab/screenshot - {}
RESULT: {}
RESULT: {"script":"<script> [5351 bytes]","args":[{"element-6066-11e4-a52e-4f735466cecf":"f.350099D233706A5CE962F884DCED375A.d.C88BA57D030F568609C641AD259C19C4.e.17765","ELEMENT":"f.350099D233706A5CE962F884DCED375A.d.C88BA57D030F568609C641AD259C19C4.e.17765"}]}
COMMAND: POST /session/324496234919104d937ca92dc3ef2aab/execute/async - {"script":"<script> [1562 bytes]","args":[{"selector":{"id":"application-managestatesandperformance-display-component---stateAndPerform--smartFilterBarResources-btnBasicSearch","interaction":{"idSuffix":"I"}},"wdio_ui5_key":"applicationmanagestatesandperformance-display-component---stateAndPerform--smartFilterBarResources-btnBasicSearch"}]}
COMMAND: GET /session/324496234919104d937ca92dc3ef2aab/screenshot - {}
RESULT: {}
RESULT: {"script":"<script> [1562 bytes]","args":[{"selector":{"id":"application-managestatesandperformance-display-component---stateAndPerform--smartFilterBarResources-btnBasicSearch","interaction":{"idSuffix":"I"}},"wdio_ui5_key":"applicationmanagestatesandperformance-display-component---stateAndPerform--smartFilterBarResources-btnBasicSearch"}]}
RESULT: undefined
COMMAND: POST /session/324496234919104d937ca92dc3ef2aab/execute/async - {"script":"<script> [776 bytes]","args":[{"enterText":"Gjl8Ayj5Zu","selector":{"id":"application-managestatesandperformance-display-component---stateAndPerform--smartFilterBarResources-btnBasicSearch","interaction":{"idSuffix":"I"}},"clearTextFirst":true,"interactionType":"ENTER_TEXT"}]}
RESULT: {}
RESULT: {"script":"<script> [776 bytes]","args":[{"enterText":"Gjl8Ayj5Zu","selector":{"id":"application-managestatesandperformance-display-component---stateAndPerform--smartFilterBarResources-btnBasicSearch","interaction":{"idSuffix":"I"}},"clearTextFirst":true,"interactionType":"ENTER_TEXT"}]}
COMMAND: POST /session/324496234919104d937ca92dc3ef2aab/actions - {"actions":[{"id":"action63","type":"key","parameters":{},"actions":[{"type":"keyDown","value":""},{"type":"pause","duration":10},{"type":"keyUp","value":""}]}]}
RESULT: {"actions":[{"id":"action63","type":"key","parameters":{},"actions":[{"type":"keyDown","value":""},{"type":"pause","duration":10},{"type":"keyUp","value":""}]}]}
COMMAND: GET /session/324496234919104d937ca92dc3ef2aab/screenshot - {}
RESULT: {}
COMMAND: POST /session/324496234919104d937ca92dc3ef2aab/execute/async - {"script":"<script> [1562 bytes]","args":[{"selector":{"id":"application-managestatesandperformance-display-component---stateAndPerform--stateAndPerformResourcesSmartTable-header"},"wdio_ui5_key":"applicationmanagestatesandperformance-display-component---stateAndPerform--stateAndPerformResourcesSmartTable-header"}]}
RESULT: {"script":"<script> [1562 bytes]","args":[{"selector":{"id":"application-managestatesandperformance-display-component---stateAndPerform--stateAndPerformResourcesSmartTable-header"},"wdio_ui5_key":"applicationmanagestatesandperformance-display-component---stateAndPerform--stateAndPerformResourcesSmartTable-header"}]}
RESULT: undefined
COMMAND: POST /session/324496234919104d937ca92dc3ef2aab/execute/async - {"script":"<script> [6424 bytes]","args":[{"element-6066-11e4-a52e-4f735466cecf":"f.350099D233706A5CE962F884DCED375A.d.C88BA57D030F568609C641AD259C19C4.e.17780"},"getText",[]]}
RESULT: {"script":"<script> [6424 bytes]","args":[{"element-6066-11e4-a52e-4f735466cecf":"f.350099D233706A5CE962F884DCED375A.d.C88BA57D030F568609C641AD259C19C4.e.17780"},"getText",[]]}
COMMAND: POST /session/324496234919104d937ca92dc3ef2aab/execute/async - {"script":"<script> [1562 bytes]","args":[{"selector":{"controlType":"sap.ui.core.Icon","viewName":"etm.portal.ui.managestatesandperformance.view.Master","viewId":"application-managestatesandperformance-display-component---stateAndPerform","properties":{"src":{"regex":{"source":"slim\\-arrow\\-right"}}}},"wdio_ui5_key":"etmportal.ui.managestatesandperformance.view.Mastersap.ui.core.Icon{\"src\":{\"regex\":{\"source\":\"slim\\\\-arrow\\\\-right\"}}}"}]}
RESULT: {"script":"<script> [1562 bytes]","args":[{"selector":{"controlType":"sap.ui.core.Icon","viewName":"etm.portal.ui.managestatesandperformance.view.Master","viewId":"application-managestatesandperformance-display-component---stateAndPerform","properties":{"src":{"regex":{"source":"slim\\-arrow\\-right"}}}},"wdio_ui5_key":"etmportal.ui.managestatesandperformance.view.Mastersap.ui.core.Icon{\"src\":{\"regex\":{\"source\":\"slim\\\\-arrow\\\\-right\"}}}"}]}
RESULT: undefined
COMMAND: POST /session/324496234919104d937ca92dc3ef2aab/element - {"using":"xpath","value":"//*[@id=\"__item1793-__clone3428-imgNav\"]"}
RESULT: {"using":"xpath","value":"//*[@id=\"__item1793-__clone3428-imgNav\"]"}
COMMAND: POST /session/324496234919104d937ca92dc3ef2aab/element/f.350099D233706A5CE962F884DCED375A.d.C88BA57D030F568609C641AD259C19C4.e.17779/click - {}
RESULT: {}
COMMAND: GET /session/324496234919104d937ca92dc3ef2aab/screenshot - {}
RESULT: {}
COMMAND: POST /session/324496234919104d937ca92dc3ef2aab/execute/async - {"script":"<script> [1562 bytes]","args":[{"selector":{"controlType":"sap.m.Button","viewName":"etm.portal.ui.managestatesandperformance.view.Detail","viewId":"application-managestatesandperformance-display-component---detailStateAndPerform","properties":{"text":"Performance Documents"}},"wdio_ui5_key":"etmportal.ui.managestatesandperformance.view.Detailsap.m.Button{\"text\":\"Performance Documents\"}"}]}
RESULT: {"script":"<script> [1562 bytes]","args":[{"selector":{"controlType":"sap.m.Button","viewName":"etm.portal.ui.managestatesandperformance.view.Detail","viewId":"application-managestatesandperformance-display-component---detailStateAndPerform","properties":{"text":"Performance Documents"}},"wdio_ui5_key":"etmportal.ui.managestatesandperformance.view.Detailsap.m.Button{\"text\":\"Performance Documents\"}"}]}
RESULT: undefined
COMMAND: POST /session/324496234919104d937ca92dc3ef2aab/element - {"using":"xpath","value":"//*[@id=\"__item1816-button\"]"}
RESULT: {"using":"xpath","value":"//*[@id=\"__item1816-button\"]"}
COMMAND: POST /session/324496234919104d937ca92dc3ef2aab/element/f.350099D233706A5CE962F884DCED375A.d.C88BA57D030F568609C641AD259C19C4.e.17825/click - {}
RESULT: {}
COMMAND: POST /session/324496234919104d937ca92dc3ef2aab/execute/async - {"script":"<script> [1562 bytes]","args":[{"selector":{"controlType":"sap.m.Button","viewName":"etm.portal.ui.managestatesandperformance.view.Detail","viewId":"application-managestatesandperformance-display-component---detailStateAndPerform","i18NText":{"propertyName":"text","key":"createPerformanceDoc"},"interaction":{"idSuffix":"BDI-content"}},"wdio_ui5_key":"etmportal.ui.managestatesandperformance.view.Detailsap.m.Button{\"propertyName\":\"text\",\"key\":\"createPerformanceDoc\"}"}]}
COMMAND: GET /session/324496234919104d937ca92dc3ef2aab/screenshot - {}
RESULT: {"script":"<script> [1562 bytes]","args":[{"selector":{"controlType":"sap.m.Button","viewName":"etm.portal.ui.managestatesandperformance.view.Detail","viewId":"application-managestatesandperformance-display-component---detailStateAndPerform","i18NText":{"propertyName":"text","key":"createPerformanceDoc"},"interaction":{"idSuffix":"BDI-content"}},"wdio_ui5_key":"etmportal.ui.managestatesandperformance.view.Detailsap.m.Button{\"propertyName\":\"text\",\"key\":\"createPerformanceDoc\"}"}]}
RESULT: undefined
COMMAND: POST /session/324496234919104d937ca92dc3ef2aab/element - {"using":"xpath","value":"//*[@id=\"__button408\"]"}
RESULT: {}
RESULT: {"using":"xpath","value":"//*[@id=\"__button408\"]"}
COMMAND: POST /session/324496234919104d937ca92dc3ef2aab/element/f.350099D233706A5CE962F884DCED375A.d.C88BA57D030F568609C641AD259C19C4.e.17828/click - {}
RESULT: {}
COMMAND: POST /session/324496234919104d937ca92dc3ef2aab/execute/async - {"script":"<script> [1562 bytes]","args":[{"selector":{"id":"application-managestatesandperformance-display-component---detailStateAndPerform--perfDocDatePicker","searchOpenDialogs":true,"interaction":{"idSuffix":"inner"}},"wdio_ui5_key":"applicationmanagestatesandperformance-display-component---detailStateAndPerform--perfDocDatePicker"}]}
COMMAND: GET /session/324496234919104d937ca92dc3ef2aab/screenshot - {}
RESULT: {"script":"<script> [1562 bytes]","args":[{"selector":{"id":"application-managestatesandperformance-display-component---detailStateAndPerform--perfDocDatePicker","searchOpenDialogs":true,"interaction":{"idSuffix":"inner"}},"wdio_ui5_key":"applicationmanagestatesandperformance-display-component---detailStateAndPerform--perfDocDatePicker"}]}
RESULT: undefined
COMMAND: POST /session/324496234919104d937ca92dc3ef2aab/execute/async - {"script":"<script> [776 bytes]","args":[{"enterText":"5/25/25","selector":{"id":"application-managestatesandperformance-display-component---detailStateAndPerform--perfDocDatePicker","searchOpenDialogs":true,"interaction":{"idSuffix":"inner"}},"clearTextFirst":true,"interactionType":"ENTER_TEXT"}]}
RESULT: {}
RESULT: {"script":"<script> [776 bytes]","args":[{"enterText":"5/25/25","selector":{"id":"application-managestatesandperformance-display-component---detailStateAndPerform--perfDocDatePicker","searchOpenDialogs":true,"interaction":{"idSuffix":"inner"}},"clearTextFirst":true,"interactionType":"ENTER_TEXT"}]}
COMMAND: POST /session/324496234919104d937ca92dc3ef2aab/execute/async - {"script":"<script> [1562 bytes]","args":[{"selector":{"id":"application-managestatesandperformance-display-component---detailStateAndPerform--counterValue-input","searchOpenDialogs":true,"interaction":{"idSuffix":"inner"}},"wdio_ui5_key":"applicationmanagestatesandperformance-display-component---detailStateAndPerform--counterValue-input"}]}
RESULT: {"script":"<script> [1562 bytes]","args":[{"selector":{"id":"application-managestatesandperformance-display-component---detailStateAndPerform--counterValue-input","searchOpenDialogs":true,"interaction":{"idSuffix":"inner"}},"wdio_ui5_key":"applicationmanagestatesandperformance-display-component---detailStateAndPerform--counterValue-input"}]}
RESULT: undefined
COMMAND: POST /session/324496234919104d937ca92dc3ef2aab/execute/async - {"script":"<script> [776 bytes]","args":[{"enterText":"15.00","selector":{"id":"application-managestatesandperformance-display-component---detailStateAndPerform--counterValue-input","searchOpenDialogs":true,"interaction":{"idSuffix":"inner"}},"clearTextFirst":true,"interactionType":"ENTER_TEXT"}]}
RESULT: {"script":"<script> [776 bytes]","args":[{"enterText":"15.00","selector":{"id":"application-managestatesandperformance-display-component---detailStateAndPerform--counterValue-input","searchOpenDialogs":true,"interaction":{"idSuffix":"inner"}},"clearTextFirst":true,"interactionType":"ENTER_TEXT"}]}
COMMAND: POST /session/324496234919104d937ca92dc3ef2aab/execute/async - {"script":"<script> [1562 bytes]","args":[{"selector":{"controlType":"sap.m.Button","viewName":"etm.portal.ui.managestatesandperformance.view.Detail","viewId":"application-managestatesandperformance-display-component---detailStateAndPerform","bindingPath":{"path":"","propertyPath":"/allowAddEdit","modelName":"oScreenModel"},"searchOpenDialogs":true,"interaction":{"idSuffix":"BDI-content"}},"wdio_ui5_key":"etmportal.ui.managestatesandperformance.view.Detailsap.m.Button{\"path\":\"\",\"propertyPath\":\"/allowAddEdit\",\"modelName\":\"oScreenModel\"}"}]}
RESULT: {"script":"<script> [1562 bytes]","args":[{"selector":{"controlType":"sap.m.Button","viewName":"etm.portal.ui.managestatesandperformance.view.Detail","viewId":"application-managestatesandperformance-display-component---detailStateAndPerform","bindingPath":{"path":"","propertyPath":"/allowAddEdit","modelName":"oScreenModel"},"searchOpenDialogs":true,"interaction":{"idSuffix":"BDI-content"}},"wdio_ui5_key":"etmportal.ui.managestatesandperformance.view.Detailsap.m.Button{\"path\":\"\",\"propertyPath\":\"/allowAddEdit\",\"modelName\":\"oScreenModel\"}"}]}
RESULT: undefined
COMMAND: POST /session/324496234919104d937ca92dc3ef2aab/element - {"using":"xpath","value":"//*[@id=\"__button415\"]"}
RESULT: {"using":"xpath","value":"//*[@id=\"__button415\"]"}
COMMAND: POST /session/324496234919104d937ca92dc3ef2aab/element/f.350099D233706A5CE962F884DCED375A.d.C88BA57D030F568609C641AD259C19C4.e.17848/click - {}
RESULT: {}
RESULT: undefined
COMMAND: POST /session/324496234919104d937ca92dc3ef2aab/element - {"using":"xpath","value":"//*[@id=\"__button408\"]"}
COMMAND: GET /session/324496234919104d937ca92dc3ef2aab/screenshot - {}
RESULT: {"using":"xpath","value":"//*[@id=\"__button408\"]"}
COMMAND: POST /session/324496234919104d937ca92dc3ef2aab/element/f.350099D233706A5CE962F884DCED375A.d.C88BA57D030F568609C641AD259C19C4.e.17828/click - {}
RESULT: {}
RESULT: {}
RESULT: undefined
COMMAND: POST /session/324496234919104d937ca92dc3ef2aab/execute/async - {"script":"<script> [776 bytes]","args":[{"enterText":"5/29/25","selector":{"id":"application-managestatesandperformance-display-component---detailStateAndPerform--perfDocDatePicker","searchOpenDialogs":true,"interaction":{"idSuffix":"inner"}},"clearTextFirst":true,"interactionType":"ENTER_TEXT"}]}
COMMAND: GET /session/324496234919104d937ca92dc3ef2aab/screenshot - {}
RESULT: {"script":"<script> [776 bytes]","args":[{"enterText":"5/29/25","selector":{"id":"application-managestatesandperformance-display-component---detailStateAndPerform--perfDocDatePicker","searchOpenDialogs":true,"interaction":{"idSuffix":"inner"}},"clearTextFirst":true,"interactionType":"ENTER_TEXT"}]}
RESULT: undefined
COMMAND: POST /session/324496234919104d937ca92dc3ef2aab/execute/async - {"script":"<script> [776 bytes]","args":[{"enterText":"20.00","selector":{"id":"application-managestatesandperformance-display-component---detailStateAndPerform--counterValue-input","searchOpenDialogs":true,"interaction":{"idSuffix":"inner"}},"clearTextFirst":true,"interactionType":"ENTER_TEXT"}]}
RESULT: {}
RESULT: {"script":"<script> [776 bytes]","args":[{"enterText":"20.00","selector":{"id":"application-managestatesandperformance-display-component---detailStateAndPerform--counterValue-input","searchOpenDialogs":true,"interaction":{"idSuffix":"inner"}},"clearTextFirst":true,"interactionType":"ENTER_TEXT"}]}
COMMAND: POST /session/324496234919104d937ca92dc3ef2aab/actions - {"actions":[{"id":"action64","type":"key","parameters":{},"actions":[{"type":"keyDown","value":""},{"type":"keyDown","value":""},{"type":"pause","duration":10},{"type":"keyUp","value":""},{"type":"keyUp","value":""}]}]}
RESULT: {"actions":[{"id":"action64","type":"key","parameters":{},"actions":[{"type":"keyDown","value":""},{"type":"keyDown","value":""},{"type":"pause","duration":10},{"type":"keyUp","value":""},{"type":"keyUp","value":""}]}]}
COMMAND: POST /session/324496234919104d937ca92dc3ef2aab/actions - {"actions":[{"id":"action65","type":"key","parameters":{},"actions":[{"type":"keyDown","value":""},{"type":"pause","duration":10},{"type":"keyUp","value":""}]}]}
COMMAND: GET /session/324496234919104d937ca92dc3ef2aab/screenshot - {}
RESULT: {"actions":[{"id":"action65","type":"key","parameters":{},"actions":[{"type":"keyDown","value":""},{"type":"pause","duration":10},{"type":"keyUp","value":""}]}]}
RESULT: undefined
COMMAND: POST /session/324496234919104d937ca92dc3ef2aab/element - {"using":"xpath","value":"//*[@id=\"__button415\"]"}
COMMAND: GET /session/324496234919104d937ca92dc3ef2aab/screenshot - {}
RESULT: {}
RESULT: {"using":"xpath","value":"//*[@id=\"__button415\"]"}
COMMAND: POST /session/324496234919104d937ca92dc3ef2aab/elements - {"using":"xpath","value":"//*[@id=\"__button415\"]"}
RESULT: {}
RESULT: {"using":"xpath","value":"//*[@id=\"__button415\"]"}
COMMAND: POST /session/324496234919104d937ca92dc3ef2aab/elements - {"using":"xpath","value":"//*[@id=\"__button415\"]"}
RESULT: {"using":"xpath","value":"//*[@id=\"__button415\"]"}
COMMAND: POST /session/324496234919104d937ca92dc3ef2aab/elements - {"using":"xpath","value":"//*[@id=\"__button415\"]"}
RESULT: {"using":"xpath","value":"//*[@id=\"__button415\"]"}
COMMAND: POST /session/324496234919104d937ca92dc3ef2aab/elements - {"using":"xpath","value":"//*[@id=\"__button415\"]"}
RESULT: {"using":"xpath","value":"//*[@id=\"__button415\"]"}
COMMAND: POST /session/324496234919104d937ca92dc3ef2aab/elements - {"using":"xpath","value":"//*[@id=\"__button415\"]"}
RESULT: {"using":"xpath","value":"//*[@id=\"__button415\"]"}
COMMAND: POST /session/324496234919104d937ca92dc3ef2aab/elements - {"using":"xpath","value":"//*[@id=\"__button415\"]"}
RESULT: {"using":"xpath","value":"//*[@id=\"__button415\"]"}
COMMAND: POST /session/324496234919104d937ca92dc3ef2aab/elements - {"using":"xpath","value":"//*[@id=\"__button415\"]"}
RESULT: {"using":"xpath","value":"//*[@id=\"__button415\"]"}
COMMAND: POST /session/324496234919104d937ca92dc3ef2aab/elements - {"using":"xpath","value":"//*[@id=\"__button415\"]"}
RESULT: {"using":"xpath","value":"//*[@id=\"__button415\"]"}
COMMAND: POST /session/324496234919104d937ca92dc3ef2aab/elements - {"using":"xpath","value":"//*[@id=\"__button415\"]"}
RESULT: {"using":"xpath","value":"//*[@id=\"__button415\"]"}
COMMAND: POST /session/324496234919104d937ca92dc3ef2aab/elements - {"using":"xpath","value":"//*[@id=\"__button415\"]"}
RESULT: {"using":"xpath","value":"//*[@id=\"__button415\"]"}
COMMAND: POST /session/324496234919104d937ca92dc3ef2aab/elements - {"using":"xpath","value":"//*[@id=\"__button415\"]"}
RESULT: {"using":"xpath","value":"//*[@id=\"__button415\"]"}
COMMAND: POST /session/324496234919104d937ca92dc3ef2aab/elements - {"using":"xpath","value":"//*[@id=\"__button415\"]"}
RESULT: {"using":"xpath","value":"//*[@id=\"__button415\"]"}
COMMAND: POST /session/324496234919104d937ca92dc3ef2aab/elements - {"using":"xpath","value":"//*[@id=\"__button415\"]"}
RESULT: {"using":"xpath","value":"//*[@id=\"__button415\"]"}
COMMAND: POST /session/324496234919104d937ca92dc3ef2aab/elements - {"using":"xpath","value":"//*[@id=\"__button415\"]"}
RESULT: {"using":"xpath","value":"//*[@id=\"__button415\"]"}
COMMAND: POST /session/324496234919104d937ca92dc3ef2aab/elements - {"using":"xpath","value":"//*[@id=\"__button415\"]"}
RESULT: {"using":"xpath","value":"//*[@id=\"__button415\"]"}
COMMAND: POST /session/324496234919104d937ca92dc3ef2aab/elements - {"using":"xpath","value":"//*[@id=\"__button415\"]"}
RESULT: {"using":"xpath","value":"//*[@id=\"__button415\"]"}
COMMAND: POST /session/324496234919104d937ca92dc3ef2aab/elements - {"using":"xpath","value":"//*[@id=\"__button415\"]"}
RESULT: {"using":"xpath","value":"//*[@id=\"__button415\"]"}
COMMAND: POST /session/324496234919104d937ca92dc3ef2aab/elements - {"using":"xpath","value":"//*[@id=\"__button415\"]"}
RESULT: {"using":"xpath","value":"//*[@id=\"__button415\"]"}
COMMAND: POST /session/324496234919104d937ca92dc3ef2aab/elements - {"using":"xpath","value":"//*[@id=\"__button415\"]"}
RESULT: {"using":"xpath","value":"//*[@id=\"__button415\"]"}
COMMAND: POST /session/324496234919104d937ca92dc3ef2aab/elements - {"using":"xpath","value":"//*[@id=\"__button415\"]"}
RESULT: {"using":"xpath","value":"//*[@id=\"__button415\"]"}
COMMAND: POST /session/324496234919104d937ca92dc3ef2aab/elements - {"using":"xpath","value":"//*[@id=\"__button415\"]"}
RESULT: {"using":"xpath","value":"//*[@id=\"__button415\"]"}
COMMAND: POST /session/324496234919104d937ca92dc3ef2aab/elements - {"using":"xpath","value":"//*[@id=\"__button415\"]"}
RESULT: {"using":"xpath","value":"//*[@id=\"__button415\"]"}
COMMAND: POST /session/324496234919104d937ca92dc3ef2aab/elements - {"using":"xpath","value":"//*[@id=\"__button415\"]"}
RESULT: {"using":"xpath","value":"//*[@id=\"__button415\"]"}
COMMAND: POST /session/324496234919104d937ca92dc3ef2aab/elements - {"using":"xpath","value":"//*[@id=\"__button415\"]"}
RESULT: {"using":"xpath","value":"//*[@id=\"__button415\"]"}
COMMAND: POST /session/324496234919104d937ca92dc3ef2aab/elements - {"using":"xpath","value":"//*[@id=\"__button415\"]"}
RESULT: {"using":"xpath","value":"//*[@id=\"__button415\"]"}
COMMAND: POST /session/324496234919104d937ca92dc3ef2aab/elements - {"using":"xpath","value":"//*[@id=\"__button415\"]"}
RESULT: {"using":"xpath","value":"//*[@id=\"__button415\"]"}
COMMAND: POST /session/324496234919104d937ca92dc3ef2aab/elements - {"using":"xpath","value":"//*[@id=\"__button415\"]"}
RESULT: {"using":"xpath","value":"//*[@id=\"__button415\"]"}
COMMAND: POST /session/324496234919104d937ca92dc3ef2aab/elements - {"using":"xpath","value":"//*[@id=\"__button415\"]"}
RESULT: {"using":"xpath","value":"//*[@id=\"__button415\"]"}
COMMAND: POST /session/324496234919104d937ca92dc3ef2aab/elements - {"using":"xpath","value":"//*[@id=\"__button415\"]"}
RESULT: {"using":"xpath","value":"//*[@id=\"__button415\"]"}
COMMAND: POST /session/324496234919104d937ca92dc3ef2aab/elements - {"using":"xpath","value":"//*[@id=\"__button415\"]"}
RESULT: {"using":"xpath","value":"//*[@id=\"__button415\"]"}
COMMAND: POST /session/324496234919104d937ca92dc3ef2aab/elements - {"using":"xpath","value":"//*[@id=\"__button415\"]"}
RESULT: {"using":"xpath","value":"//*[@id=\"__button415\"]"}
COMMAND: POST /session/324496234919104d937ca92dc3ef2aab/elements - {"using":"xpath","value":"//*[@id=\"__button415\"]"}
RESULT: {"using":"xpath","value":"//*[@id=\"__button415\"]"}
COMMAND: POST /session/324496234919104d937ca92dc3ef2aab/elements - {"using":"xpath","value":"//*[@id=\"__button415\"]"}
RESULT: {"using":"xpath","value":"//*[@id=\"__button415\"]"}
COMMAND: POST /session/324496234919104d937ca92dc3ef2aab/elements - {"using":"xpath","value":"//*[@id=\"__button415\"]"}
RESULT: {"using":"xpath","value":"//*[@id=\"__button415\"]"}
COMMAND: POST /session/324496234919104d937ca92dc3ef2aab/elements - {"using":"xpath","value":"//*[@id=\"__button415\"]"}
RESULT: {"using":"xpath","value":"//*[@id=\"__button415\"]"}
COMMAND: POST /session/324496234919104d937ca92dc3ef2aab/elements - {"using":"xpath","value":"//*[@id=\"__button415\"]"}
RESULT: {"using":"xpath","value":"//*[@id=\"__button415\"]"}
COMMAND: POST /session/324496234919104d937ca92dc3ef2aab/elements - {"using":"xpath","value":"//*[@id=\"__button415\"]"}
RESULT: {"using":"xpath","value":"//*[@id=\"__button415\"]"}
COMMAND: POST /session/324496234919104d937ca92dc3ef2aab/elements - {"using":"xpath","value":"//*[@id=\"__button415\"]"}
RESULT: {"using":"xpath","value":"//*[@id=\"__button415\"]"}
COMMAND: POST /session/324496234919104d937ca92dc3ef2aab/elements - {"using":"xpath","value":"//*[@id=\"__button415\"]"}
RESULT: {"using":"xpath","value":"//*[@id=\"__button415\"]"}
COMMAND: POST /session/324496234919104d937ca92dc3ef2aab/elements - {"using":"xpath","value":"//*[@id=\"__button415\"]"}
RESULT: {"using":"xpath","value":"//*[@id=\"__button415\"]"}
COMMAND: POST /session/324496234919104d937ca92dc3ef2aab/elements - {"using":"xpath","value":"//*[@id=\"__button415\"]"}
RESULT: {"using":"xpath","value":"//*[@id=\"__button415\"]"}
COMMAND: POST /session/324496234919104d937ca92dc3ef2aab/elements - {"using":"xpath","value":"//*[@id=\"__button415\"]"}
RESULT: {"using":"xpath","value":"//*[@id=\"__button415\"]"}
COMMAND: POST /session/324496234919104d937ca92dc3ef2aab/elements - {"using":"xpath","value":"//*[@id=\"__button415\"]"}
RESULT: {"using":"xpath","value":"//*[@id=\"__button415\"]"}
COMMAND: POST /session/324496234919104d937ca92dc3ef2aab/elements - {"using":"xpath","value":"//*[@id=\"__button415\"]"}
RESULT: {"using":"xpath","value":"//*[@id=\"__button415\"]"}
COMMAND: POST /session/324496234919104d937ca92dc3ef2aab/elements - {"using":"xpath","value":"//*[@id=\"__button415\"]"}
RESULT: {"using":"xpath","value":"//*[@id=\"__button415\"]"}
COMMAND: POST /session/324496234919104d937ca92dc3ef2aab/elements - {"using":"xpath","value":"//*[@id=\"__button415\"]"}
RESULT: {"using":"xpath","value":"//*[@id=\"__button415\"]"}
COMMAND: POST /session/324496234919104d937ca92dc3ef2aab/elements - {"using":"xpath","value":"//*[@id=\"__button415\"]"}
RESULT: {"using":"xpath","value":"//*[@id=\"__button415\"]"}
COMMAND: POST /session/324496234919104d937ca92dc3ef2aab/elements - {"using":"xpath","value":"//*[@id=\"__button415\"]"}
RESULT: {"using":"xpath","value":"//*[@id=\"__button415\"]"}
COMMAND: POST /session/324496234919104d937ca92dc3ef2aab/elements - {"using":"xpath","value":"//*[@id=\"__button415\"]"}
RESULT: {"using":"xpath","value":"//*[@id=\"__button415\"]"}
COMMAND: POST /session/324496234919104d937ca92dc3ef2aab/elements - {"using":"xpath","value":"//*[@id=\"__button415\"]"}
RESULT: {"using":"xpath","value":"//*[@id=\"__button415\"]"}
COMMAND: POST /session/324496234919104d937ca92dc3ef2aab/elements - {"using":"xpath","value":"//*[@id=\"__button415\"]"}
RESULT: {"using":"xpath","value":"//*[@id=\"__button415\"]"}
COMMAND: POST /session/324496234919104d937ca92dc3ef2aab/elements - {"using":"xpath","value":"//*[@id=\"__button415\"]"}
RESULT: {"using":"xpath","value":"//*[@id=\"__button415\"]"}
COMMAND: POST /session/324496234919104d937ca92dc3ef2aab/elements - {"using":"xpath","value":"//*[@id=\"__button415\"]"}
RESULT: {"using":"xpath","value":"//*[@id=\"__button415\"]"}
COMMAND: POST /session/324496234919104d937ca92dc3ef2aab/elements - {"using":"xpath","value":"//*[@id=\"__button415\"]"}
RESULT: {"using":"xpath","value":"//*[@id=\"__button415\"]"}
COMMAND: POST /session/324496234919104d937ca92dc3ef2aab/elements - {"using":"xpath","value":"//*[@id=\"__button415\"]"}
RESULT: {"using":"xpath","value":"//*[@id=\"__button415\"]"}
COMMAND: POST /session/324496234919104d937ca92dc3ef2aab/elements - {"using":"xpath","value":"//*[@id=\"__button415\"]"}
RESULT: {"using":"xpath","value":"//*[@id=\"__button415\"]"}
COMMAND: POST /session/324496234919104d937ca92dc3ef2aab/elements - {"using":"xpath","value":"//*[@id=\"__button415\"]"}
RESULT: {"using":"xpath","value":"//*[@id=\"__button415\"]"}
COMMAND: POST /session/324496234919104d937ca92dc3ef2aab/elements - {"using":"xpath","value":"//*[@id=\"__button415\"]"}
RESULT: {"using":"xpath","value":"//*[@id=\"__button415\"]"}
COMMAND: POST /session/324496234919104d937ca92dc3ef2aab/elements - {"using":"xpath","value":"//*[@id=\"__button415\"]"}
RESULT: {"using":"xpath","value":"//*[@id=\"__button415\"]"}
COMMAND: POST /session/324496234919104d937ca92dc3ef2aab/elements - {"using":"xpath","value":"//*[@id=\"__button415\"]"}
RESULT: {"using":"xpath","value":"//*[@id=\"__button415\"]"}
COMMAND: POST /session/324496234919104d937ca92dc3ef2aab/elements - {"using":"xpath","value":"//*[@id=\"__button415\"]"}
RESULT: {"using":"xpath","value":"//*[@id=\"__button415\"]"}
COMMAND: POST /session/324496234919104d937ca92dc3ef2aab/elements - {"using":"xpath","value":"//*[@id=\"__button415\"]"}
RESULT: {"using":"xpath","value":"//*[@id=\"__button415\"]"}
COMMAND: POST /session/324496234919104d937ca92dc3ef2aab/elements - {"using":"xpath","value":"//*[@id=\"__button415\"]"}
RESULT: {"using":"xpath","value":"//*[@id=\"__button415\"]"}
COMMAND: POST /session/324496234919104d937ca92dc3ef2aab/elements - {"using":"xpath","value":"//*[@id=\"__button415\"]"}
RESULT: {"using":"xpath","value":"//*[@id=\"__button415\"]"}
COMMAND: POST /session/324496234919104d937ca92dc3ef2aab/elements - {"using":"xpath","value":"//*[@id=\"__button415\"]"}
RESULT: {"using":"xpath","value":"//*[@id=\"__button415\"]"}
COMMAND: POST /session/324496234919104d937ca92dc3ef2aab/elements - {"using":"xpath","value":"//*[@id=\"__button415\"]"}
RESULT: {"using":"xpath","value":"//*[@id=\"__button415\"]"}
COMMAND: POST /session/324496234919104d937ca92dc3ef2aab/elements - {"using":"xpath","value":"//*[@id=\"__button415\"]"}
RESULT: {"using":"xpath","value":"//*[@id=\"__button415\"]"}
COMMAND: POST /session/324496234919104d937ca92dc3ef2aab/elements - {"using":"xpath","value":"//*[@id=\"__button415\"]"}
RESULT: {"using":"xpath","value":"//*[@id=\"__button415\"]"}
COMMAND: POST /session/324496234919104d937ca92dc3ef2aab/elements - {"using":"xpath","value":"//*[@id=\"__button415\"]"}
RESULT: {"using":"xpath","value":"//*[@id=\"__button415\"]"}
COMMAND: POST /session/324496234919104d937ca92dc3ef2aab/elements - {"using":"xpath","value":"//*[@id=\"__button415\"]"}
RESULT: {"using":"xpath","value":"//*[@id=\"__button415\"]"}
COMMAND: POST /session/324496234919104d937ca92dc3ef2aab/elements - {"using":"xpath","value":"//*[@id=\"__button415\"]"}
RESULT: {"using":"xpath","value":"//*[@id=\"__button415\"]"}
COMMAND: POST /session/324496234919104d937ca92dc3ef2aab/elements - {"using":"xpath","value":"//*[@id=\"__button415\"]"}
RESULT: {"using":"xpath","value":"//*[@id=\"__button415\"]"}
COMMAND: POST /session/324496234919104d937ca92dc3ef2aab/elements - {"using":"xpath","value":"//*[@id=\"__button415\"]"}
RESULT: {"using":"xpath","value":"//*[@id=\"__button415\"]"}
COMMAND: POST /session/324496234919104d937ca92dc3ef2aab/elements - {"using":"xpath","value":"//*[@id=\"__button415\"]"}
RESULT: {"using":"xpath","value":"//*[@id=\"__button415\"]"}
COMMAND: POST /session/324496234919104d937ca92dc3ef2aab/elements - {"using":"xpath","value":"//*[@id=\"__button415\"]"}
RESULT: {"using":"xpath","value":"//*[@id=\"__button415\"]"}
COMMAND: POST /session/324496234919104d937ca92dc3ef2aab/elements - {"using":"xpath","value":"//*[@id=\"__button415\"]"}
RESULT: {"using":"xpath","value":"//*[@id=\"__button415\"]"}
COMMAND: POST /session/324496234919104d937ca92dc3ef2aab/elements - {"using":"xpath","value":"//*[@id=\"__button415\"]"}
RESULT: {"using":"xpath","value":"//*[@id=\"__button415\"]"}
COMMAND: POST /session/324496234919104d937ca92dc3ef2aab/elements - {"using":"xpath","value":"//*[@id=\"__button415\"]"}
RESULT: {"using":"xpath","value":"//*[@id=\"__button415\"]"}
COMMAND: POST /session/324496234919104d937ca92dc3ef2aab/elements - {"using":"xpath","value":"//*[@id=\"__button415\"]"}
RESULT: {"using":"xpath","value":"//*[@id=\"__button415\"]"}
COMMAND: POST /session/324496234919104d937ca92dc3ef2aab/elements - {"using":"xpath","value":"//*[@id=\"__button415\"]"}
RESULT: {"using":"xpath","value":"//*[@id=\"__button415\"]"}
COMMAND: POST /session/324496234919104d937ca92dc3ef2aab/elements - {"using":"xpath","value":"//*[@id=\"__button415\"]"}
RESULT: {"using":"xpath","value":"//*[@id=\"__button415\"]"}
COMMAND: POST /session/324496234919104d937ca92dc3ef2aab/elements - {"using":"xpath","value":"//*[@id=\"__button415\"]"}
RESULT: {"using":"xpath","value":"//*[@id=\"__button415\"]"}
COMMAND: POST /session/324496234919104d937ca92dc3ef2aab/elements - {"using":"xpath","value":"//*[@id=\"__button415\"]"}
RESULT: {"using":"xpath","value":"//*[@id=\"__button415\"]"}
COMMAND: POST /session/324496234919104d937ca92dc3ef2aab/elements - {"using":"xpath","value":"//*[@id=\"__button415\"]"}
RESULT: {"using":"xpath","value":"//*[@id=\"__button415\"]"}
COMMAND: POST /session/324496234919104d937ca92dc3ef2aab/elements - {"using":"xpath","value":"//*[@id=\"__button415\"]"}
RESULT: {"using":"xpath","value":"//*[@id=\"__button415\"]"}
COMMAND: POST /session/324496234919104d937ca92dc3ef2aab/elements - {"using":"xpath","value":"//*[@id=\"__button415\"]"}
RESULT: {"using":"xpath","value":"//*[@id=\"__button415\"]"}
COMMAND: POST /session/324496234919104d937ca92dc3ef2aab/elements - {"using":"xpath","value":"//*[@id=\"__button415\"]"}
RESULT: {"using":"xpath","value":"//*[@id=\"__button415\"]"}
COMMAND: POST /session/324496234919104d937ca92dc3ef2aab/elements - {"using":"xpath","value":"//*[@id=\"__button415\"]"}
RESULT: {"using":"xpath","value":"//*[@id=\"__button415\"]"}
COMMAND: POST /session/324496234919104d937ca92dc3ef2aab/elements - {"using":"xpath","value":"//*[@id=\"__button415\"]"}
RESULT: {"using":"xpath","value":"//*[@id=\"__button415\"]"}
COMMAND: POST /session/324496234919104d937ca92dc3ef2aab/elements - {"using":"xpath","value":"//*[@id=\"__button415\"]"}
RESULT: {"using":"xpath","value":"//*[@id=\"__button415\"]"}
COMMAND: POST /session/324496234919104d937ca92dc3ef2aab/elements - {"using":"xpath","value":"//*[@id=\"__button415\"]"}
RESULT: {"using":"xpath","value":"//*[@id=\"__button415\"]"}
COMMAND: POST /session/324496234919104d937ca92dc3ef2aab/elements - {"using":"xpath","value":"//*[@id=\"__button415\"]"}
RESULT: {"using":"xpath","value":"//*[@id=\"__button415\"]"}
COMMAND: POST /session/324496234919104d937ca92dc3ef2aab/elements - {"using":"xpath","value":"//*[@id=\"__button415\"]"}
RESULT: {"using":"xpath","value":"//*[@id=\"__button415\"]"}
COMMAND: POST /session/324496234919104d937ca92dc3ef2aab/elements - {"using":"xpath","value":"//*[@id=\"__button415\"]"}
RESULT: {"using":"xpath","value":"//*[@id=\"__button415\"]"}
COMMAND: POST /session/324496234919104d937ca92dc3ef2aab/elements - {"using":"xpath","value":"//*[@id=\"__button415\"]"}
RESULT: {"using":"xpath","value":"//*[@id=\"__button415\"]"}
COMMAND: POST /session/324496234919104d937ca92dc3ef2aab/elements - {"using":"xpath","value":"//*[@id=\"__button415\"]"}
RESULT: {"using":"xpath","value":"//*[@id=\"__button415\"]"}
COMMAND: POST /session/324496234919104d937ca92dc3ef2aab/elements - {"using":"xpath","value":"//*[@id=\"__button415\"]"}
RESULT: {"using":"xpath","value":"//*[@id=\"__button415\"]"}
COMMAND: POST /session/324496234919104d937ca92dc3ef2aab/elements - {"using":"xpath","value":"//*[@id=\"__button415\"]"}
RESULT: {"using":"xpath","value":"//*[@id=\"__button415\"]"}
COMMAND: POST /session/324496234919104d937ca92dc3ef2aab/elements - {"using":"xpath","value":"//*[@id=\"__button415\"]"}
RESULT: {"using":"xpath","value":"//*[@id=\"__button415\"]"}
COMMAND: POST /session/324496234919104d937ca92dc3ef2aab/elements - {"using":"xpath","value":"//*[@id=\"__button415\"]"}
RESULT: {"using":"xpath","value":"//*[@id=\"__button415\"]"}
COMMAND: POST /session/324496234919104d937ca92dc3ef2aab/elements - {"using":"xpath","value":"//*[@id=\"__button415\"]"}
RESULT: {"using":"xpath","value":"//*[@id=\"__button415\"]"}
COMMAND: POST /session/324496234919104d937ca92dc3ef2aab/elements - {"using":"xpath","value":"//*[@id=\"__button415\"]"}
RESULT: {"using":"xpath","value":"//*[@id=\"__button415\"]"}
COMMAND: POST /session/324496234919104d937ca92dc3ef2aab/elements - {"using":"xpath","value":"//*[@id=\"__button415\"]"}
RESULT: {"using":"xpath","value":"//*[@id=\"__button415\"]"}
COMMAND: POST /session/324496234919104d937ca92dc3ef2aab/elements - {"using":"xpath","value":"//*[@id=\"__button415\"]"}
RESULT: {"using":"xpath","value":"//*[@id=\"__button415\"]"}
COMMAND: POST /session/324496234919104d937ca92dc3ef2aab/elements - {"using":"xpath","value":"//*[@id=\"__button415\"]"}
RESULT: {"using":"xpath","value":"//*[@id=\"__button415\"]"}
COMMAND: POST /session/324496234919104d937ca92dc3ef2aab/elements - {"using":"xpath","value":"//*[@id=\"__button415\"]"}
RESULT: {"using":"xpath","value":"//*[@id=\"__button415\"]"}
COMMAND: POST /session/324496234919104d937ca92dc3ef2aab/elements - {"using":"xpath","value":"//*[@id=\"__button415\"]"}
RESULT: {"using":"xpath","value":"//*[@id=\"__button415\"]"}
COMMAND: POST /session/324496234919104d937ca92dc3ef2aab/elements - {"using":"xpath","value":"//*[@id=\"__button415\"]"}
RESULT: {"using":"xpath","value":"//*[@id=\"__button415\"]"}
COMMAND: POST /session/324496234919104d937ca92dc3ef2aab/elements - {"using":"xpath","value":"//*[@id=\"__button415\"]"}
RESULT: {"using":"xpath","value":"//*[@id=\"__button415\"]"}
COMMAND: POST /session/324496234919104d937ca92dc3ef2aab/elements - {"using":"xpath","value":"//*[@id=\"__button415\"]"}
RESULT: {"using":"xpath","value":"//*[@id=\"__button415\"]"}
COMMAND: POST /session/324496234919104d937ca92dc3ef2aab/elements - {"using":"xpath","value":"//*[@id=\"__button415\"]"}
RESULT: {"using":"xpath","value":"//*[@id=\"__button415\"]"}
COMMAND: POST /session/324496234919104d937ca92dc3ef2aab/elements - {"using":"xpath","value":"//*[@id=\"__button415\"]"}
RESULT: {"using":"xpath","value":"//*[@id=\"__button415\"]"}
COMMAND: POST /session/324496234919104d937ca92dc3ef2aab/elements - {"using":"xpath","value":"//*[@id=\"__button415\"]"}
RESULT: {"using":"xpath","value":"//*[@id=\"__button415\"]"}
COMMAND: POST /session/324496234919104d937ca92dc3ef2aab/elements - {"using":"xpath","value":"//*[@id=\"__button415\"]"}
RESULT: {"using":"xpath","value":"//*[@id=\"__button415\"]"}
COMMAND: POST /session/324496234919104d937ca92dc3ef2aab/elements - {"using":"xpath","value":"//*[@id=\"__button415\"]"}
RESULT: {"using":"xpath","value":"//*[@id=\"__button415\"]"}
COMMAND: POST /session/324496234919104d937ca92dc3ef2aab/elements - {"using":"xpath","value":"//*[@id=\"__button415\"]"}
RESULT: {"using":"xpath","value":"//*[@id=\"__button415\"]"}
COMMAND: POST /session/324496234919104d937ca92dc3ef2aab/elements - {"using":"xpath","value":"//*[@id=\"__button415\"]"}
RESULT: {"using":"xpath","value":"//*[@id=\"__button415\"]"}
COMMAND: POST /session/324496234919104d937ca92dc3ef2aab/elements - {"using":"xpath","value":"//*[@id=\"__button415\"]"}
RESULT: {"using":"xpath","value":"//*[@id=\"__button415\"]"}
COMMAND: POST /session/324496234919104d937ca92dc3ef2aab/elements - {"using":"xpath","value":"//*[@id=\"__button415\"]"}
RESULT: {"using":"xpath","value":"//*[@id=\"__button415\"]"}
COMMAND: POST /session/324496234919104d937ca92dc3ef2aab/elements - {"using":"xpath","value":"//*[@id=\"__button415\"]"}
RESULT: {"using":"xpath","value":"//*[@id=\"__button415\"]"}
COMMAND: POST /session/324496234919104d937ca92dc3ef2aab/element - {"using":"css selector","value":"#shell-header-logo"}
RESULT: {"using":"css selector","value":"#shell-header-logo"}
COMMAND: POST /session/324496234919104d937ca92dc3ef2aab/execute/sync - {"script":"<script> [8489 bytes]","args":[{"element-6066-11e4-a52e-4f735466cecf":"f.350099D233706A5CE962F884DCED375A.d.C88BA57D030F568609C641AD259C19C4.e.17669","ELEMENT":"f.350099D233706A5CE962F884DCED375A.d.C88BA57D030F568609C641AD259C19C4.e.17669"}]}
RESULT: {"script":"<script> [8489 bytes]","args":[{"element-6066-11e4-a52e-4f735466cecf":"f.350099D233706A5CE962F884DCED375A.d.C88BA57D030F568609C641AD259C19C4.e.17669","ELEMENT":"f.350099D233706A5CE962F884DCED375A.d.C88BA57D030F568609C641AD259C19C4.e.17669"}]}
COMMAND: POST /session/324496234919104d937ca92dc3ef2aab/execute/sync - {"script":"<script> [5351 bytes]","args":[{"element-6066-11e4-a52e-4f735466cecf":"f.350099D233706A5CE962F884DCED375A.d.C88BA57D030F568609C641AD259C19C4.e.17669","ELEMENT":"f.350099D233706A5CE962F884DCED375A.d.C88BA57D030F568609C641AD259C19C4.e.17669"}]}
COMMAND: GET /session/324496234919104d937ca92dc3ef2aab/screenshot - {}
RESULT: {"script":"<script> [5351 bytes]","args":[{"element-6066-11e4-a52e-4f735466cecf":"f.350099D233706A5CE962F884DCED375A.d.C88BA57D030F568609C641AD259C19C4.e.17669","ELEMENT":"f.350099D233706A5CE962F884DCED375A.d.C88BA57D030F568609C641AD259C19C4.e.17669"}]}
COMMAND: POST /session/324496234919104d937ca92dc3ef2aab/element/f.350099D233706A5CE962F884DCED375A.d.C88BA57D030F568609C641AD259C19C4.e.17669/click - {}
COMMAND: GET /session/324496234919104d937ca92dc3ef2aab/screenshot - {}
RESULT: {}
RESULT: {}
]]></system-out>
    </testcase>
    <testcase classname="chrome.136_0_7103_93.windows.Performance_based_billing_(work_days)_US139742" name="Should go to Manage Billings and trigger calculation check the conditions applied" time="69.329">
      <system-out><![CDATA[
COMMAND: POST /session/324496234919104d937ca92dc3ef2aab/execute/async - {"script":"<script> [1562 bytes]","args":[{"selector":{"controlType":"sap.m.GenericTile","properties":{"header":"Manage Billings"}},"wdio_ui5_key":"sapm.GenericTile{\"header\":\"Manage Billings\"}"}]}
COMMAND: GET /session/324496234919104d937ca92dc3ef2aab/screenshot - {}
RESULT: {}
RESULT: {"script":"<script> [1562 bytes]","args":[{"selector":{"controlType":"sap.m.GenericTile","properties":{"header":"Manage Billings"}},"wdio_ui5_key":"sapm.GenericTile{\"header\":\"Manage Billings\"}"}]}
RESULT: undefined
COMMAND: POST /session/324496234919104d937ca92dc3ef2aab/element - {"using":"xpath","value":"//*[@id=\"__tile51\"]"}
RESULT: {}
RESULT: {"using":"xpath","value":"//*[@id=\"__tile51\"]"}
COMMAND: POST /session/324496234919104d937ca92dc3ef2aab/element/f.350099D233706A5CE962F884DCED375A.d.C88BA57D030F568609C641AD259C19C4.e.13625/click - {}
RESULT: {}
COMMAND: GET /session/324496234919104d937ca92dc3ef2aab/screenshot - {}
COMMAND: POST /session/324496234919104d937ca92dc3ef2aab/elements - {"using":"xpath","value":"//span[text()='Error']"}
RESULT: {}
RESULT: {"using":"xpath","value":"//span[text()='Error']"}
COMMAND: POST /session/324496234919104d937ca92dc3ef2aab/execute/async - {"script":"<script> [1562 bytes]","args":[{"selector":{"id":"application-managebillings-display-component---billRunCalcResult--smartFilterBar-btnBasicSearch","interaction":{"idSuffix":"I"}},"wdio_ui5_key":"applicationmanagebillings-display-component---billRunCalcResult--smartFilterBar-btnBasicSearch"}]}
RESULT: {"script":"<script> [1562 bytes]","args":[{"selector":{"id":"application-managebillings-display-component---billRunCalcResult--smartFilterBar-btnBasicSearch","interaction":{"idSuffix":"I"}},"wdio_ui5_key":"applicationmanagebillings-display-component---billRunCalcResult--smartFilterBar-btnBasicSearch"}]}
RESULT: undefined
COMMAND: POST /session/324496234919104d937ca92dc3ef2aab/execute/async - {"script":"<script> [776 bytes]","args":[{"enterText":"10171","selector":{"id":"application-managebillings-display-component---billRunCalcResult--smartFilterBar-btnBasicSearch","interaction":{"idSuffix":"I"}},"clearTextFirst":true,"interactionType":"ENTER_TEXT"}]}
RESULT: {"script":"<script> [776 bytes]","args":[{"enterText":"10171","selector":{"id":"application-managebillings-display-component---billRunCalcResult--smartFilterBar-btnBasicSearch","interaction":{"idSuffix":"I"}},"clearTextFirst":true,"interactionType":"ENTER_TEXT"}]}
COMMAND: POST /session/324496234919104d937ca92dc3ef2aab/actions - {"actions":[{"id":"action66","type":"key","parameters":{},"actions":[{"type":"keyDown","value":""},{"type":"pause","duration":10},{"type":"keyUp","value":""}]}]}
RESULT: {"actions":[{"id":"action66","type":"key","parameters":{},"actions":[{"type":"keyDown","value":""},{"type":"pause","duration":10},{"type":"keyUp","value":""}]}]}
COMMAND: GET /session/324496234919104d937ca92dc3ef2aab/screenshot - {}
RESULT: {}
COMMAND: POST /session/324496234919104d937ca92dc3ef2aab/element - {"using":"xpath","value":"//td[@aria-colindex=\"1\"]/div/div[contains(@class, \"sapMCbBg\")]"}
RESULT: {"using":"xpath","value":"//td[@aria-colindex=\"1\"]/div/div[contains(@class, \"sapMCbBg\")]"}
COMMAND: POST /session/324496234919104d937ca92dc3ef2aab/element/f.350099D233706A5CE962F884DCED375A.d.C88BA57D030F568609C641AD259C19C4.e.18074/click - {}
RESULT: {}
COMMAND: GET /session/324496234919104d937ca92dc3ef2aab/screenshot - {}
RESULT: {}
COMMAND: POST /session/324496234919104d937ca92dc3ef2aab/execute/async - {"script":"<script> [1562 bytes]","args":[{"selector":{"id":"application-managebillings-display-component---billRunCalcResult--contractBillRunDate","interaction":{"idSuffix":"inner"}},"wdio_ui5_key":"applicationmanagebillings-display-component---billRunCalcResult--contractBillRunDate"}]}
RESULT: {"script":"<script> [1562 bytes]","args":[{"selector":{"id":"application-managebillings-display-component---billRunCalcResult--contractBillRunDate","interaction":{"idSuffix":"inner"}},"wdio_ui5_key":"applicationmanagebillings-display-component---billRunCalcResult--contractBillRunDate"}]}
RESULT: undefined
COMMAND: POST /session/324496234919104d937ca92dc3ef2aab/execute/async - {"script":"<script> [776 bytes]","args":[{"enterText":"6/23/25","selector":{"id":"application-managebillings-display-component---billRunCalcResult--contractBillRunDate","interaction":{"idSuffix":"inner"}},"clearTextFirst":true,"interactionType":"ENTER_TEXT"}]}
RESULT: {"script":"<script> [776 bytes]","args":[{"enterText":"6/23/25","selector":{"id":"application-managebillings-display-component---billRunCalcResult--contractBillRunDate","interaction":{"idSuffix":"inner"}},"clearTextFirst":true,"interactionType":"ENTER_TEXT"}]}
COMMAND: POST /session/324496234919104d937ca92dc3ef2aab/element - {"using":"xpath","value":"//bdi[contains(text(), \"Trigger Calculation\")]"}
RESULT: {"using":"xpath","value":"//bdi[contains(text(), \"Trigger Calculation\")]"}
COMMAND: POST /session/324496234919104d937ca92dc3ef2aab/element/f.350099D233706A5CE962F884DCED375A.d.C88BA57D030F568609C641AD259C19C4.e.18095/click - {}
RESULT: {}
COMMAND: GET /session/324496234919104d937ca92dc3ef2aab/screenshot - {}
RESULT: {}
COMMAND: POST /session/324496234919104d937ca92dc3ef2aab/element - {"using":"xpath","value":"(//span[contains(@id, \"imgNav\")])[1]"}
RESULT: {"using":"xpath","value":"(//span[contains(@id, \"imgNav\")])[1]"}
COMMAND: POST /session/324496234919104d937ca92dc3ef2aab/element/f.350099D233706A5CE962F884DCED375A.d.C88BA57D030F568609C641AD259C19C4.e.18088/click - {}
RESULT: {}
COMMAND: GET /session/324496234919104d937ca92dc3ef2aab/screenshot - {}
RESULT: {}
COMMAND: POST /session/324496234919104d937ca92dc3ef2aab/element - {"using":"xpath","value":"//tr/td[6]/div[1]/span[1]/span[1]"}
RESULT: {"using":"xpath","value":"//tr/td[6]/div[1]/span[1]/span[1]"}
COMMAND: GET /session/324496234919104d937ca92dc3ef2aab/element/f.350099D233706A5CE962F884DCED375A.d.C88BA57D030F568609C641AD259C19C4.e.18100/text - {}
RESULT: {}
COMMAND: POST /session/324496234919104d937ca92dc3ef2aab/element - {"using":"xpath","value":"(//span[contains(@id, \"imgNav\")])[2]"}
RESULT: {"using":"xpath","value":"(//span[contains(@id, \"imgNav\")])[2]"}
COMMAND: POST /session/324496234919104d937ca92dc3ef2aab/element/f.350099D233706A5CE962F884DCED375A.d.C88BA57D030F568609C641AD259C19C4.e.18101/click - {}
RESULT: {}
COMMAND: POST /session/324496234919104d937ca92dc3ef2aab/element - {"using":"xpath","value":"//bdi[contains(text(), \"Business Confirm\")]"}
COMMAND: GET /session/324496234919104d937ca92dc3ef2aab/screenshot - {}
RESULT: {"using":"xpath","value":"//bdi[contains(text(), \"Business Confirm\")]"}
COMMAND: POST /session/324496234919104d937ca92dc3ef2aab/elements - {"using":"xpath","value":"//bdi[contains(text(), \"Business Confirm\")]"}
RESULT: {}
RESULT: {"using":"xpath","value":"//bdi[contains(text(), \"Business Confirm\")]"}
COMMAND: POST /session/324496234919104d937ca92dc3ef2aab/elements - {"using":"xpath","value":"//bdi[contains(text(), \"Business Confirm\")]"}
RESULT: {"using":"xpath","value":"//bdi[contains(text(), \"Business Confirm\")]"}
COMMAND: POST /session/324496234919104d937ca92dc3ef2aab/element - {"using":"xpath","value":"//bdi[contains(text(), \"Business Confirm\")]"}
RESULT: {"using":"xpath","value":"//bdi[contains(text(), \"Business Confirm\")]"}
COMMAND: POST /session/324496234919104d937ca92dc3ef2aab/element/f.350099D233706A5CE962F884DCED375A.d.C88BA57D030F568609C641AD259C19C4.e.18103/click - {}
RESULT: {}
COMMAND: POST /session/324496234919104d937ca92dc3ef2aab/element - {"using":"css selector","value":"#shell-header-logo"}
COMMAND: GET /session/324496234919104d937ca92dc3ef2aab/screenshot - {}
RESULT: {"using":"css selector","value":"#shell-header-logo"}
COMMAND: POST /session/324496234919104d937ca92dc3ef2aab/element/f.350099D233706A5CE962F884DCED375A.d.C88BA57D030F568609C641AD259C19C4.e.17865/click - {}
RESULT: {}
RESULT: {}
COMMAND: GET /session/324496234919104d937ca92dc3ef2aab/screenshot - {}
RESULT: {}
COMMAND: POST /session/324496234919104d937ca92dc3ef2aab/element - {"using":"css selector","value":"#j_username"}
COMMAND: POST /session/324496234919104d937ca92dc3ef2aab/url - {"url":"https://qa-testing-00-live-etm-ui.cfapps.eu10-004.hana.ondemand.com/"}
RESULT: {"using":"css selector","value":"#j_username"}
COMMAND: POST /session/324496234919104d937ca92dc3ef2aab/element - {"using":"css selector","value":"#j_username"}
RESULT: {"url":"https://qa-testing-00-live-etm-ui.cfapps.eu10-004.hana.ondemand.com/"}
RESULT: undefined
COMMAND: GET /session/324496234919104d937ca92dc3ef2aab/screenshot - {}
RESULT: {"using":"css selector","value":"#j_username"}
COMMAND: POST /session/324496234919104d937ca92dc3ef2aab/element - {"using":"css selector","value":"#shell-header-logo"}
RESULT: {}
RESULT: {"using":"css selector","value":"#shell-header-logo"}
COMMAND: POST /session/324496234919104d937ca92dc3ef2aab/execute/sync - {"script":"<script> [8489 bytes]","args":[{"element-6066-11e4-a52e-4f735466cecf":"f.350099D233706A5CE962F884DCED375A.d.E5D339EF9CBAF2CFF566ECA81C5DABE4.e.18189","ELEMENT":"f.350099D233706A5CE962F884DCED375A.d.E5D339EF9CBAF2CFF566ECA81C5DABE4.e.18189"}]}
RESULT: {"script":"<script> [8489 bytes]","args":[{"element-6066-11e4-a52e-4f735466cecf":"f.350099D233706A5CE962F884DCED375A.d.E5D339EF9CBAF2CFF566ECA81C5DABE4.e.18189","ELEMENT":"f.350099D233706A5CE962F884DCED375A.d.E5D339EF9CBAF2CFF566ECA81C5DABE4.e.18189"}]}
COMMAND: POST /session/324496234919104d937ca92dc3ef2aab/element - {"using":"css selector","value":"#shell-header-logo"}
COMMAND: GET /session/324496234919104d937ca92dc3ef2aab/screenshot - {}
RESULT: {"using":"css selector","value":"#shell-header-logo"}
COMMAND: POST /session/324496234919104d937ca92dc3ef2aab/execute/sync - {"script":"<script> [8489 bytes]","args":[{"element-6066-11e4-a52e-4f735466cecf":"f.350099D233706A5CE962F884DCED375A.d.E5D339EF9CBAF2CFF566ECA81C5DABE4.e.18189","ELEMENT":"f.350099D233706A5CE962F884DCED375A.d.E5D339EF9CBAF2CFF566ECA81C5DABE4.e.18189"}]}
RESULT: {}
RESULT: {"script":"<script> [8489 bytes]","args":[{"element-6066-11e4-a52e-4f735466cecf":"f.350099D233706A5CE962F884DCED375A.d.E5D339EF9CBAF2CFF566ECA81C5DABE4.e.18189","ELEMENT":"f.350099D233706A5CE962F884DCED375A.d.E5D339EF9CBAF2CFF566ECA81C5DABE4.e.18189"}]}
COMMAND: POST /session/324496234919104d937ca92dc3ef2aab/execute/sync - {"script":"<script> [5351 bytes]","args":[{"element-6066-11e4-a52e-4f735466cecf":"f.350099D233706A5CE962F884DCED375A.d.E5D339EF9CBAF2CFF566ECA81C5DABE4.e.18189","ELEMENT":"f.350099D233706A5CE962F884DCED375A.d.E5D339EF9CBAF2CFF566ECA81C5DABE4.e.18189"}]}
COMMAND: GET /session/324496234919104d937ca92dc3ef2aab/screenshot - {}
RESULT: {"script":"<script> [5351 bytes]","args":[{"element-6066-11e4-a52e-4f735466cecf":"f.350099D233706A5CE962F884DCED375A.d.E5D339EF9CBAF2CFF566ECA81C5DABE4.e.18189","ELEMENT":"f.350099D233706A5CE962F884DCED375A.d.E5D339EF9CBAF2CFF566ECA81C5DABE4.e.18189"}]}
COMMAND: POST /session/324496234919104d937ca92dc3ef2aab/element - {"using":"css selector","value":"#shell-header-logo"}
COMMAND: GET /session/324496234919104d937ca92dc3ef2aab/screenshot - {}
RESULT: {}
RESULT: {"using":"css selector","value":"#shell-header-logo"}
COMMAND: POST /session/324496234919104d937ca92dc3ef2aab/element/f.350099D233706A5CE962F884DCED375A.d.E5D339EF9CBAF2CFF566ECA81C5DABE4.e.18189/click - {}
RESULT: {}
RESULT: {}
COMMAND: GET /session/324496234919104d937ca92dc3ef2aab/screenshot - {}
RESULT: {}
COMMAND: POST /session/324496234919104d937ca92dc3ef2aab/execute/async - {"script":"<script> [189 bytes]","args":[]}
RESULT: {"script":"<script> [189 bytes]","args":[]}
COMMAND: POST /session/324496234919104d937ca92dc3ef2aab/execute/async - {"script":"<script> [123 bytes]","args":[]}
RESULT: {"script":"<script> [123 bytes]","args":[]}
COMMAND: POST /session/324496234919104d937ca92dc3ef2aab/timeouts - {"script":"<number>"}
RESULT: {"script":"<number>"}
COMMAND: GET /session/324496234919104d937ca92dc3ef2aab/timeouts - {}
RESULT: {}
RESULT: undefined
COMMAND: POST /session/324496234919104d937ca92dc3ef2aab/execute/async - {"script":"<script> [2676 bytes]","args":[]}
RESULT: {"script":"<script> [2676 bytes]","args":[]}
COMMAND: POST /session/324496234919104d937ca92dc3ef2aab/execute/async - {"script":"<script> [2342 bytes]","args":[{"protocol":"http","hostname":"0.0.0.0","path":"/","capabilities":{"browserName":"chrome","goog:chromeOptions":{"binary":"C:\\Program Files\\Google\\Chrome\\Application\\chrome.exe","args":["--start-maximized"]}},"logLevel":"warn","connectionRetryTimeout":120000,"connectionRetryCount":3,"logLevels":{},"enableDirectConnect":true,"strictSSL":true,"_":"65 more keys: [\"cacheDir\",\"port\",\"requestedCapabilities\",\"automationProtocol\",\"baseUrl\",\"waitforInterval\",\"waitforTimeout\",\"onReload\",\"beforeCommand\",\"afterCommand\",\"rootDir\",\"specs\",\"suites\",\"exclude\",\"groupLogsByTestSpec\",\"excludeDriverLogs\",\"bail\",\"framework\",\"reporters\",\"services\",\"maxInstances\",\"maxInstancesPerCapability\",\"injectGlobals\",\"filesToWatch\",\"execArgv\",\"runnerEnv\",\"runner\",\"shard\",\"specFileRetries\",\"specFileRetriesDelay\",\"specFileRetriesDeferred\",\"reporterSyncInterval\",\"reporterSyncTimeout\",\"cucumberFeaturesWithLineNumbers\",\"autoCompileOpts\",\"mochaOpts\",\"jasmineOpts\",\"cucumberOpts\",\"onPrepare\",\"onWorkerStart\",\"onWorkerEnd\",\"before\",\"beforeSession\",\"beforeSuite\",\"beforeHook\",\"beforeTest\",\"afterTest\",\"afterHook\",\"afterSuite\",\"afterSession\",\"after\",\"onComplete\",\"beforeAssertion\",\"afterAssertion\",\"beforeFeature\",\"beforeScenario\",\"beforeStep\",\"afterStep\",\"afterScenario\",\"afterFeature\",\"_\",\"suite\",\"$0\",\"ignoredWorkerServices\",\"wdi5\"]"}]}
RESULT: {"script":"<script> [2342 bytes]","args":[{"protocol":"http","hostname":"0.0.0.0","path":"/","capabilities":{"browserName":"chrome","goog:chromeOptions":{"binary":"C:\\Program Files\\Google\\Chrome\\Application\\chrome.exe","args":["--start-maximized"]}},"logLevel":"warn","connectionRetryTimeout":120000,"connectionRetryCount":3,"logLevels":{},"enableDirectConnect":true,"strictSSL":true,"_":"65 more keys: [\"cacheDir\",\"port\",\"requestedCapabilities\",\"automationProtocol\",\"baseUrl\",\"waitforInterval\",\"waitforTimeout\",\"onReload\",\"beforeCommand\",\"afterCommand\",\"rootDir\",\"specs\",\"suites\",\"exclude\",\"groupLogsByTestSpec\",\"excludeDriverLogs\",\"bail\",\"framework\",\"reporters\",\"services\",\"maxInstances\",\"maxInstancesPerCapability\",\"injectGlobals\",\"filesToWatch\",\"execArgv\",\"runnerEnv\",\"runner\",\"shard\",\"specFileRetries\",\"specFileRetriesDelay\",\"specFileRetriesDeferred\",\"reporterSyncInterval\",\"reporterSyncTimeout\",\"cucumberFeaturesWithLineNumbers\",\"autoCompileOpts\",\"mochaOpts\",\"jasmineOpts\",\"cucumberOpts\",\"onPrepare\",\"onWorkerStart\",\"onWorkerEnd\",\"before\",\"beforeSession\",\"beforeSuite\",\"beforeHook\",\"beforeTest\",\"afterTest\",\"afterHook\",\"afterSuite\",\"afterSession\",\"after\",\"onComplete\",\"beforeAssertion\",\"afterAssertion\",\"beforeFeature\",\"beforeScenario\",\"beforeStep\",\"afterStep\",\"afterScenario\",\"afterFeature\",\"_\",\"suite\",\"$0\",\"ignoredWorkerServices\",\"wdi5\"]"}]}
COMMAND: POST /session/324496234919104d937ca92dc3ef2aab/execute/async - {"script":"<script> [21126 bytes]","args":[35000]}
RESULT: {"script":"<script> [21126 bytes]","args":[35000]}
COMMAND: POST /session/324496234919104d937ca92dc3ef2aab/window/maximize - {}
RESULT: {}
COMMAND: POST /session/324496234919104d937ca92dc3ef2aab/execute/async - {"script":"<script> [1562 bytes]","args":[{"selector":{"id":"shell-header","interaction":{"idSuffix":"icon"}},"wdio_ui5_key":"shellheader"}]}
COMMAND: GET /session/324496234919104d937ca92dc3ef2aab/screenshot - {}
RESULT: {"script":"<script> [1562 bytes]","args":[{"selector":{"id":"shell-header","interaction":{"idSuffix":"icon"}},"wdio_ui5_key":"shellheader"}]}
RESULT: undefined
COMMAND: POST /session/324496234919104d937ca92dc3ef2aab/refresh - {}
RESULT: {}
RESULT: {}
COMMAND: GET /session/324496234919104d937ca92dc3ef2aab/screenshot - {}
RESULT: {}
COMMAND: POST /session/324496234919104d937ca92dc3ef2aab/refresh - {}
RESULT: {}
COMMAND: GET /session/324496234919104d937ca92dc3ef2aab/screenshot - {}
RESULT: {}
COMMAND: POST /session/324496234919104d937ca92dc3ef2aab/window/fullscreen - {}
RESULT: {}
COMMAND: POST /session/324496234919104d937ca92dc3ef2aab/execute/async - {"script":"<script> [189 bytes]","args":[]}
RESULT: {"script":"<script> [189 bytes]","args":[]}
COMMAND: POST /session/324496234919104d937ca92dc3ef2aab/execute/async - {"script":"<script> [123 bytes]","args":[]}
RESULT: {"script":"<script> [123 bytes]","args":[]}
COMMAND: POST /session/324496234919104d937ca92dc3ef2aab/timeouts - {"script":"<number>"}
RESULT: {"script":"<number>"}
COMMAND: GET /session/324496234919104d937ca92dc3ef2aab/timeouts - {}
RESULT: {}
RESULT: undefined
COMMAND: POST /session/324496234919104d937ca92dc3ef2aab/execute/async - {"script":"<script> [2676 bytes]","args":[]}
RESULT: {"script":"<script> [2676 bytes]","args":[]}
COMMAND: POST /session/324496234919104d937ca92dc3ef2aab/execute/async - {"script":"<script> [2342 bytes]","args":[{"protocol":"http","hostname":"0.0.0.0","path":"/","capabilities":{"browserName":"chrome","goog:chromeOptions":{"binary":"C:\\Program Files\\Google\\Chrome\\Application\\chrome.exe","args":["--start-maximized"]}},"logLevel":"warn","connectionRetryTimeout":120000,"connectionRetryCount":3,"logLevels":{},"enableDirectConnect":true,"strictSSL":true,"_":"65 more keys: [\"cacheDir\",\"port\",\"requestedCapabilities\",\"automationProtocol\",\"baseUrl\",\"waitforInterval\",\"waitforTimeout\",\"onReload\",\"beforeCommand\",\"afterCommand\",\"rootDir\",\"specs\",\"suites\",\"exclude\",\"groupLogsByTestSpec\",\"excludeDriverLogs\",\"bail\",\"framework\",\"reporters\",\"services\",\"maxInstances\",\"maxInstancesPerCapability\",\"injectGlobals\",\"filesToWatch\",\"execArgv\",\"runnerEnv\",\"runner\",\"shard\",\"specFileRetries\",\"specFileRetriesDelay\",\"specFileRetriesDeferred\",\"reporterSyncInterval\",\"reporterSyncTimeout\",\"cucumberFeaturesWithLineNumbers\",\"autoCompileOpts\",\"mochaOpts\",\"jasmineOpts\",\"cucumberOpts\",\"onPrepare\",\"onWorkerStart\",\"onWorkerEnd\",\"before\",\"beforeSession\",\"beforeSuite\",\"beforeHook\",\"beforeTest\",\"afterTest\",\"afterHook\",\"afterSuite\",\"afterSession\",\"after\",\"onComplete\",\"beforeAssertion\",\"afterAssertion\",\"beforeFeature\",\"beforeScenario\",\"beforeStep\",\"afterStep\",\"afterScenario\",\"afterFeature\",\"_\",\"suite\",\"$0\",\"ignoredWorkerServices\",\"wdi5\"]"}]}
RESULT: {"script":"<script> [2342 bytes]","args":[{"protocol":"http","hostname":"0.0.0.0","path":"/","capabilities":{"browserName":"chrome","goog:chromeOptions":{"binary":"C:\\Program Files\\Google\\Chrome\\Application\\chrome.exe","args":["--start-maximized"]}},"logLevel":"warn","connectionRetryTimeout":120000,"connectionRetryCount":3,"logLevels":{},"enableDirectConnect":true,"strictSSL":true,"_":"65 more keys: [\"cacheDir\",\"port\",\"requestedCapabilities\",\"automationProtocol\",\"baseUrl\",\"waitforInterval\",\"waitforTimeout\",\"onReload\",\"beforeCommand\",\"afterCommand\",\"rootDir\",\"specs\",\"suites\",\"exclude\",\"groupLogsByTestSpec\",\"excludeDriverLogs\",\"bail\",\"framework\",\"reporters\",\"services\",\"maxInstances\",\"maxInstancesPerCapability\",\"injectGlobals\",\"filesToWatch\",\"execArgv\",\"runnerEnv\",\"runner\",\"shard\",\"specFileRetries\",\"specFileRetriesDelay\",\"specFileRetriesDeferred\",\"reporterSyncInterval\",\"reporterSyncTimeout\",\"cucumberFeaturesWithLineNumbers\",\"autoCompileOpts\",\"mochaOpts\",\"jasmineOpts\",\"cucumberOpts\",\"onPrepare\",\"onWorkerStart\",\"onWorkerEnd\",\"before\",\"beforeSession\",\"beforeSuite\",\"beforeHook\",\"beforeTest\",\"afterTest\",\"afterHook\",\"afterSuite\",\"afterSession\",\"after\",\"onComplete\",\"beforeAssertion\",\"afterAssertion\",\"beforeFeature\",\"beforeScenario\",\"beforeStep\",\"afterStep\",\"afterScenario\",\"afterFeature\",\"_\",\"suite\",\"$0\",\"ignoredWorkerServices\",\"wdi5\"]"}]}
COMMAND: POST /session/324496234919104d937ca92dc3ef2aab/execute/async - {"script":"<script> [21126 bytes]","args":[35000]}
RESULT: {"script":"<script> [21126 bytes]","args":[35000]}
]]></system-out>
    </testcase>
  </testsuite>
  <testsuite timestamp="2025-05-23T18:06:00" time="1303.444" tests="20" failures="6" errors="6" skipped="0">
    <properties>
      <property name="specId" value="0"/>
      <property name="suiteName" value="Billing Calculation - Time based (considering transport times) US139738"/>
      <property name="capabilities" value="chrome.136_0_7103_93.windows"/>
      <property name="file" value="file:///D:/a/1/s/test/specs/BTS/billing-calculation-transp-times.spec.js"/>
    </properties>
    <testcase classname="chrome.136_0_7103_93.windows.Billing_Calculation_-_Time_based_(considering_transport_times)_US139738" name="Should create a new yard" time="5.083">
      <system-out><![CDATA[
COMMAND: POST /session/324496234919104d937ca92dc3ef2aab/window/fullscreen - {}
RESULT: {}
]]></system-out>
    </testcase>
    <testcase classname="chrome.136_0_7103_93.windows.Billing_Calculation_-_Time_based_(considering_transport_times)_US139738" name="Should create a new partner" time="0.005"/>
    <testcase classname="chrome.136_0_7103_93.windows.Billing_Calculation_-_Time_based_(considering_transport_times)_US139738" name="Should create a new site" time="0.003"/>
    <testcase classname="chrome.136_0_7103_93.windows.Billing_Calculation_-_Time_based_(considering_transport_times)_US139738" name="Should create the equipment" time="149.741">
      <system-out><![CDATA[
COMMAND: POST /session/324496234919104d937ca92dc3ef2aab/execute/async - {"script":"<script> [1562 bytes]","args":[{"selector":{"controlType":"sap.m.GenericTile","properties":{"header":"Manage Resources"}},"wdio_ui5_key":"sapm.GenericTile{\"header\":\"Manage Resources\"}"}]}
RESULT: {"script":"<script> [1562 bytes]","args":[{"selector":{"controlType":"sap.m.GenericTile","properties":{"header":"Manage Resources"}},"wdio_ui5_key":"sapm.GenericTile{\"header\":\"Manage Resources\"}"}]}
RESULT: undefined
COMMAND: POST /session/324496234919104d937ca92dc3ef2aab/element - {"using":"xpath","value":"//*[@id=\"__tile39\"]"}
RESULT: {"using":"xpath","value":"//*[@id=\"__tile39\"]"}
COMMAND: POST /session/324496234919104d937ca92dc3ef2aab/element/f.350099D233706A5CE962F884DCED375A.d.E60045586D59A366BEE39059722FD710.e.18345/click - {}
RESULT: {}
COMMAND: GET /session/324496234919104d937ca92dc3ef2aab/screenshot - {}
RESULT: {}
COMMAND: POST /session/324496234919104d937ca92dc3ef2aab/elements - {"using":"xpath","value":"//span[text()='Error']"}
RESULT: {"using":"xpath","value":"//span[text()='Error']"}
COMMAND: POST /session/324496234919104d937ca92dc3ef2aab/element - {"using":"xpath","value":"//button[@data-kt=\"addNewRUOverflowToolbarButton\"]"}
RESULT: {"using":"xpath","value":"//button[@data-kt=\"addNewRUOverflowToolbarButton\"]"}
COMMAND: POST /session/324496234919104d937ca92dc3ef2aab/elements - {"using":"xpath","value":"//button[@data-kt=\"addNewRUOverflowToolbarButton\"]"}
RESULT: {"using":"xpath","value":"//button[@data-kt=\"addNewRUOverflowToolbarButton\"]"}
COMMAND: POST /session/324496234919104d937ca92dc3ef2aab/elements - {"using":"xpath","value":"//button[@data-kt=\"addNewRUOverflowToolbarButton\"]"}
RESULT: {"using":"xpath","value":"//button[@data-kt=\"addNewRUOverflowToolbarButton\"]"}
COMMAND: POST /session/324496234919104d937ca92dc3ef2aab/elements - {"using":"xpath","value":"//button[@data-kt=\"addNewRUOverflowToolbarButton\"]"}
RESULT: {"using":"xpath","value":"//button[@data-kt=\"addNewRUOverflowToolbarButton\"]"}
COMMAND: POST /session/324496234919104d937ca92dc3ef2aab/elements - {"using":"xpath","value":"//button[@data-kt=\"addNewRUOverflowToolbarButton\"]"}
RESULT: {"using":"xpath","value":"//button[@data-kt=\"addNewRUOverflowToolbarButton\"]"}
COMMAND: POST /session/324496234919104d937ca92dc3ef2aab/elements - {"using":"xpath","value":"//button[@data-kt=\"addNewRUOverflowToolbarButton\"]"}
RESULT: {"using":"xpath","value":"//button[@data-kt=\"addNewRUOverflowToolbarButton\"]"}
COMMAND: POST /session/324496234919104d937ca92dc3ef2aab/elements - {"using":"xpath","value":"//button[@data-kt=\"addNewRUOverflowToolbarButton\"]"}
RESULT: {"using":"xpath","value":"//button[@data-kt=\"addNewRUOverflowToolbarButton\"]"}
COMMAND: POST /session/324496234919104d937ca92dc3ef2aab/elements - {"using":"xpath","value":"//button[@data-kt=\"addNewRUOverflowToolbarButton\"]"}
RESULT: {"using":"xpath","value":"//button[@data-kt=\"addNewRUOverflowToolbarButton\"]"}
COMMAND: POST /session/324496234919104d937ca92dc3ef2aab/elements - {"using":"xpath","value":"//button[@data-kt=\"addNewRUOverflowToolbarButton\"]"}
RESULT: {"using":"xpath","value":"//button[@data-kt=\"addNewRUOverflowToolbarButton\"]"}
COMMAND: POST /session/324496234919104d937ca92dc3ef2aab/elements - {"using":"xpath","value":"//button[@data-kt=\"addNewRUOverflowToolbarButton\"]"}
RESULT: {"using":"xpath","value":"//button[@data-kt=\"addNewRUOverflowToolbarButton\"]"}
COMMAND: POST /session/324496234919104d937ca92dc3ef2aab/elements - {"using":"xpath","value":"//button[@data-kt=\"addNewRUOverflowToolbarButton\"]"}
RESULT: {"using":"xpath","value":"//button[@data-kt=\"addNewRUOverflowToolbarButton\"]"}
COMMAND: POST /session/324496234919104d937ca92dc3ef2aab/elements - {"using":"xpath","value":"//button[@data-kt=\"addNewRUOverflowToolbarButton\"]"}
RESULT: {"using":"xpath","value":"//button[@data-kt=\"addNewRUOverflowToolbarButton\"]"}
COMMAND: POST /session/324496234919104d937ca92dc3ef2aab/elements - {"using":"xpath","value":"//button[@data-kt=\"addNewRUOverflowToolbarButton\"]"}
RESULT: {"using":"xpath","value":"//button[@data-kt=\"addNewRUOverflowToolbarButton\"]"}
COMMAND: POST /session/324496234919104d937ca92dc3ef2aab/elements - {"using":"xpath","value":"//button[@data-kt=\"addNewRUOverflowToolbarButton\"]"}
RESULT: {"using":"xpath","value":"//button[@data-kt=\"addNewRUOverflowToolbarButton\"]"}
COMMAND: POST /session/324496234919104d937ca92dc3ef2aab/elements - {"using":"xpath","value":"//button[@data-kt=\"addNewRUOverflowToolbarButton\"]"}
RESULT: {"using":"xpath","value":"//button[@data-kt=\"addNewRUOverflowToolbarButton\"]"}
COMMAND: POST /session/324496234919104d937ca92dc3ef2aab/elements - {"using":"xpath","value":"//button[@data-kt=\"addNewRUOverflowToolbarButton\"]"}
RESULT: {"using":"xpath","value":"//button[@data-kt=\"addNewRUOverflowToolbarButton\"]"}
COMMAND: POST /session/324496234919104d937ca92dc3ef2aab/elements - {"using":"xpath","value":"//button[@data-kt=\"addNewRUOverflowToolbarButton\"]"}
RESULT: {"using":"xpath","value":"//button[@data-kt=\"addNewRUOverflowToolbarButton\"]"}
COMMAND: POST /session/324496234919104d937ca92dc3ef2aab/elements - {"using":"xpath","value":"//button[@data-kt=\"addNewRUOverflowToolbarButton\"]"}
RESULT: {"using":"xpath","value":"//button[@data-kt=\"addNewRUOverflowToolbarButton\"]"}
COMMAND: POST /session/324496234919104d937ca92dc3ef2aab/element - {"using":"xpath","value":"//button[@data-kt=\"addNewRUOverflowToolbarButton\"]"}
RESULT: {"using":"xpath","value":"//button[@data-kt=\"addNewRUOverflowToolbarButton\"]"}
COMMAND: POST /session/324496234919104d937ca92dc3ef2aab/execute/sync - {"script":"<script> [8489 bytes]","args":[{"element-6066-11e4-a52e-4f735466cecf":"f.350099D233706A5CE962F884DCED375A.d.E60045586D59A366BEE39059722FD710.e.18476","ELEMENT":"f.350099D233706A5CE962F884DCED375A.d.E60045586D59A366BEE39059722FD710.e.18476"}]}
RESULT: {"script":"<script> [8489 bytes]","args":[{"element-6066-11e4-a52e-4f735466cecf":"f.350099D233706A5CE962F884DCED375A.d.E60045586D59A366BEE39059722FD710.e.18476","ELEMENT":"f.350099D233706A5CE962F884DCED375A.d.E60045586D59A366BEE39059722FD710.e.18476"}]}
COMMAND: GET /session/324496234919104d937ca92dc3ef2aab/element/f.350099D233706A5CE962F884DCED375A.d.E60045586D59A366BEE39059722FD710.e.18476/enabled - {}
COMMAND: GET /session/324496234919104d937ca92dc3ef2aab/screenshot - {}
RESULT: {}
COMMAND: POST /session/324496234919104d937ca92dc3ef2aab/execute/sync - {"script":"<script> [8489 bytes]","args":[{"element-6066-11e4-a52e-4f735466cecf":"f.350099D233706A5CE962F884DCED375A.d.E60045586D59A366BEE39059722FD710.e.18476","ELEMENT":"f.350099D233706A5CE962F884DCED375A.d.E60045586D59A366BEE39059722FD710.e.18476"}]}
COMMAND: GET /session/324496234919104d937ca92dc3ef2aab/screenshot - {}
RESULT: {}
RESULT: {"script":"<script> [8489 bytes]","args":[{"element-6066-11e4-a52e-4f735466cecf":"f.350099D233706A5CE962F884DCED375A.d.E60045586D59A366BEE39059722FD710.e.18476","ELEMENT":"f.350099D233706A5CE962F884DCED375A.d.E60045586D59A366BEE39059722FD710.e.18476"}]}
COMMAND: POST /session/324496234919104d937ca92dc3ef2aab/execute/sync - {"script":"<script> [5351 bytes]","args":[{"element-6066-11e4-a52e-4f735466cecf":"f.350099D233706A5CE962F884DCED375A.d.E60045586D59A366BEE39059722FD710.e.18476","ELEMENT":"f.350099D233706A5CE962F884DCED375A.d.E60045586D59A366BEE39059722FD710.e.18476"}]}
RESULT: {}
RESULT: {"script":"<script> [5351 bytes]","args":[{"element-6066-11e4-a52e-4f735466cecf":"f.350099D233706A5CE962F884DCED375A.d.E60045586D59A366BEE39059722FD710.e.18476","ELEMENT":"f.350099D233706A5CE962F884DCED375A.d.E60045586D59A366BEE39059722FD710.e.18476"}]}
COMMAND: POST /session/324496234919104d937ca92dc3ef2aab/element/f.350099D233706A5CE962F884DCED375A.d.E60045586D59A366BEE39059722FD710.e.18476/click - {}
COMMAND: GET /session/324496234919104d937ca92dc3ef2aab/screenshot - {}
COMMAND: GET /session/324496234919104d937ca92dc3ef2aab/screenshot - {}
RESULT: {}
COMMAND: GET /session/324496234919104d937ca92dc3ef2aab/screenshot - {}
RESULT: {}
COMMAND: POST /session/324496234919104d937ca92dc3ef2aab/execute/async - {"script":"<script> [1562 bytes]","args":[{"selector":{"id":"application-manageresources-display-component---newResourceUnit--TYPE-arrow"},"wdio_ui5_key":"applicationmanageresources-display-component---newResourceUnit--TYPE-arrow"}]}
RESULT: {}
RESULT: {}
RESULT: {"script":"<script> [1562 bytes]","args":[{"selector":{"id":"application-manageresources-display-component---newResourceUnit--TYPE-arrow"},"wdio_ui5_key":"applicationmanageresources-display-component---newResourceUnit--TYPE-arrow"}]}
RESULT: undefined
COMMAND: POST /session/324496234919104d937ca92dc3ef2aab/element - {"using":"xpath","value":"//*[@id=\"application-manageresources-display-component---newResourceUnit--TYPE-arrow\"]"}
RESULT: {"using":"xpath","value":"//*[@id=\"application-manageresources-display-component---newResourceUnit--TYPE-arrow\"]"}
COMMAND: POST /session/324496234919104d937ca92dc3ef2aab/element/f.350099D233706A5CE962F884DCED375A.d.E60045586D59A366BEE39059722FD710.e.18834/click - {}
RESULT: {}
COMMAND: POST /session/324496234919104d937ca92dc3ef2aab/element - {"using":"xpath","value":"//input[@id=\"application-manageresources-display-component---newResourceUnit--TYPE-inner\"]"}
COMMAND: GET /session/324496234919104d937ca92dc3ef2aab/screenshot - {}
RESULT: {"using":"xpath","value":"//input[@id=\"application-manageresources-display-component---newResourceUnit--TYPE-inner\"]"}
COMMAND: POST /session/324496234919104d937ca92dc3ef2aab/element/f.350099D233706A5CE962F884DCED375A.d.E60045586D59A366BEE39059722FD710.e.18830/clear - {}
RESULT: {}
RESULT: {}
COMMAND: POST /session/324496234919104d937ca92dc3ef2aab/element/f.350099D233706A5CE962F884DCED375A.d.E60045586D59A366BEE39059722FD710.e.18830/value - {"text":"Equipment"}
COMMAND: GET /session/324496234919104d937ca92dc3ef2aab/screenshot - {}
RESULT: {"text":"Equipment"}
COMMAND: GET /session/324496234919104d937ca92dc3ef2aab/screenshot - {}
RESULT: {}
RESULT: {}
COMMAND: POST /session/324496234919104d937ca92dc3ef2aab/actions - {"actions":[{"id":"action67","type":"key","parameters":{},"actions":[{"type":"keyDown","value":""},{"type":"pause","duration":10},{"type":"keyUp","value":""}]}]}
RESULT: {"actions":[{"id":"action67","type":"key","parameters":{},"actions":[{"type":"keyDown","value":""},{"type":"pause","duration":10},{"type":"keyUp","value":""}]}]}
COMMAND: POST /session/324496234919104d937ca92dc3ef2aab/execute/async - {"script":"<script> [1562 bytes]","args":[{"selector":{"id":"application-manageresources-display-component---newResourceUnit--resourceId","interaction":{"idSuffix":"inner"}},"wdio_ui5_key":"applicationmanageresources-display-component---newResourceUnit--resourceId"}]}
COMMAND: GET /session/324496234919104d937ca92dc3ef2aab/screenshot - {}
RESULT: {"script":"<script> [1562 bytes]","args":[{"selector":{"id":"application-manageresources-display-component---newResourceUnit--resourceId","interaction":{"idSuffix":"inner"}},"wdio_ui5_key":"applicationmanageresources-display-component---newResourceUnit--resourceId"}]}
RESULT: undefined
COMMAND: POST /session/324496234919104d937ca92dc3ef2aab/execute/async - {"script":"<script> [776 bytes]","args":[{"enterText":"4yUMDS87tS","selector":{"id":"application-manageresources-display-component---newResourceUnit--resourceId","interaction":{"idSuffix":"inner"}},"clearTextFirst":true,"interactionType":"ENTER_TEXT"}]}
RESULT: {}
RESULT: {"script":"<script> [776 bytes]","args":[{"enterText":"4yUMDS87tS","selector":{"id":"application-manageresources-display-component---newResourceUnit--resourceId","interaction":{"idSuffix":"inner"}},"clearTextFirst":true,"interactionType":"ENTER_TEXT"}]}
COMMAND: POST /session/324496234919104d937ca92dc3ef2aab/execute/async - {"script":"<script> [1562 bytes]","args":[{"selector":{"id":"application-manageresources-display-component---newResourceUnit--SHORT_TEXT","interaction":{"idSuffix":"inner"}},"wdio_ui5_key":"applicationmanageresources-display-component---newResourceUnit--SHORT_TEXT"}]}
RESULT: {"script":"<script> [1562 bytes]","args":[{"selector":{"id":"application-manageresources-display-component---newResourceUnit--SHORT_TEXT","interaction":{"idSuffix":"inner"}},"wdio_ui5_key":"applicationmanageresources-display-component---newResourceUnit--SHORT_TEXT"}]}
RESULT: undefined
COMMAND: POST /session/324496234919104d937ca92dc3ef2aab/execute/async - {"script":"<script> [776 bytes]","args":[{"enterText":"Intercompany Equipment WDIO","selector":{"id":"application-manageresources-display-component---newResourceUnit--SHORT_TEXT","interaction":{"idSuffix":"inner"}},"clearTextFirst":true,"interactionType":"ENTER_TEXT"}]}
RESULT: {"script":"<script> [776 bytes]","args":[{"enterText":"Intercompany Equipment WDIO","selector":{"id":"application-manageresources-display-component---newResourceUnit--SHORT_TEXT","interaction":{"idSuffix":"inner"}},"clearTextFirst":true,"interactionType":"ENTER_TEXT"}]}
COMMAND: POST /session/324496234919104d937ca92dc3ef2aab/execute/async - {"script":"<script> [1562 bytes]","args":[{"selector":{"id":"application-manageresources-display-component---newResourceUnit--BASE_UNIT_OF_MEASURE","interaction":{"idSuffix":"inner"}},"wdio_ui5_key":"applicationmanageresources-display-component---newResourceUnit--BASE_UNIT_OF_MEASURE"}]}
RESULT: {"script":"<script> [1562 bytes]","args":[{"selector":{"id":"application-manageresources-display-component---newResourceUnit--BASE_UNIT_OF_MEASURE","interaction":{"idSuffix":"inner"}},"wdio_ui5_key":"applicationmanageresources-display-component---newResourceUnit--BASE_UNIT_OF_MEASURE"}]}
RESULT: undefined
COMMAND: POST /session/324496234919104d937ca92dc3ef2aab/execute/async - {"script":"<script> [776 bytes]","args":[{"enterText":"Piece","selector":{"id":"application-manageresources-display-component---newResourceUnit--BASE_UNIT_OF_MEASURE","interaction":{"idSuffix":"inner"}},"clearTextFirst":true,"interactionType":"ENTER_TEXT"}]}
RESULT: {"script":"<script> [776 bytes]","args":[{"enterText":"Piece","selector":{"id":"application-manageresources-display-component---newResourceUnit--BASE_UNIT_OF_MEASURE","interaction":{"idSuffix":"inner"}},"clearTextFirst":true,"interactionType":"ENTER_TEXT"}]}
COMMAND: POST /session/324496234919104d937ca92dc3ef2aab/execute/async - {"script":"<script> [1562 bytes]","args":[{"selector":{"id":"application-manageresources-display-component---newResourceUnit--WEIGHT_UNIT","interaction":{"idSuffix":"inner"}},"wdio_ui5_key":"applicationmanageresources-display-component---newResourceUnit--WEIGHT_UNIT"}]}
RESULT: {"script":"<script> [1562 bytes]","args":[{"selector":{"id":"application-manageresources-display-component---newResourceUnit--WEIGHT_UNIT","interaction":{"idSuffix":"inner"}},"wdio_ui5_key":"applicationmanageresources-display-component---newResourceUnit--WEIGHT_UNIT"}]}
RESULT: undefined
COMMAND: POST /session/324496234919104d937ca92dc3ef2aab/execute/async - {"script":"<script> [776 bytes]","args":[{"enterText":"Gram","selector":{"id":"application-manageresources-display-component---newResourceUnit--WEIGHT_UNIT","interaction":{"idSuffix":"inner"}},"clearTextFirst":true,"interactionType":"ENTER_TEXT"}]}
RESULT: {"script":"<script> [776 bytes]","args":[{"enterText":"Gram","selector":{"id":"application-manageresources-display-component---newResourceUnit--WEIGHT_UNIT","interaction":{"idSuffix":"inner"}},"clearTextFirst":true,"interactionType":"ENTER_TEXT"}]}
COMMAND: POST /session/324496234919104d937ca92dc3ef2aab/execute/async - {"script":"<script> [1562 bytes]","args":[{"selector":{"id":"application-manageresources-display-component---newResourceUnit--DIMENSION_UNIT","interaction":{"idSuffix":"inner"}},"wdio_ui5_key":"applicationmanageresources-display-component---newResourceUnit--DIMENSION_UNIT"}]}
RESULT: {"script":"<script> [1562 bytes]","args":[{"selector":{"id":"application-manageresources-display-component---newResourceUnit--DIMENSION_UNIT","interaction":{"idSuffix":"inner"}},"wdio_ui5_key":"applicationmanageresources-display-component---newResourceUnit--DIMENSION_UNIT"}]}
RESULT: undefined
COMMAND: POST /session/324496234919104d937ca92dc3ef2aab/execute/async - {"script":"<script> [776 bytes]","args":[{"enterText":"Meter","selector":{"id":"application-manageresources-display-component---newResourceUnit--DIMENSION_UNIT","interaction":{"idSuffix":"inner"}},"clearTextFirst":true,"interactionType":"ENTER_TEXT"}]}
RESULT: {"script":"<script> [776 bytes]","args":[{"enterText":"Meter","selector":{"id":"application-manageresources-display-component---newResourceUnit--DIMENSION_UNIT","interaction":{"idSuffix":"inner"}},"clearTextFirst":true,"interactionType":"ENTER_TEXT"}]}
COMMAND: POST /session/324496234919104d937ca92dc3ef2aab/execute/async - {"script":"<script> [1562 bytes]","args":[{"selector":{"id":"application-manageresources-display-component---newResourceUnit--newRRUPage-anchBar-application-manageresources-display-component---newResourceUnit--control-anchor","interaction":{"idSuffix":"BDI-content"}},"wdio_ui5_key":"applicationmanageresources-display-component---newResourceUnit--newRRUPage-anchBar-application-manageresources-display-component---newResourceUnit--control-anchor"}]}
RESULT: {"script":"<script> [1562 bytes]","args":[{"selector":{"id":"application-manageresources-display-component---newResourceUnit--newRRUPage-anchBar-application-manageresources-display-component---newResourceUnit--control-anchor","interaction":{"idSuffix":"BDI-content"}},"wdio_ui5_key":"applicationmanageresources-display-component---newResourceUnit--newRRUPage-anchBar-application-manageresources-display-component---newResourceUnit--control-anchor"}]}
RESULT: undefined
COMMAND: POST /session/324496234919104d937ca92dc3ef2aab/element - {"using":"xpath","value":"//*[@id=\"application-manageresources-display-component---newResourceUnit--newRRUPage-anchBar-application-manageresources-display-component---newResourceUnit--control-anchor\"]"}
RESULT: {"using":"xpath","value":"//*[@id=\"application-manageresources-display-component---newResourceUnit--newRRUPage-anchBar-application-manageresources-display-component---newResourceUnit--control-anchor\"]"}
COMMAND: POST /session/324496234919104d937ca92dc3ef2aab/element/f.350099D233706A5CE962F884DCED375A.d.E60045586D59A366BEE39059722FD710.e.18993/click - {}
RESULT: {}
COMMAND: POST /session/324496234919104d937ca92dc3ef2aab/execute/async - {"script":"<script> [1562 bytes]","args":[{"selector":{"id":"application-manageresources-display-component---newResourceUnit--PLANNING_GROUP","interaction":{"idSuffix":"inner"}},"wdio_ui5_key":"applicationmanageresources-display-component---newResourceUnit--PLANNING_GROUP"}]}
COMMAND: GET /session/324496234919104d937ca92dc3ef2aab/screenshot - {}
RESULT: {"script":"<script> [1562 bytes]","args":[{"selector":{"id":"application-manageresources-display-component---newResourceUnit--PLANNING_GROUP","interaction":{"idSuffix":"inner"}},"wdio_ui5_key":"applicationmanageresources-display-component---newResourceUnit--PLANNING_GROUP"}]}
RESULT: undefined
COMMAND: POST /session/324496234919104d937ca92dc3ef2aab/execute/async - {"script":"<script> [776 bytes]","args":[{"enterText":"Heavy Equi","selector":{"id":"application-manageresources-display-component---newResourceUnit--PLANNING_GROUP","interaction":{"idSuffix":"inner"}},"clearTextFirst":true,"interactionType":"ENTER_TEXT"}]}
RESULT: {}
RESULT: {"script":"<script> [776 bytes]","args":[{"enterText":"Heavy Equi","selector":{"id":"application-manageresources-display-component---newResourceUnit--PLANNING_GROUP","interaction":{"idSuffix":"inner"}},"clearTextFirst":true,"interactionType":"ENTER_TEXT"}]}
COMMAND: POST /session/324496234919104d937ca92dc3ef2aab/execute/async - {"script":"<script> [1562 bytes]","args":[{"selector":{"id":"application-manageresources-display-component---newResourceUnit--ITEM_TYPE-arrow"},"wdio_ui5_key":"applicationmanageresources-display-component---newResourceUnit--ITEM_TYPE-arrow"}]}
RESULT: {"script":"<script> [1562 bytes]","args":[{"selector":{"id":"application-manageresources-display-component---newResourceUnit--ITEM_TYPE-arrow"},"wdio_ui5_key":"applicationmanageresources-display-component---newResourceUnit--ITEM_TYPE-arrow"}]}
RESULT: undefined
COMMAND: POST /session/324496234919104d937ca92dc3ef2aab/element - {"using":"xpath","value":"//*[@id=\"application-manageresources-display-component---newResourceUnit--ITEM_TYPE-arrow\"]"}
RESULT: {"using":"xpath","value":"//*[@id=\"application-manageresources-display-component---newResourceUnit--ITEM_TYPE-arrow\"]"}
COMMAND: POST /session/324496234919104d937ca92dc3ef2aab/element/f.350099D233706A5CE962F884DCED375A.d.E60045586D59A366BEE39059722FD710.e.19002/click - {}
RESULT: {}
COMMAND: POST /session/324496234919104d937ca92dc3ef2aab/element - {"using":"xpath","value":"(//span[contains(text(), \"Resource Unit\")])[2]"}
COMMAND: GET /session/324496234919104d937ca92dc3ef2aab/screenshot - {}
RESULT: {"using":"xpath","value":"(//span[contains(text(), \"Resource Unit\")])[2]"}
COMMAND: POST /session/324496234919104d937ca92dc3ef2aab/element/f.350099D233706A5CE962F884DCED375A.d.E60045586D59A366BEE39059722FD710.e.19003/click - {}
RESULT: {}
RESULT: {}
COMMAND: GET /session/324496234919104d937ca92dc3ef2aab/screenshot - {}
RESULT: {}
COMMAND: POST /session/324496234919104d937ca92dc3ef2aab/element - {"using":"css selector","value":"#application-manageresources-display-component---newResourceUnit--btnAddTimeSegment"}
RESULT: {"using":"css selector","value":"#application-manageresources-display-component---newResourceUnit--btnAddTimeSegment"}
COMMAND: GET /session/324496234919104d937ca92dc3ef2aab/element/f.350099D233706A5CE962F884DCED375A.d.E60045586D59A366BEE39059722FD710.e.19010/rect - {}
RESULT: {}
COMMAND: GET /session/324496234919104d937ca92dc3ef2aab/window/rect - {}
RESULT: {}
COMMAND: POST /session/324496234919104d937ca92dc3ef2aab/execute/sync - {"script":"<script> [92 bytes]","args":[]}
RESULT: {"script":"<script> [92 bytes]","args":[]}
COMMAND: POST /session/324496234919104d937ca92dc3ef2aab/actions - {"actions":[{"id":"action68","type":"wheel","parameters":{},"actions":[{"type":"scroll","x":-1888,"y":-32,"deltaX":0,"deltaY":0,"duration":0,"origin":{"element-6066-11e4-a52e-4f735466cecf":"f.350099D233706A5CE962F884DCED375A.d.E60045586D59A366BEE39059722FD710.e.19010"}}]}]}
COMMAND: GET /session/324496234919104d937ca92dc3ef2aab/screenshot - {}
RESULT: {}
COMMAND: POST /session/324496234919104d937ca92dc3ef2aab/execute/sync - {"script":"<script> [79 bytes]","args":[{"element-6066-11e4-a52e-4f735466cecf":"f.350099D233706A5CE962F884DCED375A.d.E60045586D59A366BEE39059722FD710.e.19010","ELEMENT":"f.350099D233706A5CE962F884DCED375A.d.E60045586D59A366BEE39059722FD710.e.19010"},{"block":"start","inline":"nearest"}]}
RESULT: {"script":"<script> [79 bytes]","args":[{"element-6066-11e4-a52e-4f735466cecf":"f.350099D233706A5CE962F884DCED375A.d.E60045586D59A366BEE39059722FD710.e.19010","ELEMENT":"f.350099D233706A5CE962F884DCED375A.d.E60045586D59A366BEE39059722FD710.e.19010"},{"block":"start","inline":"nearest"}]}
COMMAND: POST /session/324496234919104d937ca92dc3ef2aab/execute/async - {"script":"<script> [1562 bytes]","args":[{"selector":{"id":"application-manageresources-display-component---newResourceUnit--btnAddTimeSegment","interaction":{"idSuffix":"inner"}},"wdio_ui5_key":"applicationmanageresources-display-component---newResourceUnit--btnAddTimeSegment"}]}
COMMAND: GET /session/324496234919104d937ca92dc3ef2aab/screenshot - {}
RESULT: {"script":"<script> [1562 bytes]","args":[{"selector":{"id":"application-manageresources-display-component---newResourceUnit--btnAddTimeSegment","interaction":{"idSuffix":"inner"}},"wdio_ui5_key":"applicationmanageresources-display-component---newResourceUnit--btnAddTimeSegment"}]}
RESULT: undefined
COMMAND: POST /session/324496234919104d937ca92dc3ef2aab/element - {"using":"xpath","value":"//*[@id=\"application-manageresources-display-component---newResourceUnit--btnAddTimeSegment\"]"}
RESULT: {}
RESULT: {"using":"xpath","value":"//*[@id=\"application-manageresources-display-component---newResourceUnit--btnAddTimeSegment\"]"}
COMMAND: POST /session/324496234919104d937ca92dc3ef2aab/element/f.350099D233706A5CE962F884DCED375A.d.E60045586D59A366BEE39059722FD710.e.19010/click - {}
RESULT: {}
COMMAND: GET /session/324496234919104d937ca92dc3ef2aab/screenshot - {}
RESULT: {}
COMMAND: POST /session/324496234919104d937ca92dc3ef2aab/element - {"using":"xpath","value":"//input[@id=\"application-manageresources-display-component---newResourceUnit--idRuTSAdmin-application-manageresources-display-component---newResourceUnit--RUTimeSegment-0-inner\"]"}
RESULT: {"using":"xpath","value":"//input[@id=\"application-manageresources-display-component---newResourceUnit--idRuTSAdmin-application-manageresources-display-component---newResourceUnit--RUTimeSegment-0-inner\"]"}
COMMAND: POST /session/324496234919104d937ca92dc3ef2aab/element/f.350099D233706A5CE962F884DCED375A.d.E60045586D59A366BEE39059722FD710.e.19016/clear - {}
RESULT: {}
COMMAND: POST /session/324496234919104d937ca92dc3ef2aab/element/f.350099D233706A5CE962F884DCED375A.d.E60045586D59A366BEE39059722FD710.e.19016/value - {"text":"230"}
COMMAND: GET /session/324496234919104d937ca92dc3ef2aab/screenshot - {}
RESULT: {"text":"230"}
COMMAND: GET /session/324496234919104d937ca92dc3ef2aab/screenshot - {}
RESULT: {}
RESULT: {}
COMMAND: POST /session/324496234919104d937ca92dc3ef2aab/element - {"using":"xpath","value":"//li[.//span[text()='230']]"}
RESULT: {"using":"xpath","value":"//li[.//span[text()='230']]"}
COMMAND: POST /session/324496234919104d937ca92dc3ef2aab/element/f.350099D233706A5CE962F884DCED375A.d.E60045586D59A366BEE39059722FD710.e.19028/click - {}
RESULT: {}
COMMAND: GET /session/324496234919104d937ca92dc3ef2aab/screenshot - {}
RESULT: {}
COMMAND: POST /session/324496234919104d937ca92dc3ef2aab/element - {"using":"xpath","value":"(//span[contains(@id, \"-application-manageresources-display-component---newResourceUnit--RUTimeSegment-0-arrow\")])[6]"}
RESULT: {"using":"xpath","value":"(//span[contains(@id, \"-application-manageresources-display-component---newResourceUnit--RUTimeSegment-0-arrow\")])[6]"}
COMMAND: POST /session/324496234919104d937ca92dc3ef2aab/element/f.350099D233706A5CE962F884DCED375A.d.E60045586D59A366BEE39059722FD710.e.19029/click - {}
RESULT: {}
COMMAND: GET /session/324496234919104d937ca92dc3ef2aab/screenshot - {}
RESULT: {}
COMMAND: POST /session/324496234919104d937ca92dc3ef2aab/element - {"using":"xpath","value":"//span[contains(text(), \"PM Order\")]"}
RESULT: {"using":"xpath","value":"//span[contains(text(), \"PM Order\")]"}
COMMAND: POST /session/324496234919104d937ca92dc3ef2aab/element/f.350099D233706A5CE962F884DCED375A.d.E60045586D59A366BEE39059722FD710.e.19032/click - {}
RESULT: {}
COMMAND: GET /session/324496234919104d937ca92dc3ef2aab/screenshot - {}
RESULT: {}
COMMAND: POST /session/324496234919104d937ca92dc3ef2aab/element - {"using":"xpath","value":"(//span[contains(@id ,\"manageresources-display-component---newResourceUnit--RUTimeSegment-0-vhi\")])[1]"}
RESULT: {"using":"xpath","value":"(//span[contains(@id ,\"manageresources-display-component---newResourceUnit--RUTimeSegment-0-vhi\")])[1]"}
COMMAND: GET /session/324496234919104d937ca92dc3ef2aab/element/f.350099D233706A5CE962F884DCED375A.d.E60045586D59A366BEE39059722FD710.e.19036/rect - {}
RESULT: {}
COMMAND: GET /session/324496234919104d937ca92dc3ef2aab/window/rect - {}
RESULT: {}
COMMAND: POST /session/324496234919104d937ca92dc3ef2aab/execute/sync - {"script":"<script> [92 bytes]","args":[]}
RESULT: {"script":"<script> [92 bytes]","args":[]}
COMMAND: POST /session/324496234919104d937ca92dc3ef2aab/actions - {"actions":[{"id":"action69","type":"wheel","parameters":{},"actions":[{"type":"scroll","x":-869,"y":-24,"deltaX":0,"deltaY":0,"duration":0,"origin":{"element-6066-11e4-a52e-4f735466cecf":"f.350099D233706A5CE962F884DCED375A.d.E60045586D59A366BEE39059722FD710.e.19036"}}]}]}
COMMAND: GET /session/324496234919104d937ca92dc3ef2aab/screenshot - {}
RESULT: {"actions":[{"id":"action69","type":"wheel","parameters":{},"actions":[{"type":"scroll","x":-869,"y":-24,"deltaX":0,"deltaY":0,"duration":0,"origin":{"element-6066-11e4-a52e-4f735466cecf":"f.350099D233706A5CE962F884DCED375A.d.E60045586D59A366BEE39059722FD710.e.19036"}}]}]}
COMMAND: DELETE /session/324496234919104d937ca92dc3ef2aab/actions - {}
COMMAND: GET /session/324496234919104d937ca92dc3ef2aab/screenshot - {}
RESULT: {}
RESULT: {}
COMMAND: GET /session/324496234919104d937ca92dc3ef2aab/screenshot - {}
RESULT: {}
RESULT: {}
COMMAND: POST /session/324496234919104d937ca92dc3ef2aab/element/f.350099D233706A5CE962F884DCED375A.d.E60045586D59A366BEE39059722FD710.e.19036/click - {}
RESULT: {}
COMMAND: GET /session/324496234919104d937ca92dc3ef2aab/screenshot - {}
COMMAND: POST /session/324496234919104d937ca92dc3ef2aab/execute/async - {"script":"<script> [1562 bytes]","args":[{"selector":{"controlType":"sap.m.SearchField","properties":{"placeholder":"Search"},"searchOpenDialogs":true,"interaction":{"idSuffix":"I"}},"wdio_ui5_key":"sapm.SearchField{\"placeholder\":\"Search\"}"}]}
RESULT: {}
RESULT: {"script":"<script> [1562 bytes]","args":[{"selector":{"controlType":"sap.m.SearchField","properties":{"placeholder":"Search"},"searchOpenDialogs":true,"interaction":{"idSuffix":"I"}},"wdio_ui5_key":"sapm.SearchField{\"placeholder\":\"Search\"}"}]}
RESULT: undefined
COMMAND: POST /session/324496234919104d937ca92dc3ef2aab/execute/async - {"script":"<script> [776 bytes]","args":[{"enterText":"4000360","selector":{"controlType":"sap.m.SearchField","properties":{"placeholder":"Search"},"searchOpenDialogs":true,"interaction":{"idSuffix":"I"}},"clearTextFirst":true,"interactionType":"ENTER_TEXT"}]}
RESULT: {"script":"<script> [776 bytes]","args":[{"enterText":"4000360","selector":{"controlType":"sap.m.SearchField","properties":{"placeholder":"Search"},"searchOpenDialogs":true,"interaction":{"idSuffix":"I"}},"clearTextFirst":true,"interactionType":"ENTER_TEXT"}]}
COMMAND: POST /session/324496234919104d937ca92dc3ef2aab/actions - {"actions":[{"id":"action70","type":"key","parameters":{},"actions":[{"type":"keyDown","value":""},{"type":"pause","duration":10},{"type":"keyUp","value":""}]}]}
RESULT: {"actions":[{"id":"action70","type":"key","parameters":{},"actions":[{"type":"keyDown","value":""},{"type":"pause","duration":10},{"type":"keyUp","value":""}]}]}
COMMAND: GET /session/324496234919104d937ca92dc3ef2aab/screenshot - {}
RESULT: {}
COMMAND: POST /session/324496234919104d937ca92dc3ef2aab/element - {"using":"xpath","value":"//td/div/span[contains(text(), \"BGL Vehicles\")]"}
RESULT: {"using":"xpath","value":"//td/div/span[contains(text(), \"BGL Vehicles\")]"}
COMMAND: POST /session/324496234919104d937ca92dc3ef2aab/element/f.350099D233706A5CE962F884DCED375A.d.E60045586D59A366BEE39059722FD710.e.19060/click - {}
RESULT: {}
COMMAND: GET /session/324496234919104d937ca92dc3ef2aab/screenshot - {}
RESULT: {}
COMMAND: POST /session/324496234919104d937ca92dc3ef2aab/element - {"using":"xpath","value":"//bdi[contains(text(), \"OK\")]"}
RESULT: {"using":"xpath","value":"//bdi[contains(text(), \"OK\")]"}
COMMAND: POST /session/324496234919104d937ca92dc3ef2aab/element/f.350099D233706A5CE962F884DCED375A.d.E60045586D59A366BEE39059722FD710.e.19061/click - {}
RESULT: {}
COMMAND: GET /session/324496234919104d937ca92dc3ef2aab/screenshot - {}
RESULT: {}
COMMAND: POST /session/324496234919104d937ca92dc3ef2aab/execute/async - {"script":"<script> [1562 bytes]","args":[{"selector":{"id":"application-manageresources-display-component---newResourceUnit--newRRUPage-anchBar-application-manageresources-display-component---newResourceUnit--resource-anchor","interaction":{"idSuffix":"BDI-content"}},"wdio_ui5_key":"applicationmanageresources-display-component---newResourceUnit--newRRUPage-anchBar-application-manageresources-display-component---newResourceUnit--resource-anchor"}]}
RESULT: {"script":"<script> [1562 bytes]","args":[{"selector":{"id":"application-manageresources-display-component---newResourceUnit--newRRUPage-anchBar-application-manageresources-display-component---newResourceUnit--resource-anchor","interaction":{"idSuffix":"BDI-content"}},"wdio_ui5_key":"applicationmanageresources-display-component---newResourceUnit--newRRUPage-anchBar-application-manageresources-display-component---newResourceUnit--resource-anchor"}]}
RESULT: undefined
COMMAND: POST /session/324496234919104d937ca92dc3ef2aab/element - {"using":"xpath","value":"//*[@id=\"application-manageresources-display-component---newResourceUnit--newRRUPage-anchBar-application-manageresources-display-component---newResourceUnit--resource-anchor\"]"}
RESULT: {"using":"xpath","value":"//*[@id=\"application-manageresources-display-component---newResourceUnit--newRRUPage-anchBar-application-manageresources-display-component---newResourceUnit--resource-anchor\"]"}
COMMAND: POST /session/324496234919104d937ca92dc3ef2aab/element/f.350099D233706A5CE962F884DCED375A.d.E60045586D59A366BEE39059722FD710.e.19065/click - {}
RESULT: {}
COMMAND: POST /session/324496234919104d937ca92dc3ef2aab/execute/async - {"script":"<script> [1562 bytes]","args":[{"selector":{"id":"application-manageresources-display-component---newResourceUnit--PLANNED_DELIVERY_DATE","interaction":{"idSuffix":"inner"}},"wdio_ui5_key":"applicationmanageresources-display-component---newResourceUnit--PLANNED_DELIVERY_DATE"}]}
COMMAND: GET /session/324496234919104d937ca92dc3ef2aab/screenshot - {}
RESULT: {"script":"<script> [1562 bytes]","args":[{"selector":{"id":"application-manageresources-display-component---newResourceUnit--PLANNED_DELIVERY_DATE","interaction":{"idSuffix":"inner"}},"wdio_ui5_key":"applicationmanageresources-display-component---newResourceUnit--PLANNED_DELIVERY_DATE"}]}
RESULT: undefined
COMMAND: POST /session/324496234919104d937ca92dc3ef2aab/execute/async - {"script":"<script> [6424 bytes]","args":[{"element-6066-11e4-a52e-4f735466cecf":"f.350099D233706A5CE962F884DCED375A.d.E60045586D59A366BEE39059722FD710.e.18892"},"setValue",["5/23/25"]]}
RESULT: {}
RESULT: {"script":"<script> [6424 bytes]","args":[{"element-6066-11e4-a52e-4f735466cecf":"f.350099D233706A5CE962F884DCED375A.d.E60045586D59A366BEE39059722FD710.e.18892"},"setValue",["5/23/25"]]}
COMMAND: POST /session/324496234919104d937ca92dc3ef2aab/element - {"using":"xpath","value":"//label[contains(@class, 'sapMLabelRequired') and .//bdi[contains(text(), 'Planned Retirement')]]"}
RESULT: {"using":"xpath","value":"//label[contains(@class, 'sapMLabelRequired') and .//bdi[contains(text(), 'Planned Retirement')]]"}
COMMAND: POST /session/324496234919104d937ca92dc3ef2aab/elements - {"using":"xpath","value":"//label[contains(@class, 'sapMLabelRequired') and .//bdi[contains(text(), 'Planned Retirement')]]"}
RESULT: {"using":"xpath","value":"//label[contains(@class, 'sapMLabelRequired') and .//bdi[contains(text(), 'Planned Retirement')]]"}
COMMAND: POST /session/324496234919104d937ca92dc3ef2aab/element - {"using":"xpath","value":"//button[@data-kt=\"resourceUnitSaveButton\"]"}
RESULT: {"using":"xpath","value":"//button[@data-kt=\"resourceUnitSaveButton\"]"}
COMMAND: POST /session/324496234919104d937ca92dc3ef2aab/element/f.350099D233706A5CE962F884DCED375A.d.E60045586D59A366BEE39059722FD710.e.18852/click - {}
RESULT: {}
COMMAND: GET /session/324496234919104d937ca92dc3ef2aab/screenshot - {}
RESULT: {}
COMMAND: POST /session/324496234919104d937ca92dc3ef2aab/element - {"using":"xpath","value":"//bdi[contains(text(), \"Close\")]"}
RESULT: {"using":"xpath","value":"//bdi[contains(text(), \"Close\")]"}
COMMAND: POST /session/324496234919104d937ca92dc3ef2aab/element/f.350099D233706A5CE962F884DCED375A.d.E60045586D59A366BEE39059722FD710.e.19075/click - {}
RESULT: {}
COMMAND: GET /session/324496234919104d937ca92dc3ef2aab/screenshot - {}
RESULT: {}
COMMAND: POST /session/324496234919104d937ca92dc3ef2aab/element - {"using":"xpath","value":"(//button[contains(@id ,\"actionsToolbar-overflowButton\")])[1]"}
RESULT: {"using":"xpath","value":"(//button[contains(@id ,\"actionsToolbar-overflowButton\")])[1]"}
COMMAND: POST /session/324496234919104d937ca92dc3ef2aab/element/f.350099D233706A5CE962F884DCED375A.d.E60045586D59A366BEE39059722FD710.e.19132/click - {}
RESULT: {}
COMMAND: GET /session/324496234919104d937ca92dc3ef2aab/screenshot - {}
RESULT: {}
COMMAND: POST /session/324496234919104d937ca92dc3ef2aab/element - {"using":"xpath","value":"//button[@data-kt=\"priceInfoButton\"]"}
RESULT: {"using":"xpath","value":"//button[@data-kt=\"priceInfoButton\"]"}
COMMAND: POST /session/324496234919104d937ca92dc3ef2aab/element/f.350099D233706A5CE962F884DCED375A.d.E60045586D59A366BEE39059722FD710.e.19134/click - {}
RESULT: {}
COMMAND: GET /session/324496234919104d937ca92dc3ef2aab/screenshot - {}
RESULT: {}
]]></system-out>
    </testcase>
    <testcase classname="chrome.136_0_7103_93.windows.Billing_Calculation_-_Time_based_(considering_transport_times)_US139738" name="Should create new pricing rule for the equipment" time="54.945">
      <system-out><![CDATA[
COMMAND: POST /session/324496234919104d937ca92dc3ef2aab/element - {"using":"xpath","value":"//button[@data-kt=\"addButton\"]"}
RESULT: {"using":"xpath","value":"//button[@data-kt=\"addButton\"]"}
COMMAND: POST /session/324496234919104d937ca92dc3ef2aab/elements - {"using":"xpath","value":"//button[@data-kt=\"addButton\"]"}
RESULT: {"using":"xpath","value":"//button[@data-kt=\"addButton\"]"}
COMMAND: POST /session/324496234919104d937ca92dc3ef2aab/elements - {"using":"xpath","value":"//button[@data-kt=\"addButton\"]"}
RESULT: {"using":"xpath","value":"//button[@data-kt=\"addButton\"]"}
COMMAND: POST /session/324496234919104d937ca92dc3ef2aab/element - {"using":"xpath","value":"//button[@data-kt=\"addButton\"]"}
RESULT: {"using":"xpath","value":"//button[@data-kt=\"addButton\"]"}
COMMAND: POST /session/324496234919104d937ca92dc3ef2aab/execute/sync - {"script":"<script> [8489 bytes]","args":[{"element-6066-11e4-a52e-4f735466cecf":"f.350099D233706A5CE962F884DCED375A.d.E60045586D59A366BEE39059722FD710.e.19171","ELEMENT":"f.350099D233706A5CE962F884DCED375A.d.E60045586D59A366BEE39059722FD710.e.19171"}]}
RESULT: {"script":"<script> [8489 bytes]","args":[{"element-6066-11e4-a52e-4f735466cecf":"f.350099D233706A5CE962F884DCED375A.d.E60045586D59A366BEE39059722FD710.e.19171","ELEMENT":"f.350099D233706A5CE962F884DCED375A.d.E60045586D59A366BEE39059722FD710.e.19171"}]}
COMMAND: GET /session/324496234919104d937ca92dc3ef2aab/element/f.350099D233706A5CE962F884DCED375A.d.E60045586D59A366BEE39059722FD710.e.19171/enabled - {}
COMMAND: GET /session/324496234919104d937ca92dc3ef2aab/screenshot - {}
RESULT: {}
RESULT: {}
COMMAND: POST /session/324496234919104d937ca92dc3ef2aab/execute/sync - {"script":"<script> [8489 bytes]","args":[{"element-6066-11e4-a52e-4f735466cecf":"f.350099D233706A5CE962F884DCED375A.d.E60045586D59A366BEE39059722FD710.e.19171","ELEMENT":"f.350099D233706A5CE962F884DCED375A.d.E60045586D59A366BEE39059722FD710.e.19171"}]}
COMMAND: GET /session/324496234919104d937ca92dc3ef2aab/screenshot - {}
RESULT: {"script":"<script> [8489 bytes]","args":[{"element-6066-11e4-a52e-4f735466cecf":"f.350099D233706A5CE962F884DCED375A.d.E60045586D59A366BEE39059722FD710.e.19171","ELEMENT":"f.350099D233706A5CE962F884DCED375A.d.E60045586D59A366BEE39059722FD710.e.19171"}]}
COMMAND: POST /session/324496234919104d937ca92dc3ef2aab/execute/sync - {"script":"<script> [5351 bytes]","args":[{"element-6066-11e4-a52e-4f735466cecf":"f.350099D233706A5CE962F884DCED375A.d.E60045586D59A366BEE39059722FD710.e.19171","ELEMENT":"f.350099D233706A5CE962F884DCED375A.d.E60045586D59A366BEE39059722FD710.e.19171"}]}
COMMAND: GET /session/324496234919104d937ca92dc3ef2aab/screenshot - {}
RESULT: {}
RESULT: {"script":"<script> [5351 bytes]","args":[{"element-6066-11e4-a52e-4f735466cecf":"f.350099D233706A5CE962F884DCED375A.d.E60045586D59A366BEE39059722FD710.e.19171","ELEMENT":"f.350099D233706A5CE962F884DCED375A.d.E60045586D59A366BEE39059722FD710.e.19171"}]}
COMMAND: POST /session/324496234919104d937ca92dc3ef2aab/element/f.350099D233706A5CE962F884DCED375A.d.E60045586D59A366BEE39059722FD710.e.19171/click - {}
COMMAND: GET /session/324496234919104d937ca92dc3ef2aab/screenshot - {}
RESULT: {}
RESULT: {}
COMMAND: GET /session/324496234919104d937ca92dc3ef2aab/screenshot - {}
RESULT: {}
RESULT: {}
COMMAND: POST /session/324496234919104d937ca92dc3ef2aab/execute/async - {"script":"<script> [1562 bytes]","args":[{"selector":{"controlType":"sap.m.Title","viewName":"etm.portal.ui.managepricingrules.view.NewItem","viewId":"application-managepricingrules-display-component---newInfoPriceItem","properties":{"text":"New Pricing Rules - Item Level"}},"wdio_ui5_key":"etmportal.ui.managepricingrules.view.NewItemsap.m.Title{\"text\":\"New Pricing Rules - Item Level\"}"}]}
RESULT: {"script":"<script> [1562 bytes]","args":[{"selector":{"controlType":"sap.m.Title","viewName":"etm.portal.ui.managepricingrules.view.NewItem","viewId":"application-managepricingrules-display-component---newInfoPriceItem","properties":{"text":"New Pricing Rules - Item Level"}},"wdio_ui5_key":"etmportal.ui.managepricingrules.view.NewItemsap.m.Title{\"text\":\"New Pricing Rules - Item Level\"}"}]}
RESULT: undefined
COMMAND: POST /session/324496234919104d937ca92dc3ef2aab/execute/async - {"script":"<script> [6424 bytes]","args":[{"element-6066-11e4-a52e-4f735466cecf":"f.350099D233706A5CE962F884DCED375A.d.E60045586D59A366BEE39059722FD710.e.19253"},"getText",[]]}
RESULT: {"script":"<script> [6424 bytes]","args":[{"element-6066-11e4-a52e-4f735466cecf":"f.350099D233706A5CE962F884DCED375A.d.E60045586D59A366BEE39059722FD710.e.19253"},"getText",[]]}
COMMAND: POST /session/324496234919104d937ca92dc3ef2aab/execute/async - {"script":"<script> [1562 bytes]","args":[{"selector":{"id":"application-managepricingrules-display-component---newInfoPriceItem--condValidTo","interaction":{"idSuffix":"inner"}},"wdio_ui5_key":"applicationmanagepricingrules-display-component---newInfoPriceItem--condValidTo"}]}
RESULT: {"script":"<script> [1562 bytes]","args":[{"selector":{"id":"application-managepricingrules-display-component---newInfoPriceItem--condValidTo","interaction":{"idSuffix":"inner"}},"wdio_ui5_key":"applicationmanagepricingrules-display-component---newInfoPriceItem--condValidTo"}]}
RESULT: undefined
COMMAND: POST /session/324496234919104d937ca92dc3ef2aab/execute/async - {"script":"<script> [776 bytes]","args":[{"enterText":"1/23/26","selector":{"id":"application-managepricingrules-display-component---newInfoPriceItem--condValidTo","interaction":{"idSuffix":"inner"}},"clearTextFirst":true,"interactionType":"ENTER_TEXT"}]}
RESULT: {"script":"<script> [776 bytes]","args":[{"enterText":"1/23/26","selector":{"id":"application-managepricingrules-display-component---newInfoPriceItem--condValidTo","interaction":{"idSuffix":"inner"}},"clearTextFirst":true,"interactionType":"ENTER_TEXT"}]}
COMMAND: POST /session/324496234919104d937ca92dc3ef2aab/execute/async - {"script":"<script> [1562 bytes]","args":[{"selector":{"id":"application-managepricingrules-display-component---newInfoPriceItem--billType-arrow"},"wdio_ui5_key":"applicationmanagepricingrules-display-component---newInfoPriceItem--billType-arrow"}]}
RESULT: {"script":"<script> [1562 bytes]","args":[{"selector":{"id":"application-managepricingrules-display-component---newInfoPriceItem--billType-arrow"},"wdio_ui5_key":"applicationmanagepricingrules-display-component---newInfoPriceItem--billType-arrow"}]}
RESULT: undefined
COMMAND: POST /session/324496234919104d937ca92dc3ef2aab/element - {"using":"xpath","value":"//*[@id=\"application-managepricingrules-display-component---newInfoPriceItem--billType-arrow\"]"}
RESULT: {"using":"xpath","value":"//*[@id=\"application-managepricingrules-display-component---newInfoPriceItem--billType-arrow\"]"}
COMMAND: POST /session/324496234919104d937ca92dc3ef2aab/element/f.350099D233706A5CE962F884DCED375A.d.E60045586D59A366BEE39059722FD710.e.19255/click - {}
RESULT: {}
COMMAND: POST /session/324496234919104d937ca92dc3ef2aab/element - {"using":"xpath","value":"//span[contains(text(), \"TB - Time based\")]"}
COMMAND: GET /session/324496234919104d937ca92dc3ef2aab/screenshot - {}
RESULT: {}
RESULT: {"using":"xpath","value":"//span[contains(text(), \"TB - Time based\")]"}
COMMAND: POST /session/324496234919104d937ca92dc3ef2aab/element/f.350099D233706A5CE962F884DCED375A.d.E60045586D59A366BEE39059722FD710.e.19256/click - {}
RESULT: {}
COMMAND: POST /session/324496234919104d937ca92dc3ef2aab/execute/async - {"script":"<script> [1562 bytes]","args":[{"selector":{"id":"application-managepricingrules-display-component---newInfoPriceItem--priceProc-arrow"},"wdio_ui5_key":"applicationmanagepricingrules-display-component---newInfoPriceItem--priceProc-arrow"}]}
COMMAND: GET /session/324496234919104d937ca92dc3ef2aab/screenshot - {}
RESULT: {"script":"<script> [1562 bytes]","args":[{"selector":{"id":"application-managepricingrules-display-component---newInfoPriceItem--priceProc-arrow"},"wdio_ui5_key":"applicationmanagepricingrules-display-component---newInfoPriceItem--priceProc-arrow"}]}
RESULT: undefined
COMMAND: POST /session/324496234919104d937ca92dc3ef2aab/element - {"using":"xpath","value":"//*[@id=\"application-managepricingrules-display-component---newInfoPriceItem--priceProc-arrow\"]"}
RESULT: {}
RESULT: {"using":"xpath","value":"//*[@id=\"application-managepricingrules-display-component---newInfoPriceItem--priceProc-arrow\"]"}
COMMAND: POST /session/324496234919104d937ca92dc3ef2aab/element/f.350099D233706A5CE962F884DCED375A.d.E60045586D59A366BEE39059722FD710.e.19257/click - {}
RESULT: {}
COMMAND: POST /session/324496234919104d937ca92dc3ef2aab/element - {"using":"xpath","value":"//span[contains(text(), \"TBS - Time based standard\")]"}
COMMAND: GET /session/324496234919104d937ca92dc3ef2aab/screenshot - {}
RESULT: {"using":"xpath","value":"//span[contains(text(), \"TBS - Time based standard\")]"}
COMMAND: POST /session/324496234919104d937ca92dc3ef2aab/element/f.350099D233706A5CE962F884DCED375A.d.E60045586D59A366BEE39059722FD710.e.19258/click - {}
RESULT: {}
RESULT: {}
COMMAND: POST /session/324496234919104d937ca92dc3ef2aab/execute/async - {"script":"<script> [1562 bytes]","args":[{"selector":{"id":"application-managepricingrules-display-component---newInfoPriceItem--calcBase-arrow"},"wdio_ui5_key":"applicationmanagepricingrules-display-component---newInfoPriceItem--calcBase-arrow"}]}
COMMAND: GET /session/324496234919104d937ca92dc3ef2aab/screenshot - {}
RESULT: {"script":"<script> [1562 bytes]","args":[{"selector":{"id":"application-managepricingrules-display-component---newInfoPriceItem--calcBase-arrow"},"wdio_ui5_key":"applicationmanagepricingrules-display-component---newInfoPriceItem--calcBase-arrow"}]}
RESULT: undefined
COMMAND: POST /session/324496234919104d937ca92dc3ef2aab/element - {"using":"xpath","value":"//*[@id=\"application-managepricingrules-display-component---newInfoPriceItem--calcBase-arrow\"]"}
RESULT: {}
RESULT: {"using":"xpath","value":"//*[@id=\"application-managepricingrules-display-component---newInfoPriceItem--calcBase-arrow\"]"}
COMMAND: POST /session/324496234919104d937ca92dc3ef2aab/element/f.350099D233706A5CE962F884DCED375A.d.E60045586D59A366BEE39059722FD710.e.19259/click - {}
RESULT: {}
COMMAND: GET /session/324496234919104d937ca92dc3ef2aab/screenshot - {}
RESULT: {}
COMMAND: POST /session/324496234919104d937ca92dc3ef2aab/element - {"using":"xpath","value":"//span[contains(text(), \"0006 - TB(calendar days)\")]"}
RESULT: {"using":"xpath","value":"//span[contains(text(), \"0006 - TB(calendar days)\")]"}
COMMAND: POST /session/324496234919104d937ca92dc3ef2aab/element/f.350099D233706A5CE962F884DCED375A.d.E60045586D59A366BEE39059722FD710.e.19260/click - {}
RESULT: {}
COMMAND: GET /session/324496234919104d937ca92dc3ef2aab/screenshot - {}
RESULT: {}
COMMAND: POST /session/324496234919104d937ca92dc3ef2aab/execute/async - {"script":"<script> [1562 bytes]","args":[{"selector":{"id":"application-managepricingrules-display-component---newInfoPriceItem--daysMonth","interaction":{"idSuffix":"inner"}},"wdio_ui5_key":"applicationmanagepricingrules-display-component---newInfoPriceItem--daysMonth"}]}
RESULT: {"script":"<script> [1562 bytes]","args":[{"selector":{"id":"application-managepricingrules-display-component---newInfoPriceItem--daysMonth","interaction":{"idSuffix":"inner"}},"wdio_ui5_key":"applicationmanagepricingrules-display-component---newInfoPriceItem--daysMonth"}]}
RESULT: undefined
COMMAND: POST /session/324496234919104d937ca92dc3ef2aab/execute/async - {"script":"<script> [776 bytes]","args":[{"enterText":"30","selector":{"id":"application-managepricingrules-display-component---newInfoPriceItem--daysMonth","interaction":{"idSuffix":"inner"}},"clearTextFirst":true,"interactionType":"ENTER_TEXT"}]}
RESULT: {"script":"<script> [776 bytes]","args":[{"enterText":"30","selector":{"id":"application-managepricingrules-display-component---newInfoPriceItem--daysMonth","interaction":{"idSuffix":"inner"}},"clearTextFirst":true,"interactionType":"ENTER_TEXT"}]}
COMMAND: POST /session/324496234919104d937ca92dc3ef2aab/element - {"using":"xpath","value":"//button[@data-kt=\"saveNewRuleButton\"]"}
RESULT: {"using":"xpath","value":"//button[@data-kt=\"saveNewRuleButton\"]"}
COMMAND: POST /session/324496234919104d937ca92dc3ef2aab/element/f.350099D233706A5CE962F884DCED375A.d.E60045586D59A366BEE39059722FD710.e.19262/click - {}
RESULT: {}
COMMAND: GET /session/324496234919104d937ca92dc3ef2aab/screenshot - {}
RESULT: {}
COMMAND: POST /session/324496234919104d937ca92dc3ef2aab/execute/async - {"script":"<script> [1562 bytes]","args":[{"selector":{"id":"application-managepricingrules-display-component---priceInfoItem--smartFilterBar-btnBasicSearch","interaction":{"idSuffix":"I"}},"wdio_ui5_key":"applicationmanagepricingrules-display-component---priceInfoItem--smartFilterBar-btnBasicSearch"}]}
RESULT: {"script":"<script> [1562 bytes]","args":[{"selector":{"id":"application-managepricingrules-display-component---priceInfoItem--smartFilterBar-btnBasicSearch","interaction":{"idSuffix":"I"}},"wdio_ui5_key":"applicationmanagepricingrules-display-component---priceInfoItem--smartFilterBar-btnBasicSearch"}]}
RESULT: undefined
COMMAND: POST /session/324496234919104d937ca92dc3ef2aab/execute/async - {"script":"<script> [776 bytes]","args":[{"enterText":"4yUMDS87tS","selector":{"id":"application-managepricingrules-display-component---priceInfoItem--smartFilterBar-btnBasicSearch","interaction":{"idSuffix":"I"}},"clearTextFirst":true,"interactionType":"ENTER_TEXT"}]}
RESULT: {"script":"<script> [776 bytes]","args":[{"enterText":"4yUMDS87tS","selector":{"id":"application-managepricingrules-display-component---priceInfoItem--smartFilterBar-btnBasicSearch","interaction":{"idSuffix":"I"}},"clearTextFirst":true,"interactionType":"ENTER_TEXT"}]}
COMMAND: POST /session/324496234919104d937ca92dc3ef2aab/actions - {"actions":[{"id":"action71","type":"key","parameters":{},"actions":[{"type":"keyDown","value":""},{"type":"pause","duration":10},{"type":"keyUp","value":""}]}]}
RESULT: {"actions":[{"id":"action71","type":"key","parameters":{},"actions":[{"type":"keyDown","value":""},{"type":"pause","duration":10},{"type":"keyUp","value":""}]}]}
COMMAND: GET /session/324496234919104d937ca92dc3ef2aab/screenshot - {}
RESULT: {}
COMMAND: POST /session/324496234919104d937ca92dc3ef2aab/element - {"using":"xpath","value":"//span[@id=\"application-managepricingrules-display-component---priceInfoItem--smartTable-header-inner\"]"}
RESULT: {"using":"xpath","value":"//span[@id=\"application-managepricingrules-display-component---priceInfoItem--smartTable-header-inner\"]"}
COMMAND: POST /session/324496234919104d937ca92dc3ef2aab/elements - {"using":"xpath","value":"//span[@id=\"application-managepricingrules-display-component---priceInfoItem--smartTable-header-inner\"]"}
RESULT: {"using":"xpath","value":"//span[@id=\"application-managepricingrules-display-component---priceInfoItem--smartTable-header-inner\"]"}
COMMAND: POST /session/324496234919104d937ca92dc3ef2aab/execute/sync - {"script":"<script> [56 bytes]","args":[{"element-6066-11e4-a52e-4f735466cecf":"f.350099D233706A5CE962F884DCED375A.d.E60045586D59A366BEE39059722FD710.e.19285","ELEMENT":"f.350099D233706A5CE962F884DCED375A.d.E60045586D59A366BEE39059722FD710.e.19285"}]}
RESULT: {"script":"<script> [56 bytes]","args":[{"element-6066-11e4-a52e-4f735466cecf":"f.350099D233706A5CE962F884DCED375A.d.E60045586D59A366BEE39059722FD710.e.19285","ELEMENT":"f.350099D233706A5CE962F884DCED375A.d.E60045586D59A366BEE39059722FD710.e.19285"}]}
COMMAND: POST /session/324496234919104d937ca92dc3ef2aab/element - {"using":"css selector","value":"#shell-header-logo"}
COMMAND: GET /session/324496234919104d937ca92dc3ef2aab/screenshot - {}
RESULT: {"using":"css selector","value":"#shell-header-logo"}
COMMAND: POST /session/324496234919104d937ca92dc3ef2aab/element/f.350099D233706A5CE962F884DCED375A.d.E60045586D59A366BEE39059722FD710.e.18446/click - {}
RESULT: {}
RESULT: {}
COMMAND: GET /session/324496234919104d937ca92dc3ef2aab/screenshot - {}
RESULT: {}
]]></system-out>
    </testcase>
    <testcase classname="chrome.136_0_7103_93.windows.Billing_Calculation_-_Time_based_(considering_transport_times)_US139738" name="Should create new pricing condition for the equipment" time="67.015">
      <system-out><![CDATA[
COMMAND: POST /session/324496234919104d937ca92dc3ef2aab/execute/async - {"script":"<script> [1562 bytes]","args":[{"selector":{"controlType":"sap.m.GenericTile","properties":{"header":"Manage Conditions & Prices"}},"wdio_ui5_key":"sapm.GenericTile{\"header\":\"Manage Conditions & Prices\"}"}]}
RESULT: {"script":"<script> [1562 bytes]","args":[{"selector":{"controlType":"sap.m.GenericTile","properties":{"header":"Manage Conditions & Prices"}},"wdio_ui5_key":"sapm.GenericTile{\"header\":\"Manage Conditions & Prices\"}"}]}
RESULT: undefined
COMMAND: POST /session/324496234919104d937ca92dc3ef2aab/element - {"using":"xpath","value":"//*[@id=\"__tile53\"]"}
RESULT: {"using":"xpath","value":"//*[@id=\"__tile53\"]"}
COMMAND: POST /session/324496234919104d937ca92dc3ef2aab/element/f.350099D233706A5CE962F884DCED375A.d.E60045586D59A366BEE39059722FD710.e.18391/click - {}
RESULT: {}
COMMAND: GET /session/324496234919104d937ca92dc3ef2aab/screenshot - {}
RESULT: {}
COMMAND: POST /session/324496234919104d937ca92dc3ef2aab/elements - {"using":"xpath","value":"//span[text()='Error']"}
RESULT: {"using":"xpath","value":"//span[text()='Error']"}
COMMAND: POST /session/324496234919104d937ca92dc3ef2aab/element - {"using":"xpath","value":"//button[@aria-label=\"Create\"]"}
RESULT: {"using":"xpath","value":"//button[@aria-label=\"Create\"]"}
COMMAND: POST /session/324496234919104d937ca92dc3ef2aab/elements - {"using":"xpath","value":"//button[@aria-label=\"Create\"]"}
RESULT: {"using":"xpath","value":"//button[@aria-label=\"Create\"]"}
COMMAND: POST /session/324496234919104d937ca92dc3ef2aab/execute/sync - {"script":"<script> [8489 bytes]","args":[{"element-6066-11e4-a52e-4f735466cecf":"f.350099D233706A5CE962F884DCED375A.d.E60045586D59A366BEE39059722FD710.e.19320","ELEMENT":"f.350099D233706A5CE962F884DCED375A.d.E60045586D59A366BEE39059722FD710.e.19320"}]}
RESULT: {"script":"<script> [8489 bytes]","args":[{"element-6066-11e4-a52e-4f735466cecf":"f.350099D233706A5CE962F884DCED375A.d.E60045586D59A366BEE39059722FD710.e.19320","ELEMENT":"f.350099D233706A5CE962F884DCED375A.d.E60045586D59A366BEE39059722FD710.e.19320"}]}
COMMAND: GET /session/324496234919104d937ca92dc3ef2aab/element/f.350099D233706A5CE962F884DCED375A.d.E60045586D59A366BEE39059722FD710.e.19320/enabled - {}
COMMAND: GET /session/324496234919104d937ca92dc3ef2aab/screenshot - {}
RESULT: {}
COMMAND: POST /session/324496234919104d937ca92dc3ef2aab/execute/sync - {"script":"<script> [8489 bytes]","args":[{"element-6066-11e4-a52e-4f735466cecf":"f.350099D233706A5CE962F884DCED375A.d.E60045586D59A366BEE39059722FD710.e.19320","ELEMENT":"f.350099D233706A5CE962F884DCED375A.d.E60045586D59A366BEE39059722FD710.e.19320"}]}
COMMAND: GET /session/324496234919104d937ca92dc3ef2aab/screenshot - {}
RESULT: {}
RESULT: {"script":"<script> [8489 bytes]","args":[{"element-6066-11e4-a52e-4f735466cecf":"f.350099D233706A5CE962F884DCED375A.d.E60045586D59A366BEE39059722FD710.e.19320","ELEMENT":"f.350099D233706A5CE962F884DCED375A.d.E60045586D59A366BEE39059722FD710.e.19320"}]}
COMMAND: POST /session/324496234919104d937ca92dc3ef2aab/execute/sync - {"script":"<script> [5351 bytes]","args":[{"element-6066-11e4-a52e-4f735466cecf":"f.350099D233706A5CE962F884DCED375A.d.E60045586D59A366BEE39059722FD710.e.19320","ELEMENT":"f.350099D233706A5CE962F884DCED375A.d.E60045586D59A366BEE39059722FD710.e.19320"}]}
COMMAND: GET /session/324496234919104d937ca92dc3ef2aab/screenshot - {}
RESULT: {}
RESULT: {"script":"<script> [5351 bytes]","args":[{"element-6066-11e4-a52e-4f735466cecf":"f.350099D233706A5CE962F884DCED375A.d.E60045586D59A366BEE39059722FD710.e.19320","ELEMENT":"f.350099D233706A5CE962F884DCED375A.d.E60045586D59A366BEE39059722FD710.e.19320"}]}
COMMAND: POST /session/324496234919104d937ca92dc3ef2aab/element/f.350099D233706A5CE962F884DCED375A.d.E60045586D59A366BEE39059722FD710.e.19320/click - {}
COMMAND: GET /session/324496234919104d937ca92dc3ef2aab/screenshot - {}
RESULT: {}
RESULT: {}
COMMAND: GET /session/324496234919104d937ca92dc3ef2aab/screenshot - {}
RESULT: {}
RESULT: {}
COMMAND: POST /session/324496234919104d937ca92dc3ef2aab/actions - {"actions":[{"id":"action72","type":"key","parameters":{},"actions":[{"type":"keyDown","value":""},{"type":"pause","duration":10},{"type":"keyUp","value":""}]}]}
RESULT: {"actions":[{"id":"action72","type":"key","parameters":{},"actions":[{"type":"keyDown","value":""},{"type":"pause","duration":10},{"type":"keyUp","value":""}]}]}
COMMAND: GET /session/324496234919104d937ca92dc3ef2aab/screenshot - {}
RESULT: {}
COMMAND: POST /session/324496234919104d937ca92dc3ef2aab/execute/async - {"script":"<script> [1562 bytes]","args":[{"selector":{"id":"application-manageconditionprice-display-component---newCondition--condBillCond-arrow"},"wdio_ui5_key":"applicationmanageconditionprice-display-component---newCondition--condBillCond-arrow"}]}
RESULT: {"script":"<script> [1562 bytes]","args":[{"selector":{"id":"application-manageconditionprice-display-component---newCondition--condBillCond-arrow"},"wdio_ui5_key":"applicationmanageconditionprice-display-component---newCondition--condBillCond-arrow"}]}
RESULT: undefined
COMMAND: POST /session/324496234919104d937ca92dc3ef2aab/element - {"using":"xpath","value":"//*[@id=\"application-manageconditionprice-display-component---newCondition--condBillCond-arrow\"]"}
RESULT: {"using":"xpath","value":"//*[@id=\"application-manageconditionprice-display-component---newCondition--condBillCond-arrow\"]"}
COMMAND: POST /session/324496234919104d937ca92dc3ef2aab/element/f.350099D233706A5CE962F884DCED375A.d.E60045586D59A366BEE39059722FD710.e.19501/click - {}
RESULT: {}
COMMAND: GET /session/324496234919104d937ca92dc3ef2aab/screenshot - {}
RESULT: {}
COMMAND: POST /session/324496234919104d937ca92dc3ef2aab/element - {"using":"xpath","value":"//li[.//span[contains(text(), \"DISP - D&I special price\")]]"}
RESULT: {"using":"xpath","value":"//li[.//span[contains(text(), \"DISP - D&I special price\")]]"}
COMMAND: POST /session/324496234919104d937ca92dc3ef2aab/element/f.350099D233706A5CE962F884DCED375A.d.E60045586D59A366BEE39059722FD710.e.19504/click - {}
RESULT: {}
COMMAND: GET /session/324496234919104d937ca92dc3ef2aab/screenshot - {}
RESULT: {}
COMMAND: POST /session/324496234919104d937ca92dc3ef2aab/execute/async - {"script":"<script> [1562 bytes]","args":[{"selector":{"id":"application-manageconditionprice-display-component---newCondition--condValidTo","interaction":{"idSuffix":"inner"}},"wdio_ui5_key":"applicationmanageconditionprice-display-component---newCondition--condValidTo"}]}
RESULT: {"script":"<script> [1562 bytes]","args":[{"selector":{"id":"application-manageconditionprice-display-component---newCondition--condValidTo","interaction":{"idSuffix":"inner"}},"wdio_ui5_key":"applicationmanageconditionprice-display-component---newCondition--condValidTo"}]}
RESULT: undefined
COMMAND: POST /session/324496234919104d937ca92dc3ef2aab/execute/async - {"script":"<script> [776 bytes]","args":[{"enterText":"1/23/26","selector":{"id":"application-manageconditionprice-display-component---newCondition--condValidTo","interaction":{"idSuffix":"inner"}},"clearTextFirst":true,"interactionType":"ENTER_TEXT"}]}
RESULT: {"script":"<script> [776 bytes]","args":[{"enterText":"1/23/26","selector":{"id":"application-manageconditionprice-display-component---newCondition--condValidTo","interaction":{"idSuffix":"inner"}},"clearTextFirst":true,"interactionType":"ENTER_TEXT"}]}
COMMAND: POST /session/324496234919104d937ca92dc3ef2aab/element - {"using":"xpath","value":"//input[@id=\"application-manageconditionprice-display-component---newCondition--condRU-inner\"]"}
RESULT: {"using":"xpath","value":"//input[@id=\"application-manageconditionprice-display-component---newCondition--condRU-inner\"]"}
COMMAND: POST /session/324496234919104d937ca92dc3ef2aab/element/f.350099D233706A5CE962F884DCED375A.d.E60045586D59A366BEE39059722FD710.e.19365/clear - {}
RESULT: {}
COMMAND: POST /session/324496234919104d937ca92dc3ef2aab/element/f.350099D233706A5CE962F884DCED375A.d.E60045586D59A366BEE39059722FD710.e.19365/value - {"text":"4yUMDS87tS"}
COMMAND: GET /session/324496234919104d937ca92dc3ef2aab/screenshot - {}
RESULT: {"text":"4yUMDS87tS"}
COMMAND: GET /session/324496234919104d937ca92dc3ef2aab/screenshot - {}
RESULT: {}
RESULT: {}
COMMAND: POST /session/324496234919104d937ca92dc3ef2aab/actions - {"actions":[{"id":"action73","type":"key","parameters":{},"actions":[{"type":"keyDown","value":""},{"type":"pause","duration":10},{"type":"keyUp","value":""}]}]}
RESULT: {"actions":[{"id":"action73","type":"key","parameters":{},"actions":[{"type":"keyDown","value":""},{"type":"pause","duration":10},{"type":"keyUp","value":""}]}]}
COMMAND: POST /session/324496234919104d937ca92dc3ef2aab/execute/async - {"script":"<script> [1562 bytes]","args":[{"selector":{"id":"application-manageconditionprice-display-component---newCondition--condBaseQty","interaction":{"idSuffix":"inner"}},"wdio_ui5_key":"applicationmanageconditionprice-display-component---newCondition--condBaseQty"}]}
COMMAND: GET /session/324496234919104d937ca92dc3ef2aab/screenshot - {}
RESULT: {"script":"<script> [1562 bytes]","args":[{"selector":{"id":"application-manageconditionprice-display-component---newCondition--condBaseQty","interaction":{"idSuffix":"inner"}},"wdio_ui5_key":"applicationmanageconditionprice-display-component---newCondition--condBaseQty"}]}
RESULT: undefined
COMMAND: POST /session/324496234919104d937ca92dc3ef2aab/execute/async - {"script":"<script> [776 bytes]","args":[{"enterText":"1","selector":{"id":"application-manageconditionprice-display-component---newCondition--condBaseQty","interaction":{"idSuffix":"inner"}},"clearTextFirst":true,"interactionType":"ENTER_TEXT"}]}
RESULT: {}
RESULT: {"script":"<script> [776 bytes]","args":[{"enterText":"1","selector":{"id":"application-manageconditionprice-display-component---newCondition--condBaseQty","interaction":{"idSuffix":"inner"}},"clearTextFirst":true,"interactionType":"ENTER_TEXT"}]}
COMMAND: POST /session/324496234919104d937ca92dc3ef2aab/execute/async - {"script":"<script> [1562 bytes]","args":[{"selector":{"id":"application-manageconditionprice-display-component---newCondition--condValue","interaction":{"idSuffix":"inner"}},"wdio_ui5_key":"applicationmanageconditionprice-display-component---newCondition--condValue"}]}
RESULT: {"script":"<script> [1562 bytes]","args":[{"selector":{"id":"application-manageconditionprice-display-component---newCondition--condValue","interaction":{"idSuffix":"inner"}},"wdio_ui5_key":"applicationmanageconditionprice-display-component---newCondition--condValue"}]}
RESULT: undefined
COMMAND: POST /session/324496234919104d937ca92dc3ef2aab/execute/async - {"script":"<script> [776 bytes]","args":[{"enterText":"100","selector":{"id":"application-manageconditionprice-display-component---newCondition--condValue","interaction":{"idSuffix":"inner"}},"clearTextFirst":true,"interactionType":"ENTER_TEXT"}]}
RESULT: {"script":"<script> [776 bytes]","args":[{"enterText":"100","selector":{"id":"application-manageconditionprice-display-component---newCondition--condValue","interaction":{"idSuffix":"inner"}},"clearTextFirst":true,"interactionType":"ENTER_TEXT"}]}
COMMAND: POST /session/324496234919104d937ca92dc3ef2aab/execute/async - {"script":"<script> [1562 bytes]","args":[{"selector":{"id":"application-manageconditionprice-display-component---newCondition--condCurr-arrow"},"wdio_ui5_key":"applicationmanageconditionprice-display-component---newCondition--condCurr-arrow"}]}
RESULT: {"script":"<script> [1562 bytes]","args":[{"selector":{"id":"application-manageconditionprice-display-component---newCondition--condCurr-arrow"},"wdio_ui5_key":"applicationmanageconditionprice-display-component---newCondition--condCurr-arrow"}]}
RESULT: undefined
COMMAND: POST /session/324496234919104d937ca92dc3ef2aab/element - {"using":"xpath","value":"//*[@id=\"application-manageconditionprice-display-component---newCondition--condCurr-arrow\"]"}
RESULT: {"using":"xpath","value":"//*[@id=\"application-manageconditionprice-display-component---newCondition--condCurr-arrow\"]"}
COMMAND: POST /session/324496234919104d937ca92dc3ef2aab/element/f.350099D233706A5CE962F884DCED375A.d.E60045586D59A366BEE39059722FD710.e.19483/click - {}
RESULT: {}
COMMAND: POST /session/324496234919104d937ca92dc3ef2aab/element - {"using":"xpath","value":"//span[contains(text(), \"Euro\")]"}
COMMAND: GET /session/324496234919104d937ca92dc3ef2aab/screenshot - {}
RESULT: {"using":"xpath","value":"//span[contains(text(), \"Euro\")]"}
COMMAND: POST /session/324496234919104d937ca92dc3ef2aab/element/f.350099D233706A5CE962F884DCED375A.d.E60045586D59A366BEE39059722FD710.e.19541/click - {}
RESULT: {}
RESULT: {}
COMMAND: POST /session/324496234919104d937ca92dc3ef2aab/element - {"using":"xpath","value":"//button[@data-kt=\"saveButton\"]"}
COMMAND: GET /session/324496234919104d937ca92dc3ef2aab/screenshot - {}
RESULT: {"using":"xpath","value":"//button[@data-kt=\"saveButton\"]"}
COMMAND: POST /session/324496234919104d937ca92dc3ef2aab/element/f.350099D233706A5CE962F884DCED375A.d.E60045586D59A366BEE39059722FD710.e.19484/click - {}
RESULT: {}
RESULT: {}
COMMAND: GET /session/324496234919104d937ca92dc3ef2aab/screenshot - {}
RESULT: {}
COMMAND: POST /session/324496234919104d937ca92dc3ef2aab/execute/async - {"script":"<script> [1562 bytes]","args":[{"selector":{"id":"application-manageconditionprice-display-component---conditions--smartFilterBar-btnBasicSearch","interaction":{"idSuffix":"I"}},"wdio_ui5_key":"applicationmanageconditionprice-display-component---conditions--smartFilterBar-btnBasicSearch"}]}
RESULT: {"script":"<script> [1562 bytes]","args":[{"selector":{"id":"application-manageconditionprice-display-component---conditions--smartFilterBar-btnBasicSearch","interaction":{"idSuffix":"I"}},"wdio_ui5_key":"applicationmanageconditionprice-display-component---conditions--smartFilterBar-btnBasicSearch"}]}
RESULT: undefined
COMMAND: POST /session/324496234919104d937ca92dc3ef2aab/execute/async - {"script":"<script> [776 bytes]","args":[{"enterText":"4yUMDS87tS","selector":{"id":"application-manageconditionprice-display-component---conditions--smartFilterBar-btnBasicSearch","interaction":{"idSuffix":"I"}},"clearTextFirst":true,"interactionType":"ENTER_TEXT"}]}
RESULT: {"script":"<script> [776 bytes]","args":[{"enterText":"4yUMDS87tS","selector":{"id":"application-manageconditionprice-display-component---conditions--smartFilterBar-btnBasicSearch","interaction":{"idSuffix":"I"}},"clearTextFirst":true,"interactionType":"ENTER_TEXT"}]}
COMMAND: POST /session/324496234919104d937ca92dc3ef2aab/actions - {"actions":[{"id":"action74","type":"key","parameters":{},"actions":[{"type":"keyDown","value":""},{"type":"pause","duration":10},{"type":"keyUp","value":""}]}]}
RESULT: {"actions":[{"id":"action74","type":"key","parameters":{},"actions":[{"type":"keyDown","value":""},{"type":"pause","duration":10},{"type":"keyUp","value":""}]}]}
COMMAND: GET /session/324496234919104d937ca92dc3ef2aab/screenshot - {}
RESULT: {}
COMMAND: POST /session/324496234919104d937ca92dc3ef2aab/execute/async - {"script":"<script> [1562 bytes]","args":[{"selector":{"id":"application-manageconditionprice-display-component---conditions--smartFilterBar-filterItemControl_BASIC-BILL_TYPES-vhi"},"wdio_ui5_key":"applicationmanageconditionprice-display-component---conditions--smartFilterBar-filterItemControl_BASIC-BILL_TYPES-vhi"}]}
RESULT: {"script":"<script> [1562 bytes]","args":[{"selector":{"id":"application-manageconditionprice-display-component---conditions--smartFilterBar-filterItemControl_BASIC-BILL_TYPES-vhi"},"wdio_ui5_key":"applicationmanageconditionprice-display-component---conditions--smartFilterBar-filterItemControl_BASIC-BILL_TYPES-vhi"}]}
RESULT: undefined
COMMAND: POST /session/324496234919104d937ca92dc3ef2aab/element - {"using":"xpath","value":"//*[@id=\"application-manageconditionprice-display-component---conditions--smartFilterBar-filterItemControl_BASIC-BILL_TYPES-vhi\"]"}
RESULT: {"using":"xpath","value":"//*[@id=\"application-manageconditionprice-display-component---conditions--smartFilterBar-filterItemControl_BASIC-BILL_TYPES-vhi\"]"}
COMMAND: POST /session/324496234919104d937ca92dc3ef2aab/element/f.350099D233706A5CE962F884DCED375A.d.E60045586D59A366BEE39059722FD710.e.19647/click - {}
RESULT: {}
COMMAND: POST /session/324496234919104d937ca92dc3ef2aab/execute/async - {"script":"<script> [1562 bytes]","args":[{"selector":{"id":"application-manageconditionprice-display-component---conditions--smartFilterBar-filterItemControl_BASIC-BILL_TYPES-valueHelpDialog-smartFilterBar-btnBasicSearch","searchOpenDialogs":true,"interaction":{"idSuffix":"I"}},"wdio_ui5_key":"applicationmanageconditionprice-display-component---conditions--smartFilterBar-filterItemControl_BASIC-BILL_TYPES-valueHelpDialog-smartFilterBar-btnBasicSearch"}]}
COMMAND: GET /session/324496234919104d937ca92dc3ef2aab/screenshot - {}
RESULT: {"script":"<script> [1562 bytes]","args":[{"selector":{"id":"application-manageconditionprice-display-component---conditions--smartFilterBar-filterItemControl_BASIC-BILL_TYPES-valueHelpDialog-smartFilterBar-btnBasicSearch","searchOpenDialogs":true,"interaction":{"idSuffix":"I"}},"wdio_ui5_key":"applicationmanageconditionprice-display-component---conditions--smartFilterBar-filterItemControl_BASIC-BILL_TYPES-valueHelpDialog-smartFilterBar-btnBasicSearch"}]}
RESULT: undefined
COMMAND: POST /session/324496234919104d937ca92dc3ef2aab/execute/async - {"script":"<script> [776 bytes]","args":[{"enterText":"TB","selector":{"id":"application-manageconditionprice-display-component---conditions--smartFilterBar-filterItemControl_BASIC-BILL_TYPES-valueHelpDialog-smartFilterBar-btnBasicSearch","searchOpenDialogs":true,"interaction":{"idSuffix":"I"}},"clearTextFirst":true,"interactionType":"ENTER_TEXT"}]}
RESULT: {}
RESULT: {"script":"<script> [776 bytes]","args":[{"enterText":"TB","selector":{"id":"application-manageconditionprice-display-component---conditions--smartFilterBar-filterItemControl_BASIC-BILL_TYPES-valueHelpDialog-smartFilterBar-btnBasicSearch","searchOpenDialogs":true,"interaction":{"idSuffix":"I"}},"clearTextFirst":true,"interactionType":"ENTER_TEXT"}]}
COMMAND: POST /session/324496234919104d937ca92dc3ef2aab/actions - {"actions":[{"id":"action75","type":"key","parameters":{},"actions":[{"type":"keyDown","value":""},{"type":"pause","duration":10},{"type":"keyUp","value":""}]}]}
RESULT: {"actions":[{"id":"action75","type":"key","parameters":{},"actions":[{"type":"keyDown","value":""},{"type":"pause","duration":10},{"type":"keyUp","value":""}]}]}
COMMAND: GET /session/324496234919104d937ca92dc3ef2aab/screenshot - {}
RESULT: {}
COMMAND: POST /session/324496234919104d937ca92dc3ef2aab/element - {"using":"xpath","value":"//div[contains(@id, 'application-manageconditionprice-display-component---conditions--smartFilterBar-filterItemControl_BASIC-BILL_TYPES-valueHelpDialog-table-rowsel0')]"}
RESULT: {"using":"xpath","value":"//div[contains(@id, 'application-manageconditionprice-display-component---conditions--smartFilterBar-filterItemControl_BASIC-BILL_TYPES-valueHelpDialog-table-rowsel0')]"}
COMMAND: POST /session/324496234919104d937ca92dc3ef2aab/element/f.350099D233706A5CE962F884DCED375A.d.E60045586D59A366BEE39059722FD710.e.19657/click - {}
RESULT: {}
COMMAND: GET /session/324496234919104d937ca92dc3ef2aab/screenshot - {}
RESULT: {}
COMMAND: POST /session/324496234919104d937ca92dc3ef2aab/element - {"using":"xpath","value":"//bdi[contains(text(), \"OK\")]"}
RESULT: {"using":"xpath","value":"//bdi[contains(text(), \"OK\")]"}
COMMAND: POST /session/324496234919104d937ca92dc3ef2aab/element/f.350099D233706A5CE962F884DCED375A.d.E60045586D59A366BEE39059722FD710.e.19659/click - {}
RESULT: {}
COMMAND: GET /session/324496234919104d937ca92dc3ef2aab/screenshot - {}
RESULT: {}
COMMAND: POST /session/324496234919104d937ca92dc3ef2aab/element - {"using":"xpath","value":"//span[@id=\"application-manageconditionprice-display-component---conditions--smartTable-header-inner\"]"}
RESULT: {"using":"xpath","value":"//span[@id=\"application-manageconditionprice-display-component---conditions--smartTable-header-inner\"]"}
COMMAND: POST /session/324496234919104d937ca92dc3ef2aab/elements - {"using":"xpath","value":"//span[@id=\"application-manageconditionprice-display-component---conditions--smartTable-header-inner\"]"}
RESULT: {"using":"xpath","value":"//span[@id=\"application-manageconditionprice-display-component---conditions--smartTable-header-inner\"]"}
COMMAND: POST /session/324496234919104d937ca92dc3ef2aab/execute/sync - {"script":"<script> [56 bytes]","args":[{"element-6066-11e4-a52e-4f735466cecf":"f.350099D233706A5CE962F884DCED375A.d.E60045586D59A366BEE39059722FD710.e.19662","ELEMENT":"f.350099D233706A5CE962F884DCED375A.d.E60045586D59A366BEE39059722FD710.e.19662"}]}
RESULT: {"script":"<script> [56 bytes]","args":[{"element-6066-11e4-a52e-4f735466cecf":"f.350099D233706A5CE962F884DCED375A.d.E60045586D59A366BEE39059722FD710.e.19662","ELEMENT":"f.350099D233706A5CE962F884DCED375A.d.E60045586D59A366BEE39059722FD710.e.19662"}]}
COMMAND: POST /session/324496234919104d937ca92dc3ef2aab/element - {"using":"css selector","value":"#shell-header-logo"}
COMMAND: GET /session/324496234919104d937ca92dc3ef2aab/screenshot - {}
RESULT: {"using":"css selector","value":"#shell-header-logo"}
COMMAND: POST /session/324496234919104d937ca92dc3ef2aab/element/f.350099D233706A5CE962F884DCED375A.d.E60045586D59A366BEE39059722FD710.e.19288/click - {}
RESULT: {}
RESULT: {}
COMMAND: GET /session/324496234919104d937ca92dc3ef2aab/screenshot - {}
RESULT: {}
]]></system-out>
    </testcase>
    <testcase classname="chrome.136_0_7103_93.windows.Billing_Calculation_-_Time_based_(considering_transport_times)_US139738" name="Should do a stock increase for the equipment" time="103.847">
      <system-out><![CDATA[
COMMAND: POST /session/324496234919104d937ca92dc3ef2aab/execute/async - {"script":"<script> [1562 bytes]","args":[{"selector":{"controlType":"sap.m.GenericTile","properties":{"header":"Manage Handovers"}},"wdio_ui5_key":"sapm.GenericTile{\"header\":\"Manage Handovers\"}"}]}
RESULT: {"script":"<script> [1562 bytes]","args":[{"selector":{"controlType":"sap.m.GenericTile","properties":{"header":"Manage Handovers"}},"wdio_ui5_key":"sapm.GenericTile{\"header\":\"Manage Handovers\"}"}]}
RESULT: undefined
COMMAND: POST /session/324496234919104d937ca92dc3ef2aab/element - {"using":"xpath","value":"//*[@id=\"__tile132\"]"}
RESULT: {"using":"xpath","value":"//*[@id=\"__tile132\"]"}
COMMAND: POST /session/324496234919104d937ca92dc3ef2aab/element/f.350099D233706A5CE962F884DCED375A.d.E60045586D59A366BEE39059722FD710.e.18419/click - {}
RESULT: {}
COMMAND: GET /session/324496234919104d937ca92dc3ef2aab/screenshot - {}
RESULT: {}
COMMAND: POST /session/324496234919104d937ca92dc3ef2aab/elements - {"using":"xpath","value":"//span[text()='Error']"}
RESULT: {"using":"xpath","value":"//span[text()='Error']"}
COMMAND: POST /session/324496234919104d937ca92dc3ef2aab/element - {"using":"xpath","value":"//button[@data-kt=\"masterHOAddButton\"]"}
RESULT: {"using":"xpath","value":"//button[@data-kt=\"masterHOAddButton\"]"}
COMMAND: POST /session/324496234919104d937ca92dc3ef2aab/elements - {"using":"xpath","value":"//button[@data-kt=\"masterHOAddButton\"]"}
RESULT: {"using":"xpath","value":"//button[@data-kt=\"masterHOAddButton\"]"}
COMMAND: POST /session/324496234919104d937ca92dc3ef2aab/execute/sync - {"script":"<script> [8489 bytes]","args":[{"element-6066-11e4-a52e-4f735466cecf":"f.350099D233706A5CE962F884DCED375A.d.E60045586D59A366BEE39059722FD710.e.19696","ELEMENT":"f.350099D233706A5CE962F884DCED375A.d.E60045586D59A366BEE39059722FD710.e.19696"}]}
RESULT: {"script":"<script> [8489 bytes]","args":[{"element-6066-11e4-a52e-4f735466cecf":"f.350099D233706A5CE962F884DCED375A.d.E60045586D59A366BEE39059722FD710.e.19696","ELEMENT":"f.350099D233706A5CE962F884DCED375A.d.E60045586D59A366BEE39059722FD710.e.19696"}]}
COMMAND: GET /session/324496234919104d937ca92dc3ef2aab/element/f.350099D233706A5CE962F884DCED375A.d.E60045586D59A366BEE39059722FD710.e.19696/enabled - {}
COMMAND: GET /session/324496234919104d937ca92dc3ef2aab/screenshot - {}
RESULT: {}
COMMAND: POST /session/324496234919104d937ca92dc3ef2aab/execute/sync - {"script":"<script> [8489 bytes]","args":[{"element-6066-11e4-a52e-4f735466cecf":"f.350099D233706A5CE962F884DCED375A.d.E60045586D59A366BEE39059722FD710.e.19696","ELEMENT":"f.350099D233706A5CE962F884DCED375A.d.E60045586D59A366BEE39059722FD710.e.19696"}]}
COMMAND: GET /session/324496234919104d937ca92dc3ef2aab/screenshot - {}
RESULT: {}
RESULT: {"script":"<script> [8489 bytes]","args":[{"element-6066-11e4-a52e-4f735466cecf":"f.350099D233706A5CE962F884DCED375A.d.E60045586D59A366BEE39059722FD710.e.19696","ELEMENT":"f.350099D233706A5CE962F884DCED375A.d.E60045586D59A366BEE39059722FD710.e.19696"}]}
COMMAND: POST /session/324496234919104d937ca92dc3ef2aab/execute/sync - {"script":"<script> [5351 bytes]","args":[{"element-6066-11e4-a52e-4f735466cecf":"f.350099D233706A5CE962F884DCED375A.d.E60045586D59A366BEE39059722FD710.e.19696","ELEMENT":"f.350099D233706A5CE962F884DCED375A.d.E60045586D59A366BEE39059722FD710.e.19696"}]}
COMMAND: GET /session/324496234919104d937ca92dc3ef2aab/screenshot - {}
RESULT: {}
RESULT: {"script":"<script> [5351 bytes]","args":[{"element-6066-11e4-a52e-4f735466cecf":"f.350099D233706A5CE962F884DCED375A.d.E60045586D59A366BEE39059722FD710.e.19696","ELEMENT":"f.350099D233706A5CE962F884DCED375A.d.E60045586D59A366BEE39059722FD710.e.19696"}]}
COMMAND: POST /session/324496234919104d937ca92dc3ef2aab/element/f.350099D233706A5CE962F884DCED375A.d.E60045586D59A366BEE39059722FD710.e.19696/click - {}
COMMAND: GET /session/324496234919104d937ca92dc3ef2aab/screenshot - {}
RESULT: {}
RESULT: {}
COMMAND: GET /session/324496234919104d937ca92dc3ef2aab/screenshot - {}
RESULT: {}
COMMAND: POST /session/324496234919104d937ca92dc3ef2aab/element - {"using":"xpath","value":"//span[contains(@id ,\"AddNewHO--typeSelect-arrow\")]"}
RESULT: {}
RESULT: {"using":"xpath","value":"//span[contains(@id ,\"AddNewHO--typeSelect-arrow\")]"}
COMMAND: POST /session/324496234919104d937ca92dc3ef2aab/element/f.350099D233706A5CE962F884DCED375A.d.E60045586D59A366BEE39059722FD710.e.20057/click - {}
RESULT: {}
COMMAND: GET /session/324496234919104d937ca92dc3ef2aab/screenshot - {}
RESULT: {}
COMMAND: POST /session/324496234919104d937ca92dc3ef2aab/element - {"using":"xpath","value":"(//li[contains(text(), \"stock increase yard\")])[1]"}
RESULT: {"using":"xpath","value":"(//li[contains(text(), \"stock increase yard\")])[1]"}
COMMAND: POST /session/324496234919104d937ca92dc3ef2aab/element/f.350099D233706A5CE962F884DCED375A.d.E60045586D59A366BEE39059722FD710.e.20058/click - {}
RESULT: {}
COMMAND: GET /session/324496234919104d937ca92dc3ef2aab/screenshot - {}
RESULT: {}
COMMAND: POST /session/324496234919104d937ca92dc3ef2aab/execute/async - {"script":"<script> [1562 bytes]","args":[{"selector":{"id":"application-managehandovers-display-component---AddNewHO--dueDate","interaction":{"idSuffix":"inner"}},"wdio_ui5_key":"applicationmanagehandovers-display-component---AddNewHO--dueDate"}]}
RESULT: {"script":"<script> [1562 bytes]","args":[{"selector":{"id":"application-managehandovers-display-component---AddNewHO--dueDate","interaction":{"idSuffix":"inner"}},"wdio_ui5_key":"applicationmanagehandovers-display-component---AddNewHO--dueDate"}]}
RESULT: undefined
COMMAND: POST /session/324496234919104d937ca92dc3ef2aab/execute/async - {"script":"<script> [6424 bytes]","args":[{"element-6066-11e4-a52e-4f735466cecf":"f.350099D233706A5CE962F884DCED375A.d.E60045586D59A366BEE39059722FD710.e.20060"},"setValue",["5/23/25"]]}
RESULT: {"script":"<script> [6424 bytes]","args":[{"element-6066-11e4-a52e-4f735466cecf":"f.350099D233706A5CE962F884DCED375A.d.E60045586D59A366BEE39059722FD710.e.20060"},"setValue",["5/23/25"]]}
COMMAND: POST /session/324496234919104d937ca92dc3ef2aab/element - {"using":"xpath","value":"//input[@id=\"generalSectionFrg--receiveYard-inner\"]"}
RESULT: {"using":"xpath","value":"//input[@id=\"generalSectionFrg--receiveYard-inner\"]"}
COMMAND: POST /session/324496234919104d937ca92dc3ef2aab/element/f.350099D233706A5CE962F884DCED375A.d.E60045586D59A366BEE39059722FD710.e.20066/clear - {}
RESULT: {}
COMMAND: POST /session/324496234919104d937ca92dc3ef2aab/element/f.350099D233706A5CE962F884DCED375A.d.E60045586D59A366BEE39059722FD710.e.20066/value - {"text":"230"}
COMMAND: GET /session/324496234919104d937ca92dc3ef2aab/screenshot - {}
RESULT: {"text":"230"}
COMMAND: GET /session/324496234919104d937ca92dc3ef2aab/screenshot - {}
RESULT: {}
RESULT: {}
COMMAND: POST /session/324496234919104d937ca92dc3ef2aab/element - {"using":"xpath","value":"//li[.//span[text()='230']]"}
RESULT: {"using":"xpath","value":"//li[.//span[text()='230']]"}
COMMAND: POST /session/324496234919104d937ca92dc3ef2aab/element/f.350099D233706A5CE962F884DCED375A.d.E60045586D59A366BEE39059722FD710.e.20084/click - {}
RESULT: {}
COMMAND: GET /session/324496234919104d937ca92dc3ef2aab/screenshot - {}
COMMAND: POST /session/324496234919104d937ca92dc3ef2aab/execute/async - {"script":"<script> [1562 bytes]","args":[{"selector":{"id":"application-managehandovers-display-component---AddNewHO--ObjectPageLayout-anchBar-application-managehandovers-display-component---AddNewHO--section4-anchor","interaction":{"idSuffix":"BDI-content"}},"wdio_ui5_key":"applicationmanagehandovers-display-component---AddNewHO--ObjectPageLayout-anchBar-application-managehandovers-display-component---AddNewHO--section4-anchor"}]}
RESULT: {}
RESULT: {"script":"<script> [1562 bytes]","args":[{"selector":{"id":"application-managehandovers-display-component---AddNewHO--ObjectPageLayout-anchBar-application-managehandovers-display-component---AddNewHO--section4-anchor","interaction":{"idSuffix":"BDI-content"}},"wdio_ui5_key":"applicationmanagehandovers-display-component---AddNewHO--ObjectPageLayout-anchBar-application-managehandovers-display-component---AddNewHO--section4-anchor"}]}
RESULT: undefined
COMMAND: POST /session/324496234919104d937ca92dc3ef2aab/element - {"using":"xpath","value":"//*[@id=\"application-managehandovers-display-component---AddNewHO--ObjectPageLayout-anchBar-application-managehandovers-display-component---AddNewHO--section4-anchor\"]"}
RESULT: {"using":"xpath","value":"//*[@id=\"application-managehandovers-display-component---AddNewHO--ObjectPageLayout-anchBar-application-managehandovers-display-component---AddNewHO--section4-anchor\"]"}
COMMAND: POST /session/324496234919104d937ca92dc3ef2aab/element/f.350099D233706A5CE962F884DCED375A.d.E60045586D59A366BEE39059722FD710.e.20086/click - {}
RESULT: {}
COMMAND: POST /session/324496234919104d937ca92dc3ef2aab/element - {"using":"xpath","value":"//button[@aria-label=\"Add\"]"}
COMMAND: GET /session/324496234919104d937ca92dc3ef2aab/screenshot - {}
RESULT: {"using":"xpath","value":"//button[@aria-label=\"Add\"]"}
COMMAND: POST /session/324496234919104d937ca92dc3ef2aab/element/f.350099D233706A5CE962F884DCED375A.d.E60045586D59A366BEE39059722FD710.e.20090/click - {}
RESULT: {}
RESULT: {}
COMMAND: GET /session/324496234919104d937ca92dc3ef2aab/screenshot - {}
COMMAND: POST /session/324496234919104d937ca92dc3ef2aab/execute/async - {"script":"<script> [1562 bytes]","args":[{"selector":{"id":"application-managehandovers-display-component---AddNewHO--smartFilterBar-btnBasicSearch","searchOpenDialogs":true,"interaction":{"idSuffix":"I"}},"wdio_ui5_key":"applicationmanagehandovers-display-component---AddNewHO--smartFilterBar-btnBasicSearch"}]}
RESULT: {}
RESULT: {"script":"<script> [1562 bytes]","args":[{"selector":{"id":"application-managehandovers-display-component---AddNewHO--smartFilterBar-btnBasicSearch","searchOpenDialogs":true,"interaction":{"idSuffix":"I"}},"wdio_ui5_key":"applicationmanagehandovers-display-component---AddNewHO--smartFilterBar-btnBasicSearch"}]}
RESULT: undefined
COMMAND: POST /session/324496234919104d937ca92dc3ef2aab/execute/async - {"script":"<script> [776 bytes]","args":[{"enterText":"4yUMDS87tS","selector":{"id":"application-managehandovers-display-component---AddNewHO--smartFilterBar-btnBasicSearch","searchOpenDialogs":true,"interaction":{"idSuffix":"I"}},"clearTextFirst":true,"interactionType":"ENTER_TEXT"}]}
RESULT: {"script":"<script> [776 bytes]","args":[{"enterText":"4yUMDS87tS","selector":{"id":"application-managehandovers-display-component---AddNewHO--smartFilterBar-btnBasicSearch","searchOpenDialogs":true,"interaction":{"idSuffix":"I"}},"clearTextFirst":true,"interactionType":"ENTER_TEXT"}]}
COMMAND: POST /session/324496234919104d937ca92dc3ef2aab/actions - {"actions":[{"id":"action76","type":"key","parameters":{},"actions":[{"type":"keyDown","value":""},{"type":"pause","duration":10},{"type":"keyUp","value":""}]}]}
RESULT: {"actions":[{"id":"action76","type":"key","parameters":{},"actions":[{"type":"keyDown","value":""},{"type":"pause","duration":10},{"type":"keyUp","value":""}]}]}
COMMAND: GET /session/324496234919104d937ca92dc3ef2aab/screenshot - {}
RESULT: {}
COMMAND: POST /session/324496234919104d937ca92dc3ef2aab/execute/async - {"script":"<script> [1562 bytes]","args":[{"selector":{"id":"application-managehandovers-display-component---AddNewHO--popup-sa","searchOpenDialogs":true,"interaction":{"idSuffix":"CbBg"}},"wdio_ui5_key":"applicationmanagehandovers-display-component---AddNewHO--popup-sa"}]}
RESULT: {"script":"<script> [1562 bytes]","args":[{"selector":{"id":"application-managehandovers-display-component---AddNewHO--popup-sa","searchOpenDialogs":true,"interaction":{"idSuffix":"CbBg"}},"wdio_ui5_key":"applicationmanagehandovers-display-component---AddNewHO--popup-sa"}]}
RESULT: undefined
COMMAND: POST /session/324496234919104d937ca92dc3ef2aab/element - {"using":"xpath","value":"//*[@id=\"application-managehandovers-display-component---AddNewHO--popup-sa\"]"}
RESULT: {"using":"xpath","value":"//*[@id=\"application-managehandovers-display-component---AddNewHO--popup-sa\"]"}
COMMAND: POST /session/324496234919104d937ca92dc3ef2aab/element/f.350099D233706A5CE962F884DCED375A.d.E60045586D59A366BEE39059722FD710.e.20245/click - {}
RESULT: {}
COMMAND: GET /session/324496234919104d937ca92dc3ef2aab/screenshot - {}
RESULT: {}
COMMAND: POST /session/324496234919104d937ca92dc3ef2aab/element - {"using":"xpath","value":"//bdi[contains(text(), \"Select\")]"}
RESULT: {"using":"xpath","value":"//bdi[contains(text(), \"Select\")]"}
COMMAND: POST /session/324496234919104d937ca92dc3ef2aab/element/f.350099D233706A5CE962F884DCED375A.d.E60045586D59A366BEE39059722FD710.e.20246/click - {}
RESULT: {}
COMMAND: GET /session/324496234919104d937ca92dc3ef2aab/screenshot - {}
RESULT: {}
COMMAND: POST /session/324496234919104d937ca92dc3ef2aab/element - {"using":"xpath","value":"//button[@data-kt=\"AddNewHOSaveButton\"]"}
RESULT: {"using":"xpath","value":"//button[@data-kt=\"AddNewHOSaveButton\"]"}
COMMAND: POST /session/324496234919104d937ca92dc3ef2aab/element/f.350099D233706A5CE962F884DCED375A.d.E60045586D59A366BEE39059722FD710.e.20250/click - {}
RESULT: {}
COMMAND: GET /session/324496234919104d937ca92dc3ef2aab/screenshot - {}
RESULT: {}
COMMAND: POST /session/324496234919104d937ca92dc3ef2aab/execute/async - {"script":"<script> [1562 bytes]","args":[{"selector":{"id":"receiptDatePicker","viewName":"etm.portal.ui.managehandovers.view.DetailExecuteHO","interaction":{"idSuffix":"inner"}},"wdio_ui5_key":"receiptDatePickeretmportal.ui.managehandovers.view.DetailExecuteHO"}]}
RESULT: {"script":"<script> [1562 bytes]","args":[{"selector":{"id":"receiptDatePicker","viewName":"etm.portal.ui.managehandovers.view.DetailExecuteHO","interaction":{"idSuffix":"inner"}},"wdio_ui5_key":"receiptDatePickeretmportal.ui.managehandovers.view.DetailExecuteHO"}]}
RESULT: undefined
COMMAND: POST /session/324496234919104d937ca92dc3ef2aab/execute/async - {"script":"<script> [6424 bytes]","args":[{"element-6066-11e4-a52e-4f735466cecf":"f.350099D233706A5CE962F884DCED375A.d.E60045586D59A366BEE39059722FD710.e.20278"},"setValue",["5/23/25"]]}
RESULT: {"script":"<script> [6424 bytes]","args":[{"element-6066-11e4-a52e-4f735466cecf":"f.350099D233706A5CE962F884DCED375A.d.E60045586D59A366BEE39059722FD710.e.20278"},"setValue",["5/23/25"]]}
COMMAND: POST /session/324496234919104d937ca92dc3ef2aab/element - {"using":"xpath","value":"//button[@data-kt=\"ReceivingTableConfirmAllButton\"]"}
RESULT: {"using":"xpath","value":"//button[@data-kt=\"ReceivingTableConfirmAllButton\"]"}
COMMAND: POST /session/324496234919104d937ca92dc3ef2aab/element/f.350099D233706A5CE962F884DCED375A.d.E60045586D59A366BEE39059722FD710.e.20293/click - {}
RESULT: {}
COMMAND: GET /session/324496234919104d937ca92dc3ef2aab/screenshot - {}
RESULT: {}
COMMAND: POST /session/324496234919104d937ca92dc3ef2aab/element - {"using":"xpath","value":"//bdi[contains(text(), \"OK\")]"}
RESULT: {"using":"xpath","value":"//bdi[contains(text(), \"OK\")]"}
COMMAND: POST /session/324496234919104d937ca92dc3ef2aab/element/f.350099D233706A5CE962F884DCED375A.d.E60045586D59A366BEE39059722FD710.e.20295/click - {}
RESULT: {}
COMMAND: GET /session/324496234919104d937ca92dc3ef2aab/screenshot - {}
RESULT: {}
COMMAND: POST /session/324496234919104d937ca92dc3ef2aab/element - {"using":"xpath","value":"(//bdi[contains(text(), \"Receive\")])[2]"}
RESULT: {"using":"xpath","value":"(//bdi[contains(text(), \"Receive\")])[2]"}
COMMAND: POST /session/324496234919104d937ca92dc3ef2aab/element/f.350099D233706A5CE962F884DCED375A.d.E60045586D59A366BEE39059722FD710.e.20297/click - {}
RESULT: {}
COMMAND: GET /session/324496234919104d937ca92dc3ef2aab/screenshot - {}
RESULT: {}
COMMAND: POST /session/324496234919104d937ca92dc3ef2aab/element - {"using":"css selector","value":"#shell-header-logo"}
RESULT: {"using":"css selector","value":"#shell-header-logo"}
COMMAND: POST /session/324496234919104d937ca92dc3ef2aab/element/f.350099D233706A5CE962F884DCED375A.d.E60045586D59A366BEE39059722FD710.e.19668/click - {}
RESULT: {}
COMMAND: GET /session/324496234919104d937ca92dc3ef2aab/screenshot - {}
RESULT: {}
]]></system-out>
    </testcase>
    <testcase classname="chrome.136_0_7103_93.windows.Billing_Calculation_-_Time_based_(considering_transport_times)_US139738" name="Should create a new contract" time="65.694">
      <system-out><![CDATA[
COMMAND: POST /session/324496234919104d937ca92dc3ef2aab/execute/async - {"script":"<script> [1562 bytes]","args":[{"selector":{"controlType":"sap.m.GenericTile","properties":{"header":"Manage Contracts"}},"wdio_ui5_key":"sapm.GenericTile{\"header\":\"Manage Contracts\"}"}]}
RESULT: {"script":"<script> [1562 bytes]","args":[{"selector":{"controlType":"sap.m.GenericTile","properties":{"header":"Manage Contracts"}},"wdio_ui5_key":"sapm.GenericTile{\"header\":\"Manage Contracts\"}"}]}
RESULT: undefined
COMMAND: POST /session/324496234919104d937ca92dc3ef2aab/element - {"using":"xpath","value":"//*[@id=\"__tile131\"]"}
RESULT: {"using":"xpath","value":"//*[@id=\"__tile131\"]"}
COMMAND: POST /session/324496234919104d937ca92dc3ef2aab/element/f.350099D233706A5CE962F884DCED375A.d.E60045586D59A366BEE39059722FD710.e.18332/click - {}
RESULT: {}
COMMAND: GET /session/324496234919104d937ca92dc3ef2aab/screenshot - {}
RESULT: {}
COMMAND: POST /session/324496234919104d937ca92dc3ef2aab/elements - {"using":"xpath","value":"//span[text()='Error']"}
RESULT: {"using":"xpath","value":"//span[text()='Error']"}
COMMAND: POST /session/324496234919104d937ca92dc3ef2aab/element - {"using":"xpath","value":"//button[@data-kt=\"addButton\"]"}
RESULT: {"using":"xpath","value":"//button[@data-kt=\"addButton\"]"}
COMMAND: POST /session/324496234919104d937ca92dc3ef2aab/elements - {"using":"xpath","value":"//button[@data-kt=\"addButton\"]"}
RESULT: {"using":"xpath","value":"//button[@data-kt=\"addButton\"]"}
COMMAND: POST /session/324496234919104d937ca92dc3ef2aab/execute/sync - {"script":"<script> [8489 bytes]","args":[{"element-6066-11e4-a52e-4f735466cecf":"f.350099D233706A5CE962F884DCED375A.d.E60045586D59A366BEE39059722FD710.e.20609","ELEMENT":"f.350099D233706A5CE962F884DCED375A.d.E60045586D59A366BEE39059722FD710.e.20609"}]}
RESULT: {"script":"<script> [8489 bytes]","args":[{"element-6066-11e4-a52e-4f735466cecf":"f.350099D233706A5CE962F884DCED375A.d.E60045586D59A366BEE39059722FD710.e.20609","ELEMENT":"f.350099D233706A5CE962F884DCED375A.d.E60045586D59A366BEE39059722FD710.e.20609"}]}
COMMAND: GET /session/324496234919104d937ca92dc3ef2aab/element/f.350099D233706A5CE962F884DCED375A.d.E60045586D59A366BEE39059722FD710.e.20609/enabled - {}
COMMAND: GET /session/324496234919104d937ca92dc3ef2aab/screenshot - {}
RESULT: {}
COMMAND: POST /session/324496234919104d937ca92dc3ef2aab/execute/sync - {"script":"<script> [8489 bytes]","args":[{"element-6066-11e4-a52e-4f735466cecf":"f.350099D233706A5CE962F884DCED375A.d.E60045586D59A366BEE39059722FD710.e.20609","ELEMENT":"f.350099D233706A5CE962F884DCED375A.d.E60045586D59A366BEE39059722FD710.e.20609"}]}
COMMAND: GET /session/324496234919104d937ca92dc3ef2aab/screenshot - {}
RESULT: {}
RESULT: {"script":"<script> [8489 bytes]","args":[{"element-6066-11e4-a52e-4f735466cecf":"f.350099D233706A5CE962F884DCED375A.d.E60045586D59A366BEE39059722FD710.e.20609","ELEMENT":"f.350099D233706A5CE962F884DCED375A.d.E60045586D59A366BEE39059722FD710.e.20609"}]}
COMMAND: POST /session/324496234919104d937ca92dc3ef2aab/execute/sync - {"script":"<script> [5351 bytes]","args":[{"element-6066-11e4-a52e-4f735466cecf":"f.350099D233706A5CE962F884DCED375A.d.E60045586D59A366BEE39059722FD710.e.20609","ELEMENT":"f.350099D233706A5CE962F884DCED375A.d.E60045586D59A366BEE39059722FD710.e.20609"}]}
COMMAND: GET /session/324496234919104d937ca92dc3ef2aab/screenshot - {}
RESULT: {}
RESULT: {"script":"<script> [5351 bytes]","args":[{"element-6066-11e4-a52e-4f735466cecf":"f.350099D233706A5CE962F884DCED375A.d.E60045586D59A366BEE39059722FD710.e.20609","ELEMENT":"f.350099D233706A5CE962F884DCED375A.d.E60045586D59A366BEE39059722FD710.e.20609"}]}
COMMAND: GET /session/324496234919104d937ca92dc3ef2aab/screenshot - {}
RESULT: {}
RESULT: {}
COMMAND: POST /session/324496234919104d937ca92dc3ef2aab/element/f.350099D233706A5CE962F884DCED375A.d.E60045586D59A366BEE39059722FD710.e.20609/click - {}
RESULT: {}
COMMAND: GET /session/324496234919104d937ca92dc3ef2aab/screenshot - {}
COMMAND: POST /session/324496234919104d937ca92dc3ef2aab/execute/async - {"script":"<script> [1562 bytes]","args":[{"selector":{"id":"application-managecontracts-display-component---AddNewContract--projectDescription","interaction":{"idSuffix":"inner"}},"wdio_ui5_key":"applicationmanagecontracts-display-component---AddNewContract--projectDescription"}]}
RESULT: {}
RESULT: {"script":"<script> [1562 bytes]","args":[{"selector":{"id":"application-managecontracts-display-component---AddNewContract--projectDescription","interaction":{"idSuffix":"inner"}},"wdio_ui5_key":"applicationmanagecontracts-display-component---AddNewContract--projectDescription"}]}
RESULT: undefined
COMMAND: POST /session/324496234919104d937ca92dc3ef2aab/execute/async - {"script":"<script> [776 bytes]","args":[{"enterText":"Contract WDIO","selector":{"id":"application-managecontracts-display-component---AddNewContract--projectDescription","interaction":{"idSuffix":"inner"}},"clearTextFirst":true,"interactionType":"ENTER_TEXT"}]}
RESULT: {"script":"<script> [776 bytes]","args":[{"enterText":"Contract WDIO","selector":{"id":"application-managecontracts-display-component---AddNewContract--projectDescription","interaction":{"idSuffix":"inner"}},"clearTextFirst":true,"interactionType":"ENTER_TEXT"}]}
COMMAND: POST /session/324496234919104d937ca92dc3ef2aab/element - {"using":"xpath","value":"//input[@id=\"application-managecontracts-display-component---AddNewContract--site-inner\"]"}
RESULT: {"using":"xpath","value":"//input[@id=\"application-managecontracts-display-component---AddNewContract--site-inner\"]"}
COMMAND: POST /session/324496234919104d937ca92dc3ef2aab/element/f.350099D233706A5CE962F884DCED375A.d.E60045586D59A366BEE39059722FD710.e.20948/clear - {}
RESULT: {}
COMMAND: POST /session/324496234919104d937ca92dc3ef2aab/element/f.350099D233706A5CE962F884DCED375A.d.E60045586D59A366BEE39059722FD710.e.20948/value - {"text":"2080"}
COMMAND: GET /session/324496234919104d937ca92dc3ef2aab/screenshot - {}
RESULT: {"text":"2080"}
COMMAND: GET /session/324496234919104d937ca92dc3ef2aab/screenshot - {}
RESULT: {}
RESULT: {}
COMMAND: POST /session/324496234919104d937ca92dc3ef2aab/element - {"using":"xpath","value":"//li[.//span[text()='2080']]"}
RESULT: {"using":"xpath","value":"//li[.//span[text()='2080']]"}
COMMAND: POST /session/324496234919104d937ca92dc3ef2aab/element/f.350099D233706A5CE962F884DCED375A.d.E60045586D59A366BEE39059722FD710.e.21030/click - {}
RESULT: {}
COMMAND: GET /session/324496234919104d937ca92dc3ef2aab/screenshot - {}
RESULT: {}
COMMAND: POST /session/324496234919104d937ca92dc3ef2aab/element - {"using":"xpath","value":"//input[@id=\"application-managecontracts-display-component---AddNewContract--yardId-inner\"]"}
RESULT: {"using":"xpath","value":"//input[@id=\"application-managecontracts-display-component---AddNewContract--yardId-inner\"]"}
COMMAND: GET /session/324496234919104d937ca92dc3ef2aab/element/f.350099D233706A5CE962F884DCED375A.d.E60045586D59A366BEE39059722FD710.e.20949/property/value - {}
RESULT: {}
COMMAND: POST /session/324496234919104d937ca92dc3ef2aab/element - {"using":"xpath","value":"//input[@id=\"application-managecontracts-display-component---AddNewContract--customerSelect-inner\"]"}
COMMAND: GET /session/324496234919104d937ca92dc3ef2aab/screenshot - {}
RESULT: {"using":"xpath","value":"//input[@id=\"application-managecontracts-display-component---AddNewContract--customerSelect-inner\"]"}
COMMAND: POST /session/324496234919104d937ca92dc3ef2aab/element/f.350099D233706A5CE962F884DCED375A.d.E60045586D59A366BEE39059722FD710.e.20947/clear - {}
RESULT: {}
RESULT: {}
COMMAND: POST /session/324496234919104d937ca92dc3ef2aab/element/f.350099D233706A5CE962F884DCED375A.d.E60045586D59A366BEE39059722FD710.e.20947/value - {"text":"1080"}
COMMAND: GET /session/324496234919104d937ca92dc3ef2aab/screenshot - {}
RESULT: {"text":"1080"}
COMMAND: GET /session/324496234919104d937ca92dc3ef2aab/screenshot - {}
RESULT: {}
RESULT: {}
COMMAND: POST /session/324496234919104d937ca92dc3ef2aab/element - {"using":"xpath","value":"//li[.//span[text()='1080']]"}
RESULT: {"using":"xpath","value":"//li[.//span[text()='1080']]"}
COMMAND: POST /session/324496234919104d937ca92dc3ef2aab/element/f.350099D233706A5CE962F884DCED375A.d.E60045586D59A366BEE39059722FD710.e.21033/click - {}
RESULT: {}
COMMAND: GET /session/324496234919104d937ca92dc3ef2aab/screenshot - {}
RESULT: {}
COMMAND: POST /session/324496234919104d937ca92dc3ef2aab/element - {"using":"xpath","value":"//button[@data-kt=\"saveButton\"]"}
RESULT: {"using":"xpath","value":"//button[@data-kt=\"saveButton\"]"}
COMMAND: POST /session/324496234919104d937ca92dc3ef2aab/element/f.350099D233706A5CE962F884DCED375A.d.E60045586D59A366BEE39059722FD710.e.21023/click - {}
RESULT: {}
COMMAND: GET /session/324496234919104d937ca92dc3ef2aab/screenshot - {}
RESULT: {}
COMMAND: POST /session/324496234919104d937ca92dc3ef2aab/element - {"using":"xpath","value":"//span[contains(@id ,\"contractDetailTitleNoExpanded\")]"}
RESULT: {"using":"xpath","value":"//span[contains(@id ,\"contractDetailTitleNoExpanded\")]"}
COMMAND: POST /session/324496234919104d937ca92dc3ef2aab/elements - {"using":"xpath","value":"//span[contains(@id ,\"contractDetailTitleNoExpanded\")]"}
RESULT: {"using":"xpath","value":"//span[contains(@id ,\"contractDetailTitleNoExpanded\")]"}
COMMAND: POST /session/324496234919104d937ca92dc3ef2aab/execute/sync - {"script":"<script> [56 bytes]","args":[{"element-6066-11e4-a52e-4f735466cecf":"f.350099D233706A5CE962F884DCED375A.d.E60045586D59A366BEE39059722FD710.e.21105","ELEMENT":"f.350099D233706A5CE962F884DCED375A.d.E60045586D59A366BEE39059722FD710.e.21105"}]}
RESULT: {"script":"<script> [56 bytes]","args":[{"element-6066-11e4-a52e-4f735466cecf":"f.350099D233706A5CE962F884DCED375A.d.E60045586D59A366BEE39059722FD710.e.21105","ELEMENT":"f.350099D233706A5CE962F884DCED375A.d.E60045586D59A366BEE39059722FD710.e.21105"}]}
COMMAND: GET /session/324496234919104d937ca92dc3ef2aab/screenshot - {}
RESULT: {}
]]></system-out>
    </testcase>
    <testcase classname="chrome.136_0_7103_93.windows.Billing_Calculation_-_Time_based_(considering_transport_times)_US139738" name="Should add transport time checkbox on contract details" time="16.133">
      <system-out><![CDATA[
COMMAND: POST /session/324496234919104d937ca92dc3ef2aab/element - {"using":"xpath","value":"//button[@data-kt=\"contractDetailEditBtnButton\"]"}
RESULT: {"using":"xpath","value":"//button[@data-kt=\"contractDetailEditBtnButton\"]"}
COMMAND: POST /session/324496234919104d937ca92dc3ef2aab/element/f.350099D233706A5CE962F884DCED375A.d.E60045586D59A366BEE39059722FD710.e.21106/click - {}
RESULT: {}
COMMAND: GET /session/324496234919104d937ca92dc3ef2aab/screenshot - {}
RESULT: {}
COMMAND: POST /session/324496234919104d937ca92dc3ef2aab/element - {"using":"xpath","value":"(//span[contains(text(), \"Contract Billing\")])[2]"}
RESULT: {"using":"xpath","value":"(//span[contains(text(), \"Contract Billing\")])[2]"}
COMMAND: POST /session/324496234919104d937ca92dc3ef2aab/element/f.350099D233706A5CE962F884DCED375A.d.E60045586D59A366BEE39059722FD710.e.21163/click - {}
RESULT: {}
COMMAND: GET /session/324496234919104d937ca92dc3ef2aab/screenshot - {}
RESULT: {}
COMMAND: POST /session/324496234919104d937ca92dc3ef2aab/element - {"using":"xpath","value":"(//div[contains(@id, \"transportTimesBilled-CbBg\")])"}
RESULT: {"using":"xpath","value":"(//div[contains(@id, \"transportTimesBilled-CbBg\")])"}
COMMAND: POST /session/324496234919104d937ca92dc3ef2aab/element/f.350099D233706A5CE962F884DCED375A.d.E60045586D59A366BEE39059722FD710.e.21194/click - {}
RESULT: {}
COMMAND: GET /session/324496234919104d937ca92dc3ef2aab/screenshot - {}
RESULT: {}
COMMAND: POST /session/324496234919104d937ca92dc3ef2aab/element - {"using":"xpath","value":"(//button[@data-kt=\"saveButton\"])[2]"}
RESULT: {"using":"xpath","value":"(//button[@data-kt=\"saveButton\"])[2]"}
COMMAND: POST /session/324496234919104d937ca92dc3ef2aab/element/f.350099D233706A5CE962F884DCED375A.d.E60045586D59A366BEE39059722FD710.e.21195/click - {}
RESULT: {}
COMMAND: GET /session/324496234919104d937ca92dc3ef2aab/screenshot - {}
RESULT: {}
]]></system-out>
    </testcase>
    <testcase classname="chrome.136_0_7103_93.windows.Billing_Calculation_-_Time_based_(considering_transport_times)_US139738" name="Should add created equipment to contract" time="48.689">
      <system-out><![CDATA[
COMMAND: POST /session/324496234919104d937ca92dc3ef2aab/element - {"using":"xpath","value":"//button[@data-kt=\"contractDetailEditBtnButton\"]"}
RESULT: {"using":"xpath","value":"//button[@data-kt=\"contractDetailEditBtnButton\"]"}
COMMAND: POST /session/324496234919104d937ca92dc3ef2aab/element/f.350099D233706A5CE962F884DCED375A.d.E60045586D59A366BEE39059722FD710.e.21106/click - {}
RESULT: {}
COMMAND: GET /session/324496234919104d937ca92dc3ef2aab/screenshot - {}
RESULT: {}
COMMAND: POST /session/324496234919104d937ca92dc3ef2aab/element - {"using":"xpath","value":"(//span[contains(text(), \"Additional Addresses\")])[2]"}
RESULT: {"using":"xpath","value":"(//span[contains(text(), \"Additional Addresses\")])[2]"}
COMMAND: POST /session/324496234919104d937ca92dc3ef2aab/element/f.350099D233706A5CE962F884DCED375A.d.E60045586D59A366BEE39059722FD710.e.21212/click - {}
RESULT: {}
COMMAND: GET /session/324496234919104d937ca92dc3ef2aab/screenshot - {}
RESULT: {}
COMMAND: POST /session/324496234919104d937ca92dc3ef2aab/element - {"using":"xpath","value":"//button[@data-kt=\"btnAddTableRowOverflowToolbarButton\"]"}
RESULT: {"using":"xpath","value":"//button[@data-kt=\"btnAddTableRowOverflowToolbarButton\"]"}
COMMAND: POST /session/324496234919104d937ca92dc3ef2aab/element/f.350099D233706A5CE962F884DCED375A.d.E60045586D59A366BEE39059722FD710.e.21215/click - {}
RESULT: {}
COMMAND: GET /session/324496234919104d937ca92dc3ef2aab/screenshot - {}
RESULT: {}
COMMAND: POST /session/324496234919104d937ca92dc3ef2aab/element - {"using":"xpath","value":"//div[(text() = 'Standard Entry' or . = 'Standard Entry')]"}
RESULT: {"using":"xpath","value":"//div[(text() = 'Standard Entry' or . = 'Standard Entry')]"}
COMMAND: POST /session/324496234919104d937ca92dc3ef2aab/element/f.350099D233706A5CE962F884DCED375A.d.E60045586D59A366BEE39059722FD710.e.21217/click - {}
RESULT: {}
COMMAND: GET /session/324496234919104d937ca92dc3ef2aab/screenshot - {}
RESULT: {}
COMMAND: POST /session/324496234919104d937ca92dc3ef2aab/element - {"using":"xpath","value":"//td[7]/div/div/input"}
RESULT: {"using":"xpath","value":"//td[7]/div/div/input"}
COMMAND: POST /session/324496234919104d937ca92dc3ef2aab/element/f.350099D233706A5CE962F884DCED375A.d.E60045586D59A366BEE39059722FD710.e.21226/clear - {}
RESULT: {}
COMMAND: POST /session/324496234919104d937ca92dc3ef2aab/element/f.350099D233706A5CE962F884DCED375A.d.E60045586D59A366BEE39059722FD710.e.21226/value - {"text":"4yUMDS87tS"}
COMMAND: GET /session/324496234919104d937ca92dc3ef2aab/screenshot - {}
RESULT: {"text":"4yUMDS87tS"}
COMMAND: GET /session/324496234919104d937ca92dc3ef2aab/screenshot - {}
RESULT: {}
RESULT: {}
COMMAND: POST /session/324496234919104d937ca92dc3ef2aab/actions - {"actions":[{"id":"action77","type":"key","parameters":{},"actions":[{"type":"keyDown","value":""},{"type":"pause","duration":10},{"type":"keyUp","value":""}]}]}
RESULT: {"actions":[{"id":"action77","type":"key","parameters":{},"actions":[{"type":"keyDown","value":""},{"type":"pause","duration":10},{"type":"keyUp","value":""}]}]}
COMMAND: GET /session/324496234919104d937ca92dc3ef2aab/screenshot - {}
RESULT: {}
COMMAND: POST /session/324496234919104d937ca92dc3ef2aab/execute/sync - {"script":"<script> [276 bytes]","args":["No pricing information was found"]}
RESULT: {"script":"<script> [276 bytes]","args":["No pricing information was found"]}
COMMAND: POST /session/324496234919104d937ca92dc3ef2aab/element - {"using":"xpath","value":"(//button[@data-kt=\"saveButton\"])[2]"}
COMMAND: GET /session/324496234919104d937ca92dc3ef2aab/screenshot - {}
RESULT: {"using":"xpath","value":"(//button[@data-kt=\"saveButton\"])[2]"}
COMMAND: POST /session/324496234919104d937ca92dc3ef2aab/element/f.350099D233706A5CE962F884DCED375A.d.E60045586D59A366BEE39059722FD710.e.21195/click - {}
RESULT: {}
RESULT: {}
COMMAND: GET /session/324496234919104d937ca92dc3ef2aab/screenshot - {}
RESULT: {}
COMMAND: POST /session/324496234919104d937ca92dc3ef2aab/execute/sync - {"script":"<script> [276 bytes]","args":["Some contract items are having rental validity exceeding header rental validity"]}
RESULT: {"script":"<script> [276 bytes]","args":["Some contract items are having rental validity exceeding header rental validity"]}
COMMAND: GET /session/324496234919104d937ca92dc3ef2aab/screenshot - {}
RESULT: {}
COMMAND: POST /session/324496234919104d937ca92dc3ef2aab/element - {"using":"xpath","value":"//span[contains(@id ,\"contractItemsSmartTable-header-inner\")]"}
RESULT: {"using":"xpath","value":"//span[contains(@id ,\"contractItemsSmartTable-header-inner\")]"}
COMMAND: POST /session/324496234919104d937ca92dc3ef2aab/elements - {"using":"xpath","value":"//span[contains(@id ,\"contractItemsSmartTable-header-inner\")]"}
RESULT: {"using":"xpath","value":"//span[contains(@id ,\"contractItemsSmartTable-header-inner\")]"}
COMMAND: POST /session/324496234919104d937ca92dc3ef2aab/execute/sync - {"script":"<script> [56 bytes]","args":[{"element-6066-11e4-a52e-4f735466cecf":"f.350099D233706A5CE962F884DCED375A.d.E60045586D59A366BEE39059722FD710.e.21246","ELEMENT":"f.350099D233706A5CE962F884DCED375A.d.E60045586D59A366BEE39059722FD710.e.21246"}]}
RESULT: {"script":"<script> [56 bytes]","args":[{"element-6066-11e4-a52e-4f735466cecf":"f.350099D233706A5CE962F884DCED375A.d.E60045586D59A366BEE39059722FD710.e.21246","ELEMENT":"f.350099D233706A5CE962F884DCED375A.d.E60045586D59A366BEE39059722FD710.e.21246"}]}
]]></system-out>
    </testcase>
    <testcase classname="chrome.136_0_7103_93.windows.Billing_Calculation_-_Time_based_(considering_transport_times)_US139738" name="Should do a provide to site 2 step" time="162.709">
      <system-out><![CDATA[
COMMAND: POST /session/324496234919104d937ca92dc3ef2aab/element - {"using":"xpath","value":"//button[@data-kt=\"provideButton\"]"}
COMMAND: GET /session/324496234919104d937ca92dc3ef2aab/screenshot - {}
RESULT: {"using":"xpath","value":"//button[@data-kt=\"provideButton\"]"}
COMMAND: POST /session/324496234919104d937ca92dc3ef2aab/element/f.350099D233706A5CE962F884DCED375A.d.E60045586D59A366BEE39059722FD710.e.21247/click - {}
RESULT: {}
RESULT: {}
COMMAND: GET /session/324496234919104d937ca92dc3ef2aab/screenshot - {}
RESULT: {}
COMMAND: POST /session/324496234919104d937ca92dc3ef2aab/element - {"using":"xpath","value":"(//div[contains(@id, \"application-managehandovers-display-component---AddNewHO--oneStep-CbBg\")])"}
RESULT: {"using":"xpath","value":"(//div[contains(@id, \"application-managehandovers-display-component---AddNewHO--oneStep-CbBg\")])"}
COMMAND: POST /session/324496234919104d937ca92dc3ef2aab/element - {"using":"xpath","value":"(//div[contains(@id, \"application-managehandovers-display-component---AddNewHO--oneStep-CbBg\")])/input"}
RESULT: {"using":"xpath","value":"(//div[contains(@id, \"application-managehandovers-display-component---AddNewHO--oneStep-CbBg\")])/input"}
COMMAND: GET /session/324496234919104d937ca92dc3ef2aab/element/f.350099D233706A5CE962F884DCED375A.d.E60045586D59A366BEE39059722FD710.e.21327/attribute/checked - {}
RESULT: {}
RESULT: undefined
COMMAND: POST /session/324496234919104d937ca92dc3ef2aab/execute/async - {"script":"<script> [6424 bytes]","args":[{"element-6066-11e4-a52e-4f735466cecf":"f.350099D233706A5CE962F884DCED375A.d.E60045586D59A366BEE39059722FD710.e.20060"},"setValue",["5/23/25"]]}
COMMAND: POST /session/324496234919104d937ca92dc3ef2aab/element/f.350099D233706A5CE962F884DCED375A.d.E60045586D59A366BEE39059722FD710.e.21556/click - {}
COMMAND: POST /session/324496234919104d937ca92dc3ef2aab/execute/async - {"script":"<script> [1562 bytes]","args":[{"selector":{"id":"application-managehandovers-display-component---AddNewHO--dueDate","interaction":{"idSuffix":"inner"}},"wdio_ui5_key":"applicationmanagehandovers-display-component---AddNewHO--dueDate"}]}
RESULT: {}
COMMAND: GET /session/324496234919104d937ca92dc3ef2aab/screenshot - {}
RESULT: {"script":"<script> [1562 bytes]","args":[{"selector":{"id":"application-managehandovers-display-component---AddNewHO--dueDate","interaction":{"idSuffix":"inner"}},"wdio_ui5_key":"applicationmanagehandovers-display-component---AddNewHO--dueDate"}]}
COMMAND: POST /session/324496234919104d937ca92dc3ef2aab/execute/async - {"script":"<script> [6424 bytes]","args":[{"element-6066-11e4-a52e-4f735466cecf":"f.350099D233706A5CE962F884DCED375A.d.E60045586D59A366BEE39059722FD710.e.21323"},"setValue",["5/23/25"]]}
RESULT: {}
RESULT: {"script":"<script> [6424 bytes]","args":[{"element-6066-11e4-a52e-4f735466cecf":"f.350099D233706A5CE962F884DCED375A.d.E60045586D59A366BEE39059722FD710.e.21323"},"setValue",["5/23/25"]]}
COMMAND: POST /session/324496234919104d937ca92dc3ef2aab/element - {"using":"xpath","value":"//bdi[contains(text(), \"Instructions\")]"}
RESULT: {"using":"xpath","value":"//bdi[contains(text(), \"Instructions\")]"}
COMMAND: POST /session/324496234919104d937ca92dc3ef2aab/element/f.350099D233706A5CE962F884DCED375A.d.E60045586D59A366BEE39059722FD710.e.21558/click - {}
RESULT: {}
COMMAND: GET /session/324496234919104d937ca92dc3ef2aab/screenshot - {}
RESULT: {}
COMMAND: POST /session/324496234919104d937ca92dc3ef2aab/element - {"using":"xpath","value":"//button[@data-kt=\"AddNewHOProvideAddItemsButton\"]"}
RESULT: {"using":"xpath","value":"//button[@data-kt=\"AddNewHOProvideAddItemsButton\"]"}
COMMAND: POST /session/324496234919104d937ca92dc3ef2aab/element/f.350099D233706A5CE962F884DCED375A.d.E60045586D59A366BEE39059722FD710.e.21562/click - {}
RESULT: {}
COMMAND: GET /session/324496234919104d937ca92dc3ef2aab/screenshot - {}
RESULT: {}
RESULT: undefined
COMMAND: POST /session/324496234919104d937ca92dc3ef2aab/element - {"using":"xpath","value":"//*[@id=\"application-managehandovers-display-component---AddNewHO--popup-sa\"]"}
RESULT: {"using":"xpath","value":"//*[@id=\"application-managehandovers-display-component---AddNewHO--popup-sa\"]"}
COMMAND: POST /session/324496234919104d937ca92dc3ef2aab/element/f.350099D233706A5CE962F884DCED375A.d.E60045586D59A366BEE39059722FD710.e.21578/click - {}
RESULT: {}
COMMAND: GET /session/324496234919104d937ca92dc3ef2aab/screenshot - {}
RESULT: {}
COMMAND: POST /session/324496234919104d937ca92dc3ef2aab/element - {"using":"xpath","value":"//*[contains(@id ,\"BDI-content\")][contains(text(), \"Select\")]"}
RESULT: {"using":"xpath","value":"//*[contains(@id ,\"BDI-content\")][contains(text(), \"Select\")]"}
COMMAND: POST /session/324496234919104d937ca92dc3ef2aab/element/f.350099D233706A5CE962F884DCED375A.d.E60045586D59A366BEE39059722FD710.e.21580/click - {}
RESULT: {}
COMMAND: GET /session/324496234919104d937ca92dc3ef2aab/screenshot - {}
RESULT: {}
COMMAND: POST /session/324496234919104d937ca92dc3ef2aab/execute/async - {"script":"<script> [1562 bytes]","args":[{"selector":{"id":"application-managehandovers-display-component---AddNewHO--confirmCreationButton","interaction":{"idSuffix":"BDI-content"}},"wdio_ui5_key":"applicationmanagehandovers-display-component---AddNewHO--confirmCreationButton"}]}
RESULT: {"script":"<script> [1562 bytes]","args":[{"selector":{"id":"application-managehandovers-display-component---AddNewHO--confirmCreationButton","interaction":{"idSuffix":"BDI-content"}},"wdio_ui5_key":"applicationmanagehandovers-display-component---AddNewHO--confirmCreationButton"}]}
RESULT: undefined
COMMAND: POST /session/324496234919104d937ca92dc3ef2aab/element - {"using":"xpath","value":"//*[@id=\"application-managehandovers-display-component---AddNewHO--confirmCreationButton\"]"}
RESULT: {"using":"xpath","value":"//*[@id=\"application-managehandovers-display-component---AddNewHO--confirmCreationButton\"]"}
COMMAND: POST /session/324496234919104d937ca92dc3ef2aab/element/f.350099D233706A5CE962F884DCED375A.d.E60045586D59A366BEE39059722FD710.e.21369/click - {}
RESULT: {}
COMMAND: GET /session/324496234919104d937ca92dc3ef2aab/screenshot - {}
RESULT: {}
COMMAND: POST /session/324496234919104d937ca92dc3ef2aab/execute/async - {"script":"<script> [1562 bytes]","args":[{"selector":{"id":"issueDatePicker","viewName":"etm.portal.ui.managehandovers.view.DetailExecuteHO","interaction":{"idSuffix":"inner"}},"wdio_ui5_key":"issueDatePickeretmportal.ui.managehandovers.view.DetailExecuteHO"}]}
RESULT: {"script":"<script> [1562 bytes]","args":[{"selector":{"id":"issueDatePicker","viewName":"etm.portal.ui.managehandovers.view.DetailExecuteHO","interaction":{"idSuffix":"inner"}},"wdio_ui5_key":"issueDatePickeretmportal.ui.managehandovers.view.DetailExecuteHO"}]}
RESULT: undefined
COMMAND: POST /session/324496234919104d937ca92dc3ef2aab/execute/async - {"script":"<script> [776 bytes]","args":[{"enterText":"5/23/25","selector":{"id":"issueDatePicker","viewName":"etm.portal.ui.managehandovers.view.DetailExecuteHO","interaction":{"idSuffix":"inner"}},"clearTextFirst":true,"interactionType":"ENTER_TEXT"}]}
RESULT: {"script":"<script> [776 bytes]","args":[{"enterText":"5/23/25","selector":{"id":"issueDatePicker","viewName":"etm.portal.ui.managehandovers.view.DetailExecuteHO","interaction":{"idSuffix":"inner"}},"clearTextFirst":true,"interactionType":"ENTER_TEXT"}]}
COMMAND: POST /session/324496234919104d937ca92dc3ef2aab/element - {"using":"xpath","value":"//button[@data-kt=\"PickingTableConfirmAllButton\"]"}
RESULT: {"using":"xpath","value":"//button[@data-kt=\"PickingTableConfirmAllButton\"]"}
COMMAND: POST /session/324496234919104d937ca92dc3ef2aab/element/f.350099D233706A5CE962F884DCED375A.d.E60045586D59A366BEE39059722FD710.e.21641/click - {}
RESULT: {}
COMMAND: GET /session/324496234919104d937ca92dc3ef2aab/screenshot - {}
RESULT: {}
COMMAND: POST /session/324496234919104d937ca92dc3ef2aab/element - {"using":"xpath","value":"//bdi[contains(text(), \"OK\")]"}
RESULT: {"using":"xpath","value":"//bdi[contains(text(), \"OK\")]"}
COMMAND: POST /session/324496234919104d937ca92dc3ef2aab/element/f.350099D233706A5CE962F884DCED375A.d.E60045586D59A366BEE39059722FD710.e.21644/click - {}
RESULT: {}
COMMAND: GET /session/324496234919104d937ca92dc3ef2aab/screenshot - {}
RESULT: {}
COMMAND: POST /session/324496234919104d937ca92dc3ef2aab/element - {"using":"xpath","value":"//button[@data-kt=\"execHoPickButton\"]"}
RESULT: {"using":"xpath","value":"//button[@data-kt=\"execHoPickButton\"]"}
COMMAND: POST /session/324496234919104d937ca92dc3ef2aab/element/f.350099D233706A5CE962F884DCED375A.d.E60045586D59A366BEE39059722FD710.e.21646/click - {}
RESULT: {}
COMMAND: GET /session/324496234919104d937ca92dc3ef2aab/screenshot - {}
RESULT: {}
COMMAND: POST /session/324496234919104d937ca92dc3ef2aab/element - {"using":"xpath","value":"//span[contains(@id ,\"filterItemControl_BASIC-RECEIVE_CONTRACT-vhi\")]"}
RESULT: {"using":"xpath","value":"//span[contains(@id ,\"filterItemControl_BASIC-RECEIVE_CONTRACT-vhi\")]"}
COMMAND: POST /session/324496234919104d937ca92dc3ef2aab/element/f.350099D233706A5CE962F884DCED375A.d.E60045586D59A366BEE39059722FD710.e.21822/click - {}
RESULT: {}
COMMAND: GET /session/324496234919104d937ca92dc3ef2aab/screenshot - {}
RESULT: {}
COMMAND: POST /session/324496234919104d937ca92dc3ef2aab/execute/async - {"script":"<script> [1562 bytes]","args":[{"selector":{"controlType":"sap.m.SearchField","viewName":"etm.portal.ui.managehandovers.view.MasterHO","bindingPath":{"path":"","propertyPath":"/_BASIC_SEARCH_FIELD","modelName":"fi1t3rM0d31"},"searchOpenDialogs":true,"interaction":{"idSuffix":"I"}},"wdio_ui5_key":"etmportal.ui.managehandovers.view.MasterHOsap.m.SearchField{\"path\":\"\",\"propertyPath\":\"/_BASIC_SEARCH_FIELD\",\"modelName\":\"fi1t3rM0d31\"}"}]}
RESULT: {"script":"<script> [1562 bytes]","args":[{"selector":{"controlType":"sap.m.SearchField","viewName":"etm.portal.ui.managehandovers.view.MasterHO","bindingPath":{"path":"","propertyPath":"/_BASIC_SEARCH_FIELD","modelName":"fi1t3rM0d31"},"searchOpenDialogs":true,"interaction":{"idSuffix":"I"}},"wdio_ui5_key":"etmportal.ui.managehandovers.view.MasterHOsap.m.SearchField{\"path\":\"\",\"propertyPath\":\"/_BASIC_SEARCH_FIELD\",\"modelName\":\"fi1t3rM0d31\"}"}]}
RESULT: undefined
COMMAND: POST /session/324496234919104d937ca92dc3ef2aab/execute/async - {"script":"<script> [776 bytes]","args":[{"enterText":"10175","selector":{"controlType":"sap.m.SearchField","viewName":"etm.portal.ui.managehandovers.view.MasterHO","bindingPath":{"path":"","propertyPath":"/_BASIC_SEARCH_FIELD","modelName":"fi1t3rM0d31"},"searchOpenDialogs":true,"interaction":{"idSuffix":"I"}},"clearTextFirst":true,"interactionType":"ENTER_TEXT"}]}
RESULT: {"script":"<script> [776 bytes]","args":[{"enterText":"10175","selector":{"controlType":"sap.m.SearchField","viewName":"etm.portal.ui.managehandovers.view.MasterHO","bindingPath":{"path":"","propertyPath":"/_BASIC_SEARCH_FIELD","modelName":"fi1t3rM0d31"},"searchOpenDialogs":true,"interaction":{"idSuffix":"I"}},"clearTextFirst":true,"interactionType":"ENTER_TEXT"}]}
COMMAND: POST /session/324496234919104d937ca92dc3ef2aab/actions - {"actions":[{"id":"action78","type":"key","parameters":{},"actions":[{"type":"keyDown","value":""},{"type":"pause","duration":10},{"type":"keyUp","value":""}]}]}
RESULT: {"actions":[{"id":"action78","type":"key","parameters":{},"actions":[{"type":"keyDown","value":""},{"type":"pause","duration":10},{"type":"keyUp","value":""}]}]}
COMMAND: GET /session/324496234919104d937ca92dc3ef2aab/screenshot - {}
RESULT: {}
COMMAND: POST /session/324496234919104d937ca92dc3ef2aab/element - {"using":"xpath","value":"//div[contains(@id, 'filterItemControl_BASIC-RECEIVE_CONTRACT-valueHelpDialog-table-rowsel0')]"}
RESULT: {"using":"xpath","value":"//div[contains(@id, 'filterItemControl_BASIC-RECEIVE_CONTRACT-valueHelpDialog-table-rowsel0')]"}
COMMAND: POST /session/324496234919104d937ca92dc3ef2aab/element/f.350099D233706A5CE962F884DCED375A.d.E60045586D59A366BEE39059722FD710.e.21832/click - {}
RESULT: {}
COMMAND: GET /session/324496234919104d937ca92dc3ef2aab/screenshot - {}
RESULT: {}
COMMAND: POST /session/324496234919104d937ca92dc3ef2aab/element - {"using":"xpath","value":"//bdi[contains(text(), \"OK\")]"}
RESULT: {"using":"xpath","value":"//bdi[contains(text(), \"OK\")]"}
COMMAND: POST /session/324496234919104d937ca92dc3ef2aab/element/f.350099D233706A5CE962F884DCED375A.d.E60045586D59A366BEE39059722FD710.e.21834/click - {}
RESULT: {}
COMMAND: GET /session/324496234919104d937ca92dc3ef2aab/screenshot - {}
RESULT: {}
COMMAND: POST /session/324496234919104d937ca92dc3ef2aab/element - {"using":"xpath","value":"//span[contains(@id, \"smartTable-header-inner\")]"}
RESULT: {"using":"xpath","value":"//span[contains(@id, \"smartTable-header-inner\")]"}
COMMAND: POST /session/324496234919104d937ca92dc3ef2aab/elements - {"using":"xpath","value":"//span[contains(@id, \"smartTable-header-inner\")]"}
RESULT: {"using":"xpath","value":"//span[contains(@id, \"smartTable-header-inner\")]"}
COMMAND: POST /session/324496234919104d937ca92dc3ef2aab/execute/sync - {"script":"<script> [56 bytes]","args":[{"element-6066-11e4-a52e-4f735466cecf":"f.350099D233706A5CE962F884DCED375A.d.E60045586D59A366BEE39059722FD710.e.21863","ELEMENT":"f.350099D233706A5CE962F884DCED375A.d.E60045586D59A366BEE39059722FD710.e.21863"}]}
RESULT: {"script":"<script> [56 bytes]","args":[{"element-6066-11e4-a52e-4f735466cecf":"f.350099D233706A5CE962F884DCED375A.d.E60045586D59A366BEE39059722FD710.e.21863","ELEMENT":"f.350099D233706A5CE962F884DCED375A.d.E60045586D59A366BEE39059722FD710.e.21863"}]}
COMMAND: POST /session/324496234919104d937ca92dc3ef2aab/element - {"using":"xpath","value":"//table[contains(@id, \"customHandovers\")]//tbody/tr[1]/td[2]/span"}
COMMAND: GET /session/324496234919104d937ca92dc3ef2aab/screenshot - {}
RESULT: {}
RESULT: {"using":"xpath","value":"//table[contains(@id, \"customHandovers\")]//tbody/tr[1]/td[2]/span"}
COMMAND: POST /session/324496234919104d937ca92dc3ef2aab/execute/sync - {"script":"<script> [56 bytes]","args":[{"element-6066-11e4-a52e-4f735466cecf":"f.350099D233706A5CE962F884DCED375A.d.E60045586D59A366BEE39059722FD710.e.21864","ELEMENT":"f.350099D233706A5CE962F884DCED375A.d.E60045586D59A366BEE39059722FD710.e.21864"}]}
RESULT: {"script":"<script> [56 bytes]","args":[{"element-6066-11e4-a52e-4f735466cecf":"f.350099D233706A5CE962F884DCED375A.d.E60045586D59A366BEE39059722FD710.e.21864","ELEMENT":"f.350099D233706A5CE962F884DCED375A.d.E60045586D59A366BEE39059722FD710.e.21864"}]}
COMMAND: POST /session/324496234919104d937ca92dc3ef2aab/element - {"using":"xpath","value":"(//span[contains(@id, \"imgNav\")])[1]"}
COMMAND: GET /session/324496234919104d937ca92dc3ef2aab/screenshot - {}
RESULT: {"using":"xpath","value":"(//span[contains(@id, \"imgNav\")])[1]"}
COMMAND: POST /session/324496234919104d937ca92dc3ef2aab/element/f.350099D233706A5CE962F884DCED375A.d.E60045586D59A366BEE39059722FD710.e.21861/click - {}
RESULT: {}
RESULT: {}
COMMAND: GET /session/324496234919104d937ca92dc3ef2aab/screenshot - {}
RESULT: {}
RESULT: undefined
COMMAND: POST /session/324496234919104d937ca92dc3ef2aab/execute/async - {"script":"<script> [776 bytes]","args":[{"enterText":"5/23/25","selector":{"id":"issueDatePicker","viewName":"etm.portal.ui.managehandovers.view.DetailExecuteHO","interaction":{"idSuffix":"inner"}},"clearTextFirst":true,"interactionType":"ENTER_TEXT"}]}
RESULT: {"script":"<script> [776 bytes]","args":[{"enterText":"5/23/25","selector":{"id":"issueDatePicker","viewName":"etm.portal.ui.managehandovers.view.DetailExecuteHO","interaction":{"idSuffix":"inner"}},"clearTextFirst":true,"interactionType":"ENTER_TEXT"}]}
COMMAND: POST /session/324496234919104d937ca92dc3ef2aab/element - {"using":"xpath","value":"//button[@data-kt=\"IssuingTableConfirmAllButton\"]"}
RESULT: {"using":"xpath","value":"//button[@data-kt=\"IssuingTableConfirmAllButton\"]"}
COMMAND: POST /session/324496234919104d937ca92dc3ef2aab/element/f.350099D233706A5CE962F884DCED375A.d.E60045586D59A366BEE39059722FD710.e.21905/click - {}
RESULT: {}
COMMAND: GET /session/324496234919104d937ca92dc3ef2aab/screenshot - {}
RESULT: {}
COMMAND: POST /session/324496234919104d937ca92dc3ef2aab/element - {"using":"xpath","value":"//bdi[contains(text(), \"OK\")]"}
RESULT: {"using":"xpath","value":"//bdi[contains(text(), \"OK\")]"}
COMMAND: POST /session/324496234919104d937ca92dc3ef2aab/element/f.350099D233706A5CE962F884DCED375A.d.E60045586D59A366BEE39059722FD710.e.21923/click - {}
RESULT: {}
COMMAND: GET /session/324496234919104d937ca92dc3ef2aab/screenshot - {}
RESULT: {}
COMMAND: POST /session/324496234919104d937ca92dc3ef2aab/element - {"using":"xpath","value":"//button[@data-kt=\"execHoIssueButton\"]"}
RESULT: {"using":"xpath","value":"//button[@data-kt=\"execHoIssueButton\"]"}
COMMAND: POST /session/324496234919104d937ca92dc3ef2aab/element/f.350099D233706A5CE962F884DCED375A.d.E60045586D59A366BEE39059722FD710.e.21925/click - {}
RESULT: {}
COMMAND: GET /session/324496234919104d937ca92dc3ef2aab/screenshot - {}
RESULT: {}
COMMAND: POST /session/324496234919104d937ca92dc3ef2aab/element - {"using":"xpath","value":"//input[contains(@id ,\"smartFilterBar-btnBasicSearch-I\")]"}
RESULT: {"using":"xpath","value":"//input[contains(@id ,\"smartFilterBar-btnBasicSearch-I\")]"}
COMMAND: POST /session/324496234919104d937ca92dc3ef2aab/elements - {"using":"xpath","value":"//input[contains(@id ,\"smartFilterBar-btnBasicSearch-I\")]"}
RESULT: {"using":"xpath","value":"//input[contains(@id ,\"smartFilterBar-btnBasicSearch-I\")]"}
COMMAND: POST /session/324496234919104d937ca92dc3ef2aab/execute/sync - {"script":"<script> [8489 bytes]","args":[{"element-6066-11e4-a52e-4f735466cecf":"f.350099D233706A5CE962F884DCED375A.d.E60045586D59A366BEE39059722FD710.e.21322","ELEMENT":"f.350099D233706A5CE962F884DCED375A.d.E60045586D59A366BEE39059722FD710.e.21322"}]}
RESULT: {"script":"<script> [8489 bytes]","args":[{"element-6066-11e4-a52e-4f735466cecf":"f.350099D233706A5CE962F884DCED375A.d.E60045586D59A366BEE39059722FD710.e.21322","ELEMENT":"f.350099D233706A5CE962F884DCED375A.d.E60045586D59A366BEE39059722FD710.e.21322"}]}
COMMAND: GET /session/324496234919104d937ca92dc3ef2aab/element/f.350099D233706A5CE962F884DCED375A.d.E60045586D59A366BEE39059722FD710.e.21322/enabled - {}
COMMAND: GET /session/324496234919104d937ca92dc3ef2aab/screenshot - {}
RESULT: {}
COMMAND: POST /session/324496234919104d937ca92dc3ef2aab/element/f.350099D233706A5CE962F884DCED375A.d.E60045586D59A366BEE39059722FD710.e.21322/clear - {}
COMMAND: GET /session/324496234919104d937ca92dc3ef2aab/screenshot - {}
RESULT: {}
RESULT: {}
COMMAND: POST /session/324496234919104d937ca92dc3ef2aab/element/f.350099D233706A5CE962F884DCED375A.d.E60045586D59A366BEE39059722FD710.e.21322/value - {"text":"30354"}
COMMAND: GET /session/324496234919104d937ca92dc3ef2aab/screenshot - {}
RESULT: {}
RESULT: {"text":"30354"}
COMMAND: GET /session/324496234919104d937ca92dc3ef2aab/screenshot - {}
RESULT: {}
RESULT: {}
COMMAND: POST /session/324496234919104d937ca92dc3ef2aab/actions - {"actions":[{"id":"action79","type":"key","parameters":{},"actions":[{"type":"keyDown","value":""},{"type":"pause","duration":10},{"type":"keyUp","value":""}]}]}
RESULT: {"actions":[{"id":"action79","type":"key","parameters":{},"actions":[{"type":"keyDown","value":""},{"type":"pause","duration":10},{"type":"keyUp","value":""}]}]}
COMMAND: GET /session/324496234919104d937ca92dc3ef2aab/screenshot - {}
RESULT: {}
COMMAND: POST /session/324496234919104d937ca92dc3ef2aab/element - {"using":"xpath","value":"//span[contains(@id, \"smartTable-header-inner\")]"}
RESULT: {"using":"xpath","value":"//span[contains(@id, \"smartTable-header-inner\")]"}
COMMAND: POST /session/324496234919104d937ca92dc3ef2aab/elements - {"using":"xpath","value":"//span[contains(@id, \"smartTable-header-inner\")]"}
RESULT: {"using":"xpath","value":"//span[contains(@id, \"smartTable-header-inner\")]"}
COMMAND: POST /session/324496234919104d937ca92dc3ef2aab/execute/sync - {"script":"<script> [56 bytes]","args":[{"element-6066-11e4-a52e-4f735466cecf":"f.350099D233706A5CE962F884DCED375A.d.E60045586D59A366BEE39059722FD710.e.21863","ELEMENT":"f.350099D233706A5CE962F884DCED375A.d.E60045586D59A366BEE39059722FD710.e.21863"}]}
RESULT: {"script":"<script> [56 bytes]","args":[{"element-6066-11e4-a52e-4f735466cecf":"f.350099D233706A5CE962F884DCED375A.d.E60045586D59A366BEE39059722FD710.e.21863","ELEMENT":"f.350099D233706A5CE962F884DCED375A.d.E60045586D59A366BEE39059722FD710.e.21863"}]}
COMMAND: POST /session/324496234919104d937ca92dc3ef2aab/elements - {"using":"xpath","value":"//thead[contains(@class, \"sapMTableTH\")]/tr/th"}
COMMAND: GET /session/324496234919104d937ca92dc3ef2aab/screenshot - {}
RESULT: {"using":"xpath","value":"//thead[contains(@class, \"sapMTableTH\")]/tr/th"}
COMMAND: GET /session/324496234919104d937ca92dc3ef2aab/element/f.350099D233706A5CE962F884DCED375A.d.E60045586D59A366BEE39059722FD710.e.21959/text - {}
RESULT: {}
RESULT: {}
COMMAND: GET /session/324496234919104d937ca92dc3ef2aab/element/f.350099D233706A5CE962F884DCED375A.d.E60045586D59A366BEE39059722FD710.e.21960/text - {}
RESULT: {}
COMMAND: GET /session/324496234919104d937ca92dc3ef2aab/element/f.350099D233706A5CE962F884DCED375A.d.E60045586D59A366BEE39059722FD710.e.21316/text - {}
RESULT: {}
COMMAND: GET /session/324496234919104d937ca92dc3ef2aab/element/f.350099D233706A5CE962F884DCED375A.d.E60045586D59A366BEE39059722FD710.e.21318/text - {}
RESULT: {}
COMMAND: GET /session/324496234919104d937ca92dc3ef2aab/element/f.350099D233706A5CE962F884DCED375A.d.E60045586D59A366BEE39059722FD710.e.21930/text - {}
RESULT: {}
COMMAND: GET /session/324496234919104d937ca92dc3ef2aab/element/f.350099D233706A5CE962F884DCED375A.d.E60045586D59A366BEE39059722FD710.e.21931/text - {}
RESULT: {}
COMMAND: GET /session/324496234919104d937ca92dc3ef2aab/element/f.350099D233706A5CE962F884DCED375A.d.E60045586D59A366BEE39059722FD710.e.21932/text - {}
RESULT: {}
COMMAND: GET /session/324496234919104d937ca92dc3ef2aab/element/f.350099D233706A5CE962F884DCED375A.d.E60045586D59A366BEE39059722FD710.e.21933/text - {}
RESULT: {}
COMMAND: GET /session/324496234919104d937ca92dc3ef2aab/element/f.350099D233706A5CE962F884DCED375A.d.E60045586D59A366BEE39059722FD710.e.21934/text - {}
RESULT: {}
COMMAND: GET /session/324496234919104d937ca92dc3ef2aab/element/f.350099D233706A5CE962F884DCED375A.d.E60045586D59A366BEE39059722FD710.e.21935/text - {}
RESULT: {}
COMMAND: GET /session/324496234919104d937ca92dc3ef2aab/element/f.350099D233706A5CE962F884DCED375A.d.E60045586D59A366BEE39059722FD710.e.21936/text - {}
RESULT: {}
COMMAND: GET /session/324496234919104d937ca92dc3ef2aab/element/f.350099D233706A5CE962F884DCED375A.d.E60045586D59A366BEE39059722FD710.e.21937/text - {}
RESULT: {}
COMMAND: GET /session/324496234919104d937ca92dc3ef2aab/element/f.350099D233706A5CE962F884DCED375A.d.E60045586D59A366BEE39059722FD710.e.21938/text - {}
RESULT: {}
COMMAND: GET /session/324496234919104d937ca92dc3ef2aab/element/f.350099D233706A5CE962F884DCED375A.d.E60045586D59A366BEE39059722FD710.e.21319/text - {}
RESULT: {}
COMMAND: POST /session/324496234919104d937ca92dc3ef2aab/element - {"using":"xpath","value":"//tbody[contains(@id, \"customHandoversTable-tblBody\")]/tr[1]/td[14]/div/span"}
RESULT: {"using":"xpath","value":"//tbody[contains(@id, \"customHandoversTable-tblBody\")]/tr[1]/td[14]/div/span"}
COMMAND: POST /session/324496234919104d937ca92dc3ef2aab/execute/sync - {"script":"<script> [56 bytes]","args":[{"element-6066-11e4-a52e-4f735466cecf":"f.350099D233706A5CE962F884DCED375A.d.E60045586D59A366BEE39059722FD710.e.22009","ELEMENT":"f.350099D233706A5CE962F884DCED375A.d.E60045586D59A366BEE39059722FD710.e.22009"}]}
RESULT: {"script":"<script> [56 bytes]","args":[{"element-6066-11e4-a52e-4f735466cecf":"f.350099D233706A5CE962F884DCED375A.d.E60045586D59A366BEE39059722FD710.e.22009","ELEMENT":"f.350099D233706A5CE962F884DCED375A.d.E60045586D59A366BEE39059722FD710.e.22009"}]}
COMMAND: POST /session/324496234919104d937ca92dc3ef2aab/element - {"using":"xpath","value":"(//span[contains(@id, \"imgNav\")])[1]"}
COMMAND: GET /session/324496234919104d937ca92dc3ef2aab/screenshot - {}
RESULT: {"using":"xpath","value":"(//span[contains(@id, \"imgNav\")])[1]"}
COMMAND: POST /session/324496234919104d937ca92dc3ef2aab/element/f.350099D233706A5CE962F884DCED375A.d.E60045586D59A366BEE39059722FD710.e.22010/click - {}
RESULT: {}
RESULT: {}
COMMAND: GET /session/324496234919104d937ca92dc3ef2aab/screenshot - {}
RESULT: {}
RESULT: undefined
COMMAND: POST /session/324496234919104d937ca92dc3ef2aab/execute/async - {"script":"<script> [776 bytes]","args":[{"enterText":"5/30/25","selector":{"id":"receiptDatePicker","viewName":"etm.portal.ui.managehandovers.view.DetailExecuteHO","interaction":{"idSuffix":"inner"}},"clearTextFirst":true,"interactionType":"ENTER_TEXT"}]}
RESULT: {"script":"<script> [776 bytes]","args":[{"enterText":"5/30/25","selector":{"id":"receiptDatePicker","viewName":"etm.portal.ui.managehandovers.view.DetailExecuteHO","interaction":{"idSuffix":"inner"}},"clearTextFirst":true,"interactionType":"ENTER_TEXT"}]}
COMMAND: POST /session/324496234919104d937ca92dc3ef2aab/element - {"using":"xpath","value":"//bdi[contains(text(), \"OK\")]"}
RESULT: {"using":"xpath","value":"//bdi[contains(text(), \"OK\")]"}
COMMAND: POST /session/324496234919104d937ca92dc3ef2aab/element/f.350099D233706A5CE962F884DCED375A.d.E60045586D59A366BEE39059722FD710.e.22048/click - {}
RESULT: {}
COMMAND: GET /session/324496234919104d937ca92dc3ef2aab/screenshot - {}
RESULT: {}
COMMAND: POST /session/324496234919104d937ca92dc3ef2aab/element - {"using":"xpath","value":"//button[@data-kt=\"ReceivingTableConfirmAllButton\"]"}
RESULT: {"using":"xpath","value":"//button[@data-kt=\"ReceivingTableConfirmAllButton\"]"}
COMMAND: POST /session/324496234919104d937ca92dc3ef2aab/element/f.350099D233706A5CE962F884DCED375A.d.E60045586D59A366BEE39059722FD710.e.22033/click - {}
RESULT: {}
COMMAND: GET /session/324496234919104d937ca92dc3ef2aab/screenshot - {}
RESULT: {}
COMMAND: POST /session/324496234919104d937ca92dc3ef2aab/element - {"using":"xpath","value":"//bdi[contains(text(), \"OK\")]"}
RESULT: {"using":"xpath","value":"//bdi[contains(text(), \"OK\")]"}
COMMAND: POST /session/324496234919104d937ca92dc3ef2aab/element/f.350099D233706A5CE962F884DCED375A.d.E60045586D59A366BEE39059722FD710.e.22064/click - {}
RESULT: {}
COMMAND: GET /session/324496234919104d937ca92dc3ef2aab/screenshot - {}
RESULT: {}
COMMAND: POST /session/324496234919104d937ca92dc3ef2aab/element - {"using":"xpath","value":"//button[@data-kt= \"execHoReceiveButton\"]"}
RESULT: {"using":"xpath","value":"//button[@data-kt= \"execHoReceiveButton\"]"}
COMMAND: POST /session/324496234919104d937ca92dc3ef2aab/element/f.350099D233706A5CE962F884DCED375A.d.E60045586D59A366BEE39059722FD710.e.22066/click - {}
RESULT: {}
COMMAND: GET /session/324496234919104d937ca92dc3ef2aab/screenshot - {}
RESULT: {}
COMMAND: POST /session/324496234919104d937ca92dc3ef2aab/element - {"using":"xpath","value":"//input[contains(@id ,\"smartFilterBar-btnBasicSearch-I\")]"}
RESULT: {"using":"xpath","value":"//input[contains(@id ,\"smartFilterBar-btnBasicSearch-I\")]"}
COMMAND: POST /session/324496234919104d937ca92dc3ef2aab/elements - {"using":"xpath","value":"//input[contains(@id ,\"smartFilterBar-btnBasicSearch-I\")]"}
RESULT: {"using":"xpath","value":"//input[contains(@id ,\"smartFilterBar-btnBasicSearch-I\")]"}
COMMAND: POST /session/324496234919104d937ca92dc3ef2aab/execute/sync - {"script":"<script> [8489 bytes]","args":[{"element-6066-11e4-a52e-4f735466cecf":"f.350099D233706A5CE962F884DCED375A.d.E60045586D59A366BEE39059722FD710.e.21322","ELEMENT":"f.350099D233706A5CE962F884DCED375A.d.E60045586D59A366BEE39059722FD710.e.21322"}]}
RESULT: {"script":"<script> [8489 bytes]","args":[{"element-6066-11e4-a52e-4f735466cecf":"f.350099D233706A5CE962F884DCED375A.d.E60045586D59A366BEE39059722FD710.e.21322","ELEMENT":"f.350099D233706A5CE962F884DCED375A.d.E60045586D59A366BEE39059722FD710.e.21322"}]}
COMMAND: GET /session/324496234919104d937ca92dc3ef2aab/element/f.350099D233706A5CE962F884DCED375A.d.E60045586D59A366BEE39059722FD710.e.21322/enabled - {}
COMMAND: GET /session/324496234919104d937ca92dc3ef2aab/screenshot - {}
RESULT: {}
COMMAND: POST /session/324496234919104d937ca92dc3ef2aab/element/f.350099D233706A5CE962F884DCED375A.d.E60045586D59A366BEE39059722FD710.e.21322/clear - {}
COMMAND: GET /session/324496234919104d937ca92dc3ef2aab/screenshot - {}
RESULT: {}
RESULT: {}
COMMAND: POST /session/324496234919104d937ca92dc3ef2aab/element/f.350099D233706A5CE962F884DCED375A.d.E60045586D59A366BEE39059722FD710.e.21322/value - {"text":"30354"}
COMMAND: GET /session/324496234919104d937ca92dc3ef2aab/screenshot - {}
RESULT: {}
RESULT: {"text":"30354"}
COMMAND: GET /session/324496234919104d937ca92dc3ef2aab/screenshot - {}
RESULT: {}
RESULT: {}
COMMAND: POST /session/324496234919104d937ca92dc3ef2aab/actions - {"actions":[{"id":"action80","type":"key","parameters":{},"actions":[{"type":"keyDown","value":""},{"type":"pause","duration":10},{"type":"keyUp","value":""}]}]}
RESULT: {"actions":[{"id":"action80","type":"key","parameters":{},"actions":[{"type":"keyDown","value":""},{"type":"pause","duration":10},{"type":"keyUp","value":""}]}]}
COMMAND: GET /session/324496234919104d937ca92dc3ef2aab/screenshot - {}
RESULT: {}
COMMAND: POST /session/324496234919104d937ca92dc3ef2aab/element - {"using":"xpath","value":"//span[contains(@id, \"smartTable-header-inner\")]"}
RESULT: {"using":"xpath","value":"//span[contains(@id, \"smartTable-header-inner\")]"}
COMMAND: POST /session/324496234919104d937ca92dc3ef2aab/elements - {"using":"xpath","value":"//span[contains(@id, \"smartTable-header-inner\")]"}
RESULT: {"using":"xpath","value":"//span[contains(@id, \"smartTable-header-inner\")]"}
COMMAND: POST /session/324496234919104d937ca92dc3ef2aab/execute/sync - {"script":"<script> [56 bytes]","args":[{"element-6066-11e4-a52e-4f735466cecf":"f.350099D233706A5CE962F884DCED375A.d.E60045586D59A366BEE39059722FD710.e.21863","ELEMENT":"f.350099D233706A5CE962F884DCED375A.d.E60045586D59A366BEE39059722FD710.e.21863"}]}
RESULT: {"script":"<script> [56 bytes]","args":[{"element-6066-11e4-a52e-4f735466cecf":"f.350099D233706A5CE962F884DCED375A.d.E60045586D59A366BEE39059722FD710.e.21863","ELEMENT":"f.350099D233706A5CE962F884DCED375A.d.E60045586D59A366BEE39059722FD710.e.21863"}]}
COMMAND: POST /session/324496234919104d937ca92dc3ef2aab/elements - {"using":"xpath","value":"//thead[contains(@class, \"sapMTableTH\")]/tr/th"}
COMMAND: GET /session/324496234919104d937ca92dc3ef2aab/screenshot - {}
RESULT: {"using":"xpath","value":"//thead[contains(@class, \"sapMTableTH\")]/tr/th"}
COMMAND: GET /session/324496234919104d937ca92dc3ef2aab/element/f.350099D233706A5CE962F884DCED375A.d.E60045586D59A366BEE39059722FD710.e.21959/text - {}
RESULT: {}
RESULT: {}
COMMAND: GET /session/324496234919104d937ca92dc3ef2aab/element/f.350099D233706A5CE962F884DCED375A.d.E60045586D59A366BEE39059722FD710.e.21960/text - {}
RESULT: {}
COMMAND: GET /session/324496234919104d937ca92dc3ef2aab/element/f.350099D233706A5CE962F884DCED375A.d.E60045586D59A366BEE39059722FD710.e.21316/text - {}
RESULT: {}
COMMAND: GET /session/324496234919104d937ca92dc3ef2aab/element/f.350099D233706A5CE962F884DCED375A.d.E60045586D59A366BEE39059722FD710.e.21318/text - {}
RESULT: {}
COMMAND: GET /session/324496234919104d937ca92dc3ef2aab/element/f.350099D233706A5CE962F884DCED375A.d.E60045586D59A366BEE39059722FD710.e.22072/text - {}
RESULT: {}
COMMAND: GET /session/324496234919104d937ca92dc3ef2aab/element/f.350099D233706A5CE962F884DCED375A.d.E60045586D59A366BEE39059722FD710.e.22073/text - {}
RESULT: {}
COMMAND: GET /session/324496234919104d937ca92dc3ef2aab/element/f.350099D233706A5CE962F884DCED375A.d.E60045586D59A366BEE39059722FD710.e.22074/text - {}
RESULT: {}
COMMAND: GET /session/324496234919104d937ca92dc3ef2aab/element/f.350099D233706A5CE962F884DCED375A.d.E60045586D59A366BEE39059722FD710.e.22075/text - {}
RESULT: {}
COMMAND: GET /session/324496234919104d937ca92dc3ef2aab/element/f.350099D233706A5CE962F884DCED375A.d.E60045586D59A366BEE39059722FD710.e.22076/text - {}
RESULT: {}
COMMAND: GET /session/324496234919104d937ca92dc3ef2aab/element/f.350099D233706A5CE962F884DCED375A.d.E60045586D59A366BEE39059722FD710.e.22077/text - {}
RESULT: {}
COMMAND: GET /session/324496234919104d937ca92dc3ef2aab/element/f.350099D233706A5CE962F884DCED375A.d.E60045586D59A366BEE39059722FD710.e.22078/text - {}
RESULT: {}
COMMAND: GET /session/324496234919104d937ca92dc3ef2aab/element/f.350099D233706A5CE962F884DCED375A.d.E60045586D59A366BEE39059722FD710.e.22079/text - {}
RESULT: {}
COMMAND: GET /session/324496234919104d937ca92dc3ef2aab/element/f.350099D233706A5CE962F884DCED375A.d.E60045586D59A366BEE39059722FD710.e.22080/text - {}
RESULT: {}
COMMAND: GET /session/324496234919104d937ca92dc3ef2aab/element/f.350099D233706A5CE962F884DCED375A.d.E60045586D59A366BEE39059722FD710.e.21319/text - {}
RESULT: {}
COMMAND: POST /session/324496234919104d937ca92dc3ef2aab/element - {"using":"xpath","value":"//tbody[contains(@id, \"customHandoversTable-tblBody\")]/tr[1]/td[14]/div/span"}
RESULT: {"using":"xpath","value":"//tbody[contains(@id, \"customHandoversTable-tblBody\")]/tr[1]/td[14]/div/span"}
COMMAND: POST /session/324496234919104d937ca92dc3ef2aab/execute/sync - {"script":"<script> [56 bytes]","args":[{"element-6066-11e4-a52e-4f735466cecf":"f.350099D233706A5CE962F884DCED375A.d.E60045586D59A366BEE39059722FD710.e.22125","ELEMENT":"f.350099D233706A5CE962F884DCED375A.d.E60045586D59A366BEE39059722FD710.e.22125"}]}
RESULT: {"script":"<script> [56 bytes]","args":[{"element-6066-11e4-a52e-4f735466cecf":"f.350099D233706A5CE962F884DCED375A.d.E60045586D59A366BEE39059722FD710.e.22125","ELEMENT":"f.350099D233706A5CE962F884DCED375A.d.E60045586D59A366BEE39059722FD710.e.22125"}]}
COMMAND: POST /session/324496234919104d937ca92dc3ef2aab/element - {"using":"css selector","value":"#shell-header-logo"}
COMMAND: GET /session/324496234919104d937ca92dc3ef2aab/screenshot - {}
RESULT: {"using":"css selector","value":"#shell-header-logo"}
COMMAND: POST /session/324496234919104d937ca92dc3ef2aab/element/f.350099D233706A5CE962F884DCED375A.d.E60045586D59A366BEE39059722FD710.e.20579/click - {}
RESULT: {}
RESULT: {}
COMMAND: GET /session/324496234919104d937ca92dc3ef2aab/screenshot - {}
RESULT: {}
]]></system-out>
    </testcase>
    <testcase classname="chrome.136_0_7103_93.windows.Billing_Calculation_-_Time_based_(considering_transport_times)_US139738" name="Should navigate to Manage Billings and trigger contract calculation business confirm it" time="69.144">
      <system-out><![CDATA[
COMMAND: POST /session/324496234919104d937ca92dc3ef2aab/execute/async - {"script":"<script> [1562 bytes]","args":[{"selector":{"controlType":"sap.m.GenericTile","properties":{"header":"Manage Billings"}},"wdio_ui5_key":"sapm.GenericTile{\"header\":\"Manage Billings\"}"}]}
RESULT: {"script":"<script> [1562 bytes]","args":[{"selector":{"controlType":"sap.m.GenericTile","properties":{"header":"Manage Billings"}},"wdio_ui5_key":"sapm.GenericTile{\"header\":\"Manage Billings\"}"}]}
RESULT: undefined
COMMAND: POST /session/324496234919104d937ca92dc3ef2aab/element - {"using":"xpath","value":"//*[@id=\"__tile51\"]"}
RESULT: {"using":"xpath","value":"//*[@id=\"__tile51\"]"}
COMMAND: POST /session/324496234919104d937ca92dc3ef2aab/element/f.350099D233706A5CE962F884DCED375A.d.E60045586D59A366BEE39059722FD710.e.18387/click - {}
RESULT: {}
COMMAND: GET /session/324496234919104d937ca92dc3ef2aab/screenshot - {}
RESULT: {}
COMMAND: POST /session/324496234919104d937ca92dc3ef2aab/elements - {"using":"xpath","value":"//span[text()='Error']"}
RESULT: {"using":"xpath","value":"//span[text()='Error']"}
COMMAND: POST /session/324496234919104d937ca92dc3ef2aab/execute/async - {"script":"<script> [1562 bytes]","args":[{"selector":{"id":"application-managebillings-display-component---billRunCalcResult--smartFilterBar-btnBasicSearch","interaction":{"idSuffix":"I"}},"wdio_ui5_key":"applicationmanagebillings-display-component---billRunCalcResult--smartFilterBar-btnBasicSearch"}]}
RESULT: {"script":"<script> [1562 bytes]","args":[{"selector":{"id":"application-managebillings-display-component---billRunCalcResult--smartFilterBar-btnBasicSearch","interaction":{"idSuffix":"I"}},"wdio_ui5_key":"applicationmanagebillings-display-component---billRunCalcResult--smartFilterBar-btnBasicSearch"}]}
RESULT: undefined
COMMAND: POST /session/324496234919104d937ca92dc3ef2aab/execute/async - {"script":"<script> [776 bytes]","args":[{"enterText":"10175","selector":{"id":"application-managebillings-display-component---billRunCalcResult--smartFilterBar-btnBasicSearch","interaction":{"idSuffix":"I"}},"clearTextFirst":true,"interactionType":"ENTER_TEXT"}]}
RESULT: {"script":"<script> [776 bytes]","args":[{"enterText":"10175","selector":{"id":"application-managebillings-display-component---billRunCalcResult--smartFilterBar-btnBasicSearch","interaction":{"idSuffix":"I"}},"clearTextFirst":true,"interactionType":"ENTER_TEXT"}]}
COMMAND: POST /session/324496234919104d937ca92dc3ef2aab/actions - {"actions":[{"id":"action81","type":"key","parameters":{},"actions":[{"type":"keyDown","value":""},{"type":"pause","duration":10},{"type":"keyUp","value":""}]}]}
RESULT: {"actions":[{"id":"action81","type":"key","parameters":{},"actions":[{"type":"keyDown","value":""},{"type":"pause","duration":10},{"type":"keyUp","value":""}]}]}
COMMAND: GET /session/324496234919104d937ca92dc3ef2aab/screenshot - {}
RESULT: {}
COMMAND: POST /session/324496234919104d937ca92dc3ef2aab/element - {"using":"xpath","value":"//td[@aria-colindex=\"1\"]/div/div[contains(@class, \"sapMCbBg\")]"}
RESULT: {"using":"xpath","value":"//td[@aria-colindex=\"1\"]/div/div[contains(@class, \"sapMCbBg\")]"}
COMMAND: POST /session/324496234919104d937ca92dc3ef2aab/element/f.350099D233706A5CE962F884DCED375A.d.E60045586D59A366BEE39059722FD710.e.22341/click - {}
RESULT: {}
COMMAND: GET /session/324496234919104d937ca92dc3ef2aab/screenshot - {}
RESULT: {}
COMMAND: POST /session/324496234919104d937ca92dc3ef2aab/execute/async - {"script":"<script> [1562 bytes]","args":[{"selector":{"id":"application-managebillings-display-component---billRunCalcResult--contractBillRunDate","interaction":{"idSuffix":"inner"}},"wdio_ui5_key":"applicationmanagebillings-display-component---billRunCalcResult--contractBillRunDate"}]}
RESULT: {"script":"<script> [1562 bytes]","args":[{"selector":{"id":"application-managebillings-display-component---billRunCalcResult--contractBillRunDate","interaction":{"idSuffix":"inner"}},"wdio_ui5_key":"applicationmanagebillings-display-component---billRunCalcResult--contractBillRunDate"}]}
RESULT: undefined
COMMAND: POST /session/324496234919104d937ca92dc3ef2aab/execute/async - {"script":"<script> [776 bytes]","args":[{"enterText":"5/23/25","selector":{"id":"application-managebillings-display-component---billRunCalcResult--contractBillRunDate","interaction":{"idSuffix":"inner"}},"clearTextFirst":true,"interactionType":"ENTER_TEXT"}]}
RESULT: {"script":"<script> [776 bytes]","args":[{"enterText":"5/23/25","selector":{"id":"application-managebillings-display-component---billRunCalcResult--contractBillRunDate","interaction":{"idSuffix":"inner"}},"clearTextFirst":true,"interactionType":"ENTER_TEXT"}]}
COMMAND: POST /session/324496234919104d937ca92dc3ef2aab/element - {"using":"xpath","value":"//bdi[contains(text(), \"Trigger Calculation\")]"}
RESULT: {"using":"xpath","value":"//bdi[contains(text(), \"Trigger Calculation\")]"}
COMMAND: POST /session/324496234919104d937ca92dc3ef2aab/element/f.350099D233706A5CE962F884DCED375A.d.E60045586D59A366BEE39059722FD710.e.22363/click - {}
RESULT: {}
COMMAND: GET /session/324496234919104d937ca92dc3ef2aab/screenshot - {}
RESULT: {}
COMMAND: POST /session/324496234919104d937ca92dc3ef2aab/element - {"using":"xpath","value":"(//span[contains(@id, \"imgNav\")])[1]"}
RESULT: {"using":"xpath","value":"(//span[contains(@id, \"imgNav\")])[1]"}
COMMAND: POST /session/324496234919104d937ca92dc3ef2aab/element/f.350099D233706A5CE962F884DCED375A.d.E60045586D59A366BEE39059722FD710.e.22355/click - {}
RESULT: {}
COMMAND: GET /session/324496234919104d937ca92dc3ef2aab/screenshot - {}
RESULT: {}
COMMAND: POST /session/324496234919104d937ca92dc3ef2aab/element - {"using":"xpath","value":"//tr/td[6]/div[1]/span[1]/span[1]"}
RESULT: {"using":"xpath","value":"//tr/td[6]/div[1]/span[1]/span[1]"}
COMMAND: GET /session/324496234919104d937ca92dc3ef2aab/element/f.350099D233706A5CE962F884DCED375A.d.E60045586D59A366BEE39059722FD710.e.22369/text - {}
RESULT: {}
COMMAND: POST /session/324496234919104d937ca92dc3ef2aab/element - {"using":"xpath","value":"(//span[contains(@id, \"imgNav\")])[2]"}
RESULT: {"using":"xpath","value":"(//span[contains(@id, \"imgNav\")])[2]"}
COMMAND: POST /session/324496234919104d937ca92dc3ef2aab/element/f.350099D233706A5CE962F884DCED375A.d.E60045586D59A366BEE39059722FD710.e.22370/click - {}
RESULT: {}
COMMAND: POST /session/324496234919104d937ca92dc3ef2aab/element - {"using":"xpath","value":"//bdi[contains(text(), \"Business Confirm\")]"}
COMMAND: GET /session/324496234919104d937ca92dc3ef2aab/screenshot - {}
RESULT: {"using":"xpath","value":"//bdi[contains(text(), \"Business Confirm\")]"}
COMMAND: POST /session/324496234919104d937ca92dc3ef2aab/elements - {"using":"xpath","value":"//bdi[contains(text(), \"Business Confirm\")]"}
RESULT: {}
RESULT: {"using":"xpath","value":"//bdi[contains(text(), \"Business Confirm\")]"}
COMMAND: POST /session/324496234919104d937ca92dc3ef2aab/element - {"using":"xpath","value":"//bdi[contains(text(), \"Business Confirm\")]"}
RESULT: {"using":"xpath","value":"//bdi[contains(text(), \"Business Confirm\")]"}
COMMAND: POST /session/324496234919104d937ca92dc3ef2aab/element/f.350099D233706A5CE962F884DCED375A.d.E60045586D59A366BEE39059722FD710.e.22373/click - {}
COMMAND: POST /session/324496234919104d937ca92dc3ef2aab/element - {"using":"xpath","value":"//bdi[contains(text(), \"Business Confirm\")]"}
RESULT: {"using":"xpath","value":"//bdi[contains(text(), \"Business Confirm\")]"}
COMMAND: POST /session/324496234919104d937ca92dc3ef2aab/element/f.350099D233706A5CE962F884DCED375A.d.E60045586D59A366BEE39059722FD710.e.22373/click - {}
COMMAND: POST /session/324496234919104d937ca92dc3ef2aab/element - {"using":"xpath","value":"//bdi[contains(text(), \"Business Confirm\")]"}
RESULT: {"using":"xpath","value":"//bdi[contains(text(), \"Business Confirm\")]"}
COMMAND: POST /session/324496234919104d937ca92dc3ef2aab/element/f.350099D233706A5CE962F884DCED375A.d.E60045586D59A366BEE39059722FD710.e.22421/click - {}
RESULT: {}
COMMAND: POST /session/324496234919104d937ca92dc3ef2aab/element - {"using":"css selector","value":"#shell-header-logo"}
COMMAND: GET /session/324496234919104d937ca92dc3ef2aab/screenshot - {}
RESULT: {"using":"css selector","value":"#shell-header-logo"}
COMMAND: POST /session/324496234919104d937ca92dc3ef2aab/element/f.350099D233706A5CE962F884DCED375A.d.E60045586D59A366BEE39059722FD710.e.22129/click - {}
RESULT: {}
RESULT: {}
COMMAND: GET /session/324496234919104d937ca92dc3ef2aab/screenshot - {}
RESULT: {}
]]></system-out>
    </testcase>
    <testcase classname="chrome.136_0_7103_93.windows.Billing_Calculation_-_Time_based_(considering_transport_times)_US139738" name="Should transfer the billing all the way to completion" time="84.381">
      <system-out><![CDATA[
COMMAND: POST /session/324496234919104d937ca92dc3ef2aab/execute/async - {"script":"<script> [1562 bytes]","args":[{"selector":{"controlType":"sap.m.GenericTile","properties":{"header":"Billing Transfer"}},"wdio_ui5_key":"sapm.GenericTile{\"header\":\"Billing Transfer\"}"}]}
RESULT: {"script":"<script> [1562 bytes]","args":[{"selector":{"controlType":"sap.m.GenericTile","properties":{"header":"Billing Transfer"}},"wdio_ui5_key":"sapm.GenericTile{\"header\":\"Billing Transfer\"}"}]}
RESULT: undefined
COMMAND: POST /session/324496234919104d937ca92dc3ef2aab/element - {"using":"xpath","value":"//*[@id=\"__tile50\"]"}
RESULT: {"using":"xpath","value":"//*[@id=\"__tile50\"]"}
COMMAND: POST /session/324496234919104d937ca92dc3ef2aab/element/f.350099D233706A5CE962F884DCED375A.d.E60045586D59A366BEE39059722FD710.e.18385/click - {}
RESULT: {}
COMMAND: GET /session/324496234919104d937ca92dc3ef2aab/screenshot - {}
RESULT: {}
COMMAND: POST /session/324496234919104d937ca92dc3ef2aab/elements - {"using":"xpath","value":"//span[text()='Error']"}
RESULT: {"using":"xpath","value":"//span[text()='Error']"}
COMMAND: POST /session/324496234919104d937ca92dc3ef2aab/element - {"using":"xpath","value":"//input[contains(@id ,\"application-billingtransfer-display-component---billingWorkbench--smartFilterBar-btnBasicSearch\")]"}
RESULT: {"using":"xpath","value":"//input[contains(@id ,\"application-billingtransfer-display-component---billingWorkbench--smartFilterBar-btnBasicSearch\")]"}
COMMAND: POST /session/324496234919104d937ca92dc3ef2aab/elements - {"using":"xpath","value":"//input[contains(@id ,\"application-billingtransfer-display-component---billingWorkbench--smartFilterBar-btnBasicSearch\")]"}
RESULT: {"using":"xpath","value":"//input[contains(@id ,\"application-billingtransfer-display-component---billingWorkbench--smartFilterBar-btnBasicSearch\")]"}
COMMAND: POST /session/324496234919104d937ca92dc3ef2aab/execute/sync - {"script":"<script> [8489 bytes]","args":[{"element-6066-11e4-a52e-4f735466cecf":"f.350099D233706A5CE962F884DCED375A.d.E60045586D59A366BEE39059722FD710.e.22449","ELEMENT":"f.350099D233706A5CE962F884DCED375A.d.E60045586D59A366BEE39059722FD710.e.22449"}]}
RESULT: {"script":"<script> [8489 bytes]","args":[{"element-6066-11e4-a52e-4f735466cecf":"f.350099D233706A5CE962F884DCED375A.d.E60045586D59A366BEE39059722FD710.e.22449","ELEMENT":"f.350099D233706A5CE962F884DCED375A.d.E60045586D59A366BEE39059722FD710.e.22449"}]}
COMMAND: GET /session/324496234919104d937ca92dc3ef2aab/element/f.350099D233706A5CE962F884DCED375A.d.E60045586D59A366BEE39059722FD710.e.22449/enabled - {}
COMMAND: GET /session/324496234919104d937ca92dc3ef2aab/screenshot - {}
RESULT: {}
COMMAND: POST /session/324496234919104d937ca92dc3ef2aab/element/f.350099D233706A5CE962F884DCED375A.d.E60045586D59A366BEE39059722FD710.e.22449/click - {}
COMMAND: GET /session/324496234919104d937ca92dc3ef2aab/screenshot - {}
RESULT: {}
RESULT: {}
COMMAND: GET /session/324496234919104d937ca92dc3ef2aab/screenshot - {}
RESULT: {}
RESULT: {}
COMMAND: POST /session/324496234919104d937ca92dc3ef2aab/element/f.350099D233706A5CE962F884DCED375A.d.E60045586D59A366BEE39059722FD710.e.22449/clear - {}
RESULT: {}
COMMAND: POST /session/324496234919104d937ca92dc3ef2aab/element/f.350099D233706A5CE962F884DCED375A.d.E60045586D59A366BEE39059722FD710.e.22449/value - {"text":"10175"}
COMMAND: GET /session/324496234919104d937ca92dc3ef2aab/screenshot - {}
RESULT: {"text":"10175"}
COMMAND: POST /session/324496234919104d937ca92dc3ef2aab/actions - {"actions":[{"id":"action82","type":"key","parameters":{},"actions":[{"type":"keyDown","value":""},{"type":"pause","duration":10},{"type":"keyUp","value":""}]}]}
COMMAND: GET /session/324496234919104d937ca92dc3ef2aab/screenshot - {}
RESULT: {}
RESULT: {"actions":[{"id":"action82","type":"key","parameters":{},"actions":[{"type":"keyDown","value":""},{"type":"pause","duration":10},{"type":"keyUp","value":""}]}]}
COMMAND: GET /session/324496234919104d937ca92dc3ef2aab/screenshot - {}
RESULT: {}
RESULT: {}
COMMAND: POST /session/324496234919104d937ca92dc3ef2aab/element - {"using":"xpath","value":"//span[contains(@id ,\"application-billingtransfer-display-component---billingWorkbench--smartTableBillingRuns-header-inner\")]"}
RESULT: {"using":"xpath","value":"//span[contains(@id ,\"application-billingtransfer-display-component---billingWorkbench--smartTableBillingRuns-header-inner\")]"}
COMMAND: POST /session/324496234919104d937ca92dc3ef2aab/elements - {"using":"xpath","value":"//span[contains(@id ,\"application-billingtransfer-display-component---billingWorkbench--smartTableBillingRuns-header-inner\")]"}
RESULT: {"using":"xpath","value":"//span[contains(@id ,\"application-billingtransfer-display-component---billingWorkbench--smartTableBillingRuns-header-inner\")]"}
COMMAND: POST /session/324496234919104d937ca92dc3ef2aab/execute/sync - {"script":"<script> [56 bytes]","args":[{"element-6066-11e4-a52e-4f735466cecf":"f.350099D233706A5CE962F884DCED375A.d.E60045586D59A366BEE39059722FD710.e.22637","ELEMENT":"f.350099D233706A5CE962F884DCED375A.d.E60045586D59A366BEE39059722FD710.e.22637"}]}
RESULT: {"script":"<script> [56 bytes]","args":[{"element-6066-11e4-a52e-4f735466cecf":"f.350099D233706A5CE962F884DCED375A.d.E60045586D59A366BEE39059722FD710.e.22637","ELEMENT":"f.350099D233706A5CE962F884DCED375A.d.E60045586D59A366BEE39059722FD710.e.22637"}]}
COMMAND: POST /session/324496234919104d937ca92dc3ef2aab/element - {"using":"xpath","value":"//td[@aria-colindex=\"1\"]/div/div[contains(@class, \"sapMCbBg\")]"}
COMMAND: GET /session/324496234919104d937ca92dc3ef2aab/screenshot - {}
RESULT: {"using":"xpath","value":"//td[@aria-colindex=\"1\"]/div/div[contains(@class, \"sapMCbBg\")]"}
COMMAND: POST /session/324496234919104d937ca92dc3ef2aab/element/f.350099D233706A5CE962F884DCED375A.d.E60045586D59A366BEE39059722FD710.e.22508/click - {}
RESULT: {}
RESULT: {}
COMMAND: GET /session/324496234919104d937ca92dc3ef2aab/screenshot - {}
RESULT: {}
COMMAND: POST /session/324496234919104d937ca92dc3ef2aab/element - {"using":"xpath","value":"//bdi[contains(text(), \"Check\")]"}
RESULT: {"using":"xpath","value":"//bdi[contains(text(), \"Check\")]"}
COMMAND: POST /session/324496234919104d937ca92dc3ef2aab/element/f.350099D233706A5CE962F884DCED375A.d.E60045586D59A366BEE39059722FD710.e.22638/click - {}
RESULT: {}
COMMAND: GET /session/324496234919104d937ca92dc3ef2aab/screenshot - {}
RESULT: {}
COMMAND: POST /session/324496234919104d937ca92dc3ef2aab/element - {"using":"xpath","value":"//bdi[contains(text(), \"OK\")]"}
RESULT: {"using":"xpath","value":"//bdi[contains(text(), \"OK\")]"}
COMMAND: POST /session/324496234919104d937ca92dc3ef2aab/element/f.350099D233706A5CE962F884DCED375A.d.E60045586D59A366BEE39059722FD710.e.22641/click - {}
RESULT: {}
COMMAND: GET /session/324496234919104d937ca92dc3ef2aab/screenshot - {}
RESULT: {}
COMMAND: POST /session/324496234919104d937ca92dc3ef2aab/element - {"using":"xpath","value":"(//span[contains(text(), \"CO/SD checked\")]/parent::div/preceding-sibling::div/span)[1]"}
RESULT: {"using":"xpath","value":"(//span[contains(text(), \"CO/SD checked\")]/parent::div/preceding-sibling::div/span)[1]"}
COMMAND: POST /session/324496234919104d937ca92dc3ef2aab/element/f.350099D233706A5CE962F884DCED375A.d.E60045586D59A366BEE39059722FD710.e.22643/click - {}
RESULT: {}
COMMAND: GET /session/324496234919104d937ca92dc3ef2aab/screenshot - {}
RESULT: {}
COMMAND: POST /session/324496234919104d937ca92dc3ef2aab/element - {"using":"xpath","value":"//input[contains(@id ,\"application-billingtransfer-display-component---billingWorkbench--smartFilterBar-btnBasicSearch\")]"}
RESULT: {"using":"xpath","value":"//input[contains(@id ,\"application-billingtransfer-display-component---billingWorkbench--smartFilterBar-btnBasicSearch\")]"}
COMMAND: POST /session/324496234919104d937ca92dc3ef2aab/elements - {"using":"xpath","value":"//input[contains(@id ,\"application-billingtransfer-display-component---billingWorkbench--smartFilterBar-btnBasicSearch\")]"}
RESULT: {"using":"xpath","value":"//input[contains(@id ,\"application-billingtransfer-display-component---billingWorkbench--smartFilterBar-btnBasicSearch\")]"}
COMMAND: POST /session/324496234919104d937ca92dc3ef2aab/execute/sync - {"script":"<script> [8489 bytes]","args":[{"element-6066-11e4-a52e-4f735466cecf":"f.350099D233706A5CE962F884DCED375A.d.E60045586D59A366BEE39059722FD710.e.22449","ELEMENT":"f.350099D233706A5CE962F884DCED375A.d.E60045586D59A366BEE39059722FD710.e.22449"}]}
RESULT: {"script":"<script> [8489 bytes]","args":[{"element-6066-11e4-a52e-4f735466cecf":"f.350099D233706A5CE962F884DCED375A.d.E60045586D59A366BEE39059722FD710.e.22449","ELEMENT":"f.350099D233706A5CE962F884DCED375A.d.E60045586D59A366BEE39059722FD710.e.22449"}]}
COMMAND: GET /session/324496234919104d937ca92dc3ef2aab/element/f.350099D233706A5CE962F884DCED375A.d.E60045586D59A366BEE39059722FD710.e.22449/enabled - {}
COMMAND: GET /session/324496234919104d937ca92dc3ef2aab/screenshot - {}
RESULT: {}
COMMAND: POST /session/324496234919104d937ca92dc3ef2aab/element/f.350099D233706A5CE962F884DCED375A.d.E60045586D59A366BEE39059722FD710.e.22449/click - {}
COMMAND: GET /session/324496234919104d937ca92dc3ef2aab/screenshot - {}
RESULT: {}
RESULT: {}
COMMAND: GET /session/324496234919104d937ca92dc3ef2aab/screenshot - {}
RESULT: {}
RESULT: {}
COMMAND: POST /session/324496234919104d937ca92dc3ef2aab/element/f.350099D233706A5CE962F884DCED375A.d.E60045586D59A366BEE39059722FD710.e.22449/clear - {}
RESULT: {}
COMMAND: POST /session/324496234919104d937ca92dc3ef2aab/element/f.350099D233706A5CE962F884DCED375A.d.E60045586D59A366BEE39059722FD710.e.22449/value - {"text":"10175"}
COMMAND: GET /session/324496234919104d937ca92dc3ef2aab/screenshot - {}
RESULT: {}
RESULT: {"text":"10175"}
COMMAND: POST /session/324496234919104d937ca92dc3ef2aab/actions - {"actions":[{"id":"action83","type":"key","parameters":{},"actions":[{"type":"keyDown","value":""},{"type":"pause","duration":10},{"type":"keyUp","value":""}]}]}
COMMAND: GET /session/324496234919104d937ca92dc3ef2aab/screenshot - {}
RESULT: {"actions":[{"id":"action83","type":"key","parameters":{},"actions":[{"type":"keyDown","value":""},{"type":"pause","duration":10},{"type":"keyUp","value":""}]}]}
COMMAND: GET /session/324496234919104d937ca92dc3ef2aab/screenshot - {}
RESULT: {}
RESULT: {}
COMMAND: POST /session/324496234919104d937ca92dc3ef2aab/element - {"using":"xpath","value":"//span[contains(@id ,\"application-billingtransfer-display-component---billingWorkbench--smartTableBillingRuns-header-inner\")]"}
RESULT: {"using":"xpath","value":"//span[contains(@id ,\"application-billingtransfer-display-component---billingWorkbench--smartTableBillingRuns-header-inner\")]"}
COMMAND: POST /session/324496234919104d937ca92dc3ef2aab/elements - {"using":"xpath","value":"//span[contains(@id ,\"application-billingtransfer-display-component---billingWorkbench--smartTableBillingRuns-header-inner\")]"}
RESULT: {"using":"xpath","value":"//span[contains(@id ,\"application-billingtransfer-display-component---billingWorkbench--smartTableBillingRuns-header-inner\")]"}
COMMAND: POST /session/324496234919104d937ca92dc3ef2aab/execute/sync - {"script":"<script> [56 bytes]","args":[{"element-6066-11e4-a52e-4f735466cecf":"f.350099D233706A5CE962F884DCED375A.d.E60045586D59A366BEE39059722FD710.e.22637","ELEMENT":"f.350099D233706A5CE962F884DCED375A.d.E60045586D59A366BEE39059722FD710.e.22637"}]}
RESULT: {"script":"<script> [56 bytes]","args":[{"element-6066-11e4-a52e-4f735466cecf":"f.350099D233706A5CE962F884DCED375A.d.E60045586D59A366BEE39059722FD710.e.22637","ELEMENT":"f.350099D233706A5CE962F884DCED375A.d.E60045586D59A366BEE39059722FD710.e.22637"}]}
COMMAND: POST /session/324496234919104d937ca92dc3ef2aab/element - {"using":"xpath","value":"//td[@aria-colindex=\"1\"]/div/div[contains(@class, \"sapMCbBg\")]"}
COMMAND: GET /session/324496234919104d937ca92dc3ef2aab/screenshot - {}
RESULT: {"using":"xpath","value":"//td[@aria-colindex=\"1\"]/div/div[contains(@class, \"sapMCbBg\")]"}
COMMAND: POST /session/324496234919104d937ca92dc3ef2aab/element/f.350099D233706A5CE962F884DCED375A.d.E60045586D59A366BEE39059722FD710.e.22646/click - {}
RESULT: {}
RESULT: {}
COMMAND: GET /session/324496234919104d937ca92dc3ef2aab/screenshot - {}
RESULT: {}
COMMAND: POST /session/324496234919104d937ca92dc3ef2aab/element - {"using":"xpath","value":"//bdi[text()=\"Transfer\"]"}
RESULT: {"using":"xpath","value":"//bdi[text()=\"Transfer\"]"}
COMMAND: POST /session/324496234919104d937ca92dc3ef2aab/element/f.350099D233706A5CE962F884DCED375A.d.E60045586D59A366BEE39059722FD710.e.22647/click - {}
RESULT: {}
COMMAND: GET /session/324496234919104d937ca92dc3ef2aab/screenshot - {}
RESULT: {}
COMMAND: POST /session/324496234919104d937ca92dc3ef2aab/element - {"using":"xpath","value":"//bdi[contains(text(), \"OK\")]"}
RESULT: {"using":"xpath","value":"//bdi[contains(text(), \"OK\")]"}
COMMAND: POST /session/324496234919104d937ca92dc3ef2aab/element/f.350099D233706A5CE962F884DCED375A.d.E60045586D59A366BEE39059722FD710.e.22650/click - {}
RESULT: {}
COMMAND: GET /session/324496234919104d937ca92dc3ef2aab/screenshot - {}
RESULT: {}
COMMAND: POST /session/324496234919104d937ca92dc3ef2aab/element - {"using":"xpath","value":"(//span[contains(text(), \"Completed\")]/parent::div/preceding-sibling::div/span)[1]"}
RESULT: {"using":"xpath","value":"(//span[contains(text(), \"Completed\")]/parent::div/preceding-sibling::div/span)[1]"}
COMMAND: POST /session/324496234919104d937ca92dc3ef2aab/element/f.350099D233706A5CE962F884DCED375A.d.E60045586D59A366BEE39059722FD710.e.22664/click - {}
RESULT: {}
COMMAND: POST /session/324496234919104d937ca92dc3ef2aab/element - {"using":"xpath","value":"//input[contains(@id ,\"application-billingtransfer-display-component---billingWorkbench--smartFilterBar-btnBasicSearch\")]"}
COMMAND: GET /session/324496234919104d937ca92dc3ef2aab/screenshot - {}
RESULT: {"using":"xpath","value":"//input[contains(@id ,\"application-billingtransfer-display-component---billingWorkbench--smartFilterBar-btnBasicSearch\")]"}
COMMAND: POST /session/324496234919104d937ca92dc3ef2aab/elements - {"using":"xpath","value":"//input[contains(@id ,\"application-billingtransfer-display-component---billingWorkbench--smartFilterBar-btnBasicSearch\")]"}
RESULT: {}
RESULT: {"using":"xpath","value":"//input[contains(@id ,\"application-billingtransfer-display-component---billingWorkbench--smartFilterBar-btnBasicSearch\")]"}
COMMAND: POST /session/324496234919104d937ca92dc3ef2aab/execute/sync - {"script":"<script> [8489 bytes]","args":[{"element-6066-11e4-a52e-4f735466cecf":"f.350099D233706A5CE962F884DCED375A.d.E60045586D59A366BEE39059722FD710.e.22449","ELEMENT":"f.350099D233706A5CE962F884DCED375A.d.E60045586D59A366BEE39059722FD710.e.22449"}]}
RESULT: {"script":"<script> [8489 bytes]","args":[{"element-6066-11e4-a52e-4f735466cecf":"f.350099D233706A5CE962F884DCED375A.d.E60045586D59A366BEE39059722FD710.e.22449","ELEMENT":"f.350099D233706A5CE962F884DCED375A.d.E60045586D59A366BEE39059722FD710.e.22449"}]}
COMMAND: GET /session/324496234919104d937ca92dc3ef2aab/element/f.350099D233706A5CE962F884DCED375A.d.E60045586D59A366BEE39059722FD710.e.22449/enabled - {}
COMMAND: GET /session/324496234919104d937ca92dc3ef2aab/screenshot - {}
RESULT: {}
COMMAND: POST /session/324496234919104d937ca92dc3ef2aab/element/f.350099D233706A5CE962F884DCED375A.d.E60045586D59A366BEE39059722FD710.e.22449/click - {}
COMMAND: GET /session/324496234919104d937ca92dc3ef2aab/screenshot - {}
RESULT: {}
RESULT: {}
COMMAND: GET /session/324496234919104d937ca92dc3ef2aab/screenshot - {}
RESULT: {}
RESULT: {}
COMMAND: POST /session/324496234919104d937ca92dc3ef2aab/element/f.350099D233706A5CE962F884DCED375A.d.E60045586D59A366BEE39059722FD710.e.22449/clear - {}
RESULT: {}
COMMAND: POST /session/324496234919104d937ca92dc3ef2aab/element/f.350099D233706A5CE962F884DCED375A.d.E60045586D59A366BEE39059722FD710.e.22449/value - {"text":"10175"}
COMMAND: GET /session/324496234919104d937ca92dc3ef2aab/screenshot - {}
RESULT: {"text":"10175"}
COMMAND: POST /session/324496234919104d937ca92dc3ef2aab/actions - {"actions":[{"id":"action84","type":"key","parameters":{},"actions":[{"type":"keyDown","value":""},{"type":"pause","duration":10},{"type":"keyUp","value":""}]}]}
COMMAND: GET /session/324496234919104d937ca92dc3ef2aab/screenshot - {}
RESULT: {}
RESULT: {"actions":[{"id":"action84","type":"key","parameters":{},"actions":[{"type":"keyDown","value":""},{"type":"pause","duration":10},{"type":"keyUp","value":""}]}]}
COMMAND: GET /session/324496234919104d937ca92dc3ef2aab/screenshot - {}
RESULT: {}
RESULT: {}
COMMAND: POST /session/324496234919104d937ca92dc3ef2aab/element - {"using":"xpath","value":"//span[contains(@id ,\"application-billingtransfer-display-component---billingWorkbench--smartTableBillingRuns-header-inner\")]"}
RESULT: {"using":"xpath","value":"//span[contains(@id ,\"application-billingtransfer-display-component---billingWorkbench--smartTableBillingRuns-header-inner\")]"}
COMMAND: POST /session/324496234919104d937ca92dc3ef2aab/elements - {"using":"xpath","value":"//span[contains(@id ,\"application-billingtransfer-display-component---billingWorkbench--smartTableBillingRuns-header-inner\")]"}
RESULT: {"using":"xpath","value":"//span[contains(@id ,\"application-billingtransfer-display-component---billingWorkbench--smartTableBillingRuns-header-inner\")]"}
COMMAND: POST /session/324496234919104d937ca92dc3ef2aab/execute/sync - {"script":"<script> [56 bytes]","args":[{"element-6066-11e4-a52e-4f735466cecf":"f.350099D233706A5CE962F884DCED375A.d.E60045586D59A366BEE39059722FD710.e.22637","ELEMENT":"f.350099D233706A5CE962F884DCED375A.d.E60045586D59A366BEE39059722FD710.e.22637"}]}
RESULT: {"script":"<script> [56 bytes]","args":[{"element-6066-11e4-a52e-4f735466cecf":"f.350099D233706A5CE962F884DCED375A.d.E60045586D59A366BEE39059722FD710.e.22637","ELEMENT":"f.350099D233706A5CE962F884DCED375A.d.E60045586D59A366BEE39059722FD710.e.22637"}]}
COMMAND: POST /session/324496234919104d937ca92dc3ef2aab/element - {"using":"css selector","value":"#shell-header-logo"}
COMMAND: GET /session/324496234919104d937ca92dc3ef2aab/screenshot - {}
RESULT: {"using":"css selector","value":"#shell-header-logo"}
COMMAND: POST /session/324496234919104d937ca92dc3ef2aab/element/f.350099D233706A5CE962F884DCED375A.d.E60045586D59A366BEE39059722FD710.e.22447/click - {}
RESULT: {}
RESULT: {}
COMMAND: GET /session/324496234919104d937ca92dc3ef2aab/screenshot - {}
RESULT: {}
]]></system-out>
    </testcase>
    <testcase classname="chrome.136_0_7103_93.windows.Billing_Calculation_-_Time_based_(considering_transport_times)_US139738" name="Should navigate to the contract item check the billed until field value" time="49.631">
      <system-out><![CDATA[
RESULT: undefined
COMMAND: POST /session/324496234919104d937ca92dc3ef2aab/element - {"using":"xpath","value":"//*[@id=\"__tile131\"]"}
RESULT: {"using":"xpath","value":"//*[@id=\"__tile131\"]"}
COMMAND: POST /session/324496234919104d937ca92dc3ef2aab/element/f.350099D233706A5CE962F884DCED375A.d.E60045586D59A366BEE39059722FD710.e.18332/click - {}
RESULT: {}
COMMAND: GET /session/324496234919104d937ca92dc3ef2aab/screenshot - {}
RESULT: {}
COMMAND: POST /session/324496234919104d937ca92dc3ef2aab/elements - {"using":"xpath","value":"//span[text()='Error']"}
RESULT: {"using":"xpath","value":"//span[text()='Error']"}
COMMAND: POST /session/324496234919104d937ca92dc3ef2aab/element - {"using":"xpath","value":"//button[@data-kt=\"addButton\"]"}
RESULT: {"using":"xpath","value":"//button[@data-kt=\"addButton\"]"}
COMMAND: POST /session/324496234919104d937ca92dc3ef2aab/elements - {"using":"xpath","value":"//button[@data-kt=\"addButton\"]"}
RESULT: {"using":"xpath","value":"//button[@data-kt=\"addButton\"]"}
COMMAND: POST /session/324496234919104d937ca92dc3ef2aab/execute/sync - {"script":"<script> [8489 bytes]","args":[{"element-6066-11e4-a52e-4f735466cecf":"f.350099D233706A5CE962F884DCED375A.d.E60045586D59A366BEE39059722FD710.e.22714","ELEMENT":"f.350099D233706A5CE962F884DCED375A.d.E60045586D59A366BEE39059722FD710.e.22714"}]}
RESULT: {"script":"<script> [8489 bytes]","args":[{"element-6066-11e4-a52e-4f735466cecf":"f.350099D233706A5CE962F884DCED375A.d.E60045586D59A366BEE39059722FD710.e.22714","ELEMENT":"f.350099D233706A5CE962F884DCED375A.d.E60045586D59A366BEE39059722FD710.e.22714"}]}
COMMAND: GET /session/324496234919104d937ca92dc3ef2aab/element/f.350099D233706A5CE962F884DCED375A.d.E60045586D59A366BEE39059722FD710.e.22714/enabled - {}
COMMAND: GET /session/324496234919104d937ca92dc3ef2aab/screenshot - {}
RESULT: {}
COMMAND: POST /session/324496234919104d937ca92dc3ef2aab/execute/sync - {"script":"<script> [8489 bytes]","args":[{"element-6066-11e4-a52e-4f735466cecf":"f.350099D233706A5CE962F884DCED375A.d.E60045586D59A366BEE39059722FD710.e.22714","ELEMENT":"f.350099D233706A5CE962F884DCED375A.d.E60045586D59A366BEE39059722FD710.e.22714"}]}
COMMAND: GET /session/324496234919104d937ca92dc3ef2aab/screenshot - {}
RESULT: {}
RESULT: {"script":"<script> [8489 bytes]","args":[{"element-6066-11e4-a52e-4f735466cecf":"f.350099D233706A5CE962F884DCED375A.d.E60045586D59A366BEE39059722FD710.e.22714","ELEMENT":"f.350099D233706A5CE962F884DCED375A.d.E60045586D59A366BEE39059722FD710.e.22714"}]}
COMMAND: POST /session/324496234919104d937ca92dc3ef2aab/execute/sync - {"script":"<script> [5351 bytes]","args":[{"element-6066-11e4-a52e-4f735466cecf":"f.350099D233706A5CE962F884DCED375A.d.E60045586D59A366BEE39059722FD710.e.22714","ELEMENT":"f.350099D233706A5CE962F884DCED375A.d.E60045586D59A366BEE39059722FD710.e.22714"}]}
COMMAND: GET /session/324496234919104d937ca92dc3ef2aab/screenshot - {}
RESULT: {}
RESULT: {"script":"<script> [5351 bytes]","args":[{"element-6066-11e4-a52e-4f735466cecf":"f.350099D233706A5CE962F884DCED375A.d.E60045586D59A366BEE39059722FD710.e.22714","ELEMENT":"f.350099D233706A5CE962F884DCED375A.d.E60045586D59A366BEE39059722FD710.e.22714"}]}
COMMAND: POST /session/324496234919104d937ca92dc3ef2aab/element - {"using":"xpath","value":"//input[contains(@id ,\"smartContractFilterBar-btnBasicSearch-I\")]"}
COMMAND: GET /session/324496234919104d937ca92dc3ef2aab/screenshot - {}
RESULT: {}
RESULT: {"using":"xpath","value":"//input[contains(@id ,\"smartContractFilterBar-btnBasicSearch-I\")]"}
COMMAND: POST /session/324496234919104d937ca92dc3ef2aab/elements - {"using":"xpath","value":"//input[contains(@id ,\"smartContractFilterBar-btnBasicSearch-I\")]"}
RESULT: {}
RESULT: {"using":"xpath","value":"//input[contains(@id ,\"smartContractFilterBar-btnBasicSearch-I\")]"}
COMMAND: POST /session/324496234919104d937ca92dc3ef2aab/execute/sync - {"script":"<script> [8489 bytes]","args":[{"element-6066-11e4-a52e-4f735466cecf":"f.350099D233706A5CE962F884DCED375A.d.E60045586D59A366BEE39059722FD710.e.22677","ELEMENT":"f.350099D233706A5CE962F884DCED375A.d.E60045586D59A366BEE39059722FD710.e.22677"}]}
RESULT: {"script":"<script> [8489 bytes]","args":[{"element-6066-11e4-a52e-4f735466cecf":"f.350099D233706A5CE962F884DCED375A.d.E60045586D59A366BEE39059722FD710.e.22677","ELEMENT":"f.350099D233706A5CE962F884DCED375A.d.E60045586D59A366BEE39059722FD710.e.22677"}]}
COMMAND: GET /session/324496234919104d937ca92dc3ef2aab/element/f.350099D233706A5CE962F884DCED375A.d.E60045586D59A366BEE39059722FD710.e.22677/enabled - {}
COMMAND: GET /session/324496234919104d937ca92dc3ef2aab/screenshot - {}
RESULT: {}
COMMAND: POST /session/324496234919104d937ca92dc3ef2aab/element/f.350099D233706A5CE962F884DCED375A.d.E60045586D59A366BEE39059722FD710.e.22677/clear - {}
COMMAND: GET /session/324496234919104d937ca92dc3ef2aab/screenshot - {}
RESULT: {}
RESULT: {}
COMMAND: POST /session/324496234919104d937ca92dc3ef2aab/element/f.350099D233706A5CE962F884DCED375A.d.E60045586D59A366BEE39059722FD710.e.22677/value - {"text":"10175"}
COMMAND: GET /session/324496234919104d937ca92dc3ef2aab/screenshot - {}
RESULT: {}
RESULT: {"text":"10175"}
COMMAND: GET /session/324496234919104d937ca92dc3ef2aab/screenshot - {}
RESULT: {}
RESULT: {}
COMMAND: POST /session/324496234919104d937ca92dc3ef2aab/actions - {"actions":[{"id":"action85","type":"key","parameters":{},"actions":[{"type":"keyDown","value":""},{"type":"pause","duration":10},{"type":"keyUp","value":""}]}]}
RESULT: {"actions":[{"id":"action85","type":"key","parameters":{},"actions":[{"type":"keyDown","value":""},{"type":"pause","duration":10},{"type":"keyUp","value":""}]}]}
COMMAND: GET /session/324496234919104d937ca92dc3ef2aab/screenshot - {}
RESULT: {}
COMMAND: POST /session/324496234919104d937ca92dc3ef2aab/element - {"using":"xpath","value":"//span[contains(@id, \"masterListContractsSmartTable-header-inner\")]"}
RESULT: {"using":"xpath","value":"//span[contains(@id, \"masterListContractsSmartTable-header-inner\")]"}
COMMAND: POST /session/324496234919104d937ca92dc3ef2aab/elements - {"using":"xpath","value":"//span[contains(@id, \"masterListContractsSmartTable-header-inner\")]"}
RESULT: {"using":"xpath","value":"//span[contains(@id, \"masterListContractsSmartTable-header-inner\")]"}
COMMAND: POST /session/324496234919104d937ca92dc3ef2aab/execute/sync - {"script":"<script> [56 bytes]","args":[{"element-6066-11e4-a52e-4f735466cecf":"f.350099D233706A5CE962F884DCED375A.d.E60045586D59A366BEE39059722FD710.e.22783","ELEMENT":"f.350099D233706A5CE962F884DCED375A.d.E60045586D59A366BEE39059722FD710.e.22783"}]}
RESULT: {"script":"<script> [56 bytes]","args":[{"element-6066-11e4-a52e-4f735466cecf":"f.350099D233706A5CE962F884DCED375A.d.E60045586D59A366BEE39059722FD710.e.22783","ELEMENT":"f.350099D233706A5CE962F884DCED375A.d.E60045586D59A366BEE39059722FD710.e.22783"}]}
COMMAND: POST /session/324496234919104d937ca92dc3ef2aab/element - {"using":"xpath","value":"(//span[contains(@id, \"imgNav\")])[1]"}
COMMAND: GET /session/324496234919104d937ca92dc3ef2aab/screenshot - {}
RESULT: {"using":"xpath","value":"(//span[contains(@id, \"imgNav\")])[1]"}
COMMAND: POST /session/324496234919104d937ca92dc3ef2aab/element/f.350099D233706A5CE962F884DCED375A.d.E60045586D59A366BEE39059722FD710.e.22782/click - {}
RESULT: {}
RESULT: {}
COMMAND: GET /session/324496234919104d937ca92dc3ef2aab/screenshot - {}
RESULT: {}
COMMAND: POST /session/324496234919104d937ca92dc3ef2aab/element - {"using":"xpath","value":"//tr[@data-kt=\"productsColumnListItem\"]//td//span[contains(@id, \"imgNav\")][1]"}
RESULT: {"using":"xpath","value":"//tr[@data-kt=\"productsColumnListItem\"]//td//span[contains(@id, \"imgNav\")][1]"}
COMMAND: POST /session/324496234919104d937ca92dc3ef2aab/element/f.350099D233706A5CE962F884DCED375A.d.E60045586D59A366BEE39059722FD710.e.22919/click - {}
RESULT: {}
COMMAND: GET /session/324496234919104d937ca92dc3ef2aab/screenshot - {}
RESULT: {}
COMMAND: POST /session/324496234919104d937ca92dc3ef2aab/element - {"using":"xpath","value":"//section[contains(@id, \"application-managecontracts-display-component---BillingItem--ObjectPageLayout-OPHeaderContent\")]/div/div/div/div/div[2]/div/div[2]/span"}
RESULT: {"using":"xpath","value":"//section[contains(@id, \"application-managecontracts-display-component---BillingItem--ObjectPageLayout-OPHeaderContent\")]/div/div/div/div/div[2]/div/div[2]/span"}
COMMAND: POST /session/324496234919104d937ca92dc3ef2aab/execute/sync - {"script":"<script> [56 bytes]","args":[{"element-6066-11e4-a52e-4f735466cecf":"f.350099D233706A5CE962F884DCED375A.d.E60045586D59A366BEE39059722FD710.e.23056","ELEMENT":"f.350099D233706A5CE962F884DCED375A.d.E60045586D59A366BEE39059722FD710.e.23056"}]}
RESULT: {"script":"<script> [56 bytes]","args":[{"element-6066-11e4-a52e-4f735466cecf":"f.350099D233706A5CE962F884DCED375A.d.E60045586D59A366BEE39059722FD710.e.23056","ELEMENT":"f.350099D233706A5CE962F884DCED375A.d.E60045586D59A366BEE39059722FD710.e.23056"}]}
COMMAND: POST /session/324496234919104d937ca92dc3ef2aab/element - {"using":"xpath","value":"//table[contains(@id, \"application-managecontracts-display-component---BillingItem--billingList-listUl\")]//td//*[contains(text(), \"partial billed\")]"}
COMMAND: GET /session/324496234919104d937ca92dc3ef2aab/screenshot - {}
RESULT: {"using":"xpath","value":"//table[contains(@id, \"application-managecontracts-display-component---BillingItem--billingList-listUl\")]//td//*[contains(text(), \"partial billed\")]"}
COMMAND: POST /session/324496234919104d937ca92dc3ef2aab/execute/sync - {"script":"<script> [56 bytes]","args":[{"element-6066-11e4-a52e-4f735466cecf":"f.350099D233706A5CE962F884DCED375A.d.E60045586D59A366BEE39059722FD710.e.23057","ELEMENT":"f.350099D233706A5CE962F884DCED375A.d.E60045586D59A366BEE39059722FD710.e.23057"}]}
RESULT: {}
RESULT: {"script":"<script> [56 bytes]","args":[{"element-6066-11e4-a52e-4f735466cecf":"f.350099D233706A5CE962F884DCED375A.d.E60045586D59A366BEE39059722FD710.e.23057","ELEMENT":"f.350099D233706A5CE962F884DCED375A.d.E60045586D59A366BEE39059722FD710.e.23057"}]}
COMMAND: POST /session/324496234919104d937ca92dc3ef2aab/element - {"using":"css selector","value":"#shell-header-logo"}
COMMAND: GET /session/324496234919104d937ca92dc3ef2aab/screenshot - {}
RESULT: {"using":"css selector","value":"#shell-header-logo"}
COMMAND: POST /session/324496234919104d937ca92dc3ef2aab/element/f.350099D233706A5CE962F884DCED375A.d.E60045586D59A366BEE39059722FD710.e.22668/click - {}
RESULT: {}
RESULT: {}
COMMAND: GET /session/324496234919104d937ca92dc3ef2aab/screenshot - {}
RESULT: {}
]]></system-out>
    </testcase>
    <testcase classname="chrome.136_0_7103_93.windows.Billing_Calculation_-_Time_based_(considering_transport_times)_US139738" name="Should do a handover return 2 step 7 days after provide or 14 days from today receive it in 21 days" time="156.089">
      <failure/>
      <error message="element click intercepted: Element &lt;button id=&quot;__button466&quot; data-sap-ui=&quot;__button466&quot; data-sap-ui-render=&quot;&quot; data-kt=&quot;ReceivingTableConfirmAllButton&quot; data-ui5-accesskey=&quot;c&quot; aria-describedby=&quot;__button466-tooltip&quot; title=&quot;Confirm All&quot; class=&quot;sapMBtnBase sapMBtn sapMColumnHeaderContent&quot;>...&lt;/button> is not clickable at point (726, 749). Other element would receive the click: &lt;div id=&quot;sap-ui-blocklayer-popup&quot; tabindex=&quot;0&quot; class=&quot;sapUiBLy&quot; style=&quot;z-index: 889; visibility: visible;&quot;>&lt;/div>&#xA;  (Session info: chrome=136.0.7103.93)"/>
      <system-out><![CDATA[
RESULT: undefined
COMMAND: POST /session/324496234919104d937ca92dc3ef2aab/element - {"using":"xpath","value":"//*[@id=\"__tile131\"]"}
RESULT: {"using":"xpath","value":"//*[@id=\"__tile131\"]"}
COMMAND: POST /session/324496234919104d937ca92dc3ef2aab/element/f.350099D233706A5CE962F884DCED375A.d.E60045586D59A366BEE39059722FD710.e.18332/click - {}
RESULT: {}
COMMAND: GET /session/324496234919104d937ca92dc3ef2aab/screenshot - {}
COMMAND: POST /session/324496234919104d937ca92dc3ef2aab/elements - {"using":"xpath","value":"//span[text()='Error']"}
RESULT: {}
RESULT: {"using":"xpath","value":"//span[text()='Error']"}
COMMAND: POST /session/324496234919104d937ca92dc3ef2aab/element - {"using":"xpath","value":"//button[@data-kt=\"addButton\"]"}
RESULT: {"using":"xpath","value":"//button[@data-kt=\"addButton\"]"}
COMMAND: POST /session/324496234919104d937ca92dc3ef2aab/elements - {"using":"xpath","value":"//button[@data-kt=\"addButton\"]"}
RESULT: {"using":"xpath","value":"//button[@data-kt=\"addButton\"]"}
COMMAND: POST /session/324496234919104d937ca92dc3ef2aab/execute/sync - {"script":"<script> [8489 bytes]","args":[{"element-6066-11e4-a52e-4f735466cecf":"f.350099D233706A5CE962F884DCED375A.d.E60045586D59A366BEE39059722FD710.e.23105","ELEMENT":"f.350099D233706A5CE962F884DCED375A.d.E60045586D59A366BEE39059722FD710.e.23105"}]}
RESULT: {"script":"<script> [8489 bytes]","args":[{"element-6066-11e4-a52e-4f735466cecf":"f.350099D233706A5CE962F884DCED375A.d.E60045586D59A366BEE39059722FD710.e.23105","ELEMENT":"f.350099D233706A5CE962F884DCED375A.d.E60045586D59A366BEE39059722FD710.e.23105"}]}
COMMAND: GET /session/324496234919104d937ca92dc3ef2aab/element/f.350099D233706A5CE962F884DCED375A.d.E60045586D59A366BEE39059722FD710.e.23105/enabled - {}
COMMAND: GET /session/324496234919104d937ca92dc3ef2aab/screenshot - {}
RESULT: {}
COMMAND: POST /session/324496234919104d937ca92dc3ef2aab/execute/sync - {"script":"<script> [8489 bytes]","args":[{"element-6066-11e4-a52e-4f735466cecf":"f.350099D233706A5CE962F884DCED375A.d.E60045586D59A366BEE39059722FD710.e.23105","ELEMENT":"f.350099D233706A5CE962F884DCED375A.d.E60045586D59A366BEE39059722FD710.e.23105"}]}
RESULT: {}
COMMAND: GET /session/324496234919104d937ca92dc3ef2aab/screenshot - {}
RESULT: {"script":"<script> [8489 bytes]","args":[{"element-6066-11e4-a52e-4f735466cecf":"f.350099D233706A5CE962F884DCED375A.d.E60045586D59A366BEE39059722FD710.e.23105","ELEMENT":"f.350099D233706A5CE962F884DCED375A.d.E60045586D59A366BEE39059722FD710.e.23105"}]}
COMMAND: POST /session/324496234919104d937ca92dc3ef2aab/execute/sync - {"script":"<script> [5351 bytes]","args":[{"element-6066-11e4-a52e-4f735466cecf":"f.350099D233706A5CE962F884DCED375A.d.E60045586D59A366BEE39059722FD710.e.23105","ELEMENT":"f.350099D233706A5CE962F884DCED375A.d.E60045586D59A366BEE39059722FD710.e.23105"}]}
RESULT: {"script":"<script> [5351 bytes]","args":[{"element-6066-11e4-a52e-4f735466cecf":"f.350099D233706A5CE962F884DCED375A.d.E60045586D59A366BEE39059722FD710.e.23105","ELEMENT":"f.350099D233706A5CE962F884DCED375A.d.E60045586D59A366BEE39059722FD710.e.23105"}]}
COMMAND: GET /session/324496234919104d937ca92dc3ef2aab/screenshot - {}
COMMAND: GET /session/324496234919104d937ca92dc3ef2aab/screenshot - {}
RESULT: {}
RESULT: {}
RESULT: {}
COMMAND: POST /session/324496234919104d937ca92dc3ef2aab/element - {"using":"xpath","value":"//input[contains(@id ,\"smartContractFilterBar-btnBasicSearch-I\")]"}
RESULT: {"using":"xpath","value":"//input[contains(@id ,\"smartContractFilterBar-btnBasicSearch-I\")]"}
COMMAND: POST /session/324496234919104d937ca92dc3ef2aab/elements - {"using":"xpath","value":"//input[contains(@id ,\"smartContractFilterBar-btnBasicSearch-I\")]"}
RESULT: {"using":"xpath","value":"//input[contains(@id ,\"smartContractFilterBar-btnBasicSearch-I\")]"}
COMMAND: POST /session/324496234919104d937ca92dc3ef2aab/execute/sync - {"script":"<script> [8489 bytes]","args":[{"element-6066-11e4-a52e-4f735466cecf":"f.350099D233706A5CE962F884DCED375A.d.E60045586D59A366BEE39059722FD710.e.23069","ELEMENT":"f.350099D233706A5CE962F884DCED375A.d.E60045586D59A366BEE39059722FD710.e.23069"}]}
RESULT: {"script":"<script> [8489 bytes]","args":[{"element-6066-11e4-a52e-4f735466cecf":"f.350099D233706A5CE962F884DCED375A.d.E60045586D59A366BEE39059722FD710.e.23069","ELEMENT":"f.350099D233706A5CE962F884DCED375A.d.E60045586D59A366BEE39059722FD710.e.23069"}]}
COMMAND: GET /session/324496234919104d937ca92dc3ef2aab/element/f.350099D233706A5CE962F884DCED375A.d.E60045586D59A366BEE39059722FD710.e.23069/enabled - {}
COMMAND: GET /session/324496234919104d937ca92dc3ef2aab/screenshot - {}
RESULT: {}
COMMAND: POST /session/324496234919104d937ca92dc3ef2aab/element/f.350099D233706A5CE962F884DCED375A.d.E60045586D59A366BEE39059722FD710.e.23069/clear - {}
COMMAND: GET /session/324496234919104d937ca92dc3ef2aab/screenshot - {}
RESULT: {}
RESULT: {}
COMMAND: POST /session/324496234919104d937ca92dc3ef2aab/element/f.350099D233706A5CE962F884DCED375A.d.E60045586D59A366BEE39059722FD710.e.23069/value - {"text":"10175"}
COMMAND: GET /session/324496234919104d937ca92dc3ef2aab/screenshot - {}
RESULT: {}
RESULT: {"text":"10175"}
COMMAND: GET /session/324496234919104d937ca92dc3ef2aab/screenshot - {}
RESULT: {}
RESULT: {}
COMMAND: POST /session/324496234919104d937ca92dc3ef2aab/actions - {"actions":[{"id":"action86","type":"key","parameters":{},"actions":[{"type":"keyDown","value":""},{"type":"pause","duration":10},{"type":"keyUp","value":""}]}]}
RESULT: {"actions":[{"id":"action86","type":"key","parameters":{},"actions":[{"type":"keyDown","value":""},{"type":"pause","duration":10},{"type":"keyUp","value":""}]}]}
COMMAND: GET /session/324496234919104d937ca92dc3ef2aab/screenshot - {}
RESULT: {}
COMMAND: POST /session/324496234919104d937ca92dc3ef2aab/element - {"using":"xpath","value":"//span[contains(@id, \"masterListContractsSmartTable-header-inner\")]"}
RESULT: {"using":"xpath","value":"//span[contains(@id, \"masterListContractsSmartTable-header-inner\")]"}
COMMAND: POST /session/324496234919104d937ca92dc3ef2aab/elements - {"using":"xpath","value":"//span[contains(@id, \"masterListContractsSmartTable-header-inner\")]"}
RESULT: {"using":"xpath","value":"//span[contains(@id, \"masterListContractsSmartTable-header-inner\")]"}
COMMAND: POST /session/324496234919104d937ca92dc3ef2aab/execute/sync - {"script":"<script> [56 bytes]","args":[{"element-6066-11e4-a52e-4f735466cecf":"f.350099D233706A5CE962F884DCED375A.d.E60045586D59A366BEE39059722FD710.e.23173","ELEMENT":"f.350099D233706A5CE962F884DCED375A.d.E60045586D59A366BEE39059722FD710.e.23173"}]}
RESULT: {"script":"<script> [56 bytes]","args":[{"element-6066-11e4-a52e-4f735466cecf":"f.350099D233706A5CE962F884DCED375A.d.E60045586D59A366BEE39059722FD710.e.23173","ELEMENT":"f.350099D233706A5CE962F884DCED375A.d.E60045586D59A366BEE39059722FD710.e.23173"}]}
COMMAND: POST /session/324496234919104d937ca92dc3ef2aab/element - {"using":"xpath","value":"(//span[contains(@id, \"imgNav\")])[1]"}
COMMAND: GET /session/324496234919104d937ca92dc3ef2aab/screenshot - {}
RESULT: {"using":"xpath","value":"(//span[contains(@id, \"imgNav\")])[1]"}
COMMAND: POST /session/324496234919104d937ca92dc3ef2aab/element/f.350099D233706A5CE962F884DCED375A.d.E60045586D59A366BEE39059722FD710.e.23171/click - {}
RESULT: {}
RESULT: {}
COMMAND: GET /session/324496234919104d937ca92dc3ef2aab/screenshot - {}
RESULT: {}
COMMAND: POST /session/324496234919104d937ca92dc3ef2aab/element - {"using":"xpath","value":"//button[contains(@id, \"contractDetailReturnButton\")]"}
RESULT: {"using":"xpath","value":"//button[contains(@id, \"contractDetailReturnButton\")]"}
COMMAND: POST /session/324496234919104d937ca92dc3ef2aab/element/f.350099D233706A5CE962F884DCED375A.d.E60045586D59A366BEE39059722FD710.e.23307/click - {}
RESULT: {}
COMMAND: GET /session/324496234919104d937ca92dc3ef2aab/screenshot - {}
RESULT: undefined
COMMAND: POST /session/324496234919104d937ca92dc3ef2aab/execute/async - {"script":"<script> [776 bytes]","args":[{"enterText":"6/6/25","selector":{"id":"application-managehandovers-display-component---AddNewHO--dueDate","interaction":{"idSuffix":"inner"}},"clearTextFirst":true,"interactionType":"ENTER_TEXT"}]}
RESULT: {}
RESULT: {"script":"<script> [776 bytes]","args":[{"enterText":"6/6/25","selector":{"id":"application-managehandovers-display-component---AddNewHO--dueDate","interaction":{"idSuffix":"inner"}},"clearTextFirst":true,"interactionType":"ENTER_TEXT"}]}
COMMAND: POST /session/324496234919104d937ca92dc3ef2aab/element - {"using":"xpath","value":"//bdi[contains(text(), \"Instructions\")]"}
RESULT: {"using":"xpath","value":"//bdi[contains(text(), \"Instructions\")]"}
COMMAND: POST /session/324496234919104d937ca92dc3ef2aab/element/f.350099D233706A5CE962F884DCED375A.d.E60045586D59A366BEE39059722FD710.e.23480/click - {}
RESULT: {}
COMMAND: GET /session/324496234919104d937ca92dc3ef2aab/screenshot - {}
RESULT: {}
COMMAND: POST /session/324496234919104d937ca92dc3ef2aab/element - {"using":"xpath","value":"//button[@data-kt=\"AddNewHOProvideAddItemsButton\"]"}
RESULT: {"using":"xpath","value":"//button[@data-kt=\"AddNewHOProvideAddItemsButton\"]"}
COMMAND: POST /session/324496234919104d937ca92dc3ef2aab/element/f.350099D233706A5CE962F884DCED375A.d.E60045586D59A366BEE39059722FD710.e.23426/click - {}
RESULT: {}
COMMAND: GET /session/324496234919104d937ca92dc3ef2aab/screenshot - {}
RESULT: {}
RESULT: undefined
COMMAND: POST /session/324496234919104d937ca92dc3ef2aab/element - {"using":"xpath","value":"//*[@id=\"application-managehandovers-display-component---AddNewHO--popup-sa\"]"}
RESULT: {"using":"xpath","value":"//*[@id=\"application-managehandovers-display-component---AddNewHO--popup-sa\"]"}
COMMAND: POST /session/324496234919104d937ca92dc3ef2aab/element/f.350099D233706A5CE962F884DCED375A.d.E60045586D59A366BEE39059722FD710.e.23500/click - {}
RESULT: {}
COMMAND: GET /session/324496234919104d937ca92dc3ef2aab/screenshot - {}
RESULT: {}
COMMAND: POST /session/324496234919104d937ca92dc3ef2aab/element - {"using":"xpath","value":"//*[contains(@id ,\"BDI-content\")][contains(text(), \"Select\")]"}
RESULT: {"using":"xpath","value":"//*[contains(@id ,\"BDI-content\")][contains(text(), \"Select\")]"}
COMMAND: POST /session/324496234919104d937ca92dc3ef2aab/element/f.350099D233706A5CE962F884DCED375A.d.E60045586D59A366BEE39059722FD710.e.23501/click - {}
RESULT: {}
COMMAND: GET /session/324496234919104d937ca92dc3ef2aab/screenshot - {}
RESULT: {}
COMMAND: POST /session/324496234919104d937ca92dc3ef2aab/element - {"using":"xpath","value":"(//div[contains(@id, \"application-managehandovers-display-component---AddNewHO--oneStep-CbBg\")])"}
RESULT: {"using":"xpath","value":"(//div[contains(@id, \"application-managehandovers-display-component---AddNewHO--oneStep-CbBg\")])"}
COMMAND: POST /session/324496234919104d937ca92dc3ef2aab/element/f.350099D233706A5CE962F884DCED375A.d.E60045586D59A366BEE39059722FD710.e.23509/click - {}
RESULT: {}
RESULT: undefined
COMMAND: POST /session/324496234919104d937ca92dc3ef2aab/element - {"using":"xpath","value":"//*[@id=\"application-managehandovers-display-component---AddNewHO--confirmCreationButton\"]"}
COMMAND: GET /session/324496234919104d937ca92dc3ef2aab/screenshot - {}
RESULT: {"using":"xpath","value":"//*[@id=\"application-managehandovers-display-component---AddNewHO--confirmCreationButton\"]"}
COMMAND: POST /session/324496234919104d937ca92dc3ef2aab/element/f.350099D233706A5CE962F884DCED375A.d.E60045586D59A366BEE39059722FD710.e.23433/click - {}
RESULT: {}
RESULT: {}
COMMAND: GET /session/324496234919104d937ca92dc3ef2aab/screenshot - {}
RESULT: {}
RESULT: undefined
COMMAND: POST /session/324496234919104d937ca92dc3ef2aab/execute/async - {"script":"<script> [776 bytes]","args":[{"enterText":"6/6/25","selector":{"id":"issueDatePicker","viewName":"etm.portal.ui.managehandovers.view.DetailExecuteHO","interaction":{"idSuffix":"inner"}},"clearTextFirst":true,"interactionType":"ENTER_TEXT"}]}
RESULT: {"script":"<script> [776 bytes]","args":[{"enterText":"6/6/25","selector":{"id":"issueDatePicker","viewName":"etm.portal.ui.managehandovers.view.DetailExecuteHO","interaction":{"idSuffix":"inner"}},"clearTextFirst":true,"interactionType":"ENTER_TEXT"}]}
COMMAND: POST /session/324496234919104d937ca92dc3ef2aab/element - {"using":"xpath","value":"//button[@data-kt=\"PickingTableConfirmAllButton\"]"}
RESULT: {"using":"xpath","value":"//button[@data-kt=\"PickingTableConfirmAllButton\"]"}
COMMAND: POST /session/324496234919104d937ca92dc3ef2aab/element/f.350099D233706A5CE962F884DCED375A.d.E60045586D59A366BEE39059722FD710.e.23564/click - {}
RESULT: {}
COMMAND: GET /session/324496234919104d937ca92dc3ef2aab/screenshot - {}
RESULT: {}
COMMAND: POST /session/324496234919104d937ca92dc3ef2aab/element - {"using":"xpath","value":"//bdi[contains(text(), \"OK\")]"}
RESULT: {"using":"xpath","value":"//bdi[contains(text(), \"OK\")]"}
COMMAND: POST /session/324496234919104d937ca92dc3ef2aab/element/f.350099D233706A5CE962F884DCED375A.d.E60045586D59A366BEE39059722FD710.e.23567/click - {}
RESULT: {}
COMMAND: GET /session/324496234919104d937ca92dc3ef2aab/screenshot - {}
RESULT: {}
COMMAND: POST /session/324496234919104d937ca92dc3ef2aab/element - {"using":"xpath","value":"//button[@data-kt=\"execHoPickButton\"]"}
RESULT: {"using":"xpath","value":"//button[@data-kt=\"execHoPickButton\"]"}
COMMAND: POST /session/324496234919104d937ca92dc3ef2aab/element/f.350099D233706A5CE962F884DCED375A.d.E60045586D59A366BEE39059722FD710.e.23569/click - {}
RESULT: {}
COMMAND: GET /session/324496234919104d937ca92dc3ef2aab/screenshot - {}
RESULT: {}
COMMAND: POST /session/324496234919104d937ca92dc3ef2aab/element - {"using":"xpath","value":"//span[contains(@id ,\"filterItemControl_BASIC-SEND_CONTRACT-vhi\")]"}
RESULT: {"using":"xpath","value":"//span[contains(@id ,\"filterItemControl_BASIC-SEND_CONTRACT-vhi\")]"}
COMMAND: POST /session/324496234919104d937ca92dc3ef2aab/element/f.350099D233706A5CE962F884DCED375A.d.E60045586D59A366BEE39059722FD710.e.23762/click - {}
RESULT: {}
COMMAND: GET /session/324496234919104d937ca92dc3ef2aab/screenshot - {}
RESULT: {}
RESULT: undefined
COMMAND: POST /session/324496234919104d937ca92dc3ef2aab/execute/async - {"script":"<script> [776 bytes]","args":[{"enterText":"10175","selector":{"controlType":"sap.m.SearchField","viewName":"etm.portal.ui.managehandovers.view.MasterHO","bindingPath":{"path":"","propertyPath":"/_BASIC_SEARCH_FIELD","modelName":"fi1t3rM0d31"},"searchOpenDialogs":true,"interaction":{"idSuffix":"I"}},"clearTextFirst":true,"interactionType":"ENTER_TEXT"}]}
RESULT: {"script":"<script> [776 bytes]","args":[{"enterText":"10175","selector":{"controlType":"sap.m.SearchField","viewName":"etm.portal.ui.managehandovers.view.MasterHO","bindingPath":{"path":"","propertyPath":"/_BASIC_SEARCH_FIELD","modelName":"fi1t3rM0d31"},"searchOpenDialogs":true,"interaction":{"idSuffix":"I"}},"clearTextFirst":true,"interactionType":"ENTER_TEXT"}]}
COMMAND: POST /session/324496234919104d937ca92dc3ef2aab/actions - {"actions":[{"id":"action87","type":"key","parameters":{},"actions":[{"type":"keyDown","value":""},{"type":"pause","duration":10},{"type":"keyUp","value":""}]}]}
RESULT: {"actions":[{"id":"action87","type":"key","parameters":{},"actions":[{"type":"keyDown","value":""},{"type":"pause","duration":10},{"type":"keyUp","value":""}]}]}
COMMAND: GET /session/324496234919104d937ca92dc3ef2aab/screenshot - {}
RESULT: {}
COMMAND: POST /session/324496234919104d937ca92dc3ef2aab/element - {"using":"xpath","value":"//div[contains(@id, 'filterItemControl_BASIC-SEND_CONTRACT-valueHelpDialog-table-rowsel0')]"}
RESULT: {"using":"xpath","value":"//div[contains(@id, 'filterItemControl_BASIC-SEND_CONTRACT-valueHelpDialog-table-rowsel0')]"}
COMMAND: POST /session/324496234919104d937ca92dc3ef2aab/element/f.350099D233706A5CE962F884DCED375A.d.E60045586D59A366BEE39059722FD710.e.23771/click - {}
RESULT: {}
COMMAND: GET /session/324496234919104d937ca92dc3ef2aab/screenshot - {}
RESULT: {}
COMMAND: POST /session/324496234919104d937ca92dc3ef2aab/element - {"using":"xpath","value":"//bdi[contains(text(), \"OK\")]"}
RESULT: {"using":"xpath","value":"//bdi[contains(text(), \"OK\")]"}
COMMAND: POST /session/324496234919104d937ca92dc3ef2aab/element/f.350099D233706A5CE962F884DCED375A.d.E60045586D59A366BEE39059722FD710.e.23773/click - {}
RESULT: {}
COMMAND: GET /session/324496234919104d937ca92dc3ef2aab/screenshot - {}
RESULT: {}
COMMAND: POST /session/324496234919104d937ca92dc3ef2aab/element - {"using":"xpath","value":"//span[contains(@id, \"smartTable-header-inner\")]"}
RESULT: {"using":"xpath","value":"//span[contains(@id, \"smartTable-header-inner\")]"}
COMMAND: POST /session/324496234919104d937ca92dc3ef2aab/elements - {"using":"xpath","value":"//span[contains(@id, \"smartTable-header-inner\")]"}
RESULT: {"using":"xpath","value":"//span[contains(@id, \"smartTable-header-inner\")]"}
COMMAND: POST /session/324496234919104d937ca92dc3ef2aab/execute/sync - {"script":"<script> [56 bytes]","args":[{"element-6066-11e4-a52e-4f735466cecf":"f.350099D233706A5CE962F884DCED375A.d.E60045586D59A366BEE39059722FD710.e.23802","ELEMENT":"f.350099D233706A5CE962F884DCED375A.d.E60045586D59A366BEE39059722FD710.e.23802"}]}
RESULT: {"script":"<script> [56 bytes]","args":[{"element-6066-11e4-a52e-4f735466cecf":"f.350099D233706A5CE962F884DCED375A.d.E60045586D59A366BEE39059722FD710.e.23802","ELEMENT":"f.350099D233706A5CE962F884DCED375A.d.E60045586D59A366BEE39059722FD710.e.23802"}]}
COMMAND: POST /session/324496234919104d937ca92dc3ef2aab/element - {"using":"xpath","value":"//table[contains(@id, \"customHandovers\")]//tbody/tr[1]/td[2]/span"}
COMMAND: GET /session/324496234919104d937ca92dc3ef2aab/screenshot - {}
RESULT: {"using":"xpath","value":"//table[contains(@id, \"customHandovers\")]//tbody/tr[1]/td[2]/span"}
COMMAND: POST /session/324496234919104d937ca92dc3ef2aab/execute/sync - {"script":"<script> [56 bytes]","args":[{"element-6066-11e4-a52e-4f735466cecf":"f.350099D233706A5CE962F884DCED375A.d.E60045586D59A366BEE39059722FD710.e.23803","ELEMENT":"f.350099D233706A5CE962F884DCED375A.d.E60045586D59A366BEE39059722FD710.e.23803"}]}
RESULT: {}
RESULT: {"script":"<script> [56 bytes]","args":[{"element-6066-11e4-a52e-4f735466cecf":"f.350099D233706A5CE962F884DCED375A.d.E60045586D59A366BEE39059722FD710.e.23803","ELEMENT":"f.350099D233706A5CE962F884DCED375A.d.E60045586D59A366BEE39059722FD710.e.23803"}]}
COMMAND: POST /session/324496234919104d937ca92dc3ef2aab/element - {"using":"xpath","value":"(//span[contains(@id, \"imgNav\")])[1]"}
COMMAND: GET /session/324496234919104d937ca92dc3ef2aab/screenshot - {}
RESULT: {"using":"xpath","value":"(//span[contains(@id, \"imgNav\")])[1]"}
COMMAND: POST /session/324496234919104d937ca92dc3ef2aab/element/f.350099D233706A5CE962F884DCED375A.d.E60045586D59A366BEE39059722FD710.e.23800/click - {}
RESULT: {}
RESULT: {}
COMMAND: GET /session/324496234919104d937ca92dc3ef2aab/screenshot - {}
RESULT: {}
RESULT: undefined
COMMAND: POST /session/324496234919104d937ca92dc3ef2aab/execute/async - {"script":"<script> [776 bytes]","args":[{"enterText":"6/6/25","selector":{"id":"issueDatePicker","viewName":"etm.portal.ui.managehandovers.view.DetailExecuteHO","interaction":{"idSuffix":"inner"}},"clearTextFirst":true,"interactionType":"ENTER_TEXT"}]}
RESULT: {"script":"<script> [776 bytes]","args":[{"enterText":"6/6/25","selector":{"id":"issueDatePicker","viewName":"etm.portal.ui.managehandovers.view.DetailExecuteHO","interaction":{"idSuffix":"inner"}},"clearTextFirst":true,"interactionType":"ENTER_TEXT"}]}
COMMAND: POST /session/324496234919104d937ca92dc3ef2aab/element - {"using":"xpath","value":"//button[@data-kt=\"IssuingTableConfirmAllButton\"]"}
RESULT: {"using":"xpath","value":"//button[@data-kt=\"IssuingTableConfirmAllButton\"]"}
COMMAND: POST /session/324496234919104d937ca92dc3ef2aab/element/f.350099D233706A5CE962F884DCED375A.d.E60045586D59A366BEE39059722FD710.e.23844/click - {}
RESULT: {}
COMMAND: GET /session/324496234919104d937ca92dc3ef2aab/screenshot - {}
RESULT: {}
COMMAND: POST /session/324496234919104d937ca92dc3ef2aab/element - {"using":"xpath","value":"//bdi[contains(text(), \"OK\")]"}
RESULT: {"using":"xpath","value":"//bdi[contains(text(), \"OK\")]"}
COMMAND: POST /session/324496234919104d937ca92dc3ef2aab/element/f.350099D233706A5CE962F884DCED375A.d.E60045586D59A366BEE39059722FD710.e.23862/click - {}
RESULT: {}
COMMAND: GET /session/324496234919104d937ca92dc3ef2aab/screenshot - {}
RESULT: {}
COMMAND: POST /session/324496234919104d937ca92dc3ef2aab/element - {"using":"xpath","value":"//button[@data-kt=\"execHoIssueButton\"]"}
RESULT: {"using":"xpath","value":"//button[@data-kt=\"execHoIssueButton\"]"}
COMMAND: POST /session/324496234919104d937ca92dc3ef2aab/element/f.350099D233706A5CE962F884DCED375A.d.E60045586D59A366BEE39059722FD710.e.23864/click - {}
RESULT: {}
COMMAND: GET /session/324496234919104d937ca92dc3ef2aab/screenshot - {}
RESULT: {}
COMMAND: POST /session/324496234919104d937ca92dc3ef2aab/element - {"using":"xpath","value":"//input[contains(@id ,\"smartFilterBar-btnBasicSearch-I\")]"}
RESULT: {"using":"xpath","value":"//input[contains(@id ,\"smartFilterBar-btnBasicSearch-I\")]"}
COMMAND: POST /session/324496234919104d937ca92dc3ef2aab/elements - {"using":"xpath","value":"//input[contains(@id ,\"smartFilterBar-btnBasicSearch-I\")]"}
RESULT: {"using":"xpath","value":"//input[contains(@id ,\"smartFilterBar-btnBasicSearch-I\")]"}
COMMAND: POST /session/324496234919104d937ca92dc3ef2aab/execute/sync - {"script":"<script> [8489 bytes]","args":[{"element-6066-11e4-a52e-4f735466cecf":"f.350099D233706A5CE962F884DCED375A.d.E60045586D59A366BEE39059722FD710.e.23388","ELEMENT":"f.350099D233706A5CE962F884DCED375A.d.E60045586D59A366BEE39059722FD710.e.23388"}]}
RESULT: {"script":"<script> [8489 bytes]","args":[{"element-6066-11e4-a52e-4f735466cecf":"f.350099D233706A5CE962F884DCED375A.d.E60045586D59A366BEE39059722FD710.e.23388","ELEMENT":"f.350099D233706A5CE962F884DCED375A.d.E60045586D59A366BEE39059722FD710.e.23388"}]}
COMMAND: GET /session/324496234919104d937ca92dc3ef2aab/element/f.350099D233706A5CE962F884DCED375A.d.E60045586D59A366BEE39059722FD710.e.23388/enabled - {}
COMMAND: GET /session/324496234919104d937ca92dc3ef2aab/screenshot - {}
RESULT: {}
COMMAND: POST /session/324496234919104d937ca92dc3ef2aab/element/f.350099D233706A5CE962F884DCED375A.d.E60045586D59A366BEE39059722FD710.e.23388/clear - {}
COMMAND: GET /session/324496234919104d937ca92dc3ef2aab/screenshot - {}
RESULT: {}
RESULT: {}
COMMAND: POST /session/324496234919104d937ca92dc3ef2aab/element/f.350099D233706A5CE962F884DCED375A.d.E60045586D59A366BEE39059722FD710.e.23388/value - {"text":"30356"}
COMMAND: GET /session/324496234919104d937ca92dc3ef2aab/screenshot - {}
RESULT: {}
RESULT: {"text":"30356"}
COMMAND: GET /session/324496234919104d937ca92dc3ef2aab/screenshot - {}
RESULT: {}
RESULT: {}
COMMAND: POST /session/324496234919104d937ca92dc3ef2aab/actions - {"actions":[{"id":"action88","type":"key","parameters":{},"actions":[{"type":"keyDown","value":""},{"type":"pause","duration":10},{"type":"keyUp","value":""}]}]}
RESULT: {"actions":[{"id":"action88","type":"key","parameters":{},"actions":[{"type":"keyDown","value":""},{"type":"pause","duration":10},{"type":"keyUp","value":""}]}]}
COMMAND: GET /session/324496234919104d937ca92dc3ef2aab/screenshot - {}
RESULT: {}
COMMAND: POST /session/324496234919104d937ca92dc3ef2aab/element - {"using":"xpath","value":"//span[contains(@id, \"smartTable-header-inner\")]"}
RESULT: {"using":"xpath","value":"//span[contains(@id, \"smartTable-header-inner\")]"}
COMMAND: POST /session/324496234919104d937ca92dc3ef2aab/elements - {"using":"xpath","value":"//span[contains(@id, \"smartTable-header-inner\")]"}
RESULT: {"using":"xpath","value":"//span[contains(@id, \"smartTable-header-inner\")]"}
COMMAND: POST /session/324496234919104d937ca92dc3ef2aab/execute/sync - {"script":"<script> [56 bytes]","args":[{"element-6066-11e4-a52e-4f735466cecf":"f.350099D233706A5CE962F884DCED375A.d.E60045586D59A366BEE39059722FD710.e.23802","ELEMENT":"f.350099D233706A5CE962F884DCED375A.d.E60045586D59A366BEE39059722FD710.e.23802"}]}
RESULT: {"script":"<script> [56 bytes]","args":[{"element-6066-11e4-a52e-4f735466cecf":"f.350099D233706A5CE962F884DCED375A.d.E60045586D59A366BEE39059722FD710.e.23802","ELEMENT":"f.350099D233706A5CE962F884DCED375A.d.E60045586D59A366BEE39059722FD710.e.23802"}]}
COMMAND: POST /session/324496234919104d937ca92dc3ef2aab/elements - {"using":"xpath","value":"//thead[contains(@class, \"sapMTableTH\")]/tr/th"}
COMMAND: GET /session/324496234919104d937ca92dc3ef2aab/screenshot - {}
RESULT: {"using":"xpath","value":"//thead[contains(@class, \"sapMTableTH\")]/tr/th"}
COMMAND: GET /session/324496234919104d937ca92dc3ef2aab/element/f.350099D233706A5CE962F884DCED375A.d.E60045586D59A366BEE39059722FD710.e.23901/text - {}
RESULT: {}
RESULT: {}
COMMAND: GET /session/324496234919104d937ca92dc3ef2aab/element/f.350099D233706A5CE962F884DCED375A.d.E60045586D59A366BEE39059722FD710.e.23902/text - {}
RESULT: {}
COMMAND: GET /session/324496234919104d937ca92dc3ef2aab/element/f.350099D233706A5CE962F884DCED375A.d.E60045586D59A366BEE39059722FD710.e.23382/text - {}
RESULT: {}
COMMAND: GET /session/324496234919104d937ca92dc3ef2aab/element/f.350099D233706A5CE962F884DCED375A.d.E60045586D59A366BEE39059722FD710.e.23384/text - {}
RESULT: {}
COMMAND: GET /session/324496234919104d937ca92dc3ef2aab/element/f.350099D233706A5CE962F884DCED375A.d.E60045586D59A366BEE39059722FD710.e.23868/text - {}
RESULT: {}
COMMAND: GET /session/324496234919104d937ca92dc3ef2aab/element/f.350099D233706A5CE962F884DCED375A.d.E60045586D59A366BEE39059722FD710.e.23869/text - {}
RESULT: {}
COMMAND: GET /session/324496234919104d937ca92dc3ef2aab/element/f.350099D233706A5CE962F884DCED375A.d.E60045586D59A366BEE39059722FD710.e.23870/text - {}
RESULT: {}
COMMAND: GET /session/324496234919104d937ca92dc3ef2aab/element/f.350099D233706A5CE962F884DCED375A.d.E60045586D59A366BEE39059722FD710.e.23871/text - {}
RESULT: {}
COMMAND: GET /session/324496234919104d937ca92dc3ef2aab/element/f.350099D233706A5CE962F884DCED375A.d.E60045586D59A366BEE39059722FD710.e.23872/text - {}
RESULT: {}
COMMAND: GET /session/324496234919104d937ca92dc3ef2aab/element/f.350099D233706A5CE962F884DCED375A.d.E60045586D59A366BEE39059722FD710.e.23873/text - {}
RESULT: {}
COMMAND: GET /session/324496234919104d937ca92dc3ef2aab/element/f.350099D233706A5CE962F884DCED375A.d.E60045586D59A366BEE39059722FD710.e.23874/text - {}
RESULT: {}
COMMAND: GET /session/324496234919104d937ca92dc3ef2aab/element/f.350099D233706A5CE962F884DCED375A.d.E60045586D59A366BEE39059722FD710.e.23875/text - {}
RESULT: {}
COMMAND: GET /session/324496234919104d937ca92dc3ef2aab/element/f.350099D233706A5CE962F884DCED375A.d.E60045586D59A366BEE39059722FD710.e.23876/text - {}
RESULT: {}
COMMAND: GET /session/324496234919104d937ca92dc3ef2aab/element/f.350099D233706A5CE962F884DCED375A.d.E60045586D59A366BEE39059722FD710.e.23385/text - {}
RESULT: {}
COMMAND: POST /session/324496234919104d937ca92dc3ef2aab/element - {"using":"xpath","value":"//tbody[contains(@id, \"customHandoversTable-tblBody\")]/tr[1]/td[14]/div/span"}
RESULT: {"using":"xpath","value":"//tbody[contains(@id, \"customHandoversTable-tblBody\")]/tr[1]/td[14]/div/span"}
COMMAND: POST /session/324496234919104d937ca92dc3ef2aab/execute/sync - {"script":"<script> [56 bytes]","args":[{"element-6066-11e4-a52e-4f735466cecf":"f.350099D233706A5CE962F884DCED375A.d.E60045586D59A366BEE39059722FD710.e.23951","ELEMENT":"f.350099D233706A5CE962F884DCED375A.d.E60045586D59A366BEE39059722FD710.e.23951"}]}
RESULT: {"script":"<script> [56 bytes]","args":[{"element-6066-11e4-a52e-4f735466cecf":"f.350099D233706A5CE962F884DCED375A.d.E60045586D59A366BEE39059722FD710.e.23951","ELEMENT":"f.350099D233706A5CE962F884DCED375A.d.E60045586D59A366BEE39059722FD710.e.23951"}]}
COMMAND: POST /session/324496234919104d937ca92dc3ef2aab/element - {"using":"xpath","value":"(//span[contains(@id, \"imgNav\")])[1]"}
COMMAND: GET /session/324496234919104d937ca92dc3ef2aab/screenshot - {}
RESULT: {"using":"xpath","value":"(//span[contains(@id, \"imgNav\")])[1]"}
COMMAND: POST /session/324496234919104d937ca92dc3ef2aab/element/f.350099D233706A5CE962F884DCED375A.d.E60045586D59A366BEE39059722FD710.e.23952/click - {}
RESULT: {}
RESULT: {}
COMMAND: GET /session/324496234919104d937ca92dc3ef2aab/screenshot - {}
RESULT: {}
RESULT: undefined
COMMAND: POST /session/324496234919104d937ca92dc3ef2aab/execute/async - {"script":"<script> [776 bytes]","args":[{"enterText":"6/13/25","selector":{"id":"receiptDatePicker","viewName":"etm.portal.ui.managehandovers.view.DetailExecuteHO","interaction":{"idSuffix":"inner"}},"clearTextFirst":true,"interactionType":"ENTER_TEXT"}]}
RESULT: {"script":"<script> [776 bytes]","args":[{"enterText":"6/13/25","selector":{"id":"receiptDatePicker","viewName":"etm.portal.ui.managehandovers.view.DetailExecuteHO","interaction":{"idSuffix":"inner"}},"clearTextFirst":true,"interactionType":"ENTER_TEXT"}]}
COMMAND: POST /session/324496234919104d937ca92dc3ef2aab/element - {"using":"xpath","value":"//button[@data-kt=\"ReceivingTableConfirmAllButton\"]"}
RESULT: {"using":"xpath","value":"//button[@data-kt=\"ReceivingTableConfirmAllButton\"]"}
COMMAND: POST /session/324496234919104d937ca92dc3ef2aab/element/f.350099D233706A5CE962F884DCED375A.d.E60045586D59A366BEE39059722FD710.e.23975/click - {}
COMMAND: GET /session/324496234919104d937ca92dc3ef2aab/screenshot - {}
RESULT: {}
]]></system-out>
      <system-err><![CDATA[
element click intercepted: element click intercepted: Element <button id="__button466" data-sap-ui="__button466" data-sap-ui-render="" data-kt="ReceivingTableConfirmAllButton" data-ui5-accesskey="c" aria-describedby="__button466-tooltip" title="Confirm All" class="sapMBtnBase sapMBtn sapMColumnHeaderContent">...</button> is not clickable at point (726, 749). Other element would receive the click: <div id="sap-ui-blocklayer-popup" tabindex="0" class="sapUiBLy" style="z-index: 889; visibility: visible;"></div>
  (Session info: chrome=136.0.7103.93)
    at async UtilsPrerequisites.returnTwoStep (D:\a\1\s\test\specs\BTS\prerequisites-and-utils-functions.js:2638:9)
    at async Context.<anonymous> (D:\a\1\s\test\specs\BTS\billing-calculation-transp-times.spec.js:108:9)
]]></system-err>
    </testcase>
    <testcase classname="chrome.136_0_7103_93.windows.Billing_Calculation_-_Time_based_(considering_transport_times)_US139738" name="Should do another billing run but in around 17 days from today" time="20.935">
      <failure/>
      <error message="element not interactable&#xA;  (Session info: chrome=136.0.7103.93)"/>
      <system-out><![CDATA[
RESULT: undefined
COMMAND: POST /session/324496234919104d937ca92dc3ef2aab/element - {"using":"xpath","value":"//*[@id=\"__tile51\"]"}
COMMAND: GET /session/324496234919104d937ca92dc3ef2aab/screenshot - {}
RESULT: {"using":"xpath","value":"//*[@id=\"__tile51\"]"}
COMMAND: POST /session/324496234919104d937ca92dc3ef2aab/element/f.350099D233706A5CE962F884DCED375A.d.E60045586D59A366BEE39059722FD710.e.18387/click - {}
RESULT: {}
COMMAND: POST /session/324496234919104d937ca92dc3ef2aab/elements - {"using":"xpath","value":"//span[text()='Error']"}
RESULT: {"using":"xpath","value":"//span[text()='Error']"}
RESULT: undefined
COMMAND: POST /session/324496234919104d937ca92dc3ef2aab/execute/async - {"script":"<script> [776 bytes]","args":[{"enterText":"10175","selector":{"id":"application-managebillings-display-component---billRunCalcResult--smartFilterBar-btnBasicSearch","interaction":{"idSuffix":"I"}},"clearTextFirst":true,"interactionType":"ENTER_TEXT"}]}
RESULT: {"script":"<script> [776 bytes]","args":[{"enterText":"10175","selector":{"id":"application-managebillings-display-component---billRunCalcResult--smartFilterBar-btnBasicSearch","interaction":{"idSuffix":"I"}},"clearTextFirst":true,"interactionType":"ENTER_TEXT"}]}
COMMAND: POST /session/324496234919104d937ca92dc3ef2aab/actions - {"actions":[{"id":"action89","type":"key","parameters":{},"actions":[{"type":"keyDown","value":""},{"type":"pause","duration":10},{"type":"keyUp","value":""}]}]}
RESULT: {"actions":[{"id":"action89","type":"key","parameters":{},"actions":[{"type":"keyDown","value":""},{"type":"pause","duration":10},{"type":"keyUp","value":""}]}]}
COMMAND: GET /session/324496234919104d937ca92dc3ef2aab/screenshot - {}
RESULT: {}
COMMAND: POST /session/324496234919104d937ca92dc3ef2aab/element - {"using":"xpath","value":"//td[@aria-colindex=\"1\"]/div/div[contains(@class, \"sapMCbBg\")]"}
RESULT: {"using":"xpath","value":"//td[@aria-colindex=\"1\"]/div/div[contains(@class, \"sapMCbBg\")]"}
COMMAND: POST /session/324496234919104d937ca92dc3ef2aab/element/f.350099D233706A5CE962F884DCED375A.d.E60045586D59A366BEE39059722FD710.e.24001/click - {}
COMMAND: GET /session/324496234919104d937ca92dc3ef2aab/screenshot - {}
RESULT: {}
]]></system-out>
      <system-err><![CDATA[
element not interactable: element not interactable
  (Session info: chrome=136.0.7103.93)
    at async UtilsPrerequisites.manageBillingsTriggerCalculation (D:\a\1\s\test\specs\BTS\prerequisites-and-utils-functions.js:2718:9)
    at async Context.<anonymous> (D:\a\1\s\test\specs\BTS\billing-calculation-transp-times.spec.js:112:9)
]]></system-err>
    </testcase>
    <testcase classname="chrome.136_0_7103_93.windows.Billing_Calculation_-_Time_based_(considering_transport_times)_US139738" name="Should transfer the billing all the way to completion" time="56.597">
      <failure/>
      <error message="element (&quot;//input[contains(@id ,&quot;application-billingtransfer-display-component---billingWorkbench--smartFilterBar-btnBasicSearch&quot;)]&quot;) still not existing after 45000ms"/>
      <system-out><![CDATA[
RESULT: undefined
COMMAND: POST /session/324496234919104d937ca92dc3ef2aab/element - {"using":"xpath","value":"//*[@id=\"__tile50\"]"}
COMMAND: GET /session/324496234919104d937ca92dc3ef2aab/screenshot - {}
RESULT: {"using":"xpath","value":"//*[@id=\"__tile50\"]"}
COMMAND: POST /session/324496234919104d937ca92dc3ef2aab/element/f.350099D233706A5CE962F884DCED375A.d.E60045586D59A366BEE39059722FD710.e.18385/click - {}
RESULT: {}
COMMAND: POST /session/324496234919104d937ca92dc3ef2aab/elements - {"using":"xpath","value":"//span[text()='Error']"}
RESULT: {"using":"xpath","value":"//span[text()='Error']"}
COMMAND: POST /session/324496234919104d937ca92dc3ef2aab/element - {"using":"xpath","value":"//input[contains(@id ,\"application-billingtransfer-display-component---billingWorkbench--smartFilterBar-btnBasicSearch\")]"}
RESULT: {"using":"xpath","value":"//input[contains(@id ,\"application-billingtransfer-display-component---billingWorkbench--smartFilterBar-btnBasicSearch\")]"}
COMMAND: POST /session/324496234919104d937ca92dc3ef2aab/elements - {"using":"xpath","value":"//input[contains(@id ,\"application-billingtransfer-display-component---billingWorkbench--smartFilterBar-btnBasicSearch\")]"}
RESULT: {"using":"xpath","value":"//input[contains(@id ,\"application-billingtransfer-display-component---billingWorkbench--smartFilterBar-btnBasicSearch\")]"}
COMMAND: POST /session/324496234919104d937ca92dc3ef2aab/elements - {"using":"xpath","value":"//input[contains(@id ,\"application-billingtransfer-display-component---billingWorkbench--smartFilterBar-btnBasicSearch\")]"}
RESULT: {"using":"xpath","value":"//input[contains(@id ,\"application-billingtransfer-display-component---billingWorkbench--smartFilterBar-btnBasicSearch\")]"}
COMMAND: POST /session/324496234919104d937ca92dc3ef2aab/elements - {"using":"xpath","value":"//input[contains(@id ,\"application-billingtransfer-display-component---billingWorkbench--smartFilterBar-btnBasicSearch\")]"}
RESULT: {"using":"xpath","value":"//input[contains(@id ,\"application-billingtransfer-display-component---billingWorkbench--smartFilterBar-btnBasicSearch\")]"}
COMMAND: POST /session/324496234919104d937ca92dc3ef2aab/elements - {"using":"xpath","value":"//input[contains(@id ,\"application-billingtransfer-display-component---billingWorkbench--smartFilterBar-btnBasicSearch\")]"}
RESULT: {"using":"xpath","value":"//input[contains(@id ,\"application-billingtransfer-display-component---billingWorkbench--smartFilterBar-btnBasicSearch\")]"}
COMMAND: POST /session/324496234919104d937ca92dc3ef2aab/elements - {"using":"xpath","value":"//input[contains(@id ,\"application-billingtransfer-display-component---billingWorkbench--smartFilterBar-btnBasicSearch\")]"}
RESULT: {"using":"xpath","value":"//input[contains(@id ,\"application-billingtransfer-display-component---billingWorkbench--smartFilterBar-btnBasicSearch\")]"}
COMMAND: POST /session/324496234919104d937ca92dc3ef2aab/elements - {"using":"xpath","value":"//input[contains(@id ,\"application-billingtransfer-display-component---billingWorkbench--smartFilterBar-btnBasicSearch\")]"}
RESULT: {"using":"xpath","value":"//input[contains(@id ,\"application-billingtransfer-display-component---billingWorkbench--smartFilterBar-btnBasicSearch\")]"}
COMMAND: POST /session/324496234919104d937ca92dc3ef2aab/elements - {"using":"xpath","value":"//input[contains(@id ,\"application-billingtransfer-display-component---billingWorkbench--smartFilterBar-btnBasicSearch\")]"}
RESULT: {"using":"xpath","value":"//input[contains(@id ,\"application-billingtransfer-display-component---billingWorkbench--smartFilterBar-btnBasicSearch\")]"}
COMMAND: POST /session/324496234919104d937ca92dc3ef2aab/elements - {"using":"xpath","value":"//input[contains(@id ,\"application-billingtransfer-display-component---billingWorkbench--smartFilterBar-btnBasicSearch\")]"}
RESULT: {"using":"xpath","value":"//input[contains(@id ,\"application-billingtransfer-display-component---billingWorkbench--smartFilterBar-btnBasicSearch\")]"}
COMMAND: POST /session/324496234919104d937ca92dc3ef2aab/elements - {"using":"xpath","value":"//input[contains(@id ,\"application-billingtransfer-display-component---billingWorkbench--smartFilterBar-btnBasicSearch\")]"}
RESULT: {"using":"xpath","value":"//input[contains(@id ,\"application-billingtransfer-display-component---billingWorkbench--smartFilterBar-btnBasicSearch\")]"}
COMMAND: POST /session/324496234919104d937ca92dc3ef2aab/elements - {"using":"xpath","value":"//input[contains(@id ,\"application-billingtransfer-display-component---billingWorkbench--smartFilterBar-btnBasicSearch\")]"}
RESULT: {"using":"xpath","value":"//input[contains(@id ,\"application-billingtransfer-display-component---billingWorkbench--smartFilterBar-btnBasicSearch\")]"}
COMMAND: POST /session/324496234919104d937ca92dc3ef2aab/elements - {"using":"xpath","value":"//input[contains(@id ,\"application-billingtransfer-display-component---billingWorkbench--smartFilterBar-btnBasicSearch\")]"}
RESULT: {"using":"xpath","value":"//input[contains(@id ,\"application-billingtransfer-display-component---billingWorkbench--smartFilterBar-btnBasicSearch\")]"}
COMMAND: POST /session/324496234919104d937ca92dc3ef2aab/elements - {"using":"xpath","value":"//input[contains(@id ,\"application-billingtransfer-display-component---billingWorkbench--smartFilterBar-btnBasicSearch\")]"}
RESULT: {"using":"xpath","value":"//input[contains(@id ,\"application-billingtransfer-display-component---billingWorkbench--smartFilterBar-btnBasicSearch\")]"}
COMMAND: POST /session/324496234919104d937ca92dc3ef2aab/elements - {"using":"xpath","value":"//input[contains(@id ,\"application-billingtransfer-display-component---billingWorkbench--smartFilterBar-btnBasicSearch\")]"}
RESULT: {"using":"xpath","value":"//input[contains(@id ,\"application-billingtransfer-display-component---billingWorkbench--smartFilterBar-btnBasicSearch\")]"}
COMMAND: POST /session/324496234919104d937ca92dc3ef2aab/elements - {"using":"xpath","value":"//input[contains(@id ,\"application-billingtransfer-display-component---billingWorkbench--smartFilterBar-btnBasicSearch\")]"}
RESULT: {"using":"xpath","value":"//input[contains(@id ,\"application-billingtransfer-display-component---billingWorkbench--smartFilterBar-btnBasicSearch\")]"}
COMMAND: POST /session/324496234919104d937ca92dc3ef2aab/elements - {"using":"xpath","value":"//input[contains(@id ,\"application-billingtransfer-display-component---billingWorkbench--smartFilterBar-btnBasicSearch\")]"}
RESULT: {"using":"xpath","value":"//input[contains(@id ,\"application-billingtransfer-display-component---billingWorkbench--smartFilterBar-btnBasicSearch\")]"}
COMMAND: POST /session/324496234919104d937ca92dc3ef2aab/elements - {"using":"xpath","value":"//input[contains(@id ,\"application-billingtransfer-display-component---billingWorkbench--smartFilterBar-btnBasicSearch\")]"}
RESULT: {"using":"xpath","value":"//input[contains(@id ,\"application-billingtransfer-display-component---billingWorkbench--smartFilterBar-btnBasicSearch\")]"}
COMMAND: POST /session/324496234919104d937ca92dc3ef2aab/elements - {"using":"xpath","value":"//input[contains(@id ,\"application-billingtransfer-display-component---billingWorkbench--smartFilterBar-btnBasicSearch\")]"}
RESULT: {"using":"xpath","value":"//input[contains(@id ,\"application-billingtransfer-display-component---billingWorkbench--smartFilterBar-btnBasicSearch\")]"}
COMMAND: POST /session/324496234919104d937ca92dc3ef2aab/elements - {"using":"xpath","value":"//input[contains(@id ,\"application-billingtransfer-display-component---billingWorkbench--smartFilterBar-btnBasicSearch\")]"}
RESULT: {"using":"xpath","value":"//input[contains(@id ,\"application-billingtransfer-display-component---billingWorkbench--smartFilterBar-btnBasicSearch\")]"}
COMMAND: POST /session/324496234919104d937ca92dc3ef2aab/elements - {"using":"xpath","value":"//input[contains(@id ,\"application-billingtransfer-display-component---billingWorkbench--smartFilterBar-btnBasicSearch\")]"}
RESULT: {"using":"xpath","value":"//input[contains(@id ,\"application-billingtransfer-display-component---billingWorkbench--smartFilterBar-btnBasicSearch\")]"}
COMMAND: POST /session/324496234919104d937ca92dc3ef2aab/elements - {"using":"xpath","value":"//input[contains(@id ,\"application-billingtransfer-display-component---billingWorkbench--smartFilterBar-btnBasicSearch\")]"}
RESULT: {"using":"xpath","value":"//input[contains(@id ,\"application-billingtransfer-display-component---billingWorkbench--smartFilterBar-btnBasicSearch\")]"}
COMMAND: POST /session/324496234919104d937ca92dc3ef2aab/elements - {"using":"xpath","value":"//input[contains(@id ,\"application-billingtransfer-display-component---billingWorkbench--smartFilterBar-btnBasicSearch\")]"}
RESULT: {"using":"xpath","value":"//input[contains(@id ,\"application-billingtransfer-display-component---billingWorkbench--smartFilterBar-btnBasicSearch\")]"}
COMMAND: POST /session/324496234919104d937ca92dc3ef2aab/elements - {"using":"xpath","value":"//input[contains(@id ,\"application-billingtransfer-display-component---billingWorkbench--smartFilterBar-btnBasicSearch\")]"}
RESULT: {"using":"xpath","value":"//input[contains(@id ,\"application-billingtransfer-display-component---billingWorkbench--smartFilterBar-btnBasicSearch\")]"}
COMMAND: POST /session/324496234919104d937ca92dc3ef2aab/elements - {"using":"xpath","value":"//input[contains(@id ,\"application-billingtransfer-display-component---billingWorkbench--smartFilterBar-btnBasicSearch\")]"}
RESULT: {"using":"xpath","value":"//input[contains(@id ,\"application-billingtransfer-display-component---billingWorkbench--smartFilterBar-btnBasicSearch\")]"}
COMMAND: POST /session/324496234919104d937ca92dc3ef2aab/elements - {"using":"xpath","value":"//input[contains(@id ,\"application-billingtransfer-display-component---billingWorkbench--smartFilterBar-btnBasicSearch\")]"}
RESULT: {"using":"xpath","value":"//input[contains(@id ,\"application-billingtransfer-display-component---billingWorkbench--smartFilterBar-btnBasicSearch\")]"}
COMMAND: POST /session/324496234919104d937ca92dc3ef2aab/elements - {"using":"xpath","value":"//input[contains(@id ,\"application-billingtransfer-display-component---billingWorkbench--smartFilterBar-btnBasicSearch\")]"}
RESULT: {"using":"xpath","value":"//input[contains(@id ,\"application-billingtransfer-display-component---billingWorkbench--smartFilterBar-btnBasicSearch\")]"}
COMMAND: POST /session/324496234919104d937ca92dc3ef2aab/elements - {"using":"xpath","value":"//input[contains(@id ,\"application-billingtransfer-display-component---billingWorkbench--smartFilterBar-btnBasicSearch\")]"}
RESULT: {"using":"xpath","value":"//input[contains(@id ,\"application-billingtransfer-display-component---billingWorkbench--smartFilterBar-btnBasicSearch\")]"}
COMMAND: POST /session/324496234919104d937ca92dc3ef2aab/elements - {"using":"xpath","value":"//input[contains(@id ,\"application-billingtransfer-display-component---billingWorkbench--smartFilterBar-btnBasicSearch\")]"}
RESULT: {"using":"xpath","value":"//input[contains(@id ,\"application-billingtransfer-display-component---billingWorkbench--smartFilterBar-btnBasicSearch\")]"}
COMMAND: POST /session/324496234919104d937ca92dc3ef2aab/elements - {"using":"xpath","value":"//input[contains(@id ,\"application-billingtransfer-display-component---billingWorkbench--smartFilterBar-btnBasicSearch\")]"}
RESULT: {"using":"xpath","value":"//input[contains(@id ,\"application-billingtransfer-display-component---billingWorkbench--smartFilterBar-btnBasicSearch\")]"}
COMMAND: POST /session/324496234919104d937ca92dc3ef2aab/elements - {"using":"xpath","value":"//input[contains(@id ,\"application-billingtransfer-display-component---billingWorkbench--smartFilterBar-btnBasicSearch\")]"}
RESULT: {"using":"xpath","value":"//input[contains(@id ,\"application-billingtransfer-display-component---billingWorkbench--smartFilterBar-btnBasicSearch\")]"}
COMMAND: POST /session/324496234919104d937ca92dc3ef2aab/elements - {"using":"xpath","value":"//input[contains(@id ,\"application-billingtransfer-display-component---billingWorkbench--smartFilterBar-btnBasicSearch\")]"}
RESULT: {"using":"xpath","value":"//input[contains(@id ,\"application-billingtransfer-display-component---billingWorkbench--smartFilterBar-btnBasicSearch\")]"}
COMMAND: POST /session/324496234919104d937ca92dc3ef2aab/elements - {"using":"xpath","value":"//input[contains(@id ,\"application-billingtransfer-display-component---billingWorkbench--smartFilterBar-btnBasicSearch\")]"}
RESULT: {"using":"xpath","value":"//input[contains(@id ,\"application-billingtransfer-display-component---billingWorkbench--smartFilterBar-btnBasicSearch\")]"}
COMMAND: POST /session/324496234919104d937ca92dc3ef2aab/elements - {"using":"xpath","value":"//input[contains(@id ,\"application-billingtransfer-display-component---billingWorkbench--smartFilterBar-btnBasicSearch\")]"}
RESULT: {"using":"xpath","value":"//input[contains(@id ,\"application-billingtransfer-display-component---billingWorkbench--smartFilterBar-btnBasicSearch\")]"}
COMMAND: POST /session/324496234919104d937ca92dc3ef2aab/elements - {"using":"xpath","value":"//input[contains(@id ,\"application-billingtransfer-display-component---billingWorkbench--smartFilterBar-btnBasicSearch\")]"}
RESULT: {"using":"xpath","value":"//input[contains(@id ,\"application-billingtransfer-display-component---billingWorkbench--smartFilterBar-btnBasicSearch\")]"}
COMMAND: POST /session/324496234919104d937ca92dc3ef2aab/elements - {"using":"xpath","value":"//input[contains(@id ,\"application-billingtransfer-display-component---billingWorkbench--smartFilterBar-btnBasicSearch\")]"}
RESULT: {"using":"xpath","value":"//input[contains(@id ,\"application-billingtransfer-display-component---billingWorkbench--smartFilterBar-btnBasicSearch\")]"}
COMMAND: POST /session/324496234919104d937ca92dc3ef2aab/elements - {"using":"xpath","value":"//input[contains(@id ,\"application-billingtransfer-display-component---billingWorkbench--smartFilterBar-btnBasicSearch\")]"}
RESULT: {"using":"xpath","value":"//input[contains(@id ,\"application-billingtransfer-display-component---billingWorkbench--smartFilterBar-btnBasicSearch\")]"}
COMMAND: POST /session/324496234919104d937ca92dc3ef2aab/elements - {"using":"xpath","value":"//input[contains(@id ,\"application-billingtransfer-display-component---billingWorkbench--smartFilterBar-btnBasicSearch\")]"}
RESULT: {"using":"xpath","value":"//input[contains(@id ,\"application-billingtransfer-display-component---billingWorkbench--smartFilterBar-btnBasicSearch\")]"}
COMMAND: POST /session/324496234919104d937ca92dc3ef2aab/elements - {"using":"xpath","value":"//input[contains(@id ,\"application-billingtransfer-display-component---billingWorkbench--smartFilterBar-btnBasicSearch\")]"}
RESULT: {"using":"xpath","value":"//input[contains(@id ,\"application-billingtransfer-display-component---billingWorkbench--smartFilterBar-btnBasicSearch\")]"}
COMMAND: POST /session/324496234919104d937ca92dc3ef2aab/elements - {"using":"xpath","value":"//input[contains(@id ,\"application-billingtransfer-display-component---billingWorkbench--smartFilterBar-btnBasicSearch\")]"}
RESULT: {"using":"xpath","value":"//input[contains(@id ,\"application-billingtransfer-display-component---billingWorkbench--smartFilterBar-btnBasicSearch\")]"}
COMMAND: POST /session/324496234919104d937ca92dc3ef2aab/elements - {"using":"xpath","value":"//input[contains(@id ,\"application-billingtransfer-display-component---billingWorkbench--smartFilterBar-btnBasicSearch\")]"}
RESULT: {"using":"xpath","value":"//input[contains(@id ,\"application-billingtransfer-display-component---billingWorkbench--smartFilterBar-btnBasicSearch\")]"}
COMMAND: POST /session/324496234919104d937ca92dc3ef2aab/elements - {"using":"xpath","value":"//input[contains(@id ,\"application-billingtransfer-display-component---billingWorkbench--smartFilterBar-btnBasicSearch\")]"}
RESULT: {"using":"xpath","value":"//input[contains(@id ,\"application-billingtransfer-display-component---billingWorkbench--smartFilterBar-btnBasicSearch\")]"}
COMMAND: POST /session/324496234919104d937ca92dc3ef2aab/elements - {"using":"xpath","value":"//input[contains(@id ,\"application-billingtransfer-display-component---billingWorkbench--smartFilterBar-btnBasicSearch\")]"}
RESULT: {"using":"xpath","value":"//input[contains(@id ,\"application-billingtransfer-display-component---billingWorkbench--smartFilterBar-btnBasicSearch\")]"}
COMMAND: POST /session/324496234919104d937ca92dc3ef2aab/elements - {"using":"xpath","value":"//input[contains(@id ,\"application-billingtransfer-display-component---billingWorkbench--smartFilterBar-btnBasicSearch\")]"}
RESULT: {"using":"xpath","value":"//input[contains(@id ,\"application-billingtransfer-display-component---billingWorkbench--smartFilterBar-btnBasicSearch\")]"}
COMMAND: POST /session/324496234919104d937ca92dc3ef2aab/elements - {"using":"xpath","value":"//input[contains(@id ,\"application-billingtransfer-display-component---billingWorkbench--smartFilterBar-btnBasicSearch\")]"}
RESULT: {"using":"xpath","value":"//input[contains(@id ,\"application-billingtransfer-display-component---billingWorkbench--smartFilterBar-btnBasicSearch\")]"}
COMMAND: POST /session/324496234919104d937ca92dc3ef2aab/elements - {"using":"xpath","value":"//input[contains(@id ,\"application-billingtransfer-display-component---billingWorkbench--smartFilterBar-btnBasicSearch\")]"}
RESULT: {"using":"xpath","value":"//input[contains(@id ,\"application-billingtransfer-display-component---billingWorkbench--smartFilterBar-btnBasicSearch\")]"}
COMMAND: POST /session/324496234919104d937ca92dc3ef2aab/elements - {"using":"xpath","value":"//input[contains(@id ,\"application-billingtransfer-display-component---billingWorkbench--smartFilterBar-btnBasicSearch\")]"}
RESULT: {"using":"xpath","value":"//input[contains(@id ,\"application-billingtransfer-display-component---billingWorkbench--smartFilterBar-btnBasicSearch\")]"}
COMMAND: POST /session/324496234919104d937ca92dc3ef2aab/elements - {"using":"xpath","value":"//input[contains(@id ,\"application-billingtransfer-display-component---billingWorkbench--smartFilterBar-btnBasicSearch\")]"}
RESULT: {"using":"xpath","value":"//input[contains(@id ,\"application-billingtransfer-display-component---billingWorkbench--smartFilterBar-btnBasicSearch\")]"}
COMMAND: POST /session/324496234919104d937ca92dc3ef2aab/elements - {"using":"xpath","value":"//input[contains(@id ,\"application-billingtransfer-display-component---billingWorkbench--smartFilterBar-btnBasicSearch\")]"}
RESULT: {"using":"xpath","value":"//input[contains(@id ,\"application-billingtransfer-display-component---billingWorkbench--smartFilterBar-btnBasicSearch\")]"}
COMMAND: POST /session/324496234919104d937ca92dc3ef2aab/elements - {"using":"xpath","value":"//input[contains(@id ,\"application-billingtransfer-display-component---billingWorkbench--smartFilterBar-btnBasicSearch\")]"}
RESULT: {"using":"xpath","value":"//input[contains(@id ,\"application-billingtransfer-display-component---billingWorkbench--smartFilterBar-btnBasicSearch\")]"}
COMMAND: POST /session/324496234919104d937ca92dc3ef2aab/elements - {"using":"xpath","value":"//input[contains(@id ,\"application-billingtransfer-display-component---billingWorkbench--smartFilterBar-btnBasicSearch\")]"}
RESULT: {"using":"xpath","value":"//input[contains(@id ,\"application-billingtransfer-display-component---billingWorkbench--smartFilterBar-btnBasicSearch\")]"}
COMMAND: POST /session/324496234919104d937ca92dc3ef2aab/elements - {"using":"xpath","value":"//input[contains(@id ,\"application-billingtransfer-display-component---billingWorkbench--smartFilterBar-btnBasicSearch\")]"}
RESULT: {"using":"xpath","value":"//input[contains(@id ,\"application-billingtransfer-display-component---billingWorkbench--smartFilterBar-btnBasicSearch\")]"}
COMMAND: POST /session/324496234919104d937ca92dc3ef2aab/elements - {"using":"xpath","value":"//input[contains(@id ,\"application-billingtransfer-display-component---billingWorkbench--smartFilterBar-btnBasicSearch\")]"}
RESULT: {"using":"xpath","value":"//input[contains(@id ,\"application-billingtransfer-display-component---billingWorkbench--smartFilterBar-btnBasicSearch\")]"}
COMMAND: POST /session/324496234919104d937ca92dc3ef2aab/elements - {"using":"xpath","value":"//input[contains(@id ,\"application-billingtransfer-display-component---billingWorkbench--smartFilterBar-btnBasicSearch\")]"}
RESULT: {"using":"xpath","value":"//input[contains(@id ,\"application-billingtransfer-display-component---billingWorkbench--smartFilterBar-btnBasicSearch\")]"}
COMMAND: POST /session/324496234919104d937ca92dc3ef2aab/elements - {"using":"xpath","value":"//input[contains(@id ,\"application-billingtransfer-display-component---billingWorkbench--smartFilterBar-btnBasicSearch\")]"}
RESULT: {"using":"xpath","value":"//input[contains(@id ,\"application-billingtransfer-display-component---billingWorkbench--smartFilterBar-btnBasicSearch\")]"}
COMMAND: POST /session/324496234919104d937ca92dc3ef2aab/elements - {"using":"xpath","value":"//input[contains(@id ,\"application-billingtransfer-display-component---billingWorkbench--smartFilterBar-btnBasicSearch\")]"}
RESULT: {"using":"xpath","value":"//input[contains(@id ,\"application-billingtransfer-display-component---billingWorkbench--smartFilterBar-btnBasicSearch\")]"}
COMMAND: POST /session/324496234919104d937ca92dc3ef2aab/elements - {"using":"xpath","value":"//input[contains(@id ,\"application-billingtransfer-display-component---billingWorkbench--smartFilterBar-btnBasicSearch\")]"}
RESULT: {"using":"xpath","value":"//input[contains(@id ,\"application-billingtransfer-display-component---billingWorkbench--smartFilterBar-btnBasicSearch\")]"}
COMMAND: POST /session/324496234919104d937ca92dc3ef2aab/elements - {"using":"xpath","value":"//input[contains(@id ,\"application-billingtransfer-display-component---billingWorkbench--smartFilterBar-btnBasicSearch\")]"}
RESULT: {"using":"xpath","value":"//input[contains(@id ,\"application-billingtransfer-display-component---billingWorkbench--smartFilterBar-btnBasicSearch\")]"}
COMMAND: POST /session/324496234919104d937ca92dc3ef2aab/elements - {"using":"xpath","value":"//input[contains(@id ,\"application-billingtransfer-display-component---billingWorkbench--smartFilterBar-btnBasicSearch\")]"}
RESULT: {"using":"xpath","value":"//input[contains(@id ,\"application-billingtransfer-display-component---billingWorkbench--smartFilterBar-btnBasicSearch\")]"}
COMMAND: POST /session/324496234919104d937ca92dc3ef2aab/elements - {"using":"xpath","value":"//input[contains(@id ,\"application-billingtransfer-display-component---billingWorkbench--smartFilterBar-btnBasicSearch\")]"}
RESULT: {"using":"xpath","value":"//input[contains(@id ,\"application-billingtransfer-display-component---billingWorkbench--smartFilterBar-btnBasicSearch\")]"}
COMMAND: POST /session/324496234919104d937ca92dc3ef2aab/elements - {"using":"xpath","value":"//input[contains(@id ,\"application-billingtransfer-display-component---billingWorkbench--smartFilterBar-btnBasicSearch\")]"}
RESULT: {"using":"xpath","value":"//input[contains(@id ,\"application-billingtransfer-display-component---billingWorkbench--smartFilterBar-btnBasicSearch\")]"}
COMMAND: POST /session/324496234919104d937ca92dc3ef2aab/elements - {"using":"xpath","value":"//input[contains(@id ,\"application-billingtransfer-display-component---billingWorkbench--smartFilterBar-btnBasicSearch\")]"}
RESULT: {"using":"xpath","value":"//input[contains(@id ,\"application-billingtransfer-display-component---billingWorkbench--smartFilterBar-btnBasicSearch\")]"}
COMMAND: POST /session/324496234919104d937ca92dc3ef2aab/elements - {"using":"xpath","value":"//input[contains(@id ,\"application-billingtransfer-display-component---billingWorkbench--smartFilterBar-btnBasicSearch\")]"}
RESULT: {"using":"xpath","value":"//input[contains(@id ,\"application-billingtransfer-display-component---billingWorkbench--smartFilterBar-btnBasicSearch\")]"}
COMMAND: POST /session/324496234919104d937ca92dc3ef2aab/elements - {"using":"xpath","value":"//input[contains(@id ,\"application-billingtransfer-display-component---billingWorkbench--smartFilterBar-btnBasicSearch\")]"}
RESULT: {"using":"xpath","value":"//input[contains(@id ,\"application-billingtransfer-display-component---billingWorkbench--smartFilterBar-btnBasicSearch\")]"}
COMMAND: POST /session/324496234919104d937ca92dc3ef2aab/elements - {"using":"xpath","value":"//input[contains(@id ,\"application-billingtransfer-display-component---billingWorkbench--smartFilterBar-btnBasicSearch\")]"}
RESULT: {"using":"xpath","value":"//input[contains(@id ,\"application-billingtransfer-display-component---billingWorkbench--smartFilterBar-btnBasicSearch\")]"}
COMMAND: POST /session/324496234919104d937ca92dc3ef2aab/elements - {"using":"xpath","value":"//input[contains(@id ,\"application-billingtransfer-display-component---billingWorkbench--smartFilterBar-btnBasicSearch\")]"}
RESULT: {"using":"xpath","value":"//input[contains(@id ,\"application-billingtransfer-display-component---billingWorkbench--smartFilterBar-btnBasicSearch\")]"}
COMMAND: POST /session/324496234919104d937ca92dc3ef2aab/elements - {"using":"xpath","value":"//input[contains(@id ,\"application-billingtransfer-display-component---billingWorkbench--smartFilterBar-btnBasicSearch\")]"}
RESULT: {"using":"xpath","value":"//input[contains(@id ,\"application-billingtransfer-display-component---billingWorkbench--smartFilterBar-btnBasicSearch\")]"}
COMMAND: POST /session/324496234919104d937ca92dc3ef2aab/elements - {"using":"xpath","value":"//input[contains(@id ,\"application-billingtransfer-display-component---billingWorkbench--smartFilterBar-btnBasicSearch\")]"}
RESULT: {"using":"xpath","value":"//input[contains(@id ,\"application-billingtransfer-display-component---billingWorkbench--smartFilterBar-btnBasicSearch\")]"}
COMMAND: POST /session/324496234919104d937ca92dc3ef2aab/elements - {"using":"xpath","value":"//input[contains(@id ,\"application-billingtransfer-display-component---billingWorkbench--smartFilterBar-btnBasicSearch\")]"}
RESULT: {"using":"xpath","value":"//input[contains(@id ,\"application-billingtransfer-display-component---billingWorkbench--smartFilterBar-btnBasicSearch\")]"}
COMMAND: POST /session/324496234919104d937ca92dc3ef2aab/elements - {"using":"xpath","value":"//input[contains(@id ,\"application-billingtransfer-display-component---billingWorkbench--smartFilterBar-btnBasicSearch\")]"}
RESULT: {"using":"xpath","value":"//input[contains(@id ,\"application-billingtransfer-display-component---billingWorkbench--smartFilterBar-btnBasicSearch\")]"}
COMMAND: POST /session/324496234919104d937ca92dc3ef2aab/elements - {"using":"xpath","value":"//input[contains(@id ,\"application-billingtransfer-display-component---billingWorkbench--smartFilterBar-btnBasicSearch\")]"}
RESULT: {"using":"xpath","value":"//input[contains(@id ,\"application-billingtransfer-display-component---billingWorkbench--smartFilterBar-btnBasicSearch\")]"}
COMMAND: POST /session/324496234919104d937ca92dc3ef2aab/elements - {"using":"xpath","value":"//input[contains(@id ,\"application-billingtransfer-display-component---billingWorkbench--smartFilterBar-btnBasicSearch\")]"}
RESULT: {"using":"xpath","value":"//input[contains(@id ,\"application-billingtransfer-display-component---billingWorkbench--smartFilterBar-btnBasicSearch\")]"}
COMMAND: POST /session/324496234919104d937ca92dc3ef2aab/elements - {"using":"xpath","value":"//input[contains(@id ,\"application-billingtransfer-display-component---billingWorkbench--smartFilterBar-btnBasicSearch\")]"}
RESULT: {"using":"xpath","value":"//input[contains(@id ,\"application-billingtransfer-display-component---billingWorkbench--smartFilterBar-btnBasicSearch\")]"}
COMMAND: POST /session/324496234919104d937ca92dc3ef2aab/elements - {"using":"xpath","value":"//input[contains(@id ,\"application-billingtransfer-display-component---billingWorkbench--smartFilterBar-btnBasicSearch\")]"}
RESULT: {"using":"xpath","value":"//input[contains(@id ,\"application-billingtransfer-display-component---billingWorkbench--smartFilterBar-btnBasicSearch\")]"}
COMMAND: POST /session/324496234919104d937ca92dc3ef2aab/elements - {"using":"xpath","value":"//input[contains(@id ,\"application-billingtransfer-display-component---billingWorkbench--smartFilterBar-btnBasicSearch\")]"}
RESULT: {"using":"xpath","value":"//input[contains(@id ,\"application-billingtransfer-display-component---billingWorkbench--smartFilterBar-btnBasicSearch\")]"}
COMMAND: POST /session/324496234919104d937ca92dc3ef2aab/elements - {"using":"xpath","value":"//input[contains(@id ,\"application-billingtransfer-display-component---billingWorkbench--smartFilterBar-btnBasicSearch\")]"}
RESULT: {"using":"xpath","value":"//input[contains(@id ,\"application-billingtransfer-display-component---billingWorkbench--smartFilterBar-btnBasicSearch\")]"}
COMMAND: POST /session/324496234919104d937ca92dc3ef2aab/elements - {"using":"xpath","value":"//input[contains(@id ,\"application-billingtransfer-display-component---billingWorkbench--smartFilterBar-btnBasicSearch\")]"}
RESULT: {"using":"xpath","value":"//input[contains(@id ,\"application-billingtransfer-display-component---billingWorkbench--smartFilterBar-btnBasicSearch\")]"}
COMMAND: POST /session/324496234919104d937ca92dc3ef2aab/elements - {"using":"xpath","value":"//input[contains(@id ,\"application-billingtransfer-display-component---billingWorkbench--smartFilterBar-btnBasicSearch\")]"}
RESULT: {"using":"xpath","value":"//input[contains(@id ,\"application-billingtransfer-display-component---billingWorkbench--smartFilterBar-btnBasicSearch\")]"}
COMMAND: POST /session/324496234919104d937ca92dc3ef2aab/elements - {"using":"xpath","value":"//input[contains(@id ,\"application-billingtransfer-display-component---billingWorkbench--smartFilterBar-btnBasicSearch\")]"}
RESULT: {"using":"xpath","value":"//input[contains(@id ,\"application-billingtransfer-display-component---billingWorkbench--smartFilterBar-btnBasicSearch\")]"}
COMMAND: POST /session/324496234919104d937ca92dc3ef2aab/elements - {"using":"xpath","value":"//input[contains(@id ,\"application-billingtransfer-display-component---billingWorkbench--smartFilterBar-btnBasicSearch\")]"}
RESULT: {"using":"xpath","value":"//input[contains(@id ,\"application-billingtransfer-display-component---billingWorkbench--smartFilterBar-btnBasicSearch\")]"}
COMMAND: POST /session/324496234919104d937ca92dc3ef2aab/elements - {"using":"xpath","value":"//input[contains(@id ,\"application-billingtransfer-display-component---billingWorkbench--smartFilterBar-btnBasicSearch\")]"}
RESULT: {"using":"xpath","value":"//input[contains(@id ,\"application-billingtransfer-display-component---billingWorkbench--smartFilterBar-btnBasicSearch\")]"}
COMMAND: POST /session/324496234919104d937ca92dc3ef2aab/elements - {"using":"xpath","value":"//input[contains(@id ,\"application-billingtransfer-display-component---billingWorkbench--smartFilterBar-btnBasicSearch\")]"}
RESULT: {"using":"xpath","value":"//input[contains(@id ,\"application-billingtransfer-display-component---billingWorkbench--smartFilterBar-btnBasicSearch\")]"}
COMMAND: POST /session/324496234919104d937ca92dc3ef2aab/elements - {"using":"xpath","value":"//input[contains(@id ,\"application-billingtransfer-display-component---billingWorkbench--smartFilterBar-btnBasicSearch\")]"}
RESULT: {"using":"xpath","value":"//input[contains(@id ,\"application-billingtransfer-display-component---billingWorkbench--smartFilterBar-btnBasicSearch\")]"}
COMMAND: POST /session/324496234919104d937ca92dc3ef2aab/elements - {"using":"xpath","value":"//input[contains(@id ,\"application-billingtransfer-display-component---billingWorkbench--smartFilterBar-btnBasicSearch\")]"}
RESULT: {"using":"xpath","value":"//input[contains(@id ,\"application-billingtransfer-display-component---billingWorkbench--smartFilterBar-btnBasicSearch\")]"}
COMMAND: POST /session/324496234919104d937ca92dc3ef2aab/elements - {"using":"xpath","value":"//input[contains(@id ,\"application-billingtransfer-display-component---billingWorkbench--smartFilterBar-btnBasicSearch\")]"}
RESULT: {"using":"xpath","value":"//input[contains(@id ,\"application-billingtransfer-display-component---billingWorkbench--smartFilterBar-btnBasicSearch\")]"}
COMMAND: POST /session/324496234919104d937ca92dc3ef2aab/elements - {"using":"xpath","value":"//input[contains(@id ,\"application-billingtransfer-display-component---billingWorkbench--smartFilterBar-btnBasicSearch\")]"}
RESULT: {"using":"xpath","value":"//input[contains(@id ,\"application-billingtransfer-display-component---billingWorkbench--smartFilterBar-btnBasicSearch\")]"}
COMMAND: POST /session/324496234919104d937ca92dc3ef2aab/elements - {"using":"xpath","value":"//input[contains(@id ,\"application-billingtransfer-display-component---billingWorkbench--smartFilterBar-btnBasicSearch\")]"}
RESULT: {"using":"xpath","value":"//input[contains(@id ,\"application-billingtransfer-display-component---billingWorkbench--smartFilterBar-btnBasicSearch\")]"}
COMMAND: POST /session/324496234919104d937ca92dc3ef2aab/elements - {"using":"xpath","value":"//input[contains(@id ,\"application-billingtransfer-display-component---billingWorkbench--smartFilterBar-btnBasicSearch\")]"}
RESULT: {"using":"xpath","value":"//input[contains(@id ,\"application-billingtransfer-display-component---billingWorkbench--smartFilterBar-btnBasicSearch\")]"}
COMMAND: POST /session/324496234919104d937ca92dc3ef2aab/elements - {"using":"xpath","value":"//input[contains(@id ,\"application-billingtransfer-display-component---billingWorkbench--smartFilterBar-btnBasicSearch\")]"}
RESULT: {"using":"xpath","value":"//input[contains(@id ,\"application-billingtransfer-display-component---billingWorkbench--smartFilterBar-btnBasicSearch\")]"}
COMMAND: POST /session/324496234919104d937ca92dc3ef2aab/elements - {"using":"xpath","value":"//input[contains(@id ,\"application-billingtransfer-display-component---billingWorkbench--smartFilterBar-btnBasicSearch\")]"}
RESULT: {"using":"xpath","value":"//input[contains(@id ,\"application-billingtransfer-display-component---billingWorkbench--smartFilterBar-btnBasicSearch\")]"}
COMMAND: POST /session/324496234919104d937ca92dc3ef2aab/elements - {"using":"xpath","value":"//input[contains(@id ,\"application-billingtransfer-display-component---billingWorkbench--smartFilterBar-btnBasicSearch\")]"}
RESULT: {"using":"xpath","value":"//input[contains(@id ,\"application-billingtransfer-display-component---billingWorkbench--smartFilterBar-btnBasicSearch\")]"}
COMMAND: POST /session/324496234919104d937ca92dc3ef2aab/elements - {"using":"xpath","value":"//input[contains(@id ,\"application-billingtransfer-display-component---billingWorkbench--smartFilterBar-btnBasicSearch\")]"}
RESULT: {"using":"xpath","value":"//input[contains(@id ,\"application-billingtransfer-display-component---billingWorkbench--smartFilterBar-btnBasicSearch\")]"}
COMMAND: POST /session/324496234919104d937ca92dc3ef2aab/elements - {"using":"xpath","value":"//input[contains(@id ,\"application-billingtransfer-display-component---billingWorkbench--smartFilterBar-btnBasicSearch\")]"}
COMMAND: GET /session/324496234919104d937ca92dc3ef2aab/screenshot - {}
RESULT: {"using":"xpath","value":"//input[contains(@id ,\"application-billingtransfer-display-component---billingWorkbench--smartFilterBar-btnBasicSearch\")]"}
RESULT: {}
]]></system-out>
      <system-err><![CDATA[
Error: element ("//input[contains(@id ,"application-billingtransfer-display-component---billingWorkbench--smartFilterBar-btnBasicSearch")]") still not existing after 45000ms
    at async UtilsPrerequisites.narrowDownSearchBT (D:\a\1\s\test\specs\BTS\prerequisites-and-utils-functions.js:2850:9)
    at async UtilsPrerequisites.billingTransfer (D:\a\1\s\test\specs\BTS\prerequisites-and-utils-functions.js:2775:9)
    at async Context.<anonymous> (D:\a\1\s\test\specs\BTS\billing-calculation-transp-times.spec.js:129:9)
]]></system-err>
    </testcase>
    <testcase classname="chrome.136_0_7103_93.windows.Billing_Calculation_-_Time_based_(considering_transport_times)_US139738" name="Should do another billing run but in around 25 days from today" time="20.678">
      <failure/>
      <error message="element not interactable&#xA;  (Session info: chrome=136.0.7103.93)"/>
      <system-out><![CDATA[
RESULT: undefined
COMMAND: POST /session/324496234919104d937ca92dc3ef2aab/element - {"using":"xpath","value":"//*[@id=\"__tile51\"]"}
COMMAND: GET /session/324496234919104d937ca92dc3ef2aab/screenshot - {}
RESULT: {"using":"xpath","value":"//*[@id=\"__tile51\"]"}
COMMAND: POST /session/324496234919104d937ca92dc3ef2aab/element/f.350099D233706A5CE962F884DCED375A.d.E60045586D59A366BEE39059722FD710.e.18387/click - {}
RESULT: {}
COMMAND: POST /session/324496234919104d937ca92dc3ef2aab/elements - {"using":"xpath","value":"//span[text()='Error']"}
RESULT: {"using":"xpath","value":"//span[text()='Error']"}
RESULT: undefined
COMMAND: POST /session/324496234919104d937ca92dc3ef2aab/execute/async - {"script":"<script> [776 bytes]","args":[{"enterText":"10175","selector":{"id":"application-managebillings-display-component---billRunCalcResult--smartFilterBar-btnBasicSearch","interaction":{"idSuffix":"I"}},"clearTextFirst":true,"interactionType":"ENTER_TEXT"}]}
RESULT: {"script":"<script> [776 bytes]","args":[{"enterText":"10175","selector":{"id":"application-managebillings-display-component---billRunCalcResult--smartFilterBar-btnBasicSearch","interaction":{"idSuffix":"I"}},"clearTextFirst":true,"interactionType":"ENTER_TEXT"}]}
COMMAND: POST /session/324496234919104d937ca92dc3ef2aab/actions - {"actions":[{"id":"action90","type":"key","parameters":{},"actions":[{"type":"keyDown","value":""},{"type":"pause","duration":10},{"type":"keyUp","value":""}]}]}
RESULT: {"actions":[{"id":"action90","type":"key","parameters":{},"actions":[{"type":"keyDown","value":""},{"type":"pause","duration":10},{"type":"keyUp","value":""}]}]}
COMMAND: GET /session/324496234919104d937ca92dc3ef2aab/screenshot - {}
RESULT: {}
COMMAND: POST /session/324496234919104d937ca92dc3ef2aab/element - {"using":"xpath","value":"//td[@aria-colindex=\"1\"]/div/div[contains(@class, \"sapMCbBg\")]"}
RESULT: {"using":"xpath","value":"//td[@aria-colindex=\"1\"]/div/div[contains(@class, \"sapMCbBg\")]"}
COMMAND: POST /session/324496234919104d937ca92dc3ef2aab/element/f.350099D233706A5CE962F884DCED375A.d.E60045586D59A366BEE39059722FD710.e.24001/click - {}
COMMAND: GET /session/324496234919104d937ca92dc3ef2aab/screenshot - {}
RESULT: {}
]]></system-out>
      <system-err><![CDATA[
element not interactable: element not interactable
  (Session info: chrome=136.0.7103.93)
    at async UtilsPrerequisites.manageBillingsTriggerCalculation (D:\a\1\s\test\specs\BTS\prerequisites-and-utils-functions.js:2718:9)
    at async Context.<anonymous> (D:\a\1\s\test\specs\BTS\billing-calculation-transp-times.spec.js:133:9)
]]></system-err>
    </testcase>
    <testcase classname="chrome.136_0_7103_93.windows.Billing_Calculation_-_Time_based_(considering_transport_times)_US139738" name="Should transfer the billing all the way to completion" time="56.186">
      <failure/>
      <error message="element (&quot;//input[contains(@id ,&quot;application-billingtransfer-display-component---billingWorkbench--smartFilterBar-btnBasicSearch&quot;)]&quot;) still not existing after 45000ms"/>
      <system-out><![CDATA[
RESULT: undefined
COMMAND: POST /session/324496234919104d937ca92dc3ef2aab/element - {"using":"xpath","value":"//*[@id=\"__tile50\"]"}
COMMAND: GET /session/324496234919104d937ca92dc3ef2aab/screenshot - {}
RESULT: {"using":"xpath","value":"//*[@id=\"__tile50\"]"}
COMMAND: POST /session/324496234919104d937ca92dc3ef2aab/element/f.350099D233706A5CE962F884DCED375A.d.E60045586D59A366BEE39059722FD710.e.18385/click - {}
RESULT: {}
COMMAND: POST /session/324496234919104d937ca92dc3ef2aab/elements - {"using":"xpath","value":"//span[text()='Error']"}
RESULT: {"using":"xpath","value":"//span[text()='Error']"}
COMMAND: POST /session/324496234919104d937ca92dc3ef2aab/element - {"using":"xpath","value":"//input[contains(@id ,\"application-billingtransfer-display-component---billingWorkbench--smartFilterBar-btnBasicSearch\")]"}
RESULT: {"using":"xpath","value":"//input[contains(@id ,\"application-billingtransfer-display-component---billingWorkbench--smartFilterBar-btnBasicSearch\")]"}
COMMAND: POST /session/324496234919104d937ca92dc3ef2aab/elements - {"using":"xpath","value":"//input[contains(@id ,\"application-billingtransfer-display-component---billingWorkbench--smartFilterBar-btnBasicSearch\")]"}
RESULT: {"using":"xpath","value":"//input[contains(@id ,\"application-billingtransfer-display-component---billingWorkbench--smartFilterBar-btnBasicSearch\")]"}
COMMAND: POST /session/324496234919104d937ca92dc3ef2aab/elements - {"using":"xpath","value":"//input[contains(@id ,\"application-billingtransfer-display-component---billingWorkbench--smartFilterBar-btnBasicSearch\")]"}
RESULT: {"using":"xpath","value":"//input[contains(@id ,\"application-billingtransfer-display-component---billingWorkbench--smartFilterBar-btnBasicSearch\")]"}
COMMAND: POST /session/324496234919104d937ca92dc3ef2aab/elements - {"using":"xpath","value":"//input[contains(@id ,\"application-billingtransfer-display-component---billingWorkbench--smartFilterBar-btnBasicSearch\")]"}
RESULT: {"using":"xpath","value":"//input[contains(@id ,\"application-billingtransfer-display-component---billingWorkbench--smartFilterBar-btnBasicSearch\")]"}
COMMAND: POST /session/324496234919104d937ca92dc3ef2aab/elements - {"using":"xpath","value":"//input[contains(@id ,\"application-billingtransfer-display-component---billingWorkbench--smartFilterBar-btnBasicSearch\")]"}
RESULT: {"using":"xpath","value":"//input[contains(@id ,\"application-billingtransfer-display-component---billingWorkbench--smartFilterBar-btnBasicSearch\")]"}
COMMAND: POST /session/324496234919104d937ca92dc3ef2aab/elements - {"using":"xpath","value":"//input[contains(@id ,\"application-billingtransfer-display-component---billingWorkbench--smartFilterBar-btnBasicSearch\")]"}
RESULT: {"using":"xpath","value":"//input[contains(@id ,\"application-billingtransfer-display-component---billingWorkbench--smartFilterBar-btnBasicSearch\")]"}
COMMAND: POST /session/324496234919104d937ca92dc3ef2aab/elements - {"using":"xpath","value":"//input[contains(@id ,\"application-billingtransfer-display-component---billingWorkbench--smartFilterBar-btnBasicSearch\")]"}
RESULT: {"using":"xpath","value":"//input[contains(@id ,\"application-billingtransfer-display-component---billingWorkbench--smartFilterBar-btnBasicSearch\")]"}
COMMAND: POST /session/324496234919104d937ca92dc3ef2aab/elements - {"using":"xpath","value":"//input[contains(@id ,\"application-billingtransfer-display-component---billingWorkbench--smartFilterBar-btnBasicSearch\")]"}
RESULT: {"using":"xpath","value":"//input[contains(@id ,\"application-billingtransfer-display-component---billingWorkbench--smartFilterBar-btnBasicSearch\")]"}
COMMAND: POST /session/324496234919104d937ca92dc3ef2aab/elements - {"using":"xpath","value":"//input[contains(@id ,\"application-billingtransfer-display-component---billingWorkbench--smartFilterBar-btnBasicSearch\")]"}
RESULT: {"using":"xpath","value":"//input[contains(@id ,\"application-billingtransfer-display-component---billingWorkbench--smartFilterBar-btnBasicSearch\")]"}
COMMAND: POST /session/324496234919104d937ca92dc3ef2aab/elements - {"using":"xpath","value":"//input[contains(@id ,\"application-billingtransfer-display-component---billingWorkbench--smartFilterBar-btnBasicSearch\")]"}
RESULT: {"using":"xpath","value":"//input[contains(@id ,\"application-billingtransfer-display-component---billingWorkbench--smartFilterBar-btnBasicSearch\")]"}
COMMAND: POST /session/324496234919104d937ca92dc3ef2aab/elements - {"using":"xpath","value":"//input[contains(@id ,\"application-billingtransfer-display-component---billingWorkbench--smartFilterBar-btnBasicSearch\")]"}
RESULT: {"using":"xpath","value":"//input[contains(@id ,\"application-billingtransfer-display-component---billingWorkbench--smartFilterBar-btnBasicSearch\")]"}
COMMAND: POST /session/324496234919104d937ca92dc3ef2aab/elements - {"using":"xpath","value":"//input[contains(@id ,\"application-billingtransfer-display-component---billingWorkbench--smartFilterBar-btnBasicSearch\")]"}
RESULT: {"using":"xpath","value":"//input[contains(@id ,\"application-billingtransfer-display-component---billingWorkbench--smartFilterBar-btnBasicSearch\")]"}
COMMAND: POST /session/324496234919104d937ca92dc3ef2aab/elements - {"using":"xpath","value":"//input[contains(@id ,\"application-billingtransfer-display-component---billingWorkbench--smartFilterBar-btnBasicSearch\")]"}
RESULT: {"using":"xpath","value":"//input[contains(@id ,\"application-billingtransfer-display-component---billingWorkbench--smartFilterBar-btnBasicSearch\")]"}
COMMAND: POST /session/324496234919104d937ca92dc3ef2aab/elements - {"using":"xpath","value":"//input[contains(@id ,\"application-billingtransfer-display-component---billingWorkbench--smartFilterBar-btnBasicSearch\")]"}
RESULT: {"using":"xpath","value":"//input[contains(@id ,\"application-billingtransfer-display-component---billingWorkbench--smartFilterBar-btnBasicSearch\")]"}
COMMAND: POST /session/324496234919104d937ca92dc3ef2aab/elements - {"using":"xpath","value":"//input[contains(@id ,\"application-billingtransfer-display-component---billingWorkbench--smartFilterBar-btnBasicSearch\")]"}
RESULT: {"using":"xpath","value":"//input[contains(@id ,\"application-billingtransfer-display-component---billingWorkbench--smartFilterBar-btnBasicSearch\")]"}
COMMAND: POST /session/324496234919104d937ca92dc3ef2aab/elements - {"using":"xpath","value":"//input[contains(@id ,\"application-billingtransfer-display-component---billingWorkbench--smartFilterBar-btnBasicSearch\")]"}
RESULT: {"using":"xpath","value":"//input[contains(@id ,\"application-billingtransfer-display-component---billingWorkbench--smartFilterBar-btnBasicSearch\")]"}
COMMAND: POST /session/324496234919104d937ca92dc3ef2aab/elements - {"using":"xpath","value":"//input[contains(@id ,\"application-billingtransfer-display-component---billingWorkbench--smartFilterBar-btnBasicSearch\")]"}
RESULT: {"using":"xpath","value":"//input[contains(@id ,\"application-billingtransfer-display-component---billingWorkbench--smartFilterBar-btnBasicSearch\")]"}
COMMAND: POST /session/324496234919104d937ca92dc3ef2aab/elements - {"using":"xpath","value":"//input[contains(@id ,\"application-billingtransfer-display-component---billingWorkbench--smartFilterBar-btnBasicSearch\")]"}
RESULT: {"using":"xpath","value":"//input[contains(@id ,\"application-billingtransfer-display-component---billingWorkbench--smartFilterBar-btnBasicSearch\")]"}
COMMAND: POST /session/324496234919104d937ca92dc3ef2aab/elements - {"using":"xpath","value":"//input[contains(@id ,\"application-billingtransfer-display-component---billingWorkbench--smartFilterBar-btnBasicSearch\")]"}
RESULT: {"using":"xpath","value":"//input[contains(@id ,\"application-billingtransfer-display-component---billingWorkbench--smartFilterBar-btnBasicSearch\")]"}
COMMAND: POST /session/324496234919104d937ca92dc3ef2aab/elements - {"using":"xpath","value":"//input[contains(@id ,\"application-billingtransfer-display-component---billingWorkbench--smartFilterBar-btnBasicSearch\")]"}
RESULT: {"using":"xpath","value":"//input[contains(@id ,\"application-billingtransfer-display-component---billingWorkbench--smartFilterBar-btnBasicSearch\")]"}
COMMAND: POST /session/324496234919104d937ca92dc3ef2aab/elements - {"using":"xpath","value":"//input[contains(@id ,\"application-billingtransfer-display-component---billingWorkbench--smartFilterBar-btnBasicSearch\")]"}
RESULT: {"using":"xpath","value":"//input[contains(@id ,\"application-billingtransfer-display-component---billingWorkbench--smartFilterBar-btnBasicSearch\")]"}
COMMAND: POST /session/324496234919104d937ca92dc3ef2aab/elements - {"using":"xpath","value":"//input[contains(@id ,\"application-billingtransfer-display-component---billingWorkbench--smartFilterBar-btnBasicSearch\")]"}
RESULT: {"using":"xpath","value":"//input[contains(@id ,\"application-billingtransfer-display-component---billingWorkbench--smartFilterBar-btnBasicSearch\")]"}
COMMAND: POST /session/324496234919104d937ca92dc3ef2aab/elements - {"using":"xpath","value":"//input[contains(@id ,\"application-billingtransfer-display-component---billingWorkbench--smartFilterBar-btnBasicSearch\")]"}
RESULT: {"using":"xpath","value":"//input[contains(@id ,\"application-billingtransfer-display-component---billingWorkbench--smartFilterBar-btnBasicSearch\")]"}
COMMAND: POST /session/324496234919104d937ca92dc3ef2aab/elements - {"using":"xpath","value":"//input[contains(@id ,\"application-billingtransfer-display-component---billingWorkbench--smartFilterBar-btnBasicSearch\")]"}
RESULT: {"using":"xpath","value":"//input[contains(@id ,\"application-billingtransfer-display-component---billingWorkbench--smartFilterBar-btnBasicSearch\")]"}
COMMAND: POST /session/324496234919104d937ca92dc3ef2aab/elements - {"using":"xpath","value":"//input[contains(@id ,\"application-billingtransfer-display-component---billingWorkbench--smartFilterBar-btnBasicSearch\")]"}
RESULT: {"using":"xpath","value":"//input[contains(@id ,\"application-billingtransfer-display-component---billingWorkbench--smartFilterBar-btnBasicSearch\")]"}
COMMAND: POST /session/324496234919104d937ca92dc3ef2aab/elements - {"using":"xpath","value":"//input[contains(@id ,\"application-billingtransfer-display-component---billingWorkbench--smartFilterBar-btnBasicSearch\")]"}
RESULT: {"using":"xpath","value":"//input[contains(@id ,\"application-billingtransfer-display-component---billingWorkbench--smartFilterBar-btnBasicSearch\")]"}
COMMAND: POST /session/324496234919104d937ca92dc3ef2aab/elements - {"using":"xpath","value":"//input[contains(@id ,\"application-billingtransfer-display-component---billingWorkbench--smartFilterBar-btnBasicSearch\")]"}
RESULT: {"using":"xpath","value":"//input[contains(@id ,\"application-billingtransfer-display-component---billingWorkbench--smartFilterBar-btnBasicSearch\")]"}
COMMAND: POST /session/324496234919104d937ca92dc3ef2aab/elements - {"using":"xpath","value":"//input[contains(@id ,\"application-billingtransfer-display-component---billingWorkbench--smartFilterBar-btnBasicSearch\")]"}
RESULT: {"using":"xpath","value":"//input[contains(@id ,\"application-billingtransfer-display-component---billingWorkbench--smartFilterBar-btnBasicSearch\")]"}
COMMAND: POST /session/324496234919104d937ca92dc3ef2aab/elements - {"using":"xpath","value":"//input[contains(@id ,\"application-billingtransfer-display-component---billingWorkbench--smartFilterBar-btnBasicSearch\")]"}
RESULT: {"using":"xpath","value":"//input[contains(@id ,\"application-billingtransfer-display-component---billingWorkbench--smartFilterBar-btnBasicSearch\")]"}
COMMAND: POST /session/324496234919104d937ca92dc3ef2aab/elements - {"using":"xpath","value":"//input[contains(@id ,\"application-billingtransfer-display-component---billingWorkbench--smartFilterBar-btnBasicSearch\")]"}
RESULT: {"using":"xpath","value":"//input[contains(@id ,\"application-billingtransfer-display-component---billingWorkbench--smartFilterBar-btnBasicSearch\")]"}
COMMAND: POST /session/324496234919104d937ca92dc3ef2aab/elements - {"using":"xpath","value":"//input[contains(@id ,\"application-billingtransfer-display-component---billingWorkbench--smartFilterBar-btnBasicSearch\")]"}
RESULT: {"using":"xpath","value":"//input[contains(@id ,\"application-billingtransfer-display-component---billingWorkbench--smartFilterBar-btnBasicSearch\")]"}
COMMAND: POST /session/324496234919104d937ca92dc3ef2aab/elements - {"using":"xpath","value":"//input[contains(@id ,\"application-billingtransfer-display-component---billingWorkbench--smartFilterBar-btnBasicSearch\")]"}
RESULT: {"using":"xpath","value":"//input[contains(@id ,\"application-billingtransfer-display-component---billingWorkbench--smartFilterBar-btnBasicSearch\")]"}
COMMAND: POST /session/324496234919104d937ca92dc3ef2aab/elements - {"using":"xpath","value":"//input[contains(@id ,\"application-billingtransfer-display-component---billingWorkbench--smartFilterBar-btnBasicSearch\")]"}
RESULT: {"using":"xpath","value":"//input[contains(@id ,\"application-billingtransfer-display-component---billingWorkbench--smartFilterBar-btnBasicSearch\")]"}
COMMAND: POST /session/324496234919104d937ca92dc3ef2aab/elements - {"using":"xpath","value":"//input[contains(@id ,\"application-billingtransfer-display-component---billingWorkbench--smartFilterBar-btnBasicSearch\")]"}
RESULT: {"using":"xpath","value":"//input[contains(@id ,\"application-billingtransfer-display-component---billingWorkbench--smartFilterBar-btnBasicSearch\")]"}
COMMAND: POST /session/324496234919104d937ca92dc3ef2aab/elements - {"using":"xpath","value":"//input[contains(@id ,\"application-billingtransfer-display-component---billingWorkbench--smartFilterBar-btnBasicSearch\")]"}
RESULT: {"using":"xpath","value":"//input[contains(@id ,\"application-billingtransfer-display-component---billingWorkbench--smartFilterBar-btnBasicSearch\")]"}
COMMAND: POST /session/324496234919104d937ca92dc3ef2aab/elements - {"using":"xpath","value":"//input[contains(@id ,\"application-billingtransfer-display-component---billingWorkbench--smartFilterBar-btnBasicSearch\")]"}
RESULT: {"using":"xpath","value":"//input[contains(@id ,\"application-billingtransfer-display-component---billingWorkbench--smartFilterBar-btnBasicSearch\")]"}
COMMAND: POST /session/324496234919104d937ca92dc3ef2aab/elements - {"using":"xpath","value":"//input[contains(@id ,\"application-billingtransfer-display-component---billingWorkbench--smartFilterBar-btnBasicSearch\")]"}
RESULT: {"using":"xpath","value":"//input[contains(@id ,\"application-billingtransfer-display-component---billingWorkbench--smartFilterBar-btnBasicSearch\")]"}
COMMAND: POST /session/324496234919104d937ca92dc3ef2aab/elements - {"using":"xpath","value":"//input[contains(@id ,\"application-billingtransfer-display-component---billingWorkbench--smartFilterBar-btnBasicSearch\")]"}
RESULT: {"using":"xpath","value":"//input[contains(@id ,\"application-billingtransfer-display-component---billingWorkbench--smartFilterBar-btnBasicSearch\")]"}
COMMAND: POST /session/324496234919104d937ca92dc3ef2aab/elements - {"using":"xpath","value":"//input[contains(@id ,\"application-billingtransfer-display-component---billingWorkbench--smartFilterBar-btnBasicSearch\")]"}
RESULT: {"using":"xpath","value":"//input[contains(@id ,\"application-billingtransfer-display-component---billingWorkbench--smartFilterBar-btnBasicSearch\")]"}
COMMAND: POST /session/324496234919104d937ca92dc3ef2aab/elements - {"using":"xpath","value":"//input[contains(@id ,\"application-billingtransfer-display-component---billingWorkbench--smartFilterBar-btnBasicSearch\")]"}
RESULT: {"using":"xpath","value":"//input[contains(@id ,\"application-billingtransfer-display-component---billingWorkbench--smartFilterBar-btnBasicSearch\")]"}
COMMAND: POST /session/324496234919104d937ca92dc3ef2aab/elements - {"using":"xpath","value":"//input[contains(@id ,\"application-billingtransfer-display-component---billingWorkbench--smartFilterBar-btnBasicSearch\")]"}
RESULT: {"using":"xpath","value":"//input[contains(@id ,\"application-billingtransfer-display-component---billingWorkbench--smartFilterBar-btnBasicSearch\")]"}
COMMAND: POST /session/324496234919104d937ca92dc3ef2aab/elements - {"using":"xpath","value":"//input[contains(@id ,\"application-billingtransfer-display-component---billingWorkbench--smartFilterBar-btnBasicSearch\")]"}
RESULT: {"using":"xpath","value":"//input[contains(@id ,\"application-billingtransfer-display-component---billingWorkbench--smartFilterBar-btnBasicSearch\")]"}
COMMAND: POST /session/324496234919104d937ca92dc3ef2aab/elements - {"using":"xpath","value":"//input[contains(@id ,\"application-billingtransfer-display-component---billingWorkbench--smartFilterBar-btnBasicSearch\")]"}
RESULT: {"using":"xpath","value":"//input[contains(@id ,\"application-billingtransfer-display-component---billingWorkbench--smartFilterBar-btnBasicSearch\")]"}
COMMAND: POST /session/324496234919104d937ca92dc3ef2aab/elements - {"using":"xpath","value":"//input[contains(@id ,\"application-billingtransfer-display-component---billingWorkbench--smartFilterBar-btnBasicSearch\")]"}
RESULT: {"using":"xpath","value":"//input[contains(@id ,\"application-billingtransfer-display-component---billingWorkbench--smartFilterBar-btnBasicSearch\")]"}
COMMAND: POST /session/324496234919104d937ca92dc3ef2aab/elements - {"using":"xpath","value":"//input[contains(@id ,\"application-billingtransfer-display-component---billingWorkbench--smartFilterBar-btnBasicSearch\")]"}
RESULT: {"using":"xpath","value":"//input[contains(@id ,\"application-billingtransfer-display-component---billingWorkbench--smartFilterBar-btnBasicSearch\")]"}
COMMAND: POST /session/324496234919104d937ca92dc3ef2aab/elements - {"using":"xpath","value":"//input[contains(@id ,\"application-billingtransfer-display-component---billingWorkbench--smartFilterBar-btnBasicSearch\")]"}
RESULT: {"using":"xpath","value":"//input[contains(@id ,\"application-billingtransfer-display-component---billingWorkbench--smartFilterBar-btnBasicSearch\")]"}
COMMAND: POST /session/324496234919104d937ca92dc3ef2aab/elements - {"using":"xpath","value":"//input[contains(@id ,\"application-billingtransfer-display-component---billingWorkbench--smartFilterBar-btnBasicSearch\")]"}
RESULT: {"using":"xpath","value":"//input[contains(@id ,\"application-billingtransfer-display-component---billingWorkbench--smartFilterBar-btnBasicSearch\")]"}
COMMAND: POST /session/324496234919104d937ca92dc3ef2aab/elements - {"using":"xpath","value":"//input[contains(@id ,\"application-billingtransfer-display-component---billingWorkbench--smartFilterBar-btnBasicSearch\")]"}
RESULT: {"using":"xpath","value":"//input[contains(@id ,\"application-billingtransfer-display-component---billingWorkbench--smartFilterBar-btnBasicSearch\")]"}
COMMAND: POST /session/324496234919104d937ca92dc3ef2aab/elements - {"using":"xpath","value":"//input[contains(@id ,\"application-billingtransfer-display-component---billingWorkbench--smartFilterBar-btnBasicSearch\")]"}
RESULT: {"using":"xpath","value":"//input[contains(@id ,\"application-billingtransfer-display-component---billingWorkbench--smartFilterBar-btnBasicSearch\")]"}
COMMAND: POST /session/324496234919104d937ca92dc3ef2aab/elements - {"using":"xpath","value":"//input[contains(@id ,\"application-billingtransfer-display-component---billingWorkbench--smartFilterBar-btnBasicSearch\")]"}
RESULT: {"using":"xpath","value":"//input[contains(@id ,\"application-billingtransfer-display-component---billingWorkbench--smartFilterBar-btnBasicSearch\")]"}
COMMAND: POST /session/324496234919104d937ca92dc3ef2aab/elements - {"using":"xpath","value":"//input[contains(@id ,\"application-billingtransfer-display-component---billingWorkbench--smartFilterBar-btnBasicSearch\")]"}
RESULT: {"using":"xpath","value":"//input[contains(@id ,\"application-billingtransfer-display-component---billingWorkbench--smartFilterBar-btnBasicSearch\")]"}
COMMAND: POST /session/324496234919104d937ca92dc3ef2aab/elements - {"using":"xpath","value":"//input[contains(@id ,\"application-billingtransfer-display-component---billingWorkbench--smartFilterBar-btnBasicSearch\")]"}
RESULT: {"using":"xpath","value":"//input[contains(@id ,\"application-billingtransfer-display-component---billingWorkbench--smartFilterBar-btnBasicSearch\")]"}
COMMAND: POST /session/324496234919104d937ca92dc3ef2aab/elements - {"using":"xpath","value":"//input[contains(@id ,\"application-billingtransfer-display-component---billingWorkbench--smartFilterBar-btnBasicSearch\")]"}
RESULT: {"using":"xpath","value":"//input[contains(@id ,\"application-billingtransfer-display-component---billingWorkbench--smartFilterBar-btnBasicSearch\")]"}
COMMAND: POST /session/324496234919104d937ca92dc3ef2aab/elements - {"using":"xpath","value":"//input[contains(@id ,\"application-billingtransfer-display-component---billingWorkbench--smartFilterBar-btnBasicSearch\")]"}
RESULT: {"using":"xpath","value":"//input[contains(@id ,\"application-billingtransfer-display-component---billingWorkbench--smartFilterBar-btnBasicSearch\")]"}
COMMAND: POST /session/324496234919104d937ca92dc3ef2aab/elements - {"using":"xpath","value":"//input[contains(@id ,\"application-billingtransfer-display-component---billingWorkbench--smartFilterBar-btnBasicSearch\")]"}
RESULT: {"using":"xpath","value":"//input[contains(@id ,\"application-billingtransfer-display-component---billingWorkbench--smartFilterBar-btnBasicSearch\")]"}
COMMAND: POST /session/324496234919104d937ca92dc3ef2aab/elements - {"using":"xpath","value":"//input[contains(@id ,\"application-billingtransfer-display-component---billingWorkbench--smartFilterBar-btnBasicSearch\")]"}
RESULT: {"using":"xpath","value":"//input[contains(@id ,\"application-billingtransfer-display-component---billingWorkbench--smartFilterBar-btnBasicSearch\")]"}
COMMAND: POST /session/324496234919104d937ca92dc3ef2aab/elements - {"using":"xpath","value":"//input[contains(@id ,\"application-billingtransfer-display-component---billingWorkbench--smartFilterBar-btnBasicSearch\")]"}
RESULT: {"using":"xpath","value":"//input[contains(@id ,\"application-billingtransfer-display-component---billingWorkbench--smartFilterBar-btnBasicSearch\")]"}
COMMAND: POST /session/324496234919104d937ca92dc3ef2aab/elements - {"using":"xpath","value":"//input[contains(@id ,\"application-billingtransfer-display-component---billingWorkbench--smartFilterBar-btnBasicSearch\")]"}
RESULT: {"using":"xpath","value":"//input[contains(@id ,\"application-billingtransfer-display-component---billingWorkbench--smartFilterBar-btnBasicSearch\")]"}
COMMAND: POST /session/324496234919104d937ca92dc3ef2aab/elements - {"using":"xpath","value":"//input[contains(@id ,\"application-billingtransfer-display-component---billingWorkbench--smartFilterBar-btnBasicSearch\")]"}
RESULT: {"using":"xpath","value":"//input[contains(@id ,\"application-billingtransfer-display-component---billingWorkbench--smartFilterBar-btnBasicSearch\")]"}
COMMAND: POST /session/324496234919104d937ca92dc3ef2aab/elements - {"using":"xpath","value":"//input[contains(@id ,\"application-billingtransfer-display-component---billingWorkbench--smartFilterBar-btnBasicSearch\")]"}
RESULT: {"using":"xpath","value":"//input[contains(@id ,\"application-billingtransfer-display-component---billingWorkbench--smartFilterBar-btnBasicSearch\")]"}
COMMAND: POST /session/324496234919104d937ca92dc3ef2aab/elements - {"using":"xpath","value":"//input[contains(@id ,\"application-billingtransfer-display-component---billingWorkbench--smartFilterBar-btnBasicSearch\")]"}
RESULT: {"using":"xpath","value":"//input[contains(@id ,\"application-billingtransfer-display-component---billingWorkbench--smartFilterBar-btnBasicSearch\")]"}
COMMAND: POST /session/324496234919104d937ca92dc3ef2aab/elements - {"using":"xpath","value":"//input[contains(@id ,\"application-billingtransfer-display-component---billingWorkbench--smartFilterBar-btnBasicSearch\")]"}
RESULT: {"using":"xpath","value":"//input[contains(@id ,\"application-billingtransfer-display-component---billingWorkbench--smartFilterBar-btnBasicSearch\")]"}
COMMAND: POST /session/324496234919104d937ca92dc3ef2aab/elements - {"using":"xpath","value":"//input[contains(@id ,\"application-billingtransfer-display-component---billingWorkbench--smartFilterBar-btnBasicSearch\")]"}
RESULT: {"using":"xpath","value":"//input[contains(@id ,\"application-billingtransfer-display-component---billingWorkbench--smartFilterBar-btnBasicSearch\")]"}
COMMAND: POST /session/324496234919104d937ca92dc3ef2aab/elements - {"using":"xpath","value":"//input[contains(@id ,\"application-billingtransfer-display-component---billingWorkbench--smartFilterBar-btnBasicSearch\")]"}
RESULT: {"using":"xpath","value":"//input[contains(@id ,\"application-billingtransfer-display-component---billingWorkbench--smartFilterBar-btnBasicSearch\")]"}
COMMAND: POST /session/324496234919104d937ca92dc3ef2aab/elements - {"using":"xpath","value":"//input[contains(@id ,\"application-billingtransfer-display-component---billingWorkbench--smartFilterBar-btnBasicSearch\")]"}
RESULT: {"using":"xpath","value":"//input[contains(@id ,\"application-billingtransfer-display-component---billingWorkbench--smartFilterBar-btnBasicSearch\")]"}
COMMAND: POST /session/324496234919104d937ca92dc3ef2aab/elements - {"using":"xpath","value":"//input[contains(@id ,\"application-billingtransfer-display-component---billingWorkbench--smartFilterBar-btnBasicSearch\")]"}
RESULT: {"using":"xpath","value":"//input[contains(@id ,\"application-billingtransfer-display-component---billingWorkbench--smartFilterBar-btnBasicSearch\")]"}
COMMAND: POST /session/324496234919104d937ca92dc3ef2aab/elements - {"using":"xpath","value":"//input[contains(@id ,\"application-billingtransfer-display-component---billingWorkbench--smartFilterBar-btnBasicSearch\")]"}
RESULT: {"using":"xpath","value":"//input[contains(@id ,\"application-billingtransfer-display-component---billingWorkbench--smartFilterBar-btnBasicSearch\")]"}
COMMAND: POST /session/324496234919104d937ca92dc3ef2aab/elements - {"using":"xpath","value":"//input[contains(@id ,\"application-billingtransfer-display-component---billingWorkbench--smartFilterBar-btnBasicSearch\")]"}
RESULT: {"using":"xpath","value":"//input[contains(@id ,\"application-billingtransfer-display-component---billingWorkbench--smartFilterBar-btnBasicSearch\")]"}
COMMAND: POST /session/324496234919104d937ca92dc3ef2aab/elements - {"using":"xpath","value":"//input[contains(@id ,\"application-billingtransfer-display-component---billingWorkbench--smartFilterBar-btnBasicSearch\")]"}
RESULT: {"using":"xpath","value":"//input[contains(@id ,\"application-billingtransfer-display-component---billingWorkbench--smartFilterBar-btnBasicSearch\")]"}
COMMAND: POST /session/324496234919104d937ca92dc3ef2aab/elements - {"using":"xpath","value":"//input[contains(@id ,\"application-billingtransfer-display-component---billingWorkbench--smartFilterBar-btnBasicSearch\")]"}
RESULT: {"using":"xpath","value":"//input[contains(@id ,\"application-billingtransfer-display-component---billingWorkbench--smartFilterBar-btnBasicSearch\")]"}
COMMAND: POST /session/324496234919104d937ca92dc3ef2aab/elements - {"using":"xpath","value":"//input[contains(@id ,\"application-billingtransfer-display-component---billingWorkbench--smartFilterBar-btnBasicSearch\")]"}
RESULT: {"using":"xpath","value":"//input[contains(@id ,\"application-billingtransfer-display-component---billingWorkbench--smartFilterBar-btnBasicSearch\")]"}
COMMAND: POST /session/324496234919104d937ca92dc3ef2aab/elements - {"using":"xpath","value":"//input[contains(@id ,\"application-billingtransfer-display-component---billingWorkbench--smartFilterBar-btnBasicSearch\")]"}
RESULT: {"using":"xpath","value":"//input[contains(@id ,\"application-billingtransfer-display-component---billingWorkbench--smartFilterBar-btnBasicSearch\")]"}
COMMAND: POST /session/324496234919104d937ca92dc3ef2aab/elements - {"using":"xpath","value":"//input[contains(@id ,\"application-billingtransfer-display-component---billingWorkbench--smartFilterBar-btnBasicSearch\")]"}
RESULT: {"using":"xpath","value":"//input[contains(@id ,\"application-billingtransfer-display-component---billingWorkbench--smartFilterBar-btnBasicSearch\")]"}
COMMAND: POST /session/324496234919104d937ca92dc3ef2aab/elements - {"using":"xpath","value":"//input[contains(@id ,\"application-billingtransfer-display-component---billingWorkbench--smartFilterBar-btnBasicSearch\")]"}
RESULT: {"using":"xpath","value":"//input[contains(@id ,\"application-billingtransfer-display-component---billingWorkbench--smartFilterBar-btnBasicSearch\")]"}
COMMAND: POST /session/324496234919104d937ca92dc3ef2aab/elements - {"using":"xpath","value":"//input[contains(@id ,\"application-billingtransfer-display-component---billingWorkbench--smartFilterBar-btnBasicSearch\")]"}
RESULT: {"using":"xpath","value":"//input[contains(@id ,\"application-billingtransfer-display-component---billingWorkbench--smartFilterBar-btnBasicSearch\")]"}
COMMAND: POST /session/324496234919104d937ca92dc3ef2aab/elements - {"using":"xpath","value":"//input[contains(@id ,\"application-billingtransfer-display-component---billingWorkbench--smartFilterBar-btnBasicSearch\")]"}
RESULT: {"using":"xpath","value":"//input[contains(@id ,\"application-billingtransfer-display-component---billingWorkbench--smartFilterBar-btnBasicSearch\")]"}
COMMAND: POST /session/324496234919104d937ca92dc3ef2aab/elements - {"using":"xpath","value":"//input[contains(@id ,\"application-billingtransfer-display-component---billingWorkbench--smartFilterBar-btnBasicSearch\")]"}
RESULT: {"using":"xpath","value":"//input[contains(@id ,\"application-billingtransfer-display-component---billingWorkbench--smartFilterBar-btnBasicSearch\")]"}
COMMAND: POST /session/324496234919104d937ca92dc3ef2aab/elements - {"using":"xpath","value":"//input[contains(@id ,\"application-billingtransfer-display-component---billingWorkbench--smartFilterBar-btnBasicSearch\")]"}
RESULT: {"using":"xpath","value":"//input[contains(@id ,\"application-billingtransfer-display-component---billingWorkbench--smartFilterBar-btnBasicSearch\")]"}
COMMAND: POST /session/324496234919104d937ca92dc3ef2aab/elements - {"using":"xpath","value":"//input[contains(@id ,\"application-billingtransfer-display-component---billingWorkbench--smartFilterBar-btnBasicSearch\")]"}
RESULT: {"using":"xpath","value":"//input[contains(@id ,\"application-billingtransfer-display-component---billingWorkbench--smartFilterBar-btnBasicSearch\")]"}
COMMAND: POST /session/324496234919104d937ca92dc3ef2aab/elements - {"using":"xpath","value":"//input[contains(@id ,\"application-billingtransfer-display-component---billingWorkbench--smartFilterBar-btnBasicSearch\")]"}
RESULT: {"using":"xpath","value":"//input[contains(@id ,\"application-billingtransfer-display-component---billingWorkbench--smartFilterBar-btnBasicSearch\")]"}
COMMAND: POST /session/324496234919104d937ca92dc3ef2aab/elements - {"using":"xpath","value":"//input[contains(@id ,\"application-billingtransfer-display-component---billingWorkbench--smartFilterBar-btnBasicSearch\")]"}
RESULT: {"using":"xpath","value":"//input[contains(@id ,\"application-billingtransfer-display-component---billingWorkbench--smartFilterBar-btnBasicSearch\")]"}
COMMAND: POST /session/324496234919104d937ca92dc3ef2aab/elements - {"using":"xpath","value":"//input[contains(@id ,\"application-billingtransfer-display-component---billingWorkbench--smartFilterBar-btnBasicSearch\")]"}
RESULT: {"using":"xpath","value":"//input[contains(@id ,\"application-billingtransfer-display-component---billingWorkbench--smartFilterBar-btnBasicSearch\")]"}
COMMAND: POST /session/324496234919104d937ca92dc3ef2aab/elements - {"using":"xpath","value":"//input[contains(@id ,\"application-billingtransfer-display-component---billingWorkbench--smartFilterBar-btnBasicSearch\")]"}
RESULT: {"using":"xpath","value":"//input[contains(@id ,\"application-billingtransfer-display-component---billingWorkbench--smartFilterBar-btnBasicSearch\")]"}
COMMAND: POST /session/324496234919104d937ca92dc3ef2aab/elements - {"using":"xpath","value":"//input[contains(@id ,\"application-billingtransfer-display-component---billingWorkbench--smartFilterBar-btnBasicSearch\")]"}
RESULT: {"using":"xpath","value":"//input[contains(@id ,\"application-billingtransfer-display-component---billingWorkbench--smartFilterBar-btnBasicSearch\")]"}
COMMAND: POST /session/324496234919104d937ca92dc3ef2aab/elements - {"using":"xpath","value":"//input[contains(@id ,\"application-billingtransfer-display-component---billingWorkbench--smartFilterBar-btnBasicSearch\")]"}
RESULT: {"using":"xpath","value":"//input[contains(@id ,\"application-billingtransfer-display-component---billingWorkbench--smartFilterBar-btnBasicSearch\")]"}
COMMAND: POST /session/324496234919104d937ca92dc3ef2aab/elements - {"using":"xpath","value":"//input[contains(@id ,\"application-billingtransfer-display-component---billingWorkbench--smartFilterBar-btnBasicSearch\")]"}
RESULT: {"using":"xpath","value":"//input[contains(@id ,\"application-billingtransfer-display-component---billingWorkbench--smartFilterBar-btnBasicSearch\")]"}
COMMAND: POST /session/324496234919104d937ca92dc3ef2aab/elements - {"using":"xpath","value":"//input[contains(@id ,\"application-billingtransfer-display-component---billingWorkbench--smartFilterBar-btnBasicSearch\")]"}
RESULT: {"using":"xpath","value":"//input[contains(@id ,\"application-billingtransfer-display-component---billingWorkbench--smartFilterBar-btnBasicSearch\")]"}
COMMAND: POST /session/324496234919104d937ca92dc3ef2aab/elements - {"using":"xpath","value":"//input[contains(@id ,\"application-billingtransfer-display-component---billingWorkbench--smartFilterBar-btnBasicSearch\")]"}
RESULT: {"using":"xpath","value":"//input[contains(@id ,\"application-billingtransfer-display-component---billingWorkbench--smartFilterBar-btnBasicSearch\")]"}
COMMAND: POST /session/324496234919104d937ca92dc3ef2aab/elements - {"using":"xpath","value":"//input[contains(@id ,\"application-billingtransfer-display-component---billingWorkbench--smartFilterBar-btnBasicSearch\")]"}
RESULT: {"using":"xpath","value":"//input[contains(@id ,\"application-billingtransfer-display-component---billingWorkbench--smartFilterBar-btnBasicSearch\")]"}
COMMAND: POST /session/324496234919104d937ca92dc3ef2aab/elements - {"using":"xpath","value":"//input[contains(@id ,\"application-billingtransfer-display-component---billingWorkbench--smartFilterBar-btnBasicSearch\")]"}
RESULT: {"using":"xpath","value":"//input[contains(@id ,\"application-billingtransfer-display-component---billingWorkbench--smartFilterBar-btnBasicSearch\")]"}
COMMAND: POST /session/324496234919104d937ca92dc3ef2aab/elements - {"using":"xpath","value":"//input[contains(@id ,\"application-billingtransfer-display-component---billingWorkbench--smartFilterBar-btnBasicSearch\")]"}
RESULT: {"using":"xpath","value":"//input[contains(@id ,\"application-billingtransfer-display-component---billingWorkbench--smartFilterBar-btnBasicSearch\")]"}
COMMAND: GET /session/324496234919104d937ca92dc3ef2aab/screenshot - {}
RESULT: {}
]]></system-out>
      <system-err><![CDATA[
Error: element ("//input[contains(@id ,"application-billingtransfer-display-component---billingWorkbench--smartFilterBar-btnBasicSearch")]") still not existing after 45000ms
    at async UtilsPrerequisites.narrowDownSearchBT (D:\a\1\s\test\specs\BTS\prerequisites-and-utils-functions.js:2850:9)
    at async UtilsPrerequisites.billingTransfer (D:\a\1\s\test\specs\BTS\prerequisites-and-utils-functions.js:2775:9)
    at async Context.<anonymous> (D:\a\1\s\test\specs\BTS\billing-calculation-transp-times.spec.js:150:9)
]]></system-err>
    </testcase>
    <testcase classname="chrome.136_0_7103_93.windows.Billing_Calculation_-_Time_based_(considering_transport_times)_US139738" name="Should navigate to the contract item check the billed until field value" time="60.214">
      <failure/>
      <error message="element (&quot;//button[@data-kt=&quot;addButton&quot;]&quot;) still not existing after 45000ms"/>
      <system-out><![CDATA[
COMMAND: GET /session/324496234919104d937ca92dc3ef2aab/screenshot - {}
RESULT: undefined
COMMAND: POST /session/324496234919104d937ca92dc3ef2aab/element - {"using":"xpath","value":"//*[@id=\"__tile131\"]"}
RESULT: {}
RESULT: {"using":"xpath","value":"//*[@id=\"__tile131\"]"}
COMMAND: POST /session/324496234919104d937ca92dc3ef2aab/element/f.350099D233706A5CE962F884DCED375A.d.E60045586D59A366BEE39059722FD710.e.18332/click - {}
COMMAND: POST /session/324496234919104d937ca92dc3ef2aab/elements - {"using":"xpath","value":"//span[text()='Error']"}
RESULT: {"using":"xpath","value":"//span[text()='Error']"}
COMMAND: POST /session/324496234919104d937ca92dc3ef2aab/element - {"using":"xpath","value":"//button[@data-kt=\"addButton\"]"}
RESULT: {"using":"xpath","value":"//button[@data-kt=\"addButton\"]"}
COMMAND: POST /session/324496234919104d937ca92dc3ef2aab/elements - {"using":"xpath","value":"//button[@data-kt=\"addButton\"]"}
RESULT: {"using":"xpath","value":"//button[@data-kt=\"addButton\"]"}
COMMAND: POST /session/324496234919104d937ca92dc3ef2aab/elements - {"using":"xpath","value":"//button[@data-kt=\"addButton\"]"}
RESULT: {"using":"xpath","value":"//button[@data-kt=\"addButton\"]"}
COMMAND: POST /session/324496234919104d937ca92dc3ef2aab/elements - {"using":"xpath","value":"//button[@data-kt=\"addButton\"]"}
RESULT: {"using":"xpath","value":"//button[@data-kt=\"addButton\"]"}
COMMAND: POST /session/324496234919104d937ca92dc3ef2aab/elements - {"using":"xpath","value":"//button[@data-kt=\"addButton\"]"}
RESULT: {"using":"xpath","value":"//button[@data-kt=\"addButton\"]"}
COMMAND: POST /session/324496234919104d937ca92dc3ef2aab/elements - {"using":"xpath","value":"//button[@data-kt=\"addButton\"]"}
RESULT: {"using":"xpath","value":"//button[@data-kt=\"addButton\"]"}
COMMAND: POST /session/324496234919104d937ca92dc3ef2aab/elements - {"using":"xpath","value":"//button[@data-kt=\"addButton\"]"}
RESULT: {"using":"xpath","value":"//button[@data-kt=\"addButton\"]"}
COMMAND: POST /session/324496234919104d937ca92dc3ef2aab/elements - {"using":"xpath","value":"//button[@data-kt=\"addButton\"]"}
RESULT: {"using":"xpath","value":"//button[@data-kt=\"addButton\"]"}
COMMAND: POST /session/324496234919104d937ca92dc3ef2aab/elements - {"using":"xpath","value":"//button[@data-kt=\"addButton\"]"}
RESULT: {"using":"xpath","value":"//button[@data-kt=\"addButton\"]"}
COMMAND: POST /session/324496234919104d937ca92dc3ef2aab/elements - {"using":"xpath","value":"//button[@data-kt=\"addButton\"]"}
RESULT: {"using":"xpath","value":"//button[@data-kt=\"addButton\"]"}
COMMAND: POST /session/324496234919104d937ca92dc3ef2aab/elements - {"using":"xpath","value":"//button[@data-kt=\"addButton\"]"}
RESULT: {"using":"xpath","value":"//button[@data-kt=\"addButton\"]"}
COMMAND: POST /session/324496234919104d937ca92dc3ef2aab/elements - {"using":"xpath","value":"//button[@data-kt=\"addButton\"]"}
RESULT: {"using":"xpath","value":"//button[@data-kt=\"addButton\"]"}
COMMAND: POST /session/324496234919104d937ca92dc3ef2aab/elements - {"using":"xpath","value":"//button[@data-kt=\"addButton\"]"}
RESULT: {"using":"xpath","value":"//button[@data-kt=\"addButton\"]"}
COMMAND: POST /session/324496234919104d937ca92dc3ef2aab/elements - {"using":"xpath","value":"//button[@data-kt=\"addButton\"]"}
RESULT: {"using":"xpath","value":"//button[@data-kt=\"addButton\"]"}
COMMAND: POST /session/324496234919104d937ca92dc3ef2aab/elements - {"using":"xpath","value":"//button[@data-kt=\"addButton\"]"}
RESULT: {"using":"xpath","value":"//button[@data-kt=\"addButton\"]"}
COMMAND: POST /session/324496234919104d937ca92dc3ef2aab/elements - {"using":"xpath","value":"//button[@data-kt=\"addButton\"]"}
RESULT: {"using":"xpath","value":"//button[@data-kt=\"addButton\"]"}
COMMAND: POST /session/324496234919104d937ca92dc3ef2aab/elements - {"using":"xpath","value":"//button[@data-kt=\"addButton\"]"}
RESULT: {"using":"xpath","value":"//button[@data-kt=\"addButton\"]"}
COMMAND: POST /session/324496234919104d937ca92dc3ef2aab/elements - {"using":"xpath","value":"//button[@data-kt=\"addButton\"]"}
RESULT: {"using":"xpath","value":"//button[@data-kt=\"addButton\"]"}
COMMAND: POST /session/324496234919104d937ca92dc3ef2aab/elements - {"using":"xpath","value":"//button[@data-kt=\"addButton\"]"}
RESULT: {"using":"xpath","value":"//button[@data-kt=\"addButton\"]"}
COMMAND: POST /session/324496234919104d937ca92dc3ef2aab/elements - {"using":"xpath","value":"//button[@data-kt=\"addButton\"]"}
RESULT: {"using":"xpath","value":"//button[@data-kt=\"addButton\"]"}
COMMAND: POST /session/324496234919104d937ca92dc3ef2aab/elements - {"using":"xpath","value":"//button[@data-kt=\"addButton\"]"}
RESULT: {"using":"xpath","value":"//button[@data-kt=\"addButton\"]"}
COMMAND: POST /session/324496234919104d937ca92dc3ef2aab/elements - {"using":"xpath","value":"//button[@data-kt=\"addButton\"]"}
RESULT: {"using":"xpath","value":"//button[@data-kt=\"addButton\"]"}
COMMAND: POST /session/324496234919104d937ca92dc3ef2aab/elements - {"using":"xpath","value":"//button[@data-kt=\"addButton\"]"}
RESULT: {"using":"xpath","value":"//button[@data-kt=\"addButton\"]"}
COMMAND: POST /session/324496234919104d937ca92dc3ef2aab/elements - {"using":"xpath","value":"//button[@data-kt=\"addButton\"]"}
RESULT: {"using":"xpath","value":"//button[@data-kt=\"addButton\"]"}
COMMAND: POST /session/324496234919104d937ca92dc3ef2aab/elements - {"using":"xpath","value":"//button[@data-kt=\"addButton\"]"}
RESULT: {"using":"xpath","value":"//button[@data-kt=\"addButton\"]"}
COMMAND: POST /session/324496234919104d937ca92dc3ef2aab/elements - {"using":"xpath","value":"//button[@data-kt=\"addButton\"]"}
RESULT: {"using":"xpath","value":"//button[@data-kt=\"addButton\"]"}
COMMAND: POST /session/324496234919104d937ca92dc3ef2aab/elements - {"using":"xpath","value":"//button[@data-kt=\"addButton\"]"}
RESULT: {"using":"xpath","value":"//button[@data-kt=\"addButton\"]"}
COMMAND: POST /session/324496234919104d937ca92dc3ef2aab/elements - {"using":"xpath","value":"//button[@data-kt=\"addButton\"]"}
RESULT: {"using":"xpath","value":"//button[@data-kt=\"addButton\"]"}
COMMAND: POST /session/324496234919104d937ca92dc3ef2aab/elements - {"using":"xpath","value":"//button[@data-kt=\"addButton\"]"}
RESULT: {"using":"xpath","value":"//button[@data-kt=\"addButton\"]"}
COMMAND: POST /session/324496234919104d937ca92dc3ef2aab/elements - {"using":"xpath","value":"//button[@data-kt=\"addButton\"]"}
RESULT: {"using":"xpath","value":"//button[@data-kt=\"addButton\"]"}
COMMAND: POST /session/324496234919104d937ca92dc3ef2aab/elements - {"using":"xpath","value":"//button[@data-kt=\"addButton\"]"}
RESULT: {"using":"xpath","value":"//button[@data-kt=\"addButton\"]"}
COMMAND: POST /session/324496234919104d937ca92dc3ef2aab/elements - {"using":"xpath","value":"//button[@data-kt=\"addButton\"]"}
RESULT: {"using":"xpath","value":"//button[@data-kt=\"addButton\"]"}
COMMAND: POST /session/324496234919104d937ca92dc3ef2aab/elements - {"using":"xpath","value":"//button[@data-kt=\"addButton\"]"}
RESULT: {"using":"xpath","value":"//button[@data-kt=\"addButton\"]"}
COMMAND: POST /session/324496234919104d937ca92dc3ef2aab/elements - {"using":"xpath","value":"//button[@data-kt=\"addButton\"]"}
RESULT: {"using":"xpath","value":"//button[@data-kt=\"addButton\"]"}
COMMAND: POST /session/324496234919104d937ca92dc3ef2aab/elements - {"using":"xpath","value":"//button[@data-kt=\"addButton\"]"}
RESULT: {"using":"xpath","value":"//button[@data-kt=\"addButton\"]"}
COMMAND: POST /session/324496234919104d937ca92dc3ef2aab/elements - {"using":"xpath","value":"//button[@data-kt=\"addButton\"]"}
RESULT: {"using":"xpath","value":"//button[@data-kt=\"addButton\"]"}
COMMAND: POST /session/324496234919104d937ca92dc3ef2aab/elements - {"using":"xpath","value":"//button[@data-kt=\"addButton\"]"}
RESULT: {"using":"xpath","value":"//button[@data-kt=\"addButton\"]"}
COMMAND: POST /session/324496234919104d937ca92dc3ef2aab/elements - {"using":"xpath","value":"//button[@data-kt=\"addButton\"]"}
RESULT: {"using":"xpath","value":"//button[@data-kt=\"addButton\"]"}
COMMAND: POST /session/324496234919104d937ca92dc3ef2aab/elements - {"using":"xpath","value":"//button[@data-kt=\"addButton\"]"}
RESULT: {"using":"xpath","value":"//button[@data-kt=\"addButton\"]"}
COMMAND: POST /session/324496234919104d937ca92dc3ef2aab/elements - {"using":"xpath","value":"//button[@data-kt=\"addButton\"]"}
RESULT: {"using":"xpath","value":"//button[@data-kt=\"addButton\"]"}
COMMAND: POST /session/324496234919104d937ca92dc3ef2aab/elements - {"using":"xpath","value":"//button[@data-kt=\"addButton\"]"}
RESULT: {"using":"xpath","value":"//button[@data-kt=\"addButton\"]"}
COMMAND: POST /session/324496234919104d937ca92dc3ef2aab/elements - {"using":"xpath","value":"//button[@data-kt=\"addButton\"]"}
RESULT: {"using":"xpath","value":"//button[@data-kt=\"addButton\"]"}
COMMAND: POST /session/324496234919104d937ca92dc3ef2aab/elements - {"using":"xpath","value":"//button[@data-kt=\"addButton\"]"}
RESULT: {"using":"xpath","value":"//button[@data-kt=\"addButton\"]"}
COMMAND: POST /session/324496234919104d937ca92dc3ef2aab/elements - {"using":"xpath","value":"//button[@data-kt=\"addButton\"]"}
RESULT: {"using":"xpath","value":"//button[@data-kt=\"addButton\"]"}
COMMAND: POST /session/324496234919104d937ca92dc3ef2aab/elements - {"using":"xpath","value":"//button[@data-kt=\"addButton\"]"}
RESULT: {"using":"xpath","value":"//button[@data-kt=\"addButton\"]"}
COMMAND: POST /session/324496234919104d937ca92dc3ef2aab/elements - {"using":"xpath","value":"//button[@data-kt=\"addButton\"]"}
RESULT: {"using":"xpath","value":"//button[@data-kt=\"addButton\"]"}
COMMAND: POST /session/324496234919104d937ca92dc3ef2aab/elements - {"using":"xpath","value":"//button[@data-kt=\"addButton\"]"}
RESULT: {"using":"xpath","value":"//button[@data-kt=\"addButton\"]"}
COMMAND: POST /session/324496234919104d937ca92dc3ef2aab/elements - {"using":"xpath","value":"//button[@data-kt=\"addButton\"]"}
RESULT: {"using":"xpath","value":"//button[@data-kt=\"addButton\"]"}
COMMAND: POST /session/324496234919104d937ca92dc3ef2aab/elements - {"using":"xpath","value":"//button[@data-kt=\"addButton\"]"}
RESULT: {"using":"xpath","value":"//button[@data-kt=\"addButton\"]"}
COMMAND: POST /session/324496234919104d937ca92dc3ef2aab/elements - {"using":"xpath","value":"//button[@data-kt=\"addButton\"]"}
RESULT: {"using":"xpath","value":"//button[@data-kt=\"addButton\"]"}
COMMAND: POST /session/324496234919104d937ca92dc3ef2aab/elements - {"using":"xpath","value":"//button[@data-kt=\"addButton\"]"}
RESULT: {"using":"xpath","value":"//button[@data-kt=\"addButton\"]"}
COMMAND: POST /session/324496234919104d937ca92dc3ef2aab/elements - {"using":"xpath","value":"//button[@data-kt=\"addButton\"]"}
RESULT: {"using":"xpath","value":"//button[@data-kt=\"addButton\"]"}
COMMAND: POST /session/324496234919104d937ca92dc3ef2aab/elements - {"using":"xpath","value":"//button[@data-kt=\"addButton\"]"}
RESULT: {"using":"xpath","value":"//button[@data-kt=\"addButton\"]"}
COMMAND: POST /session/324496234919104d937ca92dc3ef2aab/elements - {"using":"xpath","value":"//button[@data-kt=\"addButton\"]"}
RESULT: {"using":"xpath","value":"//button[@data-kt=\"addButton\"]"}
COMMAND: POST /session/324496234919104d937ca92dc3ef2aab/elements - {"using":"xpath","value":"//button[@data-kt=\"addButton\"]"}
RESULT: {"using":"xpath","value":"//button[@data-kt=\"addButton\"]"}
COMMAND: POST /session/324496234919104d937ca92dc3ef2aab/elements - {"using":"xpath","value":"//button[@data-kt=\"addButton\"]"}
RESULT: {"using":"xpath","value":"//button[@data-kt=\"addButton\"]"}
COMMAND: POST /session/324496234919104d937ca92dc3ef2aab/elements - {"using":"xpath","value":"//button[@data-kt=\"addButton\"]"}
RESULT: {"using":"xpath","value":"//button[@data-kt=\"addButton\"]"}
COMMAND: POST /session/324496234919104d937ca92dc3ef2aab/elements - {"using":"xpath","value":"//button[@data-kt=\"addButton\"]"}
RESULT: {"using":"xpath","value":"//button[@data-kt=\"addButton\"]"}
COMMAND: POST /session/324496234919104d937ca92dc3ef2aab/elements - {"using":"xpath","value":"//button[@data-kt=\"addButton\"]"}
RESULT: {"using":"xpath","value":"//button[@data-kt=\"addButton\"]"}
COMMAND: POST /session/324496234919104d937ca92dc3ef2aab/elements - {"using":"xpath","value":"//button[@data-kt=\"addButton\"]"}
RESULT: {"using":"xpath","value":"//button[@data-kt=\"addButton\"]"}
COMMAND: POST /session/324496234919104d937ca92dc3ef2aab/elements - {"using":"xpath","value":"//button[@data-kt=\"addButton\"]"}
RESULT: {"using":"xpath","value":"//button[@data-kt=\"addButton\"]"}
COMMAND: POST /session/324496234919104d937ca92dc3ef2aab/elements - {"using":"xpath","value":"//button[@data-kt=\"addButton\"]"}
RESULT: {"using":"xpath","value":"//button[@data-kt=\"addButton\"]"}
COMMAND: POST /session/324496234919104d937ca92dc3ef2aab/elements - {"using":"xpath","value":"//button[@data-kt=\"addButton\"]"}
RESULT: {"using":"xpath","value":"//button[@data-kt=\"addButton\"]"}
COMMAND: POST /session/324496234919104d937ca92dc3ef2aab/elements - {"using":"xpath","value":"//button[@data-kt=\"addButton\"]"}
RESULT: {"using":"xpath","value":"//button[@data-kt=\"addButton\"]"}
COMMAND: POST /session/324496234919104d937ca92dc3ef2aab/elements - {"using":"xpath","value":"//button[@data-kt=\"addButton\"]"}
RESULT: {"using":"xpath","value":"//button[@data-kt=\"addButton\"]"}
COMMAND: POST /session/324496234919104d937ca92dc3ef2aab/elements - {"using":"xpath","value":"//button[@data-kt=\"addButton\"]"}
RESULT: {"using":"xpath","value":"//button[@data-kt=\"addButton\"]"}
COMMAND: POST /session/324496234919104d937ca92dc3ef2aab/elements - {"using":"xpath","value":"//button[@data-kt=\"addButton\"]"}
RESULT: {"using":"xpath","value":"//button[@data-kt=\"addButton\"]"}
COMMAND: POST /session/324496234919104d937ca92dc3ef2aab/elements - {"using":"xpath","value":"//button[@data-kt=\"addButton\"]"}
RESULT: {"using":"xpath","value":"//button[@data-kt=\"addButton\"]"}
COMMAND: POST /session/324496234919104d937ca92dc3ef2aab/elements - {"using":"xpath","value":"//button[@data-kt=\"addButton\"]"}
RESULT: {"using":"xpath","value":"//button[@data-kt=\"addButton\"]"}
COMMAND: POST /session/324496234919104d937ca92dc3ef2aab/elements - {"using":"xpath","value":"//button[@data-kt=\"addButton\"]"}
RESULT: {"using":"xpath","value":"//button[@data-kt=\"addButton\"]"}
COMMAND: POST /session/324496234919104d937ca92dc3ef2aab/elements - {"using":"xpath","value":"//button[@data-kt=\"addButton\"]"}
RESULT: {"using":"xpath","value":"//button[@data-kt=\"addButton\"]"}
COMMAND: POST /session/324496234919104d937ca92dc3ef2aab/elements - {"using":"xpath","value":"//button[@data-kt=\"addButton\"]"}
RESULT: {"using":"xpath","value":"//button[@data-kt=\"addButton\"]"}
COMMAND: POST /session/324496234919104d937ca92dc3ef2aab/elements - {"using":"xpath","value":"//button[@data-kt=\"addButton\"]"}
RESULT: {"using":"xpath","value":"//button[@data-kt=\"addButton\"]"}
COMMAND: POST /session/324496234919104d937ca92dc3ef2aab/elements - {"using":"xpath","value":"//button[@data-kt=\"addButton\"]"}
RESULT: {"using":"xpath","value":"//button[@data-kt=\"addButton\"]"}
COMMAND: POST /session/324496234919104d937ca92dc3ef2aab/elements - {"using":"xpath","value":"//button[@data-kt=\"addButton\"]"}
RESULT: {"using":"xpath","value":"//button[@data-kt=\"addButton\"]"}
COMMAND: POST /session/324496234919104d937ca92dc3ef2aab/elements - {"using":"xpath","value":"//button[@data-kt=\"addButton\"]"}
RESULT: {"using":"xpath","value":"//button[@data-kt=\"addButton\"]"}
COMMAND: POST /session/324496234919104d937ca92dc3ef2aab/elements - {"using":"xpath","value":"//button[@data-kt=\"addButton\"]"}
RESULT: {"using":"xpath","value":"//button[@data-kt=\"addButton\"]"}
COMMAND: POST /session/324496234919104d937ca92dc3ef2aab/elements - {"using":"xpath","value":"//button[@data-kt=\"addButton\"]"}
RESULT: {"using":"xpath","value":"//button[@data-kt=\"addButton\"]"}
COMMAND: POST /session/324496234919104d937ca92dc3ef2aab/elements - {"using":"xpath","value":"//button[@data-kt=\"addButton\"]"}
RESULT: {"using":"xpath","value":"//button[@data-kt=\"addButton\"]"}
COMMAND: POST /session/324496234919104d937ca92dc3ef2aab/elements - {"using":"xpath","value":"//button[@data-kt=\"addButton\"]"}
RESULT: {"using":"xpath","value":"//button[@data-kt=\"addButton\"]"}
COMMAND: POST /session/324496234919104d937ca92dc3ef2aab/elements - {"using":"xpath","value":"//button[@data-kt=\"addButton\"]"}
RESULT: {"using":"xpath","value":"//button[@data-kt=\"addButton\"]"}
COMMAND: POST /session/324496234919104d937ca92dc3ef2aab/elements - {"using":"xpath","value":"//button[@data-kt=\"addButton\"]"}
RESULT: {"using":"xpath","value":"//button[@data-kt=\"addButton\"]"}
COMMAND: POST /session/324496234919104d937ca92dc3ef2aab/elements - {"using":"xpath","value":"//button[@data-kt=\"addButton\"]"}
RESULT: {"using":"xpath","value":"//button[@data-kt=\"addButton\"]"}
COMMAND: POST /session/324496234919104d937ca92dc3ef2aab/elements - {"using":"xpath","value":"//button[@data-kt=\"addButton\"]"}
RESULT: {"using":"xpath","value":"//button[@data-kt=\"addButton\"]"}
COMMAND: POST /session/324496234919104d937ca92dc3ef2aab/elements - {"using":"xpath","value":"//button[@data-kt=\"addButton\"]"}
RESULT: {"using":"xpath","value":"//button[@data-kt=\"addButton\"]"}
COMMAND: POST /session/324496234919104d937ca92dc3ef2aab/elements - {"using":"xpath","value":"//button[@data-kt=\"addButton\"]"}
RESULT: {"using":"xpath","value":"//button[@data-kt=\"addButton\"]"}
COMMAND: POST /session/324496234919104d937ca92dc3ef2aab/elements - {"using":"xpath","value":"//button[@data-kt=\"addButton\"]"}
RESULT: {"using":"xpath","value":"//button[@data-kt=\"addButton\"]"}
COMMAND: POST /session/324496234919104d937ca92dc3ef2aab/elements - {"using":"xpath","value":"//button[@data-kt=\"addButton\"]"}
RESULT: {"using":"xpath","value":"//button[@data-kt=\"addButton\"]"}
COMMAND: POST /session/324496234919104d937ca92dc3ef2aab/elements - {"using":"xpath","value":"//button[@data-kt=\"addButton\"]"}
RESULT: {"using":"xpath","value":"//button[@data-kt=\"addButton\"]"}
COMMAND: POST /session/324496234919104d937ca92dc3ef2aab/elements - {"using":"xpath","value":"//button[@data-kt=\"addButton\"]"}
RESULT: {"using":"xpath","value":"//button[@data-kt=\"addButton\"]"}
COMMAND: POST /session/324496234919104d937ca92dc3ef2aab/elements - {"using":"xpath","value":"//button[@data-kt=\"addButton\"]"}
RESULT: {"using":"xpath","value":"//button[@data-kt=\"addButton\"]"}
COMMAND: POST /session/324496234919104d937ca92dc3ef2aab/elements - {"using":"xpath","value":"//button[@data-kt=\"addButton\"]"}
COMMAND: GET /session/324496234919104d937ca92dc3ef2aab/screenshot - {}
RESULT: {"using":"xpath","value":"//button[@data-kt=\"addButton\"]"}
RESULT: {}
COMMAND: GET /session/324496234919104d937ca92dc3ef2aab/screenshot - {}
COMMAND: GET /session/324496234919104d937ca92dc3ef2aab/screenshot - {}
RESULT: {}
RESULT: {}
COMMAND: DELETE /session/324496234919104d937ca92dc3ef2aab - {}
RESULT: {}
]]></system-out>
      <system-err><![CDATA[
Error: element ("//button[@data-kt="addButton"]") still not existing after 45000ms
    at async UtilsPrerequisites.checkBilledUntilDate (D:\a\1\s\test\specs\BTS\prerequisites-and-utils-functions.js:2313:9)
    at async Context.<anonymous> (D:\a\1\s\test\specs\BTS\billing-calculation-transp-times.spec.js:161:9)
]]></system-err>
    </testcase>
  </testsuite>
</testsuites>