<?xml version="1.0" encoding="UTF-8"?>
<testsuites tests="24" failures="6" errors="6" skipped="0">
  <testsuite timestamp="2025-05-30T15:38:58" time="720.409" tests="5" failures="0" errors="0" skipped="0">
    <properties>
      <property name="specId" value="0"/>
      <property name="suiteName" value="Manage Requests Tags Tests US120163"/>
      <property name="capabilities" value="chrome.136_0_7103_93.windows"/>
      <property name="file" value="file:///D:/a/1/s/test/specs/R2C/create-request-Tags.spec.js"/>
    </properties>
    <testcase classname="chrome.136_0_7103_93.windows.Manage_Requests_Tags_Tests_US120163" name="Should create a new yard" time="129.313">
      <system-out><![CDATA[
COMMAND: POST /session/e7e046f545b47c9805ddcb78f08915f8/execute/async - {"script":"<script> [1562 bytes]","args":[{"selector":{"controlType":"sap.m.GenericTile","properties":{"header":"Manage Yards"}},"wdio_ui5_key":"sapm.GenericTile{\"header\":\"Manage Yards\"}"}]}
RESULT: {"script":"<script> [1562 bytes]","args":[{"selector":{"controlType":"sap.m.GenericTile","properties":{"header":"Manage Yards"}},"wdio_ui5_key":"sapm.GenericTile{\"header\":\"Manage Yards\"}"}]}
RESULT: undefined
COMMAND: POST /session/e7e046f545b47c9805ddcb78f08915f8/element - {"using":"xpath","value":"//*[@id=\"__tile41\"]"}
RESULT: {"using":"xpath","value":"//*[@id=\"__tile41\"]"}
COMMAND: POST /session/e7e046f545b47c9805ddcb78f08915f8/element/f.0B5413DFD1C3A3AA7B72F051E5DEC85E.d.B21482D420FB492EBFB3B22B594CBCF5.e.118/click - {}
RESULT: {}
COMMAND: GET /session/e7e046f545b47c9805ddcb78f08915f8/screenshot - {}
RESULT: {}
COMMAND: POST /session/e7e046f545b47c9805ddcb78f08915f8/elements - {"using":"xpath","value":"//span[text()='Error']"}
RESULT: {"using":"xpath","value":"//span[text()='Error']"}
COMMAND: POST /session/e7e046f545b47c9805ddcb78f08915f8/execute/async - {"script":"<script> [1562 bytes]","args":[{"selector":{"controlType":"sap.ui.core.Icon","viewName":"etm.portal.ui.manageyards.view.Master","viewId":"application-manageyards-display-component---masterYard","properties":{"src":{"regex":{"source":"add"}}}},"wdio_ui5_key":"etmportal.ui.manageyards.view.Mastersap.ui.core.Icon{\"src\":{\"regex\":{\"source\":\"add\"}}}"}]}
RESULT: {"script":"<script> [1562 bytes]","args":[{"selector":{"controlType":"sap.ui.core.Icon","viewName":"etm.portal.ui.manageyards.view.Master","viewId":"application-manageyards-display-component---masterYard","properties":{"src":{"regex":{"source":"add"}}}},"wdio_ui5_key":"etmportal.ui.manageyards.view.Mastersap.ui.core.Icon{\"src\":{\"regex\":{\"source\":\"add\"}}}"}]}
RESULT: undefined
COMMAND: POST /session/e7e046f545b47c9805ddcb78f08915f8/element - {"using":"xpath","value":"//*[@id=\"__button4-img\"]"}
RESULT: {"using":"xpath","value":"//*[@id=\"__button4-img\"]"}
COMMAND: POST /session/e7e046f545b47c9805ddcb78f08915f8/element/f.0B5413DFD1C3A3AA7B72F051E5DEC85E.d.B21482D420FB492EBFB3B22B594CBCF5.e.165/click - {}
RESULT: {}
COMMAND: GET /session/e7e046f545b47c9805ddcb78f08915f8/screenshot - {}
RESULT: {}
COMMAND: POST /session/e7e046f545b47c9805ddcb78f08915f8/execute/async - {"script":"<script> [1562 bytes]","args":[{"selector":{"id":"application-manageyards-display-component---NewYard--yardId","interaction":{"idSuffix":"inner"}},"wdio_ui5_key":"applicationmanageyards-display-component---NewYard--yardId"}]}
RESULT: {"script":"<script> [1562 bytes]","args":[{"selector":{"id":"application-manageyards-display-component---NewYard--yardId","interaction":{"idSuffix":"inner"}},"wdio_ui5_key":"applicationmanageyards-display-component---NewYard--yardId"}]}
RESULT: undefined
COMMAND: POST /session/e7e046f545b47c9805ddcb78f08915f8/element - {"using":"xpath","value":"//*[@id=\"application-manageyards-display-component---NewYard--addressDetailDetailsName1-inner\"]"}
RESULT: {"using":"xpath","value":"//*[@id=\"application-manageyards-display-component---NewYard--addressDetailDetailsName1-inner\"]"}
COMMAND: POST /session/e7e046f545b47c9805ddcb78f08915f8/element/f.0B5413DFD1C3A3AA7B72F051E5DEC85E.d.B21482D420FB492EBFB3B22B594CBCF5.e.378/clear - {}
RESULT: {}
COMMAND: POST /session/e7e046f545b47c9805ddcb78f08915f8/element/f.0B5413DFD1C3A3AA7B72F051E5DEC85E.d.B21482D420FB492EBFB3B22B594CBCF5.e.378/value - {"text":"WebdriverYard5b5aq"}
COMMAND: GET /session/e7e046f545b47c9805ddcb78f08915f8/screenshot - {}
RESULT: {"text":"WebdriverYard5b5aq"}
COMMAND: POST /session/e7e046f545b47c9805ddcb78f08915f8/element - {"using":"xpath","value":"//*[@id=\"application-manageyards-display-component---NewYard--addressDetailDetailsLanguage-inner\"]"}
COMMAND: GET /session/e7e046f545b47c9805ddcb78f08915f8/screenshot - {}
RESULT: {}
RESULT: {"using":"xpath","value":"//*[@id=\"application-manageyards-display-component---NewYard--addressDetailDetailsLanguage-inner\"]"}
COMMAND: POST /session/e7e046f545b47c9805ddcb78f08915f8/element/f.0B5413DFD1C3A3AA7B72F051E5DEC85E.d.B21482D420FB492EBFB3B22B594CBCF5.e.379/clear - {}
RESULT: {}
RESULT: {}
COMMAND: POST /session/e7e046f545b47c9805ddcb78f08915f8/element/f.0B5413DFD1C3A3AA7B72F051E5DEC85E.d.B21482D420FB492EBFB3B22B594CBCF5.e.379/value - {"text":"Romanian"}
COMMAND: GET /session/e7e046f545b47c9805ddcb78f08915f8/screenshot - {}
RESULT: {"text":"Romanian"}
COMMAND: POST /session/e7e046f545b47c9805ddcb78f08915f8/element - {"using":"xpath","value":"//input[contains(@id ,\"application-manageyards-display-component---NewYard--addressDetailDetailsName1-inner\")]"}
COMMAND: GET /session/e7e046f545b47c9805ddcb78f08915f8/screenshot - {}
RESULT: {}
RESULT: {"using":"xpath","value":"//input[contains(@id ,\"application-manageyards-display-component---NewYard--addressDetailDetailsName1-inner\")]"}
COMMAND: GET /session/e7e046f545b47c9805ddcb78f08915f8/element/f.0B5413DFD1C3A3AA7B72F051E5DEC85E.d.B21482D420FB492EBFB3B22B594CBCF5.e.378/property/value - {}
RESULT: {}
RESULT: {}
COMMAND: GET /session/e7e046f545b47c9805ddcb78f08915f8/screenshot - {}
RESULT: {}
COMMAND: POST /session/e7e046f545b47c9805ddcb78f08915f8/element - {"using":"xpath","value":"//*[@id=\"application-manageyards-display-component---NewYard--addressDetailDetailsCity1-inner\"]"}
RESULT: {"using":"xpath","value":"//*[@id=\"application-manageyards-display-component---NewYard--addressDetailDetailsCity1-inner\"]"}
COMMAND: POST /session/e7e046f545b47c9805ddcb78f08915f8/element/f.0B5413DFD1C3A3AA7B72F051E5DEC85E.d.B21482D420FB492EBFB3B22B594CBCF5.e.381/clear - {}
RESULT: {}
COMMAND: POST /session/e7e046f545b47c9805ddcb78f08915f8/element/f.0B5413DFD1C3A3AA7B72F051E5DEC85E.d.B21482D420FB492EBFB3B22B594CBCF5.e.381/value - {"text":"Bucuresti"}
COMMAND: GET /session/e7e046f545b47c9805ddcb78f08915f8/screenshot - {}
RESULT: {"text":"Bucuresti"}
COMMAND: GET /session/e7e046f545b47c9805ddcb78f08915f8/screenshot - {}
RESULT: {}
RESULT: {}
COMMAND: POST /session/e7e046f545b47c9805ddcb78f08915f8/element - {"using":"xpath","value":"//*[@id=\"application-manageyards-display-component---NewYard--addressDetailDetailsCountry-inner\"]"}
RESULT: {"using":"xpath","value":"//*[@id=\"application-manageyards-display-component---NewYard--addressDetailDetailsCountry-inner\"]"}
COMMAND: POST /session/e7e046f545b47c9805ddcb78f08915f8/element/f.0B5413DFD1C3A3AA7B72F051E5DEC85E.d.B21482D420FB492EBFB3B22B594CBCF5.e.385/clear - {}
RESULT: {}
COMMAND: POST /session/e7e046f545b47c9805ddcb78f08915f8/element/f.0B5413DFD1C3A3AA7B72F051E5DEC85E.d.B21482D420FB492EBFB3B22B594CBCF5.e.385/value - {"text":"Romania"}
COMMAND: GET /session/e7e046f545b47c9805ddcb78f08915f8/screenshot - {}
RESULT: {"text":"Romania"}
COMMAND: GET /session/e7e046f545b47c9805ddcb78f08915f8/screenshot - {}
RESULT: {}
RESULT: {}
COMMAND: POST /session/e7e046f545b47c9805ddcb78f08915f8/element - {"using":"xpath","value":"//div[contains(text(), \"Commercial\")]"}
RESULT: {"using":"xpath","value":"//div[contains(text(), \"Commercial\")]"}
COMMAND: GET /session/e7e046f545b47c9805ddcb78f08915f8/element/f.0B5413DFD1C3A3AA7B72F051E5DEC85E.d.B21482D420FB492EBFB3B22B594CBCF5.e.572/rect - {}
RESULT: {}
COMMAND: GET /session/e7e046f545b47c9805ddcb78f08915f8/window/rect - {}
RESULT: {}
COMMAND: POST /session/e7e046f545b47c9805ddcb78f08915f8/execute/sync - {"script":"<script> [92 bytes]","args":[]}
RESULT: {"script":"<script> [92 bytes]","args":[]}
COMMAND: POST /session/e7e046f545b47c9805ddcb78f08915f8/actions - {"actions":[{"id":"action1","type":"wheel","parameters":{},"actions":[{"type":"scroll","x":-1841,"y":-44,"deltaX":0,"deltaY":0,"duration":0,"origin":{"element-6066-11e4-a52e-4f735466cecf":"f.0B5413DFD1C3A3AA7B72F051E5DEC85E.d.B21482D420FB492EBFB3B22B594CBCF5.e.572"}}]}]}
COMMAND: GET /session/e7e046f545b47c9805ddcb78f08915f8/screenshot - {}
RESULT: {}
COMMAND: POST /session/e7e046f545b47c9805ddcb78f08915f8/execute/sync - {"script":"<script> [79 bytes]","args":[{"element-6066-11e4-a52e-4f735466cecf":"f.0B5413DFD1C3A3AA7B72F051E5DEC85E.d.B21482D420FB492EBFB3B22B594CBCF5.e.572","ELEMENT":"f.0B5413DFD1C3A3AA7B72F051E5DEC85E.d.B21482D420FB492EBFB3B22B594CBCF5.e.572"},{"block":"start","inline":"nearest"}]}
RESULT: {"script":"<script> [79 bytes]","args":[{"element-6066-11e4-a52e-4f735466cecf":"f.0B5413DFD1C3A3AA7B72F051E5DEC85E.d.B21482D420FB492EBFB3B22B594CBCF5.e.572","ELEMENT":"f.0B5413DFD1C3A3AA7B72F051E5DEC85E.d.B21482D420FB492EBFB3B22B594CBCF5.e.572"},{"block":"start","inline":"nearest"}]}
COMMAND: GET /session/e7e046f545b47c9805ddcb78f08915f8/screenshot - {}
RESULT: {}
COMMAND: POST /session/e7e046f545b47c9805ddcb78f08915f8/execute/async - {"script":"<script> [1562 bytes]","args":[{"selector":{"id":"application-manageyards-display-component---NewYard--addressEditDetailsCostObjectCstType-arrow"},"wdio_ui5_key":"applicationmanageyards-display-component---NewYard--addressEditDetailsCostObjectCstType-arrow"}]}
RESULT: {"script":"<script> [1562 bytes]","args":[{"selector":{"id":"application-manageyards-display-component---NewYard--addressEditDetailsCostObjectCstType-arrow"},"wdio_ui5_key":"applicationmanageyards-display-component---NewYard--addressEditDetailsCostObjectCstType-arrow"}]}
RESULT: undefined
COMMAND: POST /session/e7e046f545b47c9805ddcb78f08915f8/element - {"using":"xpath","value":"//*[@id=\"application-manageyards-display-component---NewYard--addressEditDetailsCostObjectCstType-arrow\"]"}
RESULT: {"using":"xpath","value":"//*[@id=\"application-manageyards-display-component---NewYard--addressEditDetailsCostObjectCstType-arrow\"]"}
COMMAND: POST /session/e7e046f545b47c9805ddcb78f08915f8/element/f.0B5413DFD1C3A3AA7B72F051E5DEC85E.d.B21482D420FB492EBFB3B22B594CBCF5.e.578/click - {}
RESULT: {}
COMMAND: POST /session/e7e046f545b47c9805ddcb78f08915f8/element - {"using":"xpath","value":"//span[contains(text(), \"Cost Center\")]"}
COMMAND: GET /session/e7e046f545b47c9805ddcb78f08915f8/screenshot - {}
RESULT: {"using":"xpath","value":"//span[contains(text(), \"Cost Center\")]"}
COMMAND: POST /session/e7e046f545b47c9805ddcb78f08915f8/element/f.0B5413DFD1C3A3AA7B72F051E5DEC85E.d.B21482D420FB492EBFB3B22B594CBCF5.e.579/click - {}
RESULT: {}
RESULT: {}
COMMAND: GET /session/e7e046f545b47c9805ddcb78f08915f8/screenshot - {}
RESULT: {}
COMMAND: POST /session/e7e046f545b47c9805ddcb78f08915f8/execute/async - {"script":"<script> [1562 bytes]","args":[{"selector":{"id":"application-manageyards-display-component---NewYard--addressNewCostObjectCstID-vhi"},"wdio_ui5_key":"applicationmanageyards-display-component---NewYard--addressNewCostObjectCstID-vhi"}]}
RESULT: {"script":"<script> [1562 bytes]","args":[{"selector":{"id":"application-manageyards-display-component---NewYard--addressNewCostObjectCstID-vhi"},"wdio_ui5_key":"applicationmanageyards-display-component---NewYard--addressNewCostObjectCstID-vhi"}]}
RESULT: undefined
COMMAND: POST /session/e7e046f545b47c9805ddcb78f08915f8/element - {"using":"xpath","value":"//*[@id=\"application-manageyards-display-component---NewYard--addressNewCostObjectCstID-vhi\"]"}
RESULT: {"using":"xpath","value":"//*[@id=\"application-manageyards-display-component---NewYard--addressNewCostObjectCstID-vhi\"]"}
COMMAND: POST /session/e7e046f545b47c9805ddcb78f08915f8/element/f.0B5413DFD1C3A3AA7B72F051E5DEC85E.d.B21482D420FB492EBFB3B22B594CBCF5.e.596/click - {}
RESULT: {}
COMMAND: GET /session/e7e046f545b47c9805ddcb78f08915f8/screenshot - {}
RESULT: {}
COMMAND: POST /session/e7e046f545b47c9805ddcb78f08915f8/execute/async - {"script":"<script> [1562 bytes]","args":[{"selector":{"controlType":"sap.m.SearchField","properties":{"placeholder":"Search"},"searchOpenDialogs":true,"interaction":{"idSuffix":"I"}},"wdio_ui5_key":"sapm.SearchField{\"placeholder\":\"Search\"}"}]}
RESULT: {"script":"<script> [1562 bytes]","args":[{"selector":{"controlType":"sap.m.SearchField","properties":{"placeholder":"Search"},"searchOpenDialogs":true,"interaction":{"idSuffix":"I"}},"wdio_ui5_key":"sapm.SearchField{\"placeholder\":\"Search\"}"}]}
RESULT: undefined
COMMAND: POST /session/e7e046f545b47c9805ddcb78f08915f8/execute/async - {"script":"<script> [776 bytes]","args":[{"enterText":"10001013","selector":{"controlType":"sap.m.SearchField","properties":{"placeholder":"Search"},"searchOpenDialogs":true,"interaction":{"idSuffix":"I"}},"clearTextFirst":true,"interactionType":"ENTER_TEXT"}]}
RESULT: {"script":"<script> [776 bytes]","args":[{"enterText":"10001013","selector":{"controlType":"sap.m.SearchField","properties":{"placeholder":"Search"},"searchOpenDialogs":true,"interaction":{"idSuffix":"I"}},"clearTextFirst":true,"interactionType":"ENTER_TEXT"}]}
COMMAND: POST /session/e7e046f545b47c9805ddcb78f08915f8/actions - {"actions":[{"id":"action2","type":"key","parameters":{},"actions":[{"type":"keyDown","value":""},{"type":"pause","duration":10},{"type":"keyUp","value":""}]}]}
RESULT: {"actions":[{"id":"action2","type":"key","parameters":{},"actions":[{"type":"keyDown","value":""},{"type":"pause","duration":10},{"type":"keyUp","value":""}]}]}
COMMAND: GET /session/e7e046f545b47c9805ddcb78f08915f8/screenshot - {}
RESULT: {}
COMMAND: POST /session/e7e046f545b47c9805ddcb78f08915f8/element - {"using":"xpath","value":"//span[contains(text(), \"General Management\")]"}
RESULT: {"using":"xpath","value":"//span[contains(text(), \"General Management\")]"}
COMMAND: POST /session/e7e046f545b47c9805ddcb78f08915f8/element/f.0B5413DFD1C3A3AA7B72F051E5DEC85E.d.B21482D420FB492EBFB3B22B594CBCF5.e.637/click - {}
RESULT: {}
COMMAND: GET /session/e7e046f545b47c9805ddcb78f08915f8/screenshot - {}
RESULT: {}
COMMAND: POST /session/e7e046f545b47c9805ddcb78f08915f8/element - {"using":"xpath","value":"//bdi[contains(text(), \"OK\")]"}
RESULT: {"using":"xpath","value":"//bdi[contains(text(), \"OK\")]"}
COMMAND: POST /session/e7e046f545b47c9805ddcb78f08915f8/element/f.0B5413DFD1C3A3AA7B72F051E5DEC85E.d.B21482D420FB492EBFB3B22B594CBCF5.e.638/click - {}
RESULT: {}
COMMAND: GET /session/e7e046f545b47c9805ddcb78f08915f8/screenshot - {}
RESULT: {}
COMMAND: POST /session/e7e046f545b47c9805ddcb78f08915f8/execute/async - {"script":"<script> [1562 bytes]","args":[{"selector":{"controlType":"sap.m.Button","viewName":"etm.portal.ui.manageyards.view.New","viewId":"application-manageyards-display-component---NewYard","i18NText":{"propertyName":"text","key":"save"},"interaction":{"idSuffix":"inner"}},"wdio_ui5_key":"etmportal.ui.manageyards.view.Newsap.m.Button{\"propertyName\":\"text\",\"key\":\"save\"}"}]}
RESULT: {"script":"<script> [1562 bytes]","args":[{"selector":{"controlType":"sap.m.Button","viewName":"etm.portal.ui.manageyards.view.New","viewId":"application-manageyards-display-component---NewYard","i18NText":{"propertyName":"text","key":"save"},"interaction":{"idSuffix":"inner"}},"wdio_ui5_key":"etmportal.ui.manageyards.view.Newsap.m.Button{\"propertyName\":\"text\",\"key\":\"save\"}"}]}
RESULT: undefined
COMMAND: POST /session/e7e046f545b47c9805ddcb78f08915f8/element - {"using":"xpath","value":"//*[@id=\"__button18\"]"}
RESULT: {"using":"xpath","value":"//*[@id=\"__button18\"]"}
COMMAND: POST /session/e7e046f545b47c9805ddcb78f08915f8/element/f.0B5413DFD1C3A3AA7B72F051E5DEC85E.d.B21482D420FB492EBFB3B22B594CBCF5.e.552/click - {}
RESULT: {}
COMMAND: GET /session/e7e046f545b47c9805ddcb78f08915f8/screenshot - {}
RESULT: {}
COMMAND: POST /session/e7e046f545b47c9805ddcb78f08915f8/element - {"using":"xpath","value":"//header/div/div[2]/div[2]/span"}
RESULT: {"using":"xpath","value":"//header/div/div[2]/div[2]/span"}
COMMAND: GET /session/e7e046f545b47c9805ddcb78f08915f8/element/f.0B5413DFD1C3A3AA7B72F051E5DEC85E.d.B21482D420FB492EBFB3B22B594CBCF5.e.835/text - {}
RESULT: {}
COMMAND: POST /session/e7e046f545b47c9805ddcb78f08915f8/execute/async - {"script":"<script> [1562 bytes]","args":[{"selector":{"controlType":"sap.m.OverflowToolbarButton","viewName":"etm.portal.ui.manageyards.view.Detail","viewId":"application-manageyards-display-component---detailYard","i18NText":{"propertyName":"tooltip","key":"closeColumn"},"interaction":{"idSuffix":"inner"}},"wdio_ui5_key":"etmportal.ui.manageyards.view.Detailsap.m.OverflowToolbarButton{\"propertyName\":\"tooltip\",\"key\":\"closeColumn\"}"}]}
RESULT: {"script":"<script> [1562 bytes]","args":[{"selector":{"controlType":"sap.m.OverflowToolbarButton","viewName":"etm.portal.ui.manageyards.view.Detail","viewId":"application-manageyards-display-component---detailYard","i18NText":{"propertyName":"tooltip","key":"closeColumn"},"interaction":{"idSuffix":"inner"}},"wdio_ui5_key":"etmportal.ui.manageyards.view.Detailsap.m.OverflowToolbarButton{\"propertyName\":\"tooltip\",\"key\":\"closeColumn\"}"}]}
RESULT: undefined
COMMAND: POST /session/e7e046f545b47c9805ddcb78f08915f8/element - {"using":"xpath","value":"//*[@id=\"__button42\"]"}
RESULT: {"using":"xpath","value":"//*[@id=\"__button42\"]"}
COMMAND: POST /session/e7e046f545b47c9805ddcb78f08915f8/element/f.0B5413DFD1C3A3AA7B72F051E5DEC85E.d.B21482D420FB492EBFB3B22B594CBCF5.e.837/click - {}
RESULT: {}
COMMAND: GET /session/e7e046f545b47c9805ddcb78f08915f8/screenshot - {}
RESULT: {}
COMMAND: POST /session/e7e046f545b47c9805ddcb78f08915f8/element - {"using":"css selector","value":"#shell-header-logo"}
RESULT: {"using":"css selector","value":"#shell-header-logo"}
COMMAND: POST /session/e7e046f545b47c9805ddcb78f08915f8/element/f.0B5413DFD1C3A3AA7B72F051E5DEC85E.d.B21482D420FB492EBFB3B22B594CBCF5.e.120/click - {}
RESULT: {}
COMMAND: GET /session/e7e046f545b47c9805ddcb78f08915f8/screenshot - {}
RESULT: {}
COMMAND: POST /session/e7e046f545b47c9805ddcb78f08915f8/refresh - {}
RESULT: {}
COMMAND: GET /session/e7e046f545b47c9805ddcb78f08915f8/screenshot - {}
RESULT: {}
COMMAND: POST /session/e7e046f545b47c9805ddcb78f08915f8/execute/async - {"script":"<script> [189 bytes]","args":[]}
RESULT: {"script":"<script> [189 bytes]","args":[]}
COMMAND: POST /session/e7e046f545b47c9805ddcb78f08915f8/execute/async - {"script":"<script> [123 bytes]","args":[]}
RESULT: {"script":"<script> [123 bytes]","args":[]}
COMMAND: POST /session/e7e046f545b47c9805ddcb78f08915f8/timeouts - {"script":"<number>"}
RESULT: {"script":"<number>"}
COMMAND: GET /session/e7e046f545b47c9805ddcb78f08915f8/timeouts - {}
RESULT: {}
RESULT: undefined
COMMAND: POST /session/e7e046f545b47c9805ddcb78f08915f8/execute/async - {"script":"<script> [2676 bytes]","args":[]}
RESULT: {"script":"<script> [2676 bytes]","args":[]}
COMMAND: POST /session/e7e046f545b47c9805ddcb78f08915f8/execute/async - {"script":"<script> [2342 bytes]","args":[{"protocol":"http","hostname":"0.0.0.0","path":"/","capabilities":{"browserName":"chrome","goog:chromeOptions":{"binary":"C:\\Program Files\\Google\\Chrome\\Application\\chrome.exe","args":["--start-maximized"]}},"logLevel":"warn","connectionRetryTimeout":120000,"connectionRetryCount":3,"logLevels":{},"enableDirectConnect":true,"strictSSL":true,"_":"65 more keys: [\"cacheDir\",\"port\",\"requestedCapabilities\",\"automationProtocol\",\"baseUrl\",\"waitforInterval\",\"waitforTimeout\",\"onReload\",\"beforeCommand\",\"afterCommand\",\"rootDir\",\"specs\",\"suites\",\"exclude\",\"groupLogsByTestSpec\",\"excludeDriverLogs\",\"bail\",\"framework\",\"reporters\",\"services\",\"maxInstances\",\"maxInstancesPerCapability\",\"injectGlobals\",\"filesToWatch\",\"execArgv\",\"runnerEnv\",\"runner\",\"shard\",\"specFileRetries\",\"specFileRetriesDelay\",\"specFileRetriesDeferred\",\"reporterSyncInterval\",\"reporterSyncTimeout\",\"cucumberFeaturesWithLineNumbers\",\"autoCompileOpts\",\"mochaOpts\",\"jasmineOpts\",\"cucumberOpts\",\"onPrepare\",\"onWorkerStart\",\"onWorkerEnd\",\"before\",\"beforeSession\",\"beforeSuite\",\"beforeHook\",\"beforeTest\",\"afterTest\",\"afterHook\",\"afterSuite\",\"afterSession\",\"after\",\"onComplete\",\"beforeAssertion\",\"afterAssertion\",\"beforeFeature\",\"beforeScenario\",\"beforeStep\",\"afterStep\",\"afterScenario\",\"afterFeature\",\"_\",\"suite\",\"$0\",\"ignoredWorkerServices\",\"wdi5\"]"}]}
RESULT: {"script":"<script> [2342 bytes]","args":[{"protocol":"http","hostname":"0.0.0.0","path":"/","capabilities":{"browserName":"chrome","goog:chromeOptions":{"binary":"C:\\Program Files\\Google\\Chrome\\Application\\chrome.exe","args":["--start-maximized"]}},"logLevel":"warn","connectionRetryTimeout":120000,"connectionRetryCount":3,"logLevels":{},"enableDirectConnect":true,"strictSSL":true,"_":"65 more keys: [\"cacheDir\",\"port\",\"requestedCapabilities\",\"automationProtocol\",\"baseUrl\",\"waitforInterval\",\"waitforTimeout\",\"onReload\",\"beforeCommand\",\"afterCommand\",\"rootDir\",\"specs\",\"suites\",\"exclude\",\"groupLogsByTestSpec\",\"excludeDriverLogs\",\"bail\",\"framework\",\"reporters\",\"services\",\"maxInstances\",\"maxInstancesPerCapability\",\"injectGlobals\",\"filesToWatch\",\"execArgv\",\"runnerEnv\",\"runner\",\"shard\",\"specFileRetries\",\"specFileRetriesDelay\",\"specFileRetriesDeferred\",\"reporterSyncInterval\",\"reporterSyncTimeout\",\"cucumberFeaturesWithLineNumbers\",\"autoCompileOpts\",\"mochaOpts\",\"jasmineOpts\",\"cucumberOpts\",\"onPrepare\",\"onWorkerStart\",\"onWorkerEnd\",\"before\",\"beforeSession\",\"beforeSuite\",\"beforeHook\",\"beforeTest\",\"afterTest\",\"afterHook\",\"afterSuite\",\"afterSession\",\"after\",\"onComplete\",\"beforeAssertion\",\"afterAssertion\",\"beforeFeature\",\"beforeScenario\",\"beforeStep\",\"afterStep\",\"afterScenario\",\"afterFeature\",\"_\",\"suite\",\"$0\",\"ignoredWorkerServices\",\"wdi5\"]"}]}
COMMAND: POST /session/e7e046f545b47c9805ddcb78f08915f8/execute/async - {"script":"<script> [21126 bytes]","args":[35000]}
RESULT: {"script":"<script> [21126 bytes]","args":[35000]}
]]></system-out>
    </testcase>
    <testcase classname="chrome.136_0_7103_93.windows.Manage_Requests_Tags_Tests_US120163" name="Should create a new partner" time="98.731">
      <system-out><![CDATA[
COMMAND: POST /session/e7e046f545b47c9805ddcb78f08915f8/execute/async - {"script":"<script> [1562 bytes]","args":[{"selector":{"controlType":"sap.m.GenericTile","properties":{"header":"Manage Partners"}},"wdio_ui5_key":"sapm.GenericTile{\"header\":\"Manage Partners\"}"}]}
RESULT: {"script":"<script> [1562 bytes]","args":[{"selector":{"controlType":"sap.m.GenericTile","properties":{"header":"Manage Partners"}},"wdio_ui5_key":"sapm.GenericTile{\"header\":\"Manage Partners\"}"}]}
RESULT: undefined
COMMAND: POST /session/e7e046f545b47c9805ddcb78f08915f8/element - {"using":"xpath","value":"//*[@id=\"__tile38\"]"}
RESULT: {"using":"xpath","value":"//*[@id=\"__tile38\"]"}
COMMAND: POST /session/e7e046f545b47c9805ddcb78f08915f8/element/f.0B5413DFD1C3A3AA7B72F051E5DEC85E.d.DFFC269E340EA23FBDEAD639D9F41380.e.1192/click - {}
RESULT: {}
COMMAND: GET /session/e7e046f545b47c9805ddcb78f08915f8/screenshot - {}
RESULT: {}
COMMAND: POST /session/e7e046f545b47c9805ddcb78f08915f8/elements - {"using":"xpath","value":"//span[text()='Error']"}
RESULT: {"using":"xpath","value":"//span[text()='Error']"}
COMMAND: POST /session/e7e046f545b47c9805ddcb78f08915f8/execute/async - {"script":"<script> [1562 bytes]","args":[{"selector":{"controlType":"sap.ui.core.Icon","viewName":"etm.portal.ui.managepartners.view.Master","viewId":"application-managepartners-display-component---masterPtm","properties":{"src":{"regex":{"source":"add"}}}},"wdio_ui5_key":"etmportal.ui.managepartners.view.Mastersap.ui.core.Icon{\"src\":{\"regex\":{\"source\":\"add\"}}}"}]}
RESULT: {"script":"<script> [1562 bytes]","args":[{"selector":{"controlType":"sap.ui.core.Icon","viewName":"etm.portal.ui.managepartners.view.Master","viewId":"application-managepartners-display-component---masterPtm","properties":{"src":{"regex":{"source":"add"}}}},"wdio_ui5_key":"etmportal.ui.managepartners.view.Mastersap.ui.core.Icon{\"src\":{\"regex\":{\"source\":\"add\"}}}"}]}
RESULT: undefined
COMMAND: POST /session/e7e046f545b47c9805ddcb78f08915f8/element - {"using":"xpath","value":"//*[@id=\"__button4-img\"]"}
RESULT: {"using":"xpath","value":"//*[@id=\"__button4-img\"]"}
COMMAND: POST /session/e7e046f545b47c9805ddcb78f08915f8/element/f.0B5413DFD1C3A3AA7B72F051E5DEC85E.d.DFFC269E340EA23FBDEAD639D9F41380.e.1243/click - {}
RESULT: {}
COMMAND: GET /session/e7e046f545b47c9805ddcb78f08915f8/screenshot - {}
COMMAND: POST /session/e7e046f545b47c9805ddcb78f08915f8/execute/async - {"script":"<script> [1562 bytes]","args":[{"selector":{"id":"application-managepartners-display-component---NewPartner--partnerId","interaction":{"idSuffix":"inner"}},"wdio_ui5_key":"applicationmanagepartners-display-component---NewPartner--partnerId"}]}
RESULT: {}
RESULT: {"script":"<script> [1562 bytes]","args":[{"selector":{"id":"application-managepartners-display-component---NewPartner--partnerId","interaction":{"idSuffix":"inner"}},"wdio_ui5_key":"applicationmanagepartners-display-component---NewPartner--partnerId"}]}
RESULT: undefined
COMMAND: POST /session/e7e046f545b47c9805ddcb78f08915f8/execute/async - {"script":"<script> [1562 bytes]","args":[{"selector":{"id":"application-managepartners-display-component---NewPartner--addressDetailDetailsName1","interaction":{"idSuffix":"inner"}},"wdio_ui5_key":"applicationmanagepartners-display-component---NewPartner--addressDetailDetailsName1"}]}
RESULT: {"script":"<script> [1562 bytes]","args":[{"selector":{"id":"application-managepartners-display-component---NewPartner--addressDetailDetailsName1","interaction":{"idSuffix":"inner"}},"wdio_ui5_key":"applicationmanagepartners-display-component---NewPartner--addressDetailDetailsName1"}]}
RESULT: undefined
COMMAND: POST /session/e7e046f545b47c9805ddcb78f08915f8/execute/async - {"script":"<script> [776 bytes]","args":[{"enterText":"WebdriverPartnerds2fo","selector":{"id":"application-managepartners-display-component---NewPartner--addressDetailDetailsName1","interaction":{"idSuffix":"inner"}},"clearTextFirst":true,"interactionType":"ENTER_TEXT"}]}
RESULT: {"script":"<script> [776 bytes]","args":[{"enterText":"WebdriverPartnerds2fo","selector":{"id":"application-managepartners-display-component---NewPartner--addressDetailDetailsName1","interaction":{"idSuffix":"inner"}},"clearTextFirst":true,"interactionType":"ENTER_TEXT"}]}
COMMAND: POST /session/e7e046f545b47c9805ddcb78f08915f8/execute/async - {"script":"<script> [1562 bytes]","args":[{"selector":{"id":"application-managepartners-display-component---NewPartner--addressDetailDetailsLanguage","interaction":{"idSuffix":"inner"}},"wdio_ui5_key":"applicationmanagepartners-display-component---NewPartner--addressDetailDetailsLanguage"}]}
RESULT: {"script":"<script> [1562 bytes]","args":[{"selector":{"id":"application-managepartners-display-component---NewPartner--addressDetailDetailsLanguage","interaction":{"idSuffix":"inner"}},"wdio_ui5_key":"applicationmanagepartners-display-component---NewPartner--addressDetailDetailsLanguage"}]}
RESULT: undefined
COMMAND: POST /session/e7e046f545b47c9805ddcb78f08915f8/execute/async - {"script":"<script> [776 bytes]","args":[{"enterText":"Romanian","selector":{"id":"application-managepartners-display-component---NewPartner--addressDetailDetailsLanguage","interaction":{"idSuffix":"inner"}},"clearTextFirst":true,"interactionType":"ENTER_TEXT"}]}
RESULT: {"script":"<script> [776 bytes]","args":[{"enterText":"Romanian","selector":{"id":"application-managepartners-display-component---NewPartner--addressDetailDetailsLanguage","interaction":{"idSuffix":"inner"}},"clearTextFirst":true,"interactionType":"ENTER_TEXT"}]}
COMMAND: POST /session/e7e046f545b47c9805ddcb78f08915f8/element - {"using":"xpath","value":"//input[contains(@id ,\"application-managepartners-display-component---NewPartner--addressDetailDetailsName1-inner\")]"}
RESULT: {"using":"xpath","value":"//input[contains(@id ,\"application-managepartners-display-component---NewPartner--addressDetailDetailsName1-inner\")]"}
COMMAND: GET /session/e7e046f545b47c9805ddcb78f08915f8/element/f.0B5413DFD1C3A3AA7B72F051E5DEC85E.d.DFFC269E340EA23FBDEAD639D9F41380.e.1457/property/value - {}
RESULT: {}
COMMAND: POST /session/e7e046f545b47c9805ddcb78f08915f8/execute/async - {"script":"<script> [1562 bytes]","args":[{"selector":{"id":"application-managepartners-display-component---NewPartner--addressDetailDetailsCity1","interaction":{"idSuffix":"inner"}},"wdio_ui5_key":"applicationmanagepartners-display-component---NewPartner--addressDetailDetailsCity1"}]}
COMMAND: GET /session/e7e046f545b47c9805ddcb78f08915f8/screenshot - {}
RESULT: {"script":"<script> [1562 bytes]","args":[{"selector":{"id":"application-managepartners-display-component---NewPartner--addressDetailDetailsCity1","interaction":{"idSuffix":"inner"}},"wdio_ui5_key":"applicationmanagepartners-display-component---NewPartner--addressDetailDetailsCity1"}]}
RESULT: undefined
COMMAND: POST /session/e7e046f545b47c9805ddcb78f08915f8/execute/async - {"script":"<script> [776 bytes]","args":[{"enterText":"Bucharest","selector":{"id":"application-managepartners-display-component---NewPartner--addressDetailDetailsCity1","interaction":{"idSuffix":"inner"}},"clearTextFirst":true,"interactionType":"ENTER_TEXT"}]}
RESULT: {}
RESULT: {"script":"<script> [776 bytes]","args":[{"enterText":"Bucharest","selector":{"id":"application-managepartners-display-component---NewPartner--addressDetailDetailsCity1","interaction":{"idSuffix":"inner"}},"clearTextFirst":true,"interactionType":"ENTER_TEXT"}]}
COMMAND: POST /session/e7e046f545b47c9805ddcb78f08915f8/execute/async - {"script":"<script> [1562 bytes]","args":[{"selector":{"id":"application-managepartners-display-component---NewPartner--addressDetailDetailsCountry","interaction":{"idSuffix":"inner"}},"wdio_ui5_key":"applicationmanagepartners-display-component---NewPartner--addressDetailDetailsCountry"}]}
RESULT: {"script":"<script> [1562 bytes]","args":[{"selector":{"id":"application-managepartners-display-component---NewPartner--addressDetailDetailsCountry","interaction":{"idSuffix":"inner"}},"wdio_ui5_key":"applicationmanagepartners-display-component---NewPartner--addressDetailDetailsCountry"}]}
RESULT: undefined
COMMAND: POST /session/e7e046f545b47c9805ddcb78f08915f8/execute/async - {"script":"<script> [6424 bytes]","args":[{"element-6066-11e4-a52e-4f735466cecf":"f.0B5413DFD1C3A3AA7B72F051E5DEC85E.d.DFFC269E340EA23FBDEAD639D9F41380.e.1464"},"setValue",["Romania"]]}
RESULT: {"script":"<script> [6424 bytes]","args":[{"element-6066-11e4-a52e-4f735466cecf":"f.0B5413DFD1C3A3AA7B72F051E5DEC85E.d.DFFC269E340EA23FBDEAD639D9F41380.e.1464"},"setValue",["Romania"]]}
COMMAND: POST /session/e7e046f545b47c9805ddcb78f08915f8/execute/async - {"script":"<script> [1562 bytes]","args":[{"selector":{"id":"application-managepartners-display-component---NewPartner--partnerDetailInternal","interaction":{"idSuffix":"inner"}},"wdio_ui5_key":"applicationmanagepartners-display-component---NewPartner--partnerDetailInternal"}]}
RESULT: {"script":"<script> [1562 bytes]","args":[{"selector":{"id":"application-managepartners-display-component---NewPartner--partnerDetailInternal","interaction":{"idSuffix":"inner"}},"wdio_ui5_key":"applicationmanagepartners-display-component---NewPartner--partnerDetailInternal"}]}
RESULT: undefined
COMMAND: POST /session/e7e046f545b47c9805ddcb78f08915f8/execute/async - {"script":"<script> [776 bytes]","args":[{"enterText":"External partner","selector":{"id":"application-managepartners-display-component---NewPartner--partnerDetailInternal","interaction":{"idSuffix":"inner"}},"clearTextFirst":true,"interactionType":"ENTER_TEXT"}]}
RESULT: {"script":"<script> [776 bytes]","args":[{"enterText":"External partner","selector":{"id":"application-managepartners-display-component---NewPartner--partnerDetailInternal","interaction":{"idSuffix":"inner"}},"clearTextFirst":true,"interactionType":"ENTER_TEXT"}]}
COMMAND: POST /session/e7e046f545b47c9805ddcb78f08915f8/execute/async - {"script":"<script> [1562 bytes]","args":[{"selector":{"id":"application-managepartners-display-component---NewPartner--partnerDetailsCurrency","interaction":{"idSuffix":"inner"}},"wdio_ui5_key":"applicationmanagepartners-display-component---NewPartner--partnerDetailsCurrency"}]}
RESULT: {"script":"<script> [1562 bytes]","args":[{"selector":{"id":"application-managepartners-display-component---NewPartner--partnerDetailsCurrency","interaction":{"idSuffix":"inner"}},"wdio_ui5_key":"applicationmanagepartners-display-component---NewPartner--partnerDetailsCurrency"}]}
RESULT: undefined
COMMAND: POST /session/e7e046f545b47c9805ddcb78f08915f8/execute/async - {"script":"<script> [776 bytes]","args":[{"enterText":"Euro","selector":{"id":"application-managepartners-display-component---NewPartner--partnerDetailsCurrency","interaction":{"idSuffix":"inner"}},"clearTextFirst":true,"interactionType":"ENTER_TEXT"}]}
RESULT: {"script":"<script> [776 bytes]","args":[{"enterText":"Euro","selector":{"id":"application-managepartners-display-component---NewPartner--partnerDetailsCurrency","interaction":{"idSuffix":"inner"}},"clearTextFirst":true,"interactionType":"ENTER_TEXT"}]}
COMMAND: POST /session/e7e046f545b47c9805ddcb78f08915f8/execute/async - {"script":"<script> [1562 bytes]","args":[{"selector":{"controlType":"sap.m.Button","viewName":"etm.portal.ui.managepartners.view.NewPartner","viewId":"application-managepartners-display-component---NewPartner","properties":{"text":"Commercial"},"interaction":{"idSuffix":"BDI-content"}},"wdio_ui5_key":"etmportal.ui.managepartners.view.NewPartnersap.m.Button{\"text\":\"Commercial\"}"}]}
RESULT: {"script":"<script> [1562 bytes]","args":[{"selector":{"controlType":"sap.m.Button","viewName":"etm.portal.ui.managepartners.view.NewPartner","viewId":"application-managepartners-display-component---NewPartner","properties":{"text":"Commercial"},"interaction":{"idSuffix":"BDI-content"}},"wdio_ui5_key":"etmportal.ui.managepartners.view.NewPartnersap.m.Button{\"text\":\"Commercial\"}"}]}
RESULT: undefined
COMMAND: POST /session/e7e046f545b47c9805ddcb78f08915f8/element - {"using":"xpath","value":"//*[@id=\"application-managepartners-display-component---NewPartner--ObjectPageLayout-anchBar-__section5-anchor\"]"}
RESULT: {"using":"xpath","value":"//*[@id=\"application-managepartners-display-component---NewPartner--ObjectPageLayout-anchBar-__section5-anchor\"]"}
COMMAND: POST /session/e7e046f545b47c9805ddcb78f08915f8/element/f.0B5413DFD1C3A3AA7B72F051E5DEC85E.d.DFFC269E340EA23FBDEAD639D9F41380.e.1669/click - {}
RESULT: {}
COMMAND: GET /session/e7e046f545b47c9805ddcb78f08915f8/screenshot - {}
RESULT: {}
COMMAND: POST /session/e7e046f545b47c9805ddcb78f08915f8/execute/async - {"script":"<script> [1562 bytes]","args":[{"selector":{"id":"application-managepartners-display-component---NewPartner--btnAddTableRow-img"},"wdio_ui5_key":"applicationmanagepartners-display-component---NewPartner--btnAddTableRow-img"}]}
RESULT: {"script":"<script> [1562 bytes]","args":[{"selector":{"id":"application-managepartners-display-component---NewPartner--btnAddTableRow-img"},"wdio_ui5_key":"applicationmanagepartners-display-component---NewPartner--btnAddTableRow-img"}]}
RESULT: undefined
COMMAND: POST /session/e7e046f545b47c9805ddcb78f08915f8/element - {"using":"xpath","value":"//*[@id=\"application-managepartners-display-component---NewPartner--btnAddTableRow-img\"]"}
RESULT: {"using":"xpath","value":"//*[@id=\"application-managepartners-display-component---NewPartner--btnAddTableRow-img\"]"}
COMMAND: POST /session/e7e046f545b47c9805ddcb78f08915f8/element/f.0B5413DFD1C3A3AA7B72F051E5DEC85E.d.DFFC269E340EA23FBDEAD639D9F41380.e.1675/click - {}
RESULT: {}
COMMAND: POST /session/e7e046f545b47c9805ddcb78f08915f8/element - {"using":"xpath","value":"//input[contains(@id ,\"application-managepartners-display-component---NewPartner--assignmentYard-application-managepartners-display-component---NewPartner\")]"}
COMMAND: GET /session/e7e046f545b47c9805ddcb78f08915f8/screenshot - {}
RESULT: {"using":"xpath","value":"//input[contains(@id ,\"application-managepartners-display-component---NewPartner--assignmentYard-application-managepartners-display-component---NewPartner\")]"}
COMMAND: POST /session/e7e046f545b47c9805ddcb78f08915f8/element/f.0B5413DFD1C3A3AA7B72F051E5DEC85E.d.DFFC269E340EA23FBDEAD639D9F41380.e.1679/clear - {}
RESULT: {}
RESULT: {}
COMMAND: POST /session/e7e046f545b47c9805ddcb78f08915f8/element/f.0B5413DFD1C3A3AA7B72F051E5DEC85E.d.DFFC269E340EA23FBDEAD639D9F41380.e.1679/value - {"text":"WebdriverYard5b5aq"}
COMMAND: GET /session/e7e046f545b47c9805ddcb78f08915f8/screenshot - {}
RESULT: {"text":"WebdriverYard5b5aq"}
COMMAND: GET /session/e7e046f545b47c9805ddcb78f08915f8/screenshot - {}
RESULT: {}
RESULT: {}
COMMAND: POST /session/e7e046f545b47c9805ddcb78f08915f8/execute/async - {"script":"<script> [1562 bytes]","args":[{"selector":{"controlType":"sap.m.Button","viewName":"etm.portal.ui.managepartners.view.NewPartner","viewId":"application-managepartners-display-component---NewPartner","i18NText":{"propertyName":"text","key":"save"},"interaction":{"idSuffix":"BDI-content"}},"wdio_ui5_key":"etmportal.ui.managepartners.view.NewPartnersap.m.Button{\"propertyName\":\"text\",\"key\":\"save\"}"}]}
RESULT: {"script":"<script> [1562 bytes]","args":[{"selector":{"controlType":"sap.m.Button","viewName":"etm.portal.ui.managepartners.view.NewPartner","viewId":"application-managepartners-display-component---NewPartner","i18NText":{"propertyName":"text","key":"save"},"interaction":{"idSuffix":"BDI-content"}},"wdio_ui5_key":"etmportal.ui.managepartners.view.NewPartnersap.m.Button{\"propertyName\":\"text\",\"key\":\"save\"}"}]}
RESULT: undefined
COMMAND: POST /session/e7e046f545b47c9805ddcb78f08915f8/element - {"using":"xpath","value":"//*[@id=\"__button12\"]"}
RESULT: {"using":"xpath","value":"//*[@id=\"__button12\"]"}
COMMAND: POST /session/e7e046f545b47c9805ddcb78f08915f8/element/f.0B5413DFD1C3A3AA7B72F051E5DEC85E.d.DFFC269E340EA23FBDEAD639D9F41380.e.1631/click - {}
RESULT: {}
COMMAND: GET /session/e7e046f545b47c9805ddcb78f08915f8/screenshot - {}
RESULT: {}
COMMAND: POST /session/e7e046f545b47c9805ddcb78f08915f8/element - {"using":"xpath","value":"//header/div/div[2]/div[2]/span"}
RESULT: {"using":"xpath","value":"//header/div/div[2]/div[2]/span"}
COMMAND: GET /session/e7e046f545b47c9805ddcb78f08915f8/element/f.0B5413DFD1C3A3AA7B72F051E5DEC85E.d.DFFC269E340EA23FBDEAD639D9F41380.e.1850/text - {}
RESULT: {}
COMMAND: POST /session/e7e046f545b47c9805ddcb78f08915f8/element - {"using":"xpath","value":"//header/div/div/div/div/div/div[2]/div/span"}
RESULT: {"using":"xpath","value":"//header/div/div/div/div/div/div[2]/div/span"}
COMMAND: GET /session/e7e046f545b47c9805ddcb78f08915f8/element/f.0B5413DFD1C3A3AA7B72F051E5DEC85E.d.DFFC269E340EA23FBDEAD639D9F41380.e.1851/text - {}
RESULT: {}
COMMAND: POST /session/e7e046f545b47c9805ddcb78f08915f8/execute/async - {"script":"<script> [1562 bytes]","args":[{"selector":{"id":"application-managepartners-display-component---detailPtm--partnerType"},"wdio_ui5_key":"applicationmanagepartners-display-component---detailPtm--partnerType"}]}
RESULT: {"script":"<script> [1562 bytes]","args":[{"selector":{"id":"application-managepartners-display-component---detailPtm--partnerType"},"wdio_ui5_key":"applicationmanagepartners-display-component---detailPtm--partnerType"}]}
RESULT: undefined
COMMAND: POST /session/e7e046f545b47c9805ddcb78f08915f8/execute/async - {"script":"<script> [6424 bytes]","args":[{"element-6066-11e4-a52e-4f735466cecf":"f.0B5413DFD1C3A3AA7B72F051E5DEC85E.d.DFFC269E340EA23FBDEAD639D9F41380.e.1852"},"getText",[]]}
RESULT: {"script":"<script> [6424 bytes]","args":[{"element-6066-11e4-a52e-4f735466cecf":"f.0B5413DFD1C3A3AA7B72F051E5DEC85E.d.DFFC269E340EA23FBDEAD639D9F41380.e.1852"},"getText",[]]}
COMMAND: POST /session/e7e046f545b47c9805ddcb78f08915f8/element - {"using":"css selector","value":"#shell-header-logo"}
RESULT: {"using":"css selector","value":"#shell-header-logo"}
COMMAND: POST /session/e7e046f545b47c9805ddcb78f08915f8/element/f.0B5413DFD1C3A3AA7B72F051E5DEC85E.d.DFFC269E340EA23FBDEAD639D9F41380.e.1195/click - {}
RESULT: {}
COMMAND: GET /session/e7e046f545b47c9805ddcb78f08915f8/screenshot - {}
RESULT: {}
]]></system-out>
    </testcase>
    <testcase classname="chrome.136_0_7103_93.windows.Manage_Requests_Tags_Tests_US120163" name="Should create a new site" time="123.447">
      <system-out><![CDATA[
COMMAND: POST /session/e7e046f545b47c9805ddcb78f08915f8/execute/async - {"script":"<script> [1562 bytes]","args":[{"selector":{"controlType":"sap.m.GenericTile","properties":{"header":"Manage Sites"}},"wdio_ui5_key":"sapm.GenericTile{\"header\":\"Manage Sites\"}"}]}
RESULT: {"script":"<script> [1562 bytes]","args":[{"selector":{"controlType":"sap.m.GenericTile","properties":{"header":"Manage Sites"}},"wdio_ui5_key":"sapm.GenericTile{\"header\":\"Manage Sites\"}"}]}
RESULT: undefined
COMMAND: POST /session/e7e046f545b47c9805ddcb78f08915f8/element - {"using":"xpath","value":"//*[@id=\"__tile40\"]"}
RESULT: {"using":"xpath","value":"//*[@id=\"__tile40\"]"}
COMMAND: POST /session/e7e046f545b47c9805ddcb78f08915f8/element/f.0B5413DFD1C3A3AA7B72F051E5DEC85E.d.DFFC269E340EA23FBDEAD639D9F41380.e.1854/click - {}
RESULT: {}
COMMAND: GET /session/e7e046f545b47c9805ddcb78f08915f8/screenshot - {}
RESULT: {}
COMMAND: POST /session/e7e046f545b47c9805ddcb78f08915f8/elements - {"using":"xpath","value":"//span[text()='Error']"}
RESULT: {"using":"xpath","value":"//span[text()='Error']"}
COMMAND: POST /session/e7e046f545b47c9805ddcb78f08915f8/execute/async - {"script":"<script> [1562 bytes]","args":[{"selector":{"controlType":"sap.ui.core.Icon","viewName":"etm.portal.ui.managesites.view.Master","viewId":"application-managesites-display-component---masterSite","properties":{"src":{"regex":{"source":"add"}}}},"wdio_ui5_key":"etmportal.ui.managesites.view.Mastersap.ui.core.Icon{\"src\":{\"regex\":{\"source\":\"add\"}}}"}]}
RESULT: {"script":"<script> [1562 bytes]","args":[{"selector":{"controlType":"sap.ui.core.Icon","viewName":"etm.portal.ui.managesites.view.Master","viewId":"application-managesites-display-component---masterSite","properties":{"src":{"regex":{"source":"add"}}}},"wdio_ui5_key":"etmportal.ui.managesites.view.Mastersap.ui.core.Icon{\"src\":{\"regex\":{\"source\":\"add\"}}}"}]}
RESULT: undefined
COMMAND: POST /session/e7e046f545b47c9805ddcb78f08915f8/element - {"using":"xpath","value":"//*[@id=\"__button52-img\"]"}
RESULT: {"using":"xpath","value":"//*[@id=\"__button52-img\"]"}
COMMAND: POST /session/e7e046f545b47c9805ddcb78f08915f8/element/f.0B5413DFD1C3A3AA7B72F051E5DEC85E.d.DFFC269E340EA23FBDEAD639D9F41380.e.2002/click - {}
RESULT: {}
COMMAND: POST /session/e7e046f545b47c9805ddcb78f08915f8/execute/async - {"script":"<script> [1562 bytes]","args":[{"selector":{"id":"application-managesites-display-component---NewSite--siteId","interaction":{"idSuffix":"inner"}},"wdio_ui5_key":"applicationmanagesites-display-component---NewSite--siteId"}]}
COMMAND: GET /session/e7e046f545b47c9805ddcb78f08915f8/screenshot - {}
RESULT: {"script":"<script> [1562 bytes]","args":[{"selector":{"id":"application-managesites-display-component---NewSite--siteId","interaction":{"idSuffix":"inner"}},"wdio_ui5_key":"applicationmanagesites-display-component---NewSite--siteId"}]}
RESULT: undefined
COMMAND: POST /session/e7e046f545b47c9805ddcb78f08915f8/execute/async - {"script":"<script> [1562 bytes]","args":[{"selector":{"id":"application-managesites-display-component---NewSite--addressDetailDetailsName1","interaction":{"idSuffix":"inner"}},"wdio_ui5_key":"applicationmanagesites-display-component---NewSite--addressDetailDetailsName1"}]}
RESULT: {}
RESULT: {"script":"<script> [1562 bytes]","args":[{"selector":{"id":"application-managesites-display-component---NewSite--addressDetailDetailsName1","interaction":{"idSuffix":"inner"}},"wdio_ui5_key":"applicationmanagesites-display-component---NewSite--addressDetailDetailsName1"}]}
RESULT: undefined
COMMAND: POST /session/e7e046f545b47c9805ddcb78f08915f8/execute/async - {"script":"<script> [776 bytes]","args":[{"enterText":"WebdriverSiteivrw1","selector":{"id":"application-managesites-display-component---NewSite--addressDetailDetailsName1","interaction":{"idSuffix":"inner"}},"clearTextFirst":true,"interactionType":"ENTER_TEXT"}]}
RESULT: {"script":"<script> [776 bytes]","args":[{"enterText":"WebdriverSiteivrw1","selector":{"id":"application-managesites-display-component---NewSite--addressDetailDetailsName1","interaction":{"idSuffix":"inner"}},"clearTextFirst":true,"interactionType":"ENTER_TEXT"}]}
COMMAND: POST /session/e7e046f545b47c9805ddcb78f08915f8/execute/async - {"script":"<script> [1562 bytes]","args":[{"selector":{"id":"application-managesites-display-component---NewSite--addressDetailDetailsLanguage","interaction":{"idSuffix":"inner"}},"wdio_ui5_key":"applicationmanagesites-display-component---NewSite--addressDetailDetailsLanguage"}]}
RESULT: {"script":"<script> [1562 bytes]","args":[{"selector":{"id":"application-managesites-display-component---NewSite--addressDetailDetailsLanguage","interaction":{"idSuffix":"inner"}},"wdio_ui5_key":"applicationmanagesites-display-component---NewSite--addressDetailDetailsLanguage"}]}
RESULT: undefined
COMMAND: POST /session/e7e046f545b47c9805ddcb78f08915f8/execute/async - {"script":"<script> [776 bytes]","args":[{"enterText":"Romanian","selector":{"id":"application-managesites-display-component---NewSite--addressDetailDetailsLanguage","interaction":{"idSuffix":"inner"}},"clearTextFirst":true,"interactionType":"ENTER_TEXT"}]}
RESULT: {"script":"<script> [776 bytes]","args":[{"enterText":"Romanian","selector":{"id":"application-managesites-display-component---NewSite--addressDetailDetailsLanguage","interaction":{"idSuffix":"inner"}},"clearTextFirst":true,"interactionType":"ENTER_TEXT"}]}
COMMAND: POST /session/e7e046f545b47c9805ddcb78f08915f8/execute/async - {"script":"<script> [1562 bytes]","args":[{"selector":{"id":"application-managesites-display-component---NewSite--addressDetailDetailsCity1","interaction":{"idSuffix":"inner"}},"wdio_ui5_key":"applicationmanagesites-display-component---NewSite--addressDetailDetailsCity1"}]}
RESULT: {"script":"<script> [1562 bytes]","args":[{"selector":{"id":"application-managesites-display-component---NewSite--addressDetailDetailsCity1","interaction":{"idSuffix":"inner"}},"wdio_ui5_key":"applicationmanagesites-display-component---NewSite--addressDetailDetailsCity1"}]}
RESULT: undefined
COMMAND: POST /session/e7e046f545b47c9805ddcb78f08915f8/execute/async - {"script":"<script> [776 bytes]","args":[{"enterText":"Bucharest","selector":{"id":"application-managesites-display-component---NewSite--addressDetailDetailsCity1","interaction":{"idSuffix":"inner"}},"clearTextFirst":true,"interactionType":"ENTER_TEXT"}]}
RESULT: {"script":"<script> [776 bytes]","args":[{"enterText":"Bucharest","selector":{"id":"application-managesites-display-component---NewSite--addressDetailDetailsCity1","interaction":{"idSuffix":"inner"}},"clearTextFirst":true,"interactionType":"ENTER_TEXT"}]}
COMMAND: POST /session/e7e046f545b47c9805ddcb78f08915f8/execute/async - {"script":"<script> [1562 bytes]","args":[{"selector":{"id":"application-managesites-display-component---NewSite--addressDetailDetailsCountry","interaction":{"idSuffix":"inner"}},"wdio_ui5_key":"applicationmanagesites-display-component---NewSite--addressDetailDetailsCountry"}]}
RESULT: {"script":"<script> [1562 bytes]","args":[{"selector":{"id":"application-managesites-display-component---NewSite--addressDetailDetailsCountry","interaction":{"idSuffix":"inner"}},"wdio_ui5_key":"applicationmanagesites-display-component---NewSite--addressDetailDetailsCountry"}]}
RESULT: undefined
COMMAND: POST /session/e7e046f545b47c9805ddcb78f08915f8/execute/async - {"script":"<script> [776 bytes]","args":[{"enterText":"Romania","selector":{"id":"application-managesites-display-component---NewSite--addressDetailDetailsCountry","interaction":{"idSuffix":"inner"}},"clearTextFirst":true,"interactionType":"ENTER_TEXT"}]}
RESULT: {"script":"<script> [776 bytes]","args":[{"enterText":"Romania","selector":{"id":"application-managesites-display-component---NewSite--addressDetailDetailsCountry","interaction":{"idSuffix":"inner"}},"clearTextFirst":true,"interactionType":"ENTER_TEXT"}]}
COMMAND: POST /session/e7e046f545b47c9805ddcb78f08915f8/element - {"using":"css selector","value":"#application-managesites-display-component---NewSite--addressDetailDetailsCalendar-inner"}
RESULT: {"using":"css selector","value":"#application-managesites-display-component---NewSite--addressDetailDetailsCalendar-inner"}
COMMAND: POST /session/e7e046f545b47c9805ddcb78f08915f8/element/f.0B5413DFD1C3A3AA7B72F051E5DEC85E.d.DFFC269E340EA23FBDEAD639D9F41380.e.2271/clear - {}
RESULT: {}
COMMAND: POST /session/e7e046f545b47c9805ddcb78f08915f8/element/f.0B5413DFD1C3A3AA7B72F051E5DEC85E.d.DFFC269E340EA23FBDEAD639D9F41380.e.2271/value - {"text":"Germany"}
COMMAND: GET /session/e7e046f545b47c9805ddcb78f08915f8/screenshot - {}
RESULT: {"text":"Germany"}
COMMAND: POST /session/e7e046f545b47c9805ddcb78f08915f8/execute/async - {"script":"<script> [1562 bytes]","args":[{"selector":{"id":"application-managesites-display-component---NewSite--addressEditDetailsCostObjectCstType-arrow"},"wdio_ui5_key":"applicationmanagesites-display-component---NewSite--addressEditDetailsCostObjectCstType-arrow"}]}
COMMAND: GET /session/e7e046f545b47c9805ddcb78f08915f8/screenshot - {}
RESULT: {}
RESULT: {"script":"<script> [1562 bytes]","args":[{"selector":{"id":"application-managesites-display-component---NewSite--addressEditDetailsCostObjectCstType-arrow"},"wdio_ui5_key":"applicationmanagesites-display-component---NewSite--addressEditDetailsCostObjectCstType-arrow"}]}
RESULT: undefined
COMMAND: POST /session/e7e046f545b47c9805ddcb78f08915f8/element - {"using":"xpath","value":"//*[@id=\"application-managesites-display-component---NewSite--addressEditDetailsCostObjectCstType-arrow\"]"}
RESULT: {}
RESULT: {"using":"xpath","value":"//*[@id=\"application-managesites-display-component---NewSite--addressEditDetailsCostObjectCstType-arrow\"]"}
COMMAND: POST /session/e7e046f545b47c9805ddcb78f08915f8/element/f.0B5413DFD1C3A3AA7B72F051E5DEC85E.d.DFFC269E340EA23FBDEAD639D9F41380.e.2439/click - {}
RESULT: {}
COMMAND: POST /session/e7e046f545b47c9805ddcb78f08915f8/element - {"using":"xpath","value":"//span[contains(text(), \"Work Breakdown Structure\")]"}
COMMAND: GET /session/e7e046f545b47c9805ddcb78f08915f8/screenshot - {}
RESULT: {"using":"xpath","value":"//span[contains(text(), \"Work Breakdown Structure\")]"}
COMMAND: POST /session/e7e046f545b47c9805ddcb78f08915f8/element/f.0B5413DFD1C3A3AA7B72F051E5DEC85E.d.DFFC269E340EA23FBDEAD639D9F41380.e.2440/click - {}
RESULT: {}
RESULT: {}
COMMAND: GET /session/e7e046f545b47c9805ddcb78f08915f8/screenshot - {}
RESULT: {}
COMMAND: POST /session/e7e046f545b47c9805ddcb78f08915f8/execute/async - {"script":"<script> [1562 bytes]","args":[{"selector":{"id":"application-managesites-display-component---NewSite--addressNewCostObjectCstID-vhi"},"wdio_ui5_key":"applicationmanagesites-display-component---NewSite--addressNewCostObjectCstID-vhi"}]}
RESULT: {"script":"<script> [1562 bytes]","args":[{"selector":{"id":"application-managesites-display-component---NewSite--addressNewCostObjectCstID-vhi"},"wdio_ui5_key":"applicationmanagesites-display-component---NewSite--addressNewCostObjectCstID-vhi"}]}
RESULT: undefined
COMMAND: POST /session/e7e046f545b47c9805ddcb78f08915f8/element - {"using":"xpath","value":"//*[@id=\"application-managesites-display-component---NewSite--addressNewCostObjectCstID-vhi\"]"}
RESULT: {"using":"xpath","value":"//*[@id=\"application-managesites-display-component---NewSite--addressNewCostObjectCstID-vhi\"]"}
COMMAND: POST /session/e7e046f545b47c9805ddcb78f08915f8/element/f.0B5413DFD1C3A3AA7B72F051E5DEC85E.d.DFFC269E340EA23FBDEAD639D9F41380.e.2445/click - {}
RESULT: {}
COMMAND: GET /session/e7e046f545b47c9805ddcb78f08915f8/screenshot - {}
RESULT: {}
COMMAND: POST /session/e7e046f545b47c9805ddcb78f08915f8/execute/async - {"script":"<script> [1562 bytes]","args":[{"selector":{"controlType":"sap.m.SearchField","properties":{"placeholder":"Search"},"searchOpenDialogs":true,"interaction":{"idSuffix":"I"}},"wdio_ui5_key":"sapm.SearchField{\"placeholder\":\"Search\"}"}]}
RESULT: {"script":"<script> [1562 bytes]","args":[{"selector":{"controlType":"sap.m.SearchField","properties":{"placeholder":"Search"},"searchOpenDialogs":true,"interaction":{"idSuffix":"I"}},"wdio_ui5_key":"sapm.SearchField{\"placeholder\":\"Search\"}"}]}
RESULT: undefined
COMMAND: POST /session/e7e046f545b47c9805ddcb78f08915f8/execute/async - {"script":"<script> [776 bytes]","args":[{"enterText":"A1-000100-01","selector":{"controlType":"sap.m.SearchField","properties":{"placeholder":"Search"},"searchOpenDialogs":true,"interaction":{"idSuffix":"I"}},"clearTextFirst":true,"interactionType":"ENTER_TEXT"}]}
RESULT: {"script":"<script> [776 bytes]","args":[{"enterText":"A1-000100-01","selector":{"controlType":"sap.m.SearchField","properties":{"placeholder":"Search"},"searchOpenDialogs":true,"interaction":{"idSuffix":"I"}},"clearTextFirst":true,"interactionType":"ENTER_TEXT"}]}
COMMAND: POST /session/e7e046f545b47c9805ddcb78f08915f8/actions - {"actions":[{"id":"action3","type":"key","parameters":{},"actions":[{"type":"keyDown","value":""},{"type":"pause","duration":10},{"type":"keyUp","value":""}]}]}
RESULT: {"actions":[{"id":"action3","type":"key","parameters":{},"actions":[{"type":"keyDown","value":""},{"type":"pause","duration":10},{"type":"keyUp","value":""}]}]}
COMMAND: GET /session/e7e046f545b47c9805ddcb78f08915f8/screenshot - {}
RESULT: {}
COMMAND: POST /session/e7e046f545b47c9805ddcb78f08915f8/element - {"using":"xpath","value":"//span[contains(text(), \"Template for ETO-Process\")]"}
RESULT: {"using":"xpath","value":"//span[contains(text(), \"Template for ETO-Process\")]"}
COMMAND: POST /session/e7e046f545b47c9805ddcb78f08915f8/element/f.0B5413DFD1C3A3AA7B72F051E5DEC85E.d.DFFC269E340EA23FBDEAD639D9F41380.e.2466/click - {}
RESULT: {}
COMMAND: GET /session/e7e046f545b47c9805ddcb78f08915f8/screenshot - {}
RESULT: {}
COMMAND: POST /session/e7e046f545b47c9805ddcb78f08915f8/element - {"using":"xpath","value":"//bdi[contains(text(), \"OK\")]"}
RESULT: {"using":"xpath","value":"//bdi[contains(text(), \"OK\")]"}
COMMAND: POST /session/e7e046f545b47c9805ddcb78f08915f8/element/f.0B5413DFD1C3A3AA7B72F051E5DEC85E.d.DFFC269E340EA23FBDEAD639D9F41380.e.2467/click - {}
RESULT: {}
COMMAND: GET /session/e7e046f545b47c9805ddcb78f08915f8/screenshot - {}
RESULT: {}
COMMAND: POST /session/e7e046f545b47c9805ddcb78f08915f8/element - {"using":"xpath","value":"//input[@id=\"application-managesites-display-component---NewSite--addressDetailDetailsYard-inner\"]"}
RESULT: {"using":"xpath","value":"//input[@id=\"application-managesites-display-component---NewSite--addressDetailDetailsYard-inner\"]"}
COMMAND: POST /session/e7e046f545b47c9805ddcb78f08915f8/element/f.0B5413DFD1C3A3AA7B72F051E5DEC85E.d.DFFC269E340EA23FBDEAD639D9F41380.e.2272/value - {"text":"WebdriverYard5b5aq"}
RESULT: {"text":"WebdriverYard5b5aq"}
COMMAND: GET /session/e7e046f545b47c9805ddcb78f08915f8/screenshot - {}
RESULT: {}
COMMAND: POST /session/e7e046f545b47c9805ddcb78f08915f8/actions - {"actions":[{"id":"action4","type":"key","parameters":{},"actions":[{"type":"keyDown","value":""},{"type":"pause","duration":10},{"type":"keyUp","value":""}]}]}
RESULT: {"actions":[{"id":"action4","type":"key","parameters":{},"actions":[{"type":"keyDown","value":""},{"type":"pause","duration":10},{"type":"keyUp","value":""}]}]}
COMMAND: GET /session/e7e046f545b47c9805ddcb78f08915f8/screenshot - {}
RESULT: {}
COMMAND: POST /session/e7e046f545b47c9805ddcb78f08915f8/element - {"using":"xpath","value":"//input[@id=\"application-managesites-display-component---NewSite--addressDetailDetailsPartner-inner\"]"}
RESULT: {"using":"xpath","value":"//input[@id=\"application-managesites-display-component---NewSite--addressDetailDetailsPartner-inner\"]"}
COMMAND: POST /session/e7e046f545b47c9805ddcb78f08915f8/elements - {"using":"xpath","value":"//input[@id=\"application-managesites-display-component---NewSite--addressDetailDetailsPartner-inner\"]"}
RESULT: {"using":"xpath","value":"//input[@id=\"application-managesites-display-component---NewSite--addressDetailDetailsPartner-inner\"]"}
COMMAND: POST /session/e7e046f545b47c9805ddcb78f08915f8/execute/async - {"script":"<script> [1562 bytes]","args":[{"selector":{"controlType":"sap.m.Button","viewName":"etm.portal.ui.managesites.view.NewSmartSite","viewId":"application-managesites-display-component---NewSite","properties":{"text":"Commercial"},"interaction":{"idSuffix":"BDI-content"}},"wdio_ui5_key":"etmportal.ui.managesites.view.NewSmartSitesap.m.Button{\"text\":\"Commercial\"}"}]}
RESULT: {"script":"<script> [1562 bytes]","args":[{"selector":{"controlType":"sap.m.Button","viewName":"etm.portal.ui.managesites.view.NewSmartSite","viewId":"application-managesites-display-component---NewSite","properties":{"text":"Commercial"},"interaction":{"idSuffix":"BDI-content"}},"wdio_ui5_key":"etmportal.ui.managesites.view.NewSmartSitesap.m.Button{\"text\":\"Commercial\"}"}]}
RESULT: undefined
COMMAND: POST /session/e7e046f545b47c9805ddcb78f08915f8/element - {"using":"xpath","value":"//*[@id=\"application-managesites-display-component---NewSite--ObjectPageLayout-anchBar-__section31-anchor\"]"}
RESULT: {"using":"xpath","value":"//*[@id=\"application-managesites-display-component---NewSite--ObjectPageLayout-anchBar-__section31-anchor\"]"}
COMMAND: POST /session/e7e046f545b47c9805ddcb78f08915f8/element/f.0B5413DFD1C3A3AA7B72F051E5DEC85E.d.DFFC269E340EA23FBDEAD639D9F41380.e.2474/click - {}
RESULT: {}
COMMAND: POST /session/e7e046f545b47c9805ddcb78f08915f8/execute/async - {"script":"<script> [1562 bytes]","args":[{"selector":{"controlType":"sap.m.Button","viewName":"etm.portal.ui.managesites.view.NewSmartSite","viewId":"application-managesites-display-component---NewSite","i18NText":{"propertyName":"text","key":"save"},"interaction":{"idSuffix":"BDI-content"}},"wdio_ui5_key":"etmportal.ui.managesites.view.NewSmartSitesap.m.Button{\"propertyName\":\"text\",\"key\":\"save\"}"}]}
COMMAND: GET /session/e7e046f545b47c9805ddcb78f08915f8/screenshot - {}
RESULT: {"script":"<script> [1562 bytes]","args":[{"selector":{"controlType":"sap.m.Button","viewName":"etm.portal.ui.managesites.view.NewSmartSite","viewId":"application-managesites-display-component---NewSite","i18NText":{"propertyName":"text","key":"save"},"interaction":{"idSuffix":"BDI-content"}},"wdio_ui5_key":"etmportal.ui.managesites.view.NewSmartSitesap.m.Button{\"propertyName\":\"text\",\"key\":\"save\"}"}]}
RESULT: undefined
COMMAND: POST /session/e7e046f545b47c9805ddcb78f08915f8/element - {"using":"xpath","value":"//*[@id=\"__button64\"]"}
RESULT: {}
RESULT: {"using":"xpath","value":"//*[@id=\"__button64\"]"}
COMMAND: POST /session/e7e046f545b47c9805ddcb78f08915f8/element/f.0B5413DFD1C3A3AA7B72F051E5DEC85E.d.DFFC269E340EA23FBDEAD639D9F41380.e.2419/click - {}
RESULT: {}
COMMAND: GET /session/e7e046f545b47c9805ddcb78f08915f8/screenshot - {}
RESULT: {}
COMMAND: POST /session/e7e046f545b47c9805ddcb78f08915f8/execute/async - {"script":"<script> [1562 bytes]","args":[{"selector":{"id":"application-managesites-display-component---detailSite--addressDetailDetailsYardText"},"wdio_ui5_key":"applicationmanagesites-display-component---detailSite--addressDetailDetailsYardText"}]}
RESULT: {"script":"<script> [1562 bytes]","args":[{"selector":{"id":"application-managesites-display-component---detailSite--addressDetailDetailsYardText"},"wdio_ui5_key":"applicationmanagesites-display-component---detailSite--addressDetailDetailsYardText"}]}
RESULT: undefined
COMMAND: POST /session/e7e046f545b47c9805ddcb78f08915f8/element - {"using":"xpath","value":"//header/div/div[2]/div[2]/span"}
RESULT: {"using":"xpath","value":"//header/div/div[2]/div[2]/span"}
COMMAND: GET /session/e7e046f545b47c9805ddcb78f08915f8/element/f.0B5413DFD1C3A3AA7B72F051E5DEC85E.d.DFFC269E340EA23FBDEAD639D9F41380.e.2682/text - {}
RESULT: {}
COMMAND: POST /session/e7e046f545b47c9805ddcb78f08915f8/element - {"using":"xpath","value":"//header/div/div/div/div/div/div[2]/div/span"}
RESULT: {"using":"xpath","value":"//header/div/div/div/div/div/div[2]/div/span"}
COMMAND: GET /session/e7e046f545b47c9805ddcb78f08915f8/element/f.0B5413DFD1C3A3AA7B72F051E5DEC85E.d.DFFC269E340EA23FBDEAD639D9F41380.e.2683/text - {}
RESULT: {}
COMMAND: POST /session/e7e046f545b47c9805ddcb78f08915f8/element - {"using":"css selector","value":"#shell-header-logo"}
RESULT: {"using":"css selector","value":"#shell-header-logo"}
COMMAND: POST /session/e7e046f545b47c9805ddcb78f08915f8/element/f.0B5413DFD1C3A3AA7B72F051E5DEC85E.d.DFFC269E340EA23FBDEAD639D9F41380.e.1866/click - {}
RESULT: {}
COMMAND: GET /session/e7e046f545b47c9805ddcb78f08915f8/screenshot - {}
RESULT: {}
]]></system-out>
    </testcase>
    <testcase classname="chrome.136_0_7103_93.windows.Manage_Requests_Tags_Tests_US120163" name="Should Create New Request Tags" time="228.268">
      <system-out><![CDATA[
COMMAND: POST /session/e7e046f545b47c9805ddcb78f08915f8/execute/async - {"script":"<script> [1562 bytes]","args":[{"selector":{"controlType":"sap.m.GenericTile","properties":{"header":"Manage Requests"}},"wdio_ui5_key":"sapm.GenericTile{\"header\":\"Manage Requests\"}"}]}
RESULT: {"script":"<script> [1562 bytes]","args":[{"selector":{"controlType":"sap.m.GenericTile","properties":{"header":"Manage Requests"}},"wdio_ui5_key":"sapm.GenericTile{\"header\":\"Manage Requests\"}"}]}
RESULT: undefined
COMMAND: POST /session/e7e046f545b47c9805ddcb78f08915f8/element - {"using":"xpath","value":"//*[@id=\"__tile47\"]"}
RESULT: {"using":"xpath","value":"//*[@id=\"__tile47\"]"}
COMMAND: POST /session/e7e046f545b47c9805ddcb78f08915f8/element/f.0B5413DFD1C3A3AA7B72F051E5DEC85E.d.DFFC269E340EA23FBDEAD639D9F41380.e.2685/click - {}
RESULT: {}
COMMAND: GET /session/e7e046f545b47c9805ddcb78f08915f8/screenshot - {}
RESULT: {}
COMMAND: POST /session/e7e046f545b47c9805ddcb78f08915f8/elements - {"using":"xpath","value":"//span[text()='Error']"}
RESULT: {"using":"xpath","value":"//span[text()='Error']"}
COMMAND: POST /session/e7e046f545b47c9805ddcb78f08915f8/element - {"using":"xpath","value":"//button[contains(@data-kt ,\"btnCreateNewOverflowToolbarButton\")]"}
COMMAND: POST /session/e7e046f545b47c9805ddcb78f08915f8/element - {"using":"xpath","value":"(//span[contains(@class ,\"sapMObjStatusText\")])[1]"}
RESULT: {"using":"xpath","value":"//button[contains(@data-kt ,\"btnCreateNewOverflowToolbarButton\")]"}
COMMAND: POST /session/e7e046f545b47c9805ddcb78f08915f8/element/f.0B5413DFD1C3A3AA7B72F051E5DEC85E.d.DFFC269E340EA23FBDEAD639D9F41380.e.2742/click - {}
RESULT: {"using":"xpath","value":"(//span[contains(@class ,\"sapMObjStatusText\")])[1]"}
COMMAND: POST /session/e7e046f545b47c9805ddcb78f08915f8/execute/sync - {"script":"<script> [8489 bytes]","args":[{"element-6066-11e4-a52e-4f735466cecf":"f.0B5413DFD1C3A3AA7B72F051E5DEC85E.d.DFFC269E340EA23FBDEAD639D9F41380.e.2783","ELEMENT":"f.0B5413DFD1C3A3AA7B72F051E5DEC85E.d.DFFC269E340EA23FBDEAD639D9F41380.e.2783"}]}
RESULT: {}
COMMAND: GET /session/e7e046f545b47c9805ddcb78f08915f8/screenshot - {}
RESULT: {"script":"<script> [8489 bytes]","args":[{"element-6066-11e4-a52e-4f735466cecf":"f.0B5413DFD1C3A3AA7B72F051E5DEC85E.d.DFFC269E340EA23FBDEAD639D9F41380.e.2783","ELEMENT":"f.0B5413DFD1C3A3AA7B72F051E5DEC85E.d.DFFC269E340EA23FBDEAD639D9F41380.e.2783"}]}
COMMAND: GET /session/e7e046f545b47c9805ddcb78f08915f8/screenshot - {}
RESULT: {}
RESULT: {}
COMMAND: POST /session/e7e046f545b47c9805ddcb78f08915f8/element - {"using":"xpath","value":"//input[contains(@id ,\"yardId-inner\")]"}
RESULT: {"using":"xpath","value":"//input[contains(@id ,\"yardId-inner\")]"}
COMMAND: POST /session/e7e046f545b47c9805ddcb78f08915f8/execute/sync - {"script":"<script> [8489 bytes]","args":[{"element-6066-11e4-a52e-4f735466cecf":"f.0B5413DFD1C3A3AA7B72F051E5DEC85E.d.DFFC269E340EA23FBDEAD639D9F41380.e.2885","ELEMENT":"f.0B5413DFD1C3A3AA7B72F051E5DEC85E.d.DFFC269E340EA23FBDEAD639D9F41380.e.2885"}]}
RESULT: {"script":"<script> [8489 bytes]","args":[{"element-6066-11e4-a52e-4f735466cecf":"f.0B5413DFD1C3A3AA7B72F051E5DEC85E.d.DFFC269E340EA23FBDEAD639D9F41380.e.2885","ELEMENT":"f.0B5413DFD1C3A3AA7B72F051E5DEC85E.d.DFFC269E340EA23FBDEAD639D9F41380.e.2885"}]}
COMMAND: POST /session/e7e046f545b47c9805ddcb78f08915f8/element - {"using":"xpath","value":"//input[contains(@id ,\"yardId-inner\")]"}
COMMAND: GET /session/e7e046f545b47c9805ddcb78f08915f8/screenshot - {}
RESULT: {"using":"xpath","value":"//input[contains(@id ,\"yardId-inner\")]"}
COMMAND: GET /session/e7e046f545b47c9805ddcb78f08915f8/element/f.0B5413DFD1C3A3AA7B72F051E5DEC85E.d.DFFC269E340EA23FBDEAD639D9F41380.e.2885/enabled - {}
RESULT: {}
RESULT: {}
COMMAND: POST /session/e7e046f545b47c9805ddcb78f08915f8/element/f.0B5413DFD1C3A3AA7B72F051E5DEC85E.d.DFFC269E340EA23FBDEAD639D9F41380.e.2885/clear - {}
COMMAND: GET /session/e7e046f545b47c9805ddcb78f08915f8/screenshot - {}
RESULT: {}
COMMAND: POST /session/e7e046f545b47c9805ddcb78f08915f8/element/f.0B5413DFD1C3A3AA7B72F051E5DEC85E.d.DFFC269E340EA23FBDEAD639D9F41380.e.2885/value - {"text":"WebdriverYard5b5aq"}
COMMAND: GET /session/e7e046f545b47c9805ddcb78f08915f8/screenshot - {}
RESULT: {}
RESULT: {"text":"WebdriverYard5b5aq"}
COMMAND: GET /session/e7e046f545b47c9805ddcb78f08915f8/screenshot - {}
RESULT: {}
RESULT: {}
COMMAND: POST /session/e7e046f545b47c9805ddcb78f08915f8/element - {"using":"xpath","value":"//input[contains(@id ,\"customerNumber-inner\")]"}
RESULT: {"using":"xpath","value":"//input[contains(@id ,\"customerNumber-inner\")]"}
COMMAND: POST /session/e7e046f545b47c9805ddcb78f08915f8/element/f.0B5413DFD1C3A3AA7B72F051E5DEC85E.d.DFFC269E340EA23FBDEAD639D9F41380.e.2879/value - {"text":"WebdriverPartnerds2fo"}
COMMAND: POST /session/e7e046f545b47c9805ddcb78f08915f8/actions - {"actions":[{"id":"action5","type":"key","parameters":{},"actions":[{"type":"keyDown","value":""},{"type":"pause","duration":10},{"type":"keyUp","value":""}]}]}
RESULT: {"actions":[{"id":"action5","type":"key","parameters":{},"actions":[{"type":"keyDown","value":""},{"type":"pause","duration":10},{"type":"keyUp","value":""}]}]}
COMMAND: GET /session/e7e046f545b47c9805ddcb78f08915f8/screenshot - {}
COMMAND: POST /session/e7e046f545b47c9805ddcb78f08915f8/element/f.0B5413DFD1C3A3AA7B72F051E5DEC85E.d.DFFC269E340EA23FBDEAD639D9F41380.e.2885/clear - {}
RESULT: {"text":"WebdriverPartnerds2fo"}
COMMAND: GET /session/e7e046f545b47c9805ddcb78f08915f8/screenshot - {}
RESULT: {}
RESULT: {}
COMMAND: POST /session/e7e046f545b47c9805ddcb78f08915f8/element/f.0B5413DFD1C3A3AA7B72F051E5DEC85E.d.DFFC269E340EA23FBDEAD639D9F41380.e.2885/clear - {}
COMMAND: GET /session/e7e046f545b47c9805ddcb78f08915f8/screenshot - {}
RESULT: {}
RESULT: {}
COMMAND: POST /session/e7e046f545b47c9805ddcb78f08915f8/element/f.0B5413DFD1C3A3AA7B72F051E5DEC85E.d.DFFC269E340EA23FBDEAD639D9F41380.e.2885/value - {"text":"WebdriverYard5b5aq"}
COMMAND: GET /session/e7e046f545b47c9805ddcb78f08915f8/screenshot - {}
RESULT: {}
RESULT: {"text":"WebdriverYard5b5aq"}
COMMAND: GET /session/e7e046f545b47c9805ddcb78f08915f8/screenshot - {}
RESULT: {}
RESULT: {}
COMMAND: POST /session/e7e046f545b47c9805ddcb78f08915f8/actions - {"actions":[{"id":"action6","type":"key","parameters":{},"actions":[{"type":"keyDown","value":""},{"type":"pause","duration":10},{"type":"keyUp","value":""}]}]}
RESULT: {"actions":[{"id":"action6","type":"key","parameters":{},"actions":[{"type":"keyDown","value":""},{"type":"pause","duration":10},{"type":"keyUp","value":""}]}]}
COMMAND: GET /session/e7e046f545b47c9805ddcb78f08915f8/screenshot - {}
RESULT: {}
COMMAND: GET /session/e7e046f545b47c9805ddcb78f08915f8/element/f.0B5413DFD1C3A3AA7B72F051E5DEC85E.d.DFFC269E340EA23FBDEAD639D9F41380.e.2879/property/value - {}
RESULT: {}
COMMAND: POST /session/e7e046f545b47c9805ddcb78f08915f8/element/f.0B5413DFD1C3A3AA7B72F051E5DEC85E.d.DFFC269E340EA23FBDEAD639D9F41380.e.2879/clear - {}
COMMAND: GET /session/e7e046f545b47c9805ddcb78f08915f8/screenshot - {}
COMMAND: POST /session/e7e046f545b47c9805ddcb78f08915f8/actions - {"actions":[{"id":"action7","type":"key","parameters":{},"actions":[{"type":"keyDown","value":""},{"type":"pause","duration":10},{"type":"keyUp","value":""}]}]}
RESULT: {}
COMMAND: GET /session/e7e046f545b47c9805ddcb78f08915f8/screenshot - {}
RESULT: {}
RESULT: {"actions":[{"id":"action7","type":"key","parameters":{},"actions":[{"type":"keyDown","value":""},{"type":"pause","duration":10},{"type":"keyUp","value":""}]}]}
COMMAND: GET /session/e7e046f545b47c9805ddcb78f08915f8/screenshot - {}
RESULT: {}
RESULT: {}
COMMAND: POST /session/e7e046f545b47c9805ddcb78f08915f8/element/f.0B5413DFD1C3A3AA7B72F051E5DEC85E.d.DFFC269E340EA23FBDEAD639D9F41380.e.2879/value - {"text":"WebdriverPartnerds2fo"}
RESULT: {"text":"WebdriverPartnerds2fo"}
COMMAND: GET /session/e7e046f545b47c9805ddcb78f08915f8/screenshot - {}
RESULT: {}
COMMAND: POST /session/e7e046f545b47c9805ddcb78f08915f8/actions - {"actions":[{"id":"action8","type":"key","parameters":{},"actions":[{"type":"keyDown","value":""},{"type":"pause","duration":10},{"type":"keyUp","value":""}]}]}
RESULT: {"actions":[{"id":"action8","type":"key","parameters":{},"actions":[{"type":"keyDown","value":""},{"type":"pause","duration":10},{"type":"keyUp","value":""}]}]}
COMMAND: GET /session/e7e046f545b47c9805ddcb78f08915f8/screenshot - {}
RESULT: {}
COMMAND: POST /session/e7e046f545b47c9805ddcb78f08915f8/element - {"using":"xpath","value":"//input[contains(@id ,\"requestSiteId-inner\")]"}
RESULT: {"using":"xpath","value":"//input[contains(@id ,\"requestSiteId-inner\")]"}
COMMAND: POST /session/e7e046f545b47c9805ddcb78f08915f8/element/f.0B5413DFD1C3A3AA7B72F051E5DEC85E.d.DFFC269E340EA23FBDEAD639D9F41380.e.2878/value - {"text":"WebdriverSiteivrw1"}
RESULT: {"text":"WebdriverSiteivrw1"}
COMMAND: GET /session/e7e046f545b47c9805ddcb78f08915f8/screenshot - {}
RESULT: {}
COMMAND: POST /session/e7e046f545b47c9805ddcb78f08915f8/actions - {"actions":[{"id":"action9","type":"key","parameters":{},"actions":[{"type":"keyDown","value":""},{"type":"pause","duration":10},{"type":"keyUp","value":""}]}]}
RESULT: {"actions":[{"id":"action9","type":"key","parameters":{},"actions":[{"type":"keyDown","value":""},{"type":"pause","duration":10},{"type":"keyUp","value":""}]}]}
COMMAND: GET /session/e7e046f545b47c9805ddcb78f08915f8/screenshot - {}
RESULT: {}
COMMAND: POST /session/e7e046f545b47c9805ddcb78f08915f8/execute/async - {"script":"<script> [1562 bytes]","args":[{"selector":{"controlType":"sap.m.Input","viewName":"etm.portal.ui.managerequests.view.NewRequest","bindingPath":{"path":"","propertyPath":"/DESCRIPTION","modelName":"oNewRequestModel"},"interaction":{"idSuffix":"inner"}},"wdio_ui5_key":"etmportal.ui.managerequests.view.NewRequestsap.m.Input{\"path\":\"\",\"propertyPath\":\"/DESCRIPTION\",\"modelName\":\"oNewRequestModel\"}"}]}
RESULT: {"script":"<script> [1562 bytes]","args":[{"selector":{"controlType":"sap.m.Input","viewName":"etm.portal.ui.managerequests.view.NewRequest","bindingPath":{"path":"","propertyPath":"/DESCRIPTION","modelName":"oNewRequestModel"},"interaction":{"idSuffix":"inner"}},"wdio_ui5_key":"etmportal.ui.managerequests.view.NewRequestsap.m.Input{\"path\":\"\",\"propertyPath\":\"/DESCRIPTION\",\"modelName\":\"oNewRequestModel\"}"}]}
RESULT: undefined
COMMAND: POST /session/e7e046f545b47c9805ddcb78f08915f8/execute/async - {"script":"<script> [776 bytes]","args":[{"enterText":"Wdi5 Tags Test","selector":{"controlType":"sap.m.Input","viewName":"etm.portal.ui.managerequests.view.NewRequest","bindingPath":{"path":"","propertyPath":"/DESCRIPTION","modelName":"oNewRequestModel"},"interaction":{"idSuffix":"inner"}},"clearTextFirst":true,"interactionType":"ENTER_TEXT"}]}
RESULT: {"script":"<script> [776 bytes]","args":[{"enterText":"Wdi5 Tags Test","selector":{"controlType":"sap.m.Input","viewName":"etm.portal.ui.managerequests.view.NewRequest","bindingPath":{"path":"","propertyPath":"/DESCRIPTION","modelName":"oNewRequestModel"},"interaction":{"idSuffix":"inner"}},"clearTextFirst":true,"interactionType":"ENTER_TEXT"}]}
COMMAND: POST /session/e7e046f545b47c9805ddcb78f08915f8/execute/async - {"script":"<script> [1562 bytes]","args":[{"selector":{"id":"tagInputAdd","viewName":"etm.portal.ui.managerequests.view.NewRequest","interaction":{"idSuffix":"inner"}},"wdio_ui5_key":"tagInputAddetmportal.ui.managerequests.view.NewRequest"}]}
RESULT: {"script":"<script> [1562 bytes]","args":[{"selector":{"id":"tagInputAdd","viewName":"etm.portal.ui.managerequests.view.NewRequest","interaction":{"idSuffix":"inner"}},"wdio_ui5_key":"tagInputAddetmportal.ui.managerequests.view.NewRequest"}]}
RESULT: undefined
COMMAND: POST /session/e7e046f545b47c9805ddcb78f08915f8/execute/async - {"script":"<script> [776 bytes]","args":[{"enterText":"RefTag","selector":{"id":"tagInputAdd","viewName":"etm.portal.ui.managerequests.view.NewRequest","interaction":{"idSuffix":"inner"}},"clearTextFirst":true,"interactionType":"ENTER_TEXT"}]}
RESULT: {"script":"<script> [776 bytes]","args":[{"enterText":"RefTag","selector":{"id":"tagInputAdd","viewName":"etm.portal.ui.managerequests.view.NewRequest","interaction":{"idSuffix":"inner"}},"clearTextFirst":true,"interactionType":"ENTER_TEXT"}]}
COMMAND: POST /session/e7e046f545b47c9805ddcb78f08915f8/actions - {"actions":[{"id":"action10","type":"key","parameters":{},"actions":[{"type":"keyDown","value":""},{"type":"pause","duration":10},{"type":"keyUp","value":""}]}]}
RESULT: {"actions":[{"id":"action10","type":"key","parameters":{},"actions":[{"type":"keyDown","value":""},{"type":"pause","duration":10},{"type":"keyUp","value":""}]}]}
COMMAND: GET /session/e7e046f545b47c9805ddcb78f08915f8/screenshot - {}
RESULT: {}
RESULT: undefined
COMMAND: POST /session/e7e046f545b47c9805ddcb78f08915f8/execute/async - {"script":"<script> [776 bytes]","args":[{"enterText":"tag-header","selector":{"id":"tagInputAdd","viewName":"etm.portal.ui.managerequests.view.NewRequest","interaction":{"idSuffix":"inner"}},"clearTextFirst":true,"interactionType":"ENTER_TEXT"}]}
RESULT: {"script":"<script> [776 bytes]","args":[{"enterText":"tag-header","selector":{"id":"tagInputAdd","viewName":"etm.portal.ui.managerequests.view.NewRequest","interaction":{"idSuffix":"inner"}},"clearTextFirst":true,"interactionType":"ENTER_TEXT"}]}
COMMAND: POST /session/e7e046f545b47c9805ddcb78f08915f8/actions - {"actions":[{"id":"action11","type":"key","parameters":{},"actions":[{"type":"keyDown","value":""},{"type":"pause","duration":10},{"type":"keyUp","value":""}]}]}
RESULT: {"actions":[{"id":"action11","type":"key","parameters":{},"actions":[{"type":"keyDown","value":""},{"type":"pause","duration":10},{"type":"keyUp","value":""}]}]}
COMMAND: GET /session/e7e046f545b47c9805ddcb78f08915f8/screenshot - {}
RESULT: {}
RESULT: undefined
COMMAND: POST /session/e7e046f545b47c9805ddcb78f08915f8/execute/async - {"script":"<script> [776 bytes]","args":[{"enterText":"tag-duplicate","selector":{"id":"tagInputAdd","viewName":"etm.portal.ui.managerequests.view.NewRequest","interaction":{"idSuffix":"inner"}},"clearTextFirst":true,"interactionType":"ENTER_TEXT"}]}
RESULT: {"script":"<script> [776 bytes]","args":[{"enterText":"tag-duplicate","selector":{"id":"tagInputAdd","viewName":"etm.portal.ui.managerequests.view.NewRequest","interaction":{"idSuffix":"inner"}},"clearTextFirst":true,"interactionType":"ENTER_TEXT"}]}
COMMAND: POST /session/e7e046f545b47c9805ddcb78f08915f8/actions - {"actions":[{"id":"action12","type":"key","parameters":{},"actions":[{"type":"keyDown","value":""},{"type":"pause","duration":10},{"type":"keyUp","value":""}]}]}
RESULT: {"actions":[{"id":"action12","type":"key","parameters":{},"actions":[{"type":"keyDown","value":""},{"type":"pause","duration":10},{"type":"keyUp","value":""}]}]}
COMMAND: GET /session/e7e046f545b47c9805ddcb78f08915f8/screenshot - {}
RESULT: {}
COMMAND: POST /session/e7e046f545b47c9805ddcb78f08915f8/execute/async - {"script":"<script> [1562 bytes]","args":[{"selector":{"id":"tagsLayoutAdd","viewName":"etm.portal.ui.managerequests.view.NewRequest"},"wdio_ui5_key":"tagsLayoutAddetmportal.ui.managerequests.view.NewRequest"}]}
RESULT: {"script":"<script> [1562 bytes]","args":[{"selector":{"id":"tagsLayoutAdd","viewName":"etm.portal.ui.managerequests.view.NewRequest"},"wdio_ui5_key":"tagsLayoutAddetmportal.ui.managerequests.view.NewRequest"}]}
RESULT: undefined
COMMAND: POST /session/e7e046f545b47c9805ddcb78f08915f8/execute/async - {"script":"<script> [6424 bytes]","args":[{"element-6066-11e4-a52e-4f735466cecf":"f.0B5413DFD1C3A3AA7B72F051E5DEC85E.d.DFFC269E340EA23FBDEAD639D9F41380.e.2989"},"getTokens",[]]}
RESULT: {"script":"<script> [6424 bytes]","args":[{"element-6066-11e4-a52e-4f735466cecf":"f.0B5413DFD1C3A3AA7B72F051E5DEC85E.d.DFFC269E340EA23FBDEAD639D9F41380.e.2989"},"getTokens",[]]}
COMMAND: POST /session/e7e046f545b47c9805ddcb78f08915f8/execute/async - {"script":"<script> [1562 bytes]","args":[{"wdio_ui5_key":"__token9","selector":{"id":"__token9"}}]}
COMMAND: POST /session/e7e046f545b47c9805ddcb78f08915f8/execute/async - {"script":"<script> [1562 bytes]","args":[{"wdio_ui5_key":"__token10","selector":{"id":"__token10"}}]}
COMMAND: POST /session/e7e046f545b47c9805ddcb78f08915f8/execute/async - {"script":"<script> [1562 bytes]","args":[{"wdio_ui5_key":"__token8","selector":{"id":"__token8"}}]}
RESULT: {"script":"<script> [1562 bytes]","args":[{"wdio_ui5_key":"__token8","selector":{"id":"__token8"}}]}
RESULT: undefined
RESULT: {"script":"<script> [1562 bytes]","args":[{"wdio_ui5_key":"__token10","selector":{"id":"__token10"}}]}
RESULT: undefined
RESULT: {"script":"<script> [1562 bytes]","args":[{"wdio_ui5_key":"__token9","selector":{"id":"__token9"}}]}
RESULT: undefined
COMMAND: POST /session/e7e046f545b47c9805ddcb78f08915f8/execute/async - {"script":"<script> [1562 bytes]","args":[{"selector":{"controlType":"sap.ui.core.Icon","viewName":"etm.portal.ui.managerequests.view.NewRequest","properties":{"src":{"regex":{"source":"decline"}}},"ancestor":{"controlType":"sap.m.Token","viewName":"etm.portal.ui.managerequests.view.NewRequest","properties":{"text":"tag-duplicate"}}},"wdio_ui5_key":"etmportal.ui.managerequests.view.NewRequestsap.ui.core.Icon{\"src\":{\"regex\":{\"source\":\"decline\"}}}{\"controlType\":\"sap.m.Token\",\"viewName\":\"etm.portal.ui.managerequests.view.NewRequest\",\"properties\":{\"text\":\"tag-duplicate\"}}"}]}
RESULT: {"script":"<script> [1562 bytes]","args":[{"selector":{"controlType":"sap.ui.core.Icon","viewName":"etm.portal.ui.managerequests.view.NewRequest","properties":{"src":{"regex":{"source":"decline"}}},"ancestor":{"controlType":"sap.m.Token","viewName":"etm.portal.ui.managerequests.view.NewRequest","properties":{"text":"tag-duplicate"}}},"wdio_ui5_key":"etmportal.ui.managerequests.view.NewRequestsap.ui.core.Icon{\"src\":{\"regex\":{\"source\":\"decline\"}}}{\"controlType\":\"sap.m.Token\",\"viewName\":\"etm.portal.ui.managerequests.view.NewRequest\",\"properties\":{\"text\":\"tag-duplicate\"}}"}]}
RESULT: undefined
COMMAND: POST /session/e7e046f545b47c9805ddcb78f08915f8/element - {"using":"xpath","value":"//*[@id=\"__token10-icon\"]"}
RESULT: {"using":"xpath","value":"//*[@id=\"__token10-icon\"]"}
COMMAND: POST /session/e7e046f545b47c9805ddcb78f08915f8/element/f.0B5413DFD1C3A3AA7B72F051E5DEC85E.d.DFFC269E340EA23FBDEAD639D9F41380.e.3037/click - {}
RESULT: {}
COMMAND: POST /session/e7e046f545b47c9805ddcb78f08915f8/execute/async - {"script":"<script> [1562 bytes]","args":[{"selector":{"controlType":"sap.ui.core.Icon","viewName":"etm.portal.ui.managerequests.view.NewRequest","properties":{"src":{"regex":{"source":"decline"}}},"ancestor":{"controlType":"sap.m.Token","viewName":"etm.portal.ui.managerequests.view.NewRequest","properties":{"text":"tag1"}}},"wdio_ui5_key":"etmportal.ui.managerequests.view.NewRequestsap.ui.core.Icon{\"src\":{\"regex\":{\"source\":\"decline\"}}}{\"controlType\":\"sap.m.Token\",\"viewName\":\"etm.portal.ui.managerequests.view.NewRequest\",\"properties\":{\"text\":\"tag1\"}}"}]}
COMMAND: GET /session/e7e046f545b47c9805ddcb78f08915f8/screenshot - {}
RESULT: {"script":"<script> [1562 bytes]","args":[{"selector":{"controlType":"sap.ui.core.Icon","viewName":"etm.portal.ui.managerequests.view.NewRequest","properties":{"src":{"regex":{"source":"decline"}}},"ancestor":{"controlType":"sap.m.Token","viewName":"etm.portal.ui.managerequests.view.NewRequest","properties":{"text":"tag1"}}},"wdio_ui5_key":"etmportal.ui.managerequests.view.NewRequestsap.ui.core.Icon{\"src\":{\"regex\":{\"source\":\"decline\"}}}{\"controlType\":\"sap.m.Token\",\"viewName\":\"etm.portal.ui.managerequests.view.NewRequest\",\"properties\":{\"text\":\"tag1\"}}"}]}
RESULT: undefined
RESULT: {}
COMMAND: POST /session/e7e046f545b47c9805ddcb78f08915f8/actions - {"actions":[{"id":"action13","type":"key","parameters":{},"actions":[{"type":"keyDown","value":""},{"type":"pause","duration":10},{"type":"keyUp","value":""}]}]}
RESULT: {"actions":[{"id":"action13","type":"key","parameters":{},"actions":[{"type":"keyDown","value":""},{"type":"pause","duration":10},{"type":"keyUp","value":""}]}]}
COMMAND: GET /session/e7e046f545b47c9805ddcb78f08915f8/screenshot - {}
RESULT: {}
RESULT: undefined
COMMAND: POST /session/e7e046f545b47c9805ddcb78f08915f8/execute/async - {"script":"<script> [6424 bytes]","args":[{"element-6066-11e4-a52e-4f735466cecf":"f.0B5413DFD1C3A3AA7B72F051E5DEC85E.d.DFFC269E340EA23FBDEAD639D9F41380.e.2989"},"getTokens",[]]}
RESULT: {"script":"<script> [6424 bytes]","args":[{"element-6066-11e4-a52e-4f735466cecf":"f.0B5413DFD1C3A3AA7B72F051E5DEC85E.d.DFFC269E340EA23FBDEAD639D9F41380.e.2989"},"getTokens",[]]}
RESULT: undefined
RESULT: undefined
COMMAND: POST /session/e7e046f545b47c9805ddcb78f08915f8/execute/async - {"script":"<script> [1562 bytes]","args":[{"selector":{"controlType":"sap.m.Button","viewName":"etm.portal.ui.managerequests.view.NewRequest","properties":{"text":"Items"},"interaction":{"idSuffix":"BDI-content"}},"wdio_ui5_key":"etmportal.ui.managerequests.view.NewRequestsap.m.Button{\"text\":\"Items\"}"}]}
RESULT: {"script":"<script> [1562 bytes]","args":[{"selector":{"controlType":"sap.m.Button","viewName":"etm.portal.ui.managerequests.view.NewRequest","properties":{"text":"Items"},"interaction":{"idSuffix":"BDI-content"}},"wdio_ui5_key":"etmportal.ui.managerequests.view.NewRequestsap.m.Button{\"text\":\"Items\"}"}]}
RESULT: undefined
COMMAND: POST /session/e7e046f545b47c9805ddcb78f08915f8/element - {"using":"xpath","value":"//*[@id=\"__xmlview59--newRequestPage-anchBar-__xmlview59--requestItemsSection-anchor\"]"}
RESULT: {"using":"xpath","value":"//*[@id=\"__xmlview59--newRequestPage-anchBar-__xmlview59--requestItemsSection-anchor\"]"}
COMMAND: POST /session/e7e046f545b47c9805ddcb78f08915f8/element/f.0B5413DFD1C3A3AA7B72F051E5DEC85E.d.DFFC269E340EA23FBDEAD639D9F41380.e.3044/click - {}
RESULT: {}
COMMAND: GET /session/e7e046f545b47c9805ddcb78f08915f8/screenshot - {}
RESULT: {}
COMMAND: POST /session/e7e046f545b47c9805ddcb78f08915f8/execute/async - {"script":"<script> [1562 bytes]","args":[{"selector":{"controlType":"sap.ui.core.Icon","viewName":"etm.portal.ui.managerequests.view.NewRequest","properties":{"src":{"regex":{"source":"inspect"}}}},"wdio_ui5_key":"etmportal.ui.managerequests.view.NewRequestsap.ui.core.Icon{\"src\":{\"regex\":{\"source\":\"inspect\"}}}"}]}
RESULT: {"script":"<script> [1562 bytes]","args":[{"selector":{"controlType":"sap.ui.core.Icon","viewName":"etm.portal.ui.managerequests.view.NewRequest","properties":{"src":{"regex":{"source":"inspect"}}}},"wdio_ui5_key":"etmportal.ui.managerequests.view.NewRequestsap.ui.core.Icon{\"src\":{\"regex\":{\"source\":\"inspect\"}}}"}]}
RESULT: undefined
COMMAND: POST /session/e7e046f545b47c9805ddcb78f08915f8/element - {"using":"xpath","value":"//*[@id=\"__button114-img\"]"}
RESULT: {"using":"xpath","value":"//*[@id=\"__button114-img\"]"}
COMMAND: POST /session/e7e046f545b47c9805ddcb78f08915f8/element/f.0B5413DFD1C3A3AA7B72F051E5DEC85E.d.DFFC269E340EA23FBDEAD639D9F41380.e.3049/click - {}
RESULT: {}
COMMAND: GET /session/e7e046f545b47c9805ddcb78f08915f8/screenshot - {}
RESULT: {}
COMMAND: POST /session/e7e046f545b47c9805ddcb78f08915f8/execute/async - {"script":"<script> [1562 bytes]","args":[{"selector":{"controlType":"sap.ui.core.Icon","viewName":"etm.portal.ui.managerequests.view.NewRequest","properties":{"src":{"regex":{"source":"add"}}}},"wdio_ui5_key":"etmportal.ui.managerequests.view.NewRequestsap.ui.core.Icon{\"src\":{\"regex\":{\"source\":\"add\"}}}"}]}
RESULT: {"script":"<script> [1562 bytes]","args":[{"selector":{"controlType":"sap.ui.core.Icon","viewName":"etm.portal.ui.managerequests.view.NewRequest","properties":{"src":{"regex":{"source":"add"}}}},"wdio_ui5_key":"etmportal.ui.managerequests.view.NewRequestsap.ui.core.Icon{\"src\":{\"regex\":{\"source\":\"add\"}}}"}]}
RESULT: undefined
COMMAND: POST /session/e7e046f545b47c9805ddcb78f08915f8/element - {"using":"xpath","value":"//*[@id=\"__xmlview59--btnAddTableRow-img\"]"}
RESULT: {"using":"xpath","value":"//*[@id=\"__xmlview59--btnAddTableRow-img\"]"}
COMMAND: POST /session/e7e046f545b47c9805ddcb78f08915f8/element/f.0B5413DFD1C3A3AA7B72F051E5DEC85E.d.DFFC269E340EA23FBDEAD639D9F41380.e.3057/click - {}
RESULT: {}
COMMAND: GET /session/e7e046f545b47c9805ddcb78f08915f8/screenshot - {}
RESULT: {}
COMMAND: POST /session/e7e046f545b47c9805ddcb78f08915f8/execute/async - {"script":"<script> [1562 bytes]","args":[{"selector":{"controlType":"sap.ui.unified.MenuItem","viewName":"etm.portal.ui.managerequests.view.NewRequest","i18NText":{"propertyName":"text","key":"standardEntry"},"searchOpenDialogs":true,"interaction":{"idSuffix":"txt"}},"wdio_ui5_key":"etmportal.ui.managerequests.view.NewRequestsap.ui.unified.MenuItem{\"propertyName\":\"text\",\"key\":\"standardEntry\"}"}]}
RESULT: {"script":"<script> [1562 bytes]","args":[{"selector":{"controlType":"sap.ui.unified.MenuItem","viewName":"etm.portal.ui.managerequests.view.NewRequest","i18NText":{"propertyName":"text","key":"standardEntry"},"searchOpenDialogs":true,"interaction":{"idSuffix":"txt"}},"wdio_ui5_key":"etmportal.ui.managerequests.view.NewRequestsap.ui.unified.MenuItem{\"propertyName\":\"text\",\"key\":\"standardEntry\"}"}]}
RESULT: undefined
COMMAND: POST /session/e7e046f545b47c9805ddcb78f08915f8/element - {"using":"xpath","value":"//*[@id=\"__item1528\"]"}
RESULT: {"using":"xpath","value":"//*[@id=\"__item1528\"]"}
COMMAND: POST /session/e7e046f545b47c9805ddcb78f08915f8/element/f.0B5413DFD1C3A3AA7B72F051E5DEC85E.d.DFFC269E340EA23FBDEAD639D9F41380.e.3060/click - {}
RESULT: {}
COMMAND: GET /session/e7e046f545b47c9805ddcb78f08915f8/screenshot - {}
RESULT: {}
RESULT: undefined
COMMAND: POST /session/e7e046f545b47c9805ddcb78f08915f8/element - {"using":"xpath","value":"//*[@id=\"__xmlview59--btnAddTableRow-img\"]"}
RESULT: {"using":"xpath","value":"//*[@id=\"__xmlview59--btnAddTableRow-img\"]"}
COMMAND: POST /session/e7e046f545b47c9805ddcb78f08915f8/element/f.0B5413DFD1C3A3AA7B72F051E5DEC85E.d.DFFC269E340EA23FBDEAD639D9F41380.e.3057/click - {}
RESULT: {}
COMMAND: GET /session/e7e046f545b47c9805ddcb78f08915f8/screenshot - {}
RESULT: {}
RESULT: undefined
COMMAND: POST /session/e7e046f545b47c9805ddcb78f08915f8/element - {"using":"xpath","value":"//*[@id=\"__item1528\"]"}
RESULT: {"using":"xpath","value":"//*[@id=\"__item1528\"]"}
COMMAND: POST /session/e7e046f545b47c9805ddcb78f08915f8/element/f.0B5413DFD1C3A3AA7B72F051E5DEC85E.d.DFFC269E340EA23FBDEAD639D9F41380.e.3081/click - {}
RESULT: {}
COMMAND: GET /session/e7e046f545b47c9805ddcb78f08915f8/screenshot - {}
RESULT: {}
COMMAND: POST /session/e7e046f545b47c9805ddcb78f08915f8/element - {"using":"xpath","value":"(//input[contains(@id ,\"requestItemsTable-0-inner\")])[5]"}
RESULT: {"using":"xpath","value":"(//input[contains(@id ,\"requestItemsTable-0-inner\")])[5]"}
COMMAND: POST /session/e7e046f545b47c9805ddcb78f08915f8/element/f.0B5413DFD1C3A3AA7B72F051E5DEC85E.d.DFFC269E340EA23FBDEAD639D9F41380.e.3072/clear - {}
RESULT: {}
COMMAND: POST /session/e7e046f545b47c9805ddcb78f08915f8/element/f.0B5413DFD1C3A3AA7B72F051E5DEC85E.d.DFFC269E340EA23FBDEAD639D9F41380.e.3072/value - {"text":"1000001"}
COMMAND: GET /session/e7e046f545b47c9805ddcb78f08915f8/screenshot - {}
RESULT: {"text":"1000001"}
COMMAND: GET /session/e7e046f545b47c9805ddcb78f08915f8/screenshot - {}
RESULT: {}
RESULT: {}
COMMAND: POST /session/e7e046f545b47c9805ddcb78f08915f8/actions - {"actions":[{"id":"action14","type":"key","parameters":{},"actions":[{"type":"keyDown","value":""},{"type":"pause","duration":10},{"type":"keyUp","value":""}]}]}
RESULT: {"actions":[{"id":"action14","type":"key","parameters":{},"actions":[{"type":"keyDown","value":""},{"type":"pause","duration":10},{"type":"keyUp","value":""}]}]}
COMMAND: POST /session/e7e046f545b47c9805ddcb78f08915f8/element - {"using":"xpath","value":"(//input[contains(@id ,\"requestItemsTable-1-inner\")])[5]"}
COMMAND: GET /session/e7e046f545b47c9805ddcb78f08915f8/screenshot - {}
RESULT: {"using":"xpath","value":"(//input[contains(@id ,\"requestItemsTable-1-inner\")])[5]"}
COMMAND: POST /session/e7e046f545b47c9805ddcb78f08915f8/element/f.0B5413DFD1C3A3AA7B72F051E5DEC85E.d.DFFC269E340EA23FBDEAD639D9F41380.e.3087/clear - {}
RESULT: {}
RESULT: {}
COMMAND: POST /session/e7e046f545b47c9805ddcb78f08915f8/element/f.0B5413DFD1C3A3AA7B72F051E5DEC85E.d.DFFC269E340EA23FBDEAD639D9F41380.e.3087/value - {"text":"1000002"}
COMMAND: GET /session/e7e046f545b47c9805ddcb78f08915f8/screenshot - {}
RESULT: {"text":"1000002"}
COMMAND: GET /session/e7e046f545b47c9805ddcb78f08915f8/screenshot - {}
RESULT: {}
RESULT: {}
COMMAND: POST /session/e7e046f545b47c9805ddcb78f08915f8/actions - {"actions":[{"id":"action15","type":"key","parameters":{},"actions":[{"type":"keyDown","value":""},{"type":"pause","duration":10},{"type":"keyUp","value":""}]}]}
RESULT: {"actions":[{"id":"action15","type":"key","parameters":{},"actions":[{"type":"keyDown","value":""},{"type":"pause","duration":10},{"type":"keyUp","value":""}]}]}
COMMAND: POST /session/e7e046f545b47c9805ddcb78f08915f8/execute/async - {"script":"<script> [1562 bytes]","args":[{"selector":{"controlType":"sap.m.Input","viewName":"etm.portal.ui.managerequests.view.NewRequest","bindingPath":{"path":"","propertyPath":"/Tags","modelName":"catalogModel"},"ancestor":{"controlType":"sap.m.ColumnListItem","viewName":"etm.portal.ui.managerequests.view.NewRequest","bindingPath":{"modelName":"newRequestItems","path":"/RequestItems/0"},"ancestor":{"id":"requestItemsTable","viewName":"etm.portal.ui.managerequests.view.NewRequest"}},"interaction":{"idSuffix":"inner"}},"wdio_ui5_key":"etmportal.ui.managerequests.view.NewRequestsap.m.Input{\"path\":\"\",\"propertyPath\":\"/Tags\",\"modelName\":\"catalogModel\"}{\"controlType\":\"sap.m.ColumnListItem\",\"viewName\":\"etm.portal.ui.managerequests.view.NewRequest\",\"bindingPath\":{\"modelName\":\"newRequestItems\",\"path\":\"/RequestItems/0\"},\"ancestor\":{\"id\":\"requestItemsTable\",\"viewName\":\"etm.portal.ui.managerequests.view.NewRequest\"}}"}]}
COMMAND: GET /session/e7e046f545b47c9805ddcb78f08915f8/screenshot - {}
RESULT: {"script":"<script> [1562 bytes]","args":[{"selector":{"controlType":"sap.m.Input","viewName":"etm.portal.ui.managerequests.view.NewRequest","bindingPath":{"path":"","propertyPath":"/Tags","modelName":"catalogModel"},"ancestor":{"controlType":"sap.m.ColumnListItem","viewName":"etm.portal.ui.managerequests.view.NewRequest","bindingPath":{"modelName":"newRequestItems","path":"/RequestItems/0"},"ancestor":{"id":"requestItemsTable","viewName":"etm.portal.ui.managerequests.view.NewRequest"}},"interaction":{"idSuffix":"inner"}},"wdio_ui5_key":"etmportal.ui.managerequests.view.NewRequestsap.m.Input{\"path\":\"\",\"propertyPath\":\"/Tags\",\"modelName\":\"catalogModel\"}{\"controlType\":\"sap.m.ColumnListItem\",\"viewName\":\"etm.portal.ui.managerequests.view.NewRequest\",\"bindingPath\":{\"modelName\":\"newRequestItems\",\"path\":\"/RequestItems/0\"},\"ancestor\":{\"id\":\"requestItemsTable\",\"viewName\":\"etm.portal.ui.managerequests.view.NewRequest\"}}"}]}
RESULT: undefined
COMMAND: POST /session/e7e046f545b47c9805ddcb78f08915f8/execute/async - {"script":"<script> [776 bytes]","args":[{"enterText":"tag1","selector":{"controlType":"sap.m.Input","viewName":"etm.portal.ui.managerequests.view.NewRequest","bindingPath":{"path":"","propertyPath":"/Tags","modelName":"catalogModel"},"ancestor":{"controlType":"sap.m.ColumnListItem","viewName":"etm.portal.ui.managerequests.view.NewRequest","bindingPath":{"modelName":"newRequestItems","path":"/RequestItems/0"},"ancestor":{"id":"requestItemsTable","viewName":"etm.portal.ui.managerequests.view.NewRequest"}},"interaction":{"idSuffix":"inner"}},"clearTextFirst":true,"interactionType":"ENTER_TEXT"}]}
RESULT: {}
RESULT: {"script":"<script> [776 bytes]","args":[{"enterText":"tag1","selector":{"controlType":"sap.m.Input","viewName":"etm.portal.ui.managerequests.view.NewRequest","bindingPath":{"path":"","propertyPath":"/Tags","modelName":"catalogModel"},"ancestor":{"controlType":"sap.m.ColumnListItem","viewName":"etm.portal.ui.managerequests.view.NewRequest","bindingPath":{"modelName":"newRequestItems","path":"/RequestItems/0"},"ancestor":{"id":"requestItemsTable","viewName":"etm.portal.ui.managerequests.view.NewRequest"}},"interaction":{"idSuffix":"inner"}},"clearTextFirst":true,"interactionType":"ENTER_TEXT"}]}
COMMAND: POST /session/e7e046f545b47c9805ddcb78f08915f8/actions - {"actions":[{"id":"action16","type":"key","parameters":{},"actions":[{"type":"keyDown","value":""},{"type":"pause","duration":10},{"type":"keyUp","value":""}]}]}
RESULT: {"actions":[{"id":"action16","type":"key","parameters":{},"actions":[{"type":"keyDown","value":""},{"type":"pause","duration":10},{"type":"keyUp","value":""}]}]}
RESULT: undefined
COMMAND: POST /session/e7e046f545b47c9805ddcb78f08915f8/execute/async - {"script":"<script> [776 bytes]","args":[{"enterText":"tag-duplicate","selector":{"controlType":"sap.m.Input","viewName":"etm.portal.ui.managerequests.view.NewRequest","bindingPath":{"path":"","propertyPath":"/Tags","modelName":"catalogModel"},"ancestor":{"controlType":"sap.m.ColumnListItem","viewName":"etm.portal.ui.managerequests.view.NewRequest","bindingPath":{"modelName":"newRequestItems","path":"/RequestItems/0"},"ancestor":{"id":"requestItemsTable","viewName":"etm.portal.ui.managerequests.view.NewRequest"}},"interaction":{"idSuffix":"inner"}},"clearTextFirst":true,"interactionType":"ENTER_TEXT"}]}
COMMAND: GET /session/e7e046f545b47c9805ddcb78f08915f8/screenshot - {}
RESULT: {"script":"<script> [776 bytes]","args":[{"enterText":"tag-duplicate","selector":{"controlType":"sap.m.Input","viewName":"etm.portal.ui.managerequests.view.NewRequest","bindingPath":{"path":"","propertyPath":"/Tags","modelName":"catalogModel"},"ancestor":{"controlType":"sap.m.ColumnListItem","viewName":"etm.portal.ui.managerequests.view.NewRequest","bindingPath":{"modelName":"newRequestItems","path":"/RequestItems/0"},"ancestor":{"id":"requestItemsTable","viewName":"etm.portal.ui.managerequests.view.NewRequest"}},"interaction":{"idSuffix":"inner"}},"clearTextFirst":true,"interactionType":"ENTER_TEXT"}]}
RESULT: {}
COMMAND: POST /session/e7e046f545b47c9805ddcb78f08915f8/actions - {"actions":[{"id":"action17","type":"key","parameters":{},"actions":[{"type":"keyDown","value":""},{"type":"pause","duration":10},{"type":"keyUp","value":""}]}]}
RESULT: {"actions":[{"id":"action17","type":"key","parameters":{},"actions":[{"type":"keyDown","value":""},{"type":"pause","duration":10},{"type":"keyUp","value":""}]}]}
COMMAND: GET /session/e7e046f545b47c9805ddcb78f08915f8/screenshot - {}
RESULT: {}
COMMAND: POST /session/e7e046f545b47c9805ddcb78f08915f8/execute/async - {"script":"<script> [1562 bytes]","args":[{"selector":{"controlType":"sap.m.Input","viewName":"etm.portal.ui.managerequests.view.NewRequest","bindingPath":{"path":"","propertyPath":"/Tags","modelName":"catalogModel"},"ancestor":{"controlType":"sap.m.ColumnListItem","viewName":"etm.portal.ui.managerequests.view.NewRequest","bindingPath":{"modelName":"newRequestItems","path":"/RequestItems/1"},"ancestor":{"id":"requestItemsTable","viewName":"etm.portal.ui.managerequests.view.NewRequest"}},"interaction":{"idSuffix":"inner"}},"wdio_ui5_key":"etmportal.ui.managerequests.view.NewRequestsap.m.Input{\"path\":\"\",\"propertyPath\":\"/Tags\",\"modelName\":\"catalogModel\"}{\"controlType\":\"sap.m.ColumnListItem\",\"viewName\":\"etm.portal.ui.managerequests.view.NewRequest\",\"bindingPath\":{\"modelName\":\"newRequestItems\",\"path\":\"/RequestItems/1\"},\"ancestor\":{\"id\":\"requestItemsTable\",\"viewName\":\"etm.portal.ui.managerequests.view.NewRequest\"}}"}]}
RESULT: {"script":"<script> [1562 bytes]","args":[{"selector":{"controlType":"sap.m.Input","viewName":"etm.portal.ui.managerequests.view.NewRequest","bindingPath":{"path":"","propertyPath":"/Tags","modelName":"catalogModel"},"ancestor":{"controlType":"sap.m.ColumnListItem","viewName":"etm.portal.ui.managerequests.view.NewRequest","bindingPath":{"modelName":"newRequestItems","path":"/RequestItems/1"},"ancestor":{"id":"requestItemsTable","viewName":"etm.portal.ui.managerequests.view.NewRequest"}},"interaction":{"idSuffix":"inner"}},"wdio_ui5_key":"etmportal.ui.managerequests.view.NewRequestsap.m.Input{\"path\":\"\",\"propertyPath\":\"/Tags\",\"modelName\":\"catalogModel\"}{\"controlType\":\"sap.m.ColumnListItem\",\"viewName\":\"etm.portal.ui.managerequests.view.NewRequest\",\"bindingPath\":{\"modelName\":\"newRequestItems\",\"path\":\"/RequestItems/1\"},\"ancestor\":{\"id\":\"requestItemsTable\",\"viewName\":\"etm.portal.ui.managerequests.view.NewRequest\"}}"}]}
RESULT: undefined
COMMAND: POST /session/e7e046f545b47c9805ddcb78f08915f8/execute/async - {"script":"<script> [776 bytes]","args":[{"enterText":"tag1","selector":{"controlType":"sap.m.Input","viewName":"etm.portal.ui.managerequests.view.NewRequest","bindingPath":{"path":"","propertyPath":"/Tags","modelName":"catalogModel"},"ancestor":{"controlType":"sap.m.ColumnListItem","viewName":"etm.portal.ui.managerequests.view.NewRequest","bindingPath":{"modelName":"newRequestItems","path":"/RequestItems/1"},"ancestor":{"id":"requestItemsTable","viewName":"etm.portal.ui.managerequests.view.NewRequest"}},"interaction":{"idSuffix":"inner"}},"clearTextFirst":true,"interactionType":"ENTER_TEXT"}]}
RESULT: {"script":"<script> [776 bytes]","args":[{"enterText":"tag1","selector":{"controlType":"sap.m.Input","viewName":"etm.portal.ui.managerequests.view.NewRequest","bindingPath":{"path":"","propertyPath":"/Tags","modelName":"catalogModel"},"ancestor":{"controlType":"sap.m.ColumnListItem","viewName":"etm.portal.ui.managerequests.view.NewRequest","bindingPath":{"modelName":"newRequestItems","path":"/RequestItems/1"},"ancestor":{"id":"requestItemsTable","viewName":"etm.portal.ui.managerequests.view.NewRequest"}},"interaction":{"idSuffix":"inner"}},"clearTextFirst":true,"interactionType":"ENTER_TEXT"}]}
COMMAND: POST /session/e7e046f545b47c9805ddcb78f08915f8/actions - {"actions":[{"id":"action18","type":"key","parameters":{},"actions":[{"type":"keyDown","value":""},{"type":"pause","duration":10},{"type":"keyUp","value":""}]}]}
RESULT: {"actions":[{"id":"action18","type":"key","parameters":{},"actions":[{"type":"keyDown","value":""},{"type":"pause","duration":10},{"type":"keyUp","value":""}]}]}
RESULT: undefined
COMMAND: POST /session/e7e046f545b47c9805ddcb78f08915f8/execute/async - {"script":"<script> [776 bytes]","args":[{"enterText":"tag-duplicate","selector":{"controlType":"sap.m.Input","viewName":"etm.portal.ui.managerequests.view.NewRequest","bindingPath":{"path":"","propertyPath":"/Tags","modelName":"catalogModel"},"ancestor":{"controlType":"sap.m.ColumnListItem","viewName":"etm.portal.ui.managerequests.view.NewRequest","bindingPath":{"modelName":"newRequestItems","path":"/RequestItems/1"},"ancestor":{"id":"requestItemsTable","viewName":"etm.portal.ui.managerequests.view.NewRequest"}},"interaction":{"idSuffix":"inner"}},"clearTextFirst":true,"interactionType":"ENTER_TEXT"}]}
COMMAND: GET /session/e7e046f545b47c9805ddcb78f08915f8/screenshot - {}
RESULT: {"script":"<script> [776 bytes]","args":[{"enterText":"tag-duplicate","selector":{"controlType":"sap.m.Input","viewName":"etm.portal.ui.managerequests.view.NewRequest","bindingPath":{"path":"","propertyPath":"/Tags","modelName":"catalogModel"},"ancestor":{"controlType":"sap.m.ColumnListItem","viewName":"etm.portal.ui.managerequests.view.NewRequest","bindingPath":{"modelName":"newRequestItems","path":"/RequestItems/1"},"ancestor":{"id":"requestItemsTable","viewName":"etm.portal.ui.managerequests.view.NewRequest"}},"interaction":{"idSuffix":"inner"}},"clearTextFirst":true,"interactionType":"ENTER_TEXT"}]}
RESULT: {}
COMMAND: POST /session/e7e046f545b47c9805ddcb78f08915f8/actions - {"actions":[{"id":"action19","type":"key","parameters":{},"actions":[{"type":"keyDown","value":""},{"type":"pause","duration":10},{"type":"keyUp","value":""}]}]}
RESULT: {"actions":[{"id":"action19","type":"key","parameters":{},"actions":[{"type":"keyDown","value":""},{"type":"pause","duration":10},{"type":"keyUp","value":""}]}]}
COMMAND: GET /session/e7e046f545b47c9805ddcb78f08915f8/screenshot - {}
RESULT: {}
COMMAND: POST /session/e7e046f545b47c9805ddcb78f08915f8/execute/async - {"script":"<script> [1562 bytes]","args":[{"selector":{"controlType":"sap.ui.core.Icon","viewName":"etm.portal.ui.managerequests.view.NewRequest","properties":{"src":{"regex":{"source":"slim\\-arrow\\-down"}}},"ancestor":{"controlType":"sap.m.Button","viewName":"etm.portal.ui.managerequests.view.NewRequest","properties":{"icon":"sap-icon://slim-arrow-down"}}},"wdio_ui5_key":"etmportal.ui.managerequests.view.NewRequestsap.ui.core.Icon{\"src\":{\"regex\":{\"source\":\"slim\\\\-arrow\\\\-down\"}}}{\"controlType\":\"sap.m.Button\",\"viewName\":\"etm.portal.ui.managerequests.view.NewRequest\",\"properties\":{\"icon\":\"sap-icon://slim-arrow-down\"}}"}]}
RESULT: {"script":"<script> [1562 bytes]","args":[{"selector":{"controlType":"sap.ui.core.Icon","viewName":"etm.portal.ui.managerequests.view.NewRequest","properties":{"src":{"regex":{"source":"slim\\-arrow\\-down"}}},"ancestor":{"controlType":"sap.m.Button","viewName":"etm.portal.ui.managerequests.view.NewRequest","properties":{"icon":"sap-icon://slim-arrow-down"}}},"wdio_ui5_key":"etmportal.ui.managerequests.view.NewRequestsap.ui.core.Icon{\"src\":{\"regex\":{\"source\":\"slim\\\\-arrow\\\\-down\"}}}{\"controlType\":\"sap.m.Button\",\"viewName\":\"etm.portal.ui.managerequests.view.NewRequest\",\"properties\":{\"icon\":\"sap-icon://slim-arrow-down\"}}"}]}
RESULT: undefined
COMMAND: POST /session/e7e046f545b47c9805ddcb78f08915f8/element - {"using":"xpath","value":"//*[@id=\"__title25-expandBtn-img\"]"}
RESULT: {"using":"xpath","value":"//*[@id=\"__title25-expandBtn-img\"]"}
COMMAND: POST /session/e7e046f545b47c9805ddcb78f08915f8/element/f.0B5413DFD1C3A3AA7B72F051E5DEC85E.d.DFFC269E340EA23FBDEAD639D9F41380.e.3133/click - {}
RESULT: {}
COMMAND: GET /session/e7e046f545b47c9805ddcb78f08915f8/screenshot - {}
RESULT: {}
COMMAND: POST /session/e7e046f545b47c9805ddcb78f08915f8/element - {"using":"xpath","value":"//div[contains(@data-kt ,\"splitAllocationObjectStatus\")]"}
RESULT: {"using":"xpath","value":"//div[contains(@data-kt ,\"splitAllocationObjectStatus\")]"}
COMMAND: POST /session/e7e046f545b47c9805ddcb78f08915f8/elements - {"using":"xpath","value":"//div[contains(@data-kt ,\"splitAllocationObjectStatus\")]"}
RESULT: {"using":"xpath","value":"//div[contains(@data-kt ,\"splitAllocationObjectStatus\")]"}
COMMAND: POST /session/e7e046f545b47c9805ddcb78f08915f8/execute/async - {"script":"<script> [1562 bytes]","args":[{"selector":{"controlType":"sap.ui.core.Icon","viewName":"etm.portal.ui.managerequests.view.NewRequest","properties":{"src":{"regex":{"source":"message\\-error"}}},"ancestor":{"controlType":"sap.m.ColumnListItem","viewName":"etm.portal.ui.managerequests.view.NewRequest","bindingPath":{"modelName":"newRequestItems","path":"/RequestItems/0"},"ancestor":{"id":"requestItemsTable","viewName":"etm.portal.ui.managerequests.view.NewRequest"}}},"wdio_ui5_key":"etmportal.ui.managerequests.view.NewRequestsap.ui.core.Icon{\"src\":{\"regex\":{\"source\":\"message\\\\-error\"}}}{\"controlType\":\"sap.m.ColumnListItem\",\"viewName\":\"etm.portal.ui.managerequests.view.NewRequest\",\"bindingPath\":{\"modelName\":\"newRequestItems\",\"path\":\"/RequestItems/0\"},\"ancestor\":{\"id\":\"requestItemsTable\",\"viewName\":\"etm.portal.ui.managerequests.view.NewRequest\"}}"}]}
RESULT: {"script":"<script> [1562 bytes]","args":[{"selector":{"controlType":"sap.ui.core.Icon","viewName":"etm.portal.ui.managerequests.view.NewRequest","properties":{"src":{"regex":{"source":"message\\-error"}}},"ancestor":{"controlType":"sap.m.ColumnListItem","viewName":"etm.portal.ui.managerequests.view.NewRequest","bindingPath":{"modelName":"newRequestItems","path":"/RequestItems/0"},"ancestor":{"id":"requestItemsTable","viewName":"etm.portal.ui.managerequests.view.NewRequest"}}},"wdio_ui5_key":"etmportal.ui.managerequests.view.NewRequestsap.ui.core.Icon{\"src\":{\"regex\":{\"source\":\"message\\\\-error\"}}}{\"controlType\":\"sap.m.ColumnListItem\",\"viewName\":\"etm.portal.ui.managerequests.view.NewRequest\",\"bindingPath\":{\"modelName\":\"newRequestItems\",\"path\":\"/RequestItems/0\"},\"ancestor\":{\"id\":\"requestItemsTable\",\"viewName\":\"etm.portal.ui.managerequests.view.NewRequest\"}}"}]}
RESULT: undefined
COMMAND: POST /session/e7e046f545b47c9805ddcb78f08915f8/element - {"using":"xpath","value":"//*[@id=\"__status6-__xmlview59--requestItemsTable-0-icon\"]"}
RESULT: {"using":"xpath","value":"//*[@id=\"__status6-__xmlview59--requestItemsTable-0-icon\"]"}
COMMAND: POST /session/e7e046f545b47c9805ddcb78f08915f8/element/f.0B5413DFD1C3A3AA7B72F051E5DEC85E.d.DFFC269E340EA23FBDEAD639D9F41380.e.3114/click - {}
RESULT: {}
COMMAND: GET /session/e7e046f545b47c9805ddcb78f08915f8/screenshot - {}
RESULT: {}
COMMAND: POST /session/e7e046f545b47c9805ddcb78f08915f8/execute/async - {"script":"<script> [1562 bytes]","args":[{"selector":{"id":"costObjectAdminTypeComboBox","viewName":"etm.portal.ui.managerequests.view.NewRequest","searchOpenDialogs":true,"interaction":{"idSuffix":"inner"}},"wdio_ui5_key":"costObjectAdminTypeComboBoxetmportal.ui.managerequests.view.NewRequest"}]}
RESULT: {"script":"<script> [1562 bytes]","args":[{"selector":{"id":"costObjectAdminTypeComboBox","viewName":"etm.portal.ui.managerequests.view.NewRequest","searchOpenDialogs":true,"interaction":{"idSuffix":"inner"}},"wdio_ui5_key":"costObjectAdminTypeComboBoxetmportal.ui.managerequests.view.NewRequest"}]}
RESULT: undefined
COMMAND: POST /session/e7e046f545b47c9805ddcb78f08915f8/execute/async - {"script":"<script> [776 bytes]","args":[{"enterText":"Cost Center","selector":{"id":"costObjectAdminTypeComboBox","viewName":"etm.portal.ui.managerequests.view.NewRequest","searchOpenDialogs":true,"interaction":{"idSuffix":"inner"}},"clearTextFirst":true,"interactionType":"ENTER_TEXT"}]}
RESULT: {"script":"<script> [776 bytes]","args":[{"enterText":"Cost Center","selector":{"id":"costObjectAdminTypeComboBox","viewName":"etm.portal.ui.managerequests.view.NewRequest","searchOpenDialogs":true,"interaction":{"idSuffix":"inner"}},"clearTextFirst":true,"interactionType":"ENTER_TEXT"}]}
COMMAND: POST /session/e7e046f545b47c9805ddcb78f08915f8/actions - {"actions":[{"id":"action20","type":"key","parameters":{},"actions":[{"type":"keyDown","value":""},{"type":"pause","duration":10},{"type":"keyUp","value":""}]}]}
RESULT: {"actions":[{"id":"action20","type":"key","parameters":{},"actions":[{"type":"keyDown","value":""},{"type":"pause","duration":10},{"type":"keyUp","value":""}]}]}
COMMAND: GET /session/e7e046f545b47c9805ddcb78f08915f8/screenshot - {}
RESULT: {}
COMMAND: POST /session/e7e046f545b47c9805ddcb78f08915f8/execute/async - {"script":"<script> [1562 bytes]","args":[{"selector":{"id":"costObjectIdComboBox","viewName":"etm.portal.ui.managerequests.view.NewRequest","searchOpenDialogs":true,"interaction":{"idSuffix":"inner"}},"wdio_ui5_key":"costObjectIdComboBoxetmportal.ui.managerequests.view.NewRequest"}]}
RESULT: {"script":"<script> [1562 bytes]","args":[{"selector":{"id":"costObjectIdComboBox","viewName":"etm.portal.ui.managerequests.view.NewRequest","searchOpenDialogs":true,"interaction":{"idSuffix":"inner"}},"wdio_ui5_key":"costObjectIdComboBoxetmportal.ui.managerequests.view.NewRequest"}]}
RESULT: undefined
COMMAND: POST /session/e7e046f545b47c9805ddcb78f08915f8/execute/async - {"script":"<script> [776 bytes]","args":[{"enterText":"1001 - 1001","selector":{"id":"costObjectIdComboBox","viewName":"etm.portal.ui.managerequests.view.NewRequest","searchOpenDialogs":true,"interaction":{"idSuffix":"inner"}},"clearTextFirst":true,"interactionType":"ENTER_TEXT"}]}
RESULT: {"script":"<script> [776 bytes]","args":[{"enterText":"1001 - 1001","selector":{"id":"costObjectIdComboBox","viewName":"etm.portal.ui.managerequests.view.NewRequest","searchOpenDialogs":true,"interaction":{"idSuffix":"inner"}},"clearTextFirst":true,"interactionType":"ENTER_TEXT"}]}
COMMAND: POST /session/e7e046f545b47c9805ddcb78f08915f8/actions - {"actions":[{"id":"action21","type":"key","parameters":{},"actions":[{"type":"keyDown","value":""},{"type":"pause","duration":10},{"type":"keyUp","value":""}]}]}
RESULT: {"actions":[{"id":"action21","type":"key","parameters":{},"actions":[{"type":"keyDown","value":""},{"type":"pause","duration":10},{"type":"keyUp","value":""}]}]}
COMMAND: GET /session/e7e046f545b47c9805ddcb78f08915f8/screenshot - {}
RESULT: {}
COMMAND: POST /session/e7e046f545b47c9805ddcb78f08915f8/element - {"using":"xpath","value":"(//bdi[(text() = 'Save' or . = 'Save')])[1]"}
RESULT: {"using":"xpath","value":"(//bdi[(text() = 'Save' or . = 'Save')])[1]"}
COMMAND: POST /session/e7e046f545b47c9805ddcb78f08915f8/element/f.0B5413DFD1C3A3AA7B72F051E5DEC85E.d.DFFC269E340EA23FBDEAD639D9F41380.e.3154/click - {}
RESULT: {}
COMMAND: POST /session/e7e046f545b47c9805ddcb78f08915f8/execute/async - {"script":"<script> [1562 bytes]","args":[{"selector":{"controlType":"sap.ui.core.Icon","viewName":"etm.portal.ui.managerequests.view.NewRequest","properties":{"src":{"regex":{"source":"message\\-error"}}},"ancestor":{"controlType":"sap.m.ColumnListItem","viewName":"etm.portal.ui.managerequests.view.NewRequest","bindingPath":{"modelName":"newRequestItems","path":"/RequestItems/1"},"ancestor":{"id":"requestItemsTable","viewName":"etm.portal.ui.managerequests.view.NewRequest"}}},"wdio_ui5_key":"etmportal.ui.managerequests.view.NewRequestsap.ui.core.Icon{\"src\":{\"regex\":{\"source\":\"message\\\\-error\"}}}{\"controlType\":\"sap.m.ColumnListItem\",\"viewName\":\"etm.portal.ui.managerequests.view.NewRequest\",\"bindingPath\":{\"modelName\":\"newRequestItems\",\"path\":\"/RequestItems/1\"},\"ancestor\":{\"id\":\"requestItemsTable\",\"viewName\":\"etm.portal.ui.managerequests.view.NewRequest\"}}"}]}
COMMAND: GET /session/e7e046f545b47c9805ddcb78f08915f8/screenshot - {}
RESULT: {"script":"<script> [1562 bytes]","args":[{"selector":{"controlType":"sap.ui.core.Icon","viewName":"etm.portal.ui.managerequests.view.NewRequest","properties":{"src":{"regex":{"source":"message\\-error"}}},"ancestor":{"controlType":"sap.m.ColumnListItem","viewName":"etm.portal.ui.managerequests.view.NewRequest","bindingPath":{"modelName":"newRequestItems","path":"/RequestItems/1"},"ancestor":{"id":"requestItemsTable","viewName":"etm.portal.ui.managerequests.view.NewRequest"}}},"wdio_ui5_key":"etmportal.ui.managerequests.view.NewRequestsap.ui.core.Icon{\"src\":{\"regex\":{\"source\":\"message\\\\-error\"}}}{\"controlType\":\"sap.m.ColumnListItem\",\"viewName\":\"etm.portal.ui.managerequests.view.NewRequest\",\"bindingPath\":{\"modelName\":\"newRequestItems\",\"path\":\"/RequestItems/1\"},\"ancestor\":{\"id\":\"requestItemsTable\",\"viewName\":\"etm.portal.ui.managerequests.view.NewRequest\"}}"}]}
RESULT: undefined
COMMAND: POST /session/e7e046f545b47c9805ddcb78f08915f8/element - {"using":"xpath","value":"//*[@id=\"__status6-__xmlview59--requestItemsTable-1-icon\"]"}
RESULT: {}
RESULT: {"using":"xpath","value":"//*[@id=\"__status6-__xmlview59--requestItemsTable-1-icon\"]"}
COMMAND: POST /session/e7e046f545b47c9805ddcb78f08915f8/element/f.0B5413DFD1C3A3AA7B72F051E5DEC85E.d.DFFC269E340EA23FBDEAD639D9F41380.e.3131/click - {}
RESULT: {}
COMMAND: GET /session/e7e046f545b47c9805ddcb78f08915f8/screenshot - {}
RESULT: {}
RESULT: undefined
COMMAND: POST /session/e7e046f545b47c9805ddcb78f08915f8/execute/async - {"script":"<script> [776 bytes]","args":[{"enterText":"Cost Center","selector":{"id":"costObjectAdminTypeComboBox","viewName":"etm.portal.ui.managerequests.view.NewRequest","searchOpenDialogs":true,"interaction":{"idSuffix":"inner"}},"clearTextFirst":true,"interactionType":"ENTER_TEXT"}]}
RESULT: {"script":"<script> [776 bytes]","args":[{"enterText":"Cost Center","selector":{"id":"costObjectAdminTypeComboBox","viewName":"etm.portal.ui.managerequests.view.NewRequest","searchOpenDialogs":true,"interaction":{"idSuffix":"inner"}},"clearTextFirst":true,"interactionType":"ENTER_TEXT"}]}
COMMAND: POST /session/e7e046f545b47c9805ddcb78f08915f8/actions - {"actions":[{"id":"action22","type":"key","parameters":{},"actions":[{"type":"keyDown","value":""},{"type":"pause","duration":10},{"type":"keyUp","value":""}]}]}
RESULT: {"actions":[{"id":"action22","type":"key","parameters":{},"actions":[{"type":"keyDown","value":""},{"type":"pause","duration":10},{"type":"keyUp","value":""}]}]}
COMMAND: GET /session/e7e046f545b47c9805ddcb78f08915f8/screenshot - {}
RESULT: {}
RESULT: undefined
COMMAND: POST /session/e7e046f545b47c9805ddcb78f08915f8/execute/async - {"script":"<script> [776 bytes]","args":[{"enterText":"1001 - 1001","selector":{"id":"costObjectIdComboBox","viewName":"etm.portal.ui.managerequests.view.NewRequest","searchOpenDialogs":true,"interaction":{"idSuffix":"inner"}},"clearTextFirst":true,"interactionType":"ENTER_TEXT"}]}
RESULT: {"script":"<script> [776 bytes]","args":[{"enterText":"1001 - 1001","selector":{"id":"costObjectIdComboBox","viewName":"etm.portal.ui.managerequests.view.NewRequest","searchOpenDialogs":true,"interaction":{"idSuffix":"inner"}},"clearTextFirst":true,"interactionType":"ENTER_TEXT"}]}
COMMAND: POST /session/e7e046f545b47c9805ddcb78f08915f8/actions - {"actions":[{"id":"action23","type":"key","parameters":{},"actions":[{"type":"keyDown","value":""},{"type":"pause","duration":10},{"type":"keyUp","value":""}]}]}
RESULT: {"actions":[{"id":"action23","type":"key","parameters":{},"actions":[{"type":"keyDown","value":""},{"type":"pause","duration":10},{"type":"keyUp","value":""}]}]}
COMMAND: GET /session/e7e046f545b47c9805ddcb78f08915f8/screenshot - {}
RESULT: {}
COMMAND: POST /session/e7e046f545b47c9805ddcb78f08915f8/element - {"using":"xpath","value":"(//bdi[(text() = 'Save' or . = 'Save')])[1]"}
RESULT: {"using":"xpath","value":"(//bdi[(text() = 'Save' or . = 'Save')])[1]"}
COMMAND: POST /session/e7e046f545b47c9805ddcb78f08915f8/element/f.0B5413DFD1C3A3AA7B72F051E5DEC85E.d.DFFC269E340EA23FBDEAD639D9F41380.e.3168/click - {}
RESULT: {}
COMMAND: POST /session/e7e046f545b47c9805ddcb78f08915f8/execute/async - {"script":"<script> [1562 bytes]","args":[{"selector":{"controlType":"sap.ui.core.Icon","viewName":"etm.portal.ui.managerequests.view.NewRequest","properties":{"src":{"regex":{"source":"decline"}}},"ancestor":{"controlType":"sap.m.Token","viewName":"etm.portal.ui.managerequests.view.NewRequest","bindingPath":{"path":"/RequestItems/0/TOKENS/0","propertyPath":"TAG","modelName":"newRequestItems"}}},"wdio_ui5_key":"etmportal.ui.managerequests.view.NewRequestsap.ui.core.Icon{\"src\":{\"regex\":{\"source\":\"decline\"}}}{\"controlType\":\"sap.m.Token\",\"viewName\":\"etm.portal.ui.managerequests.view.NewRequest\",\"bindingPath\":{\"path\":\"/RequestItems/0/TOKENS/0\",\"propertyPath\":\"TAG\",\"modelName\":\"newRequestItems\"}}"}]}
COMMAND: GET /session/e7e046f545b47c9805ddcb78f08915f8/screenshot - {}
RESULT: {"script":"<script> [1562 bytes]","args":[{"selector":{"controlType":"sap.ui.core.Icon","viewName":"etm.portal.ui.managerequests.view.NewRequest","properties":{"src":{"regex":{"source":"decline"}}},"ancestor":{"controlType":"sap.m.Token","viewName":"etm.portal.ui.managerequests.view.NewRequest","bindingPath":{"path":"/RequestItems/0/TOKENS/0","propertyPath":"TAG","modelName":"newRequestItems"}}},"wdio_ui5_key":"etmportal.ui.managerequests.view.NewRequestsap.ui.core.Icon{\"src\":{\"regex\":{\"source\":\"decline\"}}}{\"controlType\":\"sap.m.Token\",\"viewName\":\"etm.portal.ui.managerequests.view.NewRequest\",\"bindingPath\":{\"path\":\"/RequestItems/0/TOKENS/0\",\"propertyPath\":\"TAG\",\"modelName\":\"newRequestItems\"}}"}]}
RESULT: undefined
COMMAND: POST /session/e7e046f545b47c9805ddcb78f08915f8/element - {"using":"xpath","value":"//*[@id=\"__token7-__tokenizer62-__xmlview59--requestItemsTable-0-0-icon\"]"}
RESULT: {}
RESULT: {"using":"xpath","value":"//*[@id=\"__token7-__tokenizer62-__xmlview59--requestItemsTable-0-0-icon\"]"}
COMMAND: POST /session/e7e046f545b47c9805ddcb78f08915f8/element/f.0B5413DFD1C3A3AA7B72F051E5DEC85E.d.DFFC269E340EA23FBDEAD639D9F41380.e.3170/click - {}
RESULT: {}
COMMAND: GET /session/e7e046f545b47c9805ddcb78f08915f8/screenshot - {}
COMMAND: POST /session/e7e046f545b47c9805ddcb78f08915f8/actions - {"actions":[{"id":"action24","type":"key","parameters":{},"actions":[{"type":"keyDown","value":""},{"type":"pause","duration":10},{"type":"keyUp","value":""}]}]}
RESULT: {}
RESULT: {"actions":[{"id":"action24","type":"key","parameters":{},"actions":[{"type":"keyDown","value":""},{"type":"pause","duration":10},{"type":"keyUp","value":""}]}]}
COMMAND: GET /session/e7e046f545b47c9805ddcb78f08915f8/screenshot - {}
RESULT: {}
COMMAND: POST /session/e7e046f545b47c9805ddcb78f08915f8/execute/async - {"script":"<script> [1562 bytes]","args":[{"selector":{"controlType":"sap.m.Tokenizer","viewName":"etm.portal.ui.managerequests.view.NewRequest","bindingPath":{"path":"/RequestItems/0","propertyPath":"TOKENS","modelName":"newRequestItems"}},"wdio_ui5_key":"etmportal.ui.managerequests.view.NewRequestsap.m.Tokenizer{\"path\":\"/RequestItems/0\",\"propertyPath\":\"TOKENS\",\"modelName\":\"newRequestItems\"}"}]}
RESULT: {"script":"<script> [1562 bytes]","args":[{"selector":{"controlType":"sap.m.Tokenizer","viewName":"etm.portal.ui.managerequests.view.NewRequest","bindingPath":{"path":"/RequestItems/0","propertyPath":"TOKENS","modelName":"newRequestItems"}},"wdio_ui5_key":"etmportal.ui.managerequests.view.NewRequestsap.m.Tokenizer{\"path\":\"/RequestItems/0\",\"propertyPath\":\"TOKENS\",\"modelName\":\"newRequestItems\"}"}]}
RESULT: undefined
COMMAND: POST /session/e7e046f545b47c9805ddcb78f08915f8/execute/async - {"script":"<script> [6424 bytes]","args":[{"element-6066-11e4-a52e-4f735466cecf":"f.0B5413DFD1C3A3AA7B72F051E5DEC85E.d.DFFC269E340EA23FBDEAD639D9F41380.e.3176"},"getTokens",[]]}
RESULT: {"script":"<script> [6424 bytes]","args":[{"element-6066-11e4-a52e-4f735466cecf":"f.0B5413DFD1C3A3AA7B72F051E5DEC85E.d.DFFC269E340EA23FBDEAD639D9F41380.e.3176"},"getTokens",[]]}
COMMAND: POST /session/e7e046f545b47c9805ddcb78f08915f8/execute/async - {"script":"<script> [1562 bytes]","args":[{"wdio_ui5_key":"__token7-__tokenizer62-__xmlview59--requestItemsTable-0-0","selector":{"id":"__token7-__tokenizer62-__xmlview59--requestItemsTable-0-0"}}]}
RESULT: {"script":"<script> [1562 bytes]","args":[{"wdio_ui5_key":"__token7-__tokenizer62-__xmlview59--requestItemsTable-0-0","selector":{"id":"__token7-__tokenizer62-__xmlview59--requestItemsTable-0-0"}}]}
RESULT: undefined
RESULT: undefined
COMMAND: POST /session/e7e046f545b47c9805ddcb78f08915f8/execute/async - {"script":"<script> [776 bytes]","args":[{"enterText":"tagRequest1","selector":{"controlType":"sap.m.Input","viewName":"etm.portal.ui.managerequests.view.NewRequest","bindingPath":{"path":"","propertyPath":"/Tags","modelName":"catalogModel"},"ancestor":{"controlType":"sap.m.ColumnListItem","viewName":"etm.portal.ui.managerequests.view.NewRequest","bindingPath":{"modelName":"newRequestItems","path":"/RequestItems/0"},"ancestor":{"id":"requestItemsTable","viewName":"etm.portal.ui.managerequests.view.NewRequest"}},"interaction":{"idSuffix":"inner"}},"clearTextFirst":true,"interactionType":"ENTER_TEXT"}]}
RESULT: {"script":"<script> [776 bytes]","args":[{"enterText":"tagRequest1","selector":{"controlType":"sap.m.Input","viewName":"etm.portal.ui.managerequests.view.NewRequest","bindingPath":{"path":"","propertyPath":"/Tags","modelName":"catalogModel"},"ancestor":{"controlType":"sap.m.ColumnListItem","viewName":"etm.portal.ui.managerequests.view.NewRequest","bindingPath":{"modelName":"newRequestItems","path":"/RequestItems/0"},"ancestor":{"id":"requestItemsTable","viewName":"etm.portal.ui.managerequests.view.NewRequest"}},"interaction":{"idSuffix":"inner"}},"clearTextFirst":true,"interactionType":"ENTER_TEXT"}]}
COMMAND: POST /session/e7e046f545b47c9805ddcb78f08915f8/actions - {"actions":[{"id":"action25","type":"key","parameters":{},"actions":[{"type":"keyDown","value":""},{"type":"pause","duration":10},{"type":"keyUp","value":""}]}]}
RESULT: {"actions":[{"id":"action25","type":"key","parameters":{},"actions":[{"type":"keyDown","value":""},{"type":"pause","duration":10},{"type":"keyUp","value":""}]}]}
COMMAND: GET /session/e7e046f545b47c9805ddcb78f08915f8/screenshot - {}
RESULT: {}
RESULT: undefined
COMMAND: POST /session/e7e046f545b47c9805ddcb78f08915f8/execute/async - {"script":"<script> [6424 bytes]","args":[{"element-6066-11e4-a52e-4f735466cecf":"f.0B5413DFD1C3A3AA7B72F051E5DEC85E.d.DFFC269E340EA23FBDEAD639D9F41380.e.3176"},"getTokens",[]]}
RESULT: {"script":"<script> [6424 bytes]","args":[{"element-6066-11e4-a52e-4f735466cecf":"f.0B5413DFD1C3A3AA7B72F051E5DEC85E.d.DFFC269E340EA23FBDEAD639D9F41380.e.3176"},"getTokens",[]]}
COMMAND: POST /session/e7e046f545b47c9805ddcb78f08915f8/execute/async - {"script":"<script> [1562 bytes]","args":[{"wdio_ui5_key":"__token7-__tokenizer62-__xmlview59--requestItemsTable-0-1","selector":{"id":"__token7-__tokenizer62-__xmlview59--requestItemsTable-0-1"}}]}
RESULT: undefined
RESULT: {"script":"<script> [1562 bytes]","args":[{"wdio_ui5_key":"__token7-__tokenizer62-__xmlview59--requestItemsTable-0-1","selector":{"id":"__token7-__tokenizer62-__xmlview59--requestItemsTable-0-1"}}]}
RESULT: undefined
COMMAND: POST /session/e7e046f545b47c9805ddcb78f08915f8/execute/async - {"script":"<script> [1562 bytes]","args":[{"selector":{"controlType":"sap.ui.core.Icon","viewName":"etm.portal.ui.managerequests.view.NewRequest","properties":{"src":{"regex":{"source":"decline"}}},"ancestor":{"controlType":"sap.m.Token","viewName":"etm.portal.ui.managerequests.view.NewRequest","bindingPath":{"path":"/RequestItems/1/TOKENS/0","propertyPath":"TAG","modelName":"newRequestItems"}}},"wdio_ui5_key":"etmportal.ui.managerequests.view.NewRequestsap.ui.core.Icon{\"src\":{\"regex\":{\"source\":\"decline\"}}}{\"controlType\":\"sap.m.Token\",\"viewName\":\"etm.portal.ui.managerequests.view.NewRequest\",\"bindingPath\":{\"path\":\"/RequestItems/1/TOKENS/0\",\"propertyPath\":\"TAG\",\"modelName\":\"newRequestItems\"}}"}]}
RESULT: {"script":"<script> [1562 bytes]","args":[{"selector":{"controlType":"sap.ui.core.Icon","viewName":"etm.portal.ui.managerequests.view.NewRequest","properties":{"src":{"regex":{"source":"decline"}}},"ancestor":{"controlType":"sap.m.Token","viewName":"etm.portal.ui.managerequests.view.NewRequest","bindingPath":{"path":"/RequestItems/1/TOKENS/0","propertyPath":"TAG","modelName":"newRequestItems"}}},"wdio_ui5_key":"etmportal.ui.managerequests.view.NewRequestsap.ui.core.Icon{\"src\":{\"regex\":{\"source\":\"decline\"}}}{\"controlType\":\"sap.m.Token\",\"viewName\":\"etm.portal.ui.managerequests.view.NewRequest\",\"bindingPath\":{\"path\":\"/RequestItems/1/TOKENS/0\",\"propertyPath\":\"TAG\",\"modelName\":\"newRequestItems\"}}"}]}
RESULT: undefined
COMMAND: POST /session/e7e046f545b47c9805ddcb78f08915f8/element - {"using":"xpath","value":"//*[@id=\"__token7-__tokenizer62-__xmlview59--requestItemsTable-1-0-icon\"]"}
RESULT: {"using":"xpath","value":"//*[@id=\"__token7-__tokenizer62-__xmlview59--requestItemsTable-1-0-icon\"]"}
COMMAND: POST /session/e7e046f545b47c9805ddcb78f08915f8/element/f.0B5413DFD1C3A3AA7B72F051E5DEC85E.d.DFFC269E340EA23FBDEAD639D9F41380.e.3178/click - {}
RESULT: {}
COMMAND: GET /session/e7e046f545b47c9805ddcb78f08915f8/screenshot - {}
RESULT: {}
COMMAND: POST /session/e7e046f545b47c9805ddcb78f08915f8/actions - {"actions":[{"id":"action26","type":"key","parameters":{},"actions":[{"type":"keyDown","value":""},{"type":"pause","duration":10},{"type":"keyUp","value":""}]}]}
RESULT: {"actions":[{"id":"action26","type":"key","parameters":{},"actions":[{"type":"keyDown","value":""},{"type":"pause","duration":10},{"type":"keyUp","value":""}]}]}
COMMAND: GET /session/e7e046f545b47c9805ddcb78f08915f8/screenshot - {}
COMMAND: POST /session/e7e046f545b47c9805ddcb78f08915f8/execute/async - {"script":"<script> [1562 bytes]","args":[{"selector":{"controlType":"sap.m.Tokenizer","viewName":"etm.portal.ui.managerequests.view.NewRequest","bindingPath":{"path":"/RequestItems/1","propertyPath":"TOKENS","modelName":"newRequestItems"}},"wdio_ui5_key":"etmportal.ui.managerequests.view.NewRequestsap.m.Tokenizer{\"path\":\"/RequestItems/1\",\"propertyPath\":\"TOKENS\",\"modelName\":\"newRequestItems\"}"}]}
RESULT: {}
RESULT: {"script":"<script> [1562 bytes]","args":[{"selector":{"controlType":"sap.m.Tokenizer","viewName":"etm.portal.ui.managerequests.view.NewRequest","bindingPath":{"path":"/RequestItems/1","propertyPath":"TOKENS","modelName":"newRequestItems"}},"wdio_ui5_key":"etmportal.ui.managerequests.view.NewRequestsap.m.Tokenizer{\"path\":\"/RequestItems/1\",\"propertyPath\":\"TOKENS\",\"modelName\":\"newRequestItems\"}"}]}
RESULT: undefined
COMMAND: POST /session/e7e046f545b47c9805ddcb78f08915f8/execute/async - {"script":"<script> [6424 bytes]","args":[{"element-6066-11e4-a52e-4f735466cecf":"f.0B5413DFD1C3A3AA7B72F051E5DEC85E.d.DFFC269E340EA23FBDEAD639D9F41380.e.3184"},"getTokens",[]]}
RESULT: {"script":"<script> [6424 bytes]","args":[{"element-6066-11e4-a52e-4f735466cecf":"f.0B5413DFD1C3A3AA7B72F051E5DEC85E.d.DFFC269E340EA23FBDEAD639D9F41380.e.3184"},"getTokens",[]]}
COMMAND: POST /session/e7e046f545b47c9805ddcb78f08915f8/execute/async - {"script":"<script> [1562 bytes]","args":[{"wdio_ui5_key":"__token7-__tokenizer62-__xmlview59--requestItemsTable-1-0","selector":{"id":"__token7-__tokenizer62-__xmlview59--requestItemsTable-1-0"}}]}
RESULT: {"script":"<script> [1562 bytes]","args":[{"wdio_ui5_key":"__token7-__tokenizer62-__xmlview59--requestItemsTable-1-0","selector":{"id":"__token7-__tokenizer62-__xmlview59--requestItemsTable-1-0"}}]}
RESULT: undefined
RESULT: undefined
COMMAND: POST /session/e7e046f545b47c9805ddcb78f08915f8/execute/async - {"script":"<script> [776 bytes]","args":[{"enterText":"tagRequest1","selector":{"controlType":"sap.m.Input","viewName":"etm.portal.ui.managerequests.view.NewRequest","bindingPath":{"path":"","propertyPath":"/Tags","modelName":"catalogModel"},"ancestor":{"controlType":"sap.m.ColumnListItem","viewName":"etm.portal.ui.managerequests.view.NewRequest","bindingPath":{"modelName":"newRequestItems","path":"/RequestItems/1"},"ancestor":{"id":"requestItemsTable","viewName":"etm.portal.ui.managerequests.view.NewRequest"}},"interaction":{"idSuffix":"inner"}},"clearTextFirst":true,"interactionType":"ENTER_TEXT"}]}
RESULT: {"script":"<script> [776 bytes]","args":[{"enterText":"tagRequest1","selector":{"controlType":"sap.m.Input","viewName":"etm.portal.ui.managerequests.view.NewRequest","bindingPath":{"path":"","propertyPath":"/Tags","modelName":"catalogModel"},"ancestor":{"controlType":"sap.m.ColumnListItem","viewName":"etm.portal.ui.managerequests.view.NewRequest","bindingPath":{"modelName":"newRequestItems","path":"/RequestItems/1"},"ancestor":{"id":"requestItemsTable","viewName":"etm.portal.ui.managerequests.view.NewRequest"}},"interaction":{"idSuffix":"inner"}},"clearTextFirst":true,"interactionType":"ENTER_TEXT"}]}
COMMAND: POST /session/e7e046f545b47c9805ddcb78f08915f8/actions - {"actions":[{"id":"action27","type":"key","parameters":{},"actions":[{"type":"keyDown","value":""},{"type":"pause","duration":10},{"type":"keyUp","value":""}]}]}
RESULT: {"actions":[{"id":"action27","type":"key","parameters":{},"actions":[{"type":"keyDown","value":""},{"type":"pause","duration":10},{"type":"keyUp","value":""}]}]}
COMMAND: GET /session/e7e046f545b47c9805ddcb78f08915f8/screenshot - {}
RESULT: {}
RESULT: undefined
COMMAND: POST /session/e7e046f545b47c9805ddcb78f08915f8/execute/async - {"script":"<script> [6424 bytes]","args":[{"element-6066-11e4-a52e-4f735466cecf":"f.0B5413DFD1C3A3AA7B72F051E5DEC85E.d.DFFC269E340EA23FBDEAD639D9F41380.e.3184"},"getTokens",[]]}
RESULT: {"script":"<script> [6424 bytes]","args":[{"element-6066-11e4-a52e-4f735466cecf":"f.0B5413DFD1C3A3AA7B72F051E5DEC85E.d.DFFC269E340EA23FBDEAD639D9F41380.e.3184"},"getTokens",[]]}
COMMAND: POST /session/e7e046f545b47c9805ddcb78f08915f8/execute/async - {"script":"<script> [1562 bytes]","args":[{"wdio_ui5_key":"__token7-__tokenizer62-__xmlview59--requestItemsTable-1-1","selector":{"id":"__token7-__tokenizer62-__xmlview59--requestItemsTable-1-1"}}]}
RESULT: undefined
RESULT: {"script":"<script> [1562 bytes]","args":[{"wdio_ui5_key":"__token7-__tokenizer62-__xmlview59--requestItemsTable-1-1","selector":{"id":"__token7-__tokenizer62-__xmlview59--requestItemsTable-1-1"}}]}
RESULT: undefined
COMMAND: POST /session/e7e046f545b47c9805ddcb78f08915f8/execute/async - {"script":"<script> [1562 bytes]","args":[{"selector":{"controlType":"sap.m.Button","viewName":"etm.portal.ui.managerequests.view.NewRequest","properties":{"text":"Save"},"i18NText":{"propertyName":"tooltip","key":"save"},"interaction":{"idSuffix":"BDI-content"}},"wdio_ui5_key":"etmportal.ui.managerequests.view.NewRequestsap.m.Button{\"propertyName\":\"tooltip\",\"key\":\"save\"}{\"text\":\"Save\"}"}]}
RESULT: {"script":"<script> [1562 bytes]","args":[{"selector":{"controlType":"sap.m.Button","viewName":"etm.portal.ui.managerequests.view.NewRequest","properties":{"text":"Save"},"i18NText":{"propertyName":"tooltip","key":"save"},"interaction":{"idSuffix":"BDI-content"}},"wdio_ui5_key":"etmportal.ui.managerequests.view.NewRequestsap.m.Button{\"propertyName\":\"tooltip\",\"key\":\"save\"}{\"text\":\"Save\"}"}]}
RESULT: undefined
COMMAND: POST /session/e7e046f545b47c9805ddcb78f08915f8/element - {"using":"xpath","value":"//*[@id=\"__button117\"]"}
RESULT: {"using":"xpath","value":"//*[@id=\"__button117\"]"}
COMMAND: POST /session/e7e046f545b47c9805ddcb78f08915f8/element/f.0B5413DFD1C3A3AA7B72F051E5DEC85E.d.DFFC269E340EA23FBDEAD639D9F41380.e.2945/click - {}
RESULT: {}
COMMAND: GET /session/e7e046f545b47c9805ddcb78f08915f8/screenshot - {}
RESULT: {}
COMMAND: POST /session/e7e046f545b47c9805ddcb78f08915f8/element - {"using":"xpath","value":"//bdi[contains(@id ,\"BDI-content\")][contains(text(), \"Close\")]"}
RESULT: {"using":"xpath","value":"//bdi[contains(@id ,\"BDI-content\")][contains(text(), \"Close\")]"}
COMMAND: POST /session/e7e046f545b47c9805ddcb78f08915f8/element/f.0B5413DFD1C3A3AA7B72F051E5DEC85E.d.DFFC269E340EA23FBDEAD639D9F41380.e.3192/click - {}
RESULT: {}
COMMAND: GET /session/e7e046f545b47c9805ddcb78f08915f8/screenshot - {}
RESULT: {}
]]></system-out>
    </testcase>
    <testcase classname="chrome.136_0_7103_93.windows.Manage_Requests_Tags_Tests_US120163" name="Should Edit Request Tags" time="106.036">
      <system-out><![CDATA[
COMMAND: POST /session/e7e046f545b47c9805ddcb78f08915f8/execute/async - {"script":"<script> [1562 bytes]","args":[{"selector":{"controlType":"sap.ui.core.Icon","viewName":"etm.portal.ui.managerequests.view.Detail","properties":{"src":{"regex":{"source":"overflow"}}}},"wdio_ui5_key":"etmportal.ui.managerequests.view.Detailsap.ui.core.Icon{\"src\":{\"regex\":{\"source\":\"overflow\"}}}"}]}
RESULT: {"script":"<script> [1562 bytes]","args":[{"selector":{"controlType":"sap.ui.core.Icon","viewName":"etm.portal.ui.managerequests.view.Detail","properties":{"src":{"regex":{"source":"overflow"}}}},"wdio_ui5_key":"etmportal.ui.managerequests.view.Detailsap.ui.core.Icon{\"src\":{\"regex\":{\"source\":\"overflow\"}}}"}]}
RESULT: undefined
COMMAND: POST /session/e7e046f545b47c9805ddcb78f08915f8/element - {"using":"xpath","value":"//*[@id=\"__xmlview60--detailHeaderTitle-_actionsToolbar-overflowButton-img\"]"}
RESULT: {"using":"xpath","value":"//*[@id=\"__xmlview60--detailHeaderTitle-_actionsToolbar-overflowButton-img\"]"}
COMMAND: POST /session/e7e046f545b47c9805ddcb78f08915f8/element/f.0B5413DFD1C3A3AA7B72F051E5DEC85E.d.DFFC269E340EA23FBDEAD639D9F41380.e.3315/click - {}
RESULT: {}
COMMAND: GET /session/e7e046f545b47c9805ddcb78f08915f8/screenshot - {}
RESULT: {}
COMMAND: POST /session/e7e046f545b47c9805ddcb78f08915f8/execute/async - {"script":"<script> [1562 bytes]","args":[{"selector":{"controlType":"sap.uxap.ObjectPageHeaderActionButton","viewName":"etm.portal.ui.managerequests.view.Detail","i18NText":{"propertyName":"text","key":"edit"},"searchOpenDialogs":true,"interaction":{"idSuffix":"inner"}},"wdio_ui5_key":"etmportal.ui.managerequests.view.Detailsap.uxap.ObjectPageHeaderActionButton{\"propertyName\":\"text\",\"key\":\"edit\"}"}]}
RESULT: {"script":"<script> [1562 bytes]","args":[{"selector":{"controlType":"sap.uxap.ObjectPageHeaderActionButton","viewName":"etm.portal.ui.managerequests.view.Detail","i18NText":{"propertyName":"text","key":"edit"},"searchOpenDialogs":true,"interaction":{"idSuffix":"inner"}},"wdio_ui5_key":"etmportal.ui.managerequests.view.Detailsap.uxap.ObjectPageHeaderActionButton{\"propertyName\":\"text\",\"key\":\"edit\"}"}]}
RESULT: undefined
COMMAND: POST /session/e7e046f545b47c9805ddcb78f08915f8/element - {"using":"xpath","value":"//*[@id=\"__button138\"]"}
RESULT: {"using":"xpath","value":"//*[@id=\"__button138\"]"}
COMMAND: POST /session/e7e046f545b47c9805ddcb78f08915f8/element/f.0B5413DFD1C3A3AA7B72F051E5DEC85E.d.DFFC269E340EA23FBDEAD639D9F41380.e.3319/click - {}
RESULT: {}
COMMAND: GET /session/e7e046f545b47c9805ddcb78f08915f8/screenshot - {}
RESULT: {}
COMMAND: POST /session/e7e046f545b47c9805ddcb78f08915f8/execute/async - {"script":"<script> [1562 bytes]","args":[{"selector":{"controlType":"sap.ui.core.Icon","viewName":"etm.portal.ui.managerequests.view.Edit","properties":{"src":{"regex":{"source":"decline"}}},"ancestor":{"controlType":"sap.m.Token","viewName":"etm.portal.ui.managerequests.view.Edit","bindingPath":{"propertyPath":"TAG","modelName":"catalogModel"},"properties":{"text":"RefTag"}}},"wdio_ui5_key":"etmportal.ui.managerequests.view.Editsap.ui.core.Icon{\"src\":{\"regex\":{\"source\":\"decline\"}}}{\"controlType\":\"sap.m.Token\",\"viewName\":\"etm.portal.ui.managerequests.view.Edit\",\"bindingPath\":{\"propertyPath\":\"TAG\",\"modelName\":\"catalogModel\"},\"properties\":{\"text\":\"RefTag\"}}"}]}
RESULT: {"script":"<script> [1562 bytes]","args":[{"selector":{"controlType":"sap.ui.core.Icon","viewName":"etm.portal.ui.managerequests.view.Edit","properties":{"src":{"regex":{"source":"decline"}}},"ancestor":{"controlType":"sap.m.Token","viewName":"etm.portal.ui.managerequests.view.Edit","bindingPath":{"propertyPath":"TAG","modelName":"catalogModel"},"properties":{"text":"RefTag"}}},"wdio_ui5_key":"etmportal.ui.managerequests.view.Editsap.ui.core.Icon{\"src\":{\"regex\":{\"source\":\"decline\"}}}{\"controlType\":\"sap.m.Token\",\"viewName\":\"etm.portal.ui.managerequests.view.Edit\",\"bindingPath\":{\"propertyPath\":\"TAG\",\"modelName\":\"catalogModel\"},\"properties\":{\"text\":\"RefTag\"}}"}]}
RESULT: undefined
COMMAND: POST /session/e7e046f545b47c9805ddcb78f08915f8/element - {"using":"xpath","value":"//*[@id=\"__token13-__tokenizer64-0-icon\"]"}
RESULT: {"using":"xpath","value":"//*[@id=\"__token13-__tokenizer64-0-icon\"]"}
COMMAND: POST /session/e7e046f545b47c9805ddcb78f08915f8/element/f.0B5413DFD1C3A3AA7B72F051E5DEC85E.d.DFFC269E340EA23FBDEAD639D9F41380.e.3428/click - {}
RESULT: {}
COMMAND: POST /session/e7e046f545b47c9805ddcb78f08915f8/execute/async - {"script":"<script> [1562 bytes]","args":[{"selector":{"id":"tagMultiInputRequests","viewName":"etm.portal.ui.managerequests.view.Edit","interaction":{"idSuffix":"inner"}},"wdio_ui5_key":"tagMultiInputRequestsetmportal.ui.managerequests.view.Edit"}]}
COMMAND: GET /session/e7e046f545b47c9805ddcb78f08915f8/screenshot - {}
RESULT: {"script":"<script> [1562 bytes]","args":[{"selector":{"id":"tagMultiInputRequests","viewName":"etm.portal.ui.managerequests.view.Edit","interaction":{"idSuffix":"inner"}},"wdio_ui5_key":"tagMultiInputRequestsetmportal.ui.managerequests.view.Edit"}]}
RESULT: undefined
COMMAND: POST /session/e7e046f545b47c9805ddcb78f08915f8/execute/async - {"script":"<script> [6424 bytes]","args":[{"element-6066-11e4-a52e-4f735466cecf":"f.0B5413DFD1C3A3AA7B72F051E5DEC85E.d.DFFC269E340EA23FBDEAD639D9F41380.e.3353"},"getTokens",[]]}
RESULT: {}
RESULT: {"script":"<script> [6424 bytes]","args":[{"element-6066-11e4-a52e-4f735466cecf":"f.0B5413DFD1C3A3AA7B72F051E5DEC85E.d.DFFC269E340EA23FBDEAD639D9F41380.e.3353"},"getTokens",[]]}
COMMAND: POST /session/e7e046f545b47c9805ddcb78f08915f8/execute/async - {"script":"<script> [1562 bytes]","args":[{"wdio_ui5_key":"__token13-__tokenizer64-1","selector":{"id":"__token13-__tokenizer64-1"}}]}
RESULT: {"script":"<script> [1562 bytes]","args":[{"wdio_ui5_key":"__token13-__tokenizer64-1","selector":{"id":"__token13-__tokenizer64-1"}}]}
RESULT: undefined
RESULT: undefined
COMMAND: POST /session/e7e046f545b47c9805ddcb78f08915f8/execute/async - {"script":"<script> [776 bytes]","args":[{"enterText":"RefTag","selector":{"id":"tagMultiInputRequests","viewName":"etm.portal.ui.managerequests.view.Edit","interaction":{"idSuffix":"inner"}},"clearTextFirst":true,"interactionType":"ENTER_TEXT"}]}
RESULT: {"script":"<script> [776 bytes]","args":[{"enterText":"RefTag","selector":{"id":"tagMultiInputRequests","viewName":"etm.portal.ui.managerequests.view.Edit","interaction":{"idSuffix":"inner"}},"clearTextFirst":true,"interactionType":"ENTER_TEXT"}]}
COMMAND: POST /session/e7e046f545b47c9805ddcb78f08915f8/actions - {"actions":[{"id":"action28","type":"key","parameters":{},"actions":[{"type":"keyDown","value":""},{"type":"pause","duration":10},{"type":"keyUp","value":""}]}]}
RESULT: {"actions":[{"id":"action28","type":"key","parameters":{},"actions":[{"type":"keyDown","value":""},{"type":"pause","duration":10},{"type":"keyUp","value":""}]}]}
COMMAND: GET /session/e7e046f545b47c9805ddcb78f08915f8/screenshot - {}
RESULT: {}
RESULT: undefined
COMMAND: POST /session/e7e046f545b47c9805ddcb78f08915f8/execute/async - {"script":"<script> [6424 bytes]","args":[{"element-6066-11e4-a52e-4f735466cecf":"f.0B5413DFD1C3A3AA7B72F051E5DEC85E.d.DFFC269E340EA23FBDEAD639D9F41380.e.3353"},"getTokens",[]]}
RESULT: {"script":"<script> [6424 bytes]","args":[{"element-6066-11e4-a52e-4f735466cecf":"f.0B5413DFD1C3A3AA7B72F051E5DEC85E.d.DFFC269E340EA23FBDEAD639D9F41380.e.3353"},"getTokens",[]]}
COMMAND: POST /session/e7e046f545b47c9805ddcb78f08915f8/execute/async - {"script":"<script> [1562 bytes]","args":[{"wdio_ui5_key":"__token16","selector":{"id":"__token16"}}]}
RESULT: undefined
RESULT: {"script":"<script> [1562 bytes]","args":[{"wdio_ui5_key":"__token16","selector":{"id":"__token16"}}]}
RESULT: undefined
COMMAND: POST /session/e7e046f545b47c9805ddcb78f08915f8/execute/async - {"script":"<script> [1562 bytes]","args":[{"selector":{"controlType":"sap.m.Button","viewName":"etm.portal.ui.managerequests.view.Edit","properties":{"text":"Items (2)"},"interaction":{"idSuffix":"BDI-content"}},"wdio_ui5_key":"etmportal.ui.managerequests.view.Editsap.m.Button{\"text\":\"Items (2)\"}"}]}
RESULT: {"script":"<script> [1562 bytes]","args":[{"selector":{"controlType":"sap.m.Button","viewName":"etm.portal.ui.managerequests.view.Edit","properties":{"text":"Items (2)"},"interaction":{"idSuffix":"BDI-content"}},"wdio_ui5_key":"etmportal.ui.managerequests.view.Editsap.m.Button{\"text\":\"Items (2)\"}"}]}
RESULT: undefined
COMMAND: POST /session/e7e046f545b47c9805ddcb78f08915f8/element - {"using":"xpath","value":"//*[@id=\"__xmlview61--editRequestPage-anchBar-__xmlview61--requestItemsSection-anchor\"]"}
RESULT: {"using":"xpath","value":"//*[@id=\"__xmlview61--editRequestPage-anchBar-__xmlview61--requestItemsSection-anchor\"]"}
COMMAND: POST /session/e7e046f545b47c9805ddcb78f08915f8/element/f.0B5413DFD1C3A3AA7B72F051E5DEC85E.d.DFFC269E340EA23FBDEAD639D9F41380.e.3433/click - {}
RESULT: {}
COMMAND: GET /session/e7e046f545b47c9805ddcb78f08915f8/screenshot - {}
RESULT: {}
COMMAND: POST /session/e7e046f545b47c9805ddcb78f08915f8/execute/async - {"script":"<script> [1562 bytes]","args":[{"selector":{"controlType":"sap.ui.core.Icon","viewName":"etm.portal.ui.managerequests.view.Edit","properties":{"src":{"regex":{"source":"inspect"}}}},"wdio_ui5_key":"etmportal.ui.managerequests.view.Editsap.ui.core.Icon{\"src\":{\"regex\":{\"source\":\"inspect\"}}}"}]}
RESULT: {"script":"<script> [1562 bytes]","args":[{"selector":{"controlType":"sap.ui.core.Icon","viewName":"etm.portal.ui.managerequests.view.Edit","properties":{"src":{"regex":{"source":"inspect"}}}},"wdio_ui5_key":"etmportal.ui.managerequests.view.Editsap.ui.core.Icon{\"src\":{\"regex\":{\"source\":\"inspect\"}}}"}]}
RESULT: undefined
COMMAND: POST /session/e7e046f545b47c9805ddcb78f08915f8/element - {"using":"xpath","value":"//*[@id=\"__button165-img\"]"}
RESULT: {"using":"xpath","value":"//*[@id=\"__button165-img\"]"}
COMMAND: POST /session/e7e046f545b47c9805ddcb78f08915f8/element/f.0B5413DFD1C3A3AA7B72F051E5DEC85E.d.DFFC269E340EA23FBDEAD639D9F41380.e.3439/click - {}
RESULT: {}
COMMAND: GET /session/e7e046f545b47c9805ddcb78f08915f8/screenshot - {}
RESULT: {}
COMMAND: POST /session/e7e046f545b47c9805ddcb78f08915f8/execute/async - {"script":"<script> [1562 bytes]","args":[{"selector":{"controlType":"sap.m.Tokenizer","viewName":"etm.portal.ui.managerequests.view.Edit","bindingPath":{"path":"/RequestItems/0","propertyPath":"LINK_TO_TAGS","modelName":"RequestItemsModel"}},"wdio_ui5_key":"etmportal.ui.managerequests.view.Editsap.m.Tokenizer{\"path\":\"/RequestItems/0\",\"propertyPath\":\"LINK_TO_TAGS\",\"modelName\":\"RequestItemsModel\"}"}]}
RESULT: {"script":"<script> [1562 bytes]","args":[{"selector":{"controlType":"sap.m.Tokenizer","viewName":"etm.portal.ui.managerequests.view.Edit","bindingPath":{"path":"/RequestItems/0","propertyPath":"LINK_TO_TAGS","modelName":"RequestItemsModel"}},"wdio_ui5_key":"etmportal.ui.managerequests.view.Editsap.m.Tokenizer{\"path\":\"/RequestItems/0\",\"propertyPath\":\"LINK_TO_TAGS\",\"modelName\":\"RequestItemsModel\"}"}]}
RESULT: undefined
COMMAND: POST /session/e7e046f545b47c9805ddcb78f08915f8/element - {"using":"xpath","value":"//*[@id=\"__tokenizer66\"]"}
RESULT: {"using":"xpath","value":"//*[@id=\"__tokenizer66\"]"}
COMMAND: POST /session/e7e046f545b47c9805ddcb78f08915f8/element/f.0B5413DFD1C3A3AA7B72F051E5DEC85E.d.DFFC269E340EA23FBDEAD639D9F41380.e.3441/click - {}
RESULT: {}
COMMAND: GET /session/e7e046f545b47c9805ddcb78f08915f8/screenshot - {}
RESULT: {}
COMMAND: POST /session/e7e046f545b47c9805ddcb78f08915f8/execute/async - {"script":"<script> [1562 bytes]","args":[{"selector":{"controlType":"sap.ui.core.Icon","viewName":"etm.portal.ui.managerequests.view.Edit","properties":{"src":{"regex":{"source":"decline"}}},"searchOpenDialogs":true,"ancestor":{"controlType":"sap.m.StandardListItem","viewName":"etm.portal.ui.managerequests.view.Edit","properties":{"title":"tag-duplicate"},"searchOpenDialogs":true}},"wdio_ui5_key":"etmportal.ui.managerequests.view.Editsap.ui.core.Icon{\"src\":{\"regex\":{\"source\":\"decline\"}}}{\"controlType\":\"sap.m.StandardListItem\",\"viewName\":\"etm.portal.ui.managerequests.view.Edit\",\"properties\":{\"title\":\"tag-duplicate\"},\"searchOpenDialogs\":true}"}]}
RESULT: {"script":"<script> [1562 bytes]","args":[{"selector":{"controlType":"sap.ui.core.Icon","viewName":"etm.portal.ui.managerequests.view.Edit","properties":{"src":{"regex":{"source":"decline"}}},"searchOpenDialogs":true,"ancestor":{"controlType":"sap.m.StandardListItem","viewName":"etm.portal.ui.managerequests.view.Edit","properties":{"title":"tag-duplicate"},"searchOpenDialogs":true}},"wdio_ui5_key":"etmportal.ui.managerequests.view.Editsap.ui.core.Icon{\"src\":{\"regex\":{\"source\":\"decline\"}}}{\"controlType\":\"sap.m.StandardListItem\",\"viewName\":\"etm.portal.ui.managerequests.view.Edit\",\"properties\":{\"title\":\"tag-duplicate\"},\"searchOpenDialogs\":true}"}]}
RESULT: undefined
COMMAND: POST /session/e7e046f545b47c9805ddcb78f08915f8/element - {"using":"xpath","value":"//*[@id=\"__item1971-imgDel-img\"]"}
RESULT: {"using":"xpath","value":"//*[@id=\"__item1971-imgDel-img\"]"}
COMMAND: POST /session/e7e046f545b47c9805ddcb78f08915f8/element/f.0B5413DFD1C3A3AA7B72F051E5DEC85E.d.DFFC269E340EA23FBDEAD639D9F41380.e.3444/click - {}
RESULT: {}
COMMAND: GET /session/e7e046f545b47c9805ddcb78f08915f8/screenshot - {}
RESULT: {}
COMMAND: POST /session/e7e046f545b47c9805ddcb78f08915f8/actions - {"actions":[{"id":"action29","type":"key","parameters":{},"actions":[{"type":"keyDown","value":""},{"type":"pause","duration":10},{"type":"keyUp","value":""}]}]}
RESULT: {"actions":[{"id":"action29","type":"key","parameters":{},"actions":[{"type":"keyDown","value":""},{"type":"pause","duration":10},{"type":"keyUp","value":""}]}]}
COMMAND: POST /session/e7e046f545b47c9805ddcb78f08915f8/execute/async - {"script":"<script> [1562 bytes]","args":[{"selector":{"controlType":"sap.m.Tokenizer","viewName":"etm.portal.ui.managerequests.view.Edit","bindingPath":{"path":"/RequestItems/1","propertyPath":"LINK_TO_TAGS","modelName":"RequestItemsModel"}},"wdio_ui5_key":"etmportal.ui.managerequests.view.Editsap.m.Tokenizer{\"path\":\"/RequestItems/1\",\"propertyPath\":\"LINK_TO_TAGS\",\"modelName\":\"RequestItemsModel\"}"}]}
COMMAND: GET /session/e7e046f545b47c9805ddcb78f08915f8/screenshot - {}
RESULT: {"script":"<script> [1562 bytes]","args":[{"selector":{"controlType":"sap.m.Tokenizer","viewName":"etm.portal.ui.managerequests.view.Edit","bindingPath":{"path":"/RequestItems/1","propertyPath":"LINK_TO_TAGS","modelName":"RequestItemsModel"}},"wdio_ui5_key":"etmportal.ui.managerequests.view.Editsap.m.Tokenizer{\"path\":\"/RequestItems/1\",\"propertyPath\":\"LINK_TO_TAGS\",\"modelName\":\"RequestItemsModel\"}"}]}
RESULT: undefined
COMMAND: POST /session/e7e046f545b47c9805ddcb78f08915f8/element - {"using":"xpath","value":"//*[@id=\"__tokenizer67\"]"}
RESULT: {}
RESULT: {"using":"xpath","value":"//*[@id=\"__tokenizer67\"]"}
COMMAND: POST /session/e7e046f545b47c9805ddcb78f08915f8/element/f.0B5413DFD1C3A3AA7B72F051E5DEC85E.d.DFFC269E340EA23FBDEAD639D9F41380.e.3447/click - {}
RESULT: {}
COMMAND: GET /session/e7e046f545b47c9805ddcb78f08915f8/screenshot - {}
RESULT: {}
COMMAND: POST /session/e7e046f545b47c9805ddcb78f08915f8/execute/async - {"script":"<script> [1562 bytes]","args":[{"selector":{"controlType":"sap.ui.core.Icon","viewName":"etm.portal.ui.managerequests.view.Edit","properties":{"src":{"regex":{"source":"decline"}}},"searchOpenDialogs":true,"ancestor":{"controlType":"sap.m.StandardListItem","viewName":"etm.portal.ui.managerequests.view.Edit","properties":{"title":"tagRequest1"},"searchOpenDialogs":true}},"wdio_ui5_key":"etmportal.ui.managerequests.view.Editsap.ui.core.Icon{\"src\":{\"regex\":{\"source\":\"decline\"}}}{\"controlType\":\"sap.m.StandardListItem\",\"viewName\":\"etm.portal.ui.managerequests.view.Edit\",\"properties\":{\"title\":\"tagRequest1\"},\"searchOpenDialogs\":true}"}]}
RESULT: {"script":"<script> [1562 bytes]","args":[{"selector":{"controlType":"sap.ui.core.Icon","viewName":"etm.portal.ui.managerequests.view.Edit","properties":{"src":{"regex":{"source":"decline"}}},"searchOpenDialogs":true,"ancestor":{"controlType":"sap.m.StandardListItem","viewName":"etm.portal.ui.managerequests.view.Edit","properties":{"title":"tagRequest1"},"searchOpenDialogs":true}},"wdio_ui5_key":"etmportal.ui.managerequests.view.Editsap.ui.core.Icon{\"src\":{\"regex\":{\"source\":\"decline\"}}}{\"controlType\":\"sap.m.StandardListItem\",\"viewName\":\"etm.portal.ui.managerequests.view.Edit\",\"properties\":{\"title\":\"tagRequest1\"},\"searchOpenDialogs\":true}"}]}
RESULT: undefined
COMMAND: POST /session/e7e046f545b47c9805ddcb78f08915f8/element - {"using":"xpath","value":"//*[@id=\"__item1979-imgDel-img\"]"}
RESULT: {"using":"xpath","value":"//*[@id=\"__item1979-imgDel-img\"]"}
COMMAND: POST /session/e7e046f545b47c9805ddcb78f08915f8/element/f.0B5413DFD1C3A3AA7B72F051E5DEC85E.d.DFFC269E340EA23FBDEAD639D9F41380.e.3450/click - {}
RESULT: {}
COMMAND: GET /session/e7e046f545b47c9805ddcb78f08915f8/screenshot - {}
RESULT: {}
COMMAND: POST /session/e7e046f545b47c9805ddcb78f08915f8/execute/async - {"script":"<script> [1562 bytes]","args":[{"selector":{"controlType":"sap.ui.core.Icon","viewName":"etm.portal.ui.managerequests.view.Edit","properties":{"src":{"regex":{"source":"decline"}}},"searchOpenDialogs":true,"ancestor":{"controlType":"sap.m.StandardListItem","viewName":"etm.portal.ui.managerequests.view.Edit","properties":{"title":"RefTag"},"searchOpenDialogs":true}},"wdio_ui5_key":"etmportal.ui.managerequests.view.Editsap.ui.core.Icon{\"src\":{\"regex\":{\"source\":\"decline\"}}}{\"controlType\":\"sap.m.StandardListItem\",\"viewName\":\"etm.portal.ui.managerequests.view.Edit\",\"properties\":{\"title\":\"RefTag\"},\"searchOpenDialogs\":true}"}]}
RESULT: {"script":"<script> [1562 bytes]","args":[{"selector":{"controlType":"sap.ui.core.Icon","viewName":"etm.portal.ui.managerequests.view.Edit","properties":{"src":{"regex":{"source":"decline"}}},"searchOpenDialogs":true,"ancestor":{"controlType":"sap.m.StandardListItem","viewName":"etm.portal.ui.managerequests.view.Edit","properties":{"title":"RefTag"},"searchOpenDialogs":true}},"wdio_ui5_key":"etmportal.ui.managerequests.view.Editsap.ui.core.Icon{\"src\":{\"regex\":{\"source\":\"decline\"}}}{\"controlType\":\"sap.m.StandardListItem\",\"viewName\":\"etm.portal.ui.managerequests.view.Edit\",\"properties\":{\"title\":\"RefTag\"},\"searchOpenDialogs\":true}"}]}
RESULT: undefined
COMMAND: POST /session/e7e046f545b47c9805ddcb78f08915f8/element - {"using":"xpath","value":"//*[@id=\"__item1983-imgDel-img\"]"}
RESULT: {"using":"xpath","value":"//*[@id=\"__item1983-imgDel-img\"]"}
COMMAND: POST /session/e7e046f545b47c9805ddcb78f08915f8/element/f.0B5413DFD1C3A3AA7B72F051E5DEC85E.d.DFFC269E340EA23FBDEAD639D9F41380.e.3453/click - {}
RESULT: {}
COMMAND: GET /session/e7e046f545b47c9805ddcb78f08915f8/screenshot - {}
RESULT: {}
COMMAND: POST /session/e7e046f545b47c9805ddcb78f08915f8/execute/async - {"script":"<script> [1562 bytes]","args":[{"selector":{"controlType":"sap.ui.core.Icon","viewName":"etm.portal.ui.managerequests.view.Edit","properties":{"src":{"regex":{"source":"decline"}}},"searchOpenDialogs":true,"ancestor":{"controlType":"sap.m.StandardListItem","viewName":"etm.portal.ui.managerequests.view.Edit","properties":{"title":"tag-header"},"searchOpenDialogs":true}},"wdio_ui5_key":"etmportal.ui.managerequests.view.Editsap.ui.core.Icon{\"src\":{\"regex\":{\"source\":\"decline\"}}}{\"controlType\":\"sap.m.StandardListItem\",\"viewName\":\"etm.portal.ui.managerequests.view.Edit\",\"properties\":{\"title\":\"tag-header\"},\"searchOpenDialogs\":true}"}]}
RESULT: {"script":"<script> [1562 bytes]","args":[{"selector":{"controlType":"sap.ui.core.Icon","viewName":"etm.portal.ui.managerequests.view.Edit","properties":{"src":{"regex":{"source":"decline"}}},"searchOpenDialogs":true,"ancestor":{"controlType":"sap.m.StandardListItem","viewName":"etm.portal.ui.managerequests.view.Edit","properties":{"title":"tag-header"},"searchOpenDialogs":true}},"wdio_ui5_key":"etmportal.ui.managerequests.view.Editsap.ui.core.Icon{\"src\":{\"regex\":{\"source\":\"decline\"}}}{\"controlType\":\"sap.m.StandardListItem\",\"viewName\":\"etm.portal.ui.managerequests.view.Edit\",\"properties\":{\"title\":\"tag-header\"},\"searchOpenDialogs\":true}"}]}
RESULT: undefined
COMMAND: POST /session/e7e046f545b47c9805ddcb78f08915f8/element - {"using":"xpath","value":"//*[@id=\"__item1986-imgDel-img\"]"}
RESULT: {"using":"xpath","value":"//*[@id=\"__item1986-imgDel-img\"]"}
COMMAND: POST /session/e7e046f545b47c9805ddcb78f08915f8/element/f.0B5413DFD1C3A3AA7B72F051E5DEC85E.d.DFFC269E340EA23FBDEAD639D9F41380.e.3456/click - {}
RESULT: {}
COMMAND: GET /session/e7e046f545b47c9805ddcb78f08915f8/screenshot - {}
RESULT: {}
COMMAND: POST /session/e7e046f545b47c9805ddcb78f08915f8/actions - {"actions":[{"id":"action30","type":"key","parameters":{},"actions":[{"type":"keyDown","value":""},{"type":"pause","duration":10},{"type":"keyUp","value":""}]}]}
RESULT: {"actions":[{"id":"action30","type":"key","parameters":{},"actions":[{"type":"keyDown","value":""},{"type":"pause","duration":10},{"type":"keyUp","value":""}]}]}
COMMAND: POST /session/e7e046f545b47c9805ddcb78f08915f8/actions - {"actions":[{"id":"action31","type":"key","parameters":{},"actions":[{"type":"keyDown","value":""},{"type":"pause","duration":10},{"type":"keyUp","value":""}]}]}
COMMAND: GET /session/e7e046f545b47c9805ddcb78f08915f8/screenshot - {}
RESULT: {"actions":[{"id":"action31","type":"key","parameters":{},"actions":[{"type":"keyDown","value":""},{"type":"pause","duration":10},{"type":"keyUp","value":""}]}]}
COMMAND: GET /session/e7e046f545b47c9805ddcb78f08915f8/screenshot - {}
RESULT: {}
RESULT: {}
COMMAND: POST /session/e7e046f545b47c9805ddcb78f08915f8/execute/async - {"script":"<script> [1562 bytes]","args":[{"selector":{"controlType":"sap.m.Button","viewName":"etm.portal.ui.managerequests.view.Edit","i18NText":{"propertyName":"tooltip","key":"save"},"interaction":{"idSuffix":"BDI-content"}},"wdio_ui5_key":"etmportal.ui.managerequests.view.Editsap.m.Button{\"propertyName\":\"tooltip\",\"key\":\"save\"}"}]}
RESULT: {"script":"<script> [1562 bytes]","args":[{"selector":{"controlType":"sap.m.Button","viewName":"etm.portal.ui.managerequests.view.Edit","i18NText":{"propertyName":"tooltip","key":"save"},"interaction":{"idSuffix":"BDI-content"}},"wdio_ui5_key":"etmportal.ui.managerequests.view.Editsap.m.Button{\"propertyName\":\"tooltip\",\"key\":\"save\"}"}]}
RESULT: undefined
COMMAND: POST /session/e7e046f545b47c9805ddcb78f08915f8/element - {"using":"xpath","value":"//*[@id=\"__xmlview61--saveButtonId\"]"}
RESULT: {"using":"xpath","value":"//*[@id=\"__xmlview61--saveButtonId\"]"}
COMMAND: POST /session/e7e046f545b47c9805ddcb78f08915f8/element/f.0B5413DFD1C3A3AA7B72F051E5DEC85E.d.DFFC269E340EA23FBDEAD639D9F41380.e.3361/click - {}
RESULT: {}
COMMAND: GET /session/e7e046f545b47c9805ddcb78f08915f8/screenshot - {}
RESULT: {}
COMMAND: POST /session/e7e046f545b47c9805ddcb78f08915f8/execute/async - {"script":"<script> [1562 bytes]","args":[{"selector":{"id":"tagsLayoutViewMode","viewName":"etm.portal.ui.managerequests.view.Detail"},"wdio_ui5_key":"tagsLayoutViewModeetmportal.ui.managerequests.view.Detail"}]}
RESULT: {"script":"<script> [1562 bytes]","args":[{"selector":{"id":"tagsLayoutViewMode","viewName":"etm.portal.ui.managerequests.view.Detail"},"wdio_ui5_key":"tagsLayoutViewModeetmportal.ui.managerequests.view.Detail"}]}
RESULT: undefined
COMMAND: POST /session/e7e046f545b47c9805ddcb78f08915f8/execute/async - {"script":"<script> [6424 bytes]","args":[{"element-6066-11e4-a52e-4f735466cecf":"f.0B5413DFD1C3A3AA7B72F051E5DEC85E.d.DFFC269E340EA23FBDEAD639D9F41380.e.3584"},"getTokens",[]]}
RESULT: {"script":"<script> [6424 bytes]","args":[{"element-6066-11e4-a52e-4f735466cecf":"f.0B5413DFD1C3A3AA7B72F051E5DEC85E.d.DFFC269E340EA23FBDEAD639D9F41380.e.3584"},"getTokens",[]]}
COMMAND: POST /session/e7e046f545b47c9805ddcb78f08915f8/execute/async - {"script":"<script> [1562 bytes]","args":[{"wdio_ui5_key":"__token11-__xmlview60--tagsLayoutViewMode-1","selector":{"id":"__token11-__xmlview60--tagsLayoutViewMode-1"}}]}
COMMAND: POST /session/e7e046f545b47c9805ddcb78f08915f8/execute/async - {"script":"<script> [1562 bytes]","args":[{"wdio_ui5_key":"__token11-__xmlview60--tagsLayoutViewMode-0","selector":{"id":"__token11-__xmlview60--tagsLayoutViewMode-0"}}]}
RESULT: {"script":"<script> [1562 bytes]","args":[{"wdio_ui5_key":"__token11-__xmlview60--tagsLayoutViewMode-1","selector":{"id":"__token11-__xmlview60--tagsLayoutViewMode-1"}}]}
RESULT: undefined
RESULT: {"script":"<script> [1562 bytes]","args":[{"wdio_ui5_key":"__token11-__xmlview60--tagsLayoutViewMode-0","selector":{"id":"__token11-__xmlview60--tagsLayoutViewMode-0"}}]}
RESULT: undefined
COMMAND: POST /session/e7e046f545b47c9805ddcb78f08915f8/execute/async - {"script":"<script> [1562 bytes]","args":[{"selector":{"controlType":"sap.m.OverflowToolbarButton","viewName":"etm.portal.ui.managerequests.view.Detail","properties":{"text":"Settings"},"interaction":{"idSuffix":"inner"}},"wdio_ui5_key":"etmportal.ui.managerequests.view.Detailsap.m.OverflowToolbarButton{\"text\":\"Settings\"}"}]}
RESULT: {"script":"<script> [1562 bytes]","args":[{"selector":{"controlType":"sap.m.OverflowToolbarButton","viewName":"etm.portal.ui.managerequests.view.Detail","properties":{"text":"Settings"},"interaction":{"idSuffix":"inner"}},"wdio_ui5_key":"etmportal.ui.managerequests.view.Detailsap.m.OverflowToolbarButton{\"text\":\"Settings\"}"}]}
RESULT: undefined
COMMAND: POST /session/e7e046f545b47c9805ddcb78f08915f8/element - {"using":"xpath","value":"//*[@id=\"__xmlview60--smartTableRequestItems-btnPersonalisation\"]"}
RESULT: {"using":"xpath","value":"//*[@id=\"__xmlview60--smartTableRequestItems-btnPersonalisation\"]"}
COMMAND: POST /session/e7e046f545b47c9805ddcb78f08915f8/element/f.0B5413DFD1C3A3AA7B72F051E5DEC85E.d.DFFC269E340EA23FBDEAD639D9F41380.e.3588/click - {}
RESULT: {}
COMMAND: POST /session/e7e046f545b47c9805ddcb78f08915f8/execute/async - {"script":"<script> [1562 bytes]","args":[{"selector":{"controlType":"sap.m.SearchField","viewName":"etm.portal.ui.managerequests.view.Detail","searchOpenDialogs":true,"interaction":{"idSuffix":"I"}},"wdio_ui5_key":"etmportal.ui.managerequests.view.Detailsap.m.SearchField"}]}
COMMAND: GET /session/e7e046f545b47c9805ddcb78f08915f8/screenshot - {}
RESULT: {"script":"<script> [1562 bytes]","args":[{"selector":{"controlType":"sap.m.SearchField","viewName":"etm.portal.ui.managerequests.view.Detail","searchOpenDialogs":true,"interaction":{"idSuffix":"I"}},"wdio_ui5_key":"etmportal.ui.managerequests.view.Detailsap.m.SearchField"}]}
RESULT: undefined
COMMAND: POST /session/e7e046f545b47c9805ddcb78f08915f8/execute/async - {"script":"<script> [776 bytes]","args":[{"enterText":"tag","selector":{"controlType":"sap.m.SearchField","viewName":"etm.portal.ui.managerequests.view.Detail","searchOpenDialogs":true,"interaction":{"idSuffix":"I"}},"clearTextFirst":true,"interactionType":"ENTER_TEXT"}]}
RESULT: {}
RESULT: {"script":"<script> [776 bytes]","args":[{"enterText":"tag","selector":{"controlType":"sap.m.SearchField","viewName":"etm.portal.ui.managerequests.view.Detail","searchOpenDialogs":true,"interaction":{"idSuffix":"I"}},"clearTextFirst":true,"interactionType":"ENTER_TEXT"}]}
COMMAND: POST /session/e7e046f545b47c9805ddcb78f08915f8/element - {"using":"xpath","value":"//div[contains(@id ,\"innerSelectionPanelTable-0-selectMulti-CbBg\")]"}
RESULT: {"using":"xpath","value":"//div[contains(@id ,\"innerSelectionPanelTable-0-selectMulti-CbBg\")]"}
COMMAND: POST /session/e7e046f545b47c9805ddcb78f08915f8/element/f.0B5413DFD1C3A3AA7B72F051E5DEC85E.d.DFFC269E340EA23FBDEAD639D9F41380.e.3625/click - {}
RESULT: {}
COMMAND: POST /session/e7e046f545b47c9805ddcb78f08915f8/execute/async - {"script":"<script> [1562 bytes]","args":[{"selector":{"controlType":"sap.m.Button","viewName":"etm.portal.ui.managerequests.view.Detail","properties":{"text":"OK"},"searchOpenDialogs":true,"interaction":{"idSuffix":"BDI-content"}},"wdio_ui5_key":"etmportal.ui.managerequests.view.Detailsap.m.Button{\"text\":\"OK\"}"}]}
COMMAND: GET /session/e7e046f545b47c9805ddcb78f08915f8/screenshot - {}
RESULT: {"script":"<script> [1562 bytes]","args":[{"selector":{"controlType":"sap.m.Button","viewName":"etm.portal.ui.managerequests.view.Detail","properties":{"text":"OK"},"searchOpenDialogs":true,"interaction":{"idSuffix":"BDI-content"}},"wdio_ui5_key":"etmportal.ui.managerequests.view.Detailsap.m.Button{\"text\":\"OK\"}"}]}
RESULT: undefined
COMMAND: POST /session/e7e046f545b47c9805ddcb78f08915f8/element - {"using":"xpath","value":"//*[@id=\"__popup378-confirmBtn\"]"}
RESULT: {}
RESULT: {"using":"xpath","value":"//*[@id=\"__popup378-confirmBtn\"]"}
COMMAND: POST /session/e7e046f545b47c9805ddcb78f08915f8/element/f.0B5413DFD1C3A3AA7B72F051E5DEC85E.d.DFFC269E340EA23FBDEAD639D9F41380.e.3630/click - {}
RESULT: {}
COMMAND: GET /session/e7e046f545b47c9805ddcb78f08915f8/screenshot - {}
RESULT: {}
COMMAND: POST /session/e7e046f545b47c9805ddcb78f08915f8/execute/async - {"script":"<script> [1562 bytes]","args":[{"selector":{"controlType":"sap.m.Text","viewName":"etm.portal.ui.managerequests.view.Detail","bindingPath":{"propertyPath":"NO","modelName":"catalogModel"}},"wdio_ui5_key":"etmportal.ui.managerequests.view.Detailsap.m.Text{\"propertyPath\":\"NO\",\"modelName\":\"catalogModel\"}"}]}
RESULT: {"script":"<script> [1562 bytes]","args":[{"selector":{"controlType":"sap.m.Text","viewName":"etm.portal.ui.managerequests.view.Detail","bindingPath":{"propertyPath":"NO","modelName":"catalogModel"}},"wdio_ui5_key":"etmportal.ui.managerequests.view.Detailsap.m.Text{\"propertyPath\":\"NO\",\"modelName\":\"catalogModel\"}"}]}
RESULT: undefined
COMMAND: POST /session/e7e046f545b47c9805ddcb78f08915f8/execute/async - {"script":"<script> [6424 bytes]","args":[{"element-6066-11e4-a52e-4f735466cecf":"f.0B5413DFD1C3A3AA7B72F051E5DEC85E.d.DFFC269E340EA23FBDEAD639D9F41380.e.3642"},"getText",[]]}
RESULT: {"script":"<script> [6424 bytes]","args":[{"element-6066-11e4-a52e-4f735466cecf":"f.0B5413DFD1C3A3AA7B72F051E5DEC85E.d.DFFC269E340EA23FBDEAD639D9F41380.e.3642"},"getText",[]]}
COMMAND: POST /session/e7e046f545b47c9805ddcb78f08915f8/execute/async - {"script":"<script> [1562 bytes]","args":[{"selector":{"controlType":"sap.m.Tokenizer","viewName":"etm.portal.ui.managerequests.view.Detail","bindingPath":{"path":"/SmartRequestItemsPlanningBoard(ITEM=10m,REQUEST='20175')","propertyPath":"LINK_TO_TAGS"}},"wdio_ui5_key":"etmportal.ui.managerequests.view.Detailsap.m.Tokenizer{\"path\":\"/SmartRequestItemsPlanningBoard(ITEM=10m,REQUEST='20175')\",\"propertyPath\":\"LINK_TO_TAGS\"}"}]}
RESULT: {"script":"<script> [1562 bytes]","args":[{"selector":{"controlType":"sap.m.Tokenizer","viewName":"etm.portal.ui.managerequests.view.Detail","bindingPath":{"path":"/SmartRequestItemsPlanningBoard(ITEM=10m,REQUEST='20175')","propertyPath":"LINK_TO_TAGS"}},"wdio_ui5_key":"etmportal.ui.managerequests.view.Detailsap.m.Tokenizer{\"path\":\"/SmartRequestItemsPlanningBoard(ITEM=10m,REQUEST='20175')\",\"propertyPath\":\"LINK_TO_TAGS\"}"}]}
RESULT: undefined
COMMAND: POST /session/e7e046f545b47c9805ddcb78f08915f8/execute/async - {"script":"<script> [6424 bytes]","args":[{"element-6066-11e4-a52e-4f735466cecf":"f.0B5413DFD1C3A3AA7B72F051E5DEC85E.d.DFFC269E340EA23FBDEAD639D9F41380.e.3643"},"getTokens",[]]}
RESULT: {"script":"<script> [6424 bytes]","args":[{"element-6066-11e4-a52e-4f735466cecf":"f.0B5413DFD1C3A3AA7B72F051E5DEC85E.d.DFFC269E340EA23FBDEAD639D9F41380.e.3643"},"getTokens",[]]}
COMMAND: POST /session/e7e046f545b47c9805ddcb78f08915f8/execute/async - {"script":"<script> [1562 bytes]","args":[{"wdio_ui5_key":"__token12-__tokenizer63-__clone4927-1","selector":{"id":"__token12-__tokenizer63-__clone4927-1"}}]}
COMMAND: POST /session/e7e046f545b47c9805ddcb78f08915f8/execute/async - {"script":"<script> [1562 bytes]","args":[{"wdio_ui5_key":"__token12-__tokenizer63-__clone4927-2","selector":{"id":"__token12-__tokenizer63-__clone4927-2"}}]}
COMMAND: POST /session/e7e046f545b47c9805ddcb78f08915f8/execute/async - {"script":"<script> [1562 bytes]","args":[{"wdio_ui5_key":"__token12-__tokenizer63-__clone4927-0","selector":{"id":"__token12-__tokenizer63-__clone4927-0"}}]}
RESULT: {"script":"<script> [1562 bytes]","args":[{"wdio_ui5_key":"__token12-__tokenizer63-__clone4927-1","selector":{"id":"__token12-__tokenizer63-__clone4927-1"}}]}
RESULT: undefined
RESULT: {"script":"<script> [1562 bytes]","args":[{"wdio_ui5_key":"__token12-__tokenizer63-__clone4927-2","selector":{"id":"__token12-__tokenizer63-__clone4927-2"}}]}
RESULT: undefined
RESULT: {"script":"<script> [1562 bytes]","args":[{"wdio_ui5_key":"__token12-__tokenizer63-__clone4927-0","selector":{"id":"__token12-__tokenizer63-__clone4927-0"}}]}
RESULT: undefined
COMMAND: POST /session/e7e046f545b47c9805ddcb78f08915f8/element - {"using":"xpath","value":"(//span[contains(text(), \"tag-header\")])[2]"}
RESULT: {"using":"xpath","value":"(//span[contains(text(), \"tag-header\")])[2]"}
COMMAND: POST /session/e7e046f545b47c9805ddcb78f08915f8/elements - {"using":"xpath","value":"(//span[contains(text(), \"tag-header\")])[2]"}
RESULT: {"using":"xpath","value":"(//span[contains(text(), \"tag-header\")])[2]"}
COMMAND: POST /session/e7e046f545b47c9805ddcb78f08915f8/execute/async - {"script":"<script> [1562 bytes]","args":[{"selector":{"controlType":"sap.m.Tokenizer","viewName":"etm.portal.ui.managerequests.view.Detail","bindingPath":{"path":"/SmartRequestItemsPlanningBoard(ITEM=20m,REQUEST='20175')","propertyPath":"LINK_TO_TAGS"}},"wdio_ui5_key":"etmportal.ui.managerequests.view.Detailsap.m.Tokenizer{\"path\":\"/SmartRequestItemsPlanningBoard(ITEM=20m,REQUEST='20175')\",\"propertyPath\":\"LINK_TO_TAGS\"}"}]}
RESULT: {"script":"<script> [1562 bytes]","args":[{"selector":{"controlType":"sap.m.Tokenizer","viewName":"etm.portal.ui.managerequests.view.Detail","bindingPath":{"path":"/SmartRequestItemsPlanningBoard(ITEM=20m,REQUEST='20175')","propertyPath":"LINK_TO_TAGS"}},"wdio_ui5_key":"etmportal.ui.managerequests.view.Detailsap.m.Tokenizer{\"path\":\"/SmartRequestItemsPlanningBoard(ITEM=20m,REQUEST='20175')\",\"propertyPath\":\"LINK_TO_TAGS\"}"}]}
RESULT: undefined
COMMAND: POST /session/e7e046f545b47c9805ddcb78f08915f8/execute/async - {"script":"<script> [6424 bytes]","args":[{"element-6066-11e4-a52e-4f735466cecf":"f.0B5413DFD1C3A3AA7B72F051E5DEC85E.d.DFFC269E340EA23FBDEAD639D9F41380.e.3648"},"getTokens",[]]}
RESULT: {"script":"<script> [6424 bytes]","args":[{"element-6066-11e4-a52e-4f735466cecf":"f.0B5413DFD1C3A3AA7B72F051E5DEC85E.d.DFFC269E340EA23FBDEAD639D9F41380.e.3648"},"getTokens",[]]}
COMMAND: POST /session/e7e046f545b47c9805ddcb78f08915f8/element - {"using":"css selector","value":"#shell-header-logo"}
RESULT: {"using":"css selector","value":"#shell-header-logo"}
COMMAND: POST /session/e7e046f545b47c9805ddcb78f08915f8/element/f.0B5413DFD1C3A3AA7B72F051E5DEC85E.d.DFFC269E340EA23FBDEAD639D9F41380.e.2688/click - {}
RESULT: {}
COMMAND: GET /session/e7e046f545b47c9805ddcb78f08915f8/screenshot - {}
RESULT: {}
]]></system-out>
    </testcase>
  </testsuite>
  <testsuite timestamp="2025-05-30T15:50:58" time="664.212" tests="4" failures="0" errors="0" skipped="0">
    <properties>
      <property name="specId" value="0"/>
      <property name="suiteName" value="Manage request + Contract processing pick up option US120163 "/>
      <property name="capabilities" value="chrome.136_0_7103_93.windows"/>
      <property name="file" value="file:///D:/a/1/s/test/specs/R2C/create-request-Pickup.spec.js"/>
    </properties>
    <testcase classname="chrome.136_0_7103_93.windows.Manage_request_+_Contract_processing_pick_up_option_US120163_" name="Should create a new contract" time="86.857">
      <system-out><![CDATA[
COMMAND: POST /session/e7e046f545b47c9805ddcb78f08915f8/execute/async - {"script":"<script> [1562 bytes]","args":[{"selector":{"controlType":"sap.m.Text","viewName":"etm.portal.ui.managecontractstile.view.Master","properties":{"text":"Manage Contracts"},"interaction":{"idSuffix":"inner"}},"wdio_ui5_key":"etmportal.ui.managecontractstile.view.Mastersap.m.Text{\"text\":\"Manage Contracts\"}"}]}
RESULT: {"script":"<script> [1562 bytes]","args":[{"selector":{"controlType":"sap.m.Text","viewName":"etm.portal.ui.managecontractstile.view.Master","properties":{"text":"Manage Contracts"},"interaction":{"idSuffix":"inner"}},"wdio_ui5_key":"etmportal.ui.managecontractstile.view.Mastersap.m.Text{\"text\":\"Manage Contracts\"}"}]}
RESULT: undefined
COMMAND: POST /session/e7e046f545b47c9805ddcb78f08915f8/element - {"using":"xpath","value":"//*[@id=\"__tile132-title\"]"}
RESULT: {"using":"xpath","value":"//*[@id=\"__tile132-title\"]"}
COMMAND: POST /session/e7e046f545b47c9805ddcb78f08915f8/element/f.0B5413DFD1C3A3AA7B72F051E5DEC85E.d.DFFC269E340EA23FBDEAD639D9F41380.e.3652/click - {}
RESULT: {}
COMMAND: GET /session/e7e046f545b47c9805ddcb78f08915f8/screenshot - {}
RESULT: {}
COMMAND: POST /session/e7e046f545b47c9805ddcb78f08915f8/execute/async - {"script":"<script> [1562 bytes]","args":[{"selector":{"controlType":"sap.ui.core.Icon","viewName":"etm.portal.ui.managecontracts.view.Master","properties":{"src":{"regex":{"source":"add"}}}},"wdio_ui5_key":"etmportal.ui.managecontracts.view.Mastersap.ui.core.Icon{\"src\":{\"regex\":{\"source\":\"add\"}}}"}]}
RESULT: {"script":"<script> [1562 bytes]","args":[{"selector":{"controlType":"sap.ui.core.Icon","viewName":"etm.portal.ui.managecontracts.view.Master","properties":{"src":{"regex":{"source":"add"}}}},"wdio_ui5_key":"etmportal.ui.managecontracts.view.Mastersap.ui.core.Icon{\"src\":{\"regex\":{\"source\":\"add\"}}}"}]}
RESULT: undefined
COMMAND: POST /session/e7e046f545b47c9805ddcb78f08915f8/element - {"using":"xpath","value":"//*[@id=\"__button187-img\"]"}
RESULT: {"using":"xpath","value":"//*[@id=\"__button187-img\"]"}
COMMAND: POST /session/e7e046f545b47c9805ddcb78f08915f8/element/f.0B5413DFD1C3A3AA7B72F051E5DEC85E.d.DFFC269E340EA23FBDEAD639D9F41380.e.3709/click - {}
RESULT: {}
COMMAND: POST /session/e7e046f545b47c9805ddcb78f08915f8/execute/async - {"script":"<script> [1562 bytes]","args":[{"selector":{"id":"application-managecontracts-display-component---AddNewContract--projectDescription","interaction":{"idSuffix":"inner"}},"wdio_ui5_key":"applicationmanagecontracts-display-component---AddNewContract--projectDescription"}]}
COMMAND: GET /session/e7e046f545b47c9805ddcb78f08915f8/screenshot - {}
RESULT: {"script":"<script> [1562 bytes]","args":[{"selector":{"id":"application-managecontracts-display-component---AddNewContract--projectDescription","interaction":{"idSuffix":"inner"}},"wdio_ui5_key":"applicationmanagecontracts-display-component---AddNewContract--projectDescription"}]}
RESULT: undefined
COMMAND: POST /session/e7e046f545b47c9805ddcb78f08915f8/execute/async - {"script":"<script> [776 bytes]","args":[{"enterText":"PickupContractcunfl","selector":{"id":"application-managecontracts-display-component---AddNewContract--projectDescription","interaction":{"idSuffix":"inner"}},"clearTextFirst":true,"interactionType":"ENTER_TEXT"}]}
RESULT: {}
RESULT: {"script":"<script> [776 bytes]","args":[{"enterText":"PickupContractcunfl","selector":{"id":"application-managecontracts-display-component---AddNewContract--projectDescription","interaction":{"idSuffix":"inner"}},"clearTextFirst":true,"interactionType":"ENTER_TEXT"}]}
COMMAND: POST /session/e7e046f545b47c9805ddcb78f08915f8/element - {"using":"xpath","value":"//input[contains(@id ,\"application-managecontracts-display-component---AddNewContract--yardId-inner\")]"}
RESULT: {"using":"xpath","value":"//input[contains(@id ,\"application-managecontracts-display-component---AddNewContract--yardId-inner\")]"}
COMMAND: POST /session/e7e046f545b47c9805ddcb78f08915f8/element/f.0B5413DFD1C3A3AA7B72F051E5DEC85E.d.DFFC269E340EA23FBDEAD639D9F41380.e.3970/value - {"text":"WebdriverYard5b5aq"}
RESULT: {"text":"WebdriverYard5b5aq"}
COMMAND: GET /session/e7e046f545b47c9805ddcb78f08915f8/screenshot - {}
RESULT: {}
COMMAND: POST /session/e7e046f545b47c9805ddcb78f08915f8/actions - {"actions":[{"id":"action32","type":"key","parameters":{},"actions":[{"type":"keyDown","value":""},{"type":"pause","duration":10},{"type":"keyUp","value":""}]}]}
RESULT: {"actions":[{"id":"action32","type":"key","parameters":{},"actions":[{"type":"keyDown","value":""},{"type":"pause","duration":10},{"type":"keyUp","value":""}]}]}
COMMAND: GET /session/e7e046f545b47c9805ddcb78f08915f8/screenshot - {}
RESULT: {}
COMMAND: POST /session/e7e046f545b47c9805ddcb78f08915f8/element - {"using":"xpath","value":"//input[contains(@id ,\"application-managecontracts-display-component---AddNewContract--customerSelect-inner\")]"}
RESULT: {"using":"xpath","value":"//input[contains(@id ,\"application-managecontracts-display-component---AddNewContract--customerSelect-inner\")]"}
COMMAND: POST /session/e7e046f545b47c9805ddcb78f08915f8/element/f.0B5413DFD1C3A3AA7B72F051E5DEC85E.d.DFFC269E340EA23FBDEAD639D9F41380.e.3968/value - {"text":"WebdriverPartnerds2fo"}
RESULT: {"text":"WebdriverPartnerds2fo"}
COMMAND: GET /session/e7e046f545b47c9805ddcb78f08915f8/screenshot - {}
RESULT: {}
COMMAND: POST /session/e7e046f545b47c9805ddcb78f08915f8/actions - {"actions":[{"id":"action33","type":"key","parameters":{},"actions":[{"type":"keyDown","value":""},{"type":"pause","duration":10},{"type":"keyUp","value":""}]}]}
RESULT: {"actions":[{"id":"action33","type":"key","parameters":{},"actions":[{"type":"keyDown","value":""},{"type":"pause","duration":10},{"type":"keyUp","value":""}]}]}
COMMAND: GET /session/e7e046f545b47c9805ddcb78f08915f8/screenshot - {}
RESULT: {}
COMMAND: POST /session/e7e046f545b47c9805ddcb78f08915f8/element - {"using":"xpath","value":"//input[contains(@id ,\"application-managecontracts-display-component---AddNewContract--site-inner\")]"}
RESULT: {"using":"xpath","value":"//input[contains(@id ,\"application-managecontracts-display-component---AddNewContract--site-inner\")]"}
COMMAND: POST /session/e7e046f545b47c9805ddcb78f08915f8/element/f.0B5413DFD1C3A3AA7B72F051E5DEC85E.d.DFFC269E340EA23FBDEAD639D9F41380.e.3969/value - {"text":"WebdriverSiteivrw1"}
RESULT: {"text":"WebdriverSiteivrw1"}
COMMAND: GET /session/e7e046f545b47c9805ddcb78f08915f8/screenshot - {}
RESULT: {}
COMMAND: POST /session/e7e046f545b47c9805ddcb78f08915f8/actions - {"actions":[{"id":"action34","type":"key","parameters":{},"actions":[{"type":"keyDown","value":""},{"type":"pause","duration":10},{"type":"keyUp","value":""}]}]}
RESULT: {"actions":[{"id":"action34","type":"key","parameters":{},"actions":[{"type":"keyDown","value":""},{"type":"pause","duration":10},{"type":"keyUp","value":""}]}]}
COMMAND: GET /session/e7e046f545b47c9805ddcb78f08915f8/screenshot - {}
COMMAND: POST /session/e7e046f545b47c9805ddcb78f08915f8/execute/async - {"script":"<script> [1562 bytes]","args":[{"selector":{"id":"application-managecontracts-display-component---AddNewContract--saveBtn","interaction":{"idSuffix":"BDI-content"}},"wdio_ui5_key":"applicationmanagecontracts-display-component---AddNewContract--saveBtn"}]}
RESULT: {}
RESULT: {"script":"<script> [1562 bytes]","args":[{"selector":{"id":"application-managecontracts-display-component---AddNewContract--saveBtn","interaction":{"idSuffix":"BDI-content"}},"wdio_ui5_key":"applicationmanagecontracts-display-component---AddNewContract--saveBtn"}]}
RESULT: undefined
COMMAND: POST /session/e7e046f545b47c9805ddcb78f08915f8/element - {"using":"xpath","value":"//*[@id=\"application-managecontracts-display-component---AddNewContract--saveBtn\"]"}
RESULT: {"using":"xpath","value":"//*[@id=\"application-managecontracts-display-component---AddNewContract--saveBtn\"]"}
COMMAND: POST /session/e7e046f545b47c9805ddcb78f08915f8/element/f.0B5413DFD1C3A3AA7B72F051E5DEC85E.d.DFFC269E340EA23FBDEAD639D9F41380.e.4043/click - {}
RESULT: {}
COMMAND: GET /session/e7e046f545b47c9805ddcb78f08915f8/screenshot - {}
RESULT: {}
COMMAND: POST /session/e7e046f545b47c9805ddcb78f08915f8/element - {"using":"xpath","value":"//span[contains(@id ,\"contractDetailTitleNoExpanded\")]"}
RESULT: {"using":"xpath","value":"//span[contains(@id ,\"contractDetailTitleNoExpanded\")]"}
COMMAND: GET /session/e7e046f545b47c9805ddcb78f08915f8/element/f.0B5413DFD1C3A3AA7B72F051E5DEC85E.d.DFFC269E340EA23FBDEAD639D9F41380.e.4126/text - {}
RESULT: {}
COMMAND: POST /session/e7e046f545b47c9805ddcb78f08915f8/element - {"using":"css selector","value":"#shell-header-logo"}
RESULT: {"using":"css selector","value":"#shell-header-logo"}
COMMAND: POST /session/e7e046f545b47c9805ddcb78f08915f8/element/f.0B5413DFD1C3A3AA7B72F051E5DEC85E.d.DFFC269E340EA23FBDEAD639D9F41380.e.3655/click - {}
RESULT: {}
COMMAND: GET /session/e7e046f545b47c9805ddcb78f08915f8/screenshot - {}
RESULT: {}
]]></system-out>
    </testcase>
    <testcase classname="chrome.136_0_7103_93.windows.Manage_request_+_Contract_processing_pick_up_option_US120163_" name="Should create a new material" time="153.579">
      <system-out><![CDATA[
COMMAND: POST /session/e7e046f545b47c9805ddcb78f08915f8/execute/async - {"script":"<script> [1562 bytes]","args":[{"selector":{"controlType":"sap.m.GenericTile","properties":{"header":"Manage Resources"}},"wdio_ui5_key":"sapm.GenericTile{\"header\":\"Manage Resources\"}"}]}
RESULT: {"script":"<script> [1562 bytes]","args":[{"selector":{"controlType":"sap.m.GenericTile","properties":{"header":"Manage Resources"}},"wdio_ui5_key":"sapm.GenericTile{\"header\":\"Manage Resources\"}"}]}
RESULT: undefined
COMMAND: POST /session/e7e046f545b47c9805ddcb78f08915f8/element - {"using":"xpath","value":"//*[@id=\"__tile39\"]"}
RESULT: {"using":"xpath","value":"//*[@id=\"__tile39\"]"}
COMMAND: POST /session/e7e046f545b47c9805ddcb78f08915f8/element/f.0B5413DFD1C3A3AA7B72F051E5DEC85E.d.DFFC269E340EA23FBDEAD639D9F41380.e.4128/click - {}
RESULT: {}
COMMAND: GET /session/e7e046f545b47c9805ddcb78f08915f8/screenshot - {}
RESULT: {}
COMMAND: POST /session/e7e046f545b47c9805ddcb78f08915f8/elements - {"using":"xpath","value":"//span[text()='Error']"}
RESULT: {"using":"xpath","value":"//span[text()='Error']"}
COMMAND: POST /session/e7e046f545b47c9805ddcb78f08915f8/element - {"using":"xpath","value":"//button[@data-kt=\"addNewRUOverflowToolbarButton\"]"}
RESULT: {"using":"xpath","value":"//button[@data-kt=\"addNewRUOverflowToolbarButton\"]"}
COMMAND: POST /session/e7e046f545b47c9805ddcb78f08915f8/execute/sync - {"script":"<script> [8489 bytes]","args":[{"element-6066-11e4-a52e-4f735466cecf":"f.0B5413DFD1C3A3AA7B72F051E5DEC85E.d.DFFC269E340EA23FBDEAD639D9F41380.e.4170","ELEMENT":"f.0B5413DFD1C3A3AA7B72F051E5DEC85E.d.DFFC269E340EA23FBDEAD639D9F41380.e.4170"}]}
RESULT: {"script":"<script> [8489 bytes]","args":[{"element-6066-11e4-a52e-4f735466cecf":"f.0B5413DFD1C3A3AA7B72F051E5DEC85E.d.DFFC269E340EA23FBDEAD639D9F41380.e.4170","ELEMENT":"f.0B5413DFD1C3A3AA7B72F051E5DEC85E.d.DFFC269E340EA23FBDEAD639D9F41380.e.4170"}]}
COMMAND: POST /session/e7e046f545b47c9805ddcb78f08915f8/element/f.0B5413DFD1C3A3AA7B72F051E5DEC85E.d.DFFC269E340EA23FBDEAD639D9F41380.e.4170/click - {}
COMMAND: GET /session/e7e046f545b47c9805ddcb78f08915f8/screenshot - {}
RESULT: {}
COMMAND: POST /session/e7e046f545b47c9805ddcb78f08915f8/execute/async - {"script":"<script> [1562 bytes]","args":[{"selector":{"id":"application-manageresources-display-component---newResourceUnit--TYPE-arrow"},"wdio_ui5_key":"applicationmanageresources-display-component---newResourceUnit--TYPE-arrow"}]}
COMMAND: GET /session/e7e046f545b47c9805ddcb78f08915f8/screenshot - {}
RESULT: {}
RESULT: {"script":"<script> [1562 bytes]","args":[{"selector":{"id":"application-manageresources-display-component---newResourceUnit--TYPE-arrow"},"wdio_ui5_key":"applicationmanageresources-display-component---newResourceUnit--TYPE-arrow"}]}
RESULT: undefined
COMMAND: POST /session/e7e046f545b47c9805ddcb78f08915f8/element - {"using":"xpath","value":"//*[@id=\"application-manageresources-display-component---newResourceUnit--TYPE-arrow\"]"}
RESULT: {}
RESULT: {"using":"xpath","value":"//*[@id=\"application-manageresources-display-component---newResourceUnit--TYPE-arrow\"]"}
COMMAND: POST /session/e7e046f545b47c9805ddcb78f08915f8/element/f.0B5413DFD1C3A3AA7B72F051E5DEC85E.d.DFFC269E340EA23FBDEAD639D9F41380.e.4482/click - {}
RESULT: {}
COMMAND: POST /session/e7e046f545b47c9805ddcb78f08915f8/execute/async - {"script":"<script> [1562 bytes]","args":[{"selector":{"controlType":"sap.m.StandardListItem","viewName":"reusables.view.manageresources.NewResourceUnit","viewId":"application-manageresources-display-component---newResourceUnit","properties":{"title":"Material"},"searchOpenDialogs":true,"interaction":{"idSuffix":"titleText"}},"wdio_ui5_key":"reusablesview.manageresources.NewResourceUnitsap.m.StandardListItem{\"title\":\"Material\"}"}]}
COMMAND: GET /session/e7e046f545b47c9805ddcb78f08915f8/screenshot - {}
RESULT: {"script":"<script> [1562 bytes]","args":[{"selector":{"controlType":"sap.m.StandardListItem","viewName":"reusables.view.manageresources.NewResourceUnit","viewId":"application-manageresources-display-component---newResourceUnit","properties":{"title":"Material"},"searchOpenDialogs":true,"interaction":{"idSuffix":"titleText"}},"wdio_ui5_key":"reusablesview.manageresources.NewResourceUnitsap.m.StandardListItem{\"title\":\"Material\"}"}]}
RESULT: undefined
COMMAND: POST /session/e7e046f545b47c9805ddcb78f08915f8/element - {"using":"xpath","value":"//*[@id=\"__item4519\"]"}
RESULT: {}
RESULT: {"using":"xpath","value":"//*[@id=\"__item4519\"]"}
COMMAND: POST /session/e7e046f545b47c9805ddcb78f08915f8/element/f.0B5413DFD1C3A3AA7B72F051E5DEC85E.d.DFFC269E340EA23FBDEAD639D9F41380.e.4485/click - {}
RESULT: {}
COMMAND: POST /session/e7e046f545b47c9805ddcb78f08915f8/execute/async - {"script":"<script> [1562 bytes]","args":[{"selector":{"id":"application-manageresources-display-component---newResourceUnit--SHORT_TEXT","interaction":{"idSuffix":"inner"}},"wdio_ui5_key":"applicationmanageresources-display-component---newResourceUnit--SHORT_TEXT"}]}
COMMAND: GET /session/e7e046f545b47c9805ddcb78f08915f8/screenshot - {}
RESULT: {"script":"<script> [1562 bytes]","args":[{"selector":{"id":"application-manageresources-display-component---newResourceUnit--SHORT_TEXT","interaction":{"idSuffix":"inner"}},"wdio_ui5_key":"applicationmanageresources-display-component---newResourceUnit--SHORT_TEXT"}]}
RESULT: undefined
COMMAND: POST /session/e7e046f545b47c9805ddcb78f08915f8/execute/async - {"script":"<script> [776 bytes]","args":[{"enterText":"WebdriverMatTestwll92","selector":{"id":"application-manageresources-display-component---newResourceUnit--SHORT_TEXT","interaction":{"idSuffix":"inner"}},"clearTextFirst":true,"interactionType":"ENTER_TEXT"}]}
RESULT: {}
RESULT: {"script":"<script> [776 bytes]","args":[{"enterText":"WebdriverMatTestwll92","selector":{"id":"application-manageresources-display-component---newResourceUnit--SHORT_TEXT","interaction":{"idSuffix":"inner"}},"clearTextFirst":true,"interactionType":"ENTER_TEXT"}]}
COMMAND: POST /session/e7e046f545b47c9805ddcb78f08915f8/execute/async - {"script":"<script> [1562 bytes]","args":[{"selector":{"id":"application-manageresources-display-component---newResourceUnit--BASE_UNIT_OF_MEASURE-arrow"},"wdio_ui5_key":"applicationmanageresources-display-component---newResourceUnit--BASE_UNIT_OF_MEASURE-arrow"}]}
RESULT: {"script":"<script> [1562 bytes]","args":[{"selector":{"id":"application-manageresources-display-component---newResourceUnit--BASE_UNIT_OF_MEASURE-arrow"},"wdio_ui5_key":"applicationmanageresources-display-component---newResourceUnit--BASE_UNIT_OF_MEASURE-arrow"}]}
RESULT: undefined
COMMAND: POST /session/e7e046f545b47c9805ddcb78f08915f8/element - {"using":"xpath","value":"//*[@id=\"application-manageresources-display-component---newResourceUnit--BASE_UNIT_OF_MEASURE-arrow\"]"}
RESULT: {"using":"xpath","value":"//*[@id=\"application-manageresources-display-component---newResourceUnit--BASE_UNIT_OF_MEASURE-arrow\"]"}
COMMAND: POST /session/e7e046f545b47c9805ddcb78f08915f8/element/f.0B5413DFD1C3A3AA7B72F051E5DEC85E.d.DFFC269E340EA23FBDEAD639D9F41380.e.4605/click - {}
RESULT: {}
COMMAND: POST /session/e7e046f545b47c9805ddcb78f08915f8/execute/async - {"script":"<script> [1562 bytes]","args":[{"selector":{"controlType":"sap.m.StandardListItem","viewName":"reusables.view.manageresources.NewResourceUnit","viewId":"application-manageresources-display-component---newResourceUnit","properties":{"title":"Piece"},"searchOpenDialogs":true,"interaction":{"idSuffix":"titleText"}},"wdio_ui5_key":"reusablesview.manageresources.NewResourceUnitsap.m.StandardListItem{\"title\":\"Piece\"}"}]}
COMMAND: GET /session/e7e046f545b47c9805ddcb78f08915f8/screenshot - {}
RESULT: {"script":"<script> [1562 bytes]","args":[{"selector":{"controlType":"sap.m.StandardListItem","viewName":"reusables.view.manageresources.NewResourceUnit","viewId":"application-manageresources-display-component---newResourceUnit","properties":{"title":"Piece"},"searchOpenDialogs":true,"interaction":{"idSuffix":"titleText"}},"wdio_ui5_key":"reusablesview.manageresources.NewResourceUnitsap.m.StandardListItem{\"title\":\"Piece\"}"}]}
RESULT: undefined
COMMAND: POST /session/e7e046f545b47c9805ddcb78f08915f8/element - {"using":"xpath","value":"//*[@id=\"__item4572\"]"}
RESULT: {}
RESULT: {"using":"xpath","value":"//*[@id=\"__item4572\"]"}
COMMAND: POST /session/e7e046f545b47c9805ddcb78f08915f8/element/f.0B5413DFD1C3A3AA7B72F051E5DEC85E.d.DFFC269E340EA23FBDEAD639D9F41380.e.4607/click - {}
RESULT: {}
COMMAND: POST /session/e7e046f545b47c9805ddcb78f08915f8/element - {"using":"xpath","value":"//input[contains(@id ,\"application-manageresources-display-component---newResourceUnit--SHORT_TEXT-inner\")]"}
COMMAND: GET /session/e7e046f545b47c9805ddcb78f08915f8/screenshot - {}
RESULT: {"using":"xpath","value":"//input[contains(@id ,\"application-manageresources-display-component---newResourceUnit--SHORT_TEXT-inner\")]"}
COMMAND: GET /session/e7e046f545b47c9805ddcb78f08915f8/element/f.0B5413DFD1C3A3AA7B72F051E5DEC85E.d.DFFC269E340EA23FBDEAD639D9F41380.e.4502/property/value - {}
RESULT: {}
RESULT: {}
COMMAND: POST /session/e7e046f545b47c9805ddcb78f08915f8/execute/async - {"script":"<script> [1562 bytes]","args":[{"selector":{"id":"application-manageresources-display-component---newResourceUnit--WEIGHT_UNIT-arrow"},"wdio_ui5_key":"applicationmanageresources-display-component---newResourceUnit--WEIGHT_UNIT-arrow"}]}
COMMAND: GET /session/e7e046f545b47c9805ddcb78f08915f8/screenshot - {}
RESULT: {"script":"<script> [1562 bytes]","args":[{"selector":{"id":"application-manageresources-display-component---newResourceUnit--WEIGHT_UNIT-arrow"},"wdio_ui5_key":"applicationmanageresources-display-component---newResourceUnit--WEIGHT_UNIT-arrow"}]}
RESULT: undefined
COMMAND: POST /session/e7e046f545b47c9805ddcb78f08915f8/element - {"using":"xpath","value":"//*[@id=\"application-manageresources-display-component---newResourceUnit--WEIGHT_UNIT-arrow\"]"}
RESULT: {}
RESULT: {"using":"xpath","value":"//*[@id=\"application-manageresources-display-component---newResourceUnit--WEIGHT_UNIT-arrow\"]"}
COMMAND: POST /session/e7e046f545b47c9805ddcb78f08915f8/element/f.0B5413DFD1C3A3AA7B72F051E5DEC85E.d.DFFC269E340EA23FBDEAD639D9F41380.e.4608/click - {}
RESULT: {}
COMMAND: POST /session/e7e046f545b47c9805ddcb78f08915f8/execute/async - {"script":"<script> [1562 bytes]","args":[{"selector":{"controlType":"sap.m.StandardListItem","viewName":"reusables.view.manageresources.NewResourceUnit","viewId":"application-manageresources-display-component---newResourceUnit","properties":{"title":"Gram"},"searchOpenDialogs":true,"interaction":{"idSuffix":"content"}},"wdio_ui5_key":"reusablesview.manageresources.NewResourceUnitsap.m.StandardListItem{\"title\":\"Gram\"}"}]}
COMMAND: GET /session/e7e046f545b47c9805ddcb78f08915f8/screenshot - {}
RESULT: {"script":"<script> [1562 bytes]","args":[{"selector":{"controlType":"sap.m.StandardListItem","viewName":"reusables.view.manageresources.NewResourceUnit","viewId":"application-manageresources-display-component---newResourceUnit","properties":{"title":"Gram"},"searchOpenDialogs":true,"interaction":{"idSuffix":"content"}},"wdio_ui5_key":"reusablesview.manageresources.NewResourceUnitsap.m.StandardListItem{\"title\":\"Gram\"}"}]}
RESULT: undefined
COMMAND: POST /session/e7e046f545b47c9805ddcb78f08915f8/element - {"using":"xpath","value":"//*[@id=\"__item4637\"]"}
RESULT: {}
RESULT: {"using":"xpath","value":"//*[@id=\"__item4637\"]"}
COMMAND: POST /session/e7e046f545b47c9805ddcb78f08915f8/element/f.0B5413DFD1C3A3AA7B72F051E5DEC85E.d.DFFC269E340EA23FBDEAD639D9F41380.e.4610/click - {}
RESULT: {}
COMMAND: POST /session/e7e046f545b47c9805ddcb78f08915f8/execute/async - {"script":"<script> [1562 bytes]","args":[{"selector":{"id":"application-manageresources-display-component---newResourceUnit--newRRUPage-OPHeaderContent-collapseBtn-img"},"wdio_ui5_key":"applicationmanageresources-display-component---newResourceUnit--newRRUPage-OPHeaderContent-collapseBtn-img"}]}
COMMAND: GET /session/e7e046f545b47c9805ddcb78f08915f8/screenshot - {}
RESULT: {"script":"<script> [1562 bytes]","args":[{"selector":{"id":"application-manageresources-display-component---newResourceUnit--newRRUPage-OPHeaderContent-collapseBtn-img"},"wdio_ui5_key":"applicationmanageresources-display-component---newResourceUnit--newRRUPage-OPHeaderContent-collapseBtn-img"}]}
RESULT: undefined
COMMAND: POST /session/e7e046f545b47c9805ddcb78f08915f8/element - {"using":"xpath","value":"//*[@id=\"application-manageresources-display-component---newResourceUnit--newRRUPage-OPHeaderContent-collapseBtn-img\"]"}
RESULT: {}
RESULT: {"using":"xpath","value":"//*[@id=\"application-manageresources-display-component---newResourceUnit--newRRUPage-OPHeaderContent-collapseBtn-img\"]"}
COMMAND: POST /session/e7e046f545b47c9805ddcb78f08915f8/element/f.0B5413DFD1C3A3AA7B72F051E5DEC85E.d.DFFC269E340EA23FBDEAD639D9F41380.e.4492/click - {}
RESULT: {}
COMMAND: GET /session/e7e046f545b47c9805ddcb78f08915f8/screenshot - {}
RESULT: {}
COMMAND: POST /session/e7e046f545b47c9805ddcb78f08915f8/element - {"using":"xpath","value":"(//span[contains(@id ,\"application-manageresources-display-component---newResourceUnit--DIMENSION_UNIT-arrow\")])[1]"}
RESULT: {"using":"xpath","value":"(//span[contains(@id ,\"application-manageresources-display-component---newResourceUnit--DIMENSION_UNIT-arrow\")])[1]"}
COMMAND: POST /session/e7e046f545b47c9805ddcb78f08915f8/element/f.0B5413DFD1C3A3AA7B72F051E5DEC85E.d.DFFC269E340EA23FBDEAD639D9F41380.e.4616/click - {}
RESULT: {}
COMMAND: GET /session/e7e046f545b47c9805ddcb78f08915f8/screenshot - {}
RESULT: {}
COMMAND: POST /session/e7e046f545b47c9805ddcb78f08915f8/execute/async - {"script":"<script> [1562 bytes]","args":[{"selector":{"controlType":"sap.m.StandardListItem","viewName":"reusables.view.manageresources.NewResourceUnit","viewId":"application-manageresources-display-component---newResourceUnit","properties":{"title":"Centimeter"},"searchOpenDialogs":true,"interaction":{"idSuffix":"titleText"}},"wdio_ui5_key":"reusablesview.manageresources.NewResourceUnitsap.m.StandardListItem{\"title\":\"Centimeter\"}"}]}
RESULT: {"script":"<script> [1562 bytes]","args":[{"selector":{"controlType":"sap.m.StandardListItem","viewName":"reusables.view.manageresources.NewResourceUnit","viewId":"application-manageresources-display-component---newResourceUnit","properties":{"title":"Centimeter"},"searchOpenDialogs":true,"interaction":{"idSuffix":"titleText"}},"wdio_ui5_key":"reusablesview.manageresources.NewResourceUnitsap.m.StandardListItem{\"title\":\"Centimeter\"}"}]}
RESULT: undefined
COMMAND: POST /session/e7e046f545b47c9805ddcb78f08915f8/element - {"using":"xpath","value":"//*[@id=\"__item4640\"]"}
RESULT: {"using":"xpath","value":"//*[@id=\"__item4640\"]"}
COMMAND: POST /session/e7e046f545b47c9805ddcb78f08915f8/element/f.0B5413DFD1C3A3AA7B72F051E5DEC85E.d.DFFC269E340EA23FBDEAD639D9F41380.e.4618/click - {}
RESULT: {}
COMMAND: POST /session/e7e046f545b47c9805ddcb78f08915f8/execute/async - {"script":"<script> [1562 bytes]","args":[{"selector":{"id":"application-manageresources-display-component---newResourceUnit--newRRUPage-anchBar-application-manageresources-display-component---newResourceUnit--reference-anchor","interaction":{"idSuffix":"BDI-content"}},"wdio_ui5_key":"applicationmanageresources-display-component---newResourceUnit--newRRUPage-anchBar-application-manageresources-display-component---newResourceUnit--reference-anchor"}]}
COMMAND: GET /session/e7e046f545b47c9805ddcb78f08915f8/screenshot - {}
RESULT: {"script":"<script> [1562 bytes]","args":[{"selector":{"id":"application-manageresources-display-component---newResourceUnit--newRRUPage-anchBar-application-manageresources-display-component---newResourceUnit--reference-anchor","interaction":{"idSuffix":"BDI-content"}},"wdio_ui5_key":"applicationmanageresources-display-component---newResourceUnit--newRRUPage-anchBar-application-manageresources-display-component---newResourceUnit--reference-anchor"}]}
RESULT: undefined
COMMAND: POST /session/e7e046f545b47c9805ddcb78f08915f8/element - {"using":"xpath","value":"//*[@id=\"application-manageresources-display-component---newResourceUnit--newRRUPage-anchBar-application-manageresources-display-component---newResourceUnit--reference-anchor\"]"}
RESULT: {}
RESULT: {"using":"xpath","value":"//*[@id=\"application-manageresources-display-component---newResourceUnit--newRRUPage-anchBar-application-manageresources-display-component---newResourceUnit--reference-anchor\"]"}
COMMAND: POST /session/e7e046f545b47c9805ddcb78f08915f8/element/f.0B5413DFD1C3A3AA7B72F051E5DEC85E.d.DFFC269E340EA23FBDEAD639D9F41380.e.4620/click - {}
RESULT: {}
COMMAND: POST /session/e7e046f545b47c9805ddcb78f08915f8/execute/async - {"script":"<script> [1562 bytes]","args":[{"selector":{"id":"application-manageresources-display-component---newResourceUnit--PLANNING_GROUP-arrow"},"wdio_ui5_key":"applicationmanageresources-display-component---newResourceUnit--PLANNING_GROUP-arrow"}]}
COMMAND: GET /session/e7e046f545b47c9805ddcb78f08915f8/screenshot - {}
RESULT: {"script":"<script> [1562 bytes]","args":[{"selector":{"id":"application-manageresources-display-component---newResourceUnit--PLANNING_GROUP-arrow"},"wdio_ui5_key":"applicationmanageresources-display-component---newResourceUnit--PLANNING_GROUP-arrow"}]}
RESULT: undefined
COMMAND: POST /session/e7e046f545b47c9805ddcb78f08915f8/element - {"using":"xpath","value":"//*[@id=\"application-manageresources-display-component---newResourceUnit--PLANNING_GROUP-arrow\"]"}
RESULT: {}
RESULT: {"using":"xpath","value":"//*[@id=\"application-manageresources-display-component---newResourceUnit--PLANNING_GROUP-arrow\"]"}
COMMAND: POST /session/e7e046f545b47c9805ddcb78f08915f8/element/f.0B5413DFD1C3A3AA7B72F051E5DEC85E.d.DFFC269E340EA23FBDEAD639D9F41380.e.4624/click - {}
RESULT: {}
COMMAND: POST /session/e7e046f545b47c9805ddcb78f08915f8/execute/async - {"script":"<script> [1562 bytes]","args":[{"selector":{"controlType":"sap.m.StandardListItem","viewName":"reusables.view.manageresources.NewResourceUnit","viewId":"application-manageresources-display-component---newResourceUnit","properties":{"title":"Heavy Equi"},"searchOpenDialogs":true,"interaction":{"idSuffix":"content"}},"wdio_ui5_key":"reusablesview.manageresources.NewResourceUnitsap.m.StandardListItem{\"title\":\"Heavy Equi\"}"}]}
COMMAND: GET /session/e7e046f545b47c9805ddcb78f08915f8/screenshot - {}
RESULT: {"script":"<script> [1562 bytes]","args":[{"selector":{"controlType":"sap.m.StandardListItem","viewName":"reusables.view.manageresources.NewResourceUnit","viewId":"application-manageresources-display-component---newResourceUnit","properties":{"title":"Heavy Equi"},"searchOpenDialogs":true,"interaction":{"idSuffix":"content"}},"wdio_ui5_key":"reusablesview.manageresources.NewResourceUnitsap.m.StandardListItem{\"title\":\"Heavy Equi\"}"}]}
RESULT: undefined
COMMAND: POST /session/e7e046f545b47c9805ddcb78f08915f8/element - {"using":"xpath","value":"//*[@id=\"__item4648\"]"}
RESULT: {}
RESULT: {"using":"xpath","value":"//*[@id=\"__item4648\"]"}
COMMAND: POST /session/e7e046f545b47c9805ddcb78f08915f8/element/f.0B5413DFD1C3A3AA7B72F051E5DEC85E.d.DFFC269E340EA23FBDEAD639D9F41380.e.4628/click - {}
RESULT: {}
COMMAND: GET /session/e7e046f545b47c9805ddcb78f08915f8/screenshot - {}
RESULT: {}
COMMAND: POST /session/e7e046f545b47c9805ddcb78f08915f8/execute/async - {"script":"<script> [1562 bytes]","args":[{"selector":{"id":"application-manageresources-display-component---newResourceUnit--PLANNING_INDICATOR-arrow"},"wdio_ui5_key":"applicationmanageresources-display-component---newResourceUnit--PLANNING_INDICATOR-arrow"}]}
RESULT: {"script":"<script> [1562 bytes]","args":[{"selector":{"id":"application-manageresources-display-component---newResourceUnit--PLANNING_INDICATOR-arrow"},"wdio_ui5_key":"applicationmanageresources-display-component---newResourceUnit--PLANNING_INDICATOR-arrow"}]}
RESULT: undefined
COMMAND: POST /session/e7e046f545b47c9805ddcb78f08915f8/element - {"using":"xpath","value":"//*[@id=\"application-manageresources-display-component---newResourceUnit--PLANNING_INDICATOR-arrow\"]"}
RESULT: {"using":"xpath","value":"//*[@id=\"application-manageresources-display-component---newResourceUnit--PLANNING_INDICATOR-arrow\"]"}
COMMAND: POST /session/e7e046f545b47c9805ddcb78f08915f8/element/f.0B5413DFD1C3A3AA7B72F051E5DEC85E.d.DFFC269E340EA23FBDEAD639D9F41380.e.4629/click - {}
RESULT: {}
COMMAND: POST /session/e7e046f545b47c9805ddcb78f08915f8/execute/async - {"script":"<script> [1562 bytes]","args":[{"selector":{"controlType":"sap.m.StandardListItem","viewName":"reusables.view.manageresources.NewResourceUnit","viewId":"application-manageresources-display-component---newResourceUnit","properties":{"title":"10 - infinite"},"searchOpenDialogs":true,"interaction":{"idSuffix":"content"}},"wdio_ui5_key":"reusablesview.manageresources.NewResourceUnitsap.m.StandardListItem{\"title\":\"10 - infinite\"}"}]}
COMMAND: GET /session/e7e046f545b47c9805ddcb78f08915f8/screenshot - {}
RESULT: {"script":"<script> [1562 bytes]","args":[{"selector":{"controlType":"sap.m.StandardListItem","viewName":"reusables.view.manageresources.NewResourceUnit","viewId":"application-manageresources-display-component---newResourceUnit","properties":{"title":"10 - infinite"},"searchOpenDialogs":true,"interaction":{"idSuffix":"content"}},"wdio_ui5_key":"reusablesview.manageresources.NewResourceUnitsap.m.StandardListItem{\"title\":\"10 - infinite\"}"}]}
RESULT: undefined
COMMAND: POST /session/e7e046f545b47c9805ddcb78f08915f8/element - {"using":"xpath","value":"//*[@id=\"__item4658\"]"}
RESULT: {}
RESULT: {"using":"xpath","value":"//*[@id=\"__item4658\"]"}
COMMAND: POST /session/e7e046f545b47c9805ddcb78f08915f8/element/f.0B5413DFD1C3A3AA7B72F051E5DEC85E.d.DFFC269E340EA23FBDEAD639D9F41380.e.4631/click - {}
RESULT: {}
COMMAND: GET /session/e7e046f545b47c9805ddcb78f08915f8/screenshot - {}
RESULT: {}
COMMAND: POST /session/e7e046f545b47c9805ddcb78f08915f8/element - {"using":"xpath","value":"//bdi[contains(text(), \"Time Segment\")]"}
RESULT: {"using":"xpath","value":"//bdi[contains(text(), \"Time Segment\")]"}
COMMAND: GET /session/e7e046f545b47c9805ddcb78f08915f8/element/f.0B5413DFD1C3A3AA7B72F051E5DEC85E.d.DFFC269E340EA23FBDEAD639D9F41380.e.4632/rect - {}
RESULT: {}
COMMAND: GET /session/e7e046f545b47c9805ddcb78f08915f8/window/rect - {}
RESULT: {}
COMMAND: POST /session/e7e046f545b47c9805ddcb78f08915f8/execute/sync - {"script":"<script> [92 bytes]","args":[]}
RESULT: {"script":"<script> [92 bytes]","args":[]}
COMMAND: POST /session/e7e046f545b47c9805ddcb78f08915f8/actions - {"actions":[{"id":"action35","type":"wheel","parameters":{},"actions":[{"type":"scroll","x":-1820,"y":-21,"deltaX":0,"deltaY":0,"duration":0,"origin":{"element-6066-11e4-a52e-4f735466cecf":"f.0B5413DFD1C3A3AA7B72F051E5DEC85E.d.DFFC269E340EA23FBDEAD639D9F41380.e.4632"}}]}]}
COMMAND: GET /session/e7e046f545b47c9805ddcb78f08915f8/screenshot - {}
RESULT: {}
COMMAND: POST /session/e7e046f545b47c9805ddcb78f08915f8/execute/sync - {"script":"<script> [79 bytes]","args":[{"element-6066-11e4-a52e-4f735466cecf":"f.0B5413DFD1C3A3AA7B72F051E5DEC85E.d.DFFC269E340EA23FBDEAD639D9F41380.e.4632","ELEMENT":"f.0B5413DFD1C3A3AA7B72F051E5DEC85E.d.DFFC269E340EA23FBDEAD639D9F41380.e.4632"},{"block":"start","inline":"nearest"}]}
RESULT: {"script":"<script> [79 bytes]","args":[{"element-6066-11e4-a52e-4f735466cecf":"f.0B5413DFD1C3A3AA7B72F051E5DEC85E.d.DFFC269E340EA23FBDEAD639D9F41380.e.4632","ELEMENT":"f.0B5413DFD1C3A3AA7B72F051E5DEC85E.d.DFFC269E340EA23FBDEAD639D9F41380.e.4632"},{"block":"start","inline":"nearest"}]}
COMMAND: GET /session/e7e046f545b47c9805ddcb78f08915f8/screenshot - {}
RESULT: {}
COMMAND: POST /session/e7e046f545b47c9805ddcb78f08915f8/element - {"using":"xpath","value":"//span[@id=\"application-manageresources-display-component---newResourceUnit--btnAddTimeSegment-img\"]"}
RESULT: {"using":"xpath","value":"//span[@id=\"application-manageresources-display-component---newResourceUnit--btnAddTimeSegment-img\"]"}
COMMAND: POST /session/e7e046f545b47c9805ddcb78f08915f8/execute/sync - {"script":"<script> [8489 bytes]","args":[{"element-6066-11e4-a52e-4f735466cecf":"f.0B5413DFD1C3A3AA7B72F051E5DEC85E.d.DFFC269E340EA23FBDEAD639D9F41380.e.4635","ELEMENT":"f.0B5413DFD1C3A3AA7B72F051E5DEC85E.d.DFFC269E340EA23FBDEAD639D9F41380.e.4635"}]}
RESULT: {"script":"<script> [8489 bytes]","args":[{"element-6066-11e4-a52e-4f735466cecf":"f.0B5413DFD1C3A3AA7B72F051E5DEC85E.d.DFFC269E340EA23FBDEAD639D9F41380.e.4635","ELEMENT":"f.0B5413DFD1C3A3AA7B72F051E5DEC85E.d.DFFC269E340EA23FBDEAD639D9F41380.e.4635"}]}
COMMAND: POST /session/e7e046f545b47c9805ddcb78f08915f8/element/f.0B5413DFD1C3A3AA7B72F051E5DEC85E.d.DFFC269E340EA23FBDEAD639D9F41380.e.4635/click - {}
COMMAND: GET /session/e7e046f545b47c9805ddcb78f08915f8/screenshot - {}
RESULT: {}
COMMAND: GET /session/e7e046f545b47c9805ddcb78f08915f8/screenshot - {}
COMMAND: POST /session/e7e046f545b47c9805ddcb78f08915f8/element - {"using":"xpath","value":"//input[@id=\"application-manageresources-display-component---newResourceUnit--idRuTSAdmin-application-manageresources-display-component---newResourceUnit--RUTimeSegment-0-inner\"]"}
RESULT: {}
RESULT: {}
RESULT: {"using":"xpath","value":"//input[@id=\"application-manageresources-display-component---newResourceUnit--idRuTSAdmin-application-manageresources-display-component---newResourceUnit--RUTimeSegment-0-inner\"]"}
COMMAND: POST /session/e7e046f545b47c9805ddcb78f08915f8/element/f.0B5413DFD1C3A3AA7B72F051E5DEC85E.d.DFFC269E340EA23FBDEAD639D9F41380.e.4638/clear - {}
RESULT: {}
COMMAND: POST /session/e7e046f545b47c9805ddcb78f08915f8/element/f.0B5413DFD1C3A3AA7B72F051E5DEC85E.d.DFFC269E340EA23FBDEAD639D9F41380.e.4638/value - {"text":"WebdriverYard5b5aq"}
COMMAND: GET /session/e7e046f545b47c9805ddcb78f08915f8/screenshot - {}
RESULT: {"text":"WebdriverYard5b5aq"}
COMMAND: GET /session/e7e046f545b47c9805ddcb78f08915f8/screenshot - {}
RESULT: {}
RESULT: {}
COMMAND: POST /session/e7e046f545b47c9805ddcb78f08915f8/actions - {"actions":[{"id":"action36","type":"key","parameters":{},"actions":[{"type":"keyDown","value":""},{"type":"pause","duration":10},{"type":"keyUp","value":""}]}]}
RESULT: {"actions":[{"id":"action36","type":"key","parameters":{},"actions":[{"type":"keyDown","value":""},{"type":"pause","duration":10},{"type":"keyUp","value":""}]}]}
COMMAND: GET /session/e7e046f545b47c9805ddcb78f08915f8/screenshot - {}
RESULT: {}
COMMAND: POST /session/e7e046f545b47c9805ddcb78f08915f8/execute/async - {"script":"<script> [1562 bytes]","args":[{"selector":{"controlType":"sap.m.Button","viewName":"reusables.view.manageresources.NewResourceUnit","viewId":"application-manageresources-display-component---newResourceUnit","i18NText":{"propertyName":"tooltip","key":"save"},"interaction":{"idSuffix":"BDI-content"}},"wdio_ui5_key":"reusablesview.manageresources.NewResourceUnitsap.m.Button{\"propertyName\":\"tooltip\",\"key\":\"save\"}"}]}
RESULT: {"script":"<script> [1562 bytes]","args":[{"selector":{"controlType":"sap.m.Button","viewName":"reusables.view.manageresources.NewResourceUnit","viewId":"application-manageresources-display-component---newResourceUnit","i18NText":{"propertyName":"tooltip","key":"save"},"interaction":{"idSuffix":"BDI-content"}},"wdio_ui5_key":"reusablesview.manageresources.NewResourceUnitsap.m.Button{\"propertyName\":\"tooltip\",\"key\":\"save\"}"}]}
RESULT: undefined
COMMAND: POST /session/e7e046f545b47c9805ddcb78f08915f8/element - {"using":"xpath","value":"//*[@id=\"application-manageresources-display-component---newResourceUnit--createRuButton\"]"}
RESULT: {"using":"xpath","value":"//*[@id=\"application-manageresources-display-component---newResourceUnit--createRuButton\"]"}
COMMAND: POST /session/e7e046f545b47c9805ddcb78f08915f8/element/f.0B5413DFD1C3A3AA7B72F051E5DEC85E.d.DFFC269E340EA23FBDEAD639D9F41380.e.4498/click - {}
RESULT: {}
COMMAND: GET /session/e7e046f545b47c9805ddcb78f08915f8/screenshot - {}
RESULT: {}
COMMAND: POST /session/e7e046f545b47c9805ddcb78f08915f8/execute/async - {"script":"<script> [1562 bytes]","args":[{"selector":{"controlType":"sap.m.Title","properties":{"text":"Success"},"searchOpenDialogs":true},"wdio_ui5_key":"sapm.Title{\"text\":\"Success\"}"}]}
RESULT: {"script":"<script> [1562 bytes]","args":[{"selector":{"controlType":"sap.m.Title","properties":{"text":"Success"},"searchOpenDialogs":true},"wdio_ui5_key":"sapm.Title{\"text\":\"Success\"}"}]}
RESULT: undefined
COMMAND: POST /session/e7e046f545b47c9805ddcb78f08915f8/execute/async - {"script":"<script> [6424 bytes]","args":[{"element-6066-11e4-a52e-4f735466cecf":"f.0B5413DFD1C3A3AA7B72F051E5DEC85E.d.DFFC269E340EA23FBDEAD639D9F41380.e.4654"},"getText",[]]}
RESULT: {"script":"<script> [6424 bytes]","args":[{"element-6066-11e4-a52e-4f735466cecf":"f.0B5413DFD1C3A3AA7B72F051E5DEC85E.d.DFFC269E340EA23FBDEAD639D9F41380.e.4654"},"getText",[]]}
COMMAND: POST /session/e7e046f545b47c9805ddcb78f08915f8/element - {"using":"xpath","value":"//*[contains(@id, '__text') and (contains(text(), 'successfully created') or contains(., 'successfully created'))]"}
RESULT: {"using":"xpath","value":"//*[contains(@id, '__text') and (contains(text(), 'successfully created') or contains(., 'successfully created'))]"}
COMMAND: GET /session/e7e046f545b47c9805ddcb78f08915f8/element/f.0B5413DFD1C3A3AA7B72F051E5DEC85E.d.DFFC269E340EA23FBDEAD639D9F41380.e.4652/text - {}
RESULT: {}
COMMAND: POST /session/e7e046f545b47c9805ddcb78f08915f8/execute/async - {"script":"<script> [1562 bytes]","args":[{"selector":{"controlType":"sap.m.Button","properties":{"text":"Close"},"searchOpenDialogs":true,"interaction":{"idSuffix":"BDI-content"}},"wdio_ui5_key":"sapm.Button{\"text\":\"Close\"}"}]}
RESULT: {"script":"<script> [1562 bytes]","args":[{"selector":{"controlType":"sap.m.Button","properties":{"text":"Close"},"searchOpenDialogs":true,"interaction":{"idSuffix":"BDI-content"}},"wdio_ui5_key":"sapm.Button{\"text\":\"Close\"}"}]}
RESULT: undefined
COMMAND: POST /session/e7e046f545b47c9805ddcb78f08915f8/element - {"using":"xpath","value":"//*[@id=\"__mbox-btn-1\"]"}
RESULT: {"using":"xpath","value":"//*[@id=\"__mbox-btn-1\"]"}
COMMAND: POST /session/e7e046f545b47c9805ddcb78f08915f8/element/f.0B5413DFD1C3A3AA7B72F051E5DEC85E.d.DFFC269E340EA23FBDEAD639D9F41380.e.4651/click - {}
RESULT: {}
COMMAND: GET /session/e7e046f545b47c9805ddcb78f08915f8/screenshot - {}
RESULT: {}
COMMAND: POST /session/e7e046f545b47c9805ddcb78f08915f8/execute/async - {"script":"<script> [1562 bytes]","args":[{"selector":{"controlType":"sap.ui.core.Icon","viewName":"etm.portal.ui.manageresources.view.Detail","viewId":"application-manageresources-display-component---detailRU","properties":{"src":{"regex":{"source":"overflow"}}}},"wdio_ui5_key":"etmportal.ui.manageresources.view.Detailsap.ui.core.Icon{\"src\":{\"regex\":{\"source\":\"overflow\"}}}"}]}
RESULT: {"script":"<script> [1562 bytes]","args":[{"selector":{"controlType":"sap.ui.core.Icon","viewName":"etm.portal.ui.manageresources.view.Detail","viewId":"application-manageresources-display-component---detailRU","properties":{"src":{"regex":{"source":"overflow"}}}},"wdio_ui5_key":"etmportal.ui.manageresources.view.Detailsap.ui.core.Icon{\"src\":{\"regex\":{\"source\":\"overflow\"}}}"}]}
RESULT: undefined
COMMAND: POST /session/e7e046f545b47c9805ddcb78f08915f8/element - {"using":"xpath","value":"//*[@id=\"__title81-_actionsToolbar-overflowButton-img\"]"}
RESULT: {"using":"xpath","value":"//*[@id=\"__title81-_actionsToolbar-overflowButton-img\"]"}
COMMAND: POST /session/e7e046f545b47c9805ddcb78f08915f8/element/f.0B5413DFD1C3A3AA7B72F051E5DEC85E.d.DFFC269E340EA23FBDEAD639D9F41380.e.4688/click - {}
RESULT: {}
COMMAND: POST /session/e7e046f545b47c9805ddcb78f08915f8/execute/async - {"script":"<script> [1562 bytes]","args":[{"selector":{"controlType":"sap.m.Button","viewName":"etm.portal.ui.manageresources.view.Detail","viewId":"application-manageresources-display-component---detailRU","i18NText":{"propertyName":"tooltip","key":"closeColumn"},"searchOpenDialogs":true,"interaction":{"idSuffix":"inner"}},"wdio_ui5_key":"etmportal.ui.manageresources.view.Detailsap.m.Button{\"propertyName\":\"tooltip\",\"key\":\"closeColumn\"}"}]}
COMMAND: GET /session/e7e046f545b47c9805ddcb78f08915f8/screenshot - {}
RESULT: {"script":"<script> [1562 bytes]","args":[{"selector":{"controlType":"sap.m.Button","viewName":"etm.portal.ui.manageresources.view.Detail","viewId":"application-manageresources-display-component---detailRU","i18NText":{"propertyName":"tooltip","key":"closeColumn"},"searchOpenDialogs":true,"interaction":{"idSuffix":"inner"}},"wdio_ui5_key":"etmportal.ui.manageresources.view.Detailsap.m.Button{\"propertyName\":\"tooltip\",\"key\":\"closeColumn\"}"}]}
RESULT: undefined
COMMAND: POST /session/e7e046f545b47c9805ddcb78f08915f8/element - {"using":"xpath","value":"//*[@id=\"__button257\"]"}
RESULT: {}
RESULT: {"using":"xpath","value":"//*[@id=\"__button257\"]"}
COMMAND: POST /session/e7e046f545b47c9805ddcb78f08915f8/element/f.0B5413DFD1C3A3AA7B72F051E5DEC85E.d.DFFC269E340EA23FBDEAD639D9F41380.e.4690/click - {}
RESULT: {}
COMMAND: GET /session/e7e046f545b47c9805ddcb78f08915f8/screenshot - {}
RESULT: {}
COMMAND: POST /session/e7e046f545b47c9805ddcb78f08915f8/refresh - {}
RESULT: {}
COMMAND: GET /session/e7e046f545b47c9805ddcb78f08915f8/screenshot - {}
RESULT: {}
COMMAND: POST /session/e7e046f545b47c9805ddcb78f08915f8/execute/async - {"script":"<script> [189 bytes]","args":[]}
RESULT: {"script":"<script> [189 bytes]","args":[]}
COMMAND: POST /session/e7e046f545b47c9805ddcb78f08915f8/execute/async - {"script":"<script> [123 bytes]","args":[]}
RESULT: {"script":"<script> [123 bytes]","args":[]}
COMMAND: POST /session/e7e046f545b47c9805ddcb78f08915f8/timeouts - {"script":"<number>"}
RESULT: {"script":"<number>"}
COMMAND: GET /session/e7e046f545b47c9805ddcb78f08915f8/timeouts - {}
RESULT: {}
RESULT: undefined
COMMAND: POST /session/e7e046f545b47c9805ddcb78f08915f8/execute/async - {"script":"<script> [2676 bytes]","args":[]}
RESULT: {"script":"<script> [2676 bytes]","args":[]}
COMMAND: POST /session/e7e046f545b47c9805ddcb78f08915f8/execute/async - {"script":"<script> [2342 bytes]","args":[{"protocol":"http","hostname":"0.0.0.0","path":"/","capabilities":{"browserName":"chrome","goog:chromeOptions":{"binary":"C:\\Program Files\\Google\\Chrome\\Application\\chrome.exe","args":["--start-maximized"]}},"logLevel":"warn","connectionRetryTimeout":120000,"connectionRetryCount":3,"logLevels":{},"enableDirectConnect":true,"strictSSL":true,"_":"65 more keys: [\"cacheDir\",\"port\",\"requestedCapabilities\",\"automationProtocol\",\"baseUrl\",\"waitforInterval\",\"waitforTimeout\",\"onReload\",\"beforeCommand\",\"afterCommand\",\"rootDir\",\"specs\",\"suites\",\"exclude\",\"groupLogsByTestSpec\",\"excludeDriverLogs\",\"bail\",\"framework\",\"reporters\",\"services\",\"maxInstances\",\"maxInstancesPerCapability\",\"injectGlobals\",\"filesToWatch\",\"execArgv\",\"runnerEnv\",\"runner\",\"shard\",\"specFileRetries\",\"specFileRetriesDelay\",\"specFileRetriesDeferred\",\"reporterSyncInterval\",\"reporterSyncTimeout\",\"cucumberFeaturesWithLineNumbers\",\"autoCompileOpts\",\"mochaOpts\",\"jasmineOpts\",\"cucumberOpts\",\"onPrepare\",\"onWorkerStart\",\"onWorkerEnd\",\"before\",\"beforeSession\",\"beforeSuite\",\"beforeHook\",\"beforeTest\",\"afterTest\",\"afterHook\",\"afterSuite\",\"afterSession\",\"after\",\"onComplete\",\"beforeAssertion\",\"afterAssertion\",\"beforeFeature\",\"beforeScenario\",\"beforeStep\",\"afterStep\",\"afterScenario\",\"afterFeature\",\"_\",\"suite\",\"$0\",\"ignoredWorkerServices\",\"wdi5\"]"}]}
RESULT: {"script":"<script> [2342 bytes]","args":[{"protocol":"http","hostname":"0.0.0.0","path":"/","capabilities":{"browserName":"chrome","goog:chromeOptions":{"binary":"C:\\Program Files\\Google\\Chrome\\Application\\chrome.exe","args":["--start-maximized"]}},"logLevel":"warn","connectionRetryTimeout":120000,"connectionRetryCount":3,"logLevels":{},"enableDirectConnect":true,"strictSSL":true,"_":"65 more keys: [\"cacheDir\",\"port\",\"requestedCapabilities\",\"automationProtocol\",\"baseUrl\",\"waitforInterval\",\"waitforTimeout\",\"onReload\",\"beforeCommand\",\"afterCommand\",\"rootDir\",\"specs\",\"suites\",\"exclude\",\"groupLogsByTestSpec\",\"excludeDriverLogs\",\"bail\",\"framework\",\"reporters\",\"services\",\"maxInstances\",\"maxInstancesPerCapability\",\"injectGlobals\",\"filesToWatch\",\"execArgv\",\"runnerEnv\",\"runner\",\"shard\",\"specFileRetries\",\"specFileRetriesDelay\",\"specFileRetriesDeferred\",\"reporterSyncInterval\",\"reporterSyncTimeout\",\"cucumberFeaturesWithLineNumbers\",\"autoCompileOpts\",\"mochaOpts\",\"jasmineOpts\",\"cucumberOpts\",\"onPrepare\",\"onWorkerStart\",\"onWorkerEnd\",\"before\",\"beforeSession\",\"beforeSuite\",\"beforeHook\",\"beforeTest\",\"afterTest\",\"afterHook\",\"afterSuite\",\"afterSession\",\"after\",\"onComplete\",\"beforeAssertion\",\"afterAssertion\",\"beforeFeature\",\"beforeScenario\",\"beforeStep\",\"afterStep\",\"afterScenario\",\"afterFeature\",\"_\",\"suite\",\"$0\",\"ignoredWorkerServices\",\"wdi5\"]"}]}
COMMAND: POST /session/e7e046f545b47c9805ddcb78f08915f8/execute/async - {"script":"<script> [21126 bytes]","args":[35000]}
RESULT: {"script":"<script> [21126 bytes]","args":[35000]}
COMMAND: POST /session/e7e046f545b47c9805ddcb78f08915f8/element - {"using":"css selector","value":"#shell-header-logo"}
RESULT: {"using":"css selector","value":"#shell-header-logo"}
COMMAND: POST /session/e7e046f545b47c9805ddcb78f08915f8/element/f.0B5413DFD1C3A3AA7B72F051E5DEC85E.d.1737457AE88B0D3CC24267951C7AAF7E.e.4795/click - {}
RESULT: {}
COMMAND: GET /session/e7e046f545b47c9805ddcb78f08915f8/screenshot - {}
RESULT: {}
COMMAND: POST /session/e7e046f545b47c9805ddcb78f08915f8/element - {"using":"css selector","value":"#shell-header-logo"}
RESULT: {"using":"css selector","value":"#shell-header-logo"}
COMMAND: POST /session/e7e046f545b47c9805ddcb78f08915f8/element/f.0B5413DFD1C3A3AA7B72F051E5DEC85E.d.1737457AE88B0D3CC24267951C7AAF7E.e.4976/click - {}
RESULT: {}
COMMAND: GET /session/e7e046f545b47c9805ddcb78f08915f8/screenshot - {}
RESULT: {}
]]></system-out>
    </testcase>
    <testcase classname="chrome.136_0_7103_93.windows.Manage_request_+_Contract_processing_pick_up_option_US120163_" name="Should Create New Request pick up option" time="213.207">
      <system-out><![CDATA[
COMMAND: POST /session/e7e046f545b47c9805ddcb78f08915f8/element - {"using":"css selector","value":"#shell-header-logo"}
RESULT: {"using":"css selector","value":"#shell-header-logo"}
COMMAND: POST /session/e7e046f545b47c9805ddcb78f08915f8/element/f.0B5413DFD1C3A3AA7B72F051E5DEC85E.d.1737457AE88B0D3CC24267951C7AAF7E.e.4976/click - {}
RESULT: {}
COMMAND: GET /session/e7e046f545b47c9805ddcb78f08915f8/screenshot - {}
RESULT: {}
COMMAND: POST /session/e7e046f545b47c9805ddcb78f08915f8/execute/async - {"script":"<script> [1562 bytes]","args":[{"selector":{"controlType":"sap.m.GenericTile","properties":{"header":"Manage Requests"}},"wdio_ui5_key":"sapm.GenericTile{\"header\":\"Manage Requests\"}"}]}
RESULT: {"script":"<script> [1562 bytes]","args":[{"selector":{"controlType":"sap.m.GenericTile","properties":{"header":"Manage Requests"}},"wdio_ui5_key":"sapm.GenericTile{\"header\":\"Manage Requests\"}"}]}
RESULT: undefined
COMMAND: POST /session/e7e046f545b47c9805ddcb78f08915f8/element - {"using":"xpath","value":"//*[@id=\"__tile47\"]"}
RESULT: {"using":"xpath","value":"//*[@id=\"__tile47\"]"}
COMMAND: POST /session/e7e046f545b47c9805ddcb78f08915f8/element/f.0B5413DFD1C3A3AA7B72F051E5DEC85E.d.1737457AE88B0D3CC24267951C7AAF7E.e.4985/click - {}
RESULT: {}
COMMAND: GET /session/e7e046f545b47c9805ddcb78f08915f8/screenshot - {}
RESULT: {}
COMMAND: POST /session/e7e046f545b47c9805ddcb78f08915f8/elements - {"using":"xpath","value":"//span[text()='Error']"}
RESULT: {"using":"xpath","value":"//span[text()='Error']"}
COMMAND: POST /session/e7e046f545b47c9805ddcb78f08915f8/refresh - {}
RESULT: {}
COMMAND: GET /session/e7e046f545b47c9805ddcb78f08915f8/screenshot - {}
RESULT: {}
COMMAND: POST /session/e7e046f545b47c9805ddcb78f08915f8/execute/async - {"script":"<script> [189 bytes]","args":[]}
RESULT: {"script":"<script> [189 bytes]","args":[]}
COMMAND: POST /session/e7e046f545b47c9805ddcb78f08915f8/execute/async - {"script":"<script> [123 bytes]","args":[]}
RESULT: {"script":"<script> [123 bytes]","args":[]}
COMMAND: POST /session/e7e046f545b47c9805ddcb78f08915f8/timeouts - {"script":"<number>"}
RESULT: {"script":"<number>"}
COMMAND: GET /session/e7e046f545b47c9805ddcb78f08915f8/timeouts - {}
RESULT: {}
RESULT: undefined
COMMAND: POST /session/e7e046f545b47c9805ddcb78f08915f8/execute/async - {"script":"<script> [2676 bytes]","args":[]}
RESULT: {"script":"<script> [2676 bytes]","args":[]}
COMMAND: POST /session/e7e046f545b47c9805ddcb78f08915f8/execute/async - {"script":"<script> [2342 bytes]","args":[{"protocol":"http","hostname":"0.0.0.0","path":"/","capabilities":{"browserName":"chrome","goog:chromeOptions":{"binary":"C:\\Program Files\\Google\\Chrome\\Application\\chrome.exe","args":["--start-maximized"]}},"logLevel":"warn","connectionRetryTimeout":120000,"connectionRetryCount":3,"logLevels":{},"enableDirectConnect":true,"strictSSL":true,"_":"65 more keys: [\"cacheDir\",\"port\",\"requestedCapabilities\",\"automationProtocol\",\"baseUrl\",\"waitforInterval\",\"waitforTimeout\",\"onReload\",\"beforeCommand\",\"afterCommand\",\"rootDir\",\"specs\",\"suites\",\"exclude\",\"groupLogsByTestSpec\",\"excludeDriverLogs\",\"bail\",\"framework\",\"reporters\",\"services\",\"maxInstances\",\"maxInstancesPerCapability\",\"injectGlobals\",\"filesToWatch\",\"execArgv\",\"runnerEnv\",\"runner\",\"shard\",\"specFileRetries\",\"specFileRetriesDelay\",\"specFileRetriesDeferred\",\"reporterSyncInterval\",\"reporterSyncTimeout\",\"cucumberFeaturesWithLineNumbers\",\"autoCompileOpts\",\"mochaOpts\",\"jasmineOpts\",\"cucumberOpts\",\"onPrepare\",\"onWorkerStart\",\"onWorkerEnd\",\"before\",\"beforeSession\",\"beforeSuite\",\"beforeHook\",\"beforeTest\",\"afterTest\",\"afterHook\",\"afterSuite\",\"afterSession\",\"after\",\"onComplete\",\"beforeAssertion\",\"afterAssertion\",\"beforeFeature\",\"beforeScenario\",\"beforeStep\",\"afterStep\",\"afterScenario\",\"afterFeature\",\"_\",\"suite\",\"$0\",\"ignoredWorkerServices\",\"wdi5\"]"}]}
RESULT: {"script":"<script> [2342 bytes]","args":[{"protocol":"http","hostname":"0.0.0.0","path":"/","capabilities":{"browserName":"chrome","goog:chromeOptions":{"binary":"C:\\Program Files\\Google\\Chrome\\Application\\chrome.exe","args":["--start-maximized"]}},"logLevel":"warn","connectionRetryTimeout":120000,"connectionRetryCount":3,"logLevels":{},"enableDirectConnect":true,"strictSSL":true,"_":"65 more keys: [\"cacheDir\",\"port\",\"requestedCapabilities\",\"automationProtocol\",\"baseUrl\",\"waitforInterval\",\"waitforTimeout\",\"onReload\",\"beforeCommand\",\"afterCommand\",\"rootDir\",\"specs\",\"suites\",\"exclude\",\"groupLogsByTestSpec\",\"excludeDriverLogs\",\"bail\",\"framework\",\"reporters\",\"services\",\"maxInstances\",\"maxInstancesPerCapability\",\"injectGlobals\",\"filesToWatch\",\"execArgv\",\"runnerEnv\",\"runner\",\"shard\",\"specFileRetries\",\"specFileRetriesDelay\",\"specFileRetriesDeferred\",\"reporterSyncInterval\",\"reporterSyncTimeout\",\"cucumberFeaturesWithLineNumbers\",\"autoCompileOpts\",\"mochaOpts\",\"jasmineOpts\",\"cucumberOpts\",\"onPrepare\",\"onWorkerStart\",\"onWorkerEnd\",\"before\",\"beforeSession\",\"beforeSuite\",\"beforeHook\",\"beforeTest\",\"afterTest\",\"afterHook\",\"afterSuite\",\"afterSession\",\"after\",\"onComplete\",\"beforeAssertion\",\"afterAssertion\",\"beforeFeature\",\"beforeScenario\",\"beforeStep\",\"afterStep\",\"afterScenario\",\"afterFeature\",\"_\",\"suite\",\"$0\",\"ignoredWorkerServices\",\"wdi5\"]"}]}
COMMAND: POST /session/e7e046f545b47c9805ddcb78f08915f8/execute/async - {"script":"<script> [21126 bytes]","args":[35000]}
RESULT: {"script":"<script> [21126 bytes]","args":[35000]}
COMMAND: POST /session/e7e046f545b47c9805ddcb78f08915f8/element - {"using":"xpath","value":"//button[contains(@data-kt ,\"btnCreateNewOverflowToolbarButton\")]"}
COMMAND: POST /session/e7e046f545b47c9805ddcb78f08915f8/element - {"using":"xpath","value":"(//span[contains(@class ,\"sapMObjStatusText\")])[1]"}
RESULT: {"using":"xpath","value":"//button[contains(@data-kt ,\"btnCreateNewOverflowToolbarButton\")]"}
COMMAND: POST /session/e7e046f545b47c9805ddcb78f08915f8/elements - {"using":"xpath","value":"//button[contains(@data-kt ,\"btnCreateNewOverflowToolbarButton\")]"}
RESULT: {"using":"xpath","value":"(//span[contains(@class ,\"sapMObjStatusText\")])[1]"}
COMMAND: POST /session/e7e046f545b47c9805ddcb78f08915f8/element - {"using":"xpath","value":"(//span[contains(@class ,\"sapMObjStatusText\")])[1]"}
RESULT: {"using":"xpath","value":"//button[contains(@data-kt ,\"btnCreateNewOverflowToolbarButton\")]"}
RESULT: {"using":"xpath","value":"(//span[contains(@class ,\"sapMObjStatusText\")])[1]"}
COMMAND: POST /session/e7e046f545b47c9805ddcb78f08915f8/elements - {"using":"xpath","value":"//button[contains(@data-kt ,\"btnCreateNewOverflowToolbarButton\")]"}
COMMAND: POST /session/e7e046f545b47c9805ddcb78f08915f8/element - {"using":"xpath","value":"(//span[contains(@class ,\"sapMObjStatusText\")])[1]"}
RESULT: {"using":"xpath","value":"//button[contains(@data-kt ,\"btnCreateNewOverflowToolbarButton\")]"}
RESULT: {"using":"xpath","value":"(//span[contains(@class ,\"sapMObjStatusText\")])[1]"}
COMMAND: POST /session/e7e046f545b47c9805ddcb78f08915f8/elements - {"using":"xpath","value":"//button[contains(@data-kt ,\"btnCreateNewOverflowToolbarButton\")]"}
COMMAND: POST /session/e7e046f545b47c9805ddcb78f08915f8/element - {"using":"xpath","value":"(//span[contains(@class ,\"sapMObjStatusText\")])[1]"}
RESULT: {"using":"xpath","value":"//button[contains(@data-kt ,\"btnCreateNewOverflowToolbarButton\")]"}
COMMAND: POST /session/e7e046f545b47c9805ddcb78f08915f8/elements - {"using":"xpath","value":"//button[contains(@data-kt ,\"btnCreateNewOverflowToolbarButton\")]"}
RESULT: {"using":"xpath","value":"(//span[contains(@class ,\"sapMObjStatusText\")])[1]"}
RESULT: {"using":"xpath","value":"//button[contains(@data-kt ,\"btnCreateNewOverflowToolbarButton\")]"}
COMMAND: POST /session/e7e046f545b47c9805ddcb78f08915f8/element - {"using":"xpath","value":"(//span[contains(@class ,\"sapMObjStatusText\")])[1]"}
COMMAND: POST /session/e7e046f545b47c9805ddcb78f08915f8/elements - {"using":"xpath","value":"//button[contains(@data-kt ,\"btnCreateNewOverflowToolbarButton\")]"}
RESULT: {"using":"xpath","value":"(//span[contains(@class ,\"sapMObjStatusText\")])[1]"}
RESULT: {"using":"xpath","value":"//button[contains(@data-kt ,\"btnCreateNewOverflowToolbarButton\")]"}
COMMAND: POST /session/e7e046f545b47c9805ddcb78f08915f8/element - {"using":"xpath","value":"(//span[contains(@class ,\"sapMObjStatusText\")])[1]"}
COMMAND: POST /session/e7e046f545b47c9805ddcb78f08915f8/elements - {"using":"xpath","value":"//button[contains(@data-kt ,\"btnCreateNewOverflowToolbarButton\")]"}
RESULT: {"using":"xpath","value":"(//span[contains(@class ,\"sapMObjStatusText\")])[1]"}
RESULT: {"using":"xpath","value":"//button[contains(@data-kt ,\"btnCreateNewOverflowToolbarButton\")]"}
COMMAND: POST /session/e7e046f545b47c9805ddcb78f08915f8/element - {"using":"xpath","value":"(//span[contains(@class ,\"sapMObjStatusText\")])[1]"}
COMMAND: POST /session/e7e046f545b47c9805ddcb78f08915f8/elements - {"using":"xpath","value":"//button[contains(@data-kt ,\"btnCreateNewOverflowToolbarButton\")]"}
RESULT: {"using":"xpath","value":"(//span[contains(@class ,\"sapMObjStatusText\")])[1]"}
RESULT: {"using":"xpath","value":"//button[contains(@data-kt ,\"btnCreateNewOverflowToolbarButton\")]"}
COMMAND: POST /session/e7e046f545b47c9805ddcb78f08915f8/element - {"using":"xpath","value":"(//span[contains(@class ,\"sapMObjStatusText\")])[1]"}
COMMAND: POST /session/e7e046f545b47c9805ddcb78f08915f8/elements - {"using":"xpath","value":"//button[contains(@data-kt ,\"btnCreateNewOverflowToolbarButton\")]"}
RESULT: {"using":"xpath","value":"//button[contains(@data-kt ,\"btnCreateNewOverflowToolbarButton\")]"}
COMMAND: POST /session/e7e046f545b47c9805ddcb78f08915f8/elements - {"using":"xpath","value":"//button[contains(@data-kt ,\"btnCreateNewOverflowToolbarButton\")]"}
RESULT: {"using":"xpath","value":"(//span[contains(@class ,\"sapMObjStatusText\")])[1]"}
RESULT: {"using":"xpath","value":"//button[contains(@data-kt ,\"btnCreateNewOverflowToolbarButton\")]"}
COMMAND: POST /session/e7e046f545b47c9805ddcb78f08915f8/element - {"using":"xpath","value":"(//span[contains(@class ,\"sapMObjStatusText\")])[1]"}
RESULT: {"using":"xpath","value":"(//span[contains(@class ,\"sapMObjStatusText\")])[1]"}
COMMAND: POST /session/e7e046f545b47c9805ddcb78f08915f8/element - {"using":"xpath","value":"(//span[contains(@class ,\"sapMObjStatusText\")])[1]"}
RESULT: {"using":"xpath","value":"(//span[contains(@class ,\"sapMObjStatusText\")])[1]"}
COMMAND: POST /session/e7e046f545b47c9805ddcb78f08915f8/elements - {"using":"xpath","value":"//button[contains(@data-kt ,\"btnCreateNewOverflowToolbarButton\")]"}
RESULT: {"using":"xpath","value":"//button[contains(@data-kt ,\"btnCreateNewOverflowToolbarButton\")]"}
COMMAND: POST /session/e7e046f545b47c9805ddcb78f08915f8/element - {"using":"xpath","value":"(//span[contains(@class ,\"sapMObjStatusText\")])[1]"}
RESULT: {"using":"xpath","value":"(//span[contains(@class ,\"sapMObjStatusText\")])[1]"}
COMMAND: POST /session/e7e046f545b47c9805ddcb78f08915f8/elements - {"using":"xpath","value":"//button[contains(@data-kt ,\"btnCreateNewOverflowToolbarButton\")]"}
RESULT: {"using":"xpath","value":"//button[contains(@data-kt ,\"btnCreateNewOverflowToolbarButton\")]"}
COMMAND: POST /session/e7e046f545b47c9805ddcb78f08915f8/element - {"using":"xpath","value":"(//span[contains(@class ,\"sapMObjStatusText\")])[1]"}
RESULT: {"using":"xpath","value":"(//span[contains(@class ,\"sapMObjStatusText\")])[1]"}
COMMAND: POST /session/e7e046f545b47c9805ddcb78f08915f8/elements - {"using":"xpath","value":"//button[contains(@data-kt ,\"btnCreateNewOverflowToolbarButton\")]"}
RESULT: {"using":"xpath","value":"//button[contains(@data-kt ,\"btnCreateNewOverflowToolbarButton\")]"}
COMMAND: POST /session/e7e046f545b47c9805ddcb78f08915f8/element - {"using":"xpath","value":"(//span[contains(@class ,\"sapMObjStatusText\")])[1]"}
RESULT: {"using":"xpath","value":"(//span[contains(@class ,\"sapMObjStatusText\")])[1]"}
COMMAND: POST /session/e7e046f545b47c9805ddcb78f08915f8/elements - {"using":"xpath","value":"//button[contains(@data-kt ,\"btnCreateNewOverflowToolbarButton\")]"}
COMMAND: POST /session/e7e046f545b47c9805ddcb78f08915f8/element - {"using":"xpath","value":"(//span[contains(@class ,\"sapMObjStatusText\")])[1]"}
RESULT: {"using":"xpath","value":"//button[contains(@data-kt ,\"btnCreateNewOverflowToolbarButton\")]"}
COMMAND: POST /session/e7e046f545b47c9805ddcb78f08915f8/element - {"using":"xpath","value":"//button[contains(@data-kt ,\"btnCreateNewOverflowToolbarButton\")]"}
RESULT: {"using":"xpath","value":"(//span[contains(@class ,\"sapMObjStatusText\")])[1]"}
COMMAND: POST /session/e7e046f545b47c9805ddcb78f08915f8/element - {"using":"xpath","value":"(//span[contains(@class ,\"sapMObjStatusText\")])[1]"}
RESULT: {"using":"xpath","value":"//button[contains(@data-kt ,\"btnCreateNewOverflowToolbarButton\")]"}
COMMAND: POST /session/e7e046f545b47c9805ddcb78f08915f8/element/f.0B5413DFD1C3A3AA7B72F051E5DEC85E.d.D4E32DB314E0D99F338D08AD210120DD.e.5125/click - {}
RESULT: {"using":"xpath","value":"(//span[contains(@class ,\"sapMObjStatusText\")])[1]"}
COMMAND: POST /session/e7e046f545b47c9805ddcb78f08915f8/element - {"using":"xpath","value":"(//span[contains(@class ,\"sapMObjStatusText\")])[1]"}
RESULT: {}
COMMAND: GET /session/e7e046f545b47c9805ddcb78f08915f8/screenshot - {}
RESULT: {"using":"xpath","value":"(//span[contains(@class ,\"sapMObjStatusText\")])[1]"}
COMMAND: POST /session/e7e046f545b47c9805ddcb78f08915f8/element - {"using":"xpath","value":"(//span[contains(@class ,\"sapMObjStatusText\")])[1]"}
RESULT: {}
RESULT: {"using":"xpath","value":"(//span[contains(@class ,\"sapMObjStatusText\")])[1]"}
COMMAND: POST /session/e7e046f545b47c9805ddcb78f08915f8/element - {"using":"xpath","value":"(//span[contains(@class ,\"sapMObjStatusText\")])[1]"}
RESULT: {"using":"xpath","value":"(//span[contains(@class ,\"sapMObjStatusText\")])[1]"}
COMMAND: POST /session/e7e046f545b47c9805ddcb78f08915f8/element - {"using":"xpath","value":"(//span[contains(@class ,\"sapMObjStatusText\")])[1]"}
RESULT: {"using":"xpath","value":"(//span[contains(@class ,\"sapMObjStatusText\")])[1]"}
COMMAND: POST /session/e7e046f545b47c9805ddcb78f08915f8/element - {"using":"xpath","value":"(//span[contains(@class ,\"sapMObjStatusText\")])[1]"}
RESULT: {"using":"xpath","value":"(//span[contains(@class ,\"sapMObjStatusText\")])[1]"}
COMMAND: POST /session/e7e046f545b47c9805ddcb78f08915f8/element - {"using":"xpath","value":"(//span[contains(@class ,\"sapMObjStatusText\")])[1]"}
RESULT: {"using":"xpath","value":"(//span[contains(@class ,\"sapMObjStatusText\")])[1]"}
COMMAND: POST /session/e7e046f545b47c9805ddcb78f08915f8/element - {"using":"xpath","value":"(//span[contains(@class ,\"sapMObjStatusText\")])[1]"}
RESULT: {"using":"xpath","value":"(//span[contains(@class ,\"sapMObjStatusText\")])[1]"}
COMMAND: POST /session/e7e046f545b47c9805ddcb78f08915f8/element - {"using":"xpath","value":"(//span[contains(@class ,\"sapMObjStatusText\")])[1]"}
RESULT: {"using":"xpath","value":"(//span[contains(@class ,\"sapMObjStatusText\")])[1]"}
COMMAND: POST /session/e7e046f545b47c9805ddcb78f08915f8/element - {"using":"xpath","value":"(//span[contains(@class ,\"sapMObjStatusText\")])[1]"}
RESULT: {"using":"xpath","value":"(//span[contains(@class ,\"sapMObjStatusText\")])[1]"}
COMMAND: POST /session/e7e046f545b47c9805ddcb78f08915f8/element - {"using":"xpath","value":"(//span[contains(@class ,\"sapMObjStatusText\")])[1]"}
RESULT: {"using":"xpath","value":"(//span[contains(@class ,\"sapMObjStatusText\")])[1]"}
COMMAND: POST /session/e7e046f545b47c9805ddcb78f08915f8/element - {"using":"xpath","value":"(//span[contains(@class ,\"sapMObjStatusText\")])[1]"}
RESULT: {"using":"xpath","value":"(//span[contains(@class ,\"sapMObjStatusText\")])[1]"}
COMMAND: POST /session/e7e046f545b47c9805ddcb78f08915f8/element - {"using":"xpath","value":"(//span[contains(@class ,\"sapMObjStatusText\")])[1]"}
RESULT: {"using":"xpath","value":"(//span[contains(@class ,\"sapMObjStatusText\")])[1]"}
COMMAND: POST /session/e7e046f545b47c9805ddcb78f08915f8/element - {"using":"xpath","value":"(//span[contains(@class ,\"sapMObjStatusText\")])[1]"}
RESULT: {"using":"xpath","value":"(//span[contains(@class ,\"sapMObjStatusText\")])[1]"}
COMMAND: POST /session/e7e046f545b47c9805ddcb78f08915f8/element - {"using":"xpath","value":"(//span[contains(@class ,\"sapMObjStatusText\")])[1]"}
RESULT: {"using":"xpath","value":"(//span[contains(@class ,\"sapMObjStatusText\")])[1]"}
COMMAND: POST /session/e7e046f545b47c9805ddcb78f08915f8/element - {"using":"xpath","value":"(//span[contains(@class ,\"sapMObjStatusText\")])[1]"}
RESULT: {"using":"xpath","value":"(//span[contains(@class ,\"sapMObjStatusText\")])[1]"}
COMMAND: POST /session/e7e046f545b47c9805ddcb78f08915f8/element - {"using":"xpath","value":"(//span[contains(@class ,\"sapMObjStatusText\")])[1]"}
RESULT: {"using":"xpath","value":"(//span[contains(@class ,\"sapMObjStatusText\")])[1]"}
COMMAND: POST /session/e7e046f545b47c9805ddcb78f08915f8/element - {"using":"xpath","value":"(//span[contains(@class ,\"sapMObjStatusText\")])[1]"}
RESULT: {"using":"xpath","value":"(//span[contains(@class ,\"sapMObjStatusText\")])[1]"}
COMMAND: POST /session/e7e046f545b47c9805ddcb78f08915f8/element - {"using":"xpath","value":"(//span[contains(@class ,\"sapMObjStatusText\")])[1]"}
RESULT: {"using":"xpath","value":"(//span[contains(@class ,\"sapMObjStatusText\")])[1]"}
COMMAND: POST /session/e7e046f545b47c9805ddcb78f08915f8/element - {"using":"xpath","value":"(//span[contains(@class ,\"sapMObjStatusText\")])[1]"}
RESULT: {"using":"xpath","value":"(//span[contains(@class ,\"sapMObjStatusText\")])[1]"}
COMMAND: POST /session/e7e046f545b47c9805ddcb78f08915f8/element - {"using":"xpath","value":"(//span[contains(@class ,\"sapMObjStatusText\")])[1]"}
RESULT: {"using":"xpath","value":"(//span[contains(@class ,\"sapMObjStatusText\")])[1]"}
COMMAND: POST /session/e7e046f545b47c9805ddcb78f08915f8/element - {"using":"xpath","value":"(//span[contains(@class ,\"sapMObjStatusText\")])[1]"}
RESULT: {"using":"xpath","value":"(//span[contains(@class ,\"sapMObjStatusText\")])[1]"}
COMMAND: POST /session/e7e046f545b47c9805ddcb78f08915f8/element - {"using":"xpath","value":"(//span[contains(@class ,\"sapMObjStatusText\")])[1]"}
RESULT: {"using":"xpath","value":"(//span[contains(@class ,\"sapMObjStatusText\")])[1]"}
COMMAND: POST /session/e7e046f545b47c9805ddcb78f08915f8/element - {"using":"xpath","value":"(//span[contains(@class ,\"sapMObjStatusText\")])[1]"}
RESULT: {"using":"xpath","value":"(//span[contains(@class ,\"sapMObjStatusText\")])[1]"}
COMMAND: POST /session/e7e046f545b47c9805ddcb78f08915f8/element - {"using":"xpath","value":"(//span[contains(@class ,\"sapMObjStatusText\")])[1]"}
RESULT: {"using":"xpath","value":"(//span[contains(@class ,\"sapMObjStatusText\")])[1]"}
COMMAND: POST /session/e7e046f545b47c9805ddcb78f08915f8/element - {"using":"xpath","value":"(//span[contains(@class ,\"sapMObjStatusText\")])[1]"}
RESULT: {"using":"xpath","value":"(//span[contains(@class ,\"sapMObjStatusText\")])[1]"}
COMMAND: POST /session/e7e046f545b47c9805ddcb78f08915f8/execute/sync - {"script":"<script> [8489 bytes]","args":[{"element-6066-11e4-a52e-4f735466cecf":"f.0B5413DFD1C3A3AA7B72F051E5DEC85E.d.D4E32DB314E0D99F338D08AD210120DD.e.5314","ELEMENT":"f.0B5413DFD1C3A3AA7B72F051E5DEC85E.d.D4E32DB314E0D99F338D08AD210120DD.e.5314"}]}
RESULT: {"script":"<script> [8489 bytes]","args":[{"element-6066-11e4-a52e-4f735466cecf":"f.0B5413DFD1C3A3AA7B72F051E5DEC85E.d.D4E32DB314E0D99F338D08AD210120DD.e.5314","ELEMENT":"f.0B5413DFD1C3A3AA7B72F051E5DEC85E.d.D4E32DB314E0D99F338D08AD210120DD.e.5314"}]}
COMMAND: GET /session/e7e046f545b47c9805ddcb78f08915f8/screenshot - {}
RESULT: {}
COMMAND: POST /session/e7e046f545b47c9805ddcb78f08915f8/element - {"using":"xpath","value":"//input[contains(@id ,\"yardId-inner\")]"}
RESULT: {"using":"xpath","value":"//input[contains(@id ,\"yardId-inner\")]"}
COMMAND: POST /session/e7e046f545b47c9805ddcb78f08915f8/execute/sync - {"script":"<script> [8489 bytes]","args":[{"element-6066-11e4-a52e-4f735466cecf":"f.0B5413DFD1C3A3AA7B72F051E5DEC85E.d.D4E32DB314E0D99F338D08AD210120DD.e.5179","ELEMENT":"f.0B5413DFD1C3A3AA7B72F051E5DEC85E.d.D4E32DB314E0D99F338D08AD210120DD.e.5179"}]}
RESULT: {"script":"<script> [8489 bytes]","args":[{"element-6066-11e4-a52e-4f735466cecf":"f.0B5413DFD1C3A3AA7B72F051E5DEC85E.d.D4E32DB314E0D99F338D08AD210120DD.e.5179","ELEMENT":"f.0B5413DFD1C3A3AA7B72F051E5DEC85E.d.D4E32DB314E0D99F338D08AD210120DD.e.5179"}]}
COMMAND: POST /session/e7e046f545b47c9805ddcb78f08915f8/element - {"using":"xpath","value":"//input[contains(@id ,\"requestContractNo-inner\")]"}
COMMAND: POST /session/e7e046f545b47c9805ddcb78f08915f8/element - {"using":"xpath","value":"//input[contains(@id ,\"yardId-inner\")]"}
COMMAND: GET /session/e7e046f545b47c9805ddcb78f08915f8/screenshot - {}
RESULT: {"using":"xpath","value":"//input[contains(@id ,\"requestContractNo-inner\")]"}
COMMAND: POST /session/e7e046f545b47c9805ddcb78f08915f8/element/f.0B5413DFD1C3A3AA7B72F051E5DEC85E.d.D4E32DB314E0D99F338D08AD210120DD.e.5174/value - {"text":"10404"}
RESULT: {"using":"xpath","value":"//input[contains(@id ,\"yardId-inner\")]"}
COMMAND: GET /session/e7e046f545b47c9805ddcb78f08915f8/element/f.0B5413DFD1C3A3AA7B72F051E5DEC85E.d.D4E32DB314E0D99F338D08AD210120DD.e.5179/enabled - {}
RESULT: {}
RESULT: {"text":"10404"}
COMMAND: GET /session/e7e046f545b47c9805ddcb78f08915f8/screenshot - {}
RESULT: {}
COMMAND: GET /session/e7e046f545b47c9805ddcb78f08915f8/screenshot - {}
RESULT: {}
RESULT: {}
COMMAND: POST /session/e7e046f545b47c9805ddcb78f08915f8/actions - {"actions":[{"id":"action37","type":"key","parameters":{},"actions":[{"type":"keyDown","value":""},{"type":"pause","duration":10},{"type":"keyUp","value":""}]}]}
RESULT: {"actions":[{"id":"action37","type":"key","parameters":{},"actions":[{"type":"keyDown","value":""},{"type":"pause","duration":10},{"type":"keyUp","value":""}]}]}
COMMAND: GET /session/e7e046f545b47c9805ddcb78f08915f8/screenshot - {}
RESULT: {}
COMMAND: POST /session/e7e046f545b47c9805ddcb78f08915f8/execute/async - {"script":"<script> [1562 bytes]","args":[{"selector":{"controlType":"sap.m.Button","viewName":"etm.portal.ui.managerequests.view.NewRequest","properties":{"text":"Items"},"interaction":{"idSuffix":"BDI-content"}},"wdio_ui5_key":"etmportal.ui.managerequests.view.NewRequestsap.m.Button{\"text\":\"Items\"}"}]}
RESULT: {"script":"<script> [1562 bytes]","args":[{"selector":{"controlType":"sap.m.Button","viewName":"etm.portal.ui.managerequests.view.NewRequest","properties":{"text":"Items"},"interaction":{"idSuffix":"BDI-content"}},"wdio_ui5_key":"etmportal.ui.managerequests.view.NewRequestsap.m.Button{\"text\":\"Items\"}"}]}
RESULT: undefined
COMMAND: POST /session/e7e046f545b47c9805ddcb78f08915f8/element - {"using":"xpath","value":"//*[@id=\"__xmlview1--newRequestPage-anchBar-__xmlview1--requestItemsSection-anchor\"]"}
RESULT: {"using":"xpath","value":"//*[@id=\"__xmlview1--newRequestPage-anchBar-__xmlview1--requestItemsSection-anchor\"]"}
COMMAND: POST /session/e7e046f545b47c9805ddcb78f08915f8/element/f.0B5413DFD1C3A3AA7B72F051E5DEC85E.d.D4E32DB314E0D99F338D08AD210120DD.e.5324/click - {}
RESULT: {}
COMMAND: GET /session/e7e046f545b47c9805ddcb78f08915f8/screenshot - {}
RESULT: {}
COMMAND: POST /session/e7e046f545b47c9805ddcb78f08915f8/execute/async - {"script":"<script> [1562 bytes]","args":[{"selector":{"controlType":"sap.ui.core.Icon","viewName":"etm.portal.ui.managerequests.view.NewRequest","properties":{"src":{"regex":{"source":"inspect"}}}},"wdio_ui5_key":"etmportal.ui.managerequests.view.NewRequestsap.ui.core.Icon{\"src\":{\"regex\":{\"source\":\"inspect\"}}}"}]}
RESULT: {"script":"<script> [1562 bytes]","args":[{"selector":{"controlType":"sap.ui.core.Icon","viewName":"etm.portal.ui.managerequests.view.NewRequest","properties":{"src":{"regex":{"source":"inspect"}}}},"wdio_ui5_key":"etmportal.ui.managerequests.view.NewRequestsap.ui.core.Icon{\"src\":{\"regex\":{\"source\":\"inspect\"}}}"}]}
RESULT: undefined
COMMAND: POST /session/e7e046f545b47c9805ddcb78f08915f8/element - {"using":"xpath","value":"//*[@id=\"__button8-img\"]"}
RESULT: {"using":"xpath","value":"//*[@id=\"__button8-img\"]"}
COMMAND: POST /session/e7e046f545b47c9805ddcb78f08915f8/element/f.0B5413DFD1C3A3AA7B72F051E5DEC85E.d.D4E32DB314E0D99F338D08AD210120DD.e.5330/click - {}
RESULT: {}
COMMAND: GET /session/e7e046f545b47c9805ddcb78f08915f8/screenshot - {}
RESULT: {}
COMMAND: POST /session/e7e046f545b47c9805ddcb78f08915f8/execute/async - {"script":"<script> [1562 bytes]","args":[{"selector":{"controlType":"sap.ui.core.Icon","viewName":"etm.portal.ui.managerequests.view.NewRequest","properties":{"src":{"regex":{"source":"add"}}}},"wdio_ui5_key":"etmportal.ui.managerequests.view.NewRequestsap.ui.core.Icon{\"src\":{\"regex\":{\"source\":\"add\"}}}"}]}
RESULT: {"script":"<script> [1562 bytes]","args":[{"selector":{"controlType":"sap.ui.core.Icon","viewName":"etm.portal.ui.managerequests.view.NewRequest","properties":{"src":{"regex":{"source":"add"}}}},"wdio_ui5_key":"etmportal.ui.managerequests.view.NewRequestsap.ui.core.Icon{\"src\":{\"regex\":{\"source\":\"add\"}}}"}]}
RESULT: undefined
COMMAND: POST /session/e7e046f545b47c9805ddcb78f08915f8/element - {"using":"xpath","value":"//*[@id=\"__xmlview1--btnAddTableRow-img\"]"}
RESULT: {"using":"xpath","value":"//*[@id=\"__xmlview1--btnAddTableRow-img\"]"}
COMMAND: POST /session/e7e046f545b47c9805ddcb78f08915f8/element/f.0B5413DFD1C3A3AA7B72F051E5DEC85E.d.D4E32DB314E0D99F338D08AD210120DD.e.5338/click - {}
RESULT: {}
COMMAND: GET /session/e7e046f545b47c9805ddcb78f08915f8/screenshot - {}
RESULT: {}
COMMAND: POST /session/e7e046f545b47c9805ddcb78f08915f8/execute/async - {"script":"<script> [1562 bytes]","args":[{"selector":{"controlType":"sap.ui.unified.MenuItem","viewName":"etm.portal.ui.managerequests.view.NewRequest","i18NText":{"propertyName":"text","key":"standardEntry"},"searchOpenDialogs":true,"interaction":{"idSuffix":"txt"}},"wdio_ui5_key":"etmportal.ui.managerequests.view.NewRequestsap.ui.unified.MenuItem{\"propertyName\":\"text\",\"key\":\"standardEntry\"}"}]}
RESULT: {"script":"<script> [1562 bytes]","args":[{"selector":{"controlType":"sap.ui.unified.MenuItem","viewName":"etm.portal.ui.managerequests.view.NewRequest","i18NText":{"propertyName":"text","key":"standardEntry"},"searchOpenDialogs":true,"interaction":{"idSuffix":"txt"}},"wdio_ui5_key":"etmportal.ui.managerequests.view.NewRequestsap.ui.unified.MenuItem{\"propertyName\":\"text\",\"key\":\"standardEntry\"}"}]}
RESULT: undefined
COMMAND: POST /session/e7e046f545b47c9805ddcb78f08915f8/element - {"using":"xpath","value":"//*[@id=\"__item174\"]"}
RESULT: {"using":"xpath","value":"//*[@id=\"__item174\"]"}
COMMAND: POST /session/e7e046f545b47c9805ddcb78f08915f8/element/f.0B5413DFD1C3A3AA7B72F051E5DEC85E.d.D4E32DB314E0D99F338D08AD210120DD.e.5342/click - {}
RESULT: {}
COMMAND: GET /session/e7e046f545b47c9805ddcb78f08915f8/screenshot - {}
RESULT: {}
RESULT: undefined
COMMAND: POST /session/e7e046f545b47c9805ddcb78f08915f8/element - {"using":"xpath","value":"//*[@id=\"__xmlview1--btnAddTableRow-img\"]"}
RESULT: {"using":"xpath","value":"//*[@id=\"__xmlview1--btnAddTableRow-img\"]"}
COMMAND: POST /session/e7e046f545b47c9805ddcb78f08915f8/element/f.0B5413DFD1C3A3AA7B72F051E5DEC85E.d.D4E32DB314E0D99F338D08AD210120DD.e.5338/click - {}
RESULT: {}
COMMAND: GET /session/e7e046f545b47c9805ddcb78f08915f8/screenshot - {}
RESULT: {}
RESULT: undefined
COMMAND: POST /session/e7e046f545b47c9805ddcb78f08915f8/element - {"using":"xpath","value":"//*[@id=\"__item174\"]"}
RESULT: {"using":"xpath","value":"//*[@id=\"__item174\"]"}
COMMAND: POST /session/e7e046f545b47c9805ddcb78f08915f8/element/f.0B5413DFD1C3A3AA7B72F051E5DEC85E.d.D4E32DB314E0D99F338D08AD210120DD.e.5363/click - {}
RESULT: {}
COMMAND: GET /session/e7e046f545b47c9805ddcb78f08915f8/screenshot - {}
RESULT: {}
COMMAND: POST /session/e7e046f545b47c9805ddcb78f08915f8/element - {"using":"xpath","value":"(//input[contains(@id ,\"requestItemsTable-0-inner\")])[5]"}
RESULT: {"using":"xpath","value":"(//input[contains(@id ,\"requestItemsTable-0-inner\")])[5]"}
COMMAND: POST /session/e7e046f545b47c9805ddcb78f08915f8/element/f.0B5413DFD1C3A3AA7B72F051E5DEC85E.d.D4E32DB314E0D99F338D08AD210120DD.e.5354/clear - {}
RESULT: {}
COMMAND: POST /session/e7e046f545b47c9805ddcb78f08915f8/element/f.0B5413DFD1C3A3AA7B72F051E5DEC85E.d.D4E32DB314E0D99F338D08AD210120DD.e.5354/value - {"text":"1000001"}
COMMAND: GET /session/e7e046f545b47c9805ddcb78f08915f8/screenshot - {}
RESULT: {"text":"1000001"}
COMMAND: GET /session/e7e046f545b47c9805ddcb78f08915f8/screenshot - {}
RESULT: {}
RESULT: {}
COMMAND: POST /session/e7e046f545b47c9805ddcb78f08915f8/actions - {"actions":[{"id":"action38","type":"key","parameters":{},"actions":[{"type":"keyDown","value":""},{"type":"pause","duration":10},{"type":"keyUp","value":""}]}]}
RESULT: {"actions":[{"id":"action38","type":"key","parameters":{},"actions":[{"type":"keyDown","value":""},{"type":"pause","duration":10},{"type":"keyUp","value":""}]}]}
COMMAND: POST /session/e7e046f545b47c9805ddcb78f08915f8/element - {"using":"xpath","value":"(//input[contains(@id ,\"requestItemsTable-1-inner\")])[5]"}
COMMAND: GET /session/e7e046f545b47c9805ddcb78f08915f8/screenshot - {}
RESULT: {"using":"xpath","value":"(//input[contains(@id ,\"requestItemsTable-1-inner\")])[5]"}
COMMAND: POST /session/e7e046f545b47c9805ddcb78f08915f8/element/f.0B5413DFD1C3A3AA7B72F051E5DEC85E.d.D4E32DB314E0D99F338D08AD210120DD.e.5369/clear - {}
RESULT: {}
RESULT: {}
COMMAND: POST /session/e7e046f545b47c9805ddcb78f08915f8/element/f.0B5413DFD1C3A3AA7B72F051E5DEC85E.d.D4E32DB314E0D99F338D08AD210120DD.e.5369/value - {"text":"200270"}
COMMAND: GET /session/e7e046f545b47c9805ddcb78f08915f8/screenshot - {}
RESULT: {"text":"200270"}
COMMAND: GET /session/e7e046f545b47c9805ddcb78f08915f8/screenshot - {}
RESULT: {}
RESULT: {}
COMMAND: POST /session/e7e046f545b47c9805ddcb78f08915f8/actions - {"actions":[{"id":"action39","type":"key","parameters":{},"actions":[{"type":"keyDown","value":""},{"type":"pause","duration":10},{"type":"keyUp","value":""}]}]}
RESULT: {"actions":[{"id":"action39","type":"key","parameters":{},"actions":[{"type":"keyDown","value":""},{"type":"pause","duration":10},{"type":"keyUp","value":""}]}]}
COMMAND: POST /session/e7e046f545b47c9805ddcb78f08915f8/element - {"using":"xpath","value":"//div[contains(@data-kt ,\"splitAllocationObjectStatus\")]"}
COMMAND: GET /session/e7e046f545b47c9805ddcb78f08915f8/screenshot - {}
RESULT: {"using":"xpath","value":"//div[contains(@data-kt ,\"splitAllocationObjectStatus\")]"}
COMMAND: POST /session/e7e046f545b47c9805ddcb78f08915f8/elements - {"using":"xpath","value":"//div[contains(@data-kt ,\"splitAllocationObjectStatus\")]"}
RESULT: {}
RESULT: {"using":"xpath","value":"//div[contains(@data-kt ,\"splitAllocationObjectStatus\")]"}
COMMAND: POST /session/e7e046f545b47c9805ddcb78f08915f8/execute/async - {"script":"<script> [1562 bytes]","args":[{"selector":{"controlType":"sap.ui.core.Icon","viewName":"etm.portal.ui.managerequests.view.NewRequest","properties":{"src":{"regex":{"source":"message\\-error"}}},"ancestor":{"controlType":"sap.m.ColumnListItem","viewName":"etm.portal.ui.managerequests.view.NewRequest","bindingPath":{"modelName":"newRequestItems","path":"/RequestItems/0"},"ancestor":{"id":"requestItemsTable","viewName":"etm.portal.ui.managerequests.view.NewRequest"}}},"wdio_ui5_key":"etmportal.ui.managerequests.view.NewRequestsap.ui.core.Icon{\"src\":{\"regex\":{\"source\":\"message\\\\-error\"}}}{\"controlType\":\"sap.m.ColumnListItem\",\"viewName\":\"etm.portal.ui.managerequests.view.NewRequest\",\"bindingPath\":{\"modelName\":\"newRequestItems\",\"path\":\"/RequestItems/0\"},\"ancestor\":{\"id\":\"requestItemsTable\",\"viewName\":\"etm.portal.ui.managerequests.view.NewRequest\"}}"}]}
RESULT: {"script":"<script> [1562 bytes]","args":[{"selector":{"controlType":"sap.ui.core.Icon","viewName":"etm.portal.ui.managerequests.view.NewRequest","properties":{"src":{"regex":{"source":"message\\-error"}}},"ancestor":{"controlType":"sap.m.ColumnListItem","viewName":"etm.portal.ui.managerequests.view.NewRequest","bindingPath":{"modelName":"newRequestItems","path":"/RequestItems/0"},"ancestor":{"id":"requestItemsTable","viewName":"etm.portal.ui.managerequests.view.NewRequest"}}},"wdio_ui5_key":"etmportal.ui.managerequests.view.NewRequestsap.ui.core.Icon{\"src\":{\"regex\":{\"source\":\"message\\\\-error\"}}}{\"controlType\":\"sap.m.ColumnListItem\",\"viewName\":\"etm.portal.ui.managerequests.view.NewRequest\",\"bindingPath\":{\"modelName\":\"newRequestItems\",\"path\":\"/RequestItems/0\"},\"ancestor\":{\"id\":\"requestItemsTable\",\"viewName\":\"etm.portal.ui.managerequests.view.NewRequest\"}}"}]}
RESULT: undefined
COMMAND: POST /session/e7e046f545b47c9805ddcb78f08915f8/element - {"using":"xpath","value":"//*[@id=\"__status4-__xmlview1--requestItemsTable-0-icon\"]"}
RESULT: {"using":"xpath","value":"//*[@id=\"__status4-__xmlview1--requestItemsTable-0-icon\"]"}
COMMAND: POST /session/e7e046f545b47c9805ddcb78f08915f8/element/f.0B5413DFD1C3A3AA7B72F051E5DEC85E.d.D4E32DB314E0D99F338D08AD210120DD.e.5381/click - {}
RESULT: {}
COMMAND: GET /session/e7e046f545b47c9805ddcb78f08915f8/screenshot - {}
RESULT: {}
COMMAND: POST /session/e7e046f545b47c9805ddcb78f08915f8/execute/async - {"script":"<script> [1562 bytes]","args":[{"selector":{"id":"costObjectAdminTypeComboBox","viewName":"etm.portal.ui.managerequests.view.NewRequest","searchOpenDialogs":true,"interaction":{"idSuffix":"inner"}},"wdio_ui5_key":"costObjectAdminTypeComboBoxetmportal.ui.managerequests.view.NewRequest"}]}
RESULT: {"script":"<script> [1562 bytes]","args":[{"selector":{"id":"costObjectAdminTypeComboBox","viewName":"etm.portal.ui.managerequests.view.NewRequest","searchOpenDialogs":true,"interaction":{"idSuffix":"inner"}},"wdio_ui5_key":"costObjectAdminTypeComboBoxetmportal.ui.managerequests.view.NewRequest"}]}
RESULT: undefined
COMMAND: POST /session/e7e046f545b47c9805ddcb78f08915f8/execute/async - {"script":"<script> [776 bytes]","args":[{"enterText":"Cost Center","selector":{"id":"costObjectAdminTypeComboBox","viewName":"etm.portal.ui.managerequests.view.NewRequest","searchOpenDialogs":true,"interaction":{"idSuffix":"inner"}},"clearTextFirst":true,"interactionType":"ENTER_TEXT"}]}
RESULT: {"script":"<script> [776 bytes]","args":[{"enterText":"Cost Center","selector":{"id":"costObjectAdminTypeComboBox","viewName":"etm.portal.ui.managerequests.view.NewRequest","searchOpenDialogs":true,"interaction":{"idSuffix":"inner"}},"clearTextFirst":true,"interactionType":"ENTER_TEXT"}]}
COMMAND: POST /session/e7e046f545b47c9805ddcb78f08915f8/actions - {"actions":[{"id":"action40","type":"key","parameters":{},"actions":[{"type":"keyDown","value":""},{"type":"pause","duration":10},{"type":"keyUp","value":""}]}]}
RESULT: {"actions":[{"id":"action40","type":"key","parameters":{},"actions":[{"type":"keyDown","value":""},{"type":"pause","duration":10},{"type":"keyUp","value":""}]}]}
COMMAND: GET /session/e7e046f545b47c9805ddcb78f08915f8/screenshot - {}
RESULT: {}
COMMAND: POST /session/e7e046f545b47c9805ddcb78f08915f8/execute/async - {"script":"<script> [1562 bytes]","args":[{"selector":{"id":"costObjectIdComboBox","viewName":"etm.portal.ui.managerequests.view.NewRequest","searchOpenDialogs":true,"interaction":{"idSuffix":"inner"}},"wdio_ui5_key":"costObjectIdComboBoxetmportal.ui.managerequests.view.NewRequest"}]}
RESULT: {"script":"<script> [1562 bytes]","args":[{"selector":{"id":"costObjectIdComboBox","viewName":"etm.portal.ui.managerequests.view.NewRequest","searchOpenDialogs":true,"interaction":{"idSuffix":"inner"}},"wdio_ui5_key":"costObjectIdComboBoxetmportal.ui.managerequests.view.NewRequest"}]}
RESULT: undefined
COMMAND: POST /session/e7e046f545b47c9805ddcb78f08915f8/execute/async - {"script":"<script> [776 bytes]","args":[{"enterText":"1001 - 1001","selector":{"id":"costObjectIdComboBox","viewName":"etm.portal.ui.managerequests.view.NewRequest","searchOpenDialogs":true,"interaction":{"idSuffix":"inner"}},"clearTextFirst":true,"interactionType":"ENTER_TEXT"}]}
RESULT: {"script":"<script> [776 bytes]","args":[{"enterText":"1001 - 1001","selector":{"id":"costObjectIdComboBox","viewName":"etm.portal.ui.managerequests.view.NewRequest","searchOpenDialogs":true,"interaction":{"idSuffix":"inner"}},"clearTextFirst":true,"interactionType":"ENTER_TEXT"}]}
COMMAND: POST /session/e7e046f545b47c9805ddcb78f08915f8/actions - {"actions":[{"id":"action41","type":"key","parameters":{},"actions":[{"type":"keyDown","value":""},{"type":"pause","duration":10},{"type":"keyUp","value":""}]}]}
RESULT: {"actions":[{"id":"action41","type":"key","parameters":{},"actions":[{"type":"keyDown","value":""},{"type":"pause","duration":10},{"type":"keyUp","value":""}]}]}
COMMAND: GET /session/e7e046f545b47c9805ddcb78f08915f8/screenshot - {}
RESULT: {}
COMMAND: POST /session/e7e046f545b47c9805ddcb78f08915f8/element - {"using":"xpath","value":"(//bdi[(text() = 'Save' or . = 'Save')])[1]"}
RESULT: {"using":"xpath","value":"(//bdi[(text() = 'Save' or . = 'Save')])[1]"}
COMMAND: POST /session/e7e046f545b47c9805ddcb78f08915f8/element/f.0B5413DFD1C3A3AA7B72F051E5DEC85E.d.D4E32DB314E0D99F338D08AD210120DD.e.5396/click - {}
RESULT: {}
COMMAND: POST /session/e7e046f545b47c9805ddcb78f08915f8/execute/async - {"script":"<script> [1562 bytes]","args":[{"selector":{"controlType":"sap.ui.core.Icon","viewName":"etm.portal.ui.managerequests.view.NewRequest","properties":{"src":{"regex":{"source":"message\\-error"}}},"ancestor":{"controlType":"sap.m.ColumnListItem","viewName":"etm.portal.ui.managerequests.view.NewRequest","bindingPath":{"modelName":"newRequestItems","path":"/RequestItems/1"},"ancestor":{"id":"requestItemsTable","viewName":"etm.portal.ui.managerequests.view.NewRequest"}}},"wdio_ui5_key":"etmportal.ui.managerequests.view.NewRequestsap.ui.core.Icon{\"src\":{\"regex\":{\"source\":\"message\\\\-error\"}}}{\"controlType\":\"sap.m.ColumnListItem\",\"viewName\":\"etm.portal.ui.managerequests.view.NewRequest\",\"bindingPath\":{\"modelName\":\"newRequestItems\",\"path\":\"/RequestItems/1\"},\"ancestor\":{\"id\":\"requestItemsTable\",\"viewName\":\"etm.portal.ui.managerequests.view.NewRequest\"}}"}]}
COMMAND: GET /session/e7e046f545b47c9805ddcb78f08915f8/screenshot - {}
RESULT: {"script":"<script> [1562 bytes]","args":[{"selector":{"controlType":"sap.ui.core.Icon","viewName":"etm.portal.ui.managerequests.view.NewRequest","properties":{"src":{"regex":{"source":"message\\-error"}}},"ancestor":{"controlType":"sap.m.ColumnListItem","viewName":"etm.portal.ui.managerequests.view.NewRequest","bindingPath":{"modelName":"newRequestItems","path":"/RequestItems/1"},"ancestor":{"id":"requestItemsTable","viewName":"etm.portal.ui.managerequests.view.NewRequest"}}},"wdio_ui5_key":"etmportal.ui.managerequests.view.NewRequestsap.ui.core.Icon{\"src\":{\"regex\":{\"source\":\"message\\\\-error\"}}}{\"controlType\":\"sap.m.ColumnListItem\",\"viewName\":\"etm.portal.ui.managerequests.view.NewRequest\",\"bindingPath\":{\"modelName\":\"newRequestItems\",\"path\":\"/RequestItems/1\"},\"ancestor\":{\"id\":\"requestItemsTable\",\"viewName\":\"etm.portal.ui.managerequests.view.NewRequest\"}}"}]}
RESULT: undefined
COMMAND: POST /session/e7e046f545b47c9805ddcb78f08915f8/element - {"using":"xpath","value":"//*[@id=\"__status4-__xmlview1--requestItemsTable-1-icon\"]"}
RESULT: {}
RESULT: {"using":"xpath","value":"//*[@id=\"__status4-__xmlview1--requestItemsTable-1-icon\"]"}
COMMAND: POST /session/e7e046f545b47c9805ddcb78f08915f8/element/f.0B5413DFD1C3A3AA7B72F051E5DEC85E.d.D4E32DB314E0D99F338D08AD210120DD.e.5399/click - {}
RESULT: {}
COMMAND: GET /session/e7e046f545b47c9805ddcb78f08915f8/screenshot - {}
RESULT: {}
RESULT: undefined
COMMAND: POST /session/e7e046f545b47c9805ddcb78f08915f8/execute/async - {"script":"<script> [776 bytes]","args":[{"enterText":"Cost Center","selector":{"id":"costObjectAdminTypeComboBox","viewName":"etm.portal.ui.managerequests.view.NewRequest","searchOpenDialogs":true,"interaction":{"idSuffix":"inner"}},"clearTextFirst":true,"interactionType":"ENTER_TEXT"}]}
RESULT: {"script":"<script> [776 bytes]","args":[{"enterText":"Cost Center","selector":{"id":"costObjectAdminTypeComboBox","viewName":"etm.portal.ui.managerequests.view.NewRequest","searchOpenDialogs":true,"interaction":{"idSuffix":"inner"}},"clearTextFirst":true,"interactionType":"ENTER_TEXT"}]}
COMMAND: POST /session/e7e046f545b47c9805ddcb78f08915f8/actions - {"actions":[{"id":"action42","type":"key","parameters":{},"actions":[{"type":"keyDown","value":""},{"type":"pause","duration":10},{"type":"keyUp","value":""}]}]}
RESULT: {"actions":[{"id":"action42","type":"key","parameters":{},"actions":[{"type":"keyDown","value":""},{"type":"pause","duration":10},{"type":"keyUp","value":""}]}]}
COMMAND: GET /session/e7e046f545b47c9805ddcb78f08915f8/screenshot - {}
RESULT: {}
RESULT: undefined
COMMAND: POST /session/e7e046f545b47c9805ddcb78f08915f8/execute/async - {"script":"<script> [776 bytes]","args":[{"enterText":"1001 - 1001","selector":{"id":"costObjectIdComboBox","viewName":"etm.portal.ui.managerequests.view.NewRequest","searchOpenDialogs":true,"interaction":{"idSuffix":"inner"}},"clearTextFirst":true,"interactionType":"ENTER_TEXT"}]}
RESULT: {"script":"<script> [776 bytes]","args":[{"enterText":"1001 - 1001","selector":{"id":"costObjectIdComboBox","viewName":"etm.portal.ui.managerequests.view.NewRequest","searchOpenDialogs":true,"interaction":{"idSuffix":"inner"}},"clearTextFirst":true,"interactionType":"ENTER_TEXT"}]}
COMMAND: POST /session/e7e046f545b47c9805ddcb78f08915f8/actions - {"actions":[{"id":"action43","type":"key","parameters":{},"actions":[{"type":"keyDown","value":""},{"type":"pause","duration":10},{"type":"keyUp","value":""}]}]}
RESULT: {"actions":[{"id":"action43","type":"key","parameters":{},"actions":[{"type":"keyDown","value":""},{"type":"pause","duration":10},{"type":"keyUp","value":""}]}]}
COMMAND: GET /session/e7e046f545b47c9805ddcb78f08915f8/screenshot - {}
RESULT: {}
COMMAND: POST /session/e7e046f545b47c9805ddcb78f08915f8/element - {"using":"xpath","value":"(//bdi[(text() = 'Save' or . = 'Save')])[1]"}
RESULT: {"using":"xpath","value":"(//bdi[(text() = 'Save' or . = 'Save')])[1]"}
COMMAND: POST /session/e7e046f545b47c9805ddcb78f08915f8/element/f.0B5413DFD1C3A3AA7B72F051E5DEC85E.d.D4E32DB314E0D99F338D08AD210120DD.e.5411/click - {}
RESULT: {}
COMMAND: GET /session/e7e046f545b47c9805ddcb78f08915f8/screenshot - {}
RESULT: {}
COMMAND: POST /session/e7e046f545b47c9805ddcb78f08915f8/execute/async - {"script":"<script> [1562 bytes]","args":[{"selector":{"controlType":"sap.m.Button","viewName":"etm.portal.ui.managerequests.view.NewRequest","bindingPath":{"path":"/RequestItems/0","propertyPath":"PICK_UP","modelName":"newRequestItems"},"interaction":{"idSuffix":"BDI-content"}},"wdio_ui5_key":"etmportal.ui.managerequests.view.NewRequestsap.m.Button{\"path\":\"/RequestItems/0\",\"propertyPath\":\"PICK_UP\",\"modelName\":\"newRequestItems\"}"}]}
RESULT: {"script":"<script> [1562 bytes]","args":[{"selector":{"controlType":"sap.m.Button","viewName":"etm.portal.ui.managerequests.view.NewRequest","bindingPath":{"path":"/RequestItems/0","propertyPath":"PICK_UP","modelName":"newRequestItems"},"interaction":{"idSuffix":"BDI-content"}},"wdio_ui5_key":"etmportal.ui.managerequests.view.NewRequestsap.m.Button{\"path\":\"/RequestItems/0\",\"propertyPath\":\"PICK_UP\",\"modelName\":\"newRequestItems\"}"}]}
RESULT: undefined
COMMAND: POST /session/e7e046f545b47c9805ddcb78f08915f8/element - {"using":"xpath","value":"//*[@id=\"__xmlview1--pickUpItemButton-__xmlview1--requestItemsTable-0\"]"}
RESULT: {"using":"xpath","value":"//*[@id=\"__xmlview1--pickUpItemButton-__xmlview1--requestItemsTable-0\"]"}
COMMAND: POST /session/e7e046f545b47c9805ddcb78f08915f8/element/f.0B5413DFD1C3A3AA7B72F051E5DEC85E.d.D4E32DB314E0D99F338D08AD210120DD.e.5415/click - {}
RESULT: {}
COMMAND: GET /session/e7e046f545b47c9805ddcb78f08915f8/screenshot - {}
RESULT: {}
COMMAND: POST /session/e7e046f545b47c9805ddcb78f08915f8/execute/async - {"script":"<script> [1562 bytes]","args":[{"selector":{"controlType":"sap.m.Button","viewName":"etm.portal.ui.managerequests.view.NewRequest","properties":{"text":"Save"},"i18NText":{"propertyName":"tooltip","key":"save"},"interaction":{"idSuffix":"BDI-content"}},"wdio_ui5_key":"etmportal.ui.managerequests.view.NewRequestsap.m.Button{\"propertyName\":\"tooltip\",\"key\":\"save\"}{\"text\":\"Save\"}"}]}
RESULT: {"script":"<script> [1562 bytes]","args":[{"selector":{"controlType":"sap.m.Button","viewName":"etm.portal.ui.managerequests.view.NewRequest","properties":{"text":"Save"},"i18NText":{"propertyName":"tooltip","key":"save"},"interaction":{"idSuffix":"BDI-content"}},"wdio_ui5_key":"etmportal.ui.managerequests.view.NewRequestsap.m.Button{\"propertyName\":\"tooltip\",\"key\":\"save\"}{\"text\":\"Save\"}"}]}
RESULT: undefined
COMMAND: POST /session/e7e046f545b47c9805ddcb78f08915f8/element - {"using":"xpath","value":"//*[@id=\"__button11\"]"}
RESULT: {"using":"xpath","value":"//*[@id=\"__button11\"]"}
COMMAND: POST /session/e7e046f545b47c9805ddcb78f08915f8/element/f.0B5413DFD1C3A3AA7B72F051E5DEC85E.d.D4E32DB314E0D99F338D08AD210120DD.e.5247/click - {}
RESULT: {}
COMMAND: GET /session/e7e046f545b47c9805ddcb78f08915f8/screenshot - {}
RESULT: {}
COMMAND: POST /session/e7e046f545b47c9805ddcb78f08915f8/execute/async - {"script":"<script> [1562 bytes]","args":[{"selector":{"controlType":"sap.m.Text","searchOpenDialogs":true},"wdio_ui5_key":"sapm.Text"}]}
RESULT: {"script":"<script> [1562 bytes]","args":[{"selector":{"controlType":"sap.m.Text","searchOpenDialogs":true},"wdio_ui5_key":"sapm.Text"}]}
RESULT: undefined
COMMAND: POST /session/e7e046f545b47c9805ddcb78f08915f8/execute/async - {"script":"<script> [6424 bytes]","args":[{"element-6066-11e4-a52e-4f735466cecf":"f.0B5413DFD1C3A3AA7B72F051E5DEC85E.d.D4E32DB314E0D99F338D08AD210120DD.e.5419"},"getText",[]]}
RESULT: {"script":"<script> [6424 bytes]","args":[{"element-6066-11e4-a52e-4f735466cecf":"f.0B5413DFD1C3A3AA7B72F051E5DEC85E.d.D4E32DB314E0D99F338D08AD210120DD.e.5419"},"getText",[]]}
COMMAND: POST /session/e7e046f545b47c9805ddcb78f08915f8/execute/async - {"script":"<script> [1562 bytes]","args":[{"selector":{"controlType":"sap.m.Button","properties":{"text":"Close"},"searchOpenDialogs":true,"interaction":{"idSuffix":"BDI-content"}},"wdio_ui5_key":"sapm.Button{\"text\":\"Close\"}"}]}
RESULT: {"script":"<script> [1562 bytes]","args":[{"selector":{"controlType":"sap.m.Button","properties":{"text":"Close"},"searchOpenDialogs":true,"interaction":{"idSuffix":"BDI-content"}},"wdio_ui5_key":"sapm.Button{\"text\":\"Close\"}"}]}
RESULT: undefined
COMMAND: POST /session/e7e046f545b47c9805ddcb78f08915f8/element - {"using":"xpath","value":"//*[@id=\"__mbox-btn-0\"]"}
RESULT: {"using":"xpath","value":"//*[@id=\"__mbox-btn-0\"]"}
COMMAND: POST /session/e7e046f545b47c9805ddcb78f08915f8/element/f.0B5413DFD1C3A3AA7B72F051E5DEC85E.d.D4E32DB314E0D99F338D08AD210120DD.e.5418/click - {}
RESULT: {}
COMMAND: GET /session/e7e046f545b47c9805ddcb78f08915f8/screenshot - {}
RESULT: {}
COMMAND: POST /session/e7e046f545b47c9805ddcb78f08915f8/execute/async - {"script":"<script> [1562 bytes]","args":[{"selector":{"controlType":"sap.m.Button","viewName":"etm.portal.ui.managerequests.view.Detail","bindingPath":{"path":"/SmartRequestItemsPlanningBoard(ITEM=10m,REQUEST='20177')","propertyPath":"PICK_UP"}},"wdio_ui5_key":"etmportal.ui.managerequests.view.Detailsap.m.Button{\"path\":\"/SmartRequestItemsPlanningBoard(ITEM=10m,REQUEST='20177')\",\"propertyPath\":\"PICK_UP\"}"}]}
RESULT: {"script":"<script> [1562 bytes]","args":[{"selector":{"controlType":"sap.m.Button","viewName":"etm.portal.ui.managerequests.view.Detail","bindingPath":{"path":"/SmartRequestItemsPlanningBoard(ITEM=10m,REQUEST='20177')","propertyPath":"PICK_UP"}},"wdio_ui5_key":"etmportal.ui.managerequests.view.Detailsap.m.Button{\"path\":\"/SmartRequestItemsPlanningBoard(ITEM=10m,REQUEST='20177')\",\"propertyPath\":\"PICK_UP\"}"}]}
RESULT: undefined
COMMAND: POST /session/e7e046f545b47c9805ddcb78f08915f8/execute/async - {"script":"<script> [6424 bytes]","args":[{"element-6066-11e4-a52e-4f735466cecf":"f.0B5413DFD1C3A3AA7B72F051E5DEC85E.d.D4E32DB314E0D99F338D08AD210120DD.e.5526"},"getType",[]]}
RESULT: {"script":"<script> [6424 bytes]","args":[{"element-6066-11e4-a52e-4f735466cecf":"f.0B5413DFD1C3A3AA7B72F051E5DEC85E.d.D4E32DB314E0D99F338D08AD210120DD.e.5526"},"getType",[]]}
COMMAND: POST /session/e7e046f545b47c9805ddcb78f08915f8/execute/async - {"script":"<script> [1562 bytes]","args":[{"selector":{"controlType":"sap.m.Button","viewName":"etm.portal.ui.managerequests.view.Detail","bindingPath":{"path":"/SmartRequestItemsPlanningBoard(ITEM=20m,REQUEST='20177')","propertyPath":"PICK_UP"}},"wdio_ui5_key":"etmportal.ui.managerequests.view.Detailsap.m.Button{\"path\":\"/SmartRequestItemsPlanningBoard(ITEM=20m,REQUEST='20177')\",\"propertyPath\":\"PICK_UP\"}"}]}
RESULT: {"script":"<script> [1562 bytes]","args":[{"selector":{"controlType":"sap.m.Button","viewName":"etm.portal.ui.managerequests.view.Detail","bindingPath":{"path":"/SmartRequestItemsPlanningBoard(ITEM=20m,REQUEST='20177')","propertyPath":"PICK_UP"}},"wdio_ui5_key":"etmportal.ui.managerequests.view.Detailsap.m.Button{\"path\":\"/SmartRequestItemsPlanningBoard(ITEM=20m,REQUEST='20177')\",\"propertyPath\":\"PICK_UP\"}"}]}
RESULT: undefined
COMMAND: POST /session/e7e046f545b47c9805ddcb78f08915f8/execute/async - {"script":"<script> [6424 bytes]","args":[{"element-6066-11e4-a52e-4f735466cecf":"f.0B5413DFD1C3A3AA7B72F051E5DEC85E.d.D4E32DB314E0D99F338D08AD210120DD.e.5556"},"getType",[]]}
RESULT: {"script":"<script> [6424 bytes]","args":[{"element-6066-11e4-a52e-4f735466cecf":"f.0B5413DFD1C3A3AA7B72F051E5DEC85E.d.D4E32DB314E0D99F338D08AD210120DD.e.5556"},"getType",[]]}
COMMAND: POST /session/e7e046f545b47c9805ddcb78f08915f8/execute/async - {"script":"<script> [1562 bytes]","args":[{"selector":{"id":"pickUpSwitchHeader","viewName":"etm.portal.ui.managerequests.view.Detail","interaction":{"idSuffix":"handle"}},"wdio_ui5_key":"pickUpSwitchHeaderetmportal.ui.managerequests.view.Detail"}]}
RESULT: {"script":"<script> [1562 bytes]","args":[{"selector":{"id":"pickUpSwitchHeader","viewName":"etm.portal.ui.managerequests.view.Detail","interaction":{"idSuffix":"handle"}},"wdio_ui5_key":"pickUpSwitchHeaderetmportal.ui.managerequests.view.Detail"}]}
RESULT: undefined
COMMAND: POST /session/e7e046f545b47c9805ddcb78f08915f8/element - {"using":"xpath","value":"//*[@id=\"__xmlview2--pickUpSwitchHeader\"]"}
RESULT: {"using":"xpath","value":"//*[@id=\"__xmlview2--pickUpSwitchHeader\"]"}
COMMAND: POST /session/e7e046f545b47c9805ddcb78f08915f8/element/f.0B5413DFD1C3A3AA7B72F051E5DEC85E.d.D4E32DB314E0D99F338D08AD210120DD.e.5498/click - {}
RESULT: {}
COMMAND: POST /session/e7e046f545b47c9805ddcb78f08915f8/execute/async - {"script":"<script> [1562 bytes]","args":[{"selector":{"controlType":"sap.ui.core.Icon","viewName":"etm.portal.ui.managerequests.view.Detail","properties":{"src":{"regex":{"source":"pushpin\\-off"}}}},"wdio_ui5_key":"etmportal.ui.managerequests.view.Detailsap.ui.core.Icon{\"src\":{\"regex\":{\"source\":\"pushpin\\\\-off\"}}}"}]}
COMMAND: GET /session/e7e046f545b47c9805ddcb78f08915f8/screenshot - {}
RESULT: {"script":"<script> [1562 bytes]","args":[{"selector":{"controlType":"sap.ui.core.Icon","viewName":"etm.portal.ui.managerequests.view.Detail","properties":{"src":{"regex":{"source":"pushpin\\-off"}}}},"wdio_ui5_key":"etmportal.ui.managerequests.view.Detailsap.ui.core.Icon{\"src\":{\"regex\":{\"source\":\"pushpin\\\\-off\"}}}"}]}
RESULT: undefined
COMMAND: POST /session/e7e046f545b47c9805ddcb78f08915f8/element - {"using":"xpath","value":"//*[@id=\"__xmlview2--detailRequestPage-OPHeaderContent-pinBtn-img\"]"}
RESULT: {}
RESULT: {"using":"xpath","value":"//*[@id=\"__xmlview2--detailRequestPage-OPHeaderContent-pinBtn-img\"]"}
COMMAND: POST /session/e7e046f545b47c9805ddcb78f08915f8/element/f.0B5413DFD1C3A3AA7B72F051E5DEC85E.d.D4E32DB314E0D99F338D08AD210120DD.e.5506/click - {}
RESULT: {}
RESULT: undefined
COMMAND: POST /session/e7e046f545b47c9805ddcb78f08915f8/execute/async - {"script":"<script> [6424 bytes]","args":[{"element-6066-11e4-a52e-4f735466cecf":"f.0B5413DFD1C3A3AA7B72F051E5DEC85E.d.D4E32DB314E0D99F338D08AD210120DD.e.5526"},"getType",[]]}
COMMAND: GET /session/e7e046f545b47c9805ddcb78f08915f8/screenshot - {}
RESULT: {"script":"<script> [6424 bytes]","args":[{"element-6066-11e4-a52e-4f735466cecf":"f.0B5413DFD1C3A3AA7B72F051E5DEC85E.d.D4E32DB314E0D99F338D08AD210120DD.e.5526"},"getType",[]]}
RESULT: undefined
COMMAND: POST /session/e7e046f545b47c9805ddcb78f08915f8/execute/async - {"script":"<script> [6424 bytes]","args":[{"element-6066-11e4-a52e-4f735466cecf":"f.0B5413DFD1C3A3AA7B72F051E5DEC85E.d.D4E32DB314E0D99F338D08AD210120DD.e.5556"},"getType",[]]}
RESULT: {}
RESULT: {"script":"<script> [6424 bytes]","args":[{"element-6066-11e4-a52e-4f735466cecf":"f.0B5413DFD1C3A3AA7B72F051E5DEC85E.d.D4E32DB314E0D99F338D08AD210120DD.e.5556"},"getType",[]]}
COMMAND: POST /session/e7e046f545b47c9805ddcb78f08915f8/execute/async - {"script":"<script> [1562 bytes]","args":[{"selector":{"controlType":"sap.ui.core.Icon","viewName":"etm.portal.ui.managerequests.view.Detail","properties":{"src":{"regex":{"source":"date\\-time"}}},"ancestor":{"controlType":"sap.m.ColumnListItem","viewName":"etm.portal.ui.managerequests.view.Detail","bindingPath":{"path":"/SmartRequestItemsPlanningBoard(ITEM=10m,REQUEST='20177')"},"ancestor":{"id":"requestItemsTable","viewName":"etm.portal.ui.managerequests.view.Detail"}}},"wdio_ui5_key":"etmportal.ui.managerequests.view.Detailsap.ui.core.Icon{\"src\":{\"regex\":{\"source\":\"date\\\\-time\"}}}{\"controlType\":\"sap.m.ColumnListItem\",\"viewName\":\"etm.portal.ui.managerequests.view.Detail\",\"bindingPath\":{\"path\":\"/SmartRequestItemsPlanningBoard(ITEM=10m,REQUEST='20177')\"},\"ancestor\":{\"id\":\"requestItemsTable\",\"viewName\":\"etm.portal.ui.managerequests.view.Detail\"}}"}]}
RESULT: {"script":"<script> [1562 bytes]","args":[{"selector":{"controlType":"sap.ui.core.Icon","viewName":"etm.portal.ui.managerequests.view.Detail","properties":{"src":{"regex":{"source":"date\\-time"}}},"ancestor":{"controlType":"sap.m.ColumnListItem","viewName":"etm.portal.ui.managerequests.view.Detail","bindingPath":{"path":"/SmartRequestItemsPlanningBoard(ITEM=10m,REQUEST='20177')"},"ancestor":{"id":"requestItemsTable","viewName":"etm.portal.ui.managerequests.view.Detail"}}},"wdio_ui5_key":"etmportal.ui.managerequests.view.Detailsap.ui.core.Icon{\"src\":{\"regex\":{\"source\":\"date\\\\-time\"}}}{\"controlType\":\"sap.m.ColumnListItem\",\"viewName\":\"etm.portal.ui.managerequests.view.Detail\",\"bindingPath\":{\"path\":\"/SmartRequestItemsPlanningBoard(ITEM=10m,REQUEST='20177')\"},\"ancestor\":{\"id\":\"requestItemsTable\",\"viewName\":\"etm.portal.ui.managerequests.view.Detail\"}}"}]}
RESULT: undefined
COMMAND: POST /session/e7e046f545b47c9805ddcb78f08915f8/element - {"using":"xpath","value":"//*[@id=\"__button39-__clone1825-img\"]"}
RESULT: {"using":"xpath","value":"//*[@id=\"__button39-__clone1825-img\"]"}
COMMAND: POST /session/e7e046f545b47c9805ddcb78f08915f8/element/f.0B5413DFD1C3A3AA7B72F051E5DEC85E.d.D4E32DB314E0D99F338D08AD210120DD.e.5564/click - {}
RESULT: {}
COMMAND: POST /session/e7e046f545b47c9805ddcb78f08915f8/execute/async - {"script":"<script> [1562 bytes]","args":[{"selector":{"controlType":"sap.m.Button","viewName":"etm.portal.ui.managerequests.view.Detail","properties":{"text":"Close"},"searchOpenDialogs":true,"interaction":{"idSuffix":"inner"}},"wdio_ui5_key":"etmportal.ui.managerequests.view.Detailsap.m.Button{\"text\":\"Close\"}"}]}
COMMAND: GET /session/e7e046f545b47c9805ddcb78f08915f8/screenshot - {}
RESULT: {"script":"<script> [1562 bytes]","args":[{"selector":{"controlType":"sap.m.Button","viewName":"etm.portal.ui.managerequests.view.Detail","properties":{"text":"Close"},"searchOpenDialogs":true,"interaction":{"idSuffix":"inner"}},"wdio_ui5_key":"etmportal.ui.managerequests.view.Detailsap.m.Button{\"text\":\"Close\"}"}]}
RESULT: undefined
COMMAND: POST /session/e7e046f545b47c9805ddcb78f08915f8/element - {"using":"xpath","value":"//*[@id=\"__button49\"]"}
RESULT: {}
RESULT: {"using":"xpath","value":"//*[@id=\"__button49\"]"}
COMMAND: POST /session/e7e046f545b47c9805ddcb78f08915f8/element/f.0B5413DFD1C3A3AA7B72F051E5DEC85E.d.D4E32DB314E0D99F338D08AD210120DD.e.5566/click - {}
RESULT: {}
COMMAND: POST /session/e7e046f545b47c9805ddcb78f08915f8/execute/async - {"script":"<script> [1562 bytes]","args":[{"selector":{"controlType":"sap.ui.core.Icon","viewName":"etm.portal.ui.managerequests.view.Detail","properties":{"src":{"regex":{"source":"date\\-time"}}},"ancestor":{"controlType":"sap.m.ColumnListItem","viewName":"etm.portal.ui.managerequests.view.Detail","bindingPath":{"path":"/SmartRequestItemsPlanningBoard(ITEM=20m,REQUEST='20177')"},"ancestor":{"id":"requestItemsTable","viewName":"etm.portal.ui.managerequests.view.Detail"}}},"wdio_ui5_key":"etmportal.ui.managerequests.view.Detailsap.ui.core.Icon{\"src\":{\"regex\":{\"source\":\"date\\\\-time\"}}}{\"controlType\":\"sap.m.ColumnListItem\",\"viewName\":\"etm.portal.ui.managerequests.view.Detail\",\"bindingPath\":{\"path\":\"/SmartRequestItemsPlanningBoard(ITEM=20m,REQUEST='20177')\"},\"ancestor\":{\"id\":\"requestItemsTable\",\"viewName\":\"etm.portal.ui.managerequests.view.Detail\"}}"}]}
COMMAND: GET /session/e7e046f545b47c9805ddcb78f08915f8/screenshot - {}
RESULT: {"script":"<script> [1562 bytes]","args":[{"selector":{"controlType":"sap.ui.core.Icon","viewName":"etm.portal.ui.managerequests.view.Detail","properties":{"src":{"regex":{"source":"date\\-time"}}},"ancestor":{"controlType":"sap.m.ColumnListItem","viewName":"etm.portal.ui.managerequests.view.Detail","bindingPath":{"path":"/SmartRequestItemsPlanningBoard(ITEM=20m,REQUEST='20177')"},"ancestor":{"id":"requestItemsTable","viewName":"etm.portal.ui.managerequests.view.Detail"}}},"wdio_ui5_key":"etmportal.ui.managerequests.view.Detailsap.ui.core.Icon{\"src\":{\"regex\":{\"source\":\"date\\\\-time\"}}}{\"controlType\":\"sap.m.ColumnListItem\",\"viewName\":\"etm.portal.ui.managerequests.view.Detail\",\"bindingPath\":{\"path\":\"/SmartRequestItemsPlanningBoard(ITEM=20m,REQUEST='20177')\"},\"ancestor\":{\"id\":\"requestItemsTable\",\"viewName\":\"etm.portal.ui.managerequests.view.Detail\"}}"}]}
RESULT: undefined
COMMAND: POST /session/e7e046f545b47c9805ddcb78f08915f8/element - {"using":"xpath","value":"//*[@id=\"__button39-__clone1826-img\"]"}
RESULT: {}
RESULT: {"using":"xpath","value":"//*[@id=\"__button39-__clone1826-img\"]"}
COMMAND: POST /session/e7e046f545b47c9805ddcb78f08915f8/element/f.0B5413DFD1C3A3AA7B72F051E5DEC85E.d.D4E32DB314E0D99F338D08AD210120DD.e.5573/click - {}
RESULT: {}
RESULT: undefined
COMMAND: POST /session/e7e046f545b47c9805ddcb78f08915f8/element - {"using":"xpath","value":"//*[@id=\"__button49\"]"}
COMMAND: GET /session/e7e046f545b47c9805ddcb78f08915f8/screenshot - {}
RESULT: {"using":"xpath","value":"//*[@id=\"__button49\"]"}
COMMAND: POST /session/e7e046f545b47c9805ddcb78f08915f8/elements - {"using":"xpath","value":"//*[@id=\"__button49\"]"}
RESULT: {}
RESULT: {"using":"xpath","value":"//*[@id=\"__button49\"]"}
COMMAND: POST /session/e7e046f545b47c9805ddcb78f08915f8/elements - {"using":"xpath","value":"//*[@id=\"__button49\"]"}
RESULT: {"using":"xpath","value":"//*[@id=\"__button49\"]"}
COMMAND: POST /session/e7e046f545b47c9805ddcb78f08915f8/element - {"using":"xpath","value":"//*[@id=\"__button49\"]"}
RESULT: {"using":"xpath","value":"//*[@id=\"__button49\"]"}
COMMAND: POST /session/e7e046f545b47c9805ddcb78f08915f8/element/f.0B5413DFD1C3A3AA7B72F051E5DEC85E.d.D4E32DB314E0D99F338D08AD210120DD.e.5577/click - {}
RESULT: {}
COMMAND: POST /session/e7e046f545b47c9805ddcb78f08915f8/execute/async - {"script":"<script> [189 bytes]","args":[]}
COMMAND: GET /session/e7e046f545b47c9805ddcb78f08915f8/screenshot - {}
RESULT: {"script":"<script> [189 bytes]","args":[]}
COMMAND: POST /session/e7e046f545b47c9805ddcb78f08915f8/execute/async - {"script":"<script> [123 bytes]","args":[]}
RESULT: {}
RESULT: {"script":"<script> [123 bytes]","args":[]}
COMMAND: POST /session/e7e046f545b47c9805ddcb78f08915f8/timeouts - {"script":"<number>"}
RESULT: {"script":"<number>"}
COMMAND: GET /session/e7e046f545b47c9805ddcb78f08915f8/timeouts - {}
RESULT: {}
RESULT: undefined
COMMAND: POST /session/e7e046f545b47c9805ddcb78f08915f8/execute/async - {"script":"<script> [2676 bytes]","args":[]}
RESULT: {"script":"<script> [2676 bytes]","args":[]}
COMMAND: POST /session/e7e046f545b47c9805ddcb78f08915f8/execute/async - {"script":"<script> [2342 bytes]","args":[{"protocol":"http","hostname":"0.0.0.0","path":"/","capabilities":{"browserName":"chrome","goog:chromeOptions":{"binary":"C:\\Program Files\\Google\\Chrome\\Application\\chrome.exe","args":["--start-maximized"]}},"logLevel":"warn","connectionRetryTimeout":120000,"connectionRetryCount":3,"logLevels":{},"enableDirectConnect":true,"strictSSL":true,"_":"65 more keys: [\"cacheDir\",\"port\",\"requestedCapabilities\",\"automationProtocol\",\"baseUrl\",\"waitforInterval\",\"waitforTimeout\",\"onReload\",\"beforeCommand\",\"afterCommand\",\"rootDir\",\"specs\",\"suites\",\"exclude\",\"groupLogsByTestSpec\",\"excludeDriverLogs\",\"bail\",\"framework\",\"reporters\",\"services\",\"maxInstances\",\"maxInstancesPerCapability\",\"injectGlobals\",\"filesToWatch\",\"execArgv\",\"runnerEnv\",\"runner\",\"shard\",\"specFileRetries\",\"specFileRetriesDelay\",\"specFileRetriesDeferred\",\"reporterSyncInterval\",\"reporterSyncTimeout\",\"cucumberFeaturesWithLineNumbers\",\"autoCompileOpts\",\"mochaOpts\",\"jasmineOpts\",\"cucumberOpts\",\"onPrepare\",\"onWorkerStart\",\"onWorkerEnd\",\"before\",\"beforeSession\",\"beforeSuite\",\"beforeHook\",\"beforeTest\",\"afterTest\",\"afterHook\",\"afterSuite\",\"afterSession\",\"after\",\"onComplete\",\"beforeAssertion\",\"afterAssertion\",\"beforeFeature\",\"beforeScenario\",\"beforeStep\",\"afterStep\",\"afterScenario\",\"afterFeature\",\"_\",\"suite\",\"$0\",\"ignoredWorkerServices\",\"wdi5\"]"}]}
RESULT: {"script":"<script> [2342 bytes]","args":[{"protocol":"http","hostname":"0.0.0.0","path":"/","capabilities":{"browserName":"chrome","goog:chromeOptions":{"binary":"C:\\Program Files\\Google\\Chrome\\Application\\chrome.exe","args":["--start-maximized"]}},"logLevel":"warn","connectionRetryTimeout":120000,"connectionRetryCount":3,"logLevels":{},"enableDirectConnect":true,"strictSSL":true,"_":"65 more keys: [\"cacheDir\",\"port\",\"requestedCapabilities\",\"automationProtocol\",\"baseUrl\",\"waitforInterval\",\"waitforTimeout\",\"onReload\",\"beforeCommand\",\"afterCommand\",\"rootDir\",\"specs\",\"suites\",\"exclude\",\"groupLogsByTestSpec\",\"excludeDriverLogs\",\"bail\",\"framework\",\"reporters\",\"services\",\"maxInstances\",\"maxInstancesPerCapability\",\"injectGlobals\",\"filesToWatch\",\"execArgv\",\"runnerEnv\",\"runner\",\"shard\",\"specFileRetries\",\"specFileRetriesDelay\",\"specFileRetriesDeferred\",\"reporterSyncInterval\",\"reporterSyncTimeout\",\"cucumberFeaturesWithLineNumbers\",\"autoCompileOpts\",\"mochaOpts\",\"jasmineOpts\",\"cucumberOpts\",\"onPrepare\",\"onWorkerStart\",\"onWorkerEnd\",\"before\",\"beforeSession\",\"beforeSuite\",\"beforeHook\",\"beforeTest\",\"afterTest\",\"afterHook\",\"afterSuite\",\"afterSession\",\"after\",\"onComplete\",\"beforeAssertion\",\"afterAssertion\",\"beforeFeature\",\"beforeScenario\",\"beforeStep\",\"afterStep\",\"afterScenario\",\"afterFeature\",\"_\",\"suite\",\"$0\",\"ignoredWorkerServices\",\"wdi5\"]"}]}
COMMAND: POST /session/e7e046f545b47c9805ddcb78f08915f8/execute/async - {"script":"<script> [21126 bytes]","args":[35000]}
RESULT: {"script":"<script> [21126 bytes]","args":[35000]}
COMMAND: POST /session/e7e046f545b47c9805ddcb78f08915f8/execute/async - {"script":"<script> [1562 bytes]","args":[{"selector":{"controlType":"sap.m.Button","viewName":"etm.portal.ui.managerequests.view.Detail","bindingPath":{"path":"/SmartRequestItemsPlanningBoard(ITEM=10m,REQUEST='20177')","propertyPath":"PICK_UP"}},"wdio_ui5_key":"etmportal.ui.managerequests.view.Detailsap.m.Button{\"path\":\"/SmartRequestItemsPlanningBoard(ITEM=10m,REQUEST='20177')\",\"propertyPath\":\"PICK_UP\"}"}]}
RESULT: {"script":"<script> [1562 bytes]","args":[{"selector":{"controlType":"sap.m.Button","viewName":"etm.portal.ui.managerequests.view.Detail","bindingPath":{"path":"/SmartRequestItemsPlanningBoard(ITEM=10m,REQUEST='20177')","propertyPath":"PICK_UP"}},"wdio_ui5_key":"etmportal.ui.managerequests.view.Detailsap.m.Button{\"path\":\"/SmartRequestItemsPlanningBoard(ITEM=10m,REQUEST='20177')\",\"propertyPath\":\"PICK_UP\"}"}]}
RESULT: undefined
COMMAND: POST /session/e7e046f545b47c9805ddcb78f08915f8/execute/async - {"script":"<script> [6424 bytes]","args":[{"element-6066-11e4-a52e-4f735466cecf":"f.0B5413DFD1C3A3AA7B72F051E5DEC85E.d.D4E32DB314E0D99F338D08AD210120DD.e.5526"},"getType",[]]}
RESULT: {"script":"<script> [6424 bytes]","args":[{"element-6066-11e4-a52e-4f735466cecf":"f.0B5413DFD1C3A3AA7B72F051E5DEC85E.d.D4E32DB314E0D99F338D08AD210120DD.e.5526"},"getType",[]]}
COMMAND: POST /session/e7e046f545b47c9805ddcb78f08915f8/execute/async - {"script":"<script> [1562 bytes]","args":[{"selector":{"controlType":"sap.m.Button","viewName":"etm.portal.ui.managerequests.view.Detail","bindingPath":{"path":"/SmartRequestItemsPlanningBoard(ITEM=20m,REQUEST='20177')","propertyPath":"PICK_UP"}},"wdio_ui5_key":"etmportal.ui.managerequests.view.Detailsap.m.Button{\"path\":\"/SmartRequestItemsPlanningBoard(ITEM=20m,REQUEST='20177')\",\"propertyPath\":\"PICK_UP\"}"}]}
RESULT: {"script":"<script> [1562 bytes]","args":[{"selector":{"controlType":"sap.m.Button","viewName":"etm.portal.ui.managerequests.view.Detail","bindingPath":{"path":"/SmartRequestItemsPlanningBoard(ITEM=20m,REQUEST='20177')","propertyPath":"PICK_UP"}},"wdio_ui5_key":"etmportal.ui.managerequests.view.Detailsap.m.Button{\"path\":\"/SmartRequestItemsPlanningBoard(ITEM=20m,REQUEST='20177')\",\"propertyPath\":\"PICK_UP\"}"}]}
RESULT: undefined
COMMAND: POST /session/e7e046f545b47c9805ddcb78f08915f8/execute/async - {"script":"<script> [6424 bytes]","args":[{"element-6066-11e4-a52e-4f735466cecf":"f.0B5413DFD1C3A3AA7B72F051E5DEC85E.d.D4E32DB314E0D99F338D08AD210120DD.e.5556"},"getType",[]]}
RESULT: {"script":"<script> [6424 bytes]","args":[{"element-6066-11e4-a52e-4f735466cecf":"f.0B5413DFD1C3A3AA7B72F051E5DEC85E.d.D4E32DB314E0D99F338D08AD210120DD.e.5556"},"getType",[]]}
]]></system-out>
    </testcase>
    <testcase classname="chrome.136_0_7103_93.windows.Manage_request_+_Contract_processing_pick_up_option_US120163_" name="Should Contract processing pick up option" time="202.784">
      <system-out><![CDATA[
COMMAND: POST /session/e7e046f545b47c9805ddcb78f08915f8/execute/async - {"script":"<script> [1562 bytes]","args":[{"selector":{"id":"requestContractNo","viewName":"etm.portal.ui.managerequests.view.Detail"},"wdio_ui5_key":"requestContractNoetmportal.ui.managerequests.view.Detail"}]}
RESULT: {"script":"<script> [1562 bytes]","args":[{"selector":{"id":"requestContractNo","viewName":"etm.portal.ui.managerequests.view.Detail"},"wdio_ui5_key":"requestContractNoetmportal.ui.managerequests.view.Detail"}]}
RESULT: undefined
COMMAND: POST /session/e7e046f545b47c9805ddcb78f08915f8/element - {"using":"xpath","value":"//*[@id=\"__xmlview2--requestContractNo\"]"}
RESULT: {"using":"xpath","value":"//*[@id=\"__xmlview2--requestContractNo\"]"}
COMMAND: POST /session/e7e046f545b47c9805ddcb78f08915f8/element/f.0B5413DFD1C3A3AA7B72F051E5DEC85E.d.D4E32DB314E0D99F338D08AD210120DD.e.5582/click - {}
RESULT: {}
COMMAND: POST /session/e7e046f545b47c9805ddcb78f08915f8/execute/async - {"script":"<script> [1562 bytes]","args":[{"selector":{"controlType":"sap.m.Link","viewName":"etm.portal.ui.managerequests.view.Detail","properties":{"text":"Contract Overview"},"searchOpenDialogs":true},"wdio_ui5_key":"etmportal.ui.managerequests.view.Detailsap.m.Link{\"text\":\"Contract Overview\"}"}]}
COMMAND: GET /session/e7e046f545b47c9805ddcb78f08915f8/screenshot - {}
RESULT: {"script":"<script> [1562 bytes]","args":[{"selector":{"controlType":"sap.m.Link","viewName":"etm.portal.ui.managerequests.view.Detail","properties":{"text":"Contract Overview"},"searchOpenDialogs":true},"wdio_ui5_key":"etmportal.ui.managerequests.view.Detailsap.m.Link{\"text\":\"Contract Overview\"}"}]}
RESULT: undefined
COMMAND: POST /session/e7e046f545b47c9805ddcb78f08915f8/element - {"using":"xpath","value":"//*[@id=\"__link8\"]"}
RESULT: {}
RESULT: {"using":"xpath","value":"//*[@id=\"__link8\"]"}
COMMAND: POST /session/e7e046f545b47c9805ddcb78f08915f8/element/f.0B5413DFD1C3A3AA7B72F051E5DEC85E.d.D4E32DB314E0D99F338D08AD210120DD.e.5584/click - {}
RESULT: {}
COMMAND: GET /session/e7e046f545b47c9805ddcb78f08915f8/screenshot - {}
RESULT: {}
COMMAND: POST /session/e7e046f545b47c9805ddcb78f08915f8/element - {"using":"xpath","value":"//div[contains(@id ,\"headerBillingItemsTabFilter-text\")]"}
RESULT: {"using":"xpath","value":"//div[contains(@id ,\"headerBillingItemsTabFilter-text\")]"}
COMMAND: POST /session/e7e046f545b47c9805ddcb78f08915f8/elements - {"using":"xpath","value":"//div[contains(@id ,\"headerBillingItemsTabFilter-text\")]"}
RESULT: {"using":"xpath","value":"//div[contains(@id ,\"headerBillingItemsTabFilter-text\")]"}
COMMAND: POST /session/e7e046f545b47c9805ddcb78f08915f8/elements - {"using":"xpath","value":"//div[contains(@id ,\"headerBillingItemsTabFilter-text\")]"}
RESULT: {"using":"xpath","value":"//div[contains(@id ,\"headerBillingItemsTabFilter-text\")]"}
COMMAND: POST /session/e7e046f545b47c9805ddcb78f08915f8/element - {"using":"xpath","value":"//div[contains(@id ,\"headerBillingItemsTabFilter-text\")]"}
RESULT: {"using":"xpath","value":"//div[contains(@id ,\"headerBillingItemsTabFilter-text\")]"}
COMMAND: POST /session/e7e046f545b47c9805ddcb78f08915f8/element/f.0B5413DFD1C3A3AA7B72F051E5DEC85E.d.D4E32DB314E0D99F338D08AD210120DD.e.5658/click - {}
RESULT: {}
COMMAND: GET /session/e7e046f545b47c9805ddcb78f08915f8/screenshot - {}
RESULT: {}
COMMAND: POST /session/e7e046f545b47c9805ddcb78f08915f8/execute/async - {"script":"<script> [1562 bytes]","args":[{"selector":{"id":"addRequestItemBtn","viewName":"etm.portal.ui.managecontracts.view.Detail","interaction":{"idSuffix":"BDI-content"}},"wdio_ui5_key":"addRequestItemBtnetmportal.ui.managecontracts.view.Detail"}]}
RESULT: {"script":"<script> [1562 bytes]","args":[{"selector":{"id":"addRequestItemBtn","viewName":"etm.portal.ui.managecontracts.view.Detail","interaction":{"idSuffix":"BDI-content"}},"wdio_ui5_key":"addRequestItemBtnetmportal.ui.managecontracts.view.Detail"}]}
RESULT: undefined
COMMAND: POST /session/e7e046f545b47c9805ddcb78f08915f8/element - {"using":"xpath","value":"//*[@id=\"__xmlview4--addRequestItemBtn\"]"}
RESULT: {"using":"xpath","value":"//*[@id=\"__xmlview4--addRequestItemBtn\"]"}
COMMAND: POST /session/e7e046f545b47c9805ddcb78f08915f8/element/f.0B5413DFD1C3A3AA7B72F051E5DEC85E.d.D4E32DB314E0D99F338D08AD210120DD.e.5745/click - {}
RESULT: {}
COMMAND: GET /session/e7e046f545b47c9805ddcb78f08915f8/screenshot - {}
RESULT: {}
COMMAND: POST /session/e7e046f545b47c9805ddcb78f08915f8/element - {"using":"xpath","value":"//div[contains(@id ,\"popupRequestTable-sa-CbBg\")]"}
RESULT: {"using":"xpath","value":"//div[contains(@id ,\"popupRequestTable-sa-CbBg\")]"}
COMMAND: POST /session/e7e046f545b47c9805ddcb78f08915f8/element/f.0B5413DFD1C3A3AA7B72F051E5DEC85E.d.D4E32DB314E0D99F338D08AD210120DD.e.5766/click - {}
RESULT: {}
COMMAND: GET /session/e7e046f545b47c9805ddcb78f08915f8/screenshot - {}
RESULT: {}
COMMAND: POST /session/e7e046f545b47c9805ddcb78f08915f8/execute/async - {"script":"<script> [1562 bytes]","args":[{"selector":{"controlType":"sap.m.Button","viewName":"etm.portal.ui.managecontracts.view.Detail","i18NText":{"propertyName":"text","key":"selectionDone"},"searchOpenDialogs":true,"interaction":{"idSuffix":"content"}},"wdio_ui5_key":"etmportal.ui.managecontracts.view.Detailsap.m.Button{\"propertyName\":\"text\",\"key\":\"selectionDone\"}"}]}
RESULT: {"script":"<script> [1562 bytes]","args":[{"selector":{"controlType":"sap.m.Button","viewName":"etm.portal.ui.managecontracts.view.Detail","i18NText":{"propertyName":"text","key":"selectionDone"},"searchOpenDialogs":true,"interaction":{"idSuffix":"content"}},"wdio_ui5_key":"etmportal.ui.managecontracts.view.Detailsap.m.Button{\"propertyName\":\"text\",\"key\":\"selectionDone\"}"}]}
RESULT: undefined
COMMAND: POST /session/e7e046f545b47c9805ddcb78f08915f8/element - {"using":"xpath","value":"//*[@id=\"__button64\"]"}
RESULT: {"using":"xpath","value":"//*[@id=\"__button64\"]"}
COMMAND: POST /session/e7e046f545b47c9805ddcb78f08915f8/element/f.0B5413DFD1C3A3AA7B72F051E5DEC85E.d.D4E32DB314E0D99F338D08AD210120DD.e.5769/click - {}
RESULT: {}
COMMAND: POST /session/e7e046f545b47c9805ddcb78f08915f8/execute/async - {"script":"<script> [1562 bytes]","args":[{"selector":{"controlType":"sap.m.Button","properties":{"text":"OK"},"searchOpenDialogs":true,"interaction":{"idSuffix":"inner"}},"wdio_ui5_key":"sapm.Button{\"text\":\"OK\"}"}]}
COMMAND: GET /session/e7e046f545b47c9805ddcb78f08915f8/screenshot - {}
RESULT: {"script":"<script> [1562 bytes]","args":[{"selector":{"controlType":"sap.m.Button","properties":{"text":"OK"},"searchOpenDialogs":true,"interaction":{"idSuffix":"inner"}},"wdio_ui5_key":"sapm.Button{\"text\":\"OK\"}"}]}
RESULT: undefined
COMMAND: POST /session/e7e046f545b47c9805ddcb78f08915f8/element - {"using":"xpath","value":"//*[@id=\"__mbox-btn-1\"]"}
RESULT: {}
RESULT: {"using":"xpath","value":"//*[@id=\"__mbox-btn-1\"]"}
COMMAND: POST /session/e7e046f545b47c9805ddcb78f08915f8/element/f.0B5413DFD1C3A3AA7B72F051E5DEC85E.d.D4E32DB314E0D99F338D08AD210120DD.e.5770/click - {}
RESULT: {}
COMMAND: GET /session/e7e046f545b47c9805ddcb78f08915f8/screenshot - {}
RESULT: {}
COMMAND: POST /session/e7e046f545b47c9805ddcb78f08915f8/element - {"using":"xpath","value":"//div[contains(@id ,\"headerBillingItemsTabFilter-text\")]"}
RESULT: {"using":"xpath","value":"//div[contains(@id ,\"headerBillingItemsTabFilter-text\")]"}
COMMAND: POST /session/e7e046f545b47c9805ddcb78f08915f8/element/f.0B5413DFD1C3A3AA7B72F051E5DEC85E.d.D4E32DB314E0D99F338D08AD210120DD.e.5658/click - {}
RESULT: {}
COMMAND: GET /session/e7e046f545b47c9805ddcb78f08915f8/screenshot - {}
RESULT: {}
COMMAND: POST /session/e7e046f545b47c9805ddcb78f08915f8/element - {"using":"xpath","value":"//button[contains(@data-kt ,\"refreshButton\")]"}
RESULT: {"using":"xpath","value":"//button[contains(@data-kt ,\"refreshButton\")]"}
COMMAND: POST /session/e7e046f545b47c9805ddcb78f08915f8/element/f.0B5413DFD1C3A3AA7B72F051E5DEC85E.d.D4E32DB314E0D99F338D08AD210120DD.e.5785/click - {}
RESULT: {}
COMMAND: GET /session/e7e046f545b47c9805ddcb78f08915f8/screenshot - {}
RESULT: {}
COMMAND: POST /session/e7e046f545b47c9805ddcb78f08915f8/element - {"using":"xpath","value":"//div[contains(@id ,\"headerBillingItemsTabFilter-text\")]"}
RESULT: {"using":"xpath","value":"//div[contains(@id ,\"headerBillingItemsTabFilter-text\")]"}
COMMAND: POST /session/e7e046f545b47c9805ddcb78f08915f8/element/f.0B5413DFD1C3A3AA7B72F051E5DEC85E.d.D4E32DB314E0D99F338D08AD210120DD.e.5658/click - {}
RESULT: {}
COMMAND: GET /session/e7e046f545b47c9805ddcb78f08915f8/screenshot - {}
RESULT: {}
COMMAND: POST /session/e7e046f545b47c9805ddcb78f08915f8/execute/async - {"script":"<script> [1562 bytes]","args":[{"selector":{"id":"contractDetailProvideButton","viewName":"etm.portal.ui.managecontracts.view.Detail","interaction":{"idSuffix":"BDI-content"}},"wdio_ui5_key":"contractDetailProvideButtonetmportal.ui.managecontracts.view.Detail"}]}
RESULT: {"script":"<script> [1562 bytes]","args":[{"selector":{"id":"contractDetailProvideButton","viewName":"etm.portal.ui.managecontracts.view.Detail","interaction":{"idSuffix":"BDI-content"}},"wdio_ui5_key":"contractDetailProvideButtonetmportal.ui.managecontracts.view.Detail"}]}
RESULT: undefined
COMMAND: POST /session/e7e046f545b47c9805ddcb78f08915f8/element - {"using":"xpath","value":"//*[@id=\"__xmlview4--contractDetailProvideButton\"]"}
RESULT: {"using":"xpath","value":"//*[@id=\"__xmlview4--contractDetailProvideButton\"]"}
COMMAND: POST /session/e7e046f545b47c9805ddcb78f08915f8/element/f.0B5413DFD1C3A3AA7B72F051E5DEC85E.d.D4E32DB314E0D99F338D08AD210120DD.e.5793/click - {}
RESULT: {}
COMMAND: GET /session/e7e046f545b47c9805ddcb78f08915f8/screenshot - {}
RESULT: {}
COMMAND: POST /session/e7e046f545b47c9805ddcb78f08915f8/execute/async - {"script":"<script> [1562 bytes]","args":[{"selector":{"id":"application-managehandovers-display-component---AddNewHO--pickUpCheckbox","interaction":{"idSuffix":"CbBg"}},"wdio_ui5_key":"applicationmanagehandovers-display-component---AddNewHO--pickUpCheckbox"}]}
RESULT: {"script":"<script> [1562 bytes]","args":[{"selector":{"id":"application-managehandovers-display-component---AddNewHO--pickUpCheckbox","interaction":{"idSuffix":"CbBg"}},"wdio_ui5_key":"applicationmanagehandovers-display-component---AddNewHO--pickUpCheckbox"}]}
RESULT: undefined
COMMAND: POST /session/e7e046f545b47c9805ddcb78f08915f8/element - {"using":"xpath","value":"//*[@id=\"application-managehandovers-display-component---AddNewHO--pickUpCheckbox\"]"}
RESULT: {"using":"xpath","value":"//*[@id=\"application-managehandovers-display-component---AddNewHO--pickUpCheckbox\"]"}
COMMAND: POST /session/e7e046f545b47c9805ddcb78f08915f8/element/f.0B5413DFD1C3A3AA7B72F051E5DEC85E.d.D4E32DB314E0D99F338D08AD210120DD.e.5953/click - {}
RESULT: {}
COMMAND: POST /session/e7e046f545b47c9805ddcb78f08915f8/execute/async - {"script":"<script> [1562 bytes]","args":[{"selector":{"id":"application-managehandovers-display-component---AddNewHO--ObjectPageLayout-anchBar-application-managehandovers-display-component---AddNewHO--section4-anchor","interaction":{"idSuffix":"content"}},"wdio_ui5_key":"applicationmanagehandovers-display-component---AddNewHO--ObjectPageLayout-anchBar-application-managehandovers-display-component---AddNewHO--section4-anchor"}]}
COMMAND: GET /session/e7e046f545b47c9805ddcb78f08915f8/screenshot - {}
RESULT: {"script":"<script> [1562 bytes]","args":[{"selector":{"id":"application-managehandovers-display-component---AddNewHO--ObjectPageLayout-anchBar-application-managehandovers-display-component---AddNewHO--section4-anchor","interaction":{"idSuffix":"content"}},"wdio_ui5_key":"applicationmanagehandovers-display-component---AddNewHO--ObjectPageLayout-anchBar-application-managehandovers-display-component---AddNewHO--section4-anchor"}]}
RESULT: undefined
COMMAND: POST /session/e7e046f545b47c9805ddcb78f08915f8/element - {"using":"xpath","value":"//*[@id=\"application-managehandovers-display-component---AddNewHO--ObjectPageLayout-anchBar-application-managehandovers-display-component---AddNewHO--section4-anchor\"]"}
RESULT: {}
RESULT: {"using":"xpath","value":"//*[@id=\"application-managehandovers-display-component---AddNewHO--ObjectPageLayout-anchBar-application-managehandovers-display-component---AddNewHO--section4-anchor\"]"}
COMMAND: POST /session/e7e046f545b47c9805ddcb78f08915f8/element/f.0B5413DFD1C3A3AA7B72F051E5DEC85E.d.D4E32DB314E0D99F338D08AD210120DD.e.5957/click - {}
RESULT: {}
COMMAND: POST /session/e7e046f545b47c9805ddcb78f08915f8/execute/async - {"script":"<script> [1562 bytes]","args":[{"selector":{"controlType":"sap.m.Button","viewName":"etm.portal.ui.managehandovers.view.AddNewHO","viewId":"application-managehandovers-display-component---AddNewHO","i18NText":{"propertyName":"tooltip","key":"addItems"},"interaction":{"idSuffix":"inner"}},"wdio_ui5_key":"etmportal.ui.managehandovers.view.AddNewHOsap.m.Button{\"propertyName\":\"tooltip\",\"key\":\"addItems\"}"}]}
COMMAND: GET /session/e7e046f545b47c9805ddcb78f08915f8/screenshot - {}
RESULT: {"script":"<script> [1562 bytes]","args":[{"selector":{"controlType":"sap.m.Button","viewName":"etm.portal.ui.managehandovers.view.AddNewHO","viewId":"application-managehandovers-display-component---AddNewHO","i18NText":{"propertyName":"tooltip","key":"addItems"},"interaction":{"idSuffix":"inner"}},"wdio_ui5_key":"etmportal.ui.managehandovers.view.AddNewHOsap.m.Button{\"propertyName\":\"tooltip\",\"key\":\"addItems\"}"}]}
RESULT: undefined
COMMAND: POST /session/e7e046f545b47c9805ddcb78f08915f8/element - {"using":"xpath","value":"//*[@id=\"__button81\"]"}
RESULT: {}
RESULT: {"using":"xpath","value":"//*[@id=\"__button81\"]"}
COMMAND: POST /session/e7e046f545b47c9805ddcb78f08915f8/element/f.0B5413DFD1C3A3AA7B72F051E5DEC85E.d.D4E32DB314E0D99F338D08AD210120DD.e.5961/click - {}
RESULT: {}
COMMAND: POST /session/e7e046f545b47c9805ddcb78f08915f8/execute/async - {"script":"<script> [1562 bytes]","args":[{"selector":{"id":"application-managehandovers-display-component---AddNewHO--smartTableHOPopup-header","searchOpenDialogs":true},"wdio_ui5_key":"applicationmanagehandovers-display-component---AddNewHO--smartTableHOPopup-header"}]}
COMMAND: GET /session/e7e046f545b47c9805ddcb78f08915f8/screenshot - {}
RESULT: {"script":"<script> [1562 bytes]","args":[{"selector":{"id":"application-managehandovers-display-component---AddNewHO--smartTableHOPopup-header","searchOpenDialogs":true},"wdio_ui5_key":"applicationmanagehandovers-display-component---AddNewHO--smartTableHOPopup-header"}]}
RESULT: undefined
COMMAND: POST /session/e7e046f545b47c9805ddcb78f08915f8/execute/async - {"script":"<script> [6424 bytes]","args":[{"element-6066-11e4-a52e-4f735466cecf":"f.0B5413DFD1C3A3AA7B72F051E5DEC85E.d.D4E32DB314E0D99F338D08AD210120DD.e.5976"},"getText",[]]}
RESULT: {}
RESULT: {"script":"<script> [6424 bytes]","args":[{"element-6066-11e4-a52e-4f735466cecf":"f.0B5413DFD1C3A3AA7B72F051E5DEC85E.d.D4E32DB314E0D99F338D08AD210120DD.e.5976"},"getText",[]]}
COMMAND: POST /session/e7e046f545b47c9805ddcb78f08915f8/actions - {"actions":[{"id":"action44","type":"key","parameters":{},"actions":[{"type":"keyDown","value":""},{"type":"pause","duration":10},{"type":"keyUp","value":""}]}]}
RESULT: {"actions":[{"id":"action44","type":"key","parameters":{},"actions":[{"type":"keyDown","value":""},{"type":"pause","duration":10},{"type":"keyUp","value":""}]}]}
COMMAND: GET /session/e7e046f545b47c9805ddcb78f08915f8/screenshot - {}
RESULT: {}
COMMAND: POST /session/e7e046f545b47c9805ddcb78f08915f8/execute/async - {"script":"<script> [1562 bytes]","args":[{"selector":{"id":"backBtn"},"wdio_ui5_key":"backBtn"}]}
RESULT: {"script":"<script> [1562 bytes]","args":[{"selector":{"id":"backBtn"},"wdio_ui5_key":"backBtn"}]}
RESULT: undefined
COMMAND: POST /session/e7e046f545b47c9805ddcb78f08915f8/element - {"using":"xpath","value":"//*[@id=\"backBtn\"]"}
RESULT: {"using":"xpath","value":"//*[@id=\"backBtn\"]"}
COMMAND: POST /session/e7e046f545b47c9805ddcb78f08915f8/element/f.0B5413DFD1C3A3AA7B72F051E5DEC85E.d.D4E32DB314E0D99F338D08AD210120DD.e.5978/click - {}
RESULT: {}
COMMAND: GET /session/e7e046f545b47c9805ddcb78f08915f8/screenshot - {}
RESULT: {}
COMMAND: POST /session/e7e046f545b47c9805ddcb78f08915f8/refresh - {}
RESULT: {}
COMMAND: GET /session/e7e046f545b47c9805ddcb78f08915f8/screenshot - {}
RESULT: {}
COMMAND: POST /session/e7e046f545b47c9805ddcb78f08915f8/execute/async - {"script":"<script> [189 bytes]","args":[]}
RESULT: {"script":"<script> [189 bytes]","args":[]}
COMMAND: POST /session/e7e046f545b47c9805ddcb78f08915f8/execute/async - {"script":"<script> [123 bytes]","args":[]}
RESULT: {"script":"<script> [123 bytes]","args":[]}
COMMAND: POST /session/e7e046f545b47c9805ddcb78f08915f8/timeouts - {"script":"<number>"}
RESULT: {"script":"<number>"}
COMMAND: GET /session/e7e046f545b47c9805ddcb78f08915f8/timeouts - {}
RESULT: {}
RESULT: undefined
COMMAND: POST /session/e7e046f545b47c9805ddcb78f08915f8/execute/async - {"script":"<script> [2676 bytes]","args":[]}
RESULT: {"script":"<script> [2676 bytes]","args":[]}
COMMAND: POST /session/e7e046f545b47c9805ddcb78f08915f8/execute/async - {"script":"<script> [2342 bytes]","args":[{"protocol":"http","hostname":"0.0.0.0","path":"/","capabilities":{"browserName":"chrome","goog:chromeOptions":{"binary":"C:\\Program Files\\Google\\Chrome\\Application\\chrome.exe","args":["--start-maximized"]}},"logLevel":"warn","connectionRetryTimeout":120000,"connectionRetryCount":3,"logLevels":{},"enableDirectConnect":true,"strictSSL":true,"_":"65 more keys: [\"cacheDir\",\"port\",\"requestedCapabilities\",\"automationProtocol\",\"baseUrl\",\"waitforInterval\",\"waitforTimeout\",\"onReload\",\"beforeCommand\",\"afterCommand\",\"rootDir\",\"specs\",\"suites\",\"exclude\",\"groupLogsByTestSpec\",\"excludeDriverLogs\",\"bail\",\"framework\",\"reporters\",\"services\",\"maxInstances\",\"maxInstancesPerCapability\",\"injectGlobals\",\"filesToWatch\",\"execArgv\",\"runnerEnv\",\"runner\",\"shard\",\"specFileRetries\",\"specFileRetriesDelay\",\"specFileRetriesDeferred\",\"reporterSyncInterval\",\"reporterSyncTimeout\",\"cucumberFeaturesWithLineNumbers\",\"autoCompileOpts\",\"mochaOpts\",\"jasmineOpts\",\"cucumberOpts\",\"onPrepare\",\"onWorkerStart\",\"onWorkerEnd\",\"before\",\"beforeSession\",\"beforeSuite\",\"beforeHook\",\"beforeTest\",\"afterTest\",\"afterHook\",\"afterSuite\",\"afterSession\",\"after\",\"onComplete\",\"beforeAssertion\",\"afterAssertion\",\"beforeFeature\",\"beforeScenario\",\"beforeStep\",\"afterStep\",\"afterScenario\",\"afterFeature\",\"_\",\"suite\",\"$0\",\"ignoredWorkerServices\",\"wdi5\"]"}]}
RESULT: {"script":"<script> [2342 bytes]","args":[{"protocol":"http","hostname":"0.0.0.0","path":"/","capabilities":{"browserName":"chrome","goog:chromeOptions":{"binary":"C:\\Program Files\\Google\\Chrome\\Application\\chrome.exe","args":["--start-maximized"]}},"logLevel":"warn","connectionRetryTimeout":120000,"connectionRetryCount":3,"logLevels":{},"enableDirectConnect":true,"strictSSL":true,"_":"65 more keys: [\"cacheDir\",\"port\",\"requestedCapabilities\",\"automationProtocol\",\"baseUrl\",\"waitforInterval\",\"waitforTimeout\",\"onReload\",\"beforeCommand\",\"afterCommand\",\"rootDir\",\"specs\",\"suites\",\"exclude\",\"groupLogsByTestSpec\",\"excludeDriverLogs\",\"bail\",\"framework\",\"reporters\",\"services\",\"maxInstances\",\"maxInstancesPerCapability\",\"injectGlobals\",\"filesToWatch\",\"execArgv\",\"runnerEnv\",\"runner\",\"shard\",\"specFileRetries\",\"specFileRetriesDelay\",\"specFileRetriesDeferred\",\"reporterSyncInterval\",\"reporterSyncTimeout\",\"cucumberFeaturesWithLineNumbers\",\"autoCompileOpts\",\"mochaOpts\",\"jasmineOpts\",\"cucumberOpts\",\"onPrepare\",\"onWorkerStart\",\"onWorkerEnd\",\"before\",\"beforeSession\",\"beforeSuite\",\"beforeHook\",\"beforeTest\",\"afterTest\",\"afterHook\",\"afterSuite\",\"afterSession\",\"after\",\"onComplete\",\"beforeAssertion\",\"afterAssertion\",\"beforeFeature\",\"beforeScenario\",\"beforeStep\",\"afterStep\",\"afterScenario\",\"afterFeature\",\"_\",\"suite\",\"$0\",\"ignoredWorkerServices\",\"wdi5\"]"}]}
COMMAND: POST /session/e7e046f545b47c9805ddcb78f08915f8/execute/async - {"script":"<script> [21126 bytes]","args":[35000]}
RESULT: {"script":"<script> [21126 bytes]","args":[35000]}
COMMAND: POST /session/e7e046f545b47c9805ddcb78f08915f8/element - {"using":"xpath","value":"//div[contains(@id ,\"headerBillingItemsTabFilter-text\")]"}
RESULT: {"using":"xpath","value":"//div[contains(@id ,\"headerBillingItemsTabFilter-text\")]"}
COMMAND: POST /session/e7e046f545b47c9805ddcb78f08915f8/element/f.0B5413DFD1C3A3AA7B72F051E5DEC85E.d.B06BE7DCD80792F034ABD3C2D6BCF092.e.6384/click - {}
RESULT: {}
COMMAND: GET /session/e7e046f545b47c9805ddcb78f08915f8/screenshot - {}
RESULT: {}
COMMAND: POST /session/e7e046f545b47c9805ddcb78f08915f8/execute/async - {"script":"<script> [1562 bytes]","args":[{"selector":{"id":"revertPlanningBtn","viewName":"etm.portal.ui.managecontracts.view.Detail","interaction":{"idSuffix":"BDI-content"}},"wdio_ui5_key":"revertPlanningBtnetmportal.ui.managecontracts.view.Detail"}]}
RESULT: {"script":"<script> [1562 bytes]","args":[{"selector":{"id":"revertPlanningBtn","viewName":"etm.portal.ui.managecontracts.view.Detail","interaction":{"idSuffix":"BDI-content"}},"wdio_ui5_key":"revertPlanningBtnetmportal.ui.managecontracts.view.Detail"}]}
RESULT: undefined
COMMAND: POST /session/e7e046f545b47c9805ddcb78f08915f8/element - {"using":"xpath","value":"//*[@id=\"__xmlview1--revertPlanningBtn\"]"}
RESULT: {"using":"xpath","value":"//*[@id=\"__xmlview1--revertPlanningBtn\"]"}
COMMAND: POST /session/e7e046f545b47c9805ddcb78f08915f8/element/f.0B5413DFD1C3A3AA7B72F051E5DEC85E.d.B06BE7DCD80792F034ABD3C2D6BCF092.e.6296/click - {}
RESULT: {}
COMMAND: GET /session/e7e046f545b47c9805ddcb78f08915f8/screenshot - {}
RESULT: {}
COMMAND: POST /session/e7e046f545b47c9805ddcb78f08915f8/actions - {"actions":[{"id":"action45","type":"key","parameters":{},"actions":[{"type":"keyDown","value":""},{"type":"pause","duration":10},{"type":"keyUp","value":""}]}]}
RESULT: {"actions":[{"id":"action45","type":"key","parameters":{},"actions":[{"type":"keyDown","value":""},{"type":"pause","duration":10},{"type":"keyUp","value":""}]}]}
COMMAND: GET /session/e7e046f545b47c9805ddcb78f08915f8/screenshot - {}
RESULT: {}
COMMAND: POST /session/e7e046f545b47c9805ddcb78f08915f8/element - {"using":"xpath","value":"//div[contains(@id ,\"ProductsTable-sa-CbBg\")]"}
RESULT: {"using":"xpath","value":"//div[contains(@id ,\"ProductsTable-sa-CbBg\")]"}
COMMAND: POST /session/e7e046f545b47c9805ddcb78f08915f8/element/f.0B5413DFD1C3A3AA7B72F051E5DEC85E.d.B06BE7DCD80792F034ABD3C2D6BCF092.e.6434/click - {}
RESULT: {}
COMMAND: GET /session/e7e046f545b47c9805ddcb78f08915f8/screenshot - {}
RESULT: {}
COMMAND: POST /session/e7e046f545b47c9805ddcb78f08915f8/execute/async - {"script":"<script> [1562 bytes]","args":[{"selector":{"id":"executeRevertPlanningBtn","viewName":"etm.portal.ui.managecontracts.view.Detail","interaction":{"idSuffix":"BDI-content"}},"wdio_ui5_key":"executeRevertPlanningBtnetmportal.ui.managecontracts.view.Detail"}]}
RESULT: {"script":"<script> [1562 bytes]","args":[{"selector":{"id":"executeRevertPlanningBtn","viewName":"etm.portal.ui.managecontracts.view.Detail","interaction":{"idSuffix":"BDI-content"}},"wdio_ui5_key":"executeRevertPlanningBtnetmportal.ui.managecontracts.view.Detail"}]}
RESULT: undefined
COMMAND: POST /session/e7e046f545b47c9805ddcb78f08915f8/element - {"using":"xpath","value":"//*[@id=\"__xmlview1--executeRevertPlanningBtn\"]"}
RESULT: {"using":"xpath","value":"//*[@id=\"__xmlview1--executeRevertPlanningBtn\"]"}
COMMAND: POST /session/e7e046f545b47c9805ddcb78f08915f8/element/f.0B5413DFD1C3A3AA7B72F051E5DEC85E.d.B06BE7DCD80792F034ABD3C2D6BCF092.e.6433/click - {}
RESULT: {}
COMMAND: GET /session/e7e046f545b47c9805ddcb78f08915f8/screenshot - {}
RESULT: {}
COMMAND: POST /session/e7e046f545b47c9805ddcb78f08915f8/actions - {"actions":[{"id":"action46","type":"key","parameters":{},"actions":[{"type":"keyDown","value":""},{"type":"pause","duration":10},{"type":"keyUp","value":""}]}]}
RESULT: {"actions":[{"id":"action46","type":"key","parameters":{},"actions":[{"type":"keyDown","value":""},{"type":"pause","duration":10},{"type":"keyUp","value":""}]}]}
COMMAND: POST /session/e7e046f545b47c9805ddcb78f08915f8/execute/async - {"script":"<script> [1562 bytes]","args":[{"selector":{"id":"backBtn"},"wdio_ui5_key":"backBtn"}]}
COMMAND: GET /session/e7e046f545b47c9805ddcb78f08915f8/screenshot - {}
RESULT: {"script":"<script> [1562 bytes]","args":[{"selector":{"id":"backBtn"},"wdio_ui5_key":"backBtn"}]}
RESULT: undefined
COMMAND: POST /session/e7e046f545b47c9805ddcb78f08915f8/element - {"using":"xpath","value":"//*[@id=\"backBtn\"]"}
RESULT: {}
RESULT: {"using":"xpath","value":"//*[@id=\"backBtn\"]"}
COMMAND: POST /session/e7e046f545b47c9805ddcb78f08915f8/element/f.0B5413DFD1C3A3AA7B72F051E5DEC85E.d.B06BE7DCD80792F034ABD3C2D6BCF092.e.6446/click - {}
RESULT: {}
COMMAND: GET /session/e7e046f545b47c9805ddcb78f08915f8/screenshot - {}
RESULT: {}
COMMAND: POST /session/e7e046f545b47c9805ddcb78f08915f8/refresh - {}
RESULT: {}
COMMAND: GET /session/e7e046f545b47c9805ddcb78f08915f8/screenshot - {}
RESULT: {}
COMMAND: POST /session/e7e046f545b47c9805ddcb78f08915f8/execute/async - {"script":"<script> [189 bytes]","args":[]}
RESULT: {"script":"<script> [189 bytes]","args":[]}
COMMAND: POST /session/e7e046f545b47c9805ddcb78f08915f8/execute/async - {"script":"<script> [123 bytes]","args":[]}
RESULT: {"script":"<script> [123 bytes]","args":[]}
COMMAND: POST /session/e7e046f545b47c9805ddcb78f08915f8/timeouts - {"script":"<number>"}
RESULT: {"script":"<number>"}
COMMAND: GET /session/e7e046f545b47c9805ddcb78f08915f8/timeouts - {}
RESULT: {}
RESULT: undefined
COMMAND: POST /session/e7e046f545b47c9805ddcb78f08915f8/execute/async - {"script":"<script> [2676 bytes]","args":[]}
RESULT: {"script":"<script> [2676 bytes]","args":[]}
COMMAND: POST /session/e7e046f545b47c9805ddcb78f08915f8/execute/async - {"script":"<script> [2342 bytes]","args":[{"protocol":"http","hostname":"0.0.0.0","path":"/","capabilities":{"browserName":"chrome","goog:chromeOptions":{"binary":"C:\\Program Files\\Google\\Chrome\\Application\\chrome.exe","args":["--start-maximized"]}},"logLevel":"warn","connectionRetryTimeout":120000,"connectionRetryCount":3,"logLevels":{},"enableDirectConnect":true,"strictSSL":true,"_":"65 more keys: [\"cacheDir\",\"port\",\"requestedCapabilities\",\"automationProtocol\",\"baseUrl\",\"waitforInterval\",\"waitforTimeout\",\"onReload\",\"beforeCommand\",\"afterCommand\",\"rootDir\",\"specs\",\"suites\",\"exclude\",\"groupLogsByTestSpec\",\"excludeDriverLogs\",\"bail\",\"framework\",\"reporters\",\"services\",\"maxInstances\",\"maxInstancesPerCapability\",\"injectGlobals\",\"filesToWatch\",\"execArgv\",\"runnerEnv\",\"runner\",\"shard\",\"specFileRetries\",\"specFileRetriesDelay\",\"specFileRetriesDeferred\",\"reporterSyncInterval\",\"reporterSyncTimeout\",\"cucumberFeaturesWithLineNumbers\",\"autoCompileOpts\",\"mochaOpts\",\"jasmineOpts\",\"cucumberOpts\",\"onPrepare\",\"onWorkerStart\",\"onWorkerEnd\",\"before\",\"beforeSession\",\"beforeSuite\",\"beforeHook\",\"beforeTest\",\"afterTest\",\"afterHook\",\"afterSuite\",\"afterSession\",\"after\",\"onComplete\",\"beforeAssertion\",\"afterAssertion\",\"beforeFeature\",\"beforeScenario\",\"beforeStep\",\"afterStep\",\"afterScenario\",\"afterFeature\",\"_\",\"suite\",\"$0\",\"ignoredWorkerServices\",\"wdi5\"]"}]}
RESULT: {"script":"<script> [2342 bytes]","args":[{"protocol":"http","hostname":"0.0.0.0","path":"/","capabilities":{"browserName":"chrome","goog:chromeOptions":{"binary":"C:\\Program Files\\Google\\Chrome\\Application\\chrome.exe","args":["--start-maximized"]}},"logLevel":"warn","connectionRetryTimeout":120000,"connectionRetryCount":3,"logLevels":{},"enableDirectConnect":true,"strictSSL":true,"_":"65 more keys: [\"cacheDir\",\"port\",\"requestedCapabilities\",\"automationProtocol\",\"baseUrl\",\"waitforInterval\",\"waitforTimeout\",\"onReload\",\"beforeCommand\",\"afterCommand\",\"rootDir\",\"specs\",\"suites\",\"exclude\",\"groupLogsByTestSpec\",\"excludeDriverLogs\",\"bail\",\"framework\",\"reporters\",\"services\",\"maxInstances\",\"maxInstancesPerCapability\",\"injectGlobals\",\"filesToWatch\",\"execArgv\",\"runnerEnv\",\"runner\",\"shard\",\"specFileRetries\",\"specFileRetriesDelay\",\"specFileRetriesDeferred\",\"reporterSyncInterval\",\"reporterSyncTimeout\",\"cucumberFeaturesWithLineNumbers\",\"autoCompileOpts\",\"mochaOpts\",\"jasmineOpts\",\"cucumberOpts\",\"onPrepare\",\"onWorkerStart\",\"onWorkerEnd\",\"before\",\"beforeSession\",\"beforeSuite\",\"beforeHook\",\"beforeTest\",\"afterTest\",\"afterHook\",\"afterSuite\",\"afterSession\",\"after\",\"onComplete\",\"beforeAssertion\",\"afterAssertion\",\"beforeFeature\",\"beforeScenario\",\"beforeStep\",\"afterStep\",\"afterScenario\",\"afterFeature\",\"_\",\"suite\",\"$0\",\"ignoredWorkerServices\",\"wdi5\"]"}]}
COMMAND: POST /session/e7e046f545b47c9805ddcb78f08915f8/execute/async - {"script":"<script> [21126 bytes]","args":[35000]}
RESULT: {"script":"<script> [21126 bytes]","args":[35000]}
COMMAND: POST /session/e7e046f545b47c9805ddcb78f08915f8/execute/async - {"script":"<script> [1562 bytes]","args":[{"selector":{"controlType":"sap.m.ObjectStatus","viewName":"etm.portal.ui.managerequests.view.Detail","bindingPath":{"path":"/RequestHeaders('20177')","propertyPath":"LINK_TO_STATUS/DESCRIPTION","modelName":"catalogModel"}},"wdio_ui5_key":"etmportal.ui.managerequests.view.Detailsap.m.ObjectStatus{\"path\":\"/RequestHeaders('20177')\",\"propertyPath\":\"LINK_TO_STATUS/DESCRIPTION\",\"modelName\":\"catalogModel\"}"}]}
RESULT: {"script":"<script> [1562 bytes]","args":[{"selector":{"controlType":"sap.m.ObjectStatus","viewName":"etm.portal.ui.managerequests.view.Detail","bindingPath":{"path":"/RequestHeaders('20177')","propertyPath":"LINK_TO_STATUS/DESCRIPTION","modelName":"catalogModel"}},"wdio_ui5_key":"etmportal.ui.managerequests.view.Detailsap.m.ObjectStatus{\"path\":\"/RequestHeaders('20177')\",\"propertyPath\":\"LINK_TO_STATUS/DESCRIPTION\",\"modelName\":\"catalogModel\"}"}]}
RESULT: undefined
COMMAND: POST /session/e7e046f545b47c9805ddcb78f08915f8/execute/async - {"script":"<script> [6424 bytes]","args":[{"element-6066-11e4-a52e-4f735466cecf":"f.0B5413DFD1C3A3AA7B72F051E5DEC85E.d.9FE639C9ECBBF875AFB7B231B5DD8105.e.6650"},"getText",[]]}
RESULT: {"script":"<script> [6424 bytes]","args":[{"element-6066-11e4-a52e-4f735466cecf":"f.0B5413DFD1C3A3AA7B72F051E5DEC85E.d.9FE639C9ECBBF875AFB7B231B5DD8105.e.6650"},"getText",[]]}
COMMAND: POST /session/e7e046f545b47c9805ddcb78f08915f8/execute/async - {"script":"<script> [1562 bytes]","args":[{"selector":{"controlType":"sap.m.Button","viewName":"etm.portal.ui.managerequests.view.Detail","bindingPath":{"path":"/SmartRequestItemsPlanningBoard(ITEM=10m,REQUEST='20177')","propertyPath":"PICK_UP"}},"wdio_ui5_key":"etmportal.ui.managerequests.view.Detailsap.m.Button{\"path\":\"/SmartRequestItemsPlanningBoard(ITEM=10m,REQUEST='20177')\",\"propertyPath\":\"PICK_UP\"}"}]}
RESULT: {"script":"<script> [1562 bytes]","args":[{"selector":{"controlType":"sap.m.Button","viewName":"etm.portal.ui.managerequests.view.Detail","bindingPath":{"path":"/SmartRequestItemsPlanningBoard(ITEM=10m,REQUEST='20177')","propertyPath":"PICK_UP"}},"wdio_ui5_key":"etmportal.ui.managerequests.view.Detailsap.m.Button{\"path\":\"/SmartRequestItemsPlanningBoard(ITEM=10m,REQUEST='20177')\",\"propertyPath\":\"PICK_UP\"}"}]}
RESULT: undefined
COMMAND: POST /session/e7e046f545b47c9805ddcb78f08915f8/execute/async - {"script":"<script> [6424 bytes]","args":[{"element-6066-11e4-a52e-4f735466cecf":"f.0B5413DFD1C3A3AA7B72F051E5DEC85E.d.9FE639C9ECBBF875AFB7B231B5DD8105.e.6635"},"getType",[]]}
RESULT: {"script":"<script> [6424 bytes]","args":[{"element-6066-11e4-a52e-4f735466cecf":"f.0B5413DFD1C3A3AA7B72F051E5DEC85E.d.9FE639C9ECBBF875AFB7B231B5DD8105.e.6635"},"getType",[]]}
COMMAND: POST /session/e7e046f545b47c9805ddcb78f08915f8/execute/async - {"script":"<script> [1562 bytes]","args":[{"selector":{"controlType":"sap.m.Button","viewName":"etm.portal.ui.managerequests.view.Detail","bindingPath":{"path":"/SmartRequestItemsPlanningBoard(ITEM=20m,REQUEST='20177')","propertyPath":"PICK_UP"}},"wdio_ui5_key":"etmportal.ui.managerequests.view.Detailsap.m.Button{\"path\":\"/SmartRequestItemsPlanningBoard(ITEM=20m,REQUEST='20177')\",\"propertyPath\":\"PICK_UP\"}"}]}
RESULT: {"script":"<script> [1562 bytes]","args":[{"selector":{"controlType":"sap.m.Button","viewName":"etm.portal.ui.managerequests.view.Detail","bindingPath":{"path":"/SmartRequestItemsPlanningBoard(ITEM=20m,REQUEST='20177')","propertyPath":"PICK_UP"}},"wdio_ui5_key":"etmportal.ui.managerequests.view.Detailsap.m.Button{\"path\":\"/SmartRequestItemsPlanningBoard(ITEM=20m,REQUEST='20177')\",\"propertyPath\":\"PICK_UP\"}"}]}
RESULT: undefined
COMMAND: POST /session/e7e046f545b47c9805ddcb78f08915f8/execute/async - {"script":"<script> [6424 bytes]","args":[{"element-6066-11e4-a52e-4f735466cecf":"f.0B5413DFD1C3A3AA7B72F051E5DEC85E.d.9FE639C9ECBBF875AFB7B231B5DD8105.e.6652"},"getType",[]]}
RESULT: {"script":"<script> [6424 bytes]","args":[{"element-6066-11e4-a52e-4f735466cecf":"f.0B5413DFD1C3A3AA7B72F051E5DEC85E.d.9FE639C9ECBBF875AFB7B231B5DD8105.e.6652"},"getType",[]]}
COMMAND: POST /session/e7e046f545b47c9805ddcb78f08915f8/element - {"using":"css selector","value":"#shell-header-logo"}
RESULT: {"using":"css selector","value":"#shell-header-logo"}
COMMAND: POST /session/e7e046f545b47c9805ddcb78f08915f8/element/f.0B5413DFD1C3A3AA7B72F051E5DEC85E.d.9FE639C9ECBBF875AFB7B231B5DD8105.e.6453/click - {}
RESULT: {}
COMMAND: GET /session/e7e046f545b47c9805ddcb78f08915f8/screenshot - {}
RESULT: {}
COMMAND: POST /session/e7e046f545b47c9805ddcb78f08915f8/execute/async - {"script":"<script> [1562 bytes]","args":[{"selector":{"controlType":"sap.m.GenericTile","properties":{"header":"Manage Classifications"}},"wdio_ui5_key":"sapm.GenericTile{\"header\":\"Manage Classifications\"}"}]}
RESULT: {"script":"<script> [1562 bytes]","args":[{"selector":{"controlType":"sap.m.GenericTile","properties":{"header":"Manage Classifications"}},"wdio_ui5_key":"sapm.GenericTile{\"header\":\"Manage Classifications\"}"}]}
RESULT: undefined
COMMAND: POST /session/e7e046f545b47c9805ddcb78f08915f8/element - {"using":"xpath","value":"//*[@id=\"__tile115\"]"}
RESULT: {"using":"xpath","value":"//*[@id=\"__tile115\"]"}
COMMAND: POST /session/e7e046f545b47c9805ddcb78f08915f8/element/f.0B5413DFD1C3A3AA7B72F051E5DEC85E.d.9FE639C9ECBBF875AFB7B231B5DD8105.e.6668/click - {}
RESULT: {}
COMMAND: GET /session/e7e046f545b47c9805ddcb78f08915f8/screenshot - {}
RESULT: {}
COMMAND: POST /session/e7e046f545b47c9805ddcb78f08915f8/elements - {"using":"xpath","value":"//span[text()='Error']"}
RESULT: {"using":"xpath","value":"//span[text()='Error']"}
]]></system-out>
    </testcase>
  </testsuite>
  <testsuite timestamp="2025-05-30T16:02:02" time="417.655" tests="4" failures="0" errors="0" skipped="0">
    <properties>
      <property name="specId" value="0"/>
      <property name="suiteName" value="Manage requests - requests specifications US141095"/>
      <property name="capabilities" value="chrome.136_0_7103_93.windows"/>
      <property name="file" value="file:///D:/a/1/s/test/specs/R2C/manage-requests-request-specifications.spec.js"/>
    </properties>
    <testcase classname="chrome.136_0_7103_93.windows.Manage_requests_-_requests_specifications_US141095" name="Should create a new classification of type request item" time="41.002">
      <system-out><![CDATA[
COMMAND: POST /session/e7e046f545b47c9805ddcb78f08915f8/execute/async - {"script":"<script> [1562 bytes]","args":[{"selector":{"controlType":"sap.ui.core.Icon","viewName":"etm.portal.ui.manageclassifications.view.Master","viewId":"application-manageclassifications-display-component---classificationMaster","properties":{"src":{"regex":{"source":"add"}}}},"wdio_ui5_key":"etmportal.ui.manageclassifications.view.Mastersap.ui.core.Icon{\"src\":{\"regex\":{\"source\":\"add\"}}}"}]}
RESULT: {"script":"<script> [1562 bytes]","args":[{"selector":{"controlType":"sap.ui.core.Icon","viewName":"etm.portal.ui.manageclassifications.view.Master","viewId":"application-manageclassifications-display-component---classificationMaster","properties":{"src":{"regex":{"source":"add"}}}},"wdio_ui5_key":"etmportal.ui.manageclassifications.view.Mastersap.ui.core.Icon{\"src\":{\"regex\":{\"source\":\"add\"}}}"}]}
RESULT: undefined
COMMAND: POST /session/e7e046f545b47c9805ddcb78f08915f8/element - {"using":"xpath","value":"//*[@id=\"__button27-img\"]"}
RESULT: {"using":"xpath","value":"//*[@id=\"__button27-img\"]"}
COMMAND: POST /session/e7e046f545b47c9805ddcb78f08915f8/element/f.0B5413DFD1C3A3AA7B72F051E5DEC85E.d.9FE639C9ECBBF875AFB7B231B5DD8105.e.6707/click - {}
RESULT: {}
COMMAND: POST /session/e7e046f545b47c9805ddcb78f08915f8/execute/async - {"script":"<script> [1562 bytes]","args":[{"selector":{"id":"application-manageclassifications-display-component---classificationCreate--classHeaderName","interaction":{"idSuffix":"inner"}},"wdio_ui5_key":"applicationmanageclassifications-display-component---classificationCreate--classHeaderName"}]}
COMMAND: GET /session/e7e046f545b47c9805ddcb78f08915f8/screenshot - {}
RESULT: {"script":"<script> [1562 bytes]","args":[{"selector":{"id":"application-manageclassifications-display-component---classificationCreate--classHeaderName","interaction":{"idSuffix":"inner"}},"wdio_ui5_key":"applicationmanageclassifications-display-component---classificationCreate--classHeaderName"}]}
RESULT: undefined
COMMAND: POST /session/e7e046f545b47c9805ddcb78f08915f8/execute/async - {"script":"<script> [776 bytes]","args":[{"enterText":"WebdriverItemClasseyfbz","selector":{"id":"application-manageclassifications-display-component---classificationCreate--classHeaderName","interaction":{"idSuffix":"inner"}},"clearTextFirst":true,"interactionType":"ENTER_TEXT"}]}
RESULT: {}
RESULT: {"script":"<script> [776 bytes]","args":[{"enterText":"WebdriverItemClasseyfbz","selector":{"id":"application-manageclassifications-display-component---classificationCreate--classHeaderName","interaction":{"idSuffix":"inner"}},"clearTextFirst":true,"interactionType":"ENTER_TEXT"}]}
COMMAND: POST /session/e7e046f545b47c9805ddcb78f08915f8/execute/async - {"script":"<script> [1562 bytes]","args":[{"selector":{"controlType":"sap.ui.core.Icon","viewName":"etm.portal.ui.manageclassifications.view.Create","viewId":"application-manageclassifications-display-component---classificationCreate","properties":{"src":{"regex":{"source":"slim\\-arrow\\-down"}}}},"wdio_ui5_key":"etmportal.ui.manageclassifications.view.Createsap.ui.core.Icon{\"src\":{\"regex\":{\"source\":\"slim\\\\-arrow\\\\-down\"}}}"}]}
RESULT: {"script":"<script> [1562 bytes]","args":[{"selector":{"controlType":"sap.ui.core.Icon","viewName":"etm.portal.ui.manageclassifications.view.Create","viewId":"application-manageclassifications-display-component---classificationCreate","properties":{"src":{"regex":{"source":"slim\\-arrow\\-down"}}}},"wdio_ui5_key":"etmportal.ui.manageclassifications.view.Createsap.ui.core.Icon{\"src\":{\"regex\":{\"source\":\"slim\\\\-arrow\\\\-down\"}}}"}]}
RESULT: undefined
COMMAND: POST /session/e7e046f545b47c9805ddcb78f08915f8/element - {"using":"xpath","value":"//*[@id=\"__box12-arrow\"]"}
RESULT: {"using":"xpath","value":"//*[@id=\"__box12-arrow\"]"}
COMMAND: POST /session/e7e046f545b47c9805ddcb78f08915f8/element/f.0B5413DFD1C3A3AA7B72F051E5DEC85E.d.9FE639C9ECBBF875AFB7B231B5DD8105.e.6983/click - {}
RESULT: {}
COMMAND: POST /session/e7e046f545b47c9805ddcb78f08915f8/execute/async - {"script":"<script> [1562 bytes]","args":[{"selector":{"controlType":"sap.m.StandardListItem","viewName":"etm.portal.ui.manageclassifications.view.Create","viewId":"application-manageclassifications-display-component---classificationCreate","properties":{"title":"Request Item Specifications"},"searchOpenDialogs":true,"interaction":{"idSuffix":"titleText"}},"wdio_ui5_key":"etmportal.ui.manageclassifications.view.Createsap.m.StandardListItem{\"title\":\"Request Item Specifications\"}"}]}
COMMAND: GET /session/e7e046f545b47c9805ddcb78f08915f8/screenshot - {}
RESULT: {"script":"<script> [1562 bytes]","args":[{"selector":{"controlType":"sap.m.StandardListItem","viewName":"etm.portal.ui.manageclassifications.view.Create","viewId":"application-manageclassifications-display-component---classificationCreate","properties":{"title":"Request Item Specifications"},"searchOpenDialogs":true,"interaction":{"idSuffix":"titleText"}},"wdio_ui5_key":"etmportal.ui.manageclassifications.view.Createsap.m.StandardListItem{\"title\":\"Request Item Specifications\"}"}]}
RESULT: undefined
COMMAND: POST /session/e7e046f545b47c9805ddcb78f08915f8/element - {"using":"xpath","value":"//*[@id=\"__item88\"]"}
RESULT: {}
RESULT: {"using":"xpath","value":"//*[@id=\"__item88\"]"}
COMMAND: POST /session/e7e046f545b47c9805ddcb78f08915f8/element/f.0B5413DFD1C3A3AA7B72F051E5DEC85E.d.9FE639C9ECBBF875AFB7B231B5DD8105.e.7055/click - {}
RESULT: {}
COMMAND: POST /session/e7e046f545b47c9805ddcb78f08915f8/execute/async - {"script":"<script> [1562 bytes]","args":[{"selector":{"controlType":"sap.ui.core.Icon","viewName":"etm.portal.ui.manageclassifications.view.Create","viewId":"application-manageclassifications-display-component---classificationCreate","properties":{"src":{"regex":{"source":"add"}}}},"wdio_ui5_key":"etmportal.ui.manageclassifications.view.Createsap.ui.core.Icon{\"src\":{\"regex\":{\"source\":\"add\"}}}"}]}
COMMAND: GET /session/e7e046f545b47c9805ddcb78f08915f8/screenshot - {}
RESULT: {"script":"<script> [1562 bytes]","args":[{"selector":{"controlType":"sap.ui.core.Icon","viewName":"etm.portal.ui.manageclassifications.view.Create","viewId":"application-manageclassifications-display-component---classificationCreate","properties":{"src":{"regex":{"source":"add"}}}},"wdio_ui5_key":"etmportal.ui.manageclassifications.view.Createsap.ui.core.Icon{\"src\":{\"regex\":{\"source\":\"add\"}}}"}]}
RESULT: undefined
COMMAND: POST /session/e7e046f545b47c9805ddcb78f08915f8/element - {"using":"xpath","value":"//*[@id=\"__button32-img\"]"}
RESULT: {}
RESULT: {"using":"xpath","value":"//*[@id=\"__button32-img\"]"}
COMMAND: POST /session/e7e046f545b47c9805ddcb78f08915f8/element/f.0B5413DFD1C3A3AA7B72F051E5DEC85E.d.9FE639C9ECBBF875AFB7B231B5DD8105.e.6986/click - {}
RESULT: {}
COMMAND: POST /session/e7e046f545b47c9805ddcb78f08915f8/execute/async - {"script":"<script> [1562 bytes]","args":[{"selector":{"controlType":"sap.m.Input","viewName":"etm.portal.ui.manageclassifications.view.Create","viewId":"application-manageclassifications-display-component---classificationCreate","bindingPath":{"path":"/0","propertyPath":"PROPERTY","modelName":"newConfigModel"},"interaction":{"idSuffix":"inner"}},"wdio_ui5_key":"etmportal.ui.manageclassifications.view.Createsap.m.Input{\"path\":\"/0\",\"propertyPath\":\"PROPERTY\",\"modelName\":\"newConfigModel\"}"}]}
COMMAND: GET /session/e7e046f545b47c9805ddcb78f08915f8/screenshot - {}
RESULT: {"script":"<script> [1562 bytes]","args":[{"selector":{"controlType":"sap.m.Input","viewName":"etm.portal.ui.manageclassifications.view.Create","viewId":"application-manageclassifications-display-component---classificationCreate","bindingPath":{"path":"/0","propertyPath":"PROPERTY","modelName":"newConfigModel"},"interaction":{"idSuffix":"inner"}},"wdio_ui5_key":"etmportal.ui.manageclassifications.view.Createsap.m.Input{\"path\":\"/0\",\"propertyPath\":\"PROPERTY\",\"modelName\":\"newConfigModel\"}"}]}
RESULT: undefined
COMMAND: POST /session/e7e046f545b47c9805ddcb78f08915f8/execute/async - {"script":"<script> [776 bytes]","args":[{"enterText":"Color","selector":{"controlType":"sap.m.Input","viewName":"etm.portal.ui.manageclassifications.view.Create","viewId":"application-manageclassifications-display-component---classificationCreate","bindingPath":{"path":"/0","propertyPath":"PROPERTY","modelName":"newConfigModel"},"interaction":{"idSuffix":"inner"}},"clearTextFirst":true,"interactionType":"ENTER_TEXT"}]}
RESULT: {}
RESULT: {"script":"<script> [776 bytes]","args":[{"enterText":"Color","selector":{"controlType":"sap.m.Input","viewName":"etm.portal.ui.manageclassifications.view.Create","viewId":"application-manageclassifications-display-component---classificationCreate","bindingPath":{"path":"/0","propertyPath":"PROPERTY","modelName":"newConfigModel"},"interaction":{"idSuffix":"inner"}},"clearTextFirst":true,"interactionType":"ENTER_TEXT"}]}
COMMAND: POST /session/e7e046f545b47c9805ddcb78f08915f8/execute/async - {"script":"<script> [1562 bytes]","args":[{"selector":{"controlType":"sap.m.Input","viewName":"etm.portal.ui.manageclassifications.view.Create","viewId":"application-manageclassifications-display-component---classificationCreate","bindingPath":{"path":"/0","propertyPath":"DESCRIPTION","modelName":"newConfigModel"},"interaction":{"idSuffix":"inner"}},"wdio_ui5_key":"etmportal.ui.manageclassifications.view.Createsap.m.Input{\"path\":\"/0\",\"propertyPath\":\"DESCRIPTION\",\"modelName\":\"newConfigModel\"}"}]}
RESULT: {"script":"<script> [1562 bytes]","args":[{"selector":{"controlType":"sap.m.Input","viewName":"etm.portal.ui.manageclassifications.view.Create","viewId":"application-manageclassifications-display-component---classificationCreate","bindingPath":{"path":"/0","propertyPath":"DESCRIPTION","modelName":"newConfigModel"},"interaction":{"idSuffix":"inner"}},"wdio_ui5_key":"etmportal.ui.manageclassifications.view.Createsap.m.Input{\"path\":\"/0\",\"propertyPath\":\"DESCRIPTION\",\"modelName\":\"newConfigModel\"}"}]}
RESULT: undefined
COMMAND: POST /session/e7e046f545b47c9805ddcb78f08915f8/execute/async - {"script":"<script> [776 bytes]","args":[{"enterText":"Color","selector":{"controlType":"sap.m.Input","viewName":"etm.portal.ui.manageclassifications.view.Create","viewId":"application-manageclassifications-display-component---classificationCreate","bindingPath":{"path":"/0","propertyPath":"DESCRIPTION","modelName":"newConfigModel"},"interaction":{"idSuffix":"inner"}},"clearTextFirst":true,"interactionType":"ENTER_TEXT"}]}
RESULT: {"script":"<script> [776 bytes]","args":[{"enterText":"Color","selector":{"controlType":"sap.m.Input","viewName":"etm.portal.ui.manageclassifications.view.Create","viewId":"application-manageclassifications-display-component---classificationCreate","bindingPath":{"path":"/0","propertyPath":"DESCRIPTION","modelName":"newConfigModel"},"interaction":{"idSuffix":"inner"}},"clearTextFirst":true,"interactionType":"ENTER_TEXT"}]}
COMMAND: POST /session/e7e046f545b47c9805ddcb78f08915f8/execute/async - {"script":"<script> [1562 bytes]","args":[{"selector":{"controlType":"sap.ui.core.Icon","viewName":"etm.portal.ui.manageclassifications.view.Create","viewId":"application-manageclassifications-display-component---classificationCreate","properties":{"src":{"regex":{"source":"slim\\-arrow\\-down"}}},"ancestor":{"controlType":"sap.m.ComboBox","viewName":"etm.portal.ui.manageclassifications.view.Create","viewId":"application-manageclassifications-display-component---classificationCreate","bindingPath":{"path":"/0","propertyPath":"VALUE_TYPE","modelName":"newConfigModel"}}},"wdio_ui5_key":"etmportal.ui.manageclassifications.view.Createsap.ui.core.Icon{\"src\":{\"regex\":{\"source\":\"slim\\\\-arrow\\\\-down\"}}}{\"controlType\":\"sap.m.ComboBox\",\"viewName\":\"etm.portal.ui.manageclassifications.view.Create\",\"viewId\":\"application-manageclassifications-display-component---classificationCreate\",\"bindingPath\":{\"path\":\"/0\",\"propertyPath\":\"VALUE_TYPE\",\"modelName\":\"newConfigModel\"}}"}]}
RESULT: {"script":"<script> [1562 bytes]","args":[{"selector":{"controlType":"sap.ui.core.Icon","viewName":"etm.portal.ui.manageclassifications.view.Create","viewId":"application-manageclassifications-display-component---classificationCreate","properties":{"src":{"regex":{"source":"slim\\-arrow\\-down"}}},"ancestor":{"controlType":"sap.m.ComboBox","viewName":"etm.portal.ui.manageclassifications.view.Create","viewId":"application-manageclassifications-display-component---classificationCreate","bindingPath":{"path":"/0","propertyPath":"VALUE_TYPE","modelName":"newConfigModel"}}},"wdio_ui5_key":"etmportal.ui.manageclassifications.view.Createsap.ui.core.Icon{\"src\":{\"regex\":{\"source\":\"slim\\\\-arrow\\\\-down\"}}}{\"controlType\":\"sap.m.ComboBox\",\"viewName\":\"etm.portal.ui.manageclassifications.view.Create\",\"viewId\":\"application-manageclassifications-display-component---classificationCreate\",\"bindingPath\":{\"path\":\"/0\",\"propertyPath\":\"VALUE_TYPE\",\"modelName\":\"newConfigModel\"}}"}]}
RESULT: undefined
COMMAND: POST /session/e7e046f545b47c9805ddcb78f08915f8/element - {"using":"xpath","value":"//*[@id=\"__box13-application-manageclassifications-display-component---classificationCreate--configurationList-0-arrow\"]"}
RESULT: {"using":"xpath","value":"//*[@id=\"__box13-application-manageclassifications-display-component---classificationCreate--configurationList-0-arrow\"]"}
COMMAND: POST /session/e7e046f545b47c9805ddcb78f08915f8/element/f.0B5413DFD1C3A3AA7B72F051E5DEC85E.d.9FE639C9ECBBF875AFB7B231B5DD8105.e.7064/click - {}
RESULT: {}
COMMAND: POST /session/e7e046f545b47c9805ddcb78f08915f8/execute/async - {"script":"<script> [1562 bytes]","args":[{"selector":{"controlType":"sap.m.StandardListItem","viewName":"etm.portal.ui.manageclassifications.view.Create","viewId":"application-manageclassifications-display-component---classificationCreate","properties":{"title":"Dropdown"},"searchOpenDialogs":true,"interaction":{"idSuffix":"titleText"}},"wdio_ui5_key":"etmportal.ui.manageclassifications.view.Createsap.m.StandardListItem{\"title\":\"Dropdown\"}"}]}
COMMAND: GET /session/e7e046f545b47c9805ddcb78f08915f8/screenshot - {}
RESULT: {"script":"<script> [1562 bytes]","args":[{"selector":{"controlType":"sap.m.StandardListItem","viewName":"etm.portal.ui.manageclassifications.view.Create","viewId":"application-manageclassifications-display-component---classificationCreate","properties":{"title":"Dropdown"},"searchOpenDialogs":true,"interaction":{"idSuffix":"titleText"}},"wdio_ui5_key":"etmportal.ui.manageclassifications.view.Createsap.m.StandardListItem{\"title\":\"Dropdown\"}"}]}
RESULT: undefined
COMMAND: POST /session/e7e046f545b47c9805ddcb78f08915f8/element - {"using":"xpath","value":"//*[@id=\"__item96\"]"}
RESULT: {}
RESULT: {"using":"xpath","value":"//*[@id=\"__item96\"]"}
COMMAND: POST /session/e7e046f545b47c9805ddcb78f08915f8/element/f.0B5413DFD1C3A3AA7B72F051E5DEC85E.d.9FE639C9ECBBF875AFB7B231B5DD8105.e.7066/click - {}
RESULT: {}
COMMAND: POST /session/e7e046f545b47c9805ddcb78f08915f8/execute/async - {"script":"<script> [1562 bytes]","args":[{"selector":{"controlType":"sap.ui.core.Icon","viewName":"etm.portal.ui.manageclassifications.view.Create","viewId":"application-manageclassifications-display-component---classificationCreate","properties":{"src":{"regex":{"source":"crm\\-service\\-manager"}}}},"wdio_ui5_key":"etmportal.ui.manageclassifications.view.Createsap.ui.core.Icon{\"src\":{\"regex\":{\"source\":\"crm\\\\-service\\\\-manager\"}}}"}]}
COMMAND: GET /session/e7e046f545b47c9805ddcb78f08915f8/screenshot - {}
RESULT: {"script":"<script> [1562 bytes]","args":[{"selector":{"controlType":"sap.ui.core.Icon","viewName":"etm.portal.ui.manageclassifications.view.Create","viewId":"application-manageclassifications-display-component---classificationCreate","properties":{"src":{"regex":{"source":"crm\\-service\\-manager"}}}},"wdio_ui5_key":"etmportal.ui.manageclassifications.view.Createsap.ui.core.Icon{\"src\":{\"regex\":{\"source\":\"crm\\\\-service\\\\-manager\"}}}"}]}
RESULT: undefined
COMMAND: POST /session/e7e046f545b47c9805ddcb78f08915f8/element - {"using":"xpath","value":"//*[@id=\"__button34-application-manageclassifications-display-component---classificationCreate--configurationList-0-img\"]"}
RESULT: {}
RESULT: {"using":"xpath","value":"//*[@id=\"__button34-application-manageclassifications-display-component---classificationCreate--configurationList-0-img\"]"}
COMMAND: POST /session/e7e046f545b47c9805ddcb78f08915f8/element/f.0B5413DFD1C3A3AA7B72F051E5DEC85E.d.9FE639C9ECBBF875AFB7B231B5DD8105.e.7068/click - {}
RESULT: {}
COMMAND: POST /session/e7e046f545b47c9805ddcb78f08915f8/element - {"using":"xpath","value":"//button[@title=\"Add additional value\"]"}
COMMAND: GET /session/e7e046f545b47c9805ddcb78f08915f8/screenshot - {}
RESULT: {"using":"xpath","value":"//button[@title=\"Add additional value\"]"}
COMMAND: POST /session/e7e046f545b47c9805ddcb78f08915f8/element/f.0B5413DFD1C3A3AA7B72F051E5DEC85E.d.9FE639C9ECBBF875AFB7B231B5DD8105.e.7069/click - {}
RESULT: {}
RESULT: {}
COMMAND: POST /session/e7e046f545b47c9805ddcb78f08915f8/execute/async - {"script":"<script> [1562 bytes]","args":[{"selector":{"controlType":"sap.m.Input","viewName":"etm.portal.ui.manageclassifications.view.Create","viewId":"application-manageclassifications-display-component---classificationCreate","bindingPath":{"path":"/VALUES/0","propertyPath":"VALUE","modelName":"dropdownValuesModel"},"searchOpenDialogs":true,"interaction":{"idSuffix":"inner"}},"wdio_ui5_key":"etmportal.ui.manageclassifications.view.Createsap.m.Input{\"path\":\"/VALUES/0\",\"propertyPath\":\"VALUE\",\"modelName\":\"dropdownValuesModel\"}"}]}
COMMAND: GET /session/e7e046f545b47c9805ddcb78f08915f8/screenshot - {}
RESULT: {"script":"<script> [1562 bytes]","args":[{"selector":{"controlType":"sap.m.Input","viewName":"etm.portal.ui.manageclassifications.view.Create","viewId":"application-manageclassifications-display-component---classificationCreate","bindingPath":{"path":"/VALUES/0","propertyPath":"VALUE","modelName":"dropdownValuesModel"},"searchOpenDialogs":true,"interaction":{"idSuffix":"inner"}},"wdio_ui5_key":"etmportal.ui.manageclassifications.view.Createsap.m.Input{\"path\":\"/VALUES/0\",\"propertyPath\":\"VALUE\",\"modelName\":\"dropdownValuesModel\"}"}]}
RESULT: undefined
COMMAND: POST /session/e7e046f545b47c9805ddcb78f08915f8/execute/async - {"script":"<script> [776 bytes]","args":[{"enterText":"1","selector":{"controlType":"sap.m.Input","viewName":"etm.portal.ui.manageclassifications.view.Create","viewId":"application-manageclassifications-display-component---classificationCreate","bindingPath":{"path":"/VALUES/0","propertyPath":"VALUE","modelName":"dropdownValuesModel"},"searchOpenDialogs":true,"interaction":{"idSuffix":"inner"}},"clearTextFirst":true,"interactionType":"ENTER_TEXT"}]}
RESULT: {}
RESULT: {"script":"<script> [776 bytes]","args":[{"enterText":"1","selector":{"controlType":"sap.m.Input","viewName":"etm.portal.ui.manageclassifications.view.Create","viewId":"application-manageclassifications-display-component---classificationCreate","bindingPath":{"path":"/VALUES/0","propertyPath":"VALUE","modelName":"dropdownValuesModel"},"searchOpenDialogs":true,"interaction":{"idSuffix":"inner"}},"clearTextFirst":true,"interactionType":"ENTER_TEXT"}]}
COMMAND: POST /session/e7e046f545b47c9805ddcb78f08915f8/execute/async - {"script":"<script> [1562 bytes]","args":[{"selector":{"controlType":"sap.m.Input","viewName":"etm.portal.ui.manageclassifications.view.Create","viewId":"application-manageclassifications-display-component---classificationCreate","bindingPath":{"path":"/VALUES/0","propertyPath":"TEXT","modelName":"dropdownValuesModel"},"searchOpenDialogs":true,"interaction":{"idSuffix":"inner"}},"wdio_ui5_key":"etmportal.ui.manageclassifications.view.Createsap.m.Input{\"path\":\"/VALUES/0\",\"propertyPath\":\"TEXT\",\"modelName\":\"dropdownValuesModel\"}"}]}
RESULT: {"script":"<script> [1562 bytes]","args":[{"selector":{"controlType":"sap.m.Input","viewName":"etm.portal.ui.manageclassifications.view.Create","viewId":"application-manageclassifications-display-component---classificationCreate","bindingPath":{"path":"/VALUES/0","propertyPath":"TEXT","modelName":"dropdownValuesModel"},"searchOpenDialogs":true,"interaction":{"idSuffix":"inner"}},"wdio_ui5_key":"etmportal.ui.manageclassifications.view.Createsap.m.Input{\"path\":\"/VALUES/0\",\"propertyPath\":\"TEXT\",\"modelName\":\"dropdownValuesModel\"}"}]}
RESULT: undefined
COMMAND: POST /session/e7e046f545b47c9805ddcb78f08915f8/execute/async - {"script":"<script> [776 bytes]","args":[{"enterText":"blue","selector":{"controlType":"sap.m.Input","viewName":"etm.portal.ui.manageclassifications.view.Create","viewId":"application-manageclassifications-display-component---classificationCreate","bindingPath":{"path":"/VALUES/0","propertyPath":"TEXT","modelName":"dropdownValuesModel"},"searchOpenDialogs":true,"interaction":{"idSuffix":"inner"}},"clearTextFirst":true,"interactionType":"ENTER_TEXT"}]}
RESULT: {"script":"<script> [776 bytes]","args":[{"enterText":"blue","selector":{"controlType":"sap.m.Input","viewName":"etm.portal.ui.manageclassifications.view.Create","viewId":"application-manageclassifications-display-component---classificationCreate","bindingPath":{"path":"/VALUES/0","propertyPath":"TEXT","modelName":"dropdownValuesModel"},"searchOpenDialogs":true,"interaction":{"idSuffix":"inner"}},"clearTextFirst":true,"interactionType":"ENTER_TEXT"}]}
COMMAND: POST /session/e7e046f545b47c9805ddcb78f08915f8/element - {"using":"xpath","value":"//button[@title=\"Add additional value\"]"}
RESULT: {"using":"xpath","value":"//button[@title=\"Add additional value\"]"}
COMMAND: POST /session/e7e046f545b47c9805ddcb78f08915f8/element/f.0B5413DFD1C3A3AA7B72F051E5DEC85E.d.9FE639C9ECBBF875AFB7B231B5DD8105.e.7069/click - {}
RESULT: {}
COMMAND: POST /session/e7e046f545b47c9805ddcb78f08915f8/execute/async - {"script":"<script> [1562 bytes]","args":[{"selector":{"controlType":"sap.m.Input","viewName":"etm.portal.ui.manageclassifications.view.Create","viewId":"application-manageclassifications-display-component---classificationCreate","bindingPath":{"path":"/VALUES/1","propertyPath":"VALUE","modelName":"dropdownValuesModel"},"searchOpenDialogs":true,"interaction":{"idSuffix":"inner"}},"wdio_ui5_key":"etmportal.ui.manageclassifications.view.Createsap.m.Input{\"path\":\"/VALUES/1\",\"propertyPath\":\"VALUE\",\"modelName\":\"dropdownValuesModel\"}"}]}
COMMAND: GET /session/e7e046f545b47c9805ddcb78f08915f8/screenshot - {}
RESULT: {"script":"<script> [1562 bytes]","args":[{"selector":{"controlType":"sap.m.Input","viewName":"etm.portal.ui.manageclassifications.view.Create","viewId":"application-manageclassifications-display-component---classificationCreate","bindingPath":{"path":"/VALUES/1","propertyPath":"VALUE","modelName":"dropdownValuesModel"},"searchOpenDialogs":true,"interaction":{"idSuffix":"inner"}},"wdio_ui5_key":"etmportal.ui.manageclassifications.view.Createsap.m.Input{\"path\":\"/VALUES/1\",\"propertyPath\":\"VALUE\",\"modelName\":\"dropdownValuesModel\"}"}]}
RESULT: undefined
COMMAND: POST /session/e7e046f545b47c9805ddcb78f08915f8/execute/async - {"script":"<script> [776 bytes]","args":[{"enterText":"2","selector":{"controlType":"sap.m.Input","viewName":"etm.portal.ui.manageclassifications.view.Create","viewId":"application-manageclassifications-display-component---classificationCreate","bindingPath":{"path":"/VALUES/1","propertyPath":"VALUE","modelName":"dropdownValuesModel"},"searchOpenDialogs":true,"interaction":{"idSuffix":"inner"}},"clearTextFirst":true,"interactionType":"ENTER_TEXT"}]}
RESULT: {}
RESULT: {"script":"<script> [776 bytes]","args":[{"enterText":"2","selector":{"controlType":"sap.m.Input","viewName":"etm.portal.ui.manageclassifications.view.Create","viewId":"application-manageclassifications-display-component---classificationCreate","bindingPath":{"path":"/VALUES/1","propertyPath":"VALUE","modelName":"dropdownValuesModel"},"searchOpenDialogs":true,"interaction":{"idSuffix":"inner"}},"clearTextFirst":true,"interactionType":"ENTER_TEXT"}]}
COMMAND: POST /session/e7e046f545b47c9805ddcb78f08915f8/execute/async - {"script":"<script> [1562 bytes]","args":[{"selector":{"controlType":"sap.m.Input","viewName":"etm.portal.ui.manageclassifications.view.Create","viewId":"application-manageclassifications-display-component---classificationCreate","bindingPath":{"path":"/VALUES/1","propertyPath":"TEXT","modelName":"dropdownValuesModel"},"searchOpenDialogs":true,"interaction":{"idSuffix":"inner"}},"wdio_ui5_key":"etmportal.ui.manageclassifications.view.Createsap.m.Input{\"path\":\"/VALUES/1\",\"propertyPath\":\"TEXT\",\"modelName\":\"dropdownValuesModel\"}"}]}
RESULT: {"script":"<script> [1562 bytes]","args":[{"selector":{"controlType":"sap.m.Input","viewName":"etm.portal.ui.manageclassifications.view.Create","viewId":"application-manageclassifications-display-component---classificationCreate","bindingPath":{"path":"/VALUES/1","propertyPath":"TEXT","modelName":"dropdownValuesModel"},"searchOpenDialogs":true,"interaction":{"idSuffix":"inner"}},"wdio_ui5_key":"etmportal.ui.manageclassifications.view.Createsap.m.Input{\"path\":\"/VALUES/1\",\"propertyPath\":\"TEXT\",\"modelName\":\"dropdownValuesModel\"}"}]}
RESULT: undefined
COMMAND: POST /session/e7e046f545b47c9805ddcb78f08915f8/execute/async - {"script":"<script> [776 bytes]","args":[{"enterText":"red","selector":{"controlType":"sap.m.Input","viewName":"etm.portal.ui.manageclassifications.view.Create","viewId":"application-manageclassifications-display-component---classificationCreate","bindingPath":{"path":"/VALUES/1","propertyPath":"TEXT","modelName":"dropdownValuesModel"},"searchOpenDialogs":true,"interaction":{"idSuffix":"inner"}},"clearTextFirst":true,"interactionType":"ENTER_TEXT"}]}
RESULT: {"script":"<script> [776 bytes]","args":[{"enterText":"red","selector":{"controlType":"sap.m.Input","viewName":"etm.portal.ui.manageclassifications.view.Create","viewId":"application-manageclassifications-display-component---classificationCreate","bindingPath":{"path":"/VALUES/1","propertyPath":"TEXT","modelName":"dropdownValuesModel"},"searchOpenDialogs":true,"interaction":{"idSuffix":"inner"}},"clearTextFirst":true,"interactionType":"ENTER_TEXT"}]}
COMMAND: POST /session/e7e046f545b47c9805ddcb78f08915f8/execute/async - {"script":"<script> [1562 bytes]","args":[{"selector":{"controlType":"sap.m.Button","viewName":"etm.portal.ui.manageclassifications.view.Create","viewId":"application-manageclassifications-display-component---classificationCreate","i18NText":{"propertyName":"text","key":"save"},"searchOpenDialogs":true,"interaction":{"idSuffix":"BDI-content"}},"wdio_ui5_key":"etmportal.ui.manageclassifications.view.Createsap.m.Button{\"propertyName\":\"text\",\"key\":\"save\"}"}]}
RESULT: {"script":"<script> [1562 bytes]","args":[{"selector":{"controlType":"sap.m.Button","viewName":"etm.portal.ui.manageclassifications.view.Create","viewId":"application-manageclassifications-display-component---classificationCreate","i18NText":{"propertyName":"text","key":"save"},"searchOpenDialogs":true,"interaction":{"idSuffix":"BDI-content"}},"wdio_ui5_key":"etmportal.ui.manageclassifications.view.Createsap.m.Button{\"propertyName\":\"text\",\"key\":\"save\"}"}]}
RESULT: undefined
COMMAND: POST /session/e7e046f545b47c9805ddcb78f08915f8/element - {"using":"xpath","value":"//*[@id=\"__button44\"]"}
RESULT: {"using":"xpath","value":"//*[@id=\"__button44\"]"}
COMMAND: POST /session/e7e046f545b47c9805ddcb78f08915f8/element/f.0B5413DFD1C3A3AA7B72F051E5DEC85E.d.9FE639C9ECBBF875AFB7B231B5DD8105.e.7089/click - {}
RESULT: {}
COMMAND: GET /session/e7e046f545b47c9805ddcb78f08915f8/screenshot - {}
RESULT: {}
COMMAND: POST /session/e7e046f545b47c9805ddcb78f08915f8/element - {"using":"xpath","value":"//button[@title=\"Save\"]"}
RESULT: {"using":"xpath","value":"//button[@title=\"Save\"]"}
COMMAND: POST /session/e7e046f545b47c9805ddcb78f08915f8/element/f.0B5413DFD1C3A3AA7B72F051E5DEC85E.d.9FE639C9ECBBF875AFB7B231B5DD8105.e.6994/click - {}
RESULT: {}
COMMAND: GET /session/e7e046f545b47c9805ddcb78f08915f8/screenshot - {}
RESULT: {}
COMMAND: POST /session/e7e046f545b47c9805ddcb78f08915f8/execute/async - {"script":"<script> [1562 bytes]","args":[{"selector":{"id":"application-manageclassifications-display-component---classificationMaster--smartFilterBar-btnBasicSearch","interaction":{"idSuffix":"I"}},"wdio_ui5_key":"applicationmanageclassifications-display-component---classificationMaster--smartFilterBar-btnBasicSearch"}]}
RESULT: {"script":"<script> [1562 bytes]","args":[{"selector":{"id":"application-manageclassifications-display-component---classificationMaster--smartFilterBar-btnBasicSearch","interaction":{"idSuffix":"I"}},"wdio_ui5_key":"applicationmanageclassifications-display-component---classificationMaster--smartFilterBar-btnBasicSearch"}]}
RESULT: undefined
COMMAND: POST /session/e7e046f545b47c9805ddcb78f08915f8/execute/async - {"script":"<script> [776 bytes]","args":[{"enterText":"WebdriverItemClasseyfbz","selector":{"id":"application-manageclassifications-display-component---classificationMaster--smartFilterBar-btnBasicSearch","interaction":{"idSuffix":"I"}},"clearTextFirst":true,"interactionType":"ENTER_TEXT"}]}
RESULT: {"script":"<script> [776 bytes]","args":[{"enterText":"WebdriverItemClasseyfbz","selector":{"id":"application-manageclassifications-display-component---classificationMaster--smartFilterBar-btnBasicSearch","interaction":{"idSuffix":"I"}},"clearTextFirst":true,"interactionType":"ENTER_TEXT"}]}
COMMAND: POST /session/e7e046f545b47c9805ddcb78f08915f8/actions - {"actions":[{"id":"action47","type":"key","parameters":{},"actions":[{"type":"keyDown","value":""},{"type":"pause","duration":10},{"type":"keyUp","value":""}]}]}
RESULT: {"actions":[{"id":"action47","type":"key","parameters":{},"actions":[{"type":"keyDown","value":""},{"type":"pause","duration":10},{"type":"keyUp","value":""}]}]}
COMMAND: POST /session/e7e046f545b47c9805ddcb78f08915f8/execute/async - {"script":"<script> [1562 bytes]","args":[{"selector":{"id":"application-manageclassifications-display-component---classificationMaster--smartTable-header"},"wdio_ui5_key":"applicationmanageclassifications-display-component---classificationMaster--smartTable-header"}]}
COMMAND: GET /session/e7e046f545b47c9805ddcb78f08915f8/screenshot - {}
RESULT: {"script":"<script> [1562 bytes]","args":[{"selector":{"id":"application-manageclassifications-display-component---classificationMaster--smartTable-header"},"wdio_ui5_key":"applicationmanageclassifications-display-component---classificationMaster--smartTable-header"}]}
RESULT: undefined
COMMAND: POST /session/e7e046f545b47c9805ddcb78f08915f8/execute/async - {"script":"<script> [6424 bytes]","args":[{"element-6066-11e4-a52e-4f735466cecf":"f.0B5413DFD1C3A3AA7B72F051E5DEC85E.d.9FE639C9ECBBF875AFB7B231B5DD8105.e.7269"},"getText",[]]}
RESULT: {}
RESULT: {"script":"<script> [6424 bytes]","args":[{"element-6066-11e4-a52e-4f735466cecf":"f.0B5413DFD1C3A3AA7B72F051E5DEC85E.d.9FE639C9ECBBF875AFB7B231B5DD8105.e.7269"},"getText",[]]}
COMMAND: POST /session/e7e046f545b47c9805ddcb78f08915f8/element - {"using":"css selector","value":"#shell-header-logo"}
RESULT: {"using":"css selector","value":"#shell-header-logo"}
COMMAND: POST /session/e7e046f545b47c9805ddcb78f08915f8/element/f.0B5413DFD1C3A3AA7B72F051E5DEC85E.d.9FE639C9ECBBF875AFB7B231B5DD8105.e.6673/click - {}
RESULT: {}
COMMAND: GET /session/e7e046f545b47c9805ddcb78f08915f8/screenshot - {}
RESULT: {}
]]></system-out>
    </testcase>
    <testcase classname="chrome.136_0_7103_93.windows.Manage_requests_-_requests_specifications_US141095" name="Should create a new section and a catalog item" time="153.23">
      <system-out><![CDATA[
COMMAND: POST /session/e7e046f545b47c9805ddcb78f08915f8/execute/async - {"script":"<script> [1562 bytes]","args":[{"selector":{"controlType":"sap.m.GenericTile","properties":{"header":"Manage Catalogs"}},"wdio_ui5_key":"sapm.GenericTile{\"header\":\"Manage Catalogs\"}"}]}
RESULT: {"script":"<script> [1562 bytes]","args":[{"selector":{"controlType":"sap.m.GenericTile","properties":{"header":"Manage Catalogs"}},"wdio_ui5_key":"sapm.GenericTile{\"header\":\"Manage Catalogs\"}"}]}
RESULT: undefined
COMMAND: POST /session/e7e046f545b47c9805ddcb78f08915f8/element - {"using":"xpath","value":"//*[@id=\"__tile37\"]"}
RESULT: {"using":"xpath","value":"//*[@id=\"__tile37\"]"}
COMMAND: POST /session/e7e046f545b47c9805ddcb78f08915f8/element/f.0B5413DFD1C3A3AA7B72F051E5DEC85E.d.9FE639C9ECBBF875AFB7B231B5DD8105.e.7274/click - {}
RESULT: {}
COMMAND: GET /session/e7e046f545b47c9805ddcb78f08915f8/screenshot - {}
RESULT: {}
COMMAND: POST /session/e7e046f545b47c9805ddcb78f08915f8/elements - {"using":"xpath","value":"//span[text()='Error']"}
RESULT: {"using":"xpath","value":"//span[text()='Error']"}
COMMAND: POST /session/e7e046f545b47c9805ddcb78f08915f8/execute/async - {"script":"<script> [1562 bytes]","args":[{"selector":{"controlType":"sap.m.Text","viewName":"etm.portal.ui.managecatalogs.view.MasterCatalogs","viewId":"application-managecatalogs-display-component---masterCatalogs","bindingPath":{"path":"/Catalogs('0D7502D073D53A0F1700BE067B89AFF9')","propertyPath":"DESCRIPTION","modelName":"catalogModel"}},"wdio_ui5_key":"etmportal.ui.managecatalogs.view.MasterCatalogssap.m.Text{\"path\":\"/Catalogs('0D7502D073D53A0F1700BE067B89AFF9')\",\"propertyPath\":\"DESCRIPTION\",\"modelName\":\"catalogModel\"}"}]}
RESULT: {"script":"<script> [1562 bytes]","args":[{"selector":{"controlType":"sap.m.Text","viewName":"etm.portal.ui.managecatalogs.view.MasterCatalogs","viewId":"application-managecatalogs-display-component---masterCatalogs","bindingPath":{"path":"/Catalogs('0D7502D073D53A0F1700BE067B89AFF9')","propertyPath":"DESCRIPTION","modelName":"catalogModel"}},"wdio_ui5_key":"etmportal.ui.managecatalogs.view.MasterCatalogssap.m.Text{\"path\":\"/Catalogs('0D7502D073D53A0F1700BE067B89AFF9')\",\"propertyPath\":\"DESCRIPTION\",\"modelName\":\"catalogModel\"}"}]}
RESULT: undefined
COMMAND: POST /session/e7e046f545b47c9805ddcb78f08915f8/element - {"using":"xpath","value":"//*[@id=\"__text434-application-managecatalogs-display-component---masterCatalogs--CatalogsTable-11\"]"}
RESULT: {"using":"xpath","value":"//*[@id=\"__text434-application-managecatalogs-display-component---masterCatalogs--CatalogsTable-11\"]"}
COMMAND: POST /session/e7e046f545b47c9805ddcb78f08915f8/element/f.0B5413DFD1C3A3AA7B72F051E5DEC85E.d.9FE639C9ECBBF875AFB7B231B5DD8105.e.7344/click - {}
RESULT: {}
COMMAND: POST /session/e7e046f545b47c9805ddcb78f08915f8/execute/async - {"script":"<script> [1562 bytes]","args":[{"selector":{"controlType":"sap.ui.layout.HorizontalLayout","viewName":"etm.portal.ui.managecatalogs.view.MasterItems","viewId":"application-managecatalogs-display-component---masterCatalogItems","ancestor":{"id":"application-managecatalogs-display-component---masterCatalogItems--idCatalogItemsTree-rows-row0"}},"wdio_ui5_key":"etmportal.ui.managecatalogs.view.MasterItemssap.ui.layout.HorizontalLayout{\"id\":\"application-managecatalogs-display-component---masterCatalogItems--idCatalogItemsTree-rows-row0\"}"}]}
COMMAND: GET /session/e7e046f545b47c9805ddcb78f08915f8/screenshot - {}
RESULT: {"script":"<script> [1562 bytes]","args":[{"selector":{"controlType":"sap.ui.layout.HorizontalLayout","viewName":"etm.portal.ui.managecatalogs.view.MasterItems","viewId":"application-managecatalogs-display-component---masterCatalogItems","ancestor":{"id":"application-managecatalogs-display-component---masterCatalogItems--idCatalogItemsTree-rows-row0"}},"wdio_ui5_key":"etmportal.ui.managecatalogs.view.MasterItemssap.ui.layout.HorizontalLayout{\"id\":\"application-managecatalogs-display-component---masterCatalogItems--idCatalogItemsTree-rows-row0\"}"}]}
RESULT: undefined
COMMAND: POST /session/e7e046f545b47c9805ddcb78f08915f8/element - {"using":"xpath","value":"//*[@id=\"__layout40-__clone418\"]"}
RESULT: {}
RESULT: {"using":"xpath","value":"//*[@id=\"__layout40-__clone418\"]"}
COMMAND: POST /session/e7e046f545b47c9805ddcb78f08915f8/element/f.0B5413DFD1C3A3AA7B72F051E5DEC85E.d.9FE639C9ECBBF875AFB7B231B5DD8105.e.7379/click - {}
RESULT: {}
COMMAND: GET /session/e7e046f545b47c9805ddcb78f08915f8/screenshot - {}
COMMAND: POST /session/e7e046f545b47c9805ddcb78f08915f8/execute/async - {"script":"<script> [1562 bytes]","args":[{"selector":{"controlType":"sap.m.Button","viewName":"etm.portal.ui.managecatalogs.view.Detail","viewId":"application-managecatalogs-display-component---detailCatalog","i18NText":{"propertyName":"text","key":"edit"},"interaction":{"idSuffix":"BDI-content"}},"wdio_ui5_key":"etmportal.ui.managecatalogs.view.Detailsap.m.Button{\"propertyName\":\"text\",\"key\":\"edit\"}"}]}
RESULT: {}
RESULT: {"script":"<script> [1562 bytes]","args":[{"selector":{"controlType":"sap.m.Button","viewName":"etm.portal.ui.managecatalogs.view.Detail","viewId":"application-managecatalogs-display-component---detailCatalog","i18NText":{"propertyName":"text","key":"edit"},"interaction":{"idSuffix":"BDI-content"}},"wdio_ui5_key":"etmportal.ui.managecatalogs.view.Detailsap.m.Button{\"propertyName\":\"text\",\"key\":\"edit\"}"}]}
RESULT: undefined
COMMAND: POST /session/e7e046f545b47c9805ddcb78f08915f8/element - {"using":"xpath","value":"//*[@id=\"__button88\"]"}
RESULT: {"using":"xpath","value":"//*[@id=\"__button88\"]"}
COMMAND: POST /session/e7e046f545b47c9805ddcb78f08915f8/element/f.0B5413DFD1C3A3AA7B72F051E5DEC85E.d.9FE639C9ECBBF875AFB7B231B5DD8105.e.7494/click - {}
RESULT: {}
COMMAND: GET /session/e7e046f545b47c9805ddcb78f08915f8/screenshot - {}
RESULT: {}
COMMAND: POST /session/e7e046f545b47c9805ddcb78f08915f8/element - {"using":"xpath","value":"//bdi[contains(text(), \"Unlock\")]"}
RESULT: {"using":"xpath","value":"//bdi[contains(text(), \"Unlock\")]"}
COMMAND: POST /session/e7e046f545b47c9805ddcb78f08915f8/elements - {"using":"xpath","value":"//bdi[contains(text(), \"Unlock\")]"}
RESULT: {"using":"xpath","value":"//bdi[contains(text(), \"Unlock\")]"}
COMMAND: POST /session/e7e046f545b47c9805ddcb78f08915f8/execute/async - {"script":"<script> [1562 bytes]","args":[{"selector":{"controlType":"sap.ui.core.Icon","viewName":"etm.portal.ui.managecatalogs.view.Detail","viewId":"application-managecatalogs-display-component---detailCatalog","properties":{"src":{"regex":{"source":"add\\-folder"}}}},"wdio_ui5_key":"etmportal.ui.managecatalogs.view.Detailsap.ui.core.Icon{\"src\":{\"regex\":{\"source\":\"add\\\\-folder\"}}}"}]}
RESULT: {"script":"<script> [1562 bytes]","args":[{"selector":{"controlType":"sap.ui.core.Icon","viewName":"etm.portal.ui.managecatalogs.view.Detail","viewId":"application-managecatalogs-display-component---detailCatalog","properties":{"src":{"regex":{"source":"add\\-folder"}}}},"wdio_ui5_key":"etmportal.ui.managecatalogs.view.Detailsap.ui.core.Icon{\"src\":{\"regex\":{\"source\":\"add\\\\-folder\"}}}"}]}
RESULT: undefined
COMMAND: POST /session/e7e046f545b47c9805ddcb78f08915f8/element - {"using":"xpath","value":"//*[@id=\"__button96-img\"]"}
RESULT: {"using":"xpath","value":"//*[@id=\"__button96-img\"]"}
COMMAND: POST /session/e7e046f545b47c9805ddcb78f08915f8/element/f.0B5413DFD1C3A3AA7B72F051E5DEC85E.d.9FE639C9ECBBF875AFB7B231B5DD8105.e.7501/click - {}
RESULT: {}
COMMAND: GET /session/e7e046f545b47c9805ddcb78f08915f8/screenshot - {}
RESULT: {}
COMMAND: POST /session/e7e046f545b47c9805ddcb78f08915f8/execute/async - {"script":"<script> [1562 bytes]","args":[{"selector":{"id":"application-managecatalogs-display-component---detailCatalog--numberInput","searchOpenDialogs":true,"interaction":{"idSuffix":"inner"}},"wdio_ui5_key":"applicationmanagecatalogs-display-component---detailCatalog--numberInput"}]}
RESULT: {"script":"<script> [1562 bytes]","args":[{"selector":{"id":"application-managecatalogs-display-component---detailCatalog--numberInput","searchOpenDialogs":true,"interaction":{"idSuffix":"inner"}},"wdio_ui5_key":"applicationmanagecatalogs-display-component---detailCatalog--numberInput"}]}
RESULT: undefined
COMMAND: POST /session/e7e046f545b47c9805ddcb78f08915f8/execute/async - {"script":"<script> [776 bytes]","args":[{"enterText":"Section9ri0o","selector":{"id":"application-managecatalogs-display-component---detailCatalog--numberInput","searchOpenDialogs":true,"interaction":{"idSuffix":"inner"}},"clearTextFirst":true,"interactionType":"ENTER_TEXT"}]}
RESULT: {"script":"<script> [776 bytes]","args":[{"enterText":"Section9ri0o","selector":{"id":"application-managecatalogs-display-component---detailCatalog--numberInput","searchOpenDialogs":true,"interaction":{"idSuffix":"inner"}},"clearTextFirst":true,"interactionType":"ENTER_TEXT"}]}
COMMAND: POST /session/e7e046f545b47c9805ddcb78f08915f8/element - {"using":"css selector","value":"#application-managecatalogs-display-component---detailCatalog--nameInput-inner"}
RESULT: {"using":"css selector","value":"#application-managecatalogs-display-component---detailCatalog--nameInput-inner"}
COMMAND: POST /session/e7e046f545b47c9805ddcb78f08915f8/elements - {"using":"css selector","value":"#application-managecatalogs-display-component---detailCatalog--nameInput-inner"}
RESULT: {"using":"css selector","value":"#application-managecatalogs-display-component---detailCatalog--nameInput-inner"}
COMMAND: POST /session/e7e046f545b47c9805ddcb78f08915f8/element/f.0B5413DFD1C3A3AA7B72F051E5DEC85E.d.9FE639C9ECBBF875AFB7B231B5DD8105.e.7505/clear - {}
RESULT: {}
COMMAND: POST /session/e7e046f545b47c9805ddcb78f08915f8/element/f.0B5413DFD1C3A3AA7B72F051E5DEC85E.d.9FE639C9ECBBF875AFB7B231B5DD8105.e.7505/value - {"text":"Webdriver8d398"}
COMMAND: GET /session/e7e046f545b47c9805ddcb78f08915f8/screenshot - {}
RESULT: {"text":"Webdriver8d398"}
COMMAND: POST /session/e7e046f545b47c9805ddcb78f08915f8/execute/async - {"script":"<script> [1562 bytes]","args":[{"selector":{"controlType":"sap.m.Button","viewName":"etm.portal.ui.managecatalogs.view.Detail","viewId":"application-managecatalogs-display-component---detailCatalog","i18NText":{"propertyName":"text","key":"create"},"searchOpenDialogs":true,"interaction":{"idSuffix":"BDI-content"}},"wdio_ui5_key":"etmportal.ui.managecatalogs.view.Detailsap.m.Button{\"propertyName\":\"text\",\"key\":\"create\"}"}]}
COMMAND: GET /session/e7e046f545b47c9805ddcb78f08915f8/screenshot - {}
RESULT: {}
RESULT: {"script":"<script> [1562 bytes]","args":[{"selector":{"controlType":"sap.m.Button","viewName":"etm.portal.ui.managecatalogs.view.Detail","viewId":"application-managecatalogs-display-component---detailCatalog","i18NText":{"propertyName":"text","key":"create"},"searchOpenDialogs":true,"interaction":{"idSuffix":"BDI-content"}},"wdio_ui5_key":"etmportal.ui.managecatalogs.view.Detailsap.m.Button{\"propertyName\":\"text\",\"key\":\"create\"}"}]}
RESULT: undefined
COMMAND: POST /session/e7e046f545b47c9805ddcb78f08915f8/element - {"using":"xpath","value":"//*[@id=\"__button66\"]"}
RESULT: {}
RESULT: {"using":"xpath","value":"//*[@id=\"__button66\"]"}
COMMAND: POST /session/e7e046f545b47c9805ddcb78f08915f8/element/f.0B5413DFD1C3A3AA7B72F051E5DEC85E.d.9FE639C9ECBBF875AFB7B231B5DD8105.e.7510/click - {}
RESULT: {}
COMMAND: GET /session/e7e046f545b47c9805ddcb78f08915f8/screenshot - {}
RESULT: {}
COMMAND: POST /session/e7e046f545b47c9805ddcb78f08915f8/element - {"using":"xpath","value":"//button[@title=\"Save\"]"}
RESULT: {"using":"xpath","value":"//button[@title=\"Save\"]"}
COMMAND: POST /session/e7e046f545b47c9805ddcb78f08915f8/element/f.0B5413DFD1C3A3AA7B72F051E5DEC85E.d.9FE639C9ECBBF875AFB7B231B5DD8105.e.7511/click - {}
RESULT: {}
COMMAND: POST /session/e7e046f545b47c9805ddcb78f08915f8/execute/async - {"script":"<script> [1562 bytes]","args":[{"selector":{"controlType":"sap.ui.core.Icon","viewName":"etm.portal.ui.managecatalogs.view.Detail","viewId":"application-managecatalogs-display-component---detailCatalog","properties":{"src":{"regex":{"source":"decline"}}}},"wdio_ui5_key":"etmportal.ui.managecatalogs.view.Detailsap.ui.core.Icon{\"src\":{\"regex\":{\"source\":\"decline\"}}}"}]}
COMMAND: GET /session/e7e046f545b47c9805ddcb78f08915f8/screenshot - {}
RESULT: {"script":"<script> [1562 bytes]","args":[{"selector":{"controlType":"sap.ui.core.Icon","viewName":"etm.portal.ui.managecatalogs.view.Detail","viewId":"application-managecatalogs-display-component---detailCatalog","properties":{"src":{"regex":{"source":"decline"}}}},"wdio_ui5_key":"etmportal.ui.managecatalogs.view.Detailsap.ui.core.Icon{\"src\":{\"regex\":{\"source\":\"decline\"}}}"}]}
RESULT: undefined
COMMAND: POST /session/e7e046f545b47c9805ddcb78f08915f8/element - {"using":"xpath","value":"//*[@id=\"__button91-img\"]"}
RESULT: {}
RESULT: {"using":"xpath","value":"//*[@id=\"__button91-img\"]"}
COMMAND: POST /session/e7e046f545b47c9805ddcb78f08915f8/element/f.0B5413DFD1C3A3AA7B72F051E5DEC85E.d.9FE639C9ECBBF875AFB7B231B5DD8105.e.7518/click - {}
RESULT: {}
COMMAND: GET /session/e7e046f545b47c9805ddcb78f08915f8/screenshot - {}
RESULT: {}
COMMAND: POST /session/e7e046f545b47c9805ddcb78f08915f8/execute/async - {"script":"<script> [1562 bytes]","args":[{"selector":{"controlType":"sap.ui.core.Icon","viewName":"etm.portal.ui.managecatalogs.view.MasterItems","viewId":"application-managecatalogs-display-component---masterCatalogItems","properties":{"src":{"regex":{"source":"refresh"}}}},"wdio_ui5_key":"etmportal.ui.managecatalogs.view.MasterItemssap.ui.core.Icon{\"src\":{\"regex\":{\"source\":\"refresh\"}}}"}]}
RESULT: {"script":"<script> [1562 bytes]","args":[{"selector":{"controlType":"sap.ui.core.Icon","viewName":"etm.portal.ui.managecatalogs.view.MasterItems","viewId":"application-managecatalogs-display-component---masterCatalogItems","properties":{"src":{"regex":{"source":"refresh"}}}},"wdio_ui5_key":"etmportal.ui.managecatalogs.view.MasterItemssap.ui.core.Icon{\"src\":{\"regex\":{\"source\":\"refresh\"}}}"}]}
RESULT: undefined
COMMAND: POST /session/e7e046f545b47c9805ddcb78f08915f8/element - {"using":"xpath","value":"//*[@id=\"__button64-img\"]"}
RESULT: {"using":"xpath","value":"//*[@id=\"__button64-img\"]"}
COMMAND: POST /session/e7e046f545b47c9805ddcb78f08915f8/element/f.0B5413DFD1C3A3AA7B72F051E5DEC85E.d.9FE639C9ECBBF875AFB7B231B5DD8105.e.7554/click - {}
RESULT: {}
COMMAND: POST /session/e7e046f545b47c9805ddcb78f08915f8/execute/async - {"script":"<script> [1562 bytes]","args":[{"selector":{"id":"application-managecatalogs-display-component---masterCatalogItems--searchItemsField","interaction":{"idSuffix":"I"}},"wdio_ui5_key":"applicationmanagecatalogs-display-component---masterCatalogItems--searchItemsField"}]}
COMMAND: GET /session/e7e046f545b47c9805ddcb78f08915f8/screenshot - {}
RESULT: {"script":"<script> [1562 bytes]","args":[{"selector":{"id":"application-managecatalogs-display-component---masterCatalogItems--searchItemsField","interaction":{"idSuffix":"I"}},"wdio_ui5_key":"applicationmanagecatalogs-display-component---masterCatalogItems--searchItemsField"}]}
RESULT: undefined
COMMAND: POST /session/e7e046f545b47c9805ddcb78f08915f8/execute/async - {"script":"<script> [776 bytes]","args":[{"enterText":"Webdriver8d398","selector":{"id":"application-managecatalogs-display-component---masterCatalogItems--searchItemsField","interaction":{"idSuffix":"I"}},"clearTextFirst":true,"interactionType":"ENTER_TEXT"}]}
RESULT: {}
RESULT: {"script":"<script> [776 bytes]","args":[{"enterText":"Webdriver8d398","selector":{"id":"application-managecatalogs-display-component---masterCatalogItems--searchItemsField","interaction":{"idSuffix":"I"}},"clearTextFirst":true,"interactionType":"ENTER_TEXT"}]}
COMMAND: POST /session/e7e046f545b47c9805ddcb78f08915f8/actions - {"actions":[{"id":"action48","type":"key","parameters":{},"actions":[{"type":"keyDown","value":""},{"type":"pause","duration":10},{"type":"keyUp","value":""}]}]}
RESULT: {"actions":[{"id":"action48","type":"key","parameters":{},"actions":[{"type":"keyDown","value":""},{"type":"pause","duration":10},{"type":"keyUp","value":""}]}]}
COMMAND: POST /session/e7e046f545b47c9805ddcb78f08915f8/element - {"using":"xpath","value":"(//span[contains(text(), \"Webdriver8d398\")])[1]"}
COMMAND: GET /session/e7e046f545b47c9805ddcb78f08915f8/screenshot - {}
RESULT: {"using":"xpath","value":"(//span[contains(text(), \"Webdriver8d398\")])[1]"}
COMMAND: POST /session/e7e046f545b47c9805ddcb78f08915f8/element/f.0B5413DFD1C3A3AA7B72F051E5DEC85E.d.9FE639C9ECBBF875AFB7B231B5DD8105.e.7557/click - {}
RESULT: {}
RESULT: {}
COMMAND: GET /session/e7e046f545b47c9805ddcb78f08915f8/screenshot - {}
RESULT: {}
RESULT: undefined
COMMAND: POST /session/e7e046f545b47c9805ddcb78f08915f8/element - {"using":"xpath","value":"//*[@id=\"__button88\"]"}
RESULT: {"using":"xpath","value":"//*[@id=\"__button88\"]"}
COMMAND: POST /session/e7e046f545b47c9805ddcb78f08915f8/element/f.0B5413DFD1C3A3AA7B72F051E5DEC85E.d.9FE639C9ECBBF875AFB7B231B5DD8105.e.7594/click - {}
RESULT: {}
COMMAND: GET /session/e7e046f545b47c9805ddcb78f08915f8/screenshot - {}
RESULT: {}
RESULT: undefined
COMMAND: POST /session/e7e046f545b47c9805ddcb78f08915f8/element - {"using":"xpath","value":"//*[@id=\"__button96-img\"]"}
RESULT: {"using":"xpath","value":"//*[@id=\"__button96-img\"]"}
COMMAND: POST /session/e7e046f545b47c9805ddcb78f08915f8/element/f.0B5413DFD1C3A3AA7B72F051E5DEC85E.d.9FE639C9ECBBF875AFB7B231B5DD8105.e.7642/click - {}
RESULT: {}
COMMAND: GET /session/e7e046f545b47c9805ddcb78f08915f8/screenshot - {}
RESULT: {}
RESULT: undefined
COMMAND: POST /session/e7e046f545b47c9805ddcb78f08915f8/execute/async - {"script":"<script> [776 bytes]","args":[{"enterText":"SecondSectionatuad","selector":{"id":"application-managecatalogs-display-component---detailCatalog--numberInput","searchOpenDialogs":true,"interaction":{"idSuffix":"inner"}},"clearTextFirst":true,"interactionType":"ENTER_TEXT"}]}
RESULT: {"script":"<script> [776 bytes]","args":[{"enterText":"SecondSectionatuad","selector":{"id":"application-managecatalogs-display-component---detailCatalog--numberInput","searchOpenDialogs":true,"interaction":{"idSuffix":"inner"}},"clearTextFirst":true,"interactionType":"ENTER_TEXT"}]}
COMMAND: POST /session/e7e046f545b47c9805ddcb78f08915f8/element - {"using":"xpath","value":"//input[contains(@id ,\"application-managecatalogs-display-component---detailCatalog--nameInput-inner\")]"}
RESULT: {"using":"xpath","value":"//input[contains(@id ,\"application-managecatalogs-display-component---detailCatalog--nameInput-inner\")]"}
COMMAND: POST /session/e7e046f545b47c9805ddcb78f08915f8/elements - {"using":"xpath","value":"//input[contains(@id ,\"application-managecatalogs-display-component---detailCatalog--nameInput-inner\")]"}
RESULT: {"using":"xpath","value":"//input[contains(@id ,\"application-managecatalogs-display-component---detailCatalog--nameInput-inner\")]"}
COMMAND: POST /session/e7e046f545b47c9805ddcb78f08915f8/element/f.0B5413DFD1C3A3AA7B72F051E5DEC85E.d.9FE639C9ECBBF875AFB7B231B5DD8105.e.7646/clear - {}
RESULT: {}
COMMAND: POST /session/e7e046f545b47c9805ddcb78f08915f8/element/f.0B5413DFD1C3A3AA7B72F051E5DEC85E.d.9FE639C9ECBBF875AFB7B231B5DD8105.e.7646/value - {"text":"webdriversecondob6s7"}
COMMAND: GET /session/e7e046f545b47c9805ddcb78f08915f8/screenshot - {}
RESULT: {"text":"webdriversecondob6s7"}
RESULT: undefined
COMMAND: POST /session/e7e046f545b47c9805ddcb78f08915f8/element - {"using":"xpath","value":"//*[@id=\"__button66\"]"}
COMMAND: GET /session/e7e046f545b47c9805ddcb78f08915f8/screenshot - {}
RESULT: {}
RESULT: {"using":"xpath","value":"//*[@id=\"__button66\"]"}
COMMAND: POST /session/e7e046f545b47c9805ddcb78f08915f8/element/f.0B5413DFD1C3A3AA7B72F051E5DEC85E.d.9FE639C9ECBBF875AFB7B231B5DD8105.e.7650/click - {}
RESULT: {}
RESULT: {}
COMMAND: GET /session/e7e046f545b47c9805ddcb78f08915f8/screenshot - {}
RESULT: {}
COMMAND: POST /session/e7e046f545b47c9805ddcb78f08915f8/element - {"using":"xpath","value":"//button[@title=\"Save\"]"}
RESULT: {"using":"xpath","value":"//button[@title=\"Save\"]"}
COMMAND: POST /session/e7e046f545b47c9805ddcb78f08915f8/element/f.0B5413DFD1C3A3AA7B72F051E5DEC85E.d.9FE639C9ECBBF875AFB7B231B5DD8105.e.7628/click - {}
RESULT: {}
COMMAND: GET /session/e7e046f545b47c9805ddcb78f08915f8/screenshot - {}
RESULT: {}
RESULT: undefined
COMMAND: POST /session/e7e046f545b47c9805ddcb78f08915f8/element - {"using":"xpath","value":"//*[@id=\"__button91-img\"]"}
RESULT: {"using":"xpath","value":"//*[@id=\"__button91-img\"]"}
COMMAND: POST /session/e7e046f545b47c9805ddcb78f08915f8/element/f.0B5413DFD1C3A3AA7B72F051E5DEC85E.d.9FE639C9ECBBF875AFB7B231B5DD8105.e.7601/click - {}
RESULT: {}
COMMAND: GET /session/e7e046f545b47c9805ddcb78f08915f8/screenshot - {}
RESULT: {}
RESULT: undefined
COMMAND: POST /session/e7e046f545b47c9805ddcb78f08915f8/element - {"using":"xpath","value":"//*[@id=\"__button64-img\"]"}
RESULT: {"using":"xpath","value":"//*[@id=\"__button64-img\"]"}
COMMAND: POST /session/e7e046f545b47c9805ddcb78f08915f8/element/f.0B5413DFD1C3A3AA7B72F051E5DEC85E.d.9FE639C9ECBBF875AFB7B231B5DD8105.e.7690/click - {}
RESULT: {}
COMMAND: GET /session/e7e046f545b47c9805ddcb78f08915f8/screenshot - {}
RESULT: {}
RESULT: undefined
COMMAND: POST /session/e7e046f545b47c9805ddcb78f08915f8/execute/async - {"script":"<script> [776 bytes]","args":[{"enterText":"SecondSectionatuad","selector":{"id":"application-managecatalogs-display-component---masterCatalogItems--searchItemsField","interaction":{"idSuffix":"I"}},"clearTextFirst":true,"interactionType":"ENTER_TEXT"}]}
RESULT: {"script":"<script> [776 bytes]","args":[{"enterText":"SecondSectionatuad","selector":{"id":"application-managecatalogs-display-component---masterCatalogItems--searchItemsField","interaction":{"idSuffix":"I"}},"clearTextFirst":true,"interactionType":"ENTER_TEXT"}]}
COMMAND: POST /session/e7e046f545b47c9805ddcb78f08915f8/actions - {"actions":[{"id":"action49","type":"key","parameters":{},"actions":[{"type":"keyDown","value":""},{"type":"pause","duration":10},{"type":"keyUp","value":""}]}]}
RESULT: {"actions":[{"id":"action49","type":"key","parameters":{},"actions":[{"type":"keyDown","value":""},{"type":"pause","duration":10},{"type":"keyUp","value":""}]}]}
COMMAND: POST /session/e7e046f545b47c9805ddcb78f08915f8/element - {"using":"xpath","value":"(//span[contains(text(), \"SecondSectionatuad\")])[1]"}
COMMAND: GET /session/e7e046f545b47c9805ddcb78f08915f8/screenshot - {}
RESULT: {"using":"xpath","value":"(//span[contains(text(), \"SecondSectionatuad\")])[1]"}
COMMAND: POST /session/e7e046f545b47c9805ddcb78f08915f8/element/f.0B5413DFD1C3A3AA7B72F051E5DEC85E.d.9FE639C9ECBBF875AFB7B231B5DD8105.e.7693/click - {}
RESULT: {}
RESULT: {}
COMMAND: POST /session/e7e046f545b47c9805ddcb78f08915f8/element - {"using":"xpath","value":"(//span[contains(text(), \"SecondSectionatuad\")])[1]"}
COMMAND: GET /session/e7e046f545b47c9805ddcb78f08915f8/screenshot - {}
RESULT: {"using":"xpath","value":"(//span[contains(text(), \"SecondSectionatuad\")])[1]"}
COMMAND: GET /session/e7e046f545b47c9805ddcb78f08915f8/element/f.0B5413DFD1C3A3AA7B72F051E5DEC85E.d.9FE639C9ECBBF875AFB7B231B5DD8105.e.7693/text - {}
RESULT: {}
COMMAND: POST /session/e7e046f545b47c9805ddcb78f08915f8/element - {"using":"xpath","value":"(//span[contains(text(), \"SecondSectionatuad\")])[1]"}
RESULT: {"using":"xpath","value":"(//span[contains(text(), \"SecondSectionatuad\")])[1]"}
COMMAND: GET /session/e7e046f545b47c9805ddcb78f08915f8/element/f.0B5413DFD1C3A3AA7B72F051E5DEC85E.d.9FE639C9ECBBF875AFB7B231B5DD8105.e.7693/text - {}
COMMAND: POST /session/e7e046f545b47c9805ddcb78f08915f8/element - {"using":"xpath","value":"(//span[contains(text(), \"SecondSectionatuad\")])[1]"}
RESULT: {"using":"xpath","value":"(//span[contains(text(), \"SecondSectionatuad\")])[1]"}
COMMAND: GET /session/e7e046f545b47c9805ddcb78f08915f8/element/f.0B5413DFD1C3A3AA7B72F051E5DEC85E.d.9FE639C9ECBBF875AFB7B231B5DD8105.e.7746/text - {}
RESULT: {}
COMMAND: POST /session/e7e046f545b47c9805ddcb78f08915f8/refresh - {}
RESULT: {}
COMMAND: GET /session/e7e046f545b47c9805ddcb78f08915f8/screenshot - {}
RESULT: {}
COMMAND: POST /session/e7e046f545b47c9805ddcb78f08915f8/execute/async - {"script":"<script> [189 bytes]","args":[]}
RESULT: {"script":"<script> [189 bytes]","args":[]}
COMMAND: POST /session/e7e046f545b47c9805ddcb78f08915f8/execute/async - {"script":"<script> [123 bytes]","args":[]}
RESULT: {"script":"<script> [123 bytes]","args":[]}
COMMAND: POST /session/e7e046f545b47c9805ddcb78f08915f8/timeouts - {"script":"<number>"}
RESULT: {"script":"<number>"}
COMMAND: GET /session/e7e046f545b47c9805ddcb78f08915f8/timeouts - {}
RESULT: {}
RESULT: undefined
COMMAND: POST /session/e7e046f545b47c9805ddcb78f08915f8/execute/async - {"script":"<script> [2676 bytes]","args":[]}
RESULT: {"script":"<script> [2676 bytes]","args":[]}
COMMAND: POST /session/e7e046f545b47c9805ddcb78f08915f8/execute/async - {"script":"<script> [2342 bytes]","args":[{"protocol":"http","hostname":"0.0.0.0","path":"/","capabilities":{"browserName":"chrome","goog:chromeOptions":{"binary":"C:\\Program Files\\Google\\Chrome\\Application\\chrome.exe","args":["--start-maximized"]}},"logLevel":"warn","connectionRetryTimeout":120000,"connectionRetryCount":3,"logLevels":{},"enableDirectConnect":true,"strictSSL":true,"_":"65 more keys: [\"cacheDir\",\"port\",\"requestedCapabilities\",\"automationProtocol\",\"baseUrl\",\"waitforInterval\",\"waitforTimeout\",\"onReload\",\"beforeCommand\",\"afterCommand\",\"rootDir\",\"specs\",\"suites\",\"exclude\",\"groupLogsByTestSpec\",\"excludeDriverLogs\",\"bail\",\"framework\",\"reporters\",\"services\",\"maxInstances\",\"maxInstancesPerCapability\",\"injectGlobals\",\"filesToWatch\",\"execArgv\",\"runnerEnv\",\"runner\",\"shard\",\"specFileRetries\",\"specFileRetriesDelay\",\"specFileRetriesDeferred\",\"reporterSyncInterval\",\"reporterSyncTimeout\",\"cucumberFeaturesWithLineNumbers\",\"autoCompileOpts\",\"mochaOpts\",\"jasmineOpts\",\"cucumberOpts\",\"onPrepare\",\"onWorkerStart\",\"onWorkerEnd\",\"before\",\"beforeSession\",\"beforeSuite\",\"beforeHook\",\"beforeTest\",\"afterTest\",\"afterHook\",\"afterSuite\",\"afterSession\",\"after\",\"onComplete\",\"beforeAssertion\",\"afterAssertion\",\"beforeFeature\",\"beforeScenario\",\"beforeStep\",\"afterStep\",\"afterScenario\",\"afterFeature\",\"_\",\"suite\",\"$0\",\"ignoredWorkerServices\",\"wdi5\"]"}]}
RESULT: {"script":"<script> [2342 bytes]","args":[{"protocol":"http","hostname":"0.0.0.0","path":"/","capabilities":{"browserName":"chrome","goog:chromeOptions":{"binary":"C:\\Program Files\\Google\\Chrome\\Application\\chrome.exe","args":["--start-maximized"]}},"logLevel":"warn","connectionRetryTimeout":120000,"connectionRetryCount":3,"logLevels":{},"enableDirectConnect":true,"strictSSL":true,"_":"65 more keys: [\"cacheDir\",\"port\",\"requestedCapabilities\",\"automationProtocol\",\"baseUrl\",\"waitforInterval\",\"waitforTimeout\",\"onReload\",\"beforeCommand\",\"afterCommand\",\"rootDir\",\"specs\",\"suites\",\"exclude\",\"groupLogsByTestSpec\",\"excludeDriverLogs\",\"bail\",\"framework\",\"reporters\",\"services\",\"maxInstances\",\"maxInstancesPerCapability\",\"injectGlobals\",\"filesToWatch\",\"execArgv\",\"runnerEnv\",\"runner\",\"shard\",\"specFileRetries\",\"specFileRetriesDelay\",\"specFileRetriesDeferred\",\"reporterSyncInterval\",\"reporterSyncTimeout\",\"cucumberFeaturesWithLineNumbers\",\"autoCompileOpts\",\"mochaOpts\",\"jasmineOpts\",\"cucumberOpts\",\"onPrepare\",\"onWorkerStart\",\"onWorkerEnd\",\"before\",\"beforeSession\",\"beforeSuite\",\"beforeHook\",\"beforeTest\",\"afterTest\",\"afterHook\",\"afterSuite\",\"afterSession\",\"after\",\"onComplete\",\"beforeAssertion\",\"afterAssertion\",\"beforeFeature\",\"beforeScenario\",\"beforeStep\",\"afterStep\",\"afterScenario\",\"afterFeature\",\"_\",\"suite\",\"$0\",\"ignoredWorkerServices\",\"wdi5\"]"}]}
COMMAND: POST /session/e7e046f545b47c9805ddcb78f08915f8/execute/async - {"script":"<script> [21126 bytes]","args":[35000]}
RESULT: {"script":"<script> [21126 bytes]","args":[35000]}
COMMAND: POST /session/e7e046f545b47c9805ddcb78f08915f8/execute/async - {"script":"<script> [1562 bytes]","args":[{"selector":{"controlType":"sap.m.Button","viewName":"etm.portal.ui.managecatalogs.view.Detail","viewId":"application-managecatalogs-display-component---detailCatalog","i18NText":{"propertyName":"text","key":"edit"},"interaction":{"idSuffix":"BDI-content"}},"wdio_ui5_key":"etmportal.ui.managecatalogs.view.Detailsap.m.Button{\"propertyName\":\"text\",\"key\":\"edit\"}"}]}
RESULT: {"script":"<script> [1562 bytes]","args":[{"selector":{"controlType":"sap.m.Button","viewName":"etm.portal.ui.managecatalogs.view.Detail","viewId":"application-managecatalogs-display-component---detailCatalog","i18NText":{"propertyName":"text","key":"edit"},"interaction":{"idSuffix":"BDI-content"}},"wdio_ui5_key":"etmportal.ui.managecatalogs.view.Detailsap.m.Button{\"propertyName\":\"text\",\"key\":\"edit\"}"}]}
RESULT: undefined
COMMAND: POST /session/e7e046f545b47c9805ddcb78f08915f8/element - {"using":"xpath","value":"//*[@id=\"__button25\"]"}
RESULT: {"using":"xpath","value":"//*[@id=\"__button25\"]"}
COMMAND: POST /session/e7e046f545b47c9805ddcb78f08915f8/element/f.0B5413DFD1C3A3AA7B72F051E5DEC85E.d.8BE6A6972DA04A3CBEF81A6EEFC47F22.e.7803/click - {}
RESULT: {}
COMMAND: POST /session/e7e046f545b47c9805ddcb78f08915f8/execute/async - {"script":"<script> [1562 bytes]","args":[{"selector":{"controlType":"sap.ui.core.Icon","viewName":"etm.portal.ui.managecatalogs.view.Detail","viewId":"application-managecatalogs-display-component---detailCatalog","properties":{"src":{"regex":{"source":"add\\-document"}}}},"wdio_ui5_key":"etmportal.ui.managecatalogs.view.Detailsap.ui.core.Icon{\"src\":{\"regex\":{\"source\":\"add\\\\-document\"}}}"}]}
COMMAND: GET /session/e7e046f545b47c9805ddcb78f08915f8/screenshot - {}
RESULT: {"script":"<script> [1562 bytes]","args":[{"selector":{"controlType":"sap.ui.core.Icon","viewName":"etm.portal.ui.managecatalogs.view.Detail","viewId":"application-managecatalogs-display-component---detailCatalog","properties":{"src":{"regex":{"source":"add\\-document"}}}},"wdio_ui5_key":"etmportal.ui.managecatalogs.view.Detailsap.ui.core.Icon{\"src\":{\"regex\":{\"source\":\"add\\\\-document\"}}}"}]}
RESULT: undefined
COMMAND: POST /session/e7e046f545b47c9805ddcb78f08915f8/element - {"using":"xpath","value":"//*[@id=\"__button34-img\"]"}
RESULT: {}
RESULT: {"using":"xpath","value":"//*[@id=\"__button34-img\"]"}
COMMAND: POST /session/e7e046f545b47c9805ddcb78f08915f8/element/f.0B5413DFD1C3A3AA7B72F051E5DEC85E.d.8BE6A6972DA04A3CBEF81A6EEFC47F22.e.7810/click - {}
RESULT: {}
COMMAND: POST /session/e7e046f545b47c9805ddcb78f08915f8/execute/async - {"script":"<script> [1562 bytes]","args":[{"selector":{"id":"application-managecatalogs-display-component---detailCatalog--newItemNumberInput","searchOpenDialogs":true,"interaction":{"idSuffix":"inner"}},"wdio_ui5_key":"applicationmanagecatalogs-display-component---detailCatalog--newItemNumberInput"}]}
COMMAND: GET /session/e7e046f545b47c9805ddcb78f08915f8/screenshot - {}
RESULT: {"script":"<script> [1562 bytes]","args":[{"selector":{"id":"application-managecatalogs-display-component---detailCatalog--newItemNumberInput","searchOpenDialogs":true,"interaction":{"idSuffix":"inner"}},"wdio_ui5_key":"applicationmanagecatalogs-display-component---detailCatalog--newItemNumberInput"}]}
RESULT: undefined
COMMAND: POST /session/e7e046f545b47c9805ddcb78f08915f8/execute/async - {"script":"<script> [776 bytes]","args":[{"enterText":"catalogItemuzgzx","selector":{"id":"application-managecatalogs-display-component---detailCatalog--newItemNumberInput","searchOpenDialogs":true,"interaction":{"idSuffix":"inner"}},"clearTextFirst":true,"interactionType":"ENTER_TEXT"}]}
RESULT: {}
RESULT: {"script":"<script> [776 bytes]","args":[{"enterText":"catalogItemuzgzx","selector":{"id":"application-managecatalogs-display-component---detailCatalog--newItemNumberInput","searchOpenDialogs":true,"interaction":{"idSuffix":"inner"}},"clearTextFirst":true,"interactionType":"ENTER_TEXT"}]}
COMMAND: POST /session/e7e046f545b47c9805ddcb78f08915f8/execute/async - {"script":"<script> [1562 bytes]","args":[{"selector":{"controlType":"sap.m.Input","viewName":"etm.portal.ui.managecatalogs.view.Detail","viewId":"application-managecatalogs-display-component---detailCatalog","bindingPath":{"path":"","propertyPath":"/DESCRIPTION"},"searchOpenDialogs":true,"interaction":{"idSuffix":"inner"}},"wdio_ui5_key":"etmportal.ui.managecatalogs.view.Detailsap.m.Input{\"path\":\"\",\"propertyPath\":\"/DESCRIPTION\"}"}]}
RESULT: {"script":"<script> [1562 bytes]","args":[{"selector":{"controlType":"sap.m.Input","viewName":"etm.portal.ui.managecatalogs.view.Detail","viewId":"application-managecatalogs-display-component---detailCatalog","bindingPath":{"path":"","propertyPath":"/DESCRIPTION"},"searchOpenDialogs":true,"interaction":{"idSuffix":"inner"}},"wdio_ui5_key":"etmportal.ui.managecatalogs.view.Detailsap.m.Input{\"path\":\"\",\"propertyPath\":\"/DESCRIPTION\"}"}]}
RESULT: undefined
COMMAND: POST /session/e7e046f545b47c9805ddcb78f08915f8/execute/async - {"script":"<script> [776 bytes]","args":[{"enterText":"catalogItemNamevyhz7","selector":{"controlType":"sap.m.Input","viewName":"etm.portal.ui.managecatalogs.view.Detail","viewId":"application-managecatalogs-display-component---detailCatalog","bindingPath":{"path":"","propertyPath":"/DESCRIPTION"},"searchOpenDialogs":true,"interaction":{"idSuffix":"inner"}},"clearTextFirst":true,"interactionType":"ENTER_TEXT"}]}
RESULT: {"script":"<script> [776 bytes]","args":[{"enterText":"catalogItemNamevyhz7","selector":{"controlType":"sap.m.Input","viewName":"etm.portal.ui.managecatalogs.view.Detail","viewId":"application-managecatalogs-display-component---detailCatalog","bindingPath":{"path":"","propertyPath":"/DESCRIPTION"},"searchOpenDialogs":true,"interaction":{"idSuffix":"inner"}},"clearTextFirst":true,"interactionType":"ENTER_TEXT"}]}
COMMAND: POST /session/e7e046f545b47c9805ddcb78f08915f8/execute/async - {"script":"<script> [1562 bytes]","args":[{"selector":{"controlType":"sap.m.Button","viewName":"etm.portal.ui.managecatalogs.view.Detail","viewId":"application-managecatalogs-display-component---detailCatalog","i18NText":{"propertyName":"text","key":"create"},"searchOpenDialogs":true,"interaction":{"idSuffix":"BDI-content"}},"wdio_ui5_key":"etmportal.ui.managecatalogs.view.Detailsap.m.Button{\"propertyName\":\"text\",\"key\":\"create\"}"}]}
RESULT: {"script":"<script> [1562 bytes]","args":[{"selector":{"controlType":"sap.m.Button","viewName":"etm.portal.ui.managecatalogs.view.Detail","viewId":"application-managecatalogs-display-component---detailCatalog","i18NText":{"propertyName":"text","key":"create"},"searchOpenDialogs":true,"interaction":{"idSuffix":"BDI-content"}},"wdio_ui5_key":"etmportal.ui.managecatalogs.view.Detailsap.m.Button{\"propertyName\":\"text\",\"key\":\"create\"}"}]}
RESULT: undefined
COMMAND: POST /session/e7e046f545b47c9805ddcb78f08915f8/element - {"using":"xpath","value":"//*[@id=\"__button9\"]"}
RESULT: {"using":"xpath","value":"//*[@id=\"__button9\"]"}
COMMAND: POST /session/e7e046f545b47c9805ddcb78f08915f8/element/f.0B5413DFD1C3A3AA7B72F051E5DEC85E.d.8BE6A6972DA04A3CBEF81A6EEFC47F22.e.7819/click - {}
RESULT: {}
COMMAND: GET /session/e7e046f545b47c9805ddcb78f08915f8/screenshot - {}
RESULT: {}
COMMAND: POST /session/e7e046f545b47c9805ddcb78f08915f8/element - {"using":"xpath","value":"//button[@title=\"Save\"]"}
RESULT: {"using":"xpath","value":"//button[@title=\"Save\"]"}
COMMAND: POST /session/e7e046f545b47c9805ddcb78f08915f8/element/f.0B5413DFD1C3A3AA7B72F051E5DEC85E.d.8BE6A6972DA04A3CBEF81A6EEFC47F22.e.7820/click - {}
RESULT: {}
COMMAND: GET /session/e7e046f545b47c9805ddcb78f08915f8/screenshot - {}
RESULT: {}
COMMAND: POST /session/e7e046f545b47c9805ddcb78f08915f8/execute/async - {"script":"<script> [1562 bytes]","args":[{"selector":{"controlType":"sap.ui.core.Icon","viewName":"etm.portal.ui.managecatalogs.view.Detail","viewId":"application-managecatalogs-display-component---detailCatalog","properties":{"src":{"regex":{"source":"decline"}}}},"wdio_ui5_key":"etmportal.ui.managecatalogs.view.Detailsap.ui.core.Icon{\"src\":{\"regex\":{\"source\":\"decline\"}}}"}]}
RESULT: {"script":"<script> [1562 bytes]","args":[{"selector":{"controlType":"sap.ui.core.Icon","viewName":"etm.portal.ui.managecatalogs.view.Detail","viewId":"application-managecatalogs-display-component---detailCatalog","properties":{"src":{"regex":{"source":"decline"}}}},"wdio_ui5_key":"etmportal.ui.managecatalogs.view.Detailsap.ui.core.Icon{\"src\":{\"regex\":{\"source\":\"decline\"}}}"}]}
RESULT: undefined
COMMAND: POST /session/e7e046f545b47c9805ddcb78f08915f8/element - {"using":"xpath","value":"//*[@id=\"__button28-img\"]"}
RESULT: {"using":"xpath","value":"//*[@id=\"__button28-img\"]"}
COMMAND: POST /session/e7e046f545b47c9805ddcb78f08915f8/element/f.0B5413DFD1C3A3AA7B72F051E5DEC85E.d.8BE6A6972DA04A3CBEF81A6EEFC47F22.e.7826/click - {}
RESULT: {}
COMMAND: GET /session/e7e046f545b47c9805ddcb78f08915f8/screenshot - {}
RESULT: {}
COMMAND: POST /session/e7e046f545b47c9805ddcb78f08915f8/execute/async - {"script":"<script> [1562 bytes]","args":[{"selector":{"controlType":"sap.ui.core.Icon","viewName":"etm.portal.ui.managecatalogs.view.MasterItems","viewId":"application-managecatalogs-display-component---masterCatalogItems","properties":{"src":{"regex":{"source":"refresh"}}}},"wdio_ui5_key":"etmportal.ui.managecatalogs.view.MasterItemssap.ui.core.Icon{\"src\":{\"regex\":{\"source\":\"refresh\"}}}"}]}
RESULT: {"script":"<script> [1562 bytes]","args":[{"selector":{"controlType":"sap.ui.core.Icon","viewName":"etm.portal.ui.managecatalogs.view.MasterItems","viewId":"application-managecatalogs-display-component---masterCatalogItems","properties":{"src":{"regex":{"source":"refresh"}}}},"wdio_ui5_key":"etmportal.ui.managecatalogs.view.MasterItemssap.ui.core.Icon{\"src\":{\"regex\":{\"source\":\"refresh\"}}}"}]}
RESULT: undefined
COMMAND: POST /session/e7e046f545b47c9805ddcb78f08915f8/element - {"using":"xpath","value":"//*[@id=\"__button1-img\"]"}
RESULT: {"using":"xpath","value":"//*[@id=\"__button1-img\"]"}
COMMAND: POST /session/e7e046f545b47c9805ddcb78f08915f8/element/f.0B5413DFD1C3A3AA7B72F051E5DEC85E.d.8BE6A6972DA04A3CBEF81A6EEFC47F22.e.7832/click - {}
RESULT: {}
COMMAND: GET /session/e7e046f545b47c9805ddcb78f08915f8/screenshot - {}
RESULT: {}
COMMAND: POST /session/e7e046f545b47c9805ddcb78f08915f8/execute/async - {"script":"<script> [1562 bytes]","args":[{"selector":{"id":"application-managecatalogs-display-component---masterCatalogItems--searchItemsField","interaction":{"idSuffix":"I"}},"wdio_ui5_key":"applicationmanagecatalogs-display-component---masterCatalogItems--searchItemsField"}]}
RESULT: {"script":"<script> [1562 bytes]","args":[{"selector":{"id":"application-managecatalogs-display-component---masterCatalogItems--searchItemsField","interaction":{"idSuffix":"I"}},"wdio_ui5_key":"applicationmanagecatalogs-display-component---masterCatalogItems--searchItemsField"}]}
RESULT: undefined
COMMAND: POST /session/e7e046f545b47c9805ddcb78f08915f8/execute/async - {"script":"<script> [776 bytes]","args":[{"enterText":"catalogItemNamevyhz7","selector":{"id":"application-managecatalogs-display-component---masterCatalogItems--searchItemsField","interaction":{"idSuffix":"I"}},"clearTextFirst":true,"interactionType":"ENTER_TEXT"}]}
RESULT: {"script":"<script> [776 bytes]","args":[{"enterText":"catalogItemNamevyhz7","selector":{"id":"application-managecatalogs-display-component---masterCatalogItems--searchItemsField","interaction":{"idSuffix":"I"}},"clearTextFirst":true,"interactionType":"ENTER_TEXT"}]}
COMMAND: POST /session/e7e046f545b47c9805ddcb78f08915f8/actions - {"actions":[{"id":"action50","type":"key","parameters":{},"actions":[{"type":"keyDown","value":""},{"type":"pause","duration":10},{"type":"keyUp","value":""}]}]}
RESULT: {"actions":[{"id":"action50","type":"key","parameters":{},"actions":[{"type":"keyDown","value":""},{"type":"pause","duration":10},{"type":"keyUp","value":""}]}]}
COMMAND: POST /session/e7e046f545b47c9805ddcb78f08915f8/element - {"using":"xpath","value":"(//span[contains(text(), \"catalogItemNamevyhz7\")])[1]"}
COMMAND: GET /session/e7e046f545b47c9805ddcb78f08915f8/screenshot - {}
RESULT: {"using":"xpath","value":"(//span[contains(text(), \"catalogItemNamevyhz7\")])[1]"}
COMMAND: POST /session/e7e046f545b47c9805ddcb78f08915f8/element/f.0B5413DFD1C3A3AA7B72F051E5DEC85E.d.8BE6A6972DA04A3CBEF81A6EEFC47F22.e.7869/click - {}
RESULT: {}
RESULT: {}
COMMAND: GET /session/e7e046f545b47c9805ddcb78f08915f8/screenshot - {}
RESULT: {}
COMMAND: POST /session/e7e046f545b47c9805ddcb78f08915f8/element - {"using":"xpath","value":"//span[contains(text(), \"catalogItemuzgzx\")]"}
RESULT: {"using":"xpath","value":"//span[contains(text(), \"catalogItemuzgzx\")]"}
COMMAND: GET /session/e7e046f545b47c9805ddcb78f08915f8/element/f.0B5413DFD1C3A3AA7B72F051E5DEC85E.d.8BE6A6972DA04A3CBEF81A6EEFC47F22.e.7922/text - {}
RESULT: {}
]]></system-out>
    </testcase>
    <testcase classname="chrome.136_0_7103_93.windows.Manage_requests_-_requests_specifications_US141095" name="Should add the classification to the catalog item" time="42.192">
      <system-out><![CDATA[
RESULT: undefined
COMMAND: POST /session/e7e046f545b47c9805ddcb78f08915f8/element - {"using":"xpath","value":"//*[@id=\"__button25\"]"}
RESULT: {"using":"xpath","value":"//*[@id=\"__button25\"]"}
COMMAND: POST /session/e7e046f545b47c9805ddcb78f08915f8/element/f.0B5413DFD1C3A3AA7B72F051E5DEC85E.d.8BE6A6972DA04A3CBEF81A6EEFC47F22.e.7932/click - {}
RESULT: {}
COMMAND: GET /session/e7e046f545b47c9805ddcb78f08915f8/screenshot - {}
RESULT: {}
COMMAND: POST /session/e7e046f545b47c9805ddcb78f08915f8/execute/async - {"script":"<script> [1562 bytes]","args":[{"selector":{"id":"application-managecatalogs-display-component---detailCatalog--BASE_UNIT_OF_MEASURE-arrow"},"wdio_ui5_key":"applicationmanagecatalogs-display-component---detailCatalog--BASE_UNIT_OF_MEASURE-arrow"}]}
RESULT: {"script":"<script> [1562 bytes]","args":[{"selector":{"id":"application-managecatalogs-display-component---detailCatalog--BASE_UNIT_OF_MEASURE-arrow"},"wdio_ui5_key":"applicationmanagecatalogs-display-component---detailCatalog--BASE_UNIT_OF_MEASURE-arrow"}]}
RESULT: undefined
COMMAND: POST /session/e7e046f545b47c9805ddcb78f08915f8/element - {"using":"xpath","value":"//*[@id=\"application-managecatalogs-display-component---detailCatalog--BASE_UNIT_OF_MEASURE-arrow\"]"}
RESULT: {"using":"xpath","value":"//*[@id=\"application-managecatalogs-display-component---detailCatalog--BASE_UNIT_OF_MEASURE-arrow\"]"}
COMMAND: POST /session/e7e046f545b47c9805ddcb78f08915f8/element/f.0B5413DFD1C3A3AA7B72F051E5DEC85E.d.8BE6A6972DA04A3CBEF81A6EEFC47F22.e.7961/click - {}
RESULT: {}
COMMAND: POST /session/e7e046f545b47c9805ddcb78f08915f8/execute/async - {"script":"<script> [1562 bytes]","args":[{"selector":{"controlType":"sap.m.StandardListItem","viewName":"etm.portal.ui.managecatalogs.view.Detail","viewId":"application-managecatalogs-display-component---detailCatalog","properties":{"title":"Piece"},"searchOpenDialogs":true,"interaction":{"idSuffix":"titleText"}},"wdio_ui5_key":"etmportal.ui.managecatalogs.view.Detailsap.m.StandardListItem{\"title\":\"Piece\"}"}]}
COMMAND: GET /session/e7e046f545b47c9805ddcb78f08915f8/screenshot - {}
RESULT: {"script":"<script> [1562 bytes]","args":[{"selector":{"controlType":"sap.m.StandardListItem","viewName":"etm.portal.ui.managecatalogs.view.Detail","viewId":"application-managecatalogs-display-component---detailCatalog","properties":{"title":"Piece"},"searchOpenDialogs":true,"interaction":{"idSuffix":"titleText"}},"wdio_ui5_key":"etmportal.ui.managecatalogs.view.Detailsap.m.StandardListItem{\"title\":\"Piece\"}"}]}
RESULT: undefined
COMMAND: POST /session/e7e046f545b47c9805ddcb78f08915f8/element - {"using":"xpath","value":"//*[@id=\"__item229\"]"}
RESULT: {}
RESULT: {"using":"xpath","value":"//*[@id=\"__item229\"]"}
COMMAND: POST /session/e7e046f545b47c9805ddcb78f08915f8/element/f.0B5413DFD1C3A3AA7B72F051E5DEC85E.d.8BE6A6972DA04A3CBEF81A6EEFC47F22.e.7965/click - {}
RESULT: {}
COMMAND: POST /session/e7e046f545b47c9805ddcb78f08915f8/element - {"using":"xpath","value":"//button[contains(@data-kt ,\"ClassificationAddClassButton\")]"}
COMMAND: GET /session/e7e046f545b47c9805ddcb78f08915f8/screenshot - {}
RESULT: {"using":"xpath","value":"//button[contains(@data-kt ,\"ClassificationAddClassButton\")]"}
COMMAND: POST /session/e7e046f545b47c9805ddcb78f08915f8/element/f.0B5413DFD1C3A3AA7B72F051E5DEC85E.d.8BE6A6972DA04A3CBEF81A6EEFC47F22.e.7966/click - {}
RESULT: {}
RESULT: {}
COMMAND: GET /session/e7e046f545b47c9805ddcb78f08915f8/screenshot - {}
RESULT: {}
COMMAND: POST /session/e7e046f545b47c9805ddcb78f08915f8/element - {"using":"xpath","value":"//input[contains(@id ,\"searchField-I\")]"}
RESULT: {"using":"xpath","value":"//input[contains(@id ,\"searchField-I\")]"}
COMMAND: POST /session/e7e046f545b47c9805ddcb78f08915f8/element/f.0B5413DFD1C3A3AA7B72F051E5DEC85E.d.8BE6A6972DA04A3CBEF81A6EEFC47F22.e.7969/value - {"text":"WebdriverItemClasseyfbz"}
RESULT: {"text":"WebdriverItemClasseyfbz"}
COMMAND: POST /session/e7e046f545b47c9805ddcb78f08915f8/actions - {"actions":[{"id":"action51","type":"key","parameters":{},"actions":[{"type":"keyDown","value":""},{"type":"pause","duration":10},{"type":"keyUp","value":""}]}]}
COMMAND: GET /session/e7e046f545b47c9805ddcb78f08915f8/screenshot - {}
RESULT: {"actions":[{"id":"action51","type":"key","parameters":{},"actions":[{"type":"keyDown","value":""},{"type":"pause","duration":10},{"type":"keyUp","value":""}]}]}
COMMAND: GET /session/e7e046f545b47c9805ddcb78f08915f8/screenshot - {}
RESULT: {}
RESULT: {}
COMMAND: POST /session/e7e046f545b47c9805ddcb78f08915f8/element - {"using":"xpath","value":"//span[contains(text(), \"WebdriverItemClasseyfbz\")]"}
RESULT: {"using":"xpath","value":"//span[contains(text(), \"WebdriverItemClasseyfbz\")]"}
COMMAND: POST /session/e7e046f545b47c9805ddcb78f08915f8/element/f.0B5413DFD1C3A3AA7B72F051E5DEC85E.d.8BE6A6972DA04A3CBEF81A6EEFC47F22.e.8000/click - {}
RESULT: {}
COMMAND: GET /session/e7e046f545b47c9805ddcb78f08915f8/screenshot - {}
RESULT: {}
COMMAND: POST /session/e7e046f545b47c9805ddcb78f08915f8/execute/async - {"script":"<script> [1562 bytes]","args":[{"selector":{"controlType":"sap.m.Button","viewName":"etm.portal.ui.managecatalogs.view.Detail","viewId":"application-managecatalogs-display-component---detailCatalog","properties":{"text":"Classification"},"interaction":{"idSuffix":"BDI-content"}},"wdio_ui5_key":"etmportal.ui.managecatalogs.view.Detailsap.m.Button{\"text\":\"Classification\"}"}]}
RESULT: {"script":"<script> [1562 bytes]","args":[{"selector":{"controlType":"sap.m.Button","viewName":"etm.portal.ui.managecatalogs.view.Detail","viewId":"application-managecatalogs-display-component---detailCatalog","properties":{"text":"Classification"},"interaction":{"idSuffix":"BDI-content"}},"wdio_ui5_key":"etmportal.ui.managecatalogs.view.Detailsap.m.Button{\"text\":\"Classification\"}"}]}
RESULT: undefined
COMMAND: POST /session/e7e046f545b47c9805ddcb78f08915f8/element - {"using":"xpath","value":"//*[@id=\"application-managecatalogs-display-component---detailCatalog--ObjectPageLayout-anchBar-__section3-anchor\"]"}
RESULT: {"using":"xpath","value":"//*[@id=\"application-managecatalogs-display-component---detailCatalog--ObjectPageLayout-anchBar-__section3-anchor\"]"}
COMMAND: POST /session/e7e046f545b47c9805ddcb78f08915f8/element/f.0B5413DFD1C3A3AA7B72F051E5DEC85E.d.8BE6A6972DA04A3CBEF81A6EEFC47F22.e.8005/click - {}
RESULT: {}
COMMAND: POST /session/e7e046f545b47c9805ddcb78f08915f8/execute/async - {"script":"<script> [1562 bytes]","args":[{"selector":{"controlType":"sap.ui.core.Icon","viewName":"etm.portal.ui.managecatalogs.view.Detail","viewId":"application-managecatalogs-display-component---detailCatalog","properties":{"src":{"regex":{"source":"slim\\-arrow\\-right"}}},"ancestor":{"controlType":"sap.m.Panel","viewName":"etm.portal.ui.managecatalogs.view.Detail","viewId":"application-managecatalogs-display-component---detailCatalog"}},"wdio_ui5_key":"etmportal.ui.managecatalogs.view.Detailsap.ui.core.Icon{\"src\":{\"regex\":{\"source\":\"slim\\\\-arrow\\\\-right\"}}}{\"controlType\":\"sap.m.Panel\",\"viewName\":\"etm.portal.ui.managecatalogs.view.Detail\",\"viewId\":\"application-managecatalogs-display-component---detailCatalog\"}"}]}
COMMAND: GET /session/e7e046f545b47c9805ddcb78f08915f8/screenshot - {}
RESULT: {"script":"<script> [1562 bytes]","args":[{"selector":{"controlType":"sap.ui.core.Icon","viewName":"etm.portal.ui.managecatalogs.view.Detail","viewId":"application-managecatalogs-display-component---detailCatalog","properties":{"src":{"regex":{"source":"slim\\-arrow\\-right"}}},"ancestor":{"controlType":"sap.m.Panel","viewName":"etm.portal.ui.managecatalogs.view.Detail","viewId":"application-managecatalogs-display-component---detailCatalog"}},"wdio_ui5_key":"etmportal.ui.managecatalogs.view.Detailsap.ui.core.Icon{\"src\":{\"regex\":{\"source\":\"slim\\\\-arrow\\\\-right\"}}}{\"controlType\":\"sap.m.Panel\",\"viewName\":\"etm.portal.ui.managecatalogs.view.Detail\",\"viewId\":\"application-managecatalogs-display-component---detailCatalog\"}"}]}
RESULT: undefined
COMMAND: POST /session/e7e046f545b47c9805ddcb78f08915f8/element - {"using":"xpath","value":"//*[@id=\"__panel0-__layout17-0-expandButton-img\"]"}
RESULT: {}
RESULT: {"using":"xpath","value":"//*[@id=\"__panel0-__layout17-0-expandButton-img\"]"}
COMMAND: POST /session/e7e046f545b47c9805ddcb78f08915f8/element/f.0B5413DFD1C3A3AA7B72F051E5DEC85E.d.8BE6A6972DA04A3CBEF81A6EEFC47F22.e.8011/click - {}
RESULT: {}
COMMAND: POST /session/e7e046f545b47c9805ddcb78f08915f8/execute/async - {"script":"<script> [1562 bytes]","args":[{"selector":{"controlType":"sap.ui.core.Icon","viewName":"etm.portal.ui.managecatalogs.view.Detail","viewId":"application-managecatalogs-display-component---detailCatalog","properties":{"src":{"regex":{"source":"slim\\-arrow\\-down"}}},"ancestor":{"controlType":"sap.m.ColumnListItem","viewName":"etm.portal.ui.managecatalogs.view.Detail","viewId":"application-managecatalogs-display-component---detailCatalog","bindingPath":{"modelName":"classModel","path":"/data/0/PROPERTIES/0"},"ancestor":{"controlType":"sap.m.Table","viewName":"etm.portal.ui.managecatalogs.view.Detail","viewId":"application-managecatalogs-display-component---detailCatalog","bindingPath":{"path":"/data/0","propertyPath":"PROPERTIES","modelName":"classModel"}}}},"wdio_ui5_key":"etmportal.ui.managecatalogs.view.Detailsap.ui.core.Icon{\"src\":{\"regex\":{\"source\":\"slim\\\\-arrow\\\\-down\"}}}{\"controlType\":\"sap.m.ColumnListItem\",\"viewName\":\"etm.portal.ui.managecatalogs.view.Detail\",\"viewId\":\"application-managecatalogs-display-component---detailCatalog\",\"bindingPath\":{\"modelName\":\"classModel\",\"path\":\"/data/0/PROPERTIES/0\"},\"ancestor\":{\"controlType\":\"sap.m.Table\",\"viewName\":\"etm.portal.ui.managecatalogs.view.Detail\",\"viewId\":\"application-managecatalogs-display-component---detailCatalog\",\"bindingPath\":{\"path\":\"/data/0\",\"propertyPath\":\"PROPERTIES\",\"modelName\":\"classModel\"}}}"}]}
COMMAND: GET /session/e7e046f545b47c9805ddcb78f08915f8/screenshot - {}
RESULT: {"script":"<script> [1562 bytes]","args":[{"selector":{"controlType":"sap.ui.core.Icon","viewName":"etm.portal.ui.managecatalogs.view.Detail","viewId":"application-managecatalogs-display-component---detailCatalog","properties":{"src":{"regex":{"source":"slim\\-arrow\\-down"}}},"ancestor":{"controlType":"sap.m.ColumnListItem","viewName":"etm.portal.ui.managecatalogs.view.Detail","viewId":"application-managecatalogs-display-component---detailCatalog","bindingPath":{"modelName":"classModel","path":"/data/0/PROPERTIES/0"},"ancestor":{"controlType":"sap.m.Table","viewName":"etm.portal.ui.managecatalogs.view.Detail","viewId":"application-managecatalogs-display-component---detailCatalog","bindingPath":{"path":"/data/0","propertyPath":"PROPERTIES","modelName":"classModel"}}}},"wdio_ui5_key":"etmportal.ui.managecatalogs.view.Detailsap.ui.core.Icon{\"src\":{\"regex\":{\"source\":\"slim\\\\-arrow\\\\-down\"}}}{\"controlType\":\"sap.m.ColumnListItem\",\"viewName\":\"etm.portal.ui.managecatalogs.view.Detail\",\"viewId\":\"application-managecatalogs-display-component---detailCatalog\",\"bindingPath\":{\"modelName\":\"classModel\",\"path\":\"/data/0/PROPERTIES/0\"},\"ancestor\":{\"controlType\":\"sap.m.Table\",\"viewName\":\"etm.portal.ui.managecatalogs.view.Detail\",\"viewId\":\"application-managecatalogs-display-component---detailCatalog\",\"bindingPath\":{\"path\":\"/data/0\",\"propertyPath\":\"PROPERTIES\",\"modelName\":\"classModel\"}}}"}]}
RESULT: undefined
COMMAND: POST /session/e7e046f545b47c9805ddcb78f08915f8/element - {"using":"xpath","value":"//*[@id=\"__box31-arrow\"]"}
RESULT: {}
RESULT: {"using":"xpath","value":"//*[@id=\"__box31-arrow\"]"}
COMMAND: POST /session/e7e046f545b47c9805ddcb78f08915f8/element/f.0B5413DFD1C3A3AA7B72F051E5DEC85E.d.8BE6A6972DA04A3CBEF81A6EEFC47F22.e.8024/click - {}
RESULT: {}
COMMAND: POST /session/e7e046f545b47c9805ddcb78f08915f8/execute/async - {"script":"<script> [1562 bytes]","args":[{"selector":{"controlType":"sap.m.StandardListItem","viewName":"etm.portal.ui.managecatalogs.view.Detail","viewId":"application-managecatalogs-display-component---detailCatalog","properties":{"title":"red"},"searchOpenDialogs":true,"interaction":{"idSuffix":"content"}},"wdio_ui5_key":"etmportal.ui.managecatalogs.view.Detailsap.m.StandardListItem{\"title\":\"red\"}"}]}
COMMAND: GET /session/e7e046f545b47c9805ddcb78f08915f8/screenshot - {}
RESULT: {"script":"<script> [1562 bytes]","args":[{"selector":{"controlType":"sap.m.StandardListItem","viewName":"etm.portal.ui.managecatalogs.view.Detail","viewId":"application-managecatalogs-display-component---detailCatalog","properties":{"title":"red"},"searchOpenDialogs":true,"interaction":{"idSuffix":"content"}},"wdio_ui5_key":"etmportal.ui.managecatalogs.view.Detailsap.m.StandardListItem{\"title\":\"red\"}"}]}
RESULT: undefined
COMMAND: POST /session/e7e046f545b47c9805ddcb78f08915f8/element - {"using":"xpath","value":"//*[@id=\"__item237\"]"}
RESULT: {}
RESULT: {"using":"xpath","value":"//*[@id=\"__item237\"]"}
COMMAND: POST /session/e7e046f545b47c9805ddcb78f08915f8/element/f.0B5413DFD1C3A3AA7B72F051E5DEC85E.d.8BE6A6972DA04A3CBEF81A6EEFC47F22.e.8027/click - {}
RESULT: {}
COMMAND: GET /session/e7e046f545b47c9805ddcb78f08915f8/screenshot - {}
RESULT: {}
COMMAND: POST /session/e7e046f545b47c9805ddcb78f08915f8/execute/async - {"script":"<script> [1562 bytes]","args":[{"selector":{"controlType":"sap.m.Button","viewName":"etm.portal.ui.managecatalogs.view.Detail","viewId":"application-managecatalogs-display-component---detailCatalog","i18NText":{"propertyName":"text","key":"save"},"interaction":{"idSuffix":"BDI-content"}},"wdio_ui5_key":"etmportal.ui.managecatalogs.view.Detailsap.m.Button{\"propertyName\":\"text\",\"key\":\"save\"}"}]}
RESULT: {"script":"<script> [1562 bytes]","args":[{"selector":{"controlType":"sap.m.Button","viewName":"etm.portal.ui.managecatalogs.view.Detail","viewId":"application-managecatalogs-display-component---detailCatalog","i18NText":{"propertyName":"text","key":"save"},"interaction":{"idSuffix":"BDI-content"}},"wdio_ui5_key":"etmportal.ui.managecatalogs.view.Detailsap.m.Button{\"propertyName\":\"text\",\"key\":\"save\"}"}]}
RESULT: undefined
COMMAND: POST /session/e7e046f545b47c9805ddcb78f08915f8/element - {"using":"xpath","value":"//*[@id=\"__button43\"]"}
RESULT: {"using":"xpath","value":"//*[@id=\"__button43\"]"}
COMMAND: POST /session/e7e046f545b47c9805ddcb78f08915f8/element/f.0B5413DFD1C3A3AA7B72F051E5DEC85E.d.8BE6A6972DA04A3CBEF81A6EEFC47F22.e.7935/click - {}
RESULT: {}
COMMAND: GET /session/e7e046f545b47c9805ddcb78f08915f8/screenshot - {}
RESULT: {}
COMMAND: POST /session/e7e046f545b47c9805ddcb78f08915f8/element - {"using":"css selector","value":"#shell-header-logo"}
RESULT: {"using":"css selector","value":"#shell-header-logo"}
COMMAND: POST /session/e7e046f545b47c9805ddcb78f08915f8/element/f.0B5413DFD1C3A3AA7B72F051E5DEC85E.d.8BE6A6972DA04A3CBEF81A6EEFC47F22.e.7768/click - {}
RESULT: {}
COMMAND: GET /session/e7e046f545b47c9805ddcb78f08915f8/screenshot - {}
RESULT: {}
]]></system-out>
    </testcase>
    <testcase classname="chrome.136_0_7103_93.windows.Manage_requests_-_requests_specifications_US141095" name="Should create a new request and add the catalog item with the specifications" time="151.142">
      <system-out><![CDATA[
COMMAND: POST /session/e7e046f545b47c9805ddcb78f08915f8/execute/async - {"script":"<script> [1562 bytes]","args":[{"selector":{"controlType":"sap.m.GenericTile","properties":{"header":"Manage Requests"}},"wdio_ui5_key":"sapm.GenericTile{\"header\":\"Manage Requests\"}"}]}
RESULT: {"script":"<script> [1562 bytes]","args":[{"selector":{"controlType":"sap.m.GenericTile","properties":{"header":"Manage Requests"}},"wdio_ui5_key":"sapm.GenericTile{\"header\":\"Manage Requests\"}"}]}
RESULT: undefined
COMMAND: POST /session/e7e046f545b47c9805ddcb78f08915f8/element - {"using":"xpath","value":"//*[@id=\"__tile47\"]"}
RESULT: {"using":"xpath","value":"//*[@id=\"__tile47\"]"}
COMMAND: POST /session/e7e046f545b47c9805ddcb78f08915f8/element/f.0B5413DFD1C3A3AA7B72F051E5DEC85E.d.8BE6A6972DA04A3CBEF81A6EEFC47F22.e.8056/click - {}
RESULT: {}
COMMAND: GET /session/e7e046f545b47c9805ddcb78f08915f8/screenshot - {}
RESULT: {}
COMMAND: POST /session/e7e046f545b47c9805ddcb78f08915f8/elements - {"using":"xpath","value":"//span[text()='Error']"}
RESULT: {"using":"xpath","value":"//span[text()='Error']"}
COMMAND: POST /session/e7e046f545b47c9805ddcb78f08915f8/element - {"using":"xpath","value":"//button[contains(@data-kt ,\"btnCreateNewOverflowToolbarButton\")]"}
COMMAND: POST /session/e7e046f545b47c9805ddcb78f08915f8/element - {"using":"xpath","value":"(//span[contains(@class ,\"sapMObjStatusText\")])[1]"}
RESULT: {"using":"xpath","value":"//button[contains(@data-kt ,\"btnCreateNewOverflowToolbarButton\")]"}
COMMAND: POST /session/e7e046f545b47c9805ddcb78f08915f8/element/f.0B5413DFD1C3A3AA7B72F051E5DEC85E.d.8BE6A6972DA04A3CBEF81A6EEFC47F22.e.8113/click - {}
RESULT: {"using":"xpath","value":"(//span[contains(@class ,\"sapMObjStatusText\")])[1]"}
COMMAND: POST /session/e7e046f545b47c9805ddcb78f08915f8/execute/sync - {"script":"<script> [8489 bytes]","args":[{"element-6066-11e4-a52e-4f735466cecf":"f.0B5413DFD1C3A3AA7B72F051E5DEC85E.d.8BE6A6972DA04A3CBEF81A6EEFC47F22.e.8153","ELEMENT":"f.0B5413DFD1C3A3AA7B72F051E5DEC85E.d.8BE6A6972DA04A3CBEF81A6EEFC47F22.e.8153"}]}
RESULT: {}
COMMAND: GET /session/e7e046f545b47c9805ddcb78f08915f8/screenshot - {}
RESULT: {"script":"<script> [8489 bytes]","args":[{"element-6066-11e4-a52e-4f735466cecf":"f.0B5413DFD1C3A3AA7B72F051E5DEC85E.d.8BE6A6972DA04A3CBEF81A6EEFC47F22.e.8153","ELEMENT":"f.0B5413DFD1C3A3AA7B72F051E5DEC85E.d.8BE6A6972DA04A3CBEF81A6EEFC47F22.e.8153"}]}
COMMAND: GET /session/e7e046f545b47c9805ddcb78f08915f8/screenshot - {}
RESULT: {}
RESULT: {}
COMMAND: POST /session/e7e046f545b47c9805ddcb78f08915f8/element - {"using":"xpath","value":"//input[contains(@id ,\"yardId-inner\")]"}
RESULT: {"using":"xpath","value":"//input[contains(@id ,\"yardId-inner\")]"}
COMMAND: POST /session/e7e046f545b47c9805ddcb78f08915f8/execute/sync - {"script":"<script> [8489 bytes]","args":[{"element-6066-11e4-a52e-4f735466cecf":"f.0B5413DFD1C3A3AA7B72F051E5DEC85E.d.8BE6A6972DA04A3CBEF81A6EEFC47F22.e.8255","ELEMENT":"f.0B5413DFD1C3A3AA7B72F051E5DEC85E.d.8BE6A6972DA04A3CBEF81A6EEFC47F22.e.8255"}]}
RESULT: {"script":"<script> [8489 bytes]","args":[{"element-6066-11e4-a52e-4f735466cecf":"f.0B5413DFD1C3A3AA7B72F051E5DEC85E.d.8BE6A6972DA04A3CBEF81A6EEFC47F22.e.8255","ELEMENT":"f.0B5413DFD1C3A3AA7B72F051E5DEC85E.d.8BE6A6972DA04A3CBEF81A6EEFC47F22.e.8255"}]}
COMMAND: POST /session/e7e046f545b47c9805ddcb78f08915f8/element - {"using":"xpath","value":"//input[contains(@id ,\"yardId-inner\")]"}
COMMAND: GET /session/e7e046f545b47c9805ddcb78f08915f8/screenshot - {}
RESULT: {"using":"xpath","value":"//input[contains(@id ,\"yardId-inner\")]"}
COMMAND: GET /session/e7e046f545b47c9805ddcb78f08915f8/element/f.0B5413DFD1C3A3AA7B72F051E5DEC85E.d.8BE6A6972DA04A3CBEF81A6EEFC47F22.e.8255/enabled - {}
RESULT: {}
RESULT: {}
COMMAND: POST /session/e7e046f545b47c9805ddcb78f08915f8/element/f.0B5413DFD1C3A3AA7B72F051E5DEC85E.d.8BE6A6972DA04A3CBEF81A6EEFC47F22.e.8255/clear - {}
COMMAND: GET /session/e7e046f545b47c9805ddcb78f08915f8/screenshot - {}
RESULT: {}
COMMAND: POST /session/e7e046f545b47c9805ddcb78f08915f8/element/f.0B5413DFD1C3A3AA7B72F051E5DEC85E.d.8BE6A6972DA04A3CBEF81A6EEFC47F22.e.8255/value - {"text":"WebdriverYard5b5aq"}
COMMAND: GET /session/e7e046f545b47c9805ddcb78f08915f8/screenshot - {}
RESULT: {}
RESULT: {"text":"WebdriverYard5b5aq"}
COMMAND: GET /session/e7e046f545b47c9805ddcb78f08915f8/screenshot - {}
RESULT: {}
RESULT: {}
COMMAND: POST /session/e7e046f545b47c9805ddcb78f08915f8/element - {"using":"xpath","value":"//input[contains(@id ,\"customerNumber-inner\")]"}
RESULT: {"using":"xpath","value":"//input[contains(@id ,\"customerNumber-inner\")]"}
COMMAND: POST /session/e7e046f545b47c9805ddcb78f08915f8/element/f.0B5413DFD1C3A3AA7B72F051E5DEC85E.d.8BE6A6972DA04A3CBEF81A6EEFC47F22.e.8249/value - {"text":"WebdriverPartnerds2fo"}
COMMAND: POST /session/e7e046f545b47c9805ddcb78f08915f8/actions - {"actions":[{"id":"action52","type":"key","parameters":{},"actions":[{"type":"keyDown","value":""},{"type":"pause","duration":10},{"type":"keyUp","value":""}]}]}
RESULT: {"actions":[{"id":"action52","type":"key","parameters":{},"actions":[{"type":"keyDown","value":""},{"type":"pause","duration":10},{"type":"keyUp","value":""}]}]}
COMMAND: GET /session/e7e046f545b47c9805ddcb78f08915f8/screenshot - {}
RESULT: {"text":"WebdriverPartnerds2fo"}
COMMAND: GET /session/e7e046f545b47c9805ddcb78f08915f8/screenshot - {}
RESULT: {}
RESULT: {}
COMMAND: POST /session/e7e046f545b47c9805ddcb78f08915f8/actions - {"actions":[{"id":"action53","type":"key","parameters":{},"actions":[{"type":"keyDown","value":""},{"type":"pause","duration":10},{"type":"keyUp","value":""}]}]}
RESULT: {"actions":[{"id":"action53","type":"key","parameters":{},"actions":[{"type":"keyDown","value":""},{"type":"pause","duration":10},{"type":"keyUp","value":""}]}]}
COMMAND: GET /session/e7e046f545b47c9805ddcb78f08915f8/screenshot - {}
RESULT: {}
COMMAND: POST /session/e7e046f545b47c9805ddcb78f08915f8/element - {"using":"xpath","value":"//input[contains(@id ,\"requestSiteId-inner\")]"}
RESULT: {"using":"xpath","value":"//input[contains(@id ,\"requestSiteId-inner\")]"}
COMMAND: POST /session/e7e046f545b47c9805ddcb78f08915f8/element/f.0B5413DFD1C3A3AA7B72F051E5DEC85E.d.8BE6A6972DA04A3CBEF81A6EEFC47F22.e.8248/value - {"text":"WebdriverSiteivrw1"}
RESULT: {"text":"WebdriverSiteivrw1"}
COMMAND: GET /session/e7e046f545b47c9805ddcb78f08915f8/screenshot - {}
RESULT: {}
COMMAND: POST /session/e7e046f545b47c9805ddcb78f08915f8/actions - {"actions":[{"id":"action54","type":"key","parameters":{},"actions":[{"type":"keyDown","value":""},{"type":"pause","duration":10},{"type":"keyUp","value":""}]}]}
RESULT: {"actions":[{"id":"action54","type":"key","parameters":{},"actions":[{"type":"keyDown","value":""},{"type":"pause","duration":10},{"type":"keyUp","value":""}]}]}
COMMAND: POST /session/e7e046f545b47c9805ddcb78f08915f8/execute/async - {"script":"<script> [1562 bytes]","args":[{"selector":{"controlType":"sap.ui.core.Icon","viewName":"etm.portal.ui.managerequests.view.NewRequest","properties":{"src":{"regex":{"source":"add"}}}},"wdio_ui5_key":"etmportal.ui.managerequests.view.NewRequestsap.ui.core.Icon{\"src\":{\"regex\":{\"source\":\"add\"}}}"}]}
COMMAND: GET /session/e7e046f545b47c9805ddcb78f08915f8/screenshot - {}
RESULT: {"script":"<script> [1562 bytes]","args":[{"selector":{"controlType":"sap.ui.core.Icon","viewName":"etm.portal.ui.managerequests.view.NewRequest","properties":{"src":{"regex":{"source":"add"}}}},"wdio_ui5_key":"etmportal.ui.managerequests.view.NewRequestsap.ui.core.Icon{\"src\":{\"regex\":{\"source\":\"add\"}}}"}]}
RESULT: undefined
COMMAND: POST /session/e7e046f545b47c9805ddcb78f08915f8/element - {"using":"xpath","value":"//*[@id=\"__xmlview59--btnAddTableRow-img\"]"}
RESULT: {}
RESULT: {"using":"xpath","value":"//*[@id=\"__xmlview59--btnAddTableRow-img\"]"}
COMMAND: POST /session/e7e046f545b47c9805ddcb78f08915f8/element/f.0B5413DFD1C3A3AA7B72F051E5DEC85E.d.8BE6A6972DA04A3CBEF81A6EEFC47F22.e.8406/click - {}
RESULT: {}
COMMAND: GET /session/e7e046f545b47c9805ddcb78f08915f8/screenshot - {}
RESULT: {}
COMMAND: POST /session/e7e046f545b47c9805ddcb78f08915f8/actions - {"actions":[{"id":"action55","type":"key","parameters":{},"actions":[{"type":"keyDown","value":""},{"type":"pause","duration":10},{"type":"keyUp","value":""}]}]}
RESULT: {"actions":[{"id":"action55","type":"key","parameters":{},"actions":[{"type":"keyDown","value":""},{"type":"pause","duration":10},{"type":"keyUp","value":""}]}]}
COMMAND: POST /session/e7e046f545b47c9805ddcb78f08915f8/actions - {"actions":[{"id":"action56","type":"key","parameters":{},"actions":[{"type":"keyDown","value":""},{"type":"pause","duration":10},{"type":"keyUp","value":""}]}]}
COMMAND: GET /session/e7e046f545b47c9805ddcb78f08915f8/screenshot - {}
RESULT: {"actions":[{"id":"action56","type":"key","parameters":{},"actions":[{"type":"keyDown","value":""},{"type":"pause","duration":10},{"type":"keyUp","value":""}]}]}
COMMAND: POST /session/e7e046f545b47c9805ddcb78f08915f8/element - {"using":"xpath","value":"(//input[contains(@id ,\"requestItemsTable-0-inner\")])[1]"}
COMMAND: GET /session/e7e046f545b47c9805ddcb78f08915f8/screenshot - {}
RESULT: {}
RESULT: {"using":"xpath","value":"(//input[contains(@id ,\"requestItemsTable-0-inner\")])[1]"}
COMMAND: POST /session/e7e046f545b47c9805ddcb78f08915f8/element/f.0B5413DFD1C3A3AA7B72F051E5DEC85E.d.8BE6A6972DA04A3CBEF81A6EEFC47F22.e.8411/clear - {}
RESULT: {}
RESULT: {}
COMMAND: POST /session/e7e046f545b47c9805ddcb78f08915f8/element/f.0B5413DFD1C3A3AA7B72F051E5DEC85E.d.8BE6A6972DA04A3CBEF81A6EEFC47F22.e.8411/value - {"text":"catalogItemNamevyhz7"}
COMMAND: GET /session/e7e046f545b47c9805ddcb78f08915f8/screenshot - {}
RESULT: {"text":"catalogItemNamevyhz7"}
COMMAND: GET /session/e7e046f545b47c9805ddcb78f08915f8/screenshot - {}
RESULT: {}
RESULT: {}
COMMAND: POST /session/e7e046f545b47c9805ddcb78f08915f8/actions - {"actions":[{"id":"action57","type":"key","parameters":{},"actions":[{"type":"keyDown","value":""},{"type":"pause","duration":10},{"type":"keyUp","value":""}]}]}
RESULT: {"actions":[{"id":"action57","type":"key","parameters":{},"actions":[{"type":"keyDown","value":""},{"type":"pause","duration":10},{"type":"keyUp","value":""}]}]}
COMMAND: GET /session/e7e046f545b47c9805ddcb78f08915f8/screenshot - {}
RESULT: {}
COMMAND: POST /session/e7e046f545b47c9805ddcb78f08915f8/execute/async - {"script":"<script> [1562 bytes]","args":[{"selector":{"controlType":"sap.m.Button","viewName":"etm.portal.ui.managerequests.view.NewRequest","i18NText":{"propertyName":"text","key":"requestSpecifications"},"interaction":{"idSuffix":"BDI-content"}},"wdio_ui5_key":"etmportal.ui.managerequests.view.NewRequestsap.m.Button{\"propertyName\":\"text\",\"key\":\"requestSpecifications\"}"}]}
RESULT: {"script":"<script> [1562 bytes]","args":[{"selector":{"controlType":"sap.m.Button","viewName":"etm.portal.ui.managerequests.view.NewRequest","i18NText":{"propertyName":"text","key":"requestSpecifications"},"interaction":{"idSuffix":"BDI-content"}},"wdio_ui5_key":"etmportal.ui.managerequests.view.NewRequestsap.m.Button{\"propertyName\":\"text\",\"key\":\"requestSpecifications\"}"}]}
RESULT: undefined
COMMAND: POST /session/e7e046f545b47c9805ddcb78f08915f8/element - {"using":"xpath","value":"//*[@id=\"__button78-__xmlview59--requestItemsTable-0\"]"}
RESULT: {"using":"xpath","value":"//*[@id=\"__button78-__xmlview59--requestItemsTable-0\"]"}
COMMAND: POST /session/e7e046f545b47c9805ddcb78f08915f8/element/f.0B5413DFD1C3A3AA7B72F051E5DEC85E.d.8BE6A6972DA04A3CBEF81A6EEFC47F22.e.8425/click - {}
RESULT: {}
COMMAND: GET /session/e7e046f545b47c9805ddcb78f08915f8/screenshot - {}
RESULT: {}
COMMAND: POST /session/e7e046f545b47c9805ddcb78f08915f8/element - {"using":"xpath","value":"//input[@value=\"red\"]"}
RESULT: {"using":"xpath","value":"//input[@value=\"red\"]"}
COMMAND: POST /session/e7e046f545b47c9805ddcb78f08915f8/elements - {"using":"xpath","value":"//input[@value=\"red\"]"}
RESULT: {"using":"xpath","value":"//input[@value=\"red\"]"}
COMMAND: POST /session/e7e046f545b47c9805ddcb78f08915f8/execute/async - {"script":"<script> [1562 bytes]","args":[{"selector":{"controlType":"sap.m.Text","viewName":"etm.portal.ui.managerequests.view.NewRequest","bindingPath":{"path":"/currentEntries/0/PROPERTIES/0","propertyPath":"DESCRIPTION","modelName":"techSpecsClassificationModel"},"searchOpenDialogs":true},"wdio_ui5_key":"etmportal.ui.managerequests.view.NewRequestsap.m.Text{\"path\":\"/currentEntries/0/PROPERTIES/0\",\"propertyPath\":\"DESCRIPTION\",\"modelName\":\"techSpecsClassificationModel\"}"}]}
RESULT: {"script":"<script> [1562 bytes]","args":[{"selector":{"controlType":"sap.m.Text","viewName":"etm.portal.ui.managerequests.view.NewRequest","bindingPath":{"path":"/currentEntries/0/PROPERTIES/0","propertyPath":"DESCRIPTION","modelName":"techSpecsClassificationModel"},"searchOpenDialogs":true},"wdio_ui5_key":"etmportal.ui.managerequests.view.NewRequestsap.m.Text{\"path\":\"/currentEntries/0/PROPERTIES/0\",\"propertyPath\":\"DESCRIPTION\",\"modelName\":\"techSpecsClassificationModel\"}"}]}
RESULT: undefined
COMMAND: POST /session/e7e046f545b47c9805ddcb78f08915f8/execute/async - {"script":"<script> [6424 bytes]","args":[{"element-6066-11e4-a52e-4f735466cecf":"f.0B5413DFD1C3A3AA7B72F051E5DEC85E.d.8BE6A6972DA04A3CBEF81A6EEFC47F22.e.8433"},"getText",[]]}
RESULT: {"script":"<script> [6424 bytes]","args":[{"element-6066-11e4-a52e-4f735466cecf":"f.0B5413DFD1C3A3AA7B72F051E5DEC85E.d.8BE6A6972DA04A3CBEF81A6EEFC47F22.e.8433"},"getText",[]]}
COMMAND: POST /session/e7e046f545b47c9805ddcb78f08915f8/execute/async - {"script":"<script> [1562 bytes]","args":[{"selector":{"controlType":"sap.ui.core.Icon","viewName":"etm.portal.ui.managerequests.view.NewRequest","properties":{"src":{"regex":{"source":"slim\\-arrow\\-down"}}},"searchOpenDialogs":true},"wdio_ui5_key":"etmportal.ui.managerequests.view.NewRequestsap.ui.core.Icon{\"src\":{\"regex\":{\"source\":\"slim\\\\-arrow\\\\-down\"}}}"}]}
RESULT: {"script":"<script> [1562 bytes]","args":[{"selector":{"controlType":"sap.ui.core.Icon","viewName":"etm.portal.ui.managerequests.view.NewRequest","properties":{"src":{"regex":{"source":"slim\\-arrow\\-down"}}},"searchOpenDialogs":true},"wdio_ui5_key":"etmportal.ui.managerequests.view.NewRequestsap.ui.core.Icon{\"src\":{\"regex\":{\"source\":\"slim\\\\-arrow\\\\-down\"}}}"}]}
RESULT: undefined
COMMAND: POST /session/e7e046f545b47c9805ddcb78f08915f8/element - {"using":"xpath","value":"//*[@id=\"__box58-arrow\"]"}
RESULT: {"using":"xpath","value":"//*[@id=\"__box58-arrow\"]"}
COMMAND: POST /session/e7e046f545b47c9805ddcb78f08915f8/element/f.0B5413DFD1C3A3AA7B72F051E5DEC85E.d.8BE6A6972DA04A3CBEF81A6EEFC47F22.e.8434/click - {}
RESULT: {}
COMMAND: POST /session/e7e046f545b47c9805ddcb78f08915f8/execute/async - {"script":"<script> [1562 bytes]","args":[{"selector":{"controlType":"sap.m.StandardListItem","viewName":"etm.portal.ui.managerequests.view.NewRequest","properties":{"title":"blue"},"searchOpenDialogs":true,"interaction":{"idSuffix":"content"}},"wdio_ui5_key":"etmportal.ui.managerequests.view.NewRequestsap.m.StandardListItem{\"title\":\"blue\"}"}]}
COMMAND: GET /session/e7e046f545b47c9805ddcb78f08915f8/screenshot - {}
RESULT: {"script":"<script> [1562 bytes]","args":[{"selector":{"controlType":"sap.m.StandardListItem","viewName":"etm.portal.ui.managerequests.view.NewRequest","properties":{"title":"blue"},"searchOpenDialogs":true,"interaction":{"idSuffix":"content"}},"wdio_ui5_key":"etmportal.ui.managerequests.view.NewRequestsap.m.StandardListItem{\"title\":\"blue\"}"}]}
RESULT: undefined
COMMAND: POST /session/e7e046f545b47c9805ddcb78f08915f8/element - {"using":"xpath","value":"//*[@id=\"__item847\"]"}
RESULT: {}
RESULT: {"using":"xpath","value":"//*[@id=\"__item847\"]"}
COMMAND: POST /session/e7e046f545b47c9805ddcb78f08915f8/element/f.0B5413DFD1C3A3AA7B72F051E5DEC85E.d.8BE6A6972DA04A3CBEF81A6EEFC47F22.e.8437/click - {}
RESULT: {}
COMMAND: GET /session/e7e046f545b47c9805ddcb78f08915f8/screenshot - {}
RESULT: {}
COMMAND: POST /session/e7e046f545b47c9805ddcb78f08915f8/execute/async - {"script":"<script> [1562 bytes]","args":[{"selector":{"id":"saveButton","viewName":"etm.portal.ui.managerequests.view.NewRequest","searchOpenDialogs":true,"interaction":{"idSuffix":"BDI-content"}},"wdio_ui5_key":"saveButtonetmportal.ui.managerequests.view.NewRequest"}]}
RESULT: {"script":"<script> [1562 bytes]","args":[{"selector":{"id":"saveButton","viewName":"etm.portal.ui.managerequests.view.NewRequest","searchOpenDialogs":true,"interaction":{"idSuffix":"BDI-content"}},"wdio_ui5_key":"saveButtonetmportal.ui.managerequests.view.NewRequest"}]}
RESULT: undefined
COMMAND: POST /session/e7e046f545b47c9805ddcb78f08915f8/element - {"using":"xpath","value":"//*[@id=\"__xmlview59--saveButton\"]"}
RESULT: {"using":"xpath","value":"//*[@id=\"__xmlview59--saveButton\"]"}
COMMAND: POST /session/e7e046f545b47c9805ddcb78f08915f8/element/f.0B5413DFD1C3A3AA7B72F051E5DEC85E.d.8BE6A6972DA04A3CBEF81A6EEFC47F22.e.8431/click - {}
RESULT: {}
COMMAND: POST /session/e7e046f545b47c9805ddcb78f08915f8/execute/async - {"script":"<script> [1562 bytes]","args":[{"selector":{"controlType":"sap.ui.core.Icon","viewName":"etm.portal.ui.managerequests.view.NewRequest","properties":{"src":{"regex":{"source":"slim\\-arrow\\-down"}}},"ancestor":{"controlType":"sap.m.Button","viewName":"etm.portal.ui.managerequests.view.NewRequest","properties":{"icon":"sap-icon://slim-arrow-down"}}},"wdio_ui5_key":"etmportal.ui.managerequests.view.NewRequestsap.ui.core.Icon{\"src\":{\"regex\":{\"source\":\"slim\\\\-arrow\\\\-down\"}}}{\"controlType\":\"sap.m.Button\",\"viewName\":\"etm.portal.ui.managerequests.view.NewRequest\",\"properties\":{\"icon\":\"sap-icon://slim-arrow-down\"}}"}]}
COMMAND: GET /session/e7e046f545b47c9805ddcb78f08915f8/screenshot - {}
RESULT: {"script":"<script> [1562 bytes]","args":[{"selector":{"controlType":"sap.ui.core.Icon","viewName":"etm.portal.ui.managerequests.view.NewRequest","properties":{"src":{"regex":{"source":"slim\\-arrow\\-down"}}},"ancestor":{"controlType":"sap.m.Button","viewName":"etm.portal.ui.managerequests.view.NewRequest","properties":{"icon":"sap-icon://slim-arrow-down"}}},"wdio_ui5_key":"etmportal.ui.managerequests.view.NewRequestsap.ui.core.Icon{\"src\":{\"regex\":{\"source\":\"slim\\\\-arrow\\\\-down\"}}}{\"controlType\":\"sap.m.Button\",\"viewName\":\"etm.portal.ui.managerequests.view.NewRequest\",\"properties\":{\"icon\":\"sap-icon://slim-arrow-down\"}}"}]}
RESULT: undefined
RESULT: {}
COMMAND: POST /session/e7e046f545b47c9805ddcb78f08915f8/element - {"using":"xpath","value":"//div[contains(@data-kt ,\"splitAllocationObjectStatus\")]"}
RESULT: {"using":"xpath","value":"//div[contains(@data-kt ,\"splitAllocationObjectStatus\")]"}
COMMAND: POST /session/e7e046f545b47c9805ddcb78f08915f8/elements - {"using":"xpath","value":"//div[contains(@data-kt ,\"splitAllocationObjectStatus\")]"}
RESULT: {"using":"xpath","value":"//div[contains(@data-kt ,\"splitAllocationObjectStatus\")]"}
COMMAND: POST /session/e7e046f545b47c9805ddcb78f08915f8/execute/async - {"script":"<script> [1562 bytes]","args":[{"selector":{"controlType":"sap.ui.core.Icon","viewName":"etm.portal.ui.managerequests.view.NewRequest","properties":{"src":{"regex":{"source":"message\\-error"}}}},"wdio_ui5_key":"etmportal.ui.managerequests.view.NewRequestsap.ui.core.Icon{\"src\":{\"regex\":{\"source\":\"message\\\\-error\"}}}"}]}
RESULT: {"script":"<script> [1562 bytes]","args":[{"selector":{"controlType":"sap.ui.core.Icon","viewName":"etm.portal.ui.managerequests.view.NewRequest","properties":{"src":{"regex":{"source":"message\\-error"}}}},"wdio_ui5_key":"etmportal.ui.managerequests.view.NewRequestsap.ui.core.Icon{\"src\":{\"regex\":{\"source\":\"message\\\\-error\"}}}"}]}
RESULT: undefined
COMMAND: POST /session/e7e046f545b47c9805ddcb78f08915f8/element - {"using":"xpath","value":"//*[@id=\"__status4-__xmlview59--requestItemsTable-0-icon\"]"}
RESULT: {"using":"xpath","value":"//*[@id=\"__status4-__xmlview59--requestItemsTable-0-icon\"]"}
COMMAND: POST /session/e7e046f545b47c9805ddcb78f08915f8/element/f.0B5413DFD1C3A3AA7B72F051E5DEC85E.d.8BE6A6972DA04A3CBEF81A6EEFC47F22.e.8439/click - {}
RESULT: {}
COMMAND: POST /session/e7e046f545b47c9805ddcb78f08915f8/execute/async - {"script":"<script> [1562 bytes]","args":[{"selector":{"controlType":"sap.ui.core.Icon","viewName":"etm.portal.ui.managerequests.view.NewRequest","properties":{"src":{"regex":{"source":"slim\\-arrow\\-down"}}},"searchOpenDialogs":true,"ancestor":{"id":"costObjectAdminTypeComboBox","viewName":"etm.portal.ui.managerequests.view.NewRequest","searchOpenDialogs":true}},"wdio_ui5_key":"etmportal.ui.managerequests.view.NewRequestsap.ui.core.Icon{\"src\":{\"regex\":{\"source\":\"slim\\\\-arrow\\\\-down\"}}}{\"id\":\"costObjectAdminTypeComboBox\",\"viewName\":\"etm.portal.ui.managerequests.view.NewRequest\",\"searchOpenDialogs\":true}"}]}
COMMAND: GET /session/e7e046f545b47c9805ddcb78f08915f8/screenshot - {}
RESULT: {"script":"<script> [1562 bytes]","args":[{"selector":{"controlType":"sap.ui.core.Icon","viewName":"etm.portal.ui.managerequests.view.NewRequest","properties":{"src":{"regex":{"source":"slim\\-arrow\\-down"}}},"searchOpenDialogs":true,"ancestor":{"id":"costObjectAdminTypeComboBox","viewName":"etm.portal.ui.managerequests.view.NewRequest","searchOpenDialogs":true}},"wdio_ui5_key":"etmportal.ui.managerequests.view.NewRequestsap.ui.core.Icon{\"src\":{\"regex\":{\"source\":\"slim\\\\-arrow\\\\-down\"}}}{\"id\":\"costObjectAdminTypeComboBox\",\"viewName\":\"etm.portal.ui.managerequests.view.NewRequest\",\"searchOpenDialogs\":true}"}]}
RESULT: undefined
COMMAND: POST /session/e7e046f545b47c9805ddcb78f08915f8/element - {"using":"xpath","value":"//*[@id=\"__xmlview59--costObjectAdminTypeComboBox-arrow\"]"}
RESULT: {}
RESULT: {"using":"xpath","value":"//*[@id=\"__xmlview59--costObjectAdminTypeComboBox-arrow\"]"}
COMMAND: POST /session/e7e046f545b47c9805ddcb78f08915f8/element/f.0B5413DFD1C3A3AA7B72F051E5DEC85E.d.8BE6A6972DA04A3CBEF81A6EEFC47F22.e.8444/click - {}
RESULT: {}
COMMAND: POST /session/e7e046f545b47c9805ddcb78f08915f8/execute/async - {"script":"<script> [1562 bytes]","args":[{"selector":{"controlType":"sap.m.StandardListItem","viewName":"etm.portal.ui.managerequests.view.NewRequest","properties":{"title":"Cost Center"},"searchOpenDialogs":true,"interaction":{"idSuffix":"titleText"}},"wdio_ui5_key":"etmportal.ui.managerequests.view.NewRequestsap.m.StandardListItem{\"title\":\"Cost Center\"}"}]}
COMMAND: GET /session/e7e046f545b47c9805ddcb78f08915f8/screenshot - {}
RESULT: {"script":"<script> [1562 bytes]","args":[{"selector":{"controlType":"sap.m.StandardListItem","viewName":"etm.portal.ui.managerequests.view.NewRequest","properties":{"title":"Cost Center"},"searchOpenDialogs":true,"interaction":{"idSuffix":"titleText"}},"wdio_ui5_key":"etmportal.ui.managerequests.view.NewRequestsap.m.StandardListItem{\"title\":\"Cost Center\"}"}]}
RESULT: undefined
COMMAND: POST /session/e7e046f545b47c9805ddcb78f08915f8/element - {"using":"xpath","value":"//*[@id=\"__item850\"]"}
RESULT: {}
RESULT: {"using":"xpath","value":"//*[@id=\"__item850\"]"}
COMMAND: POST /session/e7e046f545b47c9805ddcb78f08915f8/element/f.0B5413DFD1C3A3AA7B72F051E5DEC85E.d.8BE6A6972DA04A3CBEF81A6EEFC47F22.e.8447/click - {}
RESULT: {}
COMMAND: GET /session/e7e046f545b47c9805ddcb78f08915f8/screenshot - {}
RESULT: {}
COMMAND: POST /session/e7e046f545b47c9805ddcb78f08915f8/execute/async - {"script":"<script> [1562 bytes]","args":[{"selector":{"controlType":"sap.ui.core.Icon","viewName":"etm.portal.ui.managerequests.view.NewRequest","properties":{"src":{"regex":{"source":"value\\-help"}}},"searchOpenDialogs":true},"wdio_ui5_key":"etmportal.ui.managerequests.view.NewRequestsap.ui.core.Icon{\"src\":{\"regex\":{\"source\":\"value\\\\-help\"}}}"}]}
RESULT: {"script":"<script> [1562 bytes]","args":[{"selector":{"controlType":"sap.ui.core.Icon","viewName":"etm.portal.ui.managerequests.view.NewRequest","properties":{"src":{"regex":{"source":"value\\-help"}}},"searchOpenDialogs":true},"wdio_ui5_key":"etmportal.ui.managerequests.view.NewRequestsap.ui.core.Icon{\"src\":{\"regex\":{\"source\":\"value\\\\-help\"}}}"}]}
RESULT: undefined
COMMAND: POST /session/e7e046f545b47c9805ddcb78f08915f8/element - {"using":"xpath","value":"//*[@id=\"__xmlview59--costObjectIdComboBox-vhi\"]"}
RESULT: {"using":"xpath","value":"//*[@id=\"__xmlview59--costObjectIdComboBox-vhi\"]"}
COMMAND: POST /session/e7e046f545b47c9805ddcb78f08915f8/element/f.0B5413DFD1C3A3AA7B72F051E5DEC85E.d.8BE6A6972DA04A3CBEF81A6EEFC47F22.e.8454/click - {}
RESULT: {}
COMMAND: POST /session/e7e046f545b47c9805ddcb78f08915f8/execute/async - {"script":"<script> [1562 bytes]","args":[{"selector":{"controlType":"sap.m.SearchField","properties":{"placeholder":"Search"},"searchOpenDialogs":true,"interaction":{"idSuffix":"I"}},"wdio_ui5_key":"sapm.SearchField{\"placeholder\":\"Search\"}"}]}
COMMAND: GET /session/e7e046f545b47c9805ddcb78f08915f8/screenshot - {}
RESULT: {"script":"<script> [1562 bytes]","args":[{"selector":{"controlType":"sap.m.SearchField","properties":{"placeholder":"Search"},"searchOpenDialogs":true,"interaction":{"idSuffix":"I"}},"wdio_ui5_key":"sapm.SearchField{\"placeholder\":\"Search\"}"}]}
RESULT: undefined
COMMAND: POST /session/e7e046f545b47c9805ddcb78f08915f8/execute/async - {"script":"<script> [776 bytes]","args":[{"enterText":"10001010","selector":{"controlType":"sap.m.SearchField","properties":{"placeholder":"Search"},"searchOpenDialogs":true,"interaction":{"idSuffix":"I"}},"clearTextFirst":true,"interactionType":"ENTER_TEXT"}]}
RESULT: {}
RESULT: {"script":"<script> [776 bytes]","args":[{"enterText":"10001010","selector":{"controlType":"sap.m.SearchField","properties":{"placeholder":"Search"},"searchOpenDialogs":true,"interaction":{"idSuffix":"I"}},"clearTextFirst":true,"interactionType":"ENTER_TEXT"}]}
COMMAND: POST /session/e7e046f545b47c9805ddcb78f08915f8/actions - {"actions":[{"id":"action58","type":"key","parameters":{},"actions":[{"type":"keyDown","value":""},{"type":"pause","duration":10},{"type":"keyUp","value":""}]}]}
RESULT: {"actions":[{"id":"action58","type":"key","parameters":{},"actions":[{"type":"keyDown","value":""},{"type":"pause","duration":10},{"type":"keyUp","value":""}]}]}
COMMAND: GET /session/e7e046f545b47c9805ddcb78f08915f8/screenshot - {}
RESULT: {}
COMMAND: POST /session/e7e046f545b47c9805ddcb78f08915f8/execute/async - {"script":"<script> [1562 bytes]","args":[{"selector":{"controlType":"sap.m.Text","bindingPath":{"path":"/C_CostCtrValueHelp(CostCenter='10001010',ControllingArea='Z001')","propertyPath":"CostCenterName","modelName":"CostCenterModel"},"searchOpenDialogs":true},"wdio_ui5_key":"sapm.Text{\"path\":\"/C_CostCtrValueHelp(CostCenter='10001010',ControllingArea='Z001')\",\"propertyPath\":\"CostCenterName\",\"modelName\":\"CostCenterModel\"}"}]}
RESULT: {"script":"<script> [1562 bytes]","args":[{"selector":{"controlType":"sap.m.Text","bindingPath":{"path":"/C_CostCtrValueHelp(CostCenter='10001010',ControllingArea='Z001')","propertyPath":"CostCenterName","modelName":"CostCenterModel"},"searchOpenDialogs":true},"wdio_ui5_key":"sapm.Text{\"path\":\"/C_CostCtrValueHelp(CostCenter='10001010',ControllingArea='Z001')\",\"propertyPath\":\"CostCenterName\",\"modelName\":\"CostCenterModel\"}"}]}
RESULT: undefined
COMMAND: POST /session/e7e046f545b47c9805ddcb78f08915f8/element - {"using":"xpath","value":"//*[@id=\"__text550-__clone950\"]"}
RESULT: {"using":"xpath","value":"//*[@id=\"__text550-__clone950\"]"}
COMMAND: POST /session/e7e046f545b47c9805ddcb78f08915f8/element/f.0B5413DFD1C3A3AA7B72F051E5DEC85E.d.8BE6A6972DA04A3CBEF81A6EEFC47F22.e.8494/click - {}
RESULT: {}
COMMAND: POST /session/e7e046f545b47c9805ddcb78f08915f8/execute/async - {"script":"<script> [1562 bytes]","args":[{"selector":{"controlType":"sap.m.Button","properties":{"text":"OK"},"searchOpenDialogs":true,"interaction":{"idSuffix":"BDI-content"}},"wdio_ui5_key":"sapm.Button{\"text\":\"OK\"}"}]}
COMMAND: GET /session/e7e046f545b47c9805ddcb78f08915f8/screenshot - {}
RESULT: {"script":"<script> [1562 bytes]","args":[{"selector":{"controlType":"sap.m.Button","properties":{"text":"OK"},"searchOpenDialogs":true,"interaction":{"idSuffix":"BDI-content"}},"wdio_ui5_key":"sapm.Button{\"text\":\"OK\"}"}]}
RESULT: undefined
COMMAND: POST /session/e7e046f545b47c9805ddcb78f08915f8/element - {"using":"xpath","value":"//*[@id=\"__dialog2-ok\"]"}
RESULT: {}
RESULT: {"using":"xpath","value":"//*[@id=\"__dialog2-ok\"]"}
COMMAND: POST /session/e7e046f545b47c9805ddcb78f08915f8/element/f.0B5413DFD1C3A3AA7B72F051E5DEC85E.d.8BE6A6972DA04A3CBEF81A6EEFC47F22.e.8496/click - {}
RESULT: {}
COMMAND: GET /session/e7e046f545b47c9805ddcb78f08915f8/screenshot - {}
RESULT: {}
COMMAND: POST /session/e7e046f545b47c9805ddcb78f08915f8/execute/async - {"script":"<script> [1562 bytes]","args":[{"selector":{"controlType":"sap.m.Button","viewName":"etm.portal.ui.managerequests.view.NewRequest","i18NText":{"propertyName":"text","key":"save"},"searchOpenDialogs":true,"interaction":{"idSuffix":"BDI-content"}},"wdio_ui5_key":"etmportal.ui.managerequests.view.NewRequestsap.m.Button{\"propertyName\":\"text\",\"key\":\"save\"}"}]}
RESULT: {"script":"<script> [1562 bytes]","args":[{"selector":{"controlType":"sap.m.Button","viewName":"etm.portal.ui.managerequests.view.NewRequest","i18NText":{"propertyName":"text","key":"save"},"searchOpenDialogs":true,"interaction":{"idSuffix":"BDI-content"}},"wdio_ui5_key":"etmportal.ui.managerequests.view.NewRequestsap.m.Button{\"propertyName\":\"text\",\"key\":\"save\"}"}]}
RESULT: undefined
COMMAND: POST /session/e7e046f545b47c9805ddcb78f08915f8/element - {"using":"xpath","value":"//*[@id=\"__button91\"]"}
RESULT: {"using":"xpath","value":"//*[@id=\"__button91\"]"}
COMMAND: POST /session/e7e046f545b47c9805ddcb78f08915f8/element/f.0B5413DFD1C3A3AA7B72F051E5DEC85E.d.8BE6A6972DA04A3CBEF81A6EEFC47F22.e.8500/click - {}
RESULT: {}
COMMAND: GET /session/e7e046f545b47c9805ddcb78f08915f8/screenshot - {}
RESULT: {}
COMMAND: POST /session/e7e046f545b47c9805ddcb78f08915f8/execute/async - {"script":"<script> [1562 bytes]","args":[{"selector":{"controlType":"sap.m.Button","viewName":"etm.portal.ui.managerequests.view.NewRequest","i18NText":{"propertyName":"tooltip","key":"save"},"interaction":{"idSuffix":"content"}},"wdio_ui5_key":"etmportal.ui.managerequests.view.NewRequestsap.m.Button{\"propertyName\":\"tooltip\",\"key\":\"save\"}"}]}
RESULT: {"script":"<script> [1562 bytes]","args":[{"selector":{"controlType":"sap.m.Button","viewName":"etm.portal.ui.managerequests.view.NewRequest","i18NText":{"propertyName":"tooltip","key":"save"},"interaction":{"idSuffix":"content"}},"wdio_ui5_key":"etmportal.ui.managerequests.view.NewRequestsap.m.Button{\"propertyName\":\"tooltip\",\"key\":\"save\"}"}]}
RESULT: undefined
COMMAND: POST /session/e7e046f545b47c9805ddcb78f08915f8/element - {"using":"xpath","value":"//*[@id=\"__button80\"]"}
RESULT: {"using":"xpath","value":"//*[@id=\"__button80\"]"}
COMMAND: POST /session/e7e046f545b47c9805ddcb78f08915f8/element/f.0B5413DFD1C3A3AA7B72F051E5DEC85E.d.8BE6A6972DA04A3CBEF81A6EEFC47F22.e.8360/click - {}
RESULT: {}
COMMAND: GET /session/e7e046f545b47c9805ddcb78f08915f8/screenshot - {}
RESULT: {}
COMMAND: POST /session/e7e046f545b47c9805ddcb78f08915f8/execute/async - {"script":"<script> [1562 bytes]","args":[{"selector":{"controlType":"sap.m.Title","properties":{"text":"Success"},"searchOpenDialogs":true},"wdio_ui5_key":"sapm.Title{\"text\":\"Success\"}"}]}
RESULT: {"script":"<script> [1562 bytes]","args":[{"selector":{"controlType":"sap.m.Title","properties":{"text":"Success"},"searchOpenDialogs":true},"wdio_ui5_key":"sapm.Title{\"text\":\"Success\"}"}]}
RESULT: undefined
COMMAND: POST /session/e7e046f545b47c9805ddcb78f08915f8/execute/async - {"script":"<script> [6424 bytes]","args":[{"element-6066-11e4-a52e-4f735466cecf":"f.0B5413DFD1C3A3AA7B72F051E5DEC85E.d.8BE6A6972DA04A3CBEF81A6EEFC47F22.e.8505"},"getText",[]]}
RESULT: {"script":"<script> [6424 bytes]","args":[{"element-6066-11e4-a52e-4f735466cecf":"f.0B5413DFD1C3A3AA7B72F051E5DEC85E.d.8BE6A6972DA04A3CBEF81A6EEFC47F22.e.8505"},"getText",[]]}
COMMAND: POST /session/e7e046f545b47c9805ddcb78f08915f8/execute/async - {"script":"<script> [1562 bytes]","args":[{"selector":{"controlType":"sap.m.Button","properties":{"text":"Close"},"searchOpenDialogs":true,"interaction":{"idSuffix":"BDI-content"}},"wdio_ui5_key":"sapm.Button{\"text\":\"Close\"}"}]}
RESULT: {"script":"<script> [1562 bytes]","args":[{"selector":{"controlType":"sap.m.Button","properties":{"text":"Close"},"searchOpenDialogs":true,"interaction":{"idSuffix":"BDI-content"}},"wdio_ui5_key":"sapm.Button{\"text\":\"Close\"}"}]}
RESULT: undefined
COMMAND: POST /session/e7e046f545b47c9805ddcb78f08915f8/element - {"using":"xpath","value":"//*[@id=\"__mbox-btn-0\"]"}
RESULT: {"using":"xpath","value":"//*[@id=\"__mbox-btn-0\"]"}
COMMAND: POST /session/e7e046f545b47c9805ddcb78f08915f8/element/f.0B5413DFD1C3A3AA7B72F051E5DEC85E.d.8BE6A6972DA04A3CBEF81A6EEFC47F22.e.8504/click - {}
RESULT: {}
COMMAND: GET /session/e7e046f545b47c9805ddcb78f08915f8/screenshot - {}
COMMAND: POST /session/e7e046f545b47c9805ddcb78f08915f8/execute/async - {"script":"<script> [1562 bytes]","args":[{"selector":{"controlType":"sap.m.Button","viewName":"etm.portal.ui.managerequests.view.Detail","i18NText":{"propertyName":"text","key":"requestSpecifications"},"interaction":{"idSuffix":"BDI-content"}},"wdio_ui5_key":"etmportal.ui.managerequests.view.Detailsap.m.Button{\"propertyName\":\"text\",\"key\":\"requestSpecifications\"}"}]}
RESULT: {}
RESULT: {"script":"<script> [1562 bytes]","args":[{"selector":{"controlType":"sap.m.Button","viewName":"etm.portal.ui.managerequests.view.Detail","i18NText":{"propertyName":"text","key":"requestSpecifications"},"interaction":{"idSuffix":"BDI-content"}},"wdio_ui5_key":"etmportal.ui.managerequests.view.Detailsap.m.Button{\"propertyName\":\"text\",\"key\":\"requestSpecifications\"}"}]}
RESULT: undefined
COMMAND: POST /session/e7e046f545b47c9805ddcb78f08915f8/element - {"using":"xpath","value":"//*[@id=\"__button107-__clone989\"]"}
RESULT: {"using":"xpath","value":"//*[@id=\"__button107-__clone989\"]"}
COMMAND: POST /session/e7e046f545b47c9805ddcb78f08915f8/element/f.0B5413DFD1C3A3AA7B72F051E5DEC85E.d.8BE6A6972DA04A3CBEF81A6EEFC47F22.e.8620/click - {}
RESULT: {}
COMMAND: GET /session/e7e046f545b47c9805ddcb78f08915f8/screenshot - {}
RESULT: {}
COMMAND: POST /session/e7e046f545b47c9805ddcb78f08915f8/element - {"using":"xpath","value":"//input[@value=\"blue\"]"}
RESULT: {"using":"xpath","value":"//input[@value=\"blue\"]"}
COMMAND: POST /session/e7e046f545b47c9805ddcb78f08915f8/elements - {"using":"xpath","value":"//input[@value=\"blue\"]"}
RESULT: {"using":"xpath","value":"//input[@value=\"blue\"]"}
COMMAND: POST /session/e7e046f545b47c9805ddcb78f08915f8/execute/async - {"script":"<script> [1562 bytes]","args":[{"selector":{"id":"cancelRequestSpecificationsButton","viewName":"etm.portal.ui.managerequests.view.Detail","searchOpenDialogs":true,"interaction":{"idSuffix":"BDI-content"}},"wdio_ui5_key":"cancelRequestSpecificationsButtonetmportal.ui.managerequests.view.Detail"}]}
RESULT: {"script":"<script> [1562 bytes]","args":[{"selector":{"id":"cancelRequestSpecificationsButton","viewName":"etm.portal.ui.managerequests.view.Detail","searchOpenDialogs":true,"interaction":{"idSuffix":"BDI-content"}},"wdio_ui5_key":"cancelRequestSpecificationsButtonetmportal.ui.managerequests.view.Detail"}]}
RESULT: undefined
COMMAND: POST /session/e7e046f545b47c9805ddcb78f08915f8/element - {"using":"xpath","value":"//*[@id=\"__xmlview60--cancelRequestSpecificationsButton\"]"}
RESULT: {"using":"xpath","value":"//*[@id=\"__xmlview60--cancelRequestSpecificationsButton\"]"}
COMMAND: POST /session/e7e046f545b47c9805ddcb78f08915f8/element/f.0B5413DFD1C3A3AA7B72F051E5DEC85E.d.8BE6A6972DA04A3CBEF81A6EEFC47F22.e.8632/click - {}
RESULT: {}
COMMAND: POST /session/e7e046f545b47c9805ddcb78f08915f8/element - {"using":"css selector","value":"#shell-header-logo"}
COMMAND: GET /session/e7e046f545b47c9805ddcb78f08915f8/screenshot - {}
RESULT: {"using":"css selector","value":"#shell-header-logo"}
COMMAND: POST /session/e7e046f545b47c9805ddcb78f08915f8/element/f.0B5413DFD1C3A3AA7B72F051E5DEC85E.d.8BE6A6972DA04A3CBEF81A6EEFC47F22.e.8058/click - {}
RESULT: {}
RESULT: {}
COMMAND: GET /session/e7e046f545b47c9805ddcb78f08915f8/screenshot - {}
RESULT: {}
]]></system-out>
    </testcase>
  </testsuite>
  <testsuite timestamp="2025-05-30T16:09:00" time="336.566" tests="3" failures="1" errors="1" skipped="0">
    <properties>
      <property name="specId" value="0"/>
      <property name="suiteName" value="Reserve/Unreserve request item via reserve option US139161"/>
      <property name="capabilities" value="chrome.136_0_7103_93.windows"/>
      <property name="file" value="file:///D:/a/1/s/test/specs/R2C/reserve-unreserve-request-item-via-reserve-option.spec.js"/>
    </properties>
    <testcase classname="chrome.136_0_7103_93.windows.Reserve/Unreserve_request_item_via_reserve_option_US139161" name="Should add the material to the catalog item" time="100.84">
      <system-out><![CDATA[
COMMAND: POST /session/e7e046f545b47c9805ddcb78f08915f8/execute/async - {"script":"<script> [1562 bytes]","args":[{"selector":{"controlType":"sap.m.GenericTile","properties":{"header":"Manage Catalogs"}},"wdio_ui5_key":"sapm.GenericTile{\"header\":\"Manage Catalogs\"}"}]}
RESULT: {"script":"<script> [1562 bytes]","args":[{"selector":{"controlType":"sap.m.GenericTile","properties":{"header":"Manage Catalogs"}},"wdio_ui5_key":"sapm.GenericTile{\"header\":\"Manage Catalogs\"}"}]}
RESULT: undefined
COMMAND: POST /session/e7e046f545b47c9805ddcb78f08915f8/element - {"using":"xpath","value":"//*[@id=\"__tile37\"]"}
RESULT: {"using":"xpath","value":"//*[@id=\"__tile37\"]"}
COMMAND: POST /session/e7e046f545b47c9805ddcb78f08915f8/element/f.0B5413DFD1C3A3AA7B72F051E5DEC85E.d.8BE6A6972DA04A3CBEF81A6EEFC47F22.e.8640/click - {}
RESULT: {}
COMMAND: GET /session/e7e046f545b47c9805ddcb78f08915f8/screenshot - {}
RESULT: {}
COMMAND: POST /session/e7e046f545b47c9805ddcb78f08915f8/elements - {"using":"xpath","value":"//span[text()='Error']"}
RESULT: {"using":"xpath","value":"//span[text()='Error']"}
COMMAND: POST /session/e7e046f545b47c9805ddcb78f08915f8/execute/async - {"script":"<script> [1562 bytes]","args":[{"selector":{"controlType":"sap.m.Text","viewName":"etm.portal.ui.managecatalogs.view.MasterCatalogs","viewId":"application-managecatalogs-display-component---masterCatalogs","bindingPath":{"path":"/Catalogs('0D7502D073D53A0F1700BE067B89AFF9')","propertyPath":"DESCRIPTION","modelName":"catalogModel"}},"wdio_ui5_key":"etmportal.ui.managecatalogs.view.MasterCatalogssap.m.Text{\"path\":\"/Catalogs('0D7502D073D53A0F1700BE067B89AFF9')\",\"propertyPath\":\"DESCRIPTION\",\"modelName\":\"catalogModel\"}"}]}
RESULT: {"script":"<script> [1562 bytes]","args":[{"selector":{"controlType":"sap.m.Text","viewName":"etm.portal.ui.managecatalogs.view.MasterCatalogs","viewId":"application-managecatalogs-display-component---masterCatalogs","bindingPath":{"path":"/Catalogs('0D7502D073D53A0F1700BE067B89AFF9')","propertyPath":"DESCRIPTION","modelName":"catalogModel"}},"wdio_ui5_key":"etmportal.ui.managecatalogs.view.MasterCatalogssap.m.Text{\"path\":\"/Catalogs('0D7502D073D53A0F1700BE067B89AFF9')\",\"propertyPath\":\"DESCRIPTION\",\"modelName\":\"catalogModel\"}"}]}
RESULT: undefined
COMMAND: POST /session/e7e046f545b47c9805ddcb78f08915f8/element - {"using":"xpath","value":"//*[@id=\"__text685-application-managecatalogs-display-component---masterCatalogs--CatalogsTable-11\"]"}
RESULT: {"using":"xpath","value":"//*[@id=\"__text685-application-managecatalogs-display-component---masterCatalogs--CatalogsTable-11\"]"}
COMMAND: POST /session/e7e046f545b47c9805ddcb78f08915f8/element/f.0B5413DFD1C3A3AA7B72F051E5DEC85E.d.8BE6A6972DA04A3CBEF81A6EEFC47F22.e.8709/click - {}
RESULT: {}
RESULT: undefined
COMMAND: POST /session/e7e046f545b47c9805ddcb78f08915f8/execute/async - {"script":"<script> [776 bytes]","args":[{"enterText":"catalogItemuzgzx","selector":{"id":"application-managecatalogs-display-component---masterCatalogItems--searchItemsField","interaction":{"idSuffix":"I"}},"clearTextFirst":true,"interactionType":"ENTER_TEXT"}]}
COMMAND: GET /session/e7e046f545b47c9805ddcb78f08915f8/screenshot - {}
RESULT: {"script":"<script> [776 bytes]","args":[{"enterText":"catalogItemuzgzx","selector":{"id":"application-managecatalogs-display-component---masterCatalogItems--searchItemsField","interaction":{"idSuffix":"I"}},"clearTextFirst":true,"interactionType":"ENTER_TEXT"}]}
COMMAND: POST /session/e7e046f545b47c9805ddcb78f08915f8/actions - {"actions":[{"id":"action59","type":"key","parameters":{},"actions":[{"type":"keyDown","value":""},{"type":"pause","duration":10},{"type":"keyUp","value":""}]}]}
RESULT: {}
RESULT: {"actions":[{"id":"action59","type":"key","parameters":{},"actions":[{"type":"keyDown","value":""},{"type":"pause","duration":10},{"type":"keyUp","value":""}]}]}
COMMAND: POST /session/e7e046f545b47c9805ddcb78f08915f8/element - {"using":"xpath","value":"(//span[contains(text(), \"catalogItemuzgzx\")])[1]"}
COMMAND: GET /session/e7e046f545b47c9805ddcb78f08915f8/screenshot - {}
RESULT: {"using":"xpath","value":"(//span[contains(text(), \"catalogItemuzgzx\")])[1]"}
COMMAND: POST /session/e7e046f545b47c9805ddcb78f08915f8/element/f.0B5413DFD1C3A3AA7B72F051E5DEC85E.d.8BE6A6972DA04A3CBEF81A6EEFC47F22.e.8747/click - {}
RESULT: {}
RESULT: {}
COMMAND: GET /session/e7e046f545b47c9805ddcb78f08915f8/screenshot - {}
RESULT: {}
COMMAND: POST /session/e7e046f545b47c9805ddcb78f08915f8/element - {"using":"xpath","value":"//*[contains(@id ,\"BDI-content\")][contains(text(), \"Edit\")]"}
RESULT: {"using":"xpath","value":"//*[contains(@id ,\"BDI-content\")][contains(text(), \"Edit\")]"}
COMMAND: POST /session/e7e046f545b47c9805ddcb78f08915f8/element/f.0B5413DFD1C3A3AA7B72F051E5DEC85E.d.8BE6A6972DA04A3CBEF81A6EEFC47F22.e.8827/click - {}
RESULT: {}
COMMAND: GET /session/e7e046f545b47c9805ddcb78f08915f8/screenshot - {}
RESULT: {}
COMMAND: POST /session/e7e046f545b47c9805ddcb78f08915f8/element - {"using":"xpath","value":"//bdi[contains(text(), \"Assigned Resources\")]"}
RESULT: {"using":"xpath","value":"//bdi[contains(text(), \"Assigned Resources\")]"}
COMMAND: POST /session/e7e046f545b47c9805ddcb78f08915f8/element/f.0B5413DFD1C3A3AA7B72F051E5DEC85E.d.8BE6A6972DA04A3CBEF81A6EEFC47F22.e.8853/click - {}
RESULT: {}
COMMAND: GET /session/e7e046f545b47c9805ddcb78f08915f8/screenshot - {}
RESULT: {}
COMMAND: POST /session/e7e046f545b47c9805ddcb78f08915f8/element - {"using":"xpath","value":"//button[contains(@data-kt ,\"catalogItemAssignRuButton\")]"}
RESULT: {"using":"xpath","value":"//button[contains(@data-kt ,\"catalogItemAssignRuButton\")]"}
COMMAND: POST /session/e7e046f545b47c9805ddcb78f08915f8/element/f.0B5413DFD1C3A3AA7B72F051E5DEC85E.d.8BE6A6972DA04A3CBEF81A6EEFC47F22.e.8859/click - {}
RESULT: {}
COMMAND: GET /session/e7e046f545b47c9805ddcb78f08915f8/screenshot - {}
RESULT: {}
COMMAND: POST /session/e7e046f545b47c9805ddcb78f08915f8/actions - {"actions":[{"id":"action60","type":"key","parameters":{},"actions":[{"type":"keyDown","value":""},{"type":"pause","duration":10},{"type":"keyUp","value":""}]}]}
RESULT: {"actions":[{"id":"action60","type":"key","parameters":{},"actions":[{"type":"keyDown","value":""},{"type":"pause","duration":10},{"type":"keyUp","value":""}]}]}
COMMAND: GET /session/e7e046f545b47c9805ddcb78f08915f8/screenshot - {}
RESULT: {}
COMMAND: POST /session/e7e046f545b47c9805ddcb78f08915f8/execute/async - {"script":"<script> [1562 bytes]","args":[{"selector":{"id":"application-managecatalogs-display-component---detailCatalog--assignRUSearchField-vhi","searchOpenDialogs":true},"wdio_ui5_key":"applicationmanagecatalogs-display-component---detailCatalog--assignRUSearchField-vhi"}]}
RESULT: {"script":"<script> [1562 bytes]","args":[{"selector":{"id":"application-managecatalogs-display-component---detailCatalog--assignRUSearchField-vhi","searchOpenDialogs":true},"wdio_ui5_key":"applicationmanagecatalogs-display-component---detailCatalog--assignRUSearchField-vhi"}]}
RESULT: undefined
COMMAND: POST /session/e7e046f545b47c9805ddcb78f08915f8/element - {"using":"xpath","value":"//*[@id=\"application-managecatalogs-display-component---detailCatalog--assignRUSearchField-vhi\"]"}
RESULT: {"using":"xpath","value":"//*[@id=\"application-managecatalogs-display-component---detailCatalog--assignRUSearchField-vhi\"]"}
COMMAND: POST /session/e7e046f545b47c9805ddcb78f08915f8/element/f.0B5413DFD1C3A3AA7B72F051E5DEC85E.d.8BE6A6972DA04A3CBEF81A6EEFC47F22.e.8877/click - {}
RESULT: {}
COMMAND: GET /session/e7e046f545b47c9805ddcb78f08915f8/screenshot - {}
RESULT: {}
COMMAND: POST /session/e7e046f545b47c9805ddcb78f08915f8/element - {"using":"xpath","value":"//input[contains(@id ,\"searchField-I\")]"}
RESULT: {"using":"xpath","value":"//input[contains(@id ,\"searchField-I\")]"}
COMMAND: POST /session/e7e046f545b47c9805ddcb78f08915f8/element/f.0B5413DFD1C3A3AA7B72F051E5DEC85E.d.8BE6A6972DA04A3CBEF81A6EEFC47F22.e.8880/clear - {}
RESULT: {}
COMMAND: POST /session/e7e046f545b47c9805ddcb78f08915f8/element/f.0B5413DFD1C3A3AA7B72F051E5DEC85E.d.8BE6A6972DA04A3CBEF81A6EEFC47F22.e.8880/value - {"text":"WebdriverMatTestwll92"}
COMMAND: GET /session/e7e046f545b47c9805ddcb78f08915f8/screenshot - {}
RESULT: {"text":"WebdriverMatTestwll92"}
COMMAND: GET /session/e7e046f545b47c9805ddcb78f08915f8/screenshot - {}
COMMAND: POST /session/e7e046f545b47c9805ddcb78f08915f8/actions - {"actions":[{"id":"action61","type":"key","parameters":{},"actions":[{"type":"keyDown","value":""},{"type":"pause","duration":10},{"type":"keyUp","value":""}]}]}
RESULT: {}
RESULT: {}
RESULT: {"actions":[{"id":"action61","type":"key","parameters":{},"actions":[{"type":"keyDown","value":""},{"type":"pause","duration":10},{"type":"keyUp","value":""}]}]}
COMMAND: GET /session/e7e046f545b47c9805ddcb78f08915f8/screenshot - {}
RESULT: {}
COMMAND: POST /session/e7e046f545b47c9805ddcb78f08915f8/actions - {"actions":[{"id":"action62","type":"key","parameters":{},"actions":[{"type":"keyDown","value":""},{"type":"pause","duration":10},{"type":"keyUp","value":""}]}]}
RESULT: {"actions":[{"id":"action62","type":"key","parameters":{},"actions":[{"type":"keyDown","value":""},{"type":"pause","duration":10},{"type":"keyUp","value":""}]}]}
COMMAND: GET /session/e7e046f545b47c9805ddcb78f08915f8/screenshot - {}
RESULT: {}
COMMAND: POST /session/e7e046f545b47c9805ddcb78f08915f8/actions - {"actions":[{"id":"action63","type":"key","parameters":{},"actions":[{"type":"keyDown","value":""},{"type":"pause","duration":10},{"type":"keyUp","value":""}]}]}
RESULT: {"actions":[{"id":"action63","type":"key","parameters":{},"actions":[{"type":"keyDown","value":""},{"type":"pause","duration":10},{"type":"keyUp","value":""}]}]}
COMMAND: GET /session/e7e046f545b47c9805ddcb78f08915f8/screenshot - {}
RESULT: {}
COMMAND: POST /session/e7e046f545b47c9805ddcb78f08915f8/element - {"using":"xpath","value":"//bdi[contains(@id ,\"application-managecatalogs-display-component---detailCatalog--RUAssignmentSaveButton-BDI-content\")]"}
RESULT: {"using":"xpath","value":"//bdi[contains(@id ,\"application-managecatalogs-display-component---detailCatalog--RUAssignmentSaveButton-BDI-content\")]"}
COMMAND: POST /session/e7e046f545b47c9805ddcb78f08915f8/element/f.0B5413DFD1C3A3AA7B72F051E5DEC85E.d.8BE6A6972DA04A3CBEF81A6EEFC47F22.e.8909/click - {}
RESULT: {}
COMMAND: GET /session/e7e046f545b47c9805ddcb78f08915f8/screenshot - {}
RESULT: {}
COMMAND: POST /session/e7e046f545b47c9805ddcb78f08915f8/element - {"using":"xpath","value":"//bdi[contains(text(), \"Save\")]"}
RESULT: {"using":"xpath","value":"//bdi[contains(text(), \"Save\")]"}
COMMAND: POST /session/e7e046f545b47c9805ddcb78f08915f8/element/f.0B5413DFD1C3A3AA7B72F051E5DEC85E.d.8BE6A6972DA04A3CBEF81A6EEFC47F22.e.8933/click - {}
RESULT: {}
COMMAND: GET /session/e7e046f545b47c9805ddcb78f08915f8/screenshot - {}
RESULT: {}
COMMAND: POST /session/e7e046f545b47c9805ddcb78f08915f8/element - {"using":"css selector","value":"#shell-header-logo"}
RESULT: {"using":"css selector","value":"#shell-header-logo"}
COMMAND: POST /session/e7e046f545b47c9805ddcb78f08915f8/element/f.0B5413DFD1C3A3AA7B72F051E5DEC85E.d.8BE6A6972DA04A3CBEF81A6EEFC47F22.e.8644/click - {}
RESULT: {}
COMMAND: GET /session/e7e046f545b47c9805ddcb78f08915f8/screenshot - {}
RESULT: {}
COMMAND: POST /session/e7e046f545b47c9805ddcb78f08915f8/refresh - {}
RESULT: {}
COMMAND: GET /session/e7e046f545b47c9805ddcb78f08915f8/screenshot - {}
RESULT: {}
COMMAND: POST /session/e7e046f545b47c9805ddcb78f08915f8/execute/async - {"script":"<script> [189 bytes]","args":[]}
RESULT: {"script":"<script> [189 bytes]","args":[]}
COMMAND: POST /session/e7e046f545b47c9805ddcb78f08915f8/execute/async - {"script":"<script> [123 bytes]","args":[]}
RESULT: {"script":"<script> [123 bytes]","args":[]}
COMMAND: POST /session/e7e046f545b47c9805ddcb78f08915f8/timeouts - {"script":"<number>"}
RESULT: {"script":"<number>"}
COMMAND: GET /session/e7e046f545b47c9805ddcb78f08915f8/timeouts - {}
RESULT: {}
RESULT: undefined
COMMAND: POST /session/e7e046f545b47c9805ddcb78f08915f8/execute/async - {"script":"<script> [2676 bytes]","args":[]}
RESULT: {"script":"<script> [2676 bytes]","args":[]}
COMMAND: POST /session/e7e046f545b47c9805ddcb78f08915f8/execute/async - {"script":"<script> [2342 bytes]","args":[{"protocol":"http","hostname":"0.0.0.0","path":"/","capabilities":{"browserName":"chrome","goog:chromeOptions":{"binary":"C:\\Program Files\\Google\\Chrome\\Application\\chrome.exe","args":["--start-maximized"]}},"logLevel":"warn","connectionRetryTimeout":120000,"connectionRetryCount":3,"logLevels":{},"enableDirectConnect":true,"strictSSL":true,"_":"65 more keys: [\"cacheDir\",\"port\",\"requestedCapabilities\",\"automationProtocol\",\"baseUrl\",\"waitforInterval\",\"waitforTimeout\",\"onReload\",\"beforeCommand\",\"afterCommand\",\"rootDir\",\"specs\",\"suites\",\"exclude\",\"groupLogsByTestSpec\",\"excludeDriverLogs\",\"bail\",\"framework\",\"reporters\",\"services\",\"maxInstances\",\"maxInstancesPerCapability\",\"injectGlobals\",\"filesToWatch\",\"execArgv\",\"runnerEnv\",\"runner\",\"shard\",\"specFileRetries\",\"specFileRetriesDelay\",\"specFileRetriesDeferred\",\"reporterSyncInterval\",\"reporterSyncTimeout\",\"cucumberFeaturesWithLineNumbers\",\"autoCompileOpts\",\"mochaOpts\",\"jasmineOpts\",\"cucumberOpts\",\"onPrepare\",\"onWorkerStart\",\"onWorkerEnd\",\"before\",\"beforeSession\",\"beforeSuite\",\"beforeHook\",\"beforeTest\",\"afterTest\",\"afterHook\",\"afterSuite\",\"afterSession\",\"after\",\"onComplete\",\"beforeAssertion\",\"afterAssertion\",\"beforeFeature\",\"beforeScenario\",\"beforeStep\",\"afterStep\",\"afterScenario\",\"afterFeature\",\"_\",\"suite\",\"$0\",\"ignoredWorkerServices\",\"wdi5\"]"}]}
RESULT: {"script":"<script> [2342 bytes]","args":[{"protocol":"http","hostname":"0.0.0.0","path":"/","capabilities":{"browserName":"chrome","goog:chromeOptions":{"binary":"C:\\Program Files\\Google\\Chrome\\Application\\chrome.exe","args":["--start-maximized"]}},"logLevel":"warn","connectionRetryTimeout":120000,"connectionRetryCount":3,"logLevels":{},"enableDirectConnect":true,"strictSSL":true,"_":"65 more keys: [\"cacheDir\",\"port\",\"requestedCapabilities\",\"automationProtocol\",\"baseUrl\",\"waitforInterval\",\"waitforTimeout\",\"onReload\",\"beforeCommand\",\"afterCommand\",\"rootDir\",\"specs\",\"suites\",\"exclude\",\"groupLogsByTestSpec\",\"excludeDriverLogs\",\"bail\",\"framework\",\"reporters\",\"services\",\"maxInstances\",\"maxInstancesPerCapability\",\"injectGlobals\",\"filesToWatch\",\"execArgv\",\"runnerEnv\",\"runner\",\"shard\",\"specFileRetries\",\"specFileRetriesDelay\",\"specFileRetriesDeferred\",\"reporterSyncInterval\",\"reporterSyncTimeout\",\"cucumberFeaturesWithLineNumbers\",\"autoCompileOpts\",\"mochaOpts\",\"jasmineOpts\",\"cucumberOpts\",\"onPrepare\",\"onWorkerStart\",\"onWorkerEnd\",\"before\",\"beforeSession\",\"beforeSuite\",\"beforeHook\",\"beforeTest\",\"afterTest\",\"afterHook\",\"afterSuite\",\"afterSession\",\"after\",\"onComplete\",\"beforeAssertion\",\"afterAssertion\",\"beforeFeature\",\"beforeScenario\",\"beforeStep\",\"afterStep\",\"afterScenario\",\"afterFeature\",\"_\",\"suite\",\"$0\",\"ignoredWorkerServices\",\"wdi5\"]"}]}
COMMAND: POST /session/e7e046f545b47c9805ddcb78f08915f8/execute/async - {"script":"<script> [21126 bytes]","args":[35000]}
RESULT: {"script":"<script> [21126 bytes]","args":[35000]}
]]></system-out>
    </testcase>
    <testcase classname="chrome.136_0_7103_93.windows.Reserve/Unreserve_request_item_via_reserve_option_US139161" name="Should create a new request with a catalog item that can be planned" time="175.668">
      <system-out><![CDATA[
COMMAND: POST /session/e7e046f545b47c9805ddcb78f08915f8/execute/async - {"script":"<script> [1562 bytes]","args":[{"selector":{"controlType":"sap.m.GenericTile","properties":{"header":"Manage Requests"}},"wdio_ui5_key":"sapm.GenericTile{\"header\":\"Manage Requests\"}"}]}
RESULT: {"script":"<script> [1562 bytes]","args":[{"selector":{"controlType":"sap.m.GenericTile","properties":{"header":"Manage Requests"}},"wdio_ui5_key":"sapm.GenericTile{\"header\":\"Manage Requests\"}"}]}
RESULT: undefined
COMMAND: POST /session/e7e046f545b47c9805ddcb78f08915f8/element - {"using":"xpath","value":"//*[@id=\"__tile47\"]"}
RESULT: {"using":"xpath","value":"//*[@id=\"__tile47\"]"}
COMMAND: POST /session/e7e046f545b47c9805ddcb78f08915f8/element/f.0B5413DFD1C3A3AA7B72F051E5DEC85E.d.6A561BEF021B3CCA4D64A91F0C88F171.e.8965/click - {}
RESULT: {}
COMMAND: GET /session/e7e046f545b47c9805ddcb78f08915f8/screenshot - {}
RESULT: {}
COMMAND: POST /session/e7e046f545b47c9805ddcb78f08915f8/elements - {"using":"xpath","value":"//span[text()='Error']"}
RESULT: {"using":"xpath","value":"//span[text()='Error']"}
COMMAND: POST /session/e7e046f545b47c9805ddcb78f08915f8/element - {"using":"xpath","value":"//button[contains(@data-kt ,\"btnCreateNewOverflowToolbarButton\")]"}
COMMAND: POST /session/e7e046f545b47c9805ddcb78f08915f8/element - {"using":"xpath","value":"(//span[contains(@class ,\"sapMObjStatusText\")])[1]"}
RESULT: {"using":"xpath","value":"//button[contains(@data-kt ,\"btnCreateNewOverflowToolbarButton\")]"}
COMMAND: POST /session/e7e046f545b47c9805ddcb78f08915f8/element/f.0B5413DFD1C3A3AA7B72F051E5DEC85E.d.6A561BEF021B3CCA4D64A91F0C88F171.e.9022/click - {}
RESULT: {"using":"xpath","value":"(//span[contains(@class ,\"sapMObjStatusText\")])[1]"}
COMMAND: POST /session/e7e046f545b47c9805ddcb78f08915f8/execute/sync - {"script":"<script> [8489 bytes]","args":[{"element-6066-11e4-a52e-4f735466cecf":"f.0B5413DFD1C3A3AA7B72F051E5DEC85E.d.6A561BEF021B3CCA4D64A91F0C88F171.e.9061","ELEMENT":"f.0B5413DFD1C3A3AA7B72F051E5DEC85E.d.6A561BEF021B3CCA4D64A91F0C88F171.e.9061"}]}
RESULT: {}
COMMAND: GET /session/e7e046f545b47c9805ddcb78f08915f8/screenshot - {}
RESULT: {"script":"<script> [8489 bytes]","args":[{"element-6066-11e4-a52e-4f735466cecf":"f.0B5413DFD1C3A3AA7B72F051E5DEC85E.d.6A561BEF021B3CCA4D64A91F0C88F171.e.9061","ELEMENT":"f.0B5413DFD1C3A3AA7B72F051E5DEC85E.d.6A561BEF021B3CCA4D64A91F0C88F171.e.9061"}]}
COMMAND: GET /session/e7e046f545b47c9805ddcb78f08915f8/screenshot - {}
RESULT: {}
RESULT: {}
COMMAND: POST /session/e7e046f545b47c9805ddcb78f08915f8/element - {"using":"xpath","value":"//input[contains(@id ,\"yardId-inner\")]"}
RESULT: {"using":"xpath","value":"//input[contains(@id ,\"yardId-inner\")]"}
COMMAND: POST /session/e7e046f545b47c9805ddcb78f08915f8/execute/sync - {"script":"<script> [8489 bytes]","args":[{"element-6066-11e4-a52e-4f735466cecf":"f.0B5413DFD1C3A3AA7B72F051E5DEC85E.d.6A561BEF021B3CCA4D64A91F0C88F171.e.9153","ELEMENT":"f.0B5413DFD1C3A3AA7B72F051E5DEC85E.d.6A561BEF021B3CCA4D64A91F0C88F171.e.9153"}]}
RESULT: {"script":"<script> [8489 bytes]","args":[{"element-6066-11e4-a52e-4f735466cecf":"f.0B5413DFD1C3A3AA7B72F051E5DEC85E.d.6A561BEF021B3CCA4D64A91F0C88F171.e.9153","ELEMENT":"f.0B5413DFD1C3A3AA7B72F051E5DEC85E.d.6A561BEF021B3CCA4D64A91F0C88F171.e.9153"}]}
COMMAND: POST /session/e7e046f545b47c9805ddcb78f08915f8/element - {"using":"xpath","value":"//input[contains(@id ,\"yardId-inner\")]"}
COMMAND: GET /session/e7e046f545b47c9805ddcb78f08915f8/screenshot - {}
RESULT: {"using":"xpath","value":"//input[contains(@id ,\"yardId-inner\")]"}
COMMAND: GET /session/e7e046f545b47c9805ddcb78f08915f8/element/f.0B5413DFD1C3A3AA7B72F051E5DEC85E.d.6A561BEF021B3CCA4D64A91F0C88F171.e.9153/enabled - {}
RESULT: {}
RESULT: {}
COMMAND: POST /session/e7e046f545b47c9805ddcb78f08915f8/element/f.0B5413DFD1C3A3AA7B72F051E5DEC85E.d.6A561BEF021B3CCA4D64A91F0C88F171.e.9153/clear - {}
COMMAND: GET /session/e7e046f545b47c9805ddcb78f08915f8/screenshot - {}
RESULT: {}
COMMAND: POST /session/e7e046f545b47c9805ddcb78f08915f8/element/f.0B5413DFD1C3A3AA7B72F051E5DEC85E.d.6A561BEF021B3CCA4D64A91F0C88F171.e.9153/value - {"text":"WebdriverYard5b5aq"}
COMMAND: GET /session/e7e046f545b47c9805ddcb78f08915f8/screenshot - {}
RESULT: {}
RESULT: {"text":"WebdriverYard5b5aq"}
COMMAND: GET /session/e7e046f545b47c9805ddcb78f08915f8/screenshot - {}
RESULT: {}
RESULT: {}
COMMAND: POST /session/e7e046f545b47c9805ddcb78f08915f8/element - {"using":"xpath","value":"//input[contains(@id ,\"customerNumber-inner\")]"}
RESULT: {"using":"xpath","value":"//input[contains(@id ,\"customerNumber-inner\")]"}
COMMAND: POST /session/e7e046f545b47c9805ddcb78f08915f8/element/f.0B5413DFD1C3A3AA7B72F051E5DEC85E.d.6A561BEF021B3CCA4D64A91F0C88F171.e.9147/value - {"text":"WebdriverPartnerds2fo"}
COMMAND: POST /session/e7e046f545b47c9805ddcb78f08915f8/actions - {"actions":[{"id":"action64","type":"key","parameters":{},"actions":[{"type":"keyDown","value":""},{"type":"pause","duration":10},{"type":"keyUp","value":""}]}]}
RESULT: {"actions":[{"id":"action64","type":"key","parameters":{},"actions":[{"type":"keyDown","value":""},{"type":"pause","duration":10},{"type":"keyUp","value":""}]}]}
COMMAND: GET /session/e7e046f545b47c9805ddcb78f08915f8/screenshot - {}
RESULT: {"text":"WebdriverPartnerds2fo"}
COMMAND: GET /session/e7e046f545b47c9805ddcb78f08915f8/screenshot - {}
RESULT: {}
RESULT: {}
COMMAND: POST /session/e7e046f545b47c9805ddcb78f08915f8/actions - {"actions":[{"id":"action65","type":"key","parameters":{},"actions":[{"type":"keyDown","value":""},{"type":"pause","duration":10},{"type":"keyUp","value":""}]}]}
RESULT: {"actions":[{"id":"action65","type":"key","parameters":{},"actions":[{"type":"keyDown","value":""},{"type":"pause","duration":10},{"type":"keyUp","value":""}]}]}
COMMAND: GET /session/e7e046f545b47c9805ddcb78f08915f8/screenshot - {}
RESULT: {}
COMMAND: GET /session/e7e046f545b47c9805ddcb78f08915f8/element/f.0B5413DFD1C3A3AA7B72F051E5DEC85E.d.6A561BEF021B3CCA4D64A91F0C88F171.e.9147/property/value - {}
RESULT: {}
COMMAND: GET /session/e7e046f545b47c9805ddcb78f08915f8/screenshot - {}
RESULT: {}
COMMAND: POST /session/e7e046f545b47c9805ddcb78f08915f8/element - {"using":"xpath","value":"//input[contains(@id ,\"requestSiteId-inner\")]"}
RESULT: {"using":"xpath","value":"//input[contains(@id ,\"requestSiteId-inner\")]"}
COMMAND: POST /session/e7e046f545b47c9805ddcb78f08915f8/element/f.0B5413DFD1C3A3AA7B72F051E5DEC85E.d.6A561BEF021B3CCA4D64A91F0C88F171.e.9146/value - {"text":"WebdriverSiteivrw1"}
RESULT: {"text":"WebdriverSiteivrw1"}
COMMAND: GET /session/e7e046f545b47c9805ddcb78f08915f8/screenshot - {}
RESULT: {}
COMMAND: POST /session/e7e046f545b47c9805ddcb78f08915f8/actions - {"actions":[{"id":"action66","type":"key","parameters":{},"actions":[{"type":"keyDown","value":""},{"type":"pause","duration":10},{"type":"keyUp","value":""}]}]}
RESULT: {"actions":[{"id":"action66","type":"key","parameters":{},"actions":[{"type":"keyDown","value":""},{"type":"pause","duration":10},{"type":"keyUp","value":""}]}]}
COMMAND: GET /session/e7e046f545b47c9805ddcb78f08915f8/screenshot - {}
RESULT: {}
COMMAND: POST /session/e7e046f545b47c9805ddcb78f08915f8/element - {"using":"xpath","value":"//button[contains(@data-kt ,\"requestItemAddOverflowToolbarButton\")]"}
RESULT: {"using":"xpath","value":"//button[contains(@data-kt ,\"requestItemAddOverflowToolbarButton\")]"}
COMMAND: POST /session/e7e046f545b47c9805ddcb78f08915f8/element/f.0B5413DFD1C3A3AA7B72F051E5DEC85E.d.6A561BEF021B3CCA4D64A91F0C88F171.e.9314/click - {}
RESULT: {}
COMMAND: GET /session/e7e046f545b47c9805ddcb78f08915f8/screenshot - {}
RESULT: {}
COMMAND: POST /session/e7e046f545b47c9805ddcb78f08915f8/actions - {"actions":[{"id":"action67","type":"key","parameters":{},"actions":[{"type":"keyDown","value":""},{"type":"pause","duration":10},{"type":"keyUp","value":""}]}]}
RESULT: {"actions":[{"id":"action67","type":"key","parameters":{},"actions":[{"type":"keyDown","value":""},{"type":"pause","duration":10},{"type":"keyUp","value":""}]}]}
COMMAND: POST /session/e7e046f545b47c9805ddcb78f08915f8/actions - {"actions":[{"id":"action68","type":"key","parameters":{},"actions":[{"type":"keyDown","value":""},{"type":"pause","duration":10},{"type":"keyUp","value":""}]}]}
COMMAND: GET /session/e7e046f545b47c9805ddcb78f08915f8/screenshot - {}
RESULT: {}
RESULT: {"actions":[{"id":"action68","type":"key","parameters":{},"actions":[{"type":"keyDown","value":""},{"type":"pause","duration":10},{"type":"keyUp","value":""}]}]}
COMMAND: POST /session/e7e046f545b47c9805ddcb78f08915f8/element - {"using":"xpath","value":"(//input[contains(@id ,\"requestItemsTable-0-inner\")])[1]"}
COMMAND: GET /session/e7e046f545b47c9805ddcb78f08915f8/screenshot - {}
RESULT: {"using":"xpath","value":"(//input[contains(@id ,\"requestItemsTable-0-inner\")])[1]"}
COMMAND: POST /session/e7e046f545b47c9805ddcb78f08915f8/element/f.0B5413DFD1C3A3AA7B72F051E5DEC85E.d.6A561BEF021B3CCA4D64A91F0C88F171.e.9318/clear - {}
RESULT: {}
RESULT: {}
COMMAND: POST /session/e7e046f545b47c9805ddcb78f08915f8/element/f.0B5413DFD1C3A3AA7B72F051E5DEC85E.d.6A561BEF021B3CCA4D64A91F0C88F171.e.9318/value - {"text":"catalogItemuzgzx"}
COMMAND: GET /session/e7e046f545b47c9805ddcb78f08915f8/screenshot - {}
RESULT: {"text":"catalogItemuzgzx"}
COMMAND: GET /session/e7e046f545b47c9805ddcb78f08915f8/screenshot - {}
RESULT: {}
RESULT: {}
COMMAND: POST /session/e7e046f545b47c9805ddcb78f08915f8/actions - {"actions":[{"id":"action69","type":"key","parameters":{},"actions":[{"type":"keyDown","value":""},{"type":"pause","duration":10},{"type":"keyUp","value":""}]}]}
RESULT: {"actions":[{"id":"action69","type":"key","parameters":{},"actions":[{"type":"keyDown","value":""},{"type":"pause","duration":10},{"type":"keyUp","value":""}]}]}
COMMAND: GET /session/e7e046f545b47c9805ddcb78f08915f8/screenshot - {}
RESULT: {}
COMMAND: POST /session/e7e046f545b47c9805ddcb78f08915f8/execute/async - {"script":"<script> [1562 bytes]","args":[{"selector":{"controlType":"sap.ui.core.Icon","viewName":"etm.portal.ui.managerequests.view.NewRequest","properties":{"src":{"regex":{"source":"slim\\-arrow\\-down"}}},"ancestor":{"controlType":"sap.m.Button","viewName":"etm.portal.ui.managerequests.view.NewRequest","properties":{"icon":"sap-icon://slim-arrow-down"}}},"wdio_ui5_key":"etmportal.ui.managerequests.view.NewRequestsap.ui.core.Icon{\"src\":{\"regex\":{\"source\":\"slim\\\\-arrow\\\\-down\"}}}{\"controlType\":\"sap.m.Button\",\"viewName\":\"etm.portal.ui.managerequests.view.NewRequest\",\"properties\":{\"icon\":\"sap-icon://slim-arrow-down\"}}"}]}
RESULT: {"script":"<script> [1562 bytes]","args":[{"selector":{"controlType":"sap.ui.core.Icon","viewName":"etm.portal.ui.managerequests.view.NewRequest","properties":{"src":{"regex":{"source":"slim\\-arrow\\-down"}}},"ancestor":{"controlType":"sap.m.Button","viewName":"etm.portal.ui.managerequests.view.NewRequest","properties":{"icon":"sap-icon://slim-arrow-down"}}},"wdio_ui5_key":"etmportal.ui.managerequests.view.NewRequestsap.ui.core.Icon{\"src\":{\"regex\":{\"source\":\"slim\\\\-arrow\\\\-down\"}}}{\"controlType\":\"sap.m.Button\",\"viewName\":\"etm.portal.ui.managerequests.view.NewRequest\",\"properties\":{\"icon\":\"sap-icon://slim-arrow-down\"}}"}]}
RESULT: undefined
COMMAND: POST /session/e7e046f545b47c9805ddcb78f08915f8/element - {"using":"xpath","value":"//div[contains(@data-kt ,\"splitAllocationObjectStatus\")]"}
RESULT: {"using":"xpath","value":"//div[contains(@data-kt ,\"splitAllocationObjectStatus\")]"}
COMMAND: POST /session/e7e046f545b47c9805ddcb78f08915f8/elements - {"using":"xpath","value":"//div[contains(@data-kt ,\"splitAllocationObjectStatus\")]"}
RESULT: {"using":"xpath","value":"//div[contains(@data-kt ,\"splitAllocationObjectStatus\")]"}
COMMAND: POST /session/e7e046f545b47c9805ddcb78f08915f8/execute/async - {"script":"<script> [1562 bytes]","args":[{"selector":{"controlType":"sap.ui.core.Icon","viewName":"etm.portal.ui.managerequests.view.NewRequest","properties":{"src":{"regex":{"source":"message\\-error"}}}},"wdio_ui5_key":"etmportal.ui.managerequests.view.NewRequestsap.ui.core.Icon{\"src\":{\"regex\":{\"source\":\"message\\\\-error\"}}}"}]}
RESULT: {"script":"<script> [1562 bytes]","args":[{"selector":{"controlType":"sap.ui.core.Icon","viewName":"etm.portal.ui.managerequests.view.NewRequest","properties":{"src":{"regex":{"source":"message\\-error"}}}},"wdio_ui5_key":"etmportal.ui.managerequests.view.NewRequestsap.ui.core.Icon{\"src\":{\"regex\":{\"source\":\"message\\\\-error\"}}}"}]}
RESULT: undefined
COMMAND: POST /session/e7e046f545b47c9805ddcb78f08915f8/element - {"using":"xpath","value":"//*[@id=\"__status4-__xmlview59--requestItemsTable-0-icon\"]"}
RESULT: {"using":"xpath","value":"//*[@id=\"__status4-__xmlview59--requestItemsTable-0-icon\"]"}
COMMAND: POST /session/e7e046f545b47c9805ddcb78f08915f8/element/f.0B5413DFD1C3A3AA7B72F051E5DEC85E.d.6A561BEF021B3CCA4D64A91F0C88F171.e.9333/click - {}
RESULT: {}
COMMAND: POST /session/e7e046f545b47c9805ddcb78f08915f8/execute/async - {"script":"<script> [1562 bytes]","args":[{"selector":{"controlType":"sap.ui.core.Icon","viewName":"etm.portal.ui.managerequests.view.NewRequest","properties":{"src":{"regex":{"source":"slim\\-arrow\\-down"}}},"searchOpenDialogs":true,"ancestor":{"id":"costObjectAdminTypeComboBox","viewName":"etm.portal.ui.managerequests.view.NewRequest","searchOpenDialogs":true}},"wdio_ui5_key":"etmportal.ui.managerequests.view.NewRequestsap.ui.core.Icon{\"src\":{\"regex\":{\"source\":\"slim\\\\-arrow\\\\-down\"}}}{\"id\":\"costObjectAdminTypeComboBox\",\"viewName\":\"etm.portal.ui.managerequests.view.NewRequest\",\"searchOpenDialogs\":true}"}]}
COMMAND: GET /session/e7e046f545b47c9805ddcb78f08915f8/screenshot - {}
RESULT: {"script":"<script> [1562 bytes]","args":[{"selector":{"controlType":"sap.ui.core.Icon","viewName":"etm.portal.ui.managerequests.view.NewRequest","properties":{"src":{"regex":{"source":"slim\\-arrow\\-down"}}},"searchOpenDialogs":true,"ancestor":{"id":"costObjectAdminTypeComboBox","viewName":"etm.portal.ui.managerequests.view.NewRequest","searchOpenDialogs":true}},"wdio_ui5_key":"etmportal.ui.managerequests.view.NewRequestsap.ui.core.Icon{\"src\":{\"regex\":{\"source\":\"slim\\\\-arrow\\\\-down\"}}}{\"id\":\"costObjectAdminTypeComboBox\",\"viewName\":\"etm.portal.ui.managerequests.view.NewRequest\",\"searchOpenDialogs\":true}"}]}
RESULT: undefined
COMMAND: POST /session/e7e046f545b47c9805ddcb78f08915f8/element - {"using":"xpath","value":"//*[@id=\"__xmlview59--costObjectAdminTypeComboBox-arrow\"]"}
RESULT: {}
RESULT: {"using":"xpath","value":"//*[@id=\"__xmlview59--costObjectAdminTypeComboBox-arrow\"]"}
COMMAND: POST /session/e7e046f545b47c9805ddcb78f08915f8/element/f.0B5413DFD1C3A3AA7B72F051E5DEC85E.d.6A561BEF021B3CCA4D64A91F0C88F171.e.9338/click - {}
RESULT: {}
COMMAND: POST /session/e7e046f545b47c9805ddcb78f08915f8/execute/async - {"script":"<script> [1562 bytes]","args":[{"selector":{"controlType":"sap.m.StandardListItem","viewName":"etm.portal.ui.managerequests.view.NewRequest","properties":{"title":"Cost Center"},"searchOpenDialogs":true,"interaction":{"idSuffix":"titleText"}},"wdio_ui5_key":"etmportal.ui.managerequests.view.NewRequestsap.m.StandardListItem{\"title\":\"Cost Center\"}"}]}
COMMAND: GET /session/e7e046f545b47c9805ddcb78f08915f8/screenshot - {}
RESULT: {"script":"<script> [1562 bytes]","args":[{"selector":{"controlType":"sap.m.StandardListItem","viewName":"etm.portal.ui.managerequests.view.NewRequest","properties":{"title":"Cost Center"},"searchOpenDialogs":true,"interaction":{"idSuffix":"titleText"}},"wdio_ui5_key":"etmportal.ui.managerequests.view.NewRequestsap.m.StandardListItem{\"title\":\"Cost Center\"}"}]}
RESULT: undefined
COMMAND: POST /session/e7e046f545b47c9805ddcb78f08915f8/element - {"using":"xpath","value":"//*[@id=\"__item687\"]"}
RESULT: {}
RESULT: {"using":"xpath","value":"//*[@id=\"__item687\"]"}
COMMAND: POST /session/e7e046f545b47c9805ddcb78f08915f8/element/f.0B5413DFD1C3A3AA7B72F051E5DEC85E.d.6A561BEF021B3CCA4D64A91F0C88F171.e.9340/click - {}
RESULT: {}
COMMAND: GET /session/e7e046f545b47c9805ddcb78f08915f8/screenshot - {}
RESULT: {}
COMMAND: POST /session/e7e046f545b47c9805ddcb78f08915f8/execute/async - {"script":"<script> [1562 bytes]","args":[{"selector":{"controlType":"sap.ui.core.Icon","viewName":"etm.portal.ui.managerequests.view.NewRequest","properties":{"src":{"regex":{"source":"value\\-help"}}},"searchOpenDialogs":true},"wdio_ui5_key":"etmportal.ui.managerequests.view.NewRequestsap.ui.core.Icon{\"src\":{\"regex\":{\"source\":\"value\\\\-help\"}}}"}]}
RESULT: {"script":"<script> [1562 bytes]","args":[{"selector":{"controlType":"sap.ui.core.Icon","viewName":"etm.portal.ui.managerequests.view.NewRequest","properties":{"src":{"regex":{"source":"value\\-help"}}},"searchOpenDialogs":true},"wdio_ui5_key":"etmportal.ui.managerequests.view.NewRequestsap.ui.core.Icon{\"src\":{\"regex\":{\"source\":\"value\\\\-help\"}}}"}]}
RESULT: undefined
COMMAND: POST /session/e7e046f545b47c9805ddcb78f08915f8/element - {"using":"xpath","value":"//*[@id=\"__xmlview59--costObjectIdComboBox-vhi\"]"}
RESULT: {"using":"xpath","value":"//*[@id=\"__xmlview59--costObjectIdComboBox-vhi\"]"}
COMMAND: POST /session/e7e046f545b47c9805ddcb78f08915f8/element/f.0B5413DFD1C3A3AA7B72F051E5DEC85E.d.6A561BEF021B3CCA4D64A91F0C88F171.e.9347/click - {}
RESULT: {}
COMMAND: POST /session/e7e046f545b47c9805ddcb78f08915f8/execute/async - {"script":"<script> [1562 bytes]","args":[{"selector":{"controlType":"sap.m.SearchField","properties":{"placeholder":"Search"},"searchOpenDialogs":true,"interaction":{"idSuffix":"I"}},"wdio_ui5_key":"sapm.SearchField{\"placeholder\":\"Search\"}"}]}
COMMAND: GET /session/e7e046f545b47c9805ddcb78f08915f8/screenshot - {}
RESULT: {"script":"<script> [1562 bytes]","args":[{"selector":{"controlType":"sap.m.SearchField","properties":{"placeholder":"Search"},"searchOpenDialogs":true,"interaction":{"idSuffix":"I"}},"wdio_ui5_key":"sapm.SearchField{\"placeholder\":\"Search\"}"}]}
RESULT: undefined
COMMAND: POST /session/e7e046f545b47c9805ddcb78f08915f8/execute/async - {"script":"<script> [776 bytes]","args":[{"enterText":"10001010","selector":{"controlType":"sap.m.SearchField","properties":{"placeholder":"Search"},"searchOpenDialogs":true,"interaction":{"idSuffix":"I"}},"clearTextFirst":true,"interactionType":"ENTER_TEXT"}]}
RESULT: {}
RESULT: {"script":"<script> [776 bytes]","args":[{"enterText":"10001010","selector":{"controlType":"sap.m.SearchField","properties":{"placeholder":"Search"},"searchOpenDialogs":true,"interaction":{"idSuffix":"I"}},"clearTextFirst":true,"interactionType":"ENTER_TEXT"}]}
COMMAND: POST /session/e7e046f545b47c9805ddcb78f08915f8/actions - {"actions":[{"id":"action70","type":"key","parameters":{},"actions":[{"type":"keyDown","value":""},{"type":"pause","duration":10},{"type":"keyUp","value":""}]}]}
RESULT: {"actions":[{"id":"action70","type":"key","parameters":{},"actions":[{"type":"keyDown","value":""},{"type":"pause","duration":10},{"type":"keyUp","value":""}]}]}
COMMAND: GET /session/e7e046f545b47c9805ddcb78f08915f8/screenshot - {}
RESULT: {}
COMMAND: POST /session/e7e046f545b47c9805ddcb78f08915f8/execute/async - {"script":"<script> [1562 bytes]","args":[{"selector":{"controlType":"sap.m.Text","bindingPath":{"path":"/C_CostCtrValueHelp(CostCenter='10001010',ControllingArea='Z001')","propertyPath":"CostCenterName","modelName":"CostCenterModel"},"searchOpenDialogs":true},"wdio_ui5_key":"sapm.Text{\"path\":\"/C_CostCtrValueHelp(CostCenter='10001010',ControllingArea='Z001')\",\"propertyPath\":\"CostCenterName\",\"modelName\":\"CostCenterModel\"}"}]}
RESULT: {"script":"<script> [1562 bytes]","args":[{"selector":{"controlType":"sap.m.Text","bindingPath":{"path":"/C_CostCtrValueHelp(CostCenter='10001010',ControllingArea='Z001')","propertyPath":"CostCenterName","modelName":"CostCenterModel"},"searchOpenDialogs":true},"wdio_ui5_key":"sapm.Text{\"path\":\"/C_CostCtrValueHelp(CostCenter='10001010',ControllingArea='Z001')\",\"propertyPath\":\"CostCenterName\",\"modelName\":\"CostCenterModel\"}"}]}
RESULT: undefined
COMMAND: POST /session/e7e046f545b47c9805ddcb78f08915f8/element - {"using":"xpath","value":"//*[@id=\"__text291-__clone825\"]"}
RESULT: {"using":"xpath","value":"//*[@id=\"__text291-__clone825\"]"}
COMMAND: POST /session/e7e046f545b47c9805ddcb78f08915f8/element/f.0B5413DFD1C3A3AA7B72F051E5DEC85E.d.6A561BEF021B3CCA4D64A91F0C88F171.e.9387/click - {}
RESULT: {}
COMMAND: POST /session/e7e046f545b47c9805ddcb78f08915f8/execute/async - {"script":"<script> [1562 bytes]","args":[{"selector":{"controlType":"sap.m.Button","properties":{"text":"OK"},"searchOpenDialogs":true,"interaction":{"idSuffix":"BDI-content"}},"wdio_ui5_key":"sapm.Button{\"text\":\"OK\"}"}]}
COMMAND: GET /session/e7e046f545b47c9805ddcb78f08915f8/screenshot - {}
RESULT: {"script":"<script> [1562 bytes]","args":[{"selector":{"controlType":"sap.m.Button","properties":{"text":"OK"},"searchOpenDialogs":true,"interaction":{"idSuffix":"BDI-content"}},"wdio_ui5_key":"sapm.Button{\"text\":\"OK\"}"}]}
RESULT: undefined
COMMAND: POST /session/e7e046f545b47c9805ddcb78f08915f8/element - {"using":"xpath","value":"//*[@id=\"__dialog1-ok\"]"}
RESULT: {}
RESULT: {"using":"xpath","value":"//*[@id=\"__dialog1-ok\"]"}
COMMAND: POST /session/e7e046f545b47c9805ddcb78f08915f8/element/f.0B5413DFD1C3A3AA7B72F051E5DEC85E.d.6A561BEF021B3CCA4D64A91F0C88F171.e.9389/click - {}
RESULT: {}
COMMAND: GET /session/e7e046f545b47c9805ddcb78f08915f8/screenshot - {}
RESULT: {}
COMMAND: POST /session/e7e046f545b47c9805ddcb78f08915f8/execute/async - {"script":"<script> [1562 bytes]","args":[{"selector":{"controlType":"sap.m.Button","viewName":"etm.portal.ui.managerequests.view.NewRequest","i18NText":{"propertyName":"text","key":"save"},"searchOpenDialogs":true,"interaction":{"idSuffix":"BDI-content"}},"wdio_ui5_key":"etmportal.ui.managerequests.view.NewRequestsap.m.Button{\"propertyName\":\"text\",\"key\":\"save\"}"}]}
RESULT: {"script":"<script> [1562 bytes]","args":[{"selector":{"controlType":"sap.m.Button","viewName":"etm.portal.ui.managerequests.view.NewRequest","i18NText":{"propertyName":"text","key":"save"},"searchOpenDialogs":true,"interaction":{"idSuffix":"BDI-content"}},"wdio_ui5_key":"etmportal.ui.managerequests.view.NewRequestsap.m.Button{\"propertyName\":\"text\",\"key\":\"save\"}"}]}
RESULT: undefined
COMMAND: POST /session/e7e046f545b47c9805ddcb78f08915f8/element - {"using":"xpath","value":"//*[@id=\"__button24\"]"}
RESULT: {"using":"xpath","value":"//*[@id=\"__button24\"]"}
COMMAND: POST /session/e7e046f545b47c9805ddcb78f08915f8/element/f.0B5413DFD1C3A3AA7B72F051E5DEC85E.d.6A561BEF021B3CCA4D64A91F0C88F171.e.9393/click - {}
RESULT: {}
COMMAND: GET /session/e7e046f545b47c9805ddcb78f08915f8/screenshot - {}
RESULT: {}
COMMAND: POST /session/e7e046f545b47c9805ddcb78f08915f8/element - {"using":"xpath","value":"(//bdi[contains(text() ,\"Save\")])[1]"}
RESULT: {"using":"xpath","value":"(//bdi[contains(text() ,\"Save\")])[1]"}
COMMAND: POST /session/e7e046f545b47c9805ddcb78f08915f8/element/f.0B5413DFD1C3A3AA7B72F051E5DEC85E.d.6A561BEF021B3CCA4D64A91F0C88F171.e.9395/click - {}
RESULT: {}
COMMAND: GET /session/e7e046f545b47c9805ddcb78f08915f8/screenshot - {}
RESULT: {}
COMMAND: POST /session/e7e046f545b47c9805ddcb78f08915f8/execute/async - {"script":"<script> [1562 bytes]","args":[{"selector":{"controlType":"sap.m.Title","properties":{"text":"Success"},"searchOpenDialogs":true},"wdio_ui5_key":"sapm.Title{\"text\":\"Success\"}"}]}
RESULT: {"script":"<script> [1562 bytes]","args":[{"selector":{"controlType":"sap.m.Title","properties":{"text":"Success"},"searchOpenDialogs":true},"wdio_ui5_key":"sapm.Title{\"text\":\"Success\"}"}]}
RESULT: undefined
COMMAND: POST /session/e7e046f545b47c9805ddcb78f08915f8/execute/async - {"script":"<script> [6424 bytes]","args":[{"element-6066-11e4-a52e-4f735466cecf":"f.0B5413DFD1C3A3AA7B72F051E5DEC85E.d.6A561BEF021B3CCA4D64A91F0C88F171.e.9399"},"getText",[]]}
RESULT: {"script":"<script> [6424 bytes]","args":[{"element-6066-11e4-a52e-4f735466cecf":"f.0B5413DFD1C3A3AA7B72F051E5DEC85E.d.6A561BEF021B3CCA4D64A91F0C88F171.e.9399"},"getText",[]]}
COMMAND: POST /session/e7e046f545b47c9805ddcb78f08915f8/execute/async - {"script":"<script> [1562 bytes]","args":[{"selector":{"controlType":"sap.m.Button","properties":{"text":"Close"},"searchOpenDialogs":true,"interaction":{"idSuffix":"BDI-content"}},"wdio_ui5_key":"sapm.Button{\"text\":\"Close\"}"}]}
RESULT: {"script":"<script> [1562 bytes]","args":[{"selector":{"controlType":"sap.m.Button","properties":{"text":"Close"},"searchOpenDialogs":true,"interaction":{"idSuffix":"BDI-content"}},"wdio_ui5_key":"sapm.Button{\"text\":\"Close\"}"}]}
RESULT: undefined
COMMAND: POST /session/e7e046f545b47c9805ddcb78f08915f8/element - {"using":"xpath","value":"//*[@id=\"__mbox-btn-0\"]"}
RESULT: {"using":"xpath","value":"//*[@id=\"__mbox-btn-0\"]"}
COMMAND: POST /session/e7e046f545b47c9805ddcb78f08915f8/element/f.0B5413DFD1C3A3AA7B72F051E5DEC85E.d.6A561BEF021B3CCA4D64A91F0C88F171.e.9398/click - {}
RESULT: {}
COMMAND: GET /session/e7e046f545b47c9805ddcb78f08915f8/screenshot - {}
RESULT: {}
]]></system-out>
    </testcase>
    <testcase classname="chrome.136_0_7103_93.windows.Reserve/Unreserve_request_item_via_reserve_option_US139161" name="Should navigate to planning board and reserve the resource" time="56.404">
      <failure/>
      <error message="element (&quot;(//span[contains(@title ,&quot;WebdriverYard5b5aq&quot;)])[1]&quot;) still not existing after 45000ms"/>
      <system-out><![CDATA[
COMMAND: POST /session/e7e046f545b47c9805ddcb78f08915f8/execute/async - {"script":"<script> [1562 bytes]","args":[{"selector":{"controlType":"sap.m.Button","viewName":"etm.portal.ui.managerequests.view.Detail","i18NText":{"propertyName":"text","key":"planningSituation"},"interaction":{"idSuffix":"BDI-content"}},"wdio_ui5_key":"etmportal.ui.managerequests.view.Detailsap.m.Button{\"propertyName\":\"text\",\"key\":\"planningSituation\"}"}]}
RESULT: {"script":"<script> [1562 bytes]","args":[{"selector":{"controlType":"sap.m.Button","viewName":"etm.portal.ui.managerequests.view.Detail","i18NText":{"propertyName":"text","key":"planningSituation"},"interaction":{"idSuffix":"BDI-content"}},"wdio_ui5_key":"etmportal.ui.managerequests.view.Detailsap.m.Button{\"propertyName\":\"text\",\"key\":\"planningSituation\"}"}]}
RESULT: undefined
COMMAND: POST /session/e7e046f545b47c9805ddcb78f08915f8/element - {"using":"xpath","value":"//*[@id=\"__button27\"]"}
RESULT: {"using":"xpath","value":"//*[@id=\"__button27\"]"}
COMMAND: POST /session/e7e046f545b47c9805ddcb78f08915f8/element/f.0B5413DFD1C3A3AA7B72F051E5DEC85E.d.6A561BEF021B3CCA4D64A91F0C88F171.e.9424/click - {}
RESULT: {}
COMMAND: GET /session/e7e046f545b47c9805ddcb78f08915f8/screenshot - {}
RESULT: {}
COMMAND: POST /session/e7e046f545b47c9805ddcb78f08915f8/element - {"using":"xpath","value":"(//span[contains(@title ,\"WebdriverYard5b5aq\")])[1]"}
RESULT: {"using":"xpath","value":"(//span[contains(@title ,\"WebdriverYard5b5aq\")])[1]"}
COMMAND: POST /session/e7e046f545b47c9805ddcb78f08915f8/elements - {"using":"xpath","value":"(//span[contains(@title ,\"WebdriverYard5b5aq\")])[1]"}
RESULT: {"using":"xpath","value":"(//span[contains(@title ,\"WebdriverYard5b5aq\")])[1]"}
COMMAND: POST /session/e7e046f545b47c9805ddcb78f08915f8/elements - {"using":"xpath","value":"(//span[contains(@title ,\"WebdriverYard5b5aq\")])[1]"}
RESULT: {"using":"xpath","value":"(//span[contains(@title ,\"WebdriverYard5b5aq\")])[1]"}
COMMAND: POST /session/e7e046f545b47c9805ddcb78f08915f8/elements - {"using":"xpath","value":"(//span[contains(@title ,\"WebdriverYard5b5aq\")])[1]"}
RESULT: {"using":"xpath","value":"(//span[contains(@title ,\"WebdriverYard5b5aq\")])[1]"}
COMMAND: POST /session/e7e046f545b47c9805ddcb78f08915f8/elements - {"using":"xpath","value":"(//span[contains(@title ,\"WebdriverYard5b5aq\")])[1]"}
RESULT: {"using":"xpath","value":"(//span[contains(@title ,\"WebdriverYard5b5aq\")])[1]"}
COMMAND: POST /session/e7e046f545b47c9805ddcb78f08915f8/elements - {"using":"xpath","value":"(//span[contains(@title ,\"WebdriverYard5b5aq\")])[1]"}
RESULT: {"using":"xpath","value":"(//span[contains(@title ,\"WebdriverYard5b5aq\")])[1]"}
COMMAND: POST /session/e7e046f545b47c9805ddcb78f08915f8/elements - {"using":"xpath","value":"(//span[contains(@title ,\"WebdriverYard5b5aq\")])[1]"}
RESULT: {"using":"xpath","value":"(//span[contains(@title ,\"WebdriverYard5b5aq\")])[1]"}
COMMAND: POST /session/e7e046f545b47c9805ddcb78f08915f8/elements - {"using":"xpath","value":"(//span[contains(@title ,\"WebdriverYard5b5aq\")])[1]"}
RESULT: {"using":"xpath","value":"(//span[contains(@title ,\"WebdriverYard5b5aq\")])[1]"}
COMMAND: POST /session/e7e046f545b47c9805ddcb78f08915f8/elements - {"using":"xpath","value":"(//span[contains(@title ,\"WebdriverYard5b5aq\")])[1]"}
RESULT: {"using":"xpath","value":"(//span[contains(@title ,\"WebdriverYard5b5aq\")])[1]"}
COMMAND: POST /session/e7e046f545b47c9805ddcb78f08915f8/elements - {"using":"xpath","value":"(//span[contains(@title ,\"WebdriverYard5b5aq\")])[1]"}
RESULT: {"using":"xpath","value":"(//span[contains(@title ,\"WebdriverYard5b5aq\")])[1]"}
COMMAND: POST /session/e7e046f545b47c9805ddcb78f08915f8/elements - {"using":"xpath","value":"(//span[contains(@title ,\"WebdriverYard5b5aq\")])[1]"}
RESULT: {"using":"xpath","value":"(//span[contains(@title ,\"WebdriverYard5b5aq\")])[1]"}
COMMAND: POST /session/e7e046f545b47c9805ddcb78f08915f8/elements - {"using":"xpath","value":"(//span[contains(@title ,\"WebdriverYard5b5aq\")])[1]"}
RESULT: {"using":"xpath","value":"(//span[contains(@title ,\"WebdriverYard5b5aq\")])[1]"}
COMMAND: POST /session/e7e046f545b47c9805ddcb78f08915f8/elements - {"using":"xpath","value":"(//span[contains(@title ,\"WebdriverYard5b5aq\")])[1]"}
RESULT: {"using":"xpath","value":"(//span[contains(@title ,\"WebdriverYard5b5aq\")])[1]"}
COMMAND: POST /session/e7e046f545b47c9805ddcb78f08915f8/elements - {"using":"xpath","value":"(//span[contains(@title ,\"WebdriverYard5b5aq\")])[1]"}
RESULT: {"using":"xpath","value":"(//span[contains(@title ,\"WebdriverYard5b5aq\")])[1]"}
COMMAND: POST /session/e7e046f545b47c9805ddcb78f08915f8/elements - {"using":"xpath","value":"(//span[contains(@title ,\"WebdriverYard5b5aq\")])[1]"}
RESULT: {"using":"xpath","value":"(//span[contains(@title ,\"WebdriverYard5b5aq\")])[1]"}
COMMAND: POST /session/e7e046f545b47c9805ddcb78f08915f8/elements - {"using":"xpath","value":"(//span[contains(@title ,\"WebdriverYard5b5aq\")])[1]"}
RESULT: {"using":"xpath","value":"(//span[contains(@title ,\"WebdriverYard5b5aq\")])[1]"}
COMMAND: POST /session/e7e046f545b47c9805ddcb78f08915f8/elements - {"using":"xpath","value":"(//span[contains(@title ,\"WebdriverYard5b5aq\")])[1]"}
RESULT: {"using":"xpath","value":"(//span[contains(@title ,\"WebdriverYard5b5aq\")])[1]"}
COMMAND: POST /session/e7e046f545b47c9805ddcb78f08915f8/elements - {"using":"xpath","value":"(//span[contains(@title ,\"WebdriverYard5b5aq\")])[1]"}
RESULT: {"using":"xpath","value":"(//span[contains(@title ,\"WebdriverYard5b5aq\")])[1]"}
COMMAND: POST /session/e7e046f545b47c9805ddcb78f08915f8/elements - {"using":"xpath","value":"(//span[contains(@title ,\"WebdriverYard5b5aq\")])[1]"}
RESULT: {"using":"xpath","value":"(//span[contains(@title ,\"WebdriverYard5b5aq\")])[1]"}
COMMAND: POST /session/e7e046f545b47c9805ddcb78f08915f8/elements - {"using":"xpath","value":"(//span[contains(@title ,\"WebdriverYard5b5aq\")])[1]"}
RESULT: {"using":"xpath","value":"(//span[contains(@title ,\"WebdriverYard5b5aq\")])[1]"}
COMMAND: POST /session/e7e046f545b47c9805ddcb78f08915f8/elements - {"using":"xpath","value":"(//span[contains(@title ,\"WebdriverYard5b5aq\")])[1]"}
RESULT: {"using":"xpath","value":"(//span[contains(@title ,\"WebdriverYard5b5aq\")])[1]"}
COMMAND: POST /session/e7e046f545b47c9805ddcb78f08915f8/elements - {"using":"xpath","value":"(//span[contains(@title ,\"WebdriverYard5b5aq\")])[1]"}
RESULT: {"using":"xpath","value":"(//span[contains(@title ,\"WebdriverYard5b5aq\")])[1]"}
COMMAND: POST /session/e7e046f545b47c9805ddcb78f08915f8/elements - {"using":"xpath","value":"(//span[contains(@title ,\"WebdriverYard5b5aq\")])[1]"}
RESULT: {"using":"xpath","value":"(//span[contains(@title ,\"WebdriverYard5b5aq\")])[1]"}
COMMAND: POST /session/e7e046f545b47c9805ddcb78f08915f8/elements - {"using":"xpath","value":"(//span[contains(@title ,\"WebdriverYard5b5aq\")])[1]"}
RESULT: {"using":"xpath","value":"(//span[contains(@title ,\"WebdriverYard5b5aq\")])[1]"}
COMMAND: POST /session/e7e046f545b47c9805ddcb78f08915f8/elements - {"using":"xpath","value":"(//span[contains(@title ,\"WebdriverYard5b5aq\")])[1]"}
RESULT: {"using":"xpath","value":"(//span[contains(@title ,\"WebdriverYard5b5aq\")])[1]"}
COMMAND: POST /session/e7e046f545b47c9805ddcb78f08915f8/elements - {"using":"xpath","value":"(//span[contains(@title ,\"WebdriverYard5b5aq\")])[1]"}
RESULT: {"using":"xpath","value":"(//span[contains(@title ,\"WebdriverYard5b5aq\")])[1]"}
COMMAND: POST /session/e7e046f545b47c9805ddcb78f08915f8/elements - {"using":"xpath","value":"(//span[contains(@title ,\"WebdriverYard5b5aq\")])[1]"}
RESULT: {"using":"xpath","value":"(//span[contains(@title ,\"WebdriverYard5b5aq\")])[1]"}
COMMAND: POST /session/e7e046f545b47c9805ddcb78f08915f8/elements - {"using":"xpath","value":"(//span[contains(@title ,\"WebdriverYard5b5aq\")])[1]"}
RESULT: {"using":"xpath","value":"(//span[contains(@title ,\"WebdriverYard5b5aq\")])[1]"}
COMMAND: POST /session/e7e046f545b47c9805ddcb78f08915f8/elements - {"using":"xpath","value":"(//span[contains(@title ,\"WebdriverYard5b5aq\")])[1]"}
RESULT: {"using":"xpath","value":"(//span[contains(@title ,\"WebdriverYard5b5aq\")])[1]"}
COMMAND: POST /session/e7e046f545b47c9805ddcb78f08915f8/elements - {"using":"xpath","value":"(//span[contains(@title ,\"WebdriverYard5b5aq\")])[1]"}
RESULT: {"using":"xpath","value":"(//span[contains(@title ,\"WebdriverYard5b5aq\")])[1]"}
COMMAND: POST /session/e7e046f545b47c9805ddcb78f08915f8/elements - {"using":"xpath","value":"(//span[contains(@title ,\"WebdriverYard5b5aq\")])[1]"}
RESULT: {"using":"xpath","value":"(//span[contains(@title ,\"WebdriverYard5b5aq\")])[1]"}
COMMAND: POST /session/e7e046f545b47c9805ddcb78f08915f8/elements - {"using":"xpath","value":"(//span[contains(@title ,\"WebdriverYard5b5aq\")])[1]"}
RESULT: {"using":"xpath","value":"(//span[contains(@title ,\"WebdriverYard5b5aq\")])[1]"}
COMMAND: POST /session/e7e046f545b47c9805ddcb78f08915f8/elements - {"using":"xpath","value":"(//span[contains(@title ,\"WebdriverYard5b5aq\")])[1]"}
RESULT: {"using":"xpath","value":"(//span[contains(@title ,\"WebdriverYard5b5aq\")])[1]"}
COMMAND: POST /session/e7e046f545b47c9805ddcb78f08915f8/elements - {"using":"xpath","value":"(//span[contains(@title ,\"WebdriverYard5b5aq\")])[1]"}
RESULT: {"using":"xpath","value":"(//span[contains(@title ,\"WebdriverYard5b5aq\")])[1]"}
COMMAND: POST /session/e7e046f545b47c9805ddcb78f08915f8/elements - {"using":"xpath","value":"(//span[contains(@title ,\"WebdriverYard5b5aq\")])[1]"}
RESULT: {"using":"xpath","value":"(//span[contains(@title ,\"WebdriverYard5b5aq\")])[1]"}
COMMAND: POST /session/e7e046f545b47c9805ddcb78f08915f8/elements - {"using":"xpath","value":"(//span[contains(@title ,\"WebdriverYard5b5aq\")])[1]"}
RESULT: {"using":"xpath","value":"(//span[contains(@title ,\"WebdriverYard5b5aq\")])[1]"}
COMMAND: POST /session/e7e046f545b47c9805ddcb78f08915f8/elements - {"using":"xpath","value":"(//span[contains(@title ,\"WebdriverYard5b5aq\")])[1]"}
RESULT: {"using":"xpath","value":"(//span[contains(@title ,\"WebdriverYard5b5aq\")])[1]"}
COMMAND: POST /session/e7e046f545b47c9805ddcb78f08915f8/elements - {"using":"xpath","value":"(//span[contains(@title ,\"WebdriverYard5b5aq\")])[1]"}
RESULT: {"using":"xpath","value":"(//span[contains(@title ,\"WebdriverYard5b5aq\")])[1]"}
COMMAND: POST /session/e7e046f545b47c9805ddcb78f08915f8/elements - {"using":"xpath","value":"(//span[contains(@title ,\"WebdriverYard5b5aq\")])[1]"}
RESULT: {"using":"xpath","value":"(//span[contains(@title ,\"WebdriverYard5b5aq\")])[1]"}
COMMAND: POST /session/e7e046f545b47c9805ddcb78f08915f8/elements - {"using":"xpath","value":"(//span[contains(@title ,\"WebdriverYard5b5aq\")])[1]"}
RESULT: {"using":"xpath","value":"(//span[contains(@title ,\"WebdriverYard5b5aq\")])[1]"}
COMMAND: POST /session/e7e046f545b47c9805ddcb78f08915f8/elements - {"using":"xpath","value":"(//span[contains(@title ,\"WebdriverYard5b5aq\")])[1]"}
RESULT: {"using":"xpath","value":"(//span[contains(@title ,\"WebdriverYard5b5aq\")])[1]"}
COMMAND: POST /session/e7e046f545b47c9805ddcb78f08915f8/elements - {"using":"xpath","value":"(//span[contains(@title ,\"WebdriverYard5b5aq\")])[1]"}
RESULT: {"using":"xpath","value":"(//span[contains(@title ,\"WebdriverYard5b5aq\")])[1]"}
COMMAND: POST /session/e7e046f545b47c9805ddcb78f08915f8/elements - {"using":"xpath","value":"(//span[contains(@title ,\"WebdriverYard5b5aq\")])[1]"}
RESULT: {"using":"xpath","value":"(//span[contains(@title ,\"WebdriverYard5b5aq\")])[1]"}
COMMAND: POST /session/e7e046f545b47c9805ddcb78f08915f8/elements - {"using":"xpath","value":"(//span[contains(@title ,\"WebdriverYard5b5aq\")])[1]"}
RESULT: {"using":"xpath","value":"(//span[contains(@title ,\"WebdriverYard5b5aq\")])[1]"}
COMMAND: POST /session/e7e046f545b47c9805ddcb78f08915f8/elements - {"using":"xpath","value":"(//span[contains(@title ,\"WebdriverYard5b5aq\")])[1]"}
RESULT: {"using":"xpath","value":"(//span[contains(@title ,\"WebdriverYard5b5aq\")])[1]"}
COMMAND: POST /session/e7e046f545b47c9805ddcb78f08915f8/elements - {"using":"xpath","value":"(//span[contains(@title ,\"WebdriverYard5b5aq\")])[1]"}
RESULT: {"using":"xpath","value":"(//span[contains(@title ,\"WebdriverYard5b5aq\")])[1]"}
COMMAND: POST /session/e7e046f545b47c9805ddcb78f08915f8/elements - {"using":"xpath","value":"(//span[contains(@title ,\"WebdriverYard5b5aq\")])[1]"}
RESULT: {"using":"xpath","value":"(//span[contains(@title ,\"WebdriverYard5b5aq\")])[1]"}
COMMAND: POST /session/e7e046f545b47c9805ddcb78f08915f8/elements - {"using":"xpath","value":"(//span[contains(@title ,\"WebdriverYard5b5aq\")])[1]"}
RESULT: {"using":"xpath","value":"(//span[contains(@title ,\"WebdriverYard5b5aq\")])[1]"}
COMMAND: POST /session/e7e046f545b47c9805ddcb78f08915f8/elements - {"using":"xpath","value":"(//span[contains(@title ,\"WebdriverYard5b5aq\")])[1]"}
RESULT: {"using":"xpath","value":"(//span[contains(@title ,\"WebdriverYard5b5aq\")])[1]"}
COMMAND: POST /session/e7e046f545b47c9805ddcb78f08915f8/elements - {"using":"xpath","value":"(//span[contains(@title ,\"WebdriverYard5b5aq\")])[1]"}
RESULT: {"using":"xpath","value":"(//span[contains(@title ,\"WebdriverYard5b5aq\")])[1]"}
COMMAND: POST /session/e7e046f545b47c9805ddcb78f08915f8/elements - {"using":"xpath","value":"(//span[contains(@title ,\"WebdriverYard5b5aq\")])[1]"}
RESULT: {"using":"xpath","value":"(//span[contains(@title ,\"WebdriverYard5b5aq\")])[1]"}
COMMAND: POST /session/e7e046f545b47c9805ddcb78f08915f8/elements - {"using":"xpath","value":"(//span[contains(@title ,\"WebdriverYard5b5aq\")])[1]"}
RESULT: {"using":"xpath","value":"(//span[contains(@title ,\"WebdriverYard5b5aq\")])[1]"}
COMMAND: POST /session/e7e046f545b47c9805ddcb78f08915f8/elements - {"using":"xpath","value":"(//span[contains(@title ,\"WebdriverYard5b5aq\")])[1]"}
RESULT: {"using":"xpath","value":"(//span[contains(@title ,\"WebdriverYard5b5aq\")])[1]"}
COMMAND: POST /session/e7e046f545b47c9805ddcb78f08915f8/elements - {"using":"xpath","value":"(//span[contains(@title ,\"WebdriverYard5b5aq\")])[1]"}
RESULT: {"using":"xpath","value":"(//span[contains(@title ,\"WebdriverYard5b5aq\")])[1]"}
COMMAND: POST /session/e7e046f545b47c9805ddcb78f08915f8/elements - {"using":"xpath","value":"(//span[contains(@title ,\"WebdriverYard5b5aq\")])[1]"}
RESULT: {"using":"xpath","value":"(//span[contains(@title ,\"WebdriverYard5b5aq\")])[1]"}
COMMAND: POST /session/e7e046f545b47c9805ddcb78f08915f8/elements - {"using":"xpath","value":"(//span[contains(@title ,\"WebdriverYard5b5aq\")])[1]"}
RESULT: {"using":"xpath","value":"(//span[contains(@title ,\"WebdriverYard5b5aq\")])[1]"}
COMMAND: POST /session/e7e046f545b47c9805ddcb78f08915f8/elements - {"using":"xpath","value":"(//span[contains(@title ,\"WebdriverYard5b5aq\")])[1]"}
RESULT: {"using":"xpath","value":"(//span[contains(@title ,\"WebdriverYard5b5aq\")])[1]"}
COMMAND: POST /session/e7e046f545b47c9805ddcb78f08915f8/elements - {"using":"xpath","value":"(//span[contains(@title ,\"WebdriverYard5b5aq\")])[1]"}
RESULT: {"using":"xpath","value":"(//span[contains(@title ,\"WebdriverYard5b5aq\")])[1]"}
COMMAND: POST /session/e7e046f545b47c9805ddcb78f08915f8/elements - {"using":"xpath","value":"(//span[contains(@title ,\"WebdriverYard5b5aq\")])[1]"}
RESULT: {"using":"xpath","value":"(//span[contains(@title ,\"WebdriverYard5b5aq\")])[1]"}
COMMAND: POST /session/e7e046f545b47c9805ddcb78f08915f8/elements - {"using":"xpath","value":"(//span[contains(@title ,\"WebdriverYard5b5aq\")])[1]"}
RESULT: {"using":"xpath","value":"(//span[contains(@title ,\"WebdriverYard5b5aq\")])[1]"}
COMMAND: POST /session/e7e046f545b47c9805ddcb78f08915f8/elements - {"using":"xpath","value":"(//span[contains(@title ,\"WebdriverYard5b5aq\")])[1]"}
RESULT: {"using":"xpath","value":"(//span[contains(@title ,\"WebdriverYard5b5aq\")])[1]"}
COMMAND: POST /session/e7e046f545b47c9805ddcb78f08915f8/elements - {"using":"xpath","value":"(//span[contains(@title ,\"WebdriverYard5b5aq\")])[1]"}
RESULT: {"using":"xpath","value":"(//span[contains(@title ,\"WebdriverYard5b5aq\")])[1]"}
COMMAND: POST /session/e7e046f545b47c9805ddcb78f08915f8/elements - {"using":"xpath","value":"(//span[contains(@title ,\"WebdriverYard5b5aq\")])[1]"}
RESULT: {"using":"xpath","value":"(//span[contains(@title ,\"WebdriverYard5b5aq\")])[1]"}
COMMAND: POST /session/e7e046f545b47c9805ddcb78f08915f8/elements - {"using":"xpath","value":"(//span[contains(@title ,\"WebdriverYard5b5aq\")])[1]"}
RESULT: {"using":"xpath","value":"(//span[contains(@title ,\"WebdriverYard5b5aq\")])[1]"}
COMMAND: POST /session/e7e046f545b47c9805ddcb78f08915f8/elements - {"using":"xpath","value":"(//span[contains(@title ,\"WebdriverYard5b5aq\")])[1]"}
RESULT: {"using":"xpath","value":"(//span[contains(@title ,\"WebdriverYard5b5aq\")])[1]"}
COMMAND: POST /session/e7e046f545b47c9805ddcb78f08915f8/elements - {"using":"xpath","value":"(//span[contains(@title ,\"WebdriverYard5b5aq\")])[1]"}
RESULT: {"using":"xpath","value":"(//span[contains(@title ,\"WebdriverYard5b5aq\")])[1]"}
COMMAND: POST /session/e7e046f545b47c9805ddcb78f08915f8/elements - {"using":"xpath","value":"(//span[contains(@title ,\"WebdriverYard5b5aq\")])[1]"}
RESULT: {"using":"xpath","value":"(//span[contains(@title ,\"WebdriverYard5b5aq\")])[1]"}
COMMAND: POST /session/e7e046f545b47c9805ddcb78f08915f8/elements - {"using":"xpath","value":"(//span[contains(@title ,\"WebdriverYard5b5aq\")])[1]"}
RESULT: {"using":"xpath","value":"(//span[contains(@title ,\"WebdriverYard5b5aq\")])[1]"}
COMMAND: POST /session/e7e046f545b47c9805ddcb78f08915f8/elements - {"using":"xpath","value":"(//span[contains(@title ,\"WebdriverYard5b5aq\")])[1]"}
RESULT: {"using":"xpath","value":"(//span[contains(@title ,\"WebdriverYard5b5aq\")])[1]"}
COMMAND: POST /session/e7e046f545b47c9805ddcb78f08915f8/elements - {"using":"xpath","value":"(//span[contains(@title ,\"WebdriverYard5b5aq\")])[1]"}
RESULT: {"using":"xpath","value":"(//span[contains(@title ,\"WebdriverYard5b5aq\")])[1]"}
COMMAND: POST /session/e7e046f545b47c9805ddcb78f08915f8/elements - {"using":"xpath","value":"(//span[contains(@title ,\"WebdriverYard5b5aq\")])[1]"}
RESULT: {"using":"xpath","value":"(//span[contains(@title ,\"WebdriverYard5b5aq\")])[1]"}
COMMAND: POST /session/e7e046f545b47c9805ddcb78f08915f8/elements - {"using":"xpath","value":"(//span[contains(@title ,\"WebdriverYard5b5aq\")])[1]"}
RESULT: {"using":"xpath","value":"(//span[contains(@title ,\"WebdriverYard5b5aq\")])[1]"}
COMMAND: POST /session/e7e046f545b47c9805ddcb78f08915f8/elements - {"using":"xpath","value":"(//span[contains(@title ,\"WebdriverYard5b5aq\")])[1]"}
RESULT: {"using":"xpath","value":"(//span[contains(@title ,\"WebdriverYard5b5aq\")])[1]"}
COMMAND: POST /session/e7e046f545b47c9805ddcb78f08915f8/elements - {"using":"xpath","value":"(//span[contains(@title ,\"WebdriverYard5b5aq\")])[1]"}
RESULT: {"using":"xpath","value":"(//span[contains(@title ,\"WebdriverYard5b5aq\")])[1]"}
COMMAND: POST /session/e7e046f545b47c9805ddcb78f08915f8/elements - {"using":"xpath","value":"(//span[contains(@title ,\"WebdriverYard5b5aq\")])[1]"}
RESULT: {"using":"xpath","value":"(//span[contains(@title ,\"WebdriverYard5b5aq\")])[1]"}
COMMAND: POST /session/e7e046f545b47c9805ddcb78f08915f8/elements - {"using":"xpath","value":"(//span[contains(@title ,\"WebdriverYard5b5aq\")])[1]"}
RESULT: {"using":"xpath","value":"(//span[contains(@title ,\"WebdriverYard5b5aq\")])[1]"}
COMMAND: POST /session/e7e046f545b47c9805ddcb78f08915f8/elements - {"using":"xpath","value":"(//span[contains(@title ,\"WebdriverYard5b5aq\")])[1]"}
RESULT: {"using":"xpath","value":"(//span[contains(@title ,\"WebdriverYard5b5aq\")])[1]"}
COMMAND: POST /session/e7e046f545b47c9805ddcb78f08915f8/elements - {"using":"xpath","value":"(//span[contains(@title ,\"WebdriverYard5b5aq\")])[1]"}
RESULT: {"using":"xpath","value":"(//span[contains(@title ,\"WebdriverYard5b5aq\")])[1]"}
COMMAND: POST /session/e7e046f545b47c9805ddcb78f08915f8/elements - {"using":"xpath","value":"(//span[contains(@title ,\"WebdriverYard5b5aq\")])[1]"}
RESULT: {"using":"xpath","value":"(//span[contains(@title ,\"WebdriverYard5b5aq\")])[1]"}
COMMAND: POST /session/e7e046f545b47c9805ddcb78f08915f8/elements - {"using":"xpath","value":"(//span[contains(@title ,\"WebdriverYard5b5aq\")])[1]"}
RESULT: {"using":"xpath","value":"(//span[contains(@title ,\"WebdriverYard5b5aq\")])[1]"}
COMMAND: POST /session/e7e046f545b47c9805ddcb78f08915f8/elements - {"using":"xpath","value":"(//span[contains(@title ,\"WebdriverYard5b5aq\")])[1]"}
RESULT: {"using":"xpath","value":"(//span[contains(@title ,\"WebdriverYard5b5aq\")])[1]"}
COMMAND: POST /session/e7e046f545b47c9805ddcb78f08915f8/elements - {"using":"xpath","value":"(//span[contains(@title ,\"WebdriverYard5b5aq\")])[1]"}
RESULT: {"using":"xpath","value":"(//span[contains(@title ,\"WebdriverYard5b5aq\")])[1]"}
COMMAND: POST /session/e7e046f545b47c9805ddcb78f08915f8/elements - {"using":"xpath","value":"(//span[contains(@title ,\"WebdriverYard5b5aq\")])[1]"}
RESULT: {"using":"xpath","value":"(//span[contains(@title ,\"WebdriverYard5b5aq\")])[1]"}
COMMAND: POST /session/e7e046f545b47c9805ddcb78f08915f8/elements - {"using":"xpath","value":"(//span[contains(@title ,\"WebdriverYard5b5aq\")])[1]"}
RESULT: {"using":"xpath","value":"(//span[contains(@title ,\"WebdriverYard5b5aq\")])[1]"}
COMMAND: POST /session/e7e046f545b47c9805ddcb78f08915f8/elements - {"using":"xpath","value":"(//span[contains(@title ,\"WebdriverYard5b5aq\")])[1]"}
RESULT: {"using":"xpath","value":"(//span[contains(@title ,\"WebdriverYard5b5aq\")])[1]"}
COMMAND: POST /session/e7e046f545b47c9805ddcb78f08915f8/elements - {"using":"xpath","value":"(//span[contains(@title ,\"WebdriverYard5b5aq\")])[1]"}
RESULT: {"using":"xpath","value":"(//span[contains(@title ,\"WebdriverYard5b5aq\")])[1]"}
COMMAND: POST /session/e7e046f545b47c9805ddcb78f08915f8/elements - {"using":"xpath","value":"(//span[contains(@title ,\"WebdriverYard5b5aq\")])[1]"}
RESULT: {"using":"xpath","value":"(//span[contains(@title ,\"WebdriverYard5b5aq\")])[1]"}
COMMAND: POST /session/e7e046f545b47c9805ddcb78f08915f8/elements - {"using":"xpath","value":"(//span[contains(@title ,\"WebdriverYard5b5aq\")])[1]"}
RESULT: {"using":"xpath","value":"(//span[contains(@title ,\"WebdriverYard5b5aq\")])[1]"}
COMMAND: POST /session/e7e046f545b47c9805ddcb78f08915f8/elements - {"using":"xpath","value":"(//span[contains(@title ,\"WebdriverYard5b5aq\")])[1]"}
RESULT: {"using":"xpath","value":"(//span[contains(@title ,\"WebdriverYard5b5aq\")])[1]"}
COMMAND: POST /session/e7e046f545b47c9805ddcb78f08915f8/elements - {"using":"xpath","value":"(//span[contains(@title ,\"WebdriverYard5b5aq\")])[1]"}
RESULT: {"using":"xpath","value":"(//span[contains(@title ,\"WebdriverYard5b5aq\")])[1]"}
COMMAND: POST /session/e7e046f545b47c9805ddcb78f08915f8/elements - {"using":"xpath","value":"(//span[contains(@title ,\"WebdriverYard5b5aq\")])[1]"}
RESULT: {"using":"xpath","value":"(//span[contains(@title ,\"WebdriverYard5b5aq\")])[1]"}
COMMAND: GET /session/e7e046f545b47c9805ddcb78f08915f8/screenshot - {}
RESULT: {}
]]></system-out>
      <system-err><![CDATA[
Error: element ("(//span[contains(@title ,"WebdriverYard5b5aq")])[1]") still not existing after 45000ms
    at async Context.<anonymous> (D:\a\1\s\test\specs\R2C\reserve-unreserve-request-item-via-reserve-option.spec.js:506:9)
]]></system-err>
    </testcase>
  </testsuite>
  <testsuite timestamp="2025-05-30T16:14:36" time="61.124" tests="1" failures="1" errors="1" skipped="0">
    <properties>
      <property name="specId" value="0"/>
      <property name="suiteName" value="Reserve/Unreserve request item via reserve option US139161"/>
      <property name="capabilities" value="chrome.136_0_7103_93.windows"/>
      <property name="file" value="file:///D:/a/1/s/test/specs/R2C/manage-reservations-view-planning-board.spec.js"/>
    </properties>
    <testcase classname="chrome.136_0_7103_93.windows.Reserve/Unreserve_request_item_via_reserve_option_US139161" name="Should open a reservation to verify and edit the details" time="61.12">
      <failure/>
      <error message="Expect $(`//button[contains(@data-kt, &quot;unplanButton&quot;)]`) to be displayed&#xA;&#xA;Expected: &quot;displayed&quot;&#xA;Received: &quot;not displayed&quot;"/>
      <system-out><![CDATA[
COMMAND: POST /session/e7e046f545b47c9805ddcb78f08915f8/element - {"using":"xpath","value":"//button[contains(@data-kt, \"editButton\")]"}
COMMAND: GET /session/e7e046f545b47c9805ddcb78f08915f8/screenshot - {}
COMMAND: GET /session/e7e046f545b47c9805ddcb78f08915f8/screenshot - {}
RESULT: {"using":"xpath","value":"//button[contains(@data-kt, \"editButton\")]"}
COMMAND: POST /session/e7e046f545b47c9805ddcb78f08915f8/execute/sync - {"script":"<script> [8489 bytes]","args":[{"element-6066-11e4-a52e-4f735466cecf":"f.0B5413DFD1C3A3AA7B72F051E5DEC85E.d.6A561BEF021B3CCA4D64A91F0C88F171.e.9816","ELEMENT":"f.0B5413DFD1C3A3AA7B72F051E5DEC85E.d.6A561BEF021B3CCA4D64A91F0C88F171.e.9816"}]}
RESULT: {}
RESULT: {}
RESULT: {"script":"<script> [8489 bytes]","args":[{"element-6066-11e4-a52e-4f735466cecf":"f.0B5413DFD1C3A3AA7B72F051E5DEC85E.d.6A561BEF021B3CCA4D64A91F0C88F171.e.9816","ELEMENT":"f.0B5413DFD1C3A3AA7B72F051E5DEC85E.d.6A561BEF021B3CCA4D64A91F0C88F171.e.9816"}]}
COMMAND: POST /session/e7e046f545b47c9805ddcb78f08915f8/element - {"using":"xpath","value":"//button[contains(@data-kt, \"unplanButton\")]"}
COMMAND: GET /session/e7e046f545b47c9805ddcb78f08915f8/screenshot - {}
RESULT: {"using":"xpath","value":"//button[contains(@data-kt, \"unplanButton\")]"}
COMMAND: POST /session/e7e046f545b47c9805ddcb78f08915f8/element - {"using":"xpath","value":"//button[contains(@data-kt, \"unplanButton\")]"}
RESULT: {}
RESULT: {"using":"xpath","value":"//button[contains(@data-kt, \"unplanButton\")]"}
COMMAND: POST /session/e7e046f545b47c9805ddcb78f08915f8/element - {"using":"xpath","value":"//button[contains(@data-kt, \"unplanButton\")]"}
RESULT: {"using":"xpath","value":"//button[contains(@data-kt, \"unplanButton\")]"}
COMMAND: POST /session/e7e046f545b47c9805ddcb78f08915f8/element - {"using":"xpath","value":"//button[contains(@data-kt, \"unplanButton\")]"}
RESULT: {"using":"xpath","value":"//button[contains(@data-kt, \"unplanButton\")]"}
COMMAND: POST /session/e7e046f545b47c9805ddcb78f08915f8/element - {"using":"xpath","value":"//button[contains(@data-kt, \"unplanButton\")]"}
RESULT: {"using":"xpath","value":"//button[contains(@data-kt, \"unplanButton\")]"}
COMMAND: POST /session/e7e046f545b47c9805ddcb78f08915f8/element - {"using":"xpath","value":"//button[contains(@data-kt, \"unplanButton\")]"}
RESULT: {"using":"xpath","value":"//button[contains(@data-kt, \"unplanButton\")]"}
COMMAND: POST /session/e7e046f545b47c9805ddcb78f08915f8/element - {"using":"xpath","value":"//button[contains(@data-kt, \"unplanButton\")]"}
RESULT: {"using":"xpath","value":"//button[contains(@data-kt, \"unplanButton\")]"}
COMMAND: POST /session/e7e046f545b47c9805ddcb78f08915f8/element - {"using":"xpath","value":"//button[contains(@data-kt, \"unplanButton\")]"}
RESULT: {"using":"xpath","value":"//button[contains(@data-kt, \"unplanButton\")]"}
COMMAND: POST /session/e7e046f545b47c9805ddcb78f08915f8/element - {"using":"xpath","value":"//button[contains(@data-kt, \"unplanButton\")]"}
RESULT: {"using":"xpath","value":"//button[contains(@data-kt, \"unplanButton\")]"}
COMMAND: POST /session/e7e046f545b47c9805ddcb78f08915f8/element - {"using":"xpath","value":"//button[contains(@data-kt, \"unplanButton\")]"}
RESULT: {"using":"xpath","value":"//button[contains(@data-kt, \"unplanButton\")]"}
COMMAND: POST /session/e7e046f545b47c9805ddcb78f08915f8/element - {"using":"xpath","value":"//button[contains(@data-kt, \"unplanButton\")]"}
RESULT: {"using":"xpath","value":"//button[contains(@data-kt, \"unplanButton\")]"}
COMMAND: POST /session/e7e046f545b47c9805ddcb78f08915f8/element - {"using":"xpath","value":"//button[contains(@data-kt, \"unplanButton\")]"}
RESULT: {"using":"xpath","value":"//button[contains(@data-kt, \"unplanButton\")]"}
COMMAND: POST /session/e7e046f545b47c9805ddcb78f08915f8/element - {"using":"xpath","value":"//button[contains(@data-kt, \"unplanButton\")]"}
RESULT: {"using":"xpath","value":"//button[contains(@data-kt, \"unplanButton\")]"}
COMMAND: POST /session/e7e046f545b47c9805ddcb78f08915f8/element - {"using":"xpath","value":"//button[contains(@data-kt, \"unplanButton\")]"}
RESULT: {"using":"xpath","value":"//button[contains(@data-kt, \"unplanButton\")]"}
COMMAND: POST /session/e7e046f545b47c9805ddcb78f08915f8/element - {"using":"xpath","value":"//button[contains(@data-kt, \"unplanButton\")]"}
RESULT: {"using":"xpath","value":"//button[contains(@data-kt, \"unplanButton\")]"}
COMMAND: POST /session/e7e046f545b47c9805ddcb78f08915f8/element - {"using":"xpath","value":"//button[contains(@data-kt, \"unplanButton\")]"}
RESULT: {"using":"xpath","value":"//button[contains(@data-kt, \"unplanButton\")]"}
COMMAND: POST /session/e7e046f545b47c9805ddcb78f08915f8/element - {"using":"xpath","value":"//button[contains(@data-kt, \"unplanButton\")]"}
RESULT: {"using":"xpath","value":"//button[contains(@data-kt, \"unplanButton\")]"}
COMMAND: POST /session/e7e046f545b47c9805ddcb78f08915f8/element - {"using":"xpath","value":"//button[contains(@data-kt, \"unplanButton\")]"}
RESULT: {"using":"xpath","value":"//button[contains(@data-kt, \"unplanButton\")]"}
COMMAND: POST /session/e7e046f545b47c9805ddcb78f08915f8/element - {"using":"xpath","value":"//button[contains(@data-kt, \"unplanButton\")]"}
RESULT: {"using":"xpath","value":"//button[contains(@data-kt, \"unplanButton\")]"}
COMMAND: POST /session/e7e046f545b47c9805ddcb78f08915f8/element - {"using":"xpath","value":"//button[contains(@data-kt, \"unplanButton\")]"}
RESULT: {"using":"xpath","value":"//button[contains(@data-kt, \"unplanButton\")]"}
COMMAND: POST /session/e7e046f545b47c9805ddcb78f08915f8/element - {"using":"xpath","value":"//button[contains(@data-kt, \"unplanButton\")]"}
RESULT: {"using":"xpath","value":"//button[contains(@data-kt, \"unplanButton\")]"}
COMMAND: POST /session/e7e046f545b47c9805ddcb78f08915f8/element - {"using":"xpath","value":"//button[contains(@data-kt, \"unplanButton\")]"}
RESULT: {"using":"xpath","value":"//button[contains(@data-kt, \"unplanButton\")]"}
COMMAND: POST /session/e7e046f545b47c9805ddcb78f08915f8/element - {"using":"xpath","value":"//button[contains(@data-kt, \"unplanButton\")]"}
RESULT: {"using":"xpath","value":"//button[contains(@data-kt, \"unplanButton\")]"}
COMMAND: POST /session/e7e046f545b47c9805ddcb78f08915f8/element - {"using":"xpath","value":"//button[contains(@data-kt, \"unplanButton\")]"}
RESULT: {"using":"xpath","value":"//button[contains(@data-kt, \"unplanButton\")]"}
COMMAND: POST /session/e7e046f545b47c9805ddcb78f08915f8/element - {"using":"xpath","value":"//button[contains(@data-kt, \"unplanButton\")]"}
RESULT: {"using":"xpath","value":"//button[contains(@data-kt, \"unplanButton\")]"}
COMMAND: POST /session/e7e046f545b47c9805ddcb78f08915f8/element - {"using":"xpath","value":"//button[contains(@data-kt, \"unplanButton\")]"}
RESULT: {"using":"xpath","value":"//button[contains(@data-kt, \"unplanButton\")]"}
COMMAND: POST /session/e7e046f545b47c9805ddcb78f08915f8/element - {"using":"xpath","value":"//button[contains(@data-kt, \"unplanButton\")]"}
RESULT: {"using":"xpath","value":"//button[contains(@data-kt, \"unplanButton\")]"}
COMMAND: POST /session/e7e046f545b47c9805ddcb78f08915f8/element - {"using":"xpath","value":"//button[contains(@data-kt, \"unplanButton\")]"}
RESULT: {"using":"xpath","value":"//button[contains(@data-kt, \"unplanButton\")]"}
COMMAND: POST /session/e7e046f545b47c9805ddcb78f08915f8/element - {"using":"xpath","value":"//button[contains(@data-kt, \"unplanButton\")]"}
RESULT: {"using":"xpath","value":"//button[contains(@data-kt, \"unplanButton\")]"}
COMMAND: POST /session/e7e046f545b47c9805ddcb78f08915f8/element - {"using":"xpath","value":"//button[contains(@data-kt, \"unplanButton\")]"}
RESULT: {"using":"xpath","value":"//button[contains(@data-kt, \"unplanButton\")]"}
COMMAND: POST /session/e7e046f545b47c9805ddcb78f08915f8/element - {"using":"xpath","value":"//button[contains(@data-kt, \"unplanButton\")]"}
RESULT: {"using":"xpath","value":"//button[contains(@data-kt, \"unplanButton\")]"}
COMMAND: POST /session/e7e046f545b47c9805ddcb78f08915f8/element - {"using":"xpath","value":"//button[contains(@data-kt, \"unplanButton\")]"}
RESULT: {"using":"xpath","value":"//button[contains(@data-kt, \"unplanButton\")]"}
COMMAND: POST /session/e7e046f545b47c9805ddcb78f08915f8/element - {"using":"xpath","value":"//button[contains(@data-kt, \"unplanButton\")]"}
RESULT: {"using":"xpath","value":"//button[contains(@data-kt, \"unplanButton\")]"}
COMMAND: POST /session/e7e046f545b47c9805ddcb78f08915f8/element - {"using":"xpath","value":"//button[contains(@data-kt, \"unplanButton\")]"}
RESULT: {"using":"xpath","value":"//button[contains(@data-kt, \"unplanButton\")]"}
COMMAND: POST /session/e7e046f545b47c9805ddcb78f08915f8/element - {"using":"xpath","value":"//button[contains(@data-kt, \"unplanButton\")]"}
RESULT: {"using":"xpath","value":"//button[contains(@data-kt, \"unplanButton\")]"}
COMMAND: POST /session/e7e046f545b47c9805ddcb78f08915f8/element - {"using":"xpath","value":"//button[contains(@data-kt, \"unplanButton\")]"}
RESULT: {"using":"xpath","value":"//button[contains(@data-kt, \"unplanButton\")]"}
COMMAND: POST /session/e7e046f545b47c9805ddcb78f08915f8/element - {"using":"xpath","value":"//button[contains(@data-kt, \"unplanButton\")]"}
RESULT: {"using":"xpath","value":"//button[contains(@data-kt, \"unplanButton\")]"}
COMMAND: POST /session/e7e046f545b47c9805ddcb78f08915f8/element - {"using":"xpath","value":"//button[contains(@data-kt, \"unplanButton\")]"}
RESULT: {"using":"xpath","value":"//button[contains(@data-kt, \"unplanButton\")]"}
COMMAND: POST /session/e7e046f545b47c9805ddcb78f08915f8/element - {"using":"xpath","value":"//button[contains(@data-kt, \"unplanButton\")]"}
RESULT: {"using":"xpath","value":"//button[contains(@data-kt, \"unplanButton\")]"}
COMMAND: POST /session/e7e046f545b47c9805ddcb78f08915f8/element - {"using":"xpath","value":"//button[contains(@data-kt, \"unplanButton\")]"}
RESULT: {"using":"xpath","value":"//button[contains(@data-kt, \"unplanButton\")]"}
COMMAND: POST /session/e7e046f545b47c9805ddcb78f08915f8/element - {"using":"xpath","value":"//button[contains(@data-kt, \"unplanButton\")]"}
RESULT: {"using":"xpath","value":"//button[contains(@data-kt, \"unplanButton\")]"}
COMMAND: POST /session/e7e046f545b47c9805ddcb78f08915f8/element - {"using":"xpath","value":"//button[contains(@data-kt, \"unplanButton\")]"}
RESULT: {"using":"xpath","value":"//button[contains(@data-kt, \"unplanButton\")]"}
COMMAND: POST /session/e7e046f545b47c9805ddcb78f08915f8/element - {"using":"xpath","value":"//button[contains(@data-kt, \"unplanButton\")]"}
RESULT: {"using":"xpath","value":"//button[contains(@data-kt, \"unplanButton\")]"}
COMMAND: POST /session/e7e046f545b47c9805ddcb78f08915f8/element - {"using":"xpath","value":"//button[contains(@data-kt, \"unplanButton\")]"}
RESULT: {"using":"xpath","value":"//button[contains(@data-kt, \"unplanButton\")]"}
COMMAND: POST /session/e7e046f545b47c9805ddcb78f08915f8/element - {"using":"xpath","value":"//button[contains(@data-kt, \"unplanButton\")]"}
RESULT: {"using":"xpath","value":"//button[contains(@data-kt, \"unplanButton\")]"}
COMMAND: POST /session/e7e046f545b47c9805ddcb78f08915f8/element - {"using":"xpath","value":"//button[contains(@data-kt, \"unplanButton\")]"}
RESULT: {"using":"xpath","value":"//button[contains(@data-kt, \"unplanButton\")]"}
COMMAND: POST /session/e7e046f545b47c9805ddcb78f08915f8/element - {"using":"xpath","value":"//button[contains(@data-kt, \"unplanButton\")]"}
RESULT: {"using":"xpath","value":"//button[contains(@data-kt, \"unplanButton\")]"}
COMMAND: POST /session/e7e046f545b47c9805ddcb78f08915f8/element - {"using":"xpath","value":"//button[contains(@data-kt, \"unplanButton\")]"}
RESULT: {"using":"xpath","value":"//button[contains(@data-kt, \"unplanButton\")]"}
COMMAND: POST /session/e7e046f545b47c9805ddcb78f08915f8/element - {"using":"xpath","value":"//button[contains(@data-kt, \"unplanButton\")]"}
RESULT: {"using":"xpath","value":"//button[contains(@data-kt, \"unplanButton\")]"}
COMMAND: POST /session/e7e046f545b47c9805ddcb78f08915f8/element - {"using":"xpath","value":"//button[contains(@data-kt, \"unplanButton\")]"}
RESULT: {"using":"xpath","value":"//button[contains(@data-kt, \"unplanButton\")]"}
COMMAND: POST /session/e7e046f545b47c9805ddcb78f08915f8/element - {"using":"xpath","value":"//button[contains(@data-kt, \"unplanButton\")]"}
RESULT: {"using":"xpath","value":"//button[contains(@data-kt, \"unplanButton\")]"}
COMMAND: POST /session/e7e046f545b47c9805ddcb78f08915f8/element - {"using":"xpath","value":"//button[contains(@data-kt, \"unplanButton\")]"}
RESULT: {"using":"xpath","value":"//button[contains(@data-kt, \"unplanButton\")]"}
COMMAND: POST /session/e7e046f545b47c9805ddcb78f08915f8/element - {"using":"xpath","value":"//button[contains(@data-kt, \"unplanButton\")]"}
RESULT: {"using":"xpath","value":"//button[contains(@data-kt, \"unplanButton\")]"}
COMMAND: POST /session/e7e046f545b47c9805ddcb78f08915f8/element - {"using":"xpath","value":"//button[contains(@data-kt, \"unplanButton\")]"}
RESULT: {"using":"xpath","value":"//button[contains(@data-kt, \"unplanButton\")]"}
COMMAND: POST /session/e7e046f545b47c9805ddcb78f08915f8/element - {"using":"xpath","value":"//button[contains(@data-kt, \"unplanButton\")]"}
RESULT: {"using":"xpath","value":"//button[contains(@data-kt, \"unplanButton\")]"}
COMMAND: POST /session/e7e046f545b47c9805ddcb78f08915f8/element - {"using":"xpath","value":"//button[contains(@data-kt, \"unplanButton\")]"}
RESULT: {"using":"xpath","value":"//button[contains(@data-kt, \"unplanButton\")]"}
COMMAND: POST /session/e7e046f545b47c9805ddcb78f08915f8/element - {"using":"xpath","value":"//button[contains(@data-kt, \"unplanButton\")]"}
RESULT: {"using":"xpath","value":"//button[contains(@data-kt, \"unplanButton\")]"}
COMMAND: POST /session/e7e046f545b47c9805ddcb78f08915f8/element - {"using":"xpath","value":"//button[contains(@data-kt, \"unplanButton\")]"}
RESULT: {"using":"xpath","value":"//button[contains(@data-kt, \"unplanButton\")]"}
COMMAND: POST /session/e7e046f545b47c9805ddcb78f08915f8/element - {"using":"xpath","value":"//button[contains(@data-kt, \"unplanButton\")]"}
RESULT: {"using":"xpath","value":"//button[contains(@data-kt, \"unplanButton\")]"}
COMMAND: POST /session/e7e046f545b47c9805ddcb78f08915f8/element - {"using":"xpath","value":"//button[contains(@data-kt, \"unplanButton\")]"}
RESULT: {"using":"xpath","value":"//button[contains(@data-kt, \"unplanButton\")]"}
COMMAND: POST /session/e7e046f545b47c9805ddcb78f08915f8/element - {"using":"xpath","value":"//button[contains(@data-kt, \"unplanButton\")]"}
RESULT: {"using":"xpath","value":"//button[contains(@data-kt, \"unplanButton\")]"}
COMMAND: POST /session/e7e046f545b47c9805ddcb78f08915f8/element - {"using":"xpath","value":"//button[contains(@data-kt, \"unplanButton\")]"}
RESULT: {"using":"xpath","value":"//button[contains(@data-kt, \"unplanButton\")]"}
COMMAND: POST /session/e7e046f545b47c9805ddcb78f08915f8/element - {"using":"xpath","value":"//button[contains(@data-kt, \"unplanButton\")]"}
RESULT: {"using":"xpath","value":"//button[contains(@data-kt, \"unplanButton\")]"}
COMMAND: POST /session/e7e046f545b47c9805ddcb78f08915f8/element - {"using":"xpath","value":"//button[contains(@data-kt, \"unplanButton\")]"}
RESULT: {"using":"xpath","value":"//button[contains(@data-kt, \"unplanButton\")]"}
COMMAND: POST /session/e7e046f545b47c9805ddcb78f08915f8/element - {"using":"xpath","value":"//button[contains(@data-kt, \"unplanButton\")]"}
RESULT: {"using":"xpath","value":"//button[contains(@data-kt, \"unplanButton\")]"}
COMMAND: POST /session/e7e046f545b47c9805ddcb78f08915f8/element - {"using":"xpath","value":"//button[contains(@data-kt, \"unplanButton\")]"}
RESULT: {"using":"xpath","value":"//button[contains(@data-kt, \"unplanButton\")]"}
COMMAND: POST /session/e7e046f545b47c9805ddcb78f08915f8/element - {"using":"xpath","value":"//button[contains(@data-kt, \"unplanButton\")]"}
RESULT: {"using":"xpath","value":"//button[contains(@data-kt, \"unplanButton\")]"}
COMMAND: POST /session/e7e046f545b47c9805ddcb78f08915f8/element - {"using":"xpath","value":"//button[contains(@data-kt, \"unplanButton\")]"}
RESULT: {"using":"xpath","value":"//button[contains(@data-kt, \"unplanButton\")]"}
COMMAND: POST /session/e7e046f545b47c9805ddcb78f08915f8/element - {"using":"xpath","value":"//button[contains(@data-kt, \"unplanButton\")]"}
RESULT: {"using":"xpath","value":"//button[contains(@data-kt, \"unplanButton\")]"}
COMMAND: POST /session/e7e046f545b47c9805ddcb78f08915f8/element - {"using":"xpath","value":"//button[contains(@data-kt, \"unplanButton\")]"}
RESULT: {"using":"xpath","value":"//button[contains(@data-kt, \"unplanButton\")]"}
COMMAND: POST /session/e7e046f545b47c9805ddcb78f08915f8/element - {"using":"xpath","value":"//button[contains(@data-kt, \"unplanButton\")]"}
RESULT: {"using":"xpath","value":"//button[contains(@data-kt, \"unplanButton\")]"}
COMMAND: POST /session/e7e046f545b47c9805ddcb78f08915f8/element - {"using":"xpath","value":"//button[contains(@data-kt, \"unplanButton\")]"}
RESULT: {"using":"xpath","value":"//button[contains(@data-kt, \"unplanButton\")]"}
COMMAND: POST /session/e7e046f545b47c9805ddcb78f08915f8/element - {"using":"xpath","value":"//button[contains(@data-kt, \"unplanButton\")]"}
RESULT: {"using":"xpath","value":"//button[contains(@data-kt, \"unplanButton\")]"}
COMMAND: POST /session/e7e046f545b47c9805ddcb78f08915f8/element - {"using":"xpath","value":"//button[contains(@data-kt, \"unplanButton\")]"}
RESULT: {"using":"xpath","value":"//button[contains(@data-kt, \"unplanButton\")]"}
COMMAND: POST /session/e7e046f545b47c9805ddcb78f08915f8/element - {"using":"xpath","value":"//button[contains(@data-kt, \"unplanButton\")]"}
RESULT: {"using":"xpath","value":"//button[contains(@data-kt, \"unplanButton\")]"}
COMMAND: POST /session/e7e046f545b47c9805ddcb78f08915f8/element - {"using":"xpath","value":"//button[contains(@data-kt, \"unplanButton\")]"}
RESULT: {"using":"xpath","value":"//button[contains(@data-kt, \"unplanButton\")]"}
COMMAND: POST /session/e7e046f545b47c9805ddcb78f08915f8/element - {"using":"xpath","value":"//button[contains(@data-kt, \"unplanButton\")]"}
RESULT: {"using":"xpath","value":"//button[contains(@data-kt, \"unplanButton\")]"}
COMMAND: POST /session/e7e046f545b47c9805ddcb78f08915f8/element - {"using":"xpath","value":"//button[contains(@data-kt, \"unplanButton\")]"}
RESULT: {"using":"xpath","value":"//button[contains(@data-kt, \"unplanButton\")]"}
COMMAND: POST /session/e7e046f545b47c9805ddcb78f08915f8/element - {"using":"xpath","value":"//button[contains(@data-kt, \"unplanButton\")]"}
RESULT: {"using":"xpath","value":"//button[contains(@data-kt, \"unplanButton\")]"}
COMMAND: POST /session/e7e046f545b47c9805ddcb78f08915f8/element - {"using":"xpath","value":"//button[contains(@data-kt, \"unplanButton\")]"}
RESULT: {"using":"xpath","value":"//button[contains(@data-kt, \"unplanButton\")]"}
COMMAND: POST /session/e7e046f545b47c9805ddcb78f08915f8/element - {"using":"xpath","value":"//button[contains(@data-kt, \"unplanButton\")]"}
RESULT: {"using":"xpath","value":"//button[contains(@data-kt, \"unplanButton\")]"}
COMMAND: POST /session/e7e046f545b47c9805ddcb78f08915f8/element - {"using":"xpath","value":"//button[contains(@data-kt, \"unplanButton\")]"}
RESULT: {"using":"xpath","value":"//button[contains(@data-kt, \"unplanButton\")]"}
COMMAND: POST /session/e7e046f545b47c9805ddcb78f08915f8/element - {"using":"xpath","value":"//button[contains(@data-kt, \"unplanButton\")]"}
RESULT: {"using":"xpath","value":"//button[contains(@data-kt, \"unplanButton\")]"}
COMMAND: POST /session/e7e046f545b47c9805ddcb78f08915f8/element - {"using":"xpath","value":"//button[contains(@data-kt, \"unplanButton\")]"}
RESULT: {"using":"xpath","value":"//button[contains(@data-kt, \"unplanButton\")]"}
COMMAND: POST /session/e7e046f545b47c9805ddcb78f08915f8/element - {"using":"xpath","value":"//button[contains(@data-kt, \"unplanButton\")]"}
RESULT: {"using":"xpath","value":"//button[contains(@data-kt, \"unplanButton\")]"}
COMMAND: POST /session/e7e046f545b47c9805ddcb78f08915f8/element - {"using":"xpath","value":"//button[contains(@data-kt, \"unplanButton\")]"}
RESULT: {"using":"xpath","value":"//button[contains(@data-kt, \"unplanButton\")]"}
COMMAND: POST /session/e7e046f545b47c9805ddcb78f08915f8/element - {"using":"xpath","value":"//button[contains(@data-kt, \"unplanButton\")]"}
RESULT: {"using":"xpath","value":"//button[contains(@data-kt, \"unplanButton\")]"}
COMMAND: POST /session/e7e046f545b47c9805ddcb78f08915f8/element - {"using":"xpath","value":"//button[contains(@data-kt, \"unplanButton\")]"}
RESULT: {"using":"xpath","value":"//button[contains(@data-kt, \"unplanButton\")]"}
COMMAND: POST /session/e7e046f545b47c9805ddcb78f08915f8/element - {"using":"xpath","value":"//button[contains(@data-kt, \"unplanButton\")]"}
RESULT: {"using":"xpath","value":"//button[contains(@data-kt, \"unplanButton\")]"}
COMMAND: POST /session/e7e046f545b47c9805ddcb78f08915f8/element - {"using":"xpath","value":"//button[contains(@data-kt, \"unplanButton\")]"}
RESULT: {"using":"xpath","value":"//button[contains(@data-kt, \"unplanButton\")]"}
COMMAND: POST /session/e7e046f545b47c9805ddcb78f08915f8/element - {"using":"xpath","value":"//button[contains(@data-kt, \"unplanButton\")]"}
RESULT: {"using":"xpath","value":"//button[contains(@data-kt, \"unplanButton\")]"}
COMMAND: POST /session/e7e046f545b47c9805ddcb78f08915f8/element - {"using":"xpath","value":"//button[contains(@data-kt, \"unplanButton\")]"}
RESULT: {"using":"xpath","value":"//button[contains(@data-kt, \"unplanButton\")]"}
COMMAND: POST /session/e7e046f545b47c9805ddcb78f08915f8/element - {"using":"xpath","value":"//button[contains(@data-kt, \"unplanButton\")]"}
RESULT: {"using":"xpath","value":"//button[contains(@data-kt, \"unplanButton\")]"}
COMMAND: POST /session/e7e046f545b47c9805ddcb78f08915f8/element - {"using":"xpath","value":"//button[contains(@data-kt, \"unplanButton\")]"}
RESULT: {"using":"xpath","value":"//button[contains(@data-kt, \"unplanButton\")]"}
COMMAND: POST /session/e7e046f545b47c9805ddcb78f08915f8/element - {"using":"xpath","value":"//button[contains(@data-kt, \"unplanButton\")]"}
RESULT: {"using":"xpath","value":"//button[contains(@data-kt, \"unplanButton\")]"}
COMMAND: POST /session/e7e046f545b47c9805ddcb78f08915f8/element - {"using":"xpath","value":"//button[contains(@data-kt, \"unplanButton\")]"}
RESULT: {"using":"xpath","value":"//button[contains(@data-kt, \"unplanButton\")]"}
COMMAND: POST /session/e7e046f545b47c9805ddcb78f08915f8/element - {"using":"xpath","value":"//button[contains(@data-kt, \"unplanButton\")]"}
RESULT: {"using":"xpath","value":"//button[contains(@data-kt, \"unplanButton\")]"}
COMMAND: POST /session/e7e046f545b47c9805ddcb78f08915f8/element - {"using":"xpath","value":"//button[contains(@data-kt, \"unplanButton\")]"}
RESULT: {"using":"xpath","value":"//button[contains(@data-kt, \"unplanButton\")]"}
COMMAND: POST /session/e7e046f545b47c9805ddcb78f08915f8/element - {"using":"xpath","value":"//button[contains(@data-kt, \"unplanButton\")]"}
RESULT: {"using":"xpath","value":"//button[contains(@data-kt, \"unplanButton\")]"}
COMMAND: POST /session/e7e046f545b47c9805ddcb78f08915f8/element - {"using":"xpath","value":"//button[contains(@data-kt, \"unplanButton\")]"}
RESULT: {"using":"xpath","value":"//button[contains(@data-kt, \"unplanButton\")]"}
COMMAND: POST /session/e7e046f545b47c9805ddcb78f08915f8/element - {"using":"xpath","value":"//button[contains(@data-kt, \"unplanButton\")]"}
RESULT: {"using":"xpath","value":"//button[contains(@data-kt, \"unplanButton\")]"}
COMMAND: POST /session/e7e046f545b47c9805ddcb78f08915f8/element - {"using":"xpath","value":"//button[contains(@data-kt, \"unplanButton\")]"}
RESULT: {"using":"xpath","value":"//button[contains(@data-kt, \"unplanButton\")]"}
COMMAND: POST /session/e7e046f545b47c9805ddcb78f08915f8/element - {"using":"xpath","value":"//button[contains(@data-kt, \"unplanButton\")]"}
RESULT: {"using":"xpath","value":"//button[contains(@data-kt, \"unplanButton\")]"}
COMMAND: POST /session/e7e046f545b47c9805ddcb78f08915f8/element - {"using":"xpath","value":"//button[contains(@data-kt, \"unplanButton\")]"}
RESULT: {"using":"xpath","value":"//button[contains(@data-kt, \"unplanButton\")]"}
COMMAND: POST /session/e7e046f545b47c9805ddcb78f08915f8/element - {"using":"xpath","value":"//button[contains(@data-kt, \"unplanButton\")]"}
RESULT: {"using":"xpath","value":"//button[contains(@data-kt, \"unplanButton\")]"}
COMMAND: POST /session/e7e046f545b47c9805ddcb78f08915f8/element - {"using":"xpath","value":"//button[contains(@data-kt, \"unplanButton\")]"}
RESULT: {"using":"xpath","value":"//button[contains(@data-kt, \"unplanButton\")]"}
COMMAND: POST /session/e7e046f545b47c9805ddcb78f08915f8/element - {"using":"xpath","value":"//button[contains(@data-kt, \"unplanButton\")]"}
RESULT: {"using":"xpath","value":"//button[contains(@data-kt, \"unplanButton\")]"}
COMMAND: POST /session/e7e046f545b47c9805ddcb78f08915f8/element - {"using":"xpath","value":"//button[contains(@data-kt, \"unplanButton\")]"}
RESULT: {"using":"xpath","value":"//button[contains(@data-kt, \"unplanButton\")]"}
COMMAND: POST /session/e7e046f545b47c9805ddcb78f08915f8/element - {"using":"xpath","value":"//button[contains(@data-kt, \"unplanButton\")]"}
RESULT: {"using":"xpath","value":"//button[contains(@data-kt, \"unplanButton\")]"}
COMMAND: POST /session/e7e046f545b47c9805ddcb78f08915f8/element - {"using":"xpath","value":"//button[contains(@data-kt, \"unplanButton\")]"}
RESULT: {"using":"xpath","value":"//button[contains(@data-kt, \"unplanButton\")]"}
COMMAND: POST /session/e7e046f545b47c9805ddcb78f08915f8/element - {"using":"xpath","value":"//button[contains(@data-kt, \"unplanButton\")]"}
RESULT: {"using":"xpath","value":"//button[contains(@data-kt, \"unplanButton\")]"}
COMMAND: POST /session/e7e046f545b47c9805ddcb78f08915f8/element - {"using":"xpath","value":"//button[contains(@data-kt, \"unplanButton\")]"}
RESULT: {"using":"xpath","value":"//button[contains(@data-kt, \"unplanButton\")]"}
COMMAND: POST /session/e7e046f545b47c9805ddcb78f08915f8/element - {"using":"xpath","value":"//button[contains(@data-kt, \"unplanButton\")]"}
RESULT: {"using":"xpath","value":"//button[contains(@data-kt, \"unplanButton\")]"}
COMMAND: GET /session/e7e046f545b47c9805ddcb78f08915f8/screenshot - {}
RESULT: {}
COMMAND: POST /session/e7e046f545b47c9805ddcb78f08915f8/element - {"using":"css selector","value":"#shell-header-logo"}
COMMAND: GET /session/e7e046f545b47c9805ddcb78f08915f8/screenshot - {}
COMMAND: GET /session/e7e046f545b47c9805ddcb78f08915f8/screenshot - {}
RESULT: {"using":"css selector","value":"#shell-header-logo"}
COMMAND: POST /session/e7e046f545b47c9805ddcb78f08915f8/element/f.0B5413DFD1C3A3AA7B72F051E5DEC85E.d.6A561BEF021B3CCA4D64A91F0C88F171.e.8966/click - {}
RESULT: {}
RESULT: {}
RESULT: {}
COMMAND: GET /session/e7e046f545b47c9805ddcb78f08915f8/screenshot - {}
RESULT: {}
]]></system-out>
      <system-err><![CDATA[
Error: Expect $(`//button[contains(@data-kt, "unplanButton")]`) to be displayed

Expected: "displayed"
Received: "not displayed"
    at Context.<anonymous> (D:\a\1\s\test\specs\R2C\manage-reservations-view-planning-board.spec.js:32:36)
]]></system-err>
    </testcase>
  </testsuite>
  <testsuite timestamp="2025-05-30T16:15:38" time="458.033" tests="4" failures="2" errors="2" skipped="0">
    <properties>
      <property name="specId" value="0"/>
      <property name="suiteName" value="Process request items into an existing quotation US120163"/>
      <property name="capabilities" value="chrome.136_0_7103_93.windows"/>
      <property name="file" value="file:///D:/a/1/s/test/specs/R2C/process-request-items-into-existing-quotation.spec.js"/>
    </properties>
    <testcase classname="chrome.136_0_7103_93.windows.Process_request_items_into_an_existing_quotation_US120163" name="Should create a new quotation" time="104.41">
      <system-out><![CDATA[
COMMAND: POST /session/e7e046f545b47c9805ddcb78f08915f8/execute/async - {"script":"<script> [1562 bytes]","args":[{"selector":{"controlType":"sap.m.GenericTile","properties":{"header":"Manage Quotations"}},"wdio_ui5_key":"sapm.GenericTile{\"header\":\"Manage Quotations\"}"}]}
RESULT: {"script":"<script> [1562 bytes]","args":[{"selector":{"controlType":"sap.m.GenericTile","properties":{"header":"Manage Quotations"}},"wdio_ui5_key":"sapm.GenericTile{\"header\":\"Manage Quotations\"}"}]}
RESULT: undefined
COMMAND: POST /session/e7e046f545b47c9805ddcb78f08915f8/element - {"using":"xpath","value":"//*[@id=\"__tile130\"]"}
RESULT: {"using":"xpath","value":"//*[@id=\"__tile130\"]"}
COMMAND: POST /session/e7e046f545b47c9805ddcb78f08915f8/element/f.0B5413DFD1C3A3AA7B72F051E5DEC85E.d.6A561BEF021B3CCA4D64A91F0C88F171.e.9886/click - {}
RESULT: {}
COMMAND: GET /session/e7e046f545b47c9805ddcb78f08915f8/screenshot - {}
RESULT: {}
COMMAND: POST /session/e7e046f545b47c9805ddcb78f08915f8/elements - {"using":"xpath","value":"//span[text()='Error']"}
RESULT: {"using":"xpath","value":"//span[text()='Error']"}
COMMAND: POST /session/e7e046f545b47c9805ddcb78f08915f8/element - {"using":"xpath","value":"//button[contains(@title ,\"Add New Contract\")]"}
RESULT: {"using":"xpath","value":"//button[contains(@title ,\"Add New Contract\")]"}
COMMAND: POST /session/e7e046f545b47c9805ddcb78f08915f8/element/f.0B5413DFD1C3A3AA7B72F051E5DEC85E.d.6A561BEF021B3CCA4D64A91F0C88F171.e.9926/click - {}
RESULT: {}
COMMAND: GET /session/e7e046f545b47c9805ddcb78f08915f8/screenshot - {}
RESULT: {}
COMMAND: POST /session/e7e046f545b47c9805ddcb78f08915f8/element - {"using":"xpath","value":"//input[contains(@id ,\"application-managequotations-display-component---AddNewContract--projectDescription-inner\")]"}
RESULT: {"using":"xpath","value":"//input[contains(@id ,\"application-managequotations-display-component---AddNewContract--projectDescription-inner\")]"}
COMMAND: POST /session/e7e046f545b47c9805ddcb78f08915f8/element/f.0B5413DFD1C3A3AA7B72F051E5DEC85E.d.6A561BEF021B3CCA4D64A91F0C88F171.e.10177/value - {"text":"WdIOQuotation8qvb6"}
RESULT: {"text":"WdIOQuotation8qvb6"}
COMMAND: GET /session/e7e046f545b47c9805ddcb78f08915f8/screenshot - {}
RESULT: {}
COMMAND: POST /session/e7e046f545b47c9805ddcb78f08915f8/element - {"using":"xpath","value":"//input[contains(@id ,\"application-managequotations-display-component---AddNewContract--yardId-inner\")]"}
RESULT: {"using":"xpath","value":"//input[contains(@id ,\"application-managequotations-display-component---AddNewContract--yardId-inner\")]"}
COMMAND: POST /session/e7e046f545b47c9805ddcb78f08915f8/element/f.0B5413DFD1C3A3AA7B72F051E5DEC85E.d.6A561BEF021B3CCA4D64A91F0C88F171.e.10180/value - {"text":"WebdriverYard5b5aq"}
RESULT: {"text":"WebdriverYard5b5aq"}
COMMAND: GET /session/e7e046f545b47c9805ddcb78f08915f8/screenshot - {}
RESULT: {}
COMMAND: POST /session/e7e046f545b47c9805ddcb78f08915f8/actions - {"actions":[{"id":"action71","type":"key","parameters":{},"actions":[{"type":"keyDown","value":""},{"type":"pause","duration":10},{"type":"keyUp","value":""}]}]}
RESULT: {"actions":[{"id":"action71","type":"key","parameters":{},"actions":[{"type":"keyDown","value":""},{"type":"pause","duration":10},{"type":"keyUp","value":""}]}]}
COMMAND: GET /session/e7e046f545b47c9805ddcb78f08915f8/screenshot - {}
RESULT: {}
COMMAND: POST /session/e7e046f545b47c9805ddcb78f08915f8/element - {"using":"xpath","value":"//input[contains(@id ,\"application-managequotations-display-component---AddNewContract--customerSelect-inner\")]"}
RESULT: {"using":"xpath","value":"//input[contains(@id ,\"application-managequotations-display-component---AddNewContract--customerSelect-inner\")]"}
COMMAND: POST /session/e7e046f545b47c9805ddcb78f08915f8/element/f.0B5413DFD1C3A3AA7B72F051E5DEC85E.d.6A561BEF021B3CCA4D64A91F0C88F171.e.10178/value - {"text":"WebdriverPartnerds2fo"}
RESULT: {"text":"WebdriverPartnerds2fo"}
COMMAND: GET /session/e7e046f545b47c9805ddcb78f08915f8/screenshot - {}
RESULT: {}
COMMAND: POST /session/e7e046f545b47c9805ddcb78f08915f8/actions - {"actions":[{"id":"action72","type":"key","parameters":{},"actions":[{"type":"keyDown","value":""},{"type":"pause","duration":10},{"type":"keyUp","value":""}]}]}
RESULT: {"actions":[{"id":"action72","type":"key","parameters":{},"actions":[{"type":"keyDown","value":""},{"type":"pause","duration":10},{"type":"keyUp","value":""}]}]}
COMMAND: GET /session/e7e046f545b47c9805ddcb78f08915f8/screenshot - {}
RESULT: {}
COMMAND: POST /session/e7e046f545b47c9805ddcb78f08915f8/element - {"using":"xpath","value":"//input[contains(@id ,\"application-managequotations-display-component---AddNewContract--site-inner\")]"}
RESULT: {"using":"xpath","value":"//input[contains(@id ,\"application-managequotations-display-component---AddNewContract--site-inner\")]"}
COMMAND: POST /session/e7e046f545b47c9805ddcb78f08915f8/element/f.0B5413DFD1C3A3AA7B72F051E5DEC85E.d.6A561BEF021B3CCA4D64A91F0C88F171.e.10179/value - {"text":"WebdriverSiteivrw1"}
RESULT: {"text":"WebdriverSiteivrw1"}
COMMAND: GET /session/e7e046f545b47c9805ddcb78f08915f8/screenshot - {}
RESULT: {}
COMMAND: POST /session/e7e046f545b47c9805ddcb78f08915f8/actions - {"actions":[{"id":"action73","type":"key","parameters":{},"actions":[{"type":"keyDown","value":""},{"type":"pause","duration":10},{"type":"keyUp","value":""}]}]}
RESULT: {"actions":[{"id":"action73","type":"key","parameters":{},"actions":[{"type":"keyDown","value":""},{"type":"pause","duration":10},{"type":"keyUp","value":""}]}]}
COMMAND: GET /session/e7e046f545b47c9805ddcb78f08915f8/screenshot - {}
RESULT: {}
COMMAND: POST /session/e7e046f545b47c9805ddcb78f08915f8/element - {"using":"xpath","value":"//bdi[contains(text(), \"Save\")]"}
RESULT: {"using":"xpath","value":"//bdi[contains(text(), \"Save\")]"}
COMMAND: POST /session/e7e046f545b47c9805ddcb78f08915f8/element/f.0B5413DFD1C3A3AA7B72F051E5DEC85E.d.6A561BEF021B3CCA4D64A91F0C88F171.e.10267/click - {}
RESULT: {}
COMMAND: GET /session/e7e046f545b47c9805ddcb78f08915f8/screenshot - {}
COMMAND: POST /session/e7e046f545b47c9805ddcb78f08915f8/element - {"using":"css selector","value":"#shell-header-logo"}
RESULT: {}
RESULT: {"using":"css selector","value":"#shell-header-logo"}
COMMAND: POST /session/e7e046f545b47c9805ddcb78f08915f8/element/f.0B5413DFD1C3A3AA7B72F051E5DEC85E.d.6A561BEF021B3CCA4D64A91F0C88F171.e.9888/click - {}
RESULT: {}
COMMAND: GET /session/e7e046f545b47c9805ddcb78f08915f8/screenshot - {}
RESULT: {}
COMMAND: POST /session/e7e046f545b47c9805ddcb78f08915f8/refresh - {}
RESULT: {}
COMMAND: GET /session/e7e046f545b47c9805ddcb78f08915f8/screenshot - {}
RESULT: {}
COMMAND: POST /session/e7e046f545b47c9805ddcb78f08915f8/execute/async - {"script":"<script> [189 bytes]","args":[]}
RESULT: {"script":"<script> [189 bytes]","args":[]}
COMMAND: POST /session/e7e046f545b47c9805ddcb78f08915f8/execute/async - {"script":"<script> [123 bytes]","args":[]}
RESULT: {"script":"<script> [123 bytes]","args":[]}
COMMAND: POST /session/e7e046f545b47c9805ddcb78f08915f8/timeouts - {"script":"<number>"}
RESULT: {"script":"<number>"}
COMMAND: GET /session/e7e046f545b47c9805ddcb78f08915f8/timeouts - {}
RESULT: {}
RESULT: undefined
COMMAND: POST /session/e7e046f545b47c9805ddcb78f08915f8/execute/async - {"script":"<script> [2676 bytes]","args":[]}
RESULT: {"script":"<script> [2676 bytes]","args":[]}
COMMAND: POST /session/e7e046f545b47c9805ddcb78f08915f8/execute/async - {"script":"<script> [2342 bytes]","args":[{"protocol":"http","hostname":"0.0.0.0","path":"/","capabilities":{"browserName":"chrome","goog:chromeOptions":{"binary":"C:\\Program Files\\Google\\Chrome\\Application\\chrome.exe","args":["--start-maximized"]}},"logLevel":"warn","connectionRetryTimeout":120000,"connectionRetryCount":3,"logLevels":{},"enableDirectConnect":true,"strictSSL":true,"_":"65 more keys: [\"cacheDir\",\"port\",\"requestedCapabilities\",\"automationProtocol\",\"baseUrl\",\"waitforInterval\",\"waitforTimeout\",\"onReload\",\"beforeCommand\",\"afterCommand\",\"rootDir\",\"specs\",\"suites\",\"exclude\",\"groupLogsByTestSpec\",\"excludeDriverLogs\",\"bail\",\"framework\",\"reporters\",\"services\",\"maxInstances\",\"maxInstancesPerCapability\",\"injectGlobals\",\"filesToWatch\",\"execArgv\",\"runnerEnv\",\"runner\",\"shard\",\"specFileRetries\",\"specFileRetriesDelay\",\"specFileRetriesDeferred\",\"reporterSyncInterval\",\"reporterSyncTimeout\",\"cucumberFeaturesWithLineNumbers\",\"autoCompileOpts\",\"mochaOpts\",\"jasmineOpts\",\"cucumberOpts\",\"onPrepare\",\"onWorkerStart\",\"onWorkerEnd\",\"before\",\"beforeSession\",\"beforeSuite\",\"beforeHook\",\"beforeTest\",\"afterTest\",\"afterHook\",\"afterSuite\",\"afterSession\",\"after\",\"onComplete\",\"beforeAssertion\",\"afterAssertion\",\"beforeFeature\",\"beforeScenario\",\"beforeStep\",\"afterStep\",\"afterScenario\",\"afterFeature\",\"_\",\"suite\",\"$0\",\"ignoredWorkerServices\",\"wdi5\"]"}]}
RESULT: {"script":"<script> [2342 bytes]","args":[{"protocol":"http","hostname":"0.0.0.0","path":"/","capabilities":{"browserName":"chrome","goog:chromeOptions":{"binary":"C:\\Program Files\\Google\\Chrome\\Application\\chrome.exe","args":["--start-maximized"]}},"logLevel":"warn","connectionRetryTimeout":120000,"connectionRetryCount":3,"logLevels":{},"enableDirectConnect":true,"strictSSL":true,"_":"65 more keys: [\"cacheDir\",\"port\",\"requestedCapabilities\",\"automationProtocol\",\"baseUrl\",\"waitforInterval\",\"waitforTimeout\",\"onReload\",\"beforeCommand\",\"afterCommand\",\"rootDir\",\"specs\",\"suites\",\"exclude\",\"groupLogsByTestSpec\",\"excludeDriverLogs\",\"bail\",\"framework\",\"reporters\",\"services\",\"maxInstances\",\"maxInstancesPerCapability\",\"injectGlobals\",\"filesToWatch\",\"execArgv\",\"runnerEnv\",\"runner\",\"shard\",\"specFileRetries\",\"specFileRetriesDelay\",\"specFileRetriesDeferred\",\"reporterSyncInterval\",\"reporterSyncTimeout\",\"cucumberFeaturesWithLineNumbers\",\"autoCompileOpts\",\"mochaOpts\",\"jasmineOpts\",\"cucumberOpts\",\"onPrepare\",\"onWorkerStart\",\"onWorkerEnd\",\"before\",\"beforeSession\",\"beforeSuite\",\"beforeHook\",\"beforeTest\",\"afterTest\",\"afterHook\",\"afterSuite\",\"afterSession\",\"after\",\"onComplete\",\"beforeAssertion\",\"afterAssertion\",\"beforeFeature\",\"beforeScenario\",\"beforeStep\",\"afterStep\",\"afterScenario\",\"afterFeature\",\"_\",\"suite\",\"$0\",\"ignoredWorkerServices\",\"wdi5\"]"}]}
COMMAND: POST /session/e7e046f545b47c9805ddcb78f08915f8/execute/async - {"script":"<script> [21126 bytes]","args":[35000]}
RESULT: {"script":"<script> [21126 bytes]","args":[35000]}
]]></system-out>
    </testcase>
    <testcase classname="chrome.136_0_7103_93.windows.Process_request_items_into_an_existing_quotation_US120163" name="Should create a new request with catalog items and plan it" time="245.252">
      <system-out><![CDATA[
COMMAND: POST /session/e7e046f545b47c9805ddcb78f08915f8/execute/async - {"script":"<script> [1562 bytes]","args":[{"selector":{"controlType":"sap.m.GenericTile","properties":{"header":"Manage Requests"}},"wdio_ui5_key":"sapm.GenericTile{\"header\":\"Manage Requests\"}"}]}
RESULT: {"script":"<script> [1562 bytes]","args":[{"selector":{"controlType":"sap.m.GenericTile","properties":{"header":"Manage Requests"}},"wdio_ui5_key":"sapm.GenericTile{\"header\":\"Manage Requests\"}"}]}
RESULT: undefined
COMMAND: POST /session/e7e046f545b47c9805ddcb78f08915f8/element - {"using":"xpath","value":"//*[@id=\"__tile47\"]"}
RESULT: {"using":"xpath","value":"//*[@id=\"__tile47\"]"}
COMMAND: POST /session/e7e046f545b47c9805ddcb78f08915f8/element/f.0B5413DFD1C3A3AA7B72F051E5DEC85E.d.E77DE26D0A938B571E47BAB21267B1D9.e.10359/click - {}
RESULT: {}
COMMAND: GET /session/e7e046f545b47c9805ddcb78f08915f8/screenshot - {}
RESULT: {}
COMMAND: POST /session/e7e046f545b47c9805ddcb78f08915f8/elements - {"using":"xpath","value":"//span[text()='Error']"}
RESULT: {"using":"xpath","value":"//span[text()='Error']"}
COMMAND: POST /session/e7e046f545b47c9805ddcb78f08915f8/element - {"using":"xpath","value":"(//span[contains(@class ,\"sapMObjStatusText\")])[1]"}
RESULT: {"using":"xpath","value":"(//span[contains(@class ,\"sapMObjStatusText\")])[1]"}
COMMAND: POST /session/e7e046f545b47c9805ddcb78f08915f8/execute/sync - {"script":"<script> [8489 bytes]","args":[{"element-6066-11e4-a52e-4f735466cecf":"f.0B5413DFD1C3A3AA7B72F051E5DEC85E.d.E77DE26D0A938B571E47BAB21267B1D9.e.10457","ELEMENT":"f.0B5413DFD1C3A3AA7B72F051E5DEC85E.d.E77DE26D0A938B571E47BAB21267B1D9.e.10457"}]}
RESULT: {"script":"<script> [8489 bytes]","args":[{"element-6066-11e4-a52e-4f735466cecf":"f.0B5413DFD1C3A3AA7B72F051E5DEC85E.d.E77DE26D0A938B571E47BAB21267B1D9.e.10457","ELEMENT":"f.0B5413DFD1C3A3AA7B72F051E5DEC85E.d.E77DE26D0A938B571E47BAB21267B1D9.e.10457"}]}
COMMAND: POST /session/e7e046f545b47c9805ddcb78f08915f8/element - {"using":"xpath","value":"//button[contains(@data-kt ,\"btnCreateNewOverflowToolbarButton\")]"}
COMMAND: GET /session/e7e046f545b47c9805ddcb78f08915f8/screenshot - {}
RESULT: {"using":"xpath","value":"//button[contains(@data-kt ,\"btnCreateNewOverflowToolbarButton\")]"}
COMMAND: POST /session/e7e046f545b47c9805ddcb78f08915f8/element/f.0B5413DFD1C3A3AA7B72F051E5DEC85E.d.E77DE26D0A938B571E47BAB21267B1D9.e.10417/click - {}
RESULT: {}
RESULT: {}
COMMAND: GET /session/e7e046f545b47c9805ddcb78f08915f8/screenshot - {}
RESULT: {}
COMMAND: POST /session/e7e046f545b47c9805ddcb78f08915f8/element - {"using":"xpath","value":"//input[contains(@id ,\"yardId-inner\")]"}
RESULT: {"using":"xpath","value":"//input[contains(@id ,\"yardId-inner\")]"}
COMMAND: POST /session/e7e046f545b47c9805ddcb78f08915f8/execute/sync - {"script":"<script> [8489 bytes]","args":[{"element-6066-11e4-a52e-4f735466cecf":"f.0B5413DFD1C3A3AA7B72F051E5DEC85E.d.E77DE26D0A938B571E47BAB21267B1D9.e.10549","ELEMENT":"f.0B5413DFD1C3A3AA7B72F051E5DEC85E.d.E77DE26D0A938B571E47BAB21267B1D9.e.10549"}]}
RESULT: {"script":"<script> [8489 bytes]","args":[{"element-6066-11e4-a52e-4f735466cecf":"f.0B5413DFD1C3A3AA7B72F051E5DEC85E.d.E77DE26D0A938B571E47BAB21267B1D9.e.10549","ELEMENT":"f.0B5413DFD1C3A3AA7B72F051E5DEC85E.d.E77DE26D0A938B571E47BAB21267B1D9.e.10549"}]}
COMMAND: POST /session/e7e046f545b47c9805ddcb78f08915f8/element - {"using":"xpath","value":"//input[contains(@id ,\"yardId-inner\")]"}
COMMAND: GET /session/e7e046f545b47c9805ddcb78f08915f8/screenshot - {}
RESULT: {"using":"xpath","value":"//input[contains(@id ,\"yardId-inner\")]"}
COMMAND: GET /session/e7e046f545b47c9805ddcb78f08915f8/element/f.0B5413DFD1C3A3AA7B72F051E5DEC85E.d.E77DE26D0A938B571E47BAB21267B1D9.e.10549/enabled - {}
RESULT: {}
RESULT: {}
COMMAND: POST /session/e7e046f545b47c9805ddcb78f08915f8/element/f.0B5413DFD1C3A3AA7B72F051E5DEC85E.d.E77DE26D0A938B571E47BAB21267B1D9.e.10549/clear - {}
COMMAND: GET /session/e7e046f545b47c9805ddcb78f08915f8/screenshot - {}
RESULT: {}
COMMAND: POST /session/e7e046f545b47c9805ddcb78f08915f8/element/f.0B5413DFD1C3A3AA7B72F051E5DEC85E.d.E77DE26D0A938B571E47BAB21267B1D9.e.10549/value - {"text":"WebdriverYard5b5aq"}
COMMAND: GET /session/e7e046f545b47c9805ddcb78f08915f8/screenshot - {}
RESULT: {}
RESULT: {"text":"WebdriverYard5b5aq"}
COMMAND: GET /session/e7e046f545b47c9805ddcb78f08915f8/screenshot - {}
RESULT: {}
RESULT: {}
COMMAND: POST /session/e7e046f545b47c9805ddcb78f08915f8/actions - {"actions":[{"id":"action74","type":"key","parameters":{},"actions":[{"type":"keyDown","value":""},{"type":"pause","duration":10},{"type":"keyUp","value":""}]}]}
RESULT: {"actions":[{"id":"action74","type":"key","parameters":{},"actions":[{"type":"keyDown","value":""},{"type":"pause","duration":10},{"type":"keyUp","value":""}]}]}
COMMAND: GET /session/e7e046f545b47c9805ddcb78f08915f8/screenshot - {}
RESULT: {}
COMMAND: POST /session/e7e046f545b47c9805ddcb78f08915f8/element - {"using":"xpath","value":"//input[contains(@id ,\"customerNumber-inner\")]"}
RESULT: {"using":"xpath","value":"//input[contains(@id ,\"customerNumber-inner\")]"}
COMMAND: POST /session/e7e046f545b47c9805ddcb78f08915f8/element/f.0B5413DFD1C3A3AA7B72F051E5DEC85E.d.E77DE26D0A938B571E47BAB21267B1D9.e.10543/value - {"text":"WebdriverPartnerds2fo"}
RESULT: {"text":"WebdriverPartnerds2fo"}
COMMAND: GET /session/e7e046f545b47c9805ddcb78f08915f8/screenshot - {}
RESULT: {}
COMMAND: POST /session/e7e046f545b47c9805ddcb78f08915f8/actions - {"actions":[{"id":"action75","type":"key","parameters":{},"actions":[{"type":"keyDown","value":""},{"type":"pause","duration":10},{"type":"keyUp","value":""}]}]}
RESULT: {"actions":[{"id":"action75","type":"key","parameters":{},"actions":[{"type":"keyDown","value":""},{"type":"pause","duration":10},{"type":"keyUp","value":""}]}]}
COMMAND: GET /session/e7e046f545b47c9805ddcb78f08915f8/screenshot - {}
RESULT: {}
COMMAND: GET /session/e7e046f545b47c9805ddcb78f08915f8/element/f.0B5413DFD1C3A3AA7B72F051E5DEC85E.d.E77DE26D0A938B571E47BAB21267B1D9.e.10543/property/value - {}
RESULT: {}
COMMAND: POST /session/e7e046f545b47c9805ddcb78f08915f8/element/f.0B5413DFD1C3A3AA7B72F051E5DEC85E.d.E77DE26D0A938B571E47BAB21267B1D9.e.10543/value - {"text":"WebdriverPartnerds2fo"}
COMMAND: GET /session/e7e046f545b47c9805ddcb78f08915f8/screenshot - {}
RESULT: {"text":"WebdriverPartnerds2fo"}
COMMAND: GET /session/e7e046f545b47c9805ddcb78f08915f8/screenshot - {}
RESULT: {}
RESULT: {}
COMMAND: POST /session/e7e046f545b47c9805ddcb78f08915f8/actions - {"actions":[{"id":"action76","type":"key","parameters":{},"actions":[{"type":"keyDown","value":""},{"type":"pause","duration":10},{"type":"keyUp","value":""}]}]}
RESULT: {"actions":[{"id":"action76","type":"key","parameters":{},"actions":[{"type":"keyDown","value":""},{"type":"pause","duration":10},{"type":"keyUp","value":""}]}]}
COMMAND: GET /session/e7e046f545b47c9805ddcb78f08915f8/screenshot - {}
RESULT: {}
COMMAND: POST /session/e7e046f545b47c9805ddcb78f08915f8/element - {"using":"xpath","value":"//input[contains(@id ,\"requestSiteId-inner\")]"}
RESULT: {"using":"xpath","value":"//input[contains(@id ,\"requestSiteId-inner\")]"}
COMMAND: POST /session/e7e046f545b47c9805ddcb78f08915f8/element/f.0B5413DFD1C3A3AA7B72F051E5DEC85E.d.E77DE26D0A938B571E47BAB21267B1D9.e.10542/value - {"text":"WebdriverSiteivrw1"}
RESULT: {"text":"WebdriverSiteivrw1"}
COMMAND: GET /session/e7e046f545b47c9805ddcb78f08915f8/screenshot - {}
RESULT: {}
COMMAND: POST /session/e7e046f545b47c9805ddcb78f08915f8/actions - {"actions":[{"id":"action77","type":"key","parameters":{},"actions":[{"type":"keyDown","value":""},{"type":"pause","duration":10},{"type":"keyUp","value":""}]}]}
RESULT: {"actions":[{"id":"action77","type":"key","parameters":{},"actions":[{"type":"keyDown","value":""},{"type":"pause","duration":10},{"type":"keyUp","value":""}]}]}
COMMAND: GET /session/e7e046f545b47c9805ddcb78f08915f8/screenshot - {}
RESULT: {}
COMMAND: POST /session/e7e046f545b47c9805ddcb78f08915f8/element - {"using":"xpath","value":"//button[contains(@data-kt ,\"requestItemAddOverflowToolbarButton\")]"}
RESULT: {"using":"xpath","value":"//button[contains(@data-kt ,\"requestItemAddOverflowToolbarButton\")]"}
COMMAND: POST /session/e7e046f545b47c9805ddcb78f08915f8/element/f.0B5413DFD1C3A3AA7B72F051E5DEC85E.d.E77DE26D0A938B571E47BAB21267B1D9.e.10707/click - {}
RESULT: {}
COMMAND: GET /session/e7e046f545b47c9805ddcb78f08915f8/screenshot - {}
RESULT: {}
COMMAND: POST /session/e7e046f545b47c9805ddcb78f08915f8/actions - {"actions":[{"id":"action78","type":"key","parameters":{},"actions":[{"type":"keyDown","value":""},{"type":"pause","duration":10},{"type":"keyUp","value":""}]}]}
RESULT: {"actions":[{"id":"action78","type":"key","parameters":{},"actions":[{"type":"keyDown","value":""},{"type":"pause","duration":10},{"type":"keyUp","value":""}]}]}
COMMAND: POST /session/e7e046f545b47c9805ddcb78f08915f8/actions - {"actions":[{"id":"action79","type":"key","parameters":{},"actions":[{"type":"keyDown","value":""},{"type":"pause","duration":10},{"type":"keyUp","value":""}]}]}
COMMAND: GET /session/e7e046f545b47c9805ddcb78f08915f8/screenshot - {}
RESULT: {"actions":[{"id":"action79","type":"key","parameters":{},"actions":[{"type":"keyDown","value":""},{"type":"pause","duration":10},{"type":"keyUp","value":""}]}]}
COMMAND: GET /session/e7e046f545b47c9805ddcb78f08915f8/screenshot - {}
RESULT: {}
RESULT: {}
COMMAND: POST /session/e7e046f545b47c9805ddcb78f08915f8/element - {"using":"xpath","value":"(//input[contains(@id ,\"requestItemsTable-0-inner\")])[1]"}
RESULT: {"using":"xpath","value":"(//input[contains(@id ,\"requestItemsTable-0-inner\")])[1]"}
COMMAND: POST /session/e7e046f545b47c9805ddcb78f08915f8/element/f.0B5413DFD1C3A3AA7B72F051E5DEC85E.d.E77DE26D0A938B571E47BAB21267B1D9.e.10711/clear - {}
RESULT: {}
COMMAND: POST /session/e7e046f545b47c9805ddcb78f08915f8/element/f.0B5413DFD1C3A3AA7B72F051E5DEC85E.d.E77DE26D0A938B571E47BAB21267B1D9.e.10711/value - {"text":"catalogItemuzgzx"}
COMMAND: GET /session/e7e046f545b47c9805ddcb78f08915f8/screenshot - {}
RESULT: {"text":"catalogItemuzgzx"}
COMMAND: GET /session/e7e046f545b47c9805ddcb78f08915f8/screenshot - {}
RESULT: {}
RESULT: {}
COMMAND: POST /session/e7e046f545b47c9805ddcb78f08915f8/actions - {"actions":[{"id":"action80","type":"key","parameters":{},"actions":[{"type":"keyDown","value":""},{"type":"pause","duration":10},{"type":"keyUp","value":""}]}]}
RESULT: {"actions":[{"id":"action80","type":"key","parameters":{},"actions":[{"type":"keyDown","value":""},{"type":"pause","duration":10},{"type":"keyUp","value":""}]}]}
COMMAND: GET /session/e7e046f545b47c9805ddcb78f08915f8/screenshot - {}
RESULT: {}
COMMAND: POST /session/e7e046f545b47c9805ddcb78f08915f8/execute/async - {"script":"<script> [1562 bytes]","args":[{"selector":{"controlType":"sap.ui.core.Icon","viewName":"etm.portal.ui.managerequests.view.NewRequest","properties":{"src":{"regex":{"source":"slim\\-arrow\\-down"}}},"ancestor":{"controlType":"sap.m.Button","viewName":"etm.portal.ui.managerequests.view.NewRequest","properties":{"icon":"sap-icon://slim-arrow-down"}}},"wdio_ui5_key":"etmportal.ui.managerequests.view.NewRequestsap.ui.core.Icon{\"src\":{\"regex\":{\"source\":\"slim\\\\-arrow\\\\-down\"}}}{\"controlType\":\"sap.m.Button\",\"viewName\":\"etm.portal.ui.managerequests.view.NewRequest\",\"properties\":{\"icon\":\"sap-icon://slim-arrow-down\"}}"}]}
RESULT: {"script":"<script> [1562 bytes]","args":[{"selector":{"controlType":"sap.ui.core.Icon","viewName":"etm.portal.ui.managerequests.view.NewRequest","properties":{"src":{"regex":{"source":"slim\\-arrow\\-down"}}},"ancestor":{"controlType":"sap.m.Button","viewName":"etm.portal.ui.managerequests.view.NewRequest","properties":{"icon":"sap-icon://slim-arrow-down"}}},"wdio_ui5_key":"etmportal.ui.managerequests.view.NewRequestsap.ui.core.Icon{\"src\":{\"regex\":{\"source\":\"slim\\\\-arrow\\\\-down\"}}}{\"controlType\":\"sap.m.Button\",\"viewName\":\"etm.portal.ui.managerequests.view.NewRequest\",\"properties\":{\"icon\":\"sap-icon://slim-arrow-down\"}}"}]}
RESULT: undefined
COMMAND: POST /session/e7e046f545b47c9805ddcb78f08915f8/element - {"using":"xpath","value":"//div[contains(@data-kt ,\"splitAllocationObjectStatus\")]"}
RESULT: {"using":"xpath","value":"//div[contains(@data-kt ,\"splitAllocationObjectStatus\")]"}
COMMAND: POST /session/e7e046f545b47c9805ddcb78f08915f8/elements - {"using":"xpath","value":"//div[contains(@data-kt ,\"splitAllocationObjectStatus\")]"}
RESULT: {"using":"xpath","value":"//div[contains(@data-kt ,\"splitAllocationObjectStatus\")]"}
COMMAND: POST /session/e7e046f545b47c9805ddcb78f08915f8/execute/async - {"script":"<script> [1562 bytes]","args":[{"selector":{"controlType":"sap.ui.core.Icon","viewName":"etm.portal.ui.managerequests.view.NewRequest","properties":{"src":{"regex":{"source":"message\\-error"}}}},"wdio_ui5_key":"etmportal.ui.managerequests.view.NewRequestsap.ui.core.Icon{\"src\":{\"regex\":{\"source\":\"message\\\\-error\"}}}"}]}
RESULT: {"script":"<script> [1562 bytes]","args":[{"selector":{"controlType":"sap.ui.core.Icon","viewName":"etm.portal.ui.managerequests.view.NewRequest","properties":{"src":{"regex":{"source":"message\\-error"}}}},"wdio_ui5_key":"etmportal.ui.managerequests.view.NewRequestsap.ui.core.Icon{\"src\":{\"regex\":{\"source\":\"message\\\\-error\"}}}"}]}
RESULT: undefined
COMMAND: POST /session/e7e046f545b47c9805ddcb78f08915f8/element - {"using":"xpath","value":"//*[@id=\"__status4-__xmlview59--requestItemsTable-0-icon\"]"}
RESULT: {"using":"xpath","value":"//*[@id=\"__status4-__xmlview59--requestItemsTable-0-icon\"]"}
COMMAND: POST /session/e7e046f545b47c9805ddcb78f08915f8/element/f.0B5413DFD1C3A3AA7B72F051E5DEC85E.d.E77DE26D0A938B571E47BAB21267B1D9.e.10726/click - {}
RESULT: {}
COMMAND: POST /session/e7e046f545b47c9805ddcb78f08915f8/execute/async - {"script":"<script> [1562 bytes]","args":[{"selector":{"controlType":"sap.ui.core.Icon","viewName":"etm.portal.ui.managerequests.view.NewRequest","properties":{"src":{"regex":{"source":"slim\\-arrow\\-down"}}},"searchOpenDialogs":true,"ancestor":{"id":"costObjectAdminTypeComboBox","viewName":"etm.portal.ui.managerequests.view.NewRequest","searchOpenDialogs":true}},"wdio_ui5_key":"etmportal.ui.managerequests.view.NewRequestsap.ui.core.Icon{\"src\":{\"regex\":{\"source\":\"slim\\\\-arrow\\\\-down\"}}}{\"id\":\"costObjectAdminTypeComboBox\",\"viewName\":\"etm.portal.ui.managerequests.view.NewRequest\",\"searchOpenDialogs\":true}"}]}
COMMAND: GET /session/e7e046f545b47c9805ddcb78f08915f8/screenshot - {}
RESULT: {"script":"<script> [1562 bytes]","args":[{"selector":{"controlType":"sap.ui.core.Icon","viewName":"etm.portal.ui.managerequests.view.NewRequest","properties":{"src":{"regex":{"source":"slim\\-arrow\\-down"}}},"searchOpenDialogs":true,"ancestor":{"id":"costObjectAdminTypeComboBox","viewName":"etm.portal.ui.managerequests.view.NewRequest","searchOpenDialogs":true}},"wdio_ui5_key":"etmportal.ui.managerequests.view.NewRequestsap.ui.core.Icon{\"src\":{\"regex\":{\"source\":\"slim\\\\-arrow\\\\-down\"}}}{\"id\":\"costObjectAdminTypeComboBox\",\"viewName\":\"etm.portal.ui.managerequests.view.NewRequest\",\"searchOpenDialogs\":true}"}]}
RESULT: undefined
COMMAND: POST /session/e7e046f545b47c9805ddcb78f08915f8/element - {"using":"xpath","value":"//*[@id=\"__xmlview59--costObjectAdminTypeComboBox-arrow\"]"}
RESULT: {}
RESULT: {"using":"xpath","value":"//*[@id=\"__xmlview59--costObjectAdminTypeComboBox-arrow\"]"}
COMMAND: POST /session/e7e046f545b47c9805ddcb78f08915f8/element/f.0B5413DFD1C3A3AA7B72F051E5DEC85E.d.E77DE26D0A938B571E47BAB21267B1D9.e.10731/click - {}
RESULT: {}
COMMAND: POST /session/e7e046f545b47c9805ddcb78f08915f8/execute/async - {"script":"<script> [1562 bytes]","args":[{"selector":{"controlType":"sap.m.StandardListItem","viewName":"etm.portal.ui.managerequests.view.NewRequest","properties":{"title":"Cost Center"},"searchOpenDialogs":true,"interaction":{"idSuffix":"titleText"}},"wdio_ui5_key":"etmportal.ui.managerequests.view.NewRequestsap.m.StandardListItem{\"title\":\"Cost Center\"}"}]}
COMMAND: GET /session/e7e046f545b47c9805ddcb78f08915f8/screenshot - {}
RESULT: {"script":"<script> [1562 bytes]","args":[{"selector":{"controlType":"sap.m.StandardListItem","viewName":"etm.portal.ui.managerequests.view.NewRequest","properties":{"title":"Cost Center"},"searchOpenDialogs":true,"interaction":{"idSuffix":"titleText"}},"wdio_ui5_key":"etmportal.ui.managerequests.view.NewRequestsap.m.StandardListItem{\"title\":\"Cost Center\"}"}]}
RESULT: undefined
COMMAND: POST /session/e7e046f545b47c9805ddcb78f08915f8/element - {"using":"xpath","value":"//*[@id=\"__item773\"]"}
RESULT: {}
RESULT: {"using":"xpath","value":"//*[@id=\"__item773\"]"}
COMMAND: POST /session/e7e046f545b47c9805ddcb78f08915f8/element/f.0B5413DFD1C3A3AA7B72F051E5DEC85E.d.E77DE26D0A938B571E47BAB21267B1D9.e.10733/click - {}
RESULT: {}
COMMAND: GET /session/e7e046f545b47c9805ddcb78f08915f8/screenshot - {}
RESULT: {}
COMMAND: POST /session/e7e046f545b47c9805ddcb78f08915f8/execute/async - {"script":"<script> [1562 bytes]","args":[{"selector":{"controlType":"sap.ui.core.Icon","viewName":"etm.portal.ui.managerequests.view.NewRequest","properties":{"src":{"regex":{"source":"value\\-help"}}},"searchOpenDialogs":true},"wdio_ui5_key":"etmportal.ui.managerequests.view.NewRequestsap.ui.core.Icon{\"src\":{\"regex\":{\"source\":\"value\\\\-help\"}}}"}]}
RESULT: {"script":"<script> [1562 bytes]","args":[{"selector":{"controlType":"sap.ui.core.Icon","viewName":"etm.portal.ui.managerequests.view.NewRequest","properties":{"src":{"regex":{"source":"value\\-help"}}},"searchOpenDialogs":true},"wdio_ui5_key":"etmportal.ui.managerequests.view.NewRequestsap.ui.core.Icon{\"src\":{\"regex\":{\"source\":\"value\\\\-help\"}}}"}]}
RESULT: undefined
COMMAND: POST /session/e7e046f545b47c9805ddcb78f08915f8/element - {"using":"xpath","value":"//*[@id=\"__xmlview59--costObjectIdComboBox-vhi\"]"}
RESULT: {"using":"xpath","value":"//*[@id=\"__xmlview59--costObjectIdComboBox-vhi\"]"}
COMMAND: POST /session/e7e046f545b47c9805ddcb78f08915f8/element/f.0B5413DFD1C3A3AA7B72F051E5DEC85E.d.E77DE26D0A938B571E47BAB21267B1D9.e.10740/click - {}
RESULT: {}
COMMAND: POST /session/e7e046f545b47c9805ddcb78f08915f8/execute/async - {"script":"<script> [1562 bytes]","args":[{"selector":{"controlType":"sap.m.SearchField","properties":{"placeholder":"Search"},"searchOpenDialogs":true,"interaction":{"idSuffix":"I"}},"wdio_ui5_key":"sapm.SearchField{\"placeholder\":\"Search\"}"}]}
COMMAND: GET /session/e7e046f545b47c9805ddcb78f08915f8/screenshot - {}
RESULT: {"script":"<script> [1562 bytes]","args":[{"selector":{"controlType":"sap.m.SearchField","properties":{"placeholder":"Search"},"searchOpenDialogs":true,"interaction":{"idSuffix":"I"}},"wdio_ui5_key":"sapm.SearchField{\"placeholder\":\"Search\"}"}]}
RESULT: undefined
COMMAND: POST /session/e7e046f545b47c9805ddcb78f08915f8/execute/async - {"script":"<script> [776 bytes]","args":[{"enterText":"10001010","selector":{"controlType":"sap.m.SearchField","properties":{"placeholder":"Search"},"searchOpenDialogs":true,"interaction":{"idSuffix":"I"}},"clearTextFirst":true,"interactionType":"ENTER_TEXT"}]}
RESULT: {}
RESULT: {"script":"<script> [776 bytes]","args":[{"enterText":"10001010","selector":{"controlType":"sap.m.SearchField","properties":{"placeholder":"Search"},"searchOpenDialogs":true,"interaction":{"idSuffix":"I"}},"clearTextFirst":true,"interactionType":"ENTER_TEXT"}]}
COMMAND: POST /session/e7e046f545b47c9805ddcb78f08915f8/actions - {"actions":[{"id":"action81","type":"key","parameters":{},"actions":[{"type":"keyDown","value":""},{"type":"pause","duration":10},{"type":"keyUp","value":""}]}]}
RESULT: {"actions":[{"id":"action81","type":"key","parameters":{},"actions":[{"type":"keyDown","value":""},{"type":"pause","duration":10},{"type":"keyUp","value":""}]}]}
COMMAND: GET /session/e7e046f545b47c9805ddcb78f08915f8/screenshot - {}
RESULT: {}
COMMAND: POST /session/e7e046f545b47c9805ddcb78f08915f8/execute/async - {"script":"<script> [1562 bytes]","args":[{"selector":{"controlType":"sap.m.Text","bindingPath":{"path":"/C_CostCtrValueHelp(CostCenter='10001010',ControllingArea='Z001')","propertyPath":"CostCenterName","modelName":"CostCenterModel"},"searchOpenDialogs":true},"wdio_ui5_key":"sapm.Text{\"path\":\"/C_CostCtrValueHelp(CostCenter='10001010',ControllingArea='Z001')\",\"propertyPath\":\"CostCenterName\",\"modelName\":\"CostCenterModel\"}"}]}
RESULT: {"script":"<script> [1562 bytes]","args":[{"selector":{"controlType":"sap.m.Text","bindingPath":{"path":"/C_CostCtrValueHelp(CostCenter='10001010',ControllingArea='Z001')","propertyPath":"CostCenterName","modelName":"CostCenterModel"},"searchOpenDialogs":true},"wdio_ui5_key":"sapm.Text{\"path\":\"/C_CostCtrValueHelp(CostCenter='10001010',ControllingArea='Z001')\",\"propertyPath\":\"CostCenterName\",\"modelName\":\"CostCenterModel\"}"}]}
RESULT: undefined
COMMAND: POST /session/e7e046f545b47c9805ddcb78f08915f8/element - {"using":"xpath","value":"//*[@id=\"__text291-__clone912\"]"}
RESULT: {"using":"xpath","value":"//*[@id=\"__text291-__clone912\"]"}
COMMAND: POST /session/e7e046f545b47c9805ddcb78f08915f8/element/f.0B5413DFD1C3A3AA7B72F051E5DEC85E.d.E77DE26D0A938B571E47BAB21267B1D9.e.10780/click - {}
RESULT: {}
COMMAND: POST /session/e7e046f545b47c9805ddcb78f08915f8/execute/async - {"script":"<script> [1562 bytes]","args":[{"selector":{"controlType":"sap.m.Button","properties":{"text":"OK"},"searchOpenDialogs":true,"interaction":{"idSuffix":"BDI-content"}},"wdio_ui5_key":"sapm.Button{\"text\":\"OK\"}"}]}
COMMAND: GET /session/e7e046f545b47c9805ddcb78f08915f8/screenshot - {}
RESULT: {"script":"<script> [1562 bytes]","args":[{"selector":{"controlType":"sap.m.Button","properties":{"text":"OK"},"searchOpenDialogs":true,"interaction":{"idSuffix":"BDI-content"}},"wdio_ui5_key":"sapm.Button{\"text\":\"OK\"}"}]}
RESULT: undefined
COMMAND: POST /session/e7e046f545b47c9805ddcb78f08915f8/element - {"using":"xpath","value":"//*[@id=\"__dialog1-ok\"]"}
RESULT: {}
RESULT: {"using":"xpath","value":"//*[@id=\"__dialog1-ok\"]"}
COMMAND: POST /session/e7e046f545b47c9805ddcb78f08915f8/element/f.0B5413DFD1C3A3AA7B72F051E5DEC85E.d.E77DE26D0A938B571E47BAB21267B1D9.e.10782/click - {}
RESULT: {}
COMMAND: GET /session/e7e046f545b47c9805ddcb78f08915f8/screenshot - {}
RESULT: {}
COMMAND: POST /session/e7e046f545b47c9805ddcb78f08915f8/execute/async - {"script":"<script> [1562 bytes]","args":[{"selector":{"controlType":"sap.m.Button","viewName":"etm.portal.ui.managerequests.view.NewRequest","i18NText":{"propertyName":"text","key":"save"},"searchOpenDialogs":true,"interaction":{"idSuffix":"BDI-content"}},"wdio_ui5_key":"etmportal.ui.managerequests.view.NewRequestsap.m.Button{\"propertyName\":\"text\",\"key\":\"save\"}"}]}
RESULT: {"script":"<script> [1562 bytes]","args":[{"selector":{"controlType":"sap.m.Button","viewName":"etm.portal.ui.managerequests.view.NewRequest","i18NText":{"propertyName":"text","key":"save"},"searchOpenDialogs":true,"interaction":{"idSuffix":"BDI-content"}},"wdio_ui5_key":"etmportal.ui.managerequests.view.NewRequestsap.m.Button{\"propertyName\":\"text\",\"key\":\"save\"}"}]}
RESULT: undefined
COMMAND: POST /session/e7e046f545b47c9805ddcb78f08915f8/element - {"using":"xpath","value":"//*[@id=\"__button24\"]"}
RESULT: {"using":"xpath","value":"//*[@id=\"__button24\"]"}
COMMAND: POST /session/e7e046f545b47c9805ddcb78f08915f8/element/f.0B5413DFD1C3A3AA7B72F051E5DEC85E.d.E77DE26D0A938B571E47BAB21267B1D9.e.10786/click - {}
RESULT: {}
COMMAND: GET /session/e7e046f545b47c9805ddcb78f08915f8/screenshot - {}
RESULT: {}
COMMAND: POST /session/e7e046f545b47c9805ddcb78f08915f8/element - {"using":"xpath","value":"(//bdi[contains(text() ,\"Save\")])[1]"}
RESULT: {"using":"xpath","value":"(//bdi[contains(text() ,\"Save\")])[1]"}
COMMAND: POST /session/e7e046f545b47c9805ddcb78f08915f8/element/f.0B5413DFD1C3A3AA7B72F051E5DEC85E.d.E77DE26D0A938B571E47BAB21267B1D9.e.10788/click - {}
RESULT: {}
COMMAND: GET /session/e7e046f545b47c9805ddcb78f08915f8/screenshot - {}
RESULT: {}
COMMAND: POST /session/e7e046f545b47c9805ddcb78f08915f8/execute/async - {"script":"<script> [1562 bytes]","args":[{"selector":{"controlType":"sap.m.Title","properties":{"text":"Success"},"searchOpenDialogs":true},"wdio_ui5_key":"sapm.Title{\"text\":\"Success\"}"}]}
RESULT: {"script":"<script> [1562 bytes]","args":[{"selector":{"controlType":"sap.m.Title","properties":{"text":"Success"},"searchOpenDialogs":true},"wdio_ui5_key":"sapm.Title{\"text\":\"Success\"}"}]}
RESULT: undefined
COMMAND: POST /session/e7e046f545b47c9805ddcb78f08915f8/execute/async - {"script":"<script> [6424 bytes]","args":[{"element-6066-11e4-a52e-4f735466cecf":"f.0B5413DFD1C3A3AA7B72F051E5DEC85E.d.E77DE26D0A938B571E47BAB21267B1D9.e.10792"},"getText",[]]}
RESULT: {"script":"<script> [6424 bytes]","args":[{"element-6066-11e4-a52e-4f735466cecf":"f.0B5413DFD1C3A3AA7B72F051E5DEC85E.d.E77DE26D0A938B571E47BAB21267B1D9.e.10792"},"getText",[]]}
COMMAND: POST /session/e7e046f545b47c9805ddcb78f08915f8/execute/async - {"script":"<script> [1562 bytes]","args":[{"selector":{"controlType":"sap.m.Button","properties":{"text":"Close"},"searchOpenDialogs":true,"interaction":{"idSuffix":"BDI-content"}},"wdio_ui5_key":"sapm.Button{\"text\":\"Close\"}"}]}
RESULT: {"script":"<script> [1562 bytes]","args":[{"selector":{"controlType":"sap.m.Button","properties":{"text":"Close"},"searchOpenDialogs":true,"interaction":{"idSuffix":"BDI-content"}},"wdio_ui5_key":"sapm.Button{\"text\":\"Close\"}"}]}
RESULT: undefined
COMMAND: POST /session/e7e046f545b47c9805ddcb78f08915f8/element - {"using":"xpath","value":"//*[@id=\"__mbox-btn-0\"]"}
RESULT: {"using":"xpath","value":"//*[@id=\"__mbox-btn-0\"]"}
COMMAND: POST /session/e7e046f545b47c9805ddcb78f08915f8/element/f.0B5413DFD1C3A3AA7B72F051E5DEC85E.d.E77DE26D0A938B571E47BAB21267B1D9.e.10791/click - {}
RESULT: {}
COMMAND: GET /session/e7e046f545b47c9805ddcb78f08915f8/screenshot - {}
RESULT: {}
COMMAND: POST /session/e7e046f545b47c9805ddcb78f08915f8/execute/async - {"script":"<script> [1562 bytes]","args":[{"selector":{"controlType":"sap.m.Text","viewName":"etm.portal.ui.managerequests.view.Detail","bindingPath":{"propertyPath":"NO","modelName":"catalogModel"}},"wdio_ui5_key":"etmportal.ui.managerequests.view.Detailsap.m.Text{\"propertyPath\":\"NO\",\"modelName\":\"catalogModel\"}"}]}
RESULT: {"script":"<script> [1562 bytes]","args":[{"selector":{"controlType":"sap.m.Text","viewName":"etm.portal.ui.managerequests.view.Detail","bindingPath":{"propertyPath":"NO","modelName":"catalogModel"}},"wdio_ui5_key":"etmportal.ui.managerequests.view.Detailsap.m.Text{\"propertyPath\":\"NO\",\"modelName\":\"catalogModel\"}"}]}
RESULT: undefined
COMMAND: POST /session/e7e046f545b47c9805ddcb78f08915f8/execute/async - {"script":"<script> [6424 bytes]","args":[{"element-6066-11e4-a52e-4f735466cecf":"f.0B5413DFD1C3A3AA7B72F051E5DEC85E.d.E77DE26D0A938B571E47BAB21267B1D9.e.10917"},"getText",[]]}
RESULT: {"script":"<script> [6424 bytes]","args":[{"element-6066-11e4-a52e-4f735466cecf":"f.0B5413DFD1C3A3AA7B72F051E5DEC85E.d.E77DE26D0A938B571E47BAB21267B1D9.e.10917"},"getText",[]]}
COMMAND: POST /session/e7e046f545b47c9805ddcb78f08915f8/execute/async - {"script":"<script> [1562 bytes]","args":[{"selector":{"controlType":"sap.ui.core.Icon","viewName":"etm.portal.ui.managerequests.view.Detail","properties":{"src":{"regex":{"source":"date\\-time"}}},"ancestor":{"controlType":"sap.m.ColumnListItem","viewName":"etm.portal.ui.managerequests.view.Detail","bindingPath":{"path":"/SmartRequestItemsPlanningBoard(ITEM=10m,REQUEST='20181')"},"ancestor":{"id":"requestItemsTable","viewName":"etm.portal.ui.managerequests.view.Detail"}}},"wdio_ui5_key":"etmportal.ui.managerequests.view.Detailsap.ui.core.Icon{\"src\":{\"regex\":{\"source\":\"date\\\\-time\"}}}{\"controlType\":\"sap.m.ColumnListItem\",\"viewName\":\"etm.portal.ui.managerequests.view.Detail\",\"bindingPath\":{\"path\":\"/SmartRequestItemsPlanningBoard(ITEM=10m,REQUEST='20181')\"},\"ancestor\":{\"id\":\"requestItemsTable\",\"viewName\":\"etm.portal.ui.managerequests.view.Detail\"}}"}]}
RESULT: {"script":"<script> [1562 bytes]","args":[{"selector":{"controlType":"sap.ui.core.Icon","viewName":"etm.portal.ui.managerequests.view.Detail","properties":{"src":{"regex":{"source":"date\\-time"}}},"ancestor":{"controlType":"sap.m.ColumnListItem","viewName":"etm.portal.ui.managerequests.view.Detail","bindingPath":{"path":"/SmartRequestItemsPlanningBoard(ITEM=10m,REQUEST='20181')"},"ancestor":{"id":"requestItemsTable","viewName":"etm.portal.ui.managerequests.view.Detail"}}},"wdio_ui5_key":"etmportal.ui.managerequests.view.Detailsap.ui.core.Icon{\"src\":{\"regex\":{\"source\":\"date\\\\-time\"}}}{\"controlType\":\"sap.m.ColumnListItem\",\"viewName\":\"etm.portal.ui.managerequests.view.Detail\",\"bindingPath\":{\"path\":\"/SmartRequestItemsPlanningBoard(ITEM=10m,REQUEST='20181')\"},\"ancestor\":{\"id\":\"requestItemsTable\",\"viewName\":\"etm.portal.ui.managerequests.view.Detail\"}}"}]}
RESULT: undefined
COMMAND: POST /session/e7e046f545b47c9805ddcb78f08915f8/element - {"using":"xpath","value":"//*[@id=\"__button39-__clone951-img\"]"}
RESULT: {"using":"xpath","value":"//*[@id=\"__button39-__clone951-img\"]"}
COMMAND: POST /session/e7e046f545b47c9805ddcb78f08915f8/element/f.0B5413DFD1C3A3AA7B72F051E5DEC85E.d.E77DE26D0A938B571E47BAB21267B1D9.e.10918/click - {}
RESULT: {}
COMMAND: POST /session/e7e046f545b47c9805ddcb78f08915f8/execute/async - {"script":"<script> [1562 bytes]","args":[{"selector":{"controlType":"sap.m.Button","viewName":"etm.portal.ui.managerequests.view.Detail","properties":{"text":"Close"},"searchOpenDialogs":true,"interaction":{"idSuffix":"BDI-content"}},"wdio_ui5_key":"etmportal.ui.managerequests.view.Detailsap.m.Button{\"text\":\"Close\"}"}]}
COMMAND: GET /session/e7e046f545b47c9805ddcb78f08915f8/screenshot - {}
RESULT: {"script":"<script> [1562 bytes]","args":[{"selector":{"controlType":"sap.m.Button","viewName":"etm.portal.ui.managerequests.view.Detail","properties":{"text":"Close"},"searchOpenDialogs":true,"interaction":{"idSuffix":"BDI-content"}},"wdio_ui5_key":"etmportal.ui.managerequests.view.Detailsap.m.Button{\"text\":\"Close\"}"}]}
RESULT: undefined
COMMAND: POST /session/e7e046f545b47c9805ddcb78f08915f8/element - {"using":"xpath","value":"//*[@id=\"__button49\"]"}
RESULT: {}
RESULT: {"using":"xpath","value":"//*[@id=\"__button49\"]"}
COMMAND: POST /session/e7e046f545b47c9805ddcb78f08915f8/element/f.0B5413DFD1C3A3AA7B72F051E5DEC85E.d.E77DE26D0A938B571E47BAB21267B1D9.e.10921/click - {}
RESULT: {}
COMMAND: GET /session/e7e046f545b47c9805ddcb78f08915f8/screenshot - {}
RESULT: {}
COMMAND: POST /session/e7e046f545b47c9805ddcb78f08915f8/refresh - {}
RESULT: {}
COMMAND: GET /session/e7e046f545b47c9805ddcb78f08915f8/screenshot - {}
RESULT: {}
COMMAND: POST /session/e7e046f545b47c9805ddcb78f08915f8/execute/async - {"script":"<script> [189 bytes]","args":[]}
RESULT: {"script":"<script> [189 bytes]","args":[]}
COMMAND: POST /session/e7e046f545b47c9805ddcb78f08915f8/execute/async - {"script":"<script> [123 bytes]","args":[]}
RESULT: {"script":"<script> [123 bytes]","args":[]}
COMMAND: POST /session/e7e046f545b47c9805ddcb78f08915f8/timeouts - {"script":"<number>"}
RESULT: {"script":"<number>"}
COMMAND: GET /session/e7e046f545b47c9805ddcb78f08915f8/timeouts - {}
RESULT: {}
RESULT: undefined
COMMAND: POST /session/e7e046f545b47c9805ddcb78f08915f8/execute/async - {"script":"<script> [2676 bytes]","args":[]}
RESULT: {"script":"<script> [2676 bytes]","args":[]}
COMMAND: POST /session/e7e046f545b47c9805ddcb78f08915f8/execute/async - {"script":"<script> [2342 bytes]","args":[{"protocol":"http","hostname":"0.0.0.0","path":"/","capabilities":{"browserName":"chrome","goog:chromeOptions":{"binary":"C:\\Program Files\\Google\\Chrome\\Application\\chrome.exe","args":["--start-maximized"]}},"logLevel":"warn","connectionRetryTimeout":120000,"connectionRetryCount":3,"logLevels":{},"enableDirectConnect":true,"strictSSL":true,"_":"65 more keys: [\"cacheDir\",\"port\",\"requestedCapabilities\",\"automationProtocol\",\"baseUrl\",\"waitforInterval\",\"waitforTimeout\",\"onReload\",\"beforeCommand\",\"afterCommand\",\"rootDir\",\"specs\",\"suites\",\"exclude\",\"groupLogsByTestSpec\",\"excludeDriverLogs\",\"bail\",\"framework\",\"reporters\",\"services\",\"maxInstances\",\"maxInstancesPerCapability\",\"injectGlobals\",\"filesToWatch\",\"execArgv\",\"runnerEnv\",\"runner\",\"shard\",\"specFileRetries\",\"specFileRetriesDelay\",\"specFileRetriesDeferred\",\"reporterSyncInterval\",\"reporterSyncTimeout\",\"cucumberFeaturesWithLineNumbers\",\"autoCompileOpts\",\"mochaOpts\",\"jasmineOpts\",\"cucumberOpts\",\"onPrepare\",\"onWorkerStart\",\"onWorkerEnd\",\"before\",\"beforeSession\",\"beforeSuite\",\"beforeHook\",\"beforeTest\",\"afterTest\",\"afterHook\",\"afterSuite\",\"afterSession\",\"after\",\"onComplete\",\"beforeAssertion\",\"afterAssertion\",\"beforeFeature\",\"beforeScenario\",\"beforeStep\",\"afterStep\",\"afterScenario\",\"afterFeature\",\"_\",\"suite\",\"$0\",\"ignoredWorkerServices\",\"wdi5\"]"}]}
RESULT: {"script":"<script> [2342 bytes]","args":[{"protocol":"http","hostname":"0.0.0.0","path":"/","capabilities":{"browserName":"chrome","goog:chromeOptions":{"binary":"C:\\Program Files\\Google\\Chrome\\Application\\chrome.exe","args":["--start-maximized"]}},"logLevel":"warn","connectionRetryTimeout":120000,"connectionRetryCount":3,"logLevels":{},"enableDirectConnect":true,"strictSSL":true,"_":"65 more keys: [\"cacheDir\",\"port\",\"requestedCapabilities\",\"automationProtocol\",\"baseUrl\",\"waitforInterval\",\"waitforTimeout\",\"onReload\",\"beforeCommand\",\"afterCommand\",\"rootDir\",\"specs\",\"suites\",\"exclude\",\"groupLogsByTestSpec\",\"excludeDriverLogs\",\"bail\",\"framework\",\"reporters\",\"services\",\"maxInstances\",\"maxInstancesPerCapability\",\"injectGlobals\",\"filesToWatch\",\"execArgv\",\"runnerEnv\",\"runner\",\"shard\",\"specFileRetries\",\"specFileRetriesDelay\",\"specFileRetriesDeferred\",\"reporterSyncInterval\",\"reporterSyncTimeout\",\"cucumberFeaturesWithLineNumbers\",\"autoCompileOpts\",\"mochaOpts\",\"jasmineOpts\",\"cucumberOpts\",\"onPrepare\",\"onWorkerStart\",\"onWorkerEnd\",\"before\",\"beforeSession\",\"beforeSuite\",\"beforeHook\",\"beforeTest\",\"afterTest\",\"afterHook\",\"afterSuite\",\"afterSession\",\"after\",\"onComplete\",\"beforeAssertion\",\"afterAssertion\",\"beforeFeature\",\"beforeScenario\",\"beforeStep\",\"afterStep\",\"afterScenario\",\"afterFeature\",\"_\",\"suite\",\"$0\",\"ignoredWorkerServices\",\"wdi5\"]"}]}
COMMAND: POST /session/e7e046f545b47c9805ddcb78f08915f8/execute/async - {"script":"<script> [21126 bytes]","args":[35000]}
RESULT: {"script":"<script> [21126 bytes]","args":[35000]}
]]></system-out>
    </testcase>
    <testcase classname="chrome.136_0_7103_93.windows.Process_request_items_into_an_existing_quotation_US120163" name="Should process the request into an existing quotation" time="61.95">
      <failure/>
      <error message="Can't call click on element with selector &quot;//span[contains(@id ,&quot;actionsMenuButton-internalSplitBtn-arrowButton-img&quot;)]&quot; because element wasn't found"/>
      <system-out><![CDATA[
COMMAND: GET /session/e7e046f545b47c9805ddcb78f08915f8/window - {}
RESULT: {}
COMMAND: POST /session/e7e046f545b47c9805ddcb78f08915f8/element - {"using":"xpath","value":"//span[contains(@id ,\"detailHeaderTitle-_actionsToolbar-overflowButton-img\")]"}
RESULT: {"using":"xpath","value":"//span[contains(@id ,\"detailHeaderTitle-_actionsToolbar-overflowButton-img\")]"}
COMMAND: POST /session/e7e046f545b47c9805ddcb78f08915f8/element/f.0B5413DFD1C3A3AA7B72F051E5DEC85E.d.95F30ABDF7B6943FD147018146382D74.e.11137/click - {}
RESULT: {}
COMMAND: GET /session/e7e046f545b47c9805ddcb78f08915f8/screenshot - {}
RESULT: {}
COMMAND: POST /session/e7e046f545b47c9805ddcb78f08915f8/element - {"using":"xpath","value":"//span[contains(@id ,\"actionsMenuButton-internalSplitBtn-arrowButton-img\")]"}
RESULT: {"using":"xpath","value":"//span[contains(@id ,\"actionsMenuButton-internalSplitBtn-arrowButton-img\")]"}
COMMAND: POST /session/e7e046f545b47c9805ddcb78f08915f8/elements - {"using":"xpath","value":"//span[contains(@id ,\"actionsMenuButton-internalSplitBtn-arrowButton-img\")]"}
RESULT: {"using":"xpath","value":"//span[contains(@id ,\"actionsMenuButton-internalSplitBtn-arrowButton-img\")]"}
COMMAND: POST /session/e7e046f545b47c9805ddcb78f08915f8/elements - {"using":"xpath","value":"//span[contains(@id ,\"actionsMenuButton-internalSplitBtn-arrowButton-img\")]"}
RESULT: {"using":"xpath","value":"//span[contains(@id ,\"actionsMenuButton-internalSplitBtn-arrowButton-img\")]"}
COMMAND: POST /session/e7e046f545b47c9805ddcb78f08915f8/elements - {"using":"xpath","value":"//span[contains(@id ,\"actionsMenuButton-internalSplitBtn-arrowButton-img\")]"}
RESULT: {"using":"xpath","value":"//span[contains(@id ,\"actionsMenuButton-internalSplitBtn-arrowButton-img\")]"}
COMMAND: POST /session/e7e046f545b47c9805ddcb78f08915f8/elements - {"using":"xpath","value":"//span[contains(@id ,\"actionsMenuButton-internalSplitBtn-arrowButton-img\")]"}
RESULT: {"using":"xpath","value":"//span[contains(@id ,\"actionsMenuButton-internalSplitBtn-arrowButton-img\")]"}
COMMAND: POST /session/e7e046f545b47c9805ddcb78f08915f8/elements - {"using":"xpath","value":"//span[contains(@id ,\"actionsMenuButton-internalSplitBtn-arrowButton-img\")]"}
RESULT: {"using":"xpath","value":"//span[contains(@id ,\"actionsMenuButton-internalSplitBtn-arrowButton-img\")]"}
COMMAND: POST /session/e7e046f545b47c9805ddcb78f08915f8/elements - {"using":"xpath","value":"//span[contains(@id ,\"actionsMenuButton-internalSplitBtn-arrowButton-img\")]"}
RESULT: {"using":"xpath","value":"//span[contains(@id ,\"actionsMenuButton-internalSplitBtn-arrowButton-img\")]"}
COMMAND: POST /session/e7e046f545b47c9805ddcb78f08915f8/elements - {"using":"xpath","value":"//span[contains(@id ,\"actionsMenuButton-internalSplitBtn-arrowButton-img\")]"}
RESULT: {"using":"xpath","value":"//span[contains(@id ,\"actionsMenuButton-internalSplitBtn-arrowButton-img\")]"}
COMMAND: POST /session/e7e046f545b47c9805ddcb78f08915f8/elements - {"using":"xpath","value":"//span[contains(@id ,\"actionsMenuButton-internalSplitBtn-arrowButton-img\")]"}
RESULT: {"using":"xpath","value":"//span[contains(@id ,\"actionsMenuButton-internalSplitBtn-arrowButton-img\")]"}
COMMAND: POST /session/e7e046f545b47c9805ddcb78f08915f8/elements - {"using":"xpath","value":"//span[contains(@id ,\"actionsMenuButton-internalSplitBtn-arrowButton-img\")]"}
RESULT: {"using":"xpath","value":"//span[contains(@id ,\"actionsMenuButton-internalSplitBtn-arrowButton-img\")]"}
COMMAND: POST /session/e7e046f545b47c9805ddcb78f08915f8/elements - {"using":"xpath","value":"//span[contains(@id ,\"actionsMenuButton-internalSplitBtn-arrowButton-img\")]"}
RESULT: {"using":"xpath","value":"//span[contains(@id ,\"actionsMenuButton-internalSplitBtn-arrowButton-img\")]"}
COMMAND: POST /session/e7e046f545b47c9805ddcb78f08915f8/elements - {"using":"xpath","value":"//span[contains(@id ,\"actionsMenuButton-internalSplitBtn-arrowButton-img\")]"}
RESULT: {"using":"xpath","value":"//span[contains(@id ,\"actionsMenuButton-internalSplitBtn-arrowButton-img\")]"}
COMMAND: POST /session/e7e046f545b47c9805ddcb78f08915f8/elements - {"using":"xpath","value":"//span[contains(@id ,\"actionsMenuButton-internalSplitBtn-arrowButton-img\")]"}
RESULT: {"using":"xpath","value":"//span[contains(@id ,\"actionsMenuButton-internalSplitBtn-arrowButton-img\")]"}
COMMAND: POST /session/e7e046f545b47c9805ddcb78f08915f8/elements - {"using":"xpath","value":"//span[contains(@id ,\"actionsMenuButton-internalSplitBtn-arrowButton-img\")]"}
RESULT: {"using":"xpath","value":"//span[contains(@id ,\"actionsMenuButton-internalSplitBtn-arrowButton-img\")]"}
COMMAND: POST /session/e7e046f545b47c9805ddcb78f08915f8/elements - {"using":"xpath","value":"//span[contains(@id ,\"actionsMenuButton-internalSplitBtn-arrowButton-img\")]"}
RESULT: {"using":"xpath","value":"//span[contains(@id ,\"actionsMenuButton-internalSplitBtn-arrowButton-img\")]"}
COMMAND: POST /session/e7e046f545b47c9805ddcb78f08915f8/elements - {"using":"xpath","value":"//span[contains(@id ,\"actionsMenuButton-internalSplitBtn-arrowButton-img\")]"}
RESULT: {"using":"xpath","value":"//span[contains(@id ,\"actionsMenuButton-internalSplitBtn-arrowButton-img\")]"}
COMMAND: POST /session/e7e046f545b47c9805ddcb78f08915f8/elements - {"using":"xpath","value":"//span[contains(@id ,\"actionsMenuButton-internalSplitBtn-arrowButton-img\")]"}
RESULT: {"using":"xpath","value":"//span[contains(@id ,\"actionsMenuButton-internalSplitBtn-arrowButton-img\")]"}
COMMAND: POST /session/e7e046f545b47c9805ddcb78f08915f8/elements - {"using":"xpath","value":"//span[contains(@id ,\"actionsMenuButton-internalSplitBtn-arrowButton-img\")]"}
RESULT: {"using":"xpath","value":"//span[contains(@id ,\"actionsMenuButton-internalSplitBtn-arrowButton-img\")]"}
COMMAND: POST /session/e7e046f545b47c9805ddcb78f08915f8/elements - {"using":"xpath","value":"//span[contains(@id ,\"actionsMenuButton-internalSplitBtn-arrowButton-img\")]"}
RESULT: {"using":"xpath","value":"//span[contains(@id ,\"actionsMenuButton-internalSplitBtn-arrowButton-img\")]"}
COMMAND: POST /session/e7e046f545b47c9805ddcb78f08915f8/elements - {"using":"xpath","value":"//span[contains(@id ,\"actionsMenuButton-internalSplitBtn-arrowButton-img\")]"}
RESULT: {"using":"xpath","value":"//span[contains(@id ,\"actionsMenuButton-internalSplitBtn-arrowButton-img\")]"}
COMMAND: POST /session/e7e046f545b47c9805ddcb78f08915f8/elements - {"using":"xpath","value":"//span[contains(@id ,\"actionsMenuButton-internalSplitBtn-arrowButton-img\")]"}
RESULT: {"using":"xpath","value":"//span[contains(@id ,\"actionsMenuButton-internalSplitBtn-arrowButton-img\")]"}
COMMAND: POST /session/e7e046f545b47c9805ddcb78f08915f8/elements - {"using":"xpath","value":"//span[contains(@id ,\"actionsMenuButton-internalSplitBtn-arrowButton-img\")]"}
RESULT: {"using":"xpath","value":"//span[contains(@id ,\"actionsMenuButton-internalSplitBtn-arrowButton-img\")]"}
COMMAND: POST /session/e7e046f545b47c9805ddcb78f08915f8/elements - {"using":"xpath","value":"//span[contains(@id ,\"actionsMenuButton-internalSplitBtn-arrowButton-img\")]"}
RESULT: {"using":"xpath","value":"//span[contains(@id ,\"actionsMenuButton-internalSplitBtn-arrowButton-img\")]"}
COMMAND: POST /session/e7e046f545b47c9805ddcb78f08915f8/elements - {"using":"xpath","value":"//span[contains(@id ,\"actionsMenuButton-internalSplitBtn-arrowButton-img\")]"}
RESULT: {"using":"xpath","value":"//span[contains(@id ,\"actionsMenuButton-internalSplitBtn-arrowButton-img\")]"}
COMMAND: POST /session/e7e046f545b47c9805ddcb78f08915f8/elements - {"using":"xpath","value":"//span[contains(@id ,\"actionsMenuButton-internalSplitBtn-arrowButton-img\")]"}
RESULT: {"using":"xpath","value":"//span[contains(@id ,\"actionsMenuButton-internalSplitBtn-arrowButton-img\")]"}
COMMAND: POST /session/e7e046f545b47c9805ddcb78f08915f8/elements - {"using":"xpath","value":"//span[contains(@id ,\"actionsMenuButton-internalSplitBtn-arrowButton-img\")]"}
RESULT: {"using":"xpath","value":"//span[contains(@id ,\"actionsMenuButton-internalSplitBtn-arrowButton-img\")]"}
COMMAND: POST /session/e7e046f545b47c9805ddcb78f08915f8/elements - {"using":"xpath","value":"//span[contains(@id ,\"actionsMenuButton-internalSplitBtn-arrowButton-img\")]"}
RESULT: {"using":"xpath","value":"//span[contains(@id ,\"actionsMenuButton-internalSplitBtn-arrowButton-img\")]"}
COMMAND: POST /session/e7e046f545b47c9805ddcb78f08915f8/elements - {"using":"xpath","value":"//span[contains(@id ,\"actionsMenuButton-internalSplitBtn-arrowButton-img\")]"}
RESULT: {"using":"xpath","value":"//span[contains(@id ,\"actionsMenuButton-internalSplitBtn-arrowButton-img\")]"}
COMMAND: POST /session/e7e046f545b47c9805ddcb78f08915f8/elements - {"using":"xpath","value":"//span[contains(@id ,\"actionsMenuButton-internalSplitBtn-arrowButton-img\")]"}
RESULT: {"using":"xpath","value":"//span[contains(@id ,\"actionsMenuButton-internalSplitBtn-arrowButton-img\")]"}
COMMAND: POST /session/e7e046f545b47c9805ddcb78f08915f8/elements - {"using":"xpath","value":"//span[contains(@id ,\"actionsMenuButton-internalSplitBtn-arrowButton-img\")]"}
RESULT: {"using":"xpath","value":"//span[contains(@id ,\"actionsMenuButton-internalSplitBtn-arrowButton-img\")]"}
COMMAND: POST /session/e7e046f545b47c9805ddcb78f08915f8/elements - {"using":"xpath","value":"//span[contains(@id ,\"actionsMenuButton-internalSplitBtn-arrowButton-img\")]"}
RESULT: {"using":"xpath","value":"//span[contains(@id ,\"actionsMenuButton-internalSplitBtn-arrowButton-img\")]"}
COMMAND: POST /session/e7e046f545b47c9805ddcb78f08915f8/elements - {"using":"xpath","value":"//span[contains(@id ,\"actionsMenuButton-internalSplitBtn-arrowButton-img\")]"}
RESULT: {"using":"xpath","value":"//span[contains(@id ,\"actionsMenuButton-internalSplitBtn-arrowButton-img\")]"}
COMMAND: POST /session/e7e046f545b47c9805ddcb78f08915f8/elements - {"using":"xpath","value":"//span[contains(@id ,\"actionsMenuButton-internalSplitBtn-arrowButton-img\")]"}
RESULT: {"using":"xpath","value":"//span[contains(@id ,\"actionsMenuButton-internalSplitBtn-arrowButton-img\")]"}
COMMAND: POST /session/e7e046f545b47c9805ddcb78f08915f8/elements - {"using":"xpath","value":"//span[contains(@id ,\"actionsMenuButton-internalSplitBtn-arrowButton-img\")]"}
RESULT: {"using":"xpath","value":"//span[contains(@id ,\"actionsMenuButton-internalSplitBtn-arrowButton-img\")]"}
COMMAND: POST /session/e7e046f545b47c9805ddcb78f08915f8/elements - {"using":"xpath","value":"//span[contains(@id ,\"actionsMenuButton-internalSplitBtn-arrowButton-img\")]"}
RESULT: {"using":"xpath","value":"//span[contains(@id ,\"actionsMenuButton-internalSplitBtn-arrowButton-img\")]"}
COMMAND: POST /session/e7e046f545b47c9805ddcb78f08915f8/elements - {"using":"xpath","value":"//span[contains(@id ,\"actionsMenuButton-internalSplitBtn-arrowButton-img\")]"}
RESULT: {"using":"xpath","value":"//span[contains(@id ,\"actionsMenuButton-internalSplitBtn-arrowButton-img\")]"}
COMMAND: POST /session/e7e046f545b47c9805ddcb78f08915f8/elements - {"using":"xpath","value":"//span[contains(@id ,\"actionsMenuButton-internalSplitBtn-arrowButton-img\")]"}
RESULT: {"using":"xpath","value":"//span[contains(@id ,\"actionsMenuButton-internalSplitBtn-arrowButton-img\")]"}
COMMAND: POST /session/e7e046f545b47c9805ddcb78f08915f8/elements - {"using":"xpath","value":"//span[contains(@id ,\"actionsMenuButton-internalSplitBtn-arrowButton-img\")]"}
RESULT: {"using":"xpath","value":"//span[contains(@id ,\"actionsMenuButton-internalSplitBtn-arrowButton-img\")]"}
COMMAND: POST /session/e7e046f545b47c9805ddcb78f08915f8/elements - {"using":"xpath","value":"//span[contains(@id ,\"actionsMenuButton-internalSplitBtn-arrowButton-img\")]"}
RESULT: {"using":"xpath","value":"//span[contains(@id ,\"actionsMenuButton-internalSplitBtn-arrowButton-img\")]"}
COMMAND: POST /session/e7e046f545b47c9805ddcb78f08915f8/elements - {"using":"xpath","value":"//span[contains(@id ,\"actionsMenuButton-internalSplitBtn-arrowButton-img\")]"}
RESULT: {"using":"xpath","value":"//span[contains(@id ,\"actionsMenuButton-internalSplitBtn-arrowButton-img\")]"}
COMMAND: POST /session/e7e046f545b47c9805ddcb78f08915f8/elements - {"using":"xpath","value":"//span[contains(@id ,\"actionsMenuButton-internalSplitBtn-arrowButton-img\")]"}
RESULT: {"using":"xpath","value":"//span[contains(@id ,\"actionsMenuButton-internalSplitBtn-arrowButton-img\")]"}
COMMAND: POST /session/e7e046f545b47c9805ddcb78f08915f8/elements - {"using":"xpath","value":"//span[contains(@id ,\"actionsMenuButton-internalSplitBtn-arrowButton-img\")]"}
RESULT: {"using":"xpath","value":"//span[contains(@id ,\"actionsMenuButton-internalSplitBtn-arrowButton-img\")]"}
COMMAND: POST /session/e7e046f545b47c9805ddcb78f08915f8/elements - {"using":"xpath","value":"//span[contains(@id ,\"actionsMenuButton-internalSplitBtn-arrowButton-img\")]"}
RESULT: {"using":"xpath","value":"//span[contains(@id ,\"actionsMenuButton-internalSplitBtn-arrowButton-img\")]"}
COMMAND: POST /session/e7e046f545b47c9805ddcb78f08915f8/elements - {"using":"xpath","value":"//span[contains(@id ,\"actionsMenuButton-internalSplitBtn-arrowButton-img\")]"}
RESULT: {"using":"xpath","value":"//span[contains(@id ,\"actionsMenuButton-internalSplitBtn-arrowButton-img\")]"}
COMMAND: POST /session/e7e046f545b47c9805ddcb78f08915f8/elements - {"using":"xpath","value":"//span[contains(@id ,\"actionsMenuButton-internalSplitBtn-arrowButton-img\")]"}
RESULT: {"using":"xpath","value":"//span[contains(@id ,\"actionsMenuButton-internalSplitBtn-arrowButton-img\")]"}
COMMAND: POST /session/e7e046f545b47c9805ddcb78f08915f8/elements - {"using":"xpath","value":"//span[contains(@id ,\"actionsMenuButton-internalSplitBtn-arrowButton-img\")]"}
RESULT: {"using":"xpath","value":"//span[contains(@id ,\"actionsMenuButton-internalSplitBtn-arrowButton-img\")]"}
COMMAND: POST /session/e7e046f545b47c9805ddcb78f08915f8/elements - {"using":"xpath","value":"//span[contains(@id ,\"actionsMenuButton-internalSplitBtn-arrowButton-img\")]"}
RESULT: {"using":"xpath","value":"//span[contains(@id ,\"actionsMenuButton-internalSplitBtn-arrowButton-img\")]"}
COMMAND: POST /session/e7e046f545b47c9805ddcb78f08915f8/elements - {"using":"xpath","value":"//span[contains(@id ,\"actionsMenuButton-internalSplitBtn-arrowButton-img\")]"}
RESULT: {"using":"xpath","value":"//span[contains(@id ,\"actionsMenuButton-internalSplitBtn-arrowButton-img\")]"}
COMMAND: POST /session/e7e046f545b47c9805ddcb78f08915f8/elements - {"using":"xpath","value":"//span[contains(@id ,\"actionsMenuButton-internalSplitBtn-arrowButton-img\")]"}
RESULT: {"using":"xpath","value":"//span[contains(@id ,\"actionsMenuButton-internalSplitBtn-arrowButton-img\")]"}
COMMAND: POST /session/e7e046f545b47c9805ddcb78f08915f8/elements - {"using":"xpath","value":"//span[contains(@id ,\"actionsMenuButton-internalSplitBtn-arrowButton-img\")]"}
RESULT: {"using":"xpath","value":"//span[contains(@id ,\"actionsMenuButton-internalSplitBtn-arrowButton-img\")]"}
COMMAND: POST /session/e7e046f545b47c9805ddcb78f08915f8/elements - {"using":"xpath","value":"//span[contains(@id ,\"actionsMenuButton-internalSplitBtn-arrowButton-img\")]"}
RESULT: {"using":"xpath","value":"//span[contains(@id ,\"actionsMenuButton-internalSplitBtn-arrowButton-img\")]"}
COMMAND: POST /session/e7e046f545b47c9805ddcb78f08915f8/elements - {"using":"xpath","value":"//span[contains(@id ,\"actionsMenuButton-internalSplitBtn-arrowButton-img\")]"}
RESULT: {"using":"xpath","value":"//span[contains(@id ,\"actionsMenuButton-internalSplitBtn-arrowButton-img\")]"}
COMMAND: POST /session/e7e046f545b47c9805ddcb78f08915f8/elements - {"using":"xpath","value":"//span[contains(@id ,\"actionsMenuButton-internalSplitBtn-arrowButton-img\")]"}
RESULT: {"using":"xpath","value":"//span[contains(@id ,\"actionsMenuButton-internalSplitBtn-arrowButton-img\")]"}
COMMAND: POST /session/e7e046f545b47c9805ddcb78f08915f8/elements - {"using":"xpath","value":"//span[contains(@id ,\"actionsMenuButton-internalSplitBtn-arrowButton-img\")]"}
RESULT: {"using":"xpath","value":"//span[contains(@id ,\"actionsMenuButton-internalSplitBtn-arrowButton-img\")]"}
COMMAND: POST /session/e7e046f545b47c9805ddcb78f08915f8/elements - {"using":"xpath","value":"//span[contains(@id ,\"actionsMenuButton-internalSplitBtn-arrowButton-img\")]"}
RESULT: {"using":"xpath","value":"//span[contains(@id ,\"actionsMenuButton-internalSplitBtn-arrowButton-img\")]"}
COMMAND: POST /session/e7e046f545b47c9805ddcb78f08915f8/elements - {"using":"xpath","value":"//span[contains(@id ,\"actionsMenuButton-internalSplitBtn-arrowButton-img\")]"}
RESULT: {"using":"xpath","value":"//span[contains(@id ,\"actionsMenuButton-internalSplitBtn-arrowButton-img\")]"}
COMMAND: POST /session/e7e046f545b47c9805ddcb78f08915f8/elements - {"using":"xpath","value":"//span[contains(@id ,\"actionsMenuButton-internalSplitBtn-arrowButton-img\")]"}
RESULT: {"using":"xpath","value":"//span[contains(@id ,\"actionsMenuButton-internalSplitBtn-arrowButton-img\")]"}
COMMAND: POST /session/e7e046f545b47c9805ddcb78f08915f8/elements - {"using":"xpath","value":"//span[contains(@id ,\"actionsMenuButton-internalSplitBtn-arrowButton-img\")]"}
RESULT: {"using":"xpath","value":"//span[contains(@id ,\"actionsMenuButton-internalSplitBtn-arrowButton-img\")]"}
COMMAND: POST /session/e7e046f545b47c9805ddcb78f08915f8/elements - {"using":"xpath","value":"//span[contains(@id ,\"actionsMenuButton-internalSplitBtn-arrowButton-img\")]"}
RESULT: {"using":"xpath","value":"//span[contains(@id ,\"actionsMenuButton-internalSplitBtn-arrowButton-img\")]"}
COMMAND: POST /session/e7e046f545b47c9805ddcb78f08915f8/elements - {"using":"xpath","value":"//span[contains(@id ,\"actionsMenuButton-internalSplitBtn-arrowButton-img\")]"}
RESULT: {"using":"xpath","value":"//span[contains(@id ,\"actionsMenuButton-internalSplitBtn-arrowButton-img\")]"}
COMMAND: POST /session/e7e046f545b47c9805ddcb78f08915f8/elements - {"using":"xpath","value":"//span[contains(@id ,\"actionsMenuButton-internalSplitBtn-arrowButton-img\")]"}
RESULT: {"using":"xpath","value":"//span[contains(@id ,\"actionsMenuButton-internalSplitBtn-arrowButton-img\")]"}
COMMAND: POST /session/e7e046f545b47c9805ddcb78f08915f8/elements - {"using":"xpath","value":"//span[contains(@id ,\"actionsMenuButton-internalSplitBtn-arrowButton-img\")]"}
RESULT: {"using":"xpath","value":"//span[contains(@id ,\"actionsMenuButton-internalSplitBtn-arrowButton-img\")]"}
COMMAND: POST /session/e7e046f545b47c9805ddcb78f08915f8/elements - {"using":"xpath","value":"//span[contains(@id ,\"actionsMenuButton-internalSplitBtn-arrowButton-img\")]"}
RESULT: {"using":"xpath","value":"//span[contains(@id ,\"actionsMenuButton-internalSplitBtn-arrowButton-img\")]"}
COMMAND: POST /session/e7e046f545b47c9805ddcb78f08915f8/elements - {"using":"xpath","value":"//span[contains(@id ,\"actionsMenuButton-internalSplitBtn-arrowButton-img\")]"}
RESULT: {"using":"xpath","value":"//span[contains(@id ,\"actionsMenuButton-internalSplitBtn-arrowButton-img\")]"}
COMMAND: POST /session/e7e046f545b47c9805ddcb78f08915f8/elements - {"using":"xpath","value":"//span[contains(@id ,\"actionsMenuButton-internalSplitBtn-arrowButton-img\")]"}
RESULT: {"using":"xpath","value":"//span[contains(@id ,\"actionsMenuButton-internalSplitBtn-arrowButton-img\")]"}
COMMAND: POST /session/e7e046f545b47c9805ddcb78f08915f8/elements - {"using":"xpath","value":"//span[contains(@id ,\"actionsMenuButton-internalSplitBtn-arrowButton-img\")]"}
RESULT: {"using":"xpath","value":"//span[contains(@id ,\"actionsMenuButton-internalSplitBtn-arrowButton-img\")]"}
COMMAND: POST /session/e7e046f545b47c9805ddcb78f08915f8/elements - {"using":"xpath","value":"//span[contains(@id ,\"actionsMenuButton-internalSplitBtn-arrowButton-img\")]"}
RESULT: {"using":"xpath","value":"//span[contains(@id ,\"actionsMenuButton-internalSplitBtn-arrowButton-img\")]"}
COMMAND: POST /session/e7e046f545b47c9805ddcb78f08915f8/elements - {"using":"xpath","value":"//span[contains(@id ,\"actionsMenuButton-internalSplitBtn-arrowButton-img\")]"}
RESULT: {"using":"xpath","value":"//span[contains(@id ,\"actionsMenuButton-internalSplitBtn-arrowButton-img\")]"}
COMMAND: POST /session/e7e046f545b47c9805ddcb78f08915f8/elements - {"using":"xpath","value":"//span[contains(@id ,\"actionsMenuButton-internalSplitBtn-arrowButton-img\")]"}
RESULT: {"using":"xpath","value":"//span[contains(@id ,\"actionsMenuButton-internalSplitBtn-arrowButton-img\")]"}
COMMAND: POST /session/e7e046f545b47c9805ddcb78f08915f8/elements - {"using":"xpath","value":"//span[contains(@id ,\"actionsMenuButton-internalSplitBtn-arrowButton-img\")]"}
RESULT: {"using":"xpath","value":"//span[contains(@id ,\"actionsMenuButton-internalSplitBtn-arrowButton-img\")]"}
COMMAND: POST /session/e7e046f545b47c9805ddcb78f08915f8/elements - {"using":"xpath","value":"//span[contains(@id ,\"actionsMenuButton-internalSplitBtn-arrowButton-img\")]"}
RESULT: {"using":"xpath","value":"//span[contains(@id ,\"actionsMenuButton-internalSplitBtn-arrowButton-img\")]"}
COMMAND: POST /session/e7e046f545b47c9805ddcb78f08915f8/elements - {"using":"xpath","value":"//span[contains(@id ,\"actionsMenuButton-internalSplitBtn-arrowButton-img\")]"}
RESULT: {"using":"xpath","value":"//span[contains(@id ,\"actionsMenuButton-internalSplitBtn-arrowButton-img\")]"}
COMMAND: POST /session/e7e046f545b47c9805ddcb78f08915f8/elements - {"using":"xpath","value":"//span[contains(@id ,\"actionsMenuButton-internalSplitBtn-arrowButton-img\")]"}
RESULT: {"using":"xpath","value":"//span[contains(@id ,\"actionsMenuButton-internalSplitBtn-arrowButton-img\")]"}
COMMAND: POST /session/e7e046f545b47c9805ddcb78f08915f8/elements - {"using":"xpath","value":"//span[contains(@id ,\"actionsMenuButton-internalSplitBtn-arrowButton-img\")]"}
RESULT: {"using":"xpath","value":"//span[contains(@id ,\"actionsMenuButton-internalSplitBtn-arrowButton-img\")]"}
COMMAND: POST /session/e7e046f545b47c9805ddcb78f08915f8/elements - {"using":"xpath","value":"//span[contains(@id ,\"actionsMenuButton-internalSplitBtn-arrowButton-img\")]"}
RESULT: {"using":"xpath","value":"//span[contains(@id ,\"actionsMenuButton-internalSplitBtn-arrowButton-img\")]"}
COMMAND: POST /session/e7e046f545b47c9805ddcb78f08915f8/elements - {"using":"xpath","value":"//span[contains(@id ,\"actionsMenuButton-internalSplitBtn-arrowButton-img\")]"}
RESULT: {"using":"xpath","value":"//span[contains(@id ,\"actionsMenuButton-internalSplitBtn-arrowButton-img\")]"}
COMMAND: POST /session/e7e046f545b47c9805ddcb78f08915f8/elements - {"using":"xpath","value":"//span[contains(@id ,\"actionsMenuButton-internalSplitBtn-arrowButton-img\")]"}
RESULT: {"using":"xpath","value":"//span[contains(@id ,\"actionsMenuButton-internalSplitBtn-arrowButton-img\")]"}
COMMAND: POST /session/e7e046f545b47c9805ddcb78f08915f8/elements - {"using":"xpath","value":"//span[contains(@id ,\"actionsMenuButton-internalSplitBtn-arrowButton-img\")]"}
RESULT: {"using":"xpath","value":"//span[contains(@id ,\"actionsMenuButton-internalSplitBtn-arrowButton-img\")]"}
COMMAND: POST /session/e7e046f545b47c9805ddcb78f08915f8/elements - {"using":"xpath","value":"//span[contains(@id ,\"actionsMenuButton-internalSplitBtn-arrowButton-img\")]"}
RESULT: {"using":"xpath","value":"//span[contains(@id ,\"actionsMenuButton-internalSplitBtn-arrowButton-img\")]"}
COMMAND: POST /session/e7e046f545b47c9805ddcb78f08915f8/elements - {"using":"xpath","value":"//span[contains(@id ,\"actionsMenuButton-internalSplitBtn-arrowButton-img\")]"}
RESULT: {"using":"xpath","value":"//span[contains(@id ,\"actionsMenuButton-internalSplitBtn-arrowButton-img\")]"}
COMMAND: POST /session/e7e046f545b47c9805ddcb78f08915f8/elements - {"using":"xpath","value":"//span[contains(@id ,\"actionsMenuButton-internalSplitBtn-arrowButton-img\")]"}
RESULT: {"using":"xpath","value":"//span[contains(@id ,\"actionsMenuButton-internalSplitBtn-arrowButton-img\")]"}
COMMAND: POST /session/e7e046f545b47c9805ddcb78f08915f8/elements - {"using":"xpath","value":"//span[contains(@id ,\"actionsMenuButton-internalSplitBtn-arrowButton-img\")]"}
RESULT: {"using":"xpath","value":"//span[contains(@id ,\"actionsMenuButton-internalSplitBtn-arrowButton-img\")]"}
COMMAND: POST /session/e7e046f545b47c9805ddcb78f08915f8/elements - {"using":"xpath","value":"//span[contains(@id ,\"actionsMenuButton-internalSplitBtn-arrowButton-img\")]"}
RESULT: {"using":"xpath","value":"//span[contains(@id ,\"actionsMenuButton-internalSplitBtn-arrowButton-img\")]"}
COMMAND: POST /session/e7e046f545b47c9805ddcb78f08915f8/elements - {"using":"xpath","value":"//span[contains(@id ,\"actionsMenuButton-internalSplitBtn-arrowButton-img\")]"}
RESULT: {"using":"xpath","value":"//span[contains(@id ,\"actionsMenuButton-internalSplitBtn-arrowButton-img\")]"}
COMMAND: POST /session/e7e046f545b47c9805ddcb78f08915f8/elements - {"using":"xpath","value":"//span[contains(@id ,\"actionsMenuButton-internalSplitBtn-arrowButton-img\")]"}
RESULT: {"using":"xpath","value":"//span[contains(@id ,\"actionsMenuButton-internalSplitBtn-arrowButton-img\")]"}
COMMAND: POST /session/e7e046f545b47c9805ddcb78f08915f8/elements - {"using":"xpath","value":"//span[contains(@id ,\"actionsMenuButton-internalSplitBtn-arrowButton-img\")]"}
RESULT: {"using":"xpath","value":"//span[contains(@id ,\"actionsMenuButton-internalSplitBtn-arrowButton-img\")]"}
COMMAND: POST /session/e7e046f545b47c9805ddcb78f08915f8/elements - {"using":"xpath","value":"//span[contains(@id ,\"actionsMenuButton-internalSplitBtn-arrowButton-img\")]"}
RESULT: {"using":"xpath","value":"//span[contains(@id ,\"actionsMenuButton-internalSplitBtn-arrowButton-img\")]"}
COMMAND: POST /session/e7e046f545b47c9805ddcb78f08915f8/elements - {"using":"xpath","value":"//span[contains(@id ,\"actionsMenuButton-internalSplitBtn-arrowButton-img\")]"}
RESULT: {"using":"xpath","value":"//span[contains(@id ,\"actionsMenuButton-internalSplitBtn-arrowButton-img\")]"}
COMMAND: POST /session/e7e046f545b47c9805ddcb78f08915f8/elements - {"using":"xpath","value":"//span[contains(@id ,\"actionsMenuButton-internalSplitBtn-arrowButton-img\")]"}
RESULT: {"using":"xpath","value":"//span[contains(@id ,\"actionsMenuButton-internalSplitBtn-arrowButton-img\")]"}
COMMAND: POST /session/e7e046f545b47c9805ddcb78f08915f8/elements - {"using":"xpath","value":"//span[contains(@id ,\"actionsMenuButton-internalSplitBtn-arrowButton-img\")]"}
RESULT: {"using":"xpath","value":"//span[contains(@id ,\"actionsMenuButton-internalSplitBtn-arrowButton-img\")]"}
COMMAND: POST /session/e7e046f545b47c9805ddcb78f08915f8/elements - {"using":"xpath","value":"//span[contains(@id ,\"actionsMenuButton-internalSplitBtn-arrowButton-img\")]"}
RESULT: {"using":"xpath","value":"//span[contains(@id ,\"actionsMenuButton-internalSplitBtn-arrowButton-img\")]"}
COMMAND: POST /session/e7e046f545b47c9805ddcb78f08915f8/elements - {"using":"xpath","value":"//span[contains(@id ,\"actionsMenuButton-internalSplitBtn-arrowButton-img\")]"}
RESULT: {"using":"xpath","value":"//span[contains(@id ,\"actionsMenuButton-internalSplitBtn-arrowButton-img\")]"}
COMMAND: POST /session/e7e046f545b47c9805ddcb78f08915f8/elements - {"using":"xpath","value":"//span[contains(@id ,\"actionsMenuButton-internalSplitBtn-arrowButton-img\")]"}
RESULT: {"using":"xpath","value":"//span[contains(@id ,\"actionsMenuButton-internalSplitBtn-arrowButton-img\")]"}
COMMAND: POST /session/e7e046f545b47c9805ddcb78f08915f8/elements - {"using":"xpath","value":"//span[contains(@id ,\"actionsMenuButton-internalSplitBtn-arrowButton-img\")]"}
RESULT: {"using":"xpath","value":"//span[contains(@id ,\"actionsMenuButton-internalSplitBtn-arrowButton-img\")]"}
COMMAND: POST /session/e7e046f545b47c9805ddcb78f08915f8/elements - {"using":"xpath","value":"//span[contains(@id ,\"actionsMenuButton-internalSplitBtn-arrowButton-img\")]"}
RESULT: {"using":"xpath","value":"//span[contains(@id ,\"actionsMenuButton-internalSplitBtn-arrowButton-img\")]"}
COMMAND: POST /session/e7e046f545b47c9805ddcb78f08915f8/elements - {"using":"xpath","value":"//span[contains(@id ,\"actionsMenuButton-internalSplitBtn-arrowButton-img\")]"}
RESULT: {"using":"xpath","value":"//span[contains(@id ,\"actionsMenuButton-internalSplitBtn-arrowButton-img\")]"}
COMMAND: POST /session/e7e046f545b47c9805ddcb78f08915f8/elements - {"using":"xpath","value":"//span[contains(@id ,\"actionsMenuButton-internalSplitBtn-arrowButton-img\")]"}
RESULT: {"using":"xpath","value":"//span[contains(@id ,\"actionsMenuButton-internalSplitBtn-arrowButton-img\")]"}
COMMAND: POST /session/e7e046f545b47c9805ddcb78f08915f8/elements - {"using":"xpath","value":"//span[contains(@id ,\"actionsMenuButton-internalSplitBtn-arrowButton-img\")]"}
RESULT: {"using":"xpath","value":"//span[contains(@id ,\"actionsMenuButton-internalSplitBtn-arrowButton-img\")]"}
COMMAND: POST /session/e7e046f545b47c9805ddcb78f08915f8/elements - {"using":"xpath","value":"//span[contains(@id ,\"actionsMenuButton-internalSplitBtn-arrowButton-img\")]"}
RESULT: {"using":"xpath","value":"//span[contains(@id ,\"actionsMenuButton-internalSplitBtn-arrowButton-img\")]"}
COMMAND: POST /session/e7e046f545b47c9805ddcb78f08915f8/elements - {"using":"xpath","value":"//span[contains(@id ,\"actionsMenuButton-internalSplitBtn-arrowButton-img\")]"}
RESULT: {"using":"xpath","value":"//span[contains(@id ,\"actionsMenuButton-internalSplitBtn-arrowButton-img\")]"}
COMMAND: POST /session/e7e046f545b47c9805ddcb78f08915f8/elements - {"using":"xpath","value":"//span[contains(@id ,\"actionsMenuButton-internalSplitBtn-arrowButton-img\")]"}
RESULT: {"using":"xpath","value":"//span[contains(@id ,\"actionsMenuButton-internalSplitBtn-arrowButton-img\")]"}
COMMAND: POST /session/e7e046f545b47c9805ddcb78f08915f8/elements - {"using":"xpath","value":"//span[contains(@id ,\"actionsMenuButton-internalSplitBtn-arrowButton-img\")]"}
RESULT: {"using":"xpath","value":"//span[contains(@id ,\"actionsMenuButton-internalSplitBtn-arrowButton-img\")]"}
COMMAND: POST /session/e7e046f545b47c9805ddcb78f08915f8/elements - {"using":"xpath","value":"//span[contains(@id ,\"actionsMenuButton-internalSplitBtn-arrowButton-img\")]"}
RESULT: {"using":"xpath","value":"//span[contains(@id ,\"actionsMenuButton-internalSplitBtn-arrowButton-img\")]"}
COMMAND: POST /session/e7e046f545b47c9805ddcb78f08915f8/elements - {"using":"xpath","value":"//span[contains(@id ,\"actionsMenuButton-internalSplitBtn-arrowButton-img\")]"}
RESULT: {"using":"xpath","value":"//span[contains(@id ,\"actionsMenuButton-internalSplitBtn-arrowButton-img\")]"}
COMMAND: POST /session/e7e046f545b47c9805ddcb78f08915f8/elements - {"using":"xpath","value":"//span[contains(@id ,\"actionsMenuButton-internalSplitBtn-arrowButton-img\")]"}
RESULT: {"using":"xpath","value":"//span[contains(@id ,\"actionsMenuButton-internalSplitBtn-arrowButton-img\")]"}
COMMAND: POST /session/e7e046f545b47c9805ddcb78f08915f8/elements - {"using":"xpath","value":"//span[contains(@id ,\"actionsMenuButton-internalSplitBtn-arrowButton-img\")]"}
RESULT: {"using":"xpath","value":"//span[contains(@id ,\"actionsMenuButton-internalSplitBtn-arrowButton-img\")]"}
COMMAND: POST /session/e7e046f545b47c9805ddcb78f08915f8/elements - {"using":"xpath","value":"//span[contains(@id ,\"actionsMenuButton-internalSplitBtn-arrowButton-img\")]"}
RESULT: {"using":"xpath","value":"//span[contains(@id ,\"actionsMenuButton-internalSplitBtn-arrowButton-img\")]"}
COMMAND: POST /session/e7e046f545b47c9805ddcb78f08915f8/elements - {"using":"xpath","value":"//span[contains(@id ,\"actionsMenuButton-internalSplitBtn-arrowButton-img\")]"}
RESULT: {"using":"xpath","value":"//span[contains(@id ,\"actionsMenuButton-internalSplitBtn-arrowButton-img\")]"}
COMMAND: POST /session/e7e046f545b47c9805ddcb78f08915f8/elements - {"using":"xpath","value":"//span[contains(@id ,\"actionsMenuButton-internalSplitBtn-arrowButton-img\")]"}
RESULT: {"using":"xpath","value":"//span[contains(@id ,\"actionsMenuButton-internalSplitBtn-arrowButton-img\")]"}
COMMAND: POST /session/e7e046f545b47c9805ddcb78f08915f8/elements - {"using":"xpath","value":"//span[contains(@id ,\"actionsMenuButton-internalSplitBtn-arrowButton-img\")]"}
RESULT: {"using":"xpath","value":"//span[contains(@id ,\"actionsMenuButton-internalSplitBtn-arrowButton-img\")]"}
COMMAND: POST /session/e7e046f545b47c9805ddcb78f08915f8/elements - {"using":"xpath","value":"//span[contains(@id ,\"actionsMenuButton-internalSplitBtn-arrowButton-img\")]"}
RESULT: {"using":"xpath","value":"//span[contains(@id ,\"actionsMenuButton-internalSplitBtn-arrowButton-img\")]"}
COMMAND: POST /session/e7e046f545b47c9805ddcb78f08915f8/elements - {"using":"xpath","value":"//span[contains(@id ,\"actionsMenuButton-internalSplitBtn-arrowButton-img\")]"}
RESULT: {"using":"xpath","value":"//span[contains(@id ,\"actionsMenuButton-internalSplitBtn-arrowButton-img\")]"}
COMMAND: POST /session/e7e046f545b47c9805ddcb78f08915f8/elements - {"using":"xpath","value":"//span[contains(@id ,\"actionsMenuButton-internalSplitBtn-arrowButton-img\")]"}
RESULT: {"using":"xpath","value":"//span[contains(@id ,\"actionsMenuButton-internalSplitBtn-arrowButton-img\")]"}
COMMAND: POST /session/e7e046f545b47c9805ddcb78f08915f8/elements - {"using":"xpath","value":"//span[contains(@id ,\"actionsMenuButton-internalSplitBtn-arrowButton-img\")]"}
RESULT: {"using":"xpath","value":"//span[contains(@id ,\"actionsMenuButton-internalSplitBtn-arrowButton-img\")]"}
COMMAND: POST /session/e7e046f545b47c9805ddcb78f08915f8/elements - {"using":"xpath","value":"//span[contains(@id ,\"actionsMenuButton-internalSplitBtn-arrowButton-img\")]"}
RESULT: {"using":"xpath","value":"//span[contains(@id ,\"actionsMenuButton-internalSplitBtn-arrowButton-img\")]"}
COMMAND: POST /session/e7e046f545b47c9805ddcb78f08915f8/elements - {"using":"xpath","value":"//span[contains(@id ,\"actionsMenuButton-internalSplitBtn-arrowButton-img\")]"}
RESULT: {"using":"xpath","value":"//span[contains(@id ,\"actionsMenuButton-internalSplitBtn-arrowButton-img\")]"}
COMMAND: POST /session/e7e046f545b47c9805ddcb78f08915f8/elements - {"using":"xpath","value":"//span[contains(@id ,\"actionsMenuButton-internalSplitBtn-arrowButton-img\")]"}
RESULT: {"using":"xpath","value":"//span[contains(@id ,\"actionsMenuButton-internalSplitBtn-arrowButton-img\")]"}
COMMAND: POST /session/e7e046f545b47c9805ddcb78f08915f8/elements - {"using":"xpath","value":"//span[contains(@id ,\"actionsMenuButton-internalSplitBtn-arrowButton-img\")]"}
RESULT: {"using":"xpath","value":"//span[contains(@id ,\"actionsMenuButton-internalSplitBtn-arrowButton-img\")]"}
COMMAND: POST /session/e7e046f545b47c9805ddcb78f08915f8/elements - {"using":"xpath","value":"//span[contains(@id ,\"actionsMenuButton-internalSplitBtn-arrowButton-img\")]"}
RESULT: {"using":"xpath","value":"//span[contains(@id ,\"actionsMenuButton-internalSplitBtn-arrowButton-img\")]"}
COMMAND: POST /session/e7e046f545b47c9805ddcb78f08915f8/elements - {"using":"xpath","value":"//span[contains(@id ,\"actionsMenuButton-internalSplitBtn-arrowButton-img\")]"}
RESULT: {"using":"xpath","value":"//span[contains(@id ,\"actionsMenuButton-internalSplitBtn-arrowButton-img\")]"}
COMMAND: POST /session/e7e046f545b47c9805ddcb78f08915f8/elements - {"using":"xpath","value":"//span[contains(@id ,\"actionsMenuButton-internalSplitBtn-arrowButton-img\")]"}
RESULT: {"using":"xpath","value":"//span[contains(@id ,\"actionsMenuButton-internalSplitBtn-arrowButton-img\")]"}
COMMAND: POST /session/e7e046f545b47c9805ddcb78f08915f8/elements - {"using":"xpath","value":"//span[contains(@id ,\"actionsMenuButton-internalSplitBtn-arrowButton-img\")]"}
COMMAND: GET /session/e7e046f545b47c9805ddcb78f08915f8/screenshot - {}
RESULT: {"using":"xpath","value":"//span[contains(@id ,\"actionsMenuButton-internalSplitBtn-arrowButton-img\")]"}
RESULT: {}
]]></system-out>
      <system-err><![CDATA[
Error: Can't call click on element with selector "//span[contains(@id ,"actionsMenuButton-internalSplitBtn-arrowButton-img")]" because element wasn't found
    at async Context.<anonymous> (D:\a\1\s\test\specs\R2C\process-request-items-into-existing-quotation.spec.js:492:9)
]]></system-err>
    </testcase>
    <testcase classname="chrome.136_0_7103_93.windows.Process_request_items_into_an_existing_quotation_US120163" name="Should navigate back to the request and check the request and item statuses" time="40.1">
      <failure/>
      <error message="expect(received).toEqual(expected) // deep equality&#xA;&#xA;Expected: &quot;proposed&quot;&#xA;Received: &quot;created&quot;"/>
      <system-out><![CDATA[
COMMAND: POST /session/e7e046f545b47c9805ddcb78f08915f8/refresh - {}
COMMAND: GET /session/e7e046f545b47c9805ddcb78f08915f8/screenshot - {}
RESULT: {}
COMMAND: GET /session/e7e046f545b47c9805ddcb78f08915f8/screenshot - {}
RESULT: {}
RESULT: {}
COMMAND: POST /session/e7e046f545b47c9805ddcb78f08915f8/execute/async - {"script":"<script> [189 bytes]","args":[]}
RESULT: {"script":"<script> [189 bytes]","args":[]}
COMMAND: POST /session/e7e046f545b47c9805ddcb78f08915f8/execute/async - {"script":"<script> [123 bytes]","args":[]}
RESULT: {"script":"<script> [123 bytes]","args":[]}
COMMAND: POST /session/e7e046f545b47c9805ddcb78f08915f8/timeouts - {"script":"<number>"}
RESULT: {"script":"<number>"}
COMMAND: GET /session/e7e046f545b47c9805ddcb78f08915f8/timeouts - {}
RESULT: {}
RESULT: undefined
COMMAND: POST /session/e7e046f545b47c9805ddcb78f08915f8/execute/async - {"script":"<script> [2676 bytes]","args":[]}
RESULT: {"script":"<script> [2676 bytes]","args":[]}
COMMAND: POST /session/e7e046f545b47c9805ddcb78f08915f8/execute/async - {"script":"<script> [2342 bytes]","args":[{"protocol":"http","hostname":"0.0.0.0","path":"/","capabilities":{"browserName":"chrome","goog:chromeOptions":{"binary":"C:\\Program Files\\Google\\Chrome\\Application\\chrome.exe","args":["--start-maximized"]}},"logLevel":"warn","connectionRetryTimeout":120000,"connectionRetryCount":3,"logLevels":{},"enableDirectConnect":true,"strictSSL":true,"_":"65 more keys: [\"cacheDir\",\"port\",\"requestedCapabilities\",\"automationProtocol\",\"baseUrl\",\"waitforInterval\",\"waitforTimeout\",\"onReload\",\"beforeCommand\",\"afterCommand\",\"rootDir\",\"specs\",\"suites\",\"exclude\",\"groupLogsByTestSpec\",\"excludeDriverLogs\",\"bail\",\"framework\",\"reporters\",\"services\",\"maxInstances\",\"maxInstancesPerCapability\",\"injectGlobals\",\"filesToWatch\",\"execArgv\",\"runnerEnv\",\"runner\",\"shard\",\"specFileRetries\",\"specFileRetriesDelay\",\"specFileRetriesDeferred\",\"reporterSyncInterval\",\"reporterSyncTimeout\",\"cucumberFeaturesWithLineNumbers\",\"autoCompileOpts\",\"mochaOpts\",\"jasmineOpts\",\"cucumberOpts\",\"onPrepare\",\"onWorkerStart\",\"onWorkerEnd\",\"before\",\"beforeSession\",\"beforeSuite\",\"beforeHook\",\"beforeTest\",\"afterTest\",\"afterHook\",\"afterSuite\",\"afterSession\",\"after\",\"onComplete\",\"beforeAssertion\",\"afterAssertion\",\"beforeFeature\",\"beforeScenario\",\"beforeStep\",\"afterStep\",\"afterScenario\",\"afterFeature\",\"_\",\"suite\",\"$0\",\"ignoredWorkerServices\",\"wdi5\"]"}]}
RESULT: {"script":"<script> [2342 bytes]","args":[{"protocol":"http","hostname":"0.0.0.0","path":"/","capabilities":{"browserName":"chrome","goog:chromeOptions":{"binary":"C:\\Program Files\\Google\\Chrome\\Application\\chrome.exe","args":["--start-maximized"]}},"logLevel":"warn","connectionRetryTimeout":120000,"connectionRetryCount":3,"logLevels":{},"enableDirectConnect":true,"strictSSL":true,"_":"65 more keys: [\"cacheDir\",\"port\",\"requestedCapabilities\",\"automationProtocol\",\"baseUrl\",\"waitforInterval\",\"waitforTimeout\",\"onReload\",\"beforeCommand\",\"afterCommand\",\"rootDir\",\"specs\",\"suites\",\"exclude\",\"groupLogsByTestSpec\",\"excludeDriverLogs\",\"bail\",\"framework\",\"reporters\",\"services\",\"maxInstances\",\"maxInstancesPerCapability\",\"injectGlobals\",\"filesToWatch\",\"execArgv\",\"runnerEnv\",\"runner\",\"shard\",\"specFileRetries\",\"specFileRetriesDelay\",\"specFileRetriesDeferred\",\"reporterSyncInterval\",\"reporterSyncTimeout\",\"cucumberFeaturesWithLineNumbers\",\"autoCompileOpts\",\"mochaOpts\",\"jasmineOpts\",\"cucumberOpts\",\"onPrepare\",\"onWorkerStart\",\"onWorkerEnd\",\"before\",\"beforeSession\",\"beforeSuite\",\"beforeHook\",\"beforeTest\",\"afterTest\",\"afterHook\",\"afterSuite\",\"afterSession\",\"after\",\"onComplete\",\"beforeAssertion\",\"afterAssertion\",\"beforeFeature\",\"beforeScenario\",\"beforeStep\",\"afterStep\",\"afterScenario\",\"afterFeature\",\"_\",\"suite\",\"$0\",\"ignoredWorkerServices\",\"wdi5\"]"}]}
COMMAND: POST /session/e7e046f545b47c9805ddcb78f08915f8/execute/async - {"script":"<script> [21126 bytes]","args":[35000]}
RESULT: {"script":"<script> [21126 bytes]","args":[35000]}
COMMAND: POST /session/e7e046f545b47c9805ddcb78f08915f8/execute/async - {"script":"<script> [1562 bytes]","args":[{"selector":{"controlType":"sap.m.Text","viewName":"etm.portal.ui.managerequests.view.Detail","bindingPath":{"path":"/SmartRequestItemsPlanningBoard(ITEM=10m,REQUEST='20181')","propertyPath":"STATUS_DESC"}},"wdio_ui5_key":"etmportal.ui.managerequests.view.Detailsap.m.Text{\"path\":\"/SmartRequestItemsPlanningBoard(ITEM=10m,REQUEST='20181')\",\"propertyPath\":\"STATUS_DESC\"}"}]}
RESULT: {"script":"<script> [1562 bytes]","args":[{"selector":{"controlType":"sap.m.Text","viewName":"etm.portal.ui.managerequests.view.Detail","bindingPath":{"path":"/SmartRequestItemsPlanningBoard(ITEM=10m,REQUEST='20181')","propertyPath":"STATUS_DESC"}},"wdio_ui5_key":"etmportal.ui.managerequests.view.Detailsap.m.Text{\"path\":\"/SmartRequestItemsPlanningBoard(ITEM=10m,REQUEST='20181')\",\"propertyPath\":\"STATUS_DESC\"}"}]}
RESULT: undefined
COMMAND: POST /session/e7e046f545b47c9805ddcb78f08915f8/execute/async - {"script":"<script> [6424 bytes]","args":[{"element-6066-11e4-a52e-4f735466cecf":"f.0B5413DFD1C3A3AA7B72F051E5DEC85E.d.8BD0FADC147EE33A7175A8D68EA3DD6C.e.11360"},"getText",[]]}
RESULT: {"script":"<script> [6424 bytes]","args":[{"element-6066-11e4-a52e-4f735466cecf":"f.0B5413DFD1C3A3AA7B72F051E5DEC85E.d.8BD0FADC147EE33A7175A8D68EA3DD6C.e.11360"},"getText",[]]}
COMMAND: GET /session/e7e046f545b47c9805ddcb78f08915f8/screenshot - {}
RESULT: {}
COMMAND: POST /session/e7e046f545b47c9805ddcb78f08915f8/element - {"using":"css selector","value":"#shell-header-logo"}
COMMAND: GET /session/e7e046f545b47c9805ddcb78f08915f8/screenshot - {}
COMMAND: GET /session/e7e046f545b47c9805ddcb78f08915f8/screenshot - {}
RESULT: {"using":"css selector","value":"#shell-header-logo"}
COMMAND: POST /session/e7e046f545b47c9805ddcb78f08915f8/element/f.0B5413DFD1C3A3AA7B72F051E5DEC85E.d.8BD0FADC147EE33A7175A8D68EA3DD6C.e.11146/click - {}
RESULT: {}
RESULT: {}
RESULT: {}
COMMAND: GET /session/e7e046f545b47c9805ddcb78f08915f8/screenshot - {}
RESULT: {}
COMMAND: POST /session/e7e046f545b47c9805ddcb78f08915f8/refresh - {}
RESULT: {}
COMMAND: GET /session/e7e046f545b47c9805ddcb78f08915f8/screenshot - {}
RESULT: {}
COMMAND: POST /session/e7e046f545b47c9805ddcb78f08915f8/execute/async - {"script":"<script> [189 bytes]","args":[]}
RESULT: {"script":"<script> [189 bytes]","args":[]}
COMMAND: POST /session/e7e046f545b47c9805ddcb78f08915f8/execute/async - {"script":"<script> [123 bytes]","args":[]}
RESULT: {"script":"<script> [123 bytes]","args":[]}
COMMAND: POST /session/e7e046f545b47c9805ddcb78f08915f8/timeouts - {"script":"<number>"}
RESULT: {"script":"<number>"}
COMMAND: GET /session/e7e046f545b47c9805ddcb78f08915f8/timeouts - {}
RESULT: {}
RESULT: undefined
COMMAND: POST /session/e7e046f545b47c9805ddcb78f08915f8/execute/async - {"script":"<script> [2676 bytes]","args":[]}
RESULT: {"script":"<script> [2676 bytes]","args":[]}
COMMAND: POST /session/e7e046f545b47c9805ddcb78f08915f8/execute/async - {"script":"<script> [2342 bytes]","args":[{"protocol":"http","hostname":"0.0.0.0","path":"/","capabilities":{"browserName":"chrome","goog:chromeOptions":{"binary":"C:\\Program Files\\Google\\Chrome\\Application\\chrome.exe","args":["--start-maximized"]}},"logLevel":"warn","connectionRetryTimeout":120000,"connectionRetryCount":3,"logLevels":{},"enableDirectConnect":true,"strictSSL":true,"_":"65 more keys: [\"cacheDir\",\"port\",\"requestedCapabilities\",\"automationProtocol\",\"baseUrl\",\"waitforInterval\",\"waitforTimeout\",\"onReload\",\"beforeCommand\",\"afterCommand\",\"rootDir\",\"specs\",\"suites\",\"exclude\",\"groupLogsByTestSpec\",\"excludeDriverLogs\",\"bail\",\"framework\",\"reporters\",\"services\",\"maxInstances\",\"maxInstancesPerCapability\",\"injectGlobals\",\"filesToWatch\",\"execArgv\",\"runnerEnv\",\"runner\",\"shard\",\"specFileRetries\",\"specFileRetriesDelay\",\"specFileRetriesDeferred\",\"reporterSyncInterval\",\"reporterSyncTimeout\",\"cucumberFeaturesWithLineNumbers\",\"autoCompileOpts\",\"mochaOpts\",\"jasmineOpts\",\"cucumberOpts\",\"onPrepare\",\"onWorkerStart\",\"onWorkerEnd\",\"before\",\"beforeSession\",\"beforeSuite\",\"beforeHook\",\"beforeTest\",\"afterTest\",\"afterHook\",\"afterSuite\",\"afterSession\",\"after\",\"onComplete\",\"beforeAssertion\",\"afterAssertion\",\"beforeFeature\",\"beforeScenario\",\"beforeStep\",\"afterStep\",\"afterScenario\",\"afterFeature\",\"_\",\"suite\",\"$0\",\"ignoredWorkerServices\",\"wdi5\"]"}]}
RESULT: {"script":"<script> [2342 bytes]","args":[{"protocol":"http","hostname":"0.0.0.0","path":"/","capabilities":{"browserName":"chrome","goog:chromeOptions":{"binary":"C:\\Program Files\\Google\\Chrome\\Application\\chrome.exe","args":["--start-maximized"]}},"logLevel":"warn","connectionRetryTimeout":120000,"connectionRetryCount":3,"logLevels":{},"enableDirectConnect":true,"strictSSL":true,"_":"65 more keys: [\"cacheDir\",\"port\",\"requestedCapabilities\",\"automationProtocol\",\"baseUrl\",\"waitforInterval\",\"waitforTimeout\",\"onReload\",\"beforeCommand\",\"afterCommand\",\"rootDir\",\"specs\",\"suites\",\"exclude\",\"groupLogsByTestSpec\",\"excludeDriverLogs\",\"bail\",\"framework\",\"reporters\",\"services\",\"maxInstances\",\"maxInstancesPerCapability\",\"injectGlobals\",\"filesToWatch\",\"execArgv\",\"runnerEnv\",\"runner\",\"shard\",\"specFileRetries\",\"specFileRetriesDelay\",\"specFileRetriesDeferred\",\"reporterSyncInterval\",\"reporterSyncTimeout\",\"cucumberFeaturesWithLineNumbers\",\"autoCompileOpts\",\"mochaOpts\",\"jasmineOpts\",\"cucumberOpts\",\"onPrepare\",\"onWorkerStart\",\"onWorkerEnd\",\"before\",\"beforeSession\",\"beforeSuite\",\"beforeHook\",\"beforeTest\",\"afterTest\",\"afterHook\",\"afterSuite\",\"afterSession\",\"after\",\"onComplete\",\"beforeAssertion\",\"afterAssertion\",\"beforeFeature\",\"beforeScenario\",\"beforeStep\",\"afterStep\",\"afterScenario\",\"afterFeature\",\"_\",\"suite\",\"$0\",\"ignoredWorkerServices\",\"wdi5\"]"}]}
COMMAND: POST /session/e7e046f545b47c9805ddcb78f08915f8/execute/async - {"script":"<script> [21126 bytes]","args":[35000]}
RESULT: {"script":"<script> [21126 bytes]","args":[35000]}
]]></system-out>
      <system-err><![CDATA[
Error: expect(received).toEqual(expected) // deep equality

Expected: "proposed"
Received: "created"
    at Context.<anonymous> (D:\a\1\s\test\specs\R2C\process-request-items-into-existing-quotation.spec.js:596:31)
]]></system-err>
    </testcase>
  </testsuite>
  <testsuite timestamp="2025-05-30T16:23:16" time="330" tests="3" failures="2" errors="2" skipped="0">
    <properties>
      <property name="specId" value="0"/>
      <property name="suiteName" value="Process request items into new quotation US120163"/>
      <property name="capabilities" value="chrome.136_0_7103_93.windows"/>
      <property name="file" value="file:///D:/a/1/s/test/specs/R2C/process-request-items-into-new-quotation.spec.js"/>
    </properties>
    <testcase classname="chrome.136_0_7103_93.windows.Process_request_items_into_new_quotation_US120163" name="Should create a new request with catalog items and plan it" time="205.858">
      <system-out><![CDATA[
COMMAND: POST /session/e7e046f545b47c9805ddcb78f08915f8/execute/async - {"script":"<script> [1562 bytes]","args":[{"selector":{"controlType":"sap.m.GenericTile","properties":{"header":"Manage Requests"}},"wdio_ui5_key":"sapm.GenericTile{\"header\":\"Manage Requests\"}"}]}
RESULT: {"script":"<script> [1562 bytes]","args":[{"selector":{"controlType":"sap.m.GenericTile","properties":{"header":"Manage Requests"}},"wdio_ui5_key":"sapm.GenericTile{\"header\":\"Manage Requests\"}"}]}
RESULT: undefined
COMMAND: POST /session/e7e046f545b47c9805ddcb78f08915f8/element - {"using":"xpath","value":"//*[@id=\"__tile47\"]"}
RESULT: {"using":"xpath","value":"//*[@id=\"__tile47\"]"}
COMMAND: POST /session/e7e046f545b47c9805ddcb78f08915f8/element/f.0B5413DFD1C3A3AA7B72F051E5DEC85E.d.6E485613126BCACE44B12AEAF3129ABF.e.11383/click - {}
RESULT: {}
COMMAND: GET /session/e7e046f545b47c9805ddcb78f08915f8/screenshot - {}
RESULT: {}
COMMAND: POST /session/e7e046f545b47c9805ddcb78f08915f8/elements - {"using":"xpath","value":"//span[text()='Error']"}
RESULT: {"using":"xpath","value":"//span[text()='Error']"}
COMMAND: POST /session/e7e046f545b47c9805ddcb78f08915f8/element - {"using":"xpath","value":"//button[contains(@data-kt ,\"btnCreateNewOverflowToolbarButton\")]"}
COMMAND: POST /session/e7e046f545b47c9805ddcb78f08915f8/element - {"using":"xpath","value":"(//span[contains(@class ,\"sapMObjStatusText\")])[1]"}
RESULT: {"using":"xpath","value":"//button[contains(@data-kt ,\"btnCreateNewOverflowToolbarButton\")]"}
COMMAND: POST /session/e7e046f545b47c9805ddcb78f08915f8/element/f.0B5413DFD1C3A3AA7B72F051E5DEC85E.d.6E485613126BCACE44B12AEAF3129ABF.e.11441/click - {}
RESULT: {"using":"xpath","value":"(//span[contains(@class ,\"sapMObjStatusText\")])[1]"}
COMMAND: POST /session/e7e046f545b47c9805ddcb78f08915f8/execute/sync - {"script":"<script> [8489 bytes]","args":[{"element-6066-11e4-a52e-4f735466cecf":"f.0B5413DFD1C3A3AA7B72F051E5DEC85E.d.6E485613126BCACE44B12AEAF3129ABF.e.11480","ELEMENT":"f.0B5413DFD1C3A3AA7B72F051E5DEC85E.d.6E485613126BCACE44B12AEAF3129ABF.e.11480"}]}
RESULT: {}
COMMAND: GET /session/e7e046f545b47c9805ddcb78f08915f8/screenshot - {}
COMMAND: POST /session/e7e046f545b47c9805ddcb78f08915f8/element - {"using":"xpath","value":"(//span[contains(@class ,\"sapMObjStatusText\")])[1]"}
RESULT: {}
RESULT: {"using":"xpath","value":"(//span[contains(@class ,\"sapMObjStatusText\")])[1]"}
COMMAND: POST /session/e7e046f545b47c9805ddcb78f08915f8/execute/sync - {"script":"<script> [8489 bytes]","args":[{"element-6066-11e4-a52e-4f735466cecf":"f.0B5413DFD1C3A3AA7B72F051E5DEC85E.d.6E485613126BCACE44B12AEAF3129ABF.e.11724","ELEMENT":"f.0B5413DFD1C3A3AA7B72F051E5DEC85E.d.6E485613126BCACE44B12AEAF3129ABF.e.11724"}]}
RESULT: {"script":"<script> [8489 bytes]","args":[{"element-6066-11e4-a52e-4f735466cecf":"f.0B5413DFD1C3A3AA7B72F051E5DEC85E.d.6E485613126BCACE44B12AEAF3129ABF.e.11724","ELEMENT":"f.0B5413DFD1C3A3AA7B72F051E5DEC85E.d.6E485613126BCACE44B12AEAF3129ABF.e.11724"}]}
COMMAND: GET /session/e7e046f545b47c9805ddcb78f08915f8/screenshot - {}
RESULT: {}
COMMAND: POST /session/e7e046f545b47c9805ddcb78f08915f8/element - {"using":"xpath","value":"//input[contains(@id ,\"yardId-inner\")]"}
RESULT: {"using":"xpath","value":"//input[contains(@id ,\"yardId-inner\")]"}
COMMAND: POST /session/e7e046f545b47c9805ddcb78f08915f8/execute/sync - {"script":"<script> [8489 bytes]","args":[{"element-6066-11e4-a52e-4f735466cecf":"f.0B5413DFD1C3A3AA7B72F051E5DEC85E.d.6E485613126BCACE44B12AEAF3129ABF.e.11582","ELEMENT":"f.0B5413DFD1C3A3AA7B72F051E5DEC85E.d.6E485613126BCACE44B12AEAF3129ABF.e.11582"}]}
RESULT: {"script":"<script> [8489 bytes]","args":[{"element-6066-11e4-a52e-4f735466cecf":"f.0B5413DFD1C3A3AA7B72F051E5DEC85E.d.6E485613126BCACE44B12AEAF3129ABF.e.11582","ELEMENT":"f.0B5413DFD1C3A3AA7B72F051E5DEC85E.d.6E485613126BCACE44B12AEAF3129ABF.e.11582"}]}
COMMAND: POST /session/e7e046f545b47c9805ddcb78f08915f8/element - {"using":"xpath","value":"//input[contains(@id ,\"yardId-inner\")]"}
COMMAND: GET /session/e7e046f545b47c9805ddcb78f08915f8/screenshot - {}
RESULT: {"using":"xpath","value":"//input[contains(@id ,\"yardId-inner\")]"}
COMMAND: GET /session/e7e046f545b47c9805ddcb78f08915f8/element/f.0B5413DFD1C3A3AA7B72F051E5DEC85E.d.6E485613126BCACE44B12AEAF3129ABF.e.11582/enabled - {}
RESULT: {}
RESULT: {}
COMMAND: POST /session/e7e046f545b47c9805ddcb78f08915f8/element/f.0B5413DFD1C3A3AA7B72F051E5DEC85E.d.6E485613126BCACE44B12AEAF3129ABF.e.11582/clear - {}
COMMAND: GET /session/e7e046f545b47c9805ddcb78f08915f8/screenshot - {}
RESULT: {}
COMMAND: POST /session/e7e046f545b47c9805ddcb78f08915f8/element/f.0B5413DFD1C3A3AA7B72F051E5DEC85E.d.6E485613126BCACE44B12AEAF3129ABF.e.11582/value - {"text":"WebdriverYard5b5aq"}
COMMAND: GET /session/e7e046f545b47c9805ddcb78f08915f8/screenshot - {}
RESULT: {}
RESULT: {"text":"WebdriverYard5b5aq"}
COMMAND: GET /session/e7e046f545b47c9805ddcb78f08915f8/screenshot - {}
RESULT: {}
RESULT: {}
COMMAND: POST /session/e7e046f545b47c9805ddcb78f08915f8/element - {"using":"xpath","value":"//input[contains(@id ,\"customerNumber-inner\")]"}
RESULT: {"using":"xpath","value":"//input[contains(@id ,\"customerNumber-inner\")]"}
COMMAND: POST /session/e7e046f545b47c9805ddcb78f08915f8/element/f.0B5413DFD1C3A3AA7B72F051E5DEC85E.d.6E485613126BCACE44B12AEAF3129ABF.e.11576/value - {"text":"WebdriverPartnerds2fo"}
COMMAND: POST /session/e7e046f545b47c9805ddcb78f08915f8/actions - {"actions":[{"id":"action82","type":"key","parameters":{},"actions":[{"type":"keyDown","value":""},{"type":"pause","duration":10},{"type":"keyUp","value":""}]}]}
RESULT: {"actions":[{"id":"action82","type":"key","parameters":{},"actions":[{"type":"keyDown","value":""},{"type":"pause","duration":10},{"type":"keyUp","value":""}]}]}
RESULT: {"text":"WebdriverPartnerds2fo"}
COMMAND: GET /session/e7e046f545b47c9805ddcb78f08915f8/screenshot - {}
COMMAND: GET /session/e7e046f545b47c9805ddcb78f08915f8/screenshot - {}
RESULT: {}
RESULT: {}
COMMAND: POST /session/e7e046f545b47c9805ddcb78f08915f8/element/f.0B5413DFD1C3A3AA7B72F051E5DEC85E.d.6E485613126BCACE44B12AEAF3129ABF.e.11582/clear - {}
RESULT: {}
COMMAND: POST /session/e7e046f545b47c9805ddcb78f08915f8/element/f.0B5413DFD1C3A3AA7B72F051E5DEC85E.d.6E485613126BCACE44B12AEAF3129ABF.e.11582/clear - {}
COMMAND: GET /session/e7e046f545b47c9805ddcb78f08915f8/screenshot - {}
RESULT: {}
COMMAND: POST /session/e7e046f545b47c9805ddcb78f08915f8/element/f.0B5413DFD1C3A3AA7B72F051E5DEC85E.d.6E485613126BCACE44B12AEAF3129ABF.e.11582/value - {"text":"WebdriverYard5b5aq"}
COMMAND: GET /session/e7e046f545b47c9805ddcb78f08915f8/screenshot - {}
RESULT: {}
RESULT: {"text":"WebdriverYard5b5aq"}
COMMAND: GET /session/e7e046f545b47c9805ddcb78f08915f8/screenshot - {}
RESULT: {}
RESULT: {}
COMMAND: POST /session/e7e046f545b47c9805ddcb78f08915f8/actions - {"actions":[{"id":"action83","type":"key","parameters":{},"actions":[{"type":"keyDown","value":""},{"type":"pause","duration":10},{"type":"keyUp","value":""}]}]}
RESULT: {"actions":[{"id":"action83","type":"key","parameters":{},"actions":[{"type":"keyDown","value":""},{"type":"pause","duration":10},{"type":"keyUp","value":""}]}]}
COMMAND: GET /session/e7e046f545b47c9805ddcb78f08915f8/screenshot - {}
RESULT: {}
COMMAND: POST /session/e7e046f545b47c9805ddcb78f08915f8/actions - {"actions":[{"id":"action84","type":"key","parameters":{},"actions":[{"type":"keyDown","value":""},{"type":"pause","duration":10},{"type":"keyUp","value":""}]}]}
RESULT: {"actions":[{"id":"action84","type":"key","parameters":{},"actions":[{"type":"keyDown","value":""},{"type":"pause","duration":10},{"type":"keyUp","value":""}]}]}
COMMAND: GET /session/e7e046f545b47c9805ddcb78f08915f8/screenshot - {}
RESULT: {}
COMMAND: GET /session/e7e046f545b47c9805ddcb78f08915f8/element/f.0B5413DFD1C3A3AA7B72F051E5DEC85E.d.6E485613126BCACE44B12AEAF3129ABF.e.11576/property/value - {}
RESULT: {}
COMMAND: POST /session/e7e046f545b47c9805ddcb78f08915f8/element - {"using":"xpath","value":"//input[contains(@id ,\"requestSiteId-inner\")]"}
COMMAND: GET /session/e7e046f545b47c9805ddcb78f08915f8/screenshot - {}
RESULT: {"using":"xpath","value":"//input[contains(@id ,\"requestSiteId-inner\")]"}
COMMAND: POST /session/e7e046f545b47c9805ddcb78f08915f8/element/f.0B5413DFD1C3A3AA7B72F051E5DEC85E.d.6E485613126BCACE44B12AEAF3129ABF.e.11575/value - {"text":"WebdriverSiteivrw1"}
RESULT: {}
RESULT: {"text":"WebdriverSiteivrw1"}
COMMAND: GET /session/e7e046f545b47c9805ddcb78f08915f8/screenshot - {}
RESULT: {}
COMMAND: POST /session/e7e046f545b47c9805ddcb78f08915f8/actions - {"actions":[{"id":"action85","type":"key","parameters":{},"actions":[{"type":"keyDown","value":""},{"type":"pause","duration":10},{"type":"keyUp","value":""}]}]}
RESULT: {"actions":[{"id":"action85","type":"key","parameters":{},"actions":[{"type":"keyDown","value":""},{"type":"pause","duration":10},{"type":"keyUp","value":""}]}]}
COMMAND: GET /session/e7e046f545b47c9805ddcb78f08915f8/screenshot - {}
RESULT: {}
COMMAND: POST /session/e7e046f545b47c9805ddcb78f08915f8/element - {"using":"xpath","value":"//button[contains(@data-kt ,\"requestItemAddOverflowToolbarButton\")]"}
RESULT: {"using":"xpath","value":"//button[contains(@data-kt ,\"requestItemAddOverflowToolbarButton\")]"}
COMMAND: POST /session/e7e046f545b47c9805ddcb78f08915f8/element/f.0B5413DFD1C3A3AA7B72F051E5DEC85E.d.6E485613126BCACE44B12AEAF3129ABF.e.11733/click - {}
RESULT: {}
COMMAND: GET /session/e7e046f545b47c9805ddcb78f08915f8/screenshot - {}
RESULT: {}
COMMAND: POST /session/e7e046f545b47c9805ddcb78f08915f8/actions - {"actions":[{"id":"action86","type":"key","parameters":{},"actions":[{"type":"keyDown","value":""},{"type":"pause","duration":10},{"type":"keyUp","value":""}]}]}
RESULT: {"actions":[{"id":"action86","type":"key","parameters":{},"actions":[{"type":"keyDown","value":""},{"type":"pause","duration":10},{"type":"keyUp","value":""}]}]}
COMMAND: POST /session/e7e046f545b47c9805ddcb78f08915f8/actions - {"actions":[{"id":"action87","type":"key","parameters":{},"actions":[{"type":"keyDown","value":""},{"type":"pause","duration":10},{"type":"keyUp","value":""}]}]}
COMMAND: GET /session/e7e046f545b47c9805ddcb78f08915f8/screenshot - {}
RESULT: {"actions":[{"id":"action87","type":"key","parameters":{},"actions":[{"type":"keyDown","value":""},{"type":"pause","duration":10},{"type":"keyUp","value":""}]}]}
COMMAND: GET /session/e7e046f545b47c9805ddcb78f08915f8/screenshot - {}
RESULT: {}
RESULT: {}
COMMAND: POST /session/e7e046f545b47c9805ddcb78f08915f8/element - {"using":"xpath","value":"(//input[contains(@id ,\"requestItemsTable-0-inner\")])[1]"}
RESULT: {"using":"xpath","value":"(//input[contains(@id ,\"requestItemsTable-0-inner\")])[1]"}
COMMAND: POST /session/e7e046f545b47c9805ddcb78f08915f8/element/f.0B5413DFD1C3A3AA7B72F051E5DEC85E.d.6E485613126BCACE44B12AEAF3129ABF.e.11737/clear - {}
RESULT: {}
COMMAND: POST /session/e7e046f545b47c9805ddcb78f08915f8/element/f.0B5413DFD1C3A3AA7B72F051E5DEC85E.d.6E485613126BCACE44B12AEAF3129ABF.e.11737/value - {"text":"catalogItemuzgzx"}
COMMAND: GET /session/e7e046f545b47c9805ddcb78f08915f8/screenshot - {}
RESULT: {"text":"catalogItemuzgzx"}
COMMAND: GET /session/e7e046f545b47c9805ddcb78f08915f8/screenshot - {}
RESULT: {}
RESULT: {}
COMMAND: POST /session/e7e046f545b47c9805ddcb78f08915f8/actions - {"actions":[{"id":"action88","type":"key","parameters":{},"actions":[{"type":"keyDown","value":""},{"type":"pause","duration":10},{"type":"keyUp","value":""}]}]}
RESULT: {"actions":[{"id":"action88","type":"key","parameters":{},"actions":[{"type":"keyDown","value":""},{"type":"pause","duration":10},{"type":"keyUp","value":""}]}]}
COMMAND: GET /session/e7e046f545b47c9805ddcb78f08915f8/screenshot - {}
RESULT: {}
COMMAND: POST /session/e7e046f545b47c9805ddcb78f08915f8/execute/async - {"script":"<script> [1562 bytes]","args":[{"selector":{"controlType":"sap.ui.core.Icon","viewName":"etm.portal.ui.managerequests.view.NewRequest","properties":{"src":{"regex":{"source":"slim\\-arrow\\-down"}}},"ancestor":{"controlType":"sap.m.Button","viewName":"etm.portal.ui.managerequests.view.NewRequest","properties":{"icon":"sap-icon://slim-arrow-down"}}},"wdio_ui5_key":"etmportal.ui.managerequests.view.NewRequestsap.ui.core.Icon{\"src\":{\"regex\":{\"source\":\"slim\\\\-arrow\\\\-down\"}}}{\"controlType\":\"sap.m.Button\",\"viewName\":\"etm.portal.ui.managerequests.view.NewRequest\",\"properties\":{\"icon\":\"sap-icon://slim-arrow-down\"}}"}]}
RESULT: {"script":"<script> [1562 bytes]","args":[{"selector":{"controlType":"sap.ui.core.Icon","viewName":"etm.portal.ui.managerequests.view.NewRequest","properties":{"src":{"regex":{"source":"slim\\-arrow\\-down"}}},"ancestor":{"controlType":"sap.m.Button","viewName":"etm.portal.ui.managerequests.view.NewRequest","properties":{"icon":"sap-icon://slim-arrow-down"}}},"wdio_ui5_key":"etmportal.ui.managerequests.view.NewRequestsap.ui.core.Icon{\"src\":{\"regex\":{\"source\":\"slim\\\\-arrow\\\\-down\"}}}{\"controlType\":\"sap.m.Button\",\"viewName\":\"etm.portal.ui.managerequests.view.NewRequest\",\"properties\":{\"icon\":\"sap-icon://slim-arrow-down\"}}"}]}
RESULT: undefined
COMMAND: POST /session/e7e046f545b47c9805ddcb78f08915f8/element - {"using":"xpath","value":"//div[contains(@data-kt ,\"splitAllocationObjectStatus\")]"}
RESULT: {"using":"xpath","value":"//div[contains(@data-kt ,\"splitAllocationObjectStatus\")]"}
COMMAND: POST /session/e7e046f545b47c9805ddcb78f08915f8/elements - {"using":"xpath","value":"//div[contains(@data-kt ,\"splitAllocationObjectStatus\")]"}
RESULT: {"using":"xpath","value":"//div[contains(@data-kt ,\"splitAllocationObjectStatus\")]"}
COMMAND: POST /session/e7e046f545b47c9805ddcb78f08915f8/execute/async - {"script":"<script> [1562 bytes]","args":[{"selector":{"controlType":"sap.ui.core.Icon","viewName":"etm.portal.ui.managerequests.view.NewRequest","properties":{"src":{"regex":{"source":"message\\-error"}}}},"wdio_ui5_key":"etmportal.ui.managerequests.view.NewRequestsap.ui.core.Icon{\"src\":{\"regex\":{\"source\":\"message\\\\-error\"}}}"}]}
RESULT: {"script":"<script> [1562 bytes]","args":[{"selector":{"controlType":"sap.ui.core.Icon","viewName":"etm.portal.ui.managerequests.view.NewRequest","properties":{"src":{"regex":{"source":"message\\-error"}}}},"wdio_ui5_key":"etmportal.ui.managerequests.view.NewRequestsap.ui.core.Icon{\"src\":{\"regex\":{\"source\":\"message\\\\-error\"}}}"}]}
RESULT: undefined
COMMAND: POST /session/e7e046f545b47c9805ddcb78f08915f8/element - {"using":"xpath","value":"//*[@id=\"__status4-__xmlview59--requestItemsTable-0-icon\"]"}
RESULT: {"using":"xpath","value":"//*[@id=\"__status4-__xmlview59--requestItemsTable-0-icon\"]"}
COMMAND: POST /session/e7e046f545b47c9805ddcb78f08915f8/element/f.0B5413DFD1C3A3AA7B72F051E5DEC85E.d.6E485613126BCACE44B12AEAF3129ABF.e.11753/click - {}
RESULT: {}
COMMAND: POST /session/e7e046f545b47c9805ddcb78f08915f8/execute/async - {"script":"<script> [1562 bytes]","args":[{"selector":{"controlType":"sap.ui.core.Icon","viewName":"etm.portal.ui.managerequests.view.NewRequest","properties":{"src":{"regex":{"source":"slim\\-arrow\\-down"}}},"searchOpenDialogs":true,"ancestor":{"id":"costObjectAdminTypeComboBox","viewName":"etm.portal.ui.managerequests.view.NewRequest","searchOpenDialogs":true}},"wdio_ui5_key":"etmportal.ui.managerequests.view.NewRequestsap.ui.core.Icon{\"src\":{\"regex\":{\"source\":\"slim\\\\-arrow\\\\-down\"}}}{\"id\":\"costObjectAdminTypeComboBox\",\"viewName\":\"etm.portal.ui.managerequests.view.NewRequest\",\"searchOpenDialogs\":true}"}]}
COMMAND: GET /session/e7e046f545b47c9805ddcb78f08915f8/screenshot - {}
RESULT: {"script":"<script> [1562 bytes]","args":[{"selector":{"controlType":"sap.ui.core.Icon","viewName":"etm.portal.ui.managerequests.view.NewRequest","properties":{"src":{"regex":{"source":"slim\\-arrow\\-down"}}},"searchOpenDialogs":true,"ancestor":{"id":"costObjectAdminTypeComboBox","viewName":"etm.portal.ui.managerequests.view.NewRequest","searchOpenDialogs":true}},"wdio_ui5_key":"etmportal.ui.managerequests.view.NewRequestsap.ui.core.Icon{\"src\":{\"regex\":{\"source\":\"slim\\\\-arrow\\\\-down\"}}}{\"id\":\"costObjectAdminTypeComboBox\",\"viewName\":\"etm.portal.ui.managerequests.view.NewRequest\",\"searchOpenDialogs\":true}"}]}
RESULT: undefined
COMMAND: POST /session/e7e046f545b47c9805ddcb78f08915f8/element - {"using":"xpath","value":"//*[@id=\"__xmlview59--costObjectAdminTypeComboBox-arrow\"]"}
RESULT: {}
RESULT: {"using":"xpath","value":"//*[@id=\"__xmlview59--costObjectAdminTypeComboBox-arrow\"]"}
COMMAND: POST /session/e7e046f545b47c9805ddcb78f08915f8/element/f.0B5413DFD1C3A3AA7B72F051E5DEC85E.d.6E485613126BCACE44B12AEAF3129ABF.e.11758/click - {}
RESULT: {}
COMMAND: POST /session/e7e046f545b47c9805ddcb78f08915f8/execute/async - {"script":"<script> [1562 bytes]","args":[{"selector":{"controlType":"sap.m.StandardListItem","viewName":"etm.portal.ui.managerequests.view.NewRequest","properties":{"title":"Cost Center"},"searchOpenDialogs":true,"interaction":{"idSuffix":"titleText"}},"wdio_ui5_key":"etmportal.ui.managerequests.view.NewRequestsap.m.StandardListItem{\"title\":\"Cost Center\"}"}]}
COMMAND: GET /session/e7e046f545b47c9805ddcb78f08915f8/screenshot - {}
RESULT: {"script":"<script> [1562 bytes]","args":[{"selector":{"controlType":"sap.m.StandardListItem","viewName":"etm.portal.ui.managerequests.view.NewRequest","properties":{"title":"Cost Center"},"searchOpenDialogs":true,"interaction":{"idSuffix":"titleText"}},"wdio_ui5_key":"etmportal.ui.managerequests.view.NewRequestsap.m.StandardListItem{\"title\":\"Cost Center\"}"}]}
RESULT: undefined
COMMAND: POST /session/e7e046f545b47c9805ddcb78f08915f8/element - {"using":"xpath","value":"//*[@id=\"__item688\"]"}
RESULT: {}
RESULT: {"using":"xpath","value":"//*[@id=\"__item688\"]"}
COMMAND: POST /session/e7e046f545b47c9805ddcb78f08915f8/element/f.0B5413DFD1C3A3AA7B72F051E5DEC85E.d.6E485613126BCACE44B12AEAF3129ABF.e.11761/click - {}
RESULT: {}
COMMAND: GET /session/e7e046f545b47c9805ddcb78f08915f8/screenshot - {}
RESULT: {}
COMMAND: POST /session/e7e046f545b47c9805ddcb78f08915f8/execute/async - {"script":"<script> [1562 bytes]","args":[{"selector":{"controlType":"sap.ui.core.Icon","viewName":"etm.portal.ui.managerequests.view.NewRequest","properties":{"src":{"regex":{"source":"value\\-help"}}},"searchOpenDialogs":true},"wdio_ui5_key":"etmportal.ui.managerequests.view.NewRequestsap.ui.core.Icon{\"src\":{\"regex\":{\"source\":\"value\\\\-help\"}}}"}]}
RESULT: {"script":"<script> [1562 bytes]","args":[{"selector":{"controlType":"sap.ui.core.Icon","viewName":"etm.portal.ui.managerequests.view.NewRequest","properties":{"src":{"regex":{"source":"value\\-help"}}},"searchOpenDialogs":true},"wdio_ui5_key":"etmportal.ui.managerequests.view.NewRequestsap.ui.core.Icon{\"src\":{\"regex\":{\"source\":\"value\\\\-help\"}}}"}]}
RESULT: undefined
COMMAND: POST /session/e7e046f545b47c9805ddcb78f08915f8/element - {"using":"xpath","value":"//*[@id=\"__xmlview59--costObjectIdComboBox-vhi\"]"}
RESULT: {"using":"xpath","value":"//*[@id=\"__xmlview59--costObjectIdComboBox-vhi\"]"}
COMMAND: POST /session/e7e046f545b47c9805ddcb78f08915f8/element/f.0B5413DFD1C3A3AA7B72F051E5DEC85E.d.6E485613126BCACE44B12AEAF3129ABF.e.11768/click - {}
RESULT: {}
COMMAND: POST /session/e7e046f545b47c9805ddcb78f08915f8/execute/async - {"script":"<script> [1562 bytes]","args":[{"selector":{"controlType":"sap.m.SearchField","properties":{"placeholder":"Search"},"searchOpenDialogs":true,"interaction":{"idSuffix":"I"}},"wdio_ui5_key":"sapm.SearchField{\"placeholder\":\"Search\"}"}]}
COMMAND: GET /session/e7e046f545b47c9805ddcb78f08915f8/screenshot - {}
RESULT: {"script":"<script> [1562 bytes]","args":[{"selector":{"controlType":"sap.m.SearchField","properties":{"placeholder":"Search"},"searchOpenDialogs":true,"interaction":{"idSuffix":"I"}},"wdio_ui5_key":"sapm.SearchField{\"placeholder\":\"Search\"}"}]}
RESULT: undefined
COMMAND: POST /session/e7e046f545b47c9805ddcb78f08915f8/execute/async - {"script":"<script> [776 bytes]","args":[{"enterText":"10001010","selector":{"controlType":"sap.m.SearchField","properties":{"placeholder":"Search"},"searchOpenDialogs":true,"interaction":{"idSuffix":"I"}},"clearTextFirst":true,"interactionType":"ENTER_TEXT"}]}
RESULT: {}
RESULT: {"script":"<script> [776 bytes]","args":[{"enterText":"10001010","selector":{"controlType":"sap.m.SearchField","properties":{"placeholder":"Search"},"searchOpenDialogs":true,"interaction":{"idSuffix":"I"}},"clearTextFirst":true,"interactionType":"ENTER_TEXT"}]}
COMMAND: POST /session/e7e046f545b47c9805ddcb78f08915f8/actions - {"actions":[{"id":"action89","type":"key","parameters":{},"actions":[{"type":"keyDown","value":""},{"type":"pause","duration":10},{"type":"keyUp","value":""}]}]}
RESULT: {"actions":[{"id":"action89","type":"key","parameters":{},"actions":[{"type":"keyDown","value":""},{"type":"pause","duration":10},{"type":"keyUp","value":""}]}]}
COMMAND: GET /session/e7e046f545b47c9805ddcb78f08915f8/screenshot - {}
RESULT: {}
COMMAND: POST /session/e7e046f545b47c9805ddcb78f08915f8/execute/async - {"script":"<script> [1562 bytes]","args":[{"selector":{"controlType":"sap.m.Text","bindingPath":{"path":"/C_CostCtrValueHelp(CostCenter='10001010',ControllingArea='Z001')","propertyPath":"CostCenterName","modelName":"CostCenterModel"},"searchOpenDialogs":true},"wdio_ui5_key":"sapm.Text{\"path\":\"/C_CostCtrValueHelp(CostCenter='10001010',ControllingArea='Z001')\",\"propertyPath\":\"CostCenterName\",\"modelName\":\"CostCenterModel\"}"}]}
RESULT: {"script":"<script> [1562 bytes]","args":[{"selector":{"controlType":"sap.m.Text","bindingPath":{"path":"/C_CostCtrValueHelp(CostCenter='10001010',ControllingArea='Z001')","propertyPath":"CostCenterName","modelName":"CostCenterModel"},"searchOpenDialogs":true},"wdio_ui5_key":"sapm.Text{\"path\":\"/C_CostCtrValueHelp(CostCenter='10001010',ControllingArea='Z001')\",\"propertyPath\":\"CostCenterName\",\"modelName\":\"CostCenterModel\"}"}]}
RESULT: undefined
COMMAND: POST /session/e7e046f545b47c9805ddcb78f08915f8/element - {"using":"xpath","value":"//*[@id=\"__text291-__clone826\"]"}
RESULT: {"using":"xpath","value":"//*[@id=\"__text291-__clone826\"]"}
COMMAND: POST /session/e7e046f545b47c9805ddcb78f08915f8/element/f.0B5413DFD1C3A3AA7B72F051E5DEC85E.d.6E485613126BCACE44B12AEAF3129ABF.e.11807/click - {}
RESULT: {}
COMMAND: POST /session/e7e046f545b47c9805ddcb78f08915f8/execute/async - {"script":"<script> [1562 bytes]","args":[{"selector":{"controlType":"sap.m.Button","properties":{"text":"OK"},"searchOpenDialogs":true,"interaction":{"idSuffix":"BDI-content"}},"wdio_ui5_key":"sapm.Button{\"text\":\"OK\"}"}]}
COMMAND: GET /session/e7e046f545b47c9805ddcb78f08915f8/screenshot - {}
RESULT: {"script":"<script> [1562 bytes]","args":[{"selector":{"controlType":"sap.m.Button","properties":{"text":"OK"},"searchOpenDialogs":true,"interaction":{"idSuffix":"BDI-content"}},"wdio_ui5_key":"sapm.Button{\"text\":\"OK\"}"}]}
RESULT: undefined
COMMAND: POST /session/e7e046f545b47c9805ddcb78f08915f8/element - {"using":"xpath","value":"//*[@id=\"__dialog1-ok\"]"}
RESULT: {}
RESULT: {"using":"xpath","value":"//*[@id=\"__dialog1-ok\"]"}
COMMAND: POST /session/e7e046f545b47c9805ddcb78f08915f8/element/f.0B5413DFD1C3A3AA7B72F051E5DEC85E.d.6E485613126BCACE44B12AEAF3129ABF.e.11809/click - {}
RESULT: {}
COMMAND: GET /session/e7e046f545b47c9805ddcb78f08915f8/screenshot - {}
RESULT: {}
COMMAND: POST /session/e7e046f545b47c9805ddcb78f08915f8/execute/async - {"script":"<script> [1562 bytes]","args":[{"selector":{"controlType":"sap.m.Button","viewName":"etm.portal.ui.managerequests.view.NewRequest","i18NText":{"propertyName":"text","key":"save"},"searchOpenDialogs":true,"interaction":{"idSuffix":"BDI-content"}},"wdio_ui5_key":"etmportal.ui.managerequests.view.NewRequestsap.m.Button{\"propertyName\":\"text\",\"key\":\"save\"}"}]}
RESULT: {"script":"<script> [1562 bytes]","args":[{"selector":{"controlType":"sap.m.Button","viewName":"etm.portal.ui.managerequests.view.NewRequest","i18NText":{"propertyName":"text","key":"save"},"searchOpenDialogs":true,"interaction":{"idSuffix":"BDI-content"}},"wdio_ui5_key":"etmportal.ui.managerequests.view.NewRequestsap.m.Button{\"propertyName\":\"text\",\"key\":\"save\"}"}]}
RESULT: undefined
COMMAND: POST /session/e7e046f545b47c9805ddcb78f08915f8/element - {"using":"xpath","value":"//*[@id=\"__button24\"]"}
RESULT: {"using":"xpath","value":"//*[@id=\"__button24\"]"}
COMMAND: POST /session/e7e046f545b47c9805ddcb78f08915f8/element/f.0B5413DFD1C3A3AA7B72F051E5DEC85E.d.6E485613126BCACE44B12AEAF3129ABF.e.11813/click - {}
RESULT: {}
COMMAND: GET /session/e7e046f545b47c9805ddcb78f08915f8/screenshot - {}
RESULT: {}
COMMAND: POST /session/e7e046f545b47c9805ddcb78f08915f8/element - {"using":"xpath","value":"(//bdi[contains(text() ,\"Save\")])[1]"}
RESULT: {"using":"xpath","value":"(//bdi[contains(text() ,\"Save\")])[1]"}
COMMAND: POST /session/e7e046f545b47c9805ddcb78f08915f8/element/f.0B5413DFD1C3A3AA7B72F051E5DEC85E.d.6E485613126BCACE44B12AEAF3129ABF.e.11815/click - {}
RESULT: {}
COMMAND: GET /session/e7e046f545b47c9805ddcb78f08915f8/screenshot - {}
RESULT: {}
COMMAND: POST /session/e7e046f545b47c9805ddcb78f08915f8/execute/async - {"script":"<script> [1562 bytes]","args":[{"selector":{"controlType":"sap.m.Title","properties":{"text":"Success"},"searchOpenDialogs":true},"wdio_ui5_key":"sapm.Title{\"text\":\"Success\"}"}]}
RESULT: {"script":"<script> [1562 bytes]","args":[{"selector":{"controlType":"sap.m.Title","properties":{"text":"Success"},"searchOpenDialogs":true},"wdio_ui5_key":"sapm.Title{\"text\":\"Success\"}"}]}
RESULT: undefined
COMMAND: POST /session/e7e046f545b47c9805ddcb78f08915f8/execute/async - {"script":"<script> [6424 bytes]","args":[{"element-6066-11e4-a52e-4f735466cecf":"f.0B5413DFD1C3A3AA7B72F051E5DEC85E.d.6E485613126BCACE44B12AEAF3129ABF.e.11818"},"getText",[]]}
RESULT: {"script":"<script> [6424 bytes]","args":[{"element-6066-11e4-a52e-4f735466cecf":"f.0B5413DFD1C3A3AA7B72F051E5DEC85E.d.6E485613126BCACE44B12AEAF3129ABF.e.11818"},"getText",[]]}
COMMAND: POST /session/e7e046f545b47c9805ddcb78f08915f8/execute/async - {"script":"<script> [1562 bytes]","args":[{"selector":{"controlType":"sap.m.Button","properties":{"text":"Close"},"searchOpenDialogs":true,"interaction":{"idSuffix":"BDI-content"}},"wdio_ui5_key":"sapm.Button{\"text\":\"Close\"}"}]}
RESULT: {"script":"<script> [1562 bytes]","args":[{"selector":{"controlType":"sap.m.Button","properties":{"text":"Close"},"searchOpenDialogs":true,"interaction":{"idSuffix":"BDI-content"}},"wdio_ui5_key":"sapm.Button{\"text\":\"Close\"}"}]}
RESULT: undefined
COMMAND: POST /session/e7e046f545b47c9805ddcb78f08915f8/element - {"using":"xpath","value":"//*[@id=\"__mbox-btn-0\"]"}
RESULT: {"using":"xpath","value":"//*[@id=\"__mbox-btn-0\"]"}
COMMAND: POST /session/e7e046f545b47c9805ddcb78f08915f8/element/f.0B5413DFD1C3A3AA7B72F051E5DEC85E.d.6E485613126BCACE44B12AEAF3129ABF.e.11817/click - {}
RESULT: {}
COMMAND: GET /session/e7e046f545b47c9805ddcb78f08915f8/screenshot - {}
RESULT: {}
COMMAND: POST /session/e7e046f545b47c9805ddcb78f08915f8/execute/async - {"script":"<script> [1562 bytes]","args":[{"selector":{"controlType":"sap.m.Text","viewName":"etm.portal.ui.managerequests.view.Detail","bindingPath":{"propertyPath":"NO","modelName":"catalogModel"}},"wdio_ui5_key":"etmportal.ui.managerequests.view.Detailsap.m.Text{\"propertyPath\":\"NO\",\"modelName\":\"catalogModel\"}"}]}
RESULT: {"script":"<script> [1562 bytes]","args":[{"selector":{"controlType":"sap.m.Text","viewName":"etm.portal.ui.managerequests.view.Detail","bindingPath":{"propertyPath":"NO","modelName":"catalogModel"}},"wdio_ui5_key":"etmportal.ui.managerequests.view.Detailsap.m.Text{\"propertyPath\":\"NO\",\"modelName\":\"catalogModel\"}"}]}
RESULT: undefined
COMMAND: POST /session/e7e046f545b47c9805ddcb78f08915f8/execute/async - {"script":"<script> [6424 bytes]","args":[{"element-6066-11e4-a52e-4f735466cecf":"f.0B5413DFD1C3A3AA7B72F051E5DEC85E.d.6E485613126BCACE44B12AEAF3129ABF.e.11945"},"getText",[]]}
RESULT: {"script":"<script> [6424 bytes]","args":[{"element-6066-11e4-a52e-4f735466cecf":"f.0B5413DFD1C3A3AA7B72F051E5DEC85E.d.6E485613126BCACE44B12AEAF3129ABF.e.11945"},"getText",[]]}
COMMAND: POST /session/e7e046f545b47c9805ddcb78f08915f8/execute/async - {"script":"<script> [1562 bytes]","args":[{"selector":{"controlType":"sap.ui.core.Icon","viewName":"etm.portal.ui.managerequests.view.Detail","properties":{"src":{"regex":{"source":"date\\-time"}}},"ancestor":{"controlType":"sap.m.ColumnListItem","viewName":"etm.portal.ui.managerequests.view.Detail","bindingPath":{"path":"/SmartRequestItemsPlanningBoard(ITEM=10m,REQUEST='20182')"},"ancestor":{"id":"requestItemsTable","viewName":"etm.portal.ui.managerequests.view.Detail"}}},"wdio_ui5_key":"etmportal.ui.managerequests.view.Detailsap.ui.core.Icon{\"src\":{\"regex\":{\"source\":\"date\\\\-time\"}}}{\"controlType\":\"sap.m.ColumnListItem\",\"viewName\":\"etm.portal.ui.managerequests.view.Detail\",\"bindingPath\":{\"path\":\"/SmartRequestItemsPlanningBoard(ITEM=10m,REQUEST='20182')\"},\"ancestor\":{\"id\":\"requestItemsTable\",\"viewName\":\"etm.portal.ui.managerequests.view.Detail\"}}"}]}
RESULT: {"script":"<script> [1562 bytes]","args":[{"selector":{"controlType":"sap.ui.core.Icon","viewName":"etm.portal.ui.managerequests.view.Detail","properties":{"src":{"regex":{"source":"date\\-time"}}},"ancestor":{"controlType":"sap.m.ColumnListItem","viewName":"etm.portal.ui.managerequests.view.Detail","bindingPath":{"path":"/SmartRequestItemsPlanningBoard(ITEM=10m,REQUEST='20182')"},"ancestor":{"id":"requestItemsTable","viewName":"etm.portal.ui.managerequests.view.Detail"}}},"wdio_ui5_key":"etmportal.ui.managerequests.view.Detailsap.ui.core.Icon{\"src\":{\"regex\":{\"source\":\"date\\\\-time\"}}}{\"controlType\":\"sap.m.ColumnListItem\",\"viewName\":\"etm.portal.ui.managerequests.view.Detail\",\"bindingPath\":{\"path\":\"/SmartRequestItemsPlanningBoard(ITEM=10m,REQUEST='20182')\"},\"ancestor\":{\"id\":\"requestItemsTable\",\"viewName\":\"etm.portal.ui.managerequests.view.Detail\"}}"}]}
RESULT: undefined
COMMAND: POST /session/e7e046f545b47c9805ddcb78f08915f8/element - {"using":"xpath","value":"//*[@id=\"__button39-__clone865-img\"]"}
RESULT: {"using":"xpath","value":"//*[@id=\"__button39-__clone865-img\"]"}
COMMAND: POST /session/e7e046f545b47c9805ddcb78f08915f8/element/f.0B5413DFD1C3A3AA7B72F051E5DEC85E.d.6E485613126BCACE44B12AEAF3129ABF.e.11946/click - {}
RESULT: {}
COMMAND: POST /session/e7e046f545b47c9805ddcb78f08915f8/execute/async - {"script":"<script> [1562 bytes]","args":[{"selector":{"controlType":"sap.m.Button","viewName":"etm.portal.ui.managerequests.view.Detail","properties":{"text":"Close"},"searchOpenDialogs":true,"interaction":{"idSuffix":"BDI-content"}},"wdio_ui5_key":"etmportal.ui.managerequests.view.Detailsap.m.Button{\"text\":\"Close\"}"}]}
COMMAND: GET /session/e7e046f545b47c9805ddcb78f08915f8/screenshot - {}
RESULT: {"script":"<script> [1562 bytes]","args":[{"selector":{"controlType":"sap.m.Button","viewName":"etm.portal.ui.managerequests.view.Detail","properties":{"text":"Close"},"searchOpenDialogs":true,"interaction":{"idSuffix":"BDI-content"}},"wdio_ui5_key":"etmportal.ui.managerequests.view.Detailsap.m.Button{\"text\":\"Close\"}"}]}
RESULT: undefined
COMMAND: POST /session/e7e046f545b47c9805ddcb78f08915f8/element - {"using":"xpath","value":"//*[@id=\"__button49\"]"}
RESULT: {}
RESULT: {"using":"xpath","value":"//*[@id=\"__button49\"]"}
COMMAND: POST /session/e7e046f545b47c9805ddcb78f08915f8/element/f.0B5413DFD1C3A3AA7B72F051E5DEC85E.d.6E485613126BCACE44B12AEAF3129ABF.e.11949/click - {}
RESULT: {}
COMMAND: POST /session/e7e046f545b47c9805ddcb78f08915f8/refresh - {}
COMMAND: GET /session/e7e046f545b47c9805ddcb78f08915f8/screenshot - {}
RESULT: {}
COMMAND: GET /session/e7e046f545b47c9805ddcb78f08915f8/screenshot - {}
RESULT: {}
RESULT: {}
COMMAND: POST /session/e7e046f545b47c9805ddcb78f08915f8/execute/async - {"script":"<script> [189 bytes]","args":[]}
RESULT: {"script":"<script> [189 bytes]","args":[]}
COMMAND: POST /session/e7e046f545b47c9805ddcb78f08915f8/execute/async - {"script":"<script> [123 bytes]","args":[]}
RESULT: {"script":"<script> [123 bytes]","args":[]}
COMMAND: POST /session/e7e046f545b47c9805ddcb78f08915f8/timeouts - {"script":"<number>"}
RESULT: {"script":"<number>"}
COMMAND: GET /session/e7e046f545b47c9805ddcb78f08915f8/timeouts - {}
RESULT: {}
RESULT: undefined
COMMAND: POST /session/e7e046f545b47c9805ddcb78f08915f8/execute/async - {"script":"<script> [2676 bytes]","args":[]}
RESULT: {"script":"<script> [2676 bytes]","args":[]}
COMMAND: POST /session/e7e046f545b47c9805ddcb78f08915f8/execute/async - {"script":"<script> [2342 bytes]","args":[{"protocol":"http","hostname":"0.0.0.0","path":"/","capabilities":{"browserName":"chrome","goog:chromeOptions":{"binary":"C:\\Program Files\\Google\\Chrome\\Application\\chrome.exe","args":["--start-maximized"]}},"logLevel":"warn","connectionRetryTimeout":120000,"connectionRetryCount":3,"logLevels":{},"enableDirectConnect":true,"strictSSL":true,"_":"65 more keys: [\"cacheDir\",\"port\",\"requestedCapabilities\",\"automationProtocol\",\"baseUrl\",\"waitforInterval\",\"waitforTimeout\",\"onReload\",\"beforeCommand\",\"afterCommand\",\"rootDir\",\"specs\",\"suites\",\"exclude\",\"groupLogsByTestSpec\",\"excludeDriverLogs\",\"bail\",\"framework\",\"reporters\",\"services\",\"maxInstances\",\"maxInstancesPerCapability\",\"injectGlobals\",\"filesToWatch\",\"execArgv\",\"runnerEnv\",\"runner\",\"shard\",\"specFileRetries\",\"specFileRetriesDelay\",\"specFileRetriesDeferred\",\"reporterSyncInterval\",\"reporterSyncTimeout\",\"cucumberFeaturesWithLineNumbers\",\"autoCompileOpts\",\"mochaOpts\",\"jasmineOpts\",\"cucumberOpts\",\"onPrepare\",\"onWorkerStart\",\"onWorkerEnd\",\"before\",\"beforeSession\",\"beforeSuite\",\"beforeHook\",\"beforeTest\",\"afterTest\",\"afterHook\",\"afterSuite\",\"afterSession\",\"after\",\"onComplete\",\"beforeAssertion\",\"afterAssertion\",\"beforeFeature\",\"beforeScenario\",\"beforeStep\",\"afterStep\",\"afterScenario\",\"afterFeature\",\"_\",\"suite\",\"$0\",\"ignoredWorkerServices\",\"wdi5\"]"}]}
RESULT: {"script":"<script> [2342 bytes]","args":[{"protocol":"http","hostname":"0.0.0.0","path":"/","capabilities":{"browserName":"chrome","goog:chromeOptions":{"binary":"C:\\Program Files\\Google\\Chrome\\Application\\chrome.exe","args":["--start-maximized"]}},"logLevel":"warn","connectionRetryTimeout":120000,"connectionRetryCount":3,"logLevels":{},"enableDirectConnect":true,"strictSSL":true,"_":"65 more keys: [\"cacheDir\",\"port\",\"requestedCapabilities\",\"automationProtocol\",\"baseUrl\",\"waitforInterval\",\"waitforTimeout\",\"onReload\",\"beforeCommand\",\"afterCommand\",\"rootDir\",\"specs\",\"suites\",\"exclude\",\"groupLogsByTestSpec\",\"excludeDriverLogs\",\"bail\",\"framework\",\"reporters\",\"services\",\"maxInstances\",\"maxInstancesPerCapability\",\"injectGlobals\",\"filesToWatch\",\"execArgv\",\"runnerEnv\",\"runner\",\"shard\",\"specFileRetries\",\"specFileRetriesDelay\",\"specFileRetriesDeferred\",\"reporterSyncInterval\",\"reporterSyncTimeout\",\"cucumberFeaturesWithLineNumbers\",\"autoCompileOpts\",\"mochaOpts\",\"jasmineOpts\",\"cucumberOpts\",\"onPrepare\",\"onWorkerStart\",\"onWorkerEnd\",\"before\",\"beforeSession\",\"beforeSuite\",\"beforeHook\",\"beforeTest\",\"afterTest\",\"afterHook\",\"afterSuite\",\"afterSession\",\"after\",\"onComplete\",\"beforeAssertion\",\"afterAssertion\",\"beforeFeature\",\"beforeScenario\",\"beforeStep\",\"afterStep\",\"afterScenario\",\"afterFeature\",\"_\",\"suite\",\"$0\",\"ignoredWorkerServices\",\"wdi5\"]"}]}
COMMAND: POST /session/e7e046f545b47c9805ddcb78f08915f8/execute/async - {"script":"<script> [21126 bytes]","args":[35000]}
RESULT: {"script":"<script> [21126 bytes]","args":[35000]}
]]></system-out>
    </testcase>
    <testcase classname="chrome.136_0_7103_93.windows.Process_request_items_into_new_quotation_US120163" name="Should process the request into a new quotation" time="62.221">
      <failure/>
      <error message="Can't call click on element with selector &quot;//span[contains(@id ,&quot;actionsMenuButton-internalSplitBtn-arrowButton-img&quot;)]&quot; because element wasn't found"/>
      <system-out><![CDATA[
COMMAND: GET /session/e7e046f545b47c9805ddcb78f08915f8/window - {}
RESULT: {}
COMMAND: POST /session/e7e046f545b47c9805ddcb78f08915f8/element - {"using":"xpath","value":"//span[contains(@id ,\"detailHeaderTitle-_actionsToolbar-overflowButton-img\")]"}
RESULT: {"using":"xpath","value":"//span[contains(@id ,\"detailHeaderTitle-_actionsToolbar-overflowButton-img\")]"}
COMMAND: POST /session/e7e046f545b47c9805ddcb78f08915f8/element/f.0B5413DFD1C3A3AA7B72F051E5DEC85E.d.7805AC14362A573FBE3DCFC2FB882E51.e.12176/click - {}
RESULT: {}
COMMAND: GET /session/e7e046f545b47c9805ddcb78f08915f8/screenshot - {}
RESULT: {}
COMMAND: POST /session/e7e046f545b47c9805ddcb78f08915f8/element - {"using":"xpath","value":"//span[contains(@id ,\"actionsMenuButton-internalSplitBtn-arrowButton-img\")]"}
RESULT: {"using":"xpath","value":"//span[contains(@id ,\"actionsMenuButton-internalSplitBtn-arrowButton-img\")]"}
COMMAND: POST /session/e7e046f545b47c9805ddcb78f08915f8/elements - {"using":"xpath","value":"//span[contains(@id ,\"actionsMenuButton-internalSplitBtn-arrowButton-img\")]"}
RESULT: {"using":"xpath","value":"//span[contains(@id ,\"actionsMenuButton-internalSplitBtn-arrowButton-img\")]"}
COMMAND: POST /session/e7e046f545b47c9805ddcb78f08915f8/elements - {"using":"xpath","value":"//span[contains(@id ,\"actionsMenuButton-internalSplitBtn-arrowButton-img\")]"}
RESULT: {"using":"xpath","value":"//span[contains(@id ,\"actionsMenuButton-internalSplitBtn-arrowButton-img\")]"}
COMMAND: POST /session/e7e046f545b47c9805ddcb78f08915f8/elements - {"using":"xpath","value":"//span[contains(@id ,\"actionsMenuButton-internalSplitBtn-arrowButton-img\")]"}
RESULT: {"using":"xpath","value":"//span[contains(@id ,\"actionsMenuButton-internalSplitBtn-arrowButton-img\")]"}
COMMAND: POST /session/e7e046f545b47c9805ddcb78f08915f8/elements - {"using":"xpath","value":"//span[contains(@id ,\"actionsMenuButton-internalSplitBtn-arrowButton-img\")]"}
RESULT: {"using":"xpath","value":"//span[contains(@id ,\"actionsMenuButton-internalSplitBtn-arrowButton-img\")]"}
COMMAND: POST /session/e7e046f545b47c9805ddcb78f08915f8/elements - {"using":"xpath","value":"//span[contains(@id ,\"actionsMenuButton-internalSplitBtn-arrowButton-img\")]"}
RESULT: {"using":"xpath","value":"//span[contains(@id ,\"actionsMenuButton-internalSplitBtn-arrowButton-img\")]"}
COMMAND: POST /session/e7e046f545b47c9805ddcb78f08915f8/elements - {"using":"xpath","value":"//span[contains(@id ,\"actionsMenuButton-internalSplitBtn-arrowButton-img\")]"}
RESULT: {"using":"xpath","value":"//span[contains(@id ,\"actionsMenuButton-internalSplitBtn-arrowButton-img\")]"}
COMMAND: POST /session/e7e046f545b47c9805ddcb78f08915f8/elements - {"using":"xpath","value":"//span[contains(@id ,\"actionsMenuButton-internalSplitBtn-arrowButton-img\")]"}
RESULT: {"using":"xpath","value":"//span[contains(@id ,\"actionsMenuButton-internalSplitBtn-arrowButton-img\")]"}
COMMAND: POST /session/e7e046f545b47c9805ddcb78f08915f8/elements - {"using":"xpath","value":"//span[contains(@id ,\"actionsMenuButton-internalSplitBtn-arrowButton-img\")]"}
RESULT: {"using":"xpath","value":"//span[contains(@id ,\"actionsMenuButton-internalSplitBtn-arrowButton-img\")]"}
COMMAND: POST /session/e7e046f545b47c9805ddcb78f08915f8/elements - {"using":"xpath","value":"//span[contains(@id ,\"actionsMenuButton-internalSplitBtn-arrowButton-img\")]"}
RESULT: {"using":"xpath","value":"//span[contains(@id ,\"actionsMenuButton-internalSplitBtn-arrowButton-img\")]"}
COMMAND: POST /session/e7e046f545b47c9805ddcb78f08915f8/elements - {"using":"xpath","value":"//span[contains(@id ,\"actionsMenuButton-internalSplitBtn-arrowButton-img\")]"}
RESULT: {"using":"xpath","value":"//span[contains(@id ,\"actionsMenuButton-internalSplitBtn-arrowButton-img\")]"}
COMMAND: POST /session/e7e046f545b47c9805ddcb78f08915f8/elements - {"using":"xpath","value":"//span[contains(@id ,\"actionsMenuButton-internalSplitBtn-arrowButton-img\")]"}
RESULT: {"using":"xpath","value":"//span[contains(@id ,\"actionsMenuButton-internalSplitBtn-arrowButton-img\")]"}
COMMAND: POST /session/e7e046f545b47c9805ddcb78f08915f8/elements - {"using":"xpath","value":"//span[contains(@id ,\"actionsMenuButton-internalSplitBtn-arrowButton-img\")]"}
RESULT: {"using":"xpath","value":"//span[contains(@id ,\"actionsMenuButton-internalSplitBtn-arrowButton-img\")]"}
COMMAND: POST /session/e7e046f545b47c9805ddcb78f08915f8/elements - {"using":"xpath","value":"//span[contains(@id ,\"actionsMenuButton-internalSplitBtn-arrowButton-img\")]"}
RESULT: {"using":"xpath","value":"//span[contains(@id ,\"actionsMenuButton-internalSplitBtn-arrowButton-img\")]"}
COMMAND: POST /session/e7e046f545b47c9805ddcb78f08915f8/elements - {"using":"xpath","value":"//span[contains(@id ,\"actionsMenuButton-internalSplitBtn-arrowButton-img\")]"}
RESULT: {"using":"xpath","value":"//span[contains(@id ,\"actionsMenuButton-internalSplitBtn-arrowButton-img\")]"}
COMMAND: POST /session/e7e046f545b47c9805ddcb78f08915f8/elements - {"using":"xpath","value":"//span[contains(@id ,\"actionsMenuButton-internalSplitBtn-arrowButton-img\")]"}
RESULT: {"using":"xpath","value":"//span[contains(@id ,\"actionsMenuButton-internalSplitBtn-arrowButton-img\")]"}
COMMAND: POST /session/e7e046f545b47c9805ddcb78f08915f8/elements - {"using":"xpath","value":"//span[contains(@id ,\"actionsMenuButton-internalSplitBtn-arrowButton-img\")]"}
RESULT: {"using":"xpath","value":"//span[contains(@id ,\"actionsMenuButton-internalSplitBtn-arrowButton-img\")]"}
COMMAND: POST /session/e7e046f545b47c9805ddcb78f08915f8/elements - {"using":"xpath","value":"//span[contains(@id ,\"actionsMenuButton-internalSplitBtn-arrowButton-img\")]"}
RESULT: {"using":"xpath","value":"//span[contains(@id ,\"actionsMenuButton-internalSplitBtn-arrowButton-img\")]"}
COMMAND: POST /session/e7e046f545b47c9805ddcb78f08915f8/elements - {"using":"xpath","value":"//span[contains(@id ,\"actionsMenuButton-internalSplitBtn-arrowButton-img\")]"}
RESULT: {"using":"xpath","value":"//span[contains(@id ,\"actionsMenuButton-internalSplitBtn-arrowButton-img\")]"}
COMMAND: POST /session/e7e046f545b47c9805ddcb78f08915f8/elements - {"using":"xpath","value":"//span[contains(@id ,\"actionsMenuButton-internalSplitBtn-arrowButton-img\")]"}
RESULT: {"using":"xpath","value":"//span[contains(@id ,\"actionsMenuButton-internalSplitBtn-arrowButton-img\")]"}
COMMAND: POST /session/e7e046f545b47c9805ddcb78f08915f8/elements - {"using":"xpath","value":"//span[contains(@id ,\"actionsMenuButton-internalSplitBtn-arrowButton-img\")]"}
RESULT: {"using":"xpath","value":"//span[contains(@id ,\"actionsMenuButton-internalSplitBtn-arrowButton-img\")]"}
COMMAND: POST /session/e7e046f545b47c9805ddcb78f08915f8/elements - {"using":"xpath","value":"//span[contains(@id ,\"actionsMenuButton-internalSplitBtn-arrowButton-img\")]"}
RESULT: {"using":"xpath","value":"//span[contains(@id ,\"actionsMenuButton-internalSplitBtn-arrowButton-img\")]"}
COMMAND: POST /session/e7e046f545b47c9805ddcb78f08915f8/elements - {"using":"xpath","value":"//span[contains(@id ,\"actionsMenuButton-internalSplitBtn-arrowButton-img\")]"}
RESULT: {"using":"xpath","value":"//span[contains(@id ,\"actionsMenuButton-internalSplitBtn-arrowButton-img\")]"}
COMMAND: POST /session/e7e046f545b47c9805ddcb78f08915f8/elements - {"using":"xpath","value":"//span[contains(@id ,\"actionsMenuButton-internalSplitBtn-arrowButton-img\")]"}
RESULT: {"using":"xpath","value":"//span[contains(@id ,\"actionsMenuButton-internalSplitBtn-arrowButton-img\")]"}
COMMAND: POST /session/e7e046f545b47c9805ddcb78f08915f8/elements - {"using":"xpath","value":"//span[contains(@id ,\"actionsMenuButton-internalSplitBtn-arrowButton-img\")]"}
RESULT: {"using":"xpath","value":"//span[contains(@id ,\"actionsMenuButton-internalSplitBtn-arrowButton-img\")]"}
COMMAND: POST /session/e7e046f545b47c9805ddcb78f08915f8/elements - {"using":"xpath","value":"//span[contains(@id ,\"actionsMenuButton-internalSplitBtn-arrowButton-img\")]"}
RESULT: {"using":"xpath","value":"//span[contains(@id ,\"actionsMenuButton-internalSplitBtn-arrowButton-img\")]"}
COMMAND: POST /session/e7e046f545b47c9805ddcb78f08915f8/elements - {"using":"xpath","value":"//span[contains(@id ,\"actionsMenuButton-internalSplitBtn-arrowButton-img\")]"}
RESULT: {"using":"xpath","value":"//span[contains(@id ,\"actionsMenuButton-internalSplitBtn-arrowButton-img\")]"}
COMMAND: POST /session/e7e046f545b47c9805ddcb78f08915f8/elements - {"using":"xpath","value":"//span[contains(@id ,\"actionsMenuButton-internalSplitBtn-arrowButton-img\")]"}
RESULT: {"using":"xpath","value":"//span[contains(@id ,\"actionsMenuButton-internalSplitBtn-arrowButton-img\")]"}
COMMAND: POST /session/e7e046f545b47c9805ddcb78f08915f8/elements - {"using":"xpath","value":"//span[contains(@id ,\"actionsMenuButton-internalSplitBtn-arrowButton-img\")]"}
RESULT: {"using":"xpath","value":"//span[contains(@id ,\"actionsMenuButton-internalSplitBtn-arrowButton-img\")]"}
COMMAND: POST /session/e7e046f545b47c9805ddcb78f08915f8/elements - {"using":"xpath","value":"//span[contains(@id ,\"actionsMenuButton-internalSplitBtn-arrowButton-img\")]"}
RESULT: {"using":"xpath","value":"//span[contains(@id ,\"actionsMenuButton-internalSplitBtn-arrowButton-img\")]"}
COMMAND: POST /session/e7e046f545b47c9805ddcb78f08915f8/elements - {"using":"xpath","value":"//span[contains(@id ,\"actionsMenuButton-internalSplitBtn-arrowButton-img\")]"}
RESULT: {"using":"xpath","value":"//span[contains(@id ,\"actionsMenuButton-internalSplitBtn-arrowButton-img\")]"}
COMMAND: POST /session/e7e046f545b47c9805ddcb78f08915f8/elements - {"using":"xpath","value":"//span[contains(@id ,\"actionsMenuButton-internalSplitBtn-arrowButton-img\")]"}
RESULT: {"using":"xpath","value":"//span[contains(@id ,\"actionsMenuButton-internalSplitBtn-arrowButton-img\")]"}
COMMAND: POST /session/e7e046f545b47c9805ddcb78f08915f8/elements - {"using":"xpath","value":"//span[contains(@id ,\"actionsMenuButton-internalSplitBtn-arrowButton-img\")]"}
RESULT: {"using":"xpath","value":"//span[contains(@id ,\"actionsMenuButton-internalSplitBtn-arrowButton-img\")]"}
COMMAND: POST /session/e7e046f545b47c9805ddcb78f08915f8/elements - {"using":"xpath","value":"//span[contains(@id ,\"actionsMenuButton-internalSplitBtn-arrowButton-img\")]"}
RESULT: {"using":"xpath","value":"//span[contains(@id ,\"actionsMenuButton-internalSplitBtn-arrowButton-img\")]"}
COMMAND: POST /session/e7e046f545b47c9805ddcb78f08915f8/elements - {"using":"xpath","value":"//span[contains(@id ,\"actionsMenuButton-internalSplitBtn-arrowButton-img\")]"}
RESULT: {"using":"xpath","value":"//span[contains(@id ,\"actionsMenuButton-internalSplitBtn-arrowButton-img\")]"}
COMMAND: POST /session/e7e046f545b47c9805ddcb78f08915f8/elements - {"using":"xpath","value":"//span[contains(@id ,\"actionsMenuButton-internalSplitBtn-arrowButton-img\")]"}
RESULT: {"using":"xpath","value":"//span[contains(@id ,\"actionsMenuButton-internalSplitBtn-arrowButton-img\")]"}
COMMAND: POST /session/e7e046f545b47c9805ddcb78f08915f8/elements - {"using":"xpath","value":"//span[contains(@id ,\"actionsMenuButton-internalSplitBtn-arrowButton-img\")]"}
RESULT: {"using":"xpath","value":"//span[contains(@id ,\"actionsMenuButton-internalSplitBtn-arrowButton-img\")]"}
COMMAND: POST /session/e7e046f545b47c9805ddcb78f08915f8/elements - {"using":"xpath","value":"//span[contains(@id ,\"actionsMenuButton-internalSplitBtn-arrowButton-img\")]"}
RESULT: {"using":"xpath","value":"//span[contains(@id ,\"actionsMenuButton-internalSplitBtn-arrowButton-img\")]"}
COMMAND: POST /session/e7e046f545b47c9805ddcb78f08915f8/elements - {"using":"xpath","value":"//span[contains(@id ,\"actionsMenuButton-internalSplitBtn-arrowButton-img\")]"}
RESULT: {"using":"xpath","value":"//span[contains(@id ,\"actionsMenuButton-internalSplitBtn-arrowButton-img\")]"}
COMMAND: POST /session/e7e046f545b47c9805ddcb78f08915f8/elements - {"using":"xpath","value":"//span[contains(@id ,\"actionsMenuButton-internalSplitBtn-arrowButton-img\")]"}
RESULT: {"using":"xpath","value":"//span[contains(@id ,\"actionsMenuButton-internalSplitBtn-arrowButton-img\")]"}
COMMAND: POST /session/e7e046f545b47c9805ddcb78f08915f8/elements - {"using":"xpath","value":"//span[contains(@id ,\"actionsMenuButton-internalSplitBtn-arrowButton-img\")]"}
RESULT: {"using":"xpath","value":"//span[contains(@id ,\"actionsMenuButton-internalSplitBtn-arrowButton-img\")]"}
COMMAND: POST /session/e7e046f545b47c9805ddcb78f08915f8/elements - {"using":"xpath","value":"//span[contains(@id ,\"actionsMenuButton-internalSplitBtn-arrowButton-img\")]"}
RESULT: {"using":"xpath","value":"//span[contains(@id ,\"actionsMenuButton-internalSplitBtn-arrowButton-img\")]"}
COMMAND: POST /session/e7e046f545b47c9805ddcb78f08915f8/elements - {"using":"xpath","value":"//span[contains(@id ,\"actionsMenuButton-internalSplitBtn-arrowButton-img\")]"}
RESULT: {"using":"xpath","value":"//span[contains(@id ,\"actionsMenuButton-internalSplitBtn-arrowButton-img\")]"}
COMMAND: POST /session/e7e046f545b47c9805ddcb78f08915f8/elements - {"using":"xpath","value":"//span[contains(@id ,\"actionsMenuButton-internalSplitBtn-arrowButton-img\")]"}
RESULT: {"using":"xpath","value":"//span[contains(@id ,\"actionsMenuButton-internalSplitBtn-arrowButton-img\")]"}
COMMAND: POST /session/e7e046f545b47c9805ddcb78f08915f8/elements - {"using":"xpath","value":"//span[contains(@id ,\"actionsMenuButton-internalSplitBtn-arrowButton-img\")]"}
RESULT: {"using":"xpath","value":"//span[contains(@id ,\"actionsMenuButton-internalSplitBtn-arrowButton-img\")]"}
COMMAND: POST /session/e7e046f545b47c9805ddcb78f08915f8/elements - {"using":"xpath","value":"//span[contains(@id ,\"actionsMenuButton-internalSplitBtn-arrowButton-img\")]"}
RESULT: {"using":"xpath","value":"//span[contains(@id ,\"actionsMenuButton-internalSplitBtn-arrowButton-img\")]"}
COMMAND: POST /session/e7e046f545b47c9805ddcb78f08915f8/elements - {"using":"xpath","value":"//span[contains(@id ,\"actionsMenuButton-internalSplitBtn-arrowButton-img\")]"}
RESULT: {"using":"xpath","value":"//span[contains(@id ,\"actionsMenuButton-internalSplitBtn-arrowButton-img\")]"}
COMMAND: POST /session/e7e046f545b47c9805ddcb78f08915f8/elements - {"using":"xpath","value":"//span[contains(@id ,\"actionsMenuButton-internalSplitBtn-arrowButton-img\")]"}
RESULT: {"using":"xpath","value":"//span[contains(@id ,\"actionsMenuButton-internalSplitBtn-arrowButton-img\")]"}
COMMAND: POST /session/e7e046f545b47c9805ddcb78f08915f8/elements - {"using":"xpath","value":"//span[contains(@id ,\"actionsMenuButton-internalSplitBtn-arrowButton-img\")]"}
RESULT: {"using":"xpath","value":"//span[contains(@id ,\"actionsMenuButton-internalSplitBtn-arrowButton-img\")]"}
COMMAND: POST /session/e7e046f545b47c9805ddcb78f08915f8/elements - {"using":"xpath","value":"//span[contains(@id ,\"actionsMenuButton-internalSplitBtn-arrowButton-img\")]"}
RESULT: {"using":"xpath","value":"//span[contains(@id ,\"actionsMenuButton-internalSplitBtn-arrowButton-img\")]"}
COMMAND: POST /session/e7e046f545b47c9805ddcb78f08915f8/elements - {"using":"xpath","value":"//span[contains(@id ,\"actionsMenuButton-internalSplitBtn-arrowButton-img\")]"}
RESULT: {"using":"xpath","value":"//span[contains(@id ,\"actionsMenuButton-internalSplitBtn-arrowButton-img\")]"}
COMMAND: POST /session/e7e046f545b47c9805ddcb78f08915f8/elements - {"using":"xpath","value":"//span[contains(@id ,\"actionsMenuButton-internalSplitBtn-arrowButton-img\")]"}
RESULT: {"using":"xpath","value":"//span[contains(@id ,\"actionsMenuButton-internalSplitBtn-arrowButton-img\")]"}
COMMAND: POST /session/e7e046f545b47c9805ddcb78f08915f8/elements - {"using":"xpath","value":"//span[contains(@id ,\"actionsMenuButton-internalSplitBtn-arrowButton-img\")]"}
RESULT: {"using":"xpath","value":"//span[contains(@id ,\"actionsMenuButton-internalSplitBtn-arrowButton-img\")]"}
COMMAND: POST /session/e7e046f545b47c9805ddcb78f08915f8/elements - {"using":"xpath","value":"//span[contains(@id ,\"actionsMenuButton-internalSplitBtn-arrowButton-img\")]"}
RESULT: {"using":"xpath","value":"//span[contains(@id ,\"actionsMenuButton-internalSplitBtn-arrowButton-img\")]"}
COMMAND: POST /session/e7e046f545b47c9805ddcb78f08915f8/elements - {"using":"xpath","value":"//span[contains(@id ,\"actionsMenuButton-internalSplitBtn-arrowButton-img\")]"}
RESULT: {"using":"xpath","value":"//span[contains(@id ,\"actionsMenuButton-internalSplitBtn-arrowButton-img\")]"}
COMMAND: POST /session/e7e046f545b47c9805ddcb78f08915f8/elements - {"using":"xpath","value":"//span[contains(@id ,\"actionsMenuButton-internalSplitBtn-arrowButton-img\")]"}
RESULT: {"using":"xpath","value":"//span[contains(@id ,\"actionsMenuButton-internalSplitBtn-arrowButton-img\")]"}
COMMAND: POST /session/e7e046f545b47c9805ddcb78f08915f8/elements - {"using":"xpath","value":"//span[contains(@id ,\"actionsMenuButton-internalSplitBtn-arrowButton-img\")]"}
RESULT: {"using":"xpath","value":"//span[contains(@id ,\"actionsMenuButton-internalSplitBtn-arrowButton-img\")]"}
COMMAND: POST /session/e7e046f545b47c9805ddcb78f08915f8/elements - {"using":"xpath","value":"//span[contains(@id ,\"actionsMenuButton-internalSplitBtn-arrowButton-img\")]"}
RESULT: {"using":"xpath","value":"//span[contains(@id ,\"actionsMenuButton-internalSplitBtn-arrowButton-img\")]"}
COMMAND: POST /session/e7e046f545b47c9805ddcb78f08915f8/elements - {"using":"xpath","value":"//span[contains(@id ,\"actionsMenuButton-internalSplitBtn-arrowButton-img\")]"}
RESULT: {"using":"xpath","value":"//span[contains(@id ,\"actionsMenuButton-internalSplitBtn-arrowButton-img\")]"}
COMMAND: POST /session/e7e046f545b47c9805ddcb78f08915f8/elements - {"using":"xpath","value":"//span[contains(@id ,\"actionsMenuButton-internalSplitBtn-arrowButton-img\")]"}
RESULT: {"using":"xpath","value":"//span[contains(@id ,\"actionsMenuButton-internalSplitBtn-arrowButton-img\")]"}
COMMAND: POST /session/e7e046f545b47c9805ddcb78f08915f8/elements - {"using":"xpath","value":"//span[contains(@id ,\"actionsMenuButton-internalSplitBtn-arrowButton-img\")]"}
RESULT: {"using":"xpath","value":"//span[contains(@id ,\"actionsMenuButton-internalSplitBtn-arrowButton-img\")]"}
COMMAND: POST /session/e7e046f545b47c9805ddcb78f08915f8/elements - {"using":"xpath","value":"//span[contains(@id ,\"actionsMenuButton-internalSplitBtn-arrowButton-img\")]"}
RESULT: {"using":"xpath","value":"//span[contains(@id ,\"actionsMenuButton-internalSplitBtn-arrowButton-img\")]"}
COMMAND: POST /session/e7e046f545b47c9805ddcb78f08915f8/elements - {"using":"xpath","value":"//span[contains(@id ,\"actionsMenuButton-internalSplitBtn-arrowButton-img\")]"}
RESULT: {"using":"xpath","value":"//span[contains(@id ,\"actionsMenuButton-internalSplitBtn-arrowButton-img\")]"}
COMMAND: POST /session/e7e046f545b47c9805ddcb78f08915f8/elements - {"using":"xpath","value":"//span[contains(@id ,\"actionsMenuButton-internalSplitBtn-arrowButton-img\")]"}
RESULT: {"using":"xpath","value":"//span[contains(@id ,\"actionsMenuButton-internalSplitBtn-arrowButton-img\")]"}
COMMAND: POST /session/e7e046f545b47c9805ddcb78f08915f8/elements - {"using":"xpath","value":"//span[contains(@id ,\"actionsMenuButton-internalSplitBtn-arrowButton-img\")]"}
RESULT: {"using":"xpath","value":"//span[contains(@id ,\"actionsMenuButton-internalSplitBtn-arrowButton-img\")]"}
COMMAND: POST /session/e7e046f545b47c9805ddcb78f08915f8/elements - {"using":"xpath","value":"//span[contains(@id ,\"actionsMenuButton-internalSplitBtn-arrowButton-img\")]"}
RESULT: {"using":"xpath","value":"//span[contains(@id ,\"actionsMenuButton-internalSplitBtn-arrowButton-img\")]"}
COMMAND: POST /session/e7e046f545b47c9805ddcb78f08915f8/elements - {"using":"xpath","value":"//span[contains(@id ,\"actionsMenuButton-internalSplitBtn-arrowButton-img\")]"}
RESULT: {"using":"xpath","value":"//span[contains(@id ,\"actionsMenuButton-internalSplitBtn-arrowButton-img\")]"}
COMMAND: POST /session/e7e046f545b47c9805ddcb78f08915f8/elements - {"using":"xpath","value":"//span[contains(@id ,\"actionsMenuButton-internalSplitBtn-arrowButton-img\")]"}
RESULT: {"using":"xpath","value":"//span[contains(@id ,\"actionsMenuButton-internalSplitBtn-arrowButton-img\")]"}
COMMAND: POST /session/e7e046f545b47c9805ddcb78f08915f8/elements - {"using":"xpath","value":"//span[contains(@id ,\"actionsMenuButton-internalSplitBtn-arrowButton-img\")]"}
RESULT: {"using":"xpath","value":"//span[contains(@id ,\"actionsMenuButton-internalSplitBtn-arrowButton-img\")]"}
COMMAND: POST /session/e7e046f545b47c9805ddcb78f08915f8/elements - {"using":"xpath","value":"//span[contains(@id ,\"actionsMenuButton-internalSplitBtn-arrowButton-img\")]"}
RESULT: {"using":"xpath","value":"//span[contains(@id ,\"actionsMenuButton-internalSplitBtn-arrowButton-img\")]"}
COMMAND: POST /session/e7e046f545b47c9805ddcb78f08915f8/elements - {"using":"xpath","value":"//span[contains(@id ,\"actionsMenuButton-internalSplitBtn-arrowButton-img\")]"}
RESULT: {"using":"xpath","value":"//span[contains(@id ,\"actionsMenuButton-internalSplitBtn-arrowButton-img\")]"}
COMMAND: POST /session/e7e046f545b47c9805ddcb78f08915f8/elements - {"using":"xpath","value":"//span[contains(@id ,\"actionsMenuButton-internalSplitBtn-arrowButton-img\")]"}
RESULT: {"using":"xpath","value":"//span[contains(@id ,\"actionsMenuButton-internalSplitBtn-arrowButton-img\")]"}
COMMAND: POST /session/e7e046f545b47c9805ddcb78f08915f8/elements - {"using":"xpath","value":"//span[contains(@id ,\"actionsMenuButton-internalSplitBtn-arrowButton-img\")]"}
RESULT: {"using":"xpath","value":"//span[contains(@id ,\"actionsMenuButton-internalSplitBtn-arrowButton-img\")]"}
COMMAND: POST /session/e7e046f545b47c9805ddcb78f08915f8/elements - {"using":"xpath","value":"//span[contains(@id ,\"actionsMenuButton-internalSplitBtn-arrowButton-img\")]"}
RESULT: {"using":"xpath","value":"//span[contains(@id ,\"actionsMenuButton-internalSplitBtn-arrowButton-img\")]"}
COMMAND: POST /session/e7e046f545b47c9805ddcb78f08915f8/elements - {"using":"xpath","value":"//span[contains(@id ,\"actionsMenuButton-internalSplitBtn-arrowButton-img\")]"}
RESULT: {"using":"xpath","value":"//span[contains(@id ,\"actionsMenuButton-internalSplitBtn-arrowButton-img\")]"}
COMMAND: POST /session/e7e046f545b47c9805ddcb78f08915f8/elements - {"using":"xpath","value":"//span[contains(@id ,\"actionsMenuButton-internalSplitBtn-arrowButton-img\")]"}
RESULT: {"using":"xpath","value":"//span[contains(@id ,\"actionsMenuButton-internalSplitBtn-arrowButton-img\")]"}
COMMAND: POST /session/e7e046f545b47c9805ddcb78f08915f8/elements - {"using":"xpath","value":"//span[contains(@id ,\"actionsMenuButton-internalSplitBtn-arrowButton-img\")]"}
RESULT: {"using":"xpath","value":"//span[contains(@id ,\"actionsMenuButton-internalSplitBtn-arrowButton-img\")]"}
COMMAND: POST /session/e7e046f545b47c9805ddcb78f08915f8/elements - {"using":"xpath","value":"//span[contains(@id ,\"actionsMenuButton-internalSplitBtn-arrowButton-img\")]"}
RESULT: {"using":"xpath","value":"//span[contains(@id ,\"actionsMenuButton-internalSplitBtn-arrowButton-img\")]"}
COMMAND: POST /session/e7e046f545b47c9805ddcb78f08915f8/elements - {"using":"xpath","value":"//span[contains(@id ,\"actionsMenuButton-internalSplitBtn-arrowButton-img\")]"}
RESULT: {"using":"xpath","value":"//span[contains(@id ,\"actionsMenuButton-internalSplitBtn-arrowButton-img\")]"}
COMMAND: POST /session/e7e046f545b47c9805ddcb78f08915f8/elements - {"using":"xpath","value":"//span[contains(@id ,\"actionsMenuButton-internalSplitBtn-arrowButton-img\")]"}
RESULT: {"using":"xpath","value":"//span[contains(@id ,\"actionsMenuButton-internalSplitBtn-arrowButton-img\")]"}
COMMAND: POST /session/e7e046f545b47c9805ddcb78f08915f8/elements - {"using":"xpath","value":"//span[contains(@id ,\"actionsMenuButton-internalSplitBtn-arrowButton-img\")]"}
RESULT: {"using":"xpath","value":"//span[contains(@id ,\"actionsMenuButton-internalSplitBtn-arrowButton-img\")]"}
COMMAND: POST /session/e7e046f545b47c9805ddcb78f08915f8/elements - {"using":"xpath","value":"//span[contains(@id ,\"actionsMenuButton-internalSplitBtn-arrowButton-img\")]"}
RESULT: {"using":"xpath","value":"//span[contains(@id ,\"actionsMenuButton-internalSplitBtn-arrowButton-img\")]"}
COMMAND: POST /session/e7e046f545b47c9805ddcb78f08915f8/elements - {"using":"xpath","value":"//span[contains(@id ,\"actionsMenuButton-internalSplitBtn-arrowButton-img\")]"}
RESULT: {"using":"xpath","value":"//span[contains(@id ,\"actionsMenuButton-internalSplitBtn-arrowButton-img\")]"}
COMMAND: POST /session/e7e046f545b47c9805ddcb78f08915f8/elements - {"using":"xpath","value":"//span[contains(@id ,\"actionsMenuButton-internalSplitBtn-arrowButton-img\")]"}
RESULT: {"using":"xpath","value":"//span[contains(@id ,\"actionsMenuButton-internalSplitBtn-arrowButton-img\")]"}
COMMAND: POST /session/e7e046f545b47c9805ddcb78f08915f8/elements - {"using":"xpath","value":"//span[contains(@id ,\"actionsMenuButton-internalSplitBtn-arrowButton-img\")]"}
RESULT: {"using":"xpath","value":"//span[contains(@id ,\"actionsMenuButton-internalSplitBtn-arrowButton-img\")]"}
COMMAND: POST /session/e7e046f545b47c9805ddcb78f08915f8/elements - {"using":"xpath","value":"//span[contains(@id ,\"actionsMenuButton-internalSplitBtn-arrowButton-img\")]"}
RESULT: {"using":"xpath","value":"//span[contains(@id ,\"actionsMenuButton-internalSplitBtn-arrowButton-img\")]"}
COMMAND: POST /session/e7e046f545b47c9805ddcb78f08915f8/elements - {"using":"xpath","value":"//span[contains(@id ,\"actionsMenuButton-internalSplitBtn-arrowButton-img\")]"}
RESULT: {"using":"xpath","value":"//span[contains(@id ,\"actionsMenuButton-internalSplitBtn-arrowButton-img\")]"}
COMMAND: POST /session/e7e046f545b47c9805ddcb78f08915f8/elements - {"using":"xpath","value":"//span[contains(@id ,\"actionsMenuButton-internalSplitBtn-arrowButton-img\")]"}
RESULT: {"using":"xpath","value":"//span[contains(@id ,\"actionsMenuButton-internalSplitBtn-arrowButton-img\")]"}
COMMAND: POST /session/e7e046f545b47c9805ddcb78f08915f8/elements - {"using":"xpath","value":"//span[contains(@id ,\"actionsMenuButton-internalSplitBtn-arrowButton-img\")]"}
RESULT: {"using":"xpath","value":"//span[contains(@id ,\"actionsMenuButton-internalSplitBtn-arrowButton-img\")]"}
COMMAND: POST /session/e7e046f545b47c9805ddcb78f08915f8/elements - {"using":"xpath","value":"//span[contains(@id ,\"actionsMenuButton-internalSplitBtn-arrowButton-img\")]"}
RESULT: {"using":"xpath","value":"//span[contains(@id ,\"actionsMenuButton-internalSplitBtn-arrowButton-img\")]"}
COMMAND: POST /session/e7e046f545b47c9805ddcb78f08915f8/elements - {"using":"xpath","value":"//span[contains(@id ,\"actionsMenuButton-internalSplitBtn-arrowButton-img\")]"}
RESULT: {"using":"xpath","value":"//span[contains(@id ,\"actionsMenuButton-internalSplitBtn-arrowButton-img\")]"}
COMMAND: POST /session/e7e046f545b47c9805ddcb78f08915f8/elements - {"using":"xpath","value":"//span[contains(@id ,\"actionsMenuButton-internalSplitBtn-arrowButton-img\")]"}
RESULT: {"using":"xpath","value":"//span[contains(@id ,\"actionsMenuButton-internalSplitBtn-arrowButton-img\")]"}
COMMAND: POST /session/e7e046f545b47c9805ddcb78f08915f8/elements - {"using":"xpath","value":"//span[contains(@id ,\"actionsMenuButton-internalSplitBtn-arrowButton-img\")]"}
RESULT: {"using":"xpath","value":"//span[contains(@id ,\"actionsMenuButton-internalSplitBtn-arrowButton-img\")]"}
COMMAND: POST /session/e7e046f545b47c9805ddcb78f08915f8/elements - {"using":"xpath","value":"//span[contains(@id ,\"actionsMenuButton-internalSplitBtn-arrowButton-img\")]"}
RESULT: {"using":"xpath","value":"//span[contains(@id ,\"actionsMenuButton-internalSplitBtn-arrowButton-img\")]"}
COMMAND: POST /session/e7e046f545b47c9805ddcb78f08915f8/elements - {"using":"xpath","value":"//span[contains(@id ,\"actionsMenuButton-internalSplitBtn-arrowButton-img\")]"}
RESULT: {"using":"xpath","value":"//span[contains(@id ,\"actionsMenuButton-internalSplitBtn-arrowButton-img\")]"}
COMMAND: POST /session/e7e046f545b47c9805ddcb78f08915f8/elements - {"using":"xpath","value":"//span[contains(@id ,\"actionsMenuButton-internalSplitBtn-arrowButton-img\")]"}
RESULT: {"using":"xpath","value":"//span[contains(@id ,\"actionsMenuButton-internalSplitBtn-arrowButton-img\")]"}
COMMAND: POST /session/e7e046f545b47c9805ddcb78f08915f8/elements - {"using":"xpath","value":"//span[contains(@id ,\"actionsMenuButton-internalSplitBtn-arrowButton-img\")]"}
RESULT: {"using":"xpath","value":"//span[contains(@id ,\"actionsMenuButton-internalSplitBtn-arrowButton-img\")]"}
COMMAND: POST /session/e7e046f545b47c9805ddcb78f08915f8/elements - {"using":"xpath","value":"//span[contains(@id ,\"actionsMenuButton-internalSplitBtn-arrowButton-img\")]"}
RESULT: {"using":"xpath","value":"//span[contains(@id ,\"actionsMenuButton-internalSplitBtn-arrowButton-img\")]"}
COMMAND: POST /session/e7e046f545b47c9805ddcb78f08915f8/elements - {"using":"xpath","value":"//span[contains(@id ,\"actionsMenuButton-internalSplitBtn-arrowButton-img\")]"}
RESULT: {"using":"xpath","value":"//span[contains(@id ,\"actionsMenuButton-internalSplitBtn-arrowButton-img\")]"}
COMMAND: POST /session/e7e046f545b47c9805ddcb78f08915f8/elements - {"using":"xpath","value":"//span[contains(@id ,\"actionsMenuButton-internalSplitBtn-arrowButton-img\")]"}
RESULT: {"using":"xpath","value":"//span[contains(@id ,\"actionsMenuButton-internalSplitBtn-arrowButton-img\")]"}
COMMAND: POST /session/e7e046f545b47c9805ddcb78f08915f8/elements - {"using":"xpath","value":"//span[contains(@id ,\"actionsMenuButton-internalSplitBtn-arrowButton-img\")]"}
RESULT: {"using":"xpath","value":"//span[contains(@id ,\"actionsMenuButton-internalSplitBtn-arrowButton-img\")]"}
COMMAND: POST /session/e7e046f545b47c9805ddcb78f08915f8/elements - {"using":"xpath","value":"//span[contains(@id ,\"actionsMenuButton-internalSplitBtn-arrowButton-img\")]"}
RESULT: {"using":"xpath","value":"//span[contains(@id ,\"actionsMenuButton-internalSplitBtn-arrowButton-img\")]"}
COMMAND: POST /session/e7e046f545b47c9805ddcb78f08915f8/elements - {"using":"xpath","value":"//span[contains(@id ,\"actionsMenuButton-internalSplitBtn-arrowButton-img\")]"}
RESULT: {"using":"xpath","value":"//span[contains(@id ,\"actionsMenuButton-internalSplitBtn-arrowButton-img\")]"}
COMMAND: POST /session/e7e046f545b47c9805ddcb78f08915f8/elements - {"using":"xpath","value":"//span[contains(@id ,\"actionsMenuButton-internalSplitBtn-arrowButton-img\")]"}
RESULT: {"using":"xpath","value":"//span[contains(@id ,\"actionsMenuButton-internalSplitBtn-arrowButton-img\")]"}
COMMAND: POST /session/e7e046f545b47c9805ddcb78f08915f8/elements - {"using":"xpath","value":"//span[contains(@id ,\"actionsMenuButton-internalSplitBtn-arrowButton-img\")]"}
RESULT: {"using":"xpath","value":"//span[contains(@id ,\"actionsMenuButton-internalSplitBtn-arrowButton-img\")]"}
COMMAND: POST /session/e7e046f545b47c9805ddcb78f08915f8/elements - {"using":"xpath","value":"//span[contains(@id ,\"actionsMenuButton-internalSplitBtn-arrowButton-img\")]"}
RESULT: {"using":"xpath","value":"//span[contains(@id ,\"actionsMenuButton-internalSplitBtn-arrowButton-img\")]"}
COMMAND: POST /session/e7e046f545b47c9805ddcb78f08915f8/elements - {"using":"xpath","value":"//span[contains(@id ,\"actionsMenuButton-internalSplitBtn-arrowButton-img\")]"}
RESULT: {"using":"xpath","value":"//span[contains(@id ,\"actionsMenuButton-internalSplitBtn-arrowButton-img\")]"}
COMMAND: POST /session/e7e046f545b47c9805ddcb78f08915f8/elements - {"using":"xpath","value":"//span[contains(@id ,\"actionsMenuButton-internalSplitBtn-arrowButton-img\")]"}
RESULT: {"using":"xpath","value":"//span[contains(@id ,\"actionsMenuButton-internalSplitBtn-arrowButton-img\")]"}
COMMAND: POST /session/e7e046f545b47c9805ddcb78f08915f8/elements - {"using":"xpath","value":"//span[contains(@id ,\"actionsMenuButton-internalSplitBtn-arrowButton-img\")]"}
RESULT: {"using":"xpath","value":"//span[contains(@id ,\"actionsMenuButton-internalSplitBtn-arrowButton-img\")]"}
COMMAND: POST /session/e7e046f545b47c9805ddcb78f08915f8/elements - {"using":"xpath","value":"//span[contains(@id ,\"actionsMenuButton-internalSplitBtn-arrowButton-img\")]"}
RESULT: {"using":"xpath","value":"//span[contains(@id ,\"actionsMenuButton-internalSplitBtn-arrowButton-img\")]"}
COMMAND: POST /session/e7e046f545b47c9805ddcb78f08915f8/elements - {"using":"xpath","value":"//span[contains(@id ,\"actionsMenuButton-internalSplitBtn-arrowButton-img\")]"}
RESULT: {"using":"xpath","value":"//span[contains(@id ,\"actionsMenuButton-internalSplitBtn-arrowButton-img\")]"}
COMMAND: POST /session/e7e046f545b47c9805ddcb78f08915f8/elements - {"using":"xpath","value":"//span[contains(@id ,\"actionsMenuButton-internalSplitBtn-arrowButton-img\")]"}
RESULT: {"using":"xpath","value":"//span[contains(@id ,\"actionsMenuButton-internalSplitBtn-arrowButton-img\")]"}
COMMAND: POST /session/e7e046f545b47c9805ddcb78f08915f8/elements - {"using":"xpath","value":"//span[contains(@id ,\"actionsMenuButton-internalSplitBtn-arrowButton-img\")]"}
RESULT: {"using":"xpath","value":"//span[contains(@id ,\"actionsMenuButton-internalSplitBtn-arrowButton-img\")]"}
COMMAND: POST /session/e7e046f545b47c9805ddcb78f08915f8/elements - {"using":"xpath","value":"//span[contains(@id ,\"actionsMenuButton-internalSplitBtn-arrowButton-img\")]"}
RESULT: {"using":"xpath","value":"//span[contains(@id ,\"actionsMenuButton-internalSplitBtn-arrowButton-img\")]"}
COMMAND: POST /session/e7e046f545b47c9805ddcb78f08915f8/elements - {"using":"xpath","value":"//span[contains(@id ,\"actionsMenuButton-internalSplitBtn-arrowButton-img\")]"}
RESULT: {"using":"xpath","value":"//span[contains(@id ,\"actionsMenuButton-internalSplitBtn-arrowButton-img\")]"}
COMMAND: POST /session/e7e046f545b47c9805ddcb78f08915f8/elements - {"using":"xpath","value":"//span[contains(@id ,\"actionsMenuButton-internalSplitBtn-arrowButton-img\")]"}
RESULT: {"using":"xpath","value":"//span[contains(@id ,\"actionsMenuButton-internalSplitBtn-arrowButton-img\")]"}
COMMAND: POST /session/e7e046f545b47c9805ddcb78f08915f8/elements - {"using":"xpath","value":"//span[contains(@id ,\"actionsMenuButton-internalSplitBtn-arrowButton-img\")]"}
RESULT: {"using":"xpath","value":"//span[contains(@id ,\"actionsMenuButton-internalSplitBtn-arrowButton-img\")]"}
COMMAND: POST /session/e7e046f545b47c9805ddcb78f08915f8/elements - {"using":"xpath","value":"//span[contains(@id ,\"actionsMenuButton-internalSplitBtn-arrowButton-img\")]"}
RESULT: {"using":"xpath","value":"//span[contains(@id ,\"actionsMenuButton-internalSplitBtn-arrowButton-img\")]"}
COMMAND: POST /session/e7e046f545b47c9805ddcb78f08915f8/elements - {"using":"xpath","value":"//span[contains(@id ,\"actionsMenuButton-internalSplitBtn-arrowButton-img\")]"}
RESULT: {"using":"xpath","value":"//span[contains(@id ,\"actionsMenuButton-internalSplitBtn-arrowButton-img\")]"}
COMMAND: POST /session/e7e046f545b47c9805ddcb78f08915f8/elements - {"using":"xpath","value":"//span[contains(@id ,\"actionsMenuButton-internalSplitBtn-arrowButton-img\")]"}
RESULT: {"using":"xpath","value":"//span[contains(@id ,\"actionsMenuButton-internalSplitBtn-arrowButton-img\")]"}
COMMAND: POST /session/e7e046f545b47c9805ddcb78f08915f8/elements - {"using":"xpath","value":"//span[contains(@id ,\"actionsMenuButton-internalSplitBtn-arrowButton-img\")]"}
RESULT: {"using":"xpath","value":"//span[contains(@id ,\"actionsMenuButton-internalSplitBtn-arrowButton-img\")]"}
COMMAND: POST /session/e7e046f545b47c9805ddcb78f08915f8/elements - {"using":"xpath","value":"//span[contains(@id ,\"actionsMenuButton-internalSplitBtn-arrowButton-img\")]"}
COMMAND: GET /session/e7e046f545b47c9805ddcb78f08915f8/screenshot - {}
RESULT: {"using":"xpath","value":"//span[contains(@id ,\"actionsMenuButton-internalSplitBtn-arrowButton-img\")]"}
RESULT: {}
]]></system-out>
      <system-err><![CDATA[
Error: Can't call click on element with selector "//span[contains(@id ,"actionsMenuButton-internalSplitBtn-arrowButton-img")]" because element wasn't found
    at async Context.<anonymous> (D:\a\1\s\test\specs\R2C\process-request-items-into-new-quotation.spec.js:458:9)
]]></system-err>
    </testcase>
    <testcase classname="chrome.136_0_7103_93.windows.Process_request_items_into_new_quotation_US120163" name="Should navigate back to the request and check the request and item statuses" time="35.061">
      <failure/>
      <error message="expect(received).toEqual(expected) // deep equality&#xA;&#xA;Expected: &quot;proposed&quot;&#xA;Received: &quot;created&quot;"/>
      <system-out><![CDATA[
COMMAND: POST /session/e7e046f545b47c9805ddcb78f08915f8/refresh - {}
COMMAND: GET /session/e7e046f545b47c9805ddcb78f08915f8/screenshot - {}
RESULT: {}
COMMAND: GET /session/e7e046f545b47c9805ddcb78f08915f8/screenshot - {}
RESULT: {}
RESULT: {}
COMMAND: POST /session/e7e046f545b47c9805ddcb78f08915f8/execute/async - {"script":"<script> [189 bytes]","args":[]}
RESULT: {"script":"<script> [189 bytes]","args":[]}
COMMAND: POST /session/e7e046f545b47c9805ddcb78f08915f8/execute/async - {"script":"<script> [123 bytes]","args":[]}
RESULT: {"script":"<script> [123 bytes]","args":[]}
COMMAND: POST /session/e7e046f545b47c9805ddcb78f08915f8/timeouts - {"script":"<number>"}
RESULT: {"script":"<number>"}
COMMAND: GET /session/e7e046f545b47c9805ddcb78f08915f8/timeouts - {}
RESULT: {}
RESULT: undefined
COMMAND: POST /session/e7e046f545b47c9805ddcb78f08915f8/execute/async - {"script":"<script> [2676 bytes]","args":[]}
RESULT: {"script":"<script> [2676 bytes]","args":[]}
COMMAND: POST /session/e7e046f545b47c9805ddcb78f08915f8/execute/async - {"script":"<script> [2342 bytes]","args":[{"protocol":"http","hostname":"0.0.0.0","path":"/","capabilities":{"browserName":"chrome","goog:chromeOptions":{"binary":"C:\\Program Files\\Google\\Chrome\\Application\\chrome.exe","args":["--start-maximized"]}},"logLevel":"warn","connectionRetryTimeout":120000,"connectionRetryCount":3,"logLevels":{},"enableDirectConnect":true,"strictSSL":true,"_":"65 more keys: [\"cacheDir\",\"port\",\"requestedCapabilities\",\"automationProtocol\",\"baseUrl\",\"waitforInterval\",\"waitforTimeout\",\"onReload\",\"beforeCommand\",\"afterCommand\",\"rootDir\",\"specs\",\"suites\",\"exclude\",\"groupLogsByTestSpec\",\"excludeDriverLogs\",\"bail\",\"framework\",\"reporters\",\"services\",\"maxInstances\",\"maxInstancesPerCapability\",\"injectGlobals\",\"filesToWatch\",\"execArgv\",\"runnerEnv\",\"runner\",\"shard\",\"specFileRetries\",\"specFileRetriesDelay\",\"specFileRetriesDeferred\",\"reporterSyncInterval\",\"reporterSyncTimeout\",\"cucumberFeaturesWithLineNumbers\",\"autoCompileOpts\",\"mochaOpts\",\"jasmineOpts\",\"cucumberOpts\",\"onPrepare\",\"onWorkerStart\",\"onWorkerEnd\",\"before\",\"beforeSession\",\"beforeSuite\",\"beforeHook\",\"beforeTest\",\"afterTest\",\"afterHook\",\"afterSuite\",\"afterSession\",\"after\",\"onComplete\",\"beforeAssertion\",\"afterAssertion\",\"beforeFeature\",\"beforeScenario\",\"beforeStep\",\"afterStep\",\"afterScenario\",\"afterFeature\",\"_\",\"suite\",\"$0\",\"ignoredWorkerServices\",\"wdi5\"]"}]}
RESULT: {"script":"<script> [2342 bytes]","args":[{"protocol":"http","hostname":"0.0.0.0","path":"/","capabilities":{"browserName":"chrome","goog:chromeOptions":{"binary":"C:\\Program Files\\Google\\Chrome\\Application\\chrome.exe","args":["--start-maximized"]}},"logLevel":"warn","connectionRetryTimeout":120000,"connectionRetryCount":3,"logLevels":{},"enableDirectConnect":true,"strictSSL":true,"_":"65 more keys: [\"cacheDir\",\"port\",\"requestedCapabilities\",\"automationProtocol\",\"baseUrl\",\"waitforInterval\",\"waitforTimeout\",\"onReload\",\"beforeCommand\",\"afterCommand\",\"rootDir\",\"specs\",\"suites\",\"exclude\",\"groupLogsByTestSpec\",\"excludeDriverLogs\",\"bail\",\"framework\",\"reporters\",\"services\",\"maxInstances\",\"maxInstancesPerCapability\",\"injectGlobals\",\"filesToWatch\",\"execArgv\",\"runnerEnv\",\"runner\",\"shard\",\"specFileRetries\",\"specFileRetriesDelay\",\"specFileRetriesDeferred\",\"reporterSyncInterval\",\"reporterSyncTimeout\",\"cucumberFeaturesWithLineNumbers\",\"autoCompileOpts\",\"mochaOpts\",\"jasmineOpts\",\"cucumberOpts\",\"onPrepare\",\"onWorkerStart\",\"onWorkerEnd\",\"before\",\"beforeSession\",\"beforeSuite\",\"beforeHook\",\"beforeTest\",\"afterTest\",\"afterHook\",\"afterSuite\",\"afterSession\",\"after\",\"onComplete\",\"beforeAssertion\",\"afterAssertion\",\"beforeFeature\",\"beforeScenario\",\"beforeStep\",\"afterStep\",\"afterScenario\",\"afterFeature\",\"_\",\"suite\",\"$0\",\"ignoredWorkerServices\",\"wdi5\"]"}]}
COMMAND: POST /session/e7e046f545b47c9805ddcb78f08915f8/execute/async - {"script":"<script> [21126 bytes]","args":[35000]}
RESULT: {"script":"<script> [21126 bytes]","args":[35000]}
COMMAND: POST /session/e7e046f545b47c9805ddcb78f08915f8/execute/async - {"script":"<script> [1562 bytes]","args":[{"selector":{"controlType":"sap.m.Text","viewName":"etm.portal.ui.managerequests.view.Detail","bindingPath":{"path":"/SmartRequestItemsPlanningBoard(ITEM=10m,REQUEST='20182')","propertyPath":"STATUS_DESC"}},"wdio_ui5_key":"etmportal.ui.managerequests.view.Detailsap.m.Text{\"path\":\"/SmartRequestItemsPlanningBoard(ITEM=10m,REQUEST='20182')\",\"propertyPath\":\"STATUS_DESC\"}"}]}
RESULT: {"script":"<script> [1562 bytes]","args":[{"selector":{"controlType":"sap.m.Text","viewName":"etm.portal.ui.managerequests.view.Detail","bindingPath":{"path":"/SmartRequestItemsPlanningBoard(ITEM=10m,REQUEST='20182')","propertyPath":"STATUS_DESC"}},"wdio_ui5_key":"etmportal.ui.managerequests.view.Detailsap.m.Text{\"path\":\"/SmartRequestItemsPlanningBoard(ITEM=10m,REQUEST='20182')\",\"propertyPath\":\"STATUS_DESC\"}"}]}
RESULT: undefined
COMMAND: POST /session/e7e046f545b47c9805ddcb78f08915f8/execute/async - {"script":"<script> [6424 bytes]","args":[{"element-6066-11e4-a52e-4f735466cecf":"f.0B5413DFD1C3A3AA7B72F051E5DEC85E.d.4BFCD5D6933DE427A2812AD69DFE08E4.e.12398"},"getText",[]]}
RESULT: {"script":"<script> [6424 bytes]","args":[{"element-6066-11e4-a52e-4f735466cecf":"f.0B5413DFD1C3A3AA7B72F051E5DEC85E.d.4BFCD5D6933DE427A2812AD69DFE08E4.e.12398"},"getText",[]]}
COMMAND: GET /session/e7e046f545b47c9805ddcb78f08915f8/screenshot - {}
RESULT: {}
COMMAND: GET /session/e7e046f545b47c9805ddcb78f08915f8/screenshot - {}
COMMAND: GET /session/e7e046f545b47c9805ddcb78f08915f8/screenshot - {}
RESULT: {}
RESULT: {}
COMMAND: DELETE /session/e7e046f545b47c9805ddcb78f08915f8 - {}
RESULT: {}
]]></system-out>
      <system-err><![CDATA[
Error: expect(received).toEqual(expected) // deep equality

Expected: "proposed"
Received: "created"
    at Context.<anonymous> (D:\a\1\s\test\specs\R2C\process-request-items-into-new-quotation.spec.js:542:31)
]]></system-err>
    </testcase>
  </testsuite>
</testsuites>