<?xml version="1.0" encoding="UTF-8"?>
<testsuites tests="17" failures="1" errors="1" skipped="0">
  <testsuite timestamp="2025-05-28T17:34:13" time="2082.859" tests="13" failures="0" errors="0" skipped="0">
    <properties>
      <property name="specId" value="0"/>
      <property name="suiteName" value="Partner specific tests US150819 US151080 US151654 US151176 US103444 US151078 US151079 US151109 US151174 US151175 US151189"/>
      <property name="capabilities" value="chrome.136_0_7103_93.windows"/>
      <property name="file" value="file:///D:/a/1/s/test/specs/BTS/manage-partners.spec.js"/>
    </properties>
    <testcase classname="chrome.136_0_7103_93.windows.Partner_specific_tests_US150819_US151080_US151654_US151176_US103444_US151078_US151079_US151109_US151174_US151175_US151189" name="Should create a new yard prerequisite" time="142.782">
      <system-out><![CDATA[
COMMAND: POST /session/e537112f6f31df0d8590d52383dd5938/window/fullscreen - {}
RESULT: {}
COMMAND: POST /session/e537112f6f31df0d8590d52383dd5938/element - {"using":"xpath","value":"//li[.//span[text()=\"Manage Partners\"]]"}
RESULT: {"using":"xpath","value":"//li[.//span[text()=\"Manage Partners\"]]"}
COMMAND: POST /session/e537112f6f31df0d8590d52383dd5938/element - {"using":"xpath","value":"//li[.//span[text()=\"Manage Partners\"]]"}
RESULT: {"using":"xpath","value":"//li[.//span[text()=\"Manage Partners\"]]"}
COMMAND: POST /session/e537112f6f31df0d8590d52383dd5938/element - {"using":"css selector","value":"#shell-header-logo"}
RESULT: {"using":"css selector","value":"#shell-header-logo"}
COMMAND: POST /session/e537112f6f31df0d8590d52383dd5938/element/f.3D8655DB7C018FB3B3311B2BCD0F0E61.d.4AB1054A5B74B12608ECCC02AB9E72A5.e.236/click - {}
COMMAND: POST /session/e537112f6f31df0d8590d52383dd5938/execute/sync - {"script":"<script> [8489 bytes]","args":[{"element-6066-11e4-a52e-4f735466cecf":"f.3D8655DB7C018FB3B3311B2BCD0F0E61.d.4AB1054A5B74B12608ECCC02AB9E72A5.e.236","ELEMENT":"f.3D8655DB7C018FB3B3311B2BCD0F0E61.d.4AB1054A5B74B12608ECCC02AB9E72A5.e.236"}]}
RESULT: {}
COMMAND: GET /session/e537112f6f31df0d8590d52383dd5938/screenshot - {}
RESULT: {"script":"<script> [8489 bytes]","args":[{"element-6066-11e4-a52e-4f735466cecf":"f.3D8655DB7C018FB3B3311B2BCD0F0E61.d.4AB1054A5B74B12608ECCC02AB9E72A5.e.236","ELEMENT":"f.3D8655DB7C018FB3B3311B2BCD0F0E61.d.4AB1054A5B74B12608ECCC02AB9E72A5.e.236"}]}
COMMAND: POST /session/e537112f6f31df0d8590d52383dd5938/execute/sync - {"script":"<script> [5351 bytes]","args":[{"element-6066-11e4-a52e-4f735466cecf":"f.3D8655DB7C018FB3B3311B2BCD0F0E61.d.4AB1054A5B74B12608ECCC02AB9E72A5.e.236","ELEMENT":"f.3D8655DB7C018FB3B3311B2BCD0F0E61.d.4AB1054A5B74B12608ECCC02AB9E72A5.e.236"}]}
COMMAND: GET /session/e537112f6f31df0d8590d52383dd5938/screenshot - {}
RESULT: {}
RESULT: {"script":"<script> [5351 bytes]","args":[{"element-6066-11e4-a52e-4f735466cecf":"f.3D8655DB7C018FB3B3311B2BCD0F0E61.d.4AB1054A5B74B12608ECCC02AB9E72A5.e.236","ELEMENT":"f.3D8655DB7C018FB3B3311B2BCD0F0E61.d.4AB1054A5B74B12608ECCC02AB9E72A5.e.236"}]}
COMMAND: GET /session/e537112f6f31df0d8590d52383dd5938/screenshot - {}
RESULT: {}
RESULT: {}
COMMAND: POST /session/e537112f6f31df0d8590d52383dd5938/execute/async - {"script":"<script> [1562 bytes]","args":[{"selector":{"controlType":"sap.m.GenericTile","properties":{"header":"Manage Yards"}},"wdio_ui5_key":"sapm.GenericTile{\"header\":\"Manage Yards\"}"}]}
RESULT: {"script":"<script> [1562 bytes]","args":[{"selector":{"controlType":"sap.m.GenericTile","properties":{"header":"Manage Yards"}},"wdio_ui5_key":"sapm.GenericTile{\"header\":\"Manage Yards\"}"}]}
RESULT: undefined
COMMAND: POST /session/e537112f6f31df0d8590d52383dd5938/element - {"using":"xpath","value":"//*[@id=\"__tile41\"]"}
RESULT: {"using":"xpath","value":"//*[@id=\"__tile41\"]"}
COMMAND: POST /session/e537112f6f31df0d8590d52383dd5938/element/f.3D8655DB7C018FB3B3311B2BCD0F0E61.d.4AB1054A5B74B12608ECCC02AB9E72A5.e.151/click - {}
RESULT: {}
COMMAND: GET /session/e537112f6f31df0d8590d52383dd5938/screenshot - {}
RESULT: {}
COMMAND: POST /session/e537112f6f31df0d8590d52383dd5938/elements - {"using":"xpath","value":"//span[text()='Error']"}
RESULT: {"using":"xpath","value":"//span[text()='Error']"}
COMMAND: POST /session/e537112f6f31df0d8590d52383dd5938/element - {"using":"xpath","value":"//button[@data-kt=\"addNewYardOverflowToolbarButton\"]"}
RESULT: {"using":"xpath","value":"//button[@data-kt=\"addNewYardOverflowToolbarButton\"]"}
COMMAND: POST /session/e537112f6f31df0d8590d52383dd5938/elements - {"using":"xpath","value":"//button[@data-kt=\"addNewYardOverflowToolbarButton\"]"}
RESULT: {"using":"xpath","value":"//button[@data-kt=\"addNewYardOverflowToolbarButton\"]"}
COMMAND: POST /session/e537112f6f31df0d8590d52383dd5938/elements - {"using":"xpath","value":"//button[@data-kt=\"addNewYardOverflowToolbarButton\"]"}
RESULT: {"using":"xpath","value":"//button[@data-kt=\"addNewYardOverflowToolbarButton\"]"}
COMMAND: POST /session/e537112f6f31df0d8590d52383dd5938/elements - {"using":"xpath","value":"//button[@data-kt=\"addNewYardOverflowToolbarButton\"]"}
RESULT: {"using":"xpath","value":"//button[@data-kt=\"addNewYardOverflowToolbarButton\"]"}
COMMAND: POST /session/e537112f6f31df0d8590d52383dd5938/elements - {"using":"xpath","value":"//button[@data-kt=\"addNewYardOverflowToolbarButton\"]"}
RESULT: {"using":"xpath","value":"//button[@data-kt=\"addNewYardOverflowToolbarButton\"]"}
COMMAND: POST /session/e537112f6f31df0d8590d52383dd5938/elements - {"using":"xpath","value":"//button[@data-kt=\"addNewYardOverflowToolbarButton\"]"}
RESULT: {"using":"xpath","value":"//button[@data-kt=\"addNewYardOverflowToolbarButton\"]"}
COMMAND: POST /session/e537112f6f31df0d8590d52383dd5938/elements - {"using":"xpath","value":"//button[@data-kt=\"addNewYardOverflowToolbarButton\"]"}
RESULT: {"using":"xpath","value":"//button[@data-kt=\"addNewYardOverflowToolbarButton\"]"}
COMMAND: POST /session/e537112f6f31df0d8590d52383dd5938/elements - {"using":"xpath","value":"//button[@data-kt=\"addNewYardOverflowToolbarButton\"]"}
RESULT: {"using":"xpath","value":"//button[@data-kt=\"addNewYardOverflowToolbarButton\"]"}
COMMAND: POST /session/e537112f6f31df0d8590d52383dd5938/elements - {"using":"xpath","value":"//button[@data-kt=\"addNewYardOverflowToolbarButton\"]"}
RESULT: {"using":"xpath","value":"//button[@data-kt=\"addNewYardOverflowToolbarButton\"]"}
COMMAND: POST /session/e537112f6f31df0d8590d52383dd5938/elements - {"using":"xpath","value":"//button[@data-kt=\"addNewYardOverflowToolbarButton\"]"}
RESULT: {"using":"xpath","value":"//button[@data-kt=\"addNewYardOverflowToolbarButton\"]"}
COMMAND: POST /session/e537112f6f31df0d8590d52383dd5938/elements - {"using":"xpath","value":"//button[@data-kt=\"addNewYardOverflowToolbarButton\"]"}
RESULT: {"using":"xpath","value":"//button[@data-kt=\"addNewYardOverflowToolbarButton\"]"}
COMMAND: POST /session/e537112f6f31df0d8590d52383dd5938/elements - {"using":"xpath","value":"//button[@data-kt=\"addNewYardOverflowToolbarButton\"]"}
RESULT: {"using":"xpath","value":"//button[@data-kt=\"addNewYardOverflowToolbarButton\"]"}
COMMAND: POST /session/e537112f6f31df0d8590d52383dd5938/elements - {"using":"xpath","value":"//button[@data-kt=\"addNewYardOverflowToolbarButton\"]"}
RESULT: {"using":"xpath","value":"//button[@data-kt=\"addNewYardOverflowToolbarButton\"]"}
COMMAND: POST /session/e537112f6f31df0d8590d52383dd5938/elements - {"using":"xpath","value":"//button[@data-kt=\"addNewYardOverflowToolbarButton\"]"}
RESULT: {"using":"xpath","value":"//button[@data-kt=\"addNewYardOverflowToolbarButton\"]"}
COMMAND: POST /session/e537112f6f31df0d8590d52383dd5938/element - {"using":"xpath","value":"//button[@data-kt=\"addNewYardOverflowToolbarButton\"]"}
RESULT: {"using":"xpath","value":"//button[@data-kt=\"addNewYardOverflowToolbarButton\"]"}
COMMAND: POST /session/e537112f6f31df0d8590d52383dd5938/execute/sync - {"script":"<script> [8489 bytes]","args":[{"element-6066-11e4-a52e-4f735466cecf":"f.3D8655DB7C018FB3B3311B2BCD0F0E61.d.4AB1054A5B74B12608ECCC02AB9E72A5.e.269","ELEMENT":"f.3D8655DB7C018FB3B3311B2BCD0F0E61.d.4AB1054A5B74B12608ECCC02AB9E72A5.e.269"}]}
RESULT: {"script":"<script> [8489 bytes]","args":[{"element-6066-11e4-a52e-4f735466cecf":"f.3D8655DB7C018FB3B3311B2BCD0F0E61.d.4AB1054A5B74B12608ECCC02AB9E72A5.e.269","ELEMENT":"f.3D8655DB7C018FB3B3311B2BCD0F0E61.d.4AB1054A5B74B12608ECCC02AB9E72A5.e.269"}]}
COMMAND: GET /session/e537112f6f31df0d8590d52383dd5938/element/f.3D8655DB7C018FB3B3311B2BCD0F0E61.d.4AB1054A5B74B12608ECCC02AB9E72A5.e.269/enabled - {}
COMMAND: GET /session/e537112f6f31df0d8590d52383dd5938/screenshot - {}
RESULT: {}
COMMAND: POST /session/e537112f6f31df0d8590d52383dd5938/execute/sync - {"script":"<script> [8489 bytes]","args":[{"element-6066-11e4-a52e-4f735466cecf":"f.3D8655DB7C018FB3B3311B2BCD0F0E61.d.4AB1054A5B74B12608ECCC02AB9E72A5.e.269","ELEMENT":"f.3D8655DB7C018FB3B3311B2BCD0F0E61.d.4AB1054A5B74B12608ECCC02AB9E72A5.e.269"}]}
COMMAND: GET /session/e537112f6f31df0d8590d52383dd5938/screenshot - {}
RESULT: {}
RESULT: {"script":"<script> [8489 bytes]","args":[{"element-6066-11e4-a52e-4f735466cecf":"f.3D8655DB7C018FB3B3311B2BCD0F0E61.d.4AB1054A5B74B12608ECCC02AB9E72A5.e.269","ELEMENT":"f.3D8655DB7C018FB3B3311B2BCD0F0E61.d.4AB1054A5B74B12608ECCC02AB9E72A5.e.269"}]}
COMMAND: POST /session/e537112f6f31df0d8590d52383dd5938/execute/sync - {"script":"<script> [5351 bytes]","args":[{"element-6066-11e4-a52e-4f735466cecf":"f.3D8655DB7C018FB3B3311B2BCD0F0E61.d.4AB1054A5B74B12608ECCC02AB9E72A5.e.269","ELEMENT":"f.3D8655DB7C018FB3B3311B2BCD0F0E61.d.4AB1054A5B74B12608ECCC02AB9E72A5.e.269"}]}
COMMAND: GET /session/e537112f6f31df0d8590d52383dd5938/screenshot - {}
RESULT: {}
RESULT: {"script":"<script> [5351 bytes]","args":[{"element-6066-11e4-a52e-4f735466cecf":"f.3D8655DB7C018FB3B3311B2BCD0F0E61.d.4AB1054A5B74B12608ECCC02AB9E72A5.e.269","ELEMENT":"f.3D8655DB7C018FB3B3311B2BCD0F0E61.d.4AB1054A5B74B12608ECCC02AB9E72A5.e.269"}]}
COMMAND: POST /session/e537112f6f31df0d8590d52383dd5938/element/f.3D8655DB7C018FB3B3311B2BCD0F0E61.d.4AB1054A5B74B12608ECCC02AB9E72A5.e.269/click - {}
COMMAND: GET /session/e537112f6f31df0d8590d52383dd5938/screenshot - {}
RESULT: {}
RESULT: {}
COMMAND: GET /session/e537112f6f31df0d8590d52383dd5938/screenshot - {}
COMMAND: POST /session/e537112f6f31df0d8590d52383dd5938/element - {"using":"xpath","value":"//input[@id=\"application-manageyards-display-component---NewYard--yardId-inner\"]"}
RESULT: {}
RESULT: {}
RESULT: {"using":"xpath","value":"//input[@id=\"application-manageyards-display-component---NewYard--yardId-inner\"]"}
COMMAND: POST /session/e537112f6f31df0d8590d52383dd5938/element - {"using":"xpath","value":"//input[@id=\"application-manageyards-display-component---NewYard--yardId-inner\"]"}
RESULT: {"using":"xpath","value":"//input[@id=\"application-manageyards-display-component---NewYard--yardId-inner\"]"}
COMMAND: POST /session/e537112f6f31df0d8590d52383dd5938/execute/async - {"script":"<script> [1562 bytes]","args":[{"selector":{"id":"application-manageyards-display-component---NewYard--addressDetailDetailsName1","interaction":{"idSuffix":"inner"}},"wdio_ui5_key":"applicationmanageyards-display-component---NewYard--addressDetailDetailsName1"}]}
RESULT: {"script":"<script> [1562 bytes]","args":[{"selector":{"id":"application-manageyards-display-component---NewYard--addressDetailDetailsName1","interaction":{"idSuffix":"inner"}},"wdio_ui5_key":"applicationmanageyards-display-component---NewYard--addressDetailDetailsName1"}]}
RESULT: undefined
COMMAND: POST /session/e537112f6f31df0d8590d52383dd5938/execute/async - {"script":"<script> [776 bytes]","args":[{"enterText":"Intracompany Yard wdIO","selector":{"id":"application-manageyards-display-component---NewYard--addressDetailDetailsName1","interaction":{"idSuffix":"inner"}},"clearTextFirst":true,"interactionType":"ENTER_TEXT"}]}
RESULT: {"script":"<script> [776 bytes]","args":[{"enterText":"Intracompany Yard wdIO","selector":{"id":"application-manageyards-display-component---NewYard--addressDetailDetailsName1","interaction":{"idSuffix":"inner"}},"clearTextFirst":true,"interactionType":"ENTER_TEXT"}]}
COMMAND: POST /session/e537112f6f31df0d8590d52383dd5938/execute/async - {"script":"<script> [1562 bytes]","args":[{"selector":{"id":"application-manageyards-display-component---NewYard--addressDetailDetailsLanguage-arrow"},"wdio_ui5_key":"applicationmanageyards-display-component---NewYard--addressDetailDetailsLanguage-arrow"}]}
RESULT: {"script":"<script> [1562 bytes]","args":[{"selector":{"id":"application-manageyards-display-component---NewYard--addressDetailDetailsLanguage-arrow"},"wdio_ui5_key":"applicationmanageyards-display-component---NewYard--addressDetailDetailsLanguage-arrow"}]}
RESULT: undefined
COMMAND: POST /session/e537112f6f31df0d8590d52383dd5938/element - {"using":"xpath","value":"//*[@id=\"application-manageyards-display-component---NewYard--addressDetailDetailsLanguage-arrow\"]"}
RESULT: {"using":"xpath","value":"//*[@id=\"application-manageyards-display-component---NewYard--addressDetailDetailsLanguage-arrow\"]"}
COMMAND: POST /session/e537112f6f31df0d8590d52383dd5938/element/f.3D8655DB7C018FB3B3311B2BCD0F0E61.d.4AB1054A5B74B12608ECCC02AB9E72A5.e.700/click - {}
RESULT: {}
COMMAND: POST /session/e537112f6f31df0d8590d52383dd5938/element - {"using":"xpath","value":"//span[contains(text(), \"English\")]"}
COMMAND: GET /session/e537112f6f31df0d8590d52383dd5938/screenshot - {}
RESULT: {"using":"xpath","value":"//span[contains(text(), \"English\")]"}
COMMAND: POST /session/e537112f6f31df0d8590d52383dd5938/element/f.3D8655DB7C018FB3B3311B2BCD0F0E61.d.4AB1054A5B74B12608ECCC02AB9E72A5.e.701/click - {}
RESULT: {}
RESULT: {}
COMMAND: POST /session/e537112f6f31df0d8590d52383dd5938/execute/async - {"script":"<script> [1562 bytes]","args":[{"selector":{"id":"application-manageyards-display-component---NewYard--addressDetailDetailsCity1","interaction":{"idSuffix":"inner"}},"wdio_ui5_key":"applicationmanageyards-display-component---NewYard--addressDetailDetailsCity1"}]}
COMMAND: GET /session/e537112f6f31df0d8590d52383dd5938/screenshot - {}
RESULT: {"script":"<script> [1562 bytes]","args":[{"selector":{"id":"application-manageyards-display-component---NewYard--addressDetailDetailsCity1","interaction":{"idSuffix":"inner"}},"wdio_ui5_key":"applicationmanageyards-display-component---NewYard--addressDetailDetailsCity1"}]}
RESULT: undefined
COMMAND: POST /session/e537112f6f31df0d8590d52383dd5938/execute/async - {"script":"<script> [776 bytes]","args":[{"enterText":"Rosario","selector":{"id":"application-manageyards-display-component---NewYard--addressDetailDetailsCity1","interaction":{"idSuffix":"inner"}},"clearTextFirst":true,"interactionType":"ENTER_TEXT"}]}
RESULT: {}
RESULT: {"script":"<script> [776 bytes]","args":[{"enterText":"Rosario","selector":{"id":"application-manageyards-display-component---NewYard--addressDetailDetailsCity1","interaction":{"idSuffix":"inner"}},"clearTextFirst":true,"interactionType":"ENTER_TEXT"}]}
COMMAND: POST /session/e537112f6f31df0d8590d52383dd5938/execute/async - {"script":"<script> [1562 bytes]","args":[{"selector":{"id":"application-manageyards-display-component---NewYard--addressDetailDetailsCountry-arrow"},"wdio_ui5_key":"applicationmanageyards-display-component---NewYard--addressDetailDetailsCountry-arrow"}]}
RESULT: {"script":"<script> [1562 bytes]","args":[{"selector":{"id":"application-manageyards-display-component---NewYard--addressDetailDetailsCountry-arrow"},"wdio_ui5_key":"applicationmanageyards-display-component---NewYard--addressDetailDetailsCountry-arrow"}]}
RESULT: undefined
COMMAND: POST /session/e537112f6f31df0d8590d52383dd5938/element - {"using":"xpath","value":"//*[@id=\"application-manageyards-display-component---NewYard--addressDetailDetailsCountry-arrow\"]"}
RESULT: {"using":"xpath","value":"//*[@id=\"application-manageyards-display-component---NewYard--addressDetailDetailsCountry-arrow\"]"}
COMMAND: POST /session/e537112f6f31df0d8590d52383dd5938/element/f.3D8655DB7C018FB3B3311B2BCD0F0E61.d.4AB1054A5B74B12608ECCC02AB9E72A5.e.703/click - {}
RESULT: {}
COMMAND: POST /session/e537112f6f31df0d8590d52383dd5938/element - {"using":"xpath","value":"//span[contains(text(), \"Argentina\")]"}
COMMAND: GET /session/e537112f6f31df0d8590d52383dd5938/screenshot - {}
RESULT: {"using":"xpath","value":"//span[contains(text(), \"Argentina\")]"}
COMMAND: POST /session/e537112f6f31df0d8590d52383dd5938/element/f.3D8655DB7C018FB3B3311B2BCD0F0E61.d.4AB1054A5B74B12608ECCC02AB9E72A5.e.704/click - {}
RESULT: {}
RESULT: {}
COMMAND: POST /session/e537112f6f31df0d8590d52383dd5938/execute/async - {"script":"<script> [1562 bytes]","args":[{"selector":{"id":"application-manageyards-display-component---NewYard--addressEditDetailsCostObjectCstType-arrow"},"wdio_ui5_key":"applicationmanageyards-display-component---NewYard--addressEditDetailsCostObjectCstType-arrow"}]}
COMMAND: GET /session/e537112f6f31df0d8590d52383dd5938/screenshot - {}
RESULT: {"script":"<script> [1562 bytes]","args":[{"selector":{"id":"application-manageyards-display-component---NewYard--addressEditDetailsCostObjectCstType-arrow"},"wdio_ui5_key":"applicationmanageyards-display-component---NewYard--addressEditDetailsCostObjectCstType-arrow"}]}
RESULT: undefined
COMMAND: POST /session/e537112f6f31df0d8590d52383dd5938/element - {"using":"xpath","value":"//*[@id=\"application-manageyards-display-component---NewYard--addressEditDetailsCostObjectCstType-arrow\"]"}
RESULT: {}
RESULT: {"using":"xpath","value":"//*[@id=\"application-manageyards-display-component---NewYard--addressEditDetailsCostObjectCstType-arrow\"]"}
COMMAND: POST /session/e537112f6f31df0d8590d52383dd5938/element/f.3D8655DB7C018FB3B3311B2BCD0F0E61.d.4AB1054A5B74B12608ECCC02AB9E72A5.e.706/click - {}
RESULT: {}
COMMAND: POST /session/e537112f6f31df0d8590d52383dd5938/element - {"using":"xpath","value":"//span[contains(text(), \"Cost Center\")]"}
COMMAND: GET /session/e537112f6f31df0d8590d52383dd5938/screenshot - {}
RESULT: {"using":"xpath","value":"//span[contains(text(), \"Cost Center\")]"}
COMMAND: POST /session/e537112f6f31df0d8590d52383dd5938/element/f.3D8655DB7C018FB3B3311B2BCD0F0E61.d.4AB1054A5B74B12608ECCC02AB9E72A5.e.707/click - {}
RESULT: {}
RESULT: {}
COMMAND: GET /session/e537112f6f31df0d8590d52383dd5938/screenshot - {}
RESULT: {}
COMMAND: POST /session/e537112f6f31df0d8590d52383dd5938/element - {"using":"xpath","value":"//span[@id=\"application-manageyards-display-component---NewYard--addressNewCostObjectCstID-vhi\"]"}
RESULT: {"using":"xpath","value":"//span[@id=\"application-manageyards-display-component---NewYard--addressNewCostObjectCstID-vhi\"]"}
COMMAND: POST /session/e537112f6f31df0d8590d52383dd5938/execute/sync - {"script":"<script> [8489 bytes]","args":[{"element-6066-11e4-a52e-4f735466cecf":"f.3D8655DB7C018FB3B3311B2BCD0F0E61.d.4AB1054A5B74B12608ECCC02AB9E72A5.e.711","ELEMENT":"f.3D8655DB7C018FB3B3311B2BCD0F0E61.d.4AB1054A5B74B12608ECCC02AB9E72A5.e.711"}]}
RESULT: {"script":"<script> [8489 bytes]","args":[{"element-6066-11e4-a52e-4f735466cecf":"f.3D8655DB7C018FB3B3311B2BCD0F0E61.d.4AB1054A5B74B12608ECCC02AB9E72A5.e.711","ELEMENT":"f.3D8655DB7C018FB3B3311B2BCD0F0E61.d.4AB1054A5B74B12608ECCC02AB9E72A5.e.711"}]}
COMMAND: POST /session/e537112f6f31df0d8590d52383dd5938/execute/async - {"script":"<script> [1562 bytes]","args":[{"selector":{"id":"application-manageyards-display-component---NewYard--addressNewCostObjectCstID-vhi"},"wdio_ui5_key":"applicationmanageyards-display-component---NewYard--addressNewCostObjectCstID-vhi"}]}
COMMAND: GET /session/e537112f6f31df0d8590d52383dd5938/screenshot - {}
RESULT: {"script":"<script> [1562 bytes]","args":[{"selector":{"id":"application-manageyards-display-component---NewYard--addressNewCostObjectCstID-vhi"},"wdio_ui5_key":"applicationmanageyards-display-component---NewYard--addressNewCostObjectCstID-vhi"}]}
RESULT: undefined
COMMAND: POST /session/e537112f6f31df0d8590d52383dd5938/element - {"using":"xpath","value":"//*[@id=\"application-manageyards-display-component---NewYard--addressNewCostObjectCstID-vhi\"]"}
RESULT: {}
RESULT: {"using":"xpath","value":"//*[@id=\"application-manageyards-display-component---NewYard--addressNewCostObjectCstID-vhi\"]"}
COMMAND: POST /session/e537112f6f31df0d8590d52383dd5938/element/f.3D8655DB7C018FB3B3311B2BCD0F0E61.d.4AB1054A5B74B12608ECCC02AB9E72A5.e.711/click - {}
RESULT: {}
COMMAND: GET /session/e537112f6f31df0d8590d52383dd5938/screenshot - {}
RESULT: {}
COMMAND: POST /session/e537112f6f31df0d8590d52383dd5938/execute/async - {"script":"<script> [1562 bytes]","args":[{"selector":{"controlType":"sap.m.SearchField","properties":{"placeholder":"Search"},"searchOpenDialogs":true,"interaction":{"idSuffix":"I"}},"wdio_ui5_key":"sapm.SearchField{\"placeholder\":\"Search\"}"}]}
RESULT: {"script":"<script> [1562 bytes]","args":[{"selector":{"controlType":"sap.m.SearchField","properties":{"placeholder":"Search"},"searchOpenDialogs":true,"interaction":{"idSuffix":"I"}},"wdio_ui5_key":"sapm.SearchField{\"placeholder\":\"Search\"}"}]}
RESULT: undefined
COMMAND: POST /session/e537112f6f31df0d8590d52383dd5938/execute/async - {"script":"<script> [776 bytes]","args":[{"enterText":"bauh_b","selector":{"controlType":"sap.m.SearchField","properties":{"placeholder":"Search"},"searchOpenDialogs":true,"interaction":{"idSuffix":"I"}},"clearTextFirst":true,"interactionType":"ENTER_TEXT"}]}
RESULT: {"script":"<script> [776 bytes]","args":[{"enterText":"bauh_b","selector":{"controlType":"sap.m.SearchField","properties":{"placeholder":"Search"},"searchOpenDialogs":true,"interaction":{"idSuffix":"I"}},"clearTextFirst":true,"interactionType":"ENTER_TEXT"}]}
COMMAND: POST /session/e537112f6f31df0d8590d52383dd5938/actions - {"actions":[{"id":"action1","type":"key","parameters":{},"actions":[{"type":"keyDown","value":""},{"type":"pause","duration":10},{"type":"keyUp","value":""}]}]}
RESULT: {"actions":[{"id":"action1","type":"key","parameters":{},"actions":[{"type":"keyDown","value":""},{"type":"pause","duration":10},{"type":"keyUp","value":""}]}]}
COMMAND: GET /session/e537112f6f31df0d8590d52383dd5938/screenshot - {}
RESULT: {}
COMMAND: POST /session/e537112f6f31df0d8590d52383dd5938/element - {"using":"xpath","value":"//span[contains(text(), \"Demo Yard\")]"}
RESULT: {"using":"xpath","value":"//span[contains(text(), \"Demo Yard\")]"}
COMMAND: POST /session/e537112f6f31df0d8590d52383dd5938/element/f.3D8655DB7C018FB3B3311B2BCD0F0E61.d.4AB1054A5B74B12608ECCC02AB9E72A5.e.752/click - {}
RESULT: {}
COMMAND: GET /session/e537112f6f31df0d8590d52383dd5938/screenshot - {}
RESULT: {}
COMMAND: POST /session/e537112f6f31df0d8590d52383dd5938/element - {"using":"xpath","value":"//bdi[contains(text(), \"OK\")]"}
RESULT: {"using":"xpath","value":"//bdi[contains(text(), \"OK\")]"}
COMMAND: POST /session/e537112f6f31df0d8590d52383dd5938/element/f.3D8655DB7C018FB3B3311B2BCD0F0E61.d.4AB1054A5B74B12608ECCC02AB9E72A5.e.753/click - {}
RESULT: {}
COMMAND: GET /session/e537112f6f31df0d8590d52383dd5938/screenshot - {}
RESULT: {}
COMMAND: POST /session/e537112f6f31df0d8590d52383dd5938/execute/async - {"script":"<script> [1562 bytes]","args":[{"selector":{"id":"application-manageyards-display-component---NewYard--addressEditDetailsCurrency-arrow"},"wdio_ui5_key":"applicationmanageyards-display-component---NewYard--addressEditDetailsCurrency-arrow"}]}
RESULT: {"script":"<script> [1562 bytes]","args":[{"selector":{"id":"application-manageyards-display-component---NewYard--addressEditDetailsCurrency-arrow"},"wdio_ui5_key":"applicationmanageyards-display-component---NewYard--addressEditDetailsCurrency-arrow"}]}
RESULT: undefined
COMMAND: POST /session/e537112f6f31df0d8590d52383dd5938/element - {"using":"xpath","value":"//*[@id=\"application-manageyards-display-component---NewYard--addressEditDetailsCurrency-arrow\"]"}
RESULT: {"using":"xpath","value":"//*[@id=\"application-manageyards-display-component---NewYard--addressEditDetailsCurrency-arrow\"]"}
COMMAND: POST /session/e537112f6f31df0d8590d52383dd5938/element/f.3D8655DB7C018FB3B3311B2BCD0F0E61.d.4AB1054A5B74B12608ECCC02AB9E72A5.e.756/click - {}
RESULT: {}
COMMAND: POST /session/e537112f6f31df0d8590d52383dd5938/element - {"using":"xpath","value":"//span[contains(text(), \"Euro\")]"}
COMMAND: GET /session/e537112f6f31df0d8590d52383dd5938/screenshot - {}
RESULT: {"using":"xpath","value":"//span[contains(text(), \"Euro\")]"}
COMMAND: POST /session/e537112f6f31df0d8590d52383dd5938/element/f.3D8655DB7C018FB3B3311B2BCD0F0E61.d.4AB1054A5B74B12608ECCC02AB9E72A5.e.757/click - {}
RESULT: {}
RESULT: {}
COMMAND: POST /session/e537112f6f31df0d8590d52383dd5938/execute/async - {"script":"<script> [1562 bytes]","args":[{"selector":{"controlType":"sap.m.Input","viewName":"etm.portal.ui.manageyards.view.New","viewId":"application-manageyards-display-component---NewYard","bindingPath":{"path":"","propertyPath":"/CONTROLLING_AREA","modelName":"NewYardModel"},"interaction":{"idSuffix":"inner"}},"wdio_ui5_key":"etmportal.ui.manageyards.view.Newsap.m.Input{\"path\":\"\",\"propertyPath\":\"/CONTROLLING_AREA\",\"modelName\":\"NewYardModel\"}"}]}
COMMAND: GET /session/e537112f6f31df0d8590d52383dd5938/screenshot - {}
RESULT: {}
RESULT: {"script":"<script> [1562 bytes]","args":[{"selector":{"controlType":"sap.m.Input","viewName":"etm.portal.ui.manageyards.view.New","viewId":"application-manageyards-display-component---NewYard","bindingPath":{"path":"","propertyPath":"/CONTROLLING_AREA","modelName":"NewYardModel"},"interaction":{"idSuffix":"inner"}},"wdio_ui5_key":"etmportal.ui.manageyards.view.Newsap.m.Input{\"path\":\"\",\"propertyPath\":\"/CONTROLLING_AREA\",\"modelName\":\"NewYardModel\"}"}]}
RESULT: undefined
COMMAND: POST /session/e537112f6f31df0d8590d52383dd5938/execute/async - {"script":"<script> [776 bytes]","args":[{"enterText":"Z001","selector":{"controlType":"sap.m.Input","viewName":"etm.portal.ui.manageyards.view.New","viewId":"application-manageyards-display-component---NewYard","bindingPath":{"path":"","propertyPath":"/CONTROLLING_AREA","modelName":"NewYardModel"},"interaction":{"idSuffix":"inner"}},"clearTextFirst":true,"interactionType":"ENTER_TEXT"}]}
RESULT: {"script":"<script> [776 bytes]","args":[{"enterText":"Z001","selector":{"controlType":"sap.m.Input","viewName":"etm.portal.ui.manageyards.view.New","viewId":"application-manageyards-display-component---NewYard","bindingPath":{"path":"","propertyPath":"/CONTROLLING_AREA","modelName":"NewYardModel"},"interaction":{"idSuffix":"inner"}},"clearTextFirst":true,"interactionType":"ENTER_TEXT"}]}
COMMAND: POST /session/e537112f6f31df0d8590d52383dd5938/execute/async - {"script":"<script> [1562 bytes]","args":[{"selector":{"id":"application-manageyards-display-component---NewYard--companyCodeComboBox","interaction":{"idSuffix":"inner"}},"wdio_ui5_key":"applicationmanageyards-display-component---NewYard--companyCodeComboBox"}]}
RESULT: {"script":"<script> [1562 bytes]","args":[{"selector":{"id":"application-manageyards-display-component---NewYard--companyCodeComboBox","interaction":{"idSuffix":"inner"}},"wdio_ui5_key":"applicationmanageyards-display-component---NewYard--companyCodeComboBox"}]}
RESULT: undefined
COMMAND: POST /session/e537112f6f31df0d8590d52383dd5938/execute/async - {"script":"<script> [776 bytes]","args":[{"enterText":"1000","selector":{"id":"application-manageyards-display-component---NewYard--companyCodeComboBox","interaction":{"idSuffix":"inner"}},"clearTextFirst":true,"interactionType":"ENTER_TEXT"}]}
RESULT: {"script":"<script> [776 bytes]","args":[{"enterText":"1000","selector":{"id":"application-manageyards-display-component---NewYard--companyCodeComboBox","interaction":{"idSuffix":"inner"}},"clearTextFirst":true,"interactionType":"ENTER_TEXT"}]}
COMMAND: POST /session/e537112f6f31df0d8590d52383dd5938/execute/async - {"script":"<script> [1562 bytes]","args":[{"selector":{"controlType":"sap.m.Input","viewName":"etm.portal.ui.manageyards.view.New","viewId":"application-manageyards-display-component---NewYard","bindingPath":{"path":"","propertyPath":"/PLANT","modelName":"NewYardModel"},"interaction":{"idSuffix":"inner"}},"wdio_ui5_key":"etmportal.ui.manageyards.view.Newsap.m.Input{\"path\":\"\",\"propertyPath\":\"/PLANT\",\"modelName\":\"NewYardModel\"}"}]}
RESULT: {"script":"<script> [1562 bytes]","args":[{"selector":{"controlType":"sap.m.Input","viewName":"etm.portal.ui.manageyards.view.New","viewId":"application-manageyards-display-component---NewYard","bindingPath":{"path":"","propertyPath":"/PLANT","modelName":"NewYardModel"},"interaction":{"idSuffix":"inner"}},"wdio_ui5_key":"etmportal.ui.manageyards.view.Newsap.m.Input{\"path\":\"\",\"propertyPath\":\"/PLANT\",\"modelName\":\"NewYardModel\"}"}]}
RESULT: undefined
COMMAND: POST /session/e537112f6f31df0d8590d52383dd5938/execute/async - {"script":"<script> [776 bytes]","args":[{"enterText":"1001","selector":{"controlType":"sap.m.Input","viewName":"etm.portal.ui.manageyards.view.New","viewId":"application-manageyards-display-component---NewYard","bindingPath":{"path":"","propertyPath":"/PLANT","modelName":"NewYardModel"},"interaction":{"idSuffix":"inner"}},"clearTextFirst":true,"interactionType":"ENTER_TEXT"}]}
RESULT: {"script":"<script> [776 bytes]","args":[{"enterText":"1001","selector":{"controlType":"sap.m.Input","viewName":"etm.portal.ui.manageyards.view.New","viewId":"application-manageyards-display-component---NewYard","bindingPath":{"path":"","propertyPath":"/PLANT","modelName":"NewYardModel"},"interaction":{"idSuffix":"inner"}},"clearTextFirst":true,"interactionType":"ENTER_TEXT"}]}
COMMAND: POST /session/e537112f6f31df0d8590d52383dd5938/execute/async - {"script":"<script> [1562 bytes]","args":[{"selector":{"controlType":"sap.m.Input","viewName":"etm.portal.ui.manageyards.view.New","viewId":"application-manageyards-display-component---NewYard","bindingPath":{"path":"","propertyPath":"/SALES_AREA_VKORG","modelName":"NewYardModel"},"interaction":{"idSuffix":"inner"}},"wdio_ui5_key":"etmportal.ui.manageyards.view.Newsap.m.Input{\"path\":\"\",\"propertyPath\":\"/SALES_AREA_VKORG\",\"modelName\":\"NewYardModel\"}"}]}
RESULT: {"script":"<script> [1562 bytes]","args":[{"selector":{"controlType":"sap.m.Input","viewName":"etm.portal.ui.manageyards.view.New","viewId":"application-manageyards-display-component---NewYard","bindingPath":{"path":"","propertyPath":"/SALES_AREA_VKORG","modelName":"NewYardModel"},"interaction":{"idSuffix":"inner"}},"wdio_ui5_key":"etmportal.ui.manageyards.view.Newsap.m.Input{\"path\":\"\",\"propertyPath\":\"/SALES_AREA_VKORG\",\"modelName\":\"NewYardModel\"}"}]}
RESULT: undefined
COMMAND: POST /session/e537112f6f31df0d8590d52383dd5938/execute/async - {"script":"<script> [776 bytes]","args":[{"enterText":"C002","selector":{"controlType":"sap.m.Input","viewName":"etm.portal.ui.manageyards.view.New","viewId":"application-manageyards-display-component---NewYard","bindingPath":{"path":"","propertyPath":"/SALES_AREA_VKORG","modelName":"NewYardModel"},"interaction":{"idSuffix":"inner"}},"clearTextFirst":true,"interactionType":"ENTER_TEXT"}]}
RESULT: {"script":"<script> [776 bytes]","args":[{"enterText":"C002","selector":{"controlType":"sap.m.Input","viewName":"etm.portal.ui.manageyards.view.New","viewId":"application-manageyards-display-component---NewYard","bindingPath":{"path":"","propertyPath":"/SALES_AREA_VKORG","modelName":"NewYardModel"},"interaction":{"idSuffix":"inner"}},"clearTextFirst":true,"interactionType":"ENTER_TEXT"}]}
COMMAND: POST /session/e537112f6f31df0d8590d52383dd5938/execute/async - {"script":"<script> [1562 bytes]","args":[{"selector":{"controlType":"sap.m.Input","viewName":"etm.portal.ui.manageyards.view.New","viewId":"application-manageyards-display-component---NewYard","bindingPath":{"path":"","propertyPath":"/SALES_AREA_VTWEG","modelName":"NewYardModel"},"interaction":{"idSuffix":"inner"}},"wdio_ui5_key":"etmportal.ui.manageyards.view.Newsap.m.Input{\"path\":\"\",\"propertyPath\":\"/SALES_AREA_VTWEG\",\"modelName\":\"NewYardModel\"}"}]}
RESULT: {"script":"<script> [1562 bytes]","args":[{"selector":{"controlType":"sap.m.Input","viewName":"etm.portal.ui.manageyards.view.New","viewId":"application-manageyards-display-component---NewYard","bindingPath":{"path":"","propertyPath":"/SALES_AREA_VTWEG","modelName":"NewYardModel"},"interaction":{"idSuffix":"inner"}},"wdio_ui5_key":"etmportal.ui.manageyards.view.Newsap.m.Input{\"path\":\"\",\"propertyPath\":\"/SALES_AREA_VTWEG\",\"modelName\":\"NewYardModel\"}"}]}
RESULT: undefined
COMMAND: POST /session/e537112f6f31df0d8590d52383dd5938/execute/async - {"script":"<script> [776 bytes]","args":[{"enterText":"C2","selector":{"controlType":"sap.m.Input","viewName":"etm.portal.ui.manageyards.view.New","viewId":"application-manageyards-display-component---NewYard","bindingPath":{"path":"","propertyPath":"/SALES_AREA_VTWEG","modelName":"NewYardModel"},"interaction":{"idSuffix":"inner"}},"clearTextFirst":true,"interactionType":"ENTER_TEXT"}]}
RESULT: {"script":"<script> [776 bytes]","args":[{"enterText":"C2","selector":{"controlType":"sap.m.Input","viewName":"etm.portal.ui.manageyards.view.New","viewId":"application-manageyards-display-component---NewYard","bindingPath":{"path":"","propertyPath":"/SALES_AREA_VTWEG","modelName":"NewYardModel"},"interaction":{"idSuffix":"inner"}},"clearTextFirst":true,"interactionType":"ENTER_TEXT"}]}
COMMAND: POST /session/e537112f6f31df0d8590d52383dd5938/execute/async - {"script":"<script> [1562 bytes]","args":[{"selector":{"controlType":"sap.m.Input","viewName":"etm.portal.ui.manageyards.view.New","viewId":"application-manageyards-display-component---NewYard","bindingPath":{"path":"","propertyPath":"/SALES_AREA_SPART","modelName":"NewYardModel"},"interaction":{"idSuffix":"inner"}},"wdio_ui5_key":"etmportal.ui.manageyards.view.Newsap.m.Input{\"path\":\"\",\"propertyPath\":\"/SALES_AREA_SPART\",\"modelName\":\"NewYardModel\"}"}]}
RESULT: {"script":"<script> [1562 bytes]","args":[{"selector":{"controlType":"sap.m.Input","viewName":"etm.portal.ui.manageyards.view.New","viewId":"application-manageyards-display-component---NewYard","bindingPath":{"path":"","propertyPath":"/SALES_AREA_SPART","modelName":"NewYardModel"},"interaction":{"idSuffix":"inner"}},"wdio_ui5_key":"etmportal.ui.manageyards.view.Newsap.m.Input{\"path\":\"\",\"propertyPath\":\"/SALES_AREA_SPART\",\"modelName\":\"NewYardModel\"}"}]}
RESULT: undefined
COMMAND: POST /session/e537112f6f31df0d8590d52383dd5938/execute/async - {"script":"<script> [776 bytes]","args":[{"enterText":"C2","selector":{"controlType":"sap.m.Input","viewName":"etm.portal.ui.manageyards.view.New","viewId":"application-manageyards-display-component---NewYard","bindingPath":{"path":"","propertyPath":"/SALES_AREA_SPART","modelName":"NewYardModel"},"interaction":{"idSuffix":"inner"}},"clearTextFirst":true,"interactionType":"ENTER_TEXT"}]}
RESULT: {"script":"<script> [776 bytes]","args":[{"enterText":"C2","selector":{"controlType":"sap.m.Input","viewName":"etm.portal.ui.manageyards.view.New","viewId":"application-manageyards-display-component---NewYard","bindingPath":{"path":"","propertyPath":"/SALES_AREA_SPART","modelName":"NewYardModel"},"interaction":{"idSuffix":"inner"}},"clearTextFirst":true,"interactionType":"ENTER_TEXT"}]}
COMMAND: POST /session/e537112f6f31df0d8590d52383dd5938/execute/async - {"script":"<script> [1562 bytes]","args":[{"selector":{"controlType":"sap.m.Input","viewName":"etm.portal.ui.manageyards.view.New","viewId":"application-manageyards-display-component---NewYard","bindingPath":{"path":"","propertyPath":"/SHIP_POINT","modelName":"NewYardModel"},"interaction":{"idSuffix":"inner"}},"wdio_ui5_key":"etmportal.ui.manageyards.view.Newsap.m.Input{\"path\":\"\",\"propertyPath\":\"/SHIP_POINT\",\"modelName\":\"NewYardModel\"}"}]}
RESULT: {"script":"<script> [1562 bytes]","args":[{"selector":{"controlType":"sap.m.Input","viewName":"etm.portal.ui.manageyards.view.New","viewId":"application-manageyards-display-component---NewYard","bindingPath":{"path":"","propertyPath":"/SHIP_POINT","modelName":"NewYardModel"},"interaction":{"idSuffix":"inner"}},"wdio_ui5_key":"etmportal.ui.manageyards.view.Newsap.m.Input{\"path\":\"\",\"propertyPath\":\"/SHIP_POINT\",\"modelName\":\"NewYardModel\"}"}]}
RESULT: undefined
COMMAND: POST /session/e537112f6f31df0d8590d52383dd5938/execute/async - {"script":"<script> [776 bytes]","args":[{"enterText":"1710","selector":{"controlType":"sap.m.Input","viewName":"etm.portal.ui.manageyards.view.New","viewId":"application-manageyards-display-component---NewYard","bindingPath":{"path":"","propertyPath":"/SHIP_POINT","modelName":"NewYardModel"},"interaction":{"idSuffix":"inner"}},"clearTextFirst":true,"interactionType":"ENTER_TEXT"}]}
RESULT: {"script":"<script> [776 bytes]","args":[{"enterText":"1710","selector":{"controlType":"sap.m.Input","viewName":"etm.portal.ui.manageyards.view.New","viewId":"application-manageyards-display-component---NewYard","bindingPath":{"path":"","propertyPath":"/SHIP_POINT","modelName":"NewYardModel"},"interaction":{"idSuffix":"inner"}},"clearTextFirst":true,"interactionType":"ENTER_TEXT"}]}
COMMAND: POST /session/e537112f6f31df0d8590d52383dd5938/execute/async - {"script":"<script> [1562 bytes]","args":[{"selector":{"controlType":"sap.m.Input","viewName":"etm.portal.ui.manageyards.view.New","viewId":"application-manageyards-display-component---NewYard","bindingPath":{"path":"","propertyPath":"/DELIVERY_TYPE","modelName":"NewYardModel"},"interaction":{"idSuffix":"inner"}},"wdio_ui5_key":"etmportal.ui.manageyards.view.Newsap.m.Input{\"path\":\"\",\"propertyPath\":\"/DELIVERY_TYPE\",\"modelName\":\"NewYardModel\"}"}]}
RESULT: {"script":"<script> [1562 bytes]","args":[{"selector":{"controlType":"sap.m.Input","viewName":"etm.portal.ui.manageyards.view.New","viewId":"application-manageyards-display-component---NewYard","bindingPath":{"path":"","propertyPath":"/DELIVERY_TYPE","modelName":"NewYardModel"},"interaction":{"idSuffix":"inner"}},"wdio_ui5_key":"etmportal.ui.manageyards.view.Newsap.m.Input{\"path\":\"\",\"propertyPath\":\"/DELIVERY_TYPE\",\"modelName\":\"NewYardModel\"}"}]}
RESULT: undefined
COMMAND: POST /session/e537112f6f31df0d8590d52383dd5938/execute/async - {"script":"<script> [776 bytes]","args":[{"enterText":"ZL01","selector":{"controlType":"sap.m.Input","viewName":"etm.portal.ui.manageyards.view.New","viewId":"application-manageyards-display-component---NewYard","bindingPath":{"path":"","propertyPath":"/DELIVERY_TYPE","modelName":"NewYardModel"},"interaction":{"idSuffix":"inner"}},"clearTextFirst":true,"interactionType":"ENTER_TEXT"}]}
RESULT: {"script":"<script> [776 bytes]","args":[{"enterText":"ZL01","selector":{"controlType":"sap.m.Input","viewName":"etm.portal.ui.manageyards.view.New","viewId":"application-manageyards-display-component---NewYard","bindingPath":{"path":"","propertyPath":"/DELIVERY_TYPE","modelName":"NewYardModel"},"interaction":{"idSuffix":"inner"}},"clearTextFirst":true,"interactionType":"ENTER_TEXT"}]}
COMMAND: POST /session/e537112f6f31df0d8590d52383dd5938/execute/async - {"script":"<script> [1562 bytes]","args":[{"selector":{"controlType":"sap.m.Input","viewName":"etm.portal.ui.manageyards.view.New","viewId":"application-manageyards-display-component---NewYard","bindingPath":{"path":"","propertyPath":"/AUART","modelName":"NewYardModel"},"interaction":{"idSuffix":"inner"}},"wdio_ui5_key":"etmportal.ui.manageyards.view.Newsap.m.Input{\"path\":\"\",\"propertyPath\":\"/AUART\",\"modelName\":\"NewYardModel\"}"}]}
RESULT: {"script":"<script> [1562 bytes]","args":[{"selector":{"controlType":"sap.m.Input","viewName":"etm.portal.ui.manageyards.view.New","viewId":"application-manageyards-display-component---NewYard","bindingPath":{"path":"","propertyPath":"/AUART","modelName":"NewYardModel"},"interaction":{"idSuffix":"inner"}},"wdio_ui5_key":"etmportal.ui.manageyards.view.Newsap.m.Input{\"path\":\"\",\"propertyPath\":\"/AUART\",\"modelName\":\"NewYardModel\"}"}]}
RESULT: undefined
COMMAND: POST /session/e537112f6f31df0d8590d52383dd5938/execute/async - {"script":"<script> [776 bytes]","args":[{"enterText":"TA","selector":{"controlType":"sap.m.Input","viewName":"etm.portal.ui.manageyards.view.New","viewId":"application-manageyards-display-component---NewYard","bindingPath":{"path":"","propertyPath":"/AUART","modelName":"NewYardModel"},"interaction":{"idSuffix":"inner"}},"clearTextFirst":true,"interactionType":"ENTER_TEXT"}]}
RESULT: {"script":"<script> [776 bytes]","args":[{"enterText":"TA","selector":{"controlType":"sap.m.Input","viewName":"etm.portal.ui.manageyards.view.New","viewId":"application-manageyards-display-component---NewYard","bindingPath":{"path":"","propertyPath":"/AUART","modelName":"NewYardModel"},"interaction":{"idSuffix":"inner"}},"clearTextFirst":true,"interactionType":"ENTER_TEXT"}]}
COMMAND: POST /session/e537112f6f31df0d8590d52383dd5938/element - {"using":"xpath","value":"//button[@data-kt=\"newYardSaveButton\"]"}
RESULT: {"using":"xpath","value":"//button[@data-kt=\"newYardSaveButton\"]"}
COMMAND: POST /session/e537112f6f31df0d8590d52383dd5938/element/f.3D8655DB7C018FB3B3311B2BCD0F0E61.d.4AB1054A5B74B12608ECCC02AB9E72A5.e.685/click - {}
RESULT: {}
COMMAND: GET /session/e537112f6f31df0d8590d52383dd5938/screenshot - {}
RESULT: {}
COMMAND: POST /session/e537112f6f31df0d8590d52383dd5938/element - {"using":"xpath","value":"//header[contains(@id, 'ObjectPageLayout-headerTitle')]/div[1]/div[2]/div[1]/span[1]"}
RESULT: {"using":"xpath","value":"//header[contains(@id, 'ObjectPageLayout-headerTitle')]/div[1]/div[2]/div[1]/span[1]"}
COMMAND: POST /session/e537112f6f31df0d8590d52383dd5938/elements - {"using":"xpath","value":"//header[contains(@id, 'ObjectPageLayout-headerTitle')]/div[1]/div[2]/div[1]/span[1]"}
RESULT: {"using":"xpath","value":"//header[contains(@id, 'ObjectPageLayout-headerTitle')]/div[1]/div[2]/div[1]/span[1]"}
COMMAND: POST /session/e537112f6f31df0d8590d52383dd5938/execute/sync - {"script":"<script> [56 bytes]","args":[{"element-6066-11e4-a52e-4f735466cecf":"f.3D8655DB7C018FB3B3311B2BCD0F0E61.d.4AB1054A5B74B12608ECCC02AB9E72A5.e.975","ELEMENT":"f.3D8655DB7C018FB3B3311B2BCD0F0E61.d.4AB1054A5B74B12608ECCC02AB9E72A5.e.975"}]}
RESULT: {"script":"<script> [56 bytes]","args":[{"element-6066-11e4-a52e-4f735466cecf":"f.3D8655DB7C018FB3B3311B2BCD0F0E61.d.4AB1054A5B74B12608ECCC02AB9E72A5.e.975","ELEMENT":"f.3D8655DB7C018FB3B3311B2BCD0F0E61.d.4AB1054A5B74B12608ECCC02AB9E72A5.e.975"}]}
COMMAND: GET /session/e537112f6f31df0d8590d52383dd5938/screenshot - {}
RESULT: {}
COMMAND: POST /session/e537112f6f31df0d8590d52383dd5938/element - {"using":"css selector","value":"#shell-header-logo"}
RESULT: {"using":"css selector","value":"#shell-header-logo"}
COMMAND: POST /session/e537112f6f31df0d8590d52383dd5938/element/f.3D8655DB7C018FB3B3311B2BCD0F0E61.d.4AB1054A5B74B12608ECCC02AB9E72A5.e.236/click - {}
RESULT: {}
COMMAND: GET /session/e537112f6f31df0d8590d52383dd5938/screenshot - {}
RESULT: {}
COMMAND: POST /session/e537112f6f31df0d8590d52383dd5938/execute/sync - {"script":"<script> [299 bytes]","args":[["getModel","getResource"]]}
RESULT: {"script":"<script> [299 bytes]","args":[["getModel","getResource"]]}
]]></system-out>
    </testcase>
    <testcase classname="chrome.136_0_7103_93.windows.Partner_specific_tests_US150819_US151080_US151654_US151176_US103444_US151078_US151079_US151109_US151174_US151175_US151189" name="Should create new external partner US150819" time="128.013">
      <system-out><![CDATA[
COMMAND: GET /session/e537112f6f31df0d8590d52383dd5938/screenshot - {}
COMMAND: POST /session/e537112f6f31df0d8590d52383dd5938/element - {"using":"xpath","value":"//li[.//span[text()=\"Manage Partners\"]]"}
RESULT: {}
RESULT: {"using":"xpath","value":"//li[.//span[text()=\"Manage Partners\"]]"}
COMMAND: POST /session/e537112f6f31df0d8590d52383dd5938/element - {"using":"xpath","value":"//li[.//span[text()=\"Manage Partners\"]]"}
RESULT: {"using":"xpath","value":"//li[.//span[text()=\"Manage Partners\"]]"}
COMMAND: POST /session/e537112f6f31df0d8590d52383dd5938/element - {"using":"css selector","value":"#shell-header-logo"}
RESULT: {"using":"css selector","value":"#shell-header-logo"}
COMMAND: POST /session/e537112f6f31df0d8590d52383dd5938/element/f.3D8655DB7C018FB3B3311B2BCD0F0E61.d.4AB1054A5B74B12608ECCC02AB9E72A5.e.977/click - {}
COMMAND: POST /session/e537112f6f31df0d8590d52383dd5938/execute/sync - {"script":"<script> [8489 bytes]","args":[{"element-6066-11e4-a52e-4f735466cecf":"f.3D8655DB7C018FB3B3311B2BCD0F0E61.d.4AB1054A5B74B12608ECCC02AB9E72A5.e.977","ELEMENT":"f.3D8655DB7C018FB3B3311B2BCD0F0E61.d.4AB1054A5B74B12608ECCC02AB9E72A5.e.977"}]}
RESULT: {"script":"<script> [8489 bytes]","args":[{"element-6066-11e4-a52e-4f735466cecf":"f.3D8655DB7C018FB3B3311B2BCD0F0E61.d.4AB1054A5B74B12608ECCC02AB9E72A5.e.977","ELEMENT":"f.3D8655DB7C018FB3B3311B2BCD0F0E61.d.4AB1054A5B74B12608ECCC02AB9E72A5.e.977"}]}
COMMAND: POST /session/e537112f6f31df0d8590d52383dd5938/execute/sync - {"script":"<script> [5351 bytes]","args":[{"element-6066-11e4-a52e-4f735466cecf":"f.3D8655DB7C018FB3B3311B2BCD0F0E61.d.4AB1054A5B74B12608ECCC02AB9E72A5.e.977","ELEMENT":"f.3D8655DB7C018FB3B3311B2BCD0F0E61.d.4AB1054A5B74B12608ECCC02AB9E72A5.e.977"}]}
COMMAND: GET /session/e537112f6f31df0d8590d52383dd5938/screenshot - {}
RESULT: {}
COMMAND: GET /session/e537112f6f31df0d8590d52383dd5938/screenshot - {}
RESULT: {"script":"<script> [5351 bytes]","args":[{"element-6066-11e4-a52e-4f735466cecf":"f.3D8655DB7C018FB3B3311B2BCD0F0E61.d.4AB1054A5B74B12608ECCC02AB9E72A5.e.977","ELEMENT":"f.3D8655DB7C018FB3B3311B2BCD0F0E61.d.4AB1054A5B74B12608ECCC02AB9E72A5.e.977"}]}
COMMAND: GET /session/e537112f6f31df0d8590d52383dd5938/screenshot - {}
RESULT: {}
RESULT: {}
RESULT: {}
COMMAND: POST /session/e537112f6f31df0d8590d52383dd5938/window/fullscreen - {}
RESULT: {}
COMMAND: POST /session/e537112f6f31df0d8590d52383dd5938/execute/async - {"script":"<script> [1562 bytes]","args":[{"selector":{"controlType":"sap.m.GenericTile","properties":{"header":"Manage Partners"}},"wdio_ui5_key":"sapm.GenericTile{\"header\":\"Manage Partners\"}"}]}
RESULT: {"script":"<script> [1562 bytes]","args":[{"selector":{"controlType":"sap.m.GenericTile","properties":{"header":"Manage Partners"}},"wdio_ui5_key":"sapm.GenericTile{\"header\":\"Manage Partners\"}"}]}
RESULT: undefined
COMMAND: POST /session/e537112f6f31df0d8590d52383dd5938/element - {"using":"xpath","value":"//*[@id=\"__tile38\"]"}
RESULT: {"using":"xpath","value":"//*[@id=\"__tile38\"]"}
COMMAND: POST /session/e537112f6f31df0d8590d52383dd5938/element/f.3D8655DB7C018FB3B3311B2BCD0F0E61.d.4AB1054A5B74B12608ECCC02AB9E72A5.e.142/click - {}
RESULT: {}
COMMAND: GET /session/e537112f6f31df0d8590d52383dd5938/screenshot - {}
RESULT: {}
COMMAND: POST /session/e537112f6f31df0d8590d52383dd5938/elements - {"using":"xpath","value":"//span[text()='Error']"}
RESULT: {"using":"xpath","value":"//span[text()='Error']"}
COMMAND: POST /session/e537112f6f31df0d8590d52383dd5938/element - {"using":"xpath","value":"//button[@data-kt=\"addButton\"]"}
RESULT: {"using":"xpath","value":"//button[@data-kt=\"addButton\"]"}
COMMAND: POST /session/e537112f6f31df0d8590d52383dd5938/elements - {"using":"xpath","value":"//button[@data-kt=\"addButton\"]"}
RESULT: {"using":"xpath","value":"//button[@data-kt=\"addButton\"]"}
COMMAND: POST /session/e537112f6f31df0d8590d52383dd5938/elements - {"using":"xpath","value":"//button[@data-kt=\"addButton\"]"}
RESULT: {"using":"xpath","value":"//button[@data-kt=\"addButton\"]"}
COMMAND: POST /session/e537112f6f31df0d8590d52383dd5938/elements - {"using":"xpath","value":"//button[@data-kt=\"addButton\"]"}
RESULT: {"using":"xpath","value":"//button[@data-kt=\"addButton\"]"}
COMMAND: POST /session/e537112f6f31df0d8590d52383dd5938/elements - {"using":"xpath","value":"//button[@data-kt=\"addButton\"]"}
RESULT: {"using":"xpath","value":"//button[@data-kt=\"addButton\"]"}
COMMAND: POST /session/e537112f6f31df0d8590d52383dd5938/elements - {"using":"xpath","value":"//button[@data-kt=\"addButton\"]"}
RESULT: {"using":"xpath","value":"//button[@data-kt=\"addButton\"]"}
COMMAND: POST /session/e537112f6f31df0d8590d52383dd5938/elements - {"using":"xpath","value":"//button[@data-kt=\"addButton\"]"}
RESULT: {"using":"xpath","value":"//button[@data-kt=\"addButton\"]"}
COMMAND: POST /session/e537112f6f31df0d8590d52383dd5938/element - {"using":"xpath","value":"//button[@data-kt=\"addButton\"]"}
RESULT: {"using":"xpath","value":"//button[@data-kt=\"addButton\"]"}
COMMAND: POST /session/e537112f6f31df0d8590d52383dd5938/execute/sync - {"script":"<script> [8489 bytes]","args":[{"element-6066-11e4-a52e-4f735466cecf":"f.3D8655DB7C018FB3B3311B2BCD0F0E61.d.4AB1054A5B74B12608ECCC02AB9E72A5.e.1013","ELEMENT":"f.3D8655DB7C018FB3B3311B2BCD0F0E61.d.4AB1054A5B74B12608ECCC02AB9E72A5.e.1013"}]}
RESULT: {"script":"<script> [8489 bytes]","args":[{"element-6066-11e4-a52e-4f735466cecf":"f.3D8655DB7C018FB3B3311B2BCD0F0E61.d.4AB1054A5B74B12608ECCC02AB9E72A5.e.1013","ELEMENT":"f.3D8655DB7C018FB3B3311B2BCD0F0E61.d.4AB1054A5B74B12608ECCC02AB9E72A5.e.1013"}]}
COMMAND: GET /session/e537112f6f31df0d8590d52383dd5938/element/f.3D8655DB7C018FB3B3311B2BCD0F0E61.d.4AB1054A5B74B12608ECCC02AB9E72A5.e.1013/enabled - {}
COMMAND: GET /session/e537112f6f31df0d8590d52383dd5938/screenshot - {}
RESULT: {}
COMMAND: POST /session/e537112f6f31df0d8590d52383dd5938/execute/sync - {"script":"<script> [8489 bytes]","args":[{"element-6066-11e4-a52e-4f735466cecf":"f.3D8655DB7C018FB3B3311B2BCD0F0E61.d.4AB1054A5B74B12608ECCC02AB9E72A5.e.1013","ELEMENT":"f.3D8655DB7C018FB3B3311B2BCD0F0E61.d.4AB1054A5B74B12608ECCC02AB9E72A5.e.1013"}]}
COMMAND: GET /session/e537112f6f31df0d8590d52383dd5938/screenshot - {}
RESULT: {}
RESULT: {"script":"<script> [8489 bytes]","args":[{"element-6066-11e4-a52e-4f735466cecf":"f.3D8655DB7C018FB3B3311B2BCD0F0E61.d.4AB1054A5B74B12608ECCC02AB9E72A5.e.1013","ELEMENT":"f.3D8655DB7C018FB3B3311B2BCD0F0E61.d.4AB1054A5B74B12608ECCC02AB9E72A5.e.1013"}]}
COMMAND: POST /session/e537112f6f31df0d8590d52383dd5938/execute/sync - {"script":"<script> [5351 bytes]","args":[{"element-6066-11e4-a52e-4f735466cecf":"f.3D8655DB7C018FB3B3311B2BCD0F0E61.d.4AB1054A5B74B12608ECCC02AB9E72A5.e.1013","ELEMENT":"f.3D8655DB7C018FB3B3311B2BCD0F0E61.d.4AB1054A5B74B12608ECCC02AB9E72A5.e.1013"}]}
COMMAND: GET /session/e537112f6f31df0d8590d52383dd5938/screenshot - {}
RESULT: {}
RESULT: {"script":"<script> [5351 bytes]","args":[{"element-6066-11e4-a52e-4f735466cecf":"f.3D8655DB7C018FB3B3311B2BCD0F0E61.d.4AB1054A5B74B12608ECCC02AB9E72A5.e.1013","ELEMENT":"f.3D8655DB7C018FB3B3311B2BCD0F0E61.d.4AB1054A5B74B12608ECCC02AB9E72A5.e.1013"}]}
COMMAND: POST /session/e537112f6f31df0d8590d52383dd5938/element/f.3D8655DB7C018FB3B3311B2BCD0F0E61.d.4AB1054A5B74B12608ECCC02AB9E72A5.e.1013/click - {}
RESULT: {}
COMMAND: GET /session/e537112f6f31df0d8590d52383dd5938/screenshot - {}
RESULT: {}
COMMAND: GET /session/e537112f6f31df0d8590d52383dd5938/screenshot - {}
COMMAND: POST /session/e537112f6f31df0d8590d52383dd5938/execute/async - {"script":"<script> [1562 bytes]","args":[{"selector":{"id":"application-managepartners-display-component---NewPartner--addressDetailDetailsName1","interaction":{"idSuffix":"inner"}},"wdio_ui5_key":"applicationmanagepartners-display-component---NewPartner--addressDetailDetailsName1"}]}
RESULT: {}
RESULT: {}
RESULT: {"script":"<script> [1562 bytes]","args":[{"selector":{"id":"application-managepartners-display-component---NewPartner--addressDetailDetailsName1","interaction":{"idSuffix":"inner"}},"wdio_ui5_key":"applicationmanagepartners-display-component---NewPartner--addressDetailDetailsName1"}]}
RESULT: undefined
COMMAND: POST /session/e537112f6f31df0d8590d52383dd5938/execute/async - {"script":"<script> [776 bytes]","args":[{"enterText":"External Partner WDIO","selector":{"id":"application-managepartners-display-component---NewPartner--addressDetailDetailsName1","interaction":{"idSuffix":"inner"}},"clearTextFirst":true,"interactionType":"ENTER_TEXT"}]}
RESULT: {"script":"<script> [776 bytes]","args":[{"enterText":"External Partner WDIO","selector":{"id":"application-managepartners-display-component---NewPartner--addressDetailDetailsName1","interaction":{"idSuffix":"inner"}},"clearTextFirst":true,"interactionType":"ENTER_TEXT"}]}
COMMAND: POST /session/e537112f6f31df0d8590d52383dd5938/execute/async - {"script":"<script> [1562 bytes]","args":[{"selector":{"id":"application-managepartners-display-component---NewPartner--addressDetailDetailsLanguage-arrow"},"wdio_ui5_key":"applicationmanagepartners-display-component---NewPartner--addressDetailDetailsLanguage-arrow"}]}
RESULT: {"script":"<script> [1562 bytes]","args":[{"selector":{"id":"application-managepartners-display-component---NewPartner--addressDetailDetailsLanguage-arrow"},"wdio_ui5_key":"applicationmanagepartners-display-component---NewPartner--addressDetailDetailsLanguage-arrow"}]}
RESULT: undefined
COMMAND: POST /session/e537112f6f31df0d8590d52383dd5938/element - {"using":"xpath","value":"//*[@id=\"application-managepartners-display-component---NewPartner--addressDetailDetailsLanguage-arrow\"]"}
RESULT: {"using":"xpath","value":"//*[@id=\"application-managepartners-display-component---NewPartner--addressDetailDetailsLanguage-arrow\"]"}
COMMAND: POST /session/e537112f6f31df0d8590d52383dd5938/element/f.3D8655DB7C018FB3B3311B2BCD0F0E61.d.4AB1054A5B74B12608ECCC02AB9E72A5.e.1462/click - {}
RESULT: {}
COMMAND: POST /session/e537112f6f31df0d8590d52383dd5938/element - {"using":"xpath","value":"//span[contains(text(), \"English\")]"}
COMMAND: GET /session/e537112f6f31df0d8590d52383dd5938/screenshot - {}
RESULT: {"using":"xpath","value":"//span[contains(text(), \"English\")]"}
COMMAND: POST /session/e537112f6f31df0d8590d52383dd5938/element/f.3D8655DB7C018FB3B3311B2BCD0F0E61.d.4AB1054A5B74B12608ECCC02AB9E72A5.e.1463/click - {}
RESULT: {}
RESULT: {}
COMMAND: GET /session/e537112f6f31df0d8590d52383dd5938/screenshot - {}
RESULT: {}
COMMAND: POST /session/e537112f6f31df0d8590d52383dd5938/execute/async - {"script":"<script> [1562 bytes]","args":[{"selector":{"id":"application-managepartners-display-component---NewPartner--addressDetailDetailsCity1","interaction":{"idSuffix":"inner"}},"wdio_ui5_key":"applicationmanagepartners-display-component---NewPartner--addressDetailDetailsCity1"}]}
RESULT: {"script":"<script> [1562 bytes]","args":[{"selector":{"id":"application-managepartners-display-component---NewPartner--addressDetailDetailsCity1","interaction":{"idSuffix":"inner"}},"wdio_ui5_key":"applicationmanagepartners-display-component---NewPartner--addressDetailDetailsCity1"}]}
RESULT: undefined
COMMAND: POST /session/e537112f6f31df0d8590d52383dd5938/execute/async - {"script":"<script> [776 bytes]","args":[{"enterText":"Rosario","selector":{"id":"application-managepartners-display-component---NewPartner--addressDetailDetailsCity1","interaction":{"idSuffix":"inner"}},"clearTextFirst":true,"interactionType":"ENTER_TEXT"}]}
RESULT: {"script":"<script> [776 bytes]","args":[{"enterText":"Rosario","selector":{"id":"application-managepartners-display-component---NewPartner--addressDetailDetailsCity1","interaction":{"idSuffix":"inner"}},"clearTextFirst":true,"interactionType":"ENTER_TEXT"}]}
COMMAND: POST /session/e537112f6f31df0d8590d52383dd5938/execute/async - {"script":"<script> [1562 bytes]","args":[{"selector":{"id":"application-managepartners-display-component---NewPartner--addressDetailDetailsCountry-arrow"},"wdio_ui5_key":"applicationmanagepartners-display-component---NewPartner--addressDetailDetailsCountry-arrow"}]}
RESULT: {"script":"<script> [1562 bytes]","args":[{"selector":{"id":"application-managepartners-display-component---NewPartner--addressDetailDetailsCountry-arrow"},"wdio_ui5_key":"applicationmanagepartners-display-component---NewPartner--addressDetailDetailsCountry-arrow"}]}
RESULT: undefined
COMMAND: POST /session/e537112f6f31df0d8590d52383dd5938/element - {"using":"xpath","value":"//*[@id=\"application-managepartners-display-component---NewPartner--addressDetailDetailsCountry-arrow\"]"}
RESULT: {"using":"xpath","value":"//*[@id=\"application-managepartners-display-component---NewPartner--addressDetailDetailsCountry-arrow\"]"}
COMMAND: POST /session/e537112f6f31df0d8590d52383dd5938/element/f.3D8655DB7C018FB3B3311B2BCD0F0E61.d.4AB1054A5B74B12608ECCC02AB9E72A5.e.1422/click - {}
RESULT: {}
COMMAND: POST /session/e537112f6f31df0d8590d52383dd5938/element - {"using":"xpath","value":"//span[contains(text(), \"Argentina\")]"}
COMMAND: GET /session/e537112f6f31df0d8590d52383dd5938/screenshot - {}
RESULT: {"using":"xpath","value":"//span[contains(text(), \"Argentina\")]"}
COMMAND: POST /session/e537112f6f31df0d8590d52383dd5938/element/f.3D8655DB7C018FB3B3311B2BCD0F0E61.d.4AB1054A5B74B12608ECCC02AB9E72A5.e.1465/click - {}
RESULT: {}
RESULT: {}
COMMAND: GET /session/e537112f6f31df0d8590d52383dd5938/screenshot - {}
RESULT: {}
COMMAND: POST /session/e537112f6f31df0d8590d52383dd5938/element - {"using":"xpath","value":"//bdi[contains(text(), \"Commercial\")]"}
RESULT: {"using":"xpath","value":"//bdi[contains(text(), \"Commercial\")]"}
COMMAND: POST /session/e537112f6f31df0d8590d52383dd5938/element/f.3D8655DB7C018FB3B3311B2BCD0F0E61.d.4AB1054A5B74B12608ECCC02AB9E72A5.e.1466/click - {}
RESULT: {}
COMMAND: GET /session/e537112f6f31df0d8590d52383dd5938/screenshot - {}
RESULT: {}
COMMAND: POST /session/e537112f6f31df0d8590d52383dd5938/execute/async - {"script":"<script> [1562 bytes]","args":[{"selector":{"id":"application-managepartners-display-component---NewPartner--partnerDetailInternal-arrow"},"wdio_ui5_key":"applicationmanagepartners-display-component---NewPartner--partnerDetailInternal-arrow"}]}
RESULT: {"script":"<script> [1562 bytes]","args":[{"selector":{"id":"application-managepartners-display-component---NewPartner--partnerDetailInternal-arrow"},"wdio_ui5_key":"applicationmanagepartners-display-component---NewPartner--partnerDetailInternal-arrow"}]}
RESULT: undefined
COMMAND: POST /session/e537112f6f31df0d8590d52383dd5938/element - {"using":"xpath","value":"//*[@id=\"application-managepartners-display-component---NewPartner--partnerDetailInternal-arrow\"]"}
RESULT: {"using":"xpath","value":"//*[@id=\"application-managepartners-display-component---NewPartner--partnerDetailInternal-arrow\"]"}
COMMAND: POST /session/e537112f6f31df0d8590d52383dd5938/element/f.3D8655DB7C018FB3B3311B2BCD0F0E61.d.4AB1054A5B74B12608ECCC02AB9E72A5.e.1472/click - {}
RESULT: {}
COMMAND: POST /session/e537112f6f31df0d8590d52383dd5938/element - {"using":"xpath","value":"//span[contains(text(), \"External partner\")]"}
COMMAND: GET /session/e537112f6f31df0d8590d52383dd5938/screenshot - {}
RESULT: {"using":"xpath","value":"//span[contains(text(), \"External partner\")]"}
COMMAND: POST /session/e537112f6f31df0d8590d52383dd5938/element/f.3D8655DB7C018FB3B3311B2BCD0F0E61.d.4AB1054A5B74B12608ECCC02AB9E72A5.e.1473/click - {}
RESULT: {}
RESULT: {}
COMMAND: POST /session/e537112f6f31df0d8590d52383dd5938/execute/async - {"script":"<script> [1562 bytes]","args":[{"selector":{"id":"application-managepartners-display-component---NewPartner--partnerDetailsCurrency-arrow"},"wdio_ui5_key":"applicationmanagepartners-display-component---NewPartner--partnerDetailsCurrency-arrow"}]}
COMMAND: GET /session/e537112f6f31df0d8590d52383dd5938/screenshot - {}
RESULT: {"script":"<script> [1562 bytes]","args":[{"selector":{"id":"application-managepartners-display-component---NewPartner--partnerDetailsCurrency-arrow"},"wdio_ui5_key":"applicationmanagepartners-display-component---NewPartner--partnerDetailsCurrency-arrow"}]}
RESULT: undefined
COMMAND: POST /session/e537112f6f31df0d8590d52383dd5938/element - {"using":"xpath","value":"//*[@id=\"application-managepartners-display-component---NewPartner--partnerDetailsCurrency-arrow\"]"}
RESULT: {}
RESULT: {"using":"xpath","value":"//*[@id=\"application-managepartners-display-component---NewPartner--partnerDetailsCurrency-arrow\"]"}
COMMAND: POST /session/e537112f6f31df0d8590d52383dd5938/element/f.3D8655DB7C018FB3B3311B2BCD0F0E61.d.4AB1054A5B74B12608ECCC02AB9E72A5.e.1478/click - {}
RESULT: {}
COMMAND: POST /session/e537112f6f31df0d8590d52383dd5938/element - {"using":"xpath","value":"//span[contains(text(), \"US Dollar\")]"}
COMMAND: GET /session/e537112f6f31df0d8590d52383dd5938/screenshot - {}
RESULT: {"using":"xpath","value":"//span[contains(text(), \"US Dollar\")]"}
COMMAND: POST /session/e537112f6f31df0d8590d52383dd5938/element/f.3D8655DB7C018FB3B3311B2BCD0F0E61.d.4AB1054A5B74B12608ECCC02AB9E72A5.e.1479/click - {}
RESULT: {}
RESULT: {}
COMMAND: GET /session/e537112f6f31df0d8590d52383dd5938/screenshot - {}
RESULT: {}
COMMAND: POST /session/e537112f6f31df0d8590d52383dd5938/element - {"using":"xpath","value":"//input[@id=\"application-managepartners-display-component---NewPartner--companyCodeComboBox-inner\"]"}
RESULT: {"using":"xpath","value":"//input[@id=\"application-managepartners-display-component---NewPartner--companyCodeComboBox-inner\"]"}
COMMAND: POST /session/e537112f6f31df0d8590d52383dd5938/element/f.3D8655DB7C018FB3B3311B2BCD0F0E61.d.4AB1054A5B74B12608ECCC02AB9E72A5.e.1375/clear - {}
RESULT: {}
COMMAND: POST /session/e537112f6f31df0d8590d52383dd5938/element/f.3D8655DB7C018FB3B3311B2BCD0F0E61.d.4AB1054A5B74B12608ECCC02AB9E72A5.e.1375/value - {"text":"C002"}
COMMAND: GET /session/e537112f6f31df0d8590d52383dd5938/screenshot - {}
RESULT: {"text":"C002"}
COMMAND: GET /session/e537112f6f31df0d8590d52383dd5938/screenshot - {}
RESULT: {}
RESULT: {}
COMMAND: POST /session/e537112f6f31df0d8590d52383dd5938/element - {"using":"xpath","value":"//li[.//span[text()= \"C002\"]]"}
RESULT: {"using":"xpath","value":"//li[.//span[text()= \"C002\"]]"}
COMMAND: POST /session/e537112f6f31df0d8590d52383dd5938/element/f.3D8655DB7C018FB3B3311B2BCD0F0E61.d.4AB1054A5B74B12608ECCC02AB9E72A5.e.1483/click - {}
RESULT: {}
COMMAND: GET /session/e537112f6f31df0d8590d52383dd5938/screenshot - {}
RESULT: {}
COMMAND: POST /session/e537112f6f31df0d8590d52383dd5938/execute/async - {"script":"<script> [1562 bytes]","args":[{"selector":{"controlType":"sap.ui.core.Icon","viewName":"etm.portal.ui.managepartners.view.NewPartner","viewId":"application-managepartners-display-component---NewPartner","properties":{"src":{"regex":{"source":"slim\\-arrow\\-down"}}},"ancestor":{"controlType":"sap.m.ComboBox","viewName":"etm.portal.ui.managepartners.view.NewPartner","viewId":"application-managepartners-display-component---NewPartner","bindingPath":{"path":"","propertyPath":"/CATALOG","modelName":"oNewPartnerModel"}}},"wdio_ui5_key":"etmportal.ui.managepartners.view.NewPartnersap.ui.core.Icon{\"src\":{\"regex\":{\"source\":\"slim\\\\-arrow\\\\-down\"}}}{\"controlType\":\"sap.m.ComboBox\",\"viewName\":\"etm.portal.ui.managepartners.view.NewPartner\",\"viewId\":\"application-managepartners-display-component---NewPartner\",\"bindingPath\":{\"path\":\"\",\"propertyPath\":\"/CATALOG\",\"modelName\":\"oNewPartnerModel\"}}"}]}
RESULT: {"script":"<script> [1562 bytes]","args":[{"selector":{"controlType":"sap.ui.core.Icon","viewName":"etm.portal.ui.managepartners.view.NewPartner","viewId":"application-managepartners-display-component---NewPartner","properties":{"src":{"regex":{"source":"slim\\-arrow\\-down"}}},"ancestor":{"controlType":"sap.m.ComboBox","viewName":"etm.portal.ui.managepartners.view.NewPartner","viewId":"application-managepartners-display-component---NewPartner","bindingPath":{"path":"","propertyPath":"/CATALOG","modelName":"oNewPartnerModel"}}},"wdio_ui5_key":"etmportal.ui.managepartners.view.NewPartnersap.ui.core.Icon{\"src\":{\"regex\":{\"source\":\"slim\\\\-arrow\\\\-down\"}}}{\"controlType\":\"sap.m.ComboBox\",\"viewName\":\"etm.portal.ui.managepartners.view.NewPartner\",\"viewId\":\"application-managepartners-display-component---NewPartner\",\"bindingPath\":{\"path\":\"\",\"propertyPath\":\"/CATALOG\",\"modelName\":\"oNewPartnerModel\"}}"}]}
RESULT: undefined
COMMAND: POST /session/e537112f6f31df0d8590d52383dd5938/element - {"using":"xpath","value":"//*[@id=\"__box22-arrow\"]"}
RESULT: {"using":"xpath","value":"//*[@id=\"__box22-arrow\"]"}
COMMAND: POST /session/e537112f6f31df0d8590d52383dd5938/element/f.3D8655DB7C018FB3B3311B2BCD0F0E61.d.4AB1054A5B74B12608ECCC02AB9E72A5.e.1423/click - {}
RESULT: {}
COMMAND: GET /session/e537112f6f31df0d8590d52383dd5938/screenshot - {}
RESULT: {}
COMMAND: POST /session/e537112f6f31df0d8590d52383dd5938/element - {"using":"xpath","value":"//li[.//span[text()= \"Webshop Catalog\"]]"}
RESULT: {"using":"xpath","value":"//li[.//span[text()= \"Webshop Catalog\"]]"}
COMMAND: POST /session/e537112f6f31df0d8590d52383dd5938/element/f.3D8655DB7C018FB3B3311B2BCD0F0E61.d.4AB1054A5B74B12608ECCC02AB9E72A5.e.1485/click - {}
RESULT: {}
COMMAND: GET /session/e537112f6f31df0d8590d52383dd5938/screenshot - {}
RESULT: {}
COMMAND: POST /session/e537112f6f31df0d8590d52383dd5938/execute/async - {"script":"<script> [1562 bytes]","args":[{"selector":{"id":"application-managepartners-display-component---NewPartner--btnAddTableRow-img"},"wdio_ui5_key":"applicationmanagepartners-display-component---NewPartner--btnAddTableRow-img"}]}
RESULT: {"script":"<script> [1562 bytes]","args":[{"selector":{"id":"application-managepartners-display-component---NewPartner--btnAddTableRow-img"},"wdio_ui5_key":"applicationmanagepartners-display-component---NewPartner--btnAddTableRow-img"}]}
RESULT: undefined
COMMAND: POST /session/e537112f6f31df0d8590d52383dd5938/element - {"using":"xpath","value":"//*[@id=\"application-managepartners-display-component---NewPartner--btnAddTableRow-img\"]"}
RESULT: {"using":"xpath","value":"//*[@id=\"application-managepartners-display-component---NewPartner--btnAddTableRow-img\"]"}
COMMAND: POST /session/e537112f6f31df0d8590d52383dd5938/element/f.3D8655DB7C018FB3B3311B2BCD0F0E61.d.4AB1054A5B74B12608ECCC02AB9E72A5.e.1486/click - {}
RESULT: {}
COMMAND: GET /session/e537112f6f31df0d8590d52383dd5938/screenshot - {}
RESULT: {}
COMMAND: POST /session/e537112f6f31df0d8590d52383dd5938/element - {"using":"xpath","value":"//input[@id=\"application-managepartners-display-component---NewPartner--assignmentYard-application-managepartners-display-component---NewPartner--assignmentsTable-0-inner\"]"}
RESULT: {"using":"xpath","value":"//input[@id=\"application-managepartners-display-component---NewPartner--assignmentYard-application-managepartners-display-component---NewPartner--assignmentsTable-0-inner\"]"}
COMMAND: POST /session/e537112f6f31df0d8590d52383dd5938/element/f.3D8655DB7C018FB3B3311B2BCD0F0E61.d.4AB1054A5B74B12608ECCC02AB9E72A5.e.1489/clear - {}
RESULT: {}
COMMAND: POST /session/e537112f6f31df0d8590d52383dd5938/element/f.3D8655DB7C018FB3B3311B2BCD0F0E61.d.4AB1054A5B74B12608ECCC02AB9E72A5.e.1489/value - {"text":"433"}
COMMAND: GET /session/e537112f6f31df0d8590d52383dd5938/screenshot - {}
RESULT: {"text":"433"}
COMMAND: GET /session/e537112f6f31df0d8590d52383dd5938/screenshot - {}
RESULT: {}
RESULT: {}
COMMAND: POST /session/e537112f6f31df0d8590d52383dd5938/element - {"using":"xpath","value":"//li[.//span[text()='433']]"}
RESULT: {"using":"xpath","value":"//li[.//span[text()='433']]"}
COMMAND: POST /session/e537112f6f31df0d8590d52383dd5938/element/f.3D8655DB7C018FB3B3311B2BCD0F0E61.d.4AB1054A5B74B12608ECCC02AB9E72A5.e.1497/click - {}
RESULT: {}
COMMAND: GET /session/e537112f6f31df0d8590d52383dd5938/screenshot - {}
RESULT: {}
COMMAND: POST /session/e537112f6f31df0d8590d52383dd5938/actions - {"actions":[{"id":"action2","type":"key","parameters":{},"actions":[{"type":"keyDown","value":""},{"type":"pause","duration":10},{"type":"keyUp","value":""}]}]}
RESULT: {"actions":[{"id":"action2","type":"key","parameters":{},"actions":[{"type":"keyDown","value":""},{"type":"pause","duration":10},{"type":"keyUp","value":""}]}]}
COMMAND: POST /session/e537112f6f31df0d8590d52383dd5938/element - {"using":"xpath","value":"//td[contains(@id, \"assignmentsTable-0-cell2\")]/div/div"}
COMMAND: GET /session/e537112f6f31df0d8590d52383dd5938/screenshot - {}
RESULT: {"using":"xpath","value":"//td[contains(@id, \"assignmentsTable-0-cell2\")]/div/div"}
COMMAND: POST /session/e537112f6f31df0d8590d52383dd5938/element/f.3D8655DB7C018FB3B3311B2BCD0F0E61.d.4AB1054A5B74B12608ECCC02AB9E72A5.e.1500/click - {}
RESULT: {}
RESULT: {}
COMMAND: GET /session/e537112f6f31df0d8590d52383dd5938/screenshot - {}
RESULT: {}
COMMAND: POST /session/e537112f6f31df0d8590d52383dd5938/element - {"using":"xpath","value":"//button[@data-kt=\"saveButton\"]"}
RESULT: {"using":"xpath","value":"//button[@data-kt=\"saveButton\"]"}
COMMAND: POST /session/e537112f6f31df0d8590d52383dd5938/element/f.3D8655DB7C018FB3B3311B2BCD0F0E61.d.4AB1054A5B74B12608ECCC02AB9E72A5.e.1418/click - {}
RESULT: {}
COMMAND: GET /session/e537112f6f31df0d8590d52383dd5938/screenshot - {}
RESULT: {}
COMMAND: POST /session/e537112f6f31df0d8590d52383dd5938/element - {"using":"xpath","value":"//header[contains(@id, 'ObjectPageLayout-headerTitle')]/div[1]/div[2]/div[2]/span[1]"}
RESULT: {"using":"xpath","value":"//header[contains(@id, 'ObjectPageLayout-headerTitle')]/div[1]/div[2]/div[2]/span[1]"}
COMMAND: POST /session/e537112f6f31df0d8590d52383dd5938/elements - {"using":"xpath","value":"//header[contains(@id, 'ObjectPageLayout-headerTitle')]/div[1]/div[2]/div[2]/span[1]"}
RESULT: {"using":"xpath","value":"//header[contains(@id, 'ObjectPageLayout-headerTitle')]/div[1]/div[2]/div[2]/span[1]"}
COMMAND: POST /session/e537112f6f31df0d8590d52383dd5938/execute/sync - {"script":"<script> [56 bytes]","args":[{"element-6066-11e4-a52e-4f735466cecf":"f.3D8655DB7C018FB3B3311B2BCD0F0E61.d.4AB1054A5B74B12608ECCC02AB9E72A5.e.1659","ELEMENT":"f.3D8655DB7C018FB3B3311B2BCD0F0E61.d.4AB1054A5B74B12608ECCC02AB9E72A5.e.1659"}]}
RESULT: {"script":"<script> [56 bytes]","args":[{"element-6066-11e4-a52e-4f735466cecf":"f.3D8655DB7C018FB3B3311B2BCD0F0E61.d.4AB1054A5B74B12608ECCC02AB9E72A5.e.1659","ELEMENT":"f.3D8655DB7C018FB3B3311B2BCD0F0E61.d.4AB1054A5B74B12608ECCC02AB9E72A5.e.1659"}]}
COMMAND: POST /session/e537112f6f31df0d8590d52383dd5938/element - {"using":"css selector","value":"#shell-header-logo"}
COMMAND: GET /session/e537112f6f31df0d8590d52383dd5938/screenshot - {}
RESULT: {"using":"css selector","value":"#shell-header-logo"}
COMMAND: POST /session/e537112f6f31df0d8590d52383dd5938/element/f.3D8655DB7C018FB3B3311B2BCD0F0E61.d.4AB1054A5B74B12608ECCC02AB9E72A5.e.977/click - {}
RESULT: {}
RESULT: {}
COMMAND: GET /session/e537112f6f31df0d8590d52383dd5938/screenshot - {}
RESULT: {}
COMMAND: POST /session/e537112f6f31df0d8590d52383dd5938/execute/sync - {"script":"<script> [299 bytes]","args":[["getModel","getResource"]]}
RESULT: {"script":"<script> [299 bytes]","args":[["getModel","getResource"]]}
COMMAND: GET /session/e537112f6f31df0d8590d52383dd5938/screenshot - {}
]]></system-out>
    </testcase>
    <testcase classname="chrome.136_0_7103_93.windows.Partner_specific_tests_US150819_US151080_US151654_US151176_US103444_US151078_US151079_US151109_US151174_US151175_US151189" name="Should filter and search partners US151080" time="105.496">
      <system-out><![CDATA[
COMMAND: POST /session/e537112f6f31df0d8590d52383dd5938/element - {"using":"xpath","value":"//li[.//span[text()=\"Manage Partners\"]]"}
RESULT: {}
RESULT: {"using":"xpath","value":"//li[.//span[text()=\"Manage Partners\"]]"}
COMMAND: POST /session/e537112f6f31df0d8590d52383dd5938/element - {"using":"xpath","value":"//li[.//span[text()=\"Manage Partners\"]]"}
RESULT: {"using":"xpath","value":"//li[.//span[text()=\"Manage Partners\"]]"}
COMMAND: POST /session/e537112f6f31df0d8590d52383dd5938/element - {"using":"css selector","value":"#shell-header-logo"}
RESULT: {"using":"css selector","value":"#shell-header-logo"}
COMMAND: POST /session/e537112f6f31df0d8590d52383dd5938/element/f.3D8655DB7C018FB3B3311B2BCD0F0E61.d.4AB1054A5B74B12608ECCC02AB9E72A5.e.1661/click - {}
COMMAND: POST /session/e537112f6f31df0d8590d52383dd5938/execute/sync - {"script":"<script> [8489 bytes]","args":[{"element-6066-11e4-a52e-4f735466cecf":"f.3D8655DB7C018FB3B3311B2BCD0F0E61.d.4AB1054A5B74B12608ECCC02AB9E72A5.e.1661","ELEMENT":"f.3D8655DB7C018FB3B3311B2BCD0F0E61.d.4AB1054A5B74B12608ECCC02AB9E72A5.e.1661"}]}
RESULT: {}
COMMAND: GET /session/e537112f6f31df0d8590d52383dd5938/screenshot - {}
RESULT: {"script":"<script> [8489 bytes]","args":[{"element-6066-11e4-a52e-4f735466cecf":"f.3D8655DB7C018FB3B3311B2BCD0F0E61.d.4AB1054A5B74B12608ECCC02AB9E72A5.e.1661","ELEMENT":"f.3D8655DB7C018FB3B3311B2BCD0F0E61.d.4AB1054A5B74B12608ECCC02AB9E72A5.e.1661"}]}
COMMAND: POST /session/e537112f6f31df0d8590d52383dd5938/execute/sync - {"script":"<script> [5351 bytes]","args":[{"element-6066-11e4-a52e-4f735466cecf":"f.3D8655DB7C018FB3B3311B2BCD0F0E61.d.4AB1054A5B74B12608ECCC02AB9E72A5.e.1661","ELEMENT":"f.3D8655DB7C018FB3B3311B2BCD0F0E61.d.4AB1054A5B74B12608ECCC02AB9E72A5.e.1661"}]}
COMMAND: GET /session/e537112f6f31df0d8590d52383dd5938/screenshot - {}
RESULT: {}
RESULT: {"script":"<script> [5351 bytes]","args":[{"element-6066-11e4-a52e-4f735466cecf":"f.3D8655DB7C018FB3B3311B2BCD0F0E61.d.4AB1054A5B74B12608ECCC02AB9E72A5.e.1661","ELEMENT":"f.3D8655DB7C018FB3B3311B2BCD0F0E61.d.4AB1054A5B74B12608ECCC02AB9E72A5.e.1661"}]}
COMMAND: GET /session/e537112f6f31df0d8590d52383dd5938/screenshot - {}
RESULT: {}
RESULT: {}
RESULT: undefined
COMMAND: POST /session/e537112f6f31df0d8590d52383dd5938/element - {"using":"xpath","value":"//*[@id=\"__tile38\"]"}
RESULT: {"using":"xpath","value":"//*[@id=\"__tile38\"]"}
COMMAND: POST /session/e537112f6f31df0d8590d52383dd5938/element/f.3D8655DB7C018FB3B3311B2BCD0F0E61.d.4AB1054A5B74B12608ECCC02AB9E72A5.e.142/click - {}
RESULT: {}
COMMAND: GET /session/e537112f6f31df0d8590d52383dd5938/screenshot - {}
RESULT: {}
COMMAND: POST /session/e537112f6f31df0d8590d52383dd5938/elements - {"using":"xpath","value":"//span[text()='Error']"}
RESULT: {"using":"xpath","value":"//span[text()='Error']"}
COMMAND: POST /session/e537112f6f31df0d8590d52383dd5938/element - {"using":"xpath","value":"//button[@data-kt=\"addButton\"]"}
RESULT: {"using":"xpath","value":"//button[@data-kt=\"addButton\"]"}
COMMAND: POST /session/e537112f6f31df0d8590d52383dd5938/elements - {"using":"xpath","value":"//button[@data-kt=\"addButton\"]"}
RESULT: {"using":"xpath","value":"//button[@data-kt=\"addButton\"]"}
COMMAND: POST /session/e537112f6f31df0d8590d52383dd5938/execute/sync - {"script":"<script> [8489 bytes]","args":[{"element-6066-11e4-a52e-4f735466cecf":"f.3D8655DB7C018FB3B3311B2BCD0F0E61.d.4AB1054A5B74B12608ECCC02AB9E72A5.e.1706","ELEMENT":"f.3D8655DB7C018FB3B3311B2BCD0F0E61.d.4AB1054A5B74B12608ECCC02AB9E72A5.e.1706"}]}
RESULT: {"script":"<script> [8489 bytes]","args":[{"element-6066-11e4-a52e-4f735466cecf":"f.3D8655DB7C018FB3B3311B2BCD0F0E61.d.4AB1054A5B74B12608ECCC02AB9E72A5.e.1706","ELEMENT":"f.3D8655DB7C018FB3B3311B2BCD0F0E61.d.4AB1054A5B74B12608ECCC02AB9E72A5.e.1706"}]}
COMMAND: GET /session/e537112f6f31df0d8590d52383dd5938/element/f.3D8655DB7C018FB3B3311B2BCD0F0E61.d.4AB1054A5B74B12608ECCC02AB9E72A5.e.1706/enabled - {}
COMMAND: GET /session/e537112f6f31df0d8590d52383dd5938/screenshot - {}
RESULT: {}
COMMAND: POST /session/e537112f6f31df0d8590d52383dd5938/execute/sync - {"script":"<script> [8489 bytes]","args":[{"element-6066-11e4-a52e-4f735466cecf":"f.3D8655DB7C018FB3B3311B2BCD0F0E61.d.4AB1054A5B74B12608ECCC02AB9E72A5.e.1706","ELEMENT":"f.3D8655DB7C018FB3B3311B2BCD0F0E61.d.4AB1054A5B74B12608ECCC02AB9E72A5.e.1706"}]}
COMMAND: GET /session/e537112f6f31df0d8590d52383dd5938/screenshot - {}
RESULT: {}
RESULT: {"script":"<script> [8489 bytes]","args":[{"element-6066-11e4-a52e-4f735466cecf":"f.3D8655DB7C018FB3B3311B2BCD0F0E61.d.4AB1054A5B74B12608ECCC02AB9E72A5.e.1706","ELEMENT":"f.3D8655DB7C018FB3B3311B2BCD0F0E61.d.4AB1054A5B74B12608ECCC02AB9E72A5.e.1706"}]}
COMMAND: POST /session/e537112f6f31df0d8590d52383dd5938/execute/sync - {"script":"<script> [5351 bytes]","args":[{"element-6066-11e4-a52e-4f735466cecf":"f.3D8655DB7C018FB3B3311B2BCD0F0E61.d.4AB1054A5B74B12608ECCC02AB9E72A5.e.1706","ELEMENT":"f.3D8655DB7C018FB3B3311B2BCD0F0E61.d.4AB1054A5B74B12608ECCC02AB9E72A5.e.1706"}]}
COMMAND: GET /session/e537112f6f31df0d8590d52383dd5938/screenshot - {}
RESULT: {}
RESULT: {"script":"<script> [5351 bytes]","args":[{"element-6066-11e4-a52e-4f735466cecf":"f.3D8655DB7C018FB3B3311B2BCD0F0E61.d.4AB1054A5B74B12608ECCC02AB9E72A5.e.1706","ELEMENT":"f.3D8655DB7C018FB3B3311B2BCD0F0E61.d.4AB1054A5B74B12608ECCC02AB9E72A5.e.1706"}]}
COMMAND: GET /session/e537112f6f31df0d8590d52383dd5938/screenshot - {}
RESULT: {}
RESULT: {}
COMMAND: POST /session/e537112f6f31df0d8590d52383dd5938/execute/async - {"script":"<script> [1562 bytes]","args":[{"selector":{"id":"application-managepartners-display-component---masterPtm--smartTable-btnPersonalisation-img"},"wdio_ui5_key":"applicationmanagepartners-display-component---masterPtm--smartTable-btnPersonalisation-img"}]}
RESULT: {"script":"<script> [1562 bytes]","args":[{"selector":{"id":"application-managepartners-display-component---masterPtm--smartTable-btnPersonalisation-img"},"wdio_ui5_key":"applicationmanagepartners-display-component---masterPtm--smartTable-btnPersonalisation-img"}]}
RESULT: undefined
COMMAND: POST /session/e537112f6f31df0d8590d52383dd5938/element - {"using":"xpath","value":"//*[@id=\"application-managepartners-display-component---masterPtm--smartTable-btnPersonalisation-img\"]"}
RESULT: {"using":"xpath","value":"//*[@id=\"application-managepartners-display-component---masterPtm--smartTable-btnPersonalisation-img\"]"}
COMMAND: POST /session/e537112f6f31df0d8590d52383dd5938/element/f.3D8655DB7C018FB3B3311B2BCD0F0E61.d.4AB1054A5B74B12608ECCC02AB9E72A5.e.1711/click - {}
RESULT: {}
COMMAND: GET /session/e537112f6f31df0d8590d52383dd5938/screenshot - {}
RESULT: {}
COMMAND: POST /session/e537112f6f31df0d8590d52383dd5938/execute/async - {"script":"<script> [1562 bytes]","args":[{"selector":{"controlType":"sap.m.IconTabFilter","viewName":"etm.portal.ui.managepartners.view.Master","viewId":"application-managepartners-display-component---masterPtm","properties":{"text":"Sort"},"searchOpenDialogs":true,"interaction":{"idSuffix":"text"}},"wdio_ui5_key":"etmportal.ui.managepartners.view.Mastersap.m.IconTabFilter{\"text\":\"Sort\"}"}]}
RESULT: {"script":"<script> [1562 bytes]","args":[{"selector":{"controlType":"sap.m.IconTabFilter","viewName":"etm.portal.ui.managepartners.view.Master","viewId":"application-managepartners-display-component---masterPtm","properties":{"text":"Sort"},"searchOpenDialogs":true,"interaction":{"idSuffix":"text"}},"wdio_ui5_key":"etmportal.ui.managepartners.view.Mastersap.m.IconTabFilter{\"text\":\"Sort\"}"}]}
RESULT: undefined
COMMAND: POST /session/e537112f6f31df0d8590d52383dd5938/element - {"using":"xpath","value":"//*[@id=\"__filter1\"]"}
RESULT: {"using":"xpath","value":"//*[@id=\"__filter1\"]"}
COMMAND: POST /session/e537112f6f31df0d8590d52383dd5938/element/f.3D8655DB7C018FB3B3311B2BCD0F0E61.d.4AB1054A5B74B12608ECCC02AB9E72A5.e.1853/click - {}
RESULT: {}
COMMAND: GET /session/e537112f6f31df0d8590d52383dd5938/screenshot - {}
RESULT: {}
COMMAND: POST /session/e537112f6f31df0d8590d52383dd5938/element - {"using":"xpath","value":"//input[@placeholder=\"Sort by\"]/following-sibling::div//span"}
RESULT: {"using":"xpath","value":"//input[@placeholder=\"Sort by\"]/following-sibling::div//span"}
COMMAND: POST /session/e537112f6f31df0d8590d52383dd5938/element/f.3D8655DB7C018FB3B3311B2BCD0F0E61.d.4AB1054A5B74B12608ECCC02AB9E72A5.e.1855/click - {}
RESULT: {}
COMMAND: GET /session/e537112f6f31df0d8590d52383dd5938/screenshot - {}
RESULT: {}
COMMAND: POST /session/e537112f6f31df0d8590d52383dd5938/element - {"using":"xpath","value":"//li[.//span[text()=\"Language\"]]"}
RESULT: {"using":"xpath","value":"//li[.//span[text()=\"Language\"]]"}
COMMAND: POST /session/e537112f6f31df0d8590d52383dd5938/element/f.3D8655DB7C018FB3B3311B2BCD0F0E61.d.4AB1054A5B74B12608ECCC02AB9E72A5.e.1856/click - {}
RESULT: {}
COMMAND: GET /session/e537112f6f31df0d8590d52383dd5938/screenshot - {}
RESULT: {}
COMMAND: POST /session/e537112f6f31df0d8590d52383dd5938/element - {"using":"xpath","value":"//bdi[contains(text(), \"OK\")]"}
RESULT: {"using":"xpath","value":"//bdi[contains(text(), \"OK\")]"}
COMMAND: POST /session/e537112f6f31df0d8590d52383dd5938/element/f.3D8655DB7C018FB3B3311B2BCD0F0E61.d.4AB1054A5B74B12608ECCC02AB9E72A5.e.1860/click - {}
RESULT: {}
COMMAND: GET /session/e537112f6f31df0d8590d52383dd5938/screenshot - {}
RESULT: {}
COMMAND: POST /session/e537112f6f31df0d8590d52383dd5938/element - {"using":"xpath","value":"//table[contains(@id, \"customPartnersTable\")]//tbody/tr[1]/td[3]/span"}
RESULT: {"using":"xpath","value":"//table[contains(@id, \"customPartnersTable\")]//tbody/tr[1]/td[3]/span"}
COMMAND: POST /session/e537112f6f31df0d8590d52383dd5938/execute/sync - {"script":"<script> [56 bytes]","args":[{"element-6066-11e4-a52e-4f735466cecf":"f.3D8655DB7C018FB3B3311B2BCD0F0E61.d.4AB1054A5B74B12608ECCC02AB9E72A5.e.1970","ELEMENT":"f.3D8655DB7C018FB3B3311B2BCD0F0E61.d.4AB1054A5B74B12608ECCC02AB9E72A5.e.1970"}]}
RESULT: {"script":"<script> [56 bytes]","args":[{"element-6066-11e4-a52e-4f735466cecf":"f.3D8655DB7C018FB3B3311B2BCD0F0E61.d.4AB1054A5B74B12608ECCC02AB9E72A5.e.1970","ELEMENT":"f.3D8655DB7C018FB3B3311B2BCD0F0E61.d.4AB1054A5B74B12608ECCC02AB9E72A5.e.1970"}]}
RESULT: undefined
COMMAND: POST /session/e537112f6f31df0d8590d52383dd5938/element - {"using":"xpath","value":"//*[@id=\"application-managepartners-display-component---masterPtm--smartTable-btnPersonalisation-img\"]"}
COMMAND: GET /session/e537112f6f31df0d8590d52383dd5938/screenshot - {}
RESULT: {"using":"xpath","value":"//*[@id=\"application-managepartners-display-component---masterPtm--smartTable-btnPersonalisation-img\"]"}
COMMAND: POST /session/e537112f6f31df0d8590d52383dd5938/element/f.3D8655DB7C018FB3B3311B2BCD0F0E61.d.4AB1054A5B74B12608ECCC02AB9E72A5.e.1711/click - {}
RESULT: {}
RESULT: {}
COMMAND: GET /session/e537112f6f31df0d8590d52383dd5938/screenshot - {}
RESULT: {}
COMMAND: POST /session/e537112f6f31df0d8590d52383dd5938/element - {"using":"xpath","value":"//bdi[contains(text(), \"Reset\")]"}
RESULT: {"using":"xpath","value":"//bdi[contains(text(), \"Reset\")]"}
COMMAND: POST /session/e537112f6f31df0d8590d52383dd5938/element/f.3D8655DB7C018FB3B3311B2BCD0F0E61.d.4AB1054A5B74B12608ECCC02AB9E72A5.e.1976/click - {}
RESULT: {}
COMMAND: GET /session/e537112f6f31df0d8590d52383dd5938/screenshot - {}
RESULT: {}
COMMAND: POST /session/e537112f6f31df0d8590d52383dd5938/element - {"using":"xpath","value":"(//bdi[contains(text(), \"OK\")])[2]"}
RESULT: {"using":"xpath","value":"(//bdi[contains(text(), \"OK\")])[2]"}
COMMAND: POST /session/e537112f6f31df0d8590d52383dd5938/element/f.3D8655DB7C018FB3B3311B2BCD0F0E61.d.4AB1054A5B74B12608ECCC02AB9E72A5.e.1978/click - {}
RESULT: {}
COMMAND: GET /session/e537112f6f31df0d8590d52383dd5938/screenshot - {}
COMMAND: POST /session/e537112f6f31df0d8590d52383dd5938/element - {"using":"xpath","value":"//bdi[contains(text(), \"OK\")]"}
RESULT: {}
RESULT: {"using":"xpath","value":"//bdi[contains(text(), \"OK\")]"}
COMMAND: POST /session/e537112f6f31df0d8590d52383dd5938/element/f.3D8655DB7C018FB3B3311B2BCD0F0E61.d.4AB1054A5B74B12608ECCC02AB9E72A5.e.2028/click - {}
RESULT: {}
COMMAND: GET /session/e537112f6f31df0d8590d52383dd5938/screenshot - {}
RESULT: {}
COMMAND: POST /session/e537112f6f31df0d8590d52383dd5938/element - {"using":"xpath","value":"//table[contains(@id, \"customPartnersTable\")]//tbody/tr[1]/td[3]/span"}
RESULT: {"using":"xpath","value":"//table[contains(@id, \"customPartnersTable\")]//tbody/tr[1]/td[3]/span"}
COMMAND: POST /session/e537112f6f31df0d8590d52383dd5938/execute/sync - {"script":"<script> [56 bytes]","args":[{"element-6066-11e4-a52e-4f735466cecf":"f.3D8655DB7C018FB3B3311B2BCD0F0E61.d.4AB1054A5B74B12608ECCC02AB9E72A5.e.2030","ELEMENT":"f.3D8655DB7C018FB3B3311B2BCD0F0E61.d.4AB1054A5B74B12608ECCC02AB9E72A5.e.2030"}]}
RESULT: {"script":"<script> [56 bytes]","args":[{"element-6066-11e4-a52e-4f735466cecf":"f.3D8655DB7C018FB3B3311B2BCD0F0E61.d.4AB1054A5B74B12608ECCC02AB9E72A5.e.2030","ELEMENT":"f.3D8655DB7C018FB3B3311B2BCD0F0E61.d.4AB1054A5B74B12608ECCC02AB9E72A5.e.2030"}]}
RESULT: undefined
COMMAND: POST /session/e537112f6f31df0d8590d52383dd5938/element - {"using":"xpath","value":"//*[@id=\"application-managepartners-display-component---masterPtm--smartTable-btnPersonalisation-img\"]"}
COMMAND: GET /session/e537112f6f31df0d8590d52383dd5938/screenshot - {}
RESULT: {"using":"xpath","value":"//*[@id=\"application-managepartners-display-component---masterPtm--smartTable-btnPersonalisation-img\"]"}
COMMAND: POST /session/e537112f6f31df0d8590d52383dd5938/element/f.3D8655DB7C018FB3B3311B2BCD0F0E61.d.4AB1054A5B74B12608ECCC02AB9E72A5.e.1711/click - {}
RESULT: {}
RESULT: {}
COMMAND: GET /session/e537112f6f31df0d8590d52383dd5938/screenshot - {}
RESULT: {}
COMMAND: POST /session/e537112f6f31df0d8590d52383dd5938/execute/async - {"script":"<script> [1562 bytes]","args":[{"selector":{"controlType":"sap.m.IconTabFilter","viewName":"etm.portal.ui.managepartners.view.Master","viewId":"application-managepartners-display-component---masterPtm","properties":{"text":"Filter"},"searchOpenDialogs":true,"interaction":{"idSuffix":"text"}},"wdio_ui5_key":"etmportal.ui.managepartners.view.Mastersap.m.IconTabFilter{\"text\":\"Filter\"}"}]}
RESULT: {"script":"<script> [1562 bytes]","args":[{"selector":{"controlType":"sap.m.IconTabFilter","viewName":"etm.portal.ui.managepartners.view.Master","viewId":"application-managepartners-display-component---masterPtm","properties":{"text":"Filter"},"searchOpenDialogs":true,"interaction":{"idSuffix":"text"}},"wdio_ui5_key":"etmportal.ui.managepartners.view.Mastersap.m.IconTabFilter{\"text\":\"Filter\"}"}]}
RESULT: undefined
COMMAND: POST /session/e537112f6f31df0d8590d52383dd5938/element - {"using":"xpath","value":"//*[@id=\"__filter10\"]"}
RESULT: {"using":"xpath","value":"//*[@id=\"__filter10\"]"}
COMMAND: POST /session/e537112f6f31df0d8590d52383dd5938/element/f.3D8655DB7C018FB3B3311B2BCD0F0E61.d.4AB1054A5B74B12608ECCC02AB9E72A5.e.2035/click - {}
RESULT: {}
COMMAND: GET /session/e537112f6f31df0d8590d52383dd5938/screenshot - {}
RESULT: {}
COMMAND: POST /session/e537112f6f31df0d8590d52383dd5938/element - {"using":"xpath","value":"//input[@placeholder=\"Filter by\"]/following-sibling::div//span"}
RESULT: {"using":"xpath","value":"//input[@placeholder=\"Filter by\"]/following-sibling::div//span"}
COMMAND: POST /session/e537112f6f31df0d8590d52383dd5938/element/f.3D8655DB7C018FB3B3311B2BCD0F0E61.d.4AB1054A5B74B12608ECCC02AB9E72A5.e.2037/click - {}
RESULT: {}
COMMAND: GET /session/e537112f6f31df0d8590d52383dd5938/screenshot - {}
RESULT: {}
COMMAND: POST /session/e537112f6f31df0d8590d52383dd5938/element - {"using":"xpath","value":"//li[.//span[text()=\"Preferred Yard\"]]"}
RESULT: {"using":"xpath","value":"//li[.//span[text()=\"Preferred Yard\"]]"}
COMMAND: POST /session/e537112f6f31df0d8590d52383dd5938/element/f.3D8655DB7C018FB3B3311B2BCD0F0E61.d.4AB1054A5B74B12608ECCC02AB9E72A5.e.2038/click - {}
RESULT: {}
COMMAND: GET /session/e537112f6f31df0d8590d52383dd5938/screenshot - {}
RESULT: {}
COMMAND: POST /session/e537112f6f31df0d8590d52383dd5938/execute/async - {"script":"<script> [1562 bytes]","args":[{"selector":{"id":"FilterPanel-filterItemControl_BASIC-application-managepartners-display-component---masterPtm--smartTable-YARDYARD-vhi","searchOpenDialogs":true},"wdio_ui5_key":"FilterPanelfilterItemControl_BASIC-application-managepartners-display-component---masterPtm--smartTable-YARDYARD-vhi"}]}
RESULT: {"script":"<script> [1562 bytes]","args":[{"selector":{"id":"FilterPanel-filterItemControl_BASIC-application-managepartners-display-component---masterPtm--smartTable-YARDYARD-vhi","searchOpenDialogs":true},"wdio_ui5_key":"FilterPanelfilterItemControl_BASIC-application-managepartners-display-component---masterPtm--smartTable-YARDYARD-vhi"}]}
RESULT: undefined
COMMAND: POST /session/e537112f6f31df0d8590d52383dd5938/element - {"using":"xpath","value":"//*[@id=\"FilterPanel-filterItemControl_BASIC-application-managepartners-display-component---masterPtm--smartTable-YARDYARD-vhi\"]"}
RESULT: {"using":"xpath","value":"//*[@id=\"FilterPanel-filterItemControl_BASIC-application-managepartners-display-component---masterPtm--smartTable-YARDYARD-vhi\"]"}
COMMAND: POST /session/e537112f6f31df0d8590d52383dd5938/element/f.3D8655DB7C018FB3B3311B2BCD0F0E61.d.4AB1054A5B74B12608ECCC02AB9E72A5.e.2041/click - {}
RESULT: {}
COMMAND: GET /session/e537112f6f31df0d8590d52383dd5938/screenshot - {}
RESULT: {}
COMMAND: POST /session/e537112f6f31df0d8590d52383dd5938/execute/async - {"script":"<script> [1562 bytes]","args":[{"selector":{"id":"FilterPanel-filterItemControl_BASIC-application-managepartners-display-component---masterPtm--smartTable-YARDYARD-valueHelpDialog-smartFilterBar-btnBasicSearch","searchOpenDialogs":true,"interaction":{"idSuffix":"I"}},"wdio_ui5_key":"FilterPanelfilterItemControl_BASIC-application-managepartners-display-component---masterPtm--smartTable-YARDYARD-valueHelpDialog-smartFilterBar-btnBasicSearch"}]}
RESULT: {"script":"<script> [1562 bytes]","args":[{"selector":{"id":"FilterPanel-filterItemControl_BASIC-application-managepartners-display-component---masterPtm--smartTable-YARDYARD-valueHelpDialog-smartFilterBar-btnBasicSearch","searchOpenDialogs":true,"interaction":{"idSuffix":"I"}},"wdio_ui5_key":"FilterPanelfilterItemControl_BASIC-application-managepartners-display-component---masterPtm--smartTable-YARDYARD-valueHelpDialog-smartFilterBar-btnBasicSearch"}]}
RESULT: undefined
COMMAND: POST /session/e537112f6f31df0d8590d52383dd5938/execute/async - {"script":"<script> [776 bytes]","args":[{"enterText":"433","selector":{"id":"FilterPanel-filterItemControl_BASIC-application-managepartners-display-component---masterPtm--smartTable-YARDYARD-valueHelpDialog-smartFilterBar-btnBasicSearch","searchOpenDialogs":true,"interaction":{"idSuffix":"I"}},"clearTextFirst":true,"interactionType":"ENTER_TEXT"}]}
RESULT: {"script":"<script> [776 bytes]","args":[{"enterText":"433","selector":{"id":"FilterPanel-filterItemControl_BASIC-application-managepartners-display-component---masterPtm--smartTable-YARDYARD-valueHelpDialog-smartFilterBar-btnBasicSearch","searchOpenDialogs":true,"interaction":{"idSuffix":"I"}},"clearTextFirst":true,"interactionType":"ENTER_TEXT"}]}
COMMAND: POST /session/e537112f6f31df0d8590d52383dd5938/actions - {"actions":[{"id":"action3","type":"key","parameters":{},"actions":[{"type":"keyDown","value":""},{"type":"pause","duration":10},{"type":"keyUp","value":""}]}]}
RESULT: {"actions":[{"id":"action3","type":"key","parameters":{},"actions":[{"type":"keyDown","value":""},{"type":"pause","duration":10},{"type":"keyUp","value":""}]}]}
COMMAND: GET /session/e537112f6f31df0d8590d52383dd5938/screenshot - {}
RESULT: {}
COMMAND: POST /session/e537112f6f31df0d8590d52383dd5938/elements - {"using":"xpath","value":"//table[contains(@id, \"smartTable-YARDYARD-valueHelpDialog-table-table\")]/tbody/tr"}
RESULT: {"using":"xpath","value":"//table[contains(@id, \"smartTable-YARDYARD-valueHelpDialog-table-table\")]/tbody/tr"}
COMMAND: POST /session/e537112f6f31df0d8590d52383dd5938/element - {"using":"xpath","value":"//table[contains(@id, \"smartTable-YARDYARD-valueHelpDialog-table-table\")]/tbody/tr[1]/td[1]/div/span"}
RESULT: {"using":"xpath","value":"//table[contains(@id, \"smartTable-YARDYARD-valueHelpDialog-table-table\")]/tbody/tr[1]/td[1]/div/span"}
COMMAND: POST /session/e537112f6f31df0d8590d52383dd5938/elements - {"using":"xpath","value":"//table[contains(@id, \"smartTable-YARDYARD-valueHelpDialog-table-table\")]/tbody/tr[1]/td[1]/div/span"}
RESULT: {"using":"xpath","value":"//table[contains(@id, \"smartTable-YARDYARD-valueHelpDialog-table-table\")]/tbody/tr[1]/td[1]/div/span"}
COMMAND: POST /session/e537112f6f31df0d8590d52383dd5938/execute/sync - {"script":"<script> [56 bytes]","args":[{"element-6066-11e4-a52e-4f735466cecf":"f.3D8655DB7C018FB3B3311B2BCD0F0E61.d.4AB1054A5B74B12608ECCC02AB9E72A5.e.2060","ELEMENT":"f.3D8655DB7C018FB3B3311B2BCD0F0E61.d.4AB1054A5B74B12608ECCC02AB9E72A5.e.2060"}]}
RESULT: {"script":"<script> [56 bytes]","args":[{"element-6066-11e4-a52e-4f735466cecf":"f.3D8655DB7C018FB3B3311B2BCD0F0E61.d.4AB1054A5B74B12608ECCC02AB9E72A5.e.2060","ELEMENT":"f.3D8655DB7C018FB3B3311B2BCD0F0E61.d.4AB1054A5B74B12608ECCC02AB9E72A5.e.2060"}]}
COMMAND: POST /session/e537112f6f31df0d8590d52383dd5938/element - {"using":"xpath","value":"//div[contains(@id, \"YARDYARD-valueHelpDialog-table-rowsel0\")]"}
COMMAND: GET /session/e537112f6f31df0d8590d52383dd5938/screenshot - {}
RESULT: {"using":"xpath","value":"//div[contains(@id, \"YARDYARD-valueHelpDialog-table-rowsel0\")]"}
COMMAND: POST /session/e537112f6f31df0d8590d52383dd5938/element/f.3D8655DB7C018FB3B3311B2BCD0F0E61.d.4AB1054A5B74B12608ECCC02AB9E72A5.e.2061/click - {}
RESULT: {}
RESULT: {}
COMMAND: GET /session/e537112f6f31df0d8590d52383dd5938/screenshot - {}
RESULT: {}
COMMAND: POST /session/e537112f6f31df0d8590d52383dd5938/element - {"using":"xpath","value":"(//bdi[contains(text(), \"OK\")])[2]"}
RESULT: {"using":"xpath","value":"(//bdi[contains(text(), \"OK\")])[2]"}
COMMAND: POST /session/e537112f6f31df0d8590d52383dd5938/element/f.3D8655DB7C018FB3B3311B2BCD0F0E61.d.4AB1054A5B74B12608ECCC02AB9E72A5.e.2063/click - {}
RESULT: {}
COMMAND: GET /session/e537112f6f31df0d8590d52383dd5938/screenshot - {}
RESULT: {}
COMMAND: POST /session/e537112f6f31df0d8590d52383dd5938/element - {"using":"xpath","value":"//bdi[contains(text(), \"OK\")]"}
RESULT: {"using":"xpath","value":"//bdi[contains(text(), \"OK\")]"}
COMMAND: POST /session/e537112f6f31df0d8590d52383dd5938/element/f.3D8655DB7C018FB3B3311B2BCD0F0E61.d.4AB1054A5B74B12608ECCC02AB9E72A5.e.2066/click - {}
RESULT: {}
COMMAND: GET /session/e537112f6f31df0d8590d52383dd5938/screenshot - {}
RESULT: {}
COMMAND: POST /session/e537112f6f31df0d8590d52383dd5938/element - {"using":"xpath","value":"//table[contains(@id, \"customPartnersTable\")]//tbody/tr[1]/td[3]/span"}
RESULT: {"using":"xpath","value":"//table[contains(@id, \"customPartnersTable\")]//tbody/tr[1]/td[3]/span"}
COMMAND: POST /session/e537112f6f31df0d8590d52383dd5938/execute/sync - {"script":"<script> [56 bytes]","args":[{"element-6066-11e4-a52e-4f735466cecf":"f.3D8655DB7C018FB3B3311B2BCD0F0E61.d.4AB1054A5B74B12608ECCC02AB9E72A5.e.2030","ELEMENT":"f.3D8655DB7C018FB3B3311B2BCD0F0E61.d.4AB1054A5B74B12608ECCC02AB9E72A5.e.2030"}]}
RESULT: {"script":"<script> [56 bytes]","args":[{"element-6066-11e4-a52e-4f735466cecf":"f.3D8655DB7C018FB3B3311B2BCD0F0E61.d.4AB1054A5B74B12608ECCC02AB9E72A5.e.2030","ELEMENT":"f.3D8655DB7C018FB3B3311B2BCD0F0E61.d.4AB1054A5B74B12608ECCC02AB9E72A5.e.2030"}]}
COMMAND: POST /session/e537112f6f31df0d8590d52383dd5938/element - {"using":"css selector","value":"#shell-header-logo"}
COMMAND: GET /session/e537112f6f31df0d8590d52383dd5938/screenshot - {}
RESULT: {"using":"css selector","value":"#shell-header-logo"}
COMMAND: POST /session/e537112f6f31df0d8590d52383dd5938/element/f.3D8655DB7C018FB3B3311B2BCD0F0E61.d.4AB1054A5B74B12608ECCC02AB9E72A5.e.1661/click - {}
RESULT: {}
RESULT: {}
COMMAND: GET /session/e537112f6f31df0d8590d52383dd5938/screenshot - {}
RESULT: {}
]]></system-out>
    </testcase>
    <testcase classname="chrome.136_0_7103_93.windows.Partner_specific_tests_US150819_US151080_US151654_US151176_US103444_US151078_US151079_US151109_US151174_US151175_US151189" name="Should deactivate the created partner in earlier step US151654" time="61.302">
      <system-out><![CDATA[
COMMAND: POST /session/e537112f6f31df0d8590d52383dd5938/element - {"using":"xpath","value":"//li[.//span[text()=\"Manage Partners\"]]"}
RESULT: {"using":"xpath","value":"//li[.//span[text()=\"Manage Partners\"]]"}
COMMAND: POST /session/e537112f6f31df0d8590d52383dd5938/element - {"using":"xpath","value":"//li[.//span[text()=\"Manage Partners\"]]"}
RESULT: {"using":"xpath","value":"//li[.//span[text()=\"Manage Partners\"]]"}
COMMAND: POST /session/e537112f6f31df0d8590d52383dd5938/element - {"using":"css selector","value":"#shell-header-logo"}
RESULT: {"using":"css selector","value":"#shell-header-logo"}
COMMAND: POST /session/e537112f6f31df0d8590d52383dd5938/element/f.3D8655DB7C018FB3B3311B2BCD0F0E61.d.4AB1054A5B74B12608ECCC02AB9E72A5.e.2123/click - {}
COMMAND: POST /session/e537112f6f31df0d8590d52383dd5938/execute/sync - {"script":"<script> [8489 bytes]","args":[{"element-6066-11e4-a52e-4f735466cecf":"f.3D8655DB7C018FB3B3311B2BCD0F0E61.d.4AB1054A5B74B12608ECCC02AB9E72A5.e.2123","ELEMENT":"f.3D8655DB7C018FB3B3311B2BCD0F0E61.d.4AB1054A5B74B12608ECCC02AB9E72A5.e.2123"}]}
RESULT: {"script":"<script> [8489 bytes]","args":[{"element-6066-11e4-a52e-4f735466cecf":"f.3D8655DB7C018FB3B3311B2BCD0F0E61.d.4AB1054A5B74B12608ECCC02AB9E72A5.e.2123","ELEMENT":"f.3D8655DB7C018FB3B3311B2BCD0F0E61.d.4AB1054A5B74B12608ECCC02AB9E72A5.e.2123"}]}
COMMAND: POST /session/e537112f6f31df0d8590d52383dd5938/execute/sync - {"script":"<script> [5351 bytes]","args":[{"element-6066-11e4-a52e-4f735466cecf":"f.3D8655DB7C018FB3B3311B2BCD0F0E61.d.4AB1054A5B74B12608ECCC02AB9E72A5.e.2123","ELEMENT":"f.3D8655DB7C018FB3B3311B2BCD0F0E61.d.4AB1054A5B74B12608ECCC02AB9E72A5.e.2123"}]}
COMMAND: GET /session/e537112f6f31df0d8590d52383dd5938/screenshot - {}
RESULT: {}
COMMAND: GET /session/e537112f6f31df0d8590d52383dd5938/screenshot - {}
RESULT: {"script":"<script> [5351 bytes]","args":[{"element-6066-11e4-a52e-4f735466cecf":"f.3D8655DB7C018FB3B3311B2BCD0F0E61.d.4AB1054A5B74B12608ECCC02AB9E72A5.e.2123","ELEMENT":"f.3D8655DB7C018FB3B3311B2BCD0F0E61.d.4AB1054A5B74B12608ECCC02AB9E72A5.e.2123"}]}
COMMAND: GET /session/e537112f6f31df0d8590d52383dd5938/screenshot - {}
RESULT: {}
RESULT: {}
RESULT: {}
RESULT: undefined
COMMAND: POST /session/e537112f6f31df0d8590d52383dd5938/element - {"using":"xpath","value":"//*[@id=\"__tile38\"]"}
RESULT: {"using":"xpath","value":"//*[@id=\"__tile38\"]"}
COMMAND: POST /session/e537112f6f31df0d8590d52383dd5938/element/f.3D8655DB7C018FB3B3311B2BCD0F0E61.d.4AB1054A5B74B12608ECCC02AB9E72A5.e.142/click - {}
RESULT: {}
COMMAND: GET /session/e537112f6f31df0d8590d52383dd5938/screenshot - {}
RESULT: {}
COMMAND: POST /session/e537112f6f31df0d8590d52383dd5938/elements - {"using":"xpath","value":"//span[text()='Error']"}
RESULT: {"using":"xpath","value":"//span[text()='Error']"}
COMMAND: POST /session/e537112f6f31df0d8590d52383dd5938/element - {"using":"xpath","value":"//button[@data-kt=\"addButton\"]"}
RESULT: {"using":"xpath","value":"//button[@data-kt=\"addButton\"]"}
COMMAND: POST /session/e537112f6f31df0d8590d52383dd5938/elements - {"using":"xpath","value":"//button[@data-kt=\"addButton\"]"}
RESULT: {"using":"xpath","value":"//button[@data-kt=\"addButton\"]"}
COMMAND: POST /session/e537112f6f31df0d8590d52383dd5938/execute/sync - {"script":"<script> [8489 bytes]","args":[{"element-6066-11e4-a52e-4f735466cecf":"f.3D8655DB7C018FB3B3311B2BCD0F0E61.d.4AB1054A5B74B12608ECCC02AB9E72A5.e.2168","ELEMENT":"f.3D8655DB7C018FB3B3311B2BCD0F0E61.d.4AB1054A5B74B12608ECCC02AB9E72A5.e.2168"}]}
RESULT: {"script":"<script> [8489 bytes]","args":[{"element-6066-11e4-a52e-4f735466cecf":"f.3D8655DB7C018FB3B3311B2BCD0F0E61.d.4AB1054A5B74B12608ECCC02AB9E72A5.e.2168","ELEMENT":"f.3D8655DB7C018FB3B3311B2BCD0F0E61.d.4AB1054A5B74B12608ECCC02AB9E72A5.e.2168"}]}
COMMAND: GET /session/e537112f6f31df0d8590d52383dd5938/element/f.3D8655DB7C018FB3B3311B2BCD0F0E61.d.4AB1054A5B74B12608ECCC02AB9E72A5.e.2168/enabled - {}
COMMAND: GET /session/e537112f6f31df0d8590d52383dd5938/screenshot - {}
RESULT: {}
COMMAND: POST /session/e537112f6f31df0d8590d52383dd5938/execute/sync - {"script":"<script> [8489 bytes]","args":[{"element-6066-11e4-a52e-4f735466cecf":"f.3D8655DB7C018FB3B3311B2BCD0F0E61.d.4AB1054A5B74B12608ECCC02AB9E72A5.e.2168","ELEMENT":"f.3D8655DB7C018FB3B3311B2BCD0F0E61.d.4AB1054A5B74B12608ECCC02AB9E72A5.e.2168"}]}
COMMAND: GET /session/e537112f6f31df0d8590d52383dd5938/screenshot - {}
RESULT: {}
RESULT: {"script":"<script> [8489 bytes]","args":[{"element-6066-11e4-a52e-4f735466cecf":"f.3D8655DB7C018FB3B3311B2BCD0F0E61.d.4AB1054A5B74B12608ECCC02AB9E72A5.e.2168","ELEMENT":"f.3D8655DB7C018FB3B3311B2BCD0F0E61.d.4AB1054A5B74B12608ECCC02AB9E72A5.e.2168"}]}
COMMAND: POST /session/e537112f6f31df0d8590d52383dd5938/execute/sync - {"script":"<script> [5351 bytes]","args":[{"element-6066-11e4-a52e-4f735466cecf":"f.3D8655DB7C018FB3B3311B2BCD0F0E61.d.4AB1054A5B74B12608ECCC02AB9E72A5.e.2168","ELEMENT":"f.3D8655DB7C018FB3B3311B2BCD0F0E61.d.4AB1054A5B74B12608ECCC02AB9E72A5.e.2168"}]}
COMMAND: GET /session/e537112f6f31df0d8590d52383dd5938/screenshot - {}
RESULT: {}
RESULT: {"script":"<script> [5351 bytes]","args":[{"element-6066-11e4-a52e-4f735466cecf":"f.3D8655DB7C018FB3B3311B2BCD0F0E61.d.4AB1054A5B74B12608ECCC02AB9E72A5.e.2168","ELEMENT":"f.3D8655DB7C018FB3B3311B2BCD0F0E61.d.4AB1054A5B74B12608ECCC02AB9E72A5.e.2168"}]}
COMMAND: GET /session/e537112f6f31df0d8590d52383dd5938/screenshot - {}
RESULT: {}
RESULT: {}
COMMAND: POST /session/e537112f6f31df0d8590d52383dd5938/execute/async - {"script":"<script> [1562 bytes]","args":[{"selector":{"id":"application-managepartners-display-component---masterPtm--smartFilterBar-btnBasicSearch","interaction":{"idSuffix":"I"}},"wdio_ui5_key":"applicationmanagepartners-display-component---masterPtm--smartFilterBar-btnBasicSearch"}]}
RESULT: {"script":"<script> [1562 bytes]","args":[{"selector":{"id":"application-managepartners-display-component---masterPtm--smartFilterBar-btnBasicSearch","interaction":{"idSuffix":"I"}},"wdio_ui5_key":"applicationmanagepartners-display-component---masterPtm--smartFilterBar-btnBasicSearch"}]}
RESULT: undefined
COMMAND: POST /session/e537112f6f31df0d8590d52383dd5938/execute/async - {"script":"<script> [776 bytes]","args":[{"enterText":"1243","selector":{"id":"application-managepartners-display-component---masterPtm--smartFilterBar-btnBasicSearch","interaction":{"idSuffix":"I"}},"clearTextFirst":true,"interactionType":"ENTER_TEXT"}]}
RESULT: {"script":"<script> [776 bytes]","args":[{"enterText":"1243","selector":{"id":"application-managepartners-display-component---masterPtm--smartFilterBar-btnBasicSearch","interaction":{"idSuffix":"I"}},"clearTextFirst":true,"interactionType":"ENTER_TEXT"}]}
COMMAND: POST /session/e537112f6f31df0d8590d52383dd5938/actions - {"actions":[{"id":"action4","type":"key","parameters":{},"actions":[{"type":"keyDown","value":""},{"type":"pause","duration":10},{"type":"keyUp","value":""}]}]}
RESULT: {"actions":[{"id":"action4","type":"key","parameters":{},"actions":[{"type":"keyDown","value":""},{"type":"pause","duration":10},{"type":"keyUp","value":""}]}]}
COMMAND: GET /session/e537112f6f31df0d8590d52383dd5938/screenshot - {}
RESULT: {}
COMMAND: POST /session/e537112f6f31df0d8590d52383dd5938/elements - {"using":"xpath","value":"//table[contains(@id, \"customPartnersTable-listUl\")]/tbody/tr"}
RESULT: {"using":"xpath","value":"//table[contains(@id, \"customPartnersTable-listUl\")]/tbody/tr"}
COMMAND: POST /session/e537112f6f31df0d8590d52383dd5938/element - {"using":"xpath","value":"//table[contains(@id, \"customPartnersTable-listUl\")]/tbody/tr[1]/td[3]/span"}
RESULT: {"using":"xpath","value":"//table[contains(@id, \"customPartnersTable-listUl\")]/tbody/tr[1]/td[3]/span"}
COMMAND: POST /session/e537112f6f31df0d8590d52383dd5938/elements - {"using":"xpath","value":"//table[contains(@id, \"customPartnersTable-listUl\")]/tbody/tr[1]/td[3]/span"}
RESULT: {"using":"xpath","value":"//table[contains(@id, \"customPartnersTable-listUl\")]/tbody/tr[1]/td[3]/span"}
COMMAND: POST /session/e537112f6f31df0d8590d52383dd5938/execute/sync - {"script":"<script> [56 bytes]","args":[{"element-6066-11e4-a52e-4f735466cecf":"f.3D8655DB7C018FB3B3311B2BCD0F0E61.d.4AB1054A5B74B12608ECCC02AB9E72A5.e.2302","ELEMENT":"f.3D8655DB7C018FB3B3311B2BCD0F0E61.d.4AB1054A5B74B12608ECCC02AB9E72A5.e.2302"}]}
RESULT: {"script":"<script> [56 bytes]","args":[{"element-6066-11e4-a52e-4f735466cecf":"f.3D8655DB7C018FB3B3311B2BCD0F0E61.d.4AB1054A5B74B12608ECCC02AB9E72A5.e.2302","ELEMENT":"f.3D8655DB7C018FB3B3311B2BCD0F0E61.d.4AB1054A5B74B12608ECCC02AB9E72A5.e.2302"}]}
COMMAND: POST /session/e537112f6f31df0d8590d52383dd5938/element - {"using":"xpath","value":"//table[contains(@id, \"customPartnersTable-listUl\")]/tbody/tr[1]/td[7]/div/span"}
COMMAND: GET /session/e537112f6f31df0d8590d52383dd5938/screenshot - {}
RESULT: {"using":"xpath","value":"//table[contains(@id, \"customPartnersTable-listUl\")]/tbody/tr[1]/td[7]/div/span"}
COMMAND: POST /session/e537112f6f31df0d8590d52383dd5938/execute/sync - {"script":"<script> [56 bytes]","args":[{"element-6066-11e4-a52e-4f735466cecf":"f.3D8655DB7C018FB3B3311B2BCD0F0E61.d.4AB1054A5B74B12608ECCC02AB9E72A5.e.2303","ELEMENT":"f.3D8655DB7C018FB3B3311B2BCD0F0E61.d.4AB1054A5B74B12608ECCC02AB9E72A5.e.2303"}]}
RESULT: {}
RESULT: {"script":"<script> [56 bytes]","args":[{"element-6066-11e4-a52e-4f735466cecf":"f.3D8655DB7C018FB3B3311B2BCD0F0E61.d.4AB1054A5B74B12608ECCC02AB9E72A5.e.2303","ELEMENT":"f.3D8655DB7C018FB3B3311B2BCD0F0E61.d.4AB1054A5B74B12608ECCC02AB9E72A5.e.2303"}]}
COMMAND: POST /session/e537112f6f31df0d8590d52383dd5938/element - {"using":"xpath","value":"//table[contains(@id, \"customPartnersTable-listUl\")]/tbody/tr[1]/td[2]/div/div"}
COMMAND: GET /session/e537112f6f31df0d8590d52383dd5938/screenshot - {}
RESULT: {"using":"xpath","value":"//table[contains(@id, \"customPartnersTable-listUl\")]/tbody/tr[1]/td[2]/div/div"}
COMMAND: POST /session/e537112f6f31df0d8590d52383dd5938/element/f.3D8655DB7C018FB3B3311B2BCD0F0E61.d.4AB1054A5B74B12608ECCC02AB9E72A5.e.2304/click - {}
RESULT: {}
RESULT: {}
COMMAND: GET /session/e537112f6f31df0d8590d52383dd5938/screenshot - {}
RESULT: {}
COMMAND: POST /session/e537112f6f31df0d8590d52383dd5938/element - {"using":"xpath","value":"//bdi[contains(text(), \"Deactivate\")]"}
RESULT: {"using":"xpath","value":"//bdi[contains(text(), \"Deactivate\")]"}
COMMAND: POST /session/e537112f6f31df0d8590d52383dd5938/element/f.3D8655DB7C018FB3B3311B2BCD0F0E61.d.4AB1054A5B74B12608ECCC02AB9E72A5.e.2305/click - {}
RESULT: {}
COMMAND: GET /session/e537112f6f31df0d8590d52383dd5938/screenshot - {}
RESULT: {}
COMMAND: POST /session/e537112f6f31df0d8590d52383dd5938/element - {"using":"xpath","value":"//bdi[contains(text(), \"Yes\")]"}
RESULT: {"using":"xpath","value":"//bdi[contains(text(), \"Yes\")]"}
COMMAND: POST /session/e537112f6f31df0d8590d52383dd5938/element/f.3D8655DB7C018FB3B3311B2BCD0F0E61.d.4AB1054A5B74B12608ECCC02AB9E72A5.e.2307/click - {}
RESULT: {}
COMMAND: GET /session/e537112f6f31df0d8590d52383dd5938/screenshot - {}
RESULT: {}
COMMAND: POST /session/e537112f6f31df0d8590d52383dd5938/element - {"using":"xpath","value":"//table[contains(@id, \"customPartnersTable-listUl\")]/tbody/tr[1]/td[7]/div/span"}
RESULT: {"using":"xpath","value":"//table[contains(@id, \"customPartnersTable-listUl\")]/tbody/tr[1]/td[7]/div/span"}
COMMAND: POST /session/e537112f6f31df0d8590d52383dd5938/execute/sync - {"script":"<script> [56 bytes]","args":[{"element-6066-11e4-a52e-4f735466cecf":"f.3D8655DB7C018FB3B3311B2BCD0F0E61.d.4AB1054A5B74B12608ECCC02AB9E72A5.e.2303","ELEMENT":"f.3D8655DB7C018FB3B3311B2BCD0F0E61.d.4AB1054A5B74B12608ECCC02AB9E72A5.e.2303"}]}
RESULT: {"script":"<script> [56 bytes]","args":[{"element-6066-11e4-a52e-4f735466cecf":"f.3D8655DB7C018FB3B3311B2BCD0F0E61.d.4AB1054A5B74B12608ECCC02AB9E72A5.e.2303","ELEMENT":"f.3D8655DB7C018FB3B3311B2BCD0F0E61.d.4AB1054A5B74B12608ECCC02AB9E72A5.e.2303"}]}
COMMAND: GET /session/e537112f6f31df0d8590d52383dd5938/screenshot - {}
RESULT: {}
COMMAND: POST /session/e537112f6f31df0d8590d52383dd5938/element - {"using":"css selector","value":"#shell-header-logo"}
RESULT: {"using":"css selector","value":"#shell-header-logo"}
COMMAND: POST /session/e537112f6f31df0d8590d52383dd5938/element/f.3D8655DB7C018FB3B3311B2BCD0F0E61.d.4AB1054A5B74B12608ECCC02AB9E72A5.e.2123/click - {}
RESULT: {}
COMMAND: GET /session/e537112f6f31df0d8590d52383dd5938/screenshot - {}
RESULT: {}
]]></system-out>
    </testcase>
    <testcase classname="chrome.136_0_7103_93.windows.Partner_specific_tests_US150819_US151080_US151654_US151176_US103444_US151078_US151079_US151109_US151174_US151175_US151189" name="Should activate the created partner again US151176" time="61.433">
      <system-out><![CDATA[
COMMAND: POST /session/e537112f6f31df0d8590d52383dd5938/element - {"using":"xpath","value":"//li[.//span[text()=\"Manage Partners\"]]"}
RESULT: {"using":"xpath","value":"//li[.//span[text()=\"Manage Partners\"]]"}
COMMAND: POST /session/e537112f6f31df0d8590d52383dd5938/element - {"using":"xpath","value":"//li[.//span[text()=\"Manage Partners\"]]"}
RESULT: {"using":"xpath","value":"//li[.//span[text()=\"Manage Partners\"]]"}
COMMAND: POST /session/e537112f6f31df0d8590d52383dd5938/element - {"using":"css selector","value":"#shell-header-logo"}
RESULT: {"using":"css selector","value":"#shell-header-logo"}
COMMAND: POST /session/e537112f6f31df0d8590d52383dd5938/element/f.3D8655DB7C018FB3B3311B2BCD0F0E61.d.4AB1054A5B74B12608ECCC02AB9E72A5.e.2311/click - {}
COMMAND: POST /session/e537112f6f31df0d8590d52383dd5938/execute/sync - {"script":"<script> [8489 bytes]","args":[{"element-6066-11e4-a52e-4f735466cecf":"f.3D8655DB7C018FB3B3311B2BCD0F0E61.d.4AB1054A5B74B12608ECCC02AB9E72A5.e.2311","ELEMENT":"f.3D8655DB7C018FB3B3311B2BCD0F0E61.d.4AB1054A5B74B12608ECCC02AB9E72A5.e.2311"}]}
RESULT: {"script":"<script> [8489 bytes]","args":[{"element-6066-11e4-a52e-4f735466cecf":"f.3D8655DB7C018FB3B3311B2BCD0F0E61.d.4AB1054A5B74B12608ECCC02AB9E72A5.e.2311","ELEMENT":"f.3D8655DB7C018FB3B3311B2BCD0F0E61.d.4AB1054A5B74B12608ECCC02AB9E72A5.e.2311"}]}
COMMAND: POST /session/e537112f6f31df0d8590d52383dd5938/execute/sync - {"script":"<script> [5351 bytes]","args":[{"element-6066-11e4-a52e-4f735466cecf":"f.3D8655DB7C018FB3B3311B2BCD0F0E61.d.4AB1054A5B74B12608ECCC02AB9E72A5.e.2311","ELEMENT":"f.3D8655DB7C018FB3B3311B2BCD0F0E61.d.4AB1054A5B74B12608ECCC02AB9E72A5.e.2311"}]}
COMMAND: GET /session/e537112f6f31df0d8590d52383dd5938/screenshot - {}
RESULT: {}
COMMAND: GET /session/e537112f6f31df0d8590d52383dd5938/screenshot - {}
RESULT: {"script":"<script> [5351 bytes]","args":[{"element-6066-11e4-a52e-4f735466cecf":"f.3D8655DB7C018FB3B3311B2BCD0F0E61.d.4AB1054A5B74B12608ECCC02AB9E72A5.e.2311","ELEMENT":"f.3D8655DB7C018FB3B3311B2BCD0F0E61.d.4AB1054A5B74B12608ECCC02AB9E72A5.e.2311"}]}
COMMAND: GET /session/e537112f6f31df0d8590d52383dd5938/screenshot - {}
RESULT: {}
RESULT: {}
RESULT: {}
RESULT: undefined
COMMAND: POST /session/e537112f6f31df0d8590d52383dd5938/element - {"using":"xpath","value":"//*[@id=\"__tile38\"]"}
RESULT: {"using":"xpath","value":"//*[@id=\"__tile38\"]"}
COMMAND: POST /session/e537112f6f31df0d8590d52383dd5938/element/f.3D8655DB7C018FB3B3311B2BCD0F0E61.d.4AB1054A5B74B12608ECCC02AB9E72A5.e.142/click - {}
RESULT: {}
COMMAND: GET /session/e537112f6f31df0d8590d52383dd5938/screenshot - {}
RESULT: {}
COMMAND: POST /session/e537112f6f31df0d8590d52383dd5938/elements - {"using":"xpath","value":"//span[text()='Error']"}
RESULT: {"using":"xpath","value":"//span[text()='Error']"}
COMMAND: POST /session/e537112f6f31df0d8590d52383dd5938/element - {"using":"xpath","value":"//button[@data-kt=\"addButton\"]"}
RESULT: {"using":"xpath","value":"//button[@data-kt=\"addButton\"]"}
COMMAND: POST /session/e537112f6f31df0d8590d52383dd5938/elements - {"using":"xpath","value":"//button[@data-kt=\"addButton\"]"}
RESULT: {"using":"xpath","value":"//button[@data-kt=\"addButton\"]"}
COMMAND: POST /session/e537112f6f31df0d8590d52383dd5938/execute/sync - {"script":"<script> [8489 bytes]","args":[{"element-6066-11e4-a52e-4f735466cecf":"f.3D8655DB7C018FB3B3311B2BCD0F0E61.d.4AB1054A5B74B12608ECCC02AB9E72A5.e.2357","ELEMENT":"f.3D8655DB7C018FB3B3311B2BCD0F0E61.d.4AB1054A5B74B12608ECCC02AB9E72A5.e.2357"}]}
RESULT: {"script":"<script> [8489 bytes]","args":[{"element-6066-11e4-a52e-4f735466cecf":"f.3D8655DB7C018FB3B3311B2BCD0F0E61.d.4AB1054A5B74B12608ECCC02AB9E72A5.e.2357","ELEMENT":"f.3D8655DB7C018FB3B3311B2BCD0F0E61.d.4AB1054A5B74B12608ECCC02AB9E72A5.e.2357"}]}
COMMAND: GET /session/e537112f6f31df0d8590d52383dd5938/element/f.3D8655DB7C018FB3B3311B2BCD0F0E61.d.4AB1054A5B74B12608ECCC02AB9E72A5.e.2357/enabled - {}
COMMAND: GET /session/e537112f6f31df0d8590d52383dd5938/screenshot - {}
RESULT: {}
COMMAND: POST /session/e537112f6f31df0d8590d52383dd5938/execute/sync - {"script":"<script> [8489 bytes]","args":[{"element-6066-11e4-a52e-4f735466cecf":"f.3D8655DB7C018FB3B3311B2BCD0F0E61.d.4AB1054A5B74B12608ECCC02AB9E72A5.e.2357","ELEMENT":"f.3D8655DB7C018FB3B3311B2BCD0F0E61.d.4AB1054A5B74B12608ECCC02AB9E72A5.e.2357"}]}
COMMAND: GET /session/e537112f6f31df0d8590d52383dd5938/screenshot - {}
RESULT: {}
RESULT: {"script":"<script> [8489 bytes]","args":[{"element-6066-11e4-a52e-4f735466cecf":"f.3D8655DB7C018FB3B3311B2BCD0F0E61.d.4AB1054A5B74B12608ECCC02AB9E72A5.e.2357","ELEMENT":"f.3D8655DB7C018FB3B3311B2BCD0F0E61.d.4AB1054A5B74B12608ECCC02AB9E72A5.e.2357"}]}
COMMAND: POST /session/e537112f6f31df0d8590d52383dd5938/execute/sync - {"script":"<script> [5351 bytes]","args":[{"element-6066-11e4-a52e-4f735466cecf":"f.3D8655DB7C018FB3B3311B2BCD0F0E61.d.4AB1054A5B74B12608ECCC02AB9E72A5.e.2357","ELEMENT":"f.3D8655DB7C018FB3B3311B2BCD0F0E61.d.4AB1054A5B74B12608ECCC02AB9E72A5.e.2357"}]}
COMMAND: GET /session/e537112f6f31df0d8590d52383dd5938/screenshot - {}
RESULT: {}
RESULT: {"script":"<script> [5351 bytes]","args":[{"element-6066-11e4-a52e-4f735466cecf":"f.3D8655DB7C018FB3B3311B2BCD0F0E61.d.4AB1054A5B74B12608ECCC02AB9E72A5.e.2357","ELEMENT":"f.3D8655DB7C018FB3B3311B2BCD0F0E61.d.4AB1054A5B74B12608ECCC02AB9E72A5.e.2357"}]}
COMMAND: GET /session/e537112f6f31df0d8590d52383dd5938/screenshot - {}
RESULT: {}
RESULT: {}
RESULT: undefined
COMMAND: POST /session/e537112f6f31df0d8590d52383dd5938/execute/async - {"script":"<script> [776 bytes]","args":[{"enterText":"1243","selector":{"id":"application-managepartners-display-component---masterPtm--smartFilterBar-btnBasicSearch","interaction":{"idSuffix":"I"}},"clearTextFirst":true,"interactionType":"ENTER_TEXT"}]}
RESULT: {"script":"<script> [776 bytes]","args":[{"enterText":"1243","selector":{"id":"application-managepartners-display-component---masterPtm--smartFilterBar-btnBasicSearch","interaction":{"idSuffix":"I"}},"clearTextFirst":true,"interactionType":"ENTER_TEXT"}]}
COMMAND: POST /session/e537112f6f31df0d8590d52383dd5938/actions - {"actions":[{"id":"action5","type":"key","parameters":{},"actions":[{"type":"keyDown","value":""},{"type":"pause","duration":10},{"type":"keyUp","value":""}]}]}
RESULT: {"actions":[{"id":"action5","type":"key","parameters":{},"actions":[{"type":"keyDown","value":""},{"type":"pause","duration":10},{"type":"keyUp","value":""}]}]}
COMMAND: GET /session/e537112f6f31df0d8590d52383dd5938/screenshot - {}
RESULT: {}
COMMAND: POST /session/e537112f6f31df0d8590d52383dd5938/elements - {"using":"xpath","value":"//table[contains(@id, \"customPartnersTable-listUl\")]/tbody/tr"}
RESULT: {"using":"xpath","value":"//table[contains(@id, \"customPartnersTable-listUl\")]/tbody/tr"}
COMMAND: POST /session/e537112f6f31df0d8590d52383dd5938/element - {"using":"xpath","value":"//table[contains(@id, \"customPartnersTable-listUl\")]/tbody/tr[1]/td[3]/span"}
RESULT: {"using":"xpath","value":"//table[contains(@id, \"customPartnersTable-listUl\")]/tbody/tr[1]/td[3]/span"}
COMMAND: POST /session/e537112f6f31df0d8590d52383dd5938/elements - {"using":"xpath","value":"//table[contains(@id, \"customPartnersTable-listUl\")]/tbody/tr[1]/td[3]/span"}
RESULT: {"using":"xpath","value":"//table[contains(@id, \"customPartnersTable-listUl\")]/tbody/tr[1]/td[3]/span"}
COMMAND: POST /session/e537112f6f31df0d8590d52383dd5938/execute/sync - {"script":"<script> [56 bytes]","args":[{"element-6066-11e4-a52e-4f735466cecf":"f.3D8655DB7C018FB3B3311B2BCD0F0E61.d.4AB1054A5B74B12608ECCC02AB9E72A5.e.2492","ELEMENT":"f.3D8655DB7C018FB3B3311B2BCD0F0E61.d.4AB1054A5B74B12608ECCC02AB9E72A5.e.2492"}]}
RESULT: {"script":"<script> [56 bytes]","args":[{"element-6066-11e4-a52e-4f735466cecf":"f.3D8655DB7C018FB3B3311B2BCD0F0E61.d.4AB1054A5B74B12608ECCC02AB9E72A5.e.2492","ELEMENT":"f.3D8655DB7C018FB3B3311B2BCD0F0E61.d.4AB1054A5B74B12608ECCC02AB9E72A5.e.2492"}]}
COMMAND: POST /session/e537112f6f31df0d8590d52383dd5938/element - {"using":"xpath","value":"//table[contains(@id, \"customPartnersTable-listUl\")]/tbody/tr[1]/td[7]/div/span"}
COMMAND: GET /session/e537112f6f31df0d8590d52383dd5938/screenshot - {}
RESULT: {"using":"xpath","value":"//table[contains(@id, \"customPartnersTable-listUl\")]/tbody/tr[1]/td[7]/div/span"}
COMMAND: POST /session/e537112f6f31df0d8590d52383dd5938/execute/sync - {"script":"<script> [56 bytes]","args":[{"element-6066-11e4-a52e-4f735466cecf":"f.3D8655DB7C018FB3B3311B2BCD0F0E61.d.4AB1054A5B74B12608ECCC02AB9E72A5.e.2493","ELEMENT":"f.3D8655DB7C018FB3B3311B2BCD0F0E61.d.4AB1054A5B74B12608ECCC02AB9E72A5.e.2493"}]}
RESULT: {}
RESULT: {"script":"<script> [56 bytes]","args":[{"element-6066-11e4-a52e-4f735466cecf":"f.3D8655DB7C018FB3B3311B2BCD0F0E61.d.4AB1054A5B74B12608ECCC02AB9E72A5.e.2493","ELEMENT":"f.3D8655DB7C018FB3B3311B2BCD0F0E61.d.4AB1054A5B74B12608ECCC02AB9E72A5.e.2493"}]}
COMMAND: POST /session/e537112f6f31df0d8590d52383dd5938/element - {"using":"xpath","value":"//table[contains(@id, \"customPartnersTable-listUl\")]/tbody/tr[1]/td[2]/div/div"}
COMMAND: GET /session/e537112f6f31df0d8590d52383dd5938/screenshot - {}
RESULT: {"using":"xpath","value":"//table[contains(@id, \"customPartnersTable-listUl\")]/tbody/tr[1]/td[2]/div/div"}
COMMAND: POST /session/e537112f6f31df0d8590d52383dd5938/element/f.3D8655DB7C018FB3B3311B2BCD0F0E61.d.4AB1054A5B74B12608ECCC02AB9E72A5.e.2494/click - {}
RESULT: {}
RESULT: {}
COMMAND: GET /session/e537112f6f31df0d8590d52383dd5938/screenshot - {}
RESULT: {}
COMMAND: POST /session/e537112f6f31df0d8590d52383dd5938/element - {"using":"xpath","value":"//bdi[contains(text(), \"Activate\")]"}
RESULT: {"using":"xpath","value":"//bdi[contains(text(), \"Activate\")]"}
COMMAND: POST /session/e537112f6f31df0d8590d52383dd5938/element/f.3D8655DB7C018FB3B3311B2BCD0F0E61.d.4AB1054A5B74B12608ECCC02AB9E72A5.e.2495/click - {}
RESULT: {}
COMMAND: GET /session/e537112f6f31df0d8590d52383dd5938/screenshot - {}
RESULT: {}
COMMAND: POST /session/e537112f6f31df0d8590d52383dd5938/element - {"using":"xpath","value":"//bdi[contains(text(), \"Yes\")]"}
RESULT: {"using":"xpath","value":"//bdi[contains(text(), \"Yes\")]"}
COMMAND: POST /session/e537112f6f31df0d8590d52383dd5938/element/f.3D8655DB7C018FB3B3311B2BCD0F0E61.d.4AB1054A5B74B12608ECCC02AB9E72A5.e.2497/click - {}
RESULT: {}
COMMAND: GET /session/e537112f6f31df0d8590d52383dd5938/screenshot - {}
RESULT: {}
COMMAND: POST /session/e537112f6f31df0d8590d52383dd5938/element - {"using":"xpath","value":"//table[contains(@id, \"customPartnersTable-listUl\")]/tbody/tr[1]/td[7]/div/span"}
RESULT: {"using":"xpath","value":"//table[contains(@id, \"customPartnersTable-listUl\")]/tbody/tr[1]/td[7]/div/span"}
COMMAND: POST /session/e537112f6f31df0d8590d52383dd5938/execute/sync - {"script":"<script> [56 bytes]","args":[{"element-6066-11e4-a52e-4f735466cecf":"f.3D8655DB7C018FB3B3311B2BCD0F0E61.d.4AB1054A5B74B12608ECCC02AB9E72A5.e.2493","ELEMENT":"f.3D8655DB7C018FB3B3311B2BCD0F0E61.d.4AB1054A5B74B12608ECCC02AB9E72A5.e.2493"}]}
RESULT: {"script":"<script> [56 bytes]","args":[{"element-6066-11e4-a52e-4f735466cecf":"f.3D8655DB7C018FB3B3311B2BCD0F0E61.d.4AB1054A5B74B12608ECCC02AB9E72A5.e.2493","ELEMENT":"f.3D8655DB7C018FB3B3311B2BCD0F0E61.d.4AB1054A5B74B12608ECCC02AB9E72A5.e.2493"}]}
COMMAND: GET /session/e537112f6f31df0d8590d52383dd5938/screenshot - {}
RESULT: {}
COMMAND: POST /session/e537112f6f31df0d8590d52383dd5938/element - {"using":"css selector","value":"#shell-header-logo"}
RESULT: {"using":"css selector","value":"#shell-header-logo"}
COMMAND: POST /session/e537112f6f31df0d8590d52383dd5938/element/f.3D8655DB7C018FB3B3311B2BCD0F0E61.d.4AB1054A5B74B12608ECCC02AB9E72A5.e.2311/click - {}
RESULT: {}
COMMAND: GET /session/e537112f6f31df0d8590d52383dd5938/screenshot - {}
RESULT: {}
]]></system-out>
    </testcase>
    <testcase classname="chrome.136_0_7103_93.windows.Partner_specific_tests_US150819_US151080_US151654_US151176_US103444_US151078_US151079_US151109_US151174_US151175_US151189" name="Should edit the created external partner and save it and check its content US103444" time="73.818">
      <system-out><![CDATA[
COMMAND: POST /session/e537112f6f31df0d8590d52383dd5938/element - {"using":"xpath","value":"//li[.//span[text()=\"Manage Partners\"]]"}
RESULT: {"using":"xpath","value":"//li[.//span[text()=\"Manage Partners\"]]"}
COMMAND: POST /session/e537112f6f31df0d8590d52383dd5938/element - {"using":"xpath","value":"//li[.//span[text()=\"Manage Partners\"]]"}
RESULT: {"using":"xpath","value":"//li[.//span[text()=\"Manage Partners\"]]"}
COMMAND: POST /session/e537112f6f31df0d8590d52383dd5938/element - {"using":"css selector","value":"#shell-header-logo"}
RESULT: {"using":"css selector","value":"#shell-header-logo"}
COMMAND: POST /session/e537112f6f31df0d8590d52383dd5938/element/f.3D8655DB7C018FB3B3311B2BCD0F0E61.d.4AB1054A5B74B12608ECCC02AB9E72A5.e.2501/click - {}
COMMAND: POST /session/e537112f6f31df0d8590d52383dd5938/execute/sync - {"script":"<script> [8489 bytes]","args":[{"element-6066-11e4-a52e-4f735466cecf":"f.3D8655DB7C018FB3B3311B2BCD0F0E61.d.4AB1054A5B74B12608ECCC02AB9E72A5.e.2501","ELEMENT":"f.3D8655DB7C018FB3B3311B2BCD0F0E61.d.4AB1054A5B74B12608ECCC02AB9E72A5.e.2501"}]}
RESULT: {}
COMMAND: GET /session/e537112f6f31df0d8590d52383dd5938/screenshot - {}
RESULT: {"script":"<script> [8489 bytes]","args":[{"element-6066-11e4-a52e-4f735466cecf":"f.3D8655DB7C018FB3B3311B2BCD0F0E61.d.4AB1054A5B74B12608ECCC02AB9E72A5.e.2501","ELEMENT":"f.3D8655DB7C018FB3B3311B2BCD0F0E61.d.4AB1054A5B74B12608ECCC02AB9E72A5.e.2501"}]}
COMMAND: POST /session/e537112f6f31df0d8590d52383dd5938/execute/sync - {"script":"<script> [5351 bytes]","args":[{"element-6066-11e4-a52e-4f735466cecf":"f.3D8655DB7C018FB3B3311B2BCD0F0E61.d.4AB1054A5B74B12608ECCC02AB9E72A5.e.2501","ELEMENT":"f.3D8655DB7C018FB3B3311B2BCD0F0E61.d.4AB1054A5B74B12608ECCC02AB9E72A5.e.2501"}]}
COMMAND: GET /session/e537112f6f31df0d8590d52383dd5938/screenshot - {}
RESULT: {}
RESULT: {"script":"<script> [5351 bytes]","args":[{"element-6066-11e4-a52e-4f735466cecf":"f.3D8655DB7C018FB3B3311B2BCD0F0E61.d.4AB1054A5B74B12608ECCC02AB9E72A5.e.2501","ELEMENT":"f.3D8655DB7C018FB3B3311B2BCD0F0E61.d.4AB1054A5B74B12608ECCC02AB9E72A5.e.2501"}]}
COMMAND: GET /session/e537112f6f31df0d8590d52383dd5938/screenshot - {}
RESULT: {}
RESULT: {}
RESULT: undefined
COMMAND: POST /session/e537112f6f31df0d8590d52383dd5938/element - {"using":"xpath","value":"//*[@id=\"__tile38\"]"}
RESULT: {"using":"xpath","value":"//*[@id=\"__tile38\"]"}
COMMAND: POST /session/e537112f6f31df0d8590d52383dd5938/element/f.3D8655DB7C018FB3B3311B2BCD0F0E61.d.4AB1054A5B74B12608ECCC02AB9E72A5.e.142/click - {}
RESULT: {}
COMMAND: GET /session/e537112f6f31df0d8590d52383dd5938/screenshot - {}
RESULT: {}
COMMAND: POST /session/e537112f6f31df0d8590d52383dd5938/elements - {"using":"xpath","value":"//span[text()='Error']"}
RESULT: {"using":"xpath","value":"//span[text()='Error']"}
COMMAND: POST /session/e537112f6f31df0d8590d52383dd5938/element - {"using":"xpath","value":"//button[@data-kt=\"addButton\"]"}
RESULT: {"using":"xpath","value":"//button[@data-kt=\"addButton\"]"}
COMMAND: POST /session/e537112f6f31df0d8590d52383dd5938/elements - {"using":"xpath","value":"//button[@data-kt=\"addButton\"]"}
RESULT: {"using":"xpath","value":"//button[@data-kt=\"addButton\"]"}
COMMAND: POST /session/e537112f6f31df0d8590d52383dd5938/execute/sync - {"script":"<script> [8489 bytes]","args":[{"element-6066-11e4-a52e-4f735466cecf":"f.3D8655DB7C018FB3B3311B2BCD0F0E61.d.4AB1054A5B74B12608ECCC02AB9E72A5.e.2547","ELEMENT":"f.3D8655DB7C018FB3B3311B2BCD0F0E61.d.4AB1054A5B74B12608ECCC02AB9E72A5.e.2547"}]}
RESULT: {"script":"<script> [8489 bytes]","args":[{"element-6066-11e4-a52e-4f735466cecf":"f.3D8655DB7C018FB3B3311B2BCD0F0E61.d.4AB1054A5B74B12608ECCC02AB9E72A5.e.2547","ELEMENT":"f.3D8655DB7C018FB3B3311B2BCD0F0E61.d.4AB1054A5B74B12608ECCC02AB9E72A5.e.2547"}]}
COMMAND: GET /session/e537112f6f31df0d8590d52383dd5938/element/f.3D8655DB7C018FB3B3311B2BCD0F0E61.d.4AB1054A5B74B12608ECCC02AB9E72A5.e.2547/enabled - {}
COMMAND: GET /session/e537112f6f31df0d8590d52383dd5938/screenshot - {}
RESULT: {}
COMMAND: POST /session/e537112f6f31df0d8590d52383dd5938/execute/sync - {"script":"<script> [8489 bytes]","args":[{"element-6066-11e4-a52e-4f735466cecf":"f.3D8655DB7C018FB3B3311B2BCD0F0E61.d.4AB1054A5B74B12608ECCC02AB9E72A5.e.2547","ELEMENT":"f.3D8655DB7C018FB3B3311B2BCD0F0E61.d.4AB1054A5B74B12608ECCC02AB9E72A5.e.2547"}]}
COMMAND: GET /session/e537112f6f31df0d8590d52383dd5938/screenshot - {}
RESULT: {}
RESULT: {"script":"<script> [8489 bytes]","args":[{"element-6066-11e4-a52e-4f735466cecf":"f.3D8655DB7C018FB3B3311B2BCD0F0E61.d.4AB1054A5B74B12608ECCC02AB9E72A5.e.2547","ELEMENT":"f.3D8655DB7C018FB3B3311B2BCD0F0E61.d.4AB1054A5B74B12608ECCC02AB9E72A5.e.2547"}]}
COMMAND: POST /session/e537112f6f31df0d8590d52383dd5938/execute/sync - {"script":"<script> [5351 bytes]","args":[{"element-6066-11e4-a52e-4f735466cecf":"f.3D8655DB7C018FB3B3311B2BCD0F0E61.d.4AB1054A5B74B12608ECCC02AB9E72A5.e.2547","ELEMENT":"f.3D8655DB7C018FB3B3311B2BCD0F0E61.d.4AB1054A5B74B12608ECCC02AB9E72A5.e.2547"}]}
COMMAND: GET /session/e537112f6f31df0d8590d52383dd5938/screenshot - {}
RESULT: {}
RESULT: {"script":"<script> [5351 bytes]","args":[{"element-6066-11e4-a52e-4f735466cecf":"f.3D8655DB7C018FB3B3311B2BCD0F0E61.d.4AB1054A5B74B12608ECCC02AB9E72A5.e.2547","ELEMENT":"f.3D8655DB7C018FB3B3311B2BCD0F0E61.d.4AB1054A5B74B12608ECCC02AB9E72A5.e.2547"}]}
COMMAND: GET /session/e537112f6f31df0d8590d52383dd5938/screenshot - {}
RESULT: {}
RESULT: {}
RESULT: undefined
COMMAND: POST /session/e537112f6f31df0d8590d52383dd5938/execute/async - {"script":"<script> [776 bytes]","args":[{"enterText":"1243","selector":{"id":"application-managepartners-display-component---masterPtm--smartFilterBar-btnBasicSearch","interaction":{"idSuffix":"I"}},"clearTextFirst":true,"interactionType":"ENTER_TEXT"}]}
RESULT: {"script":"<script> [776 bytes]","args":[{"enterText":"1243","selector":{"id":"application-managepartners-display-component---masterPtm--smartFilterBar-btnBasicSearch","interaction":{"idSuffix":"I"}},"clearTextFirst":true,"interactionType":"ENTER_TEXT"}]}
COMMAND: POST /session/e537112f6f31df0d8590d52383dd5938/actions - {"actions":[{"id":"action6","type":"key","parameters":{},"actions":[{"type":"keyDown","value":""},{"type":"pause","duration":10},{"type":"keyUp","value":""}]}]}
RESULT: {"actions":[{"id":"action6","type":"key","parameters":{},"actions":[{"type":"keyDown","value":""},{"type":"pause","duration":10},{"type":"keyUp","value":""}]}]}
COMMAND: GET /session/e537112f6f31df0d8590d52383dd5938/screenshot - {}
RESULT: {}
COMMAND: POST /session/e537112f6f31df0d8590d52383dd5938/elements - {"using":"xpath","value":"//table[contains(@id, \"customPartnersTable-listUl\")]/tbody/tr"}
RESULT: {"using":"xpath","value":"//table[contains(@id, \"customPartnersTable-listUl\")]/tbody/tr"}
COMMAND: POST /session/e537112f6f31df0d8590d52383dd5938/element - {"using":"xpath","value":"//table[contains(@id, \"customPartnersTable-listUl\")]/tbody/tr[1]/td[3]/span"}
RESULT: {"using":"xpath","value":"//table[contains(@id, \"customPartnersTable-listUl\")]/tbody/tr[1]/td[3]/span"}
COMMAND: POST /session/e537112f6f31df0d8590d52383dd5938/elements - {"using":"xpath","value":"//table[contains(@id, \"customPartnersTable-listUl\")]/tbody/tr[1]/td[3]/span"}
RESULT: {"using":"xpath","value":"//table[contains(@id, \"customPartnersTable-listUl\")]/tbody/tr[1]/td[3]/span"}
COMMAND: POST /session/e537112f6f31df0d8590d52383dd5938/execute/sync - {"script":"<script> [56 bytes]","args":[{"element-6066-11e4-a52e-4f735466cecf":"f.3D8655DB7C018FB3B3311B2BCD0F0E61.d.4AB1054A5B74B12608ECCC02AB9E72A5.e.2682","ELEMENT":"f.3D8655DB7C018FB3B3311B2BCD0F0E61.d.4AB1054A5B74B12608ECCC02AB9E72A5.e.2682"}]}
RESULT: {"script":"<script> [56 bytes]","args":[{"element-6066-11e4-a52e-4f735466cecf":"f.3D8655DB7C018FB3B3311B2BCD0F0E61.d.4AB1054A5B74B12608ECCC02AB9E72A5.e.2682","ELEMENT":"f.3D8655DB7C018FB3B3311B2BCD0F0E61.d.4AB1054A5B74B12608ECCC02AB9E72A5.e.2682"}]}
COMMAND: POST /session/e537112f6f31df0d8590d52383dd5938/element - {"using":"xpath","value":"(//span[contains(@id, \"imgNav\")])[1]"}
COMMAND: GET /session/e537112f6f31df0d8590d52383dd5938/screenshot - {}
RESULT: {"using":"xpath","value":"(//span[contains(@id, \"imgNav\")])[1]"}
COMMAND: POST /session/e537112f6f31df0d8590d52383dd5938/element/f.3D8655DB7C018FB3B3311B2BCD0F0E61.d.4AB1054A5B74B12608ECCC02AB9E72A5.e.2680/click - {}
RESULT: {}
RESULT: {}
COMMAND: GET /session/e537112f6f31df0d8590d52383dd5938/screenshot - {}
COMMAND: POST /session/e537112f6f31df0d8590d52383dd5938/element - {"using":"xpath","value":"//bdi[contains(text(), \"Edit\")]"}
RESULT: {}
RESULT: {"using":"xpath","value":"//bdi[contains(text(), \"Edit\")]"}
COMMAND: POST /session/e537112f6f31df0d8590d52383dd5938/element/f.3D8655DB7C018FB3B3311B2BCD0F0E61.d.4AB1054A5B74B12608ECCC02AB9E72A5.e.2824/click - {}
RESULT: {}
COMMAND: GET /session/e537112f6f31df0d8590d52383dd5938/screenshot - {}
RESULT: {}
COMMAND: POST /session/e537112f6f31df0d8590d52383dd5938/execute/async - {"script":"<script> [1562 bytes]","args":[{"selector":{"controlType":"sap.m.Input","viewName":"etm.portal.ui.managepartners.view.EditDetail","labelFor":{"text":"Name"},"interaction":{"idSuffix":"inner"}},"wdio_ui5_key":"etmportal.ui.managepartners.view.EditDetailsap.m.Input{\"text\":\"Name\"}"}]}
RESULT: {"script":"<script> [1562 bytes]","args":[{"selector":{"controlType":"sap.m.Input","viewName":"etm.portal.ui.managepartners.view.EditDetail","labelFor":{"text":"Name"},"interaction":{"idSuffix":"inner"}},"wdio_ui5_key":"etmportal.ui.managepartners.view.EditDetailsap.m.Input{\"text\":\"Name\"}"}]}
RESULT: undefined
COMMAND: POST /session/e537112f6f31df0d8590d52383dd5938/execute/async - {"script":"<script> [776 bytes]","args":[{"enterText":"External EDIT","selector":{"controlType":"sap.m.Input","viewName":"etm.portal.ui.managepartners.view.EditDetail","labelFor":{"text":"Name"},"interaction":{"idSuffix":"inner"}},"clearTextFirst":true,"interactionType":"ENTER_TEXT"}]}
RESULT: {"script":"<script> [776 bytes]","args":[{"enterText":"External EDIT","selector":{"controlType":"sap.m.Input","viewName":"etm.portal.ui.managepartners.view.EditDetail","labelFor":{"text":"Name"},"interaction":{"idSuffix":"inner"}},"clearTextFirst":true,"interactionType":"ENTER_TEXT"}]}
COMMAND: POST /session/e537112f6f31df0d8590d52383dd5938/element - {"using":"xpath","value":"(//span[contains(@id,\"addressDetailDetailsLanguage-arrow\")])[1]"}
RESULT: {"using":"xpath","value":"(//span[contains(@id,\"addressDetailDetailsLanguage-arrow\")])[1]"}
COMMAND: POST /session/e537112f6f31df0d8590d52383dd5938/element/f.3D8655DB7C018FB3B3311B2BCD0F0E61.d.4AB1054A5B74B12608ECCC02AB9E72A5.e.2903/click - {}
RESULT: {}
COMMAND: POST /session/e537112f6f31df0d8590d52383dd5938/element - {"using":"xpath","value":"//span[contains(text(), \"Chinese\")]"}
COMMAND: GET /session/e537112f6f31df0d8590d52383dd5938/screenshot - {}
RESULT: {"using":"xpath","value":"//span[contains(text(), \"Chinese\")]"}
COMMAND: POST /session/e537112f6f31df0d8590d52383dd5938/element/f.3D8655DB7C018FB3B3311B2BCD0F0E61.d.4AB1054A5B74B12608ECCC02AB9E72A5.e.2904/click - {}
RESULT: {}
RESULT: {}
COMMAND: GET /session/e537112f6f31df0d8590d52383dd5938/screenshot - {}
RESULT: {}
COMMAND: POST /session/e537112f6f31df0d8590d52383dd5938/execute/async - {"script":"<script> [1562 bytes]","args":[{"selector":{"controlType":"sap.m.Input","viewName":"etm.portal.ui.managepartners.view.EditDetail","labelFor":{"text":"City"},"interaction":{"idSuffix":"inner"}},"wdio_ui5_key":"etmportal.ui.managepartners.view.EditDetailsap.m.Input{\"text\":\"City\"}"}]}
RESULT: {"script":"<script> [1562 bytes]","args":[{"selector":{"controlType":"sap.m.Input","viewName":"etm.portal.ui.managepartners.view.EditDetail","labelFor":{"text":"City"},"interaction":{"idSuffix":"inner"}},"wdio_ui5_key":"etmportal.ui.managepartners.view.EditDetailsap.m.Input{\"text\":\"City\"}"}]}
RESULT: undefined
COMMAND: POST /session/e537112f6f31df0d8590d52383dd5938/execute/async - {"script":"<script> [776 bytes]","args":[{"enterText":"Clooj-Napoca","selector":{"controlType":"sap.m.Input","viewName":"etm.portal.ui.managepartners.view.EditDetail","labelFor":{"text":"City"},"interaction":{"idSuffix":"inner"}},"clearTextFirst":true,"interactionType":"ENTER_TEXT"}]}
RESULT: {"script":"<script> [776 bytes]","args":[{"enterText":"Clooj-Napoca","selector":{"controlType":"sap.m.Input","viewName":"etm.portal.ui.managepartners.view.EditDetail","labelFor":{"text":"City"},"interaction":{"idSuffix":"inner"}},"clearTextFirst":true,"interactionType":"ENTER_TEXT"}]}
COMMAND: POST /session/e537112f6f31df0d8590d52383dd5938/element - {"using":"xpath","value":"//button[@data-kt=\"saveButton\"]"}
RESULT: {"using":"xpath","value":"//button[@data-kt=\"saveButton\"]"}
COMMAND: POST /session/e537112f6f31df0d8590d52383dd5938/element/f.3D8655DB7C018FB3B3311B2BCD0F0E61.d.4AB1054A5B74B12608ECCC02AB9E72A5.e.2886/click - {}
RESULT: {}
COMMAND: GET /session/e537112f6f31df0d8590d52383dd5938/screenshot - {}
RESULT: {}
COMMAND: POST /session/e537112f6f31df0d8590d52383dd5938/execute/async - {"script":"<script> [1562 bytes]","args":[{"selector":{"id":"application-managepartners-display-component---detailPtm--addressDetailDetailsName1"},"wdio_ui5_key":"applicationmanagepartners-display-component---detailPtm--addressDetailDetailsName1"}]}
RESULT: {"script":"<script> [1562 bytes]","args":[{"selector":{"id":"application-managepartners-display-component---detailPtm--addressDetailDetailsName1"},"wdio_ui5_key":"applicationmanagepartners-display-component---detailPtm--addressDetailDetailsName1"}]}
RESULT: undefined
COMMAND: POST /session/e537112f6f31df0d8590d52383dd5938/execute/async - {"script":"<script> [6424 bytes]","args":[{"element-6066-11e4-a52e-4f735466cecf":"f.3D8655DB7C018FB3B3311B2BCD0F0E61.d.4AB1054A5B74B12608ECCC02AB9E72A5.e.2935"},"getValue",[]]}
RESULT: {"script":"<script> [6424 bytes]","args":[{"element-6066-11e4-a52e-4f735466cecf":"f.3D8655DB7C018FB3B3311B2BCD0F0E61.d.4AB1054A5B74B12608ECCC02AB9E72A5.e.2935"},"getValue",[]]}
COMMAND: POST /session/e537112f6f31df0d8590d52383dd5938/element - {"using":"xpath","value":"//input[@id = \"application-managepartners-display-component---detailPtm--addressDetailDetailsLanguage-inner\"]"}
RESULT: {"using":"xpath","value":"//input[@id = \"application-managepartners-display-component---detailPtm--addressDetailDetailsLanguage-inner\"]"}
COMMAND: GET /session/e537112f6f31df0d8590d52383dd5938/element/f.3D8655DB7C018FB3B3311B2BCD0F0E61.d.4AB1054A5B74B12608ECCC02AB9E72A5.e.2936/property/value - {}
RESULT: {}
COMMAND: POST /session/e537112f6f31df0d8590d52383dd5938/execute/async - {"script":"<script> [1562 bytes]","args":[{"selector":{"id":"application-managepartners-display-component---detailPtm--addressDetailDetailsCity1"},"wdio_ui5_key":"applicationmanagepartners-display-component---detailPtm--addressDetailDetailsCity1"}]}
COMMAND: GET /session/e537112f6f31df0d8590d52383dd5938/screenshot - {}
RESULT: {"script":"<script> [1562 bytes]","args":[{"selector":{"id":"application-managepartners-display-component---detailPtm--addressDetailDetailsCity1"},"wdio_ui5_key":"applicationmanagepartners-display-component---detailPtm--addressDetailDetailsCity1"}]}
RESULT: undefined
COMMAND: POST /session/e537112f6f31df0d8590d52383dd5938/execute/async - {"script":"<script> [6424 bytes]","args":[{"element-6066-11e4-a52e-4f735466cecf":"f.3D8655DB7C018FB3B3311B2BCD0F0E61.d.4AB1054A5B74B12608ECCC02AB9E72A5.e.2937"},"getValue",[]]}
RESULT: {}
RESULT: {"script":"<script> [6424 bytes]","args":[{"element-6066-11e4-a52e-4f735466cecf":"f.3D8655DB7C018FB3B3311B2BCD0F0E61.d.4AB1054A5B74B12608ECCC02AB9E72A5.e.2937"},"getValue",[]]}
COMMAND: POST /session/e537112f6f31df0d8590d52383dd5938/element - {"using":"css selector","value":"#shell-header-logo"}
RESULT: {"using":"css selector","value":"#shell-header-logo"}
COMMAND: POST /session/e537112f6f31df0d8590d52383dd5938/element/f.3D8655DB7C018FB3B3311B2BCD0F0E61.d.4AB1054A5B74B12608ECCC02AB9E72A5.e.2501/click - {}
RESULT: {}
COMMAND: GET /session/e537112f6f31df0d8590d52383dd5938/screenshot - {}
RESULT: {}
]]></system-out>
    </testcase>
    <testcase classname="chrome.136_0_7103_93.windows.Partner_specific_tests_US150819_US151080_US151654_US151176_US103444_US151078_US151079_US151109_US151174_US151175_US151189" name="Should create a new intercompany partner edit some of its fields US151078" time="265.097">
      <system-out><![CDATA[
COMMAND: POST /session/e537112f6f31df0d8590d52383dd5938/element - {"using":"xpath","value":"//li[.//span[text()=\"Manage Partners\"]]"}
RESULT: {"using":"xpath","value":"//li[.//span[text()=\"Manage Partners\"]]"}
COMMAND: POST /session/e537112f6f31df0d8590d52383dd5938/element - {"using":"xpath","value":"//li[.//span[text()=\"Manage Partners\"]]"}
RESULT: {"using":"xpath","value":"//li[.//span[text()=\"Manage Partners\"]]"}
COMMAND: POST /session/e537112f6f31df0d8590d52383dd5938/element - {"using":"css selector","value":"#shell-header-logo"}
RESULT: {"using":"css selector","value":"#shell-header-logo"}
COMMAND: POST /session/e537112f6f31df0d8590d52383dd5938/element/f.3D8655DB7C018FB3B3311B2BCD0F0E61.d.4AB1054A5B74B12608ECCC02AB9E72A5.e.2967/click - {}
COMMAND: POST /session/e537112f6f31df0d8590d52383dd5938/execute/sync - {"script":"<script> [8489 bytes]","args":[{"element-6066-11e4-a52e-4f735466cecf":"f.3D8655DB7C018FB3B3311B2BCD0F0E61.d.4AB1054A5B74B12608ECCC02AB9E72A5.e.2967","ELEMENT":"f.3D8655DB7C018FB3B3311B2BCD0F0E61.d.4AB1054A5B74B12608ECCC02AB9E72A5.e.2967"}]}
RESULT: {}
COMMAND: GET /session/e537112f6f31df0d8590d52383dd5938/screenshot - {}
RESULT: {"script":"<script> [8489 bytes]","args":[{"element-6066-11e4-a52e-4f735466cecf":"f.3D8655DB7C018FB3B3311B2BCD0F0E61.d.4AB1054A5B74B12608ECCC02AB9E72A5.e.2967","ELEMENT":"f.3D8655DB7C018FB3B3311B2BCD0F0E61.d.4AB1054A5B74B12608ECCC02AB9E72A5.e.2967"}]}
COMMAND: POST /session/e537112f6f31df0d8590d52383dd5938/execute/sync - {"script":"<script> [5351 bytes]","args":[{"element-6066-11e4-a52e-4f735466cecf":"f.3D8655DB7C018FB3B3311B2BCD0F0E61.d.4AB1054A5B74B12608ECCC02AB9E72A5.e.2967","ELEMENT":"f.3D8655DB7C018FB3B3311B2BCD0F0E61.d.4AB1054A5B74B12608ECCC02AB9E72A5.e.2967"}]}
COMMAND: GET /session/e537112f6f31df0d8590d52383dd5938/screenshot - {}
RESULT: {}
RESULT: {"script":"<script> [5351 bytes]","args":[{"element-6066-11e4-a52e-4f735466cecf":"f.3D8655DB7C018FB3B3311B2BCD0F0E61.d.4AB1054A5B74B12608ECCC02AB9E72A5.e.2967","ELEMENT":"f.3D8655DB7C018FB3B3311B2BCD0F0E61.d.4AB1054A5B74B12608ECCC02AB9E72A5.e.2967"}]}
COMMAND: GET /session/e537112f6f31df0d8590d52383dd5938/screenshot - {}
RESULT: {}
RESULT: {}
COMMAND: POST /session/e537112f6f31df0d8590d52383dd5938/refresh - {}
RESULT: {}
COMMAND: GET /session/e537112f6f31df0d8590d52383dd5938/screenshot - {}
RESULT: {}
COMMAND: POST /session/e537112f6f31df0d8590d52383dd5938/refresh - {}
RESULT: {}
COMMAND: GET /session/e537112f6f31df0d8590d52383dd5938/screenshot - {}
RESULT: {}
COMMAND: POST /session/e537112f6f31df0d8590d52383dd5938/window/fullscreen - {}
RESULT: {}
COMMAND: POST /session/e537112f6f31df0d8590d52383dd5938/execute/async - {"script":"<script> [189 bytes]","args":[]}
RESULT: {"script":"<script> [189 bytes]","args":[]}
COMMAND: POST /session/e537112f6f31df0d8590d52383dd5938/execute/async - {"script":"<script> [123 bytes]","args":[]}
RESULT: {"script":"<script> [123 bytes]","args":[]}
COMMAND: POST /session/e537112f6f31df0d8590d52383dd5938/timeouts - {"script":"<number>"}
RESULT: {"script":"<number>"}
COMMAND: GET /session/e537112f6f31df0d8590d52383dd5938/timeouts - {}
RESULT: {}
RESULT: undefined
COMMAND: POST /session/e537112f6f31df0d8590d52383dd5938/execute/async - {"script":"<script> [2676 bytes]","args":[]}
RESULT: {"script":"<script> [2676 bytes]","args":[]}
COMMAND: POST /session/e537112f6f31df0d8590d52383dd5938/execute/async - {"script":"<script> [2342 bytes]","args":[{"protocol":"http","hostname":"0.0.0.0","path":"/","capabilities":{"browserName":"chrome","goog:chromeOptions":{"binary":"C:\\Program Files\\Google\\Chrome\\Application\\chrome.exe","args":["--start-maximized"]}},"logLevel":"warn","connectionRetryTimeout":120000,"connectionRetryCount":3,"logLevels":{},"enableDirectConnect":true,"strictSSL":true,"_":"65 more keys: [\"cacheDir\",\"port\",\"requestedCapabilities\",\"automationProtocol\",\"baseUrl\",\"waitforInterval\",\"waitforTimeout\",\"onReload\",\"beforeCommand\",\"afterCommand\",\"rootDir\",\"specs\",\"suites\",\"exclude\",\"groupLogsByTestSpec\",\"excludeDriverLogs\",\"bail\",\"framework\",\"reporters\",\"services\",\"maxInstances\",\"maxInstancesPerCapability\",\"injectGlobals\",\"filesToWatch\",\"execArgv\",\"runnerEnv\",\"runner\",\"shard\",\"specFileRetries\",\"specFileRetriesDelay\",\"specFileRetriesDeferred\",\"reporterSyncInterval\",\"reporterSyncTimeout\",\"cucumberFeaturesWithLineNumbers\",\"autoCompileOpts\",\"mochaOpts\",\"jasmineOpts\",\"cucumberOpts\",\"onPrepare\",\"onWorkerStart\",\"onWorkerEnd\",\"before\",\"beforeSession\",\"beforeSuite\",\"beforeHook\",\"beforeTest\",\"afterTest\",\"afterHook\",\"afterSuite\",\"afterSession\",\"after\",\"onComplete\",\"beforeAssertion\",\"afterAssertion\",\"beforeFeature\",\"beforeScenario\",\"beforeStep\",\"afterStep\",\"afterScenario\",\"afterFeature\",\"_\",\"suite\",\"$0\",\"ignoredWorkerServices\",\"wdi5\"]"}]}
RESULT: {"script":"<script> [2342 bytes]","args":[{"protocol":"http","hostname":"0.0.0.0","path":"/","capabilities":{"browserName":"chrome","goog:chromeOptions":{"binary":"C:\\Program Files\\Google\\Chrome\\Application\\chrome.exe","args":["--start-maximized"]}},"logLevel":"warn","connectionRetryTimeout":120000,"connectionRetryCount":3,"logLevels":{},"enableDirectConnect":true,"strictSSL":true,"_":"65 more keys: [\"cacheDir\",\"port\",\"requestedCapabilities\",\"automationProtocol\",\"baseUrl\",\"waitforInterval\",\"waitforTimeout\",\"onReload\",\"beforeCommand\",\"afterCommand\",\"rootDir\",\"specs\",\"suites\",\"exclude\",\"groupLogsByTestSpec\",\"excludeDriverLogs\",\"bail\",\"framework\",\"reporters\",\"services\",\"maxInstances\",\"maxInstancesPerCapability\",\"injectGlobals\",\"filesToWatch\",\"execArgv\",\"runnerEnv\",\"runner\",\"shard\",\"specFileRetries\",\"specFileRetriesDelay\",\"specFileRetriesDeferred\",\"reporterSyncInterval\",\"reporterSyncTimeout\",\"cucumberFeaturesWithLineNumbers\",\"autoCompileOpts\",\"mochaOpts\",\"jasmineOpts\",\"cucumberOpts\",\"onPrepare\",\"onWorkerStart\",\"onWorkerEnd\",\"before\",\"beforeSession\",\"beforeSuite\",\"beforeHook\",\"beforeTest\",\"afterTest\",\"afterHook\",\"afterSuite\",\"afterSession\",\"after\",\"onComplete\",\"beforeAssertion\",\"afterAssertion\",\"beforeFeature\",\"beforeScenario\",\"beforeStep\",\"afterStep\",\"afterScenario\",\"afterFeature\",\"_\",\"suite\",\"$0\",\"ignoredWorkerServices\",\"wdi5\"]"}]}
COMMAND: POST /session/e537112f6f31df0d8590d52383dd5938/execute/async - {"script":"<script> [21126 bytes]","args":[35000]}
RESULT: {"script":"<script> [21126 bytes]","args":[35000]}
COMMAND: POST /session/e537112f6f31df0d8590d52383dd5938/window/fullscreen - {}
RESULT: {}
COMMAND: POST /session/e537112f6f31df0d8590d52383dd5938/window/fullscreen - {}
RESULT: {}
COMMAND: POST /session/e537112f6f31df0d8590d52383dd5938/execute/async - {"script":"<script> [1562 bytes]","args":[{"selector":{"controlType":"sap.m.GenericTile","properties":{"header":"Manage Partners"}},"wdio_ui5_key":"sapm.GenericTile{\"header\":\"Manage Partners\"}"}]}
RESULT: {"script":"<script> [1562 bytes]","args":[{"selector":{"controlType":"sap.m.GenericTile","properties":{"header":"Manage Partners"}},"wdio_ui5_key":"sapm.GenericTile{\"header\":\"Manage Partners\"}"}]}
RESULT: undefined
COMMAND: POST /session/e537112f6f31df0d8590d52383dd5938/element - {"using":"xpath","value":"//*[@id=\"__tile30\"]"}
RESULT: {"using":"xpath","value":"//*[@id=\"__tile30\"]"}
COMMAND: POST /session/e537112f6f31df0d8590d52383dd5938/element/f.3D8655DB7C018FB3B3311B2BCD0F0E61.d.1BE0B17F15353E23F1E6003D16C2F9E8.e.3035/click - {}
RESULT: {}
COMMAND: GET /session/e537112f6f31df0d8590d52383dd5938/screenshot - {}
RESULT: {}
COMMAND: POST /session/e537112f6f31df0d8590d52383dd5938/elements - {"using":"xpath","value":"//span[text()='Error']"}
RESULT: {"using":"xpath","value":"//span[text()='Error']"}
COMMAND: POST /session/e537112f6f31df0d8590d52383dd5938/element - {"using":"xpath","value":"//button[@data-kt=\"addButton\"]"}
RESULT: {"using":"xpath","value":"//button[@data-kt=\"addButton\"]"}
COMMAND: POST /session/e537112f6f31df0d8590d52383dd5938/elements - {"using":"xpath","value":"//button[@data-kt=\"addButton\"]"}
RESULT: {"using":"xpath","value":"//button[@data-kt=\"addButton\"]"}
COMMAND: POST /session/e537112f6f31df0d8590d52383dd5938/elements - {"using":"xpath","value":"//button[@data-kt=\"addButton\"]"}
RESULT: {"using":"xpath","value":"//button[@data-kt=\"addButton\"]"}
COMMAND: POST /session/e537112f6f31df0d8590d52383dd5938/elements - {"using":"xpath","value":"//button[@data-kt=\"addButton\"]"}
RESULT: {"using":"xpath","value":"//button[@data-kt=\"addButton\"]"}
COMMAND: POST /session/e537112f6f31df0d8590d52383dd5938/elements - {"using":"xpath","value":"//button[@data-kt=\"addButton\"]"}
RESULT: {"using":"xpath","value":"//button[@data-kt=\"addButton\"]"}
COMMAND: POST /session/e537112f6f31df0d8590d52383dd5938/elements - {"using":"xpath","value":"//button[@data-kt=\"addButton\"]"}
RESULT: {"using":"xpath","value":"//button[@data-kt=\"addButton\"]"}
COMMAND: POST /session/e537112f6f31df0d8590d52383dd5938/elements - {"using":"xpath","value":"//button[@data-kt=\"addButton\"]"}
RESULT: {"using":"xpath","value":"//button[@data-kt=\"addButton\"]"}
COMMAND: POST /session/e537112f6f31df0d8590d52383dd5938/elements - {"using":"xpath","value":"//button[@data-kt=\"addButton\"]"}
RESULT: {"using":"xpath","value":"//button[@data-kt=\"addButton\"]"}
COMMAND: POST /session/e537112f6f31df0d8590d52383dd5938/elements - {"using":"xpath","value":"//button[@data-kt=\"addButton\"]"}
RESULT: {"using":"xpath","value":"//button[@data-kt=\"addButton\"]"}
COMMAND: POST /session/e537112f6f31df0d8590d52383dd5938/elements - {"using":"xpath","value":"//button[@data-kt=\"addButton\"]"}
RESULT: {"using":"xpath","value":"//button[@data-kt=\"addButton\"]"}
COMMAND: POST /session/e537112f6f31df0d8590d52383dd5938/elements - {"using":"xpath","value":"//button[@data-kt=\"addButton\"]"}
RESULT: {"using":"xpath","value":"//button[@data-kt=\"addButton\"]"}
COMMAND: POST /session/e537112f6f31df0d8590d52383dd5938/elements - {"using":"xpath","value":"//button[@data-kt=\"addButton\"]"}
RESULT: {"using":"xpath","value":"//button[@data-kt=\"addButton\"]"}
COMMAND: POST /session/e537112f6f31df0d8590d52383dd5938/elements - {"using":"xpath","value":"//button[@data-kt=\"addButton\"]"}
RESULT: {"using":"xpath","value":"//button[@data-kt=\"addButton\"]"}
COMMAND: POST /session/e537112f6f31df0d8590d52383dd5938/elements - {"using":"xpath","value":"//button[@data-kt=\"addButton\"]"}
RESULT: {"using":"xpath","value":"//button[@data-kt=\"addButton\"]"}
COMMAND: POST /session/e537112f6f31df0d8590d52383dd5938/element - {"using":"xpath","value":"//button[@data-kt=\"addButton\"]"}
RESULT: {"using":"xpath","value":"//button[@data-kt=\"addButton\"]"}
COMMAND: POST /session/e537112f6f31df0d8590d52383dd5938/execute/sync - {"script":"<script> [8489 bytes]","args":[{"element-6066-11e4-a52e-4f735466cecf":"f.3D8655DB7C018FB3B3311B2BCD0F0E61.d.1BE0B17F15353E23F1E6003D16C2F9E8.e.3151","ELEMENT":"f.3D8655DB7C018FB3B3311B2BCD0F0E61.d.1BE0B17F15353E23F1E6003D16C2F9E8.e.3151"}]}
RESULT: {"script":"<script> [8489 bytes]","args":[{"element-6066-11e4-a52e-4f735466cecf":"f.3D8655DB7C018FB3B3311B2BCD0F0E61.d.1BE0B17F15353E23F1E6003D16C2F9E8.e.3151","ELEMENT":"f.3D8655DB7C018FB3B3311B2BCD0F0E61.d.1BE0B17F15353E23F1E6003D16C2F9E8.e.3151"}]}
COMMAND: GET /session/e537112f6f31df0d8590d52383dd5938/element/f.3D8655DB7C018FB3B3311B2BCD0F0E61.d.1BE0B17F15353E23F1E6003D16C2F9E8.e.3151/enabled - {}
COMMAND: GET /session/e537112f6f31df0d8590d52383dd5938/screenshot - {}
RESULT: {}
COMMAND: POST /session/e537112f6f31df0d8590d52383dd5938/execute/sync - {"script":"<script> [8489 bytes]","args":[{"element-6066-11e4-a52e-4f735466cecf":"f.3D8655DB7C018FB3B3311B2BCD0F0E61.d.1BE0B17F15353E23F1E6003D16C2F9E8.e.3151","ELEMENT":"f.3D8655DB7C018FB3B3311B2BCD0F0E61.d.1BE0B17F15353E23F1E6003D16C2F9E8.e.3151"}]}
COMMAND: GET /session/e537112f6f31df0d8590d52383dd5938/screenshot - {}
RESULT: {}
RESULT: {"script":"<script> [8489 bytes]","args":[{"element-6066-11e4-a52e-4f735466cecf":"f.3D8655DB7C018FB3B3311B2BCD0F0E61.d.1BE0B17F15353E23F1E6003D16C2F9E8.e.3151","ELEMENT":"f.3D8655DB7C018FB3B3311B2BCD0F0E61.d.1BE0B17F15353E23F1E6003D16C2F9E8.e.3151"}]}
COMMAND: POST /session/e537112f6f31df0d8590d52383dd5938/execute/sync - {"script":"<script> [5351 bytes]","args":[{"element-6066-11e4-a52e-4f735466cecf":"f.3D8655DB7C018FB3B3311B2BCD0F0E61.d.1BE0B17F15353E23F1E6003D16C2F9E8.e.3151","ELEMENT":"f.3D8655DB7C018FB3B3311B2BCD0F0E61.d.1BE0B17F15353E23F1E6003D16C2F9E8.e.3151"}]}
COMMAND: GET /session/e537112f6f31df0d8590d52383dd5938/screenshot - {}
RESULT: {}
RESULT: {"script":"<script> [5351 bytes]","args":[{"element-6066-11e4-a52e-4f735466cecf":"f.3D8655DB7C018FB3B3311B2BCD0F0E61.d.1BE0B17F15353E23F1E6003D16C2F9E8.e.3151","ELEMENT":"f.3D8655DB7C018FB3B3311B2BCD0F0E61.d.1BE0B17F15353E23F1E6003D16C2F9E8.e.3151"}]}
COMMAND: POST /session/e537112f6f31df0d8590d52383dd5938/element/f.3D8655DB7C018FB3B3311B2BCD0F0E61.d.1BE0B17F15353E23F1E6003D16C2F9E8.e.3151/click - {}
COMMAND: GET /session/e537112f6f31df0d8590d52383dd5938/screenshot - {}
RESULT: {}
RESULT: {}
COMMAND: GET /session/e537112f6f31df0d8590d52383dd5938/screenshot - {}
COMMAND: POST /session/e537112f6f31df0d8590d52383dd5938/execute/async - {"script":"<script> [1562 bytes]","args":[{"selector":{"id":"application-managepartners-display-component---NewPartner--addressDetailDetailsName1","interaction":{"idSuffix":"inner"}},"wdio_ui5_key":"applicationmanagepartners-display-component---NewPartner--addressDetailDetailsName1"}]}
RESULT: {}
RESULT: {}
RESULT: {"script":"<script> [1562 bytes]","args":[{"selector":{"id":"application-managepartners-display-component---NewPartner--addressDetailDetailsName1","interaction":{"idSuffix":"inner"}},"wdio_ui5_key":"applicationmanagepartners-display-component---NewPartner--addressDetailDetailsName1"}]}
RESULT: undefined
COMMAND: POST /session/e537112f6f31df0d8590d52383dd5938/execute/async - {"script":"<script> [776 bytes]","args":[{"enterText":"Intercompany Partner WDIO","selector":{"id":"application-managepartners-display-component---NewPartner--addressDetailDetailsName1","interaction":{"idSuffix":"inner"}},"clearTextFirst":true,"interactionType":"ENTER_TEXT"}]}
RESULT: {"script":"<script> [776 bytes]","args":[{"enterText":"Intercompany Partner WDIO","selector":{"id":"application-managepartners-display-component---NewPartner--addressDetailDetailsName1","interaction":{"idSuffix":"inner"}},"clearTextFirst":true,"interactionType":"ENTER_TEXT"}]}
COMMAND: POST /session/e537112f6f31df0d8590d52383dd5938/execute/async - {"script":"<script> [1562 bytes]","args":[{"selector":{"id":"application-managepartners-display-component---NewPartner--addressDetailDetailsLanguage-arrow"},"wdio_ui5_key":"applicationmanagepartners-display-component---NewPartner--addressDetailDetailsLanguage-arrow"}]}
RESULT: {"script":"<script> [1562 bytes]","args":[{"selector":{"id":"application-managepartners-display-component---NewPartner--addressDetailDetailsLanguage-arrow"},"wdio_ui5_key":"applicationmanagepartners-display-component---NewPartner--addressDetailDetailsLanguage-arrow"}]}
RESULT: undefined
COMMAND: POST /session/e537112f6f31df0d8590d52383dd5938/element - {"using":"xpath","value":"//*[@id=\"application-managepartners-display-component---NewPartner--addressDetailDetailsLanguage-arrow\"]"}
RESULT: {"using":"xpath","value":"//*[@id=\"application-managepartners-display-component---NewPartner--addressDetailDetailsLanguage-arrow\"]"}
COMMAND: POST /session/e537112f6f31df0d8590d52383dd5938/element/f.3D8655DB7C018FB3B3311B2BCD0F0E61.d.1BE0B17F15353E23F1E6003D16C2F9E8.e.3596/click - {}
RESULT: {}
COMMAND: POST /session/e537112f6f31df0d8590d52383dd5938/element - {"using":"xpath","value":"//span[contains(text(), \"English\")]"}
COMMAND: GET /session/e537112f6f31df0d8590d52383dd5938/screenshot - {}
RESULT: {"using":"xpath","value":"//span[contains(text(), \"English\")]"}
COMMAND: POST /session/e537112f6f31df0d8590d52383dd5938/element/f.3D8655DB7C018FB3B3311B2BCD0F0E61.d.1BE0B17F15353E23F1E6003D16C2F9E8.e.3597/click - {}
RESULT: {}
RESULT: {}
COMMAND: GET /session/e537112f6f31df0d8590d52383dd5938/screenshot - {}
RESULT: {}
COMMAND: POST /session/e537112f6f31df0d8590d52383dd5938/execute/async - {"script":"<script> [1562 bytes]","args":[{"selector":{"id":"application-managepartners-display-component---NewPartner--addressDetailDetailsCity1","interaction":{"idSuffix":"inner"}},"wdio_ui5_key":"applicationmanagepartners-display-component---NewPartner--addressDetailDetailsCity1"}]}
RESULT: {"script":"<script> [1562 bytes]","args":[{"selector":{"id":"application-managepartners-display-component---NewPartner--addressDetailDetailsCity1","interaction":{"idSuffix":"inner"}},"wdio_ui5_key":"applicationmanagepartners-display-component---NewPartner--addressDetailDetailsCity1"}]}
RESULT: undefined
COMMAND: POST /session/e537112f6f31df0d8590d52383dd5938/execute/async - {"script":"<script> [776 bytes]","args":[{"enterText":"Rosario","selector":{"id":"application-managepartners-display-component---NewPartner--addressDetailDetailsCity1","interaction":{"idSuffix":"inner"}},"clearTextFirst":true,"interactionType":"ENTER_TEXT"}]}
RESULT: {"script":"<script> [776 bytes]","args":[{"enterText":"Rosario","selector":{"id":"application-managepartners-display-component---NewPartner--addressDetailDetailsCity1","interaction":{"idSuffix":"inner"}},"clearTextFirst":true,"interactionType":"ENTER_TEXT"}]}
COMMAND: POST /session/e537112f6f31df0d8590d52383dd5938/execute/async - {"script":"<script> [1562 bytes]","args":[{"selector":{"id":"application-managepartners-display-component---NewPartner--addressDetailDetailsCountry-arrow"},"wdio_ui5_key":"applicationmanagepartners-display-component---NewPartner--addressDetailDetailsCountry-arrow"}]}
RESULT: {"script":"<script> [1562 bytes]","args":[{"selector":{"id":"application-managepartners-display-component---NewPartner--addressDetailDetailsCountry-arrow"},"wdio_ui5_key":"applicationmanagepartners-display-component---NewPartner--addressDetailDetailsCountry-arrow"}]}
RESULT: undefined
COMMAND: POST /session/e537112f6f31df0d8590d52383dd5938/element - {"using":"xpath","value":"//*[@id=\"application-managepartners-display-component---NewPartner--addressDetailDetailsCountry-arrow\"]"}
RESULT: {"using":"xpath","value":"//*[@id=\"application-managepartners-display-component---NewPartner--addressDetailDetailsCountry-arrow\"]"}
COMMAND: POST /session/e537112f6f31df0d8590d52383dd5938/element/f.3D8655DB7C018FB3B3311B2BCD0F0E61.d.1BE0B17F15353E23F1E6003D16C2F9E8.e.3575/click - {}
RESULT: {}
COMMAND: POST /session/e537112f6f31df0d8590d52383dd5938/element - {"using":"xpath","value":"//span[contains(text(), \"Argentina\")]"}
COMMAND: GET /session/e537112f6f31df0d8590d52383dd5938/screenshot - {}
RESULT: {"using":"xpath","value":"//span[contains(text(), \"Argentina\")]"}
COMMAND: POST /session/e537112f6f31df0d8590d52383dd5938/element/f.3D8655DB7C018FB3B3311B2BCD0F0E61.d.1BE0B17F15353E23F1E6003D16C2F9E8.e.3599/click - {}
RESULT: {}
RESULT: {}
COMMAND: GET /session/e537112f6f31df0d8590d52383dd5938/screenshot - {}
RESULT: {}
COMMAND: POST /session/e537112f6f31df0d8590d52383dd5938/element - {"using":"xpath","value":"//bdi[contains(text(), \"Commercial\")]"}
RESULT: {"using":"xpath","value":"//bdi[contains(text(), \"Commercial\")]"}
COMMAND: POST /session/e537112f6f31df0d8590d52383dd5938/element/f.3D8655DB7C018FB3B3311B2BCD0F0E61.d.1BE0B17F15353E23F1E6003D16C2F9E8.e.3600/click - {}
RESULT: {}
COMMAND: GET /session/e537112f6f31df0d8590d52383dd5938/screenshot - {}
RESULT: {}
COMMAND: POST /session/e537112f6f31df0d8590d52383dd5938/execute/async - {"script":"<script> [1562 bytes]","args":[{"selector":{"id":"application-managepartners-display-component---NewPartner--partnerDetailInternal-arrow"},"wdio_ui5_key":"applicationmanagepartners-display-component---NewPartner--partnerDetailInternal-arrow"}]}
RESULT: {"script":"<script> [1562 bytes]","args":[{"selector":{"id":"application-managepartners-display-component---NewPartner--partnerDetailInternal-arrow"},"wdio_ui5_key":"applicationmanagepartners-display-component---NewPartner--partnerDetailInternal-arrow"}]}
RESULT: undefined
COMMAND: POST /session/e537112f6f31df0d8590d52383dd5938/element - {"using":"xpath","value":"//*[@id=\"application-managepartners-display-component---NewPartner--partnerDetailInternal-arrow\"]"}
RESULT: {"using":"xpath","value":"//*[@id=\"application-managepartners-display-component---NewPartner--partnerDetailInternal-arrow\"]"}
COMMAND: POST /session/e537112f6f31df0d8590d52383dd5938/element/f.3D8655DB7C018FB3B3311B2BCD0F0E61.d.1BE0B17F15353E23F1E6003D16C2F9E8.e.3608/click - {}
RESULT: {}
COMMAND: POST /session/e537112f6f31df0d8590d52383dd5938/element - {"using":"xpath","value":"//span[contains(text(), \"Affiliated company\")]"}
COMMAND: GET /session/e537112f6f31df0d8590d52383dd5938/screenshot - {}
RESULT: {"using":"xpath","value":"//span[contains(text(), \"Affiliated company\")]"}
COMMAND: POST /session/e537112f6f31df0d8590d52383dd5938/element/f.3D8655DB7C018FB3B3311B2BCD0F0E61.d.1BE0B17F15353E23F1E6003D16C2F9E8.e.3609/click - {}
RESULT: {}
RESULT: {}
COMMAND: POST /session/e537112f6f31df0d8590d52383dd5938/execute/async - {"script":"<script> [1562 bytes]","args":[{"selector":{"id":"application-managepartners-display-component---NewPartner--partnerDetailsCurrency-arrow"},"wdio_ui5_key":"applicationmanagepartners-display-component---NewPartner--partnerDetailsCurrency-arrow"}]}
COMMAND: GET /session/e537112f6f31df0d8590d52383dd5938/screenshot - {}
RESULT: {"script":"<script> [1562 bytes]","args":[{"selector":{"id":"application-managepartners-display-component---NewPartner--partnerDetailsCurrency-arrow"},"wdio_ui5_key":"applicationmanagepartners-display-component---NewPartner--partnerDetailsCurrency-arrow"}]}
RESULT: undefined
COMMAND: POST /session/e537112f6f31df0d8590d52383dd5938/element - {"using":"xpath","value":"//*[@id=\"application-managepartners-display-component---NewPartner--partnerDetailsCurrency-arrow\"]"}
RESULT: {}
RESULT: {"using":"xpath","value":"//*[@id=\"application-managepartners-display-component---NewPartner--partnerDetailsCurrency-arrow\"]"}
COMMAND: POST /session/e537112f6f31df0d8590d52383dd5938/element/f.3D8655DB7C018FB3B3311B2BCD0F0E61.d.1BE0B17F15353E23F1E6003D16C2F9E8.e.3616/click - {}
RESULT: {}
COMMAND: POST /session/e537112f6f31df0d8590d52383dd5938/element - {"using":"xpath","value":"//span[contains(text(), \"Euro\")]"}
COMMAND: GET /session/e537112f6f31df0d8590d52383dd5938/screenshot - {}
RESULT: {"using":"xpath","value":"//span[contains(text(), \"Euro\")]"}
COMMAND: POST /session/e537112f6f31df0d8590d52383dd5938/element/f.3D8655DB7C018FB3B3311B2BCD0F0E61.d.1BE0B17F15353E23F1E6003D16C2F9E8.e.3617/click - {}
RESULT: {}
RESULT: {}
COMMAND: POST /session/e537112f6f31df0d8590d52383dd5938/execute/async - {"script":"<script> [1562 bytes]","args":[{"selector":{"id":"application-managepartners-display-component---NewPartner--addressEditDetailsCostObjectCstType-arrow"},"wdio_ui5_key":"applicationmanagepartners-display-component---NewPartner--addressEditDetailsCostObjectCstType-arrow"}]}
COMMAND: GET /session/e537112f6f31df0d8590d52383dd5938/screenshot - {}
RESULT: {"script":"<script> [1562 bytes]","args":[{"selector":{"id":"application-managepartners-display-component---NewPartner--addressEditDetailsCostObjectCstType-arrow"},"wdio_ui5_key":"applicationmanagepartners-display-component---NewPartner--addressEditDetailsCostObjectCstType-arrow"}]}
RESULT: undefined
COMMAND: POST /session/e537112f6f31df0d8590d52383dd5938/element - {"using":"xpath","value":"//*[@id=\"application-managepartners-display-component---NewPartner--addressEditDetailsCostObjectCstType-arrow\"]"}
RESULT: {}
RESULT: {"using":"xpath","value":"//*[@id=\"application-managepartners-display-component---NewPartner--addressEditDetailsCostObjectCstType-arrow\"]"}
COMMAND: POST /session/e537112f6f31df0d8590d52383dd5938/element/f.3D8655DB7C018FB3B3311B2BCD0F0E61.d.1BE0B17F15353E23F1E6003D16C2F9E8.e.3618/click - {}
RESULT: {}
COMMAND: POST /session/e537112f6f31df0d8590d52383dd5938/element - {"using":"xpath","value":"//span[contains(text(), \"Cost Center\")]"}
COMMAND: GET /session/e537112f6f31df0d8590d52383dd5938/screenshot - {}
RESULT: {"using":"xpath","value":"//span[contains(text(), \"Cost Center\")]"}
COMMAND: POST /session/e537112f6f31df0d8590d52383dd5938/element/f.3D8655DB7C018FB3B3311B2BCD0F0E61.d.1BE0B17F15353E23F1E6003D16C2F9E8.e.3619/click - {}
RESULT: {}
RESULT: {}
COMMAND: GET /session/e537112f6f31df0d8590d52383dd5938/screenshot - {}
RESULT: {}
COMMAND: POST /session/e537112f6f31df0d8590d52383dd5938/element - {"using":"xpath","value":"//span[@id=\"application-managepartners-display-component---NewPartner--addressNewCostObjectCstID-vhi\"]"}
RESULT: {"using":"xpath","value":"//span[@id=\"application-managepartners-display-component---NewPartner--addressNewCostObjectCstID-vhi\"]"}
COMMAND: POST /session/e537112f6f31df0d8590d52383dd5938/execute/sync - {"script":"<script> [8489 bytes]","args":[{"element-6066-11e4-a52e-4f735466cecf":"f.3D8655DB7C018FB3B3311B2BCD0F0E61.d.1BE0B17F15353E23F1E6003D16C2F9E8.e.3623","ELEMENT":"f.3D8655DB7C018FB3B3311B2BCD0F0E61.d.1BE0B17F15353E23F1E6003D16C2F9E8.e.3623"}]}
RESULT: {"script":"<script> [8489 bytes]","args":[{"element-6066-11e4-a52e-4f735466cecf":"f.3D8655DB7C018FB3B3311B2BCD0F0E61.d.1BE0B17F15353E23F1E6003D16C2F9E8.e.3623","ELEMENT":"f.3D8655DB7C018FB3B3311B2BCD0F0E61.d.1BE0B17F15353E23F1E6003D16C2F9E8.e.3623"}]}
COMMAND: POST /session/e537112f6f31df0d8590d52383dd5938/execute/async - {"script":"<script> [1562 bytes]","args":[{"selector":{"id":"application-managepartners-display-component---NewPartner--addressNewCostObjectCstID-vhi"},"wdio_ui5_key":"applicationmanagepartners-display-component---NewPartner--addressNewCostObjectCstID-vhi"}]}
COMMAND: GET /session/e537112f6f31df0d8590d52383dd5938/screenshot - {}
RESULT: {"script":"<script> [1562 bytes]","args":[{"selector":{"id":"application-managepartners-display-component---NewPartner--addressNewCostObjectCstID-vhi"},"wdio_ui5_key":"applicationmanagepartners-display-component---NewPartner--addressNewCostObjectCstID-vhi"}]}
RESULT: undefined
COMMAND: POST /session/e537112f6f31df0d8590d52383dd5938/element - {"using":"xpath","value":"//*[@id=\"application-managepartners-display-component---NewPartner--addressNewCostObjectCstID-vhi\"]"}
RESULT: {}
RESULT: {"using":"xpath","value":"//*[@id=\"application-managepartners-display-component---NewPartner--addressNewCostObjectCstID-vhi\"]"}
COMMAND: POST /session/e537112f6f31df0d8590d52383dd5938/element/f.3D8655DB7C018FB3B3311B2BCD0F0E61.d.1BE0B17F15353E23F1E6003D16C2F9E8.e.3623/click - {}
RESULT: {}
COMMAND: GET /session/e537112f6f31df0d8590d52383dd5938/screenshot - {}
RESULT: {}
COMMAND: POST /session/e537112f6f31df0d8590d52383dd5938/execute/async - {"script":"<script> [1562 bytes]","args":[{"selector":{"controlType":"sap.m.SearchField","properties":{"placeholder":"Search"},"searchOpenDialogs":true,"interaction":{"idSuffix":"I"}},"wdio_ui5_key":"sapm.SearchField{\"placeholder\":\"Search\"}"}]}
RESULT: {"script":"<script> [1562 bytes]","args":[{"selector":{"controlType":"sap.m.SearchField","properties":{"placeholder":"Search"},"searchOpenDialogs":true,"interaction":{"idSuffix":"I"}},"wdio_ui5_key":"sapm.SearchField{\"placeholder\":\"Search\"}"}]}
RESULT: undefined
COMMAND: POST /session/e537112f6f31df0d8590d52383dd5938/execute/async - {"script":"<script> [776 bytes]","args":[{"enterText":"10001013","selector":{"controlType":"sap.m.SearchField","properties":{"placeholder":"Search"},"searchOpenDialogs":true,"interaction":{"idSuffix":"I"}},"clearTextFirst":true,"interactionType":"ENTER_TEXT"}]}
RESULT: {"script":"<script> [776 bytes]","args":[{"enterText":"10001013","selector":{"controlType":"sap.m.SearchField","properties":{"placeholder":"Search"},"searchOpenDialogs":true,"interaction":{"idSuffix":"I"}},"clearTextFirst":true,"interactionType":"ENTER_TEXT"}]}
COMMAND: POST /session/e537112f6f31df0d8590d52383dd5938/actions - {"actions":[{"id":"action7","type":"key","parameters":{},"actions":[{"type":"keyDown","value":""},{"type":"pause","duration":10},{"type":"keyUp","value":""}]}]}
RESULT: {"actions":[{"id":"action7","type":"key","parameters":{},"actions":[{"type":"keyDown","value":""},{"type":"pause","duration":10},{"type":"keyUp","value":""}]}]}
COMMAND: GET /session/e537112f6f31df0d8590d52383dd5938/screenshot - {}
RESULT: {}
COMMAND: POST /session/e537112f6f31df0d8590d52383dd5938/element - {"using":"xpath","value":"//span[contains(text(), \"General Management\")]"}
RESULT: {"using":"xpath","value":"//span[contains(text(), \"General Management\")]"}
COMMAND: POST /session/e537112f6f31df0d8590d52383dd5938/element/f.3D8655DB7C018FB3B3311B2BCD0F0E61.d.1BE0B17F15353E23F1E6003D16C2F9E8.e.3665/click - {}
RESULT: {}
COMMAND: GET /session/e537112f6f31df0d8590d52383dd5938/screenshot - {}
RESULT: {}
COMMAND: POST /session/e537112f6f31df0d8590d52383dd5938/element - {"using":"xpath","value":"//bdi[contains(text(), \"OK\")]"}
RESULT: {"using":"xpath","value":"//bdi[contains(text(), \"OK\")]"}
COMMAND: POST /session/e537112f6f31df0d8590d52383dd5938/element/f.3D8655DB7C018FB3B3311B2BCD0F0E61.d.1BE0B17F15353E23F1E6003D16C2F9E8.e.3666/click - {}
RESULT: {}
COMMAND: GET /session/e537112f6f31df0d8590d52383dd5938/screenshot - {}
RESULT: {}
COMMAND: POST /session/e537112f6f31df0d8590d52383dd5938/element - {"using":"xpath","value":"//input[@id=\"application-managepartners-display-component---NewPartner--companyCodeComboBox-inner\"]"}
RESULT: {"using":"xpath","value":"//input[@id=\"application-managepartners-display-component---NewPartner--companyCodeComboBox-inner\"]"}
COMMAND: POST /session/e537112f6f31df0d8590d52383dd5938/element/f.3D8655DB7C018FB3B3311B2BCD0F0E61.d.1BE0B17F15353E23F1E6003D16C2F9E8.e.3509/clear - {}
RESULT: {}
COMMAND: POST /session/e537112f6f31df0d8590d52383dd5938/element/f.3D8655DB7C018FB3B3311B2BCD0F0E61.d.1BE0B17F15353E23F1E6003D16C2F9E8.e.3509/value - {"text":"C002"}
COMMAND: GET /session/e537112f6f31df0d8590d52383dd5938/screenshot - {}
RESULT: {"text":"C002"}
COMMAND: GET /session/e537112f6f31df0d8590d52383dd5938/screenshot - {}
RESULT: {}
RESULT: {}
COMMAND: POST /session/e537112f6f31df0d8590d52383dd5938/element - {"using":"xpath","value":"//li[.//span[text()= \"C002\"]]"}
RESULT: {"using":"xpath","value":"//li[.//span[text()= \"C002\"]]"}
COMMAND: POST /session/e537112f6f31df0d8590d52383dd5938/element/f.3D8655DB7C018FB3B3311B2BCD0F0E61.d.1BE0B17F15353E23F1E6003D16C2F9E8.e.3672/click - {}
RESULT: {}
COMMAND: GET /session/e537112f6f31df0d8590d52383dd5938/screenshot - {}
RESULT: {}
COMMAND: POST /session/e537112f6f31df0d8590d52383dd5938/execute/async - {"script":"<script> [1562 bytes]","args":[{"selector":{"id":"application-managepartners-display-component---NewPartner--btnAddTableRow-img"},"wdio_ui5_key":"applicationmanagepartners-display-component---NewPartner--btnAddTableRow-img"}]}
RESULT: {"script":"<script> [1562 bytes]","args":[{"selector":{"id":"application-managepartners-display-component---NewPartner--btnAddTableRow-img"},"wdio_ui5_key":"applicationmanagepartners-display-component---NewPartner--btnAddTableRow-img"}]}
RESULT: undefined
COMMAND: POST /session/e537112f6f31df0d8590d52383dd5938/element - {"using":"xpath","value":"//*[@id=\"application-managepartners-display-component---NewPartner--btnAddTableRow-img\"]"}
RESULT: {"using":"xpath","value":"//*[@id=\"application-managepartners-display-component---NewPartner--btnAddTableRow-img\"]"}
COMMAND: POST /session/e537112f6f31df0d8590d52383dd5938/element/f.3D8655DB7C018FB3B3311B2BCD0F0E61.d.1BE0B17F15353E23F1E6003D16C2F9E8.e.3673/click - {}
RESULT: {}
COMMAND: GET /session/e537112f6f31df0d8590d52383dd5938/screenshot - {}
RESULT: {}
COMMAND: POST /session/e537112f6f31df0d8590d52383dd5938/element - {"using":"xpath","value":"//input[@id=\"application-managepartners-display-component---NewPartner--assignmentYard-application-managepartners-display-component---NewPartner--assignmentsTable-0-inner\"]"}
RESULT: {"using":"xpath","value":"//input[@id=\"application-managepartners-display-component---NewPartner--assignmentYard-application-managepartners-display-component---NewPartner--assignmentsTable-0-inner\"]"}
COMMAND: POST /session/e537112f6f31df0d8590d52383dd5938/element/f.3D8655DB7C018FB3B3311B2BCD0F0E61.d.1BE0B17F15353E23F1E6003D16C2F9E8.e.3676/clear - {}
RESULT: {}
COMMAND: POST /session/e537112f6f31df0d8590d52383dd5938/element/f.3D8655DB7C018FB3B3311B2BCD0F0E61.d.1BE0B17F15353E23F1E6003D16C2F9E8.e.3676/value - {"text":"433"}
COMMAND: GET /session/e537112f6f31df0d8590d52383dd5938/screenshot - {}
RESULT: {"text":"433"}
COMMAND: GET /session/e537112f6f31df0d8590d52383dd5938/screenshot - {}
RESULT: {}
RESULT: {}
COMMAND: POST /session/e537112f6f31df0d8590d52383dd5938/element - {"using":"xpath","value":"//li[.//span[text()='433']]"}
RESULT: {"using":"xpath","value":"//li[.//span[text()='433']]"}
COMMAND: POST /session/e537112f6f31df0d8590d52383dd5938/element/f.3D8655DB7C018FB3B3311B2BCD0F0E61.d.1BE0B17F15353E23F1E6003D16C2F9E8.e.3685/click - {}
RESULT: {}
COMMAND: GET /session/e537112f6f31df0d8590d52383dd5938/screenshot - {}
RESULT: {}
COMMAND: POST /session/e537112f6f31df0d8590d52383dd5938/actions - {"actions":[{"id":"action8","type":"key","parameters":{},"actions":[{"type":"keyDown","value":""},{"type":"pause","duration":10},{"type":"keyUp","value":""}]}]}
RESULT: {"actions":[{"id":"action8","type":"key","parameters":{},"actions":[{"type":"keyDown","value":""},{"type":"pause","duration":10},{"type":"keyUp","value":""}]}]}
COMMAND: POST /session/e537112f6f31df0d8590d52383dd5938/execute/async - {"script":"<script> [1562 bytes]","args":[{"selector":{"id":"application-managepartners-display-component---NewPartner--externalCustomerComboBox-application-managepartners-display-component---NewPartner--assignmentsTable-0-vhi"},"wdio_ui5_key":"applicationmanagepartners-display-component---NewPartner--externalCustomerComboBox-application-managepartners-display-component---NewPartner--assignmentsTable-0-vhi"}]}
COMMAND: GET /session/e537112f6f31df0d8590d52383dd5938/screenshot - {}
RESULT: {"script":"<script> [1562 bytes]","args":[{"selector":{"id":"application-managepartners-display-component---NewPartner--externalCustomerComboBox-application-managepartners-display-component---NewPartner--assignmentsTable-0-vhi"},"wdio_ui5_key":"applicationmanagepartners-display-component---NewPartner--externalCustomerComboBox-application-managepartners-display-component---NewPartner--assignmentsTable-0-vhi"}]}
RESULT: undefined
COMMAND: POST /session/e537112f6f31df0d8590d52383dd5938/element - {"using":"xpath","value":"//*[@id=\"application-managepartners-display-component---NewPartner--externalCustomerComboBox-application-managepartners-display-component---NewPartner--assignmentsTable-0-vhi\"]"}
RESULT: {}
RESULT: {"using":"xpath","value":"//*[@id=\"application-managepartners-display-component---NewPartner--externalCustomerComboBox-application-managepartners-display-component---NewPartner--assignmentsTable-0-vhi\"]"}
COMMAND: POST /session/e537112f6f31df0d8590d52383dd5938/element/f.3D8655DB7C018FB3B3311B2BCD0F0E61.d.1BE0B17F15353E23F1E6003D16C2F9E8.e.3689/click - {}
RESULT: {}
RESULT: undefined
COMMAND: POST /session/e537112f6f31df0d8590d52383dd5938/execute/async - {"script":"<script> [776 bytes]","args":[{"enterText":"300003","selector":{"controlType":"sap.m.SearchField","properties":{"placeholder":"Search"},"searchOpenDialogs":true,"interaction":{"idSuffix":"I"}},"clearTextFirst":true,"interactionType":"ENTER_TEXT"}]}
COMMAND: GET /session/e537112f6f31df0d8590d52383dd5938/screenshot - {}
RESULT: {"script":"<script> [776 bytes]","args":[{"enterText":"300003","selector":{"controlType":"sap.m.SearchField","properties":{"placeholder":"Search"},"searchOpenDialogs":true,"interaction":{"idSuffix":"I"}},"clearTextFirst":true,"interactionType":"ENTER_TEXT"}]}
COMMAND: POST /session/e537112f6f31df0d8590d52383dd5938/actions - {"actions":[{"id":"action9","type":"key","parameters":{},"actions":[{"type":"keyDown","value":""},{"type":"pause","duration":10},{"type":"keyUp","value":""}]}]}
RESULT: {}
RESULT: {"actions":[{"id":"action9","type":"key","parameters":{},"actions":[{"type":"keyDown","value":""},{"type":"pause","duration":10},{"type":"keyUp","value":""}]}]}
COMMAND: GET /session/e537112f6f31df0d8590d52383dd5938/screenshot - {}
RESULT: {}
COMMAND: POST /session/e537112f6f31df0d8590d52383dd5938/element - {"using":"xpath","value":"//span[contains(text(), \"300003\")]"}
RESULT: {"using":"xpath","value":"//span[contains(text(), \"300003\")]"}
COMMAND: POST /session/e537112f6f31df0d8590d52383dd5938/element/f.3D8655DB7C018FB3B3311B2BCD0F0E61.d.1BE0B17F15353E23F1E6003D16C2F9E8.e.3708/click - {}
RESULT: {}
COMMAND: GET /session/e537112f6f31df0d8590d52383dd5938/screenshot - {}
RESULT: {}
COMMAND: POST /session/e537112f6f31df0d8590d52383dd5938/element - {"using":"xpath","value":"//bdi[contains(text(), \"OK\")]"}
RESULT: {"using":"xpath","value":"//bdi[contains(text(), \"OK\")]"}
COMMAND: POST /session/e537112f6f31df0d8590d52383dd5938/element/f.3D8655DB7C018FB3B3311B2BCD0F0E61.d.1BE0B17F15353E23F1E6003D16C2F9E8.e.3710/click - {}
RESULT: {}
COMMAND: GET /session/e537112f6f31df0d8590d52383dd5938/screenshot - {}
RESULT: {}
COMMAND: POST /session/e537112f6f31df0d8590d52383dd5938/execute/async - {"script":"<script> [1562 bytes]","args":[{"selector":{"id":"application-managepartners-display-component---NewPartner--intercompVendorComboBox-application-managepartners-display-component---NewPartner--assignmentsTable-0-vhi"},"wdio_ui5_key":"applicationmanagepartners-display-component---NewPartner--intercompVendorComboBox-application-managepartners-display-component---NewPartner--assignmentsTable-0-vhi"}]}
RESULT: {"script":"<script> [1562 bytes]","args":[{"selector":{"id":"application-managepartners-display-component---NewPartner--intercompVendorComboBox-application-managepartners-display-component---NewPartner--assignmentsTable-0-vhi"},"wdio_ui5_key":"applicationmanagepartners-display-component---NewPartner--intercompVendorComboBox-application-managepartners-display-component---NewPartner--assignmentsTable-0-vhi"}]}
RESULT: undefined
COMMAND: POST /session/e537112f6f31df0d8590d52383dd5938/element - {"using":"xpath","value":"//*[@id=\"application-managepartners-display-component---NewPartner--intercompVendorComboBox-application-managepartners-display-component---NewPartner--assignmentsTable-0-vhi\"]"}
RESULT: {"using":"xpath","value":"//*[@id=\"application-managepartners-display-component---NewPartner--intercompVendorComboBox-application-managepartners-display-component---NewPartner--assignmentsTable-0-vhi\"]"}
COMMAND: POST /session/e537112f6f31df0d8590d52383dd5938/element/f.3D8655DB7C018FB3B3311B2BCD0F0E61.d.1BE0B17F15353E23F1E6003D16C2F9E8.e.3713/click - {}
RESULT: {}
RESULT: undefined
COMMAND: POST /session/e537112f6f31df0d8590d52383dd5938/execute/async - {"script":"<script> [776 bytes]","args":[{"enterText":"100005","selector":{"controlType":"sap.m.SearchField","properties":{"placeholder":"Search"},"searchOpenDialogs":true,"interaction":{"idSuffix":"I"}},"clearTextFirst":true,"interactionType":"ENTER_TEXT"}]}
COMMAND: GET /session/e537112f6f31df0d8590d52383dd5938/screenshot - {}
RESULT: {"script":"<script> [776 bytes]","args":[{"enterText":"100005","selector":{"controlType":"sap.m.SearchField","properties":{"placeholder":"Search"},"searchOpenDialogs":true,"interaction":{"idSuffix":"I"}},"clearTextFirst":true,"interactionType":"ENTER_TEXT"}]}
COMMAND: POST /session/e537112f6f31df0d8590d52383dd5938/actions - {"actions":[{"id":"action10","type":"key","parameters":{},"actions":[{"type":"keyDown","value":""},{"type":"pause","duration":10},{"type":"keyUp","value":""}]}]}
RESULT: {}
RESULT: {"actions":[{"id":"action10","type":"key","parameters":{},"actions":[{"type":"keyDown","value":""},{"type":"pause","duration":10},{"type":"keyUp","value":""}]}]}
COMMAND: GET /session/e537112f6f31df0d8590d52383dd5938/screenshot - {}
RESULT: {}
COMMAND: POST /session/e537112f6f31df0d8590d52383dd5938/element - {"using":"xpath","value":"//span[contains(text(), \"Penguins - Field/12345 Berlin\")]"}
RESULT: {"using":"xpath","value":"//span[contains(text(), \"Penguins - Field/12345 Berlin\")]"}
COMMAND: POST /session/e537112f6f31df0d8590d52383dd5938/element/f.3D8655DB7C018FB3B3311B2BCD0F0E61.d.1BE0B17F15353E23F1E6003D16C2F9E8.e.3730/click - {}
RESULT: {}
COMMAND: GET /session/e537112f6f31df0d8590d52383dd5938/screenshot - {}
RESULT: {}
COMMAND: POST /session/e537112f6f31df0d8590d52383dd5938/element - {"using":"xpath","value":"//bdi[contains(text(), \"OK\")]"}
RESULT: {"using":"xpath","value":"//bdi[contains(text(), \"OK\")]"}
COMMAND: POST /session/e537112f6f31df0d8590d52383dd5938/element/f.3D8655DB7C018FB3B3311B2BCD0F0E61.d.1BE0B17F15353E23F1E6003D16C2F9E8.e.3731/click - {}
RESULT: {}
COMMAND: GET /session/e537112f6f31df0d8590d52383dd5938/screenshot - {}
RESULT: {}
COMMAND: POST /session/e537112f6f31df0d8590d52383dd5938/element - {"using":"xpath","value":"//button[@data-kt=\"saveButton\"]"}
RESULT: {"using":"xpath","value":"//button[@data-kt=\"saveButton\"]"}
COMMAND: POST /session/e537112f6f31df0d8590d52383dd5938/element/f.3D8655DB7C018FB3B3311B2BCD0F0E61.d.1BE0B17F15353E23F1E6003D16C2F9E8.e.3571/click - {}
RESULT: {}
COMMAND: GET /session/e537112f6f31df0d8590d52383dd5938/screenshot - {}
RESULT: {}
COMMAND: POST /session/e537112f6f31df0d8590d52383dd5938/element - {"using":"xpath","value":"//header[contains(@id, 'ObjectPageLayout-headerTitle')]/div[1]/div[2]/div[2]/span[1]"}
RESULT: {"using":"xpath","value":"//header[contains(@id, 'ObjectPageLayout-headerTitle')]/div[1]/div[2]/div[2]/span[1]"}
COMMAND: POST /session/e537112f6f31df0d8590d52383dd5938/elements - {"using":"xpath","value":"//header[contains(@id, 'ObjectPageLayout-headerTitle')]/div[1]/div[2]/div[2]/span[1]"}
RESULT: {"using":"xpath","value":"//header[contains(@id, 'ObjectPageLayout-headerTitle')]/div[1]/div[2]/div[2]/span[1]"}
COMMAND: POST /session/e537112f6f31df0d8590d52383dd5938/execute/sync - {"script":"<script> [56 bytes]","args":[{"element-6066-11e4-a52e-4f735466cecf":"f.3D8655DB7C018FB3B3311B2BCD0F0E61.d.1BE0B17F15353E23F1E6003D16C2F9E8.e.3895","ELEMENT":"f.3D8655DB7C018FB3B3311B2BCD0F0E61.d.1BE0B17F15353E23F1E6003D16C2F9E8.e.3895"}]}
RESULT: {"script":"<script> [56 bytes]","args":[{"element-6066-11e4-a52e-4f735466cecf":"f.3D8655DB7C018FB3B3311B2BCD0F0E61.d.1BE0B17F15353E23F1E6003D16C2F9E8.e.3895","ELEMENT":"f.3D8655DB7C018FB3B3311B2BCD0F0E61.d.1BE0B17F15353E23F1E6003D16C2F9E8.e.3895"}]}
COMMAND: POST /session/e537112f6f31df0d8590d52383dd5938/element - {"using":"css selector","value":"#shell-header-logo"}
COMMAND: GET /session/e537112f6f31df0d8590d52383dd5938/screenshot - {}
RESULT: {"using":"css selector","value":"#shell-header-logo"}
COMMAND: POST /session/e537112f6f31df0d8590d52383dd5938/element/f.3D8655DB7C018FB3B3311B2BCD0F0E61.d.1BE0B17F15353E23F1E6003D16C2F9E8.e.3115/click - {}
RESULT: {}
RESULT: {}
COMMAND: GET /session/e537112f6f31df0d8590d52383dd5938/screenshot - {}
RESULT: {}
COMMAND: POST /session/e537112f6f31df0d8590d52383dd5938/execute/sync - {"script":"<script> [299 bytes]","args":[["getModel","getResource"]]}
RESULT: {"script":"<script> [299 bytes]","args":[["getModel","getResource"]]}
RESULT: undefined
COMMAND: POST /session/e537112f6f31df0d8590d52383dd5938/element - {"using":"xpath","value":"//*[@id=\"__tile30\"]"}
COMMAND: GET /session/e537112f6f31df0d8590d52383dd5938/screenshot - {}
RESULT: {"using":"xpath","value":"//*[@id=\"__tile30\"]"}
COMMAND: POST /session/e537112f6f31df0d8590d52383dd5938/element/f.3D8655DB7C018FB3B3311B2BCD0F0E61.d.1BE0B17F15353E23F1E6003D16C2F9E8.e.3035/click - {}
RESULT: {}
RESULT: {}
COMMAND: GET /session/e537112f6f31df0d8590d52383dd5938/screenshot - {}
RESULT: {}
COMMAND: POST /session/e537112f6f31df0d8590d52383dd5938/elements - {"using":"xpath","value":"//span[text()='Error']"}
RESULT: {"using":"xpath","value":"//span[text()='Error']"}
COMMAND: POST /session/e537112f6f31df0d8590d52383dd5938/element - {"using":"xpath","value":"//button[@data-kt=\"addButton\"]"}
RESULT: {"using":"xpath","value":"//button[@data-kt=\"addButton\"]"}
COMMAND: POST /session/e537112f6f31df0d8590d52383dd5938/elements - {"using":"xpath","value":"//button[@data-kt=\"addButton\"]"}
RESULT: {"using":"xpath","value":"//button[@data-kt=\"addButton\"]"}
COMMAND: POST /session/e537112f6f31df0d8590d52383dd5938/execute/sync - {"script":"<script> [8489 bytes]","args":[{"element-6066-11e4-a52e-4f735466cecf":"f.3D8655DB7C018FB3B3311B2BCD0F0E61.d.1BE0B17F15353E23F1E6003D16C2F9E8.e.3932","ELEMENT":"f.3D8655DB7C018FB3B3311B2BCD0F0E61.d.1BE0B17F15353E23F1E6003D16C2F9E8.e.3932"}]}
RESULT: {"script":"<script> [8489 bytes]","args":[{"element-6066-11e4-a52e-4f735466cecf":"f.3D8655DB7C018FB3B3311B2BCD0F0E61.d.1BE0B17F15353E23F1E6003D16C2F9E8.e.3932","ELEMENT":"f.3D8655DB7C018FB3B3311B2BCD0F0E61.d.1BE0B17F15353E23F1E6003D16C2F9E8.e.3932"}]}
COMMAND: GET /session/e537112f6f31df0d8590d52383dd5938/element/f.3D8655DB7C018FB3B3311B2BCD0F0E61.d.1BE0B17F15353E23F1E6003D16C2F9E8.e.3932/enabled - {}
COMMAND: GET /session/e537112f6f31df0d8590d52383dd5938/screenshot - {}
RESULT: {}
COMMAND: POST /session/e537112f6f31df0d8590d52383dd5938/execute/sync - {"script":"<script> [8489 bytes]","args":[{"element-6066-11e4-a52e-4f735466cecf":"f.3D8655DB7C018FB3B3311B2BCD0F0E61.d.1BE0B17F15353E23F1E6003D16C2F9E8.e.3932","ELEMENT":"f.3D8655DB7C018FB3B3311B2BCD0F0E61.d.1BE0B17F15353E23F1E6003D16C2F9E8.e.3932"}]}
COMMAND: GET /session/e537112f6f31df0d8590d52383dd5938/screenshot - {}
RESULT: {}
RESULT: {"script":"<script> [8489 bytes]","args":[{"element-6066-11e4-a52e-4f735466cecf":"f.3D8655DB7C018FB3B3311B2BCD0F0E61.d.1BE0B17F15353E23F1E6003D16C2F9E8.e.3932","ELEMENT":"f.3D8655DB7C018FB3B3311B2BCD0F0E61.d.1BE0B17F15353E23F1E6003D16C2F9E8.e.3932"}]}
COMMAND: POST /session/e537112f6f31df0d8590d52383dd5938/execute/sync - {"script":"<script> [5351 bytes]","args":[{"element-6066-11e4-a52e-4f735466cecf":"f.3D8655DB7C018FB3B3311B2BCD0F0E61.d.1BE0B17F15353E23F1E6003D16C2F9E8.e.3932","ELEMENT":"f.3D8655DB7C018FB3B3311B2BCD0F0E61.d.1BE0B17F15353E23F1E6003D16C2F9E8.e.3932"}]}
COMMAND: GET /session/e537112f6f31df0d8590d52383dd5938/screenshot - {}
RESULT: {}
RESULT: {"script":"<script> [5351 bytes]","args":[{"element-6066-11e4-a52e-4f735466cecf":"f.3D8655DB7C018FB3B3311B2BCD0F0E61.d.1BE0B17F15353E23F1E6003D16C2F9E8.e.3932","ELEMENT":"f.3D8655DB7C018FB3B3311B2BCD0F0E61.d.1BE0B17F15353E23F1E6003D16C2F9E8.e.3932"}]}
COMMAND: GET /session/e537112f6f31df0d8590d52383dd5938/screenshot - {}
RESULT: {}
RESULT: {}
COMMAND: POST /session/e537112f6f31df0d8590d52383dd5938/execute/async - {"script":"<script> [1562 bytes]","args":[{"selector":{"id":"application-managepartners-display-component---masterPtm--smartFilterBar-btnBasicSearch","interaction":{"idSuffix":"I"}},"wdio_ui5_key":"applicationmanagepartners-display-component---masterPtm--smartFilterBar-btnBasicSearch"}]}
RESULT: {"script":"<script> [1562 bytes]","args":[{"selector":{"id":"application-managepartners-display-component---masterPtm--smartFilterBar-btnBasicSearch","interaction":{"idSuffix":"I"}},"wdio_ui5_key":"applicationmanagepartners-display-component---masterPtm--smartFilterBar-btnBasicSearch"}]}
RESULT: undefined
COMMAND: POST /session/e537112f6f31df0d8590d52383dd5938/execute/async - {"script":"<script> [776 bytes]","args":[{"enterText":"1245","selector":{"id":"application-managepartners-display-component---masterPtm--smartFilterBar-btnBasicSearch","interaction":{"idSuffix":"I"}},"clearTextFirst":true,"interactionType":"ENTER_TEXT"}]}
RESULT: {"script":"<script> [776 bytes]","args":[{"enterText":"1245","selector":{"id":"application-managepartners-display-component---masterPtm--smartFilterBar-btnBasicSearch","interaction":{"idSuffix":"I"}},"clearTextFirst":true,"interactionType":"ENTER_TEXT"}]}
COMMAND: POST /session/e537112f6f31df0d8590d52383dd5938/actions - {"actions":[{"id":"action11","type":"key","parameters":{},"actions":[{"type":"keyDown","value":""},{"type":"pause","duration":10},{"type":"keyUp","value":""}]}]}
RESULT: {"actions":[{"id":"action11","type":"key","parameters":{},"actions":[{"type":"keyDown","value":""},{"type":"pause","duration":10},{"type":"keyUp","value":""}]}]}
COMMAND: GET /session/e537112f6f31df0d8590d52383dd5938/screenshot - {}
RESULT: {}
COMMAND: POST /session/e537112f6f31df0d8590d52383dd5938/elements - {"using":"xpath","value":"//table[contains(@id, \"customPartnersTable-listUl\")]/tbody/tr"}
RESULT: {"using":"xpath","value":"//table[contains(@id, \"customPartnersTable-listUl\")]/tbody/tr"}
COMMAND: POST /session/e537112f6f31df0d8590d52383dd5938/element - {"using":"xpath","value":"//table[contains(@id, \"customPartnersTable-listUl\")]/tbody/tr[1]/td[3]/span"}
RESULT: {"using":"xpath","value":"//table[contains(@id, \"customPartnersTable-listUl\")]/tbody/tr[1]/td[3]/span"}
COMMAND: POST /session/e537112f6f31df0d8590d52383dd5938/elements - {"using":"xpath","value":"//table[contains(@id, \"customPartnersTable-listUl\")]/tbody/tr[1]/td[3]/span"}
RESULT: {"using":"xpath","value":"//table[contains(@id, \"customPartnersTable-listUl\")]/tbody/tr[1]/td[3]/span"}
COMMAND: POST /session/e537112f6f31df0d8590d52383dd5938/execute/sync - {"script":"<script> [56 bytes]","args":[{"element-6066-11e4-a52e-4f735466cecf":"f.3D8655DB7C018FB3B3311B2BCD0F0E61.d.1BE0B17F15353E23F1E6003D16C2F9E8.e.4079","ELEMENT":"f.3D8655DB7C018FB3B3311B2BCD0F0E61.d.1BE0B17F15353E23F1E6003D16C2F9E8.e.4079"}]}
RESULT: {"script":"<script> [56 bytes]","args":[{"element-6066-11e4-a52e-4f735466cecf":"f.3D8655DB7C018FB3B3311B2BCD0F0E61.d.1BE0B17F15353E23F1E6003D16C2F9E8.e.4079","ELEMENT":"f.3D8655DB7C018FB3B3311B2BCD0F0E61.d.1BE0B17F15353E23F1E6003D16C2F9E8.e.4079"}]}
COMMAND: POST /session/e537112f6f31df0d8590d52383dd5938/element - {"using":"xpath","value":"(//span[contains(@id, \"imgNav\")])[1]"}
COMMAND: GET /session/e537112f6f31df0d8590d52383dd5938/screenshot - {}
RESULT: {"using":"xpath","value":"(//span[contains(@id, \"imgNav\")])[1]"}
COMMAND: POST /session/e537112f6f31df0d8590d52383dd5938/element/f.3D8655DB7C018FB3B3311B2BCD0F0E61.d.1BE0B17F15353E23F1E6003D16C2F9E8.e.4077/click - {}
RESULT: {}
RESULT: {}
COMMAND: GET /session/e537112f6f31df0d8590d52383dd5938/screenshot - {}
RESULT: {}
COMMAND: POST /session/e537112f6f31df0d8590d52383dd5938/element - {"using":"xpath","value":"//bdi[contains(text(), \"Edit\")]"}
RESULT: {"using":"xpath","value":"//bdi[contains(text(), \"Edit\")]"}
COMMAND: POST /session/e537112f6f31df0d8590d52383dd5938/element/f.3D8655DB7C018FB3B3311B2BCD0F0E61.d.1BE0B17F15353E23F1E6003D16C2F9E8.e.4223/click - {}
RESULT: {}
COMMAND: GET /session/e537112f6f31df0d8590d52383dd5938/screenshot - {}
RESULT: {}
COMMAND: POST /session/e537112f6f31df0d8590d52383dd5938/execute/async - {"script":"<script> [1562 bytes]","args":[{"selector":{"controlType":"sap.m.Input","viewName":"etm.portal.ui.managepartners.view.EditDetail","labelFor":{"text":"Name"},"interaction":{"idSuffix":"inner"}},"wdio_ui5_key":"etmportal.ui.managepartners.view.EditDetailsap.m.Input{\"text\":\"Name\"}"}]}
RESULT: {"script":"<script> [1562 bytes]","args":[{"selector":{"controlType":"sap.m.Input","viewName":"etm.portal.ui.managepartners.view.EditDetail","labelFor":{"text":"Name"},"interaction":{"idSuffix":"inner"}},"wdio_ui5_key":"etmportal.ui.managepartners.view.EditDetailsap.m.Input{\"text\":\"Name\"}"}]}
RESULT: undefined
COMMAND: POST /session/e537112f6f31df0d8590d52383dd5938/execute/async - {"script":"<script> [776 bytes]","args":[{"enterText":"Intercompany EDIT","selector":{"controlType":"sap.m.Input","viewName":"etm.portal.ui.managepartners.view.EditDetail","labelFor":{"text":"Name"},"interaction":{"idSuffix":"inner"}},"clearTextFirst":true,"interactionType":"ENTER_TEXT"}]}
RESULT: {"script":"<script> [776 bytes]","args":[{"enterText":"Intercompany EDIT","selector":{"controlType":"sap.m.Input","viewName":"etm.portal.ui.managepartners.view.EditDetail","labelFor":{"text":"Name"},"interaction":{"idSuffix":"inner"}},"clearTextFirst":true,"interactionType":"ENTER_TEXT"}]}
COMMAND: POST /session/e537112f6f31df0d8590d52383dd5938/element - {"using":"xpath","value":"(//span[contains(@id,\"addressDetailDetailsLanguage-arrow\")])[1]"}
RESULT: {"using":"xpath","value":"(//span[contains(@id,\"addressDetailDetailsLanguage-arrow\")])[1]"}
COMMAND: POST /session/e537112f6f31df0d8590d52383dd5938/element/f.3D8655DB7C018FB3B3311B2BCD0F0E61.d.1BE0B17F15353E23F1E6003D16C2F9E8.e.4308/click - {}
RESULT: {}
COMMAND: POST /session/e537112f6f31df0d8590d52383dd5938/element - {"using":"xpath","value":"//span[contains(text(), \"Chinese\")]"}
COMMAND: GET /session/e537112f6f31df0d8590d52383dd5938/screenshot - {}
RESULT: {"using":"xpath","value":"//span[contains(text(), \"Chinese\")]"}
COMMAND: POST /session/e537112f6f31df0d8590d52383dd5938/element/f.3D8655DB7C018FB3B3311B2BCD0F0E61.d.1BE0B17F15353E23F1E6003D16C2F9E8.e.4309/click - {}
RESULT: {}
RESULT: {}
COMMAND: GET /session/e537112f6f31df0d8590d52383dd5938/screenshot - {}
RESULT: {}
COMMAND: POST /session/e537112f6f31df0d8590d52383dd5938/execute/async - {"script":"<script> [1562 bytes]","args":[{"selector":{"controlType":"sap.m.Input","viewName":"etm.portal.ui.managepartners.view.EditDetail","labelFor":{"text":"City"},"interaction":{"idSuffix":"inner"}},"wdio_ui5_key":"etmportal.ui.managepartners.view.EditDetailsap.m.Input{\"text\":\"City\"}"}]}
RESULT: {"script":"<script> [1562 bytes]","args":[{"selector":{"controlType":"sap.m.Input","viewName":"etm.portal.ui.managepartners.view.EditDetail","labelFor":{"text":"City"},"interaction":{"idSuffix":"inner"}},"wdio_ui5_key":"etmportal.ui.managepartners.view.EditDetailsap.m.Input{\"text\":\"City\"}"}]}
RESULT: undefined
COMMAND: POST /session/e537112f6f31df0d8590d52383dd5938/execute/async - {"script":"<script> [776 bytes]","args":[{"enterText":"Clooj-Napoca","selector":{"controlType":"sap.m.Input","viewName":"etm.portal.ui.managepartners.view.EditDetail","labelFor":{"text":"City"},"interaction":{"idSuffix":"inner"}},"clearTextFirst":true,"interactionType":"ENTER_TEXT"}]}
RESULT: {"script":"<script> [776 bytes]","args":[{"enterText":"Clooj-Napoca","selector":{"controlType":"sap.m.Input","viewName":"etm.portal.ui.managepartners.view.EditDetail","labelFor":{"text":"City"},"interaction":{"idSuffix":"inner"}},"clearTextFirst":true,"interactionType":"ENTER_TEXT"}]}
COMMAND: POST /session/e537112f6f31df0d8590d52383dd5938/element - {"using":"xpath","value":"//button[@data-kt=\"saveButton\"]"}
RESULT: {"using":"xpath","value":"//button[@data-kt=\"saveButton\"]"}
COMMAND: POST /session/e537112f6f31df0d8590d52383dd5938/element/f.3D8655DB7C018FB3B3311B2BCD0F0E61.d.1BE0B17F15353E23F1E6003D16C2F9E8.e.4285/click - {}
RESULT: {}
COMMAND: GET /session/e537112f6f31df0d8590d52383dd5938/screenshot - {}
RESULT: {}
COMMAND: POST /session/e537112f6f31df0d8590d52383dd5938/execute/async - {"script":"<script> [1562 bytes]","args":[{"selector":{"id":"application-managepartners-display-component---detailPtm--addressDetailDetailsName1"},"wdio_ui5_key":"applicationmanagepartners-display-component---detailPtm--addressDetailDetailsName1"}]}
RESULT: {"script":"<script> [1562 bytes]","args":[{"selector":{"id":"application-managepartners-display-component---detailPtm--addressDetailDetailsName1"},"wdio_ui5_key":"applicationmanagepartners-display-component---detailPtm--addressDetailDetailsName1"}]}
RESULT: undefined
COMMAND: POST /session/e537112f6f31df0d8590d52383dd5938/execute/async - {"script":"<script> [6424 bytes]","args":[{"element-6066-11e4-a52e-4f735466cecf":"f.3D8655DB7C018FB3B3311B2BCD0F0E61.d.1BE0B17F15353E23F1E6003D16C2F9E8.e.4342"},"getValue",[]]}
RESULT: {"script":"<script> [6424 bytes]","args":[{"element-6066-11e4-a52e-4f735466cecf":"f.3D8655DB7C018FB3B3311B2BCD0F0E61.d.1BE0B17F15353E23F1E6003D16C2F9E8.e.4342"},"getValue",[]]}
COMMAND: POST /session/e537112f6f31df0d8590d52383dd5938/element - {"using":"xpath","value":"//input[@id = \"application-managepartners-display-component---detailPtm--addressDetailDetailsLanguage-inner\"]"}
RESULT: {"using":"xpath","value":"//input[@id = \"application-managepartners-display-component---detailPtm--addressDetailDetailsLanguage-inner\"]"}
COMMAND: GET /session/e537112f6f31df0d8590d52383dd5938/element/f.3D8655DB7C018FB3B3311B2BCD0F0E61.d.1BE0B17F15353E23F1E6003D16C2F9E8.e.4343/property/value - {}
RESULT: {}
COMMAND: POST /session/e537112f6f31df0d8590d52383dd5938/execute/async - {"script":"<script> [1562 bytes]","args":[{"selector":{"id":"application-managepartners-display-component---detailPtm--addressDetailDetailsCity1"},"wdio_ui5_key":"applicationmanagepartners-display-component---detailPtm--addressDetailDetailsCity1"}]}
COMMAND: GET /session/e537112f6f31df0d8590d52383dd5938/screenshot - {}
RESULT: {"script":"<script> [1562 bytes]","args":[{"selector":{"id":"application-managepartners-display-component---detailPtm--addressDetailDetailsCity1"},"wdio_ui5_key":"applicationmanagepartners-display-component---detailPtm--addressDetailDetailsCity1"}]}
RESULT: undefined
COMMAND: POST /session/e537112f6f31df0d8590d52383dd5938/execute/async - {"script":"<script> [6424 bytes]","args":[{"element-6066-11e4-a52e-4f735466cecf":"f.3D8655DB7C018FB3B3311B2BCD0F0E61.d.1BE0B17F15353E23F1E6003D16C2F9E8.e.4344"},"getValue",[]]}
RESULT: {}
RESULT: {"script":"<script> [6424 bytes]","args":[{"element-6066-11e4-a52e-4f735466cecf":"f.3D8655DB7C018FB3B3311B2BCD0F0E61.d.1BE0B17F15353E23F1E6003D16C2F9E8.e.4344"},"getValue",[]]}
COMMAND: POST /session/e537112f6f31df0d8590d52383dd5938/element - {"using":"css selector","value":"#shell-header-logo"}
RESULT: {"using":"css selector","value":"#shell-header-logo"}
COMMAND: POST /session/e537112f6f31df0d8590d52383dd5938/element/f.3D8655DB7C018FB3B3311B2BCD0F0E61.d.1BE0B17F15353E23F1E6003D16C2F9E8.e.3898/click - {}
RESULT: {}
COMMAND: GET /session/e537112f6f31df0d8590d52383dd5938/screenshot - {}
RESULT: {}
]]></system-out>
    </testcase>
    <testcase classname="chrome.136_0_7103_93.windows.Partner_specific_tests_US150819_US151080_US151654_US151176_US103444_US151078_US151079_US151109_US151174_US151175_US151189" name="Should create a new intracompany partner edit some of its fields US151079" time="272.51">
      <system-out><![CDATA[
COMMAND: POST /session/e537112f6f31df0d8590d52383dd5938/element - {"using":"xpath","value":"//li[.//span[text()=\"Manage Partners\"]]"}
RESULT: {"using":"xpath","value":"//li[.//span[text()=\"Manage Partners\"]]"}
COMMAND: POST /session/e537112f6f31df0d8590d52383dd5938/element - {"using":"xpath","value":"//li[.//span[text()=\"Manage Partners\"]]"}
RESULT: {"using":"xpath","value":"//li[.//span[text()=\"Manage Partners\"]]"}
COMMAND: POST /session/e537112f6f31df0d8590d52383dd5938/element - {"using":"css selector","value":"#shell-header-logo"}
RESULT: {"using":"css selector","value":"#shell-header-logo"}
COMMAND: POST /session/e537112f6f31df0d8590d52383dd5938/element/f.3D8655DB7C018FB3B3311B2BCD0F0E61.d.1BE0B17F15353E23F1E6003D16C2F9E8.e.4374/click - {}
COMMAND: POST /session/e537112f6f31df0d8590d52383dd5938/execute/sync - {"script":"<script> [8489 bytes]","args":[{"element-6066-11e4-a52e-4f735466cecf":"f.3D8655DB7C018FB3B3311B2BCD0F0E61.d.1BE0B17F15353E23F1E6003D16C2F9E8.e.4374","ELEMENT":"f.3D8655DB7C018FB3B3311B2BCD0F0E61.d.1BE0B17F15353E23F1E6003D16C2F9E8.e.4374"}]}
RESULT: {}
COMMAND: GET /session/e537112f6f31df0d8590d52383dd5938/screenshot - {}
RESULT: {"script":"<script> [8489 bytes]","args":[{"element-6066-11e4-a52e-4f735466cecf":"f.3D8655DB7C018FB3B3311B2BCD0F0E61.d.1BE0B17F15353E23F1E6003D16C2F9E8.e.4374","ELEMENT":"f.3D8655DB7C018FB3B3311B2BCD0F0E61.d.1BE0B17F15353E23F1E6003D16C2F9E8.e.4374"}]}
COMMAND: POST /session/e537112f6f31df0d8590d52383dd5938/execute/sync - {"script":"<script> [5351 bytes]","args":[{"element-6066-11e4-a52e-4f735466cecf":"f.3D8655DB7C018FB3B3311B2BCD0F0E61.d.1BE0B17F15353E23F1E6003D16C2F9E8.e.4374","ELEMENT":"f.3D8655DB7C018FB3B3311B2BCD0F0E61.d.1BE0B17F15353E23F1E6003D16C2F9E8.e.4374"}]}
COMMAND: GET /session/e537112f6f31df0d8590d52383dd5938/screenshot - {}
RESULT: {}
RESULT: {"script":"<script> [5351 bytes]","args":[{"element-6066-11e4-a52e-4f735466cecf":"f.3D8655DB7C018FB3B3311B2BCD0F0E61.d.1BE0B17F15353E23F1E6003D16C2F9E8.e.4374","ELEMENT":"f.3D8655DB7C018FB3B3311B2BCD0F0E61.d.1BE0B17F15353E23F1E6003D16C2F9E8.e.4374"}]}
COMMAND: GET /session/e537112f6f31df0d8590d52383dd5938/screenshot - {}
RESULT: {}
RESULT: {}
COMMAND: POST /session/e537112f6f31df0d8590d52383dd5938/refresh - {}
RESULT: {}
COMMAND: GET /session/e537112f6f31df0d8590d52383dd5938/screenshot - {}
RESULT: {}
COMMAND: POST /session/e537112f6f31df0d8590d52383dd5938/refresh - {}
RESULT: {}
COMMAND: GET /session/e537112f6f31df0d8590d52383dd5938/screenshot - {}
RESULT: {}
COMMAND: POST /session/e537112f6f31df0d8590d52383dd5938/window/fullscreen - {}
RESULT: {}
COMMAND: POST /session/e537112f6f31df0d8590d52383dd5938/execute/async - {"script":"<script> [189 bytes]","args":[]}
RESULT: {"script":"<script> [189 bytes]","args":[]}
COMMAND: POST /session/e537112f6f31df0d8590d52383dd5938/execute/async - {"script":"<script> [123 bytes]","args":[]}
RESULT: {"script":"<script> [123 bytes]","args":[]}
COMMAND: POST /session/e537112f6f31df0d8590d52383dd5938/timeouts - {"script":"<number>"}
RESULT: {"script":"<number>"}
COMMAND: GET /session/e537112f6f31df0d8590d52383dd5938/timeouts - {}
RESULT: {}
RESULT: undefined
COMMAND: POST /session/e537112f6f31df0d8590d52383dd5938/execute/async - {"script":"<script> [2676 bytes]","args":[]}
RESULT: {"script":"<script> [2676 bytes]","args":[]}
COMMAND: POST /session/e537112f6f31df0d8590d52383dd5938/execute/async - {"script":"<script> [2342 bytes]","args":[{"protocol":"http","hostname":"0.0.0.0","path":"/","capabilities":{"browserName":"chrome","goog:chromeOptions":{"binary":"C:\\Program Files\\Google\\Chrome\\Application\\chrome.exe","args":["--start-maximized"]}},"logLevel":"warn","connectionRetryTimeout":120000,"connectionRetryCount":3,"logLevels":{},"enableDirectConnect":true,"strictSSL":true,"_":"65 more keys: [\"cacheDir\",\"port\",\"requestedCapabilities\",\"automationProtocol\",\"baseUrl\",\"waitforInterval\",\"waitforTimeout\",\"onReload\",\"beforeCommand\",\"afterCommand\",\"rootDir\",\"specs\",\"suites\",\"exclude\",\"groupLogsByTestSpec\",\"excludeDriverLogs\",\"bail\",\"framework\",\"reporters\",\"services\",\"maxInstances\",\"maxInstancesPerCapability\",\"injectGlobals\",\"filesToWatch\",\"execArgv\",\"runnerEnv\",\"runner\",\"shard\",\"specFileRetries\",\"specFileRetriesDelay\",\"specFileRetriesDeferred\",\"reporterSyncInterval\",\"reporterSyncTimeout\",\"cucumberFeaturesWithLineNumbers\",\"autoCompileOpts\",\"mochaOpts\",\"jasmineOpts\",\"cucumberOpts\",\"onPrepare\",\"onWorkerStart\",\"onWorkerEnd\",\"before\",\"beforeSession\",\"beforeSuite\",\"beforeHook\",\"beforeTest\",\"afterTest\",\"afterHook\",\"afterSuite\",\"afterSession\",\"after\",\"onComplete\",\"beforeAssertion\",\"afterAssertion\",\"beforeFeature\",\"beforeScenario\",\"beforeStep\",\"afterStep\",\"afterScenario\",\"afterFeature\",\"_\",\"suite\",\"$0\",\"ignoredWorkerServices\",\"wdi5\"]"}]}
RESULT: {"script":"<script> [2342 bytes]","args":[{"protocol":"http","hostname":"0.0.0.0","path":"/","capabilities":{"browserName":"chrome","goog:chromeOptions":{"binary":"C:\\Program Files\\Google\\Chrome\\Application\\chrome.exe","args":["--start-maximized"]}},"logLevel":"warn","connectionRetryTimeout":120000,"connectionRetryCount":3,"logLevels":{},"enableDirectConnect":true,"strictSSL":true,"_":"65 more keys: [\"cacheDir\",\"port\",\"requestedCapabilities\",\"automationProtocol\",\"baseUrl\",\"waitforInterval\",\"waitforTimeout\",\"onReload\",\"beforeCommand\",\"afterCommand\",\"rootDir\",\"specs\",\"suites\",\"exclude\",\"groupLogsByTestSpec\",\"excludeDriverLogs\",\"bail\",\"framework\",\"reporters\",\"services\",\"maxInstances\",\"maxInstancesPerCapability\",\"injectGlobals\",\"filesToWatch\",\"execArgv\",\"runnerEnv\",\"runner\",\"shard\",\"specFileRetries\",\"specFileRetriesDelay\",\"specFileRetriesDeferred\",\"reporterSyncInterval\",\"reporterSyncTimeout\",\"cucumberFeaturesWithLineNumbers\",\"autoCompileOpts\",\"mochaOpts\",\"jasmineOpts\",\"cucumberOpts\",\"onPrepare\",\"onWorkerStart\",\"onWorkerEnd\",\"before\",\"beforeSession\",\"beforeSuite\",\"beforeHook\",\"beforeTest\",\"afterTest\",\"afterHook\",\"afterSuite\",\"afterSession\",\"after\",\"onComplete\",\"beforeAssertion\",\"afterAssertion\",\"beforeFeature\",\"beforeScenario\",\"beforeStep\",\"afterStep\",\"afterScenario\",\"afterFeature\",\"_\",\"suite\",\"$0\",\"ignoredWorkerServices\",\"wdi5\"]"}]}
COMMAND: POST /session/e537112f6f31df0d8590d52383dd5938/execute/async - {"script":"<script> [21126 bytes]","args":[35000]}
RESULT: {"script":"<script> [21126 bytes]","args":[35000]}
COMMAND: POST /session/e537112f6f31df0d8590d52383dd5938/window/fullscreen - {}
RESULT: {}
COMMAND: POST /session/e537112f6f31df0d8590d52383dd5938/window/fullscreen - {}
RESULT: {}
COMMAND: POST /session/e537112f6f31df0d8590d52383dd5938/execute/async - {"script":"<script> [1562 bytes]","args":[{"selector":{"controlType":"sap.m.GenericTile","properties":{"header":"Manage Partners"}},"wdio_ui5_key":"sapm.GenericTile{\"header\":\"Manage Partners\"}"}]}
RESULT: {"script":"<script> [1562 bytes]","args":[{"selector":{"controlType":"sap.m.GenericTile","properties":{"header":"Manage Partners"}},"wdio_ui5_key":"sapm.GenericTile{\"header\":\"Manage Partners\"}"}]}
RESULT: undefined
COMMAND: POST /session/e537112f6f31df0d8590d52383dd5938/element - {"using":"xpath","value":"//*[@id=\"__tile30\"]"}
RESULT: {"using":"xpath","value":"//*[@id=\"__tile30\"]"}
COMMAND: POST /session/e537112f6f31df0d8590d52383dd5938/element/f.3D8655DB7C018FB3B3311B2BCD0F0E61.d.2D9A9D290EC543ABBD0438A5A3CE7783.e.4441/click - {}
RESULT: {}
COMMAND: GET /session/e537112f6f31df0d8590d52383dd5938/screenshot - {}
RESULT: {}
COMMAND: POST /session/e537112f6f31df0d8590d52383dd5938/elements - {"using":"xpath","value":"//span[text()='Error']"}
RESULT: {"using":"xpath","value":"//span[text()='Error']"}
COMMAND: POST /session/e537112f6f31df0d8590d52383dd5938/element - {"using":"xpath","value":"//button[@data-kt=\"addButton\"]"}
RESULT: {"using":"xpath","value":"//button[@data-kt=\"addButton\"]"}
COMMAND: POST /session/e537112f6f31df0d8590d52383dd5938/elements - {"using":"xpath","value":"//button[@data-kt=\"addButton\"]"}
RESULT: {"using":"xpath","value":"//button[@data-kt=\"addButton\"]"}
COMMAND: POST /session/e537112f6f31df0d8590d52383dd5938/elements - {"using":"xpath","value":"//button[@data-kt=\"addButton\"]"}
RESULT: {"using":"xpath","value":"//button[@data-kt=\"addButton\"]"}
COMMAND: POST /session/e537112f6f31df0d8590d52383dd5938/elements - {"using":"xpath","value":"//button[@data-kt=\"addButton\"]"}
RESULT: {"using":"xpath","value":"//button[@data-kt=\"addButton\"]"}
COMMAND: POST /session/e537112f6f31df0d8590d52383dd5938/elements - {"using":"xpath","value":"//button[@data-kt=\"addButton\"]"}
RESULT: {"using":"xpath","value":"//button[@data-kt=\"addButton\"]"}
COMMAND: POST /session/e537112f6f31df0d8590d52383dd5938/elements - {"using":"xpath","value":"//button[@data-kt=\"addButton\"]"}
RESULT: {"using":"xpath","value":"//button[@data-kt=\"addButton\"]"}
COMMAND: POST /session/e537112f6f31df0d8590d52383dd5938/elements - {"using":"xpath","value":"//button[@data-kt=\"addButton\"]"}
RESULT: {"using":"xpath","value":"//button[@data-kt=\"addButton\"]"}
COMMAND: POST /session/e537112f6f31df0d8590d52383dd5938/elements - {"using":"xpath","value":"//button[@data-kt=\"addButton\"]"}
RESULT: {"using":"xpath","value":"//button[@data-kt=\"addButton\"]"}
COMMAND: POST /session/e537112f6f31df0d8590d52383dd5938/elements - {"using":"xpath","value":"//button[@data-kt=\"addButton\"]"}
RESULT: {"using":"xpath","value":"//button[@data-kt=\"addButton\"]"}
COMMAND: POST /session/e537112f6f31df0d8590d52383dd5938/elements - {"using":"xpath","value":"//button[@data-kt=\"addButton\"]"}
RESULT: {"using":"xpath","value":"//button[@data-kt=\"addButton\"]"}
COMMAND: POST /session/e537112f6f31df0d8590d52383dd5938/elements - {"using":"xpath","value":"//button[@data-kt=\"addButton\"]"}
RESULT: {"using":"xpath","value":"//button[@data-kt=\"addButton\"]"}
COMMAND: POST /session/e537112f6f31df0d8590d52383dd5938/elements - {"using":"xpath","value":"//button[@data-kt=\"addButton\"]"}
RESULT: {"using":"xpath","value":"//button[@data-kt=\"addButton\"]"}
COMMAND: POST /session/e537112f6f31df0d8590d52383dd5938/elements - {"using":"xpath","value":"//button[@data-kt=\"addButton\"]"}
RESULT: {"using":"xpath","value":"//button[@data-kt=\"addButton\"]"}
COMMAND: POST /session/e537112f6f31df0d8590d52383dd5938/elements - {"using":"xpath","value":"//button[@data-kt=\"addButton\"]"}
RESULT: {"using":"xpath","value":"//button[@data-kt=\"addButton\"]"}
COMMAND: POST /session/e537112f6f31df0d8590d52383dd5938/element - {"using":"xpath","value":"//button[@data-kt=\"addButton\"]"}
RESULT: {"using":"xpath","value":"//button[@data-kt=\"addButton\"]"}
COMMAND: POST /session/e537112f6f31df0d8590d52383dd5938/execute/sync - {"script":"<script> [8489 bytes]","args":[{"element-6066-11e4-a52e-4f735466cecf":"f.3D8655DB7C018FB3B3311B2BCD0F0E61.d.2D9A9D290EC543ABBD0438A5A3CE7783.e.4557","ELEMENT":"f.3D8655DB7C018FB3B3311B2BCD0F0E61.d.2D9A9D290EC543ABBD0438A5A3CE7783.e.4557"}]}
RESULT: {"script":"<script> [8489 bytes]","args":[{"element-6066-11e4-a52e-4f735466cecf":"f.3D8655DB7C018FB3B3311B2BCD0F0E61.d.2D9A9D290EC543ABBD0438A5A3CE7783.e.4557","ELEMENT":"f.3D8655DB7C018FB3B3311B2BCD0F0E61.d.2D9A9D290EC543ABBD0438A5A3CE7783.e.4557"}]}
COMMAND: GET /session/e537112f6f31df0d8590d52383dd5938/element/f.3D8655DB7C018FB3B3311B2BCD0F0E61.d.2D9A9D290EC543ABBD0438A5A3CE7783.e.4557/enabled - {}
COMMAND: GET /session/e537112f6f31df0d8590d52383dd5938/screenshot - {}
RESULT: {}
COMMAND: POST /session/e537112f6f31df0d8590d52383dd5938/execute/sync - {"script":"<script> [8489 bytes]","args":[{"element-6066-11e4-a52e-4f735466cecf":"f.3D8655DB7C018FB3B3311B2BCD0F0E61.d.2D9A9D290EC543ABBD0438A5A3CE7783.e.4557","ELEMENT":"f.3D8655DB7C018FB3B3311B2BCD0F0E61.d.2D9A9D290EC543ABBD0438A5A3CE7783.e.4557"}]}
COMMAND: GET /session/e537112f6f31df0d8590d52383dd5938/screenshot - {}
RESULT: {}
RESULT: {"script":"<script> [8489 bytes]","args":[{"element-6066-11e4-a52e-4f735466cecf":"f.3D8655DB7C018FB3B3311B2BCD0F0E61.d.2D9A9D290EC543ABBD0438A5A3CE7783.e.4557","ELEMENT":"f.3D8655DB7C018FB3B3311B2BCD0F0E61.d.2D9A9D290EC543ABBD0438A5A3CE7783.e.4557"}]}
COMMAND: POST /session/e537112f6f31df0d8590d52383dd5938/execute/sync - {"script":"<script> [5351 bytes]","args":[{"element-6066-11e4-a52e-4f735466cecf":"f.3D8655DB7C018FB3B3311B2BCD0F0E61.d.2D9A9D290EC543ABBD0438A5A3CE7783.e.4557","ELEMENT":"f.3D8655DB7C018FB3B3311B2BCD0F0E61.d.2D9A9D290EC543ABBD0438A5A3CE7783.e.4557"}]}
COMMAND: GET /session/e537112f6f31df0d8590d52383dd5938/screenshot - {}
RESULT: {}
RESULT: {"script":"<script> [5351 bytes]","args":[{"element-6066-11e4-a52e-4f735466cecf":"f.3D8655DB7C018FB3B3311B2BCD0F0E61.d.2D9A9D290EC543ABBD0438A5A3CE7783.e.4557","ELEMENT":"f.3D8655DB7C018FB3B3311B2BCD0F0E61.d.2D9A9D290EC543ABBD0438A5A3CE7783.e.4557"}]}
COMMAND: POST /session/e537112f6f31df0d8590d52383dd5938/element/f.3D8655DB7C018FB3B3311B2BCD0F0E61.d.2D9A9D290EC543ABBD0438A5A3CE7783.e.4557/click - {}
COMMAND: GET /session/e537112f6f31df0d8590d52383dd5938/screenshot - {}
RESULT: {}
RESULT: {}
COMMAND: GET /session/e537112f6f31df0d8590d52383dd5938/screenshot - {}
RESULT: {}
RESULT: {}
COMMAND: POST /session/e537112f6f31df0d8590d52383dd5938/execute/async - {"script":"<script> [1562 bytes]","args":[{"selector":{"id":"application-managepartners-display-component---NewPartner--addressDetailDetailsName1","interaction":{"idSuffix":"inner"}},"wdio_ui5_key":"applicationmanagepartners-display-component---NewPartner--addressDetailDetailsName1"}]}
RESULT: {"script":"<script> [1562 bytes]","args":[{"selector":{"id":"application-managepartners-display-component---NewPartner--addressDetailDetailsName1","interaction":{"idSuffix":"inner"}},"wdio_ui5_key":"applicationmanagepartners-display-component---NewPartner--addressDetailDetailsName1"}]}
RESULT: undefined
COMMAND: POST /session/e537112f6f31df0d8590d52383dd5938/execute/async - {"script":"<script> [776 bytes]","args":[{"enterText":"Intracompany Partner WDIO","selector":{"id":"application-managepartners-display-component---NewPartner--addressDetailDetailsName1","interaction":{"idSuffix":"inner"}},"clearTextFirst":true,"interactionType":"ENTER_TEXT"}]}
RESULT: {"script":"<script> [776 bytes]","args":[{"enterText":"Intracompany Partner WDIO","selector":{"id":"application-managepartners-display-component---NewPartner--addressDetailDetailsName1","interaction":{"idSuffix":"inner"}},"clearTextFirst":true,"interactionType":"ENTER_TEXT"}]}
COMMAND: POST /session/e537112f6f31df0d8590d52383dd5938/execute/async - {"script":"<script> [1562 bytes]","args":[{"selector":{"id":"application-managepartners-display-component---NewPartner--addressDetailDetailsLanguage-arrow"},"wdio_ui5_key":"applicationmanagepartners-display-component---NewPartner--addressDetailDetailsLanguage-arrow"}]}
RESULT: {"script":"<script> [1562 bytes]","args":[{"selector":{"id":"application-managepartners-display-component---NewPartner--addressDetailDetailsLanguage-arrow"},"wdio_ui5_key":"applicationmanagepartners-display-component---NewPartner--addressDetailDetailsLanguage-arrow"}]}
RESULT: undefined
COMMAND: POST /session/e537112f6f31df0d8590d52383dd5938/element - {"using":"xpath","value":"//*[@id=\"application-managepartners-display-component---NewPartner--addressDetailDetailsLanguage-arrow\"]"}
RESULT: {"using":"xpath","value":"//*[@id=\"application-managepartners-display-component---NewPartner--addressDetailDetailsLanguage-arrow\"]"}
COMMAND: POST /session/e537112f6f31df0d8590d52383dd5938/element/f.3D8655DB7C018FB3B3311B2BCD0F0E61.d.2D9A9D290EC543ABBD0438A5A3CE7783.e.5011/click - {}
RESULT: {}
COMMAND: POST /session/e537112f6f31df0d8590d52383dd5938/element - {"using":"xpath","value":"//span[contains(text(), \"English\")]"}
COMMAND: GET /session/e537112f6f31df0d8590d52383dd5938/screenshot - {}
RESULT: {"using":"xpath","value":"//span[contains(text(), \"English\")]"}
COMMAND: POST /session/e537112f6f31df0d8590d52383dd5938/element/f.3D8655DB7C018FB3B3311B2BCD0F0E61.d.2D9A9D290EC543ABBD0438A5A3CE7783.e.5012/click - {}
RESULT: {}
RESULT: {}
COMMAND: GET /session/e537112f6f31df0d8590d52383dd5938/screenshot - {}
RESULT: {}
COMMAND: POST /session/e537112f6f31df0d8590d52383dd5938/execute/async - {"script":"<script> [1562 bytes]","args":[{"selector":{"id":"application-managepartners-display-component---NewPartner--addressDetailDetailsCity1","interaction":{"idSuffix":"inner"}},"wdio_ui5_key":"applicationmanagepartners-display-component---NewPartner--addressDetailDetailsCity1"}]}
RESULT: {"script":"<script> [1562 bytes]","args":[{"selector":{"id":"application-managepartners-display-component---NewPartner--addressDetailDetailsCity1","interaction":{"idSuffix":"inner"}},"wdio_ui5_key":"applicationmanagepartners-display-component---NewPartner--addressDetailDetailsCity1"}]}
RESULT: undefined
COMMAND: POST /session/e537112f6f31df0d8590d52383dd5938/execute/async - {"script":"<script> [776 bytes]","args":[{"enterText":"Rosario","selector":{"id":"application-managepartners-display-component---NewPartner--addressDetailDetailsCity1","interaction":{"idSuffix":"inner"}},"clearTextFirst":true,"interactionType":"ENTER_TEXT"}]}
RESULT: {"script":"<script> [776 bytes]","args":[{"enterText":"Rosario","selector":{"id":"application-managepartners-display-component---NewPartner--addressDetailDetailsCity1","interaction":{"idSuffix":"inner"}},"clearTextFirst":true,"interactionType":"ENTER_TEXT"}]}
COMMAND: POST /session/e537112f6f31df0d8590d52383dd5938/execute/async - {"script":"<script> [1562 bytes]","args":[{"selector":{"id":"application-managepartners-display-component---NewPartner--addressDetailDetailsCountry-arrow"},"wdio_ui5_key":"applicationmanagepartners-display-component---NewPartner--addressDetailDetailsCountry-arrow"}]}
RESULT: {"script":"<script> [1562 bytes]","args":[{"selector":{"id":"application-managepartners-display-component---NewPartner--addressDetailDetailsCountry-arrow"},"wdio_ui5_key":"applicationmanagepartners-display-component---NewPartner--addressDetailDetailsCountry-arrow"}]}
RESULT: undefined
COMMAND: POST /session/e537112f6f31df0d8590d52383dd5938/element - {"using":"xpath","value":"//*[@id=\"application-managepartners-display-component---NewPartner--addressDetailDetailsCountry-arrow\"]"}
RESULT: {"using":"xpath","value":"//*[@id=\"application-managepartners-display-component---NewPartner--addressDetailDetailsCountry-arrow\"]"}
COMMAND: POST /session/e537112f6f31df0d8590d52383dd5938/element/f.3D8655DB7C018FB3B3311B2BCD0F0E61.d.2D9A9D290EC543ABBD0438A5A3CE7783.e.4975/click - {}
RESULT: {}
COMMAND: POST /session/e537112f6f31df0d8590d52383dd5938/element - {"using":"xpath","value":"//span[contains(text(), \"Argentina\")]"}
COMMAND: GET /session/e537112f6f31df0d8590d52383dd5938/screenshot - {}
RESULT: {"using":"xpath","value":"//span[contains(text(), \"Argentina\")]"}
COMMAND: POST /session/e537112f6f31df0d8590d52383dd5938/element/f.3D8655DB7C018FB3B3311B2BCD0F0E61.d.2D9A9D290EC543ABBD0438A5A3CE7783.e.5014/click - {}
RESULT: {}
RESULT: {}
COMMAND: GET /session/e537112f6f31df0d8590d52383dd5938/screenshot - {}
RESULT: {}
COMMAND: POST /session/e537112f6f31df0d8590d52383dd5938/element - {"using":"xpath","value":"//bdi[contains(text(), \"Commercial\")]"}
RESULT: {"using":"xpath","value":"//bdi[contains(text(), \"Commercial\")]"}
COMMAND: POST /session/e537112f6f31df0d8590d52383dd5938/element/f.3D8655DB7C018FB3B3311B2BCD0F0E61.d.2D9A9D290EC543ABBD0438A5A3CE7783.e.5015/click - {}
RESULT: {}
COMMAND: GET /session/e537112f6f31df0d8590d52383dd5938/screenshot - {}
RESULT: {}
COMMAND: POST /session/e537112f6f31df0d8590d52383dd5938/execute/async - {"script":"<script> [1562 bytes]","args":[{"selector":{"id":"application-managepartners-display-component---NewPartner--partnerDetailInternal-arrow"},"wdio_ui5_key":"applicationmanagepartners-display-component---NewPartner--partnerDetailInternal-arrow"}]}
RESULT: {"script":"<script> [1562 bytes]","args":[{"selector":{"id":"application-managepartners-display-component---NewPartner--partnerDetailInternal-arrow"},"wdio_ui5_key":"applicationmanagepartners-display-component---NewPartner--partnerDetailInternal-arrow"}]}
RESULT: undefined
COMMAND: POST /session/e537112f6f31df0d8590d52383dd5938/element - {"using":"xpath","value":"//*[@id=\"application-managepartners-display-component---NewPartner--partnerDetailInternal-arrow\"]"}
RESULT: {"using":"xpath","value":"//*[@id=\"application-managepartners-display-component---NewPartner--partnerDetailInternal-arrow\"]"}
COMMAND: POST /session/e537112f6f31df0d8590d52383dd5938/element/f.3D8655DB7C018FB3B3311B2BCD0F0E61.d.2D9A9D290EC543ABBD0438A5A3CE7783.e.5021/click - {}
RESULT: {}
COMMAND: POST /session/e537112f6f31df0d8590d52383dd5938/element - {"using":"xpath","value":"//span[contains(text(), \"Affiliated company\")]"}
COMMAND: GET /session/e537112f6f31df0d8590d52383dd5938/screenshot - {}
RESULT: {"using":"xpath","value":"//span[contains(text(), \"Affiliated company\")]"}
COMMAND: POST /session/e537112f6f31df0d8590d52383dd5938/element/f.3D8655DB7C018FB3B3311B2BCD0F0E61.d.2D9A9D290EC543ABBD0438A5A3CE7783.e.5023/click - {}
RESULT: {}
RESULT: {}
COMMAND: POST /session/e537112f6f31df0d8590d52383dd5938/execute/async - {"script":"<script> [1562 bytes]","args":[{"selector":{"id":"application-managepartners-display-component---NewPartner--partnerDetailsCurrency-arrow"},"wdio_ui5_key":"applicationmanagepartners-display-component---NewPartner--partnerDetailsCurrency-arrow"}]}
COMMAND: GET /session/e537112f6f31df0d8590d52383dd5938/screenshot - {}
RESULT: {"script":"<script> [1562 bytes]","args":[{"selector":{"id":"application-managepartners-display-component---NewPartner--partnerDetailsCurrency-arrow"},"wdio_ui5_key":"applicationmanagepartners-display-component---NewPartner--partnerDetailsCurrency-arrow"}]}
RESULT: undefined
COMMAND: POST /session/e537112f6f31df0d8590d52383dd5938/element - {"using":"xpath","value":"//*[@id=\"application-managepartners-display-component---NewPartner--partnerDetailsCurrency-arrow\"]"}
RESULT: {}
RESULT: {"using":"xpath","value":"//*[@id=\"application-managepartners-display-component---NewPartner--partnerDetailsCurrency-arrow\"]"}
COMMAND: POST /session/e537112f6f31df0d8590d52383dd5938/element/f.3D8655DB7C018FB3B3311B2BCD0F0E61.d.2D9A9D290EC543ABBD0438A5A3CE7783.e.5030/click - {}
RESULT: {}
COMMAND: POST /session/e537112f6f31df0d8590d52383dd5938/element - {"using":"xpath","value":"//span[contains(text(), \"Euro\")]"}
COMMAND: GET /session/e537112f6f31df0d8590d52383dd5938/screenshot - {}
RESULT: {"using":"xpath","value":"//span[contains(text(), \"Euro\")]"}
COMMAND: POST /session/e537112f6f31df0d8590d52383dd5938/element/f.3D8655DB7C018FB3B3311B2BCD0F0E61.d.2D9A9D290EC543ABBD0438A5A3CE7783.e.5031/click - {}
RESULT: {}
RESULT: {}
COMMAND: POST /session/e537112f6f31df0d8590d52383dd5938/execute/async - {"script":"<script> [1562 bytes]","args":[{"selector":{"id":"application-managepartners-display-component---NewPartner--addressEditDetailsCostObjectCstType-arrow"},"wdio_ui5_key":"applicationmanagepartners-display-component---NewPartner--addressEditDetailsCostObjectCstType-arrow"}]}
COMMAND: GET /session/e537112f6f31df0d8590d52383dd5938/screenshot - {}
RESULT: {"script":"<script> [1562 bytes]","args":[{"selector":{"id":"application-managepartners-display-component---NewPartner--addressEditDetailsCostObjectCstType-arrow"},"wdio_ui5_key":"applicationmanagepartners-display-component---NewPartner--addressEditDetailsCostObjectCstType-arrow"}]}
RESULT: undefined
COMMAND: POST /session/e537112f6f31df0d8590d52383dd5938/element - {"using":"xpath","value":"//*[@id=\"application-managepartners-display-component---NewPartner--addressEditDetailsCostObjectCstType-arrow\"]"}
RESULT: {}
RESULT: {"using":"xpath","value":"//*[@id=\"application-managepartners-display-component---NewPartner--addressEditDetailsCostObjectCstType-arrow\"]"}
COMMAND: POST /session/e537112f6f31df0d8590d52383dd5938/element/f.3D8655DB7C018FB3B3311B2BCD0F0E61.d.2D9A9D290EC543ABBD0438A5A3CE7783.e.5032/click - {}
RESULT: {}
COMMAND: POST /session/e537112f6f31df0d8590d52383dd5938/element - {"using":"xpath","value":"//span[contains(text(), \"Cost Center\")]"}
COMMAND: GET /session/e537112f6f31df0d8590d52383dd5938/screenshot - {}
RESULT: {"using":"xpath","value":"//span[contains(text(), \"Cost Center\")]"}
COMMAND: POST /session/e537112f6f31df0d8590d52383dd5938/element/f.3D8655DB7C018FB3B3311B2BCD0F0E61.d.2D9A9D290EC543ABBD0438A5A3CE7783.e.5033/click - {}
RESULT: {}
RESULT: {}
COMMAND: GET /session/e537112f6f31df0d8590d52383dd5938/screenshot - {}
RESULT: {}
COMMAND: POST /session/e537112f6f31df0d8590d52383dd5938/element - {"using":"xpath","value":"//span[@id=\"application-managepartners-display-component---NewPartner--addressNewCostObjectCstID-vhi\"]"}
RESULT: {"using":"xpath","value":"//span[@id=\"application-managepartners-display-component---NewPartner--addressNewCostObjectCstID-vhi\"]"}
COMMAND: POST /session/e537112f6f31df0d8590d52383dd5938/execute/sync - {"script":"<script> [8489 bytes]","args":[{"element-6066-11e4-a52e-4f735466cecf":"f.3D8655DB7C018FB3B3311B2BCD0F0E61.d.2D9A9D290EC543ABBD0438A5A3CE7783.e.5037","ELEMENT":"f.3D8655DB7C018FB3B3311B2BCD0F0E61.d.2D9A9D290EC543ABBD0438A5A3CE7783.e.5037"}]}
RESULT: {"script":"<script> [8489 bytes]","args":[{"element-6066-11e4-a52e-4f735466cecf":"f.3D8655DB7C018FB3B3311B2BCD0F0E61.d.2D9A9D290EC543ABBD0438A5A3CE7783.e.5037","ELEMENT":"f.3D8655DB7C018FB3B3311B2BCD0F0E61.d.2D9A9D290EC543ABBD0438A5A3CE7783.e.5037"}]}
COMMAND: POST /session/e537112f6f31df0d8590d52383dd5938/execute/async - {"script":"<script> [1562 bytes]","args":[{"selector":{"id":"application-managepartners-display-component---NewPartner--addressNewCostObjectCstID-vhi"},"wdio_ui5_key":"applicationmanagepartners-display-component---NewPartner--addressNewCostObjectCstID-vhi"}]}
COMMAND: GET /session/e537112f6f31df0d8590d52383dd5938/screenshot - {}
RESULT: {"script":"<script> [1562 bytes]","args":[{"selector":{"id":"application-managepartners-display-component---NewPartner--addressNewCostObjectCstID-vhi"},"wdio_ui5_key":"applicationmanagepartners-display-component---NewPartner--addressNewCostObjectCstID-vhi"}]}
RESULT: undefined
COMMAND: POST /session/e537112f6f31df0d8590d52383dd5938/element - {"using":"xpath","value":"//*[@id=\"application-managepartners-display-component---NewPartner--addressNewCostObjectCstID-vhi\"]"}
RESULT: {}
RESULT: {"using":"xpath","value":"//*[@id=\"application-managepartners-display-component---NewPartner--addressNewCostObjectCstID-vhi\"]"}
COMMAND: POST /session/e537112f6f31df0d8590d52383dd5938/element/f.3D8655DB7C018FB3B3311B2BCD0F0E61.d.2D9A9D290EC543ABBD0438A5A3CE7783.e.5037/click - {}
RESULT: {}
COMMAND: GET /session/e537112f6f31df0d8590d52383dd5938/screenshot - {}
RESULT: {}
COMMAND: POST /session/e537112f6f31df0d8590d52383dd5938/execute/async - {"script":"<script> [1562 bytes]","args":[{"selector":{"controlType":"sap.m.SearchField","properties":{"placeholder":"Search"},"searchOpenDialogs":true,"interaction":{"idSuffix":"I"}},"wdio_ui5_key":"sapm.SearchField{\"placeholder\":\"Search\"}"}]}
RESULT: {"script":"<script> [1562 bytes]","args":[{"selector":{"controlType":"sap.m.SearchField","properties":{"placeholder":"Search"},"searchOpenDialogs":true,"interaction":{"idSuffix":"I"}},"wdio_ui5_key":"sapm.SearchField{\"placeholder\":\"Search\"}"}]}
RESULT: undefined
COMMAND: POST /session/e537112f6f31df0d8590d52383dd5938/execute/async - {"script":"<script> [776 bytes]","args":[{"enterText":"10001013","selector":{"controlType":"sap.m.SearchField","properties":{"placeholder":"Search"},"searchOpenDialogs":true,"interaction":{"idSuffix":"I"}},"clearTextFirst":true,"interactionType":"ENTER_TEXT"}]}
RESULT: {"script":"<script> [776 bytes]","args":[{"enterText":"10001013","selector":{"controlType":"sap.m.SearchField","properties":{"placeholder":"Search"},"searchOpenDialogs":true,"interaction":{"idSuffix":"I"}},"clearTextFirst":true,"interactionType":"ENTER_TEXT"}]}
COMMAND: POST /session/e537112f6f31df0d8590d52383dd5938/actions - {"actions":[{"id":"action12","type":"key","parameters":{},"actions":[{"type":"keyDown","value":""},{"type":"pause","duration":10},{"type":"keyUp","value":""}]}]}
RESULT: {"actions":[{"id":"action12","type":"key","parameters":{},"actions":[{"type":"keyDown","value":""},{"type":"pause","duration":10},{"type":"keyUp","value":""}]}]}
COMMAND: GET /session/e537112f6f31df0d8590d52383dd5938/screenshot - {}
RESULT: {}
COMMAND: POST /session/e537112f6f31df0d8590d52383dd5938/element - {"using":"xpath","value":"//span[contains(text(), \"General Management\")]"}
RESULT: {"using":"xpath","value":"//span[contains(text(), \"General Management\")]"}
COMMAND: POST /session/e537112f6f31df0d8590d52383dd5938/element/f.3D8655DB7C018FB3B3311B2BCD0F0E61.d.2D9A9D290EC543ABBD0438A5A3CE7783.e.5079/click - {}
RESULT: {}
COMMAND: GET /session/e537112f6f31df0d8590d52383dd5938/screenshot - {}
RESULT: {}
COMMAND: POST /session/e537112f6f31df0d8590d52383dd5938/element - {"using":"xpath","value":"//bdi[contains(text(), \"OK\")]"}
RESULT: {"using":"xpath","value":"//bdi[contains(text(), \"OK\")]"}
COMMAND: POST /session/e537112f6f31df0d8590d52383dd5938/element/f.3D8655DB7C018FB3B3311B2BCD0F0E61.d.2D9A9D290EC543ABBD0438A5A3CE7783.e.5080/click - {}
RESULT: {}
COMMAND: GET /session/e537112f6f31df0d8590d52383dd5938/screenshot - {}
RESULT: {}
COMMAND: POST /session/e537112f6f31df0d8590d52383dd5938/element - {"using":"xpath","value":"//input[@id=\"application-managepartners-display-component---NewPartner--companyCodeComboBox-inner\"]"}
RESULT: {"using":"xpath","value":"//input[@id=\"application-managepartners-display-component---NewPartner--companyCodeComboBox-inner\"]"}
COMMAND: POST /session/e537112f6f31df0d8590d52383dd5938/element/f.3D8655DB7C018FB3B3311B2BCD0F0E61.d.2D9A9D290EC543ABBD0438A5A3CE7783.e.4917/clear - {}
RESULT: {}
COMMAND: POST /session/e537112f6f31df0d8590d52383dd5938/element/f.3D8655DB7C018FB3B3311B2BCD0F0E61.d.2D9A9D290EC543ABBD0438A5A3CE7783.e.4917/value - {"text":"1000"}
COMMAND: GET /session/e537112f6f31df0d8590d52383dd5938/screenshot - {}
RESULT: {"text":"1000"}
COMMAND: GET /session/e537112f6f31df0d8590d52383dd5938/screenshot - {}
RESULT: {}
RESULT: {}
COMMAND: POST /session/e537112f6f31df0d8590d52383dd5938/element - {"using":"xpath","value":"//li[.//span[text()= \"1000\"]]"}
RESULT: {"using":"xpath","value":"//li[.//span[text()= \"1000\"]]"}
COMMAND: POST /session/e537112f6f31df0d8590d52383dd5938/element/f.3D8655DB7C018FB3B3311B2BCD0F0E61.d.2D9A9D290EC543ABBD0438A5A3CE7783.e.5086/click - {}
RESULT: {}
COMMAND: GET /session/e537112f6f31df0d8590d52383dd5938/screenshot - {}
RESULT: {}
COMMAND: POST /session/e537112f6f31df0d8590d52383dd5938/execute/async - {"script":"<script> [1562 bytes]","args":[{"selector":{"id":"application-managepartners-display-component---NewPartner--btnAddTableRow-img"},"wdio_ui5_key":"applicationmanagepartners-display-component---NewPartner--btnAddTableRow-img"}]}
RESULT: {"script":"<script> [1562 bytes]","args":[{"selector":{"id":"application-managepartners-display-component---NewPartner--btnAddTableRow-img"},"wdio_ui5_key":"applicationmanagepartners-display-component---NewPartner--btnAddTableRow-img"}]}
RESULT: undefined
COMMAND: POST /session/e537112f6f31df0d8590d52383dd5938/element - {"using":"xpath","value":"//*[@id=\"application-managepartners-display-component---NewPartner--btnAddTableRow-img\"]"}
RESULT: {"using":"xpath","value":"//*[@id=\"application-managepartners-display-component---NewPartner--btnAddTableRow-img\"]"}
COMMAND: POST /session/e537112f6f31df0d8590d52383dd5938/element/f.3D8655DB7C018FB3B3311B2BCD0F0E61.d.2D9A9D290EC543ABBD0438A5A3CE7783.e.5087/click - {}
RESULT: {}
COMMAND: GET /session/e537112f6f31df0d8590d52383dd5938/screenshot - {}
RESULT: {}
COMMAND: POST /session/e537112f6f31df0d8590d52383dd5938/element - {"using":"xpath","value":"//input[@id=\"application-managepartners-display-component---NewPartner--assignmentYard-application-managepartners-display-component---NewPartner--assignmentsTable-0-inner\"]"}
RESULT: {"using":"xpath","value":"//input[@id=\"application-managepartners-display-component---NewPartner--assignmentYard-application-managepartners-display-component---NewPartner--assignmentsTable-0-inner\"]"}
COMMAND: POST /session/e537112f6f31df0d8590d52383dd5938/element/f.3D8655DB7C018FB3B3311B2BCD0F0E61.d.2D9A9D290EC543ABBD0438A5A3CE7783.e.5090/clear - {}
RESULT: {}
COMMAND: POST /session/e537112f6f31df0d8590d52383dd5938/element/f.3D8655DB7C018FB3B3311B2BCD0F0E61.d.2D9A9D290EC543ABBD0438A5A3CE7783.e.5090/value - {"text":"433"}
COMMAND: GET /session/e537112f6f31df0d8590d52383dd5938/screenshot - {}
RESULT: {"text":"433"}
COMMAND: GET /session/e537112f6f31df0d8590d52383dd5938/screenshot - {}
RESULT: {}
RESULT: {}
COMMAND: POST /session/e537112f6f31df0d8590d52383dd5938/element - {"using":"xpath","value":"//li[.//span[text()='433']]"}
RESULT: {"using":"xpath","value":"//li[.//span[text()='433']]"}
COMMAND: POST /session/e537112f6f31df0d8590d52383dd5938/element/f.3D8655DB7C018FB3B3311B2BCD0F0E61.d.2D9A9D290EC543ABBD0438A5A3CE7783.e.5099/click - {}
RESULT: {}
COMMAND: GET /session/e537112f6f31df0d8590d52383dd5938/screenshot - {}
RESULT: {}
COMMAND: POST /session/e537112f6f31df0d8590d52383dd5938/actions - {"actions":[{"id":"action13","type":"key","parameters":{},"actions":[{"type":"keyDown","value":""},{"type":"pause","duration":10},{"type":"keyUp","value":""}]}]}
RESULT: {"actions":[{"id":"action13","type":"key","parameters":{},"actions":[{"type":"keyDown","value":""},{"type":"pause","duration":10},{"type":"keyUp","value":""}]}]}
COMMAND: POST /session/e537112f6f31df0d8590d52383dd5938/execute/async - {"script":"<script> [1562 bytes]","args":[{"selector":{"id":"application-managepartners-display-component---NewPartner--externalCustomerComboBox-application-managepartners-display-component---NewPartner--assignmentsTable-0-vhi"},"wdio_ui5_key":"applicationmanagepartners-display-component---NewPartner--externalCustomerComboBox-application-managepartners-display-component---NewPartner--assignmentsTable-0-vhi"}]}
COMMAND: GET /session/e537112f6f31df0d8590d52383dd5938/screenshot - {}
RESULT: {"script":"<script> [1562 bytes]","args":[{"selector":{"id":"application-managepartners-display-component---NewPartner--externalCustomerComboBox-application-managepartners-display-component---NewPartner--assignmentsTable-0-vhi"},"wdio_ui5_key":"applicationmanagepartners-display-component---NewPartner--externalCustomerComboBox-application-managepartners-display-component---NewPartner--assignmentsTable-0-vhi"}]}
RESULT: undefined
COMMAND: POST /session/e537112f6f31df0d8590d52383dd5938/element - {"using":"xpath","value":"//*[@id=\"application-managepartners-display-component---NewPartner--externalCustomerComboBox-application-managepartners-display-component---NewPartner--assignmentsTable-0-vhi\"]"}
RESULT: {}
RESULT: {"using":"xpath","value":"//*[@id=\"application-managepartners-display-component---NewPartner--externalCustomerComboBox-application-managepartners-display-component---NewPartner--assignmentsTable-0-vhi\"]"}
COMMAND: POST /session/e537112f6f31df0d8590d52383dd5938/element/f.3D8655DB7C018FB3B3311B2BCD0F0E61.d.2D9A9D290EC543ABBD0438A5A3CE7783.e.5103/click - {}
RESULT: {}
RESULT: undefined
COMMAND: POST /session/e537112f6f31df0d8590d52383dd5938/execute/async - {"script":"<script> [776 bytes]","args":[{"enterText":"300003","selector":{"controlType":"sap.m.SearchField","properties":{"placeholder":"Search"},"searchOpenDialogs":true,"interaction":{"idSuffix":"I"}},"clearTextFirst":true,"interactionType":"ENTER_TEXT"}]}
COMMAND: GET /session/e537112f6f31df0d8590d52383dd5938/screenshot - {}
RESULT: {"script":"<script> [776 bytes]","args":[{"enterText":"300003","selector":{"controlType":"sap.m.SearchField","properties":{"placeholder":"Search"},"searchOpenDialogs":true,"interaction":{"idSuffix":"I"}},"clearTextFirst":true,"interactionType":"ENTER_TEXT"}]}
COMMAND: POST /session/e537112f6f31df0d8590d52383dd5938/actions - {"actions":[{"id":"action14","type":"key","parameters":{},"actions":[{"type":"keyDown","value":""},{"type":"pause","duration":10},{"type":"keyUp","value":""}]}]}
RESULT: {}
RESULT: {"actions":[{"id":"action14","type":"key","parameters":{},"actions":[{"type":"keyDown","value":""},{"type":"pause","duration":10},{"type":"keyUp","value":""}]}]}
COMMAND: GET /session/e537112f6f31df0d8590d52383dd5938/screenshot - {}
RESULT: {}
COMMAND: POST /session/e537112f6f31df0d8590d52383dd5938/element - {"using":"xpath","value":"//span[contains(text(), \"300003\")]"}
RESULT: {"using":"xpath","value":"//span[contains(text(), \"300003\")]"}
COMMAND: POST /session/e537112f6f31df0d8590d52383dd5938/element/f.3D8655DB7C018FB3B3311B2BCD0F0E61.d.2D9A9D290EC543ABBD0438A5A3CE7783.e.5121/click - {}
RESULT: {}
COMMAND: GET /session/e537112f6f31df0d8590d52383dd5938/screenshot - {}
RESULT: {}
COMMAND: POST /session/e537112f6f31df0d8590d52383dd5938/element - {"using":"xpath","value":"//bdi[contains(text(), \"OK\")]"}
RESULT: {"using":"xpath","value":"//bdi[contains(text(), \"OK\")]"}
COMMAND: POST /session/e537112f6f31df0d8590d52383dd5938/element/f.3D8655DB7C018FB3B3311B2BCD0F0E61.d.2D9A9D290EC543ABBD0438A5A3CE7783.e.5123/click - {}
RESULT: {}
COMMAND: GET /session/e537112f6f31df0d8590d52383dd5938/screenshot - {}
RESULT: {}
COMMAND: POST /session/e537112f6f31df0d8590d52383dd5938/execute/async - {"script":"<script> [1562 bytes]","args":[{"selector":{"id":"application-managepartners-display-component---NewPartner--intercompVendorComboBox-application-managepartners-display-component---NewPartner--assignmentsTable-0-vhi"},"wdio_ui5_key":"applicationmanagepartners-display-component---NewPartner--intercompVendorComboBox-application-managepartners-display-component---NewPartner--assignmentsTable-0-vhi"}]}
RESULT: {"script":"<script> [1562 bytes]","args":[{"selector":{"id":"application-managepartners-display-component---NewPartner--intercompVendorComboBox-application-managepartners-display-component---NewPartner--assignmentsTable-0-vhi"},"wdio_ui5_key":"applicationmanagepartners-display-component---NewPartner--intercompVendorComboBox-application-managepartners-display-component---NewPartner--assignmentsTable-0-vhi"}]}
RESULT: undefined
COMMAND: POST /session/e537112f6f31df0d8590d52383dd5938/element - {"using":"xpath","value":"//*[@id=\"application-managepartners-display-component---NewPartner--intercompVendorComboBox-application-managepartners-display-component---NewPartner--assignmentsTable-0-vhi\"]"}
RESULT: {"using":"xpath","value":"//*[@id=\"application-managepartners-display-component---NewPartner--intercompVendorComboBox-application-managepartners-display-component---NewPartner--assignmentsTable-0-vhi\"]"}
COMMAND: POST /session/e537112f6f31df0d8590d52383dd5938/element/f.3D8655DB7C018FB3B3311B2BCD0F0E61.d.2D9A9D290EC543ABBD0438A5A3CE7783.e.5127/click - {}
RESULT: {}
RESULT: undefined
COMMAND: POST /session/e537112f6f31df0d8590d52383dd5938/execute/async - {"script":"<script> [776 bytes]","args":[{"enterText":"100005","selector":{"controlType":"sap.m.SearchField","properties":{"placeholder":"Search"},"searchOpenDialogs":true,"interaction":{"idSuffix":"I"}},"clearTextFirst":true,"interactionType":"ENTER_TEXT"}]}
COMMAND: GET /session/e537112f6f31df0d8590d52383dd5938/screenshot - {}
RESULT: {"script":"<script> [776 bytes]","args":[{"enterText":"100005","selector":{"controlType":"sap.m.SearchField","properties":{"placeholder":"Search"},"searchOpenDialogs":true,"interaction":{"idSuffix":"I"}},"clearTextFirst":true,"interactionType":"ENTER_TEXT"}]}
COMMAND: POST /session/e537112f6f31df0d8590d52383dd5938/actions - {"actions":[{"id":"action15","type":"key","parameters":{},"actions":[{"type":"keyDown","value":""},{"type":"pause","duration":10},{"type":"keyUp","value":""}]}]}
RESULT: {}
RESULT: {"actions":[{"id":"action15","type":"key","parameters":{},"actions":[{"type":"keyDown","value":""},{"type":"pause","duration":10},{"type":"keyUp","value":""}]}]}
COMMAND: GET /session/e537112f6f31df0d8590d52383dd5938/screenshot - {}
RESULT: {}
COMMAND: POST /session/e537112f6f31df0d8590d52383dd5938/element - {"using":"xpath","value":"//span[contains(text(), \"Penguins - Field/12345 Berlin\")]"}
RESULT: {"using":"xpath","value":"//span[contains(text(), \"Penguins - Field/12345 Berlin\")]"}
COMMAND: POST /session/e537112f6f31df0d8590d52383dd5938/element/f.3D8655DB7C018FB3B3311B2BCD0F0E61.d.2D9A9D290EC543ABBD0438A5A3CE7783.e.5146/click - {}
RESULT: {}
COMMAND: GET /session/e537112f6f31df0d8590d52383dd5938/screenshot - {}
RESULT: {}
COMMAND: POST /session/e537112f6f31df0d8590d52383dd5938/element - {"using":"xpath","value":"//bdi[contains(text(), \"OK\")]"}
RESULT: {"using":"xpath","value":"//bdi[contains(text(), \"OK\")]"}
COMMAND: POST /session/e537112f6f31df0d8590d52383dd5938/element/f.3D8655DB7C018FB3B3311B2BCD0F0E61.d.2D9A9D290EC543ABBD0438A5A3CE7783.e.5147/click - {}
RESULT: {}
COMMAND: GET /session/e537112f6f31df0d8590d52383dd5938/screenshot - {}
RESULT: {}
COMMAND: POST /session/e537112f6f31df0d8590d52383dd5938/element - {"using":"xpath","value":"//button[@data-kt=\"saveButton\"]"}
RESULT: {"using":"xpath","value":"//button[@data-kt=\"saveButton\"]"}
COMMAND: POST /session/e537112f6f31df0d8590d52383dd5938/element/f.3D8655DB7C018FB3B3311B2BCD0F0E61.d.2D9A9D290EC543ABBD0438A5A3CE7783.e.4996/click - {}
RESULT: {}
COMMAND: GET /session/e537112f6f31df0d8590d52383dd5938/screenshot - {}
RESULT: {}
COMMAND: POST /session/e537112f6f31df0d8590d52383dd5938/element - {"using":"xpath","value":"//header[contains(@id, 'ObjectPageLayout-headerTitle')]/div[1]/div[2]/div[2]/span[1]"}
RESULT: {"using":"xpath","value":"//header[contains(@id, 'ObjectPageLayout-headerTitle')]/div[1]/div[2]/div[2]/span[1]"}
COMMAND: POST /session/e537112f6f31df0d8590d52383dd5938/elements - {"using":"xpath","value":"//header[contains(@id, 'ObjectPageLayout-headerTitle')]/div[1]/div[2]/div[2]/span[1]"}
RESULT: {"using":"xpath","value":"//header[contains(@id, 'ObjectPageLayout-headerTitle')]/div[1]/div[2]/div[2]/span[1]"}
COMMAND: POST /session/e537112f6f31df0d8590d52383dd5938/execute/sync - {"script":"<script> [56 bytes]","args":[{"element-6066-11e4-a52e-4f735466cecf":"f.3D8655DB7C018FB3B3311B2BCD0F0E61.d.2D9A9D290EC543ABBD0438A5A3CE7783.e.5311","ELEMENT":"f.3D8655DB7C018FB3B3311B2BCD0F0E61.d.2D9A9D290EC543ABBD0438A5A3CE7783.e.5311"}]}
RESULT: {"script":"<script> [56 bytes]","args":[{"element-6066-11e4-a52e-4f735466cecf":"f.3D8655DB7C018FB3B3311B2BCD0F0E61.d.2D9A9D290EC543ABBD0438A5A3CE7783.e.5311","ELEMENT":"f.3D8655DB7C018FB3B3311B2BCD0F0E61.d.2D9A9D290EC543ABBD0438A5A3CE7783.e.5311"}]}
COMMAND: POST /session/e537112f6f31df0d8590d52383dd5938/element - {"using":"css selector","value":"#shell-header-logo"}
COMMAND: GET /session/e537112f6f31df0d8590d52383dd5938/screenshot - {}
RESULT: {"using":"css selector","value":"#shell-header-logo"}
COMMAND: POST /session/e537112f6f31df0d8590d52383dd5938/element/f.3D8655DB7C018FB3B3311B2BCD0F0E61.d.2D9A9D290EC543ABBD0438A5A3CE7783.e.4521/click - {}
RESULT: {}
RESULT: {}
COMMAND: GET /session/e537112f6f31df0d8590d52383dd5938/screenshot - {}
RESULT: {}
COMMAND: POST /session/e537112f6f31df0d8590d52383dd5938/execute/sync - {"script":"<script> [299 bytes]","args":[["getModel","getResource"]]}
RESULT: {"script":"<script> [299 bytes]","args":[["getModel","getResource"]]}
RESULT: undefined
COMMAND: POST /session/e537112f6f31df0d8590d52383dd5938/element - {"using":"xpath","value":"//*[@id=\"__tile30\"]"}
COMMAND: GET /session/e537112f6f31df0d8590d52383dd5938/screenshot - {}
RESULT: {"using":"xpath","value":"//*[@id=\"__tile30\"]"}
COMMAND: POST /session/e537112f6f31df0d8590d52383dd5938/element/f.3D8655DB7C018FB3B3311B2BCD0F0E61.d.2D9A9D290EC543ABBD0438A5A3CE7783.e.4441/click - {}
RESULT: {}
RESULT: {}
COMMAND: GET /session/e537112f6f31df0d8590d52383dd5938/screenshot - {}
RESULT: {}
COMMAND: POST /session/e537112f6f31df0d8590d52383dd5938/elements - {"using":"xpath","value":"//span[text()='Error']"}
RESULT: {"using":"xpath","value":"//span[text()='Error']"}
COMMAND: POST /session/e537112f6f31df0d8590d52383dd5938/element - {"using":"xpath","value":"//button[@data-kt=\"addButton\"]"}
RESULT: {"using":"xpath","value":"//button[@data-kt=\"addButton\"]"}
COMMAND: POST /session/e537112f6f31df0d8590d52383dd5938/elements - {"using":"xpath","value":"//button[@data-kt=\"addButton\"]"}
RESULT: {"using":"xpath","value":"//button[@data-kt=\"addButton\"]"}
COMMAND: POST /session/e537112f6f31df0d8590d52383dd5938/execute/sync - {"script":"<script> [8489 bytes]","args":[{"element-6066-11e4-a52e-4f735466cecf":"f.3D8655DB7C018FB3B3311B2BCD0F0E61.d.2D9A9D290EC543ABBD0438A5A3CE7783.e.5359","ELEMENT":"f.3D8655DB7C018FB3B3311B2BCD0F0E61.d.2D9A9D290EC543ABBD0438A5A3CE7783.e.5359"}]}
RESULT: {"script":"<script> [8489 bytes]","args":[{"element-6066-11e4-a52e-4f735466cecf":"f.3D8655DB7C018FB3B3311B2BCD0F0E61.d.2D9A9D290EC543ABBD0438A5A3CE7783.e.5359","ELEMENT":"f.3D8655DB7C018FB3B3311B2BCD0F0E61.d.2D9A9D290EC543ABBD0438A5A3CE7783.e.5359"}]}
COMMAND: GET /session/e537112f6f31df0d8590d52383dd5938/element/f.3D8655DB7C018FB3B3311B2BCD0F0E61.d.2D9A9D290EC543ABBD0438A5A3CE7783.e.5359/enabled - {}
COMMAND: GET /session/e537112f6f31df0d8590d52383dd5938/screenshot - {}
RESULT: {}
COMMAND: POST /session/e537112f6f31df0d8590d52383dd5938/execute/sync - {"script":"<script> [8489 bytes]","args":[{"element-6066-11e4-a52e-4f735466cecf":"f.3D8655DB7C018FB3B3311B2BCD0F0E61.d.2D9A9D290EC543ABBD0438A5A3CE7783.e.5359","ELEMENT":"f.3D8655DB7C018FB3B3311B2BCD0F0E61.d.2D9A9D290EC543ABBD0438A5A3CE7783.e.5359"}]}
COMMAND: GET /session/e537112f6f31df0d8590d52383dd5938/screenshot - {}
RESULT: {}
RESULT: {"script":"<script> [8489 bytes]","args":[{"element-6066-11e4-a52e-4f735466cecf":"f.3D8655DB7C018FB3B3311B2BCD0F0E61.d.2D9A9D290EC543ABBD0438A5A3CE7783.e.5359","ELEMENT":"f.3D8655DB7C018FB3B3311B2BCD0F0E61.d.2D9A9D290EC543ABBD0438A5A3CE7783.e.5359"}]}
COMMAND: POST /session/e537112f6f31df0d8590d52383dd5938/execute/sync - {"script":"<script> [5351 bytes]","args":[{"element-6066-11e4-a52e-4f735466cecf":"f.3D8655DB7C018FB3B3311B2BCD0F0E61.d.2D9A9D290EC543ABBD0438A5A3CE7783.e.5359","ELEMENT":"f.3D8655DB7C018FB3B3311B2BCD0F0E61.d.2D9A9D290EC543ABBD0438A5A3CE7783.e.5359"}]}
COMMAND: GET /session/e537112f6f31df0d8590d52383dd5938/screenshot - {}
RESULT: {}
RESULT: {"script":"<script> [5351 bytes]","args":[{"element-6066-11e4-a52e-4f735466cecf":"f.3D8655DB7C018FB3B3311B2BCD0F0E61.d.2D9A9D290EC543ABBD0438A5A3CE7783.e.5359","ELEMENT":"f.3D8655DB7C018FB3B3311B2BCD0F0E61.d.2D9A9D290EC543ABBD0438A5A3CE7783.e.5359"}]}
COMMAND: GET /session/e537112f6f31df0d8590d52383dd5938/screenshot - {}
RESULT: {}
RESULT: {}
COMMAND: POST /session/e537112f6f31df0d8590d52383dd5938/execute/async - {"script":"<script> [1562 bytes]","args":[{"selector":{"id":"application-managepartners-display-component---masterPtm--smartFilterBar-btnBasicSearch","interaction":{"idSuffix":"I"}},"wdio_ui5_key":"applicationmanagepartners-display-component---masterPtm--smartFilterBar-btnBasicSearch"}]}
RESULT: {"script":"<script> [1562 bytes]","args":[{"selector":{"id":"application-managepartners-display-component---masterPtm--smartFilterBar-btnBasicSearch","interaction":{"idSuffix":"I"}},"wdio_ui5_key":"applicationmanagepartners-display-component---masterPtm--smartFilterBar-btnBasicSearch"}]}
RESULT: undefined
COMMAND: POST /session/e537112f6f31df0d8590d52383dd5938/execute/async - {"script":"<script> [776 bytes]","args":[{"enterText":"1247","selector":{"id":"application-managepartners-display-component---masterPtm--smartFilterBar-btnBasicSearch","interaction":{"idSuffix":"I"}},"clearTextFirst":true,"interactionType":"ENTER_TEXT"}]}
RESULT: {"script":"<script> [776 bytes]","args":[{"enterText":"1247","selector":{"id":"application-managepartners-display-component---masterPtm--smartFilterBar-btnBasicSearch","interaction":{"idSuffix":"I"}},"clearTextFirst":true,"interactionType":"ENTER_TEXT"}]}
COMMAND: POST /session/e537112f6f31df0d8590d52383dd5938/actions - {"actions":[{"id":"action16","type":"key","parameters":{},"actions":[{"type":"keyDown","value":""},{"type":"pause","duration":10},{"type":"keyUp","value":""}]}]}
RESULT: {"actions":[{"id":"action16","type":"key","parameters":{},"actions":[{"type":"keyDown","value":""},{"type":"pause","duration":10},{"type":"keyUp","value":""}]}]}
COMMAND: GET /session/e537112f6f31df0d8590d52383dd5938/screenshot - {}
RESULT: {}
COMMAND: POST /session/e537112f6f31df0d8590d52383dd5938/elements - {"using":"xpath","value":"//table[contains(@id, \"customPartnersTable-listUl\")]/tbody/tr"}
RESULT: {"using":"xpath","value":"//table[contains(@id, \"customPartnersTable-listUl\")]/tbody/tr"}
COMMAND: POST /session/e537112f6f31df0d8590d52383dd5938/element - {"using":"xpath","value":"//table[contains(@id, \"customPartnersTable-listUl\")]/tbody/tr[1]/td[3]/span"}
RESULT: {"using":"xpath","value":"//table[contains(@id, \"customPartnersTable-listUl\")]/tbody/tr[1]/td[3]/span"}
COMMAND: POST /session/e537112f6f31df0d8590d52383dd5938/elements - {"using":"xpath","value":"//table[contains(@id, \"customPartnersTable-listUl\")]/tbody/tr[1]/td[3]/span"}
RESULT: {"using":"xpath","value":"//table[contains(@id, \"customPartnersTable-listUl\")]/tbody/tr[1]/td[3]/span"}
COMMAND: POST /session/e537112f6f31df0d8590d52383dd5938/execute/sync - {"script":"<script> [56 bytes]","args":[{"element-6066-11e4-a52e-4f735466cecf":"f.3D8655DB7C018FB3B3311B2BCD0F0E61.d.2D9A9D290EC543ABBD0438A5A3CE7783.e.5494","ELEMENT":"f.3D8655DB7C018FB3B3311B2BCD0F0E61.d.2D9A9D290EC543ABBD0438A5A3CE7783.e.5494"}]}
RESULT: {"script":"<script> [56 bytes]","args":[{"element-6066-11e4-a52e-4f735466cecf":"f.3D8655DB7C018FB3B3311B2BCD0F0E61.d.2D9A9D290EC543ABBD0438A5A3CE7783.e.5494","ELEMENT":"f.3D8655DB7C018FB3B3311B2BCD0F0E61.d.2D9A9D290EC543ABBD0438A5A3CE7783.e.5494"}]}
COMMAND: POST /session/e537112f6f31df0d8590d52383dd5938/element - {"using":"xpath","value":"(//span[contains(@id, \"imgNav\")])[1]"}
COMMAND: GET /session/e537112f6f31df0d8590d52383dd5938/screenshot - {}
RESULT: {"using":"xpath","value":"(//span[contains(@id, \"imgNav\")])[1]"}
COMMAND: POST /session/e537112f6f31df0d8590d52383dd5938/element/f.3D8655DB7C018FB3B3311B2BCD0F0E61.d.2D9A9D290EC543ABBD0438A5A3CE7783.e.5492/click - {}
RESULT: {}
RESULT: {}
COMMAND: GET /session/e537112f6f31df0d8590d52383dd5938/screenshot - {}
RESULT: {}
COMMAND: POST /session/e537112f6f31df0d8590d52383dd5938/element - {"using":"xpath","value":"//bdi[contains(text(), \"Edit\")]"}
RESULT: {"using":"xpath","value":"//bdi[contains(text(), \"Edit\")]"}
COMMAND: POST /session/e537112f6f31df0d8590d52383dd5938/element/f.3D8655DB7C018FB3B3311B2BCD0F0E61.d.2D9A9D290EC543ABBD0438A5A3CE7783.e.5639/click - {}
RESULT: {}
COMMAND: GET /session/e537112f6f31df0d8590d52383dd5938/screenshot - {}
RESULT: {}
COMMAND: POST /session/e537112f6f31df0d8590d52383dd5938/execute/async - {"script":"<script> [1562 bytes]","args":[{"selector":{"controlType":"sap.m.Input","viewName":"etm.portal.ui.managepartners.view.EditDetail","labelFor":{"text":"Name"},"interaction":{"idSuffix":"inner"}},"wdio_ui5_key":"etmportal.ui.managepartners.view.EditDetailsap.m.Input{\"text\":\"Name\"}"}]}
RESULT: {"script":"<script> [1562 bytes]","args":[{"selector":{"controlType":"sap.m.Input","viewName":"etm.portal.ui.managepartners.view.EditDetail","labelFor":{"text":"Name"},"interaction":{"idSuffix":"inner"}},"wdio_ui5_key":"etmportal.ui.managepartners.view.EditDetailsap.m.Input{\"text\":\"Name\"}"}]}
RESULT: undefined
COMMAND: POST /session/e537112f6f31df0d8590d52383dd5938/execute/async - {"script":"<script> [776 bytes]","args":[{"enterText":"Intracompany EDIT","selector":{"controlType":"sap.m.Input","viewName":"etm.portal.ui.managepartners.view.EditDetail","labelFor":{"text":"Name"},"interaction":{"idSuffix":"inner"}},"clearTextFirst":true,"interactionType":"ENTER_TEXT"}]}
RESULT: {"script":"<script> [776 bytes]","args":[{"enterText":"Intracompany EDIT","selector":{"controlType":"sap.m.Input","viewName":"etm.portal.ui.managepartners.view.EditDetail","labelFor":{"text":"Name"},"interaction":{"idSuffix":"inner"}},"clearTextFirst":true,"interactionType":"ENTER_TEXT"}]}
COMMAND: POST /session/e537112f6f31df0d8590d52383dd5938/element - {"using":"xpath","value":"(//span[contains(@id,\"addressDetailDetailsLanguage-arrow\")])[1]"}
RESULT: {"using":"xpath","value":"(//span[contains(@id,\"addressDetailDetailsLanguage-arrow\")])[1]"}
COMMAND: POST /session/e537112f6f31df0d8590d52383dd5938/element/f.3D8655DB7C018FB3B3311B2BCD0F0E61.d.2D9A9D290EC543ABBD0438A5A3CE7783.e.5724/click - {}
RESULT: {}
COMMAND: POST /session/e537112f6f31df0d8590d52383dd5938/element - {"using":"xpath","value":"//span[contains(text(), \"Chinese\")]"}
COMMAND: GET /session/e537112f6f31df0d8590d52383dd5938/screenshot - {}
RESULT: {"using":"xpath","value":"//span[contains(text(), \"Chinese\")]"}
COMMAND: POST /session/e537112f6f31df0d8590d52383dd5938/element/f.3D8655DB7C018FB3B3311B2BCD0F0E61.d.2D9A9D290EC543ABBD0438A5A3CE7783.e.5725/click - {}
RESULT: {}
RESULT: {}
COMMAND: GET /session/e537112f6f31df0d8590d52383dd5938/screenshot - {}
RESULT: {}
COMMAND: POST /session/e537112f6f31df0d8590d52383dd5938/execute/async - {"script":"<script> [1562 bytes]","args":[{"selector":{"controlType":"sap.m.Input","viewName":"etm.portal.ui.managepartners.view.EditDetail","labelFor":{"text":"City"},"interaction":{"idSuffix":"inner"}},"wdio_ui5_key":"etmportal.ui.managepartners.view.EditDetailsap.m.Input{\"text\":\"City\"}"}]}
RESULT: {"script":"<script> [1562 bytes]","args":[{"selector":{"controlType":"sap.m.Input","viewName":"etm.portal.ui.managepartners.view.EditDetail","labelFor":{"text":"City"},"interaction":{"idSuffix":"inner"}},"wdio_ui5_key":"etmportal.ui.managepartners.view.EditDetailsap.m.Input{\"text\":\"City\"}"}]}
RESULT: undefined
COMMAND: POST /session/e537112f6f31df0d8590d52383dd5938/execute/async - {"script":"<script> [776 bytes]","args":[{"enterText":"Clooj-Napoca","selector":{"controlType":"sap.m.Input","viewName":"etm.portal.ui.managepartners.view.EditDetail","labelFor":{"text":"City"},"interaction":{"idSuffix":"inner"}},"clearTextFirst":true,"interactionType":"ENTER_TEXT"}]}
RESULT: {"script":"<script> [776 bytes]","args":[{"enterText":"Clooj-Napoca","selector":{"controlType":"sap.m.Input","viewName":"etm.portal.ui.managepartners.view.EditDetail","labelFor":{"text":"City"},"interaction":{"idSuffix":"inner"}},"clearTextFirst":true,"interactionType":"ENTER_TEXT"}]}
COMMAND: POST /session/e537112f6f31df0d8590d52383dd5938/element - {"using":"xpath","value":"//button[@data-kt=\"saveButton\"]"}
RESULT: {"using":"xpath","value":"//button[@data-kt=\"saveButton\"]"}
COMMAND: POST /session/e537112f6f31df0d8590d52383dd5938/element/f.3D8655DB7C018FB3B3311B2BCD0F0E61.d.2D9A9D290EC543ABBD0438A5A3CE7783.e.5701/click - {}
RESULT: {}
COMMAND: GET /session/e537112f6f31df0d8590d52383dd5938/screenshot - {}
RESULT: {}
COMMAND: POST /session/e537112f6f31df0d8590d52383dd5938/execute/async - {"script":"<script> [1562 bytes]","args":[{"selector":{"id":"application-managepartners-display-component---detailPtm--addressDetailDetailsName1"},"wdio_ui5_key":"applicationmanagepartners-display-component---detailPtm--addressDetailDetailsName1"}]}
RESULT: {"script":"<script> [1562 bytes]","args":[{"selector":{"id":"application-managepartners-display-component---detailPtm--addressDetailDetailsName1"},"wdio_ui5_key":"applicationmanagepartners-display-component---detailPtm--addressDetailDetailsName1"}]}
RESULT: undefined
COMMAND: POST /session/e537112f6f31df0d8590d52383dd5938/execute/async - {"script":"<script> [6424 bytes]","args":[{"element-6066-11e4-a52e-4f735466cecf":"f.3D8655DB7C018FB3B3311B2BCD0F0E61.d.2D9A9D290EC543ABBD0438A5A3CE7783.e.5756"},"getValue",[]]}
RESULT: {"script":"<script> [6424 bytes]","args":[{"element-6066-11e4-a52e-4f735466cecf":"f.3D8655DB7C018FB3B3311B2BCD0F0E61.d.2D9A9D290EC543ABBD0438A5A3CE7783.e.5756"},"getValue",[]]}
COMMAND: POST /session/e537112f6f31df0d8590d52383dd5938/element - {"using":"xpath","value":"//input[@id = \"application-managepartners-display-component---detailPtm--addressDetailDetailsLanguage-inner\"]"}
RESULT: {"using":"xpath","value":"//input[@id = \"application-managepartners-display-component---detailPtm--addressDetailDetailsLanguage-inner\"]"}
COMMAND: GET /session/e537112f6f31df0d8590d52383dd5938/element/f.3D8655DB7C018FB3B3311B2BCD0F0E61.d.2D9A9D290EC543ABBD0438A5A3CE7783.e.5757/property/value - {}
RESULT: {}
COMMAND: POST /session/e537112f6f31df0d8590d52383dd5938/execute/async - {"script":"<script> [1562 bytes]","args":[{"selector":{"id":"application-managepartners-display-component---detailPtm--addressDetailDetailsCity1"},"wdio_ui5_key":"applicationmanagepartners-display-component---detailPtm--addressDetailDetailsCity1"}]}
COMMAND: GET /session/e537112f6f31df0d8590d52383dd5938/screenshot - {}
RESULT: {"script":"<script> [1562 bytes]","args":[{"selector":{"id":"application-managepartners-display-component---detailPtm--addressDetailDetailsCity1"},"wdio_ui5_key":"applicationmanagepartners-display-component---detailPtm--addressDetailDetailsCity1"}]}
RESULT: undefined
COMMAND: POST /session/e537112f6f31df0d8590d52383dd5938/execute/async - {"script":"<script> [6424 bytes]","args":[{"element-6066-11e4-a52e-4f735466cecf":"f.3D8655DB7C018FB3B3311B2BCD0F0E61.d.2D9A9D290EC543ABBD0438A5A3CE7783.e.5758"},"getValue",[]]}
RESULT: {}
RESULT: {"script":"<script> [6424 bytes]","args":[{"element-6066-11e4-a52e-4f735466cecf":"f.3D8655DB7C018FB3B3311B2BCD0F0E61.d.2D9A9D290EC543ABBD0438A5A3CE7783.e.5758"},"getValue",[]]}
COMMAND: POST /session/e537112f6f31df0d8590d52383dd5938/element - {"using":"css selector","value":"#shell-header-logo"}
RESULT: {"using":"css selector","value":"#shell-header-logo"}
COMMAND: POST /session/e537112f6f31df0d8590d52383dd5938/element/f.3D8655DB7C018FB3B3311B2BCD0F0E61.d.2D9A9D290EC543ABBD0438A5A3CE7783.e.5314/click - {}
RESULT: {}
COMMAND: GET /session/e537112f6f31df0d8590d52383dd5938/screenshot - {}
RESULT: {}
]]></system-out>
    </testcase>
    <testcase classname="chrome.136_0_7103_93.windows.Partner_specific_tests_US150819_US151080_US151654_US151176_US103444_US151078_US151079_US151109_US151174_US151175_US151189" name="Should do filtering and navigation tests US151109" time="171.975">
      <system-out><![CDATA[
COMMAND: POST /session/e537112f6f31df0d8590d52383dd5938/element - {"using":"xpath","value":"//li[.//span[text()=\"Manage Partners\"]]"}
RESULT: {"using":"xpath","value":"//li[.//span[text()=\"Manage Partners\"]]"}
COMMAND: POST /session/e537112f6f31df0d8590d52383dd5938/element - {"using":"xpath","value":"//li[.//span[text()=\"Manage Partners\"]]"}
RESULT: {"using":"xpath","value":"//li[.//span[text()=\"Manage Partners\"]]"}
COMMAND: POST /session/e537112f6f31df0d8590d52383dd5938/element - {"using":"css selector","value":"#shell-header-logo"}
RESULT: {"using":"css selector","value":"#shell-header-logo"}
COMMAND: POST /session/e537112f6f31df0d8590d52383dd5938/element/f.3D8655DB7C018FB3B3311B2BCD0F0E61.d.2D9A9D290EC543ABBD0438A5A3CE7783.e.5788/click - {}
COMMAND: POST /session/e537112f6f31df0d8590d52383dd5938/execute/sync - {"script":"<script> [8489 bytes]","args":[{"element-6066-11e4-a52e-4f735466cecf":"f.3D8655DB7C018FB3B3311B2BCD0F0E61.d.2D9A9D290EC543ABBD0438A5A3CE7783.e.5788","ELEMENT":"f.3D8655DB7C018FB3B3311B2BCD0F0E61.d.2D9A9D290EC543ABBD0438A5A3CE7783.e.5788"}]}
RESULT: {"script":"<script> [8489 bytes]","args":[{"element-6066-11e4-a52e-4f735466cecf":"f.3D8655DB7C018FB3B3311B2BCD0F0E61.d.2D9A9D290EC543ABBD0438A5A3CE7783.e.5788","ELEMENT":"f.3D8655DB7C018FB3B3311B2BCD0F0E61.d.2D9A9D290EC543ABBD0438A5A3CE7783.e.5788"}]}
COMMAND: POST /session/e537112f6f31df0d8590d52383dd5938/execute/sync - {"script":"<script> [5351 bytes]","args":[{"element-6066-11e4-a52e-4f735466cecf":"f.3D8655DB7C018FB3B3311B2BCD0F0E61.d.2D9A9D290EC543ABBD0438A5A3CE7783.e.5788","ELEMENT":"f.3D8655DB7C018FB3B3311B2BCD0F0E61.d.2D9A9D290EC543ABBD0438A5A3CE7783.e.5788"}]}
COMMAND: GET /session/e537112f6f31df0d8590d52383dd5938/screenshot - {}
RESULT: {}
COMMAND: GET /session/e537112f6f31df0d8590d52383dd5938/screenshot - {}
RESULT: {"script":"<script> [5351 bytes]","args":[{"element-6066-11e4-a52e-4f735466cecf":"f.3D8655DB7C018FB3B3311B2BCD0F0E61.d.2D9A9D290EC543ABBD0438A5A3CE7783.e.5788","ELEMENT":"f.3D8655DB7C018FB3B3311B2BCD0F0E61.d.2D9A9D290EC543ABBD0438A5A3CE7783.e.5788"}]}
COMMAND: GET /session/e537112f6f31df0d8590d52383dd5938/screenshot - {}
RESULT: {}
RESULT: {}
RESULT: {}
RESULT: undefined
COMMAND: POST /session/e537112f6f31df0d8590d52383dd5938/element - {"using":"xpath","value":"//*[@id=\"__tile30\"]"}
RESULT: {"using":"xpath","value":"//*[@id=\"__tile30\"]"}
COMMAND: POST /session/e537112f6f31df0d8590d52383dd5938/element/f.3D8655DB7C018FB3B3311B2BCD0F0E61.d.2D9A9D290EC543ABBD0438A5A3CE7783.e.4441/click - {}
RESULT: {}
COMMAND: GET /session/e537112f6f31df0d8590d52383dd5938/screenshot - {}
RESULT: {}
COMMAND: POST /session/e537112f6f31df0d8590d52383dd5938/elements - {"using":"xpath","value":"//span[text()='Error']"}
RESULT: {"using":"xpath","value":"//span[text()='Error']"}
COMMAND: POST /session/e537112f6f31df0d8590d52383dd5938/element - {"using":"xpath","value":"//button[@data-kt=\"addButton\"]"}
RESULT: {"using":"xpath","value":"//button[@data-kt=\"addButton\"]"}
COMMAND: POST /session/e537112f6f31df0d8590d52383dd5938/elements - {"using":"xpath","value":"//button[@data-kt=\"addButton\"]"}
RESULT: {"using":"xpath","value":"//button[@data-kt=\"addButton\"]"}
COMMAND: POST /session/e537112f6f31df0d8590d52383dd5938/execute/sync - {"script":"<script> [8489 bytes]","args":[{"element-6066-11e4-a52e-4f735466cecf":"f.3D8655DB7C018FB3B3311B2BCD0F0E61.d.2D9A9D290EC543ABBD0438A5A3CE7783.e.5932","ELEMENT":"f.3D8655DB7C018FB3B3311B2BCD0F0E61.d.2D9A9D290EC543ABBD0438A5A3CE7783.e.5932"}]}
RESULT: {"script":"<script> [8489 bytes]","args":[{"element-6066-11e4-a52e-4f735466cecf":"f.3D8655DB7C018FB3B3311B2BCD0F0E61.d.2D9A9D290EC543ABBD0438A5A3CE7783.e.5932","ELEMENT":"f.3D8655DB7C018FB3B3311B2BCD0F0E61.d.2D9A9D290EC543ABBD0438A5A3CE7783.e.5932"}]}
COMMAND: GET /session/e537112f6f31df0d8590d52383dd5938/element/f.3D8655DB7C018FB3B3311B2BCD0F0E61.d.2D9A9D290EC543ABBD0438A5A3CE7783.e.5932/enabled - {}
COMMAND: GET /session/e537112f6f31df0d8590d52383dd5938/screenshot - {}
RESULT: {}
COMMAND: POST /session/e537112f6f31df0d8590d52383dd5938/execute/sync - {"script":"<script> [8489 bytes]","args":[{"element-6066-11e4-a52e-4f735466cecf":"f.3D8655DB7C018FB3B3311B2BCD0F0E61.d.2D9A9D290EC543ABBD0438A5A3CE7783.e.5932","ELEMENT":"f.3D8655DB7C018FB3B3311B2BCD0F0E61.d.2D9A9D290EC543ABBD0438A5A3CE7783.e.5932"}]}
COMMAND: GET /session/e537112f6f31df0d8590d52383dd5938/screenshot - {}
RESULT: {}
RESULT: {"script":"<script> [8489 bytes]","args":[{"element-6066-11e4-a52e-4f735466cecf":"f.3D8655DB7C018FB3B3311B2BCD0F0E61.d.2D9A9D290EC543ABBD0438A5A3CE7783.e.5932","ELEMENT":"f.3D8655DB7C018FB3B3311B2BCD0F0E61.d.2D9A9D290EC543ABBD0438A5A3CE7783.e.5932"}]}
COMMAND: POST /session/e537112f6f31df0d8590d52383dd5938/execute/sync - {"script":"<script> [5351 bytes]","args":[{"element-6066-11e4-a52e-4f735466cecf":"f.3D8655DB7C018FB3B3311B2BCD0F0E61.d.2D9A9D290EC543ABBD0438A5A3CE7783.e.5932","ELEMENT":"f.3D8655DB7C018FB3B3311B2BCD0F0E61.d.2D9A9D290EC543ABBD0438A5A3CE7783.e.5932"}]}
COMMAND: GET /session/e537112f6f31df0d8590d52383dd5938/screenshot - {}
RESULT: {}
RESULT: {"script":"<script> [5351 bytes]","args":[{"element-6066-11e4-a52e-4f735466cecf":"f.3D8655DB7C018FB3B3311B2BCD0F0E61.d.2D9A9D290EC543ABBD0438A5A3CE7783.e.5932","ELEMENT":"f.3D8655DB7C018FB3B3311B2BCD0F0E61.d.2D9A9D290EC543ABBD0438A5A3CE7783.e.5932"}]}
COMMAND: GET /session/e537112f6f31df0d8590d52383dd5938/screenshot - {}
RESULT: {}
RESULT: {}
COMMAND: POST /session/e537112f6f31df0d8590d52383dd5938/element - {"using":"xpath","value":"//span[@id=\"application-managepartners-display-component---masterPtm--smartTable-header-inner\"]"}
RESULT: {"using":"xpath","value":"//span[@id=\"application-managepartners-display-component---masterPtm--smartTable-header-inner\"]"}
COMMAND: POST /session/e537112f6f31df0d8590d52383dd5938/elements - {"using":"xpath","value":"//span[@id=\"application-managepartners-display-component---masterPtm--smartTable-header-inner\"]"}
RESULT: {"using":"xpath","value":"//span[@id=\"application-managepartners-display-component---masterPtm--smartTable-header-inner\"]"}
COMMAND: POST /session/e537112f6f31df0d8590d52383dd5938/execute/sync - {"script":"<script> [56 bytes]","args":[{"element-6066-11e4-a52e-4f735466cecf":"f.3D8655DB7C018FB3B3311B2BCD0F0E61.d.2D9A9D290EC543ABBD0438A5A3CE7783.e.5962","ELEMENT":"f.3D8655DB7C018FB3B3311B2BCD0F0E61.d.2D9A9D290EC543ABBD0438A5A3CE7783.e.5962"}]}
RESULT: {"script":"<script> [56 bytes]","args":[{"element-6066-11e4-a52e-4f735466cecf":"f.3D8655DB7C018FB3B3311B2BCD0F0E61.d.2D9A9D290EC543ABBD0438A5A3CE7783.e.5962","ELEMENT":"f.3D8655DB7C018FB3B3311B2BCD0F0E61.d.2D9A9D290EC543ABBD0438A5A3CE7783.e.5962"}]}
RESULT: undefined
COMMAND: POST /session/e537112f6f31df0d8590d52383dd5938/execute/async - {"script":"<script> [776 bytes]","args":[{"enterText":"External Partner WDIO","selector":{"id":"application-managepartners-display-component---masterPtm--smartFilterBar-btnBasicSearch","interaction":{"idSuffix":"I"}},"clearTextFirst":true,"interactionType":"ENTER_TEXT"}]}
COMMAND: GET /session/e537112f6f31df0d8590d52383dd5938/screenshot - {}
RESULT: {"script":"<script> [776 bytes]","args":[{"enterText":"External Partner WDIO","selector":{"id":"application-managepartners-display-component---masterPtm--smartFilterBar-btnBasicSearch","interaction":{"idSuffix":"I"}},"clearTextFirst":true,"interactionType":"ENTER_TEXT"}]}
RESULT: {}
COMMAND: POST /session/e537112f6f31df0d8590d52383dd5938/actions - {"actions":[{"id":"action17","type":"key","parameters":{},"actions":[{"type":"keyDown","value":""},{"type":"pause","duration":10},{"type":"keyUp","value":""}]}]}
RESULT: {"actions":[{"id":"action17","type":"key","parameters":{},"actions":[{"type":"keyDown","value":""},{"type":"pause","duration":10},{"type":"keyUp","value":""}]}]}
COMMAND: GET /session/e537112f6f31df0d8590d52383dd5938/screenshot - {}
RESULT: {}
COMMAND: POST /session/e537112f6f31df0d8590d52383dd5938/element - {"using":"xpath","value":"//span[@id=\"application-managepartners-display-component---masterPtm--smartTable-header-inner\"]"}
RESULT: {"using":"xpath","value":"//span[@id=\"application-managepartners-display-component---masterPtm--smartTable-header-inner\"]"}
COMMAND: POST /session/e537112f6f31df0d8590d52383dd5938/elements - {"using":"xpath","value":"//span[@id=\"application-managepartners-display-component---masterPtm--smartTable-header-inner\"]"}
RESULT: {"using":"xpath","value":"//span[@id=\"application-managepartners-display-component---masterPtm--smartTable-header-inner\"]"}
COMMAND: POST /session/e537112f6f31df0d8590d52383dd5938/execute/sync - {"script":"<script> [56 bytes]","args":[{"element-6066-11e4-a52e-4f735466cecf":"f.3D8655DB7C018FB3B3311B2BCD0F0E61.d.2D9A9D290EC543ABBD0438A5A3CE7783.e.5962","ELEMENT":"f.3D8655DB7C018FB3B3311B2BCD0F0E61.d.2D9A9D290EC543ABBD0438A5A3CE7783.e.5962"}]}
RESULT: {"script":"<script> [56 bytes]","args":[{"element-6066-11e4-a52e-4f735466cecf":"f.3D8655DB7C018FB3B3311B2BCD0F0E61.d.2D9A9D290EC543ABBD0438A5A3CE7783.e.5962","ELEMENT":"f.3D8655DB7C018FB3B3311B2BCD0F0E61.d.2D9A9D290EC543ABBD0438A5A3CE7783.e.5962"}]}
COMMAND: POST /session/e537112f6f31df0d8590d52383dd5938/element - {"using":"xpath","value":"//div[contains(@id, \"managepartners-display-component---masterPtm--smartFilterBar-btnBasicSearch-reset\")]"}
COMMAND: GET /session/e537112f6f31df0d8590d52383dd5938/screenshot - {}
RESULT: {"using":"xpath","value":"//div[contains(@id, \"managepartners-display-component---masterPtm--smartFilterBar-btnBasicSearch-reset\")]"}
COMMAND: POST /session/e537112f6f31df0d8590d52383dd5938/element/f.3D8655DB7C018FB3B3311B2BCD0F0E61.d.2D9A9D290EC543ABBD0438A5A3CE7783.e.6096/click - {}
RESULT: {}
RESULT: {}
COMMAND: GET /session/e537112f6f31df0d8590d52383dd5938/screenshot - {}
RESULT: {}
COMMAND: POST /session/e537112f6f31df0d8590d52383dd5938/execute/async - {"script":"<script> [1562 bytes]","args":[{"selector":{"id":"application-managepartners-display-component---masterPtm--smartFilterBar-filterItemControl_BASIC-MAIN_ADDRESS-vhi"},"wdio_ui5_key":"applicationmanagepartners-display-component---masterPtm--smartFilterBar-filterItemControl_BASIC-MAIN_ADDRESS-vhi"}]}
RESULT: {"script":"<script> [1562 bytes]","args":[{"selector":{"id":"application-managepartners-display-component---masterPtm--smartFilterBar-filterItemControl_BASIC-MAIN_ADDRESS-vhi"},"wdio_ui5_key":"applicationmanagepartners-display-component---masterPtm--smartFilterBar-filterItemControl_BASIC-MAIN_ADDRESS-vhi"}]}
RESULT: undefined
COMMAND: POST /session/e537112f6f31df0d8590d52383dd5938/element - {"using":"xpath","value":"//*[@id=\"application-managepartners-display-component---masterPtm--smartFilterBar-filterItemControl_BASIC-MAIN_ADDRESS-vhi\"]"}
RESULT: {"using":"xpath","value":"//*[@id=\"application-managepartners-display-component---masterPtm--smartFilterBar-filterItemControl_BASIC-MAIN_ADDRESS-vhi\"]"}
COMMAND: POST /session/e537112f6f31df0d8590d52383dd5938/element/f.3D8655DB7C018FB3B3311B2BCD0F0E61.d.2D9A9D290EC543ABBD0438A5A3CE7783.e.6176/click - {}
RESULT: {}
COMMAND: GET /session/e537112f6f31df0d8590d52383dd5938/screenshot - {}
RESULT: {}
COMMAND: POST /session/e537112f6f31df0d8590d52383dd5938/execute/async - {"script":"<script> [1562 bytes]","args":[{"selector":{"id":"application-managepartners-display-component---masterPtm--smartFilterBar-filterItemControl_BASIC-MAIN_ADDRESS-valueHelpDialog-smartFilterBar-btnBasicSearch","searchOpenDialogs":true,"interaction":{"idSuffix":"I"}},"wdio_ui5_key":"applicationmanagepartners-display-component---masterPtm--smartFilterBar-filterItemControl_BASIC-MAIN_ADDRESS-valueHelpDialog-smartFilterBar-btnBasicSearch"}]}
RESULT: {"script":"<script> [1562 bytes]","args":[{"selector":{"id":"application-managepartners-display-component---masterPtm--smartFilterBar-filterItemControl_BASIC-MAIN_ADDRESS-valueHelpDialog-smartFilterBar-btnBasicSearch","searchOpenDialogs":true,"interaction":{"idSuffix":"I"}},"wdio_ui5_key":"applicationmanagepartners-display-component---masterPtm--smartFilterBar-filterItemControl_BASIC-MAIN_ADDRESS-valueHelpDialog-smartFilterBar-btnBasicSearch"}]}
RESULT: undefined
COMMAND: POST /session/e537112f6f31df0d8590d52383dd5938/execute/async - {"script":"<script> [776 bytes]","args":[{"enterText":"Romania","selector":{"id":"application-managepartners-display-component---masterPtm--smartFilterBar-filterItemControl_BASIC-MAIN_ADDRESS-valueHelpDialog-smartFilterBar-btnBasicSearch","searchOpenDialogs":true,"interaction":{"idSuffix":"I"}},"clearTextFirst":true,"interactionType":"ENTER_TEXT"}]}
RESULT: {"script":"<script> [776 bytes]","args":[{"enterText":"Romania","selector":{"id":"application-managepartners-display-component---masterPtm--smartFilterBar-filterItemControl_BASIC-MAIN_ADDRESS-valueHelpDialog-smartFilterBar-btnBasicSearch","searchOpenDialogs":true,"interaction":{"idSuffix":"I"}},"clearTextFirst":true,"interactionType":"ENTER_TEXT"}]}
COMMAND: POST /session/e537112f6f31df0d8590d52383dd5938/actions - {"actions":[{"id":"action18","type":"key","parameters":{},"actions":[{"type":"keyDown","value":""},{"type":"pause","duration":10},{"type":"keyUp","value":""}]}]}
RESULT: {"actions":[{"id":"action18","type":"key","parameters":{},"actions":[{"type":"keyDown","value":""},{"type":"pause","duration":10},{"type":"keyUp","value":""}]}]}
COMMAND: POST /session/e537112f6f31df0d8590d52383dd5938/elements - {"using":"xpath","value":"//table[contains(@id, \"smartFilterBar-filterItemControl_BASIC-MAIN_ADDRESS-valueHelpDialog-table-table\")]/tbody/tr"}
COMMAND: GET /session/e537112f6f31df0d8590d52383dd5938/screenshot - {}
RESULT: {"using":"xpath","value":"//table[contains(@id, \"smartFilterBar-filterItemControl_BASIC-MAIN_ADDRESS-valueHelpDialog-table-table\")]/tbody/tr"}
COMMAND: POST /session/e537112f6f31df0d8590d52383dd5938/element - {"using":"xpath","value":"//table[contains(@id, \"smartFilterBar-filterItemControl_BASIC-MAIN_ADDRESS-valueHelpDialog-table-table\")]/tbody/tr[1]/td[1]/div/span"}
RESULT: {}
RESULT: {"using":"xpath","value":"//table[contains(@id, \"smartFilterBar-filterItemControl_BASIC-MAIN_ADDRESS-valueHelpDialog-table-table\")]/tbody/tr[1]/td[1]/div/span"}
COMMAND: POST /session/e537112f6f31df0d8590d52383dd5938/elements - {"using":"xpath","value":"//table[contains(@id, \"smartFilterBar-filterItemControl_BASIC-MAIN_ADDRESS-valueHelpDialog-table-table\")]/tbody/tr[1]/td[1]/div/span"}
RESULT: {"using":"xpath","value":"//table[contains(@id, \"smartFilterBar-filterItemControl_BASIC-MAIN_ADDRESS-valueHelpDialog-table-table\")]/tbody/tr[1]/td[1]/div/span"}
COMMAND: POST /session/e537112f6f31df0d8590d52383dd5938/execute/sync - {"script":"<script> [56 bytes]","args":[{"element-6066-11e4-a52e-4f735466cecf":"f.3D8655DB7C018FB3B3311B2BCD0F0E61.d.2D9A9D290EC543ABBD0438A5A3CE7783.e.6199","ELEMENT":"f.3D8655DB7C018FB3B3311B2BCD0F0E61.d.2D9A9D290EC543ABBD0438A5A3CE7783.e.6199"}]}
RESULT: {"script":"<script> [56 bytes]","args":[{"element-6066-11e4-a52e-4f735466cecf":"f.3D8655DB7C018FB3B3311B2BCD0F0E61.d.2D9A9D290EC543ABBD0438A5A3CE7783.e.6199","ELEMENT":"f.3D8655DB7C018FB3B3311B2BCD0F0E61.d.2D9A9D290EC543ABBD0438A5A3CE7783.e.6199"}]}
COMMAND: POST /session/e537112f6f31df0d8590d52383dd5938/element - {"using":"xpath","value":"//div[contains(@id, \"filterItemControl_BASIC-MAIN_ADDRESS-valueHelpDialog-table-rowsel0\")]"}
COMMAND: GET /session/e537112f6f31df0d8590d52383dd5938/screenshot - {}
RESULT: {"using":"xpath","value":"//div[contains(@id, \"filterItemControl_BASIC-MAIN_ADDRESS-valueHelpDialog-table-rowsel0\")]"}
COMMAND: POST /session/e537112f6f31df0d8590d52383dd5938/element/f.3D8655DB7C018FB3B3311B2BCD0F0E61.d.2D9A9D290EC543ABBD0438A5A3CE7783.e.6200/click - {}
RESULT: {}
RESULT: {}
COMMAND: GET /session/e537112f6f31df0d8590d52383dd5938/screenshot - {}
RESULT: {}
COMMAND: POST /session/e537112f6f31df0d8590d52383dd5938/element - {"using":"xpath","value":"(//bdi[contains(text(), \"OK\")])[1]"}
RESULT: {"using":"xpath","value":"(//bdi[contains(text(), \"OK\")])[1]"}
COMMAND: POST /session/e537112f6f31df0d8590d52383dd5938/element/f.3D8655DB7C018FB3B3311B2BCD0F0E61.d.2D9A9D290EC543ABBD0438A5A3CE7783.e.6202/click - {}
RESULT: {}
COMMAND: GET /session/e537112f6f31df0d8590d52383dd5938/screenshot - {}
RESULT: {}
COMMAND: POST /session/e537112f6f31df0d8590d52383dd5938/element - {"using":"xpath","value":"//span[@id=\"application-managepartners-display-component---masterPtm--smartTable-header-inner\"]"}
RESULT: {"using":"xpath","value":"//span[@id=\"application-managepartners-display-component---masterPtm--smartTable-header-inner\"]"}
COMMAND: POST /session/e537112f6f31df0d8590d52383dd5938/elements - {"using":"xpath","value":"//span[@id=\"application-managepartners-display-component---masterPtm--smartTable-header-inner\"]"}
RESULT: {"using":"xpath","value":"//span[@id=\"application-managepartners-display-component---masterPtm--smartTable-header-inner\"]"}
COMMAND: POST /session/e537112f6f31df0d8590d52383dd5938/execute/sync - {"script":"<script> [56 bytes]","args":[{"element-6066-11e4-a52e-4f735466cecf":"f.3D8655DB7C018FB3B3311B2BCD0F0E61.d.2D9A9D290EC543ABBD0438A5A3CE7783.e.5962","ELEMENT":"f.3D8655DB7C018FB3B3311B2BCD0F0E61.d.2D9A9D290EC543ABBD0438A5A3CE7783.e.5962"}]}
RESULT: {"script":"<script> [56 bytes]","args":[{"element-6066-11e4-a52e-4f735466cecf":"f.3D8655DB7C018FB3B3311B2BCD0F0E61.d.2D9A9D290EC543ABBD0438A5A3CE7783.e.5962","ELEMENT":"f.3D8655DB7C018FB3B3311B2BCD0F0E61.d.2D9A9D290EC543ABBD0438A5A3CE7783.e.5962"}]}
COMMAND: POST /session/e537112f6f31df0d8590d52383dd5938/element - {"using":"xpath","value":"//span[contains(@title, \"Remove\")]"}
COMMAND: GET /session/e537112f6f31df0d8590d52383dd5938/screenshot - {}
RESULT: {"using":"xpath","value":"//span[contains(@title, \"Remove\")]"}
COMMAND: POST /session/e537112f6f31df0d8590d52383dd5938/element/f.3D8655DB7C018FB3B3311B2BCD0F0E61.d.2D9A9D290EC543ABBD0438A5A3CE7783.e.6216/click - {}
RESULT: {}
RESULT: {}
COMMAND: GET /session/e537112f6f31df0d8590d52383dd5938/screenshot - {}
COMMAND: POST /session/e537112f6f31df0d8590d52383dd5938/element - {"using":"xpath","value":"//span[@id=\"application-managepartners-display-component---masterPtm--smartTable-header-inner\"]"}
RESULT: {}
RESULT: {"using":"xpath","value":"//span[@id=\"application-managepartners-display-component---masterPtm--smartTable-header-inner\"]"}
COMMAND: POST /session/e537112f6f31df0d8590d52383dd5938/elements - {"using":"xpath","value":"//span[@id=\"application-managepartners-display-component---masterPtm--smartTable-header-inner\"]"}
RESULT: {"using":"xpath","value":"//span[@id=\"application-managepartners-display-component---masterPtm--smartTable-header-inner\"]"}
COMMAND: POST /session/e537112f6f31df0d8590d52383dd5938/execute/sync - {"script":"<script> [56 bytes]","args":[{"element-6066-11e4-a52e-4f735466cecf":"f.3D8655DB7C018FB3B3311B2BCD0F0E61.d.2D9A9D290EC543ABBD0438A5A3CE7783.e.5962","ELEMENT":"f.3D8655DB7C018FB3B3311B2BCD0F0E61.d.2D9A9D290EC543ABBD0438A5A3CE7783.e.5962"}]}
RESULT: {"script":"<script> [56 bytes]","args":[{"element-6066-11e4-a52e-4f735466cecf":"f.3D8655DB7C018FB3B3311B2BCD0F0E61.d.2D9A9D290EC543ABBD0438A5A3CE7783.e.5962","ELEMENT":"f.3D8655DB7C018FB3B3311B2BCD0F0E61.d.2D9A9D290EC543ABBD0438A5A3CE7783.e.5962"}]}
COMMAND: POST /session/e537112f6f31df0d8590d52383dd5938/execute/async - {"script":"<script> [1562 bytes]","args":[{"selector":{"id":"application-managepartners-display-component---masterPtm--smartFilterBar-filterItemControl_BASIC-YARD-vhi"},"wdio_ui5_key":"applicationmanagepartners-display-component---masterPtm--smartFilterBar-filterItemControl_BASIC-YARD-vhi"}]}
COMMAND: GET /session/e537112f6f31df0d8590d52383dd5938/screenshot - {}
RESULT: {"script":"<script> [1562 bytes]","args":[{"selector":{"id":"application-managepartners-display-component---masterPtm--smartFilterBar-filterItemControl_BASIC-YARD-vhi"},"wdio_ui5_key":"applicationmanagepartners-display-component---masterPtm--smartFilterBar-filterItemControl_BASIC-YARD-vhi"}]}
RESULT: undefined
COMMAND: POST /session/e537112f6f31df0d8590d52383dd5938/element - {"using":"xpath","value":"//*[@id=\"application-managepartners-display-component---masterPtm--smartFilterBar-filterItemControl_BASIC-YARD-vhi\"]"}
RESULT: {}
RESULT: {"using":"xpath","value":"//*[@id=\"application-managepartners-display-component---masterPtm--smartFilterBar-filterItemControl_BASIC-YARD-vhi\"]"}
COMMAND: POST /session/e537112f6f31df0d8590d52383dd5938/element/f.3D8655DB7C018FB3B3311B2BCD0F0E61.d.2D9A9D290EC543ABBD0438A5A3CE7783.e.6319/click - {}
RESULT: {}
COMMAND: GET /session/e537112f6f31df0d8590d52383dd5938/screenshot - {}
RESULT: {}
COMMAND: POST /session/e537112f6f31df0d8590d52383dd5938/execute/async - {"script":"<script> [1562 bytes]","args":[{"selector":{"id":"application-managepartners-display-component---masterPtm--smartFilterBar-filterItemControl_BASIC-YARD-valueHelpDialog-smartFilterBar-btnBasicSearch","searchOpenDialogs":true,"interaction":{"idSuffix":"I"}},"wdio_ui5_key":"applicationmanagepartners-display-component---masterPtm--smartFilterBar-filterItemControl_BASIC-YARD-valueHelpDialog-smartFilterBar-btnBasicSearch"}]}
RESULT: {"script":"<script> [1562 bytes]","args":[{"selector":{"id":"application-managepartners-display-component---masterPtm--smartFilterBar-filterItemControl_BASIC-YARD-valueHelpDialog-smartFilterBar-btnBasicSearch","searchOpenDialogs":true,"interaction":{"idSuffix":"I"}},"wdio_ui5_key":"applicationmanagepartners-display-component---masterPtm--smartFilterBar-filterItemControl_BASIC-YARD-valueHelpDialog-smartFilterBar-btnBasicSearch"}]}
RESULT: undefined
COMMAND: POST /session/e537112f6f31df0d8590d52383dd5938/execute/async - {"script":"<script> [776 bytes]","args":[{"enterText":"Test","selector":{"id":"application-managepartners-display-component---masterPtm--smartFilterBar-filterItemControl_BASIC-YARD-valueHelpDialog-smartFilterBar-btnBasicSearch","searchOpenDialogs":true,"interaction":{"idSuffix":"I"}},"clearTextFirst":true,"interactionType":"ENTER_TEXT"}]}
RESULT: {"script":"<script> [776 bytes]","args":[{"enterText":"Test","selector":{"id":"application-managepartners-display-component---masterPtm--smartFilterBar-filterItemControl_BASIC-YARD-valueHelpDialog-smartFilterBar-btnBasicSearch","searchOpenDialogs":true,"interaction":{"idSuffix":"I"}},"clearTextFirst":true,"interactionType":"ENTER_TEXT"}]}
COMMAND: POST /session/e537112f6f31df0d8590d52383dd5938/actions - {"actions":[{"id":"action19","type":"key","parameters":{},"actions":[{"type":"keyDown","value":""},{"type":"pause","duration":10},{"type":"keyUp","value":""}]}]}
RESULT: {"actions":[{"id":"action19","type":"key","parameters":{},"actions":[{"type":"keyDown","value":""},{"type":"pause","duration":10},{"type":"keyUp","value":""}]}]}
COMMAND: POST /session/e537112f6f31df0d8590d52383dd5938/elements - {"using":"xpath","value":"//table[contains(@id, \"smartFilterBar-filterItemControl_BASIC-YARD-valueHelpDialog-table-table\")]/tbody/tr"}
COMMAND: GET /session/e537112f6f31df0d8590d52383dd5938/screenshot - {}
RESULT: {"using":"xpath","value":"//table[contains(@id, \"smartFilterBar-filterItemControl_BASIC-YARD-valueHelpDialog-table-table\")]/tbody/tr"}
COMMAND: POST /session/e537112f6f31df0d8590d52383dd5938/element - {"using":"xpath","value":"//table[contains(@id, \"smartFilterBar-filterItemControl_BASIC-YARD-valueHelpDialog-table-table\")]/tbody/tr[1]/td[1]/div/span"}
RESULT: {}
RESULT: {"using":"xpath","value":"//table[contains(@id, \"smartFilterBar-filterItemControl_BASIC-YARD-valueHelpDialog-table-table\")]/tbody/tr[1]/td[1]/div/span"}
COMMAND: POST /session/e537112f6f31df0d8590d52383dd5938/elements - {"using":"xpath","value":"//table[contains(@id, \"smartFilterBar-filterItemControl_BASIC-YARD-valueHelpDialog-table-table\")]/tbody/tr[1]/td[1]/div/span"}
RESULT: {"using":"xpath","value":"//table[contains(@id, \"smartFilterBar-filterItemControl_BASIC-YARD-valueHelpDialog-table-table\")]/tbody/tr[1]/td[1]/div/span"}
COMMAND: POST /session/e537112f6f31df0d8590d52383dd5938/execute/sync - {"script":"<script> [56 bytes]","args":[{"element-6066-11e4-a52e-4f735466cecf":"f.3D8655DB7C018FB3B3311B2BCD0F0E61.d.2D9A9D290EC543ABBD0438A5A3CE7783.e.6341","ELEMENT":"f.3D8655DB7C018FB3B3311B2BCD0F0E61.d.2D9A9D290EC543ABBD0438A5A3CE7783.e.6341"}]}
RESULT: {"script":"<script> [56 bytes]","args":[{"element-6066-11e4-a52e-4f735466cecf":"f.3D8655DB7C018FB3B3311B2BCD0F0E61.d.2D9A9D290EC543ABBD0438A5A3CE7783.e.6341","ELEMENT":"f.3D8655DB7C018FB3B3311B2BCD0F0E61.d.2D9A9D290EC543ABBD0438A5A3CE7783.e.6341"}]}
COMMAND: POST /session/e537112f6f31df0d8590d52383dd5938/element - {"using":"xpath","value":"//table[contains(@id, \"smartFilterBar-filterItemControl_BASIC-YARD-valueHelpDialog-table-table\")]/tbody/tr[2]/td[1]/div/span"}
COMMAND: GET /session/e537112f6f31df0d8590d52383dd5938/screenshot - {}
RESULT: {"using":"xpath","value":"//table[contains(@id, \"smartFilterBar-filterItemControl_BASIC-YARD-valueHelpDialog-table-table\")]/tbody/tr[2]/td[1]/div/span"}
COMMAND: POST /session/e537112f6f31df0d8590d52383dd5938/elements - {"using":"xpath","value":"//table[contains(@id, \"smartFilterBar-filterItemControl_BASIC-YARD-valueHelpDialog-table-table\")]/tbody/tr[2]/td[1]/div/span"}
RESULT: {}
RESULT: {"using":"xpath","value":"//table[contains(@id, \"smartFilterBar-filterItemControl_BASIC-YARD-valueHelpDialog-table-table\")]/tbody/tr[2]/td[1]/div/span"}
COMMAND: POST /session/e537112f6f31df0d8590d52383dd5938/execute/sync - {"script":"<script> [56 bytes]","args":[{"element-6066-11e4-a52e-4f735466cecf":"f.3D8655DB7C018FB3B3311B2BCD0F0E61.d.2D9A9D290EC543ABBD0438A5A3CE7783.e.6342","ELEMENT":"f.3D8655DB7C018FB3B3311B2BCD0F0E61.d.2D9A9D290EC543ABBD0438A5A3CE7783.e.6342"}]}
RESULT: {"script":"<script> [56 bytes]","args":[{"element-6066-11e4-a52e-4f735466cecf":"f.3D8655DB7C018FB3B3311B2BCD0F0E61.d.2D9A9D290EC543ABBD0438A5A3CE7783.e.6342","ELEMENT":"f.3D8655DB7C018FB3B3311B2BCD0F0E61.d.2D9A9D290EC543ABBD0438A5A3CE7783.e.6342"}]}
COMMAND: POST /session/e537112f6f31df0d8590d52383dd5938/element - {"using":"xpath","value":"//table[contains(@id, \"smartFilterBar-filterItemControl_BASIC-YARD-valueHelpDialog-table-table\")]/tbody/tr[3]/td[1]/div/span"}
COMMAND: GET /session/e537112f6f31df0d8590d52383dd5938/screenshot - {}
RESULT: {"using":"xpath","value":"//table[contains(@id, \"smartFilterBar-filterItemControl_BASIC-YARD-valueHelpDialog-table-table\")]/tbody/tr[3]/td[1]/div/span"}
COMMAND: POST /session/e537112f6f31df0d8590d52383dd5938/elements - {"using":"xpath","value":"//table[contains(@id, \"smartFilterBar-filterItemControl_BASIC-YARD-valueHelpDialog-table-table\")]/tbody/tr[3]/td[1]/div/span"}
RESULT: {}
RESULT: {"using":"xpath","value":"//table[contains(@id, \"smartFilterBar-filterItemControl_BASIC-YARD-valueHelpDialog-table-table\")]/tbody/tr[3]/td[1]/div/span"}
COMMAND: POST /session/e537112f6f31df0d8590d52383dd5938/execute/sync - {"script":"<script> [56 bytes]","args":[{"element-6066-11e4-a52e-4f735466cecf":"f.3D8655DB7C018FB3B3311B2BCD0F0E61.d.2D9A9D290EC543ABBD0438A5A3CE7783.e.6343","ELEMENT":"f.3D8655DB7C018FB3B3311B2BCD0F0E61.d.2D9A9D290EC543ABBD0438A5A3CE7783.e.6343"}]}
RESULT: {"script":"<script> [56 bytes]","args":[{"element-6066-11e4-a52e-4f735466cecf":"f.3D8655DB7C018FB3B3311B2BCD0F0E61.d.2D9A9D290EC543ABBD0438A5A3CE7783.e.6343","ELEMENT":"f.3D8655DB7C018FB3B3311B2BCD0F0E61.d.2D9A9D290EC543ABBD0438A5A3CE7783.e.6343"}]}
COMMAND: POST /session/e537112f6f31df0d8590d52383dd5938/element - {"using":"xpath","value":"//div[contains(@id, \"filterItemControl_BASIC-YARD-valueHelpDialog-table-rowsel2\")]"}
COMMAND: GET /session/e537112f6f31df0d8590d52383dd5938/screenshot - {}
RESULT: {"using":"xpath","value":"//div[contains(@id, \"filterItemControl_BASIC-YARD-valueHelpDialog-table-rowsel2\")]"}
COMMAND: POST /session/e537112f6f31df0d8590d52383dd5938/element/f.3D8655DB7C018FB3B3311B2BCD0F0E61.d.2D9A9D290EC543ABBD0438A5A3CE7783.e.6344/click - {}
RESULT: {}
RESULT: {}
COMMAND: GET /session/e537112f6f31df0d8590d52383dd5938/screenshot - {}
RESULT: {}
COMMAND: POST /session/e537112f6f31df0d8590d52383dd5938/element - {"using":"xpath","value":"(//bdi[contains(text(), \"OK\")])[1]"}
RESULT: {"using":"xpath","value":"(//bdi[contains(text(), \"OK\")])[1]"}
COMMAND: POST /session/e537112f6f31df0d8590d52383dd5938/element/f.3D8655DB7C018FB3B3311B2BCD0F0E61.d.2D9A9D290EC543ABBD0438A5A3CE7783.e.6346/click - {}
RESULT: {}
COMMAND: GET /session/e537112f6f31df0d8590d52383dd5938/screenshot - {}
RESULT: {}
COMMAND: POST /session/e537112f6f31df0d8590d52383dd5938/element - {"using":"xpath","value":"//span[@id=\"application-managepartners-display-component---masterPtm--smartTable-header-inner\"]"}
RESULT: {"using":"xpath","value":"//span[@id=\"application-managepartners-display-component---masterPtm--smartTable-header-inner\"]"}
COMMAND: POST /session/e537112f6f31df0d8590d52383dd5938/elements - {"using":"xpath","value":"//span[@id=\"application-managepartners-display-component---masterPtm--smartTable-header-inner\"]"}
RESULT: {"using":"xpath","value":"//span[@id=\"application-managepartners-display-component---masterPtm--smartTable-header-inner\"]"}
COMMAND: POST /session/e537112f6f31df0d8590d52383dd5938/execute/sync - {"script":"<script> [56 bytes]","args":[{"element-6066-11e4-a52e-4f735466cecf":"f.3D8655DB7C018FB3B3311B2BCD0F0E61.d.2D9A9D290EC543ABBD0438A5A3CE7783.e.5962","ELEMENT":"f.3D8655DB7C018FB3B3311B2BCD0F0E61.d.2D9A9D290EC543ABBD0438A5A3CE7783.e.5962"}]}
RESULT: {"script":"<script> [56 bytes]","args":[{"element-6066-11e4-a52e-4f735466cecf":"f.3D8655DB7C018FB3B3311B2BCD0F0E61.d.2D9A9D290EC543ABBD0438A5A3CE7783.e.5962","ELEMENT":"f.3D8655DB7C018FB3B3311B2BCD0F0E61.d.2D9A9D290EC543ABBD0438A5A3CE7783.e.5962"}]}
COMMAND: POST /session/e537112f6f31df0d8590d52383dd5938/element - {"using":"xpath","value":"//span[contains(@title, \"Remove\")]"}
COMMAND: GET /session/e537112f6f31df0d8590d52383dd5938/screenshot - {}
RESULT: {"using":"xpath","value":"//span[contains(@title, \"Remove\")]"}
COMMAND: POST /session/e537112f6f31df0d8590d52383dd5938/element/f.3D8655DB7C018FB3B3311B2BCD0F0E61.d.2D9A9D290EC543ABBD0438A5A3CE7783.e.6360/click - {}
RESULT: {}
RESULT: {}
COMMAND: GET /session/e537112f6f31df0d8590d52383dd5938/screenshot - {}
RESULT: {}
COMMAND: POST /session/e537112f6f31df0d8590d52383dd5938/element - {"using":"xpath","value":"//span[@id=\"application-managepartners-display-component---masterPtm--smartTable-header-inner\"]"}
RESULT: {"using":"xpath","value":"//span[@id=\"application-managepartners-display-component---masterPtm--smartTable-header-inner\"]"}
COMMAND: POST /session/e537112f6f31df0d8590d52383dd5938/elements - {"using":"xpath","value":"//span[@id=\"application-managepartners-display-component---masterPtm--smartTable-header-inner\"]"}
RESULT: {"using":"xpath","value":"//span[@id=\"application-managepartners-display-component---masterPtm--smartTable-header-inner\"]"}
COMMAND: POST /session/e537112f6f31df0d8590d52383dd5938/execute/sync - {"script":"<script> [56 bytes]","args":[{"element-6066-11e4-a52e-4f735466cecf":"f.3D8655DB7C018FB3B3311B2BCD0F0E61.d.2D9A9D290EC543ABBD0438A5A3CE7783.e.5962","ELEMENT":"f.3D8655DB7C018FB3B3311B2BCD0F0E61.d.2D9A9D290EC543ABBD0438A5A3CE7783.e.5962"}]}
RESULT: {"script":"<script> [56 bytes]","args":[{"element-6066-11e4-a52e-4f735466cecf":"f.3D8655DB7C018FB3B3311B2BCD0F0E61.d.2D9A9D290EC543ABBD0438A5A3CE7783.e.5962","ELEMENT":"f.3D8655DB7C018FB3B3311B2BCD0F0E61.d.2D9A9D290EC543ABBD0438A5A3CE7783.e.5962"}]}
COMMAND: POST /session/e537112f6f31df0d8590d52383dd5938/execute/async - {"script":"<script> [1562 bytes]","args":[{"selector":{"id":"application-managepartners-display-component---masterPtm--smartFilterBar-filterItemControl_BASIC-ALL_TAGS-vhi"},"wdio_ui5_key":"applicationmanagepartners-display-component---masterPtm--smartFilterBar-filterItemControl_BASIC-ALL_TAGS-vhi"}]}
COMMAND: GET /session/e537112f6f31df0d8590d52383dd5938/screenshot - {}
RESULT: {"script":"<script> [1562 bytes]","args":[{"selector":{"id":"application-managepartners-display-component---masterPtm--smartFilterBar-filterItemControl_BASIC-ALL_TAGS-vhi"},"wdio_ui5_key":"applicationmanagepartners-display-component---masterPtm--smartFilterBar-filterItemControl_BASIC-ALL_TAGS-vhi"}]}
RESULT: undefined
COMMAND: POST /session/e537112f6f31df0d8590d52383dd5938/element - {"using":"xpath","value":"//*[@id=\"application-managepartners-display-component---masterPtm--smartFilterBar-filterItemControl_BASIC-ALL_TAGS-vhi\"]"}
RESULT: {}
RESULT: {"using":"xpath","value":"//*[@id=\"application-managepartners-display-component---masterPtm--smartFilterBar-filterItemControl_BASIC-ALL_TAGS-vhi\"]"}
COMMAND: POST /session/e537112f6f31df0d8590d52383dd5938/element/f.3D8655DB7C018FB3B3311B2BCD0F0E61.d.2D9A9D290EC543ABBD0438A5A3CE7783.e.6463/click - {}
RESULT: {}
COMMAND: GET /session/e537112f6f31df0d8590d52383dd5938/screenshot - {}
RESULT: {}
COMMAND: POST /session/e537112f6f31df0d8590d52383dd5938/execute/async - {"script":"<script> [1562 bytes]","args":[{"selector":{"id":"application-managepartners-display-component---masterPtm--smartFilterBar-filterItemControl_BASIC-ALL_TAGS-valueHelpDialog-smartFilterBar-btnBasicSearch","searchOpenDialogs":true,"interaction":{"idSuffix":"I"}},"wdio_ui5_key":"applicationmanagepartners-display-component---masterPtm--smartFilterBar-filterItemControl_BASIC-ALL_TAGS-valueHelpDialog-smartFilterBar-btnBasicSearch"}]}
RESULT: {"script":"<script> [1562 bytes]","args":[{"selector":{"id":"application-managepartners-display-component---masterPtm--smartFilterBar-filterItemControl_BASIC-ALL_TAGS-valueHelpDialog-smartFilterBar-btnBasicSearch","searchOpenDialogs":true,"interaction":{"idSuffix":"I"}},"wdio_ui5_key":"applicationmanagepartners-display-component---masterPtm--smartFilterBar-filterItemControl_BASIC-ALL_TAGS-valueHelpDialog-smartFilterBar-btnBasicSearch"}]}
RESULT: undefined
COMMAND: POST /session/e537112f6f31df0d8590d52383dd5938/execute/async - {"script":"<script> [776 bytes]","args":[{"enterText":"test-tag-1","selector":{"id":"application-managepartners-display-component---masterPtm--smartFilterBar-filterItemControl_BASIC-ALL_TAGS-valueHelpDialog-smartFilterBar-btnBasicSearch","searchOpenDialogs":true,"interaction":{"idSuffix":"I"}},"clearTextFirst":true,"interactionType":"ENTER_TEXT"}]}
RESULT: {"script":"<script> [776 bytes]","args":[{"enterText":"test-tag-1","selector":{"id":"application-managepartners-display-component---masterPtm--smartFilterBar-filterItemControl_BASIC-ALL_TAGS-valueHelpDialog-smartFilterBar-btnBasicSearch","searchOpenDialogs":true,"interaction":{"idSuffix":"I"}},"clearTextFirst":true,"interactionType":"ENTER_TEXT"}]}
COMMAND: POST /session/e537112f6f31df0d8590d52383dd5938/actions - {"actions":[{"id":"action20","type":"key","parameters":{},"actions":[{"type":"keyDown","value":""},{"type":"pause","duration":10},{"type":"keyUp","value":""}]}]}
RESULT: {"actions":[{"id":"action20","type":"key","parameters":{},"actions":[{"type":"keyDown","value":""},{"type":"pause","duration":10},{"type":"keyUp","value":""}]}]}
COMMAND: POST /session/e537112f6f31df0d8590d52383dd5938/elements - {"using":"xpath","value":"//table[contains(@id, \"smartFilterBar-filterItemControl_BASIC-ALL_TAGS-valueHelpDialog-table-table\")]/tbody/tr"}
COMMAND: GET /session/e537112f6f31df0d8590d52383dd5938/screenshot - {}
RESULT: {"using":"xpath","value":"//table[contains(@id, \"smartFilterBar-filterItemControl_BASIC-ALL_TAGS-valueHelpDialog-table-table\")]/tbody/tr"}
COMMAND: POST /session/e537112f6f31df0d8590d52383dd5938/element - {"using":"xpath","value":"//table[contains(@id, \"smartFilterBar-filterItemControl_BASIC-ALL_TAGS-valueHelpDialog-table-table\")]/tbody/tr[1]/td[1]/div/span"}
RESULT: {}
RESULT: {"using":"xpath","value":"//table[contains(@id, \"smartFilterBar-filterItemControl_BASIC-ALL_TAGS-valueHelpDialog-table-table\")]/tbody/tr[1]/td[1]/div/span"}
COMMAND: POST /session/e537112f6f31df0d8590d52383dd5938/elements - {"using":"xpath","value":"//table[contains(@id, \"smartFilterBar-filterItemControl_BASIC-ALL_TAGS-valueHelpDialog-table-table\")]/tbody/tr[1]/td[1]/div/span"}
RESULT: {"using":"xpath","value":"//table[contains(@id, \"smartFilterBar-filterItemControl_BASIC-ALL_TAGS-valueHelpDialog-table-table\")]/tbody/tr[1]/td[1]/div/span"}
COMMAND: POST /session/e537112f6f31df0d8590d52383dd5938/execute/sync - {"script":"<script> [56 bytes]","args":[{"element-6066-11e4-a52e-4f735466cecf":"f.3D8655DB7C018FB3B3311B2BCD0F0E61.d.2D9A9D290EC543ABBD0438A5A3CE7783.e.6486","ELEMENT":"f.3D8655DB7C018FB3B3311B2BCD0F0E61.d.2D9A9D290EC543ABBD0438A5A3CE7783.e.6486"}]}
RESULT: {"script":"<script> [56 bytes]","args":[{"element-6066-11e4-a52e-4f735466cecf":"f.3D8655DB7C018FB3B3311B2BCD0F0E61.d.2D9A9D290EC543ABBD0438A5A3CE7783.e.6486","ELEMENT":"f.3D8655DB7C018FB3B3311B2BCD0F0E61.d.2D9A9D290EC543ABBD0438A5A3CE7783.e.6486"}]}
COMMAND: POST /session/e537112f6f31df0d8590d52383dd5938/element - {"using":"xpath","value":"//div[contains(@id, \"filterItemControl_BASIC-ALL_TAGS-valueHelpDialog-table-rowsel0\")]"}
COMMAND: GET /session/e537112f6f31df0d8590d52383dd5938/screenshot - {}
RESULT: {"using":"xpath","value":"//div[contains(@id, \"filterItemControl_BASIC-ALL_TAGS-valueHelpDialog-table-rowsel0\")]"}
COMMAND: POST /session/e537112f6f31df0d8590d52383dd5938/element/f.3D8655DB7C018FB3B3311B2BCD0F0E61.d.2D9A9D290EC543ABBD0438A5A3CE7783.e.6487/click - {}
RESULT: {}
RESULT: {}
COMMAND: GET /session/e537112f6f31df0d8590d52383dd5938/screenshot - {}
RESULT: {}
COMMAND: POST /session/e537112f6f31df0d8590d52383dd5938/element - {"using":"xpath","value":"(//bdi[contains(text(), \"OK\")])[1]"}
RESULT: {"using":"xpath","value":"(//bdi[contains(text(), \"OK\")])[1]"}
COMMAND: POST /session/e537112f6f31df0d8590d52383dd5938/element/f.3D8655DB7C018FB3B3311B2BCD0F0E61.d.2D9A9D290EC543ABBD0438A5A3CE7783.e.6489/click - {}
RESULT: {}
COMMAND: GET /session/e537112f6f31df0d8590d52383dd5938/screenshot - {}
RESULT: {}
COMMAND: POST /session/e537112f6f31df0d8590d52383dd5938/element - {"using":"xpath","value":"//span[@id=\"application-managepartners-display-component---masterPtm--smartTable-header-inner\"]"}
RESULT: {"using":"xpath","value":"//span[@id=\"application-managepartners-display-component---masterPtm--smartTable-header-inner\"]"}
COMMAND: POST /session/e537112f6f31df0d8590d52383dd5938/elements - {"using":"xpath","value":"//span[@id=\"application-managepartners-display-component---masterPtm--smartTable-header-inner\"]"}
RESULT: {"using":"xpath","value":"//span[@id=\"application-managepartners-display-component---masterPtm--smartTable-header-inner\"]"}
COMMAND: POST /session/e537112f6f31df0d8590d52383dd5938/execute/sync - {"script":"<script> [56 bytes]","args":[{"element-6066-11e4-a52e-4f735466cecf":"f.3D8655DB7C018FB3B3311B2BCD0F0E61.d.2D9A9D290EC543ABBD0438A5A3CE7783.e.5962","ELEMENT":"f.3D8655DB7C018FB3B3311B2BCD0F0E61.d.2D9A9D290EC543ABBD0438A5A3CE7783.e.5962"}]}
RESULT: {"script":"<script> [56 bytes]","args":[{"element-6066-11e4-a52e-4f735466cecf":"f.3D8655DB7C018FB3B3311B2BCD0F0E61.d.2D9A9D290EC543ABBD0438A5A3CE7783.e.5962","ELEMENT":"f.3D8655DB7C018FB3B3311B2BCD0F0E61.d.2D9A9D290EC543ABBD0438A5A3CE7783.e.5962"}]}
COMMAND: POST /session/e537112f6f31df0d8590d52383dd5938/element - {"using":"xpath","value":"//span[contains(@title, \"Remove\")]"}
COMMAND: GET /session/e537112f6f31df0d8590d52383dd5938/screenshot - {}
RESULT: {"using":"xpath","value":"//span[contains(@title, \"Remove\")]"}
COMMAND: POST /session/e537112f6f31df0d8590d52383dd5938/element/f.3D8655DB7C018FB3B3311B2BCD0F0E61.d.2D9A9D290EC543ABBD0438A5A3CE7783.e.6511/click - {}
RESULT: {}
RESULT: {}
COMMAND: GET /session/e537112f6f31df0d8590d52383dd5938/screenshot - {}
COMMAND: POST /session/e537112f6f31df0d8590d52383dd5938/execute/async - {"script":"<script> [1562 bytes]","args":[{"selector":{"id":"application-managepartners-display-component---masterPtm--partnerTypes-arrow"},"wdio_ui5_key":"applicationmanagepartners-display-component---masterPtm--partnerTypes-arrow"}]}
RESULT: {}
RESULT: {"script":"<script> [1562 bytes]","args":[{"selector":{"id":"application-managepartners-display-component---masterPtm--partnerTypes-arrow"},"wdio_ui5_key":"applicationmanagepartners-display-component---masterPtm--partnerTypes-arrow"}]}
RESULT: undefined
COMMAND: POST /session/e537112f6f31df0d8590d52383dd5938/element - {"using":"xpath","value":"//*[@id=\"application-managepartners-display-component---masterPtm--partnerTypes-arrow\"]"}
RESULT: {"using":"xpath","value":"//*[@id=\"application-managepartners-display-component---masterPtm--partnerTypes-arrow\"]"}
COMMAND: POST /session/e537112f6f31df0d8590d52383dd5938/element/f.3D8655DB7C018FB3B3311B2BCD0F0E61.d.2D9A9D290EC543ABBD0438A5A3CE7783.e.6614/click - {}
RESULT: {}
COMMAND: GET /session/e537112f6f31df0d8590d52383dd5938/screenshot - {}
RESULT: {}
COMMAND: POST /session/e537112f6f31df0d8590d52383dd5938/element - {"using":"xpath","value":"//li[.//span[text()=\"External partner\"]]//div[contains(@class,\"sapMCbBg\")]"}
RESULT: {"using":"xpath","value":"//li[.//span[text()=\"External partner\"]]//div[contains(@class,\"sapMCbBg\")]"}
COMMAND: POST /session/e537112f6f31df0d8590d52383dd5938/element/f.3D8655DB7C018FB3B3311B2BCD0F0E61.d.2D9A9D290EC543ABBD0438A5A3CE7783.e.6619/click - {}
RESULT: {}
COMMAND: GET /session/e537112f6f31df0d8590d52383dd5938/screenshot - {}
RESULT: {}
COMMAND: POST /session/e537112f6f31df0d8590d52383dd5938/element - {"using":"xpath","value":"//div[contains(@id,\"application-managepartners-display-component---masterPtm--smartFilterBar-btnBasicSearch-search\")]"}
RESULT: {"using":"xpath","value":"//div[contains(@id,\"application-managepartners-display-component---masterPtm--smartFilterBar-btnBasicSearch-search\")]"}
COMMAND: POST /session/e537112f6f31df0d8590d52383dd5938/element/f.3D8655DB7C018FB3B3311B2BCD0F0E61.d.2D9A9D290EC543ABBD0438A5A3CE7783.e.6695/click - {}
RESULT: {}
COMMAND: GET /session/e537112f6f31df0d8590d52383dd5938/screenshot - {}
RESULT: {}
COMMAND: POST /session/e537112f6f31df0d8590d52383dd5938/element - {"using":"xpath","value":"//span[@id=\"application-managepartners-display-component---masterPtm--smartTable-header-inner\"]"}
RESULT: {"using":"xpath","value":"//span[@id=\"application-managepartners-display-component---masterPtm--smartTable-header-inner\"]"}
COMMAND: POST /session/e537112f6f31df0d8590d52383dd5938/elements - {"using":"xpath","value":"//span[@id=\"application-managepartners-display-component---masterPtm--smartTable-header-inner\"]"}
RESULT: {"using":"xpath","value":"//span[@id=\"application-managepartners-display-component---masterPtm--smartTable-header-inner\"]"}
COMMAND: POST /session/e537112f6f31df0d8590d52383dd5938/execute/sync - {"script":"<script> [56 bytes]","args":[{"element-6066-11e4-a52e-4f735466cecf":"f.3D8655DB7C018FB3B3311B2BCD0F0E61.d.2D9A9D290EC543ABBD0438A5A3CE7783.e.5962","ELEMENT":"f.3D8655DB7C018FB3B3311B2BCD0F0E61.d.2D9A9D290EC543ABBD0438A5A3CE7783.e.5962"}]}
RESULT: {"script":"<script> [56 bytes]","args":[{"element-6066-11e4-a52e-4f735466cecf":"f.3D8655DB7C018FB3B3311B2BCD0F0E61.d.2D9A9D290EC543ABBD0438A5A3CE7783.e.5962","ELEMENT":"f.3D8655DB7C018FB3B3311B2BCD0F0E61.d.2D9A9D290EC543ABBD0438A5A3CE7783.e.5962"}]}
COMMAND: POST /session/e537112f6f31df0d8590d52383dd5938/element - {"using":"xpath","value":"//span[contains(@title, \"Remove\")]"}
COMMAND: GET /session/e537112f6f31df0d8590d52383dd5938/screenshot - {}
RESULT: {"using":"xpath","value":"//span[contains(@title, \"Remove\")]"}
COMMAND: POST /session/e537112f6f31df0d8590d52383dd5938/element/f.3D8655DB7C018FB3B3311B2BCD0F0E61.d.2D9A9D290EC543ABBD0438A5A3CE7783.e.6699/click - {}
RESULT: {}
RESULT: {}
COMMAND: GET /session/e537112f6f31df0d8590d52383dd5938/screenshot - {}
RESULT: {}
COMMAND: POST /session/e537112f6f31df0d8590d52383dd5938/execute/async - {"script":"<script> [1562 bytes]","args":[{"selector":{"id":"application-managepartners-display-component---masterPtm--smartFilterBar-btnFilters","interaction":{"idSuffix":"BDI-content"}},"wdio_ui5_key":"applicationmanagepartners-display-component---masterPtm--smartFilterBar-btnFilters"}]}
RESULT: {"script":"<script> [1562 bytes]","args":[{"selector":{"id":"application-managepartners-display-component---masterPtm--smartFilterBar-btnFilters","interaction":{"idSuffix":"BDI-content"}},"wdio_ui5_key":"applicationmanagepartners-display-component---masterPtm--smartFilterBar-btnFilters"}]}
RESULT: undefined
COMMAND: POST /session/e537112f6f31df0d8590d52383dd5938/element - {"using":"xpath","value":"//*[@id=\"application-managepartners-display-component---masterPtm--smartFilterBar-btnFilters\"]"}
RESULT: {"using":"xpath","value":"//*[@id=\"application-managepartners-display-component---masterPtm--smartFilterBar-btnFilters\"]"}
COMMAND: POST /session/e537112f6f31df0d8590d52383dd5938/element/f.3D8655DB7C018FB3B3311B2BCD0F0E61.d.2D9A9D290EC543ABBD0438A5A3CE7783.e.5810/click - {}
RESULT: {}
COMMAND: GET /session/e537112f6f31df0d8590d52383dd5938/screenshot - {}
RESULT: {}
COMMAND: POST /session/e537112f6f31df0d8590d52383dd5938/elements - {"using":"xpath","value":"//table[contains(@id, \"listView-innerSelectionPanelTable-listUl\")]/tbody/tr"}
RESULT: {"using":"xpath","value":"//table[contains(@id, \"listView-innerSelectionPanelTable-listUl\")]/tbody/tr"}
COMMAND: POST /session/e537112f6f31df0d8590d52383dd5938/element - {"using":"xpath","value":"//table[contains(@id, \"listView-innerSelectionPanelTable-listUl\")]/tbody/tr[2]/td[2]/div/div"}
RESULT: {"using":"xpath","value":"//table[contains(@id, \"listView-innerSelectionPanelTable-listUl\")]/tbody/tr[2]/td[2]/div/div"}
COMMAND: POST /session/e537112f6f31df0d8590d52383dd5938/element - {"using":"xpath","value":"//table[contains(@id, \"listView-innerSelectionPanelTable-listUl\")]/tbody/tr[2]/td[2]/div"}
RESULT: {"using":"xpath","value":"//table[contains(@id, \"listView-innerSelectionPanelTable-listUl\")]/tbody/tr[2]/td[2]/div"}
COMMAND: POST /session/e537112f6f31df0d8590d52383dd5938/element - {"using":"xpath","value":"//table[contains(@id, \"listView-innerSelectionPanelTable-listUl\")]/tbody/tr[2]/td[3]/div/div/span/span[1]/bdi"}
RESULT: {"using":"xpath","value":"//table[contains(@id, \"listView-innerSelectionPanelTable-listUl\")]/tbody/tr[2]/td[3]/div/div/span/span[1]/bdi"}
COMMAND: POST /session/e537112f6f31df0d8590d52383dd5938/execute/sync - {"script":"<script> [56 bytes]","args":[{"element-6066-11e4-a52e-4f735466cecf":"f.3D8655DB7C018FB3B3311B2BCD0F0E61.d.2D9A9D290EC543ABBD0438A5A3CE7783.e.6806","ELEMENT":"f.3D8655DB7C018FB3B3311B2BCD0F0E61.d.2D9A9D290EC543ABBD0438A5A3CE7783.e.6806"}]}
RESULT: {"script":"<script> [56 bytes]","args":[{"element-6066-11e4-a52e-4f735466cecf":"f.3D8655DB7C018FB3B3311B2BCD0F0E61.d.2D9A9D290EC543ABBD0438A5A3CE7783.e.6806","ELEMENT":"f.3D8655DB7C018FB3B3311B2BCD0F0E61.d.2D9A9D290EC543ABBD0438A5A3CE7783.e.6806"}]}
COMMAND: GET /session/e537112f6f31df0d8590d52383dd5938/element/f.3D8655DB7C018FB3B3311B2BCD0F0E61.d.2D9A9D290EC543ABBD0438A5A3CE7783.e.6805/attribute/aria-checked - {}
COMMAND: GET /session/e537112f6f31df0d8590d52383dd5938/screenshot - {}
RESULT: {}
COMMAND: POST /session/e537112f6f31df0d8590d52383dd5938/element - {"using":"xpath","value":"//table[contains(@id, \"listView-innerSelectionPanelTable-listUl\")]/tbody/tr[3]/td[2]/div/div"}
RESULT: {}
RESULT: {"using":"xpath","value":"//table[contains(@id, \"listView-innerSelectionPanelTable-listUl\")]/tbody/tr[3]/td[2]/div/div"}
COMMAND: POST /session/e537112f6f31df0d8590d52383dd5938/element - {"using":"xpath","value":"//table[contains(@id, \"listView-innerSelectionPanelTable-listUl\")]/tbody/tr[3]/td[2]/div"}
RESULT: {"using":"xpath","value":"//table[contains(@id, \"listView-innerSelectionPanelTable-listUl\")]/tbody/tr[3]/td[2]/div"}
COMMAND: POST /session/e537112f6f31df0d8590d52383dd5938/element - {"using":"xpath","value":"//table[contains(@id, \"listView-innerSelectionPanelTable-listUl\")]/tbody/tr[3]/td[3]/div/div/span/span[1]/bdi"}
RESULT: {"using":"xpath","value":"//table[contains(@id, \"listView-innerSelectionPanelTable-listUl\")]/tbody/tr[3]/td[3]/div/div/span/span[1]/bdi"}
COMMAND: POST /session/e537112f6f31df0d8590d52383dd5938/execute/sync - {"script":"<script> [56 bytes]","args":[{"element-6066-11e4-a52e-4f735466cecf":"f.3D8655DB7C018FB3B3311B2BCD0F0E61.d.2D9A9D290EC543ABBD0438A5A3CE7783.e.6809","ELEMENT":"f.3D8655DB7C018FB3B3311B2BCD0F0E61.d.2D9A9D290EC543ABBD0438A5A3CE7783.e.6809"}]}
RESULT: {"script":"<script> [56 bytes]","args":[{"element-6066-11e4-a52e-4f735466cecf":"f.3D8655DB7C018FB3B3311B2BCD0F0E61.d.2D9A9D290EC543ABBD0438A5A3CE7783.e.6809","ELEMENT":"f.3D8655DB7C018FB3B3311B2BCD0F0E61.d.2D9A9D290EC543ABBD0438A5A3CE7783.e.6809"}]}
COMMAND: GET /session/e537112f6f31df0d8590d52383dd5938/element/f.3D8655DB7C018FB3B3311B2BCD0F0E61.d.2D9A9D290EC543ABBD0438A5A3CE7783.e.6808/attribute/aria-checked - {}
COMMAND: GET /session/e537112f6f31df0d8590d52383dd5938/screenshot - {}
RESULT: {}
COMMAND: POST /session/e537112f6f31df0d8590d52383dd5938/element - {"using":"xpath","value":"//table[contains(@id, \"listView-innerSelectionPanelTable-listUl\")]/tbody/tr[4]/td[2]/div/div"}
RESULT: {}
RESULT: {"using":"xpath","value":"//table[contains(@id, \"listView-innerSelectionPanelTable-listUl\")]/tbody/tr[4]/td[2]/div/div"}
COMMAND: POST /session/e537112f6f31df0d8590d52383dd5938/element - {"using":"xpath","value":"//table[contains(@id, \"listView-innerSelectionPanelTable-listUl\")]/tbody/tr[4]/td[2]/div"}
RESULT: {"using":"xpath","value":"//table[contains(@id, \"listView-innerSelectionPanelTable-listUl\")]/tbody/tr[4]/td[2]/div"}
COMMAND: POST /session/e537112f6f31df0d8590d52383dd5938/element - {"using":"xpath","value":"//table[contains(@id, \"listView-innerSelectionPanelTable-listUl\")]/tbody/tr[4]/td[3]/div/div/span/span[1]/bdi"}
RESULT: {"using":"xpath","value":"//table[contains(@id, \"listView-innerSelectionPanelTable-listUl\")]/tbody/tr[4]/td[3]/div/div/span/span[1]/bdi"}
COMMAND: POST /session/e537112f6f31df0d8590d52383dd5938/execute/sync - {"script":"<script> [56 bytes]","args":[{"element-6066-11e4-a52e-4f735466cecf":"f.3D8655DB7C018FB3B3311B2BCD0F0E61.d.2D9A9D290EC543ABBD0438A5A3CE7783.e.6812","ELEMENT":"f.3D8655DB7C018FB3B3311B2BCD0F0E61.d.2D9A9D290EC543ABBD0438A5A3CE7783.e.6812"}]}
RESULT: {"script":"<script> [56 bytes]","args":[{"element-6066-11e4-a52e-4f735466cecf":"f.3D8655DB7C018FB3B3311B2BCD0F0E61.d.2D9A9D290EC543ABBD0438A5A3CE7783.e.6812","ELEMENT":"f.3D8655DB7C018FB3B3311B2BCD0F0E61.d.2D9A9D290EC543ABBD0438A5A3CE7783.e.6812"}]}
COMMAND: GET /session/e537112f6f31df0d8590d52383dd5938/element/f.3D8655DB7C018FB3B3311B2BCD0F0E61.d.2D9A9D290EC543ABBD0438A5A3CE7783.e.6811/attribute/aria-checked - {}
COMMAND: GET /session/e537112f6f31df0d8590d52383dd5938/screenshot - {}
RESULT: {}
COMMAND: POST /session/e537112f6f31df0d8590d52383dd5938/element - {"using":"xpath","value":"//table[contains(@id, \"listView-innerSelectionPanelTable-listUl\")]/tbody/tr[5]/td[2]/div/div"}
RESULT: {}
RESULT: {"using":"xpath","value":"//table[contains(@id, \"listView-innerSelectionPanelTable-listUl\")]/tbody/tr[5]/td[2]/div/div"}
COMMAND: POST /session/e537112f6f31df0d8590d52383dd5938/element - {"using":"xpath","value":"//table[contains(@id, \"listView-innerSelectionPanelTable-listUl\")]/tbody/tr[5]/td[2]/div"}
RESULT: {"using":"xpath","value":"//table[contains(@id, \"listView-innerSelectionPanelTable-listUl\")]/tbody/tr[5]/td[2]/div"}
COMMAND: POST /session/e537112f6f31df0d8590d52383dd5938/element - {"using":"xpath","value":"//table[contains(@id, \"listView-innerSelectionPanelTable-listUl\")]/tbody/tr[5]/td[3]/div/div/span/span[1]/bdi"}
RESULT: {"using":"xpath","value":"//table[contains(@id, \"listView-innerSelectionPanelTable-listUl\")]/tbody/tr[5]/td[3]/div/div/span/span[1]/bdi"}
COMMAND: POST /session/e537112f6f31df0d8590d52383dd5938/execute/sync - {"script":"<script> [56 bytes]","args":[{"element-6066-11e4-a52e-4f735466cecf":"f.3D8655DB7C018FB3B3311B2BCD0F0E61.d.2D9A9D290EC543ABBD0438A5A3CE7783.e.6815","ELEMENT":"f.3D8655DB7C018FB3B3311B2BCD0F0E61.d.2D9A9D290EC543ABBD0438A5A3CE7783.e.6815"}]}
RESULT: {"script":"<script> [56 bytes]","args":[{"element-6066-11e4-a52e-4f735466cecf":"f.3D8655DB7C018FB3B3311B2BCD0F0E61.d.2D9A9D290EC543ABBD0438A5A3CE7783.e.6815","ELEMENT":"f.3D8655DB7C018FB3B3311B2BCD0F0E61.d.2D9A9D290EC543ABBD0438A5A3CE7783.e.6815"}]}
COMMAND: GET /session/e537112f6f31df0d8590d52383dd5938/element/f.3D8655DB7C018FB3B3311B2BCD0F0E61.d.2D9A9D290EC543ABBD0438A5A3CE7783.e.6814/attribute/aria-checked - {}
COMMAND: GET /session/e537112f6f31df0d8590d52383dd5938/screenshot - {}
RESULT: {}
COMMAND: POST /session/e537112f6f31df0d8590d52383dd5938/element - {"using":"xpath","value":"//table[contains(@id, \"listView-innerSelectionPanelTable-listUl\")]/tbody/tr[6]/td[2]/div/div"}
RESULT: {}
RESULT: {"using":"xpath","value":"//table[contains(@id, \"listView-innerSelectionPanelTable-listUl\")]/tbody/tr[6]/td[2]/div/div"}
COMMAND: POST /session/e537112f6f31df0d8590d52383dd5938/element - {"using":"xpath","value":"//table[contains(@id, \"listView-innerSelectionPanelTable-listUl\")]/tbody/tr[6]/td[2]/div"}
RESULT: {"using":"xpath","value":"//table[contains(@id, \"listView-innerSelectionPanelTable-listUl\")]/tbody/tr[6]/td[2]/div"}
COMMAND: POST /session/e537112f6f31df0d8590d52383dd5938/element - {"using":"xpath","value":"//table[contains(@id, \"listView-innerSelectionPanelTable-listUl\")]/tbody/tr[6]/td[3]/div/div/span/span[1]/bdi"}
RESULT: {"using":"xpath","value":"//table[contains(@id, \"listView-innerSelectionPanelTable-listUl\")]/tbody/tr[6]/td[3]/div/div/span/span[1]/bdi"}
COMMAND: POST /session/e537112f6f31df0d8590d52383dd5938/execute/sync - {"script":"<script> [56 bytes]","args":[{"element-6066-11e4-a52e-4f735466cecf":"f.3D8655DB7C018FB3B3311B2BCD0F0E61.d.2D9A9D290EC543ABBD0438A5A3CE7783.e.6818","ELEMENT":"f.3D8655DB7C018FB3B3311B2BCD0F0E61.d.2D9A9D290EC543ABBD0438A5A3CE7783.e.6818"}]}
RESULT: {"script":"<script> [56 bytes]","args":[{"element-6066-11e4-a52e-4f735466cecf":"f.3D8655DB7C018FB3B3311B2BCD0F0E61.d.2D9A9D290EC543ABBD0438A5A3CE7783.e.6818","ELEMENT":"f.3D8655DB7C018FB3B3311B2BCD0F0E61.d.2D9A9D290EC543ABBD0438A5A3CE7783.e.6818"}]}
COMMAND: GET /session/e537112f6f31df0d8590d52383dd5938/element/f.3D8655DB7C018FB3B3311B2BCD0F0E61.d.2D9A9D290EC543ABBD0438A5A3CE7783.e.6817/attribute/aria-checked - {}
COMMAND: GET /session/e537112f6f31df0d8590d52383dd5938/screenshot - {}
RESULT: {}
COMMAND: POST /session/e537112f6f31df0d8590d52383dd5938/element - {"using":"xpath","value":"//table[contains(@id, \"listView-innerSelectionPanelTable-listUl\")]/tbody/tr[7]/td[2]/div/div"}
RESULT: {}
RESULT: {"using":"xpath","value":"//table[contains(@id, \"listView-innerSelectionPanelTable-listUl\")]/tbody/tr[7]/td[2]/div/div"}
COMMAND: POST /session/e537112f6f31df0d8590d52383dd5938/element - {"using":"xpath","value":"//table[contains(@id, \"listView-innerSelectionPanelTable-listUl\")]/tbody/tr[7]/td[2]/div"}
RESULT: {"using":"xpath","value":"//table[contains(@id, \"listView-innerSelectionPanelTable-listUl\")]/tbody/tr[7]/td[2]/div"}
COMMAND: POST /session/e537112f6f31df0d8590d52383dd5938/element - {"using":"xpath","value":"//table[contains(@id, \"listView-innerSelectionPanelTable-listUl\")]/tbody/tr[7]/td[3]/div/div/span/span[1]/bdi"}
RESULT: {"using":"xpath","value":"//table[contains(@id, \"listView-innerSelectionPanelTable-listUl\")]/tbody/tr[7]/td[3]/div/div/span/span[1]/bdi"}
COMMAND: POST /session/e537112f6f31df0d8590d52383dd5938/execute/sync - {"script":"<script> [56 bytes]","args":[{"element-6066-11e4-a52e-4f735466cecf":"f.3D8655DB7C018FB3B3311B2BCD0F0E61.d.2D9A9D290EC543ABBD0438A5A3CE7783.e.6821","ELEMENT":"f.3D8655DB7C018FB3B3311B2BCD0F0E61.d.2D9A9D290EC543ABBD0438A5A3CE7783.e.6821"}]}
RESULT: {"script":"<script> [56 bytes]","args":[{"element-6066-11e4-a52e-4f735466cecf":"f.3D8655DB7C018FB3B3311B2BCD0F0E61.d.2D9A9D290EC543ABBD0438A5A3CE7783.e.6821","ELEMENT":"f.3D8655DB7C018FB3B3311B2BCD0F0E61.d.2D9A9D290EC543ABBD0438A5A3CE7783.e.6821"}]}
COMMAND: GET /session/e537112f6f31df0d8590d52383dd5938/element/f.3D8655DB7C018FB3B3311B2BCD0F0E61.d.2D9A9D290EC543ABBD0438A5A3CE7783.e.6820/attribute/aria-checked - {}
COMMAND: GET /session/e537112f6f31df0d8590d52383dd5938/screenshot - {}
RESULT: {}
COMMAND: POST /session/e537112f6f31df0d8590d52383dd5938/element - {"using":"xpath","value":"//table[contains(@id, \"listView-innerSelectionPanelTable-listUl\")]/tbody/tr[8]/td[2]/div/div"}
RESULT: {}
RESULT: {"using":"xpath","value":"//table[contains(@id, \"listView-innerSelectionPanelTable-listUl\")]/tbody/tr[8]/td[2]/div/div"}
COMMAND: POST /session/e537112f6f31df0d8590d52383dd5938/element - {"using":"xpath","value":"//table[contains(@id, \"listView-innerSelectionPanelTable-listUl\")]/tbody/tr[8]/td[2]/div"}
RESULT: {"using":"xpath","value":"//table[contains(@id, \"listView-innerSelectionPanelTable-listUl\")]/tbody/tr[8]/td[2]/div"}
COMMAND: POST /session/e537112f6f31df0d8590d52383dd5938/element - {"using":"xpath","value":"//table[contains(@id, \"listView-innerSelectionPanelTable-listUl\")]/tbody/tr[8]/td[3]/div/div/span/span[1]/bdi"}
RESULT: {"using":"xpath","value":"//table[contains(@id, \"listView-innerSelectionPanelTable-listUl\")]/tbody/tr[8]/td[3]/div/div/span/span[1]/bdi"}
COMMAND: POST /session/e537112f6f31df0d8590d52383dd5938/execute/sync - {"script":"<script> [56 bytes]","args":[{"element-6066-11e4-a52e-4f735466cecf":"f.3D8655DB7C018FB3B3311B2BCD0F0E61.d.2D9A9D290EC543ABBD0438A5A3CE7783.e.6824","ELEMENT":"f.3D8655DB7C018FB3B3311B2BCD0F0E61.d.2D9A9D290EC543ABBD0438A5A3CE7783.e.6824"}]}
RESULT: {"script":"<script> [56 bytes]","args":[{"element-6066-11e4-a52e-4f735466cecf":"f.3D8655DB7C018FB3B3311B2BCD0F0E61.d.2D9A9D290EC543ABBD0438A5A3CE7783.e.6824","ELEMENT":"f.3D8655DB7C018FB3B3311B2BCD0F0E61.d.2D9A9D290EC543ABBD0438A5A3CE7783.e.6824"}]}
COMMAND: GET /session/e537112f6f31df0d8590d52383dd5938/element/f.3D8655DB7C018FB3B3311B2BCD0F0E61.d.2D9A9D290EC543ABBD0438A5A3CE7783.e.6823/attribute/aria-checked - {}
COMMAND: GET /session/e537112f6f31df0d8590d52383dd5938/screenshot - {}
RESULT: {}
COMMAND: POST /session/e537112f6f31df0d8590d52383dd5938/element - {"using":"xpath","value":"//table[contains(@id, \"listView-innerSelectionPanelTable-listUl\")]/tbody/tr[9]/td[2]/div/div"}
RESULT: {}
RESULT: {"using":"xpath","value":"//table[contains(@id, \"listView-innerSelectionPanelTable-listUl\")]/tbody/tr[9]/td[2]/div/div"}
COMMAND: POST /session/e537112f6f31df0d8590d52383dd5938/element - {"using":"xpath","value":"//table[contains(@id, \"listView-innerSelectionPanelTable-listUl\")]/tbody/tr[9]/td[2]/div"}
RESULT: {"using":"xpath","value":"//table[contains(@id, \"listView-innerSelectionPanelTable-listUl\")]/tbody/tr[9]/td[2]/div"}
COMMAND: POST /session/e537112f6f31df0d8590d52383dd5938/element - {"using":"xpath","value":"//table[contains(@id, \"listView-innerSelectionPanelTable-listUl\")]/tbody/tr[9]/td[3]/div/div/span/span[1]/bdi"}
RESULT: {"using":"xpath","value":"//table[contains(@id, \"listView-innerSelectionPanelTable-listUl\")]/tbody/tr[9]/td[3]/div/div/span/span[1]/bdi"}
COMMAND: POST /session/e537112f6f31df0d8590d52383dd5938/execute/sync - {"script":"<script> [56 bytes]","args":[{"element-6066-11e4-a52e-4f735466cecf":"f.3D8655DB7C018FB3B3311B2BCD0F0E61.d.2D9A9D290EC543ABBD0438A5A3CE7783.e.6827","ELEMENT":"f.3D8655DB7C018FB3B3311B2BCD0F0E61.d.2D9A9D290EC543ABBD0438A5A3CE7783.e.6827"}]}
RESULT: {"script":"<script> [56 bytes]","args":[{"element-6066-11e4-a52e-4f735466cecf":"f.3D8655DB7C018FB3B3311B2BCD0F0E61.d.2D9A9D290EC543ABBD0438A5A3CE7783.e.6827","ELEMENT":"f.3D8655DB7C018FB3B3311B2BCD0F0E61.d.2D9A9D290EC543ABBD0438A5A3CE7783.e.6827"}]}
COMMAND: GET /session/e537112f6f31df0d8590d52383dd5938/element/f.3D8655DB7C018FB3B3311B2BCD0F0E61.d.2D9A9D290EC543ABBD0438A5A3CE7783.e.6826/attribute/aria-checked - {}
COMMAND: GET /session/e537112f6f31df0d8590d52383dd5938/screenshot - {}
RESULT: {}
COMMAND: POST /session/e537112f6f31df0d8590d52383dd5938/element - {"using":"xpath","value":"//table[contains(@id, \"listView-innerSelectionPanelTable-listUl\")]/tbody/tr[10]/td[2]/div/div"}
RESULT: {}
RESULT: {"using":"xpath","value":"//table[contains(@id, \"listView-innerSelectionPanelTable-listUl\")]/tbody/tr[10]/td[2]/div/div"}
COMMAND: POST /session/e537112f6f31df0d8590d52383dd5938/element - {"using":"xpath","value":"//table[contains(@id, \"listView-innerSelectionPanelTable-listUl\")]/tbody/tr[10]/td[2]/div"}
RESULT: {"using":"xpath","value":"//table[contains(@id, \"listView-innerSelectionPanelTable-listUl\")]/tbody/tr[10]/td[2]/div"}
COMMAND: POST /session/e537112f6f31df0d8590d52383dd5938/element - {"using":"xpath","value":"//table[contains(@id, \"listView-innerSelectionPanelTable-listUl\")]/tbody/tr[10]/td[3]/div/div/span/span[1]/bdi"}
RESULT: {"using":"xpath","value":"//table[contains(@id, \"listView-innerSelectionPanelTable-listUl\")]/tbody/tr[10]/td[3]/div/div/span/span[1]/bdi"}
COMMAND: POST /session/e537112f6f31df0d8590d52383dd5938/execute/sync - {"script":"<script> [56 bytes]","args":[{"element-6066-11e4-a52e-4f735466cecf":"f.3D8655DB7C018FB3B3311B2BCD0F0E61.d.2D9A9D290EC543ABBD0438A5A3CE7783.e.6830","ELEMENT":"f.3D8655DB7C018FB3B3311B2BCD0F0E61.d.2D9A9D290EC543ABBD0438A5A3CE7783.e.6830"}]}
RESULT: {"script":"<script> [56 bytes]","args":[{"element-6066-11e4-a52e-4f735466cecf":"f.3D8655DB7C018FB3B3311B2BCD0F0E61.d.2D9A9D290EC543ABBD0438A5A3CE7783.e.6830","ELEMENT":"f.3D8655DB7C018FB3B3311B2BCD0F0E61.d.2D9A9D290EC543ABBD0438A5A3CE7783.e.6830"}]}
COMMAND: GET /session/e537112f6f31df0d8590d52383dd5938/element/f.3D8655DB7C018FB3B3311B2BCD0F0E61.d.2D9A9D290EC543ABBD0438A5A3CE7783.e.6829/attribute/aria-checked - {}
COMMAND: GET /session/e537112f6f31df0d8590d52383dd5938/screenshot - {}
RESULT: {}
COMMAND: POST /session/e537112f6f31df0d8590d52383dd5938/element - {"using":"xpath","value":"//table[contains(@id, \"listView-innerSelectionPanelTable-listUl\")]/tbody/tr[11]/td[2]/div/div"}
RESULT: {}
RESULT: {"using":"xpath","value":"//table[contains(@id, \"listView-innerSelectionPanelTable-listUl\")]/tbody/tr[11]/td[2]/div/div"}
COMMAND: POST /session/e537112f6f31df0d8590d52383dd5938/element - {"using":"xpath","value":"//table[contains(@id, \"listView-innerSelectionPanelTable-listUl\")]/tbody/tr[11]/td[2]/div"}
RESULT: {"using":"xpath","value":"//table[contains(@id, \"listView-innerSelectionPanelTable-listUl\")]/tbody/tr[11]/td[2]/div"}
COMMAND: POST /session/e537112f6f31df0d8590d52383dd5938/element - {"using":"xpath","value":"//table[contains(@id, \"listView-innerSelectionPanelTable-listUl\")]/tbody/tr[11]/td[3]/div/div/span/span[1]/bdi"}
RESULT: {"using":"xpath","value":"//table[contains(@id, \"listView-innerSelectionPanelTable-listUl\")]/tbody/tr[11]/td[3]/div/div/span/span[1]/bdi"}
COMMAND: POST /session/e537112f6f31df0d8590d52383dd5938/execute/sync - {"script":"<script> [56 bytes]","args":[{"element-6066-11e4-a52e-4f735466cecf":"f.3D8655DB7C018FB3B3311B2BCD0F0E61.d.2D9A9D290EC543ABBD0438A5A3CE7783.e.6833","ELEMENT":"f.3D8655DB7C018FB3B3311B2BCD0F0E61.d.2D9A9D290EC543ABBD0438A5A3CE7783.e.6833"}]}
RESULT: {"script":"<script> [56 bytes]","args":[{"element-6066-11e4-a52e-4f735466cecf":"f.3D8655DB7C018FB3B3311B2BCD0F0E61.d.2D9A9D290EC543ABBD0438A5A3CE7783.e.6833","ELEMENT":"f.3D8655DB7C018FB3B3311B2BCD0F0E61.d.2D9A9D290EC543ABBD0438A5A3CE7783.e.6833"}]}
COMMAND: GET /session/e537112f6f31df0d8590d52383dd5938/element/f.3D8655DB7C018FB3B3311B2BCD0F0E61.d.2D9A9D290EC543ABBD0438A5A3CE7783.e.6832/attribute/aria-checked - {}
COMMAND: GET /session/e537112f6f31df0d8590d52383dd5938/screenshot - {}
RESULT: {}
COMMAND: POST /session/e537112f6f31df0d8590d52383dd5938/element - {"using":"xpath","value":"//table[contains(@id, \"listView-innerSelectionPanelTable-listUl\")]/tbody/tr[12]/td[2]/div/div"}
RESULT: {}
RESULT: {"using":"xpath","value":"//table[contains(@id, \"listView-innerSelectionPanelTable-listUl\")]/tbody/tr[12]/td[2]/div/div"}
COMMAND: POST /session/e537112f6f31df0d8590d52383dd5938/element - {"using":"xpath","value":"//table[contains(@id, \"listView-innerSelectionPanelTable-listUl\")]/tbody/tr[12]/td[2]/div"}
RESULT: {"using":"xpath","value":"//table[contains(@id, \"listView-innerSelectionPanelTable-listUl\")]/tbody/tr[12]/td[2]/div"}
COMMAND: POST /session/e537112f6f31df0d8590d52383dd5938/element - {"using":"xpath","value":"//table[contains(@id, \"listView-innerSelectionPanelTable-listUl\")]/tbody/tr[12]/td[3]/div/div/span/span[1]/bdi"}
RESULT: {"using":"xpath","value":"//table[contains(@id, \"listView-innerSelectionPanelTable-listUl\")]/tbody/tr[12]/td[3]/div/div/span/span[1]/bdi"}
COMMAND: POST /session/e537112f6f31df0d8590d52383dd5938/execute/sync - {"script":"<script> [56 bytes]","args":[{"element-6066-11e4-a52e-4f735466cecf":"f.3D8655DB7C018FB3B3311B2BCD0F0E61.d.2D9A9D290EC543ABBD0438A5A3CE7783.e.6836","ELEMENT":"f.3D8655DB7C018FB3B3311B2BCD0F0E61.d.2D9A9D290EC543ABBD0438A5A3CE7783.e.6836"}]}
RESULT: {"script":"<script> [56 bytes]","args":[{"element-6066-11e4-a52e-4f735466cecf":"f.3D8655DB7C018FB3B3311B2BCD0F0E61.d.2D9A9D290EC543ABBD0438A5A3CE7783.e.6836","ELEMENT":"f.3D8655DB7C018FB3B3311B2BCD0F0E61.d.2D9A9D290EC543ABBD0438A5A3CE7783.e.6836"}]}
COMMAND: GET /session/e537112f6f31df0d8590d52383dd5938/element/f.3D8655DB7C018FB3B3311B2BCD0F0E61.d.2D9A9D290EC543ABBD0438A5A3CE7783.e.6835/attribute/aria-checked - {}
COMMAND: GET /session/e537112f6f31df0d8590d52383dd5938/screenshot - {}
RESULT: {}
COMMAND: POST /session/e537112f6f31df0d8590d52383dd5938/element - {"using":"xpath","value":"//table[contains(@id, \"listView-innerSelectionPanelTable-listUl\")]/tbody/tr[13]/td[2]/div/div"}
RESULT: {}
RESULT: {"using":"xpath","value":"//table[contains(@id, \"listView-innerSelectionPanelTable-listUl\")]/tbody/tr[13]/td[2]/div/div"}
COMMAND: POST /session/e537112f6f31df0d8590d52383dd5938/element - {"using":"xpath","value":"//table[contains(@id, \"listView-innerSelectionPanelTable-listUl\")]/tbody/tr[13]/td[2]/div"}
RESULT: {"using":"xpath","value":"//table[contains(@id, \"listView-innerSelectionPanelTable-listUl\")]/tbody/tr[13]/td[2]/div"}
COMMAND: POST /session/e537112f6f31df0d8590d52383dd5938/element - {"using":"xpath","value":"//table[contains(@id, \"listView-innerSelectionPanelTable-listUl\")]/tbody/tr[13]/td[3]/div/div/span/span[1]/bdi"}
RESULT: {"using":"xpath","value":"//table[contains(@id, \"listView-innerSelectionPanelTable-listUl\")]/tbody/tr[13]/td[3]/div/div/span/span[1]/bdi"}
COMMAND: POST /session/e537112f6f31df0d8590d52383dd5938/execute/sync - {"script":"<script> [56 bytes]","args":[{"element-6066-11e4-a52e-4f735466cecf":"f.3D8655DB7C018FB3B3311B2BCD0F0E61.d.2D9A9D290EC543ABBD0438A5A3CE7783.e.6839","ELEMENT":"f.3D8655DB7C018FB3B3311B2BCD0F0E61.d.2D9A9D290EC543ABBD0438A5A3CE7783.e.6839"}]}
RESULT: {"script":"<script> [56 bytes]","args":[{"element-6066-11e4-a52e-4f735466cecf":"f.3D8655DB7C018FB3B3311B2BCD0F0E61.d.2D9A9D290EC543ABBD0438A5A3CE7783.e.6839","ELEMENT":"f.3D8655DB7C018FB3B3311B2BCD0F0E61.d.2D9A9D290EC543ABBD0438A5A3CE7783.e.6839"}]}
COMMAND: GET /session/e537112f6f31df0d8590d52383dd5938/element/f.3D8655DB7C018FB3B3311B2BCD0F0E61.d.2D9A9D290EC543ABBD0438A5A3CE7783.e.6838/attribute/aria-checked - {}
COMMAND: GET /session/e537112f6f31df0d8590d52383dd5938/screenshot - {}
RESULT: {}
COMMAND: POST /session/e537112f6f31df0d8590d52383dd5938/element - {"using":"xpath","value":"//table[contains(@id, \"listView-innerSelectionPanelTable-listUl\")]/tbody/tr[14]/td[2]/div/div"}
COMMAND: POST /session/e537112f6f31df0d8590d52383dd5938/element/f.3D8655DB7C018FB3B3311B2BCD0F0E61.d.2D9A9D290EC543ABBD0438A5A3CE7783.e.6837/click - {}
RESULT: {}
RESULT: {"using":"xpath","value":"//table[contains(@id, \"listView-innerSelectionPanelTable-listUl\")]/tbody/tr[14]/td[2]/div/div"}
COMMAND: POST /session/e537112f6f31df0d8590d52383dd5938/element - {"using":"xpath","value":"//table[contains(@id, \"listView-innerSelectionPanelTable-listUl\")]/tbody/tr[14]/td[2]/div"}
RESULT: {}
COMMAND: GET /session/e537112f6f31df0d8590d52383dd5938/screenshot - {}
RESULT: {"using":"xpath","value":"//table[contains(@id, \"listView-innerSelectionPanelTable-listUl\")]/tbody/tr[14]/td[2]/div"}
COMMAND: POST /session/e537112f6f31df0d8590d52383dd5938/element - {"using":"xpath","value":"//table[contains(@id, \"listView-innerSelectionPanelTable-listUl\")]/tbody/tr[14]/td[3]/div/div/span/span[1]/bdi"}
RESULT: {}
RESULT: {"using":"xpath","value":"//table[contains(@id, \"listView-innerSelectionPanelTable-listUl\")]/tbody/tr[14]/td[3]/div/div/span/span[1]/bdi"}
COMMAND: POST /session/e537112f6f31df0d8590d52383dd5938/execute/sync - {"script":"<script> [56 bytes]","args":[{"element-6066-11e4-a52e-4f735466cecf":"f.3D8655DB7C018FB3B3311B2BCD0F0E61.d.2D9A9D290EC543ABBD0438A5A3CE7783.e.6843","ELEMENT":"f.3D8655DB7C018FB3B3311B2BCD0F0E61.d.2D9A9D290EC543ABBD0438A5A3CE7783.e.6843"}]}
RESULT: {"script":"<script> [56 bytes]","args":[{"element-6066-11e4-a52e-4f735466cecf":"f.3D8655DB7C018FB3B3311B2BCD0F0E61.d.2D9A9D290EC543ABBD0438A5A3CE7783.e.6843","ELEMENT":"f.3D8655DB7C018FB3B3311B2BCD0F0E61.d.2D9A9D290EC543ABBD0438A5A3CE7783.e.6843"}]}
COMMAND: GET /session/e537112f6f31df0d8590d52383dd5938/element/f.3D8655DB7C018FB3B3311B2BCD0F0E61.d.2D9A9D290EC543ABBD0438A5A3CE7783.e.6842/attribute/aria-checked - {}
COMMAND: GET /session/e537112f6f31df0d8590d52383dd5938/screenshot - {}
RESULT: {}
COMMAND: POST /session/e537112f6f31df0d8590d52383dd5938/element - {"using":"xpath","value":"//table[contains(@id, \"listView-innerSelectionPanelTable-listUl\")]/tbody/tr[15]/td[2]/div/div"}
RESULT: {}
RESULT: {"using":"xpath","value":"//table[contains(@id, \"listView-innerSelectionPanelTable-listUl\")]/tbody/tr[15]/td[2]/div/div"}
COMMAND: POST /session/e537112f6f31df0d8590d52383dd5938/element - {"using":"xpath","value":"//table[contains(@id, \"listView-innerSelectionPanelTable-listUl\")]/tbody/tr[15]/td[2]/div"}
RESULT: {"using":"xpath","value":"//table[contains(@id, \"listView-innerSelectionPanelTable-listUl\")]/tbody/tr[15]/td[2]/div"}
COMMAND: POST /session/e537112f6f31df0d8590d52383dd5938/element - {"using":"xpath","value":"//table[contains(@id, \"listView-innerSelectionPanelTable-listUl\")]/tbody/tr[15]/td[3]/div/div/span/span[1]/bdi"}
RESULT: {"using":"xpath","value":"//table[contains(@id, \"listView-innerSelectionPanelTable-listUl\")]/tbody/tr[15]/td[3]/div/div/span/span[1]/bdi"}
COMMAND: POST /session/e537112f6f31df0d8590d52383dd5938/execute/sync - {"script":"<script> [56 bytes]","args":[{"element-6066-11e4-a52e-4f735466cecf":"f.3D8655DB7C018FB3B3311B2BCD0F0E61.d.2D9A9D290EC543ABBD0438A5A3CE7783.e.6846","ELEMENT":"f.3D8655DB7C018FB3B3311B2BCD0F0E61.d.2D9A9D290EC543ABBD0438A5A3CE7783.e.6846"}]}
RESULT: {"script":"<script> [56 bytes]","args":[{"element-6066-11e4-a52e-4f735466cecf":"f.3D8655DB7C018FB3B3311B2BCD0F0E61.d.2D9A9D290EC543ABBD0438A5A3CE7783.e.6846","ELEMENT":"f.3D8655DB7C018FB3B3311B2BCD0F0E61.d.2D9A9D290EC543ABBD0438A5A3CE7783.e.6846"}]}
COMMAND: GET /session/e537112f6f31df0d8590d52383dd5938/element/f.3D8655DB7C018FB3B3311B2BCD0F0E61.d.2D9A9D290EC543ABBD0438A5A3CE7783.e.6845/attribute/aria-checked - {}
COMMAND: GET /session/e537112f6f31df0d8590d52383dd5938/screenshot - {}
RESULT: {}
COMMAND: POST /session/e537112f6f31df0d8590d52383dd5938/element - {"using":"xpath","value":"//table[contains(@id, \"listView-innerSelectionPanelTable-listUl\")]/tbody/tr[16]/td[2]/div/div"}
RESULT: {}
RESULT: {"using":"xpath","value":"//table[contains(@id, \"listView-innerSelectionPanelTable-listUl\")]/tbody/tr[16]/td[2]/div/div"}
COMMAND: POST /session/e537112f6f31df0d8590d52383dd5938/element - {"using":"xpath","value":"//table[contains(@id, \"listView-innerSelectionPanelTable-listUl\")]/tbody/tr[16]/td[2]/div"}
RESULT: {"using":"xpath","value":"//table[contains(@id, \"listView-innerSelectionPanelTable-listUl\")]/tbody/tr[16]/td[2]/div"}
COMMAND: POST /session/e537112f6f31df0d8590d52383dd5938/element - {"using":"xpath","value":"//table[contains(@id, \"listView-innerSelectionPanelTable-listUl\")]/tbody/tr[16]/td[3]/div/div/span/span[1]/bdi"}
RESULT: {"using":"xpath","value":"//table[contains(@id, \"listView-innerSelectionPanelTable-listUl\")]/tbody/tr[16]/td[3]/div/div/span/span[1]/bdi"}
COMMAND: POST /session/e537112f6f31df0d8590d52383dd5938/execute/sync - {"script":"<script> [56 bytes]","args":[{"element-6066-11e4-a52e-4f735466cecf":"f.3D8655DB7C018FB3B3311B2BCD0F0E61.d.2D9A9D290EC543ABBD0438A5A3CE7783.e.6849","ELEMENT":"f.3D8655DB7C018FB3B3311B2BCD0F0E61.d.2D9A9D290EC543ABBD0438A5A3CE7783.e.6849"}]}
RESULT: {"script":"<script> [56 bytes]","args":[{"element-6066-11e4-a52e-4f735466cecf":"f.3D8655DB7C018FB3B3311B2BCD0F0E61.d.2D9A9D290EC543ABBD0438A5A3CE7783.e.6849","ELEMENT":"f.3D8655DB7C018FB3B3311B2BCD0F0E61.d.2D9A9D290EC543ABBD0438A5A3CE7783.e.6849"}]}
COMMAND: GET /session/e537112f6f31df0d8590d52383dd5938/element/f.3D8655DB7C018FB3B3311B2BCD0F0E61.d.2D9A9D290EC543ABBD0438A5A3CE7783.e.6848/attribute/aria-checked - {}
COMMAND: GET /session/e537112f6f31df0d8590d52383dd5938/screenshot - {}
RESULT: {}
COMMAND: POST /session/e537112f6f31df0d8590d52383dd5938/element - {"using":"xpath","value":"//table[contains(@id, \"listView-innerSelectionPanelTable-listUl\")]/tbody/tr[17]/td[2]/div/div"}
RESULT: {}
RESULT: {"using":"xpath","value":"//table[contains(@id, \"listView-innerSelectionPanelTable-listUl\")]/tbody/tr[17]/td[2]/div/div"}
COMMAND: POST /session/e537112f6f31df0d8590d52383dd5938/element - {"using":"xpath","value":"//table[contains(@id, \"listView-innerSelectionPanelTable-listUl\")]/tbody/tr[17]/td[2]/div"}
RESULT: {"using":"xpath","value":"//table[contains(@id, \"listView-innerSelectionPanelTable-listUl\")]/tbody/tr[17]/td[2]/div"}
COMMAND: POST /session/e537112f6f31df0d8590d52383dd5938/element - {"using":"xpath","value":"//table[contains(@id, \"listView-innerSelectionPanelTable-listUl\")]/tbody/tr[17]/td[3]/div/div/span/span[1]/bdi"}
RESULT: {"using":"xpath","value":"//table[contains(@id, \"listView-innerSelectionPanelTable-listUl\")]/tbody/tr[17]/td[3]/div/div/span/span[1]/bdi"}
COMMAND: POST /session/e537112f6f31df0d8590d52383dd5938/execute/sync - {"script":"<script> [56 bytes]","args":[{"element-6066-11e4-a52e-4f735466cecf":"f.3D8655DB7C018FB3B3311B2BCD0F0E61.d.2D9A9D290EC543ABBD0438A5A3CE7783.e.6852","ELEMENT":"f.3D8655DB7C018FB3B3311B2BCD0F0E61.d.2D9A9D290EC543ABBD0438A5A3CE7783.e.6852"}]}
RESULT: {"script":"<script> [56 bytes]","args":[{"element-6066-11e4-a52e-4f735466cecf":"f.3D8655DB7C018FB3B3311B2BCD0F0E61.d.2D9A9D290EC543ABBD0438A5A3CE7783.e.6852","ELEMENT":"f.3D8655DB7C018FB3B3311B2BCD0F0E61.d.2D9A9D290EC543ABBD0438A5A3CE7783.e.6852"}]}
COMMAND: GET /session/e537112f6f31df0d8590d52383dd5938/element/f.3D8655DB7C018FB3B3311B2BCD0F0E61.d.2D9A9D290EC543ABBD0438A5A3CE7783.e.6851/attribute/aria-checked - {}
COMMAND: GET /session/e537112f6f31df0d8590d52383dd5938/screenshot - {}
RESULT: {}
COMMAND: POST /session/e537112f6f31df0d8590d52383dd5938/element - {"using":"xpath","value":"//table[contains(@id, \"listView-innerSelectionPanelTable-listUl\")]/tbody/tr[18]/td[2]/div/div"}
RESULT: {}
RESULT: {"using":"xpath","value":"//table[contains(@id, \"listView-innerSelectionPanelTable-listUl\")]/tbody/tr[18]/td[2]/div/div"}
COMMAND: POST /session/e537112f6f31df0d8590d52383dd5938/element - {"using":"xpath","value":"//table[contains(@id, \"listView-innerSelectionPanelTable-listUl\")]/tbody/tr[18]/td[2]/div"}
RESULT: {"using":"xpath","value":"//table[contains(@id, \"listView-innerSelectionPanelTable-listUl\")]/tbody/tr[18]/td[2]/div"}
COMMAND: POST /session/e537112f6f31df0d8590d52383dd5938/element - {"using":"xpath","value":"//table[contains(@id, \"listView-innerSelectionPanelTable-listUl\")]/tbody/tr[18]/td[3]/div/div/span/span[1]/bdi"}
RESULT: {"using":"xpath","value":"//table[contains(@id, \"listView-innerSelectionPanelTable-listUl\")]/tbody/tr[18]/td[3]/div/div/span/span[1]/bdi"}
COMMAND: POST /session/e537112f6f31df0d8590d52383dd5938/execute/sync - {"script":"<script> [56 bytes]","args":[{"element-6066-11e4-a52e-4f735466cecf":"f.3D8655DB7C018FB3B3311B2BCD0F0E61.d.2D9A9D290EC543ABBD0438A5A3CE7783.e.6855","ELEMENT":"f.3D8655DB7C018FB3B3311B2BCD0F0E61.d.2D9A9D290EC543ABBD0438A5A3CE7783.e.6855"}]}
RESULT: {"script":"<script> [56 bytes]","args":[{"element-6066-11e4-a52e-4f735466cecf":"f.3D8655DB7C018FB3B3311B2BCD0F0E61.d.2D9A9D290EC543ABBD0438A5A3CE7783.e.6855","ELEMENT":"f.3D8655DB7C018FB3B3311B2BCD0F0E61.d.2D9A9D290EC543ABBD0438A5A3CE7783.e.6855"}]}
COMMAND: GET /session/e537112f6f31df0d8590d52383dd5938/element/f.3D8655DB7C018FB3B3311B2BCD0F0E61.d.2D9A9D290EC543ABBD0438A5A3CE7783.e.6854/attribute/aria-checked - {}
COMMAND: GET /session/e537112f6f31df0d8590d52383dd5938/screenshot - {}
RESULT: {}
COMMAND: POST /session/e537112f6f31df0d8590d52383dd5938/element - {"using":"xpath","value":"//table[contains(@id, \"listView-innerSelectionPanelTable-listUl\")]/tbody/tr[19]/td[2]/div/div"}
RESULT: {}
RESULT: {"using":"xpath","value":"//table[contains(@id, \"listView-innerSelectionPanelTable-listUl\")]/tbody/tr[19]/td[2]/div/div"}
COMMAND: POST /session/e537112f6f31df0d8590d52383dd5938/element - {"using":"xpath","value":"//table[contains(@id, \"listView-innerSelectionPanelTable-listUl\")]/tbody/tr[19]/td[2]/div"}
RESULT: {"using":"xpath","value":"//table[contains(@id, \"listView-innerSelectionPanelTable-listUl\")]/tbody/tr[19]/td[2]/div"}
COMMAND: POST /session/e537112f6f31df0d8590d52383dd5938/element - {"using":"xpath","value":"//table[contains(@id, \"listView-innerSelectionPanelTable-listUl\")]/tbody/tr[19]/td[3]/div/div/span/span[1]/bdi"}
RESULT: {"using":"xpath","value":"//table[contains(@id, \"listView-innerSelectionPanelTable-listUl\")]/tbody/tr[19]/td[3]/div/div/span/span[1]/bdi"}
COMMAND: POST /session/e537112f6f31df0d8590d52383dd5938/execute/sync - {"script":"<script> [56 bytes]","args":[{"element-6066-11e4-a52e-4f735466cecf":"f.3D8655DB7C018FB3B3311B2BCD0F0E61.d.2D9A9D290EC543ABBD0438A5A3CE7783.e.6858","ELEMENT":"f.3D8655DB7C018FB3B3311B2BCD0F0E61.d.2D9A9D290EC543ABBD0438A5A3CE7783.e.6858"}]}
RESULT: {"script":"<script> [56 bytes]","args":[{"element-6066-11e4-a52e-4f735466cecf":"f.3D8655DB7C018FB3B3311B2BCD0F0E61.d.2D9A9D290EC543ABBD0438A5A3CE7783.e.6858","ELEMENT":"f.3D8655DB7C018FB3B3311B2BCD0F0E61.d.2D9A9D290EC543ABBD0438A5A3CE7783.e.6858"}]}
COMMAND: GET /session/e537112f6f31df0d8590d52383dd5938/element/f.3D8655DB7C018FB3B3311B2BCD0F0E61.d.2D9A9D290EC543ABBD0438A5A3CE7783.e.6857/attribute/aria-checked - {}
COMMAND: GET /session/e537112f6f31df0d8590d52383dd5938/screenshot - {}
RESULT: {}
COMMAND: POST /session/e537112f6f31df0d8590d52383dd5938/element - {"using":"xpath","value":"//table[contains(@id, \"listView-innerSelectionPanelTable-listUl\")]/tbody/tr[20]/td[2]/div/div"}
RESULT: {}
RESULT: {"using":"xpath","value":"//table[contains(@id, \"listView-innerSelectionPanelTable-listUl\")]/tbody/tr[20]/td[2]/div/div"}
COMMAND: POST /session/e537112f6f31df0d8590d52383dd5938/element - {"using":"xpath","value":"//table[contains(@id, \"listView-innerSelectionPanelTable-listUl\")]/tbody/tr[20]/td[2]/div"}
RESULT: {"using":"xpath","value":"//table[contains(@id, \"listView-innerSelectionPanelTable-listUl\")]/tbody/tr[20]/td[2]/div"}
COMMAND: POST /session/e537112f6f31df0d8590d52383dd5938/element - {"using":"xpath","value":"//table[contains(@id, \"listView-innerSelectionPanelTable-listUl\")]/tbody/tr[20]/td[3]/div/div/span/span[1]/bdi"}
RESULT: {"using":"xpath","value":"//table[contains(@id, \"listView-innerSelectionPanelTable-listUl\")]/tbody/tr[20]/td[3]/div/div/span/span[1]/bdi"}
COMMAND: POST /session/e537112f6f31df0d8590d52383dd5938/execute/sync - {"script":"<script> [56 bytes]","args":[{"element-6066-11e4-a52e-4f735466cecf":"f.3D8655DB7C018FB3B3311B2BCD0F0E61.d.2D9A9D290EC543ABBD0438A5A3CE7783.e.6861","ELEMENT":"f.3D8655DB7C018FB3B3311B2BCD0F0E61.d.2D9A9D290EC543ABBD0438A5A3CE7783.e.6861"}]}
RESULT: {"script":"<script> [56 bytes]","args":[{"element-6066-11e4-a52e-4f735466cecf":"f.3D8655DB7C018FB3B3311B2BCD0F0E61.d.2D9A9D290EC543ABBD0438A5A3CE7783.e.6861","ELEMENT":"f.3D8655DB7C018FB3B3311B2BCD0F0E61.d.2D9A9D290EC543ABBD0438A5A3CE7783.e.6861"}]}
COMMAND: GET /session/e537112f6f31df0d8590d52383dd5938/element/f.3D8655DB7C018FB3B3311B2BCD0F0E61.d.2D9A9D290EC543ABBD0438A5A3CE7783.e.6860/attribute/aria-checked - {}
COMMAND: GET /session/e537112f6f31df0d8590d52383dd5938/screenshot - {}
RESULT: {}
COMMAND: POST /session/e537112f6f31df0d8590d52383dd5938/element - {"using":"xpath","value":"//table[contains(@id, \"listView-innerSelectionPanelTable-listUl\")]/tbody/tr[21]/td[2]/div/div"}
RESULT: {}
RESULT: {"using":"xpath","value":"//table[contains(@id, \"listView-innerSelectionPanelTable-listUl\")]/tbody/tr[21]/td[2]/div/div"}
COMMAND: POST /session/e537112f6f31df0d8590d52383dd5938/element - {"using":"xpath","value":"//table[contains(@id, \"listView-innerSelectionPanelTable-listUl\")]/tbody/tr[21]/td[2]/div"}
RESULT: {"using":"xpath","value":"//table[contains(@id, \"listView-innerSelectionPanelTable-listUl\")]/tbody/tr[21]/td[2]/div"}
COMMAND: POST /session/e537112f6f31df0d8590d52383dd5938/element - {"using":"xpath","value":"//table[contains(@id, \"listView-innerSelectionPanelTable-listUl\")]/tbody/tr[21]/td[3]/div/div/span/span[1]/bdi"}
RESULT: {"using":"xpath","value":"//table[contains(@id, \"listView-innerSelectionPanelTable-listUl\")]/tbody/tr[21]/td[3]/div/div/span/span[1]/bdi"}
COMMAND: POST /session/e537112f6f31df0d8590d52383dd5938/execute/sync - {"script":"<script> [56 bytes]","args":[{"element-6066-11e4-a52e-4f735466cecf":"f.3D8655DB7C018FB3B3311B2BCD0F0E61.d.2D9A9D290EC543ABBD0438A5A3CE7783.e.6864","ELEMENT":"f.3D8655DB7C018FB3B3311B2BCD0F0E61.d.2D9A9D290EC543ABBD0438A5A3CE7783.e.6864"}]}
RESULT: {"script":"<script> [56 bytes]","args":[{"element-6066-11e4-a52e-4f735466cecf":"f.3D8655DB7C018FB3B3311B2BCD0F0E61.d.2D9A9D290EC543ABBD0438A5A3CE7783.e.6864","ELEMENT":"f.3D8655DB7C018FB3B3311B2BCD0F0E61.d.2D9A9D290EC543ABBD0438A5A3CE7783.e.6864"}]}
COMMAND: GET /session/e537112f6f31df0d8590d52383dd5938/element/f.3D8655DB7C018FB3B3311B2BCD0F0E61.d.2D9A9D290EC543ABBD0438A5A3CE7783.e.6863/attribute/aria-checked - {}
COMMAND: GET /session/e537112f6f31df0d8590d52383dd5938/screenshot - {}
RESULT: {}
COMMAND: POST /session/e537112f6f31df0d8590d52383dd5938/element - {"using":"xpath","value":"//table[contains(@id, \"listView-innerSelectionPanelTable-listUl\")]/tbody/tr[22]/td[2]/div/div"}
RESULT: {}
RESULT: {"using":"xpath","value":"//table[contains(@id, \"listView-innerSelectionPanelTable-listUl\")]/tbody/tr[22]/td[2]/div/div"}
COMMAND: POST /session/e537112f6f31df0d8590d52383dd5938/element - {"using":"xpath","value":"//table[contains(@id, \"listView-innerSelectionPanelTable-listUl\")]/tbody/tr[22]/td[2]/div"}
RESULT: {"using":"xpath","value":"//table[contains(@id, \"listView-innerSelectionPanelTable-listUl\")]/tbody/tr[22]/td[2]/div"}
COMMAND: POST /session/e537112f6f31df0d8590d52383dd5938/element - {"using":"xpath","value":"//table[contains(@id, \"listView-innerSelectionPanelTable-listUl\")]/tbody/tr[22]/td[3]/div/div/span/span[1]/bdi"}
RESULT: {"using":"xpath","value":"//table[contains(@id, \"listView-innerSelectionPanelTable-listUl\")]/tbody/tr[22]/td[3]/div/div/span/span[1]/bdi"}
COMMAND: POST /session/e537112f6f31df0d8590d52383dd5938/execute/sync - {"script":"<script> [56 bytes]","args":[{"element-6066-11e4-a52e-4f735466cecf":"f.3D8655DB7C018FB3B3311B2BCD0F0E61.d.2D9A9D290EC543ABBD0438A5A3CE7783.e.6867","ELEMENT":"f.3D8655DB7C018FB3B3311B2BCD0F0E61.d.2D9A9D290EC543ABBD0438A5A3CE7783.e.6867"}]}
RESULT: {"script":"<script> [56 bytes]","args":[{"element-6066-11e4-a52e-4f735466cecf":"f.3D8655DB7C018FB3B3311B2BCD0F0E61.d.2D9A9D290EC543ABBD0438A5A3CE7783.e.6867","ELEMENT":"f.3D8655DB7C018FB3B3311B2BCD0F0E61.d.2D9A9D290EC543ABBD0438A5A3CE7783.e.6867"}]}
COMMAND: GET /session/e537112f6f31df0d8590d52383dd5938/element/f.3D8655DB7C018FB3B3311B2BCD0F0E61.d.2D9A9D290EC543ABBD0438A5A3CE7783.e.6866/attribute/aria-checked - {}
COMMAND: GET /session/e537112f6f31df0d8590d52383dd5938/screenshot - {}
RESULT: {}
COMMAND: POST /session/e537112f6f31df0d8590d52383dd5938/element - {"using":"xpath","value":"//table[contains(@id, \"listView-innerSelectionPanelTable-listUl\")]/tbody/tr[23]/td[2]/div/div"}
RESULT: {}
RESULT: {"using":"xpath","value":"//table[contains(@id, \"listView-innerSelectionPanelTable-listUl\")]/tbody/tr[23]/td[2]/div/div"}
COMMAND: POST /session/e537112f6f31df0d8590d52383dd5938/element - {"using":"xpath","value":"//table[contains(@id, \"listView-innerSelectionPanelTable-listUl\")]/tbody/tr[23]/td[2]/div"}
RESULT: {"using":"xpath","value":"//table[contains(@id, \"listView-innerSelectionPanelTable-listUl\")]/tbody/tr[23]/td[2]/div"}
COMMAND: POST /session/e537112f6f31df0d8590d52383dd5938/element - {"using":"xpath","value":"//table[contains(@id, \"listView-innerSelectionPanelTable-listUl\")]/tbody/tr[23]/td[3]/div/div/span/span[1]/bdi"}
RESULT: {"using":"xpath","value":"//table[contains(@id, \"listView-innerSelectionPanelTable-listUl\")]/tbody/tr[23]/td[3]/div/div/span/span[1]/bdi"}
COMMAND: POST /session/e537112f6f31df0d8590d52383dd5938/execute/sync - {"script":"<script> [56 bytes]","args":[{"element-6066-11e4-a52e-4f735466cecf":"f.3D8655DB7C018FB3B3311B2BCD0F0E61.d.2D9A9D290EC543ABBD0438A5A3CE7783.e.6870","ELEMENT":"f.3D8655DB7C018FB3B3311B2BCD0F0E61.d.2D9A9D290EC543ABBD0438A5A3CE7783.e.6870"}]}
RESULT: {"script":"<script> [56 bytes]","args":[{"element-6066-11e4-a52e-4f735466cecf":"f.3D8655DB7C018FB3B3311B2BCD0F0E61.d.2D9A9D290EC543ABBD0438A5A3CE7783.e.6870","ELEMENT":"f.3D8655DB7C018FB3B3311B2BCD0F0E61.d.2D9A9D290EC543ABBD0438A5A3CE7783.e.6870"}]}
COMMAND: GET /session/e537112f6f31df0d8590d52383dd5938/element/f.3D8655DB7C018FB3B3311B2BCD0F0E61.d.2D9A9D290EC543ABBD0438A5A3CE7783.e.6869/attribute/aria-checked - {}
COMMAND: GET /session/e537112f6f31df0d8590d52383dd5938/screenshot - {}
RESULT: {}
COMMAND: POST /session/e537112f6f31df0d8590d52383dd5938/element - {"using":"xpath","value":"//table[contains(@id, \"listView-innerSelectionPanelTable-listUl\")]/tbody/tr[24]/td[2]/div/div"}
RESULT: {}
RESULT: {"using":"xpath","value":"//table[contains(@id, \"listView-innerSelectionPanelTable-listUl\")]/tbody/tr[24]/td[2]/div/div"}
COMMAND: POST /session/e537112f6f31df0d8590d52383dd5938/element - {"using":"xpath","value":"//table[contains(@id, \"listView-innerSelectionPanelTable-listUl\")]/tbody/tr[24]/td[2]/div"}
RESULT: {"using":"xpath","value":"//table[contains(@id, \"listView-innerSelectionPanelTable-listUl\")]/tbody/tr[24]/td[2]/div"}
COMMAND: POST /session/e537112f6f31df0d8590d52383dd5938/element - {"using":"xpath","value":"//table[contains(@id, \"listView-innerSelectionPanelTable-listUl\")]/tbody/tr[24]/td[3]/div/div/span/span[1]/bdi"}
RESULT: {"using":"xpath","value":"//table[contains(@id, \"listView-innerSelectionPanelTable-listUl\")]/tbody/tr[24]/td[3]/div/div/span/span[1]/bdi"}
COMMAND: POST /session/e537112f6f31df0d8590d52383dd5938/execute/sync - {"script":"<script> [56 bytes]","args":[{"element-6066-11e4-a52e-4f735466cecf":"f.3D8655DB7C018FB3B3311B2BCD0F0E61.d.2D9A9D290EC543ABBD0438A5A3CE7783.e.6873","ELEMENT":"f.3D8655DB7C018FB3B3311B2BCD0F0E61.d.2D9A9D290EC543ABBD0438A5A3CE7783.e.6873"}]}
RESULT: {"script":"<script> [56 bytes]","args":[{"element-6066-11e4-a52e-4f735466cecf":"f.3D8655DB7C018FB3B3311B2BCD0F0E61.d.2D9A9D290EC543ABBD0438A5A3CE7783.e.6873","ELEMENT":"f.3D8655DB7C018FB3B3311B2BCD0F0E61.d.2D9A9D290EC543ABBD0438A5A3CE7783.e.6873"}]}
COMMAND: GET /session/e537112f6f31df0d8590d52383dd5938/element/f.3D8655DB7C018FB3B3311B2BCD0F0E61.d.2D9A9D290EC543ABBD0438A5A3CE7783.e.6872/attribute/aria-checked - {}
COMMAND: GET /session/e537112f6f31df0d8590d52383dd5938/screenshot - {}
RESULT: {}
COMMAND: POST /session/e537112f6f31df0d8590d52383dd5938/element - {"using":"xpath","value":"//table[contains(@id, \"listView-innerSelectionPanelTable-listUl\")]/tbody/tr[25]/td[2]/div/div"}
RESULT: {}
RESULT: {"using":"xpath","value":"//table[contains(@id, \"listView-innerSelectionPanelTable-listUl\")]/tbody/tr[25]/td[2]/div/div"}
COMMAND: POST /session/e537112f6f31df0d8590d52383dd5938/element - {"using":"xpath","value":"//table[contains(@id, \"listView-innerSelectionPanelTable-listUl\")]/tbody/tr[25]/td[2]/div"}
RESULT: {"using":"xpath","value":"//table[contains(@id, \"listView-innerSelectionPanelTable-listUl\")]/tbody/tr[25]/td[2]/div"}
COMMAND: POST /session/e537112f6f31df0d8590d52383dd5938/element - {"using":"xpath","value":"//table[contains(@id, \"listView-innerSelectionPanelTable-listUl\")]/tbody/tr[25]/td[3]/div/div/span/span[1]/bdi"}
RESULT: {"using":"xpath","value":"//table[contains(@id, \"listView-innerSelectionPanelTable-listUl\")]/tbody/tr[25]/td[3]/div/div/span/span[1]/bdi"}
COMMAND: POST /session/e537112f6f31df0d8590d52383dd5938/execute/sync - {"script":"<script> [56 bytes]","args":[{"element-6066-11e4-a52e-4f735466cecf":"f.3D8655DB7C018FB3B3311B2BCD0F0E61.d.2D9A9D290EC543ABBD0438A5A3CE7783.e.6876","ELEMENT":"f.3D8655DB7C018FB3B3311B2BCD0F0E61.d.2D9A9D290EC543ABBD0438A5A3CE7783.e.6876"}]}
RESULT: {"script":"<script> [56 bytes]","args":[{"element-6066-11e4-a52e-4f735466cecf":"f.3D8655DB7C018FB3B3311B2BCD0F0E61.d.2D9A9D290EC543ABBD0438A5A3CE7783.e.6876","ELEMENT":"f.3D8655DB7C018FB3B3311B2BCD0F0E61.d.2D9A9D290EC543ABBD0438A5A3CE7783.e.6876"}]}
COMMAND: GET /session/e537112f6f31df0d8590d52383dd5938/element/f.3D8655DB7C018FB3B3311B2BCD0F0E61.d.2D9A9D290EC543ABBD0438A5A3CE7783.e.6875/attribute/aria-checked - {}
COMMAND: GET /session/e537112f6f31df0d8590d52383dd5938/screenshot - {}
RESULT: {}
COMMAND: POST /session/e537112f6f31df0d8590d52383dd5938/element - {"using":"xpath","value":"//bdi[contains(text(), \"OK\")]"}
RESULT: {}
RESULT: {"using":"xpath","value":"//bdi[contains(text(), \"OK\")]"}
COMMAND: POST /session/e537112f6f31df0d8590d52383dd5938/element/f.3D8655DB7C018FB3B3311B2BCD0F0E61.d.2D9A9D290EC543ABBD0438A5A3CE7783.e.6877/click - {}
RESULT: {}
COMMAND: GET /session/e537112f6f31df0d8590d52383dd5938/screenshot - {}
RESULT: {}
COMMAND: POST /session/e537112f6f31df0d8590d52383dd5938/execute/async - {"script":"<script> [1562 bytes]","args":[{"selector":{"id":"application-managepartners-display-component---masterPtm--smartFilterBar-filterItemControlA_-LINK_TO_ADDRESSES_MAIN.CITY1-vhi"},"wdio_ui5_key":"applicationmanagepartners-display-component---masterPtm--smartFilterBar-filterItemControlA_-LINK_TO_ADDRESSES_MAIN.CITY1-vhi"}]}
RESULT: {"script":"<script> [1562 bytes]","args":[{"selector":{"id":"application-managepartners-display-component---masterPtm--smartFilterBar-filterItemControlA_-LINK_TO_ADDRESSES_MAIN.CITY1-vhi"},"wdio_ui5_key":"applicationmanagepartners-display-component---masterPtm--smartFilterBar-filterItemControlA_-LINK_TO_ADDRESSES_MAIN.CITY1-vhi"}]}
RESULT: undefined
COMMAND: POST /session/e537112f6f31df0d8590d52383dd5938/element - {"using":"xpath","value":"//*[@id=\"application-managepartners-display-component---masterPtm--smartFilterBar-filterItemControlA_-LINK_TO_ADDRESSES_MAIN.CITY1-vhi\"]"}
RESULT: {"using":"xpath","value":"//*[@id=\"application-managepartners-display-component---masterPtm--smartFilterBar-filterItemControlA_-LINK_TO_ADDRESSES_MAIN.CITY1-vhi\"]"}
COMMAND: POST /session/e537112f6f31df0d8590d52383dd5938/element/f.3D8655DB7C018FB3B3311B2BCD0F0E61.d.2D9A9D290EC543ABBD0438A5A3CE7783.e.6891/click - {}
RESULT: {}
COMMAND: GET /session/e537112f6f31df0d8590d52383dd5938/screenshot - {}
RESULT: {}
COMMAND: POST /session/e537112f6f31df0d8590d52383dd5938/execute/async - {"script":"<script> [1562 bytes]","args":[{"selector":{"controlType":"sap.m.Input","viewName":"etm.portal.ui.managepartners.view.Master","viewId":"application-managepartners-display-component---masterPtm","properties":{"valueState":"None"},"searchOpenDialogs":true,"interaction":{"idSuffix":"inner"}},"wdio_ui5_key":"etmportal.ui.managepartners.view.Mastersap.m.Input{\"valueState\":\"None\"}"}]}
RESULT: {"script":"<script> [1562 bytes]","args":[{"selector":{"controlType":"sap.m.Input","viewName":"etm.portal.ui.managepartners.view.Master","viewId":"application-managepartners-display-component---masterPtm","properties":{"valueState":"None"},"searchOpenDialogs":true,"interaction":{"idSuffix":"inner"}},"wdio_ui5_key":"etmportal.ui.managepartners.view.Mastersap.m.Input{\"valueState\":\"None\"}"}]}
RESULT: undefined
COMMAND: POST /session/e537112f6f31df0d8590d52383dd5938/execute/async - {"script":"<script> [776 bytes]","args":[{"enterText":"Bucure","selector":{"controlType":"sap.m.Input","viewName":"etm.portal.ui.managepartners.view.Master","viewId":"application-managepartners-display-component---masterPtm","properties":{"valueState":"None"},"searchOpenDialogs":true,"interaction":{"idSuffix":"inner"}},"clearTextFirst":true,"interactionType":"ENTER_TEXT"}]}
RESULT: {"script":"<script> [776 bytes]","args":[{"enterText":"Bucure","selector":{"controlType":"sap.m.Input","viewName":"etm.portal.ui.managepartners.view.Master","viewId":"application-managepartners-display-component---masterPtm","properties":{"valueState":"None"},"searchOpenDialogs":true,"interaction":{"idSuffix":"inner"}},"clearTextFirst":true,"interactionType":"ENTER_TEXT"}]}
COMMAND: POST /session/e537112f6f31df0d8590d52383dd5938/actions - {"actions":[{"id":"action21","type":"key","parameters":{},"actions":[{"type":"keyDown","value":""},{"type":"pause","duration":10},{"type":"keyUp","value":""}]}]}
RESULT: {"actions":[{"id":"action21","type":"key","parameters":{},"actions":[{"type":"keyDown","value":""},{"type":"pause","duration":10},{"type":"keyUp","value":""}]}]}
COMMAND: GET /session/e537112f6f31df0d8590d52383dd5938/screenshot - {}
RESULT: {}
COMMAND: POST /session/e537112f6f31df0d8590d52383dd5938/element - {"using":"xpath","value":"(//bdi[contains(text(), \"OK\")])[1]"}
RESULT: {"using":"xpath","value":"(//bdi[contains(text(), \"OK\")])[1]"}
COMMAND: POST /session/e537112f6f31df0d8590d52383dd5938/element/f.3D8655DB7C018FB3B3311B2BCD0F0E61.d.2D9A9D290EC543ABBD0438A5A3CE7783.e.6897/click - {}
RESULT: {}
COMMAND: GET /session/e537112f6f31df0d8590d52383dd5938/screenshot - {}
RESULT: {}
COMMAND: POST /session/e537112f6f31df0d8590d52383dd5938/element - {"using":"xpath","value":"//span[@id=\"application-managepartners-display-component---masterPtm--smartTable-header-inner\"]"}
RESULT: {"using":"xpath","value":"//span[@id=\"application-managepartners-display-component---masterPtm--smartTable-header-inner\"]"}
COMMAND: POST /session/e537112f6f31df0d8590d52383dd5938/elements - {"using":"xpath","value":"//span[@id=\"application-managepartners-display-component---masterPtm--smartTable-header-inner\"]"}
RESULT: {"using":"xpath","value":"//span[@id=\"application-managepartners-display-component---masterPtm--smartTable-header-inner\"]"}
COMMAND: POST /session/e537112f6f31df0d8590d52383dd5938/execute/sync - {"script":"<script> [56 bytes]","args":[{"element-6066-11e4-a52e-4f735466cecf":"f.3D8655DB7C018FB3B3311B2BCD0F0E61.d.2D9A9D290EC543ABBD0438A5A3CE7783.e.5962","ELEMENT":"f.3D8655DB7C018FB3B3311B2BCD0F0E61.d.2D9A9D290EC543ABBD0438A5A3CE7783.e.5962"}]}
RESULT: {"script":"<script> [56 bytes]","args":[{"element-6066-11e4-a52e-4f735466cecf":"f.3D8655DB7C018FB3B3311B2BCD0F0E61.d.2D9A9D290EC543ABBD0438A5A3CE7783.e.5962","ELEMENT":"f.3D8655DB7C018FB3B3311B2BCD0F0E61.d.2D9A9D290EC543ABBD0438A5A3CE7783.e.5962"}]}
COMMAND: POST /session/e537112f6f31df0d8590d52383dd5938/element - {"using":"xpath","value":"//span[contains(@title, \"Remove\")]"}
COMMAND: GET /session/e537112f6f31df0d8590d52383dd5938/screenshot - {}
RESULT: {"using":"xpath","value":"//span[contains(@title, \"Remove\")]"}
COMMAND: POST /session/e537112f6f31df0d8590d52383dd5938/element/f.3D8655DB7C018FB3B3311B2BCD0F0E61.d.2D9A9D290EC543ABBD0438A5A3CE7783.e.6973/click - {}
RESULT: {}
RESULT: {}
COMMAND: GET /session/e537112f6f31df0d8590d52383dd5938/screenshot - {}
RESULT: {}
COMMAND: POST /session/e537112f6f31df0d8590d52383dd5938/element - {"using":"xpath","value":"//span[@id=\"application-managepartners-display-component---masterPtm--smartTable-header-inner\"]"}
RESULT: {"using":"xpath","value":"//span[@id=\"application-managepartners-display-component---masterPtm--smartTable-header-inner\"]"}
COMMAND: POST /session/e537112f6f31df0d8590d52383dd5938/elements - {"using":"xpath","value":"//span[@id=\"application-managepartners-display-component---masterPtm--smartTable-header-inner\"]"}
RESULT: {"using":"xpath","value":"//span[@id=\"application-managepartners-display-component---masterPtm--smartTable-header-inner\"]"}
COMMAND: POST /session/e537112f6f31df0d8590d52383dd5938/execute/sync - {"script":"<script> [56 bytes]","args":[{"element-6066-11e4-a52e-4f735466cecf":"f.3D8655DB7C018FB3B3311B2BCD0F0E61.d.2D9A9D290EC543ABBD0438A5A3CE7783.e.5962","ELEMENT":"f.3D8655DB7C018FB3B3311B2BCD0F0E61.d.2D9A9D290EC543ABBD0438A5A3CE7783.e.5962"}]}
RESULT: {"script":"<script> [56 bytes]","args":[{"element-6066-11e4-a52e-4f735466cecf":"f.3D8655DB7C018FB3B3311B2BCD0F0E61.d.2D9A9D290EC543ABBD0438A5A3CE7783.e.5962","ELEMENT":"f.3D8655DB7C018FB3B3311B2BCD0F0E61.d.2D9A9D290EC543ABBD0438A5A3CE7783.e.5962"}]}
COMMAND: POST /session/e537112f6f31df0d8590d52383dd5938/element - {"using":"css selector","value":"#shell-header-logo"}
COMMAND: GET /session/e537112f6f31df0d8590d52383dd5938/screenshot - {}
RESULT: {"using":"css selector","value":"#shell-header-logo"}
COMMAND: POST /session/e537112f6f31df0d8590d52383dd5938/element/f.3D8655DB7C018FB3B3311B2BCD0F0E61.d.2D9A9D290EC543ABBD0438A5A3CE7783.e.5788/click - {}
RESULT: {}
RESULT: {}
COMMAND: GET /session/e537112f6f31df0d8590d52383dd5938/screenshot - {}
RESULT: {}
]]></system-out>
    </testcase>
    <testcase classname="chrome.136_0_7103_93.windows.Partner_specific_tests_US150819_US151080_US151654_US151176_US103444_US151078_US151079_US151109_US151174_US151175_US151189" name="Should try to save empty partner US151174" time="52.365">
      <system-out><![CDATA[
COMMAND: POST /session/e537112f6f31df0d8590d52383dd5938/element - {"using":"xpath","value":"//li[.//span[text()=\"Manage Partners\"]]"}
RESULT: {"using":"xpath","value":"//li[.//span[text()=\"Manage Partners\"]]"}
COMMAND: POST /session/e537112f6f31df0d8590d52383dd5938/element - {"using":"xpath","value":"//li[.//span[text()=\"Manage Partners\"]]"}
RESULT: {"using":"xpath","value":"//li[.//span[text()=\"Manage Partners\"]]"}
COMMAND: POST /session/e537112f6f31df0d8590d52383dd5938/element - {"using":"css selector","value":"#shell-header-logo"}
RESULT: {"using":"css selector","value":"#shell-header-logo"}
COMMAND: POST /session/e537112f6f31df0d8590d52383dd5938/element/f.3D8655DB7C018FB3B3311B2BCD0F0E61.d.2D9A9D290EC543ABBD0438A5A3CE7783.e.7070/click - {}
COMMAND: POST /session/e537112f6f31df0d8590d52383dd5938/execute/sync - {"script":"<script> [8489 bytes]","args":[{"element-6066-11e4-a52e-4f735466cecf":"f.3D8655DB7C018FB3B3311B2BCD0F0E61.d.2D9A9D290EC543ABBD0438A5A3CE7783.e.7070","ELEMENT":"f.3D8655DB7C018FB3B3311B2BCD0F0E61.d.2D9A9D290EC543ABBD0438A5A3CE7783.e.7070"}]}
RESULT: {"script":"<script> [8489 bytes]","args":[{"element-6066-11e4-a52e-4f735466cecf":"f.3D8655DB7C018FB3B3311B2BCD0F0E61.d.2D9A9D290EC543ABBD0438A5A3CE7783.e.7070","ELEMENT":"f.3D8655DB7C018FB3B3311B2BCD0F0E61.d.2D9A9D290EC543ABBD0438A5A3CE7783.e.7070"}]}
COMMAND: POST /session/e537112f6f31df0d8590d52383dd5938/execute/sync - {"script":"<script> [5351 bytes]","args":[{"element-6066-11e4-a52e-4f735466cecf":"f.3D8655DB7C018FB3B3311B2BCD0F0E61.d.2D9A9D290EC543ABBD0438A5A3CE7783.e.7070","ELEMENT":"f.3D8655DB7C018FB3B3311B2BCD0F0E61.d.2D9A9D290EC543ABBD0438A5A3CE7783.e.7070"}]}
COMMAND: GET /session/e537112f6f31df0d8590d52383dd5938/screenshot - {}
RESULT: {}
COMMAND: GET /session/e537112f6f31df0d8590d52383dd5938/screenshot - {}
RESULT: {"script":"<script> [5351 bytes]","args":[{"element-6066-11e4-a52e-4f735466cecf":"f.3D8655DB7C018FB3B3311B2BCD0F0E61.d.2D9A9D290EC543ABBD0438A5A3CE7783.e.7070","ELEMENT":"f.3D8655DB7C018FB3B3311B2BCD0F0E61.d.2D9A9D290EC543ABBD0438A5A3CE7783.e.7070"}]}
COMMAND: GET /session/e537112f6f31df0d8590d52383dd5938/screenshot - {}
RESULT: {}
RESULT: {}
RESULT: {}
RESULT: undefined
COMMAND: POST /session/e537112f6f31df0d8590d52383dd5938/element - {"using":"xpath","value":"//*[@id=\"__tile30\"]"}
RESULT: {"using":"xpath","value":"//*[@id=\"__tile30\"]"}
COMMAND: POST /session/e537112f6f31df0d8590d52383dd5938/element/f.3D8655DB7C018FB3B3311B2BCD0F0E61.d.2D9A9D290EC543ABBD0438A5A3CE7783.e.4441/click - {}
RESULT: {}
COMMAND: GET /session/e537112f6f31df0d8590d52383dd5938/screenshot - {}
RESULT: {}
COMMAND: POST /session/e537112f6f31df0d8590d52383dd5938/elements - {"using":"xpath","value":"//span[text()='Error']"}
RESULT: {"using":"xpath","value":"//span[text()='Error']"}
COMMAND: POST /session/e537112f6f31df0d8590d52383dd5938/element - {"using":"xpath","value":"//button[@data-kt=\"addButton\"]"}
RESULT: {"using":"xpath","value":"//button[@data-kt=\"addButton\"]"}
COMMAND: POST /session/e537112f6f31df0d8590d52383dd5938/elements - {"using":"xpath","value":"//button[@data-kt=\"addButton\"]"}
RESULT: {"using":"xpath","value":"//button[@data-kt=\"addButton\"]"}
COMMAND: POST /session/e537112f6f31df0d8590d52383dd5938/execute/sync - {"script":"<script> [8489 bytes]","args":[{"element-6066-11e4-a52e-4f735466cecf":"f.3D8655DB7C018FB3B3311B2BCD0F0E61.d.2D9A9D290EC543ABBD0438A5A3CE7783.e.7115","ELEMENT":"f.3D8655DB7C018FB3B3311B2BCD0F0E61.d.2D9A9D290EC543ABBD0438A5A3CE7783.e.7115"}]}
RESULT: {"script":"<script> [8489 bytes]","args":[{"element-6066-11e4-a52e-4f735466cecf":"f.3D8655DB7C018FB3B3311B2BCD0F0E61.d.2D9A9D290EC543ABBD0438A5A3CE7783.e.7115","ELEMENT":"f.3D8655DB7C018FB3B3311B2BCD0F0E61.d.2D9A9D290EC543ABBD0438A5A3CE7783.e.7115"}]}
COMMAND: GET /session/e537112f6f31df0d8590d52383dd5938/element/f.3D8655DB7C018FB3B3311B2BCD0F0E61.d.2D9A9D290EC543ABBD0438A5A3CE7783.e.7115/enabled - {}
COMMAND: GET /session/e537112f6f31df0d8590d52383dd5938/screenshot - {}
RESULT: {}
COMMAND: POST /session/e537112f6f31df0d8590d52383dd5938/execute/sync - {"script":"<script> [8489 bytes]","args":[{"element-6066-11e4-a52e-4f735466cecf":"f.3D8655DB7C018FB3B3311B2BCD0F0E61.d.2D9A9D290EC543ABBD0438A5A3CE7783.e.7115","ELEMENT":"f.3D8655DB7C018FB3B3311B2BCD0F0E61.d.2D9A9D290EC543ABBD0438A5A3CE7783.e.7115"}]}
COMMAND: GET /session/e537112f6f31df0d8590d52383dd5938/screenshot - {}
RESULT: {}
RESULT: {"script":"<script> [8489 bytes]","args":[{"element-6066-11e4-a52e-4f735466cecf":"f.3D8655DB7C018FB3B3311B2BCD0F0E61.d.2D9A9D290EC543ABBD0438A5A3CE7783.e.7115","ELEMENT":"f.3D8655DB7C018FB3B3311B2BCD0F0E61.d.2D9A9D290EC543ABBD0438A5A3CE7783.e.7115"}]}
COMMAND: POST /session/e537112f6f31df0d8590d52383dd5938/execute/sync - {"script":"<script> [5351 bytes]","args":[{"element-6066-11e4-a52e-4f735466cecf":"f.3D8655DB7C018FB3B3311B2BCD0F0E61.d.2D9A9D290EC543ABBD0438A5A3CE7783.e.7115","ELEMENT":"f.3D8655DB7C018FB3B3311B2BCD0F0E61.d.2D9A9D290EC543ABBD0438A5A3CE7783.e.7115"}]}
COMMAND: GET /session/e537112f6f31df0d8590d52383dd5938/screenshot - {}
RESULT: {}
RESULT: {"script":"<script> [5351 bytes]","args":[{"element-6066-11e4-a52e-4f735466cecf":"f.3D8655DB7C018FB3B3311B2BCD0F0E61.d.2D9A9D290EC543ABBD0438A5A3CE7783.e.7115","ELEMENT":"f.3D8655DB7C018FB3B3311B2BCD0F0E61.d.2D9A9D290EC543ABBD0438A5A3CE7783.e.7115"}]}
COMMAND: POST /session/e537112f6f31df0d8590d52383dd5938/element/f.3D8655DB7C018FB3B3311B2BCD0F0E61.d.2D9A9D290EC543ABBD0438A5A3CE7783.e.7115/click - {}
COMMAND: GET /session/e537112f6f31df0d8590d52383dd5938/screenshot - {}
RESULT: {}
RESULT: {}
COMMAND: GET /session/e537112f6f31df0d8590d52383dd5938/screenshot - {}
COMMAND: POST /session/e537112f6f31df0d8590d52383dd5938/element - {"using":"xpath","value":"//button[@data-kt=\"saveButton\"]"}
RESULT: {}
RESULT: {}
RESULT: {"using":"xpath","value":"//button[@data-kt=\"saveButton\"]"}
COMMAND: POST /session/e537112f6f31df0d8590d52383dd5938/element/f.3D8655DB7C018FB3B3311B2BCD0F0E61.d.2D9A9D290EC543ABBD0438A5A3CE7783.e.7543/click - {}
RESULT: {}
COMMAND: GET /session/e537112f6f31df0d8590d52383dd5938/screenshot - {}
RESULT: {}
COMMAND: POST /session/e537112f6f31df0d8590d52383dd5938/element - {"using":"xpath","value":"//span[contains(@class, \"sapMMsgBoxText\")]"}
RESULT: {"using":"xpath","value":"//span[contains(@class, \"sapMMsgBoxText\")]"}
COMMAND: POST /session/e537112f6f31df0d8590d52383dd5938/execute/sync - {"script":"<script> [56 bytes]","args":[{"element-6066-11e4-a52e-4f735466cecf":"f.3D8655DB7C018FB3B3311B2BCD0F0E61.d.2D9A9D290EC543ABBD0438A5A3CE7783.e.7558","ELEMENT":"f.3D8655DB7C018FB3B3311B2BCD0F0E61.d.2D9A9D290EC543ABBD0438A5A3CE7783.e.7558"}]}
RESULT: {"script":"<script> [56 bytes]","args":[{"element-6066-11e4-a52e-4f735466cecf":"f.3D8655DB7C018FB3B3311B2BCD0F0E61.d.2D9A9D290EC543ABBD0438A5A3CE7783.e.7558","ELEMENT":"f.3D8655DB7C018FB3B3311B2BCD0F0E61.d.2D9A9D290EC543ABBD0438A5A3CE7783.e.7558"}]}
COMMAND: POST /session/e537112f6f31df0d8590d52383dd5938/element - {"using":"xpath","value":"(//bdi[contains(text(), \"Close\")])[1]"}
COMMAND: POST /session/e537112f6f31df0d8590d52383dd5938/elements - {"using":"xpath","value":"//span[contains(@class, \"sapMMsgBoxText\")]"}
COMMAND: GET /session/e537112f6f31df0d8590d52383dd5938/screenshot - {}
RESULT: {"using":"xpath","value":"(//bdi[contains(text(), \"Close\")])[1]"}
COMMAND: POST /session/e537112f6f31df0d8590d52383dd5938/element/f.3D8655DB7C018FB3B3311B2BCD0F0E61.d.2D9A9D290EC543ABBD0438A5A3CE7783.e.7559/click - {}
RESULT: {"using":"xpath","value":"//span[contains(@class, \"sapMMsgBoxText\")]"}
RESULT: {}
RESULT: {}
COMMAND: GET /session/e537112f6f31df0d8590d52383dd5938/screenshot - {}
RESULT: {}
COMMAND: POST /session/e537112f6f31df0d8590d52383dd5938/element - {"using":"css selector","value":"#shell-header-logo"}
RESULT: {"using":"css selector","value":"#shell-header-logo"}
COMMAND: POST /session/e537112f6f31df0d8590d52383dd5938/element/f.3D8655DB7C018FB3B3311B2BCD0F0E61.d.2D9A9D290EC543ABBD0438A5A3CE7783.e.7070/click - {}
RESULT: {}
COMMAND: GET /session/e537112f6f31df0d8590d52383dd5938/screenshot - {}
RESULT: {}
]]></system-out>
    </testcase>
    <testcase classname="chrome.136_0_7103_93.windows.Partner_specific_tests_US150819_US151080_US151654_US151176_US103444_US151078_US151079_US151109_US151174_US151175_US151189" name="Should do various searches US151175" time="167.218">
      <system-out><![CDATA[
COMMAND: POST /session/e537112f6f31df0d8590d52383dd5938/element - {"using":"xpath","value":"//li[.//span[text()=\"Manage Partners\"]]"}
RESULT: {"using":"xpath","value":"//li[.//span[text()=\"Manage Partners\"]]"}
COMMAND: POST /session/e537112f6f31df0d8590d52383dd5938/element - {"using":"xpath","value":"//li[.//span[text()=\"Manage Partners\"]]"}
RESULT: {"using":"xpath","value":"//li[.//span[text()=\"Manage Partners\"]]"}
COMMAND: POST /session/e537112f6f31df0d8590d52383dd5938/element - {"using":"css selector","value":"#shell-header-logo"}
RESULT: {"using":"css selector","value":"#shell-header-logo"}
COMMAND: POST /session/e537112f6f31df0d8590d52383dd5938/element/f.3D8655DB7C018FB3B3311B2BCD0F0E61.d.2D9A9D290EC543ABBD0438A5A3CE7783.e.7561/click - {}
COMMAND: POST /session/e537112f6f31df0d8590d52383dd5938/execute/sync - {"script":"<script> [8489 bytes]","args":[{"element-6066-11e4-a52e-4f735466cecf":"f.3D8655DB7C018FB3B3311B2BCD0F0E61.d.2D9A9D290EC543ABBD0438A5A3CE7783.e.7561","ELEMENT":"f.3D8655DB7C018FB3B3311B2BCD0F0E61.d.2D9A9D290EC543ABBD0438A5A3CE7783.e.7561"}]}
RESULT: {}
COMMAND: GET /session/e537112f6f31df0d8590d52383dd5938/screenshot - {}
RESULT: {"script":"<script> [8489 bytes]","args":[{"element-6066-11e4-a52e-4f735466cecf":"f.3D8655DB7C018FB3B3311B2BCD0F0E61.d.2D9A9D290EC543ABBD0438A5A3CE7783.e.7561","ELEMENT":"f.3D8655DB7C018FB3B3311B2BCD0F0E61.d.2D9A9D290EC543ABBD0438A5A3CE7783.e.7561"}]}
COMMAND: POST /session/e537112f6f31df0d8590d52383dd5938/execute/sync - {"script":"<script> [5351 bytes]","args":[{"element-6066-11e4-a52e-4f735466cecf":"f.3D8655DB7C018FB3B3311B2BCD0F0E61.d.2D9A9D290EC543ABBD0438A5A3CE7783.e.7561","ELEMENT":"f.3D8655DB7C018FB3B3311B2BCD0F0E61.d.2D9A9D290EC543ABBD0438A5A3CE7783.e.7561"}]}
COMMAND: GET /session/e537112f6f31df0d8590d52383dd5938/screenshot - {}
RESULT: {}
RESULT: {"script":"<script> [5351 bytes]","args":[{"element-6066-11e4-a52e-4f735466cecf":"f.3D8655DB7C018FB3B3311B2BCD0F0E61.d.2D9A9D290EC543ABBD0438A5A3CE7783.e.7561","ELEMENT":"f.3D8655DB7C018FB3B3311B2BCD0F0E61.d.2D9A9D290EC543ABBD0438A5A3CE7783.e.7561"}]}
COMMAND: GET /session/e537112f6f31df0d8590d52383dd5938/screenshot - {}
RESULT: {}
RESULT: {}
RESULT: undefined
COMMAND: POST /session/e537112f6f31df0d8590d52383dd5938/element - {"using":"xpath","value":"//*[@id=\"__tile30\"]"}
RESULT: {"using":"xpath","value":"//*[@id=\"__tile30\"]"}
COMMAND: POST /session/e537112f6f31df0d8590d52383dd5938/element/f.3D8655DB7C018FB3B3311B2BCD0F0E61.d.2D9A9D290EC543ABBD0438A5A3CE7783.e.4441/click - {}
RESULT: {}
COMMAND: GET /session/e537112f6f31df0d8590d52383dd5938/screenshot - {}
RESULT: {}
COMMAND: POST /session/e537112f6f31df0d8590d52383dd5938/elements - {"using":"xpath","value":"//span[text()='Error']"}
RESULT: {"using":"xpath","value":"//span[text()='Error']"}
COMMAND: POST /session/e537112f6f31df0d8590d52383dd5938/element - {"using":"xpath","value":"//button[@data-kt=\"addButton\"]"}
RESULT: {"using":"xpath","value":"//button[@data-kt=\"addButton\"]"}
COMMAND: POST /session/e537112f6f31df0d8590d52383dd5938/elements - {"using":"xpath","value":"//button[@data-kt=\"addButton\"]"}
RESULT: {"using":"xpath","value":"//button[@data-kt=\"addButton\"]"}
COMMAND: POST /session/e537112f6f31df0d8590d52383dd5938/execute/sync - {"script":"<script> [8489 bytes]","args":[{"element-6066-11e4-a52e-4f735466cecf":"f.3D8655DB7C018FB3B3311B2BCD0F0E61.d.2D9A9D290EC543ABBD0438A5A3CE7783.e.7606","ELEMENT":"f.3D8655DB7C018FB3B3311B2BCD0F0E61.d.2D9A9D290EC543ABBD0438A5A3CE7783.e.7606"}]}
RESULT: {"script":"<script> [8489 bytes]","args":[{"element-6066-11e4-a52e-4f735466cecf":"f.3D8655DB7C018FB3B3311B2BCD0F0E61.d.2D9A9D290EC543ABBD0438A5A3CE7783.e.7606","ELEMENT":"f.3D8655DB7C018FB3B3311B2BCD0F0E61.d.2D9A9D290EC543ABBD0438A5A3CE7783.e.7606"}]}
COMMAND: GET /session/e537112f6f31df0d8590d52383dd5938/element/f.3D8655DB7C018FB3B3311B2BCD0F0E61.d.2D9A9D290EC543ABBD0438A5A3CE7783.e.7606/enabled - {}
COMMAND: GET /session/e537112f6f31df0d8590d52383dd5938/screenshot - {}
RESULT: {}
COMMAND: POST /session/e537112f6f31df0d8590d52383dd5938/execute/sync - {"script":"<script> [8489 bytes]","args":[{"element-6066-11e4-a52e-4f735466cecf":"f.3D8655DB7C018FB3B3311B2BCD0F0E61.d.2D9A9D290EC543ABBD0438A5A3CE7783.e.7606","ELEMENT":"f.3D8655DB7C018FB3B3311B2BCD0F0E61.d.2D9A9D290EC543ABBD0438A5A3CE7783.e.7606"}]}
COMMAND: GET /session/e537112f6f31df0d8590d52383dd5938/screenshot - {}
RESULT: {}
RESULT: {"script":"<script> [8489 bytes]","args":[{"element-6066-11e4-a52e-4f735466cecf":"f.3D8655DB7C018FB3B3311B2BCD0F0E61.d.2D9A9D290EC543ABBD0438A5A3CE7783.e.7606","ELEMENT":"f.3D8655DB7C018FB3B3311B2BCD0F0E61.d.2D9A9D290EC543ABBD0438A5A3CE7783.e.7606"}]}
COMMAND: POST /session/e537112f6f31df0d8590d52383dd5938/execute/sync - {"script":"<script> [5351 bytes]","args":[{"element-6066-11e4-a52e-4f735466cecf":"f.3D8655DB7C018FB3B3311B2BCD0F0E61.d.2D9A9D290EC543ABBD0438A5A3CE7783.e.7606","ELEMENT":"f.3D8655DB7C018FB3B3311B2BCD0F0E61.d.2D9A9D290EC543ABBD0438A5A3CE7783.e.7606"}]}
COMMAND: GET /session/e537112f6f31df0d8590d52383dd5938/screenshot - {}
RESULT: {}
RESULT: {"script":"<script> [5351 bytes]","args":[{"element-6066-11e4-a52e-4f735466cecf":"f.3D8655DB7C018FB3B3311B2BCD0F0E61.d.2D9A9D290EC543ABBD0438A5A3CE7783.e.7606","ELEMENT":"f.3D8655DB7C018FB3B3311B2BCD0F0E61.d.2D9A9D290EC543ABBD0438A5A3CE7783.e.7606"}]}
COMMAND: GET /session/e537112f6f31df0d8590d52383dd5938/screenshot - {}
RESULT: {}
RESULT: {}
COMMAND: POST /session/e537112f6f31df0d8590d52383dd5938/element - {"using":"xpath","value":"//span[@id=\"application-managepartners-display-component---masterPtm--smartTable-header-inner\"]"}
RESULT: {"using":"xpath","value":"//span[@id=\"application-managepartners-display-component---masterPtm--smartTable-header-inner\"]"}
COMMAND: POST /session/e537112f6f31df0d8590d52383dd5938/elements - {"using":"xpath","value":"//span[@id=\"application-managepartners-display-component---masterPtm--smartTable-header-inner\"]"}
RESULT: {"using":"xpath","value":"//span[@id=\"application-managepartners-display-component---masterPtm--smartTable-header-inner\"]"}
COMMAND: POST /session/e537112f6f31df0d8590d52383dd5938/execute/sync - {"script":"<script> [56 bytes]","args":[{"element-6066-11e4-a52e-4f735466cecf":"f.3D8655DB7C018FB3B3311B2BCD0F0E61.d.2D9A9D290EC543ABBD0438A5A3CE7783.e.7730","ELEMENT":"f.3D8655DB7C018FB3B3311B2BCD0F0E61.d.2D9A9D290EC543ABBD0438A5A3CE7783.e.7730"}]}
RESULT: {"script":"<script> [56 bytes]","args":[{"element-6066-11e4-a52e-4f735466cecf":"f.3D8655DB7C018FB3B3311B2BCD0F0E61.d.2D9A9D290EC543ABBD0438A5A3CE7783.e.7730","ELEMENT":"f.3D8655DB7C018FB3B3311B2BCD0F0E61.d.2D9A9D290EC543ABBD0438A5A3CE7783.e.7730"}]}
RESULT: undefined
COMMAND: POST /session/e537112f6f31df0d8590d52383dd5938/element - {"using":"xpath","value":"//*[@id=\"application-managepartners-display-component---masterPtm--smartFilterBar-btnFilters\"]"}
COMMAND: GET /session/e537112f6f31df0d8590d52383dd5938/screenshot - {}
RESULT: {"using":"xpath","value":"//*[@id=\"application-managepartners-display-component---masterPtm--smartFilterBar-btnFilters\"]"}
COMMAND: POST /session/e537112f6f31df0d8590d52383dd5938/element/f.3D8655DB7C018FB3B3311B2BCD0F0E61.d.2D9A9D290EC543ABBD0438A5A3CE7783.e.7571/click - {}
RESULT: {}
RESULT: {}
COMMAND: GET /session/e537112f6f31df0d8590d52383dd5938/screenshot - {}
RESULT: {}
COMMAND: POST /session/e537112f6f31df0d8590d52383dd5938/elements - {"using":"xpath","value":"//table[contains(@id, \"listView-innerSelectionPanelTable-listUl\")]/tbody/tr"}
RESULT: {"using":"xpath","value":"//table[contains(@id, \"listView-innerSelectionPanelTable-listUl\")]/tbody/tr"}
COMMAND: POST /session/e537112f6f31df0d8590d52383dd5938/element - {"using":"xpath","value":"//table[contains(@id, \"listView-innerSelectionPanelTable-listUl\")]/tbody/tr[2]/td[2]/div/div"}
RESULT: {"using":"xpath","value":"//table[contains(@id, \"listView-innerSelectionPanelTable-listUl\")]/tbody/tr[2]/td[2]/div/div"}
COMMAND: POST /session/e537112f6f31df0d8590d52383dd5938/element - {"using":"xpath","value":"//table[contains(@id, \"listView-innerSelectionPanelTable-listUl\")]/tbody/tr[2]/td[2]/div"}
RESULT: {"using":"xpath","value":"//table[contains(@id, \"listView-innerSelectionPanelTable-listUl\")]/tbody/tr[2]/td[2]/div"}
COMMAND: POST /session/e537112f6f31df0d8590d52383dd5938/element - {"using":"xpath","value":"//table[contains(@id, \"listView-innerSelectionPanelTable-listUl\")]/tbody/tr[2]/td[3]/div/div/span/span[1]/bdi"}
RESULT: {"using":"xpath","value":"//table[contains(@id, \"listView-innerSelectionPanelTable-listUl\")]/tbody/tr[2]/td[3]/div/div/span/span[1]/bdi"}
COMMAND: POST /session/e537112f6f31df0d8590d52383dd5938/execute/sync - {"script":"<script> [56 bytes]","args":[{"element-6066-11e4-a52e-4f735466cecf":"f.3D8655DB7C018FB3B3311B2BCD0F0E61.d.2D9A9D290EC543ABBD0438A5A3CE7783.e.7798","ELEMENT":"f.3D8655DB7C018FB3B3311B2BCD0F0E61.d.2D9A9D290EC543ABBD0438A5A3CE7783.e.7798"}]}
RESULT: {"script":"<script> [56 bytes]","args":[{"element-6066-11e4-a52e-4f735466cecf":"f.3D8655DB7C018FB3B3311B2BCD0F0E61.d.2D9A9D290EC543ABBD0438A5A3CE7783.e.7798","ELEMENT":"f.3D8655DB7C018FB3B3311B2BCD0F0E61.d.2D9A9D290EC543ABBD0438A5A3CE7783.e.7798"}]}
COMMAND: GET /session/e537112f6f31df0d8590d52383dd5938/element/f.3D8655DB7C018FB3B3311B2BCD0F0E61.d.2D9A9D290EC543ABBD0438A5A3CE7783.e.7797/attribute/aria-checked - {}
COMMAND: GET /session/e537112f6f31df0d8590d52383dd5938/screenshot - {}
RESULT: {}
COMMAND: POST /session/e537112f6f31df0d8590d52383dd5938/element - {"using":"xpath","value":"//table[contains(@id, \"listView-innerSelectionPanelTable-listUl\")]/tbody/tr[3]/td[2]/div/div"}
RESULT: {}
RESULT: {"using":"xpath","value":"//table[contains(@id, \"listView-innerSelectionPanelTable-listUl\")]/tbody/tr[3]/td[2]/div/div"}
COMMAND: POST /session/e537112f6f31df0d8590d52383dd5938/element - {"using":"xpath","value":"//table[contains(@id, \"listView-innerSelectionPanelTable-listUl\")]/tbody/tr[3]/td[2]/div"}
RESULT: {"using":"xpath","value":"//table[contains(@id, \"listView-innerSelectionPanelTable-listUl\")]/tbody/tr[3]/td[2]/div"}
COMMAND: POST /session/e537112f6f31df0d8590d52383dd5938/element - {"using":"xpath","value":"//table[contains(@id, \"listView-innerSelectionPanelTable-listUl\")]/tbody/tr[3]/td[3]/div/div/span/span[1]/bdi"}
RESULT: {"using":"xpath","value":"//table[contains(@id, \"listView-innerSelectionPanelTable-listUl\")]/tbody/tr[3]/td[3]/div/div/span/span[1]/bdi"}
COMMAND: POST /session/e537112f6f31df0d8590d52383dd5938/execute/sync - {"script":"<script> [56 bytes]","args":[{"element-6066-11e4-a52e-4f735466cecf":"f.3D8655DB7C018FB3B3311B2BCD0F0E61.d.2D9A9D290EC543ABBD0438A5A3CE7783.e.7801","ELEMENT":"f.3D8655DB7C018FB3B3311B2BCD0F0E61.d.2D9A9D290EC543ABBD0438A5A3CE7783.e.7801"}]}
RESULT: {"script":"<script> [56 bytes]","args":[{"element-6066-11e4-a52e-4f735466cecf":"f.3D8655DB7C018FB3B3311B2BCD0F0E61.d.2D9A9D290EC543ABBD0438A5A3CE7783.e.7801","ELEMENT":"f.3D8655DB7C018FB3B3311B2BCD0F0E61.d.2D9A9D290EC543ABBD0438A5A3CE7783.e.7801"}]}
COMMAND: GET /session/e537112f6f31df0d8590d52383dd5938/element/f.3D8655DB7C018FB3B3311B2BCD0F0E61.d.2D9A9D290EC543ABBD0438A5A3CE7783.e.7800/attribute/aria-checked - {}
COMMAND: GET /session/e537112f6f31df0d8590d52383dd5938/screenshot - {}
RESULT: {}
RESULT: {}
COMMAND: POST /session/e537112f6f31df0d8590d52383dd5938/element - {"using":"xpath","value":"//table[contains(@id, \"listView-innerSelectionPanelTable-listUl\")]/tbody/tr[4]/td[2]/div/div"}
RESULT: {"using":"xpath","value":"//table[contains(@id, \"listView-innerSelectionPanelTable-listUl\")]/tbody/tr[4]/td[2]/div/div"}
COMMAND: POST /session/e537112f6f31df0d8590d52383dd5938/element - {"using":"xpath","value":"//table[contains(@id, \"listView-innerSelectionPanelTable-listUl\")]/tbody/tr[4]/td[2]/div"}
RESULT: {"using":"xpath","value":"//table[contains(@id, \"listView-innerSelectionPanelTable-listUl\")]/tbody/tr[4]/td[2]/div"}
COMMAND: POST /session/e537112f6f31df0d8590d52383dd5938/element - {"using":"xpath","value":"//table[contains(@id, \"listView-innerSelectionPanelTable-listUl\")]/tbody/tr[4]/td[3]/div/div/span/span[1]/bdi"}
RESULT: {"using":"xpath","value":"//table[contains(@id, \"listView-innerSelectionPanelTable-listUl\")]/tbody/tr[4]/td[3]/div/div/span/span[1]/bdi"}
COMMAND: POST /session/e537112f6f31df0d8590d52383dd5938/execute/sync - {"script":"<script> [56 bytes]","args":[{"element-6066-11e4-a52e-4f735466cecf":"f.3D8655DB7C018FB3B3311B2BCD0F0E61.d.2D9A9D290EC543ABBD0438A5A3CE7783.e.7804","ELEMENT":"f.3D8655DB7C018FB3B3311B2BCD0F0E61.d.2D9A9D290EC543ABBD0438A5A3CE7783.e.7804"}]}
RESULT: {"script":"<script> [56 bytes]","args":[{"element-6066-11e4-a52e-4f735466cecf":"f.3D8655DB7C018FB3B3311B2BCD0F0E61.d.2D9A9D290EC543ABBD0438A5A3CE7783.e.7804","ELEMENT":"f.3D8655DB7C018FB3B3311B2BCD0F0E61.d.2D9A9D290EC543ABBD0438A5A3CE7783.e.7804"}]}
COMMAND: GET /session/e537112f6f31df0d8590d52383dd5938/element/f.3D8655DB7C018FB3B3311B2BCD0F0E61.d.2D9A9D290EC543ABBD0438A5A3CE7783.e.7803/attribute/aria-checked - {}
COMMAND: GET /session/e537112f6f31df0d8590d52383dd5938/screenshot - {}
RESULT: {}
COMMAND: POST /session/e537112f6f31df0d8590d52383dd5938/element - {"using":"xpath","value":"//table[contains(@id, \"listView-innerSelectionPanelTable-listUl\")]/tbody/tr[5]/td[2]/div/div"}
RESULT: {}
RESULT: {"using":"xpath","value":"//table[contains(@id, \"listView-innerSelectionPanelTable-listUl\")]/tbody/tr[5]/td[2]/div/div"}
COMMAND: POST /session/e537112f6f31df0d8590d52383dd5938/element - {"using":"xpath","value":"//table[contains(@id, \"listView-innerSelectionPanelTable-listUl\")]/tbody/tr[5]/td[2]/div"}
RESULT: {"using":"xpath","value":"//table[contains(@id, \"listView-innerSelectionPanelTable-listUl\")]/tbody/tr[5]/td[2]/div"}
COMMAND: POST /session/e537112f6f31df0d8590d52383dd5938/element - {"using":"xpath","value":"//table[contains(@id, \"listView-innerSelectionPanelTable-listUl\")]/tbody/tr[5]/td[3]/div/div/span/span[1]/bdi"}
RESULT: {"using":"xpath","value":"//table[contains(@id, \"listView-innerSelectionPanelTable-listUl\")]/tbody/tr[5]/td[3]/div/div/span/span[1]/bdi"}
COMMAND: POST /session/e537112f6f31df0d8590d52383dd5938/execute/sync - {"script":"<script> [56 bytes]","args":[{"element-6066-11e4-a52e-4f735466cecf":"f.3D8655DB7C018FB3B3311B2BCD0F0E61.d.2D9A9D290EC543ABBD0438A5A3CE7783.e.7807","ELEMENT":"f.3D8655DB7C018FB3B3311B2BCD0F0E61.d.2D9A9D290EC543ABBD0438A5A3CE7783.e.7807"}]}
RESULT: {"script":"<script> [56 bytes]","args":[{"element-6066-11e4-a52e-4f735466cecf":"f.3D8655DB7C018FB3B3311B2BCD0F0E61.d.2D9A9D290EC543ABBD0438A5A3CE7783.e.7807","ELEMENT":"f.3D8655DB7C018FB3B3311B2BCD0F0E61.d.2D9A9D290EC543ABBD0438A5A3CE7783.e.7807"}]}
COMMAND: GET /session/e537112f6f31df0d8590d52383dd5938/element/f.3D8655DB7C018FB3B3311B2BCD0F0E61.d.2D9A9D290EC543ABBD0438A5A3CE7783.e.7806/attribute/aria-checked - {}
COMMAND: GET /session/e537112f6f31df0d8590d52383dd5938/screenshot - {}
RESULT: {}
COMMAND: POST /session/e537112f6f31df0d8590d52383dd5938/element - {"using":"xpath","value":"//table[contains(@id, \"listView-innerSelectionPanelTable-listUl\")]/tbody/tr[6]/td[2]/div/div"}
RESULT: {}
RESULT: {"using":"xpath","value":"//table[contains(@id, \"listView-innerSelectionPanelTable-listUl\")]/tbody/tr[6]/td[2]/div/div"}
COMMAND: POST /session/e537112f6f31df0d8590d52383dd5938/element - {"using":"xpath","value":"//table[contains(@id, \"listView-innerSelectionPanelTable-listUl\")]/tbody/tr[6]/td[2]/div"}
RESULT: {"using":"xpath","value":"//table[contains(@id, \"listView-innerSelectionPanelTable-listUl\")]/tbody/tr[6]/td[2]/div"}
COMMAND: POST /session/e537112f6f31df0d8590d52383dd5938/element - {"using":"xpath","value":"//table[contains(@id, \"listView-innerSelectionPanelTable-listUl\")]/tbody/tr[6]/td[3]/div/div/span/span[1]/bdi"}
RESULT: {"using":"xpath","value":"//table[contains(@id, \"listView-innerSelectionPanelTable-listUl\")]/tbody/tr[6]/td[3]/div/div/span/span[1]/bdi"}
COMMAND: POST /session/e537112f6f31df0d8590d52383dd5938/execute/sync - {"script":"<script> [56 bytes]","args":[{"element-6066-11e4-a52e-4f735466cecf":"f.3D8655DB7C018FB3B3311B2BCD0F0E61.d.2D9A9D290EC543ABBD0438A5A3CE7783.e.7810","ELEMENT":"f.3D8655DB7C018FB3B3311B2BCD0F0E61.d.2D9A9D290EC543ABBD0438A5A3CE7783.e.7810"}]}
RESULT: {"script":"<script> [56 bytes]","args":[{"element-6066-11e4-a52e-4f735466cecf":"f.3D8655DB7C018FB3B3311B2BCD0F0E61.d.2D9A9D290EC543ABBD0438A5A3CE7783.e.7810","ELEMENT":"f.3D8655DB7C018FB3B3311B2BCD0F0E61.d.2D9A9D290EC543ABBD0438A5A3CE7783.e.7810"}]}
COMMAND: GET /session/e537112f6f31df0d8590d52383dd5938/element/f.3D8655DB7C018FB3B3311B2BCD0F0E61.d.2D9A9D290EC543ABBD0438A5A3CE7783.e.7809/attribute/aria-checked - {}
COMMAND: GET /session/e537112f6f31df0d8590d52383dd5938/screenshot - {}
RESULT: {}
COMMAND: POST /session/e537112f6f31df0d8590d52383dd5938/element - {"using":"xpath","value":"//table[contains(@id, \"listView-innerSelectionPanelTable-listUl\")]/tbody/tr[7]/td[2]/div/div"}
RESULT: {}
RESULT: {"using":"xpath","value":"//table[contains(@id, \"listView-innerSelectionPanelTable-listUl\")]/tbody/tr[7]/td[2]/div/div"}
COMMAND: POST /session/e537112f6f31df0d8590d52383dd5938/element - {"using":"xpath","value":"//table[contains(@id, \"listView-innerSelectionPanelTable-listUl\")]/tbody/tr[7]/td[2]/div"}
RESULT: {"using":"xpath","value":"//table[contains(@id, \"listView-innerSelectionPanelTable-listUl\")]/tbody/tr[7]/td[2]/div"}
COMMAND: POST /session/e537112f6f31df0d8590d52383dd5938/element - {"using":"xpath","value":"//table[contains(@id, \"listView-innerSelectionPanelTable-listUl\")]/tbody/tr[7]/td[3]/div/div/span/span[1]/bdi"}
RESULT: {"using":"xpath","value":"//table[contains(@id, \"listView-innerSelectionPanelTable-listUl\")]/tbody/tr[7]/td[3]/div/div/span/span[1]/bdi"}
COMMAND: POST /session/e537112f6f31df0d8590d52383dd5938/execute/sync - {"script":"<script> [56 bytes]","args":[{"element-6066-11e4-a52e-4f735466cecf":"f.3D8655DB7C018FB3B3311B2BCD0F0E61.d.2D9A9D290EC543ABBD0438A5A3CE7783.e.7813","ELEMENT":"f.3D8655DB7C018FB3B3311B2BCD0F0E61.d.2D9A9D290EC543ABBD0438A5A3CE7783.e.7813"}]}
RESULT: {"script":"<script> [56 bytes]","args":[{"element-6066-11e4-a52e-4f735466cecf":"f.3D8655DB7C018FB3B3311B2BCD0F0E61.d.2D9A9D290EC543ABBD0438A5A3CE7783.e.7813","ELEMENT":"f.3D8655DB7C018FB3B3311B2BCD0F0E61.d.2D9A9D290EC543ABBD0438A5A3CE7783.e.7813"}]}
COMMAND: GET /session/e537112f6f31df0d8590d52383dd5938/element/f.3D8655DB7C018FB3B3311B2BCD0F0E61.d.2D9A9D290EC543ABBD0438A5A3CE7783.e.7812/attribute/aria-checked - {}
COMMAND: GET /session/e537112f6f31df0d8590d52383dd5938/screenshot - {}
RESULT: {}
COMMAND: POST /session/e537112f6f31df0d8590d52383dd5938/element - {"using":"xpath","value":"//table[contains(@id, \"listView-innerSelectionPanelTable-listUl\")]/tbody/tr[8]/td[2]/div/div"}
RESULT: {}
RESULT: {"using":"xpath","value":"//table[contains(@id, \"listView-innerSelectionPanelTable-listUl\")]/tbody/tr[8]/td[2]/div/div"}
COMMAND: POST /session/e537112f6f31df0d8590d52383dd5938/element - {"using":"xpath","value":"//table[contains(@id, \"listView-innerSelectionPanelTable-listUl\")]/tbody/tr[8]/td[2]/div"}
RESULT: {"using":"xpath","value":"//table[contains(@id, \"listView-innerSelectionPanelTable-listUl\")]/tbody/tr[8]/td[2]/div"}
COMMAND: POST /session/e537112f6f31df0d8590d52383dd5938/element - {"using":"xpath","value":"//table[contains(@id, \"listView-innerSelectionPanelTable-listUl\")]/tbody/tr[8]/td[3]/div/div/span/span[1]/bdi"}
RESULT: {"using":"xpath","value":"//table[contains(@id, \"listView-innerSelectionPanelTable-listUl\")]/tbody/tr[8]/td[3]/div/div/span/span[1]/bdi"}
COMMAND: POST /session/e537112f6f31df0d8590d52383dd5938/execute/sync - {"script":"<script> [56 bytes]","args":[{"element-6066-11e4-a52e-4f735466cecf":"f.3D8655DB7C018FB3B3311B2BCD0F0E61.d.2D9A9D290EC543ABBD0438A5A3CE7783.e.7816","ELEMENT":"f.3D8655DB7C018FB3B3311B2BCD0F0E61.d.2D9A9D290EC543ABBD0438A5A3CE7783.e.7816"}]}
RESULT: {"script":"<script> [56 bytes]","args":[{"element-6066-11e4-a52e-4f735466cecf":"f.3D8655DB7C018FB3B3311B2BCD0F0E61.d.2D9A9D290EC543ABBD0438A5A3CE7783.e.7816","ELEMENT":"f.3D8655DB7C018FB3B3311B2BCD0F0E61.d.2D9A9D290EC543ABBD0438A5A3CE7783.e.7816"}]}
COMMAND: GET /session/e537112f6f31df0d8590d52383dd5938/element/f.3D8655DB7C018FB3B3311B2BCD0F0E61.d.2D9A9D290EC543ABBD0438A5A3CE7783.e.7815/attribute/aria-checked - {}
COMMAND: GET /session/e537112f6f31df0d8590d52383dd5938/screenshot - {}
RESULT: {}
COMMAND: POST /session/e537112f6f31df0d8590d52383dd5938/element - {"using":"xpath","value":"//table[contains(@id, \"listView-innerSelectionPanelTable-listUl\")]/tbody/tr[9]/td[2]/div/div"}
RESULT: {}
RESULT: {"using":"xpath","value":"//table[contains(@id, \"listView-innerSelectionPanelTable-listUl\")]/tbody/tr[9]/td[2]/div/div"}
COMMAND: POST /session/e537112f6f31df0d8590d52383dd5938/element - {"using":"xpath","value":"//table[contains(@id, \"listView-innerSelectionPanelTable-listUl\")]/tbody/tr[9]/td[2]/div"}
RESULT: {"using":"xpath","value":"//table[contains(@id, \"listView-innerSelectionPanelTable-listUl\")]/tbody/tr[9]/td[2]/div"}
COMMAND: POST /session/e537112f6f31df0d8590d52383dd5938/element - {"using":"xpath","value":"//table[contains(@id, \"listView-innerSelectionPanelTable-listUl\")]/tbody/tr[9]/td[3]/div/div/span/span[1]/bdi"}
RESULT: {"using":"xpath","value":"//table[contains(@id, \"listView-innerSelectionPanelTable-listUl\")]/tbody/tr[9]/td[3]/div/div/span/span[1]/bdi"}
COMMAND: POST /session/e537112f6f31df0d8590d52383dd5938/execute/sync - {"script":"<script> [56 bytes]","args":[{"element-6066-11e4-a52e-4f735466cecf":"f.3D8655DB7C018FB3B3311B2BCD0F0E61.d.2D9A9D290EC543ABBD0438A5A3CE7783.e.7819","ELEMENT":"f.3D8655DB7C018FB3B3311B2BCD0F0E61.d.2D9A9D290EC543ABBD0438A5A3CE7783.e.7819"}]}
RESULT: {"script":"<script> [56 bytes]","args":[{"element-6066-11e4-a52e-4f735466cecf":"f.3D8655DB7C018FB3B3311B2BCD0F0E61.d.2D9A9D290EC543ABBD0438A5A3CE7783.e.7819","ELEMENT":"f.3D8655DB7C018FB3B3311B2BCD0F0E61.d.2D9A9D290EC543ABBD0438A5A3CE7783.e.7819"}]}
COMMAND: GET /session/e537112f6f31df0d8590d52383dd5938/element/f.3D8655DB7C018FB3B3311B2BCD0F0E61.d.2D9A9D290EC543ABBD0438A5A3CE7783.e.7818/attribute/aria-checked - {}
COMMAND: GET /session/e537112f6f31df0d8590d52383dd5938/screenshot - {}
RESULT: {}
COMMAND: POST /session/e537112f6f31df0d8590d52383dd5938/element - {"using":"xpath","value":"//table[contains(@id, \"listView-innerSelectionPanelTable-listUl\")]/tbody/tr[10]/td[2]/div/div"}
RESULT: {}
RESULT: {"using":"xpath","value":"//table[contains(@id, \"listView-innerSelectionPanelTable-listUl\")]/tbody/tr[10]/td[2]/div/div"}
COMMAND: POST /session/e537112f6f31df0d8590d52383dd5938/element - {"using":"xpath","value":"//table[contains(@id, \"listView-innerSelectionPanelTable-listUl\")]/tbody/tr[10]/td[2]/div"}
RESULT: {"using":"xpath","value":"//table[contains(@id, \"listView-innerSelectionPanelTable-listUl\")]/tbody/tr[10]/td[2]/div"}
COMMAND: POST /session/e537112f6f31df0d8590d52383dd5938/element - {"using":"xpath","value":"//table[contains(@id, \"listView-innerSelectionPanelTable-listUl\")]/tbody/tr[10]/td[3]/div/div/span/span[1]/bdi"}
RESULT: {"using":"xpath","value":"//table[contains(@id, \"listView-innerSelectionPanelTable-listUl\")]/tbody/tr[10]/td[3]/div/div/span/span[1]/bdi"}
COMMAND: POST /session/e537112f6f31df0d8590d52383dd5938/execute/sync - {"script":"<script> [56 bytes]","args":[{"element-6066-11e4-a52e-4f735466cecf":"f.3D8655DB7C018FB3B3311B2BCD0F0E61.d.2D9A9D290EC543ABBD0438A5A3CE7783.e.7822","ELEMENT":"f.3D8655DB7C018FB3B3311B2BCD0F0E61.d.2D9A9D290EC543ABBD0438A5A3CE7783.e.7822"}]}
RESULT: {"script":"<script> [56 bytes]","args":[{"element-6066-11e4-a52e-4f735466cecf":"f.3D8655DB7C018FB3B3311B2BCD0F0E61.d.2D9A9D290EC543ABBD0438A5A3CE7783.e.7822","ELEMENT":"f.3D8655DB7C018FB3B3311B2BCD0F0E61.d.2D9A9D290EC543ABBD0438A5A3CE7783.e.7822"}]}
COMMAND: GET /session/e537112f6f31df0d8590d52383dd5938/element/f.3D8655DB7C018FB3B3311B2BCD0F0E61.d.2D9A9D290EC543ABBD0438A5A3CE7783.e.7821/attribute/aria-checked - {}
COMMAND: GET /session/e537112f6f31df0d8590d52383dd5938/screenshot - {}
RESULT: {}
COMMAND: POST /session/e537112f6f31df0d8590d52383dd5938/element - {"using":"xpath","value":"//table[contains(@id, \"listView-innerSelectionPanelTable-listUl\")]/tbody/tr[11]/td[2]/div/div"}
RESULT: {}
RESULT: {"using":"xpath","value":"//table[contains(@id, \"listView-innerSelectionPanelTable-listUl\")]/tbody/tr[11]/td[2]/div/div"}
COMMAND: POST /session/e537112f6f31df0d8590d52383dd5938/element - {"using":"xpath","value":"//table[contains(@id, \"listView-innerSelectionPanelTable-listUl\")]/tbody/tr[11]/td[2]/div"}
RESULT: {"using":"xpath","value":"//table[contains(@id, \"listView-innerSelectionPanelTable-listUl\")]/tbody/tr[11]/td[2]/div"}
COMMAND: POST /session/e537112f6f31df0d8590d52383dd5938/element - {"using":"xpath","value":"//table[contains(@id, \"listView-innerSelectionPanelTable-listUl\")]/tbody/tr[11]/td[3]/div/div/span/span[1]/bdi"}
RESULT: {"using":"xpath","value":"//table[contains(@id, \"listView-innerSelectionPanelTable-listUl\")]/tbody/tr[11]/td[3]/div/div/span/span[1]/bdi"}
COMMAND: POST /session/e537112f6f31df0d8590d52383dd5938/execute/sync - {"script":"<script> [56 bytes]","args":[{"element-6066-11e4-a52e-4f735466cecf":"f.3D8655DB7C018FB3B3311B2BCD0F0E61.d.2D9A9D290EC543ABBD0438A5A3CE7783.e.7825","ELEMENT":"f.3D8655DB7C018FB3B3311B2BCD0F0E61.d.2D9A9D290EC543ABBD0438A5A3CE7783.e.7825"}]}
RESULT: {"script":"<script> [56 bytes]","args":[{"element-6066-11e4-a52e-4f735466cecf":"f.3D8655DB7C018FB3B3311B2BCD0F0E61.d.2D9A9D290EC543ABBD0438A5A3CE7783.e.7825","ELEMENT":"f.3D8655DB7C018FB3B3311B2BCD0F0E61.d.2D9A9D290EC543ABBD0438A5A3CE7783.e.7825"}]}
COMMAND: GET /session/e537112f6f31df0d8590d52383dd5938/element/f.3D8655DB7C018FB3B3311B2BCD0F0E61.d.2D9A9D290EC543ABBD0438A5A3CE7783.e.7824/attribute/aria-checked - {}
COMMAND: GET /session/e537112f6f31df0d8590d52383dd5938/screenshot - {}
RESULT: {}
COMMAND: POST /session/e537112f6f31df0d8590d52383dd5938/element - {"using":"xpath","value":"//table[contains(@id, \"listView-innerSelectionPanelTable-listUl\")]/tbody/tr[12]/td[2]/div/div"}
RESULT: {}
RESULT: {"using":"xpath","value":"//table[contains(@id, \"listView-innerSelectionPanelTable-listUl\")]/tbody/tr[12]/td[2]/div/div"}
COMMAND: POST /session/e537112f6f31df0d8590d52383dd5938/element - {"using":"xpath","value":"//table[contains(@id, \"listView-innerSelectionPanelTable-listUl\")]/tbody/tr[12]/td[2]/div"}
RESULT: {"using":"xpath","value":"//table[contains(@id, \"listView-innerSelectionPanelTable-listUl\")]/tbody/tr[12]/td[2]/div"}
COMMAND: POST /session/e537112f6f31df0d8590d52383dd5938/element - {"using":"xpath","value":"//table[contains(@id, \"listView-innerSelectionPanelTable-listUl\")]/tbody/tr[12]/td[3]/div/div/span/span[1]/bdi"}
RESULT: {"using":"xpath","value":"//table[contains(@id, \"listView-innerSelectionPanelTable-listUl\")]/tbody/tr[12]/td[3]/div/div/span/span[1]/bdi"}
COMMAND: POST /session/e537112f6f31df0d8590d52383dd5938/execute/sync - {"script":"<script> [56 bytes]","args":[{"element-6066-11e4-a52e-4f735466cecf":"f.3D8655DB7C018FB3B3311B2BCD0F0E61.d.2D9A9D290EC543ABBD0438A5A3CE7783.e.7828","ELEMENT":"f.3D8655DB7C018FB3B3311B2BCD0F0E61.d.2D9A9D290EC543ABBD0438A5A3CE7783.e.7828"}]}
RESULT: {"script":"<script> [56 bytes]","args":[{"element-6066-11e4-a52e-4f735466cecf":"f.3D8655DB7C018FB3B3311B2BCD0F0E61.d.2D9A9D290EC543ABBD0438A5A3CE7783.e.7828","ELEMENT":"f.3D8655DB7C018FB3B3311B2BCD0F0E61.d.2D9A9D290EC543ABBD0438A5A3CE7783.e.7828"}]}
COMMAND: GET /session/e537112f6f31df0d8590d52383dd5938/element/f.3D8655DB7C018FB3B3311B2BCD0F0E61.d.2D9A9D290EC543ABBD0438A5A3CE7783.e.7827/attribute/aria-checked - {}
COMMAND: GET /session/e537112f6f31df0d8590d52383dd5938/screenshot - {}
RESULT: {}
COMMAND: POST /session/e537112f6f31df0d8590d52383dd5938/element - {"using":"xpath","value":"//table[contains(@id, \"listView-innerSelectionPanelTable-listUl\")]/tbody/tr[13]/td[2]/div/div"}
RESULT: {}
RESULT: {"using":"xpath","value":"//table[contains(@id, \"listView-innerSelectionPanelTable-listUl\")]/tbody/tr[13]/td[2]/div/div"}
COMMAND: POST /session/e537112f6f31df0d8590d52383dd5938/element - {"using":"xpath","value":"//table[contains(@id, \"listView-innerSelectionPanelTable-listUl\")]/tbody/tr[13]/td[2]/div"}
RESULT: {"using":"xpath","value":"//table[contains(@id, \"listView-innerSelectionPanelTable-listUl\")]/tbody/tr[13]/td[2]/div"}
COMMAND: POST /session/e537112f6f31df0d8590d52383dd5938/element - {"using":"xpath","value":"//table[contains(@id, \"listView-innerSelectionPanelTable-listUl\")]/tbody/tr[13]/td[3]/div/div/span/span[1]/bdi"}
RESULT: {"using":"xpath","value":"//table[contains(@id, \"listView-innerSelectionPanelTable-listUl\")]/tbody/tr[13]/td[3]/div/div/span/span[1]/bdi"}
COMMAND: POST /session/e537112f6f31df0d8590d52383dd5938/execute/sync - {"script":"<script> [56 bytes]","args":[{"element-6066-11e4-a52e-4f735466cecf":"f.3D8655DB7C018FB3B3311B2BCD0F0E61.d.2D9A9D290EC543ABBD0438A5A3CE7783.e.7831","ELEMENT":"f.3D8655DB7C018FB3B3311B2BCD0F0E61.d.2D9A9D290EC543ABBD0438A5A3CE7783.e.7831"}]}
RESULT: {"script":"<script> [56 bytes]","args":[{"element-6066-11e4-a52e-4f735466cecf":"f.3D8655DB7C018FB3B3311B2BCD0F0E61.d.2D9A9D290EC543ABBD0438A5A3CE7783.e.7831","ELEMENT":"f.3D8655DB7C018FB3B3311B2BCD0F0E61.d.2D9A9D290EC543ABBD0438A5A3CE7783.e.7831"}]}
COMMAND: GET /session/e537112f6f31df0d8590d52383dd5938/element/f.3D8655DB7C018FB3B3311B2BCD0F0E61.d.2D9A9D290EC543ABBD0438A5A3CE7783.e.7830/attribute/aria-checked - {}
COMMAND: GET /session/e537112f6f31df0d8590d52383dd5938/screenshot - {}
RESULT: {}
COMMAND: POST /session/e537112f6f31df0d8590d52383dd5938/element - {"using":"xpath","value":"//table[contains(@id, \"listView-innerSelectionPanelTable-listUl\")]/tbody/tr[14]/td[2]/div/div"}
RESULT: {}
RESULT: {"using":"xpath","value":"//table[contains(@id, \"listView-innerSelectionPanelTable-listUl\")]/tbody/tr[14]/td[2]/div/div"}
COMMAND: POST /session/e537112f6f31df0d8590d52383dd5938/element - {"using":"xpath","value":"//table[contains(@id, \"listView-innerSelectionPanelTable-listUl\")]/tbody/tr[14]/td[2]/div"}
RESULT: {"using":"xpath","value":"//table[contains(@id, \"listView-innerSelectionPanelTable-listUl\")]/tbody/tr[14]/td[2]/div"}
COMMAND: POST /session/e537112f6f31df0d8590d52383dd5938/element - {"using":"xpath","value":"//table[contains(@id, \"listView-innerSelectionPanelTable-listUl\")]/tbody/tr[14]/td[3]/div/div/span/span[1]/bdi"}
RESULT: {"using":"xpath","value":"//table[contains(@id, \"listView-innerSelectionPanelTable-listUl\")]/tbody/tr[14]/td[3]/div/div/span/span[1]/bdi"}
COMMAND: POST /session/e537112f6f31df0d8590d52383dd5938/execute/sync - {"script":"<script> [56 bytes]","args":[{"element-6066-11e4-a52e-4f735466cecf":"f.3D8655DB7C018FB3B3311B2BCD0F0E61.d.2D9A9D290EC543ABBD0438A5A3CE7783.e.7834","ELEMENT":"f.3D8655DB7C018FB3B3311B2BCD0F0E61.d.2D9A9D290EC543ABBD0438A5A3CE7783.e.7834"}]}
RESULT: {"script":"<script> [56 bytes]","args":[{"element-6066-11e4-a52e-4f735466cecf":"f.3D8655DB7C018FB3B3311B2BCD0F0E61.d.2D9A9D290EC543ABBD0438A5A3CE7783.e.7834","ELEMENT":"f.3D8655DB7C018FB3B3311B2BCD0F0E61.d.2D9A9D290EC543ABBD0438A5A3CE7783.e.7834"}]}
COMMAND: GET /session/e537112f6f31df0d8590d52383dd5938/element/f.3D8655DB7C018FB3B3311B2BCD0F0E61.d.2D9A9D290EC543ABBD0438A5A3CE7783.e.7833/attribute/aria-checked - {}
COMMAND: GET /session/e537112f6f31df0d8590d52383dd5938/screenshot - {}
RESULT: {}
COMMAND: POST /session/e537112f6f31df0d8590d52383dd5938/element - {"using":"xpath","value":"//table[contains(@id, \"listView-innerSelectionPanelTable-listUl\")]/tbody/tr[15]/td[2]/div/div"}
RESULT: {}
RESULT: {"using":"xpath","value":"//table[contains(@id, \"listView-innerSelectionPanelTable-listUl\")]/tbody/tr[15]/td[2]/div/div"}
COMMAND: POST /session/e537112f6f31df0d8590d52383dd5938/element - {"using":"xpath","value":"//table[contains(@id, \"listView-innerSelectionPanelTable-listUl\")]/tbody/tr[15]/td[2]/div"}
RESULT: {"using":"xpath","value":"//table[contains(@id, \"listView-innerSelectionPanelTable-listUl\")]/tbody/tr[15]/td[2]/div"}
COMMAND: POST /session/e537112f6f31df0d8590d52383dd5938/element - {"using":"xpath","value":"//table[contains(@id, \"listView-innerSelectionPanelTable-listUl\")]/tbody/tr[15]/td[3]/div/div/span/span[1]/bdi"}
RESULT: {"using":"xpath","value":"//table[contains(@id, \"listView-innerSelectionPanelTable-listUl\")]/tbody/tr[15]/td[3]/div/div/span/span[1]/bdi"}
COMMAND: POST /session/e537112f6f31df0d8590d52383dd5938/execute/sync - {"script":"<script> [56 bytes]","args":[{"element-6066-11e4-a52e-4f735466cecf":"f.3D8655DB7C018FB3B3311B2BCD0F0E61.d.2D9A9D290EC543ABBD0438A5A3CE7783.e.7837","ELEMENT":"f.3D8655DB7C018FB3B3311B2BCD0F0E61.d.2D9A9D290EC543ABBD0438A5A3CE7783.e.7837"}]}
RESULT: {"script":"<script> [56 bytes]","args":[{"element-6066-11e4-a52e-4f735466cecf":"f.3D8655DB7C018FB3B3311B2BCD0F0E61.d.2D9A9D290EC543ABBD0438A5A3CE7783.e.7837","ELEMENT":"f.3D8655DB7C018FB3B3311B2BCD0F0E61.d.2D9A9D290EC543ABBD0438A5A3CE7783.e.7837"}]}
COMMAND: GET /session/e537112f6f31df0d8590d52383dd5938/element/f.3D8655DB7C018FB3B3311B2BCD0F0E61.d.2D9A9D290EC543ABBD0438A5A3CE7783.e.7836/attribute/aria-checked - {}
COMMAND: GET /session/e537112f6f31df0d8590d52383dd5938/screenshot - {}
RESULT: {}
COMMAND: POST /session/e537112f6f31df0d8590d52383dd5938/element - {"using":"xpath","value":"//table[contains(@id, \"listView-innerSelectionPanelTable-listUl\")]/tbody/tr[16]/td[2]/div/div"}
RESULT: {}
RESULT: {"using":"xpath","value":"//table[contains(@id, \"listView-innerSelectionPanelTable-listUl\")]/tbody/tr[16]/td[2]/div/div"}
COMMAND: POST /session/e537112f6f31df0d8590d52383dd5938/element - {"using":"xpath","value":"//table[contains(@id, \"listView-innerSelectionPanelTable-listUl\")]/tbody/tr[16]/td[2]/div"}
RESULT: {"using":"xpath","value":"//table[contains(@id, \"listView-innerSelectionPanelTable-listUl\")]/tbody/tr[16]/td[2]/div"}
COMMAND: POST /session/e537112f6f31df0d8590d52383dd5938/element - {"using":"xpath","value":"//table[contains(@id, \"listView-innerSelectionPanelTable-listUl\")]/tbody/tr[16]/td[3]/div/div/span/span[1]/bdi"}
RESULT: {"using":"xpath","value":"//table[contains(@id, \"listView-innerSelectionPanelTable-listUl\")]/tbody/tr[16]/td[3]/div/div/span/span[1]/bdi"}
COMMAND: POST /session/e537112f6f31df0d8590d52383dd5938/execute/sync - {"script":"<script> [56 bytes]","args":[{"element-6066-11e4-a52e-4f735466cecf":"f.3D8655DB7C018FB3B3311B2BCD0F0E61.d.2D9A9D290EC543ABBD0438A5A3CE7783.e.7840","ELEMENT":"f.3D8655DB7C018FB3B3311B2BCD0F0E61.d.2D9A9D290EC543ABBD0438A5A3CE7783.e.7840"}]}
RESULT: {"script":"<script> [56 bytes]","args":[{"element-6066-11e4-a52e-4f735466cecf":"f.3D8655DB7C018FB3B3311B2BCD0F0E61.d.2D9A9D290EC543ABBD0438A5A3CE7783.e.7840","ELEMENT":"f.3D8655DB7C018FB3B3311B2BCD0F0E61.d.2D9A9D290EC543ABBD0438A5A3CE7783.e.7840"}]}
COMMAND: GET /session/e537112f6f31df0d8590d52383dd5938/element/f.3D8655DB7C018FB3B3311B2BCD0F0E61.d.2D9A9D290EC543ABBD0438A5A3CE7783.e.7839/attribute/aria-checked - {}
COMMAND: GET /session/e537112f6f31df0d8590d52383dd5938/screenshot - {}
RESULT: {}
COMMAND: POST /session/e537112f6f31df0d8590d52383dd5938/element - {"using":"xpath","value":"//table[contains(@id, \"listView-innerSelectionPanelTable-listUl\")]/tbody/tr[17]/td[2]/div/div"}
RESULT: {}
RESULT: {"using":"xpath","value":"//table[contains(@id, \"listView-innerSelectionPanelTable-listUl\")]/tbody/tr[17]/td[2]/div/div"}
COMMAND: POST /session/e537112f6f31df0d8590d52383dd5938/element - {"using":"xpath","value":"//table[contains(@id, \"listView-innerSelectionPanelTable-listUl\")]/tbody/tr[17]/td[2]/div"}
RESULT: {"using":"xpath","value":"//table[contains(@id, \"listView-innerSelectionPanelTable-listUl\")]/tbody/tr[17]/td[2]/div"}
COMMAND: POST /session/e537112f6f31df0d8590d52383dd5938/element - {"using":"xpath","value":"//table[contains(@id, \"listView-innerSelectionPanelTable-listUl\")]/tbody/tr[17]/td[3]/div/div/span/span[1]/bdi"}
RESULT: {"using":"xpath","value":"//table[contains(@id, \"listView-innerSelectionPanelTable-listUl\")]/tbody/tr[17]/td[3]/div/div/span/span[1]/bdi"}
COMMAND: POST /session/e537112f6f31df0d8590d52383dd5938/execute/sync - {"script":"<script> [56 bytes]","args":[{"element-6066-11e4-a52e-4f735466cecf":"f.3D8655DB7C018FB3B3311B2BCD0F0E61.d.2D9A9D290EC543ABBD0438A5A3CE7783.e.7843","ELEMENT":"f.3D8655DB7C018FB3B3311B2BCD0F0E61.d.2D9A9D290EC543ABBD0438A5A3CE7783.e.7843"}]}
RESULT: {"script":"<script> [56 bytes]","args":[{"element-6066-11e4-a52e-4f735466cecf":"f.3D8655DB7C018FB3B3311B2BCD0F0E61.d.2D9A9D290EC543ABBD0438A5A3CE7783.e.7843","ELEMENT":"f.3D8655DB7C018FB3B3311B2BCD0F0E61.d.2D9A9D290EC543ABBD0438A5A3CE7783.e.7843"}]}
COMMAND: GET /session/e537112f6f31df0d8590d52383dd5938/element/f.3D8655DB7C018FB3B3311B2BCD0F0E61.d.2D9A9D290EC543ABBD0438A5A3CE7783.e.7842/attribute/aria-checked - {}
COMMAND: GET /session/e537112f6f31df0d8590d52383dd5938/screenshot - {}
RESULT: {}
COMMAND: POST /session/e537112f6f31df0d8590d52383dd5938/element - {"using":"xpath","value":"//table[contains(@id, \"listView-innerSelectionPanelTable-listUl\")]/tbody/tr[18]/td[2]/div/div"}
RESULT: {}
RESULT: {"using":"xpath","value":"//table[contains(@id, \"listView-innerSelectionPanelTable-listUl\")]/tbody/tr[18]/td[2]/div/div"}
COMMAND: POST /session/e537112f6f31df0d8590d52383dd5938/element - {"using":"xpath","value":"//table[contains(@id, \"listView-innerSelectionPanelTable-listUl\")]/tbody/tr[18]/td[2]/div"}
RESULT: {"using":"xpath","value":"//table[contains(@id, \"listView-innerSelectionPanelTable-listUl\")]/tbody/tr[18]/td[2]/div"}
COMMAND: POST /session/e537112f6f31df0d8590d52383dd5938/element - {"using":"xpath","value":"//table[contains(@id, \"listView-innerSelectionPanelTable-listUl\")]/tbody/tr[18]/td[3]/div/div/span/span[1]/bdi"}
RESULT: {"using":"xpath","value":"//table[contains(@id, \"listView-innerSelectionPanelTable-listUl\")]/tbody/tr[18]/td[3]/div/div/span/span[1]/bdi"}
COMMAND: POST /session/e537112f6f31df0d8590d52383dd5938/execute/sync - {"script":"<script> [56 bytes]","args":[{"element-6066-11e4-a52e-4f735466cecf":"f.3D8655DB7C018FB3B3311B2BCD0F0E61.d.2D9A9D290EC543ABBD0438A5A3CE7783.e.7846","ELEMENT":"f.3D8655DB7C018FB3B3311B2BCD0F0E61.d.2D9A9D290EC543ABBD0438A5A3CE7783.e.7846"}]}
RESULT: {"script":"<script> [56 bytes]","args":[{"element-6066-11e4-a52e-4f735466cecf":"f.3D8655DB7C018FB3B3311B2BCD0F0E61.d.2D9A9D290EC543ABBD0438A5A3CE7783.e.7846","ELEMENT":"f.3D8655DB7C018FB3B3311B2BCD0F0E61.d.2D9A9D290EC543ABBD0438A5A3CE7783.e.7846"}]}
COMMAND: GET /session/e537112f6f31df0d8590d52383dd5938/element/f.3D8655DB7C018FB3B3311B2BCD0F0E61.d.2D9A9D290EC543ABBD0438A5A3CE7783.e.7845/attribute/aria-checked - {}
COMMAND: GET /session/e537112f6f31df0d8590d52383dd5938/screenshot - {}
RESULT: {}
COMMAND: POST /session/e537112f6f31df0d8590d52383dd5938/element - {"using":"xpath","value":"//table[contains(@id, \"listView-innerSelectionPanelTable-listUl\")]/tbody/tr[19]/td[2]/div/div"}
RESULT: {}
RESULT: {"using":"xpath","value":"//table[contains(@id, \"listView-innerSelectionPanelTable-listUl\")]/tbody/tr[19]/td[2]/div/div"}
COMMAND: POST /session/e537112f6f31df0d8590d52383dd5938/element - {"using":"xpath","value":"//table[contains(@id, \"listView-innerSelectionPanelTable-listUl\")]/tbody/tr[19]/td[2]/div"}
RESULT: {"using":"xpath","value":"//table[contains(@id, \"listView-innerSelectionPanelTable-listUl\")]/tbody/tr[19]/td[2]/div"}
COMMAND: POST /session/e537112f6f31df0d8590d52383dd5938/element - {"using":"xpath","value":"//table[contains(@id, \"listView-innerSelectionPanelTable-listUl\")]/tbody/tr[19]/td[3]/div/div/span/span[1]/bdi"}
RESULT: {"using":"xpath","value":"//table[contains(@id, \"listView-innerSelectionPanelTable-listUl\")]/tbody/tr[19]/td[3]/div/div/span/span[1]/bdi"}
COMMAND: POST /session/e537112f6f31df0d8590d52383dd5938/execute/sync - {"script":"<script> [56 bytes]","args":[{"element-6066-11e4-a52e-4f735466cecf":"f.3D8655DB7C018FB3B3311B2BCD0F0E61.d.2D9A9D290EC543ABBD0438A5A3CE7783.e.7849","ELEMENT":"f.3D8655DB7C018FB3B3311B2BCD0F0E61.d.2D9A9D290EC543ABBD0438A5A3CE7783.e.7849"}]}
RESULT: {"script":"<script> [56 bytes]","args":[{"element-6066-11e4-a52e-4f735466cecf":"f.3D8655DB7C018FB3B3311B2BCD0F0E61.d.2D9A9D290EC543ABBD0438A5A3CE7783.e.7849","ELEMENT":"f.3D8655DB7C018FB3B3311B2BCD0F0E61.d.2D9A9D290EC543ABBD0438A5A3CE7783.e.7849"}]}
COMMAND: GET /session/e537112f6f31df0d8590d52383dd5938/element/f.3D8655DB7C018FB3B3311B2BCD0F0E61.d.2D9A9D290EC543ABBD0438A5A3CE7783.e.7848/attribute/aria-checked - {}
COMMAND: GET /session/e537112f6f31df0d8590d52383dd5938/screenshot - {}
RESULT: {}
COMMAND: POST /session/e537112f6f31df0d8590d52383dd5938/element - {"using":"xpath","value":"//table[contains(@id, \"listView-innerSelectionPanelTable-listUl\")]/tbody/tr[20]/td[2]/div/div"}
RESULT: {}
RESULT: {"using":"xpath","value":"//table[contains(@id, \"listView-innerSelectionPanelTable-listUl\")]/tbody/tr[20]/td[2]/div/div"}
COMMAND: POST /session/e537112f6f31df0d8590d52383dd5938/element - {"using":"xpath","value":"//table[contains(@id, \"listView-innerSelectionPanelTable-listUl\")]/tbody/tr[20]/td[2]/div"}
RESULT: {"using":"xpath","value":"//table[contains(@id, \"listView-innerSelectionPanelTable-listUl\")]/tbody/tr[20]/td[2]/div"}
COMMAND: POST /session/e537112f6f31df0d8590d52383dd5938/element - {"using":"xpath","value":"//table[contains(@id, \"listView-innerSelectionPanelTable-listUl\")]/tbody/tr[20]/td[3]/div/div/span/span[1]/bdi"}
RESULT: {"using":"xpath","value":"//table[contains(@id, \"listView-innerSelectionPanelTable-listUl\")]/tbody/tr[20]/td[3]/div/div/span/span[1]/bdi"}
COMMAND: POST /session/e537112f6f31df0d8590d52383dd5938/execute/sync - {"script":"<script> [56 bytes]","args":[{"element-6066-11e4-a52e-4f735466cecf":"f.3D8655DB7C018FB3B3311B2BCD0F0E61.d.2D9A9D290EC543ABBD0438A5A3CE7783.e.7852","ELEMENT":"f.3D8655DB7C018FB3B3311B2BCD0F0E61.d.2D9A9D290EC543ABBD0438A5A3CE7783.e.7852"}]}
RESULT: {"script":"<script> [56 bytes]","args":[{"element-6066-11e4-a52e-4f735466cecf":"f.3D8655DB7C018FB3B3311B2BCD0F0E61.d.2D9A9D290EC543ABBD0438A5A3CE7783.e.7852","ELEMENT":"f.3D8655DB7C018FB3B3311B2BCD0F0E61.d.2D9A9D290EC543ABBD0438A5A3CE7783.e.7852"}]}
COMMAND: GET /session/e537112f6f31df0d8590d52383dd5938/element/f.3D8655DB7C018FB3B3311B2BCD0F0E61.d.2D9A9D290EC543ABBD0438A5A3CE7783.e.7851/attribute/aria-checked - {}
COMMAND: GET /session/e537112f6f31df0d8590d52383dd5938/screenshot - {}
RESULT: {}
COMMAND: POST /session/e537112f6f31df0d8590d52383dd5938/element - {"using":"xpath","value":"//table[contains(@id, \"listView-innerSelectionPanelTable-listUl\")]/tbody/tr[21]/td[2]/div/div"}
COMMAND: POST /session/e537112f6f31df0d8590d52383dd5938/element/f.3D8655DB7C018FB3B3311B2BCD0F0E61.d.2D9A9D290EC543ABBD0438A5A3CE7783.e.7850/click - {}
RESULT: {}
RESULT: {}
COMMAND: GET /session/e537112f6f31df0d8590d52383dd5938/screenshot - {}
RESULT: {"using":"xpath","value":"//table[contains(@id, \"listView-innerSelectionPanelTable-listUl\")]/tbody/tr[21]/td[2]/div/div"}
COMMAND: POST /session/e537112f6f31df0d8590d52383dd5938/element - {"using":"xpath","value":"//table[contains(@id, \"listView-innerSelectionPanelTable-listUl\")]/tbody/tr[21]/td[2]/div"}
RESULT: {}
RESULT: {"using":"xpath","value":"//table[contains(@id, \"listView-innerSelectionPanelTable-listUl\")]/tbody/tr[21]/td[2]/div"}
COMMAND: POST /session/e537112f6f31df0d8590d52383dd5938/element - {"using":"xpath","value":"//table[contains(@id, \"listView-innerSelectionPanelTable-listUl\")]/tbody/tr[21]/td[3]/div/div/span/span[1]/bdi"}
RESULT: {"using":"xpath","value":"//table[contains(@id, \"listView-innerSelectionPanelTable-listUl\")]/tbody/tr[21]/td[3]/div/div/span/span[1]/bdi"}
COMMAND: POST /session/e537112f6f31df0d8590d52383dd5938/execute/sync - {"script":"<script> [56 bytes]","args":[{"element-6066-11e4-a52e-4f735466cecf":"f.3D8655DB7C018FB3B3311B2BCD0F0E61.d.2D9A9D290EC543ABBD0438A5A3CE7783.e.7858","ELEMENT":"f.3D8655DB7C018FB3B3311B2BCD0F0E61.d.2D9A9D290EC543ABBD0438A5A3CE7783.e.7858"}]}
RESULT: {"script":"<script> [56 bytes]","args":[{"element-6066-11e4-a52e-4f735466cecf":"f.3D8655DB7C018FB3B3311B2BCD0F0E61.d.2D9A9D290EC543ABBD0438A5A3CE7783.e.7858","ELEMENT":"f.3D8655DB7C018FB3B3311B2BCD0F0E61.d.2D9A9D290EC543ABBD0438A5A3CE7783.e.7858"}]}
COMMAND: GET /session/e537112f6f31df0d8590d52383dd5938/element/f.3D8655DB7C018FB3B3311B2BCD0F0E61.d.2D9A9D290EC543ABBD0438A5A3CE7783.e.7857/attribute/aria-checked - {}
COMMAND: GET /session/e537112f6f31df0d8590d52383dd5938/screenshot - {}
RESULT: {}
COMMAND: POST /session/e537112f6f31df0d8590d52383dd5938/element - {"using":"xpath","value":"//table[contains(@id, \"listView-innerSelectionPanelTable-listUl\")]/tbody/tr[22]/td[2]/div/div"}
COMMAND: POST /session/e537112f6f31df0d8590d52383dd5938/element/f.3D8655DB7C018FB3B3311B2BCD0F0E61.d.2D9A9D290EC543ABBD0438A5A3CE7783.e.7856/click - {}
RESULT: {}
RESULT: {}
COMMAND: GET /session/e537112f6f31df0d8590d52383dd5938/screenshot - {}
RESULT: {"using":"xpath","value":"//table[contains(@id, \"listView-innerSelectionPanelTable-listUl\")]/tbody/tr[22]/td[2]/div/div"}
COMMAND: POST /session/e537112f6f31df0d8590d52383dd5938/element - {"using":"xpath","value":"//table[contains(@id, \"listView-innerSelectionPanelTable-listUl\")]/tbody/tr[22]/td[2]/div"}
RESULT: {}
RESULT: {"using":"xpath","value":"//table[contains(@id, \"listView-innerSelectionPanelTable-listUl\")]/tbody/tr[22]/td[2]/div"}
COMMAND: POST /session/e537112f6f31df0d8590d52383dd5938/element - {"using":"xpath","value":"//table[contains(@id, \"listView-innerSelectionPanelTable-listUl\")]/tbody/tr[22]/td[3]/div/div/span/span[1]/bdi"}
RESULT: {"using":"xpath","value":"//table[contains(@id, \"listView-innerSelectionPanelTable-listUl\")]/tbody/tr[22]/td[3]/div/div/span/span[1]/bdi"}
COMMAND: POST /session/e537112f6f31df0d8590d52383dd5938/execute/sync - {"script":"<script> [56 bytes]","args":[{"element-6066-11e4-a52e-4f735466cecf":"f.3D8655DB7C018FB3B3311B2BCD0F0E61.d.2D9A9D290EC543ABBD0438A5A3CE7783.e.7862","ELEMENT":"f.3D8655DB7C018FB3B3311B2BCD0F0E61.d.2D9A9D290EC543ABBD0438A5A3CE7783.e.7862"}]}
RESULT: {"script":"<script> [56 bytes]","args":[{"element-6066-11e4-a52e-4f735466cecf":"f.3D8655DB7C018FB3B3311B2BCD0F0E61.d.2D9A9D290EC543ABBD0438A5A3CE7783.e.7862","ELEMENT":"f.3D8655DB7C018FB3B3311B2BCD0F0E61.d.2D9A9D290EC543ABBD0438A5A3CE7783.e.7862"}]}
COMMAND: GET /session/e537112f6f31df0d8590d52383dd5938/element/f.3D8655DB7C018FB3B3311B2BCD0F0E61.d.2D9A9D290EC543ABBD0438A5A3CE7783.e.7861/attribute/aria-checked - {}
COMMAND: GET /session/e537112f6f31df0d8590d52383dd5938/screenshot - {}
RESULT: {}
COMMAND: POST /session/e537112f6f31df0d8590d52383dd5938/element - {"using":"xpath","value":"//table[contains(@id, \"listView-innerSelectionPanelTable-listUl\")]/tbody/tr[23]/td[2]/div/div"}
RESULT: {}
RESULT: {"using":"xpath","value":"//table[contains(@id, \"listView-innerSelectionPanelTable-listUl\")]/tbody/tr[23]/td[2]/div/div"}
COMMAND: POST /session/e537112f6f31df0d8590d52383dd5938/element - {"using":"xpath","value":"//table[contains(@id, \"listView-innerSelectionPanelTable-listUl\")]/tbody/tr[23]/td[2]/div"}
RESULT: {"using":"xpath","value":"//table[contains(@id, \"listView-innerSelectionPanelTable-listUl\")]/tbody/tr[23]/td[2]/div"}
COMMAND: POST /session/e537112f6f31df0d8590d52383dd5938/element - {"using":"xpath","value":"//table[contains(@id, \"listView-innerSelectionPanelTable-listUl\")]/tbody/tr[23]/td[3]/div/div/span/span[1]/bdi"}
RESULT: {"using":"xpath","value":"//table[contains(@id, \"listView-innerSelectionPanelTable-listUl\")]/tbody/tr[23]/td[3]/div/div/span/span[1]/bdi"}
COMMAND: POST /session/e537112f6f31df0d8590d52383dd5938/execute/sync - {"script":"<script> [56 bytes]","args":[{"element-6066-11e4-a52e-4f735466cecf":"f.3D8655DB7C018FB3B3311B2BCD0F0E61.d.2D9A9D290EC543ABBD0438A5A3CE7783.e.7865","ELEMENT":"f.3D8655DB7C018FB3B3311B2BCD0F0E61.d.2D9A9D290EC543ABBD0438A5A3CE7783.e.7865"}]}
RESULT: {"script":"<script> [56 bytes]","args":[{"element-6066-11e4-a52e-4f735466cecf":"f.3D8655DB7C018FB3B3311B2BCD0F0E61.d.2D9A9D290EC543ABBD0438A5A3CE7783.e.7865","ELEMENT":"f.3D8655DB7C018FB3B3311B2BCD0F0E61.d.2D9A9D290EC543ABBD0438A5A3CE7783.e.7865"}]}
COMMAND: GET /session/e537112f6f31df0d8590d52383dd5938/element/f.3D8655DB7C018FB3B3311B2BCD0F0E61.d.2D9A9D290EC543ABBD0438A5A3CE7783.e.7864/attribute/aria-checked - {}
COMMAND: GET /session/e537112f6f31df0d8590d52383dd5938/screenshot - {}
RESULT: {}
COMMAND: POST /session/e537112f6f31df0d8590d52383dd5938/element - {"using":"xpath","value":"//table[contains(@id, \"listView-innerSelectionPanelTable-listUl\")]/tbody/tr[24]/td[2]/div/div"}
RESULT: {}
RESULT: {"using":"xpath","value":"//table[contains(@id, \"listView-innerSelectionPanelTable-listUl\")]/tbody/tr[24]/td[2]/div/div"}
COMMAND: POST /session/e537112f6f31df0d8590d52383dd5938/element - {"using":"xpath","value":"//table[contains(@id, \"listView-innerSelectionPanelTable-listUl\")]/tbody/tr[24]/td[2]/div"}
RESULT: {"using":"xpath","value":"//table[contains(@id, \"listView-innerSelectionPanelTable-listUl\")]/tbody/tr[24]/td[2]/div"}
COMMAND: POST /session/e537112f6f31df0d8590d52383dd5938/element - {"using":"xpath","value":"//table[contains(@id, \"listView-innerSelectionPanelTable-listUl\")]/tbody/tr[24]/td[3]/div/div/span/span[1]/bdi"}
RESULT: {"using":"xpath","value":"//table[contains(@id, \"listView-innerSelectionPanelTable-listUl\")]/tbody/tr[24]/td[3]/div/div/span/span[1]/bdi"}
COMMAND: POST /session/e537112f6f31df0d8590d52383dd5938/execute/sync - {"script":"<script> [56 bytes]","args":[{"element-6066-11e4-a52e-4f735466cecf":"f.3D8655DB7C018FB3B3311B2BCD0F0E61.d.2D9A9D290EC543ABBD0438A5A3CE7783.e.7868","ELEMENT":"f.3D8655DB7C018FB3B3311B2BCD0F0E61.d.2D9A9D290EC543ABBD0438A5A3CE7783.e.7868"}]}
RESULT: {"script":"<script> [56 bytes]","args":[{"element-6066-11e4-a52e-4f735466cecf":"f.3D8655DB7C018FB3B3311B2BCD0F0E61.d.2D9A9D290EC543ABBD0438A5A3CE7783.e.7868","ELEMENT":"f.3D8655DB7C018FB3B3311B2BCD0F0E61.d.2D9A9D290EC543ABBD0438A5A3CE7783.e.7868"}]}
COMMAND: GET /session/e537112f6f31df0d8590d52383dd5938/element/f.3D8655DB7C018FB3B3311B2BCD0F0E61.d.2D9A9D290EC543ABBD0438A5A3CE7783.e.7867/attribute/aria-checked - {}
COMMAND: GET /session/e537112f6f31df0d8590d52383dd5938/screenshot - {}
RESULT: {}
COMMAND: POST /session/e537112f6f31df0d8590d52383dd5938/element - {"using":"xpath","value":"//table[contains(@id, \"listView-innerSelectionPanelTable-listUl\")]/tbody/tr[25]/td[2]/div/div"}
RESULT: {}
RESULT: {"using":"xpath","value":"//table[contains(@id, \"listView-innerSelectionPanelTable-listUl\")]/tbody/tr[25]/td[2]/div/div"}
COMMAND: POST /session/e537112f6f31df0d8590d52383dd5938/element - {"using":"xpath","value":"//table[contains(@id, \"listView-innerSelectionPanelTable-listUl\")]/tbody/tr[25]/td[2]/div"}
RESULT: {"using":"xpath","value":"//table[contains(@id, \"listView-innerSelectionPanelTable-listUl\")]/tbody/tr[25]/td[2]/div"}
COMMAND: POST /session/e537112f6f31df0d8590d52383dd5938/element - {"using":"xpath","value":"//table[contains(@id, \"listView-innerSelectionPanelTable-listUl\")]/tbody/tr[25]/td[3]/div/div/span/span[1]/bdi"}
RESULT: {"using":"xpath","value":"//table[contains(@id, \"listView-innerSelectionPanelTable-listUl\")]/tbody/tr[25]/td[3]/div/div/span/span[1]/bdi"}
COMMAND: POST /session/e537112f6f31df0d8590d52383dd5938/execute/sync - {"script":"<script> [56 bytes]","args":[{"element-6066-11e4-a52e-4f735466cecf":"f.3D8655DB7C018FB3B3311B2BCD0F0E61.d.2D9A9D290EC543ABBD0438A5A3CE7783.e.7871","ELEMENT":"f.3D8655DB7C018FB3B3311B2BCD0F0E61.d.2D9A9D290EC543ABBD0438A5A3CE7783.e.7871"}]}
RESULT: {"script":"<script> [56 bytes]","args":[{"element-6066-11e4-a52e-4f735466cecf":"f.3D8655DB7C018FB3B3311B2BCD0F0E61.d.2D9A9D290EC543ABBD0438A5A3CE7783.e.7871","ELEMENT":"f.3D8655DB7C018FB3B3311B2BCD0F0E61.d.2D9A9D290EC543ABBD0438A5A3CE7783.e.7871"}]}
COMMAND: GET /session/e537112f6f31df0d8590d52383dd5938/element/f.3D8655DB7C018FB3B3311B2BCD0F0E61.d.2D9A9D290EC543ABBD0438A5A3CE7783.e.7870/attribute/aria-checked - {}
COMMAND: GET /session/e537112f6f31df0d8590d52383dd5938/screenshot - {}
RESULT: {}
COMMAND: POST /session/e537112f6f31df0d8590d52383dd5938/element - {"using":"xpath","value":"//bdi[contains(text(), \"OK\")]"}
RESULT: {}
RESULT: {"using":"xpath","value":"//bdi[contains(text(), \"OK\")]"}
COMMAND: POST /session/e537112f6f31df0d8590d52383dd5938/element/f.3D8655DB7C018FB3B3311B2BCD0F0E61.d.2D9A9D290EC543ABBD0438A5A3CE7783.e.7872/click - {}
RESULT: {}
COMMAND: GET /session/e537112f6f31df0d8590d52383dd5938/screenshot - {}
RESULT: {}
COMMAND: POST /session/e537112f6f31df0d8590d52383dd5938/execute/async - {"script":"<script> [1562 bytes]","args":[{"selector":{"id":"application-managepartners-display-component---masterPtm--smartFilterBar-filterItemControlA_-LINK_TO_ADDRESSES_MAIN.ID-vhi"},"wdio_ui5_key":"applicationmanagepartners-display-component---masterPtm--smartFilterBar-filterItemControlA_-LINK_TO_ADDRESSES_MAIN.ID-vhi"}]}
RESULT: {"script":"<script> [1562 bytes]","args":[{"selector":{"id":"application-managepartners-display-component---masterPtm--smartFilterBar-filterItemControlA_-LINK_TO_ADDRESSES_MAIN.ID-vhi"},"wdio_ui5_key":"applicationmanagepartners-display-component---masterPtm--smartFilterBar-filterItemControlA_-LINK_TO_ADDRESSES_MAIN.ID-vhi"}]}
RESULT: undefined
COMMAND: POST /session/e537112f6f31df0d8590d52383dd5938/element - {"using":"xpath","value":"//*[@id=\"application-managepartners-display-component---masterPtm--smartFilterBar-filterItemControlA_-LINK_TO_ADDRESSES_MAIN.ID-vhi\"]"}
RESULT: {"using":"xpath","value":"//*[@id=\"application-managepartners-display-component---masterPtm--smartFilterBar-filterItemControlA_-LINK_TO_ADDRESSES_MAIN.ID-vhi\"]"}
COMMAND: POST /session/e537112f6f31df0d8590d52383dd5938/element/f.3D8655DB7C018FB3B3311B2BCD0F0E61.d.2D9A9D290EC543ABBD0438A5A3CE7783.e.7885/click - {}
RESULT: {}
COMMAND: GET /session/e537112f6f31df0d8590d52383dd5938/screenshot - {}
RESULT: {}
COMMAND: POST /session/e537112f6f31df0d8590d52383dd5938/element - {"using":"xpath","value":"//div[input[@value=\"contains\"]]//span[contains(@id, \"arrow\")]"}
RESULT: {"using":"xpath","value":"//div[input[@value=\"contains\"]]//span[contains(@id, \"arrow\")]"}
COMMAND: POST /session/e537112f6f31df0d8590d52383dd5938/element/f.3D8655DB7C018FB3B3311B2BCD0F0E61.d.2D9A9D290EC543ABBD0438A5A3CE7783.e.7890/click - {}
RESULT: {}
COMMAND: GET /session/e537112f6f31df0d8590d52383dd5938/screenshot - {}
RESULT: {}
COMMAND: POST /session/e537112f6f31df0d8590d52383dd5938/element - {"using":"xpath","value":"//li[.//span[text()='equal to']]"}
RESULT: {"using":"xpath","value":"//li[.//span[text()='equal to']]"}
COMMAND: POST /session/e537112f6f31df0d8590d52383dd5938/element/f.3D8655DB7C018FB3B3311B2BCD0F0E61.d.2D9A9D290EC543ABBD0438A5A3CE7783.e.7891/click - {}
RESULT: {}
COMMAND: GET /session/e537112f6f31df0d8590d52383dd5938/screenshot - {}
RESULT: {}
RESULT: undefined
COMMAND: POST /session/e537112f6f31df0d8590d52383dd5938/execute/async - {"script":"<script> [776 bytes]","args":[{"enterText":"1006","selector":{"controlType":"sap.m.Input","viewName":"etm.portal.ui.managepartners.view.Master","viewId":"application-managepartners-display-component---masterPtm","properties":{"valueState":"None"},"searchOpenDialogs":true,"interaction":{"idSuffix":"inner"}},"clearTextFirst":true,"interactionType":"ENTER_TEXT"}]}
RESULT: {"script":"<script> [776 bytes]","args":[{"enterText":"1006","selector":{"controlType":"sap.m.Input","viewName":"etm.portal.ui.managepartners.view.Master","viewId":"application-managepartners-display-component---masterPtm","properties":{"valueState":"None"},"searchOpenDialogs":true,"interaction":{"idSuffix":"inner"}},"clearTextFirst":true,"interactionType":"ENTER_TEXT"}]}
COMMAND: POST /session/e537112f6f31df0d8590d52383dd5938/actions - {"actions":[{"id":"action22","type":"key","parameters":{},"actions":[{"type":"keyDown","value":""},{"type":"pause","duration":10},{"type":"keyUp","value":""}]}]}
RESULT: {"actions":[{"id":"action22","type":"key","parameters":{},"actions":[{"type":"keyDown","value":""},{"type":"pause","duration":10},{"type":"keyUp","value":""}]}]}
COMMAND: GET /session/e537112f6f31df0d8590d52383dd5938/screenshot - {}
RESULT: {}
COMMAND: POST /session/e537112f6f31df0d8590d52383dd5938/element - {"using":"xpath","value":"(//bdi[contains(text(), \"OK\")])[1]"}
RESULT: {"using":"xpath","value":"(//bdi[contains(text(), \"OK\")])[1]"}
COMMAND: POST /session/e537112f6f31df0d8590d52383dd5938/element/f.3D8655DB7C018FB3B3311B2BCD0F0E61.d.2D9A9D290EC543ABBD0438A5A3CE7783.e.7892/click - {}
RESULT: {}
COMMAND: GET /session/e537112f6f31df0d8590d52383dd5938/screenshot - {}
RESULT: {}
COMMAND: POST /session/e537112f6f31df0d8590d52383dd5938/element - {"using":"xpath","value":"//span[@id=\"application-managepartners-display-component---masterPtm--smartTable-header-inner\"]"}
RESULT: {"using":"xpath","value":"//span[@id=\"application-managepartners-display-component---masterPtm--smartTable-header-inner\"]"}
COMMAND: POST /session/e537112f6f31df0d8590d52383dd5938/elements - {"using":"xpath","value":"//span[@id=\"application-managepartners-display-component---masterPtm--smartTable-header-inner\"]"}
RESULT: {"using":"xpath","value":"//span[@id=\"application-managepartners-display-component---masterPtm--smartTable-header-inner\"]"}
COMMAND: POST /session/e537112f6f31df0d8590d52383dd5938/execute/sync - {"script":"<script> [56 bytes]","args":[{"element-6066-11e4-a52e-4f735466cecf":"f.3D8655DB7C018FB3B3311B2BCD0F0E61.d.2D9A9D290EC543ABBD0438A5A3CE7783.e.7730","ELEMENT":"f.3D8655DB7C018FB3B3311B2BCD0F0E61.d.2D9A9D290EC543ABBD0438A5A3CE7783.e.7730"}]}
RESULT: {"script":"<script> [56 bytes]","args":[{"element-6066-11e4-a52e-4f735466cecf":"f.3D8655DB7C018FB3B3311B2BCD0F0E61.d.2D9A9D290EC543ABBD0438A5A3CE7783.e.7730","ELEMENT":"f.3D8655DB7C018FB3B3311B2BCD0F0E61.d.2D9A9D290EC543ABBD0438A5A3CE7783.e.7730"}]}
COMMAND: POST /session/e537112f6f31df0d8590d52383dd5938/element - {"using":"xpath","value":"//span[contains(@title, \"Remove\")]"}
COMMAND: GET /session/e537112f6f31df0d8590d52383dd5938/screenshot - {}
RESULT: {"using":"xpath","value":"//span[contains(@title, \"Remove\")]"}
COMMAND: POST /session/e537112f6f31df0d8590d52383dd5938/element/f.3D8655DB7C018FB3B3311B2BCD0F0E61.d.2D9A9D290EC543ABBD0438A5A3CE7783.e.7896/click - {}
RESULT: {}
RESULT: {}
COMMAND: GET /session/e537112f6f31df0d8590d52383dd5938/screenshot - {}
RESULT: {}
RESULT: undefined
COMMAND: POST /session/e537112f6f31df0d8590d52383dd5938/element - {"using":"xpath","value":"//*[@id=\"application-managepartners-display-component---masterPtm--smartFilterBar-filterItemControl_BASIC-YARD-vhi\"]"}
RESULT: {"using":"xpath","value":"//*[@id=\"application-managepartners-display-component---masterPtm--smartFilterBar-filterItemControl_BASIC-YARD-vhi\"]"}
COMMAND: POST /session/e537112f6f31df0d8590d52383dd5938/element/f.3D8655DB7C018FB3B3311B2BCD0F0E61.d.2D9A9D290EC543ABBD0438A5A3CE7783.e.8001/click - {}
RESULT: {}
COMMAND: GET /session/e537112f6f31df0d8590d52383dd5938/screenshot - {}
RESULT: {}
RESULT: undefined
COMMAND: POST /session/e537112f6f31df0d8590d52383dd5938/execute/async - {"script":"<script> [776 bytes]","args":[{"enterText":"Test","selector":{"id":"application-managepartners-display-component---masterPtm--smartFilterBar-filterItemControl_BASIC-YARD-valueHelpDialog-smartFilterBar-btnBasicSearch","searchOpenDialogs":true,"interaction":{"idSuffix":"I"}},"clearTextFirst":true,"interactionType":"ENTER_TEXT"}]}
RESULT: {"script":"<script> [776 bytes]","args":[{"enterText":"Test","selector":{"id":"application-managepartners-display-component---masterPtm--smartFilterBar-filterItemControl_BASIC-YARD-valueHelpDialog-smartFilterBar-btnBasicSearch","searchOpenDialogs":true,"interaction":{"idSuffix":"I"}},"clearTextFirst":true,"interactionType":"ENTER_TEXT"}]}
COMMAND: POST /session/e537112f6f31df0d8590d52383dd5938/actions - {"actions":[{"id":"action23","type":"key","parameters":{},"actions":[{"type":"keyDown","value":""},{"type":"pause","duration":10},{"type":"keyUp","value":""}]}]}
RESULT: {"actions":[{"id":"action23","type":"key","parameters":{},"actions":[{"type":"keyDown","value":""},{"type":"pause","duration":10},{"type":"keyUp","value":""}]}]}
COMMAND: POST /session/e537112f6f31df0d8590d52383dd5938/elements - {"using":"xpath","value":"//table[contains(@id, \"smartFilterBar-filterItemControl_BASIC-YARD-valueHelpDialog-table-table\")]/tbody/tr"}
COMMAND: GET /session/e537112f6f31df0d8590d52383dd5938/screenshot - {}
RESULT: {"using":"xpath","value":"//table[contains(@id, \"smartFilterBar-filterItemControl_BASIC-YARD-valueHelpDialog-table-table\")]/tbody/tr"}
COMMAND: POST /session/e537112f6f31df0d8590d52383dd5938/element - {"using":"xpath","value":"//table[contains(@id, \"smartFilterBar-filterItemControl_BASIC-YARD-valueHelpDialog-table-table\")]/tbody/tr[1]/td[1]/div/span"}
RESULT: {}
RESULT: {"using":"xpath","value":"//table[contains(@id, \"smartFilterBar-filterItemControl_BASIC-YARD-valueHelpDialog-table-table\")]/tbody/tr[1]/td[1]/div/span"}
COMMAND: POST /session/e537112f6f31df0d8590d52383dd5938/elements - {"using":"xpath","value":"//table[contains(@id, \"smartFilterBar-filterItemControl_BASIC-YARD-valueHelpDialog-table-table\")]/tbody/tr[1]/td[1]/div/span"}
RESULT: {"using":"xpath","value":"//table[contains(@id, \"smartFilterBar-filterItemControl_BASIC-YARD-valueHelpDialog-table-table\")]/tbody/tr[1]/td[1]/div/span"}
COMMAND: POST /session/e537112f6f31df0d8590d52383dd5938/execute/sync - {"script":"<script> [56 bytes]","args":[{"element-6066-11e4-a52e-4f735466cecf":"f.3D8655DB7C018FB3B3311B2BCD0F0E61.d.2D9A9D290EC543ABBD0438A5A3CE7783.e.8019","ELEMENT":"f.3D8655DB7C018FB3B3311B2BCD0F0E61.d.2D9A9D290EC543ABBD0438A5A3CE7783.e.8019"}]}
RESULT: {"script":"<script> [56 bytes]","args":[{"element-6066-11e4-a52e-4f735466cecf":"f.3D8655DB7C018FB3B3311B2BCD0F0E61.d.2D9A9D290EC543ABBD0438A5A3CE7783.e.8019","ELEMENT":"f.3D8655DB7C018FB3B3311B2BCD0F0E61.d.2D9A9D290EC543ABBD0438A5A3CE7783.e.8019"}]}
COMMAND: POST /session/e537112f6f31df0d8590d52383dd5938/element - {"using":"xpath","value":"//table[contains(@id, \"smartFilterBar-filterItemControl_BASIC-YARD-valueHelpDialog-table-table\")]/tbody/tr[2]/td[1]/div/span"}
COMMAND: GET /session/e537112f6f31df0d8590d52383dd5938/screenshot - {}
RESULT: {"using":"xpath","value":"//table[contains(@id, \"smartFilterBar-filterItemControl_BASIC-YARD-valueHelpDialog-table-table\")]/tbody/tr[2]/td[1]/div/span"}
COMMAND: POST /session/e537112f6f31df0d8590d52383dd5938/elements - {"using":"xpath","value":"//table[contains(@id, \"smartFilterBar-filterItemControl_BASIC-YARD-valueHelpDialog-table-table\")]/tbody/tr[2]/td[1]/div/span"}
RESULT: {}
RESULT: {"using":"xpath","value":"//table[contains(@id, \"smartFilterBar-filterItemControl_BASIC-YARD-valueHelpDialog-table-table\")]/tbody/tr[2]/td[1]/div/span"}
COMMAND: POST /session/e537112f6f31df0d8590d52383dd5938/execute/sync - {"script":"<script> [56 bytes]","args":[{"element-6066-11e4-a52e-4f735466cecf":"f.3D8655DB7C018FB3B3311B2BCD0F0E61.d.2D9A9D290EC543ABBD0438A5A3CE7783.e.8020","ELEMENT":"f.3D8655DB7C018FB3B3311B2BCD0F0E61.d.2D9A9D290EC543ABBD0438A5A3CE7783.e.8020"}]}
RESULT: {"script":"<script> [56 bytes]","args":[{"element-6066-11e4-a52e-4f735466cecf":"f.3D8655DB7C018FB3B3311B2BCD0F0E61.d.2D9A9D290EC543ABBD0438A5A3CE7783.e.8020","ELEMENT":"f.3D8655DB7C018FB3B3311B2BCD0F0E61.d.2D9A9D290EC543ABBD0438A5A3CE7783.e.8020"}]}
COMMAND: POST /session/e537112f6f31df0d8590d52383dd5938/element - {"using":"xpath","value":"//table[contains(@id, \"smartFilterBar-filterItemControl_BASIC-YARD-valueHelpDialog-table-table\")]/tbody/tr[3]/td[1]/div/span"}
COMMAND: GET /session/e537112f6f31df0d8590d52383dd5938/screenshot - {}
RESULT: {"using":"xpath","value":"//table[contains(@id, \"smartFilterBar-filterItemControl_BASIC-YARD-valueHelpDialog-table-table\")]/tbody/tr[3]/td[1]/div/span"}
COMMAND: POST /session/e537112f6f31df0d8590d52383dd5938/elements - {"using":"xpath","value":"//table[contains(@id, \"smartFilterBar-filterItemControl_BASIC-YARD-valueHelpDialog-table-table\")]/tbody/tr[3]/td[1]/div/span"}
RESULT: {}
RESULT: {"using":"xpath","value":"//table[contains(@id, \"smartFilterBar-filterItemControl_BASIC-YARD-valueHelpDialog-table-table\")]/tbody/tr[3]/td[1]/div/span"}
COMMAND: POST /session/e537112f6f31df0d8590d52383dd5938/execute/sync - {"script":"<script> [56 bytes]","args":[{"element-6066-11e4-a52e-4f735466cecf":"f.3D8655DB7C018FB3B3311B2BCD0F0E61.d.2D9A9D290EC543ABBD0438A5A3CE7783.e.8021","ELEMENT":"f.3D8655DB7C018FB3B3311B2BCD0F0E61.d.2D9A9D290EC543ABBD0438A5A3CE7783.e.8021"}]}
RESULT: {"script":"<script> [56 bytes]","args":[{"element-6066-11e4-a52e-4f735466cecf":"f.3D8655DB7C018FB3B3311B2BCD0F0E61.d.2D9A9D290EC543ABBD0438A5A3CE7783.e.8021","ELEMENT":"f.3D8655DB7C018FB3B3311B2BCD0F0E61.d.2D9A9D290EC543ABBD0438A5A3CE7783.e.8021"}]}
COMMAND: POST /session/e537112f6f31df0d8590d52383dd5938/element - {"using":"xpath","value":"//div[contains(@id, \"filterItemControl_BASIC-YARD-valueHelpDialog-table-rowsel2\")]"}
COMMAND: GET /session/e537112f6f31df0d8590d52383dd5938/screenshot - {}
RESULT: {"using":"xpath","value":"//div[contains(@id, \"filterItemControl_BASIC-YARD-valueHelpDialog-table-rowsel2\")]"}
COMMAND: POST /session/e537112f6f31df0d8590d52383dd5938/element/f.3D8655DB7C018FB3B3311B2BCD0F0E61.d.2D9A9D290EC543ABBD0438A5A3CE7783.e.8022/click - {}
RESULT: {}
RESULT: {}
COMMAND: GET /session/e537112f6f31df0d8590d52383dd5938/screenshot - {}
RESULT: {}
COMMAND: POST /session/e537112f6f31df0d8590d52383dd5938/element - {"using":"xpath","value":"(//bdi[contains(text(), \"OK\")])[1]"}
RESULT: {"using":"xpath","value":"(//bdi[contains(text(), \"OK\")])[1]"}
COMMAND: POST /session/e537112f6f31df0d8590d52383dd5938/element/f.3D8655DB7C018FB3B3311B2BCD0F0E61.d.2D9A9D290EC543ABBD0438A5A3CE7783.e.8024/click - {}
RESULT: {}
COMMAND: GET /session/e537112f6f31df0d8590d52383dd5938/screenshot - {}
RESULT: {}
COMMAND: POST /session/e537112f6f31df0d8590d52383dd5938/element - {"using":"xpath","value":"//span[@id=\"application-managepartners-display-component---masterPtm--smartTable-header-inner\"]"}
RESULT: {"using":"xpath","value":"//span[@id=\"application-managepartners-display-component---masterPtm--smartTable-header-inner\"]"}
COMMAND: POST /session/e537112f6f31df0d8590d52383dd5938/elements - {"using":"xpath","value":"//span[@id=\"application-managepartners-display-component---masterPtm--smartTable-header-inner\"]"}
RESULT: {"using":"xpath","value":"//span[@id=\"application-managepartners-display-component---masterPtm--smartTable-header-inner\"]"}
COMMAND: POST /session/e537112f6f31df0d8590d52383dd5938/execute/sync - {"script":"<script> [56 bytes]","args":[{"element-6066-11e4-a52e-4f735466cecf":"f.3D8655DB7C018FB3B3311B2BCD0F0E61.d.2D9A9D290EC543ABBD0438A5A3CE7783.e.7730","ELEMENT":"f.3D8655DB7C018FB3B3311B2BCD0F0E61.d.2D9A9D290EC543ABBD0438A5A3CE7783.e.7730"}]}
RESULT: {"script":"<script> [56 bytes]","args":[{"element-6066-11e4-a52e-4f735466cecf":"f.3D8655DB7C018FB3B3311B2BCD0F0E61.d.2D9A9D290EC543ABBD0438A5A3CE7783.e.7730","ELEMENT":"f.3D8655DB7C018FB3B3311B2BCD0F0E61.d.2D9A9D290EC543ABBD0438A5A3CE7783.e.7730"}]}
COMMAND: POST /session/e537112f6f31df0d8590d52383dd5938/element - {"using":"xpath","value":"//span[contains(@title, \"Remove\")]"}
COMMAND: GET /session/e537112f6f31df0d8590d52383dd5938/screenshot - {}
RESULT: {"using":"xpath","value":"//span[contains(@title, \"Remove\")]"}
COMMAND: POST /session/e537112f6f31df0d8590d52383dd5938/element/f.3D8655DB7C018FB3B3311B2BCD0F0E61.d.2D9A9D290EC543ABBD0438A5A3CE7783.e.8038/click - {}
RESULT: {}
RESULT: {}
COMMAND: GET /session/e537112f6f31df0d8590d52383dd5938/screenshot - {}
RESULT: {}
RESULT: undefined
COMMAND: POST /session/e537112f6f31df0d8590d52383dd5938/element - {"using":"xpath","value":"//*[@id=\"application-managepartners-display-component---masterPtm--smartFilterBar-filterItemControl_BASIC-MAIN_ADDRESS-vhi\"]"}
RESULT: {"using":"xpath","value":"//*[@id=\"application-managepartners-display-component---masterPtm--smartFilterBar-filterItemControl_BASIC-MAIN_ADDRESS-vhi\"]"}
COMMAND: POST /session/e537112f6f31df0d8590d52383dd5938/element/f.3D8655DB7C018FB3B3311B2BCD0F0E61.d.2D9A9D290EC543ABBD0438A5A3CE7783.e.8142/click - {}
RESULT: {}
COMMAND: GET /session/e537112f6f31df0d8590d52383dd5938/screenshot - {}
RESULT: {}
RESULT: undefined
COMMAND: POST /session/e537112f6f31df0d8590d52383dd5938/execute/async - {"script":"<script> [776 bytes]","args":[{"enterText":"Romania","selector":{"id":"application-managepartners-display-component---masterPtm--smartFilterBar-filterItemControl_BASIC-MAIN_ADDRESS-valueHelpDialog-smartFilterBar-btnBasicSearch","searchOpenDialogs":true,"interaction":{"idSuffix":"I"}},"clearTextFirst":true,"interactionType":"ENTER_TEXT"}]}
RESULT: {"script":"<script> [776 bytes]","args":[{"enterText":"Romania","selector":{"id":"application-managepartners-display-component---masterPtm--smartFilterBar-filterItemControl_BASIC-MAIN_ADDRESS-valueHelpDialog-smartFilterBar-btnBasicSearch","searchOpenDialogs":true,"interaction":{"idSuffix":"I"}},"clearTextFirst":true,"interactionType":"ENTER_TEXT"}]}
COMMAND: POST /session/e537112f6f31df0d8590d52383dd5938/actions - {"actions":[{"id":"action24","type":"key","parameters":{},"actions":[{"type":"keyDown","value":""},{"type":"pause","duration":10},{"type":"keyUp","value":""}]}]}
RESULT: {"actions":[{"id":"action24","type":"key","parameters":{},"actions":[{"type":"keyDown","value":""},{"type":"pause","duration":10},{"type":"keyUp","value":""}]}]}
COMMAND: POST /session/e537112f6f31df0d8590d52383dd5938/elements - {"using":"xpath","value":"//table[contains(@id, \"smartFilterBar-filterItemControl_BASIC-MAIN_ADDRESS-valueHelpDialog-table-table\")]/tbody/tr"}
COMMAND: GET /session/e537112f6f31df0d8590d52383dd5938/screenshot - {}
RESULT: {"using":"xpath","value":"//table[contains(@id, \"smartFilterBar-filterItemControl_BASIC-MAIN_ADDRESS-valueHelpDialog-table-table\")]/tbody/tr"}
COMMAND: POST /session/e537112f6f31df0d8590d52383dd5938/element - {"using":"xpath","value":"//table[contains(@id, \"smartFilterBar-filterItemControl_BASIC-MAIN_ADDRESS-valueHelpDialog-table-table\")]/tbody/tr[1]/td[1]/div/span"}
RESULT: {}
RESULT: {"using":"xpath","value":"//table[contains(@id, \"smartFilterBar-filterItemControl_BASIC-MAIN_ADDRESS-valueHelpDialog-table-table\")]/tbody/tr[1]/td[1]/div/span"}
COMMAND: POST /session/e537112f6f31df0d8590d52383dd5938/elements - {"using":"xpath","value":"//table[contains(@id, \"smartFilterBar-filterItemControl_BASIC-MAIN_ADDRESS-valueHelpDialog-table-table\")]/tbody/tr[1]/td[1]/div/span"}
RESULT: {"using":"xpath","value":"//table[contains(@id, \"smartFilterBar-filterItemControl_BASIC-MAIN_ADDRESS-valueHelpDialog-table-table\")]/tbody/tr[1]/td[1]/div/span"}
COMMAND: POST /session/e537112f6f31df0d8590d52383dd5938/execute/sync - {"script":"<script> [56 bytes]","args":[{"element-6066-11e4-a52e-4f735466cecf":"f.3D8655DB7C018FB3B3311B2BCD0F0E61.d.2D9A9D290EC543ABBD0438A5A3CE7783.e.8161","ELEMENT":"f.3D8655DB7C018FB3B3311B2BCD0F0E61.d.2D9A9D290EC543ABBD0438A5A3CE7783.e.8161"}]}
RESULT: {"script":"<script> [56 bytes]","args":[{"element-6066-11e4-a52e-4f735466cecf":"f.3D8655DB7C018FB3B3311B2BCD0F0E61.d.2D9A9D290EC543ABBD0438A5A3CE7783.e.8161","ELEMENT":"f.3D8655DB7C018FB3B3311B2BCD0F0E61.d.2D9A9D290EC543ABBD0438A5A3CE7783.e.8161"}]}
COMMAND: POST /session/e537112f6f31df0d8590d52383dd5938/element - {"using":"xpath","value":"//div[contains(@id, \"filterItemControl_BASIC-MAIN_ADDRESS-valueHelpDialog-table-rowsel0\")]"}
COMMAND: GET /session/e537112f6f31df0d8590d52383dd5938/screenshot - {}
RESULT: {"using":"xpath","value":"//div[contains(@id, \"filterItemControl_BASIC-MAIN_ADDRESS-valueHelpDialog-table-rowsel0\")]"}
COMMAND: POST /session/e537112f6f31df0d8590d52383dd5938/element/f.3D8655DB7C018FB3B3311B2BCD0F0E61.d.2D9A9D290EC543ABBD0438A5A3CE7783.e.8162/click - {}
RESULT: {}
RESULT: {}
COMMAND: GET /session/e537112f6f31df0d8590d52383dd5938/screenshot - {}
RESULT: {}
COMMAND: POST /session/e537112f6f31df0d8590d52383dd5938/element - {"using":"xpath","value":"(//bdi[contains(text(), \"OK\")])[1]"}
RESULT: {"using":"xpath","value":"(//bdi[contains(text(), \"OK\")])[1]"}
COMMAND: POST /session/e537112f6f31df0d8590d52383dd5938/element/f.3D8655DB7C018FB3B3311B2BCD0F0E61.d.2D9A9D290EC543ABBD0438A5A3CE7783.e.8164/click - {}
RESULT: {}
COMMAND: GET /session/e537112f6f31df0d8590d52383dd5938/screenshot - {}
RESULT: {}
COMMAND: POST /session/e537112f6f31df0d8590d52383dd5938/element - {"using":"xpath","value":"//span[@id=\"application-managepartners-display-component---masterPtm--smartTable-header-inner\"]"}
RESULT: {"using":"xpath","value":"//span[@id=\"application-managepartners-display-component---masterPtm--smartTable-header-inner\"]"}
COMMAND: POST /session/e537112f6f31df0d8590d52383dd5938/elements - {"using":"xpath","value":"//span[@id=\"application-managepartners-display-component---masterPtm--smartTable-header-inner\"]"}
RESULT: {"using":"xpath","value":"//span[@id=\"application-managepartners-display-component---masterPtm--smartTable-header-inner\"]"}
COMMAND: POST /session/e537112f6f31df0d8590d52383dd5938/execute/sync - {"script":"<script> [56 bytes]","args":[{"element-6066-11e4-a52e-4f735466cecf":"f.3D8655DB7C018FB3B3311B2BCD0F0E61.d.2D9A9D290EC543ABBD0438A5A3CE7783.e.7730","ELEMENT":"f.3D8655DB7C018FB3B3311B2BCD0F0E61.d.2D9A9D290EC543ABBD0438A5A3CE7783.e.7730"}]}
RESULT: {"script":"<script> [56 bytes]","args":[{"element-6066-11e4-a52e-4f735466cecf":"f.3D8655DB7C018FB3B3311B2BCD0F0E61.d.2D9A9D290EC543ABBD0438A5A3CE7783.e.7730","ELEMENT":"f.3D8655DB7C018FB3B3311B2BCD0F0E61.d.2D9A9D290EC543ABBD0438A5A3CE7783.e.7730"}]}
COMMAND: POST /session/e537112f6f31df0d8590d52383dd5938/element - {"using":"xpath","value":"//span[contains(@title, \"Remove\")]"}
COMMAND: GET /session/e537112f6f31df0d8590d52383dd5938/screenshot - {}
RESULT: {"using":"xpath","value":"//span[contains(@title, \"Remove\")]"}
COMMAND: POST /session/e537112f6f31df0d8590d52383dd5938/element/f.3D8655DB7C018FB3B3311B2BCD0F0E61.d.2D9A9D290EC543ABBD0438A5A3CE7783.e.8177/click - {}
RESULT: {}
RESULT: {}
COMMAND: GET /session/e537112f6f31df0d8590d52383dd5938/screenshot - {}
COMMAND: POST /session/e537112f6f31df0d8590d52383dd5938/execute/async - {"script":"<script> [1562 bytes]","args":[{"selector":{"id":"application-managepartners-display-component---masterPtm--catalogs-arrow"},"wdio_ui5_key":"applicationmanagepartners-display-component---masterPtm--catalogs-arrow"}]}
RESULT: {}
RESULT: {"script":"<script> [1562 bytes]","args":[{"selector":{"id":"application-managepartners-display-component---masterPtm--catalogs-arrow"},"wdio_ui5_key":"applicationmanagepartners-display-component---masterPtm--catalogs-arrow"}]}
RESULT: undefined
COMMAND: POST /session/e537112f6f31df0d8590d52383dd5938/element - {"using":"xpath","value":"//*[@id=\"application-managepartners-display-component---masterPtm--catalogs-arrow\"]"}
RESULT: {"using":"xpath","value":"//*[@id=\"application-managepartners-display-component---masterPtm--catalogs-arrow\"]"}
COMMAND: POST /session/e537112f6f31df0d8590d52383dd5938/element/f.3D8655DB7C018FB3B3311B2BCD0F0E61.d.2D9A9D290EC543ABBD0438A5A3CE7783.e.8282/click - {}
RESULT: {}
COMMAND: GET /session/e537112f6f31df0d8590d52383dd5938/screenshot - {}
RESULT: {}
COMMAND: POST /session/e537112f6f31df0d8590d52383dd5938/element - {"using":"xpath","value":"//li[.//span[text()=\"Webshop Catalog\"]]//div[contains(@class,\"sapMCbBg\")]"}
RESULT: {"using":"xpath","value":"//li[.//span[text()=\"Webshop Catalog\"]]//div[contains(@class,\"sapMCbBg\")]"}
COMMAND: POST /session/e537112f6f31df0d8590d52383dd5938/element/f.3D8655DB7C018FB3B3311B2BCD0F0E61.d.2D9A9D290EC543ABBD0438A5A3CE7783.e.8294/click - {}
RESULT: {}
COMMAND: GET /session/e537112f6f31df0d8590d52383dd5938/screenshot - {}
RESULT: {}
RESULT: undefined
COMMAND: POST /session/e537112f6f31df0d8590d52383dd5938/element - {"using":"xpath","value":"//*[@id=\"application-managepartners-display-component---masterPtm--catalogs-arrow\"]"}
RESULT: {"using":"xpath","value":"//*[@id=\"application-managepartners-display-component---masterPtm--catalogs-arrow\"]"}
COMMAND: POST /session/e537112f6f31df0d8590d52383dd5938/element/f.3D8655DB7C018FB3B3311B2BCD0F0E61.d.2D9A9D290EC543ABBD0438A5A3CE7783.e.8282/click - {}
RESULT: {}
COMMAND: POST /session/e537112f6f31df0d8590d52383dd5938/element - {"using":"xpath","value":"//span[@id=\"application-managepartners-display-component---masterPtm--smartTable-header-inner\"]"}
COMMAND: GET /session/e537112f6f31df0d8590d52383dd5938/screenshot - {}
RESULT: {"using":"xpath","value":"//span[@id=\"application-managepartners-display-component---masterPtm--smartTable-header-inner\"]"}
COMMAND: POST /session/e537112f6f31df0d8590d52383dd5938/elements - {"using":"xpath","value":"//span[@id=\"application-managepartners-display-component---masterPtm--smartTable-header-inner\"]"}
RESULT: {}
RESULT: {"using":"xpath","value":"//span[@id=\"application-managepartners-display-component---masterPtm--smartTable-header-inner\"]"}
COMMAND: POST /session/e537112f6f31df0d8590d52383dd5938/execute/sync - {"script":"<script> [56 bytes]","args":[{"element-6066-11e4-a52e-4f735466cecf":"f.3D8655DB7C018FB3B3311B2BCD0F0E61.d.2D9A9D290EC543ABBD0438A5A3CE7783.e.7730","ELEMENT":"f.3D8655DB7C018FB3B3311B2BCD0F0E61.d.2D9A9D290EC543ABBD0438A5A3CE7783.e.7730"}]}
RESULT: {"script":"<script> [56 bytes]","args":[{"element-6066-11e4-a52e-4f735466cecf":"f.3D8655DB7C018FB3B3311B2BCD0F0E61.d.2D9A9D290EC543ABBD0438A5A3CE7783.e.7730","ELEMENT":"f.3D8655DB7C018FB3B3311B2BCD0F0E61.d.2D9A9D290EC543ABBD0438A5A3CE7783.e.7730"}]}
COMMAND: POST /session/e537112f6f31df0d8590d52383dd5938/element - {"using":"xpath","value":"//span[contains(@title, \"Remove\")]"}
COMMAND: GET /session/e537112f6f31df0d8590d52383dd5938/screenshot - {}
RESULT: {"using":"xpath","value":"//span[contains(@title, \"Remove\")]"}
COMMAND: POST /session/e537112f6f31df0d8590d52383dd5938/element/f.3D8655DB7C018FB3B3311B2BCD0F0E61.d.2D9A9D290EC543ABBD0438A5A3CE7783.e.8363/click - {}
RESULT: {}
RESULT: {}
COMMAND: GET /session/e537112f6f31df0d8590d52383dd5938/screenshot - {}
RESULT: {}
COMMAND: POST /session/e537112f6f31df0d8590d52383dd5938/execute/async - {"script":"<script> [1562 bytes]","args":[{"selector":{"id":"application-managepartners-display-component---masterPtm--currencies-arrow"},"wdio_ui5_key":"applicationmanagepartners-display-component---masterPtm--currencies-arrow"}]}
RESULT: {"script":"<script> [1562 bytes]","args":[{"selector":{"id":"application-managepartners-display-component---masterPtm--currencies-arrow"},"wdio_ui5_key":"applicationmanagepartners-display-component---masterPtm--currencies-arrow"}]}
RESULT: undefined
COMMAND: POST /session/e537112f6f31df0d8590d52383dd5938/element - {"using":"xpath","value":"//*[@id=\"application-managepartners-display-component---masterPtm--currencies-arrow\"]"}
RESULT: {"using":"xpath","value":"//*[@id=\"application-managepartners-display-component---masterPtm--currencies-arrow\"]"}
COMMAND: POST /session/e537112f6f31df0d8590d52383dd5938/element/f.3D8655DB7C018FB3B3311B2BCD0F0E61.d.2D9A9D290EC543ABBD0438A5A3CE7783.e.8470/click - {}
RESULT: {}
COMMAND: GET /session/e537112f6f31df0d8590d52383dd5938/screenshot - {}
RESULT: {}
COMMAND: POST /session/e537112f6f31df0d8590d52383dd5938/element - {"using":"xpath","value":"//li[.//span[text()=\"US Dollar\"]]//div[contains(@class,\"sapMCbBg\")]"}
RESULT: {"using":"xpath","value":"//li[.//span[text()=\"US Dollar\"]]//div[contains(@class,\"sapMCbBg\")]"}
COMMAND: POST /session/e537112f6f31df0d8590d52383dd5938/element/f.3D8655DB7C018FB3B3311B2BCD0F0E61.d.2D9A9D290EC543ABBD0438A5A3CE7783.e.8474/click - {}
RESULT: {}
COMMAND: GET /session/e537112f6f31df0d8590d52383dd5938/screenshot - {}
RESULT: {}
RESULT: undefined
COMMAND: POST /session/e537112f6f31df0d8590d52383dd5938/element - {"using":"xpath","value":"//*[@id=\"application-managepartners-display-component---masterPtm--currencies-arrow\"]"}
RESULT: {"using":"xpath","value":"//*[@id=\"application-managepartners-display-component---masterPtm--currencies-arrow\"]"}
COMMAND: POST /session/e537112f6f31df0d8590d52383dd5938/element/f.3D8655DB7C018FB3B3311B2BCD0F0E61.d.2D9A9D290EC543ABBD0438A5A3CE7783.e.8470/click - {}
RESULT: {}
COMMAND: POST /session/e537112f6f31df0d8590d52383dd5938/element - {"using":"xpath","value":"//span[@id=\"application-managepartners-display-component---masterPtm--smartTable-header-inner\"]"}
COMMAND: GET /session/e537112f6f31df0d8590d52383dd5938/screenshot - {}
RESULT: {"using":"xpath","value":"//span[@id=\"application-managepartners-display-component---masterPtm--smartTable-header-inner\"]"}
COMMAND: POST /session/e537112f6f31df0d8590d52383dd5938/elements - {"using":"xpath","value":"//span[@id=\"application-managepartners-display-component---masterPtm--smartTable-header-inner\"]"}
RESULT: {}
RESULT: {"using":"xpath","value":"//span[@id=\"application-managepartners-display-component---masterPtm--smartTable-header-inner\"]"}
COMMAND: POST /session/e537112f6f31df0d8590d52383dd5938/execute/sync - {"script":"<script> [56 bytes]","args":[{"element-6066-11e4-a52e-4f735466cecf":"f.3D8655DB7C018FB3B3311B2BCD0F0E61.d.2D9A9D290EC543ABBD0438A5A3CE7783.e.7730","ELEMENT":"f.3D8655DB7C018FB3B3311B2BCD0F0E61.d.2D9A9D290EC543ABBD0438A5A3CE7783.e.7730"}]}
RESULT: {"script":"<script> [56 bytes]","args":[{"element-6066-11e4-a52e-4f735466cecf":"f.3D8655DB7C018FB3B3311B2BCD0F0E61.d.2D9A9D290EC543ABBD0438A5A3CE7783.e.7730","ELEMENT":"f.3D8655DB7C018FB3B3311B2BCD0F0E61.d.2D9A9D290EC543ABBD0438A5A3CE7783.e.7730"}]}
COMMAND: POST /session/e537112f6f31df0d8590d52383dd5938/element - {"using":"xpath","value":"//span[contains(@title, \"Remove\")]"}
COMMAND: GET /session/e537112f6f31df0d8590d52383dd5938/screenshot - {}
RESULT: {"using":"xpath","value":"//span[contains(@title, \"Remove\")]"}
COMMAND: POST /session/e537112f6f31df0d8590d52383dd5938/element/f.3D8655DB7C018FB3B3311B2BCD0F0E61.d.2D9A9D290EC543ABBD0438A5A3CE7783.e.8619/click - {}
RESULT: {}
RESULT: {}
COMMAND: GET /session/e537112f6f31df0d8590d52383dd5938/screenshot - {}
RESULT: {}
COMMAND: POST /session/e537112f6f31df0d8590d52383dd5938/execute/async - {"script":"<script> [1562 bytes]","args":[{"selector":{"id":"application-managepartners-display-component---masterPtm--languages-arrow"},"wdio_ui5_key":"applicationmanagepartners-display-component---masterPtm--languages-arrow"}]}
RESULT: {"script":"<script> [1562 bytes]","args":[{"selector":{"id":"application-managepartners-display-component---masterPtm--languages-arrow"},"wdio_ui5_key":"applicationmanagepartners-display-component---masterPtm--languages-arrow"}]}
RESULT: undefined
COMMAND: POST /session/e537112f6f31df0d8590d52383dd5938/element - {"using":"xpath","value":"//*[@id=\"application-managepartners-display-component---masterPtm--languages-arrow\"]"}
RESULT: {"using":"xpath","value":"//*[@id=\"application-managepartners-display-component---masterPtm--languages-arrow\"]"}
COMMAND: POST /session/e537112f6f31df0d8590d52383dd5938/element/f.3D8655DB7C018FB3B3311B2BCD0F0E61.d.2D9A9D290EC543ABBD0438A5A3CE7783.e.8702/click - {}
RESULT: {}
COMMAND: GET /session/e537112f6f31df0d8590d52383dd5938/screenshot - {}
RESULT: {}
COMMAND: POST /session/e537112f6f31df0d8590d52383dd5938/element - {"using":"xpath","value":"//li[.//span[text()=\"German\"]]//div[contains(@class,\"sapMCbBg\")]"}
RESULT: {"using":"xpath","value":"//li[.//span[text()=\"German\"]]//div[contains(@class,\"sapMCbBg\")]"}
COMMAND: POST /session/e537112f6f31df0d8590d52383dd5938/element/f.3D8655DB7C018FB3B3311B2BCD0F0E61.d.2D9A9D290EC543ABBD0438A5A3CE7783.e.8746/click - {}
RESULT: {}
COMMAND: GET /session/e537112f6f31df0d8590d52383dd5938/screenshot - {}
RESULT: {}
RESULT: undefined
COMMAND: POST /session/e537112f6f31df0d8590d52383dd5938/element - {"using":"xpath","value":"//*[@id=\"application-managepartners-display-component---masterPtm--languages-arrow\"]"}
RESULT: {"using":"xpath","value":"//*[@id=\"application-managepartners-display-component---masterPtm--languages-arrow\"]"}
COMMAND: POST /session/e537112f6f31df0d8590d52383dd5938/element/f.3D8655DB7C018FB3B3311B2BCD0F0E61.d.2D9A9D290EC543ABBD0438A5A3CE7783.e.8702/click - {}
RESULT: {}
COMMAND: POST /session/e537112f6f31df0d8590d52383dd5938/element - {"using":"xpath","value":"//span[@id=\"application-managepartners-display-component---masterPtm--smartTable-header-inner\"]"}
COMMAND: GET /session/e537112f6f31df0d8590d52383dd5938/screenshot - {}
RESULT: {"using":"xpath","value":"//span[@id=\"application-managepartners-display-component---masterPtm--smartTable-header-inner\"]"}
COMMAND: POST /session/e537112f6f31df0d8590d52383dd5938/elements - {"using":"xpath","value":"//span[@id=\"application-managepartners-display-component---masterPtm--smartTable-header-inner\"]"}
RESULT: {}
RESULT: {"using":"xpath","value":"//span[@id=\"application-managepartners-display-component---masterPtm--smartTable-header-inner\"]"}
COMMAND: POST /session/e537112f6f31df0d8590d52383dd5938/execute/sync - {"script":"<script> [56 bytes]","args":[{"element-6066-11e4-a52e-4f735466cecf":"f.3D8655DB7C018FB3B3311B2BCD0F0E61.d.2D9A9D290EC543ABBD0438A5A3CE7783.e.7730","ELEMENT":"f.3D8655DB7C018FB3B3311B2BCD0F0E61.d.2D9A9D290EC543ABBD0438A5A3CE7783.e.7730"}]}
RESULT: {"script":"<script> [56 bytes]","args":[{"element-6066-11e4-a52e-4f735466cecf":"f.3D8655DB7C018FB3B3311B2BCD0F0E61.d.2D9A9D290EC543ABBD0438A5A3CE7783.e.7730","ELEMENT":"f.3D8655DB7C018FB3B3311B2BCD0F0E61.d.2D9A9D290EC543ABBD0438A5A3CE7783.e.7730"}]}
COMMAND: POST /session/e537112f6f31df0d8590d52383dd5938/element - {"using":"css selector","value":"#shell-header-logo"}
COMMAND: GET /session/e537112f6f31df0d8590d52383dd5938/screenshot - {}
RESULT: {"using":"css selector","value":"#shell-header-logo"}
COMMAND: POST /session/e537112f6f31df0d8590d52383dd5938/element/f.3D8655DB7C018FB3B3311B2BCD0F0E61.d.2D9A9D290EC543ABBD0438A5A3CE7783.e.7561/click - {}
RESULT: {}
RESULT: {}
COMMAND: GET /session/e537112f6f31df0d8590d52383dd5938/screenshot - {}
RESULT: {}
]]></system-out>
    </testcase>
    <testcase classname="chrome.136_0_7103_93.windows.Partner_specific_tests_US150819_US151080_US151654_US151176_US103444_US151078_US151079_US151109_US151174_US151175_US151189" name="Should add a new Business Partner role same role US151541" time="81.118">
      <system-out><![CDATA[
COMMAND: POST /session/e537112f6f31df0d8590d52383dd5938/execute/async - {"script":"<script> [1562 bytes]","args":[{"selector":{"controlType":"sap.m.GenericTile","properties":{"header":"Data Explorer"}},"wdio_ui5_key":"sapm.GenericTile{\"header\":\"Data Explorer\"}"}]}
RESULT: {"script":"<script> [1562 bytes]","args":[{"selector":{"controlType":"sap.m.GenericTile","properties":{"header":"Data Explorer"}},"wdio_ui5_key":"sapm.GenericTile{\"header\":\"Data Explorer\"}"}]}
RESULT: undefined
COMMAND: POST /session/e537112f6f31df0d8590d52383dd5938/element - {"using":"xpath","value":"//*[@id=\"__tile117\"]"}
RESULT: {"using":"xpath","value":"//*[@id=\"__tile117\"]"}
COMMAND: POST /session/e537112f6f31df0d8590d52383dd5938/element/f.3D8655DB7C018FB3B3311B2BCD0F0E61.d.2D9A9D290EC543ABBD0438A5A3CE7783.e.8810/click - {}
RESULT: {}
COMMAND: GET /session/e537112f6f31df0d8590d52383dd5938/screenshot - {}
RESULT: {}
COMMAND: POST /session/e537112f6f31df0d8590d52383dd5938/elements - {"using":"xpath","value":"//span[text()='Error']"}
RESULT: {"using":"xpath","value":"//span[text()='Error']"}
COMMAND: POST /session/e537112f6f31df0d8590d52383dd5938/window/fullscreen - {}
RESULT: {}
COMMAND: POST /session/e537112f6f31df0d8590d52383dd5938/element - {"using":"xpath","value":"//input[@id=\"application-businessconfigurations-display-component---masterBusinessConfigurations--smartFilterBar-btnBasicSearch-I\"]"}
RESULT: {"using":"xpath","value":"//input[@id=\"application-businessconfigurations-display-component---masterBusinessConfigurations--smartFilterBar-btnBasicSearch-I\"]"}
COMMAND: POST /session/e537112f6f31df0d8590d52383dd5938/elements - {"using":"xpath","value":"//input[@id=\"application-businessconfigurations-display-component---masterBusinessConfigurations--smartFilterBar-btnBasicSearch-I\"]"}
RESULT: {"using":"xpath","value":"//input[@id=\"application-businessconfigurations-display-component---masterBusinessConfigurations--smartFilterBar-btnBasicSearch-I\"]"}
COMMAND: POST /session/e537112f6f31df0d8590d52383dd5938/execute/sync - {"script":"<script> [8489 bytes]","args":[{"element-6066-11e4-a52e-4f735466cecf":"f.3D8655DB7C018FB3B3311B2BCD0F0E61.d.2D9A9D290EC543ABBD0438A5A3CE7783.e.8818","ELEMENT":"f.3D8655DB7C018FB3B3311B2BCD0F0E61.d.2D9A9D290EC543ABBD0438A5A3CE7783.e.8818"}]}
RESULT: {"script":"<script> [8489 bytes]","args":[{"element-6066-11e4-a52e-4f735466cecf":"f.3D8655DB7C018FB3B3311B2BCD0F0E61.d.2D9A9D290EC543ABBD0438A5A3CE7783.e.8818","ELEMENT":"f.3D8655DB7C018FB3B3311B2BCD0F0E61.d.2D9A9D290EC543ABBD0438A5A3CE7783.e.8818"}]}
COMMAND: GET /session/e537112f6f31df0d8590d52383dd5938/element/f.3D8655DB7C018FB3B3311B2BCD0F0E61.d.2D9A9D290EC543ABBD0438A5A3CE7783.e.8818/enabled - {}
COMMAND: GET /session/e537112f6f31df0d8590d52383dd5938/screenshot - {}
RESULT: {}
COMMAND: POST /session/e537112f6f31df0d8590d52383dd5938/execute/sync - {"script":"<script> [8489 bytes]","args":[{"element-6066-11e4-a52e-4f735466cecf":"f.3D8655DB7C018FB3B3311B2BCD0F0E61.d.2D9A9D290EC543ABBD0438A5A3CE7783.e.8818","ELEMENT":"f.3D8655DB7C018FB3B3311B2BCD0F0E61.d.2D9A9D290EC543ABBD0438A5A3CE7783.e.8818"}]}
COMMAND: GET /session/e537112f6f31df0d8590d52383dd5938/screenshot - {}
RESULT: {}
RESULT: {"script":"<script> [8489 bytes]","args":[{"element-6066-11e4-a52e-4f735466cecf":"f.3D8655DB7C018FB3B3311B2BCD0F0E61.d.2D9A9D290EC543ABBD0438A5A3CE7783.e.8818","ELEMENT":"f.3D8655DB7C018FB3B3311B2BCD0F0E61.d.2D9A9D290EC543ABBD0438A5A3CE7783.e.8818"}]}
COMMAND: POST /session/e537112f6f31df0d8590d52383dd5938/execute/sync - {"script":"<script> [5351 bytes]","args":[{"element-6066-11e4-a52e-4f735466cecf":"f.3D8655DB7C018FB3B3311B2BCD0F0E61.d.2D9A9D290EC543ABBD0438A5A3CE7783.e.8818","ELEMENT":"f.3D8655DB7C018FB3B3311B2BCD0F0E61.d.2D9A9D290EC543ABBD0438A5A3CE7783.e.8818"}]}
COMMAND: GET /session/e537112f6f31df0d8590d52383dd5938/screenshot - {}
RESULT: {}
RESULT: {"script":"<script> [5351 bytes]","args":[{"element-6066-11e4-a52e-4f735466cecf":"f.3D8655DB7C018FB3B3311B2BCD0F0E61.d.2D9A9D290EC543ABBD0438A5A3CE7783.e.8818","ELEMENT":"f.3D8655DB7C018FB3B3311B2BCD0F0E61.d.2D9A9D290EC543ABBD0438A5A3CE7783.e.8818"}]}
COMMAND: GET /session/e537112f6f31df0d8590d52383dd5938/screenshot - {}
RESULT: {}
RESULT: {}
COMMAND: POST /session/e537112f6f31df0d8590d52383dd5938/element - {"using":"xpath","value":"//span[@id=\"application-businessconfigurations-display-component---masterBusinessConfigurations--masterListDataExplorerSmartTable-header-inner\"]"}
RESULT: {"using":"xpath","value":"//span[@id=\"application-businessconfigurations-display-component---masterBusinessConfigurations--masterListDataExplorerSmartTable-header-inner\"]"}
COMMAND: POST /session/e537112f6f31df0d8590d52383dd5938/elements - {"using":"xpath","value":"//span[@id=\"application-businessconfigurations-display-component---masterBusinessConfigurations--masterListDataExplorerSmartTable-header-inner\"]"}
RESULT: {"using":"xpath","value":"//span[@id=\"application-businessconfigurations-display-component---masterBusinessConfigurations--masterListDataExplorerSmartTable-header-inner\"]"}
COMMAND: POST /session/e537112f6f31df0d8590d52383dd5938/execute/sync - {"script":"<script> [56 bytes]","args":[{"element-6066-11e4-a52e-4f735466cecf":"f.3D8655DB7C018FB3B3311B2BCD0F0E61.d.2D9A9D290EC543ABBD0438A5A3CE7783.e.8979","ELEMENT":"f.3D8655DB7C018FB3B3311B2BCD0F0E61.d.2D9A9D290EC543ABBD0438A5A3CE7783.e.8979"}]}
RESULT: {"script":"<script> [56 bytes]","args":[{"element-6066-11e4-a52e-4f735466cecf":"f.3D8655DB7C018FB3B3311B2BCD0F0E61.d.2D9A9D290EC543ABBD0438A5A3CE7783.e.8979","ELEMENT":"f.3D8655DB7C018FB3B3311B2BCD0F0E61.d.2D9A9D290EC543ABBD0438A5A3CE7783.e.8979"}]}
COMMAND: POST /session/e537112f6f31df0d8590d52383dd5938/element/f.3D8655DB7C018FB3B3311B2BCD0F0E61.d.2D9A9D290EC543ABBD0438A5A3CE7783.e.8818/clear - {}
COMMAND: GET /session/e537112f6f31df0d8590d52383dd5938/screenshot - {}
RESULT: {}
COMMAND: POST /session/e537112f6f31df0d8590d52383dd5938/element/f.3D8655DB7C018FB3B3311B2BCD0F0E61.d.2D9A9D290EC543ABBD0438A5A3CE7783.e.8818/value - {"text":"NETM_C_BUSINESS_PARTNER_ROLES"}
COMMAND: GET /session/e537112f6f31df0d8590d52383dd5938/screenshot - {}
RESULT: {}
RESULT: {"text":"NETM_C_BUSINESS_PARTNER_ROLES"}
COMMAND: GET /session/e537112f6f31df0d8590d52383dd5938/screenshot - {}
RESULT: {}
RESULT: {}
COMMAND: POST /session/e537112f6f31df0d8590d52383dd5938/actions - {"actions":[{"id":"action25","type":"key","parameters":{},"actions":[{"type":"keyDown","value":""},{"type":"pause","duration":10},{"type":"keyUp","value":""}]}]}
RESULT: {"actions":[{"id":"action25","type":"key","parameters":{},"actions":[{"type":"keyDown","value":""},{"type":"pause","duration":10},{"type":"keyUp","value":""}]}]}
COMMAND: GET /session/e537112f6f31df0d8590d52383dd5938/screenshot - {}
RESULT: {}
COMMAND: POST /session/e537112f6f31df0d8590d52383dd5938/elements - {"using":"xpath","value":"//table[contains(@id, \"masterListDataExplorerTable-listUl\")]/tbody/tr"}
RESULT: {"using":"xpath","value":"//table[contains(@id, \"masterListDataExplorerTable-listUl\")]/tbody/tr"}
COMMAND: POST /session/e537112f6f31df0d8590d52383dd5938/element - {"using":"xpath","value":"//table[contains(@id, \"masterListDataExplorerTable-listUl\")]/tbody/tr[2]/td[4]/span"}
RESULT: {"using":"xpath","value":"//table[contains(@id, \"masterListDataExplorerTable-listUl\")]/tbody/tr[2]/td[4]/span"}
COMMAND: POST /session/e537112f6f31df0d8590d52383dd5938/elements - {"using":"xpath","value":"//table[contains(@id, \"masterListDataExplorerTable-listUl\")]/tbody/tr[2]/td[4]/span"}
RESULT: {"using":"xpath","value":"//table[contains(@id, \"masterListDataExplorerTable-listUl\")]/tbody/tr[2]/td[4]/span"}
COMMAND: POST /session/e537112f6f31df0d8590d52383dd5938/execute/sync - {"script":"<script> [56 bytes]","args":[{"element-6066-11e4-a52e-4f735466cecf":"f.3D8655DB7C018FB3B3311B2BCD0F0E61.d.2D9A9D290EC543ABBD0438A5A3CE7783.e.8988","ELEMENT":"f.3D8655DB7C018FB3B3311B2BCD0F0E61.d.2D9A9D290EC543ABBD0438A5A3CE7783.e.8988"}]}
RESULT: {"script":"<script> [56 bytes]","args":[{"element-6066-11e4-a52e-4f735466cecf":"f.3D8655DB7C018FB3B3311B2BCD0F0E61.d.2D9A9D290EC543ABBD0438A5A3CE7783.e.8988","ELEMENT":"f.3D8655DB7C018FB3B3311B2BCD0F0E61.d.2D9A9D290EC543ABBD0438A5A3CE7783.e.8988"}]}
COMMAND: POST /session/e537112f6f31df0d8590d52383dd5938/element - {"using":"xpath","value":"(//span[contains(@id, \"imgNav\")])[1]"}
COMMAND: GET /session/e537112f6f31df0d8590d52383dd5938/screenshot - {}
RESULT: {"using":"xpath","value":"(//span[contains(@id, \"imgNav\")])[1]"}
COMMAND: POST /session/e537112f6f31df0d8590d52383dd5938/element/f.3D8655DB7C018FB3B3311B2BCD0F0E61.d.2D9A9D290EC543ABBD0438A5A3CE7783.e.8989/click - {}
RESULT: {}
RESULT: {}
COMMAND: GET /session/e537112f6f31df0d8590d52383dd5938/screenshot - {}
RESULT: {}
COMMAND: POST /session/e537112f6f31df0d8590d52383dd5938/element - {"using":"xpath","value":"//bdi[contains(text(), \"Edit\")]"}
RESULT: {"using":"xpath","value":"//bdi[contains(text(), \"Edit\")]"}
COMMAND: POST /session/e537112f6f31df0d8590d52383dd5938/element/f.3D8655DB7C018FB3B3311B2BCD0F0E61.d.2D9A9D290EC543ABBD0438A5A3CE7783.e.9124/click - {}
RESULT: {}
COMMAND: GET /session/e537112f6f31df0d8590d52383dd5938/screenshot - {}
RESULT: {}
COMMAND: POST /session/e537112f6f31df0d8590d52383dd5938/element - {"using":"xpath","value":"//button[contains(@id, \"detailBusinessConfigurations--addButton\")]"}
RESULT: {"using":"xpath","value":"//button[contains(@id, \"detailBusinessConfigurations--addButton\")]"}
COMMAND: POST /session/e537112f6f31df0d8590d52383dd5938/element/f.3D8655DB7C018FB3B3311B2BCD0F0E61.d.2D9A9D290EC543ABBD0438A5A3CE7783.e.9134/click - {}
RESULT: {}
COMMAND: GET /session/e537112f6f31df0d8590d52383dd5938/screenshot - {}
RESULT: {}
COMMAND: POST /session/e537112f6f31df0d8590d52383dd5938/elements - {"using":"xpath","value":"//table[contains(@id, \"detailBusinessConfigurations--detailsTable-listUl\")]/tbody/tr"}
RESULT: {"using":"xpath","value":"//table[contains(@id, \"detailBusinessConfigurations--detailsTable-listUl\")]/tbody/tr"}
COMMAND: POST /session/e537112f6f31df0d8590d52383dd5938/element - {"using":"xpath","value":"//table[contains(@id, \"detailBusinessConfigurations--detailsTable-listUl\")]/tbody/tr[1]/td[3]/div/div/div/div/input"}
RESULT: {"using":"xpath","value":"//table[contains(@id, \"detailBusinessConfigurations--detailsTable-listUl\")]/tbody/tr[1]/td[3]/div/div/div/div/input"}
COMMAND: POST /session/e537112f6f31df0d8590d52383dd5938/element/f.3D8655DB7C018FB3B3311B2BCD0F0E61.d.2D9A9D290EC543ABBD0438A5A3CE7783.e.9137/clear - {}
RESULT: {}
COMMAND: POST /session/e537112f6f31df0d8590d52383dd5938/element/f.3D8655DB7C018FB3B3311B2BCD0F0E61.d.2D9A9D290EC543ABBD0438A5A3CE7783.e.9137/value - {"text":"WebDriver Testy"}
COMMAND: GET /session/e537112f6f31df0d8590d52383dd5938/screenshot - {}
RESULT: {"text":"WebDriver Testy"}
COMMAND: GET /session/e537112f6f31df0d8590d52383dd5938/screenshot - {}
RESULT: {}
RESULT: {}
COMMAND: POST /session/e537112f6f31df0d8590d52383dd5938/element - {"using":"xpath","value":"//button[contains(@id, \"detailBusinessConfigurations--addButton\")]"}
RESULT: {"using":"xpath","value":"//button[contains(@id, \"detailBusinessConfigurations--addButton\")]"}
COMMAND: POST /session/e537112f6f31df0d8590d52383dd5938/element/f.3D8655DB7C018FB3B3311B2BCD0F0E61.d.2D9A9D290EC543ABBD0438A5A3CE7783.e.9134/click - {}
RESULT: {}
COMMAND: GET /session/e537112f6f31df0d8590d52383dd5938/screenshot - {}
RESULT: {}
COMMAND: POST /session/e537112f6f31df0d8590d52383dd5938/element - {"using":"xpath","value":"//table[contains(@id, \"detailBusinessConfigurations--detailsTable-listUl\")]/tbody/tr[1]/td[3]/div/div/div/div/input"}
RESULT: {"using":"xpath","value":"//table[contains(@id, \"detailBusinessConfigurations--detailsTable-listUl\")]/tbody/tr[1]/td[3]/div/div/div/div/input"}
COMMAND: POST /session/e537112f6f31df0d8590d52383dd5938/element/f.3D8655DB7C018FB3B3311B2BCD0F0E61.d.2D9A9D290EC543ABBD0438A5A3CE7783.e.9150/clear - {}
RESULT: {}
COMMAND: POST /session/e537112f6f31df0d8590d52383dd5938/element/f.3D8655DB7C018FB3B3311B2BCD0F0E61.d.2D9A9D290EC543ABBD0438A5A3CE7783.e.9150/value - {"text":"WebDriver Testy"}
COMMAND: GET /session/e537112f6f31df0d8590d52383dd5938/screenshot - {}
RESULT: {"text":"WebDriver Testy"}
COMMAND: GET /session/e537112f6f31df0d8590d52383dd5938/screenshot - {}
RESULT: {}
RESULT: {}
COMMAND: POST /session/e537112f6f31df0d8590d52383dd5938/element - {"using":"xpath","value":"//bdi[text()=\"Save\"]"}
RESULT: {"using":"xpath","value":"//bdi[text()=\"Save\"]"}
COMMAND: POST /session/e537112f6f31df0d8590d52383dd5938/element/f.3D8655DB7C018FB3B3311B2BCD0F0E61.d.2D9A9D290EC543ABBD0438A5A3CE7783.e.9157/click - {}
RESULT: {}
COMMAND: GET /session/e537112f6f31df0d8590d52383dd5938/screenshot - {}
RESULT: {}
COMMAND: POST /session/e537112f6f31df0d8590d52383dd5938/element - {"using":"xpath","value":"//span[contains(@class, \"sapMMsgBoxText\")]"}
RESULT: {"using":"xpath","value":"//span[contains(@class, \"sapMMsgBoxText\")]"}
COMMAND: POST /session/e537112f6f31df0d8590d52383dd5938/elements - {"using":"xpath","value":"//span[contains(@class, \"sapMMsgBoxText\")]"}
RESULT: {"using":"xpath","value":"//span[contains(@class, \"sapMMsgBoxText\")]"}
COMMAND: POST /session/e537112f6f31df0d8590d52383dd5938/execute/sync - {"script":"<script> [56 bytes]","args":[{"element-6066-11e4-a52e-4f735466cecf":"f.3D8655DB7C018FB3B3311B2BCD0F0E61.d.2D9A9D290EC543ABBD0438A5A3CE7783.e.9175","ELEMENT":"f.3D8655DB7C018FB3B3311B2BCD0F0E61.d.2D9A9D290EC543ABBD0438A5A3CE7783.e.9175"}]}
RESULT: {"script":"<script> [56 bytes]","args":[{"element-6066-11e4-a52e-4f735466cecf":"f.3D8655DB7C018FB3B3311B2BCD0F0E61.d.2D9A9D290EC543ABBD0438A5A3CE7783.e.9175","ELEMENT":"f.3D8655DB7C018FB3B3311B2BCD0F0E61.d.2D9A9D290EC543ABBD0438A5A3CE7783.e.9175"}]}
COMMAND: POST /session/e537112f6f31df0d8590d52383dd5938/element - {"using":"xpath","value":"//bdi[text()=\"Close\"]"}
COMMAND: GET /session/e537112f6f31df0d8590d52383dd5938/screenshot - {}
RESULT: {"using":"xpath","value":"//bdi[text()=\"Close\"]"}
COMMAND: POST /session/e537112f6f31df0d8590d52383dd5938/element/f.3D8655DB7C018FB3B3311B2BCD0F0E61.d.2D9A9D290EC543ABBD0438A5A3CE7783.e.9177/click - {}
RESULT: {}
RESULT: {}
COMMAND: GET /session/e537112f6f31df0d8590d52383dd5938/screenshot - {}
RESULT: {}
COMMAND: POST /session/e537112f6f31df0d8590d52383dd5938/element - {"using":"css selector","value":"#shell-header-logo"}
RESULT: {"using":"css selector","value":"#shell-header-logo"}
COMMAND: POST /session/e537112f6f31df0d8590d52383dd5938/element/f.3D8655DB7C018FB3B3311B2BCD0F0E61.d.2D9A9D290EC543ABBD0438A5A3CE7783.e.8825/click - {}
RESULT: {}
COMMAND: GET /session/e537112f6f31df0d8590d52383dd5938/screenshot - {}
RESULT: {}
]]></system-out>
    </testcase>
    <testcase classname="chrome.136_0_7103_93.windows.Partner_specific_tests_US150819_US151080_US151654_US151176_US103444_US151078_US151079_US151109_US151174_US151175_US151189" name="Should do QC various tests US151189" time="429.867">
      <system-out><![CDATA[
RESULT: undefined
COMMAND: POST /session/e537112f6f31df0d8590d52383dd5938/element - {"using":"xpath","value":"//*[@id=\"__tile30\"]"}
RESULT: {"using":"xpath","value":"//*[@id=\"__tile30\"]"}
COMMAND: POST /session/e537112f6f31df0d8590d52383dd5938/element/f.3D8655DB7C018FB3B3311B2BCD0F0E61.d.2D9A9D290EC543ABBD0438A5A3CE7783.e.4441/click - {}
RESULT: {}
COMMAND: POST /session/e537112f6f31df0d8590d52383dd5938/element - {"using":"xpath","value":"//button[@data-kt=\"addButton\"]"}
COMMAND: GET /session/e537112f6f31df0d8590d52383dd5938/screenshot - {}
RESULT: {"using":"xpath","value":"//button[@data-kt=\"addButton\"]"}
COMMAND: POST /session/e537112f6f31df0d8590d52383dd5938/elements - {"using":"xpath","value":"//button[@data-kt=\"addButton\"]"}
RESULT: {}
RESULT: {"using":"xpath","value":"//button[@data-kt=\"addButton\"]"}
COMMAND: POST /session/e537112f6f31df0d8590d52383dd5938/execute/sync - {"script":"<script> [8489 bytes]","args":[{"element-6066-11e4-a52e-4f735466cecf":"f.3D8655DB7C018FB3B3311B2BCD0F0E61.d.2D9A9D290EC543ABBD0438A5A3CE7783.e.9234","ELEMENT":"f.3D8655DB7C018FB3B3311B2BCD0F0E61.d.2D9A9D290EC543ABBD0438A5A3CE7783.e.9234"}]}
RESULT: {"script":"<script> [8489 bytes]","args":[{"element-6066-11e4-a52e-4f735466cecf":"f.3D8655DB7C018FB3B3311B2BCD0F0E61.d.2D9A9D290EC543ABBD0438A5A3CE7783.e.9234","ELEMENT":"f.3D8655DB7C018FB3B3311B2BCD0F0E61.d.2D9A9D290EC543ABBD0438A5A3CE7783.e.9234"}]}
COMMAND: GET /session/e537112f6f31df0d8590d52383dd5938/element/f.3D8655DB7C018FB3B3311B2BCD0F0E61.d.2D9A9D290EC543ABBD0438A5A3CE7783.e.9234/enabled - {}
COMMAND: GET /session/e537112f6f31df0d8590d52383dd5938/screenshot - {}
RESULT: {}
COMMAND: POST /session/e537112f6f31df0d8590d52383dd5938/execute/sync - {"script":"<script> [8489 bytes]","args":[{"element-6066-11e4-a52e-4f735466cecf":"f.3D8655DB7C018FB3B3311B2BCD0F0E61.d.2D9A9D290EC543ABBD0438A5A3CE7783.e.9234","ELEMENT":"f.3D8655DB7C018FB3B3311B2BCD0F0E61.d.2D9A9D290EC543ABBD0438A5A3CE7783.e.9234"}]}
COMMAND: GET /session/e537112f6f31df0d8590d52383dd5938/screenshot - {}
RESULT: {}
RESULT: {"script":"<script> [8489 bytes]","args":[{"element-6066-11e4-a52e-4f735466cecf":"f.3D8655DB7C018FB3B3311B2BCD0F0E61.d.2D9A9D290EC543ABBD0438A5A3CE7783.e.9234","ELEMENT":"f.3D8655DB7C018FB3B3311B2BCD0F0E61.d.2D9A9D290EC543ABBD0438A5A3CE7783.e.9234"}]}
COMMAND: POST /session/e537112f6f31df0d8590d52383dd5938/execute/sync - {"script":"<script> [5351 bytes]","args":[{"element-6066-11e4-a52e-4f735466cecf":"f.3D8655DB7C018FB3B3311B2BCD0F0E61.d.2D9A9D290EC543ABBD0438A5A3CE7783.e.9234","ELEMENT":"f.3D8655DB7C018FB3B3311B2BCD0F0E61.d.2D9A9D290EC543ABBD0438A5A3CE7783.e.9234"}]}
COMMAND: GET /session/e537112f6f31df0d8590d52383dd5938/screenshot - {}
RESULT: {}
RESULT: {"script":"<script> [5351 bytes]","args":[{"element-6066-11e4-a52e-4f735466cecf":"f.3D8655DB7C018FB3B3311B2BCD0F0E61.d.2D9A9D290EC543ABBD0438A5A3CE7783.e.9234","ELEMENT":"f.3D8655DB7C018FB3B3311B2BCD0F0E61.d.2D9A9D290EC543ABBD0438A5A3CE7783.e.9234"}]}
COMMAND: GET /session/e537112f6f31df0d8590d52383dd5938/screenshot - {}
RESULT: {}
RESULT: {}
COMMAND: POST /session/e537112f6f31df0d8590d52383dd5938/element - {"using":"xpath","value":"//span[@id=\"application-managepartners-display-component---masterPtm--smartTable-header-inner\"]"}
RESULT: {"using":"xpath","value":"//span[@id=\"application-managepartners-display-component---masterPtm--smartTable-header-inner\"]"}
COMMAND: POST /session/e537112f6f31df0d8590d52383dd5938/elements - {"using":"xpath","value":"//span[@id=\"application-managepartners-display-component---masterPtm--smartTable-header-inner\"]"}
RESULT: {"using":"xpath","value":"//span[@id=\"application-managepartners-display-component---masterPtm--smartTable-header-inner\"]"}
COMMAND: POST /session/e537112f6f31df0d8590d52383dd5938/execute/sync - {"script":"<script> [56 bytes]","args":[{"element-6066-11e4-a52e-4f735466cecf":"f.3D8655DB7C018FB3B3311B2BCD0F0E61.d.2D9A9D290EC543ABBD0438A5A3CE7783.e.9359","ELEMENT":"f.3D8655DB7C018FB3B3311B2BCD0F0E61.d.2D9A9D290EC543ABBD0438A5A3CE7783.e.9359"}]}
RESULT: {"script":"<script> [56 bytes]","args":[{"element-6066-11e4-a52e-4f735466cecf":"f.3D8655DB7C018FB3B3311B2BCD0F0E61.d.2D9A9D290EC543ABBD0438A5A3CE7783.e.9359","ELEMENT":"f.3D8655DB7C018FB3B3311B2BCD0F0E61.d.2D9A9D290EC543ABBD0438A5A3CE7783.e.9359"}]}
RESULT: undefined
COMMAND: POST /session/e537112f6f31df0d8590d52383dd5938/execute/async - {"script":"<script> [776 bytes]","args":[{"enterText":"1243","selector":{"id":"application-managepartners-display-component---masterPtm--smartFilterBar-btnBasicSearch","interaction":{"idSuffix":"I"}},"clearTextFirst":true,"interactionType":"ENTER_TEXT"}]}
COMMAND: GET /session/e537112f6f31df0d8590d52383dd5938/screenshot - {}
RESULT: {"script":"<script> [776 bytes]","args":[{"enterText":"1243","selector":{"id":"application-managepartners-display-component---masterPtm--smartFilterBar-btnBasicSearch","interaction":{"idSuffix":"I"}},"clearTextFirst":true,"interactionType":"ENTER_TEXT"}]}
COMMAND: POST /session/e537112f6f31df0d8590d52383dd5938/actions - {"actions":[{"id":"action26","type":"key","parameters":{},"actions":[{"type":"keyDown","value":""},{"type":"pause","duration":10},{"type":"keyUp","value":""}]}]}
RESULT: {}
RESULT: {"actions":[{"id":"action26","type":"key","parameters":{},"actions":[{"type":"keyDown","value":""},{"type":"pause","duration":10},{"type":"keyUp","value":""}]}]}
COMMAND: GET /session/e537112f6f31df0d8590d52383dd5938/screenshot - {}
RESULT: {}
COMMAND: POST /session/e537112f6f31df0d8590d52383dd5938/elements - {"using":"xpath","value":"//table[contains(@id, \"customPartnersTable-listUl\")]/tbody/tr"}
RESULT: {"using":"xpath","value":"//table[contains(@id, \"customPartnersTable-listUl\")]/tbody/tr"}
COMMAND: POST /session/e537112f6f31df0d8590d52383dd5938/element - {"using":"xpath","value":"//table[contains(@id, \"customPartnersTable-listUl\")]/tbody/tr[1]/td[3]/span"}
RESULT: {"using":"xpath","value":"//table[contains(@id, \"customPartnersTable-listUl\")]/tbody/tr[1]/td[3]/span"}
COMMAND: POST /session/e537112f6f31df0d8590d52383dd5938/elements - {"using":"xpath","value":"//table[contains(@id, \"customPartnersTable-listUl\")]/tbody/tr[1]/td[3]/span"}
RESULT: {"using":"xpath","value":"//table[contains(@id, \"customPartnersTable-listUl\")]/tbody/tr[1]/td[3]/span"}
COMMAND: POST /session/e537112f6f31df0d8590d52383dd5938/execute/sync - {"script":"<script> [56 bytes]","args":[{"element-6066-11e4-a52e-4f735466cecf":"f.3D8655DB7C018FB3B3311B2BCD0F0E61.d.2D9A9D290EC543ABBD0438A5A3CE7783.e.9370","ELEMENT":"f.3D8655DB7C018FB3B3311B2BCD0F0E61.d.2D9A9D290EC543ABBD0438A5A3CE7783.e.9370"}]}
RESULT: {"script":"<script> [56 bytes]","args":[{"element-6066-11e4-a52e-4f735466cecf":"f.3D8655DB7C018FB3B3311B2BCD0F0E61.d.2D9A9D290EC543ABBD0438A5A3CE7783.e.9370","ELEMENT":"f.3D8655DB7C018FB3B3311B2BCD0F0E61.d.2D9A9D290EC543ABBD0438A5A3CE7783.e.9370"}]}
COMMAND: POST /session/e537112f6f31df0d8590d52383dd5938/element - {"using":"xpath","value":"//div[contains(@id, \"smartFilterBar-btnBasicSearch-reset\")]"}
COMMAND: GET /session/e537112f6f31df0d8590d52383dd5938/screenshot - {}
RESULT: {"using":"xpath","value":"//div[contains(@id, \"smartFilterBar-btnBasicSearch-reset\")]"}
COMMAND: POST /session/e537112f6f31df0d8590d52383dd5938/element/f.3D8655DB7C018FB3B3311B2BCD0F0E61.d.2D9A9D290EC543ABBD0438A5A3CE7783.e.9371/click - {}
RESULT: {}
RESULT: {}
COMMAND: GET /session/e537112f6f31df0d8590d52383dd5938/screenshot - {}
RESULT: undefined
COMMAND: POST /session/e537112f6f31df0d8590d52383dd5938/element - {"using":"xpath","value":"//*[@id=\"application-managepartners-display-component---masterPtm--smartFilterBar-filterItemControl_BASIC-MAIN_ADDRESS-vhi\"]"}
RESULT: {}
RESULT: {"using":"xpath","value":"//*[@id=\"application-managepartners-display-component---masterPtm--smartFilterBar-filterItemControl_BASIC-MAIN_ADDRESS-vhi\"]"}
COMMAND: POST /session/e537112f6f31df0d8590d52383dd5938/element/f.3D8655DB7C018FB3B3311B2BCD0F0E61.d.2D9A9D290EC543ABBD0438A5A3CE7783.e.9474/click - {}
RESULT: {}
COMMAND: GET /session/e537112f6f31df0d8590d52383dd5938/screenshot - {}
RESULT: {}
RESULT: undefined
COMMAND: POST /session/e537112f6f31df0d8590d52383dd5938/execute/async - {"script":"<script> [776 bytes]","args":[{"enterText":"Romania","selector":{"id":"application-managepartners-display-component---masterPtm--smartFilterBar-filterItemControl_BASIC-MAIN_ADDRESS-valueHelpDialog-smartFilterBar-btnBasicSearch","searchOpenDialogs":true,"interaction":{"idSuffix":"I"}},"clearTextFirst":true,"interactionType":"ENTER_TEXT"}]}
RESULT: {"script":"<script> [776 bytes]","args":[{"enterText":"Romania","selector":{"id":"application-managepartners-display-component---masterPtm--smartFilterBar-filterItemControl_BASIC-MAIN_ADDRESS-valueHelpDialog-smartFilterBar-btnBasicSearch","searchOpenDialogs":true,"interaction":{"idSuffix":"I"}},"clearTextFirst":true,"interactionType":"ENTER_TEXT"}]}
COMMAND: POST /session/e537112f6f31df0d8590d52383dd5938/actions - {"actions":[{"id":"action27","type":"key","parameters":{},"actions":[{"type":"keyDown","value":""},{"type":"pause","duration":10},{"type":"keyUp","value":""}]}]}
RESULT: {"actions":[{"id":"action27","type":"key","parameters":{},"actions":[{"type":"keyDown","value":""},{"type":"pause","duration":10},{"type":"keyUp","value":""}]}]}
COMMAND: GET /session/e537112f6f31df0d8590d52383dd5938/screenshot - {}
RESULT: {}
COMMAND: POST /session/e537112f6f31df0d8590d52383dd5938/elements - {"using":"xpath","value":"//table[contains(@id, \"smartFilterBar-filterItemControl_BASIC-MAIN_ADDRESS-valueHelpDialog-table-table\")]/tbody/tr"}
RESULT: {"using":"xpath","value":"//table[contains(@id, \"smartFilterBar-filterItemControl_BASIC-MAIN_ADDRESS-valueHelpDialog-table-table\")]/tbody/tr"}
COMMAND: POST /session/e537112f6f31df0d8590d52383dd5938/element - {"using":"xpath","value":"//table[contains(@id, \"smartFilterBar-filterItemControl_BASIC-MAIN_ADDRESS-valueHelpDialog-table-table\")]/tbody/tr[1]/td[1]/div/span"}
RESULT: {"using":"xpath","value":"//table[contains(@id, \"smartFilterBar-filterItemControl_BASIC-MAIN_ADDRESS-valueHelpDialog-table-table\")]/tbody/tr[1]/td[1]/div/span"}
COMMAND: POST /session/e537112f6f31df0d8590d52383dd5938/elements - {"using":"xpath","value":"//table[contains(@id, \"smartFilterBar-filterItemControl_BASIC-MAIN_ADDRESS-valueHelpDialog-table-table\")]/tbody/tr[1]/td[1]/div/span"}
RESULT: {"using":"xpath","value":"//table[contains(@id, \"smartFilterBar-filterItemControl_BASIC-MAIN_ADDRESS-valueHelpDialog-table-table\")]/tbody/tr[1]/td[1]/div/span"}
COMMAND: POST /session/e537112f6f31df0d8590d52383dd5938/execute/sync - {"script":"<script> [56 bytes]","args":[{"element-6066-11e4-a52e-4f735466cecf":"f.3D8655DB7C018FB3B3311B2BCD0F0E61.d.2D9A9D290EC543ABBD0438A5A3CE7783.e.9493","ELEMENT":"f.3D8655DB7C018FB3B3311B2BCD0F0E61.d.2D9A9D290EC543ABBD0438A5A3CE7783.e.9493"}]}
RESULT: {"script":"<script> [56 bytes]","args":[{"element-6066-11e4-a52e-4f735466cecf":"f.3D8655DB7C018FB3B3311B2BCD0F0E61.d.2D9A9D290EC543ABBD0438A5A3CE7783.e.9493","ELEMENT":"f.3D8655DB7C018FB3B3311B2BCD0F0E61.d.2D9A9D290EC543ABBD0438A5A3CE7783.e.9493"}]}
COMMAND: POST /session/e537112f6f31df0d8590d52383dd5938/element - {"using":"xpath","value":"//div[contains(@id, \"filterItemControl_BASIC-MAIN_ADDRESS-valueHelpDialog-table-rowsel0\")]"}
COMMAND: GET /session/e537112f6f31df0d8590d52383dd5938/screenshot - {}
RESULT: {"using":"xpath","value":"//div[contains(@id, \"filterItemControl_BASIC-MAIN_ADDRESS-valueHelpDialog-table-rowsel0\")]"}
COMMAND: POST /session/e537112f6f31df0d8590d52383dd5938/element/f.3D8655DB7C018FB3B3311B2BCD0F0E61.d.2D9A9D290EC543ABBD0438A5A3CE7783.e.9494/click - {}
RESULT: {}
RESULT: {}
COMMAND: GET /session/e537112f6f31df0d8590d52383dd5938/screenshot - {}
RESULT: {}
RESULT: undefined
COMMAND: POST /session/e537112f6f31df0d8590d52383dd5938/execute/async - {"script":"<script> [776 bytes]","args":[{"enterText":"Germany","selector":{"id":"application-managepartners-display-component---masterPtm--smartFilterBar-filterItemControl_BASIC-MAIN_ADDRESS-valueHelpDialog-smartFilterBar-btnBasicSearch","searchOpenDialogs":true,"interaction":{"idSuffix":"I"}},"clearTextFirst":true,"interactionType":"ENTER_TEXT"}]}
RESULT: {"script":"<script> [776 bytes]","args":[{"enterText":"Germany","selector":{"id":"application-managepartners-display-component---masterPtm--smartFilterBar-filterItemControl_BASIC-MAIN_ADDRESS-valueHelpDialog-smartFilterBar-btnBasicSearch","searchOpenDialogs":true,"interaction":{"idSuffix":"I"}},"clearTextFirst":true,"interactionType":"ENTER_TEXT"}]}
COMMAND: POST /session/e537112f6f31df0d8590d52383dd5938/actions - {"actions":[{"id":"action28","type":"key","parameters":{},"actions":[{"type":"keyDown","value":""},{"type":"pause","duration":10},{"type":"keyUp","value":""}]}]}
RESULT: {"actions":[{"id":"action28","type":"key","parameters":{},"actions":[{"type":"keyDown","value":""},{"type":"pause","duration":10},{"type":"keyUp","value":""}]}]}
COMMAND: GET /session/e537112f6f31df0d8590d52383dd5938/screenshot - {}
RESULT: {}
COMMAND: POST /session/e537112f6f31df0d8590d52383dd5938/elements - {"using":"xpath","value":"//table[contains(@id, \"smartFilterBar-filterItemControl_BASIC-MAIN_ADDRESS-valueHelpDialog-table-table\")]/tbody/tr"}
RESULT: {"using":"xpath","value":"//table[contains(@id, \"smartFilterBar-filterItemControl_BASIC-MAIN_ADDRESS-valueHelpDialog-table-table\")]/tbody/tr"}
COMMAND: POST /session/e537112f6f31df0d8590d52383dd5938/element - {"using":"xpath","value":"//table[contains(@id, \"smartFilterBar-filterItemControl_BASIC-MAIN_ADDRESS-valueHelpDialog-table-table\")]/tbody/tr[1]/td[1]/div/span"}
RESULT: {"using":"xpath","value":"//table[contains(@id, \"smartFilterBar-filterItemControl_BASIC-MAIN_ADDRESS-valueHelpDialog-table-table\")]/tbody/tr[1]/td[1]/div/span"}
COMMAND: POST /session/e537112f6f31df0d8590d52383dd5938/elements - {"using":"xpath","value":"//table[contains(@id, \"smartFilterBar-filterItemControl_BASIC-MAIN_ADDRESS-valueHelpDialog-table-table\")]/tbody/tr[1]/td[1]/div/span"}
RESULT: {"using":"xpath","value":"//table[contains(@id, \"smartFilterBar-filterItemControl_BASIC-MAIN_ADDRESS-valueHelpDialog-table-table\")]/tbody/tr[1]/td[1]/div/span"}
COMMAND: POST /session/e537112f6f31df0d8590d52383dd5938/execute/sync - {"script":"<script> [56 bytes]","args":[{"element-6066-11e4-a52e-4f735466cecf":"f.3D8655DB7C018FB3B3311B2BCD0F0E61.d.2D9A9D290EC543ABBD0438A5A3CE7783.e.9493","ELEMENT":"f.3D8655DB7C018FB3B3311B2BCD0F0E61.d.2D9A9D290EC543ABBD0438A5A3CE7783.e.9493"}]}
RESULT: {"script":"<script> [56 bytes]","args":[{"element-6066-11e4-a52e-4f735466cecf":"f.3D8655DB7C018FB3B3311B2BCD0F0E61.d.2D9A9D290EC543ABBD0438A5A3CE7783.e.9493","ELEMENT":"f.3D8655DB7C018FB3B3311B2BCD0F0E61.d.2D9A9D290EC543ABBD0438A5A3CE7783.e.9493"}]}
COMMAND: POST /session/e537112f6f31df0d8590d52383dd5938/element - {"using":"xpath","value":"//div[contains(@id, \"filterItemControl_BASIC-MAIN_ADDRESS-valueHelpDialog-table-rowsel0\")]"}
COMMAND: GET /session/e537112f6f31df0d8590d52383dd5938/screenshot - {}
RESULT: {"using":"xpath","value":"//div[contains(@id, \"filterItemControl_BASIC-MAIN_ADDRESS-valueHelpDialog-table-rowsel0\")]"}
COMMAND: POST /session/e537112f6f31df0d8590d52383dd5938/element/f.3D8655DB7C018FB3B3311B2BCD0F0E61.d.2D9A9D290EC543ABBD0438A5A3CE7783.e.9494/click - {}
RESULT: {}
RESULT: {}
COMMAND: GET /session/e537112f6f31df0d8590d52383dd5938/screenshot - {}
RESULT: {}
RESULT: undefined
COMMAND: POST /session/e537112f6f31df0d8590d52383dd5938/execute/async - {"script":"<script> [776 bytes]","args":[{"enterText":"Argentina","selector":{"id":"application-managepartners-display-component---masterPtm--smartFilterBar-filterItemControl_BASIC-MAIN_ADDRESS-valueHelpDialog-smartFilterBar-btnBasicSearch","searchOpenDialogs":true,"interaction":{"idSuffix":"I"}},"clearTextFirst":true,"interactionType":"ENTER_TEXT"}]}
RESULT: {"script":"<script> [776 bytes]","args":[{"enterText":"Argentina","selector":{"id":"application-managepartners-display-component---masterPtm--smartFilterBar-filterItemControl_BASIC-MAIN_ADDRESS-valueHelpDialog-smartFilterBar-btnBasicSearch","searchOpenDialogs":true,"interaction":{"idSuffix":"I"}},"clearTextFirst":true,"interactionType":"ENTER_TEXT"}]}
COMMAND: POST /session/e537112f6f31df0d8590d52383dd5938/actions - {"actions":[{"id":"action29","type":"key","parameters":{},"actions":[{"type":"keyDown","value":""},{"type":"pause","duration":10},{"type":"keyUp","value":""}]}]}
RESULT: {"actions":[{"id":"action29","type":"key","parameters":{},"actions":[{"type":"keyDown","value":""},{"type":"pause","duration":10},{"type":"keyUp","value":""}]}]}
COMMAND: GET /session/e537112f6f31df0d8590d52383dd5938/screenshot - {}
RESULT: {}
COMMAND: POST /session/e537112f6f31df0d8590d52383dd5938/element - {"using":"xpath","value":"//div[contains(@id, \"filterItemControl_BASIC-MAIN_ADDRESS-valueHelpDialog-table-rowsel0\")]"}
RESULT: {"using":"xpath","value":"//div[contains(@id, \"filterItemControl_BASIC-MAIN_ADDRESS-valueHelpDialog-table-rowsel0\")]"}
COMMAND: POST /session/e537112f6f31df0d8590d52383dd5938/element/f.3D8655DB7C018FB3B3311B2BCD0F0E61.d.2D9A9D290EC543ABBD0438A5A3CE7783.e.9494/click - {}
RESULT: {}
COMMAND: GET /session/e537112f6f31df0d8590d52383dd5938/screenshot - {}
RESULT: {}
COMMAND: POST /session/e537112f6f31df0d8590d52383dd5938/element - {"using":"xpath","value":"(//bdi[contains(text(), \"OK\")])[1]"}
RESULT: {"using":"xpath","value":"(//bdi[contains(text(), \"OK\")])[1]"}
COMMAND: POST /session/e537112f6f31df0d8590d52383dd5938/element/f.3D8655DB7C018FB3B3311B2BCD0F0E61.d.2D9A9D290EC543ABBD0438A5A3CE7783.e.9496/click - {}
RESULT: {}
COMMAND: GET /session/e537112f6f31df0d8590d52383dd5938/screenshot - {}
RESULT: {}
COMMAND: POST /session/e537112f6f31df0d8590d52383dd5938/element - {"using":"xpath","value":"//span[@id=\"application-managepartners-display-component---masterPtm--smartTable-header-inner\"]"}
RESULT: {"using":"xpath","value":"//span[@id=\"application-managepartners-display-component---masterPtm--smartTable-header-inner\"]"}
COMMAND: POST /session/e537112f6f31df0d8590d52383dd5938/elements - {"using":"xpath","value":"//span[@id=\"application-managepartners-display-component---masterPtm--smartTable-header-inner\"]"}
RESULT: {"using":"xpath","value":"//span[@id=\"application-managepartners-display-component---masterPtm--smartTable-header-inner\"]"}
COMMAND: POST /session/e537112f6f31df0d8590d52383dd5938/execute/sync - {"script":"<script> [56 bytes]","args":[{"element-6066-11e4-a52e-4f735466cecf":"f.3D8655DB7C018FB3B3311B2BCD0F0E61.d.2D9A9D290EC543ABBD0438A5A3CE7783.e.9359","ELEMENT":"f.3D8655DB7C018FB3B3311B2BCD0F0E61.d.2D9A9D290EC543ABBD0438A5A3CE7783.e.9359"}]}
RESULT: {"script":"<script> [56 bytes]","args":[{"element-6066-11e4-a52e-4f735466cecf":"f.3D8655DB7C018FB3B3311B2BCD0F0E61.d.2D9A9D290EC543ABBD0438A5A3CE7783.e.9359","ELEMENT":"f.3D8655DB7C018FB3B3311B2BCD0F0E61.d.2D9A9D290EC543ABBD0438A5A3CE7783.e.9359"}]}
COMMAND: POST /session/e537112f6f31df0d8590d52383dd5938/element - {"using":"xpath","value":"//span[contains(@title, \"Remove\")]"}
COMMAND: GET /session/e537112f6f31df0d8590d52383dd5938/screenshot - {}
RESULT: {"using":"xpath","value":"//span[contains(@title, \"Remove\")]"}
COMMAND: POST /session/e537112f6f31df0d8590d52383dd5938/element/f.3D8655DB7C018FB3B3311B2BCD0F0E61.d.2D9A9D290EC543ABBD0438A5A3CE7783.e.9529/click - {}
RESULT: {}
RESULT: {}
COMMAND: GET /session/e537112f6f31df0d8590d52383dd5938/screenshot - {}
RESULT: {}
COMMAND: POST /session/e537112f6f31df0d8590d52383dd5938/element - {"using":"xpath","value":"//span[contains(@title, \"Remove\")]"}
RESULT: {"using":"xpath","value":"//span[contains(@title, \"Remove\")]"}
COMMAND: POST /session/e537112f6f31df0d8590d52383dd5938/element/f.3D8655DB7C018FB3B3311B2BCD0F0E61.d.2D9A9D290EC543ABBD0438A5A3CE7783.e.9530/click - {}
RESULT: {}
COMMAND: GET /session/e537112f6f31df0d8590d52383dd5938/screenshot - {}
RESULT: {}
COMMAND: POST /session/e537112f6f31df0d8590d52383dd5938/element - {"using":"xpath","value":"//span[contains(@title, \"Remove\")]"}
RESULT: {"using":"xpath","value":"//span[contains(@title, \"Remove\")]"}
COMMAND: POST /session/e537112f6f31df0d8590d52383dd5938/element/f.3D8655DB7C018FB3B3311B2BCD0F0E61.d.2D9A9D290EC543ABBD0438A5A3CE7783.e.9531/click - {}
RESULT: {}
COMMAND: GET /session/e537112f6f31df0d8590d52383dd5938/screenshot - {}
RESULT: undefined
COMMAND: POST /session/e537112f6f31df0d8590d52383dd5938/element - {"using":"xpath","value":"//*[@id=\"application-managepartners-display-component---masterPtm--smartFilterBar-filterItemControl_BASIC-YARD-vhi\"]"}
RESULT: {}
RESULT: {"using":"xpath","value":"//*[@id=\"application-managepartners-display-component---masterPtm--smartFilterBar-filterItemControl_BASIC-YARD-vhi\"]"}
COMMAND: POST /session/e537112f6f31df0d8590d52383dd5938/element/f.3D8655DB7C018FB3B3311B2BCD0F0E61.d.2D9A9D290EC543ABBD0438A5A3CE7783.e.9636/click - {}
RESULT: {}
COMMAND: GET /session/e537112f6f31df0d8590d52383dd5938/screenshot - {}
RESULT: {}
RESULT: undefined
COMMAND: POST /session/e537112f6f31df0d8590d52383dd5938/execute/async - {"script":"<script> [776 bytes]","args":[{"enterText":"433","selector":{"id":"application-managepartners-display-component---masterPtm--smartFilterBar-filterItemControl_BASIC-YARD-valueHelpDialog-smartFilterBar-btnBasicSearch","searchOpenDialogs":true,"interaction":{"idSuffix":"I"}},"clearTextFirst":true,"interactionType":"ENTER_TEXT"}]}
RESULT: {"script":"<script> [776 bytes]","args":[{"enterText":"433","selector":{"id":"application-managepartners-display-component---masterPtm--smartFilterBar-filterItemControl_BASIC-YARD-valueHelpDialog-smartFilterBar-btnBasicSearch","searchOpenDialogs":true,"interaction":{"idSuffix":"I"}},"clearTextFirst":true,"interactionType":"ENTER_TEXT"}]}
COMMAND: POST /session/e537112f6f31df0d8590d52383dd5938/actions - {"actions":[{"id":"action30","type":"key","parameters":{},"actions":[{"type":"keyDown","value":""},{"type":"pause","duration":10},{"type":"keyUp","value":""}]}]}
RESULT: {"actions":[{"id":"action30","type":"key","parameters":{},"actions":[{"type":"keyDown","value":""},{"type":"pause","duration":10},{"type":"keyUp","value":""}]}]}
COMMAND: GET /session/e537112f6f31df0d8590d52383dd5938/screenshot - {}
RESULT: {}
COMMAND: POST /session/e537112f6f31df0d8590d52383dd5938/elements - {"using":"xpath","value":"//table[contains(@id, \"smartFilterBar-filterItemControl_BASIC-YARD-valueHelpDialog-table-table\")]/tbody/tr"}
RESULT: {"using":"xpath","value":"//table[contains(@id, \"smartFilterBar-filterItemControl_BASIC-YARD-valueHelpDialog-table-table\")]/tbody/tr"}
COMMAND: POST /session/e537112f6f31df0d8590d52383dd5938/element - {"using":"xpath","value":"//table[contains(@id, \"smartFilterBar-filterItemControl_BASIC-YARD-valueHelpDialog-table-table\")]/tbody/tr[1]/td[1]/div/span"}
RESULT: {"using":"xpath","value":"//table[contains(@id, \"smartFilterBar-filterItemControl_BASIC-YARD-valueHelpDialog-table-table\")]/tbody/tr[1]/td[1]/div/span"}
COMMAND: POST /session/e537112f6f31df0d8590d52383dd5938/elements - {"using":"xpath","value":"//table[contains(@id, \"smartFilterBar-filterItemControl_BASIC-YARD-valueHelpDialog-table-table\")]/tbody/tr[1]/td[1]/div/span"}
RESULT: {"using":"xpath","value":"//table[contains(@id, \"smartFilterBar-filterItemControl_BASIC-YARD-valueHelpDialog-table-table\")]/tbody/tr[1]/td[1]/div/span"}
COMMAND: POST /session/e537112f6f31df0d8590d52383dd5938/execute/sync - {"script":"<script> [56 bytes]","args":[{"element-6066-11e4-a52e-4f735466cecf":"f.3D8655DB7C018FB3B3311B2BCD0F0E61.d.2D9A9D290EC543ABBD0438A5A3CE7783.e.9655","ELEMENT":"f.3D8655DB7C018FB3B3311B2BCD0F0E61.d.2D9A9D290EC543ABBD0438A5A3CE7783.e.9655"}]}
RESULT: {"script":"<script> [56 bytes]","args":[{"element-6066-11e4-a52e-4f735466cecf":"f.3D8655DB7C018FB3B3311B2BCD0F0E61.d.2D9A9D290EC543ABBD0438A5A3CE7783.e.9655","ELEMENT":"f.3D8655DB7C018FB3B3311B2BCD0F0E61.d.2D9A9D290EC543ABBD0438A5A3CE7783.e.9655"}]}
COMMAND: POST /session/e537112f6f31df0d8590d52383dd5938/element - {"using":"xpath","value":"//div[contains(@id, \"filterItemControl_BASIC-YARD-valueHelpDialog-table-rowsel0\")]"}
COMMAND: GET /session/e537112f6f31df0d8590d52383dd5938/screenshot - {}
RESULT: {"using":"xpath","value":"//div[contains(@id, \"filterItemControl_BASIC-YARD-valueHelpDialog-table-rowsel0\")]"}
COMMAND: POST /session/e537112f6f31df0d8590d52383dd5938/element/f.3D8655DB7C018FB3B3311B2BCD0F0E61.d.2D9A9D290EC543ABBD0438A5A3CE7783.e.9656/click - {}
RESULT: {}
RESULT: {}
COMMAND: GET /session/e537112f6f31df0d8590d52383dd5938/screenshot - {}
RESULT: {}
RESULT: undefined
COMMAND: POST /session/e537112f6f31df0d8590d52383dd5938/execute/async - {"script":"<script> [776 bytes]","args":[{"enterText":"106","selector":{"id":"application-managepartners-display-component---masterPtm--smartFilterBar-filterItemControl_BASIC-YARD-valueHelpDialog-smartFilterBar-btnBasicSearch","searchOpenDialogs":true,"interaction":{"idSuffix":"I"}},"clearTextFirst":true,"interactionType":"ENTER_TEXT"}]}
RESULT: {"script":"<script> [776 bytes]","args":[{"enterText":"106","selector":{"id":"application-managepartners-display-component---masterPtm--smartFilterBar-filterItemControl_BASIC-YARD-valueHelpDialog-smartFilterBar-btnBasicSearch","searchOpenDialogs":true,"interaction":{"idSuffix":"I"}},"clearTextFirst":true,"interactionType":"ENTER_TEXT"}]}
COMMAND: POST /session/e537112f6f31df0d8590d52383dd5938/actions - {"actions":[{"id":"action31","type":"key","parameters":{},"actions":[{"type":"keyDown","value":""},{"type":"pause","duration":10},{"type":"keyUp","value":""}]}]}
RESULT: {"actions":[{"id":"action31","type":"key","parameters":{},"actions":[{"type":"keyDown","value":""},{"type":"pause","duration":10},{"type":"keyUp","value":""}]}]}
COMMAND: GET /session/e537112f6f31df0d8590d52383dd5938/screenshot - {}
RESULT: {}
COMMAND: POST /session/e537112f6f31df0d8590d52383dd5938/elements - {"using":"xpath","value":"//table[contains(@id, \"smartFilterBar-filterItemControl_BASIC-YARD-valueHelpDialog-table-table\")]/tbody/tr"}
RESULT: {"using":"xpath","value":"//table[contains(@id, \"smartFilterBar-filterItemControl_BASIC-YARD-valueHelpDialog-table-table\")]/tbody/tr"}
COMMAND: POST /session/e537112f6f31df0d8590d52383dd5938/element - {"using":"xpath","value":"//table[contains(@id, \"smartFilterBar-filterItemControl_BASIC-YARD-valueHelpDialog-table-table\")]/tbody/tr[1]/td[1]/div/span"}
RESULT: {"using":"xpath","value":"//table[contains(@id, \"smartFilterBar-filterItemControl_BASIC-YARD-valueHelpDialog-table-table\")]/tbody/tr[1]/td[1]/div/span"}
COMMAND: POST /session/e537112f6f31df0d8590d52383dd5938/elements - {"using":"xpath","value":"//table[contains(@id, \"smartFilterBar-filterItemControl_BASIC-YARD-valueHelpDialog-table-table\")]/tbody/tr[1]/td[1]/div/span"}
RESULT: {"using":"xpath","value":"//table[contains(@id, \"smartFilterBar-filterItemControl_BASIC-YARD-valueHelpDialog-table-table\")]/tbody/tr[1]/td[1]/div/span"}
COMMAND: POST /session/e537112f6f31df0d8590d52383dd5938/execute/sync - {"script":"<script> [56 bytes]","args":[{"element-6066-11e4-a52e-4f735466cecf":"f.3D8655DB7C018FB3B3311B2BCD0F0E61.d.2D9A9D290EC543ABBD0438A5A3CE7783.e.9655","ELEMENT":"f.3D8655DB7C018FB3B3311B2BCD0F0E61.d.2D9A9D290EC543ABBD0438A5A3CE7783.e.9655"}]}
RESULT: {"script":"<script> [56 bytes]","args":[{"element-6066-11e4-a52e-4f735466cecf":"f.3D8655DB7C018FB3B3311B2BCD0F0E61.d.2D9A9D290EC543ABBD0438A5A3CE7783.e.9655","ELEMENT":"f.3D8655DB7C018FB3B3311B2BCD0F0E61.d.2D9A9D290EC543ABBD0438A5A3CE7783.e.9655"}]}
COMMAND: POST /session/e537112f6f31df0d8590d52383dd5938/element - {"using":"xpath","value":"//div[contains(@id, \"filterItemControl_BASIC-YARD-valueHelpDialog-table-rowsel0\")]"}
COMMAND: GET /session/e537112f6f31df0d8590d52383dd5938/screenshot - {}
RESULT: {"using":"xpath","value":"//div[contains(@id, \"filterItemControl_BASIC-YARD-valueHelpDialog-table-rowsel0\")]"}
COMMAND: POST /session/e537112f6f31df0d8590d52383dd5938/element/f.3D8655DB7C018FB3B3311B2BCD0F0E61.d.2D9A9D290EC543ABBD0438A5A3CE7783.e.9656/click - {}
RESULT: {}
RESULT: {}
COMMAND: GET /session/e537112f6f31df0d8590d52383dd5938/screenshot - {}
RESULT: {}
COMMAND: POST /session/e537112f6f31df0d8590d52383dd5938/element - {"using":"xpath","value":"(//bdi[contains(text(), \"OK\")])[1]"}
RESULT: {"using":"xpath","value":"(//bdi[contains(text(), \"OK\")])[1]"}
COMMAND: POST /session/e537112f6f31df0d8590d52383dd5938/element/f.3D8655DB7C018FB3B3311B2BCD0F0E61.d.2D9A9D290EC543ABBD0438A5A3CE7783.e.9658/click - {}
RESULT: {}
COMMAND: GET /session/e537112f6f31df0d8590d52383dd5938/screenshot - {}
RESULT: {}
COMMAND: POST /session/e537112f6f31df0d8590d52383dd5938/element - {"using":"xpath","value":"//span[@id=\"application-managepartners-display-component---masterPtm--smartTable-header-inner\"]"}
RESULT: {"using":"xpath","value":"//span[@id=\"application-managepartners-display-component---masterPtm--smartTable-header-inner\"]"}
COMMAND: POST /session/e537112f6f31df0d8590d52383dd5938/elements - {"using":"xpath","value":"//span[@id=\"application-managepartners-display-component---masterPtm--smartTable-header-inner\"]"}
RESULT: {"using":"xpath","value":"//span[@id=\"application-managepartners-display-component---masterPtm--smartTable-header-inner\"]"}
COMMAND: POST /session/e537112f6f31df0d8590d52383dd5938/execute/sync - {"script":"<script> [56 bytes]","args":[{"element-6066-11e4-a52e-4f735466cecf":"f.3D8655DB7C018FB3B3311B2BCD0F0E61.d.2D9A9D290EC543ABBD0438A5A3CE7783.e.9359","ELEMENT":"f.3D8655DB7C018FB3B3311B2BCD0F0E61.d.2D9A9D290EC543ABBD0438A5A3CE7783.e.9359"}]}
RESULT: {"script":"<script> [56 bytes]","args":[{"element-6066-11e4-a52e-4f735466cecf":"f.3D8655DB7C018FB3B3311B2BCD0F0E61.d.2D9A9D290EC543ABBD0438A5A3CE7783.e.9359","ELEMENT":"f.3D8655DB7C018FB3B3311B2BCD0F0E61.d.2D9A9D290EC543ABBD0438A5A3CE7783.e.9359"}]}
COMMAND: POST /session/e537112f6f31df0d8590d52383dd5938/element - {"using":"xpath","value":"//span[contains(@title, \"Remove\")]"}
COMMAND: GET /session/e537112f6f31df0d8590d52383dd5938/screenshot - {}
RESULT: {"using":"xpath","value":"//span[contains(@title, \"Remove\")]"}
COMMAND: POST /session/e537112f6f31df0d8590d52383dd5938/element/f.3D8655DB7C018FB3B3311B2BCD0F0E61.d.2D9A9D290EC543ABBD0438A5A3CE7783.e.9681/click - {}
RESULT: {}
RESULT: {}
COMMAND: GET /session/e537112f6f31df0d8590d52383dd5938/screenshot - {}
RESULT: {}
COMMAND: POST /session/e537112f6f31df0d8590d52383dd5938/element - {"using":"xpath","value":"//span[contains(@title, \"Remove\")]"}
RESULT: {"using":"xpath","value":"//span[contains(@title, \"Remove\")]"}
COMMAND: POST /session/e537112f6f31df0d8590d52383dd5938/element/f.3D8655DB7C018FB3B3311B2BCD0F0E61.d.2D9A9D290EC543ABBD0438A5A3CE7783.e.9682/click - {}
RESULT: {}
COMMAND: GET /session/e537112f6f31df0d8590d52383dd5938/screenshot - {}
RESULT: undefined
COMMAND: POST /session/e537112f6f31df0d8590d52383dd5938/element - {"using":"xpath","value":"//*[@id=\"application-managepartners-display-component---masterPtm--catalogs-arrow\"]"}
RESULT: {}
RESULT: {"using":"xpath","value":"//*[@id=\"application-managepartners-display-component---masterPtm--catalogs-arrow\"]"}
COMMAND: POST /session/e537112f6f31df0d8590d52383dd5938/element/f.3D8655DB7C018FB3B3311B2BCD0F0E61.d.2D9A9D290EC543ABBD0438A5A3CE7783.e.9786/click - {}
RESULT: {}
COMMAND: GET /session/e537112f6f31df0d8590d52383dd5938/screenshot - {}
RESULT: {}
COMMAND: POST /session/e537112f6f31df0d8590d52383dd5938/element - {"using":"xpath","value":"(//li[.//span[contains(text(), \"Webshop Catalog\")]])[1]"}
RESULT: {"using":"xpath","value":"(//li[.//span[contains(text(), \"Webshop Catalog\")]])[1]"}
COMMAND: POST /session/e537112f6f31df0d8590d52383dd5938/element/f.3D8655DB7C018FB3B3311B2BCD0F0E61.d.2D9A9D290EC543ABBD0438A5A3CE7783.e.9798/click - {}
RESULT: {}
COMMAND: GET /session/e537112f6f31df0d8590d52383dd5938/screenshot - {}
RESULT: {}
COMMAND: POST /session/e537112f6f31df0d8590d52383dd5938/element - {"using":"xpath","value":"//span[@id=\"application-managepartners-display-component---masterPtm--smartTable-header-inner\"]"}
RESULT: {"using":"xpath","value":"//span[@id=\"application-managepartners-display-component---masterPtm--smartTable-header-inner\"]"}
COMMAND: POST /session/e537112f6f31df0d8590d52383dd5938/elements - {"using":"xpath","value":"//span[@id=\"application-managepartners-display-component---masterPtm--smartTable-header-inner\"]"}
RESULT: {"using":"xpath","value":"//span[@id=\"application-managepartners-display-component---masterPtm--smartTable-header-inner\"]"}
COMMAND: POST /session/e537112f6f31df0d8590d52383dd5938/execute/sync - {"script":"<script> [56 bytes]","args":[{"element-6066-11e4-a52e-4f735466cecf":"f.3D8655DB7C018FB3B3311B2BCD0F0E61.d.2D9A9D290EC543ABBD0438A5A3CE7783.e.9359","ELEMENT":"f.3D8655DB7C018FB3B3311B2BCD0F0E61.d.2D9A9D290EC543ABBD0438A5A3CE7783.e.9359"}]}
RESULT: {"script":"<script> [56 bytes]","args":[{"element-6066-11e4-a52e-4f735466cecf":"f.3D8655DB7C018FB3B3311B2BCD0F0E61.d.2D9A9D290EC543ABBD0438A5A3CE7783.e.9359","ELEMENT":"f.3D8655DB7C018FB3B3311B2BCD0F0E61.d.2D9A9D290EC543ABBD0438A5A3CE7783.e.9359"}]}
COMMAND: POST /session/e537112f6f31df0d8590d52383dd5938/element - {"using":"xpath","value":"//span[contains(@title, \"Remove\")]"}
COMMAND: GET /session/e537112f6f31df0d8590d52383dd5938/screenshot - {}
RESULT: {"using":"xpath","value":"//span[contains(@title, \"Remove\")]"}
COMMAND: POST /session/e537112f6f31df0d8590d52383dd5938/element/f.3D8655DB7C018FB3B3311B2BCD0F0E61.d.2D9A9D290EC543ABBD0438A5A3CE7783.e.9872/click - {}
RESULT: {}
RESULT: {}
COMMAND: GET /session/e537112f6f31df0d8590d52383dd5938/screenshot - {}
RESULT: undefined
COMMAND: POST /session/e537112f6f31df0d8590d52383dd5938/element - {"using":"xpath","value":"//*[@id=\"application-managepartners-display-component---masterPtm--partnerTypes-arrow\"]"}
RESULT: {}
RESULT: {"using":"xpath","value":"//*[@id=\"application-managepartners-display-component---masterPtm--partnerTypes-arrow\"]"}
COMMAND: POST /session/e537112f6f31df0d8590d52383dd5938/element/f.3D8655DB7C018FB3B3311B2BCD0F0E61.d.2D9A9D290EC543ABBD0438A5A3CE7783.e.9978/click - {}
RESULT: {}
COMMAND: GET /session/e537112f6f31df0d8590d52383dd5938/screenshot - {}
RESULT: {}
COMMAND: POST /session/e537112f6f31df0d8590d52383dd5938/element - {"using":"xpath","value":"(//li[.//span[contains(text(), \"External partner\")]])[1]"}
RESULT: {"using":"xpath","value":"(//li[.//span[contains(text(), \"External partner\")]])[1]"}
COMMAND: POST /session/e537112f6f31df0d8590d52383dd5938/element/f.3D8655DB7C018FB3B3311B2BCD0F0E61.d.2D9A9D290EC543ABBD0438A5A3CE7783.e.9982/click - {}
RESULT: {}
COMMAND: GET /session/e537112f6f31df0d8590d52383dd5938/screenshot - {}
RESULT: {}
COMMAND: POST /session/e537112f6f31df0d8590d52383dd5938/element - {"using":"xpath","value":"//span[@id=\"application-managepartners-display-component---masterPtm--smartTable-header-inner\"]"}
RESULT: {"using":"xpath","value":"//span[@id=\"application-managepartners-display-component---masterPtm--smartTable-header-inner\"]"}
COMMAND: POST /session/e537112f6f31df0d8590d52383dd5938/elements - {"using":"xpath","value":"//span[@id=\"application-managepartners-display-component---masterPtm--smartTable-header-inner\"]"}
RESULT: {"using":"xpath","value":"//span[@id=\"application-managepartners-display-component---masterPtm--smartTable-header-inner\"]"}
COMMAND: POST /session/e537112f6f31df0d8590d52383dd5938/execute/sync - {"script":"<script> [56 bytes]","args":[{"element-6066-11e4-a52e-4f735466cecf":"f.3D8655DB7C018FB3B3311B2BCD0F0E61.d.2D9A9D290EC543ABBD0438A5A3CE7783.e.9359","ELEMENT":"f.3D8655DB7C018FB3B3311B2BCD0F0E61.d.2D9A9D290EC543ABBD0438A5A3CE7783.e.9359"}]}
RESULT: {"script":"<script> [56 bytes]","args":[{"element-6066-11e4-a52e-4f735466cecf":"f.3D8655DB7C018FB3B3311B2BCD0F0E61.d.2D9A9D290EC543ABBD0438A5A3CE7783.e.9359","ELEMENT":"f.3D8655DB7C018FB3B3311B2BCD0F0E61.d.2D9A9D290EC543ABBD0438A5A3CE7783.e.9359"}]}
COMMAND: POST /session/e537112f6f31df0d8590d52383dd5938/element - {"using":"xpath","value":"//span[contains(@title, \"Remove\")]"}
COMMAND: GET /session/e537112f6f31df0d8590d52383dd5938/screenshot - {}
RESULT: {"using":"xpath","value":"//span[contains(@title, \"Remove\")]"}
COMMAND: POST /session/e537112f6f31df0d8590d52383dd5938/element/f.3D8655DB7C018FB3B3311B2BCD0F0E61.d.2D9A9D290EC543ABBD0438A5A3CE7783.e.10060/click - {}
RESULT: {}
RESULT: {}
COMMAND: GET /session/e537112f6f31df0d8590d52383dd5938/screenshot - {}
RESULT: {}
RESULT: undefined
COMMAND: POST /session/e537112f6f31df0d8590d52383dd5938/element - {"using":"xpath","value":"//*[@id=\"application-managepartners-display-component---masterPtm--currencies-arrow\"]"}
RESULT: {"using":"xpath","value":"//*[@id=\"application-managepartners-display-component---masterPtm--currencies-arrow\"]"}
COMMAND: POST /session/e537112f6f31df0d8590d52383dd5938/element/f.3D8655DB7C018FB3B3311B2BCD0F0E61.d.2D9A9D290EC543ABBD0438A5A3CE7783.e.10099/click - {}
RESULT: {}
COMMAND: GET /session/e537112f6f31df0d8590d52383dd5938/screenshot - {}
RESULT: {}
COMMAND: POST /session/e537112f6f31df0d8590d52383dd5938/element - {"using":"xpath","value":"(//li[.//span[contains(text(), \"US Dollar\")]])[1]"}
RESULT: {"using":"xpath","value":"(//li[.//span[contains(text(), \"US Dollar\")]])[1]"}
COMMAND: POST /session/e537112f6f31df0d8590d52383dd5938/element/f.3D8655DB7C018FB3B3311B2BCD0F0E61.d.2D9A9D290EC543ABBD0438A5A3CE7783.e.10102/click - {}
RESULT: {}
COMMAND: GET /session/e537112f6f31df0d8590d52383dd5938/screenshot - {}
RESULT: {}
COMMAND: POST /session/e537112f6f31df0d8590d52383dd5938/element - {"using":"xpath","value":"//span[@id=\"application-managepartners-display-component---masterPtm--smartTable-header-inner\"]"}
RESULT: {"using":"xpath","value":"//span[@id=\"application-managepartners-display-component---masterPtm--smartTable-header-inner\"]"}
COMMAND: POST /session/e537112f6f31df0d8590d52383dd5938/elements - {"using":"xpath","value":"//span[@id=\"application-managepartners-display-component---masterPtm--smartTable-header-inner\"]"}
RESULT: {"using":"xpath","value":"//span[@id=\"application-managepartners-display-component---masterPtm--smartTable-header-inner\"]"}
COMMAND: POST /session/e537112f6f31df0d8590d52383dd5938/execute/sync - {"script":"<script> [56 bytes]","args":[{"element-6066-11e4-a52e-4f735466cecf":"f.3D8655DB7C018FB3B3311B2BCD0F0E61.d.2D9A9D290EC543ABBD0438A5A3CE7783.e.9359","ELEMENT":"f.3D8655DB7C018FB3B3311B2BCD0F0E61.d.2D9A9D290EC543ABBD0438A5A3CE7783.e.9359"}]}
RESULT: {"script":"<script> [56 bytes]","args":[{"element-6066-11e4-a52e-4f735466cecf":"f.3D8655DB7C018FB3B3311B2BCD0F0E61.d.2D9A9D290EC543ABBD0438A5A3CE7783.e.9359","ELEMENT":"f.3D8655DB7C018FB3B3311B2BCD0F0E61.d.2D9A9D290EC543ABBD0438A5A3CE7783.e.9359"}]}
COMMAND: POST /session/e537112f6f31df0d8590d52383dd5938/element - {"using":"xpath","value":"//span[contains(@title, \"Remove\")]"}
COMMAND: GET /session/e537112f6f31df0d8590d52383dd5938/screenshot - {}
RESULT: {"using":"xpath","value":"//span[contains(@title, \"Remove\")]"}
COMMAND: POST /session/e537112f6f31df0d8590d52383dd5938/element/f.3D8655DB7C018FB3B3311B2BCD0F0E61.d.2D9A9D290EC543ABBD0438A5A3CE7783.e.10244/click - {}
RESULT: {}
RESULT: {}
COMMAND: GET /session/e537112f6f31df0d8590d52383dd5938/screenshot - {}
RESULT: undefined
COMMAND: POST /session/e537112f6f31df0d8590d52383dd5938/element - {"using":"xpath","value":"//*[@id=\"application-managepartners-display-component---masterPtm--languages-arrow\"]"}
RESULT: {}
RESULT: {"using":"xpath","value":"//*[@id=\"application-managepartners-display-component---masterPtm--languages-arrow\"]"}
COMMAND: POST /session/e537112f6f31df0d8590d52383dd5938/element/f.3D8655DB7C018FB3B3311B2BCD0F0E61.d.2D9A9D290EC543ABBD0438A5A3CE7783.e.10326/click - {}
RESULT: {}
COMMAND: GET /session/e537112f6f31df0d8590d52383dd5938/screenshot - {}
RESULT: {}
COMMAND: POST /session/e537112f6f31df0d8590d52383dd5938/element - {"using":"xpath","value":"(//li[.//span[contains(text(), \"German\")]])[1]"}
RESULT: {"using":"xpath","value":"(//li[.//span[contains(text(), \"German\")]])[1]"}
COMMAND: POST /session/e537112f6f31df0d8590d52383dd5938/element/f.3D8655DB7C018FB3B3311B2BCD0F0E61.d.2D9A9D290EC543ABBD0438A5A3CE7783.e.10372/click - {}
RESULT: {}
COMMAND: GET /session/e537112f6f31df0d8590d52383dd5938/screenshot - {}
RESULT: {}
COMMAND: POST /session/e537112f6f31df0d8590d52383dd5938/element - {"using":"xpath","value":"//span[@id=\"application-managepartners-display-component---masterPtm--smartTable-header-inner\"]"}
RESULT: {"using":"xpath","value":"//span[@id=\"application-managepartners-display-component---masterPtm--smartTable-header-inner\"]"}
COMMAND: POST /session/e537112f6f31df0d8590d52383dd5938/elements - {"using":"xpath","value":"//span[@id=\"application-managepartners-display-component---masterPtm--smartTable-header-inner\"]"}
RESULT: {"using":"xpath","value":"//span[@id=\"application-managepartners-display-component---masterPtm--smartTable-header-inner\"]"}
COMMAND: POST /session/e537112f6f31df0d8590d52383dd5938/execute/sync - {"script":"<script> [56 bytes]","args":[{"element-6066-11e4-a52e-4f735466cecf":"f.3D8655DB7C018FB3B3311B2BCD0F0E61.d.2D9A9D290EC543ABBD0438A5A3CE7783.e.9359","ELEMENT":"f.3D8655DB7C018FB3B3311B2BCD0F0E61.d.2D9A9D290EC543ABBD0438A5A3CE7783.e.9359"}]}
RESULT: {"script":"<script> [56 bytes]","args":[{"element-6066-11e4-a52e-4f735466cecf":"f.3D8655DB7C018FB3B3311B2BCD0F0E61.d.2D9A9D290EC543ABBD0438A5A3CE7783.e.9359","ELEMENT":"f.3D8655DB7C018FB3B3311B2BCD0F0E61.d.2D9A9D290EC543ABBD0438A5A3CE7783.e.9359"}]}
COMMAND: POST /session/e537112f6f31df0d8590d52383dd5938/element - {"using":"xpath","value":"//span[contains(@title, \"Remove\")]"}
COMMAND: GET /session/e537112f6f31df0d8590d52383dd5938/screenshot - {}
RESULT: {"using":"xpath","value":"//span[contains(@title, \"Remove\")]"}
COMMAND: POST /session/e537112f6f31df0d8590d52383dd5938/element/f.3D8655DB7C018FB3B3311B2BCD0F0E61.d.2D9A9D290EC543ABBD0438A5A3CE7783.e.10436/click - {}
RESULT: {}
RESULT: {}
COMMAND: GET /session/e537112f6f31df0d8590d52383dd5938/screenshot - {}
RESULT: {}
COMMAND: POST /session/e537112f6f31df0d8590d52383dd5938/execute/async - {"script":"<script> [1562 bytes]","args":[{"selector":{"controlType":"sap.ui.core.Icon","viewName":"etm.portal.ui.managepartners.view.Master","viewId":"application-managepartners-display-component---masterPtm","properties":{"src":{"regex":{"source":"slim\\-arrow\\-down"}}},"ancestor":{"controlType":"sap.m.MultiComboBox","viewName":"etm.portal.ui.managepartners.view.Master","viewId":"application-managepartners-display-component---masterPtm","labelFor":{"text":"Status"}}},"wdio_ui5_key":"etmportal.ui.managepartners.view.Mastersap.ui.core.Icon{\"src\":{\"regex\":{\"source\":\"slim\\\\-arrow\\\\-down\"}}}{\"controlType\":\"sap.m.MultiComboBox\",\"viewName\":\"etm.portal.ui.managepartners.view.Master\",\"viewId\":\"application-managepartners-display-component---masterPtm\",\"labelFor\":{\"text\":\"Status\"}}"}]}
RESULT: {"script":"<script> [1562 bytes]","args":[{"selector":{"controlType":"sap.ui.core.Icon","viewName":"etm.portal.ui.managepartners.view.Master","viewId":"application-managepartners-display-component---masterPtm","properties":{"src":{"regex":{"source":"slim\\-arrow\\-down"}}},"ancestor":{"controlType":"sap.m.MultiComboBox","viewName":"etm.portal.ui.managepartners.view.Master","viewId":"application-managepartners-display-component---masterPtm","labelFor":{"text":"Status"}}},"wdio_ui5_key":"etmportal.ui.managepartners.view.Mastersap.ui.core.Icon{\"src\":{\"regex\":{\"source\":\"slim\\\\-arrow\\\\-down\"}}}{\"controlType\":\"sap.m.MultiComboBox\",\"viewName\":\"etm.portal.ui.managepartners.view.Master\",\"viewId\":\"application-managepartners-display-component---masterPtm\",\"labelFor\":{\"text\":\"Status\"}}"}]}
RESULT: undefined
COMMAND: POST /session/e537112f6f31df0d8590d52383dd5938/element - {"using":"xpath","value":"//*[@id=\"__box88-arrow\"]"}
RESULT: {"using":"xpath","value":"//*[@id=\"__box88-arrow\"]"}
COMMAND: POST /session/e537112f6f31df0d8590d52383dd5938/element/f.3D8655DB7C018FB3B3311B2BCD0F0E61.d.2D9A9D290EC543ABBD0438A5A3CE7783.e.10584/click - {}
RESULT: {}
COMMAND: GET /session/e537112f6f31df0d8590d52383dd5938/screenshot - {}
RESULT: {}
COMMAND: POST /session/e537112f6f31df0d8590d52383dd5938/element - {"using":"xpath","value":"(//li[.//span[contains(text(), \"Inactive\")]])[1]"}
RESULT: {"using":"xpath","value":"(//li[.//span[contains(text(), \"Inactive\")]])[1]"}
COMMAND: POST /session/e537112f6f31df0d8590d52383dd5938/element/f.3D8655DB7C018FB3B3311B2BCD0F0E61.d.2D9A9D290EC543ABBD0438A5A3CE7783.e.10587/click - {}
RESULT: {}
COMMAND: GET /session/e537112f6f31df0d8590d52383dd5938/screenshot - {}
RESULT: {}
COMMAND: POST /session/e537112f6f31df0d8590d52383dd5938/element - {"using":"xpath","value":"//span[@id=\"application-managepartners-display-component---masterPtm--smartTable-header-inner\"]"}
RESULT: {"using":"xpath","value":"//span[@id=\"application-managepartners-display-component---masterPtm--smartTable-header-inner\"]"}
COMMAND: POST /session/e537112f6f31df0d8590d52383dd5938/elements - {"using":"xpath","value":"//span[@id=\"application-managepartners-display-component---masterPtm--smartTable-header-inner\"]"}
RESULT: {"using":"xpath","value":"//span[@id=\"application-managepartners-display-component---masterPtm--smartTable-header-inner\"]"}
COMMAND: POST /session/e537112f6f31df0d8590d52383dd5938/execute/sync - {"script":"<script> [56 bytes]","args":[{"element-6066-11e4-a52e-4f735466cecf":"f.3D8655DB7C018FB3B3311B2BCD0F0E61.d.2D9A9D290EC543ABBD0438A5A3CE7783.e.9359","ELEMENT":"f.3D8655DB7C018FB3B3311B2BCD0F0E61.d.2D9A9D290EC543ABBD0438A5A3CE7783.e.9359"}]}
RESULT: {"script":"<script> [56 bytes]","args":[{"element-6066-11e4-a52e-4f735466cecf":"f.3D8655DB7C018FB3B3311B2BCD0F0E61.d.2D9A9D290EC543ABBD0438A5A3CE7783.e.9359","ELEMENT":"f.3D8655DB7C018FB3B3311B2BCD0F0E61.d.2D9A9D290EC543ABBD0438A5A3CE7783.e.9359"}]}
COMMAND: POST /session/e537112f6f31df0d8590d52383dd5938/element - {"using":"xpath","value":"//span[contains(@title, \"Remove\")]"}
COMMAND: GET /session/e537112f6f31df0d8590d52383dd5938/screenshot - {}
RESULT: {"using":"xpath","value":"//span[contains(@title, \"Remove\")]"}
COMMAND: POST /session/e537112f6f31df0d8590d52383dd5938/element/f.3D8655DB7C018FB3B3311B2BCD0F0E61.d.2D9A9D290EC543ABBD0438A5A3CE7783.e.10593/click - {}
RESULT: {}
RESULT: {}
COMMAND: GET /session/e537112f6f31df0d8590d52383dd5938/screenshot - {}
RESULT: {}
COMMAND: POST /session/e537112f6f31df0d8590d52383dd5938/execute/async - {"script":"<script> [1562 bytes]","args":[{"selector":{"controlType":"sap.ui.core.Icon","viewName":"etm.portal.ui.managepartners.view.Master","viewId":"application-managepartners-display-component---masterPtm","properties":{"src":{"regex":{"source":"slim\\-arrow\\-down"}}},"ancestor":{"controlType":"sap.m.MultiComboBox","viewName":"etm.portal.ui.managepartners.view.Master","viewId":"application-managepartners-display-component---masterPtm","labelFor":{"text":"Joint Venture"}}},"wdio_ui5_key":"etmportal.ui.managepartners.view.Mastersap.ui.core.Icon{\"src\":{\"regex\":{\"source\":\"slim\\\\-arrow\\\\-down\"}}}{\"controlType\":\"sap.m.MultiComboBox\",\"viewName\":\"etm.portal.ui.managepartners.view.Master\",\"viewId\":\"application-managepartners-display-component---masterPtm\",\"labelFor\":{\"text\":\"Joint Venture\"}}"}]}
RESULT: {"script":"<script> [1562 bytes]","args":[{"selector":{"controlType":"sap.ui.core.Icon","viewName":"etm.portal.ui.managepartners.view.Master","viewId":"application-managepartners-display-component---masterPtm","properties":{"src":{"regex":{"source":"slim\\-arrow\\-down"}}},"ancestor":{"controlType":"sap.m.MultiComboBox","viewName":"etm.portal.ui.managepartners.view.Master","viewId":"application-managepartners-display-component---masterPtm","labelFor":{"text":"Joint Venture"}}},"wdio_ui5_key":"etmportal.ui.managepartners.view.Mastersap.ui.core.Icon{\"src\":{\"regex\":{\"source\":\"slim\\\\-arrow\\\\-down\"}}}{\"controlType\":\"sap.m.MultiComboBox\",\"viewName\":\"etm.portal.ui.managepartners.view.Master\",\"viewId\":\"application-managepartners-display-component---masterPtm\",\"labelFor\":{\"text\":\"Joint Venture\"}}"}]}
RESULT: undefined
COMMAND: POST /session/e537112f6f31df0d8590d52383dd5938/element - {"using":"xpath","value":"//*[@id=\"__box89-arrow\"]"}
RESULT: {"using":"xpath","value":"//*[@id=\"__box89-arrow\"]"}
COMMAND: POST /session/e537112f6f31df0d8590d52383dd5938/element/f.3D8655DB7C018FB3B3311B2BCD0F0E61.d.2D9A9D290EC543ABBD0438A5A3CE7783.e.10703/click - {}
RESULT: {}
COMMAND: GET /session/e537112f6f31df0d8590d52383dd5938/screenshot - {}
RESULT: {}
COMMAND: POST /session/e537112f6f31df0d8590d52383dd5938/element - {"using":"xpath","value":"(//li[.//span[contains(text(), \"Yes\")]])[1]"}
RESULT: {"using":"xpath","value":"(//li[.//span[contains(text(), \"Yes\")]])[1]"}
COMMAND: POST /session/e537112f6f31df0d8590d52383dd5938/element/f.3D8655DB7C018FB3B3311B2BCD0F0E61.d.2D9A9D290EC543ABBD0438A5A3CE7783.e.10706/click - {}
RESULT: {}
COMMAND: GET /session/e537112f6f31df0d8590d52383dd5938/screenshot - {}
RESULT: {}
COMMAND: POST /session/e537112f6f31df0d8590d52383dd5938/element - {"using":"xpath","value":"//span[@id=\"application-managepartners-display-component---masterPtm--smartTable-header-inner\"]"}
RESULT: {"using":"xpath","value":"//span[@id=\"application-managepartners-display-component---masterPtm--smartTable-header-inner\"]"}
COMMAND: POST /session/e537112f6f31df0d8590d52383dd5938/elements - {"using":"xpath","value":"//span[@id=\"application-managepartners-display-component---masterPtm--smartTable-header-inner\"]"}
RESULT: {"using":"xpath","value":"//span[@id=\"application-managepartners-display-component---masterPtm--smartTable-header-inner\"]"}
COMMAND: POST /session/e537112f6f31df0d8590d52383dd5938/execute/sync - {"script":"<script> [56 bytes]","args":[{"element-6066-11e4-a52e-4f735466cecf":"f.3D8655DB7C018FB3B3311B2BCD0F0E61.d.2D9A9D290EC543ABBD0438A5A3CE7783.e.9359","ELEMENT":"f.3D8655DB7C018FB3B3311B2BCD0F0E61.d.2D9A9D290EC543ABBD0438A5A3CE7783.e.9359"}]}
RESULT: {"script":"<script> [56 bytes]","args":[{"element-6066-11e4-a52e-4f735466cecf":"f.3D8655DB7C018FB3B3311B2BCD0F0E61.d.2D9A9D290EC543ABBD0438A5A3CE7783.e.9359","ELEMENT":"f.3D8655DB7C018FB3B3311B2BCD0F0E61.d.2D9A9D290EC543ABBD0438A5A3CE7783.e.9359"}]}
COMMAND: POST /session/e537112f6f31df0d8590d52383dd5938/element - {"using":"xpath","value":"//span[contains(@title, \"Remove\")]"}
COMMAND: GET /session/e537112f6f31df0d8590d52383dd5938/screenshot - {}
RESULT: {"using":"xpath","value":"//span[contains(@title, \"Remove\")]"}
COMMAND: POST /session/e537112f6f31df0d8590d52383dd5938/element/f.3D8655DB7C018FB3B3311B2BCD0F0E61.d.2D9A9D290EC543ABBD0438A5A3CE7783.e.10718/click - {}
RESULT: {}
RESULT: {}
COMMAND: GET /session/e537112f6f31df0d8590d52383dd5938/screenshot - {}
RESULT: {}
RESULT: undefined
COMMAND: POST /session/e537112f6f31df0d8590d52383dd5938/element - {"using":"xpath","value":"//*[@id=\"application-managepartners-display-component---masterPtm--smartFilterBar-filterItemControl_BASIC-ALL_TAGS-vhi\"]"}
RESULT: {"using":"xpath","value":"//*[@id=\"application-managepartners-display-component---masterPtm--smartFilterBar-filterItemControl_BASIC-ALL_TAGS-vhi\"]"}
COMMAND: POST /session/e537112f6f31df0d8590d52383dd5938/element/f.3D8655DB7C018FB3B3311B2BCD0F0E61.d.2D9A9D290EC543ABBD0438A5A3CE7783.e.10824/click - {}
RESULT: {}
COMMAND: GET /session/e537112f6f31df0d8590d52383dd5938/screenshot - {}
RESULT: {}
RESULT: undefined
COMMAND: POST /session/e537112f6f31df0d8590d52383dd5938/execute/async - {"script":"<script> [776 bytes]","args":[{"enterText":"test-tag-1","selector":{"id":"application-managepartners-display-component---masterPtm--smartFilterBar-filterItemControl_BASIC-ALL_TAGS-valueHelpDialog-smartFilterBar-btnBasicSearch","searchOpenDialogs":true,"interaction":{"idSuffix":"I"}},"clearTextFirst":true,"interactionType":"ENTER_TEXT"}]}
RESULT: {"script":"<script> [776 bytes]","args":[{"enterText":"test-tag-1","selector":{"id":"application-managepartners-display-component---masterPtm--smartFilterBar-filterItemControl_BASIC-ALL_TAGS-valueHelpDialog-smartFilterBar-btnBasicSearch","searchOpenDialogs":true,"interaction":{"idSuffix":"I"}},"clearTextFirst":true,"interactionType":"ENTER_TEXT"}]}
COMMAND: POST /session/e537112f6f31df0d8590d52383dd5938/actions - {"actions":[{"id":"action32","type":"key","parameters":{},"actions":[{"type":"keyDown","value":""},{"type":"pause","duration":10},{"type":"keyUp","value":""}]}]}
RESULT: {"actions":[{"id":"action32","type":"key","parameters":{},"actions":[{"type":"keyDown","value":""},{"type":"pause","duration":10},{"type":"keyUp","value":""}]}]}
COMMAND: GET /session/e537112f6f31df0d8590d52383dd5938/screenshot - {}
RESULT: {}
COMMAND: POST /session/e537112f6f31df0d8590d52383dd5938/elements - {"using":"xpath","value":"//table[contains(@id, \"smartFilterBar-filterItemControl_BASIC-ALL_TAGS-valueHelpDialog-table-table\")]/tbody/tr"}
RESULT: {"using":"xpath","value":"//table[contains(@id, \"smartFilterBar-filterItemControl_BASIC-ALL_TAGS-valueHelpDialog-table-table\")]/tbody/tr"}
COMMAND: POST /session/e537112f6f31df0d8590d52383dd5938/element - {"using":"xpath","value":"//table[contains(@id, \"smartFilterBar-filterItemControl_BASIC-ALL_TAGS-valueHelpDialog-table-table\")]/tbody/tr[1]/td[1]/div/span"}
RESULT: {"using":"xpath","value":"//table[contains(@id, \"smartFilterBar-filterItemControl_BASIC-ALL_TAGS-valueHelpDialog-table-table\")]/tbody/tr[1]/td[1]/div/span"}
COMMAND: POST /session/e537112f6f31df0d8590d52383dd5938/elements - {"using":"xpath","value":"//table[contains(@id, \"smartFilterBar-filterItemControl_BASIC-ALL_TAGS-valueHelpDialog-table-table\")]/tbody/tr[1]/td[1]/div/span"}
RESULT: {"using":"xpath","value":"//table[contains(@id, \"smartFilterBar-filterItemControl_BASIC-ALL_TAGS-valueHelpDialog-table-table\")]/tbody/tr[1]/td[1]/div/span"}
COMMAND: POST /session/e537112f6f31df0d8590d52383dd5938/execute/sync - {"script":"<script> [56 bytes]","args":[{"element-6066-11e4-a52e-4f735466cecf":"f.3D8655DB7C018FB3B3311B2BCD0F0E61.d.2D9A9D290EC543ABBD0438A5A3CE7783.e.10841","ELEMENT":"f.3D8655DB7C018FB3B3311B2BCD0F0E61.d.2D9A9D290EC543ABBD0438A5A3CE7783.e.10841"}]}
RESULT: {"script":"<script> [56 bytes]","args":[{"element-6066-11e4-a52e-4f735466cecf":"f.3D8655DB7C018FB3B3311B2BCD0F0E61.d.2D9A9D290EC543ABBD0438A5A3CE7783.e.10841","ELEMENT":"f.3D8655DB7C018FB3B3311B2BCD0F0E61.d.2D9A9D290EC543ABBD0438A5A3CE7783.e.10841"}]}
COMMAND: POST /session/e537112f6f31df0d8590d52383dd5938/element - {"using":"xpath","value":"//div[contains(@id, \"filterItemControl_BASIC-ALL_TAGS-valueHelpDialog-table-rowsel0\")]"}
COMMAND: GET /session/e537112f6f31df0d8590d52383dd5938/screenshot - {}
RESULT: {"using":"xpath","value":"//div[contains(@id, \"filterItemControl_BASIC-ALL_TAGS-valueHelpDialog-table-rowsel0\")]"}
COMMAND: POST /session/e537112f6f31df0d8590d52383dd5938/element/f.3D8655DB7C018FB3B3311B2BCD0F0E61.d.2D9A9D290EC543ABBD0438A5A3CE7783.e.10842/click - {}
RESULT: {}
RESULT: {}
COMMAND: GET /session/e537112f6f31df0d8590d52383dd5938/screenshot - {}
RESULT: {}
COMMAND: POST /session/e537112f6f31df0d8590d52383dd5938/element - {"using":"xpath","value":"(//bdi[contains(text(), \"OK\")])[1]"}
RESULT: {"using":"xpath","value":"(//bdi[contains(text(), \"OK\")])[1]"}
COMMAND: POST /session/e537112f6f31df0d8590d52383dd5938/element/f.3D8655DB7C018FB3B3311B2BCD0F0E61.d.2D9A9D290EC543ABBD0438A5A3CE7783.e.10844/click - {}
RESULT: {}
COMMAND: GET /session/e537112f6f31df0d8590d52383dd5938/screenshot - {}
RESULT: {}
COMMAND: POST /session/e537112f6f31df0d8590d52383dd5938/element - {"using":"xpath","value":"//span[@id=\"application-managepartners-display-component---masterPtm--smartTable-header-inner\"]"}
RESULT: {"using":"xpath","value":"//span[@id=\"application-managepartners-display-component---masterPtm--smartTable-header-inner\"]"}
COMMAND: POST /session/e537112f6f31df0d8590d52383dd5938/elements - {"using":"xpath","value":"//span[@id=\"application-managepartners-display-component---masterPtm--smartTable-header-inner\"]"}
RESULT: {"using":"xpath","value":"//span[@id=\"application-managepartners-display-component---masterPtm--smartTable-header-inner\"]"}
COMMAND: POST /session/e537112f6f31df0d8590d52383dd5938/execute/sync - {"script":"<script> [56 bytes]","args":[{"element-6066-11e4-a52e-4f735466cecf":"f.3D8655DB7C018FB3B3311B2BCD0F0E61.d.2D9A9D290EC543ABBD0438A5A3CE7783.e.9359","ELEMENT":"f.3D8655DB7C018FB3B3311B2BCD0F0E61.d.2D9A9D290EC543ABBD0438A5A3CE7783.e.9359"}]}
RESULT: {"script":"<script> [56 bytes]","args":[{"element-6066-11e4-a52e-4f735466cecf":"f.3D8655DB7C018FB3B3311B2BCD0F0E61.d.2D9A9D290EC543ABBD0438A5A3CE7783.e.9359","ELEMENT":"f.3D8655DB7C018FB3B3311B2BCD0F0E61.d.2D9A9D290EC543ABBD0438A5A3CE7783.e.9359"}]}
COMMAND: POST /session/e537112f6f31df0d8590d52383dd5938/element - {"using":"xpath","value":"//span[contains(@title, \"Remove\")]"}
COMMAND: GET /session/e537112f6f31df0d8590d52383dd5938/screenshot - {}
RESULT: {"using":"xpath","value":"//span[contains(@title, \"Remove\")]"}
COMMAND: POST /session/e537112f6f31df0d8590d52383dd5938/element/f.3D8655DB7C018FB3B3311B2BCD0F0E61.d.2D9A9D290EC543ABBD0438A5A3CE7783.e.10866/click - {}
RESULT: {}
RESULT: {}
COMMAND: GET /session/e537112f6f31df0d8590d52383dd5938/screenshot - {}
COMMAND: POST /session/e537112f6f31df0d8590d52383dd5938/execute/async - {"script":"<script> [1562 bytes]","args":[{"selector":{"id":"application-managepartners-display-component---masterPtm--smartFilterBar-btnShowHide","interaction":{"idSuffix":"BDI-content"}},"wdio_ui5_key":"applicationmanagepartners-display-component---masterPtm--smartFilterBar-btnShowHide"}]}
RESULT: {}
RESULT: {"script":"<script> [1562 bytes]","args":[{"selector":{"id":"application-managepartners-display-component---masterPtm--smartFilterBar-btnShowHide","interaction":{"idSuffix":"BDI-content"}},"wdio_ui5_key":"applicationmanagepartners-display-component---masterPtm--smartFilterBar-btnShowHide"}]}
RESULT: undefined
COMMAND: POST /session/e537112f6f31df0d8590d52383dd5938/element - {"using":"xpath","value":"//*[@id=\"application-managepartners-display-component---masterPtm--smartFilterBar-btnShowHide\"]"}
RESULT: {"using":"xpath","value":"//*[@id=\"application-managepartners-display-component---masterPtm--smartFilterBar-btnShowHide\"]"}
COMMAND: POST /session/e537112f6f31df0d8590d52383dd5938/element/f.3D8655DB7C018FB3B3311B2BCD0F0E61.d.2D9A9D290EC543ABBD0438A5A3CE7783.e.9188/click - {}
RESULT: {}
COMMAND: GET /session/e537112f6f31df0d8590d52383dd5938/screenshot - {}
RESULT: {}
COMMAND: POST /session/e537112f6f31df0d8590d52383dd5938/element - {"using":"xpath","value":"//span[contains(@id,\"smartFilterBar-filterItemControl_BASIC-ALL_TAGS-vhi\")]"}
RESULT: {"using":"xpath","value":"//span[contains(@id,\"smartFilterBar-filterItemControl_BASIC-ALL_TAGS-vhi\")]"}
COMMAND: POST /session/e537112f6f31df0d8590d52383dd5938/elements - {"using":"xpath","value":"//span[contains(@id,\"smartFilterBar-filterItemControl_BASIC-ALL_TAGS-vhi\")]"}
RESULT: {"using":"xpath","value":"//span[contains(@id,\"smartFilterBar-filterItemControl_BASIC-ALL_TAGS-vhi\")]"}
RESULT: undefined
COMMAND: POST /session/e537112f6f31df0d8590d52383dd5938/element - {"using":"xpath","value":"//*[@id=\"application-managepartners-display-component---masterPtm--smartFilterBar-btnShowHide\"]"}
RESULT: {"using":"xpath","value":"//*[@id=\"application-managepartners-display-component---masterPtm--smartFilterBar-btnShowHide\"]"}
COMMAND: POST /session/e537112f6f31df0d8590d52383dd5938/element/f.3D8655DB7C018FB3B3311B2BCD0F0E61.d.2D9A9D290EC543ABBD0438A5A3CE7783.e.9188/click - {}
RESULT: {}
COMMAND: GET /session/e537112f6f31df0d8590d52383dd5938/screenshot - {}
RESULT: {}
COMMAND: POST /session/e537112f6f31df0d8590d52383dd5938/element - {"using":"xpath","value":"//span[contains(@id,\"smartFilterBar-filterItemControl_BASIC-ALL_TAGS-vhi\")]"}
RESULT: {"using":"xpath","value":"//span[contains(@id,\"smartFilterBar-filterItemControl_BASIC-ALL_TAGS-vhi\")]"}
COMMAND: POST /session/e537112f6f31df0d8590d52383dd5938/elements - {"using":"xpath","value":"//span[contains(@id,\"smartFilterBar-filterItemControl_BASIC-ALL_TAGS-vhi\")]"}
RESULT: {"using":"xpath","value":"//span[contains(@id,\"smartFilterBar-filterItemControl_BASIC-ALL_TAGS-vhi\")]"}
RESULT: undefined
COMMAND: POST /session/e537112f6f31df0d8590d52383dd5938/element - {"using":"xpath","value":"//*[@id=\"application-managepartners-display-component---masterPtm--smartFilterBar-btnFilters\"]"}
RESULT: {"using":"xpath","value":"//*[@id=\"application-managepartners-display-component---masterPtm--smartFilterBar-btnFilters\"]"}
COMMAND: POST /session/e537112f6f31df0d8590d52383dd5938/element/f.3D8655DB7C018FB3B3311B2BCD0F0E61.d.2D9A9D290EC543ABBD0438A5A3CE7783.e.9190/click - {}
RESULT: {}
COMMAND: GET /session/e537112f6f31df0d8590d52383dd5938/screenshot - {}
RESULT: {}
COMMAND: POST /session/e537112f6f31df0d8590d52383dd5938/elements - {"using":"xpath","value":"//table[contains(@id, \"listView-innerSelectionPanelTable-listUl\")]/tbody/tr"}
RESULT: {"using":"xpath","value":"//table[contains(@id, \"listView-innerSelectionPanelTable-listUl\")]/tbody/tr"}
COMMAND: POST /session/e537112f6f31df0d8590d52383dd5938/element - {"using":"xpath","value":"//table[contains(@id, \"listView-innerSelectionPanelTable-listUl\")]/tbody/tr[2]/td[2]/div/div"}
RESULT: {"using":"xpath","value":"//table[contains(@id, \"listView-innerSelectionPanelTable-listUl\")]/tbody/tr[2]/td[2]/div/div"}
COMMAND: POST /session/e537112f6f31df0d8590d52383dd5938/element - {"using":"xpath","value":"//table[contains(@id, \"listView-innerSelectionPanelTable-listUl\")]/tbody/tr[2]/td[2]/div"}
RESULT: {"using":"xpath","value":"//table[contains(@id, \"listView-innerSelectionPanelTable-listUl\")]/tbody/tr[2]/td[2]/div"}
COMMAND: POST /session/e537112f6f31df0d8590d52383dd5938/element - {"using":"xpath","value":"//table[contains(@id, \"listView-innerSelectionPanelTable-listUl\")]/tbody/tr[2]/td[3]/div/div/span/span[1]/bdi"}
RESULT: {"using":"xpath","value":"//table[contains(@id, \"listView-innerSelectionPanelTable-listUl\")]/tbody/tr[2]/td[3]/div/div/span/span[1]/bdi"}
COMMAND: POST /session/e537112f6f31df0d8590d52383dd5938/execute/sync - {"script":"<script> [56 bytes]","args":[{"element-6066-11e4-a52e-4f735466cecf":"f.3D8655DB7C018FB3B3311B2BCD0F0E61.d.2D9A9D290EC543ABBD0438A5A3CE7783.e.11174","ELEMENT":"f.3D8655DB7C018FB3B3311B2BCD0F0E61.d.2D9A9D290EC543ABBD0438A5A3CE7783.e.11174"}]}
RESULT: {"script":"<script> [56 bytes]","args":[{"element-6066-11e4-a52e-4f735466cecf":"f.3D8655DB7C018FB3B3311B2BCD0F0E61.d.2D9A9D290EC543ABBD0438A5A3CE7783.e.11174","ELEMENT":"f.3D8655DB7C018FB3B3311B2BCD0F0E61.d.2D9A9D290EC543ABBD0438A5A3CE7783.e.11174"}]}
COMMAND: GET /session/e537112f6f31df0d8590d52383dd5938/element/f.3D8655DB7C018FB3B3311B2BCD0F0E61.d.2D9A9D290EC543ABBD0438A5A3CE7783.e.11173/attribute/aria-checked - {}
COMMAND: GET /session/e537112f6f31df0d8590d52383dd5938/screenshot - {}
RESULT: {}
COMMAND: POST /session/e537112f6f31df0d8590d52383dd5938/element - {"using":"xpath","value":"//table[contains(@id, \"listView-innerSelectionPanelTable-listUl\")]/tbody/tr[3]/td[2]/div/div"}
RESULT: {}
RESULT: {"using":"xpath","value":"//table[contains(@id, \"listView-innerSelectionPanelTable-listUl\")]/tbody/tr[3]/td[2]/div/div"}
COMMAND: POST /session/e537112f6f31df0d8590d52383dd5938/element - {"using":"xpath","value":"//table[contains(@id, \"listView-innerSelectionPanelTable-listUl\")]/tbody/tr[3]/td[2]/div"}
RESULT: {"using":"xpath","value":"//table[contains(@id, \"listView-innerSelectionPanelTable-listUl\")]/tbody/tr[3]/td[2]/div"}
COMMAND: POST /session/e537112f6f31df0d8590d52383dd5938/element - {"using":"xpath","value":"//table[contains(@id, \"listView-innerSelectionPanelTable-listUl\")]/tbody/tr[3]/td[3]/div/div/span/span[1]/bdi"}
RESULT: {"using":"xpath","value":"//table[contains(@id, \"listView-innerSelectionPanelTable-listUl\")]/tbody/tr[3]/td[3]/div/div/span/span[1]/bdi"}
COMMAND: POST /session/e537112f6f31df0d8590d52383dd5938/execute/sync - {"script":"<script> [56 bytes]","args":[{"element-6066-11e4-a52e-4f735466cecf":"f.3D8655DB7C018FB3B3311B2BCD0F0E61.d.2D9A9D290EC543ABBD0438A5A3CE7783.e.11177","ELEMENT":"f.3D8655DB7C018FB3B3311B2BCD0F0E61.d.2D9A9D290EC543ABBD0438A5A3CE7783.e.11177"}]}
RESULT: {"script":"<script> [56 bytes]","args":[{"element-6066-11e4-a52e-4f735466cecf":"f.3D8655DB7C018FB3B3311B2BCD0F0E61.d.2D9A9D290EC543ABBD0438A5A3CE7783.e.11177","ELEMENT":"f.3D8655DB7C018FB3B3311B2BCD0F0E61.d.2D9A9D290EC543ABBD0438A5A3CE7783.e.11177"}]}
COMMAND: GET /session/e537112f6f31df0d8590d52383dd5938/element/f.3D8655DB7C018FB3B3311B2BCD0F0E61.d.2D9A9D290EC543ABBD0438A5A3CE7783.e.11176/attribute/aria-checked - {}
COMMAND: GET /session/e537112f6f31df0d8590d52383dd5938/screenshot - {}
RESULT: {}
COMMAND: POST /session/e537112f6f31df0d8590d52383dd5938/element - {"using":"xpath","value":"//table[contains(@id, \"listView-innerSelectionPanelTable-listUl\")]/tbody/tr[4]/td[2]/div/div"}
RESULT: {}
RESULT: {"using":"xpath","value":"//table[contains(@id, \"listView-innerSelectionPanelTable-listUl\")]/tbody/tr[4]/td[2]/div/div"}
COMMAND: POST /session/e537112f6f31df0d8590d52383dd5938/element - {"using":"xpath","value":"//table[contains(@id, \"listView-innerSelectionPanelTable-listUl\")]/tbody/tr[4]/td[2]/div"}
RESULT: {"using":"xpath","value":"//table[contains(@id, \"listView-innerSelectionPanelTable-listUl\")]/tbody/tr[4]/td[2]/div"}
COMMAND: POST /session/e537112f6f31df0d8590d52383dd5938/element - {"using":"xpath","value":"//table[contains(@id, \"listView-innerSelectionPanelTable-listUl\")]/tbody/tr[4]/td[3]/div/div/span/span[1]/bdi"}
RESULT: {"using":"xpath","value":"//table[contains(@id, \"listView-innerSelectionPanelTable-listUl\")]/tbody/tr[4]/td[3]/div/div/span/span[1]/bdi"}
COMMAND: POST /session/e537112f6f31df0d8590d52383dd5938/execute/sync - {"script":"<script> [56 bytes]","args":[{"element-6066-11e4-a52e-4f735466cecf":"f.3D8655DB7C018FB3B3311B2BCD0F0E61.d.2D9A9D290EC543ABBD0438A5A3CE7783.e.11180","ELEMENT":"f.3D8655DB7C018FB3B3311B2BCD0F0E61.d.2D9A9D290EC543ABBD0438A5A3CE7783.e.11180"}]}
RESULT: {"script":"<script> [56 bytes]","args":[{"element-6066-11e4-a52e-4f735466cecf":"f.3D8655DB7C018FB3B3311B2BCD0F0E61.d.2D9A9D290EC543ABBD0438A5A3CE7783.e.11180","ELEMENT":"f.3D8655DB7C018FB3B3311B2BCD0F0E61.d.2D9A9D290EC543ABBD0438A5A3CE7783.e.11180"}]}
COMMAND: GET /session/e537112f6f31df0d8590d52383dd5938/element/f.3D8655DB7C018FB3B3311B2BCD0F0E61.d.2D9A9D290EC543ABBD0438A5A3CE7783.e.11179/attribute/aria-checked - {}
COMMAND: GET /session/e537112f6f31df0d8590d52383dd5938/screenshot - {}
RESULT: {}
COMMAND: POST /session/e537112f6f31df0d8590d52383dd5938/element - {"using":"xpath","value":"//table[contains(@id, \"listView-innerSelectionPanelTable-listUl\")]/tbody/tr[5]/td[2]/div/div"}
RESULT: {}
RESULT: {"using":"xpath","value":"//table[contains(@id, \"listView-innerSelectionPanelTable-listUl\")]/tbody/tr[5]/td[2]/div/div"}
COMMAND: POST /session/e537112f6f31df0d8590d52383dd5938/element - {"using":"xpath","value":"//table[contains(@id, \"listView-innerSelectionPanelTable-listUl\")]/tbody/tr[5]/td[2]/div"}
RESULT: {"using":"xpath","value":"//table[contains(@id, \"listView-innerSelectionPanelTable-listUl\")]/tbody/tr[5]/td[2]/div"}
COMMAND: POST /session/e537112f6f31df0d8590d52383dd5938/element - {"using":"xpath","value":"//table[contains(@id, \"listView-innerSelectionPanelTable-listUl\")]/tbody/tr[5]/td[3]/div/div/span/span[1]/bdi"}
RESULT: {"using":"xpath","value":"//table[contains(@id, \"listView-innerSelectionPanelTable-listUl\")]/tbody/tr[5]/td[3]/div/div/span/span[1]/bdi"}
COMMAND: POST /session/e537112f6f31df0d8590d52383dd5938/execute/sync - {"script":"<script> [56 bytes]","args":[{"element-6066-11e4-a52e-4f735466cecf":"f.3D8655DB7C018FB3B3311B2BCD0F0E61.d.2D9A9D290EC543ABBD0438A5A3CE7783.e.11183","ELEMENT":"f.3D8655DB7C018FB3B3311B2BCD0F0E61.d.2D9A9D290EC543ABBD0438A5A3CE7783.e.11183"}]}
RESULT: {"script":"<script> [56 bytes]","args":[{"element-6066-11e4-a52e-4f735466cecf":"f.3D8655DB7C018FB3B3311B2BCD0F0E61.d.2D9A9D290EC543ABBD0438A5A3CE7783.e.11183","ELEMENT":"f.3D8655DB7C018FB3B3311B2BCD0F0E61.d.2D9A9D290EC543ABBD0438A5A3CE7783.e.11183"}]}
COMMAND: GET /session/e537112f6f31df0d8590d52383dd5938/element/f.3D8655DB7C018FB3B3311B2BCD0F0E61.d.2D9A9D290EC543ABBD0438A5A3CE7783.e.11182/attribute/aria-checked - {}
COMMAND: GET /session/e537112f6f31df0d8590d52383dd5938/screenshot - {}
RESULT: {}
COMMAND: POST /session/e537112f6f31df0d8590d52383dd5938/element - {"using":"xpath","value":"//table[contains(@id, \"listView-innerSelectionPanelTable-listUl\")]/tbody/tr[6]/td[2]/div/div"}
RESULT: {}
RESULT: {"using":"xpath","value":"//table[contains(@id, \"listView-innerSelectionPanelTable-listUl\")]/tbody/tr[6]/td[2]/div/div"}
COMMAND: POST /session/e537112f6f31df0d8590d52383dd5938/element - {"using":"xpath","value":"//table[contains(@id, \"listView-innerSelectionPanelTable-listUl\")]/tbody/tr[6]/td[2]/div"}
RESULT: {"using":"xpath","value":"//table[contains(@id, \"listView-innerSelectionPanelTable-listUl\")]/tbody/tr[6]/td[2]/div"}
COMMAND: POST /session/e537112f6f31df0d8590d52383dd5938/element - {"using":"xpath","value":"//table[contains(@id, \"listView-innerSelectionPanelTable-listUl\")]/tbody/tr[6]/td[3]/div/div/span/span[1]/bdi"}
RESULT: {"using":"xpath","value":"//table[contains(@id, \"listView-innerSelectionPanelTable-listUl\")]/tbody/tr[6]/td[3]/div/div/span/span[1]/bdi"}
COMMAND: POST /session/e537112f6f31df0d8590d52383dd5938/execute/sync - {"script":"<script> [56 bytes]","args":[{"element-6066-11e4-a52e-4f735466cecf":"f.3D8655DB7C018FB3B3311B2BCD0F0E61.d.2D9A9D290EC543ABBD0438A5A3CE7783.e.11186","ELEMENT":"f.3D8655DB7C018FB3B3311B2BCD0F0E61.d.2D9A9D290EC543ABBD0438A5A3CE7783.e.11186"}]}
RESULT: {"script":"<script> [56 bytes]","args":[{"element-6066-11e4-a52e-4f735466cecf":"f.3D8655DB7C018FB3B3311B2BCD0F0E61.d.2D9A9D290EC543ABBD0438A5A3CE7783.e.11186","ELEMENT":"f.3D8655DB7C018FB3B3311B2BCD0F0E61.d.2D9A9D290EC543ABBD0438A5A3CE7783.e.11186"}]}
COMMAND: GET /session/e537112f6f31df0d8590d52383dd5938/element/f.3D8655DB7C018FB3B3311B2BCD0F0E61.d.2D9A9D290EC543ABBD0438A5A3CE7783.e.11185/attribute/aria-checked - {}
COMMAND: GET /session/e537112f6f31df0d8590d52383dd5938/screenshot - {}
RESULT: {}
COMMAND: POST /session/e537112f6f31df0d8590d52383dd5938/element - {"using":"xpath","value":"//table[contains(@id, \"listView-innerSelectionPanelTable-listUl\")]/tbody/tr[7]/td[2]/div/div"}
RESULT: {}
RESULT: {"using":"xpath","value":"//table[contains(@id, \"listView-innerSelectionPanelTable-listUl\")]/tbody/tr[7]/td[2]/div/div"}
COMMAND: POST /session/e537112f6f31df0d8590d52383dd5938/element - {"using":"xpath","value":"//table[contains(@id, \"listView-innerSelectionPanelTable-listUl\")]/tbody/tr[7]/td[2]/div"}
RESULT: {"using":"xpath","value":"//table[contains(@id, \"listView-innerSelectionPanelTable-listUl\")]/tbody/tr[7]/td[2]/div"}
COMMAND: POST /session/e537112f6f31df0d8590d52383dd5938/element - {"using":"xpath","value":"//table[contains(@id, \"listView-innerSelectionPanelTable-listUl\")]/tbody/tr[7]/td[3]/div/div/span/span[1]/bdi"}
RESULT: {"using":"xpath","value":"//table[contains(@id, \"listView-innerSelectionPanelTable-listUl\")]/tbody/tr[7]/td[3]/div/div/span/span[1]/bdi"}
COMMAND: POST /session/e537112f6f31df0d8590d52383dd5938/execute/sync - {"script":"<script> [56 bytes]","args":[{"element-6066-11e4-a52e-4f735466cecf":"f.3D8655DB7C018FB3B3311B2BCD0F0E61.d.2D9A9D290EC543ABBD0438A5A3CE7783.e.11189","ELEMENT":"f.3D8655DB7C018FB3B3311B2BCD0F0E61.d.2D9A9D290EC543ABBD0438A5A3CE7783.e.11189"}]}
RESULT: {"script":"<script> [56 bytes]","args":[{"element-6066-11e4-a52e-4f735466cecf":"f.3D8655DB7C018FB3B3311B2BCD0F0E61.d.2D9A9D290EC543ABBD0438A5A3CE7783.e.11189","ELEMENT":"f.3D8655DB7C018FB3B3311B2BCD0F0E61.d.2D9A9D290EC543ABBD0438A5A3CE7783.e.11189"}]}
COMMAND: GET /session/e537112f6f31df0d8590d52383dd5938/element/f.3D8655DB7C018FB3B3311B2BCD0F0E61.d.2D9A9D290EC543ABBD0438A5A3CE7783.e.11188/attribute/aria-checked - {}
COMMAND: GET /session/e537112f6f31df0d8590d52383dd5938/screenshot - {}
RESULT: {}
COMMAND: POST /session/e537112f6f31df0d8590d52383dd5938/element - {"using":"xpath","value":"//table[contains(@id, \"listView-innerSelectionPanelTable-listUl\")]/tbody/tr[8]/td[2]/div/div"}
RESULT: {}
RESULT: {"using":"xpath","value":"//table[contains(@id, \"listView-innerSelectionPanelTable-listUl\")]/tbody/tr[8]/td[2]/div/div"}
COMMAND: POST /session/e537112f6f31df0d8590d52383dd5938/element - {"using":"xpath","value":"//table[contains(@id, \"listView-innerSelectionPanelTable-listUl\")]/tbody/tr[8]/td[2]/div"}
RESULT: {"using":"xpath","value":"//table[contains(@id, \"listView-innerSelectionPanelTable-listUl\")]/tbody/tr[8]/td[2]/div"}
COMMAND: POST /session/e537112f6f31df0d8590d52383dd5938/element - {"using":"xpath","value":"//table[contains(@id, \"listView-innerSelectionPanelTable-listUl\")]/tbody/tr[8]/td[3]/div/div/span/span[1]/bdi"}
RESULT: {"using":"xpath","value":"//table[contains(@id, \"listView-innerSelectionPanelTable-listUl\")]/tbody/tr[8]/td[3]/div/div/span/span[1]/bdi"}
COMMAND: POST /session/e537112f6f31df0d8590d52383dd5938/execute/sync - {"script":"<script> [56 bytes]","args":[{"element-6066-11e4-a52e-4f735466cecf":"f.3D8655DB7C018FB3B3311B2BCD0F0E61.d.2D9A9D290EC543ABBD0438A5A3CE7783.e.11192","ELEMENT":"f.3D8655DB7C018FB3B3311B2BCD0F0E61.d.2D9A9D290EC543ABBD0438A5A3CE7783.e.11192"}]}
RESULT: {"script":"<script> [56 bytes]","args":[{"element-6066-11e4-a52e-4f735466cecf":"f.3D8655DB7C018FB3B3311B2BCD0F0E61.d.2D9A9D290EC543ABBD0438A5A3CE7783.e.11192","ELEMENT":"f.3D8655DB7C018FB3B3311B2BCD0F0E61.d.2D9A9D290EC543ABBD0438A5A3CE7783.e.11192"}]}
COMMAND: GET /session/e537112f6f31df0d8590d52383dd5938/element/f.3D8655DB7C018FB3B3311B2BCD0F0E61.d.2D9A9D290EC543ABBD0438A5A3CE7783.e.11191/attribute/aria-checked - {}
COMMAND: GET /session/e537112f6f31df0d8590d52383dd5938/screenshot - {}
RESULT: {}
COMMAND: POST /session/e537112f6f31df0d8590d52383dd5938/element - {"using":"xpath","value":"//table[contains(@id, \"listView-innerSelectionPanelTable-listUl\")]/tbody/tr[9]/td[2]/div/div"}
RESULT: {}
RESULT: {"using":"xpath","value":"//table[contains(@id, \"listView-innerSelectionPanelTable-listUl\")]/tbody/tr[9]/td[2]/div/div"}
COMMAND: POST /session/e537112f6f31df0d8590d52383dd5938/element - {"using":"xpath","value":"//table[contains(@id, \"listView-innerSelectionPanelTable-listUl\")]/tbody/tr[9]/td[2]/div"}
RESULT: {"using":"xpath","value":"//table[contains(@id, \"listView-innerSelectionPanelTable-listUl\")]/tbody/tr[9]/td[2]/div"}
COMMAND: POST /session/e537112f6f31df0d8590d52383dd5938/element - {"using":"xpath","value":"//table[contains(@id, \"listView-innerSelectionPanelTable-listUl\")]/tbody/tr[9]/td[3]/div/div/span/span[1]/bdi"}
RESULT: {"using":"xpath","value":"//table[contains(@id, \"listView-innerSelectionPanelTable-listUl\")]/tbody/tr[9]/td[3]/div/div/span/span[1]/bdi"}
COMMAND: POST /session/e537112f6f31df0d8590d52383dd5938/execute/sync - {"script":"<script> [56 bytes]","args":[{"element-6066-11e4-a52e-4f735466cecf":"f.3D8655DB7C018FB3B3311B2BCD0F0E61.d.2D9A9D290EC543ABBD0438A5A3CE7783.e.11195","ELEMENT":"f.3D8655DB7C018FB3B3311B2BCD0F0E61.d.2D9A9D290EC543ABBD0438A5A3CE7783.e.11195"}]}
RESULT: {"script":"<script> [56 bytes]","args":[{"element-6066-11e4-a52e-4f735466cecf":"f.3D8655DB7C018FB3B3311B2BCD0F0E61.d.2D9A9D290EC543ABBD0438A5A3CE7783.e.11195","ELEMENT":"f.3D8655DB7C018FB3B3311B2BCD0F0E61.d.2D9A9D290EC543ABBD0438A5A3CE7783.e.11195"}]}
COMMAND: GET /session/e537112f6f31df0d8590d52383dd5938/element/f.3D8655DB7C018FB3B3311B2BCD0F0E61.d.2D9A9D290EC543ABBD0438A5A3CE7783.e.11194/attribute/aria-checked - {}
COMMAND: GET /session/e537112f6f31df0d8590d52383dd5938/screenshot - {}
RESULT: {}
COMMAND: POST /session/e537112f6f31df0d8590d52383dd5938/element - {"using":"xpath","value":"//table[contains(@id, \"listView-innerSelectionPanelTable-listUl\")]/tbody/tr[10]/td[2]/div/div"}
RESULT: {}
RESULT: {"using":"xpath","value":"//table[contains(@id, \"listView-innerSelectionPanelTable-listUl\")]/tbody/tr[10]/td[2]/div/div"}
COMMAND: POST /session/e537112f6f31df0d8590d52383dd5938/element - {"using":"xpath","value":"//table[contains(@id, \"listView-innerSelectionPanelTable-listUl\")]/tbody/tr[10]/td[2]/div"}
RESULT: {"using":"xpath","value":"//table[contains(@id, \"listView-innerSelectionPanelTable-listUl\")]/tbody/tr[10]/td[2]/div"}
COMMAND: POST /session/e537112f6f31df0d8590d52383dd5938/element - {"using":"xpath","value":"//table[contains(@id, \"listView-innerSelectionPanelTable-listUl\")]/tbody/tr[10]/td[3]/div/div/span/span[1]/bdi"}
RESULT: {"using":"xpath","value":"//table[contains(@id, \"listView-innerSelectionPanelTable-listUl\")]/tbody/tr[10]/td[3]/div/div/span/span[1]/bdi"}
COMMAND: POST /session/e537112f6f31df0d8590d52383dd5938/execute/sync - {"script":"<script> [56 bytes]","args":[{"element-6066-11e4-a52e-4f735466cecf":"f.3D8655DB7C018FB3B3311B2BCD0F0E61.d.2D9A9D290EC543ABBD0438A5A3CE7783.e.11198","ELEMENT":"f.3D8655DB7C018FB3B3311B2BCD0F0E61.d.2D9A9D290EC543ABBD0438A5A3CE7783.e.11198"}]}
RESULT: {"script":"<script> [56 bytes]","args":[{"element-6066-11e4-a52e-4f735466cecf":"f.3D8655DB7C018FB3B3311B2BCD0F0E61.d.2D9A9D290EC543ABBD0438A5A3CE7783.e.11198","ELEMENT":"f.3D8655DB7C018FB3B3311B2BCD0F0E61.d.2D9A9D290EC543ABBD0438A5A3CE7783.e.11198"}]}
COMMAND: GET /session/e537112f6f31df0d8590d52383dd5938/element/f.3D8655DB7C018FB3B3311B2BCD0F0E61.d.2D9A9D290EC543ABBD0438A5A3CE7783.e.11197/attribute/aria-checked - {}
COMMAND: GET /session/e537112f6f31df0d8590d52383dd5938/screenshot - {}
RESULT: {}
COMMAND: POST /session/e537112f6f31df0d8590d52383dd5938/element - {"using":"xpath","value":"//table[contains(@id, \"listView-innerSelectionPanelTable-listUl\")]/tbody/tr[11]/td[2]/div/div"}
RESULT: {}
RESULT: {"using":"xpath","value":"//table[contains(@id, \"listView-innerSelectionPanelTable-listUl\")]/tbody/tr[11]/td[2]/div/div"}
COMMAND: POST /session/e537112f6f31df0d8590d52383dd5938/element - {"using":"xpath","value":"//table[contains(@id, \"listView-innerSelectionPanelTable-listUl\")]/tbody/tr[11]/td[2]/div"}
RESULT: {"using":"xpath","value":"//table[contains(@id, \"listView-innerSelectionPanelTable-listUl\")]/tbody/tr[11]/td[2]/div"}
COMMAND: POST /session/e537112f6f31df0d8590d52383dd5938/element - {"using":"xpath","value":"//table[contains(@id, \"listView-innerSelectionPanelTable-listUl\")]/tbody/tr[11]/td[3]/div/div/span/span[1]/bdi"}
RESULT: {"using":"xpath","value":"//table[contains(@id, \"listView-innerSelectionPanelTable-listUl\")]/tbody/tr[11]/td[3]/div/div/span/span[1]/bdi"}
COMMAND: POST /session/e537112f6f31df0d8590d52383dd5938/execute/sync - {"script":"<script> [56 bytes]","args":[{"element-6066-11e4-a52e-4f735466cecf":"f.3D8655DB7C018FB3B3311B2BCD0F0E61.d.2D9A9D290EC543ABBD0438A5A3CE7783.e.11201","ELEMENT":"f.3D8655DB7C018FB3B3311B2BCD0F0E61.d.2D9A9D290EC543ABBD0438A5A3CE7783.e.11201"}]}
RESULT: {"script":"<script> [56 bytes]","args":[{"element-6066-11e4-a52e-4f735466cecf":"f.3D8655DB7C018FB3B3311B2BCD0F0E61.d.2D9A9D290EC543ABBD0438A5A3CE7783.e.11201","ELEMENT":"f.3D8655DB7C018FB3B3311B2BCD0F0E61.d.2D9A9D290EC543ABBD0438A5A3CE7783.e.11201"}]}
COMMAND: GET /session/e537112f6f31df0d8590d52383dd5938/element/f.3D8655DB7C018FB3B3311B2BCD0F0E61.d.2D9A9D290EC543ABBD0438A5A3CE7783.e.11200/attribute/aria-checked - {}
COMMAND: GET /session/e537112f6f31df0d8590d52383dd5938/screenshot - {}
RESULT: {}
COMMAND: POST /session/e537112f6f31df0d8590d52383dd5938/element - {"using":"xpath","value":"//table[contains(@id, \"listView-innerSelectionPanelTable-listUl\")]/tbody/tr[12]/td[2]/div/div"}
RESULT: {}
RESULT: {"using":"xpath","value":"//table[contains(@id, \"listView-innerSelectionPanelTable-listUl\")]/tbody/tr[12]/td[2]/div/div"}
COMMAND: POST /session/e537112f6f31df0d8590d52383dd5938/element - {"using":"xpath","value":"//table[contains(@id, \"listView-innerSelectionPanelTable-listUl\")]/tbody/tr[12]/td[2]/div"}
RESULT: {"using":"xpath","value":"//table[contains(@id, \"listView-innerSelectionPanelTable-listUl\")]/tbody/tr[12]/td[2]/div"}
COMMAND: POST /session/e537112f6f31df0d8590d52383dd5938/element - {"using":"xpath","value":"//table[contains(@id, \"listView-innerSelectionPanelTable-listUl\")]/tbody/tr[12]/td[3]/div/div/span/span[1]/bdi"}
RESULT: {"using":"xpath","value":"//table[contains(@id, \"listView-innerSelectionPanelTable-listUl\")]/tbody/tr[12]/td[3]/div/div/span/span[1]/bdi"}
COMMAND: POST /session/e537112f6f31df0d8590d52383dd5938/execute/sync - {"script":"<script> [56 bytes]","args":[{"element-6066-11e4-a52e-4f735466cecf":"f.3D8655DB7C018FB3B3311B2BCD0F0E61.d.2D9A9D290EC543ABBD0438A5A3CE7783.e.11204","ELEMENT":"f.3D8655DB7C018FB3B3311B2BCD0F0E61.d.2D9A9D290EC543ABBD0438A5A3CE7783.e.11204"}]}
RESULT: {"script":"<script> [56 bytes]","args":[{"element-6066-11e4-a52e-4f735466cecf":"f.3D8655DB7C018FB3B3311B2BCD0F0E61.d.2D9A9D290EC543ABBD0438A5A3CE7783.e.11204","ELEMENT":"f.3D8655DB7C018FB3B3311B2BCD0F0E61.d.2D9A9D290EC543ABBD0438A5A3CE7783.e.11204"}]}
COMMAND: GET /session/e537112f6f31df0d8590d52383dd5938/element/f.3D8655DB7C018FB3B3311B2BCD0F0E61.d.2D9A9D290EC543ABBD0438A5A3CE7783.e.11203/attribute/aria-checked - {}
COMMAND: GET /session/e537112f6f31df0d8590d52383dd5938/screenshot - {}
RESULT: {}
COMMAND: POST /session/e537112f6f31df0d8590d52383dd5938/element - {"using":"xpath","value":"//table[contains(@id, \"listView-innerSelectionPanelTable-listUl\")]/tbody/tr[13]/td[2]/div/div"}
RESULT: {}
RESULT: {"using":"xpath","value":"//table[contains(@id, \"listView-innerSelectionPanelTable-listUl\")]/tbody/tr[13]/td[2]/div/div"}
COMMAND: POST /session/e537112f6f31df0d8590d52383dd5938/element - {"using":"xpath","value":"//table[contains(@id, \"listView-innerSelectionPanelTable-listUl\")]/tbody/tr[13]/td[2]/div"}
RESULT: {"using":"xpath","value":"//table[contains(@id, \"listView-innerSelectionPanelTable-listUl\")]/tbody/tr[13]/td[2]/div"}
COMMAND: POST /session/e537112f6f31df0d8590d52383dd5938/element - {"using":"xpath","value":"//table[contains(@id, \"listView-innerSelectionPanelTable-listUl\")]/tbody/tr[13]/td[3]/div/div/span/span[1]/bdi"}
RESULT: {"using":"xpath","value":"//table[contains(@id, \"listView-innerSelectionPanelTable-listUl\")]/tbody/tr[13]/td[3]/div/div/span/span[1]/bdi"}
COMMAND: POST /session/e537112f6f31df0d8590d52383dd5938/execute/sync - {"script":"<script> [56 bytes]","args":[{"element-6066-11e4-a52e-4f735466cecf":"f.3D8655DB7C018FB3B3311B2BCD0F0E61.d.2D9A9D290EC543ABBD0438A5A3CE7783.e.11207","ELEMENT":"f.3D8655DB7C018FB3B3311B2BCD0F0E61.d.2D9A9D290EC543ABBD0438A5A3CE7783.e.11207"}]}
RESULT: {"script":"<script> [56 bytes]","args":[{"element-6066-11e4-a52e-4f735466cecf":"f.3D8655DB7C018FB3B3311B2BCD0F0E61.d.2D9A9D290EC543ABBD0438A5A3CE7783.e.11207","ELEMENT":"f.3D8655DB7C018FB3B3311B2BCD0F0E61.d.2D9A9D290EC543ABBD0438A5A3CE7783.e.11207"}]}
COMMAND: GET /session/e537112f6f31df0d8590d52383dd5938/element/f.3D8655DB7C018FB3B3311B2BCD0F0E61.d.2D9A9D290EC543ABBD0438A5A3CE7783.e.11206/attribute/aria-checked - {}
COMMAND: GET /session/e537112f6f31df0d8590d52383dd5938/screenshot - {}
RESULT: {}
COMMAND: POST /session/e537112f6f31df0d8590d52383dd5938/element/f.3D8655DB7C018FB3B3311B2BCD0F0E61.d.2D9A9D290EC543ABBD0438A5A3CE7783.e.11205/click - {}
COMMAND: POST /session/e537112f6f31df0d8590d52383dd5938/element - {"using":"xpath","value":"//table[contains(@id, \"listView-innerSelectionPanelTable-listUl\")]/tbody/tr[14]/td[2]/div/div"}
RESULT: {}
RESULT: {}
COMMAND: GET /session/e537112f6f31df0d8590d52383dd5938/screenshot - {}
RESULT: {"using":"xpath","value":"//table[contains(@id, \"listView-innerSelectionPanelTable-listUl\")]/tbody/tr[14]/td[2]/div/div"}
COMMAND: POST /session/e537112f6f31df0d8590d52383dd5938/element - {"using":"xpath","value":"//table[contains(@id, \"listView-innerSelectionPanelTable-listUl\")]/tbody/tr[14]/td[2]/div"}
RESULT: {}
RESULT: {"using":"xpath","value":"//table[contains(@id, \"listView-innerSelectionPanelTable-listUl\")]/tbody/tr[14]/td[2]/div"}
COMMAND: POST /session/e537112f6f31df0d8590d52383dd5938/element - {"using":"xpath","value":"//table[contains(@id, \"listView-innerSelectionPanelTable-listUl\")]/tbody/tr[14]/td[3]/div/div/span/span[1]/bdi"}
RESULT: {"using":"xpath","value":"//table[contains(@id, \"listView-innerSelectionPanelTable-listUl\")]/tbody/tr[14]/td[3]/div/div/span/span[1]/bdi"}
COMMAND: POST /session/e537112f6f31df0d8590d52383dd5938/execute/sync - {"script":"<script> [56 bytes]","args":[{"element-6066-11e4-a52e-4f735466cecf":"f.3D8655DB7C018FB3B3311B2BCD0F0E61.d.2D9A9D290EC543ABBD0438A5A3CE7783.e.11211","ELEMENT":"f.3D8655DB7C018FB3B3311B2BCD0F0E61.d.2D9A9D290EC543ABBD0438A5A3CE7783.e.11211"}]}
RESULT: {"script":"<script> [56 bytes]","args":[{"element-6066-11e4-a52e-4f735466cecf":"f.3D8655DB7C018FB3B3311B2BCD0F0E61.d.2D9A9D290EC543ABBD0438A5A3CE7783.e.11211","ELEMENT":"f.3D8655DB7C018FB3B3311B2BCD0F0E61.d.2D9A9D290EC543ABBD0438A5A3CE7783.e.11211"}]}
COMMAND: GET /session/e537112f6f31df0d8590d52383dd5938/element/f.3D8655DB7C018FB3B3311B2BCD0F0E61.d.2D9A9D290EC543ABBD0438A5A3CE7783.e.11210/attribute/aria-checked - {}
COMMAND: GET /session/e537112f6f31df0d8590d52383dd5938/screenshot - {}
RESULT: {}
COMMAND: POST /session/e537112f6f31df0d8590d52383dd5938/element/f.3D8655DB7C018FB3B3311B2BCD0F0E61.d.2D9A9D290EC543ABBD0438A5A3CE7783.e.11209/click - {}
RESULT: {}
RESULT: {}
COMMAND: GET /session/e537112f6f31df0d8590d52383dd5938/screenshot - {}
COMMAND: POST /session/e537112f6f31df0d8590d52383dd5938/element - {"using":"xpath","value":"//table[contains(@id, \"listView-innerSelectionPanelTable-listUl\")]/tbody/tr[15]/td[2]/div/div"}
RESULT: {}
RESULT: {"using":"xpath","value":"//table[contains(@id, \"listView-innerSelectionPanelTable-listUl\")]/tbody/tr[15]/td[2]/div/div"}
COMMAND: POST /session/e537112f6f31df0d8590d52383dd5938/element - {"using":"xpath","value":"//table[contains(@id, \"listView-innerSelectionPanelTable-listUl\")]/tbody/tr[15]/td[2]/div"}
RESULT: {"using":"xpath","value":"//table[contains(@id, \"listView-innerSelectionPanelTable-listUl\")]/tbody/tr[15]/td[2]/div"}
COMMAND: POST /session/e537112f6f31df0d8590d52383dd5938/element - {"using":"xpath","value":"//table[contains(@id, \"listView-innerSelectionPanelTable-listUl\")]/tbody/tr[15]/td[3]/div/div/span/span[1]/bdi"}
RESULT: {"using":"xpath","value":"//table[contains(@id, \"listView-innerSelectionPanelTable-listUl\")]/tbody/tr[15]/td[3]/div/div/span/span[1]/bdi"}
COMMAND: POST /session/e537112f6f31df0d8590d52383dd5938/execute/sync - {"script":"<script> [56 bytes]","args":[{"element-6066-11e4-a52e-4f735466cecf":"f.3D8655DB7C018FB3B3311B2BCD0F0E61.d.2D9A9D290EC543ABBD0438A5A3CE7783.e.11215","ELEMENT":"f.3D8655DB7C018FB3B3311B2BCD0F0E61.d.2D9A9D290EC543ABBD0438A5A3CE7783.e.11215"}]}
RESULT: {"script":"<script> [56 bytes]","args":[{"element-6066-11e4-a52e-4f735466cecf":"f.3D8655DB7C018FB3B3311B2BCD0F0E61.d.2D9A9D290EC543ABBD0438A5A3CE7783.e.11215","ELEMENT":"f.3D8655DB7C018FB3B3311B2BCD0F0E61.d.2D9A9D290EC543ABBD0438A5A3CE7783.e.11215"}]}
COMMAND: GET /session/e537112f6f31df0d8590d52383dd5938/element/f.3D8655DB7C018FB3B3311B2BCD0F0E61.d.2D9A9D290EC543ABBD0438A5A3CE7783.e.11214/attribute/aria-checked - {}
COMMAND: GET /session/e537112f6f31df0d8590d52383dd5938/screenshot - {}
RESULT: {}
COMMAND: POST /session/e537112f6f31df0d8590d52383dd5938/element - {"using":"xpath","value":"//table[contains(@id, \"listView-innerSelectionPanelTable-listUl\")]/tbody/tr[16]/td[2]/div/div"}
RESULT: {}
RESULT: {"using":"xpath","value":"//table[contains(@id, \"listView-innerSelectionPanelTable-listUl\")]/tbody/tr[16]/td[2]/div/div"}
COMMAND: POST /session/e537112f6f31df0d8590d52383dd5938/element - {"using":"xpath","value":"//table[contains(@id, \"listView-innerSelectionPanelTable-listUl\")]/tbody/tr[16]/td[2]/div"}
RESULT: {"using":"xpath","value":"//table[contains(@id, \"listView-innerSelectionPanelTable-listUl\")]/tbody/tr[16]/td[2]/div"}
COMMAND: POST /session/e537112f6f31df0d8590d52383dd5938/element - {"using":"xpath","value":"//table[contains(@id, \"listView-innerSelectionPanelTable-listUl\")]/tbody/tr[16]/td[3]/div/div/span/span[1]/bdi"}
RESULT: {"using":"xpath","value":"//table[contains(@id, \"listView-innerSelectionPanelTable-listUl\")]/tbody/tr[16]/td[3]/div/div/span/span[1]/bdi"}
COMMAND: POST /session/e537112f6f31df0d8590d52383dd5938/execute/sync - {"script":"<script> [56 bytes]","args":[{"element-6066-11e4-a52e-4f735466cecf":"f.3D8655DB7C018FB3B3311B2BCD0F0E61.d.2D9A9D290EC543ABBD0438A5A3CE7783.e.11218","ELEMENT":"f.3D8655DB7C018FB3B3311B2BCD0F0E61.d.2D9A9D290EC543ABBD0438A5A3CE7783.e.11218"}]}
RESULT: {"script":"<script> [56 bytes]","args":[{"element-6066-11e4-a52e-4f735466cecf":"f.3D8655DB7C018FB3B3311B2BCD0F0E61.d.2D9A9D290EC543ABBD0438A5A3CE7783.e.11218","ELEMENT":"f.3D8655DB7C018FB3B3311B2BCD0F0E61.d.2D9A9D290EC543ABBD0438A5A3CE7783.e.11218"}]}
COMMAND: GET /session/e537112f6f31df0d8590d52383dd5938/element/f.3D8655DB7C018FB3B3311B2BCD0F0E61.d.2D9A9D290EC543ABBD0438A5A3CE7783.e.11217/attribute/aria-checked - {}
COMMAND: GET /session/e537112f6f31df0d8590d52383dd5938/screenshot - {}
RESULT: {}
COMMAND: POST /session/e537112f6f31df0d8590d52383dd5938/element/f.3D8655DB7C018FB3B3311B2BCD0F0E61.d.2D9A9D290EC543ABBD0438A5A3CE7783.e.11216/click - {}
RESULT: {}
RESULT: {}
COMMAND: GET /session/e537112f6f31df0d8590d52383dd5938/screenshot - {}
COMMAND: POST /session/e537112f6f31df0d8590d52383dd5938/element - {"using":"xpath","value":"//table[contains(@id, \"listView-innerSelectionPanelTable-listUl\")]/tbody/tr[17]/td[2]/div/div"}
RESULT: {}
RESULT: {"using":"xpath","value":"//table[contains(@id, \"listView-innerSelectionPanelTable-listUl\")]/tbody/tr[17]/td[2]/div/div"}
COMMAND: POST /session/e537112f6f31df0d8590d52383dd5938/element - {"using":"xpath","value":"//table[contains(@id, \"listView-innerSelectionPanelTable-listUl\")]/tbody/tr[17]/td[2]/div"}
RESULT: {"using":"xpath","value":"//table[contains(@id, \"listView-innerSelectionPanelTable-listUl\")]/tbody/tr[17]/td[2]/div"}
COMMAND: POST /session/e537112f6f31df0d8590d52383dd5938/element - {"using":"xpath","value":"//table[contains(@id, \"listView-innerSelectionPanelTable-listUl\")]/tbody/tr[17]/td[3]/div/div/span/span[1]/bdi"}
RESULT: {"using":"xpath","value":"//table[contains(@id, \"listView-innerSelectionPanelTable-listUl\")]/tbody/tr[17]/td[3]/div/div/span/span[1]/bdi"}
COMMAND: POST /session/e537112f6f31df0d8590d52383dd5938/execute/sync - {"script":"<script> [56 bytes]","args":[{"element-6066-11e4-a52e-4f735466cecf":"f.3D8655DB7C018FB3B3311B2BCD0F0E61.d.2D9A9D290EC543ABBD0438A5A3CE7783.e.11222","ELEMENT":"f.3D8655DB7C018FB3B3311B2BCD0F0E61.d.2D9A9D290EC543ABBD0438A5A3CE7783.e.11222"}]}
RESULT: {"script":"<script> [56 bytes]","args":[{"element-6066-11e4-a52e-4f735466cecf":"f.3D8655DB7C018FB3B3311B2BCD0F0E61.d.2D9A9D290EC543ABBD0438A5A3CE7783.e.11222","ELEMENT":"f.3D8655DB7C018FB3B3311B2BCD0F0E61.d.2D9A9D290EC543ABBD0438A5A3CE7783.e.11222"}]}
COMMAND: GET /session/e537112f6f31df0d8590d52383dd5938/element/f.3D8655DB7C018FB3B3311B2BCD0F0E61.d.2D9A9D290EC543ABBD0438A5A3CE7783.e.11221/attribute/aria-checked - {}
COMMAND: GET /session/e537112f6f31df0d8590d52383dd5938/screenshot - {}
RESULT: {}
COMMAND: POST /session/e537112f6f31df0d8590d52383dd5938/element - {"using":"xpath","value":"//table[contains(@id, \"listView-innerSelectionPanelTable-listUl\")]/tbody/tr[18]/td[2]/div/div"}
RESULT: {}
RESULT: {"using":"xpath","value":"//table[contains(@id, \"listView-innerSelectionPanelTable-listUl\")]/tbody/tr[18]/td[2]/div/div"}
COMMAND: POST /session/e537112f6f31df0d8590d52383dd5938/element - {"using":"xpath","value":"//table[contains(@id, \"listView-innerSelectionPanelTable-listUl\")]/tbody/tr[18]/td[2]/div"}
RESULT: {"using":"xpath","value":"//table[contains(@id, \"listView-innerSelectionPanelTable-listUl\")]/tbody/tr[18]/td[2]/div"}
COMMAND: POST /session/e537112f6f31df0d8590d52383dd5938/element - {"using":"xpath","value":"//table[contains(@id, \"listView-innerSelectionPanelTable-listUl\")]/tbody/tr[18]/td[3]/div/div/span/span[1]/bdi"}
RESULT: {"using":"xpath","value":"//table[contains(@id, \"listView-innerSelectionPanelTable-listUl\")]/tbody/tr[18]/td[3]/div/div/span/span[1]/bdi"}
COMMAND: POST /session/e537112f6f31df0d8590d52383dd5938/execute/sync - {"script":"<script> [56 bytes]","args":[{"element-6066-11e4-a52e-4f735466cecf":"f.3D8655DB7C018FB3B3311B2BCD0F0E61.d.2D9A9D290EC543ABBD0438A5A3CE7783.e.11225","ELEMENT":"f.3D8655DB7C018FB3B3311B2BCD0F0E61.d.2D9A9D290EC543ABBD0438A5A3CE7783.e.11225"}]}
RESULT: {"script":"<script> [56 bytes]","args":[{"element-6066-11e4-a52e-4f735466cecf":"f.3D8655DB7C018FB3B3311B2BCD0F0E61.d.2D9A9D290EC543ABBD0438A5A3CE7783.e.11225","ELEMENT":"f.3D8655DB7C018FB3B3311B2BCD0F0E61.d.2D9A9D290EC543ABBD0438A5A3CE7783.e.11225"}]}
COMMAND: GET /session/e537112f6f31df0d8590d52383dd5938/element/f.3D8655DB7C018FB3B3311B2BCD0F0E61.d.2D9A9D290EC543ABBD0438A5A3CE7783.e.11224/attribute/aria-checked - {}
COMMAND: GET /session/e537112f6f31df0d8590d52383dd5938/screenshot - {}
RESULT: {}
COMMAND: POST /session/e537112f6f31df0d8590d52383dd5938/element - {"using":"xpath","value":"//table[contains(@id, \"listView-innerSelectionPanelTable-listUl\")]/tbody/tr[19]/td[2]/div/div"}
RESULT: {}
RESULT: {"using":"xpath","value":"//table[contains(@id, \"listView-innerSelectionPanelTable-listUl\")]/tbody/tr[19]/td[2]/div/div"}
COMMAND: POST /session/e537112f6f31df0d8590d52383dd5938/element - {"using":"xpath","value":"//table[contains(@id, \"listView-innerSelectionPanelTable-listUl\")]/tbody/tr[19]/td[2]/div"}
RESULT: {"using":"xpath","value":"//table[contains(@id, \"listView-innerSelectionPanelTable-listUl\")]/tbody/tr[19]/td[2]/div"}
COMMAND: POST /session/e537112f6f31df0d8590d52383dd5938/element - {"using":"xpath","value":"//table[contains(@id, \"listView-innerSelectionPanelTable-listUl\")]/tbody/tr[19]/td[3]/div/div/span/span[1]/bdi"}
RESULT: {"using":"xpath","value":"//table[contains(@id, \"listView-innerSelectionPanelTable-listUl\")]/tbody/tr[19]/td[3]/div/div/span/span[1]/bdi"}
COMMAND: POST /session/e537112f6f31df0d8590d52383dd5938/execute/sync - {"script":"<script> [56 bytes]","args":[{"element-6066-11e4-a52e-4f735466cecf":"f.3D8655DB7C018FB3B3311B2BCD0F0E61.d.2D9A9D290EC543ABBD0438A5A3CE7783.e.11228","ELEMENT":"f.3D8655DB7C018FB3B3311B2BCD0F0E61.d.2D9A9D290EC543ABBD0438A5A3CE7783.e.11228"}]}
RESULT: {"script":"<script> [56 bytes]","args":[{"element-6066-11e4-a52e-4f735466cecf":"f.3D8655DB7C018FB3B3311B2BCD0F0E61.d.2D9A9D290EC543ABBD0438A5A3CE7783.e.11228","ELEMENT":"f.3D8655DB7C018FB3B3311B2BCD0F0E61.d.2D9A9D290EC543ABBD0438A5A3CE7783.e.11228"}]}
COMMAND: GET /session/e537112f6f31df0d8590d52383dd5938/element/f.3D8655DB7C018FB3B3311B2BCD0F0E61.d.2D9A9D290EC543ABBD0438A5A3CE7783.e.11227/attribute/aria-checked - {}
COMMAND: GET /session/e537112f6f31df0d8590d52383dd5938/screenshot - {}
RESULT: {}
COMMAND: POST /session/e537112f6f31df0d8590d52383dd5938/element - {"using":"xpath","value":"//table[contains(@id, \"listView-innerSelectionPanelTable-listUl\")]/tbody/tr[20]/td[2]/div/div"}
RESULT: {}
RESULT: {"using":"xpath","value":"//table[contains(@id, \"listView-innerSelectionPanelTable-listUl\")]/tbody/tr[20]/td[2]/div/div"}
COMMAND: POST /session/e537112f6f31df0d8590d52383dd5938/element - {"using":"xpath","value":"//table[contains(@id, \"listView-innerSelectionPanelTable-listUl\")]/tbody/tr[20]/td[2]/div"}
RESULT: {"using":"xpath","value":"//table[contains(@id, \"listView-innerSelectionPanelTable-listUl\")]/tbody/tr[20]/td[2]/div"}
COMMAND: POST /session/e537112f6f31df0d8590d52383dd5938/element - {"using":"xpath","value":"//table[contains(@id, \"listView-innerSelectionPanelTable-listUl\")]/tbody/tr[20]/td[3]/div/div/span/span[1]/bdi"}
RESULT: {"using":"xpath","value":"//table[contains(@id, \"listView-innerSelectionPanelTable-listUl\")]/tbody/tr[20]/td[3]/div/div/span/span[1]/bdi"}
COMMAND: POST /session/e537112f6f31df0d8590d52383dd5938/execute/sync - {"script":"<script> [56 bytes]","args":[{"element-6066-11e4-a52e-4f735466cecf":"f.3D8655DB7C018FB3B3311B2BCD0F0E61.d.2D9A9D290EC543ABBD0438A5A3CE7783.e.11231","ELEMENT":"f.3D8655DB7C018FB3B3311B2BCD0F0E61.d.2D9A9D290EC543ABBD0438A5A3CE7783.e.11231"}]}
RESULT: {"script":"<script> [56 bytes]","args":[{"element-6066-11e4-a52e-4f735466cecf":"f.3D8655DB7C018FB3B3311B2BCD0F0E61.d.2D9A9D290EC543ABBD0438A5A3CE7783.e.11231","ELEMENT":"f.3D8655DB7C018FB3B3311B2BCD0F0E61.d.2D9A9D290EC543ABBD0438A5A3CE7783.e.11231"}]}
COMMAND: GET /session/e537112f6f31df0d8590d52383dd5938/element/f.3D8655DB7C018FB3B3311B2BCD0F0E61.d.2D9A9D290EC543ABBD0438A5A3CE7783.e.11230/attribute/aria-checked - {}
COMMAND: GET /session/e537112f6f31df0d8590d52383dd5938/screenshot - {}
RESULT: {}
COMMAND: POST /session/e537112f6f31df0d8590d52383dd5938/element - {"using":"xpath","value":"//table[contains(@id, \"listView-innerSelectionPanelTable-listUl\")]/tbody/tr[21]/td[2]/div/div"}
RESULT: {}
RESULT: {"using":"xpath","value":"//table[contains(@id, \"listView-innerSelectionPanelTable-listUl\")]/tbody/tr[21]/td[2]/div/div"}
COMMAND: POST /session/e537112f6f31df0d8590d52383dd5938/element - {"using":"xpath","value":"//table[contains(@id, \"listView-innerSelectionPanelTable-listUl\")]/tbody/tr[21]/td[2]/div"}
RESULT: {"using":"xpath","value":"//table[contains(@id, \"listView-innerSelectionPanelTable-listUl\")]/tbody/tr[21]/td[2]/div"}
COMMAND: POST /session/e537112f6f31df0d8590d52383dd5938/element - {"using":"xpath","value":"//table[contains(@id, \"listView-innerSelectionPanelTable-listUl\")]/tbody/tr[21]/td[3]/div/div/span/span[1]/bdi"}
RESULT: {"using":"xpath","value":"//table[contains(@id, \"listView-innerSelectionPanelTable-listUl\")]/tbody/tr[21]/td[3]/div/div/span/span[1]/bdi"}
COMMAND: POST /session/e537112f6f31df0d8590d52383dd5938/execute/sync - {"script":"<script> [56 bytes]","args":[{"element-6066-11e4-a52e-4f735466cecf":"f.3D8655DB7C018FB3B3311B2BCD0F0E61.d.2D9A9D290EC543ABBD0438A5A3CE7783.e.11234","ELEMENT":"f.3D8655DB7C018FB3B3311B2BCD0F0E61.d.2D9A9D290EC543ABBD0438A5A3CE7783.e.11234"}]}
RESULT: {"script":"<script> [56 bytes]","args":[{"element-6066-11e4-a52e-4f735466cecf":"f.3D8655DB7C018FB3B3311B2BCD0F0E61.d.2D9A9D290EC543ABBD0438A5A3CE7783.e.11234","ELEMENT":"f.3D8655DB7C018FB3B3311B2BCD0F0E61.d.2D9A9D290EC543ABBD0438A5A3CE7783.e.11234"}]}
COMMAND: GET /session/e537112f6f31df0d8590d52383dd5938/element/f.3D8655DB7C018FB3B3311B2BCD0F0E61.d.2D9A9D290EC543ABBD0438A5A3CE7783.e.11233/attribute/aria-checked - {}
COMMAND: GET /session/e537112f6f31df0d8590d52383dd5938/screenshot - {}
RESULT: {}
COMMAND: POST /session/e537112f6f31df0d8590d52383dd5938/element - {"using":"xpath","value":"//table[contains(@id, \"listView-innerSelectionPanelTable-listUl\")]/tbody/tr[22]/td[2]/div/div"}
RESULT: {}
RESULT: {"using":"xpath","value":"//table[contains(@id, \"listView-innerSelectionPanelTable-listUl\")]/tbody/tr[22]/td[2]/div/div"}
COMMAND: POST /session/e537112f6f31df0d8590d52383dd5938/element - {"using":"xpath","value":"//table[contains(@id, \"listView-innerSelectionPanelTable-listUl\")]/tbody/tr[22]/td[2]/div"}
RESULT: {"using":"xpath","value":"//table[contains(@id, \"listView-innerSelectionPanelTable-listUl\")]/tbody/tr[22]/td[2]/div"}
COMMAND: POST /session/e537112f6f31df0d8590d52383dd5938/element - {"using":"xpath","value":"//table[contains(@id, \"listView-innerSelectionPanelTable-listUl\")]/tbody/tr[22]/td[3]/div/div/span/span[1]/bdi"}
RESULT: {"using":"xpath","value":"//table[contains(@id, \"listView-innerSelectionPanelTable-listUl\")]/tbody/tr[22]/td[3]/div/div/span/span[1]/bdi"}
COMMAND: POST /session/e537112f6f31df0d8590d52383dd5938/execute/sync - {"script":"<script> [56 bytes]","args":[{"element-6066-11e4-a52e-4f735466cecf":"f.3D8655DB7C018FB3B3311B2BCD0F0E61.d.2D9A9D290EC543ABBD0438A5A3CE7783.e.11237","ELEMENT":"f.3D8655DB7C018FB3B3311B2BCD0F0E61.d.2D9A9D290EC543ABBD0438A5A3CE7783.e.11237"}]}
RESULT: {"script":"<script> [56 bytes]","args":[{"element-6066-11e4-a52e-4f735466cecf":"f.3D8655DB7C018FB3B3311B2BCD0F0E61.d.2D9A9D290EC543ABBD0438A5A3CE7783.e.11237","ELEMENT":"f.3D8655DB7C018FB3B3311B2BCD0F0E61.d.2D9A9D290EC543ABBD0438A5A3CE7783.e.11237"}]}
COMMAND: GET /session/e537112f6f31df0d8590d52383dd5938/element/f.3D8655DB7C018FB3B3311B2BCD0F0E61.d.2D9A9D290EC543ABBD0438A5A3CE7783.e.11236/attribute/aria-checked - {}
COMMAND: GET /session/e537112f6f31df0d8590d52383dd5938/screenshot - {}
RESULT: {}
COMMAND: POST /session/e537112f6f31df0d8590d52383dd5938/element - {"using":"xpath","value":"//table[contains(@id, \"listView-innerSelectionPanelTable-listUl\")]/tbody/tr[23]/td[2]/div/div"}
RESULT: {}
RESULT: {"using":"xpath","value":"//table[contains(@id, \"listView-innerSelectionPanelTable-listUl\")]/tbody/tr[23]/td[2]/div/div"}
COMMAND: POST /session/e537112f6f31df0d8590d52383dd5938/element - {"using":"xpath","value":"//table[contains(@id, \"listView-innerSelectionPanelTable-listUl\")]/tbody/tr[23]/td[2]/div"}
RESULT: {"using":"xpath","value":"//table[contains(@id, \"listView-innerSelectionPanelTable-listUl\")]/tbody/tr[23]/td[2]/div"}
COMMAND: POST /session/e537112f6f31df0d8590d52383dd5938/element - {"using":"xpath","value":"//table[contains(@id, \"listView-innerSelectionPanelTable-listUl\")]/tbody/tr[23]/td[3]/div/div/span/span[1]/bdi"}
RESULT: {"using":"xpath","value":"//table[contains(@id, \"listView-innerSelectionPanelTable-listUl\")]/tbody/tr[23]/td[3]/div/div/span/span[1]/bdi"}
COMMAND: POST /session/e537112f6f31df0d8590d52383dd5938/execute/sync - {"script":"<script> [56 bytes]","args":[{"element-6066-11e4-a52e-4f735466cecf":"f.3D8655DB7C018FB3B3311B2BCD0F0E61.d.2D9A9D290EC543ABBD0438A5A3CE7783.e.11240","ELEMENT":"f.3D8655DB7C018FB3B3311B2BCD0F0E61.d.2D9A9D290EC543ABBD0438A5A3CE7783.e.11240"}]}
RESULT: {"script":"<script> [56 bytes]","args":[{"element-6066-11e4-a52e-4f735466cecf":"f.3D8655DB7C018FB3B3311B2BCD0F0E61.d.2D9A9D290EC543ABBD0438A5A3CE7783.e.11240","ELEMENT":"f.3D8655DB7C018FB3B3311B2BCD0F0E61.d.2D9A9D290EC543ABBD0438A5A3CE7783.e.11240"}]}
COMMAND: GET /session/e537112f6f31df0d8590d52383dd5938/element/f.3D8655DB7C018FB3B3311B2BCD0F0E61.d.2D9A9D290EC543ABBD0438A5A3CE7783.e.11239/attribute/aria-checked - {}
COMMAND: GET /session/e537112f6f31df0d8590d52383dd5938/screenshot - {}
RESULT: {}
COMMAND: POST /session/e537112f6f31df0d8590d52383dd5938/element - {"using":"xpath","value":"//table[contains(@id, \"listView-innerSelectionPanelTable-listUl\")]/tbody/tr[24]/td[2]/div/div"}
RESULT: {}
RESULT: {"using":"xpath","value":"//table[contains(@id, \"listView-innerSelectionPanelTable-listUl\")]/tbody/tr[24]/td[2]/div/div"}
COMMAND: POST /session/e537112f6f31df0d8590d52383dd5938/element - {"using":"xpath","value":"//table[contains(@id, \"listView-innerSelectionPanelTable-listUl\")]/tbody/tr[24]/td[2]/div"}
RESULT: {"using":"xpath","value":"//table[contains(@id, \"listView-innerSelectionPanelTable-listUl\")]/tbody/tr[24]/td[2]/div"}
COMMAND: POST /session/e537112f6f31df0d8590d52383dd5938/element - {"using":"xpath","value":"//table[contains(@id, \"listView-innerSelectionPanelTable-listUl\")]/tbody/tr[24]/td[3]/div/div/span/span[1]/bdi"}
RESULT: {"using":"xpath","value":"//table[contains(@id, \"listView-innerSelectionPanelTable-listUl\")]/tbody/tr[24]/td[3]/div/div/span/span[1]/bdi"}
COMMAND: POST /session/e537112f6f31df0d8590d52383dd5938/execute/sync - {"script":"<script> [56 bytes]","args":[{"element-6066-11e4-a52e-4f735466cecf":"f.3D8655DB7C018FB3B3311B2BCD0F0E61.d.2D9A9D290EC543ABBD0438A5A3CE7783.e.11243","ELEMENT":"f.3D8655DB7C018FB3B3311B2BCD0F0E61.d.2D9A9D290EC543ABBD0438A5A3CE7783.e.11243"}]}
RESULT: {"script":"<script> [56 bytes]","args":[{"element-6066-11e4-a52e-4f735466cecf":"f.3D8655DB7C018FB3B3311B2BCD0F0E61.d.2D9A9D290EC543ABBD0438A5A3CE7783.e.11243","ELEMENT":"f.3D8655DB7C018FB3B3311B2BCD0F0E61.d.2D9A9D290EC543ABBD0438A5A3CE7783.e.11243"}]}
COMMAND: GET /session/e537112f6f31df0d8590d52383dd5938/element/f.3D8655DB7C018FB3B3311B2BCD0F0E61.d.2D9A9D290EC543ABBD0438A5A3CE7783.e.11242/attribute/aria-checked - {}
COMMAND: GET /session/e537112f6f31df0d8590d52383dd5938/screenshot - {}
RESULT: {}
COMMAND: POST /session/e537112f6f31df0d8590d52383dd5938/element - {"using":"xpath","value":"//table[contains(@id, \"listView-innerSelectionPanelTable-listUl\")]/tbody/tr[25]/td[2]/div/div"}
RESULT: {}
RESULT: {"using":"xpath","value":"//table[contains(@id, \"listView-innerSelectionPanelTable-listUl\")]/tbody/tr[25]/td[2]/div/div"}
COMMAND: POST /session/e537112f6f31df0d8590d52383dd5938/element - {"using":"xpath","value":"//table[contains(@id, \"listView-innerSelectionPanelTable-listUl\")]/tbody/tr[25]/td[2]/div"}
RESULT: {"using":"xpath","value":"//table[contains(@id, \"listView-innerSelectionPanelTable-listUl\")]/tbody/tr[25]/td[2]/div"}
COMMAND: POST /session/e537112f6f31df0d8590d52383dd5938/element - {"using":"xpath","value":"//table[contains(@id, \"listView-innerSelectionPanelTable-listUl\")]/tbody/tr[25]/td[3]/div/div/span/span[1]/bdi"}
RESULT: {"using":"xpath","value":"//table[contains(@id, \"listView-innerSelectionPanelTable-listUl\")]/tbody/tr[25]/td[3]/div/div/span/span[1]/bdi"}
COMMAND: POST /session/e537112f6f31df0d8590d52383dd5938/execute/sync - {"script":"<script> [56 bytes]","args":[{"element-6066-11e4-a52e-4f735466cecf":"f.3D8655DB7C018FB3B3311B2BCD0F0E61.d.2D9A9D290EC543ABBD0438A5A3CE7783.e.11246","ELEMENT":"f.3D8655DB7C018FB3B3311B2BCD0F0E61.d.2D9A9D290EC543ABBD0438A5A3CE7783.e.11246"}]}
RESULT: {"script":"<script> [56 bytes]","args":[{"element-6066-11e4-a52e-4f735466cecf":"f.3D8655DB7C018FB3B3311B2BCD0F0E61.d.2D9A9D290EC543ABBD0438A5A3CE7783.e.11246","ELEMENT":"f.3D8655DB7C018FB3B3311B2BCD0F0E61.d.2D9A9D290EC543ABBD0438A5A3CE7783.e.11246"}]}
COMMAND: GET /session/e537112f6f31df0d8590d52383dd5938/element/f.3D8655DB7C018FB3B3311B2BCD0F0E61.d.2D9A9D290EC543ABBD0438A5A3CE7783.e.11245/attribute/aria-checked - {}
COMMAND: GET /session/e537112f6f31df0d8590d52383dd5938/screenshot - {}
RESULT: {}
COMMAND: POST /session/e537112f6f31df0d8590d52383dd5938/element - {"using":"xpath","value":"//bdi[contains(text(), \"OK\")]"}
RESULT: {}
RESULT: {"using":"xpath","value":"//bdi[contains(text(), \"OK\")]"}
COMMAND: POST /session/e537112f6f31df0d8590d52383dd5938/element/f.3D8655DB7C018FB3B3311B2BCD0F0E61.d.2D9A9D290EC543ABBD0438A5A3CE7783.e.11247/click - {}
RESULT: {}
COMMAND: GET /session/e537112f6f31df0d8590d52383dd5938/screenshot - {}
RESULT: {}
RESULT: undefined
COMMAND: POST /session/e537112f6f31df0d8590d52383dd5938/element - {"using":"xpath","value":"//*[@id=\"application-managepartners-display-component---masterPtm--smartFilterBar-filterItemControlA_-LINK_TO_ADDRESSES_MAIN.CITY1-vhi\"]"}
RESULT: {"using":"xpath","value":"//*[@id=\"application-managepartners-display-component---masterPtm--smartFilterBar-filterItemControlA_-LINK_TO_ADDRESSES_MAIN.CITY1-vhi\"]"}
COMMAND: POST /session/e537112f6f31df0d8590d52383dd5938/element/f.3D8655DB7C018FB3B3311B2BCD0F0E61.d.2D9A9D290EC543ABBD0438A5A3CE7783.e.11323/click - {}
RESULT: {}
COMMAND: GET /session/e537112f6f31df0d8590d52383dd5938/screenshot - {}
RESULT: {}
COMMAND: POST /session/e537112f6f31df0d8590d52383dd5938/element - {"using":"xpath","value":"//bdi[contains(text(), \"Cancel\")]"}
RESULT: {"using":"xpath","value":"//bdi[contains(text(), \"Cancel\")]"}
COMMAND: POST /session/e537112f6f31df0d8590d52383dd5938/element/f.3D8655DB7C018FB3B3311B2BCD0F0E61.d.2D9A9D290EC543ABBD0438A5A3CE7783.e.11328/click - {}
RESULT: {}
COMMAND: GET /session/e537112f6f31df0d8590d52383dd5938/screenshot - {}
RESULT: {}
COMMAND: POST /session/e537112f6f31df0d8590d52383dd5938/execute/async - {"script":"<script> [1562 bytes]","args":[{"selector":{"id":"application-managepartners-display-component---masterPtm--smartFilterBar-filterItemControlA_-LINK_TO_ADDRESSES_MAIN.COUNTRY-vhi"},"wdio_ui5_key":"applicationmanagepartners-display-component---masterPtm--smartFilterBar-filterItemControlA_-LINK_TO_ADDRESSES_MAIN.COUNTRY-vhi"}]}
RESULT: {"script":"<script> [1562 bytes]","args":[{"selector":{"id":"application-managepartners-display-component---masterPtm--smartFilterBar-filterItemControlA_-LINK_TO_ADDRESSES_MAIN.COUNTRY-vhi"},"wdio_ui5_key":"applicationmanagepartners-display-component---masterPtm--smartFilterBar-filterItemControlA_-LINK_TO_ADDRESSES_MAIN.COUNTRY-vhi"}]}
RESULT: undefined
COMMAND: POST /session/e537112f6f31df0d8590d52383dd5938/element - {"using":"xpath","value":"//*[@id=\"application-managepartners-display-component---masterPtm--smartFilterBar-filterItemControlA_-LINK_TO_ADDRESSES_MAIN.COUNTRY-vhi\"]"}
RESULT: {"using":"xpath","value":"//*[@id=\"application-managepartners-display-component---masterPtm--smartFilterBar-filterItemControlA_-LINK_TO_ADDRESSES_MAIN.COUNTRY-vhi\"]"}
COMMAND: POST /session/e537112f6f31df0d8590d52383dd5938/element/f.3D8655DB7C018FB3B3311B2BCD0F0E61.d.2D9A9D290EC543ABBD0438A5A3CE7783.e.11330/click - {}
RESULT: {}
COMMAND: GET /session/e537112f6f31df0d8590d52383dd5938/screenshot - {}
RESULT: {}
COMMAND: POST /session/e537112f6f31df0d8590d52383dd5938/element - {"using":"xpath","value":"//bdi[contains(text(), \"Cancel\")]"}
RESULT: {"using":"xpath","value":"//bdi[contains(text(), \"Cancel\")]"}
COMMAND: POST /session/e537112f6f31df0d8590d52383dd5938/element/f.3D8655DB7C018FB3B3311B2BCD0F0E61.d.2D9A9D290EC543ABBD0438A5A3CE7783.e.11338/click - {}
RESULT: {}
COMMAND: GET /session/e537112f6f31df0d8590d52383dd5938/screenshot - {}
RESULT: {}
COMMAND: POST /session/e537112f6f31df0d8590d52383dd5938/execute/async - {"script":"<script> [1562 bytes]","args":[{"selector":{"id":"application-managepartners-display-component---masterPtm--smartFilterBar-filterItemControlA_-COMPANY_CODE-vhi"},"wdio_ui5_key":"applicationmanagepartners-display-component---masterPtm--smartFilterBar-filterItemControlA_-COMPANY_CODE-vhi"}]}
RESULT: {"script":"<script> [1562 bytes]","args":[{"selector":{"id":"application-managepartners-display-component---masterPtm--smartFilterBar-filterItemControlA_-COMPANY_CODE-vhi"},"wdio_ui5_key":"applicationmanagepartners-display-component---masterPtm--smartFilterBar-filterItemControlA_-COMPANY_CODE-vhi"}]}
RESULT: undefined
COMMAND: POST /session/e537112f6f31df0d8590d52383dd5938/element - {"using":"xpath","value":"//*[@id=\"application-managepartners-display-component---masterPtm--smartFilterBar-filterItemControlA_-COMPANY_CODE-vhi\"]"}
RESULT: {"using":"xpath","value":"//*[@id=\"application-managepartners-display-component---masterPtm--smartFilterBar-filterItemControlA_-COMPANY_CODE-vhi\"]"}
COMMAND: POST /session/e537112f6f31df0d8590d52383dd5938/element/f.3D8655DB7C018FB3B3311B2BCD0F0E61.d.2D9A9D290EC543ABBD0438A5A3CE7783.e.11340/click - {}
RESULT: {}
COMMAND: GET /session/e537112f6f31df0d8590d52383dd5938/screenshot - {}
RESULT: {}
COMMAND: POST /session/e537112f6f31df0d8590d52383dd5938/element - {"using":"xpath","value":"//bdi[contains(text(), \"Cancel\")]"}
RESULT: {"using":"xpath","value":"//bdi[contains(text(), \"Cancel\")]"}
COMMAND: POST /session/e537112f6f31df0d8590d52383dd5938/element/f.3D8655DB7C018FB3B3311B2BCD0F0E61.d.2D9A9D290EC543ABBD0438A5A3CE7783.e.11346/click - {}
RESULT: {}
COMMAND: GET /session/e537112f6f31df0d8590d52383dd5938/screenshot - {}
RESULT: {}
COMMAND: POST /session/e537112f6f31df0d8590d52383dd5938/execute/async - {"script":"<script> [1562 bytes]","args":[{"selector":{"id":"application-managepartners-display-component---masterPtm--smartTable-btnPersonalisation-img"},"wdio_ui5_key":"applicationmanagepartners-display-component---masterPtm--smartTable-btnPersonalisation-img"}]}
RESULT: {"script":"<script> [1562 bytes]","args":[{"selector":{"id":"application-managepartners-display-component---masterPtm--smartTable-btnPersonalisation-img"},"wdio_ui5_key":"applicationmanagepartners-display-component---masterPtm--smartTable-btnPersonalisation-img"}]}
RESULT: undefined
COMMAND: POST /session/e537112f6f31df0d8590d52383dd5938/element - {"using":"xpath","value":"//*[@id=\"application-managepartners-display-component---masterPtm--smartTable-btnPersonalisation-img\"]"}
RESULT: {"using":"xpath","value":"//*[@id=\"application-managepartners-display-component---masterPtm--smartTable-btnPersonalisation-img\"]"}
COMMAND: POST /session/e537112f6f31df0d8590d52383dd5938/element/f.3D8655DB7C018FB3B3311B2BCD0F0E61.d.2D9A9D290EC543ABBD0438A5A3CE7783.e.9239/click - {}
RESULT: {}
COMMAND: GET /session/e537112f6f31df0d8590d52383dd5938/screenshot - {}
RESULT: {}
COMMAND: POST /session/e537112f6f31df0d8590d52383dd5938/elements - {"using":"xpath","value":"//table[contains(@id, \"innerSelectionPanelTable-listUl\")]/tbody/tr"}
RESULT: {"using":"xpath","value":"//table[contains(@id, \"innerSelectionPanelTable-listUl\")]/tbody/tr"}
COMMAND: POST /session/e537112f6f31df0d8590d52383dd5938/element - {"using":"xpath","value":"//table[contains(@id, \"innerSelectionPanelTable-listUl\")]/tbody/tr[2]/td[2]/div/div"}
RESULT: {"using":"xpath","value":"//table[contains(@id, \"innerSelectionPanelTable-listUl\")]/tbody/tr[2]/td[2]/div/div"}
COMMAND: POST /session/e537112f6f31df0d8590d52383dd5938/element - {"using":"xpath","value":"//table[contains(@id, \"innerSelectionPanelTable-listUl\")]/tbody/tr[2]/td[3]/div/div/span/span[1]/bdi"}
RESULT: {"using":"xpath","value":"//table[contains(@id, \"innerSelectionPanelTable-listUl\")]/tbody/tr[2]/td[3]/div/div/span/span[1]/bdi"}
COMMAND: POST /session/e537112f6f31df0d8590d52383dd5938/execute/sync - {"script":"<script> [56 bytes]","args":[{"element-6066-11e4-a52e-4f735466cecf":"f.3D8655DB7C018FB3B3311B2BCD0F0E61.d.2D9A9D290EC543ABBD0438A5A3CE7783.e.11384","ELEMENT":"f.3D8655DB7C018FB3B3311B2BCD0F0E61.d.2D9A9D290EC543ABBD0438A5A3CE7783.e.11384"}]}
RESULT: {"script":"<script> [56 bytes]","args":[{"element-6066-11e4-a52e-4f735466cecf":"f.3D8655DB7C018FB3B3311B2BCD0F0E61.d.2D9A9D290EC543ABBD0438A5A3CE7783.e.11384","ELEMENT":"f.3D8655DB7C018FB3B3311B2BCD0F0E61.d.2D9A9D290EC543ABBD0438A5A3CE7783.e.11384"}]}
COMMAND: POST /session/e537112f6f31df0d8590d52383dd5938/element - {"using":"xpath","value":"//table[contains(@id, \"innerSelectionPanelTable-listUl\")]/tbody/tr[3]/td[2]/div/div"}
COMMAND: GET /session/e537112f6f31df0d8590d52383dd5938/screenshot - {}
RESULT: {"using":"xpath","value":"//table[contains(@id, \"innerSelectionPanelTable-listUl\")]/tbody/tr[3]/td[2]/div/div"}
COMMAND: POST /session/e537112f6f31df0d8590d52383dd5938/element - {"using":"xpath","value":"//table[contains(@id, \"innerSelectionPanelTable-listUl\")]/tbody/tr[3]/td[3]/div/div/span/span[1]/bdi"}
RESULT: {}
RESULT: {"using":"xpath","value":"//table[contains(@id, \"innerSelectionPanelTable-listUl\")]/tbody/tr[3]/td[3]/div/div/span/span[1]/bdi"}
COMMAND: POST /session/e537112f6f31df0d8590d52383dd5938/execute/sync - {"script":"<script> [56 bytes]","args":[{"element-6066-11e4-a52e-4f735466cecf":"f.3D8655DB7C018FB3B3311B2BCD0F0E61.d.2D9A9D290EC543ABBD0438A5A3CE7783.e.11386","ELEMENT":"f.3D8655DB7C018FB3B3311B2BCD0F0E61.d.2D9A9D290EC543ABBD0438A5A3CE7783.e.11386"}]}
RESULT: {"script":"<script> [56 bytes]","args":[{"element-6066-11e4-a52e-4f735466cecf":"f.3D8655DB7C018FB3B3311B2BCD0F0E61.d.2D9A9D290EC543ABBD0438A5A3CE7783.e.11386","ELEMENT":"f.3D8655DB7C018FB3B3311B2BCD0F0E61.d.2D9A9D290EC543ABBD0438A5A3CE7783.e.11386"}]}
COMMAND: POST /session/e537112f6f31df0d8590d52383dd5938/element - {"using":"xpath","value":"//table[contains(@id, \"innerSelectionPanelTable-listUl\")]/tbody/tr[4]/td[2]/div/div"}
COMMAND: GET /session/e537112f6f31df0d8590d52383dd5938/screenshot - {}
RESULT: {"using":"xpath","value":"//table[contains(@id, \"innerSelectionPanelTable-listUl\")]/tbody/tr[4]/td[2]/div/div"}
COMMAND: POST /session/e537112f6f31df0d8590d52383dd5938/element - {"using":"xpath","value":"//table[contains(@id, \"innerSelectionPanelTable-listUl\")]/tbody/tr[4]/td[3]/div/div/span/span[1]/bdi"}
RESULT: {}
RESULT: {"using":"xpath","value":"//table[contains(@id, \"innerSelectionPanelTable-listUl\")]/tbody/tr[4]/td[3]/div/div/span/span[1]/bdi"}
COMMAND: POST /session/e537112f6f31df0d8590d52383dd5938/execute/sync - {"script":"<script> [56 bytes]","args":[{"element-6066-11e4-a52e-4f735466cecf":"f.3D8655DB7C018FB3B3311B2BCD0F0E61.d.2D9A9D290EC543ABBD0438A5A3CE7783.e.11388","ELEMENT":"f.3D8655DB7C018FB3B3311B2BCD0F0E61.d.2D9A9D290EC543ABBD0438A5A3CE7783.e.11388"}]}
RESULT: {"script":"<script> [56 bytes]","args":[{"element-6066-11e4-a52e-4f735466cecf":"f.3D8655DB7C018FB3B3311B2BCD0F0E61.d.2D9A9D290EC543ABBD0438A5A3CE7783.e.11388","ELEMENT":"f.3D8655DB7C018FB3B3311B2BCD0F0E61.d.2D9A9D290EC543ABBD0438A5A3CE7783.e.11388"}]}
COMMAND: POST /session/e537112f6f31df0d8590d52383dd5938/element - {"using":"xpath","value":"//table[contains(@id, \"innerSelectionPanelTable-listUl\")]/tbody/tr[5]/td[2]/div/div"}
COMMAND: POST /session/e537112f6f31df0d8590d52383dd5938/element/f.3D8655DB7C018FB3B3311B2BCD0F0E61.d.2D9A9D290EC543ABBD0438A5A3CE7783.e.11387/click - {}
COMMAND: GET /session/e537112f6f31df0d8590d52383dd5938/screenshot - {}
RESULT: {}
COMMAND: GET /session/e537112f6f31df0d8590d52383dd5938/screenshot - {}
RESULT: {"using":"xpath","value":"//table[contains(@id, \"innerSelectionPanelTable-listUl\")]/tbody/tr[5]/td[2]/div/div"}
COMMAND: POST /session/e537112f6f31df0d8590d52383dd5938/element - {"using":"xpath","value":"//table[contains(@id, \"innerSelectionPanelTable-listUl\")]/tbody/tr[5]/td[3]/div/div/span/span[1]/bdi"}
RESULT: {}
RESULT: {}
RESULT: {"using":"xpath","value":"//table[contains(@id, \"innerSelectionPanelTable-listUl\")]/tbody/tr[5]/td[3]/div/div/span/span[1]/bdi"}
COMMAND: POST /session/e537112f6f31df0d8590d52383dd5938/execute/sync - {"script":"<script> [56 bytes]","args":[{"element-6066-11e4-a52e-4f735466cecf":"f.3D8655DB7C018FB3B3311B2BCD0F0E61.d.2D9A9D290EC543ABBD0438A5A3CE7783.e.11392","ELEMENT":"f.3D8655DB7C018FB3B3311B2BCD0F0E61.d.2D9A9D290EC543ABBD0438A5A3CE7783.e.11392"}]}
RESULT: {"script":"<script> [56 bytes]","args":[{"element-6066-11e4-a52e-4f735466cecf":"f.3D8655DB7C018FB3B3311B2BCD0F0E61.d.2D9A9D290EC543ABBD0438A5A3CE7783.e.11392","ELEMENT":"f.3D8655DB7C018FB3B3311B2BCD0F0E61.d.2D9A9D290EC543ABBD0438A5A3CE7783.e.11392"}]}
COMMAND: POST /session/e537112f6f31df0d8590d52383dd5938/element - {"using":"xpath","value":"//table[contains(@id, \"innerSelectionPanelTable-listUl\")]/tbody/tr[6]/td[2]/div/div"}
COMMAND: GET /session/e537112f6f31df0d8590d52383dd5938/screenshot - {}
RESULT: {"using":"xpath","value":"//table[contains(@id, \"innerSelectionPanelTable-listUl\")]/tbody/tr[6]/td[2]/div/div"}
COMMAND: POST /session/e537112f6f31df0d8590d52383dd5938/element - {"using":"xpath","value":"//table[contains(@id, \"innerSelectionPanelTable-listUl\")]/tbody/tr[6]/td[3]/div/div/span/span[1]/bdi"}
RESULT: {}
RESULT: {"using":"xpath","value":"//table[contains(@id, \"innerSelectionPanelTable-listUl\")]/tbody/tr[6]/td[3]/div/div/span/span[1]/bdi"}
COMMAND: POST /session/e537112f6f31df0d8590d52383dd5938/execute/sync - {"script":"<script> [56 bytes]","args":[{"element-6066-11e4-a52e-4f735466cecf":"f.3D8655DB7C018FB3B3311B2BCD0F0E61.d.2D9A9D290EC543ABBD0438A5A3CE7783.e.11394","ELEMENT":"f.3D8655DB7C018FB3B3311B2BCD0F0E61.d.2D9A9D290EC543ABBD0438A5A3CE7783.e.11394"}]}
RESULT: {"script":"<script> [56 bytes]","args":[{"element-6066-11e4-a52e-4f735466cecf":"f.3D8655DB7C018FB3B3311B2BCD0F0E61.d.2D9A9D290EC543ABBD0438A5A3CE7783.e.11394","ELEMENT":"f.3D8655DB7C018FB3B3311B2BCD0F0E61.d.2D9A9D290EC543ABBD0438A5A3CE7783.e.11394"}]}
COMMAND: POST /session/e537112f6f31df0d8590d52383dd5938/element - {"using":"xpath","value":"//table[contains(@id, \"innerSelectionPanelTable-listUl\")]/tbody/tr[7]/td[2]/div/div"}
COMMAND: POST /session/e537112f6f31df0d8590d52383dd5938/element/f.3D8655DB7C018FB3B3311B2BCD0F0E61.d.2D9A9D290EC543ABBD0438A5A3CE7783.e.11393/click - {}
COMMAND: GET /session/e537112f6f31df0d8590d52383dd5938/screenshot - {}
RESULT: {"using":"xpath","value":"//table[contains(@id, \"innerSelectionPanelTable-listUl\")]/tbody/tr[7]/td[2]/div/div"}
COMMAND: POST /session/e537112f6f31df0d8590d52383dd5938/element - {"using":"xpath","value":"//table[contains(@id, \"innerSelectionPanelTable-listUl\")]/tbody/tr[7]/td[3]/div/div/span/span[1]/bdi"}
RESULT: {}
COMMAND: GET /session/e537112f6f31df0d8590d52383dd5938/screenshot - {}
RESULT: {}
RESULT: {"using":"xpath","value":"//table[contains(@id, \"innerSelectionPanelTable-listUl\")]/tbody/tr[7]/td[3]/div/div/span/span[1]/bdi"}
COMMAND: POST /session/e537112f6f31df0d8590d52383dd5938/execute/sync - {"script":"<script> [56 bytes]","args":[{"element-6066-11e4-a52e-4f735466cecf":"f.3D8655DB7C018FB3B3311B2BCD0F0E61.d.2D9A9D290EC543ABBD0438A5A3CE7783.e.11398","ELEMENT":"f.3D8655DB7C018FB3B3311B2BCD0F0E61.d.2D9A9D290EC543ABBD0438A5A3CE7783.e.11398"}]}
RESULT: {}
RESULT: {"script":"<script> [56 bytes]","args":[{"element-6066-11e4-a52e-4f735466cecf":"f.3D8655DB7C018FB3B3311B2BCD0F0E61.d.2D9A9D290EC543ABBD0438A5A3CE7783.e.11398","ELEMENT":"f.3D8655DB7C018FB3B3311B2BCD0F0E61.d.2D9A9D290EC543ABBD0438A5A3CE7783.e.11398"}]}
COMMAND: POST /session/e537112f6f31df0d8590d52383dd5938/element - {"using":"xpath","value":"//table[contains(@id, \"innerSelectionPanelTable-listUl\")]/tbody/tr[8]/td[2]/div/div"}
COMMAND: GET /session/e537112f6f31df0d8590d52383dd5938/screenshot - {}
RESULT: {"using":"xpath","value":"//table[contains(@id, \"innerSelectionPanelTable-listUl\")]/tbody/tr[8]/td[2]/div/div"}
COMMAND: POST /session/e537112f6f31df0d8590d52383dd5938/element - {"using":"xpath","value":"//table[contains(@id, \"innerSelectionPanelTable-listUl\")]/tbody/tr[8]/td[3]/div/div/span/span[1]/bdi"}
RESULT: {}
RESULT: {"using":"xpath","value":"//table[contains(@id, \"innerSelectionPanelTable-listUl\")]/tbody/tr[8]/td[3]/div/div/span/span[1]/bdi"}
COMMAND: POST /session/e537112f6f31df0d8590d52383dd5938/execute/sync - {"script":"<script> [56 bytes]","args":[{"element-6066-11e4-a52e-4f735466cecf":"f.3D8655DB7C018FB3B3311B2BCD0F0E61.d.2D9A9D290EC543ABBD0438A5A3CE7783.e.11400","ELEMENT":"f.3D8655DB7C018FB3B3311B2BCD0F0E61.d.2D9A9D290EC543ABBD0438A5A3CE7783.e.11400"}]}
RESULT: {"script":"<script> [56 bytes]","args":[{"element-6066-11e4-a52e-4f735466cecf":"f.3D8655DB7C018FB3B3311B2BCD0F0E61.d.2D9A9D290EC543ABBD0438A5A3CE7783.e.11400","ELEMENT":"f.3D8655DB7C018FB3B3311B2BCD0F0E61.d.2D9A9D290EC543ABBD0438A5A3CE7783.e.11400"}]}
COMMAND: POST /session/e537112f6f31df0d8590d52383dd5938/element - {"using":"xpath","value":"//table[contains(@id, \"innerSelectionPanelTable-listUl\")]/tbody/tr[9]/td[2]/div/div"}
COMMAND: GET /session/e537112f6f31df0d8590d52383dd5938/screenshot - {}
RESULT: {"using":"xpath","value":"//table[contains(@id, \"innerSelectionPanelTable-listUl\")]/tbody/tr[9]/td[2]/div/div"}
COMMAND: POST /session/e537112f6f31df0d8590d52383dd5938/element - {"using":"xpath","value":"//table[contains(@id, \"innerSelectionPanelTable-listUl\")]/tbody/tr[9]/td[3]/div/div/span/span[1]/bdi"}
RESULT: {}
RESULT: {"using":"xpath","value":"//table[contains(@id, \"innerSelectionPanelTable-listUl\")]/tbody/tr[9]/td[3]/div/div/span/span[1]/bdi"}
COMMAND: POST /session/e537112f6f31df0d8590d52383dd5938/execute/sync - {"script":"<script> [56 bytes]","args":[{"element-6066-11e4-a52e-4f735466cecf":"f.3D8655DB7C018FB3B3311B2BCD0F0E61.d.2D9A9D290EC543ABBD0438A5A3CE7783.e.11402","ELEMENT":"f.3D8655DB7C018FB3B3311B2BCD0F0E61.d.2D9A9D290EC543ABBD0438A5A3CE7783.e.11402"}]}
RESULT: {"script":"<script> [56 bytes]","args":[{"element-6066-11e4-a52e-4f735466cecf":"f.3D8655DB7C018FB3B3311B2BCD0F0E61.d.2D9A9D290EC543ABBD0438A5A3CE7783.e.11402","ELEMENT":"f.3D8655DB7C018FB3B3311B2BCD0F0E61.d.2D9A9D290EC543ABBD0438A5A3CE7783.e.11402"}]}
COMMAND: POST /session/e537112f6f31df0d8590d52383dd5938/element - {"using":"xpath","value":"//table[contains(@id, \"innerSelectionPanelTable-listUl\")]/tbody/tr[10]/td[2]/div/div"}
COMMAND: GET /session/e537112f6f31df0d8590d52383dd5938/screenshot - {}
RESULT: {"using":"xpath","value":"//table[contains(@id, \"innerSelectionPanelTable-listUl\")]/tbody/tr[10]/td[2]/div/div"}
COMMAND: POST /session/e537112f6f31df0d8590d52383dd5938/element - {"using":"xpath","value":"//table[contains(@id, \"innerSelectionPanelTable-listUl\")]/tbody/tr[10]/td[3]/div/div/span/span[1]/bdi"}
RESULT: {}
RESULT: {"using":"xpath","value":"//table[contains(@id, \"innerSelectionPanelTable-listUl\")]/tbody/tr[10]/td[3]/div/div/span/span[1]/bdi"}
COMMAND: POST /session/e537112f6f31df0d8590d52383dd5938/execute/sync - {"script":"<script> [56 bytes]","args":[{"element-6066-11e4-a52e-4f735466cecf":"f.3D8655DB7C018FB3B3311B2BCD0F0E61.d.2D9A9D290EC543ABBD0438A5A3CE7783.e.11404","ELEMENT":"f.3D8655DB7C018FB3B3311B2BCD0F0E61.d.2D9A9D290EC543ABBD0438A5A3CE7783.e.11404"}]}
RESULT: {"script":"<script> [56 bytes]","args":[{"element-6066-11e4-a52e-4f735466cecf":"f.3D8655DB7C018FB3B3311B2BCD0F0E61.d.2D9A9D290EC543ABBD0438A5A3CE7783.e.11404","ELEMENT":"f.3D8655DB7C018FB3B3311B2BCD0F0E61.d.2D9A9D290EC543ABBD0438A5A3CE7783.e.11404"}]}
COMMAND: POST /session/e537112f6f31df0d8590d52383dd5938/element - {"using":"xpath","value":"//table[contains(@id, \"innerSelectionPanelTable-listUl\")]/tbody/tr[11]/td[2]/div/div"}
COMMAND: GET /session/e537112f6f31df0d8590d52383dd5938/screenshot - {}
RESULT: {"using":"xpath","value":"//table[contains(@id, \"innerSelectionPanelTable-listUl\")]/tbody/tr[11]/td[2]/div/div"}
COMMAND: POST /session/e537112f6f31df0d8590d52383dd5938/element - {"using":"xpath","value":"//table[contains(@id, \"innerSelectionPanelTable-listUl\")]/tbody/tr[11]/td[3]/div/div/span/span[1]/bdi"}
RESULT: {}
RESULT: {"using":"xpath","value":"//table[contains(@id, \"innerSelectionPanelTable-listUl\")]/tbody/tr[11]/td[3]/div/div/span/span[1]/bdi"}
COMMAND: POST /session/e537112f6f31df0d8590d52383dd5938/execute/sync - {"script":"<script> [56 bytes]","args":[{"element-6066-11e4-a52e-4f735466cecf":"f.3D8655DB7C018FB3B3311B2BCD0F0E61.d.2D9A9D290EC543ABBD0438A5A3CE7783.e.11406","ELEMENT":"f.3D8655DB7C018FB3B3311B2BCD0F0E61.d.2D9A9D290EC543ABBD0438A5A3CE7783.e.11406"}]}
RESULT: {"script":"<script> [56 bytes]","args":[{"element-6066-11e4-a52e-4f735466cecf":"f.3D8655DB7C018FB3B3311B2BCD0F0E61.d.2D9A9D290EC543ABBD0438A5A3CE7783.e.11406","ELEMENT":"f.3D8655DB7C018FB3B3311B2BCD0F0E61.d.2D9A9D290EC543ABBD0438A5A3CE7783.e.11406"}]}
COMMAND: POST /session/e537112f6f31df0d8590d52383dd5938/element - {"using":"xpath","value":"//table[contains(@id, \"innerSelectionPanelTable-listUl\")]/tbody/tr[12]/td[2]/div/div"}
COMMAND: GET /session/e537112f6f31df0d8590d52383dd5938/screenshot - {}
RESULT: {"using":"xpath","value":"//table[contains(@id, \"innerSelectionPanelTable-listUl\")]/tbody/tr[12]/td[2]/div/div"}
COMMAND: POST /session/e537112f6f31df0d8590d52383dd5938/element - {"using":"xpath","value":"//table[contains(@id, \"innerSelectionPanelTable-listUl\")]/tbody/tr[12]/td[3]/div/div/span/span[1]/bdi"}
RESULT: {}
RESULT: {"using":"xpath","value":"//table[contains(@id, \"innerSelectionPanelTable-listUl\")]/tbody/tr[12]/td[3]/div/div/span/span[1]/bdi"}
COMMAND: POST /session/e537112f6f31df0d8590d52383dd5938/execute/sync - {"script":"<script> [56 bytes]","args":[{"element-6066-11e4-a52e-4f735466cecf":"f.3D8655DB7C018FB3B3311B2BCD0F0E61.d.2D9A9D290EC543ABBD0438A5A3CE7783.e.11408","ELEMENT":"f.3D8655DB7C018FB3B3311B2BCD0F0E61.d.2D9A9D290EC543ABBD0438A5A3CE7783.e.11408"}]}
RESULT: {"script":"<script> [56 bytes]","args":[{"element-6066-11e4-a52e-4f735466cecf":"f.3D8655DB7C018FB3B3311B2BCD0F0E61.d.2D9A9D290EC543ABBD0438A5A3CE7783.e.11408","ELEMENT":"f.3D8655DB7C018FB3B3311B2BCD0F0E61.d.2D9A9D290EC543ABBD0438A5A3CE7783.e.11408"}]}
COMMAND: POST /session/e537112f6f31df0d8590d52383dd5938/element - {"using":"xpath","value":"//table[contains(@id, \"innerSelectionPanelTable-listUl\")]/tbody/tr[13]/td[2]/div/div"}
COMMAND: POST /session/e537112f6f31df0d8590d52383dd5938/element/f.3D8655DB7C018FB3B3311B2BCD0F0E61.d.2D9A9D290EC543ABBD0438A5A3CE7783.e.11407/click - {}
COMMAND: GET /session/e537112f6f31df0d8590d52383dd5938/screenshot - {}
RESULT: {"using":"xpath","value":"//table[contains(@id, \"innerSelectionPanelTable-listUl\")]/tbody/tr[13]/td[2]/div/div"}
COMMAND: POST /session/e537112f6f31df0d8590d52383dd5938/element - {"using":"xpath","value":"//table[contains(@id, \"innerSelectionPanelTable-listUl\")]/tbody/tr[13]/td[3]/div/div/span/span[1]/bdi"}
RESULT: {}
COMMAND: GET /session/e537112f6f31df0d8590d52383dd5938/screenshot - {}
RESULT: {}
RESULT: {"using":"xpath","value":"//table[contains(@id, \"innerSelectionPanelTable-listUl\")]/tbody/tr[13]/td[3]/div/div/span/span[1]/bdi"}
COMMAND: POST /session/e537112f6f31df0d8590d52383dd5938/execute/sync - {"script":"<script> [56 bytes]","args":[{"element-6066-11e4-a52e-4f735466cecf":"f.3D8655DB7C018FB3B3311B2BCD0F0E61.d.2D9A9D290EC543ABBD0438A5A3CE7783.e.11412","ELEMENT":"f.3D8655DB7C018FB3B3311B2BCD0F0E61.d.2D9A9D290EC543ABBD0438A5A3CE7783.e.11412"}]}
RESULT: {}
RESULT: {"script":"<script> [56 bytes]","args":[{"element-6066-11e4-a52e-4f735466cecf":"f.3D8655DB7C018FB3B3311B2BCD0F0E61.d.2D9A9D290EC543ABBD0438A5A3CE7783.e.11412","ELEMENT":"f.3D8655DB7C018FB3B3311B2BCD0F0E61.d.2D9A9D290EC543ABBD0438A5A3CE7783.e.11412"}]}
COMMAND: POST /session/e537112f6f31df0d8590d52383dd5938/element - {"using":"xpath","value":"//table[contains(@id, \"innerSelectionPanelTable-listUl\")]/tbody/tr[14]/td[2]/div/div"}
COMMAND: GET /session/e537112f6f31df0d8590d52383dd5938/screenshot - {}
RESULT: {"using":"xpath","value":"//table[contains(@id, \"innerSelectionPanelTable-listUl\")]/tbody/tr[14]/td[2]/div/div"}
COMMAND: POST /session/e537112f6f31df0d8590d52383dd5938/element - {"using":"xpath","value":"//table[contains(@id, \"innerSelectionPanelTable-listUl\")]/tbody/tr[14]/td[3]/div/div/span/span[1]/bdi"}
RESULT: {}
RESULT: {"using":"xpath","value":"//table[contains(@id, \"innerSelectionPanelTable-listUl\")]/tbody/tr[14]/td[3]/div/div/span/span[1]/bdi"}
COMMAND: POST /session/e537112f6f31df0d8590d52383dd5938/execute/sync - {"script":"<script> [56 bytes]","args":[{"element-6066-11e4-a52e-4f735466cecf":"f.3D8655DB7C018FB3B3311B2BCD0F0E61.d.2D9A9D290EC543ABBD0438A5A3CE7783.e.11414","ELEMENT":"f.3D8655DB7C018FB3B3311B2BCD0F0E61.d.2D9A9D290EC543ABBD0438A5A3CE7783.e.11414"}]}
RESULT: {"script":"<script> [56 bytes]","args":[{"element-6066-11e4-a52e-4f735466cecf":"f.3D8655DB7C018FB3B3311B2BCD0F0E61.d.2D9A9D290EC543ABBD0438A5A3CE7783.e.11414","ELEMENT":"f.3D8655DB7C018FB3B3311B2BCD0F0E61.d.2D9A9D290EC543ABBD0438A5A3CE7783.e.11414"}]}
COMMAND: POST /session/e537112f6f31df0d8590d52383dd5938/element - {"using":"xpath","value":"//bdi[contains(text(), \"OK\")]"}
COMMAND: GET /session/e537112f6f31df0d8590d52383dd5938/screenshot - {}
RESULT: {"using":"xpath","value":"//bdi[contains(text(), \"OK\")]"}
COMMAND: POST /session/e537112f6f31df0d8590d52383dd5938/element/f.3D8655DB7C018FB3B3311B2BCD0F0E61.d.2D9A9D290EC543ABBD0438A5A3CE7783.e.11415/click - {}
RESULT: {}
RESULT: {}
COMMAND: GET /session/e537112f6f31df0d8590d52383dd5938/screenshot - {}
RESULT: {}
COMMAND: POST /session/e537112f6f31df0d8590d52383dd5938/element - {"using":"xpath","value":"//table[contains(@id, \"customPartnersTable-listUl\")]/thead/tr[1]/th[contains(., \"Catalog\")]"}
RESULT: {"using":"xpath","value":"//table[contains(@id, \"customPartnersTable-listUl\")]/thead/tr[1]/th[contains(., \"Catalog\")]"}
COMMAND: POST /session/e537112f6f31df0d8590d52383dd5938/elements - {"using":"xpath","value":"//table[contains(@id, \"customPartnersTable-listUl\")]/thead/tr[1]/th[contains(., \"Catalog\")]"}
RESULT: {"using":"xpath","value":"//table[contains(@id, \"customPartnersTable-listUl\")]/thead/tr[1]/th[contains(., \"Catalog\")]"}
COMMAND: POST /session/e537112f6f31df0d8590d52383dd5938/element - {"using":"xpath","value":"//table[contains(@id, \"customPartnersTable-listUl\")]/thead/tr[1]/th[contains(., \"Currency\")]"}
RESULT: {"using":"xpath","value":"//table[contains(@id, \"customPartnersTable-listUl\")]/thead/tr[1]/th[contains(., \"Currency\")]"}
COMMAND: POST /session/e537112f6f31df0d8590d52383dd5938/elements - {"using":"xpath","value":"//table[contains(@id, \"customPartnersTable-listUl\")]/thead/tr[1]/th[contains(., \"Currency\")]"}
RESULT: {"using":"xpath","value":"//table[contains(@id, \"customPartnersTable-listUl\")]/thead/tr[1]/th[contains(., \"Currency\")]"}
COMMAND: POST /session/e537112f6f31df0d8590d52383dd5938/element - {"using":"xpath","value":"//table[contains(@id, \"customPartnersTable-listUl\")]/thead/tr[1]/th[contains(., \"Partner Type\")]"}
RESULT: {"using":"xpath","value":"//table[contains(@id, \"customPartnersTable-listUl\")]/thead/tr[1]/th[contains(., \"Partner Type\")]"}
COMMAND: POST /session/e537112f6f31df0d8590d52383dd5938/elements - {"using":"xpath","value":"//table[contains(@id, \"customPartnersTable-listUl\")]/thead/tr[1]/th[contains(., \"Partner Type\")]"}
RESULT: {"using":"xpath","value":"//table[contains(@id, \"customPartnersTable-listUl\")]/thead/tr[1]/th[contains(., \"Partner Type\")]"}
COMMAND: POST /session/e537112f6f31df0d8590d52383dd5938/execute/async - {"script":"<script> [1562 bytes]","args":[{"selector":{"id":"application-managepartners-display-component---masterPtm--smartTable-btnExcelExport-internalSplitBtn-textButton-img"},"wdio_ui5_key":"applicationmanagepartners-display-component---masterPtm--smartTable-btnExcelExport-internalSplitBtn-textButton-img"}]}
RESULT: {"script":"<script> [1562 bytes]","args":[{"selector":{"id":"application-managepartners-display-component---masterPtm--smartTable-btnExcelExport-internalSplitBtn-textButton-img"},"wdio_ui5_key":"applicationmanagepartners-display-component---masterPtm--smartTable-btnExcelExport-internalSplitBtn-textButton-img"}]}
RESULT: undefined
COMMAND: POST /session/e537112f6f31df0d8590d52383dd5938/element - {"using":"xpath","value":"//*[@id=\"application-managepartners-display-component---masterPtm--smartTable-btnExcelExport-internalSplitBtn-textButton-img\"]"}
RESULT: {"using":"xpath","value":"//*[@id=\"application-managepartners-display-component---masterPtm--smartTable-btnExcelExport-internalSplitBtn-textButton-img\"]"}
COMMAND: POST /session/e537112f6f31df0d8590d52383dd5938/element/f.3D8655DB7C018FB3B3311B2BCD0F0E61.d.2D9A9D290EC543ABBD0438A5A3CE7783.e.9244/click - {}
RESULT: {}
COMMAND: POST /session/e537112f6f31df0d8590d52383dd5938/element - {"using":"css selector","value":"div.sapMDialog, div.sapMBusyDialog"}
COMMAND: GET /session/e537112f6f31df0d8590d52383dd5938/screenshot - {}
RESULT: {"using":"css selector","value":"div.sapMDialog, div.sapMBusyDialog"}
COMMAND: POST /session/e537112f6f31df0d8590d52383dd5938/execute/sync - {"script":"<script> [8489 bytes]","args":[{"element-6066-11e4-a52e-4f735466cecf":"f.3D8655DB7C018FB3B3311B2BCD0F0E61.d.2D9A9D290EC543ABBD0438A5A3CE7783.e.11593","ELEMENT":"f.3D8655DB7C018FB3B3311B2BCD0F0E61.d.2D9A9D290EC543ABBD0438A5A3CE7783.e.11593"}]}
RESULT: {}
RESULT: {"script":"<script> [8489 bytes]","args":[{"element-6066-11e4-a52e-4f735466cecf":"f.3D8655DB7C018FB3B3311B2BCD0F0E61.d.2D9A9D290EC543ABBD0438A5A3CE7783.e.11593","ELEMENT":"f.3D8655DB7C018FB3B3311B2BCD0F0E61.d.2D9A9D290EC543ABBD0438A5A3CE7783.e.11593"}]}
COMMAND: POST /session/e537112f6f31df0d8590d52383dd5938/execute/sync - {"script":"<script> [8489 bytes]","args":[{"element-6066-11e4-a52e-4f735466cecf":"f.3D8655DB7C018FB3B3311B2BCD0F0E61.d.2D9A9D290EC543ABBD0438A5A3CE7783.e.11593","ELEMENT":"f.3D8655DB7C018FB3B3311B2BCD0F0E61.d.2D9A9D290EC543ABBD0438A5A3CE7783.e.11593"}]}
COMMAND: GET /session/e537112f6f31df0d8590d52383dd5938/screenshot - {}
RESULT: {"script":"<script> [8489 bytes]","args":[{"element-6066-11e4-a52e-4f735466cecf":"f.3D8655DB7C018FB3B3311B2BCD0F0E61.d.2D9A9D290EC543ABBD0438A5A3CE7783.e.11593","ELEMENT":"f.3D8655DB7C018FB3B3311B2BCD0F0E61.d.2D9A9D290EC543ABBD0438A5A3CE7783.e.11593"}]}
COMMAND: GET /session/e537112f6f31df0d8590d52383dd5938/screenshot - {}
COMMAND: POST /session/e537112f6f31df0d8590d52383dd5938/execute/sync - {"script":"<script> [8489 bytes]","args":[{"element-6066-11e4-a52e-4f735466cecf":"f.3D8655DB7C018FB3B3311B2BCD0F0E61.d.2D9A9D290EC543ABBD0438A5A3CE7783.e.11593","ELEMENT":"f.3D8655DB7C018FB3B3311B2BCD0F0E61.d.2D9A9D290EC543ABBD0438A5A3CE7783.e.11593"}]}
RESULT: {}
RESULT: {}
RESULT: {"script":"<script> [8489 bytes]","args":[{"element-6066-11e4-a52e-4f735466cecf":"f.3D8655DB7C018FB3B3311B2BCD0F0E61.d.2D9A9D290EC543ABBD0438A5A3CE7783.e.11593","ELEMENT":"f.3D8655DB7C018FB3B3311B2BCD0F0E61.d.2D9A9D290EC543ABBD0438A5A3CE7783.e.11593"}]}
COMMAND: GET /session/e537112f6f31df0d8590d52383dd5938/screenshot - {}
COMMAND: POST /session/e537112f6f31df0d8590d52383dd5938/execute/sync - {"script":"<script> [8489 bytes]","args":[{"element-6066-11e4-a52e-4f735466cecf":"f.3D8655DB7C018FB3B3311B2BCD0F0E61.d.2D9A9D290EC543ABBD0438A5A3CE7783.e.11593","ELEMENT":"f.3D8655DB7C018FB3B3311B2BCD0F0E61.d.2D9A9D290EC543ABBD0438A5A3CE7783.e.11593"}]}
RESULT: {"script":"<script> [8489 bytes]","args":[{"element-6066-11e4-a52e-4f735466cecf":"f.3D8655DB7C018FB3B3311B2BCD0F0E61.d.2D9A9D290EC543ABBD0438A5A3CE7783.e.11593","ELEMENT":"f.3D8655DB7C018FB3B3311B2BCD0F0E61.d.2D9A9D290EC543ABBD0438A5A3CE7783.e.11593"}]}
COMMAND: GET /session/e537112f6f31df0d8590d52383dd5938/screenshot - {}
COMMAND: POST /session/e537112f6f31df0d8590d52383dd5938/execute/sync - {"script":"<script> [8489 bytes]","args":[{"element-6066-11e4-a52e-4f735466cecf":"f.3D8655DB7C018FB3B3311B2BCD0F0E61.d.2D9A9D290EC543ABBD0438A5A3CE7783.e.11593","ELEMENT":"f.3D8655DB7C018FB3B3311B2BCD0F0E61.d.2D9A9D290EC543ABBD0438A5A3CE7783.e.11593"}]}
RESULT: {}
RESULT: {}
COMMAND: POST /session/e537112f6f31df0d8590d52383dd5938/element - {"using":"css selector","value":"div.sapMDialog, div.sapMBusyDialog"}
RESULT: {"using":"css selector","value":"div.sapMDialog, div.sapMBusyDialog"}
COMMAND: POST /session/e537112f6f31df0d8590d52383dd5938/element - {"using":"css selector","value":"div.sapMDialog, div.sapMBusyDialog"}
RESULT: {"using":"css selector","value":"div.sapMDialog, div.sapMBusyDialog"}
COMMAND: POST /session/e537112f6f31df0d8590d52383dd5938/execute/async - {"script":"<script> [1562 bytes]","args":[{"selector":{"id":"application-managepartners-display-component---masterPtm--smartTable-btnExcelExport-internalSplitBtn-arrowButton-img"},"wdio_ui5_key":"applicationmanagepartners-display-component---masterPtm--smartTable-btnExcelExport-internalSplitBtn-arrowButton-img"}]}
RESULT: {"script":"<script> [1562 bytes]","args":[{"selector":{"id":"application-managepartners-display-component---masterPtm--smartTable-btnExcelExport-internalSplitBtn-arrowButton-img"},"wdio_ui5_key":"applicationmanagepartners-display-component---masterPtm--smartTable-btnExcelExport-internalSplitBtn-arrowButton-img"}]}
RESULT: undefined
COMMAND: POST /session/e537112f6f31df0d8590d52383dd5938/element - {"using":"xpath","value":"//*[@id=\"application-managepartners-display-component---masterPtm--smartTable-btnExcelExport-internalSplitBtn-arrowButton-img\"]"}
RESULT: {"using":"xpath","value":"//*[@id=\"application-managepartners-display-component---masterPtm--smartTable-btnExcelExport-internalSplitBtn-arrowButton-img\"]"}
COMMAND: POST /session/e537112f6f31df0d8590d52383dd5938/element/f.3D8655DB7C018FB3B3311B2BCD0F0E61.d.2D9A9D290EC543ABBD0438A5A3CE7783.e.9247/click - {}
RESULT: {}
COMMAND: GET /session/e537112f6f31df0d8590d52383dd5938/screenshot - {}
RESULT: {}
COMMAND: POST /session/e537112f6f31df0d8590d52383dd5938/actions - {"actions":[{"id":"action33","type":"key","parameters":{},"actions":[{"type":"keyDown","value":""},{"type":"pause","duration":10},{"type":"keyUp","value":""}]}]}
RESULT: {"actions":[{"id":"action33","type":"key","parameters":{},"actions":[{"type":"keyDown","value":""},{"type":"pause","duration":10},{"type":"keyUp","value":""}]}]}
COMMAND: POST /session/e537112f6f31df0d8590d52383dd5938/actions - {"actions":[{"id":"action34","type":"key","parameters":{},"actions":[{"type":"keyDown","value":""},{"type":"pause","duration":10},{"type":"keyUp","value":""}]}]}
COMMAND: GET /session/e537112f6f31df0d8590d52383dd5938/screenshot - {}
RESULT: {"actions":[{"id":"action34","type":"key","parameters":{},"actions":[{"type":"keyDown","value":""},{"type":"pause","duration":10},{"type":"keyUp","value":""}]}]}
COMMAND: GET /session/e537112f6f31df0d8590d52383dd5938/screenshot - {}
RESULT: {}
RESULT: {}
COMMAND: POST /session/e537112f6f31df0d8590d52383dd5938/element - {"using":"xpath","value":"//div[@id=\"exportSettingsDialog\"]"}
RESULT: {"using":"xpath","value":"//div[@id=\"exportSettingsDialog\"]"}
COMMAND: POST /session/e537112f6f31df0d8590d52383dd5938/execute/sync - {"script":"<script> [8489 bytes]","args":[{"element-6066-11e4-a52e-4f735466cecf":"f.3D8655DB7C018FB3B3311B2BCD0F0E61.d.2D9A9D290EC543ABBD0438A5A3CE7783.e.11602","ELEMENT":"f.3D8655DB7C018FB3B3311B2BCD0F0E61.d.2D9A9D290EC543ABBD0438A5A3CE7783.e.11602"}]}
RESULT: {"script":"<script> [8489 bytes]","args":[{"element-6066-11e4-a52e-4f735466cecf":"f.3D8655DB7C018FB3B3311B2BCD0F0E61.d.2D9A9D290EC543ABBD0438A5A3CE7783.e.11602","ELEMENT":"f.3D8655DB7C018FB3B3311B2BCD0F0E61.d.2D9A9D290EC543ABBD0438A5A3CE7783.e.11602"}]}
COMMAND: GET /session/e537112f6f31df0d8590d52383dd5938/screenshot - {}
RESULT: {}
COMMAND: POST /session/e537112f6f31df0d8590d52383dd5938/element - {"using":"xpath","value":"//button[contains(@id,\"exportSettingsDialog-exportButton\")]"}
RESULT: {"using":"xpath","value":"//button[contains(@id,\"exportSettingsDialog-exportButton\")]"}
COMMAND: POST /session/e537112f6f31df0d8590d52383dd5938/element/f.3D8655DB7C018FB3B3311B2BCD0F0E61.d.2D9A9D290EC543ABBD0438A5A3CE7783.e.11603/click - {}
RESULT: {}
COMMAND: GET /session/e537112f6f31df0d8590d52383dd5938/screenshot - {}
RESULT: {}
COMMAND: POST /session/e537112f6f31df0d8590d52383dd5938/element - {"using":"css selector","value":"div.sapMDialog, div.sapMBusyDialog"}
RESULT: {"using":"css selector","value":"div.sapMDialog, div.sapMBusyDialog"}
COMMAND: POST /session/e537112f6f31df0d8590d52383dd5938/execute/sync - {"script":"<script> [8489 bytes]","args":[{"element-6066-11e4-a52e-4f735466cecf":"f.3D8655DB7C018FB3B3311B2BCD0F0E61.d.2D9A9D290EC543ABBD0438A5A3CE7783.e.11606","ELEMENT":"f.3D8655DB7C018FB3B3311B2BCD0F0E61.d.2D9A9D290EC543ABBD0438A5A3CE7783.e.11606"}]}
RESULT: {"script":"<script> [8489 bytes]","args":[{"element-6066-11e4-a52e-4f735466cecf":"f.3D8655DB7C018FB3B3311B2BCD0F0E61.d.2D9A9D290EC543ABBD0438A5A3CE7783.e.11606","ELEMENT":"f.3D8655DB7C018FB3B3311B2BCD0F0E61.d.2D9A9D290EC543ABBD0438A5A3CE7783.e.11606"}]}
COMMAND: POST /session/e537112f6f31df0d8590d52383dd5938/execute/sync - {"script":"<script> [8489 bytes]","args":[{"element-6066-11e4-a52e-4f735466cecf":"f.3D8655DB7C018FB3B3311B2BCD0F0E61.d.2D9A9D290EC543ABBD0438A5A3CE7783.e.11606","ELEMENT":"f.3D8655DB7C018FB3B3311B2BCD0F0E61.d.2D9A9D290EC543ABBD0438A5A3CE7783.e.11606"}]}
COMMAND: GET /session/e537112f6f31df0d8590d52383dd5938/screenshot - {}
RESULT: {"script":"<script> [8489 bytes]","args":[{"element-6066-11e4-a52e-4f735466cecf":"f.3D8655DB7C018FB3B3311B2BCD0F0E61.d.2D9A9D290EC543ABBD0438A5A3CE7783.e.11606","ELEMENT":"f.3D8655DB7C018FB3B3311B2BCD0F0E61.d.2D9A9D290EC543ABBD0438A5A3CE7783.e.11606"}]}
COMMAND: GET /session/e537112f6f31df0d8590d52383dd5938/screenshot - {}
RESULT: {}
COMMAND: POST /session/e537112f6f31df0d8590d52383dd5938/execute/sync - {"script":"<script> [8489 bytes]","args":[{"element-6066-11e4-a52e-4f735466cecf":"f.3D8655DB7C018FB3B3311B2BCD0F0E61.d.2D9A9D290EC543ABBD0438A5A3CE7783.e.11606","ELEMENT":"f.3D8655DB7C018FB3B3311B2BCD0F0E61.d.2D9A9D290EC543ABBD0438A5A3CE7783.e.11606"}]}
RESULT: {}
RESULT: {"script":"<script> [8489 bytes]","args":[{"element-6066-11e4-a52e-4f735466cecf":"f.3D8655DB7C018FB3B3311B2BCD0F0E61.d.2D9A9D290EC543ABBD0438A5A3CE7783.e.11606","ELEMENT":"f.3D8655DB7C018FB3B3311B2BCD0F0E61.d.2D9A9D290EC543ABBD0438A5A3CE7783.e.11606"}]}
COMMAND: GET /session/e537112f6f31df0d8590d52383dd5938/screenshot - {}
COMMAND: POST /session/e537112f6f31df0d8590d52383dd5938/execute/sync - {"script":"<script> [8489 bytes]","args":[{"element-6066-11e4-a52e-4f735466cecf":"f.3D8655DB7C018FB3B3311B2BCD0F0E61.d.2D9A9D290EC543ABBD0438A5A3CE7783.e.11606","ELEMENT":"f.3D8655DB7C018FB3B3311B2BCD0F0E61.d.2D9A9D290EC543ABBD0438A5A3CE7783.e.11606"}]}
RESULT: {}
RESULT: {"script":"<script> [8489 bytes]","args":[{"element-6066-11e4-a52e-4f735466cecf":"f.3D8655DB7C018FB3B3311B2BCD0F0E61.d.2D9A9D290EC543ABBD0438A5A3CE7783.e.11606","ELEMENT":"f.3D8655DB7C018FB3B3311B2BCD0F0E61.d.2D9A9D290EC543ABBD0438A5A3CE7783.e.11606"}]}
COMMAND: GET /session/e537112f6f31df0d8590d52383dd5938/screenshot - {}
COMMAND: POST /session/e537112f6f31df0d8590d52383dd5938/execute/sync - {"script":"<script> [8489 bytes]","args":[{"element-6066-11e4-a52e-4f735466cecf":"f.3D8655DB7C018FB3B3311B2BCD0F0E61.d.2D9A9D290EC543ABBD0438A5A3CE7783.e.11606","ELEMENT":"f.3D8655DB7C018FB3B3311B2BCD0F0E61.d.2D9A9D290EC543ABBD0438A5A3CE7783.e.11606"}]}
RESULT: {}
RESULT: {"script":"<script> [8489 bytes]","args":[{"element-6066-11e4-a52e-4f735466cecf":"f.3D8655DB7C018FB3B3311B2BCD0F0E61.d.2D9A9D290EC543ABBD0438A5A3CE7783.e.11606","ELEMENT":"f.3D8655DB7C018FB3B3311B2BCD0F0E61.d.2D9A9D290EC543ABBD0438A5A3CE7783.e.11606"}]}
COMMAND: GET /session/e537112f6f31df0d8590d52383dd5938/screenshot - {}
COMMAND: POST /session/e537112f6f31df0d8590d52383dd5938/execute/sync - {"script":"<script> [8489 bytes]","args":[{"element-6066-11e4-a52e-4f735466cecf":"f.3D8655DB7C018FB3B3311B2BCD0F0E61.d.2D9A9D290EC543ABBD0438A5A3CE7783.e.11606","ELEMENT":"f.3D8655DB7C018FB3B3311B2BCD0F0E61.d.2D9A9D290EC543ABBD0438A5A3CE7783.e.11606"}]}
RESULT: {}
RESULT: {"script":"<script> [8489 bytes]","args":[{"element-6066-11e4-a52e-4f735466cecf":"f.3D8655DB7C018FB3B3311B2BCD0F0E61.d.2D9A9D290EC543ABBD0438A5A3CE7783.e.11606","ELEMENT":"f.3D8655DB7C018FB3B3311B2BCD0F0E61.d.2D9A9D290EC543ABBD0438A5A3CE7783.e.11606"}]}
COMMAND: GET /session/e537112f6f31df0d8590d52383dd5938/screenshot - {}
COMMAND: POST /session/e537112f6f31df0d8590d52383dd5938/execute/sync - {"script":"<script> [8489 bytes]","args":[{"element-6066-11e4-a52e-4f735466cecf":"f.3D8655DB7C018FB3B3311B2BCD0F0E61.d.2D9A9D290EC543ABBD0438A5A3CE7783.e.11606","ELEMENT":"f.3D8655DB7C018FB3B3311B2BCD0F0E61.d.2D9A9D290EC543ABBD0438A5A3CE7783.e.11606"}]}
RESULT: {}
COMMAND: POST /session/e537112f6f31df0d8590d52383dd5938/element - {"using":"css selector","value":"div.sapMDialog, div.sapMBusyDialog"}
RESULT: {"using":"css selector","value":"div.sapMDialog, div.sapMBusyDialog"}
COMMAND: POST /session/e537112f6f31df0d8590d52383dd5938/element - {"using":"css selector","value":"div.sapMDialog, div.sapMBusyDialog"}
RESULT: {"using":"css selector","value":"div.sapMDialog, div.sapMBusyDialog"}
COMMAND: POST /session/e537112f6f31df0d8590d52383dd5938/execute/async - {"script":"<script> [1562 bytes]","args":[{"selector":{"id":"application-managepartners-display-component---masterPtm--smartTable-btnFullScreen-img"},"wdio_ui5_key":"applicationmanagepartners-display-component---masterPtm--smartTable-btnFullScreen-img"}]}
RESULT: {"script":"<script> [1562 bytes]","args":[{"selector":{"id":"application-managepartners-display-component---masterPtm--smartTable-btnFullScreen-img"},"wdio_ui5_key":"applicationmanagepartners-display-component---masterPtm--smartTable-btnFullScreen-img"}]}
RESULT: undefined
COMMAND: POST /session/e537112f6f31df0d8590d52383dd5938/element - {"using":"xpath","value":"//*[@id=\"application-managepartners-display-component---masterPtm--smartTable-btnFullScreen-img\"]"}
RESULT: {"using":"xpath","value":"//*[@id=\"application-managepartners-display-component---masterPtm--smartTable-btnFullScreen-img\"]"}
COMMAND: POST /session/e537112f6f31df0d8590d52383dd5938/element/f.3D8655DB7C018FB3B3311B2BCD0F0E61.d.2D9A9D290EC543ABBD0438A5A3CE7783.e.9250/click - {}
RESULT: {}
COMMAND: GET /session/e537112f6f31df0d8590d52383dd5938/screenshot - {}
RESULT: {}
COMMAND: POST /session/e537112f6f31df0d8590d52383dd5938/element - {"using":"xpath","value":"//div[contains(@role,\"dialog\") and contains(@id, \"dialog\")]"}
RESULT: {"using":"xpath","value":"//div[contains(@role,\"dialog\") and contains(@id, \"dialog\")]"}
COMMAND: POST /session/e537112f6f31df0d8590d52383dd5938/execute/sync - {"script":"<script> [8489 bytes]","args":[{"element-6066-11e4-a52e-4f735466cecf":"f.3D8655DB7C018FB3B3311B2BCD0F0E61.d.2D9A9D290EC543ABBD0438A5A3CE7783.e.11613","ELEMENT":"f.3D8655DB7C018FB3B3311B2BCD0F0E61.d.2D9A9D290EC543ABBD0438A5A3CE7783.e.11613"}]}
RESULT: {"script":"<script> [8489 bytes]","args":[{"element-6066-11e4-a52e-4f735466cecf":"f.3D8655DB7C018FB3B3311B2BCD0F0E61.d.2D9A9D290EC543ABBD0438A5A3CE7783.e.11613","ELEMENT":"f.3D8655DB7C018FB3B3311B2BCD0F0E61.d.2D9A9D290EC543ABBD0438A5A3CE7783.e.11613"}]}
COMMAND: GET /session/e537112f6f31df0d8590d52383dd5938/screenshot - {}
RESULT: {}
RESULT: undefined
COMMAND: POST /session/e537112f6f31df0d8590d52383dd5938/element - {"using":"xpath","value":"//*[@id=\"application-managepartners-display-component---masterPtm--smartTable-btnFullScreen-img\"]"}
RESULT: {"using":"xpath","value":"//*[@id=\"application-managepartners-display-component---masterPtm--smartTable-btnFullScreen-img\"]"}
COMMAND: POST /session/e537112f6f31df0d8590d52383dd5938/element/f.3D8655DB7C018FB3B3311B2BCD0F0E61.d.2D9A9D290EC543ABBD0438A5A3CE7783.e.9250/click - {}
RESULT: {}
COMMAND: GET /session/e537112f6f31df0d8590d52383dd5938/screenshot - {}
RESULT: {}
COMMAND: POST /session/e537112f6f31df0d8590d52383dd5938/element - {"using":"xpath","value":"//div[contains(@role,\"dialog\") and contains(@id, \"dialog\")]"}
RESULT: {"using":"xpath","value":"//div[contains(@role,\"dialog\") and contains(@id, \"dialog\")]"}
COMMAND: POST /session/e537112f6f31df0d8590d52383dd5938/element - {"using":"xpath","value":"//div[contains(@role,\"dialog\") and contains(@id, \"dialog\")]"}
RESULT: {"using":"xpath","value":"//div[contains(@role,\"dialog\") and contains(@id, \"dialog\")]"}
RESULT: undefined
COMMAND: POST /session/e537112f6f31df0d8590d52383dd5938/execute/async - {"script":"<script> [776 bytes]","args":[{"enterText":"1243","selector":{"id":"application-managepartners-display-component---masterPtm--smartFilterBar-btnBasicSearch","interaction":{"idSuffix":"I"}},"clearTextFirst":true,"interactionType":"ENTER_TEXT"}]}
RESULT: {"script":"<script> [776 bytes]","args":[{"enterText":"1243","selector":{"id":"application-managepartners-display-component---masterPtm--smartFilterBar-btnBasicSearch","interaction":{"idSuffix":"I"}},"clearTextFirst":true,"interactionType":"ENTER_TEXT"}]}
COMMAND: POST /session/e537112f6f31df0d8590d52383dd5938/actions - {"actions":[{"id":"action35","type":"key","parameters":{},"actions":[{"type":"keyDown","value":""},{"type":"pause","duration":10},{"type":"keyUp","value":""}]}]}
RESULT: {"actions":[{"id":"action35","type":"key","parameters":{},"actions":[{"type":"keyDown","value":""},{"type":"pause","duration":10},{"type":"keyUp","value":""}]}]}
COMMAND: GET /session/e537112f6f31df0d8590d52383dd5938/screenshot - {}
RESULT: {}
COMMAND: POST /session/e537112f6f31df0d8590d52383dd5938/elements - {"using":"xpath","value":"//table[contains(@id, \"customPartnersTable-listUl\")]/tbody/tr"}
RESULT: {"using":"xpath","value":"//table[contains(@id, \"customPartnersTable-listUl\")]/tbody/tr"}
COMMAND: POST /session/e537112f6f31df0d8590d52383dd5938/element - {"using":"xpath","value":"//table[contains(@id, \"customPartnersTable-listUl\")]/tbody/tr[1]/td[3]/span"}
RESULT: {"using":"xpath","value":"//table[contains(@id, \"customPartnersTable-listUl\")]/tbody/tr[1]/td[3]/span"}
COMMAND: POST /session/e537112f6f31df0d8590d52383dd5938/elements - {"using":"xpath","value":"//table[contains(@id, \"customPartnersTable-listUl\")]/tbody/tr[1]/td[3]/span"}
RESULT: {"using":"xpath","value":"//table[contains(@id, \"customPartnersTable-listUl\")]/tbody/tr[1]/td[3]/span"}
COMMAND: POST /session/e537112f6f31df0d8590d52383dd5938/execute/sync - {"script":"<script> [56 bytes]","args":[{"element-6066-11e4-a52e-4f735466cecf":"f.3D8655DB7C018FB3B3311B2BCD0F0E61.d.2D9A9D290EC543ABBD0438A5A3CE7783.e.11626","ELEMENT":"f.3D8655DB7C018FB3B3311B2BCD0F0E61.d.2D9A9D290EC543ABBD0438A5A3CE7783.e.11626"}]}
RESULT: {"script":"<script> [56 bytes]","args":[{"element-6066-11e4-a52e-4f735466cecf":"f.3D8655DB7C018FB3B3311B2BCD0F0E61.d.2D9A9D290EC543ABBD0438A5A3CE7783.e.11626","ELEMENT":"f.3D8655DB7C018FB3B3311B2BCD0F0E61.d.2D9A9D290EC543ABBD0438A5A3CE7783.e.11626"}]}
COMMAND: POST /session/e537112f6f31df0d8590d52383dd5938/element - {"using":"xpath","value":"(//span[contains(@id, \"imgNav\")])[1]"}
COMMAND: GET /session/e537112f6f31df0d8590d52383dd5938/screenshot - {}
RESULT: {"using":"xpath","value":"(//span[contains(@id, \"imgNav\")])[1]"}
COMMAND: POST /session/e537112f6f31df0d8590d52383dd5938/element/f.3D8655DB7C018FB3B3311B2BCD0F0E61.d.2D9A9D290EC543ABBD0438A5A3CE7783.e.11624/click - {}
RESULT: {}
RESULT: {}
COMMAND: GET /session/e537112f6f31df0d8590d52383dd5938/screenshot - {}
COMMAND: POST /session/e537112f6f31df0d8590d52383dd5938/execute/async - {"script":"<script> [1562 bytes]","args":[{"selector":{"controlType":"sap.m.Text","viewName":"etm.portal.ui.managepartners.view.Detail","viewId":"application-managepartners-display-component---detailPtm","bindingPath":{"path":"/PartnersWithBillingType(ID='1243')","propertyPath":"ID","modelName":"catalogModel"}},"wdio_ui5_key":"etmportal.ui.managepartners.view.Detailsap.m.Text{\"path\":\"/PartnersWithBillingType(ID='1243')\",\"propertyPath\":\"ID\",\"modelName\":\"catalogModel\"}"}]}
RESULT: {}
RESULT: {"script":"<script> [1562 bytes]","args":[{"selector":{"controlType":"sap.m.Text","viewName":"etm.portal.ui.managepartners.view.Detail","viewId":"application-managepartners-display-component---detailPtm","bindingPath":{"path":"/PartnersWithBillingType(ID='1243')","propertyPath":"ID","modelName":"catalogModel"}},"wdio_ui5_key":"etmportal.ui.managepartners.view.Detailsap.m.Text{\"path\":\"/PartnersWithBillingType(ID='1243')\",\"propertyPath\":\"ID\",\"modelName\":\"catalogModel\"}"}]}
RESULT: undefined
COMMAND: POST /session/e537112f6f31df0d8590d52383dd5938/execute/async - {"script":"<script> [6424 bytes]","args":[{"element-6066-11e4-a52e-4f735466cecf":"f.3D8655DB7C018FB3B3311B2BCD0F0E61.d.2D9A9D290EC543ABBD0438A5A3CE7783.e.11819"},"getText",[]]}
RESULT: {"script":"<script> [6424 bytes]","args":[{"element-6066-11e4-a52e-4f735466cecf":"f.3D8655DB7C018FB3B3311B2BCD0F0E61.d.2D9A9D290EC543ABBD0438A5A3CE7783.e.11819"},"getText",[]]}
COMMAND: POST /session/e537112f6f31df0d8590d52383dd5938/element - {"using":"xpath","value":"//bdi[contains(text(), \"Edit\")]"}
RESULT: {"using":"xpath","value":"//bdi[contains(text(), \"Edit\")]"}
COMMAND: POST /session/e537112f6f31df0d8590d52383dd5938/element/f.3D8655DB7C018FB3B3311B2BCD0F0E61.d.2D9A9D290EC543ABBD0438A5A3CE7783.e.11820/click - {}
RESULT: {}
COMMAND: GET /session/e537112f6f31df0d8590d52383dd5938/screenshot - {}
RESULT: {}
RESULT: undefined
COMMAND: POST /session/e537112f6f31df0d8590d52383dd5938/execute/async - {"script":"<script> [776 bytes]","args":[{"enterText":"EDITED PARTNER","selector":{"controlType":"sap.m.Input","viewName":"etm.portal.ui.managepartners.view.EditDetail","labelFor":{"text":"Name"},"interaction":{"idSuffix":"inner"}},"clearTextFirst":true,"interactionType":"ENTER_TEXT"}]}
RESULT: {"script":"<script> [776 bytes]","args":[{"enterText":"EDITED PARTNER","selector":{"controlType":"sap.m.Input","viewName":"etm.portal.ui.managepartners.view.EditDetail","labelFor":{"text":"Name"},"interaction":{"idSuffix":"inner"}},"clearTextFirst":true,"interactionType":"ENTER_TEXT"}]}
COMMAND: POST /session/e537112f6f31df0d8590d52383dd5938/element - {"using":"xpath","value":"//button[@data-kt=\"saveButton\"]"}
RESULT: {"using":"xpath","value":"//button[@data-kt=\"saveButton\"]"}
COMMAND: POST /session/e537112f6f31df0d8590d52383dd5938/element/f.3D8655DB7C018FB3B3311B2BCD0F0E61.d.2D9A9D290EC543ABBD0438A5A3CE7783.e.11947/click - {}
RESULT: {}
COMMAND: GET /session/e537112f6f31df0d8590d52383dd5938/screenshot - {}
RESULT: {}
RESULT: undefined
COMMAND: POST /session/e537112f6f31df0d8590d52383dd5938/execute/async - {"script":"<script> [6424 bytes]","args":[{"element-6066-11e4-a52e-4f735466cecf":"f.3D8655DB7C018FB3B3311B2BCD0F0E61.d.2D9A9D290EC543ABBD0438A5A3CE7783.e.5756"},"getValue",[]]}
COMMAND: POST /session/e537112f6f31df0d8590d52383dd5938/execute/async - {"script":"<script> [1562 bytes]","args":[{"selector":{"id":"application-managepartners-display-component---detailPtm--addressDetailDetailsName1"},"wdio_ui5_key":"applicationmanagepartners-display-component---detailPtm--addressDetailDetailsName1"}]}
RESULT: {"script":"<script> [1562 bytes]","args":[{"selector":{"id":"application-managepartners-display-component---detailPtm--addressDetailDetailsName1"},"wdio_ui5_key":"applicationmanagepartners-display-component---detailPtm--addressDetailDetailsName1"}]}
COMMAND: POST /session/e537112f6f31df0d8590d52383dd5938/execute/async - {"script":"<script> [6424 bytes]","args":[{"element-6066-11e4-a52e-4f735466cecf":"f.3D8655DB7C018FB3B3311B2BCD0F0E61.d.2D9A9D290EC543ABBD0438A5A3CE7783.e.11995"},"getValue",[]]}
RESULT: {"script":"<script> [6424 bytes]","args":[{"element-6066-11e4-a52e-4f735466cecf":"f.3D8655DB7C018FB3B3311B2BCD0F0E61.d.2D9A9D290EC543ABBD0438A5A3CE7783.e.11995"},"getValue",[]]}
COMMAND: POST /session/e537112f6f31df0d8590d52383dd5938/execute/async - {"script":"<script> [1562 bytes]","args":[{"selector":{"controlType":"sap.ui.core.Icon","viewName":"etm.portal.ui.managepartners.view.Detail","viewId":"application-managepartners-display-component---detailPtm","properties":{"src":{"regex":{"source":"decline"}}}},"wdio_ui5_key":"etmportal.ui.managepartners.view.Detailsap.ui.core.Icon{\"src\":{\"regex\":{\"source\":\"decline\"}}}"}]}
RESULT: {"script":"<script> [1562 bytes]","args":[{"selector":{"controlType":"sap.ui.core.Icon","viewName":"etm.portal.ui.managepartners.view.Detail","viewId":"application-managepartners-display-component---detailPtm","properties":{"src":{"regex":{"source":"decline"}}}},"wdio_ui5_key":"etmportal.ui.managepartners.view.Detailsap.ui.core.Icon{\"src\":{\"regex\":{\"source\":\"decline\"}}}"}]}
RESULT: undefined
COMMAND: POST /session/e537112f6f31df0d8590d52383dd5938/element - {"using":"xpath","value":"//*[@id=\"__button225-img\"]"}
RESULT: {"using":"xpath","value":"//*[@id=\"__button225-img\"]"}
COMMAND: POST /session/e537112f6f31df0d8590d52383dd5938/element/f.3D8655DB7C018FB3B3311B2BCD0F0E61.d.2D9A9D290EC543ABBD0438A5A3CE7783.e.12085/click - {}
RESULT: {}
COMMAND: GET /session/e537112f6f31df0d8590d52383dd5938/screenshot - {}
RESULT: {}
COMMAND: POST /session/e537112f6f31df0d8590d52383dd5938/element - {"using":"xpath","value":"//button[@data-kt=\"addButton\"]"}
RESULT: {"using":"xpath","value":"//button[@data-kt=\"addButton\"]"}
COMMAND: GET /session/e537112f6f31df0d8590d52383dd5938/element/f.3D8655DB7C018FB3B3311B2BCD0F0E61.d.2D9A9D290EC543ABBD0438A5A3CE7783.e.12193/enabled - {}
RESULT: {}
COMMAND: POST /session/e537112f6f31df0d8590d52383dd5938/execute/sync - {"script":"<script> [8489 bytes]","args":[{"element-6066-11e4-a52e-4f735466cecf":"f.3D8655DB7C018FB3B3311B2BCD0F0E61.d.2D9A9D290EC543ABBD0438A5A3CE7783.e.12193","ELEMENT":"f.3D8655DB7C018FB3B3311B2BCD0F0E61.d.2D9A9D290EC543ABBD0438A5A3CE7783.e.12193"}]}
COMMAND: GET /session/e537112f6f31df0d8590d52383dd5938/screenshot - {}
RESULT: {"script":"<script> [8489 bytes]","args":[{"element-6066-11e4-a52e-4f735466cecf":"f.3D8655DB7C018FB3B3311B2BCD0F0E61.d.2D9A9D290EC543ABBD0438A5A3CE7783.e.12193","ELEMENT":"f.3D8655DB7C018FB3B3311B2BCD0F0E61.d.2D9A9D290EC543ABBD0438A5A3CE7783.e.12193"}]}
COMMAND: POST /session/e537112f6f31df0d8590d52383dd5938/execute/sync - {"script":"<script> [5351 bytes]","args":[{"element-6066-11e4-a52e-4f735466cecf":"f.3D8655DB7C018FB3B3311B2BCD0F0E61.d.2D9A9D290EC543ABBD0438A5A3CE7783.e.12193","ELEMENT":"f.3D8655DB7C018FB3B3311B2BCD0F0E61.d.2D9A9D290EC543ABBD0438A5A3CE7783.e.12193"}]}
COMMAND: GET /session/e537112f6f31df0d8590d52383dd5938/screenshot - {}
RESULT: {}
RESULT: {"script":"<script> [5351 bytes]","args":[{"element-6066-11e4-a52e-4f735466cecf":"f.3D8655DB7C018FB3B3311B2BCD0F0E61.d.2D9A9D290EC543ABBD0438A5A3CE7783.e.12193","ELEMENT":"f.3D8655DB7C018FB3B3311B2BCD0F0E61.d.2D9A9D290EC543ABBD0438A5A3CE7783.e.12193"}]}
COMMAND: POST /session/e537112f6f31df0d8590d52383dd5938/element/f.3D8655DB7C018FB3B3311B2BCD0F0E61.d.2D9A9D290EC543ABBD0438A5A3CE7783.e.12193/click - {}
COMMAND: GET /session/e537112f6f31df0d8590d52383dd5938/screenshot - {}
RESULT: {}
RESULT: {}
COMMAND: GET /session/e537112f6f31df0d8590d52383dd5938/screenshot - {}
RESULT: {}
RESULT: {}
RESULT: undefined
COMMAND: POST /session/e537112f6f31df0d8590d52383dd5938/execute/async - {"script":"<script> [776 bytes]","args":[{"enterText":"New Partner WDIO","selector":{"id":"application-managepartners-display-component---NewPartner--addressDetailDetailsName1","interaction":{"idSuffix":"inner"}},"clearTextFirst":true,"interactionType":"ENTER_TEXT"}]}
RESULT: {"script":"<script> [776 bytes]","args":[{"enterText":"New Partner WDIO","selector":{"id":"application-managepartners-display-component---NewPartner--addressDetailDetailsName1","interaction":{"idSuffix":"inner"}},"clearTextFirst":true,"interactionType":"ENTER_TEXT"}]}
RESULT: undefined
COMMAND: POST /session/e537112f6f31df0d8590d52383dd5938/element - {"using":"xpath","value":"//*[@id=\"application-managepartners-display-component---NewPartner--addressDetailDetailsLanguage-arrow\"]"}
RESULT: {"using":"xpath","value":"//*[@id=\"application-managepartners-display-component---NewPartner--addressDetailDetailsLanguage-arrow\"]"}
COMMAND: POST /session/e537112f6f31df0d8590d52383dd5938/element/f.3D8655DB7C018FB3B3311B2BCD0F0E61.d.2D9A9D290EC543ABBD0438A5A3CE7783.e.12433/click - {}
RESULT: {}
COMMAND: GET /session/e537112f6f31df0d8590d52383dd5938/screenshot - {}
RESULT: {}
COMMAND: POST /session/e537112f6f31df0d8590d52383dd5938/element - {"using":"xpath","value":"//ul[contains(@id,\"DetailDetailsLanguage-popup-list-listUl\")]//li[.//span[contains(text(), \"English\")]]"}
RESULT: {"using":"xpath","value":"//ul[contains(@id,\"DetailDetailsLanguage-popup-list-listUl\")]//li[.//span[contains(text(), \"English\")]]"}
COMMAND: POST /session/e537112f6f31df0d8590d52383dd5938/element/f.3D8655DB7C018FB3B3311B2BCD0F0E61.d.2D9A9D290EC543ABBD0438A5A3CE7783.e.12434/click - {}
RESULT: {}
COMMAND: GET /session/e537112f6f31df0d8590d52383dd5938/screenshot - {}
RESULT: {}
RESULT: undefined
COMMAND: POST /session/e537112f6f31df0d8590d52383dd5938/execute/async - {"script":"<script> [776 bytes]","args":[{"enterText":"Deva","selector":{"id":"application-managepartners-display-component---NewPartner--addressDetailDetailsCity1","interaction":{"idSuffix":"inner"}},"clearTextFirst":true,"interactionType":"ENTER_TEXT"}]}
RESULT: {"script":"<script> [776 bytes]","args":[{"enterText":"Deva","selector":{"id":"application-managepartners-display-component---NewPartner--addressDetailDetailsCity1","interaction":{"idSuffix":"inner"}},"clearTextFirst":true,"interactionType":"ENTER_TEXT"}]}
RESULT: undefined
COMMAND: POST /session/e537112f6f31df0d8590d52383dd5938/element - {"using":"xpath","value":"//*[@id=\"application-managepartners-display-component---NewPartner--addressDetailDetailsCountry-arrow\"]"}
RESULT: {"using":"xpath","value":"//*[@id=\"application-managepartners-display-component---NewPartner--addressDetailDetailsCountry-arrow\"]"}
COMMAND: POST /session/e537112f6f31df0d8590d52383dd5938/element/f.3D8655DB7C018FB3B3311B2BCD0F0E61.d.2D9A9D290EC543ABBD0438A5A3CE7783.e.12430/click - {}
RESULT: {}
COMMAND: GET /session/e537112f6f31df0d8590d52383dd5938/screenshot - {}
RESULT: {}
COMMAND: POST /session/e537112f6f31df0d8590d52383dd5938/element - {"using":"xpath","value":"//ul[contains(@id,\"DetailsCountry-popup-list-listUl\")]//li[.//span[contains(text(), \"Armenia\")]]"}
RESULT: {"using":"xpath","value":"//ul[contains(@id,\"DetailsCountry-popup-list-listUl\")]//li[.//span[contains(text(), \"Armenia\")]]"}
COMMAND: POST /session/e537112f6f31df0d8590d52383dd5938/element/f.3D8655DB7C018FB3B3311B2BCD0F0E61.d.2D9A9D290EC543ABBD0438A5A3CE7783.e.12435/click - {}
RESULT: {}
COMMAND: GET /session/e537112f6f31df0d8590d52383dd5938/screenshot - {}
RESULT: {}
COMMAND: POST /session/e537112f6f31df0d8590d52383dd5938/element - {"using":"xpath","value":"//bdi[contains(text(), \"Commercial\")]"}
RESULT: {"using":"xpath","value":"//bdi[contains(text(), \"Commercial\")]"}
COMMAND: POST /session/e537112f6f31df0d8590d52383dd5938/element/f.3D8655DB7C018FB3B3311B2BCD0F0E61.d.2D9A9D290EC543ABBD0438A5A3CE7783.e.12436/click - {}
RESULT: {}
COMMAND: GET /session/e537112f6f31df0d8590d52383dd5938/screenshot - {}
RESULT: {}
RESULT: undefined
COMMAND: POST /session/e537112f6f31df0d8590d52383dd5938/element - {"using":"xpath","value":"//*[@id=\"application-managepartners-display-component---NewPartner--partnerDetailInternal-arrow\"]"}
RESULT: {"using":"xpath","value":"//*[@id=\"application-managepartners-display-component---NewPartner--partnerDetailInternal-arrow\"]"}
COMMAND: POST /session/e537112f6f31df0d8590d52383dd5938/element/f.3D8655DB7C018FB3B3311B2BCD0F0E61.d.2D9A9D290EC543ABBD0438A5A3CE7783.e.12442/click - {}
RESULT: {}
COMMAND: GET /session/e537112f6f31df0d8590d52383dd5938/screenshot - {}
RESULT: {}
COMMAND: POST /session/e537112f6f31df0d8590d52383dd5938/element - {"using":"xpath","value":"//ul[contains(@id,\"partnerDetailInternal-popup-list-listUl\")]//li[.//span[contains(text(), \"External partner\")]]"}
RESULT: {"using":"xpath","value":"//ul[contains(@id,\"partnerDetailInternal-popup-list-listUl\")]//li[.//span[contains(text(), \"External partner\")]]"}
COMMAND: POST /session/e537112f6f31df0d8590d52383dd5938/element/f.3D8655DB7C018FB3B3311B2BCD0F0E61.d.2D9A9D290EC543ABBD0438A5A3CE7783.e.12443/click - {}
RESULT: {}
RESULT: undefined
COMMAND: POST /session/e537112f6f31df0d8590d52383dd5938/element - {"using":"xpath","value":"//*[@id=\"application-managepartners-display-component---NewPartner--partnerDetailsCurrency-arrow\"]"}
COMMAND: GET /session/e537112f6f31df0d8590d52383dd5938/screenshot - {}
RESULT: {"using":"xpath","value":"//*[@id=\"application-managepartners-display-component---NewPartner--partnerDetailsCurrency-arrow\"]"}
COMMAND: POST /session/e537112f6f31df0d8590d52383dd5938/element/f.3D8655DB7C018FB3B3311B2BCD0F0E61.d.2D9A9D290EC543ABBD0438A5A3CE7783.e.12448/click - {}
RESULT: {}
RESULT: {}
COMMAND: GET /session/e537112f6f31df0d8590d52383dd5938/screenshot - {}
RESULT: {}
COMMAND: POST /session/e537112f6f31df0d8590d52383dd5938/element - {"using":"xpath","value":"//ul[contains(@id,\"partnerDetailsCurrency-popup-list-listUl\")]//li[.//span[contains(text(), \"US Dollar\")]]"}
RESULT: {"using":"xpath","value":"//ul[contains(@id,\"partnerDetailsCurrency-popup-list-listUl\")]//li[.//span[contains(text(), \"US Dollar\")]]"}
COMMAND: POST /session/e537112f6f31df0d8590d52383dd5938/element/f.3D8655DB7C018FB3B3311B2BCD0F0E61.d.2D9A9D290EC543ABBD0438A5A3CE7783.e.12449/click - {}
RESULT: {}
COMMAND: GET /session/e537112f6f31df0d8590d52383dd5938/screenshot - {}
RESULT: {}
COMMAND: POST /session/e537112f6f31df0d8590d52383dd5938/element - {"using":"xpath","value":"//input[@id=\"application-managepartners-display-component---NewPartner--companyCodeComboBox-inner\"]"}
RESULT: {"using":"xpath","value":"//input[@id=\"application-managepartners-display-component---NewPartner--companyCodeComboBox-inner\"]"}
COMMAND: POST /session/e537112f6f31df0d8590d52383dd5938/element/f.3D8655DB7C018FB3B3311B2BCD0F0E61.d.2D9A9D290EC543ABBD0438A5A3CE7783.e.12370/clear - {}
RESULT: {}
COMMAND: POST /session/e537112f6f31df0d8590d52383dd5938/element/f.3D8655DB7C018FB3B3311B2BCD0F0E61.d.2D9A9D290EC543ABBD0438A5A3CE7783.e.12370/value - {"text":"C002"}
COMMAND: GET /session/e537112f6f31df0d8590d52383dd5938/screenshot - {}
RESULT: {"text":"C002"}
COMMAND: GET /session/e537112f6f31df0d8590d52383dd5938/screenshot - {}
RESULT: {}
RESULT: {}
COMMAND: POST /session/e537112f6f31df0d8590d52383dd5938/element - {"using":"xpath","value":"//ul[contains(@id,\"companyCodeComboBox-popup-list-listUl\")]//li[.//span[text()= \"C002\"]]"}
RESULT: {"using":"xpath","value":"//ul[contains(@id,\"companyCodeComboBox-popup-list-listUl\")]//li[.//span[text()= \"C002\"]]"}
COMMAND: POST /session/e537112f6f31df0d8590d52383dd5938/element/f.3D8655DB7C018FB3B3311B2BCD0F0E61.d.2D9A9D290EC543ABBD0438A5A3CE7783.e.12453/click - {}
RESULT: {}
COMMAND: GET /session/e537112f6f31df0d8590d52383dd5938/screenshot - {}
RESULT: {}
RESULT: undefined
COMMAND: POST /session/e537112f6f31df0d8590d52383dd5938/element - {"using":"xpath","value":"//*[@id=\"application-managepartners-display-component---NewPartner--btnAddTableRow-img\"]"}
RESULT: {"using":"xpath","value":"//*[@id=\"application-managepartners-display-component---NewPartner--btnAddTableRow-img\"]"}
COMMAND: POST /session/e537112f6f31df0d8590d52383dd5938/element/f.3D8655DB7C018FB3B3311B2BCD0F0E61.d.2D9A9D290EC543ABBD0438A5A3CE7783.e.12454/click - {}
RESULT: {}
COMMAND: GET /session/e537112f6f31df0d8590d52383dd5938/screenshot - {}
RESULT: {}
COMMAND: POST /session/e537112f6f31df0d8590d52383dd5938/element - {"using":"xpath","value":"//input[@id=\"application-managepartners-display-component---NewPartner--assignmentYard-application-managepartners-display-component---NewPartner--assignmentsTable-0-inner\"]"}
RESULT: {"using":"xpath","value":"//input[@id=\"application-managepartners-display-component---NewPartner--assignmentYard-application-managepartners-display-component---NewPartner--assignmentsTable-0-inner\"]"}
COMMAND: POST /session/e537112f6f31df0d8590d52383dd5938/element/f.3D8655DB7C018FB3B3311B2BCD0F0E61.d.2D9A9D290EC543ABBD0438A5A3CE7783.e.12457/clear - {}
RESULT: {}
COMMAND: POST /session/e537112f6f31df0d8590d52383dd5938/element/f.3D8655DB7C018FB3B3311B2BCD0F0E61.d.2D9A9D290EC543ABBD0438A5A3CE7783.e.12457/value - {"text":"433"}
COMMAND: GET /session/e537112f6f31df0d8590d52383dd5938/screenshot - {}
RESULT: {"text":"433"}
COMMAND: GET /session/e537112f6f31df0d8590d52383dd5938/screenshot - {}
RESULT: {}
RESULT: {}
COMMAND: POST /session/e537112f6f31df0d8590d52383dd5938/element - {"using":"xpath","value":"//ul[contains(@id,\"assignmentYard-application-managepartners-display-component---NewPartner--assignmentsTable-0-popup-list-listUl\")]//li[.//span[text()='433']]"}
RESULT: {"using":"xpath","value":"//ul[contains(@id,\"assignmentYard-application-managepartners-display-component---NewPartner--assignmentsTable-0-popup-list-listUl\")]//li[.//span[text()='433']]"}
COMMAND: POST /session/e537112f6f31df0d8590d52383dd5938/element/f.3D8655DB7C018FB3B3311B2BCD0F0E61.d.2D9A9D290EC543ABBD0438A5A3CE7783.e.12466/click - {}
RESULT: {}
COMMAND: GET /session/e537112f6f31df0d8590d52383dd5938/screenshot - {}
RESULT: {}
COMMAND: POST /session/e537112f6f31df0d8590d52383dd5938/actions - {"actions":[{"id":"action36","type":"key","parameters":{},"actions":[{"type":"keyDown","value":""},{"type":"pause","duration":10},{"type":"keyUp","value":""}]}]}
RESULT: {"actions":[{"id":"action36","type":"key","parameters":{},"actions":[{"type":"keyDown","value":""},{"type":"pause","duration":10},{"type":"keyUp","value":""}]}]}
COMMAND: GET /session/e537112f6f31df0d8590d52383dd5938/screenshot - {}
RESULT: {}
COMMAND: POST /session/e537112f6f31df0d8590d52383dd5938/element - {"using":"xpath","value":"//bdi[contains(text(), \"Contacts\")]"}
RESULT: {"using":"xpath","value":"//bdi[contains(text(), \"Contacts\")]"}
COMMAND: POST /session/e537112f6f31df0d8590d52383dd5938/element/f.3D8655DB7C018FB3B3311B2BCD0F0E61.d.2D9A9D290EC543ABBD0438A5A3CE7783.e.12469/click - {}
RESULT: {}
COMMAND: GET /session/e537112f6f31df0d8590d52383dd5938/screenshot - {}
RESULT: {}
COMMAND: POST /session/e537112f6f31df0d8590d52383dd5938/element - {"using":"xpath","value":"//button[contains(@title,\"Add Contact\")]"}
RESULT: {"using":"xpath","value":"//button[contains(@title,\"Add Contact\")]"}
COMMAND: POST /session/e537112f6f31df0d8590d52383dd5938/element/f.3D8655DB7C018FB3B3311B2BCD0F0E61.d.2D9A9D290EC543ABBD0438A5A3CE7783.e.12474/click - {}
RESULT: {}
COMMAND: GET /session/e537112f6f31df0d8590d52383dd5938/screenshot - {}
RESULT: {}
COMMAND: POST /session/e537112f6f31df0d8590d52383dd5938/element - {"using":"xpath","value":"//span[contains(@id,\"NewPartner--siteAddresses-0-arrow\")]"}
RESULT: {"using":"xpath","value":"//span[contains(@id,\"NewPartner--siteAddresses-0-arrow\")]"}
COMMAND: POST /session/e537112f6f31df0d8590d52383dd5938/element/f.3D8655DB7C018FB3B3311B2BCD0F0E61.d.2D9A9D290EC543ABBD0438A5A3CE7783.e.12484/click - {}
RESULT: {}
COMMAND: GET /session/e537112f6f31df0d8590d52383dd5938/screenshot - {}
RESULT: {}
COMMAND: POST /session/e537112f6f31df0d8590d52383dd5938/element - {"using":"xpath","value":"//li[.//span[text()='Mr.']]"}
RESULT: {"using":"xpath","value":"//li[.//span[text()='Mr.']]"}
COMMAND: POST /session/e537112f6f31df0d8590d52383dd5938/element/f.3D8655DB7C018FB3B3311B2BCD0F0E61.d.2D9A9D290EC543ABBD0438A5A3CE7783.e.12485/click - {}
RESULT: {}
COMMAND: GET /session/e537112f6f31df0d8590d52383dd5938/screenshot - {}
RESULT: {}
COMMAND: POST /session/e537112f6f31df0d8590d52383dd5938/execute/async - {"script":"<script> [1562 bytes]","args":[{"selector":{"controlType":"sap.m.Input","viewName":"etm.portal.ui.managepartners.view.NewPartner","viewId":"application-managepartners-display-component---NewPartner","bindingPath":{"path":"/Addresses/0","propertyPath":"NAME1","modelName":"NewAddresses"},"interaction":{"idSuffix":"inner"}},"wdio_ui5_key":"etmportal.ui.managepartners.view.NewPartnersap.m.Input{\"path\":\"/Addresses/0\",\"propertyPath\":\"NAME1\",\"modelName\":\"NewAddresses\"}"}]}
RESULT: {"script":"<script> [1562 bytes]","args":[{"selector":{"controlType":"sap.m.Input","viewName":"etm.portal.ui.managepartners.view.NewPartner","viewId":"application-managepartners-display-component---NewPartner","bindingPath":{"path":"/Addresses/0","propertyPath":"NAME1","modelName":"NewAddresses"},"interaction":{"idSuffix":"inner"}},"wdio_ui5_key":"etmportal.ui.managepartners.view.NewPartnersap.m.Input{\"path\":\"/Addresses/0\",\"propertyPath\":\"NAME1\",\"modelName\":\"NewAddresses\"}"}]}
RESULT: undefined
COMMAND: POST /session/e537112f6f31df0d8590d52383dd5938/execute/async - {"script":"<script> [776 bytes]","args":[{"enterText":"Johnny","selector":{"controlType":"sap.m.Input","viewName":"etm.portal.ui.managepartners.view.NewPartner","viewId":"application-managepartners-display-component---NewPartner","bindingPath":{"path":"/Addresses/0","propertyPath":"NAME1","modelName":"NewAddresses"},"interaction":{"idSuffix":"inner"}},"clearTextFirst":true,"interactionType":"ENTER_TEXT"}]}
RESULT: {"script":"<script> [776 bytes]","args":[{"enterText":"Johnny","selector":{"controlType":"sap.m.Input","viewName":"etm.portal.ui.managepartners.view.NewPartner","viewId":"application-managepartners-display-component---NewPartner","bindingPath":{"path":"/Addresses/0","propertyPath":"NAME1","modelName":"NewAddresses"},"interaction":{"idSuffix":"inner"}},"clearTextFirst":true,"interactionType":"ENTER_TEXT"}]}
COMMAND: POST /session/e537112f6f31df0d8590d52383dd5938/execute/async - {"script":"<script> [1562 bytes]","args":[{"selector":{"controlType":"sap.m.Input","viewName":"etm.portal.ui.managepartners.view.NewPartner","viewId":"application-managepartners-display-component---NewPartner","bindingPath":{"path":"/Addresses/0","propertyPath":"NAME2","modelName":"NewAddresses"},"interaction":{"idSuffix":"inner"}},"wdio_ui5_key":"etmportal.ui.managepartners.view.NewPartnersap.m.Input{\"path\":\"/Addresses/0\",\"propertyPath\":\"NAME2\",\"modelName\":\"NewAddresses\"}"}]}
RESULT: {"script":"<script> [1562 bytes]","args":[{"selector":{"controlType":"sap.m.Input","viewName":"etm.portal.ui.managepartners.view.NewPartner","viewId":"application-managepartners-display-component---NewPartner","bindingPath":{"path":"/Addresses/0","propertyPath":"NAME2","modelName":"NewAddresses"},"interaction":{"idSuffix":"inner"}},"wdio_ui5_key":"etmportal.ui.managepartners.view.NewPartnersap.m.Input{\"path\":\"/Addresses/0\",\"propertyPath\":\"NAME2\",\"modelName\":\"NewAddresses\"}"}]}
RESULT: undefined
COMMAND: POST /session/e537112f6f31df0d8590d52383dd5938/execute/async - {"script":"<script> [776 bytes]","args":[{"enterText":"Cusca","selector":{"controlType":"sap.m.Input","viewName":"etm.portal.ui.managepartners.view.NewPartner","viewId":"application-managepartners-display-component---NewPartner","bindingPath":{"path":"/Addresses/0","propertyPath":"NAME2","modelName":"NewAddresses"},"interaction":{"idSuffix":"inner"}},"clearTextFirst":true,"interactionType":"ENTER_TEXT"}]}
RESULT: {"script":"<script> [776 bytes]","args":[{"enterText":"Cusca","selector":{"controlType":"sap.m.Input","viewName":"etm.portal.ui.managepartners.view.NewPartner","viewId":"application-managepartners-display-component---NewPartner","bindingPath":{"path":"/Addresses/0","propertyPath":"NAME2","modelName":"NewAddresses"},"interaction":{"idSuffix":"inner"}},"clearTextFirst":true,"interactionType":"ENTER_TEXT"}]}
COMMAND: POST /session/e537112f6f31df0d8590d52383dd5938/execute/async - {"script":"<script> [1562 bytes]","args":[{"selector":{"controlType":"sap.m.Input","viewName":"etm.portal.ui.managepartners.view.NewPartner","viewId":"application-managepartners-display-component---NewPartner","bindingPath":{"path":"/Addresses/0","propertyPath":"JOB_TITLE","modelName":"NewAddresses"},"interaction":{"idSuffix":"inner"}},"wdio_ui5_key":"etmportal.ui.managepartners.view.NewPartnersap.m.Input{\"path\":\"/Addresses/0\",\"propertyPath\":\"JOB_TITLE\",\"modelName\":\"NewAddresses\"}"}]}
RESULT: {"script":"<script> [1562 bytes]","args":[{"selector":{"controlType":"sap.m.Input","viewName":"etm.portal.ui.managepartners.view.NewPartner","viewId":"application-managepartners-display-component---NewPartner","bindingPath":{"path":"/Addresses/0","propertyPath":"JOB_TITLE","modelName":"NewAddresses"},"interaction":{"idSuffix":"inner"}},"wdio_ui5_key":"etmportal.ui.managepartners.view.NewPartnersap.m.Input{\"path\":\"/Addresses/0\",\"propertyPath\":\"JOB_TITLE\",\"modelName\":\"NewAddresses\"}"}]}
RESULT: undefined
COMMAND: POST /session/e537112f6f31df0d8590d52383dd5938/execute/async - {"script":"<script> [776 bytes]","args":[{"enterText":"tester sef","selector":{"controlType":"sap.m.Input","viewName":"etm.portal.ui.managepartners.view.NewPartner","viewId":"application-managepartners-display-component---NewPartner","bindingPath":{"path":"/Addresses/0","propertyPath":"JOB_TITLE","modelName":"NewAddresses"},"interaction":{"idSuffix":"inner"}},"clearTextFirst":true,"interactionType":"ENTER_TEXT"}]}
RESULT: {"script":"<script> [776 bytes]","args":[{"enterText":"tester sef","selector":{"controlType":"sap.m.Input","viewName":"etm.portal.ui.managepartners.view.NewPartner","viewId":"application-managepartners-display-component---NewPartner","bindingPath":{"path":"/Addresses/0","propertyPath":"JOB_TITLE","modelName":"NewAddresses"},"interaction":{"idSuffix":"inner"}},"clearTextFirst":true,"interactionType":"ENTER_TEXT"}]}
COMMAND: POST /session/e537112f6f31df0d8590d52383dd5938/execute/async - {"script":"<script> [1562 bytes]","args":[{"selector":{"controlType":"sap.m.Input","viewName":"etm.portal.ui.managepartners.view.NewPartner","viewId":"application-managepartners-display-component---NewPartner","bindingPath":{"path":"/Addresses/0","propertyPath":"TELEPHONE_NO","modelName":"NewAddresses"},"interaction":{"idSuffix":"inner"}},"wdio_ui5_key":"etmportal.ui.managepartners.view.NewPartnersap.m.Input{\"path\":\"/Addresses/0\",\"propertyPath\":\"TELEPHONE_NO\",\"modelName\":\"NewAddresses\"}"}]}
RESULT: {"script":"<script> [1562 bytes]","args":[{"selector":{"controlType":"sap.m.Input","viewName":"etm.portal.ui.managepartners.view.NewPartner","viewId":"application-managepartners-display-component---NewPartner","bindingPath":{"path":"/Addresses/0","propertyPath":"TELEPHONE_NO","modelName":"NewAddresses"},"interaction":{"idSuffix":"inner"}},"wdio_ui5_key":"etmportal.ui.managepartners.view.NewPartnersap.m.Input{\"path\":\"/Addresses/0\",\"propertyPath\":\"TELEPHONE_NO\",\"modelName\":\"NewAddresses\"}"}]}
RESULT: undefined
COMMAND: POST /session/e537112f6f31df0d8590d52383dd5938/execute/async - {"script":"<script> [776 bytes]","args":[{"enterText":"0782113322","selector":{"controlType":"sap.m.Input","viewName":"etm.portal.ui.managepartners.view.NewPartner","viewId":"application-managepartners-display-component---NewPartner","bindingPath":{"path":"/Addresses/0","propertyPath":"TELEPHONE_NO","modelName":"NewAddresses"},"interaction":{"idSuffix":"inner"}},"clearTextFirst":true,"interactionType":"ENTER_TEXT"}]}
RESULT: {"script":"<script> [776 bytes]","args":[{"enterText":"0782113322","selector":{"controlType":"sap.m.Input","viewName":"etm.portal.ui.managepartners.view.NewPartner","viewId":"application-managepartners-display-component---NewPartner","bindingPath":{"path":"/Addresses/0","propertyPath":"TELEPHONE_NO","modelName":"NewAddresses"},"interaction":{"idSuffix":"inner"}},"clearTextFirst":true,"interactionType":"ENTER_TEXT"}]}
COMMAND: POST /session/e537112f6f31df0d8590d52383dd5938/element - {"using":"xpath","value":"//button[@data-kt=\"saveButton\"]"}
RESULT: {"using":"xpath","value":"//button[@data-kt=\"saveButton\"]"}
COMMAND: POST /session/e537112f6f31df0d8590d52383dd5938/element/f.3D8655DB7C018FB3B3311B2BCD0F0E61.d.2D9A9D290EC543ABBD0438A5A3CE7783.e.12411/click - {}
RESULT: {}
COMMAND: GET /session/e537112f6f31df0d8590d52383dd5938/screenshot - {}
RESULT: {}
COMMAND: POST /session/e537112f6f31df0d8590d52383dd5938/element - {"using":"xpath","value":"//header[contains(@id, 'ObjectPageLayout-headerTitle')]/div[1]/div[2]/div[2]/span[1]"}
RESULT: {"using":"xpath","value":"//header[contains(@id, 'ObjectPageLayout-headerTitle')]/div[1]/div[2]/div[2]/span[1]"}
COMMAND: POST /session/e537112f6f31df0d8590d52383dd5938/elements - {"using":"xpath","value":"//header[contains(@id, 'ObjectPageLayout-headerTitle')]/div[1]/div[2]/div[2]/span[1]"}
RESULT: {"using":"xpath","value":"//header[contains(@id, 'ObjectPageLayout-headerTitle')]/div[1]/div[2]/div[2]/span[1]"}
COMMAND: POST /session/e537112f6f31df0d8590d52383dd5938/execute/sync - {"script":"<script> [56 bytes]","args":[{"element-6066-11e4-a52e-4f735466cecf":"f.3D8655DB7C018FB3B3311B2BCD0F0E61.d.2D9A9D290EC543ABBD0438A5A3CE7783.e.12597","ELEMENT":"f.3D8655DB7C018FB3B3311B2BCD0F0E61.d.2D9A9D290EC543ABBD0438A5A3CE7783.e.12597"}]}
RESULT: {"script":"<script> [56 bytes]","args":[{"element-6066-11e4-a52e-4f735466cecf":"f.3D8655DB7C018FB3B3311B2BCD0F0E61.d.2D9A9D290EC543ABBD0438A5A3CE7783.e.12597","ELEMENT":"f.3D8655DB7C018FB3B3311B2BCD0F0E61.d.2D9A9D290EC543ABBD0438A5A3CE7783.e.12597"}]}
COMMAND: POST /session/e537112f6f31df0d8590d52383dd5938/element - {"using":"xpath","value":"//span[contains(@id,\"smartTableAssignmentsDisplay-header-inner\")]"}
COMMAND: GET /session/e537112f6f31df0d8590d52383dd5938/screenshot - {}
RESULT: {"using":"xpath","value":"//span[contains(@id,\"smartTableAssignmentsDisplay-header-inner\")]"}
COMMAND: POST /session/e537112f6f31df0d8590d52383dd5938/elements - {"using":"xpath","value":"//span[contains(@id,\"smartTableAssignmentsDisplay-header-inner\")]"}
RESULT: {}
RESULT: {"using":"xpath","value":"//span[contains(@id,\"smartTableAssignmentsDisplay-header-inner\")]"}
COMMAND: POST /session/e537112f6f31df0d8590d52383dd5938/execute/sync - {"script":"<script> [56 bytes]","args":[{"element-6066-11e4-a52e-4f735466cecf":"f.3D8655DB7C018FB3B3311B2BCD0F0E61.d.2D9A9D290EC543ABBD0438A5A3CE7783.e.12598","ELEMENT":"f.3D8655DB7C018FB3B3311B2BCD0F0E61.d.2D9A9D290EC543ABBD0438A5A3CE7783.e.12598"}]}
RESULT: {"script":"<script> [56 bytes]","args":[{"element-6066-11e4-a52e-4f735466cecf":"f.3D8655DB7C018FB3B3311B2BCD0F0E61.d.2D9A9D290EC543ABBD0438A5A3CE7783.e.12598","ELEMENT":"f.3D8655DB7C018FB3B3311B2BCD0F0E61.d.2D9A9D290EC543ABBD0438A5A3CE7783.e.12598"}]}
COMMAND: POST /session/e537112f6f31df0d8590d52383dd5938/element - {"using":"xpath","value":"//span[contains(@id,\"smartTableContactsDisplay-header-inner\")]"}
COMMAND: GET /session/e537112f6f31df0d8590d52383dd5938/screenshot - {}
RESULT: {"using":"xpath","value":"//span[contains(@id,\"smartTableContactsDisplay-header-inner\")]"}
COMMAND: POST /session/e537112f6f31df0d8590d52383dd5938/elements - {"using":"xpath","value":"//span[contains(@id,\"smartTableContactsDisplay-header-inner\")]"}
RESULT: {}
RESULT: {"using":"xpath","value":"//span[contains(@id,\"smartTableContactsDisplay-header-inner\")]"}
COMMAND: POST /session/e537112f6f31df0d8590d52383dd5938/execute/sync - {"script":"<script> [56 bytes]","args":[{"element-6066-11e4-a52e-4f735466cecf":"f.3D8655DB7C018FB3B3311B2BCD0F0E61.d.2D9A9D290EC543ABBD0438A5A3CE7783.e.12599","ELEMENT":"f.3D8655DB7C018FB3B3311B2BCD0F0E61.d.2D9A9D290EC543ABBD0438A5A3CE7783.e.12599"}]}
RESULT: {"script":"<script> [56 bytes]","args":[{"element-6066-11e4-a52e-4f735466cecf":"f.3D8655DB7C018FB3B3311B2BCD0F0E61.d.2D9A9D290EC543ABBD0438A5A3CE7783.e.12599","ELEMENT":"f.3D8655DB7C018FB3B3311B2BCD0F0E61.d.2D9A9D290EC543ABBD0438A5A3CE7783.e.12599"}]}
COMMAND: POST /session/e537112f6f31df0d8590d52383dd5938/element - {"using":"css selector","value":"#shell-header-logo"}
COMMAND: GET /session/e537112f6f31df0d8590d52383dd5938/screenshot - {}
RESULT: {"using":"css selector","value":"#shell-header-logo"}
COMMAND: POST /session/e537112f6f31df0d8590d52383dd5938/element/f.3D8655DB7C018FB3B3311B2BCD0F0E61.d.2D9A9D290EC543ABBD0438A5A3CE7783.e.9184/click - {}
RESULT: {}
RESULT: {}
COMMAND: GET /session/e537112f6f31df0d8590d52383dd5938/screenshot - {}
RESULT: {}
COMMAND: POST /session/e537112f6f31df0d8590d52383dd5938/element - {"using":"css selector","value":"#j_username"}
COMMAND: POST /session/e537112f6f31df0d8590d52383dd5938/url - {"url":"https://qa-testing-00-live-etm-ui.cfapps.eu10-004.hana.ondemand.com/"}
RESULT: {"using":"css selector","value":"#j_username"}
COMMAND: POST /session/e537112f6f31df0d8590d52383dd5938/element - {"using":"css selector","value":"#j_username"}
RESULT: {"url":"https://qa-testing-00-live-etm-ui.cfapps.eu10-004.hana.ondemand.com/"}
RESULT: undefined
COMMAND: GET /session/e537112f6f31df0d8590d52383dd5938/screenshot - {}
RESULT: {"using":"css selector","value":"#j_username"}
COMMAND: POST /session/e537112f6f31df0d8590d52383dd5938/element - {"using":"css selector","value":"#shell-header-logo"}
RESULT: {}
RESULT: {"using":"css selector","value":"#shell-header-logo"}
COMMAND: POST /session/e537112f6f31df0d8590d52383dd5938/execute/sync - {"script":"<script> [8489 bytes]","args":[{"element-6066-11e4-a52e-4f735466cecf":"f.3D8655DB7C018FB3B3311B2BCD0F0E61.d.4AA867032044AACFBD2873BE566D5951.e.12615","ELEMENT":"f.3D8655DB7C018FB3B3311B2BCD0F0E61.d.4AA867032044AACFBD2873BE566D5951.e.12615"}]}
RESULT: {"script":"<script> [8489 bytes]","args":[{"element-6066-11e4-a52e-4f735466cecf":"f.3D8655DB7C018FB3B3311B2BCD0F0E61.d.4AA867032044AACFBD2873BE566D5951.e.12615","ELEMENT":"f.3D8655DB7C018FB3B3311B2BCD0F0E61.d.4AA867032044AACFBD2873BE566D5951.e.12615"}]}
COMMAND: POST /session/e537112f6f31df0d8590d52383dd5938/element - {"using":"css selector","value":"#shell-header-logo"}
COMMAND: GET /session/e537112f6f31df0d8590d52383dd5938/screenshot - {}
RESULT: {"using":"css selector","value":"#shell-header-logo"}
COMMAND: POST /session/e537112f6f31df0d8590d52383dd5938/execute/sync - {"script":"<script> [8489 bytes]","args":[{"element-6066-11e4-a52e-4f735466cecf":"f.3D8655DB7C018FB3B3311B2BCD0F0E61.d.4AA867032044AACFBD2873BE566D5951.e.12615","ELEMENT":"f.3D8655DB7C018FB3B3311B2BCD0F0E61.d.4AA867032044AACFBD2873BE566D5951.e.12615"}]}
RESULT: {}
RESULT: {"script":"<script> [8489 bytes]","args":[{"element-6066-11e4-a52e-4f735466cecf":"f.3D8655DB7C018FB3B3311B2BCD0F0E61.d.4AA867032044AACFBD2873BE566D5951.e.12615","ELEMENT":"f.3D8655DB7C018FB3B3311B2BCD0F0E61.d.4AA867032044AACFBD2873BE566D5951.e.12615"}]}
COMMAND: POST /session/e537112f6f31df0d8590d52383dd5938/execute/sync - {"script":"<script> [5351 bytes]","args":[{"element-6066-11e4-a52e-4f735466cecf":"f.3D8655DB7C018FB3B3311B2BCD0F0E61.d.4AA867032044AACFBD2873BE566D5951.e.12615","ELEMENT":"f.3D8655DB7C018FB3B3311B2BCD0F0E61.d.4AA867032044AACFBD2873BE566D5951.e.12615"}]}
COMMAND: GET /session/e537112f6f31df0d8590d52383dd5938/screenshot - {}
RESULT: {"script":"<script> [5351 bytes]","args":[{"element-6066-11e4-a52e-4f735466cecf":"f.3D8655DB7C018FB3B3311B2BCD0F0E61.d.4AA867032044AACFBD2873BE566D5951.e.12615","ELEMENT":"f.3D8655DB7C018FB3B3311B2BCD0F0E61.d.4AA867032044AACFBD2873BE566D5951.e.12615"}]}
COMMAND: POST /session/e537112f6f31df0d8590d52383dd5938/element - {"using":"css selector","value":"#shell-header-logo"}
COMMAND: GET /session/e537112f6f31df0d8590d52383dd5938/screenshot - {}
RESULT: {}
RESULT: {"using":"css selector","value":"#shell-header-logo"}
COMMAND: POST /session/e537112f6f31df0d8590d52383dd5938/element/f.3D8655DB7C018FB3B3311B2BCD0F0E61.d.4AA867032044AACFBD2873BE566D5951.e.12615/click - {}
RESULT: {}
RESULT: {}
COMMAND: GET /session/e537112f6f31df0d8590d52383dd5938/screenshot - {}
RESULT: {}
COMMAND: POST /session/e537112f6f31df0d8590d52383dd5938/execute/async - {"script":"<script> [189 bytes]","args":[]}
RESULT: {"script":"<script> [189 bytes]","args":[]}
COMMAND: POST /session/e537112f6f31df0d8590d52383dd5938/execute/async - {"script":"<script> [123 bytes]","args":[]}
RESULT: {"script":"<script> [123 bytes]","args":[]}
COMMAND: POST /session/e537112f6f31df0d8590d52383dd5938/timeouts - {"script":"<number>"}
RESULT: {"script":"<number>"}
COMMAND: GET /session/e537112f6f31df0d8590d52383dd5938/timeouts - {}
RESULT: {}
RESULT: undefined
COMMAND: POST /session/e537112f6f31df0d8590d52383dd5938/execute/async - {"script":"<script> [2676 bytes]","args":[]}
RESULT: {"script":"<script> [2676 bytes]","args":[]}
COMMAND: POST /session/e537112f6f31df0d8590d52383dd5938/execute/async - {"script":"<script> [2342 bytes]","args":[{"protocol":"http","hostname":"0.0.0.0","path":"/","capabilities":{"browserName":"chrome","goog:chromeOptions":{"binary":"C:\\Program Files\\Google\\Chrome\\Application\\chrome.exe","args":["--start-maximized"]}},"logLevel":"warn","connectionRetryTimeout":120000,"connectionRetryCount":3,"logLevels":{},"enableDirectConnect":true,"strictSSL":true,"_":"65 more keys: [\"cacheDir\",\"port\",\"requestedCapabilities\",\"automationProtocol\",\"baseUrl\",\"waitforInterval\",\"waitforTimeout\",\"onReload\",\"beforeCommand\",\"afterCommand\",\"rootDir\",\"specs\",\"suites\",\"exclude\",\"groupLogsByTestSpec\",\"excludeDriverLogs\",\"bail\",\"framework\",\"reporters\",\"services\",\"maxInstances\",\"maxInstancesPerCapability\",\"injectGlobals\",\"filesToWatch\",\"execArgv\",\"runnerEnv\",\"runner\",\"shard\",\"specFileRetries\",\"specFileRetriesDelay\",\"specFileRetriesDeferred\",\"reporterSyncInterval\",\"reporterSyncTimeout\",\"cucumberFeaturesWithLineNumbers\",\"autoCompileOpts\",\"mochaOpts\",\"jasmineOpts\",\"cucumberOpts\",\"onPrepare\",\"onWorkerStart\",\"onWorkerEnd\",\"before\",\"beforeSession\",\"beforeSuite\",\"beforeHook\",\"beforeTest\",\"afterTest\",\"afterHook\",\"afterSuite\",\"afterSession\",\"after\",\"onComplete\",\"beforeAssertion\",\"afterAssertion\",\"beforeFeature\",\"beforeScenario\",\"beforeStep\",\"afterStep\",\"afterScenario\",\"afterFeature\",\"_\",\"suite\",\"$0\",\"ignoredWorkerServices\",\"wdi5\"]"}]}
RESULT: {"script":"<script> [2342 bytes]","args":[{"protocol":"http","hostname":"0.0.0.0","path":"/","capabilities":{"browserName":"chrome","goog:chromeOptions":{"binary":"C:\\Program Files\\Google\\Chrome\\Application\\chrome.exe","args":["--start-maximized"]}},"logLevel":"warn","connectionRetryTimeout":120000,"connectionRetryCount":3,"logLevels":{},"enableDirectConnect":true,"strictSSL":true,"_":"65 more keys: [\"cacheDir\",\"port\",\"requestedCapabilities\",\"automationProtocol\",\"baseUrl\",\"waitforInterval\",\"waitforTimeout\",\"onReload\",\"beforeCommand\",\"afterCommand\",\"rootDir\",\"specs\",\"suites\",\"exclude\",\"groupLogsByTestSpec\",\"excludeDriverLogs\",\"bail\",\"framework\",\"reporters\",\"services\",\"maxInstances\",\"maxInstancesPerCapability\",\"injectGlobals\",\"filesToWatch\",\"execArgv\",\"runnerEnv\",\"runner\",\"shard\",\"specFileRetries\",\"specFileRetriesDelay\",\"specFileRetriesDeferred\",\"reporterSyncInterval\",\"reporterSyncTimeout\",\"cucumberFeaturesWithLineNumbers\",\"autoCompileOpts\",\"mochaOpts\",\"jasmineOpts\",\"cucumberOpts\",\"onPrepare\",\"onWorkerStart\",\"onWorkerEnd\",\"before\",\"beforeSession\",\"beforeSuite\",\"beforeHook\",\"beforeTest\",\"afterTest\",\"afterHook\",\"afterSuite\",\"afterSession\",\"after\",\"onComplete\",\"beforeAssertion\",\"afterAssertion\",\"beforeFeature\",\"beforeScenario\",\"beforeStep\",\"afterStep\",\"afterScenario\",\"afterFeature\",\"_\",\"suite\",\"$0\",\"ignoredWorkerServices\",\"wdi5\"]"}]}
COMMAND: POST /session/e537112f6f31df0d8590d52383dd5938/execute/async - {"script":"<script> [21126 bytes]","args":[35000]}
RESULT: {"script":"<script> [21126 bytes]","args":[35000]}
COMMAND: POST /session/e537112f6f31df0d8590d52383dd5938/window/maximize - {}
RESULT: {}
COMMAND: POST /session/e537112f6f31df0d8590d52383dd5938/execute/async - {"script":"<script> [1562 bytes]","args":[{"selector":{"id":"shell-header","interaction":{"idSuffix":"icon"}},"wdio_ui5_key":"shellheader"}]}
COMMAND: GET /session/e537112f6f31df0d8590d52383dd5938/screenshot - {}
RESULT: {"script":"<script> [1562 bytes]","args":[{"selector":{"id":"shell-header","interaction":{"idSuffix":"icon"}},"wdio_ui5_key":"shellheader"}]}
RESULT: undefined
COMMAND: POST /session/e537112f6f31df0d8590d52383dd5938/refresh - {}
RESULT: {}
RESULT: {}
COMMAND: GET /session/e537112f6f31df0d8590d52383dd5938/screenshot - {}
RESULT: {}
COMMAND: POST /session/e537112f6f31df0d8590d52383dd5938/refresh - {}
RESULT: {}
COMMAND: GET /session/e537112f6f31df0d8590d52383dd5938/screenshot - {}
RESULT: {}
COMMAND: POST /session/e537112f6f31df0d8590d52383dd5938/window/fullscreen - {}
RESULT: {}
COMMAND: POST /session/e537112f6f31df0d8590d52383dd5938/execute/async - {"script":"<script> [189 bytes]","args":[]}
RESULT: {"script":"<script> [189 bytes]","args":[]}
COMMAND: POST /session/e537112f6f31df0d8590d52383dd5938/execute/async - {"script":"<script> [123 bytes]","args":[]}
RESULT: {"script":"<script> [123 bytes]","args":[]}
COMMAND: POST /session/e537112f6f31df0d8590d52383dd5938/timeouts - {"script":"<number>"}
RESULT: {"script":"<number>"}
COMMAND: GET /session/e537112f6f31df0d8590d52383dd5938/timeouts - {}
RESULT: {}
RESULT: undefined
COMMAND: POST /session/e537112f6f31df0d8590d52383dd5938/execute/async - {"script":"<script> [2676 bytes]","args":[]}
RESULT: {"script":"<script> [2676 bytes]","args":[]}
COMMAND: POST /session/e537112f6f31df0d8590d52383dd5938/execute/async - {"script":"<script> [2342 bytes]","args":[{"protocol":"http","hostname":"0.0.0.0","path":"/","capabilities":{"browserName":"chrome","goog:chromeOptions":{"binary":"C:\\Program Files\\Google\\Chrome\\Application\\chrome.exe","args":["--start-maximized"]}},"logLevel":"warn","connectionRetryTimeout":120000,"connectionRetryCount":3,"logLevels":{},"enableDirectConnect":true,"strictSSL":true,"_":"65 more keys: [\"cacheDir\",\"port\",\"requestedCapabilities\",\"automationProtocol\",\"baseUrl\",\"waitforInterval\",\"waitforTimeout\",\"onReload\",\"beforeCommand\",\"afterCommand\",\"rootDir\",\"specs\",\"suites\",\"exclude\",\"groupLogsByTestSpec\",\"excludeDriverLogs\",\"bail\",\"framework\",\"reporters\",\"services\",\"maxInstances\",\"maxInstancesPerCapability\",\"injectGlobals\",\"filesToWatch\",\"execArgv\",\"runnerEnv\",\"runner\",\"shard\",\"specFileRetries\",\"specFileRetriesDelay\",\"specFileRetriesDeferred\",\"reporterSyncInterval\",\"reporterSyncTimeout\",\"cucumberFeaturesWithLineNumbers\",\"autoCompileOpts\",\"mochaOpts\",\"jasmineOpts\",\"cucumberOpts\",\"onPrepare\",\"onWorkerStart\",\"onWorkerEnd\",\"before\",\"beforeSession\",\"beforeSuite\",\"beforeHook\",\"beforeTest\",\"afterTest\",\"afterHook\",\"afterSuite\",\"afterSession\",\"after\",\"onComplete\",\"beforeAssertion\",\"afterAssertion\",\"beforeFeature\",\"beforeScenario\",\"beforeStep\",\"afterStep\",\"afterScenario\",\"afterFeature\",\"_\",\"suite\",\"$0\",\"ignoredWorkerServices\",\"wdi5\"]"}]}
RESULT: {"script":"<script> [2342 bytes]","args":[{"protocol":"http","hostname":"0.0.0.0","path":"/","capabilities":{"browserName":"chrome","goog:chromeOptions":{"binary":"C:\\Program Files\\Google\\Chrome\\Application\\chrome.exe","args":["--start-maximized"]}},"logLevel":"warn","connectionRetryTimeout":120000,"connectionRetryCount":3,"logLevels":{},"enableDirectConnect":true,"strictSSL":true,"_":"65 more keys: [\"cacheDir\",\"port\",\"requestedCapabilities\",\"automationProtocol\",\"baseUrl\",\"waitforInterval\",\"waitforTimeout\",\"onReload\",\"beforeCommand\",\"afterCommand\",\"rootDir\",\"specs\",\"suites\",\"exclude\",\"groupLogsByTestSpec\",\"excludeDriverLogs\",\"bail\",\"framework\",\"reporters\",\"services\",\"maxInstances\",\"maxInstancesPerCapability\",\"injectGlobals\",\"filesToWatch\",\"execArgv\",\"runnerEnv\",\"runner\",\"shard\",\"specFileRetries\",\"specFileRetriesDelay\",\"specFileRetriesDeferred\",\"reporterSyncInterval\",\"reporterSyncTimeout\",\"cucumberFeaturesWithLineNumbers\",\"autoCompileOpts\",\"mochaOpts\",\"jasmineOpts\",\"cucumberOpts\",\"onPrepare\",\"onWorkerStart\",\"onWorkerEnd\",\"before\",\"beforeSession\",\"beforeSuite\",\"beforeHook\",\"beforeTest\",\"afterTest\",\"afterHook\",\"afterSuite\",\"afterSession\",\"after\",\"onComplete\",\"beforeAssertion\",\"afterAssertion\",\"beforeFeature\",\"beforeScenario\",\"beforeStep\",\"afterStep\",\"afterScenario\",\"afterFeature\",\"_\",\"suite\",\"$0\",\"ignoredWorkerServices\",\"wdi5\"]"}]}
COMMAND: POST /session/e537112f6f31df0d8590d52383dd5938/execute/async - {"script":"<script> [21126 bytes]","args":[35000]}
RESULT: {"script":"<script> [21126 bytes]","args":[35000]}
]]></system-out>
    </testcase>
  </testsuite>
  <testsuite timestamp="2025-05-28T18:08:56" time="608.545" tests="4" failures="1" errors="1" skipped="0">
    <properties>
      <property name="specId" value="0"/>
      <property name="suiteName" value="Create partner US118246"/>
      <property name="capabilities" value="chrome.136_0_7103_93.windows"/>
      <property name="file" value="file:///D:/a/1/s/test/specs/BTS/create-partner.spec.js"/>
    </properties>
    <testcase classname="chrome.136_0_7103_93.windows.Create_partner_US118246" name="Should create a new yard in case create yard failed" time="138.157">
      <system-out><![CDATA[
COMMAND: POST /session/e537112f6f31df0d8590d52383dd5938/window/fullscreen - {}
RESULT: {}
COMMAND: POST /session/e537112f6f31df0d8590d52383dd5938/execute/async - {"script":"<script> [1562 bytes]","args":[{"selector":{"controlType":"sap.m.GenericTile","properties":{"header":"Manage Yards"}},"wdio_ui5_key":"sapm.GenericTile{\"header\":\"Manage Yards\"}"}]}
RESULT: {"script":"<script> [1562 bytes]","args":[{"selector":{"controlType":"sap.m.GenericTile","properties":{"header":"Manage Yards"}},"wdio_ui5_key":"sapm.GenericTile{\"header\":\"Manage Yards\"}"}]}
RESULT: undefined
COMMAND: POST /session/e537112f6f31df0d8590d52383dd5938/element - {"using":"xpath","value":"//*[@id=\"__tile41\"]"}
RESULT: {"using":"xpath","value":"//*[@id=\"__tile41\"]"}
COMMAND: POST /session/e537112f6f31df0d8590d52383dd5938/element/f.3D8655DB7C018FB3B3311B2BCD0F0E61.d.6010111A3E972515311077ECA720F465.e.12779/click - {}
RESULT: {}
COMMAND: GET /session/e537112f6f31df0d8590d52383dd5938/screenshot - {}
RESULT: {}
COMMAND: POST /session/e537112f6f31df0d8590d52383dd5938/elements - {"using":"xpath","value":"//span[text()='Error']"}
RESULT: {"using":"xpath","value":"//span[text()='Error']"}
COMMAND: POST /session/e537112f6f31df0d8590d52383dd5938/element - {"using":"xpath","value":"//button[@data-kt=\"addNewYardOverflowToolbarButton\"]"}
RESULT: {"using":"xpath","value":"//button[@data-kt=\"addNewYardOverflowToolbarButton\"]"}
COMMAND: POST /session/e537112f6f31df0d8590d52383dd5938/elements - {"using":"xpath","value":"//button[@data-kt=\"addNewYardOverflowToolbarButton\"]"}
RESULT: {"using":"xpath","value":"//button[@data-kt=\"addNewYardOverflowToolbarButton\"]"}
COMMAND: POST /session/e537112f6f31df0d8590d52383dd5938/execute/sync - {"script":"<script> [8489 bytes]","args":[{"element-6066-11e4-a52e-4f735466cecf":"f.3D8655DB7C018FB3B3311B2BCD0F0E61.d.6010111A3E972515311077ECA720F465.e.12927","ELEMENT":"f.3D8655DB7C018FB3B3311B2BCD0F0E61.d.6010111A3E972515311077ECA720F465.e.12927"}]}
RESULT: {"script":"<script> [8489 bytes]","args":[{"element-6066-11e4-a52e-4f735466cecf":"f.3D8655DB7C018FB3B3311B2BCD0F0E61.d.6010111A3E972515311077ECA720F465.e.12927","ELEMENT":"f.3D8655DB7C018FB3B3311B2BCD0F0E61.d.6010111A3E972515311077ECA720F465.e.12927"}]}
COMMAND: GET /session/e537112f6f31df0d8590d52383dd5938/element/f.3D8655DB7C018FB3B3311B2BCD0F0E61.d.6010111A3E972515311077ECA720F465.e.12927/enabled - {}
COMMAND: GET /session/e537112f6f31df0d8590d52383dd5938/screenshot - {}
RESULT: {}
COMMAND: POST /session/e537112f6f31df0d8590d52383dd5938/execute/sync - {"script":"<script> [8489 bytes]","args":[{"element-6066-11e4-a52e-4f735466cecf":"f.3D8655DB7C018FB3B3311B2BCD0F0E61.d.6010111A3E972515311077ECA720F465.e.12927","ELEMENT":"f.3D8655DB7C018FB3B3311B2BCD0F0E61.d.6010111A3E972515311077ECA720F465.e.12927"}]}
COMMAND: GET /session/e537112f6f31df0d8590d52383dd5938/screenshot - {}
RESULT: {}
RESULT: {"script":"<script> [8489 bytes]","args":[{"element-6066-11e4-a52e-4f735466cecf":"f.3D8655DB7C018FB3B3311B2BCD0F0E61.d.6010111A3E972515311077ECA720F465.e.12927","ELEMENT":"f.3D8655DB7C018FB3B3311B2BCD0F0E61.d.6010111A3E972515311077ECA720F465.e.12927"}]}
COMMAND: POST /session/e537112f6f31df0d8590d52383dd5938/execute/sync - {"script":"<script> [5351 bytes]","args":[{"element-6066-11e4-a52e-4f735466cecf":"f.3D8655DB7C018FB3B3311B2BCD0F0E61.d.6010111A3E972515311077ECA720F465.e.12927","ELEMENT":"f.3D8655DB7C018FB3B3311B2BCD0F0E61.d.6010111A3E972515311077ECA720F465.e.12927"}]}
COMMAND: GET /session/e537112f6f31df0d8590d52383dd5938/screenshot - {}
RESULT: {}
RESULT: {"script":"<script> [5351 bytes]","args":[{"element-6066-11e4-a52e-4f735466cecf":"f.3D8655DB7C018FB3B3311B2BCD0F0E61.d.6010111A3E972515311077ECA720F465.e.12927","ELEMENT":"f.3D8655DB7C018FB3B3311B2BCD0F0E61.d.6010111A3E972515311077ECA720F465.e.12927"}]}
COMMAND: POST /session/e537112f6f31df0d8590d52383dd5938/element/f.3D8655DB7C018FB3B3311B2BCD0F0E61.d.6010111A3E972515311077ECA720F465.e.12927/click - {}
COMMAND: GET /session/e537112f6f31df0d8590d52383dd5938/screenshot - {}
RESULT: {}
RESULT: {}
COMMAND: GET /session/e537112f6f31df0d8590d52383dd5938/screenshot - {}
COMMAND: POST /session/e537112f6f31df0d8590d52383dd5938/element - {"using":"xpath","value":"//input[@id=\"application-manageyards-display-component---NewYard--yardId-inner\"]"}
RESULT: {}
RESULT: {}
RESULT: {"using":"xpath","value":"//input[@id=\"application-manageyards-display-component---NewYard--yardId-inner\"]"}
COMMAND: POST /session/e537112f6f31df0d8590d52383dd5938/element - {"using":"xpath","value":"//input[@id=\"application-manageyards-display-component---NewYard--yardId-inner\"]"}
RESULT: {"using":"xpath","value":"//input[@id=\"application-manageyards-display-component---NewYard--yardId-inner\"]"}
COMMAND: POST /session/e537112f6f31df0d8590d52383dd5938/execute/async - {"script":"<script> [1562 bytes]","args":[{"selector":{"id":"application-manageyards-display-component---NewYard--addressDetailDetailsName1","interaction":{"idSuffix":"inner"}},"wdio_ui5_key":"applicationmanageyards-display-component---NewYard--addressDetailDetailsName1"}]}
RESULT: {"script":"<script> [1562 bytes]","args":[{"selector":{"id":"application-manageyards-display-component---NewYard--addressDetailDetailsName1","interaction":{"idSuffix":"inner"}},"wdio_ui5_key":"applicationmanageyards-display-component---NewYard--addressDetailDetailsName1"}]}
RESULT: undefined
COMMAND: POST /session/e537112f6f31df0d8590d52383dd5938/execute/async - {"script":"<script> [776 bytes]","args":[{"enterText":"Intracompany Yard wdIO","selector":{"id":"application-manageyards-display-component---NewYard--addressDetailDetailsName1","interaction":{"idSuffix":"inner"}},"clearTextFirst":true,"interactionType":"ENTER_TEXT"}]}
RESULT: {"script":"<script> [776 bytes]","args":[{"enterText":"Intracompany Yard wdIO","selector":{"id":"application-manageyards-display-component---NewYard--addressDetailDetailsName1","interaction":{"idSuffix":"inner"}},"clearTextFirst":true,"interactionType":"ENTER_TEXT"}]}
COMMAND: POST /session/e537112f6f31df0d8590d52383dd5938/execute/async - {"script":"<script> [1562 bytes]","args":[{"selector":{"id":"application-manageyards-display-component---NewYard--addressDetailDetailsLanguage-arrow"},"wdio_ui5_key":"applicationmanageyards-display-component---NewYard--addressDetailDetailsLanguage-arrow"}]}
RESULT: {"script":"<script> [1562 bytes]","args":[{"selector":{"id":"application-manageyards-display-component---NewYard--addressDetailDetailsLanguage-arrow"},"wdio_ui5_key":"applicationmanageyards-display-component---NewYard--addressDetailDetailsLanguage-arrow"}]}
RESULT: undefined
COMMAND: POST /session/e537112f6f31df0d8590d52383dd5938/element - {"using":"xpath","value":"//*[@id=\"application-manageyards-display-component---NewYard--addressDetailDetailsLanguage-arrow\"]"}
RESULT: {"using":"xpath","value":"//*[@id=\"application-manageyards-display-component---NewYard--addressDetailDetailsLanguage-arrow\"]"}
COMMAND: POST /session/e537112f6f31df0d8590d52383dd5938/element/f.3D8655DB7C018FB3B3311B2BCD0F0E61.d.6010111A3E972515311077ECA720F465.e.13347/click - {}
RESULT: {}
COMMAND: POST /session/e537112f6f31df0d8590d52383dd5938/element - {"using":"xpath","value":"//span[contains(text(), \"English\")]"}
COMMAND: GET /session/e537112f6f31df0d8590d52383dd5938/screenshot - {}
RESULT: {"using":"xpath","value":"//span[contains(text(), \"English\")]"}
COMMAND: POST /session/e537112f6f31df0d8590d52383dd5938/element/f.3D8655DB7C018FB3B3311B2BCD0F0E61.d.6010111A3E972515311077ECA720F465.e.13348/click - {}
RESULT: {}
RESULT: {}
COMMAND: POST /session/e537112f6f31df0d8590d52383dd5938/execute/async - {"script":"<script> [1562 bytes]","args":[{"selector":{"id":"application-manageyards-display-component---NewYard--addressDetailDetailsCity1","interaction":{"idSuffix":"inner"}},"wdio_ui5_key":"applicationmanageyards-display-component---NewYard--addressDetailDetailsCity1"}]}
COMMAND: GET /session/e537112f6f31df0d8590d52383dd5938/screenshot - {}
RESULT: {"script":"<script> [1562 bytes]","args":[{"selector":{"id":"application-manageyards-display-component---NewYard--addressDetailDetailsCity1","interaction":{"idSuffix":"inner"}},"wdio_ui5_key":"applicationmanageyards-display-component---NewYard--addressDetailDetailsCity1"}]}
RESULT: undefined
COMMAND: POST /session/e537112f6f31df0d8590d52383dd5938/execute/async - {"script":"<script> [776 bytes]","args":[{"enterText":"Rosario","selector":{"id":"application-manageyards-display-component---NewYard--addressDetailDetailsCity1","interaction":{"idSuffix":"inner"}},"clearTextFirst":true,"interactionType":"ENTER_TEXT"}]}
RESULT: {}
RESULT: {"script":"<script> [776 bytes]","args":[{"enterText":"Rosario","selector":{"id":"application-manageyards-display-component---NewYard--addressDetailDetailsCity1","interaction":{"idSuffix":"inner"}},"clearTextFirst":true,"interactionType":"ENTER_TEXT"}]}
COMMAND: POST /session/e537112f6f31df0d8590d52383dd5938/execute/async - {"script":"<script> [1562 bytes]","args":[{"selector":{"id":"application-manageyards-display-component---NewYard--addressDetailDetailsCountry-arrow"},"wdio_ui5_key":"applicationmanageyards-display-component---NewYard--addressDetailDetailsCountry-arrow"}]}
RESULT: {"script":"<script> [1562 bytes]","args":[{"selector":{"id":"application-manageyards-display-component---NewYard--addressDetailDetailsCountry-arrow"},"wdio_ui5_key":"applicationmanageyards-display-component---NewYard--addressDetailDetailsCountry-arrow"}]}
RESULT: undefined
COMMAND: POST /session/e537112f6f31df0d8590d52383dd5938/element - {"using":"xpath","value":"//*[@id=\"application-manageyards-display-component---NewYard--addressDetailDetailsCountry-arrow\"]"}
RESULT: {"using":"xpath","value":"//*[@id=\"application-manageyards-display-component---NewYard--addressDetailDetailsCountry-arrow\"]"}
COMMAND: POST /session/e537112f6f31df0d8590d52383dd5938/element/f.3D8655DB7C018FB3B3311B2BCD0F0E61.d.6010111A3E972515311077ECA720F465.e.13350/click - {}
RESULT: {}
COMMAND: POST /session/e537112f6f31df0d8590d52383dd5938/element - {"using":"xpath","value":"//span[contains(text(), \"Argentina\")]"}
COMMAND: GET /session/e537112f6f31df0d8590d52383dd5938/screenshot - {}
RESULT: {"using":"xpath","value":"//span[contains(text(), \"Argentina\")]"}
COMMAND: POST /session/e537112f6f31df0d8590d52383dd5938/element/f.3D8655DB7C018FB3B3311B2BCD0F0E61.d.6010111A3E972515311077ECA720F465.e.13351/click - {}
RESULT: {}
RESULT: {}
COMMAND: POST /session/e537112f6f31df0d8590d52383dd5938/execute/async - {"script":"<script> [1562 bytes]","args":[{"selector":{"id":"application-manageyards-display-component---NewYard--addressEditDetailsCostObjectCstType-arrow"},"wdio_ui5_key":"applicationmanageyards-display-component---NewYard--addressEditDetailsCostObjectCstType-arrow"}]}
COMMAND: GET /session/e537112f6f31df0d8590d52383dd5938/screenshot - {}
RESULT: {"script":"<script> [1562 bytes]","args":[{"selector":{"id":"application-manageyards-display-component---NewYard--addressEditDetailsCostObjectCstType-arrow"},"wdio_ui5_key":"applicationmanageyards-display-component---NewYard--addressEditDetailsCostObjectCstType-arrow"}]}
RESULT: undefined
COMMAND: POST /session/e537112f6f31df0d8590d52383dd5938/element - {"using":"xpath","value":"//*[@id=\"application-manageyards-display-component---NewYard--addressEditDetailsCostObjectCstType-arrow\"]"}
RESULT: {}
RESULT: {"using":"xpath","value":"//*[@id=\"application-manageyards-display-component---NewYard--addressEditDetailsCostObjectCstType-arrow\"]"}
COMMAND: POST /session/e537112f6f31df0d8590d52383dd5938/element/f.3D8655DB7C018FB3B3311B2BCD0F0E61.d.6010111A3E972515311077ECA720F465.e.13353/click - {}
RESULT: {}
COMMAND: POST /session/e537112f6f31df0d8590d52383dd5938/element - {"using":"xpath","value":"//span[contains(text(), \"Cost Center\")]"}
COMMAND: GET /session/e537112f6f31df0d8590d52383dd5938/screenshot - {}
RESULT: {"using":"xpath","value":"//span[contains(text(), \"Cost Center\")]"}
COMMAND: POST /session/e537112f6f31df0d8590d52383dd5938/element/f.3D8655DB7C018FB3B3311B2BCD0F0E61.d.6010111A3E972515311077ECA720F465.e.13354/click - {}
RESULT: {}
RESULT: {}
COMMAND: GET /session/e537112f6f31df0d8590d52383dd5938/screenshot - {}
RESULT: {}
COMMAND: POST /session/e537112f6f31df0d8590d52383dd5938/element - {"using":"xpath","value":"//span[@id=\"application-manageyards-display-component---NewYard--addressNewCostObjectCstID-vhi\"]"}
RESULT: {"using":"xpath","value":"//span[@id=\"application-manageyards-display-component---NewYard--addressNewCostObjectCstID-vhi\"]"}
COMMAND: POST /session/e537112f6f31df0d8590d52383dd5938/execute/sync - {"script":"<script> [8489 bytes]","args":[{"element-6066-11e4-a52e-4f735466cecf":"f.3D8655DB7C018FB3B3311B2BCD0F0E61.d.6010111A3E972515311077ECA720F465.e.13358","ELEMENT":"f.3D8655DB7C018FB3B3311B2BCD0F0E61.d.6010111A3E972515311077ECA720F465.e.13358"}]}
RESULT: {"script":"<script> [8489 bytes]","args":[{"element-6066-11e4-a52e-4f735466cecf":"f.3D8655DB7C018FB3B3311B2BCD0F0E61.d.6010111A3E972515311077ECA720F465.e.13358","ELEMENT":"f.3D8655DB7C018FB3B3311B2BCD0F0E61.d.6010111A3E972515311077ECA720F465.e.13358"}]}
COMMAND: POST /session/e537112f6f31df0d8590d52383dd5938/execute/async - {"script":"<script> [1562 bytes]","args":[{"selector":{"id":"application-manageyards-display-component---NewYard--addressNewCostObjectCstID-vhi"},"wdio_ui5_key":"applicationmanageyards-display-component---NewYard--addressNewCostObjectCstID-vhi"}]}
COMMAND: GET /session/e537112f6f31df0d8590d52383dd5938/screenshot - {}
RESULT: {"script":"<script> [1562 bytes]","args":[{"selector":{"id":"application-manageyards-display-component---NewYard--addressNewCostObjectCstID-vhi"},"wdio_ui5_key":"applicationmanageyards-display-component---NewYard--addressNewCostObjectCstID-vhi"}]}
RESULT: undefined
COMMAND: POST /session/e537112f6f31df0d8590d52383dd5938/element - {"using":"xpath","value":"//*[@id=\"application-manageyards-display-component---NewYard--addressNewCostObjectCstID-vhi\"]"}
RESULT: {}
RESULT: {"using":"xpath","value":"//*[@id=\"application-manageyards-display-component---NewYard--addressNewCostObjectCstID-vhi\"]"}
COMMAND: POST /session/e537112f6f31df0d8590d52383dd5938/element/f.3D8655DB7C018FB3B3311B2BCD0F0E61.d.6010111A3E972515311077ECA720F465.e.13358/click - {}
RESULT: {}
COMMAND: GET /session/e537112f6f31df0d8590d52383dd5938/screenshot - {}
RESULT: {}
COMMAND: POST /session/e537112f6f31df0d8590d52383dd5938/execute/async - {"script":"<script> [1562 bytes]","args":[{"selector":{"controlType":"sap.m.SearchField","properties":{"placeholder":"Search"},"searchOpenDialogs":true,"interaction":{"idSuffix":"I"}},"wdio_ui5_key":"sapm.SearchField{\"placeholder\":\"Search\"}"}]}
RESULT: {"script":"<script> [1562 bytes]","args":[{"selector":{"controlType":"sap.m.SearchField","properties":{"placeholder":"Search"},"searchOpenDialogs":true,"interaction":{"idSuffix":"I"}},"wdio_ui5_key":"sapm.SearchField{\"placeholder\":\"Search\"}"}]}
RESULT: undefined
COMMAND: POST /session/e537112f6f31df0d8590d52383dd5938/execute/async - {"script":"<script> [776 bytes]","args":[{"enterText":"bauh_b","selector":{"controlType":"sap.m.SearchField","properties":{"placeholder":"Search"},"searchOpenDialogs":true,"interaction":{"idSuffix":"I"}},"clearTextFirst":true,"interactionType":"ENTER_TEXT"}]}
RESULT: {"script":"<script> [776 bytes]","args":[{"enterText":"bauh_b","selector":{"controlType":"sap.m.SearchField","properties":{"placeholder":"Search"},"searchOpenDialogs":true,"interaction":{"idSuffix":"I"}},"clearTextFirst":true,"interactionType":"ENTER_TEXT"}]}
COMMAND: POST /session/e537112f6f31df0d8590d52383dd5938/actions - {"actions":[{"id":"action37","type":"key","parameters":{},"actions":[{"type":"keyDown","value":""},{"type":"pause","duration":10},{"type":"keyUp","value":""}]}]}
RESULT: {"actions":[{"id":"action37","type":"key","parameters":{},"actions":[{"type":"keyDown","value":""},{"type":"pause","duration":10},{"type":"keyUp","value":""}]}]}
COMMAND: GET /session/e537112f6f31df0d8590d52383dd5938/screenshot - {}
RESULT: {}
COMMAND: POST /session/e537112f6f31df0d8590d52383dd5938/element - {"using":"xpath","value":"//span[contains(text(), \"Demo Yard\")]"}
RESULT: {"using":"xpath","value":"//span[contains(text(), \"Demo Yard\")]"}
COMMAND: POST /session/e537112f6f31df0d8590d52383dd5938/element/f.3D8655DB7C018FB3B3311B2BCD0F0E61.d.6010111A3E972515311077ECA720F465.e.13400/click - {}
RESULT: {}
COMMAND: GET /session/e537112f6f31df0d8590d52383dd5938/screenshot - {}
RESULT: {}
COMMAND: POST /session/e537112f6f31df0d8590d52383dd5938/element - {"using":"xpath","value":"//bdi[contains(text(), \"OK\")]"}
RESULT: {"using":"xpath","value":"//bdi[contains(text(), \"OK\")]"}
COMMAND: POST /session/e537112f6f31df0d8590d52383dd5938/element/f.3D8655DB7C018FB3B3311B2BCD0F0E61.d.6010111A3E972515311077ECA720F465.e.13401/click - {}
RESULT: {}
COMMAND: GET /session/e537112f6f31df0d8590d52383dd5938/screenshot - {}
RESULT: {}
COMMAND: POST /session/e537112f6f31df0d8590d52383dd5938/execute/async - {"script":"<script> [1562 bytes]","args":[{"selector":{"id":"application-manageyards-display-component---NewYard--addressEditDetailsCurrency-arrow"},"wdio_ui5_key":"applicationmanageyards-display-component---NewYard--addressEditDetailsCurrency-arrow"}]}
RESULT: {"script":"<script> [1562 bytes]","args":[{"selector":{"id":"application-manageyards-display-component---NewYard--addressEditDetailsCurrency-arrow"},"wdio_ui5_key":"applicationmanageyards-display-component---NewYard--addressEditDetailsCurrency-arrow"}]}
RESULT: undefined
COMMAND: POST /session/e537112f6f31df0d8590d52383dd5938/element - {"using":"xpath","value":"//*[@id=\"application-manageyards-display-component---NewYard--addressEditDetailsCurrency-arrow\"]"}
RESULT: {"using":"xpath","value":"//*[@id=\"application-manageyards-display-component---NewYard--addressEditDetailsCurrency-arrow\"]"}
COMMAND: POST /session/e537112f6f31df0d8590d52383dd5938/element/f.3D8655DB7C018FB3B3311B2BCD0F0E61.d.6010111A3E972515311077ECA720F465.e.13404/click - {}
RESULT: {}
COMMAND: POST /session/e537112f6f31df0d8590d52383dd5938/element - {"using":"xpath","value":"//span[contains(text(), \"Euro\")]"}
COMMAND: GET /session/e537112f6f31df0d8590d52383dd5938/screenshot - {}
RESULT: {"using":"xpath","value":"//span[contains(text(), \"Euro\")]"}
COMMAND: POST /session/e537112f6f31df0d8590d52383dd5938/element/f.3D8655DB7C018FB3B3311B2BCD0F0E61.d.6010111A3E972515311077ECA720F465.e.13405/click - {}
RESULT: {}
RESULT: {}
COMMAND: POST /session/e537112f6f31df0d8590d52383dd5938/execute/async - {"script":"<script> [1562 bytes]","args":[{"selector":{"controlType":"sap.m.Input","viewName":"etm.portal.ui.manageyards.view.New","viewId":"application-manageyards-display-component---NewYard","bindingPath":{"path":"","propertyPath":"/CONTROLLING_AREA","modelName":"NewYardModel"},"interaction":{"idSuffix":"inner"}},"wdio_ui5_key":"etmportal.ui.manageyards.view.Newsap.m.Input{\"path\":\"\",\"propertyPath\":\"/CONTROLLING_AREA\",\"modelName\":\"NewYardModel\"}"}]}
COMMAND: GET /session/e537112f6f31df0d8590d52383dd5938/screenshot - {}
RESULT: {"script":"<script> [1562 bytes]","args":[{"selector":{"controlType":"sap.m.Input","viewName":"etm.portal.ui.manageyards.view.New","viewId":"application-manageyards-display-component---NewYard","bindingPath":{"path":"","propertyPath":"/CONTROLLING_AREA","modelName":"NewYardModel"},"interaction":{"idSuffix":"inner"}},"wdio_ui5_key":"etmportal.ui.manageyards.view.Newsap.m.Input{\"path\":\"\",\"propertyPath\":\"/CONTROLLING_AREA\",\"modelName\":\"NewYardModel\"}"}]}
RESULT: undefined
COMMAND: POST /session/e537112f6f31df0d8590d52383dd5938/execute/async - {"script":"<script> [776 bytes]","args":[{"enterText":"Z001","selector":{"controlType":"sap.m.Input","viewName":"etm.portal.ui.manageyards.view.New","viewId":"application-manageyards-display-component---NewYard","bindingPath":{"path":"","propertyPath":"/CONTROLLING_AREA","modelName":"NewYardModel"},"interaction":{"idSuffix":"inner"}},"clearTextFirst":true,"interactionType":"ENTER_TEXT"}]}
RESULT: {}
RESULT: {"script":"<script> [776 bytes]","args":[{"enterText":"Z001","selector":{"controlType":"sap.m.Input","viewName":"etm.portal.ui.manageyards.view.New","viewId":"application-manageyards-display-component---NewYard","bindingPath":{"path":"","propertyPath":"/CONTROLLING_AREA","modelName":"NewYardModel"},"interaction":{"idSuffix":"inner"}},"clearTextFirst":true,"interactionType":"ENTER_TEXT"}]}
COMMAND: POST /session/e537112f6f31df0d8590d52383dd5938/execute/async - {"script":"<script> [1562 bytes]","args":[{"selector":{"id":"application-manageyards-display-component---NewYard--companyCodeComboBox","interaction":{"idSuffix":"inner"}},"wdio_ui5_key":"applicationmanageyards-display-component---NewYard--companyCodeComboBox"}]}
RESULT: {"script":"<script> [1562 bytes]","args":[{"selector":{"id":"application-manageyards-display-component---NewYard--companyCodeComboBox","interaction":{"idSuffix":"inner"}},"wdio_ui5_key":"applicationmanageyards-display-component---NewYard--companyCodeComboBox"}]}
RESULT: undefined
COMMAND: POST /session/e537112f6f31df0d8590d52383dd5938/execute/async - {"script":"<script> [776 bytes]","args":[{"enterText":"1000","selector":{"id":"application-manageyards-display-component---NewYard--companyCodeComboBox","interaction":{"idSuffix":"inner"}},"clearTextFirst":true,"interactionType":"ENTER_TEXT"}]}
RESULT: {"script":"<script> [776 bytes]","args":[{"enterText":"1000","selector":{"id":"application-manageyards-display-component---NewYard--companyCodeComboBox","interaction":{"idSuffix":"inner"}},"clearTextFirst":true,"interactionType":"ENTER_TEXT"}]}
COMMAND: POST /session/e537112f6f31df0d8590d52383dd5938/execute/async - {"script":"<script> [1562 bytes]","args":[{"selector":{"controlType":"sap.m.Input","viewName":"etm.portal.ui.manageyards.view.New","viewId":"application-manageyards-display-component---NewYard","bindingPath":{"path":"","propertyPath":"/PLANT","modelName":"NewYardModel"},"interaction":{"idSuffix":"inner"}},"wdio_ui5_key":"etmportal.ui.manageyards.view.Newsap.m.Input{\"path\":\"\",\"propertyPath\":\"/PLANT\",\"modelName\":\"NewYardModel\"}"}]}
RESULT: {"script":"<script> [1562 bytes]","args":[{"selector":{"controlType":"sap.m.Input","viewName":"etm.portal.ui.manageyards.view.New","viewId":"application-manageyards-display-component---NewYard","bindingPath":{"path":"","propertyPath":"/PLANT","modelName":"NewYardModel"},"interaction":{"idSuffix":"inner"}},"wdio_ui5_key":"etmportal.ui.manageyards.view.Newsap.m.Input{\"path\":\"\",\"propertyPath\":\"/PLANT\",\"modelName\":\"NewYardModel\"}"}]}
RESULT: undefined
COMMAND: POST /session/e537112f6f31df0d8590d52383dd5938/execute/async - {"script":"<script> [776 bytes]","args":[{"enterText":"1001","selector":{"controlType":"sap.m.Input","viewName":"etm.portal.ui.manageyards.view.New","viewId":"application-manageyards-display-component---NewYard","bindingPath":{"path":"","propertyPath":"/PLANT","modelName":"NewYardModel"},"interaction":{"idSuffix":"inner"}},"clearTextFirst":true,"interactionType":"ENTER_TEXT"}]}
RESULT: {"script":"<script> [776 bytes]","args":[{"enterText":"1001","selector":{"controlType":"sap.m.Input","viewName":"etm.portal.ui.manageyards.view.New","viewId":"application-manageyards-display-component---NewYard","bindingPath":{"path":"","propertyPath":"/PLANT","modelName":"NewYardModel"},"interaction":{"idSuffix":"inner"}},"clearTextFirst":true,"interactionType":"ENTER_TEXT"}]}
COMMAND: POST /session/e537112f6f31df0d8590d52383dd5938/execute/async - {"script":"<script> [1562 bytes]","args":[{"selector":{"controlType":"sap.m.Input","viewName":"etm.portal.ui.manageyards.view.New","viewId":"application-manageyards-display-component---NewYard","bindingPath":{"path":"","propertyPath":"/SALES_AREA_VKORG","modelName":"NewYardModel"},"interaction":{"idSuffix":"inner"}},"wdio_ui5_key":"etmportal.ui.manageyards.view.Newsap.m.Input{\"path\":\"\",\"propertyPath\":\"/SALES_AREA_VKORG\",\"modelName\":\"NewYardModel\"}"}]}
RESULT: {"script":"<script> [1562 bytes]","args":[{"selector":{"controlType":"sap.m.Input","viewName":"etm.portal.ui.manageyards.view.New","viewId":"application-manageyards-display-component---NewYard","bindingPath":{"path":"","propertyPath":"/SALES_AREA_VKORG","modelName":"NewYardModel"},"interaction":{"idSuffix":"inner"}},"wdio_ui5_key":"etmportal.ui.manageyards.view.Newsap.m.Input{\"path\":\"\",\"propertyPath\":\"/SALES_AREA_VKORG\",\"modelName\":\"NewYardModel\"}"}]}
RESULT: undefined
COMMAND: POST /session/e537112f6f31df0d8590d52383dd5938/execute/async - {"script":"<script> [776 bytes]","args":[{"enterText":"C002","selector":{"controlType":"sap.m.Input","viewName":"etm.portal.ui.manageyards.view.New","viewId":"application-manageyards-display-component---NewYard","bindingPath":{"path":"","propertyPath":"/SALES_AREA_VKORG","modelName":"NewYardModel"},"interaction":{"idSuffix":"inner"}},"clearTextFirst":true,"interactionType":"ENTER_TEXT"}]}
RESULT: {"script":"<script> [776 bytes]","args":[{"enterText":"C002","selector":{"controlType":"sap.m.Input","viewName":"etm.portal.ui.manageyards.view.New","viewId":"application-manageyards-display-component---NewYard","bindingPath":{"path":"","propertyPath":"/SALES_AREA_VKORG","modelName":"NewYardModel"},"interaction":{"idSuffix":"inner"}},"clearTextFirst":true,"interactionType":"ENTER_TEXT"}]}
COMMAND: POST /session/e537112f6f31df0d8590d52383dd5938/execute/async - {"script":"<script> [1562 bytes]","args":[{"selector":{"controlType":"sap.m.Input","viewName":"etm.portal.ui.manageyards.view.New","viewId":"application-manageyards-display-component---NewYard","bindingPath":{"path":"","propertyPath":"/SALES_AREA_VTWEG","modelName":"NewYardModel"},"interaction":{"idSuffix":"inner"}},"wdio_ui5_key":"etmportal.ui.manageyards.view.Newsap.m.Input{\"path\":\"\",\"propertyPath\":\"/SALES_AREA_VTWEG\",\"modelName\":\"NewYardModel\"}"}]}
RESULT: {"script":"<script> [1562 bytes]","args":[{"selector":{"controlType":"sap.m.Input","viewName":"etm.portal.ui.manageyards.view.New","viewId":"application-manageyards-display-component---NewYard","bindingPath":{"path":"","propertyPath":"/SALES_AREA_VTWEG","modelName":"NewYardModel"},"interaction":{"idSuffix":"inner"}},"wdio_ui5_key":"etmportal.ui.manageyards.view.Newsap.m.Input{\"path\":\"\",\"propertyPath\":\"/SALES_AREA_VTWEG\",\"modelName\":\"NewYardModel\"}"}]}
RESULT: undefined
COMMAND: POST /session/e537112f6f31df0d8590d52383dd5938/execute/async - {"script":"<script> [776 bytes]","args":[{"enterText":"C2","selector":{"controlType":"sap.m.Input","viewName":"etm.portal.ui.manageyards.view.New","viewId":"application-manageyards-display-component---NewYard","bindingPath":{"path":"","propertyPath":"/SALES_AREA_VTWEG","modelName":"NewYardModel"},"interaction":{"idSuffix":"inner"}},"clearTextFirst":true,"interactionType":"ENTER_TEXT"}]}
RESULT: {"script":"<script> [776 bytes]","args":[{"enterText":"C2","selector":{"controlType":"sap.m.Input","viewName":"etm.portal.ui.manageyards.view.New","viewId":"application-manageyards-display-component---NewYard","bindingPath":{"path":"","propertyPath":"/SALES_AREA_VTWEG","modelName":"NewYardModel"},"interaction":{"idSuffix":"inner"}},"clearTextFirst":true,"interactionType":"ENTER_TEXT"}]}
COMMAND: POST /session/e537112f6f31df0d8590d52383dd5938/execute/async - {"script":"<script> [1562 bytes]","args":[{"selector":{"controlType":"sap.m.Input","viewName":"etm.portal.ui.manageyards.view.New","viewId":"application-manageyards-display-component---NewYard","bindingPath":{"path":"","propertyPath":"/SALES_AREA_SPART","modelName":"NewYardModel"},"interaction":{"idSuffix":"inner"}},"wdio_ui5_key":"etmportal.ui.manageyards.view.Newsap.m.Input{\"path\":\"\",\"propertyPath\":\"/SALES_AREA_SPART\",\"modelName\":\"NewYardModel\"}"}]}
RESULT: {"script":"<script> [1562 bytes]","args":[{"selector":{"controlType":"sap.m.Input","viewName":"etm.portal.ui.manageyards.view.New","viewId":"application-manageyards-display-component---NewYard","bindingPath":{"path":"","propertyPath":"/SALES_AREA_SPART","modelName":"NewYardModel"},"interaction":{"idSuffix":"inner"}},"wdio_ui5_key":"etmportal.ui.manageyards.view.Newsap.m.Input{\"path\":\"\",\"propertyPath\":\"/SALES_AREA_SPART\",\"modelName\":\"NewYardModel\"}"}]}
RESULT: undefined
COMMAND: POST /session/e537112f6f31df0d8590d52383dd5938/execute/async - {"script":"<script> [776 bytes]","args":[{"enterText":"C2","selector":{"controlType":"sap.m.Input","viewName":"etm.portal.ui.manageyards.view.New","viewId":"application-manageyards-display-component---NewYard","bindingPath":{"path":"","propertyPath":"/SALES_AREA_SPART","modelName":"NewYardModel"},"interaction":{"idSuffix":"inner"}},"clearTextFirst":true,"interactionType":"ENTER_TEXT"}]}
RESULT: {"script":"<script> [776 bytes]","args":[{"enterText":"C2","selector":{"controlType":"sap.m.Input","viewName":"etm.portal.ui.manageyards.view.New","viewId":"application-manageyards-display-component---NewYard","bindingPath":{"path":"","propertyPath":"/SALES_AREA_SPART","modelName":"NewYardModel"},"interaction":{"idSuffix":"inner"}},"clearTextFirst":true,"interactionType":"ENTER_TEXT"}]}
COMMAND: POST /session/e537112f6f31df0d8590d52383dd5938/execute/async - {"script":"<script> [1562 bytes]","args":[{"selector":{"controlType":"sap.m.Input","viewName":"etm.portal.ui.manageyards.view.New","viewId":"application-manageyards-display-component---NewYard","bindingPath":{"path":"","propertyPath":"/SHIP_POINT","modelName":"NewYardModel"},"interaction":{"idSuffix":"inner"}},"wdio_ui5_key":"etmportal.ui.manageyards.view.Newsap.m.Input{\"path\":\"\",\"propertyPath\":\"/SHIP_POINT\",\"modelName\":\"NewYardModel\"}"}]}
RESULT: {"script":"<script> [1562 bytes]","args":[{"selector":{"controlType":"sap.m.Input","viewName":"etm.portal.ui.manageyards.view.New","viewId":"application-manageyards-display-component---NewYard","bindingPath":{"path":"","propertyPath":"/SHIP_POINT","modelName":"NewYardModel"},"interaction":{"idSuffix":"inner"}},"wdio_ui5_key":"etmportal.ui.manageyards.view.Newsap.m.Input{\"path\":\"\",\"propertyPath\":\"/SHIP_POINT\",\"modelName\":\"NewYardModel\"}"}]}
RESULT: undefined
COMMAND: POST /session/e537112f6f31df0d8590d52383dd5938/execute/async - {"script":"<script> [776 bytes]","args":[{"enterText":"1710","selector":{"controlType":"sap.m.Input","viewName":"etm.portal.ui.manageyards.view.New","viewId":"application-manageyards-display-component---NewYard","bindingPath":{"path":"","propertyPath":"/SHIP_POINT","modelName":"NewYardModel"},"interaction":{"idSuffix":"inner"}},"clearTextFirst":true,"interactionType":"ENTER_TEXT"}]}
RESULT: {"script":"<script> [776 bytes]","args":[{"enterText":"1710","selector":{"controlType":"sap.m.Input","viewName":"etm.portal.ui.manageyards.view.New","viewId":"application-manageyards-display-component---NewYard","bindingPath":{"path":"","propertyPath":"/SHIP_POINT","modelName":"NewYardModel"},"interaction":{"idSuffix":"inner"}},"clearTextFirst":true,"interactionType":"ENTER_TEXT"}]}
COMMAND: POST /session/e537112f6f31df0d8590d52383dd5938/execute/async - {"script":"<script> [1562 bytes]","args":[{"selector":{"controlType":"sap.m.Input","viewName":"etm.portal.ui.manageyards.view.New","viewId":"application-manageyards-display-component---NewYard","bindingPath":{"path":"","propertyPath":"/DELIVERY_TYPE","modelName":"NewYardModel"},"interaction":{"idSuffix":"inner"}},"wdio_ui5_key":"etmportal.ui.manageyards.view.Newsap.m.Input{\"path\":\"\",\"propertyPath\":\"/DELIVERY_TYPE\",\"modelName\":\"NewYardModel\"}"}]}
RESULT: {"script":"<script> [1562 bytes]","args":[{"selector":{"controlType":"sap.m.Input","viewName":"etm.portal.ui.manageyards.view.New","viewId":"application-manageyards-display-component---NewYard","bindingPath":{"path":"","propertyPath":"/DELIVERY_TYPE","modelName":"NewYardModel"},"interaction":{"idSuffix":"inner"}},"wdio_ui5_key":"etmportal.ui.manageyards.view.Newsap.m.Input{\"path\":\"\",\"propertyPath\":\"/DELIVERY_TYPE\",\"modelName\":\"NewYardModel\"}"}]}
RESULT: undefined
COMMAND: POST /session/e537112f6f31df0d8590d52383dd5938/execute/async - {"script":"<script> [776 bytes]","args":[{"enterText":"ZL01","selector":{"controlType":"sap.m.Input","viewName":"etm.portal.ui.manageyards.view.New","viewId":"application-manageyards-display-component---NewYard","bindingPath":{"path":"","propertyPath":"/DELIVERY_TYPE","modelName":"NewYardModel"},"interaction":{"idSuffix":"inner"}},"clearTextFirst":true,"interactionType":"ENTER_TEXT"}]}
RESULT: {"script":"<script> [776 bytes]","args":[{"enterText":"ZL01","selector":{"controlType":"sap.m.Input","viewName":"etm.portal.ui.manageyards.view.New","viewId":"application-manageyards-display-component---NewYard","bindingPath":{"path":"","propertyPath":"/DELIVERY_TYPE","modelName":"NewYardModel"},"interaction":{"idSuffix":"inner"}},"clearTextFirst":true,"interactionType":"ENTER_TEXT"}]}
COMMAND: POST /session/e537112f6f31df0d8590d52383dd5938/execute/async - {"script":"<script> [1562 bytes]","args":[{"selector":{"controlType":"sap.m.Input","viewName":"etm.portal.ui.manageyards.view.New","viewId":"application-manageyards-display-component---NewYard","bindingPath":{"path":"","propertyPath":"/AUART","modelName":"NewYardModel"},"interaction":{"idSuffix":"inner"}},"wdio_ui5_key":"etmportal.ui.manageyards.view.Newsap.m.Input{\"path\":\"\",\"propertyPath\":\"/AUART\",\"modelName\":\"NewYardModel\"}"}]}
RESULT: {"script":"<script> [1562 bytes]","args":[{"selector":{"controlType":"sap.m.Input","viewName":"etm.portal.ui.manageyards.view.New","viewId":"application-manageyards-display-component---NewYard","bindingPath":{"path":"","propertyPath":"/AUART","modelName":"NewYardModel"},"interaction":{"idSuffix":"inner"}},"wdio_ui5_key":"etmportal.ui.manageyards.view.Newsap.m.Input{\"path\":\"\",\"propertyPath\":\"/AUART\",\"modelName\":\"NewYardModel\"}"}]}
RESULT: undefined
COMMAND: POST /session/e537112f6f31df0d8590d52383dd5938/execute/async - {"script":"<script> [776 bytes]","args":[{"enterText":"TA","selector":{"controlType":"sap.m.Input","viewName":"etm.portal.ui.manageyards.view.New","viewId":"application-manageyards-display-component---NewYard","bindingPath":{"path":"","propertyPath":"/AUART","modelName":"NewYardModel"},"interaction":{"idSuffix":"inner"}},"clearTextFirst":true,"interactionType":"ENTER_TEXT"}]}
RESULT: {"script":"<script> [776 bytes]","args":[{"enterText":"TA","selector":{"controlType":"sap.m.Input","viewName":"etm.portal.ui.manageyards.view.New","viewId":"application-manageyards-display-component---NewYard","bindingPath":{"path":"","propertyPath":"/AUART","modelName":"NewYardModel"},"interaction":{"idSuffix":"inner"}},"clearTextFirst":true,"interactionType":"ENTER_TEXT"}]}
COMMAND: POST /session/e537112f6f31df0d8590d52383dd5938/element - {"using":"xpath","value":"//button[@data-kt=\"newYardSaveButton\"]"}
RESULT: {"using":"xpath","value":"//button[@data-kt=\"newYardSaveButton\"]"}
COMMAND: POST /session/e537112f6f31df0d8590d52383dd5938/element/f.3D8655DB7C018FB3B3311B2BCD0F0E61.d.6010111A3E972515311077ECA720F465.e.13332/click - {}
RESULT: {}
COMMAND: GET /session/e537112f6f31df0d8590d52383dd5938/screenshot - {}
RESULT: {}
COMMAND: POST /session/e537112f6f31df0d8590d52383dd5938/element - {"using":"xpath","value":"//header[contains(@id, 'ObjectPageLayout-headerTitle')]/div[1]/div[2]/div[1]/span[1]"}
RESULT: {"using":"xpath","value":"//header[contains(@id, 'ObjectPageLayout-headerTitle')]/div[1]/div[2]/div[1]/span[1]"}
COMMAND: POST /session/e537112f6f31df0d8590d52383dd5938/elements - {"using":"xpath","value":"//header[contains(@id, 'ObjectPageLayout-headerTitle')]/div[1]/div[2]/div[1]/span[1]"}
RESULT: {"using":"xpath","value":"//header[contains(@id, 'ObjectPageLayout-headerTitle')]/div[1]/div[2]/div[1]/span[1]"}
COMMAND: POST /session/e537112f6f31df0d8590d52383dd5938/execute/sync - {"script":"<script> [56 bytes]","args":[{"element-6066-11e4-a52e-4f735466cecf":"f.3D8655DB7C018FB3B3311B2BCD0F0E61.d.6010111A3E972515311077ECA720F465.e.13624","ELEMENT":"f.3D8655DB7C018FB3B3311B2BCD0F0E61.d.6010111A3E972515311077ECA720F465.e.13624"}]}
RESULT: {"script":"<script> [56 bytes]","args":[{"element-6066-11e4-a52e-4f735466cecf":"f.3D8655DB7C018FB3B3311B2BCD0F0E61.d.6010111A3E972515311077ECA720F465.e.13624","ELEMENT":"f.3D8655DB7C018FB3B3311B2BCD0F0E61.d.6010111A3E972515311077ECA720F465.e.13624"}]}
COMMAND: GET /session/e537112f6f31df0d8590d52383dd5938/screenshot - {}
RESULT: {}
COMMAND: POST /session/e537112f6f31df0d8590d52383dd5938/element - {"using":"css selector","value":"#shell-header-logo"}
RESULT: {"using":"css selector","value":"#shell-header-logo"}
COMMAND: POST /session/e537112f6f31df0d8590d52383dd5938/element/f.3D8655DB7C018FB3B3311B2BCD0F0E61.d.6010111A3E972515311077ECA720F465.e.12883/click - {}
RESULT: {}
COMMAND: GET /session/e537112f6f31df0d8590d52383dd5938/screenshot - {}
RESULT: {}
COMMAND: POST /session/e537112f6f31df0d8590d52383dd5938/execute/sync - {"script":"<script> [299 bytes]","args":[["getModel","getResource"]]}
RESULT: {"script":"<script> [299 bytes]","args":[["getModel","getResource"]]}
COMMAND: GET /session/e537112f6f31df0d8590d52383dd5938/screenshot - {}
]]></system-out>
    </testcase>
    <testcase classname="chrome.136_0_7103_93.windows.Create_partner_US118246" name="Should create new external partner" time="104.674">
      <system-out><![CDATA[
COMMAND: POST /session/e537112f6f31df0d8590d52383dd5938/window/fullscreen - {}
RESULT: {}
RESULT: {}
COMMAND: POST /session/e537112f6f31df0d8590d52383dd5938/execute/async - {"script":"<script> [1562 bytes]","args":[{"selector":{"controlType":"sap.m.GenericTile","properties":{"header":"Manage Partners"}},"wdio_ui5_key":"sapm.GenericTile{\"header\":\"Manage Partners\"}"}]}
RESULT: {"script":"<script> [1562 bytes]","args":[{"selector":{"controlType":"sap.m.GenericTile","properties":{"header":"Manage Partners"}},"wdio_ui5_key":"sapm.GenericTile{\"header\":\"Manage Partners\"}"}]}
RESULT: undefined
COMMAND: POST /session/e537112f6f31df0d8590d52383dd5938/element - {"using":"xpath","value":"//*[@id=\"__tile38\"]"}
RESULT: {"using":"xpath","value":"//*[@id=\"__tile38\"]"}
COMMAND: POST /session/e537112f6f31df0d8590d52383dd5938/element/f.3D8655DB7C018FB3B3311B2BCD0F0E61.d.6010111A3E972515311077ECA720F465.e.12770/click - {}
RESULT: {}
COMMAND: GET /session/e537112f6f31df0d8590d52383dd5938/screenshot - {}
RESULT: {}
COMMAND: POST /session/e537112f6f31df0d8590d52383dd5938/elements - {"using":"xpath","value":"//span[text()='Error']"}
RESULT: {"using":"xpath","value":"//span[text()='Error']"}
COMMAND: POST /session/e537112f6f31df0d8590d52383dd5938/element - {"using":"xpath","value":"//button[@data-kt=\"addButton\"]"}
RESULT: {"using":"xpath","value":"//button[@data-kt=\"addButton\"]"}
COMMAND: POST /session/e537112f6f31df0d8590d52383dd5938/elements - {"using":"xpath","value":"//button[@data-kt=\"addButton\"]"}
RESULT: {"using":"xpath","value":"//button[@data-kt=\"addButton\"]"}
COMMAND: POST /session/e537112f6f31df0d8590d52383dd5938/execute/sync - {"script":"<script> [8489 bytes]","args":[{"element-6066-11e4-a52e-4f735466cecf":"f.3D8655DB7C018FB3B3311B2BCD0F0E61.d.6010111A3E972515311077ECA720F465.e.13671","ELEMENT":"f.3D8655DB7C018FB3B3311B2BCD0F0E61.d.6010111A3E972515311077ECA720F465.e.13671"}]}
RESULT: {"script":"<script> [8489 bytes]","args":[{"element-6066-11e4-a52e-4f735466cecf":"f.3D8655DB7C018FB3B3311B2BCD0F0E61.d.6010111A3E972515311077ECA720F465.e.13671","ELEMENT":"f.3D8655DB7C018FB3B3311B2BCD0F0E61.d.6010111A3E972515311077ECA720F465.e.13671"}]}
COMMAND: GET /session/e537112f6f31df0d8590d52383dd5938/element/f.3D8655DB7C018FB3B3311B2BCD0F0E61.d.6010111A3E972515311077ECA720F465.e.13671/enabled - {}
COMMAND: GET /session/e537112f6f31df0d8590d52383dd5938/screenshot - {}
RESULT: {}
COMMAND: POST /session/e537112f6f31df0d8590d52383dd5938/execute/sync - {"script":"<script> [8489 bytes]","args":[{"element-6066-11e4-a52e-4f735466cecf":"f.3D8655DB7C018FB3B3311B2BCD0F0E61.d.6010111A3E972515311077ECA720F465.e.13671","ELEMENT":"f.3D8655DB7C018FB3B3311B2BCD0F0E61.d.6010111A3E972515311077ECA720F465.e.13671"}]}
COMMAND: GET /session/e537112f6f31df0d8590d52383dd5938/screenshot - {}
RESULT: {}
RESULT: {"script":"<script> [8489 bytes]","args":[{"element-6066-11e4-a52e-4f735466cecf":"f.3D8655DB7C018FB3B3311B2BCD0F0E61.d.6010111A3E972515311077ECA720F465.e.13671","ELEMENT":"f.3D8655DB7C018FB3B3311B2BCD0F0E61.d.6010111A3E972515311077ECA720F465.e.13671"}]}
COMMAND: POST /session/e537112f6f31df0d8590d52383dd5938/execute/sync - {"script":"<script> [5351 bytes]","args":[{"element-6066-11e4-a52e-4f735466cecf":"f.3D8655DB7C018FB3B3311B2BCD0F0E61.d.6010111A3E972515311077ECA720F465.e.13671","ELEMENT":"f.3D8655DB7C018FB3B3311B2BCD0F0E61.d.6010111A3E972515311077ECA720F465.e.13671"}]}
COMMAND: GET /session/e537112f6f31df0d8590d52383dd5938/screenshot - {}
RESULT: {}
RESULT: {"script":"<script> [5351 bytes]","args":[{"element-6066-11e4-a52e-4f735466cecf":"f.3D8655DB7C018FB3B3311B2BCD0F0E61.d.6010111A3E972515311077ECA720F465.e.13671","ELEMENT":"f.3D8655DB7C018FB3B3311B2BCD0F0E61.d.6010111A3E972515311077ECA720F465.e.13671"}]}
COMMAND: POST /session/e537112f6f31df0d8590d52383dd5938/element/f.3D8655DB7C018FB3B3311B2BCD0F0E61.d.6010111A3E972515311077ECA720F465.e.13671/click - {}
COMMAND: GET /session/e537112f6f31df0d8590d52383dd5938/screenshot - {}
RESULT: {}
RESULT: {}
COMMAND: GET /session/e537112f6f31df0d8590d52383dd5938/screenshot - {}
RESULT: {}
COMMAND: POST /session/e537112f6f31df0d8590d52383dd5938/execute/async - {"script":"<script> [1562 bytes]","args":[{"selector":{"id":"application-managepartners-display-component---NewPartner--addressDetailDetailsName1","interaction":{"idSuffix":"inner"}},"wdio_ui5_key":"applicationmanagepartners-display-component---NewPartner--addressDetailDetailsName1"}]}
RESULT: {}
RESULT: {"script":"<script> [1562 bytes]","args":[{"selector":{"id":"application-managepartners-display-component---NewPartner--addressDetailDetailsName1","interaction":{"idSuffix":"inner"}},"wdio_ui5_key":"applicationmanagepartners-display-component---NewPartner--addressDetailDetailsName1"}]}
RESULT: undefined
COMMAND: POST /session/e537112f6f31df0d8590d52383dd5938/execute/async - {"script":"<script> [776 bytes]","args":[{"enterText":"External Partner WDIO","selector":{"id":"application-managepartners-display-component---NewPartner--addressDetailDetailsName1","interaction":{"idSuffix":"inner"}},"clearTextFirst":true,"interactionType":"ENTER_TEXT"}]}
RESULT: {"script":"<script> [776 bytes]","args":[{"enterText":"External Partner WDIO","selector":{"id":"application-managepartners-display-component---NewPartner--addressDetailDetailsName1","interaction":{"idSuffix":"inner"}},"clearTextFirst":true,"interactionType":"ENTER_TEXT"}]}
COMMAND: POST /session/e537112f6f31df0d8590d52383dd5938/execute/async - {"script":"<script> [1562 bytes]","args":[{"selector":{"id":"application-managepartners-display-component---NewPartner--addressDetailDetailsLanguage-arrow"},"wdio_ui5_key":"applicationmanagepartners-display-component---NewPartner--addressDetailDetailsLanguage-arrow"}]}
RESULT: {"script":"<script> [1562 bytes]","args":[{"selector":{"id":"application-managepartners-display-component---NewPartner--addressDetailDetailsLanguage-arrow"},"wdio_ui5_key":"applicationmanagepartners-display-component---NewPartner--addressDetailDetailsLanguage-arrow"}]}
RESULT: undefined
COMMAND: POST /session/e537112f6f31df0d8590d52383dd5938/element - {"using":"xpath","value":"//*[@id=\"application-managepartners-display-component---NewPartner--addressDetailDetailsLanguage-arrow\"]"}
RESULT: {"using":"xpath","value":"//*[@id=\"application-managepartners-display-component---NewPartner--addressDetailDetailsLanguage-arrow\"]"}
COMMAND: POST /session/e537112f6f31df0d8590d52383dd5938/element/f.3D8655DB7C018FB3B3311B2BCD0F0E61.d.6010111A3E972515311077ECA720F465.e.14113/click - {}
RESULT: {}
COMMAND: POST /session/e537112f6f31df0d8590d52383dd5938/element - {"using":"xpath","value":"//span[contains(text(), \"English\")]"}
COMMAND: GET /session/e537112f6f31df0d8590d52383dd5938/screenshot - {}
RESULT: {"using":"xpath","value":"//span[contains(text(), \"English\")]"}
COMMAND: POST /session/e537112f6f31df0d8590d52383dd5938/element/f.3D8655DB7C018FB3B3311B2BCD0F0E61.d.6010111A3E972515311077ECA720F465.e.14114/click - {}
RESULT: {}
RESULT: {}
COMMAND: GET /session/e537112f6f31df0d8590d52383dd5938/screenshot - {}
RESULT: {}
COMMAND: POST /session/e537112f6f31df0d8590d52383dd5938/execute/async - {"script":"<script> [1562 bytes]","args":[{"selector":{"id":"application-managepartners-display-component---NewPartner--addressDetailDetailsCity1","interaction":{"idSuffix":"inner"}},"wdio_ui5_key":"applicationmanagepartners-display-component---NewPartner--addressDetailDetailsCity1"}]}
RESULT: {"script":"<script> [1562 bytes]","args":[{"selector":{"id":"application-managepartners-display-component---NewPartner--addressDetailDetailsCity1","interaction":{"idSuffix":"inner"}},"wdio_ui5_key":"applicationmanagepartners-display-component---NewPartner--addressDetailDetailsCity1"}]}
RESULT: undefined
COMMAND: POST /session/e537112f6f31df0d8590d52383dd5938/execute/async - {"script":"<script> [776 bytes]","args":[{"enterText":"Rosario","selector":{"id":"application-managepartners-display-component---NewPartner--addressDetailDetailsCity1","interaction":{"idSuffix":"inner"}},"clearTextFirst":true,"interactionType":"ENTER_TEXT"}]}
RESULT: {"script":"<script> [776 bytes]","args":[{"enterText":"Rosario","selector":{"id":"application-managepartners-display-component---NewPartner--addressDetailDetailsCity1","interaction":{"idSuffix":"inner"}},"clearTextFirst":true,"interactionType":"ENTER_TEXT"}]}
COMMAND: POST /session/e537112f6f31df0d8590d52383dd5938/execute/async - {"script":"<script> [1562 bytes]","args":[{"selector":{"id":"application-managepartners-display-component---NewPartner--addressDetailDetailsCountry-arrow"},"wdio_ui5_key":"applicationmanagepartners-display-component---NewPartner--addressDetailDetailsCountry-arrow"}]}
RESULT: {"script":"<script> [1562 bytes]","args":[{"selector":{"id":"application-managepartners-display-component---NewPartner--addressDetailDetailsCountry-arrow"},"wdio_ui5_key":"applicationmanagepartners-display-component---NewPartner--addressDetailDetailsCountry-arrow"}]}
RESULT: undefined
COMMAND: POST /session/e537112f6f31df0d8590d52383dd5938/element - {"using":"xpath","value":"//*[@id=\"application-managepartners-display-component---NewPartner--addressDetailDetailsCountry-arrow\"]"}
RESULT: {"using":"xpath","value":"//*[@id=\"application-managepartners-display-component---NewPartner--addressDetailDetailsCountry-arrow\"]"}
COMMAND: POST /session/e537112f6f31df0d8590d52383dd5938/element/f.3D8655DB7C018FB3B3311B2BCD0F0E61.d.6010111A3E972515311077ECA720F465.e.14095/click - {}
RESULT: {}
COMMAND: POST /session/e537112f6f31df0d8590d52383dd5938/element - {"using":"xpath","value":"//span[contains(text(), \"Argentina\")]"}
COMMAND: GET /session/e537112f6f31df0d8590d52383dd5938/screenshot - {}
RESULT: {"using":"xpath","value":"//span[contains(text(), \"Argentina\")]"}
COMMAND: POST /session/e537112f6f31df0d8590d52383dd5938/element/f.3D8655DB7C018FB3B3311B2BCD0F0E61.d.6010111A3E972515311077ECA720F465.e.14116/click - {}
RESULT: {}
RESULT: {}
COMMAND: GET /session/e537112f6f31df0d8590d52383dd5938/screenshot - {}
RESULT: {}
COMMAND: POST /session/e537112f6f31df0d8590d52383dd5938/element - {"using":"xpath","value":"//bdi[contains(text(), \"Commercial\")]"}
RESULT: {"using":"xpath","value":"//bdi[contains(text(), \"Commercial\")]"}
COMMAND: POST /session/e537112f6f31df0d8590d52383dd5938/element/f.3D8655DB7C018FB3B3311B2BCD0F0E61.d.6010111A3E972515311077ECA720F465.e.14117/click - {}
RESULT: {}
COMMAND: GET /session/e537112f6f31df0d8590d52383dd5938/screenshot - {}
RESULT: {}
COMMAND: POST /session/e537112f6f31df0d8590d52383dd5938/execute/async - {"script":"<script> [1562 bytes]","args":[{"selector":{"id":"application-managepartners-display-component---NewPartner--partnerDetailInternal-arrow"},"wdio_ui5_key":"applicationmanagepartners-display-component---NewPartner--partnerDetailInternal-arrow"}]}
RESULT: {"script":"<script> [1562 bytes]","args":[{"selector":{"id":"application-managepartners-display-component---NewPartner--partnerDetailInternal-arrow"},"wdio_ui5_key":"applicationmanagepartners-display-component---NewPartner--partnerDetailInternal-arrow"}]}
RESULT: undefined
COMMAND: POST /session/e537112f6f31df0d8590d52383dd5938/element - {"using":"xpath","value":"//*[@id=\"application-managepartners-display-component---NewPartner--partnerDetailInternal-arrow\"]"}
RESULT: {"using":"xpath","value":"//*[@id=\"application-managepartners-display-component---NewPartner--partnerDetailInternal-arrow\"]"}
COMMAND: POST /session/e537112f6f31df0d8590d52383dd5938/element/f.3D8655DB7C018FB3B3311B2BCD0F0E61.d.6010111A3E972515311077ECA720F465.e.14123/click - {}
RESULT: {}
COMMAND: POST /session/e537112f6f31df0d8590d52383dd5938/element - {"using":"xpath","value":"//span[contains(text(), \"External partner\")]"}
COMMAND: GET /session/e537112f6f31df0d8590d52383dd5938/screenshot - {}
RESULT: {"using":"xpath","value":"//span[contains(text(), \"External partner\")]"}
COMMAND: POST /session/e537112f6f31df0d8590d52383dd5938/element/f.3D8655DB7C018FB3B3311B2BCD0F0E61.d.6010111A3E972515311077ECA720F465.e.14125/click - {}
RESULT: {}
RESULT: {}
COMMAND: POST /session/e537112f6f31df0d8590d52383dd5938/execute/async - {"script":"<script> [1562 bytes]","args":[{"selector":{"id":"application-managepartners-display-component---NewPartner--partnerDetailsCurrency-arrow"},"wdio_ui5_key":"applicationmanagepartners-display-component---NewPartner--partnerDetailsCurrency-arrow"}]}
COMMAND: GET /session/e537112f6f31df0d8590d52383dd5938/screenshot - {}
RESULT: {"script":"<script> [1562 bytes]","args":[{"selector":{"id":"application-managepartners-display-component---NewPartner--partnerDetailsCurrency-arrow"},"wdio_ui5_key":"applicationmanagepartners-display-component---NewPartner--partnerDetailsCurrency-arrow"}]}
RESULT: undefined
COMMAND: POST /session/e537112f6f31df0d8590d52383dd5938/element - {"using":"xpath","value":"//*[@id=\"application-managepartners-display-component---NewPartner--partnerDetailsCurrency-arrow\"]"}
RESULT: {}
RESULT: {"using":"xpath","value":"//*[@id=\"application-managepartners-display-component---NewPartner--partnerDetailsCurrency-arrow\"]"}
COMMAND: POST /session/e537112f6f31df0d8590d52383dd5938/element/f.3D8655DB7C018FB3B3311B2BCD0F0E61.d.6010111A3E972515311077ECA720F465.e.14130/click - {}
RESULT: {}
COMMAND: POST /session/e537112f6f31df0d8590d52383dd5938/element - {"using":"xpath","value":"//span[contains(text(), \"US Dollar\")]"}
COMMAND: GET /session/e537112f6f31df0d8590d52383dd5938/screenshot - {}
RESULT: {"using":"xpath","value":"//span[contains(text(), \"US Dollar\")]"}
COMMAND: POST /session/e537112f6f31df0d8590d52383dd5938/element/f.3D8655DB7C018FB3B3311B2BCD0F0E61.d.6010111A3E972515311077ECA720F465.e.14131/click - {}
RESULT: {}
RESULT: {}
COMMAND: GET /session/e537112f6f31df0d8590d52383dd5938/screenshot - {}
RESULT: {}
COMMAND: POST /session/e537112f6f31df0d8590d52383dd5938/element - {"using":"xpath","value":"//input[@id=\"application-managepartners-display-component---NewPartner--companyCodeComboBox-inner\"]"}
RESULT: {"using":"xpath","value":"//input[@id=\"application-managepartners-display-component---NewPartner--companyCodeComboBox-inner\"]"}
COMMAND: POST /session/e537112f6f31df0d8590d52383dd5938/element/f.3D8655DB7C018FB3B3311B2BCD0F0E61.d.6010111A3E972515311077ECA720F465.e.14018/clear - {}
RESULT: {}
COMMAND: POST /session/e537112f6f31df0d8590d52383dd5938/element/f.3D8655DB7C018FB3B3311B2BCD0F0E61.d.6010111A3E972515311077ECA720F465.e.14018/value - {"text":"C002"}
COMMAND: GET /session/e537112f6f31df0d8590d52383dd5938/screenshot - {}
RESULT: {"text":"C002"}
COMMAND: GET /session/e537112f6f31df0d8590d52383dd5938/screenshot - {}
RESULT: {}
RESULT: {}
COMMAND: POST /session/e537112f6f31df0d8590d52383dd5938/element - {"using":"xpath","value":"//li[.//span[text()= \"C002\"]]"}
RESULT: {"using":"xpath","value":"//li[.//span[text()= \"C002\"]]"}
COMMAND: POST /session/e537112f6f31df0d8590d52383dd5938/element/f.3D8655DB7C018FB3B3311B2BCD0F0E61.d.6010111A3E972515311077ECA720F465.e.14135/click - {}
RESULT: {}
COMMAND: GET /session/e537112f6f31df0d8590d52383dd5938/screenshot - {}
RESULT: {}
COMMAND: POST /session/e537112f6f31df0d8590d52383dd5938/execute/async - {"script":"<script> [1562 bytes]","args":[{"selector":{"controlType":"sap.ui.core.Icon","viewName":"etm.portal.ui.managepartners.view.NewPartner","viewId":"application-managepartners-display-component---NewPartner","properties":{"src":{"regex":{"source":"slim\\-arrow\\-down"}}},"ancestor":{"controlType":"sap.m.ComboBox","viewName":"etm.portal.ui.managepartners.view.NewPartner","viewId":"application-managepartners-display-component---NewPartner","bindingPath":{"path":"","propertyPath":"/CATALOG","modelName":"oNewPartnerModel"}}},"wdio_ui5_key":"etmportal.ui.managepartners.view.NewPartnersap.ui.core.Icon{\"src\":{\"regex\":{\"source\":\"slim\\\\-arrow\\\\-down\"}}}{\"controlType\":\"sap.m.ComboBox\",\"viewName\":\"etm.portal.ui.managepartners.view.NewPartner\",\"viewId\":\"application-managepartners-display-component---NewPartner\",\"bindingPath\":{\"path\":\"\",\"propertyPath\":\"/CATALOG\",\"modelName\":\"oNewPartnerModel\"}}"}]}
RESULT: {"script":"<script> [1562 bytes]","args":[{"selector":{"controlType":"sap.ui.core.Icon","viewName":"etm.portal.ui.managepartners.view.NewPartner","viewId":"application-managepartners-display-component---NewPartner","properties":{"src":{"regex":{"source":"slim\\-arrow\\-down"}}},"ancestor":{"controlType":"sap.m.ComboBox","viewName":"etm.portal.ui.managepartners.view.NewPartner","viewId":"application-managepartners-display-component---NewPartner","bindingPath":{"path":"","propertyPath":"/CATALOG","modelName":"oNewPartnerModel"}}},"wdio_ui5_key":"etmportal.ui.managepartners.view.NewPartnersap.ui.core.Icon{\"src\":{\"regex\":{\"source\":\"slim\\\\-arrow\\\\-down\"}}}{\"controlType\":\"sap.m.ComboBox\",\"viewName\":\"etm.portal.ui.managepartners.view.NewPartner\",\"viewId\":\"application-managepartners-display-component---NewPartner\",\"bindingPath\":{\"path\":\"\",\"propertyPath\":\"/CATALOG\",\"modelName\":\"oNewPartnerModel\"}}"}]}
RESULT: undefined
COMMAND: POST /session/e537112f6f31df0d8590d52383dd5938/element - {"using":"xpath","value":"//*[@id=\"__box22-arrow\"]"}
RESULT: {"using":"xpath","value":"//*[@id=\"__box22-arrow\"]"}
COMMAND: POST /session/e537112f6f31df0d8590d52383dd5938/element/f.3D8655DB7C018FB3B3311B2BCD0F0E61.d.6010111A3E972515311077ECA720F465.e.14096/click - {}
RESULT: {}
COMMAND: GET /session/e537112f6f31df0d8590d52383dd5938/screenshot - {}
RESULT: {}
COMMAND: POST /session/e537112f6f31df0d8590d52383dd5938/element - {"using":"xpath","value":"//li[.//span[text()= \"Webshop Catalog\"]]"}
RESULT: {"using":"xpath","value":"//li[.//span[text()= \"Webshop Catalog\"]]"}
COMMAND: POST /session/e537112f6f31df0d8590d52383dd5938/element/f.3D8655DB7C018FB3B3311B2BCD0F0E61.d.6010111A3E972515311077ECA720F465.e.14137/click - {}
RESULT: {}
COMMAND: GET /session/e537112f6f31df0d8590d52383dd5938/screenshot - {}
RESULT: {}
COMMAND: POST /session/e537112f6f31df0d8590d52383dd5938/execute/async - {"script":"<script> [1562 bytes]","args":[{"selector":{"id":"application-managepartners-display-component---NewPartner--btnAddTableRow-img"},"wdio_ui5_key":"applicationmanagepartners-display-component---NewPartner--btnAddTableRow-img"}]}
RESULT: {"script":"<script> [1562 bytes]","args":[{"selector":{"id":"application-managepartners-display-component---NewPartner--btnAddTableRow-img"},"wdio_ui5_key":"applicationmanagepartners-display-component---NewPartner--btnAddTableRow-img"}]}
RESULT: undefined
COMMAND: POST /session/e537112f6f31df0d8590d52383dd5938/element - {"using":"xpath","value":"//*[@id=\"application-managepartners-display-component---NewPartner--btnAddTableRow-img\"]"}
RESULT: {"using":"xpath","value":"//*[@id=\"application-managepartners-display-component---NewPartner--btnAddTableRow-img\"]"}
COMMAND: POST /session/e537112f6f31df0d8590d52383dd5938/element/f.3D8655DB7C018FB3B3311B2BCD0F0E61.d.6010111A3E972515311077ECA720F465.e.14138/click - {}
RESULT: {}
COMMAND: GET /session/e537112f6f31df0d8590d52383dd5938/screenshot - {}
RESULT: {}
COMMAND: POST /session/e537112f6f31df0d8590d52383dd5938/element - {"using":"xpath","value":"//input[@id=\"application-managepartners-display-component---NewPartner--assignmentYard-application-managepartners-display-component---NewPartner--assignmentsTable-0-inner\"]"}
RESULT: {"using":"xpath","value":"//input[@id=\"application-managepartners-display-component---NewPartner--assignmentYard-application-managepartners-display-component---NewPartner--assignmentsTable-0-inner\"]"}
COMMAND: POST /session/e537112f6f31df0d8590d52383dd5938/element/f.3D8655DB7C018FB3B3311B2BCD0F0E61.d.6010111A3E972515311077ECA720F465.e.14141/clear - {}
RESULT: {}
COMMAND: POST /session/e537112f6f31df0d8590d52383dd5938/element/f.3D8655DB7C018FB3B3311B2BCD0F0E61.d.6010111A3E972515311077ECA720F465.e.14141/value - {"text":"438"}
COMMAND: GET /session/e537112f6f31df0d8590d52383dd5938/screenshot - {}
RESULT: {"text":"438"}
COMMAND: GET /session/e537112f6f31df0d8590d52383dd5938/screenshot - {}
RESULT: {}
RESULT: {}
COMMAND: POST /session/e537112f6f31df0d8590d52383dd5938/element - {"using":"xpath","value":"//li[.//span[text()='438']]"}
RESULT: {"using":"xpath","value":"//li[.//span[text()='438']]"}
COMMAND: POST /session/e537112f6f31df0d8590d52383dd5938/element/f.3D8655DB7C018FB3B3311B2BCD0F0E61.d.6010111A3E972515311077ECA720F465.e.14149/click - {}
RESULT: {}
COMMAND: GET /session/e537112f6f31df0d8590d52383dd5938/screenshot - {}
RESULT: {}
COMMAND: POST /session/e537112f6f31df0d8590d52383dd5938/actions - {"actions":[{"id":"action38","type":"key","parameters":{},"actions":[{"type":"keyDown","value":""},{"type":"pause","duration":10},{"type":"keyUp","value":""}]}]}
RESULT: {"actions":[{"id":"action38","type":"key","parameters":{},"actions":[{"type":"keyDown","value":""},{"type":"pause","duration":10},{"type":"keyUp","value":""}]}]}
COMMAND: POST /session/e537112f6f31df0d8590d52383dd5938/element - {"using":"xpath","value":"//td[contains(@id, \"assignmentsTable-0-cell2\")]/div/div"}
COMMAND: GET /session/e537112f6f31df0d8590d52383dd5938/screenshot - {}
RESULT: {"using":"xpath","value":"//td[contains(@id, \"assignmentsTable-0-cell2\")]/div/div"}
COMMAND: POST /session/e537112f6f31df0d8590d52383dd5938/element/f.3D8655DB7C018FB3B3311B2BCD0F0E61.d.6010111A3E972515311077ECA720F465.e.14152/click - {}
RESULT: {}
RESULT: {}
COMMAND: GET /session/e537112f6f31df0d8590d52383dd5938/screenshot - {}
RESULT: {}
COMMAND: POST /session/e537112f6f31df0d8590d52383dd5938/element - {"using":"xpath","value":"//button[@data-kt=\"saveButton\"]"}
RESULT: {"using":"xpath","value":"//button[@data-kt=\"saveButton\"]"}
COMMAND: POST /session/e537112f6f31df0d8590d52383dd5938/element/f.3D8655DB7C018FB3B3311B2BCD0F0E61.d.6010111A3E972515311077ECA720F465.e.14097/click - {}
RESULT: {}
COMMAND: GET /session/e537112f6f31df0d8590d52383dd5938/screenshot - {}
RESULT: {}
COMMAND: POST /session/e537112f6f31df0d8590d52383dd5938/element - {"using":"xpath","value":"//header[contains(@id, 'ObjectPageLayout-headerTitle')]/div[1]/div[2]/div[2]/span[1]"}
RESULT: {"using":"xpath","value":"//header[contains(@id, 'ObjectPageLayout-headerTitle')]/div[1]/div[2]/div[2]/span[1]"}
COMMAND: POST /session/e537112f6f31df0d8590d52383dd5938/elements - {"using":"xpath","value":"//header[contains(@id, 'ObjectPageLayout-headerTitle')]/div[1]/div[2]/div[2]/span[1]"}
RESULT: {"using":"xpath","value":"//header[contains(@id, 'ObjectPageLayout-headerTitle')]/div[1]/div[2]/div[2]/span[1]"}
COMMAND: POST /session/e537112f6f31df0d8590d52383dd5938/execute/sync - {"script":"<script> [56 bytes]","args":[{"element-6066-11e4-a52e-4f735466cecf":"f.3D8655DB7C018FB3B3311B2BCD0F0E61.d.6010111A3E972515311077ECA720F465.e.14315","ELEMENT":"f.3D8655DB7C018FB3B3311B2BCD0F0E61.d.6010111A3E972515311077ECA720F465.e.14315"}]}
RESULT: {"script":"<script> [56 bytes]","args":[{"element-6066-11e4-a52e-4f735466cecf":"f.3D8655DB7C018FB3B3311B2BCD0F0E61.d.6010111A3E972515311077ECA720F465.e.14315","ELEMENT":"f.3D8655DB7C018FB3B3311B2BCD0F0E61.d.6010111A3E972515311077ECA720F465.e.14315"}]}
COMMAND: POST /session/e537112f6f31df0d8590d52383dd5938/element - {"using":"css selector","value":"#shell-header-logo"}
COMMAND: GET /session/e537112f6f31df0d8590d52383dd5938/screenshot - {}
RESULT: {"using":"css selector","value":"#shell-header-logo"}
COMMAND: POST /session/e537112f6f31df0d8590d52383dd5938/element/f.3D8655DB7C018FB3B3311B2BCD0F0E61.d.6010111A3E972515311077ECA720F465.e.13627/click - {}
RESULT: {}
RESULT: {}
COMMAND: GET /session/e537112f6f31df0d8590d52383dd5938/screenshot - {}
RESULT: {}
COMMAND: POST /session/e537112f6f31df0d8590d52383dd5938/execute/sync - {"script":"<script> [299 bytes]","args":[["getModel","getResource"]]}
RESULT: {"script":"<script> [299 bytes]","args":[["getModel","getResource"]]}
]]></system-out>
    </testcase>
    <testcase classname="chrome.136_0_7103_93.windows.Create_partner_US118246" name="Should create a new yard in case create yard failed" time="121.095">
      <system-out><![CDATA[
COMMAND: GET /session/e537112f6f31df0d8590d52383dd5938/screenshot - {}
RESULT: undefined
COMMAND: POST /session/e537112f6f31df0d8590d52383dd5938/element - {"using":"xpath","value":"//*[@id=\"__tile41\"]"}
RESULT: {}
RESULT: {"using":"xpath","value":"//*[@id=\"__tile41\"]"}
COMMAND: POST /session/e537112f6f31df0d8590d52383dd5938/element/f.3D8655DB7C018FB3B3311B2BCD0F0E61.d.6010111A3E972515311077ECA720F465.e.12779/click - {}
RESULT: {}
COMMAND: GET /session/e537112f6f31df0d8590d52383dd5938/screenshot - {}
RESULT: {}
COMMAND: POST /session/e537112f6f31df0d8590d52383dd5938/elements - {"using":"xpath","value":"//span[text()='Error']"}
RESULT: {"using":"xpath","value":"//span[text()='Error']"}
COMMAND: POST /session/e537112f6f31df0d8590d52383dd5938/element - {"using":"xpath","value":"//button[@data-kt=\"addNewYardOverflowToolbarButton\"]"}
RESULT: {"using":"xpath","value":"//button[@data-kt=\"addNewYardOverflowToolbarButton\"]"}
COMMAND: POST /session/e537112f6f31df0d8590d52383dd5938/elements - {"using":"xpath","value":"//button[@data-kt=\"addNewYardOverflowToolbarButton\"]"}
RESULT: {"using":"xpath","value":"//button[@data-kt=\"addNewYardOverflowToolbarButton\"]"}
COMMAND: POST /session/e537112f6f31df0d8590d52383dd5938/execute/sync - {"script":"<script> [8489 bytes]","args":[{"element-6066-11e4-a52e-4f735466cecf":"f.3D8655DB7C018FB3B3311B2BCD0F0E61.d.6010111A3E972515311077ECA720F465.e.14351","ELEMENT":"f.3D8655DB7C018FB3B3311B2BCD0F0E61.d.6010111A3E972515311077ECA720F465.e.14351"}]}
RESULT: {"script":"<script> [8489 bytes]","args":[{"element-6066-11e4-a52e-4f735466cecf":"f.3D8655DB7C018FB3B3311B2BCD0F0E61.d.6010111A3E972515311077ECA720F465.e.14351","ELEMENT":"f.3D8655DB7C018FB3B3311B2BCD0F0E61.d.6010111A3E972515311077ECA720F465.e.14351"}]}
COMMAND: GET /session/e537112f6f31df0d8590d52383dd5938/element/f.3D8655DB7C018FB3B3311B2BCD0F0E61.d.6010111A3E972515311077ECA720F465.e.14351/enabled - {}
COMMAND: GET /session/e537112f6f31df0d8590d52383dd5938/screenshot - {}
RESULT: {}
COMMAND: POST /session/e537112f6f31df0d8590d52383dd5938/execute/sync - {"script":"<script> [8489 bytes]","args":[{"element-6066-11e4-a52e-4f735466cecf":"f.3D8655DB7C018FB3B3311B2BCD0F0E61.d.6010111A3E972515311077ECA720F465.e.14351","ELEMENT":"f.3D8655DB7C018FB3B3311B2BCD0F0E61.d.6010111A3E972515311077ECA720F465.e.14351"}]}
COMMAND: GET /session/e537112f6f31df0d8590d52383dd5938/screenshot - {}
RESULT: {}
RESULT: {"script":"<script> [8489 bytes]","args":[{"element-6066-11e4-a52e-4f735466cecf":"f.3D8655DB7C018FB3B3311B2BCD0F0E61.d.6010111A3E972515311077ECA720F465.e.14351","ELEMENT":"f.3D8655DB7C018FB3B3311B2BCD0F0E61.d.6010111A3E972515311077ECA720F465.e.14351"}]}
COMMAND: POST /session/e537112f6f31df0d8590d52383dd5938/execute/sync - {"script":"<script> [5351 bytes]","args":[{"element-6066-11e4-a52e-4f735466cecf":"f.3D8655DB7C018FB3B3311B2BCD0F0E61.d.6010111A3E972515311077ECA720F465.e.14351","ELEMENT":"f.3D8655DB7C018FB3B3311B2BCD0F0E61.d.6010111A3E972515311077ECA720F465.e.14351"}]}
COMMAND: GET /session/e537112f6f31df0d8590d52383dd5938/screenshot - {}
RESULT: {}
RESULT: {"script":"<script> [5351 bytes]","args":[{"element-6066-11e4-a52e-4f735466cecf":"f.3D8655DB7C018FB3B3311B2BCD0F0E61.d.6010111A3E972515311077ECA720F465.e.14351","ELEMENT":"f.3D8655DB7C018FB3B3311B2BCD0F0E61.d.6010111A3E972515311077ECA720F465.e.14351"}]}
COMMAND: POST /session/e537112f6f31df0d8590d52383dd5938/element/f.3D8655DB7C018FB3B3311B2BCD0F0E61.d.6010111A3E972515311077ECA720F465.e.14351/click - {}
COMMAND: GET /session/e537112f6f31df0d8590d52383dd5938/screenshot - {}
RESULT: {}
RESULT: {}
COMMAND: GET /session/e537112f6f31df0d8590d52383dd5938/screenshot - {}
RESULT: {}
COMMAND: POST /session/e537112f6f31df0d8590d52383dd5938/element - {"using":"xpath","value":"//input[@id=\"application-manageyards-display-component---NewYard--yardId-inner\"]"}
RESULT: {}
RESULT: {"using":"xpath","value":"//input[@id=\"application-manageyards-display-component---NewYard--yardId-inner\"]"}
COMMAND: POST /session/e537112f6f31df0d8590d52383dd5938/element - {"using":"xpath","value":"//input[@id=\"application-manageyards-display-component---NewYard--yardId-inner\"]"}
RESULT: {"using":"xpath","value":"//input[@id=\"application-manageyards-display-component---NewYard--yardId-inner\"]"}
RESULT: undefined
COMMAND: POST /session/e537112f6f31df0d8590d52383dd5938/execute/async - {"script":"<script> [776 bytes]","args":[{"enterText":"Warehouse Managed WDIO","selector":{"id":"application-manageyards-display-component---NewYard--addressDetailDetailsName1","interaction":{"idSuffix":"inner"}},"clearTextFirst":true,"interactionType":"ENTER_TEXT"}]}
RESULT: {"script":"<script> [776 bytes]","args":[{"enterText":"Warehouse Managed WDIO","selector":{"id":"application-manageyards-display-component---NewYard--addressDetailDetailsName1","interaction":{"idSuffix":"inner"}},"clearTextFirst":true,"interactionType":"ENTER_TEXT"}]}
RESULT: undefined
COMMAND: POST /session/e537112f6f31df0d8590d52383dd5938/element - {"using":"xpath","value":"//*[@id=\"application-manageyards-display-component---NewYard--addressDetailDetailsLanguage-arrow\"]"}
RESULT: {"using":"xpath","value":"//*[@id=\"application-manageyards-display-component---NewYard--addressDetailDetailsLanguage-arrow\"]"}
COMMAND: POST /session/e537112f6f31df0d8590d52383dd5938/element/f.3D8655DB7C018FB3B3311B2BCD0F0E61.d.6010111A3E972515311077ECA720F465.e.14779/click - {}
RESULT: {}
COMMAND: POST /session/e537112f6f31df0d8590d52383dd5938/element - {"using":"xpath","value":"//span[contains(text(), \"English\")]"}
COMMAND: GET /session/e537112f6f31df0d8590d52383dd5938/screenshot - {}
RESULT: {"using":"xpath","value":"//span[contains(text(), \"English\")]"}
COMMAND: POST /session/e537112f6f31df0d8590d52383dd5938/element/f.3D8655DB7C018FB3B3311B2BCD0F0E61.d.6010111A3E972515311077ECA720F465.e.14780/click - {}
RESULT: {}
RESULT: {}
RESULT: undefined
COMMAND: POST /session/e537112f6f31df0d8590d52383dd5938/execute/async - {"script":"<script> [776 bytes]","args":[{"enterText":"Rosario","selector":{"id":"application-manageyards-display-component---NewYard--addressDetailDetailsCity1","interaction":{"idSuffix":"inner"}},"clearTextFirst":true,"interactionType":"ENTER_TEXT"}]}
COMMAND: GET /session/e537112f6f31df0d8590d52383dd5938/screenshot - {}
RESULT: {"script":"<script> [776 bytes]","args":[{"enterText":"Rosario","selector":{"id":"application-manageyards-display-component---NewYard--addressDetailDetailsCity1","interaction":{"idSuffix":"inner"}},"clearTextFirst":true,"interactionType":"ENTER_TEXT"}]}
RESULT: undefined
COMMAND: POST /session/e537112f6f31df0d8590d52383dd5938/element - {"using":"xpath","value":"//*[@id=\"application-manageyards-display-component---NewYard--addressDetailDetailsCountry-arrow\"]"}
RESULT: {}
RESULT: {"using":"xpath","value":"//*[@id=\"application-manageyards-display-component---NewYard--addressDetailDetailsCountry-arrow\"]"}
COMMAND: POST /session/e537112f6f31df0d8590d52383dd5938/element/f.3D8655DB7C018FB3B3311B2BCD0F0E61.d.6010111A3E972515311077ECA720F465.e.14781/click - {}
RESULT: {}
COMMAND: POST /session/e537112f6f31df0d8590d52383dd5938/element - {"using":"xpath","value":"//span[contains(text(), \"Argentina\")]"}
COMMAND: GET /session/e537112f6f31df0d8590d52383dd5938/screenshot - {}
RESULT: {"using":"xpath","value":"//span[contains(text(), \"Argentina\")]"}
COMMAND: POST /session/e537112f6f31df0d8590d52383dd5938/element/f.3D8655DB7C018FB3B3311B2BCD0F0E61.d.6010111A3E972515311077ECA720F465.e.14782/click - {}
RESULT: {}
RESULT: {}
RESULT: undefined
COMMAND: POST /session/e537112f6f31df0d8590d52383dd5938/element - {"using":"xpath","value":"//*[@id=\"application-manageyards-display-component---NewYard--addressEditDetailsCostObjectCstType-arrow\"]"}
COMMAND: GET /session/e537112f6f31df0d8590d52383dd5938/screenshot - {}
RESULT: {"using":"xpath","value":"//*[@id=\"application-manageyards-display-component---NewYard--addressEditDetailsCostObjectCstType-arrow\"]"}
COMMAND: POST /session/e537112f6f31df0d8590d52383dd5938/element/f.3D8655DB7C018FB3B3311B2BCD0F0E61.d.6010111A3E972515311077ECA720F465.e.14784/click - {}
RESULT: {}
RESULT: {}
COMMAND: POST /session/e537112f6f31df0d8590d52383dd5938/element - {"using":"xpath","value":"//span[contains(text(), \"Cost Center\")]"}
COMMAND: GET /session/e537112f6f31df0d8590d52383dd5938/screenshot - {}
RESULT: {"using":"xpath","value":"//span[contains(text(), \"Cost Center\")]"}
COMMAND: POST /session/e537112f6f31df0d8590d52383dd5938/element/f.3D8655DB7C018FB3B3311B2BCD0F0E61.d.6010111A3E972515311077ECA720F465.e.14785/click - {}
RESULT: {}
RESULT: {}
COMMAND: GET /session/e537112f6f31df0d8590d52383dd5938/screenshot - {}
RESULT: {}
COMMAND: POST /session/e537112f6f31df0d8590d52383dd5938/element - {"using":"xpath","value":"//span[@id=\"application-manageyards-display-component---NewYard--addressNewCostObjectCstID-vhi\"]"}
RESULT: {"using":"xpath","value":"//span[@id=\"application-manageyards-display-component---NewYard--addressNewCostObjectCstID-vhi\"]"}
COMMAND: POST /session/e537112f6f31df0d8590d52383dd5938/execute/sync - {"script":"<script> [8489 bytes]","args":[{"element-6066-11e4-a52e-4f735466cecf":"f.3D8655DB7C018FB3B3311B2BCD0F0E61.d.6010111A3E972515311077ECA720F465.e.14789","ELEMENT":"f.3D8655DB7C018FB3B3311B2BCD0F0E61.d.6010111A3E972515311077ECA720F465.e.14789"}]}
RESULT: {"script":"<script> [8489 bytes]","args":[{"element-6066-11e4-a52e-4f735466cecf":"f.3D8655DB7C018FB3B3311B2BCD0F0E61.d.6010111A3E972515311077ECA720F465.e.14789","ELEMENT":"f.3D8655DB7C018FB3B3311B2BCD0F0E61.d.6010111A3E972515311077ECA720F465.e.14789"}]}
RESULT: undefined
COMMAND: POST /session/e537112f6f31df0d8590d52383dd5938/element - {"using":"xpath","value":"//*[@id=\"application-manageyards-display-component---NewYard--addressNewCostObjectCstID-vhi\"]"}
COMMAND: GET /session/e537112f6f31df0d8590d52383dd5938/screenshot - {}
RESULT: {"using":"xpath","value":"//*[@id=\"application-manageyards-display-component---NewYard--addressNewCostObjectCstID-vhi\"]"}
COMMAND: POST /session/e537112f6f31df0d8590d52383dd5938/element/f.3D8655DB7C018FB3B3311B2BCD0F0E61.d.6010111A3E972515311077ECA720F465.e.14789/click - {}
RESULT: {}
RESULT: {}
COMMAND: GET /session/e537112f6f31df0d8590d52383dd5938/screenshot - {}
RESULT: {}
RESULT: undefined
COMMAND: POST /session/e537112f6f31df0d8590d52383dd5938/execute/async - {"script":"<script> [776 bytes]","args":[{"enterText":"bauh_b","selector":{"controlType":"sap.m.SearchField","properties":{"placeholder":"Search"},"searchOpenDialogs":true,"interaction":{"idSuffix":"I"}},"clearTextFirst":true,"interactionType":"ENTER_TEXT"}]}
RESULT: {"script":"<script> [776 bytes]","args":[{"enterText":"bauh_b","selector":{"controlType":"sap.m.SearchField","properties":{"placeholder":"Search"},"searchOpenDialogs":true,"interaction":{"idSuffix":"I"}},"clearTextFirst":true,"interactionType":"ENTER_TEXT"}]}
COMMAND: POST /session/e537112f6f31df0d8590d52383dd5938/actions - {"actions":[{"id":"action39","type":"key","parameters":{},"actions":[{"type":"keyDown","value":""},{"type":"pause","duration":10},{"type":"keyUp","value":""}]}]}
RESULT: {"actions":[{"id":"action39","type":"key","parameters":{},"actions":[{"type":"keyDown","value":""},{"type":"pause","duration":10},{"type":"keyUp","value":""}]}]}
COMMAND: GET /session/e537112f6f31df0d8590d52383dd5938/screenshot - {}
RESULT: {}
COMMAND: POST /session/e537112f6f31df0d8590d52383dd5938/element - {"using":"xpath","value":"//span[contains(text(), \"Demo Yard\")]"}
RESULT: {"using":"xpath","value":"//span[contains(text(), \"Demo Yard\")]"}
COMMAND: POST /session/e537112f6f31df0d8590d52383dd5938/element/f.3D8655DB7C018FB3B3311B2BCD0F0E61.d.6010111A3E972515311077ECA720F465.e.14828/click - {}
RESULT: {}
COMMAND: GET /session/e537112f6f31df0d8590d52383dd5938/screenshot - {}
RESULT: {}
COMMAND: POST /session/e537112f6f31df0d8590d52383dd5938/element - {"using":"xpath","value":"//bdi[contains(text(), \"OK\")]"}
RESULT: {"using":"xpath","value":"//bdi[contains(text(), \"OK\")]"}
COMMAND: POST /session/e537112f6f31df0d8590d52383dd5938/element/f.3D8655DB7C018FB3B3311B2BCD0F0E61.d.6010111A3E972515311077ECA720F465.e.14829/click - {}
RESULT: {}
COMMAND: GET /session/e537112f6f31df0d8590d52383dd5938/screenshot - {}
RESULT: {}
RESULT: undefined
COMMAND: POST /session/e537112f6f31df0d8590d52383dd5938/element - {"using":"xpath","value":"//*[@id=\"application-manageyards-display-component---NewYard--addressEditDetailsCurrency-arrow\"]"}
RESULT: {"using":"xpath","value":"//*[@id=\"application-manageyards-display-component---NewYard--addressEditDetailsCurrency-arrow\"]"}
COMMAND: POST /session/e537112f6f31df0d8590d52383dd5938/element/f.3D8655DB7C018FB3B3311B2BCD0F0E61.d.6010111A3E972515311077ECA720F465.e.14832/click - {}
RESULT: {}
COMMAND: POST /session/e537112f6f31df0d8590d52383dd5938/element - {"using":"xpath","value":"//span[contains(text(), \"Euro\")]"}
COMMAND: GET /session/e537112f6f31df0d8590d52383dd5938/screenshot - {}
RESULT: {"using":"xpath","value":"//span[contains(text(), \"Euro\")]"}
COMMAND: POST /session/e537112f6f31df0d8590d52383dd5938/element/f.3D8655DB7C018FB3B3311B2BCD0F0E61.d.6010111A3E972515311077ECA720F465.e.14833/click - {}
RESULT: {}
RESULT: {}
RESULT: undefined
COMMAND: POST /session/e537112f6f31df0d8590d52383dd5938/execute/async - {"script":"<script> [776 bytes]","args":[{"enterText":"Z001","selector":{"controlType":"sap.m.Input","viewName":"etm.portal.ui.manageyards.view.New","viewId":"application-manageyards-display-component---NewYard","bindingPath":{"path":"","propertyPath":"/CONTROLLING_AREA","modelName":"NewYardModel"},"interaction":{"idSuffix":"inner"}},"clearTextFirst":true,"interactionType":"ENTER_TEXT"}]}
COMMAND: GET /session/e537112f6f31df0d8590d52383dd5938/screenshot - {}
RESULT: {"script":"<script> [776 bytes]","args":[{"enterText":"Z001","selector":{"controlType":"sap.m.Input","viewName":"etm.portal.ui.manageyards.view.New","viewId":"application-manageyards-display-component---NewYard","bindingPath":{"path":"","propertyPath":"/CONTROLLING_AREA","modelName":"NewYardModel"},"interaction":{"idSuffix":"inner"}},"clearTextFirst":true,"interactionType":"ENTER_TEXT"}]}
RESULT: undefined
COMMAND: POST /session/e537112f6f31df0d8590d52383dd5938/execute/async - {"script":"<script> [776 bytes]","args":[{"enterText":"1000","selector":{"id":"application-manageyards-display-component---NewYard--companyCodeComboBox","interaction":{"idSuffix":"inner"}},"clearTextFirst":true,"interactionType":"ENTER_TEXT"}]}
RESULT: {}
RESULT: {"script":"<script> [776 bytes]","args":[{"enterText":"1000","selector":{"id":"application-manageyards-display-component---NewYard--companyCodeComboBox","interaction":{"idSuffix":"inner"}},"clearTextFirst":true,"interactionType":"ENTER_TEXT"}]}
RESULT: undefined
COMMAND: POST /session/e537112f6f31df0d8590d52383dd5938/execute/async - {"script":"<script> [776 bytes]","args":[{"enterText":"1001","selector":{"controlType":"sap.m.Input","viewName":"etm.portal.ui.manageyards.view.New","viewId":"application-manageyards-display-component---NewYard","bindingPath":{"path":"","propertyPath":"/PLANT","modelName":"NewYardModel"},"interaction":{"idSuffix":"inner"}},"clearTextFirst":true,"interactionType":"ENTER_TEXT"}]}
RESULT: {"script":"<script> [776 bytes]","args":[{"enterText":"1001","selector":{"controlType":"sap.m.Input","viewName":"etm.portal.ui.manageyards.view.New","viewId":"application-manageyards-display-component---NewYard","bindingPath":{"path":"","propertyPath":"/PLANT","modelName":"NewYardModel"},"interaction":{"idSuffix":"inner"}},"clearTextFirst":true,"interactionType":"ENTER_TEXT"}]}
RESULT: undefined
COMMAND: POST /session/e537112f6f31df0d8590d52383dd5938/execute/async - {"script":"<script> [776 bytes]","args":[{"enterText":"C002","selector":{"controlType":"sap.m.Input","viewName":"etm.portal.ui.manageyards.view.New","viewId":"application-manageyards-display-component---NewYard","bindingPath":{"path":"","propertyPath":"/SALES_AREA_VKORG","modelName":"NewYardModel"},"interaction":{"idSuffix":"inner"}},"clearTextFirst":true,"interactionType":"ENTER_TEXT"}]}
RESULT: {"script":"<script> [776 bytes]","args":[{"enterText":"C002","selector":{"controlType":"sap.m.Input","viewName":"etm.portal.ui.manageyards.view.New","viewId":"application-manageyards-display-component---NewYard","bindingPath":{"path":"","propertyPath":"/SALES_AREA_VKORG","modelName":"NewYardModel"},"interaction":{"idSuffix":"inner"}},"clearTextFirst":true,"interactionType":"ENTER_TEXT"}]}
RESULT: undefined
COMMAND: POST /session/e537112f6f31df0d8590d52383dd5938/execute/async - {"script":"<script> [776 bytes]","args":[{"enterText":"C2","selector":{"controlType":"sap.m.Input","viewName":"etm.portal.ui.manageyards.view.New","viewId":"application-manageyards-display-component---NewYard","bindingPath":{"path":"","propertyPath":"/SALES_AREA_VTWEG","modelName":"NewYardModel"},"interaction":{"idSuffix":"inner"}},"clearTextFirst":true,"interactionType":"ENTER_TEXT"}]}
RESULT: {"script":"<script> [776 bytes]","args":[{"enterText":"C2","selector":{"controlType":"sap.m.Input","viewName":"etm.portal.ui.manageyards.view.New","viewId":"application-manageyards-display-component---NewYard","bindingPath":{"path":"","propertyPath":"/SALES_AREA_VTWEG","modelName":"NewYardModel"},"interaction":{"idSuffix":"inner"}},"clearTextFirst":true,"interactionType":"ENTER_TEXT"}]}
RESULT: undefined
COMMAND: POST /session/e537112f6f31df0d8590d52383dd5938/execute/async - {"script":"<script> [776 bytes]","args":[{"enterText":"C2","selector":{"controlType":"sap.m.Input","viewName":"etm.portal.ui.manageyards.view.New","viewId":"application-manageyards-display-component---NewYard","bindingPath":{"path":"","propertyPath":"/SALES_AREA_SPART","modelName":"NewYardModel"},"interaction":{"idSuffix":"inner"}},"clearTextFirst":true,"interactionType":"ENTER_TEXT"}]}
RESULT: {"script":"<script> [776 bytes]","args":[{"enterText":"C2","selector":{"controlType":"sap.m.Input","viewName":"etm.portal.ui.manageyards.view.New","viewId":"application-manageyards-display-component---NewYard","bindingPath":{"path":"","propertyPath":"/SALES_AREA_SPART","modelName":"NewYardModel"},"interaction":{"idSuffix":"inner"}},"clearTextFirst":true,"interactionType":"ENTER_TEXT"}]}
RESULT: undefined
COMMAND: POST /session/e537112f6f31df0d8590d52383dd5938/execute/async - {"script":"<script> [776 bytes]","args":[{"enterText":"1710","selector":{"controlType":"sap.m.Input","viewName":"etm.portal.ui.manageyards.view.New","viewId":"application-manageyards-display-component---NewYard","bindingPath":{"path":"","propertyPath":"/SHIP_POINT","modelName":"NewYardModel"},"interaction":{"idSuffix":"inner"}},"clearTextFirst":true,"interactionType":"ENTER_TEXT"}]}
RESULT: {"script":"<script> [776 bytes]","args":[{"enterText":"1710","selector":{"controlType":"sap.m.Input","viewName":"etm.portal.ui.manageyards.view.New","viewId":"application-manageyards-display-component---NewYard","bindingPath":{"path":"","propertyPath":"/SHIP_POINT","modelName":"NewYardModel"},"interaction":{"idSuffix":"inner"}},"clearTextFirst":true,"interactionType":"ENTER_TEXT"}]}
RESULT: undefined
COMMAND: POST /session/e537112f6f31df0d8590d52383dd5938/execute/async - {"script":"<script> [776 bytes]","args":[{"enterText":"ZL01","selector":{"controlType":"sap.m.Input","viewName":"etm.portal.ui.manageyards.view.New","viewId":"application-manageyards-display-component---NewYard","bindingPath":{"path":"","propertyPath":"/DELIVERY_TYPE","modelName":"NewYardModel"},"interaction":{"idSuffix":"inner"}},"clearTextFirst":true,"interactionType":"ENTER_TEXT"}]}
RESULT: {"script":"<script> [776 bytes]","args":[{"enterText":"ZL01","selector":{"controlType":"sap.m.Input","viewName":"etm.portal.ui.manageyards.view.New","viewId":"application-manageyards-display-component---NewYard","bindingPath":{"path":"","propertyPath":"/DELIVERY_TYPE","modelName":"NewYardModel"},"interaction":{"idSuffix":"inner"}},"clearTextFirst":true,"interactionType":"ENTER_TEXT"}]}
RESULT: undefined
COMMAND: POST /session/e537112f6f31df0d8590d52383dd5938/execute/async - {"script":"<script> [776 bytes]","args":[{"enterText":"TA","selector":{"controlType":"sap.m.Input","viewName":"etm.portal.ui.manageyards.view.New","viewId":"application-manageyards-display-component---NewYard","bindingPath":{"path":"","propertyPath":"/AUART","modelName":"NewYardModel"},"interaction":{"idSuffix":"inner"}},"clearTextFirst":true,"interactionType":"ENTER_TEXT"}]}
RESULT: {"script":"<script> [776 bytes]","args":[{"enterText":"TA","selector":{"controlType":"sap.m.Input","viewName":"etm.portal.ui.manageyards.view.New","viewId":"application-manageyards-display-component---NewYard","bindingPath":{"path":"","propertyPath":"/AUART","modelName":"NewYardModel"},"interaction":{"idSuffix":"inner"}},"clearTextFirst":true,"interactionType":"ENTER_TEXT"}]}
COMMAND: POST /session/e537112f6f31df0d8590d52383dd5938/execute/async - {"script":"<script> [1562 bytes]","args":[{"selector":{"id":"application-manageyards-display-component---NewYard--whmCheckBox","interaction":{"idSuffix":"CbBg"}},"wdio_ui5_key":"applicationmanageyards-display-component---NewYard--whmCheckBox"}]}
RESULT: {"script":"<script> [1562 bytes]","args":[{"selector":{"id":"application-manageyards-display-component---NewYard--whmCheckBox","interaction":{"idSuffix":"CbBg"}},"wdio_ui5_key":"applicationmanageyards-display-component---NewYard--whmCheckBox"}]}
RESULT: undefined
COMMAND: POST /session/e537112f6f31df0d8590d52383dd5938/element - {"using":"xpath","value":"//*[@id=\"application-manageyards-display-component---NewYard--whmCheckBox\"]"}
RESULT: {"using":"xpath","value":"//*[@id=\"application-manageyards-display-component---NewYard--whmCheckBox\"]"}
COMMAND: POST /session/e537112f6f31df0d8590d52383dd5938/element/f.3D8655DB7C018FB3B3311B2BCD0F0E61.d.6010111A3E972515311077ECA720F465.e.14843/click - {}
RESULT: {}
COMMAND: GET /session/e537112f6f31df0d8590d52383dd5938/screenshot - {}
RESULT: {}
COMMAND: POST /session/e537112f6f31df0d8590d52383dd5938/element - {"using":"xpath","value":"//button[@data-kt=\"newYardSaveButton\"]"}
RESULT: {"using":"xpath","value":"//button[@data-kt=\"newYardSaveButton\"]"}
COMMAND: POST /session/e537112f6f31df0d8590d52383dd5938/element/f.3D8655DB7C018FB3B3311B2BCD0F0E61.d.6010111A3E972515311077ECA720F465.e.14764/click - {}
RESULT: {}
COMMAND: GET /session/e537112f6f31df0d8590d52383dd5938/screenshot - {}
RESULT: {}
COMMAND: POST /session/e537112f6f31df0d8590d52383dd5938/element - {"using":"xpath","value":"//header[contains(@id, 'ObjectPageLayout-headerTitle')]/div[1]/div[2]/div[1]/span[1]"}
RESULT: {"using":"xpath","value":"//header[contains(@id, 'ObjectPageLayout-headerTitle')]/div[1]/div[2]/div[1]/span[1]"}
COMMAND: POST /session/e537112f6f31df0d8590d52383dd5938/elements - {"using":"xpath","value":"//header[contains(@id, 'ObjectPageLayout-headerTitle')]/div[1]/div[2]/div[1]/span[1]"}
RESULT: {"using":"xpath","value":"//header[contains(@id, 'ObjectPageLayout-headerTitle')]/div[1]/div[2]/div[1]/span[1]"}
COMMAND: POST /session/e537112f6f31df0d8590d52383dd5938/execute/sync - {"script":"<script> [56 bytes]","args":[{"element-6066-11e4-a52e-4f735466cecf":"f.3D8655DB7C018FB3B3311B2BCD0F0E61.d.6010111A3E972515311077ECA720F465.e.15042","ELEMENT":"f.3D8655DB7C018FB3B3311B2BCD0F0E61.d.6010111A3E972515311077ECA720F465.e.15042"}]}
RESULT: {"script":"<script> [56 bytes]","args":[{"element-6066-11e4-a52e-4f735466cecf":"f.3D8655DB7C018FB3B3311B2BCD0F0E61.d.6010111A3E972515311077ECA720F465.e.15042","ELEMENT":"f.3D8655DB7C018FB3B3311B2BCD0F0E61.d.6010111A3E972515311077ECA720F465.e.15042"}]}
COMMAND: GET /session/e537112f6f31df0d8590d52383dd5938/screenshot - {}
RESULT: {}
COMMAND: POST /session/e537112f6f31df0d8590d52383dd5938/element - {"using":"css selector","value":"#shell-header-logo"}
RESULT: {"using":"css selector","value":"#shell-header-logo"}
COMMAND: POST /session/e537112f6f31df0d8590d52383dd5938/element/f.3D8655DB7C018FB3B3311B2BCD0F0E61.d.6010111A3E972515311077ECA720F465.e.14319/click - {}
RESULT: {}
COMMAND: GET /session/e537112f6f31df0d8590d52383dd5938/screenshot - {}
RESULT: {}
COMMAND: POST /session/e537112f6f31df0d8590d52383dd5938/execute/sync - {"script":"<script> [299 bytes]","args":[["getModel","getResource"]]}
RESULT: {"script":"<script> [299 bytes]","args":[["getModel","getResource"]]}
]]></system-out>
    </testcase>
    <testcase classname="chrome.136_0_7103_93.windows.Create_partner_US118246" name="Should create new external WHM partner" time="181.329">
      <failure/>
      <error message="Can't call click on element with selector &quot;//li[.//span[text()= &quot;Webshop Catalog&quot;]]&quot; because element wasn't found"/>
      <system-out><![CDATA[
COMMAND: POST /session/e537112f6f31df0d8590d52383dd5938/window/fullscreen - {}
COMMAND: GET /session/e537112f6f31df0d8590d52383dd5938/screenshot - {}
RESULT: {}
RESULT: undefined
COMMAND: POST /session/e537112f6f31df0d8590d52383dd5938/element - {"using":"xpath","value":"//*[@id=\"__tile38\"]"}
RESULT: {}
RESULT: {"using":"xpath","value":"//*[@id=\"__tile38\"]"}
COMMAND: POST /session/e537112f6f31df0d8590d52383dd5938/element/f.3D8655DB7C018FB3B3311B2BCD0F0E61.d.6010111A3E972515311077ECA720F465.e.12770/click - {}
RESULT: {}
COMMAND: GET /session/e537112f6f31df0d8590d52383dd5938/screenshot - {}
RESULT: {}
COMMAND: POST /session/e537112f6f31df0d8590d52383dd5938/elements - {"using":"xpath","value":"//span[text()='Error']"}
RESULT: {"using":"xpath","value":"//span[text()='Error']"}
COMMAND: POST /session/e537112f6f31df0d8590d52383dd5938/element - {"using":"xpath","value":"//button[@data-kt=\"addButton\"]"}
RESULT: {"using":"xpath","value":"//button[@data-kt=\"addButton\"]"}
COMMAND: POST /session/e537112f6f31df0d8590d52383dd5938/elements - {"using":"xpath","value":"//button[@data-kt=\"addButton\"]"}
RESULT: {"using":"xpath","value":"//button[@data-kt=\"addButton\"]"}
COMMAND: POST /session/e537112f6f31df0d8590d52383dd5938/execute/sync - {"script":"<script> [8489 bytes]","args":[{"element-6066-11e4-a52e-4f735466cecf":"f.3D8655DB7C018FB3B3311B2BCD0F0E61.d.6010111A3E972515311077ECA720F465.e.15090","ELEMENT":"f.3D8655DB7C018FB3B3311B2BCD0F0E61.d.6010111A3E972515311077ECA720F465.e.15090"}]}
RESULT: {"script":"<script> [8489 bytes]","args":[{"element-6066-11e4-a52e-4f735466cecf":"f.3D8655DB7C018FB3B3311B2BCD0F0E61.d.6010111A3E972515311077ECA720F465.e.15090","ELEMENT":"f.3D8655DB7C018FB3B3311B2BCD0F0E61.d.6010111A3E972515311077ECA720F465.e.15090"}]}
COMMAND: GET /session/e537112f6f31df0d8590d52383dd5938/element/f.3D8655DB7C018FB3B3311B2BCD0F0E61.d.6010111A3E972515311077ECA720F465.e.15090/enabled - {}
COMMAND: GET /session/e537112f6f31df0d8590d52383dd5938/screenshot - {}
RESULT: {}
COMMAND: POST /session/e537112f6f31df0d8590d52383dd5938/execute/sync - {"script":"<script> [8489 bytes]","args":[{"element-6066-11e4-a52e-4f735466cecf":"f.3D8655DB7C018FB3B3311B2BCD0F0E61.d.6010111A3E972515311077ECA720F465.e.15090","ELEMENT":"f.3D8655DB7C018FB3B3311B2BCD0F0E61.d.6010111A3E972515311077ECA720F465.e.15090"}]}
COMMAND: GET /session/e537112f6f31df0d8590d52383dd5938/screenshot - {}
RESULT: {}
RESULT: {"script":"<script> [8489 bytes]","args":[{"element-6066-11e4-a52e-4f735466cecf":"f.3D8655DB7C018FB3B3311B2BCD0F0E61.d.6010111A3E972515311077ECA720F465.e.15090","ELEMENT":"f.3D8655DB7C018FB3B3311B2BCD0F0E61.d.6010111A3E972515311077ECA720F465.e.15090"}]}
COMMAND: POST /session/e537112f6f31df0d8590d52383dd5938/execute/sync - {"script":"<script> [5351 bytes]","args":[{"element-6066-11e4-a52e-4f735466cecf":"f.3D8655DB7C018FB3B3311B2BCD0F0E61.d.6010111A3E972515311077ECA720F465.e.15090","ELEMENT":"f.3D8655DB7C018FB3B3311B2BCD0F0E61.d.6010111A3E972515311077ECA720F465.e.15090"}]}
COMMAND: GET /session/e537112f6f31df0d8590d52383dd5938/screenshot - {}
RESULT: {}
RESULT: {"script":"<script> [5351 bytes]","args":[{"element-6066-11e4-a52e-4f735466cecf":"f.3D8655DB7C018FB3B3311B2BCD0F0E61.d.6010111A3E972515311077ECA720F465.e.15090","ELEMENT":"f.3D8655DB7C018FB3B3311B2BCD0F0E61.d.6010111A3E972515311077ECA720F465.e.15090"}]}
COMMAND: POST /session/e537112f6f31df0d8590d52383dd5938/element/f.3D8655DB7C018FB3B3311B2BCD0F0E61.d.6010111A3E972515311077ECA720F465.e.15090/click - {}
COMMAND: GET /session/e537112f6f31df0d8590d52383dd5938/screenshot - {}
RESULT: {}
RESULT: {}
COMMAND: GET /session/e537112f6f31df0d8590d52383dd5938/screenshot - {}
RESULT: {}
RESULT: undefined
COMMAND: POST /session/e537112f6f31df0d8590d52383dd5938/execute/async - {"script":"<script> [776 bytes]","args":[{"enterText":"External Partner WDIO","selector":{"id":"application-managepartners-display-component---NewPartner--addressDetailDetailsName1","interaction":{"idSuffix":"inner"}},"clearTextFirst":true,"interactionType":"ENTER_TEXT"}]}
RESULT: {}
RESULT: {"script":"<script> [776 bytes]","args":[{"enterText":"External Partner WDIO","selector":{"id":"application-managepartners-display-component---NewPartner--addressDetailDetailsName1","interaction":{"idSuffix":"inner"}},"clearTextFirst":true,"interactionType":"ENTER_TEXT"}]}
RESULT: undefined
COMMAND: POST /session/e537112f6f31df0d8590d52383dd5938/element - {"using":"xpath","value":"//*[@id=\"application-managepartners-display-component---NewPartner--addressDetailDetailsLanguage-arrow\"]"}
RESULT: {"using":"xpath","value":"//*[@id=\"application-managepartners-display-component---NewPartner--addressDetailDetailsLanguage-arrow\"]"}
COMMAND: POST /session/e537112f6f31df0d8590d52383dd5938/element/f.3D8655DB7C018FB3B3311B2BCD0F0E61.d.6010111A3E972515311077ECA720F465.e.15496/click - {}
RESULT: {}
COMMAND: POST /session/e537112f6f31df0d8590d52383dd5938/element - {"using":"xpath","value":"//span[contains(text(), \"English\")]"}
COMMAND: GET /session/e537112f6f31df0d8590d52383dd5938/screenshot - {}
RESULT: {"using":"xpath","value":"//span[contains(text(), \"English\")]"}
COMMAND: POST /session/e537112f6f31df0d8590d52383dd5938/element/f.3D8655DB7C018FB3B3311B2BCD0F0E61.d.6010111A3E972515311077ECA720F465.e.15497/click - {}
RESULT: {}
RESULT: {}
COMMAND: GET /session/e537112f6f31df0d8590d52383dd5938/screenshot - {}
RESULT: {}
RESULT: undefined
COMMAND: POST /session/e537112f6f31df0d8590d52383dd5938/execute/async - {"script":"<script> [776 bytes]","args":[{"enterText":"Rosario","selector":{"id":"application-managepartners-display-component---NewPartner--addressDetailDetailsCity1","interaction":{"idSuffix":"inner"}},"clearTextFirst":true,"interactionType":"ENTER_TEXT"}]}
RESULT: {"script":"<script> [776 bytes]","args":[{"enterText":"Rosario","selector":{"id":"application-managepartners-display-component---NewPartner--addressDetailDetailsCity1","interaction":{"idSuffix":"inner"}},"clearTextFirst":true,"interactionType":"ENTER_TEXT"}]}
RESULT: undefined
COMMAND: POST /session/e537112f6f31df0d8590d52383dd5938/element - {"using":"xpath","value":"//*[@id=\"application-managepartners-display-component---NewPartner--addressDetailDetailsCountry-arrow\"]"}
RESULT: {"using":"xpath","value":"//*[@id=\"application-managepartners-display-component---NewPartner--addressDetailDetailsCountry-arrow\"]"}
COMMAND: POST /session/e537112f6f31df0d8590d52383dd5938/element/f.3D8655DB7C018FB3B3311B2BCD0F0E61.d.6010111A3E972515311077ECA720F465.e.15435/click - {}
RESULT: {}
COMMAND: POST /session/e537112f6f31df0d8590d52383dd5938/element - {"using":"xpath","value":"//span[contains(text(), \"Argentina\")]"}
COMMAND: GET /session/e537112f6f31df0d8590d52383dd5938/screenshot - {}
RESULT: {"using":"xpath","value":"//span[contains(text(), \"Argentina\")]"}
COMMAND: POST /session/e537112f6f31df0d8590d52383dd5938/element/f.3D8655DB7C018FB3B3311B2BCD0F0E61.d.6010111A3E972515311077ECA720F465.e.15498/click - {}
RESULT: {}
RESULT: {}
COMMAND: GET /session/e537112f6f31df0d8590d52383dd5938/screenshot - {}
RESULT: {}
COMMAND: POST /session/e537112f6f31df0d8590d52383dd5938/element - {"using":"xpath","value":"//bdi[contains(text(), \"Commercial\")]"}
RESULT: {"using":"xpath","value":"//bdi[contains(text(), \"Commercial\")]"}
COMMAND: POST /session/e537112f6f31df0d8590d52383dd5938/element/f.3D8655DB7C018FB3B3311B2BCD0F0E61.d.6010111A3E972515311077ECA720F465.e.15499/click - {}
RESULT: {}
COMMAND: GET /session/e537112f6f31df0d8590d52383dd5938/screenshot - {}
RESULT: {}
RESULT: undefined
COMMAND: POST /session/e537112f6f31df0d8590d52383dd5938/element - {"using":"xpath","value":"//*[@id=\"application-managepartners-display-component---NewPartner--partnerDetailInternal-arrow\"]"}
RESULT: {"using":"xpath","value":"//*[@id=\"application-managepartners-display-component---NewPartner--partnerDetailInternal-arrow\"]"}
COMMAND: POST /session/e537112f6f31df0d8590d52383dd5938/element/f.3D8655DB7C018FB3B3311B2BCD0F0E61.d.6010111A3E972515311077ECA720F465.e.15505/click - {}
RESULT: {}
COMMAND: POST /session/e537112f6f31df0d8590d52383dd5938/element - {"using":"xpath","value":"//span[contains(text(), \"External partner\")]"}
COMMAND: GET /session/e537112f6f31df0d8590d52383dd5938/screenshot - {}
RESULT: {"using":"xpath","value":"//span[contains(text(), \"External partner\")]"}
COMMAND: POST /session/e537112f6f31df0d8590d52383dd5938/element/f.3D8655DB7C018FB3B3311B2BCD0F0E61.d.6010111A3E972515311077ECA720F465.e.15506/click - {}
RESULT: {}
RESULT: {}
RESULT: undefined
COMMAND: POST /session/e537112f6f31df0d8590d52383dd5938/element - {"using":"xpath","value":"//*[@id=\"application-managepartners-display-component---NewPartner--partnerDetailsCurrency-arrow\"]"}
COMMAND: GET /session/e537112f6f31df0d8590d52383dd5938/screenshot - {}
RESULT: {"using":"xpath","value":"//*[@id=\"application-managepartners-display-component---NewPartner--partnerDetailsCurrency-arrow\"]"}
COMMAND: POST /session/e537112f6f31df0d8590d52383dd5938/element/f.3D8655DB7C018FB3B3311B2BCD0F0E61.d.6010111A3E972515311077ECA720F465.e.15511/click - {}
RESULT: {}
RESULT: {}
COMMAND: POST /session/e537112f6f31df0d8590d52383dd5938/element - {"using":"xpath","value":"//span[contains(text(), \"US Dollar\")]"}
COMMAND: GET /session/e537112f6f31df0d8590d52383dd5938/screenshot - {}
RESULT: {"using":"xpath","value":"//span[contains(text(), \"US Dollar\")]"}
COMMAND: POST /session/e537112f6f31df0d8590d52383dd5938/element/f.3D8655DB7C018FB3B3311B2BCD0F0E61.d.6010111A3E972515311077ECA720F465.e.15512/click - {}
RESULT: {}
RESULT: {}
COMMAND: GET /session/e537112f6f31df0d8590d52383dd5938/screenshot - {}
RESULT: {}
COMMAND: POST /session/e537112f6f31df0d8590d52383dd5938/element - {"using":"xpath","value":"//input[@id=\"application-managepartners-display-component---NewPartner--companyCodeComboBox-inner\"]"}
RESULT: {"using":"xpath","value":"//input[@id=\"application-managepartners-display-component---NewPartner--companyCodeComboBox-inner\"]"}
COMMAND: POST /session/e537112f6f31df0d8590d52383dd5938/element/f.3D8655DB7C018FB3B3311B2BCD0F0E61.d.6010111A3E972515311077ECA720F465.e.15392/clear - {}
RESULT: {}
COMMAND: POST /session/e537112f6f31df0d8590d52383dd5938/element/f.3D8655DB7C018FB3B3311B2BCD0F0E61.d.6010111A3E972515311077ECA720F465.e.15392/value - {"text":"C002"}
COMMAND: GET /session/e537112f6f31df0d8590d52383dd5938/screenshot - {}
RESULT: {"text":"C002"}
COMMAND: GET /session/e537112f6f31df0d8590d52383dd5938/screenshot - {}
RESULT: {}
RESULT: {}
COMMAND: POST /session/e537112f6f31df0d8590d52383dd5938/element - {"using":"xpath","value":"//li[.//span[text()= \"C002\"]]"}
RESULT: {"using":"xpath","value":"//li[.//span[text()= \"C002\"]]"}
COMMAND: POST /session/e537112f6f31df0d8590d52383dd5938/element/f.3D8655DB7C018FB3B3311B2BCD0F0E61.d.6010111A3E972515311077ECA720F465.e.15516/click - {}
RESULT: {}
COMMAND: GET /session/e537112f6f31df0d8590d52383dd5938/screenshot - {}
RESULT: {}
RESULT: undefined
COMMAND: POST /session/e537112f6f31df0d8590d52383dd5938/element - {"using":"xpath","value":"//*[@id=\"__box22-arrow\"]"}
RESULT: {"using":"xpath","value":"//*[@id=\"__box22-arrow\"]"}
COMMAND: POST /session/e537112f6f31df0d8590d52383dd5938/elements - {"using":"xpath","value":"//*[@id=\"__box22-arrow\"]"}
RESULT: {"using":"xpath","value":"//*[@id=\"__box22-arrow\"]"}
COMMAND: POST /session/e537112f6f31df0d8590d52383dd5938/elements - {"using":"xpath","value":"//*[@id=\"__box22-arrow\"]"}
RESULT: {"using":"xpath","value":"//*[@id=\"__box22-arrow\"]"}
COMMAND: POST /session/e537112f6f31df0d8590d52383dd5938/elements - {"using":"xpath","value":"//*[@id=\"__box22-arrow\"]"}
RESULT: {"using":"xpath","value":"//*[@id=\"__box22-arrow\"]"}
COMMAND: POST /session/e537112f6f31df0d8590d52383dd5938/elements - {"using":"xpath","value":"//*[@id=\"__box22-arrow\"]"}
RESULT: {"using":"xpath","value":"//*[@id=\"__box22-arrow\"]"}
COMMAND: POST /session/e537112f6f31df0d8590d52383dd5938/elements - {"using":"xpath","value":"//*[@id=\"__box22-arrow\"]"}
RESULT: {"using":"xpath","value":"//*[@id=\"__box22-arrow\"]"}
COMMAND: POST /session/e537112f6f31df0d8590d52383dd5938/elements - {"using":"xpath","value":"//*[@id=\"__box22-arrow\"]"}
RESULT: {"using":"xpath","value":"//*[@id=\"__box22-arrow\"]"}
COMMAND: POST /session/e537112f6f31df0d8590d52383dd5938/elements - {"using":"xpath","value":"//*[@id=\"__box22-arrow\"]"}
RESULT: {"using":"xpath","value":"//*[@id=\"__box22-arrow\"]"}
COMMAND: POST /session/e537112f6f31df0d8590d52383dd5938/elements - {"using":"xpath","value":"//*[@id=\"__box22-arrow\"]"}
RESULT: {"using":"xpath","value":"//*[@id=\"__box22-arrow\"]"}
COMMAND: POST /session/e537112f6f31df0d8590d52383dd5938/elements - {"using":"xpath","value":"//*[@id=\"__box22-arrow\"]"}
RESULT: {"using":"xpath","value":"//*[@id=\"__box22-arrow\"]"}
COMMAND: POST /session/e537112f6f31df0d8590d52383dd5938/elements - {"using":"xpath","value":"//*[@id=\"__box22-arrow\"]"}
RESULT: {"using":"xpath","value":"//*[@id=\"__box22-arrow\"]"}
COMMAND: POST /session/e537112f6f31df0d8590d52383dd5938/elements - {"using":"xpath","value":"//*[@id=\"__box22-arrow\"]"}
RESULT: {"using":"xpath","value":"//*[@id=\"__box22-arrow\"]"}
COMMAND: POST /session/e537112f6f31df0d8590d52383dd5938/elements - {"using":"xpath","value":"//*[@id=\"__box22-arrow\"]"}
RESULT: {"using":"xpath","value":"//*[@id=\"__box22-arrow\"]"}
COMMAND: POST /session/e537112f6f31df0d8590d52383dd5938/elements - {"using":"xpath","value":"//*[@id=\"__box22-arrow\"]"}
RESULT: {"using":"xpath","value":"//*[@id=\"__box22-arrow\"]"}
COMMAND: POST /session/e537112f6f31df0d8590d52383dd5938/elements - {"using":"xpath","value":"//*[@id=\"__box22-arrow\"]"}
RESULT: {"using":"xpath","value":"//*[@id=\"__box22-arrow\"]"}
COMMAND: POST /session/e537112f6f31df0d8590d52383dd5938/elements - {"using":"xpath","value":"//*[@id=\"__box22-arrow\"]"}
RESULT: {"using":"xpath","value":"//*[@id=\"__box22-arrow\"]"}
COMMAND: POST /session/e537112f6f31df0d8590d52383dd5938/elements - {"using":"xpath","value":"//*[@id=\"__box22-arrow\"]"}
RESULT: {"using":"xpath","value":"//*[@id=\"__box22-arrow\"]"}
COMMAND: POST /session/e537112f6f31df0d8590d52383dd5938/elements - {"using":"xpath","value":"//*[@id=\"__box22-arrow\"]"}
RESULT: {"using":"xpath","value":"//*[@id=\"__box22-arrow\"]"}
COMMAND: POST /session/e537112f6f31df0d8590d52383dd5938/elements - {"using":"xpath","value":"//*[@id=\"__box22-arrow\"]"}
RESULT: {"using":"xpath","value":"//*[@id=\"__box22-arrow\"]"}
COMMAND: POST /session/e537112f6f31df0d8590d52383dd5938/elements - {"using":"xpath","value":"//*[@id=\"__box22-arrow\"]"}
RESULT: {"using":"xpath","value":"//*[@id=\"__box22-arrow\"]"}
COMMAND: POST /session/e537112f6f31df0d8590d52383dd5938/elements - {"using":"xpath","value":"//*[@id=\"__box22-arrow\"]"}
RESULT: {"using":"xpath","value":"//*[@id=\"__box22-arrow\"]"}
COMMAND: POST /session/e537112f6f31df0d8590d52383dd5938/elements - {"using":"xpath","value":"//*[@id=\"__box22-arrow\"]"}
RESULT: {"using":"xpath","value":"//*[@id=\"__box22-arrow\"]"}
COMMAND: POST /session/e537112f6f31df0d8590d52383dd5938/elements - {"using":"xpath","value":"//*[@id=\"__box22-arrow\"]"}
RESULT: {"using":"xpath","value":"//*[@id=\"__box22-arrow\"]"}
COMMAND: POST /session/e537112f6f31df0d8590d52383dd5938/elements - {"using":"xpath","value":"//*[@id=\"__box22-arrow\"]"}
RESULT: {"using":"xpath","value":"//*[@id=\"__box22-arrow\"]"}
COMMAND: POST /session/e537112f6f31df0d8590d52383dd5938/elements - {"using":"xpath","value":"//*[@id=\"__box22-arrow\"]"}
RESULT: {"using":"xpath","value":"//*[@id=\"__box22-arrow\"]"}
COMMAND: POST /session/e537112f6f31df0d8590d52383dd5938/elements - {"using":"xpath","value":"//*[@id=\"__box22-arrow\"]"}
RESULT: {"using":"xpath","value":"//*[@id=\"__box22-arrow\"]"}
COMMAND: POST /session/e537112f6f31df0d8590d52383dd5938/elements - {"using":"xpath","value":"//*[@id=\"__box22-arrow\"]"}
RESULT: {"using":"xpath","value":"//*[@id=\"__box22-arrow\"]"}
COMMAND: POST /session/e537112f6f31df0d8590d52383dd5938/elements - {"using":"xpath","value":"//*[@id=\"__box22-arrow\"]"}
RESULT: {"using":"xpath","value":"//*[@id=\"__box22-arrow\"]"}
COMMAND: POST /session/e537112f6f31df0d8590d52383dd5938/elements - {"using":"xpath","value":"//*[@id=\"__box22-arrow\"]"}
RESULT: {"using":"xpath","value":"//*[@id=\"__box22-arrow\"]"}
COMMAND: POST /session/e537112f6f31df0d8590d52383dd5938/elements - {"using":"xpath","value":"//*[@id=\"__box22-arrow\"]"}
RESULT: {"using":"xpath","value":"//*[@id=\"__box22-arrow\"]"}
COMMAND: POST /session/e537112f6f31df0d8590d52383dd5938/elements - {"using":"xpath","value":"//*[@id=\"__box22-arrow\"]"}
RESULT: {"using":"xpath","value":"//*[@id=\"__box22-arrow\"]"}
COMMAND: POST /session/e537112f6f31df0d8590d52383dd5938/elements - {"using":"xpath","value":"//*[@id=\"__box22-arrow\"]"}
RESULT: {"using":"xpath","value":"//*[@id=\"__box22-arrow\"]"}
COMMAND: POST /session/e537112f6f31df0d8590d52383dd5938/elements - {"using":"xpath","value":"//*[@id=\"__box22-arrow\"]"}
RESULT: {"using":"xpath","value":"//*[@id=\"__box22-arrow\"]"}
COMMAND: POST /session/e537112f6f31df0d8590d52383dd5938/elements - {"using":"xpath","value":"//*[@id=\"__box22-arrow\"]"}
RESULT: {"using":"xpath","value":"//*[@id=\"__box22-arrow\"]"}
COMMAND: POST /session/e537112f6f31df0d8590d52383dd5938/elements - {"using":"xpath","value":"//*[@id=\"__box22-arrow\"]"}
RESULT: {"using":"xpath","value":"//*[@id=\"__box22-arrow\"]"}
COMMAND: POST /session/e537112f6f31df0d8590d52383dd5938/elements - {"using":"xpath","value":"//*[@id=\"__box22-arrow\"]"}
RESULT: {"using":"xpath","value":"//*[@id=\"__box22-arrow\"]"}
COMMAND: POST /session/e537112f6f31df0d8590d52383dd5938/elements - {"using":"xpath","value":"//*[@id=\"__box22-arrow\"]"}
RESULT: {"using":"xpath","value":"//*[@id=\"__box22-arrow\"]"}
COMMAND: POST /session/e537112f6f31df0d8590d52383dd5938/elements - {"using":"xpath","value":"//*[@id=\"__box22-arrow\"]"}
RESULT: {"using":"xpath","value":"//*[@id=\"__box22-arrow\"]"}
COMMAND: POST /session/e537112f6f31df0d8590d52383dd5938/elements - {"using":"xpath","value":"//*[@id=\"__box22-arrow\"]"}
RESULT: {"using":"xpath","value":"//*[@id=\"__box22-arrow\"]"}
COMMAND: POST /session/e537112f6f31df0d8590d52383dd5938/elements - {"using":"xpath","value":"//*[@id=\"__box22-arrow\"]"}
RESULT: {"using":"xpath","value":"//*[@id=\"__box22-arrow\"]"}
COMMAND: POST /session/e537112f6f31df0d8590d52383dd5938/elements - {"using":"xpath","value":"//*[@id=\"__box22-arrow\"]"}
RESULT: {"using":"xpath","value":"//*[@id=\"__box22-arrow\"]"}
COMMAND: POST /session/e537112f6f31df0d8590d52383dd5938/elements - {"using":"xpath","value":"//*[@id=\"__box22-arrow\"]"}
RESULT: {"using":"xpath","value":"//*[@id=\"__box22-arrow\"]"}
COMMAND: POST /session/e537112f6f31df0d8590d52383dd5938/elements - {"using":"xpath","value":"//*[@id=\"__box22-arrow\"]"}
RESULT: {"using":"xpath","value":"//*[@id=\"__box22-arrow\"]"}
COMMAND: POST /session/e537112f6f31df0d8590d52383dd5938/elements - {"using":"xpath","value":"//*[@id=\"__box22-arrow\"]"}
RESULT: {"using":"xpath","value":"//*[@id=\"__box22-arrow\"]"}
COMMAND: POST /session/e537112f6f31df0d8590d52383dd5938/elements - {"using":"xpath","value":"//*[@id=\"__box22-arrow\"]"}
RESULT: {"using":"xpath","value":"//*[@id=\"__box22-arrow\"]"}
COMMAND: POST /session/e537112f6f31df0d8590d52383dd5938/elements - {"using":"xpath","value":"//*[@id=\"__box22-arrow\"]"}
RESULT: {"using":"xpath","value":"//*[@id=\"__box22-arrow\"]"}
COMMAND: POST /session/e537112f6f31df0d8590d52383dd5938/elements - {"using":"xpath","value":"//*[@id=\"__box22-arrow\"]"}
RESULT: {"using":"xpath","value":"//*[@id=\"__box22-arrow\"]"}
COMMAND: POST /session/e537112f6f31df0d8590d52383dd5938/elements - {"using":"xpath","value":"//*[@id=\"__box22-arrow\"]"}
RESULT: {"using":"xpath","value":"//*[@id=\"__box22-arrow\"]"}
COMMAND: POST /session/e537112f6f31df0d8590d52383dd5938/elements - {"using":"xpath","value":"//*[@id=\"__box22-arrow\"]"}
RESULT: {"using":"xpath","value":"//*[@id=\"__box22-arrow\"]"}
COMMAND: POST /session/e537112f6f31df0d8590d52383dd5938/elements - {"using":"xpath","value":"//*[@id=\"__box22-arrow\"]"}
RESULT: {"using":"xpath","value":"//*[@id=\"__box22-arrow\"]"}
COMMAND: POST /session/e537112f6f31df0d8590d52383dd5938/elements - {"using":"xpath","value":"//*[@id=\"__box22-arrow\"]"}
RESULT: {"using":"xpath","value":"//*[@id=\"__box22-arrow\"]"}
COMMAND: POST /session/e537112f6f31df0d8590d52383dd5938/elements - {"using":"xpath","value":"//*[@id=\"__box22-arrow\"]"}
RESULT: {"using":"xpath","value":"//*[@id=\"__box22-arrow\"]"}
COMMAND: POST /session/e537112f6f31df0d8590d52383dd5938/elements - {"using":"xpath","value":"//*[@id=\"__box22-arrow\"]"}
RESULT: {"using":"xpath","value":"//*[@id=\"__box22-arrow\"]"}
COMMAND: POST /session/e537112f6f31df0d8590d52383dd5938/elements - {"using":"xpath","value":"//*[@id=\"__box22-arrow\"]"}
RESULT: {"using":"xpath","value":"//*[@id=\"__box22-arrow\"]"}
COMMAND: POST /session/e537112f6f31df0d8590d52383dd5938/elements - {"using":"xpath","value":"//*[@id=\"__box22-arrow\"]"}
RESULT: {"using":"xpath","value":"//*[@id=\"__box22-arrow\"]"}
COMMAND: POST /session/e537112f6f31df0d8590d52383dd5938/elements - {"using":"xpath","value":"//*[@id=\"__box22-arrow\"]"}
RESULT: {"using":"xpath","value":"//*[@id=\"__box22-arrow\"]"}
COMMAND: POST /session/e537112f6f31df0d8590d52383dd5938/elements - {"using":"xpath","value":"//*[@id=\"__box22-arrow\"]"}
RESULT: {"using":"xpath","value":"//*[@id=\"__box22-arrow\"]"}
COMMAND: POST /session/e537112f6f31df0d8590d52383dd5938/elements - {"using":"xpath","value":"//*[@id=\"__box22-arrow\"]"}
RESULT: {"using":"xpath","value":"//*[@id=\"__box22-arrow\"]"}
COMMAND: POST /session/e537112f6f31df0d8590d52383dd5938/elements - {"using":"xpath","value":"//*[@id=\"__box22-arrow\"]"}
RESULT: {"using":"xpath","value":"//*[@id=\"__box22-arrow\"]"}
COMMAND: POST /session/e537112f6f31df0d8590d52383dd5938/elements - {"using":"xpath","value":"//*[@id=\"__box22-arrow\"]"}
RESULT: {"using":"xpath","value":"//*[@id=\"__box22-arrow\"]"}
COMMAND: POST /session/e537112f6f31df0d8590d52383dd5938/elements - {"using":"xpath","value":"//*[@id=\"__box22-arrow\"]"}
RESULT: {"using":"xpath","value":"//*[@id=\"__box22-arrow\"]"}
COMMAND: POST /session/e537112f6f31df0d8590d52383dd5938/elements - {"using":"xpath","value":"//*[@id=\"__box22-arrow\"]"}
RESULT: {"using":"xpath","value":"//*[@id=\"__box22-arrow\"]"}
COMMAND: POST /session/e537112f6f31df0d8590d52383dd5938/elements - {"using":"xpath","value":"//*[@id=\"__box22-arrow\"]"}
RESULT: {"using":"xpath","value":"//*[@id=\"__box22-arrow\"]"}
COMMAND: POST /session/e537112f6f31df0d8590d52383dd5938/elements - {"using":"xpath","value":"//*[@id=\"__box22-arrow\"]"}
RESULT: {"using":"xpath","value":"//*[@id=\"__box22-arrow\"]"}
COMMAND: POST /session/e537112f6f31df0d8590d52383dd5938/elements - {"using":"xpath","value":"//*[@id=\"__box22-arrow\"]"}
RESULT: {"using":"xpath","value":"//*[@id=\"__box22-arrow\"]"}
COMMAND: POST /session/e537112f6f31df0d8590d52383dd5938/elements - {"using":"xpath","value":"//*[@id=\"__box22-arrow\"]"}
RESULT: {"using":"xpath","value":"//*[@id=\"__box22-arrow\"]"}
COMMAND: POST /session/e537112f6f31df0d8590d52383dd5938/elements - {"using":"xpath","value":"//*[@id=\"__box22-arrow\"]"}
RESULT: {"using":"xpath","value":"//*[@id=\"__box22-arrow\"]"}
COMMAND: POST /session/e537112f6f31df0d8590d52383dd5938/elements - {"using":"xpath","value":"//*[@id=\"__box22-arrow\"]"}
RESULT: {"using":"xpath","value":"//*[@id=\"__box22-arrow\"]"}
COMMAND: POST /session/e537112f6f31df0d8590d52383dd5938/elements - {"using":"xpath","value":"//*[@id=\"__box22-arrow\"]"}
RESULT: {"using":"xpath","value":"//*[@id=\"__box22-arrow\"]"}
COMMAND: POST /session/e537112f6f31df0d8590d52383dd5938/elements - {"using":"xpath","value":"//*[@id=\"__box22-arrow\"]"}
RESULT: {"using":"xpath","value":"//*[@id=\"__box22-arrow\"]"}
COMMAND: POST /session/e537112f6f31df0d8590d52383dd5938/elements - {"using":"xpath","value":"//*[@id=\"__box22-arrow\"]"}
RESULT: {"using":"xpath","value":"//*[@id=\"__box22-arrow\"]"}
COMMAND: POST /session/e537112f6f31df0d8590d52383dd5938/elements - {"using":"xpath","value":"//*[@id=\"__box22-arrow\"]"}
RESULT: {"using":"xpath","value":"//*[@id=\"__box22-arrow\"]"}
COMMAND: POST /session/e537112f6f31df0d8590d52383dd5938/elements - {"using":"xpath","value":"//*[@id=\"__box22-arrow\"]"}
RESULT: {"using":"xpath","value":"//*[@id=\"__box22-arrow\"]"}
COMMAND: POST /session/e537112f6f31df0d8590d52383dd5938/elements - {"using":"xpath","value":"//*[@id=\"__box22-arrow\"]"}
RESULT: {"using":"xpath","value":"//*[@id=\"__box22-arrow\"]"}
COMMAND: POST /session/e537112f6f31df0d8590d52383dd5938/elements - {"using":"xpath","value":"//*[@id=\"__box22-arrow\"]"}
RESULT: {"using":"xpath","value":"//*[@id=\"__box22-arrow\"]"}
COMMAND: POST /session/e537112f6f31df0d8590d52383dd5938/elements - {"using":"xpath","value":"//*[@id=\"__box22-arrow\"]"}
RESULT: {"using":"xpath","value":"//*[@id=\"__box22-arrow\"]"}
COMMAND: POST /session/e537112f6f31df0d8590d52383dd5938/elements - {"using":"xpath","value":"//*[@id=\"__box22-arrow\"]"}
RESULT: {"using":"xpath","value":"//*[@id=\"__box22-arrow\"]"}
COMMAND: POST /session/e537112f6f31df0d8590d52383dd5938/elements - {"using":"xpath","value":"//*[@id=\"__box22-arrow\"]"}
RESULT: {"using":"xpath","value":"//*[@id=\"__box22-arrow\"]"}
COMMAND: POST /session/e537112f6f31df0d8590d52383dd5938/elements - {"using":"xpath","value":"//*[@id=\"__box22-arrow\"]"}
RESULT: {"using":"xpath","value":"//*[@id=\"__box22-arrow\"]"}
COMMAND: POST /session/e537112f6f31df0d8590d52383dd5938/elements - {"using":"xpath","value":"//*[@id=\"__box22-arrow\"]"}
RESULT: {"using":"xpath","value":"//*[@id=\"__box22-arrow\"]"}
COMMAND: POST /session/e537112f6f31df0d8590d52383dd5938/elements - {"using":"xpath","value":"//*[@id=\"__box22-arrow\"]"}
RESULT: {"using":"xpath","value":"//*[@id=\"__box22-arrow\"]"}
COMMAND: POST /session/e537112f6f31df0d8590d52383dd5938/elements - {"using":"xpath","value":"//*[@id=\"__box22-arrow\"]"}
RESULT: {"using":"xpath","value":"//*[@id=\"__box22-arrow\"]"}
COMMAND: POST /session/e537112f6f31df0d8590d52383dd5938/elements - {"using":"xpath","value":"//*[@id=\"__box22-arrow\"]"}
RESULT: {"using":"xpath","value":"//*[@id=\"__box22-arrow\"]"}
COMMAND: POST /session/e537112f6f31df0d8590d52383dd5938/elements - {"using":"xpath","value":"//*[@id=\"__box22-arrow\"]"}
RESULT: {"using":"xpath","value":"//*[@id=\"__box22-arrow\"]"}
COMMAND: POST /session/e537112f6f31df0d8590d52383dd5938/elements - {"using":"xpath","value":"//*[@id=\"__box22-arrow\"]"}
RESULT: {"using":"xpath","value":"//*[@id=\"__box22-arrow\"]"}
COMMAND: POST /session/e537112f6f31df0d8590d52383dd5938/elements - {"using":"xpath","value":"//*[@id=\"__box22-arrow\"]"}
RESULT: {"using":"xpath","value":"//*[@id=\"__box22-arrow\"]"}
COMMAND: POST /session/e537112f6f31df0d8590d52383dd5938/elements - {"using":"xpath","value":"//*[@id=\"__box22-arrow\"]"}
RESULT: {"using":"xpath","value":"//*[@id=\"__box22-arrow\"]"}
COMMAND: POST /session/e537112f6f31df0d8590d52383dd5938/elements - {"using":"xpath","value":"//*[@id=\"__box22-arrow\"]"}
RESULT: {"using":"xpath","value":"//*[@id=\"__box22-arrow\"]"}
COMMAND: POST /session/e537112f6f31df0d8590d52383dd5938/elements - {"using":"xpath","value":"//*[@id=\"__box22-arrow\"]"}
RESULT: {"using":"xpath","value":"//*[@id=\"__box22-arrow\"]"}
COMMAND: POST /session/e537112f6f31df0d8590d52383dd5938/elements - {"using":"xpath","value":"//*[@id=\"__box22-arrow\"]"}
RESULT: {"using":"xpath","value":"//*[@id=\"__box22-arrow\"]"}
COMMAND: POST /session/e537112f6f31df0d8590d52383dd5938/elements - {"using":"xpath","value":"//*[@id=\"__box22-arrow\"]"}
RESULT: {"using":"xpath","value":"//*[@id=\"__box22-arrow\"]"}
COMMAND: POST /session/e537112f6f31df0d8590d52383dd5938/elements - {"using":"xpath","value":"//*[@id=\"__box22-arrow\"]"}
RESULT: {"using":"xpath","value":"//*[@id=\"__box22-arrow\"]"}
COMMAND: POST /session/e537112f6f31df0d8590d52383dd5938/elements - {"using":"xpath","value":"//*[@id=\"__box22-arrow\"]"}
RESULT: {"using":"xpath","value":"//*[@id=\"__box22-arrow\"]"}
COMMAND: POST /session/e537112f6f31df0d8590d52383dd5938/elements - {"using":"xpath","value":"//*[@id=\"__box22-arrow\"]"}
RESULT: {"using":"xpath","value":"//*[@id=\"__box22-arrow\"]"}
COMMAND: POST /session/e537112f6f31df0d8590d52383dd5938/elements - {"using":"xpath","value":"//*[@id=\"__box22-arrow\"]"}
RESULT: {"using":"xpath","value":"//*[@id=\"__box22-arrow\"]"}
COMMAND: POST /session/e537112f6f31df0d8590d52383dd5938/elements - {"using":"xpath","value":"//*[@id=\"__box22-arrow\"]"}
RESULT: {"using":"xpath","value":"//*[@id=\"__box22-arrow\"]"}
COMMAND: POST /session/e537112f6f31df0d8590d52383dd5938/elements - {"using":"xpath","value":"//*[@id=\"__box22-arrow\"]"}
RESULT: {"using":"xpath","value":"//*[@id=\"__box22-arrow\"]"}
COMMAND: POST /session/e537112f6f31df0d8590d52383dd5938/elements - {"using":"xpath","value":"//*[@id=\"__box22-arrow\"]"}
RESULT: {"using":"xpath","value":"//*[@id=\"__box22-arrow\"]"}
COMMAND: POST /session/e537112f6f31df0d8590d52383dd5938/elements - {"using":"xpath","value":"//*[@id=\"__box22-arrow\"]"}
RESULT: {"using":"xpath","value":"//*[@id=\"__box22-arrow\"]"}
COMMAND: POST /session/e537112f6f31df0d8590d52383dd5938/elements - {"using":"xpath","value":"//*[@id=\"__box22-arrow\"]"}
RESULT: {"using":"xpath","value":"//*[@id=\"__box22-arrow\"]"}
COMMAND: POST /session/e537112f6f31df0d8590d52383dd5938/elements - {"using":"xpath","value":"//*[@id=\"__box22-arrow\"]"}
RESULT: {"using":"xpath","value":"//*[@id=\"__box22-arrow\"]"}
COMMAND: POST /session/e537112f6f31df0d8590d52383dd5938/elements - {"using":"xpath","value":"//*[@id=\"__box22-arrow\"]"}
RESULT: {"using":"xpath","value":"//*[@id=\"__box22-arrow\"]"}
COMMAND: POST /session/e537112f6f31df0d8590d52383dd5938/elements - {"using":"xpath","value":"//*[@id=\"__box22-arrow\"]"}
RESULT: {"using":"xpath","value":"//*[@id=\"__box22-arrow\"]"}
COMMAND: POST /session/e537112f6f31df0d8590d52383dd5938/elements - {"using":"xpath","value":"//*[@id=\"__box22-arrow\"]"}
RESULT: {"using":"xpath","value":"//*[@id=\"__box22-arrow\"]"}
COMMAND: POST /session/e537112f6f31df0d8590d52383dd5938/elements - {"using":"xpath","value":"//*[@id=\"__box22-arrow\"]"}
RESULT: {"using":"xpath","value":"//*[@id=\"__box22-arrow\"]"}
COMMAND: POST /session/e537112f6f31df0d8590d52383dd5938/elements - {"using":"xpath","value":"//*[@id=\"__box22-arrow\"]"}
RESULT: {"using":"xpath","value":"//*[@id=\"__box22-arrow\"]"}
COMMAND: POST /session/e537112f6f31df0d8590d52383dd5938/elements - {"using":"xpath","value":"//*[@id=\"__box22-arrow\"]"}
RESULT: {"using":"xpath","value":"//*[@id=\"__box22-arrow\"]"}
COMMAND: POST /session/e537112f6f31df0d8590d52383dd5938/elements - {"using":"xpath","value":"//*[@id=\"__box22-arrow\"]"}
RESULT: {"using":"xpath","value":"//*[@id=\"__box22-arrow\"]"}
COMMAND: POST /session/e537112f6f31df0d8590d52383dd5938/elements - {"using":"xpath","value":"//*[@id=\"__box22-arrow\"]"}
RESULT: {"using":"xpath","value":"//*[@id=\"__box22-arrow\"]"}
COMMAND: POST /session/e537112f6f31df0d8590d52383dd5938/elements - {"using":"xpath","value":"//*[@id=\"__box22-arrow\"]"}
RESULT: {"using":"xpath","value":"//*[@id=\"__box22-arrow\"]"}
COMMAND: POST /session/e537112f6f31df0d8590d52383dd5938/elements - {"using":"xpath","value":"//*[@id=\"__box22-arrow\"]"}
RESULT: {"using":"xpath","value":"//*[@id=\"__box22-arrow\"]"}
COMMAND: POST /session/e537112f6f31df0d8590d52383dd5938/elements - {"using":"xpath","value":"//*[@id=\"__box22-arrow\"]"}
RESULT: {"using":"xpath","value":"//*[@id=\"__box22-arrow\"]"}
COMMAND: POST /session/e537112f6f31df0d8590d52383dd5938/elements - {"using":"xpath","value":"//*[@id=\"__box22-arrow\"]"}
RESULT: {"using":"xpath","value":"//*[@id=\"__box22-arrow\"]"}
COMMAND: POST /session/e537112f6f31df0d8590d52383dd5938/elements - {"using":"xpath","value":"//*[@id=\"__box22-arrow\"]"}
RESULT: {"using":"xpath","value":"//*[@id=\"__box22-arrow\"]"}
COMMAND: POST /session/e537112f6f31df0d8590d52383dd5938/elements - {"using":"xpath","value":"//*[@id=\"__box22-arrow\"]"}
RESULT: {"using":"xpath","value":"//*[@id=\"__box22-arrow\"]"}
COMMAND: POST /session/e537112f6f31df0d8590d52383dd5938/elements - {"using":"xpath","value":"//*[@id=\"__box22-arrow\"]"}
RESULT: {"using":"xpath","value":"//*[@id=\"__box22-arrow\"]"}
COMMAND: POST /session/e537112f6f31df0d8590d52383dd5938/elements - {"using":"xpath","value":"//*[@id=\"__box22-arrow\"]"}
RESULT: {"using":"xpath","value":"//*[@id=\"__box22-arrow\"]"}
COMMAND: POST /session/e537112f6f31df0d8590d52383dd5938/elements - {"using":"xpath","value":"//*[@id=\"__box22-arrow\"]"}
RESULT: {"using":"xpath","value":"//*[@id=\"__box22-arrow\"]"}
COMMAND: POST /session/e537112f6f31df0d8590d52383dd5938/elements - {"using":"xpath","value":"//*[@id=\"__box22-arrow\"]"}
RESULT: {"using":"xpath","value":"//*[@id=\"__box22-arrow\"]"}
COMMAND: POST /session/e537112f6f31df0d8590d52383dd5938/elements - {"using":"xpath","value":"//*[@id=\"__box22-arrow\"]"}
RESULT: {"using":"xpath","value":"//*[@id=\"__box22-arrow\"]"}
COMMAND: POST /session/e537112f6f31df0d8590d52383dd5938/elements - {"using":"xpath","value":"//*[@id=\"__box22-arrow\"]"}
RESULT: {"using":"xpath","value":"//*[@id=\"__box22-arrow\"]"}
COMMAND: POST /session/e537112f6f31df0d8590d52383dd5938/element - {"using":"xpath","value":"//li[.//span[text()= \"Webshop Catalog\"]]"}
RESULT: {"using":"xpath","value":"//li[.//span[text()= \"Webshop Catalog\"]]"}
COMMAND: POST /session/e537112f6f31df0d8590d52383dd5938/elements - {"using":"xpath","value":"//li[.//span[text()= \"Webshop Catalog\"]]"}
RESULT: {"using":"xpath","value":"//li[.//span[text()= \"Webshop Catalog\"]]"}
COMMAND: POST /session/e537112f6f31df0d8590d52383dd5938/elements - {"using":"xpath","value":"//li[.//span[text()= \"Webshop Catalog\"]]"}
RESULT: {"using":"xpath","value":"//li[.//span[text()= \"Webshop Catalog\"]]"}
COMMAND: POST /session/e537112f6f31df0d8590d52383dd5938/elements - {"using":"xpath","value":"//li[.//span[text()= \"Webshop Catalog\"]]"}
RESULT: {"using":"xpath","value":"//li[.//span[text()= \"Webshop Catalog\"]]"}
COMMAND: POST /session/e537112f6f31df0d8590d52383dd5938/elements - {"using":"xpath","value":"//li[.//span[text()= \"Webshop Catalog\"]]"}
RESULT: {"using":"xpath","value":"//li[.//span[text()= \"Webshop Catalog\"]]"}
COMMAND: POST /session/e537112f6f31df0d8590d52383dd5938/elements - {"using":"xpath","value":"//li[.//span[text()= \"Webshop Catalog\"]]"}
RESULT: {"using":"xpath","value":"//li[.//span[text()= \"Webshop Catalog\"]]"}
COMMAND: POST /session/e537112f6f31df0d8590d52383dd5938/elements - {"using":"xpath","value":"//li[.//span[text()= \"Webshop Catalog\"]]"}
RESULT: {"using":"xpath","value":"//li[.//span[text()= \"Webshop Catalog\"]]"}
COMMAND: POST /session/e537112f6f31df0d8590d52383dd5938/elements - {"using":"xpath","value":"//li[.//span[text()= \"Webshop Catalog\"]]"}
RESULT: {"using":"xpath","value":"//li[.//span[text()= \"Webshop Catalog\"]]"}
COMMAND: POST /session/e537112f6f31df0d8590d52383dd5938/elements - {"using":"xpath","value":"//li[.//span[text()= \"Webshop Catalog\"]]"}
RESULT: {"using":"xpath","value":"//li[.//span[text()= \"Webshop Catalog\"]]"}
COMMAND: POST /session/e537112f6f31df0d8590d52383dd5938/elements - {"using":"xpath","value":"//li[.//span[text()= \"Webshop Catalog\"]]"}
RESULT: {"using":"xpath","value":"//li[.//span[text()= \"Webshop Catalog\"]]"}
COMMAND: POST /session/e537112f6f31df0d8590d52383dd5938/elements - {"using":"xpath","value":"//li[.//span[text()= \"Webshop Catalog\"]]"}
RESULT: {"using":"xpath","value":"//li[.//span[text()= \"Webshop Catalog\"]]"}
COMMAND: POST /session/e537112f6f31df0d8590d52383dd5938/elements - {"using":"xpath","value":"//li[.//span[text()= \"Webshop Catalog\"]]"}
RESULT: {"using":"xpath","value":"//li[.//span[text()= \"Webshop Catalog\"]]"}
COMMAND: POST /session/e537112f6f31df0d8590d52383dd5938/elements - {"using":"xpath","value":"//li[.//span[text()= \"Webshop Catalog\"]]"}
RESULT: {"using":"xpath","value":"//li[.//span[text()= \"Webshop Catalog\"]]"}
COMMAND: POST /session/e537112f6f31df0d8590d52383dd5938/elements - {"using":"xpath","value":"//li[.//span[text()= \"Webshop Catalog\"]]"}
RESULT: {"using":"xpath","value":"//li[.//span[text()= \"Webshop Catalog\"]]"}
COMMAND: POST /session/e537112f6f31df0d8590d52383dd5938/elements - {"using":"xpath","value":"//li[.//span[text()= \"Webshop Catalog\"]]"}
RESULT: {"using":"xpath","value":"//li[.//span[text()= \"Webshop Catalog\"]]"}
COMMAND: POST /session/e537112f6f31df0d8590d52383dd5938/elements - {"using":"xpath","value":"//li[.//span[text()= \"Webshop Catalog\"]]"}
RESULT: {"using":"xpath","value":"//li[.//span[text()= \"Webshop Catalog\"]]"}
COMMAND: POST /session/e537112f6f31df0d8590d52383dd5938/elements - {"using":"xpath","value":"//li[.//span[text()= \"Webshop Catalog\"]]"}
RESULT: {"using":"xpath","value":"//li[.//span[text()= \"Webshop Catalog\"]]"}
COMMAND: POST /session/e537112f6f31df0d8590d52383dd5938/elements - {"using":"xpath","value":"//li[.//span[text()= \"Webshop Catalog\"]]"}
RESULT: {"using":"xpath","value":"//li[.//span[text()= \"Webshop Catalog\"]]"}
COMMAND: POST /session/e537112f6f31df0d8590d52383dd5938/elements - {"using":"xpath","value":"//li[.//span[text()= \"Webshop Catalog\"]]"}
RESULT: {"using":"xpath","value":"//li[.//span[text()= \"Webshop Catalog\"]]"}
COMMAND: POST /session/e537112f6f31df0d8590d52383dd5938/elements - {"using":"xpath","value":"//li[.//span[text()= \"Webshop Catalog\"]]"}
RESULT: {"using":"xpath","value":"//li[.//span[text()= \"Webshop Catalog\"]]"}
COMMAND: POST /session/e537112f6f31df0d8590d52383dd5938/elements - {"using":"xpath","value":"//li[.//span[text()= \"Webshop Catalog\"]]"}
RESULT: {"using":"xpath","value":"//li[.//span[text()= \"Webshop Catalog\"]]"}
COMMAND: POST /session/e537112f6f31df0d8590d52383dd5938/elements - {"using":"xpath","value":"//li[.//span[text()= \"Webshop Catalog\"]]"}
RESULT: {"using":"xpath","value":"//li[.//span[text()= \"Webshop Catalog\"]]"}
COMMAND: POST /session/e537112f6f31df0d8590d52383dd5938/elements - {"using":"xpath","value":"//li[.//span[text()= \"Webshop Catalog\"]]"}
RESULT: {"using":"xpath","value":"//li[.//span[text()= \"Webshop Catalog\"]]"}
COMMAND: POST /session/e537112f6f31df0d8590d52383dd5938/elements - {"using":"xpath","value":"//li[.//span[text()= \"Webshop Catalog\"]]"}
RESULT: {"using":"xpath","value":"//li[.//span[text()= \"Webshop Catalog\"]]"}
COMMAND: POST /session/e537112f6f31df0d8590d52383dd5938/elements - {"using":"xpath","value":"//li[.//span[text()= \"Webshop Catalog\"]]"}
RESULT: {"using":"xpath","value":"//li[.//span[text()= \"Webshop Catalog\"]]"}
COMMAND: POST /session/e537112f6f31df0d8590d52383dd5938/elements - {"using":"xpath","value":"//li[.//span[text()= \"Webshop Catalog\"]]"}
RESULT: {"using":"xpath","value":"//li[.//span[text()= \"Webshop Catalog\"]]"}
COMMAND: POST /session/e537112f6f31df0d8590d52383dd5938/elements - {"using":"xpath","value":"//li[.//span[text()= \"Webshop Catalog\"]]"}
RESULT: {"using":"xpath","value":"//li[.//span[text()= \"Webshop Catalog\"]]"}
COMMAND: POST /session/e537112f6f31df0d8590d52383dd5938/elements - {"using":"xpath","value":"//li[.//span[text()= \"Webshop Catalog\"]]"}
RESULT: {"using":"xpath","value":"//li[.//span[text()= \"Webshop Catalog\"]]"}
COMMAND: POST /session/e537112f6f31df0d8590d52383dd5938/elements - {"using":"xpath","value":"//li[.//span[text()= \"Webshop Catalog\"]]"}
RESULT: {"using":"xpath","value":"//li[.//span[text()= \"Webshop Catalog\"]]"}
COMMAND: POST /session/e537112f6f31df0d8590d52383dd5938/elements - {"using":"xpath","value":"//li[.//span[text()= \"Webshop Catalog\"]]"}
RESULT: {"using":"xpath","value":"//li[.//span[text()= \"Webshop Catalog\"]]"}
COMMAND: POST /session/e537112f6f31df0d8590d52383dd5938/elements - {"using":"xpath","value":"//li[.//span[text()= \"Webshop Catalog\"]]"}
RESULT: {"using":"xpath","value":"//li[.//span[text()= \"Webshop Catalog\"]]"}
COMMAND: POST /session/e537112f6f31df0d8590d52383dd5938/elements - {"using":"xpath","value":"//li[.//span[text()= \"Webshop Catalog\"]]"}
RESULT: {"using":"xpath","value":"//li[.//span[text()= \"Webshop Catalog\"]]"}
COMMAND: POST /session/e537112f6f31df0d8590d52383dd5938/elements - {"using":"xpath","value":"//li[.//span[text()= \"Webshop Catalog\"]]"}
RESULT: {"using":"xpath","value":"//li[.//span[text()= \"Webshop Catalog\"]]"}
COMMAND: POST /session/e537112f6f31df0d8590d52383dd5938/elements - {"using":"xpath","value":"//li[.//span[text()= \"Webshop Catalog\"]]"}
RESULT: {"using":"xpath","value":"//li[.//span[text()= \"Webshop Catalog\"]]"}
COMMAND: POST /session/e537112f6f31df0d8590d52383dd5938/elements - {"using":"xpath","value":"//li[.//span[text()= \"Webshop Catalog\"]]"}
RESULT: {"using":"xpath","value":"//li[.//span[text()= \"Webshop Catalog\"]]"}
COMMAND: POST /session/e537112f6f31df0d8590d52383dd5938/elements - {"using":"xpath","value":"//li[.//span[text()= \"Webshop Catalog\"]]"}
RESULT: {"using":"xpath","value":"//li[.//span[text()= \"Webshop Catalog\"]]"}
COMMAND: POST /session/e537112f6f31df0d8590d52383dd5938/elements - {"using":"xpath","value":"//li[.//span[text()= \"Webshop Catalog\"]]"}
RESULT: {"using":"xpath","value":"//li[.//span[text()= \"Webshop Catalog\"]]"}
COMMAND: POST /session/e537112f6f31df0d8590d52383dd5938/elements - {"using":"xpath","value":"//li[.//span[text()= \"Webshop Catalog\"]]"}
RESULT: {"using":"xpath","value":"//li[.//span[text()= \"Webshop Catalog\"]]"}
COMMAND: POST /session/e537112f6f31df0d8590d52383dd5938/elements - {"using":"xpath","value":"//li[.//span[text()= \"Webshop Catalog\"]]"}
RESULT: {"using":"xpath","value":"//li[.//span[text()= \"Webshop Catalog\"]]"}
COMMAND: POST /session/e537112f6f31df0d8590d52383dd5938/elements - {"using":"xpath","value":"//li[.//span[text()= \"Webshop Catalog\"]]"}
RESULT: {"using":"xpath","value":"//li[.//span[text()= \"Webshop Catalog\"]]"}
COMMAND: POST /session/e537112f6f31df0d8590d52383dd5938/elements - {"using":"xpath","value":"//li[.//span[text()= \"Webshop Catalog\"]]"}
RESULT: {"using":"xpath","value":"//li[.//span[text()= \"Webshop Catalog\"]]"}
COMMAND: POST /session/e537112f6f31df0d8590d52383dd5938/elements - {"using":"xpath","value":"//li[.//span[text()= \"Webshop Catalog\"]]"}
RESULT: {"using":"xpath","value":"//li[.//span[text()= \"Webshop Catalog\"]]"}
COMMAND: POST /session/e537112f6f31df0d8590d52383dd5938/elements - {"using":"xpath","value":"//li[.//span[text()= \"Webshop Catalog\"]]"}
RESULT: {"using":"xpath","value":"//li[.//span[text()= \"Webshop Catalog\"]]"}
COMMAND: POST /session/e537112f6f31df0d8590d52383dd5938/elements - {"using":"xpath","value":"//li[.//span[text()= \"Webshop Catalog\"]]"}
RESULT: {"using":"xpath","value":"//li[.//span[text()= \"Webshop Catalog\"]]"}
COMMAND: POST /session/e537112f6f31df0d8590d52383dd5938/elements - {"using":"xpath","value":"//li[.//span[text()= \"Webshop Catalog\"]]"}
RESULT: {"using":"xpath","value":"//li[.//span[text()= \"Webshop Catalog\"]]"}
COMMAND: POST /session/e537112f6f31df0d8590d52383dd5938/elements - {"using":"xpath","value":"//li[.//span[text()= \"Webshop Catalog\"]]"}
RESULT: {"using":"xpath","value":"//li[.//span[text()= \"Webshop Catalog\"]]"}
COMMAND: POST /session/e537112f6f31df0d8590d52383dd5938/elements - {"using":"xpath","value":"//li[.//span[text()= \"Webshop Catalog\"]]"}
RESULT: {"using":"xpath","value":"//li[.//span[text()= \"Webshop Catalog\"]]"}
COMMAND: POST /session/e537112f6f31df0d8590d52383dd5938/elements - {"using":"xpath","value":"//li[.//span[text()= \"Webshop Catalog\"]]"}
RESULT: {"using":"xpath","value":"//li[.//span[text()= \"Webshop Catalog\"]]"}
COMMAND: POST /session/e537112f6f31df0d8590d52383dd5938/elements - {"using":"xpath","value":"//li[.//span[text()= \"Webshop Catalog\"]]"}
RESULT: {"using":"xpath","value":"//li[.//span[text()= \"Webshop Catalog\"]]"}
COMMAND: POST /session/e537112f6f31df0d8590d52383dd5938/elements - {"using":"xpath","value":"//li[.//span[text()= \"Webshop Catalog\"]]"}
RESULT: {"using":"xpath","value":"//li[.//span[text()= \"Webshop Catalog\"]]"}
COMMAND: POST /session/e537112f6f31df0d8590d52383dd5938/elements - {"using":"xpath","value":"//li[.//span[text()= \"Webshop Catalog\"]]"}
RESULT: {"using":"xpath","value":"//li[.//span[text()= \"Webshop Catalog\"]]"}
COMMAND: POST /session/e537112f6f31df0d8590d52383dd5938/elements - {"using":"xpath","value":"//li[.//span[text()= \"Webshop Catalog\"]]"}
RESULT: {"using":"xpath","value":"//li[.//span[text()= \"Webshop Catalog\"]]"}
COMMAND: POST /session/e537112f6f31df0d8590d52383dd5938/elements - {"using":"xpath","value":"//li[.//span[text()= \"Webshop Catalog\"]]"}
RESULT: {"using":"xpath","value":"//li[.//span[text()= \"Webshop Catalog\"]]"}
COMMAND: POST /session/e537112f6f31df0d8590d52383dd5938/elements - {"using":"xpath","value":"//li[.//span[text()= \"Webshop Catalog\"]]"}
RESULT: {"using":"xpath","value":"//li[.//span[text()= \"Webshop Catalog\"]]"}
COMMAND: POST /session/e537112f6f31df0d8590d52383dd5938/elements - {"using":"xpath","value":"//li[.//span[text()= \"Webshop Catalog\"]]"}
RESULT: {"using":"xpath","value":"//li[.//span[text()= \"Webshop Catalog\"]]"}
COMMAND: POST /session/e537112f6f31df0d8590d52383dd5938/elements - {"using":"xpath","value":"//li[.//span[text()= \"Webshop Catalog\"]]"}
RESULT: {"using":"xpath","value":"//li[.//span[text()= \"Webshop Catalog\"]]"}
COMMAND: POST /session/e537112f6f31df0d8590d52383dd5938/elements - {"using":"xpath","value":"//li[.//span[text()= \"Webshop Catalog\"]]"}
RESULT: {"using":"xpath","value":"//li[.//span[text()= \"Webshop Catalog\"]]"}
COMMAND: POST /session/e537112f6f31df0d8590d52383dd5938/elements - {"using":"xpath","value":"//li[.//span[text()= \"Webshop Catalog\"]]"}
RESULT: {"using":"xpath","value":"//li[.//span[text()= \"Webshop Catalog\"]]"}
COMMAND: POST /session/e537112f6f31df0d8590d52383dd5938/elements - {"using":"xpath","value":"//li[.//span[text()= \"Webshop Catalog\"]]"}
RESULT: {"using":"xpath","value":"//li[.//span[text()= \"Webshop Catalog\"]]"}
COMMAND: POST /session/e537112f6f31df0d8590d52383dd5938/elements - {"using":"xpath","value":"//li[.//span[text()= \"Webshop Catalog\"]]"}
RESULT: {"using":"xpath","value":"//li[.//span[text()= \"Webshop Catalog\"]]"}
COMMAND: POST /session/e537112f6f31df0d8590d52383dd5938/elements - {"using":"xpath","value":"//li[.//span[text()= \"Webshop Catalog\"]]"}
RESULT: {"using":"xpath","value":"//li[.//span[text()= \"Webshop Catalog\"]]"}
COMMAND: POST /session/e537112f6f31df0d8590d52383dd5938/elements - {"using":"xpath","value":"//li[.//span[text()= \"Webshop Catalog\"]]"}
RESULT: {"using":"xpath","value":"//li[.//span[text()= \"Webshop Catalog\"]]"}
COMMAND: POST /session/e537112f6f31df0d8590d52383dd5938/elements - {"using":"xpath","value":"//li[.//span[text()= \"Webshop Catalog\"]]"}
RESULT: {"using":"xpath","value":"//li[.//span[text()= \"Webshop Catalog\"]]"}
COMMAND: POST /session/e537112f6f31df0d8590d52383dd5938/elements - {"using":"xpath","value":"//li[.//span[text()= \"Webshop Catalog\"]]"}
RESULT: {"using":"xpath","value":"//li[.//span[text()= \"Webshop Catalog\"]]"}
COMMAND: POST /session/e537112f6f31df0d8590d52383dd5938/elements - {"using":"xpath","value":"//li[.//span[text()= \"Webshop Catalog\"]]"}
RESULT: {"using":"xpath","value":"//li[.//span[text()= \"Webshop Catalog\"]]"}
COMMAND: POST /session/e537112f6f31df0d8590d52383dd5938/elements - {"using":"xpath","value":"//li[.//span[text()= \"Webshop Catalog\"]]"}
RESULT: {"using":"xpath","value":"//li[.//span[text()= \"Webshop Catalog\"]]"}
COMMAND: POST /session/e537112f6f31df0d8590d52383dd5938/elements - {"using":"xpath","value":"//li[.//span[text()= \"Webshop Catalog\"]]"}
RESULT: {"using":"xpath","value":"//li[.//span[text()= \"Webshop Catalog\"]]"}
COMMAND: POST /session/e537112f6f31df0d8590d52383dd5938/elements - {"using":"xpath","value":"//li[.//span[text()= \"Webshop Catalog\"]]"}
RESULT: {"using":"xpath","value":"//li[.//span[text()= \"Webshop Catalog\"]]"}
COMMAND: POST /session/e537112f6f31df0d8590d52383dd5938/elements - {"using":"xpath","value":"//li[.//span[text()= \"Webshop Catalog\"]]"}
RESULT: {"using":"xpath","value":"//li[.//span[text()= \"Webshop Catalog\"]]"}
COMMAND: POST /session/e537112f6f31df0d8590d52383dd5938/elements - {"using":"xpath","value":"//li[.//span[text()= \"Webshop Catalog\"]]"}
RESULT: {"using":"xpath","value":"//li[.//span[text()= \"Webshop Catalog\"]]"}
COMMAND: POST /session/e537112f6f31df0d8590d52383dd5938/elements - {"using":"xpath","value":"//li[.//span[text()= \"Webshop Catalog\"]]"}
RESULT: {"using":"xpath","value":"//li[.//span[text()= \"Webshop Catalog\"]]"}
COMMAND: POST /session/e537112f6f31df0d8590d52383dd5938/elements - {"using":"xpath","value":"//li[.//span[text()= \"Webshop Catalog\"]]"}
RESULT: {"using":"xpath","value":"//li[.//span[text()= \"Webshop Catalog\"]]"}
COMMAND: POST /session/e537112f6f31df0d8590d52383dd5938/elements - {"using":"xpath","value":"//li[.//span[text()= \"Webshop Catalog\"]]"}
RESULT: {"using":"xpath","value":"//li[.//span[text()= \"Webshop Catalog\"]]"}
COMMAND: POST /session/e537112f6f31df0d8590d52383dd5938/elements - {"using":"xpath","value":"//li[.//span[text()= \"Webshop Catalog\"]]"}
RESULT: {"using":"xpath","value":"//li[.//span[text()= \"Webshop Catalog\"]]"}
COMMAND: POST /session/e537112f6f31df0d8590d52383dd5938/elements - {"using":"xpath","value":"//li[.//span[text()= \"Webshop Catalog\"]]"}
RESULT: {"using":"xpath","value":"//li[.//span[text()= \"Webshop Catalog\"]]"}
COMMAND: POST /session/e537112f6f31df0d8590d52383dd5938/elements - {"using":"xpath","value":"//li[.//span[text()= \"Webshop Catalog\"]]"}
RESULT: {"using":"xpath","value":"//li[.//span[text()= \"Webshop Catalog\"]]"}
COMMAND: POST /session/e537112f6f31df0d8590d52383dd5938/elements - {"using":"xpath","value":"//li[.//span[text()= \"Webshop Catalog\"]]"}
RESULT: {"using":"xpath","value":"//li[.//span[text()= \"Webshop Catalog\"]]"}
COMMAND: POST /session/e537112f6f31df0d8590d52383dd5938/elements - {"using":"xpath","value":"//li[.//span[text()= \"Webshop Catalog\"]]"}
RESULT: {"using":"xpath","value":"//li[.//span[text()= \"Webshop Catalog\"]]"}
COMMAND: POST /session/e537112f6f31df0d8590d52383dd5938/elements - {"using":"xpath","value":"//li[.//span[text()= \"Webshop Catalog\"]]"}
RESULT: {"using":"xpath","value":"//li[.//span[text()= \"Webshop Catalog\"]]"}
COMMAND: POST /session/e537112f6f31df0d8590d52383dd5938/elements - {"using":"xpath","value":"//li[.//span[text()= \"Webshop Catalog\"]]"}
RESULT: {"using":"xpath","value":"//li[.//span[text()= \"Webshop Catalog\"]]"}
COMMAND: POST /session/e537112f6f31df0d8590d52383dd5938/elements - {"using":"xpath","value":"//li[.//span[text()= \"Webshop Catalog\"]]"}
RESULT: {"using":"xpath","value":"//li[.//span[text()= \"Webshop Catalog\"]]"}
COMMAND: POST /session/e537112f6f31df0d8590d52383dd5938/elements - {"using":"xpath","value":"//li[.//span[text()= \"Webshop Catalog\"]]"}
RESULT: {"using":"xpath","value":"//li[.//span[text()= \"Webshop Catalog\"]]"}
COMMAND: POST /session/e537112f6f31df0d8590d52383dd5938/elements - {"using":"xpath","value":"//li[.//span[text()= \"Webshop Catalog\"]]"}
RESULT: {"using":"xpath","value":"//li[.//span[text()= \"Webshop Catalog\"]]"}
COMMAND: POST /session/e537112f6f31df0d8590d52383dd5938/elements - {"using":"xpath","value":"//li[.//span[text()= \"Webshop Catalog\"]]"}
RESULT: {"using":"xpath","value":"//li[.//span[text()= \"Webshop Catalog\"]]"}
COMMAND: POST /session/e537112f6f31df0d8590d52383dd5938/elements - {"using":"xpath","value":"//li[.//span[text()= \"Webshop Catalog\"]]"}
RESULT: {"using":"xpath","value":"//li[.//span[text()= \"Webshop Catalog\"]]"}
COMMAND: POST /session/e537112f6f31df0d8590d52383dd5938/elements - {"using":"xpath","value":"//li[.//span[text()= \"Webshop Catalog\"]]"}
RESULT: {"using":"xpath","value":"//li[.//span[text()= \"Webshop Catalog\"]]"}
COMMAND: POST /session/e537112f6f31df0d8590d52383dd5938/elements - {"using":"xpath","value":"//li[.//span[text()= \"Webshop Catalog\"]]"}
RESULT: {"using":"xpath","value":"//li[.//span[text()= \"Webshop Catalog\"]]"}
COMMAND: POST /session/e537112f6f31df0d8590d52383dd5938/elements - {"using":"xpath","value":"//li[.//span[text()= \"Webshop Catalog\"]]"}
RESULT: {"using":"xpath","value":"//li[.//span[text()= \"Webshop Catalog\"]]"}
COMMAND: POST /session/e537112f6f31df0d8590d52383dd5938/elements - {"using":"xpath","value":"//li[.//span[text()= \"Webshop Catalog\"]]"}
RESULT: {"using":"xpath","value":"//li[.//span[text()= \"Webshop Catalog\"]]"}
COMMAND: POST /session/e537112f6f31df0d8590d52383dd5938/elements - {"using":"xpath","value":"//li[.//span[text()= \"Webshop Catalog\"]]"}
RESULT: {"using":"xpath","value":"//li[.//span[text()= \"Webshop Catalog\"]]"}
COMMAND: POST /session/e537112f6f31df0d8590d52383dd5938/elements - {"using":"xpath","value":"//li[.//span[text()= \"Webshop Catalog\"]]"}
RESULT: {"using":"xpath","value":"//li[.//span[text()= \"Webshop Catalog\"]]"}
COMMAND: POST /session/e537112f6f31df0d8590d52383dd5938/elements - {"using":"xpath","value":"//li[.//span[text()= \"Webshop Catalog\"]]"}
RESULT: {"using":"xpath","value":"//li[.//span[text()= \"Webshop Catalog\"]]"}
COMMAND: POST /session/e537112f6f31df0d8590d52383dd5938/elements - {"using":"xpath","value":"//li[.//span[text()= \"Webshop Catalog\"]]"}
RESULT: {"using":"xpath","value":"//li[.//span[text()= \"Webshop Catalog\"]]"}
COMMAND: POST /session/e537112f6f31df0d8590d52383dd5938/elements - {"using":"xpath","value":"//li[.//span[text()= \"Webshop Catalog\"]]"}
RESULT: {"using":"xpath","value":"//li[.//span[text()= \"Webshop Catalog\"]]"}
COMMAND: POST /session/e537112f6f31df0d8590d52383dd5938/elements - {"using":"xpath","value":"//li[.//span[text()= \"Webshop Catalog\"]]"}
RESULT: {"using":"xpath","value":"//li[.//span[text()= \"Webshop Catalog\"]]"}
COMMAND: POST /session/e537112f6f31df0d8590d52383dd5938/elements - {"using":"xpath","value":"//li[.//span[text()= \"Webshop Catalog\"]]"}
RESULT: {"using":"xpath","value":"//li[.//span[text()= \"Webshop Catalog\"]]"}
COMMAND: POST /session/e537112f6f31df0d8590d52383dd5938/elements - {"using":"xpath","value":"//li[.//span[text()= \"Webshop Catalog\"]]"}
RESULT: {"using":"xpath","value":"//li[.//span[text()= \"Webshop Catalog\"]]"}
COMMAND: POST /session/e537112f6f31df0d8590d52383dd5938/elements - {"using":"xpath","value":"//li[.//span[text()= \"Webshop Catalog\"]]"}
RESULT: {"using":"xpath","value":"//li[.//span[text()= \"Webshop Catalog\"]]"}
COMMAND: POST /session/e537112f6f31df0d8590d52383dd5938/elements - {"using":"xpath","value":"//li[.//span[text()= \"Webshop Catalog\"]]"}
RESULT: {"using":"xpath","value":"//li[.//span[text()= \"Webshop Catalog\"]]"}
COMMAND: POST /session/e537112f6f31df0d8590d52383dd5938/elements - {"using":"xpath","value":"//li[.//span[text()= \"Webshop Catalog\"]]"}
RESULT: {"using":"xpath","value":"//li[.//span[text()= \"Webshop Catalog\"]]"}
COMMAND: POST /session/e537112f6f31df0d8590d52383dd5938/elements - {"using":"xpath","value":"//li[.//span[text()= \"Webshop Catalog\"]]"}
RESULT: {"using":"xpath","value":"//li[.//span[text()= \"Webshop Catalog\"]]"}
COMMAND: POST /session/e537112f6f31df0d8590d52383dd5938/elements - {"using":"xpath","value":"//li[.//span[text()= \"Webshop Catalog\"]]"}
RESULT: {"using":"xpath","value":"//li[.//span[text()= \"Webshop Catalog\"]]"}
COMMAND: POST /session/e537112f6f31df0d8590d52383dd5938/elements - {"using":"xpath","value":"//li[.//span[text()= \"Webshop Catalog\"]]"}
RESULT: {"using":"xpath","value":"//li[.//span[text()= \"Webshop Catalog\"]]"}
COMMAND: POST /session/e537112f6f31df0d8590d52383dd5938/elements - {"using":"xpath","value":"//li[.//span[text()= \"Webshop Catalog\"]]"}
RESULT: {"using":"xpath","value":"//li[.//span[text()= \"Webshop Catalog\"]]"}
COMMAND: POST /session/e537112f6f31df0d8590d52383dd5938/elements - {"using":"xpath","value":"//li[.//span[text()= \"Webshop Catalog\"]]"}
RESULT: {"using":"xpath","value":"//li[.//span[text()= \"Webshop Catalog\"]]"}
COMMAND: POST /session/e537112f6f31df0d8590d52383dd5938/elements - {"using":"xpath","value":"//li[.//span[text()= \"Webshop Catalog\"]]"}
RESULT: {"using":"xpath","value":"//li[.//span[text()= \"Webshop Catalog\"]]"}
COMMAND: POST /session/e537112f6f31df0d8590d52383dd5938/elements - {"using":"xpath","value":"//li[.//span[text()= \"Webshop Catalog\"]]"}
RESULT: {"using":"xpath","value":"//li[.//span[text()= \"Webshop Catalog\"]]"}
COMMAND: POST /session/e537112f6f31df0d8590d52383dd5938/elements - {"using":"xpath","value":"//li[.//span[text()= \"Webshop Catalog\"]]"}
RESULT: {"using":"xpath","value":"//li[.//span[text()= \"Webshop Catalog\"]]"}
COMMAND: POST /session/e537112f6f31df0d8590d52383dd5938/elements - {"using":"xpath","value":"//li[.//span[text()= \"Webshop Catalog\"]]"}
RESULT: {"using":"xpath","value":"//li[.//span[text()= \"Webshop Catalog\"]]"}
COMMAND: POST /session/e537112f6f31df0d8590d52383dd5938/elements - {"using":"xpath","value":"//li[.//span[text()= \"Webshop Catalog\"]]"}
RESULT: {"using":"xpath","value":"//li[.//span[text()= \"Webshop Catalog\"]]"}
COMMAND: POST /session/e537112f6f31df0d8590d52383dd5938/elements - {"using":"xpath","value":"//li[.//span[text()= \"Webshop Catalog\"]]"}
RESULT: {"using":"xpath","value":"//li[.//span[text()= \"Webshop Catalog\"]]"}
COMMAND: POST /session/e537112f6f31df0d8590d52383dd5938/elements - {"using":"xpath","value":"//li[.//span[text()= \"Webshop Catalog\"]]"}
RESULT: {"using":"xpath","value":"//li[.//span[text()= \"Webshop Catalog\"]]"}
COMMAND: POST /session/e537112f6f31df0d8590d52383dd5938/elements - {"using":"xpath","value":"//li[.//span[text()= \"Webshop Catalog\"]]"}
RESULT: {"using":"xpath","value":"//li[.//span[text()= \"Webshop Catalog\"]]"}
COMMAND: POST /session/e537112f6f31df0d8590d52383dd5938/elements - {"using":"xpath","value":"//li[.//span[text()= \"Webshop Catalog\"]]"}
RESULT: {"using":"xpath","value":"//li[.//span[text()= \"Webshop Catalog\"]]"}
COMMAND: POST /session/e537112f6f31df0d8590d52383dd5938/elements - {"using":"xpath","value":"//li[.//span[text()= \"Webshop Catalog\"]]"}
RESULT: {"using":"xpath","value":"//li[.//span[text()= \"Webshop Catalog\"]]"}
COMMAND: POST /session/e537112f6f31df0d8590d52383dd5938/elements - {"using":"xpath","value":"//li[.//span[text()= \"Webshop Catalog\"]]"}
RESULT: {"using":"xpath","value":"//li[.//span[text()= \"Webshop Catalog\"]]"}
COMMAND: POST /session/e537112f6f31df0d8590d52383dd5938/elements - {"using":"xpath","value":"//li[.//span[text()= \"Webshop Catalog\"]]"}
RESULT: {"using":"xpath","value":"//li[.//span[text()= \"Webshop Catalog\"]]"}
COMMAND: POST /session/e537112f6f31df0d8590d52383dd5938/elements - {"using":"xpath","value":"//li[.//span[text()= \"Webshop Catalog\"]]"}
RESULT: {"using":"xpath","value":"//li[.//span[text()= \"Webshop Catalog\"]]"}
COMMAND: POST /session/e537112f6f31df0d8590d52383dd5938/elements - {"using":"xpath","value":"//li[.//span[text()= \"Webshop Catalog\"]]"}
RESULT: {"using":"xpath","value":"//li[.//span[text()= \"Webshop Catalog\"]]"}
COMMAND: POST /session/e537112f6f31df0d8590d52383dd5938/elements - {"using":"xpath","value":"//li[.//span[text()= \"Webshop Catalog\"]]"}
RESULT: {"using":"xpath","value":"//li[.//span[text()= \"Webshop Catalog\"]]"}
COMMAND: POST /session/e537112f6f31df0d8590d52383dd5938/elements - {"using":"xpath","value":"//li[.//span[text()= \"Webshop Catalog\"]]"}
RESULT: {"using":"xpath","value":"//li[.//span[text()= \"Webshop Catalog\"]]"}
COMMAND: GET /session/e537112f6f31df0d8590d52383dd5938/screenshot - {}
RESULT: {}
COMMAND: GET /session/e537112f6f31df0d8590d52383dd5938/screenshot - {}
COMMAND: GET /session/e537112f6f31df0d8590d52383dd5938/screenshot - {}
RESULT: {}
RESULT: {}
COMMAND: DELETE /session/e537112f6f31df0d8590d52383dd5938 - {}
RESULT: {}
]]></system-out>
      <system-err><![CDATA[
Error: Can't call click on element with selector "//li[.//span[text()= "Webshop Catalog"]]" because element wasn't found
    at async UtilsPrerequisites.partnerCreation (D:\a\1\s\test\specs\BTS\prerequisites-and-utils-functions.js:518:13)
    at async Context.<anonymous> (D:\a\1\s\test\specs\BTS\create-partner.spec.js:43:47)
]]></system-err>
    </testcase>
  </testsuite>
</testsuites>