<?xml version="1.0" encoding="UTF-8"?>
<testsuites tests="9" failures="1" errors="1" skipped="0">
  <testsuite timestamp="2025-05-24T17:57:07" time="809.294" tests="9" failures="1" errors="1" skipped="0">
    <properties>
      <property name="specId" value="0"/>
      <property name="suiteName" value="Address Management Tests US156181 US151165 US151160 US156180 US156178 US151157 US151172 US151170 US151166 US151168"/>
      <property name="capabilities" value="chrome.136_0_7103_93.windows"/>
      <property name="file" value="file:///D:/a/1/s/test/specs/BTS/address-management.spec.js"/>
    </properties>
    <testcase classname="chrome.136_0_7103_93.windows.Address_Management_Tests_US156181_US151165_US151160_US156180_US156178_US151157_US151172_US151170_US151166_US151168" name="Step 1 Will check existence of address created with generated name if none then we create US156181" time="74.991">
      <system-out><![CDATA[
COMMAND: POST /session/96a1215806385093e4fe0bb4431e2f0d/execute/async - {"script":"<script> [1562 bytes]","args":[{"selector":{"controlType":"sap.m.GenericTile","properties":{"header":"Address Management"}},"wdio_ui5_key":"sapm.GenericTile{\"header\":\"Address Management\"}"}]}
RESULT: {"script":"<script> [1562 bytes]","args":[{"selector":{"controlType":"sap.m.GenericTile","properties":{"header":"Address Management"}},"wdio_ui5_key":"sapm.GenericTile{\"header\":\"Address Management\"}"}]}
RESULT: undefined
COMMAND: POST /session/96a1215806385093e4fe0bb4431e2f0d/element - {"using":"xpath","value":"//*[@id=\"__tile33\"]"}
RESULT: {"using":"xpath","value":"//*[@id=\"__tile33\"]"}
COMMAND: POST /session/96a1215806385093e4fe0bb4431e2f0d/element/f.6C726134546846331D3F032BC523D45A.d.CDD9E4E6A87206AFE15BED333339D168.e.216/click - {}
RESULT: {}
COMMAND: GET /session/96a1215806385093e4fe0bb4431e2f0d/screenshot - {}
RESULT: {}
COMMAND: POST /session/96a1215806385093e4fe0bb4431e2f0d/elements - {"using":"xpath","value":"//span[text()='Error']"}
RESULT: {"using":"xpath","value":"//span[text()='Error']"}
COMMAND: POST /session/96a1215806385093e4fe0bb4431e2f0d/element - {"using":"xpath","value":"//button[@data-kt=\"addButton\"]"}
RESULT: {"using":"xpath","value":"//button[@data-kt=\"addButton\"]"}
COMMAND: POST /session/96a1215806385093e4fe0bb4431e2f0d/elements - {"using":"xpath","value":"//button[@data-kt=\"addButton\"]"}
RESULT: {"using":"xpath","value":"//button[@data-kt=\"addButton\"]"}
COMMAND: POST /session/96a1215806385093e4fe0bb4431e2f0d/elements - {"using":"xpath","value":"//button[@data-kt=\"addButton\"]"}
RESULT: {"using":"xpath","value":"//button[@data-kt=\"addButton\"]"}
COMMAND: POST /session/96a1215806385093e4fe0bb4431e2f0d/elements - {"using":"xpath","value":"//button[@data-kt=\"addButton\"]"}
RESULT: {"using":"xpath","value":"//button[@data-kt=\"addButton\"]"}
COMMAND: POST /session/96a1215806385093e4fe0bb4431e2f0d/elements - {"using":"xpath","value":"//button[@data-kt=\"addButton\"]"}
RESULT: {"using":"xpath","value":"//button[@data-kt=\"addButton\"]"}
COMMAND: POST /session/96a1215806385093e4fe0bb4431e2f0d/elements - {"using":"xpath","value":"//button[@data-kt=\"addButton\"]"}
RESULT: {"using":"xpath","value":"//button[@data-kt=\"addButton\"]"}
COMMAND: POST /session/96a1215806385093e4fe0bb4431e2f0d/elements - {"using":"xpath","value":"//button[@data-kt=\"addButton\"]"}
RESULT: {"using":"xpath","value":"//button[@data-kt=\"addButton\"]"}
COMMAND: POST /session/96a1215806385093e4fe0bb4431e2f0d/elements - {"using":"xpath","value":"//button[@data-kt=\"addButton\"]"}
RESULT: {"using":"xpath","value":"//button[@data-kt=\"addButton\"]"}
COMMAND: POST /session/96a1215806385093e4fe0bb4431e2f0d/elements - {"using":"xpath","value":"//button[@data-kt=\"addButton\"]"}
RESULT: {"using":"xpath","value":"//button[@data-kt=\"addButton\"]"}
COMMAND: POST /session/96a1215806385093e4fe0bb4431e2f0d/element - {"using":"xpath","value":"//button[@data-kt=\"addButton\"]"}
RESULT: {"using":"xpath","value":"//button[@data-kt=\"addButton\"]"}
COMMAND: POST /session/96a1215806385093e4fe0bb4431e2f0d/execute/sync - {"script":"<script> [8489 bytes]","args":[{"element-6066-11e4-a52e-4f735466cecf":"f.6C726134546846331D3F032BC523D45A.d.CDD9E4E6A87206AFE15BED333339D168.e.314","ELEMENT":"f.6C726134546846331D3F032BC523D45A.d.CDD9E4E6A87206AFE15BED333339D168.e.314"}]}
RESULT: {"script":"<script> [8489 bytes]","args":[{"element-6066-11e4-a52e-4f735466cecf":"f.6C726134546846331D3F032BC523D45A.d.CDD9E4E6A87206AFE15BED333339D168.e.314","ELEMENT":"f.6C726134546846331D3F032BC523D45A.d.CDD9E4E6A87206AFE15BED333339D168.e.314"}]}
COMMAND: GET /session/96a1215806385093e4fe0bb4431e2f0d/element/f.6C726134546846331D3F032BC523D45A.d.CDD9E4E6A87206AFE15BED333339D168.e.314/enabled - {}
COMMAND: GET /session/96a1215806385093e4fe0bb4431e2f0d/screenshot - {}
RESULT: {}
COMMAND: POST /session/96a1215806385093e4fe0bb4431e2f0d/execute/sync - {"script":"<script> [8489 bytes]","args":[{"element-6066-11e4-a52e-4f735466cecf":"f.6C726134546846331D3F032BC523D45A.d.CDD9E4E6A87206AFE15BED333339D168.e.314","ELEMENT":"f.6C726134546846331D3F032BC523D45A.d.CDD9E4E6A87206AFE15BED333339D168.e.314"}]}
COMMAND: GET /session/96a1215806385093e4fe0bb4431e2f0d/screenshot - {}
RESULT: {}
RESULT: {"script":"<script> [8489 bytes]","args":[{"element-6066-11e4-a52e-4f735466cecf":"f.6C726134546846331D3F032BC523D45A.d.CDD9E4E6A87206AFE15BED333339D168.e.314","ELEMENT":"f.6C726134546846331D3F032BC523D45A.d.CDD9E4E6A87206AFE15BED333339D168.e.314"}]}
COMMAND: POST /session/96a1215806385093e4fe0bb4431e2f0d/execute/sync - {"script":"<script> [5351 bytes]","args":[{"element-6066-11e4-a52e-4f735466cecf":"f.6C726134546846331D3F032BC523D45A.d.CDD9E4E6A87206AFE15BED333339D168.e.314","ELEMENT":"f.6C726134546846331D3F032BC523D45A.d.CDD9E4E6A87206AFE15BED333339D168.e.314"}]}
COMMAND: GET /session/96a1215806385093e4fe0bb4431e2f0d/screenshot - {}
RESULT: {}
RESULT: {"script":"<script> [5351 bytes]","args":[{"element-6066-11e4-a52e-4f735466cecf":"f.6C726134546846331D3F032BC523D45A.d.CDD9E4E6A87206AFE15BED333339D168.e.314","ELEMENT":"f.6C726134546846331D3F032BC523D45A.d.CDD9E4E6A87206AFE15BED333339D168.e.314"}]}
COMMAND: GET /session/96a1215806385093e4fe0bb4431e2f0d/screenshot - {}
RESULT: {}
RESULT: {}
COMMAND: POST /session/96a1215806385093e4fe0bb4431e2f0d/execute/async - {"script":"<script> [1562 bytes]","args":[{"selector":{"id":"application-addressmanagement-display-component---masterAdm--smartFilterBar-btnBasicSearch","interaction":{"idSuffix":"I"}},"wdio_ui5_key":"applicationaddressmanagement-display-component---masterAdm--smartFilterBar-btnBasicSearch"}]}
RESULT: {"script":"<script> [1562 bytes]","args":[{"selector":{"id":"application-addressmanagement-display-component---masterAdm--smartFilterBar-btnBasicSearch","interaction":{"idSuffix":"I"}},"wdio_ui5_key":"applicationaddressmanagement-display-component---masterAdm--smartFilterBar-btnBasicSearch"}]}
RESULT: undefined
COMMAND: POST /session/96a1215806385093e4fe0bb4431e2f0d/execute/async - {"script":"<script> [776 bytes]","args":[{"enterText":"EvsmtxeegG","selector":{"id":"application-addressmanagement-display-component---masterAdm--smartFilterBar-btnBasicSearch","interaction":{"idSuffix":"I"}},"clearTextFirst":true,"interactionType":"ENTER_TEXT"}]}
RESULT: {"script":"<script> [776 bytes]","args":[{"enterText":"EvsmtxeegG","selector":{"id":"application-addressmanagement-display-component---masterAdm--smartFilterBar-btnBasicSearch","interaction":{"idSuffix":"I"}},"clearTextFirst":true,"interactionType":"ENTER_TEXT"}]}
COMMAND: POST /session/96a1215806385093e4fe0bb4431e2f0d/actions - {"actions":[{"id":"action1","type":"key","parameters":{},"actions":[{"type":"keyDown","value":""},{"type":"pause","duration":10},{"type":"keyUp","value":""}]}]}
RESULT: {"actions":[{"id":"action1","type":"key","parameters":{},"actions":[{"type":"keyDown","value":""},{"type":"pause","duration":10},{"type":"keyUp","value":""}]}]}
COMMAND: GET /session/96a1215806385093e4fe0bb4431e2f0d/screenshot - {}
RESULT: {}
COMMAND: POST /session/96a1215806385093e4fe0bb4431e2f0d/elements - {"using":"xpath","value":"//table[contains(@id, \"customPersonsAddressesTable-listUl\")]/tbody/tr"}
RESULT: {"using":"xpath","value":"//table[contains(@id, \"customPersonsAddressesTable-listUl\")]/tbody/tr"}
COMMAND: POST /session/96a1215806385093e4fe0bb4431e2f0d/element - {"using":"xpath","value":"//table[contains(@id, \"customPersonsAddressesTable-listUl\")]/tbody/tr[1]/td[5]/span/span"}
RESULT: {"using":"xpath","value":"//table[contains(@id, \"customPersonsAddressesTable-listUl\")]/tbody/tr[1]/td[5]/span/span"}
COMMAND: POST /session/96a1215806385093e4fe0bb4431e2f0d/element - {"using":"xpath","value":"//table[contains(@id, \"customPersonsAddressesTable-listUl\")]/tbody/tr[1]/td[3]/span"}
RESULT: {"using":"xpath","value":"//table[contains(@id, \"customPersonsAddressesTable-listUl\")]/tbody/tr[1]/td[3]/span"}
COMMAND: POST /session/96a1215806385093e4fe0bb4431e2f0d/elements - {"using":"xpath","value":"//table[contains(@id, \"customPersonsAddressesTable-listUl\")]/tbody/tr[1]/td[5]/span/span"}
RESULT: {"using":"xpath","value":"//table[contains(@id, \"customPersonsAddressesTable-listUl\")]/tbody/tr[1]/td[5]/span/span"}
COMMAND: POST /session/96a1215806385093e4fe0bb4431e2f0d/element - {"using":"xpath","value":"//span[@id=\"application-addressmanagement-display-component---masterAdm--smartTable-header-inner\"]"}
RESULT: {"using":"xpath","value":"//span[@id=\"application-addressmanagement-display-component---masterAdm--smartTable-header-inner\"]"}
COMMAND: POST /session/96a1215806385093e4fe0bb4431e2f0d/elements - {"using":"xpath","value":"//span[@id=\"application-addressmanagement-display-component---masterAdm--smartTable-header-inner\"]"}
RESULT: {"using":"xpath","value":"//span[@id=\"application-addressmanagement-display-component---masterAdm--smartTable-header-inner\"]"}
COMMAND: POST /session/96a1215806385093e4fe0bb4431e2f0d/execute/sync - {"script":"<script> [56 bytes]","args":[{"element-6066-11e4-a52e-4f735466cecf":"f.6C726134546846331D3F032BC523D45A.d.CDD9E4E6A87206AFE15BED333339D168.e.444","ELEMENT":"f.6C726134546846331D3F032BC523D45A.d.CDD9E4E6A87206AFE15BED333339D168.e.444"}]}
RESULT: {"script":"<script> [56 bytes]","args":[{"element-6066-11e4-a52e-4f735466cecf":"f.6C726134546846331D3F032BC523D45A.d.CDD9E4E6A87206AFE15BED333339D168.e.444","ELEMENT":"f.6C726134546846331D3F032BC523D45A.d.CDD9E4E6A87206AFE15BED333339D168.e.444"}]}
COMMAND: POST /session/96a1215806385093e4fe0bb4431e2f0d/element - {"using":"xpath","value":"//button[@data-kt=\"addButton\"]"}
COMMAND: GET /session/96a1215806385093e4fe0bb4431e2f0d/screenshot - {}
RESULT: {"using":"xpath","value":"//button[@data-kt=\"addButton\"]"}
COMMAND: POST /session/96a1215806385093e4fe0bb4431e2f0d/element/f.6C726134546846331D3F032BC523D45A.d.CDD9E4E6A87206AFE15BED333339D168.e.314/click - {}
RESULT: {}
RESULT: {}
COMMAND: GET /session/96a1215806385093e4fe0bb4431e2f0d/screenshot - {}
RESULT: {}
COMMAND: POST /session/96a1215806385093e4fe0bb4431e2f0d/execute/async - {"script":"<script> [1562 bytes]","args":[{"selector":{"controlType":"sap.ui.core.Icon","viewName":"etm.portal.ui.addressmanagement.view.NewAddress","properties":{"src":{"regex":{"source":"slim\\-arrow\\-down"}}},"ancestor":{"id":"addressTitle","viewName":"etm.portal.ui.addressmanagement.view.NewAddress"}},"wdio_ui5_key":"etmportal.ui.addressmanagement.view.NewAddresssap.ui.core.Icon{\"src\":{\"regex\":{\"source\":\"slim\\\\-arrow\\\\-down\"}}}{\"id\":\"addressTitle\",\"viewName\":\"etm.portal.ui.addressmanagement.view.NewAddress\"}"}]}
RESULT: {"script":"<script> [1562 bytes]","args":[{"selector":{"controlType":"sap.ui.core.Icon","viewName":"etm.portal.ui.addressmanagement.view.NewAddress","properties":{"src":{"regex":{"source":"slim\\-arrow\\-down"}}},"ancestor":{"id":"addressTitle","viewName":"etm.portal.ui.addressmanagement.view.NewAddress"}},"wdio_ui5_key":"etmportal.ui.addressmanagement.view.NewAddresssap.ui.core.Icon{\"src\":{\"regex\":{\"source\":\"slim\\\\-arrow\\\\-down\"}}}{\"id\":\"addressTitle\",\"viewName\":\"etm.portal.ui.addressmanagement.view.NewAddress\"}"}]}
RESULT: undefined
COMMAND: POST /session/96a1215806385093e4fe0bb4431e2f0d/element - {"using":"xpath","value":"//*[@id=\"__xmlview58--addressTitle-arrow\"]"}
RESULT: {"using":"xpath","value":"//*[@id=\"__xmlview58--addressTitle-arrow\"]"}
COMMAND: POST /session/96a1215806385093e4fe0bb4431e2f0d/element/f.6C726134546846331D3F032BC523D45A.d.CDD9E4E6A87206AFE15BED333339D168.e.474/click - {}
RESULT: {}
COMMAND: GET /session/96a1215806385093e4fe0bb4431e2f0d/screenshot - {}
RESULT: {}
COMMAND: POST /session/96a1215806385093e4fe0bb4431e2f0d/element - {"using":"xpath","value":"//li[.//span[text()=\"Dr.\"]]"}
RESULT: {"using":"xpath","value":"//li[.//span[text()=\"Dr.\"]]"}
COMMAND: POST /session/96a1215806385093e4fe0bb4431e2f0d/element/f.6C726134546846331D3F032BC523D45A.d.CDD9E4E6A87206AFE15BED333339D168.e.589/click - {}
RESULT: {}
COMMAND: POST /session/96a1215806385093e4fe0bb4431e2f0d/execute/async - {"script":"<script> [1562 bytes]","args":[{"selector":{"controlType":"sap.ui.core.Icon","viewName":"etm.portal.ui.addressmanagement.view.NewAddress","properties":{"src":{"regex":{"source":"slim\\-arrow\\-down"}}},"ancestor":{"id":"addressDetailDetailsLanguage","viewName":"etm.portal.ui.addressmanagement.view.NewAddress"}},"wdio_ui5_key":"etmportal.ui.addressmanagement.view.NewAddresssap.ui.core.Icon{\"src\":{\"regex\":{\"source\":\"slim\\\\-arrow\\\\-down\"}}}{\"id\":\"addressDetailDetailsLanguage\",\"viewName\":\"etm.portal.ui.addressmanagement.view.NewAddress\"}"}]}
COMMAND: GET /session/96a1215806385093e4fe0bb4431e2f0d/screenshot - {}
RESULT: {"script":"<script> [1562 bytes]","args":[{"selector":{"controlType":"sap.ui.core.Icon","viewName":"etm.portal.ui.addressmanagement.view.NewAddress","properties":{"src":{"regex":{"source":"slim\\-arrow\\-down"}}},"ancestor":{"id":"addressDetailDetailsLanguage","viewName":"etm.portal.ui.addressmanagement.view.NewAddress"}},"wdio_ui5_key":"etmportal.ui.addressmanagement.view.NewAddresssap.ui.core.Icon{\"src\":{\"regex\":{\"source\":\"slim\\\\-arrow\\\\-down\"}}}{\"id\":\"addressDetailDetailsLanguage\",\"viewName\":\"etm.portal.ui.addressmanagement.view.NewAddress\"}"}]}
RESULT: undefined
COMMAND: POST /session/96a1215806385093e4fe0bb4431e2f0d/element - {"using":"xpath","value":"//*[@id=\"__xmlview58--addressDetailDetailsLanguage-arrow\"]"}
RESULT: {}
RESULT: {"using":"xpath","value":"//*[@id=\"__xmlview58--addressDetailDetailsLanguage-arrow\"]"}
COMMAND: POST /session/96a1215806385093e4fe0bb4431e2f0d/element/f.6C726134546846331D3F032BC523D45A.d.CDD9E4E6A87206AFE15BED333339D168.e.487/click - {}
RESULT: {}
COMMAND: GET /session/96a1215806385093e4fe0bb4431e2f0d/screenshot - {}
RESULT: {}
COMMAND: POST /session/96a1215806385093e4fe0bb4431e2f0d/element - {"using":"xpath","value":"//span[contains(text(), \"English\")]"}
RESULT: {"using":"xpath","value":"//span[contains(text(), \"English\")]"}
COMMAND: POST /session/96a1215806385093e4fe0bb4431e2f0d/element/f.6C726134546846331D3F032BC523D45A.d.CDD9E4E6A87206AFE15BED333339D168.e.590/click - {}
RESULT: {}
COMMAND: POST /session/96a1215806385093e4fe0bb4431e2f0d/execute/async - {"script":"<script> [1562 bytes]","args":[{"selector":{"controlType":"sap.m.Input","viewName":"etm.portal.ui.addressmanagement.view.NewAddress","labelFor":{"text":"Name"},"interaction":{"idSuffix":"inner"}},"wdio_ui5_key":"etmportal.ui.addressmanagement.view.NewAddresssap.m.Input{\"text\":\"Name\"}"}]}
COMMAND: GET /session/96a1215806385093e4fe0bb4431e2f0d/screenshot - {}
RESULT: {"script":"<script> [1562 bytes]","args":[{"selector":{"controlType":"sap.m.Input","viewName":"etm.portal.ui.addressmanagement.view.NewAddress","labelFor":{"text":"Name"},"interaction":{"idSuffix":"inner"}},"wdio_ui5_key":"etmportal.ui.addressmanagement.view.NewAddresssap.m.Input{\"text\":\"Name\"}"}]}
RESULT: undefined
COMMAND: POST /session/96a1215806385093e4fe0bb4431e2f0d/execute/async - {"script":"<script> [776 bytes]","args":[{"enterText":"EvsmtxeegG","selector":{"controlType":"sap.m.Input","viewName":"etm.portal.ui.addressmanagement.view.NewAddress","labelFor":{"text":"Name"},"interaction":{"idSuffix":"inner"}},"clearTextFirst":true,"interactionType":"ENTER_TEXT"}]}
RESULT: {}
RESULT: {"script":"<script> [776 bytes]","args":[{"enterText":"EvsmtxeegG","selector":{"controlType":"sap.m.Input","viewName":"etm.portal.ui.addressmanagement.view.NewAddress","labelFor":{"text":"Name"},"interaction":{"idSuffix":"inner"}},"clearTextFirst":true,"interactionType":"ENTER_TEXT"}]}
COMMAND: POST /session/96a1215806385093e4fe0bb4431e2f0d/element - {"using":"xpath","value":"//button[@title=\"Save\"]"}
RESULT: {"using":"xpath","value":"//button[@title=\"Save\"]"}
COMMAND: POST /session/96a1215806385093e4fe0bb4431e2f0d/element/f.6C726134546846331D3F032BC523D45A.d.CDD9E4E6A87206AFE15BED333339D168.e.574/click - {}
RESULT: {}
COMMAND: GET /session/96a1215806385093e4fe0bb4431e2f0d/screenshot - {}
RESULT: {}
COMMAND: POST /session/96a1215806385093e4fe0bb4431e2f0d/element - {"using":"xpath","value":"//header[contains(@id, \"application-addressmanagement-display-component---detailAdm--ObjectPageLayout-headerTitle\")]/div[1]/div[3]/div[2]/span"}
RESULT: {"using":"xpath","value":"//header[contains(@id, \"application-addressmanagement-display-component---detailAdm--ObjectPageLayout-headerTitle\")]/div[1]/div[3]/div[2]/span"}
COMMAND: POST /session/96a1215806385093e4fe0bb4431e2f0d/elements - {"using":"xpath","value":"//header[contains(@id, \"application-addressmanagement-display-component---detailAdm--ObjectPageLayout-headerTitle\")]/div[1]/div[3]/div[2]/span"}
RESULT: {"using":"xpath","value":"//header[contains(@id, \"application-addressmanagement-display-component---detailAdm--ObjectPageLayout-headerTitle\")]/div[1]/div[3]/div[2]/span"}
COMMAND: POST /session/96a1215806385093e4fe0bb4431e2f0d/execute/sync - {"script":"<script> [56 bytes]","args":[{"element-6066-11e4-a52e-4f735466cecf":"f.6C726134546846331D3F032BC523D45A.d.CDD9E4E6A87206AFE15BED333339D168.e.613","ELEMENT":"f.6C726134546846331D3F032BC523D45A.d.CDD9E4E6A87206AFE15BED333339D168.e.613"}]}
RESULT: {"script":"<script> [56 bytes]","args":[{"element-6066-11e4-a52e-4f735466cecf":"f.6C726134546846331D3F032BC523D45A.d.CDD9E4E6A87206AFE15BED333339D168.e.613","ELEMENT":"f.6C726134546846331D3F032BC523D45A.d.CDD9E4E6A87206AFE15BED333339D168.e.613"}]}
COMMAND: GET /session/96a1215806385093e4fe0bb4431e2f0d/screenshot - {}
RESULT: {}
COMMAND: POST /session/96a1215806385093e4fe0bb4431e2f0d/element - {"using":"css selector","value":"#shell-header-logo"}
RESULT: {"using":"css selector","value":"#shell-header-logo"}
COMMAND: POST /session/96a1215806385093e4fe0bb4431e2f0d/element/f.6C726134546846331D3F032BC523D45A.d.CDD9E4E6A87206AFE15BED333339D168.e.266/click - {}
RESULT: {}
COMMAND: GET /session/96a1215806385093e4fe0bb4431e2f0d/screenshot - {}
RESULT: {}
]]></system-out>
    </testcase>
    <testcase classname="chrome.136_0_7103_93.windows.Address_Management_Tests_US156181_US151165_US151160_US156180_US156178_US151157_US151172_US151170_US151166_US151168" name="Step 2 Should deactivate the created address in earlier step US151165" time="44.16">
      <system-out><![CDATA[
RESULT: undefined
COMMAND: POST /session/96a1215806385093e4fe0bb4431e2f0d/element - {"using":"xpath","value":"//*[@id=\"__tile33\"]"}
RESULT: {"using":"xpath","value":"//*[@id=\"__tile33\"]"}
COMMAND: POST /session/96a1215806385093e4fe0bb4431e2f0d/element/f.6C726134546846331D3F032BC523D45A.d.CDD9E4E6A87206AFE15BED333339D168.e.216/click - {}
RESULT: {}
COMMAND: GET /session/96a1215806385093e4fe0bb4431e2f0d/screenshot - {}
RESULT: {}
COMMAND: POST /session/96a1215806385093e4fe0bb4431e2f0d/elements - {"using":"xpath","value":"//span[text()='Error']"}
RESULT: {"using":"xpath","value":"//span[text()='Error']"}
COMMAND: POST /session/96a1215806385093e4fe0bb4431e2f0d/element - {"using":"xpath","value":"//button[@data-kt=\"addButton\"]"}
RESULT: {"using":"xpath","value":"//button[@data-kt=\"addButton\"]"}
COMMAND: POST /session/96a1215806385093e4fe0bb4431e2f0d/elements - {"using":"xpath","value":"//button[@data-kt=\"addButton\"]"}
RESULT: {"using":"xpath","value":"//button[@data-kt=\"addButton\"]"}
COMMAND: POST /session/96a1215806385093e4fe0bb4431e2f0d/execute/sync - {"script":"<script> [8489 bytes]","args":[{"element-6066-11e4-a52e-4f735466cecf":"f.6C726134546846331D3F032BC523D45A.d.CDD9E4E6A87206AFE15BED333339D168.e.660","ELEMENT":"f.6C726134546846331D3F032BC523D45A.d.CDD9E4E6A87206AFE15BED333339D168.e.660"}]}
RESULT: {"script":"<script> [8489 bytes]","args":[{"element-6066-11e4-a52e-4f735466cecf":"f.6C726134546846331D3F032BC523D45A.d.CDD9E4E6A87206AFE15BED333339D168.e.660","ELEMENT":"f.6C726134546846331D3F032BC523D45A.d.CDD9E4E6A87206AFE15BED333339D168.e.660"}]}
COMMAND: GET /session/96a1215806385093e4fe0bb4431e2f0d/element/f.6C726134546846331D3F032BC523D45A.d.CDD9E4E6A87206AFE15BED333339D168.e.660/enabled - {}
COMMAND: GET /session/96a1215806385093e4fe0bb4431e2f0d/screenshot - {}
RESULT: {}
COMMAND: POST /session/96a1215806385093e4fe0bb4431e2f0d/execute/sync - {"script":"<script> [8489 bytes]","args":[{"element-6066-11e4-a52e-4f735466cecf":"f.6C726134546846331D3F032BC523D45A.d.CDD9E4E6A87206AFE15BED333339D168.e.660","ELEMENT":"f.6C726134546846331D3F032BC523D45A.d.CDD9E4E6A87206AFE15BED333339D168.e.660"}]}
COMMAND: GET /session/96a1215806385093e4fe0bb4431e2f0d/screenshot - {}
RESULT: {}
RESULT: {"script":"<script> [8489 bytes]","args":[{"element-6066-11e4-a52e-4f735466cecf":"f.6C726134546846331D3F032BC523D45A.d.CDD9E4E6A87206AFE15BED333339D168.e.660","ELEMENT":"f.6C726134546846331D3F032BC523D45A.d.CDD9E4E6A87206AFE15BED333339D168.e.660"}]}
COMMAND: POST /session/96a1215806385093e4fe0bb4431e2f0d/execute/sync - {"script":"<script> [5351 bytes]","args":[{"element-6066-11e4-a52e-4f735466cecf":"f.6C726134546846331D3F032BC523D45A.d.CDD9E4E6A87206AFE15BED333339D168.e.660","ELEMENT":"f.6C726134546846331D3F032BC523D45A.d.CDD9E4E6A87206AFE15BED333339D168.e.660"}]}
COMMAND: GET /session/96a1215806385093e4fe0bb4431e2f0d/screenshot - {}
RESULT: {}
RESULT: {"script":"<script> [5351 bytes]","args":[{"element-6066-11e4-a52e-4f735466cecf":"f.6C726134546846331D3F032BC523D45A.d.CDD9E4E6A87206AFE15BED333339D168.e.660","ELEMENT":"f.6C726134546846331D3F032BC523D45A.d.CDD9E4E6A87206AFE15BED333339D168.e.660"}]}
COMMAND: GET /session/96a1215806385093e4fe0bb4431e2f0d/screenshot - {}
RESULT: {}
RESULT: {}
RESULT: undefined
COMMAND: POST /session/96a1215806385093e4fe0bb4431e2f0d/execute/async - {"script":"<script> [776 bytes]","args":[{"enterText":"EvsmtxeegG","selector":{"id":"application-addressmanagement-display-component---masterAdm--smartFilterBar-btnBasicSearch","interaction":{"idSuffix":"I"}},"clearTextFirst":true,"interactionType":"ENTER_TEXT"}]}
RESULT: {"script":"<script> [776 bytes]","args":[{"enterText":"EvsmtxeegG","selector":{"id":"application-addressmanagement-display-component---masterAdm--smartFilterBar-btnBasicSearch","interaction":{"idSuffix":"I"}},"clearTextFirst":true,"interactionType":"ENTER_TEXT"}]}
COMMAND: POST /session/96a1215806385093e4fe0bb4431e2f0d/actions - {"actions":[{"id":"action2","type":"key","parameters":{},"actions":[{"type":"keyDown","value":""},{"type":"pause","duration":10},{"type":"keyUp","value":""}]}]}
RESULT: {"actions":[{"id":"action2","type":"key","parameters":{},"actions":[{"type":"keyDown","value":""},{"type":"pause","duration":10},{"type":"keyUp","value":""}]}]}
COMMAND: GET /session/96a1215806385093e4fe0bb4431e2f0d/screenshot - {}
RESULT: {}
COMMAND: POST /session/96a1215806385093e4fe0bb4431e2f0d/elements - {"using":"xpath","value":"//table[contains(@id, \"customPersonsAddressesTable-listUl\")]/tbody/tr"}
RESULT: {"using":"xpath","value":"//table[contains(@id, \"customPersonsAddressesTable-listUl\")]/tbody/tr"}
COMMAND: POST /session/96a1215806385093e4fe0bb4431e2f0d/element - {"using":"xpath","value":"//table[contains(@id, \"customPersonsAddressesTable-listUl\")]/tbody/tr[1]/td[5]/span/span"}
RESULT: {"using":"xpath","value":"//table[contains(@id, \"customPersonsAddressesTable-listUl\")]/tbody/tr[1]/td[5]/span/span"}
COMMAND: POST /session/96a1215806385093e4fe0bb4431e2f0d/element - {"using":"xpath","value":"//table[contains(@id, \"customPersonsAddressesTable-listUl\")]/tbody/tr[1]/td[3]/span"}
RESULT: {"using":"xpath","value":"//table[contains(@id, \"customPersonsAddressesTable-listUl\")]/tbody/tr[1]/td[3]/span"}
COMMAND: POST /session/96a1215806385093e4fe0bb4431e2f0d/elements - {"using":"xpath","value":"//table[contains(@id, \"customPersonsAddressesTable-listUl\")]/tbody/tr[1]/td[5]/span/span"}
RESULT: {"using":"xpath","value":"//table[contains(@id, \"customPersonsAddressesTable-listUl\")]/tbody/tr[1]/td[5]/span/span"}
COMMAND: POST /session/96a1215806385093e4fe0bb4431e2f0d/execute/sync - {"script":"<script> [56 bytes]","args":[{"element-6066-11e4-a52e-4f735466cecf":"f.6C726134546846331D3F032BC523D45A.d.CDD9E4E6A87206AFE15BED333339D168.e.807","ELEMENT":"f.6C726134546846331D3F032BC523D45A.d.CDD9E4E6A87206AFE15BED333339D168.e.807"}]}
RESULT: {"script":"<script> [56 bytes]","args":[{"element-6066-11e4-a52e-4f735466cecf":"f.6C726134546846331D3F032BC523D45A.d.CDD9E4E6A87206AFE15BED333339D168.e.807","ELEMENT":"f.6C726134546846331D3F032BC523D45A.d.CDD9E4E6A87206AFE15BED333339D168.e.807"}]}
COMMAND: POST /session/96a1215806385093e4fe0bb4431e2f0d/execute/sync - {"script":"<script> [56 bytes]","args":[{"element-6066-11e4-a52e-4f735466cecf":"f.6C726134546846331D3F032BC523D45A.d.CDD9E4E6A87206AFE15BED333339D168.e.808","ELEMENT":"f.6C726134546846331D3F032BC523D45A.d.CDD9E4E6A87206AFE15BED333339D168.e.808"}]}
COMMAND: GET /session/96a1215806385093e4fe0bb4431e2f0d/screenshot - {}
RESULT: {"script":"<script> [56 bytes]","args":[{"element-6066-11e4-a52e-4f735466cecf":"f.6C726134546846331D3F032BC523D45A.d.CDD9E4E6A87206AFE15BED333339D168.e.808","ELEMENT":"f.6C726134546846331D3F032BC523D45A.d.CDD9E4E6A87206AFE15BED333339D168.e.808"}]}
COMMAND: POST /session/96a1215806385093e4fe0bb4431e2f0d/element - {"using":"xpath","value":"//table[contains(@id, \"customPersonsAddressesTable-listUl\")]/tbody/tr[1]/td[10]/div/span"}
COMMAND: GET /session/96a1215806385093e4fe0bb4431e2f0d/screenshot - {}
RESULT: {}
RESULT: {"using":"xpath","value":"//table[contains(@id, \"customPersonsAddressesTable-listUl\")]/tbody/tr[1]/td[10]/div/span"}
COMMAND: POST /session/96a1215806385093e4fe0bb4431e2f0d/execute/sync - {"script":"<script> [56 bytes]","args":[{"element-6066-11e4-a52e-4f735466cecf":"f.6C726134546846331D3F032BC523D45A.d.CDD9E4E6A87206AFE15BED333339D168.e.809","ELEMENT":"f.6C726134546846331D3F032BC523D45A.d.CDD9E4E6A87206AFE15BED333339D168.e.809"}]}
RESULT: {}
RESULT: {"script":"<script> [56 bytes]","args":[{"element-6066-11e4-a52e-4f735466cecf":"f.6C726134546846331D3F032BC523D45A.d.CDD9E4E6A87206AFE15BED333339D168.e.809","ELEMENT":"f.6C726134546846331D3F032BC523D45A.d.CDD9E4E6A87206AFE15BED333339D168.e.809"}]}
COMMAND: POST /session/96a1215806385093e4fe0bb4431e2f0d/element - {"using":"xpath","value":"//table[contains(@id, \"customPersonsAddressesTable-listUl\")]/tbody/tr[1]/td[2]/div/div"}
COMMAND: GET /session/96a1215806385093e4fe0bb4431e2f0d/screenshot - {}
RESULT: {"using":"xpath","value":"//table[contains(@id, \"customPersonsAddressesTable-listUl\")]/tbody/tr[1]/td[2]/div/div"}
COMMAND: POST /session/96a1215806385093e4fe0bb4431e2f0d/element/f.6C726134546846331D3F032BC523D45A.d.CDD9E4E6A87206AFE15BED333339D168.e.810/click - {}
RESULT: {}
RESULT: {}
COMMAND: GET /session/96a1215806385093e4fe0bb4431e2f0d/screenshot - {}
RESULT: {}
COMMAND: POST /session/96a1215806385093e4fe0bb4431e2f0d/element - {"using":"xpath","value":"//bdi[contains(text(), \"Deactivate\")]"}
RESULT: {"using":"xpath","value":"//bdi[contains(text(), \"Deactivate\")]"}
COMMAND: POST /session/96a1215806385093e4fe0bb4431e2f0d/element/f.6C726134546846331D3F032BC523D45A.d.CDD9E4E6A87206AFE15BED333339D168.e.811/click - {}
RESULT: {}
COMMAND: GET /session/96a1215806385093e4fe0bb4431e2f0d/screenshot - {}
RESULT: {}
COMMAND: POST /session/96a1215806385093e4fe0bb4431e2f0d/element - {"using":"xpath","value":"//bdi[contains(text(), \"Yes\")]"}
RESULT: {"using":"xpath","value":"//bdi[contains(text(), \"Yes\")]"}
COMMAND: POST /session/96a1215806385093e4fe0bb4431e2f0d/element/f.6C726134546846331D3F032BC523D45A.d.CDD9E4E6A87206AFE15BED333339D168.e.813/click - {}
RESULT: {}
COMMAND: GET /session/96a1215806385093e4fe0bb4431e2f0d/screenshot - {}
RESULT: {}
COMMAND: POST /session/96a1215806385093e4fe0bb4431e2f0d/element - {"using":"xpath","value":"//table[contains(@id, \"customPersonsAddressesTable-listUl\")]/tbody/tr[1]/td[10]/div/span"}
RESULT: {"using":"xpath","value":"//table[contains(@id, \"customPersonsAddressesTable-listUl\")]/tbody/tr[1]/td[10]/div/span"}
COMMAND: POST /session/96a1215806385093e4fe0bb4431e2f0d/execute/sync - {"script":"<script> [56 bytes]","args":[{"element-6066-11e4-a52e-4f735466cecf":"f.6C726134546846331D3F032BC523D45A.d.CDD9E4E6A87206AFE15BED333339D168.e.809","ELEMENT":"f.6C726134546846331D3F032BC523D45A.d.CDD9E4E6A87206AFE15BED333339D168.e.809"}]}
RESULT: {"script":"<script> [56 bytes]","args":[{"element-6066-11e4-a52e-4f735466cecf":"f.6C726134546846331D3F032BC523D45A.d.CDD9E4E6A87206AFE15BED333339D168.e.809","ELEMENT":"f.6C726134546846331D3F032BC523D45A.d.CDD9E4E6A87206AFE15BED333339D168.e.809"}]}
COMMAND: GET /session/96a1215806385093e4fe0bb4431e2f0d/screenshot - {}
RESULT: {}
COMMAND: POST /session/96a1215806385093e4fe0bb4431e2f0d/element - {"using":"css selector","value":"#shell-header-logo"}
RESULT: {"using":"css selector","value":"#shell-header-logo"}
COMMAND: POST /session/96a1215806385093e4fe0bb4431e2f0d/element/f.6C726134546846331D3F032BC523D45A.d.CDD9E4E6A87206AFE15BED333339D168.e.618/click - {}
RESULT: {}
COMMAND: GET /session/96a1215806385093e4fe0bb4431e2f0d/screenshot - {}
RESULT: {}
]]></system-out>
    </testcase>
    <testcase classname="chrome.136_0_7103_93.windows.Address_Management_Tests_US156181_US151165_US151160_US156180_US156178_US151157_US151172_US151170_US151166_US151168" name="Step 3 Should activate the created address back again US151160" time="43.816">
      <system-out><![CDATA[
RESULT: undefined
COMMAND: POST /session/96a1215806385093e4fe0bb4431e2f0d/element - {"using":"xpath","value":"//*[@id=\"__tile33\"]"}
RESULT: {"using":"xpath","value":"//*[@id=\"__tile33\"]"}
COMMAND: POST /session/96a1215806385093e4fe0bb4431e2f0d/element/f.6C726134546846331D3F032BC523D45A.d.CDD9E4E6A87206AFE15BED333339D168.e.216/click - {}
RESULT: {}
COMMAND: GET /session/96a1215806385093e4fe0bb4431e2f0d/screenshot - {}
RESULT: {}
COMMAND: POST /session/96a1215806385093e4fe0bb4431e2f0d/elements - {"using":"xpath","value":"//span[text()='Error']"}
RESULT: {"using":"xpath","value":"//span[text()='Error']"}
COMMAND: POST /session/96a1215806385093e4fe0bb4431e2f0d/element - {"using":"xpath","value":"//button[@data-kt=\"addButton\"]"}
RESULT: {"using":"xpath","value":"//button[@data-kt=\"addButton\"]"}
COMMAND: POST /session/96a1215806385093e4fe0bb4431e2f0d/elements - {"using":"xpath","value":"//button[@data-kt=\"addButton\"]"}
RESULT: {"using":"xpath","value":"//button[@data-kt=\"addButton\"]"}
COMMAND: POST /session/96a1215806385093e4fe0bb4431e2f0d/execute/sync - {"script":"<script> [8489 bytes]","args":[{"element-6066-11e4-a52e-4f735466cecf":"f.6C726134546846331D3F032BC523D45A.d.CDD9E4E6A87206AFE15BED333339D168.e.859","ELEMENT":"f.6C726134546846331D3F032BC523D45A.d.CDD9E4E6A87206AFE15BED333339D168.e.859"}]}
RESULT: {"script":"<script> [8489 bytes]","args":[{"element-6066-11e4-a52e-4f735466cecf":"f.6C726134546846331D3F032BC523D45A.d.CDD9E4E6A87206AFE15BED333339D168.e.859","ELEMENT":"f.6C726134546846331D3F032BC523D45A.d.CDD9E4E6A87206AFE15BED333339D168.e.859"}]}
COMMAND: GET /session/96a1215806385093e4fe0bb4431e2f0d/element/f.6C726134546846331D3F032BC523D45A.d.CDD9E4E6A87206AFE15BED333339D168.e.859/enabled - {}
COMMAND: GET /session/96a1215806385093e4fe0bb4431e2f0d/screenshot - {}
RESULT: {}
COMMAND: POST /session/96a1215806385093e4fe0bb4431e2f0d/execute/sync - {"script":"<script> [8489 bytes]","args":[{"element-6066-11e4-a52e-4f735466cecf":"f.6C726134546846331D3F032BC523D45A.d.CDD9E4E6A87206AFE15BED333339D168.e.859","ELEMENT":"f.6C726134546846331D3F032BC523D45A.d.CDD9E4E6A87206AFE15BED333339D168.e.859"}]}
COMMAND: GET /session/96a1215806385093e4fe0bb4431e2f0d/screenshot - {}
RESULT: {}
RESULT: {"script":"<script> [8489 bytes]","args":[{"element-6066-11e4-a52e-4f735466cecf":"f.6C726134546846331D3F032BC523D45A.d.CDD9E4E6A87206AFE15BED333339D168.e.859","ELEMENT":"f.6C726134546846331D3F032BC523D45A.d.CDD9E4E6A87206AFE15BED333339D168.e.859"}]}
COMMAND: POST /session/96a1215806385093e4fe0bb4431e2f0d/execute/sync - {"script":"<script> [5351 bytes]","args":[{"element-6066-11e4-a52e-4f735466cecf":"f.6C726134546846331D3F032BC523D45A.d.CDD9E4E6A87206AFE15BED333339D168.e.859","ELEMENT":"f.6C726134546846331D3F032BC523D45A.d.CDD9E4E6A87206AFE15BED333339D168.e.859"}]}
COMMAND: GET /session/96a1215806385093e4fe0bb4431e2f0d/screenshot - {}
RESULT: {}
RESULT: {"script":"<script> [5351 bytes]","args":[{"element-6066-11e4-a52e-4f735466cecf":"f.6C726134546846331D3F032BC523D45A.d.CDD9E4E6A87206AFE15BED333339D168.e.859","ELEMENT":"f.6C726134546846331D3F032BC523D45A.d.CDD9E4E6A87206AFE15BED333339D168.e.859"}]}
COMMAND: GET /session/96a1215806385093e4fe0bb4431e2f0d/screenshot - {}
RESULT: {}
RESULT: {}
RESULT: undefined
COMMAND: POST /session/96a1215806385093e4fe0bb4431e2f0d/execute/async - {"script":"<script> [776 bytes]","args":[{"enterText":"EvsmtxeegG","selector":{"id":"application-addressmanagement-display-component---masterAdm--smartFilterBar-btnBasicSearch","interaction":{"idSuffix":"I"}},"clearTextFirst":true,"interactionType":"ENTER_TEXT"}]}
RESULT: {"script":"<script> [776 bytes]","args":[{"enterText":"EvsmtxeegG","selector":{"id":"application-addressmanagement-display-component---masterAdm--smartFilterBar-btnBasicSearch","interaction":{"idSuffix":"I"}},"clearTextFirst":true,"interactionType":"ENTER_TEXT"}]}
COMMAND: POST /session/96a1215806385093e4fe0bb4431e2f0d/actions - {"actions":[{"id":"action3","type":"key","parameters":{},"actions":[{"type":"keyDown","value":""},{"type":"pause","duration":10},{"type":"keyUp","value":""}]}]}
RESULT: {"actions":[{"id":"action3","type":"key","parameters":{},"actions":[{"type":"keyDown","value":""},{"type":"pause","duration":10},{"type":"keyUp","value":""}]}]}
COMMAND: GET /session/96a1215806385093e4fe0bb4431e2f0d/screenshot - {}
RESULT: {}
COMMAND: POST /session/96a1215806385093e4fe0bb4431e2f0d/elements - {"using":"xpath","value":"//table[contains(@id, \"customPersonsAddressesTable-listUl\")]/tbody/tr"}
RESULT: {"using":"xpath","value":"//table[contains(@id, \"customPersonsAddressesTable-listUl\")]/tbody/tr"}
COMMAND: POST /session/96a1215806385093e4fe0bb4431e2f0d/element - {"using":"xpath","value":"//table[contains(@id, \"customPersonsAddressesTable-listUl\")]/tbody/tr[1]/td[5]/span/span"}
RESULT: {"using":"xpath","value":"//table[contains(@id, \"customPersonsAddressesTable-listUl\")]/tbody/tr[1]/td[5]/span/span"}
COMMAND: POST /session/96a1215806385093e4fe0bb4431e2f0d/element - {"using":"xpath","value":"//table[contains(@id, \"customPersonsAddressesTable-listUl\")]/tbody/tr[1]/td[3]/span"}
RESULT: {"using":"xpath","value":"//table[contains(@id, \"customPersonsAddressesTable-listUl\")]/tbody/tr[1]/td[3]/span"}
COMMAND: POST /session/96a1215806385093e4fe0bb4431e2f0d/elements - {"using":"xpath","value":"//table[contains(@id, \"customPersonsAddressesTable-listUl\")]/tbody/tr[1]/td[5]/span/span"}
RESULT: {"using":"xpath","value":"//table[contains(@id, \"customPersonsAddressesTable-listUl\")]/tbody/tr[1]/td[5]/span/span"}
COMMAND: POST /session/96a1215806385093e4fe0bb4431e2f0d/execute/sync - {"script":"<script> [56 bytes]","args":[{"element-6066-11e4-a52e-4f735466cecf":"f.6C726134546846331D3F032BC523D45A.d.CDD9E4E6A87206AFE15BED333339D168.e.1010","ELEMENT":"f.6C726134546846331D3F032BC523D45A.d.CDD9E4E6A87206AFE15BED333339D168.e.1010"}]}
RESULT: {"script":"<script> [56 bytes]","args":[{"element-6066-11e4-a52e-4f735466cecf":"f.6C726134546846331D3F032BC523D45A.d.CDD9E4E6A87206AFE15BED333339D168.e.1010","ELEMENT":"f.6C726134546846331D3F032BC523D45A.d.CDD9E4E6A87206AFE15BED333339D168.e.1010"}]}
COMMAND: POST /session/96a1215806385093e4fe0bb4431e2f0d/execute/sync - {"script":"<script> [56 bytes]","args":[{"element-6066-11e4-a52e-4f735466cecf":"f.6C726134546846331D3F032BC523D45A.d.CDD9E4E6A87206AFE15BED333339D168.e.1011","ELEMENT":"f.6C726134546846331D3F032BC523D45A.d.CDD9E4E6A87206AFE15BED333339D168.e.1011"}]}
COMMAND: GET /session/96a1215806385093e4fe0bb4431e2f0d/screenshot - {}
RESULT: {"script":"<script> [56 bytes]","args":[{"element-6066-11e4-a52e-4f735466cecf":"f.6C726134546846331D3F032BC523D45A.d.CDD9E4E6A87206AFE15BED333339D168.e.1011","ELEMENT":"f.6C726134546846331D3F032BC523D45A.d.CDD9E4E6A87206AFE15BED333339D168.e.1011"}]}
COMMAND: POST /session/96a1215806385093e4fe0bb4431e2f0d/element - {"using":"xpath","value":"//table[contains(@id, \"customPersonsAddressesTable-listUl\")]/tbody/tr[1]/td[10]/div/span"}
COMMAND: GET /session/96a1215806385093e4fe0bb4431e2f0d/screenshot - {}
RESULT: {}
RESULT: {"using":"xpath","value":"//table[contains(@id, \"customPersonsAddressesTable-listUl\")]/tbody/tr[1]/td[10]/div/span"}
COMMAND: POST /session/96a1215806385093e4fe0bb4431e2f0d/execute/sync - {"script":"<script> [56 bytes]","args":[{"element-6066-11e4-a52e-4f735466cecf":"f.6C726134546846331D3F032BC523D45A.d.CDD9E4E6A87206AFE15BED333339D168.e.1012","ELEMENT":"f.6C726134546846331D3F032BC523D45A.d.CDD9E4E6A87206AFE15BED333339D168.e.1012"}]}
RESULT: {}
RESULT: {"script":"<script> [56 bytes]","args":[{"element-6066-11e4-a52e-4f735466cecf":"f.6C726134546846331D3F032BC523D45A.d.CDD9E4E6A87206AFE15BED333339D168.e.1012","ELEMENT":"f.6C726134546846331D3F032BC523D45A.d.CDD9E4E6A87206AFE15BED333339D168.e.1012"}]}
COMMAND: POST /session/96a1215806385093e4fe0bb4431e2f0d/element - {"using":"xpath","value":"//table[contains(@id, \"customPersonsAddressesTable-listUl\")]/tbody/tr[1]/td[2]/div/div"}
COMMAND: GET /session/96a1215806385093e4fe0bb4431e2f0d/screenshot - {}
RESULT: {}
RESULT: {"using":"xpath","value":"//table[contains(@id, \"customPersonsAddressesTable-listUl\")]/tbody/tr[1]/td[2]/div/div"}
COMMAND: POST /session/96a1215806385093e4fe0bb4431e2f0d/element/f.6C726134546846331D3F032BC523D45A.d.CDD9E4E6A87206AFE15BED333339D168.e.1013/click - {}
RESULT: {}
COMMAND: GET /session/96a1215806385093e4fe0bb4431e2f0d/screenshot - {}
RESULT: {}
COMMAND: POST /session/96a1215806385093e4fe0bb4431e2f0d/element - {"using":"xpath","value":"//bdi[contains(text(), \"Activate\")]"}
RESULT: {"using":"xpath","value":"//bdi[contains(text(), \"Activate\")]"}
COMMAND: POST /session/96a1215806385093e4fe0bb4431e2f0d/element/f.6C726134546846331D3F032BC523D45A.d.CDD9E4E6A87206AFE15BED333339D168.e.1014/click - {}
RESULT: {}
COMMAND: GET /session/96a1215806385093e4fe0bb4431e2f0d/screenshot - {}
RESULT: {}
COMMAND: POST /session/96a1215806385093e4fe0bb4431e2f0d/element - {"using":"xpath","value":"//bdi[contains(text(), \"Yes\")]"}
RESULT: {"using":"xpath","value":"//bdi[contains(text(), \"Yes\")]"}
COMMAND: POST /session/96a1215806385093e4fe0bb4431e2f0d/element/f.6C726134546846331D3F032BC523D45A.d.CDD9E4E6A87206AFE15BED333339D168.e.1016/click - {}
RESULT: {}
COMMAND: GET /session/96a1215806385093e4fe0bb4431e2f0d/screenshot - {}
RESULT: {}
COMMAND: POST /session/96a1215806385093e4fe0bb4431e2f0d/element - {"using":"xpath","value":"//table[contains(@id, \"customPersonsAddressesTable-listUl\")]/tbody/tr[1]/td[10]/div/span"}
RESULT: {"using":"xpath","value":"//table[contains(@id, \"customPersonsAddressesTable-listUl\")]/tbody/tr[1]/td[10]/div/span"}
COMMAND: POST /session/96a1215806385093e4fe0bb4431e2f0d/execute/sync - {"script":"<script> [56 bytes]","args":[{"element-6066-11e4-a52e-4f735466cecf":"f.6C726134546846331D3F032BC523D45A.d.CDD9E4E6A87206AFE15BED333339D168.e.1012","ELEMENT":"f.6C726134546846331D3F032BC523D45A.d.CDD9E4E6A87206AFE15BED333339D168.e.1012"}]}
RESULT: {"script":"<script> [56 bytes]","args":[{"element-6066-11e4-a52e-4f735466cecf":"f.6C726134546846331D3F032BC523D45A.d.CDD9E4E6A87206AFE15BED333339D168.e.1012","ELEMENT":"f.6C726134546846331D3F032BC523D45A.d.CDD9E4E6A87206AFE15BED333339D168.e.1012"}]}
COMMAND: GET /session/96a1215806385093e4fe0bb4431e2f0d/screenshot - {}
RESULT: {}
COMMAND: POST /session/96a1215806385093e4fe0bb4431e2f0d/element - {"using":"css selector","value":"#shell-header-logo"}
RESULT: {"using":"css selector","value":"#shell-header-logo"}
COMMAND: POST /session/96a1215806385093e4fe0bb4431e2f0d/element/f.6C726134546846331D3F032BC523D45A.d.CDD9E4E6A87206AFE15BED333339D168.e.821/click - {}
RESULT: {}
COMMAND: GET /session/96a1215806385093e4fe0bb4431e2f0d/screenshot - {}
RESULT: {}
]]></system-out>
    </testcase>
    <testcase classname="chrome.136_0_7103_93.windows.Address_Management_Tests_US156181_US151165_US151160_US156180_US156178_US151157_US151172_US151170_US151166_US151168" name="Step 4 Should verify searches US156180 edit person and address US156178" time="97.589">
      <system-out><![CDATA[
RESULT: undefined
COMMAND: POST /session/96a1215806385093e4fe0bb4431e2f0d/element - {"using":"xpath","value":"//*[@id=\"__tile33\"]"}
RESULT: {"using":"xpath","value":"//*[@id=\"__tile33\"]"}
COMMAND: POST /session/96a1215806385093e4fe0bb4431e2f0d/element/f.6C726134546846331D3F032BC523D45A.d.CDD9E4E6A87206AFE15BED333339D168.e.216/click - {}
RESULT: {}
COMMAND: GET /session/96a1215806385093e4fe0bb4431e2f0d/screenshot - {}
COMMAND: POST /session/96a1215806385093e4fe0bb4431e2f0d/elements - {"using":"xpath","value":"//span[text()='Error']"}
RESULT: {}
RESULT: {"using":"xpath","value":"//span[text()='Error']"}
COMMAND: POST /session/96a1215806385093e4fe0bb4431e2f0d/element - {"using":"xpath","value":"//button[@data-kt=\"addButton\"]"}
RESULT: {"using":"xpath","value":"//button[@data-kt=\"addButton\"]"}
COMMAND: POST /session/96a1215806385093e4fe0bb4431e2f0d/elements - {"using":"xpath","value":"//button[@data-kt=\"addButton\"]"}
RESULT: {"using":"xpath","value":"//button[@data-kt=\"addButton\"]"}
COMMAND: POST /session/96a1215806385093e4fe0bb4431e2f0d/execute/sync - {"script":"<script> [8489 bytes]","args":[{"element-6066-11e4-a52e-4f735466cecf":"f.6C726134546846331D3F032BC523D45A.d.CDD9E4E6A87206AFE15BED333339D168.e.1065","ELEMENT":"f.6C726134546846331D3F032BC523D45A.d.CDD9E4E6A87206AFE15BED333339D168.e.1065"}]}
RESULT: {"script":"<script> [8489 bytes]","args":[{"element-6066-11e4-a52e-4f735466cecf":"f.6C726134546846331D3F032BC523D45A.d.CDD9E4E6A87206AFE15BED333339D168.e.1065","ELEMENT":"f.6C726134546846331D3F032BC523D45A.d.CDD9E4E6A87206AFE15BED333339D168.e.1065"}]}
COMMAND: GET /session/96a1215806385093e4fe0bb4431e2f0d/element/f.6C726134546846331D3F032BC523D45A.d.CDD9E4E6A87206AFE15BED333339D168.e.1065/enabled - {}
COMMAND: GET /session/96a1215806385093e4fe0bb4431e2f0d/screenshot - {}
RESULT: {}
COMMAND: POST /session/96a1215806385093e4fe0bb4431e2f0d/execute/sync - {"script":"<script> [8489 bytes]","args":[{"element-6066-11e4-a52e-4f735466cecf":"f.6C726134546846331D3F032BC523D45A.d.CDD9E4E6A87206AFE15BED333339D168.e.1065","ELEMENT":"f.6C726134546846331D3F032BC523D45A.d.CDD9E4E6A87206AFE15BED333339D168.e.1065"}]}
COMMAND: GET /session/96a1215806385093e4fe0bb4431e2f0d/screenshot - {}
RESULT: {}
RESULT: {"script":"<script> [8489 bytes]","args":[{"element-6066-11e4-a52e-4f735466cecf":"f.6C726134546846331D3F032BC523D45A.d.CDD9E4E6A87206AFE15BED333339D168.e.1065","ELEMENT":"f.6C726134546846331D3F032BC523D45A.d.CDD9E4E6A87206AFE15BED333339D168.e.1065"}]}
COMMAND: POST /session/96a1215806385093e4fe0bb4431e2f0d/execute/sync - {"script":"<script> [5351 bytes]","args":[{"element-6066-11e4-a52e-4f735466cecf":"f.6C726134546846331D3F032BC523D45A.d.CDD9E4E6A87206AFE15BED333339D168.e.1065","ELEMENT":"f.6C726134546846331D3F032BC523D45A.d.CDD9E4E6A87206AFE15BED333339D168.e.1065"}]}
COMMAND: GET /session/96a1215806385093e4fe0bb4431e2f0d/screenshot - {}
RESULT: {}
RESULT: {"script":"<script> [5351 bytes]","args":[{"element-6066-11e4-a52e-4f735466cecf":"f.6C726134546846331D3F032BC523D45A.d.CDD9E4E6A87206AFE15BED333339D168.e.1065","ELEMENT":"f.6C726134546846331D3F032BC523D45A.d.CDD9E4E6A87206AFE15BED333339D168.e.1065"}]}
COMMAND: GET /session/96a1215806385093e4fe0bb4431e2f0d/screenshot - {}
RESULT: {}
RESULT: {}
RESULT: undefined
COMMAND: POST /session/96a1215806385093e4fe0bb4431e2f0d/execute/async - {"script":"<script> [776 bytes]","args":[{"enterText":"EvsmtxeegG","selector":{"id":"application-addressmanagement-display-component---masterAdm--smartFilterBar-btnBasicSearch","interaction":{"idSuffix":"I"}},"clearTextFirst":true,"interactionType":"ENTER_TEXT"}]}
RESULT: {"script":"<script> [776 bytes]","args":[{"enterText":"EvsmtxeegG","selector":{"id":"application-addressmanagement-display-component---masterAdm--smartFilterBar-btnBasicSearch","interaction":{"idSuffix":"I"}},"clearTextFirst":true,"interactionType":"ENTER_TEXT"}]}
COMMAND: POST /session/96a1215806385093e4fe0bb4431e2f0d/actions - {"actions":[{"id":"action4","type":"key","parameters":{},"actions":[{"type":"keyDown","value":""},{"type":"pause","duration":10},{"type":"keyUp","value":""}]}]}
RESULT: {"actions":[{"id":"action4","type":"key","parameters":{},"actions":[{"type":"keyDown","value":""},{"type":"pause","duration":10},{"type":"keyUp","value":""}]}]}
COMMAND: GET /session/96a1215806385093e4fe0bb4431e2f0d/screenshot - {}
RESULT: {}
COMMAND: POST /session/96a1215806385093e4fe0bb4431e2f0d/elements - {"using":"xpath","value":"//table[contains(@id, \"customPersonsAddressesTable-listUl\")]/tbody/tr"}
RESULT: {"using":"xpath","value":"//table[contains(@id, \"customPersonsAddressesTable-listUl\")]/tbody/tr"}
COMMAND: POST /session/96a1215806385093e4fe0bb4431e2f0d/element - {"using":"xpath","value":"//table[contains(@id, \"customPersonsAddressesTable-listUl\")]/tbody/tr[1]/td[5]/span/span"}
RESULT: {"using":"xpath","value":"//table[contains(@id, \"customPersonsAddressesTable-listUl\")]/tbody/tr[1]/td[5]/span/span"}
COMMAND: POST /session/96a1215806385093e4fe0bb4431e2f0d/element - {"using":"xpath","value":"//table[contains(@id, \"customPersonsAddressesTable-listUl\")]/tbody/tr[1]/td[3]/span"}
RESULT: {"using":"xpath","value":"//table[contains(@id, \"customPersonsAddressesTable-listUl\")]/tbody/tr[1]/td[3]/span"}
COMMAND: POST /session/96a1215806385093e4fe0bb4431e2f0d/elements - {"using":"xpath","value":"//table[contains(@id, \"customPersonsAddressesTable-listUl\")]/tbody/tr[1]/td[5]/span/span"}
RESULT: {"using":"xpath","value":"//table[contains(@id, \"customPersonsAddressesTable-listUl\")]/tbody/tr[1]/td[5]/span/span"}
COMMAND: POST /session/96a1215806385093e4fe0bb4431e2f0d/execute/sync - {"script":"<script> [56 bytes]","args":[{"element-6066-11e4-a52e-4f735466cecf":"f.6C726134546846331D3F032BC523D45A.d.CDD9E4E6A87206AFE15BED333339D168.e.1210","ELEMENT":"f.6C726134546846331D3F032BC523D45A.d.CDD9E4E6A87206AFE15BED333339D168.e.1210"}]}
RESULT: {"script":"<script> [56 bytes]","args":[{"element-6066-11e4-a52e-4f735466cecf":"f.6C726134546846331D3F032BC523D45A.d.CDD9E4E6A87206AFE15BED333339D168.e.1210","ELEMENT":"f.6C726134546846331D3F032BC523D45A.d.CDD9E4E6A87206AFE15BED333339D168.e.1210"}]}
COMMAND: POST /session/96a1215806385093e4fe0bb4431e2f0d/execute/sync - {"script":"<script> [56 bytes]","args":[{"element-6066-11e4-a52e-4f735466cecf":"f.6C726134546846331D3F032BC523D45A.d.CDD9E4E6A87206AFE15BED333339D168.e.1211","ELEMENT":"f.6C726134546846331D3F032BC523D45A.d.CDD9E4E6A87206AFE15BED333339D168.e.1211"}]}
COMMAND: GET /session/96a1215806385093e4fe0bb4431e2f0d/screenshot - {}
RESULT: {"script":"<script> [56 bytes]","args":[{"element-6066-11e4-a52e-4f735466cecf":"f.6C726134546846331D3F032BC523D45A.d.CDD9E4E6A87206AFE15BED333339D168.e.1211","ELEMENT":"f.6C726134546846331D3F032BC523D45A.d.CDD9E4E6A87206AFE15BED333339D168.e.1211"}]}
COMMAND: POST /session/96a1215806385093e4fe0bb4431e2f0d/element - {"using":"xpath","value":"(//span[contains(@id, \"imgNav\")])[1]"}
COMMAND: GET /session/96a1215806385093e4fe0bb4431e2f0d/screenshot - {}
RESULT: {}
RESULT: {"using":"xpath","value":"(//span[contains(@id, \"imgNav\")])[1]"}
COMMAND: POST /session/96a1215806385093e4fe0bb4431e2f0d/element/f.6C726134546846331D3F032BC523D45A.d.CDD9E4E6A87206AFE15BED333339D168.e.1207/click - {}
RESULT: {}
RESULT: {}
COMMAND: GET /session/96a1215806385093e4fe0bb4431e2f0d/screenshot - {}
RESULT: {}
COMMAND: POST /session/96a1215806385093e4fe0bb4431e2f0d/element - {"using":"xpath","value":"//bdi[contains(text(), \"Edit\")]"}
RESULT: {"using":"xpath","value":"//bdi[contains(text(), \"Edit\")]"}
COMMAND: POST /session/96a1215806385093e4fe0bb4431e2f0d/element/f.6C726134546846331D3F032BC523D45A.d.CDD9E4E6A87206AFE15BED333339D168.e.1333/click - {}
RESULT: {}
COMMAND: GET /session/96a1215806385093e4fe0bb4431e2f0d/screenshot - {}
RESULT: {}
COMMAND: POST /session/96a1215806385093e4fe0bb4431e2f0d/execute/async - {"script":"<script> [1562 bytes]","args":[{"selector":{"controlType":"sap.ui.core.Icon","viewName":"etm.portal.ui.addressmanagement.view.EditDetail","properties":{"src":{"regex":{"source":"slim\\-arrow\\-down"}}},"ancestor":{"id":"addressTitle","viewName":"etm.portal.ui.addressmanagement.view.EditDetail"}},"wdio_ui5_key":"etmportal.ui.addressmanagement.view.EditDetailsap.ui.core.Icon{\"src\":{\"regex\":{\"source\":\"slim\\\\-arrow\\\\-down\"}}}{\"id\":\"addressTitle\",\"viewName\":\"etm.portal.ui.addressmanagement.view.EditDetail\"}"}]}
RESULT: {"script":"<script> [1562 bytes]","args":[{"selector":{"controlType":"sap.ui.core.Icon","viewName":"etm.portal.ui.addressmanagement.view.EditDetail","properties":{"src":{"regex":{"source":"slim\\-arrow\\-down"}}},"ancestor":{"id":"addressTitle","viewName":"etm.portal.ui.addressmanagement.view.EditDetail"}},"wdio_ui5_key":"etmportal.ui.addressmanagement.view.EditDetailsap.ui.core.Icon{\"src\":{\"regex\":{\"source\":\"slim\\\\-arrow\\\\-down\"}}}{\"id\":\"addressTitle\",\"viewName\":\"etm.portal.ui.addressmanagement.view.EditDetail\"}"}]}
RESULT: undefined
COMMAND: POST /session/96a1215806385093e4fe0bb4431e2f0d/element - {"using":"xpath","value":"//*[@id=\"__xmlview59--addressTitle-arrow\"]"}
RESULT: {"using":"xpath","value":"//*[@id=\"__xmlview59--addressTitle-arrow\"]"}
COMMAND: POST /session/96a1215806385093e4fe0bb4431e2f0d/element/f.6C726134546846331D3F032BC523D45A.d.CDD9E4E6A87206AFE15BED333339D168.e.1370/click - {}
RESULT: {}
COMMAND: GET /session/96a1215806385093e4fe0bb4431e2f0d/screenshot - {}
RESULT: {}
COMMAND: POST /session/96a1215806385093e4fe0bb4431e2f0d/element - {"using":"xpath","value":"//li[.//span[text()=\"Mr.\"]]"}
RESULT: {"using":"xpath","value":"//li[.//span[text()=\"Mr.\"]]"}
COMMAND: POST /session/96a1215806385093e4fe0bb4431e2f0d/element/f.6C726134546846331D3F032BC523D45A.d.CDD9E4E6A87206AFE15BED333339D168.e.1372/click - {}
RESULT: {}
COMMAND: GET /session/96a1215806385093e4fe0bb4431e2f0d/screenshot - {}
RESULT: {}
COMMAND: POST /session/96a1215806385093e4fe0bb4431e2f0d/execute/async - {"script":"<script> [1562 bytes]","args":[{"selector":{"controlType":"sap.m.Input","viewName":"etm.portal.ui.addressmanagement.view.EditDetail","labelFor":{"text":"Last Name"},"interaction":{"idSuffix":"inner"}},"wdio_ui5_key":"etmportal.ui.addressmanagement.view.EditDetailsap.m.Input{\"text\":\"Last Name\"}"}]}
RESULT: {"script":"<script> [1562 bytes]","args":[{"selector":{"controlType":"sap.m.Input","viewName":"etm.portal.ui.addressmanagement.view.EditDetail","labelFor":{"text":"Last Name"},"interaction":{"idSuffix":"inner"}},"wdio_ui5_key":"etmportal.ui.addressmanagement.view.EditDetailsap.m.Input{\"text\":\"Last Name\"}"}]}
RESULT: undefined
COMMAND: POST /session/96a1215806385093e4fe0bb4431e2f0d/execute/async - {"script":"<script> [776 bytes]","args":[{"enterText":"EDIT John Cena","selector":{"controlType":"sap.m.Input","viewName":"etm.portal.ui.addressmanagement.view.EditDetail","labelFor":{"text":"Last Name"},"interaction":{"idSuffix":"inner"}},"clearTextFirst":true,"interactionType":"ENTER_TEXT"}]}
RESULT: {"script":"<script> [776 bytes]","args":[{"enterText":"EDIT John Cena","selector":{"controlType":"sap.m.Input","viewName":"etm.portal.ui.addressmanagement.view.EditDetail","labelFor":{"text":"Last Name"},"interaction":{"idSuffix":"inner"}},"clearTextFirst":true,"interactionType":"ENTER_TEXT"}]}
COMMAND: POST /session/96a1215806385093e4fe0bb4431e2f0d/execute/async - {"script":"<script> [1562 bytes]","args":[{"selector":{"controlType":"sap.ui.core.Icon","viewName":"etm.portal.ui.addressmanagement.view.EditDetail","properties":{"src":{"regex":{"source":"slim\\-arrow\\-down"}}},"ancestor":{"id":"addressDetailDetailsLanguage","viewName":"etm.portal.ui.addressmanagement.view.EditDetail"}},"wdio_ui5_key":"etmportal.ui.addressmanagement.view.EditDetailsap.ui.core.Icon{\"src\":{\"regex\":{\"source\":\"slim\\\\-arrow\\\\-down\"}}}{\"id\":\"addressDetailDetailsLanguage\",\"viewName\":\"etm.portal.ui.addressmanagement.view.EditDetail\"}"}]}
RESULT: {"script":"<script> [1562 bytes]","args":[{"selector":{"controlType":"sap.ui.core.Icon","viewName":"etm.portal.ui.addressmanagement.view.EditDetail","properties":{"src":{"regex":{"source":"slim\\-arrow\\-down"}}},"ancestor":{"id":"addressDetailDetailsLanguage","viewName":"etm.portal.ui.addressmanagement.view.EditDetail"}},"wdio_ui5_key":"etmportal.ui.addressmanagement.view.EditDetailsap.ui.core.Icon{\"src\":{\"regex\":{\"source\":\"slim\\\\-arrow\\\\-down\"}}}{\"id\":\"addressDetailDetailsLanguage\",\"viewName\":\"etm.portal.ui.addressmanagement.view.EditDetail\"}"}]}
RESULT: undefined
COMMAND: POST /session/96a1215806385093e4fe0bb4431e2f0d/element - {"using":"xpath","value":"//*[@id=\"__xmlview59--addressDetailDetailsLanguage-arrow\"]"}
RESULT: {"using":"xpath","value":"//*[@id=\"__xmlview59--addressDetailDetailsLanguage-arrow\"]"}
COMMAND: POST /session/96a1215806385093e4fe0bb4431e2f0d/element/f.6C726134546846331D3F032BC523D45A.d.CDD9E4E6A87206AFE15BED333339D168.e.1375/click - {}
RESULT: {}
COMMAND: GET /session/96a1215806385093e4fe0bb4431e2f0d/screenshot - {}
RESULT: {}
COMMAND: POST /session/96a1215806385093e4fe0bb4431e2f0d/element - {"using":"xpath","value":"//span[contains(text(), \"Bulgarian\")]"}
RESULT: {"using":"xpath","value":"//span[contains(text(), \"Bulgarian\")]"}
COMMAND: POST /session/96a1215806385093e4fe0bb4431e2f0d/element/f.6C726134546846331D3F032BC523D45A.d.CDD9E4E6A87206AFE15BED333339D168.e.1376/click - {}
RESULT: {}
COMMAND: GET /session/96a1215806385093e4fe0bb4431e2f0d/screenshot - {}
RESULT: {}
COMMAND: POST /session/96a1215806385093e4fe0bb4431e2f0d/execute/async - {"script":"<script> [1562 bytes]","args":[{"selector":{"controlType":"sap.m.Input","viewName":"etm.portal.ui.addressmanagement.view.EditDetail","labelFor":{"text":"ZIP/Postal code"},"interaction":{"idSuffix":"inner"}},"wdio_ui5_key":"etmportal.ui.addressmanagement.view.EditDetailsap.m.Input{\"text\":\"ZIP/Postal code\"}"}]}
RESULT: {"script":"<script> [1562 bytes]","args":[{"selector":{"controlType":"sap.m.Input","viewName":"etm.portal.ui.addressmanagement.view.EditDetail","labelFor":{"text":"ZIP/Postal code"},"interaction":{"idSuffix":"inner"}},"wdio_ui5_key":"etmportal.ui.addressmanagement.view.EditDetailsap.m.Input{\"text\":\"ZIP/Postal code\"}"}]}
RESULT: undefined
COMMAND: POST /session/96a1215806385093e4fe0bb4431e2f0d/execute/async - {"script":"<script> [776 bytes]","args":[{"enterText":"500292","selector":{"controlType":"sap.m.Input","viewName":"etm.portal.ui.addressmanagement.view.EditDetail","labelFor":{"text":"ZIP/Postal code"},"interaction":{"idSuffix":"inner"}},"clearTextFirst":true,"interactionType":"ENTER_TEXT"}]}
RESULT: {"script":"<script> [776 bytes]","args":[{"enterText":"500292","selector":{"controlType":"sap.m.Input","viewName":"etm.portal.ui.addressmanagement.view.EditDetail","labelFor":{"text":"ZIP/Postal code"},"interaction":{"idSuffix":"inner"}},"clearTextFirst":true,"interactionType":"ENTER_TEXT"}]}
COMMAND: POST /session/96a1215806385093e4fe0bb4431e2f0d/execute/async - {"script":"<script> [1562 bytes]","args":[{"selector":{"id":"addressDetailContactsEmail","viewName":"etm.portal.ui.addressmanagement.view.EditDetail","interaction":{"idSuffix":"inner"}},"wdio_ui5_key":"addressDetailContactsEmailetmportal.ui.addressmanagement.view.EditDetail"}]}
RESULT: {"script":"<script> [1562 bytes]","args":[{"selector":{"id":"addressDetailContactsEmail","viewName":"etm.portal.ui.addressmanagement.view.EditDetail","interaction":{"idSuffix":"inner"}},"wdio_ui5_key":"addressDetailContactsEmailetmportal.ui.addressmanagement.view.EditDetail"}]}
RESULT: undefined
COMMAND: POST /session/96a1215806385093e4fe0bb4431e2f0d/execute/async - {"script":"<script> [776 bytes]","args":[{"enterText":"webdriverrules@emailfake.com","selector":{"id":"addressDetailContactsEmail","viewName":"etm.portal.ui.addressmanagement.view.EditDetail","interaction":{"idSuffix":"inner"}},"clearTextFirst":true,"interactionType":"ENTER_TEXT"}]}
RESULT: {"script":"<script> [776 bytes]","args":[{"enterText":"webdriverrules@emailfake.com","selector":{"id":"addressDetailContactsEmail","viewName":"etm.portal.ui.addressmanagement.view.EditDetail","interaction":{"idSuffix":"inner"}},"clearTextFirst":true,"interactionType":"ENTER_TEXT"}]}
COMMAND: POST /session/96a1215806385093e4fe0bb4431e2f0d/execute/async - {"script":"<script> [1562 bytes]","args":[{"selector":{"id":"addressUserJobTitle","viewName":"etm.portal.ui.addressmanagement.view.EditDetail","interaction":{"idSuffix":"inner"}},"wdio_ui5_key":"addressUserJobTitleetmportal.ui.addressmanagement.view.EditDetail"}]}
RESULT: {"script":"<script> [1562 bytes]","args":[{"selector":{"id":"addressUserJobTitle","viewName":"etm.portal.ui.addressmanagement.view.EditDetail","interaction":{"idSuffix":"inner"}},"wdio_ui5_key":"addressUserJobTitleetmportal.ui.addressmanagement.view.EditDetail"}]}
RESULT: undefined
COMMAND: POST /session/96a1215806385093e4fe0bb4431e2f0d/execute/async - {"script":"<script> [776 bytes]","args":[{"enterText":"director","selector":{"id":"addressUserJobTitle","viewName":"etm.portal.ui.addressmanagement.view.EditDetail","interaction":{"idSuffix":"inner"}},"clearTextFirst":true,"interactionType":"ENTER_TEXT"}]}
RESULT: {"script":"<script> [776 bytes]","args":[{"enterText":"director","selector":{"id":"addressUserJobTitle","viewName":"etm.portal.ui.addressmanagement.view.EditDetail","interaction":{"idSuffix":"inner"}},"clearTextFirst":true,"interactionType":"ENTER_TEXT"}]}
COMMAND: POST /session/96a1215806385093e4fe0bb4431e2f0d/execute/async - {"script":"<script> [1562 bytes]","args":[{"selector":{"id":"tagMultiInput","viewName":"etm.portal.ui.addressmanagement.view.EditDetail","interaction":{"idSuffix":"inner"}},"wdio_ui5_key":"tagMultiInputetmportal.ui.addressmanagement.view.EditDetail"}]}
RESULT: {"script":"<script> [1562 bytes]","args":[{"selector":{"id":"tagMultiInput","viewName":"etm.portal.ui.addressmanagement.view.EditDetail","interaction":{"idSuffix":"inner"}},"wdio_ui5_key":"tagMultiInputetmportal.ui.addressmanagement.view.EditDetail"}]}
RESULT: undefined
COMMAND: POST /session/96a1215806385093e4fe0bb4431e2f0d/execute/async - {"script":"<script> [776 bytes]","args":[{"enterText":"testyTag1","selector":{"id":"tagMultiInput","viewName":"etm.portal.ui.addressmanagement.view.EditDetail","interaction":{"idSuffix":"inner"}},"clearTextFirst":true,"interactionType":"ENTER_TEXT"}]}
RESULT: {"script":"<script> [776 bytes]","args":[{"enterText":"testyTag1","selector":{"id":"tagMultiInput","viewName":"etm.portal.ui.addressmanagement.view.EditDetail","interaction":{"idSuffix":"inner"}},"clearTextFirst":true,"interactionType":"ENTER_TEXT"}]}
COMMAND: POST /session/96a1215806385093e4fe0bb4431e2f0d/actions - {"actions":[{"id":"action5","type":"key","parameters":{},"actions":[{"type":"keyDown","value":""},{"type":"pause","duration":10},{"type":"keyUp","value":""}]}]}
RESULT: {"actions":[{"id":"action5","type":"key","parameters":{},"actions":[{"type":"keyDown","value":""},{"type":"pause","duration":10},{"type":"keyUp","value":""}]}]}
COMMAND: GET /session/96a1215806385093e4fe0bb4431e2f0d/screenshot - {}
RESULT: {}
RESULT: undefined
COMMAND: POST /session/96a1215806385093e4fe0bb4431e2f0d/execute/async - {"script":"<script> [776 bytes]","args":[{"enterText":"taggyTag2","selector":{"id":"tagMultiInput","viewName":"etm.portal.ui.addressmanagement.view.EditDetail","interaction":{"idSuffix":"inner"}},"clearTextFirst":true,"interactionType":"ENTER_TEXT"}]}
RESULT: {"script":"<script> [776 bytes]","args":[{"enterText":"taggyTag2","selector":{"id":"tagMultiInput","viewName":"etm.portal.ui.addressmanagement.view.EditDetail","interaction":{"idSuffix":"inner"}},"clearTextFirst":true,"interactionType":"ENTER_TEXT"}]}
COMMAND: POST /session/96a1215806385093e4fe0bb4431e2f0d/actions - {"actions":[{"id":"action6","type":"key","parameters":{},"actions":[{"type":"keyDown","value":""},{"type":"pause","duration":10},{"type":"keyUp","value":""}]}]}
RESULT: {"actions":[{"id":"action6","type":"key","parameters":{},"actions":[{"type":"keyDown","value":""},{"type":"pause","duration":10},{"type":"keyUp","value":""}]}]}
COMMAND: GET /session/96a1215806385093e4fe0bb4431e2f0d/screenshot - {}
RESULT: {}
COMMAND: POST /session/96a1215806385093e4fe0bb4431e2f0d/element - {"using":"xpath","value":"//button[@data-kt=\"saveButton\"]"}
RESULT: {"using":"xpath","value":"//button[@data-kt=\"saveButton\"]"}
COMMAND: POST /session/96a1215806385093e4fe0bb4431e2f0d/element/f.6C726134546846331D3F032BC523D45A.d.CDD9E4E6A87206AFE15BED333339D168.e.1382/click - {}
RESULT: {}
COMMAND: GET /session/96a1215806385093e4fe0bb4431e2f0d/screenshot - {}
RESULT: {}
COMMAND: POST /session/96a1215806385093e4fe0bb4431e2f0d/element - {"using":"xpath","value":"//span[@id=\"application-addressmanagement-display-component---detailAdm--addressTitle\"]"}
RESULT: {"using":"xpath","value":"//span[@id=\"application-addressmanagement-display-component---detailAdm--addressTitle\"]"}
COMMAND: POST /session/96a1215806385093e4fe0bb4431e2f0d/elements - {"using":"xpath","value":"//span[@id=\"application-addressmanagement-display-component---detailAdm--addressTitle\"]"}
RESULT: {"using":"xpath","value":"//span[@id=\"application-addressmanagement-display-component---detailAdm--addressTitle\"]"}
COMMAND: POST /session/96a1215806385093e4fe0bb4431e2f0d/execute/sync - {"script":"<script> [56 bytes]","args":[{"element-6066-11e4-a52e-4f735466cecf":"f.6C726134546846331D3F032BC523D45A.d.CDD9E4E6A87206AFE15BED333339D168.e.1398","ELEMENT":"f.6C726134546846331D3F032BC523D45A.d.CDD9E4E6A87206AFE15BED333339D168.e.1398"}]}
RESULT: {"script":"<script> [56 bytes]","args":[{"element-6066-11e4-a52e-4f735466cecf":"f.6C726134546846331D3F032BC523D45A.d.CDD9E4E6A87206AFE15BED333339D168.e.1398","ELEMENT":"f.6C726134546846331D3F032BC523D45A.d.CDD9E4E6A87206AFE15BED333339D168.e.1398"}]}
COMMAND: POST /session/96a1215806385093e4fe0bb4431e2f0d/element - {"using":"xpath","value":"//span[@id=\"application-addressmanagement-display-component---detailAdm--addressDetailDetailsName2\"]"}
COMMAND: GET /session/96a1215806385093e4fe0bb4431e2f0d/screenshot - {}
RESULT: {"using":"xpath","value":"//span[@id=\"application-addressmanagement-display-component---detailAdm--addressDetailDetailsName2\"]"}
COMMAND: POST /session/96a1215806385093e4fe0bb4431e2f0d/elements - {"using":"xpath","value":"//span[@id=\"application-addressmanagement-display-component---detailAdm--addressDetailDetailsName2\"]"}
RESULT: {}
RESULT: {"using":"xpath","value":"//span[@id=\"application-addressmanagement-display-component---detailAdm--addressDetailDetailsName2\"]"}
COMMAND: POST /session/96a1215806385093e4fe0bb4431e2f0d/execute/sync - {"script":"<script> [56 bytes]","args":[{"element-6066-11e4-a52e-4f735466cecf":"f.6C726134546846331D3F032BC523D45A.d.CDD9E4E6A87206AFE15BED333339D168.e.1399","ELEMENT":"f.6C726134546846331D3F032BC523D45A.d.CDD9E4E6A87206AFE15BED333339D168.e.1399"}]}
RESULT: {"script":"<script> [56 bytes]","args":[{"element-6066-11e4-a52e-4f735466cecf":"f.6C726134546846331D3F032BC523D45A.d.CDD9E4E6A87206AFE15BED333339D168.e.1399","ELEMENT":"f.6C726134546846331D3F032BC523D45A.d.CDD9E4E6A87206AFE15BED333339D168.e.1399"}]}
COMMAND: POST /session/96a1215806385093e4fe0bb4431e2f0d/element - {"using":"xpath","value":"//span[@id=\"application-addressmanagement-display-component---detailAdm--addressDetailDetailsLanguage\"]"}
COMMAND: GET /session/96a1215806385093e4fe0bb4431e2f0d/screenshot - {}
RESULT: {"using":"xpath","value":"//span[@id=\"application-addressmanagement-display-component---detailAdm--addressDetailDetailsLanguage\"]"}
COMMAND: POST /session/96a1215806385093e4fe0bb4431e2f0d/elements - {"using":"xpath","value":"//span[@id=\"application-addressmanagement-display-component---detailAdm--addressDetailDetailsLanguage\"]"}
RESULT: {}
RESULT: {"using":"xpath","value":"//span[@id=\"application-addressmanagement-display-component---detailAdm--addressDetailDetailsLanguage\"]"}
COMMAND: POST /session/96a1215806385093e4fe0bb4431e2f0d/execute/sync - {"script":"<script> [56 bytes]","args":[{"element-6066-11e4-a52e-4f735466cecf":"f.6C726134546846331D3F032BC523D45A.d.CDD9E4E6A87206AFE15BED333339D168.e.1400","ELEMENT":"f.6C726134546846331D3F032BC523D45A.d.CDD9E4E6A87206AFE15BED333339D168.e.1400"}]}
RESULT: {"script":"<script> [56 bytes]","args":[{"element-6066-11e4-a52e-4f735466cecf":"f.6C726134546846331D3F032BC523D45A.d.CDD9E4E6A87206AFE15BED333339D168.e.1400","ELEMENT":"f.6C726134546846331D3F032BC523D45A.d.CDD9E4E6A87206AFE15BED333339D168.e.1400"}]}
COMMAND: POST /session/96a1215806385093e4fe0bb4431e2f0d/element - {"using":"xpath","value":"//span[@id=\"application-addressmanagement-display-component---detailAdm--addressDetailDetailsZip1\"]"}
COMMAND: GET /session/96a1215806385093e4fe0bb4431e2f0d/screenshot - {}
RESULT: {"using":"xpath","value":"//span[@id=\"application-addressmanagement-display-component---detailAdm--addressDetailDetailsZip1\"]"}
COMMAND: POST /session/96a1215806385093e4fe0bb4431e2f0d/elements - {"using":"xpath","value":"//span[@id=\"application-addressmanagement-display-component---detailAdm--addressDetailDetailsZip1\"]"}
RESULT: {}
RESULT: {"using":"xpath","value":"//span[@id=\"application-addressmanagement-display-component---detailAdm--addressDetailDetailsZip1\"]"}
COMMAND: POST /session/96a1215806385093e4fe0bb4431e2f0d/execute/sync - {"script":"<script> [56 bytes]","args":[{"element-6066-11e4-a52e-4f735466cecf":"f.6C726134546846331D3F032BC523D45A.d.CDD9E4E6A87206AFE15BED333339D168.e.1401","ELEMENT":"f.6C726134546846331D3F032BC523D45A.d.CDD9E4E6A87206AFE15BED333339D168.e.1401"}]}
RESULT: {"script":"<script> [56 bytes]","args":[{"element-6066-11e4-a52e-4f735466cecf":"f.6C726134546846331D3F032BC523D45A.d.CDD9E4E6A87206AFE15BED333339D168.e.1401","ELEMENT":"f.6C726134546846331D3F032BC523D45A.d.CDD9E4E6A87206AFE15BED333339D168.e.1401"}]}
COMMAND: POST /session/96a1215806385093e4fe0bb4431e2f0d/element - {"using":"xpath","value":"//span[@id=\"application-addressmanagement-display-component---detailAdm--addressDetailContactsEmail\"]"}
COMMAND: GET /session/96a1215806385093e4fe0bb4431e2f0d/screenshot - {}
RESULT: {"using":"xpath","value":"//span[@id=\"application-addressmanagement-display-component---detailAdm--addressDetailContactsEmail\"]"}
COMMAND: POST /session/96a1215806385093e4fe0bb4431e2f0d/elements - {"using":"xpath","value":"//span[@id=\"application-addressmanagement-display-component---detailAdm--addressDetailContactsEmail\"]"}
RESULT: {}
RESULT: {"using":"xpath","value":"//span[@id=\"application-addressmanagement-display-component---detailAdm--addressDetailContactsEmail\"]"}
COMMAND: POST /session/96a1215806385093e4fe0bb4431e2f0d/execute/sync - {"script":"<script> [56 bytes]","args":[{"element-6066-11e4-a52e-4f735466cecf":"f.6C726134546846331D3F032BC523D45A.d.CDD9E4E6A87206AFE15BED333339D168.e.1402","ELEMENT":"f.6C726134546846331D3F032BC523D45A.d.CDD9E4E6A87206AFE15BED333339D168.e.1402"}]}
RESULT: {"script":"<script> [56 bytes]","args":[{"element-6066-11e4-a52e-4f735466cecf":"f.6C726134546846331D3F032BC523D45A.d.CDD9E4E6A87206AFE15BED333339D168.e.1402","ELEMENT":"f.6C726134546846331D3F032BC523D45A.d.CDD9E4E6A87206AFE15BED333339D168.e.1402"}]}
COMMAND: POST /session/96a1215806385093e4fe0bb4431e2f0d/element - {"using":"xpath","value":"//span[@id=\"application-addressmanagement-display-component---detailAdm--addressUserJobTitle\"]"}
COMMAND: GET /session/96a1215806385093e4fe0bb4431e2f0d/screenshot - {}
RESULT: {"using":"xpath","value":"//span[@id=\"application-addressmanagement-display-component---detailAdm--addressUserJobTitle\"]"}
COMMAND: POST /session/96a1215806385093e4fe0bb4431e2f0d/elements - {"using":"xpath","value":"//span[@id=\"application-addressmanagement-display-component---detailAdm--addressUserJobTitle\"]"}
RESULT: {}
RESULT: {"using":"xpath","value":"//span[@id=\"application-addressmanagement-display-component---detailAdm--addressUserJobTitle\"]"}
COMMAND: POST /session/96a1215806385093e4fe0bb4431e2f0d/execute/sync - {"script":"<script> [56 bytes]","args":[{"element-6066-11e4-a52e-4f735466cecf":"f.6C726134546846331D3F032BC523D45A.d.CDD9E4E6A87206AFE15BED333339D168.e.1403","ELEMENT":"f.6C726134546846331D3F032BC523D45A.d.CDD9E4E6A87206AFE15BED333339D168.e.1403"}]}
RESULT: {"script":"<script> [56 bytes]","args":[{"element-6066-11e4-a52e-4f735466cecf":"f.6C726134546846331D3F032BC523D45A.d.CDD9E4E6A87206AFE15BED333339D168.e.1403","ELEMENT":"f.6C726134546846331D3F032BC523D45A.d.CDD9E4E6A87206AFE15BED333339D168.e.1403"}]}
COMMAND: POST /session/96a1215806385093e4fe0bb4431e2f0d/element - {"using":"xpath","value":"//span[contains(@class, \"sapMTokenText\") and text()=\"testyTag1\"]"}
COMMAND: GET /session/96a1215806385093e4fe0bb4431e2f0d/screenshot - {}
RESULT: {"using":"xpath","value":"//span[contains(@class, \"sapMTokenText\") and text()=\"testyTag1\"]"}
COMMAND: POST /session/96a1215806385093e4fe0bb4431e2f0d/element - {"using":"xpath","value":"//span[contains(@class, \"sapMTokenText\") and text()=\"taggyTag2\"]"}
RESULT: {}
RESULT: {"using":"xpath","value":"//span[contains(@class, \"sapMTokenText\") and text()=\"taggyTag2\"]"}
COMMAND: POST /session/96a1215806385093e4fe0bb4431e2f0d/elements - {"using":"xpath","value":"//span[contains(@class, \"sapMTokenText\") and text()=\"testyTag1\"]"}
RESULT: {"using":"xpath","value":"//span[contains(@class, \"sapMTokenText\") and text()=\"testyTag1\"]"}
COMMAND: POST /session/96a1215806385093e4fe0bb4431e2f0d/elements - {"using":"xpath","value":"//span[contains(@class, \"sapMTokenText\") and text()=\"taggyTag2\"]"}
RESULT: {"using":"xpath","value":"//span[contains(@class, \"sapMTokenText\") and text()=\"taggyTag2\"]"}
COMMAND: POST /session/96a1215806385093e4fe0bb4431e2f0d/element - {"using":"css selector","value":"#shell-header-logo"}
RESULT: {"using":"css selector","value":"#shell-header-logo"}
COMMAND: POST /session/96a1215806385093e4fe0bb4431e2f0d/element/f.6C726134546846331D3F032BC523D45A.d.CDD9E4E6A87206AFE15BED333339D168.e.1023/click - {}
RESULT: {}
COMMAND: GET /session/96a1215806385093e4fe0bb4431e2f0d/screenshot - {}
RESULT: {}
]]></system-out>
    </testcase>
    <testcase classname="chrome.136_0_7103_93.windows.Address_Management_Tests_US156181_US151165_US151160_US156180_US156178_US151157_US151172_US151170_US151166_US151168" name="Step 5 Should verify searches US156180 verify filters US151157" time="131.239">
      <system-out><![CDATA[
RESULT: undefined
COMMAND: POST /session/96a1215806385093e4fe0bb4431e2f0d/element - {"using":"xpath","value":"//*[@id=\"__tile33\"]"}
RESULT: {"using":"xpath","value":"//*[@id=\"__tile33\"]"}
COMMAND: POST /session/96a1215806385093e4fe0bb4431e2f0d/element/f.6C726134546846331D3F032BC523D45A.d.CDD9E4E6A87206AFE15BED333339D168.e.216/click - {}
RESULT: {}
COMMAND: GET /session/96a1215806385093e4fe0bb4431e2f0d/screenshot - {}
RESULT: {}
COMMAND: POST /session/96a1215806385093e4fe0bb4431e2f0d/elements - {"using":"xpath","value":"//span[text()='Error']"}
RESULT: {"using":"xpath","value":"//span[text()='Error']"}
COMMAND: POST /session/96a1215806385093e4fe0bb4431e2f0d/element - {"using":"xpath","value":"//button[@data-kt=\"addButton\"]"}
RESULT: {"using":"xpath","value":"//button[@data-kt=\"addButton\"]"}
COMMAND: POST /session/96a1215806385093e4fe0bb4431e2f0d/elements - {"using":"xpath","value":"//button[@data-kt=\"addButton\"]"}
RESULT: {"using":"xpath","value":"//button[@data-kt=\"addButton\"]"}
COMMAND: POST /session/96a1215806385093e4fe0bb4431e2f0d/execute/sync - {"script":"<script> [8489 bytes]","args":[{"element-6066-11e4-a52e-4f735466cecf":"f.6C726134546846331D3F032BC523D45A.d.CDD9E4E6A87206AFE15BED333339D168.e.1454","ELEMENT":"f.6C726134546846331D3F032BC523D45A.d.CDD9E4E6A87206AFE15BED333339D168.e.1454"}]}
RESULT: {"script":"<script> [8489 bytes]","args":[{"element-6066-11e4-a52e-4f735466cecf":"f.6C726134546846331D3F032BC523D45A.d.CDD9E4E6A87206AFE15BED333339D168.e.1454","ELEMENT":"f.6C726134546846331D3F032BC523D45A.d.CDD9E4E6A87206AFE15BED333339D168.e.1454"}]}
COMMAND: GET /session/96a1215806385093e4fe0bb4431e2f0d/element/f.6C726134546846331D3F032BC523D45A.d.CDD9E4E6A87206AFE15BED333339D168.e.1454/enabled - {}
COMMAND: GET /session/96a1215806385093e4fe0bb4431e2f0d/screenshot - {}
RESULT: {}
COMMAND: POST /session/96a1215806385093e4fe0bb4431e2f0d/execute/sync - {"script":"<script> [8489 bytes]","args":[{"element-6066-11e4-a52e-4f735466cecf":"f.6C726134546846331D3F032BC523D45A.d.CDD9E4E6A87206AFE15BED333339D168.e.1454","ELEMENT":"f.6C726134546846331D3F032BC523D45A.d.CDD9E4E6A87206AFE15BED333339D168.e.1454"}]}
COMMAND: GET /session/96a1215806385093e4fe0bb4431e2f0d/screenshot - {}
RESULT: {}
RESULT: {"script":"<script> [8489 bytes]","args":[{"element-6066-11e4-a52e-4f735466cecf":"f.6C726134546846331D3F032BC523D45A.d.CDD9E4E6A87206AFE15BED333339D168.e.1454","ELEMENT":"f.6C726134546846331D3F032BC523D45A.d.CDD9E4E6A87206AFE15BED333339D168.e.1454"}]}
COMMAND: POST /session/96a1215806385093e4fe0bb4431e2f0d/execute/sync - {"script":"<script> [5351 bytes]","args":[{"element-6066-11e4-a52e-4f735466cecf":"f.6C726134546846331D3F032BC523D45A.d.CDD9E4E6A87206AFE15BED333339D168.e.1454","ELEMENT":"f.6C726134546846331D3F032BC523D45A.d.CDD9E4E6A87206AFE15BED333339D168.e.1454"}]}
COMMAND: GET /session/96a1215806385093e4fe0bb4431e2f0d/screenshot - {}
RESULT: {}
RESULT: {"script":"<script> [5351 bytes]","args":[{"element-6066-11e4-a52e-4f735466cecf":"f.6C726134546846331D3F032BC523D45A.d.CDD9E4E6A87206AFE15BED333339D168.e.1454","ELEMENT":"f.6C726134546846331D3F032BC523D45A.d.CDD9E4E6A87206AFE15BED333339D168.e.1454"}]}
COMMAND: GET /session/96a1215806385093e4fe0bb4431e2f0d/screenshot - {}
RESULT: {}
RESULT: {}
COMMAND: POST /session/96a1215806385093e4fe0bb4431e2f0d/element - {"using":"xpath","value":"//span[@id=\"application-addressmanagement-display-component---masterAdm--smartTable-header-inner\"]"}
RESULT: {"using":"xpath","value":"//span[@id=\"application-addressmanagement-display-component---masterAdm--smartTable-header-inner\"]"}
COMMAND: POST /session/96a1215806385093e4fe0bb4431e2f0d/elements - {"using":"xpath","value":"//span[@id=\"application-addressmanagement-display-component---masterAdm--smartTable-header-inner\"]"}
RESULT: {"using":"xpath","value":"//span[@id=\"application-addressmanagement-display-component---masterAdm--smartTable-header-inner\"]"}
COMMAND: POST /session/96a1215806385093e4fe0bb4431e2f0d/execute/sync - {"script":"<script> [56 bytes]","args":[{"element-6066-11e4-a52e-4f735466cecf":"f.6C726134546846331D3F032BC523D45A.d.CDD9E4E6A87206AFE15BED333339D168.e.1588","ELEMENT":"f.6C726134546846331D3F032BC523D45A.d.CDD9E4E6A87206AFE15BED333339D168.e.1588"}]}
RESULT: {"script":"<script> [56 bytes]","args":[{"element-6066-11e4-a52e-4f735466cecf":"f.6C726134546846331D3F032BC523D45A.d.CDD9E4E6A87206AFE15BED333339D168.e.1588","ELEMENT":"f.6C726134546846331D3F032BC523D45A.d.CDD9E4E6A87206AFE15BED333339D168.e.1588"}]}
COMMAND: POST /session/96a1215806385093e4fe0bb4431e2f0d/execute/async - {"script":"<script> [1562 bytes]","args":[{"selector":{"id":"application-addressmanagement-display-component---masterAdm--smartFilterBar-filterItemControl_BASIC-COUNTRY-vhi"},"wdio_ui5_key":"applicationaddressmanagement-display-component---masterAdm--smartFilterBar-filterItemControl_BASIC-COUNTRY-vhi"}]}
COMMAND: GET /session/96a1215806385093e4fe0bb4431e2f0d/screenshot - {}
RESULT: {"script":"<script> [1562 bytes]","args":[{"selector":{"id":"application-addressmanagement-display-component---masterAdm--smartFilterBar-filterItemControl_BASIC-COUNTRY-vhi"},"wdio_ui5_key":"applicationaddressmanagement-display-component---masterAdm--smartFilterBar-filterItemControl_BASIC-COUNTRY-vhi"}]}
RESULT: undefined
COMMAND: POST /session/96a1215806385093e4fe0bb4431e2f0d/element - {"using":"xpath","value":"//*[@id=\"application-addressmanagement-display-component---masterAdm--smartFilterBar-filterItemControl_BASIC-COUNTRY-vhi\"]"}
RESULT: {}
RESULT: {"using":"xpath","value":"//*[@id=\"application-addressmanagement-display-component---masterAdm--smartFilterBar-filterItemControl_BASIC-COUNTRY-vhi\"]"}
COMMAND: POST /session/96a1215806385093e4fe0bb4431e2f0d/element/f.6C726134546846331D3F032BC523D45A.d.CDD9E4E6A87206AFE15BED333339D168.e.1589/click - {}
RESULT: {}
COMMAND: GET /session/96a1215806385093e4fe0bb4431e2f0d/screenshot - {}
RESULT: {}
COMMAND: POST /session/96a1215806385093e4fe0bb4431e2f0d/execute/async - {"script":"<script> [1562 bytes]","args":[{"selector":{"id":"application-addressmanagement-display-component---masterAdm--smartFilterBar-filterItemControl_BASIC-COUNTRY-valueHelpDialog-smartFilterBar-btnBasicSearch","searchOpenDialogs":true,"interaction":{"idSuffix":"I"}},"wdio_ui5_key":"applicationaddressmanagement-display-component---masterAdm--smartFilterBar-filterItemControl_BASIC-COUNTRY-valueHelpDialog-smartFilterBar-btnBasicSearch"}]}
RESULT: {"script":"<script> [1562 bytes]","args":[{"selector":{"id":"application-addressmanagement-display-component---masterAdm--smartFilterBar-filterItemControl_BASIC-COUNTRY-valueHelpDialog-smartFilterBar-btnBasicSearch","searchOpenDialogs":true,"interaction":{"idSuffix":"I"}},"wdio_ui5_key":"applicationaddressmanagement-display-component---masterAdm--smartFilterBar-filterItemControl_BASIC-COUNTRY-valueHelpDialog-smartFilterBar-btnBasicSearch"}]}
RESULT: undefined
COMMAND: POST /session/96a1215806385093e4fe0bb4431e2f0d/execute/async - {"script":"<script> [776 bytes]","args":[{"enterText":"Romania","selector":{"id":"application-addressmanagement-display-component---masterAdm--smartFilterBar-filterItemControl_BASIC-COUNTRY-valueHelpDialog-smartFilterBar-btnBasicSearch","searchOpenDialogs":true,"interaction":{"idSuffix":"I"}},"clearTextFirst":true,"interactionType":"ENTER_TEXT"}]}
RESULT: {"script":"<script> [776 bytes]","args":[{"enterText":"Romania","selector":{"id":"application-addressmanagement-display-component---masterAdm--smartFilterBar-filterItemControl_BASIC-COUNTRY-valueHelpDialog-smartFilterBar-btnBasicSearch","searchOpenDialogs":true,"interaction":{"idSuffix":"I"}},"clearTextFirst":true,"interactionType":"ENTER_TEXT"}]}
COMMAND: POST /session/96a1215806385093e4fe0bb4431e2f0d/actions - {"actions":[{"id":"action7","type":"key","parameters":{},"actions":[{"type":"keyDown","value":""},{"type":"pause","duration":10},{"type":"keyUp","value":""}]}]}
RESULT: {"actions":[{"id":"action7","type":"key","parameters":{},"actions":[{"type":"keyDown","value":""},{"type":"pause","duration":10},{"type":"keyUp","value":""}]}]}
COMMAND: POST /session/96a1215806385093e4fe0bb4431e2f0d/elements - {"using":"xpath","value":"//table[contains(@id, \"smartFilterBar-filterItemControl_BASIC-COUNTRY-valueHelpDialog-table-table\")]/tbody/tr"}
COMMAND: GET /session/96a1215806385093e4fe0bb4431e2f0d/screenshot - {}
RESULT: {"using":"xpath","value":"//table[contains(@id, \"smartFilterBar-filterItemControl_BASIC-COUNTRY-valueHelpDialog-table-table\")]/tbody/tr"}
COMMAND: POST /session/96a1215806385093e4fe0bb4431e2f0d/element - {"using":"xpath","value":"//table[contains(@id, \"smartFilterBar-filterItemControl_BASIC-COUNTRY-valueHelpDialog-table-table\")]/tbody/tr[1]/td[1]/div/span"}
RESULT: {}
RESULT: {"using":"xpath","value":"//table[contains(@id, \"smartFilterBar-filterItemControl_BASIC-COUNTRY-valueHelpDialog-table-table\")]/tbody/tr[1]/td[1]/div/span"}
COMMAND: POST /session/96a1215806385093e4fe0bb4431e2f0d/elements - {"using":"xpath","value":"//table[contains(@id, \"smartFilterBar-filterItemControl_BASIC-COUNTRY-valueHelpDialog-table-table\")]/tbody/tr[1]/td[1]/div/span"}
RESULT: {"using":"xpath","value":"//table[contains(@id, \"smartFilterBar-filterItemControl_BASIC-COUNTRY-valueHelpDialog-table-table\")]/tbody/tr[1]/td[1]/div/span"}
COMMAND: POST /session/96a1215806385093e4fe0bb4431e2f0d/execute/sync - {"script":"<script> [56 bytes]","args":[{"element-6066-11e4-a52e-4f735466cecf":"f.6C726134546846331D3F032BC523D45A.d.CDD9E4E6A87206AFE15BED333339D168.e.1609","ELEMENT":"f.6C726134546846331D3F032BC523D45A.d.CDD9E4E6A87206AFE15BED333339D168.e.1609"}]}
RESULT: {"script":"<script> [56 bytes]","args":[{"element-6066-11e4-a52e-4f735466cecf":"f.6C726134546846331D3F032BC523D45A.d.CDD9E4E6A87206AFE15BED333339D168.e.1609","ELEMENT":"f.6C726134546846331D3F032BC523D45A.d.CDD9E4E6A87206AFE15BED333339D168.e.1609"}]}
COMMAND: POST /session/96a1215806385093e4fe0bb4431e2f0d/element - {"using":"xpath","value":"//div[contains(@id, \"filterItemControl_BASIC-COUNTRY-valueHelpDialog-table-rowsel0\")]"}
COMMAND: GET /session/96a1215806385093e4fe0bb4431e2f0d/screenshot - {}
RESULT: {"using":"xpath","value":"//div[contains(@id, \"filterItemControl_BASIC-COUNTRY-valueHelpDialog-table-rowsel0\")]"}
COMMAND: POST /session/96a1215806385093e4fe0bb4431e2f0d/element/f.6C726134546846331D3F032BC523D45A.d.CDD9E4E6A87206AFE15BED333339D168.e.1610/click - {}
RESULT: {}
RESULT: {}
COMMAND: GET /session/96a1215806385093e4fe0bb4431e2f0d/screenshot - {}
RESULT: {}
COMMAND: POST /session/96a1215806385093e4fe0bb4431e2f0d/element - {"using":"xpath","value":"(//bdi[contains(text(), \"OK\")])[1]"}
RESULT: {"using":"xpath","value":"(//bdi[contains(text(), \"OK\")])[1]"}
COMMAND: POST /session/96a1215806385093e4fe0bb4431e2f0d/element/f.6C726134546846331D3F032BC523D45A.d.CDD9E4E6A87206AFE15BED333339D168.e.1612/click - {}
RESULT: {}
COMMAND: GET /session/96a1215806385093e4fe0bb4431e2f0d/screenshot - {}
RESULT: {}
COMMAND: POST /session/96a1215806385093e4fe0bb4431e2f0d/element - {"using":"xpath","value":"//span[@id=\"application-addressmanagement-display-component---masterAdm--smartTable-header-inner\"]"}
RESULT: {"using":"xpath","value":"//span[@id=\"application-addressmanagement-display-component---masterAdm--smartTable-header-inner\"]"}
COMMAND: POST /session/96a1215806385093e4fe0bb4431e2f0d/elements - {"using":"xpath","value":"//span[@id=\"application-addressmanagement-display-component---masterAdm--smartTable-header-inner\"]"}
RESULT: {"using":"xpath","value":"//span[@id=\"application-addressmanagement-display-component---masterAdm--smartTable-header-inner\"]"}
COMMAND: POST /session/96a1215806385093e4fe0bb4431e2f0d/execute/sync - {"script":"<script> [56 bytes]","args":[{"element-6066-11e4-a52e-4f735466cecf":"f.6C726134546846331D3F032BC523D45A.d.CDD9E4E6A87206AFE15BED333339D168.e.1588","ELEMENT":"f.6C726134546846331D3F032BC523D45A.d.CDD9E4E6A87206AFE15BED333339D168.e.1588"}]}
RESULT: {"script":"<script> [56 bytes]","args":[{"element-6066-11e4-a52e-4f735466cecf":"f.6C726134546846331D3F032BC523D45A.d.CDD9E4E6A87206AFE15BED333339D168.e.1588","ELEMENT":"f.6C726134546846331D3F032BC523D45A.d.CDD9E4E6A87206AFE15BED333339D168.e.1588"}]}
COMMAND: POST /session/96a1215806385093e4fe0bb4431e2f0d/element - {"using":"xpath","value":"//span[contains(@title, \"Remove\")]"}
COMMAND: GET /session/96a1215806385093e4fe0bb4431e2f0d/screenshot - {}
RESULT: {"using":"xpath","value":"//span[contains(@title, \"Remove\")]"}
COMMAND: POST /session/96a1215806385093e4fe0bb4431e2f0d/element/f.6C726134546846331D3F032BC523D45A.d.CDD9E4E6A87206AFE15BED333339D168.e.1738/click - {}
RESULT: {}
RESULT: {}
COMMAND: GET /session/96a1215806385093e4fe0bb4431e2f0d/screenshot - {}
COMMAND: POST /session/96a1215806385093e4fe0bb4431e2f0d/element - {"using":"xpath","value":"//span[@id=\"application-addressmanagement-display-component---masterAdm--smartTable-header-inner\"]"}
RESULT: {}
RESULT: {"using":"xpath","value":"//span[@id=\"application-addressmanagement-display-component---masterAdm--smartTable-header-inner\"]"}
COMMAND: POST /session/96a1215806385093e4fe0bb4431e2f0d/elements - {"using":"xpath","value":"//span[@id=\"application-addressmanagement-display-component---masterAdm--smartTable-header-inner\"]"}
RESULT: {"using":"xpath","value":"//span[@id=\"application-addressmanagement-display-component---masterAdm--smartTable-header-inner\"]"}
COMMAND: POST /session/96a1215806385093e4fe0bb4431e2f0d/execute/sync - {"script":"<script> [56 bytes]","args":[{"element-6066-11e4-a52e-4f735466cecf":"f.6C726134546846331D3F032BC523D45A.d.CDD9E4E6A87206AFE15BED333339D168.e.1588","ELEMENT":"f.6C726134546846331D3F032BC523D45A.d.CDD9E4E6A87206AFE15BED333339D168.e.1588"}]}
RESULT: {"script":"<script> [56 bytes]","args":[{"element-6066-11e4-a52e-4f735466cecf":"f.6C726134546846331D3F032BC523D45A.d.CDD9E4E6A87206AFE15BED333339D168.e.1588","ELEMENT":"f.6C726134546846331D3F032BC523D45A.d.CDD9E4E6A87206AFE15BED333339D168.e.1588"}]}
RESULT: undefined
COMMAND: POST /session/96a1215806385093e4fe0bb4431e2f0d/element - {"using":"xpath","value":"//*[@id=\"application-addressmanagement-display-component---masterAdm--smartFilterBar-filterItemControl_BASIC-COUNTRY-vhi\"]"}
COMMAND: GET /session/96a1215806385093e4fe0bb4431e2f0d/screenshot - {}
RESULT: {"using":"xpath","value":"//*[@id=\"application-addressmanagement-display-component---masterAdm--smartFilterBar-filterItemControl_BASIC-COUNTRY-vhi\"]"}
COMMAND: POST /session/96a1215806385093e4fe0bb4431e2f0d/element/f.6C726134546846331D3F032BC523D45A.d.CDD9E4E6A87206AFE15BED333339D168.e.1589/click - {}
RESULT: {}
RESULT: {}
COMMAND: GET /session/96a1215806385093e4fe0bb4431e2f0d/screenshot - {}
RESULT: {}
RESULT: undefined
COMMAND: POST /session/96a1215806385093e4fe0bb4431e2f0d/execute/async - {"script":"<script> [776 bytes]","args":[{"enterText":"Romania","selector":{"id":"application-addressmanagement-display-component---masterAdm--smartFilterBar-filterItemControl_BASIC-COUNTRY-valueHelpDialog-smartFilterBar-btnBasicSearch","searchOpenDialogs":true,"interaction":{"idSuffix":"I"}},"clearTextFirst":true,"interactionType":"ENTER_TEXT"}]}
RESULT: {"script":"<script> [776 bytes]","args":[{"enterText":"Romania","selector":{"id":"application-addressmanagement-display-component---masterAdm--smartFilterBar-filterItemControl_BASIC-COUNTRY-valueHelpDialog-smartFilterBar-btnBasicSearch","searchOpenDialogs":true,"interaction":{"idSuffix":"I"}},"clearTextFirst":true,"interactionType":"ENTER_TEXT"}]}
COMMAND: POST /session/96a1215806385093e4fe0bb4431e2f0d/actions - {"actions":[{"id":"action8","type":"key","parameters":{},"actions":[{"type":"keyDown","value":""},{"type":"pause","duration":10},{"type":"keyUp","value":""}]}]}
RESULT: {"actions":[{"id":"action8","type":"key","parameters":{},"actions":[{"type":"keyDown","value":""},{"type":"pause","duration":10},{"type":"keyUp","value":""}]}]}
COMMAND: GET /session/96a1215806385093e4fe0bb4431e2f0d/screenshot - {}
RESULT: {}
COMMAND: POST /session/96a1215806385093e4fe0bb4431e2f0d/elements - {"using":"xpath","value":"//table[contains(@id, \"smartFilterBar-filterItemControl_BASIC-COUNTRY-valueHelpDialog-table-table\")]/tbody/tr"}
RESULT: {"using":"xpath","value":"//table[contains(@id, \"smartFilterBar-filterItemControl_BASIC-COUNTRY-valueHelpDialog-table-table\")]/tbody/tr"}
COMMAND: POST /session/96a1215806385093e4fe0bb4431e2f0d/element - {"using":"xpath","value":"//table[contains(@id, \"smartFilterBar-filterItemControl_BASIC-COUNTRY-valueHelpDialog-table-table\")]/tbody/tr[1]/td[1]/div/span"}
RESULT: {"using":"xpath","value":"//table[contains(@id, \"smartFilterBar-filterItemControl_BASIC-COUNTRY-valueHelpDialog-table-table\")]/tbody/tr[1]/td[1]/div/span"}
COMMAND: POST /session/96a1215806385093e4fe0bb4431e2f0d/elements - {"using":"xpath","value":"//table[contains(@id, \"smartFilterBar-filterItemControl_BASIC-COUNTRY-valueHelpDialog-table-table\")]/tbody/tr[1]/td[1]/div/span"}
RESULT: {"using":"xpath","value":"//table[contains(@id, \"smartFilterBar-filterItemControl_BASIC-COUNTRY-valueHelpDialog-table-table\")]/tbody/tr[1]/td[1]/div/span"}
COMMAND: POST /session/96a1215806385093e4fe0bb4431e2f0d/execute/sync - {"script":"<script> [56 bytes]","args":[{"element-6066-11e4-a52e-4f735466cecf":"f.6C726134546846331D3F032BC523D45A.d.CDD9E4E6A87206AFE15BED333339D168.e.1819","ELEMENT":"f.6C726134546846331D3F032BC523D45A.d.CDD9E4E6A87206AFE15BED333339D168.e.1819"}]}
RESULT: {"script":"<script> [56 bytes]","args":[{"element-6066-11e4-a52e-4f735466cecf":"f.6C726134546846331D3F032BC523D45A.d.CDD9E4E6A87206AFE15BED333339D168.e.1819","ELEMENT":"f.6C726134546846331D3F032BC523D45A.d.CDD9E4E6A87206AFE15BED333339D168.e.1819"}]}
COMMAND: POST /session/96a1215806385093e4fe0bb4431e2f0d/element - {"using":"xpath","value":"//div[contains(@id, \"filterItemControl_BASIC-COUNTRY-valueHelpDialog-table-rowsel0\")]"}
COMMAND: GET /session/96a1215806385093e4fe0bb4431e2f0d/screenshot - {}
RESULT: {"using":"xpath","value":"//div[contains(@id, \"filterItemControl_BASIC-COUNTRY-valueHelpDialog-table-rowsel0\")]"}
COMMAND: POST /session/96a1215806385093e4fe0bb4431e2f0d/element/f.6C726134546846331D3F032BC523D45A.d.CDD9E4E6A87206AFE15BED333339D168.e.1820/click - {}
RESULT: {}
RESULT: {}
COMMAND: GET /session/96a1215806385093e4fe0bb4431e2f0d/screenshot - {}
RESULT: {}
RESULT: undefined
COMMAND: POST /session/96a1215806385093e4fe0bb4431e2f0d/element - {"using":"xpath","value":"//*[@id=\"application-addressmanagement-display-component---masterAdm--smartFilterBar-filterItemControl_BASIC-COUNTRY-vhi\"]"}
RESULT: {"using":"xpath","value":"//*[@id=\"application-addressmanagement-display-component---masterAdm--smartFilterBar-filterItemControl_BASIC-COUNTRY-vhi\"]"}
COMMAND: POST /session/96a1215806385093e4fe0bb4431e2f0d/element/f.6C726134546846331D3F032BC523D45A.d.CDD9E4E6A87206AFE15BED333339D168.e.1589/click - {}
RESULT: undefined
COMMAND: POST /session/96a1215806385093e4fe0bb4431e2f0d/execute/async - {"script":"<script> [776 bytes]","args":[{"enterText":"Argentina","selector":{"id":"application-addressmanagement-display-component---masterAdm--smartFilterBar-filterItemControl_BASIC-COUNTRY-valueHelpDialog-smartFilterBar-btnBasicSearch","searchOpenDialogs":true,"interaction":{"idSuffix":"I"}},"clearTextFirst":true,"interactionType":"ENTER_TEXT"}]}
RESULT: {"script":"<script> [776 bytes]","args":[{"enterText":"Argentina","selector":{"id":"application-addressmanagement-display-component---masterAdm--smartFilterBar-filterItemControl_BASIC-COUNTRY-valueHelpDialog-smartFilterBar-btnBasicSearch","searchOpenDialogs":true,"interaction":{"idSuffix":"I"}},"clearTextFirst":true,"interactionType":"ENTER_TEXT"}]}
COMMAND: POST /session/96a1215806385093e4fe0bb4431e2f0d/actions - {"actions":[{"id":"action9","type":"key","parameters":{},"actions":[{"type":"keyDown","value":""},{"type":"pause","duration":10},{"type":"keyUp","value":""}]}]}
RESULT: {"actions":[{"id":"action9","type":"key","parameters":{},"actions":[{"type":"keyDown","value":""},{"type":"pause","duration":10},{"type":"keyUp","value":""}]}]}
COMMAND: GET /session/96a1215806385093e4fe0bb4431e2f0d/screenshot - {}
RESULT: {}
COMMAND: POST /session/96a1215806385093e4fe0bb4431e2f0d/elements - {"using":"xpath","value":"//table[contains(@id, \"smartFilterBar-filterItemControl_BASIC-COUNTRY-valueHelpDialog-table-table\")]/tbody/tr"}
RESULT: {"using":"xpath","value":"//table[contains(@id, \"smartFilterBar-filterItemControl_BASIC-COUNTRY-valueHelpDialog-table-table\")]/tbody/tr"}
COMMAND: POST /session/96a1215806385093e4fe0bb4431e2f0d/element - {"using":"xpath","value":"//table[contains(@id, \"smartFilterBar-filterItemControl_BASIC-COUNTRY-valueHelpDialog-table-table\")]/tbody/tr[1]/td[1]/div/span"}
RESULT: {"using":"xpath","value":"//table[contains(@id, \"smartFilterBar-filterItemControl_BASIC-COUNTRY-valueHelpDialog-table-table\")]/tbody/tr[1]/td[1]/div/span"}
COMMAND: POST /session/96a1215806385093e4fe0bb4431e2f0d/elements - {"using":"xpath","value":"//table[contains(@id, \"smartFilterBar-filterItemControl_BASIC-COUNTRY-valueHelpDialog-table-table\")]/tbody/tr[1]/td[1]/div/span"}
RESULT: {"using":"xpath","value":"//table[contains(@id, \"smartFilterBar-filterItemControl_BASIC-COUNTRY-valueHelpDialog-table-table\")]/tbody/tr[1]/td[1]/div/span"}
COMMAND: POST /session/96a1215806385093e4fe0bb4431e2f0d/execute/sync - {"script":"<script> [56 bytes]","args":[{"element-6066-11e4-a52e-4f735466cecf":"f.6C726134546846331D3F032BC523D45A.d.CDD9E4E6A87206AFE15BED333339D168.e.1819","ELEMENT":"f.6C726134546846331D3F032BC523D45A.d.CDD9E4E6A87206AFE15BED333339D168.e.1819"}]}
RESULT: {"script":"<script> [56 bytes]","args":[{"element-6066-11e4-a52e-4f735466cecf":"f.6C726134546846331D3F032BC523D45A.d.CDD9E4E6A87206AFE15BED333339D168.e.1819","ELEMENT":"f.6C726134546846331D3F032BC523D45A.d.CDD9E4E6A87206AFE15BED333339D168.e.1819"}]}
COMMAND: POST /session/96a1215806385093e4fe0bb4431e2f0d/element - {"using":"xpath","value":"//div[contains(@id, \"filterItemControl_BASIC-COUNTRY-valueHelpDialog-table-rowsel0\")]"}
COMMAND: GET /session/96a1215806385093e4fe0bb4431e2f0d/screenshot - {}
RESULT: {"using":"xpath","value":"//div[contains(@id, \"filterItemControl_BASIC-COUNTRY-valueHelpDialog-table-rowsel0\")]"}
COMMAND: POST /session/96a1215806385093e4fe0bb4431e2f0d/element/f.6C726134546846331D3F032BC523D45A.d.CDD9E4E6A87206AFE15BED333339D168.e.1820/click - {}
RESULT: {}
RESULT: {}
COMMAND: GET /session/96a1215806385093e4fe0bb4431e2f0d/screenshot - {}
RESULT: {}
COMMAND: POST /session/96a1215806385093e4fe0bb4431e2f0d/element - {"using":"xpath","value":"(//bdi[contains(text(), \"OK\")])[1]"}
RESULT: {"using":"xpath","value":"(//bdi[contains(text(), \"OK\")])[1]"}
COMMAND: POST /session/96a1215806385093e4fe0bb4431e2f0d/element/f.6C726134546846331D3F032BC523D45A.d.CDD9E4E6A87206AFE15BED333339D168.e.1822/click - {}
RESULT: {}
COMMAND: GET /session/96a1215806385093e4fe0bb4431e2f0d/screenshot - {}
RESULT: {}
COMMAND: POST /session/96a1215806385093e4fe0bb4431e2f0d/element - {"using":"xpath","value":"//span[@id=\"application-addressmanagement-display-component---masterAdm--smartTable-header-inner\"]"}
RESULT: {"using":"xpath","value":"//span[@id=\"application-addressmanagement-display-component---masterAdm--smartTable-header-inner\"]"}
COMMAND: POST /session/96a1215806385093e4fe0bb4431e2f0d/elements - {"using":"xpath","value":"//span[@id=\"application-addressmanagement-display-component---masterAdm--smartTable-header-inner\"]"}
RESULT: {"using":"xpath","value":"//span[@id=\"application-addressmanagement-display-component---masterAdm--smartTable-header-inner\"]"}
COMMAND: POST /session/96a1215806385093e4fe0bb4431e2f0d/execute/sync - {"script":"<script> [56 bytes]","args":[{"element-6066-11e4-a52e-4f735466cecf":"f.6C726134546846331D3F032BC523D45A.d.CDD9E4E6A87206AFE15BED333339D168.e.1588","ELEMENT":"f.6C726134546846331D3F032BC523D45A.d.CDD9E4E6A87206AFE15BED333339D168.e.1588"}]}
RESULT: {"script":"<script> [56 bytes]","args":[{"element-6066-11e4-a52e-4f735466cecf":"f.6C726134546846331D3F032BC523D45A.d.CDD9E4E6A87206AFE15BED333339D168.e.1588","ELEMENT":"f.6C726134546846331D3F032BC523D45A.d.CDD9E4E6A87206AFE15BED333339D168.e.1588"}]}
COMMAND: POST /session/96a1215806385093e4fe0bb4431e2f0d/execute/async - {"script":"<script> [1562 bytes]","args":[{"selector":{"id":"application-addressmanagement-display-component---masterAdm--smartFilterBar-filterItemControl_BASIC-NAME-vhi"},"wdio_ui5_key":"applicationaddressmanagement-display-component---masterAdm--smartFilterBar-filterItemControl_BASIC-NAME-vhi"}]}
COMMAND: GET /session/96a1215806385093e4fe0bb4431e2f0d/screenshot - {}
RESULT: {"script":"<script> [1562 bytes]","args":[{"selector":{"id":"application-addressmanagement-display-component---masterAdm--smartFilterBar-filterItemControl_BASIC-NAME-vhi"},"wdio_ui5_key":"applicationaddressmanagement-display-component---masterAdm--smartFilterBar-filterItemControl_BASIC-NAME-vhi"}]}
RESULT: undefined
COMMAND: POST /session/96a1215806385093e4fe0bb4431e2f0d/element - {"using":"xpath","value":"//*[@id=\"application-addressmanagement-display-component---masterAdm--smartFilterBar-filterItemControl_BASIC-NAME-vhi\"]"}
RESULT: {}
RESULT: {"using":"xpath","value":"//*[@id=\"application-addressmanagement-display-component---masterAdm--smartFilterBar-filterItemControl_BASIC-NAME-vhi\"]"}
COMMAND: POST /session/96a1215806385093e4fe0bb4431e2f0d/element/f.6C726134546846331D3F032BC523D45A.d.CDD9E4E6A87206AFE15BED333339D168.e.1852/click - {}
RESULT: {}
COMMAND: GET /session/96a1215806385093e4fe0bb4431e2f0d/screenshot - {}
RESULT: {}
COMMAND: POST /session/96a1215806385093e4fe0bb4431e2f0d/execute/async - {"script":"<script> [1562 bytes]","args":[{"selector":{"controlType":"sap.m.Input","viewName":"etm.portal.ui.addressmanagement.view.Master","viewId":"application-addressmanagement-display-component---masterAdm","properties":{"valueState":"None"},"searchOpenDialogs":true,"interaction":{"idSuffix":"inner"}},"wdio_ui5_key":"etmportal.ui.addressmanagement.view.Mastersap.m.Input{\"valueState\":\"None\"}"}]}
RESULT: {"script":"<script> [1562 bytes]","args":[{"selector":{"controlType":"sap.m.Input","viewName":"etm.portal.ui.addressmanagement.view.Master","viewId":"application-addressmanagement-display-component---masterAdm","properties":{"valueState":"None"},"searchOpenDialogs":true,"interaction":{"idSuffix":"inner"}},"wdio_ui5_key":"etmportal.ui.addressmanagement.view.Mastersap.m.Input{\"valueState\":\"None\"}"}]}
RESULT: undefined
COMMAND: POST /session/96a1215806385093e4fe0bb4431e2f0d/execute/async - {"script":"<script> [776 bytes]","args":[{"enterText":"Test","selector":{"controlType":"sap.m.Input","viewName":"etm.portal.ui.addressmanagement.view.Master","viewId":"application-addressmanagement-display-component---masterAdm","properties":{"valueState":"None"},"searchOpenDialogs":true,"interaction":{"idSuffix":"inner"}},"clearTextFirst":true,"interactionType":"ENTER_TEXT"}]}
RESULT: {"script":"<script> [776 bytes]","args":[{"enterText":"Test","selector":{"controlType":"sap.m.Input","viewName":"etm.portal.ui.addressmanagement.view.Master","viewId":"application-addressmanagement-display-component---masterAdm","properties":{"valueState":"None"},"searchOpenDialogs":true,"interaction":{"idSuffix":"inner"}},"clearTextFirst":true,"interactionType":"ENTER_TEXT"}]}
COMMAND: POST /session/96a1215806385093e4fe0bb4431e2f0d/actions - {"actions":[{"id":"action10","type":"key","parameters":{},"actions":[{"type":"keyDown","value":""},{"type":"pause","duration":10},{"type":"keyUp","value":""}]}]}
RESULT: {"actions":[{"id":"action10","type":"key","parameters":{},"actions":[{"type":"keyDown","value":""},{"type":"pause","duration":10},{"type":"keyUp","value":""}]}]}
COMMAND: GET /session/96a1215806385093e4fe0bb4431e2f0d/screenshot - {}
RESULT: {}
COMMAND: POST /session/96a1215806385093e4fe0bb4431e2f0d/element - {"using":"xpath","value":"(//bdi[contains(text(), \"OK\")])[1]"}
RESULT: {"using":"xpath","value":"(//bdi[contains(text(), \"OK\")])[1]"}
COMMAND: POST /session/96a1215806385093e4fe0bb4431e2f0d/element/f.6C726134546846331D3F032BC523D45A.d.CDD9E4E6A87206AFE15BED333339D168.e.1858/click - {}
RESULT: {}
COMMAND: GET /session/96a1215806385093e4fe0bb4431e2f0d/screenshot - {}
RESULT: {}
COMMAND: POST /session/96a1215806385093e4fe0bb4431e2f0d/element - {"using":"xpath","value":"//span[@id=\"application-addressmanagement-display-component---masterAdm--smartTable-header-inner\"]"}
RESULT: {"using":"xpath","value":"//span[@id=\"application-addressmanagement-display-component---masterAdm--smartTable-header-inner\"]"}
COMMAND: POST /session/96a1215806385093e4fe0bb4431e2f0d/elements - {"using":"xpath","value":"//span[@id=\"application-addressmanagement-display-component---masterAdm--smartTable-header-inner\"]"}
RESULT: {"using":"xpath","value":"//span[@id=\"application-addressmanagement-display-component---masterAdm--smartTable-header-inner\"]"}
COMMAND: POST /session/96a1215806385093e4fe0bb4431e2f0d/execute/sync - {"script":"<script> [56 bytes]","args":[{"element-6066-11e4-a52e-4f735466cecf":"f.6C726134546846331D3F032BC523D45A.d.CDD9E4E6A87206AFE15BED333339D168.e.1588","ELEMENT":"f.6C726134546846331D3F032BC523D45A.d.CDD9E4E6A87206AFE15BED333339D168.e.1588"}]}
RESULT: {"script":"<script> [56 bytes]","args":[{"element-6066-11e4-a52e-4f735466cecf":"f.6C726134546846331D3F032BC523D45A.d.CDD9E4E6A87206AFE15BED333339D168.e.1588","ELEMENT":"f.6C726134546846331D3F032BC523D45A.d.CDD9E4E6A87206AFE15BED333339D168.e.1588"}]}
COMMAND: POST /session/96a1215806385093e4fe0bb4431e2f0d/element - {"using":"xpath","value":"//span[contains(@title, \"Remove\")]"}
COMMAND: GET /session/96a1215806385093e4fe0bb4431e2f0d/screenshot - {}
RESULT: {"using":"xpath","value":"//span[contains(@title, \"Remove\")]"}
COMMAND: POST /session/96a1215806385093e4fe0bb4431e2f0d/element/f.6C726134546846331D3F032BC523D45A.d.CDD9E4E6A87206AFE15BED333339D168.e.1930/click - {}
RESULT: {}
RESULT: {}
COMMAND: GET /session/96a1215806385093e4fe0bb4431e2f0d/screenshot - {}
COMMAND: POST /session/96a1215806385093e4fe0bb4431e2f0d/element - {"using":"xpath","value":"//span[contains(@title, \"Remove\")]"}
RESULT: {}
RESULT: {"using":"xpath","value":"//span[contains(@title, \"Remove\")]"}
COMMAND: POST /session/96a1215806385093e4fe0bb4431e2f0d/element/f.6C726134546846331D3F032BC523D45A.d.CDD9E4E6A87206AFE15BED333339D168.e.2006/click - {}
RESULT: {}
COMMAND: GET /session/96a1215806385093e4fe0bb4431e2f0d/screenshot - {}
COMMAND: POST /session/96a1215806385093e4fe0bb4431e2f0d/element - {"using":"xpath","value":"//span[contains(@title, \"Remove\")]"}
RESULT: {}
RESULT: {"using":"xpath","value":"//span[contains(@title, \"Remove\")]"}
COMMAND: POST /session/96a1215806385093e4fe0bb4431e2f0d/element/f.6C726134546846331D3F032BC523D45A.d.CDD9E4E6A87206AFE15BED333339D168.e.2125/click - {}
RESULT: {}
COMMAND: GET /session/96a1215806385093e4fe0bb4431e2f0d/screenshot - {}
RESULT: {}
COMMAND: POST /session/96a1215806385093e4fe0bb4431e2f0d/element - {"using":"css selector","value":"#shell-header-logo"}
RESULT: {"using":"css selector","value":"#shell-header-logo"}
COMMAND: POST /session/96a1215806385093e4fe0bb4431e2f0d/element/f.6C726134546846331D3F032BC523D45A.d.CDD9E4E6A87206AFE15BED333339D168.e.1412/click - {}
RESULT: {}
COMMAND: GET /session/96a1215806385093e4fe0bb4431e2f0d/screenshot - {}
RESULT: {}
]]></system-out>
    </testcase>
    <testcase classname="chrome.136_0_7103_93.windows.Address_Management_Tests_US156181_US151165_US151160_US156180_US156178_US151157_US151172_US151170_US151166_US151168" name="Step 6 Should assign user ID to an user assign them to site US151172" time="89.583">
      <system-out><![CDATA[
RESULT: undefined
COMMAND: POST /session/96a1215806385093e4fe0bb4431e2f0d/element - {"using":"xpath","value":"//*[@id=\"__tile33\"]"}
RESULT: {"using":"xpath","value":"//*[@id=\"__tile33\"]"}
COMMAND: POST /session/96a1215806385093e4fe0bb4431e2f0d/element/f.6C726134546846331D3F032BC523D45A.d.CDD9E4E6A87206AFE15BED333339D168.e.216/click - {}
RESULT: {}
COMMAND: GET /session/96a1215806385093e4fe0bb4431e2f0d/screenshot - {}
RESULT: {}
COMMAND: POST /session/96a1215806385093e4fe0bb4431e2f0d/elements - {"using":"xpath","value":"//span[text()='Error']"}
RESULT: {"using":"xpath","value":"//span[text()='Error']"}
COMMAND: POST /session/96a1215806385093e4fe0bb4431e2f0d/element - {"using":"xpath","value":"//button[@data-kt=\"addButton\"]"}
RESULT: {"using":"xpath","value":"//button[@data-kt=\"addButton\"]"}
COMMAND: POST /session/96a1215806385093e4fe0bb4431e2f0d/elements - {"using":"xpath","value":"//button[@data-kt=\"addButton\"]"}
RESULT: {"using":"xpath","value":"//button[@data-kt=\"addButton\"]"}
COMMAND: POST /session/96a1215806385093e4fe0bb4431e2f0d/execute/sync - {"script":"<script> [8489 bytes]","args":[{"element-6066-11e4-a52e-4f735466cecf":"f.6C726134546846331D3F032BC523D45A.d.CDD9E4E6A87206AFE15BED333339D168.e.2235","ELEMENT":"f.6C726134546846331D3F032BC523D45A.d.CDD9E4E6A87206AFE15BED333339D168.e.2235"}]}
RESULT: {"script":"<script> [8489 bytes]","args":[{"element-6066-11e4-a52e-4f735466cecf":"f.6C726134546846331D3F032BC523D45A.d.CDD9E4E6A87206AFE15BED333339D168.e.2235","ELEMENT":"f.6C726134546846331D3F032BC523D45A.d.CDD9E4E6A87206AFE15BED333339D168.e.2235"}]}
COMMAND: GET /session/96a1215806385093e4fe0bb4431e2f0d/element/f.6C726134546846331D3F032BC523D45A.d.CDD9E4E6A87206AFE15BED333339D168.e.2235/enabled - {}
COMMAND: GET /session/96a1215806385093e4fe0bb4431e2f0d/screenshot - {}
RESULT: {}
COMMAND: POST /session/96a1215806385093e4fe0bb4431e2f0d/execute/sync - {"script":"<script> [8489 bytes]","args":[{"element-6066-11e4-a52e-4f735466cecf":"f.6C726134546846331D3F032BC523D45A.d.CDD9E4E6A87206AFE15BED333339D168.e.2235","ELEMENT":"f.6C726134546846331D3F032BC523D45A.d.CDD9E4E6A87206AFE15BED333339D168.e.2235"}]}
COMMAND: GET /session/96a1215806385093e4fe0bb4431e2f0d/screenshot - {}
RESULT: {}
RESULT: {"script":"<script> [8489 bytes]","args":[{"element-6066-11e4-a52e-4f735466cecf":"f.6C726134546846331D3F032BC523D45A.d.CDD9E4E6A87206AFE15BED333339D168.e.2235","ELEMENT":"f.6C726134546846331D3F032BC523D45A.d.CDD9E4E6A87206AFE15BED333339D168.e.2235"}]}
COMMAND: POST /session/96a1215806385093e4fe0bb4431e2f0d/execute/sync - {"script":"<script> [5351 bytes]","args":[{"element-6066-11e4-a52e-4f735466cecf":"f.6C726134546846331D3F032BC523D45A.d.CDD9E4E6A87206AFE15BED333339D168.e.2235","ELEMENT":"f.6C726134546846331D3F032BC523D45A.d.CDD9E4E6A87206AFE15BED333339D168.e.2235"}]}
COMMAND: GET /session/96a1215806385093e4fe0bb4431e2f0d/screenshot - {}
RESULT: {}
RESULT: {"script":"<script> [5351 bytes]","args":[{"element-6066-11e4-a52e-4f735466cecf":"f.6C726134546846331D3F032BC523D45A.d.CDD9E4E6A87206AFE15BED333339D168.e.2235","ELEMENT":"f.6C726134546846331D3F032BC523D45A.d.CDD9E4E6A87206AFE15BED333339D168.e.2235"}]}
COMMAND: GET /session/96a1215806385093e4fe0bb4431e2f0d/screenshot - {}
RESULT: {}
RESULT: {}
RESULT: undefined
COMMAND: POST /session/96a1215806385093e4fe0bb4431e2f0d/execute/async - {"script":"<script> [776 bytes]","args":[{"enterText":"Test1ETM","selector":{"id":"application-addressmanagement-display-component---masterAdm--smartFilterBar-btnBasicSearch","interaction":{"idSuffix":"I"}},"clearTextFirst":true,"interactionType":"ENTER_TEXT"}]}
RESULT: {"script":"<script> [776 bytes]","args":[{"enterText":"Test1ETM","selector":{"id":"application-addressmanagement-display-component---masterAdm--smartFilterBar-btnBasicSearch","interaction":{"idSuffix":"I"}},"clearTextFirst":true,"interactionType":"ENTER_TEXT"}]}
COMMAND: POST /session/96a1215806385093e4fe0bb4431e2f0d/actions - {"actions":[{"id":"action11","type":"key","parameters":{},"actions":[{"type":"keyDown","value":""},{"type":"pause","duration":10},{"type":"keyUp","value":""}]}]}
RESULT: {"actions":[{"id":"action11","type":"key","parameters":{},"actions":[{"type":"keyDown","value":""},{"type":"pause","duration":10},{"type":"keyUp","value":""}]}]}
COMMAND: GET /session/96a1215806385093e4fe0bb4431e2f0d/screenshot - {}
RESULT: {}
COMMAND: POST /session/96a1215806385093e4fe0bb4431e2f0d/elements - {"using":"xpath","value":"//table[contains(@id, \"customPersonsAddressesTable-listUl\")]/tbody/tr"}
RESULT: {"using":"xpath","value":"//table[contains(@id, \"customPersonsAddressesTable-listUl\")]/tbody/tr"}
COMMAND: POST /session/96a1215806385093e4fe0bb4431e2f0d/element - {"using":"xpath","value":"//table[contains(@id, \"customPersonsAddressesTable-listUl\")]/tbody/tr[1]/td[5]/span/span"}
RESULT: {"using":"xpath","value":"//table[contains(@id, \"customPersonsAddressesTable-listUl\")]/tbody/tr[1]/td[5]/span/span"}
COMMAND: POST /session/96a1215806385093e4fe0bb4431e2f0d/element - {"using":"xpath","value":"//table[contains(@id, \"customPersonsAddressesTable-listUl\")]/tbody/tr[1]/td[3]/span"}
RESULT: {"using":"xpath","value":"//table[contains(@id, \"customPersonsAddressesTable-listUl\")]/tbody/tr[1]/td[3]/span"}
COMMAND: POST /session/96a1215806385093e4fe0bb4431e2f0d/elements - {"using":"xpath","value":"//table[contains(@id, \"customPersonsAddressesTable-listUl\")]/tbody/tr[1]/td[5]/span/span"}
RESULT: {"using":"xpath","value":"//table[contains(@id, \"customPersonsAddressesTable-listUl\")]/tbody/tr[1]/td[5]/span/span"}
COMMAND: POST /session/96a1215806385093e4fe0bb4431e2f0d/execute/sync - {"script":"<script> [56 bytes]","args":[{"element-6066-11e4-a52e-4f735466cecf":"f.6C726134546846331D3F032BC523D45A.d.CDD9E4E6A87206AFE15BED333339D168.e.2389","ELEMENT":"f.6C726134546846331D3F032BC523D45A.d.CDD9E4E6A87206AFE15BED333339D168.e.2389"}]}
RESULT: {"script":"<script> [56 bytes]","args":[{"element-6066-11e4-a52e-4f735466cecf":"f.6C726134546846331D3F032BC523D45A.d.CDD9E4E6A87206AFE15BED333339D168.e.2389","ELEMENT":"f.6C726134546846331D3F032BC523D45A.d.CDD9E4E6A87206AFE15BED333339D168.e.2389"}]}
COMMAND: POST /session/96a1215806385093e4fe0bb4431e2f0d/element - {"using":"xpath","value":"//span[@id=\"application-addressmanagement-display-component---masterAdm--smartTable-header-inner\"]"}
COMMAND: GET /session/96a1215806385093e4fe0bb4431e2f0d/screenshot - {}
RESULT: {"using":"xpath","value":"//span[@id=\"application-addressmanagement-display-component---masterAdm--smartTable-header-inner\"]"}
COMMAND: POST /session/96a1215806385093e4fe0bb4431e2f0d/elements - {"using":"xpath","value":"//span[@id=\"application-addressmanagement-display-component---masterAdm--smartTable-header-inner\"]"}
RESULT: {}
RESULT: {"using":"xpath","value":"//span[@id=\"application-addressmanagement-display-component---masterAdm--smartTable-header-inner\"]"}
COMMAND: POST /session/96a1215806385093e4fe0bb4431e2f0d/execute/sync - {"script":"<script> [56 bytes]","args":[{"element-6066-11e4-a52e-4f735466cecf":"f.6C726134546846331D3F032BC523D45A.d.CDD9E4E6A87206AFE15BED333339D168.e.2391","ELEMENT":"f.6C726134546846331D3F032BC523D45A.d.CDD9E4E6A87206AFE15BED333339D168.e.2391"}]}
RESULT: {"script":"<script> [56 bytes]","args":[{"element-6066-11e4-a52e-4f735466cecf":"f.6C726134546846331D3F032BC523D45A.d.CDD9E4E6A87206AFE15BED333339D168.e.2391","ELEMENT":"f.6C726134546846331D3F032BC523D45A.d.CDD9E4E6A87206AFE15BED333339D168.e.2391"}]}
COMMAND: POST /session/96a1215806385093e4fe0bb4431e2f0d/element - {"using":"css selector","value":"#shell-header-logo"}
COMMAND: GET /session/96a1215806385093e4fe0bb4431e2f0d/screenshot - {}
RESULT: {"using":"css selector","value":"#shell-header-logo"}
COMMAND: POST /session/96a1215806385093e4fe0bb4431e2f0d/element/f.6C726134546846331D3F032BC523D45A.d.CDD9E4E6A87206AFE15BED333339D168.e.2197/click - {}
RESULT: {}
RESULT: {}
COMMAND: GET /session/96a1215806385093e4fe0bb4431e2f0d/screenshot - {}
RESULT: {}
COMMAND: POST /session/96a1215806385093e4fe0bb4431e2f0d/execute/async - {"script":"<script> [1562 bytes]","args":[{"selector":{"controlType":"sap.m.GenericTile","properties":{"header":"Manage Sites"}},"wdio_ui5_key":"sapm.GenericTile{\"header\":\"Manage Sites\"}"}]}
RESULT: {"script":"<script> [1562 bytes]","args":[{"selector":{"controlType":"sap.m.GenericTile","properties":{"header":"Manage Sites"}},"wdio_ui5_key":"sapm.GenericTile{\"header\":\"Manage Sites\"}"}]}
RESULT: undefined
COMMAND: POST /session/96a1215806385093e4fe0bb4431e2f0d/element - {"using":"xpath","value":"//*[@id=\"__tile40\"]"}
RESULT: {"using":"xpath","value":"//*[@id=\"__tile40\"]"}
COMMAND: POST /session/96a1215806385093e4fe0bb4431e2f0d/element/f.6C726134546846331D3F032BC523D45A.d.CDD9E4E6A87206AFE15BED333339D168.e.158/click - {}
RESULT: {}
COMMAND: GET /session/96a1215806385093e4fe0bb4431e2f0d/screenshot - {}
RESULT: {}
COMMAND: POST /session/96a1215806385093e4fe0bb4431e2f0d/elements - {"using":"xpath","value":"//span[text()='Error']"}
RESULT: {"using":"xpath","value":"//span[text()='Error']"}
COMMAND: POST /session/96a1215806385093e4fe0bb4431e2f0d/element - {"using":"xpath","value":"//button[@data-kt=\"addOverflowToolbarButton\"]"}
RESULT: {"using":"xpath","value":"//button[@data-kt=\"addOverflowToolbarButton\"]"}
COMMAND: POST /session/96a1215806385093e4fe0bb4431e2f0d/elements - {"using":"xpath","value":"//button[@data-kt=\"addOverflowToolbarButton\"]"}
RESULT: {"using":"xpath","value":"//button[@data-kt=\"addOverflowToolbarButton\"]"}
COMMAND: POST /session/96a1215806385093e4fe0bb4431e2f0d/execute/sync - {"script":"<script> [8489 bytes]","args":[{"element-6066-11e4-a52e-4f735466cecf":"f.6C726134546846331D3F032BC523D45A.d.CDD9E4E6A87206AFE15BED333339D168.e.2439","ELEMENT":"f.6C726134546846331D3F032BC523D45A.d.CDD9E4E6A87206AFE15BED333339D168.e.2439"}]}
RESULT: {"script":"<script> [8489 bytes]","args":[{"element-6066-11e4-a52e-4f735466cecf":"f.6C726134546846331D3F032BC523D45A.d.CDD9E4E6A87206AFE15BED333339D168.e.2439","ELEMENT":"f.6C726134546846331D3F032BC523D45A.d.CDD9E4E6A87206AFE15BED333339D168.e.2439"}]}
COMMAND: GET /session/96a1215806385093e4fe0bb4431e2f0d/element/f.6C726134546846331D3F032BC523D45A.d.CDD9E4E6A87206AFE15BED333339D168.e.2439/enabled - {}
COMMAND: GET /session/96a1215806385093e4fe0bb4431e2f0d/screenshot - {}
RESULT: {}
COMMAND: POST /session/96a1215806385093e4fe0bb4431e2f0d/execute/sync - {"script":"<script> [8489 bytes]","args":[{"element-6066-11e4-a52e-4f735466cecf":"f.6C726134546846331D3F032BC523D45A.d.CDD9E4E6A87206AFE15BED333339D168.e.2439","ELEMENT":"f.6C726134546846331D3F032BC523D45A.d.CDD9E4E6A87206AFE15BED333339D168.e.2439"}]}
COMMAND: GET /session/96a1215806385093e4fe0bb4431e2f0d/screenshot - {}
RESULT: {}
RESULT: {"script":"<script> [8489 bytes]","args":[{"element-6066-11e4-a52e-4f735466cecf":"f.6C726134546846331D3F032BC523D45A.d.CDD9E4E6A87206AFE15BED333339D168.e.2439","ELEMENT":"f.6C726134546846331D3F032BC523D45A.d.CDD9E4E6A87206AFE15BED333339D168.e.2439"}]}
COMMAND: POST /session/96a1215806385093e4fe0bb4431e2f0d/execute/sync - {"script":"<script> [5351 bytes]","args":[{"element-6066-11e4-a52e-4f735466cecf":"f.6C726134546846331D3F032BC523D45A.d.CDD9E4E6A87206AFE15BED333339D168.e.2439","ELEMENT":"f.6C726134546846331D3F032BC523D45A.d.CDD9E4E6A87206AFE15BED333339D168.e.2439"}]}
COMMAND: GET /session/96a1215806385093e4fe0bb4431e2f0d/screenshot - {}
RESULT: {}
RESULT: {"script":"<script> [5351 bytes]","args":[{"element-6066-11e4-a52e-4f735466cecf":"f.6C726134546846331D3F032BC523D45A.d.CDD9E4E6A87206AFE15BED333339D168.e.2439","ELEMENT":"f.6C726134546846331D3F032BC523D45A.d.CDD9E4E6A87206AFE15BED333339D168.e.2439"}]}
COMMAND: GET /session/96a1215806385093e4fe0bb4431e2f0d/screenshot - {}
RESULT: {}
RESULT: {}
COMMAND: POST /session/96a1215806385093e4fe0bb4431e2f0d/element/f.6C726134546846331D3F032BC523D45A.d.CDD9E4E6A87206AFE15BED333339D168.e.2439/click - {}
RESULT: {}
COMMAND: GET /session/96a1215806385093e4fe0bb4431e2f0d/screenshot - {}
RESULT: {}
COMMAND: POST /session/96a1215806385093e4fe0bb4431e2f0d/execute/async - {"script":"<script> [1562 bytes]","args":[{"selector":{"controlType":"sap.m.Button","viewName":"etm.portal.ui.managesites.view.NewSmartSite","viewId":"application-managesites-display-component---NewSite","properties":{"text":"Contacts (Users)"},"interaction":{"idSuffix":"BDI-content"}},"wdio_ui5_key":"etmportal.ui.managesites.view.NewSmartSitesap.m.Button{\"text\":\"Contacts (Users)\"}"}]}
RESULT: {"script":"<script> [1562 bytes]","args":[{"selector":{"controlType":"sap.m.Button","viewName":"etm.portal.ui.managesites.view.NewSmartSite","viewId":"application-managesites-display-component---NewSite","properties":{"text":"Contacts (Users)"},"interaction":{"idSuffix":"BDI-content"}},"wdio_ui5_key":"etmportal.ui.managesites.view.NewSmartSitesap.m.Button{\"text\":\"Contacts (Users)\"}"}]}
RESULT: undefined
COMMAND: POST /session/96a1215806385093e4fe0bb4431e2f0d/element - {"using":"xpath","value":"//*[@id=\"application-managesites-display-component---NewSite--ObjectPageLayout-anchBar-__section50-anchor\"]"}
RESULT: {"using":"xpath","value":"//*[@id=\"application-managesites-display-component---NewSite--ObjectPageLayout-anchBar-__section50-anchor\"]"}
COMMAND: POST /session/96a1215806385093e4fe0bb4431e2f0d/element/f.6C726134546846331D3F032BC523D45A.d.CDD9E4E6A87206AFE15BED333339D168.e.2841/click - {}
RESULT: {}
COMMAND: GET /session/96a1215806385093e4fe0bb4431e2f0d/screenshot - {}
RESULT: {}
COMMAND: POST /session/96a1215806385093e4fe0bb4431e2f0d/element - {"using":"xpath","value":"//button[@data-kt=\"onAddUserOverflowToolbarButton\"]"}
RESULT: {"using":"xpath","value":"//button[@data-kt=\"onAddUserOverflowToolbarButton\"]"}
COMMAND: POST /session/96a1215806385093e4fe0bb4431e2f0d/element/f.6C726134546846331D3F032BC523D45A.d.CDD9E4E6A87206AFE15BED333339D168.e.2847/click - {}
RESULT: {}
COMMAND: GET /session/96a1215806385093e4fe0bb4431e2f0d/screenshot - {}
RESULT: {}
COMMAND: POST /session/96a1215806385093e4fe0bb4431e2f0d/execute/async - {"script":"<script> [1562 bytes]","args":[{"selector":{"controlType":"sap.m.SearchField","viewName":"etm.portal.ui.managesites.view.NewSmartSite","viewId":"application-managesites-display-component---NewSite","searchOpenDialogs":true,"interaction":{"idSuffix":"I"}},"wdio_ui5_key":"etmportal.ui.managesites.view.NewSmartSitesap.m.SearchField"}]}
RESULT: {"script":"<script> [1562 bytes]","args":[{"selector":{"controlType":"sap.m.SearchField","viewName":"etm.portal.ui.managesites.view.NewSmartSite","viewId":"application-managesites-display-component---NewSite","searchOpenDialogs":true,"interaction":{"idSuffix":"I"}},"wdio_ui5_key":"etmportal.ui.managesites.view.NewSmartSitesap.m.SearchField"}]}
RESULT: undefined
COMMAND: POST /session/96a1215806385093e4fe0bb4431e2f0d/execute/async - {"script":"<script> [776 bytes]","args":[{"enterText":"Test1ETM","selector":{"controlType":"sap.m.SearchField","viewName":"etm.portal.ui.managesites.view.NewSmartSite","viewId":"application-managesites-display-component---NewSite","searchOpenDialogs":true,"interaction":{"idSuffix":"I"}},"clearTextFirst":true,"interactionType":"ENTER_TEXT"}]}
RESULT: {"script":"<script> [776 bytes]","args":[{"enterText":"Test1ETM","selector":{"controlType":"sap.m.SearchField","viewName":"etm.portal.ui.managesites.view.NewSmartSite","viewId":"application-managesites-display-component---NewSite","searchOpenDialogs":true,"interaction":{"idSuffix":"I"}},"clearTextFirst":true,"interactionType":"ENTER_TEXT"}]}
COMMAND: POST /session/96a1215806385093e4fe0bb4431e2f0d/actions - {"actions":[{"id":"action12","type":"key","parameters":{},"actions":[{"type":"keyDown","value":""},{"type":"pause","duration":10},{"type":"keyUp","value":""}]}]}
RESULT: {"actions":[{"id":"action12","type":"key","parameters":{},"actions":[{"type":"keyDown","value":""},{"type":"pause","duration":10},{"type":"keyUp","value":""}]}]}
COMMAND: GET /session/96a1215806385093e4fe0bb4431e2f0d/screenshot - {}
RESULT: {}
COMMAND: POST /session/96a1215806385093e4fe0bb4431e2f0d/element - {"using":"xpath","value":"//li[.//*[contains(text(), \"Test1ETM\")] or contains(text(), \"Test1ETM\")]"}
RESULT: {"using":"xpath","value":"//li[.//*[contains(text(), \"Test1ETM\")] or contains(text(), \"Test1ETM\")]"}
COMMAND: POST /session/96a1215806385093e4fe0bb4431e2f0d/elements - {"using":"xpath","value":"//li[.//*[contains(text(), \"Test1ETM\")] or contains(text(), \"Test1ETM\")]"}
RESULT: {"using":"xpath","value":"//li[.//*[contains(text(), \"Test1ETM\")] or contains(text(), \"Test1ETM\")]"}
COMMAND: POST /session/96a1215806385093e4fe0bb4431e2f0d/element - {"using":"xpath","value":"//button[.//bdi[contains(text(), \"Cancel\")]][1]"}
RESULT: {"using":"xpath","value":"//button[.//bdi[contains(text(), \"Cancel\")]][1]"}
COMMAND: POST /session/96a1215806385093e4fe0bb4431e2f0d/element/f.6C726134546846331D3F032BC523D45A.d.CDD9E4E6A87206AFE15BED333339D168.e.2853/click - {}
RESULT: {}
COMMAND: GET /session/96a1215806385093e4fe0bb4431e2f0d/screenshot - {}
RESULT: {}
COMMAND: POST /session/96a1215806385093e4fe0bb4431e2f0d/element - {"using":"css selector","value":"#shell-header-logo"}
RESULT: {"using":"css selector","value":"#shell-header-logo"}
COMMAND: POST /session/96a1215806385093e4fe0bb4431e2f0d/element/f.6C726134546846331D3F032BC523D45A.d.CDD9E4E6A87206AFE15BED333339D168.e.2395/click - {}
RESULT: {}
COMMAND: GET /session/96a1215806385093e4fe0bb4431e2f0d/screenshot - {}
RESULT: {}
]]></system-out>
    </testcase>
    <testcase classname="chrome.136_0_7103_93.windows.Address_Management_Tests_US156181_US151165_US151160_US156180_US156178_US151157_US151172_US151170_US151166_US151168" name="Step 7 Should try to save empty address US151170 BUGGED FOR NOW" time="116.089">
      <failure/>
      <error message="Expect $(`//span[contains(@class, &quot;sapMMsgBoxText&quot;)]`) to be existing&#xA;&#xA;Expected: &quot;existing&quot;&#xA;Received: &quot;not existing&quot;"/>
      <system-out><![CDATA[
RESULT: undefined
COMMAND: POST /session/96a1215806385093e4fe0bb4431e2f0d/element - {"using":"xpath","value":"//*[@id=\"__tile33\"]"}
RESULT: {"using":"xpath","value":"//*[@id=\"__tile33\"]"}
COMMAND: POST /session/96a1215806385093e4fe0bb4431e2f0d/element/f.6C726134546846331D3F032BC523D45A.d.CDD9E4E6A87206AFE15BED333339D168.e.216/click - {}
RESULT: {}
COMMAND: GET /session/96a1215806385093e4fe0bb4431e2f0d/screenshot - {}
RESULT: {}
COMMAND: POST /session/96a1215806385093e4fe0bb4431e2f0d/elements - {"using":"xpath","value":"//span[text()='Error']"}
RESULT: {"using":"xpath","value":"//span[text()='Error']"}
COMMAND: POST /session/96a1215806385093e4fe0bb4431e2f0d/element - {"using":"xpath","value":"//button[@data-kt=\"addButton\"]"}
RESULT: {"using":"xpath","value":"//button[@data-kt=\"addButton\"]"}
COMMAND: POST /session/96a1215806385093e4fe0bb4431e2f0d/elements - {"using":"xpath","value":"//button[@data-kt=\"addButton\"]"}
RESULT: {"using":"xpath","value":"//button[@data-kt=\"addButton\"]"}
COMMAND: POST /session/96a1215806385093e4fe0bb4431e2f0d/execute/sync - {"script":"<script> [8489 bytes]","args":[{"element-6066-11e4-a52e-4f735466cecf":"f.6C726134546846331D3F032BC523D45A.d.CDD9E4E6A87206AFE15BED333339D168.e.2896","ELEMENT":"f.6C726134546846331D3F032BC523D45A.d.CDD9E4E6A87206AFE15BED333339D168.e.2896"}]}
RESULT: {"script":"<script> [8489 bytes]","args":[{"element-6066-11e4-a52e-4f735466cecf":"f.6C726134546846331D3F032BC523D45A.d.CDD9E4E6A87206AFE15BED333339D168.e.2896","ELEMENT":"f.6C726134546846331D3F032BC523D45A.d.CDD9E4E6A87206AFE15BED333339D168.e.2896"}]}
COMMAND: GET /session/96a1215806385093e4fe0bb4431e2f0d/element/f.6C726134546846331D3F032BC523D45A.d.CDD9E4E6A87206AFE15BED333339D168.e.2896/enabled - {}
COMMAND: GET /session/96a1215806385093e4fe0bb4431e2f0d/screenshot - {}
RESULT: {}
COMMAND: POST /session/96a1215806385093e4fe0bb4431e2f0d/execute/sync - {"script":"<script> [8489 bytes]","args":[{"element-6066-11e4-a52e-4f735466cecf":"f.6C726134546846331D3F032BC523D45A.d.CDD9E4E6A87206AFE15BED333339D168.e.2896","ELEMENT":"f.6C726134546846331D3F032BC523D45A.d.CDD9E4E6A87206AFE15BED333339D168.e.2896"}]}
COMMAND: GET /session/96a1215806385093e4fe0bb4431e2f0d/screenshot - {}
RESULT: {}
RESULT: {"script":"<script> [8489 bytes]","args":[{"element-6066-11e4-a52e-4f735466cecf":"f.6C726134546846331D3F032BC523D45A.d.CDD9E4E6A87206AFE15BED333339D168.e.2896","ELEMENT":"f.6C726134546846331D3F032BC523D45A.d.CDD9E4E6A87206AFE15BED333339D168.e.2896"}]}
COMMAND: POST /session/96a1215806385093e4fe0bb4431e2f0d/execute/sync - {"script":"<script> [5351 bytes]","args":[{"element-6066-11e4-a52e-4f735466cecf":"f.6C726134546846331D3F032BC523D45A.d.CDD9E4E6A87206AFE15BED333339D168.e.2896","ELEMENT":"f.6C726134546846331D3F032BC523D45A.d.CDD9E4E6A87206AFE15BED333339D168.e.2896"}]}
COMMAND: GET /session/96a1215806385093e4fe0bb4431e2f0d/screenshot - {}
RESULT: {}
RESULT: {"script":"<script> [5351 bytes]","args":[{"element-6066-11e4-a52e-4f735466cecf":"f.6C726134546846331D3F032BC523D45A.d.CDD9E4E6A87206AFE15BED333339D168.e.2896","ELEMENT":"f.6C726134546846331D3F032BC523D45A.d.CDD9E4E6A87206AFE15BED333339D168.e.2896"}]}
COMMAND: GET /session/96a1215806385093e4fe0bb4431e2f0d/screenshot - {}
RESULT: {}
RESULT: {}
RESULT: undefined
COMMAND: POST /session/96a1215806385093e4fe0bb4431e2f0d/execute/async - {"script":"<script> [776 bytes]","args":[{"enterText":"EvsmtxeegG","selector":{"id":"application-addressmanagement-display-component---masterAdm--smartFilterBar-btnBasicSearch","interaction":{"idSuffix":"I"}},"clearTextFirst":true,"interactionType":"ENTER_TEXT"}]}
RESULT: {"script":"<script> [776 bytes]","args":[{"enterText":"EvsmtxeegG","selector":{"id":"application-addressmanagement-display-component---masterAdm--smartFilterBar-btnBasicSearch","interaction":{"idSuffix":"I"}},"clearTextFirst":true,"interactionType":"ENTER_TEXT"}]}
COMMAND: POST /session/96a1215806385093e4fe0bb4431e2f0d/actions - {"actions":[{"id":"action13","type":"key","parameters":{},"actions":[{"type":"keyDown","value":""},{"type":"pause","duration":10},{"type":"keyUp","value":""}]}]}
RESULT: {"actions":[{"id":"action13","type":"key","parameters":{},"actions":[{"type":"keyDown","value":""},{"type":"pause","duration":10},{"type":"keyUp","value":""}]}]}
COMMAND: GET /session/96a1215806385093e4fe0bb4431e2f0d/screenshot - {}
RESULT: {}
COMMAND: POST /session/96a1215806385093e4fe0bb4431e2f0d/elements - {"using":"xpath","value":"//table[contains(@id, \"customPersonsAddressesTable-listUl\")]/tbody/tr"}
RESULT: {"using":"xpath","value":"//table[contains(@id, \"customPersonsAddressesTable-listUl\")]/tbody/tr"}
COMMAND: POST /session/96a1215806385093e4fe0bb4431e2f0d/element - {"using":"xpath","value":"//table[contains(@id, \"customPersonsAddressesTable-listUl\")]/tbody/tr[1]/td[5]/span/span"}
RESULT: {"using":"xpath","value":"//table[contains(@id, \"customPersonsAddressesTable-listUl\")]/tbody/tr[1]/td[5]/span/span"}
COMMAND: POST /session/96a1215806385093e4fe0bb4431e2f0d/element - {"using":"xpath","value":"//table[contains(@id, \"customPersonsAddressesTable-listUl\")]/tbody/tr[1]/td[3]/span"}
RESULT: {"using":"xpath","value":"//table[contains(@id, \"customPersonsAddressesTable-listUl\")]/tbody/tr[1]/td[3]/span"}
COMMAND: POST /session/96a1215806385093e4fe0bb4431e2f0d/elements - {"using":"xpath","value":"//table[contains(@id, \"customPersonsAddressesTable-listUl\")]/tbody/tr[1]/td[5]/span/span"}
RESULT: {"using":"xpath","value":"//table[contains(@id, \"customPersonsAddressesTable-listUl\")]/tbody/tr[1]/td[5]/span/span"}
COMMAND: POST /session/96a1215806385093e4fe0bb4431e2f0d/execute/sync - {"script":"<script> [56 bytes]","args":[{"element-6066-11e4-a52e-4f735466cecf":"f.6C726134546846331D3F032BC523D45A.d.CDD9E4E6A87206AFE15BED333339D168.e.3046","ELEMENT":"f.6C726134546846331D3F032BC523D45A.d.CDD9E4E6A87206AFE15BED333339D168.e.3046"}]}
RESULT: {"script":"<script> [56 bytes]","args":[{"element-6066-11e4-a52e-4f735466cecf":"f.6C726134546846331D3F032BC523D45A.d.CDD9E4E6A87206AFE15BED333339D168.e.3046","ELEMENT":"f.6C726134546846331D3F032BC523D45A.d.CDD9E4E6A87206AFE15BED333339D168.e.3046"}]}
COMMAND: POST /session/96a1215806385093e4fe0bb4431e2f0d/element - {"using":"xpath","value":"(//span[contains(@id, \"imgNav\")])[1]"}
COMMAND: GET /session/96a1215806385093e4fe0bb4431e2f0d/screenshot - {}
RESULT: {"using":"xpath","value":"(//span[contains(@id, \"imgNav\")])[1]"}
COMMAND: POST /session/96a1215806385093e4fe0bb4431e2f0d/element/f.6C726134546846331D3F032BC523D45A.d.CDD9E4E6A87206AFE15BED333339D168.e.3043/click - {}
RESULT: {}
RESULT: {}
COMMAND: GET /session/96a1215806385093e4fe0bb4431e2f0d/screenshot - {}
RESULT: {}
COMMAND: POST /session/96a1215806385093e4fe0bb4431e2f0d/element - {"using":"xpath","value":"//bdi[contains(text(), \"Edit\")]"}
RESULT: {"using":"xpath","value":"//bdi[contains(text(), \"Edit\")]"}
COMMAND: POST /session/96a1215806385093e4fe0bb4431e2f0d/element/f.6C726134546846331D3F032BC523D45A.d.CDD9E4E6A87206AFE15BED333339D168.e.3172/click - {}
RESULT: {}
COMMAND: GET /session/96a1215806385093e4fe0bb4431e2f0d/screenshot - {}
RESULT: {}
COMMAND: POST /session/96a1215806385093e4fe0bb4431e2f0d/execute/async - {"script":"<script> [1562 bytes]","args":[{"selector":{"controlType":"sap.m.Input","viewName":"etm.portal.ui.addressmanagement.view.EditDetail","labelFor":{"text":"Name"},"interaction":{"idSuffix":"inner"}},"wdio_ui5_key":"etmportal.ui.addressmanagement.view.EditDetailsap.m.Input{\"text\":\"Name\"}"}]}
RESULT: {"script":"<script> [1562 bytes]","args":[{"selector":{"controlType":"sap.m.Input","viewName":"etm.portal.ui.addressmanagement.view.EditDetail","labelFor":{"text":"Name"},"interaction":{"idSuffix":"inner"}},"wdio_ui5_key":"etmportal.ui.addressmanagement.view.EditDetailsap.m.Input{\"text\":\"Name\"}"}]}
RESULT: undefined
COMMAND: POST /session/96a1215806385093e4fe0bb4431e2f0d/element - {"using":"css selector","value":"#shell-header-logo"}
RESULT: {"using":"css selector","value":"#shell-header-logo"}
COMMAND: POST /session/96a1215806385093e4fe0bb4431e2f0d/element/f.6C726134546846331D3F032BC523D45A.d.CDD9E4E6A87206AFE15BED333339D168.e.2858/click - {}
RESULT: {}
COMMAND: GET /session/96a1215806385093e4fe0bb4431e2f0d/screenshot - {}
RESULT: {}
COMMAND: POST /session/96a1215806385093e4fe0bb4431e2f0d/element - {"using":"xpath","value":"//span[contains(@class, \"sapMMsgBoxText\")]"}
RESULT: {"using":"xpath","value":"//span[contains(@class, \"sapMMsgBoxText\")]"}
COMMAND: POST /session/96a1215806385093e4fe0bb4431e2f0d/elements - {"using":"xpath","value":"//span[contains(@class, \"sapMMsgBoxText\")]"}
RESULT: {"using":"xpath","value":"//span[contains(@class, \"sapMMsgBoxText\")]"}
COMMAND: POST /session/96a1215806385093e4fe0bb4431e2f0d/elements - {"using":"xpath","value":"//span[contains(@class, \"sapMMsgBoxText\")]"}
RESULT: {"using":"xpath","value":"//span[contains(@class, \"sapMMsgBoxText\")]"}
COMMAND: POST /session/96a1215806385093e4fe0bb4431e2f0d/elements - {"using":"xpath","value":"//span[contains(@class, \"sapMMsgBoxText\")]"}
RESULT: {"using":"xpath","value":"//span[contains(@class, \"sapMMsgBoxText\")]"}
COMMAND: POST /session/96a1215806385093e4fe0bb4431e2f0d/elements - {"using":"xpath","value":"//span[contains(@class, \"sapMMsgBoxText\")]"}
RESULT: {"using":"xpath","value":"//span[contains(@class, \"sapMMsgBoxText\")]"}
COMMAND: POST /session/96a1215806385093e4fe0bb4431e2f0d/elements - {"using":"xpath","value":"//span[contains(@class, \"sapMMsgBoxText\")]"}
RESULT: {"using":"xpath","value":"//span[contains(@class, \"sapMMsgBoxText\")]"}
COMMAND: POST /session/96a1215806385093e4fe0bb4431e2f0d/elements - {"using":"xpath","value":"//span[contains(@class, \"sapMMsgBoxText\")]"}
RESULT: {"using":"xpath","value":"//span[contains(@class, \"sapMMsgBoxText\")]"}
COMMAND: POST /session/96a1215806385093e4fe0bb4431e2f0d/elements - {"using":"xpath","value":"//span[contains(@class, \"sapMMsgBoxText\")]"}
RESULT: {"using":"xpath","value":"//span[contains(@class, \"sapMMsgBoxText\")]"}
COMMAND: POST /session/96a1215806385093e4fe0bb4431e2f0d/elements - {"using":"xpath","value":"//span[contains(@class, \"sapMMsgBoxText\")]"}
RESULT: {"using":"xpath","value":"//span[contains(@class, \"sapMMsgBoxText\")]"}
COMMAND: POST /session/96a1215806385093e4fe0bb4431e2f0d/elements - {"using":"xpath","value":"//span[contains(@class, \"sapMMsgBoxText\")]"}
RESULT: {"using":"xpath","value":"//span[contains(@class, \"sapMMsgBoxText\")]"}
COMMAND: POST /session/96a1215806385093e4fe0bb4431e2f0d/elements - {"using":"xpath","value":"//span[contains(@class, \"sapMMsgBoxText\")]"}
RESULT: {"using":"xpath","value":"//span[contains(@class, \"sapMMsgBoxText\")]"}
COMMAND: POST /session/96a1215806385093e4fe0bb4431e2f0d/elements - {"using":"xpath","value":"//span[contains(@class, \"sapMMsgBoxText\")]"}
RESULT: {"using":"xpath","value":"//span[contains(@class, \"sapMMsgBoxText\")]"}
COMMAND: POST /session/96a1215806385093e4fe0bb4431e2f0d/elements - {"using":"xpath","value":"//span[contains(@class, \"sapMMsgBoxText\")]"}
RESULT: {"using":"xpath","value":"//span[contains(@class, \"sapMMsgBoxText\")]"}
COMMAND: POST /session/96a1215806385093e4fe0bb4431e2f0d/elements - {"using":"xpath","value":"//span[contains(@class, \"sapMMsgBoxText\")]"}
RESULT: {"using":"xpath","value":"//span[contains(@class, \"sapMMsgBoxText\")]"}
COMMAND: POST /session/96a1215806385093e4fe0bb4431e2f0d/elements - {"using":"xpath","value":"//span[contains(@class, \"sapMMsgBoxText\")]"}
RESULT: {"using":"xpath","value":"//span[contains(@class, \"sapMMsgBoxText\")]"}
COMMAND: POST /session/96a1215806385093e4fe0bb4431e2f0d/elements - {"using":"xpath","value":"//span[contains(@class, \"sapMMsgBoxText\")]"}
RESULT: {"using":"xpath","value":"//span[contains(@class, \"sapMMsgBoxText\")]"}
COMMAND: POST /session/96a1215806385093e4fe0bb4431e2f0d/elements - {"using":"xpath","value":"//span[contains(@class, \"sapMMsgBoxText\")]"}
RESULT: {"using":"xpath","value":"//span[contains(@class, \"sapMMsgBoxText\")]"}
COMMAND: POST /session/96a1215806385093e4fe0bb4431e2f0d/elements - {"using":"xpath","value":"//span[contains(@class, \"sapMMsgBoxText\")]"}
RESULT: {"using":"xpath","value":"//span[contains(@class, \"sapMMsgBoxText\")]"}
COMMAND: POST /session/96a1215806385093e4fe0bb4431e2f0d/elements - {"using":"xpath","value":"//span[contains(@class, \"sapMMsgBoxText\")]"}
RESULT: {"using":"xpath","value":"//span[contains(@class, \"sapMMsgBoxText\")]"}
COMMAND: POST /session/96a1215806385093e4fe0bb4431e2f0d/elements - {"using":"xpath","value":"//span[contains(@class, \"sapMMsgBoxText\")]"}
RESULT: {"using":"xpath","value":"//span[contains(@class, \"sapMMsgBoxText\")]"}
COMMAND: POST /session/96a1215806385093e4fe0bb4431e2f0d/elements - {"using":"xpath","value":"//span[contains(@class, \"sapMMsgBoxText\")]"}
RESULT: {"using":"xpath","value":"//span[contains(@class, \"sapMMsgBoxText\")]"}
COMMAND: POST /session/96a1215806385093e4fe0bb4431e2f0d/elements - {"using":"xpath","value":"//span[contains(@class, \"sapMMsgBoxText\")]"}
RESULT: {"using":"xpath","value":"//span[contains(@class, \"sapMMsgBoxText\")]"}
COMMAND: POST /session/96a1215806385093e4fe0bb4431e2f0d/elements - {"using":"xpath","value":"//span[contains(@class, \"sapMMsgBoxText\")]"}
RESULT: {"using":"xpath","value":"//span[contains(@class, \"sapMMsgBoxText\")]"}
COMMAND: POST /session/96a1215806385093e4fe0bb4431e2f0d/elements - {"using":"xpath","value":"//span[contains(@class, \"sapMMsgBoxText\")]"}
RESULT: {"using":"xpath","value":"//span[contains(@class, \"sapMMsgBoxText\")]"}
COMMAND: POST /session/96a1215806385093e4fe0bb4431e2f0d/elements - {"using":"xpath","value":"//span[contains(@class, \"sapMMsgBoxText\")]"}
RESULT: {"using":"xpath","value":"//span[contains(@class, \"sapMMsgBoxText\")]"}
COMMAND: POST /session/96a1215806385093e4fe0bb4431e2f0d/elements - {"using":"xpath","value":"//span[contains(@class, \"sapMMsgBoxText\")]"}
RESULT: {"using":"xpath","value":"//span[contains(@class, \"sapMMsgBoxText\")]"}
COMMAND: POST /session/96a1215806385093e4fe0bb4431e2f0d/elements - {"using":"xpath","value":"//span[contains(@class, \"sapMMsgBoxText\")]"}
RESULT: {"using":"xpath","value":"//span[contains(@class, \"sapMMsgBoxText\")]"}
COMMAND: POST /session/96a1215806385093e4fe0bb4431e2f0d/elements - {"using":"xpath","value":"//span[contains(@class, \"sapMMsgBoxText\")]"}
RESULT: {"using":"xpath","value":"//span[contains(@class, \"sapMMsgBoxText\")]"}
COMMAND: POST /session/96a1215806385093e4fe0bb4431e2f0d/elements - {"using":"xpath","value":"//span[contains(@class, \"sapMMsgBoxText\")]"}
RESULT: {"using":"xpath","value":"//span[contains(@class, \"sapMMsgBoxText\")]"}
COMMAND: POST /session/96a1215806385093e4fe0bb4431e2f0d/elements - {"using":"xpath","value":"//span[contains(@class, \"sapMMsgBoxText\")]"}
RESULT: {"using":"xpath","value":"//span[contains(@class, \"sapMMsgBoxText\")]"}
COMMAND: POST /session/96a1215806385093e4fe0bb4431e2f0d/elements - {"using":"xpath","value":"//span[contains(@class, \"sapMMsgBoxText\")]"}
RESULT: {"using":"xpath","value":"//span[contains(@class, \"sapMMsgBoxText\")]"}
COMMAND: POST /session/96a1215806385093e4fe0bb4431e2f0d/elements - {"using":"xpath","value":"//span[contains(@class, \"sapMMsgBoxText\")]"}
RESULT: {"using":"xpath","value":"//span[contains(@class, \"sapMMsgBoxText\")]"}
COMMAND: POST /session/96a1215806385093e4fe0bb4431e2f0d/elements - {"using":"xpath","value":"//span[contains(@class, \"sapMMsgBoxText\")]"}
RESULT: {"using":"xpath","value":"//span[contains(@class, \"sapMMsgBoxText\")]"}
COMMAND: POST /session/96a1215806385093e4fe0bb4431e2f0d/elements - {"using":"xpath","value":"//span[contains(@class, \"sapMMsgBoxText\")]"}
RESULT: {"using":"xpath","value":"//span[contains(@class, \"sapMMsgBoxText\")]"}
COMMAND: POST /session/96a1215806385093e4fe0bb4431e2f0d/elements - {"using":"xpath","value":"//span[contains(@class, \"sapMMsgBoxText\")]"}
RESULT: {"using":"xpath","value":"//span[contains(@class, \"sapMMsgBoxText\")]"}
COMMAND: POST /session/96a1215806385093e4fe0bb4431e2f0d/elements - {"using":"xpath","value":"//span[contains(@class, \"sapMMsgBoxText\")]"}
RESULT: {"using":"xpath","value":"//span[contains(@class, \"sapMMsgBoxText\")]"}
COMMAND: POST /session/96a1215806385093e4fe0bb4431e2f0d/elements - {"using":"xpath","value":"//span[contains(@class, \"sapMMsgBoxText\")]"}
RESULT: {"using":"xpath","value":"//span[contains(@class, \"sapMMsgBoxText\")]"}
COMMAND: POST /session/96a1215806385093e4fe0bb4431e2f0d/elements - {"using":"xpath","value":"//span[contains(@class, \"sapMMsgBoxText\")]"}
RESULT: {"using":"xpath","value":"//span[contains(@class, \"sapMMsgBoxText\")]"}
COMMAND: POST /session/96a1215806385093e4fe0bb4431e2f0d/elements - {"using":"xpath","value":"//span[contains(@class, \"sapMMsgBoxText\")]"}
RESULT: {"using":"xpath","value":"//span[contains(@class, \"sapMMsgBoxText\")]"}
COMMAND: POST /session/96a1215806385093e4fe0bb4431e2f0d/elements - {"using":"xpath","value":"//span[contains(@class, \"sapMMsgBoxText\")]"}
RESULT: {"using":"xpath","value":"//span[contains(@class, \"sapMMsgBoxText\")]"}
COMMAND: POST /session/96a1215806385093e4fe0bb4431e2f0d/elements - {"using":"xpath","value":"//span[contains(@class, \"sapMMsgBoxText\")]"}
RESULT: {"using":"xpath","value":"//span[contains(@class, \"sapMMsgBoxText\")]"}
COMMAND: POST /session/96a1215806385093e4fe0bb4431e2f0d/elements - {"using":"xpath","value":"//span[contains(@class, \"sapMMsgBoxText\")]"}
RESULT: {"using":"xpath","value":"//span[contains(@class, \"sapMMsgBoxText\")]"}
COMMAND: POST /session/96a1215806385093e4fe0bb4431e2f0d/elements - {"using":"xpath","value":"//span[contains(@class, \"sapMMsgBoxText\")]"}
RESULT: {"using":"xpath","value":"//span[contains(@class, \"sapMMsgBoxText\")]"}
COMMAND: POST /session/96a1215806385093e4fe0bb4431e2f0d/elements - {"using":"xpath","value":"//span[contains(@class, \"sapMMsgBoxText\")]"}
RESULT: {"using":"xpath","value":"//span[contains(@class, \"sapMMsgBoxText\")]"}
COMMAND: POST /session/96a1215806385093e4fe0bb4431e2f0d/elements - {"using":"xpath","value":"//span[contains(@class, \"sapMMsgBoxText\")]"}
RESULT: {"using":"xpath","value":"//span[contains(@class, \"sapMMsgBoxText\")]"}
COMMAND: POST /session/96a1215806385093e4fe0bb4431e2f0d/elements - {"using":"xpath","value":"//span[contains(@class, \"sapMMsgBoxText\")]"}
RESULT: {"using":"xpath","value":"//span[contains(@class, \"sapMMsgBoxText\")]"}
COMMAND: POST /session/96a1215806385093e4fe0bb4431e2f0d/elements - {"using":"xpath","value":"//span[contains(@class, \"sapMMsgBoxText\")]"}
RESULT: {"using":"xpath","value":"//span[contains(@class, \"sapMMsgBoxText\")]"}
COMMAND: POST /session/96a1215806385093e4fe0bb4431e2f0d/elements - {"using":"xpath","value":"//span[contains(@class, \"sapMMsgBoxText\")]"}
RESULT: {"using":"xpath","value":"//span[contains(@class, \"sapMMsgBoxText\")]"}
COMMAND: POST /session/96a1215806385093e4fe0bb4431e2f0d/elements - {"using":"xpath","value":"//span[contains(@class, \"sapMMsgBoxText\")]"}
RESULT: {"using":"xpath","value":"//span[contains(@class, \"sapMMsgBoxText\")]"}
COMMAND: POST /session/96a1215806385093e4fe0bb4431e2f0d/elements - {"using":"xpath","value":"//span[contains(@class, \"sapMMsgBoxText\")]"}
RESULT: {"using":"xpath","value":"//span[contains(@class, \"sapMMsgBoxText\")]"}
COMMAND: POST /session/96a1215806385093e4fe0bb4431e2f0d/elements - {"using":"xpath","value":"//span[contains(@class, \"sapMMsgBoxText\")]"}
RESULT: {"using":"xpath","value":"//span[contains(@class, \"sapMMsgBoxText\")]"}
COMMAND: POST /session/96a1215806385093e4fe0bb4431e2f0d/elements - {"using":"xpath","value":"//span[contains(@class, \"sapMMsgBoxText\")]"}
RESULT: {"using":"xpath","value":"//span[contains(@class, \"sapMMsgBoxText\")]"}
COMMAND: POST /session/96a1215806385093e4fe0bb4431e2f0d/elements - {"using":"xpath","value":"//span[contains(@class, \"sapMMsgBoxText\")]"}
RESULT: {"using":"xpath","value":"//span[contains(@class, \"sapMMsgBoxText\")]"}
COMMAND: POST /session/96a1215806385093e4fe0bb4431e2f0d/elements - {"using":"xpath","value":"//span[contains(@class, \"sapMMsgBoxText\")]"}
RESULT: {"using":"xpath","value":"//span[contains(@class, \"sapMMsgBoxText\")]"}
COMMAND: POST /session/96a1215806385093e4fe0bb4431e2f0d/elements - {"using":"xpath","value":"//span[contains(@class, \"sapMMsgBoxText\")]"}
RESULT: {"using":"xpath","value":"//span[contains(@class, \"sapMMsgBoxText\")]"}
COMMAND: POST /session/96a1215806385093e4fe0bb4431e2f0d/elements - {"using":"xpath","value":"//span[contains(@class, \"sapMMsgBoxText\")]"}
RESULT: {"using":"xpath","value":"//span[contains(@class, \"sapMMsgBoxText\")]"}
COMMAND: POST /session/96a1215806385093e4fe0bb4431e2f0d/elements - {"using":"xpath","value":"//span[contains(@class, \"sapMMsgBoxText\")]"}
RESULT: {"using":"xpath","value":"//span[contains(@class, \"sapMMsgBoxText\")]"}
COMMAND: POST /session/96a1215806385093e4fe0bb4431e2f0d/elements - {"using":"xpath","value":"//span[contains(@class, \"sapMMsgBoxText\")]"}
RESULT: {"using":"xpath","value":"//span[contains(@class, \"sapMMsgBoxText\")]"}
COMMAND: POST /session/96a1215806385093e4fe0bb4431e2f0d/elements - {"using":"xpath","value":"//span[contains(@class, \"sapMMsgBoxText\")]"}
RESULT: {"using":"xpath","value":"//span[contains(@class, \"sapMMsgBoxText\")]"}
COMMAND: POST /session/96a1215806385093e4fe0bb4431e2f0d/elements - {"using":"xpath","value":"//span[contains(@class, \"sapMMsgBoxText\")]"}
RESULT: {"using":"xpath","value":"//span[contains(@class, \"sapMMsgBoxText\")]"}
COMMAND: POST /session/96a1215806385093e4fe0bb4431e2f0d/elements - {"using":"xpath","value":"//span[contains(@class, \"sapMMsgBoxText\")]"}
RESULT: {"using":"xpath","value":"//span[contains(@class, \"sapMMsgBoxText\")]"}
COMMAND: POST /session/96a1215806385093e4fe0bb4431e2f0d/elements - {"using":"xpath","value":"//span[contains(@class, \"sapMMsgBoxText\")]"}
RESULT: {"using":"xpath","value":"//span[contains(@class, \"sapMMsgBoxText\")]"}
COMMAND: POST /session/96a1215806385093e4fe0bb4431e2f0d/elements - {"using":"xpath","value":"//span[contains(@class, \"sapMMsgBoxText\")]"}
RESULT: {"using":"xpath","value":"//span[contains(@class, \"sapMMsgBoxText\")]"}
COMMAND: POST /session/96a1215806385093e4fe0bb4431e2f0d/elements - {"using":"xpath","value":"//span[contains(@class, \"sapMMsgBoxText\")]"}
RESULT: {"using":"xpath","value":"//span[contains(@class, \"sapMMsgBoxText\")]"}
COMMAND: POST /session/96a1215806385093e4fe0bb4431e2f0d/elements - {"using":"xpath","value":"//span[contains(@class, \"sapMMsgBoxText\")]"}
RESULT: {"using":"xpath","value":"//span[contains(@class, \"sapMMsgBoxText\")]"}
COMMAND: POST /session/96a1215806385093e4fe0bb4431e2f0d/elements - {"using":"xpath","value":"//span[contains(@class, \"sapMMsgBoxText\")]"}
RESULT: {"using":"xpath","value":"//span[contains(@class, \"sapMMsgBoxText\")]"}
COMMAND: POST /session/96a1215806385093e4fe0bb4431e2f0d/elements - {"using":"xpath","value":"//span[contains(@class, \"sapMMsgBoxText\")]"}
RESULT: {"using":"xpath","value":"//span[contains(@class, \"sapMMsgBoxText\")]"}
COMMAND: POST /session/96a1215806385093e4fe0bb4431e2f0d/elements - {"using":"xpath","value":"//span[contains(@class, \"sapMMsgBoxText\")]"}
RESULT: {"using":"xpath","value":"//span[contains(@class, \"sapMMsgBoxText\")]"}
COMMAND: POST /session/96a1215806385093e4fe0bb4431e2f0d/elements - {"using":"xpath","value":"//span[contains(@class, \"sapMMsgBoxText\")]"}
RESULT: {"using":"xpath","value":"//span[contains(@class, \"sapMMsgBoxText\")]"}
COMMAND: POST /session/96a1215806385093e4fe0bb4431e2f0d/elements - {"using":"xpath","value":"//span[contains(@class, \"sapMMsgBoxText\")]"}
RESULT: {"using":"xpath","value":"//span[contains(@class, \"sapMMsgBoxText\")]"}
COMMAND: POST /session/96a1215806385093e4fe0bb4431e2f0d/elements - {"using":"xpath","value":"//span[contains(@class, \"sapMMsgBoxText\")]"}
RESULT: {"using":"xpath","value":"//span[contains(@class, \"sapMMsgBoxText\")]"}
COMMAND: POST /session/96a1215806385093e4fe0bb4431e2f0d/elements - {"using":"xpath","value":"//span[contains(@class, \"sapMMsgBoxText\")]"}
RESULT: {"using":"xpath","value":"//span[contains(@class, \"sapMMsgBoxText\")]"}
COMMAND: POST /session/96a1215806385093e4fe0bb4431e2f0d/elements - {"using":"xpath","value":"//span[contains(@class, \"sapMMsgBoxText\")]"}
RESULT: {"using":"xpath","value":"//span[contains(@class, \"sapMMsgBoxText\")]"}
COMMAND: POST /session/96a1215806385093e4fe0bb4431e2f0d/elements - {"using":"xpath","value":"//span[contains(@class, \"sapMMsgBoxText\")]"}
RESULT: {"using":"xpath","value":"//span[contains(@class, \"sapMMsgBoxText\")]"}
COMMAND: POST /session/96a1215806385093e4fe0bb4431e2f0d/elements - {"using":"xpath","value":"//span[contains(@class, \"sapMMsgBoxText\")]"}
RESULT: {"using":"xpath","value":"//span[contains(@class, \"sapMMsgBoxText\")]"}
COMMAND: POST /session/96a1215806385093e4fe0bb4431e2f0d/elements - {"using":"xpath","value":"//span[contains(@class, \"sapMMsgBoxText\")]"}
RESULT: {"using":"xpath","value":"//span[contains(@class, \"sapMMsgBoxText\")]"}
COMMAND: POST /session/96a1215806385093e4fe0bb4431e2f0d/elements - {"using":"xpath","value":"//span[contains(@class, \"sapMMsgBoxText\")]"}
RESULT: {"using":"xpath","value":"//span[contains(@class, \"sapMMsgBoxText\")]"}
COMMAND: POST /session/96a1215806385093e4fe0bb4431e2f0d/elements - {"using":"xpath","value":"//span[contains(@class, \"sapMMsgBoxText\")]"}
RESULT: {"using":"xpath","value":"//span[contains(@class, \"sapMMsgBoxText\")]"}
COMMAND: POST /session/96a1215806385093e4fe0bb4431e2f0d/elements - {"using":"xpath","value":"//span[contains(@class, \"sapMMsgBoxText\")]"}
RESULT: {"using":"xpath","value":"//span[contains(@class, \"sapMMsgBoxText\")]"}
COMMAND: POST /session/96a1215806385093e4fe0bb4431e2f0d/elements - {"using":"xpath","value":"//span[contains(@class, \"sapMMsgBoxText\")]"}
RESULT: {"using":"xpath","value":"//span[contains(@class, \"sapMMsgBoxText\")]"}
COMMAND: POST /session/96a1215806385093e4fe0bb4431e2f0d/elements - {"using":"xpath","value":"//span[contains(@class, \"sapMMsgBoxText\")]"}
RESULT: {"using":"xpath","value":"//span[contains(@class, \"sapMMsgBoxText\")]"}
COMMAND: POST /session/96a1215806385093e4fe0bb4431e2f0d/elements - {"using":"xpath","value":"//span[contains(@class, \"sapMMsgBoxText\")]"}
RESULT: {"using":"xpath","value":"//span[contains(@class, \"sapMMsgBoxText\")]"}
COMMAND: POST /session/96a1215806385093e4fe0bb4431e2f0d/elements - {"using":"xpath","value":"//span[contains(@class, \"sapMMsgBoxText\")]"}
RESULT: {"using":"xpath","value":"//span[contains(@class, \"sapMMsgBoxText\")]"}
COMMAND: POST /session/96a1215806385093e4fe0bb4431e2f0d/elements - {"using":"xpath","value":"//span[contains(@class, \"sapMMsgBoxText\")]"}
RESULT: {"using":"xpath","value":"//span[contains(@class, \"sapMMsgBoxText\")]"}
COMMAND: POST /session/96a1215806385093e4fe0bb4431e2f0d/elements - {"using":"xpath","value":"//span[contains(@class, \"sapMMsgBoxText\")]"}
RESULT: {"using":"xpath","value":"//span[contains(@class, \"sapMMsgBoxText\")]"}
COMMAND: POST /session/96a1215806385093e4fe0bb4431e2f0d/elements - {"using":"xpath","value":"//span[contains(@class, \"sapMMsgBoxText\")]"}
RESULT: {"using":"xpath","value":"//span[contains(@class, \"sapMMsgBoxText\")]"}
COMMAND: POST /session/96a1215806385093e4fe0bb4431e2f0d/elements - {"using":"xpath","value":"//span[contains(@class, \"sapMMsgBoxText\")]"}
RESULT: {"using":"xpath","value":"//span[contains(@class, \"sapMMsgBoxText\")]"}
COMMAND: POST /session/96a1215806385093e4fe0bb4431e2f0d/elements - {"using":"xpath","value":"//span[contains(@class, \"sapMMsgBoxText\")]"}
RESULT: {"using":"xpath","value":"//span[contains(@class, \"sapMMsgBoxText\")]"}
COMMAND: POST /session/96a1215806385093e4fe0bb4431e2f0d/elements - {"using":"xpath","value":"//span[contains(@class, \"sapMMsgBoxText\")]"}
RESULT: {"using":"xpath","value":"//span[contains(@class, \"sapMMsgBoxText\")]"}
COMMAND: POST /session/96a1215806385093e4fe0bb4431e2f0d/elements - {"using":"xpath","value":"//span[contains(@class, \"sapMMsgBoxText\")]"}
RESULT: {"using":"xpath","value":"//span[contains(@class, \"sapMMsgBoxText\")]"}
COMMAND: POST /session/96a1215806385093e4fe0bb4431e2f0d/elements - {"using":"xpath","value":"//span[contains(@class, \"sapMMsgBoxText\")]"}
RESULT: {"using":"xpath","value":"//span[contains(@class, \"sapMMsgBoxText\")]"}
COMMAND: POST /session/96a1215806385093e4fe0bb4431e2f0d/elements - {"using":"xpath","value":"//span[contains(@class, \"sapMMsgBoxText\")]"}
RESULT: {"using":"xpath","value":"//span[contains(@class, \"sapMMsgBoxText\")]"}
COMMAND: POST /session/96a1215806385093e4fe0bb4431e2f0d/elements - {"using":"xpath","value":"//span[contains(@class, \"sapMMsgBoxText\")]"}
RESULT: {"using":"xpath","value":"//span[contains(@class, \"sapMMsgBoxText\")]"}
COMMAND: POST /session/96a1215806385093e4fe0bb4431e2f0d/elements - {"using":"xpath","value":"//span[contains(@class, \"sapMMsgBoxText\")]"}
RESULT: {"using":"xpath","value":"//span[contains(@class, \"sapMMsgBoxText\")]"}
COMMAND: POST /session/96a1215806385093e4fe0bb4431e2f0d/elements - {"using":"xpath","value":"//span[contains(@class, \"sapMMsgBoxText\")]"}
RESULT: {"using":"xpath","value":"//span[contains(@class, \"sapMMsgBoxText\")]"}
COMMAND: POST /session/96a1215806385093e4fe0bb4431e2f0d/elements - {"using":"xpath","value":"//span[contains(@class, \"sapMMsgBoxText\")]"}
RESULT: {"using":"xpath","value":"//span[contains(@class, \"sapMMsgBoxText\")]"}
COMMAND: POST /session/96a1215806385093e4fe0bb4431e2f0d/elements - {"using":"xpath","value":"//span[contains(@class, \"sapMMsgBoxText\")]"}
RESULT: {"using":"xpath","value":"//span[contains(@class, \"sapMMsgBoxText\")]"}
COMMAND: POST /session/96a1215806385093e4fe0bb4431e2f0d/elements - {"using":"xpath","value":"//span[contains(@class, \"sapMMsgBoxText\")]"}
RESULT: {"using":"xpath","value":"//span[contains(@class, \"sapMMsgBoxText\")]"}
COMMAND: POST /session/96a1215806385093e4fe0bb4431e2f0d/elements - {"using":"xpath","value":"//span[contains(@class, \"sapMMsgBoxText\")]"}
RESULT: {"using":"xpath","value":"//span[contains(@class, \"sapMMsgBoxText\")]"}
COMMAND: POST /session/96a1215806385093e4fe0bb4431e2f0d/elements - {"using":"xpath","value":"//span[contains(@class, \"sapMMsgBoxText\")]"}
RESULT: {"using":"xpath","value":"//span[contains(@class, \"sapMMsgBoxText\")]"}
COMMAND: POST /session/96a1215806385093e4fe0bb4431e2f0d/elements - {"using":"xpath","value":"//span[contains(@class, \"sapMMsgBoxText\")]"}
RESULT: {"using":"xpath","value":"//span[contains(@class, \"sapMMsgBoxText\")]"}
COMMAND: POST /session/96a1215806385093e4fe0bb4431e2f0d/elements - {"using":"xpath","value":"//span[contains(@class, \"sapMMsgBoxText\")]"}
RESULT: {"using":"xpath","value":"//span[contains(@class, \"sapMMsgBoxText\")]"}
COMMAND: POST /session/96a1215806385093e4fe0bb4431e2f0d/elements - {"using":"xpath","value":"//span[contains(@class, \"sapMMsgBoxText\")]"}
RESULT: {"using":"xpath","value":"//span[contains(@class, \"sapMMsgBoxText\")]"}
COMMAND: POST /session/96a1215806385093e4fe0bb4431e2f0d/elements - {"using":"xpath","value":"//span[contains(@class, \"sapMMsgBoxText\")]"}
RESULT: {"using":"xpath","value":"//span[contains(@class, \"sapMMsgBoxText\")]"}
COMMAND: POST /session/96a1215806385093e4fe0bb4431e2f0d/elements - {"using":"xpath","value":"//span[contains(@class, \"sapMMsgBoxText\")]"}
RESULT: {"using":"xpath","value":"//span[contains(@class, \"sapMMsgBoxText\")]"}
COMMAND: POST /session/96a1215806385093e4fe0bb4431e2f0d/elements - {"using":"xpath","value":"//span[contains(@class, \"sapMMsgBoxText\")]"}
RESULT: {"using":"xpath","value":"//span[contains(@class, \"sapMMsgBoxText\")]"}
COMMAND: POST /session/96a1215806385093e4fe0bb4431e2f0d/elements - {"using":"xpath","value":"//span[contains(@class, \"sapMMsgBoxText\")]"}
RESULT: {"using":"xpath","value":"//span[contains(@class, \"sapMMsgBoxText\")]"}
COMMAND: POST /session/96a1215806385093e4fe0bb4431e2f0d/elements - {"using":"xpath","value":"//span[contains(@class, \"sapMMsgBoxText\")]"}
RESULT: {"using":"xpath","value":"//span[contains(@class, \"sapMMsgBoxText\")]"}
COMMAND: POST /session/96a1215806385093e4fe0bb4431e2f0d/elements - {"using":"xpath","value":"//span[contains(@class, \"sapMMsgBoxText\")]"}
RESULT: {"using":"xpath","value":"//span[contains(@class, \"sapMMsgBoxText\")]"}
COMMAND: POST /session/96a1215806385093e4fe0bb4431e2f0d/elements - {"using":"xpath","value":"//span[contains(@class, \"sapMMsgBoxText\")]"}
RESULT: {"using":"xpath","value":"//span[contains(@class, \"sapMMsgBoxText\")]"}
COMMAND: POST /session/96a1215806385093e4fe0bb4431e2f0d/elements - {"using":"xpath","value":"//span[contains(@class, \"sapMMsgBoxText\")]"}
RESULT: {"using":"xpath","value":"//span[contains(@class, \"sapMMsgBoxText\")]"}
COMMAND: POST /session/96a1215806385093e4fe0bb4431e2f0d/elements - {"using":"xpath","value":"//span[contains(@class, \"sapMMsgBoxText\")]"}
RESULT: {"using":"xpath","value":"//span[contains(@class, \"sapMMsgBoxText\")]"}
COMMAND: POST /session/96a1215806385093e4fe0bb4431e2f0d/elements - {"using":"xpath","value":"//span[contains(@class, \"sapMMsgBoxText\")]"}
RESULT: {"using":"xpath","value":"//span[contains(@class, \"sapMMsgBoxText\")]"}
COMMAND: POST /session/96a1215806385093e4fe0bb4431e2f0d/elements - {"using":"xpath","value":"//span[contains(@class, \"sapMMsgBoxText\")]"}
RESULT: {"using":"xpath","value":"//span[contains(@class, \"sapMMsgBoxText\")]"}
COMMAND: POST /session/96a1215806385093e4fe0bb4431e2f0d/element - {"using":"css selector","value":"#shell-header-logo"}
RESULT: {"using":"css selector","value":"#shell-header-logo"}
COMMAND: POST /session/96a1215806385093e4fe0bb4431e2f0d/element/f.6C726134546846331D3F032BC523D45A.d.CDD9E4E6A87206AFE15BED333339D168.e.3228/click - {}
RESULT: {}
COMMAND: GET /session/96a1215806385093e4fe0bb4431e2f0d/screenshot - {}
RESULT: {}
COMMAND: GET /session/96a1215806385093e4fe0bb4431e2f0d/screenshot - {}
RESULT: {}
]]></system-out>
      <system-err><![CDATA[
Error: Expect $(`//span[contains(@class, "sapMMsgBoxText")]`) to be existing

Expected: "existing"
Received: "not existing"
    at Context.<anonymous> (D:\a\1\s\test\specs\BTS\address-management.spec.js:1014:38)
]]></system-err>
    </testcase>
    <testcase classname="chrome.136_0_7103_93.windows.Address_Management_Tests_US156181_US151165_US151160_US156180_US156178_US151157_US151172_US151170_US151166_US151168" name="Step 8 Should add an attachment to the created address US151166 BUGGED FOR NOW" time="69.514">
      <system-out><![CDATA[
COMMAND: GET /session/96a1215806385093e4fe0bb4431e2f0d/screenshot - {}
RESULT: undefined
COMMAND: POST /session/96a1215806385093e4fe0bb4431e2f0d/element - {"using":"xpath","value":"//*[@id=\"__tile33\"]"}
RESULT: {}
RESULT: {"using":"xpath","value":"//*[@id=\"__tile33\"]"}
COMMAND: POST /session/96a1215806385093e4fe0bb4431e2f0d/element/f.6C726134546846331D3F032BC523D45A.d.CDD9E4E6A87206AFE15BED333339D168.e.216/click - {}
RESULT: {}
COMMAND: GET /session/96a1215806385093e4fe0bb4431e2f0d/screenshot - {}
RESULT: {}
COMMAND: POST /session/96a1215806385093e4fe0bb4431e2f0d/elements - {"using":"xpath","value":"//span[text()='Error']"}
RESULT: {"using":"xpath","value":"//span[text()='Error']"}
COMMAND: POST /session/96a1215806385093e4fe0bb4431e2f0d/element - {"using":"xpath","value":"//button[@data-kt=\"addButton\"]"}
RESULT: {"using":"xpath","value":"//button[@data-kt=\"addButton\"]"}
COMMAND: POST /session/96a1215806385093e4fe0bb4431e2f0d/elements - {"using":"xpath","value":"//button[@data-kt=\"addButton\"]"}
RESULT: {"using":"xpath","value":"//button[@data-kt=\"addButton\"]"}
COMMAND: POST /session/96a1215806385093e4fe0bb4431e2f0d/execute/sync - {"script":"<script> [8489 bytes]","args":[{"element-6066-11e4-a52e-4f735466cecf":"f.6C726134546846331D3F032BC523D45A.d.CDD9E4E6A87206AFE15BED333339D168.e.3273","ELEMENT":"f.6C726134546846331D3F032BC523D45A.d.CDD9E4E6A87206AFE15BED333339D168.e.3273"}]}
RESULT: {"script":"<script> [8489 bytes]","args":[{"element-6066-11e4-a52e-4f735466cecf":"f.6C726134546846331D3F032BC523D45A.d.CDD9E4E6A87206AFE15BED333339D168.e.3273","ELEMENT":"f.6C726134546846331D3F032BC523D45A.d.CDD9E4E6A87206AFE15BED333339D168.e.3273"}]}
COMMAND: GET /session/96a1215806385093e4fe0bb4431e2f0d/element/f.6C726134546846331D3F032BC523D45A.d.CDD9E4E6A87206AFE15BED333339D168.e.3273/enabled - {}
COMMAND: GET /session/96a1215806385093e4fe0bb4431e2f0d/screenshot - {}
RESULT: {}
COMMAND: POST /session/96a1215806385093e4fe0bb4431e2f0d/execute/sync - {"script":"<script> [8489 bytes]","args":[{"element-6066-11e4-a52e-4f735466cecf":"f.6C726134546846331D3F032BC523D45A.d.CDD9E4E6A87206AFE15BED333339D168.e.3273","ELEMENT":"f.6C726134546846331D3F032BC523D45A.d.CDD9E4E6A87206AFE15BED333339D168.e.3273"}]}
COMMAND: GET /session/96a1215806385093e4fe0bb4431e2f0d/screenshot - {}
RESULT: {}
RESULT: {"script":"<script> [8489 bytes]","args":[{"element-6066-11e4-a52e-4f735466cecf":"f.6C726134546846331D3F032BC523D45A.d.CDD9E4E6A87206AFE15BED333339D168.e.3273","ELEMENT":"f.6C726134546846331D3F032BC523D45A.d.CDD9E4E6A87206AFE15BED333339D168.e.3273"}]}
COMMAND: POST /session/96a1215806385093e4fe0bb4431e2f0d/execute/sync - {"script":"<script> [5351 bytes]","args":[{"element-6066-11e4-a52e-4f735466cecf":"f.6C726134546846331D3F032BC523D45A.d.CDD9E4E6A87206AFE15BED333339D168.e.3273","ELEMENT":"f.6C726134546846331D3F032BC523D45A.d.CDD9E4E6A87206AFE15BED333339D168.e.3273"}]}
COMMAND: GET /session/96a1215806385093e4fe0bb4431e2f0d/screenshot - {}
RESULT: {}
RESULT: {"script":"<script> [5351 bytes]","args":[{"element-6066-11e4-a52e-4f735466cecf":"f.6C726134546846331D3F032BC523D45A.d.CDD9E4E6A87206AFE15BED333339D168.e.3273","ELEMENT":"f.6C726134546846331D3F032BC523D45A.d.CDD9E4E6A87206AFE15BED333339D168.e.3273"}]}
COMMAND: GET /session/96a1215806385093e4fe0bb4431e2f0d/screenshot - {}
RESULT: {}
RESULT: {}
RESULT: undefined
COMMAND: POST /session/96a1215806385093e4fe0bb4431e2f0d/execute/async - {"script":"<script> [776 bytes]","args":[{"enterText":"EvsmtxeegG","selector":{"id":"application-addressmanagement-display-component---masterAdm--smartFilterBar-btnBasicSearch","interaction":{"idSuffix":"I"}},"clearTextFirst":true,"interactionType":"ENTER_TEXT"}]}
RESULT: {"script":"<script> [776 bytes]","args":[{"enterText":"EvsmtxeegG","selector":{"id":"application-addressmanagement-display-component---masterAdm--smartFilterBar-btnBasicSearch","interaction":{"idSuffix":"I"}},"clearTextFirst":true,"interactionType":"ENTER_TEXT"}]}
COMMAND: POST /session/96a1215806385093e4fe0bb4431e2f0d/actions - {"actions":[{"id":"action14","type":"key","parameters":{},"actions":[{"type":"keyDown","value":""},{"type":"pause","duration":10},{"type":"keyUp","value":""}]}]}
RESULT: {"actions":[{"id":"action14","type":"key","parameters":{},"actions":[{"type":"keyDown","value":""},{"type":"pause","duration":10},{"type":"keyUp","value":""}]}]}
COMMAND: GET /session/96a1215806385093e4fe0bb4431e2f0d/screenshot - {}
RESULT: {}
COMMAND: POST /session/96a1215806385093e4fe0bb4431e2f0d/elements - {"using":"xpath","value":"//table[contains(@id, \"customPersonsAddressesTable-listUl\")]/tbody/tr"}
RESULT: {"using":"xpath","value":"//table[contains(@id, \"customPersonsAddressesTable-listUl\")]/tbody/tr"}
COMMAND: POST /session/96a1215806385093e4fe0bb4431e2f0d/element - {"using":"xpath","value":"//table[contains(@id, \"customPersonsAddressesTable-listUl\")]/tbody/tr[1]/td[5]/span/span"}
RESULT: {"using":"xpath","value":"//table[contains(@id, \"customPersonsAddressesTable-listUl\")]/tbody/tr[1]/td[5]/span/span"}
COMMAND: POST /session/96a1215806385093e4fe0bb4431e2f0d/element - {"using":"xpath","value":"//table[contains(@id, \"customPersonsAddressesTable-listUl\")]/tbody/tr[1]/td[3]/span"}
RESULT: {"using":"xpath","value":"//table[contains(@id, \"customPersonsAddressesTable-listUl\")]/tbody/tr[1]/td[3]/span"}
COMMAND: POST /session/96a1215806385093e4fe0bb4431e2f0d/elements - {"using":"xpath","value":"//table[contains(@id, \"customPersonsAddressesTable-listUl\")]/tbody/tr[1]/td[5]/span/span"}
RESULT: {"using":"xpath","value":"//table[contains(@id, \"customPersonsAddressesTable-listUl\")]/tbody/tr[1]/td[5]/span/span"}
COMMAND: POST /session/96a1215806385093e4fe0bb4431e2f0d/execute/sync - {"script":"<script> [56 bytes]","args":[{"element-6066-11e4-a52e-4f735466cecf":"f.6C726134546846331D3F032BC523D45A.d.CDD9E4E6A87206AFE15BED333339D168.e.3419","ELEMENT":"f.6C726134546846331D3F032BC523D45A.d.CDD9E4E6A87206AFE15BED333339D168.e.3419"}]}
RESULT: {"script":"<script> [56 bytes]","args":[{"element-6066-11e4-a52e-4f735466cecf":"f.6C726134546846331D3F032BC523D45A.d.CDD9E4E6A87206AFE15BED333339D168.e.3419","ELEMENT":"f.6C726134546846331D3F032BC523D45A.d.CDD9E4E6A87206AFE15BED333339D168.e.3419"}]}
COMMAND: POST /session/96a1215806385093e4fe0bb4431e2f0d/execute/sync - {"script":"<script> [56 bytes]","args":[{"element-6066-11e4-a52e-4f735466cecf":"f.6C726134546846331D3F032BC523D45A.d.CDD9E4E6A87206AFE15BED333339D168.e.3420","ELEMENT":"f.6C726134546846331D3F032BC523D45A.d.CDD9E4E6A87206AFE15BED333339D168.e.3420"}]}
COMMAND: GET /session/96a1215806385093e4fe0bb4431e2f0d/screenshot - {}
RESULT: {"script":"<script> [56 bytes]","args":[{"element-6066-11e4-a52e-4f735466cecf":"f.6C726134546846331D3F032BC523D45A.d.CDD9E4E6A87206AFE15BED333339D168.e.3420","ELEMENT":"f.6C726134546846331D3F032BC523D45A.d.CDD9E4E6A87206AFE15BED333339D168.e.3420"}]}
COMMAND: POST /session/96a1215806385093e4fe0bb4431e2f0d/element - {"using":"xpath","value":"(//span[contains(@id, \"imgNav\")])[1]"}
COMMAND: GET /session/96a1215806385093e4fe0bb4431e2f0d/screenshot - {}
RESULT: {}
RESULT: {"using":"xpath","value":"(//span[contains(@id, \"imgNav\")])[1]"}
COMMAND: POST /session/96a1215806385093e4fe0bb4431e2f0d/element/f.6C726134546846331D3F032BC523D45A.d.CDD9E4E6A87206AFE15BED333339D168.e.3416/click - {}
RESULT: {}
RESULT: {}
COMMAND: GET /session/96a1215806385093e4fe0bb4431e2f0d/screenshot - {}
RESULT: {}
COMMAND: POST /session/96a1215806385093e4fe0bb4431e2f0d/element - {"using":"xpath","value":"//bdi[contains(text(), \"Edit\")]"}
RESULT: {"using":"xpath","value":"//bdi[contains(text(), \"Edit\")]"}
COMMAND: POST /session/96a1215806385093e4fe0bb4431e2f0d/element/f.6C726134546846331D3F032BC523D45A.d.CDD9E4E6A87206AFE15BED333339D168.e.3546/click - {}
RESULT: {}
COMMAND: GET /session/96a1215806385093e4fe0bb4431e2f0d/screenshot - {}
RESULT: {}
COMMAND: POST /session/96a1215806385093e4fe0bb4431e2f0d/execute/async - {"script":"<script> [1562 bytes]","args":[{"selector":{"controlType":"sap.m.Button","viewName":"etm.portal.ui.addressmanagement.view.EditDetail","properties":{"text":"Attachments (0)"},"interaction":{"idSuffix":"BDI-content"}},"wdio_ui5_key":"etmportal.ui.addressmanagement.view.EditDetailsap.m.Button{\"text\":\"Attachments (0)\"}"}]}
RESULT: {"script":"<script> [1562 bytes]","args":[{"selector":{"controlType":"sap.m.Button","viewName":"etm.portal.ui.addressmanagement.view.EditDetail","properties":{"text":"Attachments (0)"},"interaction":{"idSuffix":"BDI-content"}},"wdio_ui5_key":"etmportal.ui.addressmanagement.view.EditDetailsap.m.Button{\"text\":\"Attachments (0)\"}"}]}
RESULT: undefined
COMMAND: POST /session/96a1215806385093e4fe0bb4431e2f0d/element - {"using":"xpath","value":"//*[@id=\"__xmlview61--ObjectPageLayout-anchBar-__xmlview61--attachments-anchor\"]"}
RESULT: {"using":"xpath","value":"//*[@id=\"__xmlview61--ObjectPageLayout-anchBar-__xmlview61--attachments-anchor\"]"}
COMMAND: POST /session/96a1215806385093e4fe0bb4431e2f0d/element/f.6C726134546846331D3F032BC523D45A.d.CDD9E4E6A87206AFE15BED333339D168.e.3602/click - {}
RESULT: {}
COMMAND: GET /session/96a1215806385093e4fe0bb4431e2f0d/screenshot - {}
RESULT: {}
COMMAND: POST /session/96a1215806385093e4fe0bb4431e2f0d/file - {"file":"[base64] 459776 bytes"}
RESULT: {"file":"[base64] 459776 bytes"}
COMMAND: POST /session/96a1215806385093e4fe0bb4431e2f0d/element - {"using":"css selector","value":"input[type=\"file\"]"}
RESULT: {"using":"css selector","value":"input[type=\"file\"]"}
COMMAND: POST /session/96a1215806385093e4fe0bb4431e2f0d/element/f.6C726134546846331D3F032BC523D45A.d.CDD9E4E6A87206AFE15BED333339D168.e.3578/clear - {}
RESULT: {}
COMMAND: POST /session/96a1215806385093e4fe0bb4431e2f0d/element/f.6C726134546846331D3F032BC523D45A.d.CDD9E4E6A87206AFE15BED333339D168.e.3578/value - {"text":"C:\\Windows\\SystemTemp\\scoped_dir1904_582784366\\upload1904_609930351\\address-mng-pic.png"}
COMMAND: GET /session/96a1215806385093e4fe0bb4431e2f0d/screenshot - {}
RESULT: {"text":"C:\\Windows\\SystemTemp\\scoped_dir1904_582784366\\upload1904_609930351\\address-mng-pic.png"}
COMMAND: GET /session/96a1215806385093e4fe0bb4431e2f0d/screenshot - {}
RESULT: {}
RESULT: {}
COMMAND: POST /session/96a1215806385093e4fe0bb4431e2f0d/element - {"using":"xpath","value":"//button[@data-kt=\"saveButton\"]"}
RESULT: {"using":"xpath","value":"//button[@data-kt=\"saveButton\"]"}
COMMAND: POST /session/96a1215806385093e4fe0bb4431e2f0d/element/f.6C726134546846331D3F032BC523D45A.d.CDD9E4E6A87206AFE15BED333339D168.e.3626/click - {}
RESULT: {}
COMMAND: GET /session/96a1215806385093e4fe0bb4431e2f0d/screenshot - {}
RESULT: {}
COMMAND: POST /session/96a1215806385093e4fe0bb4431e2f0d/execute/async - {"script":"<script> [1562 bytes]","args":[{"selector":{"id":"application-addressmanagement-display-component---detailAdm--ObjectPageLayout-anchBar-application-addressmanagement-display-component---detailAdm--attachments-anchor","interaction":{"idSuffix":"content"}},"wdio_ui5_key":"applicationaddressmanagement-display-component---detailAdm--ObjectPageLayout-anchBar-application-addressmanagement-display-component---detailAdm--attachments-anchor"}]}
RESULT: {"script":"<script> [1562 bytes]","args":[{"selector":{"id":"application-addressmanagement-display-component---detailAdm--ObjectPageLayout-anchBar-application-addressmanagement-display-component---detailAdm--attachments-anchor","interaction":{"idSuffix":"content"}},"wdio_ui5_key":"applicationaddressmanagement-display-component---detailAdm--ObjectPageLayout-anchBar-application-addressmanagement-display-component---detailAdm--attachments-anchor"}]}
RESULT: undefined
COMMAND: POST /session/96a1215806385093e4fe0bb4431e2f0d/element - {"using":"xpath","value":"//*[@id=\"application-addressmanagement-display-component---detailAdm--ObjectPageLayout-anchBar-application-addressmanagement-display-component---detailAdm--attachments-anchor\"]"}
RESULT: {"using":"xpath","value":"//*[@id=\"application-addressmanagement-display-component---detailAdm--ObjectPageLayout-anchBar-application-addressmanagement-display-component---detailAdm--attachments-anchor\"]"}
COMMAND: POST /session/96a1215806385093e4fe0bb4431e2f0d/element/f.6C726134546846331D3F032BC523D45A.d.CDD9E4E6A87206AFE15BED333339D168.e.3635/click - {}
RESULT: {}
COMMAND: GET /session/96a1215806385093e4fe0bb4431e2f0d/screenshot - {}
RESULT: {}
COMMAND: POST /session/96a1215806385093e4fe0bb4431e2f0d/execute/async - {"script":"<script> [1562 bytes]","args":[{"selector":{"id":"application-addressmanagement-display-component---detailAdm--attachments"},"wdio_ui5_key":"applicationaddressmanagement-display-component---detailAdm--attachments"}]}
RESULT: {"script":"<script> [1562 bytes]","args":[{"selector":{"id":"application-addressmanagement-display-component---detailAdm--attachments"},"wdio_ui5_key":"applicationaddressmanagement-display-component---detailAdm--attachments"}]}
RESULT: undefined
COMMAND: POST /session/96a1215806385093e4fe0bb4431e2f0d/execute/async - {"script":"<script> [6424 bytes]","args":[{"element-6066-11e4-a52e-4f735466cecf":"f.6C726134546846331D3F032BC523D45A.d.CDD9E4E6A87206AFE15BED333339D168.e.3530"},"getTitle",[]]}
RESULT: {"script":"<script> [6424 bytes]","args":[{"element-6066-11e4-a52e-4f735466cecf":"f.6C726134546846331D3F032BC523D45A.d.CDD9E4E6A87206AFE15BED333339D168.e.3530"},"getTitle",[]]}
COMMAND: POST /session/96a1215806385093e4fe0bb4431e2f0d/element - {"using":"css selector","value":"#shell-header-logo"}
RESULT: {"using":"css selector","value":"#shell-header-logo"}
COMMAND: POST /session/96a1215806385093e4fe0bb4431e2f0d/element/f.6C726134546846331D3F032BC523D45A.d.CDD9E4E6A87206AFE15BED333339D168.e.3228/click - {}
RESULT: {}
COMMAND: GET /session/96a1215806385093e4fe0bb4431e2f0d/screenshot - {}
RESULT: {}
]]></system-out>
    </testcase>
    <testcase classname="chrome.136_0_7103_93.windows.Address_Management_Tests_US156181_US151165_US151160_US156180_US156178_US151157_US151172_US151170_US151166_US151168" name="Step 9 Should remove the added attachment on the created address US151168 BUGGED FOR NOW" time="75.988">
      <system-out><![CDATA[
RESULT: undefined
COMMAND: POST /session/96a1215806385093e4fe0bb4431e2f0d/element - {"using":"xpath","value":"//*[@id=\"__tile33\"]"}
RESULT: {"using":"xpath","value":"//*[@id=\"__tile33\"]"}
COMMAND: POST /session/96a1215806385093e4fe0bb4431e2f0d/element/f.6C726134546846331D3F032BC523D45A.d.CDD9E4E6A87206AFE15BED333339D168.e.216/click - {}
RESULT: {}
COMMAND: GET /session/96a1215806385093e4fe0bb4431e2f0d/screenshot - {}
RESULT: {}
COMMAND: POST /session/96a1215806385093e4fe0bb4431e2f0d/elements - {"using":"xpath","value":"//span[text()='Error']"}
RESULT: {"using":"xpath","value":"//span[text()='Error']"}
COMMAND: POST /session/96a1215806385093e4fe0bb4431e2f0d/element - {"using":"xpath","value":"//button[@data-kt=\"addButton\"]"}
RESULT: {"using":"xpath","value":"//button[@data-kt=\"addButton\"]"}
COMMAND: POST /session/96a1215806385093e4fe0bb4431e2f0d/elements - {"using":"xpath","value":"//button[@data-kt=\"addButton\"]"}
RESULT: {"using":"xpath","value":"//button[@data-kt=\"addButton\"]"}
COMMAND: POST /session/96a1215806385093e4fe0bb4431e2f0d/execute/sync - {"script":"<script> [8489 bytes]","args":[{"element-6066-11e4-a52e-4f735466cecf":"f.6C726134546846331D3F032BC523D45A.d.CDD9E4E6A87206AFE15BED333339D168.e.3686","ELEMENT":"f.6C726134546846331D3F032BC523D45A.d.CDD9E4E6A87206AFE15BED333339D168.e.3686"}]}
RESULT: {"script":"<script> [8489 bytes]","args":[{"element-6066-11e4-a52e-4f735466cecf":"f.6C726134546846331D3F032BC523D45A.d.CDD9E4E6A87206AFE15BED333339D168.e.3686","ELEMENT":"f.6C726134546846331D3F032BC523D45A.d.CDD9E4E6A87206AFE15BED333339D168.e.3686"}]}
COMMAND: GET /session/96a1215806385093e4fe0bb4431e2f0d/element/f.6C726134546846331D3F032BC523D45A.d.CDD9E4E6A87206AFE15BED333339D168.e.3686/enabled - {}
COMMAND: GET /session/96a1215806385093e4fe0bb4431e2f0d/screenshot - {}
RESULT: {}
COMMAND: POST /session/96a1215806385093e4fe0bb4431e2f0d/execute/sync - {"script":"<script> [8489 bytes]","args":[{"element-6066-11e4-a52e-4f735466cecf":"f.6C726134546846331D3F032BC523D45A.d.CDD9E4E6A87206AFE15BED333339D168.e.3686","ELEMENT":"f.6C726134546846331D3F032BC523D45A.d.CDD9E4E6A87206AFE15BED333339D168.e.3686"}]}
COMMAND: GET /session/96a1215806385093e4fe0bb4431e2f0d/screenshot - {}
RESULT: {}
RESULT: {"script":"<script> [8489 bytes]","args":[{"element-6066-11e4-a52e-4f735466cecf":"f.6C726134546846331D3F032BC523D45A.d.CDD9E4E6A87206AFE15BED333339D168.e.3686","ELEMENT":"f.6C726134546846331D3F032BC523D45A.d.CDD9E4E6A87206AFE15BED333339D168.e.3686"}]}
COMMAND: POST /session/96a1215806385093e4fe0bb4431e2f0d/execute/sync - {"script":"<script> [5351 bytes]","args":[{"element-6066-11e4-a52e-4f735466cecf":"f.6C726134546846331D3F032BC523D45A.d.CDD9E4E6A87206AFE15BED333339D168.e.3686","ELEMENT":"f.6C726134546846331D3F032BC523D45A.d.CDD9E4E6A87206AFE15BED333339D168.e.3686"}]}
COMMAND: GET /session/96a1215806385093e4fe0bb4431e2f0d/screenshot - {}
RESULT: {}
RESULT: {"script":"<script> [5351 bytes]","args":[{"element-6066-11e4-a52e-4f735466cecf":"f.6C726134546846331D3F032BC523D45A.d.CDD9E4E6A87206AFE15BED333339D168.e.3686","ELEMENT":"f.6C726134546846331D3F032BC523D45A.d.CDD9E4E6A87206AFE15BED333339D168.e.3686"}]}
COMMAND: GET /session/96a1215806385093e4fe0bb4431e2f0d/screenshot - {}
RESULT: {}
RESULT: {}
RESULT: undefined
COMMAND: POST /session/96a1215806385093e4fe0bb4431e2f0d/execute/async - {"script":"<script> [776 bytes]","args":[{"enterText":"EvsmtxeegG","selector":{"id":"application-addressmanagement-display-component---masterAdm--smartFilterBar-btnBasicSearch","interaction":{"idSuffix":"I"}},"clearTextFirst":true,"interactionType":"ENTER_TEXT"}]}
RESULT: {"script":"<script> [776 bytes]","args":[{"enterText":"EvsmtxeegG","selector":{"id":"application-addressmanagement-display-component---masterAdm--smartFilterBar-btnBasicSearch","interaction":{"idSuffix":"I"}},"clearTextFirst":true,"interactionType":"ENTER_TEXT"}]}
COMMAND: POST /session/96a1215806385093e4fe0bb4431e2f0d/actions - {"actions":[{"id":"action15","type":"key","parameters":{},"actions":[{"type":"keyDown","value":""},{"type":"pause","duration":10},{"type":"keyUp","value":""}]}]}
RESULT: {"actions":[{"id":"action15","type":"key","parameters":{},"actions":[{"type":"keyDown","value":""},{"type":"pause","duration":10},{"type":"keyUp","value":""}]}]}
COMMAND: GET /session/96a1215806385093e4fe0bb4431e2f0d/screenshot - {}
RESULT: {}
COMMAND: POST /session/96a1215806385093e4fe0bb4431e2f0d/elements - {"using":"xpath","value":"//table[contains(@id, \"customPersonsAddressesTable-listUl\")]/tbody/tr"}
RESULT: {"using":"xpath","value":"//table[contains(@id, \"customPersonsAddressesTable-listUl\")]/tbody/tr"}
COMMAND: POST /session/96a1215806385093e4fe0bb4431e2f0d/element - {"using":"xpath","value":"//table[contains(@id, \"customPersonsAddressesTable-listUl\")]/tbody/tr[1]/td[5]/span/span"}
RESULT: {"using":"xpath","value":"//table[contains(@id, \"customPersonsAddressesTable-listUl\")]/tbody/tr[1]/td[5]/span/span"}
COMMAND: POST /session/96a1215806385093e4fe0bb4431e2f0d/element - {"using":"xpath","value":"//table[contains(@id, \"customPersonsAddressesTable-listUl\")]/tbody/tr[1]/td[3]/span"}
RESULT: {"using":"xpath","value":"//table[contains(@id, \"customPersonsAddressesTable-listUl\")]/tbody/tr[1]/td[3]/span"}
COMMAND: POST /session/96a1215806385093e4fe0bb4431e2f0d/elements - {"using":"xpath","value":"//table[contains(@id, \"customPersonsAddressesTable-listUl\")]/tbody/tr[1]/td[5]/span/span"}
RESULT: {"using":"xpath","value":"//table[contains(@id, \"customPersonsAddressesTable-listUl\")]/tbody/tr[1]/td[5]/span/span"}
COMMAND: POST /session/96a1215806385093e4fe0bb4431e2f0d/execute/sync - {"script":"<script> [56 bytes]","args":[{"element-6066-11e4-a52e-4f735466cecf":"f.6C726134546846331D3F032BC523D45A.d.CDD9E4E6A87206AFE15BED333339D168.e.3832","ELEMENT":"f.6C726134546846331D3F032BC523D45A.d.CDD9E4E6A87206AFE15BED333339D168.e.3832"}]}
RESULT: {"script":"<script> [56 bytes]","args":[{"element-6066-11e4-a52e-4f735466cecf":"f.6C726134546846331D3F032BC523D45A.d.CDD9E4E6A87206AFE15BED333339D168.e.3832","ELEMENT":"f.6C726134546846331D3F032BC523D45A.d.CDD9E4E6A87206AFE15BED333339D168.e.3832"}]}
COMMAND: POST /session/96a1215806385093e4fe0bb4431e2f0d/execute/sync - {"script":"<script> [56 bytes]","args":[{"element-6066-11e4-a52e-4f735466cecf":"f.6C726134546846331D3F032BC523D45A.d.CDD9E4E6A87206AFE15BED333339D168.e.3833","ELEMENT":"f.6C726134546846331D3F032BC523D45A.d.CDD9E4E6A87206AFE15BED333339D168.e.3833"}]}
COMMAND: GET /session/96a1215806385093e4fe0bb4431e2f0d/screenshot - {}
RESULT: {"script":"<script> [56 bytes]","args":[{"element-6066-11e4-a52e-4f735466cecf":"f.6C726134546846331D3F032BC523D45A.d.CDD9E4E6A87206AFE15BED333339D168.e.3833","ELEMENT":"f.6C726134546846331D3F032BC523D45A.d.CDD9E4E6A87206AFE15BED333339D168.e.3833"}]}
COMMAND: POST /session/96a1215806385093e4fe0bb4431e2f0d/element - {"using":"xpath","value":"(//span[contains(@id, \"imgNav\")])[1]"}
COMMAND: GET /session/96a1215806385093e4fe0bb4431e2f0d/screenshot - {}
RESULT: {}
RESULT: {"using":"xpath","value":"(//span[contains(@id, \"imgNav\")])[1]"}
COMMAND: POST /session/96a1215806385093e4fe0bb4431e2f0d/element/f.6C726134546846331D3F032BC523D45A.d.CDD9E4E6A87206AFE15BED333339D168.e.3829/click - {}
RESULT: {}
RESULT: {}
COMMAND: GET /session/96a1215806385093e4fe0bb4431e2f0d/screenshot - {}
RESULT: {}
COMMAND: POST /session/96a1215806385093e4fe0bb4431e2f0d/element - {"using":"xpath","value":"//bdi[contains(text(), \"Edit\")]"}
RESULT: {"using":"xpath","value":"//bdi[contains(text(), \"Edit\")]"}
COMMAND: POST /session/96a1215806385093e4fe0bb4431e2f0d/element/f.6C726134546846331D3F032BC523D45A.d.CDD9E4E6A87206AFE15BED333339D168.e.3966/click - {}
RESULT: {}
COMMAND: GET /session/96a1215806385093e4fe0bb4431e2f0d/screenshot - {}
RESULT: {}
COMMAND: POST /session/96a1215806385093e4fe0bb4431e2f0d/execute/async - {"script":"<script> [1562 bytes]","args":[{"selector":{"controlType":"sap.m.Button","viewName":"etm.portal.ui.addressmanagement.view.EditDetail","properties":{"text":"Attachments (1)"},"interaction":{"idSuffix":"BDI-content"}},"wdio_ui5_key":"etmportal.ui.addressmanagement.view.EditDetailsap.m.Button{\"text\":\"Attachments (1)\"}"}]}
RESULT: {"script":"<script> [1562 bytes]","args":[{"selector":{"controlType":"sap.m.Button","viewName":"etm.portal.ui.addressmanagement.view.EditDetail","properties":{"text":"Attachments (1)"},"interaction":{"idSuffix":"BDI-content"}},"wdio_ui5_key":"etmportal.ui.addressmanagement.view.EditDetailsap.m.Button{\"text\":\"Attachments (1)\"}"}]}
RESULT: undefined
COMMAND: POST /session/96a1215806385093e4fe0bb4431e2f0d/element - {"using":"xpath","value":"//*[@id=\"__xmlview62--ObjectPageLayout-anchBar-__xmlview62--attachments-anchor\"]"}
RESULT: {"using":"xpath","value":"//*[@id=\"__xmlview62--ObjectPageLayout-anchBar-__xmlview62--attachments-anchor\"]"}
COMMAND: POST /session/96a1215806385093e4fe0bb4431e2f0d/element/f.6C726134546846331D3F032BC523D45A.d.CDD9E4E6A87206AFE15BED333339D168.e.4004/click - {}
RESULT: {}
COMMAND: GET /session/96a1215806385093e4fe0bb4431e2f0d/screenshot - {}
RESULT: {}
COMMAND: POST /session/96a1215806385093e4fe0bb4431e2f0d/execute/async - {"script":"<script> [1562 bytes]","args":[{"selector":{"controlType":"sap.ui.core.Icon","viewName":"etm.portal.ui.addressmanagement.view.EditDetail","properties":{"src":{"regex":{"source":"decline"}}}},"wdio_ui5_key":"etmportal.ui.addressmanagement.view.EditDetailsap.ui.core.Icon{\"src\":{\"regex\":{\"source\":\"decline\"}}}"}]}
RESULT: {"script":"<script> [1562 bytes]","args":[{"selector":{"controlType":"sap.ui.core.Icon","viewName":"etm.portal.ui.addressmanagement.view.EditDetail","properties":{"src":{"regex":{"source":"decline"}}}},"wdio_ui5_key":"etmportal.ui.addressmanagement.view.EditDetailsap.ui.core.Icon{\"src\":{\"regex\":{\"source\":\"decline\"}}}"}]}
RESULT: undefined
COMMAND: POST /session/96a1215806385093e4fe0bb4431e2f0d/element - {"using":"xpath","value":"//*[@id=\"__item858-__set10-0-deleteButton-img\"]"}
RESULT: {"using":"xpath","value":"//*[@id=\"__item858-__set10-0-deleteButton-img\"]"}
COMMAND: POST /session/96a1215806385093e4fe0bb4431e2f0d/element/f.6C726134546846331D3F032BC523D45A.d.CDD9E4E6A87206AFE15BED333339D168.e.4009/click - {}
RESULT: {}
COMMAND: GET /session/96a1215806385093e4fe0bb4431e2f0d/screenshot - {}
RESULT: {}
COMMAND: POST /session/96a1215806385093e4fe0bb4431e2f0d/element - {"using":"xpath","value":"//bdi[contains(text(), \"OK\")]"}
RESULT: {"using":"xpath","value":"//bdi[contains(text(), \"OK\")]"}
COMMAND: POST /session/96a1215806385093e4fe0bb4431e2f0d/element/f.6C726134546846331D3F032BC523D45A.d.CDD9E4E6A87206AFE15BED333339D168.e.4012/click - {}
RESULT: {}
COMMAND: GET /session/96a1215806385093e4fe0bb4431e2f0d/screenshot - {}
RESULT: {}
COMMAND: POST /session/96a1215806385093e4fe0bb4431e2f0d/element - {"using":"xpath","value":"//button[@data-kt=\"saveButton\"]"}
RESULT: {"using":"xpath","value":"//button[@data-kt=\"saveButton\"]"}
COMMAND: POST /session/96a1215806385093e4fe0bb4431e2f0d/element/f.6C726134546846331D3F032BC523D45A.d.CDD9E4E6A87206AFE15BED333339D168.e.4034/click - {}
RESULT: {}
COMMAND: GET /session/96a1215806385093e4fe0bb4431e2f0d/screenshot - {}
RESULT: {}
RESULT: undefined
COMMAND: POST /session/96a1215806385093e4fe0bb4431e2f0d/element - {"using":"xpath","value":"//*[@id=\"application-addressmanagement-display-component---detailAdm--ObjectPageLayout-anchBar-application-addressmanagement-display-component---detailAdm--attachments-anchor\"]"}
RESULT: {"using":"xpath","value":"//*[@id=\"application-addressmanagement-display-component---detailAdm--ObjectPageLayout-anchBar-application-addressmanagement-display-component---detailAdm--attachments-anchor\"]"}
COMMAND: POST /session/96a1215806385093e4fe0bb4431e2f0d/element/f.6C726134546846331D3F032BC523D45A.d.CDD9E4E6A87206AFE15BED333339D168.e.4049/click - {}
RESULT: {}
COMMAND: GET /session/96a1215806385093e4fe0bb4431e2f0d/screenshot - {}
RESULT: {}
RESULT: undefined
COMMAND: POST /session/96a1215806385093e4fe0bb4431e2f0d/execute/async - {"script":"<script> [6424 bytes]","args":[{"element-6066-11e4-a52e-4f735466cecf":"f.6C726134546846331D3F032BC523D45A.d.CDD9E4E6A87206AFE15BED333339D168.e.3530"},"getTitle",[]]}
COMMAND: POST /session/96a1215806385093e4fe0bb4431e2f0d/execute/async - {"script":"<script> [1562 bytes]","args":[{"selector":{"id":"application-addressmanagement-display-component---detailAdm--attachments"},"wdio_ui5_key":"applicationaddressmanagement-display-component---detailAdm--attachments"}]}
RESULT: {"script":"<script> [1562 bytes]","args":[{"selector":{"id":"application-addressmanagement-display-component---detailAdm--attachments"},"wdio_ui5_key":"applicationaddressmanagement-display-component---detailAdm--attachments"}]}
COMMAND: POST /session/96a1215806385093e4fe0bb4431e2f0d/execute/async - {"script":"<script> [6424 bytes]","args":[{"element-6066-11e4-a52e-4f735466cecf":"f.6C726134546846331D3F032BC523D45A.d.CDD9E4E6A87206AFE15BED333339D168.e.3944"},"getTitle",[]]}
RESULT: {"script":"<script> [6424 bytes]","args":[{"element-6066-11e4-a52e-4f735466cecf":"f.6C726134546846331D3F032BC523D45A.d.CDD9E4E6A87206AFE15BED333339D168.e.3944"},"getTitle",[]]}
COMMAND: POST /session/96a1215806385093e4fe0bb4431e2f0d/element - {"using":"css selector","value":"#shell-header-logo"}
RESULT: {"using":"css selector","value":"#shell-header-logo"}
COMMAND: POST /session/96a1215806385093e4fe0bb4431e2f0d/element/f.6C726134546846331D3F032BC523D45A.d.CDD9E4E6A87206AFE15BED333339D168.e.3644/click - {}
RESULT: {}
COMMAND: GET /session/96a1215806385093e4fe0bb4431e2f0d/screenshot - {}
RESULT: {}
COMMAND: GET /session/96a1215806385093e4fe0bb4431e2f0d/screenshot - {}
RESULT: {}
COMMAND: DELETE /session/96a1215806385093e4fe0bb4431e2f0d - {}
RESULT: {}
]]></system-out>
    </testcase>
  </testsuite>
</testsuites>