<?xml version="1.0" encoding="UTF-8"?>
<testsuites tests="13" failures="0" errors="0" skipped="2">
  <testsuite timestamp="2025-04-20T17:27:49" time="1762.778" tests="13" failures="0" errors="0" skipped="2">
    <properties>
      <property name="specId" value="0"/>
      <property name="suiteName" value="Partner specific tests US150819 US151080 US151654 US151176 US103444 US151078 US151079 US151109 US151174 US151175 US151189"/>
      <property name="capabilities" value="chrome.135_0_7049_42.windows"/>
      <property name="file" value="file:///D:/a/1/s/test/specs/BTS/manage-partners.spec.js"/>
    </properties>
    <testcase classname="chrome.135_0_7049_42.windows.Partner_specific_tests_US150819_US151080_US151654_US151176_US103444_US151078_US151079_US151109_US151174_US151175_US151189" name="Should create a new yard prerequisite" time="126.396">
      <system-out><![CDATA[
COMMAND: POST /session/e1c9c002d5d3447acc7ed8721565bd54/window/fullscreen - {}
RESULT: {}
COMMAND: POST /session/e1c9c002d5d3447acc7ed8721565bd54/element - {"using":"xpath","value":"//li[.//span[text()=\"Manage Partners\"]]"}
RESULT: {"using":"xpath","value":"//li[.//span[text()=\"Manage Partners\"]]"}
COMMAND: POST /session/e1c9c002d5d3447acc7ed8721565bd54/element - {"using":"xpath","value":"//li[.//span[text()=\"Manage Partners\"]]"}
RESULT: {"using":"xpath","value":"//li[.//span[text()=\"Manage Partners\"]]"}
COMMAND: POST /session/e1c9c002d5d3447acc7ed8721565bd54/element - {"using":"css selector","value":"#shell-header-logo"}
RESULT: {"using":"css selector","value":"#shell-header-logo"}
COMMAND: POST /session/e1c9c002d5d3447acc7ed8721565bd54/element/f.06DF9BC5D4F2FE6DCE5AA073CBC21D39.d.45E92C44852F29CD18BC430FD8E15239.e.268/click - {}
COMMAND: POST /session/e1c9c002d5d3447acc7ed8721565bd54/execute/sync - {"script":"<script> [8489 bytes]","args":[{"element-6066-11e4-a52e-4f735466cecf":"f.06DF9BC5D4F2FE6DCE5AA073CBC21D39.d.45E92C44852F29CD18BC430FD8E15239.e.268","ELEMENT":"f.06DF9BC5D4F2FE6DCE5AA073CBC21D39.d.45E92C44852F29CD18BC430FD8E15239.e.268"}]}
RESULT: {}
COMMAND: GET /session/e1c9c002d5d3447acc7ed8721565bd54/screenshot - {}
RESULT: {"script":"<script> [8489 bytes]","args":[{"element-6066-11e4-a52e-4f735466cecf":"f.06DF9BC5D4F2FE6DCE5AA073CBC21D39.d.45E92C44852F29CD18BC430FD8E15239.e.268","ELEMENT":"f.06DF9BC5D4F2FE6DCE5AA073CBC21D39.d.45E92C44852F29CD18BC430FD8E15239.e.268"}]}
COMMAND: POST /session/e1c9c002d5d3447acc7ed8721565bd54/execute/sync - {"script":"<script> [5351 bytes]","args":[{"element-6066-11e4-a52e-4f735466cecf":"f.06DF9BC5D4F2FE6DCE5AA073CBC21D39.d.45E92C44852F29CD18BC430FD8E15239.e.268","ELEMENT":"f.06DF9BC5D4F2FE6DCE5AA073CBC21D39.d.45E92C44852F29CD18BC430FD8E15239.e.268"}]}
COMMAND: GET /session/e1c9c002d5d3447acc7ed8721565bd54/screenshot - {}
RESULT: {}
RESULT: {"script":"<script> [5351 bytes]","args":[{"element-6066-11e4-a52e-4f735466cecf":"f.06DF9BC5D4F2FE6DCE5AA073CBC21D39.d.45E92C44852F29CD18BC430FD8E15239.e.268","ELEMENT":"f.06DF9BC5D4F2FE6DCE5AA073CBC21D39.d.45E92C44852F29CD18BC430FD8E15239.e.268"}]}
COMMAND: GET /session/e1c9c002d5d3447acc7ed8721565bd54/screenshot - {}
RESULT: {}
RESULT: {}
COMMAND: POST /session/e1c9c002d5d3447acc7ed8721565bd54/execute/async - {"script":"<script> [1562 bytes]","args":[{"selector":{"controlType":"sap.m.GenericTile","properties":{"header":"Manage Yards"}},"wdio_ui5_key":"sapm.GenericTile{\"header\":\"Manage Yards\"}"}]}
RESULT: {"script":"<script> [1562 bytes]","args":[{"selector":{"controlType":"sap.m.GenericTile","properties":{"header":"Manage Yards"}},"wdio_ui5_key":"sapm.GenericTile{\"header\":\"Manage Yards\"}"}]}
RESULT: undefined
COMMAND: POST /session/e1c9c002d5d3447acc7ed8721565bd54/element - {"using":"xpath","value":"//*[@id=\"__tile41\"]"}
RESULT: {"using":"xpath","value":"//*[@id=\"__tile41\"]"}
COMMAND: POST /session/e1c9c002d5d3447acc7ed8721565bd54/element/f.06DF9BC5D4F2FE6DCE5AA073CBC21D39.d.45E92C44852F29CD18BC430FD8E15239.e.165/click - {}
RESULT: {}
COMMAND: POST /session/e1c9c002d5d3447acc7ed8721565bd54/element - {"using":"xpath","value":"//button[@data-kt=\"addNewYardOverflowToolbarButton\"]"}
COMMAND: GET /session/e1c9c002d5d3447acc7ed8721565bd54/screenshot - {}
RESULT: {"using":"xpath","value":"//button[@data-kt=\"addNewYardOverflowToolbarButton\"]"}
COMMAND: POST /session/e1c9c002d5d3447acc7ed8721565bd54/elements - {"using":"xpath","value":"//button[@data-kt=\"addNewYardOverflowToolbarButton\"]"}
RESULT: {}
RESULT: {"using":"xpath","value":"//button[@data-kt=\"addNewYardOverflowToolbarButton\"]"}
COMMAND: POST /session/e1c9c002d5d3447acc7ed8721565bd54/elements - {"using":"xpath","value":"//button[@data-kt=\"addNewYardOverflowToolbarButton\"]"}
RESULT: {"using":"xpath","value":"//button[@data-kt=\"addNewYardOverflowToolbarButton\"]"}
COMMAND: POST /session/e1c9c002d5d3447acc7ed8721565bd54/elements - {"using":"xpath","value":"//button[@data-kt=\"addNewYardOverflowToolbarButton\"]"}
RESULT: {"using":"xpath","value":"//button[@data-kt=\"addNewYardOverflowToolbarButton\"]"}
COMMAND: POST /session/e1c9c002d5d3447acc7ed8721565bd54/elements - {"using":"xpath","value":"//button[@data-kt=\"addNewYardOverflowToolbarButton\"]"}
RESULT: {"using":"xpath","value":"//button[@data-kt=\"addNewYardOverflowToolbarButton\"]"}
COMMAND: POST /session/e1c9c002d5d3447acc7ed8721565bd54/elements - {"using":"xpath","value":"//button[@data-kt=\"addNewYardOverflowToolbarButton\"]"}
RESULT: {"using":"xpath","value":"//button[@data-kt=\"addNewYardOverflowToolbarButton\"]"}
COMMAND: POST /session/e1c9c002d5d3447acc7ed8721565bd54/elements - {"using":"xpath","value":"//button[@data-kt=\"addNewYardOverflowToolbarButton\"]"}
RESULT: {"using":"xpath","value":"//button[@data-kt=\"addNewYardOverflowToolbarButton\"]"}
COMMAND: POST /session/e1c9c002d5d3447acc7ed8721565bd54/elements - {"using":"xpath","value":"//button[@data-kt=\"addNewYardOverflowToolbarButton\"]"}
RESULT: {"using":"xpath","value":"//button[@data-kt=\"addNewYardOverflowToolbarButton\"]"}
COMMAND: POST /session/e1c9c002d5d3447acc7ed8721565bd54/elements - {"using":"xpath","value":"//button[@data-kt=\"addNewYardOverflowToolbarButton\"]"}
RESULT: {"using":"xpath","value":"//button[@data-kt=\"addNewYardOverflowToolbarButton\"]"}
COMMAND: POST /session/e1c9c002d5d3447acc7ed8721565bd54/elements - {"using":"xpath","value":"//button[@data-kt=\"addNewYardOverflowToolbarButton\"]"}
RESULT: {"using":"xpath","value":"//button[@data-kt=\"addNewYardOverflowToolbarButton\"]"}
COMMAND: POST /session/e1c9c002d5d3447acc7ed8721565bd54/elements - {"using":"xpath","value":"//button[@data-kt=\"addNewYardOverflowToolbarButton\"]"}
RESULT: {"using":"xpath","value":"//button[@data-kt=\"addNewYardOverflowToolbarButton\"]"}
COMMAND: POST /session/e1c9c002d5d3447acc7ed8721565bd54/elements - {"using":"xpath","value":"//button[@data-kt=\"addNewYardOverflowToolbarButton\"]"}
RESULT: {"using":"xpath","value":"//button[@data-kt=\"addNewYardOverflowToolbarButton\"]"}
COMMAND: POST /session/e1c9c002d5d3447acc7ed8721565bd54/elements - {"using":"xpath","value":"//button[@data-kt=\"addNewYardOverflowToolbarButton\"]"}
RESULT: {"using":"xpath","value":"//button[@data-kt=\"addNewYardOverflowToolbarButton\"]"}
COMMAND: POST /session/e1c9c002d5d3447acc7ed8721565bd54/elements - {"using":"xpath","value":"//button[@data-kt=\"addNewYardOverflowToolbarButton\"]"}
RESULT: {"using":"xpath","value":"//button[@data-kt=\"addNewYardOverflowToolbarButton\"]"}
COMMAND: POST /session/e1c9c002d5d3447acc7ed8721565bd54/elements - {"using":"xpath","value":"//button[@data-kt=\"addNewYardOverflowToolbarButton\"]"}
RESULT: {"using":"xpath","value":"//button[@data-kt=\"addNewYardOverflowToolbarButton\"]"}
COMMAND: POST /session/e1c9c002d5d3447acc7ed8721565bd54/elements - {"using":"xpath","value":"//button[@data-kt=\"addNewYardOverflowToolbarButton\"]"}
RESULT: {"using":"xpath","value":"//button[@data-kt=\"addNewYardOverflowToolbarButton\"]"}
COMMAND: POST /session/e1c9c002d5d3447acc7ed8721565bd54/elements - {"using":"xpath","value":"//button[@data-kt=\"addNewYardOverflowToolbarButton\"]"}
RESULT: {"using":"xpath","value":"//button[@data-kt=\"addNewYardOverflowToolbarButton\"]"}
COMMAND: POST /session/e1c9c002d5d3447acc7ed8721565bd54/elements - {"using":"xpath","value":"//button[@data-kt=\"addNewYardOverflowToolbarButton\"]"}
RESULT: {"using":"xpath","value":"//button[@data-kt=\"addNewYardOverflowToolbarButton\"]"}
COMMAND: POST /session/e1c9c002d5d3447acc7ed8721565bd54/elements - {"using":"xpath","value":"//button[@data-kt=\"addNewYardOverflowToolbarButton\"]"}
RESULT: {"using":"xpath","value":"//button[@data-kt=\"addNewYardOverflowToolbarButton\"]"}
COMMAND: POST /session/e1c9c002d5d3447acc7ed8721565bd54/elements - {"using":"xpath","value":"//button[@data-kt=\"addNewYardOverflowToolbarButton\"]"}
RESULT: {"using":"xpath","value":"//button[@data-kt=\"addNewYardOverflowToolbarButton\"]"}
COMMAND: POST /session/e1c9c002d5d3447acc7ed8721565bd54/elements - {"using":"xpath","value":"//button[@data-kt=\"addNewYardOverflowToolbarButton\"]"}
RESULT: {"using":"xpath","value":"//button[@data-kt=\"addNewYardOverflowToolbarButton\"]"}
COMMAND: POST /session/e1c9c002d5d3447acc7ed8721565bd54/elements - {"using":"xpath","value":"//button[@data-kt=\"addNewYardOverflowToolbarButton\"]"}
RESULT: {"using":"xpath","value":"//button[@data-kt=\"addNewYardOverflowToolbarButton\"]"}
COMMAND: POST /session/e1c9c002d5d3447acc7ed8721565bd54/elements - {"using":"xpath","value":"//button[@data-kt=\"addNewYardOverflowToolbarButton\"]"}
RESULT: {"using":"xpath","value":"//button[@data-kt=\"addNewYardOverflowToolbarButton\"]"}
COMMAND: POST /session/e1c9c002d5d3447acc7ed8721565bd54/elements - {"using":"xpath","value":"//button[@data-kt=\"addNewYardOverflowToolbarButton\"]"}
RESULT: {"using":"xpath","value":"//button[@data-kt=\"addNewYardOverflowToolbarButton\"]"}
COMMAND: POST /session/e1c9c002d5d3447acc7ed8721565bd54/elements - {"using":"xpath","value":"//button[@data-kt=\"addNewYardOverflowToolbarButton\"]"}
RESULT: {"using":"xpath","value":"//button[@data-kt=\"addNewYardOverflowToolbarButton\"]"}
COMMAND: POST /session/e1c9c002d5d3447acc7ed8721565bd54/elements - {"using":"xpath","value":"//button[@data-kt=\"addNewYardOverflowToolbarButton\"]"}
RESULT: {"using":"xpath","value":"//button[@data-kt=\"addNewYardOverflowToolbarButton\"]"}
COMMAND: POST /session/e1c9c002d5d3447acc7ed8721565bd54/elements - {"using":"xpath","value":"//button[@data-kt=\"addNewYardOverflowToolbarButton\"]"}
RESULT: {"using":"xpath","value":"//button[@data-kt=\"addNewYardOverflowToolbarButton\"]"}
COMMAND: POST /session/e1c9c002d5d3447acc7ed8721565bd54/elements - {"using":"xpath","value":"//button[@data-kt=\"addNewYardOverflowToolbarButton\"]"}
RESULT: {"using":"xpath","value":"//button[@data-kt=\"addNewYardOverflowToolbarButton\"]"}
COMMAND: POST /session/e1c9c002d5d3447acc7ed8721565bd54/elements - {"using":"xpath","value":"//button[@data-kt=\"addNewYardOverflowToolbarButton\"]"}
RESULT: {"using":"xpath","value":"//button[@data-kt=\"addNewYardOverflowToolbarButton\"]"}
COMMAND: POST /session/e1c9c002d5d3447acc7ed8721565bd54/element - {"using":"xpath","value":"//button[@data-kt=\"addNewYardOverflowToolbarButton\"]"}
RESULT: {"using":"xpath","value":"//button[@data-kt=\"addNewYardOverflowToolbarButton\"]"}
COMMAND: POST /session/e1c9c002d5d3447acc7ed8721565bd54/execute/sync - {"script":"<script> [8489 bytes]","args":[{"element-6066-11e4-a52e-4f735466cecf":"f.06DF9BC5D4F2FE6DCE5AA073CBC21D39.d.45E92C44852F29CD18BC430FD8E15239.e.313","ELEMENT":"f.06DF9BC5D4F2FE6DCE5AA073CBC21D39.d.45E92C44852F29CD18BC430FD8E15239.e.313"}]}
RESULT: {"script":"<script> [8489 bytes]","args":[{"element-6066-11e4-a52e-4f735466cecf":"f.06DF9BC5D4F2FE6DCE5AA073CBC21D39.d.45E92C44852F29CD18BC430FD8E15239.e.313","ELEMENT":"f.06DF9BC5D4F2FE6DCE5AA073CBC21D39.d.45E92C44852F29CD18BC430FD8E15239.e.313"}]}
COMMAND: GET /session/e1c9c002d5d3447acc7ed8721565bd54/element/f.06DF9BC5D4F2FE6DCE5AA073CBC21D39.d.45E92C44852F29CD18BC430FD8E15239.e.313/enabled - {}
COMMAND: GET /session/e1c9c002d5d3447acc7ed8721565bd54/screenshot - {}
RESULT: {}
COMMAND: POST /session/e1c9c002d5d3447acc7ed8721565bd54/execute/sync - {"script":"<script> [8489 bytes]","args":[{"element-6066-11e4-a52e-4f735466cecf":"f.06DF9BC5D4F2FE6DCE5AA073CBC21D39.d.45E92C44852F29CD18BC430FD8E15239.e.313","ELEMENT":"f.06DF9BC5D4F2FE6DCE5AA073CBC21D39.d.45E92C44852F29CD18BC430FD8E15239.e.313"}]}
COMMAND: GET /session/e1c9c002d5d3447acc7ed8721565bd54/screenshot - {}
RESULT: {}
RESULT: {"script":"<script> [8489 bytes]","args":[{"element-6066-11e4-a52e-4f735466cecf":"f.06DF9BC5D4F2FE6DCE5AA073CBC21D39.d.45E92C44852F29CD18BC430FD8E15239.e.313","ELEMENT":"f.06DF9BC5D4F2FE6DCE5AA073CBC21D39.d.45E92C44852F29CD18BC430FD8E15239.e.313"}]}
COMMAND: POST /session/e1c9c002d5d3447acc7ed8721565bd54/execute/sync - {"script":"<script> [5351 bytes]","args":[{"element-6066-11e4-a52e-4f735466cecf":"f.06DF9BC5D4F2FE6DCE5AA073CBC21D39.d.45E92C44852F29CD18BC430FD8E15239.e.313","ELEMENT":"f.06DF9BC5D4F2FE6DCE5AA073CBC21D39.d.45E92C44852F29CD18BC430FD8E15239.e.313"}]}
COMMAND: GET /session/e1c9c002d5d3447acc7ed8721565bd54/screenshot - {}
RESULT: {}
RESULT: {"script":"<script> [5351 bytes]","args":[{"element-6066-11e4-a52e-4f735466cecf":"f.06DF9BC5D4F2FE6DCE5AA073CBC21D39.d.45E92C44852F29CD18BC430FD8E15239.e.313","ELEMENT":"f.06DF9BC5D4F2FE6DCE5AA073CBC21D39.d.45E92C44852F29CD18BC430FD8E15239.e.313"}]}
COMMAND: POST /session/e1c9c002d5d3447acc7ed8721565bd54/element/f.06DF9BC5D4F2FE6DCE5AA073CBC21D39.d.45E92C44852F29CD18BC430FD8E15239.e.313/click - {}
COMMAND: GET /session/e1c9c002d5d3447acc7ed8721565bd54/screenshot - {}
RESULT: {}
RESULT: {}
COMMAND: GET /session/e1c9c002d5d3447acc7ed8721565bd54/screenshot - {}
COMMAND: POST /session/e1c9c002d5d3447acc7ed8721565bd54/element - {"using":"xpath","value":"//input[@id=\"application-manageyards-display-component---NewYard--yardId-inner\"]"}
RESULT: {}
RESULT: {}
RESULT: {"using":"xpath","value":"//input[@id=\"application-manageyards-display-component---NewYard--yardId-inner\"]"}
COMMAND: POST /session/e1c9c002d5d3447acc7ed8721565bd54/element - {"using":"xpath","value":"//input[@id=\"application-manageyards-display-component---NewYard--yardId-inner\"]"}
RESULT: {"using":"xpath","value":"//input[@id=\"application-manageyards-display-component---NewYard--yardId-inner\"]"}
COMMAND: POST /session/e1c9c002d5d3447acc7ed8721565bd54/execute/async - {"script":"<script> [1562 bytes]","args":[{"selector":{"id":"application-manageyards-display-component---NewYard--addressDetailDetailsName1","interaction":{"idSuffix":"inner"}},"wdio_ui5_key":"applicationmanageyards-display-component---NewYard--addressDetailDetailsName1"}]}
RESULT: {"script":"<script> [1562 bytes]","args":[{"selector":{"id":"application-manageyards-display-component---NewYard--addressDetailDetailsName1","interaction":{"idSuffix":"inner"}},"wdio_ui5_key":"applicationmanageyards-display-component---NewYard--addressDetailDetailsName1"}]}
RESULT: undefined
COMMAND: POST /session/e1c9c002d5d3447acc7ed8721565bd54/execute/async - {"script":"<script> [776 bytes]","args":[{"enterText":"Intracompany Yard wdIO","selector":{"id":"application-manageyards-display-component---NewYard--addressDetailDetailsName1","interaction":{"idSuffix":"inner"}},"clearTextFirst":true,"interactionType":"ENTER_TEXT"}]}
RESULT: {"script":"<script> [776 bytes]","args":[{"enterText":"Intracompany Yard wdIO","selector":{"id":"application-manageyards-display-component---NewYard--addressDetailDetailsName1","interaction":{"idSuffix":"inner"}},"clearTextFirst":true,"interactionType":"ENTER_TEXT"}]}
COMMAND: POST /session/e1c9c002d5d3447acc7ed8721565bd54/execute/async - {"script":"<script> [1562 bytes]","args":[{"selector":{"id":"application-manageyards-display-component---NewYard--addressDetailDetailsLanguage-arrow"},"wdio_ui5_key":"applicationmanageyards-display-component---NewYard--addressDetailDetailsLanguage-arrow"}]}
RESULT: {"script":"<script> [1562 bytes]","args":[{"selector":{"id":"application-manageyards-display-component---NewYard--addressDetailDetailsLanguage-arrow"},"wdio_ui5_key":"applicationmanageyards-display-component---NewYard--addressDetailDetailsLanguage-arrow"}]}
RESULT: undefined
COMMAND: POST /session/e1c9c002d5d3447acc7ed8721565bd54/element - {"using":"xpath","value":"//*[@id=\"application-manageyards-display-component---NewYard--addressDetailDetailsLanguage-arrow\"]"}
RESULT: {"using":"xpath","value":"//*[@id=\"application-manageyards-display-component---NewYard--addressDetailDetailsLanguage-arrow\"]"}
COMMAND: POST /session/e1c9c002d5d3447acc7ed8721565bd54/element/f.06DF9BC5D4F2FE6DCE5AA073CBC21D39.d.45E92C44852F29CD18BC430FD8E15239.e.734/click - {}
RESULT: {}
COMMAND: POST /session/e1c9c002d5d3447acc7ed8721565bd54/element - {"using":"xpath","value":"//span[contains(text(), \"English\")]"}
COMMAND: GET /session/e1c9c002d5d3447acc7ed8721565bd54/screenshot - {}
RESULT: {"using":"xpath","value":"//span[contains(text(), \"English\")]"}
COMMAND: POST /session/e1c9c002d5d3447acc7ed8721565bd54/element/f.06DF9BC5D4F2FE6DCE5AA073CBC21D39.d.45E92C44852F29CD18BC430FD8E15239.e.735/click - {}
RESULT: {}
RESULT: {}
COMMAND: POST /session/e1c9c002d5d3447acc7ed8721565bd54/execute/async - {"script":"<script> [1562 bytes]","args":[{"selector":{"id":"application-manageyards-display-component---NewYard--addressDetailDetailsCity1","interaction":{"idSuffix":"inner"}},"wdio_ui5_key":"applicationmanageyards-display-component---NewYard--addressDetailDetailsCity1"}]}
COMMAND: GET /session/e1c9c002d5d3447acc7ed8721565bd54/screenshot - {}
RESULT: {"script":"<script> [1562 bytes]","args":[{"selector":{"id":"application-manageyards-display-component---NewYard--addressDetailDetailsCity1","interaction":{"idSuffix":"inner"}},"wdio_ui5_key":"applicationmanageyards-display-component---NewYard--addressDetailDetailsCity1"}]}
RESULT: undefined
COMMAND: POST /session/e1c9c002d5d3447acc7ed8721565bd54/execute/async - {"script":"<script> [776 bytes]","args":[{"enterText":"Rosario","selector":{"id":"application-manageyards-display-component---NewYard--addressDetailDetailsCity1","interaction":{"idSuffix":"inner"}},"clearTextFirst":true,"interactionType":"ENTER_TEXT"}]}
RESULT: {}
RESULT: {"script":"<script> [776 bytes]","args":[{"enterText":"Rosario","selector":{"id":"application-manageyards-display-component---NewYard--addressDetailDetailsCity1","interaction":{"idSuffix":"inner"}},"clearTextFirst":true,"interactionType":"ENTER_TEXT"}]}
COMMAND: POST /session/e1c9c002d5d3447acc7ed8721565bd54/execute/async - {"script":"<script> [1562 bytes]","args":[{"selector":{"id":"application-manageyards-display-component---NewYard--addressDetailDetailsCountry-arrow"},"wdio_ui5_key":"applicationmanageyards-display-component---NewYard--addressDetailDetailsCountry-arrow"}]}
RESULT: {"script":"<script> [1562 bytes]","args":[{"selector":{"id":"application-manageyards-display-component---NewYard--addressDetailDetailsCountry-arrow"},"wdio_ui5_key":"applicationmanageyards-display-component---NewYard--addressDetailDetailsCountry-arrow"}]}
RESULT: undefined
COMMAND: POST /session/e1c9c002d5d3447acc7ed8721565bd54/element - {"using":"xpath","value":"//*[@id=\"application-manageyards-display-component---NewYard--addressDetailDetailsCountry-arrow\"]"}
RESULT: {"using":"xpath","value":"//*[@id=\"application-manageyards-display-component---NewYard--addressDetailDetailsCountry-arrow\"]"}
COMMAND: POST /session/e1c9c002d5d3447acc7ed8721565bd54/element/f.06DF9BC5D4F2FE6DCE5AA073CBC21D39.d.45E92C44852F29CD18BC430FD8E15239.e.737/click - {}
RESULT: {}
COMMAND: POST /session/e1c9c002d5d3447acc7ed8721565bd54/element - {"using":"xpath","value":"//span[contains(text(), \"Argentina\")]"}
COMMAND: GET /session/e1c9c002d5d3447acc7ed8721565bd54/screenshot - {}
RESULT: {"using":"xpath","value":"//span[contains(text(), \"Argentina\")]"}
COMMAND: POST /session/e1c9c002d5d3447acc7ed8721565bd54/element/f.06DF9BC5D4F2FE6DCE5AA073CBC21D39.d.45E92C44852F29CD18BC430FD8E15239.e.739/click - {}
RESULT: {}
RESULT: {}
COMMAND: POST /session/e1c9c002d5d3447acc7ed8721565bd54/execute/async - {"script":"<script> [1562 bytes]","args":[{"selector":{"id":"application-manageyards-display-component---NewYard--addressEditDetailsCostObjectCstType-arrow"},"wdio_ui5_key":"applicationmanageyards-display-component---NewYard--addressEditDetailsCostObjectCstType-arrow"}]}
COMMAND: GET /session/e1c9c002d5d3447acc7ed8721565bd54/screenshot - {}
RESULT: {"script":"<script> [1562 bytes]","args":[{"selector":{"id":"application-manageyards-display-component---NewYard--addressEditDetailsCostObjectCstType-arrow"},"wdio_ui5_key":"applicationmanageyards-display-component---NewYard--addressEditDetailsCostObjectCstType-arrow"}]}
RESULT: undefined
COMMAND: POST /session/e1c9c002d5d3447acc7ed8721565bd54/element - {"using":"xpath","value":"//*[@id=\"application-manageyards-display-component---NewYard--addressEditDetailsCostObjectCstType-arrow\"]"}
RESULT: {}
RESULT: {"using":"xpath","value":"//*[@id=\"application-manageyards-display-component---NewYard--addressEditDetailsCostObjectCstType-arrow\"]"}
COMMAND: POST /session/e1c9c002d5d3447acc7ed8721565bd54/element/f.06DF9BC5D4F2FE6DCE5AA073CBC21D39.d.45E92C44852F29CD18BC430FD8E15239.e.740/click - {}
RESULT: {}
COMMAND: POST /session/e1c9c002d5d3447acc7ed8721565bd54/element - {"using":"xpath","value":"//span[contains(text(), \"Cost Center\")]"}
COMMAND: GET /session/e1c9c002d5d3447acc7ed8721565bd54/screenshot - {}
RESULT: {"using":"xpath","value":"//span[contains(text(), \"Cost Center\")]"}
COMMAND: POST /session/e1c9c002d5d3447acc7ed8721565bd54/element/f.06DF9BC5D4F2FE6DCE5AA073CBC21D39.d.45E92C44852F29CD18BC430FD8E15239.e.741/click - {}
RESULT: {}
RESULT: {}
COMMAND: GET /session/e1c9c002d5d3447acc7ed8721565bd54/screenshot - {}
RESULT: {}
COMMAND: POST /session/e1c9c002d5d3447acc7ed8721565bd54/element - {"using":"xpath","value":"//span[@id=\"application-manageyards-display-component---NewYard--addressNewCostObjectCstID-vhi\"]"}
RESULT: {"using":"xpath","value":"//span[@id=\"application-manageyards-display-component---NewYard--addressNewCostObjectCstID-vhi\"]"}
COMMAND: POST /session/e1c9c002d5d3447acc7ed8721565bd54/execute/sync - {"script":"<script> [8489 bytes]","args":[{"element-6066-11e4-a52e-4f735466cecf":"f.06DF9BC5D4F2FE6DCE5AA073CBC21D39.d.45E92C44852F29CD18BC430FD8E15239.e.744","ELEMENT":"f.06DF9BC5D4F2FE6DCE5AA073CBC21D39.d.45E92C44852F29CD18BC430FD8E15239.e.744"}]}
RESULT: {"script":"<script> [8489 bytes]","args":[{"element-6066-11e4-a52e-4f735466cecf":"f.06DF9BC5D4F2FE6DCE5AA073CBC21D39.d.45E92C44852F29CD18BC430FD8E15239.e.744","ELEMENT":"f.06DF9BC5D4F2FE6DCE5AA073CBC21D39.d.45E92C44852F29CD18BC430FD8E15239.e.744"}]}
COMMAND: POST /session/e1c9c002d5d3447acc7ed8721565bd54/execute/async - {"script":"<script> [1562 bytes]","args":[{"selector":{"id":"application-manageyards-display-component---NewYard--addressNewCostObjectCstID-vhi"},"wdio_ui5_key":"applicationmanageyards-display-component---NewYard--addressNewCostObjectCstID-vhi"}]}
COMMAND: GET /session/e1c9c002d5d3447acc7ed8721565bd54/screenshot - {}
RESULT: {"script":"<script> [1562 bytes]","args":[{"selector":{"id":"application-manageyards-display-component---NewYard--addressNewCostObjectCstID-vhi"},"wdio_ui5_key":"applicationmanageyards-display-component---NewYard--addressNewCostObjectCstID-vhi"}]}
RESULT: undefined
COMMAND: POST /session/e1c9c002d5d3447acc7ed8721565bd54/element - {"using":"xpath","value":"//*[@id=\"application-manageyards-display-component---NewYard--addressNewCostObjectCstID-vhi\"]"}
RESULT: {}
RESULT: {"using":"xpath","value":"//*[@id=\"application-manageyards-display-component---NewYard--addressNewCostObjectCstID-vhi\"]"}
COMMAND: POST /session/e1c9c002d5d3447acc7ed8721565bd54/element/f.06DF9BC5D4F2FE6DCE5AA073CBC21D39.d.45E92C44852F29CD18BC430FD8E15239.e.744/click - {}
RESULT: {}
COMMAND: GET /session/e1c9c002d5d3447acc7ed8721565bd54/screenshot - {}
RESULT: {}
COMMAND: POST /session/e1c9c002d5d3447acc7ed8721565bd54/execute/async - {"script":"<script> [1562 bytes]","args":[{"selector":{"controlType":"sap.m.SearchField","properties":{"placeholder":"Search"},"searchOpenDialogs":true,"interaction":{"idSuffix":"I"}},"wdio_ui5_key":"sapm.SearchField{\"placeholder\":\"Search\"}"}]}
RESULT: {"script":"<script> [1562 bytes]","args":[{"selector":{"controlType":"sap.m.SearchField","properties":{"placeholder":"Search"},"searchOpenDialogs":true,"interaction":{"idSuffix":"I"}},"wdio_ui5_key":"sapm.SearchField{\"placeholder\":\"Search\"}"}]}
RESULT: undefined
COMMAND: POST /session/e1c9c002d5d3447acc7ed8721565bd54/execute/async - {"script":"<script> [776 bytes]","args":[{"enterText":"10001013","selector":{"controlType":"sap.m.SearchField","properties":{"placeholder":"Search"},"searchOpenDialogs":true,"interaction":{"idSuffix":"I"}},"clearTextFirst":true,"interactionType":"ENTER_TEXT"}]}
RESULT: {"script":"<script> [776 bytes]","args":[{"enterText":"10001013","selector":{"controlType":"sap.m.SearchField","properties":{"placeholder":"Search"},"searchOpenDialogs":true,"interaction":{"idSuffix":"I"}},"clearTextFirst":true,"interactionType":"ENTER_TEXT"}]}
COMMAND: POST /session/e1c9c002d5d3447acc7ed8721565bd54/actions - {"actions":[{"id":"action1","type":"key","parameters":{},"actions":[{"type":"keyDown","value":""},{"type":"pause","duration":10},{"type":"keyUp","value":""}]}]}
RESULT: {"actions":[{"id":"action1","type":"key","parameters":{},"actions":[{"type":"keyDown","value":""},{"type":"pause","duration":10},{"type":"keyUp","value":""}]}]}
COMMAND: GET /session/e1c9c002d5d3447acc7ed8721565bd54/screenshot - {}
RESULT: {}
COMMAND: POST /session/e1c9c002d5d3447acc7ed8721565bd54/element - {"using":"xpath","value":"//span[contains(text(), \"General Management\")]"}
RESULT: {"using":"xpath","value":"//span[contains(text(), \"General Management\")]"}
COMMAND: POST /session/e1c9c002d5d3447acc7ed8721565bd54/element/f.06DF9BC5D4F2FE6DCE5AA073CBC21D39.d.45E92C44852F29CD18BC430FD8E15239.e.785/click - {}
RESULT: {}
COMMAND: GET /session/e1c9c002d5d3447acc7ed8721565bd54/screenshot - {}
RESULT: {}
COMMAND: POST /session/e1c9c002d5d3447acc7ed8721565bd54/element - {"using":"xpath","value":"//bdi[contains(text(), \"OK\")]"}
RESULT: {"using":"xpath","value":"//bdi[contains(text(), \"OK\")]"}
COMMAND: POST /session/e1c9c002d5d3447acc7ed8721565bd54/element/f.06DF9BC5D4F2FE6DCE5AA073CBC21D39.d.45E92C44852F29CD18BC430FD8E15239.e.786/click - {}
RESULT: {}
COMMAND: GET /session/e1c9c002d5d3447acc7ed8721565bd54/screenshot - {}
RESULT: {}
COMMAND: POST /session/e1c9c002d5d3447acc7ed8721565bd54/execute/async - {"script":"<script> [1562 bytes]","args":[{"selector":{"id":"application-manageyards-display-component---NewYard--addressEditDetailsCurrency-arrow"},"wdio_ui5_key":"applicationmanageyards-display-component---NewYard--addressEditDetailsCurrency-arrow"}]}
RESULT: {"script":"<script> [1562 bytes]","args":[{"selector":{"id":"application-manageyards-display-component---NewYard--addressEditDetailsCurrency-arrow"},"wdio_ui5_key":"applicationmanageyards-display-component---NewYard--addressEditDetailsCurrency-arrow"}]}
RESULT: undefined
COMMAND: POST /session/e1c9c002d5d3447acc7ed8721565bd54/element - {"using":"xpath","value":"//*[@id=\"application-manageyards-display-component---NewYard--addressEditDetailsCurrency-arrow\"]"}
RESULT: {"using":"xpath","value":"//*[@id=\"application-manageyards-display-component---NewYard--addressEditDetailsCurrency-arrow\"]"}
COMMAND: POST /session/e1c9c002d5d3447acc7ed8721565bd54/element/f.06DF9BC5D4F2FE6DCE5AA073CBC21D39.d.45E92C44852F29CD18BC430FD8E15239.e.789/click - {}
RESULT: {}
COMMAND: POST /session/e1c9c002d5d3447acc7ed8721565bd54/element - {"using":"xpath","value":"//span[contains(text(), \"Euro\")]"}
COMMAND: GET /session/e1c9c002d5d3447acc7ed8721565bd54/screenshot - {}
RESULT: {"using":"xpath","value":"//span[contains(text(), \"Euro\")]"}
COMMAND: POST /session/e1c9c002d5d3447acc7ed8721565bd54/element/f.06DF9BC5D4F2FE6DCE5AA073CBC21D39.d.45E92C44852F29CD18BC430FD8E15239.e.790/click - {}
RESULT: {}
RESULT: {}
COMMAND: POST /session/e1c9c002d5d3447acc7ed8721565bd54/execute/async - {"script":"<script> [1562 bytes]","args":[{"selector":{"controlType":"sap.m.Input","viewName":"etm.portal.ui.manageyards.view.New","viewId":"application-manageyards-display-component---NewYard","bindingPath":{"path":"","propertyPath":"/CONTROLLING_AREA","modelName":"NewYardModel"},"interaction":{"idSuffix":"inner"}},"wdio_ui5_key":"etmportal.ui.manageyards.view.Newsap.m.Input{\"path\":\"\",\"propertyPath\":\"/CONTROLLING_AREA\",\"modelName\":\"NewYardModel\"}"}]}
COMMAND: GET /session/e1c9c002d5d3447acc7ed8721565bd54/screenshot - {}
RESULT: {"script":"<script> [1562 bytes]","args":[{"selector":{"controlType":"sap.m.Input","viewName":"etm.portal.ui.manageyards.view.New","viewId":"application-manageyards-display-component---NewYard","bindingPath":{"path":"","propertyPath":"/CONTROLLING_AREA","modelName":"NewYardModel"},"interaction":{"idSuffix":"inner"}},"wdio_ui5_key":"etmportal.ui.manageyards.view.Newsap.m.Input{\"path\":\"\",\"propertyPath\":\"/CONTROLLING_AREA\",\"modelName\":\"NewYardModel\"}"}]}
RESULT: undefined
COMMAND: POST /session/e1c9c002d5d3447acc7ed8721565bd54/execute/async - {"script":"<script> [776 bytes]","args":[{"enterText":"Z001","selector":{"controlType":"sap.m.Input","viewName":"etm.portal.ui.manageyards.view.New","viewId":"application-manageyards-display-component---NewYard","bindingPath":{"path":"","propertyPath":"/CONTROLLING_AREA","modelName":"NewYardModel"},"interaction":{"idSuffix":"inner"}},"clearTextFirst":true,"interactionType":"ENTER_TEXT"}]}
RESULT: {}
RESULT: {"script":"<script> [776 bytes]","args":[{"enterText":"Z001","selector":{"controlType":"sap.m.Input","viewName":"etm.portal.ui.manageyards.view.New","viewId":"application-manageyards-display-component---NewYard","bindingPath":{"path":"","propertyPath":"/CONTROLLING_AREA","modelName":"NewYardModel"},"interaction":{"idSuffix":"inner"}},"clearTextFirst":true,"interactionType":"ENTER_TEXT"}]}
COMMAND: POST /session/e1c9c002d5d3447acc7ed8721565bd54/execute/async - {"script":"<script> [1562 bytes]","args":[{"selector":{"id":"application-manageyards-display-component---NewYard--companyCodeComboBox","interaction":{"idSuffix":"inner"}},"wdio_ui5_key":"applicationmanageyards-display-component---NewYard--companyCodeComboBox"}]}
RESULT: {"script":"<script> [1562 bytes]","args":[{"selector":{"id":"application-manageyards-display-component---NewYard--companyCodeComboBox","interaction":{"idSuffix":"inner"}},"wdio_ui5_key":"applicationmanageyards-display-component---NewYard--companyCodeComboBox"}]}
RESULT: undefined
COMMAND: POST /session/e1c9c002d5d3447acc7ed8721565bd54/execute/async - {"script":"<script> [776 bytes]","args":[{"enterText":"1000","selector":{"id":"application-manageyards-display-component---NewYard--companyCodeComboBox","interaction":{"idSuffix":"inner"}},"clearTextFirst":true,"interactionType":"ENTER_TEXT"}]}
RESULT: {"script":"<script> [776 bytes]","args":[{"enterText":"1000","selector":{"id":"application-manageyards-display-component---NewYard--companyCodeComboBox","interaction":{"idSuffix":"inner"}},"clearTextFirst":true,"interactionType":"ENTER_TEXT"}]}
COMMAND: POST /session/e1c9c002d5d3447acc7ed8721565bd54/execute/async - {"script":"<script> [1562 bytes]","args":[{"selector":{"controlType":"sap.m.Input","viewName":"etm.portal.ui.manageyards.view.New","viewId":"application-manageyards-display-component---NewYard","bindingPath":{"path":"","propertyPath":"/PLANT","modelName":"NewYardModel"},"interaction":{"idSuffix":"inner"}},"wdio_ui5_key":"etmportal.ui.manageyards.view.Newsap.m.Input{\"path\":\"\",\"propertyPath\":\"/PLANT\",\"modelName\":\"NewYardModel\"}"}]}
RESULT: {"script":"<script> [1562 bytes]","args":[{"selector":{"controlType":"sap.m.Input","viewName":"etm.portal.ui.manageyards.view.New","viewId":"application-manageyards-display-component---NewYard","bindingPath":{"path":"","propertyPath":"/PLANT","modelName":"NewYardModel"},"interaction":{"idSuffix":"inner"}},"wdio_ui5_key":"etmportal.ui.manageyards.view.Newsap.m.Input{\"path\":\"\",\"propertyPath\":\"/PLANT\",\"modelName\":\"NewYardModel\"}"}]}
RESULT: undefined
COMMAND: POST /session/e1c9c002d5d3447acc7ed8721565bd54/execute/async - {"script":"<script> [776 bytes]","args":[{"enterText":"1001","selector":{"controlType":"sap.m.Input","viewName":"etm.portal.ui.manageyards.view.New","viewId":"application-manageyards-display-component---NewYard","bindingPath":{"path":"","propertyPath":"/PLANT","modelName":"NewYardModel"},"interaction":{"idSuffix":"inner"}},"clearTextFirst":true,"interactionType":"ENTER_TEXT"}]}
RESULT: {"script":"<script> [776 bytes]","args":[{"enterText":"1001","selector":{"controlType":"sap.m.Input","viewName":"etm.portal.ui.manageyards.view.New","viewId":"application-manageyards-display-component---NewYard","bindingPath":{"path":"","propertyPath":"/PLANT","modelName":"NewYardModel"},"interaction":{"idSuffix":"inner"}},"clearTextFirst":true,"interactionType":"ENTER_TEXT"}]}
COMMAND: POST /session/e1c9c002d5d3447acc7ed8721565bd54/execute/async - {"script":"<script> [1562 bytes]","args":[{"selector":{"controlType":"sap.m.Input","viewName":"etm.portal.ui.manageyards.view.New","viewId":"application-manageyards-display-component---NewYard","bindingPath":{"path":"","propertyPath":"/SALES_AREA_VKORG","modelName":"NewYardModel"},"interaction":{"idSuffix":"inner"}},"wdio_ui5_key":"etmportal.ui.manageyards.view.Newsap.m.Input{\"path\":\"\",\"propertyPath\":\"/SALES_AREA_VKORG\",\"modelName\":\"NewYardModel\"}"}]}
RESULT: {"script":"<script> [1562 bytes]","args":[{"selector":{"controlType":"sap.m.Input","viewName":"etm.portal.ui.manageyards.view.New","viewId":"application-manageyards-display-component---NewYard","bindingPath":{"path":"","propertyPath":"/SALES_AREA_VKORG","modelName":"NewYardModel"},"interaction":{"idSuffix":"inner"}},"wdio_ui5_key":"etmportal.ui.manageyards.view.Newsap.m.Input{\"path\":\"\",\"propertyPath\":\"/SALES_AREA_VKORG\",\"modelName\":\"NewYardModel\"}"}]}
RESULT: undefined
COMMAND: POST /session/e1c9c002d5d3447acc7ed8721565bd54/execute/async - {"script":"<script> [776 bytes]","args":[{"enterText":"C002","selector":{"controlType":"sap.m.Input","viewName":"etm.portal.ui.manageyards.view.New","viewId":"application-manageyards-display-component---NewYard","bindingPath":{"path":"","propertyPath":"/SALES_AREA_VKORG","modelName":"NewYardModel"},"interaction":{"idSuffix":"inner"}},"clearTextFirst":true,"interactionType":"ENTER_TEXT"}]}
RESULT: {"script":"<script> [776 bytes]","args":[{"enterText":"C002","selector":{"controlType":"sap.m.Input","viewName":"etm.portal.ui.manageyards.view.New","viewId":"application-manageyards-display-component---NewYard","bindingPath":{"path":"","propertyPath":"/SALES_AREA_VKORG","modelName":"NewYardModel"},"interaction":{"idSuffix":"inner"}},"clearTextFirst":true,"interactionType":"ENTER_TEXT"}]}
COMMAND: POST /session/e1c9c002d5d3447acc7ed8721565bd54/execute/async - {"script":"<script> [1562 bytes]","args":[{"selector":{"controlType":"sap.m.Input","viewName":"etm.portal.ui.manageyards.view.New","viewId":"application-manageyards-display-component---NewYard","bindingPath":{"path":"","propertyPath":"/SALES_AREA_VTWEG","modelName":"NewYardModel"},"interaction":{"idSuffix":"inner"}},"wdio_ui5_key":"etmportal.ui.manageyards.view.Newsap.m.Input{\"path\":\"\",\"propertyPath\":\"/SALES_AREA_VTWEG\",\"modelName\":\"NewYardModel\"}"}]}
RESULT: {"script":"<script> [1562 bytes]","args":[{"selector":{"controlType":"sap.m.Input","viewName":"etm.portal.ui.manageyards.view.New","viewId":"application-manageyards-display-component---NewYard","bindingPath":{"path":"","propertyPath":"/SALES_AREA_VTWEG","modelName":"NewYardModel"},"interaction":{"idSuffix":"inner"}},"wdio_ui5_key":"etmportal.ui.manageyards.view.Newsap.m.Input{\"path\":\"\",\"propertyPath\":\"/SALES_AREA_VTWEG\",\"modelName\":\"NewYardModel\"}"}]}
RESULT: undefined
COMMAND: POST /session/e1c9c002d5d3447acc7ed8721565bd54/execute/async - {"script":"<script> [776 bytes]","args":[{"enterText":"C2","selector":{"controlType":"sap.m.Input","viewName":"etm.portal.ui.manageyards.view.New","viewId":"application-manageyards-display-component---NewYard","bindingPath":{"path":"","propertyPath":"/SALES_AREA_VTWEG","modelName":"NewYardModel"},"interaction":{"idSuffix":"inner"}},"clearTextFirst":true,"interactionType":"ENTER_TEXT"}]}
RESULT: {"script":"<script> [776 bytes]","args":[{"enterText":"C2","selector":{"controlType":"sap.m.Input","viewName":"etm.portal.ui.manageyards.view.New","viewId":"application-manageyards-display-component---NewYard","bindingPath":{"path":"","propertyPath":"/SALES_AREA_VTWEG","modelName":"NewYardModel"},"interaction":{"idSuffix":"inner"}},"clearTextFirst":true,"interactionType":"ENTER_TEXT"}]}
COMMAND: POST /session/e1c9c002d5d3447acc7ed8721565bd54/execute/async - {"script":"<script> [1562 bytes]","args":[{"selector":{"controlType":"sap.m.Input","viewName":"etm.portal.ui.manageyards.view.New","viewId":"application-manageyards-display-component---NewYard","bindingPath":{"path":"","propertyPath":"/SALES_AREA_SPART","modelName":"NewYardModel"},"interaction":{"idSuffix":"inner"}},"wdio_ui5_key":"etmportal.ui.manageyards.view.Newsap.m.Input{\"path\":\"\",\"propertyPath\":\"/SALES_AREA_SPART\",\"modelName\":\"NewYardModel\"}"}]}
RESULT: {"script":"<script> [1562 bytes]","args":[{"selector":{"controlType":"sap.m.Input","viewName":"etm.portal.ui.manageyards.view.New","viewId":"application-manageyards-display-component---NewYard","bindingPath":{"path":"","propertyPath":"/SALES_AREA_SPART","modelName":"NewYardModel"},"interaction":{"idSuffix":"inner"}},"wdio_ui5_key":"etmportal.ui.manageyards.view.Newsap.m.Input{\"path\":\"\",\"propertyPath\":\"/SALES_AREA_SPART\",\"modelName\":\"NewYardModel\"}"}]}
RESULT: undefined
COMMAND: POST /session/e1c9c002d5d3447acc7ed8721565bd54/execute/async - {"script":"<script> [776 bytes]","args":[{"enterText":"C2","selector":{"controlType":"sap.m.Input","viewName":"etm.portal.ui.manageyards.view.New","viewId":"application-manageyards-display-component---NewYard","bindingPath":{"path":"","propertyPath":"/SALES_AREA_SPART","modelName":"NewYardModel"},"interaction":{"idSuffix":"inner"}},"clearTextFirst":true,"interactionType":"ENTER_TEXT"}]}
RESULT: {"script":"<script> [776 bytes]","args":[{"enterText":"C2","selector":{"controlType":"sap.m.Input","viewName":"etm.portal.ui.manageyards.view.New","viewId":"application-manageyards-display-component---NewYard","bindingPath":{"path":"","propertyPath":"/SALES_AREA_SPART","modelName":"NewYardModel"},"interaction":{"idSuffix":"inner"}},"clearTextFirst":true,"interactionType":"ENTER_TEXT"}]}
COMMAND: POST /session/e1c9c002d5d3447acc7ed8721565bd54/execute/async - {"script":"<script> [1562 bytes]","args":[{"selector":{"controlType":"sap.m.Input","viewName":"etm.portal.ui.manageyards.view.New","viewId":"application-manageyards-display-component---NewYard","bindingPath":{"path":"","propertyPath":"/SHIP_POINT","modelName":"NewYardModel"},"interaction":{"idSuffix":"inner"}},"wdio_ui5_key":"etmportal.ui.manageyards.view.Newsap.m.Input{\"path\":\"\",\"propertyPath\":\"/SHIP_POINT\",\"modelName\":\"NewYardModel\"}"}]}
RESULT: {"script":"<script> [1562 bytes]","args":[{"selector":{"controlType":"sap.m.Input","viewName":"etm.portal.ui.manageyards.view.New","viewId":"application-manageyards-display-component---NewYard","bindingPath":{"path":"","propertyPath":"/SHIP_POINT","modelName":"NewYardModel"},"interaction":{"idSuffix":"inner"}},"wdio_ui5_key":"etmportal.ui.manageyards.view.Newsap.m.Input{\"path\":\"\",\"propertyPath\":\"/SHIP_POINT\",\"modelName\":\"NewYardModel\"}"}]}
RESULT: undefined
COMMAND: POST /session/e1c9c002d5d3447acc7ed8721565bd54/execute/async - {"script":"<script> [776 bytes]","args":[{"enterText":"1710","selector":{"controlType":"sap.m.Input","viewName":"etm.portal.ui.manageyards.view.New","viewId":"application-manageyards-display-component---NewYard","bindingPath":{"path":"","propertyPath":"/SHIP_POINT","modelName":"NewYardModel"},"interaction":{"idSuffix":"inner"}},"clearTextFirst":true,"interactionType":"ENTER_TEXT"}]}
RESULT: {"script":"<script> [776 bytes]","args":[{"enterText":"1710","selector":{"controlType":"sap.m.Input","viewName":"etm.portal.ui.manageyards.view.New","viewId":"application-manageyards-display-component---NewYard","bindingPath":{"path":"","propertyPath":"/SHIP_POINT","modelName":"NewYardModel"},"interaction":{"idSuffix":"inner"}},"clearTextFirst":true,"interactionType":"ENTER_TEXT"}]}
COMMAND: POST /session/e1c9c002d5d3447acc7ed8721565bd54/execute/async - {"script":"<script> [1562 bytes]","args":[{"selector":{"controlType":"sap.m.Input","viewName":"etm.portal.ui.manageyards.view.New","viewId":"application-manageyards-display-component---NewYard","bindingPath":{"path":"","propertyPath":"/DELIVERY_TYPE","modelName":"NewYardModel"},"interaction":{"idSuffix":"inner"}},"wdio_ui5_key":"etmportal.ui.manageyards.view.Newsap.m.Input{\"path\":\"\",\"propertyPath\":\"/DELIVERY_TYPE\",\"modelName\":\"NewYardModel\"}"}]}
RESULT: {"script":"<script> [1562 bytes]","args":[{"selector":{"controlType":"sap.m.Input","viewName":"etm.portal.ui.manageyards.view.New","viewId":"application-manageyards-display-component---NewYard","bindingPath":{"path":"","propertyPath":"/DELIVERY_TYPE","modelName":"NewYardModel"},"interaction":{"idSuffix":"inner"}},"wdio_ui5_key":"etmportal.ui.manageyards.view.Newsap.m.Input{\"path\":\"\",\"propertyPath\":\"/DELIVERY_TYPE\",\"modelName\":\"NewYardModel\"}"}]}
RESULT: undefined
COMMAND: POST /session/e1c9c002d5d3447acc7ed8721565bd54/execute/async - {"script":"<script> [776 bytes]","args":[{"enterText":"ZL01","selector":{"controlType":"sap.m.Input","viewName":"etm.portal.ui.manageyards.view.New","viewId":"application-manageyards-display-component---NewYard","bindingPath":{"path":"","propertyPath":"/DELIVERY_TYPE","modelName":"NewYardModel"},"interaction":{"idSuffix":"inner"}},"clearTextFirst":true,"interactionType":"ENTER_TEXT"}]}
RESULT: {"script":"<script> [776 bytes]","args":[{"enterText":"ZL01","selector":{"controlType":"sap.m.Input","viewName":"etm.portal.ui.manageyards.view.New","viewId":"application-manageyards-display-component---NewYard","bindingPath":{"path":"","propertyPath":"/DELIVERY_TYPE","modelName":"NewYardModel"},"interaction":{"idSuffix":"inner"}},"clearTextFirst":true,"interactionType":"ENTER_TEXT"}]}
COMMAND: POST /session/e1c9c002d5d3447acc7ed8721565bd54/execute/async - {"script":"<script> [1562 bytes]","args":[{"selector":{"controlType":"sap.m.Input","viewName":"etm.portal.ui.manageyards.view.New","viewId":"application-manageyards-display-component---NewYard","bindingPath":{"path":"","propertyPath":"/AUART","modelName":"NewYardModel"},"interaction":{"idSuffix":"inner"}},"wdio_ui5_key":"etmportal.ui.manageyards.view.Newsap.m.Input{\"path\":\"\",\"propertyPath\":\"/AUART\",\"modelName\":\"NewYardModel\"}"}]}
RESULT: {"script":"<script> [1562 bytes]","args":[{"selector":{"controlType":"sap.m.Input","viewName":"etm.portal.ui.manageyards.view.New","viewId":"application-manageyards-display-component---NewYard","bindingPath":{"path":"","propertyPath":"/AUART","modelName":"NewYardModel"},"interaction":{"idSuffix":"inner"}},"wdio_ui5_key":"etmportal.ui.manageyards.view.Newsap.m.Input{\"path\":\"\",\"propertyPath\":\"/AUART\",\"modelName\":\"NewYardModel\"}"}]}
RESULT: undefined
COMMAND: POST /session/e1c9c002d5d3447acc7ed8721565bd54/execute/async - {"script":"<script> [776 bytes]","args":[{"enterText":"TA","selector":{"controlType":"sap.m.Input","viewName":"etm.portal.ui.manageyards.view.New","viewId":"application-manageyards-display-component---NewYard","bindingPath":{"path":"","propertyPath":"/AUART","modelName":"NewYardModel"},"interaction":{"idSuffix":"inner"}},"clearTextFirst":true,"interactionType":"ENTER_TEXT"}]}
RESULT: {"script":"<script> [776 bytes]","args":[{"enterText":"TA","selector":{"controlType":"sap.m.Input","viewName":"etm.portal.ui.manageyards.view.New","viewId":"application-manageyards-display-component---NewYard","bindingPath":{"path":"","propertyPath":"/AUART","modelName":"NewYardModel"},"interaction":{"idSuffix":"inner"}},"clearTextFirst":true,"interactionType":"ENTER_TEXT"}]}
COMMAND: POST /session/e1c9c002d5d3447acc7ed8721565bd54/element - {"using":"xpath","value":"//button[@data-kt=\"newYardSaveButton\"]"}
RESULT: {"using":"xpath","value":"//button[@data-kt=\"newYardSaveButton\"]"}
COMMAND: POST /session/e1c9c002d5d3447acc7ed8721565bd54/element/f.06DF9BC5D4F2FE6DCE5AA073CBC21D39.d.45E92C44852F29CD18BC430FD8E15239.e.719/click - {}
RESULT: {}
COMMAND: GET /session/e1c9c002d5d3447acc7ed8721565bd54/screenshot - {}
RESULT: {}
COMMAND: POST /session/e1c9c002d5d3447acc7ed8721565bd54/element - {"using":"xpath","value":"//header[contains(@id, 'ObjectPageLayout-headerTitle')]/div[1]/div[2]/div[1]/span[1]"}
RESULT: {"using":"xpath","value":"//header[contains(@id, 'ObjectPageLayout-headerTitle')]/div[1]/div[2]/div[1]/span[1]"}
COMMAND: POST /session/e1c9c002d5d3447acc7ed8721565bd54/elements - {"using":"xpath","value":"//header[contains(@id, 'ObjectPageLayout-headerTitle')]/div[1]/div[2]/div[1]/span[1]"}
RESULT: {"using":"xpath","value":"//header[contains(@id, 'ObjectPageLayout-headerTitle')]/div[1]/div[2]/div[1]/span[1]"}
COMMAND: POST /session/e1c9c002d5d3447acc7ed8721565bd54/execute/sync - {"script":"<script> [56 bytes]","args":[{"element-6066-11e4-a52e-4f735466cecf":"f.06DF9BC5D4F2FE6DCE5AA073CBC21D39.d.45E92C44852F29CD18BC430FD8E15239.e.1024","ELEMENT":"f.06DF9BC5D4F2FE6DCE5AA073CBC21D39.d.45E92C44852F29CD18BC430FD8E15239.e.1024"}]}
RESULT: {"script":"<script> [56 bytes]","args":[{"element-6066-11e4-a52e-4f735466cecf":"f.06DF9BC5D4F2FE6DCE5AA073CBC21D39.d.45E92C44852F29CD18BC430FD8E15239.e.1024","ELEMENT":"f.06DF9BC5D4F2FE6DCE5AA073CBC21D39.d.45E92C44852F29CD18BC430FD8E15239.e.1024"}]}
COMMAND: GET /session/e1c9c002d5d3447acc7ed8721565bd54/screenshot - {}
RESULT: {}
COMMAND: POST /session/e1c9c002d5d3447acc7ed8721565bd54/element - {"using":"css selector","value":"#shell-header-logo"}
RESULT: {"using":"css selector","value":"#shell-header-logo"}
COMMAND: POST /session/e1c9c002d5d3447acc7ed8721565bd54/element/f.06DF9BC5D4F2FE6DCE5AA073CBC21D39.d.45E92C44852F29CD18BC430FD8E15239.e.268/click - {}
RESULT: {}
COMMAND: GET /session/e1c9c002d5d3447acc7ed8721565bd54/screenshot - {}
RESULT: {}
COMMAND: POST /session/e1c9c002d5d3447acc7ed8721565bd54/execute/sync - {"script":"<script> [299 bytes]","args":[["getModel","getResource"]]}
RESULT: {"script":"<script> [299 bytes]","args":[["getModel","getResource"]]}
]]></system-out>
    </testcase>
    <testcase classname="chrome.135_0_7049_42.windows.Partner_specific_tests_US150819_US151080_US151654_US151176_US103444_US151078_US151079_US151109_US151174_US151175_US151189" name="Should create new external partner US150819" time="95.481">
      <system-out><![CDATA[
COMMAND: GET /session/e1c9c002d5d3447acc7ed8721565bd54/screenshot - {}
COMMAND: POST /session/e1c9c002d5d3447acc7ed8721565bd54/element - {"using":"xpath","value":"//li[.//span[text()=\"Manage Partners\"]]"}
RESULT: {}
RESULT: {"using":"xpath","value":"//li[.//span[text()=\"Manage Partners\"]]"}
COMMAND: POST /session/e1c9c002d5d3447acc7ed8721565bd54/element - {"using":"xpath","value":"//li[.//span[text()=\"Manage Partners\"]]"}
RESULT: {"using":"xpath","value":"//li[.//span[text()=\"Manage Partners\"]]"}
COMMAND: POST /session/e1c9c002d5d3447acc7ed8721565bd54/element - {"using":"css selector","value":"#shell-header-logo"}
RESULT: {"using":"css selector","value":"#shell-header-logo"}
COMMAND: POST /session/e1c9c002d5d3447acc7ed8721565bd54/element/f.06DF9BC5D4F2FE6DCE5AA073CBC21D39.d.45E92C44852F29CD18BC430FD8E15239.e.1027/click - {}
COMMAND: POST /session/e1c9c002d5d3447acc7ed8721565bd54/execute/sync - {"script":"<script> [8489 bytes]","args":[{"element-6066-11e4-a52e-4f735466cecf":"f.06DF9BC5D4F2FE6DCE5AA073CBC21D39.d.45E92C44852F29CD18BC430FD8E15239.e.1027","ELEMENT":"f.06DF9BC5D4F2FE6DCE5AA073CBC21D39.d.45E92C44852F29CD18BC430FD8E15239.e.1027"}]}
RESULT: {"script":"<script> [8489 bytes]","args":[{"element-6066-11e4-a52e-4f735466cecf":"f.06DF9BC5D4F2FE6DCE5AA073CBC21D39.d.45E92C44852F29CD18BC430FD8E15239.e.1027","ELEMENT":"f.06DF9BC5D4F2FE6DCE5AA073CBC21D39.d.45E92C44852F29CD18BC430FD8E15239.e.1027"}]}
COMMAND: POST /session/e1c9c002d5d3447acc7ed8721565bd54/execute/sync - {"script":"<script> [5351 bytes]","args":[{"element-6066-11e4-a52e-4f735466cecf":"f.06DF9BC5D4F2FE6DCE5AA073CBC21D39.d.45E92C44852F29CD18BC430FD8E15239.e.1027","ELEMENT":"f.06DF9BC5D4F2FE6DCE5AA073CBC21D39.d.45E92C44852F29CD18BC430FD8E15239.e.1027"}]}
COMMAND: GET /session/e1c9c002d5d3447acc7ed8721565bd54/screenshot - {}
RESULT: {}
COMMAND: GET /session/e1c9c002d5d3447acc7ed8721565bd54/screenshot - {}
RESULT: {"script":"<script> [5351 bytes]","args":[{"element-6066-11e4-a52e-4f735466cecf":"f.06DF9BC5D4F2FE6DCE5AA073CBC21D39.d.45E92C44852F29CD18BC430FD8E15239.e.1027","ELEMENT":"f.06DF9BC5D4F2FE6DCE5AA073CBC21D39.d.45E92C44852F29CD18BC430FD8E15239.e.1027"}]}
COMMAND: GET /session/e1c9c002d5d3447acc7ed8721565bd54/screenshot - {}
RESULT: {}
RESULT: {}
RESULT: {}
COMMAND: POST /session/e1c9c002d5d3447acc7ed8721565bd54/window/fullscreen - {}
RESULT: {}
COMMAND: POST /session/e1c9c002d5d3447acc7ed8721565bd54/execute/async - {"script":"<script> [1562 bytes]","args":[{"selector":{"controlType":"sap.m.GenericTile","properties":{"header":"Manage Partners"}},"wdio_ui5_key":"sapm.GenericTile{\"header\":\"Manage Partners\"}"}]}
RESULT: {"script":"<script> [1562 bytes]","args":[{"selector":{"controlType":"sap.m.GenericTile","properties":{"header":"Manage Partners"}},"wdio_ui5_key":"sapm.GenericTile{\"header\":\"Manage Partners\"}"}]}
RESULT: undefined
COMMAND: POST /session/e1c9c002d5d3447acc7ed8721565bd54/element - {"using":"xpath","value":"//*[@id=\"__tile38\"]"}
RESULT: {"using":"xpath","value":"//*[@id=\"__tile38\"]"}
COMMAND: POST /session/e1c9c002d5d3447acc7ed8721565bd54/element/f.06DF9BC5D4F2FE6DCE5AA073CBC21D39.d.45E92C44852F29CD18BC430FD8E15239.e.156/click - {}
RESULT: {}
COMMAND: POST /session/e1c9c002d5d3447acc7ed8721565bd54/element - {"using":"xpath","value":"//button[@data-kt=\"addButton\"]"}
COMMAND: GET /session/e1c9c002d5d3447acc7ed8721565bd54/screenshot - {}
RESULT: {"using":"xpath","value":"//button[@data-kt=\"addButton\"]"}
COMMAND: POST /session/e1c9c002d5d3447acc7ed8721565bd54/elements - {"using":"xpath","value":"//button[@data-kt=\"addButton\"]"}
RESULT: {}
RESULT: {"using":"xpath","value":"//button[@data-kt=\"addButton\"]"}
COMMAND: POST /session/e1c9c002d5d3447acc7ed8721565bd54/elements - {"using":"xpath","value":"//button[@data-kt=\"addButton\"]"}
RESULT: {"using":"xpath","value":"//button[@data-kt=\"addButton\"]"}
COMMAND: POST /session/e1c9c002d5d3447acc7ed8721565bd54/elements - {"using":"xpath","value":"//button[@data-kt=\"addButton\"]"}
RESULT: {"using":"xpath","value":"//button[@data-kt=\"addButton\"]"}
COMMAND: POST /session/e1c9c002d5d3447acc7ed8721565bd54/elements - {"using":"xpath","value":"//button[@data-kt=\"addButton\"]"}
RESULT: {"using":"xpath","value":"//button[@data-kt=\"addButton\"]"}
COMMAND: POST /session/e1c9c002d5d3447acc7ed8721565bd54/elements - {"using":"xpath","value":"//button[@data-kt=\"addButton\"]"}
RESULT: {"using":"xpath","value":"//button[@data-kt=\"addButton\"]"}
COMMAND: POST /session/e1c9c002d5d3447acc7ed8721565bd54/elements - {"using":"xpath","value":"//button[@data-kt=\"addButton\"]"}
RESULT: {"using":"xpath","value":"//button[@data-kt=\"addButton\"]"}
COMMAND: POST /session/e1c9c002d5d3447acc7ed8721565bd54/elements - {"using":"xpath","value":"//button[@data-kt=\"addButton\"]"}
RESULT: {"using":"xpath","value":"//button[@data-kt=\"addButton\"]"}
COMMAND: POST /session/e1c9c002d5d3447acc7ed8721565bd54/elements - {"using":"xpath","value":"//button[@data-kt=\"addButton\"]"}
RESULT: {"using":"xpath","value":"//button[@data-kt=\"addButton\"]"}
COMMAND: POST /session/e1c9c002d5d3447acc7ed8721565bd54/elements - {"using":"xpath","value":"//button[@data-kt=\"addButton\"]"}
RESULT: {"using":"xpath","value":"//button[@data-kt=\"addButton\"]"}
COMMAND: POST /session/e1c9c002d5d3447acc7ed8721565bd54/elements - {"using":"xpath","value":"//button[@data-kt=\"addButton\"]"}
RESULT: {"using":"xpath","value":"//button[@data-kt=\"addButton\"]"}
COMMAND: POST /session/e1c9c002d5d3447acc7ed8721565bd54/elements - {"using":"xpath","value":"//button[@data-kt=\"addButton\"]"}
RESULT: {"using":"xpath","value":"//button[@data-kt=\"addButton\"]"}
COMMAND: POST /session/e1c9c002d5d3447acc7ed8721565bd54/elements - {"using":"xpath","value":"//button[@data-kt=\"addButton\"]"}
RESULT: {"using":"xpath","value":"//button[@data-kt=\"addButton\"]"}
COMMAND: POST /session/e1c9c002d5d3447acc7ed8721565bd54/elements - {"using":"xpath","value":"//button[@data-kt=\"addButton\"]"}
RESULT: {"using":"xpath","value":"//button[@data-kt=\"addButton\"]"}
COMMAND: POST /session/e1c9c002d5d3447acc7ed8721565bd54/elements - {"using":"xpath","value":"//button[@data-kt=\"addButton\"]"}
RESULT: {"using":"xpath","value":"//button[@data-kt=\"addButton\"]"}
COMMAND: POST /session/e1c9c002d5d3447acc7ed8721565bd54/elements - {"using":"xpath","value":"//button[@data-kt=\"addButton\"]"}
RESULT: {"using":"xpath","value":"//button[@data-kt=\"addButton\"]"}
COMMAND: POST /session/e1c9c002d5d3447acc7ed8721565bd54/elements - {"using":"xpath","value":"//button[@data-kt=\"addButton\"]"}
RESULT: {"using":"xpath","value":"//button[@data-kt=\"addButton\"]"}
COMMAND: POST /session/e1c9c002d5d3447acc7ed8721565bd54/elements - {"using":"xpath","value":"//button[@data-kt=\"addButton\"]"}
RESULT: {"using":"xpath","value":"//button[@data-kt=\"addButton\"]"}
COMMAND: POST /session/e1c9c002d5d3447acc7ed8721565bd54/elements - {"using":"xpath","value":"//button[@data-kt=\"addButton\"]"}
RESULT: {"using":"xpath","value":"//button[@data-kt=\"addButton\"]"}
COMMAND: POST /session/e1c9c002d5d3447acc7ed8721565bd54/elements - {"using":"xpath","value":"//button[@data-kt=\"addButton\"]"}
RESULT: {"using":"xpath","value":"//button[@data-kt=\"addButton\"]"}
COMMAND: POST /session/e1c9c002d5d3447acc7ed8721565bd54/elements - {"using":"xpath","value":"//button[@data-kt=\"addButton\"]"}
RESULT: {"using":"xpath","value":"//button[@data-kt=\"addButton\"]"}
COMMAND: POST /session/e1c9c002d5d3447acc7ed8721565bd54/elements - {"using":"xpath","value":"//button[@data-kt=\"addButton\"]"}
RESULT: {"using":"xpath","value":"//button[@data-kt=\"addButton\"]"}
COMMAND: POST /session/e1c9c002d5d3447acc7ed8721565bd54/elements - {"using":"xpath","value":"//button[@data-kt=\"addButton\"]"}
RESULT: {"using":"xpath","value":"//button[@data-kt=\"addButton\"]"}
COMMAND: POST /session/e1c9c002d5d3447acc7ed8721565bd54/elements - {"using":"xpath","value":"//button[@data-kt=\"addButton\"]"}
RESULT: {"using":"xpath","value":"//button[@data-kt=\"addButton\"]"}
COMMAND: POST /session/e1c9c002d5d3447acc7ed8721565bd54/elements - {"using":"xpath","value":"//button[@data-kt=\"addButton\"]"}
RESULT: {"using":"xpath","value":"//button[@data-kt=\"addButton\"]"}
COMMAND: POST /session/e1c9c002d5d3447acc7ed8721565bd54/elements - {"using":"xpath","value":"//button[@data-kt=\"addButton\"]"}
RESULT: {"using":"xpath","value":"//button[@data-kt=\"addButton\"]"}
COMMAND: POST /session/e1c9c002d5d3447acc7ed8721565bd54/elements - {"using":"xpath","value":"//button[@data-kt=\"addButton\"]"}
RESULT: {"using":"xpath","value":"//button[@data-kt=\"addButton\"]"}
COMMAND: POST /session/e1c9c002d5d3447acc7ed8721565bd54/elements - {"using":"xpath","value":"//button[@data-kt=\"addButton\"]"}
RESULT: {"using":"xpath","value":"//button[@data-kt=\"addButton\"]"}
COMMAND: POST /session/e1c9c002d5d3447acc7ed8721565bd54/element - {"using":"xpath","value":"//button[@data-kt=\"addButton\"]"}
RESULT: {"using":"xpath","value":"//button[@data-kt=\"addButton\"]"}
COMMAND: POST /session/e1c9c002d5d3447acc7ed8721565bd54/execute/sync - {"script":"<script> [8489 bytes]","args":[{"element-6066-11e4-a52e-4f735466cecf":"f.06DF9BC5D4F2FE6DCE5AA073CBC21D39.d.45E92C44852F29CD18BC430FD8E15239.e.1062","ELEMENT":"f.06DF9BC5D4F2FE6DCE5AA073CBC21D39.d.45E92C44852F29CD18BC430FD8E15239.e.1062"}]}
RESULT: {"script":"<script> [8489 bytes]","args":[{"element-6066-11e4-a52e-4f735466cecf":"f.06DF9BC5D4F2FE6DCE5AA073CBC21D39.d.45E92C44852F29CD18BC430FD8E15239.e.1062","ELEMENT":"f.06DF9BC5D4F2FE6DCE5AA073CBC21D39.d.45E92C44852F29CD18BC430FD8E15239.e.1062"}]}
COMMAND: GET /session/e1c9c002d5d3447acc7ed8721565bd54/element/f.06DF9BC5D4F2FE6DCE5AA073CBC21D39.d.45E92C44852F29CD18BC430FD8E15239.e.1062/enabled - {}
COMMAND: GET /session/e1c9c002d5d3447acc7ed8721565bd54/screenshot - {}
RESULT: {}
COMMAND: POST /session/e1c9c002d5d3447acc7ed8721565bd54/execute/sync - {"script":"<script> [8489 bytes]","args":[{"element-6066-11e4-a52e-4f735466cecf":"f.06DF9BC5D4F2FE6DCE5AA073CBC21D39.d.45E92C44852F29CD18BC430FD8E15239.e.1062","ELEMENT":"f.06DF9BC5D4F2FE6DCE5AA073CBC21D39.d.45E92C44852F29CD18BC430FD8E15239.e.1062"}]}
COMMAND: GET /session/e1c9c002d5d3447acc7ed8721565bd54/screenshot - {}
RESULT: {}
RESULT: {"script":"<script> [8489 bytes]","args":[{"element-6066-11e4-a52e-4f735466cecf":"f.06DF9BC5D4F2FE6DCE5AA073CBC21D39.d.45E92C44852F29CD18BC430FD8E15239.e.1062","ELEMENT":"f.06DF9BC5D4F2FE6DCE5AA073CBC21D39.d.45E92C44852F29CD18BC430FD8E15239.e.1062"}]}
COMMAND: POST /session/e1c9c002d5d3447acc7ed8721565bd54/execute/sync - {"script":"<script> [5351 bytes]","args":[{"element-6066-11e4-a52e-4f735466cecf":"f.06DF9BC5D4F2FE6DCE5AA073CBC21D39.d.45E92C44852F29CD18BC430FD8E15239.e.1062","ELEMENT":"f.06DF9BC5D4F2FE6DCE5AA073CBC21D39.d.45E92C44852F29CD18BC430FD8E15239.e.1062"}]}
COMMAND: GET /session/e1c9c002d5d3447acc7ed8721565bd54/screenshot - {}
RESULT: {}
RESULT: {"script":"<script> [5351 bytes]","args":[{"element-6066-11e4-a52e-4f735466cecf":"f.06DF9BC5D4F2FE6DCE5AA073CBC21D39.d.45E92C44852F29CD18BC430FD8E15239.e.1062","ELEMENT":"f.06DF9BC5D4F2FE6DCE5AA073CBC21D39.d.45E92C44852F29CD18BC430FD8E15239.e.1062"}]}
COMMAND: POST /session/e1c9c002d5d3447acc7ed8721565bd54/element/f.06DF9BC5D4F2FE6DCE5AA073CBC21D39.d.45E92C44852F29CD18BC430FD8E15239.e.1062/click - {}
COMMAND: GET /session/e1c9c002d5d3447acc7ed8721565bd54/screenshot - {}
RESULT: {}
RESULT: {}
COMMAND: GET /session/e1c9c002d5d3447acc7ed8721565bd54/screenshot - {}
COMMAND: POST /session/e1c9c002d5d3447acc7ed8721565bd54/execute/async - {"script":"<script> [1562 bytes]","args":[{"selector":{"id":"application-managepartners-display-component---NewPartner--addressDetailDetailsName1","interaction":{"idSuffix":"inner"}},"wdio_ui5_key":"applicationmanagepartners-display-component---NewPartner--addressDetailDetailsName1"}]}
RESULT: {}
RESULT: {}
RESULT: {"script":"<script> [1562 bytes]","args":[{"selector":{"id":"application-managepartners-display-component---NewPartner--addressDetailDetailsName1","interaction":{"idSuffix":"inner"}},"wdio_ui5_key":"applicationmanagepartners-display-component---NewPartner--addressDetailDetailsName1"}]}
RESULT: undefined
COMMAND: POST /session/e1c9c002d5d3447acc7ed8721565bd54/execute/async - {"script":"<script> [776 bytes]","args":[{"enterText":"External Partner WDIO","selector":{"id":"application-managepartners-display-component---NewPartner--addressDetailDetailsName1","interaction":{"idSuffix":"inner"}},"clearTextFirst":true,"interactionType":"ENTER_TEXT"}]}
RESULT: {"script":"<script> [776 bytes]","args":[{"enterText":"External Partner WDIO","selector":{"id":"application-managepartners-display-component---NewPartner--addressDetailDetailsName1","interaction":{"idSuffix":"inner"}},"clearTextFirst":true,"interactionType":"ENTER_TEXT"}]}
COMMAND: POST /session/e1c9c002d5d3447acc7ed8721565bd54/execute/async - {"script":"<script> [1562 bytes]","args":[{"selector":{"id":"application-managepartners-display-component---NewPartner--addressDetailDetailsLanguage-arrow"},"wdio_ui5_key":"applicationmanagepartners-display-component---NewPartner--addressDetailDetailsLanguage-arrow"}]}
RESULT: {"script":"<script> [1562 bytes]","args":[{"selector":{"id":"application-managepartners-display-component---NewPartner--addressDetailDetailsLanguage-arrow"},"wdio_ui5_key":"applicationmanagepartners-display-component---NewPartner--addressDetailDetailsLanguage-arrow"}]}
RESULT: undefined
COMMAND: POST /session/e1c9c002d5d3447acc7ed8721565bd54/element - {"using":"xpath","value":"//*[@id=\"application-managepartners-display-component---NewPartner--addressDetailDetailsLanguage-arrow\"]"}
RESULT: {"using":"xpath","value":"//*[@id=\"application-managepartners-display-component---NewPartner--addressDetailDetailsLanguage-arrow\"]"}
COMMAND: POST /session/e1c9c002d5d3447acc7ed8721565bd54/element/f.06DF9BC5D4F2FE6DCE5AA073CBC21D39.d.45E92C44852F29CD18BC430FD8E15239.e.1513/click - {}
RESULT: {}
COMMAND: POST /session/e1c9c002d5d3447acc7ed8721565bd54/element - {"using":"xpath","value":"//span[contains(text(), \"English\")]"}
COMMAND: GET /session/e1c9c002d5d3447acc7ed8721565bd54/screenshot - {}
RESULT: {"using":"xpath","value":"//span[contains(text(), \"English\")]"}
COMMAND: POST /session/e1c9c002d5d3447acc7ed8721565bd54/element/f.06DF9BC5D4F2FE6DCE5AA073CBC21D39.d.45E92C44852F29CD18BC430FD8E15239.e.1514/click - {}
RESULT: {}
RESULT: {}
COMMAND: GET /session/e1c9c002d5d3447acc7ed8721565bd54/screenshot - {}
RESULT: {}
COMMAND: POST /session/e1c9c002d5d3447acc7ed8721565bd54/execute/async - {"script":"<script> [1562 bytes]","args":[{"selector":{"id":"application-managepartners-display-component---NewPartner--addressDetailDetailsCity1","interaction":{"idSuffix":"inner"}},"wdio_ui5_key":"applicationmanagepartners-display-component---NewPartner--addressDetailDetailsCity1"}]}
RESULT: {"script":"<script> [1562 bytes]","args":[{"selector":{"id":"application-managepartners-display-component---NewPartner--addressDetailDetailsCity1","interaction":{"idSuffix":"inner"}},"wdio_ui5_key":"applicationmanagepartners-display-component---NewPartner--addressDetailDetailsCity1"}]}
RESULT: undefined
COMMAND: POST /session/e1c9c002d5d3447acc7ed8721565bd54/execute/async - {"script":"<script> [776 bytes]","args":[{"enterText":"Rosario","selector":{"id":"application-managepartners-display-component---NewPartner--addressDetailDetailsCity1","interaction":{"idSuffix":"inner"}},"clearTextFirst":true,"interactionType":"ENTER_TEXT"}]}
RESULT: {"script":"<script> [776 bytes]","args":[{"enterText":"Rosario","selector":{"id":"application-managepartners-display-component---NewPartner--addressDetailDetailsCity1","interaction":{"idSuffix":"inner"}},"clearTextFirst":true,"interactionType":"ENTER_TEXT"}]}
COMMAND: POST /session/e1c9c002d5d3447acc7ed8721565bd54/execute/async - {"script":"<script> [1562 bytes]","args":[{"selector":{"id":"application-managepartners-display-component---NewPartner--addressDetailDetailsCountry-arrow"},"wdio_ui5_key":"applicationmanagepartners-display-component---NewPartner--addressDetailDetailsCountry-arrow"}]}
RESULT: {"script":"<script> [1562 bytes]","args":[{"selector":{"id":"application-managepartners-display-component---NewPartner--addressDetailDetailsCountry-arrow"},"wdio_ui5_key":"applicationmanagepartners-display-component---NewPartner--addressDetailDetailsCountry-arrow"}]}
RESULT: undefined
COMMAND: POST /session/e1c9c002d5d3447acc7ed8721565bd54/element - {"using":"xpath","value":"//*[@id=\"application-managepartners-display-component---NewPartner--addressDetailDetailsCountry-arrow\"]"}
RESULT: {"using":"xpath","value":"//*[@id=\"application-managepartners-display-component---NewPartner--addressDetailDetailsCountry-arrow\"]"}
COMMAND: POST /session/e1c9c002d5d3447acc7ed8721565bd54/element/f.06DF9BC5D4F2FE6DCE5AA073CBC21D39.d.45E92C44852F29CD18BC430FD8E15239.e.1474/click - {}
RESULT: {}
COMMAND: POST /session/e1c9c002d5d3447acc7ed8721565bd54/element - {"using":"xpath","value":"//span[contains(text(), \"Argentina\")]"}
COMMAND: GET /session/e1c9c002d5d3447acc7ed8721565bd54/screenshot - {}
RESULT: {"using":"xpath","value":"//span[contains(text(), \"Argentina\")]"}
COMMAND: POST /session/e1c9c002d5d3447acc7ed8721565bd54/element/f.06DF9BC5D4F2FE6DCE5AA073CBC21D39.d.45E92C44852F29CD18BC430FD8E15239.e.1516/click - {}
RESULT: {}
RESULT: {}
COMMAND: GET /session/e1c9c002d5d3447acc7ed8721565bd54/screenshot - {}
RESULT: {}
COMMAND: POST /session/e1c9c002d5d3447acc7ed8721565bd54/element - {"using":"xpath","value":"//bdi[contains(text(), \"Commercial\")]"}
RESULT: {"using":"xpath","value":"//bdi[contains(text(), \"Commercial\")]"}
COMMAND: POST /session/e1c9c002d5d3447acc7ed8721565bd54/element/f.06DF9BC5D4F2FE6DCE5AA073CBC21D39.d.45E92C44852F29CD18BC430FD8E15239.e.1517/click - {}
RESULT: {}
COMMAND: GET /session/e1c9c002d5d3447acc7ed8721565bd54/screenshot - {}
RESULT: {}
COMMAND: POST /session/e1c9c002d5d3447acc7ed8721565bd54/execute/async - {"script":"<script> [1562 bytes]","args":[{"selector":{"id":"application-managepartners-display-component---NewPartner--partnerDetailInternal-arrow"},"wdio_ui5_key":"applicationmanagepartners-display-component---NewPartner--partnerDetailInternal-arrow"}]}
RESULT: {"script":"<script> [1562 bytes]","args":[{"selector":{"id":"application-managepartners-display-component---NewPartner--partnerDetailInternal-arrow"},"wdio_ui5_key":"applicationmanagepartners-display-component---NewPartner--partnerDetailInternal-arrow"}]}
RESULT: undefined
COMMAND: POST /session/e1c9c002d5d3447acc7ed8721565bd54/element - {"using":"xpath","value":"//*[@id=\"application-managepartners-display-component---NewPartner--partnerDetailInternal-arrow\"]"}
RESULT: {"using":"xpath","value":"//*[@id=\"application-managepartners-display-component---NewPartner--partnerDetailInternal-arrow\"]"}
COMMAND: POST /session/e1c9c002d5d3447acc7ed8721565bd54/element/f.06DF9BC5D4F2FE6DCE5AA073CBC21D39.d.45E92C44852F29CD18BC430FD8E15239.e.1523/click - {}
RESULT: {}
COMMAND: POST /session/e1c9c002d5d3447acc7ed8721565bd54/element - {"using":"xpath","value":"//span[contains(text(), \"External partner\")]"}
COMMAND: GET /session/e1c9c002d5d3447acc7ed8721565bd54/screenshot - {}
RESULT: {"using":"xpath","value":"//span[contains(text(), \"External partner\")]"}
COMMAND: POST /session/e1c9c002d5d3447acc7ed8721565bd54/element/f.06DF9BC5D4F2FE6DCE5AA073CBC21D39.d.45E92C44852F29CD18BC430FD8E15239.e.1524/click - {}
RESULT: {}
RESULT: {}
COMMAND: POST /session/e1c9c002d5d3447acc7ed8721565bd54/execute/async - {"script":"<script> [1562 bytes]","args":[{"selector":{"id":"application-managepartners-display-component---NewPartner--partnerDetailsCurrency-arrow"},"wdio_ui5_key":"applicationmanagepartners-display-component---NewPartner--partnerDetailsCurrency-arrow"}]}
COMMAND: GET /session/e1c9c002d5d3447acc7ed8721565bd54/screenshot - {}
RESULT: {"script":"<script> [1562 bytes]","args":[{"selector":{"id":"application-managepartners-display-component---NewPartner--partnerDetailsCurrency-arrow"},"wdio_ui5_key":"applicationmanagepartners-display-component---NewPartner--partnerDetailsCurrency-arrow"}]}
RESULT: undefined
COMMAND: POST /session/e1c9c002d5d3447acc7ed8721565bd54/element - {"using":"xpath","value":"//*[@id=\"application-managepartners-display-component---NewPartner--partnerDetailsCurrency-arrow\"]"}
RESULT: {}
RESULT: {"using":"xpath","value":"//*[@id=\"application-managepartners-display-component---NewPartner--partnerDetailsCurrency-arrow\"]"}
COMMAND: POST /session/e1c9c002d5d3447acc7ed8721565bd54/element/f.06DF9BC5D4F2FE6DCE5AA073CBC21D39.d.45E92C44852F29CD18BC430FD8E15239.e.1529/click - {}
RESULT: {}
COMMAND: POST /session/e1c9c002d5d3447acc7ed8721565bd54/element - {"using":"xpath","value":"//span[contains(text(), \"US Dollar\")]"}
COMMAND: GET /session/e1c9c002d5d3447acc7ed8721565bd54/screenshot - {}
RESULT: {"using":"xpath","value":"//span[contains(text(), \"US Dollar\")]"}
COMMAND: POST /session/e1c9c002d5d3447acc7ed8721565bd54/element/f.06DF9BC5D4F2FE6DCE5AA073CBC21D39.d.45E92C44852F29CD18BC430FD8E15239.e.1530/click - {}
RESULT: {}
RESULT: {}
COMMAND: GET /session/e1c9c002d5d3447acc7ed8721565bd54/screenshot - {}
RESULT: {}
COMMAND: POST /session/e1c9c002d5d3447acc7ed8721565bd54/element - {"using":"xpath","value":"//input[@id=\"application-managepartners-display-component---NewPartner--companyCodeComboBox-inner\"]"}
RESULT: {"using":"xpath","value":"//input[@id=\"application-managepartners-display-component---NewPartner--companyCodeComboBox-inner\"]"}
COMMAND: POST /session/e1c9c002d5d3447acc7ed8721565bd54/element/f.06DF9BC5D4F2FE6DCE5AA073CBC21D39.d.45E92C44852F29CD18BC430FD8E15239.e.1426/clear - {}
RESULT: {}
COMMAND: POST /session/e1c9c002d5d3447acc7ed8721565bd54/element/f.06DF9BC5D4F2FE6DCE5AA073CBC21D39.d.45E92C44852F29CD18BC430FD8E15239.e.1426/value - {"text":"C002"}
COMMAND: GET /session/e1c9c002d5d3447acc7ed8721565bd54/screenshot - {}
RESULT: {"text":"C002"}
COMMAND: GET /session/e1c9c002d5d3447acc7ed8721565bd54/screenshot - {}
RESULT: {}
RESULT: {}
COMMAND: POST /session/e1c9c002d5d3447acc7ed8721565bd54/element - {"using":"xpath","value":"//span[contains(text(), \"C002\")]"}
RESULT: {"using":"xpath","value":"//span[contains(text(), \"C002\")]"}
COMMAND: POST /session/e1c9c002d5d3447acc7ed8721565bd54/element/f.06DF9BC5D4F2FE6DCE5AA073CBC21D39.d.45E92C44852F29CD18BC430FD8E15239.e.1534/click - {}
RESULT: {}
COMMAND: GET /session/e1c9c002d5d3447acc7ed8721565bd54/screenshot - {}
RESULT: {}
COMMAND: POST /session/e1c9c002d5d3447acc7ed8721565bd54/execute/async - {"script":"<script> [1562 bytes]","args":[{"selector":{"id":"application-managepartners-display-component---NewPartner--btnAddTableRow-img"},"wdio_ui5_key":"applicationmanagepartners-display-component---NewPartner--btnAddTableRow-img"}]}
RESULT: {"script":"<script> [1562 bytes]","args":[{"selector":{"id":"application-managepartners-display-component---NewPartner--btnAddTableRow-img"},"wdio_ui5_key":"applicationmanagepartners-display-component---NewPartner--btnAddTableRow-img"}]}
RESULT: undefined
COMMAND: POST /session/e1c9c002d5d3447acc7ed8721565bd54/element - {"using":"xpath","value":"//*[@id=\"application-managepartners-display-component---NewPartner--btnAddTableRow-img\"]"}
RESULT: {"using":"xpath","value":"//*[@id=\"application-managepartners-display-component---NewPartner--btnAddTableRow-img\"]"}
COMMAND: POST /session/e1c9c002d5d3447acc7ed8721565bd54/element/f.06DF9BC5D4F2FE6DCE5AA073CBC21D39.d.45E92C44852F29CD18BC430FD8E15239.e.1535/click - {}
RESULT: {}
COMMAND: GET /session/e1c9c002d5d3447acc7ed8721565bd54/screenshot - {}
RESULT: {}
COMMAND: POST /session/e1c9c002d5d3447acc7ed8721565bd54/element - {"using":"xpath","value":"//input[@id=\"application-managepartners-display-component---NewPartner--assignmentYard-application-managepartners-display-component---NewPartner--assignmentsTable-0-inner\"]"}
RESULT: {"using":"xpath","value":"//input[@id=\"application-managepartners-display-component---NewPartner--assignmentYard-application-managepartners-display-component---NewPartner--assignmentsTable-0-inner\"]"}
COMMAND: POST /session/e1c9c002d5d3447acc7ed8721565bd54/element/f.06DF9BC5D4F2FE6DCE5AA073CBC21D39.d.45E92C44852F29CD18BC430FD8E15239.e.1538/clear - {}
RESULT: {}
COMMAND: POST /session/e1c9c002d5d3447acc7ed8721565bd54/element/f.06DF9BC5D4F2FE6DCE5AA073CBC21D39.d.45E92C44852F29CD18BC430FD8E15239.e.1538/value - {"text":"618"}
COMMAND: GET /session/e1c9c002d5d3447acc7ed8721565bd54/screenshot - {}
RESULT: {"text":"618"}
COMMAND: GET /session/e1c9c002d5d3447acc7ed8721565bd54/screenshot - {}
RESULT: {}
RESULT: {}
COMMAND: POST /session/e1c9c002d5d3447acc7ed8721565bd54/element - {"using":"xpath","value":"//li[.//span[text()='618']]"}
RESULT: {"using":"xpath","value":"//li[.//span[text()='618']]"}
COMMAND: POST /session/e1c9c002d5d3447acc7ed8721565bd54/element/f.06DF9BC5D4F2FE6DCE5AA073CBC21D39.d.45E92C44852F29CD18BC430FD8E15239.e.1546/click - {}
RESULT: {}
COMMAND: GET /session/e1c9c002d5d3447acc7ed8721565bd54/screenshot - {}
RESULT: {}
COMMAND: POST /session/e1c9c002d5d3447acc7ed8721565bd54/actions - {"actions":[{"id":"action2","type":"key","parameters":{},"actions":[{"type":"keyDown","value":""},{"type":"pause","duration":10},{"type":"keyUp","value":""}]}]}
RESULT: {"actions":[{"id":"action2","type":"key","parameters":{},"actions":[{"type":"keyDown","value":""},{"type":"pause","duration":10},{"type":"keyUp","value":""}]}]}
COMMAND: POST /session/e1c9c002d5d3447acc7ed8721565bd54/element - {"using":"xpath","value":"//td[contains(@id, \"assignmentsTable-0-cell2\")]/div/div"}
COMMAND: GET /session/e1c9c002d5d3447acc7ed8721565bd54/screenshot - {}
RESULT: {"using":"xpath","value":"//td[contains(@id, \"assignmentsTable-0-cell2\")]/div/div"}
COMMAND: POST /session/e1c9c002d5d3447acc7ed8721565bd54/element/f.06DF9BC5D4F2FE6DCE5AA073CBC21D39.d.45E92C44852F29CD18BC430FD8E15239.e.1549/click - {}
RESULT: {}
RESULT: {}
COMMAND: GET /session/e1c9c002d5d3447acc7ed8721565bd54/screenshot - {}
RESULT: {}
COMMAND: POST /session/e1c9c002d5d3447acc7ed8721565bd54/element - {"using":"xpath","value":"//button[@data-kt=\"saveButton\"]"}
RESULT: {"using":"xpath","value":"//button[@data-kt=\"saveButton\"]"}
COMMAND: POST /session/e1c9c002d5d3447acc7ed8721565bd54/element/f.06DF9BC5D4F2FE6DCE5AA073CBC21D39.d.45E92C44852F29CD18BC430FD8E15239.e.1432/click - {}
RESULT: {}
COMMAND: GET /session/e1c9c002d5d3447acc7ed8721565bd54/screenshot - {}
RESULT: {}
COMMAND: POST /session/e1c9c002d5d3447acc7ed8721565bd54/element - {"using":"xpath","value":"//header[contains(@id, 'ObjectPageLayout-headerTitle')]/div[1]/div[2]/div[2]/span[1]"}
RESULT: {"using":"xpath","value":"//header[contains(@id, 'ObjectPageLayout-headerTitle')]/div[1]/div[2]/div[2]/span[1]"}
COMMAND: POST /session/e1c9c002d5d3447acc7ed8721565bd54/elements - {"using":"xpath","value":"//header[contains(@id, 'ObjectPageLayout-headerTitle')]/div[1]/div[2]/div[2]/span[1]"}
RESULT: {"using":"xpath","value":"//header[contains(@id, 'ObjectPageLayout-headerTitle')]/div[1]/div[2]/div[2]/span[1]"}
COMMAND: POST /session/e1c9c002d5d3447acc7ed8721565bd54/execute/sync - {"script":"<script> [56 bytes]","args":[{"element-6066-11e4-a52e-4f735466cecf":"f.06DF9BC5D4F2FE6DCE5AA073CBC21D39.d.45E92C44852F29CD18BC430FD8E15239.e.1713","ELEMENT":"f.06DF9BC5D4F2FE6DCE5AA073CBC21D39.d.45E92C44852F29CD18BC430FD8E15239.e.1713"}]}
RESULT: {"script":"<script> [56 bytes]","args":[{"element-6066-11e4-a52e-4f735466cecf":"f.06DF9BC5D4F2FE6DCE5AA073CBC21D39.d.45E92C44852F29CD18BC430FD8E15239.e.1713","ELEMENT":"f.06DF9BC5D4F2FE6DCE5AA073CBC21D39.d.45E92C44852F29CD18BC430FD8E15239.e.1713"}]}
COMMAND: POST /session/e1c9c002d5d3447acc7ed8721565bd54/element - {"using":"css selector","value":"#shell-header-logo"}
COMMAND: GET /session/e1c9c002d5d3447acc7ed8721565bd54/screenshot - {}
RESULT: {"using":"css selector","value":"#shell-header-logo"}
COMMAND: POST /session/e1c9c002d5d3447acc7ed8721565bd54/element/f.06DF9BC5D4F2FE6DCE5AA073CBC21D39.d.45E92C44852F29CD18BC430FD8E15239.e.1027/click - {}
RESULT: {}
RESULT: {}
COMMAND: GET /session/e1c9c002d5d3447acc7ed8721565bd54/screenshot - {}
RESULT: {}
COMMAND: POST /session/e1c9c002d5d3447acc7ed8721565bd54/execute/sync - {"script":"<script> [299 bytes]","args":[["getModel","getResource"]]}
RESULT: {"script":"<script> [299 bytes]","args":[["getModel","getResource"]]}
COMMAND: GET /session/e1c9c002d5d3447acc7ed8721565bd54/screenshot - {}
]]></system-out>
    </testcase>
    <testcase classname="chrome.135_0_7049_42.windows.Partner_specific_tests_US150819_US151080_US151654_US151176_US103444_US151078_US151079_US151109_US151174_US151175_US151189" name="Should filter and search partners US151080" time="95.729">
      <system-out><![CDATA[
COMMAND: POST /session/e1c9c002d5d3447acc7ed8721565bd54/element - {"using":"xpath","value":"//li[.//span[text()=\"Manage Partners\"]]"}
RESULT: {}
RESULT: {"using":"xpath","value":"//li[.//span[text()=\"Manage Partners\"]]"}
COMMAND: POST /session/e1c9c002d5d3447acc7ed8721565bd54/element - {"using":"xpath","value":"//li[.//span[text()=\"Manage Partners\"]]"}
RESULT: {"using":"xpath","value":"//li[.//span[text()=\"Manage Partners\"]]"}
COMMAND: POST /session/e1c9c002d5d3447acc7ed8721565bd54/element - {"using":"css selector","value":"#shell-header-logo"}
RESULT: {"using":"css selector","value":"#shell-header-logo"}
COMMAND: POST /session/e1c9c002d5d3447acc7ed8721565bd54/element/f.06DF9BC5D4F2FE6DCE5AA073CBC21D39.d.45E92C44852F29CD18BC430FD8E15239.e.1715/click - {}
COMMAND: POST /session/e1c9c002d5d3447acc7ed8721565bd54/execute/sync - {"script":"<script> [8489 bytes]","args":[{"element-6066-11e4-a52e-4f735466cecf":"f.06DF9BC5D4F2FE6DCE5AA073CBC21D39.d.45E92C44852F29CD18BC430FD8E15239.e.1715","ELEMENT":"f.06DF9BC5D4F2FE6DCE5AA073CBC21D39.d.45E92C44852F29CD18BC430FD8E15239.e.1715"}]}
RESULT: {}
COMMAND: GET /session/e1c9c002d5d3447acc7ed8721565bd54/screenshot - {}
RESULT: {"script":"<script> [8489 bytes]","args":[{"element-6066-11e4-a52e-4f735466cecf":"f.06DF9BC5D4F2FE6DCE5AA073CBC21D39.d.45E92C44852F29CD18BC430FD8E15239.e.1715","ELEMENT":"f.06DF9BC5D4F2FE6DCE5AA073CBC21D39.d.45E92C44852F29CD18BC430FD8E15239.e.1715"}]}
COMMAND: POST /session/e1c9c002d5d3447acc7ed8721565bd54/execute/sync - {"script":"<script> [5351 bytes]","args":[{"element-6066-11e4-a52e-4f735466cecf":"f.06DF9BC5D4F2FE6DCE5AA073CBC21D39.d.45E92C44852F29CD18BC430FD8E15239.e.1715","ELEMENT":"f.06DF9BC5D4F2FE6DCE5AA073CBC21D39.d.45E92C44852F29CD18BC430FD8E15239.e.1715"}]}
COMMAND: GET /session/e1c9c002d5d3447acc7ed8721565bd54/screenshot - {}
RESULT: {}
RESULT: {"script":"<script> [5351 bytes]","args":[{"element-6066-11e4-a52e-4f735466cecf":"f.06DF9BC5D4F2FE6DCE5AA073CBC21D39.d.45E92C44852F29CD18BC430FD8E15239.e.1715","ELEMENT":"f.06DF9BC5D4F2FE6DCE5AA073CBC21D39.d.45E92C44852F29CD18BC430FD8E15239.e.1715"}]}
COMMAND: GET /session/e1c9c002d5d3447acc7ed8721565bd54/screenshot - {}
RESULT: {}
RESULT: {}
RESULT: undefined
COMMAND: POST /session/e1c9c002d5d3447acc7ed8721565bd54/element - {"using":"xpath","value":"//*[@id=\"__tile38\"]"}
RESULT: {"using":"xpath","value":"//*[@id=\"__tile38\"]"}
COMMAND: POST /session/e1c9c002d5d3447acc7ed8721565bd54/element/f.06DF9BC5D4F2FE6DCE5AA073CBC21D39.d.45E92C44852F29CD18BC430FD8E15239.e.156/click - {}
RESULT: {}
COMMAND: POST /session/e1c9c002d5d3447acc7ed8721565bd54/element - {"using":"xpath","value":"//button[@data-kt=\"addButton\"]"}
COMMAND: GET /session/e1c9c002d5d3447acc7ed8721565bd54/screenshot - {}
RESULT: {"using":"xpath","value":"//button[@data-kt=\"addButton\"]"}
COMMAND: POST /session/e1c9c002d5d3447acc7ed8721565bd54/elements - {"using":"xpath","value":"//button[@data-kt=\"addButton\"]"}
RESULT: {}
RESULT: {"using":"xpath","value":"//button[@data-kt=\"addButton\"]"}
COMMAND: POST /session/e1c9c002d5d3447acc7ed8721565bd54/elements - {"using":"xpath","value":"//button[@data-kt=\"addButton\"]"}
RESULT: {"using":"xpath","value":"//button[@data-kt=\"addButton\"]"}
COMMAND: POST /session/e1c9c002d5d3447acc7ed8721565bd54/element - {"using":"xpath","value":"//button[@data-kt=\"addButton\"]"}
RESULT: {"using":"xpath","value":"//button[@data-kt=\"addButton\"]"}
COMMAND: POST /session/e1c9c002d5d3447acc7ed8721565bd54/execute/sync - {"script":"<script> [8489 bytes]","args":[{"element-6066-11e4-a52e-4f735466cecf":"f.06DF9BC5D4F2FE6DCE5AA073CBC21D39.d.45E92C44852F29CD18BC430FD8E15239.e.1749","ELEMENT":"f.06DF9BC5D4F2FE6DCE5AA073CBC21D39.d.45E92C44852F29CD18BC430FD8E15239.e.1749"}]}
RESULT: {"script":"<script> [8489 bytes]","args":[{"element-6066-11e4-a52e-4f735466cecf":"f.06DF9BC5D4F2FE6DCE5AA073CBC21D39.d.45E92C44852F29CD18BC430FD8E15239.e.1749","ELEMENT":"f.06DF9BC5D4F2FE6DCE5AA073CBC21D39.d.45E92C44852F29CD18BC430FD8E15239.e.1749"}]}
COMMAND: GET /session/e1c9c002d5d3447acc7ed8721565bd54/element/f.06DF9BC5D4F2FE6DCE5AA073CBC21D39.d.45E92C44852F29CD18BC430FD8E15239.e.1749/enabled - {}
COMMAND: GET /session/e1c9c002d5d3447acc7ed8721565bd54/screenshot - {}
RESULT: {}
COMMAND: POST /session/e1c9c002d5d3447acc7ed8721565bd54/execute/sync - {"script":"<script> [8489 bytes]","args":[{"element-6066-11e4-a52e-4f735466cecf":"f.06DF9BC5D4F2FE6DCE5AA073CBC21D39.d.45E92C44852F29CD18BC430FD8E15239.e.1749","ELEMENT":"f.06DF9BC5D4F2FE6DCE5AA073CBC21D39.d.45E92C44852F29CD18BC430FD8E15239.e.1749"}]}
COMMAND: GET /session/e1c9c002d5d3447acc7ed8721565bd54/screenshot - {}
RESULT: {}
RESULT: {"script":"<script> [8489 bytes]","args":[{"element-6066-11e4-a52e-4f735466cecf":"f.06DF9BC5D4F2FE6DCE5AA073CBC21D39.d.45E92C44852F29CD18BC430FD8E15239.e.1749","ELEMENT":"f.06DF9BC5D4F2FE6DCE5AA073CBC21D39.d.45E92C44852F29CD18BC430FD8E15239.e.1749"}]}
COMMAND: POST /session/e1c9c002d5d3447acc7ed8721565bd54/execute/sync - {"script":"<script> [5351 bytes]","args":[{"element-6066-11e4-a52e-4f735466cecf":"f.06DF9BC5D4F2FE6DCE5AA073CBC21D39.d.45E92C44852F29CD18BC430FD8E15239.e.1749","ELEMENT":"f.06DF9BC5D4F2FE6DCE5AA073CBC21D39.d.45E92C44852F29CD18BC430FD8E15239.e.1749"}]}
COMMAND: GET /session/e1c9c002d5d3447acc7ed8721565bd54/screenshot - {}
RESULT: {}
RESULT: {"script":"<script> [5351 bytes]","args":[{"element-6066-11e4-a52e-4f735466cecf":"f.06DF9BC5D4F2FE6DCE5AA073CBC21D39.d.45E92C44852F29CD18BC430FD8E15239.e.1749","ELEMENT":"f.06DF9BC5D4F2FE6DCE5AA073CBC21D39.d.45E92C44852F29CD18BC430FD8E15239.e.1749"}]}
COMMAND: GET /session/e1c9c002d5d3447acc7ed8721565bd54/screenshot - {}
RESULT: {}
RESULT: {}
COMMAND: POST /session/e1c9c002d5d3447acc7ed8721565bd54/execute/async - {"script":"<script> [1562 bytes]","args":[{"selector":{"id":"application-managepartners-display-component---masterPtm--smartTable-btnPersonalisation-img"},"wdio_ui5_key":"applicationmanagepartners-display-component---masterPtm--smartTable-btnPersonalisation-img"}]}
RESULT: {"script":"<script> [1562 bytes]","args":[{"selector":{"id":"application-managepartners-display-component---masterPtm--smartTable-btnPersonalisation-img"},"wdio_ui5_key":"applicationmanagepartners-display-component---masterPtm--smartTable-btnPersonalisation-img"}]}
RESULT: undefined
COMMAND: POST /session/e1c9c002d5d3447acc7ed8721565bd54/element - {"using":"xpath","value":"//*[@id=\"application-managepartners-display-component---masterPtm--smartTable-btnPersonalisation-img\"]"}
RESULT: {"using":"xpath","value":"//*[@id=\"application-managepartners-display-component---masterPtm--smartTable-btnPersonalisation-img\"]"}
COMMAND: POST /session/e1c9c002d5d3447acc7ed8721565bd54/element/f.06DF9BC5D4F2FE6DCE5AA073CBC21D39.d.45E92C44852F29CD18BC430FD8E15239.e.1765/click - {}
RESULT: {}
COMMAND: GET /session/e1c9c002d5d3447acc7ed8721565bd54/screenshot - {}
RESULT: {}
COMMAND: POST /session/e1c9c002d5d3447acc7ed8721565bd54/execute/async - {"script":"<script> [1562 bytes]","args":[{"selector":{"controlType":"sap.m.IconTabFilter","viewName":"etm.portal.ui.managepartners.view.Master","viewId":"application-managepartners-display-component---masterPtm","properties":{"text":"Sort"},"searchOpenDialogs":true,"interaction":{"idSuffix":"text"}},"wdio_ui5_key":"etmportal.ui.managepartners.view.Mastersap.m.IconTabFilter{\"text\":\"Sort\"}"}]}
RESULT: {"script":"<script> [1562 bytes]","args":[{"selector":{"controlType":"sap.m.IconTabFilter","viewName":"etm.portal.ui.managepartners.view.Master","viewId":"application-managepartners-display-component---masterPtm","properties":{"text":"Sort"},"searchOpenDialogs":true,"interaction":{"idSuffix":"text"}},"wdio_ui5_key":"etmportal.ui.managepartners.view.Mastersap.m.IconTabFilter{\"text\":\"Sort\"}"}]}
RESULT: undefined
COMMAND: POST /session/e1c9c002d5d3447acc7ed8721565bd54/element - {"using":"xpath","value":"//*[@id=\"__filter1\"]"}
RESULT: {"using":"xpath","value":"//*[@id=\"__filter1\"]"}
COMMAND: POST /session/e1c9c002d5d3447acc7ed8721565bd54/element/f.06DF9BC5D4F2FE6DCE5AA073CBC21D39.d.45E92C44852F29CD18BC430FD8E15239.e.1905/click - {}
RESULT: {}
COMMAND: GET /session/e1c9c002d5d3447acc7ed8721565bd54/screenshot - {}
RESULT: {}
COMMAND: POST /session/e1c9c002d5d3447acc7ed8721565bd54/element - {"using":"xpath","value":"//input[@placeholder=\"Sort by\"]/following-sibling::div//span"}
RESULT: {"using":"xpath","value":"//input[@placeholder=\"Sort by\"]/following-sibling::div//span"}
COMMAND: POST /session/e1c9c002d5d3447acc7ed8721565bd54/element/f.06DF9BC5D4F2FE6DCE5AA073CBC21D39.d.45E92C44852F29CD18BC430FD8E15239.e.1907/click - {}
RESULT: {}
COMMAND: GET /session/e1c9c002d5d3447acc7ed8721565bd54/screenshot - {}
RESULT: {}
COMMAND: POST /session/e1c9c002d5d3447acc7ed8721565bd54/element - {"using":"xpath","value":"//li[.//span[text()=\"Language\"]]"}
RESULT: {"using":"xpath","value":"//li[.//span[text()=\"Language\"]]"}
COMMAND: POST /session/e1c9c002d5d3447acc7ed8721565bd54/element/f.06DF9BC5D4F2FE6DCE5AA073CBC21D39.d.45E92C44852F29CD18BC430FD8E15239.e.1908/click - {}
RESULT: {}
COMMAND: GET /session/e1c9c002d5d3447acc7ed8721565bd54/screenshot - {}
RESULT: {}
COMMAND: POST /session/e1c9c002d5d3447acc7ed8721565bd54/element - {"using":"xpath","value":"//bdi[contains(text(), \"OK\")]"}
RESULT: {"using":"xpath","value":"//bdi[contains(text(), \"OK\")]"}
COMMAND: POST /session/e1c9c002d5d3447acc7ed8721565bd54/element/f.06DF9BC5D4F2FE6DCE5AA073CBC21D39.d.45E92C44852F29CD18BC430FD8E15239.e.1912/click - {}
RESULT: {}
COMMAND: GET /session/e1c9c002d5d3447acc7ed8721565bd54/screenshot - {}
RESULT: {}
COMMAND: POST /session/e1c9c002d5d3447acc7ed8721565bd54/element - {"using":"xpath","value":"//table[contains(@id, \"customPartnersTable\")]//tbody/tr[1]/td[3]/span"}
RESULT: {"using":"xpath","value":"//table[contains(@id, \"customPartnersTable\")]//tbody/tr[1]/td[3]/span"}
COMMAND: POST /session/e1c9c002d5d3447acc7ed8721565bd54/execute/sync - {"script":"<script> [56 bytes]","args":[{"element-6066-11e4-a52e-4f735466cecf":"f.06DF9BC5D4F2FE6DCE5AA073CBC21D39.d.45E92C44852F29CD18BC430FD8E15239.e.2042","ELEMENT":"f.06DF9BC5D4F2FE6DCE5AA073CBC21D39.d.45E92C44852F29CD18BC430FD8E15239.e.2042"}]}
RESULT: {"script":"<script> [56 bytes]","args":[{"element-6066-11e4-a52e-4f735466cecf":"f.06DF9BC5D4F2FE6DCE5AA073CBC21D39.d.45E92C44852F29CD18BC430FD8E15239.e.2042","ELEMENT":"f.06DF9BC5D4F2FE6DCE5AA073CBC21D39.d.45E92C44852F29CD18BC430FD8E15239.e.2042"}]}
RESULT: undefined
COMMAND: POST /session/e1c9c002d5d3447acc7ed8721565bd54/element - {"using":"xpath","value":"//*[@id=\"application-managepartners-display-component---masterPtm--smartTable-btnPersonalisation-img\"]"}
COMMAND: GET /session/e1c9c002d5d3447acc7ed8721565bd54/screenshot - {}
RESULT: {"using":"xpath","value":"//*[@id=\"application-managepartners-display-component---masterPtm--smartTable-btnPersonalisation-img\"]"}
COMMAND: POST /session/e1c9c002d5d3447acc7ed8721565bd54/element/f.06DF9BC5D4F2FE6DCE5AA073CBC21D39.d.45E92C44852F29CD18BC430FD8E15239.e.1765/click - {}
RESULT: {}
RESULT: {}
COMMAND: GET /session/e1c9c002d5d3447acc7ed8721565bd54/screenshot - {}
RESULT: {}
COMMAND: POST /session/e1c9c002d5d3447acc7ed8721565bd54/element - {"using":"xpath","value":"//bdi[contains(text(), \"Reset\")]"}
RESULT: {"using":"xpath","value":"//bdi[contains(text(), \"Reset\")]"}
COMMAND: POST /session/e1c9c002d5d3447acc7ed8721565bd54/element/f.06DF9BC5D4F2FE6DCE5AA073CBC21D39.d.45E92C44852F29CD18BC430FD8E15239.e.2049/click - {}
RESULT: {}
COMMAND: GET /session/e1c9c002d5d3447acc7ed8721565bd54/screenshot - {}
RESULT: {}
COMMAND: POST /session/e1c9c002d5d3447acc7ed8721565bd54/element - {"using":"xpath","value":"(//bdi[contains(text(), \"OK\")])[2]"}
RESULT: {"using":"xpath","value":"(//bdi[contains(text(), \"OK\")])[2]"}
COMMAND: POST /session/e1c9c002d5d3447acc7ed8721565bd54/element/f.06DF9BC5D4F2FE6DCE5AA073CBC21D39.d.45E92C44852F29CD18BC430FD8E15239.e.2051/click - {}
RESULT: {}
COMMAND: GET /session/e1c9c002d5d3447acc7ed8721565bd54/screenshot - {}
RESULT: {}
COMMAND: POST /session/e1c9c002d5d3447acc7ed8721565bd54/element - {"using":"xpath","value":"//bdi[contains(text(), \"OK\")]"}
RESULT: {"using":"xpath","value":"//bdi[contains(text(), \"OK\")]"}
COMMAND: POST /session/e1c9c002d5d3447acc7ed8721565bd54/element/f.06DF9BC5D4F2FE6DCE5AA073CBC21D39.d.45E92C44852F29CD18BC430FD8E15239.e.2109/click - {}
RESULT: {}
COMMAND: GET /session/e1c9c002d5d3447acc7ed8721565bd54/screenshot - {}
RESULT: {}
COMMAND: POST /session/e1c9c002d5d3447acc7ed8721565bd54/element - {"using":"xpath","value":"//table[contains(@id, \"customPartnersTable\")]//tbody/tr[1]/td[3]/span"}
RESULT: {"using":"xpath","value":"//table[contains(@id, \"customPartnersTable\")]//tbody/tr[1]/td[3]/span"}
COMMAND: POST /session/e1c9c002d5d3447acc7ed8721565bd54/execute/sync - {"script":"<script> [56 bytes]","args":[{"element-6066-11e4-a52e-4f735466cecf":"f.06DF9BC5D4F2FE6DCE5AA073CBC21D39.d.45E92C44852F29CD18BC430FD8E15239.e.2111","ELEMENT":"f.06DF9BC5D4F2FE6DCE5AA073CBC21D39.d.45E92C44852F29CD18BC430FD8E15239.e.2111"}]}
RESULT: {"script":"<script> [56 bytes]","args":[{"element-6066-11e4-a52e-4f735466cecf":"f.06DF9BC5D4F2FE6DCE5AA073CBC21D39.d.45E92C44852F29CD18BC430FD8E15239.e.2111","ELEMENT":"f.06DF9BC5D4F2FE6DCE5AA073CBC21D39.d.45E92C44852F29CD18BC430FD8E15239.e.2111"}]}
RESULT: undefined
COMMAND: POST /session/e1c9c002d5d3447acc7ed8721565bd54/element - {"using":"xpath","value":"//*[@id=\"application-managepartners-display-component---masterPtm--smartTable-btnPersonalisation-img\"]"}
COMMAND: GET /session/e1c9c002d5d3447acc7ed8721565bd54/screenshot - {}
RESULT: {"using":"xpath","value":"//*[@id=\"application-managepartners-display-component---masterPtm--smartTable-btnPersonalisation-img\"]"}
COMMAND: POST /session/e1c9c002d5d3447acc7ed8721565bd54/element/f.06DF9BC5D4F2FE6DCE5AA073CBC21D39.d.45E92C44852F29CD18BC430FD8E15239.e.1765/click - {}
RESULT: {}
RESULT: {}
COMMAND: GET /session/e1c9c002d5d3447acc7ed8721565bd54/screenshot - {}
RESULT: {}
COMMAND: POST /session/e1c9c002d5d3447acc7ed8721565bd54/execute/async - {"script":"<script> [1562 bytes]","args":[{"selector":{"controlType":"sap.m.IconTabFilter","viewName":"etm.portal.ui.managepartners.view.Master","viewId":"application-managepartners-display-component---masterPtm","properties":{"text":"Filter"},"searchOpenDialogs":true,"interaction":{"idSuffix":"text"}},"wdio_ui5_key":"etmportal.ui.managepartners.view.Mastersap.m.IconTabFilter{\"text\":\"Filter\"}"}]}
RESULT: {"script":"<script> [1562 bytes]","args":[{"selector":{"controlType":"sap.m.IconTabFilter","viewName":"etm.portal.ui.managepartners.view.Master","viewId":"application-managepartners-display-component---masterPtm","properties":{"text":"Filter"},"searchOpenDialogs":true,"interaction":{"idSuffix":"text"}},"wdio_ui5_key":"etmportal.ui.managepartners.view.Mastersap.m.IconTabFilter{\"text\":\"Filter\"}"}]}
RESULT: undefined
COMMAND: POST /session/e1c9c002d5d3447acc7ed8721565bd54/element - {"using":"xpath","value":"//*[@id=\"__filter10\"]"}
RESULT: {"using":"xpath","value":"//*[@id=\"__filter10\"]"}
COMMAND: POST /session/e1c9c002d5d3447acc7ed8721565bd54/element/f.06DF9BC5D4F2FE6DCE5AA073CBC21D39.d.45E92C44852F29CD18BC430FD8E15239.e.2116/click - {}
RESULT: {}
COMMAND: GET /session/e1c9c002d5d3447acc7ed8721565bd54/screenshot - {}
RESULT: {}
COMMAND: POST /session/e1c9c002d5d3447acc7ed8721565bd54/element - {"using":"xpath","value":"//input[@placeholder=\"Filter by\"]/following-sibling::div//span"}
RESULT: {"using":"xpath","value":"//input[@placeholder=\"Filter by\"]/following-sibling::div//span"}
COMMAND: POST /session/e1c9c002d5d3447acc7ed8721565bd54/element/f.06DF9BC5D4F2FE6DCE5AA073CBC21D39.d.45E92C44852F29CD18BC430FD8E15239.e.2118/click - {}
RESULT: {}
COMMAND: GET /session/e1c9c002d5d3447acc7ed8721565bd54/screenshot - {}
RESULT: {}
COMMAND: POST /session/e1c9c002d5d3447acc7ed8721565bd54/element - {"using":"xpath","value":"//li[.//span[text()=\"Preferred Yard\"]]"}
RESULT: {"using":"xpath","value":"//li[.//span[text()=\"Preferred Yard\"]]"}
COMMAND: POST /session/e1c9c002d5d3447acc7ed8721565bd54/element/f.06DF9BC5D4F2FE6DCE5AA073CBC21D39.d.45E92C44852F29CD18BC430FD8E15239.e.2119/click - {}
RESULT: {}
COMMAND: GET /session/e1c9c002d5d3447acc7ed8721565bd54/screenshot - {}
RESULT: {}
COMMAND: POST /session/e1c9c002d5d3447acc7ed8721565bd54/execute/async - {"script":"<script> [1562 bytes]","args":[{"selector":{"id":"FilterPanel-filterItemControl_BASIC-application-managepartners-display-component---masterPtm--smartTable-YARDYARD-vhi","searchOpenDialogs":true},"wdio_ui5_key":"FilterPanelfilterItemControl_BASIC-application-managepartners-display-component---masterPtm--smartTable-YARDYARD-vhi"}]}
RESULT: {"script":"<script> [1562 bytes]","args":[{"selector":{"id":"FilterPanel-filterItemControl_BASIC-application-managepartners-display-component---masterPtm--smartTable-YARDYARD-vhi","searchOpenDialogs":true},"wdio_ui5_key":"FilterPanelfilterItemControl_BASIC-application-managepartners-display-component---masterPtm--smartTable-YARDYARD-vhi"}]}
RESULT: undefined
COMMAND: POST /session/e1c9c002d5d3447acc7ed8721565bd54/element - {"using":"xpath","value":"//*[@id=\"FilterPanel-filterItemControl_BASIC-application-managepartners-display-component---masterPtm--smartTable-YARDYARD-vhi\"]"}
RESULT: {"using":"xpath","value":"//*[@id=\"FilterPanel-filterItemControl_BASIC-application-managepartners-display-component---masterPtm--smartTable-YARDYARD-vhi\"]"}
COMMAND: POST /session/e1c9c002d5d3447acc7ed8721565bd54/element/f.06DF9BC5D4F2FE6DCE5AA073CBC21D39.d.45E92C44852F29CD18BC430FD8E15239.e.2122/click - {}
RESULT: {}
COMMAND: GET /session/e1c9c002d5d3447acc7ed8721565bd54/screenshot - {}
RESULT: {}
COMMAND: POST /session/e1c9c002d5d3447acc7ed8721565bd54/execute/async - {"script":"<script> [1562 bytes]","args":[{"selector":{"id":"FilterPanel-filterItemControl_BASIC-application-managepartners-display-component---masterPtm--smartTable-YARDYARD-valueHelpDialog-smartFilterBar-btnBasicSearch","searchOpenDialogs":true,"interaction":{"idSuffix":"I"}},"wdio_ui5_key":"FilterPanelfilterItemControl_BASIC-application-managepartners-display-component---masterPtm--smartTable-YARDYARD-valueHelpDialog-smartFilterBar-btnBasicSearch"}]}
RESULT: {"script":"<script> [1562 bytes]","args":[{"selector":{"id":"FilterPanel-filterItemControl_BASIC-application-managepartners-display-component---masterPtm--smartTable-YARDYARD-valueHelpDialog-smartFilterBar-btnBasicSearch","searchOpenDialogs":true,"interaction":{"idSuffix":"I"}},"wdio_ui5_key":"FilterPanelfilterItemControl_BASIC-application-managepartners-display-component---masterPtm--smartTable-YARDYARD-valueHelpDialog-smartFilterBar-btnBasicSearch"}]}
RESULT: undefined
COMMAND: POST /session/e1c9c002d5d3447acc7ed8721565bd54/execute/async - {"script":"<script> [776 bytes]","args":[{"enterText":"618","selector":{"id":"FilterPanel-filterItemControl_BASIC-application-managepartners-display-component---masterPtm--smartTable-YARDYARD-valueHelpDialog-smartFilterBar-btnBasicSearch","searchOpenDialogs":true,"interaction":{"idSuffix":"I"}},"clearTextFirst":true,"interactionType":"ENTER_TEXT"}]}
RESULT: {"script":"<script> [776 bytes]","args":[{"enterText":"618","selector":{"id":"FilterPanel-filterItemControl_BASIC-application-managepartners-display-component---masterPtm--smartTable-YARDYARD-valueHelpDialog-smartFilterBar-btnBasicSearch","searchOpenDialogs":true,"interaction":{"idSuffix":"I"}},"clearTextFirst":true,"interactionType":"ENTER_TEXT"}]}
COMMAND: POST /session/e1c9c002d5d3447acc7ed8721565bd54/actions - {"actions":[{"id":"action3","type":"key","parameters":{},"actions":[{"type":"keyDown","value":""},{"type":"pause","duration":10},{"type":"keyUp","value":""}]}]}
RESULT: {"actions":[{"id":"action3","type":"key","parameters":{},"actions":[{"type":"keyDown","value":""},{"type":"pause","duration":10},{"type":"keyUp","value":""}]}]}
COMMAND: GET /session/e1c9c002d5d3447acc7ed8721565bd54/screenshot - {}
RESULT: {}
COMMAND: POST /session/e1c9c002d5d3447acc7ed8721565bd54/elements - {"using":"xpath","value":"//table[contains(@id, \"smartTable-YARDYARD-valueHelpDialog-table-table\")]/tbody/tr"}
RESULT: {"using":"xpath","value":"//table[contains(@id, \"smartTable-YARDYARD-valueHelpDialog-table-table\")]/tbody/tr"}
COMMAND: POST /session/e1c9c002d5d3447acc7ed8721565bd54/element - {"using":"xpath","value":"//table[contains(@id, \"smartTable-YARDYARD-valueHelpDialog-table-table\")]/tbody/tr[1]/td[1]/div/span"}
RESULT: {"using":"xpath","value":"//table[contains(@id, \"smartTable-YARDYARD-valueHelpDialog-table-table\")]/tbody/tr[1]/td[1]/div/span"}
COMMAND: POST /session/e1c9c002d5d3447acc7ed8721565bd54/elements - {"using":"xpath","value":"//table[contains(@id, \"smartTable-YARDYARD-valueHelpDialog-table-table\")]/tbody/tr[1]/td[1]/div/span"}
RESULT: {"using":"xpath","value":"//table[contains(@id, \"smartTable-YARDYARD-valueHelpDialog-table-table\")]/tbody/tr[1]/td[1]/div/span"}
COMMAND: POST /session/e1c9c002d5d3447acc7ed8721565bd54/execute/sync - {"script":"<script> [56 bytes]","args":[{"element-6066-11e4-a52e-4f735466cecf":"f.06DF9BC5D4F2FE6DCE5AA073CBC21D39.d.45E92C44852F29CD18BC430FD8E15239.e.2141","ELEMENT":"f.06DF9BC5D4F2FE6DCE5AA073CBC21D39.d.45E92C44852F29CD18BC430FD8E15239.e.2141"}]}
RESULT: {"script":"<script> [56 bytes]","args":[{"element-6066-11e4-a52e-4f735466cecf":"f.06DF9BC5D4F2FE6DCE5AA073CBC21D39.d.45E92C44852F29CD18BC430FD8E15239.e.2141","ELEMENT":"f.06DF9BC5D4F2FE6DCE5AA073CBC21D39.d.45E92C44852F29CD18BC430FD8E15239.e.2141"}]}
COMMAND: POST /session/e1c9c002d5d3447acc7ed8721565bd54/element - {"using":"xpath","value":"//div[contains(@id, \"YARDYARD-valueHelpDialog-table-rowsel0\")]"}
COMMAND: GET /session/e1c9c002d5d3447acc7ed8721565bd54/screenshot - {}
RESULT: {"using":"xpath","value":"//div[contains(@id, \"YARDYARD-valueHelpDialog-table-rowsel0\")]"}
COMMAND: POST /session/e1c9c002d5d3447acc7ed8721565bd54/element/f.06DF9BC5D4F2FE6DCE5AA073CBC21D39.d.45E92C44852F29CD18BC430FD8E15239.e.2142/click - {}
RESULT: {}
RESULT: {}
COMMAND: GET /session/e1c9c002d5d3447acc7ed8721565bd54/screenshot - {}
RESULT: {}
COMMAND: POST /session/e1c9c002d5d3447acc7ed8721565bd54/element - {"using":"xpath","value":"(//bdi[contains(text(), \"OK\")])[2]"}
RESULT: {"using":"xpath","value":"(//bdi[contains(text(), \"OK\")])[2]"}
COMMAND: POST /session/e1c9c002d5d3447acc7ed8721565bd54/element/f.06DF9BC5D4F2FE6DCE5AA073CBC21D39.d.45E92C44852F29CD18BC430FD8E15239.e.2144/click - {}
RESULT: {}
COMMAND: GET /session/e1c9c002d5d3447acc7ed8721565bd54/screenshot - {}
RESULT: {}
COMMAND: POST /session/e1c9c002d5d3447acc7ed8721565bd54/element - {"using":"xpath","value":"//bdi[contains(text(), \"OK\")]"}
RESULT: {"using":"xpath","value":"//bdi[contains(text(), \"OK\")]"}
COMMAND: POST /session/e1c9c002d5d3447acc7ed8721565bd54/element/f.06DF9BC5D4F2FE6DCE5AA073CBC21D39.d.45E92C44852F29CD18BC430FD8E15239.e.2147/click - {}
RESULT: {}
COMMAND: GET /session/e1c9c002d5d3447acc7ed8721565bd54/screenshot - {}
RESULT: {}
COMMAND: POST /session/e1c9c002d5d3447acc7ed8721565bd54/element - {"using":"xpath","value":"//table[contains(@id, \"customPartnersTable\")]//tbody/tr[1]/td[3]/span"}
RESULT: {"using":"xpath","value":"//table[contains(@id, \"customPartnersTable\")]//tbody/tr[1]/td[3]/span"}
COMMAND: POST /session/e1c9c002d5d3447acc7ed8721565bd54/execute/sync - {"script":"<script> [56 bytes]","args":[{"element-6066-11e4-a52e-4f735466cecf":"f.06DF9BC5D4F2FE6DCE5AA073CBC21D39.d.45E92C44852F29CD18BC430FD8E15239.e.2111","ELEMENT":"f.06DF9BC5D4F2FE6DCE5AA073CBC21D39.d.45E92C44852F29CD18BC430FD8E15239.e.2111"}]}
RESULT: {"script":"<script> [56 bytes]","args":[{"element-6066-11e4-a52e-4f735466cecf":"f.06DF9BC5D4F2FE6DCE5AA073CBC21D39.d.45E92C44852F29CD18BC430FD8E15239.e.2111","ELEMENT":"f.06DF9BC5D4F2FE6DCE5AA073CBC21D39.d.45E92C44852F29CD18BC430FD8E15239.e.2111"}]}
COMMAND: POST /session/e1c9c002d5d3447acc7ed8721565bd54/element - {"using":"css selector","value":"#shell-header-logo"}
COMMAND: GET /session/e1c9c002d5d3447acc7ed8721565bd54/screenshot - {}
RESULT: {"using":"css selector","value":"#shell-header-logo"}
COMMAND: POST /session/e1c9c002d5d3447acc7ed8721565bd54/element/f.06DF9BC5D4F2FE6DCE5AA073CBC21D39.d.45E92C44852F29CD18BC430FD8E15239.e.1715/click - {}
RESULT: {}
RESULT: {}
COMMAND: GET /session/e1c9c002d5d3447acc7ed8721565bd54/screenshot - {}
RESULT: {}
]]></system-out>
    </testcase>
    <testcase classname="chrome.135_0_7049_42.windows.Partner_specific_tests_US150819_US151080_US151654_US151176_US103444_US151078_US151079_US151109_US151174_US151175_US151189" name="Should deactivate the created partner in earlier step US151654" time="55.819">
      <system-out><![CDATA[
COMMAND: POST /session/e1c9c002d5d3447acc7ed8721565bd54/element - {"using":"xpath","value":"//li[.//span[text()=\"Manage Partners\"]]"}
RESULT: {"using":"xpath","value":"//li[.//span[text()=\"Manage Partners\"]]"}
COMMAND: POST /session/e1c9c002d5d3447acc7ed8721565bd54/element - {"using":"xpath","value":"//li[.//span[text()=\"Manage Partners\"]]"}
RESULT: {"using":"xpath","value":"//li[.//span[text()=\"Manage Partners\"]]"}
COMMAND: POST /session/e1c9c002d5d3447acc7ed8721565bd54/element - {"using":"css selector","value":"#shell-header-logo"}
RESULT: {"using":"css selector","value":"#shell-header-logo"}
COMMAND: POST /session/e1c9c002d5d3447acc7ed8721565bd54/element/f.06DF9BC5D4F2FE6DCE5AA073CBC21D39.d.45E92C44852F29CD18BC430FD8E15239.e.2197/click - {}
COMMAND: POST /session/e1c9c002d5d3447acc7ed8721565bd54/execute/sync - {"script":"<script> [8489 bytes]","args":[{"element-6066-11e4-a52e-4f735466cecf":"f.06DF9BC5D4F2FE6DCE5AA073CBC21D39.d.45E92C44852F29CD18BC430FD8E15239.e.2197","ELEMENT":"f.06DF9BC5D4F2FE6DCE5AA073CBC21D39.d.45E92C44852F29CD18BC430FD8E15239.e.2197"}]}
RESULT: {}
COMMAND: GET /session/e1c9c002d5d3447acc7ed8721565bd54/screenshot - {}
RESULT: {"script":"<script> [8489 bytes]","args":[{"element-6066-11e4-a52e-4f735466cecf":"f.06DF9BC5D4F2FE6DCE5AA073CBC21D39.d.45E92C44852F29CD18BC430FD8E15239.e.2197","ELEMENT":"f.06DF9BC5D4F2FE6DCE5AA073CBC21D39.d.45E92C44852F29CD18BC430FD8E15239.e.2197"}]}
COMMAND: POST /session/e1c9c002d5d3447acc7ed8721565bd54/execute/sync - {"script":"<script> [5351 bytes]","args":[{"element-6066-11e4-a52e-4f735466cecf":"f.06DF9BC5D4F2FE6DCE5AA073CBC21D39.d.45E92C44852F29CD18BC430FD8E15239.e.2197","ELEMENT":"f.06DF9BC5D4F2FE6DCE5AA073CBC21D39.d.45E92C44852F29CD18BC430FD8E15239.e.2197"}]}
COMMAND: GET /session/e1c9c002d5d3447acc7ed8721565bd54/screenshot - {}
RESULT: {}
RESULT: {"script":"<script> [5351 bytes]","args":[{"element-6066-11e4-a52e-4f735466cecf":"f.06DF9BC5D4F2FE6DCE5AA073CBC21D39.d.45E92C44852F29CD18BC430FD8E15239.e.2197","ELEMENT":"f.06DF9BC5D4F2FE6DCE5AA073CBC21D39.d.45E92C44852F29CD18BC430FD8E15239.e.2197"}]}
COMMAND: GET /session/e1c9c002d5d3447acc7ed8721565bd54/screenshot - {}
RESULT: {}
RESULT: {}
RESULT: undefined
COMMAND: POST /session/e1c9c002d5d3447acc7ed8721565bd54/element - {"using":"xpath","value":"//*[@id=\"__tile38\"]"}
RESULT: {"using":"xpath","value":"//*[@id=\"__tile38\"]"}
COMMAND: POST /session/e1c9c002d5d3447acc7ed8721565bd54/element/f.06DF9BC5D4F2FE6DCE5AA073CBC21D39.d.45E92C44852F29CD18BC430FD8E15239.e.156/click - {}
RESULT: {}
COMMAND: POST /session/e1c9c002d5d3447acc7ed8721565bd54/element - {"using":"xpath","value":"//button[@data-kt=\"addButton\"]"}
COMMAND: GET /session/e1c9c002d5d3447acc7ed8721565bd54/screenshot - {}
RESULT: {"using":"xpath","value":"//button[@data-kt=\"addButton\"]"}
COMMAND: POST /session/e1c9c002d5d3447acc7ed8721565bd54/elements - {"using":"xpath","value":"//button[@data-kt=\"addButton\"]"}
RESULT: {}
RESULT: {"using":"xpath","value":"//button[@data-kt=\"addButton\"]"}
COMMAND: POST /session/e1c9c002d5d3447acc7ed8721565bd54/element - {"using":"xpath","value":"//button[@data-kt=\"addButton\"]"}
RESULT: {"using":"xpath","value":"//button[@data-kt=\"addButton\"]"}
COMMAND: POST /session/e1c9c002d5d3447acc7ed8721565bd54/execute/sync - {"script":"<script> [8489 bytes]","args":[{"element-6066-11e4-a52e-4f735466cecf":"f.06DF9BC5D4F2FE6DCE5AA073CBC21D39.d.45E92C44852F29CD18BC430FD8E15239.e.2232","ELEMENT":"f.06DF9BC5D4F2FE6DCE5AA073CBC21D39.d.45E92C44852F29CD18BC430FD8E15239.e.2232"}]}
RESULT: {"script":"<script> [8489 bytes]","args":[{"element-6066-11e4-a52e-4f735466cecf":"f.06DF9BC5D4F2FE6DCE5AA073CBC21D39.d.45E92C44852F29CD18BC430FD8E15239.e.2232","ELEMENT":"f.06DF9BC5D4F2FE6DCE5AA073CBC21D39.d.45E92C44852F29CD18BC430FD8E15239.e.2232"}]}
COMMAND: GET /session/e1c9c002d5d3447acc7ed8721565bd54/element/f.06DF9BC5D4F2FE6DCE5AA073CBC21D39.d.45E92C44852F29CD18BC430FD8E15239.e.2232/enabled - {}
COMMAND: GET /session/e1c9c002d5d3447acc7ed8721565bd54/screenshot - {}
RESULT: {}
COMMAND: POST /session/e1c9c002d5d3447acc7ed8721565bd54/execute/sync - {"script":"<script> [8489 bytes]","args":[{"element-6066-11e4-a52e-4f735466cecf":"f.06DF9BC5D4F2FE6DCE5AA073CBC21D39.d.45E92C44852F29CD18BC430FD8E15239.e.2232","ELEMENT":"f.06DF9BC5D4F2FE6DCE5AA073CBC21D39.d.45E92C44852F29CD18BC430FD8E15239.e.2232"}]}
COMMAND: GET /session/e1c9c002d5d3447acc7ed8721565bd54/screenshot - {}
RESULT: {}
RESULT: {}
RESULT: {"script":"<script> [8489 bytes]","args":[{"element-6066-11e4-a52e-4f735466cecf":"f.06DF9BC5D4F2FE6DCE5AA073CBC21D39.d.45E92C44852F29CD18BC430FD8E15239.e.2232","ELEMENT":"f.06DF9BC5D4F2FE6DCE5AA073CBC21D39.d.45E92C44852F29CD18BC430FD8E15239.e.2232"}]}
COMMAND: POST /session/e1c9c002d5d3447acc7ed8721565bd54/execute/sync - {"script":"<script> [5351 bytes]","args":[{"element-6066-11e4-a52e-4f735466cecf":"f.06DF9BC5D4F2FE6DCE5AA073CBC21D39.d.45E92C44852F29CD18BC430FD8E15239.e.2232","ELEMENT":"f.06DF9BC5D4F2FE6DCE5AA073CBC21D39.d.45E92C44852F29CD18BC430FD8E15239.e.2232"}]}
COMMAND: GET /session/e1c9c002d5d3447acc7ed8721565bd54/screenshot - {}
RESULT: {"script":"<script> [5351 bytes]","args":[{"element-6066-11e4-a52e-4f735466cecf":"f.06DF9BC5D4F2FE6DCE5AA073CBC21D39.d.45E92C44852F29CD18BC430FD8E15239.e.2232","ELEMENT":"f.06DF9BC5D4F2FE6DCE5AA073CBC21D39.d.45E92C44852F29CD18BC430FD8E15239.e.2232"}]}
COMMAND: GET /session/e1c9c002d5d3447acc7ed8721565bd54/screenshot - {}
RESULT: {}
RESULT: {}
COMMAND: POST /session/e1c9c002d5d3447acc7ed8721565bd54/execute/async - {"script":"<script> [1562 bytes]","args":[{"selector":{"id":"application-managepartners-display-component---masterPtm--smartFilterBar-btnBasicSearch","interaction":{"idSuffix":"I"}},"wdio_ui5_key":"applicationmanagepartners-display-component---masterPtm--smartFilterBar-btnBasicSearch"}]}
RESULT: {"script":"<script> [1562 bytes]","args":[{"selector":{"id":"application-managepartners-display-component---masterPtm--smartFilterBar-btnBasicSearch","interaction":{"idSuffix":"I"}},"wdio_ui5_key":"applicationmanagepartners-display-component---masterPtm--smartFilterBar-btnBasicSearch"}]}
RESULT: undefined
COMMAND: POST /session/e1c9c002d5d3447acc7ed8721565bd54/execute/async - {"script":"<script> [776 bytes]","args":[{"enterText":"1474","selector":{"id":"application-managepartners-display-component---masterPtm--smartFilterBar-btnBasicSearch","interaction":{"idSuffix":"I"}},"clearTextFirst":true,"interactionType":"ENTER_TEXT"}]}
RESULT: {"script":"<script> [776 bytes]","args":[{"enterText":"1474","selector":{"id":"application-managepartners-display-component---masterPtm--smartFilterBar-btnBasicSearch","interaction":{"idSuffix":"I"}},"clearTextFirst":true,"interactionType":"ENTER_TEXT"}]}
COMMAND: POST /session/e1c9c002d5d3447acc7ed8721565bd54/actions - {"actions":[{"id":"action4","type":"key","parameters":{},"actions":[{"type":"keyDown","value":""},{"type":"pause","duration":10},{"type":"keyUp","value":""}]}]}
RESULT: {"actions":[{"id":"action4","type":"key","parameters":{},"actions":[{"type":"keyDown","value":""},{"type":"pause","duration":10},{"type":"keyUp","value":""}]}]}
COMMAND: GET /session/e1c9c002d5d3447acc7ed8721565bd54/screenshot - {}
RESULT: {}
COMMAND: POST /session/e1c9c002d5d3447acc7ed8721565bd54/elements - {"using":"xpath","value":"//table[contains(@id, \"customPartnersTable-listUl\")]/tbody/tr"}
RESULT: {"using":"xpath","value":"//table[contains(@id, \"customPartnersTable-listUl\")]/tbody/tr"}
COMMAND: POST /session/e1c9c002d5d3447acc7ed8721565bd54/element - {"using":"xpath","value":"//table[contains(@id, \"customPartnersTable-listUl\")]/tbody/tr[1]/td[3]/span"}
RESULT: {"using":"xpath","value":"//table[contains(@id, \"customPartnersTable-listUl\")]/tbody/tr[1]/td[3]/span"}
COMMAND: POST /session/e1c9c002d5d3447acc7ed8721565bd54/elements - {"using":"xpath","value":"//table[contains(@id, \"customPartnersTable-listUl\")]/tbody/tr[1]/td[3]/span"}
RESULT: {"using":"xpath","value":"//table[contains(@id, \"customPartnersTable-listUl\")]/tbody/tr[1]/td[3]/span"}
COMMAND: POST /session/e1c9c002d5d3447acc7ed8721565bd54/execute/sync - {"script":"<script> [56 bytes]","args":[{"element-6066-11e4-a52e-4f735466cecf":"f.06DF9BC5D4F2FE6DCE5AA073CBC21D39.d.45E92C44852F29CD18BC430FD8E15239.e.2382","ELEMENT":"f.06DF9BC5D4F2FE6DCE5AA073CBC21D39.d.45E92C44852F29CD18BC430FD8E15239.e.2382"}]}
RESULT: {"script":"<script> [56 bytes]","args":[{"element-6066-11e4-a52e-4f735466cecf":"f.06DF9BC5D4F2FE6DCE5AA073CBC21D39.d.45E92C44852F29CD18BC430FD8E15239.e.2382","ELEMENT":"f.06DF9BC5D4F2FE6DCE5AA073CBC21D39.d.45E92C44852F29CD18BC430FD8E15239.e.2382"}]}
COMMAND: POST /session/e1c9c002d5d3447acc7ed8721565bd54/element - {"using":"xpath","value":"//table[contains(@id, \"customPartnersTable-listUl\")]/tbody/tr[1]/td[7]/div/span"}
COMMAND: GET /session/e1c9c002d5d3447acc7ed8721565bd54/screenshot - {}
RESULT: {"using":"xpath","value":"//table[contains(@id, \"customPartnersTable-listUl\")]/tbody/tr[1]/td[7]/div/span"}
COMMAND: POST /session/e1c9c002d5d3447acc7ed8721565bd54/execute/sync - {"script":"<script> [56 bytes]","args":[{"element-6066-11e4-a52e-4f735466cecf":"f.06DF9BC5D4F2FE6DCE5AA073CBC21D39.d.45E92C44852F29CD18BC430FD8E15239.e.2383","ELEMENT":"f.06DF9BC5D4F2FE6DCE5AA073CBC21D39.d.45E92C44852F29CD18BC430FD8E15239.e.2383"}]}
RESULT: {}
RESULT: {"script":"<script> [56 bytes]","args":[{"element-6066-11e4-a52e-4f735466cecf":"f.06DF9BC5D4F2FE6DCE5AA073CBC21D39.d.45E92C44852F29CD18BC430FD8E15239.e.2383","ELEMENT":"f.06DF9BC5D4F2FE6DCE5AA073CBC21D39.d.45E92C44852F29CD18BC430FD8E15239.e.2383"}]}
COMMAND: POST /session/e1c9c002d5d3447acc7ed8721565bd54/element - {"using":"xpath","value":"//table[contains(@id, \"customPartnersTable-listUl\")]/tbody/tr[1]/td[2]/div/div"}
COMMAND: GET /session/e1c9c002d5d3447acc7ed8721565bd54/screenshot - {}
RESULT: {"using":"xpath","value":"//table[contains(@id, \"customPartnersTable-listUl\")]/tbody/tr[1]/td[2]/div/div"}
COMMAND: POST /session/e1c9c002d5d3447acc7ed8721565bd54/element/f.06DF9BC5D4F2FE6DCE5AA073CBC21D39.d.45E92C44852F29CD18BC430FD8E15239.e.2384/click - {}
RESULT: {}
RESULT: {}
COMMAND: GET /session/e1c9c002d5d3447acc7ed8721565bd54/screenshot - {}
RESULT: {}
COMMAND: POST /session/e1c9c002d5d3447acc7ed8721565bd54/element - {"using":"xpath","value":"//bdi[contains(text(), \"Deactivate\")]"}
RESULT: {"using":"xpath","value":"//bdi[contains(text(), \"Deactivate\")]"}
COMMAND: POST /session/e1c9c002d5d3447acc7ed8721565bd54/element/f.06DF9BC5D4F2FE6DCE5AA073CBC21D39.d.45E92C44852F29CD18BC430FD8E15239.e.2385/click - {}
RESULT: {}
COMMAND: GET /session/e1c9c002d5d3447acc7ed8721565bd54/screenshot - {}
RESULT: {}
COMMAND: POST /session/e1c9c002d5d3447acc7ed8721565bd54/element - {"using":"xpath","value":"//bdi[contains(text(), \"Yes\")]"}
RESULT: {"using":"xpath","value":"//bdi[contains(text(), \"Yes\")]"}
COMMAND: POST /session/e1c9c002d5d3447acc7ed8721565bd54/element/f.06DF9BC5D4F2FE6DCE5AA073CBC21D39.d.45E92C44852F29CD18BC430FD8E15239.e.2387/click - {}
RESULT: {}
COMMAND: GET /session/e1c9c002d5d3447acc7ed8721565bd54/screenshot - {}
RESULT: {}
COMMAND: POST /session/e1c9c002d5d3447acc7ed8721565bd54/element - {"using":"xpath","value":"//table[contains(@id, \"customPartnersTable-listUl\")]/tbody/tr[1]/td[7]/div/span"}
RESULT: {"using":"xpath","value":"//table[contains(@id, \"customPartnersTable-listUl\")]/tbody/tr[1]/td[7]/div/span"}
COMMAND: POST /session/e1c9c002d5d3447acc7ed8721565bd54/execute/sync - {"script":"<script> [56 bytes]","args":[{"element-6066-11e4-a52e-4f735466cecf":"f.06DF9BC5D4F2FE6DCE5AA073CBC21D39.d.45E92C44852F29CD18BC430FD8E15239.e.2383","ELEMENT":"f.06DF9BC5D4F2FE6DCE5AA073CBC21D39.d.45E92C44852F29CD18BC430FD8E15239.e.2383"}]}
RESULT: {"script":"<script> [56 bytes]","args":[{"element-6066-11e4-a52e-4f735466cecf":"f.06DF9BC5D4F2FE6DCE5AA073CBC21D39.d.45E92C44852F29CD18BC430FD8E15239.e.2383","ELEMENT":"f.06DF9BC5D4F2FE6DCE5AA073CBC21D39.d.45E92C44852F29CD18BC430FD8E15239.e.2383"}]}
COMMAND: GET /session/e1c9c002d5d3447acc7ed8721565bd54/screenshot - {}
RESULT: {}
COMMAND: POST /session/e1c9c002d5d3447acc7ed8721565bd54/element - {"using":"css selector","value":"#shell-header-logo"}
RESULT: {"using":"css selector","value":"#shell-header-logo"}
COMMAND: POST /session/e1c9c002d5d3447acc7ed8721565bd54/element/f.06DF9BC5D4F2FE6DCE5AA073CBC21D39.d.45E92C44852F29CD18BC430FD8E15239.e.2197/click - {}
RESULT: {}
COMMAND: GET /session/e1c9c002d5d3447acc7ed8721565bd54/screenshot - {}
RESULT: {}
]]></system-out>
    </testcase>
    <testcase classname="chrome.135_0_7049_42.windows.Partner_specific_tests_US150819_US151080_US151654_US151176_US103444_US151078_US151079_US151109_US151174_US151175_US151189" name="Should activate the created partner again US151176" time="54.52">
      <system-out><![CDATA[
COMMAND: POST /session/e1c9c002d5d3447acc7ed8721565bd54/element - {"using":"xpath","value":"//li[.//span[text()=\"Manage Partners\"]]"}
RESULT: {"using":"xpath","value":"//li[.//span[text()=\"Manage Partners\"]]"}
COMMAND: POST /session/e1c9c002d5d3447acc7ed8721565bd54/element - {"using":"xpath","value":"//li[.//span[text()=\"Manage Partners\"]]"}
RESULT: {"using":"xpath","value":"//li[.//span[text()=\"Manage Partners\"]]"}
COMMAND: POST /session/e1c9c002d5d3447acc7ed8721565bd54/element - {"using":"css selector","value":"#shell-header-logo"}
RESULT: {"using":"css selector","value":"#shell-header-logo"}
COMMAND: POST /session/e1c9c002d5d3447acc7ed8721565bd54/element/f.06DF9BC5D4F2FE6DCE5AA073CBC21D39.d.45E92C44852F29CD18BC430FD8E15239.e.2391/click - {}
COMMAND: POST /session/e1c9c002d5d3447acc7ed8721565bd54/execute/sync - {"script":"<script> [8489 bytes]","args":[{"element-6066-11e4-a52e-4f735466cecf":"f.06DF9BC5D4F2FE6DCE5AA073CBC21D39.d.45E92C44852F29CD18BC430FD8E15239.e.2391","ELEMENT":"f.06DF9BC5D4F2FE6DCE5AA073CBC21D39.d.45E92C44852F29CD18BC430FD8E15239.e.2391"}]}
RESULT: {"script":"<script> [8489 bytes]","args":[{"element-6066-11e4-a52e-4f735466cecf":"f.06DF9BC5D4F2FE6DCE5AA073CBC21D39.d.45E92C44852F29CD18BC430FD8E15239.e.2391","ELEMENT":"f.06DF9BC5D4F2FE6DCE5AA073CBC21D39.d.45E92C44852F29CD18BC430FD8E15239.e.2391"}]}
COMMAND: POST /session/e1c9c002d5d3447acc7ed8721565bd54/execute/sync - {"script":"<script> [5351 bytes]","args":[{"element-6066-11e4-a52e-4f735466cecf":"f.06DF9BC5D4F2FE6DCE5AA073CBC21D39.d.45E92C44852F29CD18BC430FD8E15239.e.2391","ELEMENT":"f.06DF9BC5D4F2FE6DCE5AA073CBC21D39.d.45E92C44852F29CD18BC430FD8E15239.e.2391"}]}
COMMAND: GET /session/e1c9c002d5d3447acc7ed8721565bd54/screenshot - {}
RESULT: {}
COMMAND: GET /session/e1c9c002d5d3447acc7ed8721565bd54/screenshot - {}
RESULT: {"script":"<script> [5351 bytes]","args":[{"element-6066-11e4-a52e-4f735466cecf":"f.06DF9BC5D4F2FE6DCE5AA073CBC21D39.d.45E92C44852F29CD18BC430FD8E15239.e.2391","ELEMENT":"f.06DF9BC5D4F2FE6DCE5AA073CBC21D39.d.45E92C44852F29CD18BC430FD8E15239.e.2391"}]}
COMMAND: GET /session/e1c9c002d5d3447acc7ed8721565bd54/screenshot - {}
RESULT: {}
RESULT: {}
RESULT: {}
RESULT: undefined
COMMAND: POST /session/e1c9c002d5d3447acc7ed8721565bd54/element - {"using":"xpath","value":"//*[@id=\"__tile38\"]"}
RESULT: {"using":"xpath","value":"//*[@id=\"__tile38\"]"}
COMMAND: POST /session/e1c9c002d5d3447acc7ed8721565bd54/element/f.06DF9BC5D4F2FE6DCE5AA073CBC21D39.d.45E92C44852F29CD18BC430FD8E15239.e.156/click - {}
RESULT: {}
COMMAND: POST /session/e1c9c002d5d3447acc7ed8721565bd54/element - {"using":"xpath","value":"//button[@data-kt=\"addButton\"]"}
COMMAND: GET /session/e1c9c002d5d3447acc7ed8721565bd54/screenshot - {}
RESULT: {"using":"xpath","value":"//button[@data-kt=\"addButton\"]"}
COMMAND: POST /session/e1c9c002d5d3447acc7ed8721565bd54/elements - {"using":"xpath","value":"//button[@data-kt=\"addButton\"]"}
RESULT: {}
RESULT: {"using":"xpath","value":"//button[@data-kt=\"addButton\"]"}
COMMAND: POST /session/e1c9c002d5d3447acc7ed8721565bd54/elements - {"using":"xpath","value":"//button[@data-kt=\"addButton\"]"}
RESULT: {"using":"xpath","value":"//button[@data-kt=\"addButton\"]"}
COMMAND: POST /session/e1c9c002d5d3447acc7ed8721565bd54/element - {"using":"xpath","value":"//button[@data-kt=\"addButton\"]"}
RESULT: {"using":"xpath","value":"//button[@data-kt=\"addButton\"]"}
COMMAND: POST /session/e1c9c002d5d3447acc7ed8721565bd54/execute/sync - {"script":"<script> [8489 bytes]","args":[{"element-6066-11e4-a52e-4f735466cecf":"f.06DF9BC5D4F2FE6DCE5AA073CBC21D39.d.45E92C44852F29CD18BC430FD8E15239.e.2437","ELEMENT":"f.06DF9BC5D4F2FE6DCE5AA073CBC21D39.d.45E92C44852F29CD18BC430FD8E15239.e.2437"}]}
RESULT: {"script":"<script> [8489 bytes]","args":[{"element-6066-11e4-a52e-4f735466cecf":"f.06DF9BC5D4F2FE6DCE5AA073CBC21D39.d.45E92C44852F29CD18BC430FD8E15239.e.2437","ELEMENT":"f.06DF9BC5D4F2FE6DCE5AA073CBC21D39.d.45E92C44852F29CD18BC430FD8E15239.e.2437"}]}
COMMAND: GET /session/e1c9c002d5d3447acc7ed8721565bd54/element/f.06DF9BC5D4F2FE6DCE5AA073CBC21D39.d.45E92C44852F29CD18BC430FD8E15239.e.2437/enabled - {}
COMMAND: GET /session/e1c9c002d5d3447acc7ed8721565bd54/screenshot - {}
RESULT: {}
COMMAND: POST /session/e1c9c002d5d3447acc7ed8721565bd54/execute/sync - {"script":"<script> [8489 bytes]","args":[{"element-6066-11e4-a52e-4f735466cecf":"f.06DF9BC5D4F2FE6DCE5AA073CBC21D39.d.45E92C44852F29CD18BC430FD8E15239.e.2437","ELEMENT":"f.06DF9BC5D4F2FE6DCE5AA073CBC21D39.d.45E92C44852F29CD18BC430FD8E15239.e.2437"}]}
COMMAND: GET /session/e1c9c002d5d3447acc7ed8721565bd54/screenshot - {}
RESULT: {}
RESULT: {"script":"<script> [8489 bytes]","args":[{"element-6066-11e4-a52e-4f735466cecf":"f.06DF9BC5D4F2FE6DCE5AA073CBC21D39.d.45E92C44852F29CD18BC430FD8E15239.e.2437","ELEMENT":"f.06DF9BC5D4F2FE6DCE5AA073CBC21D39.d.45E92C44852F29CD18BC430FD8E15239.e.2437"}]}
COMMAND: POST /session/e1c9c002d5d3447acc7ed8721565bd54/execute/sync - {"script":"<script> [5351 bytes]","args":[{"element-6066-11e4-a52e-4f735466cecf":"f.06DF9BC5D4F2FE6DCE5AA073CBC21D39.d.45E92C44852F29CD18BC430FD8E15239.e.2437","ELEMENT":"f.06DF9BC5D4F2FE6DCE5AA073CBC21D39.d.45E92C44852F29CD18BC430FD8E15239.e.2437"}]}
COMMAND: GET /session/e1c9c002d5d3447acc7ed8721565bd54/screenshot - {}
RESULT: {}
RESULT: {"script":"<script> [5351 bytes]","args":[{"element-6066-11e4-a52e-4f735466cecf":"f.06DF9BC5D4F2FE6DCE5AA073CBC21D39.d.45E92C44852F29CD18BC430FD8E15239.e.2437","ELEMENT":"f.06DF9BC5D4F2FE6DCE5AA073CBC21D39.d.45E92C44852F29CD18BC430FD8E15239.e.2437"}]}
COMMAND: GET /session/e1c9c002d5d3447acc7ed8721565bd54/screenshot - {}
RESULT: {}
RESULT: {}
RESULT: undefined
COMMAND: POST /session/e1c9c002d5d3447acc7ed8721565bd54/execute/async - {"script":"<script> [776 bytes]","args":[{"enterText":"1474","selector":{"id":"application-managepartners-display-component---masterPtm--smartFilterBar-btnBasicSearch","interaction":{"idSuffix":"I"}},"clearTextFirst":true,"interactionType":"ENTER_TEXT"}]}
RESULT: {"script":"<script> [776 bytes]","args":[{"enterText":"1474","selector":{"id":"application-managepartners-display-component---masterPtm--smartFilterBar-btnBasicSearch","interaction":{"idSuffix":"I"}},"clearTextFirst":true,"interactionType":"ENTER_TEXT"}]}
COMMAND: POST /session/e1c9c002d5d3447acc7ed8721565bd54/actions - {"actions":[{"id":"action5","type":"key","parameters":{},"actions":[{"type":"keyDown","value":""},{"type":"pause","duration":10},{"type":"keyUp","value":""}]}]}
RESULT: {"actions":[{"id":"action5","type":"key","parameters":{},"actions":[{"type":"keyDown","value":""},{"type":"pause","duration":10},{"type":"keyUp","value":""}]}]}
COMMAND: GET /session/e1c9c002d5d3447acc7ed8721565bd54/screenshot - {}
RESULT: {}
COMMAND: POST /session/e1c9c002d5d3447acc7ed8721565bd54/elements - {"using":"xpath","value":"//table[contains(@id, \"customPartnersTable-listUl\")]/tbody/tr"}
RESULT: {"using":"xpath","value":"//table[contains(@id, \"customPartnersTable-listUl\")]/tbody/tr"}
COMMAND: POST /session/e1c9c002d5d3447acc7ed8721565bd54/element - {"using":"xpath","value":"//table[contains(@id, \"customPartnersTable-listUl\")]/tbody/tr[1]/td[3]/span"}
RESULT: {"using":"xpath","value":"//table[contains(@id, \"customPartnersTable-listUl\")]/tbody/tr[1]/td[3]/span"}
COMMAND: POST /session/e1c9c002d5d3447acc7ed8721565bd54/elements - {"using":"xpath","value":"//table[contains(@id, \"customPartnersTable-listUl\")]/tbody/tr[1]/td[3]/span"}
RESULT: {"using":"xpath","value":"//table[contains(@id, \"customPartnersTable-listUl\")]/tbody/tr[1]/td[3]/span"}
COMMAND: POST /session/e1c9c002d5d3447acc7ed8721565bd54/execute/sync - {"script":"<script> [56 bytes]","args":[{"element-6066-11e4-a52e-4f735466cecf":"f.06DF9BC5D4F2FE6DCE5AA073CBC21D39.d.45E92C44852F29CD18BC430FD8E15239.e.2573","ELEMENT":"f.06DF9BC5D4F2FE6DCE5AA073CBC21D39.d.45E92C44852F29CD18BC430FD8E15239.e.2573"}]}
RESULT: {"script":"<script> [56 bytes]","args":[{"element-6066-11e4-a52e-4f735466cecf":"f.06DF9BC5D4F2FE6DCE5AA073CBC21D39.d.45E92C44852F29CD18BC430FD8E15239.e.2573","ELEMENT":"f.06DF9BC5D4F2FE6DCE5AA073CBC21D39.d.45E92C44852F29CD18BC430FD8E15239.e.2573"}]}
COMMAND: POST /session/e1c9c002d5d3447acc7ed8721565bd54/element - {"using":"xpath","value":"//table[contains(@id, \"customPartnersTable-listUl\")]/tbody/tr[1]/td[7]/div/span"}
COMMAND: GET /session/e1c9c002d5d3447acc7ed8721565bd54/screenshot - {}
RESULT: {"using":"xpath","value":"//table[contains(@id, \"customPartnersTable-listUl\")]/tbody/tr[1]/td[7]/div/span"}
COMMAND: POST /session/e1c9c002d5d3447acc7ed8721565bd54/execute/sync - {"script":"<script> [56 bytes]","args":[{"element-6066-11e4-a52e-4f735466cecf":"f.06DF9BC5D4F2FE6DCE5AA073CBC21D39.d.45E92C44852F29CD18BC430FD8E15239.e.2574","ELEMENT":"f.06DF9BC5D4F2FE6DCE5AA073CBC21D39.d.45E92C44852F29CD18BC430FD8E15239.e.2574"}]}
RESULT: {}
RESULT: {"script":"<script> [56 bytes]","args":[{"element-6066-11e4-a52e-4f735466cecf":"f.06DF9BC5D4F2FE6DCE5AA073CBC21D39.d.45E92C44852F29CD18BC430FD8E15239.e.2574","ELEMENT":"f.06DF9BC5D4F2FE6DCE5AA073CBC21D39.d.45E92C44852F29CD18BC430FD8E15239.e.2574"}]}
COMMAND: POST /session/e1c9c002d5d3447acc7ed8721565bd54/element - {"using":"xpath","value":"//table[contains(@id, \"customPartnersTable-listUl\")]/tbody/tr[1]/td[2]/div/div"}
COMMAND: GET /session/e1c9c002d5d3447acc7ed8721565bd54/screenshot - {}
RESULT: {"using":"xpath","value":"//table[contains(@id, \"customPartnersTable-listUl\")]/tbody/tr[1]/td[2]/div/div"}
COMMAND: POST /session/e1c9c002d5d3447acc7ed8721565bd54/element/f.06DF9BC5D4F2FE6DCE5AA073CBC21D39.d.45E92C44852F29CD18BC430FD8E15239.e.2575/click - {}
RESULT: {}
RESULT: {}
COMMAND: GET /session/e1c9c002d5d3447acc7ed8721565bd54/screenshot - {}
RESULT: {}
COMMAND: POST /session/e1c9c002d5d3447acc7ed8721565bd54/element - {"using":"xpath","value":"//bdi[contains(text(), \"Activate\")]"}
RESULT: {"using":"xpath","value":"//bdi[contains(text(), \"Activate\")]"}
COMMAND: POST /session/e1c9c002d5d3447acc7ed8721565bd54/element/f.06DF9BC5D4F2FE6DCE5AA073CBC21D39.d.45E92C44852F29CD18BC430FD8E15239.e.2576/click - {}
RESULT: {}
COMMAND: GET /session/e1c9c002d5d3447acc7ed8721565bd54/screenshot - {}
RESULT: {}
COMMAND: POST /session/e1c9c002d5d3447acc7ed8721565bd54/element - {"using":"xpath","value":"//bdi[contains(text(), \"Yes\")]"}
RESULT: {"using":"xpath","value":"//bdi[contains(text(), \"Yes\")]"}
COMMAND: POST /session/e1c9c002d5d3447acc7ed8721565bd54/element/f.06DF9BC5D4F2FE6DCE5AA073CBC21D39.d.45E92C44852F29CD18BC430FD8E15239.e.2578/click - {}
RESULT: {}
COMMAND: GET /session/e1c9c002d5d3447acc7ed8721565bd54/screenshot - {}
RESULT: {}
COMMAND: POST /session/e1c9c002d5d3447acc7ed8721565bd54/element - {"using":"xpath","value":"//table[contains(@id, \"customPartnersTable-listUl\")]/tbody/tr[1]/td[7]/div/span"}
RESULT: {"using":"xpath","value":"//table[contains(@id, \"customPartnersTable-listUl\")]/tbody/tr[1]/td[7]/div/span"}
COMMAND: POST /session/e1c9c002d5d3447acc7ed8721565bd54/execute/sync - {"script":"<script> [56 bytes]","args":[{"element-6066-11e4-a52e-4f735466cecf":"f.06DF9BC5D4F2FE6DCE5AA073CBC21D39.d.45E92C44852F29CD18BC430FD8E15239.e.2574","ELEMENT":"f.06DF9BC5D4F2FE6DCE5AA073CBC21D39.d.45E92C44852F29CD18BC430FD8E15239.e.2574"}]}
RESULT: {"script":"<script> [56 bytes]","args":[{"element-6066-11e4-a52e-4f735466cecf":"f.06DF9BC5D4F2FE6DCE5AA073CBC21D39.d.45E92C44852F29CD18BC430FD8E15239.e.2574","ELEMENT":"f.06DF9BC5D4F2FE6DCE5AA073CBC21D39.d.45E92C44852F29CD18BC430FD8E15239.e.2574"}]}
COMMAND: GET /session/e1c9c002d5d3447acc7ed8721565bd54/screenshot - {}
RESULT: {}
COMMAND: POST /session/e1c9c002d5d3447acc7ed8721565bd54/element - {"using":"css selector","value":"#shell-header-logo"}
RESULT: {"using":"css selector","value":"#shell-header-logo"}
COMMAND: POST /session/e1c9c002d5d3447acc7ed8721565bd54/element/f.06DF9BC5D4F2FE6DCE5AA073CBC21D39.d.45E92C44852F29CD18BC430FD8E15239.e.2391/click - {}
RESULT: {}
COMMAND: GET /session/e1c9c002d5d3447acc7ed8721565bd54/screenshot - {}
RESULT: {}
]]></system-out>
    </testcase>
    <testcase classname="chrome.135_0_7049_42.windows.Partner_specific_tests_US150819_US151080_US151654_US151176_US103444_US151078_US151079_US151109_US151174_US151175_US151189" name="Should edit the created external partner and save it and check its content US103444" time="62.79">
      <system-out><![CDATA[
COMMAND: POST /session/e1c9c002d5d3447acc7ed8721565bd54/element - {"using":"xpath","value":"//li[.//span[text()=\"Manage Partners\"]]"}
RESULT: {"using":"xpath","value":"//li[.//span[text()=\"Manage Partners\"]]"}
COMMAND: POST /session/e1c9c002d5d3447acc7ed8721565bd54/element - {"using":"xpath","value":"//li[.//span[text()=\"Manage Partners\"]]"}
RESULT: {"using":"xpath","value":"//li[.//span[text()=\"Manage Partners\"]]"}
COMMAND: POST /session/e1c9c002d5d3447acc7ed8721565bd54/element - {"using":"css selector","value":"#shell-header-logo"}
RESULT: {"using":"css selector","value":"#shell-header-logo"}
COMMAND: POST /session/e1c9c002d5d3447acc7ed8721565bd54/element/f.06DF9BC5D4F2FE6DCE5AA073CBC21D39.d.45E92C44852F29CD18BC430FD8E15239.e.2582/click - {}
COMMAND: POST /session/e1c9c002d5d3447acc7ed8721565bd54/execute/sync - {"script":"<script> [8489 bytes]","args":[{"element-6066-11e4-a52e-4f735466cecf":"f.06DF9BC5D4F2FE6DCE5AA073CBC21D39.d.45E92C44852F29CD18BC430FD8E15239.e.2582","ELEMENT":"f.06DF9BC5D4F2FE6DCE5AA073CBC21D39.d.45E92C44852F29CD18BC430FD8E15239.e.2582"}]}
RESULT: {}
COMMAND: GET /session/e1c9c002d5d3447acc7ed8721565bd54/screenshot - {}
RESULT: {"script":"<script> [8489 bytes]","args":[{"element-6066-11e4-a52e-4f735466cecf":"f.06DF9BC5D4F2FE6DCE5AA073CBC21D39.d.45E92C44852F29CD18BC430FD8E15239.e.2582","ELEMENT":"f.06DF9BC5D4F2FE6DCE5AA073CBC21D39.d.45E92C44852F29CD18BC430FD8E15239.e.2582"}]}
COMMAND: POST /session/e1c9c002d5d3447acc7ed8721565bd54/execute/sync - {"script":"<script> [5351 bytes]","args":[{"element-6066-11e4-a52e-4f735466cecf":"f.06DF9BC5D4F2FE6DCE5AA073CBC21D39.d.45E92C44852F29CD18BC430FD8E15239.e.2582","ELEMENT":"f.06DF9BC5D4F2FE6DCE5AA073CBC21D39.d.45E92C44852F29CD18BC430FD8E15239.e.2582"}]}
COMMAND: GET /session/e1c9c002d5d3447acc7ed8721565bd54/screenshot - {}
RESULT: {}
RESULT: {"script":"<script> [5351 bytes]","args":[{"element-6066-11e4-a52e-4f735466cecf":"f.06DF9BC5D4F2FE6DCE5AA073CBC21D39.d.45E92C44852F29CD18BC430FD8E15239.e.2582","ELEMENT":"f.06DF9BC5D4F2FE6DCE5AA073CBC21D39.d.45E92C44852F29CD18BC430FD8E15239.e.2582"}]}
COMMAND: GET /session/e1c9c002d5d3447acc7ed8721565bd54/screenshot - {}
RESULT: {}
RESULT: {}
RESULT: undefined
COMMAND: POST /session/e1c9c002d5d3447acc7ed8721565bd54/element - {"using":"xpath","value":"//*[@id=\"__tile38\"]"}
RESULT: {"using":"xpath","value":"//*[@id=\"__tile38\"]"}
COMMAND: POST /session/e1c9c002d5d3447acc7ed8721565bd54/element/f.06DF9BC5D4F2FE6DCE5AA073CBC21D39.d.45E92C44852F29CD18BC430FD8E15239.e.156/click - {}
RESULT: {}
COMMAND: POST /session/e1c9c002d5d3447acc7ed8721565bd54/element - {"using":"xpath","value":"//button[@data-kt=\"addButton\"]"}
COMMAND: GET /session/e1c9c002d5d3447acc7ed8721565bd54/screenshot - {}
RESULT: {"using":"xpath","value":"//button[@data-kt=\"addButton\"]"}
COMMAND: POST /session/e1c9c002d5d3447acc7ed8721565bd54/elements - {"using":"xpath","value":"//button[@data-kt=\"addButton\"]"}
RESULT: {}
RESULT: {"using":"xpath","value":"//button[@data-kt=\"addButton\"]"}
COMMAND: POST /session/e1c9c002d5d3447acc7ed8721565bd54/element - {"using":"xpath","value":"//button[@data-kt=\"addButton\"]"}
RESULT: {"using":"xpath","value":"//button[@data-kt=\"addButton\"]"}
COMMAND: POST /session/e1c9c002d5d3447acc7ed8721565bd54/execute/sync - {"script":"<script> [8489 bytes]","args":[{"element-6066-11e4-a52e-4f735466cecf":"f.06DF9BC5D4F2FE6DCE5AA073CBC21D39.d.45E92C44852F29CD18BC430FD8E15239.e.2617","ELEMENT":"f.06DF9BC5D4F2FE6DCE5AA073CBC21D39.d.45E92C44852F29CD18BC430FD8E15239.e.2617"}]}
RESULT: {"script":"<script> [8489 bytes]","args":[{"element-6066-11e4-a52e-4f735466cecf":"f.06DF9BC5D4F2FE6DCE5AA073CBC21D39.d.45E92C44852F29CD18BC430FD8E15239.e.2617","ELEMENT":"f.06DF9BC5D4F2FE6DCE5AA073CBC21D39.d.45E92C44852F29CD18BC430FD8E15239.e.2617"}]}
COMMAND: GET /session/e1c9c002d5d3447acc7ed8721565bd54/element/f.06DF9BC5D4F2FE6DCE5AA073CBC21D39.d.45E92C44852F29CD18BC430FD8E15239.e.2617/enabled - {}
COMMAND: GET /session/e1c9c002d5d3447acc7ed8721565bd54/screenshot - {}
RESULT: {}
COMMAND: POST /session/e1c9c002d5d3447acc7ed8721565bd54/execute/sync - {"script":"<script> [8489 bytes]","args":[{"element-6066-11e4-a52e-4f735466cecf":"f.06DF9BC5D4F2FE6DCE5AA073CBC21D39.d.45E92C44852F29CD18BC430FD8E15239.e.2617","ELEMENT":"f.06DF9BC5D4F2FE6DCE5AA073CBC21D39.d.45E92C44852F29CD18BC430FD8E15239.e.2617"}]}
COMMAND: GET /session/e1c9c002d5d3447acc7ed8721565bd54/screenshot - {}
RESULT: {}
RESULT: {"script":"<script> [8489 bytes]","args":[{"element-6066-11e4-a52e-4f735466cecf":"f.06DF9BC5D4F2FE6DCE5AA073CBC21D39.d.45E92C44852F29CD18BC430FD8E15239.e.2617","ELEMENT":"f.06DF9BC5D4F2FE6DCE5AA073CBC21D39.d.45E92C44852F29CD18BC430FD8E15239.e.2617"}]}
COMMAND: POST /session/e1c9c002d5d3447acc7ed8721565bd54/execute/sync - {"script":"<script> [5351 bytes]","args":[{"element-6066-11e4-a52e-4f735466cecf":"f.06DF9BC5D4F2FE6DCE5AA073CBC21D39.d.45E92C44852F29CD18BC430FD8E15239.e.2617","ELEMENT":"f.06DF9BC5D4F2FE6DCE5AA073CBC21D39.d.45E92C44852F29CD18BC430FD8E15239.e.2617"}]}
COMMAND: GET /session/e1c9c002d5d3447acc7ed8721565bd54/screenshot - {}
RESULT: {}
RESULT: {"script":"<script> [5351 bytes]","args":[{"element-6066-11e4-a52e-4f735466cecf":"f.06DF9BC5D4F2FE6DCE5AA073CBC21D39.d.45E92C44852F29CD18BC430FD8E15239.e.2617","ELEMENT":"f.06DF9BC5D4F2FE6DCE5AA073CBC21D39.d.45E92C44852F29CD18BC430FD8E15239.e.2617"}]}
COMMAND: GET /session/e1c9c002d5d3447acc7ed8721565bd54/screenshot - {}
RESULT: {}
RESULT: {}
RESULT: undefined
COMMAND: POST /session/e1c9c002d5d3447acc7ed8721565bd54/execute/async - {"script":"<script> [776 bytes]","args":[{"enterText":"1474","selector":{"id":"application-managepartners-display-component---masterPtm--smartFilterBar-btnBasicSearch","interaction":{"idSuffix":"I"}},"clearTextFirst":true,"interactionType":"ENTER_TEXT"}]}
RESULT: {"script":"<script> [776 bytes]","args":[{"enterText":"1474","selector":{"id":"application-managepartners-display-component---masterPtm--smartFilterBar-btnBasicSearch","interaction":{"idSuffix":"I"}},"clearTextFirst":true,"interactionType":"ENTER_TEXT"}]}
COMMAND: POST /session/e1c9c002d5d3447acc7ed8721565bd54/actions - {"actions":[{"id":"action6","type":"key","parameters":{},"actions":[{"type":"keyDown","value":""},{"type":"pause","duration":10},{"type":"keyUp","value":""}]}]}
RESULT: {"actions":[{"id":"action6","type":"key","parameters":{},"actions":[{"type":"keyDown","value":""},{"type":"pause","duration":10},{"type":"keyUp","value":""}]}]}
COMMAND: GET /session/e1c9c002d5d3447acc7ed8721565bd54/screenshot - {}
RESULT: {}
COMMAND: POST /session/e1c9c002d5d3447acc7ed8721565bd54/elements - {"using":"xpath","value":"//table[contains(@id, \"customPartnersTable-listUl\")]/tbody/tr"}
RESULT: {"using":"xpath","value":"//table[contains(@id, \"customPartnersTable-listUl\")]/tbody/tr"}
COMMAND: POST /session/e1c9c002d5d3447acc7ed8721565bd54/element - {"using":"xpath","value":"//table[contains(@id, \"customPartnersTable-listUl\")]/tbody/tr[1]/td[3]/span"}
RESULT: {"using":"xpath","value":"//table[contains(@id, \"customPartnersTable-listUl\")]/tbody/tr[1]/td[3]/span"}
COMMAND: POST /session/e1c9c002d5d3447acc7ed8721565bd54/elements - {"using":"xpath","value":"//table[contains(@id, \"customPartnersTable-listUl\")]/tbody/tr[1]/td[3]/span"}
RESULT: {"using":"xpath","value":"//table[contains(@id, \"customPartnersTable-listUl\")]/tbody/tr[1]/td[3]/span"}
COMMAND: POST /session/e1c9c002d5d3447acc7ed8721565bd54/execute/sync - {"script":"<script> [56 bytes]","args":[{"element-6066-11e4-a52e-4f735466cecf":"f.06DF9BC5D4F2FE6DCE5AA073CBC21D39.d.45E92C44852F29CD18BC430FD8E15239.e.2762","ELEMENT":"f.06DF9BC5D4F2FE6DCE5AA073CBC21D39.d.45E92C44852F29CD18BC430FD8E15239.e.2762"}]}
RESULT: {"script":"<script> [56 bytes]","args":[{"element-6066-11e4-a52e-4f735466cecf":"f.06DF9BC5D4F2FE6DCE5AA073CBC21D39.d.45E92C44852F29CD18BC430FD8E15239.e.2762","ELEMENT":"f.06DF9BC5D4F2FE6DCE5AA073CBC21D39.d.45E92C44852F29CD18BC430FD8E15239.e.2762"}]}
COMMAND: POST /session/e1c9c002d5d3447acc7ed8721565bd54/element - {"using":"xpath","value":"(//span[contains(@id, \"imgNav\")])[1]"}
COMMAND: GET /session/e1c9c002d5d3447acc7ed8721565bd54/screenshot - {}
RESULT: {"using":"xpath","value":"(//span[contains(@id, \"imgNav\")])[1]"}
COMMAND: POST /session/e1c9c002d5d3447acc7ed8721565bd54/element/f.06DF9BC5D4F2FE6DCE5AA073CBC21D39.d.45E92C44852F29CD18BC430FD8E15239.e.2760/click - {}
RESULT: {}
RESULT: {}
COMMAND: GET /session/e1c9c002d5d3447acc7ed8721565bd54/screenshot - {}
COMMAND: POST /session/e1c9c002d5d3447acc7ed8721565bd54/element - {"using":"xpath","value":"//bdi[contains(text(), \"Edit\")]"}
RESULT: {}
RESULT: {"using":"xpath","value":"//bdi[contains(text(), \"Edit\")]"}
COMMAND: POST /session/e1c9c002d5d3447acc7ed8721565bd54/element/f.06DF9BC5D4F2FE6DCE5AA073CBC21D39.d.45E92C44852F29CD18BC430FD8E15239.e.2905/click - {}
RESULT: {}
COMMAND: GET /session/e1c9c002d5d3447acc7ed8721565bd54/screenshot - {}
RESULT: {}
COMMAND: POST /session/e1c9c002d5d3447acc7ed8721565bd54/execute/async - {"script":"<script> [1562 bytes]","args":[{"selector":{"controlType":"sap.m.Input","viewName":"etm.portal.ui.managepartners.view.EditDetail","labelFor":{"text":"Name"},"interaction":{"idSuffix":"inner"}},"wdio_ui5_key":"etmportal.ui.managepartners.view.EditDetailsap.m.Input{\"text\":\"Name\"}"}]}
RESULT: {"script":"<script> [1562 bytes]","args":[{"selector":{"controlType":"sap.m.Input","viewName":"etm.portal.ui.managepartners.view.EditDetail","labelFor":{"text":"Name"},"interaction":{"idSuffix":"inner"}},"wdio_ui5_key":"etmportal.ui.managepartners.view.EditDetailsap.m.Input{\"text\":\"Name\"}"}]}
RESULT: undefined
COMMAND: POST /session/e1c9c002d5d3447acc7ed8721565bd54/execute/async - {"script":"<script> [776 bytes]","args":[{"enterText":"External EDIT","selector":{"controlType":"sap.m.Input","viewName":"etm.portal.ui.managepartners.view.EditDetail","labelFor":{"text":"Name"},"interaction":{"idSuffix":"inner"}},"clearTextFirst":true,"interactionType":"ENTER_TEXT"}]}
RESULT: {"script":"<script> [776 bytes]","args":[{"enterText":"External EDIT","selector":{"controlType":"sap.m.Input","viewName":"etm.portal.ui.managepartners.view.EditDetail","labelFor":{"text":"Name"},"interaction":{"idSuffix":"inner"}},"clearTextFirst":true,"interactionType":"ENTER_TEXT"}]}
COMMAND: POST /session/e1c9c002d5d3447acc7ed8721565bd54/element - {"using":"xpath","value":"(//span[contains(@id,\"addressDetailDetailsLanguage-arrow\")])[1]"}
RESULT: {"using":"xpath","value":"(//span[contains(@id,\"addressDetailDetailsLanguage-arrow\")])[1]"}
COMMAND: POST /session/e1c9c002d5d3447acc7ed8721565bd54/element/f.06DF9BC5D4F2FE6DCE5AA073CBC21D39.d.45E92C44852F29CD18BC430FD8E15239.e.2983/click - {}
RESULT: {}
COMMAND: POST /session/e1c9c002d5d3447acc7ed8721565bd54/element - {"using":"xpath","value":"//span[contains(text(), \"Chinese\")]"}
COMMAND: GET /session/e1c9c002d5d3447acc7ed8721565bd54/screenshot - {}
RESULT: {"using":"xpath","value":"//span[contains(text(), \"Chinese\")]"}
COMMAND: POST /session/e1c9c002d5d3447acc7ed8721565bd54/element/f.06DF9BC5D4F2FE6DCE5AA073CBC21D39.d.45E92C44852F29CD18BC430FD8E15239.e.2984/click - {}
RESULT: {}
RESULT: {}
COMMAND: GET /session/e1c9c002d5d3447acc7ed8721565bd54/screenshot - {}
RESULT: {}
COMMAND: POST /session/e1c9c002d5d3447acc7ed8721565bd54/execute/async - {"script":"<script> [1562 bytes]","args":[{"selector":{"controlType":"sap.m.Input","viewName":"etm.portal.ui.managepartners.view.EditDetail","labelFor":{"text":"City"},"interaction":{"idSuffix":"inner"}},"wdio_ui5_key":"etmportal.ui.managepartners.view.EditDetailsap.m.Input{\"text\":\"City\"}"}]}
RESULT: {"script":"<script> [1562 bytes]","args":[{"selector":{"controlType":"sap.m.Input","viewName":"etm.portal.ui.managepartners.view.EditDetail","labelFor":{"text":"City"},"interaction":{"idSuffix":"inner"}},"wdio_ui5_key":"etmportal.ui.managepartners.view.EditDetailsap.m.Input{\"text\":\"City\"}"}]}
RESULT: undefined
COMMAND: POST /session/e1c9c002d5d3447acc7ed8721565bd54/execute/async - {"script":"<script> [776 bytes]","args":[{"enterText":"Clooj-Napoca","selector":{"controlType":"sap.m.Input","viewName":"etm.portal.ui.managepartners.view.EditDetail","labelFor":{"text":"City"},"interaction":{"idSuffix":"inner"}},"clearTextFirst":true,"interactionType":"ENTER_TEXT"}]}
RESULT: {"script":"<script> [776 bytes]","args":[{"enterText":"Clooj-Napoca","selector":{"controlType":"sap.m.Input","viewName":"etm.portal.ui.managepartners.view.EditDetail","labelFor":{"text":"City"},"interaction":{"idSuffix":"inner"}},"clearTextFirst":true,"interactionType":"ENTER_TEXT"}]}
COMMAND: POST /session/e1c9c002d5d3447acc7ed8721565bd54/element - {"using":"xpath","value":"//button[@data-kt=\"saveButton\"]"}
RESULT: {"using":"xpath","value":"//button[@data-kt=\"saveButton\"]"}
COMMAND: POST /session/e1c9c002d5d3447acc7ed8721565bd54/element/f.06DF9BC5D4F2FE6DCE5AA073CBC21D39.d.45E92C44852F29CD18BC430FD8E15239.e.2967/click - {}
RESULT: {}
COMMAND: GET /session/e1c9c002d5d3447acc7ed8721565bd54/screenshot - {}
RESULT: {}
COMMAND: POST /session/e1c9c002d5d3447acc7ed8721565bd54/execute/async - {"script":"<script> [1562 bytes]","args":[{"selector":{"id":"application-managepartners-display-component---detailPtm--addressDetailDetailsName1"},"wdio_ui5_key":"applicationmanagepartners-display-component---detailPtm--addressDetailDetailsName1"}]}
RESULT: {"script":"<script> [1562 bytes]","args":[{"selector":{"id":"application-managepartners-display-component---detailPtm--addressDetailDetailsName1"},"wdio_ui5_key":"applicationmanagepartners-display-component---detailPtm--addressDetailDetailsName1"}]}
RESULT: undefined
COMMAND: POST /session/e1c9c002d5d3447acc7ed8721565bd54/execute/async - {"script":"<script> [6424 bytes]","args":[{"element-6066-11e4-a52e-4f735466cecf":"f.06DF9BC5D4F2FE6DCE5AA073CBC21D39.d.45E92C44852F29CD18BC430FD8E15239.e.3015"},"getValue",[]]}
RESULT: {"script":"<script> [6424 bytes]","args":[{"element-6066-11e4-a52e-4f735466cecf":"f.06DF9BC5D4F2FE6DCE5AA073CBC21D39.d.45E92C44852F29CD18BC430FD8E15239.e.3015"},"getValue",[]]}
COMMAND: POST /session/e1c9c002d5d3447acc7ed8721565bd54/element - {"using":"xpath","value":"//input[@id = \"application-managepartners-display-component---detailPtm--addressDetailDetailsLanguage-inner\"]"}
RESULT: {"using":"xpath","value":"//input[@id = \"application-managepartners-display-component---detailPtm--addressDetailDetailsLanguage-inner\"]"}
COMMAND: GET /session/e1c9c002d5d3447acc7ed8721565bd54/element/f.06DF9BC5D4F2FE6DCE5AA073CBC21D39.d.45E92C44852F29CD18BC430FD8E15239.e.3016/property/value - {}
RESULT: {}
COMMAND: POST /session/e1c9c002d5d3447acc7ed8721565bd54/execute/async - {"script":"<script> [1562 bytes]","args":[{"selector":{"id":"application-managepartners-display-component---detailPtm--addressDetailDetailsCity1"},"wdio_ui5_key":"applicationmanagepartners-display-component---detailPtm--addressDetailDetailsCity1"}]}
COMMAND: GET /session/e1c9c002d5d3447acc7ed8721565bd54/screenshot - {}
RESULT: {"script":"<script> [1562 bytes]","args":[{"selector":{"id":"application-managepartners-display-component---detailPtm--addressDetailDetailsCity1"},"wdio_ui5_key":"applicationmanagepartners-display-component---detailPtm--addressDetailDetailsCity1"}]}
RESULT: undefined
COMMAND: POST /session/e1c9c002d5d3447acc7ed8721565bd54/execute/async - {"script":"<script> [6424 bytes]","args":[{"element-6066-11e4-a52e-4f735466cecf":"f.06DF9BC5D4F2FE6DCE5AA073CBC21D39.d.45E92C44852F29CD18BC430FD8E15239.e.3017"},"getValue",[]]}
RESULT: {}
RESULT: {"script":"<script> [6424 bytes]","args":[{"element-6066-11e4-a52e-4f735466cecf":"f.06DF9BC5D4F2FE6DCE5AA073CBC21D39.d.45E92C44852F29CD18BC430FD8E15239.e.3017"},"getValue",[]]}
COMMAND: POST /session/e1c9c002d5d3447acc7ed8721565bd54/element - {"using":"css selector","value":"#shell-header-logo"}
RESULT: {"using":"css selector","value":"#shell-header-logo"}
COMMAND: POST /session/e1c9c002d5d3447acc7ed8721565bd54/element/f.06DF9BC5D4F2FE6DCE5AA073CBC21D39.d.45E92C44852F29CD18BC430FD8E15239.e.2582/click - {}
RESULT: {}
COMMAND: GET /session/e1c9c002d5d3447acc7ed8721565bd54/screenshot - {}
RESULT: {}
]]></system-out>
    </testcase>
    <testcase classname="chrome.135_0_7049_42.windows.Partner_specific_tests_US150819_US151080_US151654_US151176_US103444_US151078_US151079_US151109_US151174_US151175_US151189" name="Should create a new intercompany partner edit some of its fields US151078" time="184.705">
      <skipped/>
      <system-out><![CDATA[
COMMAND: POST /session/e1c9c002d5d3447acc7ed8721565bd54/element - {"using":"xpath","value":"//li[.//span[text()=\"Manage Partners\"]]"}
RESULT: {"using":"xpath","value":"//li[.//span[text()=\"Manage Partners\"]]"}
COMMAND: POST /session/e1c9c002d5d3447acc7ed8721565bd54/element - {"using":"xpath","value":"//li[.//span[text()=\"Manage Partners\"]]"}
RESULT: {"using":"xpath","value":"//li[.//span[text()=\"Manage Partners\"]]"}
COMMAND: POST /session/e1c9c002d5d3447acc7ed8721565bd54/element - {"using":"css selector","value":"#shell-header-logo"}
RESULT: {"using":"css selector","value":"#shell-header-logo"}
COMMAND: POST /session/e1c9c002d5d3447acc7ed8721565bd54/element/f.06DF9BC5D4F2FE6DCE5AA073CBC21D39.d.45E92C44852F29CD18BC430FD8E15239.e.3047/click - {}
COMMAND: POST /session/e1c9c002d5d3447acc7ed8721565bd54/execute/sync - {"script":"<script> [8489 bytes]","args":[{"element-6066-11e4-a52e-4f735466cecf":"f.06DF9BC5D4F2FE6DCE5AA073CBC21D39.d.45E92C44852F29CD18BC430FD8E15239.e.3047","ELEMENT":"f.06DF9BC5D4F2FE6DCE5AA073CBC21D39.d.45E92C44852F29CD18BC430FD8E15239.e.3047"}]}
RESULT: {}
COMMAND: GET /session/e1c9c002d5d3447acc7ed8721565bd54/screenshot - {}
RESULT: {"script":"<script> [8489 bytes]","args":[{"element-6066-11e4-a52e-4f735466cecf":"f.06DF9BC5D4F2FE6DCE5AA073CBC21D39.d.45E92C44852F29CD18BC430FD8E15239.e.3047","ELEMENT":"f.06DF9BC5D4F2FE6DCE5AA073CBC21D39.d.45E92C44852F29CD18BC430FD8E15239.e.3047"}]}
COMMAND: POST /session/e1c9c002d5d3447acc7ed8721565bd54/execute/sync - {"script":"<script> [5351 bytes]","args":[{"element-6066-11e4-a52e-4f735466cecf":"f.06DF9BC5D4F2FE6DCE5AA073CBC21D39.d.45E92C44852F29CD18BC430FD8E15239.e.3047","ELEMENT":"f.06DF9BC5D4F2FE6DCE5AA073CBC21D39.d.45E92C44852F29CD18BC430FD8E15239.e.3047"}]}
COMMAND: GET /session/e1c9c002d5d3447acc7ed8721565bd54/screenshot - {}
RESULT: {}
RESULT: {"script":"<script> [5351 bytes]","args":[{"element-6066-11e4-a52e-4f735466cecf":"f.06DF9BC5D4F2FE6DCE5AA073CBC21D39.d.45E92C44852F29CD18BC430FD8E15239.e.3047","ELEMENT":"f.06DF9BC5D4F2FE6DCE5AA073CBC21D39.d.45E92C44852F29CD18BC430FD8E15239.e.3047"}]}
COMMAND: GET /session/e1c9c002d5d3447acc7ed8721565bd54/screenshot - {}
RESULT: {}
RESULT: {}
COMMAND: POST /session/e1c9c002d5d3447acc7ed8721565bd54/refresh - {}
RESULT: {}
COMMAND: GET /session/e1c9c002d5d3447acc7ed8721565bd54/screenshot - {}
RESULT: {}
COMMAND: POST /session/e1c9c002d5d3447acc7ed8721565bd54/refresh - {}
RESULT: {}
COMMAND: GET /session/e1c9c002d5d3447acc7ed8721565bd54/screenshot - {}
RESULT: {}
COMMAND: POST /session/e1c9c002d5d3447acc7ed8721565bd54/window/fullscreen - {}
RESULT: {}
COMMAND: POST /session/e1c9c002d5d3447acc7ed8721565bd54/execute/async - {"script":"<script> [189 bytes]","args":[]}
RESULT: {"script":"<script> [189 bytes]","args":[]}
COMMAND: POST /session/e1c9c002d5d3447acc7ed8721565bd54/execute/async - {"script":"<script> [123 bytes]","args":[]}
RESULT: {"script":"<script> [123 bytes]","args":[]}
COMMAND: POST /session/e1c9c002d5d3447acc7ed8721565bd54/timeouts - {"script":"<number>"}
RESULT: {"script":"<number>"}
COMMAND: GET /session/e1c9c002d5d3447acc7ed8721565bd54/timeouts - {}
RESULT: {}
RESULT: undefined
COMMAND: POST /session/e1c9c002d5d3447acc7ed8721565bd54/execute/async - {"script":"<script> [2676 bytes]","args":[]}
RESULT: {"script":"<script> [2676 bytes]","args":[]}
COMMAND: POST /session/e1c9c002d5d3447acc7ed8721565bd54/execute/async - {"script":"<script> [2342 bytes]","args":[{"protocol":"http","hostname":"0.0.0.0","path":"/","capabilities":{"browserName":"chrome","goog:chromeOptions":{"binary":"C:\\Program Files\\Google\\Chrome\\Application\\chrome.exe","args":["--start-maximized"]}},"logLevel":"warn","connectionRetryTimeout":120000,"connectionRetryCount":3,"logLevels":{},"enableDirectConnect":true,"strictSSL":true,"_":"65 more keys: [\"cacheDir\",\"port\",\"requestedCapabilities\",\"automationProtocol\",\"baseUrl\",\"waitforInterval\",\"waitforTimeout\",\"onReload\",\"beforeCommand\",\"afterCommand\",\"rootDir\",\"specs\",\"suites\",\"exclude\",\"groupLogsByTestSpec\",\"excludeDriverLogs\",\"bail\",\"framework\",\"reporters\",\"services\",\"maxInstances\",\"maxInstancesPerCapability\",\"injectGlobals\",\"filesToWatch\",\"execArgv\",\"runnerEnv\",\"runner\",\"shard\",\"specFileRetries\",\"specFileRetriesDelay\",\"specFileRetriesDeferred\",\"reporterSyncInterval\",\"reporterSyncTimeout\",\"cucumberFeaturesWithLineNumbers\",\"autoCompileOpts\",\"mochaOpts\",\"jasmineOpts\",\"cucumberOpts\",\"onPrepare\",\"onWorkerStart\",\"onWorkerEnd\",\"before\",\"beforeSession\",\"beforeSuite\",\"beforeHook\",\"beforeTest\",\"afterTest\",\"afterHook\",\"afterSuite\",\"afterSession\",\"after\",\"onComplete\",\"beforeAssertion\",\"afterAssertion\",\"beforeFeature\",\"beforeScenario\",\"beforeStep\",\"afterStep\",\"afterScenario\",\"afterFeature\",\"_\",\"suite\",\"$0\",\"ignoredWorkerServices\",\"wdi5\"]"}]}
RESULT: {"script":"<script> [2342 bytes]","args":[{"protocol":"http","hostname":"0.0.0.0","path":"/","capabilities":{"browserName":"chrome","goog:chromeOptions":{"binary":"C:\\Program Files\\Google\\Chrome\\Application\\chrome.exe","args":["--start-maximized"]}},"logLevel":"warn","connectionRetryTimeout":120000,"connectionRetryCount":3,"logLevels":{},"enableDirectConnect":true,"strictSSL":true,"_":"65 more keys: [\"cacheDir\",\"port\",\"requestedCapabilities\",\"automationProtocol\",\"baseUrl\",\"waitforInterval\",\"waitforTimeout\",\"onReload\",\"beforeCommand\",\"afterCommand\",\"rootDir\",\"specs\",\"suites\",\"exclude\",\"groupLogsByTestSpec\",\"excludeDriverLogs\",\"bail\",\"framework\",\"reporters\",\"services\",\"maxInstances\",\"maxInstancesPerCapability\",\"injectGlobals\",\"filesToWatch\",\"execArgv\",\"runnerEnv\",\"runner\",\"shard\",\"specFileRetries\",\"specFileRetriesDelay\",\"specFileRetriesDeferred\",\"reporterSyncInterval\",\"reporterSyncTimeout\",\"cucumberFeaturesWithLineNumbers\",\"autoCompileOpts\",\"mochaOpts\",\"jasmineOpts\",\"cucumberOpts\",\"onPrepare\",\"onWorkerStart\",\"onWorkerEnd\",\"before\",\"beforeSession\",\"beforeSuite\",\"beforeHook\",\"beforeTest\",\"afterTest\",\"afterHook\",\"afterSuite\",\"afterSession\",\"after\",\"onComplete\",\"beforeAssertion\",\"afterAssertion\",\"beforeFeature\",\"beforeScenario\",\"beforeStep\",\"afterStep\",\"afterScenario\",\"afterFeature\",\"_\",\"suite\",\"$0\",\"ignoredWorkerServices\",\"wdi5\"]"}]}
COMMAND: POST /session/e1c9c002d5d3447acc7ed8721565bd54/execute/async - {"script":"<script> [21126 bytes]","args":[35000]}
RESULT: {"script":"<script> [21126 bytes]","args":[35000]}
COMMAND: POST /session/e1c9c002d5d3447acc7ed8721565bd54/window/fullscreen - {}
RESULT: {}
COMMAND: POST /session/e1c9c002d5d3447acc7ed8721565bd54/window/fullscreen - {}
RESULT: {}
COMMAND: POST /session/e1c9c002d5d3447acc7ed8721565bd54/execute/async - {"script":"<script> [1562 bytes]","args":[{"selector":{"controlType":"sap.m.GenericTile","properties":{"header":"Manage Partners"}},"wdio_ui5_key":"sapm.GenericTile{\"header\":\"Manage Partners\"}"}]}
RESULT: {"script":"<script> [1562 bytes]","args":[{"selector":{"controlType":"sap.m.GenericTile","properties":{"header":"Manage Partners"}},"wdio_ui5_key":"sapm.GenericTile{\"header\":\"Manage Partners\"}"}]}
RESULT: undefined
COMMAND: POST /session/e1c9c002d5d3447acc7ed8721565bd54/element - {"using":"xpath","value":"//*[@id=\"__tile30\"]"}
RESULT: {"using":"xpath","value":"//*[@id=\"__tile30\"]"}
COMMAND: POST /session/e1c9c002d5d3447acc7ed8721565bd54/element/f.06DF9BC5D4F2FE6DCE5AA073CBC21D39.d.95DB580E6C42D83B0D5543224D66A5B1.e.3127/click - {}
RESULT: {}
COMMAND: POST /session/e1c9c002d5d3447acc7ed8721565bd54/element - {"using":"xpath","value":"//button[@data-kt=\"addButton\"]"}
COMMAND: GET /session/e1c9c002d5d3447acc7ed8721565bd54/screenshot - {}
RESULT: {"using":"xpath","value":"//button[@data-kt=\"addButton\"]"}
COMMAND: POST /session/e1c9c002d5d3447acc7ed8721565bd54/elements - {"using":"xpath","value":"//button[@data-kt=\"addButton\"]"}
RESULT: {}
RESULT: {"using":"xpath","value":"//button[@data-kt=\"addButton\"]"}
COMMAND: POST /session/e1c9c002d5d3447acc7ed8721565bd54/elements - {"using":"xpath","value":"//button[@data-kt=\"addButton\"]"}
RESULT: {"using":"xpath","value":"//button[@data-kt=\"addButton\"]"}
COMMAND: POST /session/e1c9c002d5d3447acc7ed8721565bd54/elements - {"using":"xpath","value":"//button[@data-kt=\"addButton\"]"}
RESULT: {"using":"xpath","value":"//button[@data-kt=\"addButton\"]"}
COMMAND: POST /session/e1c9c002d5d3447acc7ed8721565bd54/elements - {"using":"xpath","value":"//button[@data-kt=\"addButton\"]"}
RESULT: {"using":"xpath","value":"//button[@data-kt=\"addButton\"]"}
COMMAND: POST /session/e1c9c002d5d3447acc7ed8721565bd54/elements - {"using":"xpath","value":"//button[@data-kt=\"addButton\"]"}
RESULT: {"using":"xpath","value":"//button[@data-kt=\"addButton\"]"}
COMMAND: POST /session/e1c9c002d5d3447acc7ed8721565bd54/elements - {"using":"xpath","value":"//button[@data-kt=\"addButton\"]"}
RESULT: {"using":"xpath","value":"//button[@data-kt=\"addButton\"]"}
COMMAND: POST /session/e1c9c002d5d3447acc7ed8721565bd54/elements - {"using":"xpath","value":"//button[@data-kt=\"addButton\"]"}
RESULT: {"using":"xpath","value":"//button[@data-kt=\"addButton\"]"}
COMMAND: POST /session/e1c9c002d5d3447acc7ed8721565bd54/elements - {"using":"xpath","value":"//button[@data-kt=\"addButton\"]"}
RESULT: {"using":"xpath","value":"//button[@data-kt=\"addButton\"]"}
COMMAND: POST /session/e1c9c002d5d3447acc7ed8721565bd54/elements - {"using":"xpath","value":"//button[@data-kt=\"addButton\"]"}
RESULT: {"using":"xpath","value":"//button[@data-kt=\"addButton\"]"}
COMMAND: POST /session/e1c9c002d5d3447acc7ed8721565bd54/elements - {"using":"xpath","value":"//button[@data-kt=\"addButton\"]"}
RESULT: {"using":"xpath","value":"//button[@data-kt=\"addButton\"]"}
COMMAND: POST /session/e1c9c002d5d3447acc7ed8721565bd54/elements - {"using":"xpath","value":"//button[@data-kt=\"addButton\"]"}
RESULT: {"using":"xpath","value":"//button[@data-kt=\"addButton\"]"}
COMMAND: POST /session/e1c9c002d5d3447acc7ed8721565bd54/elements - {"using":"xpath","value":"//button[@data-kt=\"addButton\"]"}
RESULT: {"using":"xpath","value":"//button[@data-kt=\"addButton\"]"}
COMMAND: POST /session/e1c9c002d5d3447acc7ed8721565bd54/elements - {"using":"xpath","value":"//button[@data-kt=\"addButton\"]"}
RESULT: {"using":"xpath","value":"//button[@data-kt=\"addButton\"]"}
COMMAND: POST /session/e1c9c002d5d3447acc7ed8721565bd54/elements - {"using":"xpath","value":"//button[@data-kt=\"addButton\"]"}
RESULT: {"using":"xpath","value":"//button[@data-kt=\"addButton\"]"}
COMMAND: POST /session/e1c9c002d5d3447acc7ed8721565bd54/elements - {"using":"xpath","value":"//button[@data-kt=\"addButton\"]"}
RESULT: {"using":"xpath","value":"//button[@data-kt=\"addButton\"]"}
COMMAND: POST /session/e1c9c002d5d3447acc7ed8721565bd54/elements - {"using":"xpath","value":"//button[@data-kt=\"addButton\"]"}
RESULT: {"using":"xpath","value":"//button[@data-kt=\"addButton\"]"}
COMMAND: POST /session/e1c9c002d5d3447acc7ed8721565bd54/elements - {"using":"xpath","value":"//button[@data-kt=\"addButton\"]"}
RESULT: {"using":"xpath","value":"//button[@data-kt=\"addButton\"]"}
COMMAND: POST /session/e1c9c002d5d3447acc7ed8721565bd54/elements - {"using":"xpath","value":"//button[@data-kt=\"addButton\"]"}
RESULT: {"using":"xpath","value":"//button[@data-kt=\"addButton\"]"}
COMMAND: POST /session/e1c9c002d5d3447acc7ed8721565bd54/elements - {"using":"xpath","value":"//button[@data-kt=\"addButton\"]"}
RESULT: {"using":"xpath","value":"//button[@data-kt=\"addButton\"]"}
COMMAND: POST /session/e1c9c002d5d3447acc7ed8721565bd54/elements - {"using":"xpath","value":"//button[@data-kt=\"addButton\"]"}
RESULT: {"using":"xpath","value":"//button[@data-kt=\"addButton\"]"}
COMMAND: POST /session/e1c9c002d5d3447acc7ed8721565bd54/elements - {"using":"xpath","value":"//button[@data-kt=\"addButton\"]"}
RESULT: {"using":"xpath","value":"//button[@data-kt=\"addButton\"]"}
COMMAND: POST /session/e1c9c002d5d3447acc7ed8721565bd54/elements - {"using":"xpath","value":"//button[@data-kt=\"addButton\"]"}
RESULT: {"using":"xpath","value":"//button[@data-kt=\"addButton\"]"}
COMMAND: POST /session/e1c9c002d5d3447acc7ed8721565bd54/elements - {"using":"xpath","value":"//button[@data-kt=\"addButton\"]"}
RESULT: {"using":"xpath","value":"//button[@data-kt=\"addButton\"]"}
COMMAND: POST /session/e1c9c002d5d3447acc7ed8721565bd54/elements - {"using":"xpath","value":"//button[@data-kt=\"addButton\"]"}
RESULT: {"using":"xpath","value":"//button[@data-kt=\"addButton\"]"}
COMMAND: POST /session/e1c9c002d5d3447acc7ed8721565bd54/elements - {"using":"xpath","value":"//button[@data-kt=\"addButton\"]"}
RESULT: {"using":"xpath","value":"//button[@data-kt=\"addButton\"]"}
COMMAND: POST /session/e1c9c002d5d3447acc7ed8721565bd54/elements - {"using":"xpath","value":"//button[@data-kt=\"addButton\"]"}
RESULT: {"using":"xpath","value":"//button[@data-kt=\"addButton\"]"}
COMMAND: POST /session/e1c9c002d5d3447acc7ed8721565bd54/elements - {"using":"xpath","value":"//button[@data-kt=\"addButton\"]"}
RESULT: {"using":"xpath","value":"//button[@data-kt=\"addButton\"]"}
COMMAND: POST /session/e1c9c002d5d3447acc7ed8721565bd54/elements - {"using":"xpath","value":"//button[@data-kt=\"addButton\"]"}
RESULT: {"using":"xpath","value":"//button[@data-kt=\"addButton\"]"}
COMMAND: POST /session/e1c9c002d5d3447acc7ed8721565bd54/element - {"using":"xpath","value":"//button[@data-kt=\"addButton\"]"}
RESULT: {"using":"xpath","value":"//button[@data-kt=\"addButton\"]"}
COMMAND: POST /session/e1c9c002d5d3447acc7ed8721565bd54/execute/sync - {"script":"<script> [8489 bytes]","args":[{"element-6066-11e4-a52e-4f735466cecf":"f.06DF9BC5D4F2FE6DCE5AA073CBC21D39.d.95DB580E6C42D83B0D5543224D66A5B1.e.3242","ELEMENT":"f.06DF9BC5D4F2FE6DCE5AA073CBC21D39.d.95DB580E6C42D83B0D5543224D66A5B1.e.3242"}]}
RESULT: {"script":"<script> [8489 bytes]","args":[{"element-6066-11e4-a52e-4f735466cecf":"f.06DF9BC5D4F2FE6DCE5AA073CBC21D39.d.95DB580E6C42D83B0D5543224D66A5B1.e.3242","ELEMENT":"f.06DF9BC5D4F2FE6DCE5AA073CBC21D39.d.95DB580E6C42D83B0D5543224D66A5B1.e.3242"}]}
COMMAND: GET /session/e1c9c002d5d3447acc7ed8721565bd54/element/f.06DF9BC5D4F2FE6DCE5AA073CBC21D39.d.95DB580E6C42D83B0D5543224D66A5B1.e.3242/enabled - {}
COMMAND: GET /session/e1c9c002d5d3447acc7ed8721565bd54/screenshot - {}
RESULT: {}
COMMAND: POST /session/e1c9c002d5d3447acc7ed8721565bd54/execute/sync - {"script":"<script> [8489 bytes]","args":[{"element-6066-11e4-a52e-4f735466cecf":"f.06DF9BC5D4F2FE6DCE5AA073CBC21D39.d.95DB580E6C42D83B0D5543224D66A5B1.e.3242","ELEMENT":"f.06DF9BC5D4F2FE6DCE5AA073CBC21D39.d.95DB580E6C42D83B0D5543224D66A5B1.e.3242"}]}
COMMAND: GET /session/e1c9c002d5d3447acc7ed8721565bd54/screenshot - {}
RESULT: {}
RESULT: {"script":"<script> [8489 bytes]","args":[{"element-6066-11e4-a52e-4f735466cecf":"f.06DF9BC5D4F2FE6DCE5AA073CBC21D39.d.95DB580E6C42D83B0D5543224D66A5B1.e.3242","ELEMENT":"f.06DF9BC5D4F2FE6DCE5AA073CBC21D39.d.95DB580E6C42D83B0D5543224D66A5B1.e.3242"}]}
COMMAND: POST /session/e1c9c002d5d3447acc7ed8721565bd54/execute/sync - {"script":"<script> [5351 bytes]","args":[{"element-6066-11e4-a52e-4f735466cecf":"f.06DF9BC5D4F2FE6DCE5AA073CBC21D39.d.95DB580E6C42D83B0D5543224D66A5B1.e.3242","ELEMENT":"f.06DF9BC5D4F2FE6DCE5AA073CBC21D39.d.95DB580E6C42D83B0D5543224D66A5B1.e.3242"}]}
COMMAND: GET /session/e1c9c002d5d3447acc7ed8721565bd54/screenshot - {}
RESULT: {}
RESULT: {"script":"<script> [5351 bytes]","args":[{"element-6066-11e4-a52e-4f735466cecf":"f.06DF9BC5D4F2FE6DCE5AA073CBC21D39.d.95DB580E6C42D83B0D5543224D66A5B1.e.3242","ELEMENT":"f.06DF9BC5D4F2FE6DCE5AA073CBC21D39.d.95DB580E6C42D83B0D5543224D66A5B1.e.3242"}]}
COMMAND: POST /session/e1c9c002d5d3447acc7ed8721565bd54/element/f.06DF9BC5D4F2FE6DCE5AA073CBC21D39.d.95DB580E6C42D83B0D5543224D66A5B1.e.3242/click - {}
COMMAND: GET /session/e1c9c002d5d3447acc7ed8721565bd54/screenshot - {}
RESULT: {}
RESULT: {}
COMMAND: GET /session/e1c9c002d5d3447acc7ed8721565bd54/screenshot - {}
RESULT: {}
RESULT: {}
COMMAND: POST /session/e1c9c002d5d3447acc7ed8721565bd54/execute/async - {"script":"<script> [1562 bytes]","args":[{"selector":{"id":"application-managepartners-display-component---NewPartner--addressDetailDetailsName1","interaction":{"idSuffix":"inner"}},"wdio_ui5_key":"applicationmanagepartners-display-component---NewPartner--addressDetailDetailsName1"}]}
RESULT: {"script":"<script> [1562 bytes]","args":[{"selector":{"id":"application-managepartners-display-component---NewPartner--addressDetailDetailsName1","interaction":{"idSuffix":"inner"}},"wdio_ui5_key":"applicationmanagepartners-display-component---NewPartner--addressDetailDetailsName1"}]}
RESULT: undefined
COMMAND: POST /session/e1c9c002d5d3447acc7ed8721565bd54/execute/async - {"script":"<script> [776 bytes]","args":[{"enterText":"Intercompany Partner WDIO","selector":{"id":"application-managepartners-display-component---NewPartner--addressDetailDetailsName1","interaction":{"idSuffix":"inner"}},"clearTextFirst":true,"interactionType":"ENTER_TEXT"}]}
RESULT: {"script":"<script> [776 bytes]","args":[{"enterText":"Intercompany Partner WDIO","selector":{"id":"application-managepartners-display-component---NewPartner--addressDetailDetailsName1","interaction":{"idSuffix":"inner"}},"clearTextFirst":true,"interactionType":"ENTER_TEXT"}]}
COMMAND: POST /session/e1c9c002d5d3447acc7ed8721565bd54/execute/async - {"script":"<script> [1562 bytes]","args":[{"selector":{"id":"application-managepartners-display-component---NewPartner--addressDetailDetailsLanguage-arrow"},"wdio_ui5_key":"applicationmanagepartners-display-component---NewPartner--addressDetailDetailsLanguage-arrow"}]}
RESULT: {"script":"<script> [1562 bytes]","args":[{"selector":{"id":"application-managepartners-display-component---NewPartner--addressDetailDetailsLanguage-arrow"},"wdio_ui5_key":"applicationmanagepartners-display-component---NewPartner--addressDetailDetailsLanguage-arrow"}]}
RESULT: undefined
COMMAND: POST /session/e1c9c002d5d3447acc7ed8721565bd54/element - {"using":"xpath","value":"//*[@id=\"application-managepartners-display-component---NewPartner--addressDetailDetailsLanguage-arrow\"]"}
RESULT: {"using":"xpath","value":"//*[@id=\"application-managepartners-display-component---NewPartner--addressDetailDetailsLanguage-arrow\"]"}
COMMAND: POST /session/e1c9c002d5d3447acc7ed8721565bd54/element/f.06DF9BC5D4F2FE6DCE5AA073CBC21D39.d.95DB580E6C42D83B0D5543224D66A5B1.e.3693/click - {}
RESULT: {}
COMMAND: POST /session/e1c9c002d5d3447acc7ed8721565bd54/element - {"using":"xpath","value":"//span[contains(text(), \"English\")]"}
COMMAND: GET /session/e1c9c002d5d3447acc7ed8721565bd54/screenshot - {}
RESULT: {"using":"xpath","value":"//span[contains(text(), \"English\")]"}
COMMAND: POST /session/e1c9c002d5d3447acc7ed8721565bd54/element/f.06DF9BC5D4F2FE6DCE5AA073CBC21D39.d.95DB580E6C42D83B0D5543224D66A5B1.e.3694/click - {}
RESULT: {}
RESULT: {}
COMMAND: GET /session/e1c9c002d5d3447acc7ed8721565bd54/screenshot - {}
RESULT: {}
COMMAND: POST /session/e1c9c002d5d3447acc7ed8721565bd54/execute/async - {"script":"<script> [1562 bytes]","args":[{"selector":{"id":"application-managepartners-display-component---NewPartner--addressDetailDetailsCity1","interaction":{"idSuffix":"inner"}},"wdio_ui5_key":"applicationmanagepartners-display-component---NewPartner--addressDetailDetailsCity1"}]}
RESULT: {"script":"<script> [1562 bytes]","args":[{"selector":{"id":"application-managepartners-display-component---NewPartner--addressDetailDetailsCity1","interaction":{"idSuffix":"inner"}},"wdio_ui5_key":"applicationmanagepartners-display-component---NewPartner--addressDetailDetailsCity1"}]}
RESULT: undefined
COMMAND: POST /session/e1c9c002d5d3447acc7ed8721565bd54/execute/async - {"script":"<script> [776 bytes]","args":[{"enterText":"Rosario","selector":{"id":"application-managepartners-display-component---NewPartner--addressDetailDetailsCity1","interaction":{"idSuffix":"inner"}},"clearTextFirst":true,"interactionType":"ENTER_TEXT"}]}
RESULT: {"script":"<script> [776 bytes]","args":[{"enterText":"Rosario","selector":{"id":"application-managepartners-display-component---NewPartner--addressDetailDetailsCity1","interaction":{"idSuffix":"inner"}},"clearTextFirst":true,"interactionType":"ENTER_TEXT"}]}
COMMAND: POST /session/e1c9c002d5d3447acc7ed8721565bd54/execute/async - {"script":"<script> [1562 bytes]","args":[{"selector":{"id":"application-managepartners-display-component---NewPartner--addressDetailDetailsCountry-arrow"},"wdio_ui5_key":"applicationmanagepartners-display-component---NewPartner--addressDetailDetailsCountry-arrow"}]}
RESULT: {"script":"<script> [1562 bytes]","args":[{"selector":{"id":"application-managepartners-display-component---NewPartner--addressDetailDetailsCountry-arrow"},"wdio_ui5_key":"applicationmanagepartners-display-component---NewPartner--addressDetailDetailsCountry-arrow"}]}
RESULT: undefined
COMMAND: POST /session/e1c9c002d5d3447acc7ed8721565bd54/element - {"using":"xpath","value":"//*[@id=\"application-managepartners-display-component---NewPartner--addressDetailDetailsCountry-arrow\"]"}
RESULT: {"using":"xpath","value":"//*[@id=\"application-managepartners-display-component---NewPartner--addressDetailDetailsCountry-arrow\"]"}
COMMAND: POST /session/e1c9c002d5d3447acc7ed8721565bd54/element/f.06DF9BC5D4F2FE6DCE5AA073CBC21D39.d.95DB580E6C42D83B0D5543224D66A5B1.e.3679/click - {}
RESULT: {}
COMMAND: POST /session/e1c9c002d5d3447acc7ed8721565bd54/element - {"using":"xpath","value":"//span[contains(text(), \"Argentina\")]"}
COMMAND: GET /session/e1c9c002d5d3447acc7ed8721565bd54/screenshot - {}
RESULT: {"using":"xpath","value":"//span[contains(text(), \"Argentina\")]"}
COMMAND: POST /session/e1c9c002d5d3447acc7ed8721565bd54/element/f.06DF9BC5D4F2FE6DCE5AA073CBC21D39.d.95DB580E6C42D83B0D5543224D66A5B1.e.3696/click - {}
RESULT: {}
RESULT: {}
COMMAND: GET /session/e1c9c002d5d3447acc7ed8721565bd54/screenshot - {}
RESULT: {}
COMMAND: POST /session/e1c9c002d5d3447acc7ed8721565bd54/element - {"using":"xpath","value":"//bdi[contains(text(), \"Commercial\")]"}
RESULT: {"using":"xpath","value":"//bdi[contains(text(), \"Commercial\")]"}
COMMAND: POST /session/e1c9c002d5d3447acc7ed8721565bd54/element/f.06DF9BC5D4F2FE6DCE5AA073CBC21D39.d.95DB580E6C42D83B0D5543224D66A5B1.e.3697/click - {}
RESULT: {}
COMMAND: GET /session/e1c9c002d5d3447acc7ed8721565bd54/screenshot - {}
RESULT: {}
COMMAND: POST /session/e1c9c002d5d3447acc7ed8721565bd54/execute/async - {"script":"<script> [1562 bytes]","args":[{"selector":{"id":"application-managepartners-display-component---NewPartner--partnerDetailInternal-arrow"},"wdio_ui5_key":"applicationmanagepartners-display-component---NewPartner--partnerDetailInternal-arrow"}]}
RESULT: {"script":"<script> [1562 bytes]","args":[{"selector":{"id":"application-managepartners-display-component---NewPartner--partnerDetailInternal-arrow"},"wdio_ui5_key":"applicationmanagepartners-display-component---NewPartner--partnerDetailInternal-arrow"}]}
RESULT: undefined
COMMAND: POST /session/e1c9c002d5d3447acc7ed8721565bd54/element - {"using":"xpath","value":"//*[@id=\"application-managepartners-display-component---NewPartner--partnerDetailInternal-arrow\"]"}
RESULT: {"using":"xpath","value":"//*[@id=\"application-managepartners-display-component---NewPartner--partnerDetailInternal-arrow\"]"}
COMMAND: POST /session/e1c9c002d5d3447acc7ed8721565bd54/element/f.06DF9BC5D4F2FE6DCE5AA073CBC21D39.d.95DB580E6C42D83B0D5543224D66A5B1.e.3703/click - {}
RESULT: {}
COMMAND: POST /session/e1c9c002d5d3447acc7ed8721565bd54/element - {"using":"xpath","value":"//span[contains(text(), \"Affiliated company\")]"}
COMMAND: GET /session/e1c9c002d5d3447acc7ed8721565bd54/screenshot - {}
RESULT: {"using":"xpath","value":"//span[contains(text(), \"Affiliated company\")]"}
COMMAND: POST /session/e1c9c002d5d3447acc7ed8721565bd54/element/f.06DF9BC5D4F2FE6DCE5AA073CBC21D39.d.95DB580E6C42D83B0D5543224D66A5B1.e.3704/click - {}
RESULT: {}
RESULT: {}
COMMAND: POST /session/e1c9c002d5d3447acc7ed8721565bd54/execute/async - {"script":"<script> [1562 bytes]","args":[{"selector":{"id":"application-managepartners-display-component---NewPartner--partnerDetailsCurrency-arrow"},"wdio_ui5_key":"applicationmanagepartners-display-component---NewPartner--partnerDetailsCurrency-arrow"}]}
COMMAND: GET /session/e1c9c002d5d3447acc7ed8721565bd54/screenshot - {}
RESULT: {"script":"<script> [1562 bytes]","args":[{"selector":{"id":"application-managepartners-display-component---NewPartner--partnerDetailsCurrency-arrow"},"wdio_ui5_key":"applicationmanagepartners-display-component---NewPartner--partnerDetailsCurrency-arrow"}]}
RESULT: undefined
COMMAND: POST /session/e1c9c002d5d3447acc7ed8721565bd54/element - {"using":"xpath","value":"//*[@id=\"application-managepartners-display-component---NewPartner--partnerDetailsCurrency-arrow\"]"}
RESULT: {}
RESULT: {"using":"xpath","value":"//*[@id=\"application-managepartners-display-component---NewPartner--partnerDetailsCurrency-arrow\"]"}
COMMAND: POST /session/e1c9c002d5d3447acc7ed8721565bd54/element/f.06DF9BC5D4F2FE6DCE5AA073CBC21D39.d.95DB580E6C42D83B0D5543224D66A5B1.e.3711/click - {}
RESULT: {}
COMMAND: POST /session/e1c9c002d5d3447acc7ed8721565bd54/element - {"using":"xpath","value":"//span[contains(text(), \"Euro\")]"}
COMMAND: GET /session/e1c9c002d5d3447acc7ed8721565bd54/screenshot - {}
RESULT: {"using":"xpath","value":"//span[contains(text(), \"Euro\")]"}
COMMAND: POST /session/e1c9c002d5d3447acc7ed8721565bd54/element/f.06DF9BC5D4F2FE6DCE5AA073CBC21D39.d.95DB580E6C42D83B0D5543224D66A5B1.e.3712/click - {}
RESULT: {}
RESULT: {}
COMMAND: POST /session/e1c9c002d5d3447acc7ed8721565bd54/execute/async - {"script":"<script> [1562 bytes]","args":[{"selector":{"id":"application-managepartners-display-component---NewPartner--addressEditDetailsCostObjectCstType-arrow"},"wdio_ui5_key":"applicationmanagepartners-display-component---NewPartner--addressEditDetailsCostObjectCstType-arrow"}]}
COMMAND: GET /session/e1c9c002d5d3447acc7ed8721565bd54/screenshot - {}
RESULT: {"script":"<script> [1562 bytes]","args":[{"selector":{"id":"application-managepartners-display-component---NewPartner--addressEditDetailsCostObjectCstType-arrow"},"wdio_ui5_key":"applicationmanagepartners-display-component---NewPartner--addressEditDetailsCostObjectCstType-arrow"}]}
RESULT: undefined
COMMAND: POST /session/e1c9c002d5d3447acc7ed8721565bd54/element - {"using":"xpath","value":"//*[@id=\"application-managepartners-display-component---NewPartner--addressEditDetailsCostObjectCstType-arrow\"]"}
RESULT: {}
RESULT: {"using":"xpath","value":"//*[@id=\"application-managepartners-display-component---NewPartner--addressEditDetailsCostObjectCstType-arrow\"]"}
COMMAND: POST /session/e1c9c002d5d3447acc7ed8721565bd54/element/f.06DF9BC5D4F2FE6DCE5AA073CBC21D39.d.95DB580E6C42D83B0D5543224D66A5B1.e.3713/click - {}
RESULT: {}
COMMAND: POST /session/e1c9c002d5d3447acc7ed8721565bd54/element - {"using":"xpath","value":"//span[contains(text(), \"Cost Center\")]"}
COMMAND: GET /session/e1c9c002d5d3447acc7ed8721565bd54/screenshot - {}
RESULT: {"using":"xpath","value":"//span[contains(text(), \"Cost Center\")]"}
COMMAND: POST /session/e1c9c002d5d3447acc7ed8721565bd54/element/f.06DF9BC5D4F2FE6DCE5AA073CBC21D39.d.95DB580E6C42D83B0D5543224D66A5B1.e.3714/click - {}
RESULT: {}
RESULT: {}
COMMAND: GET /session/e1c9c002d5d3447acc7ed8721565bd54/screenshot - {}
RESULT: {}
COMMAND: POST /session/e1c9c002d5d3447acc7ed8721565bd54/element - {"using":"xpath","value":"//span[@id=\"application-managepartners-display-component---NewPartner--addressNewCostObjectCstID-vhi\"]"}
RESULT: {"using":"xpath","value":"//span[@id=\"application-managepartners-display-component---NewPartner--addressNewCostObjectCstID-vhi\"]"}
COMMAND: POST /session/e1c9c002d5d3447acc7ed8721565bd54/execute/sync - {"script":"<script> [8489 bytes]","args":[{"element-6066-11e4-a52e-4f735466cecf":"f.06DF9BC5D4F2FE6DCE5AA073CBC21D39.d.95DB580E6C42D83B0D5543224D66A5B1.e.3717","ELEMENT":"f.06DF9BC5D4F2FE6DCE5AA073CBC21D39.d.95DB580E6C42D83B0D5543224D66A5B1.e.3717"}]}
RESULT: {"script":"<script> [8489 bytes]","args":[{"element-6066-11e4-a52e-4f735466cecf":"f.06DF9BC5D4F2FE6DCE5AA073CBC21D39.d.95DB580E6C42D83B0D5543224D66A5B1.e.3717","ELEMENT":"f.06DF9BC5D4F2FE6DCE5AA073CBC21D39.d.95DB580E6C42D83B0D5543224D66A5B1.e.3717"}]}
COMMAND: POST /session/e1c9c002d5d3447acc7ed8721565bd54/execute/async - {"script":"<script> [1562 bytes]","args":[{"selector":{"id":"application-managepartners-display-component---NewPartner--addressNewCostObjectCstID-vhi"},"wdio_ui5_key":"applicationmanagepartners-display-component---NewPartner--addressNewCostObjectCstID-vhi"}]}
COMMAND: GET /session/e1c9c002d5d3447acc7ed8721565bd54/screenshot - {}
RESULT: {"script":"<script> [1562 bytes]","args":[{"selector":{"id":"application-managepartners-display-component---NewPartner--addressNewCostObjectCstID-vhi"},"wdio_ui5_key":"applicationmanagepartners-display-component---NewPartner--addressNewCostObjectCstID-vhi"}]}
RESULT: undefined
COMMAND: POST /session/e1c9c002d5d3447acc7ed8721565bd54/element - {"using":"xpath","value":"//*[@id=\"application-managepartners-display-component---NewPartner--addressNewCostObjectCstID-vhi\"]"}
RESULT: {}
RESULT: {"using":"xpath","value":"//*[@id=\"application-managepartners-display-component---NewPartner--addressNewCostObjectCstID-vhi\"]"}
COMMAND: POST /session/e1c9c002d5d3447acc7ed8721565bd54/element/f.06DF9BC5D4F2FE6DCE5AA073CBC21D39.d.95DB580E6C42D83B0D5543224D66A5B1.e.3717/click - {}
RESULT: {}
COMMAND: GET /session/e1c9c002d5d3447acc7ed8721565bd54/screenshot - {}
RESULT: {}
COMMAND: POST /session/e1c9c002d5d3447acc7ed8721565bd54/execute/async - {"script":"<script> [1562 bytes]","args":[{"selector":{"controlType":"sap.m.SearchField","properties":{"placeholder":"Search"},"searchOpenDialogs":true,"interaction":{"idSuffix":"I"}},"wdio_ui5_key":"sapm.SearchField{\"placeholder\":\"Search\"}"}]}
RESULT: {"script":"<script> [1562 bytes]","args":[{"selector":{"controlType":"sap.m.SearchField","properties":{"placeholder":"Search"},"searchOpenDialogs":true,"interaction":{"idSuffix":"I"}},"wdio_ui5_key":"sapm.SearchField{\"placeholder\":\"Search\"}"}]}
RESULT: undefined
COMMAND: POST /session/e1c9c002d5d3447acc7ed8721565bd54/execute/async - {"script":"<script> [776 bytes]","args":[{"enterText":"10001013","selector":{"controlType":"sap.m.SearchField","properties":{"placeholder":"Search"},"searchOpenDialogs":true,"interaction":{"idSuffix":"I"}},"clearTextFirst":true,"interactionType":"ENTER_TEXT"}]}
RESULT: {"script":"<script> [776 bytes]","args":[{"enterText":"10001013","selector":{"controlType":"sap.m.SearchField","properties":{"placeholder":"Search"},"searchOpenDialogs":true,"interaction":{"idSuffix":"I"}},"clearTextFirst":true,"interactionType":"ENTER_TEXT"}]}
COMMAND: POST /session/e1c9c002d5d3447acc7ed8721565bd54/actions - {"actions":[{"id":"action7","type":"key","parameters":{},"actions":[{"type":"keyDown","value":""},{"type":"pause","duration":10},{"type":"keyUp","value":""}]}]}
RESULT: {"actions":[{"id":"action7","type":"key","parameters":{},"actions":[{"type":"keyDown","value":""},{"type":"pause","duration":10},{"type":"keyUp","value":""}]}]}
COMMAND: GET /session/e1c9c002d5d3447acc7ed8721565bd54/screenshot - {}
RESULT: {}
COMMAND: POST /session/e1c9c002d5d3447acc7ed8721565bd54/element - {"using":"xpath","value":"//span[contains(text(), \"General Management\")]"}
RESULT: {"using":"xpath","value":"//span[contains(text(), \"General Management\")]"}
COMMAND: POST /session/e1c9c002d5d3447acc7ed8721565bd54/element/f.06DF9BC5D4F2FE6DCE5AA073CBC21D39.d.95DB580E6C42D83B0D5543224D66A5B1.e.3760/click - {}
RESULT: {}
COMMAND: GET /session/e1c9c002d5d3447acc7ed8721565bd54/screenshot - {}
RESULT: {}
COMMAND: POST /session/e1c9c002d5d3447acc7ed8721565bd54/element - {"using":"xpath","value":"//bdi[contains(text(), \"OK\")]"}
RESULT: {"using":"xpath","value":"//bdi[contains(text(), \"OK\")]"}
COMMAND: POST /session/e1c9c002d5d3447acc7ed8721565bd54/element/f.06DF9BC5D4F2FE6DCE5AA073CBC21D39.d.95DB580E6C42D83B0D5543224D66A5B1.e.3761/click - {}
RESULT: {}
COMMAND: GET /session/e1c9c002d5d3447acc7ed8721565bd54/screenshot - {}
RESULT: {}
COMMAND: POST /session/e1c9c002d5d3447acc7ed8721565bd54/element - {"using":"xpath","value":"//input[@id=\"application-managepartners-display-component---NewPartner--companyCodeComboBox-inner\"]"}
RESULT: {"using":"xpath","value":"//input[@id=\"application-managepartners-display-component---NewPartner--companyCodeComboBox-inner\"]"}
COMMAND: POST /session/e1c9c002d5d3447acc7ed8721565bd54/element/f.06DF9BC5D4F2FE6DCE5AA073CBC21D39.d.95DB580E6C42D83B0D5543224D66A5B1.e.3598/clear - {}
RESULT: {}
COMMAND: POST /session/e1c9c002d5d3447acc7ed8721565bd54/element/f.06DF9BC5D4F2FE6DCE5AA073CBC21D39.d.95DB580E6C42D83B0D5543224D66A5B1.e.3598/value - {"text":"C002"}
COMMAND: GET /session/e1c9c002d5d3447acc7ed8721565bd54/screenshot - {}
RESULT: {"text":"C002"}
COMMAND: GET /session/e1c9c002d5d3447acc7ed8721565bd54/screenshot - {}
RESULT: {}
RESULT: {}
COMMAND: POST /session/e1c9c002d5d3447acc7ed8721565bd54/element - {"using":"xpath","value":"//span[contains(text(), \"C002\")]"}
RESULT: {"using":"xpath","value":"//span[contains(text(), \"C002\")]"}
COMMAND: POST /session/e1c9c002d5d3447acc7ed8721565bd54/element/f.06DF9BC5D4F2FE6DCE5AA073CBC21D39.d.95DB580E6C42D83B0D5543224D66A5B1.e.3767/click - {}
RESULT: {}
COMMAND: GET /session/e1c9c002d5d3447acc7ed8721565bd54/screenshot - {}
RESULT: {}
COMMAND: POST /session/e1c9c002d5d3447acc7ed8721565bd54/execute/async - {"script":"<script> [1562 bytes]","args":[{"selector":{"id":"application-managepartners-display-component---NewPartner--btnAddTableRow-img"},"wdio_ui5_key":"applicationmanagepartners-display-component---NewPartner--btnAddTableRow-img"}]}
RESULT: {"script":"<script> [1562 bytes]","args":[{"selector":{"id":"application-managepartners-display-component---NewPartner--btnAddTableRow-img"},"wdio_ui5_key":"applicationmanagepartners-display-component---NewPartner--btnAddTableRow-img"}]}
RESULT: undefined
COMMAND: POST /session/e1c9c002d5d3447acc7ed8721565bd54/element - {"using":"xpath","value":"//*[@id=\"application-managepartners-display-component---NewPartner--btnAddTableRow-img\"]"}
RESULT: {"using":"xpath","value":"//*[@id=\"application-managepartners-display-component---NewPartner--btnAddTableRow-img\"]"}
COMMAND: POST /session/e1c9c002d5d3447acc7ed8721565bd54/element/f.06DF9BC5D4F2FE6DCE5AA073CBC21D39.d.95DB580E6C42D83B0D5543224D66A5B1.e.3768/click - {}
RESULT: {}
COMMAND: GET /session/e1c9c002d5d3447acc7ed8721565bd54/screenshot - {}
RESULT: {}
COMMAND: POST /session/e1c9c002d5d3447acc7ed8721565bd54/element - {"using":"xpath","value":"//input[@id=\"application-managepartners-display-component---NewPartner--assignmentYard-application-managepartners-display-component---NewPartner--assignmentsTable-0-inner\"]"}
RESULT: {"using":"xpath","value":"//input[@id=\"application-managepartners-display-component---NewPartner--assignmentYard-application-managepartners-display-component---NewPartner--assignmentsTable-0-inner\"]"}
COMMAND: POST /session/e1c9c002d5d3447acc7ed8721565bd54/element/f.06DF9BC5D4F2FE6DCE5AA073CBC21D39.d.95DB580E6C42D83B0D5543224D66A5B1.e.3771/clear - {}
RESULT: {}
COMMAND: POST /session/e1c9c002d5d3447acc7ed8721565bd54/element/f.06DF9BC5D4F2FE6DCE5AA073CBC21D39.d.95DB580E6C42D83B0D5543224D66A5B1.e.3771/value - {"text":"618"}
COMMAND: GET /session/e1c9c002d5d3447acc7ed8721565bd54/screenshot - {}
RESULT: {"text":"618"}
COMMAND: GET /session/e1c9c002d5d3447acc7ed8721565bd54/screenshot - {}
RESULT: {}
RESULT: {}
COMMAND: POST /session/e1c9c002d5d3447acc7ed8721565bd54/element - {"using":"xpath","value":"//li[.//span[text()='618']]"}
RESULT: {"using":"xpath","value":"//li[.//span[text()='618']]"}
COMMAND: POST /session/e1c9c002d5d3447acc7ed8721565bd54/element/f.06DF9BC5D4F2FE6DCE5AA073CBC21D39.d.95DB580E6C42D83B0D5543224D66A5B1.e.3780/click - {}
RESULT: {}
COMMAND: GET /session/e1c9c002d5d3447acc7ed8721565bd54/screenshot - {}
RESULT: {}
COMMAND: POST /session/e1c9c002d5d3447acc7ed8721565bd54/actions - {"actions":[{"id":"action8","type":"key","parameters":{},"actions":[{"type":"keyDown","value":""},{"type":"pause","duration":10},{"type":"keyUp","value":""}]}]}
RESULT: {"actions":[{"id":"action8","type":"key","parameters":{},"actions":[{"type":"keyDown","value":""},{"type":"pause","duration":10},{"type":"keyUp","value":""}]}]}
COMMAND: POST /session/e1c9c002d5d3447acc7ed8721565bd54/execute/async - {"script":"<script> [1562 bytes]","args":[{"selector":{"id":"application-managepartners-display-component---NewPartner--externalCustomerComboBox-application-managepartners-display-component---NewPartner--assignmentsTable-0-vhi"},"wdio_ui5_key":"applicationmanagepartners-display-component---NewPartner--externalCustomerComboBox-application-managepartners-display-component---NewPartner--assignmentsTable-0-vhi"}]}
COMMAND: GET /session/e1c9c002d5d3447acc7ed8721565bd54/screenshot - {}
RESULT: {"script":"<script> [1562 bytes]","args":[{"selector":{"id":"application-managepartners-display-component---NewPartner--externalCustomerComboBox-application-managepartners-display-component---NewPartner--assignmentsTable-0-vhi"},"wdio_ui5_key":"applicationmanagepartners-display-component---NewPartner--externalCustomerComboBox-application-managepartners-display-component---NewPartner--assignmentsTable-0-vhi"}]}
RESULT: undefined
COMMAND: POST /session/e1c9c002d5d3447acc7ed8721565bd54/element - {"using":"xpath","value":"//*[@id=\"application-managepartners-display-component---NewPartner--externalCustomerComboBox-application-managepartners-display-component---NewPartner--assignmentsTable-0-vhi\"]"}
RESULT: {}
RESULT: {"using":"xpath","value":"//*[@id=\"application-managepartners-display-component---NewPartner--externalCustomerComboBox-application-managepartners-display-component---NewPartner--assignmentsTable-0-vhi\"]"}
COMMAND: POST /session/e1c9c002d5d3447acc7ed8721565bd54/element/f.06DF9BC5D4F2FE6DCE5AA073CBC21D39.d.95DB580E6C42D83B0D5543224D66A5B1.e.3784/click - {}
RESULT: {}
RESULT: undefined
COMMAND: POST /session/e1c9c002d5d3447acc7ed8721565bd54/execute/async - {"script":"<script> [776 bytes]","args":[{"enterText":"300003","selector":{"controlType":"sap.m.SearchField","properties":{"placeholder":"Search"},"searchOpenDialogs":true,"interaction":{"idSuffix":"I"}},"clearTextFirst":true,"interactionType":"ENTER_TEXT"}]}
COMMAND: GET /session/e1c9c002d5d3447acc7ed8721565bd54/screenshot - {}
RESULT: {"script":"<script> [776 bytes]","args":[{"enterText":"300003","selector":{"controlType":"sap.m.SearchField","properties":{"placeholder":"Search"},"searchOpenDialogs":true,"interaction":{"idSuffix":"I"}},"clearTextFirst":true,"interactionType":"ENTER_TEXT"}]}
COMMAND: POST /session/e1c9c002d5d3447acc7ed8721565bd54/actions - {"actions":[{"id":"action9","type":"key","parameters":{},"actions":[{"type":"keyDown","value":""},{"type":"pause","duration":10},{"type":"keyUp","value":""}]}]}
RESULT: {}
RESULT: {"actions":[{"id":"action9","type":"key","parameters":{},"actions":[{"type":"keyDown","value":""},{"type":"pause","duration":10},{"type":"keyUp","value":""}]}]}
COMMAND: GET /session/e1c9c002d5d3447acc7ed8721565bd54/screenshot - {}
RESULT: {}
COMMAND: POST /session/e1c9c002d5d3447acc7ed8721565bd54/element - {"using":"xpath","value":"//span[contains(text(), \"300003\")]"}
RESULT: {"using":"xpath","value":"//span[contains(text(), \"300003\")]"}
COMMAND: POST /session/e1c9c002d5d3447acc7ed8721565bd54/element/f.06DF9BC5D4F2FE6DCE5AA073CBC21D39.d.95DB580E6C42D83B0D5543224D66A5B1.e.3802/click - {}
RESULT: {}
COMMAND: GET /session/e1c9c002d5d3447acc7ed8721565bd54/screenshot - {}
RESULT: {}
COMMAND: POST /session/e1c9c002d5d3447acc7ed8721565bd54/element - {"using":"xpath","value":"//bdi[contains(text(), \"OK\")]"}
RESULT: {"using":"xpath","value":"//bdi[contains(text(), \"OK\")]"}
COMMAND: POST /session/e1c9c002d5d3447acc7ed8721565bd54/element/f.06DF9BC5D4F2FE6DCE5AA073CBC21D39.d.95DB580E6C42D83B0D5543224D66A5B1.e.3804/click - {}
RESULT: {}
COMMAND: GET /session/e1c9c002d5d3447acc7ed8721565bd54/screenshot - {}
RESULT: {}
COMMAND: POST /session/e1c9c002d5d3447acc7ed8721565bd54/execute/async - {"script":"<script> [1562 bytes]","args":[{"selector":{"id":"application-managepartners-display-component---NewPartner--intercompVendorComboBox-application-managepartners-display-component---NewPartner--assignmentsTable-0-vhi"},"wdio_ui5_key":"applicationmanagepartners-display-component---NewPartner--intercompVendorComboBox-application-managepartners-display-component---NewPartner--assignmentsTable-0-vhi"}]}
RESULT: {"script":"<script> [1562 bytes]","args":[{"selector":{"id":"application-managepartners-display-component---NewPartner--intercompVendorComboBox-application-managepartners-display-component---NewPartner--assignmentsTable-0-vhi"},"wdio_ui5_key":"applicationmanagepartners-display-component---NewPartner--intercompVendorComboBox-application-managepartners-display-component---NewPartner--assignmentsTable-0-vhi"}]}
RESULT: undefined
COMMAND: POST /session/e1c9c002d5d3447acc7ed8721565bd54/element - {"using":"xpath","value":"//*[@id=\"application-managepartners-display-component---NewPartner--intercompVendorComboBox-application-managepartners-display-component---NewPartner--assignmentsTable-0-vhi\"]"}
RESULT: {"using":"xpath","value":"//*[@id=\"application-managepartners-display-component---NewPartner--intercompVendorComboBox-application-managepartners-display-component---NewPartner--assignmentsTable-0-vhi\"]"}
COMMAND: POST /session/e1c9c002d5d3447acc7ed8721565bd54/element/f.06DF9BC5D4F2FE6DCE5AA073CBC21D39.d.95DB580E6C42D83B0D5543224D66A5B1.e.3807/click - {}
RESULT: {}
RESULT: undefined
COMMAND: POST /session/e1c9c002d5d3447acc7ed8721565bd54/execute/async - {"script":"<script> [776 bytes]","args":[{"enterText":"100005","selector":{"controlType":"sap.m.SearchField","properties":{"placeholder":"Search"},"searchOpenDialogs":true,"interaction":{"idSuffix":"I"}},"clearTextFirst":true,"interactionType":"ENTER_TEXT"}]}
COMMAND: GET /session/e1c9c002d5d3447acc7ed8721565bd54/screenshot - {}
RESULT: {"script":"<script> [776 bytes]","args":[{"enterText":"100005","selector":{"controlType":"sap.m.SearchField","properties":{"placeholder":"Search"},"searchOpenDialogs":true,"interaction":{"idSuffix":"I"}},"clearTextFirst":true,"interactionType":"ENTER_TEXT"}]}
COMMAND: POST /session/e1c9c002d5d3447acc7ed8721565bd54/actions - {"actions":[{"id":"action10","type":"key","parameters":{},"actions":[{"type":"keyDown","value":""},{"type":"pause","duration":10},{"type":"keyUp","value":""}]}]}
RESULT: {}
RESULT: {"actions":[{"id":"action10","type":"key","parameters":{},"actions":[{"type":"keyDown","value":""},{"type":"pause","duration":10},{"type":"keyUp","value":""}]}]}
COMMAND: GET /session/e1c9c002d5d3447acc7ed8721565bd54/screenshot - {}
RESULT: {}
COMMAND: POST /session/e1c9c002d5d3447acc7ed8721565bd54/element - {"using":"xpath","value":"//span[contains(text(), \"Penguins - Field/12345 Berlin\")]"}
RESULT: {"using":"xpath","value":"//span[contains(text(), \"Penguins - Field/12345 Berlin\")]"}
COMMAND: POST /session/e1c9c002d5d3447acc7ed8721565bd54/element/f.06DF9BC5D4F2FE6DCE5AA073CBC21D39.d.95DB580E6C42D83B0D5543224D66A5B1.e.3825/click - {}
RESULT: {}
COMMAND: GET /session/e1c9c002d5d3447acc7ed8721565bd54/screenshot - {}
RESULT: {}
COMMAND: POST /session/e1c9c002d5d3447acc7ed8721565bd54/element - {"using":"xpath","value":"//bdi[contains(text(), \"OK\")]"}
RESULT: {"using":"xpath","value":"//bdi[contains(text(), \"OK\")]"}
COMMAND: POST /session/e1c9c002d5d3447acc7ed8721565bd54/element/f.06DF9BC5D4F2FE6DCE5AA073CBC21D39.d.95DB580E6C42D83B0D5543224D66A5B1.e.3826/click - {}
RESULT: {}
COMMAND: GET /session/e1c9c002d5d3447acc7ed8721565bd54/screenshot - {}
RESULT: {}
COMMAND: POST /session/e1c9c002d5d3447acc7ed8721565bd54/element - {"using":"xpath","value":"//button[@data-kt=\"saveButton\"]"}
RESULT: {"using":"xpath","value":"//button[@data-kt=\"saveButton\"]"}
COMMAND: POST /session/e1c9c002d5d3447acc7ed8721565bd54/element/f.06DF9BC5D4F2FE6DCE5AA073CBC21D39.d.95DB580E6C42D83B0D5543224D66A5B1.e.3675/click - {}
RESULT: {}
COMMAND: GET /session/e1c9c002d5d3447acc7ed8721565bd54/screenshot - {}
RESULT: {}
RESULT: undefined
COMMAND: POST /session/e1c9c002d5d3447acc7ed8721565bd54/element - {"using":"xpath","value":"//header[contains(@id, 'ObjectPageLayout-headerTitle')]/div[1]/div[2]/div[2]/span[1]"}
RESULT: {"using":"xpath","value":"//header[contains(@id, 'ObjectPageLayout-headerTitle')]/div[1]/div[2]/div[2]/span[1]"}
COMMAND: POST /session/e1c9c002d5d3447acc7ed8721565bd54/elements - {"using":"xpath","value":"//header[contains(@id, 'ObjectPageLayout-headerTitle')]/div[1]/div[2]/div[2]/span[1]"}
RESULT: {"using":"xpath","value":"//header[contains(@id, 'ObjectPageLayout-headerTitle')]/div[1]/div[2]/div[2]/span[1]"}
COMMAND: POST /session/e1c9c002d5d3447acc7ed8721565bd54/execute/sync - {"script":"<script> [56 bytes]","args":[{"element-6066-11e4-a52e-4f735466cecf":"f.06DF9BC5D4F2FE6DCE5AA073CBC21D39.d.95DB580E6C42D83B0D5543224D66A5B1.e.3996","ELEMENT":"f.06DF9BC5D4F2FE6DCE5AA073CBC21D39.d.95DB580E6C42D83B0D5543224D66A5B1.e.3996"}]}
RESULT: {"script":"<script> [56 bytes]","args":[{"element-6066-11e4-a52e-4f735466cecf":"f.06DF9BC5D4F2FE6DCE5AA073CBC21D39.d.95DB580E6C42D83B0D5543224D66A5B1.e.3996","ELEMENT":"f.06DF9BC5D4F2FE6DCE5AA073CBC21D39.d.95DB580E6C42D83B0D5543224D66A5B1.e.3996"}]}
COMMAND: POST /session/e1c9c002d5d3447acc7ed8721565bd54/element - {"using":"css selector","value":"#shell-header-logo"}
COMMAND: GET /session/e1c9c002d5d3447acc7ed8721565bd54/screenshot - {}
RESULT: {"using":"css selector","value":"#shell-header-logo"}
COMMAND: POST /session/e1c9c002d5d3447acc7ed8721565bd54/element/f.06DF9BC5D4F2FE6DCE5AA073CBC21D39.d.95DB580E6C42D83B0D5543224D66A5B1.e.3207/click - {}
RESULT: {}
COMMAND: GET /session/e1c9c002d5d3447acc7ed8721565bd54/screenshot - {}
RESULT: {}
]]></system-out>
      <system-err><![CDATA[
element click intercepted: element click intercepted: Element <a id="shell-header-logo" href="#Shell-home" title="Navigate to Home" role="button" class="sapUshellShellIco">...</a> is not clickable at point (126, 22). Other element would receive the click: <div id="sap-ui-blocklayer-popup" tabindex="0" class="sapUiBLy" style="z-index: 139; visibility: visible;"></div>
  (Session info: chrome=135.0.7049.42)
    at async UtilsPrerequisites.partnerCreation (D:\a\1\s\test\specs\BTS\prerequisites-and-utils-functions.js:581:9)
    at async Context.<anonymous> (D:\a\1\s\test\specs\BTS\manage-partners.spec.js:355:44)
]]></system-err>
    </testcase>
    <testcase classname="chrome.135_0_7049_42.windows.Partner_specific_tests_US150819_US151080_US151654_US151176_US103444_US151078_US151079_US151109_US151174_US151175_US151189" name="Should create a new intercompany partner edit some of its fields US151078" time="218.841">
      <skipped/>
      <system-out><![CDATA[
COMMAND: POST /session/e1c9c002d5d3447acc7ed8721565bd54/element - {"using":"xpath","value":"//li[.//span[text()=\"Manage Partners\"]]"}
RESULT: {"using":"xpath","value":"//li[.//span[text()=\"Manage Partners\"]]"}
COMMAND: POST /session/e1c9c002d5d3447acc7ed8721565bd54/element - {"using":"xpath","value":"//li[.//span[text()=\"Manage Partners\"]]"}
RESULT: {"using":"xpath","value":"//li[.//span[text()=\"Manage Partners\"]]"}
COMMAND: POST /session/e1c9c002d5d3447acc7ed8721565bd54/element - {"using":"css selector","value":"#shell-header-logo"}
RESULT: {"using":"css selector","value":"#shell-header-logo"}
COMMAND: POST /session/e1c9c002d5d3447acc7ed8721565bd54/element/f.06DF9BC5D4F2FE6DCE5AA073CBC21D39.d.95DB580E6C42D83B0D5543224D66A5B1.e.3207/click - {}
COMMAND: POST /session/e1c9c002d5d3447acc7ed8721565bd54/execute/sync - {"script":"<script> [8489 bytes]","args":[{"element-6066-11e4-a52e-4f735466cecf":"f.06DF9BC5D4F2FE6DCE5AA073CBC21D39.d.95DB580E6C42D83B0D5543224D66A5B1.e.3207","ELEMENT":"f.06DF9BC5D4F2FE6DCE5AA073CBC21D39.d.95DB580E6C42D83B0D5543224D66A5B1.e.3207"}]}
RESULT: {"script":"<script> [8489 bytes]","args":[{"element-6066-11e4-a52e-4f735466cecf":"f.06DF9BC5D4F2FE6DCE5AA073CBC21D39.d.95DB580E6C42D83B0D5543224D66A5B1.e.3207","ELEMENT":"f.06DF9BC5D4F2FE6DCE5AA073CBC21D39.d.95DB580E6C42D83B0D5543224D66A5B1.e.3207"}]}
COMMAND: POST /session/e1c9c002d5d3447acc7ed8721565bd54/execute/sync - {"script":"<script> [5351 bytes]","args":[{"element-6066-11e4-a52e-4f735466cecf":"f.06DF9BC5D4F2FE6DCE5AA073CBC21D39.d.95DB580E6C42D83B0D5543224D66A5B1.e.3207","ELEMENT":"f.06DF9BC5D4F2FE6DCE5AA073CBC21D39.d.95DB580E6C42D83B0D5543224D66A5B1.e.3207"}]}
COMMAND: GET /session/e1c9c002d5d3447acc7ed8721565bd54/screenshot - {}
RESULT: {"script":"<script> [5351 bytes]","args":[{"element-6066-11e4-a52e-4f735466cecf":"f.06DF9BC5D4F2FE6DCE5AA073CBC21D39.d.95DB580E6C42D83B0D5543224D66A5B1.e.3207","ELEMENT":"f.06DF9BC5D4F2FE6DCE5AA073CBC21D39.d.95DB580E6C42D83B0D5543224D66A5B1.e.3207"}]}
COMMAND: GET /session/e1c9c002d5d3447acc7ed8721565bd54/screenshot - {}
RESULT: {}
RESULT: {}
COMMAND: POST /session/e1c9c002d5d3447acc7ed8721565bd54/refresh - {}
RESULT: {}
COMMAND: GET /session/e1c9c002d5d3447acc7ed8721565bd54/screenshot - {}
RESULT: {}
COMMAND: POST /session/e1c9c002d5d3447acc7ed8721565bd54/refresh - {}
RESULT: {}
COMMAND: GET /session/e1c9c002d5d3447acc7ed8721565bd54/screenshot - {}
RESULT: {}
COMMAND: POST /session/e1c9c002d5d3447acc7ed8721565bd54/window/fullscreen - {}
RESULT: {}
COMMAND: POST /session/e1c9c002d5d3447acc7ed8721565bd54/execute/async - {"script":"<script> [189 bytes]","args":[]}
RESULT: {"script":"<script> [189 bytes]","args":[]}
COMMAND: POST /session/e1c9c002d5d3447acc7ed8721565bd54/execute/async - {"script":"<script> [123 bytes]","args":[]}
RESULT: {"script":"<script> [123 bytes]","args":[]}
COMMAND: POST /session/e1c9c002d5d3447acc7ed8721565bd54/timeouts - {"script":"<number>"}
RESULT: {"script":"<number>"}
COMMAND: GET /session/e1c9c002d5d3447acc7ed8721565bd54/timeouts - {}
RESULT: {}
RESULT: undefined
COMMAND: POST /session/e1c9c002d5d3447acc7ed8721565bd54/execute/async - {"script":"<script> [2676 bytes]","args":[]}
RESULT: {"script":"<script> [2676 bytes]","args":[]}
COMMAND: POST /session/e1c9c002d5d3447acc7ed8721565bd54/execute/async - {"script":"<script> [2342 bytes]","args":[{"protocol":"http","hostname":"0.0.0.0","path":"/","capabilities":{"browserName":"chrome","goog:chromeOptions":{"binary":"C:\\Program Files\\Google\\Chrome\\Application\\chrome.exe","args":["--start-maximized"]}},"logLevel":"warn","connectionRetryTimeout":120000,"connectionRetryCount":3,"logLevels":{},"enableDirectConnect":true,"strictSSL":true,"_":"65 more keys: [\"cacheDir\",\"port\",\"requestedCapabilities\",\"automationProtocol\",\"baseUrl\",\"waitforInterval\",\"waitforTimeout\",\"onReload\",\"beforeCommand\",\"afterCommand\",\"rootDir\",\"specs\",\"suites\",\"exclude\",\"groupLogsByTestSpec\",\"excludeDriverLogs\",\"bail\",\"framework\",\"reporters\",\"services\",\"maxInstances\",\"maxInstancesPerCapability\",\"injectGlobals\",\"filesToWatch\",\"execArgv\",\"runnerEnv\",\"runner\",\"shard\",\"specFileRetries\",\"specFileRetriesDelay\",\"specFileRetriesDeferred\",\"reporterSyncInterval\",\"reporterSyncTimeout\",\"cucumberFeaturesWithLineNumbers\",\"autoCompileOpts\",\"mochaOpts\",\"jasmineOpts\",\"cucumberOpts\",\"onPrepare\",\"onWorkerStart\",\"onWorkerEnd\",\"before\",\"beforeSession\",\"beforeSuite\",\"beforeHook\",\"beforeTest\",\"afterTest\",\"afterHook\",\"afterSuite\",\"afterSession\",\"after\",\"onComplete\",\"beforeAssertion\",\"afterAssertion\",\"beforeFeature\",\"beforeScenario\",\"beforeStep\",\"afterStep\",\"afterScenario\",\"afterFeature\",\"_\",\"suite\",\"$0\",\"ignoredWorkerServices\",\"wdi5\"]"}]}
RESULT: {"script":"<script> [2342 bytes]","args":[{"protocol":"http","hostname":"0.0.0.0","path":"/","capabilities":{"browserName":"chrome","goog:chromeOptions":{"binary":"C:\\Program Files\\Google\\Chrome\\Application\\chrome.exe","args":["--start-maximized"]}},"logLevel":"warn","connectionRetryTimeout":120000,"connectionRetryCount":3,"logLevels":{},"enableDirectConnect":true,"strictSSL":true,"_":"65 more keys: [\"cacheDir\",\"port\",\"requestedCapabilities\",\"automationProtocol\",\"baseUrl\",\"waitforInterval\",\"waitforTimeout\",\"onReload\",\"beforeCommand\",\"afterCommand\",\"rootDir\",\"specs\",\"suites\",\"exclude\",\"groupLogsByTestSpec\",\"excludeDriverLogs\",\"bail\",\"framework\",\"reporters\",\"services\",\"maxInstances\",\"maxInstancesPerCapability\",\"injectGlobals\",\"filesToWatch\",\"execArgv\",\"runnerEnv\",\"runner\",\"shard\",\"specFileRetries\",\"specFileRetriesDelay\",\"specFileRetriesDeferred\",\"reporterSyncInterval\",\"reporterSyncTimeout\",\"cucumberFeaturesWithLineNumbers\",\"autoCompileOpts\",\"mochaOpts\",\"jasmineOpts\",\"cucumberOpts\",\"onPrepare\",\"onWorkerStart\",\"onWorkerEnd\",\"before\",\"beforeSession\",\"beforeSuite\",\"beforeHook\",\"beforeTest\",\"afterTest\",\"afterHook\",\"afterSuite\",\"afterSession\",\"after\",\"onComplete\",\"beforeAssertion\",\"afterAssertion\",\"beforeFeature\",\"beforeScenario\",\"beforeStep\",\"afterStep\",\"afterScenario\",\"afterFeature\",\"_\",\"suite\",\"$0\",\"ignoredWorkerServices\",\"wdi5\"]"}]}
COMMAND: POST /session/e1c9c002d5d3447acc7ed8721565bd54/execute/async - {"script":"<script> [21126 bytes]","args":[35000]}
RESULT: {"script":"<script> [21126 bytes]","args":[35000]}
COMMAND: POST /session/e1c9c002d5d3447acc7ed8721565bd54/window/fullscreen - {}
RESULT: {}
COMMAND: POST /session/e1c9c002d5d3447acc7ed8721565bd54/window/fullscreen - {}
RESULT: {}
COMMAND: POST /session/e1c9c002d5d3447acc7ed8721565bd54/execute/async - {"script":"<script> [1562 bytes]","args":[{"selector":{"controlType":"sap.m.GenericTile","properties":{"header":"Manage Partners"}},"wdio_ui5_key":"sapm.GenericTile{\"header\":\"Manage Partners\"}"}]}
RESULT: {"script":"<script> [1562 bytes]","args":[{"selector":{"controlType":"sap.m.GenericTile","properties":{"header":"Manage Partners"}},"wdio_ui5_key":"sapm.GenericTile{\"header\":\"Manage Partners\"}"}]}
RESULT: undefined
COMMAND: POST /session/e1c9c002d5d3447acc7ed8721565bd54/element - {"using":"xpath","value":"//button[@data-kt=\"addButton\"]"}
RESULT: {"using":"xpath","value":"//button[@data-kt=\"addButton\"]"}
COMMAND: POST /session/e1c9c002d5d3447acc7ed8721565bd54/elements - {"using":"xpath","value":"//button[@data-kt=\"addButton\"]"}
RESULT: {"using":"xpath","value":"//button[@data-kt=\"addButton\"]"}
COMMAND: POST /session/e1c9c002d5d3447acc7ed8721565bd54/execute/sync - {"script":"<script> [8489 bytes]","args":[{"element-6066-11e4-a52e-4f735466cecf":"f.06DF9BC5D4F2FE6DCE5AA073CBC21D39.d.3687A15C7FACABAE541912CB4D9A38A0.e.4109","ELEMENT":"f.06DF9BC5D4F2FE6DCE5AA073CBC21D39.d.3687A15C7FACABAE541912CB4D9A38A0.e.4109"}]}
RESULT: {"script":"<script> [8489 bytes]","args":[{"element-6066-11e4-a52e-4f735466cecf":"f.06DF9BC5D4F2FE6DCE5AA073CBC21D39.d.3687A15C7FACABAE541912CB4D9A38A0.e.4109","ELEMENT":"f.06DF9BC5D4F2FE6DCE5AA073CBC21D39.d.3687A15C7FACABAE541912CB4D9A38A0.e.4109"}]}
COMMAND: GET /session/e1c9c002d5d3447acc7ed8721565bd54/element/f.06DF9BC5D4F2FE6DCE5AA073CBC21D39.d.3687A15C7FACABAE541912CB4D9A38A0.e.4109/enabled - {}
COMMAND: GET /session/e1c9c002d5d3447acc7ed8721565bd54/screenshot - {}
RESULT: {}
COMMAND: POST /session/e1c9c002d5d3447acc7ed8721565bd54/execute/sync - {"script":"<script> [8489 bytes]","args":[{"element-6066-11e4-a52e-4f735466cecf":"f.06DF9BC5D4F2FE6DCE5AA073CBC21D39.d.3687A15C7FACABAE541912CB4D9A38A0.e.4109","ELEMENT":"f.06DF9BC5D4F2FE6DCE5AA073CBC21D39.d.3687A15C7FACABAE541912CB4D9A38A0.e.4109"}]}
COMMAND: GET /session/e1c9c002d5d3447acc7ed8721565bd54/screenshot - {}
RESULT: {}
RESULT: {"script":"<script> [8489 bytes]","args":[{"element-6066-11e4-a52e-4f735466cecf":"f.06DF9BC5D4F2FE6DCE5AA073CBC21D39.d.3687A15C7FACABAE541912CB4D9A38A0.e.4109","ELEMENT":"f.06DF9BC5D4F2FE6DCE5AA073CBC21D39.d.3687A15C7FACABAE541912CB4D9A38A0.e.4109"}]}
COMMAND: POST /session/e1c9c002d5d3447acc7ed8721565bd54/execute/sync - {"script":"<script> [5351 bytes]","args":[{"element-6066-11e4-a52e-4f735466cecf":"f.06DF9BC5D4F2FE6DCE5AA073CBC21D39.d.3687A15C7FACABAE541912CB4D9A38A0.e.4109","ELEMENT":"f.06DF9BC5D4F2FE6DCE5AA073CBC21D39.d.3687A15C7FACABAE541912CB4D9A38A0.e.4109"}]}
COMMAND: GET /session/e1c9c002d5d3447acc7ed8721565bd54/screenshot - {}
RESULT: {}
RESULT: {"script":"<script> [5351 bytes]","args":[{"element-6066-11e4-a52e-4f735466cecf":"f.06DF9BC5D4F2FE6DCE5AA073CBC21D39.d.3687A15C7FACABAE541912CB4D9A38A0.e.4109","ELEMENT":"f.06DF9BC5D4F2FE6DCE5AA073CBC21D39.d.3687A15C7FACABAE541912CB4D9A38A0.e.4109"}]}
COMMAND: POST /session/e1c9c002d5d3447acc7ed8721565bd54/element/f.06DF9BC5D4F2FE6DCE5AA073CBC21D39.d.3687A15C7FACABAE541912CB4D9A38A0.e.4109/click - {}
COMMAND: GET /session/e1c9c002d5d3447acc7ed8721565bd54/screenshot - {}
RESULT: {}
RESULT: {}
COMMAND: GET /session/e1c9c002d5d3447acc7ed8721565bd54/screenshot - {}
RESULT: {}
RESULT: {}
COMMAND: POST /session/e1c9c002d5d3447acc7ed8721565bd54/execute/async - {"script":"<script> [1562 bytes]","args":[{"selector":{"id":"application-managepartners-display-component---NewPartner--addressDetailDetailsName1","interaction":{"idSuffix":"inner"}},"wdio_ui5_key":"applicationmanagepartners-display-component---NewPartner--addressDetailDetailsName1"}]}
RESULT: {"script":"<script> [1562 bytes]","args":[{"selector":{"id":"application-managepartners-display-component---NewPartner--addressDetailDetailsName1","interaction":{"idSuffix":"inner"}},"wdio_ui5_key":"applicationmanagepartners-display-component---NewPartner--addressDetailDetailsName1"}]}
RESULT: undefined
COMMAND: POST /session/e1c9c002d5d3447acc7ed8721565bd54/execute/async - {"script":"<script> [776 bytes]","args":[{"enterText":"Intercompany Partner WDIO","selector":{"id":"application-managepartners-display-component---NewPartner--addressDetailDetailsName1","interaction":{"idSuffix":"inner"}},"clearTextFirst":true,"interactionType":"ENTER_TEXT"}]}
RESULT: {"script":"<script> [776 bytes]","args":[{"enterText":"Intercompany Partner WDIO","selector":{"id":"application-managepartners-display-component---NewPartner--addressDetailDetailsName1","interaction":{"idSuffix":"inner"}},"clearTextFirst":true,"interactionType":"ENTER_TEXT"}]}
COMMAND: POST /session/e1c9c002d5d3447acc7ed8721565bd54/execute/async - {"script":"<script> [1562 bytes]","args":[{"selector":{"id":"application-managepartners-display-component---NewPartner--addressDetailDetailsLanguage-arrow"},"wdio_ui5_key":"applicationmanagepartners-display-component---NewPartner--addressDetailDetailsLanguage-arrow"}]}
RESULT: {"script":"<script> [1562 bytes]","args":[{"selector":{"id":"application-managepartners-display-component---NewPartner--addressDetailDetailsLanguage-arrow"},"wdio_ui5_key":"applicationmanagepartners-display-component---NewPartner--addressDetailDetailsLanguage-arrow"}]}
RESULT: undefined
COMMAND: POST /session/e1c9c002d5d3447acc7ed8721565bd54/element - {"using":"xpath","value":"//*[@id=\"application-managepartners-display-component---NewPartner--addressDetailDetailsLanguage-arrow\"]"}
RESULT: {"using":"xpath","value":"//*[@id=\"application-managepartners-display-component---NewPartner--addressDetailDetailsLanguage-arrow\"]"}
COMMAND: POST /session/e1c9c002d5d3447acc7ed8721565bd54/element/f.06DF9BC5D4F2FE6DCE5AA073CBC21D39.d.3687A15C7FACABAE541912CB4D9A38A0.e.4403/click - {}
RESULT: {}
COMMAND: POST /session/e1c9c002d5d3447acc7ed8721565bd54/element - {"using":"xpath","value":"//span[contains(text(), \"English\")]"}
COMMAND: GET /session/e1c9c002d5d3447acc7ed8721565bd54/screenshot - {}
RESULT: {"using":"xpath","value":"//span[contains(text(), \"English\")]"}
COMMAND: POST /session/e1c9c002d5d3447acc7ed8721565bd54/element/f.06DF9BC5D4F2FE6DCE5AA073CBC21D39.d.3687A15C7FACABAE541912CB4D9A38A0.e.4404/click - {}
RESULT: {}
RESULT: {}
COMMAND: GET /session/e1c9c002d5d3447acc7ed8721565bd54/screenshot - {}
RESULT: {}
COMMAND: POST /session/e1c9c002d5d3447acc7ed8721565bd54/execute/async - {"script":"<script> [1562 bytes]","args":[{"selector":{"id":"application-managepartners-display-component---NewPartner--addressDetailDetailsCity1","interaction":{"idSuffix":"inner"}},"wdio_ui5_key":"applicationmanagepartners-display-component---NewPartner--addressDetailDetailsCity1"}]}
RESULT: {"script":"<script> [1562 bytes]","args":[{"selector":{"id":"application-managepartners-display-component---NewPartner--addressDetailDetailsCity1","interaction":{"idSuffix":"inner"}},"wdio_ui5_key":"applicationmanagepartners-display-component---NewPartner--addressDetailDetailsCity1"}]}
RESULT: undefined
COMMAND: POST /session/e1c9c002d5d3447acc7ed8721565bd54/execute/async - {"script":"<script> [776 bytes]","args":[{"enterText":"Rosario","selector":{"id":"application-managepartners-display-component---NewPartner--addressDetailDetailsCity1","interaction":{"idSuffix":"inner"}},"clearTextFirst":true,"interactionType":"ENTER_TEXT"}]}
RESULT: {"script":"<script> [776 bytes]","args":[{"enterText":"Rosario","selector":{"id":"application-managepartners-display-component---NewPartner--addressDetailDetailsCity1","interaction":{"idSuffix":"inner"}},"clearTextFirst":true,"interactionType":"ENTER_TEXT"}]}
COMMAND: POST /session/e1c9c002d5d3447acc7ed8721565bd54/execute/async - {"script":"<script> [1562 bytes]","args":[{"selector":{"id":"application-managepartners-display-component---NewPartner--addressDetailDetailsCountry-arrow"},"wdio_ui5_key":"applicationmanagepartners-display-component---NewPartner--addressDetailDetailsCountry-arrow"}]}
RESULT: {"script":"<script> [1562 bytes]","args":[{"selector":{"id":"application-managepartners-display-component---NewPartner--addressDetailDetailsCountry-arrow"},"wdio_ui5_key":"applicationmanagepartners-display-component---NewPartner--addressDetailDetailsCountry-arrow"}]}
RESULT: undefined
COMMAND: POST /session/e1c9c002d5d3447acc7ed8721565bd54/element - {"using":"xpath","value":"//*[@id=\"application-managepartners-display-component---NewPartner--addressDetailDetailsCountry-arrow\"]"}
RESULT: {"using":"xpath","value":"//*[@id=\"application-managepartners-display-component---NewPartner--addressDetailDetailsCountry-arrow\"]"}
COMMAND: POST /session/e1c9c002d5d3447acc7ed8721565bd54/element/f.06DF9BC5D4F2FE6DCE5AA073CBC21D39.d.3687A15C7FACABAE541912CB4D9A38A0.e.4255/click - {}
RESULT: {}
COMMAND: POST /session/e1c9c002d5d3447acc7ed8721565bd54/element - {"using":"xpath","value":"//span[contains(text(), \"Argentina\")]"}
COMMAND: GET /session/e1c9c002d5d3447acc7ed8721565bd54/screenshot - {}
RESULT: {"using":"xpath","value":"//span[contains(text(), \"Argentina\")]"}
COMMAND: POST /session/e1c9c002d5d3447acc7ed8721565bd54/element/f.06DF9BC5D4F2FE6DCE5AA073CBC21D39.d.3687A15C7FACABAE541912CB4D9A38A0.e.4406/click - {}
RESULT: {}
RESULT: {}
COMMAND: GET /session/e1c9c002d5d3447acc7ed8721565bd54/screenshot - {}
RESULT: {}
COMMAND: POST /session/e1c9c002d5d3447acc7ed8721565bd54/element - {"using":"xpath","value":"//bdi[contains(text(), \"Commercial\")]"}
RESULT: {"using":"xpath","value":"//bdi[contains(text(), \"Commercial\")]"}
COMMAND: POST /session/e1c9c002d5d3447acc7ed8721565bd54/element/f.06DF9BC5D4F2FE6DCE5AA073CBC21D39.d.3687A15C7FACABAE541912CB4D9A38A0.e.4407/click - {}
RESULT: {}
COMMAND: GET /session/e1c9c002d5d3447acc7ed8721565bd54/screenshot - {}
RESULT: {}
COMMAND: POST /session/e1c9c002d5d3447acc7ed8721565bd54/execute/async - {"script":"<script> [1562 bytes]","args":[{"selector":{"id":"application-managepartners-display-component---NewPartner--partnerDetailInternal-arrow"},"wdio_ui5_key":"applicationmanagepartners-display-component---NewPartner--partnerDetailInternal-arrow"}]}
RESULT: {"script":"<script> [1562 bytes]","args":[{"selector":{"id":"application-managepartners-display-component---NewPartner--partnerDetailInternal-arrow"},"wdio_ui5_key":"applicationmanagepartners-display-component---NewPartner--partnerDetailInternal-arrow"}]}
RESULT: undefined
COMMAND: POST /session/e1c9c002d5d3447acc7ed8721565bd54/element - {"using":"xpath","value":"//*[@id=\"application-managepartners-display-component---NewPartner--partnerDetailInternal-arrow\"]"}
RESULT: {"using":"xpath","value":"//*[@id=\"application-managepartners-display-component---NewPartner--partnerDetailInternal-arrow\"]"}
COMMAND: POST /session/e1c9c002d5d3447acc7ed8721565bd54/element/f.06DF9BC5D4F2FE6DCE5AA073CBC21D39.d.3687A15C7FACABAE541912CB4D9A38A0.e.4413/click - {}
RESULT: {}
COMMAND: POST /session/e1c9c002d5d3447acc7ed8721565bd54/element - {"using":"xpath","value":"//span[contains(text(), \"Affiliated company\")]"}
COMMAND: GET /session/e1c9c002d5d3447acc7ed8721565bd54/screenshot - {}
RESULT: {"using":"xpath","value":"//span[contains(text(), \"Affiliated company\")]"}
COMMAND: POST /session/e1c9c002d5d3447acc7ed8721565bd54/element/f.06DF9BC5D4F2FE6DCE5AA073CBC21D39.d.3687A15C7FACABAE541912CB4D9A38A0.e.4414/click - {}
RESULT: {}
RESULT: {}
COMMAND: POST /session/e1c9c002d5d3447acc7ed8721565bd54/execute/async - {"script":"<script> [1562 bytes]","args":[{"selector":{"id":"application-managepartners-display-component---NewPartner--partnerDetailsCurrency-arrow"},"wdio_ui5_key":"applicationmanagepartners-display-component---NewPartner--partnerDetailsCurrency-arrow"}]}
COMMAND: GET /session/e1c9c002d5d3447acc7ed8721565bd54/screenshot - {}
RESULT: {"script":"<script> [1562 bytes]","args":[{"selector":{"id":"application-managepartners-display-component---NewPartner--partnerDetailsCurrency-arrow"},"wdio_ui5_key":"applicationmanagepartners-display-component---NewPartner--partnerDetailsCurrency-arrow"}]}
RESULT: undefined
COMMAND: POST /session/e1c9c002d5d3447acc7ed8721565bd54/element - {"using":"xpath","value":"//*[@id=\"application-managepartners-display-component---NewPartner--partnerDetailsCurrency-arrow\"]"}
RESULT: {}
RESULT: {"using":"xpath","value":"//*[@id=\"application-managepartners-display-component---NewPartner--partnerDetailsCurrency-arrow\"]"}
COMMAND: POST /session/e1c9c002d5d3447acc7ed8721565bd54/element/f.06DF9BC5D4F2FE6DCE5AA073CBC21D39.d.3687A15C7FACABAE541912CB4D9A38A0.e.4421/click - {}
RESULT: {}
COMMAND: POST /session/e1c9c002d5d3447acc7ed8721565bd54/element - {"using":"xpath","value":"//span[contains(text(), \"Euro\")]"}
COMMAND: GET /session/e1c9c002d5d3447acc7ed8721565bd54/screenshot - {}
RESULT: {"using":"xpath","value":"//span[contains(text(), \"Euro\")]"}
COMMAND: POST /session/e1c9c002d5d3447acc7ed8721565bd54/element/f.06DF9BC5D4F2FE6DCE5AA073CBC21D39.d.3687A15C7FACABAE541912CB4D9A38A0.e.4422/click - {}
RESULT: {}
RESULT: {}
COMMAND: POST /session/e1c9c002d5d3447acc7ed8721565bd54/execute/async - {"script":"<script> [1562 bytes]","args":[{"selector":{"id":"application-managepartners-display-component---NewPartner--addressEditDetailsCostObjectCstType-arrow"},"wdio_ui5_key":"applicationmanagepartners-display-component---NewPartner--addressEditDetailsCostObjectCstType-arrow"}]}
COMMAND: GET /session/e1c9c002d5d3447acc7ed8721565bd54/screenshot - {}
RESULT: {"script":"<script> [1562 bytes]","args":[{"selector":{"id":"application-managepartners-display-component---NewPartner--addressEditDetailsCostObjectCstType-arrow"},"wdio_ui5_key":"applicationmanagepartners-display-component---NewPartner--addressEditDetailsCostObjectCstType-arrow"}]}
RESULT: undefined
COMMAND: POST /session/e1c9c002d5d3447acc7ed8721565bd54/element - {"using":"xpath","value":"//*[@id=\"application-managepartners-display-component---NewPartner--addressEditDetailsCostObjectCstType-arrow\"]"}
RESULT: {}
RESULT: {"using":"xpath","value":"//*[@id=\"application-managepartners-display-component---NewPartner--addressEditDetailsCostObjectCstType-arrow\"]"}
COMMAND: POST /session/e1c9c002d5d3447acc7ed8721565bd54/element/f.06DF9BC5D4F2FE6DCE5AA073CBC21D39.d.3687A15C7FACABAE541912CB4D9A38A0.e.4423/click - {}
RESULT: {}
COMMAND: POST /session/e1c9c002d5d3447acc7ed8721565bd54/element - {"using":"xpath","value":"//span[contains(text(), \"Cost Center\")]"}
COMMAND: GET /session/e1c9c002d5d3447acc7ed8721565bd54/screenshot - {}
RESULT: {"using":"xpath","value":"//span[contains(text(), \"Cost Center\")]"}
COMMAND: POST /session/e1c9c002d5d3447acc7ed8721565bd54/element/f.06DF9BC5D4F2FE6DCE5AA073CBC21D39.d.3687A15C7FACABAE541912CB4D9A38A0.e.4424/click - {}
RESULT: {}
RESULT: {}
COMMAND: GET /session/e1c9c002d5d3447acc7ed8721565bd54/screenshot - {}
RESULT: {}
COMMAND: POST /session/e1c9c002d5d3447acc7ed8721565bd54/element - {"using":"xpath","value":"//span[@id=\"application-managepartners-display-component---NewPartner--addressNewCostObjectCstID-vhi\"]"}
RESULT: {"using":"xpath","value":"//span[@id=\"application-managepartners-display-component---NewPartner--addressNewCostObjectCstID-vhi\"]"}
COMMAND: POST /session/e1c9c002d5d3447acc7ed8721565bd54/execute/sync - {"script":"<script> [8489 bytes]","args":[{"element-6066-11e4-a52e-4f735466cecf":"f.06DF9BC5D4F2FE6DCE5AA073CBC21D39.d.3687A15C7FACABAE541912CB4D9A38A0.e.4427","ELEMENT":"f.06DF9BC5D4F2FE6DCE5AA073CBC21D39.d.3687A15C7FACABAE541912CB4D9A38A0.e.4427"}]}
RESULT: {"script":"<script> [8489 bytes]","args":[{"element-6066-11e4-a52e-4f735466cecf":"f.06DF9BC5D4F2FE6DCE5AA073CBC21D39.d.3687A15C7FACABAE541912CB4D9A38A0.e.4427","ELEMENT":"f.06DF9BC5D4F2FE6DCE5AA073CBC21D39.d.3687A15C7FACABAE541912CB4D9A38A0.e.4427"}]}
COMMAND: POST /session/e1c9c002d5d3447acc7ed8721565bd54/execute/async - {"script":"<script> [1562 bytes]","args":[{"selector":{"id":"application-managepartners-display-component---NewPartner--addressNewCostObjectCstID-vhi"},"wdio_ui5_key":"applicationmanagepartners-display-component---NewPartner--addressNewCostObjectCstID-vhi"}]}
COMMAND: GET /session/e1c9c002d5d3447acc7ed8721565bd54/screenshot - {}
RESULT: {"script":"<script> [1562 bytes]","args":[{"selector":{"id":"application-managepartners-display-component---NewPartner--addressNewCostObjectCstID-vhi"},"wdio_ui5_key":"applicationmanagepartners-display-component---NewPartner--addressNewCostObjectCstID-vhi"}]}
RESULT: undefined
COMMAND: POST /session/e1c9c002d5d3447acc7ed8721565bd54/element - {"using":"xpath","value":"//*[@id=\"application-managepartners-display-component---NewPartner--addressNewCostObjectCstID-vhi\"]"}
RESULT: {}
RESULT: {"using":"xpath","value":"//*[@id=\"application-managepartners-display-component---NewPartner--addressNewCostObjectCstID-vhi\"]"}
COMMAND: POST /session/e1c9c002d5d3447acc7ed8721565bd54/element/f.06DF9BC5D4F2FE6DCE5AA073CBC21D39.d.3687A15C7FACABAE541912CB4D9A38A0.e.4427/click - {}
RESULT: {}
COMMAND: GET /session/e1c9c002d5d3447acc7ed8721565bd54/screenshot - {}
RESULT: {}
COMMAND: POST /session/e1c9c002d5d3447acc7ed8721565bd54/execute/async - {"script":"<script> [1562 bytes]","args":[{"selector":{"controlType":"sap.m.SearchField","properties":{"placeholder":"Search"},"searchOpenDialogs":true,"interaction":{"idSuffix":"I"}},"wdio_ui5_key":"sapm.SearchField{\"placeholder\":\"Search\"}"}]}
RESULT: {"script":"<script> [1562 bytes]","args":[{"selector":{"controlType":"sap.m.SearchField","properties":{"placeholder":"Search"},"searchOpenDialogs":true,"interaction":{"idSuffix":"I"}},"wdio_ui5_key":"sapm.SearchField{\"placeholder\":\"Search\"}"}]}
RESULT: undefined
COMMAND: POST /session/e1c9c002d5d3447acc7ed8721565bd54/execute/async - {"script":"<script> [776 bytes]","args":[{"enterText":"10001013","selector":{"controlType":"sap.m.SearchField","properties":{"placeholder":"Search"},"searchOpenDialogs":true,"interaction":{"idSuffix":"I"}},"clearTextFirst":true,"interactionType":"ENTER_TEXT"}]}
RESULT: {"script":"<script> [776 bytes]","args":[{"enterText":"10001013","selector":{"controlType":"sap.m.SearchField","properties":{"placeholder":"Search"},"searchOpenDialogs":true,"interaction":{"idSuffix":"I"}},"clearTextFirst":true,"interactionType":"ENTER_TEXT"}]}
COMMAND: POST /session/e1c9c002d5d3447acc7ed8721565bd54/actions - {"actions":[{"id":"action11","type":"key","parameters":{},"actions":[{"type":"keyDown","value":""},{"type":"pause","duration":10},{"type":"keyUp","value":""}]}]}
RESULT: {"actions":[{"id":"action11","type":"key","parameters":{},"actions":[{"type":"keyDown","value":""},{"type":"pause","duration":10},{"type":"keyUp","value":""}]}]}
COMMAND: GET /session/e1c9c002d5d3447acc7ed8721565bd54/screenshot - {}
RESULT: {}
COMMAND: POST /session/e1c9c002d5d3447acc7ed8721565bd54/element - {"using":"xpath","value":"//span[contains(text(), \"General Management\")]"}
RESULT: {"using":"xpath","value":"//span[contains(text(), \"General Management\")]"}
COMMAND: POST /session/e1c9c002d5d3447acc7ed8721565bd54/element/f.06DF9BC5D4F2FE6DCE5AA073CBC21D39.d.3687A15C7FACABAE541912CB4D9A38A0.e.4470/click - {}
RESULT: {}
COMMAND: GET /session/e1c9c002d5d3447acc7ed8721565bd54/screenshot - {}
RESULT: {}
COMMAND: POST /session/e1c9c002d5d3447acc7ed8721565bd54/element - {"using":"xpath","value":"//bdi[contains(text(), \"OK\")]"}
RESULT: {"using":"xpath","value":"//bdi[contains(text(), \"OK\")]"}
COMMAND: POST /session/e1c9c002d5d3447acc7ed8721565bd54/element/f.06DF9BC5D4F2FE6DCE5AA073CBC21D39.d.3687A15C7FACABAE541912CB4D9A38A0.e.4471/click - {}
RESULT: {}
COMMAND: GET /session/e1c9c002d5d3447acc7ed8721565bd54/screenshot - {}
RESULT: {}
COMMAND: POST /session/e1c9c002d5d3447acc7ed8721565bd54/element - {"using":"xpath","value":"//input[@id=\"application-managepartners-display-component---NewPartner--companyCodeComboBox-inner\"]"}
RESULT: {"using":"xpath","value":"//input[@id=\"application-managepartners-display-component---NewPartner--companyCodeComboBox-inner\"]"}
COMMAND: POST /session/e1c9c002d5d3447acc7ed8721565bd54/element/f.06DF9BC5D4F2FE6DCE5AA073CBC21D39.d.3687A15C7FACABAE541912CB4D9A38A0.e.4392/clear - {}
RESULT: {}
COMMAND: POST /session/e1c9c002d5d3447acc7ed8721565bd54/element/f.06DF9BC5D4F2FE6DCE5AA073CBC21D39.d.3687A15C7FACABAE541912CB4D9A38A0.e.4392/value - {"text":"C002"}
COMMAND: GET /session/e1c9c002d5d3447acc7ed8721565bd54/screenshot - {}
RESULT: {"text":"C002"}
COMMAND: GET /session/e1c9c002d5d3447acc7ed8721565bd54/screenshot - {}
RESULT: {}
RESULT: {}
COMMAND: POST /session/e1c9c002d5d3447acc7ed8721565bd54/element - {"using":"xpath","value":"//span[contains(text(), \"C002\")]"}
RESULT: {"using":"xpath","value":"//span[contains(text(), \"C002\")]"}
COMMAND: POST /session/e1c9c002d5d3447acc7ed8721565bd54/element/f.06DF9BC5D4F2FE6DCE5AA073CBC21D39.d.3687A15C7FACABAE541912CB4D9A38A0.e.4477/click - {}
RESULT: {}
COMMAND: GET /session/e1c9c002d5d3447acc7ed8721565bd54/screenshot - {}
RESULT: {}
COMMAND: POST /session/e1c9c002d5d3447acc7ed8721565bd54/execute/async - {"script":"<script> [1562 bytes]","args":[{"selector":{"id":"application-managepartners-display-component---NewPartner--btnAddTableRow-img"},"wdio_ui5_key":"applicationmanagepartners-display-component---NewPartner--btnAddTableRow-img"}]}
RESULT: {"script":"<script> [1562 bytes]","args":[{"selector":{"id":"application-managepartners-display-component---NewPartner--btnAddTableRow-img"},"wdio_ui5_key":"applicationmanagepartners-display-component---NewPartner--btnAddTableRow-img"}]}
RESULT: undefined
COMMAND: POST /session/e1c9c002d5d3447acc7ed8721565bd54/element - {"using":"xpath","value":"//*[@id=\"application-managepartners-display-component---NewPartner--btnAddTableRow-img\"]"}
RESULT: {"using":"xpath","value":"//*[@id=\"application-managepartners-display-component---NewPartner--btnAddTableRow-img\"]"}
COMMAND: POST /session/e1c9c002d5d3447acc7ed8721565bd54/element/f.06DF9BC5D4F2FE6DCE5AA073CBC21D39.d.3687A15C7FACABAE541912CB4D9A38A0.e.4478/click - {}
RESULT: {}
COMMAND: GET /session/e1c9c002d5d3447acc7ed8721565bd54/screenshot - {}
RESULT: {}
COMMAND: POST /session/e1c9c002d5d3447acc7ed8721565bd54/element - {"using":"xpath","value":"//input[@id=\"application-managepartners-display-component---NewPartner--assignmentYard-application-managepartners-display-component---NewPartner--assignmentsTable-0-inner\"]"}
RESULT: {"using":"xpath","value":"//input[@id=\"application-managepartners-display-component---NewPartner--assignmentYard-application-managepartners-display-component---NewPartner--assignmentsTable-0-inner\"]"}
COMMAND: POST /session/e1c9c002d5d3447acc7ed8721565bd54/element/f.06DF9BC5D4F2FE6DCE5AA073CBC21D39.d.3687A15C7FACABAE541912CB4D9A38A0.e.4481/clear - {}
RESULT: {}
COMMAND: POST /session/e1c9c002d5d3447acc7ed8721565bd54/element/f.06DF9BC5D4F2FE6DCE5AA073CBC21D39.d.3687A15C7FACABAE541912CB4D9A38A0.e.4481/value - {"text":"618"}
COMMAND: GET /session/e1c9c002d5d3447acc7ed8721565bd54/screenshot - {}
RESULT: {"text":"618"}
COMMAND: GET /session/e1c9c002d5d3447acc7ed8721565bd54/screenshot - {}
RESULT: {}
RESULT: {}
COMMAND: POST /session/e1c9c002d5d3447acc7ed8721565bd54/element - {"using":"xpath","value":"//li[.//span[text()='618']]"}
RESULT: {"using":"xpath","value":"//li[.//span[text()='618']]"}
COMMAND: POST /session/e1c9c002d5d3447acc7ed8721565bd54/element/f.06DF9BC5D4F2FE6DCE5AA073CBC21D39.d.3687A15C7FACABAE541912CB4D9A38A0.e.4490/click - {}
RESULT: {}
COMMAND: GET /session/e1c9c002d5d3447acc7ed8721565bd54/screenshot - {}
RESULT: {}
COMMAND: POST /session/e1c9c002d5d3447acc7ed8721565bd54/actions - {"actions":[{"id":"action12","type":"key","parameters":{},"actions":[{"type":"keyDown","value":""},{"type":"pause","duration":10},{"type":"keyUp","value":""}]}]}
RESULT: {"actions":[{"id":"action12","type":"key","parameters":{},"actions":[{"type":"keyDown","value":""},{"type":"pause","duration":10},{"type":"keyUp","value":""}]}]}
COMMAND: POST /session/e1c9c002d5d3447acc7ed8721565bd54/execute/async - {"script":"<script> [1562 bytes]","args":[{"selector":{"id":"application-managepartners-display-component---NewPartner--externalCustomerComboBox-application-managepartners-display-component---NewPartner--assignmentsTable-0-vhi"},"wdio_ui5_key":"applicationmanagepartners-display-component---NewPartner--externalCustomerComboBox-application-managepartners-display-component---NewPartner--assignmentsTable-0-vhi"}]}
COMMAND: GET /session/e1c9c002d5d3447acc7ed8721565bd54/screenshot - {}
RESULT: {"script":"<script> [1562 bytes]","args":[{"selector":{"id":"application-managepartners-display-component---NewPartner--externalCustomerComboBox-application-managepartners-display-component---NewPartner--assignmentsTable-0-vhi"},"wdio_ui5_key":"applicationmanagepartners-display-component---NewPartner--externalCustomerComboBox-application-managepartners-display-component---NewPartner--assignmentsTable-0-vhi"}]}
RESULT: undefined
COMMAND: POST /session/e1c9c002d5d3447acc7ed8721565bd54/element - {"using":"xpath","value":"//*[@id=\"application-managepartners-display-component---NewPartner--externalCustomerComboBox-application-managepartners-display-component---NewPartner--assignmentsTable-0-vhi\"]"}
RESULT: {}
RESULT: {"using":"xpath","value":"//*[@id=\"application-managepartners-display-component---NewPartner--externalCustomerComboBox-application-managepartners-display-component---NewPartner--assignmentsTable-0-vhi\"]"}
COMMAND: POST /session/e1c9c002d5d3447acc7ed8721565bd54/element/f.06DF9BC5D4F2FE6DCE5AA073CBC21D39.d.3687A15C7FACABAE541912CB4D9A38A0.e.4494/click - {}
RESULT: {}
RESULT: undefined
COMMAND: POST /session/e1c9c002d5d3447acc7ed8721565bd54/execute/async - {"script":"<script> [776 bytes]","args":[{"enterText":"300003","selector":{"controlType":"sap.m.SearchField","properties":{"placeholder":"Search"},"searchOpenDialogs":true,"interaction":{"idSuffix":"I"}},"clearTextFirst":true,"interactionType":"ENTER_TEXT"}]}
COMMAND: GET /session/e1c9c002d5d3447acc7ed8721565bd54/screenshot - {}
RESULT: {"script":"<script> [776 bytes]","args":[{"enterText":"300003","selector":{"controlType":"sap.m.SearchField","properties":{"placeholder":"Search"},"searchOpenDialogs":true,"interaction":{"idSuffix":"I"}},"clearTextFirst":true,"interactionType":"ENTER_TEXT"}]}
COMMAND: POST /session/e1c9c002d5d3447acc7ed8721565bd54/actions - {"actions":[{"id":"action13","type":"key","parameters":{},"actions":[{"type":"keyDown","value":""},{"type":"pause","duration":10},{"type":"keyUp","value":""}]}]}
RESULT: {}
RESULT: {"actions":[{"id":"action13","type":"key","parameters":{},"actions":[{"type":"keyDown","value":""},{"type":"pause","duration":10},{"type":"keyUp","value":""}]}]}
COMMAND: GET /session/e1c9c002d5d3447acc7ed8721565bd54/screenshot - {}
RESULT: {}
COMMAND: POST /session/e1c9c002d5d3447acc7ed8721565bd54/element - {"using":"xpath","value":"//span[contains(text(), \"300003\")]"}
RESULT: {"using":"xpath","value":"//span[contains(text(), \"300003\")]"}
COMMAND: POST /session/e1c9c002d5d3447acc7ed8721565bd54/element/f.06DF9BC5D4F2FE6DCE5AA073CBC21D39.d.3687A15C7FACABAE541912CB4D9A38A0.e.4512/click - {}
RESULT: {}
COMMAND: GET /session/e1c9c002d5d3447acc7ed8721565bd54/screenshot - {}
RESULT: {}
COMMAND: POST /session/e1c9c002d5d3447acc7ed8721565bd54/element - {"using":"xpath","value":"//bdi[contains(text(), \"OK\")]"}
RESULT: {"using":"xpath","value":"//bdi[contains(text(), \"OK\")]"}
COMMAND: POST /session/e1c9c002d5d3447acc7ed8721565bd54/element/f.06DF9BC5D4F2FE6DCE5AA073CBC21D39.d.3687A15C7FACABAE541912CB4D9A38A0.e.4514/click - {}
RESULT: {}
COMMAND: GET /session/e1c9c002d5d3447acc7ed8721565bd54/screenshot - {}
RESULT: {}
COMMAND: POST /session/e1c9c002d5d3447acc7ed8721565bd54/execute/async - {"script":"<script> [1562 bytes]","args":[{"selector":{"id":"application-managepartners-display-component---NewPartner--intercompVendorComboBox-application-managepartners-display-component---NewPartner--assignmentsTable-0-vhi"},"wdio_ui5_key":"applicationmanagepartners-display-component---NewPartner--intercompVendorComboBox-application-managepartners-display-component---NewPartner--assignmentsTable-0-vhi"}]}
RESULT: {"script":"<script> [1562 bytes]","args":[{"selector":{"id":"application-managepartners-display-component---NewPartner--intercompVendorComboBox-application-managepartners-display-component---NewPartner--assignmentsTable-0-vhi"},"wdio_ui5_key":"applicationmanagepartners-display-component---NewPartner--intercompVendorComboBox-application-managepartners-display-component---NewPartner--assignmentsTable-0-vhi"}]}
RESULT: undefined
COMMAND: POST /session/e1c9c002d5d3447acc7ed8721565bd54/element - {"using":"xpath","value":"//*[@id=\"application-managepartners-display-component---NewPartner--intercompVendorComboBox-application-managepartners-display-component---NewPartner--assignmentsTable-0-vhi\"]"}
RESULT: {"using":"xpath","value":"//*[@id=\"application-managepartners-display-component---NewPartner--intercompVendorComboBox-application-managepartners-display-component---NewPartner--assignmentsTable-0-vhi\"]"}
COMMAND: POST /session/e1c9c002d5d3447acc7ed8721565bd54/element/f.06DF9BC5D4F2FE6DCE5AA073CBC21D39.d.3687A15C7FACABAE541912CB4D9A38A0.e.4518/click - {}
RESULT: {}
RESULT: undefined
COMMAND: POST /session/e1c9c002d5d3447acc7ed8721565bd54/execute/async - {"script":"<script> [776 bytes]","args":[{"enterText":"100005","selector":{"controlType":"sap.m.SearchField","properties":{"placeholder":"Search"},"searchOpenDialogs":true,"interaction":{"idSuffix":"I"}},"clearTextFirst":true,"interactionType":"ENTER_TEXT"}]}
COMMAND: GET /session/e1c9c002d5d3447acc7ed8721565bd54/screenshot - {}
RESULT: {"script":"<script> [776 bytes]","args":[{"enterText":"100005","selector":{"controlType":"sap.m.SearchField","properties":{"placeholder":"Search"},"searchOpenDialogs":true,"interaction":{"idSuffix":"I"}},"clearTextFirst":true,"interactionType":"ENTER_TEXT"}]}
COMMAND: POST /session/e1c9c002d5d3447acc7ed8721565bd54/actions - {"actions":[{"id":"action14","type":"key","parameters":{},"actions":[{"type":"keyDown","value":""},{"type":"pause","duration":10},{"type":"keyUp","value":""}]}]}
RESULT: {}
RESULT: {"actions":[{"id":"action14","type":"key","parameters":{},"actions":[{"type":"keyDown","value":""},{"type":"pause","duration":10},{"type":"keyUp","value":""}]}]}
COMMAND: GET /session/e1c9c002d5d3447acc7ed8721565bd54/screenshot - {}
RESULT: {}
COMMAND: POST /session/e1c9c002d5d3447acc7ed8721565bd54/element - {"using":"xpath","value":"//span[contains(text(), \"Penguins - Field/12345 Berlin\")]"}
RESULT: {"using":"xpath","value":"//span[contains(text(), \"Penguins - Field/12345 Berlin\")]"}
COMMAND: POST /session/e1c9c002d5d3447acc7ed8721565bd54/element/f.06DF9BC5D4F2FE6DCE5AA073CBC21D39.d.3687A15C7FACABAE541912CB4D9A38A0.e.4537/click - {}
RESULT: {}
COMMAND: GET /session/e1c9c002d5d3447acc7ed8721565bd54/screenshot - {}
RESULT: {}
COMMAND: POST /session/e1c9c002d5d3447acc7ed8721565bd54/element - {"using":"xpath","value":"//bdi[contains(text(), \"OK\")]"}
RESULT: {"using":"xpath","value":"//bdi[contains(text(), \"OK\")]"}
COMMAND: POST /session/e1c9c002d5d3447acc7ed8721565bd54/element/f.06DF9BC5D4F2FE6DCE5AA073CBC21D39.d.3687A15C7FACABAE541912CB4D9A38A0.e.4538/click - {}
RESULT: {}
COMMAND: GET /session/e1c9c002d5d3447acc7ed8721565bd54/screenshot - {}
RESULT: {}
COMMAND: POST /session/e1c9c002d5d3447acc7ed8721565bd54/element - {"using":"xpath","value":"//button[@data-kt=\"saveButton\"]"}
RESULT: {"using":"xpath","value":"//button[@data-kt=\"saveButton\"]"}
COMMAND: POST /session/e1c9c002d5d3447acc7ed8721565bd54/element/f.06DF9BC5D4F2FE6DCE5AA073CBC21D39.d.3687A15C7FACABAE541912CB4D9A38A0.e.4398/click - {}
RESULT: {}
COMMAND: GET /session/e1c9c002d5d3447acc7ed8721565bd54/screenshot - {}
RESULT: {}
COMMAND: POST /session/e1c9c002d5d3447acc7ed8721565bd54/element - {"using":"xpath","value":"//header[contains(@id, 'ObjectPageLayout-headerTitle')]/div[1]/div[2]/div[2]/span[1]"}
RESULT: {"using":"xpath","value":"//header[contains(@id, 'ObjectPageLayout-headerTitle')]/div[1]/div[2]/div[2]/span[1]"}
COMMAND: POST /session/e1c9c002d5d3447acc7ed8721565bd54/elements - {"using":"xpath","value":"//header[contains(@id, 'ObjectPageLayout-headerTitle')]/div[1]/div[2]/div[2]/span[1]"}
RESULT: {"using":"xpath","value":"//header[contains(@id, 'ObjectPageLayout-headerTitle')]/div[1]/div[2]/div[2]/span[1]"}
COMMAND: POST /session/e1c9c002d5d3447acc7ed8721565bd54/execute/sync - {"script":"<script> [56 bytes]","args":[{"element-6066-11e4-a52e-4f735466cecf":"f.06DF9BC5D4F2FE6DCE5AA073CBC21D39.d.3687A15C7FACABAE541912CB4D9A38A0.e.4685","ELEMENT":"f.06DF9BC5D4F2FE6DCE5AA073CBC21D39.d.3687A15C7FACABAE541912CB4D9A38A0.e.4685"}]}
RESULT: {"script":"<script> [56 bytes]","args":[{"element-6066-11e4-a52e-4f735466cecf":"f.06DF9BC5D4F2FE6DCE5AA073CBC21D39.d.3687A15C7FACABAE541912CB4D9A38A0.e.4685","ELEMENT":"f.06DF9BC5D4F2FE6DCE5AA073CBC21D39.d.3687A15C7FACABAE541912CB4D9A38A0.e.4685"}]}
COMMAND: POST /session/e1c9c002d5d3447acc7ed8721565bd54/element - {"using":"css selector","value":"#shell-header-logo"}
COMMAND: GET /session/e1c9c002d5d3447acc7ed8721565bd54/screenshot - {}
RESULT: {"using":"css selector","value":"#shell-header-logo"}
COMMAND: POST /session/e1c9c002d5d3447acc7ed8721565bd54/element/f.06DF9BC5D4F2FE6DCE5AA073CBC21D39.d.3687A15C7FACABAE541912CB4D9A38A0.e.4013/click - {}
RESULT: {}
RESULT: {}
COMMAND: GET /session/e1c9c002d5d3447acc7ed8721565bd54/screenshot - {}
RESULT: {}
COMMAND: POST /session/e1c9c002d5d3447acc7ed8721565bd54/execute/sync - {"script":"<script> [299 bytes]","args":[["getModel","getResource"]]}
RESULT: {"script":"<script> [299 bytes]","args":[["getModel","getResource"]]}
RESULT: undefined
COMMAND: POST /session/e1c9c002d5d3447acc7ed8721565bd54/element - {"using":"xpath","value":"//button[@data-kt=\"addButton\"]"}
RESULT: {"using":"xpath","value":"//button[@data-kt=\"addButton\"]"}
COMMAND: POST /session/e1c9c002d5d3447acc7ed8721565bd54/elements - {"using":"xpath","value":"//button[@data-kt=\"addButton\"]"}
COMMAND: GET /session/e1c9c002d5d3447acc7ed8721565bd54/screenshot - {}
RESULT: {"using":"xpath","value":"//button[@data-kt=\"addButton\"]"}
RESULT: {}
COMMAND: POST /session/e1c9c002d5d3447acc7ed8721565bd54/elements - {"using":"xpath","value":"//button[@data-kt=\"addButton\"]"}
RESULT: {"using":"xpath","value":"//button[@data-kt=\"addButton\"]"}
COMMAND: POST /session/e1c9c002d5d3447acc7ed8721565bd54/elements - {"using":"xpath","value":"//button[@data-kt=\"addButton\"]"}
RESULT: {"using":"xpath","value":"//button[@data-kt=\"addButton\"]"}
COMMAND: POST /session/e1c9c002d5d3447acc7ed8721565bd54/elements - {"using":"xpath","value":"//button[@data-kt=\"addButton\"]"}
RESULT: {"using":"xpath","value":"//button[@data-kt=\"addButton\"]"}
COMMAND: POST /session/e1c9c002d5d3447acc7ed8721565bd54/elements - {"using":"xpath","value":"//button[@data-kt=\"addButton\"]"}
RESULT: {"using":"xpath","value":"//button[@data-kt=\"addButton\"]"}
COMMAND: POST /session/e1c9c002d5d3447acc7ed8721565bd54/elements - {"using":"xpath","value":"//button[@data-kt=\"addButton\"]"}
RESULT: {"using":"xpath","value":"//button[@data-kt=\"addButton\"]"}
COMMAND: POST /session/e1c9c002d5d3447acc7ed8721565bd54/elements - {"using":"xpath","value":"//button[@data-kt=\"addButton\"]"}
RESULT: {"using":"xpath","value":"//button[@data-kt=\"addButton\"]"}
COMMAND: POST /session/e1c9c002d5d3447acc7ed8721565bd54/elements - {"using":"xpath","value":"//button[@data-kt=\"addButton\"]"}
RESULT: {"using":"xpath","value":"//button[@data-kt=\"addButton\"]"}
COMMAND: POST /session/e1c9c002d5d3447acc7ed8721565bd54/elements - {"using":"xpath","value":"//button[@data-kt=\"addButton\"]"}
RESULT: {"using":"xpath","value":"//button[@data-kt=\"addButton\"]"}
COMMAND: POST /session/e1c9c002d5d3447acc7ed8721565bd54/elements - {"using":"xpath","value":"//button[@data-kt=\"addButton\"]"}
RESULT: {"using":"xpath","value":"//button[@data-kt=\"addButton\"]"}
COMMAND: POST /session/e1c9c002d5d3447acc7ed8721565bd54/elements - {"using":"xpath","value":"//button[@data-kt=\"addButton\"]"}
RESULT: {"using":"xpath","value":"//button[@data-kt=\"addButton\"]"}
COMMAND: POST /session/e1c9c002d5d3447acc7ed8721565bd54/elements - {"using":"xpath","value":"//button[@data-kt=\"addButton\"]"}
RESULT: {"using":"xpath","value":"//button[@data-kt=\"addButton\"]"}
COMMAND: POST /session/e1c9c002d5d3447acc7ed8721565bd54/elements - {"using":"xpath","value":"//button[@data-kt=\"addButton\"]"}
RESULT: {"using":"xpath","value":"//button[@data-kt=\"addButton\"]"}
COMMAND: POST /session/e1c9c002d5d3447acc7ed8721565bd54/elements - {"using":"xpath","value":"//button[@data-kt=\"addButton\"]"}
RESULT: {"using":"xpath","value":"//button[@data-kt=\"addButton\"]"}
COMMAND: POST /session/e1c9c002d5d3447acc7ed8721565bd54/elements - {"using":"xpath","value":"//button[@data-kt=\"addButton\"]"}
RESULT: {"using":"xpath","value":"//button[@data-kt=\"addButton\"]"}
COMMAND: POST /session/e1c9c002d5d3447acc7ed8721565bd54/elements - {"using":"xpath","value":"//button[@data-kt=\"addButton\"]"}
RESULT: {"using":"xpath","value":"//button[@data-kt=\"addButton\"]"}
COMMAND: POST /session/e1c9c002d5d3447acc7ed8721565bd54/elements - {"using":"xpath","value":"//button[@data-kt=\"addButton\"]"}
RESULT: {"using":"xpath","value":"//button[@data-kt=\"addButton\"]"}
COMMAND: POST /session/e1c9c002d5d3447acc7ed8721565bd54/elements - {"using":"xpath","value":"//button[@data-kt=\"addButton\"]"}
RESULT: {"using":"xpath","value":"//button[@data-kt=\"addButton\"]"}
COMMAND: POST /session/e1c9c002d5d3447acc7ed8721565bd54/elements - {"using":"xpath","value":"//button[@data-kt=\"addButton\"]"}
RESULT: {"using":"xpath","value":"//button[@data-kt=\"addButton\"]"}
COMMAND: POST /session/e1c9c002d5d3447acc7ed8721565bd54/elements - {"using":"xpath","value":"//button[@data-kt=\"addButton\"]"}
RESULT: {"using":"xpath","value":"//button[@data-kt=\"addButton\"]"}
COMMAND: POST /session/e1c9c002d5d3447acc7ed8721565bd54/elements - {"using":"xpath","value":"//button[@data-kt=\"addButton\"]"}
RESULT: {"using":"xpath","value":"//button[@data-kt=\"addButton\"]"}
COMMAND: POST /session/e1c9c002d5d3447acc7ed8721565bd54/elements - {"using":"xpath","value":"//button[@data-kt=\"addButton\"]"}
RESULT: {"using":"xpath","value":"//button[@data-kt=\"addButton\"]"}
COMMAND: POST /session/e1c9c002d5d3447acc7ed8721565bd54/elements - {"using":"xpath","value":"//button[@data-kt=\"addButton\"]"}
RESULT: {"using":"xpath","value":"//button[@data-kt=\"addButton\"]"}
COMMAND: POST /session/e1c9c002d5d3447acc7ed8721565bd54/elements - {"using":"xpath","value":"//button[@data-kt=\"addButton\"]"}
RESULT: {"using":"xpath","value":"//button[@data-kt=\"addButton\"]"}
COMMAND: POST /session/e1c9c002d5d3447acc7ed8721565bd54/elements - {"using":"xpath","value":"//button[@data-kt=\"addButton\"]"}
RESULT: {"using":"xpath","value":"//button[@data-kt=\"addButton\"]"}
COMMAND: POST /session/e1c9c002d5d3447acc7ed8721565bd54/elements - {"using":"xpath","value":"//button[@data-kt=\"addButton\"]"}
RESULT: {"using":"xpath","value":"//button[@data-kt=\"addButton\"]"}
COMMAND: POST /session/e1c9c002d5d3447acc7ed8721565bd54/elements - {"using":"xpath","value":"//button[@data-kt=\"addButton\"]"}
RESULT: {"using":"xpath","value":"//button[@data-kt=\"addButton\"]"}
COMMAND: POST /session/e1c9c002d5d3447acc7ed8721565bd54/elements - {"using":"xpath","value":"//button[@data-kt=\"addButton\"]"}
RESULT: {"using":"xpath","value":"//button[@data-kt=\"addButton\"]"}
COMMAND: POST /session/e1c9c002d5d3447acc7ed8721565bd54/elements - {"using":"xpath","value":"//button[@data-kt=\"addButton\"]"}
RESULT: {"using":"xpath","value":"//button[@data-kt=\"addButton\"]"}
COMMAND: POST /session/e1c9c002d5d3447acc7ed8721565bd54/elements - {"using":"xpath","value":"//button[@data-kt=\"addButton\"]"}
RESULT: {"using":"xpath","value":"//button[@data-kt=\"addButton\"]"}
COMMAND: POST /session/e1c9c002d5d3447acc7ed8721565bd54/elements - {"using":"xpath","value":"//button[@data-kt=\"addButton\"]"}
RESULT: {"using":"xpath","value":"//button[@data-kt=\"addButton\"]"}
COMMAND: POST /session/e1c9c002d5d3447acc7ed8721565bd54/elements - {"using":"xpath","value":"//button[@data-kt=\"addButton\"]"}
RESULT: {"using":"xpath","value":"//button[@data-kt=\"addButton\"]"}
COMMAND: POST /session/e1c9c002d5d3447acc7ed8721565bd54/elements - {"using":"xpath","value":"//button[@data-kt=\"addButton\"]"}
RESULT: {"using":"xpath","value":"//button[@data-kt=\"addButton\"]"}
COMMAND: POST /session/e1c9c002d5d3447acc7ed8721565bd54/elements - {"using":"xpath","value":"//button[@data-kt=\"addButton\"]"}
RESULT: {"using":"xpath","value":"//button[@data-kt=\"addButton\"]"}
COMMAND: POST /session/e1c9c002d5d3447acc7ed8721565bd54/elements - {"using":"xpath","value":"//button[@data-kt=\"addButton\"]"}
RESULT: {"using":"xpath","value":"//button[@data-kt=\"addButton\"]"}
COMMAND: POST /session/e1c9c002d5d3447acc7ed8721565bd54/elements - {"using":"xpath","value":"//button[@data-kt=\"addButton\"]"}
RESULT: {"using":"xpath","value":"//button[@data-kt=\"addButton\"]"}
COMMAND: POST /session/e1c9c002d5d3447acc7ed8721565bd54/elements - {"using":"xpath","value":"//button[@data-kt=\"addButton\"]"}
RESULT: {"using":"xpath","value":"//button[@data-kt=\"addButton\"]"}
COMMAND: POST /session/e1c9c002d5d3447acc7ed8721565bd54/elements - {"using":"xpath","value":"//button[@data-kt=\"addButton\"]"}
RESULT: {"using":"xpath","value":"//button[@data-kt=\"addButton\"]"}
COMMAND: POST /session/e1c9c002d5d3447acc7ed8721565bd54/elements - {"using":"xpath","value":"//button[@data-kt=\"addButton\"]"}
RESULT: {"using":"xpath","value":"//button[@data-kt=\"addButton\"]"}
COMMAND: POST /session/e1c9c002d5d3447acc7ed8721565bd54/elements - {"using":"xpath","value":"//button[@data-kt=\"addButton\"]"}
RESULT: {"using":"xpath","value":"//button[@data-kt=\"addButton\"]"}
COMMAND: POST /session/e1c9c002d5d3447acc7ed8721565bd54/elements - {"using":"xpath","value":"//button[@data-kt=\"addButton\"]"}
RESULT: {"using":"xpath","value":"//button[@data-kt=\"addButton\"]"}
COMMAND: POST /session/e1c9c002d5d3447acc7ed8721565bd54/elements - {"using":"xpath","value":"//button[@data-kt=\"addButton\"]"}
RESULT: {"using":"xpath","value":"//button[@data-kt=\"addButton\"]"}
COMMAND: POST /session/e1c9c002d5d3447acc7ed8721565bd54/elements - {"using":"xpath","value":"//button[@data-kt=\"addButton\"]"}
RESULT: {"using":"xpath","value":"//button[@data-kt=\"addButton\"]"}
COMMAND: POST /session/e1c9c002d5d3447acc7ed8721565bd54/elements - {"using":"xpath","value":"//button[@data-kt=\"addButton\"]"}
RESULT: {"using":"xpath","value":"//button[@data-kt=\"addButton\"]"}
COMMAND: POST /session/e1c9c002d5d3447acc7ed8721565bd54/elements - {"using":"xpath","value":"//button[@data-kt=\"addButton\"]"}
RESULT: {"using":"xpath","value":"//button[@data-kt=\"addButton\"]"}
COMMAND: POST /session/e1c9c002d5d3447acc7ed8721565bd54/elements - {"using":"xpath","value":"//button[@data-kt=\"addButton\"]"}
RESULT: {"using":"xpath","value":"//button[@data-kt=\"addButton\"]"}
COMMAND: POST /session/e1c9c002d5d3447acc7ed8721565bd54/elements - {"using":"xpath","value":"//button[@data-kt=\"addButton\"]"}
RESULT: {"using":"xpath","value":"//button[@data-kt=\"addButton\"]"}
COMMAND: POST /session/e1c9c002d5d3447acc7ed8721565bd54/elements - {"using":"xpath","value":"//button[@data-kt=\"addButton\"]"}
RESULT: {"using":"xpath","value":"//button[@data-kt=\"addButton\"]"}
COMMAND: POST /session/e1c9c002d5d3447acc7ed8721565bd54/elements - {"using":"xpath","value":"//button[@data-kt=\"addButton\"]"}
RESULT: {"using":"xpath","value":"//button[@data-kt=\"addButton\"]"}
COMMAND: POST /session/e1c9c002d5d3447acc7ed8721565bd54/elements - {"using":"xpath","value":"//button[@data-kt=\"addButton\"]"}
RESULT: {"using":"xpath","value":"//button[@data-kt=\"addButton\"]"}
COMMAND: POST /session/e1c9c002d5d3447acc7ed8721565bd54/elements - {"using":"xpath","value":"//button[@data-kt=\"addButton\"]"}
RESULT: {"using":"xpath","value":"//button[@data-kt=\"addButton\"]"}
COMMAND: POST /session/e1c9c002d5d3447acc7ed8721565bd54/elements - {"using":"xpath","value":"//button[@data-kt=\"addButton\"]"}
RESULT: {"using":"xpath","value":"//button[@data-kt=\"addButton\"]"}
COMMAND: POST /session/e1c9c002d5d3447acc7ed8721565bd54/elements - {"using":"xpath","value":"//button[@data-kt=\"addButton\"]"}
RESULT: {"using":"xpath","value":"//button[@data-kt=\"addButton\"]"}
COMMAND: POST /session/e1c9c002d5d3447acc7ed8721565bd54/elements - {"using":"xpath","value":"//button[@data-kt=\"addButton\"]"}
RESULT: {"using":"xpath","value":"//button[@data-kt=\"addButton\"]"}
COMMAND: POST /session/e1c9c002d5d3447acc7ed8721565bd54/elements - {"using":"xpath","value":"//button[@data-kt=\"addButton\"]"}
RESULT: {"using":"xpath","value":"//button[@data-kt=\"addButton\"]"}
COMMAND: POST /session/e1c9c002d5d3447acc7ed8721565bd54/elements - {"using":"xpath","value":"//button[@data-kt=\"addButton\"]"}
RESULT: {"using":"xpath","value":"//button[@data-kt=\"addButton\"]"}
COMMAND: POST /session/e1c9c002d5d3447acc7ed8721565bd54/elements - {"using":"xpath","value":"//button[@data-kt=\"addButton\"]"}
RESULT: {"using":"xpath","value":"//button[@data-kt=\"addButton\"]"}
COMMAND: POST /session/e1c9c002d5d3447acc7ed8721565bd54/elements - {"using":"xpath","value":"//button[@data-kt=\"addButton\"]"}
RESULT: {"using":"xpath","value":"//button[@data-kt=\"addButton\"]"}
COMMAND: POST /session/e1c9c002d5d3447acc7ed8721565bd54/elements - {"using":"xpath","value":"//button[@data-kt=\"addButton\"]"}
RESULT: {"using":"xpath","value":"//button[@data-kt=\"addButton\"]"}
COMMAND: POST /session/e1c9c002d5d3447acc7ed8721565bd54/elements - {"using":"xpath","value":"//button[@data-kt=\"addButton\"]"}
RESULT: {"using":"xpath","value":"//button[@data-kt=\"addButton\"]"}
COMMAND: POST /session/e1c9c002d5d3447acc7ed8721565bd54/elements - {"using":"xpath","value":"//button[@data-kt=\"addButton\"]"}
RESULT: {"using":"xpath","value":"//button[@data-kt=\"addButton\"]"}
COMMAND: POST /session/e1c9c002d5d3447acc7ed8721565bd54/elements - {"using":"xpath","value":"//button[@data-kt=\"addButton\"]"}
RESULT: {"using":"xpath","value":"//button[@data-kt=\"addButton\"]"}
COMMAND: POST /session/e1c9c002d5d3447acc7ed8721565bd54/elements - {"using":"xpath","value":"//button[@data-kt=\"addButton\"]"}
RESULT: {"using":"xpath","value":"//button[@data-kt=\"addButton\"]"}
COMMAND: POST /session/e1c9c002d5d3447acc7ed8721565bd54/elements - {"using":"xpath","value":"//button[@data-kt=\"addButton\"]"}
RESULT: {"using":"xpath","value":"//button[@data-kt=\"addButton\"]"}
COMMAND: POST /session/e1c9c002d5d3447acc7ed8721565bd54/elements - {"using":"xpath","value":"//button[@data-kt=\"addButton\"]"}
RESULT: {"using":"xpath","value":"//button[@data-kt=\"addButton\"]"}
COMMAND: POST /session/e1c9c002d5d3447acc7ed8721565bd54/elements - {"using":"xpath","value":"//button[@data-kt=\"addButton\"]"}
RESULT: {"using":"xpath","value":"//button[@data-kt=\"addButton\"]"}
COMMAND: POST /session/e1c9c002d5d3447acc7ed8721565bd54/elements - {"using":"xpath","value":"//button[@data-kt=\"addButton\"]"}
RESULT: {"using":"xpath","value":"//button[@data-kt=\"addButton\"]"}
COMMAND: POST /session/e1c9c002d5d3447acc7ed8721565bd54/elements - {"using":"xpath","value":"//button[@data-kt=\"addButton\"]"}
RESULT: {"using":"xpath","value":"//button[@data-kt=\"addButton\"]"}
COMMAND: POST /session/e1c9c002d5d3447acc7ed8721565bd54/elements - {"using":"xpath","value":"//button[@data-kt=\"addButton\"]"}
RESULT: {"using":"xpath","value":"//button[@data-kt=\"addButton\"]"}
COMMAND: POST /session/e1c9c002d5d3447acc7ed8721565bd54/elements - {"using":"xpath","value":"//button[@data-kt=\"addButton\"]"}
RESULT: {"using":"xpath","value":"//button[@data-kt=\"addButton\"]"}
COMMAND: POST /session/e1c9c002d5d3447acc7ed8721565bd54/elements - {"using":"xpath","value":"//button[@data-kt=\"addButton\"]"}
RESULT: {"using":"xpath","value":"//button[@data-kt=\"addButton\"]"}
COMMAND: POST /session/e1c9c002d5d3447acc7ed8721565bd54/elements - {"using":"xpath","value":"//button[@data-kt=\"addButton\"]"}
RESULT: {"using":"xpath","value":"//button[@data-kt=\"addButton\"]"}
COMMAND: POST /session/e1c9c002d5d3447acc7ed8721565bd54/elements - {"using":"xpath","value":"//button[@data-kt=\"addButton\"]"}
RESULT: {"using":"xpath","value":"//button[@data-kt=\"addButton\"]"}
COMMAND: POST /session/e1c9c002d5d3447acc7ed8721565bd54/elements - {"using":"xpath","value":"//button[@data-kt=\"addButton\"]"}
RESULT: {"using":"xpath","value":"//button[@data-kt=\"addButton\"]"}
COMMAND: POST /session/e1c9c002d5d3447acc7ed8721565bd54/elements - {"using":"xpath","value":"//button[@data-kt=\"addButton\"]"}
RESULT: {"using":"xpath","value":"//button[@data-kt=\"addButton\"]"}
COMMAND: POST /session/e1c9c002d5d3447acc7ed8721565bd54/elements - {"using":"xpath","value":"//button[@data-kt=\"addButton\"]"}
RESULT: {"using":"xpath","value":"//button[@data-kt=\"addButton\"]"}
COMMAND: POST /session/e1c9c002d5d3447acc7ed8721565bd54/elements - {"using":"xpath","value":"//button[@data-kt=\"addButton\"]"}
RESULT: {"using":"xpath","value":"//button[@data-kt=\"addButton\"]"}
COMMAND: POST /session/e1c9c002d5d3447acc7ed8721565bd54/elements - {"using":"xpath","value":"//button[@data-kt=\"addButton\"]"}
RESULT: {"using":"xpath","value":"//button[@data-kt=\"addButton\"]"}
COMMAND: POST /session/e1c9c002d5d3447acc7ed8721565bd54/elements - {"using":"xpath","value":"//button[@data-kt=\"addButton\"]"}
RESULT: {"using":"xpath","value":"//button[@data-kt=\"addButton\"]"}
COMMAND: POST /session/e1c9c002d5d3447acc7ed8721565bd54/elements - {"using":"xpath","value":"//button[@data-kt=\"addButton\"]"}
RESULT: {"using":"xpath","value":"//button[@data-kt=\"addButton\"]"}
COMMAND: POST /session/e1c9c002d5d3447acc7ed8721565bd54/elements - {"using":"xpath","value":"//button[@data-kt=\"addButton\"]"}
RESULT: {"using":"xpath","value":"//button[@data-kt=\"addButton\"]"}
COMMAND: POST /session/e1c9c002d5d3447acc7ed8721565bd54/elements - {"using":"xpath","value":"//button[@data-kt=\"addButton\"]"}
RESULT: {"using":"xpath","value":"//button[@data-kt=\"addButton\"]"}
COMMAND: POST /session/e1c9c002d5d3447acc7ed8721565bd54/elements - {"using":"xpath","value":"//button[@data-kt=\"addButton\"]"}
RESULT: {"using":"xpath","value":"//button[@data-kt=\"addButton\"]"}
COMMAND: POST /session/e1c9c002d5d3447acc7ed8721565bd54/elements - {"using":"xpath","value":"//button[@data-kt=\"addButton\"]"}
RESULT: {"using":"xpath","value":"//button[@data-kt=\"addButton\"]"}
COMMAND: POST /session/e1c9c002d5d3447acc7ed8721565bd54/elements - {"using":"xpath","value":"//button[@data-kt=\"addButton\"]"}
RESULT: {"using":"xpath","value":"//button[@data-kt=\"addButton\"]"}
COMMAND: POST /session/e1c9c002d5d3447acc7ed8721565bd54/elements - {"using":"xpath","value":"//button[@data-kt=\"addButton\"]"}
RESULT: {"using":"xpath","value":"//button[@data-kt=\"addButton\"]"}
COMMAND: POST /session/e1c9c002d5d3447acc7ed8721565bd54/elements - {"using":"xpath","value":"//button[@data-kt=\"addButton\"]"}
RESULT: {"using":"xpath","value":"//button[@data-kt=\"addButton\"]"}
COMMAND: POST /session/e1c9c002d5d3447acc7ed8721565bd54/elements - {"using":"xpath","value":"//button[@data-kt=\"addButton\"]"}
RESULT: {"using":"xpath","value":"//button[@data-kt=\"addButton\"]"}
COMMAND: POST /session/e1c9c002d5d3447acc7ed8721565bd54/elements - {"using":"xpath","value":"//button[@data-kt=\"addButton\"]"}
RESULT: {"using":"xpath","value":"//button[@data-kt=\"addButton\"]"}
COMMAND: POST /session/e1c9c002d5d3447acc7ed8721565bd54/elements - {"using":"xpath","value":"//button[@data-kt=\"addButton\"]"}
RESULT: {"using":"xpath","value":"//button[@data-kt=\"addButton\"]"}
COMMAND: GET /session/e1c9c002d5d3447acc7ed8721565bd54/screenshot - {}
RESULT: {}
]]></system-out>
      <system-err><![CDATA[
Error: element ("//button[@data-kt="addButton"]") still not existing after 45000ms
    at async UtilsPrerequisites.partnerEdit (D:\a\1\s\test\specs\BTS\prerequisites-and-utils-functions.js:2844:9)
    at async Context.<anonymous> (D:\a\1\s\test\specs\BTS\manage-partners.spec.js:356:9)
]]></system-err>
    </testcase>
    <testcase classname="chrome.135_0_7049_42.windows.Partner_specific_tests_US150819_US151080_US151654_US151176_US103444_US151078_US151079_US151109_US151174_US151175_US151189" name="Should create a new intercompany partner edit some of its fields US151078" time="231.224">
      <system-out><![CDATA[
COMMAND: POST /session/e1c9c002d5d3447acc7ed8721565bd54/element - {"using":"xpath","value":"//li[.//span[text()=\"Manage Partners\"]]"}
RESULT: {"using":"xpath","value":"//li[.//span[text()=\"Manage Partners\"]]"}
COMMAND: POST /session/e1c9c002d5d3447acc7ed8721565bd54/element - {"using":"xpath","value":"//li[.//span[text()=\"Manage Partners\"]]"}
RESULT: {"using":"xpath","value":"//li[.//span[text()=\"Manage Partners\"]]"}
COMMAND: POST /session/e1c9c002d5d3447acc7ed8721565bd54/element - {"using":"css selector","value":"#shell-header-logo"}
RESULT: {"using":"css selector","value":"#shell-header-logo"}
COMMAND: POST /session/e1c9c002d5d3447acc7ed8721565bd54/element/f.06DF9BC5D4F2FE6DCE5AA073CBC21D39.d.3687A15C7FACABAE541912CB4D9A38A0.e.4701/click - {}
COMMAND: POST /session/e1c9c002d5d3447acc7ed8721565bd54/execute/sync - {"script":"<script> [8489 bytes]","args":[{"element-6066-11e4-a52e-4f735466cecf":"f.06DF9BC5D4F2FE6DCE5AA073CBC21D39.d.3687A15C7FACABAE541912CB4D9A38A0.e.4701","ELEMENT":"f.06DF9BC5D4F2FE6DCE5AA073CBC21D39.d.3687A15C7FACABAE541912CB4D9A38A0.e.4701"}]}
RESULT: {}
COMMAND: GET /session/e1c9c002d5d3447acc7ed8721565bd54/screenshot - {}
RESULT: {"script":"<script> [8489 bytes]","args":[{"element-6066-11e4-a52e-4f735466cecf":"f.06DF9BC5D4F2FE6DCE5AA073CBC21D39.d.3687A15C7FACABAE541912CB4D9A38A0.e.4701","ELEMENT":"f.06DF9BC5D4F2FE6DCE5AA073CBC21D39.d.3687A15C7FACABAE541912CB4D9A38A0.e.4701"}]}
COMMAND: POST /session/e1c9c002d5d3447acc7ed8721565bd54/execute/sync - {"script":"<script> [5351 bytes]","args":[{"element-6066-11e4-a52e-4f735466cecf":"f.06DF9BC5D4F2FE6DCE5AA073CBC21D39.d.3687A15C7FACABAE541912CB4D9A38A0.e.4701","ELEMENT":"f.06DF9BC5D4F2FE6DCE5AA073CBC21D39.d.3687A15C7FACABAE541912CB4D9A38A0.e.4701"}]}
COMMAND: GET /session/e1c9c002d5d3447acc7ed8721565bd54/screenshot - {}
RESULT: {}
RESULT: {"script":"<script> [5351 bytes]","args":[{"element-6066-11e4-a52e-4f735466cecf":"f.06DF9BC5D4F2FE6DCE5AA073CBC21D39.d.3687A15C7FACABAE541912CB4D9A38A0.e.4701","ELEMENT":"f.06DF9BC5D4F2FE6DCE5AA073CBC21D39.d.3687A15C7FACABAE541912CB4D9A38A0.e.4701"}]}
COMMAND: GET /session/e1c9c002d5d3447acc7ed8721565bd54/screenshot - {}
RESULT: {}
RESULT: {}
COMMAND: POST /session/e1c9c002d5d3447acc7ed8721565bd54/refresh - {}
RESULT: {}
COMMAND: GET /session/e1c9c002d5d3447acc7ed8721565bd54/screenshot - {}
RESULT: {}
COMMAND: POST /session/e1c9c002d5d3447acc7ed8721565bd54/refresh - {}
RESULT: {}
COMMAND: GET /session/e1c9c002d5d3447acc7ed8721565bd54/screenshot - {}
RESULT: {}
COMMAND: POST /session/e1c9c002d5d3447acc7ed8721565bd54/window/fullscreen - {}
RESULT: {}
COMMAND: POST /session/e1c9c002d5d3447acc7ed8721565bd54/execute/async - {"script":"<script> [189 bytes]","args":[]}
RESULT: {"script":"<script> [189 bytes]","args":[]}
COMMAND: POST /session/e1c9c002d5d3447acc7ed8721565bd54/execute/async - {"script":"<script> [123 bytes]","args":[]}
RESULT: {"script":"<script> [123 bytes]","args":[]}
COMMAND: POST /session/e1c9c002d5d3447acc7ed8721565bd54/timeouts - {"script":"<number>"}
RESULT: {"script":"<number>"}
COMMAND: GET /session/e1c9c002d5d3447acc7ed8721565bd54/timeouts - {}
RESULT: {}
RESULT: undefined
COMMAND: POST /session/e1c9c002d5d3447acc7ed8721565bd54/execute/async - {"script":"<script> [2676 bytes]","args":[]}
RESULT: {"script":"<script> [2676 bytes]","args":[]}
COMMAND: POST /session/e1c9c002d5d3447acc7ed8721565bd54/execute/async - {"script":"<script> [2342 bytes]","args":[{"protocol":"http","hostname":"0.0.0.0","path":"/","capabilities":{"browserName":"chrome","goog:chromeOptions":{"binary":"C:\\Program Files\\Google\\Chrome\\Application\\chrome.exe","args":["--start-maximized"]}},"logLevel":"warn","connectionRetryTimeout":120000,"connectionRetryCount":3,"logLevels":{},"enableDirectConnect":true,"strictSSL":true,"_":"65 more keys: [\"cacheDir\",\"port\",\"requestedCapabilities\",\"automationProtocol\",\"baseUrl\",\"waitforInterval\",\"waitforTimeout\",\"onReload\",\"beforeCommand\",\"afterCommand\",\"rootDir\",\"specs\",\"suites\",\"exclude\",\"groupLogsByTestSpec\",\"excludeDriverLogs\",\"bail\",\"framework\",\"reporters\",\"services\",\"maxInstances\",\"maxInstancesPerCapability\",\"injectGlobals\",\"filesToWatch\",\"execArgv\",\"runnerEnv\",\"runner\",\"shard\",\"specFileRetries\",\"specFileRetriesDelay\",\"specFileRetriesDeferred\",\"reporterSyncInterval\",\"reporterSyncTimeout\",\"cucumberFeaturesWithLineNumbers\",\"autoCompileOpts\",\"mochaOpts\",\"jasmineOpts\",\"cucumberOpts\",\"onPrepare\",\"onWorkerStart\",\"onWorkerEnd\",\"before\",\"beforeSession\",\"beforeSuite\",\"beforeHook\",\"beforeTest\",\"afterTest\",\"afterHook\",\"afterSuite\",\"afterSession\",\"after\",\"onComplete\",\"beforeAssertion\",\"afterAssertion\",\"beforeFeature\",\"beforeScenario\",\"beforeStep\",\"afterStep\",\"afterScenario\",\"afterFeature\",\"_\",\"suite\",\"$0\",\"ignoredWorkerServices\",\"wdi5\"]"}]}
RESULT: {"script":"<script> [2342 bytes]","args":[{"protocol":"http","hostname":"0.0.0.0","path":"/","capabilities":{"browserName":"chrome","goog:chromeOptions":{"binary":"C:\\Program Files\\Google\\Chrome\\Application\\chrome.exe","args":["--start-maximized"]}},"logLevel":"warn","connectionRetryTimeout":120000,"connectionRetryCount":3,"logLevels":{},"enableDirectConnect":true,"strictSSL":true,"_":"65 more keys: [\"cacheDir\",\"port\",\"requestedCapabilities\",\"automationProtocol\",\"baseUrl\",\"waitforInterval\",\"waitforTimeout\",\"onReload\",\"beforeCommand\",\"afterCommand\",\"rootDir\",\"specs\",\"suites\",\"exclude\",\"groupLogsByTestSpec\",\"excludeDriverLogs\",\"bail\",\"framework\",\"reporters\",\"services\",\"maxInstances\",\"maxInstancesPerCapability\",\"injectGlobals\",\"filesToWatch\",\"execArgv\",\"runnerEnv\",\"runner\",\"shard\",\"specFileRetries\",\"specFileRetriesDelay\",\"specFileRetriesDeferred\",\"reporterSyncInterval\",\"reporterSyncTimeout\",\"cucumberFeaturesWithLineNumbers\",\"autoCompileOpts\",\"mochaOpts\",\"jasmineOpts\",\"cucumberOpts\",\"onPrepare\",\"onWorkerStart\",\"onWorkerEnd\",\"before\",\"beforeSession\",\"beforeSuite\",\"beforeHook\",\"beforeTest\",\"afterTest\",\"afterHook\",\"afterSuite\",\"afterSession\",\"after\",\"onComplete\",\"beforeAssertion\",\"afterAssertion\",\"beforeFeature\",\"beforeScenario\",\"beforeStep\",\"afterStep\",\"afterScenario\",\"afterFeature\",\"_\",\"suite\",\"$0\",\"ignoredWorkerServices\",\"wdi5\"]"}]}
COMMAND: POST /session/e1c9c002d5d3447acc7ed8721565bd54/execute/async - {"script":"<script> [21126 bytes]","args":[35000]}
RESULT: {"script":"<script> [21126 bytes]","args":[35000]}
COMMAND: POST /session/e1c9c002d5d3447acc7ed8721565bd54/window/fullscreen - {}
RESULT: {}
COMMAND: POST /session/e1c9c002d5d3447acc7ed8721565bd54/window/fullscreen - {}
RESULT: {}
COMMAND: POST /session/e1c9c002d5d3447acc7ed8721565bd54/execute/async - {"script":"<script> [1562 bytes]","args":[{"selector":{"controlType":"sap.m.GenericTile","properties":{"header":"Manage Partners"}},"wdio_ui5_key":"sapm.GenericTile{\"header\":\"Manage Partners\"}"}]}
RESULT: {"script":"<script> [1562 bytes]","args":[{"selector":{"controlType":"sap.m.GenericTile","properties":{"header":"Manage Partners"}},"wdio_ui5_key":"sapm.GenericTile{\"header\":\"Manage Partners\"}"}]}
RESULT: undefined
COMMAND: POST /session/e1c9c002d5d3447acc7ed8721565bd54/element - {"using":"xpath","value":"//*[@id=\"__tile30\"]"}
RESULT: {"using":"xpath","value":"//*[@id=\"__tile30\"]"}
COMMAND: POST /session/e1c9c002d5d3447acc7ed8721565bd54/element/f.06DF9BC5D4F2FE6DCE5AA073CBC21D39.d.3C23D3F42B50F7BE8E38A0F9A8A0D603.e.4726/click - {}
RESULT: {}
COMMAND: POST /session/e1c9c002d5d3447acc7ed8721565bd54/element - {"using":"xpath","value":"//button[@data-kt=\"addButton\"]"}
COMMAND: GET /session/e1c9c002d5d3447acc7ed8721565bd54/screenshot - {}
RESULT: {"using":"xpath","value":"//button[@data-kt=\"addButton\"]"}
COMMAND: POST /session/e1c9c002d5d3447acc7ed8721565bd54/elements - {"using":"xpath","value":"//button[@data-kt=\"addButton\"]"}
RESULT: {}
RESULT: {"using":"xpath","value":"//button[@data-kt=\"addButton\"]"}
COMMAND: POST /session/e1c9c002d5d3447acc7ed8721565bd54/elements - {"using":"xpath","value":"//button[@data-kt=\"addButton\"]"}
RESULT: {"using":"xpath","value":"//button[@data-kt=\"addButton\"]"}
COMMAND: POST /session/e1c9c002d5d3447acc7ed8721565bd54/elements - {"using":"xpath","value":"//button[@data-kt=\"addButton\"]"}
RESULT: {"using":"xpath","value":"//button[@data-kt=\"addButton\"]"}
COMMAND: POST /session/e1c9c002d5d3447acc7ed8721565bd54/elements - {"using":"xpath","value":"//button[@data-kt=\"addButton\"]"}
RESULT: {"using":"xpath","value":"//button[@data-kt=\"addButton\"]"}
COMMAND: POST /session/e1c9c002d5d3447acc7ed8721565bd54/elements - {"using":"xpath","value":"//button[@data-kt=\"addButton\"]"}
RESULT: {"using":"xpath","value":"//button[@data-kt=\"addButton\"]"}
COMMAND: POST /session/e1c9c002d5d3447acc7ed8721565bd54/elements - {"using":"xpath","value":"//button[@data-kt=\"addButton\"]"}
RESULT: {"using":"xpath","value":"//button[@data-kt=\"addButton\"]"}
COMMAND: POST /session/e1c9c002d5d3447acc7ed8721565bd54/elements - {"using":"xpath","value":"//button[@data-kt=\"addButton\"]"}
RESULT: {"using":"xpath","value":"//button[@data-kt=\"addButton\"]"}
COMMAND: POST /session/e1c9c002d5d3447acc7ed8721565bd54/elements - {"using":"xpath","value":"//button[@data-kt=\"addButton\"]"}
RESULT: {"using":"xpath","value":"//button[@data-kt=\"addButton\"]"}
COMMAND: POST /session/e1c9c002d5d3447acc7ed8721565bd54/elements - {"using":"xpath","value":"//button[@data-kt=\"addButton\"]"}
RESULT: {"using":"xpath","value":"//button[@data-kt=\"addButton\"]"}
COMMAND: POST /session/e1c9c002d5d3447acc7ed8721565bd54/elements - {"using":"xpath","value":"//button[@data-kt=\"addButton\"]"}
RESULT: {"using":"xpath","value":"//button[@data-kt=\"addButton\"]"}
COMMAND: POST /session/e1c9c002d5d3447acc7ed8721565bd54/elements - {"using":"xpath","value":"//button[@data-kt=\"addButton\"]"}
RESULT: {"using":"xpath","value":"//button[@data-kt=\"addButton\"]"}
COMMAND: POST /session/e1c9c002d5d3447acc7ed8721565bd54/elements - {"using":"xpath","value":"//button[@data-kt=\"addButton\"]"}
RESULT: {"using":"xpath","value":"//button[@data-kt=\"addButton\"]"}
COMMAND: POST /session/e1c9c002d5d3447acc7ed8721565bd54/elements - {"using":"xpath","value":"//button[@data-kt=\"addButton\"]"}
RESULT: {"using":"xpath","value":"//button[@data-kt=\"addButton\"]"}
COMMAND: POST /session/e1c9c002d5d3447acc7ed8721565bd54/elements - {"using":"xpath","value":"//button[@data-kt=\"addButton\"]"}
RESULT: {"using":"xpath","value":"//button[@data-kt=\"addButton\"]"}
COMMAND: POST /session/e1c9c002d5d3447acc7ed8721565bd54/elements - {"using":"xpath","value":"//button[@data-kt=\"addButton\"]"}
RESULT: {"using":"xpath","value":"//button[@data-kt=\"addButton\"]"}
COMMAND: POST /session/e1c9c002d5d3447acc7ed8721565bd54/elements - {"using":"xpath","value":"//button[@data-kt=\"addButton\"]"}
RESULT: {"using":"xpath","value":"//button[@data-kt=\"addButton\"]"}
COMMAND: POST /session/e1c9c002d5d3447acc7ed8721565bd54/elements - {"using":"xpath","value":"//button[@data-kt=\"addButton\"]"}
RESULT: {"using":"xpath","value":"//button[@data-kt=\"addButton\"]"}
COMMAND: POST /session/e1c9c002d5d3447acc7ed8721565bd54/elements - {"using":"xpath","value":"//button[@data-kt=\"addButton\"]"}
RESULT: {"using":"xpath","value":"//button[@data-kt=\"addButton\"]"}
COMMAND: POST /session/e1c9c002d5d3447acc7ed8721565bd54/elements - {"using":"xpath","value":"//button[@data-kt=\"addButton\"]"}
RESULT: {"using":"xpath","value":"//button[@data-kt=\"addButton\"]"}
COMMAND: POST /session/e1c9c002d5d3447acc7ed8721565bd54/elements - {"using":"xpath","value":"//button[@data-kt=\"addButton\"]"}
RESULT: {"using":"xpath","value":"//button[@data-kt=\"addButton\"]"}
COMMAND: POST /session/e1c9c002d5d3447acc7ed8721565bd54/elements - {"using":"xpath","value":"//button[@data-kt=\"addButton\"]"}
RESULT: {"using":"xpath","value":"//button[@data-kt=\"addButton\"]"}
COMMAND: POST /session/e1c9c002d5d3447acc7ed8721565bd54/elements - {"using":"xpath","value":"//button[@data-kt=\"addButton\"]"}
RESULT: {"using":"xpath","value":"//button[@data-kt=\"addButton\"]"}
COMMAND: POST /session/e1c9c002d5d3447acc7ed8721565bd54/elements - {"using":"xpath","value":"//button[@data-kt=\"addButton\"]"}
RESULT: {"using":"xpath","value":"//button[@data-kt=\"addButton\"]"}
COMMAND: POST /session/e1c9c002d5d3447acc7ed8721565bd54/elements - {"using":"xpath","value":"//button[@data-kt=\"addButton\"]"}
RESULT: {"using":"xpath","value":"//button[@data-kt=\"addButton\"]"}
COMMAND: POST /session/e1c9c002d5d3447acc7ed8721565bd54/elements - {"using":"xpath","value":"//button[@data-kt=\"addButton\"]"}
RESULT: {"using":"xpath","value":"//button[@data-kt=\"addButton\"]"}
COMMAND: POST /session/e1c9c002d5d3447acc7ed8721565bd54/elements - {"using":"xpath","value":"//button[@data-kt=\"addButton\"]"}
RESULT: {"using":"xpath","value":"//button[@data-kt=\"addButton\"]"}
COMMAND: POST /session/e1c9c002d5d3447acc7ed8721565bd54/element - {"using":"xpath","value":"//button[@data-kt=\"addButton\"]"}
RESULT: {"using":"xpath","value":"//button[@data-kt=\"addButton\"]"}
COMMAND: POST /session/e1c9c002d5d3447acc7ed8721565bd54/execute/sync - {"script":"<script> [8489 bytes]","args":[{"element-6066-11e4-a52e-4f735466cecf":"f.06DF9BC5D4F2FE6DCE5AA073CBC21D39.d.3C23D3F42B50F7BE8E38A0F9A8A0D603.e.4891","ELEMENT":"f.06DF9BC5D4F2FE6DCE5AA073CBC21D39.d.3C23D3F42B50F7BE8E38A0F9A8A0D603.e.4891"}]}
RESULT: {"script":"<script> [8489 bytes]","args":[{"element-6066-11e4-a52e-4f735466cecf":"f.06DF9BC5D4F2FE6DCE5AA073CBC21D39.d.3C23D3F42B50F7BE8E38A0F9A8A0D603.e.4891","ELEMENT":"f.06DF9BC5D4F2FE6DCE5AA073CBC21D39.d.3C23D3F42B50F7BE8E38A0F9A8A0D603.e.4891"}]}
COMMAND: GET /session/e1c9c002d5d3447acc7ed8721565bd54/element/f.06DF9BC5D4F2FE6DCE5AA073CBC21D39.d.3C23D3F42B50F7BE8E38A0F9A8A0D603.e.4891/enabled - {}
COMMAND: GET /session/e1c9c002d5d3447acc7ed8721565bd54/screenshot - {}
RESULT: {}
COMMAND: POST /session/e1c9c002d5d3447acc7ed8721565bd54/execute/sync - {"script":"<script> [8489 bytes]","args":[{"element-6066-11e4-a52e-4f735466cecf":"f.06DF9BC5D4F2FE6DCE5AA073CBC21D39.d.3C23D3F42B50F7BE8E38A0F9A8A0D603.e.4891","ELEMENT":"f.06DF9BC5D4F2FE6DCE5AA073CBC21D39.d.3C23D3F42B50F7BE8E38A0F9A8A0D603.e.4891"}]}
COMMAND: GET /session/e1c9c002d5d3447acc7ed8721565bd54/screenshot - {}
RESULT: {}
RESULT: {"script":"<script> [8489 bytes]","args":[{"element-6066-11e4-a52e-4f735466cecf":"f.06DF9BC5D4F2FE6DCE5AA073CBC21D39.d.3C23D3F42B50F7BE8E38A0F9A8A0D603.e.4891","ELEMENT":"f.06DF9BC5D4F2FE6DCE5AA073CBC21D39.d.3C23D3F42B50F7BE8E38A0F9A8A0D603.e.4891"}]}
COMMAND: POST /session/e1c9c002d5d3447acc7ed8721565bd54/execute/sync - {"script":"<script> [5351 bytes]","args":[{"element-6066-11e4-a52e-4f735466cecf":"f.06DF9BC5D4F2FE6DCE5AA073CBC21D39.d.3C23D3F42B50F7BE8E38A0F9A8A0D603.e.4891","ELEMENT":"f.06DF9BC5D4F2FE6DCE5AA073CBC21D39.d.3C23D3F42B50F7BE8E38A0F9A8A0D603.e.4891"}]}
COMMAND: GET /session/e1c9c002d5d3447acc7ed8721565bd54/screenshot - {}
RESULT: {}
RESULT: {"script":"<script> [5351 bytes]","args":[{"element-6066-11e4-a52e-4f735466cecf":"f.06DF9BC5D4F2FE6DCE5AA073CBC21D39.d.3C23D3F42B50F7BE8E38A0F9A8A0D603.e.4891","ELEMENT":"f.06DF9BC5D4F2FE6DCE5AA073CBC21D39.d.3C23D3F42B50F7BE8E38A0F9A8A0D603.e.4891"}]}
COMMAND: POST /session/e1c9c002d5d3447acc7ed8721565bd54/element/f.06DF9BC5D4F2FE6DCE5AA073CBC21D39.d.3C23D3F42B50F7BE8E38A0F9A8A0D603.e.4891/click - {}
COMMAND: GET /session/e1c9c002d5d3447acc7ed8721565bd54/screenshot - {}
RESULT: {}
RESULT: {}
COMMAND: GET /session/e1c9c002d5d3447acc7ed8721565bd54/screenshot - {}
COMMAND: POST /session/e1c9c002d5d3447acc7ed8721565bd54/execute/async - {"script":"<script> [1562 bytes]","args":[{"selector":{"id":"application-managepartners-display-component---NewPartner--addressDetailDetailsName1","interaction":{"idSuffix":"inner"}},"wdio_ui5_key":"applicationmanagepartners-display-component---NewPartner--addressDetailDetailsName1"}]}
RESULT: {}
RESULT: {}
RESULT: {"script":"<script> [1562 bytes]","args":[{"selector":{"id":"application-managepartners-display-component---NewPartner--addressDetailDetailsName1","interaction":{"idSuffix":"inner"}},"wdio_ui5_key":"applicationmanagepartners-display-component---NewPartner--addressDetailDetailsName1"}]}
RESULT: undefined
COMMAND: POST /session/e1c9c002d5d3447acc7ed8721565bd54/execute/async - {"script":"<script> [776 bytes]","args":[{"enterText":"Intercompany Partner WDIO","selector":{"id":"application-managepartners-display-component---NewPartner--addressDetailDetailsName1","interaction":{"idSuffix":"inner"}},"clearTextFirst":true,"interactionType":"ENTER_TEXT"}]}
RESULT: {"script":"<script> [776 bytes]","args":[{"enterText":"Intercompany Partner WDIO","selector":{"id":"application-managepartners-display-component---NewPartner--addressDetailDetailsName1","interaction":{"idSuffix":"inner"}},"clearTextFirst":true,"interactionType":"ENTER_TEXT"}]}
COMMAND: POST /session/e1c9c002d5d3447acc7ed8721565bd54/execute/async - {"script":"<script> [1562 bytes]","args":[{"selector":{"id":"application-managepartners-display-component---NewPartner--addressDetailDetailsLanguage-arrow"},"wdio_ui5_key":"applicationmanagepartners-display-component---NewPartner--addressDetailDetailsLanguage-arrow"}]}
RESULT: {"script":"<script> [1562 bytes]","args":[{"selector":{"id":"application-managepartners-display-component---NewPartner--addressDetailDetailsLanguage-arrow"},"wdio_ui5_key":"applicationmanagepartners-display-component---NewPartner--addressDetailDetailsLanguage-arrow"}]}
RESULT: undefined
COMMAND: POST /session/e1c9c002d5d3447acc7ed8721565bd54/element - {"using":"xpath","value":"//*[@id=\"application-managepartners-display-component---NewPartner--addressDetailDetailsLanguage-arrow\"]"}
RESULT: {"using":"xpath","value":"//*[@id=\"application-managepartners-display-component---NewPartner--addressDetailDetailsLanguage-arrow\"]"}
COMMAND: POST /session/e1c9c002d5d3447acc7ed8721565bd54/element/f.06DF9BC5D4F2FE6DCE5AA073CBC21D39.d.3C23D3F42B50F7BE8E38A0F9A8A0D603.e.5329/click - {}
RESULT: {}
COMMAND: POST /session/e1c9c002d5d3447acc7ed8721565bd54/element - {"using":"xpath","value":"//span[contains(text(), \"English\")]"}
COMMAND: GET /session/e1c9c002d5d3447acc7ed8721565bd54/screenshot - {}
RESULT: {"using":"xpath","value":"//span[contains(text(), \"English\")]"}
COMMAND: POST /session/e1c9c002d5d3447acc7ed8721565bd54/element/f.06DF9BC5D4F2FE6DCE5AA073CBC21D39.d.3C23D3F42B50F7BE8E38A0F9A8A0D603.e.5330/click - {}
RESULT: {}
RESULT: {}
COMMAND: GET /session/e1c9c002d5d3447acc7ed8721565bd54/screenshot - {}
RESULT: {}
COMMAND: POST /session/e1c9c002d5d3447acc7ed8721565bd54/execute/async - {"script":"<script> [1562 bytes]","args":[{"selector":{"id":"application-managepartners-display-component---NewPartner--addressDetailDetailsCity1","interaction":{"idSuffix":"inner"}},"wdio_ui5_key":"applicationmanagepartners-display-component---NewPartner--addressDetailDetailsCity1"}]}
RESULT: {"script":"<script> [1562 bytes]","args":[{"selector":{"id":"application-managepartners-display-component---NewPartner--addressDetailDetailsCity1","interaction":{"idSuffix":"inner"}},"wdio_ui5_key":"applicationmanagepartners-display-component---NewPartner--addressDetailDetailsCity1"}]}
RESULT: undefined
COMMAND: POST /session/e1c9c002d5d3447acc7ed8721565bd54/execute/async - {"script":"<script> [776 bytes]","args":[{"enterText":"Rosario","selector":{"id":"application-managepartners-display-component---NewPartner--addressDetailDetailsCity1","interaction":{"idSuffix":"inner"}},"clearTextFirst":true,"interactionType":"ENTER_TEXT"}]}
RESULT: {"script":"<script> [776 bytes]","args":[{"enterText":"Rosario","selector":{"id":"application-managepartners-display-component---NewPartner--addressDetailDetailsCity1","interaction":{"idSuffix":"inner"}},"clearTextFirst":true,"interactionType":"ENTER_TEXT"}]}
COMMAND: POST /session/e1c9c002d5d3447acc7ed8721565bd54/execute/async - {"script":"<script> [1562 bytes]","args":[{"selector":{"id":"application-managepartners-display-component---NewPartner--addressDetailDetailsCountry-arrow"},"wdio_ui5_key":"applicationmanagepartners-display-component---NewPartner--addressDetailDetailsCountry-arrow"}]}
RESULT: {"script":"<script> [1562 bytes]","args":[{"selector":{"id":"application-managepartners-display-component---NewPartner--addressDetailDetailsCountry-arrow"},"wdio_ui5_key":"applicationmanagepartners-display-component---NewPartner--addressDetailDetailsCountry-arrow"}]}
RESULT: undefined
COMMAND: POST /session/e1c9c002d5d3447acc7ed8721565bd54/element - {"using":"xpath","value":"//*[@id=\"application-managepartners-display-component---NewPartner--addressDetailDetailsCountry-arrow\"]"}
RESULT: {"using":"xpath","value":"//*[@id=\"application-managepartners-display-component---NewPartner--addressDetailDetailsCountry-arrow\"]"}
COMMAND: POST /session/e1c9c002d5d3447acc7ed8721565bd54/element/f.06DF9BC5D4F2FE6DCE5AA073CBC21D39.d.3C23D3F42B50F7BE8E38A0F9A8A0D603.e.5297/click - {}
RESULT: {}
COMMAND: POST /session/e1c9c002d5d3447acc7ed8721565bd54/element - {"using":"xpath","value":"//span[contains(text(), \"Argentina\")]"}
COMMAND: GET /session/e1c9c002d5d3447acc7ed8721565bd54/screenshot - {}
RESULT: {"using":"xpath","value":"//span[contains(text(), \"Argentina\")]"}
COMMAND: POST /session/e1c9c002d5d3447acc7ed8721565bd54/element/f.06DF9BC5D4F2FE6DCE5AA073CBC21D39.d.3C23D3F42B50F7BE8E38A0F9A8A0D603.e.5332/click - {}
RESULT: {}
RESULT: {}
COMMAND: GET /session/e1c9c002d5d3447acc7ed8721565bd54/screenshot - {}
RESULT: {}
COMMAND: POST /session/e1c9c002d5d3447acc7ed8721565bd54/element - {"using":"xpath","value":"//bdi[contains(text(), \"Commercial\")]"}
RESULT: {"using":"xpath","value":"//bdi[contains(text(), \"Commercial\")]"}
COMMAND: POST /session/e1c9c002d5d3447acc7ed8721565bd54/element/f.06DF9BC5D4F2FE6DCE5AA073CBC21D39.d.3C23D3F42B50F7BE8E38A0F9A8A0D603.e.5333/click - {}
RESULT: {}
COMMAND: GET /session/e1c9c002d5d3447acc7ed8721565bd54/screenshot - {}
RESULT: {}
COMMAND: POST /session/e1c9c002d5d3447acc7ed8721565bd54/execute/async - {"script":"<script> [1562 bytes]","args":[{"selector":{"id":"application-managepartners-display-component---NewPartner--partnerDetailInternal-arrow"},"wdio_ui5_key":"applicationmanagepartners-display-component---NewPartner--partnerDetailInternal-arrow"}]}
RESULT: {"script":"<script> [1562 bytes]","args":[{"selector":{"id":"application-managepartners-display-component---NewPartner--partnerDetailInternal-arrow"},"wdio_ui5_key":"applicationmanagepartners-display-component---NewPartner--partnerDetailInternal-arrow"}]}
RESULT: undefined
COMMAND: POST /session/e1c9c002d5d3447acc7ed8721565bd54/element - {"using":"xpath","value":"//*[@id=\"application-managepartners-display-component---NewPartner--partnerDetailInternal-arrow\"]"}
RESULT: {"using":"xpath","value":"//*[@id=\"application-managepartners-display-component---NewPartner--partnerDetailInternal-arrow\"]"}
COMMAND: POST /session/e1c9c002d5d3447acc7ed8721565bd54/element/f.06DF9BC5D4F2FE6DCE5AA073CBC21D39.d.3C23D3F42B50F7BE8E38A0F9A8A0D603.e.5339/click - {}
RESULT: {}
COMMAND: POST /session/e1c9c002d5d3447acc7ed8721565bd54/element - {"using":"xpath","value":"//span[contains(text(), \"Affiliated company\")]"}
COMMAND: GET /session/e1c9c002d5d3447acc7ed8721565bd54/screenshot - {}
RESULT: {"using":"xpath","value":"//span[contains(text(), \"Affiliated company\")]"}
COMMAND: POST /session/e1c9c002d5d3447acc7ed8721565bd54/element/f.06DF9BC5D4F2FE6DCE5AA073CBC21D39.d.3C23D3F42B50F7BE8E38A0F9A8A0D603.e.5342/click - {}
RESULT: {}
RESULT: {}
COMMAND: POST /session/e1c9c002d5d3447acc7ed8721565bd54/execute/async - {"script":"<script> [1562 bytes]","args":[{"selector":{"id":"application-managepartners-display-component---NewPartner--partnerDetailsCurrency-arrow"},"wdio_ui5_key":"applicationmanagepartners-display-component---NewPartner--partnerDetailsCurrency-arrow"}]}
COMMAND: GET /session/e1c9c002d5d3447acc7ed8721565bd54/screenshot - {}
RESULT: {"script":"<script> [1562 bytes]","args":[{"selector":{"id":"application-managepartners-display-component---NewPartner--partnerDetailsCurrency-arrow"},"wdio_ui5_key":"applicationmanagepartners-display-component---NewPartner--partnerDetailsCurrency-arrow"}]}
RESULT: undefined
COMMAND: POST /session/e1c9c002d5d3447acc7ed8721565bd54/element - {"using":"xpath","value":"//*[@id=\"application-managepartners-display-component---NewPartner--partnerDetailsCurrency-arrow\"]"}
RESULT: {}
RESULT: {"using":"xpath","value":"//*[@id=\"application-managepartners-display-component---NewPartner--partnerDetailsCurrency-arrow\"]"}
COMMAND: POST /session/e1c9c002d5d3447acc7ed8721565bd54/element/f.06DF9BC5D4F2FE6DCE5AA073CBC21D39.d.3C23D3F42B50F7BE8E38A0F9A8A0D603.e.5349/click - {}
RESULT: {}
COMMAND: POST /session/e1c9c002d5d3447acc7ed8721565bd54/element - {"using":"xpath","value":"//span[contains(text(), \"Euro\")]"}
COMMAND: GET /session/e1c9c002d5d3447acc7ed8721565bd54/screenshot - {}
RESULT: {"using":"xpath","value":"//span[contains(text(), \"Euro\")]"}
COMMAND: POST /session/e1c9c002d5d3447acc7ed8721565bd54/element/f.06DF9BC5D4F2FE6DCE5AA073CBC21D39.d.3C23D3F42B50F7BE8E38A0F9A8A0D603.e.5350/click - {}
RESULT: {}
RESULT: {}
COMMAND: POST /session/e1c9c002d5d3447acc7ed8721565bd54/execute/async - {"script":"<script> [1562 bytes]","args":[{"selector":{"id":"application-managepartners-display-component---NewPartner--addressEditDetailsCostObjectCstType-arrow"},"wdio_ui5_key":"applicationmanagepartners-display-component---NewPartner--addressEditDetailsCostObjectCstType-arrow"}]}
COMMAND: GET /session/e1c9c002d5d3447acc7ed8721565bd54/screenshot - {}
RESULT: {"script":"<script> [1562 bytes]","args":[{"selector":{"id":"application-managepartners-display-component---NewPartner--addressEditDetailsCostObjectCstType-arrow"},"wdio_ui5_key":"applicationmanagepartners-display-component---NewPartner--addressEditDetailsCostObjectCstType-arrow"}]}
RESULT: undefined
COMMAND: POST /session/e1c9c002d5d3447acc7ed8721565bd54/element - {"using":"xpath","value":"//*[@id=\"application-managepartners-display-component---NewPartner--addressEditDetailsCostObjectCstType-arrow\"]"}
RESULT: {}
RESULT: {"using":"xpath","value":"//*[@id=\"application-managepartners-display-component---NewPartner--addressEditDetailsCostObjectCstType-arrow\"]"}
COMMAND: POST /session/e1c9c002d5d3447acc7ed8721565bd54/element/f.06DF9BC5D4F2FE6DCE5AA073CBC21D39.d.3C23D3F42B50F7BE8E38A0F9A8A0D603.e.5351/click - {}
RESULT: {}
COMMAND: POST /session/e1c9c002d5d3447acc7ed8721565bd54/element - {"using":"xpath","value":"//span[contains(text(), \"Cost Center\")]"}
COMMAND: GET /session/e1c9c002d5d3447acc7ed8721565bd54/screenshot - {}
RESULT: {"using":"xpath","value":"//span[contains(text(), \"Cost Center\")]"}
COMMAND: POST /session/e1c9c002d5d3447acc7ed8721565bd54/element/f.06DF9BC5D4F2FE6DCE5AA073CBC21D39.d.3C23D3F42B50F7BE8E38A0F9A8A0D603.e.5352/click - {}
RESULT: {}
RESULT: {}
COMMAND: GET /session/e1c9c002d5d3447acc7ed8721565bd54/screenshot - {}
RESULT: {}
COMMAND: POST /session/e1c9c002d5d3447acc7ed8721565bd54/element - {"using":"xpath","value":"//span[@id=\"application-managepartners-display-component---NewPartner--addressNewCostObjectCstID-vhi\"]"}
RESULT: {"using":"xpath","value":"//span[@id=\"application-managepartners-display-component---NewPartner--addressNewCostObjectCstID-vhi\"]"}
COMMAND: POST /session/e1c9c002d5d3447acc7ed8721565bd54/execute/sync - {"script":"<script> [8489 bytes]","args":[{"element-6066-11e4-a52e-4f735466cecf":"f.06DF9BC5D4F2FE6DCE5AA073CBC21D39.d.3C23D3F42B50F7BE8E38A0F9A8A0D603.e.5355","ELEMENT":"f.06DF9BC5D4F2FE6DCE5AA073CBC21D39.d.3C23D3F42B50F7BE8E38A0F9A8A0D603.e.5355"}]}
RESULT: {"script":"<script> [8489 bytes]","args":[{"element-6066-11e4-a52e-4f735466cecf":"f.06DF9BC5D4F2FE6DCE5AA073CBC21D39.d.3C23D3F42B50F7BE8E38A0F9A8A0D603.e.5355","ELEMENT":"f.06DF9BC5D4F2FE6DCE5AA073CBC21D39.d.3C23D3F42B50F7BE8E38A0F9A8A0D603.e.5355"}]}
COMMAND: POST /session/e1c9c002d5d3447acc7ed8721565bd54/execute/async - {"script":"<script> [1562 bytes]","args":[{"selector":{"id":"application-managepartners-display-component---NewPartner--addressNewCostObjectCstID-vhi"},"wdio_ui5_key":"applicationmanagepartners-display-component---NewPartner--addressNewCostObjectCstID-vhi"}]}
COMMAND: GET /session/e1c9c002d5d3447acc7ed8721565bd54/screenshot - {}
RESULT: {"script":"<script> [1562 bytes]","args":[{"selector":{"id":"application-managepartners-display-component---NewPartner--addressNewCostObjectCstID-vhi"},"wdio_ui5_key":"applicationmanagepartners-display-component---NewPartner--addressNewCostObjectCstID-vhi"}]}
RESULT: undefined
COMMAND: POST /session/e1c9c002d5d3447acc7ed8721565bd54/element - {"using":"xpath","value":"//*[@id=\"application-managepartners-display-component---NewPartner--addressNewCostObjectCstID-vhi\"]"}
RESULT: {}
RESULT: {"using":"xpath","value":"//*[@id=\"application-managepartners-display-component---NewPartner--addressNewCostObjectCstID-vhi\"]"}
COMMAND: POST /session/e1c9c002d5d3447acc7ed8721565bd54/element/f.06DF9BC5D4F2FE6DCE5AA073CBC21D39.d.3C23D3F42B50F7BE8E38A0F9A8A0D603.e.5355/click - {}
RESULT: {}
COMMAND: GET /session/e1c9c002d5d3447acc7ed8721565bd54/screenshot - {}
RESULT: {}
COMMAND: POST /session/e1c9c002d5d3447acc7ed8721565bd54/execute/async - {"script":"<script> [1562 bytes]","args":[{"selector":{"controlType":"sap.m.SearchField","properties":{"placeholder":"Search"},"searchOpenDialogs":true,"interaction":{"idSuffix":"I"}},"wdio_ui5_key":"sapm.SearchField{\"placeholder\":\"Search\"}"}]}
RESULT: {"script":"<script> [1562 bytes]","args":[{"selector":{"controlType":"sap.m.SearchField","properties":{"placeholder":"Search"},"searchOpenDialogs":true,"interaction":{"idSuffix":"I"}},"wdio_ui5_key":"sapm.SearchField{\"placeholder\":\"Search\"}"}]}
RESULT: undefined
COMMAND: POST /session/e1c9c002d5d3447acc7ed8721565bd54/execute/async - {"script":"<script> [776 bytes]","args":[{"enterText":"10001013","selector":{"controlType":"sap.m.SearchField","properties":{"placeholder":"Search"},"searchOpenDialogs":true,"interaction":{"idSuffix":"I"}},"clearTextFirst":true,"interactionType":"ENTER_TEXT"}]}
RESULT: {"script":"<script> [776 bytes]","args":[{"enterText":"10001013","selector":{"controlType":"sap.m.SearchField","properties":{"placeholder":"Search"},"searchOpenDialogs":true,"interaction":{"idSuffix":"I"}},"clearTextFirst":true,"interactionType":"ENTER_TEXT"}]}
COMMAND: POST /session/e1c9c002d5d3447acc7ed8721565bd54/actions - {"actions":[{"id":"action15","type":"key","parameters":{},"actions":[{"type":"keyDown","value":""},{"type":"pause","duration":10},{"type":"keyUp","value":""}]}]}
RESULT: {"actions":[{"id":"action15","type":"key","parameters":{},"actions":[{"type":"keyDown","value":""},{"type":"pause","duration":10},{"type":"keyUp","value":""}]}]}
COMMAND: GET /session/e1c9c002d5d3447acc7ed8721565bd54/screenshot - {}
RESULT: {}
COMMAND: POST /session/e1c9c002d5d3447acc7ed8721565bd54/element - {"using":"xpath","value":"//span[contains(text(), \"General Management\")]"}
RESULT: {"using":"xpath","value":"//span[contains(text(), \"General Management\")]"}
COMMAND: POST /session/e1c9c002d5d3447acc7ed8721565bd54/element/f.06DF9BC5D4F2FE6DCE5AA073CBC21D39.d.3C23D3F42B50F7BE8E38A0F9A8A0D603.e.5397/click - {}
RESULT: {}
COMMAND: GET /session/e1c9c002d5d3447acc7ed8721565bd54/screenshot - {}
RESULT: {}
COMMAND: POST /session/e1c9c002d5d3447acc7ed8721565bd54/element - {"using":"xpath","value":"//bdi[contains(text(), \"OK\")]"}
RESULT: {"using":"xpath","value":"//bdi[contains(text(), \"OK\")]"}
COMMAND: POST /session/e1c9c002d5d3447acc7ed8721565bd54/element/f.06DF9BC5D4F2FE6DCE5AA073CBC21D39.d.3C23D3F42B50F7BE8E38A0F9A8A0D603.e.5398/click - {}
RESULT: {}
COMMAND: GET /session/e1c9c002d5d3447acc7ed8721565bd54/screenshot - {}
RESULT: {}
COMMAND: POST /session/e1c9c002d5d3447acc7ed8721565bd54/element - {"using":"xpath","value":"//input[@id=\"application-managepartners-display-component---NewPartner--companyCodeComboBox-inner\"]"}
RESULT: {"using":"xpath","value":"//input[@id=\"application-managepartners-display-component---NewPartner--companyCodeComboBox-inner\"]"}
COMMAND: POST /session/e1c9c002d5d3447acc7ed8721565bd54/element/f.06DF9BC5D4F2FE6DCE5AA073CBC21D39.d.3C23D3F42B50F7BE8E38A0F9A8A0D603.e.5195/clear - {}
RESULT: {}
COMMAND: POST /session/e1c9c002d5d3447acc7ed8721565bd54/element/f.06DF9BC5D4F2FE6DCE5AA073CBC21D39.d.3C23D3F42B50F7BE8E38A0F9A8A0D603.e.5195/value - {"text":"C002"}
COMMAND: GET /session/e1c9c002d5d3447acc7ed8721565bd54/screenshot - {}
RESULT: {"text":"C002"}
COMMAND: GET /session/e1c9c002d5d3447acc7ed8721565bd54/screenshot - {}
RESULT: {}
RESULT: {}
COMMAND: POST /session/e1c9c002d5d3447acc7ed8721565bd54/element - {"using":"xpath","value":"//span[contains(text(), \"C002\")]"}
RESULT: {"using":"xpath","value":"//span[contains(text(), \"C002\")]"}
COMMAND: POST /session/e1c9c002d5d3447acc7ed8721565bd54/element/f.06DF9BC5D4F2FE6DCE5AA073CBC21D39.d.3C23D3F42B50F7BE8E38A0F9A8A0D603.e.5404/click - {}
RESULT: {}
COMMAND: GET /session/e1c9c002d5d3447acc7ed8721565bd54/screenshot - {}
RESULT: {}
COMMAND: POST /session/e1c9c002d5d3447acc7ed8721565bd54/execute/async - {"script":"<script> [1562 bytes]","args":[{"selector":{"id":"application-managepartners-display-component---NewPartner--btnAddTableRow-img"},"wdio_ui5_key":"applicationmanagepartners-display-component---NewPartner--btnAddTableRow-img"}]}
RESULT: {"script":"<script> [1562 bytes]","args":[{"selector":{"id":"application-managepartners-display-component---NewPartner--btnAddTableRow-img"},"wdio_ui5_key":"applicationmanagepartners-display-component---NewPartner--btnAddTableRow-img"}]}
RESULT: undefined
COMMAND: POST /session/e1c9c002d5d3447acc7ed8721565bd54/element - {"using":"xpath","value":"//*[@id=\"application-managepartners-display-component---NewPartner--btnAddTableRow-img\"]"}
RESULT: {"using":"xpath","value":"//*[@id=\"application-managepartners-display-component---NewPartner--btnAddTableRow-img\"]"}
COMMAND: POST /session/e1c9c002d5d3447acc7ed8721565bd54/element/f.06DF9BC5D4F2FE6DCE5AA073CBC21D39.d.3C23D3F42B50F7BE8E38A0F9A8A0D603.e.5405/click - {}
RESULT: {}
COMMAND: GET /session/e1c9c002d5d3447acc7ed8721565bd54/screenshot - {}
RESULT: {}
COMMAND: POST /session/e1c9c002d5d3447acc7ed8721565bd54/element - {"using":"xpath","value":"//input[@id=\"application-managepartners-display-component---NewPartner--assignmentYard-application-managepartners-display-component---NewPartner--assignmentsTable-0-inner\"]"}
RESULT: {"using":"xpath","value":"//input[@id=\"application-managepartners-display-component---NewPartner--assignmentYard-application-managepartners-display-component---NewPartner--assignmentsTable-0-inner\"]"}
COMMAND: POST /session/e1c9c002d5d3447acc7ed8721565bd54/element/f.06DF9BC5D4F2FE6DCE5AA073CBC21D39.d.3C23D3F42B50F7BE8E38A0F9A8A0D603.e.5408/clear - {}
RESULT: {}
COMMAND: POST /session/e1c9c002d5d3447acc7ed8721565bd54/element/f.06DF9BC5D4F2FE6DCE5AA073CBC21D39.d.3C23D3F42B50F7BE8E38A0F9A8A0D603.e.5408/value - {"text":"618"}
COMMAND: GET /session/e1c9c002d5d3447acc7ed8721565bd54/screenshot - {}
RESULT: {}
RESULT: {"text":"618"}
COMMAND: GET /session/e1c9c002d5d3447acc7ed8721565bd54/screenshot - {}
RESULT: {}
COMMAND: POST /session/e1c9c002d5d3447acc7ed8721565bd54/element - {"using":"xpath","value":"//li[.//span[text()='618']]"}
RESULT: {"using":"xpath","value":"//li[.//span[text()='618']]"}
COMMAND: POST /session/e1c9c002d5d3447acc7ed8721565bd54/element/f.06DF9BC5D4F2FE6DCE5AA073CBC21D39.d.3C23D3F42B50F7BE8E38A0F9A8A0D603.e.5417/click - {}
RESULT: {}
COMMAND: GET /session/e1c9c002d5d3447acc7ed8721565bd54/screenshot - {}
RESULT: {}
COMMAND: POST /session/e1c9c002d5d3447acc7ed8721565bd54/actions - {"actions":[{"id":"action16","type":"key","parameters":{},"actions":[{"type":"keyDown","value":""},{"type":"pause","duration":10},{"type":"keyUp","value":""}]}]}
RESULT: {"actions":[{"id":"action16","type":"key","parameters":{},"actions":[{"type":"keyDown","value":""},{"type":"pause","duration":10},{"type":"keyUp","value":""}]}]}
COMMAND: POST /session/e1c9c002d5d3447acc7ed8721565bd54/execute/async - {"script":"<script> [1562 bytes]","args":[{"selector":{"id":"application-managepartners-display-component---NewPartner--externalCustomerComboBox-application-managepartners-display-component---NewPartner--assignmentsTable-0-vhi"},"wdio_ui5_key":"applicationmanagepartners-display-component---NewPartner--externalCustomerComboBox-application-managepartners-display-component---NewPartner--assignmentsTable-0-vhi"}]}
COMMAND: GET /session/e1c9c002d5d3447acc7ed8721565bd54/screenshot - {}
RESULT: {"script":"<script> [1562 bytes]","args":[{"selector":{"id":"application-managepartners-display-component---NewPartner--externalCustomerComboBox-application-managepartners-display-component---NewPartner--assignmentsTable-0-vhi"},"wdio_ui5_key":"applicationmanagepartners-display-component---NewPartner--externalCustomerComboBox-application-managepartners-display-component---NewPartner--assignmentsTable-0-vhi"}]}
RESULT: undefined
COMMAND: POST /session/e1c9c002d5d3447acc7ed8721565bd54/element - {"using":"xpath","value":"//*[@id=\"application-managepartners-display-component---NewPartner--externalCustomerComboBox-application-managepartners-display-component---NewPartner--assignmentsTable-0-vhi\"]"}
RESULT: {}
RESULT: {"using":"xpath","value":"//*[@id=\"application-managepartners-display-component---NewPartner--externalCustomerComboBox-application-managepartners-display-component---NewPartner--assignmentsTable-0-vhi\"]"}
COMMAND: POST /session/e1c9c002d5d3447acc7ed8721565bd54/element/f.06DF9BC5D4F2FE6DCE5AA073CBC21D39.d.3C23D3F42B50F7BE8E38A0F9A8A0D603.e.5421/click - {}
RESULT: {}
RESULT: undefined
COMMAND: POST /session/e1c9c002d5d3447acc7ed8721565bd54/execute/async - {"script":"<script> [776 bytes]","args":[{"enterText":"300003","selector":{"controlType":"sap.m.SearchField","properties":{"placeholder":"Search"},"searchOpenDialogs":true,"interaction":{"idSuffix":"I"}},"clearTextFirst":true,"interactionType":"ENTER_TEXT"}]}
COMMAND: GET /session/e1c9c002d5d3447acc7ed8721565bd54/screenshot - {}
RESULT: {"script":"<script> [776 bytes]","args":[{"enterText":"300003","selector":{"controlType":"sap.m.SearchField","properties":{"placeholder":"Search"},"searchOpenDialogs":true,"interaction":{"idSuffix":"I"}},"clearTextFirst":true,"interactionType":"ENTER_TEXT"}]}
COMMAND: POST /session/e1c9c002d5d3447acc7ed8721565bd54/actions - {"actions":[{"id":"action17","type":"key","parameters":{},"actions":[{"type":"keyDown","value":""},{"type":"pause","duration":10},{"type":"keyUp","value":""}]}]}
RESULT: {}
RESULT: {"actions":[{"id":"action17","type":"key","parameters":{},"actions":[{"type":"keyDown","value":""},{"type":"pause","duration":10},{"type":"keyUp","value":""}]}]}
COMMAND: GET /session/e1c9c002d5d3447acc7ed8721565bd54/screenshot - {}
RESULT: {}
COMMAND: POST /session/e1c9c002d5d3447acc7ed8721565bd54/element - {"using":"xpath","value":"//span[contains(text(), \"300003\")]"}
RESULT: {"using":"xpath","value":"//span[contains(text(), \"300003\")]"}
COMMAND: POST /session/e1c9c002d5d3447acc7ed8721565bd54/element/f.06DF9BC5D4F2FE6DCE5AA073CBC21D39.d.3C23D3F42B50F7BE8E38A0F9A8A0D603.e.5439/click - {}
RESULT: {}
COMMAND: GET /session/e1c9c002d5d3447acc7ed8721565bd54/screenshot - {}
RESULT: {}
COMMAND: POST /session/e1c9c002d5d3447acc7ed8721565bd54/element - {"using":"xpath","value":"//bdi[contains(text(), \"OK\")]"}
RESULT: {"using":"xpath","value":"//bdi[contains(text(), \"OK\")]"}
COMMAND: POST /session/e1c9c002d5d3447acc7ed8721565bd54/element/f.06DF9BC5D4F2FE6DCE5AA073CBC21D39.d.3C23D3F42B50F7BE8E38A0F9A8A0D603.e.5441/click - {}
RESULT: {}
COMMAND: GET /session/e1c9c002d5d3447acc7ed8721565bd54/screenshot - {}
RESULT: {}
COMMAND: POST /session/e1c9c002d5d3447acc7ed8721565bd54/execute/async - {"script":"<script> [1562 bytes]","args":[{"selector":{"id":"application-managepartners-display-component---NewPartner--intercompVendorComboBox-application-managepartners-display-component---NewPartner--assignmentsTable-0-vhi"},"wdio_ui5_key":"applicationmanagepartners-display-component---NewPartner--intercompVendorComboBox-application-managepartners-display-component---NewPartner--assignmentsTable-0-vhi"}]}
RESULT: {"script":"<script> [1562 bytes]","args":[{"selector":{"id":"application-managepartners-display-component---NewPartner--intercompVendorComboBox-application-managepartners-display-component---NewPartner--assignmentsTable-0-vhi"},"wdio_ui5_key":"applicationmanagepartners-display-component---NewPartner--intercompVendorComboBox-application-managepartners-display-component---NewPartner--assignmentsTable-0-vhi"}]}
RESULT: undefined
COMMAND: POST /session/e1c9c002d5d3447acc7ed8721565bd54/element - {"using":"xpath","value":"//*[@id=\"application-managepartners-display-component---NewPartner--intercompVendorComboBox-application-managepartners-display-component---NewPartner--assignmentsTable-0-vhi\"]"}
RESULT: {"using":"xpath","value":"//*[@id=\"application-managepartners-display-component---NewPartner--intercompVendorComboBox-application-managepartners-display-component---NewPartner--assignmentsTable-0-vhi\"]"}
COMMAND: POST /session/e1c9c002d5d3447acc7ed8721565bd54/element/f.06DF9BC5D4F2FE6DCE5AA073CBC21D39.d.3C23D3F42B50F7BE8E38A0F9A8A0D603.e.5445/click - {}
RESULT: {}
RESULT: undefined
COMMAND: POST /session/e1c9c002d5d3447acc7ed8721565bd54/execute/async - {"script":"<script> [776 bytes]","args":[{"enterText":"100005","selector":{"controlType":"sap.m.SearchField","properties":{"placeholder":"Search"},"searchOpenDialogs":true,"interaction":{"idSuffix":"I"}},"clearTextFirst":true,"interactionType":"ENTER_TEXT"}]}
COMMAND: GET /session/e1c9c002d5d3447acc7ed8721565bd54/screenshot - {}
RESULT: {"script":"<script> [776 bytes]","args":[{"enterText":"100005","selector":{"controlType":"sap.m.SearchField","properties":{"placeholder":"Search"},"searchOpenDialogs":true,"interaction":{"idSuffix":"I"}},"clearTextFirst":true,"interactionType":"ENTER_TEXT"}]}
COMMAND: POST /session/e1c9c002d5d3447acc7ed8721565bd54/actions - {"actions":[{"id":"action18","type":"key","parameters":{},"actions":[{"type":"keyDown","value":""},{"type":"pause","duration":10},{"type":"keyUp","value":""}]}]}
RESULT: {}
RESULT: {"actions":[{"id":"action18","type":"key","parameters":{},"actions":[{"type":"keyDown","value":""},{"type":"pause","duration":10},{"type":"keyUp","value":""}]}]}
COMMAND: GET /session/e1c9c002d5d3447acc7ed8721565bd54/screenshot - {}
RESULT: {}
COMMAND: POST /session/e1c9c002d5d3447acc7ed8721565bd54/element - {"using":"xpath","value":"//span[contains(text(), \"Penguins - Field/12345 Berlin\")]"}
RESULT: {"using":"xpath","value":"//span[contains(text(), \"Penguins - Field/12345 Berlin\")]"}
COMMAND: POST /session/e1c9c002d5d3447acc7ed8721565bd54/element/f.06DF9BC5D4F2FE6DCE5AA073CBC21D39.d.3C23D3F42B50F7BE8E38A0F9A8A0D603.e.5463/click - {}
RESULT: {}
COMMAND: GET /session/e1c9c002d5d3447acc7ed8721565bd54/screenshot - {}
RESULT: {}
COMMAND: POST /session/e1c9c002d5d3447acc7ed8721565bd54/element - {"using":"xpath","value":"//bdi[contains(text(), \"OK\")]"}
RESULT: {"using":"xpath","value":"//bdi[contains(text(), \"OK\")]"}
COMMAND: POST /session/e1c9c002d5d3447acc7ed8721565bd54/element/f.06DF9BC5D4F2FE6DCE5AA073CBC21D39.d.3C23D3F42B50F7BE8E38A0F9A8A0D603.e.5464/click - {}
RESULT: {}
COMMAND: GET /session/e1c9c002d5d3447acc7ed8721565bd54/screenshot - {}
RESULT: {}
COMMAND: POST /session/e1c9c002d5d3447acc7ed8721565bd54/element - {"using":"xpath","value":"//button[@data-kt=\"saveButton\"]"}
RESULT: {"using":"xpath","value":"//button[@data-kt=\"saveButton\"]"}
COMMAND: POST /session/e1c9c002d5d3447acc7ed8721565bd54/element/f.06DF9BC5D4F2FE6DCE5AA073CBC21D39.d.3C23D3F42B50F7BE8E38A0F9A8A0D603.e.5240/click - {}
RESULT: {}
COMMAND: GET /session/e1c9c002d5d3447acc7ed8721565bd54/screenshot - {}
RESULT: {}
COMMAND: POST /session/e1c9c002d5d3447acc7ed8721565bd54/element - {"using":"xpath","value":"//header[contains(@id, 'ObjectPageLayout-headerTitle')]/div[1]/div[2]/div[2]/span[1]"}
RESULT: {"using":"xpath","value":"//header[contains(@id, 'ObjectPageLayout-headerTitle')]/div[1]/div[2]/div[2]/span[1]"}
COMMAND: POST /session/e1c9c002d5d3447acc7ed8721565bd54/elements - {"using":"xpath","value":"//header[contains(@id, 'ObjectPageLayout-headerTitle')]/div[1]/div[2]/div[2]/span[1]"}
RESULT: {"using":"xpath","value":"//header[contains(@id, 'ObjectPageLayout-headerTitle')]/div[1]/div[2]/div[2]/span[1]"}
COMMAND: POST /session/e1c9c002d5d3447acc7ed8721565bd54/execute/sync - {"script":"<script> [56 bytes]","args":[{"element-6066-11e4-a52e-4f735466cecf":"f.06DF9BC5D4F2FE6DCE5AA073CBC21D39.d.3C23D3F42B50F7BE8E38A0F9A8A0D603.e.5629","ELEMENT":"f.06DF9BC5D4F2FE6DCE5AA073CBC21D39.d.3C23D3F42B50F7BE8E38A0F9A8A0D603.e.5629"}]}
RESULT: {"script":"<script> [56 bytes]","args":[{"element-6066-11e4-a52e-4f735466cecf":"f.06DF9BC5D4F2FE6DCE5AA073CBC21D39.d.3C23D3F42B50F7BE8E38A0F9A8A0D603.e.5629","ELEMENT":"f.06DF9BC5D4F2FE6DCE5AA073CBC21D39.d.3C23D3F42B50F7BE8E38A0F9A8A0D603.e.5629"}]}
COMMAND: POST /session/e1c9c002d5d3447acc7ed8721565bd54/element - {"using":"css selector","value":"#shell-header-logo"}
COMMAND: GET /session/e1c9c002d5d3447acc7ed8721565bd54/screenshot - {}
RESULT: {"using":"css selector","value":"#shell-header-logo"}
COMMAND: POST /session/e1c9c002d5d3447acc7ed8721565bd54/element/f.06DF9BC5D4F2FE6DCE5AA073CBC21D39.d.3C23D3F42B50F7BE8E38A0F9A8A0D603.e.4845/click - {}
RESULT: {}
RESULT: {}
COMMAND: GET /session/e1c9c002d5d3447acc7ed8721565bd54/screenshot - {}
RESULT: {}
COMMAND: POST /session/e1c9c002d5d3447acc7ed8721565bd54/execute/sync - {"script":"<script> [299 bytes]","args":[["getModel","getResource"]]}
RESULT: {"script":"<script> [299 bytes]","args":[["getModel","getResource"]]}
RESULT: undefined
COMMAND: POST /session/e1c9c002d5d3447acc7ed8721565bd54/element - {"using":"xpath","value":"//*[@id=\"__tile30\"]"}
COMMAND: GET /session/e1c9c002d5d3447acc7ed8721565bd54/screenshot - {}
RESULT: {"using":"xpath","value":"//*[@id=\"__tile30\"]"}
COMMAND: POST /session/e1c9c002d5d3447acc7ed8721565bd54/element/f.06DF9BC5D4F2FE6DCE5AA073CBC21D39.d.3C23D3F42B50F7BE8E38A0F9A8A0D603.e.4726/click - {}
RESULT: {}
RESULT: {}
COMMAND: POST /session/e1c9c002d5d3447acc7ed8721565bd54/element - {"using":"xpath","value":"//button[@data-kt=\"addButton\"]"}
COMMAND: GET /session/e1c9c002d5d3447acc7ed8721565bd54/screenshot - {}
RESULT: {"using":"xpath","value":"//button[@data-kt=\"addButton\"]"}
COMMAND: POST /session/e1c9c002d5d3447acc7ed8721565bd54/elements - {"using":"xpath","value":"//button[@data-kt=\"addButton\"]"}
RESULT: {}
RESULT: {"using":"xpath","value":"//button[@data-kt=\"addButton\"]"}
COMMAND: POST /session/e1c9c002d5d3447acc7ed8721565bd54/element - {"using":"xpath","value":"//button[@data-kt=\"addButton\"]"}
RESULT: {"using":"xpath","value":"//button[@data-kt=\"addButton\"]"}
COMMAND: POST /session/e1c9c002d5d3447acc7ed8721565bd54/execute/sync - {"script":"<script> [8489 bytes]","args":[{"element-6066-11e4-a52e-4f735466cecf":"f.06DF9BC5D4F2FE6DCE5AA073CBC21D39.d.3C23D3F42B50F7BE8E38A0F9A8A0D603.e.5665","ELEMENT":"f.06DF9BC5D4F2FE6DCE5AA073CBC21D39.d.3C23D3F42B50F7BE8E38A0F9A8A0D603.e.5665"}]}
RESULT: {"script":"<script> [8489 bytes]","args":[{"element-6066-11e4-a52e-4f735466cecf":"f.06DF9BC5D4F2FE6DCE5AA073CBC21D39.d.3C23D3F42B50F7BE8E38A0F9A8A0D603.e.5665","ELEMENT":"f.06DF9BC5D4F2FE6DCE5AA073CBC21D39.d.3C23D3F42B50F7BE8E38A0F9A8A0D603.e.5665"}]}
COMMAND: GET /session/e1c9c002d5d3447acc7ed8721565bd54/element/f.06DF9BC5D4F2FE6DCE5AA073CBC21D39.d.3C23D3F42B50F7BE8E38A0F9A8A0D603.e.5665/enabled - {}
COMMAND: GET /session/e1c9c002d5d3447acc7ed8721565bd54/screenshot - {}
RESULT: {}
COMMAND: POST /session/e1c9c002d5d3447acc7ed8721565bd54/execute/sync - {"script":"<script> [8489 bytes]","args":[{"element-6066-11e4-a52e-4f735466cecf":"f.06DF9BC5D4F2FE6DCE5AA073CBC21D39.d.3C23D3F42B50F7BE8E38A0F9A8A0D603.e.5665","ELEMENT":"f.06DF9BC5D4F2FE6DCE5AA073CBC21D39.d.3C23D3F42B50F7BE8E38A0F9A8A0D603.e.5665"}]}
COMMAND: GET /session/e1c9c002d5d3447acc7ed8721565bd54/screenshot - {}
RESULT: {}
RESULT: {"script":"<script> [8489 bytes]","args":[{"element-6066-11e4-a52e-4f735466cecf":"f.06DF9BC5D4F2FE6DCE5AA073CBC21D39.d.3C23D3F42B50F7BE8E38A0F9A8A0D603.e.5665","ELEMENT":"f.06DF9BC5D4F2FE6DCE5AA073CBC21D39.d.3C23D3F42B50F7BE8E38A0F9A8A0D603.e.5665"}]}
COMMAND: POST /session/e1c9c002d5d3447acc7ed8721565bd54/execute/sync - {"script":"<script> [5351 bytes]","args":[{"element-6066-11e4-a52e-4f735466cecf":"f.06DF9BC5D4F2FE6DCE5AA073CBC21D39.d.3C23D3F42B50F7BE8E38A0F9A8A0D603.e.5665","ELEMENT":"f.06DF9BC5D4F2FE6DCE5AA073CBC21D39.d.3C23D3F42B50F7BE8E38A0F9A8A0D603.e.5665"}]}
COMMAND: GET /session/e1c9c002d5d3447acc7ed8721565bd54/screenshot - {}
RESULT: {}
RESULT: {"script":"<script> [5351 bytes]","args":[{"element-6066-11e4-a52e-4f735466cecf":"f.06DF9BC5D4F2FE6DCE5AA073CBC21D39.d.3C23D3F42B50F7BE8E38A0F9A8A0D603.e.5665","ELEMENT":"f.06DF9BC5D4F2FE6DCE5AA073CBC21D39.d.3C23D3F42B50F7BE8E38A0F9A8A0D603.e.5665"}]}
COMMAND: GET /session/e1c9c002d5d3447acc7ed8721565bd54/screenshot - {}
RESULT: {}
RESULT: {}
COMMAND: POST /session/e1c9c002d5d3447acc7ed8721565bd54/execute/async - {"script":"<script> [1562 bytes]","args":[{"selector":{"id":"application-managepartners-display-component---masterPtm--smartFilterBar-btnBasicSearch","interaction":{"idSuffix":"I"}},"wdio_ui5_key":"applicationmanagepartners-display-component---masterPtm--smartFilterBar-btnBasicSearch"}]}
RESULT: {"script":"<script> [1562 bytes]","args":[{"selector":{"id":"application-managepartners-display-component---masterPtm--smartFilterBar-btnBasicSearch","interaction":{"idSuffix":"I"}},"wdio_ui5_key":"applicationmanagepartners-display-component---masterPtm--smartFilterBar-btnBasicSearch"}]}
RESULT: undefined
COMMAND: POST /session/e1c9c002d5d3447acc7ed8721565bd54/execute/async - {"script":"<script> [776 bytes]","args":[{"enterText":"1479","selector":{"id":"application-managepartners-display-component---masterPtm--smartFilterBar-btnBasicSearch","interaction":{"idSuffix":"I"}},"clearTextFirst":true,"interactionType":"ENTER_TEXT"}]}
RESULT: {"script":"<script> [776 bytes]","args":[{"enterText":"1479","selector":{"id":"application-managepartners-display-component---masterPtm--smartFilterBar-btnBasicSearch","interaction":{"idSuffix":"I"}},"clearTextFirst":true,"interactionType":"ENTER_TEXT"}]}
COMMAND: POST /session/e1c9c002d5d3447acc7ed8721565bd54/actions - {"actions":[{"id":"action19","type":"key","parameters":{},"actions":[{"type":"keyDown","value":""},{"type":"pause","duration":10},{"type":"keyUp","value":""}]}]}
RESULT: {"actions":[{"id":"action19","type":"key","parameters":{},"actions":[{"type":"keyDown","value":""},{"type":"pause","duration":10},{"type":"keyUp","value":""}]}]}
COMMAND: GET /session/e1c9c002d5d3447acc7ed8721565bd54/screenshot - {}
RESULT: {}
COMMAND: POST /session/e1c9c002d5d3447acc7ed8721565bd54/elements - {"using":"xpath","value":"//table[contains(@id, \"customPartnersTable-listUl\")]/tbody/tr"}
RESULT: {"using":"xpath","value":"//table[contains(@id, \"customPartnersTable-listUl\")]/tbody/tr"}
COMMAND: POST /session/e1c9c002d5d3447acc7ed8721565bd54/element - {"using":"xpath","value":"//table[contains(@id, \"customPartnersTable-listUl\")]/tbody/tr[1]/td[3]/span"}
RESULT: {"using":"xpath","value":"//table[contains(@id, \"customPartnersTable-listUl\")]/tbody/tr[1]/td[3]/span"}
COMMAND: POST /session/e1c9c002d5d3447acc7ed8721565bd54/elements - {"using":"xpath","value":"//table[contains(@id, \"customPartnersTable-listUl\")]/tbody/tr[1]/td[3]/span"}
RESULT: {"using":"xpath","value":"//table[contains(@id, \"customPartnersTable-listUl\")]/tbody/tr[1]/td[3]/span"}
COMMAND: POST /session/e1c9c002d5d3447acc7ed8721565bd54/execute/sync - {"script":"<script> [56 bytes]","args":[{"element-6066-11e4-a52e-4f735466cecf":"f.06DF9BC5D4F2FE6DCE5AA073CBC21D39.d.3C23D3F42B50F7BE8E38A0F9A8A0D603.e.5814","ELEMENT":"f.06DF9BC5D4F2FE6DCE5AA073CBC21D39.d.3C23D3F42B50F7BE8E38A0F9A8A0D603.e.5814"}]}
RESULT: {"script":"<script> [56 bytes]","args":[{"element-6066-11e4-a52e-4f735466cecf":"f.06DF9BC5D4F2FE6DCE5AA073CBC21D39.d.3C23D3F42B50F7BE8E38A0F9A8A0D603.e.5814","ELEMENT":"f.06DF9BC5D4F2FE6DCE5AA073CBC21D39.d.3C23D3F42B50F7BE8E38A0F9A8A0D603.e.5814"}]}
COMMAND: POST /session/e1c9c002d5d3447acc7ed8721565bd54/element - {"using":"xpath","value":"(//span[contains(@id, \"imgNav\")])[1]"}
COMMAND: GET /session/e1c9c002d5d3447acc7ed8721565bd54/screenshot - {}
RESULT: {"using":"xpath","value":"(//span[contains(@id, \"imgNav\")])[1]"}
COMMAND: POST /session/e1c9c002d5d3447acc7ed8721565bd54/element/f.06DF9BC5D4F2FE6DCE5AA073CBC21D39.d.3C23D3F42B50F7BE8E38A0F9A8A0D603.e.5812/click - {}
RESULT: {}
RESULT: {}
COMMAND: GET /session/e1c9c002d5d3447acc7ed8721565bd54/screenshot - {}
RESULT: {}
COMMAND: POST /session/e1c9c002d5d3447acc7ed8721565bd54/element - {"using":"xpath","value":"//bdi[contains(text(), \"Edit\")]"}
RESULT: {"using":"xpath","value":"//bdi[contains(text(), \"Edit\")]"}
COMMAND: POST /session/e1c9c002d5d3447acc7ed8721565bd54/element/f.06DF9BC5D4F2FE6DCE5AA073CBC21D39.d.3C23D3F42B50F7BE8E38A0F9A8A0D603.e.5959/click - {}
RESULT: {}
COMMAND: GET /session/e1c9c002d5d3447acc7ed8721565bd54/screenshot - {}
RESULT: {}
COMMAND: POST /session/e1c9c002d5d3447acc7ed8721565bd54/execute/async - {"script":"<script> [1562 bytes]","args":[{"selector":{"controlType":"sap.m.Input","viewName":"etm.portal.ui.managepartners.view.EditDetail","labelFor":{"text":"Name"},"interaction":{"idSuffix":"inner"}},"wdio_ui5_key":"etmportal.ui.managepartners.view.EditDetailsap.m.Input{\"text\":\"Name\"}"}]}
RESULT: {"script":"<script> [1562 bytes]","args":[{"selector":{"controlType":"sap.m.Input","viewName":"etm.portal.ui.managepartners.view.EditDetail","labelFor":{"text":"Name"},"interaction":{"idSuffix":"inner"}},"wdio_ui5_key":"etmportal.ui.managepartners.view.EditDetailsap.m.Input{\"text\":\"Name\"}"}]}
RESULT: undefined
COMMAND: POST /session/e1c9c002d5d3447acc7ed8721565bd54/execute/async - {"script":"<script> [776 bytes]","args":[{"enterText":"Intercompany EDIT","selector":{"controlType":"sap.m.Input","viewName":"etm.portal.ui.managepartners.view.EditDetail","labelFor":{"text":"Name"},"interaction":{"idSuffix":"inner"}},"clearTextFirst":true,"interactionType":"ENTER_TEXT"}]}
RESULT: {"script":"<script> [776 bytes]","args":[{"enterText":"Intercompany EDIT","selector":{"controlType":"sap.m.Input","viewName":"etm.portal.ui.managepartners.view.EditDetail","labelFor":{"text":"Name"},"interaction":{"idSuffix":"inner"}},"clearTextFirst":true,"interactionType":"ENTER_TEXT"}]}
COMMAND: POST /session/e1c9c002d5d3447acc7ed8721565bd54/element - {"using":"xpath","value":"(//span[contains(@id,\"addressDetailDetailsLanguage-arrow\")])[1]"}
RESULT: {"using":"xpath","value":"(//span[contains(@id,\"addressDetailDetailsLanguage-arrow\")])[1]"}
COMMAND: POST /session/e1c9c002d5d3447acc7ed8721565bd54/element/f.06DF9BC5D4F2FE6DCE5AA073CBC21D39.d.3C23D3F42B50F7BE8E38A0F9A8A0D603.e.6043/click - {}
RESULT: {}
COMMAND: POST /session/e1c9c002d5d3447acc7ed8721565bd54/element - {"using":"xpath","value":"//span[contains(text(), \"Chinese\")]"}
COMMAND: GET /session/e1c9c002d5d3447acc7ed8721565bd54/screenshot - {}
RESULT: {"using":"xpath","value":"//span[contains(text(), \"Chinese\")]"}
COMMAND: POST /session/e1c9c002d5d3447acc7ed8721565bd54/element/f.06DF9BC5D4F2FE6DCE5AA073CBC21D39.d.3C23D3F42B50F7BE8E38A0F9A8A0D603.e.6044/click - {}
RESULT: {}
RESULT: {}
COMMAND: GET /session/e1c9c002d5d3447acc7ed8721565bd54/screenshot - {}
RESULT: {}
COMMAND: POST /session/e1c9c002d5d3447acc7ed8721565bd54/execute/async - {"script":"<script> [1562 bytes]","args":[{"selector":{"controlType":"sap.m.Input","viewName":"etm.portal.ui.managepartners.view.EditDetail","labelFor":{"text":"City"},"interaction":{"idSuffix":"inner"}},"wdio_ui5_key":"etmportal.ui.managepartners.view.EditDetailsap.m.Input{\"text\":\"City\"}"}]}
RESULT: {"script":"<script> [1562 bytes]","args":[{"selector":{"controlType":"sap.m.Input","viewName":"etm.portal.ui.managepartners.view.EditDetail","labelFor":{"text":"City"},"interaction":{"idSuffix":"inner"}},"wdio_ui5_key":"etmportal.ui.managepartners.view.EditDetailsap.m.Input{\"text\":\"City\"}"}]}
RESULT: undefined
COMMAND: POST /session/e1c9c002d5d3447acc7ed8721565bd54/execute/async - {"script":"<script> [776 bytes]","args":[{"enterText":"Clooj-Napoca","selector":{"controlType":"sap.m.Input","viewName":"etm.portal.ui.managepartners.view.EditDetail","labelFor":{"text":"City"},"interaction":{"idSuffix":"inner"}},"clearTextFirst":true,"interactionType":"ENTER_TEXT"}]}
RESULT: {"script":"<script> [776 bytes]","args":[{"enterText":"Clooj-Napoca","selector":{"controlType":"sap.m.Input","viewName":"etm.portal.ui.managepartners.view.EditDetail","labelFor":{"text":"City"},"interaction":{"idSuffix":"inner"}},"clearTextFirst":true,"interactionType":"ENTER_TEXT"}]}
COMMAND: POST /session/e1c9c002d5d3447acc7ed8721565bd54/element - {"using":"xpath","value":"//button[@data-kt=\"saveButton\"]"}
RESULT: {"using":"xpath","value":"//button[@data-kt=\"saveButton\"]"}
COMMAND: POST /session/e1c9c002d5d3447acc7ed8721565bd54/element/f.06DF9BC5D4F2FE6DCE5AA073CBC21D39.d.3C23D3F42B50F7BE8E38A0F9A8A0D603.e.6021/click - {}
RESULT: {}
COMMAND: GET /session/e1c9c002d5d3447acc7ed8721565bd54/screenshot - {}
RESULT: {}
COMMAND: POST /session/e1c9c002d5d3447acc7ed8721565bd54/execute/async - {"script":"<script> [1562 bytes]","args":[{"selector":{"id":"application-managepartners-display-component---detailPtm--addressDetailDetailsName1"},"wdio_ui5_key":"applicationmanagepartners-display-component---detailPtm--addressDetailDetailsName1"}]}
RESULT: {"script":"<script> [1562 bytes]","args":[{"selector":{"id":"application-managepartners-display-component---detailPtm--addressDetailDetailsName1"},"wdio_ui5_key":"applicationmanagepartners-display-component---detailPtm--addressDetailDetailsName1"}]}
RESULT: undefined
COMMAND: POST /session/e1c9c002d5d3447acc7ed8721565bd54/execute/async - {"script":"<script> [6424 bytes]","args":[{"element-6066-11e4-a52e-4f735466cecf":"f.06DF9BC5D4F2FE6DCE5AA073CBC21D39.d.3C23D3F42B50F7BE8E38A0F9A8A0D603.e.6075"},"getValue",[]]}
RESULT: {"script":"<script> [6424 bytes]","args":[{"element-6066-11e4-a52e-4f735466cecf":"f.06DF9BC5D4F2FE6DCE5AA073CBC21D39.d.3C23D3F42B50F7BE8E38A0F9A8A0D603.e.6075"},"getValue",[]]}
COMMAND: POST /session/e1c9c002d5d3447acc7ed8721565bd54/element - {"using":"xpath","value":"//input[@id = \"application-managepartners-display-component---detailPtm--addressDetailDetailsLanguage-inner\"]"}
RESULT: {"using":"xpath","value":"//input[@id = \"application-managepartners-display-component---detailPtm--addressDetailDetailsLanguage-inner\"]"}
COMMAND: GET /session/e1c9c002d5d3447acc7ed8721565bd54/element/f.06DF9BC5D4F2FE6DCE5AA073CBC21D39.d.3C23D3F42B50F7BE8E38A0F9A8A0D603.e.6076/property/value - {}
RESULT: {}
COMMAND: POST /session/e1c9c002d5d3447acc7ed8721565bd54/execute/async - {"script":"<script> [1562 bytes]","args":[{"selector":{"id":"application-managepartners-display-component---detailPtm--addressDetailDetailsCity1"},"wdio_ui5_key":"applicationmanagepartners-display-component---detailPtm--addressDetailDetailsCity1"}]}
COMMAND: GET /session/e1c9c002d5d3447acc7ed8721565bd54/screenshot - {}
RESULT: {"script":"<script> [1562 bytes]","args":[{"selector":{"id":"application-managepartners-display-component---detailPtm--addressDetailDetailsCity1"},"wdio_ui5_key":"applicationmanagepartners-display-component---detailPtm--addressDetailDetailsCity1"}]}
RESULT: undefined
COMMAND: POST /session/e1c9c002d5d3447acc7ed8721565bd54/execute/async - {"script":"<script> [6424 bytes]","args":[{"element-6066-11e4-a52e-4f735466cecf":"f.06DF9BC5D4F2FE6DCE5AA073CBC21D39.d.3C23D3F42B50F7BE8E38A0F9A8A0D603.e.6077"},"getValue",[]]}
RESULT: {}
RESULT: {"script":"<script> [6424 bytes]","args":[{"element-6066-11e4-a52e-4f735466cecf":"f.06DF9BC5D4F2FE6DCE5AA073CBC21D39.d.3C23D3F42B50F7BE8E38A0F9A8A0D603.e.6077"},"getValue",[]]}
COMMAND: POST /session/e1c9c002d5d3447acc7ed8721565bd54/element - {"using":"css selector","value":"#shell-header-logo"}
RESULT: {"using":"css selector","value":"#shell-header-logo"}
COMMAND: POST /session/e1c9c002d5d3447acc7ed8721565bd54/element/f.06DF9BC5D4F2FE6DCE5AA073CBC21D39.d.3C23D3F42B50F7BE8E38A0F9A8A0D603.e.5632/click - {}
RESULT: {}
COMMAND: GET /session/e1c9c002d5d3447acc7ed8721565bd54/screenshot - {}
RESULT: {}
]]></system-out>
    </testcase>
    <testcase classname="chrome.135_0_7049_42.windows.Partner_specific_tests_US150819_US151080_US151654_US151176_US103444_US151078_US151079_US151109_US151174_US151175_US151189" name="Should create a new intracompany partner edit some of its fields US151079" time="220.967">
      <system-out><![CDATA[
COMMAND: POST /session/e1c9c002d5d3447acc7ed8721565bd54/element - {"using":"xpath","value":"//li[.//span[text()=\"Manage Partners\"]]"}
RESULT: {"using":"xpath","value":"//li[.//span[text()=\"Manage Partners\"]]"}
COMMAND: POST /session/e1c9c002d5d3447acc7ed8721565bd54/element - {"using":"xpath","value":"//li[.//span[text()=\"Manage Partners\"]]"}
RESULT: {"using":"xpath","value":"//li[.//span[text()=\"Manage Partners\"]]"}
COMMAND: POST /session/e1c9c002d5d3447acc7ed8721565bd54/element - {"using":"css selector","value":"#shell-header-logo"}
RESULT: {"using":"css selector","value":"#shell-header-logo"}
COMMAND: POST /session/e1c9c002d5d3447acc7ed8721565bd54/element/f.06DF9BC5D4F2FE6DCE5AA073CBC21D39.d.3C23D3F42B50F7BE8E38A0F9A8A0D603.e.6107/click - {}
COMMAND: POST /session/e1c9c002d5d3447acc7ed8721565bd54/execute/sync - {"script":"<script> [8489 bytes]","args":[{"element-6066-11e4-a52e-4f735466cecf":"f.06DF9BC5D4F2FE6DCE5AA073CBC21D39.d.3C23D3F42B50F7BE8E38A0F9A8A0D603.e.6107","ELEMENT":"f.06DF9BC5D4F2FE6DCE5AA073CBC21D39.d.3C23D3F42B50F7BE8E38A0F9A8A0D603.e.6107"}]}
RESULT: {"script":"<script> [8489 bytes]","args":[{"element-6066-11e4-a52e-4f735466cecf":"f.06DF9BC5D4F2FE6DCE5AA073CBC21D39.d.3C23D3F42B50F7BE8E38A0F9A8A0D603.e.6107","ELEMENT":"f.06DF9BC5D4F2FE6DCE5AA073CBC21D39.d.3C23D3F42B50F7BE8E38A0F9A8A0D603.e.6107"}]}
COMMAND: POST /session/e1c9c002d5d3447acc7ed8721565bd54/execute/sync - {"script":"<script> [5351 bytes]","args":[{"element-6066-11e4-a52e-4f735466cecf":"f.06DF9BC5D4F2FE6DCE5AA073CBC21D39.d.3C23D3F42B50F7BE8E38A0F9A8A0D603.e.6107","ELEMENT":"f.06DF9BC5D4F2FE6DCE5AA073CBC21D39.d.3C23D3F42B50F7BE8E38A0F9A8A0D603.e.6107"}]}
COMMAND: GET /session/e1c9c002d5d3447acc7ed8721565bd54/screenshot - {}
RESULT: {}
COMMAND: GET /session/e1c9c002d5d3447acc7ed8721565bd54/screenshot - {}
RESULT: {"script":"<script> [5351 bytes]","args":[{"element-6066-11e4-a52e-4f735466cecf":"f.06DF9BC5D4F2FE6DCE5AA073CBC21D39.d.3C23D3F42B50F7BE8E38A0F9A8A0D603.e.6107","ELEMENT":"f.06DF9BC5D4F2FE6DCE5AA073CBC21D39.d.3C23D3F42B50F7BE8E38A0F9A8A0D603.e.6107"}]}
COMMAND: GET /session/e1c9c002d5d3447acc7ed8721565bd54/screenshot - {}
RESULT: {}
RESULT: {}
RESULT: {}
COMMAND: POST /session/e1c9c002d5d3447acc7ed8721565bd54/refresh - {}
RESULT: {}
COMMAND: GET /session/e1c9c002d5d3447acc7ed8721565bd54/screenshot - {}
RESULT: {}
COMMAND: POST /session/e1c9c002d5d3447acc7ed8721565bd54/refresh - {}
RESULT: {}
COMMAND: GET /session/e1c9c002d5d3447acc7ed8721565bd54/screenshot - {}
RESULT: {}
COMMAND: POST /session/e1c9c002d5d3447acc7ed8721565bd54/window/fullscreen - {}
RESULT: {}
COMMAND: POST /session/e1c9c002d5d3447acc7ed8721565bd54/execute/async - {"script":"<script> [189 bytes]","args":[]}
RESULT: {"script":"<script> [189 bytes]","args":[]}
COMMAND: POST /session/e1c9c002d5d3447acc7ed8721565bd54/execute/async - {"script":"<script> [123 bytes]","args":[]}
RESULT: {"script":"<script> [123 bytes]","args":[]}
COMMAND: POST /session/e1c9c002d5d3447acc7ed8721565bd54/timeouts - {"script":"<number>"}
RESULT: {"script":"<number>"}
COMMAND: GET /session/e1c9c002d5d3447acc7ed8721565bd54/timeouts - {}
RESULT: {}
RESULT: undefined
COMMAND: POST /session/e1c9c002d5d3447acc7ed8721565bd54/execute/async - {"script":"<script> [2676 bytes]","args":[]}
RESULT: {"script":"<script> [2676 bytes]","args":[]}
COMMAND: POST /session/e1c9c002d5d3447acc7ed8721565bd54/execute/async - {"script":"<script> [2342 bytes]","args":[{"protocol":"http","hostname":"0.0.0.0","path":"/","capabilities":{"browserName":"chrome","goog:chromeOptions":{"binary":"C:\\Program Files\\Google\\Chrome\\Application\\chrome.exe","args":["--start-maximized"]}},"logLevel":"warn","connectionRetryTimeout":120000,"connectionRetryCount":3,"logLevels":{},"enableDirectConnect":true,"strictSSL":true,"_":"65 more keys: [\"cacheDir\",\"port\",\"requestedCapabilities\",\"automationProtocol\",\"baseUrl\",\"waitforInterval\",\"waitforTimeout\",\"onReload\",\"beforeCommand\",\"afterCommand\",\"rootDir\",\"specs\",\"suites\",\"exclude\",\"groupLogsByTestSpec\",\"excludeDriverLogs\",\"bail\",\"framework\",\"reporters\",\"services\",\"maxInstances\",\"maxInstancesPerCapability\",\"injectGlobals\",\"filesToWatch\",\"execArgv\",\"runnerEnv\",\"runner\",\"shard\",\"specFileRetries\",\"specFileRetriesDelay\",\"specFileRetriesDeferred\",\"reporterSyncInterval\",\"reporterSyncTimeout\",\"cucumberFeaturesWithLineNumbers\",\"autoCompileOpts\",\"mochaOpts\",\"jasmineOpts\",\"cucumberOpts\",\"onPrepare\",\"onWorkerStart\",\"onWorkerEnd\",\"before\",\"beforeSession\",\"beforeSuite\",\"beforeHook\",\"beforeTest\",\"afterTest\",\"afterHook\",\"afterSuite\",\"afterSession\",\"after\",\"onComplete\",\"beforeAssertion\",\"afterAssertion\",\"beforeFeature\",\"beforeScenario\",\"beforeStep\",\"afterStep\",\"afterScenario\",\"afterFeature\",\"_\",\"suite\",\"$0\",\"ignoredWorkerServices\",\"wdi5\"]"}]}
RESULT: {"script":"<script> [2342 bytes]","args":[{"protocol":"http","hostname":"0.0.0.0","path":"/","capabilities":{"browserName":"chrome","goog:chromeOptions":{"binary":"C:\\Program Files\\Google\\Chrome\\Application\\chrome.exe","args":["--start-maximized"]}},"logLevel":"warn","connectionRetryTimeout":120000,"connectionRetryCount":3,"logLevels":{},"enableDirectConnect":true,"strictSSL":true,"_":"65 more keys: [\"cacheDir\",\"port\",\"requestedCapabilities\",\"automationProtocol\",\"baseUrl\",\"waitforInterval\",\"waitforTimeout\",\"onReload\",\"beforeCommand\",\"afterCommand\",\"rootDir\",\"specs\",\"suites\",\"exclude\",\"groupLogsByTestSpec\",\"excludeDriverLogs\",\"bail\",\"framework\",\"reporters\",\"services\",\"maxInstances\",\"maxInstancesPerCapability\",\"injectGlobals\",\"filesToWatch\",\"execArgv\",\"runnerEnv\",\"runner\",\"shard\",\"specFileRetries\",\"specFileRetriesDelay\",\"specFileRetriesDeferred\",\"reporterSyncInterval\",\"reporterSyncTimeout\",\"cucumberFeaturesWithLineNumbers\",\"autoCompileOpts\",\"mochaOpts\",\"jasmineOpts\",\"cucumberOpts\",\"onPrepare\",\"onWorkerStart\",\"onWorkerEnd\",\"before\",\"beforeSession\",\"beforeSuite\",\"beforeHook\",\"beforeTest\",\"afterTest\",\"afterHook\",\"afterSuite\",\"afterSession\",\"after\",\"onComplete\",\"beforeAssertion\",\"afterAssertion\",\"beforeFeature\",\"beforeScenario\",\"beforeStep\",\"afterStep\",\"afterScenario\",\"afterFeature\",\"_\",\"suite\",\"$0\",\"ignoredWorkerServices\",\"wdi5\"]"}]}
COMMAND: POST /session/e1c9c002d5d3447acc7ed8721565bd54/execute/async - {"script":"<script> [21126 bytes]","args":[35000]}
RESULT: {"script":"<script> [21126 bytes]","args":[35000]}
COMMAND: POST /session/e1c9c002d5d3447acc7ed8721565bd54/window/fullscreen - {}
RESULT: {}
COMMAND: POST /session/e1c9c002d5d3447acc7ed8721565bd54/window/fullscreen - {}
RESULT: {}
COMMAND: POST /session/e1c9c002d5d3447acc7ed8721565bd54/execute/async - {"script":"<script> [1562 bytes]","args":[{"selector":{"controlType":"sap.m.GenericTile","properties":{"header":"Manage Partners"}},"wdio_ui5_key":"sapm.GenericTile{\"header\":\"Manage Partners\"}"}]}
RESULT: {"script":"<script> [1562 bytes]","args":[{"selector":{"controlType":"sap.m.GenericTile","properties":{"header":"Manage Partners"}},"wdio_ui5_key":"sapm.GenericTile{\"header\":\"Manage Partners\"}"}]}
RESULT: undefined
COMMAND: POST /session/e1c9c002d5d3447acc7ed8721565bd54/element - {"using":"xpath","value":"//*[@id=\"__tile30\"]"}
RESULT: {"using":"xpath","value":"//*[@id=\"__tile30\"]"}
COMMAND: POST /session/e1c9c002d5d3447acc7ed8721565bd54/element/f.06DF9BC5D4F2FE6DCE5AA073CBC21D39.d.51DC2CB1F50672627B5A8924EDDAA06E.e.6178/click - {}
RESULT: {}
COMMAND: POST /session/e1c9c002d5d3447acc7ed8721565bd54/element - {"using":"xpath","value":"//button[@data-kt=\"addButton\"]"}
COMMAND: GET /session/e1c9c002d5d3447acc7ed8721565bd54/screenshot - {}
RESULT: {"using":"xpath","value":"//button[@data-kt=\"addButton\"]"}
COMMAND: POST /session/e1c9c002d5d3447acc7ed8721565bd54/elements - {"using":"xpath","value":"//button[@data-kt=\"addButton\"]"}
RESULT: {}
RESULT: {"using":"xpath","value":"//button[@data-kt=\"addButton\"]"}
COMMAND: POST /session/e1c9c002d5d3447acc7ed8721565bd54/elements - {"using":"xpath","value":"//button[@data-kt=\"addButton\"]"}
RESULT: {"using":"xpath","value":"//button[@data-kt=\"addButton\"]"}
COMMAND: POST /session/e1c9c002d5d3447acc7ed8721565bd54/elements - {"using":"xpath","value":"//button[@data-kt=\"addButton\"]"}
RESULT: {"using":"xpath","value":"//button[@data-kt=\"addButton\"]"}
COMMAND: POST /session/e1c9c002d5d3447acc7ed8721565bd54/elements - {"using":"xpath","value":"//button[@data-kt=\"addButton\"]"}
RESULT: {"using":"xpath","value":"//button[@data-kt=\"addButton\"]"}
COMMAND: POST /session/e1c9c002d5d3447acc7ed8721565bd54/elements - {"using":"xpath","value":"//button[@data-kt=\"addButton\"]"}
RESULT: {"using":"xpath","value":"//button[@data-kt=\"addButton\"]"}
COMMAND: POST /session/e1c9c002d5d3447acc7ed8721565bd54/elements - {"using":"xpath","value":"//button[@data-kt=\"addButton\"]"}
RESULT: {"using":"xpath","value":"//button[@data-kt=\"addButton\"]"}
COMMAND: POST /session/e1c9c002d5d3447acc7ed8721565bd54/elements - {"using":"xpath","value":"//button[@data-kt=\"addButton\"]"}
RESULT: {"using":"xpath","value":"//button[@data-kt=\"addButton\"]"}
COMMAND: POST /session/e1c9c002d5d3447acc7ed8721565bd54/elements - {"using":"xpath","value":"//button[@data-kt=\"addButton\"]"}
RESULT: {"using":"xpath","value":"//button[@data-kt=\"addButton\"]"}
COMMAND: POST /session/e1c9c002d5d3447acc7ed8721565bd54/element - {"using":"xpath","value":"//button[@data-kt=\"addButton\"]"}
RESULT: {"using":"xpath","value":"//button[@data-kt=\"addButton\"]"}
COMMAND: POST /session/e1c9c002d5d3447acc7ed8721565bd54/execute/sync - {"script":"<script> [8489 bytes]","args":[{"element-6066-11e4-a52e-4f735466cecf":"f.06DF9BC5D4F2FE6DCE5AA073CBC21D39.d.51DC2CB1F50672627B5A8924EDDAA06E.e.6403","ELEMENT":"f.06DF9BC5D4F2FE6DCE5AA073CBC21D39.d.51DC2CB1F50672627B5A8924EDDAA06E.e.6403"}]}
RESULT: {"script":"<script> [8489 bytes]","args":[{"element-6066-11e4-a52e-4f735466cecf":"f.06DF9BC5D4F2FE6DCE5AA073CBC21D39.d.51DC2CB1F50672627B5A8924EDDAA06E.e.6403","ELEMENT":"f.06DF9BC5D4F2FE6DCE5AA073CBC21D39.d.51DC2CB1F50672627B5A8924EDDAA06E.e.6403"}]}
COMMAND: GET /session/e1c9c002d5d3447acc7ed8721565bd54/element/f.06DF9BC5D4F2FE6DCE5AA073CBC21D39.d.51DC2CB1F50672627B5A8924EDDAA06E.e.6403/enabled - {}
COMMAND: GET /session/e1c9c002d5d3447acc7ed8721565bd54/screenshot - {}
RESULT: {}
COMMAND: POST /session/e1c9c002d5d3447acc7ed8721565bd54/execute/sync - {"script":"<script> [8489 bytes]","args":[{"element-6066-11e4-a52e-4f735466cecf":"f.06DF9BC5D4F2FE6DCE5AA073CBC21D39.d.51DC2CB1F50672627B5A8924EDDAA06E.e.6403","ELEMENT":"f.06DF9BC5D4F2FE6DCE5AA073CBC21D39.d.51DC2CB1F50672627B5A8924EDDAA06E.e.6403"}]}
COMMAND: GET /session/e1c9c002d5d3447acc7ed8721565bd54/screenshot - {}
RESULT: {}
RESULT: {"script":"<script> [8489 bytes]","args":[{"element-6066-11e4-a52e-4f735466cecf":"f.06DF9BC5D4F2FE6DCE5AA073CBC21D39.d.51DC2CB1F50672627B5A8924EDDAA06E.e.6403","ELEMENT":"f.06DF9BC5D4F2FE6DCE5AA073CBC21D39.d.51DC2CB1F50672627B5A8924EDDAA06E.e.6403"}]}
COMMAND: POST /session/e1c9c002d5d3447acc7ed8721565bd54/execute/sync - {"script":"<script> [5351 bytes]","args":[{"element-6066-11e4-a52e-4f735466cecf":"f.06DF9BC5D4F2FE6DCE5AA073CBC21D39.d.51DC2CB1F50672627B5A8924EDDAA06E.e.6403","ELEMENT":"f.06DF9BC5D4F2FE6DCE5AA073CBC21D39.d.51DC2CB1F50672627B5A8924EDDAA06E.e.6403"}]}
COMMAND: GET /session/e1c9c002d5d3447acc7ed8721565bd54/screenshot - {}
RESULT: {}
RESULT: {"script":"<script> [5351 bytes]","args":[{"element-6066-11e4-a52e-4f735466cecf":"f.06DF9BC5D4F2FE6DCE5AA073CBC21D39.d.51DC2CB1F50672627B5A8924EDDAA06E.e.6403","ELEMENT":"f.06DF9BC5D4F2FE6DCE5AA073CBC21D39.d.51DC2CB1F50672627B5A8924EDDAA06E.e.6403"}]}
COMMAND: POST /session/e1c9c002d5d3447acc7ed8721565bd54/element/f.06DF9BC5D4F2FE6DCE5AA073CBC21D39.d.51DC2CB1F50672627B5A8924EDDAA06E.e.6403/click - {}
COMMAND: GET /session/e1c9c002d5d3447acc7ed8721565bd54/screenshot - {}
RESULT: {}
RESULT: {}
RESULT: {}
COMMAND: GET /session/e1c9c002d5d3447acc7ed8721565bd54/screenshot - {}
RESULT: {}
COMMAND: POST /session/e1c9c002d5d3447acc7ed8721565bd54/execute/async - {"script":"<script> [1562 bytes]","args":[{"selector":{"id":"application-managepartners-display-component---NewPartner--addressDetailDetailsName1","interaction":{"idSuffix":"inner"}},"wdio_ui5_key":"applicationmanagepartners-display-component---NewPartner--addressDetailDetailsName1"}]}
RESULT: {"script":"<script> [1562 bytes]","args":[{"selector":{"id":"application-managepartners-display-component---NewPartner--addressDetailDetailsName1","interaction":{"idSuffix":"inner"}},"wdio_ui5_key":"applicationmanagepartners-display-component---NewPartner--addressDetailDetailsName1"}]}
RESULT: undefined
COMMAND: POST /session/e1c9c002d5d3447acc7ed8721565bd54/execute/async - {"script":"<script> [776 bytes]","args":[{"enterText":"Intracompany Partner WDIO","selector":{"id":"application-managepartners-display-component---NewPartner--addressDetailDetailsName1","interaction":{"idSuffix":"inner"}},"clearTextFirst":true,"interactionType":"ENTER_TEXT"}]}
RESULT: {"script":"<script> [776 bytes]","args":[{"enterText":"Intracompany Partner WDIO","selector":{"id":"application-managepartners-display-component---NewPartner--addressDetailDetailsName1","interaction":{"idSuffix":"inner"}},"clearTextFirst":true,"interactionType":"ENTER_TEXT"}]}
COMMAND: POST /session/e1c9c002d5d3447acc7ed8721565bd54/execute/async - {"script":"<script> [1562 bytes]","args":[{"selector":{"id":"application-managepartners-display-component---NewPartner--addressDetailDetailsLanguage-arrow"},"wdio_ui5_key":"applicationmanagepartners-display-component---NewPartner--addressDetailDetailsLanguage-arrow"}]}
RESULT: {"script":"<script> [1562 bytes]","args":[{"selector":{"id":"application-managepartners-display-component---NewPartner--addressDetailDetailsLanguage-arrow"},"wdio_ui5_key":"applicationmanagepartners-display-component---NewPartner--addressDetailDetailsLanguage-arrow"}]}
RESULT: undefined
COMMAND: POST /session/e1c9c002d5d3447acc7ed8721565bd54/element - {"using":"xpath","value":"//*[@id=\"application-managepartners-display-component---NewPartner--addressDetailDetailsLanguage-arrow\"]"}
RESULT: {"using":"xpath","value":"//*[@id=\"application-managepartners-display-component---NewPartner--addressDetailDetailsLanguage-arrow\"]"}
COMMAND: POST /session/e1c9c002d5d3447acc7ed8721565bd54/element/f.06DF9BC5D4F2FE6DCE5AA073CBC21D39.d.51DC2CB1F50672627B5A8924EDDAA06E.e.6738/click - {}
RESULT: {}
COMMAND: POST /session/e1c9c002d5d3447acc7ed8721565bd54/element - {"using":"xpath","value":"//span[contains(text(), \"English\")]"}
COMMAND: GET /session/e1c9c002d5d3447acc7ed8721565bd54/screenshot - {}
RESULT: {"using":"xpath","value":"//span[contains(text(), \"English\")]"}
COMMAND: POST /session/e1c9c002d5d3447acc7ed8721565bd54/element/f.06DF9BC5D4F2FE6DCE5AA073CBC21D39.d.51DC2CB1F50672627B5A8924EDDAA06E.e.6739/click - {}
RESULT: {}
RESULT: {}
COMMAND: GET /session/e1c9c002d5d3447acc7ed8721565bd54/screenshot - {}
RESULT: {}
COMMAND: POST /session/e1c9c002d5d3447acc7ed8721565bd54/execute/async - {"script":"<script> [1562 bytes]","args":[{"selector":{"id":"application-managepartners-display-component---NewPartner--addressDetailDetailsCity1","interaction":{"idSuffix":"inner"}},"wdio_ui5_key":"applicationmanagepartners-display-component---NewPartner--addressDetailDetailsCity1"}]}
RESULT: {"script":"<script> [1562 bytes]","args":[{"selector":{"id":"application-managepartners-display-component---NewPartner--addressDetailDetailsCity1","interaction":{"idSuffix":"inner"}},"wdio_ui5_key":"applicationmanagepartners-display-component---NewPartner--addressDetailDetailsCity1"}]}
RESULT: undefined
COMMAND: POST /session/e1c9c002d5d3447acc7ed8721565bd54/execute/async - {"script":"<script> [776 bytes]","args":[{"enterText":"Rosario","selector":{"id":"application-managepartners-display-component---NewPartner--addressDetailDetailsCity1","interaction":{"idSuffix":"inner"}},"clearTextFirst":true,"interactionType":"ENTER_TEXT"}]}
RESULT: {"script":"<script> [776 bytes]","args":[{"enterText":"Rosario","selector":{"id":"application-managepartners-display-component---NewPartner--addressDetailDetailsCity1","interaction":{"idSuffix":"inner"}},"clearTextFirst":true,"interactionType":"ENTER_TEXT"}]}
COMMAND: POST /session/e1c9c002d5d3447acc7ed8721565bd54/execute/async - {"script":"<script> [1562 bytes]","args":[{"selector":{"id":"application-managepartners-display-component---NewPartner--addressDetailDetailsCountry-arrow"},"wdio_ui5_key":"applicationmanagepartners-display-component---NewPartner--addressDetailDetailsCountry-arrow"}]}
RESULT: {"script":"<script> [1562 bytes]","args":[{"selector":{"id":"application-managepartners-display-component---NewPartner--addressDetailDetailsCountry-arrow"},"wdio_ui5_key":"applicationmanagepartners-display-component---NewPartner--addressDetailDetailsCountry-arrow"}]}
RESULT: undefined
COMMAND: POST /session/e1c9c002d5d3447acc7ed8721565bd54/element - {"using":"xpath","value":"//*[@id=\"application-managepartners-display-component---NewPartner--addressDetailDetailsCountry-arrow\"]"}
RESULT: {"using":"xpath","value":"//*[@id=\"application-managepartners-display-component---NewPartner--addressDetailDetailsCountry-arrow\"]"}
COMMAND: POST /session/e1c9c002d5d3447acc7ed8721565bd54/element/f.06DF9BC5D4F2FE6DCE5AA073CBC21D39.d.51DC2CB1F50672627B5A8924EDDAA06E.e.6724/click - {}
RESULT: {}
COMMAND: POST /session/e1c9c002d5d3447acc7ed8721565bd54/element - {"using":"xpath","value":"//span[contains(text(), \"Argentina\")]"}
COMMAND: GET /session/e1c9c002d5d3447acc7ed8721565bd54/screenshot - {}
RESULT: {"using":"xpath","value":"//span[contains(text(), \"Argentina\")]"}
COMMAND: POST /session/e1c9c002d5d3447acc7ed8721565bd54/element/f.06DF9BC5D4F2FE6DCE5AA073CBC21D39.d.51DC2CB1F50672627B5A8924EDDAA06E.e.6741/click - {}
RESULT: {}
RESULT: {}
COMMAND: GET /session/e1c9c002d5d3447acc7ed8721565bd54/screenshot - {}
RESULT: {}
COMMAND: POST /session/e1c9c002d5d3447acc7ed8721565bd54/element - {"using":"xpath","value":"//bdi[contains(text(), \"Commercial\")]"}
RESULT: {"using":"xpath","value":"//bdi[contains(text(), \"Commercial\")]"}
COMMAND: POST /session/e1c9c002d5d3447acc7ed8721565bd54/element/f.06DF9BC5D4F2FE6DCE5AA073CBC21D39.d.51DC2CB1F50672627B5A8924EDDAA06E.e.6742/click - {}
RESULT: {}
COMMAND: GET /session/e1c9c002d5d3447acc7ed8721565bd54/screenshot - {}
RESULT: {}
COMMAND: POST /session/e1c9c002d5d3447acc7ed8721565bd54/execute/async - {"script":"<script> [1562 bytes]","args":[{"selector":{"id":"application-managepartners-display-component---NewPartner--partnerDetailInternal-arrow"},"wdio_ui5_key":"applicationmanagepartners-display-component---NewPartner--partnerDetailInternal-arrow"}]}
RESULT: {"script":"<script> [1562 bytes]","args":[{"selector":{"id":"application-managepartners-display-component---NewPartner--partnerDetailInternal-arrow"},"wdio_ui5_key":"applicationmanagepartners-display-component---NewPartner--partnerDetailInternal-arrow"}]}
RESULT: undefined
COMMAND: POST /session/e1c9c002d5d3447acc7ed8721565bd54/element - {"using":"xpath","value":"//*[@id=\"application-managepartners-display-component---NewPartner--partnerDetailInternal-arrow\"]"}
RESULT: {"using":"xpath","value":"//*[@id=\"application-managepartners-display-component---NewPartner--partnerDetailInternal-arrow\"]"}
COMMAND: POST /session/e1c9c002d5d3447acc7ed8721565bd54/element/f.06DF9BC5D4F2FE6DCE5AA073CBC21D39.d.51DC2CB1F50672627B5A8924EDDAA06E.e.6750/click - {}
RESULT: {}
COMMAND: POST /session/e1c9c002d5d3447acc7ed8721565bd54/element - {"using":"xpath","value":"//span[contains(text(), \"Affiliated company\")]"}
COMMAND: GET /session/e1c9c002d5d3447acc7ed8721565bd54/screenshot - {}
RESULT: {"using":"xpath","value":"//span[contains(text(), \"Affiliated company\")]"}
COMMAND: POST /session/e1c9c002d5d3447acc7ed8721565bd54/element/f.06DF9BC5D4F2FE6DCE5AA073CBC21D39.d.51DC2CB1F50672627B5A8924EDDAA06E.e.6751/click - {}
RESULT: {}
RESULT: {}
COMMAND: POST /session/e1c9c002d5d3447acc7ed8721565bd54/execute/async - {"script":"<script> [1562 bytes]","args":[{"selector":{"id":"application-managepartners-display-component---NewPartner--partnerDetailsCurrency-arrow"},"wdio_ui5_key":"applicationmanagepartners-display-component---NewPartner--partnerDetailsCurrency-arrow"}]}
COMMAND: GET /session/e1c9c002d5d3447acc7ed8721565bd54/screenshot - {}
RESULT: {"script":"<script> [1562 bytes]","args":[{"selector":{"id":"application-managepartners-display-component---NewPartner--partnerDetailsCurrency-arrow"},"wdio_ui5_key":"applicationmanagepartners-display-component---NewPartner--partnerDetailsCurrency-arrow"}]}
RESULT: undefined
COMMAND: POST /session/e1c9c002d5d3447acc7ed8721565bd54/element - {"using":"xpath","value":"//*[@id=\"application-managepartners-display-component---NewPartner--partnerDetailsCurrency-arrow\"]"}
RESULT: {}
RESULT: {"using":"xpath","value":"//*[@id=\"application-managepartners-display-component---NewPartner--partnerDetailsCurrency-arrow\"]"}
COMMAND: POST /session/e1c9c002d5d3447acc7ed8721565bd54/element/f.06DF9BC5D4F2FE6DCE5AA073CBC21D39.d.51DC2CB1F50672627B5A8924EDDAA06E.e.6758/click - {}
RESULT: {}
COMMAND: POST /session/e1c9c002d5d3447acc7ed8721565bd54/element - {"using":"xpath","value":"//span[contains(text(), \"Euro\")]"}
COMMAND: GET /session/e1c9c002d5d3447acc7ed8721565bd54/screenshot - {}
RESULT: {"using":"xpath","value":"//span[contains(text(), \"Euro\")]"}
COMMAND: POST /session/e1c9c002d5d3447acc7ed8721565bd54/element/f.06DF9BC5D4F2FE6DCE5AA073CBC21D39.d.51DC2CB1F50672627B5A8924EDDAA06E.e.6759/click - {}
RESULT: {}
RESULT: {}
COMMAND: POST /session/e1c9c002d5d3447acc7ed8721565bd54/execute/async - {"script":"<script> [1562 bytes]","args":[{"selector":{"id":"application-managepartners-display-component---NewPartner--addressEditDetailsCostObjectCstType-arrow"},"wdio_ui5_key":"applicationmanagepartners-display-component---NewPartner--addressEditDetailsCostObjectCstType-arrow"}]}
COMMAND: GET /session/e1c9c002d5d3447acc7ed8721565bd54/screenshot - {}
RESULT: {"script":"<script> [1562 bytes]","args":[{"selector":{"id":"application-managepartners-display-component---NewPartner--addressEditDetailsCostObjectCstType-arrow"},"wdio_ui5_key":"applicationmanagepartners-display-component---NewPartner--addressEditDetailsCostObjectCstType-arrow"}]}
RESULT: undefined
COMMAND: POST /session/e1c9c002d5d3447acc7ed8721565bd54/element - {"using":"xpath","value":"//*[@id=\"application-managepartners-display-component---NewPartner--addressEditDetailsCostObjectCstType-arrow\"]"}
RESULT: {}
RESULT: {"using":"xpath","value":"//*[@id=\"application-managepartners-display-component---NewPartner--addressEditDetailsCostObjectCstType-arrow\"]"}
COMMAND: POST /session/e1c9c002d5d3447acc7ed8721565bd54/element/f.06DF9BC5D4F2FE6DCE5AA073CBC21D39.d.51DC2CB1F50672627B5A8924EDDAA06E.e.6760/click - {}
RESULT: {}
COMMAND: POST /session/e1c9c002d5d3447acc7ed8721565bd54/element - {"using":"xpath","value":"//span[contains(text(), \"Cost Center\")]"}
COMMAND: GET /session/e1c9c002d5d3447acc7ed8721565bd54/screenshot - {}
RESULT: {"using":"xpath","value":"//span[contains(text(), \"Cost Center\")]"}
COMMAND: POST /session/e1c9c002d5d3447acc7ed8721565bd54/element/f.06DF9BC5D4F2FE6DCE5AA073CBC21D39.d.51DC2CB1F50672627B5A8924EDDAA06E.e.6761/click - {}
RESULT: {}
RESULT: {}
COMMAND: GET /session/e1c9c002d5d3447acc7ed8721565bd54/screenshot - {}
RESULT: {}
COMMAND: POST /session/e1c9c002d5d3447acc7ed8721565bd54/element - {"using":"xpath","value":"//span[@id=\"application-managepartners-display-component---NewPartner--addressNewCostObjectCstID-vhi\"]"}
RESULT: {"using":"xpath","value":"//span[@id=\"application-managepartners-display-component---NewPartner--addressNewCostObjectCstID-vhi\"]"}
COMMAND: POST /session/e1c9c002d5d3447acc7ed8721565bd54/execute/sync - {"script":"<script> [8489 bytes]","args":[{"element-6066-11e4-a52e-4f735466cecf":"f.06DF9BC5D4F2FE6DCE5AA073CBC21D39.d.51DC2CB1F50672627B5A8924EDDAA06E.e.6764","ELEMENT":"f.06DF9BC5D4F2FE6DCE5AA073CBC21D39.d.51DC2CB1F50672627B5A8924EDDAA06E.e.6764"}]}
RESULT: {"script":"<script> [8489 bytes]","args":[{"element-6066-11e4-a52e-4f735466cecf":"f.06DF9BC5D4F2FE6DCE5AA073CBC21D39.d.51DC2CB1F50672627B5A8924EDDAA06E.e.6764","ELEMENT":"f.06DF9BC5D4F2FE6DCE5AA073CBC21D39.d.51DC2CB1F50672627B5A8924EDDAA06E.e.6764"}]}
COMMAND: POST /session/e1c9c002d5d3447acc7ed8721565bd54/execute/async - {"script":"<script> [1562 bytes]","args":[{"selector":{"id":"application-managepartners-display-component---NewPartner--addressNewCostObjectCstID-vhi"},"wdio_ui5_key":"applicationmanagepartners-display-component---NewPartner--addressNewCostObjectCstID-vhi"}]}
COMMAND: GET /session/e1c9c002d5d3447acc7ed8721565bd54/screenshot - {}
RESULT: {"script":"<script> [1562 bytes]","args":[{"selector":{"id":"application-managepartners-display-component---NewPartner--addressNewCostObjectCstID-vhi"},"wdio_ui5_key":"applicationmanagepartners-display-component---NewPartner--addressNewCostObjectCstID-vhi"}]}
RESULT: undefined
COMMAND: POST /session/e1c9c002d5d3447acc7ed8721565bd54/element - {"using":"xpath","value":"//*[@id=\"application-managepartners-display-component---NewPartner--addressNewCostObjectCstID-vhi\"]"}
RESULT: {}
RESULT: {"using":"xpath","value":"//*[@id=\"application-managepartners-display-component---NewPartner--addressNewCostObjectCstID-vhi\"]"}
COMMAND: POST /session/e1c9c002d5d3447acc7ed8721565bd54/element/f.06DF9BC5D4F2FE6DCE5AA073CBC21D39.d.51DC2CB1F50672627B5A8924EDDAA06E.e.6764/click - {}
RESULT: {}
COMMAND: GET /session/e1c9c002d5d3447acc7ed8721565bd54/screenshot - {}
RESULT: {}
COMMAND: POST /session/e1c9c002d5d3447acc7ed8721565bd54/execute/async - {"script":"<script> [1562 bytes]","args":[{"selector":{"controlType":"sap.m.SearchField","properties":{"placeholder":"Search"},"searchOpenDialogs":true,"interaction":{"idSuffix":"I"}},"wdio_ui5_key":"sapm.SearchField{\"placeholder\":\"Search\"}"}]}
RESULT: {"script":"<script> [1562 bytes]","args":[{"selector":{"controlType":"sap.m.SearchField","properties":{"placeholder":"Search"},"searchOpenDialogs":true,"interaction":{"idSuffix":"I"}},"wdio_ui5_key":"sapm.SearchField{\"placeholder\":\"Search\"}"}]}
RESULT: undefined
COMMAND: POST /session/e1c9c002d5d3447acc7ed8721565bd54/execute/async - {"script":"<script> [776 bytes]","args":[{"enterText":"10001013","selector":{"controlType":"sap.m.SearchField","properties":{"placeholder":"Search"},"searchOpenDialogs":true,"interaction":{"idSuffix":"I"}},"clearTextFirst":true,"interactionType":"ENTER_TEXT"}]}
RESULT: {"script":"<script> [776 bytes]","args":[{"enterText":"10001013","selector":{"controlType":"sap.m.SearchField","properties":{"placeholder":"Search"},"searchOpenDialogs":true,"interaction":{"idSuffix":"I"}},"clearTextFirst":true,"interactionType":"ENTER_TEXT"}]}
COMMAND: POST /session/e1c9c002d5d3447acc7ed8721565bd54/actions - {"actions":[{"id":"action20","type":"key","parameters":{},"actions":[{"type":"keyDown","value":""},{"type":"pause","duration":10},{"type":"keyUp","value":""}]}]}
RESULT: {"actions":[{"id":"action20","type":"key","parameters":{},"actions":[{"type":"keyDown","value":""},{"type":"pause","duration":10},{"type":"keyUp","value":""}]}]}
COMMAND: GET /session/e1c9c002d5d3447acc7ed8721565bd54/screenshot - {}
RESULT: {}
COMMAND: POST /session/e1c9c002d5d3447acc7ed8721565bd54/element - {"using":"xpath","value":"//span[contains(text(), \"General Management\")]"}
RESULT: {"using":"xpath","value":"//span[contains(text(), \"General Management\")]"}
COMMAND: POST /session/e1c9c002d5d3447acc7ed8721565bd54/element/f.06DF9BC5D4F2FE6DCE5AA073CBC21D39.d.51DC2CB1F50672627B5A8924EDDAA06E.e.6807/click - {}
RESULT: {}
COMMAND: GET /session/e1c9c002d5d3447acc7ed8721565bd54/screenshot - {}
RESULT: {}
COMMAND: POST /session/e1c9c002d5d3447acc7ed8721565bd54/element - {"using":"xpath","value":"//bdi[contains(text(), \"OK\")]"}
RESULT: {"using":"xpath","value":"//bdi[contains(text(), \"OK\")]"}
COMMAND: POST /session/e1c9c002d5d3447acc7ed8721565bd54/element/f.06DF9BC5D4F2FE6DCE5AA073CBC21D39.d.51DC2CB1F50672627B5A8924EDDAA06E.e.6808/click - {}
RESULT: {}
COMMAND: GET /session/e1c9c002d5d3447acc7ed8721565bd54/screenshot - {}
RESULT: {}
COMMAND: POST /session/e1c9c002d5d3447acc7ed8721565bd54/element - {"using":"xpath","value":"//input[@id=\"application-managepartners-display-component---NewPartner--companyCodeComboBox-inner\"]"}
RESULT: {"using":"xpath","value":"//input[@id=\"application-managepartners-display-component---NewPartner--companyCodeComboBox-inner\"]"}
COMMAND: POST /session/e1c9c002d5d3447acc7ed8721565bd54/element/f.06DF9BC5D4F2FE6DCE5AA073CBC21D39.d.51DC2CB1F50672627B5A8924EDDAA06E.e.6604/clear - {}
RESULT: {}
COMMAND: POST /session/e1c9c002d5d3447acc7ed8721565bd54/element/f.06DF9BC5D4F2FE6DCE5AA073CBC21D39.d.51DC2CB1F50672627B5A8924EDDAA06E.e.6604/value - {"text":"1000"}
COMMAND: GET /session/e1c9c002d5d3447acc7ed8721565bd54/screenshot - {}
RESULT: {"text":"1000"}
COMMAND: GET /session/e1c9c002d5d3447acc7ed8721565bd54/screenshot - {}
RESULT: {}
RESULT: {}
COMMAND: POST /session/e1c9c002d5d3447acc7ed8721565bd54/element - {"using":"xpath","value":"//span[contains(text(), \"1000\")]"}
RESULT: {"using":"xpath","value":"//span[contains(text(), \"1000\")]"}
COMMAND: POST /session/e1c9c002d5d3447acc7ed8721565bd54/element/f.06DF9BC5D4F2FE6DCE5AA073CBC21D39.d.51DC2CB1F50672627B5A8924EDDAA06E.e.6814/click - {}
RESULT: {}
COMMAND: GET /session/e1c9c002d5d3447acc7ed8721565bd54/screenshot - {}
RESULT: {}
COMMAND: POST /session/e1c9c002d5d3447acc7ed8721565bd54/execute/async - {"script":"<script> [1562 bytes]","args":[{"selector":{"id":"application-managepartners-display-component---NewPartner--btnAddTableRow-img"},"wdio_ui5_key":"applicationmanagepartners-display-component---NewPartner--btnAddTableRow-img"}]}
RESULT: {"script":"<script> [1562 bytes]","args":[{"selector":{"id":"application-managepartners-display-component---NewPartner--btnAddTableRow-img"},"wdio_ui5_key":"applicationmanagepartners-display-component---NewPartner--btnAddTableRow-img"}]}
RESULT: undefined
COMMAND: POST /session/e1c9c002d5d3447acc7ed8721565bd54/element - {"using":"xpath","value":"//*[@id=\"application-managepartners-display-component---NewPartner--btnAddTableRow-img\"]"}
RESULT: {"using":"xpath","value":"//*[@id=\"application-managepartners-display-component---NewPartner--btnAddTableRow-img\"]"}
COMMAND: POST /session/e1c9c002d5d3447acc7ed8721565bd54/element/f.06DF9BC5D4F2FE6DCE5AA073CBC21D39.d.51DC2CB1F50672627B5A8924EDDAA06E.e.6815/click - {}
RESULT: {}
COMMAND: GET /session/e1c9c002d5d3447acc7ed8721565bd54/screenshot - {}
RESULT: {}
COMMAND: POST /session/e1c9c002d5d3447acc7ed8721565bd54/element - {"using":"xpath","value":"//input[@id=\"application-managepartners-display-component---NewPartner--assignmentYard-application-managepartners-display-component---NewPartner--assignmentsTable-0-inner\"]"}
RESULT: {"using":"xpath","value":"//input[@id=\"application-managepartners-display-component---NewPartner--assignmentYard-application-managepartners-display-component---NewPartner--assignmentsTable-0-inner\"]"}
COMMAND: POST /session/e1c9c002d5d3447acc7ed8721565bd54/element/f.06DF9BC5D4F2FE6DCE5AA073CBC21D39.d.51DC2CB1F50672627B5A8924EDDAA06E.e.6818/clear - {}
RESULT: {}
COMMAND: POST /session/e1c9c002d5d3447acc7ed8721565bd54/element/f.06DF9BC5D4F2FE6DCE5AA073CBC21D39.d.51DC2CB1F50672627B5A8924EDDAA06E.e.6818/value - {"text":"618"}
COMMAND: GET /session/e1c9c002d5d3447acc7ed8721565bd54/screenshot - {}
RESULT: {"text":"618"}
COMMAND: GET /session/e1c9c002d5d3447acc7ed8721565bd54/screenshot - {}
RESULT: {}
RESULT: {}
COMMAND: POST /session/e1c9c002d5d3447acc7ed8721565bd54/element - {"using":"xpath","value":"//li[.//span[text()='618']]"}
RESULT: {"using":"xpath","value":"//li[.//span[text()='618']]"}
COMMAND: POST /session/e1c9c002d5d3447acc7ed8721565bd54/element/f.06DF9BC5D4F2FE6DCE5AA073CBC21D39.d.51DC2CB1F50672627B5A8924EDDAA06E.e.6827/click - {}
RESULT: {}
COMMAND: GET /session/e1c9c002d5d3447acc7ed8721565bd54/screenshot - {}
RESULT: {}
COMMAND: POST /session/e1c9c002d5d3447acc7ed8721565bd54/actions - {"actions":[{"id":"action21","type":"key","parameters":{},"actions":[{"type":"keyDown","value":""},{"type":"pause","duration":10},{"type":"keyUp","value":""}]}]}
RESULT: {"actions":[{"id":"action21","type":"key","parameters":{},"actions":[{"type":"keyDown","value":""},{"type":"pause","duration":10},{"type":"keyUp","value":""}]}]}
COMMAND: POST /session/e1c9c002d5d3447acc7ed8721565bd54/execute/async - {"script":"<script> [1562 bytes]","args":[{"selector":{"id":"application-managepartners-display-component---NewPartner--externalCustomerComboBox-application-managepartners-display-component---NewPartner--assignmentsTable-0-vhi"},"wdio_ui5_key":"applicationmanagepartners-display-component---NewPartner--externalCustomerComboBox-application-managepartners-display-component---NewPartner--assignmentsTable-0-vhi"}]}
COMMAND: GET /session/e1c9c002d5d3447acc7ed8721565bd54/screenshot - {}
RESULT: {"script":"<script> [1562 bytes]","args":[{"selector":{"id":"application-managepartners-display-component---NewPartner--externalCustomerComboBox-application-managepartners-display-component---NewPartner--assignmentsTable-0-vhi"},"wdio_ui5_key":"applicationmanagepartners-display-component---NewPartner--externalCustomerComboBox-application-managepartners-display-component---NewPartner--assignmentsTable-0-vhi"}]}
RESULT: undefined
COMMAND: POST /session/e1c9c002d5d3447acc7ed8721565bd54/element - {"using":"xpath","value":"//*[@id=\"application-managepartners-display-component---NewPartner--externalCustomerComboBox-application-managepartners-display-component---NewPartner--assignmentsTable-0-vhi\"]"}
RESULT: {}
RESULT: {"using":"xpath","value":"//*[@id=\"application-managepartners-display-component---NewPartner--externalCustomerComboBox-application-managepartners-display-component---NewPartner--assignmentsTable-0-vhi\"]"}
COMMAND: POST /session/e1c9c002d5d3447acc7ed8721565bd54/element/f.06DF9BC5D4F2FE6DCE5AA073CBC21D39.d.51DC2CB1F50672627B5A8924EDDAA06E.e.6831/click - {}
RESULT: {}
RESULT: undefined
COMMAND: POST /session/e1c9c002d5d3447acc7ed8721565bd54/execute/async - {"script":"<script> [776 bytes]","args":[{"enterText":"300003","selector":{"controlType":"sap.m.SearchField","properties":{"placeholder":"Search"},"searchOpenDialogs":true,"interaction":{"idSuffix":"I"}},"clearTextFirst":true,"interactionType":"ENTER_TEXT"}]}
COMMAND: GET /session/e1c9c002d5d3447acc7ed8721565bd54/screenshot - {}
RESULT: {"script":"<script> [776 bytes]","args":[{"enterText":"300003","selector":{"controlType":"sap.m.SearchField","properties":{"placeholder":"Search"},"searchOpenDialogs":true,"interaction":{"idSuffix":"I"}},"clearTextFirst":true,"interactionType":"ENTER_TEXT"}]}
COMMAND: POST /session/e1c9c002d5d3447acc7ed8721565bd54/actions - {"actions":[{"id":"action22","type":"key","parameters":{},"actions":[{"type":"keyDown","value":""},{"type":"pause","duration":10},{"type":"keyUp","value":""}]}]}
RESULT: {}
RESULT: {"actions":[{"id":"action22","type":"key","parameters":{},"actions":[{"type":"keyDown","value":""},{"type":"pause","duration":10},{"type":"keyUp","value":""}]}]}
COMMAND: GET /session/e1c9c002d5d3447acc7ed8721565bd54/screenshot - {}
RESULT: {}
COMMAND: POST /session/e1c9c002d5d3447acc7ed8721565bd54/element - {"using":"xpath","value":"//span[contains(text(), \"300003\")]"}
RESULT: {"using":"xpath","value":"//span[contains(text(), \"300003\")]"}
COMMAND: POST /session/e1c9c002d5d3447acc7ed8721565bd54/element/f.06DF9BC5D4F2FE6DCE5AA073CBC21D39.d.51DC2CB1F50672627B5A8924EDDAA06E.e.6850/click - {}
RESULT: {}
COMMAND: GET /session/e1c9c002d5d3447acc7ed8721565bd54/screenshot - {}
RESULT: {}
COMMAND: POST /session/e1c9c002d5d3447acc7ed8721565bd54/element - {"using":"xpath","value":"//bdi[contains(text(), \"OK\")]"}
RESULT: {"using":"xpath","value":"//bdi[contains(text(), \"OK\")]"}
COMMAND: POST /session/e1c9c002d5d3447acc7ed8721565bd54/element/f.06DF9BC5D4F2FE6DCE5AA073CBC21D39.d.51DC2CB1F50672627B5A8924EDDAA06E.e.6852/click - {}
RESULT: {}
COMMAND: GET /session/e1c9c002d5d3447acc7ed8721565bd54/screenshot - {}
RESULT: {}
COMMAND: POST /session/e1c9c002d5d3447acc7ed8721565bd54/execute/async - {"script":"<script> [1562 bytes]","args":[{"selector":{"id":"application-managepartners-display-component---NewPartner--intercompVendorComboBox-application-managepartners-display-component---NewPartner--assignmentsTable-0-vhi"},"wdio_ui5_key":"applicationmanagepartners-display-component---NewPartner--intercompVendorComboBox-application-managepartners-display-component---NewPartner--assignmentsTable-0-vhi"}]}
RESULT: {"script":"<script> [1562 bytes]","args":[{"selector":{"id":"application-managepartners-display-component---NewPartner--intercompVendorComboBox-application-managepartners-display-component---NewPartner--assignmentsTable-0-vhi"},"wdio_ui5_key":"applicationmanagepartners-display-component---NewPartner--intercompVendorComboBox-application-managepartners-display-component---NewPartner--assignmentsTable-0-vhi"}]}
RESULT: undefined
COMMAND: POST /session/e1c9c002d5d3447acc7ed8721565bd54/element - {"using":"xpath","value":"//*[@id=\"application-managepartners-display-component---NewPartner--intercompVendorComboBox-application-managepartners-display-component---NewPartner--assignmentsTable-0-vhi\"]"}
RESULT: {"using":"xpath","value":"//*[@id=\"application-managepartners-display-component---NewPartner--intercompVendorComboBox-application-managepartners-display-component---NewPartner--assignmentsTable-0-vhi\"]"}
COMMAND: POST /session/e1c9c002d5d3447acc7ed8721565bd54/element/f.06DF9BC5D4F2FE6DCE5AA073CBC21D39.d.51DC2CB1F50672627B5A8924EDDAA06E.e.6856/click - {}
RESULT: {}
RESULT: undefined
COMMAND: POST /session/e1c9c002d5d3447acc7ed8721565bd54/execute/async - {"script":"<script> [776 bytes]","args":[{"enterText":"100005","selector":{"controlType":"sap.m.SearchField","properties":{"placeholder":"Search"},"searchOpenDialogs":true,"interaction":{"idSuffix":"I"}},"clearTextFirst":true,"interactionType":"ENTER_TEXT"}]}
COMMAND: GET /session/e1c9c002d5d3447acc7ed8721565bd54/screenshot - {}
RESULT: {"script":"<script> [776 bytes]","args":[{"enterText":"100005","selector":{"controlType":"sap.m.SearchField","properties":{"placeholder":"Search"},"searchOpenDialogs":true,"interaction":{"idSuffix":"I"}},"clearTextFirst":true,"interactionType":"ENTER_TEXT"}]}
COMMAND: POST /session/e1c9c002d5d3447acc7ed8721565bd54/actions - {"actions":[{"id":"action23","type":"key","parameters":{},"actions":[{"type":"keyDown","value":""},{"type":"pause","duration":10},{"type":"keyUp","value":""}]}]}
RESULT: {}
RESULT: {"actions":[{"id":"action23","type":"key","parameters":{},"actions":[{"type":"keyDown","value":""},{"type":"pause","duration":10},{"type":"keyUp","value":""}]}]}
COMMAND: GET /session/e1c9c002d5d3447acc7ed8721565bd54/screenshot - {}
RESULT: {}
COMMAND: POST /session/e1c9c002d5d3447acc7ed8721565bd54/element - {"using":"xpath","value":"//span[contains(text(), \"Penguins - Field/12345 Berlin\")]"}
RESULT: {"using":"xpath","value":"//span[contains(text(), \"Penguins - Field/12345 Berlin\")]"}
COMMAND: POST /session/e1c9c002d5d3447acc7ed8721565bd54/element/f.06DF9BC5D4F2FE6DCE5AA073CBC21D39.d.51DC2CB1F50672627B5A8924EDDAA06E.e.6873/click - {}
RESULT: {}
COMMAND: GET /session/e1c9c002d5d3447acc7ed8721565bd54/screenshot - {}
RESULT: {}
COMMAND: POST /session/e1c9c002d5d3447acc7ed8721565bd54/element - {"using":"xpath","value":"//bdi[contains(text(), \"OK\")]"}
RESULT: {"using":"xpath","value":"//bdi[contains(text(), \"OK\")]"}
COMMAND: POST /session/e1c9c002d5d3447acc7ed8721565bd54/element/f.06DF9BC5D4F2FE6DCE5AA073CBC21D39.d.51DC2CB1F50672627B5A8924EDDAA06E.e.6874/click - {}
RESULT: {}
COMMAND: GET /session/e1c9c002d5d3447acc7ed8721565bd54/screenshot - {}
RESULT: {}
COMMAND: POST /session/e1c9c002d5d3447acc7ed8721565bd54/element - {"using":"xpath","value":"//button[@data-kt=\"saveButton\"]"}
RESULT: {"using":"xpath","value":"//button[@data-kt=\"saveButton\"]"}
COMMAND: POST /session/e1c9c002d5d3447acc7ed8721565bd54/element/f.06DF9BC5D4F2FE6DCE5AA073CBC21D39.d.51DC2CB1F50672627B5A8924EDDAA06E.e.6720/click - {}
RESULT: {}
COMMAND: GET /session/e1c9c002d5d3447acc7ed8721565bd54/screenshot - {}
RESULT: {}
COMMAND: POST /session/e1c9c002d5d3447acc7ed8721565bd54/element - {"using":"xpath","value":"//header[contains(@id, 'ObjectPageLayout-headerTitle')]/div[1]/div[2]/div[2]/span[1]"}
RESULT: {"using":"xpath","value":"//header[contains(@id, 'ObjectPageLayout-headerTitle')]/div[1]/div[2]/div[2]/span[1]"}
COMMAND: POST /session/e1c9c002d5d3447acc7ed8721565bd54/elements - {"using":"xpath","value":"//header[contains(@id, 'ObjectPageLayout-headerTitle')]/div[1]/div[2]/div[2]/span[1]"}
RESULT: {"using":"xpath","value":"//header[contains(@id, 'ObjectPageLayout-headerTitle')]/div[1]/div[2]/div[2]/span[1]"}
COMMAND: POST /session/e1c9c002d5d3447acc7ed8721565bd54/execute/sync - {"script":"<script> [56 bytes]","args":[{"element-6066-11e4-a52e-4f735466cecf":"f.06DF9BC5D4F2FE6DCE5AA073CBC21D39.d.51DC2CB1F50672627B5A8924EDDAA06E.e.7039","ELEMENT":"f.06DF9BC5D4F2FE6DCE5AA073CBC21D39.d.51DC2CB1F50672627B5A8924EDDAA06E.e.7039"}]}
RESULT: {"script":"<script> [56 bytes]","args":[{"element-6066-11e4-a52e-4f735466cecf":"f.06DF9BC5D4F2FE6DCE5AA073CBC21D39.d.51DC2CB1F50672627B5A8924EDDAA06E.e.7039","ELEMENT":"f.06DF9BC5D4F2FE6DCE5AA073CBC21D39.d.51DC2CB1F50672627B5A8924EDDAA06E.e.7039"}]}
COMMAND: POST /session/e1c9c002d5d3447acc7ed8721565bd54/element - {"using":"css selector","value":"#shell-header-logo"}
COMMAND: GET /session/e1c9c002d5d3447acc7ed8721565bd54/screenshot - {}
RESULT: {"using":"css selector","value":"#shell-header-logo"}
COMMAND: POST /session/e1c9c002d5d3447acc7ed8721565bd54/element/f.06DF9BC5D4F2FE6DCE5AA073CBC21D39.d.51DC2CB1F50672627B5A8924EDDAA06E.e.6258/click - {}
RESULT: {}
RESULT: {}
COMMAND: GET /session/e1c9c002d5d3447acc7ed8721565bd54/screenshot - {}
RESULT: {}
COMMAND: POST /session/e1c9c002d5d3447acc7ed8721565bd54/execute/sync - {"script":"<script> [299 bytes]","args":[["getModel","getResource"]]}
RESULT: {"script":"<script> [299 bytes]","args":[["getModel","getResource"]]}
RESULT: undefined
COMMAND: POST /session/e1c9c002d5d3447acc7ed8721565bd54/element - {"using":"xpath","value":"//*[@id=\"__tile30\"]"}
COMMAND: GET /session/e1c9c002d5d3447acc7ed8721565bd54/screenshot - {}
RESULT: {"using":"xpath","value":"//*[@id=\"__tile30\"]"}
COMMAND: POST /session/e1c9c002d5d3447acc7ed8721565bd54/element/f.06DF9BC5D4F2FE6DCE5AA073CBC21D39.d.51DC2CB1F50672627B5A8924EDDAA06E.e.6178/click - {}
RESULT: {}
RESULT: {}
COMMAND: POST /session/e1c9c002d5d3447acc7ed8721565bd54/element - {"using":"xpath","value":"//button[@data-kt=\"addButton\"]"}
COMMAND: GET /session/e1c9c002d5d3447acc7ed8721565bd54/screenshot - {}
RESULT: {"using":"xpath","value":"//button[@data-kt=\"addButton\"]"}
COMMAND: POST /session/e1c9c002d5d3447acc7ed8721565bd54/elements - {"using":"xpath","value":"//button[@data-kt=\"addButton\"]"}
RESULT: {}
RESULT: {"using":"xpath","value":"//button[@data-kt=\"addButton\"]"}
COMMAND: POST /session/e1c9c002d5d3447acc7ed8721565bd54/element - {"using":"xpath","value":"//button[@data-kt=\"addButton\"]"}
RESULT: {"using":"xpath","value":"//button[@data-kt=\"addButton\"]"}
COMMAND: POST /session/e1c9c002d5d3447acc7ed8721565bd54/execute/sync - {"script":"<script> [8489 bytes]","args":[{"element-6066-11e4-a52e-4f735466cecf":"f.06DF9BC5D4F2FE6DCE5AA073CBC21D39.d.51DC2CB1F50672627B5A8924EDDAA06E.e.7076","ELEMENT":"f.06DF9BC5D4F2FE6DCE5AA073CBC21D39.d.51DC2CB1F50672627B5A8924EDDAA06E.e.7076"}]}
RESULT: {"script":"<script> [8489 bytes]","args":[{"element-6066-11e4-a52e-4f735466cecf":"f.06DF9BC5D4F2FE6DCE5AA073CBC21D39.d.51DC2CB1F50672627B5A8924EDDAA06E.e.7076","ELEMENT":"f.06DF9BC5D4F2FE6DCE5AA073CBC21D39.d.51DC2CB1F50672627B5A8924EDDAA06E.e.7076"}]}
COMMAND: GET /session/e1c9c002d5d3447acc7ed8721565bd54/element/f.06DF9BC5D4F2FE6DCE5AA073CBC21D39.d.51DC2CB1F50672627B5A8924EDDAA06E.e.7076/enabled - {}
COMMAND: GET /session/e1c9c002d5d3447acc7ed8721565bd54/screenshot - {}
RESULT: {}
COMMAND: POST /session/e1c9c002d5d3447acc7ed8721565bd54/execute/sync - {"script":"<script> [8489 bytes]","args":[{"element-6066-11e4-a52e-4f735466cecf":"f.06DF9BC5D4F2FE6DCE5AA073CBC21D39.d.51DC2CB1F50672627B5A8924EDDAA06E.e.7076","ELEMENT":"f.06DF9BC5D4F2FE6DCE5AA073CBC21D39.d.51DC2CB1F50672627B5A8924EDDAA06E.e.7076"}]}
COMMAND: GET /session/e1c9c002d5d3447acc7ed8721565bd54/screenshot - {}
RESULT: {}
RESULT: {"script":"<script> [8489 bytes]","args":[{"element-6066-11e4-a52e-4f735466cecf":"f.06DF9BC5D4F2FE6DCE5AA073CBC21D39.d.51DC2CB1F50672627B5A8924EDDAA06E.e.7076","ELEMENT":"f.06DF9BC5D4F2FE6DCE5AA073CBC21D39.d.51DC2CB1F50672627B5A8924EDDAA06E.e.7076"}]}
COMMAND: POST /session/e1c9c002d5d3447acc7ed8721565bd54/execute/sync - {"script":"<script> [5351 bytes]","args":[{"element-6066-11e4-a52e-4f735466cecf":"f.06DF9BC5D4F2FE6DCE5AA073CBC21D39.d.51DC2CB1F50672627B5A8924EDDAA06E.e.7076","ELEMENT":"f.06DF9BC5D4F2FE6DCE5AA073CBC21D39.d.51DC2CB1F50672627B5A8924EDDAA06E.e.7076"}]}
COMMAND: GET /session/e1c9c002d5d3447acc7ed8721565bd54/screenshot - {}
RESULT: {}
RESULT: {"script":"<script> [5351 bytes]","args":[{"element-6066-11e4-a52e-4f735466cecf":"f.06DF9BC5D4F2FE6DCE5AA073CBC21D39.d.51DC2CB1F50672627B5A8924EDDAA06E.e.7076","ELEMENT":"f.06DF9BC5D4F2FE6DCE5AA073CBC21D39.d.51DC2CB1F50672627B5A8924EDDAA06E.e.7076"}]}
COMMAND: GET /session/e1c9c002d5d3447acc7ed8721565bd54/screenshot - {}
RESULT: {}
RESULT: {}
COMMAND: POST /session/e1c9c002d5d3447acc7ed8721565bd54/execute/async - {"script":"<script> [1562 bytes]","args":[{"selector":{"id":"application-managepartners-display-component---masterPtm--smartFilterBar-btnBasicSearch","interaction":{"idSuffix":"I"}},"wdio_ui5_key":"applicationmanagepartners-display-component---masterPtm--smartFilterBar-btnBasicSearch"}]}
RESULT: {"script":"<script> [1562 bytes]","args":[{"selector":{"id":"application-managepartners-display-component---masterPtm--smartFilterBar-btnBasicSearch","interaction":{"idSuffix":"I"}},"wdio_ui5_key":"applicationmanagepartners-display-component---masterPtm--smartFilterBar-btnBasicSearch"}]}
RESULT: undefined
COMMAND: POST /session/e1c9c002d5d3447acc7ed8721565bd54/execute/async - {"script":"<script> [776 bytes]","args":[{"enterText":"1480","selector":{"id":"application-managepartners-display-component---masterPtm--smartFilterBar-btnBasicSearch","interaction":{"idSuffix":"I"}},"clearTextFirst":true,"interactionType":"ENTER_TEXT"}]}
RESULT: {"script":"<script> [776 bytes]","args":[{"enterText":"1480","selector":{"id":"application-managepartners-display-component---masterPtm--smartFilterBar-btnBasicSearch","interaction":{"idSuffix":"I"}},"clearTextFirst":true,"interactionType":"ENTER_TEXT"}]}
COMMAND: POST /session/e1c9c002d5d3447acc7ed8721565bd54/actions - {"actions":[{"id":"action24","type":"key","parameters":{},"actions":[{"type":"keyDown","value":""},{"type":"pause","duration":10},{"type":"keyUp","value":""}]}]}
RESULT: {"actions":[{"id":"action24","type":"key","parameters":{},"actions":[{"type":"keyDown","value":""},{"type":"pause","duration":10},{"type":"keyUp","value":""}]}]}
COMMAND: GET /session/e1c9c002d5d3447acc7ed8721565bd54/screenshot - {}
RESULT: {}
COMMAND: POST /session/e1c9c002d5d3447acc7ed8721565bd54/elements - {"using":"xpath","value":"//table[contains(@id, \"customPartnersTable-listUl\")]/tbody/tr"}
RESULT: {"using":"xpath","value":"//table[contains(@id, \"customPartnersTable-listUl\")]/tbody/tr"}
COMMAND: POST /session/e1c9c002d5d3447acc7ed8721565bd54/element - {"using":"xpath","value":"//table[contains(@id, \"customPartnersTable-listUl\")]/tbody/tr[1]/td[3]/span"}
RESULT: {"using":"xpath","value":"//table[contains(@id, \"customPartnersTable-listUl\")]/tbody/tr[1]/td[3]/span"}
COMMAND: POST /session/e1c9c002d5d3447acc7ed8721565bd54/elements - {"using":"xpath","value":"//table[contains(@id, \"customPartnersTable-listUl\")]/tbody/tr[1]/td[3]/span"}
RESULT: {"using":"xpath","value":"//table[contains(@id, \"customPartnersTable-listUl\")]/tbody/tr[1]/td[3]/span"}
COMMAND: POST /session/e1c9c002d5d3447acc7ed8721565bd54/execute/sync - {"script":"<script> [56 bytes]","args":[{"element-6066-11e4-a52e-4f735466cecf":"f.06DF9BC5D4F2FE6DCE5AA073CBC21D39.d.51DC2CB1F50672627B5A8924EDDAA06E.e.7221","ELEMENT":"f.06DF9BC5D4F2FE6DCE5AA073CBC21D39.d.51DC2CB1F50672627B5A8924EDDAA06E.e.7221"}]}
RESULT: {"script":"<script> [56 bytes]","args":[{"element-6066-11e4-a52e-4f735466cecf":"f.06DF9BC5D4F2FE6DCE5AA073CBC21D39.d.51DC2CB1F50672627B5A8924EDDAA06E.e.7221","ELEMENT":"f.06DF9BC5D4F2FE6DCE5AA073CBC21D39.d.51DC2CB1F50672627B5A8924EDDAA06E.e.7221"}]}
COMMAND: POST /session/e1c9c002d5d3447acc7ed8721565bd54/element - {"using":"xpath","value":"(//span[contains(@id, \"imgNav\")])[1]"}
COMMAND: GET /session/e1c9c002d5d3447acc7ed8721565bd54/screenshot - {}
RESULT: {"using":"xpath","value":"(//span[contains(@id, \"imgNav\")])[1]"}
COMMAND: POST /session/e1c9c002d5d3447acc7ed8721565bd54/element/f.06DF9BC5D4F2FE6DCE5AA073CBC21D39.d.51DC2CB1F50672627B5A8924EDDAA06E.e.7219/click - {}
RESULT: {}
RESULT: {}
COMMAND: GET /session/e1c9c002d5d3447acc7ed8721565bd54/screenshot - {}
RESULT: {}
COMMAND: POST /session/e1c9c002d5d3447acc7ed8721565bd54/element - {"using":"xpath","value":"//bdi[contains(text(), \"Edit\")]"}
RESULT: {"using":"xpath","value":"//bdi[contains(text(), \"Edit\")]"}
COMMAND: POST /session/e1c9c002d5d3447acc7ed8721565bd54/element/f.06DF9BC5D4F2FE6DCE5AA073CBC21D39.d.51DC2CB1F50672627B5A8924EDDAA06E.e.7366/click - {}
RESULT: {}
COMMAND: GET /session/e1c9c002d5d3447acc7ed8721565bd54/screenshot - {}
RESULT: {}
COMMAND: POST /session/e1c9c002d5d3447acc7ed8721565bd54/execute/async - {"script":"<script> [1562 bytes]","args":[{"selector":{"controlType":"sap.m.Input","viewName":"etm.portal.ui.managepartners.view.EditDetail","labelFor":{"text":"Name"},"interaction":{"idSuffix":"inner"}},"wdio_ui5_key":"etmportal.ui.managepartners.view.EditDetailsap.m.Input{\"text\":\"Name\"}"}]}
RESULT: {"script":"<script> [1562 bytes]","args":[{"selector":{"controlType":"sap.m.Input","viewName":"etm.portal.ui.managepartners.view.EditDetail","labelFor":{"text":"Name"},"interaction":{"idSuffix":"inner"}},"wdio_ui5_key":"etmportal.ui.managepartners.view.EditDetailsap.m.Input{\"text\":\"Name\"}"}]}
RESULT: undefined
COMMAND: POST /session/e1c9c002d5d3447acc7ed8721565bd54/execute/async - {"script":"<script> [776 bytes]","args":[{"enterText":"Intracompany EDIT","selector":{"controlType":"sap.m.Input","viewName":"etm.portal.ui.managepartners.view.EditDetail","labelFor":{"text":"Name"},"interaction":{"idSuffix":"inner"}},"clearTextFirst":true,"interactionType":"ENTER_TEXT"}]}
RESULT: {"script":"<script> [776 bytes]","args":[{"enterText":"Intracompany EDIT","selector":{"controlType":"sap.m.Input","viewName":"etm.portal.ui.managepartners.view.EditDetail","labelFor":{"text":"Name"},"interaction":{"idSuffix":"inner"}},"clearTextFirst":true,"interactionType":"ENTER_TEXT"}]}
COMMAND: POST /session/e1c9c002d5d3447acc7ed8721565bd54/element - {"using":"xpath","value":"(//span[contains(@id,\"addressDetailDetailsLanguage-arrow\")])[1]"}
RESULT: {"using":"xpath","value":"(//span[contains(@id,\"addressDetailDetailsLanguage-arrow\")])[1]"}
COMMAND: POST /session/e1c9c002d5d3447acc7ed8721565bd54/element/f.06DF9BC5D4F2FE6DCE5AA073CBC21D39.d.51DC2CB1F50672627B5A8924EDDAA06E.e.7450/click - {}
RESULT: {}
COMMAND: POST /session/e1c9c002d5d3447acc7ed8721565bd54/element - {"using":"xpath","value":"//span[contains(text(), \"Chinese\")]"}
COMMAND: GET /session/e1c9c002d5d3447acc7ed8721565bd54/screenshot - {}
RESULT: {"using":"xpath","value":"//span[contains(text(), \"Chinese\")]"}
COMMAND: POST /session/e1c9c002d5d3447acc7ed8721565bd54/element/f.06DF9BC5D4F2FE6DCE5AA073CBC21D39.d.51DC2CB1F50672627B5A8924EDDAA06E.e.7451/click - {}
RESULT: {}
RESULT: {}
COMMAND: GET /session/e1c9c002d5d3447acc7ed8721565bd54/screenshot - {}
RESULT: {}
COMMAND: POST /session/e1c9c002d5d3447acc7ed8721565bd54/execute/async - {"script":"<script> [1562 bytes]","args":[{"selector":{"controlType":"sap.m.Input","viewName":"etm.portal.ui.managepartners.view.EditDetail","labelFor":{"text":"City"},"interaction":{"idSuffix":"inner"}},"wdio_ui5_key":"etmportal.ui.managepartners.view.EditDetailsap.m.Input{\"text\":\"City\"}"}]}
RESULT: {"script":"<script> [1562 bytes]","args":[{"selector":{"controlType":"sap.m.Input","viewName":"etm.portal.ui.managepartners.view.EditDetail","labelFor":{"text":"City"},"interaction":{"idSuffix":"inner"}},"wdio_ui5_key":"etmportal.ui.managepartners.view.EditDetailsap.m.Input{\"text\":\"City\"}"}]}
RESULT: undefined
COMMAND: POST /session/e1c9c002d5d3447acc7ed8721565bd54/execute/async - {"script":"<script> [776 bytes]","args":[{"enterText":"Clooj-Napoca","selector":{"controlType":"sap.m.Input","viewName":"etm.portal.ui.managepartners.view.EditDetail","labelFor":{"text":"City"},"interaction":{"idSuffix":"inner"}},"clearTextFirst":true,"interactionType":"ENTER_TEXT"}]}
RESULT: {"script":"<script> [776 bytes]","args":[{"enterText":"Clooj-Napoca","selector":{"controlType":"sap.m.Input","viewName":"etm.portal.ui.managepartners.view.EditDetail","labelFor":{"text":"City"},"interaction":{"idSuffix":"inner"}},"clearTextFirst":true,"interactionType":"ENTER_TEXT"}]}
COMMAND: POST /session/e1c9c002d5d3447acc7ed8721565bd54/element - {"using":"xpath","value":"//button[@data-kt=\"saveButton\"]"}
RESULT: {"using":"xpath","value":"//button[@data-kt=\"saveButton\"]"}
COMMAND: POST /session/e1c9c002d5d3447acc7ed8721565bd54/element/f.06DF9BC5D4F2FE6DCE5AA073CBC21D39.d.51DC2CB1F50672627B5A8924EDDAA06E.e.7428/click - {}
RESULT: {}
COMMAND: GET /session/e1c9c002d5d3447acc7ed8721565bd54/screenshot - {}
RESULT: {}
COMMAND: POST /session/e1c9c002d5d3447acc7ed8721565bd54/execute/async - {"script":"<script> [1562 bytes]","args":[{"selector":{"id":"application-managepartners-display-component---detailPtm--addressDetailDetailsName1"},"wdio_ui5_key":"applicationmanagepartners-display-component---detailPtm--addressDetailDetailsName1"}]}
RESULT: {"script":"<script> [1562 bytes]","args":[{"selector":{"id":"application-managepartners-display-component---detailPtm--addressDetailDetailsName1"},"wdio_ui5_key":"applicationmanagepartners-display-component---detailPtm--addressDetailDetailsName1"}]}
RESULT: undefined
COMMAND: POST /session/e1c9c002d5d3447acc7ed8721565bd54/execute/async - {"script":"<script> [6424 bytes]","args":[{"element-6066-11e4-a52e-4f735466cecf":"f.06DF9BC5D4F2FE6DCE5AA073CBC21D39.d.51DC2CB1F50672627B5A8924EDDAA06E.e.7482"},"getValue",[]]}
RESULT: {"script":"<script> [6424 bytes]","args":[{"element-6066-11e4-a52e-4f735466cecf":"f.06DF9BC5D4F2FE6DCE5AA073CBC21D39.d.51DC2CB1F50672627B5A8924EDDAA06E.e.7482"},"getValue",[]]}
COMMAND: POST /session/e1c9c002d5d3447acc7ed8721565bd54/element - {"using":"xpath","value":"//input[@id = \"application-managepartners-display-component---detailPtm--addressDetailDetailsLanguage-inner\"]"}
RESULT: {"using":"xpath","value":"//input[@id = \"application-managepartners-display-component---detailPtm--addressDetailDetailsLanguage-inner\"]"}
COMMAND: GET /session/e1c9c002d5d3447acc7ed8721565bd54/element/f.06DF9BC5D4F2FE6DCE5AA073CBC21D39.d.51DC2CB1F50672627B5A8924EDDAA06E.e.7483/property/value - {}
RESULT: {}
COMMAND: POST /session/e1c9c002d5d3447acc7ed8721565bd54/execute/async - {"script":"<script> [1562 bytes]","args":[{"selector":{"id":"application-managepartners-display-component---detailPtm--addressDetailDetailsCity1"},"wdio_ui5_key":"applicationmanagepartners-display-component---detailPtm--addressDetailDetailsCity1"}]}
COMMAND: GET /session/e1c9c002d5d3447acc7ed8721565bd54/screenshot - {}
RESULT: {"script":"<script> [1562 bytes]","args":[{"selector":{"id":"application-managepartners-display-component---detailPtm--addressDetailDetailsCity1"},"wdio_ui5_key":"applicationmanagepartners-display-component---detailPtm--addressDetailDetailsCity1"}]}
RESULT: undefined
COMMAND: POST /session/e1c9c002d5d3447acc7ed8721565bd54/execute/async - {"script":"<script> [6424 bytes]","args":[{"element-6066-11e4-a52e-4f735466cecf":"f.06DF9BC5D4F2FE6DCE5AA073CBC21D39.d.51DC2CB1F50672627B5A8924EDDAA06E.e.7484"},"getValue",[]]}
RESULT: {}
RESULT: {"script":"<script> [6424 bytes]","args":[{"element-6066-11e4-a52e-4f735466cecf":"f.06DF9BC5D4F2FE6DCE5AA073CBC21D39.d.51DC2CB1F50672627B5A8924EDDAA06E.e.7484"},"getValue",[]]}
COMMAND: POST /session/e1c9c002d5d3447acc7ed8721565bd54/element - {"using":"css selector","value":"#shell-header-logo"}
RESULT: {"using":"css selector","value":"#shell-header-logo"}
COMMAND: POST /session/e1c9c002d5d3447acc7ed8721565bd54/element/f.06DF9BC5D4F2FE6DCE5AA073CBC21D39.d.51DC2CB1F50672627B5A8924EDDAA06E.e.7042/click - {}
RESULT: {}
COMMAND: GET /session/e1c9c002d5d3447acc7ed8721565bd54/screenshot - {}
RESULT: {}
]]></system-out>
    </testcase>
    <testcase classname="chrome.135_0_7049_42.windows.Partner_specific_tests_US150819_US151080_US151654_US151176_US103444_US151078_US151079_US151109_US151174_US151175_US151189" name="Should do filtering and navigation tests US151109" time="154.121">
      <system-out><![CDATA[
COMMAND: POST /session/e1c9c002d5d3447acc7ed8721565bd54/element - {"using":"xpath","value":"//li[.//span[text()=\"Manage Partners\"]]"}
RESULT: {"using":"xpath","value":"//li[.//span[text()=\"Manage Partners\"]]"}
COMMAND: POST /session/e1c9c002d5d3447acc7ed8721565bd54/element - {"using":"xpath","value":"//li[.//span[text()=\"Manage Partners\"]]"}
RESULT: {"using":"xpath","value":"//li[.//span[text()=\"Manage Partners\"]]"}
COMMAND: POST /session/e1c9c002d5d3447acc7ed8721565bd54/element - {"using":"css selector","value":"#shell-header-logo"}
RESULT: {"using":"css selector","value":"#shell-header-logo"}
COMMAND: POST /session/e1c9c002d5d3447acc7ed8721565bd54/element/f.06DF9BC5D4F2FE6DCE5AA073CBC21D39.d.51DC2CB1F50672627B5A8924EDDAA06E.e.7514/click - {}
COMMAND: POST /session/e1c9c002d5d3447acc7ed8721565bd54/execute/sync - {"script":"<script> [8489 bytes]","args":[{"element-6066-11e4-a52e-4f735466cecf":"f.06DF9BC5D4F2FE6DCE5AA073CBC21D39.d.51DC2CB1F50672627B5A8924EDDAA06E.e.7514","ELEMENT":"f.06DF9BC5D4F2FE6DCE5AA073CBC21D39.d.51DC2CB1F50672627B5A8924EDDAA06E.e.7514"}]}
RESULT: {}
COMMAND: GET /session/e1c9c002d5d3447acc7ed8721565bd54/screenshot - {}
RESULT: {"script":"<script> [8489 bytes]","args":[{"element-6066-11e4-a52e-4f735466cecf":"f.06DF9BC5D4F2FE6DCE5AA073CBC21D39.d.51DC2CB1F50672627B5A8924EDDAA06E.e.7514","ELEMENT":"f.06DF9BC5D4F2FE6DCE5AA073CBC21D39.d.51DC2CB1F50672627B5A8924EDDAA06E.e.7514"}]}
COMMAND: POST /session/e1c9c002d5d3447acc7ed8721565bd54/execute/sync - {"script":"<script> [5351 bytes]","args":[{"element-6066-11e4-a52e-4f735466cecf":"f.06DF9BC5D4F2FE6DCE5AA073CBC21D39.d.51DC2CB1F50672627B5A8924EDDAA06E.e.7514","ELEMENT":"f.06DF9BC5D4F2FE6DCE5AA073CBC21D39.d.51DC2CB1F50672627B5A8924EDDAA06E.e.7514"}]}
COMMAND: GET /session/e1c9c002d5d3447acc7ed8721565bd54/screenshot - {}
RESULT: {}
RESULT: {"script":"<script> [5351 bytes]","args":[{"element-6066-11e4-a52e-4f735466cecf":"f.06DF9BC5D4F2FE6DCE5AA073CBC21D39.d.51DC2CB1F50672627B5A8924EDDAA06E.e.7514","ELEMENT":"f.06DF9BC5D4F2FE6DCE5AA073CBC21D39.d.51DC2CB1F50672627B5A8924EDDAA06E.e.7514"}]}
COMMAND: GET /session/e1c9c002d5d3447acc7ed8721565bd54/screenshot - {}
RESULT: {}
RESULT: {}
RESULT: undefined
COMMAND: POST /session/e1c9c002d5d3447acc7ed8721565bd54/element - {"using":"xpath","value":"//*[@id=\"__tile30\"]"}
RESULT: {"using":"xpath","value":"//*[@id=\"__tile30\"]"}
COMMAND: POST /session/e1c9c002d5d3447acc7ed8721565bd54/element/f.06DF9BC5D4F2FE6DCE5AA073CBC21D39.d.51DC2CB1F50672627B5A8924EDDAA06E.e.6178/click - {}
RESULT: {}
COMMAND: POST /session/e1c9c002d5d3447acc7ed8721565bd54/element - {"using":"xpath","value":"//button[@data-kt=\"addButton\"]"}
COMMAND: GET /session/e1c9c002d5d3447acc7ed8721565bd54/screenshot - {}
RESULT: {"using":"xpath","value":"//button[@data-kt=\"addButton\"]"}
COMMAND: POST /session/e1c9c002d5d3447acc7ed8721565bd54/elements - {"using":"xpath","value":"//button[@data-kt=\"addButton\"]"}
RESULT: {}
RESULT: {"using":"xpath","value":"//button[@data-kt=\"addButton\"]"}
COMMAND: POST /session/e1c9c002d5d3447acc7ed8721565bd54/element - {"using":"xpath","value":"//button[@data-kt=\"addButton\"]"}
RESULT: {"using":"xpath","value":"//button[@data-kt=\"addButton\"]"}
COMMAND: POST /session/e1c9c002d5d3447acc7ed8721565bd54/execute/sync - {"script":"<script> [8489 bytes]","args":[{"element-6066-11e4-a52e-4f735466cecf":"f.06DF9BC5D4F2FE6DCE5AA073CBC21D39.d.51DC2CB1F50672627B5A8924EDDAA06E.e.7560","ELEMENT":"f.06DF9BC5D4F2FE6DCE5AA073CBC21D39.d.51DC2CB1F50672627B5A8924EDDAA06E.e.7560"}]}
RESULT: {"script":"<script> [8489 bytes]","args":[{"element-6066-11e4-a52e-4f735466cecf":"f.06DF9BC5D4F2FE6DCE5AA073CBC21D39.d.51DC2CB1F50672627B5A8924EDDAA06E.e.7560","ELEMENT":"f.06DF9BC5D4F2FE6DCE5AA073CBC21D39.d.51DC2CB1F50672627B5A8924EDDAA06E.e.7560"}]}
COMMAND: GET /session/e1c9c002d5d3447acc7ed8721565bd54/element/f.06DF9BC5D4F2FE6DCE5AA073CBC21D39.d.51DC2CB1F50672627B5A8924EDDAA06E.e.7560/enabled - {}
COMMAND: GET /session/e1c9c002d5d3447acc7ed8721565bd54/screenshot - {}
RESULT: {}
COMMAND: POST /session/e1c9c002d5d3447acc7ed8721565bd54/execute/sync - {"script":"<script> [8489 bytes]","args":[{"element-6066-11e4-a52e-4f735466cecf":"f.06DF9BC5D4F2FE6DCE5AA073CBC21D39.d.51DC2CB1F50672627B5A8924EDDAA06E.e.7560","ELEMENT":"f.06DF9BC5D4F2FE6DCE5AA073CBC21D39.d.51DC2CB1F50672627B5A8924EDDAA06E.e.7560"}]}
COMMAND: GET /session/e1c9c002d5d3447acc7ed8721565bd54/screenshot - {}
RESULT: {}
RESULT: {"script":"<script> [8489 bytes]","args":[{"element-6066-11e4-a52e-4f735466cecf":"f.06DF9BC5D4F2FE6DCE5AA073CBC21D39.d.51DC2CB1F50672627B5A8924EDDAA06E.e.7560","ELEMENT":"f.06DF9BC5D4F2FE6DCE5AA073CBC21D39.d.51DC2CB1F50672627B5A8924EDDAA06E.e.7560"}]}
COMMAND: POST /session/e1c9c002d5d3447acc7ed8721565bd54/execute/sync - {"script":"<script> [5351 bytes]","args":[{"element-6066-11e4-a52e-4f735466cecf":"f.06DF9BC5D4F2FE6DCE5AA073CBC21D39.d.51DC2CB1F50672627B5A8924EDDAA06E.e.7560","ELEMENT":"f.06DF9BC5D4F2FE6DCE5AA073CBC21D39.d.51DC2CB1F50672627B5A8924EDDAA06E.e.7560"}]}
COMMAND: GET /session/e1c9c002d5d3447acc7ed8721565bd54/screenshot - {}
RESULT: {}
RESULT: {"script":"<script> [5351 bytes]","args":[{"element-6066-11e4-a52e-4f735466cecf":"f.06DF9BC5D4F2FE6DCE5AA073CBC21D39.d.51DC2CB1F50672627B5A8924EDDAA06E.e.7560","ELEMENT":"f.06DF9BC5D4F2FE6DCE5AA073CBC21D39.d.51DC2CB1F50672627B5A8924EDDAA06E.e.7560"}]}
COMMAND: GET /session/e1c9c002d5d3447acc7ed8721565bd54/screenshot - {}
RESULT: {}
RESULT: {}
COMMAND: POST /session/e1c9c002d5d3447acc7ed8721565bd54/element - {"using":"xpath","value":"//span[@id=\"application-managepartners-display-component---masterPtm--smartTable-header-inner\"]"}
RESULT: {"using":"xpath","value":"//span[@id=\"application-managepartners-display-component---masterPtm--smartTable-header-inner\"]"}
COMMAND: POST /session/e1c9c002d5d3447acc7ed8721565bd54/elements - {"using":"xpath","value":"//span[@id=\"application-managepartners-display-component---masterPtm--smartTable-header-inner\"]"}
RESULT: {"using":"xpath","value":"//span[@id=\"application-managepartners-display-component---masterPtm--smartTable-header-inner\"]"}
COMMAND: POST /session/e1c9c002d5d3447acc7ed8721565bd54/execute/sync - {"script":"<script> [56 bytes]","args":[{"element-6066-11e4-a52e-4f735466cecf":"f.06DF9BC5D4F2FE6DCE5AA073CBC21D39.d.51DC2CB1F50672627B5A8924EDDAA06E.e.7685","ELEMENT":"f.06DF9BC5D4F2FE6DCE5AA073CBC21D39.d.51DC2CB1F50672627B5A8924EDDAA06E.e.7685"}]}
RESULT: {"script":"<script> [56 bytes]","args":[{"element-6066-11e4-a52e-4f735466cecf":"f.06DF9BC5D4F2FE6DCE5AA073CBC21D39.d.51DC2CB1F50672627B5A8924EDDAA06E.e.7685","ELEMENT":"f.06DF9BC5D4F2FE6DCE5AA073CBC21D39.d.51DC2CB1F50672627B5A8924EDDAA06E.e.7685"}]}
RESULT: undefined
COMMAND: POST /session/e1c9c002d5d3447acc7ed8721565bd54/execute/async - {"script":"<script> [776 bytes]","args":[{"enterText":"External Partner WDIO","selector":{"id":"application-managepartners-display-component---masterPtm--smartFilterBar-btnBasicSearch","interaction":{"idSuffix":"I"}},"clearTextFirst":true,"interactionType":"ENTER_TEXT"}]}
COMMAND: GET /session/e1c9c002d5d3447acc7ed8721565bd54/screenshot - {}
RESULT: {"script":"<script> [776 bytes]","args":[{"enterText":"External Partner WDIO","selector":{"id":"application-managepartners-display-component---masterPtm--smartFilterBar-btnBasicSearch","interaction":{"idSuffix":"I"}},"clearTextFirst":true,"interactionType":"ENTER_TEXT"}]}
RESULT: {}
COMMAND: POST /session/e1c9c002d5d3447acc7ed8721565bd54/actions - {"actions":[{"id":"action25","type":"key","parameters":{},"actions":[{"type":"keyDown","value":""},{"type":"pause","duration":10},{"type":"keyUp","value":""}]}]}
RESULT: {"actions":[{"id":"action25","type":"key","parameters":{},"actions":[{"type":"keyDown","value":""},{"type":"pause","duration":10},{"type":"keyUp","value":""}]}]}
COMMAND: GET /session/e1c9c002d5d3447acc7ed8721565bd54/screenshot - {}
RESULT: {}
COMMAND: POST /session/e1c9c002d5d3447acc7ed8721565bd54/element - {"using":"xpath","value":"//span[@id=\"application-managepartners-display-component---masterPtm--smartTable-header-inner\"]"}
RESULT: {"using":"xpath","value":"//span[@id=\"application-managepartners-display-component---masterPtm--smartTable-header-inner\"]"}
COMMAND: POST /session/e1c9c002d5d3447acc7ed8721565bd54/elements - {"using":"xpath","value":"//span[@id=\"application-managepartners-display-component---masterPtm--smartTable-header-inner\"]"}
RESULT: {"using":"xpath","value":"//span[@id=\"application-managepartners-display-component---masterPtm--smartTable-header-inner\"]"}
COMMAND: POST /session/e1c9c002d5d3447acc7ed8721565bd54/execute/sync - {"script":"<script> [56 bytes]","args":[{"element-6066-11e4-a52e-4f735466cecf":"f.06DF9BC5D4F2FE6DCE5AA073CBC21D39.d.51DC2CB1F50672627B5A8924EDDAA06E.e.7685","ELEMENT":"f.06DF9BC5D4F2FE6DCE5AA073CBC21D39.d.51DC2CB1F50672627B5A8924EDDAA06E.e.7685"}]}
RESULT: {"script":"<script> [56 bytes]","args":[{"element-6066-11e4-a52e-4f735466cecf":"f.06DF9BC5D4F2FE6DCE5AA073CBC21D39.d.51DC2CB1F50672627B5A8924EDDAA06E.e.7685","ELEMENT":"f.06DF9BC5D4F2FE6DCE5AA073CBC21D39.d.51DC2CB1F50672627B5A8924EDDAA06E.e.7685"}]}
COMMAND: POST /session/e1c9c002d5d3447acc7ed8721565bd54/element - {"using":"xpath","value":"//div[contains(@id, \"managepartners-display-component---masterPtm--smartFilterBar-btnBasicSearch-reset\")]"}
COMMAND: GET /session/e1c9c002d5d3447acc7ed8721565bd54/screenshot - {}
RESULT: {"using":"xpath","value":"//div[contains(@id, \"managepartners-display-component---masterPtm--smartFilterBar-btnBasicSearch-reset\")]"}
COMMAND: POST /session/e1c9c002d5d3447acc7ed8721565bd54/element/f.06DF9BC5D4F2FE6DCE5AA073CBC21D39.d.51DC2CB1F50672627B5A8924EDDAA06E.e.7768/click - {}
RESULT: {}
RESULT: {}
COMMAND: GET /session/e1c9c002d5d3447acc7ed8721565bd54/screenshot - {}
RESULT: {}
COMMAND: POST /session/e1c9c002d5d3447acc7ed8721565bd54/execute/async - {"script":"<script> [1562 bytes]","args":[{"selector":{"id":"application-managepartners-display-component---masterPtm--smartFilterBar-filterItemControl_BASIC-MAIN_ADDRESS-vhi"},"wdio_ui5_key":"applicationmanagepartners-display-component---masterPtm--smartFilterBar-filterItemControl_BASIC-MAIN_ADDRESS-vhi"}]}
RESULT: {"script":"<script> [1562 bytes]","args":[{"selector":{"id":"application-managepartners-display-component---masterPtm--smartFilterBar-filterItemControl_BASIC-MAIN_ADDRESS-vhi"},"wdio_ui5_key":"applicationmanagepartners-display-component---masterPtm--smartFilterBar-filterItemControl_BASIC-MAIN_ADDRESS-vhi"}]}
RESULT: undefined
COMMAND: POST /session/e1c9c002d5d3447acc7ed8721565bd54/element - {"using":"xpath","value":"//*[@id=\"application-managepartners-display-component---masterPtm--smartFilterBar-filterItemControl_BASIC-MAIN_ADDRESS-vhi\"]"}
RESULT: {"using":"xpath","value":"//*[@id=\"application-managepartners-display-component---masterPtm--smartFilterBar-filterItemControl_BASIC-MAIN_ADDRESS-vhi\"]"}
COMMAND: POST /session/e1c9c002d5d3447acc7ed8721565bd54/element/f.06DF9BC5D4F2FE6DCE5AA073CBC21D39.d.51DC2CB1F50672627B5A8924EDDAA06E.e.7849/click - {}
RESULT: {}
COMMAND: GET /session/e1c9c002d5d3447acc7ed8721565bd54/screenshot - {}
RESULT: {}
COMMAND: POST /session/e1c9c002d5d3447acc7ed8721565bd54/execute/async - {"script":"<script> [1562 bytes]","args":[{"selector":{"id":"application-managepartners-display-component---masterPtm--smartFilterBar-filterItemControl_BASIC-MAIN_ADDRESS-valueHelpDialog-smartFilterBar-btnBasicSearch","searchOpenDialogs":true,"interaction":{"idSuffix":"I"}},"wdio_ui5_key":"applicationmanagepartners-display-component---masterPtm--smartFilterBar-filterItemControl_BASIC-MAIN_ADDRESS-valueHelpDialog-smartFilterBar-btnBasicSearch"}]}
RESULT: {"script":"<script> [1562 bytes]","args":[{"selector":{"id":"application-managepartners-display-component---masterPtm--smartFilterBar-filterItemControl_BASIC-MAIN_ADDRESS-valueHelpDialog-smartFilterBar-btnBasicSearch","searchOpenDialogs":true,"interaction":{"idSuffix":"I"}},"wdio_ui5_key":"applicationmanagepartners-display-component---masterPtm--smartFilterBar-filterItemControl_BASIC-MAIN_ADDRESS-valueHelpDialog-smartFilterBar-btnBasicSearch"}]}
RESULT: undefined
COMMAND: POST /session/e1c9c002d5d3447acc7ed8721565bd54/execute/async - {"script":"<script> [776 bytes]","args":[{"enterText":"Romania","selector":{"id":"application-managepartners-display-component---masterPtm--smartFilterBar-filterItemControl_BASIC-MAIN_ADDRESS-valueHelpDialog-smartFilterBar-btnBasicSearch","searchOpenDialogs":true,"interaction":{"idSuffix":"I"}},"clearTextFirst":true,"interactionType":"ENTER_TEXT"}]}
RESULT: {"script":"<script> [776 bytes]","args":[{"enterText":"Romania","selector":{"id":"application-managepartners-display-component---masterPtm--smartFilterBar-filterItemControl_BASIC-MAIN_ADDRESS-valueHelpDialog-smartFilterBar-btnBasicSearch","searchOpenDialogs":true,"interaction":{"idSuffix":"I"}},"clearTextFirst":true,"interactionType":"ENTER_TEXT"}]}
COMMAND: POST /session/e1c9c002d5d3447acc7ed8721565bd54/actions - {"actions":[{"id":"action26","type":"key","parameters":{},"actions":[{"type":"keyDown","value":""},{"type":"pause","duration":10},{"type":"keyUp","value":""}]}]}
RESULT: {"actions":[{"id":"action26","type":"key","parameters":{},"actions":[{"type":"keyDown","value":""},{"type":"pause","duration":10},{"type":"keyUp","value":""}]}]}
COMMAND: POST /session/e1c9c002d5d3447acc7ed8721565bd54/elements - {"using":"xpath","value":"//table[contains(@id, \"smartFilterBar-filterItemControl_BASIC-MAIN_ADDRESS-valueHelpDialog-table-table\")]/tbody/tr"}
COMMAND: GET /session/e1c9c002d5d3447acc7ed8721565bd54/screenshot - {}
RESULT: {"using":"xpath","value":"//table[contains(@id, \"smartFilterBar-filterItemControl_BASIC-MAIN_ADDRESS-valueHelpDialog-table-table\")]/tbody/tr"}
COMMAND: POST /session/e1c9c002d5d3447acc7ed8721565bd54/element - {"using":"xpath","value":"//table[contains(@id, \"smartFilterBar-filterItemControl_BASIC-MAIN_ADDRESS-valueHelpDialog-table-table\")]/tbody/tr[1]/td[1]/div/span"}
RESULT: {}
RESULT: {"using":"xpath","value":"//table[contains(@id, \"smartFilterBar-filterItemControl_BASIC-MAIN_ADDRESS-valueHelpDialog-table-table\")]/tbody/tr[1]/td[1]/div/span"}
COMMAND: POST /session/e1c9c002d5d3447acc7ed8721565bd54/elements - {"using":"xpath","value":"//table[contains(@id, \"smartFilterBar-filterItemControl_BASIC-MAIN_ADDRESS-valueHelpDialog-table-table\")]/tbody/tr[1]/td[1]/div/span"}
RESULT: {"using":"xpath","value":"//table[contains(@id, \"smartFilterBar-filterItemControl_BASIC-MAIN_ADDRESS-valueHelpDialog-table-table\")]/tbody/tr[1]/td[1]/div/span"}
COMMAND: POST /session/e1c9c002d5d3447acc7ed8721565bd54/execute/sync - {"script":"<script> [56 bytes]","args":[{"element-6066-11e4-a52e-4f735466cecf":"f.06DF9BC5D4F2FE6DCE5AA073CBC21D39.d.51DC2CB1F50672627B5A8924EDDAA06E.e.7871","ELEMENT":"f.06DF9BC5D4F2FE6DCE5AA073CBC21D39.d.51DC2CB1F50672627B5A8924EDDAA06E.e.7871"}]}
RESULT: {"script":"<script> [56 bytes]","args":[{"element-6066-11e4-a52e-4f735466cecf":"f.06DF9BC5D4F2FE6DCE5AA073CBC21D39.d.51DC2CB1F50672627B5A8924EDDAA06E.e.7871","ELEMENT":"f.06DF9BC5D4F2FE6DCE5AA073CBC21D39.d.51DC2CB1F50672627B5A8924EDDAA06E.e.7871"}]}
COMMAND: POST /session/e1c9c002d5d3447acc7ed8721565bd54/element - {"using":"xpath","value":"//div[contains(@id, \"filterItemControl_BASIC-MAIN_ADDRESS-valueHelpDialog-table-rowsel0\")]"}
COMMAND: GET /session/e1c9c002d5d3447acc7ed8721565bd54/screenshot - {}
RESULT: {"using":"xpath","value":"//div[contains(@id, \"filterItemControl_BASIC-MAIN_ADDRESS-valueHelpDialog-table-rowsel0\")]"}
COMMAND: POST /session/e1c9c002d5d3447acc7ed8721565bd54/element/f.06DF9BC5D4F2FE6DCE5AA073CBC21D39.d.51DC2CB1F50672627B5A8924EDDAA06E.e.7872/click - {}
RESULT: {}
RESULT: {}
COMMAND: GET /session/e1c9c002d5d3447acc7ed8721565bd54/screenshot - {}
RESULT: {}
COMMAND: POST /session/e1c9c002d5d3447acc7ed8721565bd54/element - {"using":"xpath","value":"(//bdi[contains(text(), \"OK\")])[1]"}
RESULT: {"using":"xpath","value":"(//bdi[contains(text(), \"OK\")])[1]"}
COMMAND: POST /session/e1c9c002d5d3447acc7ed8721565bd54/element/f.06DF9BC5D4F2FE6DCE5AA073CBC21D39.d.51DC2CB1F50672627B5A8924EDDAA06E.e.7874/click - {}
RESULT: {}
COMMAND: GET /session/e1c9c002d5d3447acc7ed8721565bd54/screenshot - {}
RESULT: {}
COMMAND: POST /session/e1c9c002d5d3447acc7ed8721565bd54/element - {"using":"xpath","value":"//span[@id=\"application-managepartners-display-component---masterPtm--smartTable-header-inner\"]"}
RESULT: {"using":"xpath","value":"//span[@id=\"application-managepartners-display-component---masterPtm--smartTable-header-inner\"]"}
COMMAND: POST /session/e1c9c002d5d3447acc7ed8721565bd54/elements - {"using":"xpath","value":"//span[@id=\"application-managepartners-display-component---masterPtm--smartTable-header-inner\"]"}
RESULT: {"using":"xpath","value":"//span[@id=\"application-managepartners-display-component---masterPtm--smartTable-header-inner\"]"}
COMMAND: POST /session/e1c9c002d5d3447acc7ed8721565bd54/execute/sync - {"script":"<script> [56 bytes]","args":[{"element-6066-11e4-a52e-4f735466cecf":"f.06DF9BC5D4F2FE6DCE5AA073CBC21D39.d.51DC2CB1F50672627B5A8924EDDAA06E.e.7685","ELEMENT":"f.06DF9BC5D4F2FE6DCE5AA073CBC21D39.d.51DC2CB1F50672627B5A8924EDDAA06E.e.7685"}]}
RESULT: {"script":"<script> [56 bytes]","args":[{"element-6066-11e4-a52e-4f735466cecf":"f.06DF9BC5D4F2FE6DCE5AA073CBC21D39.d.51DC2CB1F50672627B5A8924EDDAA06E.e.7685","ELEMENT":"f.06DF9BC5D4F2FE6DCE5AA073CBC21D39.d.51DC2CB1F50672627B5A8924EDDAA06E.e.7685"}]}
COMMAND: POST /session/e1c9c002d5d3447acc7ed8721565bd54/element - {"using":"xpath","value":"//span[contains(@title, \"Remove\")]"}
COMMAND: GET /session/e1c9c002d5d3447acc7ed8721565bd54/screenshot - {}
RESULT: {"using":"xpath","value":"//span[contains(@title, \"Remove\")]"}
COMMAND: POST /session/e1c9c002d5d3447acc7ed8721565bd54/element/f.06DF9BC5D4F2FE6DCE5AA073CBC21D39.d.51DC2CB1F50672627B5A8924EDDAA06E.e.7888/click - {}
RESULT: {}
RESULT: {}
COMMAND: GET /session/e1c9c002d5d3447acc7ed8721565bd54/screenshot - {}
RESULT: {}
COMMAND: POST /session/e1c9c002d5d3447acc7ed8721565bd54/element - {"using":"xpath","value":"//span[@id=\"application-managepartners-display-component---masterPtm--smartTable-header-inner\"]"}
RESULT: {"using":"xpath","value":"//span[@id=\"application-managepartners-display-component---masterPtm--smartTable-header-inner\"]"}
COMMAND: POST /session/e1c9c002d5d3447acc7ed8721565bd54/elements - {"using":"xpath","value":"//span[@id=\"application-managepartners-display-component---masterPtm--smartTable-header-inner\"]"}
RESULT: {"using":"xpath","value":"//span[@id=\"application-managepartners-display-component---masterPtm--smartTable-header-inner\"]"}
COMMAND: POST /session/e1c9c002d5d3447acc7ed8721565bd54/execute/sync - {"script":"<script> [56 bytes]","args":[{"element-6066-11e4-a52e-4f735466cecf":"f.06DF9BC5D4F2FE6DCE5AA073CBC21D39.d.51DC2CB1F50672627B5A8924EDDAA06E.e.7685","ELEMENT":"f.06DF9BC5D4F2FE6DCE5AA073CBC21D39.d.51DC2CB1F50672627B5A8924EDDAA06E.e.7685"}]}
RESULT: {"script":"<script> [56 bytes]","args":[{"element-6066-11e4-a52e-4f735466cecf":"f.06DF9BC5D4F2FE6DCE5AA073CBC21D39.d.51DC2CB1F50672627B5A8924EDDAA06E.e.7685","ELEMENT":"f.06DF9BC5D4F2FE6DCE5AA073CBC21D39.d.51DC2CB1F50672627B5A8924EDDAA06E.e.7685"}]}
COMMAND: POST /session/e1c9c002d5d3447acc7ed8721565bd54/execute/async - {"script":"<script> [1562 bytes]","args":[{"selector":{"id":"application-managepartners-display-component---masterPtm--smartFilterBar-filterItemControl_BASIC-YARD-vhi"},"wdio_ui5_key":"applicationmanagepartners-display-component---masterPtm--smartFilterBar-filterItemControl_BASIC-YARD-vhi"}]}
COMMAND: GET /session/e1c9c002d5d3447acc7ed8721565bd54/screenshot - {}
RESULT: {"script":"<script> [1562 bytes]","args":[{"selector":{"id":"application-managepartners-display-component---masterPtm--smartFilterBar-filterItemControl_BASIC-YARD-vhi"},"wdio_ui5_key":"applicationmanagepartners-display-component---masterPtm--smartFilterBar-filterItemControl_BASIC-YARD-vhi"}]}
RESULT: undefined
COMMAND: POST /session/e1c9c002d5d3447acc7ed8721565bd54/element - {"using":"xpath","value":"//*[@id=\"application-managepartners-display-component---masterPtm--smartFilterBar-filterItemControl_BASIC-YARD-vhi\"]"}
RESULT: {}
RESULT: {"using":"xpath","value":"//*[@id=\"application-managepartners-display-component---masterPtm--smartFilterBar-filterItemControl_BASIC-YARD-vhi\"]"}
COMMAND: POST /session/e1c9c002d5d3447acc7ed8721565bd54/element/f.06DF9BC5D4F2FE6DCE5AA073CBC21D39.d.51DC2CB1F50672627B5A8924EDDAA06E.e.7993/click - {}
RESULT: {}
COMMAND: GET /session/e1c9c002d5d3447acc7ed8721565bd54/screenshot - {}
RESULT: {}
COMMAND: POST /session/e1c9c002d5d3447acc7ed8721565bd54/execute/async - {"script":"<script> [1562 bytes]","args":[{"selector":{"id":"application-managepartners-display-component---masterPtm--smartFilterBar-filterItemControl_BASIC-YARD-valueHelpDialog-smartFilterBar-btnBasicSearch","searchOpenDialogs":true,"interaction":{"idSuffix":"I"}},"wdio_ui5_key":"applicationmanagepartners-display-component---masterPtm--smartFilterBar-filterItemControl_BASIC-YARD-valueHelpDialog-smartFilterBar-btnBasicSearch"}]}
RESULT: {"script":"<script> [1562 bytes]","args":[{"selector":{"id":"application-managepartners-display-component---masterPtm--smartFilterBar-filterItemControl_BASIC-YARD-valueHelpDialog-smartFilterBar-btnBasicSearch","searchOpenDialogs":true,"interaction":{"idSuffix":"I"}},"wdio_ui5_key":"applicationmanagepartners-display-component---masterPtm--smartFilterBar-filterItemControl_BASIC-YARD-valueHelpDialog-smartFilterBar-btnBasicSearch"}]}
RESULT: undefined
COMMAND: POST /session/e1c9c002d5d3447acc7ed8721565bd54/execute/async - {"script":"<script> [776 bytes]","args":[{"enterText":"Test","selector":{"id":"application-managepartners-display-component---masterPtm--smartFilterBar-filterItemControl_BASIC-YARD-valueHelpDialog-smartFilterBar-btnBasicSearch","searchOpenDialogs":true,"interaction":{"idSuffix":"I"}},"clearTextFirst":true,"interactionType":"ENTER_TEXT"}]}
RESULT: {"script":"<script> [776 bytes]","args":[{"enterText":"Test","selector":{"id":"application-managepartners-display-component---masterPtm--smartFilterBar-filterItemControl_BASIC-YARD-valueHelpDialog-smartFilterBar-btnBasicSearch","searchOpenDialogs":true,"interaction":{"idSuffix":"I"}},"clearTextFirst":true,"interactionType":"ENTER_TEXT"}]}
COMMAND: POST /session/e1c9c002d5d3447acc7ed8721565bd54/actions - {"actions":[{"id":"action27","type":"key","parameters":{},"actions":[{"type":"keyDown","value":""},{"type":"pause","duration":10},{"type":"keyUp","value":""}]}]}
RESULT: {"actions":[{"id":"action27","type":"key","parameters":{},"actions":[{"type":"keyDown","value":""},{"type":"pause","duration":10},{"type":"keyUp","value":""}]}]}
COMMAND: POST /session/e1c9c002d5d3447acc7ed8721565bd54/elements - {"using":"xpath","value":"//table[contains(@id, \"smartFilterBar-filterItemControl_BASIC-YARD-valueHelpDialog-table-table\")]/tbody/tr"}
COMMAND: GET /session/e1c9c002d5d3447acc7ed8721565bd54/screenshot - {}
RESULT: {"using":"xpath","value":"//table[contains(@id, \"smartFilterBar-filterItemControl_BASIC-YARD-valueHelpDialog-table-table\")]/tbody/tr"}
COMMAND: POST /session/e1c9c002d5d3447acc7ed8721565bd54/element - {"using":"xpath","value":"//table[contains(@id, \"smartFilterBar-filterItemControl_BASIC-YARD-valueHelpDialog-table-table\")]/tbody/tr[1]/td[1]/div/span"}
RESULT: {}
RESULT: {"using":"xpath","value":"//table[contains(@id, \"smartFilterBar-filterItemControl_BASIC-YARD-valueHelpDialog-table-table\")]/tbody/tr[1]/td[1]/div/span"}
COMMAND: POST /session/e1c9c002d5d3447acc7ed8721565bd54/elements - {"using":"xpath","value":"//table[contains(@id, \"smartFilterBar-filterItemControl_BASIC-YARD-valueHelpDialog-table-table\")]/tbody/tr[1]/td[1]/div/span"}
RESULT: {"using":"xpath","value":"//table[contains(@id, \"smartFilterBar-filterItemControl_BASIC-YARD-valueHelpDialog-table-table\")]/tbody/tr[1]/td[1]/div/span"}
COMMAND: POST /session/e1c9c002d5d3447acc7ed8721565bd54/execute/sync - {"script":"<script> [56 bytes]","args":[{"element-6066-11e4-a52e-4f735466cecf":"f.06DF9BC5D4F2FE6DCE5AA073CBC21D39.d.51DC2CB1F50672627B5A8924EDDAA06E.e.8016","ELEMENT":"f.06DF9BC5D4F2FE6DCE5AA073CBC21D39.d.51DC2CB1F50672627B5A8924EDDAA06E.e.8016"}]}
RESULT: {"script":"<script> [56 bytes]","args":[{"element-6066-11e4-a52e-4f735466cecf":"f.06DF9BC5D4F2FE6DCE5AA073CBC21D39.d.51DC2CB1F50672627B5A8924EDDAA06E.e.8016","ELEMENT":"f.06DF9BC5D4F2FE6DCE5AA073CBC21D39.d.51DC2CB1F50672627B5A8924EDDAA06E.e.8016"}]}
COMMAND: POST /session/e1c9c002d5d3447acc7ed8721565bd54/element - {"using":"xpath","value":"//table[contains(@id, \"smartFilterBar-filterItemControl_BASIC-YARD-valueHelpDialog-table-table\")]/tbody/tr[2]/td[1]/div/span"}
COMMAND: GET /session/e1c9c002d5d3447acc7ed8721565bd54/screenshot - {}
RESULT: {"using":"xpath","value":"//table[contains(@id, \"smartFilterBar-filterItemControl_BASIC-YARD-valueHelpDialog-table-table\")]/tbody/tr[2]/td[1]/div/span"}
COMMAND: POST /session/e1c9c002d5d3447acc7ed8721565bd54/elements - {"using":"xpath","value":"//table[contains(@id, \"smartFilterBar-filterItemControl_BASIC-YARD-valueHelpDialog-table-table\")]/tbody/tr[2]/td[1]/div/span"}
RESULT: {}
RESULT: {"using":"xpath","value":"//table[contains(@id, \"smartFilterBar-filterItemControl_BASIC-YARD-valueHelpDialog-table-table\")]/tbody/tr[2]/td[1]/div/span"}
COMMAND: POST /session/e1c9c002d5d3447acc7ed8721565bd54/execute/sync - {"script":"<script> [56 bytes]","args":[{"element-6066-11e4-a52e-4f735466cecf":"f.06DF9BC5D4F2FE6DCE5AA073CBC21D39.d.51DC2CB1F50672627B5A8924EDDAA06E.e.8017","ELEMENT":"f.06DF9BC5D4F2FE6DCE5AA073CBC21D39.d.51DC2CB1F50672627B5A8924EDDAA06E.e.8017"}]}
RESULT: {"script":"<script> [56 bytes]","args":[{"element-6066-11e4-a52e-4f735466cecf":"f.06DF9BC5D4F2FE6DCE5AA073CBC21D39.d.51DC2CB1F50672627B5A8924EDDAA06E.e.8017","ELEMENT":"f.06DF9BC5D4F2FE6DCE5AA073CBC21D39.d.51DC2CB1F50672627B5A8924EDDAA06E.e.8017"}]}
COMMAND: POST /session/e1c9c002d5d3447acc7ed8721565bd54/element - {"using":"xpath","value":"//table[contains(@id, \"smartFilterBar-filterItemControl_BASIC-YARD-valueHelpDialog-table-table\")]/tbody/tr[3]/td[1]/div/span"}
COMMAND: GET /session/e1c9c002d5d3447acc7ed8721565bd54/screenshot - {}
RESULT: {"using":"xpath","value":"//table[contains(@id, \"smartFilterBar-filterItemControl_BASIC-YARD-valueHelpDialog-table-table\")]/tbody/tr[3]/td[1]/div/span"}
COMMAND: POST /session/e1c9c002d5d3447acc7ed8721565bd54/elements - {"using":"xpath","value":"//table[contains(@id, \"smartFilterBar-filterItemControl_BASIC-YARD-valueHelpDialog-table-table\")]/tbody/tr[3]/td[1]/div/span"}
RESULT: {}
RESULT: {"using":"xpath","value":"//table[contains(@id, \"smartFilterBar-filterItemControl_BASIC-YARD-valueHelpDialog-table-table\")]/tbody/tr[3]/td[1]/div/span"}
COMMAND: POST /session/e1c9c002d5d3447acc7ed8721565bd54/execute/sync - {"script":"<script> [56 bytes]","args":[{"element-6066-11e4-a52e-4f735466cecf":"f.06DF9BC5D4F2FE6DCE5AA073CBC21D39.d.51DC2CB1F50672627B5A8924EDDAA06E.e.8018","ELEMENT":"f.06DF9BC5D4F2FE6DCE5AA073CBC21D39.d.51DC2CB1F50672627B5A8924EDDAA06E.e.8018"}]}
RESULT: {"script":"<script> [56 bytes]","args":[{"element-6066-11e4-a52e-4f735466cecf":"f.06DF9BC5D4F2FE6DCE5AA073CBC21D39.d.51DC2CB1F50672627B5A8924EDDAA06E.e.8018","ELEMENT":"f.06DF9BC5D4F2FE6DCE5AA073CBC21D39.d.51DC2CB1F50672627B5A8924EDDAA06E.e.8018"}]}
COMMAND: POST /session/e1c9c002d5d3447acc7ed8721565bd54/element - {"using":"xpath","value":"//div[contains(@id, \"filterItemControl_BASIC-YARD-valueHelpDialog-table-rowsel2\")]"}
COMMAND: GET /session/e1c9c002d5d3447acc7ed8721565bd54/screenshot - {}
RESULT: {"using":"xpath","value":"//div[contains(@id, \"filterItemControl_BASIC-YARD-valueHelpDialog-table-rowsel2\")]"}
COMMAND: POST /session/e1c9c002d5d3447acc7ed8721565bd54/element/f.06DF9BC5D4F2FE6DCE5AA073CBC21D39.d.51DC2CB1F50672627B5A8924EDDAA06E.e.8019/click - {}
RESULT: {}
RESULT: {}
COMMAND: GET /session/e1c9c002d5d3447acc7ed8721565bd54/screenshot - {}
RESULT: {}
COMMAND: POST /session/e1c9c002d5d3447acc7ed8721565bd54/element - {"using":"xpath","value":"(//bdi[contains(text(), \"OK\")])[1]"}
RESULT: {"using":"xpath","value":"(//bdi[contains(text(), \"OK\")])[1]"}
COMMAND: POST /session/e1c9c002d5d3447acc7ed8721565bd54/element/f.06DF9BC5D4F2FE6DCE5AA073CBC21D39.d.51DC2CB1F50672627B5A8924EDDAA06E.e.8021/click - {}
RESULT: {}
COMMAND: GET /session/e1c9c002d5d3447acc7ed8721565bd54/screenshot - {}
RESULT: {}
COMMAND: POST /session/e1c9c002d5d3447acc7ed8721565bd54/element - {"using":"xpath","value":"//span[@id=\"application-managepartners-display-component---masterPtm--smartTable-header-inner\"]"}
RESULT: {"using":"xpath","value":"//span[@id=\"application-managepartners-display-component---masterPtm--smartTable-header-inner\"]"}
COMMAND: POST /session/e1c9c002d5d3447acc7ed8721565bd54/elements - {"using":"xpath","value":"//span[@id=\"application-managepartners-display-component---masterPtm--smartTable-header-inner\"]"}
RESULT: {"using":"xpath","value":"//span[@id=\"application-managepartners-display-component---masterPtm--smartTable-header-inner\"]"}
COMMAND: POST /session/e1c9c002d5d3447acc7ed8721565bd54/execute/sync - {"script":"<script> [56 bytes]","args":[{"element-6066-11e4-a52e-4f735466cecf":"f.06DF9BC5D4F2FE6DCE5AA073CBC21D39.d.51DC2CB1F50672627B5A8924EDDAA06E.e.7685","ELEMENT":"f.06DF9BC5D4F2FE6DCE5AA073CBC21D39.d.51DC2CB1F50672627B5A8924EDDAA06E.e.7685"}]}
RESULT: {"script":"<script> [56 bytes]","args":[{"element-6066-11e4-a52e-4f735466cecf":"f.06DF9BC5D4F2FE6DCE5AA073CBC21D39.d.51DC2CB1F50672627B5A8924EDDAA06E.e.7685","ELEMENT":"f.06DF9BC5D4F2FE6DCE5AA073CBC21D39.d.51DC2CB1F50672627B5A8924EDDAA06E.e.7685"}]}
COMMAND: POST /session/e1c9c002d5d3447acc7ed8721565bd54/element - {"using":"xpath","value":"//span[contains(@title, \"Remove\")]"}
COMMAND: GET /session/e1c9c002d5d3447acc7ed8721565bd54/screenshot - {}
RESULT: {"using":"xpath","value":"//span[contains(@title, \"Remove\")]"}
COMMAND: POST /session/e1c9c002d5d3447acc7ed8721565bd54/element/f.06DF9BC5D4F2FE6DCE5AA073CBC21D39.d.51DC2CB1F50672627B5A8924EDDAA06E.e.8034/click - {}
RESULT: {}
RESULT: {}
COMMAND: GET /session/e1c9c002d5d3447acc7ed8721565bd54/screenshot - {}
RESULT: {}
COMMAND: POST /session/e1c9c002d5d3447acc7ed8721565bd54/element - {"using":"xpath","value":"//span[@id=\"application-managepartners-display-component---masterPtm--smartTable-header-inner\"]"}
RESULT: {"using":"xpath","value":"//span[@id=\"application-managepartners-display-component---masterPtm--smartTable-header-inner\"]"}
COMMAND: POST /session/e1c9c002d5d3447acc7ed8721565bd54/elements - {"using":"xpath","value":"//span[@id=\"application-managepartners-display-component---masterPtm--smartTable-header-inner\"]"}
RESULT: {"using":"xpath","value":"//span[@id=\"application-managepartners-display-component---masterPtm--smartTable-header-inner\"]"}
COMMAND: POST /session/e1c9c002d5d3447acc7ed8721565bd54/execute/sync - {"script":"<script> [56 bytes]","args":[{"element-6066-11e4-a52e-4f735466cecf":"f.06DF9BC5D4F2FE6DCE5AA073CBC21D39.d.51DC2CB1F50672627B5A8924EDDAA06E.e.7685","ELEMENT":"f.06DF9BC5D4F2FE6DCE5AA073CBC21D39.d.51DC2CB1F50672627B5A8924EDDAA06E.e.7685"}]}
RESULT: {"script":"<script> [56 bytes]","args":[{"element-6066-11e4-a52e-4f735466cecf":"f.06DF9BC5D4F2FE6DCE5AA073CBC21D39.d.51DC2CB1F50672627B5A8924EDDAA06E.e.7685","ELEMENT":"f.06DF9BC5D4F2FE6DCE5AA073CBC21D39.d.51DC2CB1F50672627B5A8924EDDAA06E.e.7685"}]}
COMMAND: POST /session/e1c9c002d5d3447acc7ed8721565bd54/execute/async - {"script":"<script> [1562 bytes]","args":[{"selector":{"id":"application-managepartners-display-component---masterPtm--smartFilterBar-filterItemControl_BASIC-ALL_TAGS-vhi"},"wdio_ui5_key":"applicationmanagepartners-display-component---masterPtm--smartFilterBar-filterItemControl_BASIC-ALL_TAGS-vhi"}]}
COMMAND: GET /session/e1c9c002d5d3447acc7ed8721565bd54/screenshot - {}
RESULT: {"script":"<script> [1562 bytes]","args":[{"selector":{"id":"application-managepartners-display-component---masterPtm--smartFilterBar-filterItemControl_BASIC-ALL_TAGS-vhi"},"wdio_ui5_key":"applicationmanagepartners-display-component---masterPtm--smartFilterBar-filterItemControl_BASIC-ALL_TAGS-vhi"}]}
RESULT: undefined
COMMAND: POST /session/e1c9c002d5d3447acc7ed8721565bd54/element - {"using":"xpath","value":"//*[@id=\"application-managepartners-display-component---masterPtm--smartFilterBar-filterItemControl_BASIC-ALL_TAGS-vhi\"]"}
RESULT: {}
RESULT: {"using":"xpath","value":"//*[@id=\"application-managepartners-display-component---masterPtm--smartFilterBar-filterItemControl_BASIC-ALL_TAGS-vhi\"]"}
COMMAND: POST /session/e1c9c002d5d3447acc7ed8721565bd54/element/f.06DF9BC5D4F2FE6DCE5AA073CBC21D39.d.51DC2CB1F50672627B5A8924EDDAA06E.e.8137/click - {}
RESULT: {}
COMMAND: GET /session/e1c9c002d5d3447acc7ed8721565bd54/screenshot - {}
RESULT: {}
COMMAND: POST /session/e1c9c002d5d3447acc7ed8721565bd54/execute/async - {"script":"<script> [1562 bytes]","args":[{"selector":{"id":"application-managepartners-display-component---masterPtm--smartFilterBar-filterItemControl_BASIC-ALL_TAGS-valueHelpDialog-smartFilterBar-btnBasicSearch","searchOpenDialogs":true,"interaction":{"idSuffix":"I"}},"wdio_ui5_key":"applicationmanagepartners-display-component---masterPtm--smartFilterBar-filterItemControl_BASIC-ALL_TAGS-valueHelpDialog-smartFilterBar-btnBasicSearch"}]}
RESULT: {"script":"<script> [1562 bytes]","args":[{"selector":{"id":"application-managepartners-display-component---masterPtm--smartFilterBar-filterItemControl_BASIC-ALL_TAGS-valueHelpDialog-smartFilterBar-btnBasicSearch","searchOpenDialogs":true,"interaction":{"idSuffix":"I"}},"wdio_ui5_key":"applicationmanagepartners-display-component---masterPtm--smartFilterBar-filterItemControl_BASIC-ALL_TAGS-valueHelpDialog-smartFilterBar-btnBasicSearch"}]}
RESULT: undefined
COMMAND: POST /session/e1c9c002d5d3447acc7ed8721565bd54/execute/async - {"script":"<script> [776 bytes]","args":[{"enterText":"test-tag-1","selector":{"id":"application-managepartners-display-component---masterPtm--smartFilterBar-filterItemControl_BASIC-ALL_TAGS-valueHelpDialog-smartFilterBar-btnBasicSearch","searchOpenDialogs":true,"interaction":{"idSuffix":"I"}},"clearTextFirst":true,"interactionType":"ENTER_TEXT"}]}
RESULT: {"script":"<script> [776 bytes]","args":[{"enterText":"test-tag-1","selector":{"id":"application-managepartners-display-component---masterPtm--smartFilterBar-filterItemControl_BASIC-ALL_TAGS-valueHelpDialog-smartFilterBar-btnBasicSearch","searchOpenDialogs":true,"interaction":{"idSuffix":"I"}},"clearTextFirst":true,"interactionType":"ENTER_TEXT"}]}
COMMAND: POST /session/e1c9c002d5d3447acc7ed8721565bd54/actions - {"actions":[{"id":"action28","type":"key","parameters":{},"actions":[{"type":"keyDown","value":""},{"type":"pause","duration":10},{"type":"keyUp","value":""}]}]}
RESULT: {"actions":[{"id":"action28","type":"key","parameters":{},"actions":[{"type":"keyDown","value":""},{"type":"pause","duration":10},{"type":"keyUp","value":""}]}]}
COMMAND: POST /session/e1c9c002d5d3447acc7ed8721565bd54/elements - {"using":"xpath","value":"//table[contains(@id, \"smartFilterBar-filterItemControl_BASIC-ALL_TAGS-valueHelpDialog-table-table\")]/tbody/tr"}
COMMAND: GET /session/e1c9c002d5d3447acc7ed8721565bd54/screenshot - {}
RESULT: {"using":"xpath","value":"//table[contains(@id, \"smartFilterBar-filterItemControl_BASIC-ALL_TAGS-valueHelpDialog-table-table\")]/tbody/tr"}
COMMAND: POST /session/e1c9c002d5d3447acc7ed8721565bd54/element - {"using":"xpath","value":"//table[contains(@id, \"smartFilterBar-filterItemControl_BASIC-ALL_TAGS-valueHelpDialog-table-table\")]/tbody/tr[1]/td[1]/div/span"}
RESULT: {}
RESULT: {"using":"xpath","value":"//table[contains(@id, \"smartFilterBar-filterItemControl_BASIC-ALL_TAGS-valueHelpDialog-table-table\")]/tbody/tr[1]/td[1]/div/span"}
COMMAND: POST /session/e1c9c002d5d3447acc7ed8721565bd54/elements - {"using":"xpath","value":"//table[contains(@id, \"smartFilterBar-filterItemControl_BASIC-ALL_TAGS-valueHelpDialog-table-table\")]/tbody/tr[1]/td[1]/div/span"}
RESULT: {"using":"xpath","value":"//table[contains(@id, \"smartFilterBar-filterItemControl_BASIC-ALL_TAGS-valueHelpDialog-table-table\")]/tbody/tr[1]/td[1]/div/span"}
COMMAND: POST /session/e1c9c002d5d3447acc7ed8721565bd54/execute/sync - {"script":"<script> [56 bytes]","args":[{"element-6066-11e4-a52e-4f735466cecf":"f.06DF9BC5D4F2FE6DCE5AA073CBC21D39.d.51DC2CB1F50672627B5A8924EDDAA06E.e.8158","ELEMENT":"f.06DF9BC5D4F2FE6DCE5AA073CBC21D39.d.51DC2CB1F50672627B5A8924EDDAA06E.e.8158"}]}
RESULT: {"script":"<script> [56 bytes]","args":[{"element-6066-11e4-a52e-4f735466cecf":"f.06DF9BC5D4F2FE6DCE5AA073CBC21D39.d.51DC2CB1F50672627B5A8924EDDAA06E.e.8158","ELEMENT":"f.06DF9BC5D4F2FE6DCE5AA073CBC21D39.d.51DC2CB1F50672627B5A8924EDDAA06E.e.8158"}]}
COMMAND: POST /session/e1c9c002d5d3447acc7ed8721565bd54/element - {"using":"xpath","value":"//div[contains(@id, \"filterItemControl_BASIC-ALL_TAGS-valueHelpDialog-table-rowsel0\")]"}
COMMAND: GET /session/e1c9c002d5d3447acc7ed8721565bd54/screenshot - {}
RESULT: {"using":"xpath","value":"//div[contains(@id, \"filterItemControl_BASIC-ALL_TAGS-valueHelpDialog-table-rowsel0\")]"}
COMMAND: POST /session/e1c9c002d5d3447acc7ed8721565bd54/element/f.06DF9BC5D4F2FE6DCE5AA073CBC21D39.d.51DC2CB1F50672627B5A8924EDDAA06E.e.8159/click - {}
RESULT: {}
RESULT: {}
COMMAND: GET /session/e1c9c002d5d3447acc7ed8721565bd54/screenshot - {}
RESULT: {}
COMMAND: POST /session/e1c9c002d5d3447acc7ed8721565bd54/element - {"using":"xpath","value":"(//bdi[contains(text(), \"OK\")])[1]"}
RESULT: {"using":"xpath","value":"(//bdi[contains(text(), \"OK\")])[1]"}
COMMAND: POST /session/e1c9c002d5d3447acc7ed8721565bd54/element/f.06DF9BC5D4F2FE6DCE5AA073CBC21D39.d.51DC2CB1F50672627B5A8924EDDAA06E.e.8161/click - {}
RESULT: {}
COMMAND: GET /session/e1c9c002d5d3447acc7ed8721565bd54/screenshot - {}
RESULT: {}
COMMAND: POST /session/e1c9c002d5d3447acc7ed8721565bd54/element - {"using":"xpath","value":"//span[@id=\"application-managepartners-display-component---masterPtm--smartTable-header-inner\"]"}
RESULT: {"using":"xpath","value":"//span[@id=\"application-managepartners-display-component---masterPtm--smartTable-header-inner\"]"}
COMMAND: POST /session/e1c9c002d5d3447acc7ed8721565bd54/elements - {"using":"xpath","value":"//span[@id=\"application-managepartners-display-component---masterPtm--smartTable-header-inner\"]"}
RESULT: {"using":"xpath","value":"//span[@id=\"application-managepartners-display-component---masterPtm--smartTable-header-inner\"]"}
COMMAND: POST /session/e1c9c002d5d3447acc7ed8721565bd54/execute/sync - {"script":"<script> [56 bytes]","args":[{"element-6066-11e4-a52e-4f735466cecf":"f.06DF9BC5D4F2FE6DCE5AA073CBC21D39.d.51DC2CB1F50672627B5A8924EDDAA06E.e.7685","ELEMENT":"f.06DF9BC5D4F2FE6DCE5AA073CBC21D39.d.51DC2CB1F50672627B5A8924EDDAA06E.e.7685"}]}
RESULT: {"script":"<script> [56 bytes]","args":[{"element-6066-11e4-a52e-4f735466cecf":"f.06DF9BC5D4F2FE6DCE5AA073CBC21D39.d.51DC2CB1F50672627B5A8924EDDAA06E.e.7685","ELEMENT":"f.06DF9BC5D4F2FE6DCE5AA073CBC21D39.d.51DC2CB1F50672627B5A8924EDDAA06E.e.7685"}]}
COMMAND: POST /session/e1c9c002d5d3447acc7ed8721565bd54/element - {"using":"xpath","value":"//span[contains(@title, \"Remove\")]"}
COMMAND: GET /session/e1c9c002d5d3447acc7ed8721565bd54/screenshot - {}
RESULT: {"using":"xpath","value":"//span[contains(@title, \"Remove\")]"}
COMMAND: POST /session/e1c9c002d5d3447acc7ed8721565bd54/element/f.06DF9BC5D4F2FE6DCE5AA073CBC21D39.d.51DC2CB1F50672627B5A8924EDDAA06E.e.8183/click - {}
RESULT: {}
RESULT: {}
COMMAND: GET /session/e1c9c002d5d3447acc7ed8721565bd54/screenshot - {}
COMMAND: POST /session/e1c9c002d5d3447acc7ed8721565bd54/execute/async - {"script":"<script> [1562 bytes]","args":[{"selector":{"id":"application-managepartners-display-component---masterPtm--partnerTypes-arrow"},"wdio_ui5_key":"applicationmanagepartners-display-component---masterPtm--partnerTypes-arrow"}]}
RESULT: {}
RESULT: {"script":"<script> [1562 bytes]","args":[{"selector":{"id":"application-managepartners-display-component---masterPtm--partnerTypes-arrow"},"wdio_ui5_key":"applicationmanagepartners-display-component---masterPtm--partnerTypes-arrow"}]}
RESULT: undefined
COMMAND: POST /session/e1c9c002d5d3447acc7ed8721565bd54/element - {"using":"xpath","value":"//*[@id=\"application-managepartners-display-component---masterPtm--partnerTypes-arrow\"]"}
RESULT: {"using":"xpath","value":"//*[@id=\"application-managepartners-display-component---masterPtm--partnerTypes-arrow\"]"}
COMMAND: POST /session/e1c9c002d5d3447acc7ed8721565bd54/element/f.06DF9BC5D4F2FE6DCE5AA073CBC21D39.d.51DC2CB1F50672627B5A8924EDDAA06E.e.8284/click - {}
RESULT: {}
COMMAND: GET /session/e1c9c002d5d3447acc7ed8721565bd54/screenshot - {}
RESULT: {}
COMMAND: POST /session/e1c9c002d5d3447acc7ed8721565bd54/element - {"using":"xpath","value":"//li[.//span[text()=\"External partner\"]]//div[contains(@class,\"sapMCbBg\")]"}
RESULT: {"using":"xpath","value":"//li[.//span[text()=\"External partner\"]]//div[contains(@class,\"sapMCbBg\")]"}
COMMAND: POST /session/e1c9c002d5d3447acc7ed8721565bd54/element/f.06DF9BC5D4F2FE6DCE5AA073CBC21D39.d.51DC2CB1F50672627B5A8924EDDAA06E.e.8289/click - {}
RESULT: {}
COMMAND: GET /session/e1c9c002d5d3447acc7ed8721565bd54/screenshot - {}
RESULT: {}
COMMAND: POST /session/e1c9c002d5d3447acc7ed8721565bd54/element - {"using":"xpath","value":"//span[@id=\"application-managepartners-display-component---masterPtm--smartTable-header-inner\"]"}
RESULT: {"using":"xpath","value":"//span[@id=\"application-managepartners-display-component---masterPtm--smartTable-header-inner\"]"}
COMMAND: POST /session/e1c9c002d5d3447acc7ed8721565bd54/elements - {"using":"xpath","value":"//span[@id=\"application-managepartners-display-component---masterPtm--smartTable-header-inner\"]"}
RESULT: {"using":"xpath","value":"//span[@id=\"application-managepartners-display-component---masterPtm--smartTable-header-inner\"]"}
COMMAND: POST /session/e1c9c002d5d3447acc7ed8721565bd54/execute/sync - {"script":"<script> [56 bytes]","args":[{"element-6066-11e4-a52e-4f735466cecf":"f.06DF9BC5D4F2FE6DCE5AA073CBC21D39.d.51DC2CB1F50672627B5A8924EDDAA06E.e.7685","ELEMENT":"f.06DF9BC5D4F2FE6DCE5AA073CBC21D39.d.51DC2CB1F50672627B5A8924EDDAA06E.e.7685"}]}
RESULT: {"script":"<script> [56 bytes]","args":[{"element-6066-11e4-a52e-4f735466cecf":"f.06DF9BC5D4F2FE6DCE5AA073CBC21D39.d.51DC2CB1F50672627B5A8924EDDAA06E.e.7685","ELEMENT":"f.06DF9BC5D4F2FE6DCE5AA073CBC21D39.d.51DC2CB1F50672627B5A8924EDDAA06E.e.7685"}]}
COMMAND: POST /session/e1c9c002d5d3447acc7ed8721565bd54/element - {"using":"xpath","value":"//span[contains(@title, \"Remove\")]"}
COMMAND: GET /session/e1c9c002d5d3447acc7ed8721565bd54/screenshot - {}
RESULT: {"using":"xpath","value":"//span[contains(@title, \"Remove\")]"}
COMMAND: POST /session/e1c9c002d5d3447acc7ed8721565bd54/element/f.06DF9BC5D4F2FE6DCE5AA073CBC21D39.d.51DC2CB1F50672627B5A8924EDDAA06E.e.8366/click - {}
RESULT: {}
RESULT: {}
COMMAND: GET /session/e1c9c002d5d3447acc7ed8721565bd54/screenshot - {}
RESULT: {}
COMMAND: POST /session/e1c9c002d5d3447acc7ed8721565bd54/execute/async - {"script":"<script> [1562 bytes]","args":[{"selector":{"id":"application-managepartners-display-component---masterPtm--smartFilterBar-btnFilters","interaction":{"idSuffix":"BDI-content"}},"wdio_ui5_key":"applicationmanagepartners-display-component---masterPtm--smartFilterBar-btnFilters"}]}
RESULT: {"script":"<script> [1562 bytes]","args":[{"selector":{"id":"application-managepartners-display-component---masterPtm--smartFilterBar-btnFilters","interaction":{"idSuffix":"BDI-content"}},"wdio_ui5_key":"applicationmanagepartners-display-component---masterPtm--smartFilterBar-btnFilters"}]}
RESULT: undefined
COMMAND: POST /session/e1c9c002d5d3447acc7ed8721565bd54/element - {"using":"xpath","value":"//*[@id=\"application-managepartners-display-component---masterPtm--smartFilterBar-btnFilters\"]"}
RESULT: {"using":"xpath","value":"//*[@id=\"application-managepartners-display-component---masterPtm--smartFilterBar-btnFilters\"]"}
COMMAND: POST /session/e1c9c002d5d3447acc7ed8721565bd54/element/f.06DF9BC5D4F2FE6DCE5AA073CBC21D39.d.51DC2CB1F50672627B5A8924EDDAA06E.e.7524/click - {}
RESULT: {}
COMMAND: GET /session/e1c9c002d5d3447acc7ed8721565bd54/screenshot - {}
RESULT: {}
COMMAND: POST /session/e1c9c002d5d3447acc7ed8721565bd54/elements - {"using":"xpath","value":"//table[contains(@id, \"listView-innerSelectionPanelTable-listUl\")]/tbody/tr"}
RESULT: {"using":"xpath","value":"//table[contains(@id, \"listView-innerSelectionPanelTable-listUl\")]/tbody/tr"}
COMMAND: POST /session/e1c9c002d5d3447acc7ed8721565bd54/element - {"using":"xpath","value":"//table[contains(@id, \"listView-innerSelectionPanelTable-listUl\")]/tbody/tr[2]/td[2]/div/div"}
RESULT: {"using":"xpath","value":"//table[contains(@id, \"listView-innerSelectionPanelTable-listUl\")]/tbody/tr[2]/td[2]/div/div"}
COMMAND: POST /session/e1c9c002d5d3447acc7ed8721565bd54/element - {"using":"xpath","value":"//table[contains(@id, \"listView-innerSelectionPanelTable-listUl\")]/tbody/tr[2]/td[2]/div"}
RESULT: {"using":"xpath","value":"//table[contains(@id, \"listView-innerSelectionPanelTable-listUl\")]/tbody/tr[2]/td[2]/div"}
COMMAND: POST /session/e1c9c002d5d3447acc7ed8721565bd54/element - {"using":"xpath","value":"//table[contains(@id, \"listView-innerSelectionPanelTable-listUl\")]/tbody/tr[2]/td[3]/div/div/span/span[1]/bdi"}
RESULT: {"using":"xpath","value":"//table[contains(@id, \"listView-innerSelectionPanelTable-listUl\")]/tbody/tr[2]/td[3]/div/div/span/span[1]/bdi"}
COMMAND: POST /session/e1c9c002d5d3447acc7ed8721565bd54/execute/sync - {"script":"<script> [56 bytes]","args":[{"element-6066-11e4-a52e-4f735466cecf":"f.06DF9BC5D4F2FE6DCE5AA073CBC21D39.d.51DC2CB1F50672627B5A8924EDDAA06E.e.8469","ELEMENT":"f.06DF9BC5D4F2FE6DCE5AA073CBC21D39.d.51DC2CB1F50672627B5A8924EDDAA06E.e.8469"}]}
RESULT: {"script":"<script> [56 bytes]","args":[{"element-6066-11e4-a52e-4f735466cecf":"f.06DF9BC5D4F2FE6DCE5AA073CBC21D39.d.51DC2CB1F50672627B5A8924EDDAA06E.e.8469","ELEMENT":"f.06DF9BC5D4F2FE6DCE5AA073CBC21D39.d.51DC2CB1F50672627B5A8924EDDAA06E.e.8469"}]}
COMMAND: GET /session/e1c9c002d5d3447acc7ed8721565bd54/element/f.06DF9BC5D4F2FE6DCE5AA073CBC21D39.d.51DC2CB1F50672627B5A8924EDDAA06E.e.8468/attribute/aria-checked - {}
COMMAND: GET /session/e1c9c002d5d3447acc7ed8721565bd54/screenshot - {}
RESULT: {}
COMMAND: POST /session/e1c9c002d5d3447acc7ed8721565bd54/element - {"using":"xpath","value":"//table[contains(@id, \"listView-innerSelectionPanelTable-listUl\")]/tbody/tr[3]/td[2]/div/div"}
RESULT: {}
RESULT: {"using":"xpath","value":"//table[contains(@id, \"listView-innerSelectionPanelTable-listUl\")]/tbody/tr[3]/td[2]/div/div"}
COMMAND: POST /session/e1c9c002d5d3447acc7ed8721565bd54/element - {"using":"xpath","value":"//table[contains(@id, \"listView-innerSelectionPanelTable-listUl\")]/tbody/tr[3]/td[2]/div"}
RESULT: {"using":"xpath","value":"//table[contains(@id, \"listView-innerSelectionPanelTable-listUl\")]/tbody/tr[3]/td[2]/div"}
COMMAND: POST /session/e1c9c002d5d3447acc7ed8721565bd54/element - {"using":"xpath","value":"//table[contains(@id, \"listView-innerSelectionPanelTable-listUl\")]/tbody/tr[3]/td[3]/div/div/span/span[1]/bdi"}
RESULT: {"using":"xpath","value":"//table[contains(@id, \"listView-innerSelectionPanelTable-listUl\")]/tbody/tr[3]/td[3]/div/div/span/span[1]/bdi"}
COMMAND: POST /session/e1c9c002d5d3447acc7ed8721565bd54/execute/sync - {"script":"<script> [56 bytes]","args":[{"element-6066-11e4-a52e-4f735466cecf":"f.06DF9BC5D4F2FE6DCE5AA073CBC21D39.d.51DC2CB1F50672627B5A8924EDDAA06E.e.8472","ELEMENT":"f.06DF9BC5D4F2FE6DCE5AA073CBC21D39.d.51DC2CB1F50672627B5A8924EDDAA06E.e.8472"}]}
RESULT: {"script":"<script> [56 bytes]","args":[{"element-6066-11e4-a52e-4f735466cecf":"f.06DF9BC5D4F2FE6DCE5AA073CBC21D39.d.51DC2CB1F50672627B5A8924EDDAA06E.e.8472","ELEMENT":"f.06DF9BC5D4F2FE6DCE5AA073CBC21D39.d.51DC2CB1F50672627B5A8924EDDAA06E.e.8472"}]}
COMMAND: GET /session/e1c9c002d5d3447acc7ed8721565bd54/element/f.06DF9BC5D4F2FE6DCE5AA073CBC21D39.d.51DC2CB1F50672627B5A8924EDDAA06E.e.8471/attribute/aria-checked - {}
COMMAND: GET /session/e1c9c002d5d3447acc7ed8721565bd54/screenshot - {}
RESULT: {}
COMMAND: POST /session/e1c9c002d5d3447acc7ed8721565bd54/element - {"using":"xpath","value":"//table[contains(@id, \"listView-innerSelectionPanelTable-listUl\")]/tbody/tr[4]/td[2]/div/div"}
RESULT: {}
RESULT: {"using":"xpath","value":"//table[contains(@id, \"listView-innerSelectionPanelTable-listUl\")]/tbody/tr[4]/td[2]/div/div"}
COMMAND: POST /session/e1c9c002d5d3447acc7ed8721565bd54/element - {"using":"xpath","value":"//table[contains(@id, \"listView-innerSelectionPanelTable-listUl\")]/tbody/tr[4]/td[2]/div"}
RESULT: {"using":"xpath","value":"//table[contains(@id, \"listView-innerSelectionPanelTable-listUl\")]/tbody/tr[4]/td[2]/div"}
COMMAND: POST /session/e1c9c002d5d3447acc7ed8721565bd54/element - {"using":"xpath","value":"//table[contains(@id, \"listView-innerSelectionPanelTable-listUl\")]/tbody/tr[4]/td[3]/div/div/span/span[1]/bdi"}
RESULT: {"using":"xpath","value":"//table[contains(@id, \"listView-innerSelectionPanelTable-listUl\")]/tbody/tr[4]/td[3]/div/div/span/span[1]/bdi"}
COMMAND: POST /session/e1c9c002d5d3447acc7ed8721565bd54/execute/sync - {"script":"<script> [56 bytes]","args":[{"element-6066-11e4-a52e-4f735466cecf":"f.06DF9BC5D4F2FE6DCE5AA073CBC21D39.d.51DC2CB1F50672627B5A8924EDDAA06E.e.8475","ELEMENT":"f.06DF9BC5D4F2FE6DCE5AA073CBC21D39.d.51DC2CB1F50672627B5A8924EDDAA06E.e.8475"}]}
RESULT: {"script":"<script> [56 bytes]","args":[{"element-6066-11e4-a52e-4f735466cecf":"f.06DF9BC5D4F2FE6DCE5AA073CBC21D39.d.51DC2CB1F50672627B5A8924EDDAA06E.e.8475","ELEMENT":"f.06DF9BC5D4F2FE6DCE5AA073CBC21D39.d.51DC2CB1F50672627B5A8924EDDAA06E.e.8475"}]}
COMMAND: GET /session/e1c9c002d5d3447acc7ed8721565bd54/element/f.06DF9BC5D4F2FE6DCE5AA073CBC21D39.d.51DC2CB1F50672627B5A8924EDDAA06E.e.8474/attribute/aria-checked - {}
COMMAND: GET /session/e1c9c002d5d3447acc7ed8721565bd54/screenshot - {}
RESULT: {}
COMMAND: POST /session/e1c9c002d5d3447acc7ed8721565bd54/element - {"using":"xpath","value":"//table[contains(@id, \"listView-innerSelectionPanelTable-listUl\")]/tbody/tr[5]/td[2]/div/div"}
RESULT: {}
RESULT: {"using":"xpath","value":"//table[contains(@id, \"listView-innerSelectionPanelTable-listUl\")]/tbody/tr[5]/td[2]/div/div"}
COMMAND: POST /session/e1c9c002d5d3447acc7ed8721565bd54/element - {"using":"xpath","value":"//table[contains(@id, \"listView-innerSelectionPanelTable-listUl\")]/tbody/tr[5]/td[2]/div"}
RESULT: {"using":"xpath","value":"//table[contains(@id, \"listView-innerSelectionPanelTable-listUl\")]/tbody/tr[5]/td[2]/div"}
COMMAND: POST /session/e1c9c002d5d3447acc7ed8721565bd54/element - {"using":"xpath","value":"//table[contains(@id, \"listView-innerSelectionPanelTable-listUl\")]/tbody/tr[5]/td[3]/div/div/span/span[1]/bdi"}
RESULT: {"using":"xpath","value":"//table[contains(@id, \"listView-innerSelectionPanelTable-listUl\")]/tbody/tr[5]/td[3]/div/div/span/span[1]/bdi"}
COMMAND: POST /session/e1c9c002d5d3447acc7ed8721565bd54/execute/sync - {"script":"<script> [56 bytes]","args":[{"element-6066-11e4-a52e-4f735466cecf":"f.06DF9BC5D4F2FE6DCE5AA073CBC21D39.d.51DC2CB1F50672627B5A8924EDDAA06E.e.8478","ELEMENT":"f.06DF9BC5D4F2FE6DCE5AA073CBC21D39.d.51DC2CB1F50672627B5A8924EDDAA06E.e.8478"}]}
RESULT: {"script":"<script> [56 bytes]","args":[{"element-6066-11e4-a52e-4f735466cecf":"f.06DF9BC5D4F2FE6DCE5AA073CBC21D39.d.51DC2CB1F50672627B5A8924EDDAA06E.e.8478","ELEMENT":"f.06DF9BC5D4F2FE6DCE5AA073CBC21D39.d.51DC2CB1F50672627B5A8924EDDAA06E.e.8478"}]}
COMMAND: GET /session/e1c9c002d5d3447acc7ed8721565bd54/element/f.06DF9BC5D4F2FE6DCE5AA073CBC21D39.d.51DC2CB1F50672627B5A8924EDDAA06E.e.8477/attribute/aria-checked - {}
COMMAND: GET /session/e1c9c002d5d3447acc7ed8721565bd54/screenshot - {}
RESULT: {}
COMMAND: POST /session/e1c9c002d5d3447acc7ed8721565bd54/element - {"using":"xpath","value":"//table[contains(@id, \"listView-innerSelectionPanelTable-listUl\")]/tbody/tr[6]/td[2]/div/div"}
RESULT: {}
RESULT: {"using":"xpath","value":"//table[contains(@id, \"listView-innerSelectionPanelTable-listUl\")]/tbody/tr[6]/td[2]/div/div"}
COMMAND: POST /session/e1c9c002d5d3447acc7ed8721565bd54/element - {"using":"xpath","value":"//table[contains(@id, \"listView-innerSelectionPanelTable-listUl\")]/tbody/tr[6]/td[2]/div"}
RESULT: {"using":"xpath","value":"//table[contains(@id, \"listView-innerSelectionPanelTable-listUl\")]/tbody/tr[6]/td[2]/div"}
COMMAND: POST /session/e1c9c002d5d3447acc7ed8721565bd54/element - {"using":"xpath","value":"//table[contains(@id, \"listView-innerSelectionPanelTable-listUl\")]/tbody/tr[6]/td[3]/div/div/span/span[1]/bdi"}
RESULT: {"using":"xpath","value":"//table[contains(@id, \"listView-innerSelectionPanelTable-listUl\")]/tbody/tr[6]/td[3]/div/div/span/span[1]/bdi"}
COMMAND: POST /session/e1c9c002d5d3447acc7ed8721565bd54/execute/sync - {"script":"<script> [56 bytes]","args":[{"element-6066-11e4-a52e-4f735466cecf":"f.06DF9BC5D4F2FE6DCE5AA073CBC21D39.d.51DC2CB1F50672627B5A8924EDDAA06E.e.8481","ELEMENT":"f.06DF9BC5D4F2FE6DCE5AA073CBC21D39.d.51DC2CB1F50672627B5A8924EDDAA06E.e.8481"}]}
RESULT: {"script":"<script> [56 bytes]","args":[{"element-6066-11e4-a52e-4f735466cecf":"f.06DF9BC5D4F2FE6DCE5AA073CBC21D39.d.51DC2CB1F50672627B5A8924EDDAA06E.e.8481","ELEMENT":"f.06DF9BC5D4F2FE6DCE5AA073CBC21D39.d.51DC2CB1F50672627B5A8924EDDAA06E.e.8481"}]}
COMMAND: GET /session/e1c9c002d5d3447acc7ed8721565bd54/element/f.06DF9BC5D4F2FE6DCE5AA073CBC21D39.d.51DC2CB1F50672627B5A8924EDDAA06E.e.8480/attribute/aria-checked - {}
COMMAND: GET /session/e1c9c002d5d3447acc7ed8721565bd54/screenshot - {}
RESULT: {}
COMMAND: POST /session/e1c9c002d5d3447acc7ed8721565bd54/element - {"using":"xpath","value":"//table[contains(@id, \"listView-innerSelectionPanelTable-listUl\")]/tbody/tr[7]/td[2]/div/div"}
RESULT: {}
RESULT: {"using":"xpath","value":"//table[contains(@id, \"listView-innerSelectionPanelTable-listUl\")]/tbody/tr[7]/td[2]/div/div"}
COMMAND: POST /session/e1c9c002d5d3447acc7ed8721565bd54/element - {"using":"xpath","value":"//table[contains(@id, \"listView-innerSelectionPanelTable-listUl\")]/tbody/tr[7]/td[2]/div"}
RESULT: {"using":"xpath","value":"//table[contains(@id, \"listView-innerSelectionPanelTable-listUl\")]/tbody/tr[7]/td[2]/div"}
COMMAND: POST /session/e1c9c002d5d3447acc7ed8721565bd54/element - {"using":"xpath","value":"//table[contains(@id, \"listView-innerSelectionPanelTable-listUl\")]/tbody/tr[7]/td[3]/div/div/span/span[1]/bdi"}
RESULT: {"using":"xpath","value":"//table[contains(@id, \"listView-innerSelectionPanelTable-listUl\")]/tbody/tr[7]/td[3]/div/div/span/span[1]/bdi"}
COMMAND: POST /session/e1c9c002d5d3447acc7ed8721565bd54/execute/sync - {"script":"<script> [56 bytes]","args":[{"element-6066-11e4-a52e-4f735466cecf":"f.06DF9BC5D4F2FE6DCE5AA073CBC21D39.d.51DC2CB1F50672627B5A8924EDDAA06E.e.8484","ELEMENT":"f.06DF9BC5D4F2FE6DCE5AA073CBC21D39.d.51DC2CB1F50672627B5A8924EDDAA06E.e.8484"}]}
RESULT: {"script":"<script> [56 bytes]","args":[{"element-6066-11e4-a52e-4f735466cecf":"f.06DF9BC5D4F2FE6DCE5AA073CBC21D39.d.51DC2CB1F50672627B5A8924EDDAA06E.e.8484","ELEMENT":"f.06DF9BC5D4F2FE6DCE5AA073CBC21D39.d.51DC2CB1F50672627B5A8924EDDAA06E.e.8484"}]}
COMMAND: GET /session/e1c9c002d5d3447acc7ed8721565bd54/element/f.06DF9BC5D4F2FE6DCE5AA073CBC21D39.d.51DC2CB1F50672627B5A8924EDDAA06E.e.8483/attribute/aria-checked - {}
COMMAND: GET /session/e1c9c002d5d3447acc7ed8721565bd54/screenshot - {}
RESULT: {}
COMMAND: POST /session/e1c9c002d5d3447acc7ed8721565bd54/element - {"using":"xpath","value":"//table[contains(@id, \"listView-innerSelectionPanelTable-listUl\")]/tbody/tr[8]/td[2]/div/div"}
RESULT: {}
RESULT: {"using":"xpath","value":"//table[contains(@id, \"listView-innerSelectionPanelTable-listUl\")]/tbody/tr[8]/td[2]/div/div"}
COMMAND: POST /session/e1c9c002d5d3447acc7ed8721565bd54/element - {"using":"xpath","value":"//table[contains(@id, \"listView-innerSelectionPanelTable-listUl\")]/tbody/tr[8]/td[2]/div"}
RESULT: {"using":"xpath","value":"//table[contains(@id, \"listView-innerSelectionPanelTable-listUl\")]/tbody/tr[8]/td[2]/div"}
COMMAND: POST /session/e1c9c002d5d3447acc7ed8721565bd54/element - {"using":"xpath","value":"//table[contains(@id, \"listView-innerSelectionPanelTable-listUl\")]/tbody/tr[8]/td[3]/div/div/span/span[1]/bdi"}
RESULT: {"using":"xpath","value":"//table[contains(@id, \"listView-innerSelectionPanelTable-listUl\")]/tbody/tr[8]/td[3]/div/div/span/span[1]/bdi"}
COMMAND: POST /session/e1c9c002d5d3447acc7ed8721565bd54/execute/sync - {"script":"<script> [56 bytes]","args":[{"element-6066-11e4-a52e-4f735466cecf":"f.06DF9BC5D4F2FE6DCE5AA073CBC21D39.d.51DC2CB1F50672627B5A8924EDDAA06E.e.8487","ELEMENT":"f.06DF9BC5D4F2FE6DCE5AA073CBC21D39.d.51DC2CB1F50672627B5A8924EDDAA06E.e.8487"}]}
RESULT: {"script":"<script> [56 bytes]","args":[{"element-6066-11e4-a52e-4f735466cecf":"f.06DF9BC5D4F2FE6DCE5AA073CBC21D39.d.51DC2CB1F50672627B5A8924EDDAA06E.e.8487","ELEMENT":"f.06DF9BC5D4F2FE6DCE5AA073CBC21D39.d.51DC2CB1F50672627B5A8924EDDAA06E.e.8487"}]}
COMMAND: GET /session/e1c9c002d5d3447acc7ed8721565bd54/element/f.06DF9BC5D4F2FE6DCE5AA073CBC21D39.d.51DC2CB1F50672627B5A8924EDDAA06E.e.8486/attribute/aria-checked - {}
COMMAND: GET /session/e1c9c002d5d3447acc7ed8721565bd54/screenshot - {}
RESULT: {}
COMMAND: POST /session/e1c9c002d5d3447acc7ed8721565bd54/element - {"using":"xpath","value":"//table[contains(@id, \"listView-innerSelectionPanelTable-listUl\")]/tbody/tr[9]/td[2]/div/div"}
RESULT: {}
RESULT: {"using":"xpath","value":"//table[contains(@id, \"listView-innerSelectionPanelTable-listUl\")]/tbody/tr[9]/td[2]/div/div"}
COMMAND: POST /session/e1c9c002d5d3447acc7ed8721565bd54/element - {"using":"xpath","value":"//table[contains(@id, \"listView-innerSelectionPanelTable-listUl\")]/tbody/tr[9]/td[2]/div"}
RESULT: {"using":"xpath","value":"//table[contains(@id, \"listView-innerSelectionPanelTable-listUl\")]/tbody/tr[9]/td[2]/div"}
COMMAND: POST /session/e1c9c002d5d3447acc7ed8721565bd54/element - {"using":"xpath","value":"//table[contains(@id, \"listView-innerSelectionPanelTable-listUl\")]/tbody/tr[9]/td[3]/div/div/span/span[1]/bdi"}
RESULT: {"using":"xpath","value":"//table[contains(@id, \"listView-innerSelectionPanelTable-listUl\")]/tbody/tr[9]/td[3]/div/div/span/span[1]/bdi"}
COMMAND: POST /session/e1c9c002d5d3447acc7ed8721565bd54/execute/sync - {"script":"<script> [56 bytes]","args":[{"element-6066-11e4-a52e-4f735466cecf":"f.06DF9BC5D4F2FE6DCE5AA073CBC21D39.d.51DC2CB1F50672627B5A8924EDDAA06E.e.8490","ELEMENT":"f.06DF9BC5D4F2FE6DCE5AA073CBC21D39.d.51DC2CB1F50672627B5A8924EDDAA06E.e.8490"}]}
RESULT: {"script":"<script> [56 bytes]","args":[{"element-6066-11e4-a52e-4f735466cecf":"f.06DF9BC5D4F2FE6DCE5AA073CBC21D39.d.51DC2CB1F50672627B5A8924EDDAA06E.e.8490","ELEMENT":"f.06DF9BC5D4F2FE6DCE5AA073CBC21D39.d.51DC2CB1F50672627B5A8924EDDAA06E.e.8490"}]}
COMMAND: GET /session/e1c9c002d5d3447acc7ed8721565bd54/element/f.06DF9BC5D4F2FE6DCE5AA073CBC21D39.d.51DC2CB1F50672627B5A8924EDDAA06E.e.8489/attribute/aria-checked - {}
COMMAND: GET /session/e1c9c002d5d3447acc7ed8721565bd54/screenshot - {}
RESULT: {}
COMMAND: POST /session/e1c9c002d5d3447acc7ed8721565bd54/element - {"using":"xpath","value":"//table[contains(@id, \"listView-innerSelectionPanelTable-listUl\")]/tbody/tr[10]/td[2]/div/div"}
RESULT: {}
RESULT: {"using":"xpath","value":"//table[contains(@id, \"listView-innerSelectionPanelTable-listUl\")]/tbody/tr[10]/td[2]/div/div"}
COMMAND: POST /session/e1c9c002d5d3447acc7ed8721565bd54/element - {"using":"xpath","value":"//table[contains(@id, \"listView-innerSelectionPanelTable-listUl\")]/tbody/tr[10]/td[2]/div"}
RESULT: {"using":"xpath","value":"//table[contains(@id, \"listView-innerSelectionPanelTable-listUl\")]/tbody/tr[10]/td[2]/div"}
COMMAND: POST /session/e1c9c002d5d3447acc7ed8721565bd54/element - {"using":"xpath","value":"//table[contains(@id, \"listView-innerSelectionPanelTable-listUl\")]/tbody/tr[10]/td[3]/div/div/span/span[1]/bdi"}
RESULT: {"using":"xpath","value":"//table[contains(@id, \"listView-innerSelectionPanelTable-listUl\")]/tbody/tr[10]/td[3]/div/div/span/span[1]/bdi"}
COMMAND: POST /session/e1c9c002d5d3447acc7ed8721565bd54/execute/sync - {"script":"<script> [56 bytes]","args":[{"element-6066-11e4-a52e-4f735466cecf":"f.06DF9BC5D4F2FE6DCE5AA073CBC21D39.d.51DC2CB1F50672627B5A8924EDDAA06E.e.8493","ELEMENT":"f.06DF9BC5D4F2FE6DCE5AA073CBC21D39.d.51DC2CB1F50672627B5A8924EDDAA06E.e.8493"}]}
RESULT: {"script":"<script> [56 bytes]","args":[{"element-6066-11e4-a52e-4f735466cecf":"f.06DF9BC5D4F2FE6DCE5AA073CBC21D39.d.51DC2CB1F50672627B5A8924EDDAA06E.e.8493","ELEMENT":"f.06DF9BC5D4F2FE6DCE5AA073CBC21D39.d.51DC2CB1F50672627B5A8924EDDAA06E.e.8493"}]}
COMMAND: GET /session/e1c9c002d5d3447acc7ed8721565bd54/element/f.06DF9BC5D4F2FE6DCE5AA073CBC21D39.d.51DC2CB1F50672627B5A8924EDDAA06E.e.8492/attribute/aria-checked - {}
COMMAND: GET /session/e1c9c002d5d3447acc7ed8721565bd54/screenshot - {}
RESULT: {}
COMMAND: POST /session/e1c9c002d5d3447acc7ed8721565bd54/element - {"using":"xpath","value":"//table[contains(@id, \"listView-innerSelectionPanelTable-listUl\")]/tbody/tr[11]/td[2]/div/div"}
RESULT: {}
RESULT: {"using":"xpath","value":"//table[contains(@id, \"listView-innerSelectionPanelTable-listUl\")]/tbody/tr[11]/td[2]/div/div"}
COMMAND: POST /session/e1c9c002d5d3447acc7ed8721565bd54/element - {"using":"xpath","value":"//table[contains(@id, \"listView-innerSelectionPanelTable-listUl\")]/tbody/tr[11]/td[2]/div"}
RESULT: {"using":"xpath","value":"//table[contains(@id, \"listView-innerSelectionPanelTable-listUl\")]/tbody/tr[11]/td[2]/div"}
COMMAND: POST /session/e1c9c002d5d3447acc7ed8721565bd54/element - {"using":"xpath","value":"//table[contains(@id, \"listView-innerSelectionPanelTable-listUl\")]/tbody/tr[11]/td[3]/div/div/span/span[1]/bdi"}
RESULT: {"using":"xpath","value":"//table[contains(@id, \"listView-innerSelectionPanelTable-listUl\")]/tbody/tr[11]/td[3]/div/div/span/span[1]/bdi"}
COMMAND: POST /session/e1c9c002d5d3447acc7ed8721565bd54/execute/sync - {"script":"<script> [56 bytes]","args":[{"element-6066-11e4-a52e-4f735466cecf":"f.06DF9BC5D4F2FE6DCE5AA073CBC21D39.d.51DC2CB1F50672627B5A8924EDDAA06E.e.8496","ELEMENT":"f.06DF9BC5D4F2FE6DCE5AA073CBC21D39.d.51DC2CB1F50672627B5A8924EDDAA06E.e.8496"}]}
RESULT: {"script":"<script> [56 bytes]","args":[{"element-6066-11e4-a52e-4f735466cecf":"f.06DF9BC5D4F2FE6DCE5AA073CBC21D39.d.51DC2CB1F50672627B5A8924EDDAA06E.e.8496","ELEMENT":"f.06DF9BC5D4F2FE6DCE5AA073CBC21D39.d.51DC2CB1F50672627B5A8924EDDAA06E.e.8496"}]}
COMMAND: GET /session/e1c9c002d5d3447acc7ed8721565bd54/element/f.06DF9BC5D4F2FE6DCE5AA073CBC21D39.d.51DC2CB1F50672627B5A8924EDDAA06E.e.8495/attribute/aria-checked - {}
COMMAND: GET /session/e1c9c002d5d3447acc7ed8721565bd54/screenshot - {}
RESULT: {}
COMMAND: POST /session/e1c9c002d5d3447acc7ed8721565bd54/element - {"using":"xpath","value":"//table[contains(@id, \"listView-innerSelectionPanelTable-listUl\")]/tbody/tr[12]/td[2]/div/div"}
RESULT: {}
RESULT: {"using":"xpath","value":"//table[contains(@id, \"listView-innerSelectionPanelTable-listUl\")]/tbody/tr[12]/td[2]/div/div"}
COMMAND: POST /session/e1c9c002d5d3447acc7ed8721565bd54/element - {"using":"xpath","value":"//table[contains(@id, \"listView-innerSelectionPanelTable-listUl\")]/tbody/tr[12]/td[2]/div"}
RESULT: {"using":"xpath","value":"//table[contains(@id, \"listView-innerSelectionPanelTable-listUl\")]/tbody/tr[12]/td[2]/div"}
COMMAND: POST /session/e1c9c002d5d3447acc7ed8721565bd54/element - {"using":"xpath","value":"//table[contains(@id, \"listView-innerSelectionPanelTable-listUl\")]/tbody/tr[12]/td[3]/div/div/span/span[1]/bdi"}
RESULT: {"using":"xpath","value":"//table[contains(@id, \"listView-innerSelectionPanelTable-listUl\")]/tbody/tr[12]/td[3]/div/div/span/span[1]/bdi"}
COMMAND: POST /session/e1c9c002d5d3447acc7ed8721565bd54/execute/sync - {"script":"<script> [56 bytes]","args":[{"element-6066-11e4-a52e-4f735466cecf":"f.06DF9BC5D4F2FE6DCE5AA073CBC21D39.d.51DC2CB1F50672627B5A8924EDDAA06E.e.8499","ELEMENT":"f.06DF9BC5D4F2FE6DCE5AA073CBC21D39.d.51DC2CB1F50672627B5A8924EDDAA06E.e.8499"}]}
RESULT: {"script":"<script> [56 bytes]","args":[{"element-6066-11e4-a52e-4f735466cecf":"f.06DF9BC5D4F2FE6DCE5AA073CBC21D39.d.51DC2CB1F50672627B5A8924EDDAA06E.e.8499","ELEMENT":"f.06DF9BC5D4F2FE6DCE5AA073CBC21D39.d.51DC2CB1F50672627B5A8924EDDAA06E.e.8499"}]}
COMMAND: GET /session/e1c9c002d5d3447acc7ed8721565bd54/element/f.06DF9BC5D4F2FE6DCE5AA073CBC21D39.d.51DC2CB1F50672627B5A8924EDDAA06E.e.8498/attribute/aria-checked - {}
COMMAND: GET /session/e1c9c002d5d3447acc7ed8721565bd54/screenshot - {}
RESULT: {}
COMMAND: POST /session/e1c9c002d5d3447acc7ed8721565bd54/element - {"using":"xpath","value":"//table[contains(@id, \"listView-innerSelectionPanelTable-listUl\")]/tbody/tr[13]/td[2]/div/div"}
RESULT: {}
RESULT: {"using":"xpath","value":"//table[contains(@id, \"listView-innerSelectionPanelTable-listUl\")]/tbody/tr[13]/td[2]/div/div"}
COMMAND: POST /session/e1c9c002d5d3447acc7ed8721565bd54/element - {"using":"xpath","value":"//table[contains(@id, \"listView-innerSelectionPanelTable-listUl\")]/tbody/tr[13]/td[2]/div"}
RESULT: {"using":"xpath","value":"//table[contains(@id, \"listView-innerSelectionPanelTable-listUl\")]/tbody/tr[13]/td[2]/div"}
COMMAND: POST /session/e1c9c002d5d3447acc7ed8721565bd54/element - {"using":"xpath","value":"//table[contains(@id, \"listView-innerSelectionPanelTable-listUl\")]/tbody/tr[13]/td[3]/div/div/span/span[1]/bdi"}
RESULT: {"using":"xpath","value":"//table[contains(@id, \"listView-innerSelectionPanelTable-listUl\")]/tbody/tr[13]/td[3]/div/div/span/span[1]/bdi"}
COMMAND: POST /session/e1c9c002d5d3447acc7ed8721565bd54/execute/sync - {"script":"<script> [56 bytes]","args":[{"element-6066-11e4-a52e-4f735466cecf":"f.06DF9BC5D4F2FE6DCE5AA073CBC21D39.d.51DC2CB1F50672627B5A8924EDDAA06E.e.8502","ELEMENT":"f.06DF9BC5D4F2FE6DCE5AA073CBC21D39.d.51DC2CB1F50672627B5A8924EDDAA06E.e.8502"}]}
RESULT: {"script":"<script> [56 bytes]","args":[{"element-6066-11e4-a52e-4f735466cecf":"f.06DF9BC5D4F2FE6DCE5AA073CBC21D39.d.51DC2CB1F50672627B5A8924EDDAA06E.e.8502","ELEMENT":"f.06DF9BC5D4F2FE6DCE5AA073CBC21D39.d.51DC2CB1F50672627B5A8924EDDAA06E.e.8502"}]}
COMMAND: GET /session/e1c9c002d5d3447acc7ed8721565bd54/element/f.06DF9BC5D4F2FE6DCE5AA073CBC21D39.d.51DC2CB1F50672627B5A8924EDDAA06E.e.8501/attribute/aria-checked - {}
COMMAND: GET /session/e1c9c002d5d3447acc7ed8721565bd54/screenshot - {}
RESULT: {}
COMMAND: POST /session/e1c9c002d5d3447acc7ed8721565bd54/element - {"using":"xpath","value":"//table[contains(@id, \"listView-innerSelectionPanelTable-listUl\")]/tbody/tr[14]/td[2]/div/div"}
COMMAND: POST /session/e1c9c002d5d3447acc7ed8721565bd54/element/f.06DF9BC5D4F2FE6DCE5AA073CBC21D39.d.51DC2CB1F50672627B5A8924EDDAA06E.e.8500/click - {}
RESULT: {}
RESULT: {}
COMMAND: GET /session/e1c9c002d5d3447acc7ed8721565bd54/screenshot - {}
RESULT: {"using":"xpath","value":"//table[contains(@id, \"listView-innerSelectionPanelTable-listUl\")]/tbody/tr[14]/td[2]/div/div"}
COMMAND: POST /session/e1c9c002d5d3447acc7ed8721565bd54/element - {"using":"xpath","value":"//table[contains(@id, \"listView-innerSelectionPanelTable-listUl\")]/tbody/tr[14]/td[2]/div"}
RESULT: {}
RESULT: {"using":"xpath","value":"//table[contains(@id, \"listView-innerSelectionPanelTable-listUl\")]/tbody/tr[14]/td[2]/div"}
COMMAND: POST /session/e1c9c002d5d3447acc7ed8721565bd54/element - {"using":"xpath","value":"//table[contains(@id, \"listView-innerSelectionPanelTable-listUl\")]/tbody/tr[14]/td[3]/div/div/span/span[1]/bdi"}
RESULT: {"using":"xpath","value":"//table[contains(@id, \"listView-innerSelectionPanelTable-listUl\")]/tbody/tr[14]/td[3]/div/div/span/span[1]/bdi"}
COMMAND: POST /session/e1c9c002d5d3447acc7ed8721565bd54/execute/sync - {"script":"<script> [56 bytes]","args":[{"element-6066-11e4-a52e-4f735466cecf":"f.06DF9BC5D4F2FE6DCE5AA073CBC21D39.d.51DC2CB1F50672627B5A8924EDDAA06E.e.8506","ELEMENT":"f.06DF9BC5D4F2FE6DCE5AA073CBC21D39.d.51DC2CB1F50672627B5A8924EDDAA06E.e.8506"}]}
RESULT: {"script":"<script> [56 bytes]","args":[{"element-6066-11e4-a52e-4f735466cecf":"f.06DF9BC5D4F2FE6DCE5AA073CBC21D39.d.51DC2CB1F50672627B5A8924EDDAA06E.e.8506","ELEMENT":"f.06DF9BC5D4F2FE6DCE5AA073CBC21D39.d.51DC2CB1F50672627B5A8924EDDAA06E.e.8506"}]}
COMMAND: GET /session/e1c9c002d5d3447acc7ed8721565bd54/element/f.06DF9BC5D4F2FE6DCE5AA073CBC21D39.d.51DC2CB1F50672627B5A8924EDDAA06E.e.8505/attribute/aria-checked - {}
COMMAND: GET /session/e1c9c002d5d3447acc7ed8721565bd54/screenshot - {}
RESULT: {}
COMMAND: POST /session/e1c9c002d5d3447acc7ed8721565bd54/element - {"using":"xpath","value":"//table[contains(@id, \"listView-innerSelectionPanelTable-listUl\")]/tbody/tr[15]/td[2]/div/div"}
RESULT: {}
RESULT: {"using":"xpath","value":"//table[contains(@id, \"listView-innerSelectionPanelTable-listUl\")]/tbody/tr[15]/td[2]/div/div"}
COMMAND: POST /session/e1c9c002d5d3447acc7ed8721565bd54/element - {"using":"xpath","value":"//table[contains(@id, \"listView-innerSelectionPanelTable-listUl\")]/tbody/tr[15]/td[2]/div"}
RESULT: {"using":"xpath","value":"//table[contains(@id, \"listView-innerSelectionPanelTable-listUl\")]/tbody/tr[15]/td[2]/div"}
COMMAND: POST /session/e1c9c002d5d3447acc7ed8721565bd54/element - {"using":"xpath","value":"//table[contains(@id, \"listView-innerSelectionPanelTable-listUl\")]/tbody/tr[15]/td[3]/div/div/span/span[1]/bdi"}
RESULT: {"using":"xpath","value":"//table[contains(@id, \"listView-innerSelectionPanelTable-listUl\")]/tbody/tr[15]/td[3]/div/div/span/span[1]/bdi"}
COMMAND: POST /session/e1c9c002d5d3447acc7ed8721565bd54/execute/sync - {"script":"<script> [56 bytes]","args":[{"element-6066-11e4-a52e-4f735466cecf":"f.06DF9BC5D4F2FE6DCE5AA073CBC21D39.d.51DC2CB1F50672627B5A8924EDDAA06E.e.8509","ELEMENT":"f.06DF9BC5D4F2FE6DCE5AA073CBC21D39.d.51DC2CB1F50672627B5A8924EDDAA06E.e.8509"}]}
RESULT: {"script":"<script> [56 bytes]","args":[{"element-6066-11e4-a52e-4f735466cecf":"f.06DF9BC5D4F2FE6DCE5AA073CBC21D39.d.51DC2CB1F50672627B5A8924EDDAA06E.e.8509","ELEMENT":"f.06DF9BC5D4F2FE6DCE5AA073CBC21D39.d.51DC2CB1F50672627B5A8924EDDAA06E.e.8509"}]}
COMMAND: GET /session/e1c9c002d5d3447acc7ed8721565bd54/element/f.06DF9BC5D4F2FE6DCE5AA073CBC21D39.d.51DC2CB1F50672627B5A8924EDDAA06E.e.8508/attribute/aria-checked - {}
COMMAND: GET /session/e1c9c002d5d3447acc7ed8721565bd54/screenshot - {}
RESULT: {}
COMMAND: POST /session/e1c9c002d5d3447acc7ed8721565bd54/element - {"using":"xpath","value":"//table[contains(@id, \"listView-innerSelectionPanelTable-listUl\")]/tbody/tr[16]/td[2]/div/div"}
RESULT: {}
RESULT: {"using":"xpath","value":"//table[contains(@id, \"listView-innerSelectionPanelTable-listUl\")]/tbody/tr[16]/td[2]/div/div"}
COMMAND: POST /session/e1c9c002d5d3447acc7ed8721565bd54/element - {"using":"xpath","value":"//table[contains(@id, \"listView-innerSelectionPanelTable-listUl\")]/tbody/tr[16]/td[2]/div"}
RESULT: {"using":"xpath","value":"//table[contains(@id, \"listView-innerSelectionPanelTable-listUl\")]/tbody/tr[16]/td[2]/div"}
COMMAND: POST /session/e1c9c002d5d3447acc7ed8721565bd54/element - {"using":"xpath","value":"//table[contains(@id, \"listView-innerSelectionPanelTable-listUl\")]/tbody/tr[16]/td[3]/div/div/span/span[1]/bdi"}
RESULT: {"using":"xpath","value":"//table[contains(@id, \"listView-innerSelectionPanelTable-listUl\")]/tbody/tr[16]/td[3]/div/div/span/span[1]/bdi"}
COMMAND: POST /session/e1c9c002d5d3447acc7ed8721565bd54/execute/sync - {"script":"<script> [56 bytes]","args":[{"element-6066-11e4-a52e-4f735466cecf":"f.06DF9BC5D4F2FE6DCE5AA073CBC21D39.d.51DC2CB1F50672627B5A8924EDDAA06E.e.8512","ELEMENT":"f.06DF9BC5D4F2FE6DCE5AA073CBC21D39.d.51DC2CB1F50672627B5A8924EDDAA06E.e.8512"}]}
RESULT: {"script":"<script> [56 bytes]","args":[{"element-6066-11e4-a52e-4f735466cecf":"f.06DF9BC5D4F2FE6DCE5AA073CBC21D39.d.51DC2CB1F50672627B5A8924EDDAA06E.e.8512","ELEMENT":"f.06DF9BC5D4F2FE6DCE5AA073CBC21D39.d.51DC2CB1F50672627B5A8924EDDAA06E.e.8512"}]}
COMMAND: GET /session/e1c9c002d5d3447acc7ed8721565bd54/element/f.06DF9BC5D4F2FE6DCE5AA073CBC21D39.d.51DC2CB1F50672627B5A8924EDDAA06E.e.8511/attribute/aria-checked - {}
COMMAND: GET /session/e1c9c002d5d3447acc7ed8721565bd54/screenshot - {}
RESULT: {}
COMMAND: POST /session/e1c9c002d5d3447acc7ed8721565bd54/element - {"using":"xpath","value":"//table[contains(@id, \"listView-innerSelectionPanelTable-listUl\")]/tbody/tr[17]/td[2]/div/div"}
RESULT: {}
RESULT: {"using":"xpath","value":"//table[contains(@id, \"listView-innerSelectionPanelTable-listUl\")]/tbody/tr[17]/td[2]/div/div"}
COMMAND: POST /session/e1c9c002d5d3447acc7ed8721565bd54/element - {"using":"xpath","value":"//table[contains(@id, \"listView-innerSelectionPanelTable-listUl\")]/tbody/tr[17]/td[2]/div"}
RESULT: {"using":"xpath","value":"//table[contains(@id, \"listView-innerSelectionPanelTable-listUl\")]/tbody/tr[17]/td[2]/div"}
COMMAND: POST /session/e1c9c002d5d3447acc7ed8721565bd54/element - {"using":"xpath","value":"//table[contains(@id, \"listView-innerSelectionPanelTable-listUl\")]/tbody/tr[17]/td[3]/div/div/span/span[1]/bdi"}
RESULT: {"using":"xpath","value":"//table[contains(@id, \"listView-innerSelectionPanelTable-listUl\")]/tbody/tr[17]/td[3]/div/div/span/span[1]/bdi"}
COMMAND: POST /session/e1c9c002d5d3447acc7ed8721565bd54/execute/sync - {"script":"<script> [56 bytes]","args":[{"element-6066-11e4-a52e-4f735466cecf":"f.06DF9BC5D4F2FE6DCE5AA073CBC21D39.d.51DC2CB1F50672627B5A8924EDDAA06E.e.8515","ELEMENT":"f.06DF9BC5D4F2FE6DCE5AA073CBC21D39.d.51DC2CB1F50672627B5A8924EDDAA06E.e.8515"}]}
RESULT: {"script":"<script> [56 bytes]","args":[{"element-6066-11e4-a52e-4f735466cecf":"f.06DF9BC5D4F2FE6DCE5AA073CBC21D39.d.51DC2CB1F50672627B5A8924EDDAA06E.e.8515","ELEMENT":"f.06DF9BC5D4F2FE6DCE5AA073CBC21D39.d.51DC2CB1F50672627B5A8924EDDAA06E.e.8515"}]}
COMMAND: GET /session/e1c9c002d5d3447acc7ed8721565bd54/element/f.06DF9BC5D4F2FE6DCE5AA073CBC21D39.d.51DC2CB1F50672627B5A8924EDDAA06E.e.8514/attribute/aria-checked - {}
COMMAND: GET /session/e1c9c002d5d3447acc7ed8721565bd54/screenshot - {}
RESULT: {}
COMMAND: POST /session/e1c9c002d5d3447acc7ed8721565bd54/element - {"using":"xpath","value":"//table[contains(@id, \"listView-innerSelectionPanelTable-listUl\")]/tbody/tr[18]/td[2]/div/div"}
RESULT: {}
RESULT: {"using":"xpath","value":"//table[contains(@id, \"listView-innerSelectionPanelTable-listUl\")]/tbody/tr[18]/td[2]/div/div"}
COMMAND: POST /session/e1c9c002d5d3447acc7ed8721565bd54/element - {"using":"xpath","value":"//table[contains(@id, \"listView-innerSelectionPanelTable-listUl\")]/tbody/tr[18]/td[2]/div"}
RESULT: {"using":"xpath","value":"//table[contains(@id, \"listView-innerSelectionPanelTable-listUl\")]/tbody/tr[18]/td[2]/div"}
COMMAND: POST /session/e1c9c002d5d3447acc7ed8721565bd54/element - {"using":"xpath","value":"//table[contains(@id, \"listView-innerSelectionPanelTable-listUl\")]/tbody/tr[18]/td[3]/div/div/span/span[1]/bdi"}
RESULT: {"using":"xpath","value":"//table[contains(@id, \"listView-innerSelectionPanelTable-listUl\")]/tbody/tr[18]/td[3]/div/div/span/span[1]/bdi"}
COMMAND: POST /session/e1c9c002d5d3447acc7ed8721565bd54/execute/sync - {"script":"<script> [56 bytes]","args":[{"element-6066-11e4-a52e-4f735466cecf":"f.06DF9BC5D4F2FE6DCE5AA073CBC21D39.d.51DC2CB1F50672627B5A8924EDDAA06E.e.8518","ELEMENT":"f.06DF9BC5D4F2FE6DCE5AA073CBC21D39.d.51DC2CB1F50672627B5A8924EDDAA06E.e.8518"}]}
RESULT: {"script":"<script> [56 bytes]","args":[{"element-6066-11e4-a52e-4f735466cecf":"f.06DF9BC5D4F2FE6DCE5AA073CBC21D39.d.51DC2CB1F50672627B5A8924EDDAA06E.e.8518","ELEMENT":"f.06DF9BC5D4F2FE6DCE5AA073CBC21D39.d.51DC2CB1F50672627B5A8924EDDAA06E.e.8518"}]}
COMMAND: GET /session/e1c9c002d5d3447acc7ed8721565bd54/element/f.06DF9BC5D4F2FE6DCE5AA073CBC21D39.d.51DC2CB1F50672627B5A8924EDDAA06E.e.8517/attribute/aria-checked - {}
COMMAND: GET /session/e1c9c002d5d3447acc7ed8721565bd54/screenshot - {}
RESULT: {}
COMMAND: POST /session/e1c9c002d5d3447acc7ed8721565bd54/element - {"using":"xpath","value":"//table[contains(@id, \"listView-innerSelectionPanelTable-listUl\")]/tbody/tr[19]/td[2]/div/div"}
RESULT: {}
RESULT: {"using":"xpath","value":"//table[contains(@id, \"listView-innerSelectionPanelTable-listUl\")]/tbody/tr[19]/td[2]/div/div"}
COMMAND: POST /session/e1c9c002d5d3447acc7ed8721565bd54/element - {"using":"xpath","value":"//table[contains(@id, \"listView-innerSelectionPanelTable-listUl\")]/tbody/tr[19]/td[2]/div"}
RESULT: {"using":"xpath","value":"//table[contains(@id, \"listView-innerSelectionPanelTable-listUl\")]/tbody/tr[19]/td[2]/div"}
COMMAND: POST /session/e1c9c002d5d3447acc7ed8721565bd54/element - {"using":"xpath","value":"//table[contains(@id, \"listView-innerSelectionPanelTable-listUl\")]/tbody/tr[19]/td[3]/div/div/span/span[1]/bdi"}
RESULT: {"using":"xpath","value":"//table[contains(@id, \"listView-innerSelectionPanelTable-listUl\")]/tbody/tr[19]/td[3]/div/div/span/span[1]/bdi"}
COMMAND: POST /session/e1c9c002d5d3447acc7ed8721565bd54/execute/sync - {"script":"<script> [56 bytes]","args":[{"element-6066-11e4-a52e-4f735466cecf":"f.06DF9BC5D4F2FE6DCE5AA073CBC21D39.d.51DC2CB1F50672627B5A8924EDDAA06E.e.8521","ELEMENT":"f.06DF9BC5D4F2FE6DCE5AA073CBC21D39.d.51DC2CB1F50672627B5A8924EDDAA06E.e.8521"}]}
RESULT: {"script":"<script> [56 bytes]","args":[{"element-6066-11e4-a52e-4f735466cecf":"f.06DF9BC5D4F2FE6DCE5AA073CBC21D39.d.51DC2CB1F50672627B5A8924EDDAA06E.e.8521","ELEMENT":"f.06DF9BC5D4F2FE6DCE5AA073CBC21D39.d.51DC2CB1F50672627B5A8924EDDAA06E.e.8521"}]}
COMMAND: GET /session/e1c9c002d5d3447acc7ed8721565bd54/element/f.06DF9BC5D4F2FE6DCE5AA073CBC21D39.d.51DC2CB1F50672627B5A8924EDDAA06E.e.8520/attribute/aria-checked - {}
COMMAND: GET /session/e1c9c002d5d3447acc7ed8721565bd54/screenshot - {}
RESULT: {}
COMMAND: POST /session/e1c9c002d5d3447acc7ed8721565bd54/element - {"using":"xpath","value":"//table[contains(@id, \"listView-innerSelectionPanelTable-listUl\")]/tbody/tr[20]/td[2]/div/div"}
RESULT: {}
RESULT: {"using":"xpath","value":"//table[contains(@id, \"listView-innerSelectionPanelTable-listUl\")]/tbody/tr[20]/td[2]/div/div"}
COMMAND: POST /session/e1c9c002d5d3447acc7ed8721565bd54/element - {"using":"xpath","value":"//table[contains(@id, \"listView-innerSelectionPanelTable-listUl\")]/tbody/tr[20]/td[2]/div"}
RESULT: {"using":"xpath","value":"//table[contains(@id, \"listView-innerSelectionPanelTable-listUl\")]/tbody/tr[20]/td[2]/div"}
COMMAND: POST /session/e1c9c002d5d3447acc7ed8721565bd54/element - {"using":"xpath","value":"//table[contains(@id, \"listView-innerSelectionPanelTable-listUl\")]/tbody/tr[20]/td[3]/div/div/span/span[1]/bdi"}
RESULT: {"using":"xpath","value":"//table[contains(@id, \"listView-innerSelectionPanelTable-listUl\")]/tbody/tr[20]/td[3]/div/div/span/span[1]/bdi"}
COMMAND: POST /session/e1c9c002d5d3447acc7ed8721565bd54/execute/sync - {"script":"<script> [56 bytes]","args":[{"element-6066-11e4-a52e-4f735466cecf":"f.06DF9BC5D4F2FE6DCE5AA073CBC21D39.d.51DC2CB1F50672627B5A8924EDDAA06E.e.8524","ELEMENT":"f.06DF9BC5D4F2FE6DCE5AA073CBC21D39.d.51DC2CB1F50672627B5A8924EDDAA06E.e.8524"}]}
RESULT: {"script":"<script> [56 bytes]","args":[{"element-6066-11e4-a52e-4f735466cecf":"f.06DF9BC5D4F2FE6DCE5AA073CBC21D39.d.51DC2CB1F50672627B5A8924EDDAA06E.e.8524","ELEMENT":"f.06DF9BC5D4F2FE6DCE5AA073CBC21D39.d.51DC2CB1F50672627B5A8924EDDAA06E.e.8524"}]}
COMMAND: GET /session/e1c9c002d5d3447acc7ed8721565bd54/element/f.06DF9BC5D4F2FE6DCE5AA073CBC21D39.d.51DC2CB1F50672627B5A8924EDDAA06E.e.8523/attribute/aria-checked - {}
COMMAND: GET /session/e1c9c002d5d3447acc7ed8721565bd54/screenshot - {}
RESULT: {}
COMMAND: POST /session/e1c9c002d5d3447acc7ed8721565bd54/element - {"using":"xpath","value":"//table[contains(@id, \"listView-innerSelectionPanelTable-listUl\")]/tbody/tr[21]/td[2]/div/div"}
RESULT: {}
RESULT: {"using":"xpath","value":"//table[contains(@id, \"listView-innerSelectionPanelTable-listUl\")]/tbody/tr[21]/td[2]/div/div"}
COMMAND: POST /session/e1c9c002d5d3447acc7ed8721565bd54/element - {"using":"xpath","value":"//table[contains(@id, \"listView-innerSelectionPanelTable-listUl\")]/tbody/tr[21]/td[2]/div"}
RESULT: {"using":"xpath","value":"//table[contains(@id, \"listView-innerSelectionPanelTable-listUl\")]/tbody/tr[21]/td[2]/div"}
COMMAND: POST /session/e1c9c002d5d3447acc7ed8721565bd54/element - {"using":"xpath","value":"//table[contains(@id, \"listView-innerSelectionPanelTable-listUl\")]/tbody/tr[21]/td[3]/div/div/span/span[1]/bdi"}
RESULT: {"using":"xpath","value":"//table[contains(@id, \"listView-innerSelectionPanelTable-listUl\")]/tbody/tr[21]/td[3]/div/div/span/span[1]/bdi"}
COMMAND: POST /session/e1c9c002d5d3447acc7ed8721565bd54/execute/sync - {"script":"<script> [56 bytes]","args":[{"element-6066-11e4-a52e-4f735466cecf":"f.06DF9BC5D4F2FE6DCE5AA073CBC21D39.d.51DC2CB1F50672627B5A8924EDDAA06E.e.8527","ELEMENT":"f.06DF9BC5D4F2FE6DCE5AA073CBC21D39.d.51DC2CB1F50672627B5A8924EDDAA06E.e.8527"}]}
RESULT: {"script":"<script> [56 bytes]","args":[{"element-6066-11e4-a52e-4f735466cecf":"f.06DF9BC5D4F2FE6DCE5AA073CBC21D39.d.51DC2CB1F50672627B5A8924EDDAA06E.e.8527","ELEMENT":"f.06DF9BC5D4F2FE6DCE5AA073CBC21D39.d.51DC2CB1F50672627B5A8924EDDAA06E.e.8527"}]}
COMMAND: GET /session/e1c9c002d5d3447acc7ed8721565bd54/element/f.06DF9BC5D4F2FE6DCE5AA073CBC21D39.d.51DC2CB1F50672627B5A8924EDDAA06E.e.8526/attribute/aria-checked - {}
COMMAND: GET /session/e1c9c002d5d3447acc7ed8721565bd54/screenshot - {}
RESULT: {}
COMMAND: POST /session/e1c9c002d5d3447acc7ed8721565bd54/element - {"using":"xpath","value":"//table[contains(@id, \"listView-innerSelectionPanelTable-listUl\")]/tbody/tr[22]/td[2]/div/div"}
RESULT: {}
RESULT: {"using":"xpath","value":"//table[contains(@id, \"listView-innerSelectionPanelTable-listUl\")]/tbody/tr[22]/td[2]/div/div"}
COMMAND: POST /session/e1c9c002d5d3447acc7ed8721565bd54/element - {"using":"xpath","value":"//table[contains(@id, \"listView-innerSelectionPanelTable-listUl\")]/tbody/tr[22]/td[2]/div"}
RESULT: {"using":"xpath","value":"//table[contains(@id, \"listView-innerSelectionPanelTable-listUl\")]/tbody/tr[22]/td[2]/div"}
COMMAND: POST /session/e1c9c002d5d3447acc7ed8721565bd54/element - {"using":"xpath","value":"//table[contains(@id, \"listView-innerSelectionPanelTable-listUl\")]/tbody/tr[22]/td[3]/div/div/span/span[1]/bdi"}
RESULT: {"using":"xpath","value":"//table[contains(@id, \"listView-innerSelectionPanelTable-listUl\")]/tbody/tr[22]/td[3]/div/div/span/span[1]/bdi"}
COMMAND: POST /session/e1c9c002d5d3447acc7ed8721565bd54/execute/sync - {"script":"<script> [56 bytes]","args":[{"element-6066-11e4-a52e-4f735466cecf":"f.06DF9BC5D4F2FE6DCE5AA073CBC21D39.d.51DC2CB1F50672627B5A8924EDDAA06E.e.8530","ELEMENT":"f.06DF9BC5D4F2FE6DCE5AA073CBC21D39.d.51DC2CB1F50672627B5A8924EDDAA06E.e.8530"}]}
RESULT: {"script":"<script> [56 bytes]","args":[{"element-6066-11e4-a52e-4f735466cecf":"f.06DF9BC5D4F2FE6DCE5AA073CBC21D39.d.51DC2CB1F50672627B5A8924EDDAA06E.e.8530","ELEMENT":"f.06DF9BC5D4F2FE6DCE5AA073CBC21D39.d.51DC2CB1F50672627B5A8924EDDAA06E.e.8530"}]}
COMMAND: GET /session/e1c9c002d5d3447acc7ed8721565bd54/element/f.06DF9BC5D4F2FE6DCE5AA073CBC21D39.d.51DC2CB1F50672627B5A8924EDDAA06E.e.8529/attribute/aria-checked - {}
COMMAND: GET /session/e1c9c002d5d3447acc7ed8721565bd54/screenshot - {}
RESULT: {}
COMMAND: POST /session/e1c9c002d5d3447acc7ed8721565bd54/element - {"using":"xpath","value":"//table[contains(@id, \"listView-innerSelectionPanelTable-listUl\")]/tbody/tr[23]/td[2]/div/div"}
RESULT: {}
RESULT: {"using":"xpath","value":"//table[contains(@id, \"listView-innerSelectionPanelTable-listUl\")]/tbody/tr[23]/td[2]/div/div"}
COMMAND: POST /session/e1c9c002d5d3447acc7ed8721565bd54/element - {"using":"xpath","value":"//table[contains(@id, \"listView-innerSelectionPanelTable-listUl\")]/tbody/tr[23]/td[2]/div"}
RESULT: {"using":"xpath","value":"//table[contains(@id, \"listView-innerSelectionPanelTable-listUl\")]/tbody/tr[23]/td[2]/div"}
COMMAND: POST /session/e1c9c002d5d3447acc7ed8721565bd54/element - {"using":"xpath","value":"//table[contains(@id, \"listView-innerSelectionPanelTable-listUl\")]/tbody/tr[23]/td[3]/div/div/span/span[1]/bdi"}
RESULT: {"using":"xpath","value":"//table[contains(@id, \"listView-innerSelectionPanelTable-listUl\")]/tbody/tr[23]/td[3]/div/div/span/span[1]/bdi"}
COMMAND: POST /session/e1c9c002d5d3447acc7ed8721565bd54/execute/sync - {"script":"<script> [56 bytes]","args":[{"element-6066-11e4-a52e-4f735466cecf":"f.06DF9BC5D4F2FE6DCE5AA073CBC21D39.d.51DC2CB1F50672627B5A8924EDDAA06E.e.8533","ELEMENT":"f.06DF9BC5D4F2FE6DCE5AA073CBC21D39.d.51DC2CB1F50672627B5A8924EDDAA06E.e.8533"}]}
RESULT: {"script":"<script> [56 bytes]","args":[{"element-6066-11e4-a52e-4f735466cecf":"f.06DF9BC5D4F2FE6DCE5AA073CBC21D39.d.51DC2CB1F50672627B5A8924EDDAA06E.e.8533","ELEMENT":"f.06DF9BC5D4F2FE6DCE5AA073CBC21D39.d.51DC2CB1F50672627B5A8924EDDAA06E.e.8533"}]}
COMMAND: GET /session/e1c9c002d5d3447acc7ed8721565bd54/element/f.06DF9BC5D4F2FE6DCE5AA073CBC21D39.d.51DC2CB1F50672627B5A8924EDDAA06E.e.8532/attribute/aria-checked - {}
COMMAND: GET /session/e1c9c002d5d3447acc7ed8721565bd54/screenshot - {}
RESULT: {}
COMMAND: POST /session/e1c9c002d5d3447acc7ed8721565bd54/element - {"using":"xpath","value":"//table[contains(@id, \"listView-innerSelectionPanelTable-listUl\")]/tbody/tr[24]/td[2]/div/div"}
RESULT: {}
RESULT: {"using":"xpath","value":"//table[contains(@id, \"listView-innerSelectionPanelTable-listUl\")]/tbody/tr[24]/td[2]/div/div"}
COMMAND: POST /session/e1c9c002d5d3447acc7ed8721565bd54/element - {"using":"xpath","value":"//table[contains(@id, \"listView-innerSelectionPanelTable-listUl\")]/tbody/tr[24]/td[2]/div"}
RESULT: {"using":"xpath","value":"//table[contains(@id, \"listView-innerSelectionPanelTable-listUl\")]/tbody/tr[24]/td[2]/div"}
COMMAND: POST /session/e1c9c002d5d3447acc7ed8721565bd54/element - {"using":"xpath","value":"//table[contains(@id, \"listView-innerSelectionPanelTable-listUl\")]/tbody/tr[24]/td[3]/div/div/span/span[1]/bdi"}
RESULT: {"using":"xpath","value":"//table[contains(@id, \"listView-innerSelectionPanelTable-listUl\")]/tbody/tr[24]/td[3]/div/div/span/span[1]/bdi"}
COMMAND: POST /session/e1c9c002d5d3447acc7ed8721565bd54/execute/sync - {"script":"<script> [56 bytes]","args":[{"element-6066-11e4-a52e-4f735466cecf":"f.06DF9BC5D4F2FE6DCE5AA073CBC21D39.d.51DC2CB1F50672627B5A8924EDDAA06E.e.8536","ELEMENT":"f.06DF9BC5D4F2FE6DCE5AA073CBC21D39.d.51DC2CB1F50672627B5A8924EDDAA06E.e.8536"}]}
RESULT: {"script":"<script> [56 bytes]","args":[{"element-6066-11e4-a52e-4f735466cecf":"f.06DF9BC5D4F2FE6DCE5AA073CBC21D39.d.51DC2CB1F50672627B5A8924EDDAA06E.e.8536","ELEMENT":"f.06DF9BC5D4F2FE6DCE5AA073CBC21D39.d.51DC2CB1F50672627B5A8924EDDAA06E.e.8536"}]}
COMMAND: GET /session/e1c9c002d5d3447acc7ed8721565bd54/element/f.06DF9BC5D4F2FE6DCE5AA073CBC21D39.d.51DC2CB1F50672627B5A8924EDDAA06E.e.8535/attribute/aria-checked - {}
COMMAND: GET /session/e1c9c002d5d3447acc7ed8721565bd54/screenshot - {}
RESULT: {}
COMMAND: POST /session/e1c9c002d5d3447acc7ed8721565bd54/element - {"using":"xpath","value":"//table[contains(@id, \"listView-innerSelectionPanelTable-listUl\")]/tbody/tr[25]/td[2]/div/div"}
RESULT: {}
RESULT: {"using":"xpath","value":"//table[contains(@id, \"listView-innerSelectionPanelTable-listUl\")]/tbody/tr[25]/td[2]/div/div"}
COMMAND: POST /session/e1c9c002d5d3447acc7ed8721565bd54/element - {"using":"xpath","value":"//table[contains(@id, \"listView-innerSelectionPanelTable-listUl\")]/tbody/tr[25]/td[2]/div"}
RESULT: {"using":"xpath","value":"//table[contains(@id, \"listView-innerSelectionPanelTable-listUl\")]/tbody/tr[25]/td[2]/div"}
COMMAND: POST /session/e1c9c002d5d3447acc7ed8721565bd54/element - {"using":"xpath","value":"//table[contains(@id, \"listView-innerSelectionPanelTable-listUl\")]/tbody/tr[25]/td[3]/div/div/span/span[1]/bdi"}
RESULT: {"using":"xpath","value":"//table[contains(@id, \"listView-innerSelectionPanelTable-listUl\")]/tbody/tr[25]/td[3]/div/div/span/span[1]/bdi"}
COMMAND: POST /session/e1c9c002d5d3447acc7ed8721565bd54/execute/sync - {"script":"<script> [56 bytes]","args":[{"element-6066-11e4-a52e-4f735466cecf":"f.06DF9BC5D4F2FE6DCE5AA073CBC21D39.d.51DC2CB1F50672627B5A8924EDDAA06E.e.8539","ELEMENT":"f.06DF9BC5D4F2FE6DCE5AA073CBC21D39.d.51DC2CB1F50672627B5A8924EDDAA06E.e.8539"}]}
RESULT: {"script":"<script> [56 bytes]","args":[{"element-6066-11e4-a52e-4f735466cecf":"f.06DF9BC5D4F2FE6DCE5AA073CBC21D39.d.51DC2CB1F50672627B5A8924EDDAA06E.e.8539","ELEMENT":"f.06DF9BC5D4F2FE6DCE5AA073CBC21D39.d.51DC2CB1F50672627B5A8924EDDAA06E.e.8539"}]}
COMMAND: GET /session/e1c9c002d5d3447acc7ed8721565bd54/element/f.06DF9BC5D4F2FE6DCE5AA073CBC21D39.d.51DC2CB1F50672627B5A8924EDDAA06E.e.8538/attribute/aria-checked - {}
COMMAND: GET /session/e1c9c002d5d3447acc7ed8721565bd54/screenshot - {}
RESULT: {}
RESULT: {}
COMMAND: POST /session/e1c9c002d5d3447acc7ed8721565bd54/element - {"using":"xpath","value":"//bdi[contains(text(), \"OK\")]"}
RESULT: {"using":"xpath","value":"//bdi[contains(text(), \"OK\")]"}
COMMAND: POST /session/e1c9c002d5d3447acc7ed8721565bd54/element/f.06DF9BC5D4F2FE6DCE5AA073CBC21D39.d.51DC2CB1F50672627B5A8924EDDAA06E.e.8540/click - {}
RESULT: {}
COMMAND: GET /session/e1c9c002d5d3447acc7ed8721565bd54/screenshot - {}
RESULT: {}
COMMAND: POST /session/e1c9c002d5d3447acc7ed8721565bd54/execute/async - {"script":"<script> [1562 bytes]","args":[{"selector":{"id":"application-managepartners-display-component---masterPtm--smartFilterBar-filterItemControlA_-LINK_TO_ADDRESSES_MAIN.CITY1-vhi"},"wdio_ui5_key":"applicationmanagepartners-display-component---masterPtm--smartFilterBar-filterItemControlA_-LINK_TO_ADDRESSES_MAIN.CITY1-vhi"}]}
RESULT: {"script":"<script> [1562 bytes]","args":[{"selector":{"id":"application-managepartners-display-component---masterPtm--smartFilterBar-filterItemControlA_-LINK_TO_ADDRESSES_MAIN.CITY1-vhi"},"wdio_ui5_key":"applicationmanagepartners-display-component---masterPtm--smartFilterBar-filterItemControlA_-LINK_TO_ADDRESSES_MAIN.CITY1-vhi"}]}
RESULT: undefined
COMMAND: POST /session/e1c9c002d5d3447acc7ed8721565bd54/element - {"using":"xpath","value":"//*[@id=\"application-managepartners-display-component---masterPtm--smartFilterBar-filterItemControlA_-LINK_TO_ADDRESSES_MAIN.CITY1-vhi\"]"}
RESULT: {"using":"xpath","value":"//*[@id=\"application-managepartners-display-component---masterPtm--smartFilterBar-filterItemControlA_-LINK_TO_ADDRESSES_MAIN.CITY1-vhi\"]"}
COMMAND: POST /session/e1c9c002d5d3447acc7ed8721565bd54/element/f.06DF9BC5D4F2FE6DCE5AA073CBC21D39.d.51DC2CB1F50672627B5A8924EDDAA06E.e.8554/click - {}
RESULT: {}
COMMAND: GET /session/e1c9c002d5d3447acc7ed8721565bd54/screenshot - {}
RESULT: {}
COMMAND: POST /session/e1c9c002d5d3447acc7ed8721565bd54/execute/async - {"script":"<script> [1562 bytes]","args":[{"selector":{"controlType":"sap.m.Input","viewName":"etm.portal.ui.managepartners.view.Master","viewId":"application-managepartners-display-component---masterPtm","properties":{"valueState":"None"},"searchOpenDialogs":true,"interaction":{"idSuffix":"inner"}},"wdio_ui5_key":"etmportal.ui.managepartners.view.Mastersap.m.Input{\"valueState\":\"None\"}"}]}
RESULT: {"script":"<script> [1562 bytes]","args":[{"selector":{"controlType":"sap.m.Input","viewName":"etm.portal.ui.managepartners.view.Master","viewId":"application-managepartners-display-component---masterPtm","properties":{"valueState":"None"},"searchOpenDialogs":true,"interaction":{"idSuffix":"inner"}},"wdio_ui5_key":"etmportal.ui.managepartners.view.Mastersap.m.Input{\"valueState\":\"None\"}"}]}
RESULT: undefined
COMMAND: POST /session/e1c9c002d5d3447acc7ed8721565bd54/execute/async - {"script":"<script> [776 bytes]","args":[{"enterText":"Bangalore","selector":{"controlType":"sap.m.Input","viewName":"etm.portal.ui.managepartners.view.Master","viewId":"application-managepartners-display-component---masterPtm","properties":{"valueState":"None"},"searchOpenDialogs":true,"interaction":{"idSuffix":"inner"}},"clearTextFirst":true,"interactionType":"ENTER_TEXT"}]}
RESULT: {"script":"<script> [776 bytes]","args":[{"enterText":"Bangalore","selector":{"controlType":"sap.m.Input","viewName":"etm.portal.ui.managepartners.view.Master","viewId":"application-managepartners-display-component---masterPtm","properties":{"valueState":"None"},"searchOpenDialogs":true,"interaction":{"idSuffix":"inner"}},"clearTextFirst":true,"interactionType":"ENTER_TEXT"}]}
COMMAND: POST /session/e1c9c002d5d3447acc7ed8721565bd54/actions - {"actions":[{"id":"action29","type":"key","parameters":{},"actions":[{"type":"keyDown","value":""},{"type":"pause","duration":10},{"type":"keyUp","value":""}]}]}
RESULT: {"actions":[{"id":"action29","type":"key","parameters":{},"actions":[{"type":"keyDown","value":""},{"type":"pause","duration":10},{"type":"keyUp","value":""}]}]}
COMMAND: GET /session/e1c9c002d5d3447acc7ed8721565bd54/screenshot - {}
RESULT: {}
COMMAND: POST /session/e1c9c002d5d3447acc7ed8721565bd54/element - {"using":"xpath","value":"(//bdi[contains(text(), \"OK\")])[1]"}
RESULT: {"using":"xpath","value":"(//bdi[contains(text(), \"OK\")])[1]"}
COMMAND: POST /session/e1c9c002d5d3447acc7ed8721565bd54/element/f.06DF9BC5D4F2FE6DCE5AA073CBC21D39.d.51DC2CB1F50672627B5A8924EDDAA06E.e.8560/click - {}
RESULT: {}
COMMAND: GET /session/e1c9c002d5d3447acc7ed8721565bd54/screenshot - {}
RESULT: {}
COMMAND: POST /session/e1c9c002d5d3447acc7ed8721565bd54/element - {"using":"xpath","value":"//span[@id=\"application-managepartners-display-component---masterPtm--smartTable-header-inner\"]"}
RESULT: {"using":"xpath","value":"//span[@id=\"application-managepartners-display-component---masterPtm--smartTable-header-inner\"]"}
COMMAND: POST /session/e1c9c002d5d3447acc7ed8721565bd54/elements - {"using":"xpath","value":"//span[@id=\"application-managepartners-display-component---masterPtm--smartTable-header-inner\"]"}
RESULT: {"using":"xpath","value":"//span[@id=\"application-managepartners-display-component---masterPtm--smartTable-header-inner\"]"}
COMMAND: POST /session/e1c9c002d5d3447acc7ed8721565bd54/execute/sync - {"script":"<script> [56 bytes]","args":[{"element-6066-11e4-a52e-4f735466cecf":"f.06DF9BC5D4F2FE6DCE5AA073CBC21D39.d.51DC2CB1F50672627B5A8924EDDAA06E.e.7685","ELEMENT":"f.06DF9BC5D4F2FE6DCE5AA073CBC21D39.d.51DC2CB1F50672627B5A8924EDDAA06E.e.7685"}]}
RESULT: {"script":"<script> [56 bytes]","args":[{"element-6066-11e4-a52e-4f735466cecf":"f.06DF9BC5D4F2FE6DCE5AA073CBC21D39.d.51DC2CB1F50672627B5A8924EDDAA06E.e.7685","ELEMENT":"f.06DF9BC5D4F2FE6DCE5AA073CBC21D39.d.51DC2CB1F50672627B5A8924EDDAA06E.e.7685"}]}
COMMAND: POST /session/e1c9c002d5d3447acc7ed8721565bd54/element - {"using":"xpath","value":"//span[contains(@title, \"Remove\")]"}
COMMAND: GET /session/e1c9c002d5d3447acc7ed8721565bd54/screenshot - {}
RESULT: {"using":"xpath","value":"//span[contains(@title, \"Remove\")]"}
COMMAND: POST /session/e1c9c002d5d3447acc7ed8721565bd54/element/f.06DF9BC5D4F2FE6DCE5AA073CBC21D39.d.51DC2CB1F50672627B5A8924EDDAA06E.e.8727/click - {}
RESULT: {}
RESULT: {}
COMMAND: GET /session/e1c9c002d5d3447acc7ed8721565bd54/screenshot - {}
RESULT: {}
COMMAND: POST /session/e1c9c002d5d3447acc7ed8721565bd54/element - {"using":"xpath","value":"//span[@id=\"application-managepartners-display-component---masterPtm--smartTable-header-inner\"]"}
RESULT: {"using":"xpath","value":"//span[@id=\"application-managepartners-display-component---masterPtm--smartTable-header-inner\"]"}
COMMAND: POST /session/e1c9c002d5d3447acc7ed8721565bd54/elements - {"using":"xpath","value":"//span[@id=\"application-managepartners-display-component---masterPtm--smartTable-header-inner\"]"}
RESULT: {"using":"xpath","value":"//span[@id=\"application-managepartners-display-component---masterPtm--smartTable-header-inner\"]"}
COMMAND: POST /session/e1c9c002d5d3447acc7ed8721565bd54/execute/sync - {"script":"<script> [56 bytes]","args":[{"element-6066-11e4-a52e-4f735466cecf":"f.06DF9BC5D4F2FE6DCE5AA073CBC21D39.d.51DC2CB1F50672627B5A8924EDDAA06E.e.7685","ELEMENT":"f.06DF9BC5D4F2FE6DCE5AA073CBC21D39.d.51DC2CB1F50672627B5A8924EDDAA06E.e.7685"}]}
RESULT: {"script":"<script> [56 bytes]","args":[{"element-6066-11e4-a52e-4f735466cecf":"f.06DF9BC5D4F2FE6DCE5AA073CBC21D39.d.51DC2CB1F50672627B5A8924EDDAA06E.e.7685","ELEMENT":"f.06DF9BC5D4F2FE6DCE5AA073CBC21D39.d.51DC2CB1F50672627B5A8924EDDAA06E.e.7685"}]}
COMMAND: POST /session/e1c9c002d5d3447acc7ed8721565bd54/element - {"using":"css selector","value":"#shell-header-logo"}
COMMAND: GET /session/e1c9c002d5d3447acc7ed8721565bd54/screenshot - {}
RESULT: {}
RESULT: {"using":"css selector","value":"#shell-header-logo"}
COMMAND: POST /session/e1c9c002d5d3447acc7ed8721565bd54/element/f.06DF9BC5D4F2FE6DCE5AA073CBC21D39.d.51DC2CB1F50672627B5A8924EDDAA06E.e.7514/click - {}
RESULT: {}
COMMAND: GET /session/e1c9c002d5d3447acc7ed8721565bd54/screenshot - {}
RESULT: {}
]]></system-out>
    </testcase>
    <testcase classname="chrome.135_0_7049_42.windows.Partner_specific_tests_US150819_US151080_US151654_US151176_US103444_US151078_US151079_US151109_US151174_US151175_US151189" name="Should try to save empty partner US151174" time="41.23">
      <system-out><![CDATA[
COMMAND: POST /session/e1c9c002d5d3447acc7ed8721565bd54/element - {"using":"xpath","value":"//li[.//span[text()=\"Manage Partners\"]]"}
RESULT: {"using":"xpath","value":"//li[.//span[text()=\"Manage Partners\"]]"}
COMMAND: POST /session/e1c9c002d5d3447acc7ed8721565bd54/element - {"using":"xpath","value":"//li[.//span[text()=\"Manage Partners\"]]"}
RESULT: {"using":"xpath","value":"//li[.//span[text()=\"Manage Partners\"]]"}
COMMAND: POST /session/e1c9c002d5d3447acc7ed8721565bd54/element - {"using":"css selector","value":"#shell-header-logo"}
RESULT: {"using":"css selector","value":"#shell-header-logo"}
COMMAND: POST /session/e1c9c002d5d3447acc7ed8721565bd54/element/f.06DF9BC5D4F2FE6DCE5AA073CBC21D39.d.51DC2CB1F50672627B5A8924EDDAA06E.e.8815/click - {}
COMMAND: POST /session/e1c9c002d5d3447acc7ed8721565bd54/execute/sync - {"script":"<script> [8489 bytes]","args":[{"element-6066-11e4-a52e-4f735466cecf":"f.06DF9BC5D4F2FE6DCE5AA073CBC21D39.d.51DC2CB1F50672627B5A8924EDDAA06E.e.8815","ELEMENT":"f.06DF9BC5D4F2FE6DCE5AA073CBC21D39.d.51DC2CB1F50672627B5A8924EDDAA06E.e.8815"}]}
RESULT: {"script":"<script> [8489 bytes]","args":[{"element-6066-11e4-a52e-4f735466cecf":"f.06DF9BC5D4F2FE6DCE5AA073CBC21D39.d.51DC2CB1F50672627B5A8924EDDAA06E.e.8815","ELEMENT":"f.06DF9BC5D4F2FE6DCE5AA073CBC21D39.d.51DC2CB1F50672627B5A8924EDDAA06E.e.8815"}]}
COMMAND: POST /session/e1c9c002d5d3447acc7ed8721565bd54/execute/sync - {"script":"<script> [5351 bytes]","args":[{"element-6066-11e4-a52e-4f735466cecf":"f.06DF9BC5D4F2FE6DCE5AA073CBC21D39.d.51DC2CB1F50672627B5A8924EDDAA06E.e.8815","ELEMENT":"f.06DF9BC5D4F2FE6DCE5AA073CBC21D39.d.51DC2CB1F50672627B5A8924EDDAA06E.e.8815"}]}
COMMAND: GET /session/e1c9c002d5d3447acc7ed8721565bd54/screenshot - {}
RESULT: {}
COMMAND: GET /session/e1c9c002d5d3447acc7ed8721565bd54/screenshot - {}
RESULT: {"script":"<script> [5351 bytes]","args":[{"element-6066-11e4-a52e-4f735466cecf":"f.06DF9BC5D4F2FE6DCE5AA073CBC21D39.d.51DC2CB1F50672627B5A8924EDDAA06E.e.8815","ELEMENT":"f.06DF9BC5D4F2FE6DCE5AA073CBC21D39.d.51DC2CB1F50672627B5A8924EDDAA06E.e.8815"}]}
COMMAND: GET /session/e1c9c002d5d3447acc7ed8721565bd54/screenshot - {}
RESULT: {}
RESULT: {}
RESULT: {}
RESULT: undefined
COMMAND: POST /session/e1c9c002d5d3447acc7ed8721565bd54/element - {"using":"xpath","value":"//*[@id=\"__tile30\"]"}
RESULT: {"using":"xpath","value":"//*[@id=\"__tile30\"]"}
COMMAND: POST /session/e1c9c002d5d3447acc7ed8721565bd54/element/f.06DF9BC5D4F2FE6DCE5AA073CBC21D39.d.51DC2CB1F50672627B5A8924EDDAA06E.e.6178/click - {}
RESULT: {}
COMMAND: POST /session/e1c9c002d5d3447acc7ed8721565bd54/element - {"using":"xpath","value":"//button[@data-kt=\"addButton\"]"}
COMMAND: GET /session/e1c9c002d5d3447acc7ed8721565bd54/screenshot - {}
RESULT: {"using":"xpath","value":"//button[@data-kt=\"addButton\"]"}
COMMAND: POST /session/e1c9c002d5d3447acc7ed8721565bd54/elements - {"using":"xpath","value":"//button[@data-kt=\"addButton\"]"}
RESULT: {}
RESULT: {"using":"xpath","value":"//button[@data-kt=\"addButton\"]"}
COMMAND: POST /session/e1c9c002d5d3447acc7ed8721565bd54/elements - {"using":"xpath","value":"//button[@data-kt=\"addButton\"]"}
RESULT: {"using":"xpath","value":"//button[@data-kt=\"addButton\"]"}
COMMAND: POST /session/e1c9c002d5d3447acc7ed8721565bd54/elements - {"using":"xpath","value":"//button[@data-kt=\"addButton\"]"}
RESULT: {"using":"xpath","value":"//button[@data-kt=\"addButton\"]"}
COMMAND: POST /session/e1c9c002d5d3447acc7ed8721565bd54/elements - {"using":"xpath","value":"//button[@data-kt=\"addButton\"]"}
RESULT: {"using":"xpath","value":"//button[@data-kt=\"addButton\"]"}
COMMAND: POST /session/e1c9c002d5d3447acc7ed8721565bd54/elements - {"using":"xpath","value":"//button[@data-kt=\"addButton\"]"}
RESULT: {"using":"xpath","value":"//button[@data-kt=\"addButton\"]"}
COMMAND: POST /session/e1c9c002d5d3447acc7ed8721565bd54/elements - {"using":"xpath","value":"//button[@data-kt=\"addButton\"]"}
RESULT: {"using":"xpath","value":"//button[@data-kt=\"addButton\"]"}
COMMAND: POST /session/e1c9c002d5d3447acc7ed8721565bd54/elements - {"using":"xpath","value":"//button[@data-kt=\"addButton\"]"}
RESULT: {"using":"xpath","value":"//button[@data-kt=\"addButton\"]"}
COMMAND: POST /session/e1c9c002d5d3447acc7ed8721565bd54/elements - {"using":"xpath","value":"//button[@data-kt=\"addButton\"]"}
RESULT: {"using":"xpath","value":"//button[@data-kt=\"addButton\"]"}
COMMAND: POST /session/e1c9c002d5d3447acc7ed8721565bd54/elements - {"using":"xpath","value":"//button[@data-kt=\"addButton\"]"}
RESULT: {"using":"xpath","value":"//button[@data-kt=\"addButton\"]"}
COMMAND: POST /session/e1c9c002d5d3447acc7ed8721565bd54/elements - {"using":"xpath","value":"//button[@data-kt=\"addButton\"]"}
RESULT: {"using":"xpath","value":"//button[@data-kt=\"addButton\"]"}
COMMAND: POST /session/e1c9c002d5d3447acc7ed8721565bd54/elements - {"using":"xpath","value":"//button[@data-kt=\"addButton\"]"}
RESULT: {"using":"xpath","value":"//button[@data-kt=\"addButton\"]"}
COMMAND: POST /session/e1c9c002d5d3447acc7ed8721565bd54/elements - {"using":"xpath","value":"//button[@data-kt=\"addButton\"]"}
RESULT: {"using":"xpath","value":"//button[@data-kt=\"addButton\"]"}
COMMAND: POST /session/e1c9c002d5d3447acc7ed8721565bd54/elements - {"using":"xpath","value":"//button[@data-kt=\"addButton\"]"}
RESULT: {"using":"xpath","value":"//button[@data-kt=\"addButton\"]"}
COMMAND: POST /session/e1c9c002d5d3447acc7ed8721565bd54/elements - {"using":"xpath","value":"//button[@data-kt=\"addButton\"]"}
RESULT: {"using":"xpath","value":"//button[@data-kt=\"addButton\"]"}
COMMAND: POST /session/e1c9c002d5d3447acc7ed8721565bd54/elements - {"using":"xpath","value":"//button[@data-kt=\"addButton\"]"}
RESULT: {"using":"xpath","value":"//button[@data-kt=\"addButton\"]"}
COMMAND: POST /session/e1c9c002d5d3447acc7ed8721565bd54/elements - {"using":"xpath","value":"//button[@data-kt=\"addButton\"]"}
RESULT: {"using":"xpath","value":"//button[@data-kt=\"addButton\"]"}
COMMAND: POST /session/e1c9c002d5d3447acc7ed8721565bd54/element - {"using":"xpath","value":"//button[@data-kt=\"addButton\"]"}
RESULT: {"using":"xpath","value":"//button[@data-kt=\"addButton\"]"}
COMMAND: POST /session/e1c9c002d5d3447acc7ed8721565bd54/execute/sync - {"script":"<script> [8489 bytes]","args":[{"element-6066-11e4-a52e-4f735466cecf":"f.06DF9BC5D4F2FE6DCE5AA073CBC21D39.d.51DC2CB1F50672627B5A8924EDDAA06E.e.8849","ELEMENT":"f.06DF9BC5D4F2FE6DCE5AA073CBC21D39.d.51DC2CB1F50672627B5A8924EDDAA06E.e.8849"}]}
RESULT: {"script":"<script> [8489 bytes]","args":[{"element-6066-11e4-a52e-4f735466cecf":"f.06DF9BC5D4F2FE6DCE5AA073CBC21D39.d.51DC2CB1F50672627B5A8924EDDAA06E.e.8849","ELEMENT":"f.06DF9BC5D4F2FE6DCE5AA073CBC21D39.d.51DC2CB1F50672627B5A8924EDDAA06E.e.8849"}]}
COMMAND: GET /session/e1c9c002d5d3447acc7ed8721565bd54/element/f.06DF9BC5D4F2FE6DCE5AA073CBC21D39.d.51DC2CB1F50672627B5A8924EDDAA06E.e.8849/enabled - {}
COMMAND: GET /session/e1c9c002d5d3447acc7ed8721565bd54/screenshot - {}
RESULT: {}
COMMAND: POST /session/e1c9c002d5d3447acc7ed8721565bd54/execute/sync - {"script":"<script> [8489 bytes]","args":[{"element-6066-11e4-a52e-4f735466cecf":"f.06DF9BC5D4F2FE6DCE5AA073CBC21D39.d.51DC2CB1F50672627B5A8924EDDAA06E.e.8849","ELEMENT":"f.06DF9BC5D4F2FE6DCE5AA073CBC21D39.d.51DC2CB1F50672627B5A8924EDDAA06E.e.8849"}]}
COMMAND: GET /session/e1c9c002d5d3447acc7ed8721565bd54/screenshot - {}
RESULT: {}
RESULT: {"script":"<script> [8489 bytes]","args":[{"element-6066-11e4-a52e-4f735466cecf":"f.06DF9BC5D4F2FE6DCE5AA073CBC21D39.d.51DC2CB1F50672627B5A8924EDDAA06E.e.8849","ELEMENT":"f.06DF9BC5D4F2FE6DCE5AA073CBC21D39.d.51DC2CB1F50672627B5A8924EDDAA06E.e.8849"}]}
COMMAND: POST /session/e1c9c002d5d3447acc7ed8721565bd54/execute/sync - {"script":"<script> [5351 bytes]","args":[{"element-6066-11e4-a52e-4f735466cecf":"f.06DF9BC5D4F2FE6DCE5AA073CBC21D39.d.51DC2CB1F50672627B5A8924EDDAA06E.e.8849","ELEMENT":"f.06DF9BC5D4F2FE6DCE5AA073CBC21D39.d.51DC2CB1F50672627B5A8924EDDAA06E.e.8849"}]}
COMMAND: GET /session/e1c9c002d5d3447acc7ed8721565bd54/screenshot - {}
RESULT: {}
RESULT: {"script":"<script> [5351 bytes]","args":[{"element-6066-11e4-a52e-4f735466cecf":"f.06DF9BC5D4F2FE6DCE5AA073CBC21D39.d.51DC2CB1F50672627B5A8924EDDAA06E.e.8849","ELEMENT":"f.06DF9BC5D4F2FE6DCE5AA073CBC21D39.d.51DC2CB1F50672627B5A8924EDDAA06E.e.8849"}]}
COMMAND: POST /session/e1c9c002d5d3447acc7ed8721565bd54/element/f.06DF9BC5D4F2FE6DCE5AA073CBC21D39.d.51DC2CB1F50672627B5A8924EDDAA06E.e.8849/click - {}
COMMAND: GET /session/e1c9c002d5d3447acc7ed8721565bd54/screenshot - {}
RESULT: {}
RESULT: {}
COMMAND: GET /session/e1c9c002d5d3447acc7ed8721565bd54/screenshot - {}
RESULT: {}
COMMAND: POST /session/e1c9c002d5d3447acc7ed8721565bd54/element - {"using":"xpath","value":"//button[@data-kt=\"saveButton\"]"}
RESULT: {}
RESULT: {"using":"xpath","value":"//button[@data-kt=\"saveButton\"]"}
COMMAND: POST /session/e1c9c002d5d3447acc7ed8721565bd54/element/f.06DF9BC5D4F2FE6DCE5AA073CBC21D39.d.51DC2CB1F50672627B5A8924EDDAA06E.e.9233/click - {}
RESULT: {}
COMMAND: GET /session/e1c9c002d5d3447acc7ed8721565bd54/screenshot - {}
RESULT: {}
COMMAND: POST /session/e1c9c002d5d3447acc7ed8721565bd54/element - {"using":"xpath","value":"//span[contains(@class, \"sapMMsgBoxText\")]"}
RESULT: {"using":"xpath","value":"//span[contains(@class, \"sapMMsgBoxText\")]"}
COMMAND: POST /session/e1c9c002d5d3447acc7ed8721565bd54/execute/sync - {"script":"<script> [56 bytes]","args":[{"element-6066-11e4-a52e-4f735466cecf":"f.06DF9BC5D4F2FE6DCE5AA073CBC21D39.d.51DC2CB1F50672627B5A8924EDDAA06E.e.9296","ELEMENT":"f.06DF9BC5D4F2FE6DCE5AA073CBC21D39.d.51DC2CB1F50672627B5A8924EDDAA06E.e.9296"}]}
RESULT: {"script":"<script> [56 bytes]","args":[{"element-6066-11e4-a52e-4f735466cecf":"f.06DF9BC5D4F2FE6DCE5AA073CBC21D39.d.51DC2CB1F50672627B5A8924EDDAA06E.e.9296","ELEMENT":"f.06DF9BC5D4F2FE6DCE5AA073CBC21D39.d.51DC2CB1F50672627B5A8924EDDAA06E.e.9296"}]}
COMMAND: POST /session/e1c9c002d5d3447acc7ed8721565bd54/element - {"using":"xpath","value":"(//bdi[contains(text(), \"Close\")])[1]"}
COMMAND: POST /session/e1c9c002d5d3447acc7ed8721565bd54/elements - {"using":"xpath","value":"//span[contains(@class, \"sapMMsgBoxText\")]"}
COMMAND: GET /session/e1c9c002d5d3447acc7ed8721565bd54/screenshot - {}
RESULT: {"using":"xpath","value":"(//bdi[contains(text(), \"Close\")])[1]"}
COMMAND: POST /session/e1c9c002d5d3447acc7ed8721565bd54/element/f.06DF9BC5D4F2FE6DCE5AA073CBC21D39.d.51DC2CB1F50672627B5A8924EDDAA06E.e.9297/click - {}
RESULT: {"using":"xpath","value":"//span[contains(@class, \"sapMMsgBoxText\")]"}
RESULT: {}
RESULT: {}
COMMAND: GET /session/e1c9c002d5d3447acc7ed8721565bd54/screenshot - {}
RESULT: {}
COMMAND: POST /session/e1c9c002d5d3447acc7ed8721565bd54/element - {"using":"css selector","value":"#shell-header-logo"}
RESULT: {"using":"css selector","value":"#shell-header-logo"}
COMMAND: POST /session/e1c9c002d5d3447acc7ed8721565bd54/element/f.06DF9BC5D4F2FE6DCE5AA073CBC21D39.d.51DC2CB1F50672627B5A8924EDDAA06E.e.8815/click - {}
RESULT: {}
COMMAND: GET /session/e1c9c002d5d3447acc7ed8721565bd54/screenshot - {}
RESULT: {}
]]></system-out>
    </testcase>
    <testcase classname="chrome.135_0_7049_42.windows.Partner_specific_tests_US150819_US151080_US151654_US151176_US103444_US151078_US151079_US151109_US151174_US151175_US151189" name="Should do various searches US151175" time="150.639">
      <system-out><![CDATA[
COMMAND: POST /session/e1c9c002d5d3447acc7ed8721565bd54/element - {"using":"xpath","value":"//li[.//span[text()=\"Manage Partners\"]]"}
RESULT: {"using":"xpath","value":"//li[.//span[text()=\"Manage Partners\"]]"}
COMMAND: POST /session/e1c9c002d5d3447acc7ed8721565bd54/element - {"using":"xpath","value":"//li[.//span[text()=\"Manage Partners\"]]"}
RESULT: {"using":"xpath","value":"//li[.//span[text()=\"Manage Partners\"]]"}
COMMAND: POST /session/e1c9c002d5d3447acc7ed8721565bd54/element - {"using":"css selector","value":"#shell-header-logo"}
RESULT: {"using":"css selector","value":"#shell-header-logo"}
COMMAND: POST /session/e1c9c002d5d3447acc7ed8721565bd54/element/f.06DF9BC5D4F2FE6DCE5AA073CBC21D39.d.51DC2CB1F50672627B5A8924EDDAA06E.e.9299/click - {}
COMMAND: POST /session/e1c9c002d5d3447acc7ed8721565bd54/execute/sync - {"script":"<script> [8489 bytes]","args":[{"element-6066-11e4-a52e-4f735466cecf":"f.06DF9BC5D4F2FE6DCE5AA073CBC21D39.d.51DC2CB1F50672627B5A8924EDDAA06E.e.9299","ELEMENT":"f.06DF9BC5D4F2FE6DCE5AA073CBC21D39.d.51DC2CB1F50672627B5A8924EDDAA06E.e.9299"}]}
RESULT: {"script":"<script> [8489 bytes]","args":[{"element-6066-11e4-a52e-4f735466cecf":"f.06DF9BC5D4F2FE6DCE5AA073CBC21D39.d.51DC2CB1F50672627B5A8924EDDAA06E.e.9299","ELEMENT":"f.06DF9BC5D4F2FE6DCE5AA073CBC21D39.d.51DC2CB1F50672627B5A8924EDDAA06E.e.9299"}]}
COMMAND: POST /session/e1c9c002d5d3447acc7ed8721565bd54/execute/sync - {"script":"<script> [5351 bytes]","args":[{"element-6066-11e4-a52e-4f735466cecf":"f.06DF9BC5D4F2FE6DCE5AA073CBC21D39.d.51DC2CB1F50672627B5A8924EDDAA06E.e.9299","ELEMENT":"f.06DF9BC5D4F2FE6DCE5AA073CBC21D39.d.51DC2CB1F50672627B5A8924EDDAA06E.e.9299"}]}
COMMAND: GET /session/e1c9c002d5d3447acc7ed8721565bd54/screenshot - {}
RESULT: {}
COMMAND: GET /session/e1c9c002d5d3447acc7ed8721565bd54/screenshot - {}
RESULT: {"script":"<script> [5351 bytes]","args":[{"element-6066-11e4-a52e-4f735466cecf":"f.06DF9BC5D4F2FE6DCE5AA073CBC21D39.d.51DC2CB1F50672627B5A8924EDDAA06E.e.9299","ELEMENT":"f.06DF9BC5D4F2FE6DCE5AA073CBC21D39.d.51DC2CB1F50672627B5A8924EDDAA06E.e.9299"}]}
COMMAND: GET /session/e1c9c002d5d3447acc7ed8721565bd54/screenshot - {}
RESULT: {}
RESULT: {}
RESULT: {}
RESULT: undefined
COMMAND: POST /session/e1c9c002d5d3447acc7ed8721565bd54/element - {"using":"xpath","value":"//*[@id=\"__tile30\"]"}
RESULT: {"using":"xpath","value":"//*[@id=\"__tile30\"]"}
COMMAND: POST /session/e1c9c002d5d3447acc7ed8721565bd54/element/f.06DF9BC5D4F2FE6DCE5AA073CBC21D39.d.51DC2CB1F50672627B5A8924EDDAA06E.e.6178/click - {}
RESULT: {}
COMMAND: POST /session/e1c9c002d5d3447acc7ed8721565bd54/element - {"using":"xpath","value":"//button[@data-kt=\"addButton\"]"}
COMMAND: GET /session/e1c9c002d5d3447acc7ed8721565bd54/screenshot - {}
RESULT: {"using":"xpath","value":"//button[@data-kt=\"addButton\"]"}
COMMAND: POST /session/e1c9c002d5d3447acc7ed8721565bd54/elements - {"using":"xpath","value":"//button[@data-kt=\"addButton\"]"}
RESULT: {}
RESULT: {"using":"xpath","value":"//button[@data-kt=\"addButton\"]"}
COMMAND: POST /session/e1c9c002d5d3447acc7ed8721565bd54/elements - {"using":"xpath","value":"//button[@data-kt=\"addButton\"]"}
RESULT: {"using":"xpath","value":"//button[@data-kt=\"addButton\"]"}
COMMAND: POST /session/e1c9c002d5d3447acc7ed8721565bd54/elements - {"using":"xpath","value":"//button[@data-kt=\"addButton\"]"}
RESULT: {"using":"xpath","value":"//button[@data-kt=\"addButton\"]"}
COMMAND: POST /session/e1c9c002d5d3447acc7ed8721565bd54/elements - {"using":"xpath","value":"//button[@data-kt=\"addButton\"]"}
RESULT: {"using":"xpath","value":"//button[@data-kt=\"addButton\"]"}
COMMAND: POST /session/e1c9c002d5d3447acc7ed8721565bd54/elements - {"using":"xpath","value":"//button[@data-kt=\"addButton\"]"}
RESULT: {"using":"xpath","value":"//button[@data-kt=\"addButton\"]"}
COMMAND: POST /session/e1c9c002d5d3447acc7ed8721565bd54/elements - {"using":"xpath","value":"//button[@data-kt=\"addButton\"]"}
RESULT: {"using":"xpath","value":"//button[@data-kt=\"addButton\"]"}
COMMAND: POST /session/e1c9c002d5d3447acc7ed8721565bd54/elements - {"using":"xpath","value":"//button[@data-kt=\"addButton\"]"}
RESULT: {"using":"xpath","value":"//button[@data-kt=\"addButton\"]"}
COMMAND: POST /session/e1c9c002d5d3447acc7ed8721565bd54/elements - {"using":"xpath","value":"//button[@data-kt=\"addButton\"]"}
RESULT: {"using":"xpath","value":"//button[@data-kt=\"addButton\"]"}
COMMAND: POST /session/e1c9c002d5d3447acc7ed8721565bd54/elements - {"using":"xpath","value":"//button[@data-kt=\"addButton\"]"}
RESULT: {"using":"xpath","value":"//button[@data-kt=\"addButton\"]"}
COMMAND: POST /session/e1c9c002d5d3447acc7ed8721565bd54/elements - {"using":"xpath","value":"//button[@data-kt=\"addButton\"]"}
RESULT: {"using":"xpath","value":"//button[@data-kt=\"addButton\"]"}
COMMAND: POST /session/e1c9c002d5d3447acc7ed8721565bd54/elements - {"using":"xpath","value":"//button[@data-kt=\"addButton\"]"}
RESULT: {"using":"xpath","value":"//button[@data-kt=\"addButton\"]"}
COMMAND: POST /session/e1c9c002d5d3447acc7ed8721565bd54/element - {"using":"xpath","value":"//button[@data-kt=\"addButton\"]"}
RESULT: {"using":"xpath","value":"//button[@data-kt=\"addButton\"]"}
COMMAND: POST /session/e1c9c002d5d3447acc7ed8721565bd54/execute/sync - {"script":"<script> [8489 bytes]","args":[{"element-6066-11e4-a52e-4f735466cecf":"f.06DF9BC5D4F2FE6DCE5AA073CBC21D39.d.51DC2CB1F50672627B5A8924EDDAA06E.e.9333","ELEMENT":"f.06DF9BC5D4F2FE6DCE5AA073CBC21D39.d.51DC2CB1F50672627B5A8924EDDAA06E.e.9333"}]}
RESULT: {"script":"<script> [8489 bytes]","args":[{"element-6066-11e4-a52e-4f735466cecf":"f.06DF9BC5D4F2FE6DCE5AA073CBC21D39.d.51DC2CB1F50672627B5A8924EDDAA06E.e.9333","ELEMENT":"f.06DF9BC5D4F2FE6DCE5AA073CBC21D39.d.51DC2CB1F50672627B5A8924EDDAA06E.e.9333"}]}
COMMAND: GET /session/e1c9c002d5d3447acc7ed8721565bd54/element/f.06DF9BC5D4F2FE6DCE5AA073CBC21D39.d.51DC2CB1F50672627B5A8924EDDAA06E.e.9333/enabled - {}
COMMAND: GET /session/e1c9c002d5d3447acc7ed8721565bd54/screenshot - {}
RESULT: {}
COMMAND: POST /session/e1c9c002d5d3447acc7ed8721565bd54/execute/sync - {"script":"<script> [8489 bytes]","args":[{"element-6066-11e4-a52e-4f735466cecf":"f.06DF9BC5D4F2FE6DCE5AA073CBC21D39.d.51DC2CB1F50672627B5A8924EDDAA06E.e.9333","ELEMENT":"f.06DF9BC5D4F2FE6DCE5AA073CBC21D39.d.51DC2CB1F50672627B5A8924EDDAA06E.e.9333"}]}
COMMAND: GET /session/e1c9c002d5d3447acc7ed8721565bd54/screenshot - {}
RESULT: {}
RESULT: {"script":"<script> [8489 bytes]","args":[{"element-6066-11e4-a52e-4f735466cecf":"f.06DF9BC5D4F2FE6DCE5AA073CBC21D39.d.51DC2CB1F50672627B5A8924EDDAA06E.e.9333","ELEMENT":"f.06DF9BC5D4F2FE6DCE5AA073CBC21D39.d.51DC2CB1F50672627B5A8924EDDAA06E.e.9333"}]}
COMMAND: POST /session/e1c9c002d5d3447acc7ed8721565bd54/execute/sync - {"script":"<script> [5351 bytes]","args":[{"element-6066-11e4-a52e-4f735466cecf":"f.06DF9BC5D4F2FE6DCE5AA073CBC21D39.d.51DC2CB1F50672627B5A8924EDDAA06E.e.9333","ELEMENT":"f.06DF9BC5D4F2FE6DCE5AA073CBC21D39.d.51DC2CB1F50672627B5A8924EDDAA06E.e.9333"}]}
COMMAND: GET /session/e1c9c002d5d3447acc7ed8721565bd54/screenshot - {}
RESULT: {}
RESULT: {"script":"<script> [5351 bytes]","args":[{"element-6066-11e4-a52e-4f735466cecf":"f.06DF9BC5D4F2FE6DCE5AA073CBC21D39.d.51DC2CB1F50672627B5A8924EDDAA06E.e.9333","ELEMENT":"f.06DF9BC5D4F2FE6DCE5AA073CBC21D39.d.51DC2CB1F50672627B5A8924EDDAA06E.e.9333"}]}
COMMAND: GET /session/e1c9c002d5d3447acc7ed8721565bd54/screenshot - {}
RESULT: {}
RESULT: {}
COMMAND: POST /session/e1c9c002d5d3447acc7ed8721565bd54/element - {"using":"xpath","value":"//span[@id=\"application-managepartners-display-component---masterPtm--smartTable-header-inner\"]"}
RESULT: {"using":"xpath","value":"//span[@id=\"application-managepartners-display-component---masterPtm--smartTable-header-inner\"]"}
COMMAND: POST /session/e1c9c002d5d3447acc7ed8721565bd54/elements - {"using":"xpath","value":"//span[@id=\"application-managepartners-display-component---masterPtm--smartTable-header-inner\"]"}
RESULT: {"using":"xpath","value":"//span[@id=\"application-managepartners-display-component---masterPtm--smartTable-header-inner\"]"}
COMMAND: POST /session/e1c9c002d5d3447acc7ed8721565bd54/execute/sync - {"script":"<script> [56 bytes]","args":[{"element-6066-11e4-a52e-4f735466cecf":"f.06DF9BC5D4F2FE6DCE5AA073CBC21D39.d.51DC2CB1F50672627B5A8924EDDAA06E.e.9469","ELEMENT":"f.06DF9BC5D4F2FE6DCE5AA073CBC21D39.d.51DC2CB1F50672627B5A8924EDDAA06E.e.9469"}]}
RESULT: {"script":"<script> [56 bytes]","args":[{"element-6066-11e4-a52e-4f735466cecf":"f.06DF9BC5D4F2FE6DCE5AA073CBC21D39.d.51DC2CB1F50672627B5A8924EDDAA06E.e.9469","ELEMENT":"f.06DF9BC5D4F2FE6DCE5AA073CBC21D39.d.51DC2CB1F50672627B5A8924EDDAA06E.e.9469"}]}
RESULT: undefined
COMMAND: POST /session/e1c9c002d5d3447acc7ed8721565bd54/element - {"using":"xpath","value":"//*[@id=\"application-managepartners-display-component---masterPtm--smartFilterBar-btnFilters\"]"}
COMMAND: GET /session/e1c9c002d5d3447acc7ed8721565bd54/screenshot - {}
RESULT: {"using":"xpath","value":"//*[@id=\"application-managepartners-display-component---masterPtm--smartFilterBar-btnFilters\"]"}
COMMAND: POST /session/e1c9c002d5d3447acc7ed8721565bd54/element/f.06DF9BC5D4F2FE6DCE5AA073CBC21D39.d.51DC2CB1F50672627B5A8924EDDAA06E.e.9321/click - {}
RESULT: {}
RESULT: {}
COMMAND: GET /session/e1c9c002d5d3447acc7ed8721565bd54/screenshot - {}
RESULT: {}
COMMAND: POST /session/e1c9c002d5d3447acc7ed8721565bd54/elements - {"using":"xpath","value":"//table[contains(@id, \"listView-innerSelectionPanelTable-listUl\")]/tbody/tr"}
RESULT: {"using":"xpath","value":"//table[contains(@id, \"listView-innerSelectionPanelTable-listUl\")]/tbody/tr"}
COMMAND: POST /session/e1c9c002d5d3447acc7ed8721565bd54/element - {"using":"xpath","value":"//table[contains(@id, \"listView-innerSelectionPanelTable-listUl\")]/tbody/tr[2]/td[2]/div/div"}
RESULT: {"using":"xpath","value":"//table[contains(@id, \"listView-innerSelectionPanelTable-listUl\")]/tbody/tr[2]/td[2]/div/div"}
COMMAND: POST /session/e1c9c002d5d3447acc7ed8721565bd54/element - {"using":"xpath","value":"//table[contains(@id, \"listView-innerSelectionPanelTable-listUl\")]/tbody/tr[2]/td[2]/div"}
RESULT: {"using":"xpath","value":"//table[contains(@id, \"listView-innerSelectionPanelTable-listUl\")]/tbody/tr[2]/td[2]/div"}
COMMAND: POST /session/e1c9c002d5d3447acc7ed8721565bd54/element - {"using":"xpath","value":"//table[contains(@id, \"listView-innerSelectionPanelTable-listUl\")]/tbody/tr[2]/td[3]/div/div/span/span[1]/bdi"}
RESULT: {"using":"xpath","value":"//table[contains(@id, \"listView-innerSelectionPanelTable-listUl\")]/tbody/tr[2]/td[3]/div/div/span/span[1]/bdi"}
COMMAND: POST /session/e1c9c002d5d3447acc7ed8721565bd54/execute/sync - {"script":"<script> [56 bytes]","args":[{"element-6066-11e4-a52e-4f735466cecf":"f.06DF9BC5D4F2FE6DCE5AA073CBC21D39.d.51DC2CB1F50672627B5A8924EDDAA06E.e.9537","ELEMENT":"f.06DF9BC5D4F2FE6DCE5AA073CBC21D39.d.51DC2CB1F50672627B5A8924EDDAA06E.e.9537"}]}
RESULT: {"script":"<script> [56 bytes]","args":[{"element-6066-11e4-a52e-4f735466cecf":"f.06DF9BC5D4F2FE6DCE5AA073CBC21D39.d.51DC2CB1F50672627B5A8924EDDAA06E.e.9537","ELEMENT":"f.06DF9BC5D4F2FE6DCE5AA073CBC21D39.d.51DC2CB1F50672627B5A8924EDDAA06E.e.9537"}]}
COMMAND: GET /session/e1c9c002d5d3447acc7ed8721565bd54/element/f.06DF9BC5D4F2FE6DCE5AA073CBC21D39.d.51DC2CB1F50672627B5A8924EDDAA06E.e.9536/attribute/aria-checked - {}
COMMAND: GET /session/e1c9c002d5d3447acc7ed8721565bd54/screenshot - {}
RESULT: {}
COMMAND: POST /session/e1c9c002d5d3447acc7ed8721565bd54/element - {"using":"xpath","value":"//table[contains(@id, \"listView-innerSelectionPanelTable-listUl\")]/tbody/tr[3]/td[2]/div/div"}
RESULT: {}
RESULT: {"using":"xpath","value":"//table[contains(@id, \"listView-innerSelectionPanelTable-listUl\")]/tbody/tr[3]/td[2]/div/div"}
COMMAND: POST /session/e1c9c002d5d3447acc7ed8721565bd54/element - {"using":"xpath","value":"//table[contains(@id, \"listView-innerSelectionPanelTable-listUl\")]/tbody/tr[3]/td[2]/div"}
RESULT: {"using":"xpath","value":"//table[contains(@id, \"listView-innerSelectionPanelTable-listUl\")]/tbody/tr[3]/td[2]/div"}
COMMAND: POST /session/e1c9c002d5d3447acc7ed8721565bd54/element - {"using":"xpath","value":"//table[contains(@id, \"listView-innerSelectionPanelTable-listUl\")]/tbody/tr[3]/td[3]/div/div/span/span[1]/bdi"}
RESULT: {"using":"xpath","value":"//table[contains(@id, \"listView-innerSelectionPanelTable-listUl\")]/tbody/tr[3]/td[3]/div/div/span/span[1]/bdi"}
COMMAND: POST /session/e1c9c002d5d3447acc7ed8721565bd54/execute/sync - {"script":"<script> [56 bytes]","args":[{"element-6066-11e4-a52e-4f735466cecf":"f.06DF9BC5D4F2FE6DCE5AA073CBC21D39.d.51DC2CB1F50672627B5A8924EDDAA06E.e.9540","ELEMENT":"f.06DF9BC5D4F2FE6DCE5AA073CBC21D39.d.51DC2CB1F50672627B5A8924EDDAA06E.e.9540"}]}
RESULT: {"script":"<script> [56 bytes]","args":[{"element-6066-11e4-a52e-4f735466cecf":"f.06DF9BC5D4F2FE6DCE5AA073CBC21D39.d.51DC2CB1F50672627B5A8924EDDAA06E.e.9540","ELEMENT":"f.06DF9BC5D4F2FE6DCE5AA073CBC21D39.d.51DC2CB1F50672627B5A8924EDDAA06E.e.9540"}]}
COMMAND: GET /session/e1c9c002d5d3447acc7ed8721565bd54/element/f.06DF9BC5D4F2FE6DCE5AA073CBC21D39.d.51DC2CB1F50672627B5A8924EDDAA06E.e.9539/attribute/aria-checked - {}
COMMAND: GET /session/e1c9c002d5d3447acc7ed8721565bd54/screenshot - {}
RESULT: {}
RESULT: {}
COMMAND: POST /session/e1c9c002d5d3447acc7ed8721565bd54/element - {"using":"xpath","value":"//table[contains(@id, \"listView-innerSelectionPanelTable-listUl\")]/tbody/tr[4]/td[2]/div/div"}
RESULT: {"using":"xpath","value":"//table[contains(@id, \"listView-innerSelectionPanelTable-listUl\")]/tbody/tr[4]/td[2]/div/div"}
COMMAND: POST /session/e1c9c002d5d3447acc7ed8721565bd54/element - {"using":"xpath","value":"//table[contains(@id, \"listView-innerSelectionPanelTable-listUl\")]/tbody/tr[4]/td[2]/div"}
RESULT: {"using":"xpath","value":"//table[contains(@id, \"listView-innerSelectionPanelTable-listUl\")]/tbody/tr[4]/td[2]/div"}
COMMAND: POST /session/e1c9c002d5d3447acc7ed8721565bd54/element - {"using":"xpath","value":"//table[contains(@id, \"listView-innerSelectionPanelTable-listUl\")]/tbody/tr[4]/td[3]/div/div/span/span[1]/bdi"}
RESULT: {"using":"xpath","value":"//table[contains(@id, \"listView-innerSelectionPanelTable-listUl\")]/tbody/tr[4]/td[3]/div/div/span/span[1]/bdi"}
COMMAND: POST /session/e1c9c002d5d3447acc7ed8721565bd54/execute/sync - {"script":"<script> [56 bytes]","args":[{"element-6066-11e4-a52e-4f735466cecf":"f.06DF9BC5D4F2FE6DCE5AA073CBC21D39.d.51DC2CB1F50672627B5A8924EDDAA06E.e.9543","ELEMENT":"f.06DF9BC5D4F2FE6DCE5AA073CBC21D39.d.51DC2CB1F50672627B5A8924EDDAA06E.e.9543"}]}
RESULT: {"script":"<script> [56 bytes]","args":[{"element-6066-11e4-a52e-4f735466cecf":"f.06DF9BC5D4F2FE6DCE5AA073CBC21D39.d.51DC2CB1F50672627B5A8924EDDAA06E.e.9543","ELEMENT":"f.06DF9BC5D4F2FE6DCE5AA073CBC21D39.d.51DC2CB1F50672627B5A8924EDDAA06E.e.9543"}]}
COMMAND: GET /session/e1c9c002d5d3447acc7ed8721565bd54/element/f.06DF9BC5D4F2FE6DCE5AA073CBC21D39.d.51DC2CB1F50672627B5A8924EDDAA06E.e.9542/attribute/aria-checked - {}
COMMAND: GET /session/e1c9c002d5d3447acc7ed8721565bd54/screenshot - {}
RESULT: {}
COMMAND: POST /session/e1c9c002d5d3447acc7ed8721565bd54/element - {"using":"xpath","value":"//table[contains(@id, \"listView-innerSelectionPanelTable-listUl\")]/tbody/tr[5]/td[2]/div/div"}
RESULT: {}
RESULT: {"using":"xpath","value":"//table[contains(@id, \"listView-innerSelectionPanelTable-listUl\")]/tbody/tr[5]/td[2]/div/div"}
COMMAND: POST /session/e1c9c002d5d3447acc7ed8721565bd54/element - {"using":"xpath","value":"//table[contains(@id, \"listView-innerSelectionPanelTable-listUl\")]/tbody/tr[5]/td[2]/div"}
RESULT: {"using":"xpath","value":"//table[contains(@id, \"listView-innerSelectionPanelTable-listUl\")]/tbody/tr[5]/td[2]/div"}
COMMAND: POST /session/e1c9c002d5d3447acc7ed8721565bd54/element - {"using":"xpath","value":"//table[contains(@id, \"listView-innerSelectionPanelTable-listUl\")]/tbody/tr[5]/td[3]/div/div/span/span[1]/bdi"}
RESULT: {"using":"xpath","value":"//table[contains(@id, \"listView-innerSelectionPanelTable-listUl\")]/tbody/tr[5]/td[3]/div/div/span/span[1]/bdi"}
COMMAND: POST /session/e1c9c002d5d3447acc7ed8721565bd54/execute/sync - {"script":"<script> [56 bytes]","args":[{"element-6066-11e4-a52e-4f735466cecf":"f.06DF9BC5D4F2FE6DCE5AA073CBC21D39.d.51DC2CB1F50672627B5A8924EDDAA06E.e.9546","ELEMENT":"f.06DF9BC5D4F2FE6DCE5AA073CBC21D39.d.51DC2CB1F50672627B5A8924EDDAA06E.e.9546"}]}
RESULT: {"script":"<script> [56 bytes]","args":[{"element-6066-11e4-a52e-4f735466cecf":"f.06DF9BC5D4F2FE6DCE5AA073CBC21D39.d.51DC2CB1F50672627B5A8924EDDAA06E.e.9546","ELEMENT":"f.06DF9BC5D4F2FE6DCE5AA073CBC21D39.d.51DC2CB1F50672627B5A8924EDDAA06E.e.9546"}]}
COMMAND: GET /session/e1c9c002d5d3447acc7ed8721565bd54/element/f.06DF9BC5D4F2FE6DCE5AA073CBC21D39.d.51DC2CB1F50672627B5A8924EDDAA06E.e.9545/attribute/aria-checked - {}
COMMAND: GET /session/e1c9c002d5d3447acc7ed8721565bd54/screenshot - {}
RESULT: {}
COMMAND: POST /session/e1c9c002d5d3447acc7ed8721565bd54/element - {"using":"xpath","value":"//table[contains(@id, \"listView-innerSelectionPanelTable-listUl\")]/tbody/tr[6]/td[2]/div/div"}
RESULT: {}
RESULT: {"using":"xpath","value":"//table[contains(@id, \"listView-innerSelectionPanelTable-listUl\")]/tbody/tr[6]/td[2]/div/div"}
COMMAND: POST /session/e1c9c002d5d3447acc7ed8721565bd54/element - {"using":"xpath","value":"//table[contains(@id, \"listView-innerSelectionPanelTable-listUl\")]/tbody/tr[6]/td[2]/div"}
RESULT: {"using":"xpath","value":"//table[contains(@id, \"listView-innerSelectionPanelTable-listUl\")]/tbody/tr[6]/td[2]/div"}
COMMAND: POST /session/e1c9c002d5d3447acc7ed8721565bd54/element - {"using":"xpath","value":"//table[contains(@id, \"listView-innerSelectionPanelTable-listUl\")]/tbody/tr[6]/td[3]/div/div/span/span[1]/bdi"}
RESULT: {"using":"xpath","value":"//table[contains(@id, \"listView-innerSelectionPanelTable-listUl\")]/tbody/tr[6]/td[3]/div/div/span/span[1]/bdi"}
COMMAND: POST /session/e1c9c002d5d3447acc7ed8721565bd54/execute/sync - {"script":"<script> [56 bytes]","args":[{"element-6066-11e4-a52e-4f735466cecf":"f.06DF9BC5D4F2FE6DCE5AA073CBC21D39.d.51DC2CB1F50672627B5A8924EDDAA06E.e.9549","ELEMENT":"f.06DF9BC5D4F2FE6DCE5AA073CBC21D39.d.51DC2CB1F50672627B5A8924EDDAA06E.e.9549"}]}
RESULT: {"script":"<script> [56 bytes]","args":[{"element-6066-11e4-a52e-4f735466cecf":"f.06DF9BC5D4F2FE6DCE5AA073CBC21D39.d.51DC2CB1F50672627B5A8924EDDAA06E.e.9549","ELEMENT":"f.06DF9BC5D4F2FE6DCE5AA073CBC21D39.d.51DC2CB1F50672627B5A8924EDDAA06E.e.9549"}]}
COMMAND: GET /session/e1c9c002d5d3447acc7ed8721565bd54/element/f.06DF9BC5D4F2FE6DCE5AA073CBC21D39.d.51DC2CB1F50672627B5A8924EDDAA06E.e.9548/attribute/aria-checked - {}
COMMAND: GET /session/e1c9c002d5d3447acc7ed8721565bd54/screenshot - {}
RESULT: {}
COMMAND: POST /session/e1c9c002d5d3447acc7ed8721565bd54/element - {"using":"xpath","value":"//table[contains(@id, \"listView-innerSelectionPanelTable-listUl\")]/tbody/tr[7]/td[2]/div/div"}
RESULT: {}
RESULT: {"using":"xpath","value":"//table[contains(@id, \"listView-innerSelectionPanelTable-listUl\")]/tbody/tr[7]/td[2]/div/div"}
COMMAND: POST /session/e1c9c002d5d3447acc7ed8721565bd54/element - {"using":"xpath","value":"//table[contains(@id, \"listView-innerSelectionPanelTable-listUl\")]/tbody/tr[7]/td[2]/div"}
RESULT: {"using":"xpath","value":"//table[contains(@id, \"listView-innerSelectionPanelTable-listUl\")]/tbody/tr[7]/td[2]/div"}
COMMAND: POST /session/e1c9c002d5d3447acc7ed8721565bd54/element - {"using":"xpath","value":"//table[contains(@id, \"listView-innerSelectionPanelTable-listUl\")]/tbody/tr[7]/td[3]/div/div/span/span[1]/bdi"}
RESULT: {"using":"xpath","value":"//table[contains(@id, \"listView-innerSelectionPanelTable-listUl\")]/tbody/tr[7]/td[3]/div/div/span/span[1]/bdi"}
COMMAND: POST /session/e1c9c002d5d3447acc7ed8721565bd54/execute/sync - {"script":"<script> [56 bytes]","args":[{"element-6066-11e4-a52e-4f735466cecf":"f.06DF9BC5D4F2FE6DCE5AA073CBC21D39.d.51DC2CB1F50672627B5A8924EDDAA06E.e.9552","ELEMENT":"f.06DF9BC5D4F2FE6DCE5AA073CBC21D39.d.51DC2CB1F50672627B5A8924EDDAA06E.e.9552"}]}
RESULT: {"script":"<script> [56 bytes]","args":[{"element-6066-11e4-a52e-4f735466cecf":"f.06DF9BC5D4F2FE6DCE5AA073CBC21D39.d.51DC2CB1F50672627B5A8924EDDAA06E.e.9552","ELEMENT":"f.06DF9BC5D4F2FE6DCE5AA073CBC21D39.d.51DC2CB1F50672627B5A8924EDDAA06E.e.9552"}]}
COMMAND: GET /session/e1c9c002d5d3447acc7ed8721565bd54/element/f.06DF9BC5D4F2FE6DCE5AA073CBC21D39.d.51DC2CB1F50672627B5A8924EDDAA06E.e.9551/attribute/aria-checked - {}
COMMAND: GET /session/e1c9c002d5d3447acc7ed8721565bd54/screenshot - {}
RESULT: {}
COMMAND: POST /session/e1c9c002d5d3447acc7ed8721565bd54/element - {"using":"xpath","value":"//table[contains(@id, \"listView-innerSelectionPanelTable-listUl\")]/tbody/tr[8]/td[2]/div/div"}
RESULT: {}
RESULT: {"using":"xpath","value":"//table[contains(@id, \"listView-innerSelectionPanelTable-listUl\")]/tbody/tr[8]/td[2]/div/div"}
COMMAND: POST /session/e1c9c002d5d3447acc7ed8721565bd54/element - {"using":"xpath","value":"//table[contains(@id, \"listView-innerSelectionPanelTable-listUl\")]/tbody/tr[8]/td[2]/div"}
RESULT: {"using":"xpath","value":"//table[contains(@id, \"listView-innerSelectionPanelTable-listUl\")]/tbody/tr[8]/td[2]/div"}
COMMAND: POST /session/e1c9c002d5d3447acc7ed8721565bd54/element - {"using":"xpath","value":"//table[contains(@id, \"listView-innerSelectionPanelTable-listUl\")]/tbody/tr[8]/td[3]/div/div/span/span[1]/bdi"}
RESULT: {"using":"xpath","value":"//table[contains(@id, \"listView-innerSelectionPanelTable-listUl\")]/tbody/tr[8]/td[3]/div/div/span/span[1]/bdi"}
COMMAND: POST /session/e1c9c002d5d3447acc7ed8721565bd54/execute/sync - {"script":"<script> [56 bytes]","args":[{"element-6066-11e4-a52e-4f735466cecf":"f.06DF9BC5D4F2FE6DCE5AA073CBC21D39.d.51DC2CB1F50672627B5A8924EDDAA06E.e.9555","ELEMENT":"f.06DF9BC5D4F2FE6DCE5AA073CBC21D39.d.51DC2CB1F50672627B5A8924EDDAA06E.e.9555"}]}
RESULT: {"script":"<script> [56 bytes]","args":[{"element-6066-11e4-a52e-4f735466cecf":"f.06DF9BC5D4F2FE6DCE5AA073CBC21D39.d.51DC2CB1F50672627B5A8924EDDAA06E.e.9555","ELEMENT":"f.06DF9BC5D4F2FE6DCE5AA073CBC21D39.d.51DC2CB1F50672627B5A8924EDDAA06E.e.9555"}]}
COMMAND: GET /session/e1c9c002d5d3447acc7ed8721565bd54/element/f.06DF9BC5D4F2FE6DCE5AA073CBC21D39.d.51DC2CB1F50672627B5A8924EDDAA06E.e.9554/attribute/aria-checked - {}
COMMAND: GET /session/e1c9c002d5d3447acc7ed8721565bd54/screenshot - {}
RESULT: {}
COMMAND: POST /session/e1c9c002d5d3447acc7ed8721565bd54/element - {"using":"xpath","value":"//table[contains(@id, \"listView-innerSelectionPanelTable-listUl\")]/tbody/tr[9]/td[2]/div/div"}
RESULT: {}
RESULT: {"using":"xpath","value":"//table[contains(@id, \"listView-innerSelectionPanelTable-listUl\")]/tbody/tr[9]/td[2]/div/div"}
COMMAND: POST /session/e1c9c002d5d3447acc7ed8721565bd54/element - {"using":"xpath","value":"//table[contains(@id, \"listView-innerSelectionPanelTable-listUl\")]/tbody/tr[9]/td[2]/div"}
RESULT: {"using":"xpath","value":"//table[contains(@id, \"listView-innerSelectionPanelTable-listUl\")]/tbody/tr[9]/td[2]/div"}
COMMAND: POST /session/e1c9c002d5d3447acc7ed8721565bd54/element - {"using":"xpath","value":"//table[contains(@id, \"listView-innerSelectionPanelTable-listUl\")]/tbody/tr[9]/td[3]/div/div/span/span[1]/bdi"}
RESULT: {"using":"xpath","value":"//table[contains(@id, \"listView-innerSelectionPanelTable-listUl\")]/tbody/tr[9]/td[3]/div/div/span/span[1]/bdi"}
COMMAND: POST /session/e1c9c002d5d3447acc7ed8721565bd54/execute/sync - {"script":"<script> [56 bytes]","args":[{"element-6066-11e4-a52e-4f735466cecf":"f.06DF9BC5D4F2FE6DCE5AA073CBC21D39.d.51DC2CB1F50672627B5A8924EDDAA06E.e.9558","ELEMENT":"f.06DF9BC5D4F2FE6DCE5AA073CBC21D39.d.51DC2CB1F50672627B5A8924EDDAA06E.e.9558"}]}
RESULT: {"script":"<script> [56 bytes]","args":[{"element-6066-11e4-a52e-4f735466cecf":"f.06DF9BC5D4F2FE6DCE5AA073CBC21D39.d.51DC2CB1F50672627B5A8924EDDAA06E.e.9558","ELEMENT":"f.06DF9BC5D4F2FE6DCE5AA073CBC21D39.d.51DC2CB1F50672627B5A8924EDDAA06E.e.9558"}]}
COMMAND: GET /session/e1c9c002d5d3447acc7ed8721565bd54/element/f.06DF9BC5D4F2FE6DCE5AA073CBC21D39.d.51DC2CB1F50672627B5A8924EDDAA06E.e.9557/attribute/aria-checked - {}
COMMAND: GET /session/e1c9c002d5d3447acc7ed8721565bd54/screenshot - {}
RESULT: {}
COMMAND: POST /session/e1c9c002d5d3447acc7ed8721565bd54/element - {"using":"xpath","value":"//table[contains(@id, \"listView-innerSelectionPanelTable-listUl\")]/tbody/tr[10]/td[2]/div/div"}
RESULT: {}
RESULT: {"using":"xpath","value":"//table[contains(@id, \"listView-innerSelectionPanelTable-listUl\")]/tbody/tr[10]/td[2]/div/div"}
COMMAND: POST /session/e1c9c002d5d3447acc7ed8721565bd54/element - {"using":"xpath","value":"//table[contains(@id, \"listView-innerSelectionPanelTable-listUl\")]/tbody/tr[10]/td[2]/div"}
RESULT: {"using":"xpath","value":"//table[contains(@id, \"listView-innerSelectionPanelTable-listUl\")]/tbody/tr[10]/td[2]/div"}
COMMAND: POST /session/e1c9c002d5d3447acc7ed8721565bd54/element - {"using":"xpath","value":"//table[contains(@id, \"listView-innerSelectionPanelTable-listUl\")]/tbody/tr[10]/td[3]/div/div/span/span[1]/bdi"}
RESULT: {"using":"xpath","value":"//table[contains(@id, \"listView-innerSelectionPanelTable-listUl\")]/tbody/tr[10]/td[3]/div/div/span/span[1]/bdi"}
COMMAND: POST /session/e1c9c002d5d3447acc7ed8721565bd54/execute/sync - {"script":"<script> [56 bytes]","args":[{"element-6066-11e4-a52e-4f735466cecf":"f.06DF9BC5D4F2FE6DCE5AA073CBC21D39.d.51DC2CB1F50672627B5A8924EDDAA06E.e.9561","ELEMENT":"f.06DF9BC5D4F2FE6DCE5AA073CBC21D39.d.51DC2CB1F50672627B5A8924EDDAA06E.e.9561"}]}
RESULT: {"script":"<script> [56 bytes]","args":[{"element-6066-11e4-a52e-4f735466cecf":"f.06DF9BC5D4F2FE6DCE5AA073CBC21D39.d.51DC2CB1F50672627B5A8924EDDAA06E.e.9561","ELEMENT":"f.06DF9BC5D4F2FE6DCE5AA073CBC21D39.d.51DC2CB1F50672627B5A8924EDDAA06E.e.9561"}]}
COMMAND: GET /session/e1c9c002d5d3447acc7ed8721565bd54/element/f.06DF9BC5D4F2FE6DCE5AA073CBC21D39.d.51DC2CB1F50672627B5A8924EDDAA06E.e.9560/attribute/aria-checked - {}
COMMAND: GET /session/e1c9c002d5d3447acc7ed8721565bd54/screenshot - {}
RESULT: {}
COMMAND: POST /session/e1c9c002d5d3447acc7ed8721565bd54/element - {"using":"xpath","value":"//table[contains(@id, \"listView-innerSelectionPanelTable-listUl\")]/tbody/tr[11]/td[2]/div/div"}
RESULT: {}
RESULT: {"using":"xpath","value":"//table[contains(@id, \"listView-innerSelectionPanelTable-listUl\")]/tbody/tr[11]/td[2]/div/div"}
COMMAND: POST /session/e1c9c002d5d3447acc7ed8721565bd54/element - {"using":"xpath","value":"//table[contains(@id, \"listView-innerSelectionPanelTable-listUl\")]/tbody/tr[11]/td[2]/div"}
RESULT: {"using":"xpath","value":"//table[contains(@id, \"listView-innerSelectionPanelTable-listUl\")]/tbody/tr[11]/td[2]/div"}
COMMAND: POST /session/e1c9c002d5d3447acc7ed8721565bd54/element - {"using":"xpath","value":"//table[contains(@id, \"listView-innerSelectionPanelTable-listUl\")]/tbody/tr[11]/td[3]/div/div/span/span[1]/bdi"}
RESULT: {"using":"xpath","value":"//table[contains(@id, \"listView-innerSelectionPanelTable-listUl\")]/tbody/tr[11]/td[3]/div/div/span/span[1]/bdi"}
COMMAND: POST /session/e1c9c002d5d3447acc7ed8721565bd54/execute/sync - {"script":"<script> [56 bytes]","args":[{"element-6066-11e4-a52e-4f735466cecf":"f.06DF9BC5D4F2FE6DCE5AA073CBC21D39.d.51DC2CB1F50672627B5A8924EDDAA06E.e.9564","ELEMENT":"f.06DF9BC5D4F2FE6DCE5AA073CBC21D39.d.51DC2CB1F50672627B5A8924EDDAA06E.e.9564"}]}
RESULT: {"script":"<script> [56 bytes]","args":[{"element-6066-11e4-a52e-4f735466cecf":"f.06DF9BC5D4F2FE6DCE5AA073CBC21D39.d.51DC2CB1F50672627B5A8924EDDAA06E.e.9564","ELEMENT":"f.06DF9BC5D4F2FE6DCE5AA073CBC21D39.d.51DC2CB1F50672627B5A8924EDDAA06E.e.9564"}]}
COMMAND: GET /session/e1c9c002d5d3447acc7ed8721565bd54/element/f.06DF9BC5D4F2FE6DCE5AA073CBC21D39.d.51DC2CB1F50672627B5A8924EDDAA06E.e.9563/attribute/aria-checked - {}
COMMAND: GET /session/e1c9c002d5d3447acc7ed8721565bd54/screenshot - {}
RESULT: {}
COMMAND: POST /session/e1c9c002d5d3447acc7ed8721565bd54/element - {"using":"xpath","value":"//table[contains(@id, \"listView-innerSelectionPanelTable-listUl\")]/tbody/tr[12]/td[2]/div/div"}
RESULT: {}
RESULT: {"using":"xpath","value":"//table[contains(@id, \"listView-innerSelectionPanelTable-listUl\")]/tbody/tr[12]/td[2]/div/div"}
COMMAND: POST /session/e1c9c002d5d3447acc7ed8721565bd54/element - {"using":"xpath","value":"//table[contains(@id, \"listView-innerSelectionPanelTable-listUl\")]/tbody/tr[12]/td[2]/div"}
RESULT: {"using":"xpath","value":"//table[contains(@id, \"listView-innerSelectionPanelTable-listUl\")]/tbody/tr[12]/td[2]/div"}
COMMAND: POST /session/e1c9c002d5d3447acc7ed8721565bd54/element - {"using":"xpath","value":"//table[contains(@id, \"listView-innerSelectionPanelTable-listUl\")]/tbody/tr[12]/td[3]/div/div/span/span[1]/bdi"}
RESULT: {"using":"xpath","value":"//table[contains(@id, \"listView-innerSelectionPanelTable-listUl\")]/tbody/tr[12]/td[3]/div/div/span/span[1]/bdi"}
COMMAND: POST /session/e1c9c002d5d3447acc7ed8721565bd54/execute/sync - {"script":"<script> [56 bytes]","args":[{"element-6066-11e4-a52e-4f735466cecf":"f.06DF9BC5D4F2FE6DCE5AA073CBC21D39.d.51DC2CB1F50672627B5A8924EDDAA06E.e.9567","ELEMENT":"f.06DF9BC5D4F2FE6DCE5AA073CBC21D39.d.51DC2CB1F50672627B5A8924EDDAA06E.e.9567"}]}
RESULT: {"script":"<script> [56 bytes]","args":[{"element-6066-11e4-a52e-4f735466cecf":"f.06DF9BC5D4F2FE6DCE5AA073CBC21D39.d.51DC2CB1F50672627B5A8924EDDAA06E.e.9567","ELEMENT":"f.06DF9BC5D4F2FE6DCE5AA073CBC21D39.d.51DC2CB1F50672627B5A8924EDDAA06E.e.9567"}]}
COMMAND: GET /session/e1c9c002d5d3447acc7ed8721565bd54/element/f.06DF9BC5D4F2FE6DCE5AA073CBC21D39.d.51DC2CB1F50672627B5A8924EDDAA06E.e.9566/attribute/aria-checked - {}
COMMAND: GET /session/e1c9c002d5d3447acc7ed8721565bd54/screenshot - {}
RESULT: {}
COMMAND: POST /session/e1c9c002d5d3447acc7ed8721565bd54/element - {"using":"xpath","value":"//table[contains(@id, \"listView-innerSelectionPanelTable-listUl\")]/tbody/tr[13]/td[2]/div/div"}
RESULT: {}
RESULT: {"using":"xpath","value":"//table[contains(@id, \"listView-innerSelectionPanelTable-listUl\")]/tbody/tr[13]/td[2]/div/div"}
COMMAND: POST /session/e1c9c002d5d3447acc7ed8721565bd54/element - {"using":"xpath","value":"//table[contains(@id, \"listView-innerSelectionPanelTable-listUl\")]/tbody/tr[13]/td[2]/div"}
RESULT: {"using":"xpath","value":"//table[contains(@id, \"listView-innerSelectionPanelTable-listUl\")]/tbody/tr[13]/td[2]/div"}
COMMAND: POST /session/e1c9c002d5d3447acc7ed8721565bd54/element - {"using":"xpath","value":"//table[contains(@id, \"listView-innerSelectionPanelTable-listUl\")]/tbody/tr[13]/td[3]/div/div/span/span[1]/bdi"}
RESULT: {"using":"xpath","value":"//table[contains(@id, \"listView-innerSelectionPanelTable-listUl\")]/tbody/tr[13]/td[3]/div/div/span/span[1]/bdi"}
COMMAND: POST /session/e1c9c002d5d3447acc7ed8721565bd54/execute/sync - {"script":"<script> [56 bytes]","args":[{"element-6066-11e4-a52e-4f735466cecf":"f.06DF9BC5D4F2FE6DCE5AA073CBC21D39.d.51DC2CB1F50672627B5A8924EDDAA06E.e.9570","ELEMENT":"f.06DF9BC5D4F2FE6DCE5AA073CBC21D39.d.51DC2CB1F50672627B5A8924EDDAA06E.e.9570"}]}
RESULT: {"script":"<script> [56 bytes]","args":[{"element-6066-11e4-a52e-4f735466cecf":"f.06DF9BC5D4F2FE6DCE5AA073CBC21D39.d.51DC2CB1F50672627B5A8924EDDAA06E.e.9570","ELEMENT":"f.06DF9BC5D4F2FE6DCE5AA073CBC21D39.d.51DC2CB1F50672627B5A8924EDDAA06E.e.9570"}]}
COMMAND: GET /session/e1c9c002d5d3447acc7ed8721565bd54/element/f.06DF9BC5D4F2FE6DCE5AA073CBC21D39.d.51DC2CB1F50672627B5A8924EDDAA06E.e.9569/attribute/aria-checked - {}
COMMAND: GET /session/e1c9c002d5d3447acc7ed8721565bd54/screenshot - {}
RESULT: {}
COMMAND: POST /session/e1c9c002d5d3447acc7ed8721565bd54/element - {"using":"xpath","value":"//table[contains(@id, \"listView-innerSelectionPanelTable-listUl\")]/tbody/tr[14]/td[2]/div/div"}
RESULT: {}
RESULT: {"using":"xpath","value":"//table[contains(@id, \"listView-innerSelectionPanelTable-listUl\")]/tbody/tr[14]/td[2]/div/div"}
COMMAND: POST /session/e1c9c002d5d3447acc7ed8721565bd54/element - {"using":"xpath","value":"//table[contains(@id, \"listView-innerSelectionPanelTable-listUl\")]/tbody/tr[14]/td[2]/div"}
RESULT: {"using":"xpath","value":"//table[contains(@id, \"listView-innerSelectionPanelTable-listUl\")]/tbody/tr[14]/td[2]/div"}
COMMAND: POST /session/e1c9c002d5d3447acc7ed8721565bd54/element - {"using":"xpath","value":"//table[contains(@id, \"listView-innerSelectionPanelTable-listUl\")]/tbody/tr[14]/td[3]/div/div/span/span[1]/bdi"}
RESULT: {"using":"xpath","value":"//table[contains(@id, \"listView-innerSelectionPanelTable-listUl\")]/tbody/tr[14]/td[3]/div/div/span/span[1]/bdi"}
COMMAND: POST /session/e1c9c002d5d3447acc7ed8721565bd54/execute/sync - {"script":"<script> [56 bytes]","args":[{"element-6066-11e4-a52e-4f735466cecf":"f.06DF9BC5D4F2FE6DCE5AA073CBC21D39.d.51DC2CB1F50672627B5A8924EDDAA06E.e.9573","ELEMENT":"f.06DF9BC5D4F2FE6DCE5AA073CBC21D39.d.51DC2CB1F50672627B5A8924EDDAA06E.e.9573"}]}
RESULT: {"script":"<script> [56 bytes]","args":[{"element-6066-11e4-a52e-4f735466cecf":"f.06DF9BC5D4F2FE6DCE5AA073CBC21D39.d.51DC2CB1F50672627B5A8924EDDAA06E.e.9573","ELEMENT":"f.06DF9BC5D4F2FE6DCE5AA073CBC21D39.d.51DC2CB1F50672627B5A8924EDDAA06E.e.9573"}]}
COMMAND: GET /session/e1c9c002d5d3447acc7ed8721565bd54/element/f.06DF9BC5D4F2FE6DCE5AA073CBC21D39.d.51DC2CB1F50672627B5A8924EDDAA06E.e.9572/attribute/aria-checked - {}
COMMAND: GET /session/e1c9c002d5d3447acc7ed8721565bd54/screenshot - {}
RESULT: {}
COMMAND: POST /session/e1c9c002d5d3447acc7ed8721565bd54/element - {"using":"xpath","value":"//table[contains(@id, \"listView-innerSelectionPanelTable-listUl\")]/tbody/tr[15]/td[2]/div/div"}
RESULT: {}
RESULT: {"using":"xpath","value":"//table[contains(@id, \"listView-innerSelectionPanelTable-listUl\")]/tbody/tr[15]/td[2]/div/div"}
COMMAND: POST /session/e1c9c002d5d3447acc7ed8721565bd54/element - {"using":"xpath","value":"//table[contains(@id, \"listView-innerSelectionPanelTable-listUl\")]/tbody/tr[15]/td[2]/div"}
RESULT: {"using":"xpath","value":"//table[contains(@id, \"listView-innerSelectionPanelTable-listUl\")]/tbody/tr[15]/td[2]/div"}
COMMAND: POST /session/e1c9c002d5d3447acc7ed8721565bd54/element - {"using":"xpath","value":"//table[contains(@id, \"listView-innerSelectionPanelTable-listUl\")]/tbody/tr[15]/td[3]/div/div/span/span[1]/bdi"}
RESULT: {"using":"xpath","value":"//table[contains(@id, \"listView-innerSelectionPanelTable-listUl\")]/tbody/tr[15]/td[3]/div/div/span/span[1]/bdi"}
COMMAND: POST /session/e1c9c002d5d3447acc7ed8721565bd54/execute/sync - {"script":"<script> [56 bytes]","args":[{"element-6066-11e4-a52e-4f735466cecf":"f.06DF9BC5D4F2FE6DCE5AA073CBC21D39.d.51DC2CB1F50672627B5A8924EDDAA06E.e.9576","ELEMENT":"f.06DF9BC5D4F2FE6DCE5AA073CBC21D39.d.51DC2CB1F50672627B5A8924EDDAA06E.e.9576"}]}
RESULT: {"script":"<script> [56 bytes]","args":[{"element-6066-11e4-a52e-4f735466cecf":"f.06DF9BC5D4F2FE6DCE5AA073CBC21D39.d.51DC2CB1F50672627B5A8924EDDAA06E.e.9576","ELEMENT":"f.06DF9BC5D4F2FE6DCE5AA073CBC21D39.d.51DC2CB1F50672627B5A8924EDDAA06E.e.9576"}]}
COMMAND: GET /session/e1c9c002d5d3447acc7ed8721565bd54/element/f.06DF9BC5D4F2FE6DCE5AA073CBC21D39.d.51DC2CB1F50672627B5A8924EDDAA06E.e.9575/attribute/aria-checked - {}
COMMAND: GET /session/e1c9c002d5d3447acc7ed8721565bd54/screenshot - {}
RESULT: {}
COMMAND: POST /session/e1c9c002d5d3447acc7ed8721565bd54/element - {"using":"xpath","value":"//table[contains(@id, \"listView-innerSelectionPanelTable-listUl\")]/tbody/tr[16]/td[2]/div/div"}
RESULT: {}
RESULT: {"using":"xpath","value":"//table[contains(@id, \"listView-innerSelectionPanelTable-listUl\")]/tbody/tr[16]/td[2]/div/div"}
COMMAND: POST /session/e1c9c002d5d3447acc7ed8721565bd54/element - {"using":"xpath","value":"//table[contains(@id, \"listView-innerSelectionPanelTable-listUl\")]/tbody/tr[16]/td[2]/div"}
RESULT: {"using":"xpath","value":"//table[contains(@id, \"listView-innerSelectionPanelTable-listUl\")]/tbody/tr[16]/td[2]/div"}
COMMAND: POST /session/e1c9c002d5d3447acc7ed8721565bd54/element - {"using":"xpath","value":"//table[contains(@id, \"listView-innerSelectionPanelTable-listUl\")]/tbody/tr[16]/td[3]/div/div/span/span[1]/bdi"}
RESULT: {"using":"xpath","value":"//table[contains(@id, \"listView-innerSelectionPanelTable-listUl\")]/tbody/tr[16]/td[3]/div/div/span/span[1]/bdi"}
COMMAND: POST /session/e1c9c002d5d3447acc7ed8721565bd54/execute/sync - {"script":"<script> [56 bytes]","args":[{"element-6066-11e4-a52e-4f735466cecf":"f.06DF9BC5D4F2FE6DCE5AA073CBC21D39.d.51DC2CB1F50672627B5A8924EDDAA06E.e.9579","ELEMENT":"f.06DF9BC5D4F2FE6DCE5AA073CBC21D39.d.51DC2CB1F50672627B5A8924EDDAA06E.e.9579"}]}
RESULT: {"script":"<script> [56 bytes]","args":[{"element-6066-11e4-a52e-4f735466cecf":"f.06DF9BC5D4F2FE6DCE5AA073CBC21D39.d.51DC2CB1F50672627B5A8924EDDAA06E.e.9579","ELEMENT":"f.06DF9BC5D4F2FE6DCE5AA073CBC21D39.d.51DC2CB1F50672627B5A8924EDDAA06E.e.9579"}]}
COMMAND: GET /session/e1c9c002d5d3447acc7ed8721565bd54/element/f.06DF9BC5D4F2FE6DCE5AA073CBC21D39.d.51DC2CB1F50672627B5A8924EDDAA06E.e.9578/attribute/aria-checked - {}
COMMAND: GET /session/e1c9c002d5d3447acc7ed8721565bd54/screenshot - {}
RESULT: {}
COMMAND: POST /session/e1c9c002d5d3447acc7ed8721565bd54/element - {"using":"xpath","value":"//table[contains(@id, \"listView-innerSelectionPanelTable-listUl\")]/tbody/tr[17]/td[2]/div/div"}
RESULT: {}
RESULT: {"using":"xpath","value":"//table[contains(@id, \"listView-innerSelectionPanelTable-listUl\")]/tbody/tr[17]/td[2]/div/div"}
COMMAND: POST /session/e1c9c002d5d3447acc7ed8721565bd54/element - {"using":"xpath","value":"//table[contains(@id, \"listView-innerSelectionPanelTable-listUl\")]/tbody/tr[17]/td[2]/div"}
RESULT: {"using":"xpath","value":"//table[contains(@id, \"listView-innerSelectionPanelTable-listUl\")]/tbody/tr[17]/td[2]/div"}
COMMAND: POST /session/e1c9c002d5d3447acc7ed8721565bd54/element - {"using":"xpath","value":"//table[contains(@id, \"listView-innerSelectionPanelTable-listUl\")]/tbody/tr[17]/td[3]/div/div/span/span[1]/bdi"}
RESULT: {"using":"xpath","value":"//table[contains(@id, \"listView-innerSelectionPanelTable-listUl\")]/tbody/tr[17]/td[3]/div/div/span/span[1]/bdi"}
COMMAND: POST /session/e1c9c002d5d3447acc7ed8721565bd54/execute/sync - {"script":"<script> [56 bytes]","args":[{"element-6066-11e4-a52e-4f735466cecf":"f.06DF9BC5D4F2FE6DCE5AA073CBC21D39.d.51DC2CB1F50672627B5A8924EDDAA06E.e.9582","ELEMENT":"f.06DF9BC5D4F2FE6DCE5AA073CBC21D39.d.51DC2CB1F50672627B5A8924EDDAA06E.e.9582"}]}
RESULT: {"script":"<script> [56 bytes]","args":[{"element-6066-11e4-a52e-4f735466cecf":"f.06DF9BC5D4F2FE6DCE5AA073CBC21D39.d.51DC2CB1F50672627B5A8924EDDAA06E.e.9582","ELEMENT":"f.06DF9BC5D4F2FE6DCE5AA073CBC21D39.d.51DC2CB1F50672627B5A8924EDDAA06E.e.9582"}]}
COMMAND: GET /session/e1c9c002d5d3447acc7ed8721565bd54/element/f.06DF9BC5D4F2FE6DCE5AA073CBC21D39.d.51DC2CB1F50672627B5A8924EDDAA06E.e.9581/attribute/aria-checked - {}
COMMAND: GET /session/e1c9c002d5d3447acc7ed8721565bd54/screenshot - {}
RESULT: {}
COMMAND: POST /session/e1c9c002d5d3447acc7ed8721565bd54/element - {"using":"xpath","value":"//table[contains(@id, \"listView-innerSelectionPanelTable-listUl\")]/tbody/tr[18]/td[2]/div/div"}
RESULT: {}
RESULT: {"using":"xpath","value":"//table[contains(@id, \"listView-innerSelectionPanelTable-listUl\")]/tbody/tr[18]/td[2]/div/div"}
COMMAND: POST /session/e1c9c002d5d3447acc7ed8721565bd54/element - {"using":"xpath","value":"//table[contains(@id, \"listView-innerSelectionPanelTable-listUl\")]/tbody/tr[18]/td[2]/div"}
RESULT: {"using":"xpath","value":"//table[contains(@id, \"listView-innerSelectionPanelTable-listUl\")]/tbody/tr[18]/td[2]/div"}
COMMAND: POST /session/e1c9c002d5d3447acc7ed8721565bd54/element - {"using":"xpath","value":"//table[contains(@id, \"listView-innerSelectionPanelTable-listUl\")]/tbody/tr[18]/td[3]/div/div/span/span[1]/bdi"}
RESULT: {"using":"xpath","value":"//table[contains(@id, \"listView-innerSelectionPanelTable-listUl\")]/tbody/tr[18]/td[3]/div/div/span/span[1]/bdi"}
COMMAND: POST /session/e1c9c002d5d3447acc7ed8721565bd54/execute/sync - {"script":"<script> [56 bytes]","args":[{"element-6066-11e4-a52e-4f735466cecf":"f.06DF9BC5D4F2FE6DCE5AA073CBC21D39.d.51DC2CB1F50672627B5A8924EDDAA06E.e.9585","ELEMENT":"f.06DF9BC5D4F2FE6DCE5AA073CBC21D39.d.51DC2CB1F50672627B5A8924EDDAA06E.e.9585"}]}
RESULT: {"script":"<script> [56 bytes]","args":[{"element-6066-11e4-a52e-4f735466cecf":"f.06DF9BC5D4F2FE6DCE5AA073CBC21D39.d.51DC2CB1F50672627B5A8924EDDAA06E.e.9585","ELEMENT":"f.06DF9BC5D4F2FE6DCE5AA073CBC21D39.d.51DC2CB1F50672627B5A8924EDDAA06E.e.9585"}]}
COMMAND: GET /session/e1c9c002d5d3447acc7ed8721565bd54/element/f.06DF9BC5D4F2FE6DCE5AA073CBC21D39.d.51DC2CB1F50672627B5A8924EDDAA06E.e.9584/attribute/aria-checked - {}
COMMAND: GET /session/e1c9c002d5d3447acc7ed8721565bd54/screenshot - {}
RESULT: {}
COMMAND: POST /session/e1c9c002d5d3447acc7ed8721565bd54/element - {"using":"xpath","value":"//table[contains(@id, \"listView-innerSelectionPanelTable-listUl\")]/tbody/tr[19]/td[2]/div/div"}
RESULT: {}
RESULT: {"using":"xpath","value":"//table[contains(@id, \"listView-innerSelectionPanelTable-listUl\")]/tbody/tr[19]/td[2]/div/div"}
COMMAND: POST /session/e1c9c002d5d3447acc7ed8721565bd54/element - {"using":"xpath","value":"//table[contains(@id, \"listView-innerSelectionPanelTable-listUl\")]/tbody/tr[19]/td[2]/div"}
RESULT: {"using":"xpath","value":"//table[contains(@id, \"listView-innerSelectionPanelTable-listUl\")]/tbody/tr[19]/td[2]/div"}
COMMAND: POST /session/e1c9c002d5d3447acc7ed8721565bd54/element - {"using":"xpath","value":"//table[contains(@id, \"listView-innerSelectionPanelTable-listUl\")]/tbody/tr[19]/td[3]/div/div/span/span[1]/bdi"}
RESULT: {"using":"xpath","value":"//table[contains(@id, \"listView-innerSelectionPanelTable-listUl\")]/tbody/tr[19]/td[3]/div/div/span/span[1]/bdi"}
COMMAND: POST /session/e1c9c002d5d3447acc7ed8721565bd54/execute/sync - {"script":"<script> [56 bytes]","args":[{"element-6066-11e4-a52e-4f735466cecf":"f.06DF9BC5D4F2FE6DCE5AA073CBC21D39.d.51DC2CB1F50672627B5A8924EDDAA06E.e.9588","ELEMENT":"f.06DF9BC5D4F2FE6DCE5AA073CBC21D39.d.51DC2CB1F50672627B5A8924EDDAA06E.e.9588"}]}
RESULT: {"script":"<script> [56 bytes]","args":[{"element-6066-11e4-a52e-4f735466cecf":"f.06DF9BC5D4F2FE6DCE5AA073CBC21D39.d.51DC2CB1F50672627B5A8924EDDAA06E.e.9588","ELEMENT":"f.06DF9BC5D4F2FE6DCE5AA073CBC21D39.d.51DC2CB1F50672627B5A8924EDDAA06E.e.9588"}]}
COMMAND: GET /session/e1c9c002d5d3447acc7ed8721565bd54/element/f.06DF9BC5D4F2FE6DCE5AA073CBC21D39.d.51DC2CB1F50672627B5A8924EDDAA06E.e.9587/attribute/aria-checked - {}
COMMAND: GET /session/e1c9c002d5d3447acc7ed8721565bd54/screenshot - {}
RESULT: {}
COMMAND: POST /session/e1c9c002d5d3447acc7ed8721565bd54/element - {"using":"xpath","value":"//table[contains(@id, \"listView-innerSelectionPanelTable-listUl\")]/tbody/tr[20]/td[2]/div/div"}
RESULT: {}
RESULT: {"using":"xpath","value":"//table[contains(@id, \"listView-innerSelectionPanelTable-listUl\")]/tbody/tr[20]/td[2]/div/div"}
COMMAND: POST /session/e1c9c002d5d3447acc7ed8721565bd54/element - {"using":"xpath","value":"//table[contains(@id, \"listView-innerSelectionPanelTable-listUl\")]/tbody/tr[20]/td[2]/div"}
RESULT: {"using":"xpath","value":"//table[contains(@id, \"listView-innerSelectionPanelTable-listUl\")]/tbody/tr[20]/td[2]/div"}
COMMAND: POST /session/e1c9c002d5d3447acc7ed8721565bd54/element - {"using":"xpath","value":"//table[contains(@id, \"listView-innerSelectionPanelTable-listUl\")]/tbody/tr[20]/td[3]/div/div/span/span[1]/bdi"}
RESULT: {"using":"xpath","value":"//table[contains(@id, \"listView-innerSelectionPanelTable-listUl\")]/tbody/tr[20]/td[3]/div/div/span/span[1]/bdi"}
COMMAND: POST /session/e1c9c002d5d3447acc7ed8721565bd54/execute/sync - {"script":"<script> [56 bytes]","args":[{"element-6066-11e4-a52e-4f735466cecf":"f.06DF9BC5D4F2FE6DCE5AA073CBC21D39.d.51DC2CB1F50672627B5A8924EDDAA06E.e.9591","ELEMENT":"f.06DF9BC5D4F2FE6DCE5AA073CBC21D39.d.51DC2CB1F50672627B5A8924EDDAA06E.e.9591"}]}
RESULT: {"script":"<script> [56 bytes]","args":[{"element-6066-11e4-a52e-4f735466cecf":"f.06DF9BC5D4F2FE6DCE5AA073CBC21D39.d.51DC2CB1F50672627B5A8924EDDAA06E.e.9591","ELEMENT":"f.06DF9BC5D4F2FE6DCE5AA073CBC21D39.d.51DC2CB1F50672627B5A8924EDDAA06E.e.9591"}]}
COMMAND: GET /session/e1c9c002d5d3447acc7ed8721565bd54/element/f.06DF9BC5D4F2FE6DCE5AA073CBC21D39.d.51DC2CB1F50672627B5A8924EDDAA06E.e.9590/attribute/aria-checked - {}
COMMAND: GET /session/e1c9c002d5d3447acc7ed8721565bd54/screenshot - {}
RESULT: {}
COMMAND: POST /session/e1c9c002d5d3447acc7ed8721565bd54/element - {"using":"xpath","value":"//table[contains(@id, \"listView-innerSelectionPanelTable-listUl\")]/tbody/tr[21]/td[2]/div/div"}
COMMAND: POST /session/e1c9c002d5d3447acc7ed8721565bd54/element/f.06DF9BC5D4F2FE6DCE5AA073CBC21D39.d.51DC2CB1F50672627B5A8924EDDAA06E.e.9589/click - {}
RESULT: {}
RESULT: {"using":"xpath","value":"//table[contains(@id, \"listView-innerSelectionPanelTable-listUl\")]/tbody/tr[21]/td[2]/div/div"}
COMMAND: POST /session/e1c9c002d5d3447acc7ed8721565bd54/element - {"using":"xpath","value":"//table[contains(@id, \"listView-innerSelectionPanelTable-listUl\")]/tbody/tr[21]/td[2]/div"}
RESULT: {}
COMMAND: GET /session/e1c9c002d5d3447acc7ed8721565bd54/screenshot - {}
RESULT: {"using":"xpath","value":"//table[contains(@id, \"listView-innerSelectionPanelTable-listUl\")]/tbody/tr[21]/td[2]/div"}
COMMAND: POST /session/e1c9c002d5d3447acc7ed8721565bd54/element - {"using":"xpath","value":"//table[contains(@id, \"listView-innerSelectionPanelTable-listUl\")]/tbody/tr[21]/td[3]/div/div/span/span[1]/bdi"}
RESULT: {}
RESULT: {"using":"xpath","value":"//table[contains(@id, \"listView-innerSelectionPanelTable-listUl\")]/tbody/tr[21]/td[3]/div/div/span/span[1]/bdi"}
COMMAND: POST /session/e1c9c002d5d3447acc7ed8721565bd54/execute/sync - {"script":"<script> [56 bytes]","args":[{"element-6066-11e4-a52e-4f735466cecf":"f.06DF9BC5D4F2FE6DCE5AA073CBC21D39.d.51DC2CB1F50672627B5A8924EDDAA06E.e.9597","ELEMENT":"f.06DF9BC5D4F2FE6DCE5AA073CBC21D39.d.51DC2CB1F50672627B5A8924EDDAA06E.e.9597"}]}
RESULT: {"script":"<script> [56 bytes]","args":[{"element-6066-11e4-a52e-4f735466cecf":"f.06DF9BC5D4F2FE6DCE5AA073CBC21D39.d.51DC2CB1F50672627B5A8924EDDAA06E.e.9597","ELEMENT":"f.06DF9BC5D4F2FE6DCE5AA073CBC21D39.d.51DC2CB1F50672627B5A8924EDDAA06E.e.9597"}]}
COMMAND: GET /session/e1c9c002d5d3447acc7ed8721565bd54/element/f.06DF9BC5D4F2FE6DCE5AA073CBC21D39.d.51DC2CB1F50672627B5A8924EDDAA06E.e.9596/attribute/aria-checked - {}
COMMAND: GET /session/e1c9c002d5d3447acc7ed8721565bd54/screenshot - {}
RESULT: {}
COMMAND: POST /session/e1c9c002d5d3447acc7ed8721565bd54/element - {"using":"xpath","value":"//table[contains(@id, \"listView-innerSelectionPanelTable-listUl\")]/tbody/tr[22]/td[2]/div/div"}
COMMAND: POST /session/e1c9c002d5d3447acc7ed8721565bd54/element/f.06DF9BC5D4F2FE6DCE5AA073CBC21D39.d.51DC2CB1F50672627B5A8924EDDAA06E.e.9592/click - {}
RESULT: {}
RESULT: {}
COMMAND: GET /session/e1c9c002d5d3447acc7ed8721565bd54/screenshot - {}
RESULT: {"using":"xpath","value":"//table[contains(@id, \"listView-innerSelectionPanelTable-listUl\")]/tbody/tr[22]/td[2]/div/div"}
COMMAND: POST /session/e1c9c002d5d3447acc7ed8721565bd54/element - {"using":"xpath","value":"//table[contains(@id, \"listView-innerSelectionPanelTable-listUl\")]/tbody/tr[22]/td[2]/div"}
RESULT: {}
RESULT: {"using":"xpath","value":"//table[contains(@id, \"listView-innerSelectionPanelTable-listUl\")]/tbody/tr[22]/td[2]/div"}
COMMAND: POST /session/e1c9c002d5d3447acc7ed8721565bd54/element - {"using":"xpath","value":"//table[contains(@id, \"listView-innerSelectionPanelTable-listUl\")]/tbody/tr[22]/td[3]/div/div/span/span[1]/bdi"}
RESULT: {"using":"xpath","value":"//table[contains(@id, \"listView-innerSelectionPanelTable-listUl\")]/tbody/tr[22]/td[3]/div/div/span/span[1]/bdi"}
COMMAND: POST /session/e1c9c002d5d3447acc7ed8721565bd54/execute/sync - {"script":"<script> [56 bytes]","args":[{"element-6066-11e4-a52e-4f735466cecf":"f.06DF9BC5D4F2FE6DCE5AA073CBC21D39.d.51DC2CB1F50672627B5A8924EDDAA06E.e.9601","ELEMENT":"f.06DF9BC5D4F2FE6DCE5AA073CBC21D39.d.51DC2CB1F50672627B5A8924EDDAA06E.e.9601"}]}
RESULT: {"script":"<script> [56 bytes]","args":[{"element-6066-11e4-a52e-4f735466cecf":"f.06DF9BC5D4F2FE6DCE5AA073CBC21D39.d.51DC2CB1F50672627B5A8924EDDAA06E.e.9601","ELEMENT":"f.06DF9BC5D4F2FE6DCE5AA073CBC21D39.d.51DC2CB1F50672627B5A8924EDDAA06E.e.9601"}]}
COMMAND: GET /session/e1c9c002d5d3447acc7ed8721565bd54/element/f.06DF9BC5D4F2FE6DCE5AA073CBC21D39.d.51DC2CB1F50672627B5A8924EDDAA06E.e.9600/attribute/aria-checked - {}
COMMAND: GET /session/e1c9c002d5d3447acc7ed8721565bd54/screenshot - {}
RESULT: {}
COMMAND: POST /session/e1c9c002d5d3447acc7ed8721565bd54/element - {"using":"xpath","value":"//table[contains(@id, \"listView-innerSelectionPanelTable-listUl\")]/tbody/tr[23]/td[2]/div/div"}
RESULT: {}
RESULT: {"using":"xpath","value":"//table[contains(@id, \"listView-innerSelectionPanelTable-listUl\")]/tbody/tr[23]/td[2]/div/div"}
COMMAND: POST /session/e1c9c002d5d3447acc7ed8721565bd54/element - {"using":"xpath","value":"//table[contains(@id, \"listView-innerSelectionPanelTable-listUl\")]/tbody/tr[23]/td[2]/div"}
RESULT: {"using":"xpath","value":"//table[contains(@id, \"listView-innerSelectionPanelTable-listUl\")]/tbody/tr[23]/td[2]/div"}
COMMAND: POST /session/e1c9c002d5d3447acc7ed8721565bd54/element - {"using":"xpath","value":"//table[contains(@id, \"listView-innerSelectionPanelTable-listUl\")]/tbody/tr[23]/td[3]/div/div/span/span[1]/bdi"}
RESULT: {"using":"xpath","value":"//table[contains(@id, \"listView-innerSelectionPanelTable-listUl\")]/tbody/tr[23]/td[3]/div/div/span/span[1]/bdi"}
COMMAND: POST /session/e1c9c002d5d3447acc7ed8721565bd54/execute/sync - {"script":"<script> [56 bytes]","args":[{"element-6066-11e4-a52e-4f735466cecf":"f.06DF9BC5D4F2FE6DCE5AA073CBC21D39.d.51DC2CB1F50672627B5A8924EDDAA06E.e.9604","ELEMENT":"f.06DF9BC5D4F2FE6DCE5AA073CBC21D39.d.51DC2CB1F50672627B5A8924EDDAA06E.e.9604"}]}
RESULT: {"script":"<script> [56 bytes]","args":[{"element-6066-11e4-a52e-4f735466cecf":"f.06DF9BC5D4F2FE6DCE5AA073CBC21D39.d.51DC2CB1F50672627B5A8924EDDAA06E.e.9604","ELEMENT":"f.06DF9BC5D4F2FE6DCE5AA073CBC21D39.d.51DC2CB1F50672627B5A8924EDDAA06E.e.9604"}]}
COMMAND: GET /session/e1c9c002d5d3447acc7ed8721565bd54/element/f.06DF9BC5D4F2FE6DCE5AA073CBC21D39.d.51DC2CB1F50672627B5A8924EDDAA06E.e.9603/attribute/aria-checked - {}
COMMAND: GET /session/e1c9c002d5d3447acc7ed8721565bd54/screenshot - {}
RESULT: {}
COMMAND: POST /session/e1c9c002d5d3447acc7ed8721565bd54/element - {"using":"xpath","value":"//table[contains(@id, \"listView-innerSelectionPanelTable-listUl\")]/tbody/tr[24]/td[2]/div/div"}
RESULT: {}
RESULT: {"using":"xpath","value":"//table[contains(@id, \"listView-innerSelectionPanelTable-listUl\")]/tbody/tr[24]/td[2]/div/div"}
COMMAND: POST /session/e1c9c002d5d3447acc7ed8721565bd54/element - {"using":"xpath","value":"//table[contains(@id, \"listView-innerSelectionPanelTable-listUl\")]/tbody/tr[24]/td[2]/div"}
RESULT: {"using":"xpath","value":"//table[contains(@id, \"listView-innerSelectionPanelTable-listUl\")]/tbody/tr[24]/td[2]/div"}
COMMAND: POST /session/e1c9c002d5d3447acc7ed8721565bd54/element - {"using":"xpath","value":"//table[contains(@id, \"listView-innerSelectionPanelTable-listUl\")]/tbody/tr[24]/td[3]/div/div/span/span[1]/bdi"}
RESULT: {"using":"xpath","value":"//table[contains(@id, \"listView-innerSelectionPanelTable-listUl\")]/tbody/tr[24]/td[3]/div/div/span/span[1]/bdi"}
COMMAND: POST /session/e1c9c002d5d3447acc7ed8721565bd54/execute/sync - {"script":"<script> [56 bytes]","args":[{"element-6066-11e4-a52e-4f735466cecf":"f.06DF9BC5D4F2FE6DCE5AA073CBC21D39.d.51DC2CB1F50672627B5A8924EDDAA06E.e.9607","ELEMENT":"f.06DF9BC5D4F2FE6DCE5AA073CBC21D39.d.51DC2CB1F50672627B5A8924EDDAA06E.e.9607"}]}
RESULT: {"script":"<script> [56 bytes]","args":[{"element-6066-11e4-a52e-4f735466cecf":"f.06DF9BC5D4F2FE6DCE5AA073CBC21D39.d.51DC2CB1F50672627B5A8924EDDAA06E.e.9607","ELEMENT":"f.06DF9BC5D4F2FE6DCE5AA073CBC21D39.d.51DC2CB1F50672627B5A8924EDDAA06E.e.9607"}]}
COMMAND: GET /session/e1c9c002d5d3447acc7ed8721565bd54/element/f.06DF9BC5D4F2FE6DCE5AA073CBC21D39.d.51DC2CB1F50672627B5A8924EDDAA06E.e.9606/attribute/aria-checked - {}
COMMAND: GET /session/e1c9c002d5d3447acc7ed8721565bd54/screenshot - {}
RESULT: {}
COMMAND: POST /session/e1c9c002d5d3447acc7ed8721565bd54/element - {"using":"xpath","value":"//table[contains(@id, \"listView-innerSelectionPanelTable-listUl\")]/tbody/tr[25]/td[2]/div/div"}
RESULT: {}
RESULT: {"using":"xpath","value":"//table[contains(@id, \"listView-innerSelectionPanelTable-listUl\")]/tbody/tr[25]/td[2]/div/div"}
COMMAND: POST /session/e1c9c002d5d3447acc7ed8721565bd54/element - {"using":"xpath","value":"//table[contains(@id, \"listView-innerSelectionPanelTable-listUl\")]/tbody/tr[25]/td[2]/div"}
RESULT: {"using":"xpath","value":"//table[contains(@id, \"listView-innerSelectionPanelTable-listUl\")]/tbody/tr[25]/td[2]/div"}
COMMAND: POST /session/e1c9c002d5d3447acc7ed8721565bd54/element - {"using":"xpath","value":"//table[contains(@id, \"listView-innerSelectionPanelTable-listUl\")]/tbody/tr[25]/td[3]/div/div/span/span[1]/bdi"}
RESULT: {"using":"xpath","value":"//table[contains(@id, \"listView-innerSelectionPanelTable-listUl\")]/tbody/tr[25]/td[3]/div/div/span/span[1]/bdi"}
COMMAND: POST /session/e1c9c002d5d3447acc7ed8721565bd54/execute/sync - {"script":"<script> [56 bytes]","args":[{"element-6066-11e4-a52e-4f735466cecf":"f.06DF9BC5D4F2FE6DCE5AA073CBC21D39.d.51DC2CB1F50672627B5A8924EDDAA06E.e.9610","ELEMENT":"f.06DF9BC5D4F2FE6DCE5AA073CBC21D39.d.51DC2CB1F50672627B5A8924EDDAA06E.e.9610"}]}
RESULT: {"script":"<script> [56 bytes]","args":[{"element-6066-11e4-a52e-4f735466cecf":"f.06DF9BC5D4F2FE6DCE5AA073CBC21D39.d.51DC2CB1F50672627B5A8924EDDAA06E.e.9610","ELEMENT":"f.06DF9BC5D4F2FE6DCE5AA073CBC21D39.d.51DC2CB1F50672627B5A8924EDDAA06E.e.9610"}]}
COMMAND: GET /session/e1c9c002d5d3447acc7ed8721565bd54/element/f.06DF9BC5D4F2FE6DCE5AA073CBC21D39.d.51DC2CB1F50672627B5A8924EDDAA06E.e.9609/attribute/aria-checked - {}
COMMAND: GET /session/e1c9c002d5d3447acc7ed8721565bd54/screenshot - {}
RESULT: {}
COMMAND: POST /session/e1c9c002d5d3447acc7ed8721565bd54/element - {"using":"xpath","value":"//bdi[contains(text(), \"OK\")]"}
RESULT: {}
RESULT: {"using":"xpath","value":"//bdi[contains(text(), \"OK\")]"}
COMMAND: POST /session/e1c9c002d5d3447acc7ed8721565bd54/element/f.06DF9BC5D4F2FE6DCE5AA073CBC21D39.d.51DC2CB1F50672627B5A8924EDDAA06E.e.9611/click - {}
RESULT: {}
COMMAND: GET /session/e1c9c002d5d3447acc7ed8721565bd54/screenshot - {}
RESULT: {}
COMMAND: POST /session/e1c9c002d5d3447acc7ed8721565bd54/execute/async - {"script":"<script> [1562 bytes]","args":[{"selector":{"id":"application-managepartners-display-component---masterPtm--smartFilterBar-filterItemControlA_-LINK_TO_ADDRESSES_MAIN.ID-vhi"},"wdio_ui5_key":"applicationmanagepartners-display-component---masterPtm--smartFilterBar-filterItemControlA_-LINK_TO_ADDRESSES_MAIN.ID-vhi"}]}
RESULT: {"script":"<script> [1562 bytes]","args":[{"selector":{"id":"application-managepartners-display-component---masterPtm--smartFilterBar-filterItemControlA_-LINK_TO_ADDRESSES_MAIN.ID-vhi"},"wdio_ui5_key":"applicationmanagepartners-display-component---masterPtm--smartFilterBar-filterItemControlA_-LINK_TO_ADDRESSES_MAIN.ID-vhi"}]}
RESULT: undefined
COMMAND: POST /session/e1c9c002d5d3447acc7ed8721565bd54/element - {"using":"xpath","value":"//*[@id=\"application-managepartners-display-component---masterPtm--smartFilterBar-filterItemControlA_-LINK_TO_ADDRESSES_MAIN.ID-vhi\"]"}
RESULT: {"using":"xpath","value":"//*[@id=\"application-managepartners-display-component---masterPtm--smartFilterBar-filterItemControlA_-LINK_TO_ADDRESSES_MAIN.ID-vhi\"]"}
COMMAND: POST /session/e1c9c002d5d3447acc7ed8721565bd54/element/f.06DF9BC5D4F2FE6DCE5AA073CBC21D39.d.51DC2CB1F50672627B5A8924EDDAA06E.e.9624/click - {}
RESULT: {}
COMMAND: GET /session/e1c9c002d5d3447acc7ed8721565bd54/screenshot - {}
RESULT: {}
COMMAND: POST /session/e1c9c002d5d3447acc7ed8721565bd54/execute/async - {"script":"<script> [1562 bytes]","args":[{"selector":{"controlType":"sap.ui.core.Icon","viewName":"etm.portal.ui.managepartners.view.Master","viewId":"application-managepartners-display-component---masterPtm","properties":{"src":{"regex":{"source":"slim\\-arrow\\-down"}}},"searchOpenDialogs":true},"wdio_ui5_key":"etmportal.ui.managepartners.view.Mastersap.ui.core.Icon{\"src\":{\"regex\":{\"source\":\"slim\\\\-arrow\\\\-down\"}}}"}]}
RESULT: {"script":"<script> [1562 bytes]","args":[{"selector":{"controlType":"sap.ui.core.Icon","viewName":"etm.portal.ui.managepartners.view.Master","viewId":"application-managepartners-display-component---masterPtm","properties":{"src":{"regex":{"source":"slim\\-arrow\\-down"}}},"searchOpenDialogs":true},"wdio_ui5_key":"etmportal.ui.managepartners.view.Mastersap.ui.core.Icon{\"src\":{\"regex\":{\"source\":\"slim\\\\-arrow\\\\-down\"}}}"}]}
RESULT: undefined
COMMAND: POST /session/e1c9c002d5d3447acc7ed8721565bd54/element - {"using":"xpath","value":"//*[@id=\"__box77-arrow\"]"}
RESULT: {"using":"xpath","value":"//*[@id=\"__box77-arrow\"]"}
COMMAND: POST /session/e1c9c002d5d3447acc7ed8721565bd54/element/f.06DF9BC5D4F2FE6DCE5AA073CBC21D39.d.51DC2CB1F50672627B5A8924EDDAA06E.e.9629/click - {}
RESULT: {}
COMMAND: GET /session/e1c9c002d5d3447acc7ed8721565bd54/screenshot - {}
RESULT: {}
COMMAND: POST /session/e1c9c002d5d3447acc7ed8721565bd54/element - {"using":"xpath","value":"//li[.//span[text()='equal to']]"}
RESULT: {"using":"xpath","value":"//li[.//span[text()='equal to']]"}
COMMAND: POST /session/e1c9c002d5d3447acc7ed8721565bd54/element/f.06DF9BC5D4F2FE6DCE5AA073CBC21D39.d.51DC2CB1F50672627B5A8924EDDAA06E.e.9630/click - {}
RESULT: {}
COMMAND: GET /session/e1c9c002d5d3447acc7ed8721565bd54/screenshot - {}
RESULT: {}
RESULT: undefined
COMMAND: POST /session/e1c9c002d5d3447acc7ed8721565bd54/execute/async - {"script":"<script> [776 bytes]","args":[{"enterText":"1006","selector":{"controlType":"sap.m.Input","viewName":"etm.portal.ui.managepartners.view.Master","viewId":"application-managepartners-display-component---masterPtm","properties":{"valueState":"None"},"searchOpenDialogs":true,"interaction":{"idSuffix":"inner"}},"clearTextFirst":true,"interactionType":"ENTER_TEXT"}]}
RESULT: {"script":"<script> [776 bytes]","args":[{"enterText":"1006","selector":{"controlType":"sap.m.Input","viewName":"etm.portal.ui.managepartners.view.Master","viewId":"application-managepartners-display-component---masterPtm","properties":{"valueState":"None"},"searchOpenDialogs":true,"interaction":{"idSuffix":"inner"}},"clearTextFirst":true,"interactionType":"ENTER_TEXT"}]}
COMMAND: POST /session/e1c9c002d5d3447acc7ed8721565bd54/actions - {"actions":[{"id":"action30","type":"key","parameters":{},"actions":[{"type":"keyDown","value":""},{"type":"pause","duration":10},{"type":"keyUp","value":""}]}]}
RESULT: {"actions":[{"id":"action30","type":"key","parameters":{},"actions":[{"type":"keyDown","value":""},{"type":"pause","duration":10},{"type":"keyUp","value":""}]}]}
COMMAND: GET /session/e1c9c002d5d3447acc7ed8721565bd54/screenshot - {}
RESULT: {}
COMMAND: POST /session/e1c9c002d5d3447acc7ed8721565bd54/element - {"using":"xpath","value":"(//bdi[contains(text(), \"OK\")])[1]"}
RESULT: {"using":"xpath","value":"(//bdi[contains(text(), \"OK\")])[1]"}
COMMAND: POST /session/e1c9c002d5d3447acc7ed8721565bd54/element/f.06DF9BC5D4F2FE6DCE5AA073CBC21D39.d.51DC2CB1F50672627B5A8924EDDAA06E.e.9631/click - {}
RESULT: {}
COMMAND: GET /session/e1c9c002d5d3447acc7ed8721565bd54/screenshot - {}
RESULT: {}
COMMAND: POST /session/e1c9c002d5d3447acc7ed8721565bd54/element - {"using":"xpath","value":"//span[@id=\"application-managepartners-display-component---masterPtm--smartTable-header-inner\"]"}
RESULT: {"using":"xpath","value":"//span[@id=\"application-managepartners-display-component---masterPtm--smartTable-header-inner\"]"}
COMMAND: POST /session/e1c9c002d5d3447acc7ed8721565bd54/elements - {"using":"xpath","value":"//span[@id=\"application-managepartners-display-component---masterPtm--smartTable-header-inner\"]"}
RESULT: {"using":"xpath","value":"//span[@id=\"application-managepartners-display-component---masterPtm--smartTable-header-inner\"]"}
COMMAND: POST /session/e1c9c002d5d3447acc7ed8721565bd54/execute/sync - {"script":"<script> [56 bytes]","args":[{"element-6066-11e4-a52e-4f735466cecf":"f.06DF9BC5D4F2FE6DCE5AA073CBC21D39.d.51DC2CB1F50672627B5A8924EDDAA06E.e.9469","ELEMENT":"f.06DF9BC5D4F2FE6DCE5AA073CBC21D39.d.51DC2CB1F50672627B5A8924EDDAA06E.e.9469"}]}
RESULT: {"script":"<script> [56 bytes]","args":[{"element-6066-11e4-a52e-4f735466cecf":"f.06DF9BC5D4F2FE6DCE5AA073CBC21D39.d.51DC2CB1F50672627B5A8924EDDAA06E.e.9469","ELEMENT":"f.06DF9BC5D4F2FE6DCE5AA073CBC21D39.d.51DC2CB1F50672627B5A8924EDDAA06E.e.9469"}]}
COMMAND: POST /session/e1c9c002d5d3447acc7ed8721565bd54/element - {"using":"xpath","value":"//span[contains(@title, \"Remove\")]"}
COMMAND: GET /session/e1c9c002d5d3447acc7ed8721565bd54/screenshot - {}
RESULT: {"using":"xpath","value":"//span[contains(@title, \"Remove\")]"}
COMMAND: POST /session/e1c9c002d5d3447acc7ed8721565bd54/element/f.06DF9BC5D4F2FE6DCE5AA073CBC21D39.d.51DC2CB1F50672627B5A8924EDDAA06E.e.9641/click - {}
RESULT: {}
RESULT: {}
COMMAND: GET /session/e1c9c002d5d3447acc7ed8721565bd54/screenshot - {}
RESULT: {}
RESULT: undefined
COMMAND: POST /session/e1c9c002d5d3447acc7ed8721565bd54/element - {"using":"xpath","value":"//*[@id=\"application-managepartners-display-component---masterPtm--smartFilterBar-filterItemControl_BASIC-YARD-vhi\"]"}
RESULT: {"using":"xpath","value":"//*[@id=\"application-managepartners-display-component---masterPtm--smartFilterBar-filterItemControl_BASIC-YARD-vhi\"]"}
COMMAND: POST /session/e1c9c002d5d3447acc7ed8721565bd54/element/f.06DF9BC5D4F2FE6DCE5AA073CBC21D39.d.51DC2CB1F50672627B5A8924EDDAA06E.e.9744/click - {}
RESULT: {}
COMMAND: GET /session/e1c9c002d5d3447acc7ed8721565bd54/screenshot - {}
RESULT: {}
RESULT: undefined
COMMAND: POST /session/e1c9c002d5d3447acc7ed8721565bd54/execute/async - {"script":"<script> [776 bytes]","args":[{"enterText":"Test","selector":{"id":"application-managepartners-display-component---masterPtm--smartFilterBar-filterItemControl_BASIC-YARD-valueHelpDialog-smartFilterBar-btnBasicSearch","searchOpenDialogs":true,"interaction":{"idSuffix":"I"}},"clearTextFirst":true,"interactionType":"ENTER_TEXT"}]}
RESULT: {"script":"<script> [776 bytes]","args":[{"enterText":"Test","selector":{"id":"application-managepartners-display-component---masterPtm--smartFilterBar-filterItemControl_BASIC-YARD-valueHelpDialog-smartFilterBar-btnBasicSearch","searchOpenDialogs":true,"interaction":{"idSuffix":"I"}},"clearTextFirst":true,"interactionType":"ENTER_TEXT"}]}
COMMAND: POST /session/e1c9c002d5d3447acc7ed8721565bd54/actions - {"actions":[{"id":"action31","type":"key","parameters":{},"actions":[{"type":"keyDown","value":""},{"type":"pause","duration":10},{"type":"keyUp","value":""}]}]}
RESULT: {"actions":[{"id":"action31","type":"key","parameters":{},"actions":[{"type":"keyDown","value":""},{"type":"pause","duration":10},{"type":"keyUp","value":""}]}]}
COMMAND: POST /session/e1c9c002d5d3447acc7ed8721565bd54/elements - {"using":"xpath","value":"//table[contains(@id, \"smartFilterBar-filterItemControl_BASIC-YARD-valueHelpDialog-table-table\")]/tbody/tr"}
COMMAND: GET /session/e1c9c002d5d3447acc7ed8721565bd54/screenshot - {}
RESULT: {"using":"xpath","value":"//table[contains(@id, \"smartFilterBar-filterItemControl_BASIC-YARD-valueHelpDialog-table-table\")]/tbody/tr"}
COMMAND: POST /session/e1c9c002d5d3447acc7ed8721565bd54/element - {"using":"xpath","value":"//table[contains(@id, \"smartFilterBar-filterItemControl_BASIC-YARD-valueHelpDialog-table-table\")]/tbody/tr[1]/td[1]/div/span"}
RESULT: {}
RESULT: {"using":"xpath","value":"//table[contains(@id, \"smartFilterBar-filterItemControl_BASIC-YARD-valueHelpDialog-table-table\")]/tbody/tr[1]/td[1]/div/span"}
COMMAND: POST /session/e1c9c002d5d3447acc7ed8721565bd54/elements - {"using":"xpath","value":"//table[contains(@id, \"smartFilterBar-filterItemControl_BASIC-YARD-valueHelpDialog-table-table\")]/tbody/tr[1]/td[1]/div/span"}
RESULT: {"using":"xpath","value":"//table[contains(@id, \"smartFilterBar-filterItemControl_BASIC-YARD-valueHelpDialog-table-table\")]/tbody/tr[1]/td[1]/div/span"}
COMMAND: POST /session/e1c9c002d5d3447acc7ed8721565bd54/execute/sync - {"script":"<script> [56 bytes]","args":[{"element-6066-11e4-a52e-4f735466cecf":"f.06DF9BC5D4F2FE6DCE5AA073CBC21D39.d.51DC2CB1F50672627B5A8924EDDAA06E.e.9765","ELEMENT":"f.06DF9BC5D4F2FE6DCE5AA073CBC21D39.d.51DC2CB1F50672627B5A8924EDDAA06E.e.9765"}]}
RESULT: {"script":"<script> [56 bytes]","args":[{"element-6066-11e4-a52e-4f735466cecf":"f.06DF9BC5D4F2FE6DCE5AA073CBC21D39.d.51DC2CB1F50672627B5A8924EDDAA06E.e.9765","ELEMENT":"f.06DF9BC5D4F2FE6DCE5AA073CBC21D39.d.51DC2CB1F50672627B5A8924EDDAA06E.e.9765"}]}
COMMAND: POST /session/e1c9c002d5d3447acc7ed8721565bd54/element - {"using":"xpath","value":"//table[contains(@id, \"smartFilterBar-filterItemControl_BASIC-YARD-valueHelpDialog-table-table\")]/tbody/tr[2]/td[1]/div/span"}
COMMAND: GET /session/e1c9c002d5d3447acc7ed8721565bd54/screenshot - {}
RESULT: {"using":"xpath","value":"//table[contains(@id, \"smartFilterBar-filterItemControl_BASIC-YARD-valueHelpDialog-table-table\")]/tbody/tr[2]/td[1]/div/span"}
COMMAND: POST /session/e1c9c002d5d3447acc7ed8721565bd54/elements - {"using":"xpath","value":"//table[contains(@id, \"smartFilterBar-filterItemControl_BASIC-YARD-valueHelpDialog-table-table\")]/tbody/tr[2]/td[1]/div/span"}
RESULT: {}
RESULT: {"using":"xpath","value":"//table[contains(@id, \"smartFilterBar-filterItemControl_BASIC-YARD-valueHelpDialog-table-table\")]/tbody/tr[2]/td[1]/div/span"}
COMMAND: POST /session/e1c9c002d5d3447acc7ed8721565bd54/execute/sync - {"script":"<script> [56 bytes]","args":[{"element-6066-11e4-a52e-4f735466cecf":"f.06DF9BC5D4F2FE6DCE5AA073CBC21D39.d.51DC2CB1F50672627B5A8924EDDAA06E.e.9766","ELEMENT":"f.06DF9BC5D4F2FE6DCE5AA073CBC21D39.d.51DC2CB1F50672627B5A8924EDDAA06E.e.9766"}]}
RESULT: {"script":"<script> [56 bytes]","args":[{"element-6066-11e4-a52e-4f735466cecf":"f.06DF9BC5D4F2FE6DCE5AA073CBC21D39.d.51DC2CB1F50672627B5A8924EDDAA06E.e.9766","ELEMENT":"f.06DF9BC5D4F2FE6DCE5AA073CBC21D39.d.51DC2CB1F50672627B5A8924EDDAA06E.e.9766"}]}
COMMAND: POST /session/e1c9c002d5d3447acc7ed8721565bd54/element - {"using":"xpath","value":"//table[contains(@id, \"smartFilterBar-filterItemControl_BASIC-YARD-valueHelpDialog-table-table\")]/tbody/tr[3]/td[1]/div/span"}
COMMAND: GET /session/e1c9c002d5d3447acc7ed8721565bd54/screenshot - {}
RESULT: {"using":"xpath","value":"//table[contains(@id, \"smartFilterBar-filterItemControl_BASIC-YARD-valueHelpDialog-table-table\")]/tbody/tr[3]/td[1]/div/span"}
COMMAND: POST /session/e1c9c002d5d3447acc7ed8721565bd54/elements - {"using":"xpath","value":"//table[contains(@id, \"smartFilterBar-filterItemControl_BASIC-YARD-valueHelpDialog-table-table\")]/tbody/tr[3]/td[1]/div/span"}
RESULT: {}
RESULT: {"using":"xpath","value":"//table[contains(@id, \"smartFilterBar-filterItemControl_BASIC-YARD-valueHelpDialog-table-table\")]/tbody/tr[3]/td[1]/div/span"}
COMMAND: POST /session/e1c9c002d5d3447acc7ed8721565bd54/execute/sync - {"script":"<script> [56 bytes]","args":[{"element-6066-11e4-a52e-4f735466cecf":"f.06DF9BC5D4F2FE6DCE5AA073CBC21D39.d.51DC2CB1F50672627B5A8924EDDAA06E.e.9767","ELEMENT":"f.06DF9BC5D4F2FE6DCE5AA073CBC21D39.d.51DC2CB1F50672627B5A8924EDDAA06E.e.9767"}]}
RESULT: {"script":"<script> [56 bytes]","args":[{"element-6066-11e4-a52e-4f735466cecf":"f.06DF9BC5D4F2FE6DCE5AA073CBC21D39.d.51DC2CB1F50672627B5A8924EDDAA06E.e.9767","ELEMENT":"f.06DF9BC5D4F2FE6DCE5AA073CBC21D39.d.51DC2CB1F50672627B5A8924EDDAA06E.e.9767"}]}
COMMAND: POST /session/e1c9c002d5d3447acc7ed8721565bd54/element - {"using":"xpath","value":"//div[contains(@id, \"filterItemControl_BASIC-YARD-valueHelpDialog-table-rowsel2\")]"}
COMMAND: GET /session/e1c9c002d5d3447acc7ed8721565bd54/screenshot - {}
RESULT: {"using":"xpath","value":"//div[contains(@id, \"filterItemControl_BASIC-YARD-valueHelpDialog-table-rowsel2\")]"}
COMMAND: POST /session/e1c9c002d5d3447acc7ed8721565bd54/element/f.06DF9BC5D4F2FE6DCE5AA073CBC21D39.d.51DC2CB1F50672627B5A8924EDDAA06E.e.9768/click - {}
RESULT: {}
RESULT: {}
COMMAND: GET /session/e1c9c002d5d3447acc7ed8721565bd54/screenshot - {}
RESULT: {}
COMMAND: POST /session/e1c9c002d5d3447acc7ed8721565bd54/element - {"using":"xpath","value":"(//bdi[contains(text(), \"OK\")])[1]"}
RESULT: {"using":"xpath","value":"(//bdi[contains(text(), \"OK\")])[1]"}
COMMAND: POST /session/e1c9c002d5d3447acc7ed8721565bd54/element/f.06DF9BC5D4F2FE6DCE5AA073CBC21D39.d.51DC2CB1F50672627B5A8924EDDAA06E.e.9770/click - {}
RESULT: {}
COMMAND: GET /session/e1c9c002d5d3447acc7ed8721565bd54/screenshot - {}
RESULT: {}
COMMAND: POST /session/e1c9c002d5d3447acc7ed8721565bd54/element - {"using":"xpath","value":"//span[@id=\"application-managepartners-display-component---masterPtm--smartTable-header-inner\"]"}
RESULT: {"using":"xpath","value":"//span[@id=\"application-managepartners-display-component---masterPtm--smartTable-header-inner\"]"}
COMMAND: POST /session/e1c9c002d5d3447acc7ed8721565bd54/elements - {"using":"xpath","value":"//span[@id=\"application-managepartners-display-component---masterPtm--smartTable-header-inner\"]"}
RESULT: {"using":"xpath","value":"//span[@id=\"application-managepartners-display-component---masterPtm--smartTable-header-inner\"]"}
COMMAND: POST /session/e1c9c002d5d3447acc7ed8721565bd54/execute/sync - {"script":"<script> [56 bytes]","args":[{"element-6066-11e4-a52e-4f735466cecf":"f.06DF9BC5D4F2FE6DCE5AA073CBC21D39.d.51DC2CB1F50672627B5A8924EDDAA06E.e.9469","ELEMENT":"f.06DF9BC5D4F2FE6DCE5AA073CBC21D39.d.51DC2CB1F50672627B5A8924EDDAA06E.e.9469"}]}
RESULT: {"script":"<script> [56 bytes]","args":[{"element-6066-11e4-a52e-4f735466cecf":"f.06DF9BC5D4F2FE6DCE5AA073CBC21D39.d.51DC2CB1F50672627B5A8924EDDAA06E.e.9469","ELEMENT":"f.06DF9BC5D4F2FE6DCE5AA073CBC21D39.d.51DC2CB1F50672627B5A8924EDDAA06E.e.9469"}]}
COMMAND: POST /session/e1c9c002d5d3447acc7ed8721565bd54/element - {"using":"xpath","value":"//span[contains(@title, \"Remove\")]"}
COMMAND: GET /session/e1c9c002d5d3447acc7ed8721565bd54/screenshot - {}
RESULT: {"using":"xpath","value":"//span[contains(@title, \"Remove\")]"}
COMMAND: POST /session/e1c9c002d5d3447acc7ed8721565bd54/element/f.06DF9BC5D4F2FE6DCE5AA073CBC21D39.d.51DC2CB1F50672627B5A8924EDDAA06E.e.9783/click - {}
RESULT: {}
RESULT: {}
COMMAND: GET /session/e1c9c002d5d3447acc7ed8721565bd54/screenshot - {}
RESULT: {}
RESULT: undefined
COMMAND: POST /session/e1c9c002d5d3447acc7ed8721565bd54/element - {"using":"xpath","value":"//*[@id=\"application-managepartners-display-component---masterPtm--smartFilterBar-filterItemControl_BASIC-MAIN_ADDRESS-vhi\"]"}
RESULT: {"using":"xpath","value":"//*[@id=\"application-managepartners-display-component---masterPtm--smartFilterBar-filterItemControl_BASIC-MAIN_ADDRESS-vhi\"]"}
COMMAND: POST /session/e1c9c002d5d3447acc7ed8721565bd54/element/f.06DF9BC5D4F2FE6DCE5AA073CBC21D39.d.51DC2CB1F50672627B5A8924EDDAA06E.e.9887/click - {}
RESULT: {}
COMMAND: GET /session/e1c9c002d5d3447acc7ed8721565bd54/screenshot - {}
RESULT: {}
RESULT: undefined
COMMAND: POST /session/e1c9c002d5d3447acc7ed8721565bd54/execute/async - {"script":"<script> [776 bytes]","args":[{"enterText":"Romania","selector":{"id":"application-managepartners-display-component---masterPtm--smartFilterBar-filterItemControl_BASIC-MAIN_ADDRESS-valueHelpDialog-smartFilterBar-btnBasicSearch","searchOpenDialogs":true,"interaction":{"idSuffix":"I"}},"clearTextFirst":true,"interactionType":"ENTER_TEXT"}]}
RESULT: {"script":"<script> [776 bytes]","args":[{"enterText":"Romania","selector":{"id":"application-managepartners-display-component---masterPtm--smartFilterBar-filterItemControl_BASIC-MAIN_ADDRESS-valueHelpDialog-smartFilterBar-btnBasicSearch","searchOpenDialogs":true,"interaction":{"idSuffix":"I"}},"clearTextFirst":true,"interactionType":"ENTER_TEXT"}]}
COMMAND: POST /session/e1c9c002d5d3447acc7ed8721565bd54/actions - {"actions":[{"id":"action32","type":"key","parameters":{},"actions":[{"type":"keyDown","value":""},{"type":"pause","duration":10},{"type":"keyUp","value":""}]}]}
RESULT: {"actions":[{"id":"action32","type":"key","parameters":{},"actions":[{"type":"keyDown","value":""},{"type":"pause","duration":10},{"type":"keyUp","value":""}]}]}
COMMAND: POST /session/e1c9c002d5d3447acc7ed8721565bd54/elements - {"using":"xpath","value":"//table[contains(@id, \"smartFilterBar-filterItemControl_BASIC-MAIN_ADDRESS-valueHelpDialog-table-table\")]/tbody/tr"}
COMMAND: GET /session/e1c9c002d5d3447acc7ed8721565bd54/screenshot - {}
RESULT: {"using":"xpath","value":"//table[contains(@id, \"smartFilterBar-filterItemControl_BASIC-MAIN_ADDRESS-valueHelpDialog-table-table\")]/tbody/tr"}
COMMAND: POST /session/e1c9c002d5d3447acc7ed8721565bd54/element - {"using":"xpath","value":"//table[contains(@id, \"smartFilterBar-filterItemControl_BASIC-MAIN_ADDRESS-valueHelpDialog-table-table\")]/tbody/tr[1]/td[1]/div/span"}
RESULT: {}
RESULT: {"using":"xpath","value":"//table[contains(@id, \"smartFilterBar-filterItemControl_BASIC-MAIN_ADDRESS-valueHelpDialog-table-table\")]/tbody/tr[1]/td[1]/div/span"}
COMMAND: POST /session/e1c9c002d5d3447acc7ed8721565bd54/elements - {"using":"xpath","value":"//table[contains(@id, \"smartFilterBar-filterItemControl_BASIC-MAIN_ADDRESS-valueHelpDialog-table-table\")]/tbody/tr[1]/td[1]/div/span"}
RESULT: {"using":"xpath","value":"//table[contains(@id, \"smartFilterBar-filterItemControl_BASIC-MAIN_ADDRESS-valueHelpDialog-table-table\")]/tbody/tr[1]/td[1]/div/span"}
COMMAND: POST /session/e1c9c002d5d3447acc7ed8721565bd54/execute/sync - {"script":"<script> [56 bytes]","args":[{"element-6066-11e4-a52e-4f735466cecf":"f.06DF9BC5D4F2FE6DCE5AA073CBC21D39.d.51DC2CB1F50672627B5A8924EDDAA06E.e.9906","ELEMENT":"f.06DF9BC5D4F2FE6DCE5AA073CBC21D39.d.51DC2CB1F50672627B5A8924EDDAA06E.e.9906"}]}
RESULT: {"script":"<script> [56 bytes]","args":[{"element-6066-11e4-a52e-4f735466cecf":"f.06DF9BC5D4F2FE6DCE5AA073CBC21D39.d.51DC2CB1F50672627B5A8924EDDAA06E.e.9906","ELEMENT":"f.06DF9BC5D4F2FE6DCE5AA073CBC21D39.d.51DC2CB1F50672627B5A8924EDDAA06E.e.9906"}]}
COMMAND: POST /session/e1c9c002d5d3447acc7ed8721565bd54/element - {"using":"xpath","value":"//div[contains(@id, \"filterItemControl_BASIC-MAIN_ADDRESS-valueHelpDialog-table-rowsel0\")]"}
COMMAND: GET /session/e1c9c002d5d3447acc7ed8721565bd54/screenshot - {}
RESULT: {"using":"xpath","value":"//div[contains(@id, \"filterItemControl_BASIC-MAIN_ADDRESS-valueHelpDialog-table-rowsel0\")]"}
COMMAND: POST /session/e1c9c002d5d3447acc7ed8721565bd54/element/f.06DF9BC5D4F2FE6DCE5AA073CBC21D39.d.51DC2CB1F50672627B5A8924EDDAA06E.e.9907/click - {}
RESULT: {}
RESULT: {}
COMMAND: GET /session/e1c9c002d5d3447acc7ed8721565bd54/screenshot - {}
RESULT: {}
COMMAND: POST /session/e1c9c002d5d3447acc7ed8721565bd54/element - {"using":"xpath","value":"(//bdi[contains(text(), \"OK\")])[1]"}
RESULT: {"using":"xpath","value":"(//bdi[contains(text(), \"OK\")])[1]"}
COMMAND: POST /session/e1c9c002d5d3447acc7ed8721565bd54/element/f.06DF9BC5D4F2FE6DCE5AA073CBC21D39.d.51DC2CB1F50672627B5A8924EDDAA06E.e.9909/click - {}
RESULT: {}
COMMAND: GET /session/e1c9c002d5d3447acc7ed8721565bd54/screenshot - {}
RESULT: {}
COMMAND: POST /session/e1c9c002d5d3447acc7ed8721565bd54/element - {"using":"xpath","value":"//span[@id=\"application-managepartners-display-component---masterPtm--smartTable-header-inner\"]"}
RESULT: {"using":"xpath","value":"//span[@id=\"application-managepartners-display-component---masterPtm--smartTable-header-inner\"]"}
COMMAND: POST /session/e1c9c002d5d3447acc7ed8721565bd54/elements - {"using":"xpath","value":"//span[@id=\"application-managepartners-display-component---masterPtm--smartTable-header-inner\"]"}
RESULT: {"using":"xpath","value":"//span[@id=\"application-managepartners-display-component---masterPtm--smartTable-header-inner\"]"}
COMMAND: POST /session/e1c9c002d5d3447acc7ed8721565bd54/execute/sync - {"script":"<script> [56 bytes]","args":[{"element-6066-11e4-a52e-4f735466cecf":"f.06DF9BC5D4F2FE6DCE5AA073CBC21D39.d.51DC2CB1F50672627B5A8924EDDAA06E.e.9469","ELEMENT":"f.06DF9BC5D4F2FE6DCE5AA073CBC21D39.d.51DC2CB1F50672627B5A8924EDDAA06E.e.9469"}]}
RESULT: {"script":"<script> [56 bytes]","args":[{"element-6066-11e4-a52e-4f735466cecf":"f.06DF9BC5D4F2FE6DCE5AA073CBC21D39.d.51DC2CB1F50672627B5A8924EDDAA06E.e.9469","ELEMENT":"f.06DF9BC5D4F2FE6DCE5AA073CBC21D39.d.51DC2CB1F50672627B5A8924EDDAA06E.e.9469"}]}
COMMAND: POST /session/e1c9c002d5d3447acc7ed8721565bd54/element - {"using":"xpath","value":"//span[contains(@title, \"Remove\")]"}
COMMAND: GET /session/e1c9c002d5d3447acc7ed8721565bd54/screenshot - {}
RESULT: {"using":"xpath","value":"//span[contains(@title, \"Remove\")]"}
COMMAND: POST /session/e1c9c002d5d3447acc7ed8721565bd54/element/f.06DF9BC5D4F2FE6DCE5AA073CBC21D39.d.51DC2CB1F50672627B5A8924EDDAA06E.e.9923/click - {}
RESULT: {}
RESULT: {}
COMMAND: GET /session/e1c9c002d5d3447acc7ed8721565bd54/screenshot - {}
COMMAND: POST /session/e1c9c002d5d3447acc7ed8721565bd54/execute/async - {"script":"<script> [1562 bytes]","args":[{"selector":{"id":"application-managepartners-display-component---masterPtm--catalogs-arrow"},"wdio_ui5_key":"applicationmanagepartners-display-component---masterPtm--catalogs-arrow"}]}
RESULT: {}
RESULT: {"script":"<script> [1562 bytes]","args":[{"selector":{"id":"application-managepartners-display-component---masterPtm--catalogs-arrow"},"wdio_ui5_key":"applicationmanagepartners-display-component---masterPtm--catalogs-arrow"}]}
RESULT: undefined
COMMAND: POST /session/e1c9c002d5d3447acc7ed8721565bd54/element - {"using":"xpath","value":"//*[@id=\"application-managepartners-display-component---masterPtm--catalogs-arrow\"]"}
RESULT: {"using":"xpath","value":"//*[@id=\"application-managepartners-display-component---masterPtm--catalogs-arrow\"]"}
COMMAND: POST /session/e1c9c002d5d3447acc7ed8721565bd54/element/f.06DF9BC5D4F2FE6DCE5AA073CBC21D39.d.51DC2CB1F50672627B5A8924EDDAA06E.e.10025/click - {}
RESULT: {}
COMMAND: GET /session/e1c9c002d5d3447acc7ed8721565bd54/screenshot - {}
RESULT: {}
COMMAND: POST /session/e1c9c002d5d3447acc7ed8721565bd54/element - {"using":"xpath","value":"//li[.//span[text()=\"Webshop Catalog\"]]//div[contains(@class,\"sapMCbBg\")]"}
RESULT: {"using":"xpath","value":"//li[.//span[text()=\"Webshop Catalog\"]]//div[contains(@class,\"sapMCbBg\")]"}
COMMAND: POST /session/e1c9c002d5d3447acc7ed8721565bd54/element/f.06DF9BC5D4F2FE6DCE5AA073CBC21D39.d.51DC2CB1F50672627B5A8924EDDAA06E.e.10039/click - {}
RESULT: {}
COMMAND: GET /session/e1c9c002d5d3447acc7ed8721565bd54/screenshot - {}
RESULT: {}
RESULT: undefined
COMMAND: POST /session/e1c9c002d5d3447acc7ed8721565bd54/element - {"using":"xpath","value":"//*[@id=\"application-managepartners-display-component---masterPtm--catalogs-arrow\"]"}
RESULT: {"using":"xpath","value":"//*[@id=\"application-managepartners-display-component---masterPtm--catalogs-arrow\"]"}
COMMAND: POST /session/e1c9c002d5d3447acc7ed8721565bd54/element/f.06DF9BC5D4F2FE6DCE5AA073CBC21D39.d.51DC2CB1F50672627B5A8924EDDAA06E.e.10025/click - {}
RESULT: {}
COMMAND: POST /session/e1c9c002d5d3447acc7ed8721565bd54/element - {"using":"xpath","value":"//span[@id=\"application-managepartners-display-component---masterPtm--smartTable-header-inner\"]"}
COMMAND: GET /session/e1c9c002d5d3447acc7ed8721565bd54/screenshot - {}
RESULT: {"using":"xpath","value":"//span[@id=\"application-managepartners-display-component---masterPtm--smartTable-header-inner\"]"}
COMMAND: POST /session/e1c9c002d5d3447acc7ed8721565bd54/elements - {"using":"xpath","value":"//span[@id=\"application-managepartners-display-component---masterPtm--smartTable-header-inner\"]"}
RESULT: {}
RESULT: {"using":"xpath","value":"//span[@id=\"application-managepartners-display-component---masterPtm--smartTable-header-inner\"]"}
COMMAND: POST /session/e1c9c002d5d3447acc7ed8721565bd54/execute/sync - {"script":"<script> [56 bytes]","args":[{"element-6066-11e4-a52e-4f735466cecf":"f.06DF9BC5D4F2FE6DCE5AA073CBC21D39.d.51DC2CB1F50672627B5A8924EDDAA06E.e.9469","ELEMENT":"f.06DF9BC5D4F2FE6DCE5AA073CBC21D39.d.51DC2CB1F50672627B5A8924EDDAA06E.e.9469"}]}
RESULT: {"script":"<script> [56 bytes]","args":[{"element-6066-11e4-a52e-4f735466cecf":"f.06DF9BC5D4F2FE6DCE5AA073CBC21D39.d.51DC2CB1F50672627B5A8924EDDAA06E.e.9469","ELEMENT":"f.06DF9BC5D4F2FE6DCE5AA073CBC21D39.d.51DC2CB1F50672627B5A8924EDDAA06E.e.9469"}]}
COMMAND: POST /session/e1c9c002d5d3447acc7ed8721565bd54/element - {"using":"xpath","value":"//span[contains(@title, \"Remove\")]"}
COMMAND: GET /session/e1c9c002d5d3447acc7ed8721565bd54/screenshot - {}
RESULT: {"using":"xpath","value":"//span[contains(@title, \"Remove\")]"}
COMMAND: POST /session/e1c9c002d5d3447acc7ed8721565bd54/element/f.06DF9BC5D4F2FE6DCE5AA073CBC21D39.d.51DC2CB1F50672627B5A8924EDDAA06E.e.10062/click - {}
RESULT: {}
RESULT: {}
COMMAND: GET /session/e1c9c002d5d3447acc7ed8721565bd54/screenshot - {}
COMMAND: POST /session/e1c9c002d5d3447acc7ed8721565bd54/execute/async - {"script":"<script> [1562 bytes]","args":[{"selector":{"id":"application-managepartners-display-component---masterPtm--currencies-arrow"},"wdio_ui5_key":"applicationmanagepartners-display-component---masterPtm--currencies-arrow"}]}
RESULT: {}
RESULT: {"script":"<script> [1562 bytes]","args":[{"selector":{"id":"application-managepartners-display-component---masterPtm--currencies-arrow"},"wdio_ui5_key":"applicationmanagepartners-display-component---masterPtm--currencies-arrow"}]}
RESULT: undefined
COMMAND: POST /session/e1c9c002d5d3447acc7ed8721565bd54/element - {"using":"xpath","value":"//*[@id=\"application-managepartners-display-component---masterPtm--currencies-arrow\"]"}
RESULT: {"using":"xpath","value":"//*[@id=\"application-managepartners-display-component---masterPtm--currencies-arrow\"]"}
COMMAND: POST /session/e1c9c002d5d3447acc7ed8721565bd54/element/f.06DF9BC5D4F2FE6DCE5AA073CBC21D39.d.51DC2CB1F50672627B5A8924EDDAA06E.e.10179/click - {}
RESULT: {}
COMMAND: GET /session/e1c9c002d5d3447acc7ed8721565bd54/screenshot - {}
RESULT: {}
COMMAND: POST /session/e1c9c002d5d3447acc7ed8721565bd54/element - {"using":"xpath","value":"//li[.//span[text()=\"US Dollar\"]]//div[contains(@class,\"sapMCbBg\")]"}
RESULT: {"using":"xpath","value":"//li[.//span[text()=\"US Dollar\"]]//div[contains(@class,\"sapMCbBg\")]"}
COMMAND: POST /session/e1c9c002d5d3447acc7ed8721565bd54/element/f.06DF9BC5D4F2FE6DCE5AA073CBC21D39.d.51DC2CB1F50672627B5A8924EDDAA06E.e.10182/click - {}
RESULT: {}
COMMAND: GET /session/e1c9c002d5d3447acc7ed8721565bd54/screenshot - {}
RESULT: {}
RESULT: undefined
COMMAND: POST /session/e1c9c002d5d3447acc7ed8721565bd54/element - {"using":"xpath","value":"//*[@id=\"application-managepartners-display-component---masterPtm--currencies-arrow\"]"}
RESULT: {"using":"xpath","value":"//*[@id=\"application-managepartners-display-component---masterPtm--currencies-arrow\"]"}
COMMAND: POST /session/e1c9c002d5d3447acc7ed8721565bd54/element/f.06DF9BC5D4F2FE6DCE5AA073CBC21D39.d.51DC2CB1F50672627B5A8924EDDAA06E.e.10179/click - {}
RESULT: {}
COMMAND: POST /session/e1c9c002d5d3447acc7ed8721565bd54/element - {"using":"xpath","value":"//span[@id=\"application-managepartners-display-component---masterPtm--smartTable-header-inner\"]"}
COMMAND: GET /session/e1c9c002d5d3447acc7ed8721565bd54/screenshot - {}
RESULT: {"using":"xpath","value":"//span[@id=\"application-managepartners-display-component---masterPtm--smartTable-header-inner\"]"}
COMMAND: POST /session/e1c9c002d5d3447acc7ed8721565bd54/elements - {"using":"xpath","value":"//span[@id=\"application-managepartners-display-component---masterPtm--smartTable-header-inner\"]"}
RESULT: {}
RESULT: {"using":"xpath","value":"//span[@id=\"application-managepartners-display-component---masterPtm--smartTable-header-inner\"]"}
COMMAND: POST /session/e1c9c002d5d3447acc7ed8721565bd54/execute/sync - {"script":"<script> [56 bytes]","args":[{"element-6066-11e4-a52e-4f735466cecf":"f.06DF9BC5D4F2FE6DCE5AA073CBC21D39.d.51DC2CB1F50672627B5A8924EDDAA06E.e.9469","ELEMENT":"f.06DF9BC5D4F2FE6DCE5AA073CBC21D39.d.51DC2CB1F50672627B5A8924EDDAA06E.e.9469"}]}
RESULT: {"script":"<script> [56 bytes]","args":[{"element-6066-11e4-a52e-4f735466cecf":"f.06DF9BC5D4F2FE6DCE5AA073CBC21D39.d.51DC2CB1F50672627B5A8924EDDAA06E.e.9469","ELEMENT":"f.06DF9BC5D4F2FE6DCE5AA073CBC21D39.d.51DC2CB1F50672627B5A8924EDDAA06E.e.9469"}]}
COMMAND: POST /session/e1c9c002d5d3447acc7ed8721565bd54/element - {"using":"xpath","value":"//span[contains(@title, \"Remove\")]"}
COMMAND: GET /session/e1c9c002d5d3447acc7ed8721565bd54/screenshot - {}
RESULT: {"using":"xpath","value":"//span[contains(@title, \"Remove\")]"}
COMMAND: POST /session/e1c9c002d5d3447acc7ed8721565bd54/element/f.06DF9BC5D4F2FE6DCE5AA073CBC21D39.d.51DC2CB1F50672627B5A8924EDDAA06E.e.10189/click - {}
RESULT: {}
RESULT: {}
COMMAND: GET /session/e1c9c002d5d3447acc7ed8721565bd54/screenshot - {}
RESULT: {}
COMMAND: POST /session/e1c9c002d5d3447acc7ed8721565bd54/execute/async - {"script":"<script> [1562 bytes]","args":[{"selector":{"id":"application-managepartners-display-component---masterPtm--languages-arrow"},"wdio_ui5_key":"applicationmanagepartners-display-component---masterPtm--languages-arrow"}]}
RESULT: {"script":"<script> [1562 bytes]","args":[{"selector":{"id":"application-managepartners-display-component---masterPtm--languages-arrow"},"wdio_ui5_key":"applicationmanagepartners-display-component---masterPtm--languages-arrow"}]}
RESULT: undefined
COMMAND: POST /session/e1c9c002d5d3447acc7ed8721565bd54/element - {"using":"xpath","value":"//*[@id=\"application-managepartners-display-component---masterPtm--languages-arrow\"]"}
RESULT: {"using":"xpath","value":"//*[@id=\"application-managepartners-display-component---masterPtm--languages-arrow\"]"}
COMMAND: POST /session/e1c9c002d5d3447acc7ed8721565bd54/element/f.06DF9BC5D4F2FE6DCE5AA073CBC21D39.d.51DC2CB1F50672627B5A8924EDDAA06E.e.10254/click - {}
RESULT: {}
COMMAND: GET /session/e1c9c002d5d3447acc7ed8721565bd54/screenshot - {}
RESULT: {}
COMMAND: POST /session/e1c9c002d5d3447acc7ed8721565bd54/element - {"using":"xpath","value":"//li[.//span[text()=\"German\"]]//div[contains(@class,\"sapMCbBg\")]"}
RESULT: {"using":"xpath","value":"//li[.//span[text()=\"German\"]]//div[contains(@class,\"sapMCbBg\")]"}
COMMAND: POST /session/e1c9c002d5d3447acc7ed8721565bd54/element/f.06DF9BC5D4F2FE6DCE5AA073CBC21D39.d.51DC2CB1F50672627B5A8924EDDAA06E.e.10298/click - {}
RESULT: {}
COMMAND: GET /session/e1c9c002d5d3447acc7ed8721565bd54/screenshot - {}
RESULT: {}
RESULT: undefined
COMMAND: POST /session/e1c9c002d5d3447acc7ed8721565bd54/element - {"using":"xpath","value":"//*[@id=\"application-managepartners-display-component---masterPtm--languages-arrow\"]"}
RESULT: {"using":"xpath","value":"//*[@id=\"application-managepartners-display-component---masterPtm--languages-arrow\"]"}
COMMAND: POST /session/e1c9c002d5d3447acc7ed8721565bd54/element/f.06DF9BC5D4F2FE6DCE5AA073CBC21D39.d.51DC2CB1F50672627B5A8924EDDAA06E.e.10254/click - {}
RESULT: {}
COMMAND: POST /session/e1c9c002d5d3447acc7ed8721565bd54/element - {"using":"xpath","value":"//span[@id=\"application-managepartners-display-component---masterPtm--smartTable-header-inner\"]"}
COMMAND: GET /session/e1c9c002d5d3447acc7ed8721565bd54/screenshot - {}
RESULT: {"using":"xpath","value":"//span[@id=\"application-managepartners-display-component---masterPtm--smartTable-header-inner\"]"}
COMMAND: POST /session/e1c9c002d5d3447acc7ed8721565bd54/elements - {"using":"xpath","value":"//span[@id=\"application-managepartners-display-component---masterPtm--smartTable-header-inner\"]"}
RESULT: {}
RESULT: {"using":"xpath","value":"//span[@id=\"application-managepartners-display-component---masterPtm--smartTable-header-inner\"]"}
COMMAND: POST /session/e1c9c002d5d3447acc7ed8721565bd54/execute/sync - {"script":"<script> [56 bytes]","args":[{"element-6066-11e4-a52e-4f735466cecf":"f.06DF9BC5D4F2FE6DCE5AA073CBC21D39.d.51DC2CB1F50672627B5A8924EDDAA06E.e.9469","ELEMENT":"f.06DF9BC5D4F2FE6DCE5AA073CBC21D39.d.51DC2CB1F50672627B5A8924EDDAA06E.e.9469"}]}
RESULT: {"script":"<script> [56 bytes]","args":[{"element-6066-11e4-a52e-4f735466cecf":"f.06DF9BC5D4F2FE6DCE5AA073CBC21D39.d.51DC2CB1F50672627B5A8924EDDAA06E.e.9469","ELEMENT":"f.06DF9BC5D4F2FE6DCE5AA073CBC21D39.d.51DC2CB1F50672627B5A8924EDDAA06E.e.9469"}]}
COMMAND: POST /session/e1c9c002d5d3447acc7ed8721565bd54/element - {"using":"css selector","value":"#shell-header-logo"}
COMMAND: GET /session/e1c9c002d5d3447acc7ed8721565bd54/screenshot - {}
RESULT: {"using":"css selector","value":"#shell-header-logo"}
COMMAND: POST /session/e1c9c002d5d3447acc7ed8721565bd54/element/f.06DF9BC5D4F2FE6DCE5AA073CBC21D39.d.51DC2CB1F50672627B5A8924EDDAA06E.e.9299/click - {}
RESULT: {}
RESULT: {}
COMMAND: GET /session/e1c9c002d5d3447acc7ed8721565bd54/screenshot - {}
RESULT: {}
COMMAND: GET /session/e1c9c002d5d3447acc7ed8721565bd54/screenshot - {}
RESULT: {}
COMMAND: DELETE /session/e1c9c002d5d3447acc7ed8721565bd54 - {}
RESULT: {}
]]></system-out>
    </testcase>
  </testsuite>
</testsuites>