<?xml version="1.0" encoding="UTF-8"?>
<testsuites tests="3" failures="0" errors="0" skipped="0">
  <testsuite timestamp="2025-04-23T17:57:56" time="232.118" tests="3" failures="0" errors="0" skipped="0">
    <properties>
      <property name="specId" value="0"/>
      <property name="suiteName" value="Address Management Tests US151165 US151160"/>
      <property name="capabilities" value="chrome.135_0_7049_42.windows"/>
      <property name="file" value="file:///D:/a/1/s/test/specs/BTS/address-management.spec.js"/>
    </properties>
    <testcase classname="chrome.135_0_7049_42.windows.Address_Management_Tests_US151165_US151160" name="Step 1 Will check existence of address created with generated name if none then we create" time="71.379">
      <system-out><![CDATA[
COMMAND: POST /session/77178174521051c4e8f35b225c7c8942/execute/async - {"script":"<script> [1562 bytes]","args":[{"selector":{"controlType":"sap.m.GenericTile","properties":{"header":"Address Management"}},"wdio_ui5_key":"sapm.GenericTile{\"header\":\"Address Management\"}"}]}
RESULT: {"script":"<script> [1562 bytes]","args":[{"selector":{"controlType":"sap.m.GenericTile","properties":{"header":"Address Management"}},"wdio_ui5_key":"sapm.GenericTile{\"header\":\"Address Management\"}"}]}
RESULT: undefined
COMMAND: POST /session/77178174521051c4e8f35b225c7c8942/element - {"using":"xpath","value":"//*[@id=\"__tile33\"]"}
RESULT: {"using":"xpath","value":"//*[@id=\"__tile33\"]"}
COMMAND: POST /session/77178174521051c4e8f35b225c7c8942/element/f.B565968F307C7C53256037C6FCE40FC8.d.605328A68E308F02801FEF74E40204DD.e.219/click - {}
RESULT: {}
COMMAND: POST /session/77178174521051c4e8f35b225c7c8942/element - {"using":"xpath","value":"//button[@data-kt=\"addButton\"]"}
COMMAND: GET /session/77178174521051c4e8f35b225c7c8942/screenshot - {}
RESULT: {"using":"xpath","value":"//button[@data-kt=\"addButton\"]"}
COMMAND: POST /session/77178174521051c4e8f35b225c7c8942/elements - {"using":"xpath","value":"//button[@data-kt=\"addButton\"]"}
RESULT: {}
RESULT: {"using":"xpath","value":"//button[@data-kt=\"addButton\"]"}
COMMAND: POST /session/77178174521051c4e8f35b225c7c8942/elements - {"using":"xpath","value":"//button[@data-kt=\"addButton\"]"}
RESULT: {"using":"xpath","value":"//button[@data-kt=\"addButton\"]"}
COMMAND: POST /session/77178174521051c4e8f35b225c7c8942/elements - {"using":"xpath","value":"//button[@data-kt=\"addButton\"]"}
RESULT: {"using":"xpath","value":"//button[@data-kt=\"addButton\"]"}
COMMAND: POST /session/77178174521051c4e8f35b225c7c8942/elements - {"using":"xpath","value":"//button[@data-kt=\"addButton\"]"}
RESULT: {"using":"xpath","value":"//button[@data-kt=\"addButton\"]"}
COMMAND: POST /session/77178174521051c4e8f35b225c7c8942/elements - {"using":"xpath","value":"//button[@data-kt=\"addButton\"]"}
RESULT: {"using":"xpath","value":"//button[@data-kt=\"addButton\"]"}
COMMAND: POST /session/77178174521051c4e8f35b225c7c8942/elements - {"using":"xpath","value":"//button[@data-kt=\"addButton\"]"}
RESULT: {"using":"xpath","value":"//button[@data-kt=\"addButton\"]"}
COMMAND: POST /session/77178174521051c4e8f35b225c7c8942/elements - {"using":"xpath","value":"//button[@data-kt=\"addButton\"]"}
RESULT: {"using":"xpath","value":"//button[@data-kt=\"addButton\"]"}
COMMAND: POST /session/77178174521051c4e8f35b225c7c8942/elements - {"using":"xpath","value":"//button[@data-kt=\"addButton\"]"}
RESULT: {"using":"xpath","value":"//button[@data-kt=\"addButton\"]"}
COMMAND: POST /session/77178174521051c4e8f35b225c7c8942/elements - {"using":"xpath","value":"//button[@data-kt=\"addButton\"]"}
RESULT: {"using":"xpath","value":"//button[@data-kt=\"addButton\"]"}
COMMAND: POST /session/77178174521051c4e8f35b225c7c8942/elements - {"using":"xpath","value":"//button[@data-kt=\"addButton\"]"}
RESULT: {"using":"xpath","value":"//button[@data-kt=\"addButton\"]"}
COMMAND: POST /session/77178174521051c4e8f35b225c7c8942/elements - {"using":"xpath","value":"//button[@data-kt=\"addButton\"]"}
RESULT: {"using":"xpath","value":"//button[@data-kt=\"addButton\"]"}
COMMAND: POST /session/77178174521051c4e8f35b225c7c8942/elements - {"using":"xpath","value":"//button[@data-kt=\"addButton\"]"}
RESULT: {"using":"xpath","value":"//button[@data-kt=\"addButton\"]"}
COMMAND: POST /session/77178174521051c4e8f35b225c7c8942/elements - {"using":"xpath","value":"//button[@data-kt=\"addButton\"]"}
RESULT: {"using":"xpath","value":"//button[@data-kt=\"addButton\"]"}
COMMAND: POST /session/77178174521051c4e8f35b225c7c8942/elements - {"using":"xpath","value":"//button[@data-kt=\"addButton\"]"}
RESULT: {"using":"xpath","value":"//button[@data-kt=\"addButton\"]"}
COMMAND: POST /session/77178174521051c4e8f35b225c7c8942/elements - {"using":"xpath","value":"//button[@data-kt=\"addButton\"]"}
RESULT: {"using":"xpath","value":"//button[@data-kt=\"addButton\"]"}
COMMAND: POST /session/77178174521051c4e8f35b225c7c8942/elements - {"using":"xpath","value":"//button[@data-kt=\"addButton\"]"}
RESULT: {"using":"xpath","value":"//button[@data-kt=\"addButton\"]"}
COMMAND: POST /session/77178174521051c4e8f35b225c7c8942/elements - {"using":"xpath","value":"//button[@data-kt=\"addButton\"]"}
RESULT: {"using":"xpath","value":"//button[@data-kt=\"addButton\"]"}
COMMAND: POST /session/77178174521051c4e8f35b225c7c8942/elements - {"using":"xpath","value":"//button[@data-kt=\"addButton\"]"}
RESULT: {"using":"xpath","value":"//button[@data-kt=\"addButton\"]"}
COMMAND: POST /session/77178174521051c4e8f35b225c7c8942/elements - {"using":"xpath","value":"//button[@data-kt=\"addButton\"]"}
RESULT: {"using":"xpath","value":"//button[@data-kt=\"addButton\"]"}
COMMAND: POST /session/77178174521051c4e8f35b225c7c8942/elements - {"using":"xpath","value":"//button[@data-kt=\"addButton\"]"}
RESULT: {"using":"xpath","value":"//button[@data-kt=\"addButton\"]"}
COMMAND: POST /session/77178174521051c4e8f35b225c7c8942/elements - {"using":"xpath","value":"//button[@data-kt=\"addButton\"]"}
RESULT: {"using":"xpath","value":"//button[@data-kt=\"addButton\"]"}
COMMAND: POST /session/77178174521051c4e8f35b225c7c8942/elements - {"using":"xpath","value":"//button[@data-kt=\"addButton\"]"}
RESULT: {"using":"xpath","value":"//button[@data-kt=\"addButton\"]"}
COMMAND: POST /session/77178174521051c4e8f35b225c7c8942/elements - {"using":"xpath","value":"//button[@data-kt=\"addButton\"]"}
RESULT: {"using":"xpath","value":"//button[@data-kt=\"addButton\"]"}
COMMAND: POST /session/77178174521051c4e8f35b225c7c8942/elements - {"using":"xpath","value":"//button[@data-kt=\"addButton\"]"}
RESULT: {"using":"xpath","value":"//button[@data-kt=\"addButton\"]"}
COMMAND: POST /session/77178174521051c4e8f35b225c7c8942/elements - {"using":"xpath","value":"//button[@data-kt=\"addButton\"]"}
RESULT: {"using":"xpath","value":"//button[@data-kt=\"addButton\"]"}
COMMAND: POST /session/77178174521051c4e8f35b225c7c8942/elements - {"using":"xpath","value":"//button[@data-kt=\"addButton\"]"}
RESULT: {"using":"xpath","value":"//button[@data-kt=\"addButton\"]"}
COMMAND: POST /session/77178174521051c4e8f35b225c7c8942/elements - {"using":"xpath","value":"//button[@data-kt=\"addButton\"]"}
RESULT: {"using":"xpath","value":"//button[@data-kt=\"addButton\"]"}
COMMAND: POST /session/77178174521051c4e8f35b225c7c8942/elements - {"using":"xpath","value":"//button[@data-kt=\"addButton\"]"}
RESULT: {"using":"xpath","value":"//button[@data-kt=\"addButton\"]"}
COMMAND: POST /session/77178174521051c4e8f35b225c7c8942/element - {"using":"xpath","value":"//button[@data-kt=\"addButton\"]"}
RESULT: {"using":"xpath","value":"//button[@data-kt=\"addButton\"]"}
COMMAND: POST /session/77178174521051c4e8f35b225c7c8942/execute/sync - {"script":"<script> [8489 bytes]","args":[{"element-6066-11e4-a52e-4f735466cecf":"f.B565968F307C7C53256037C6FCE40FC8.d.605328A68E308F02801FEF74E40204DD.e.306","ELEMENT":"f.B565968F307C7C53256037C6FCE40FC8.d.605328A68E308F02801FEF74E40204DD.e.306"}]}
RESULT: {"script":"<script> [8489 bytes]","args":[{"element-6066-11e4-a52e-4f735466cecf":"f.B565968F307C7C53256037C6FCE40FC8.d.605328A68E308F02801FEF74E40204DD.e.306","ELEMENT":"f.B565968F307C7C53256037C6FCE40FC8.d.605328A68E308F02801FEF74E40204DD.e.306"}]}
COMMAND: GET /session/77178174521051c4e8f35b225c7c8942/element/f.B565968F307C7C53256037C6FCE40FC8.d.605328A68E308F02801FEF74E40204DD.e.306/enabled - {}
COMMAND: GET /session/77178174521051c4e8f35b225c7c8942/screenshot - {}
RESULT: {}
COMMAND: POST /session/77178174521051c4e8f35b225c7c8942/execute/sync - {"script":"<script> [8489 bytes]","args":[{"element-6066-11e4-a52e-4f735466cecf":"f.B565968F307C7C53256037C6FCE40FC8.d.605328A68E308F02801FEF74E40204DD.e.306","ELEMENT":"f.B565968F307C7C53256037C6FCE40FC8.d.605328A68E308F02801FEF74E40204DD.e.306"}]}
COMMAND: GET /session/77178174521051c4e8f35b225c7c8942/screenshot - {}
RESULT: {}
RESULT: {"script":"<script> [8489 bytes]","args":[{"element-6066-11e4-a52e-4f735466cecf":"f.B565968F307C7C53256037C6FCE40FC8.d.605328A68E308F02801FEF74E40204DD.e.306","ELEMENT":"f.B565968F307C7C53256037C6FCE40FC8.d.605328A68E308F02801FEF74E40204DD.e.306"}]}
COMMAND: POST /session/77178174521051c4e8f35b225c7c8942/execute/sync - {"script":"<script> [5351 bytes]","args":[{"element-6066-11e4-a52e-4f735466cecf":"f.B565968F307C7C53256037C6FCE40FC8.d.605328A68E308F02801FEF74E40204DD.e.306","ELEMENT":"f.B565968F307C7C53256037C6FCE40FC8.d.605328A68E308F02801FEF74E40204DD.e.306"}]}
COMMAND: GET /session/77178174521051c4e8f35b225c7c8942/screenshot - {}
RESULT: {}
RESULT: {"script":"<script> [5351 bytes]","args":[{"element-6066-11e4-a52e-4f735466cecf":"f.B565968F307C7C53256037C6FCE40FC8.d.605328A68E308F02801FEF74E40204DD.e.306","ELEMENT":"f.B565968F307C7C53256037C6FCE40FC8.d.605328A68E308F02801FEF74E40204DD.e.306"}]}
COMMAND: GET /session/77178174521051c4e8f35b225c7c8942/screenshot - {}
RESULT: {}
RESULT: {}
COMMAND: POST /session/77178174521051c4e8f35b225c7c8942/execute/async - {"script":"<script> [1562 bytes]","args":[{"selector":{"id":"application-addressmanagement-display-component---masterAdm--smartFilterBar-btnBasicSearch","interaction":{"idSuffix":"I"}},"wdio_ui5_key":"applicationaddressmanagement-display-component---masterAdm--smartFilterBar-btnBasicSearch"}]}
RESULT: {"script":"<script> [1562 bytes]","args":[{"selector":{"id":"application-addressmanagement-display-component---masterAdm--smartFilterBar-btnBasicSearch","interaction":{"idSuffix":"I"}},"wdio_ui5_key":"applicationaddressmanagement-display-component---masterAdm--smartFilterBar-btnBasicSearch"}]}
RESULT: undefined
COMMAND: POST /session/77178174521051c4e8f35b225c7c8942/execute/async - {"script":"<script> [776 bytes]","args":[{"enterText":"9YlPFojtHN","selector":{"id":"application-addressmanagement-display-component---masterAdm--smartFilterBar-btnBasicSearch","interaction":{"idSuffix":"I"}},"clearTextFirst":true,"interactionType":"ENTER_TEXT"}]}
RESULT: {"script":"<script> [776 bytes]","args":[{"enterText":"9YlPFojtHN","selector":{"id":"application-addressmanagement-display-component---masterAdm--smartFilterBar-btnBasicSearch","interaction":{"idSuffix":"I"}},"clearTextFirst":true,"interactionType":"ENTER_TEXT"}]}
COMMAND: POST /session/77178174521051c4e8f35b225c7c8942/actions - {"actions":[{"id":"action1","type":"key","parameters":{},"actions":[{"type":"keyDown","value":""},{"type":"pause","duration":10},{"type":"keyUp","value":""}]}]}
RESULT: {"actions":[{"id":"action1","type":"key","parameters":{},"actions":[{"type":"keyDown","value":""},{"type":"pause","duration":10},{"type":"keyUp","value":""}]}]}
COMMAND: GET /session/77178174521051c4e8f35b225c7c8942/screenshot - {}
RESULT: {}
COMMAND: POST /session/77178174521051c4e8f35b225c7c8942/elements - {"using":"xpath","value":"//table[contains(@id, \"customPersonsAddressesTable-listUl\")]/tbody/tr"}
RESULT: {"using":"xpath","value":"//table[contains(@id, \"customPersonsAddressesTable-listUl\")]/tbody/tr"}
COMMAND: POST /session/77178174521051c4e8f35b225c7c8942/element - {"using":"xpath","value":"//table[contains(@id, \"customPersonsAddressesTable-listUl\")]/tbody/tr[1]/td[5]/span/span"}
RESULT: {"using":"xpath","value":"//table[contains(@id, \"customPersonsAddressesTable-listUl\")]/tbody/tr[1]/td[5]/span/span"}
COMMAND: POST /session/77178174521051c4e8f35b225c7c8942/element - {"using":"xpath","value":"//table[contains(@id, \"customPersonsAddressesTable-listUl\")]/tbody/tr[1]/td[3]/span"}
RESULT: {"using":"xpath","value":"//table[contains(@id, \"customPersonsAddressesTable-listUl\")]/tbody/tr[1]/td[3]/span"}
COMMAND: POST /session/77178174521051c4e8f35b225c7c8942/elements - {"using":"xpath","value":"//table[contains(@id, \"customPersonsAddressesTable-listUl\")]/tbody/tr[1]/td[5]/span/span"}
RESULT: {"using":"xpath","value":"//table[contains(@id, \"customPersonsAddressesTable-listUl\")]/tbody/tr[1]/td[5]/span/span"}
COMMAND: POST /session/77178174521051c4e8f35b225c7c8942/element - {"using":"xpath","value":"//span[@id=\"application-addressmanagement-display-component---masterAdm--smartTable-header-inner\"]"}
RESULT: {"using":"xpath","value":"//span[@id=\"application-addressmanagement-display-component---masterAdm--smartTable-header-inner\"]"}
COMMAND: POST /session/77178174521051c4e8f35b225c7c8942/elements - {"using":"xpath","value":"//span[@id=\"application-addressmanagement-display-component---masterAdm--smartTable-header-inner\"]"}
RESULT: {"using":"xpath","value":"//span[@id=\"application-addressmanagement-display-component---masterAdm--smartTable-header-inner\"]"}
COMMAND: POST /session/77178174521051c4e8f35b225c7c8942/execute/sync - {"script":"<script> [56 bytes]","args":[{"element-6066-11e4-a52e-4f735466cecf":"f.B565968F307C7C53256037C6FCE40FC8.d.605328A68E308F02801FEF74E40204DD.e.448","ELEMENT":"f.B565968F307C7C53256037C6FCE40FC8.d.605328A68E308F02801FEF74E40204DD.e.448"}]}
RESULT: {"script":"<script> [56 bytes]","args":[{"element-6066-11e4-a52e-4f735466cecf":"f.B565968F307C7C53256037C6FCE40FC8.d.605328A68E308F02801FEF74E40204DD.e.448","ELEMENT":"f.B565968F307C7C53256037C6FCE40FC8.d.605328A68E308F02801FEF74E40204DD.e.448"}]}
COMMAND: POST /session/77178174521051c4e8f35b225c7c8942/element - {"using":"xpath","value":"//button[@data-kt=\"addButton\"]"}
COMMAND: GET /session/77178174521051c4e8f35b225c7c8942/screenshot - {}
RESULT: {"using":"xpath","value":"//button[@data-kt=\"addButton\"]"}
COMMAND: POST /session/77178174521051c4e8f35b225c7c8942/element/f.B565968F307C7C53256037C6FCE40FC8.d.605328A68E308F02801FEF74E40204DD.e.306/click - {}
RESULT: {}
RESULT: {}
COMMAND: GET /session/77178174521051c4e8f35b225c7c8942/screenshot - {}
RESULT: {}
COMMAND: POST /session/77178174521051c4e8f35b225c7c8942/execute/async - {"script":"<script> [1562 bytes]","args":[{"selector":{"controlType":"sap.ui.core.Icon","viewName":"etm.portal.ui.addressmanagement.view.NewAddress","properties":{"src":{"regex":{"source":"slim\\-arrow\\-down"}}},"ancestor":{"id":"addressTitle","viewName":"etm.portal.ui.addressmanagement.view.NewAddress"}},"wdio_ui5_key":"etmportal.ui.addressmanagement.view.NewAddresssap.ui.core.Icon{\"src\":{\"regex\":{\"source\":\"slim\\\\-arrow\\\\-down\"}}}{\"id\":\"addressTitle\",\"viewName\":\"etm.portal.ui.addressmanagement.view.NewAddress\"}"}]}
RESULT: {"script":"<script> [1562 bytes]","args":[{"selector":{"controlType":"sap.ui.core.Icon","viewName":"etm.portal.ui.addressmanagement.view.NewAddress","properties":{"src":{"regex":{"source":"slim\\-arrow\\-down"}}},"ancestor":{"id":"addressTitle","viewName":"etm.portal.ui.addressmanagement.view.NewAddress"}},"wdio_ui5_key":"etmportal.ui.addressmanagement.view.NewAddresssap.ui.core.Icon{\"src\":{\"regex\":{\"source\":\"slim\\\\-arrow\\\\-down\"}}}{\"id\":\"addressTitle\",\"viewName\":\"etm.portal.ui.addressmanagement.view.NewAddress\"}"}]}
RESULT: undefined
COMMAND: POST /session/77178174521051c4e8f35b225c7c8942/element - {"using":"xpath","value":"//*[@id=\"__xmlview58--addressTitle-arrow\"]"}
RESULT: {"using":"xpath","value":"//*[@id=\"__xmlview58--addressTitle-arrow\"]"}
COMMAND: POST /session/77178174521051c4e8f35b225c7c8942/element/f.B565968F307C7C53256037C6FCE40FC8.d.605328A68E308F02801FEF74E40204DD.e.479/click - {}
RESULT: {}
COMMAND: GET /session/77178174521051c4e8f35b225c7c8942/screenshot - {}
RESULT: {}
COMMAND: POST /session/77178174521051c4e8f35b225c7c8942/element - {"using":"xpath","value":"//li[.//span[text()=\"Dr.\"]]"}
RESULT: {"using":"xpath","value":"//li[.//span[text()=\"Dr.\"]]"}
COMMAND: POST /session/77178174521051c4e8f35b225c7c8942/element/f.B565968F307C7C53256037C6FCE40FC8.d.605328A68E308F02801FEF74E40204DD.e.600/click - {}
RESULT: {}
COMMAND: POST /session/77178174521051c4e8f35b225c7c8942/execute/async - {"script":"<script> [1562 bytes]","args":[{"selector":{"controlType":"sap.ui.core.Icon","viewName":"etm.portal.ui.addressmanagement.view.NewAddress","properties":{"src":{"regex":{"source":"slim\\-arrow\\-down"}}},"ancestor":{"id":"addressDetailDetailsLanguage","viewName":"etm.portal.ui.addressmanagement.view.NewAddress"}},"wdio_ui5_key":"etmportal.ui.addressmanagement.view.NewAddresssap.ui.core.Icon{\"src\":{\"regex\":{\"source\":\"slim\\\\-arrow\\\\-down\"}}}{\"id\":\"addressDetailDetailsLanguage\",\"viewName\":\"etm.portal.ui.addressmanagement.view.NewAddress\"}"}]}
COMMAND: GET /session/77178174521051c4e8f35b225c7c8942/screenshot - {}
RESULT: {"script":"<script> [1562 bytes]","args":[{"selector":{"controlType":"sap.ui.core.Icon","viewName":"etm.portal.ui.addressmanagement.view.NewAddress","properties":{"src":{"regex":{"source":"slim\\-arrow\\-down"}}},"ancestor":{"id":"addressDetailDetailsLanguage","viewName":"etm.portal.ui.addressmanagement.view.NewAddress"}},"wdio_ui5_key":"etmportal.ui.addressmanagement.view.NewAddresssap.ui.core.Icon{\"src\":{\"regex\":{\"source\":\"slim\\\\-arrow\\\\-down\"}}}{\"id\":\"addressDetailDetailsLanguage\",\"viewName\":\"etm.portal.ui.addressmanagement.view.NewAddress\"}"}]}
RESULT: undefined
COMMAND: POST /session/77178174521051c4e8f35b225c7c8942/element - {"using":"xpath","value":"//*[@id=\"__xmlview58--addressDetailDetailsLanguage-arrow\"]"}
RESULT: {}
RESULT: {"using":"xpath","value":"//*[@id=\"__xmlview58--addressDetailDetailsLanguage-arrow\"]"}
COMMAND: POST /session/77178174521051c4e8f35b225c7c8942/element/f.B565968F307C7C53256037C6FCE40FC8.d.605328A68E308F02801FEF74E40204DD.e.492/click - {}
RESULT: {}
COMMAND: GET /session/77178174521051c4e8f35b225c7c8942/screenshot - {}
RESULT: {}
COMMAND: POST /session/77178174521051c4e8f35b225c7c8942/element - {"using":"xpath","value":"//span[contains(text(), \"English\")]"}
RESULT: {"using":"xpath","value":"//span[contains(text(), \"English\")]"}
COMMAND: POST /session/77178174521051c4e8f35b225c7c8942/element/f.B565968F307C7C53256037C6FCE40FC8.d.605328A68E308F02801FEF74E40204DD.e.601/click - {}
RESULT: {}
COMMAND: POST /session/77178174521051c4e8f35b225c7c8942/execute/async - {"script":"<script> [1562 bytes]","args":[{"selector":{"controlType":"sap.m.Input","viewName":"etm.portal.ui.addressmanagement.view.NewAddress","labelFor":{"text":"Name"},"interaction":{"idSuffix":"inner"}},"wdio_ui5_key":"etmportal.ui.addressmanagement.view.NewAddresssap.m.Input{\"text\":\"Name\"}"}]}
COMMAND: GET /session/77178174521051c4e8f35b225c7c8942/screenshot - {}
RESULT: {"script":"<script> [1562 bytes]","args":[{"selector":{"controlType":"sap.m.Input","viewName":"etm.portal.ui.addressmanagement.view.NewAddress","labelFor":{"text":"Name"},"interaction":{"idSuffix":"inner"}},"wdio_ui5_key":"etmportal.ui.addressmanagement.view.NewAddresssap.m.Input{\"text\":\"Name\"}"}]}
RESULT: undefined
COMMAND: POST /session/77178174521051c4e8f35b225c7c8942/execute/async - {"script":"<script> [776 bytes]","args":[{"enterText":"9YlPFojtHN","selector":{"controlType":"sap.m.Input","viewName":"etm.portal.ui.addressmanagement.view.NewAddress","labelFor":{"text":"Name"},"interaction":{"idSuffix":"inner"}},"clearTextFirst":true,"interactionType":"ENTER_TEXT"}]}
RESULT: {}
RESULT: {"script":"<script> [776 bytes]","args":[{"enterText":"9YlPFojtHN","selector":{"controlType":"sap.m.Input","viewName":"etm.portal.ui.addressmanagement.view.NewAddress","labelFor":{"text":"Name"},"interaction":{"idSuffix":"inner"}},"clearTextFirst":true,"interactionType":"ENTER_TEXT"}]}
COMMAND: POST /session/77178174521051c4e8f35b225c7c8942/element - {"using":"xpath","value":"//button[@title=\"Save\"]"}
RESULT: {"using":"xpath","value":"//button[@title=\"Save\"]"}
COMMAND: POST /session/77178174521051c4e8f35b225c7c8942/element/f.B565968F307C7C53256037C6FCE40FC8.d.605328A68E308F02801FEF74E40204DD.e.577/click - {}
RESULT: {}
COMMAND: GET /session/77178174521051c4e8f35b225c7c8942/screenshot - {}
RESULT: {}
COMMAND: POST /session/77178174521051c4e8f35b225c7c8942/element - {"using":"xpath","value":"//header[contains(@id, \"application-addressmanagement-display-component---detailAdm--ObjectPageLayout-headerTitle\")]/div[1]/div[3]/div[2]/span"}
RESULT: {"using":"xpath","value":"//header[contains(@id, \"application-addressmanagement-display-component---detailAdm--ObjectPageLayout-headerTitle\")]/div[1]/div[3]/div[2]/span"}
COMMAND: POST /session/77178174521051c4e8f35b225c7c8942/elements - {"using":"xpath","value":"//header[contains(@id, \"application-addressmanagement-display-component---detailAdm--ObjectPageLayout-headerTitle\")]/div[1]/div[3]/div[2]/span"}
RESULT: {"using":"xpath","value":"//header[contains(@id, \"application-addressmanagement-display-component---detailAdm--ObjectPageLayout-headerTitle\")]/div[1]/div[3]/div[2]/span"}
COMMAND: POST /session/77178174521051c4e8f35b225c7c8942/execute/sync - {"script":"<script> [56 bytes]","args":[{"element-6066-11e4-a52e-4f735466cecf":"f.B565968F307C7C53256037C6FCE40FC8.d.605328A68E308F02801FEF74E40204DD.e.636","ELEMENT":"f.B565968F307C7C53256037C6FCE40FC8.d.605328A68E308F02801FEF74E40204DD.e.636"}]}
RESULT: {"script":"<script> [56 bytes]","args":[{"element-6066-11e4-a52e-4f735466cecf":"f.B565968F307C7C53256037C6FCE40FC8.d.605328A68E308F02801FEF74E40204DD.e.636","ELEMENT":"f.B565968F307C7C53256037C6FCE40FC8.d.605328A68E308F02801FEF74E40204DD.e.636"}]}
COMMAND: GET /session/77178174521051c4e8f35b225c7c8942/screenshot - {}
RESULT: {}
COMMAND: POST /session/77178174521051c4e8f35b225c7c8942/element - {"using":"css selector","value":"#shell-header-logo"}
RESULT: {"using":"css selector","value":"#shell-header-logo"}
COMMAND: POST /session/77178174521051c4e8f35b225c7c8942/element/f.B565968F307C7C53256037C6FCE40FC8.d.605328A68E308F02801FEF74E40204DD.e.270/click - {}
RESULT: {}
COMMAND: GET /session/77178174521051c4e8f35b225c7c8942/screenshot - {}
RESULT: {}
]]></system-out>
    </testcase>
    <testcase classname="chrome.135_0_7049_42.windows.Address_Management_Tests_US151165_US151160" name="Step 2 Should deactivate the created address in earlier step US151165" time="51.609">
      <system-out><![CDATA[
RESULT: undefined
COMMAND: POST /session/77178174521051c4e8f35b225c7c8942/element - {"using":"xpath","value":"//*[@id=\"__tile33\"]"}
RESULT: {"using":"xpath","value":"//*[@id=\"__tile33\"]"}
COMMAND: POST /session/77178174521051c4e8f35b225c7c8942/element/f.B565968F307C7C53256037C6FCE40FC8.d.605328A68E308F02801FEF74E40204DD.e.219/click - {}
RESULT: {}
COMMAND: POST /session/77178174521051c4e8f35b225c7c8942/element - {"using":"xpath","value":"//button[@data-kt=\"addButton\"]"}
COMMAND: GET /session/77178174521051c4e8f35b225c7c8942/screenshot - {}
RESULT: {"using":"xpath","value":"//button[@data-kt=\"addButton\"]"}
COMMAND: POST /session/77178174521051c4e8f35b225c7c8942/elements - {"using":"xpath","value":"//button[@data-kt=\"addButton\"]"}
RESULT: {}
RESULT: {"using":"xpath","value":"//button[@data-kt=\"addButton\"]"}
COMMAND: POST /session/77178174521051c4e8f35b225c7c8942/element - {"using":"xpath","value":"//button[@data-kt=\"addButton\"]"}
RESULT: {"using":"xpath","value":"//button[@data-kt=\"addButton\"]"}
COMMAND: POST /session/77178174521051c4e8f35b225c7c8942/execute/sync - {"script":"<script> [8489 bytes]","args":[{"element-6066-11e4-a52e-4f735466cecf":"f.B565968F307C7C53256037C6FCE40FC8.d.605328A68E308F02801FEF74E40204DD.e.693","ELEMENT":"f.B565968F307C7C53256037C6FCE40FC8.d.605328A68E308F02801FEF74E40204DD.e.693"}]}
RESULT: {"script":"<script> [8489 bytes]","args":[{"element-6066-11e4-a52e-4f735466cecf":"f.B565968F307C7C53256037C6FCE40FC8.d.605328A68E308F02801FEF74E40204DD.e.693","ELEMENT":"f.B565968F307C7C53256037C6FCE40FC8.d.605328A68E308F02801FEF74E40204DD.e.693"}]}
COMMAND: GET /session/77178174521051c4e8f35b225c7c8942/element/f.B565968F307C7C53256037C6FCE40FC8.d.605328A68E308F02801FEF74E40204DD.e.693/enabled - {}
COMMAND: GET /session/77178174521051c4e8f35b225c7c8942/screenshot - {}
RESULT: {}
COMMAND: POST /session/77178174521051c4e8f35b225c7c8942/execute/sync - {"script":"<script> [8489 bytes]","args":[{"element-6066-11e4-a52e-4f735466cecf":"f.B565968F307C7C53256037C6FCE40FC8.d.605328A68E308F02801FEF74E40204DD.e.693","ELEMENT":"f.B565968F307C7C53256037C6FCE40FC8.d.605328A68E308F02801FEF74E40204DD.e.693"}]}
COMMAND: GET /session/77178174521051c4e8f35b225c7c8942/screenshot - {}
RESULT: {}
RESULT: {"script":"<script> [8489 bytes]","args":[{"element-6066-11e4-a52e-4f735466cecf":"f.B565968F307C7C53256037C6FCE40FC8.d.605328A68E308F02801FEF74E40204DD.e.693","ELEMENT":"f.B565968F307C7C53256037C6FCE40FC8.d.605328A68E308F02801FEF74E40204DD.e.693"}]}
COMMAND: POST /session/77178174521051c4e8f35b225c7c8942/execute/sync - {"script":"<script> [5351 bytes]","args":[{"element-6066-11e4-a52e-4f735466cecf":"f.B565968F307C7C53256037C6FCE40FC8.d.605328A68E308F02801FEF74E40204DD.e.693","ELEMENT":"f.B565968F307C7C53256037C6FCE40FC8.d.605328A68E308F02801FEF74E40204DD.e.693"}]}
COMMAND: GET /session/77178174521051c4e8f35b225c7c8942/screenshot - {}
RESULT: {}
RESULT: {"script":"<script> [5351 bytes]","args":[{"element-6066-11e4-a52e-4f735466cecf":"f.B565968F307C7C53256037C6FCE40FC8.d.605328A68E308F02801FEF74E40204DD.e.693","ELEMENT":"f.B565968F307C7C53256037C6FCE40FC8.d.605328A68E308F02801FEF74E40204DD.e.693"}]}
COMMAND: GET /session/77178174521051c4e8f35b225c7c8942/screenshot - {}
RESULT: {}
RESULT: {}
RESULT: undefined
COMMAND: POST /session/77178174521051c4e8f35b225c7c8942/execute/async - {"script":"<script> [776 bytes]","args":[{"enterText":"9YlPFojtHN","selector":{"id":"application-addressmanagement-display-component---masterAdm--smartFilterBar-btnBasicSearch","interaction":{"idSuffix":"I"}},"clearTextFirst":true,"interactionType":"ENTER_TEXT"}]}
RESULT: {"script":"<script> [776 bytes]","args":[{"enterText":"9YlPFojtHN","selector":{"id":"application-addressmanagement-display-component---masterAdm--smartFilterBar-btnBasicSearch","interaction":{"idSuffix":"I"}},"clearTextFirst":true,"interactionType":"ENTER_TEXT"}]}
COMMAND: POST /session/77178174521051c4e8f35b225c7c8942/actions - {"actions":[{"id":"action2","type":"key","parameters":{},"actions":[{"type":"keyDown","value":""},{"type":"pause","duration":10},{"type":"keyUp","value":""}]}]}
RESULT: {"actions":[{"id":"action2","type":"key","parameters":{},"actions":[{"type":"keyDown","value":""},{"type":"pause","duration":10},{"type":"keyUp","value":""}]}]}
COMMAND: GET /session/77178174521051c4e8f35b225c7c8942/screenshot - {}
RESULT: {}
COMMAND: POST /session/77178174521051c4e8f35b225c7c8942/elements - {"using":"xpath","value":"//table[contains(@id, \"customPersonsAddressesTable-listUl\")]/tbody/tr"}
RESULT: {"using":"xpath","value":"//table[contains(@id, \"customPersonsAddressesTable-listUl\")]/tbody/tr"}
COMMAND: POST /session/77178174521051c4e8f35b225c7c8942/element - {"using":"xpath","value":"//table[contains(@id, \"customPersonsAddressesTable-listUl\")]/tbody/tr[1]/td[5]/span/span"}
RESULT: {"using":"xpath","value":"//table[contains(@id, \"customPersonsAddressesTable-listUl\")]/tbody/tr[1]/td[5]/span/span"}
COMMAND: POST /session/77178174521051c4e8f35b225c7c8942/element - {"using":"xpath","value":"//table[contains(@id, \"customPersonsAddressesTable-listUl\")]/tbody/tr[1]/td[3]/span"}
RESULT: {"using":"xpath","value":"//table[contains(@id, \"customPersonsAddressesTable-listUl\")]/tbody/tr[1]/td[3]/span"}
COMMAND: POST /session/77178174521051c4e8f35b225c7c8942/elements - {"using":"xpath","value":"//table[contains(@id, \"customPersonsAddressesTable-listUl\")]/tbody/tr[1]/td[5]/span/span"}
RESULT: {"using":"xpath","value":"//table[contains(@id, \"customPersonsAddressesTable-listUl\")]/tbody/tr[1]/td[5]/span/span"}
COMMAND: POST /session/77178174521051c4e8f35b225c7c8942/execute/sync - {"script":"<script> [56 bytes]","args":[{"element-6066-11e4-a52e-4f735466cecf":"f.B565968F307C7C53256037C6FCE40FC8.d.605328A68E308F02801FEF74E40204DD.e.835","ELEMENT":"f.B565968F307C7C53256037C6FCE40FC8.d.605328A68E308F02801FEF74E40204DD.e.835"}]}
RESULT: {"script":"<script> [56 bytes]","args":[{"element-6066-11e4-a52e-4f735466cecf":"f.B565968F307C7C53256037C6FCE40FC8.d.605328A68E308F02801FEF74E40204DD.e.835","ELEMENT":"f.B565968F307C7C53256037C6FCE40FC8.d.605328A68E308F02801FEF74E40204DD.e.835"}]}
COMMAND: POST /session/77178174521051c4e8f35b225c7c8942/execute/sync - {"script":"<script> [56 bytes]","args":[{"element-6066-11e4-a52e-4f735466cecf":"f.B565968F307C7C53256037C6FCE40FC8.d.605328A68E308F02801FEF74E40204DD.e.836","ELEMENT":"f.B565968F307C7C53256037C6FCE40FC8.d.605328A68E308F02801FEF74E40204DD.e.836"}]}
COMMAND: GET /session/77178174521051c4e8f35b225c7c8942/screenshot - {}
RESULT: {"script":"<script> [56 bytes]","args":[{"element-6066-11e4-a52e-4f735466cecf":"f.B565968F307C7C53256037C6FCE40FC8.d.605328A68E308F02801FEF74E40204DD.e.836","ELEMENT":"f.B565968F307C7C53256037C6FCE40FC8.d.605328A68E308F02801FEF74E40204DD.e.836"}]}
COMMAND: POST /session/77178174521051c4e8f35b225c7c8942/element - {"using":"xpath","value":"//table[contains(@id, \"customPersonsAddressesTable-listUl\")]/tbody/tr[1]/td[10]/div/span"}
COMMAND: GET /session/77178174521051c4e8f35b225c7c8942/screenshot - {}
RESULT: {}
RESULT: {"using":"xpath","value":"//table[contains(@id, \"customPersonsAddressesTable-listUl\")]/tbody/tr[1]/td[10]/div/span"}
COMMAND: POST /session/77178174521051c4e8f35b225c7c8942/execute/sync - {"script":"<script> [56 bytes]","args":[{"element-6066-11e4-a52e-4f735466cecf":"f.B565968F307C7C53256037C6FCE40FC8.d.605328A68E308F02801FEF74E40204DD.e.837","ELEMENT":"f.B565968F307C7C53256037C6FCE40FC8.d.605328A68E308F02801FEF74E40204DD.e.837"}]}
RESULT: {}
RESULT: {"script":"<script> [56 bytes]","args":[{"element-6066-11e4-a52e-4f735466cecf":"f.B565968F307C7C53256037C6FCE40FC8.d.605328A68E308F02801FEF74E40204DD.e.837","ELEMENT":"f.B565968F307C7C53256037C6FCE40FC8.d.605328A68E308F02801FEF74E40204DD.e.837"}]}
COMMAND: POST /session/77178174521051c4e8f35b225c7c8942/element - {"using":"xpath","value":"//table[contains(@id, \"customPersonsAddressesTable-listUl\")]/tbody/tr[1]/td[2]/div/div"}
COMMAND: GET /session/77178174521051c4e8f35b225c7c8942/screenshot - {}
RESULT: {"using":"xpath","value":"//table[contains(@id, \"customPersonsAddressesTable-listUl\")]/tbody/tr[1]/td[2]/div/div"}
COMMAND: POST /session/77178174521051c4e8f35b225c7c8942/element/f.B565968F307C7C53256037C6FCE40FC8.d.605328A68E308F02801FEF74E40204DD.e.838/click - {}
RESULT: {}
RESULT: {}
COMMAND: GET /session/77178174521051c4e8f35b225c7c8942/screenshot - {}
RESULT: {}
COMMAND: POST /session/77178174521051c4e8f35b225c7c8942/element - {"using":"xpath","value":"//bdi[contains(text(), \"Deactivate\")]"}
RESULT: {"using":"xpath","value":"//bdi[contains(text(), \"Deactivate\")]"}
COMMAND: POST /session/77178174521051c4e8f35b225c7c8942/element/f.B565968F307C7C53256037C6FCE40FC8.d.605328A68E308F02801FEF74E40204DD.e.839/click - {}
RESULT: {}
COMMAND: GET /session/77178174521051c4e8f35b225c7c8942/screenshot - {}
RESULT: {}
COMMAND: POST /session/77178174521051c4e8f35b225c7c8942/element - {"using":"xpath","value":"//bdi[contains(text(), \"Yes\")]"}
RESULT: {"using":"xpath","value":"//bdi[contains(text(), \"Yes\")]"}
COMMAND: POST /session/77178174521051c4e8f35b225c7c8942/element/f.B565968F307C7C53256037C6FCE40FC8.d.605328A68E308F02801FEF74E40204DD.e.841/click - {}
RESULT: {}
COMMAND: GET /session/77178174521051c4e8f35b225c7c8942/screenshot - {}
RESULT: {}
COMMAND: POST /session/77178174521051c4e8f35b225c7c8942/element - {"using":"xpath","value":"//table[contains(@id, \"customPersonsAddressesTable-listUl\")]/tbody/tr[1]/td[10]/div/span"}
RESULT: {"using":"xpath","value":"//table[contains(@id, \"customPersonsAddressesTable-listUl\")]/tbody/tr[1]/td[10]/div/span"}
COMMAND: POST /session/77178174521051c4e8f35b225c7c8942/execute/sync - {"script":"<script> [56 bytes]","args":[{"element-6066-11e4-a52e-4f735466cecf":"f.B565968F307C7C53256037C6FCE40FC8.d.605328A68E308F02801FEF74E40204DD.e.837","ELEMENT":"f.B565968F307C7C53256037C6FCE40FC8.d.605328A68E308F02801FEF74E40204DD.e.837"}]}
RESULT: {"script":"<script> [56 bytes]","args":[{"element-6066-11e4-a52e-4f735466cecf":"f.B565968F307C7C53256037C6FCE40FC8.d.605328A68E308F02801FEF74E40204DD.e.837","ELEMENT":"f.B565968F307C7C53256037C6FCE40FC8.d.605328A68E308F02801FEF74E40204DD.e.837"}]}
COMMAND: GET /session/77178174521051c4e8f35b225c7c8942/screenshot - {}
RESULT: {}
COMMAND: POST /session/77178174521051c4e8f35b225c7c8942/element - {"using":"css selector","value":"#shell-header-logo"}
RESULT: {"using":"css selector","value":"#shell-header-logo"}
COMMAND: POST /session/77178174521051c4e8f35b225c7c8942/element/f.B565968F307C7C53256037C6FCE40FC8.d.605328A68E308F02801FEF74E40204DD.e.641/click - {}
RESULT: {}
COMMAND: GET /session/77178174521051c4e8f35b225c7c8942/screenshot - {}
RESULT: {}
]]></system-out>
    </testcase>
    <testcase classname="chrome.135_0_7049_42.windows.Address_Management_Tests_US151165_US151160" name="Step 3 Should activate the created address back again US151160" time="40.566">
      <system-out><![CDATA[
RESULT: undefined
COMMAND: POST /session/77178174521051c4e8f35b225c7c8942/element - {"using":"xpath","value":"//*[@id=\"__tile33\"]"}
RESULT: {"using":"xpath","value":"//*[@id=\"__tile33\"]"}
COMMAND: POST /session/77178174521051c4e8f35b225c7c8942/element/f.B565968F307C7C53256037C6FCE40FC8.d.605328A68E308F02801FEF74E40204DD.e.219/click - {}
RESULT: {}
COMMAND: POST /session/77178174521051c4e8f35b225c7c8942/element - {"using":"xpath","value":"//button[@data-kt=\"addButton\"]"}
COMMAND: GET /session/77178174521051c4e8f35b225c7c8942/screenshot - {}
RESULT: {"using":"xpath","value":"//button[@data-kt=\"addButton\"]"}
COMMAND: POST /session/77178174521051c4e8f35b225c7c8942/elements - {"using":"xpath","value":"//button[@data-kt=\"addButton\"]"}
RESULT: {}
RESULT: {"using":"xpath","value":"//button[@data-kt=\"addButton\"]"}
COMMAND: POST /session/77178174521051c4e8f35b225c7c8942/element - {"using":"xpath","value":"//button[@data-kt=\"addButton\"]"}
RESULT: {"using":"xpath","value":"//button[@data-kt=\"addButton\"]"}
COMMAND: POST /session/77178174521051c4e8f35b225c7c8942/execute/sync - {"script":"<script> [8489 bytes]","args":[{"element-6066-11e4-a52e-4f735466cecf":"f.B565968F307C7C53256037C6FCE40FC8.d.605328A68E308F02801FEF74E40204DD.e.892","ELEMENT":"f.B565968F307C7C53256037C6FCE40FC8.d.605328A68E308F02801FEF74E40204DD.e.892"}]}
RESULT: {"script":"<script> [8489 bytes]","args":[{"element-6066-11e4-a52e-4f735466cecf":"f.B565968F307C7C53256037C6FCE40FC8.d.605328A68E308F02801FEF74E40204DD.e.892","ELEMENT":"f.B565968F307C7C53256037C6FCE40FC8.d.605328A68E308F02801FEF74E40204DD.e.892"}]}
COMMAND: GET /session/77178174521051c4e8f35b225c7c8942/element/f.B565968F307C7C53256037C6FCE40FC8.d.605328A68E308F02801FEF74E40204DD.e.892/enabled - {}
COMMAND: GET /session/77178174521051c4e8f35b225c7c8942/screenshot - {}
RESULT: {}
COMMAND: POST /session/77178174521051c4e8f35b225c7c8942/execute/sync - {"script":"<script> [8489 bytes]","args":[{"element-6066-11e4-a52e-4f735466cecf":"f.B565968F307C7C53256037C6FCE40FC8.d.605328A68E308F02801FEF74E40204DD.e.892","ELEMENT":"f.B565968F307C7C53256037C6FCE40FC8.d.605328A68E308F02801FEF74E40204DD.e.892"}]}
COMMAND: GET /session/77178174521051c4e8f35b225c7c8942/screenshot - {}
RESULT: {}
RESULT: {"script":"<script> [8489 bytes]","args":[{"element-6066-11e4-a52e-4f735466cecf":"f.B565968F307C7C53256037C6FCE40FC8.d.605328A68E308F02801FEF74E40204DD.e.892","ELEMENT":"f.B565968F307C7C53256037C6FCE40FC8.d.605328A68E308F02801FEF74E40204DD.e.892"}]}
COMMAND: POST /session/77178174521051c4e8f35b225c7c8942/execute/sync - {"script":"<script> [5351 bytes]","args":[{"element-6066-11e4-a52e-4f735466cecf":"f.B565968F307C7C53256037C6FCE40FC8.d.605328A68E308F02801FEF74E40204DD.e.892","ELEMENT":"f.B565968F307C7C53256037C6FCE40FC8.d.605328A68E308F02801FEF74E40204DD.e.892"}]}
COMMAND: GET /session/77178174521051c4e8f35b225c7c8942/screenshot - {}
RESULT: {}
RESULT: {"script":"<script> [5351 bytes]","args":[{"element-6066-11e4-a52e-4f735466cecf":"f.B565968F307C7C53256037C6FCE40FC8.d.605328A68E308F02801FEF74E40204DD.e.892","ELEMENT":"f.B565968F307C7C53256037C6FCE40FC8.d.605328A68E308F02801FEF74E40204DD.e.892"}]}
COMMAND: GET /session/77178174521051c4e8f35b225c7c8942/screenshot - {}
RESULT: {}
RESULT: {}
RESULT: undefined
COMMAND: POST /session/77178174521051c4e8f35b225c7c8942/execute/async - {"script":"<script> [776 bytes]","args":[{"enterText":"9YlPFojtHN","selector":{"id":"application-addressmanagement-display-component---masterAdm--smartFilterBar-btnBasicSearch","interaction":{"idSuffix":"I"}},"clearTextFirst":true,"interactionType":"ENTER_TEXT"}]}
RESULT: {"script":"<script> [776 bytes]","args":[{"enterText":"9YlPFojtHN","selector":{"id":"application-addressmanagement-display-component---masterAdm--smartFilterBar-btnBasicSearch","interaction":{"idSuffix":"I"}},"clearTextFirst":true,"interactionType":"ENTER_TEXT"}]}
COMMAND: POST /session/77178174521051c4e8f35b225c7c8942/actions - {"actions":[{"id":"action3","type":"key","parameters":{},"actions":[{"type":"keyDown","value":""},{"type":"pause","duration":10},{"type":"keyUp","value":""}]}]}
RESULT: {"actions":[{"id":"action3","type":"key","parameters":{},"actions":[{"type":"keyDown","value":""},{"type":"pause","duration":10},{"type":"keyUp","value":""}]}]}
COMMAND: GET /session/77178174521051c4e8f35b225c7c8942/screenshot - {}
RESULT: {}
COMMAND: POST /session/77178174521051c4e8f35b225c7c8942/elements - {"using":"xpath","value":"//table[contains(@id, \"customPersonsAddressesTable-listUl\")]/tbody/tr"}
RESULT: {"using":"xpath","value":"//table[contains(@id, \"customPersonsAddressesTable-listUl\")]/tbody/tr"}
COMMAND: POST /session/77178174521051c4e8f35b225c7c8942/element - {"using":"xpath","value":"//table[contains(@id, \"customPersonsAddressesTable-listUl\")]/tbody/tr[1]/td[5]/span/span"}
RESULT: {"using":"xpath","value":"//table[contains(@id, \"customPersonsAddressesTable-listUl\")]/tbody/tr[1]/td[5]/span/span"}
COMMAND: POST /session/77178174521051c4e8f35b225c7c8942/element - {"using":"xpath","value":"//table[contains(@id, \"customPersonsAddressesTable-listUl\")]/tbody/tr[1]/td[3]/span"}
RESULT: {"using":"xpath","value":"//table[contains(@id, \"customPersonsAddressesTable-listUl\")]/tbody/tr[1]/td[3]/span"}
COMMAND: POST /session/77178174521051c4e8f35b225c7c8942/elements - {"using":"xpath","value":"//table[contains(@id, \"customPersonsAddressesTable-listUl\")]/tbody/tr[1]/td[5]/span/span"}
RESULT: {"using":"xpath","value":"//table[contains(@id, \"customPersonsAddressesTable-listUl\")]/tbody/tr[1]/td[5]/span/span"}
COMMAND: POST /session/77178174521051c4e8f35b225c7c8942/execute/sync - {"script":"<script> [56 bytes]","args":[{"element-6066-11e4-a52e-4f735466cecf":"f.B565968F307C7C53256037C6FCE40FC8.d.605328A68E308F02801FEF74E40204DD.e.1038","ELEMENT":"f.B565968F307C7C53256037C6FCE40FC8.d.605328A68E308F02801FEF74E40204DD.e.1038"}]}
RESULT: {"script":"<script> [56 bytes]","args":[{"element-6066-11e4-a52e-4f735466cecf":"f.B565968F307C7C53256037C6FCE40FC8.d.605328A68E308F02801FEF74E40204DD.e.1038","ELEMENT":"f.B565968F307C7C53256037C6FCE40FC8.d.605328A68E308F02801FEF74E40204DD.e.1038"}]}
COMMAND: POST /session/77178174521051c4e8f35b225c7c8942/execute/sync - {"script":"<script> [56 bytes]","args":[{"element-6066-11e4-a52e-4f735466cecf":"f.B565968F307C7C53256037C6FCE40FC8.d.605328A68E308F02801FEF74E40204DD.e.1039","ELEMENT":"f.B565968F307C7C53256037C6FCE40FC8.d.605328A68E308F02801FEF74E40204DD.e.1039"}]}
COMMAND: GET /session/77178174521051c4e8f35b225c7c8942/screenshot - {}
RESULT: {"script":"<script> [56 bytes]","args":[{"element-6066-11e4-a52e-4f735466cecf":"f.B565968F307C7C53256037C6FCE40FC8.d.605328A68E308F02801FEF74E40204DD.e.1039","ELEMENT":"f.B565968F307C7C53256037C6FCE40FC8.d.605328A68E308F02801FEF74E40204DD.e.1039"}]}
COMMAND: POST /session/77178174521051c4e8f35b225c7c8942/element - {"using":"xpath","value":"//table[contains(@id, \"customPersonsAddressesTable-listUl\")]/tbody/tr[1]/td[10]/div/span"}
COMMAND: GET /session/77178174521051c4e8f35b225c7c8942/screenshot - {}
RESULT: {}
RESULT: {"using":"xpath","value":"//table[contains(@id, \"customPersonsAddressesTable-listUl\")]/tbody/tr[1]/td[10]/div/span"}
COMMAND: POST /session/77178174521051c4e8f35b225c7c8942/execute/sync - {"script":"<script> [56 bytes]","args":[{"element-6066-11e4-a52e-4f735466cecf":"f.B565968F307C7C53256037C6FCE40FC8.d.605328A68E308F02801FEF74E40204DD.e.1040","ELEMENT":"f.B565968F307C7C53256037C6FCE40FC8.d.605328A68E308F02801FEF74E40204DD.e.1040"}]}
RESULT: {}
RESULT: {"script":"<script> [56 bytes]","args":[{"element-6066-11e4-a52e-4f735466cecf":"f.B565968F307C7C53256037C6FCE40FC8.d.605328A68E308F02801FEF74E40204DD.e.1040","ELEMENT":"f.B565968F307C7C53256037C6FCE40FC8.d.605328A68E308F02801FEF74E40204DD.e.1040"}]}
COMMAND: POST /session/77178174521051c4e8f35b225c7c8942/element - {"using":"xpath","value":"//table[contains(@id, \"customPersonsAddressesTable-listUl\")]/tbody/tr[1]/td[2]/div/div"}
COMMAND: GET /session/77178174521051c4e8f35b225c7c8942/screenshot - {}
RESULT: {"using":"xpath","value":"//table[contains(@id, \"customPersonsAddressesTable-listUl\")]/tbody/tr[1]/td[2]/div/div"}
COMMAND: POST /session/77178174521051c4e8f35b225c7c8942/element/f.B565968F307C7C53256037C6FCE40FC8.d.605328A68E308F02801FEF74E40204DD.e.1041/click - {}
RESULT: {}
RESULT: {}
COMMAND: GET /session/77178174521051c4e8f35b225c7c8942/screenshot - {}
RESULT: {}
COMMAND: POST /session/77178174521051c4e8f35b225c7c8942/element - {"using":"xpath","value":"//bdi[contains(text(), \"Activate\")]"}
RESULT: {"using":"xpath","value":"//bdi[contains(text(), \"Activate\")]"}
COMMAND: POST /session/77178174521051c4e8f35b225c7c8942/element/f.B565968F307C7C53256037C6FCE40FC8.d.605328A68E308F02801FEF74E40204DD.e.1042/click - {}
RESULT: {}
COMMAND: GET /session/77178174521051c4e8f35b225c7c8942/screenshot - {}
RESULT: {}
COMMAND: POST /session/77178174521051c4e8f35b225c7c8942/element - {"using":"xpath","value":"//bdi[contains(text(), \"Yes\")]"}
RESULT: {"using":"xpath","value":"//bdi[contains(text(), \"Yes\")]"}
COMMAND: POST /session/77178174521051c4e8f35b225c7c8942/element/f.B565968F307C7C53256037C6FCE40FC8.d.605328A68E308F02801FEF74E40204DD.e.1044/click - {}
RESULT: {}
COMMAND: GET /session/77178174521051c4e8f35b225c7c8942/screenshot - {}
RESULT: {}
COMMAND: POST /session/77178174521051c4e8f35b225c7c8942/element - {"using":"xpath","value":"//table[contains(@id, \"customPersonsAddressesTable-listUl\")]/tbody/tr[1]/td[10]/div/span"}
RESULT: {"using":"xpath","value":"//table[contains(@id, \"customPersonsAddressesTable-listUl\")]/tbody/tr[1]/td[10]/div/span"}
COMMAND: POST /session/77178174521051c4e8f35b225c7c8942/execute/sync - {"script":"<script> [56 bytes]","args":[{"element-6066-11e4-a52e-4f735466cecf":"f.B565968F307C7C53256037C6FCE40FC8.d.605328A68E308F02801FEF74E40204DD.e.1040","ELEMENT":"f.B565968F307C7C53256037C6FCE40FC8.d.605328A68E308F02801FEF74E40204DD.e.1040"}]}
RESULT: {"script":"<script> [56 bytes]","args":[{"element-6066-11e4-a52e-4f735466cecf":"f.B565968F307C7C53256037C6FCE40FC8.d.605328A68E308F02801FEF74E40204DD.e.1040","ELEMENT":"f.B565968F307C7C53256037C6FCE40FC8.d.605328A68E308F02801FEF74E40204DD.e.1040"}]}
COMMAND: GET /session/77178174521051c4e8f35b225c7c8942/screenshot - {}
RESULT: {}
COMMAND: POST /session/77178174521051c4e8f35b225c7c8942/element - {"using":"css selector","value":"#shell-header-logo"}
RESULT: {"using":"css selector","value":"#shell-header-logo"}
COMMAND: POST /session/77178174521051c4e8f35b225c7c8942/element/f.B565968F307C7C53256037C6FCE40FC8.d.605328A68E308F02801FEF74E40204DD.e.849/click - {}
RESULT: {}
COMMAND: GET /session/77178174521051c4e8f35b225c7c8942/screenshot - {}
RESULT: {}
COMMAND: DELETE /session/77178174521051c4e8f35b225c7c8942 - {}
RESULT: {}
]]></system-out>
    </testcase>
  </testsuite>
</testsuites>