<?xml version="1.0" encoding="UTF-8"?>
<testsuites tests="15" failures="0" errors="0" skipped="0">
  <testsuite timestamp="2025-05-18T17:28:17" time="1573.261" tests="11" failures="0" errors="0" skipped="0">
    <properties>
      <property name="specId" value="0" />
      <property name="suiteName" value="Partner specific tests US150819 US151080 US151654 US151176 US103444 US151078 US151079 US151109 US151174 US151175 US151189" />
      <property name="capabilities" value="chrome.136_0_7103_93.windows" />
      <property name="file" value="file:///D:/a/1/s/test/specs/BTS/manage-partners.spec.js" />
    </properties>
    <testcase classname="chrome.136_0_7103_93.windows.Partner_specific_tests_US150819_US151080_US151654_US151176_US103444_US151078_US151079_US151109_US151174_US151175_US151189" name="Should create a new yard prerequisite" time="149.811">
      <system-out><![CDATA[
COMMAND: POST /session/188695daba6f4123f2015bbe49059169/window/fullscreen - {}
RESULT: {}
COMMAND: POST /session/188695daba6f4123f2015bbe49059169/element - {"using":"xpath","value":"//li[.//span[text()=\"Manage Partners\"]]"}
RESULT: {"using":"xpath","value":"//li[.//span[text()=\"Manage Partners\"]]"}
COMMAND: POST /session/188695daba6f4123f2015bbe49059169/element - {"using":"xpath","value":"//li[.//span[text()=\"Manage Partners\"]]"}
RESULT: {"using":"xpath","value":"//li[.//span[text()=\"Manage Partners\"]]"}
COMMAND: POST /session/188695daba6f4123f2015bbe49059169/element - {"using":"css selector","value":"#shell-header-logo"}
RESULT: {"using":"css selector","value":"#shell-header-logo"}
COMMAND: POST /session/188695daba6f4123f2015bbe49059169/element/f.DEFD86E6D49D71B1F09B82144A2C9827.d.CC36236DD58EEFD206256A47ECF65FE1.e.267/click - {}
COMMAND: POST /session/188695daba6f4123f2015bbe49059169/execute/sync - {"script":"<script> [8489 bytes]","args":[{"element-6066-11e4-a52e-4f735466cecf":"f.DEFD86E6D49D71B1F09B82144A2C9827.d.CC36236DD58EEFD206256A47ECF65FE1.e.267","ELEMENT":"f.DEFD86E6D49D71B1F09B82144A2C9827.d.CC36236DD58EEFD206256A47ECF65FE1.e.267"}]}
RESULT: {"script":"<script> [8489 bytes]","args":[{"element-6066-11e4-a52e-4f735466cecf":"f.DEFD86E6D49D71B1F09B82144A2C9827.d.CC36236DD58EEFD206256A47ECF65FE1.e.267","ELEMENT":"f.DEFD86E6D49D71B1F09B82144A2C9827.d.CC36236DD58EEFD206256A47ECF65FE1.e.267"}]}
COMMAND: POST /session/188695daba6f4123f2015bbe49059169/execute/sync - {"script":"<script> [5351 bytes]","args":[{"element-6066-11e4-a52e-4f735466cecf":"f.DEFD86E6D49D71B1F09B82144A2C9827.d.CC36236DD58EEFD206256A47ECF65FE1.e.267","ELEMENT":"f.DEFD86E6D49D71B1F09B82144A2C9827.d.CC36236DD58EEFD206256A47ECF65FE1.e.267"}]}
COMMAND: GET /session/188695daba6f4123f2015bbe49059169/screenshot - {}
RESULT: {}
COMMAND: GET /session/188695daba6f4123f2015bbe49059169/screenshot - {}
RESULT: {"script":"<script> [5351 bytes]","args":[{"element-6066-11e4-a52e-4f735466cecf":"f.DEFD86E6D49D71B1F09B82144A2C9827.d.CC36236DD58EEFD206256A47ECF65FE1.e.267","ELEMENT":"f.DEFD86E6D49D71B1F09B82144A2C9827.d.CC36236DD58EEFD206256A47ECF65FE1.e.267"}]}
COMMAND: GET /session/188695daba6f4123f2015bbe49059169/screenshot - {}
RESULT: {}
RESULT: {}
RESULT: {}
COMMAND: POST /session/188695daba6f4123f2015bbe49059169/execute/async - {"script":"<script> [1562 bytes]","args":[{"selector":{"controlType":"sap.m.GenericTile","properties":{"header":"Manage Yards"}},"wdio_ui5_key":"sapm.GenericTile{\"header\":\"Manage Yards\"}"}]}
RESULT: {"script":"<script> [1562 bytes]","args":[{"selector":{"controlType":"sap.m.GenericTile","properties":{"header":"Manage Yards"}},"wdio_ui5_key":"sapm.GenericTile{\"header\":\"Manage Yards\"}"}]}
RESULT: undefined
COMMAND: POST /session/188695daba6f4123f2015bbe49059169/element - {"using":"xpath","value":"//*[@id=\"__tile41\"]"}
RESULT: {"using":"xpath","value":"//*[@id=\"__tile41\"]"}
COMMAND: POST /session/188695daba6f4123f2015bbe49059169/element/f.DEFD86E6D49D71B1F09B82144A2C9827.d.CC36236DD58EEFD206256A47ECF65FE1.e.165/click - {}
RESULT: {}
COMMAND: GET /session/188695daba6f4123f2015bbe49059169/screenshot - {}
RESULT: {}
COMMAND: POST /session/188695daba6f4123f2015bbe49059169/elements - {"using":"xpath","value":"//span[text()='Error']"}
RESULT: {"using":"xpath","value":"//span[text()='Error']"}
COMMAND: POST /session/188695daba6f4123f2015bbe49059169/element - {"using":"xpath","value":"//button[@data-kt=\"addNewYardOverflowToolbarButton\"]"}
RESULT: {"using":"xpath","value":"//button[@data-kt=\"addNewYardOverflowToolbarButton\"]"}
COMMAND: POST /session/188695daba6f4123f2015bbe49059169/elements - {"using":"xpath","value":"//button[@data-kt=\"addNewYardOverflowToolbarButton\"]"}
RESULT: {"using":"xpath","value":"//button[@data-kt=\"addNewYardOverflowToolbarButton\"]"}
COMMAND: POST /session/188695daba6f4123f2015bbe49059169/elements - {"using":"xpath","value":"//button[@data-kt=\"addNewYardOverflowToolbarButton\"]"}
RESULT: {"using":"xpath","value":"//button[@data-kt=\"addNewYardOverflowToolbarButton\"]"}
COMMAND: POST /session/188695daba6f4123f2015bbe49059169/elements - {"using":"xpath","value":"//button[@data-kt=\"addNewYardOverflowToolbarButton\"]"}
RESULT: {"using":"xpath","value":"//button[@data-kt=\"addNewYardOverflowToolbarButton\"]"}
COMMAND: POST /session/188695daba6f4123f2015bbe49059169/elements - {"using":"xpath","value":"//button[@data-kt=\"addNewYardOverflowToolbarButton\"]"}
RESULT: {"using":"xpath","value":"//button[@data-kt=\"addNewYardOverflowToolbarButton\"]"}
COMMAND: POST /session/188695daba6f4123f2015bbe49059169/elements - {"using":"xpath","value":"//button[@data-kt=\"addNewYardOverflowToolbarButton\"]"}
RESULT: {"using":"xpath","value":"//button[@data-kt=\"addNewYardOverflowToolbarButton\"]"}
COMMAND: POST /session/188695daba6f4123f2015bbe49059169/elements - {"using":"xpath","value":"//button[@data-kt=\"addNewYardOverflowToolbarButton\"]"}
RESULT: {"using":"xpath","value":"//button[@data-kt=\"addNewYardOverflowToolbarButton\"]"}
COMMAND: POST /session/188695daba6f4123f2015bbe49059169/elements - {"using":"xpath","value":"//button[@data-kt=\"addNewYardOverflowToolbarButton\"]"}
RESULT: {"using":"xpath","value":"//button[@data-kt=\"addNewYardOverflowToolbarButton\"]"}
COMMAND: POST /session/188695daba6f4123f2015bbe49059169/elements - {"using":"xpath","value":"//button[@data-kt=\"addNewYardOverflowToolbarButton\"]"}
RESULT: {"using":"xpath","value":"//button[@data-kt=\"addNewYardOverflowToolbarButton\"]"}
COMMAND: POST /session/188695daba6f4123f2015bbe49059169/elements - {"using":"xpath","value":"//button[@data-kt=\"addNewYardOverflowToolbarButton\"]"}
RESULT: {"using":"xpath","value":"//button[@data-kt=\"addNewYardOverflowToolbarButton\"]"}
COMMAND: POST /session/188695daba6f4123f2015bbe49059169/elements - {"using":"xpath","value":"//button[@data-kt=\"addNewYardOverflowToolbarButton\"]"}
RESULT: {"using":"xpath","value":"//button[@data-kt=\"addNewYardOverflowToolbarButton\"]"}
COMMAND: POST /session/188695daba6f4123f2015bbe49059169/elements - {"using":"xpath","value":"//button[@data-kt=\"addNewYardOverflowToolbarButton\"]"}
RESULT: {"using":"xpath","value":"//button[@data-kt=\"addNewYardOverflowToolbarButton\"]"}
COMMAND: POST /session/188695daba6f4123f2015bbe49059169/elements - {"using":"xpath","value":"//button[@data-kt=\"addNewYardOverflowToolbarButton\"]"}
RESULT: {"using":"xpath","value":"//button[@data-kt=\"addNewYardOverflowToolbarButton\"]"}
COMMAND: POST /session/188695daba6f4123f2015bbe49059169/elements - {"using":"xpath","value":"//button[@data-kt=\"addNewYardOverflowToolbarButton\"]"}
RESULT: {"using":"xpath","value":"//button[@data-kt=\"addNewYardOverflowToolbarButton\"]"}
COMMAND: POST /session/188695daba6f4123f2015bbe49059169/elements - {"using":"xpath","value":"//button[@data-kt=\"addNewYardOverflowToolbarButton\"]"}
RESULT: {"using":"xpath","value":"//button[@data-kt=\"addNewYardOverflowToolbarButton\"]"}
COMMAND: POST /session/188695daba6f4123f2015bbe49059169/elements - {"using":"xpath","value":"//button[@data-kt=\"addNewYardOverflowToolbarButton\"]"}
RESULT: {"using":"xpath","value":"//button[@data-kt=\"addNewYardOverflowToolbarButton\"]"}
COMMAND: POST /session/188695daba6f4123f2015bbe49059169/elements - {"using":"xpath","value":"//button[@data-kt=\"addNewYardOverflowToolbarButton\"]"}
RESULT: {"using":"xpath","value":"//button[@data-kt=\"addNewYardOverflowToolbarButton\"]"}
COMMAND: POST /session/188695daba6f4123f2015bbe49059169/elements - {"using":"xpath","value":"//button[@data-kt=\"addNewYardOverflowToolbarButton\"]"}
RESULT: {"using":"xpath","value":"//button[@data-kt=\"addNewYardOverflowToolbarButton\"]"}
COMMAND: POST /session/188695daba6f4123f2015bbe49059169/elements - {"using":"xpath","value":"//button[@data-kt=\"addNewYardOverflowToolbarButton\"]"}
RESULT: {"using":"xpath","value":"//button[@data-kt=\"addNewYardOverflowToolbarButton\"]"}
COMMAND: POST /session/188695daba6f4123f2015bbe49059169/elements - {"using":"xpath","value":"//button[@data-kt=\"addNewYardOverflowToolbarButton\"]"}
RESULT: {"using":"xpath","value":"//button[@data-kt=\"addNewYardOverflowToolbarButton\"]"}
COMMAND: POST /session/188695daba6f4123f2015bbe49059169/elements - {"using":"xpath","value":"//button[@data-kt=\"addNewYardOverflowToolbarButton\"]"}
RESULT: {"using":"xpath","value":"//button[@data-kt=\"addNewYardOverflowToolbarButton\"]"}
COMMAND: POST /session/188695daba6f4123f2015bbe49059169/elements - {"using":"xpath","value":"//button[@data-kt=\"addNewYardOverflowToolbarButton\"]"}
RESULT: {"using":"xpath","value":"//button[@data-kt=\"addNewYardOverflowToolbarButton\"]"}
COMMAND: POST /session/188695daba6f4123f2015bbe49059169/element - {"using":"xpath","value":"//button[@data-kt=\"addNewYardOverflowToolbarButton\"]"}
RESULT: {"using":"xpath","value":"//button[@data-kt=\"addNewYardOverflowToolbarButton\"]"}
COMMAND: POST /session/188695daba6f4123f2015bbe49059169/execute/sync - {"script":"<script> [8489 bytes]","args":[{"element-6066-11e4-a52e-4f735466cecf":"f.DEFD86E6D49D71B1F09B82144A2C9827.d.CC36236DD58EEFD206256A47ECF65FE1.e.299","ELEMENT":"f.DEFD86E6D49D71B1F09B82144A2C9827.d.CC36236DD58EEFD206256A47ECF65FE1.e.299"}]}
RESULT: {"script":"<script> [8489 bytes]","args":[{"element-6066-11e4-a52e-4f735466cecf":"f.DEFD86E6D49D71B1F09B82144A2C9827.d.CC36236DD58EEFD206256A47ECF65FE1.e.299","ELEMENT":"f.DEFD86E6D49D71B1F09B82144A2C9827.d.CC36236DD58EEFD206256A47ECF65FE1.e.299"}]}
COMMAND: GET /session/188695daba6f4123f2015bbe49059169/element/f.DEFD86E6D49D71B1F09B82144A2C9827.d.CC36236DD58EEFD206256A47ECF65FE1.e.299/enabled - {}
COMMAND: GET /session/188695daba6f4123f2015bbe49059169/screenshot - {}
RESULT: {}
COMMAND: POST /session/188695daba6f4123f2015bbe49059169/execute/sync - {"script":"<script> [8489 bytes]","args":[{"element-6066-11e4-a52e-4f735466cecf":"f.DEFD86E6D49D71B1F09B82144A2C9827.d.CC36236DD58EEFD206256A47ECF65FE1.e.299","ELEMENT":"f.DEFD86E6D49D71B1F09B82144A2C9827.d.CC36236DD58EEFD206256A47ECF65FE1.e.299"}]}
COMMAND: GET /session/188695daba6f4123f2015bbe49059169/screenshot - {}
RESULT: {}
RESULT: {"script":"<script> [8489 bytes]","args":[{"element-6066-11e4-a52e-4f735466cecf":"f.DEFD86E6D49D71B1F09B82144A2C9827.d.CC36236DD58EEFD206256A47ECF65FE1.e.299","ELEMENT":"f.DEFD86E6D49D71B1F09B82144A2C9827.d.CC36236DD58EEFD206256A47ECF65FE1.e.299"}]}
COMMAND: POST /session/188695daba6f4123f2015bbe49059169/execute/sync - {"script":"<script> [5351 bytes]","args":[{"element-6066-11e4-a52e-4f735466cecf":"f.DEFD86E6D49D71B1F09B82144A2C9827.d.CC36236DD58EEFD206256A47ECF65FE1.e.299","ELEMENT":"f.DEFD86E6D49D71B1F09B82144A2C9827.d.CC36236DD58EEFD206256A47ECF65FE1.e.299"}]}
COMMAND: GET /session/188695daba6f4123f2015bbe49059169/screenshot - {}
RESULT: {}
RESULT: {"script":"<script> [5351 bytes]","args":[{"element-6066-11e4-a52e-4f735466cecf":"f.DEFD86E6D49D71B1F09B82144A2C9827.d.CC36236DD58EEFD206256A47ECF65FE1.e.299","ELEMENT":"f.DEFD86E6D49D71B1F09B82144A2C9827.d.CC36236DD58EEFD206256A47ECF65FE1.e.299"}]}
COMMAND: POST /session/188695daba6f4123f2015bbe49059169/element/f.DEFD86E6D49D71B1F09B82144A2C9827.d.CC36236DD58EEFD206256A47ECF65FE1.e.299/click - {}
COMMAND: GET /session/188695daba6f4123f2015bbe49059169/screenshot - {}
RESULT: {}
RESULT: {}
COMMAND: GET /session/188695daba6f4123f2015bbe49059169/screenshot - {}
RESULT: {}
RESULT: {}
COMMAND: POST /session/188695daba6f4123f2015bbe49059169/element - {"using":"xpath","value":"//input[@id=\"application-manageyards-display-component---NewYard--yardId-inner\"]"}
RESULT: {"using":"xpath","value":"//input[@id=\"application-manageyards-display-component---NewYard--yardId-inner\"]"}
COMMAND: POST /session/188695daba6f4123f2015bbe49059169/element - {"using":"xpath","value":"//input[@id=\"application-manageyards-display-component---NewYard--yardId-inner\"]"}
RESULT: {"using":"xpath","value":"//input[@id=\"application-manageyards-display-component---NewYard--yardId-inner\"]"}
COMMAND: POST /session/188695daba6f4123f2015bbe49059169/execute/async - {"script":"<script> [1562 bytes]","args":[{"selector":{"id":"application-manageyards-display-component---NewYard--addressDetailDetailsName1","interaction":{"idSuffix":"inner"}},"wdio_ui5_key":"applicationmanageyards-display-component---NewYard--addressDetailDetailsName1"}]}
RESULT: {"script":"<script> [1562 bytes]","args":[{"selector":{"id":"application-manageyards-display-component---NewYard--addressDetailDetailsName1","interaction":{"idSuffix":"inner"}},"wdio_ui5_key":"applicationmanageyards-display-component---NewYard--addressDetailDetailsName1"}]}
RESULT: undefined
COMMAND: POST /session/188695daba6f4123f2015bbe49059169/execute/async - {"script":"<script> [776 bytes]","args":[{"enterText":"Intracompany Yard wdIO","selector":{"id":"application-manageyards-display-component---NewYard--addressDetailDetailsName1","interaction":{"idSuffix":"inner"}},"clearTextFirst":true,"interactionType":"ENTER_TEXT"}]}
RESULT: {"script":"<script> [776 bytes]","args":[{"enterText":"Intracompany Yard wdIO","selector":{"id":"application-manageyards-display-component---NewYard--addressDetailDetailsName1","interaction":{"idSuffix":"inner"}},"clearTextFirst":true,"interactionType":"ENTER_TEXT"}]}
COMMAND: POST /session/188695daba6f4123f2015bbe49059169/execute/async - {"script":"<script> [1562 bytes]","args":[{"selector":{"id":"application-manageyards-display-component---NewYard--addressDetailDetailsLanguage-arrow"},"wdio_ui5_key":"applicationmanageyards-display-component---NewYard--addressDetailDetailsLanguage-arrow"}]}
RESULT: {"script":"<script> [1562 bytes]","args":[{"selector":{"id":"application-manageyards-display-component---NewYard--addressDetailDetailsLanguage-arrow"},"wdio_ui5_key":"applicationmanageyards-display-component---NewYard--addressDetailDetailsLanguage-arrow"}]}
RESULT: undefined
COMMAND: POST /session/188695daba6f4123f2015bbe49059169/element - {"using":"xpath","value":"//*[@id=\"application-manageyards-display-component---NewYard--addressDetailDetailsLanguage-arrow\"]"}
RESULT: {"using":"xpath","value":"//*[@id=\"application-manageyards-display-component---NewYard--addressDetailDetailsLanguage-arrow\"]"}
COMMAND: POST /session/188695daba6f4123f2015bbe49059169/element/f.DEFD86E6D49D71B1F09B82144A2C9827.d.CC36236DD58EEFD206256A47ECF65FE1.e.745/click - {}
RESULT: {}
COMMAND: POST /session/188695daba6f4123f2015bbe49059169/element - {"using":"xpath","value":"//span[contains(text(), \"English\")]"}
COMMAND: GET /session/188695daba6f4123f2015bbe49059169/screenshot - {}
RESULT: {"using":"xpath","value":"//span[contains(text(), \"English\")]"}
COMMAND: POST /session/188695daba6f4123f2015bbe49059169/element/f.DEFD86E6D49D71B1F09B82144A2C9827.d.CC36236DD58EEFD206256A47ECF65FE1.e.746/click - {}
RESULT: {}
RESULT: {}
COMMAND: POST /session/188695daba6f4123f2015bbe49059169/execute/async - {"script":"<script> [1562 bytes]","args":[{"selector":{"id":"application-manageyards-display-component---NewYard--addressDetailDetailsCity1","interaction":{"idSuffix":"inner"}},"wdio_ui5_key":"applicationmanageyards-display-component---NewYard--addressDetailDetailsCity1"}]}
COMMAND: GET /session/188695daba6f4123f2015bbe49059169/screenshot - {}
RESULT: {"script":"<script> [1562 bytes]","args":[{"selector":{"id":"application-manageyards-display-component---NewYard--addressDetailDetailsCity1","interaction":{"idSuffix":"inner"}},"wdio_ui5_key":"applicationmanageyards-display-component---NewYard--addressDetailDetailsCity1"}]}
RESULT: undefined
COMMAND: POST /session/188695daba6f4123f2015bbe49059169/execute/async - {"script":"<script> [776 bytes]","args":[{"enterText":"Rosario","selector":{"id":"application-manageyards-display-component---NewYard--addressDetailDetailsCity1","interaction":{"idSuffix":"inner"}},"clearTextFirst":true,"interactionType":"ENTER_TEXT"}]}
RESULT: {}
RESULT: {"script":"<script> [776 bytes]","args":[{"enterText":"Rosario","selector":{"id":"application-manageyards-display-component---NewYard--addressDetailDetailsCity1","interaction":{"idSuffix":"inner"}},"clearTextFirst":true,"interactionType":"ENTER_TEXT"}]}
COMMAND: POST /session/188695daba6f4123f2015bbe49059169/execute/async - {"script":"<script> [1562 bytes]","args":[{"selector":{"id":"application-manageyards-display-component---NewYard--addressDetailDetailsCountry-arrow"},"wdio_ui5_key":"applicationmanageyards-display-component---NewYard--addressDetailDetailsCountry-arrow"}]}
RESULT: {"script":"<script> [1562 bytes]","args":[{"selector":{"id":"application-manageyards-display-component---NewYard--addressDetailDetailsCountry-arrow"},"wdio_ui5_key":"applicationmanageyards-display-component---NewYard--addressDetailDetailsCountry-arrow"}]}
RESULT: undefined
COMMAND: POST /session/188695daba6f4123f2015bbe49059169/element - {"using":"xpath","value":"//*[@id=\"application-manageyards-display-component---NewYard--addressDetailDetailsCountry-arrow\"]"}
RESULT: {"using":"xpath","value":"//*[@id=\"application-manageyards-display-component---NewYard--addressDetailDetailsCountry-arrow\"]"}
COMMAND: POST /session/188695daba6f4123f2015bbe49059169/element/f.DEFD86E6D49D71B1F09B82144A2C9827.d.CC36236DD58EEFD206256A47ECF65FE1.e.748/click - {}
RESULT: {}
COMMAND: POST /session/188695daba6f4123f2015bbe49059169/element - {"using":"xpath","value":"//span[contains(text(), \"Argentina\")]"}
COMMAND: GET /session/188695daba6f4123f2015bbe49059169/screenshot - {}
RESULT: {}
RESULT: {"using":"xpath","value":"//span[contains(text(), \"Argentina\")]"}
COMMAND: POST /session/188695daba6f4123f2015bbe49059169/element/f.DEFD86E6D49D71B1F09B82144A2C9827.d.CC36236DD58EEFD206256A47ECF65FE1.e.750/click - {}
RESULT: {}
COMMAND: POST /session/188695daba6f4123f2015bbe49059169/execute/async - {"script":"<script> [1562 bytes]","args":[{"selector":{"id":"application-manageyards-display-component---NewYard--addressEditDetailsCostObjectCstType-arrow"},"wdio_ui5_key":"applicationmanageyards-display-component---NewYard--addressEditDetailsCostObjectCstType-arrow"}]}
COMMAND: GET /session/188695daba6f4123f2015bbe49059169/screenshot - {}
RESULT: {"script":"<script> [1562 bytes]","args":[{"selector":{"id":"application-manageyards-display-component---NewYard--addressEditDetailsCostObjectCstType-arrow"},"wdio_ui5_key":"applicationmanageyards-display-component---NewYard--addressEditDetailsCostObjectCstType-arrow"}]}
RESULT: undefined
COMMAND: POST /session/188695daba6f4123f2015bbe49059169/element - {"using":"xpath","value":"//*[@id=\"application-manageyards-display-component---NewYard--addressEditDetailsCostObjectCstType-arrow\"]"}
RESULT: {}
RESULT: {"using":"xpath","value":"//*[@id=\"application-manageyards-display-component---NewYard--addressEditDetailsCostObjectCstType-arrow\"]"}
COMMAND: POST /session/188695daba6f4123f2015bbe49059169/element/f.DEFD86E6D49D71B1F09B82144A2C9827.d.CC36236DD58EEFD206256A47ECF65FE1.e.751/click - {}
RESULT: {}
COMMAND: POST /session/188695daba6f4123f2015bbe49059169/element - {"using":"xpath","value":"//span[contains(text(), \"Cost Center\")]"}
COMMAND: GET /session/188695daba6f4123f2015bbe49059169/screenshot - {}
RESULT: {"using":"xpath","value":"//span[contains(text(), \"Cost Center\")]"}
COMMAND: POST /session/188695daba6f4123f2015bbe49059169/element/f.DEFD86E6D49D71B1F09B82144A2C9827.d.CC36236DD58EEFD206256A47ECF65FE1.e.752/click - {}
RESULT: {}
RESULT: {}
COMMAND: GET /session/188695daba6f4123f2015bbe49059169/screenshot - {}
RESULT: {}
COMMAND: POST /session/188695daba6f4123f2015bbe49059169/element - {"using":"xpath","value":"//span[@id=\"application-manageyards-display-component---NewYard--addressNewCostObjectCstID-vhi\"]"}
RESULT: {"using":"xpath","value":"//span[@id=\"application-manageyards-display-component---NewYard--addressNewCostObjectCstID-vhi\"]"}
COMMAND: POST /session/188695daba6f4123f2015bbe49059169/execute/sync - {"script":"<script> [8489 bytes]","args":[{"element-6066-11e4-a52e-4f735466cecf":"f.DEFD86E6D49D71B1F09B82144A2C9827.d.CC36236DD58EEFD206256A47ECF65FE1.e.756","ELEMENT":"f.DEFD86E6D49D71B1F09B82144A2C9827.d.CC36236DD58EEFD206256A47ECF65FE1.e.756"}]}
RESULT: {"script":"<script> [8489 bytes]","args":[{"element-6066-11e4-a52e-4f735466cecf":"f.DEFD86E6D49D71B1F09B82144A2C9827.d.CC36236DD58EEFD206256A47ECF65FE1.e.756","ELEMENT":"f.DEFD86E6D49D71B1F09B82144A2C9827.d.CC36236DD58EEFD206256A47ECF65FE1.e.756"}]}
COMMAND: POST /session/188695daba6f4123f2015bbe49059169/execute/async - {"script":"<script> [1562 bytes]","args":[{"selector":{"id":"application-manageyards-display-component---NewYard--addressNewCostObjectCstID-vhi"},"wdio_ui5_key":"applicationmanageyards-display-component---NewYard--addressNewCostObjectCstID-vhi"}]}
COMMAND: GET /session/188695daba6f4123f2015bbe49059169/screenshot - {}
RESULT: {"script":"<script> [1562 bytes]","args":[{"selector":{"id":"application-manageyards-display-component---NewYard--addressNewCostObjectCstID-vhi"},"wdio_ui5_key":"applicationmanageyards-display-component---NewYard--addressNewCostObjectCstID-vhi"}]}
RESULT: undefined
COMMAND: POST /session/188695daba6f4123f2015bbe49059169/element - {"using":"xpath","value":"//*[@id=\"application-manageyards-display-component---NewYard--addressNewCostObjectCstID-vhi\"]"}
RESULT: {}
RESULT: {"using":"xpath","value":"//*[@id=\"application-manageyards-display-component---NewYard--addressNewCostObjectCstID-vhi\"]"}
COMMAND: POST /session/188695daba6f4123f2015bbe49059169/element/f.DEFD86E6D49D71B1F09B82144A2C9827.d.CC36236DD58EEFD206256A47ECF65FE1.e.756/click - {}
RESULT: {}
COMMAND: GET /session/188695daba6f4123f2015bbe49059169/screenshot - {}
RESULT: {}
COMMAND: POST /session/188695daba6f4123f2015bbe49059169/execute/async - {"script":"<script> [1562 bytes]","args":[{"selector":{"controlType":"sap.m.SearchField","properties":{"placeholder":"Search"},"searchOpenDialogs":true,"interaction":{"idSuffix":"I"}},"wdio_ui5_key":"sapm.SearchField{\"placeholder\":\"Search\"}"}]}
RESULT: {"script":"<script> [1562 bytes]","args":[{"selector":{"controlType":"sap.m.SearchField","properties":{"placeholder":"Search"},"searchOpenDialogs":true,"interaction":{"idSuffix":"I"}},"wdio_ui5_key":"sapm.SearchField{\"placeholder\":\"Search\"}"}]}
RESULT: undefined
COMMAND: POST /session/188695daba6f4123f2015bbe49059169/execute/async - {"script":"<script> [776 bytes]","args":[{"enterText":"bauh_b","selector":{"controlType":"sap.m.SearchField","properties":{"placeholder":"Search"},"searchOpenDialogs":true,"interaction":{"idSuffix":"I"}},"clearTextFirst":true,"interactionType":"ENTER_TEXT"}]}
RESULT: {"script":"<script> [776 bytes]","args":[{"enterText":"bauh_b","selector":{"controlType":"sap.m.SearchField","properties":{"placeholder":"Search"},"searchOpenDialogs":true,"interaction":{"idSuffix":"I"}},"clearTextFirst":true,"interactionType":"ENTER_TEXT"}]}
COMMAND: POST /session/188695daba6f4123f2015bbe49059169/actions - {"actions":[{"id":"action1","type":"key","parameters":{},"actions":[{"type":"keyDown","value":"î€‡"},{"type":"pause","duration":10},{"type":"keyUp","value":"î€‡"}]}]}
RESULT: {"actions":[{"id":"action1","type":"key","parameters":{},"actions":[{"type":"keyDown","value":"î€‡"},{"type":"pause","duration":10},{"type":"keyUp","value":"î€‡"}]}]}
COMMAND: GET /session/188695daba6f4123f2015bbe49059169/screenshot - {}
RESULT: {}
COMMAND: POST /session/188695daba6f4123f2015bbe49059169/element - {"using":"xpath","value":"//span[contains(text(), \"Demo Yard\")]"}
RESULT: {"using":"xpath","value":"//span[contains(text(), \"Demo Yard\")]"}
COMMAND: POST /session/188695daba6f4123f2015bbe49059169/element/f.DEFD86E6D49D71B1F09B82144A2C9827.d.CC36236DD58EEFD206256A47ECF65FE1.e.797/click - {}
RESULT: {}
COMMAND: GET /session/188695daba6f4123f2015bbe49059169/screenshot - {}
RESULT: {}
COMMAND: POST /session/188695daba6f4123f2015bbe49059169/element - {"using":"xpath","value":"//bdi[contains(text(), \"OK\")]"}
RESULT: {"using":"xpath","value":"//bdi[contains(text(), \"OK\")]"}
COMMAND: POST /session/188695daba6f4123f2015bbe49059169/element/f.DEFD86E6D49D71B1F09B82144A2C9827.d.CC36236DD58EEFD206256A47ECF65FE1.e.798/click - {}
RESULT: {}
COMMAND: GET /session/188695daba6f4123f2015bbe49059169/screenshot - {}
RESULT: {}
COMMAND: POST /session/188695daba6f4123f2015bbe49059169/execute/async - {"script":"<script> [1562 bytes]","args":[{"selector":{"id":"application-manageyards-display-component---NewYard--addressEditDetailsCurrency-arrow"},"wdio_ui5_key":"applicationmanageyards-display-component---NewYard--addressEditDetailsCurrency-arrow"}]}
RESULT: {"script":"<script> [1562 bytes]","args":[{"selector":{"id":"application-manageyards-display-component---NewYard--addressEditDetailsCurrency-arrow"},"wdio_ui5_key":"applicationmanageyards-display-component---NewYard--addressEditDetailsCurrency-arrow"}]}
RESULT: undefined
COMMAND: POST /session/188695daba6f4123f2015bbe49059169/element - {"using":"xpath","value":"//*[@id=\"application-manageyards-display-component---NewYard--addressEditDetailsCurrency-arrow\"]"}
RESULT: {"using":"xpath","value":"//*[@id=\"application-manageyards-display-component---NewYard--addressEditDetailsCurrency-arrow\"]"}
COMMAND: POST /session/188695daba6f4123f2015bbe49059169/element/f.DEFD86E6D49D71B1F09B82144A2C9827.d.CC36236DD58EEFD206256A47ECF65FE1.e.801/click - {}
RESULT: {}
COMMAND: POST /session/188695daba6f4123f2015bbe49059169/element - {"using":"xpath","value":"//span[contains(text(), \"Euro\")]"}
COMMAND: GET /session/188695daba6f4123f2015bbe49059169/screenshot - {}
RESULT: {"using":"xpath","value":"//span[contains(text(), \"Euro\")]"}
COMMAND: POST /session/188695daba6f4123f2015bbe49059169/element/f.DEFD86E6D49D71B1F09B82144A2C9827.d.CC36236DD58EEFD206256A47ECF65FE1.e.802/click - {}
RESULT: {}
RESULT: {}
COMMAND: POST /session/188695daba6f4123f2015bbe49059169/execute/async - {"script":"<script> [1562 bytes]","args":[{"selector":{"controlType":"sap.m.Input","viewName":"etm.portal.ui.manageyards.view.New","viewId":"application-manageyards-display-component---NewYard","bindingPath":{"path":"","propertyPath":"/CONTROLLING_AREA","modelName":"NewYardModel"},"interaction":{"idSuffix":"inner"}},"wdio_ui5_key":"etmportal.ui.manageyards.view.Newsap.m.Input{\"path\":\"\",\"propertyPath\":\"/CONTROLLING_AREA\",\"modelName\":\"NewYardModel\"}"}]}
COMMAND: GET /session/188695daba6f4123f2015bbe49059169/screenshot - {}
RESULT: {"script":"<script> [1562 bytes]","args":[{"selector":{"controlType":"sap.m.Input","viewName":"etm.portal.ui.manageyards.view.New","viewId":"application-manageyards-display-component---NewYard","bindingPath":{"path":"","propertyPath":"/CONTROLLING_AREA","modelName":"NewYardModel"},"interaction":{"idSuffix":"inner"}},"wdio_ui5_key":"etmportal.ui.manageyards.view.Newsap.m.Input{\"path\":\"\",\"propertyPath\":\"/CONTROLLING_AREA\",\"modelName\":\"NewYardModel\"}"}]}
RESULT: undefined
COMMAND: POST /session/188695daba6f4123f2015bbe49059169/execute/async - {"script":"<script> [776 bytes]","args":[{"enterText":"Z001","selector":{"controlType":"sap.m.Input","viewName":"etm.portal.ui.manageyards.view.New","viewId":"application-manageyards-display-component---NewYard","bindingPath":{"path":"","propertyPath":"/CONTROLLING_AREA","modelName":"NewYardModel"},"interaction":{"idSuffix":"inner"}},"clearTextFirst":true,"interactionType":"ENTER_TEXT"}]}
RESULT: {}
RESULT: {"script":"<script> [776 bytes]","args":[{"enterText":"Z001","selector":{"controlType":"sap.m.Input","viewName":"etm.portal.ui.manageyards.view.New","viewId":"application-manageyards-display-component---NewYard","bindingPath":{"path":"","propertyPath":"/CONTROLLING_AREA","modelName":"NewYardModel"},"interaction":{"idSuffix":"inner"}},"clearTextFirst":true,"interactionType":"ENTER_TEXT"}]}
COMMAND: POST /session/188695daba6f4123f2015bbe49059169/execute/async - {"script":"<script> [1562 bytes]","args":[{"selector":{"id":"application-manageyards-display-component---NewYard--companyCodeComboBox","interaction":{"idSuffix":"inner"}},"wdio_ui5_key":"applicationmanageyards-display-component---NewYard--companyCodeComboBox"}]}
RESULT: {"script":"<script> [1562 bytes]","args":[{"selector":{"id":"application-manageyards-display-component---NewYard--companyCodeComboBox","interaction":{"idSuffix":"inner"}},"wdio_ui5_key":"applicationmanageyards-display-component---NewYard--companyCodeComboBox"}]}
RESULT: undefined
COMMAND: POST /session/188695daba6f4123f2015bbe49059169/execute/async - {"script":"<script> [776 bytes]","args":[{"enterText":"1000","selector":{"id":"application-manageyards-display-component---NewYard--companyCodeComboBox","interaction":{"idSuffix":"inner"}},"clearTextFirst":true,"interactionType":"ENTER_TEXT"}]}
RESULT: {"script":"<script> [776 bytes]","args":[{"enterText":"1000","selector":{"id":"application-manageyards-display-component---NewYard--companyCodeComboBox","interaction":{"idSuffix":"inner"}},"clearTextFirst":true,"interactionType":"ENTER_TEXT"}]}
COMMAND: POST /session/188695daba6f4123f2015bbe49059169/execute/async - {"script":"<script> [1562 bytes]","args":[{"selector":{"controlType":"sap.m.Input","viewName":"etm.portal.ui.manageyards.view.New","viewId":"application-manageyards-display-component---NewYard","bindingPath":{"path":"","propertyPath":"/PLANT","modelName":"NewYardModel"},"interaction":{"idSuffix":"inner"}},"wdio_ui5_key":"etmportal.ui.manageyards.view.Newsap.m.Input{\"path\":\"\",\"propertyPath\":\"/PLANT\",\"modelName\":\"NewYardModel\"}"}]}
RESULT: {"script":"<script> [1562 bytes]","args":[{"selector":{"controlType":"sap.m.Input","viewName":"etm.portal.ui.manageyards.view.New","viewId":"application-manageyards-display-component---NewYard","bindingPath":{"path":"","propertyPath":"/PLANT","modelName":"NewYardModel"},"interaction":{"idSuffix":"inner"}},"wdio_ui5_key":"etmportal.ui.manageyards.view.Newsap.m.Input{\"path\":\"\",\"propertyPath\":\"/PLANT\",\"modelName\":\"NewYardModel\"}"}]}
RESULT: undefined
COMMAND: POST /session/188695daba6f4123f2015bbe49059169/execute/async - {"script":"<script> [776 bytes]","args":[{"enterText":"1001","selector":{"controlType":"sap.m.Input","viewName":"etm.portal.ui.manageyards.view.New","viewId":"application-manageyards-display-component---NewYard","bindingPath":{"path":"","propertyPath":"/PLANT","modelName":"NewYardModel"},"interaction":{"idSuffix":"inner"}},"clearTextFirst":true,"interactionType":"ENTER_TEXT"}]}
RESULT: {"script":"<script> [776 bytes]","args":[{"enterText":"1001","selector":{"controlType":"sap.m.Input","viewName":"etm.portal.ui.manageyards.view.New","viewId":"application-manageyards-display-component---NewYard","bindingPath":{"path":"","propertyPath":"/PLANT","modelName":"NewYardModel"},"interaction":{"idSuffix":"inner"}},"clearTextFirst":true,"interactionType":"ENTER_TEXT"}]}
COMMAND: POST /session/188695daba6f4123f2015bbe49059169/execute/async - {"script":"<script> [1562 bytes]","args":[{"selector":{"controlType":"sap.m.Input","viewName":"etm.portal.ui.manageyards.view.New","viewId":"application-manageyards-display-component---NewYard","bindingPath":{"path":"","propertyPath":"/SALES_AREA_VKORG","modelName":"NewYardModel"},"interaction":{"idSuffix":"inner"}},"wdio_ui5_key":"etmportal.ui.manageyards.view.Newsap.m.Input{\"path\":\"\",\"propertyPath\":\"/SALES_AREA_VKORG\",\"modelName\":\"NewYardModel\"}"}]}
RESULT: {"script":"<script> [1562 bytes]","args":[{"selector":{"controlType":"sap.m.Input","viewName":"etm.portal.ui.manageyards.view.New","viewId":"application-manageyards-display-component---NewYard","bindingPath":{"path":"","propertyPath":"/SALES_AREA_VKORG","modelName":"NewYardModel"},"interaction":{"idSuffix":"inner"}},"wdio_ui5_key":"etmportal.ui.manageyards.view.Newsap.m.Input{\"path\":\"\",\"propertyPath\":\"/SALES_AREA_VKORG\",\"modelName\":\"NewYardModel\"}"}]}
RESULT: undefined
COMMAND: POST /session/188695daba6f4123f2015bbe49059169/execute/async - {"script":"<script> [776 bytes]","args":[{"enterText":"C002","selector":{"controlType":"sap.m.Input","viewName":"etm.portal.ui.manageyards.view.New","viewId":"application-manageyards-display-component---NewYard","bindingPath":{"path":"","propertyPath":"/SALES_AREA_VKORG","modelName":"NewYardModel"},"interaction":{"idSuffix":"inner"}},"clearTextFirst":true,"interactionType":"ENTER_TEXT"}]}
RESULT: {"script":"<script> [776 bytes]","args":[{"enterText":"C002","selector":{"controlType":"sap.m.Input","viewName":"etm.portal.ui.manageyards.view.New","viewId":"application-manageyards-display-component---NewYard","bindingPath":{"path":"","propertyPath":"/SALES_AREA_VKORG","modelName":"NewYardModel"},"interaction":{"idSuffix":"inner"}},"clearTextFirst":true,"interactionType":"ENTER_TEXT"}]}
COMMAND: POST /session/188695daba6f4123f2015bbe49059169/execute/async - {"script":"<script> [1562 bytes]","args":[{"selector":{"controlType":"sap.m.Input","viewName":"etm.portal.ui.manageyards.view.New","viewId":"application-manageyards-display-component---NewYard","bindingPath":{"path":"","propertyPath":"/SALES_AREA_VTWEG","modelName":"NewYardModel"},"interaction":{"idSuffix":"inner"}},"wdio_ui5_key":"etmportal.ui.manageyards.view.Newsap.m.Input{\"path\":\"\",\"propertyPath\":\"/SALES_AREA_VTWEG\",\"modelName\":\"NewYardModel\"}"}]}
RESULT: {"script":"<script> [1562 bytes]","args":[{"selector":{"controlType":"sap.m.Input","viewName":"etm.portal.ui.manageyards.view.New","viewId":"application-manageyards-display-component---NewYard","bindingPath":{"path":"","propertyPath":"/SALES_AREA_VTWEG","modelName":"NewYardModel"},"interaction":{"idSuffix":"inner"}},"wdio_ui5_key":"etmportal.ui.manageyards.view.Newsap.m.Input{\"path\":\"\",\"propertyPath\":\"/SALES_AREA_VTWEG\",\"modelName\":\"NewYardModel\"}"}]}
RESULT: undefined
COMMAND: POST /session/188695daba6f4123f2015bbe49059169/execute/async - {"script":"<script> [776 bytes]","args":[{"enterText":"C2","selector":{"controlType":"sap.m.Input","viewName":"etm.portal.ui.manageyards.view.New","viewId":"application-manageyards-display-component---NewYard","bindingPath":{"path":"","propertyPath":"/SALES_AREA_VTWEG","modelName":"NewYardModel"},"interaction":{"idSuffix":"inner"}},"clearTextFirst":true,"interactionType":"ENTER_TEXT"}]}
RESULT: {"script":"<script> [776 bytes]","args":[{"enterText":"C2","selector":{"controlType":"sap.m.Input","viewName":"etm.portal.ui.manageyards.view.New","viewId":"application-manageyards-display-component---NewYard","bindingPath":{"path":"","propertyPath":"/SALES_AREA_VTWEG","modelName":"NewYardModel"},"interaction":{"idSuffix":"inner"}},"clearTextFirst":true,"interactionType":"ENTER_TEXT"}]}
COMMAND: POST /session/188695daba6f4123f2015bbe49059169/execute/async - {"script":"<script> [1562 bytes]","args":[{"selector":{"controlType":"sap.m.Input","viewName":"etm.portal.ui.manageyards.view.New","viewId":"application-manageyards-display-component---NewYard","bindingPath":{"path":"","propertyPath":"/SALES_AREA_SPART","modelName":"NewYardModel"},"interaction":{"idSuffix":"inner"}},"wdio_ui5_key":"etmportal.ui.manageyards.view.Newsap.m.Input{\"path\":\"\",\"propertyPath\":\"/SALES_AREA_SPART\",\"modelName\":\"NewYardModel\"}"}]}
RESULT: {"script":"<script> [1562 bytes]","args":[{"selector":{"controlType":"sap.m.Input","viewName":"etm.portal.ui.manageyards.view.New","viewId":"application-manageyards-display-component---NewYard","bindingPath":{"path":"","propertyPath":"/SALES_AREA_SPART","modelName":"NewYardModel"},"interaction":{"idSuffix":"inner"}},"wdio_ui5_key":"etmportal.ui.manageyards.view.Newsap.m.Input{\"path\":\"\",\"propertyPath\":\"/SALES_AREA_SPART\",\"modelName\":\"NewYardModel\"}"}]}
RESULT: undefined
COMMAND: POST /session/188695daba6f4123f2015bbe49059169/execute/async - {"script":"<script> [776 bytes]","args":[{"enterText":"C2","selector":{"controlType":"sap.m.Input","viewName":"etm.portal.ui.manageyards.view.New","viewId":"application-manageyards-display-component---NewYard","bindingPath":{"path":"","propertyPath":"/SALES_AREA_SPART","modelName":"NewYardModel"},"interaction":{"idSuffix":"inner"}},"clearTextFirst":true,"interactionType":"ENTER_TEXT"}]}
RESULT: {"script":"<script> [776 bytes]","args":[{"enterText":"C2","selector":{"controlType":"sap.m.Input","viewName":"etm.portal.ui.manageyards.view.New","viewId":"application-manageyards-display-component---NewYard","bindingPath":{"path":"","propertyPath":"/SALES_AREA_SPART","modelName":"NewYardModel"},"interaction":{"idSuffix":"inner"}},"clearTextFirst":true,"interactionType":"ENTER_TEXT"}]}
COMMAND: POST /session/188695daba6f4123f2015bbe49059169/execute/async - {"script":"<script> [1562 bytes]","args":[{"selector":{"controlType":"sap.m.Input","viewName":"etm.portal.ui.manageyards.view.New","viewId":"application-manageyards-display-component---NewYard","bindingPath":{"path":"","propertyPath":"/SHIP_POINT","modelName":"NewYardModel"},"interaction":{"idSuffix":"inner"}},"wdio_ui5_key":"etmportal.ui.manageyards.view.Newsap.m.Input{\"path\":\"\",\"propertyPath\":\"/SHIP_POINT\",\"modelName\":\"NewYardModel\"}"}]}
RESULT: {"script":"<script> [1562 bytes]","args":[{"selector":{"controlType":"sap.m.Input","viewName":"etm.portal.ui.manageyards.view.New","viewId":"application-manageyards-display-component---NewYard","bindingPath":{"path":"","propertyPath":"/SHIP_POINT","modelName":"NewYardModel"},"interaction":{"idSuffix":"inner"}},"wdio_ui5_key":"etmportal.ui.manageyards.view.Newsap.m.Input{\"path\":\"\",\"propertyPath\":\"/SHIP_POINT\",\"modelName\":\"NewYardModel\"}"}]}
RESULT: undefined
COMMAND: POST /session/188695daba6f4123f2015bbe49059169/execute/async - {"script":"<script> [776 bytes]","args":[{"enterText":"1710","selector":{"controlType":"sap.m.Input","viewName":"etm.portal.ui.manageyards.view.New","viewId":"application-manageyards-display-component---NewYard","bindingPath":{"path":"","propertyPath":"/SHIP_POINT","modelName":"NewYardModel"},"interaction":{"idSuffix":"inner"}},"clearTextFirst":true,"interactionType":"ENTER_TEXT"}]}
RESULT: {"script":"<script> [776 bytes]","args":[{"enterText":"1710","selector":{"controlType":"sap.m.Input","viewName":"etm.portal.ui.manageyards.view.New","viewId":"application-manageyards-display-component---NewYard","bindingPath":{"path":"","propertyPath":"/SHIP_POINT","modelName":"NewYardModel"},"interaction":{"idSuffix":"inner"}},"clearTextFirst":true,"interactionType":"ENTER_TEXT"}]}
COMMAND: POST /session/188695daba6f4123f2015bbe49059169/execute/async - {"script":"<script> [1562 bytes]","args":[{"selector":{"controlType":"sap.m.Input","viewName":"etm.portal.ui.manageyards.view.New","viewId":"application-manageyards-display-component---NewYard","bindingPath":{"path":"","propertyPath":"/DELIVERY_TYPE","modelName":"NewYardModel"},"interaction":{"idSuffix":"inner"}},"wdio_ui5_key":"etmportal.ui.manageyards.view.Newsap.m.Input{\"path\":\"\",\"propertyPath\":\"/DELIVERY_TYPE\",\"modelName\":\"NewYardModel\"}"}]}
RESULT: {"script":"<script> [1562 bytes]","args":[{"selector":{"controlType":"sap.m.Input","viewName":"etm.portal.ui.manageyards.view.New","viewId":"application-manageyards-display-component---NewYard","bindingPath":{"path":"","propertyPath":"/DELIVERY_TYPE","modelName":"NewYardModel"},"interaction":{"idSuffix":"inner"}},"wdio_ui5_key":"etmportal.ui.manageyards.view.Newsap.m.Input{\"path\":\"\",\"propertyPath\":\"/DELIVERY_TYPE\",\"modelName\":\"NewYardModel\"}"}]}
RESULT: undefined
COMMAND: POST /session/188695daba6f4123f2015bbe49059169/execute/async - {"script":"<script> [776 bytes]","args":[{"enterText":"ZL01","selector":{"controlType":"sap.m.Input","viewName":"etm.portal.ui.manageyards.view.New","viewId":"application-manageyards-display-component---NewYard","bindingPath":{"path":"","propertyPath":"/DELIVERY_TYPE","modelName":"NewYardModel"},"interaction":{"idSuffix":"inner"}},"clearTextFirst":true,"interactionType":"ENTER_TEXT"}]}
RESULT: {"script":"<script> [776 bytes]","args":[{"enterText":"ZL01","selector":{"controlType":"sap.m.Input","viewName":"etm.portal.ui.manageyards.view.New","viewId":"application-manageyards-display-component---NewYard","bindingPath":{"path":"","propertyPath":"/DELIVERY_TYPE","modelName":"NewYardModel"},"interaction":{"idSuffix":"inner"}},"clearTextFirst":true,"interactionType":"ENTER_TEXT"}]}
COMMAND: POST /session/188695daba6f4123f2015bbe49059169/execute/async - {"script":"<script> [1562 bytes]","args":[{"selector":{"controlType":"sap.m.Input","viewName":"etm.portal.ui.manageyards.view.New","viewId":"application-manageyards-display-component---NewYard","bindingPath":{"path":"","propertyPath":"/AUART","modelName":"NewYardModel"},"interaction":{"idSuffix":"inner"}},"wdio_ui5_key":"etmportal.ui.manageyards.view.Newsap.m.Input{\"path\":\"\",\"propertyPath\":\"/AUART\",\"modelName\":\"NewYardModel\"}"}]}
RESULT: {"script":"<script> [1562 bytes]","args":[{"selector":{"controlType":"sap.m.Input","viewName":"etm.portal.ui.manageyards.view.New","viewId":"application-manageyards-display-component---NewYard","bindingPath":{"path":"","propertyPath":"/AUART","modelName":"NewYardModel"},"interaction":{"idSuffix":"inner"}},"wdio_ui5_key":"etmportal.ui.manageyards.view.Newsap.m.Input{\"path\":\"\",\"propertyPath\":\"/AUART\",\"modelName\":\"NewYardModel\"}"}]}
RESULT: undefined
COMMAND: POST /session/188695daba6f4123f2015bbe49059169/execute/async - {"script":"<script> [776 bytes]","args":[{"enterText":"TA","selector":{"controlType":"sap.m.Input","viewName":"etm.portal.ui.manageyards.view.New","viewId":"application-manageyards-display-component---NewYard","bindingPath":{"path":"","propertyPath":"/AUART","modelName":"NewYardModel"},"interaction":{"idSuffix":"inner"}},"clearTextFirst":true,"interactionType":"ENTER_TEXT"}]}
RESULT: {"script":"<script> [776 bytes]","args":[{"enterText":"TA","selector":{"controlType":"sap.m.Input","viewName":"etm.portal.ui.manageyards.view.New","viewId":"application-manageyards-display-component---NewYard","bindingPath":{"path":"","propertyPath":"/AUART","modelName":"NewYardModel"},"interaction":{"idSuffix":"inner"}},"clearTextFirst":true,"interactionType":"ENTER_TEXT"}]}
COMMAND: POST /session/188695daba6f4123f2015bbe49059169/element - {"using":"xpath","value":"//button[@data-kt=\"newYardSaveButton\"]"}
RESULT: {"using":"xpath","value":"//button[@data-kt=\"newYardSaveButton\"]"}
COMMAND: POST /session/188695daba6f4123f2015bbe49059169/element/f.DEFD86E6D49D71B1F09B82144A2C9827.d.CC36236DD58EEFD206256A47ECF65FE1.e.683/click - {}
RESULT: {}
COMMAND: GET /session/188695daba6f4123f2015bbe49059169/screenshot - {}
RESULT: {}
COMMAND: POST /session/188695daba6f4123f2015bbe49059169/element - {"using":"xpath","value":"//header[contains(@id, 'ObjectPageLayout-headerTitle')]/div[1]/div[2]/div[1]/span[1]"}
RESULT: {"using":"xpath","value":"//header[contains(@id, 'ObjectPageLayout-headerTitle')]/div[1]/div[2]/div[1]/span[1]"}
COMMAND: POST /session/188695daba6f4123f2015bbe49059169/elements - {"using":"xpath","value":"//header[contains(@id, 'ObjectPageLayout-headerTitle')]/div[1]/div[2]/div[1]/span[1]"}
RESULT: {"using":"xpath","value":"//header[contains(@id, 'ObjectPageLayout-headerTitle')]/div[1]/div[2]/div[1]/span[1]"}
COMMAND: POST /session/188695daba6f4123f2015bbe49059169/execute/sync - {"script":"<script> [56 bytes]","args":[{"element-6066-11e4-a52e-4f735466cecf":"f.DEFD86E6D49D71B1F09B82144A2C9827.d.CC36236DD58EEFD206256A47ECF65FE1.e.1028","ELEMENT":"f.DEFD86E6D49D71B1F09B82144A2C9827.d.CC36236DD58EEFD206256A47ECF65FE1.e.1028"}]}
RESULT: {"script":"<script> [56 bytes]","args":[{"element-6066-11e4-a52e-4f735466cecf":"f.DEFD86E6D49D71B1F09B82144A2C9827.d.CC36236DD58EEFD206256A47ECF65FE1.e.1028","ELEMENT":"f.DEFD86E6D49D71B1F09B82144A2C9827.d.CC36236DD58EEFD206256A47ECF65FE1.e.1028"}]}
COMMAND: GET /session/188695daba6f4123f2015bbe49059169/screenshot - {}
RESULT: {}
COMMAND: POST /session/188695daba6f4123f2015bbe49059169/element - {"using":"css selector","value":"#shell-header-logo"}
RESULT: {"using":"css selector","value":"#shell-header-logo"}
COMMAND: POST /session/188695daba6f4123f2015bbe49059169/element/f.DEFD86E6D49D71B1F09B82144A2C9827.d.CC36236DD58EEFD206256A47ECF65FE1.e.267/click - {}
RESULT: {}
COMMAND: GET /session/188695daba6f4123f2015bbe49059169/screenshot - {}
RESULT: {}
COMMAND: POST /session/188695daba6f4123f2015bbe49059169/execute/sync - {"script":"<script> [299 bytes]","args":[["getModel","getResource"]]}
RESULT: {"script":"<script> [299 bytes]","args":[["getModel","getResource"]]}
]]></system-out>
    </testcase>
    <testcase classname="chrome.136_0_7103_93.windows.Partner_specific_tests_US150819_US151080_US151654_US151176_US103444_US151078_US151079_US151109_US151174_US151175_US151189" name="Should create new external partner US150819" time="111.933">
      <system-out><![CDATA[
COMMAND: POST /session/188695daba6f4123f2015bbe49059169/element - {"using":"xpath","value":"//li[.//span[text()=\"Manage Partners\"]]"}
COMMAND: GET /session/188695daba6f4123f2015bbe49059169/screenshot - {}
RESULT: {"using":"xpath","value":"//li[.//span[text()=\"Manage Partners\"]]"}
COMMAND: POST /session/188695daba6f4123f2015bbe49059169/element - {"using":"xpath","value":"//li[.//span[text()=\"Manage Partners\"]]"}
RESULT: {}
RESULT: {"using":"xpath","value":"//li[.//span[text()=\"Manage Partners\"]]"}
COMMAND: POST /session/188695daba6f4123f2015bbe49059169/element - {"using":"css selector","value":"#shell-header-logo"}
RESULT: {"using":"css selector","value":"#shell-header-logo"}
COMMAND: POST /session/188695daba6f4123f2015bbe49059169/element/f.DEFD86E6D49D71B1F09B82144A2C9827.d.CC36236DD58EEFD206256A47ECF65FE1.e.1030/click - {}
COMMAND: POST /session/188695daba6f4123f2015bbe49059169/execute/sync - {"script":"<script> [8489 bytes]","args":[{"element-6066-11e4-a52e-4f735466cecf":"f.DEFD86E6D49D71B1F09B82144A2C9827.d.CC36236DD58EEFD206256A47ECF65FE1.e.1030","ELEMENT":"f.DEFD86E6D49D71B1F09B82144A2C9827.d.CC36236DD58EEFD206256A47ECF65FE1.e.1030"}]}
RESULT: {}
COMMAND: GET /session/188695daba6f4123f2015bbe49059169/screenshot - {}
RESULT: {"script":"<script> [8489 bytes]","args":[{"element-6066-11e4-a52e-4f735466cecf":"f.DEFD86E6D49D71B1F09B82144A2C9827.d.CC36236DD58EEFD206256A47ECF65FE1.e.1030","ELEMENT":"f.DEFD86E6D49D71B1F09B82144A2C9827.d.CC36236DD58EEFD206256A47ECF65FE1.e.1030"}]}
COMMAND: POST /session/188695daba6f4123f2015bbe49059169/execute/sync - {"script":"<script> [5351 bytes]","args":[{"element-6066-11e4-a52e-4f735466cecf":"f.DEFD86E6D49D71B1F09B82144A2C9827.d.CC36236DD58EEFD206256A47ECF65FE1.e.1030","ELEMENT":"f.DEFD86E6D49D71B1F09B82144A2C9827.d.CC36236DD58EEFD206256A47ECF65FE1.e.1030"}]}
COMMAND: GET /session/188695daba6f4123f2015bbe49059169/screenshot - {}
RESULT: {}
RESULT: {"script":"<script> [5351 bytes]","args":[{"element-6066-11e4-a52e-4f735466cecf":"f.DEFD86E6D49D71B1F09B82144A2C9827.d.CC36236DD58EEFD206256A47ECF65FE1.e.1030","ELEMENT":"f.DEFD86E6D49D71B1F09B82144A2C9827.d.CC36236DD58EEFD206256A47ECF65FE1.e.1030"}]}
COMMAND: GET /session/188695daba6f4123f2015bbe49059169/screenshot - {}
RESULT: {}
RESULT: {}
COMMAND: POST /session/188695daba6f4123f2015bbe49059169/window/fullscreen - {}
RESULT: {}
COMMAND: POST /session/188695daba6f4123f2015bbe49059169/execute/async - {"script":"<script> [1562 bytes]","args":[{"selector":{"controlType":"sap.m.GenericTile","properties":{"header":"Manage Partners"}},"wdio_ui5_key":"sapm.GenericTile{\"header\":\"Manage Partners\"}"}]}
RESULT: {"script":"<script> [1562 bytes]","args":[{"selector":{"controlType":"sap.m.GenericTile","properties":{"header":"Manage Partners"}},"wdio_ui5_key":"sapm.GenericTile{\"header\":\"Manage Partners\"}"}]}
RESULT: undefined
COMMAND: POST /session/188695daba6f4123f2015bbe49059169/element - {"using":"xpath","value":"//*[@id=\"__tile38\"]"}
RESULT: {"using":"xpath","value":"//*[@id=\"__tile38\"]"}
COMMAND: POST /session/188695daba6f4123f2015bbe49059169/element/f.DEFD86E6D49D71B1F09B82144A2C9827.d.CC36236DD58EEFD206256A47ECF65FE1.e.156/click - {}
RESULT: {}
COMMAND: GET /session/188695daba6f4123f2015bbe49059169/screenshot - {}
RESULT: {}
COMMAND: POST /session/188695daba6f4123f2015bbe49059169/elements - {"using":"xpath","value":"//span[text()='Error']"}
RESULT: {"using":"xpath","value":"//span[text()='Error']"}
COMMAND: POST /session/188695daba6f4123f2015bbe49059169/element - {"using":"xpath","value":"//button[@data-kt=\"addButton\"]"}
RESULT: {"using":"xpath","value":"//button[@data-kt=\"addButton\"]"}
COMMAND: POST /session/188695daba6f4123f2015bbe49059169/elements - {"using":"xpath","value":"//button[@data-kt=\"addButton\"]"}
RESULT: {"using":"xpath","value":"//button[@data-kt=\"addButton\"]"}
COMMAND: POST /session/188695daba6f4123f2015bbe49059169/elements - {"using":"xpath","value":"//button[@data-kt=\"addButton\"]"}
RESULT: {"using":"xpath","value":"//button[@data-kt=\"addButton\"]"}
COMMAND: POST /session/188695daba6f4123f2015bbe49059169/elements - {"using":"xpath","value":"//button[@data-kt=\"addButton\"]"}
RESULT: {"using":"xpath","value":"//button[@data-kt=\"addButton\"]"}
COMMAND: POST /session/188695daba6f4123f2015bbe49059169/elements - {"using":"xpath","value":"//button[@data-kt=\"addButton\"]"}
RESULT: {"using":"xpath","value":"//button[@data-kt=\"addButton\"]"}
COMMAND: POST /session/188695daba6f4123f2015bbe49059169/element - {"using":"xpath","value":"//button[@data-kt=\"addButton\"]"}
RESULT: {"using":"xpath","value":"//button[@data-kt=\"addButton\"]"}
COMMAND: POST /session/188695daba6f4123f2015bbe49059169/execute/sync - {"script":"<script> [8489 bytes]","args":[{"element-6066-11e4-a52e-4f735466cecf":"f.DEFD86E6D49D71B1F09B82144A2C9827.d.CC36236DD58EEFD206256A47ECF65FE1.e.1076","ELEMENT":"f.DEFD86E6D49D71B1F09B82144A2C9827.d.CC36236DD58EEFD206256A47ECF65FE1.e.1076"}]}
RESULT: {"script":"<script> [8489 bytes]","args":[{"element-6066-11e4-a52e-4f735466cecf":"f.DEFD86E6D49D71B1F09B82144A2C9827.d.CC36236DD58EEFD206256A47ECF65FE1.e.1076","ELEMENT":"f.DEFD86E6D49D71B1F09B82144A2C9827.d.CC36236DD58EEFD206256A47ECF65FE1.e.1076"}]}
COMMAND: GET /session/188695daba6f4123f2015bbe49059169/element/f.DEFD86E6D49D71B1F09B82144A2C9827.d.CC36236DD58EEFD206256A47ECF65FE1.e.1076/enabled - {}
COMMAND: GET /session/188695daba6f4123f2015bbe49059169/screenshot - {}
RESULT: {}
COMMAND: POST /session/188695daba6f4123f2015bbe49059169/execute/sync - {"script":"<script> [8489 bytes]","args":[{"element-6066-11e4-a52e-4f735466cecf":"f.DEFD86E6D49D71B1F09B82144A2C9827.d.CC36236DD58EEFD206256A47ECF65FE1.e.1076","ELEMENT":"f.DEFD86E6D49D71B1F09B82144A2C9827.d.CC36236DD58EEFD206256A47ECF65FE1.e.1076"}]}
COMMAND: GET /session/188695daba6f4123f2015bbe49059169/screenshot - {}
RESULT: {}
RESULT: {"script":"<script> [8489 bytes]","args":[{"element-6066-11e4-a52e-4f735466cecf":"f.DEFD86E6D49D71B1F09B82144A2C9827.d.CC36236DD58EEFD206256A47ECF65FE1.e.1076","ELEMENT":"f.DEFD86E6D49D71B1F09B82144A2C9827.d.CC36236DD58EEFD206256A47ECF65FE1.e.1076"}]}
COMMAND: POST /session/188695daba6f4123f2015bbe49059169/execute/sync - {"script":"<script> [5351 bytes]","args":[{"element-6066-11e4-a52e-4f735466cecf":"f.DEFD86E6D49D71B1F09B82144A2C9827.d.CC36236DD58EEFD206256A47ECF65FE1.e.1076","ELEMENT":"f.DEFD86E6D49D71B1F09B82144A2C9827.d.CC36236DD58EEFD206256A47ECF65FE1.e.1076"}]}
COMMAND: GET /session/188695daba6f4123f2015bbe49059169/screenshot - {}
RESULT: {}
RESULT: {"script":"<script> [5351 bytes]","args":[{"element-6066-11e4-a52e-4f735466cecf":"f.DEFD86E6D49D71B1F09B82144A2C9827.d.CC36236DD58EEFD206256A47ECF65FE1.e.1076","ELEMENT":"f.DEFD86E6D49D71B1F09B82144A2C9827.d.CC36236DD58EEFD206256A47ECF65FE1.e.1076"}]}
COMMAND: POST /session/188695daba6f4123f2015bbe49059169/element/f.DEFD86E6D49D71B1F09B82144A2C9827.d.CC36236DD58EEFD206256A47ECF65FE1.e.1076/click - {}
COMMAND: GET /session/188695daba6f4123f2015bbe49059169/screenshot - {}
RESULT: {}
RESULT: {}
COMMAND: GET /session/188695daba6f4123f2015bbe49059169/screenshot - {}
COMMAND: POST /session/188695daba6f4123f2015bbe49059169/execute/async - {"script":"<script> [1562 bytes]","args":[{"selector":{"id":"application-managepartners-display-component---NewPartner--addressDetailDetailsName1","interaction":{"idSuffix":"inner"}},"wdio_ui5_key":"applicationmanagepartners-display-component---NewPartner--addressDetailDetailsName1"}]}
RESULT: {}
RESULT: {}
RESULT: {"script":"<script> [1562 bytes]","args":[{"selector":{"id":"application-managepartners-display-component---NewPartner--addressDetailDetailsName1","interaction":{"idSuffix":"inner"}},"wdio_ui5_key":"applicationmanagepartners-display-component---NewPartner--addressDetailDetailsName1"}]}
RESULT: undefined
COMMAND: POST /session/188695daba6f4123f2015bbe49059169/execute/async - {"script":"<script> [776 bytes]","args":[{"enterText":"External Partner WDIO","selector":{"id":"application-managepartners-display-component---NewPartner--addressDetailDetailsName1","interaction":{"idSuffix":"inner"}},"clearTextFirst":true,"interactionType":"ENTER_TEXT"}]}
RESULT: {"script":"<script> [776 bytes]","args":[{"enterText":"External Partner WDIO","selector":{"id":"application-managepartners-display-component---NewPartner--addressDetailDetailsName1","interaction":{"idSuffix":"inner"}},"clearTextFirst":true,"interactionType":"ENTER_TEXT"}]}
COMMAND: POST /session/188695daba6f4123f2015bbe49059169/execute/async - {"script":"<script> [1562 bytes]","args":[{"selector":{"id":"application-managepartners-display-component---NewPartner--addressDetailDetailsLanguage-arrow"},"wdio_ui5_key":"applicationmanagepartners-display-component---NewPartner--addressDetailDetailsLanguage-arrow"}]}
RESULT: {"script":"<script> [1562 bytes]","args":[{"selector":{"id":"application-managepartners-display-component---NewPartner--addressDetailDetailsLanguage-arrow"},"wdio_ui5_key":"applicationmanagepartners-display-component---NewPartner--addressDetailDetailsLanguage-arrow"}]}
RESULT: undefined
COMMAND: POST /session/188695daba6f4123f2015bbe49059169/element - {"using":"xpath","value":"//*[@id=\"application-managepartners-display-component---NewPartner--addressDetailDetailsLanguage-arrow\"]"}
RESULT: {"using":"xpath","value":"//*[@id=\"application-managepartners-display-component---NewPartner--addressDetailDetailsLanguage-arrow\"]"}
COMMAND: POST /session/188695daba6f4123f2015bbe49059169/element/f.DEFD86E6D49D71B1F09B82144A2C9827.d.CC36236DD58EEFD206256A47ECF65FE1.e.1512/click - {}
RESULT: {}
COMMAND: POST /session/188695daba6f4123f2015bbe49059169/element - {"using":"xpath","value":"//span[contains(text(), \"English\")]"}
COMMAND: GET /session/188695daba6f4123f2015bbe49059169/screenshot - {}
RESULT: {"using":"xpath","value":"//span[contains(text(), \"English\")]"}
COMMAND: POST /session/188695daba6f4123f2015bbe49059169/element/f.DEFD86E6D49D71B1F09B82144A2C9827.d.CC36236DD58EEFD206256A47ECF65FE1.e.1513/click - {}
RESULT: {}
RESULT: {}
COMMAND: GET /session/188695daba6f4123f2015bbe49059169/screenshot - {}
RESULT: {}
COMMAND: POST /session/188695daba6f4123f2015bbe49059169/execute/async - {"script":"<script> [1562 bytes]","args":[{"selector":{"id":"application-managepartners-display-component---NewPartner--addressDetailDetailsCity1","interaction":{"idSuffix":"inner"}},"wdio_ui5_key":"applicationmanagepartners-display-component---NewPartner--addressDetailDetailsCity1"}]}
RESULT: {"script":"<script> [1562 bytes]","args":[{"selector":{"id":"application-managepartners-display-component---NewPartner--addressDetailDetailsCity1","interaction":{"idSuffix":"inner"}},"wdio_ui5_key":"applicationmanagepartners-display-component---NewPartner--addressDetailDetailsCity1"}]}
RESULT: undefined
COMMAND: POST /session/188695daba6f4123f2015bbe49059169/execute/async - {"script":"<script> [776 bytes]","args":[{"enterText":"Rosario","selector":{"id":"application-managepartners-display-component---NewPartner--addressDetailDetailsCity1","interaction":{"idSuffix":"inner"}},"clearTextFirst":true,"interactionType":"ENTER_TEXT"}]}
RESULT: {"script":"<script> [776 bytes]","args":[{"enterText":"Rosario","selector":{"id":"application-managepartners-display-component---NewPartner--addressDetailDetailsCity1","interaction":{"idSuffix":"inner"}},"clearTextFirst":true,"interactionType":"ENTER_TEXT"}]}
COMMAND: POST /session/188695daba6f4123f2015bbe49059169/execute/async - {"script":"<script> [1562 bytes]","args":[{"selector":{"id":"application-managepartners-display-component---NewPartner--addressDetailDetailsCountry-arrow"},"wdio_ui5_key":"applicationmanagepartners-display-component---NewPartner--addressDetailDetailsCountry-arrow"}]}
RESULT: {"script":"<script> [1562 bytes]","args":[{"selector":{"id":"application-managepartners-display-component---NewPartner--addressDetailDetailsCountry-arrow"},"wdio_ui5_key":"applicationmanagepartners-display-component---NewPartner--addressDetailDetailsCountry-arrow"}]}
RESULT: undefined
COMMAND: POST /session/188695daba6f4123f2015bbe49059169/element - {"using":"xpath","value":"//*[@id=\"application-managepartners-display-component---NewPartner--addressDetailDetailsCountry-arrow\"]"}
RESULT: {"using":"xpath","value":"//*[@id=\"application-managepartners-display-component---NewPartner--addressDetailDetailsCountry-arrow\"]"}
COMMAND: POST /session/188695daba6f4123f2015bbe49059169/element/f.DEFD86E6D49D71B1F09B82144A2C9827.d.CC36236DD58EEFD206256A47ECF65FE1.e.1480/click - {}
RESULT: {}
COMMAND: POST /session/188695daba6f4123f2015bbe49059169/element - {"using":"xpath","value":"//span[contains(text(), \"Argentina\")]"}
COMMAND: GET /session/188695daba6f4123f2015bbe49059169/screenshot - {}
RESULT: {"using":"xpath","value":"//span[contains(text(), \"Argentina\")]"}
COMMAND: POST /session/188695daba6f4123f2015bbe49059169/element/f.DEFD86E6D49D71B1F09B82144A2C9827.d.CC36236DD58EEFD206256A47ECF65FE1.e.1515/click - {}
RESULT: {}
RESULT: {}
COMMAND: GET /session/188695daba6f4123f2015bbe49059169/screenshot - {}
RESULT: {}
COMMAND: POST /session/188695daba6f4123f2015bbe49059169/element - {"using":"xpath","value":"//bdi[contains(text(), \"Commercial\")]"}
RESULT: {"using":"xpath","value":"//bdi[contains(text(), \"Commercial\")]"}
COMMAND: POST /session/188695daba6f4123f2015bbe49059169/element/f.DEFD86E6D49D71B1F09B82144A2C9827.d.CC36236DD58EEFD206256A47ECF65FE1.e.1516/click - {}
RESULT: {}
COMMAND: GET /session/188695daba6f4123f2015bbe49059169/screenshot - {}
RESULT: {}
COMMAND: POST /session/188695daba6f4123f2015bbe49059169/execute/async - {"script":"<script> [1562 bytes]","args":[{"selector":{"id":"application-managepartners-display-component---NewPartner--partnerDetailInternal-arrow"},"wdio_ui5_key":"applicationmanagepartners-display-component---NewPartner--partnerDetailInternal-arrow"}]}
RESULT: {"script":"<script> [1562 bytes]","args":[{"selector":{"id":"application-managepartners-display-component---NewPartner--partnerDetailInternal-arrow"},"wdio_ui5_key":"applicationmanagepartners-display-component---NewPartner--partnerDetailInternal-arrow"}]}
RESULT: undefined
COMMAND: POST /session/188695daba6f4123f2015bbe49059169/element - {"using":"xpath","value":"//*[@id=\"application-managepartners-display-component---NewPartner--partnerDetailInternal-arrow\"]"}
RESULT: {"using":"xpath","value":"//*[@id=\"application-managepartners-display-component---NewPartner--partnerDetailInternal-arrow\"]"}
COMMAND: POST /session/188695daba6f4123f2015bbe49059169/element/f.DEFD86E6D49D71B1F09B82144A2C9827.d.CC36236DD58EEFD206256A47ECF65FE1.e.1524/click - {}
RESULT: {}
COMMAND: POST /session/188695daba6f4123f2015bbe49059169/element - {"using":"xpath","value":"//span[contains(text(), \"External partner\")]"}
COMMAND: GET /session/188695daba6f4123f2015bbe49059169/screenshot - {}
RESULT: {"using":"xpath","value":"//span[contains(text(), \"External partner\")]"}
COMMAND: POST /session/188695daba6f4123f2015bbe49059169/element/f.DEFD86E6D49D71B1F09B82144A2C9827.d.CC36236DD58EEFD206256A47ECF65FE1.e.1525/click - {}
RESULT: {}
RESULT: {}
COMMAND: POST /session/188695daba6f4123f2015bbe49059169/execute/async - {"script":"<script> [1562 bytes]","args":[{"selector":{"id":"application-managepartners-display-component---NewPartner--partnerDetailsCurrency-arrow"},"wdio_ui5_key":"applicationmanagepartners-display-component---NewPartner--partnerDetailsCurrency-arrow"}]}
COMMAND: GET /session/188695daba6f4123f2015bbe49059169/screenshot - {}
RESULT: {"script":"<script> [1562 bytes]","args":[{"selector":{"id":"application-managepartners-display-component---NewPartner--partnerDetailsCurrency-arrow"},"wdio_ui5_key":"applicationmanagepartners-display-component---NewPartner--partnerDetailsCurrency-arrow"}]}
RESULT: undefined
COMMAND: POST /session/188695daba6f4123f2015bbe49059169/element - {"using":"xpath","value":"//*[@id=\"application-managepartners-display-component---NewPartner--partnerDetailsCurrency-arrow\"]"}
RESULT: {}
RESULT: {"using":"xpath","value":"//*[@id=\"application-managepartners-display-component---NewPartner--partnerDetailsCurrency-arrow\"]"}
COMMAND: POST /session/188695daba6f4123f2015bbe49059169/element/f.DEFD86E6D49D71B1F09B82144A2C9827.d.CC36236DD58EEFD206256A47ECF65FE1.e.1530/click - {}
RESULT: {}
COMMAND: POST /session/188695daba6f4123f2015bbe49059169/element - {"using":"xpath","value":"//span[contains(text(), \"US Dollar\")]"}
COMMAND: GET /session/188695daba6f4123f2015bbe49059169/screenshot - {}
RESULT: {"using":"xpath","value":"//span[contains(text(), \"US Dollar\")]"}
COMMAND: POST /session/188695daba6f4123f2015bbe49059169/element/f.DEFD86E6D49D71B1F09B82144A2C9827.d.CC36236DD58EEFD206256A47ECF65FE1.e.1531/click - {}
RESULT: {}
RESULT: {}
COMMAND: GET /session/188695daba6f4123f2015bbe49059169/screenshot - {}
RESULT: {}
COMMAND: POST /session/188695daba6f4123f2015bbe49059169/element - {"using":"xpath","value":"//input[@id=\"application-managepartners-display-component---NewPartner--companyCodeComboBox-inner\"]"}
RESULT: {"using":"xpath","value":"//input[@id=\"application-managepartners-display-component---NewPartner--companyCodeComboBox-inner\"]"}
COMMAND: POST /session/188695daba6f4123f2015bbe49059169/element/f.DEFD86E6D49D71B1F09B82144A2C9827.d.CC36236DD58EEFD206256A47ECF65FE1.e.1390/clear - {}
RESULT: {}
COMMAND: POST /session/188695daba6f4123f2015bbe49059169/element/f.DEFD86E6D49D71B1F09B82144A2C9827.d.CC36236DD58EEFD206256A47ECF65FE1.e.1390/value - {"text":"C002"}
COMMAND: GET /session/188695daba6f4123f2015bbe49059169/screenshot - {}
RESULT: {"text":"C002"}
COMMAND: GET /session/188695daba6f4123f2015bbe49059169/screenshot - {}
RESULT: {}
RESULT: {}
COMMAND: POST /session/188695daba6f4123f2015bbe49059169/element - {"using":"xpath","value":"//li[.//span[text()= \"C002\"]]"}
RESULT: {"using":"xpath","value":"//li[.//span[text()= \"C002\"]]"}
COMMAND: POST /session/188695daba6f4123f2015bbe49059169/element/f.DEFD86E6D49D71B1F09B82144A2C9827.d.CC36236DD58EEFD206256A47ECF65FE1.e.1535/click - {}
RESULT: {}
COMMAND: GET /session/188695daba6f4123f2015bbe49059169/screenshot - {}
RESULT: {}
COMMAND: POST /session/188695daba6f4123f2015bbe49059169/execute/async - {"script":"<script> [1562 bytes]","args":[{"selector":{"id":"application-managepartners-display-component---NewPartner--btnAddTableRow-img"},"wdio_ui5_key":"applicationmanagepartners-display-component---NewPartner--btnAddTableRow-img"}]}
RESULT: {"script":"<script> [1562 bytes]","args":[{"selector":{"id":"application-managepartners-display-component---NewPartner--btnAddTableRow-img"},"wdio_ui5_key":"applicationmanagepartners-display-component---NewPartner--btnAddTableRow-img"}]}
RESULT: undefined
COMMAND: POST /session/188695daba6f4123f2015bbe49059169/element - {"using":"xpath","value":"//*[@id=\"application-managepartners-display-component---NewPartner--btnAddTableRow-img\"]"}
RESULT: {"using":"xpath","value":"//*[@id=\"application-managepartners-display-component---NewPartner--btnAddTableRow-img\"]"}
COMMAND: POST /session/188695daba6f4123f2015bbe49059169/element/f.DEFD86E6D49D71B1F09B82144A2C9827.d.CC36236DD58EEFD206256A47ECF65FE1.e.1536/click - {}
RESULT: {}
COMMAND: GET /session/188695daba6f4123f2015bbe49059169/screenshot - {}
RESULT: {}
COMMAND: POST /session/188695daba6f4123f2015bbe49059169/element - {"using":"xpath","value":"//input[@id=\"application-managepartners-display-component---NewPartner--assignmentYard-application-managepartners-display-component---NewPartner--assignmentsTable-0-inner\"]"}
RESULT: {"using":"xpath","value":"//input[@id=\"application-managepartners-display-component---NewPartner--assignmentYard-application-managepartners-display-component---NewPartner--assignmentsTable-0-inner\"]"}
COMMAND: POST /session/188695daba6f4123f2015bbe49059169/element/f.DEFD86E6D49D71B1F09B82144A2C9827.d.CC36236DD58EEFD206256A47ECF65FE1.e.1539/clear - {}
RESULT: {}
COMMAND: POST /session/188695daba6f4123f2015bbe49059169/element/f.DEFD86E6D49D71B1F09B82144A2C9827.d.CC36236DD58EEFD206256A47ECF65FE1.e.1539/value - {"text":"531"}
COMMAND: GET /session/188695daba6f4123f2015bbe49059169/screenshot - {}
RESULT: {"text":"531"}
COMMAND: GET /session/188695daba6f4123f2015bbe49059169/screenshot - {}
RESULT: {}
RESULT: {}
COMMAND: POST /session/188695daba6f4123f2015bbe49059169/element - {"using":"xpath","value":"//li[.//span[text()='531']]"}
RESULT: {"using":"xpath","value":"//li[.//span[text()='531']]"}
COMMAND: POST /session/188695daba6f4123f2015bbe49059169/element/f.DEFD86E6D49D71B1F09B82144A2C9827.d.CC36236DD58EEFD206256A47ECF65FE1.e.1547/click - {}
RESULT: {}
COMMAND: GET /session/188695daba6f4123f2015bbe49059169/screenshot - {}
RESULT: {}
COMMAND: POST /session/188695daba6f4123f2015bbe49059169/actions - {"actions":[{"id":"action2","type":"key","parameters":{},"actions":[{"type":"keyDown","value":"î€‡"},{"type":"pause","duration":10},{"type":"keyUp","value":"î€‡"}]}]}
RESULT: {"actions":[{"id":"action2","type":"key","parameters":{},"actions":[{"type":"keyDown","value":"î€‡"},{"type":"pause","duration":10},{"type":"keyUp","value":"î€‡"}]}]}
COMMAND: POST /session/188695daba6f4123f2015bbe49059169/element - {"using":"xpath","value":"//td[contains(@id, \"assignmentsTable-0-cell2\")]/div/div"}
COMMAND: GET /session/188695daba6f4123f2015bbe49059169/screenshot - {}
RESULT: {"using":"xpath","value":"//td[contains(@id, \"assignmentsTable-0-cell2\")]/div/div"}
COMMAND: POST /session/188695daba6f4123f2015bbe49059169/element/f.DEFD86E6D49D71B1F09B82144A2C9827.d.CC36236DD58EEFD206256A47ECF65FE1.e.1550/click - {}
RESULT: {}
RESULT: {}
COMMAND: GET /session/188695daba6f4123f2015bbe49059169/screenshot - {}
RESULT: {}
COMMAND: POST /session/188695daba6f4123f2015bbe49059169/element - {"using":"xpath","value":"//button[@data-kt=\"saveButton\"]"}
RESULT: {"using":"xpath","value":"//button[@data-kt=\"saveButton\"]"}
COMMAND: POST /session/188695daba6f4123f2015bbe49059169/element/f.DEFD86E6D49D71B1F09B82144A2C9827.d.CC36236DD58EEFD206256A47ECF65FE1.e.1423/click - {}
RESULT: {}
COMMAND: GET /session/188695daba6f4123f2015bbe49059169/screenshot - {}
RESULT: {}
COMMAND: POST /session/188695daba6f4123f2015bbe49059169/element - {"using":"xpath","value":"//header[contains(@id, 'ObjectPageLayout-headerTitle')]/div[1]/div[2]/div[2]/span[1]"}
RESULT: {"using":"xpath","value":"//header[contains(@id, 'ObjectPageLayout-headerTitle')]/div[1]/div[2]/div[2]/span[1]"}
COMMAND: POST /session/188695daba6f4123f2015bbe49059169/elements - {"using":"xpath","value":"//header[contains(@id, 'ObjectPageLayout-headerTitle')]/div[1]/div[2]/div[2]/span[1]"}
RESULT: {"using":"xpath","value":"//header[contains(@id, 'ObjectPageLayout-headerTitle')]/div[1]/div[2]/div[2]/span[1]"}
COMMAND: POST /session/188695daba6f4123f2015bbe49059169/execute/sync - {"script":"<script> [56 bytes]","args":[{"element-6066-11e4-a52e-4f735466cecf":"f.DEFD86E6D49D71B1F09B82144A2C9827.d.CC36236DD58EEFD206256A47ECF65FE1.e.1711","ELEMENT":"f.DEFD86E6D49D71B1F09B82144A2C9827.d.CC36236DD58EEFD206256A47ECF65FE1.e.1711"}]}
RESULT: {"script":"<script> [56 bytes]","args":[{"element-6066-11e4-a52e-4f735466cecf":"f.DEFD86E6D49D71B1F09B82144A2C9827.d.CC36236DD58EEFD206256A47ECF65FE1.e.1711","ELEMENT":"f.DEFD86E6D49D71B1F09B82144A2C9827.d.CC36236DD58EEFD206256A47ECF65FE1.e.1711"}]}
COMMAND: POST /session/188695daba6f4123f2015bbe49059169/element - {"using":"css selector","value":"#shell-header-logo"}
COMMAND: GET /session/188695daba6f4123f2015bbe49059169/screenshot - {}
RESULT: {"using":"css selector","value":"#shell-header-logo"}
COMMAND: POST /session/188695daba6f4123f2015bbe49059169/element/f.DEFD86E6D49D71B1F09B82144A2C9827.d.CC36236DD58EEFD206256A47ECF65FE1.e.1030/click - {}
RESULT: {}
RESULT: {}
COMMAND: GET /session/188695daba6f4123f2015bbe49059169/screenshot - {}
RESULT: {}
COMMAND: POST /session/188695daba6f4123f2015bbe49059169/execute/sync - {"script":"<script> [299 bytes]","args":[["getModel","getResource"]]}
RESULT: {"script":"<script> [299 bytes]","args":[["getModel","getResource"]]}
]]></system-out>
    </testcase>
    <testcase classname="chrome.136_0_7103_93.windows.Partner_specific_tests_US150819_US151080_US151654_US151176_US103444_US151078_US151079_US151109_US151174_US151175_US151189" name="Should filter and search partners US151080" time="106.743">
      <system-out><![CDATA[
COMMAND: GET /session/188695daba6f4123f2015bbe49059169/screenshot - {}
COMMAND: POST /session/188695daba6f4123f2015bbe49059169/element - {"using":"xpath","value":"//li[.//span[text()=\"Manage Partners\"]]"}
RESULT: {}
RESULT: {"using":"xpath","value":"//li[.//span[text()=\"Manage Partners\"]]"}
COMMAND: POST /session/188695daba6f4123f2015bbe49059169/element - {"using":"xpath","value":"//li[.//span[text()=\"Manage Partners\"]]"}
RESULT: {"using":"xpath","value":"//li[.//span[text()=\"Manage Partners\"]]"}
COMMAND: POST /session/188695daba6f4123f2015bbe49059169/element - {"using":"css selector","value":"#shell-header-logo"}
RESULT: {"using":"css selector","value":"#shell-header-logo"}
COMMAND: POST /session/188695daba6f4123f2015bbe49059169/element/f.DEFD86E6D49D71B1F09B82144A2C9827.d.CC36236DD58EEFD206256A47ECF65FE1.e.1713/click - {}
COMMAND: POST /session/188695daba6f4123f2015bbe49059169/execute/sync - {"script":"<script> [8489 bytes]","args":[{"element-6066-11e4-a52e-4f735466cecf":"f.DEFD86E6D49D71B1F09B82144A2C9827.d.CC36236DD58EEFD206256A47ECF65FE1.e.1713","ELEMENT":"f.DEFD86E6D49D71B1F09B82144A2C9827.d.CC36236DD58EEFD206256A47ECF65FE1.e.1713"}]}
RESULT: {}
COMMAND: GET /session/188695daba6f4123f2015bbe49059169/screenshot - {}
RESULT: {"script":"<script> [8489 bytes]","args":[{"element-6066-11e4-a52e-4f735466cecf":"f.DEFD86E6D49D71B1F09B82144A2C9827.d.CC36236DD58EEFD206256A47ECF65FE1.e.1713","ELEMENT":"f.DEFD86E6D49D71B1F09B82144A2C9827.d.CC36236DD58EEFD206256A47ECF65FE1.e.1713"}]}
COMMAND: POST /session/188695daba6f4123f2015bbe49059169/execute/sync - {"script":"<script> [5351 bytes]","args":[{"element-6066-11e4-a52e-4f735466cecf":"f.DEFD86E6D49D71B1F09B82144A2C9827.d.CC36236DD58EEFD206256A47ECF65FE1.e.1713","ELEMENT":"f.DEFD86E6D49D71B1F09B82144A2C9827.d.CC36236DD58EEFD206256A47ECF65FE1.e.1713"}]}
COMMAND: GET /session/188695daba6f4123f2015bbe49059169/screenshot - {}
RESULT: {}
RESULT: {}
RESULT: {"script":"<script> [5351 bytes]","args":[{"element-6066-11e4-a52e-4f735466cecf":"f.DEFD86E6D49D71B1F09B82144A2C9827.d.CC36236DD58EEFD206256A47ECF65FE1.e.1713","ELEMENT":"f.DEFD86E6D49D71B1F09B82144A2C9827.d.CC36236DD58EEFD206256A47ECF65FE1.e.1713"}]}
COMMAND: GET /session/188695daba6f4123f2015bbe49059169/screenshot - {}
RESULT: {}
RESULT: undefined
COMMAND: POST /session/188695daba6f4123f2015bbe49059169/element - {"using":"xpath","value":"//*[@id=\"__tile38\"]"}
RESULT: {"using":"xpath","value":"//*[@id=\"__tile38\"]"}
COMMAND: POST /session/188695daba6f4123f2015bbe49059169/element/f.DEFD86E6D49D71B1F09B82144A2C9827.d.CC36236DD58EEFD206256A47ECF65FE1.e.156/click - {}
RESULT: {}
COMMAND: GET /session/188695daba6f4123f2015bbe49059169/screenshot - {}
RESULT: {}
COMMAND: POST /session/188695daba6f4123f2015bbe49059169/elements - {"using":"xpath","value":"//span[text()='Error']"}
RESULT: {"using":"xpath","value":"//span[text()='Error']"}
COMMAND: POST /session/188695daba6f4123f2015bbe49059169/element - {"using":"xpath","value":"//button[@data-kt=\"addButton\"]"}
RESULT: {"using":"xpath","value":"//button[@data-kt=\"addButton\"]"}
COMMAND: POST /session/188695daba6f4123f2015bbe49059169/elements - {"using":"xpath","value":"//button[@data-kt=\"addButton\"]"}
RESULT: {"using":"xpath","value":"//button[@data-kt=\"addButton\"]"}
COMMAND: POST /session/188695daba6f4123f2015bbe49059169/execute/sync - {"script":"<script> [8489 bytes]","args":[{"element-6066-11e4-a52e-4f735466cecf":"f.DEFD86E6D49D71B1F09B82144A2C9827.d.CC36236DD58EEFD206256A47ECF65FE1.e.1759","ELEMENT":"f.DEFD86E6D49D71B1F09B82144A2C9827.d.CC36236DD58EEFD206256A47ECF65FE1.e.1759"}]}
RESULT: {"script":"<script> [8489 bytes]","args":[{"element-6066-11e4-a52e-4f735466cecf":"f.DEFD86E6D49D71B1F09B82144A2C9827.d.CC36236DD58EEFD206256A47ECF65FE1.e.1759","ELEMENT":"f.DEFD86E6D49D71B1F09B82144A2C9827.d.CC36236DD58EEFD206256A47ECF65FE1.e.1759"}]}
COMMAND: GET /session/188695daba6f4123f2015bbe49059169/element/f.DEFD86E6D49D71B1F09B82144A2C9827.d.CC36236DD58EEFD206256A47ECF65FE1.e.1759/enabled - {}
COMMAND: GET /session/188695daba6f4123f2015bbe49059169/screenshot - {}
RESULT: {}
COMMAND: POST /session/188695daba6f4123f2015bbe49059169/execute/sync - {"script":"<script> [8489 bytes]","args":[{"element-6066-11e4-a52e-4f735466cecf":"f.DEFD86E6D49D71B1F09B82144A2C9827.d.CC36236DD58EEFD206256A47ECF65FE1.e.1759","ELEMENT":"f.DEFD86E6D49D71B1F09B82144A2C9827.d.CC36236DD58EEFD206256A47ECF65FE1.e.1759"}]}
COMMAND: GET /session/188695daba6f4123f2015bbe49059169/screenshot - {}
RESULT: {}
RESULT: {"script":"<script> [8489 bytes]","args":[{"element-6066-11e4-a52e-4f735466cecf":"f.DEFD86E6D49D71B1F09B82144A2C9827.d.CC36236DD58EEFD206256A47ECF65FE1.e.1759","ELEMENT":"f.DEFD86E6D49D71B1F09B82144A2C9827.d.CC36236DD58EEFD206256A47ECF65FE1.e.1759"}]}
COMMAND: POST /session/188695daba6f4123f2015bbe49059169/execute/sync - {"script":"<script> [5351 bytes]","args":[{"element-6066-11e4-a52e-4f735466cecf":"f.DEFD86E6D49D71B1F09B82144A2C9827.d.CC36236DD58EEFD206256A47ECF65FE1.e.1759","ELEMENT":"f.DEFD86E6D49D71B1F09B82144A2C9827.d.CC36236DD58EEFD206256A47ECF65FE1.e.1759"}]}
COMMAND: GET /session/188695daba6f4123f2015bbe49059169/screenshot - {}
RESULT: {}
RESULT: {"script":"<script> [5351 bytes]","args":[{"element-6066-11e4-a52e-4f735466cecf":"f.DEFD86E6D49D71B1F09B82144A2C9827.d.CC36236DD58EEFD206256A47ECF65FE1.e.1759","ELEMENT":"f.DEFD86E6D49D71B1F09B82144A2C9827.d.CC36236DD58EEFD206256A47ECF65FE1.e.1759"}]}
COMMAND: GET /session/188695daba6f4123f2015bbe49059169/screenshot - {}
RESULT: {}
RESULT: {}
COMMAND: POST /session/188695daba6f4123f2015bbe49059169/execute/async - {"script":"<script> [1562 bytes]","args":[{"selector":{"id":"application-managepartners-display-component---masterPtm--smartTable-btnPersonalisation-img"},"wdio_ui5_key":"applicationmanagepartners-display-component---masterPtm--smartTable-btnPersonalisation-img"}]}
RESULT: {"script":"<script> [1562 bytes]","args":[{"selector":{"id":"application-managepartners-display-component---masterPtm--smartTable-btnPersonalisation-img"},"wdio_ui5_key":"applicationmanagepartners-display-component---masterPtm--smartTable-btnPersonalisation-img"}]}
RESULT: undefined
COMMAND: POST /session/188695daba6f4123f2015bbe49059169/element - {"using":"xpath","value":"//*[@id=\"application-managepartners-display-component---masterPtm--smartTable-btnPersonalisation-img\"]"}
RESULT: {"using":"xpath","value":"//*[@id=\"application-managepartners-display-component---masterPtm--smartTable-btnPersonalisation-img\"]"}
COMMAND: POST /session/188695daba6f4123f2015bbe49059169/element/f.DEFD86E6D49D71B1F09B82144A2C9827.d.CC36236DD58EEFD206256A47ECF65FE1.e.1764/click - {}
RESULT: {}
COMMAND: GET /session/188695daba6f4123f2015bbe49059169/screenshot - {}
RESULT: {}
COMMAND: POST /session/188695daba6f4123f2015bbe49059169/execute/async - {"script":"<script> [1562 bytes]","args":[{"selector":{"controlType":"sap.m.IconTabFilter","viewName":"etm.portal.ui.managepartners.view.Master","viewId":"application-managepartners-display-component---masterPtm","properties":{"text":"Sort"},"searchOpenDialogs":true,"interaction":{"idSuffix":"text"}},"wdio_ui5_key":"etmportal.ui.managepartners.view.Mastersap.m.IconTabFilter{\"text\":\"Sort\"}"}]}
RESULT: {"script":"<script> [1562 bytes]","args":[{"selector":{"controlType":"sap.m.IconTabFilter","viewName":"etm.portal.ui.managepartners.view.Master","viewId":"application-managepartners-display-component---masterPtm","properties":{"text":"Sort"},"searchOpenDialogs":true,"interaction":{"idSuffix":"text"}},"wdio_ui5_key":"etmportal.ui.managepartners.view.Mastersap.m.IconTabFilter{\"text\":\"Sort\"}"}]}
RESULT: undefined
COMMAND: POST /session/188695daba6f4123f2015bbe49059169/element - {"using":"xpath","value":"//*[@id=\"__filter1\"]"}
RESULT: {"using":"xpath","value":"//*[@id=\"__filter1\"]"}
COMMAND: POST /session/188695daba6f4123f2015bbe49059169/element/f.DEFD86E6D49D71B1F09B82144A2C9827.d.CC36236DD58EEFD206256A47ECF65FE1.e.1905/click - {}
RESULT: {}
COMMAND: GET /session/188695daba6f4123f2015bbe49059169/screenshot - {}
RESULT: {}
COMMAND: POST /session/188695daba6f4123f2015bbe49059169/element - {"using":"xpath","value":"//input[@placeholder=\"Sort by\"]/following-sibling::div//span"}
RESULT: {"using":"xpath","value":"//input[@placeholder=\"Sort by\"]/following-sibling::div//span"}
COMMAND: POST /session/188695daba6f4123f2015bbe49059169/element/f.DEFD86E6D49D71B1F09B82144A2C9827.d.CC36236DD58EEFD206256A47ECF65FE1.e.1907/click - {}
RESULT: {}
COMMAND: GET /session/188695daba6f4123f2015bbe49059169/screenshot - {}
RESULT: {}
COMMAND: POST /session/188695daba6f4123f2015bbe49059169/element - {"using":"xpath","value":"//li[.//span[text()=\"Language\"]]"}
RESULT: {"using":"xpath","value":"//li[.//span[text()=\"Language\"]]"}
COMMAND: POST /session/188695daba6f4123f2015bbe49059169/element/f.DEFD86E6D49D71B1F09B82144A2C9827.d.CC36236DD58EEFD206256A47ECF65FE1.e.1908/click - {}
RESULT: {}
COMMAND: GET /session/188695daba6f4123f2015bbe49059169/screenshot - {}
RESULT: {}
COMMAND: POST /session/188695daba6f4123f2015bbe49059169/element - {"using":"xpath","value":"//bdi[contains(text(), \"OK\")]"}
RESULT: {"using":"xpath","value":"//bdi[contains(text(), \"OK\")]"}
COMMAND: POST /session/188695daba6f4123f2015bbe49059169/element/f.DEFD86E6D49D71B1F09B82144A2C9827.d.CC36236DD58EEFD206256A47ECF65FE1.e.1912/click - {}
RESULT: {}
COMMAND: GET /session/188695daba6f4123f2015bbe49059169/screenshot - {}
RESULT: {}
COMMAND: POST /session/188695daba6f4123f2015bbe49059169/element - {"using":"xpath","value":"//table[contains(@id, \"customPartnersTable\")]//tbody/tr[1]/td[3]/span"}
RESULT: {"using":"xpath","value":"//table[contains(@id, \"customPartnersTable\")]//tbody/tr[1]/td[3]/span"}
COMMAND: POST /session/188695daba6f4123f2015bbe49059169/execute/sync - {"script":"<script> [56 bytes]","args":[{"element-6066-11e4-a52e-4f735466cecf":"f.DEFD86E6D49D71B1F09B82144A2C9827.d.CC36236DD58EEFD206256A47ECF65FE1.e.2033","ELEMENT":"f.DEFD86E6D49D71B1F09B82144A2C9827.d.CC36236DD58EEFD206256A47ECF65FE1.e.2033"}]}
RESULT: {"script":"<script> [56 bytes]","args":[{"element-6066-11e4-a52e-4f735466cecf":"f.DEFD86E6D49D71B1F09B82144A2C9827.d.CC36236DD58EEFD206256A47ECF65FE1.e.2033","ELEMENT":"f.DEFD86E6D49D71B1F09B82144A2C9827.d.CC36236DD58EEFD206256A47ECF65FE1.e.2033"}]}
RESULT: undefined
COMMAND: POST /session/188695daba6f4123f2015bbe49059169/element - {"using":"xpath","value":"//*[@id=\"application-managepartners-display-component---masterPtm--smartTable-btnPersonalisation-img\"]"}
COMMAND: GET /session/188695daba6f4123f2015bbe49059169/screenshot - {}
RESULT: {"using":"xpath","value":"//*[@id=\"application-managepartners-display-component---masterPtm--smartTable-btnPersonalisation-img\"]"}
COMMAND: POST /session/188695daba6f4123f2015bbe49059169/element/f.DEFD86E6D49D71B1F09B82144A2C9827.d.CC36236DD58EEFD206256A47ECF65FE1.e.1764/click - {}
RESULT: {}
RESULT: {}
COMMAND: GET /session/188695daba6f4123f2015bbe49059169/screenshot - {}
RESULT: {}
COMMAND: POST /session/188695daba6f4123f2015bbe49059169/element - {"using":"xpath","value":"//bdi[contains(text(), \"Reset\")]"}
RESULT: {"using":"xpath","value":"//bdi[contains(text(), \"Reset\")]"}
COMMAND: POST /session/188695daba6f4123f2015bbe49059169/element/f.DEFD86E6D49D71B1F09B82144A2C9827.d.CC36236DD58EEFD206256A47ECF65FE1.e.2039/click - {}
RESULT: {}
COMMAND: GET /session/188695daba6f4123f2015bbe49059169/screenshot - {}
RESULT: {}
COMMAND: POST /session/188695daba6f4123f2015bbe49059169/element - {"using":"xpath","value":"(//bdi[contains(text(), \"OK\")])[2]"}
RESULT: {"using":"xpath","value":"(//bdi[contains(text(), \"OK\")])[2]"}
COMMAND: POST /session/188695daba6f4123f2015bbe49059169/element/f.DEFD86E6D49D71B1F09B82144A2C9827.d.CC36236DD58EEFD206256A47ECF65FE1.e.2041/click - {}
RESULT: {}
COMMAND: GET /session/188695daba6f4123f2015bbe49059169/screenshot - {}
RESULT: {}
COMMAND: POST /session/188695daba6f4123f2015bbe49059169/element - {"using":"xpath","value":"//bdi[contains(text(), \"OK\")]"}
RESULT: {"using":"xpath","value":"//bdi[contains(text(), \"OK\")]"}
COMMAND: POST /session/188695daba6f4123f2015bbe49059169/element/f.DEFD86E6D49D71B1F09B82144A2C9827.d.CC36236DD58EEFD206256A47ECF65FE1.e.2089/click - {}
RESULT: {}
COMMAND: GET /session/188695daba6f4123f2015bbe49059169/screenshot - {}
RESULT: {}
COMMAND: POST /session/188695daba6f4123f2015bbe49059169/element - {"using":"xpath","value":"//table[contains(@id, \"customPartnersTable\")]//tbody/tr[1]/td[3]/span"}
RESULT: {"using":"xpath","value":"//table[contains(@id, \"customPartnersTable\")]//tbody/tr[1]/td[3]/span"}
COMMAND: POST /session/188695daba6f4123f2015bbe49059169/execute/sync - {"script":"<script> [56 bytes]","args":[{"element-6066-11e4-a52e-4f735466cecf":"f.DEFD86E6D49D71B1F09B82144A2C9827.d.CC36236DD58EEFD206256A47ECF65FE1.e.2091","ELEMENT":"f.DEFD86E6D49D71B1F09B82144A2C9827.d.CC36236DD58EEFD206256A47ECF65FE1.e.2091"}]}
RESULT: {"script":"<script> [56 bytes]","args":[{"element-6066-11e4-a52e-4f735466cecf":"f.DEFD86E6D49D71B1F09B82144A2C9827.d.CC36236DD58EEFD206256A47ECF65FE1.e.2091","ELEMENT":"f.DEFD86E6D49D71B1F09B82144A2C9827.d.CC36236DD58EEFD206256A47ECF65FE1.e.2091"}]}
RESULT: undefined
COMMAND: POST /session/188695daba6f4123f2015bbe49059169/element - {"using":"xpath","value":"//*[@id=\"application-managepartners-display-component---masterPtm--smartTable-btnPersonalisation-img\"]"}
COMMAND: GET /session/188695daba6f4123f2015bbe49059169/screenshot - {}
RESULT: {"using":"xpath","value":"//*[@id=\"application-managepartners-display-component---masterPtm--smartTable-btnPersonalisation-img\"]"}
COMMAND: POST /session/188695daba6f4123f2015bbe49059169/element/f.DEFD86E6D49D71B1F09B82144A2C9827.d.CC36236DD58EEFD206256A47ECF65FE1.e.1764/click - {}
RESULT: {}
RESULT: {}
COMMAND: GET /session/188695daba6f4123f2015bbe49059169/screenshot - {}
RESULT: {}
COMMAND: POST /session/188695daba6f4123f2015bbe49059169/execute/async - {"script":"<script> [1562 bytes]","args":[{"selector":{"controlType":"sap.m.IconTabFilter","viewName":"etm.portal.ui.managepartners.view.Master","viewId":"application-managepartners-display-component---masterPtm","properties":{"text":"Filter"},"searchOpenDialogs":true,"interaction":{"idSuffix":"text"}},"wdio_ui5_key":"etmportal.ui.managepartners.view.Mastersap.m.IconTabFilter{\"text\":\"Filter\"}"}]}
RESULT: {"script":"<script> [1562 bytes]","args":[{"selector":{"controlType":"sap.m.IconTabFilter","viewName":"etm.portal.ui.managepartners.view.Master","viewId":"application-managepartners-display-component---masterPtm","properties":{"text":"Filter"},"searchOpenDialogs":true,"interaction":{"idSuffix":"text"}},"wdio_ui5_key":"etmportal.ui.managepartners.view.Mastersap.m.IconTabFilter{\"text\":\"Filter\"}"}]}
RESULT: undefined
COMMAND: POST /session/188695daba6f4123f2015bbe49059169/element - {"using":"xpath","value":"//*[@id=\"__filter10\"]"}
RESULT: {"using":"xpath","value":"//*[@id=\"__filter10\"]"}
COMMAND: POST /session/188695daba6f4123f2015bbe49059169/element/f.DEFD86E6D49D71B1F09B82144A2C9827.d.CC36236DD58EEFD206256A47ECF65FE1.e.2096/click - {}
RESULT: {}
COMMAND: GET /session/188695daba6f4123f2015bbe49059169/screenshot - {}
RESULT: {}
COMMAND: POST /session/188695daba6f4123f2015bbe49059169/element - {"using":"xpath","value":"//input[@placeholder=\"Filter by\"]/following-sibling::div//span"}
RESULT: {"using":"xpath","value":"//input[@placeholder=\"Filter by\"]/following-sibling::div//span"}
COMMAND: POST /session/188695daba6f4123f2015bbe49059169/element/f.DEFD86E6D49D71B1F09B82144A2C9827.d.CC36236DD58EEFD206256A47ECF65FE1.e.2098/click - {}
RESULT: {}
COMMAND: GET /session/188695daba6f4123f2015bbe49059169/screenshot - {}
RESULT: {}
COMMAND: POST /session/188695daba6f4123f2015bbe49059169/element - {"using":"xpath","value":"//li[.//span[text()=\"Preferred Yard\"]]"}
RESULT: {"using":"xpath","value":"//li[.//span[text()=\"Preferred Yard\"]]"}
COMMAND: POST /session/188695daba6f4123f2015bbe49059169/element/f.DEFD86E6D49D71B1F09B82144A2C9827.d.CC36236DD58EEFD206256A47ECF65FE1.e.2099/click - {}
RESULT: {}
COMMAND: GET /session/188695daba6f4123f2015bbe49059169/screenshot - {}
RESULT: {}
COMMAND: POST /session/188695daba6f4123f2015bbe49059169/execute/async - {"script":"<script> [1562 bytes]","args":[{"selector":{"id":"FilterPanel-filterItemControl_BASIC-application-managepartners-display-component---masterPtm--smartTable-YARDYARD-vhi","searchOpenDialogs":true},"wdio_ui5_key":"FilterPanelfilterItemControl_BASIC-application-managepartners-display-component---masterPtm--smartTable-YARDYARD-vhi"}]}
RESULT: {"script":"<script> [1562 bytes]","args":[{"selector":{"id":"FilterPanel-filterItemControl_BASIC-application-managepartners-display-component---masterPtm--smartTable-YARDYARD-vhi","searchOpenDialogs":true},"wdio_ui5_key":"FilterPanelfilterItemControl_BASIC-application-managepartners-display-component---masterPtm--smartTable-YARDYARD-vhi"}]}
RESULT: undefined
COMMAND: POST /session/188695daba6f4123f2015bbe49059169/element - {"using":"xpath","value":"//*[@id=\"FilterPanel-filterItemControl_BASIC-application-managepartners-display-component---masterPtm--smartTable-YARDYARD-vhi\"]"}
RESULT: {"using":"xpath","value":"//*[@id=\"FilterPanel-filterItemControl_BASIC-application-managepartners-display-component---masterPtm--smartTable-YARDYARD-vhi\"]"}
COMMAND: POST /session/188695daba6f4123f2015bbe49059169/element/f.DEFD86E6D49D71B1F09B82144A2C9827.d.CC36236DD58EEFD206256A47ECF65FE1.e.2102/click - {}
RESULT: {}
COMMAND: GET /session/188695daba6f4123f2015bbe49059169/screenshot - {}
RESULT: {}
COMMAND: POST /session/188695daba6f4123f2015bbe49059169/execute/async - {"script":"<script> [1562 bytes]","args":[{"selector":{"id":"FilterPanel-filterItemControl_BASIC-application-managepartners-display-component---masterPtm--smartTable-YARDYARD-valueHelpDialog-smartFilterBar-btnBasicSearch","searchOpenDialogs":true,"interaction":{"idSuffix":"I"}},"wdio_ui5_key":"FilterPanelfilterItemControl_BASIC-application-managepartners-display-component---masterPtm--smartTable-YARDYARD-valueHelpDialog-smartFilterBar-btnBasicSearch"}]}
RESULT: {"script":"<script> [1562 bytes]","args":[{"selector":{"id":"FilterPanel-filterItemControl_BASIC-application-managepartners-display-component---masterPtm--smartTable-YARDYARD-valueHelpDialog-smartFilterBar-btnBasicSearch","searchOpenDialogs":true,"interaction":{"idSuffix":"I"}},"wdio_ui5_key":"FilterPanelfilterItemControl_BASIC-application-managepartners-display-component---masterPtm--smartTable-YARDYARD-valueHelpDialog-smartFilterBar-btnBasicSearch"}]}
RESULT: undefined
COMMAND: POST /session/188695daba6f4123f2015bbe49059169/execute/async - {"script":"<script> [776 bytes]","args":[{"enterText":"531","selector":{"id":"FilterPanel-filterItemControl_BASIC-application-managepartners-display-component---masterPtm--smartTable-YARDYARD-valueHelpDialog-smartFilterBar-btnBasicSearch","searchOpenDialogs":true,"interaction":{"idSuffix":"I"}},"clearTextFirst":true,"interactionType":"ENTER_TEXT"}]}
RESULT: {"script":"<script> [776 bytes]","args":[{"enterText":"531","selector":{"id":"FilterPanel-filterItemControl_BASIC-application-managepartners-display-component---masterPtm--smartTable-YARDYARD-valueHelpDialog-smartFilterBar-btnBasicSearch","searchOpenDialogs":true,"interaction":{"idSuffix":"I"}},"clearTextFirst":true,"interactionType":"ENTER_TEXT"}]}
COMMAND: POST /session/188695daba6f4123f2015bbe49059169/actions - {"actions":[{"id":"action3","type":"key","parameters":{},"actions":[{"type":"keyDown","value":"î€‡"},{"type":"pause","duration":10},{"type":"keyUp","value":"î€‡"}]}]}
RESULT: {"actions":[{"id":"action3","type":"key","parameters":{},"actions":[{"type":"keyDown","value":"î€‡"},{"type":"pause","duration":10},{"type":"keyUp","value":"î€‡"}]}]}
COMMAND: GET /session/188695daba6f4123f2015bbe49059169/screenshot - {}
RESULT: {}
COMMAND: POST /session/188695daba6f4123f2015bbe49059169/elements - {"using":"xpath","value":"//table[contains(@id, \"smartTable-YARDYARD-valueHelpDialog-table-table\")]/tbody/tr"}
RESULT: {"using":"xpath","value":"//table[contains(@id, \"smartTable-YARDYARD-valueHelpDialog-table-table\")]/tbody/tr"}
COMMAND: POST /session/188695daba6f4123f2015bbe49059169/element - {"using":"xpath","value":"//table[contains(@id, \"smartTable-YARDYARD-valueHelpDialog-table-table\")]/tbody/tr[1]/td[1]/div/span"}
RESULT: {"using":"xpath","value":"//table[contains(@id, \"smartTable-YARDYARD-valueHelpDialog-table-table\")]/tbody/tr[1]/td[1]/div/span"}
COMMAND: POST /session/188695daba6f4123f2015bbe49059169/elements - {"using":"xpath","value":"//table[contains(@id, \"smartTable-YARDYARD-valueHelpDialog-table-table\")]/tbody/tr[1]/td[1]/div/span"}
RESULT: {"using":"xpath","value":"//table[contains(@id, \"smartTable-YARDYARD-valueHelpDialog-table-table\")]/tbody/tr[1]/td[1]/div/span"}
COMMAND: POST /session/188695daba6f4123f2015bbe49059169/execute/sync - {"script":"<script> [56 bytes]","args":[{"element-6066-11e4-a52e-4f735466cecf":"f.DEFD86E6D49D71B1F09B82144A2C9827.d.CC36236DD58EEFD206256A47ECF65FE1.e.2121","ELEMENT":"f.DEFD86E6D49D71B1F09B82144A2C9827.d.CC36236DD58EEFD206256A47ECF65FE1.e.2121"}]}
RESULT: {"script":"<script> [56 bytes]","args":[{"element-6066-11e4-a52e-4f735466cecf":"f.DEFD86E6D49D71B1F09B82144A2C9827.d.CC36236DD58EEFD206256A47ECF65FE1.e.2121","ELEMENT":"f.DEFD86E6D49D71B1F09B82144A2C9827.d.CC36236DD58EEFD206256A47ECF65FE1.e.2121"}]}
COMMAND: POST /session/188695daba6f4123f2015bbe49059169/element - {"using":"xpath","value":"//div[contains(@id, \"YARDYARD-valueHelpDialog-table-rowsel0\")]"}
COMMAND: GET /session/188695daba6f4123f2015bbe49059169/screenshot - {}
RESULT: {"using":"xpath","value":"//div[contains(@id, \"YARDYARD-valueHelpDialog-table-rowsel0\")]"}
COMMAND: POST /session/188695daba6f4123f2015bbe49059169/element/f.DEFD86E6D49D71B1F09B82144A2C9827.d.CC36236DD58EEFD206256A47ECF65FE1.e.2122/click - {}
RESULT: {}
RESULT: {}
COMMAND: GET /session/188695daba6f4123f2015bbe49059169/screenshot - {}
RESULT: {}
COMMAND: POST /session/188695daba6f4123f2015bbe49059169/element - {"using":"xpath","value":"(//bdi[contains(text(), \"OK\")])[2]"}
RESULT: {"using":"xpath","value":"(//bdi[contains(text(), \"OK\")])[2]"}
COMMAND: POST /session/188695daba6f4123f2015bbe49059169/element/f.DEFD86E6D49D71B1F09B82144A2C9827.d.CC36236DD58EEFD206256A47ECF65FE1.e.2124/click - {}
RESULT: {}
COMMAND: GET /session/188695daba6f4123f2015bbe49059169/screenshot - {}
RESULT: {}
COMMAND: POST /session/188695daba6f4123f2015bbe49059169/element - {"using":"xpath","value":"//bdi[contains(text(), \"OK\")]"}
RESULT: {"using":"xpath","value":"//bdi[contains(text(), \"OK\")]"}
COMMAND: POST /session/188695daba6f4123f2015bbe49059169/element/f.DEFD86E6D49D71B1F09B82144A2C9827.d.CC36236DD58EEFD206256A47ECF65FE1.e.2127/click - {}
RESULT: {}
COMMAND: GET /session/188695daba6f4123f2015bbe49059169/screenshot - {}
RESULT: {}
COMMAND: POST /session/188695daba6f4123f2015bbe49059169/element - {"using":"xpath","value":"//table[contains(@id, \"customPartnersTable\")]//tbody/tr[1]/td[3]/span"}
RESULT: {"using":"xpath","value":"//table[contains(@id, \"customPartnersTable\")]//tbody/tr[1]/td[3]/span"}
COMMAND: POST /session/188695daba6f4123f2015bbe49059169/execute/sync - {"script":"<script> [56 bytes]","args":[{"element-6066-11e4-a52e-4f735466cecf":"f.DEFD86E6D49D71B1F09B82144A2C9827.d.CC36236DD58EEFD206256A47ECF65FE1.e.2091","ELEMENT":"f.DEFD86E6D49D71B1F09B82144A2C9827.d.CC36236DD58EEFD206256A47ECF65FE1.e.2091"}]}
RESULT: {"script":"<script> [56 bytes]","args":[{"element-6066-11e4-a52e-4f735466cecf":"f.DEFD86E6D49D71B1F09B82144A2C9827.d.CC36236DD58EEFD206256A47ECF65FE1.e.2091","ELEMENT":"f.DEFD86E6D49D71B1F09B82144A2C9827.d.CC36236DD58EEFD206256A47ECF65FE1.e.2091"}]}
COMMAND: POST /session/188695daba6f4123f2015bbe49059169/element - {"using":"css selector","value":"#shell-header-logo"}
COMMAND: GET /session/188695daba6f4123f2015bbe49059169/screenshot - {}
RESULT: {"using":"css selector","value":"#shell-header-logo"}
COMMAND: POST /session/188695daba6f4123f2015bbe49059169/element/f.DEFD86E6D49D71B1F09B82144A2C9827.d.CC36236DD58EEFD206256A47ECF65FE1.e.1713/click - {}
RESULT: {}
RESULT: {}
COMMAND: GET /session/188695daba6f4123f2015bbe49059169/screenshot - {}
RESULT: {}
]]></system-out>
    </testcase>
    <testcase classname="chrome.136_0_7103_93.windows.Partner_specific_tests_US150819_US151080_US151654_US151176_US103444_US151078_US151079_US151109_US151174_US151175_US151189" name="Should deactivate the created partner in earlier step US151654" time="66.036">
      <system-out><![CDATA[
COMMAND: POST /session/188695daba6f4123f2015bbe49059169/element - {"using":"xpath","value":"//li[.//span[text()=\"Manage Partners\"]]"}
RESULT: {"using":"xpath","value":"//li[.//span[text()=\"Manage Partners\"]]"}
COMMAND: POST /session/188695daba6f4123f2015bbe49059169/element - {"using":"xpath","value":"//li[.//span[text()=\"Manage Partners\"]]"}
RESULT: {"using":"xpath","value":"//li[.//span[text()=\"Manage Partners\"]]"}
COMMAND: POST /session/188695daba6f4123f2015bbe49059169/element - {"using":"css selector","value":"#shell-header-logo"}
RESULT: {"using":"css selector","value":"#shell-header-logo"}
COMMAND: POST /session/188695daba6f4123f2015bbe49059169/element/f.DEFD86E6D49D71B1F09B82144A2C9827.d.CC36236DD58EEFD206256A47ECF65FE1.e.2177/click - {}
COMMAND: POST /session/188695daba6f4123f2015bbe49059169/execute/sync - {"script":"<script> [8489 bytes]","args":[{"element-6066-11e4-a52e-4f735466cecf":"f.DEFD86E6D49D71B1F09B82144A2C9827.d.CC36236DD58EEFD206256A47ECF65FE1.e.2177","ELEMENT":"f.DEFD86E6D49D71B1F09B82144A2C9827.d.CC36236DD58EEFD206256A47ECF65FE1.e.2177"}]}
RESULT: {}
COMMAND: GET /session/188695daba6f4123f2015bbe49059169/screenshot - {}
RESULT: {"script":"<script> [8489 bytes]","args":[{"element-6066-11e4-a52e-4f735466cecf":"f.DEFD86E6D49D71B1F09B82144A2C9827.d.CC36236DD58EEFD206256A47ECF65FE1.e.2177","ELEMENT":"f.DEFD86E6D49D71B1F09B82144A2C9827.d.CC36236DD58EEFD206256A47ECF65FE1.e.2177"}]}
COMMAND: POST /session/188695daba6f4123f2015bbe49059169/execute/sync - {"script":"<script> [5351 bytes]","args":[{"element-6066-11e4-a52e-4f735466cecf":"f.DEFD86E6D49D71B1F09B82144A2C9827.d.CC36236DD58EEFD206256A47ECF65FE1.e.2177","ELEMENT":"f.DEFD86E6D49D71B1F09B82144A2C9827.d.CC36236DD58EEFD206256A47ECF65FE1.e.2177"}]}
COMMAND: GET /session/188695daba6f4123f2015bbe49059169/screenshot - {}
RESULT: {}
RESULT: {"script":"<script> [5351 bytes]","args":[{"element-6066-11e4-a52e-4f735466cecf":"f.DEFD86E6D49D71B1F09B82144A2C9827.d.CC36236DD58EEFD206256A47ECF65FE1.e.2177","ELEMENT":"f.DEFD86E6D49D71B1F09B82144A2C9827.d.CC36236DD58EEFD206256A47ECF65FE1.e.2177"}]}
COMMAND: GET /session/188695daba6f4123f2015bbe49059169/screenshot - {}
RESULT: {}
RESULT: {}
RESULT: undefined
COMMAND: POST /session/188695daba6f4123f2015bbe49059169/element - {"using":"xpath","value":"//*[@id=\"__tile38\"]"}
RESULT: {"using":"xpath","value":"//*[@id=\"__tile38\"]"}
COMMAND: POST /session/188695daba6f4123f2015bbe49059169/element/f.DEFD86E6D49D71B1F09B82144A2C9827.d.CC36236DD58EEFD206256A47ECF65FE1.e.156/click - {}
RESULT: {}
COMMAND: GET /session/188695daba6f4123f2015bbe49059169/screenshot - {}
RESULT: {}
COMMAND: POST /session/188695daba6f4123f2015bbe49059169/elements - {"using":"xpath","value":"//span[text()='Error']"}
RESULT: {"using":"xpath","value":"//span[text()='Error']"}
COMMAND: POST /session/188695daba6f4123f2015bbe49059169/element - {"using":"xpath","value":"//button[@data-kt=\"addButton\"]"}
RESULT: {"using":"xpath","value":"//button[@data-kt=\"addButton\"]"}
COMMAND: POST /session/188695daba6f4123f2015bbe49059169/elements - {"using":"xpath","value":"//button[@data-kt=\"addButton\"]"}
RESULT: {"using":"xpath","value":"//button[@data-kt=\"addButton\"]"}
COMMAND: POST /session/188695daba6f4123f2015bbe49059169/execute/sync - {"script":"<script> [8489 bytes]","args":[{"element-6066-11e4-a52e-4f735466cecf":"f.DEFD86E6D49D71B1F09B82144A2C9827.d.CC36236DD58EEFD206256A47ECF65FE1.e.2223","ELEMENT":"f.DEFD86E6D49D71B1F09B82144A2C9827.d.CC36236DD58EEFD206256A47ECF65FE1.e.2223"}]}
RESULT: {"script":"<script> [8489 bytes]","args":[{"element-6066-11e4-a52e-4f735466cecf":"f.DEFD86E6D49D71B1F09B82144A2C9827.d.CC36236DD58EEFD206256A47ECF65FE1.e.2223","ELEMENT":"f.DEFD86E6D49D71B1F09B82144A2C9827.d.CC36236DD58EEFD206256A47ECF65FE1.e.2223"}]}
COMMAND: GET /session/188695daba6f4123f2015bbe49059169/element/f.DEFD86E6D49D71B1F09B82144A2C9827.d.CC36236DD58EEFD206256A47ECF65FE1.e.2223/enabled - {}
COMMAND: GET /session/188695daba6f4123f2015bbe49059169/screenshot - {}
RESULT: {}
COMMAND: POST /session/188695daba6f4123f2015bbe49059169/execute/sync - {"script":"<script> [8489 bytes]","args":[{"element-6066-11e4-a52e-4f735466cecf":"f.DEFD86E6D49D71B1F09B82144A2C9827.d.CC36236DD58EEFD206256A47ECF65FE1.e.2223","ELEMENT":"f.DEFD86E6D49D71B1F09B82144A2C9827.d.CC36236DD58EEFD206256A47ECF65FE1.e.2223"}]}
COMMAND: GET /session/188695daba6f4123f2015bbe49059169/screenshot - {}
RESULT: {}
RESULT: {"script":"<script> [8489 bytes]","args":[{"element-6066-11e4-a52e-4f735466cecf":"f.DEFD86E6D49D71B1F09B82144A2C9827.d.CC36236DD58EEFD206256A47ECF65FE1.e.2223","ELEMENT":"f.DEFD86E6D49D71B1F09B82144A2C9827.d.CC36236DD58EEFD206256A47ECF65FE1.e.2223"}]}
COMMAND: POST /session/188695daba6f4123f2015bbe49059169/execute/sync - {"script":"<script> [5351 bytes]","args":[{"element-6066-11e4-a52e-4f735466cecf":"f.DEFD86E6D49D71B1F09B82144A2C9827.d.CC36236DD58EEFD206256A47ECF65FE1.e.2223","ELEMENT":"f.DEFD86E6D49D71B1F09B82144A2C9827.d.CC36236DD58EEFD206256A47ECF65FE1.e.2223"}]}
COMMAND: GET /session/188695daba6f4123f2015bbe49059169/screenshot - {}
RESULT: {}
RESULT: {"script":"<script> [5351 bytes]","args":[{"element-6066-11e4-a52e-4f735466cecf":"f.DEFD86E6D49D71B1F09B82144A2C9827.d.CC36236DD58EEFD206256A47ECF65FE1.e.2223","ELEMENT":"f.DEFD86E6D49D71B1F09B82144A2C9827.d.CC36236DD58EEFD206256A47ECF65FE1.e.2223"}]}
COMMAND: GET /session/188695daba6f4123f2015bbe49059169/screenshot - {}
RESULT: {}
RESULT: {}
COMMAND: POST /session/188695daba6f4123f2015bbe49059169/execute/async - {"script":"<script> [1562 bytes]","args":[{"selector":{"id":"application-managepartners-display-component---masterPtm--smartFilterBar-btnBasicSearch","interaction":{"idSuffix":"I"}},"wdio_ui5_key":"applicationmanagepartners-display-component---masterPtm--smartFilterBar-btnBasicSearch"}]}
RESULT: {"script":"<script> [1562 bytes]","args":[{"selector":{"id":"application-managepartners-display-component---masterPtm--smartFilterBar-btnBasicSearch","interaction":{"idSuffix":"I"}},"wdio_ui5_key":"applicationmanagepartners-display-component---masterPtm--smartFilterBar-btnBasicSearch"}]}
RESULT: undefined
COMMAND: POST /session/188695daba6f4123f2015bbe49059169/execute/async - {"script":"<script> [776 bytes]","args":[{"enterText":"1311","selector":{"id":"application-managepartners-display-component---masterPtm--smartFilterBar-btnBasicSearch","interaction":{"idSuffix":"I"}},"clearTextFirst":true,"interactionType":"ENTER_TEXT"}]}
RESULT: {"script":"<script> [776 bytes]","args":[{"enterText":"1311","selector":{"id":"application-managepartners-display-component---masterPtm--smartFilterBar-btnBasicSearch","interaction":{"idSuffix":"I"}},"clearTextFirst":true,"interactionType":"ENTER_TEXT"}]}
COMMAND: POST /session/188695daba6f4123f2015bbe49059169/actions - {"actions":[{"id":"action4","type":"key","parameters":{},"actions":[{"type":"keyDown","value":"î€‡"},{"type":"pause","duration":10},{"type":"keyUp","value":"î€‡"}]}]}
RESULT: {"actions":[{"id":"action4","type":"key","parameters":{},"actions":[{"type":"keyDown","value":"î€‡"},{"type":"pause","duration":10},{"type":"keyUp","value":"î€‡"}]}]}
COMMAND: GET /session/188695daba6f4123f2015bbe49059169/screenshot - {}
RESULT: {}
COMMAND: POST /session/188695daba6f4123f2015bbe49059169/elements - {"using":"xpath","value":"//table[contains(@id, \"customPartnersTable-listUl\")]/tbody/tr"}
RESULT: {"using":"xpath","value":"//table[contains(@id, \"customPartnersTable-listUl\")]/tbody/tr"}
COMMAND: POST /session/188695daba6f4123f2015bbe49059169/element - {"using":"xpath","value":"//table[contains(@id, \"customPartnersTable-listUl\")]/tbody/tr[1]/td[3]/span"}
RESULT: {"using":"xpath","value":"//table[contains(@id, \"customPartnersTable-listUl\")]/tbody/tr[1]/td[3]/span"}
COMMAND: POST /session/188695daba6f4123f2015bbe49059169/elements - {"using":"xpath","value":"//table[contains(@id, \"customPartnersTable-listUl\")]/tbody/tr[1]/td[3]/span"}
RESULT: {"using":"xpath","value":"//table[contains(@id, \"customPartnersTable-listUl\")]/tbody/tr[1]/td[3]/span"}
COMMAND: POST /session/188695daba6f4123f2015bbe49059169/execute/sync - {"script":"<script> [56 bytes]","args":[{"element-6066-11e4-a52e-4f735466cecf":"f.DEFD86E6D49D71B1F09B82144A2C9827.d.CC36236DD58EEFD206256A47ECF65FE1.e.2360","ELEMENT":"f.DEFD86E6D49D71B1F09B82144A2C9827.d.CC36236DD58EEFD206256A47ECF65FE1.e.2360"}]}
RESULT: {"script":"<script> [56 bytes]","args":[{"element-6066-11e4-a52e-4f735466cecf":"f.DEFD86E6D49D71B1F09B82144A2C9827.d.CC36236DD58EEFD206256A47ECF65FE1.e.2360","ELEMENT":"f.DEFD86E6D49D71B1F09B82144A2C9827.d.CC36236DD58EEFD206256A47ECF65FE1.e.2360"}]}
COMMAND: POST /session/188695daba6f4123f2015bbe49059169/element - {"using":"xpath","value":"//table[contains(@id, \"customPartnersTable-listUl\")]/tbody/tr[1]/td[7]/div/span"}
COMMAND: GET /session/188695daba6f4123f2015bbe49059169/screenshot - {}
RESULT: {"using":"xpath","value":"//table[contains(@id, \"customPartnersTable-listUl\")]/tbody/tr[1]/td[7]/div/span"}
COMMAND: POST /session/188695daba6f4123f2015bbe49059169/execute/sync - {"script":"<script> [56 bytes]","args":[{"element-6066-11e4-a52e-4f735466cecf":"f.DEFD86E6D49D71B1F09B82144A2C9827.d.CC36236DD58EEFD206256A47ECF65FE1.e.2361","ELEMENT":"f.DEFD86E6D49D71B1F09B82144A2C9827.d.CC36236DD58EEFD206256A47ECF65FE1.e.2361"}]}
RESULT: {}
RESULT: {"script":"<script> [56 bytes]","args":[{"element-6066-11e4-a52e-4f735466cecf":"f.DEFD86E6D49D71B1F09B82144A2C9827.d.CC36236DD58EEFD206256A47ECF65FE1.e.2361","ELEMENT":"f.DEFD86E6D49D71B1F09B82144A2C9827.d.CC36236DD58EEFD206256A47ECF65FE1.e.2361"}]}
COMMAND: POST /session/188695daba6f4123f2015bbe49059169/element - {"using":"xpath","value":"//table[contains(@id, \"customPartnersTable-listUl\")]/tbody/tr[1]/td[2]/div/div"}
COMMAND: GET /session/188695daba6f4123f2015bbe49059169/screenshot - {}
RESULT: {"using":"xpath","value":"//table[contains(@id, \"customPartnersTable-listUl\")]/tbody/tr[1]/td[2]/div/div"}
COMMAND: POST /session/188695daba6f4123f2015bbe49059169/element/f.DEFD86E6D49D71B1F09B82144A2C9827.d.CC36236DD58EEFD206256A47ECF65FE1.e.2362/click - {}
RESULT: {}
RESULT: {}
COMMAND: GET /session/188695daba6f4123f2015bbe49059169/screenshot - {}
RESULT: {}
COMMAND: POST /session/188695daba6f4123f2015bbe49059169/element - {"using":"xpath","value":"//bdi[contains(text(), \"Deactivate\")]"}
RESULT: {"using":"xpath","value":"//bdi[contains(text(), \"Deactivate\")]"}
COMMAND: POST /session/188695daba6f4123f2015bbe49059169/element/f.DEFD86E6D49D71B1F09B82144A2C9827.d.CC36236DD58EEFD206256A47ECF65FE1.e.2363/click - {}
RESULT: {}
COMMAND: GET /session/188695daba6f4123f2015bbe49059169/screenshot - {}
RESULT: {}
COMMAND: POST /session/188695daba6f4123f2015bbe49059169/element - {"using":"xpath","value":"//bdi[contains(text(), \"Yes\")]"}
RESULT: {"using":"xpath","value":"//bdi[contains(text(), \"Yes\")]"}
COMMAND: POST /session/188695daba6f4123f2015bbe49059169/element/f.DEFD86E6D49D71B1F09B82144A2C9827.d.CC36236DD58EEFD206256A47ECF65FE1.e.2365/click - {}
RESULT: {}
COMMAND: GET /session/188695daba6f4123f2015bbe49059169/screenshot - {}
RESULT: {}
COMMAND: POST /session/188695daba6f4123f2015bbe49059169/element - {"using":"xpath","value":"//table[contains(@id, \"customPartnersTable-listUl\")]/tbody/tr[1]/td[7]/div/span"}
RESULT: {"using":"xpath","value":"//table[contains(@id, \"customPartnersTable-listUl\")]/tbody/tr[1]/td[7]/div/span"}
COMMAND: POST /session/188695daba6f4123f2015bbe49059169/execute/sync - {"script":"<script> [56 bytes]","args":[{"element-6066-11e4-a52e-4f735466cecf":"f.DEFD86E6D49D71B1F09B82144A2C9827.d.CC36236DD58EEFD206256A47ECF65FE1.e.2361","ELEMENT":"f.DEFD86E6D49D71B1F09B82144A2C9827.d.CC36236DD58EEFD206256A47ECF65FE1.e.2361"}]}
RESULT: {"script":"<script> [56 bytes]","args":[{"element-6066-11e4-a52e-4f735466cecf":"f.DEFD86E6D49D71B1F09B82144A2C9827.d.CC36236DD58EEFD206256A47ECF65FE1.e.2361","ELEMENT":"f.DEFD86E6D49D71B1F09B82144A2C9827.d.CC36236DD58EEFD206256A47ECF65FE1.e.2361"}]}
COMMAND: GET /session/188695daba6f4123f2015bbe49059169/screenshot - {}
RESULT: {}
COMMAND: POST /session/188695daba6f4123f2015bbe49059169/element - {"using":"css selector","value":"#shell-header-logo"}
RESULT: {"using":"css selector","value":"#shell-header-logo"}
COMMAND: POST /session/188695daba6f4123f2015bbe49059169/element/f.DEFD86E6D49D71B1F09B82144A2C9827.d.CC36236DD58EEFD206256A47ECF65FE1.e.2177/click - {}
RESULT: {}
COMMAND: GET /session/188695daba6f4123f2015bbe49059169/screenshot - {}
RESULT: {}
]]></system-out>
    </testcase>
    <testcase classname="chrome.136_0_7103_93.windows.Partner_specific_tests_US150819_US151080_US151654_US151176_US103444_US151078_US151079_US151109_US151174_US151175_US151189" name="Should activate the created partner again US151176" time="62.429">
      <system-out><![CDATA[
COMMAND: POST /session/188695daba6f4123f2015bbe49059169/element - {"using":"xpath","value":"//li[.//span[text()=\"Manage Partners\"]]"}
RESULT: {"using":"xpath","value":"//li[.//span[text()=\"Manage Partners\"]]"}
COMMAND: POST /session/188695daba6f4123f2015bbe49059169/element - {"using":"xpath","value":"//li[.//span[text()=\"Manage Partners\"]]"}
RESULT: {"using":"xpath","value":"//li[.//span[text()=\"Manage Partners\"]]"}
COMMAND: POST /session/188695daba6f4123f2015bbe49059169/element - {"using":"css selector","value":"#shell-header-logo"}
RESULT: {"using":"css selector","value":"#shell-header-logo"}
COMMAND: POST /session/188695daba6f4123f2015bbe49059169/element/f.DEFD86E6D49D71B1F09B82144A2C9827.d.CC36236DD58EEFD206256A47ECF65FE1.e.2369/click - {}
COMMAND: POST /session/188695daba6f4123f2015bbe49059169/execute/sync - {"script":"<script> [8489 bytes]","args":[{"element-6066-11e4-a52e-4f735466cecf":"f.DEFD86E6D49D71B1F09B82144A2C9827.d.CC36236DD58EEFD206256A47ECF65FE1.e.2369","ELEMENT":"f.DEFD86E6D49D71B1F09B82144A2C9827.d.CC36236DD58EEFD206256A47ECF65FE1.e.2369"}]}
RESULT: {}
COMMAND: GET /session/188695daba6f4123f2015bbe49059169/screenshot - {}
RESULT: {"script":"<script> [8489 bytes]","args":[{"element-6066-11e4-a52e-4f735466cecf":"f.DEFD86E6D49D71B1F09B82144A2C9827.d.CC36236DD58EEFD206256A47ECF65FE1.e.2369","ELEMENT":"f.DEFD86E6D49D71B1F09B82144A2C9827.d.CC36236DD58EEFD206256A47ECF65FE1.e.2369"}]}
COMMAND: POST /session/188695daba6f4123f2015bbe49059169/execute/sync - {"script":"<script> [5351 bytes]","args":[{"element-6066-11e4-a52e-4f735466cecf":"f.DEFD86E6D49D71B1F09B82144A2C9827.d.CC36236DD58EEFD206256A47ECF65FE1.e.2369","ELEMENT":"f.DEFD86E6D49D71B1F09B82144A2C9827.d.CC36236DD58EEFD206256A47ECF65FE1.e.2369"}]}
COMMAND: GET /session/188695daba6f4123f2015bbe49059169/screenshot - {}
RESULT: {}
RESULT: {"script":"<script> [5351 bytes]","args":[{"element-6066-11e4-a52e-4f735466cecf":"f.DEFD86E6D49D71B1F09B82144A2C9827.d.CC36236DD58EEFD206256A47ECF65FE1.e.2369","ELEMENT":"f.DEFD86E6D49D71B1F09B82144A2C9827.d.CC36236DD58EEFD206256A47ECF65FE1.e.2369"}]}
COMMAND: GET /session/188695daba6f4123f2015bbe49059169/screenshot - {}
RESULT: {}
RESULT: {}
RESULT: undefined
COMMAND: POST /session/188695daba6f4123f2015bbe49059169/element - {"using":"xpath","value":"//*[@id=\"__tile38\"]"}
RESULT: {"using":"xpath","value":"//*[@id=\"__tile38\"]"}
COMMAND: POST /session/188695daba6f4123f2015bbe49059169/element/f.DEFD86E6D49D71B1F09B82144A2C9827.d.CC36236DD58EEFD206256A47ECF65FE1.e.156/click - {}
RESULT: {}
COMMAND: GET /session/188695daba6f4123f2015bbe49059169/screenshot - {}
RESULT: {}
COMMAND: POST /session/188695daba6f4123f2015bbe49059169/elements - {"using":"xpath","value":"//span[text()='Error']"}
RESULT: {"using":"xpath","value":"//span[text()='Error']"}
COMMAND: POST /session/188695daba6f4123f2015bbe49059169/element - {"using":"xpath","value":"//button[@data-kt=\"addButton\"]"}
RESULT: {"using":"xpath","value":"//button[@data-kt=\"addButton\"]"}
COMMAND: POST /session/188695daba6f4123f2015bbe49059169/elements - {"using":"xpath","value":"//button[@data-kt=\"addButton\"]"}
RESULT: {"using":"xpath","value":"//button[@data-kt=\"addButton\"]"}
COMMAND: POST /session/188695daba6f4123f2015bbe49059169/execute/sync - {"script":"<script> [8489 bytes]","args":[{"element-6066-11e4-a52e-4f735466cecf":"f.DEFD86E6D49D71B1F09B82144A2C9827.d.CC36236DD58EEFD206256A47ECF65FE1.e.2415","ELEMENT":"f.DEFD86E6D49D71B1F09B82144A2C9827.d.CC36236DD58EEFD206256A47ECF65FE1.e.2415"}]}
RESULT: {"script":"<script> [8489 bytes]","args":[{"element-6066-11e4-a52e-4f735466cecf":"f.DEFD86E6D49D71B1F09B82144A2C9827.d.CC36236DD58EEFD206256A47ECF65FE1.e.2415","ELEMENT":"f.DEFD86E6D49D71B1F09B82144A2C9827.d.CC36236DD58EEFD206256A47ECF65FE1.e.2415"}]}
COMMAND: GET /session/188695daba6f4123f2015bbe49059169/element/f.DEFD86E6D49D71B1F09B82144A2C9827.d.CC36236DD58EEFD206256A47ECF65FE1.e.2415/enabled - {}
COMMAND: GET /session/188695daba6f4123f2015bbe49059169/screenshot - {}
RESULT: {}
COMMAND: POST /session/188695daba6f4123f2015bbe49059169/execute/sync - {"script":"<script> [8489 bytes]","args":[{"element-6066-11e4-a52e-4f735466cecf":"f.DEFD86E6D49D71B1F09B82144A2C9827.d.CC36236DD58EEFD206256A47ECF65FE1.e.2415","ELEMENT":"f.DEFD86E6D49D71B1F09B82144A2C9827.d.CC36236DD58EEFD206256A47ECF65FE1.e.2415"}]}
COMMAND: GET /session/188695daba6f4123f2015bbe49059169/screenshot - {}
RESULT: {}
RESULT: {"script":"<script> [8489 bytes]","args":[{"element-6066-11e4-a52e-4f735466cecf":"f.DEFD86E6D49D71B1F09B82144A2C9827.d.CC36236DD58EEFD206256A47ECF65FE1.e.2415","ELEMENT":"f.DEFD86E6D49D71B1F09B82144A2C9827.d.CC36236DD58EEFD206256A47ECF65FE1.e.2415"}]}
COMMAND: POST /session/188695daba6f4123f2015bbe49059169/execute/sync - {"script":"<script> [5351 bytes]","args":[{"element-6066-11e4-a52e-4f735466cecf":"f.DEFD86E6D49D71B1F09B82144A2C9827.d.CC36236DD58EEFD206256A47ECF65FE1.e.2415","ELEMENT":"f.DEFD86E6D49D71B1F09B82144A2C9827.d.CC36236DD58EEFD206256A47ECF65FE1.e.2415"}]}
COMMAND: GET /session/188695daba6f4123f2015bbe49059169/screenshot - {}
RESULT: {}
RESULT: {"script":"<script> [5351 bytes]","args":[{"element-6066-11e4-a52e-4f735466cecf":"f.DEFD86E6D49D71B1F09B82144A2C9827.d.CC36236DD58EEFD206256A47ECF65FE1.e.2415","ELEMENT":"f.DEFD86E6D49D71B1F09B82144A2C9827.d.CC36236DD58EEFD206256A47ECF65FE1.e.2415"}]}
COMMAND: GET /session/188695daba6f4123f2015bbe49059169/screenshot - {}
RESULT: {}
RESULT: {}
RESULT: undefined
COMMAND: POST /session/188695daba6f4123f2015bbe49059169/execute/async - {"script":"<script> [776 bytes]","args":[{"enterText":"1311","selector":{"id":"application-managepartners-display-component---masterPtm--smartFilterBar-btnBasicSearch","interaction":{"idSuffix":"I"}},"clearTextFirst":true,"interactionType":"ENTER_TEXT"}]}
RESULT: {"script":"<script> [776 bytes]","args":[{"enterText":"1311","selector":{"id":"application-managepartners-display-component---masterPtm--smartFilterBar-btnBasicSearch","interaction":{"idSuffix":"I"}},"clearTextFirst":true,"interactionType":"ENTER_TEXT"}]}
COMMAND: POST /session/188695daba6f4123f2015bbe49059169/actions - {"actions":[{"id":"action5","type":"key","parameters":{},"actions":[{"type":"keyDown","value":"î€‡"},{"type":"pause","duration":10},{"type":"keyUp","value":"î€‡"}]}]}
RESULT: {"actions":[{"id":"action5","type":"key","parameters":{},"actions":[{"type":"keyDown","value":"î€‡"},{"type":"pause","duration":10},{"type":"keyUp","value":"î€‡"}]}]}
COMMAND: GET /session/188695daba6f4123f2015bbe49059169/screenshot - {}
RESULT: {}
COMMAND: POST /session/188695daba6f4123f2015bbe49059169/elements - {"using":"xpath","value":"//table[contains(@id, \"customPartnersTable-listUl\")]/tbody/tr"}
RESULT: {"using":"xpath","value":"//table[contains(@id, \"customPartnersTable-listUl\")]/tbody/tr"}
COMMAND: POST /session/188695daba6f4123f2015bbe49059169/element - {"using":"xpath","value":"//table[contains(@id, \"customPartnersTable-listUl\")]/tbody/tr[1]/td[3]/span"}
RESULT: {"using":"xpath","value":"//table[contains(@id, \"customPartnersTable-listUl\")]/tbody/tr[1]/td[3]/span"}
COMMAND: POST /session/188695daba6f4123f2015bbe49059169/elements - {"using":"xpath","value":"//table[contains(@id, \"customPartnersTable-listUl\")]/tbody/tr[1]/td[3]/span"}
RESULT: {"using":"xpath","value":"//table[contains(@id, \"customPartnersTable-listUl\")]/tbody/tr[1]/td[3]/span"}
COMMAND: POST /session/188695daba6f4123f2015bbe49059169/execute/sync - {"script":"<script> [56 bytes]","args":[{"element-6066-11e4-a52e-4f735466cecf":"f.DEFD86E6D49D71B1F09B82144A2C9827.d.CC36236DD58EEFD206256A47ECF65FE1.e.2549","ELEMENT":"f.DEFD86E6D49D71B1F09B82144A2C9827.d.CC36236DD58EEFD206256A47ECF65FE1.e.2549"}]}
RESULT: {"script":"<script> [56 bytes]","args":[{"element-6066-11e4-a52e-4f735466cecf":"f.DEFD86E6D49D71B1F09B82144A2C9827.d.CC36236DD58EEFD206256A47ECF65FE1.e.2549","ELEMENT":"f.DEFD86E6D49D71B1F09B82144A2C9827.d.CC36236DD58EEFD206256A47ECF65FE1.e.2549"}]}
COMMAND: POST /session/188695daba6f4123f2015bbe49059169/element - {"using":"xpath","value":"//table[contains(@id, \"customPartnersTable-listUl\")]/tbody/tr[1]/td[7]/div/span"}
COMMAND: GET /session/188695daba6f4123f2015bbe49059169/screenshot - {}
RESULT: {"using":"xpath","value":"//table[contains(@id, \"customPartnersTable-listUl\")]/tbody/tr[1]/td[7]/div/span"}
COMMAND: POST /session/188695daba6f4123f2015bbe49059169/execute/sync - {"script":"<script> [56 bytes]","args":[{"element-6066-11e4-a52e-4f735466cecf":"f.DEFD86E6D49D71B1F09B82144A2C9827.d.CC36236DD58EEFD206256A47ECF65FE1.e.2550","ELEMENT":"f.DEFD86E6D49D71B1F09B82144A2C9827.d.CC36236DD58EEFD206256A47ECF65FE1.e.2550"}]}
RESULT: {}
RESULT: {"script":"<script> [56 bytes]","args":[{"element-6066-11e4-a52e-4f735466cecf":"f.DEFD86E6D49D71B1F09B82144A2C9827.d.CC36236DD58EEFD206256A47ECF65FE1.e.2550","ELEMENT":"f.DEFD86E6D49D71B1F09B82144A2C9827.d.CC36236DD58EEFD206256A47ECF65FE1.e.2550"}]}
COMMAND: POST /session/188695daba6f4123f2015bbe49059169/element - {"using":"xpath","value":"//table[contains(@id, \"customPartnersTable-listUl\")]/tbody/tr[1]/td[2]/div/div"}
COMMAND: GET /session/188695daba6f4123f2015bbe49059169/screenshot - {}
RESULT: {"using":"xpath","value":"//table[contains(@id, \"customPartnersTable-listUl\")]/tbody/tr[1]/td[2]/div/div"}
COMMAND: POST /session/188695daba6f4123f2015bbe49059169/element/f.DEFD86E6D49D71B1F09B82144A2C9827.d.CC36236DD58EEFD206256A47ECF65FE1.e.2551/click - {}
RESULT: {}
RESULT: {}
COMMAND: GET /session/188695daba6f4123f2015bbe49059169/screenshot - {}
RESULT: {}
COMMAND: POST /session/188695daba6f4123f2015bbe49059169/element - {"using":"xpath","value":"//bdi[contains(text(), \"Activate\")]"}
RESULT: {"using":"xpath","value":"//bdi[contains(text(), \"Activate\")]"}
COMMAND: POST /session/188695daba6f4123f2015bbe49059169/element/f.DEFD86E6D49D71B1F09B82144A2C9827.d.CC36236DD58EEFD206256A47ECF65FE1.e.2552/click - {}
RESULT: {}
COMMAND: GET /session/188695daba6f4123f2015bbe49059169/screenshot - {}
RESULT: {}
COMMAND: POST /session/188695daba6f4123f2015bbe49059169/element - {"using":"xpath","value":"//bdi[contains(text(), \"Yes\")]"}
RESULT: {"using":"xpath","value":"//bdi[contains(text(), \"Yes\")]"}
COMMAND: POST /session/188695daba6f4123f2015bbe49059169/element/f.DEFD86E6D49D71B1F09B82144A2C9827.d.CC36236DD58EEFD206256A47ECF65FE1.e.2554/click - {}
RESULT: {}
COMMAND: GET /session/188695daba6f4123f2015bbe49059169/screenshot - {}
RESULT: {}
COMMAND: POST /session/188695daba6f4123f2015bbe49059169/element - {"using":"xpath","value":"//table[contains(@id, \"customPartnersTable-listUl\")]/tbody/tr[1]/td[7]/div/span"}
RESULT: {"using":"xpath","value":"//table[contains(@id, \"customPartnersTable-listUl\")]/tbody/tr[1]/td[7]/div/span"}
COMMAND: POST /session/188695daba6f4123f2015bbe49059169/execute/sync - {"script":"<script> [56 bytes]","args":[{"element-6066-11e4-a52e-4f735466cecf":"f.DEFD86E6D49D71B1F09B82144A2C9827.d.CC36236DD58EEFD206256A47ECF65FE1.e.2550","ELEMENT":"f.DEFD86E6D49D71B1F09B82144A2C9827.d.CC36236DD58EEFD206256A47ECF65FE1.e.2550"}]}
RESULT: {"script":"<script> [56 bytes]","args":[{"element-6066-11e4-a52e-4f735466cecf":"f.DEFD86E6D49D71B1F09B82144A2C9827.d.CC36236DD58EEFD206256A47ECF65FE1.e.2550","ELEMENT":"f.DEFD86E6D49D71B1F09B82144A2C9827.d.CC36236DD58EEFD206256A47ECF65FE1.e.2550"}]}
COMMAND: GET /session/188695daba6f4123f2015bbe49059169/screenshot - {}
RESULT: {}
COMMAND: POST /session/188695daba6f4123f2015bbe49059169/element - {"using":"css selector","value":"#shell-header-logo"}
RESULT: {"using":"css selector","value":"#shell-header-logo"}
COMMAND: POST /session/188695daba6f4123f2015bbe49059169/element/f.DEFD86E6D49D71B1F09B82144A2C9827.d.CC36236DD58EEFD206256A47ECF65FE1.e.2369/click - {}
RESULT: {}
COMMAND: GET /session/188695daba6f4123f2015bbe49059169/screenshot - {}
RESULT: {}
]]></system-out>
    </testcase>
    <testcase classname="chrome.136_0_7103_93.windows.Partner_specific_tests_US150819_US151080_US151654_US151176_US103444_US151078_US151079_US151109_US151174_US151175_US151189" name="Should edit the created external partner and save it and check its content US103444" time="75.261">
      <system-out><![CDATA[
COMMAND: POST /session/188695daba6f4123f2015bbe49059169/element - {"using":"xpath","value":"//li[.//span[text()=\"Manage Partners\"]]"}
RESULT: {"using":"xpath","value":"//li[.//span[text()=\"Manage Partners\"]]"}
COMMAND: POST /session/188695daba6f4123f2015bbe49059169/element - {"using":"xpath","value":"//li[.//span[text()=\"Manage Partners\"]]"}
RESULT: {"using":"xpath","value":"//li[.//span[text()=\"Manage Partners\"]]"}
COMMAND: POST /session/188695daba6f4123f2015bbe49059169/element - {"using":"css selector","value":"#shell-header-logo"}
RESULT: {"using":"css selector","value":"#shell-header-logo"}
COMMAND: POST /session/188695daba6f4123f2015bbe49059169/element/f.DEFD86E6D49D71B1F09B82144A2C9827.d.CC36236DD58EEFD206256A47ECF65FE1.e.2558/click - {}
COMMAND: POST /session/188695daba6f4123f2015bbe49059169/execute/sync - {"script":"<script> [8489 bytes]","args":[{"element-6066-11e4-a52e-4f735466cecf":"f.DEFD86E6D49D71B1F09B82144A2C9827.d.CC36236DD58EEFD206256A47ECF65FE1.e.2558","ELEMENT":"f.DEFD86E6D49D71B1F09B82144A2C9827.d.CC36236DD58EEFD206256A47ECF65FE1.e.2558"}]}
RESULT: {}
COMMAND: GET /session/188695daba6f4123f2015bbe49059169/screenshot - {}
RESULT: {"script":"<script> [8489 bytes]","args":[{"element-6066-11e4-a52e-4f735466cecf":"f.DEFD86E6D49D71B1F09B82144A2C9827.d.CC36236DD58EEFD206256A47ECF65FE1.e.2558","ELEMENT":"f.DEFD86E6D49D71B1F09B82144A2C9827.d.CC36236DD58EEFD206256A47ECF65FE1.e.2558"}]}
COMMAND: POST /session/188695daba6f4123f2015bbe49059169/execute/sync - {"script":"<script> [5351 bytes]","args":[{"element-6066-11e4-a52e-4f735466cecf":"f.DEFD86E6D49D71B1F09B82144A2C9827.d.CC36236DD58EEFD206256A47ECF65FE1.e.2558","ELEMENT":"f.DEFD86E6D49D71B1F09B82144A2C9827.d.CC36236DD58EEFD206256A47ECF65FE1.e.2558"}]}
COMMAND: GET /session/188695daba6f4123f2015bbe49059169/screenshot - {}
RESULT: {}
RESULT: {"script":"<script> [5351 bytes]","args":[{"element-6066-11e4-a52e-4f735466cecf":"f.DEFD86E6D49D71B1F09B82144A2C9827.d.CC36236DD58EEFD206256A47ECF65FE1.e.2558","ELEMENT":"f.DEFD86E6D49D71B1F09B82144A2C9827.d.CC36236DD58EEFD206256A47ECF65FE1.e.2558"}]}
COMMAND: GET /session/188695daba6f4123f2015bbe49059169/screenshot - {}
RESULT: {}
RESULT: {}
RESULT: undefined
COMMAND: POST /session/188695daba6f4123f2015bbe49059169/element - {"using":"xpath","value":"//*[@id=\"__tile38\"]"}
RESULT: {"using":"xpath","value":"//*[@id=\"__tile38\"]"}
COMMAND: POST /session/188695daba6f4123f2015bbe49059169/element/f.DEFD86E6D49D71B1F09B82144A2C9827.d.CC36236DD58EEFD206256A47ECF65FE1.e.156/click - {}
RESULT: {}
COMMAND: GET /session/188695daba6f4123f2015bbe49059169/screenshot - {}
RESULT: {}
COMMAND: POST /session/188695daba6f4123f2015bbe49059169/elements - {"using":"xpath","value":"//span[text()='Error']"}
RESULT: {"using":"xpath","value":"//span[text()='Error']"}
COMMAND: POST /session/188695daba6f4123f2015bbe49059169/element - {"using":"xpath","value":"//button[@data-kt=\"addButton\"]"}
RESULT: {"using":"xpath","value":"//button[@data-kt=\"addButton\"]"}
COMMAND: POST /session/188695daba6f4123f2015bbe49059169/elements - {"using":"xpath","value":"//button[@data-kt=\"addButton\"]"}
RESULT: {"using":"xpath","value":"//button[@data-kt=\"addButton\"]"}
COMMAND: POST /session/188695daba6f4123f2015bbe49059169/execute/sync - {"script":"<script> [8489 bytes]","args":[{"element-6066-11e4-a52e-4f735466cecf":"f.DEFD86E6D49D71B1F09B82144A2C9827.d.CC36236DD58EEFD206256A47ECF65FE1.e.2604","ELEMENT":"f.DEFD86E6D49D71B1F09B82144A2C9827.d.CC36236DD58EEFD206256A47ECF65FE1.e.2604"}]}
RESULT: {"script":"<script> [8489 bytes]","args":[{"element-6066-11e4-a52e-4f735466cecf":"f.DEFD86E6D49D71B1F09B82144A2C9827.d.CC36236DD58EEFD206256A47ECF65FE1.e.2604","ELEMENT":"f.DEFD86E6D49D71B1F09B82144A2C9827.d.CC36236DD58EEFD206256A47ECF65FE1.e.2604"}]}
COMMAND: GET /session/188695daba6f4123f2015bbe49059169/element/f.DEFD86E6D49D71B1F09B82144A2C9827.d.CC36236DD58EEFD206256A47ECF65FE1.e.2604/enabled - {}
COMMAND: GET /session/188695daba6f4123f2015bbe49059169/screenshot - {}
RESULT: {}
COMMAND: POST /session/188695daba6f4123f2015bbe49059169/execute/sync - {"script":"<script> [8489 bytes]","args":[{"element-6066-11e4-a52e-4f735466cecf":"f.DEFD86E6D49D71B1F09B82144A2C9827.d.CC36236DD58EEFD206256A47ECF65FE1.e.2604","ELEMENT":"f.DEFD86E6D49D71B1F09B82144A2C9827.d.CC36236DD58EEFD206256A47ECF65FE1.e.2604"}]}
COMMAND: GET /session/188695daba6f4123f2015bbe49059169/screenshot - {}
RESULT: {}
RESULT: {"script":"<script> [8489 bytes]","args":[{"element-6066-11e4-a52e-4f735466cecf":"f.DEFD86E6D49D71B1F09B82144A2C9827.d.CC36236DD58EEFD206256A47ECF65FE1.e.2604","ELEMENT":"f.DEFD86E6D49D71B1F09B82144A2C9827.d.CC36236DD58EEFD206256A47ECF65FE1.e.2604"}]}
COMMAND: POST /session/188695daba6f4123f2015bbe49059169/execute/sync - {"script":"<script> [5351 bytes]","args":[{"element-6066-11e4-a52e-4f735466cecf":"f.DEFD86E6D49D71B1F09B82144A2C9827.d.CC36236DD58EEFD206256A47ECF65FE1.e.2604","ELEMENT":"f.DEFD86E6D49D71B1F09B82144A2C9827.d.CC36236DD58EEFD206256A47ECF65FE1.e.2604"}]}
COMMAND: GET /session/188695daba6f4123f2015bbe49059169/screenshot - {}
RESULT: {}
RESULT: {"script":"<script> [5351 bytes]","args":[{"element-6066-11e4-a52e-4f735466cecf":"f.DEFD86E6D49D71B1F09B82144A2C9827.d.CC36236DD58EEFD206256A47ECF65FE1.e.2604","ELEMENT":"f.DEFD86E6D49D71B1F09B82144A2C9827.d.CC36236DD58EEFD206256A47ECF65FE1.e.2604"}]}
COMMAND: GET /session/188695daba6f4123f2015bbe49059169/screenshot - {}
RESULT: {}
RESULT: {}
RESULT: undefined
COMMAND: POST /session/188695daba6f4123f2015bbe49059169/execute/async - {"script":"<script> [776 bytes]","args":[{"enterText":"1311","selector":{"id":"application-managepartners-display-component---masterPtm--smartFilterBar-btnBasicSearch","interaction":{"idSuffix":"I"}},"clearTextFirst":true,"interactionType":"ENTER_TEXT"}]}
RESULT: {"script":"<script> [776 bytes]","args":[{"enterText":"1311","selector":{"id":"application-managepartners-display-component---masterPtm--smartFilterBar-btnBasicSearch","interaction":{"idSuffix":"I"}},"clearTextFirst":true,"interactionType":"ENTER_TEXT"}]}
COMMAND: POST /session/188695daba6f4123f2015bbe49059169/actions - {"actions":[{"id":"action6","type":"key","parameters":{},"actions":[{"type":"keyDown","value":"î€‡"},{"type":"pause","duration":10},{"type":"keyUp","value":"î€‡"}]}]}
RESULT: {"actions":[{"id":"action6","type":"key","parameters":{},"actions":[{"type":"keyDown","value":"î€‡"},{"type":"pause","duration":10},{"type":"keyUp","value":"î€‡"}]}]}
COMMAND: GET /session/188695daba6f4123f2015bbe49059169/screenshot - {}
RESULT: {}
COMMAND: POST /session/188695daba6f4123f2015bbe49059169/elements - {"using":"xpath","value":"//table[contains(@id, \"customPartnersTable-listUl\")]/tbody/tr"}
RESULT: {"using":"xpath","value":"//table[contains(@id, \"customPartnersTable-listUl\")]/tbody/tr"}
COMMAND: POST /session/188695daba6f4123f2015bbe49059169/element - {"using":"xpath","value":"//table[contains(@id, \"customPartnersTable-listUl\")]/tbody/tr[1]/td[3]/span"}
RESULT: {"using":"xpath","value":"//table[contains(@id, \"customPartnersTable-listUl\")]/tbody/tr[1]/td[3]/span"}
COMMAND: POST /session/188695daba6f4123f2015bbe49059169/elements - {"using":"xpath","value":"//table[contains(@id, \"customPartnersTable-listUl\")]/tbody/tr[1]/td[3]/span"}
RESULT: {"using":"xpath","value":"//table[contains(@id, \"customPartnersTable-listUl\")]/tbody/tr[1]/td[3]/span"}
COMMAND: POST /session/188695daba6f4123f2015bbe49059169/execute/sync - {"script":"<script> [56 bytes]","args":[{"element-6066-11e4-a52e-4f735466cecf":"f.DEFD86E6D49D71B1F09B82144A2C9827.d.CC36236DD58EEFD206256A47ECF65FE1.e.2741","ELEMENT":"f.DEFD86E6D49D71B1F09B82144A2C9827.d.CC36236DD58EEFD206256A47ECF65FE1.e.2741"}]}
RESULT: {"script":"<script> [56 bytes]","args":[{"element-6066-11e4-a52e-4f735466cecf":"f.DEFD86E6D49D71B1F09B82144A2C9827.d.CC36236DD58EEFD206256A47ECF65FE1.e.2741","ELEMENT":"f.DEFD86E6D49D71B1F09B82144A2C9827.d.CC36236DD58EEFD206256A47ECF65FE1.e.2741"}]}
COMMAND: POST /session/188695daba6f4123f2015bbe49059169/element - {"using":"xpath","value":"(//span[contains(@id, \"imgNav\")])[1]"}
COMMAND: GET /session/188695daba6f4123f2015bbe49059169/screenshot - {}
RESULT: {"using":"xpath","value":"(//span[contains(@id, \"imgNav\")])[1]"}
COMMAND: POST /session/188695daba6f4123f2015bbe49059169/element/f.DEFD86E6D49D71B1F09B82144A2C9827.d.CC36236DD58EEFD206256A47ECF65FE1.e.2739/click - {}
RESULT: {}
RESULT: {}
COMMAND: GET /session/188695daba6f4123f2015bbe49059169/screenshot - {}
RESULT: {}
COMMAND: POST /session/188695daba6f4123f2015bbe49059169/element - {"using":"xpath","value":"//bdi[contains(text(), \"Edit\")]"}
RESULT: {"using":"xpath","value":"//bdi[contains(text(), \"Edit\")]"}
COMMAND: POST /session/188695daba6f4123f2015bbe49059169/element/f.DEFD86E6D49D71B1F09B82144A2C9827.d.CC36236DD58EEFD206256A47ECF65FE1.e.2882/click - {}
RESULT: {}
COMMAND: GET /session/188695daba6f4123f2015bbe49059169/screenshot - {}
RESULT: {}
COMMAND: POST /session/188695daba6f4123f2015bbe49059169/execute/async - {"script":"<script> [1562 bytes]","args":[{"selector":{"controlType":"sap.m.Input","viewName":"etm.portal.ui.managepartners.view.EditDetail","labelFor":{"text":"Name"},"interaction":{"idSuffix":"inner"}},"wdio_ui5_key":"etmportal.ui.managepartners.view.EditDetailsap.m.Input{\"text\":\"Name\"}"}]}
RESULT: {"script":"<script> [1562 bytes]","args":[{"selector":{"controlType":"sap.m.Input","viewName":"etm.portal.ui.managepartners.view.EditDetail","labelFor":{"text":"Name"},"interaction":{"idSuffix":"inner"}},"wdio_ui5_key":"etmportal.ui.managepartners.view.EditDetailsap.m.Input{\"text\":\"Name\"}"}]}
RESULT: undefined
COMMAND: POST /session/188695daba6f4123f2015bbe49059169/execute/async - {"script":"<script> [776 bytes]","args":[{"enterText":"External EDIT","selector":{"controlType":"sap.m.Input","viewName":"etm.portal.ui.managepartners.view.EditDetail","labelFor":{"text":"Name"},"interaction":{"idSuffix":"inner"}},"clearTextFirst":true,"interactionType":"ENTER_TEXT"}]}
RESULT: {"script":"<script> [776 bytes]","args":[{"enterText":"External EDIT","selector":{"controlType":"sap.m.Input","viewName":"etm.portal.ui.managepartners.view.EditDetail","labelFor":{"text":"Name"},"interaction":{"idSuffix":"inner"}},"clearTextFirst":true,"interactionType":"ENTER_TEXT"}]}
COMMAND: POST /session/188695daba6f4123f2015bbe49059169/element - {"using":"xpath","value":"(//span[contains(@id,\"addressDetailDetailsLanguage-arrow\")])[1]"}
RESULT: {"using":"xpath","value":"(//span[contains(@id,\"addressDetailDetailsLanguage-arrow\")])[1]"}
COMMAND: POST /session/188695daba6f4123f2015bbe49059169/element/f.DEFD86E6D49D71B1F09B82144A2C9827.d.CC36236DD58EEFD206256A47ECF65FE1.e.2958/click - {}
RESULT: {}
COMMAND: POST /session/188695daba6f4123f2015bbe49059169/element - {"using":"xpath","value":"//span[contains(text(), \"Chinese\")]"}
COMMAND: GET /session/188695daba6f4123f2015bbe49059169/screenshot - {}
RESULT: {"using":"xpath","value":"//span[contains(text(), \"Chinese\")]"}
COMMAND: POST /session/188695daba6f4123f2015bbe49059169/element/f.DEFD86E6D49D71B1F09B82144A2C9827.d.CC36236DD58EEFD206256A47ECF65FE1.e.2959/click - {}
RESULT: {}
RESULT: {}
COMMAND: GET /session/188695daba6f4123f2015bbe49059169/screenshot - {}
RESULT: {}
COMMAND: POST /session/188695daba6f4123f2015bbe49059169/execute/async - {"script":"<script> [1562 bytes]","args":[{"selector":{"controlType":"sap.m.Input","viewName":"etm.portal.ui.managepartners.view.EditDetail","labelFor":{"text":"City"},"interaction":{"idSuffix":"inner"}},"wdio_ui5_key":"etmportal.ui.managepartners.view.EditDetailsap.m.Input{\"text\":\"City\"}"}]}
RESULT: {"script":"<script> [1562 bytes]","args":[{"selector":{"controlType":"sap.m.Input","viewName":"etm.portal.ui.managepartners.view.EditDetail","labelFor":{"text":"City"},"interaction":{"idSuffix":"inner"}},"wdio_ui5_key":"etmportal.ui.managepartners.view.EditDetailsap.m.Input{\"text\":\"City\"}"}]}
RESULT: undefined
COMMAND: POST /session/188695daba6f4123f2015bbe49059169/execute/async - {"script":"<script> [776 bytes]","args":[{"enterText":"Clooj-Napoca","selector":{"controlType":"sap.m.Input","viewName":"etm.portal.ui.managepartners.view.EditDetail","labelFor":{"text":"City"},"interaction":{"idSuffix":"inner"}},"clearTextFirst":true,"interactionType":"ENTER_TEXT"}]}
RESULT: {"script":"<script> [776 bytes]","args":[{"enterText":"Clooj-Napoca","selector":{"controlType":"sap.m.Input","viewName":"etm.portal.ui.managepartners.view.EditDetail","labelFor":{"text":"City"},"interaction":{"idSuffix":"inner"}},"clearTextFirst":true,"interactionType":"ENTER_TEXT"}]}
COMMAND: POST /session/188695daba6f4123f2015bbe49059169/element - {"using":"xpath","value":"//button[@data-kt=\"saveButton\"]"}
RESULT: {"using":"xpath","value":"//button[@data-kt=\"saveButton\"]"}
COMMAND: POST /session/188695daba6f4123f2015bbe49059169/element/f.DEFD86E6D49D71B1F09B82144A2C9827.d.CC36236DD58EEFD206256A47ECF65FE1.e.2941/click - {}
RESULT: {}
COMMAND: GET /session/188695daba6f4123f2015bbe49059169/screenshot - {}
COMMAND: POST /session/188695daba6f4123f2015bbe49059169/execute/async - {"script":"<script> [1562 bytes]","args":[{"selector":{"id":"application-managepartners-display-component---detailPtm--addressDetailDetailsName1"},"wdio_ui5_key":"applicationmanagepartners-display-component---detailPtm--addressDetailDetailsName1"}]}
RESULT: {}
RESULT: {"script":"<script> [1562 bytes]","args":[{"selector":{"id":"application-managepartners-display-component---detailPtm--addressDetailDetailsName1"},"wdio_ui5_key":"applicationmanagepartners-display-component---detailPtm--addressDetailDetailsName1"}]}
RESULT: undefined
COMMAND: POST /session/188695daba6f4123f2015bbe49059169/execute/async - {"script":"<script> [6424 bytes]","args":[{"element-6066-11e4-a52e-4f735466cecf":"f.DEFD86E6D49D71B1F09B82144A2C9827.d.CC36236DD58EEFD206256A47ECF65FE1.e.2990"},"getValue",[]]}
RESULT: {"script":"<script> [6424 bytes]","args":[{"element-6066-11e4-a52e-4f735466cecf":"f.DEFD86E6D49D71B1F09B82144A2C9827.d.CC36236DD58EEFD206256A47ECF65FE1.e.2990"},"getValue",[]]}
COMMAND: POST /session/188695daba6f4123f2015bbe49059169/element - {"using":"xpath","value":"//input[@id = \"application-managepartners-display-component---detailPtm--addressDetailDetailsLanguage-inner\"]"}
RESULT: {"using":"xpath","value":"//input[@id = \"application-managepartners-display-component---detailPtm--addressDetailDetailsLanguage-inner\"]"}
COMMAND: GET /session/188695daba6f4123f2015bbe49059169/element/f.DEFD86E6D49D71B1F09B82144A2C9827.d.CC36236DD58EEFD206256A47ECF65FE1.e.2991/property/value - {}
RESULT: {}
COMMAND: POST /session/188695daba6f4123f2015bbe49059169/execute/async - {"script":"<script> [1562 bytes]","args":[{"selector":{"id":"application-managepartners-display-component---detailPtm--addressDetailDetailsCity1"},"wdio_ui5_key":"applicationmanagepartners-display-component---detailPtm--addressDetailDetailsCity1"}]}
COMMAND: GET /session/188695daba6f4123f2015bbe49059169/screenshot - {}
RESULT: {"script":"<script> [1562 bytes]","args":[{"selector":{"id":"application-managepartners-display-component---detailPtm--addressDetailDetailsCity1"},"wdio_ui5_key":"applicationmanagepartners-display-component---detailPtm--addressDetailDetailsCity1"}]}
RESULT: undefined
COMMAND: POST /session/188695daba6f4123f2015bbe49059169/execute/async - {"script":"<script> [6424 bytes]","args":[{"element-6066-11e4-a52e-4f735466cecf":"f.DEFD86E6D49D71B1F09B82144A2C9827.d.CC36236DD58EEFD206256A47ECF65FE1.e.2992"},"getValue",[]]}
RESULT: {}
RESULT: {"script":"<script> [6424 bytes]","args":[{"element-6066-11e4-a52e-4f735466cecf":"f.DEFD86E6D49D71B1F09B82144A2C9827.d.CC36236DD58EEFD206256A47ECF65FE1.e.2992"},"getValue",[]]}
COMMAND: POST /session/188695daba6f4123f2015bbe49059169/element - {"using":"css selector","value":"#shell-header-logo"}
RESULT: {"using":"css selector","value":"#shell-header-logo"}
COMMAND: POST /session/188695daba6f4123f2015bbe49059169/element/f.DEFD86E6D49D71B1F09B82144A2C9827.d.CC36236DD58EEFD206256A47ECF65FE1.e.2558/click - {}
RESULT: {}
COMMAND: GET /session/188695daba6f4123f2015bbe49059169/screenshot - {}
RESULT: {}
]]></system-out>
    </testcase>
    <testcase classname="chrome.136_0_7103_93.windows.Partner_specific_tests_US150819_US151080_US151654_US151176_US103444_US151078_US151079_US151109_US151174_US151175_US151189" name="Should create a new intercompany partner edit some of its fields US151078" time="280.194">
      <system-out><![CDATA[
COMMAND: POST /session/188695daba6f4123f2015bbe49059169/element - {"using":"xpath","value":"//li[.//span[text()=\"Manage Partners\"]]"}
RESULT: {"using":"xpath","value":"//li[.//span[text()=\"Manage Partners\"]]"}
COMMAND: POST /session/188695daba6f4123f2015bbe49059169/element - {"using":"xpath","value":"//li[.//span[text()=\"Manage Partners\"]]"}
RESULT: {"using":"xpath","value":"//li[.//span[text()=\"Manage Partners\"]]"}
COMMAND: POST /session/188695daba6f4123f2015bbe49059169/element - {"using":"css selector","value":"#shell-header-logo"}
RESULT: {"using":"css selector","value":"#shell-header-logo"}
COMMAND: POST /session/188695daba6f4123f2015bbe49059169/element/f.DEFD86E6D49D71B1F09B82144A2C9827.d.CC36236DD58EEFD206256A47ECF65FE1.e.3023/click - {}
COMMAND: POST /session/188695daba6f4123f2015bbe49059169/execute/sync - {"script":"<script> [8489 bytes]","args":[{"element-6066-11e4-a52e-4f735466cecf":"f.DEFD86E6D49D71B1F09B82144A2C9827.d.CC36236DD58EEFD206256A47ECF65FE1.e.3023","ELEMENT":"f.DEFD86E6D49D71B1F09B82144A2C9827.d.CC36236DD58EEFD206256A47ECF65FE1.e.3023"}]}
RESULT: {}
COMMAND: GET /session/188695daba6f4123f2015bbe49059169/screenshot - {}
RESULT: {"script":"<script> [8489 bytes]","args":[{"element-6066-11e4-a52e-4f735466cecf":"f.DEFD86E6D49D71B1F09B82144A2C9827.d.CC36236DD58EEFD206256A47ECF65FE1.e.3023","ELEMENT":"f.DEFD86E6D49D71B1F09B82144A2C9827.d.CC36236DD58EEFD206256A47ECF65FE1.e.3023"}]}
COMMAND: POST /session/188695daba6f4123f2015bbe49059169/execute/sync - {"script":"<script> [5351 bytes]","args":[{"element-6066-11e4-a52e-4f735466cecf":"f.DEFD86E6D49D71B1F09B82144A2C9827.d.CC36236DD58EEFD206256A47ECF65FE1.e.3023","ELEMENT":"f.DEFD86E6D49D71B1F09B82144A2C9827.d.CC36236DD58EEFD206256A47ECF65FE1.e.3023"}]}
COMMAND: GET /session/188695daba6f4123f2015bbe49059169/screenshot - {}
RESULT: {}
RESULT: {"script":"<script> [5351 bytes]","args":[{"element-6066-11e4-a52e-4f735466cecf":"f.DEFD86E6D49D71B1F09B82144A2C9827.d.CC36236DD58EEFD206256A47ECF65FE1.e.3023","ELEMENT":"f.DEFD86E6D49D71B1F09B82144A2C9827.d.CC36236DD58EEFD206256A47ECF65FE1.e.3023"}]}
COMMAND: GET /session/188695daba6f4123f2015bbe49059169/screenshot - {}
RESULT: {}
RESULT: {}
COMMAND: POST /session/188695daba6f4123f2015bbe49059169/refresh - {}
RESULT: {}
COMMAND: GET /session/188695daba6f4123f2015bbe49059169/screenshot - {}
RESULT: {}
COMMAND: POST /session/188695daba6f4123f2015bbe49059169/refresh - {}
RESULT: {}
COMMAND: GET /session/188695daba6f4123f2015bbe49059169/screenshot - {}
RESULT: {}
COMMAND: POST /session/188695daba6f4123f2015bbe49059169/window/fullscreen - {}
RESULT: {}
COMMAND: POST /session/188695daba6f4123f2015bbe49059169/execute/async - {"script":"<script> [189 bytes]","args":[]}
RESULT: {"script":"<script> [189 bytes]","args":[]}
COMMAND: POST /session/188695daba6f4123f2015bbe49059169/execute/async - {"script":"<script> [123 bytes]","args":[]}
RESULT: {"script":"<script> [123 bytes]","args":[]}
COMMAND: POST /session/188695daba6f4123f2015bbe49059169/timeouts - {"script":"<number>"}
RESULT: {"script":"<number>"}
COMMAND: GET /session/188695daba6f4123f2015bbe49059169/timeouts - {}
RESULT: {}
RESULT: undefined
COMMAND: POST /session/188695daba6f4123f2015bbe49059169/execute/async - {"script":"<script> [2676 bytes]","args":[]}
RESULT: {"script":"<script> [2676 bytes]","args":[]}
COMMAND: POST /session/188695daba6f4123f2015bbe49059169/execute/async - {"script":"<script> [2342 bytes]","args":[{"protocol":"http","hostname":"0.0.0.0","path":"/","capabilities":{"browserName":"chrome","goog:chromeOptions":{"binary":"C:\\Program Files\\Google\\Chrome\\Application\\chrome.exe","args":["--start-maximized"]}},"logLevel":"warn","connectionRetryTimeout":120000,"connectionRetryCount":3,"logLevels":{},"enableDirectConnect":true,"strictSSL":true,"_":"65 more keys: [\"cacheDir\",\"port\",\"requestedCapabilities\",\"automationProtocol\",\"baseUrl\",\"waitforInterval\",\"waitforTimeout\",\"onReload\",\"beforeCommand\",\"afterCommand\",\"rootDir\",\"specs\",\"suites\",\"exclude\",\"groupLogsByTestSpec\",\"excludeDriverLogs\",\"bail\",\"framework\",\"reporters\",\"services\",\"maxInstances\",\"maxInstancesPerCapability\",\"injectGlobals\",\"filesToWatch\",\"execArgv\",\"runnerEnv\",\"runner\",\"shard\",\"specFileRetries\",\"specFileRetriesDelay\",\"specFileRetriesDeferred\",\"reporterSyncInterval\",\"reporterSyncTimeout\",\"cucumberFeaturesWithLineNumbers\",\"autoCompileOpts\",\"mochaOpts\",\"jasmineOpts\",\"cucumberOpts\",\"onPrepare\",\"onWorkerStart\",\"onWorkerEnd\",\"before\",\"beforeSession\",\"beforeSuite\",\"beforeHook\",\"beforeTest\",\"afterTest\",\"afterHook\",\"afterSuite\",\"afterSession\",\"after\",\"onComplete\",\"beforeAssertion\",\"afterAssertion\",\"beforeFeature\",\"beforeScenario\",\"beforeStep\",\"afterStep\",\"afterScenario\",\"afterFeature\",\"_\",\"suite\",\"$0\",\"ignoredWorkerServices\",\"wdi5\"]"}]}
RESULT: {"script":"<script> [2342 bytes]","args":[{"protocol":"http","hostname":"0.0.0.0","path":"/","capabilities":{"browserName":"chrome","goog:chromeOptions":{"binary":"C:\\Program Files\\Google\\Chrome\\Application\\chrome.exe","args":["--start-maximized"]}},"logLevel":"warn","connectionRetryTimeout":120000,"connectionRetryCount":3,"logLevels":{},"enableDirectConnect":true,"strictSSL":true,"_":"65 more keys: [\"cacheDir\",\"port\",\"requestedCapabilities\",\"automationProtocol\",\"baseUrl\",\"waitforInterval\",\"waitforTimeout\",\"onReload\",\"beforeCommand\",\"afterCommand\",\"rootDir\",\"specs\",\"suites\",\"exclude\",\"groupLogsByTestSpec\",\"excludeDriverLogs\",\"bail\",\"framework\",\"reporters\",\"services\",\"maxInstances\",\"maxInstancesPerCapability\",\"injectGlobals\",\"filesToWatch\",\"execArgv\",\"runnerEnv\",\"runner\",\"shard\",\"specFileRetries\",\"specFileRetriesDelay\",\"specFileRetriesDeferred\",\"reporterSyncInterval\",\"reporterSyncTimeout\",\"cucumberFeaturesWithLineNumbers\",\"autoCompileOpts\",\"mochaOpts\",\"jasmineOpts\",\"cucumberOpts\",\"onPrepare\",\"onWorkerStart\",\"onWorkerEnd\",\"before\",\"beforeSession\",\"beforeSuite\",\"beforeHook\",\"beforeTest\",\"afterTest\",\"afterHook\",\"afterSuite\",\"afterSession\",\"after\",\"onComplete\",\"beforeAssertion\",\"afterAssertion\",\"beforeFeature\",\"beforeScenario\",\"beforeStep\",\"afterStep\",\"afterScenario\",\"afterFeature\",\"_\",\"suite\",\"$0\",\"ignoredWorkerServices\",\"wdi5\"]"}]}
COMMAND: POST /session/188695daba6f4123f2015bbe49059169/execute/async - {"script":"<script> [21126 bytes]","args":[35000]}
RESULT: {"script":"<script> [21126 bytes]","args":[35000]}
COMMAND: POST /session/188695daba6f4123f2015bbe49059169/window/fullscreen - {}
RESULT: {}
COMMAND: POST /session/188695daba6f4123f2015bbe49059169/window/fullscreen - {}
RESULT: {}
COMMAND: POST /session/188695daba6f4123f2015bbe49059169/execute/async - {"script":"<script> [1562 bytes]","args":[{"selector":{"controlType":"sap.m.GenericTile","properties":{"header":"Manage Partners"}},"wdio_ui5_key":"sapm.GenericTile{\"header\":\"Manage Partners\"}"}]}
RESULT: {"script":"<script> [1562 bytes]","args":[{"selector":{"controlType":"sap.m.GenericTile","properties":{"header":"Manage Partners"}},"wdio_ui5_key":"sapm.GenericTile{\"header\":\"Manage Partners\"}"}]}
RESULT: undefined
COMMAND: POST /session/188695daba6f4123f2015bbe49059169/element - {"using":"xpath","value":"//*[@id=\"__tile30\"]"}
RESULT: {"using":"xpath","value":"//*[@id=\"__tile30\"]"}
COMMAND: POST /session/188695daba6f4123f2015bbe49059169/element/f.DEFD86E6D49D71B1F09B82144A2C9827.d.8CF2D117E25DB612695F2E6BB683E102.e.3093/click - {}
RESULT: {}
COMMAND: GET /session/188695daba6f4123f2015bbe49059169/screenshot - {}
RESULT: {}
COMMAND: POST /session/188695daba6f4123f2015bbe49059169/elements - {"using":"xpath","value":"//span[text()='Error']"}
RESULT: {"using":"xpath","value":"//span[text()='Error']"}
COMMAND: POST /session/188695daba6f4123f2015bbe49059169/element - {"using":"xpath","value":"//button[@data-kt=\"addButton\"]"}
RESULT: {"using":"xpath","value":"//button[@data-kt=\"addButton\"]"}
COMMAND: POST /session/188695daba6f4123f2015bbe49059169/elements - {"using":"xpath","value":"//button[@data-kt=\"addButton\"]"}
RESULT: {"using":"xpath","value":"//button[@data-kt=\"addButton\"]"}
COMMAND: POST /session/188695daba6f4123f2015bbe49059169/elements - {"using":"xpath","value":"//button[@data-kt=\"addButton\"]"}
RESULT: {"using":"xpath","value":"//button[@data-kt=\"addButton\"]"}
COMMAND: POST /session/188695daba6f4123f2015bbe49059169/elements - {"using":"xpath","value":"//button[@data-kt=\"addButton\"]"}
RESULT: {"using":"xpath","value":"//button[@data-kt=\"addButton\"]"}
COMMAND: POST /session/188695daba6f4123f2015bbe49059169/elements - {"using":"xpath","value":"//button[@data-kt=\"addButton\"]"}
RESULT: {"using":"xpath","value":"//button[@data-kt=\"addButton\"]"}
COMMAND: POST /session/188695daba6f4123f2015bbe49059169/elements - {"using":"xpath","value":"//button[@data-kt=\"addButton\"]"}
RESULT: {"using":"xpath","value":"//button[@data-kt=\"addButton\"]"}
COMMAND: POST /session/188695daba6f4123f2015bbe49059169/elements - {"using":"xpath","value":"//button[@data-kt=\"addButton\"]"}
RESULT: {"using":"xpath","value":"//button[@data-kt=\"addButton\"]"}
COMMAND: POST /session/188695daba6f4123f2015bbe49059169/elements - {"using":"xpath","value":"//button[@data-kt=\"addButton\"]"}
RESULT: {"using":"xpath","value":"//button[@data-kt=\"addButton\"]"}
COMMAND: POST /session/188695daba6f4123f2015bbe49059169/elements - {"using":"xpath","value":"//button[@data-kt=\"addButton\"]"}
RESULT: {"using":"xpath","value":"//button[@data-kt=\"addButton\"]"}
COMMAND: POST /session/188695daba6f4123f2015bbe49059169/elements - {"using":"xpath","value":"//button[@data-kt=\"addButton\"]"}
RESULT: {"using":"xpath","value":"//button[@data-kt=\"addButton\"]"}
COMMAND: POST /session/188695daba6f4123f2015bbe49059169/elements - {"using":"xpath","value":"//button[@data-kt=\"addButton\"]"}
RESULT: {"using":"xpath","value":"//button[@data-kt=\"addButton\"]"}
COMMAND: POST /session/188695daba6f4123f2015bbe49059169/elements - {"using":"xpath","value":"//button[@data-kt=\"addButton\"]"}
RESULT: {"using":"xpath","value":"//button[@data-kt=\"addButton\"]"}
COMMAND: POST /session/188695daba6f4123f2015bbe49059169/elements - {"using":"xpath","value":"//button[@data-kt=\"addButton\"]"}
RESULT: {"using":"xpath","value":"//button[@data-kt=\"addButton\"]"}
COMMAND: POST /session/188695daba6f4123f2015bbe49059169/elements - {"using":"xpath","value":"//button[@data-kt=\"addButton\"]"}
RESULT: {"using":"xpath","value":"//button[@data-kt=\"addButton\"]"}
COMMAND: POST /session/188695daba6f4123f2015bbe49059169/elements - {"using":"xpath","value":"//button[@data-kt=\"addButton\"]"}
RESULT: {"using":"xpath","value":"//button[@data-kt=\"addButton\"]"}
COMMAND: POST /session/188695daba6f4123f2015bbe49059169/elements - {"using":"xpath","value":"//button[@data-kt=\"addButton\"]"}
RESULT: {"using":"xpath","value":"//button[@data-kt=\"addButton\"]"}
COMMAND: POST /session/188695daba6f4123f2015bbe49059169/elements - {"using":"xpath","value":"//button[@data-kt=\"addButton\"]"}
RESULT: {"using":"xpath","value":"//button[@data-kt=\"addButton\"]"}
COMMAND: POST /session/188695daba6f4123f2015bbe49059169/elements - {"using":"xpath","value":"//button[@data-kt=\"addButton\"]"}
RESULT: {"using":"xpath","value":"//button[@data-kt=\"addButton\"]"}
COMMAND: POST /session/188695daba6f4123f2015bbe49059169/elements - {"using":"xpath","value":"//button[@data-kt=\"addButton\"]"}
RESULT: {"using":"xpath","value":"//button[@data-kt=\"addButton\"]"}
COMMAND: POST /session/188695daba6f4123f2015bbe49059169/elements - {"using":"xpath","value":"//button[@data-kt=\"addButton\"]"}
RESULT: {"using":"xpath","value":"//button[@data-kt=\"addButton\"]"}
COMMAND: POST /session/188695daba6f4123f2015bbe49059169/elements - {"using":"xpath","value":"//button[@data-kt=\"addButton\"]"}
RESULT: {"using":"xpath","value":"//button[@data-kt=\"addButton\"]"}
COMMAND: POST /session/188695daba6f4123f2015bbe49059169/elements - {"using":"xpath","value":"//button[@data-kt=\"addButton\"]"}
RESULT: {"using":"xpath","value":"//button[@data-kt=\"addButton\"]"}
COMMAND: POST /session/188695daba6f4123f2015bbe49059169/elements - {"using":"xpath","value":"//button[@data-kt=\"addButton\"]"}
RESULT: {"using":"xpath","value":"//button[@data-kt=\"addButton\"]"}
COMMAND: POST /session/188695daba6f4123f2015bbe49059169/elements - {"using":"xpath","value":"//button[@data-kt=\"addButton\"]"}
RESULT: {"using":"xpath","value":"//button[@data-kt=\"addButton\"]"}
COMMAND: POST /session/188695daba6f4123f2015bbe49059169/elements - {"using":"xpath","value":"//button[@data-kt=\"addButton\"]"}
RESULT: {"using":"xpath","value":"//button[@data-kt=\"addButton\"]"}
COMMAND: POST /session/188695daba6f4123f2015bbe49059169/elements - {"using":"xpath","value":"//button[@data-kt=\"addButton\"]"}
RESULT: {"using":"xpath","value":"//button[@data-kt=\"addButton\"]"}
COMMAND: POST /session/188695daba6f4123f2015bbe49059169/elements - {"using":"xpath","value":"//button[@data-kt=\"addButton\"]"}
RESULT: {"using":"xpath","value":"//button[@data-kt=\"addButton\"]"}
COMMAND: POST /session/188695daba6f4123f2015bbe49059169/elements - {"using":"xpath","value":"//button[@data-kt=\"addButton\"]"}
RESULT: {"using":"xpath","value":"//button[@data-kt=\"addButton\"]"}
COMMAND: POST /session/188695daba6f4123f2015bbe49059169/elements - {"using":"xpath","value":"//button[@data-kt=\"addButton\"]"}
RESULT: {"using":"xpath","value":"//button[@data-kt=\"addButton\"]"}
COMMAND: POST /session/188695daba6f4123f2015bbe49059169/elements - {"using":"xpath","value":"//button[@data-kt=\"addButton\"]"}
RESULT: {"using":"xpath","value":"//button[@data-kt=\"addButton\"]"}
COMMAND: POST /session/188695daba6f4123f2015bbe49059169/elements - {"using":"xpath","value":"//button[@data-kt=\"addButton\"]"}
RESULT: {"using":"xpath","value":"//button[@data-kt=\"addButton\"]"}
COMMAND: POST /session/188695daba6f4123f2015bbe49059169/elements - {"using":"xpath","value":"//button[@data-kt=\"addButton\"]"}
RESULT: {"using":"xpath","value":"//button[@data-kt=\"addButton\"]"}
COMMAND: POST /session/188695daba6f4123f2015bbe49059169/element - {"using":"xpath","value":"//button[@data-kt=\"addButton\"]"}
RESULT: {"using":"xpath","value":"//button[@data-kt=\"addButton\"]"}
COMMAND: POST /session/188695daba6f4123f2015bbe49059169/execute/sync - {"script":"<script> [8489 bytes]","args":[{"element-6066-11e4-a52e-4f735466cecf":"f.DEFD86E6D49D71B1F09B82144A2C9827.d.8CF2D117E25DB612695F2E6BB683E102.e.3209","ELEMENT":"f.DEFD86E6D49D71B1F09B82144A2C9827.d.8CF2D117E25DB612695F2E6BB683E102.e.3209"}]}
RESULT: {"script":"<script> [8489 bytes]","args":[{"element-6066-11e4-a52e-4f735466cecf":"f.DEFD86E6D49D71B1F09B82144A2C9827.d.8CF2D117E25DB612695F2E6BB683E102.e.3209","ELEMENT":"f.DEFD86E6D49D71B1F09B82144A2C9827.d.8CF2D117E25DB612695F2E6BB683E102.e.3209"}]}
COMMAND: GET /session/188695daba6f4123f2015bbe49059169/element/f.DEFD86E6D49D71B1F09B82144A2C9827.d.8CF2D117E25DB612695F2E6BB683E102.e.3209/enabled - {}
COMMAND: GET /session/188695daba6f4123f2015bbe49059169/screenshot - {}
RESULT: {}
COMMAND: POST /session/188695daba6f4123f2015bbe49059169/execute/sync - {"script":"<script> [8489 bytes]","args":[{"element-6066-11e4-a52e-4f735466cecf":"f.DEFD86E6D49D71B1F09B82144A2C9827.d.8CF2D117E25DB612695F2E6BB683E102.e.3209","ELEMENT":"f.DEFD86E6D49D71B1F09B82144A2C9827.d.8CF2D117E25DB612695F2E6BB683E102.e.3209"}]}
COMMAND: GET /session/188695daba6f4123f2015bbe49059169/screenshot - {}
RESULT: {}
RESULT: {"script":"<script> [8489 bytes]","args":[{"element-6066-11e4-a52e-4f735466cecf":"f.DEFD86E6D49D71B1F09B82144A2C9827.d.8CF2D117E25DB612695F2E6BB683E102.e.3209","ELEMENT":"f.DEFD86E6D49D71B1F09B82144A2C9827.d.8CF2D117E25DB612695F2E6BB683E102.e.3209"}]}
COMMAND: POST /session/188695daba6f4123f2015bbe49059169/execute/sync - {"script":"<script> [5351 bytes]","args":[{"element-6066-11e4-a52e-4f735466cecf":"f.DEFD86E6D49D71B1F09B82144A2C9827.d.8CF2D117E25DB612695F2E6BB683E102.e.3209","ELEMENT":"f.DEFD86E6D49D71B1F09B82144A2C9827.d.8CF2D117E25DB612695F2E6BB683E102.e.3209"}]}
COMMAND: GET /session/188695daba6f4123f2015bbe49059169/screenshot - {}
RESULT: {}
RESULT: {"script":"<script> [5351 bytes]","args":[{"element-6066-11e4-a52e-4f735466cecf":"f.DEFD86E6D49D71B1F09B82144A2C9827.d.8CF2D117E25DB612695F2E6BB683E102.e.3209","ELEMENT":"f.DEFD86E6D49D71B1F09B82144A2C9827.d.8CF2D117E25DB612695F2E6BB683E102.e.3209"}]}
COMMAND: POST /session/188695daba6f4123f2015bbe49059169/element/f.DEFD86E6D49D71B1F09B82144A2C9827.d.8CF2D117E25DB612695F2E6BB683E102.e.3209/click - {}
COMMAND: GET /session/188695daba6f4123f2015bbe49059169/screenshot - {}
RESULT: {}
RESULT: {}
COMMAND: GET /session/188695daba6f4123f2015bbe49059169/screenshot - {}
COMMAND: POST /session/188695daba6f4123f2015bbe49059169/execute/async - {"script":"<script> [1562 bytes]","args":[{"selector":{"id":"application-managepartners-display-component---NewPartner--addressDetailDetailsName1","interaction":{"idSuffix":"inner"}},"wdio_ui5_key":"applicationmanagepartners-display-component---NewPartner--addressDetailDetailsName1"}]}
RESULT: {}
RESULT: {}
RESULT: {"script":"<script> [1562 bytes]","args":[{"selector":{"id":"application-managepartners-display-component---NewPartner--addressDetailDetailsName1","interaction":{"idSuffix":"inner"}},"wdio_ui5_key":"applicationmanagepartners-display-component---NewPartner--addressDetailDetailsName1"}]}
RESULT: undefined
COMMAND: POST /session/188695daba6f4123f2015bbe49059169/execute/async - {"script":"<script> [776 bytes]","args":[{"enterText":"Intercompany Partner WDIO","selector":{"id":"application-managepartners-display-component---NewPartner--addressDetailDetailsName1","interaction":{"idSuffix":"inner"}},"clearTextFirst":true,"interactionType":"ENTER_TEXT"}]}
RESULT: {"script":"<script> [776 bytes]","args":[{"enterText":"Intercompany Partner WDIO","selector":{"id":"application-managepartners-display-component---NewPartner--addressDetailDetailsName1","interaction":{"idSuffix":"inner"}},"clearTextFirst":true,"interactionType":"ENTER_TEXT"}]}
COMMAND: POST /session/188695daba6f4123f2015bbe49059169/execute/async - {"script":"<script> [1562 bytes]","args":[{"selector":{"id":"application-managepartners-display-component---NewPartner--addressDetailDetailsLanguage-arrow"},"wdio_ui5_key":"applicationmanagepartners-display-component---NewPartner--addressDetailDetailsLanguage-arrow"}]}
RESULT: {"script":"<script> [1562 bytes]","args":[{"selector":{"id":"application-managepartners-display-component---NewPartner--addressDetailDetailsLanguage-arrow"},"wdio_ui5_key":"applicationmanagepartners-display-component---NewPartner--addressDetailDetailsLanguage-arrow"}]}
RESULT: undefined
COMMAND: POST /session/188695daba6f4123f2015bbe49059169/element - {"using":"xpath","value":"//*[@id=\"application-managepartners-display-component---NewPartner--addressDetailDetailsLanguage-arrow\"]"}
RESULT: {"using":"xpath","value":"//*[@id=\"application-managepartners-display-component---NewPartner--addressDetailDetailsLanguage-arrow\"]"}
COMMAND: POST /session/188695daba6f4123f2015bbe49059169/element/f.DEFD86E6D49D71B1F09B82144A2C9827.d.8CF2D117E25DB612695F2E6BB683E102.e.3669/click - {}
RESULT: {}
COMMAND: POST /session/188695daba6f4123f2015bbe49059169/element - {"using":"xpath","value":"//span[contains(text(), \"English\")]"}
COMMAND: GET /session/188695daba6f4123f2015bbe49059169/screenshot - {}
RESULT: {"using":"xpath","value":"//span[contains(text(), \"English\")]"}
COMMAND: POST /session/188695daba6f4123f2015bbe49059169/element/f.DEFD86E6D49D71B1F09B82144A2C9827.d.8CF2D117E25DB612695F2E6BB683E102.e.3670/click - {}
RESULT: {}
RESULT: {}
COMMAND: GET /session/188695daba6f4123f2015bbe49059169/screenshot - {}
RESULT: {}
COMMAND: POST /session/188695daba6f4123f2015bbe49059169/execute/async - {"script":"<script> [1562 bytes]","args":[{"selector":{"id":"application-managepartners-display-component---NewPartner--addressDetailDetailsCity1","interaction":{"idSuffix":"inner"}},"wdio_ui5_key":"applicationmanagepartners-display-component---NewPartner--addressDetailDetailsCity1"}]}
RESULT: {"script":"<script> [1562 bytes]","args":[{"selector":{"id":"application-managepartners-display-component---NewPartner--addressDetailDetailsCity1","interaction":{"idSuffix":"inner"}},"wdio_ui5_key":"applicationmanagepartners-display-component---NewPartner--addressDetailDetailsCity1"}]}
RESULT: undefined
COMMAND: POST /session/188695daba6f4123f2015bbe49059169/execute/async - {"script":"<script> [776 bytes]","args":[{"enterText":"Rosario","selector":{"id":"application-managepartners-display-component---NewPartner--addressDetailDetailsCity1","interaction":{"idSuffix":"inner"}},"clearTextFirst":true,"interactionType":"ENTER_TEXT"}]}
RESULT: {"script":"<script> [776 bytes]","args":[{"enterText":"Rosario","selector":{"id":"application-managepartners-display-component---NewPartner--addressDetailDetailsCity1","interaction":{"idSuffix":"inner"}},"clearTextFirst":true,"interactionType":"ENTER_TEXT"}]}
COMMAND: POST /session/188695daba6f4123f2015bbe49059169/execute/async - {"script":"<script> [1562 bytes]","args":[{"selector":{"id":"application-managepartners-display-component---NewPartner--addressDetailDetailsCountry-arrow"},"wdio_ui5_key":"applicationmanagepartners-display-component---NewPartner--addressDetailDetailsCountry-arrow"}]}
RESULT: {"script":"<script> [1562 bytes]","args":[{"selector":{"id":"application-managepartners-display-component---NewPartner--addressDetailDetailsCountry-arrow"},"wdio_ui5_key":"applicationmanagepartners-display-component---NewPartner--addressDetailDetailsCountry-arrow"}]}
RESULT: undefined
COMMAND: POST /session/188695daba6f4123f2015bbe49059169/element - {"using":"xpath","value":"//*[@id=\"application-managepartners-display-component---NewPartner--addressDetailDetailsCountry-arrow\"]"}
RESULT: {"using":"xpath","value":"//*[@id=\"application-managepartners-display-component---NewPartner--addressDetailDetailsCountry-arrow\"]"}
COMMAND: POST /session/188695daba6f4123f2015bbe49059169/element/f.DEFD86E6D49D71B1F09B82144A2C9827.d.8CF2D117E25DB612695F2E6BB683E102.e.3637/click - {}
RESULT: {}
COMMAND: POST /session/188695daba6f4123f2015bbe49059169/element - {"using":"xpath","value":"//span[contains(text(), \"Argentina\")]"}
COMMAND: GET /session/188695daba6f4123f2015bbe49059169/screenshot - {}
RESULT: {"using":"xpath","value":"//span[contains(text(), \"Argentina\")]"}
COMMAND: POST /session/188695daba6f4123f2015bbe49059169/element/f.DEFD86E6D49D71B1F09B82144A2C9827.d.8CF2D117E25DB612695F2E6BB683E102.e.3672/click - {}
RESULT: {}
RESULT: {}
COMMAND: GET /session/188695daba6f4123f2015bbe49059169/screenshot - {}
RESULT: {}
COMMAND: POST /session/188695daba6f4123f2015bbe49059169/element - {"using":"xpath","value":"//bdi[contains(text(), \"Commercial\")]"}
RESULT: {"using":"xpath","value":"//bdi[contains(text(), \"Commercial\")]"}
COMMAND: POST /session/188695daba6f4123f2015bbe49059169/element/f.DEFD86E6D49D71B1F09B82144A2C9827.d.8CF2D117E25DB612695F2E6BB683E102.e.3673/click - {}
RESULT: {}
COMMAND: GET /session/188695daba6f4123f2015bbe49059169/screenshot - {}
RESULT: {}
COMMAND: POST /session/188695daba6f4123f2015bbe49059169/execute/async - {"script":"<script> [1562 bytes]","args":[{"selector":{"id":"application-managepartners-display-component---NewPartner--partnerDetailInternal-arrow"},"wdio_ui5_key":"applicationmanagepartners-display-component---NewPartner--partnerDetailInternal-arrow"}]}
RESULT: {"script":"<script> [1562 bytes]","args":[{"selector":{"id":"application-managepartners-display-component---NewPartner--partnerDetailInternal-arrow"},"wdio_ui5_key":"applicationmanagepartners-display-component---NewPartner--partnerDetailInternal-arrow"}]}
RESULT: undefined
COMMAND: POST /session/188695daba6f4123f2015bbe49059169/element - {"using":"xpath","value":"//*[@id=\"application-managepartners-display-component---NewPartner--partnerDetailInternal-arrow\"]"}
RESULT: {"using":"xpath","value":"//*[@id=\"application-managepartners-display-component---NewPartner--partnerDetailInternal-arrow\"]"}
COMMAND: POST /session/188695daba6f4123f2015bbe49059169/element/f.DEFD86E6D49D71B1F09B82144A2C9827.d.8CF2D117E25DB612695F2E6BB683E102.e.3679/click - {}
RESULT: {}
COMMAND: POST /session/188695daba6f4123f2015bbe49059169/element - {"using":"xpath","value":"//span[contains(text(), \"Affiliated company\")]"}
COMMAND: GET /session/188695daba6f4123f2015bbe49059169/screenshot - {}
RESULT: {"using":"xpath","value":"//span[contains(text(), \"Affiliated company\")]"}
COMMAND: POST /session/188695daba6f4123f2015bbe49059169/element/f.DEFD86E6D49D71B1F09B82144A2C9827.d.8CF2D117E25DB612695F2E6BB683E102.e.3680/click - {}
RESULT: {}
RESULT: {}
COMMAND: POST /session/188695daba6f4123f2015bbe49059169/execute/async - {"script":"<script> [1562 bytes]","args":[{"selector":{"id":"application-managepartners-display-component---NewPartner--partnerDetailsCurrency-arrow"},"wdio_ui5_key":"applicationmanagepartners-display-component---NewPartner--partnerDetailsCurrency-arrow"}]}
COMMAND: GET /session/188695daba6f4123f2015bbe49059169/screenshot - {}
RESULT: {"script":"<script> [1562 bytes]","args":[{"selector":{"id":"application-managepartners-display-component---NewPartner--partnerDetailsCurrency-arrow"},"wdio_ui5_key":"applicationmanagepartners-display-component---NewPartner--partnerDetailsCurrency-arrow"}]}
RESULT: undefined
COMMAND: POST /session/188695daba6f4123f2015bbe49059169/element - {"using":"xpath","value":"//*[@id=\"application-managepartners-display-component---NewPartner--partnerDetailsCurrency-arrow\"]"}
RESULT: {}
RESULT: {"using":"xpath","value":"//*[@id=\"application-managepartners-display-component---NewPartner--partnerDetailsCurrency-arrow\"]"}
COMMAND: POST /session/188695daba6f4123f2015bbe49059169/element/f.DEFD86E6D49D71B1F09B82144A2C9827.d.8CF2D117E25DB612695F2E6BB683E102.e.3687/click - {}
RESULT: {}
COMMAND: POST /session/188695daba6f4123f2015bbe49059169/element - {"using":"xpath","value":"//span[contains(text(), \"Euro\")]"}
COMMAND: GET /session/188695daba6f4123f2015bbe49059169/screenshot - {}
RESULT: {"using":"xpath","value":"//span[contains(text(), \"Euro\")]"}
COMMAND: POST /session/188695daba6f4123f2015bbe49059169/element/f.DEFD86E6D49D71B1F09B82144A2C9827.d.8CF2D117E25DB612695F2E6BB683E102.e.3688/click - {}
RESULT: {}
RESULT: {}
COMMAND: POST /session/188695daba6f4123f2015bbe49059169/execute/async - {"script":"<script> [1562 bytes]","args":[{"selector":{"id":"application-managepartners-display-component---NewPartner--addressEditDetailsCostObjectCstType-arrow"},"wdio_ui5_key":"applicationmanagepartners-display-component---NewPartner--addressEditDetailsCostObjectCstType-arrow"}]}
COMMAND: GET /session/188695daba6f4123f2015bbe49059169/screenshot - {}
RESULT: {"script":"<script> [1562 bytes]","args":[{"selector":{"id":"application-managepartners-display-component---NewPartner--addressEditDetailsCostObjectCstType-arrow"},"wdio_ui5_key":"applicationmanagepartners-display-component---NewPartner--addressEditDetailsCostObjectCstType-arrow"}]}
RESULT: undefined
COMMAND: POST /session/188695daba6f4123f2015bbe49059169/element - {"using":"xpath","value":"//*[@id=\"application-managepartners-display-component---NewPartner--addressEditDetailsCostObjectCstType-arrow\"]"}
RESULT: {}
RESULT: {"using":"xpath","value":"//*[@id=\"application-managepartners-display-component---NewPartner--addressEditDetailsCostObjectCstType-arrow\"]"}
COMMAND: POST /session/188695daba6f4123f2015bbe49059169/element/f.DEFD86E6D49D71B1F09B82144A2C9827.d.8CF2D117E25DB612695F2E6BB683E102.e.3689/click - {}
RESULT: {}
COMMAND: POST /session/188695daba6f4123f2015bbe49059169/element - {"using":"xpath","value":"//span[contains(text(), \"Cost Center\")]"}
COMMAND: GET /session/188695daba6f4123f2015bbe49059169/screenshot - {}
RESULT: {"using":"xpath","value":"//span[contains(text(), \"Cost Center\")]"}
COMMAND: POST /session/188695daba6f4123f2015bbe49059169/element/f.DEFD86E6D49D71B1F09B82144A2C9827.d.8CF2D117E25DB612695F2E6BB683E102.e.3690/click - {}
RESULT: {}
RESULT: {}
COMMAND: GET /session/188695daba6f4123f2015bbe49059169/screenshot - {}
RESULT: {}
COMMAND: POST /session/188695daba6f4123f2015bbe49059169/element - {"using":"xpath","value":"//span[@id=\"application-managepartners-display-component---NewPartner--addressNewCostObjectCstID-vhi\"]"}
RESULT: {"using":"xpath","value":"//span[@id=\"application-managepartners-display-component---NewPartner--addressNewCostObjectCstID-vhi\"]"}
COMMAND: POST /session/188695daba6f4123f2015bbe49059169/execute/sync - {"script":"<script> [8489 bytes]","args":[{"element-6066-11e4-a52e-4f735466cecf":"f.DEFD86E6D49D71B1F09B82144A2C9827.d.8CF2D117E25DB612695F2E6BB683E102.e.3694","ELEMENT":"f.DEFD86E6D49D71B1F09B82144A2C9827.d.8CF2D117E25DB612695F2E6BB683E102.e.3694"}]}
RESULT: {"script":"<script> [8489 bytes]","args":[{"element-6066-11e4-a52e-4f735466cecf":"f.DEFD86E6D49D71B1F09B82144A2C9827.d.8CF2D117E25DB612695F2E6BB683E102.e.3694","ELEMENT":"f.DEFD86E6D49D71B1F09B82144A2C9827.d.8CF2D117E25DB612695F2E6BB683E102.e.3694"}]}
COMMAND: POST /session/188695daba6f4123f2015bbe49059169/execute/async - {"script":"<script> [1562 bytes]","args":[{"selector":{"id":"application-managepartners-display-component---NewPartner--addressNewCostObjectCstID-vhi"},"wdio_ui5_key":"applicationmanagepartners-display-component---NewPartner--addressNewCostObjectCstID-vhi"}]}
COMMAND: GET /session/188695daba6f4123f2015bbe49059169/screenshot - {}
RESULT: {"script":"<script> [1562 bytes]","args":[{"selector":{"id":"application-managepartners-display-component---NewPartner--addressNewCostObjectCstID-vhi"},"wdio_ui5_key":"applicationmanagepartners-display-component---NewPartner--addressNewCostObjectCstID-vhi"}]}
RESULT: undefined
COMMAND: POST /session/188695daba6f4123f2015bbe49059169/element - {"using":"xpath","value":"//*[@id=\"application-managepartners-display-component---NewPartner--addressNewCostObjectCstID-vhi\"]"}
RESULT: {}
RESULT: {"using":"xpath","value":"//*[@id=\"application-managepartners-display-component---NewPartner--addressNewCostObjectCstID-vhi\"]"}
COMMAND: POST /session/188695daba6f4123f2015bbe49059169/element/f.DEFD86E6D49D71B1F09B82144A2C9827.d.8CF2D117E25DB612695F2E6BB683E102.e.3694/click - {}
RESULT: {}
COMMAND: GET /session/188695daba6f4123f2015bbe49059169/screenshot - {}
RESULT: {}
COMMAND: POST /session/188695daba6f4123f2015bbe49059169/execute/async - {"script":"<script> [1562 bytes]","args":[{"selector":{"controlType":"sap.m.SearchField","properties":{"placeholder":"Search"},"searchOpenDialogs":true,"interaction":{"idSuffix":"I"}},"wdio_ui5_key":"sapm.SearchField{\"placeholder\":\"Search\"}"}]}
RESULT: {"script":"<script> [1562 bytes]","args":[{"selector":{"controlType":"sap.m.SearchField","properties":{"placeholder":"Search"},"searchOpenDialogs":true,"interaction":{"idSuffix":"I"}},"wdio_ui5_key":"sapm.SearchField{\"placeholder\":\"Search\"}"}]}
RESULT: undefined
COMMAND: POST /session/188695daba6f4123f2015bbe49059169/execute/async - {"script":"<script> [776 bytes]","args":[{"enterText":"10001013","selector":{"controlType":"sap.m.SearchField","properties":{"placeholder":"Search"},"searchOpenDialogs":true,"interaction":{"idSuffix":"I"}},"clearTextFirst":true,"interactionType":"ENTER_TEXT"}]}
RESULT: {"script":"<script> [776 bytes]","args":[{"enterText":"10001013","selector":{"controlType":"sap.m.SearchField","properties":{"placeholder":"Search"},"searchOpenDialogs":true,"interaction":{"idSuffix":"I"}},"clearTextFirst":true,"interactionType":"ENTER_TEXT"}]}
COMMAND: POST /session/188695daba6f4123f2015bbe49059169/actions - {"actions":[{"id":"action7","type":"key","parameters":{},"actions":[{"type":"keyDown","value":"î€‡"},{"type":"pause","duration":10},{"type":"keyUp","value":"î€‡"}]}]}
RESULT: {"actions":[{"id":"action7","type":"key","parameters":{},"actions":[{"type":"keyDown","value":"î€‡"},{"type":"pause","duration":10},{"type":"keyUp","value":"î€‡"}]}]}
COMMAND: GET /session/188695daba6f4123f2015bbe49059169/screenshot - {}
RESULT: {}
COMMAND: POST /session/188695daba6f4123f2015bbe49059169/element - {"using":"xpath","value":"//span[contains(text(), \"General Management\")]"}
RESULT: {"using":"xpath","value":"//span[contains(text(), \"General Management\")]"}
COMMAND: POST /session/188695daba6f4123f2015bbe49059169/element/f.DEFD86E6D49D71B1F09B82144A2C9827.d.8CF2D117E25DB612695F2E6BB683E102.e.3737/click - {}
RESULT: {}
COMMAND: GET /session/188695daba6f4123f2015bbe49059169/screenshot - {}
RESULT: {}
COMMAND: POST /session/188695daba6f4123f2015bbe49059169/element - {"using":"xpath","value":"//bdi[contains(text(), \"OK\")]"}
RESULT: {"using":"xpath","value":"//bdi[contains(text(), \"OK\")]"}
COMMAND: POST /session/188695daba6f4123f2015bbe49059169/element/f.DEFD86E6D49D71B1F09B82144A2C9827.d.8CF2D117E25DB612695F2E6BB683E102.e.3738/click - {}
RESULT: {}
COMMAND: GET /session/188695daba6f4123f2015bbe49059169/screenshot - {}
RESULT: {}
COMMAND: POST /session/188695daba6f4123f2015bbe49059169/element - {"using":"xpath","value":"//input[@id=\"application-managepartners-display-component---NewPartner--companyCodeComboBox-inner\"]"}
RESULT: {"using":"xpath","value":"//input[@id=\"application-managepartners-display-component---NewPartner--companyCodeComboBox-inner\"]"}
COMMAND: POST /session/188695daba6f4123f2015bbe49059169/element/f.DEFD86E6D49D71B1F09B82144A2C9827.d.8CF2D117E25DB612695F2E6BB683E102.e.3490/clear - {}
RESULT: {}
COMMAND: POST /session/188695daba6f4123f2015bbe49059169/element/f.DEFD86E6D49D71B1F09B82144A2C9827.d.8CF2D117E25DB612695F2E6BB683E102.e.3490/value - {"text":"C002"}
COMMAND: GET /session/188695daba6f4123f2015bbe49059169/screenshot - {}
RESULT: {"text":"C002"}
COMMAND: GET /session/188695daba6f4123f2015bbe49059169/screenshot - {}
RESULT: {}
RESULT: {}
COMMAND: POST /session/188695daba6f4123f2015bbe49059169/element - {"using":"xpath","value":"//li[.//span[text()= \"C002\"]]"}
RESULT: {"using":"xpath","value":"//li[.//span[text()= \"C002\"]]"}
COMMAND: POST /session/188695daba6f4123f2015bbe49059169/element/f.DEFD86E6D49D71B1F09B82144A2C9827.d.8CF2D117E25DB612695F2E6BB683E102.e.3744/click - {}
RESULT: {}
COMMAND: GET /session/188695daba6f4123f2015bbe49059169/screenshot - {}
RESULT: {}
COMMAND: POST /session/188695daba6f4123f2015bbe49059169/execute/async - {"script":"<script> [1562 bytes]","args":[{"selector":{"id":"application-managepartners-display-component---NewPartner--btnAddTableRow-img"},"wdio_ui5_key":"applicationmanagepartners-display-component---NewPartner--btnAddTableRow-img"}]}
RESULT: {"script":"<script> [1562 bytes]","args":[{"selector":{"id":"application-managepartners-display-component---NewPartner--btnAddTableRow-img"},"wdio_ui5_key":"applicationmanagepartners-display-component---NewPartner--btnAddTableRow-img"}]}
RESULT: undefined
COMMAND: POST /session/188695daba6f4123f2015bbe49059169/element - {"using":"xpath","value":"//*[@id=\"application-managepartners-display-component---NewPartner--btnAddTableRow-img\"]"}
RESULT: {"using":"xpath","value":"//*[@id=\"application-managepartners-display-component---NewPartner--btnAddTableRow-img\"]"}
COMMAND: POST /session/188695daba6f4123f2015bbe49059169/element/f.DEFD86E6D49D71B1F09B82144A2C9827.d.8CF2D117E25DB612695F2E6BB683E102.e.3745/click - {}
RESULT: {}
COMMAND: GET /session/188695daba6f4123f2015bbe49059169/screenshot - {}
RESULT: {}
COMMAND: POST /session/188695daba6f4123f2015bbe49059169/element - {"using":"xpath","value":"//input[@id=\"application-managepartners-display-component---NewPartner--assignmentYard-application-managepartners-display-component---NewPartner--assignmentsTable-0-inner\"]"}
RESULT: {"using":"xpath","value":"//input[@id=\"application-managepartners-display-component---NewPartner--assignmentYard-application-managepartners-display-component---NewPartner--assignmentsTable-0-inner\"]"}
COMMAND: POST /session/188695daba6f4123f2015bbe49059169/element/f.DEFD86E6D49D71B1F09B82144A2C9827.d.8CF2D117E25DB612695F2E6BB683E102.e.3748/clear - {}
RESULT: {}
COMMAND: POST /session/188695daba6f4123f2015bbe49059169/element/f.DEFD86E6D49D71B1F09B82144A2C9827.d.8CF2D117E25DB612695F2E6BB683E102.e.3748/value - {"text":"531"}
COMMAND: GET /session/188695daba6f4123f2015bbe49059169/screenshot - {}
RESULT: {"text":"531"}
COMMAND: GET /session/188695daba6f4123f2015bbe49059169/screenshot - {}
RESULT: {}
RESULT: {}
COMMAND: POST /session/188695daba6f4123f2015bbe49059169/element - {"using":"xpath","value":"//li[.//span[text()='531']]"}
RESULT: {"using":"xpath","value":"//li[.//span[text()='531']]"}
COMMAND: POST /session/188695daba6f4123f2015bbe49059169/element/f.DEFD86E6D49D71B1F09B82144A2C9827.d.8CF2D117E25DB612695F2E6BB683E102.e.3757/click - {}
RESULT: {}
COMMAND: GET /session/188695daba6f4123f2015bbe49059169/screenshot - {}
RESULT: {}
COMMAND: POST /session/188695daba6f4123f2015bbe49059169/actions - {"actions":[{"id":"action8","type":"key","parameters":{},"actions":[{"type":"keyDown","value":"î€‡"},{"type":"pause","duration":10},{"type":"keyUp","value":"î€‡"}]}]}
RESULT: {"actions":[{"id":"action8","type":"key","parameters":{},"actions":[{"type":"keyDown","value":"î€‡"},{"type":"pause","duration":10},{"type":"keyUp","value":"î€‡"}]}]}
COMMAND: POST /session/188695daba6f4123f2015bbe49059169/execute/async - {"script":"<script> [1562 bytes]","args":[{"selector":{"id":"application-managepartners-display-component---NewPartner--externalCustomerComboBox-application-managepartners-display-component---NewPartner--assignmentsTable-0-vhi"},"wdio_ui5_key":"applicationmanagepartners-display-component---NewPartner--externalCustomerComboBox-application-managepartners-display-component---NewPartner--assignmentsTable-0-vhi"}]}
COMMAND: GET /session/188695daba6f4123f2015bbe49059169/screenshot - {}
RESULT: {"script":"<script> [1562 bytes]","args":[{"selector":{"id":"application-managepartners-display-component---NewPartner--externalCustomerComboBox-application-managepartners-display-component---NewPartner--assignmentsTable-0-vhi"},"wdio_ui5_key":"applicationmanagepartners-display-component---NewPartner--externalCustomerComboBox-application-managepartners-display-component---NewPartner--assignmentsTable-0-vhi"}]}
RESULT: undefined
COMMAND: POST /session/188695daba6f4123f2015bbe49059169/element - {"using":"xpath","value":"//*[@id=\"application-managepartners-display-component---NewPartner--externalCustomerComboBox-application-managepartners-display-component---NewPartner--assignmentsTable-0-vhi\"]"}
RESULT: {}
RESULT: {"using":"xpath","value":"//*[@id=\"application-managepartners-display-component---NewPartner--externalCustomerComboBox-application-managepartners-display-component---NewPartner--assignmentsTable-0-vhi\"]"}
COMMAND: POST /session/188695daba6f4123f2015bbe49059169/element/f.DEFD86E6D49D71B1F09B82144A2C9827.d.8CF2D117E25DB612695F2E6BB683E102.e.3761/click - {}
RESULT: {}
RESULT: undefined
COMMAND: POST /session/188695daba6f4123f2015bbe49059169/execute/async - {"script":"<script> [776 bytes]","args":[{"enterText":"300003","selector":{"controlType":"sap.m.SearchField","properties":{"placeholder":"Search"},"searchOpenDialogs":true,"interaction":{"idSuffix":"I"}},"clearTextFirst":true,"interactionType":"ENTER_TEXT"}]}
COMMAND: GET /session/188695daba6f4123f2015bbe49059169/screenshot - {}
RESULT: {"script":"<script> [776 bytes]","args":[{"enterText":"300003","selector":{"controlType":"sap.m.SearchField","properties":{"placeholder":"Search"},"searchOpenDialogs":true,"interaction":{"idSuffix":"I"}},"clearTextFirst":true,"interactionType":"ENTER_TEXT"}]}
COMMAND: POST /session/188695daba6f4123f2015bbe49059169/actions - {"actions":[{"id":"action9","type":"key","parameters":{},"actions":[{"type":"keyDown","value":"î€‡"},{"type":"pause","duration":10},{"type":"keyUp","value":"î€‡"}]}]}
RESULT: {}
RESULT: {"actions":[{"id":"action9","type":"key","parameters":{},"actions":[{"type":"keyDown","value":"î€‡"},{"type":"pause","duration":10},{"type":"keyUp","value":"î€‡"}]}]}
COMMAND: GET /session/188695daba6f4123f2015bbe49059169/screenshot - {}
RESULT: {}
COMMAND: POST /session/188695daba6f4123f2015bbe49059169/element - {"using":"xpath","value":"//span[contains(text(), \"300003\")]"}
RESULT: {"using":"xpath","value":"//span[contains(text(), \"300003\")]"}
COMMAND: POST /session/188695daba6f4123f2015bbe49059169/element/f.DEFD86E6D49D71B1F09B82144A2C9827.d.8CF2D117E25DB612695F2E6BB683E102.e.3780/click - {}
RESULT: {}
COMMAND: GET /session/188695daba6f4123f2015bbe49059169/screenshot - {}
RESULT: {}
COMMAND: POST /session/188695daba6f4123f2015bbe49059169/element - {"using":"xpath","value":"//bdi[contains(text(), \"OK\")]"}
RESULT: {"using":"xpath","value":"//bdi[contains(text(), \"OK\")]"}
COMMAND: POST /session/188695daba6f4123f2015bbe49059169/element/f.DEFD86E6D49D71B1F09B82144A2C9827.d.8CF2D117E25DB612695F2E6BB683E102.e.3782/click - {}
RESULT: {}
COMMAND: GET /session/188695daba6f4123f2015bbe49059169/screenshot - {}
COMMAND: POST /session/188695daba6f4123f2015bbe49059169/execute/async - {"script":"<script> [1562 bytes]","args":[{"selector":{"id":"application-managepartners-display-component---NewPartner--intercompVendorComboBox-application-managepartners-display-component---NewPartner--assignmentsTable-0-vhi"},"wdio_ui5_key":"applicationmanagepartners-display-component---NewPartner--intercompVendorComboBox-application-managepartners-display-component---NewPartner--assignmentsTable-0-vhi"}]}
RESULT: {}
RESULT: {"script":"<script> [1562 bytes]","args":[{"selector":{"id":"application-managepartners-display-component---NewPartner--intercompVendorComboBox-application-managepartners-display-component---NewPartner--assignmentsTable-0-vhi"},"wdio_ui5_key":"applicationmanagepartners-display-component---NewPartner--intercompVendorComboBox-application-managepartners-display-component---NewPartner--assignmentsTable-0-vhi"}]}
RESULT: undefined
COMMAND: POST /session/188695daba6f4123f2015bbe49059169/element - {"using":"xpath","value":"//*[@id=\"application-managepartners-display-component---NewPartner--intercompVendorComboBox-application-managepartners-display-component---NewPartner--assignmentsTable-0-vhi\"]"}
RESULT: {"using":"xpath","value":"//*[@id=\"application-managepartners-display-component---NewPartner--intercompVendorComboBox-application-managepartners-display-component---NewPartner--assignmentsTable-0-vhi\"]"}
COMMAND: POST /session/188695daba6f4123f2015bbe49059169/element/f.DEFD86E6D49D71B1F09B82144A2C9827.d.8CF2D117E25DB612695F2E6BB683E102.e.3786/click - {}
RESULT: {}
RESULT: undefined
COMMAND: POST /session/188695daba6f4123f2015bbe49059169/execute/async - {"script":"<script> [776 bytes]","args":[{"enterText":"100005","selector":{"controlType":"sap.m.SearchField","properties":{"placeholder":"Search"},"searchOpenDialogs":true,"interaction":{"idSuffix":"I"}},"clearTextFirst":true,"interactionType":"ENTER_TEXT"}]}
COMMAND: GET /session/188695daba6f4123f2015bbe49059169/screenshot - {}
RESULT: {"script":"<script> [776 bytes]","args":[{"enterText":"100005","selector":{"controlType":"sap.m.SearchField","properties":{"placeholder":"Search"},"searchOpenDialogs":true,"interaction":{"idSuffix":"I"}},"clearTextFirst":true,"interactionType":"ENTER_TEXT"}]}
COMMAND: POST /session/188695daba6f4123f2015bbe49059169/actions - {"actions":[{"id":"action10","type":"key","parameters":{},"actions":[{"type":"keyDown","value":"î€‡"},{"type":"pause","duration":10},{"type":"keyUp","value":"î€‡"}]}]}
RESULT: {}
RESULT: {"actions":[{"id":"action10","type":"key","parameters":{},"actions":[{"type":"keyDown","value":"î€‡"},{"type":"pause","duration":10},{"type":"keyUp","value":"î€‡"}]}]}
COMMAND: GET /session/188695daba6f4123f2015bbe49059169/screenshot - {}
RESULT: {}
COMMAND: POST /session/188695daba6f4123f2015bbe49059169/element - {"using":"xpath","value":"//span[contains(text(), \"Penguins - Field/12345 Berlin\")]"}
RESULT: {"using":"xpath","value":"//span[contains(text(), \"Penguins - Field/12345 Berlin\")]"}
COMMAND: POST /session/188695daba6f4123f2015bbe49059169/element/f.DEFD86E6D49D71B1F09B82144A2C9827.d.8CF2D117E25DB612695F2E6BB683E102.e.3804/click - {}
RESULT: {}
COMMAND: GET /session/188695daba6f4123f2015bbe49059169/screenshot - {}
RESULT: {}
COMMAND: POST /session/188695daba6f4123f2015bbe49059169/element - {"using":"xpath","value":"//bdi[contains(text(), \"OK\")]"}
RESULT: {"using":"xpath","value":"//bdi[contains(text(), \"OK\")]"}
COMMAND: POST /session/188695daba6f4123f2015bbe49059169/element/f.DEFD86E6D49D71B1F09B82144A2C9827.d.8CF2D117E25DB612695F2E6BB683E102.e.3805/click - {}
RESULT: {}
COMMAND: GET /session/188695daba6f4123f2015bbe49059169/screenshot - {}
RESULT: {}
COMMAND: POST /session/188695daba6f4123f2015bbe49059169/element - {"using":"xpath","value":"//button[@data-kt=\"saveButton\"]"}
RESULT: {"using":"xpath","value":"//button[@data-kt=\"saveButton\"]"}
COMMAND: POST /session/188695daba6f4123f2015bbe49059169/element/f.DEFD86E6D49D71B1F09B82144A2C9827.d.8CF2D117E25DB612695F2E6BB683E102.e.3572/click - {}
RESULT: {}
COMMAND: GET /session/188695daba6f4123f2015bbe49059169/screenshot - {}
RESULT: {}
COMMAND: POST /session/188695daba6f4123f2015bbe49059169/element - {"using":"xpath","value":"//header[contains(@id, 'ObjectPageLayout-headerTitle')]/div[1]/div[2]/div[2]/span[1]"}
RESULT: {"using":"xpath","value":"//header[contains(@id, 'ObjectPageLayout-headerTitle')]/div[1]/div[2]/div[2]/span[1]"}
COMMAND: POST /session/188695daba6f4123f2015bbe49059169/elements - {"using":"xpath","value":"//header[contains(@id, 'ObjectPageLayout-headerTitle')]/div[1]/div[2]/div[2]/span[1]"}
RESULT: {"using":"xpath","value":"//header[contains(@id, 'ObjectPageLayout-headerTitle')]/div[1]/div[2]/div[2]/span[1]"}
COMMAND: POST /session/188695daba6f4123f2015bbe49059169/execute/sync - {"script":"<script> [56 bytes]","args":[{"element-6066-11e4-a52e-4f735466cecf":"f.DEFD86E6D49D71B1F09B82144A2C9827.d.8CF2D117E25DB612695F2E6BB683E102.e.3972","ELEMENT":"f.DEFD86E6D49D71B1F09B82144A2C9827.d.8CF2D117E25DB612695F2E6BB683E102.e.3972"}]}
RESULT: {"script":"<script> [56 bytes]","args":[{"element-6066-11e4-a52e-4f735466cecf":"f.DEFD86E6D49D71B1F09B82144A2C9827.d.8CF2D117E25DB612695F2E6BB683E102.e.3972","ELEMENT":"f.DEFD86E6D49D71B1F09B82144A2C9827.d.8CF2D117E25DB612695F2E6BB683E102.e.3972"}]}
COMMAND: POST /session/188695daba6f4123f2015bbe49059169/element - {"using":"css selector","value":"#shell-header-logo"}
COMMAND: GET /session/188695daba6f4123f2015bbe49059169/screenshot - {}
RESULT: {"using":"css selector","value":"#shell-header-logo"}
COMMAND: POST /session/188695daba6f4123f2015bbe49059169/element/f.DEFD86E6D49D71B1F09B82144A2C9827.d.8CF2D117E25DB612695F2E6BB683E102.e.3173/click - {}
RESULT: {}
RESULT: {}
COMMAND: GET /session/188695daba6f4123f2015bbe49059169/screenshot - {}
RESULT: {}
COMMAND: POST /session/188695daba6f4123f2015bbe49059169/execute/sync - {"script":"<script> [299 bytes]","args":[["getModel","getResource"]]}
RESULT: {"script":"<script> [299 bytes]","args":[["getModel","getResource"]]}
RESULT: undefined
COMMAND: POST /session/188695daba6f4123f2015bbe49059169/element - {"using":"xpath","value":"//*[@id=\"__tile30\"]"}
COMMAND: GET /session/188695daba6f4123f2015bbe49059169/screenshot - {}
RESULT: {"using":"xpath","value":"//*[@id=\"__tile30\"]"}
COMMAND: POST /session/188695daba6f4123f2015bbe49059169/element/f.DEFD86E6D49D71B1F09B82144A2C9827.d.8CF2D117E25DB612695F2E6BB683E102.e.3093/click - {}
RESULT: {}
RESULT: {}
COMMAND: GET /session/188695daba6f4123f2015bbe49059169/screenshot - {}
RESULT: {}
COMMAND: POST /session/188695daba6f4123f2015bbe49059169/elements - {"using":"xpath","value":"//span[text()='Error']"}
RESULT: {"using":"xpath","value":"//span[text()='Error']"}
COMMAND: POST /session/188695daba6f4123f2015bbe49059169/element - {"using":"xpath","value":"//button[@data-kt=\"addButton\"]"}
RESULT: {"using":"xpath","value":"//button[@data-kt=\"addButton\"]"}
COMMAND: POST /session/188695daba6f4123f2015bbe49059169/elements - {"using":"xpath","value":"//button[@data-kt=\"addButton\"]"}
RESULT: {"using":"xpath","value":"//button[@data-kt=\"addButton\"]"}
COMMAND: POST /session/188695daba6f4123f2015bbe49059169/execute/sync - {"script":"<script> [8489 bytes]","args":[{"element-6066-11e4-a52e-4f735466cecf":"f.DEFD86E6D49D71B1F09B82144A2C9827.d.8CF2D117E25DB612695F2E6BB683E102.e.4019","ELEMENT":"f.DEFD86E6D49D71B1F09B82144A2C9827.d.8CF2D117E25DB612695F2E6BB683E102.e.4019"}]}
RESULT: {"script":"<script> [8489 bytes]","args":[{"element-6066-11e4-a52e-4f735466cecf":"f.DEFD86E6D49D71B1F09B82144A2C9827.d.8CF2D117E25DB612695F2E6BB683E102.e.4019","ELEMENT":"f.DEFD86E6D49D71B1F09B82144A2C9827.d.8CF2D117E25DB612695F2E6BB683E102.e.4019"}]}
COMMAND: GET /session/188695daba6f4123f2015bbe49059169/element/f.DEFD86E6D49D71B1F09B82144A2C9827.d.8CF2D117E25DB612695F2E6BB683E102.e.4019/enabled - {}
COMMAND: GET /session/188695daba6f4123f2015bbe49059169/screenshot - {}
RESULT: {}
COMMAND: POST /session/188695daba6f4123f2015bbe49059169/execute/sync - {"script":"<script> [8489 bytes]","args":[{"element-6066-11e4-a52e-4f735466cecf":"f.DEFD86E6D49D71B1F09B82144A2C9827.d.8CF2D117E25DB612695F2E6BB683E102.e.4019","ELEMENT":"f.DEFD86E6D49D71B1F09B82144A2C9827.d.8CF2D117E25DB612695F2E6BB683E102.e.4019"}]}
COMMAND: GET /session/188695daba6f4123f2015bbe49059169/screenshot - {}
RESULT: {}
RESULT: {"script":"<script> [8489 bytes]","args":[{"element-6066-11e4-a52e-4f735466cecf":"f.DEFD86E6D49D71B1F09B82144A2C9827.d.8CF2D117E25DB612695F2E6BB683E102.e.4019","ELEMENT":"f.DEFD86E6D49D71B1F09B82144A2C9827.d.8CF2D117E25DB612695F2E6BB683E102.e.4019"}]}
COMMAND: POST /session/188695daba6f4123f2015bbe49059169/execute/sync - {"script":"<script> [5351 bytes]","args":[{"element-6066-11e4-a52e-4f735466cecf":"f.DEFD86E6D49D71B1F09B82144A2C9827.d.8CF2D117E25DB612695F2E6BB683E102.e.4019","ELEMENT":"f.DEFD86E6D49D71B1F09B82144A2C9827.d.8CF2D117E25DB612695F2E6BB683E102.e.4019"}]}
COMMAND: GET /session/188695daba6f4123f2015bbe49059169/screenshot - {}
RESULT: {}
RESULT: {"script":"<script> [5351 bytes]","args":[{"element-6066-11e4-a52e-4f735466cecf":"f.DEFD86E6D49D71B1F09B82144A2C9827.d.8CF2D117E25DB612695F2E6BB683E102.e.4019","ELEMENT":"f.DEFD86E6D49D71B1F09B82144A2C9827.d.8CF2D117E25DB612695F2E6BB683E102.e.4019"}]}
COMMAND: GET /session/188695daba6f4123f2015bbe49059169/screenshot - {}
RESULT: {}
RESULT: {}
COMMAND: POST /session/188695daba6f4123f2015bbe49059169/execute/async - {"script":"<script> [1562 bytes]","args":[{"selector":{"id":"application-managepartners-display-component---masterPtm--smartFilterBar-btnBasicSearch","interaction":{"idSuffix":"I"}},"wdio_ui5_key":"applicationmanagepartners-display-component---masterPtm--smartFilterBar-btnBasicSearch"}]}
RESULT: {"script":"<script> [1562 bytes]","args":[{"selector":{"id":"application-managepartners-display-component---masterPtm--smartFilterBar-btnBasicSearch","interaction":{"idSuffix":"I"}},"wdio_ui5_key":"applicationmanagepartners-display-component---masterPtm--smartFilterBar-btnBasicSearch"}]}
RESULT: undefined
COMMAND: POST /session/188695daba6f4123f2015bbe49059169/execute/async - {"script":"<script> [776 bytes]","args":[{"enterText":"1312","selector":{"id":"application-managepartners-display-component---masterPtm--smartFilterBar-btnBasicSearch","interaction":{"idSuffix":"I"}},"clearTextFirst":true,"interactionType":"ENTER_TEXT"}]}
RESULT: {"script":"<script> [776 bytes]","args":[{"enterText":"1312","selector":{"id":"application-managepartners-display-component---masterPtm--smartFilterBar-btnBasicSearch","interaction":{"idSuffix":"I"}},"clearTextFirst":true,"interactionType":"ENTER_TEXT"}]}
COMMAND: POST /session/188695daba6f4123f2015bbe49059169/actions - {"actions":[{"id":"action11","type":"key","parameters":{},"actions":[{"type":"keyDown","value":"î€‡"},{"type":"pause","duration":10},{"type":"keyUp","value":"î€‡"}]}]}
RESULT: {"actions":[{"id":"action11","type":"key","parameters":{},"actions":[{"type":"keyDown","value":"î€‡"},{"type":"pause","duration":10},{"type":"keyUp","value":"î€‡"}]}]}
COMMAND: GET /session/188695daba6f4123f2015bbe49059169/screenshot - {}
RESULT: {}
COMMAND: POST /session/188695daba6f4123f2015bbe49059169/elements - {"using":"xpath","value":"//table[contains(@id, \"customPartnersTable-listUl\")]/tbody/tr"}
RESULT: {"using":"xpath","value":"//table[contains(@id, \"customPartnersTable-listUl\")]/tbody/tr"}
COMMAND: POST /session/188695daba6f4123f2015bbe49059169/element - {"using":"xpath","value":"//table[contains(@id, \"customPartnersTable-listUl\")]/tbody/tr[1]/td[3]/span"}
RESULT: {"using":"xpath","value":"//table[contains(@id, \"customPartnersTable-listUl\")]/tbody/tr[1]/td[3]/span"}
COMMAND: POST /session/188695daba6f4123f2015bbe49059169/elements - {"using":"xpath","value":"//table[contains(@id, \"customPartnersTable-listUl\")]/tbody/tr[1]/td[3]/span"}
RESULT: {"using":"xpath","value":"//table[contains(@id, \"customPartnersTable-listUl\")]/tbody/tr[1]/td[3]/span"}
COMMAND: POST /session/188695daba6f4123f2015bbe49059169/execute/sync - {"script":"<script> [56 bytes]","args":[{"element-6066-11e4-a52e-4f735466cecf":"f.DEFD86E6D49D71B1F09B82144A2C9827.d.8CF2D117E25DB612695F2E6BB683E102.e.4155","ELEMENT":"f.DEFD86E6D49D71B1F09B82144A2C9827.d.8CF2D117E25DB612695F2E6BB683E102.e.4155"}]}
RESULT: {"script":"<script> [56 bytes]","args":[{"element-6066-11e4-a52e-4f735466cecf":"f.DEFD86E6D49D71B1F09B82144A2C9827.d.8CF2D117E25DB612695F2E6BB683E102.e.4155","ELEMENT":"f.DEFD86E6D49D71B1F09B82144A2C9827.d.8CF2D117E25DB612695F2E6BB683E102.e.4155"}]}
COMMAND: POST /session/188695daba6f4123f2015bbe49059169/element - {"using":"xpath","value":"(//span[contains(@id, \"imgNav\")])[1]"}
COMMAND: GET /session/188695daba6f4123f2015bbe49059169/screenshot - {}
RESULT: {"using":"xpath","value":"(//span[contains(@id, \"imgNav\")])[1]"}
COMMAND: POST /session/188695daba6f4123f2015bbe49059169/element/f.DEFD86E6D49D71B1F09B82144A2C9827.d.8CF2D117E25DB612695F2E6BB683E102.e.4153/click - {}
RESULT: {}
RESULT: {}
COMMAND: GET /session/188695daba6f4123f2015bbe49059169/screenshot - {}
RESULT: {}
COMMAND: POST /session/188695daba6f4123f2015bbe49059169/element - {"using":"xpath","value":"//bdi[contains(text(), \"Edit\")]"}
RESULT: {"using":"xpath","value":"//bdi[contains(text(), \"Edit\")]"}
COMMAND: POST /session/188695daba6f4123f2015bbe49059169/element/f.DEFD86E6D49D71B1F09B82144A2C9827.d.8CF2D117E25DB612695F2E6BB683E102.e.4296/click - {}
RESULT: {}
COMMAND: GET /session/188695daba6f4123f2015bbe49059169/screenshot - {}
RESULT: {}
COMMAND: POST /session/188695daba6f4123f2015bbe49059169/execute/async - {"script":"<script> [1562 bytes]","args":[{"selector":{"controlType":"sap.m.Input","viewName":"etm.portal.ui.managepartners.view.EditDetail","labelFor":{"text":"Name"},"interaction":{"idSuffix":"inner"}},"wdio_ui5_key":"etmportal.ui.managepartners.view.EditDetailsap.m.Input{\"text\":\"Name\"}"}]}
RESULT: {"script":"<script> [1562 bytes]","args":[{"selector":{"controlType":"sap.m.Input","viewName":"etm.portal.ui.managepartners.view.EditDetail","labelFor":{"text":"Name"},"interaction":{"idSuffix":"inner"}},"wdio_ui5_key":"etmportal.ui.managepartners.view.EditDetailsap.m.Input{\"text\":\"Name\"}"}]}
RESULT: undefined
COMMAND: POST /session/188695daba6f4123f2015bbe49059169/execute/async - {"script":"<script> [776 bytes]","args":[{"enterText":"Intercompany EDIT","selector":{"controlType":"sap.m.Input","viewName":"etm.portal.ui.managepartners.view.EditDetail","labelFor":{"text":"Name"},"interaction":{"idSuffix":"inner"}},"clearTextFirst":true,"interactionType":"ENTER_TEXT"}]}
RESULT: {"script":"<script> [776 bytes]","args":[{"enterText":"Intercompany EDIT","selector":{"controlType":"sap.m.Input","viewName":"etm.portal.ui.managepartners.view.EditDetail","labelFor":{"text":"Name"},"interaction":{"idSuffix":"inner"}},"clearTextFirst":true,"interactionType":"ENTER_TEXT"}]}
COMMAND: POST /session/188695daba6f4123f2015bbe49059169/element - {"using":"xpath","value":"(//span[contains(@id,\"addressDetailDetailsLanguage-arrow\")])[1]"}
RESULT: {"using":"xpath","value":"(//span[contains(@id,\"addressDetailDetailsLanguage-arrow\")])[1]"}
COMMAND: POST /session/188695daba6f4123f2015bbe49059169/element/f.DEFD86E6D49D71B1F09B82144A2C9827.d.8CF2D117E25DB612695F2E6BB683E102.e.4378/click - {}
RESULT: {}
COMMAND: POST /session/188695daba6f4123f2015bbe49059169/element - {"using":"xpath","value":"//span[contains(text(), \"Chinese\")]"}
COMMAND: GET /session/188695daba6f4123f2015bbe49059169/screenshot - {}
RESULT: {"using":"xpath","value":"//span[contains(text(), \"Chinese\")]"}
COMMAND: POST /session/188695daba6f4123f2015bbe49059169/element/f.DEFD86E6D49D71B1F09B82144A2C9827.d.8CF2D117E25DB612695F2E6BB683E102.e.4379/click - {}
RESULT: {}
RESULT: {}
COMMAND: GET /session/188695daba6f4123f2015bbe49059169/screenshot - {}
RESULT: {}
COMMAND: POST /session/188695daba6f4123f2015bbe49059169/execute/async - {"script":"<script> [1562 bytes]","args":[{"selector":{"controlType":"sap.m.Input","viewName":"etm.portal.ui.managepartners.view.EditDetail","labelFor":{"text":"City"},"interaction":{"idSuffix":"inner"}},"wdio_ui5_key":"etmportal.ui.managepartners.view.EditDetailsap.m.Input{\"text\":\"City\"}"}]}
RESULT: {"script":"<script> [1562 bytes]","args":[{"selector":{"controlType":"sap.m.Input","viewName":"etm.portal.ui.managepartners.view.EditDetail","labelFor":{"text":"City"},"interaction":{"idSuffix":"inner"}},"wdio_ui5_key":"etmportal.ui.managepartners.view.EditDetailsap.m.Input{\"text\":\"City\"}"}]}
RESULT: undefined
COMMAND: POST /session/188695daba6f4123f2015bbe49059169/execute/async - {"script":"<script> [776 bytes]","args":[{"enterText":"Clooj-Napoca","selector":{"controlType":"sap.m.Input","viewName":"etm.portal.ui.managepartners.view.EditDetail","labelFor":{"text":"City"},"interaction":{"idSuffix":"inner"}},"clearTextFirst":true,"interactionType":"ENTER_TEXT"}]}
RESULT: {"script":"<script> [776 bytes]","args":[{"enterText":"Clooj-Napoca","selector":{"controlType":"sap.m.Input","viewName":"etm.portal.ui.managepartners.view.EditDetail","labelFor":{"text":"City"},"interaction":{"idSuffix":"inner"}},"clearTextFirst":true,"interactionType":"ENTER_TEXT"}]}
COMMAND: POST /session/188695daba6f4123f2015bbe49059169/element - {"using":"xpath","value":"//button[@data-kt=\"saveButton\"]"}
RESULT: {"using":"xpath","value":"//button[@data-kt=\"saveButton\"]"}
COMMAND: POST /session/188695daba6f4123f2015bbe49059169/element/f.DEFD86E6D49D71B1F09B82144A2C9827.d.8CF2D117E25DB612695F2E6BB683E102.e.4355/click - {}
RESULT: {}
COMMAND: GET /session/188695daba6f4123f2015bbe49059169/screenshot - {}
RESULT: {}
COMMAND: POST /session/188695daba6f4123f2015bbe49059169/execute/async - {"script":"<script> [1562 bytes]","args":[{"selector":{"id":"application-managepartners-display-component---detailPtm--addressDetailDetailsName1"},"wdio_ui5_key":"applicationmanagepartners-display-component---detailPtm--addressDetailDetailsName1"}]}
RESULT: {"script":"<script> [1562 bytes]","args":[{"selector":{"id":"application-managepartners-display-component---detailPtm--addressDetailDetailsName1"},"wdio_ui5_key":"applicationmanagepartners-display-component---detailPtm--addressDetailDetailsName1"}]}
RESULT: undefined
COMMAND: POST /session/188695daba6f4123f2015bbe49059169/execute/async - {"script":"<script> [6424 bytes]","args":[{"element-6066-11e4-a52e-4f735466cecf":"f.DEFD86E6D49D71B1F09B82144A2C9827.d.8CF2D117E25DB612695F2E6BB683E102.e.4410"},"getValue",[]]}
RESULT: {"script":"<script> [6424 bytes]","args":[{"element-6066-11e4-a52e-4f735466cecf":"f.DEFD86E6D49D71B1F09B82144A2C9827.d.8CF2D117E25DB612695F2E6BB683E102.e.4410"},"getValue",[]]}
COMMAND: POST /session/188695daba6f4123f2015bbe49059169/element - {"using":"xpath","value":"//input[@id = \"application-managepartners-display-component---detailPtm--addressDetailDetailsLanguage-inner\"]"}
RESULT: {"using":"xpath","value":"//input[@id = \"application-managepartners-display-component---detailPtm--addressDetailDetailsLanguage-inner\"]"}
COMMAND: GET /session/188695daba6f4123f2015bbe49059169/element/f.DEFD86E6D49D71B1F09B82144A2C9827.d.8CF2D117E25DB612695F2E6BB683E102.e.4411/property/value - {}
RESULT: {}
COMMAND: POST /session/188695daba6f4123f2015bbe49059169/execute/async - {"script":"<script> [1562 bytes]","args":[{"selector":{"id":"application-managepartners-display-component---detailPtm--addressDetailDetailsCity1"},"wdio_ui5_key":"applicationmanagepartners-display-component---detailPtm--addressDetailDetailsCity1"}]}
COMMAND: GET /session/188695daba6f4123f2015bbe49059169/screenshot - {}
RESULT: {"script":"<script> [1562 bytes]","args":[{"selector":{"id":"application-managepartners-display-component---detailPtm--addressDetailDetailsCity1"},"wdio_ui5_key":"applicationmanagepartners-display-component---detailPtm--addressDetailDetailsCity1"}]}
RESULT: undefined
COMMAND: POST /session/188695daba6f4123f2015bbe49059169/execute/async - {"script":"<script> [6424 bytes]","args":[{"element-6066-11e4-a52e-4f735466cecf":"f.DEFD86E6D49D71B1F09B82144A2C9827.d.8CF2D117E25DB612695F2E6BB683E102.e.4412"},"getValue",[]]}
RESULT: {}
RESULT: {"script":"<script> [6424 bytes]","args":[{"element-6066-11e4-a52e-4f735466cecf":"f.DEFD86E6D49D71B1F09B82144A2C9827.d.8CF2D117E25DB612695F2E6BB683E102.e.4412"},"getValue",[]]}
COMMAND: POST /session/188695daba6f4123f2015bbe49059169/element - {"using":"css selector","value":"#shell-header-logo"}
RESULT: {"using":"css selector","value":"#shell-header-logo"}
COMMAND: POST /session/188695daba6f4123f2015bbe49059169/element/f.DEFD86E6D49D71B1F09B82144A2C9827.d.8CF2D117E25DB612695F2E6BB683E102.e.3975/click - {}
RESULT: {}
COMMAND: GET /session/188695daba6f4123f2015bbe49059169/screenshot - {}
RESULT: {}
]]></system-out>
    </testcase>
    <testcase classname="chrome.136_0_7103_93.windows.Partner_specific_tests_US150819_US151080_US151654_US151176_US103444_US151078_US151079_US151109_US151174_US151175_US151189" name="Should create a new intracompany partner edit some of its fields US151079" time="252.09">
      <system-out><![CDATA[
COMMAND: POST /session/188695daba6f4123f2015bbe49059169/element - {"using":"xpath","value":"//li[.//span[text()=\"Manage Partners\"]]"}
RESULT: {"using":"xpath","value":"//li[.//span[text()=\"Manage Partners\"]]"}
COMMAND: POST /session/188695daba6f4123f2015bbe49059169/element - {"using":"xpath","value":"//li[.//span[text()=\"Manage Partners\"]]"}
RESULT: {"using":"xpath","value":"//li[.//span[text()=\"Manage Partners\"]]"}
COMMAND: POST /session/188695daba6f4123f2015bbe49059169/element - {"using":"css selector","value":"#shell-header-logo"}
RESULT: {"using":"css selector","value":"#shell-header-logo"}
COMMAND: POST /session/188695daba6f4123f2015bbe49059169/element/f.DEFD86E6D49D71B1F09B82144A2C9827.d.8CF2D117E25DB612695F2E6BB683E102.e.4443/click - {}
COMMAND: POST /session/188695daba6f4123f2015bbe49059169/execute/sync - {"script":"<script> [8489 bytes]","args":[{"element-6066-11e4-a52e-4f735466cecf":"f.DEFD86E6D49D71B1F09B82144A2C9827.d.8CF2D117E25DB612695F2E6BB683E102.e.4443","ELEMENT":"f.DEFD86E6D49D71B1F09B82144A2C9827.d.8CF2D117E25DB612695F2E6BB683E102.e.4443"}]}
RESULT: {"script":"<script> [8489 bytes]","args":[{"element-6066-11e4-a52e-4f735466cecf":"f.DEFD86E6D49D71B1F09B82144A2C9827.d.8CF2D117E25DB612695F2E6BB683E102.e.4443","ELEMENT":"f.DEFD86E6D49D71B1F09B82144A2C9827.d.8CF2D117E25DB612695F2E6BB683E102.e.4443"}]}
COMMAND: POST /session/188695daba6f4123f2015bbe49059169/execute/sync - {"script":"<script> [5351 bytes]","args":[{"element-6066-11e4-a52e-4f735466cecf":"f.DEFD86E6D49D71B1F09B82144A2C9827.d.8CF2D117E25DB612695F2E6BB683E102.e.4443","ELEMENT":"f.DEFD86E6D49D71B1F09B82144A2C9827.d.8CF2D117E25DB612695F2E6BB683E102.e.4443"}]}
COMMAND: GET /session/188695daba6f4123f2015bbe49059169/screenshot - {}
RESULT: {}
COMMAND: GET /session/188695daba6f4123f2015bbe49059169/screenshot - {}
RESULT: {"script":"<script> [5351 bytes]","args":[{"element-6066-11e4-a52e-4f735466cecf":"f.DEFD86E6D49D71B1F09B82144A2C9827.d.8CF2D117E25DB612695F2E6BB683E102.e.4443","ELEMENT":"f.DEFD86E6D49D71B1F09B82144A2C9827.d.8CF2D117E25DB612695F2E6BB683E102.e.4443"}]}
COMMAND: GET /session/188695daba6f4123f2015bbe49059169/screenshot - {}
RESULT: {}
RESULT: {}
RESULT: {}
COMMAND: POST /session/188695daba6f4123f2015bbe49059169/refresh - {}
RESULT: {}
COMMAND: GET /session/188695daba6f4123f2015bbe49059169/screenshot - {}
RESULT: {}
COMMAND: POST /session/188695daba6f4123f2015bbe49059169/refresh - {}
RESULT: {}
COMMAND: GET /session/188695daba6f4123f2015bbe49059169/screenshot - {}
RESULT: {}
COMMAND: POST /session/188695daba6f4123f2015bbe49059169/window/fullscreen - {}
RESULT: {}
COMMAND: POST /session/188695daba6f4123f2015bbe49059169/execute/async - {"script":"<script> [189 bytes]","args":[]}
RESULT: {"script":"<script> [189 bytes]","args":[]}
COMMAND: POST /session/188695daba6f4123f2015bbe49059169/execute/async - {"script":"<script> [123 bytes]","args":[]}
RESULT: {"script":"<script> [123 bytes]","args":[]}
COMMAND: POST /session/188695daba6f4123f2015bbe49059169/timeouts - {"script":"<number>"}
RESULT: {"script":"<number>"}
COMMAND: GET /session/188695daba6f4123f2015bbe49059169/timeouts - {}
RESULT: {}
RESULT: undefined
COMMAND: POST /session/188695daba6f4123f2015bbe49059169/execute/async - {"script":"<script> [2676 bytes]","args":[]}
RESULT: {"script":"<script> [2676 bytes]","args":[]}
COMMAND: POST /session/188695daba6f4123f2015bbe49059169/execute/async - {"script":"<script> [2342 bytes]","args":[{"protocol":"http","hostname":"0.0.0.0","path":"/","capabilities":{"browserName":"chrome","goog:chromeOptions":{"binary":"C:\\Program Files\\Google\\Chrome\\Application\\chrome.exe","args":["--start-maximized"]}},"logLevel":"warn","connectionRetryTimeout":120000,"connectionRetryCount":3,"logLevels":{},"enableDirectConnect":true,"strictSSL":true,"_":"65 more keys: [\"cacheDir\",\"port\",\"requestedCapabilities\",\"automationProtocol\",\"baseUrl\",\"waitforInterval\",\"waitforTimeout\",\"onReload\",\"beforeCommand\",\"afterCommand\",\"rootDir\",\"specs\",\"suites\",\"exclude\",\"groupLogsByTestSpec\",\"excludeDriverLogs\",\"bail\",\"framework\",\"reporters\",\"services\",\"maxInstances\",\"maxInstancesPerCapability\",\"injectGlobals\",\"filesToWatch\",\"execArgv\",\"runnerEnv\",\"runner\",\"shard\",\"specFileRetries\",\"specFileRetriesDelay\",\"specFileRetriesDeferred\",\"reporterSyncInterval\",\"reporterSyncTimeout\",\"cucumberFeaturesWithLineNumbers\",\"autoCompileOpts\",\"mochaOpts\",\"jasmineOpts\",\"cucumberOpts\",\"onPrepare\",\"onWorkerStart\",\"onWorkerEnd\",\"before\",\"beforeSession\",\"beforeSuite\",\"beforeHook\",\"beforeTest\",\"afterTest\",\"afterHook\",\"afterSuite\",\"afterSession\",\"after\",\"onComplete\",\"beforeAssertion\",\"afterAssertion\",\"beforeFeature\",\"beforeScenario\",\"beforeStep\",\"afterStep\",\"afterScenario\",\"afterFeature\",\"_\",\"suite\",\"$0\",\"ignoredWorkerServices\",\"wdi5\"]"}]}
RESULT: {"script":"<script> [2342 bytes]","args":[{"protocol":"http","hostname":"0.0.0.0","path":"/","capabilities":{"browserName":"chrome","goog:chromeOptions":{"binary":"C:\\Program Files\\Google\\Chrome\\Application\\chrome.exe","args":["--start-maximized"]}},"logLevel":"warn","connectionRetryTimeout":120000,"connectionRetryCount":3,"logLevels":{},"enableDirectConnect":true,"strictSSL":true,"_":"65 more keys: [\"cacheDir\",\"port\",\"requestedCapabilities\",\"automationProtocol\",\"baseUrl\",\"waitforInterval\",\"waitforTimeout\",\"onReload\",\"beforeCommand\",\"afterCommand\",\"rootDir\",\"specs\",\"suites\",\"exclude\",\"groupLogsByTestSpec\",\"excludeDriverLogs\",\"bail\",\"framework\",\"reporters\",\"services\",\"maxInstances\",\"maxInstancesPerCapability\",\"injectGlobals\",\"filesToWatch\",\"execArgv\",\"runnerEnv\",\"runner\",\"shard\",\"specFileRetries\",\"specFileRetriesDelay\",\"specFileRetriesDeferred\",\"reporterSyncInterval\",\"reporterSyncTimeout\",\"cucumberFeaturesWithLineNumbers\",\"autoCompileOpts\",\"mochaOpts\",\"jasmineOpts\",\"cucumberOpts\",\"onPrepare\",\"onWorkerStart\",\"onWorkerEnd\",\"before\",\"beforeSession\",\"beforeSuite\",\"beforeHook\",\"beforeTest\",\"afterTest\",\"afterHook\",\"afterSuite\",\"afterSession\",\"after\",\"onComplete\",\"beforeAssertion\",\"afterAssertion\",\"beforeFeature\",\"beforeScenario\",\"beforeStep\",\"afterStep\",\"afterScenario\",\"afterFeature\",\"_\",\"suite\",\"$0\",\"ignoredWorkerServices\",\"wdi5\"]"}]}
COMMAND: POST /session/188695daba6f4123f2015bbe49059169/execute/async - {"script":"<script> [21126 bytes]","args":[35000]}
RESULT: {"script":"<script> [21126 bytes]","args":[35000]}
COMMAND: POST /session/188695daba6f4123f2015bbe49059169/window/fullscreen - {}
RESULT: {}
COMMAND: POST /session/188695daba6f4123f2015bbe49059169/window/fullscreen - {}
RESULT: {}
COMMAND: POST /session/188695daba6f4123f2015bbe49059169/execute/async - {"script":"<script> [1562 bytes]","args":[{"selector":{"controlType":"sap.m.GenericTile","properties":{"header":"Manage Partners"}},"wdio_ui5_key":"sapm.GenericTile{\"header\":\"Manage Partners\"}"}]}
RESULT: {"script":"<script> [1562 bytes]","args":[{"selector":{"controlType":"sap.m.GenericTile","properties":{"header":"Manage Partners"}},"wdio_ui5_key":"sapm.GenericTile{\"header\":\"Manage Partners\"}"}]}
RESULT: undefined
COMMAND: POST /session/188695daba6f4123f2015bbe49059169/element - {"using":"xpath","value":"//*[@id=\"__tile30\"]"}
RESULT: {"using":"xpath","value":"//*[@id=\"__tile30\"]"}
COMMAND: POST /session/188695daba6f4123f2015bbe49059169/element/f.DEFD86E6D49D71B1F09B82144A2C9827.d.E1469A003B97EF0D94747A1F7F61E11D.e.4506/click - {}
RESULT: {}
COMMAND: GET /session/188695daba6f4123f2015bbe49059169/screenshot - {}
RESULT: {}
COMMAND: POST /session/188695daba6f4123f2015bbe49059169/elements - {"using":"xpath","value":"//span[text()='Error']"}
RESULT: {"using":"xpath","value":"//span[text()='Error']"}
COMMAND: POST /session/188695daba6f4123f2015bbe49059169/element - {"using":"xpath","value":"//button[@data-kt=\"addButton\"]"}
RESULT: {"using":"xpath","value":"//button[@data-kt=\"addButton\"]"}
COMMAND: POST /session/188695daba6f4123f2015bbe49059169/elements - {"using":"xpath","value":"//button[@data-kt=\"addButton\"]"}
RESULT: {"using":"xpath","value":"//button[@data-kt=\"addButton\"]"}
COMMAND: POST /session/188695daba6f4123f2015bbe49059169/execute/sync - {"script":"<script> [8489 bytes]","args":[{"element-6066-11e4-a52e-4f735466cecf":"f.DEFD86E6D49D71B1F09B82144A2C9827.d.E1469A003B97EF0D94747A1F7F61E11D.e.4621","ELEMENT":"f.DEFD86E6D49D71B1F09B82144A2C9827.d.E1469A003B97EF0D94747A1F7F61E11D.e.4621"}]}
RESULT: {"script":"<script> [8489 bytes]","args":[{"element-6066-11e4-a52e-4f735466cecf":"f.DEFD86E6D49D71B1F09B82144A2C9827.d.E1469A003B97EF0D94747A1F7F61E11D.e.4621","ELEMENT":"f.DEFD86E6D49D71B1F09B82144A2C9827.d.E1469A003B97EF0D94747A1F7F61E11D.e.4621"}]}
COMMAND: GET /session/188695daba6f4123f2015bbe49059169/element/f.DEFD86E6D49D71B1F09B82144A2C9827.d.E1469A003B97EF0D94747A1F7F61E11D.e.4621/enabled - {}
COMMAND: GET /session/188695daba6f4123f2015bbe49059169/screenshot - {}
RESULT: {}
COMMAND: POST /session/188695daba6f4123f2015bbe49059169/execute/sync - {"script":"<script> [8489 bytes]","args":[{"element-6066-11e4-a52e-4f735466cecf":"f.DEFD86E6D49D71B1F09B82144A2C9827.d.E1469A003B97EF0D94747A1F7F61E11D.e.4621","ELEMENT":"f.DEFD86E6D49D71B1F09B82144A2C9827.d.E1469A003B97EF0D94747A1F7F61E11D.e.4621"}]}
COMMAND: GET /session/188695daba6f4123f2015bbe49059169/screenshot - {}
RESULT: {}
RESULT: {"script":"<script> [8489 bytes]","args":[{"element-6066-11e4-a52e-4f735466cecf":"f.DEFD86E6D49D71B1F09B82144A2C9827.d.E1469A003B97EF0D94747A1F7F61E11D.e.4621","ELEMENT":"f.DEFD86E6D49D71B1F09B82144A2C9827.d.E1469A003B97EF0D94747A1F7F61E11D.e.4621"}]}
COMMAND: POST /session/188695daba6f4123f2015bbe49059169/execute/sync - {"script":"<script> [5351 bytes]","args":[{"element-6066-11e4-a52e-4f735466cecf":"f.DEFD86E6D49D71B1F09B82144A2C9827.d.E1469A003B97EF0D94747A1F7F61E11D.e.4621","ELEMENT":"f.DEFD86E6D49D71B1F09B82144A2C9827.d.E1469A003B97EF0D94747A1F7F61E11D.e.4621"}]}
COMMAND: GET /session/188695daba6f4123f2015bbe49059169/screenshot - {}
RESULT: {}
RESULT: {"script":"<script> [5351 bytes]","args":[{"element-6066-11e4-a52e-4f735466cecf":"f.DEFD86E6D49D71B1F09B82144A2C9827.d.E1469A003B97EF0D94747A1F7F61E11D.e.4621","ELEMENT":"f.DEFD86E6D49D71B1F09B82144A2C9827.d.E1469A003B97EF0D94747A1F7F61E11D.e.4621"}]}
COMMAND: POST /session/188695daba6f4123f2015bbe49059169/element/f.DEFD86E6D49D71B1F09B82144A2C9827.d.E1469A003B97EF0D94747A1F7F61E11D.e.4621/click - {}
COMMAND: GET /session/188695daba6f4123f2015bbe49059169/screenshot - {}
RESULT: {}
RESULT: {}
COMMAND: GET /session/188695daba6f4123f2015bbe49059169/screenshot - {}
COMMAND: POST /session/188695daba6f4123f2015bbe49059169/execute/async - {"script":"<script> [1562 bytes]","args":[{"selector":{"id":"application-managepartners-display-component---NewPartner--addressDetailDetailsName1","interaction":{"idSuffix":"inner"}},"wdio_ui5_key":"applicationmanagepartners-display-component---NewPartner--addressDetailDetailsName1"}]}
RESULT: {}
RESULT: {}
RESULT: {"script":"<script> [1562 bytes]","args":[{"selector":{"id":"application-managepartners-display-component---NewPartner--addressDetailDetailsName1","interaction":{"idSuffix":"inner"}},"wdio_ui5_key":"applicationmanagepartners-display-component---NewPartner--addressDetailDetailsName1"}]}
RESULT: undefined
COMMAND: POST /session/188695daba6f4123f2015bbe49059169/execute/async - {"script":"<script> [776 bytes]","args":[{"enterText":"Intracompany Partner WDIO","selector":{"id":"application-managepartners-display-component---NewPartner--addressDetailDetailsName1","interaction":{"idSuffix":"inner"}},"clearTextFirst":true,"interactionType":"ENTER_TEXT"}]}
RESULT: {"script":"<script> [776 bytes]","args":[{"enterText":"Intracompany Partner WDIO","selector":{"id":"application-managepartners-display-component---NewPartner--addressDetailDetailsName1","interaction":{"idSuffix":"inner"}},"clearTextFirst":true,"interactionType":"ENTER_TEXT"}]}
COMMAND: POST /session/188695daba6f4123f2015bbe49059169/execute/async - {"script":"<script> [1562 bytes]","args":[{"selector":{"id":"application-managepartners-display-component---NewPartner--addressDetailDetailsLanguage-arrow"},"wdio_ui5_key":"applicationmanagepartners-display-component---NewPartner--addressDetailDetailsLanguage-arrow"}]}
RESULT: {"script":"<script> [1562 bytes]","args":[{"selector":{"id":"application-managepartners-display-component---NewPartner--addressDetailDetailsLanguage-arrow"},"wdio_ui5_key":"applicationmanagepartners-display-component---NewPartner--addressDetailDetailsLanguage-arrow"}]}
RESULT: undefined
COMMAND: POST /session/188695daba6f4123f2015bbe49059169/element - {"using":"xpath","value":"//*[@id=\"application-managepartners-display-component---NewPartner--addressDetailDetailsLanguage-arrow\"]"}
RESULT: {"using":"xpath","value":"//*[@id=\"application-managepartners-display-component---NewPartner--addressDetailDetailsLanguage-arrow\"]"}
COMMAND: POST /session/188695daba6f4123f2015bbe49059169/element/f.DEFD86E6D49D71B1F09B82144A2C9827.d.E1469A003B97EF0D94747A1F7F61E11D.e.5074/click - {}
RESULT: {}
COMMAND: POST /session/188695daba6f4123f2015bbe49059169/element - {"using":"xpath","value":"//span[contains(text(), \"English\")]"}
COMMAND: GET /session/188695daba6f4123f2015bbe49059169/screenshot - {}
RESULT: {"using":"xpath","value":"//span[contains(text(), \"English\")]"}
COMMAND: POST /session/188695daba6f4123f2015bbe49059169/element/f.DEFD86E6D49D71B1F09B82144A2C9827.d.E1469A003B97EF0D94747A1F7F61E11D.e.5075/click - {}
RESULT: {}
RESULT: {}
COMMAND: GET /session/188695daba6f4123f2015bbe49059169/screenshot - {}
RESULT: {}
COMMAND: POST /session/188695daba6f4123f2015bbe49059169/execute/async - {"script":"<script> [1562 bytes]","args":[{"selector":{"id":"application-managepartners-display-component---NewPartner--addressDetailDetailsCity1","interaction":{"idSuffix":"inner"}},"wdio_ui5_key":"applicationmanagepartners-display-component---NewPartner--addressDetailDetailsCity1"}]}
RESULT: {"script":"<script> [1562 bytes]","args":[{"selector":{"id":"application-managepartners-display-component---NewPartner--addressDetailDetailsCity1","interaction":{"idSuffix":"inner"}},"wdio_ui5_key":"applicationmanagepartners-display-component---NewPartner--addressDetailDetailsCity1"}]}
RESULT: undefined
COMMAND: POST /session/188695daba6f4123f2015bbe49059169/execute/async - {"script":"<script> [776 bytes]","args":[{"enterText":"Rosario","selector":{"id":"application-managepartners-display-component---NewPartner--addressDetailDetailsCity1","interaction":{"idSuffix":"inner"}},"clearTextFirst":true,"interactionType":"ENTER_TEXT"}]}
RESULT: {"script":"<script> [776 bytes]","args":[{"enterText":"Rosario","selector":{"id":"application-managepartners-display-component---NewPartner--addressDetailDetailsCity1","interaction":{"idSuffix":"inner"}},"clearTextFirst":true,"interactionType":"ENTER_TEXT"}]}
COMMAND: POST /session/188695daba6f4123f2015bbe49059169/execute/async - {"script":"<script> [1562 bytes]","args":[{"selector":{"id":"application-managepartners-display-component---NewPartner--addressDetailDetailsCountry-arrow"},"wdio_ui5_key":"applicationmanagepartners-display-component---NewPartner--addressDetailDetailsCountry-arrow"}]}
RESULT: {"script":"<script> [1562 bytes]","args":[{"selector":{"id":"application-managepartners-display-component---NewPartner--addressDetailDetailsCountry-arrow"},"wdio_ui5_key":"applicationmanagepartners-display-component---NewPartner--addressDetailDetailsCountry-arrow"}]}
RESULT: undefined
COMMAND: POST /session/188695daba6f4123f2015bbe49059169/element - {"using":"xpath","value":"//*[@id=\"application-managepartners-display-component---NewPartner--addressDetailDetailsCountry-arrow\"]"}
RESULT: {"using":"xpath","value":"//*[@id=\"application-managepartners-display-component---NewPartner--addressDetailDetailsCountry-arrow\"]"}
COMMAND: POST /session/188695daba6f4123f2015bbe49059169/element/f.DEFD86E6D49D71B1F09B82144A2C9827.d.E1469A003B97EF0D94747A1F7F61E11D.e.5061/click - {}
RESULT: {}
COMMAND: POST /session/188695daba6f4123f2015bbe49059169/element - {"using":"xpath","value":"//span[contains(text(), \"Argentina\")]"}
COMMAND: GET /session/188695daba6f4123f2015bbe49059169/screenshot - {}
RESULT: {"using":"xpath","value":"//span[contains(text(), \"Argentina\")]"}
COMMAND: POST /session/188695daba6f4123f2015bbe49059169/element/f.DEFD86E6D49D71B1F09B82144A2C9827.d.E1469A003B97EF0D94747A1F7F61E11D.e.5077/click - {}
RESULT: {}
RESULT: {}
COMMAND: GET /session/188695daba6f4123f2015bbe49059169/screenshot - {}
RESULT: {}
COMMAND: POST /session/188695daba6f4123f2015bbe49059169/element - {"using":"xpath","value":"//bdi[contains(text(), \"Commercial\")]"}
RESULT: {"using":"xpath","value":"//bdi[contains(text(), \"Commercial\")]"}
COMMAND: POST /session/188695daba6f4123f2015bbe49059169/element/f.DEFD86E6D49D71B1F09B82144A2C9827.d.E1469A003B97EF0D94747A1F7F61E11D.e.5078/click - {}
RESULT: {}
COMMAND: GET /session/188695daba6f4123f2015bbe49059169/screenshot - {}
RESULT: {}
COMMAND: POST /session/188695daba6f4123f2015bbe49059169/execute/async - {"script":"<script> [1562 bytes]","args":[{"selector":{"id":"application-managepartners-display-component---NewPartner--partnerDetailInternal-arrow"},"wdio_ui5_key":"applicationmanagepartners-display-component---NewPartner--partnerDetailInternal-arrow"}]}
RESULT: {"script":"<script> [1562 bytes]","args":[{"selector":{"id":"application-managepartners-display-component---NewPartner--partnerDetailInternal-arrow"},"wdio_ui5_key":"applicationmanagepartners-display-component---NewPartner--partnerDetailInternal-arrow"}]}
RESULT: undefined
COMMAND: POST /session/188695daba6f4123f2015bbe49059169/element - {"using":"xpath","value":"//*[@id=\"application-managepartners-display-component---NewPartner--partnerDetailInternal-arrow\"]"}
RESULT: {"using":"xpath","value":"//*[@id=\"application-managepartners-display-component---NewPartner--partnerDetailInternal-arrow\"]"}
COMMAND: POST /session/188695daba6f4123f2015bbe49059169/element/f.DEFD86E6D49D71B1F09B82144A2C9827.d.E1469A003B97EF0D94747A1F7F61E11D.e.5083/click - {}
RESULT: {}
COMMAND: POST /session/188695daba6f4123f2015bbe49059169/element - {"using":"xpath","value":"//span[contains(text(), \"Affiliated company\")]"}
COMMAND: GET /session/188695daba6f4123f2015bbe49059169/screenshot - {}
RESULT: {"using":"xpath","value":"//span[contains(text(), \"Affiliated company\")]"}
COMMAND: POST /session/188695daba6f4123f2015bbe49059169/element/f.DEFD86E6D49D71B1F09B82144A2C9827.d.E1469A003B97EF0D94747A1F7F61E11D.e.5086/click - {}
RESULT: {}
RESULT: {}
COMMAND: POST /session/188695daba6f4123f2015bbe49059169/execute/async - {"script":"<script> [1562 bytes]","args":[{"selector":{"id":"application-managepartners-display-component---NewPartner--partnerDetailsCurrency-arrow"},"wdio_ui5_key":"applicationmanagepartners-display-component---NewPartner--partnerDetailsCurrency-arrow"}]}
COMMAND: GET /session/188695daba6f4123f2015bbe49059169/screenshot - {}
RESULT: {"script":"<script> [1562 bytes]","args":[{"selector":{"id":"application-managepartners-display-component---NewPartner--partnerDetailsCurrency-arrow"},"wdio_ui5_key":"applicationmanagepartners-display-component---NewPartner--partnerDetailsCurrency-arrow"}]}
RESULT: undefined
COMMAND: POST /session/188695daba6f4123f2015bbe49059169/element - {"using":"xpath","value":"//*[@id=\"application-managepartners-display-component---NewPartner--partnerDetailsCurrency-arrow\"]"}
RESULT: {}
RESULT: {"using":"xpath","value":"//*[@id=\"application-managepartners-display-component---NewPartner--partnerDetailsCurrency-arrow\"]"}
COMMAND: POST /session/188695daba6f4123f2015bbe49059169/element/f.DEFD86E6D49D71B1F09B82144A2C9827.d.E1469A003B97EF0D94747A1F7F61E11D.e.5093/click - {}
RESULT: {}
COMMAND: POST /session/188695daba6f4123f2015bbe49059169/element - {"using":"xpath","value":"//span[contains(text(), \"Euro\")]"}
COMMAND: GET /session/188695daba6f4123f2015bbe49059169/screenshot - {}
RESULT: {"using":"xpath","value":"//span[contains(text(), \"Euro\")]"}
COMMAND: POST /session/188695daba6f4123f2015bbe49059169/element/f.DEFD86E6D49D71B1F09B82144A2C9827.d.E1469A003B97EF0D94747A1F7F61E11D.e.5094/click - {}
RESULT: {}
RESULT: {}
COMMAND: POST /session/188695daba6f4123f2015bbe49059169/execute/async - {"script":"<script> [1562 bytes]","args":[{"selector":{"id":"application-managepartners-display-component---NewPartner--addressEditDetailsCostObjectCstType-arrow"},"wdio_ui5_key":"applicationmanagepartners-display-component---NewPartner--addressEditDetailsCostObjectCstType-arrow"}]}
COMMAND: GET /session/188695daba6f4123f2015bbe49059169/screenshot - {}
RESULT: {"script":"<script> [1562 bytes]","args":[{"selector":{"id":"application-managepartners-display-component---NewPartner--addressEditDetailsCostObjectCstType-arrow"},"wdio_ui5_key":"applicationmanagepartners-display-component---NewPartner--addressEditDetailsCostObjectCstType-arrow"}]}
RESULT: undefined
COMMAND: POST /session/188695daba6f4123f2015bbe49059169/element - {"using":"xpath","value":"//*[@id=\"application-managepartners-display-component---NewPartner--addressEditDetailsCostObjectCstType-arrow\"]"}
RESULT: {}
RESULT: {"using":"xpath","value":"//*[@id=\"application-managepartners-display-component---NewPartner--addressEditDetailsCostObjectCstType-arrow\"]"}
COMMAND: POST /session/188695daba6f4123f2015bbe49059169/element/f.DEFD86E6D49D71B1F09B82144A2C9827.d.E1469A003B97EF0D94747A1F7F61E11D.e.5095/click - {}
RESULT: {}
COMMAND: POST /session/188695daba6f4123f2015bbe49059169/element - {"using":"xpath","value":"//span[contains(text(), \"Cost Center\")]"}
COMMAND: GET /session/188695daba6f4123f2015bbe49059169/screenshot - {}
RESULT: {"using":"xpath","value":"//span[contains(text(), \"Cost Center\")]"}
COMMAND: POST /session/188695daba6f4123f2015bbe49059169/element/f.DEFD86E6D49D71B1F09B82144A2C9827.d.E1469A003B97EF0D94747A1F7F61E11D.e.5096/click - {}
RESULT: {}
RESULT: {}
COMMAND: GET /session/188695daba6f4123f2015bbe49059169/screenshot - {}
RESULT: {}
COMMAND: POST /session/188695daba6f4123f2015bbe49059169/element - {"using":"xpath","value":"//span[@id=\"application-managepartners-display-component---NewPartner--addressNewCostObjectCstID-vhi\"]"}
RESULT: {"using":"xpath","value":"//span[@id=\"application-managepartners-display-component---NewPartner--addressNewCostObjectCstID-vhi\"]"}
COMMAND: POST /session/188695daba6f4123f2015bbe49059169/execute/sync - {"script":"<script> [8489 bytes]","args":[{"element-6066-11e4-a52e-4f735466cecf":"f.DEFD86E6D49D71B1F09B82144A2C9827.d.E1469A003B97EF0D94747A1F7F61E11D.e.5100","ELEMENT":"f.DEFD86E6D49D71B1F09B82144A2C9827.d.E1469A003B97EF0D94747A1F7F61E11D.e.5100"}]}
RESULT: {"script":"<script> [8489 bytes]","args":[{"element-6066-11e4-a52e-4f735466cecf":"f.DEFD86E6D49D71B1F09B82144A2C9827.d.E1469A003B97EF0D94747A1F7F61E11D.e.5100","ELEMENT":"f.DEFD86E6D49D71B1F09B82144A2C9827.d.E1469A003B97EF0D94747A1F7F61E11D.e.5100"}]}
COMMAND: POST /session/188695daba6f4123f2015bbe49059169/execute/async - {"script":"<script> [1562 bytes]","args":[{"selector":{"id":"application-managepartners-display-component---NewPartner--addressNewCostObjectCstID-vhi"},"wdio_ui5_key":"applicationmanagepartners-display-component---NewPartner--addressNewCostObjectCstID-vhi"}]}
COMMAND: GET /session/188695daba6f4123f2015bbe49059169/screenshot - {}
RESULT: {"script":"<script> [1562 bytes]","args":[{"selector":{"id":"application-managepartners-display-component---NewPartner--addressNewCostObjectCstID-vhi"},"wdio_ui5_key":"applicationmanagepartners-display-component---NewPartner--addressNewCostObjectCstID-vhi"}]}
RESULT: undefined
COMMAND: POST /session/188695daba6f4123f2015bbe49059169/element - {"using":"xpath","value":"//*[@id=\"application-managepartners-display-component---NewPartner--addressNewCostObjectCstID-vhi\"]"}
RESULT: {}
RESULT: {"using":"xpath","value":"//*[@id=\"application-managepartners-display-component---NewPartner--addressNewCostObjectCstID-vhi\"]"}
COMMAND: POST /session/188695daba6f4123f2015bbe49059169/element/f.DEFD86E6D49D71B1F09B82144A2C9827.d.E1469A003B97EF0D94747A1F7F61E11D.e.5100/click - {}
RESULT: {}
COMMAND: GET /session/188695daba6f4123f2015bbe49059169/screenshot - {}
RESULT: {}
COMMAND: POST /session/188695daba6f4123f2015bbe49059169/execute/async - {"script":"<script> [1562 bytes]","args":[{"selector":{"controlType":"sap.m.SearchField","properties":{"placeholder":"Search"},"searchOpenDialogs":true,"interaction":{"idSuffix":"I"}},"wdio_ui5_key":"sapm.SearchField{\"placeholder\":\"Search\"}"}]}
RESULT: {"script":"<script> [1562 bytes]","args":[{"selector":{"controlType":"sap.m.SearchField","properties":{"placeholder":"Search"},"searchOpenDialogs":true,"interaction":{"idSuffix":"I"}},"wdio_ui5_key":"sapm.SearchField{\"placeholder\":\"Search\"}"}]}
RESULT: undefined
COMMAND: POST /session/188695daba6f4123f2015bbe49059169/execute/async - {"script":"<script> [776 bytes]","args":[{"enterText":"10001013","selector":{"controlType":"sap.m.SearchField","properties":{"placeholder":"Search"},"searchOpenDialogs":true,"interaction":{"idSuffix":"I"}},"clearTextFirst":true,"interactionType":"ENTER_TEXT"}]}
RESULT: {"script":"<script> [776 bytes]","args":[{"enterText":"10001013","selector":{"controlType":"sap.m.SearchField","properties":{"placeholder":"Search"},"searchOpenDialogs":true,"interaction":{"idSuffix":"I"}},"clearTextFirst":true,"interactionType":"ENTER_TEXT"}]}
COMMAND: POST /session/188695daba6f4123f2015bbe49059169/actions - {"actions":[{"id":"action12","type":"key","parameters":{},"actions":[{"type":"keyDown","value":"î€‡"},{"type":"pause","duration":10},{"type":"keyUp","value":"î€‡"}]}]}
RESULT: {"actions":[{"id":"action12","type":"key","parameters":{},"actions":[{"type":"keyDown","value":"î€‡"},{"type":"pause","duration":10},{"type":"keyUp","value":"î€‡"}]}]}
COMMAND: GET /session/188695daba6f4123f2015bbe49059169/screenshot - {}
RESULT: {}
COMMAND: POST /session/188695daba6f4123f2015bbe49059169/element - {"using":"xpath","value":"//span[contains(text(), \"General Management\")]"}
RESULT: {"using":"xpath","value":"//span[contains(text(), \"General Management\")]"}
COMMAND: POST /session/188695daba6f4123f2015bbe49059169/element/f.DEFD86E6D49D71B1F09B82144A2C9827.d.E1469A003B97EF0D94747A1F7F61E11D.e.5139/click - {}
RESULT: {}
COMMAND: GET /session/188695daba6f4123f2015bbe49059169/screenshot - {}
RESULT: {}
COMMAND: POST /session/188695daba6f4123f2015bbe49059169/element - {"using":"xpath","value":"//bdi[contains(text(), \"OK\")]"}
RESULT: {"using":"xpath","value":"//bdi[contains(text(), \"OK\")]"}
COMMAND: POST /session/188695daba6f4123f2015bbe49059169/element/f.DEFD86E6D49D71B1F09B82144A2C9827.d.E1469A003B97EF0D94747A1F7F61E11D.e.5140/click - {}
RESULT: {}
COMMAND: GET /session/188695daba6f4123f2015bbe49059169/screenshot - {}
RESULT: {}
COMMAND: POST /session/188695daba6f4123f2015bbe49059169/element - {"using":"xpath","value":"//input[@id=\"application-managepartners-display-component---NewPartner--companyCodeComboBox-inner\"]"}
RESULT: {"using":"xpath","value":"//input[@id=\"application-managepartners-display-component---NewPartner--companyCodeComboBox-inner\"]"}
COMMAND: POST /session/188695daba6f4123f2015bbe49059169/element/f.DEFD86E6D49D71B1F09B82144A2C9827.d.E1469A003B97EF0D94747A1F7F61E11D.e.4942/clear - {}
RESULT: {}
COMMAND: POST /session/188695daba6f4123f2015bbe49059169/element/f.DEFD86E6D49D71B1F09B82144A2C9827.d.E1469A003B97EF0D94747A1F7F61E11D.e.4942/value - {"text":"1000"}
COMMAND: GET /session/188695daba6f4123f2015bbe49059169/screenshot - {}
RESULT: {"text":"1000"}
COMMAND: GET /session/188695daba6f4123f2015bbe49059169/screenshot - {}
RESULT: {}
RESULT: {}
COMMAND: POST /session/188695daba6f4123f2015bbe49059169/element - {"using":"xpath","value":"//li[.//span[text()= \"1000\"]]"}
RESULT: {"using":"xpath","value":"//li[.//span[text()= \"1000\"]]"}
COMMAND: POST /session/188695daba6f4123f2015bbe49059169/element/f.DEFD86E6D49D71B1F09B82144A2C9827.d.E1469A003B97EF0D94747A1F7F61E11D.e.5146/click - {}
RESULT: {}
COMMAND: GET /session/188695daba6f4123f2015bbe49059169/screenshot - {}
RESULT: {}
COMMAND: POST /session/188695daba6f4123f2015bbe49059169/execute/async - {"script":"<script> [1562 bytes]","args":[{"selector":{"id":"application-managepartners-display-component---NewPartner--btnAddTableRow-img"},"wdio_ui5_key":"applicationmanagepartners-display-component---NewPartner--btnAddTableRow-img"}]}
RESULT: {"script":"<script> [1562 bytes]","args":[{"selector":{"id":"application-managepartners-display-component---NewPartner--btnAddTableRow-img"},"wdio_ui5_key":"applicationmanagepartners-display-component---NewPartner--btnAddTableRow-img"}]}
RESULT: undefined
COMMAND: POST /session/188695daba6f4123f2015bbe49059169/element - {"using":"xpath","value":"//*[@id=\"application-managepartners-display-component---NewPartner--btnAddTableRow-img\"]"}
RESULT: {"using":"xpath","value":"//*[@id=\"application-managepartners-display-component---NewPartner--btnAddTableRow-img\"]"}
COMMAND: POST /session/188695daba6f4123f2015bbe49059169/element/f.DEFD86E6D49D71B1F09B82144A2C9827.d.E1469A003B97EF0D94747A1F7F61E11D.e.5147/click - {}
RESULT: {}
COMMAND: GET /session/188695daba6f4123f2015bbe49059169/screenshot - {}
RESULT: {}
COMMAND: POST /session/188695daba6f4123f2015bbe49059169/element - {"using":"xpath","value":"//input[@id=\"application-managepartners-display-component---NewPartner--assignmentYard-application-managepartners-display-component---NewPartner--assignmentsTable-0-inner\"]"}
RESULT: {"using":"xpath","value":"//input[@id=\"application-managepartners-display-component---NewPartner--assignmentYard-application-managepartners-display-component---NewPartner--assignmentsTable-0-inner\"]"}
COMMAND: POST /session/188695daba6f4123f2015bbe49059169/element/f.DEFD86E6D49D71B1F09B82144A2C9827.d.E1469A003B97EF0D94747A1F7F61E11D.e.5150/clear - {}
RESULT: {}
COMMAND: POST /session/188695daba6f4123f2015bbe49059169/element/f.DEFD86E6D49D71B1F09B82144A2C9827.d.E1469A003B97EF0D94747A1F7F61E11D.e.5150/value - {"text":"531"}
COMMAND: GET /session/188695daba6f4123f2015bbe49059169/screenshot - {}
RESULT: {"text":"531"}
COMMAND: GET /session/188695daba6f4123f2015bbe49059169/screenshot - {}
RESULT: {}
RESULT: {}
COMMAND: POST /session/188695daba6f4123f2015bbe49059169/element - {"using":"xpath","value":"//li[.//span[text()='531']]"}
RESULT: {"using":"xpath","value":"//li[.//span[text()='531']]"}
COMMAND: POST /session/188695daba6f4123f2015bbe49059169/element/f.DEFD86E6D49D71B1F09B82144A2C9827.d.E1469A003B97EF0D94747A1F7F61E11D.e.5159/click - {}
RESULT: {}
COMMAND: GET /session/188695daba6f4123f2015bbe49059169/screenshot - {}
RESULT: {}
COMMAND: POST /session/188695daba6f4123f2015bbe49059169/actions - {"actions":[{"id":"action13","type":"key","parameters":{},"actions":[{"type":"keyDown","value":"î€‡"},{"type":"pause","duration":10},{"type":"keyUp","value":"î€‡"}]}]}
RESULT: {"actions":[{"id":"action13","type":"key","parameters":{},"actions":[{"type":"keyDown","value":"î€‡"},{"type":"pause","duration":10},{"type":"keyUp","value":"î€‡"}]}]}
COMMAND: POST /session/188695daba6f4123f2015bbe49059169/execute/async - {"script":"<script> [1562 bytes]","args":[{"selector":{"id":"application-managepartners-display-component---NewPartner--externalCustomerComboBox-application-managepartners-display-component---NewPartner--assignmentsTable-0-vhi"},"wdio_ui5_key":"applicationmanagepartners-display-component---NewPartner--externalCustomerComboBox-application-managepartners-display-component---NewPartner--assignmentsTable-0-vhi"}]}
COMMAND: GET /session/188695daba6f4123f2015bbe49059169/screenshot - {}
RESULT: {"script":"<script> [1562 bytes]","args":[{"selector":{"id":"application-managepartners-display-component---NewPartner--externalCustomerComboBox-application-managepartners-display-component---NewPartner--assignmentsTable-0-vhi"},"wdio_ui5_key":"applicationmanagepartners-display-component---NewPartner--externalCustomerComboBox-application-managepartners-display-component---NewPartner--assignmentsTable-0-vhi"}]}
RESULT: undefined
COMMAND: POST /session/188695daba6f4123f2015bbe49059169/element - {"using":"xpath","value":"//*[@id=\"application-managepartners-display-component---NewPartner--externalCustomerComboBox-application-managepartners-display-component---NewPartner--assignmentsTable-0-vhi\"]"}
RESULT: {}
RESULT: {"using":"xpath","value":"//*[@id=\"application-managepartners-display-component---NewPartner--externalCustomerComboBox-application-managepartners-display-component---NewPartner--assignmentsTable-0-vhi\"]"}
COMMAND: POST /session/188695daba6f4123f2015bbe49059169/element/f.DEFD86E6D49D71B1F09B82144A2C9827.d.E1469A003B97EF0D94747A1F7F61E11D.e.5163/click - {}
RESULT: {}
RESULT: undefined
COMMAND: POST /session/188695daba6f4123f2015bbe49059169/execute/async - {"script":"<script> [776 bytes]","args":[{"enterText":"300003","selector":{"controlType":"sap.m.SearchField","properties":{"placeholder":"Search"},"searchOpenDialogs":true,"interaction":{"idSuffix":"I"}},"clearTextFirst":true,"interactionType":"ENTER_TEXT"}]}
COMMAND: GET /session/188695daba6f4123f2015bbe49059169/screenshot - {}
RESULT: {"script":"<script> [776 bytes]","args":[{"enterText":"300003","selector":{"controlType":"sap.m.SearchField","properties":{"placeholder":"Search"},"searchOpenDialogs":true,"interaction":{"idSuffix":"I"}},"clearTextFirst":true,"interactionType":"ENTER_TEXT"}]}
COMMAND: POST /session/188695daba6f4123f2015bbe49059169/actions - {"actions":[{"id":"action14","type":"key","parameters":{},"actions":[{"type":"keyDown","value":"î€‡"},{"type":"pause","duration":10},{"type":"keyUp","value":"î€‡"}]}]}
RESULT: {}
RESULT: {"actions":[{"id":"action14","type":"key","parameters":{},"actions":[{"type":"keyDown","value":"î€‡"},{"type":"pause","duration":10},{"type":"keyUp","value":"î€‡"}]}]}
COMMAND: GET /session/188695daba6f4123f2015bbe49059169/screenshot - {}
RESULT: {}
COMMAND: POST /session/188695daba6f4123f2015bbe49059169/element - {"using":"xpath","value":"//span[contains(text(), \"300003\")]"}
RESULT: {"using":"xpath","value":"//span[contains(text(), \"300003\")]"}
COMMAND: POST /session/188695daba6f4123f2015bbe49059169/element/f.DEFD86E6D49D71B1F09B82144A2C9827.d.E1469A003B97EF0D94747A1F7F61E11D.e.5182/click - {}
RESULT: {}
COMMAND: GET /session/188695daba6f4123f2015bbe49059169/screenshot - {}
RESULT: {}
COMMAND: POST /session/188695daba6f4123f2015bbe49059169/element - {"using":"xpath","value":"//bdi[contains(text(), \"OK\")]"}
RESULT: {"using":"xpath","value":"//bdi[contains(text(), \"OK\")]"}
COMMAND: POST /session/188695daba6f4123f2015bbe49059169/element/f.DEFD86E6D49D71B1F09B82144A2C9827.d.E1469A003B97EF0D94747A1F7F61E11D.e.5184/click - {}
RESULT: {}
COMMAND: GET /session/188695daba6f4123f2015bbe49059169/screenshot - {}
RESULT: {}
COMMAND: POST /session/188695daba6f4123f2015bbe49059169/execute/async - {"script":"<script> [1562 bytes]","args":[{"selector":{"id":"application-managepartners-display-component---NewPartner--intercompVendorComboBox-application-managepartners-display-component---NewPartner--assignmentsTable-0-vhi"},"wdio_ui5_key":"applicationmanagepartners-display-component---NewPartner--intercompVendorComboBox-application-managepartners-display-component---NewPartner--assignmentsTable-0-vhi"}]}
RESULT: {"script":"<script> [1562 bytes]","args":[{"selector":{"id":"application-managepartners-display-component---NewPartner--intercompVendorComboBox-application-managepartners-display-component---NewPartner--assignmentsTable-0-vhi"},"wdio_ui5_key":"applicationmanagepartners-display-component---NewPartner--intercompVendorComboBox-application-managepartners-display-component---NewPartner--assignmentsTable-0-vhi"}]}
RESULT: undefined
COMMAND: POST /session/188695daba6f4123f2015bbe49059169/element - {"using":"xpath","value":"//*[@id=\"application-managepartners-display-component---NewPartner--intercompVendorComboBox-application-managepartners-display-component---NewPartner--assignmentsTable-0-vhi\"]"}
RESULT: {"using":"xpath","value":"//*[@id=\"application-managepartners-display-component---NewPartner--intercompVendorComboBox-application-managepartners-display-component---NewPartner--assignmentsTable-0-vhi\"]"}
COMMAND: POST /session/188695daba6f4123f2015bbe49059169/element/f.DEFD86E6D49D71B1F09B82144A2C9827.d.E1469A003B97EF0D94747A1F7F61E11D.e.5187/click - {}
RESULT: {}
RESULT: undefined
COMMAND: POST /session/188695daba6f4123f2015bbe49059169/execute/async - {"script":"<script> [776 bytes]","args":[{"enterText":"100005","selector":{"controlType":"sap.m.SearchField","properties":{"placeholder":"Search"},"searchOpenDialogs":true,"interaction":{"idSuffix":"I"}},"clearTextFirst":true,"interactionType":"ENTER_TEXT"}]}
COMMAND: GET /session/188695daba6f4123f2015bbe49059169/screenshot - {}
RESULT: {"script":"<script> [776 bytes]","args":[{"enterText":"100005","selector":{"controlType":"sap.m.SearchField","properties":{"placeholder":"Search"},"searchOpenDialogs":true,"interaction":{"idSuffix":"I"}},"clearTextFirst":true,"interactionType":"ENTER_TEXT"}]}
COMMAND: POST /session/188695daba6f4123f2015bbe49059169/actions - {"actions":[{"id":"action15","type":"key","parameters":{},"actions":[{"type":"keyDown","value":"î€‡"},{"type":"pause","duration":10},{"type":"keyUp","value":"î€‡"}]}]}
RESULT: {}
RESULT: {"actions":[{"id":"action15","type":"key","parameters":{},"actions":[{"type":"keyDown","value":"î€‡"},{"type":"pause","duration":10},{"type":"keyUp","value":"î€‡"}]}]}
COMMAND: GET /session/188695daba6f4123f2015bbe49059169/screenshot - {}
RESULT: {}
COMMAND: POST /session/188695daba6f4123f2015bbe49059169/element - {"using":"xpath","value":"//span[contains(text(), \"Penguins - Field/12345 Berlin\")]"}
RESULT: {"using":"xpath","value":"//span[contains(text(), \"Penguins - Field/12345 Berlin\")]"}
COMMAND: POST /session/188695daba6f4123f2015bbe49059169/element/f.DEFD86E6D49D71B1F09B82144A2C9827.d.E1469A003B97EF0D94747A1F7F61E11D.e.5205/click - {}
RESULT: {}
COMMAND: GET /session/188695daba6f4123f2015bbe49059169/screenshot - {}
RESULT: {}
COMMAND: POST /session/188695daba6f4123f2015bbe49059169/element - {"using":"xpath","value":"//bdi[contains(text(), \"OK\")]"}
RESULT: {"using":"xpath","value":"//bdi[contains(text(), \"OK\")]"}
COMMAND: POST /session/188695daba6f4123f2015bbe49059169/element/f.DEFD86E6D49D71B1F09B82144A2C9827.d.E1469A003B97EF0D94747A1F7F61E11D.e.5206/click - {}
RESULT: {}
COMMAND: GET /session/188695daba6f4123f2015bbe49059169/screenshot - {}
RESULT: {}
COMMAND: POST /session/188695daba6f4123f2015bbe49059169/element - {"using":"xpath","value":"//button[@data-kt=\"saveButton\"]"}
RESULT: {"using":"xpath","value":"//button[@data-kt=\"saveButton\"]"}
COMMAND: POST /session/188695daba6f4123f2015bbe49059169/element/f.DEFD86E6D49D71B1F09B82144A2C9827.d.E1469A003B97EF0D94747A1F7F61E11D.e.4973/click - {}
RESULT: {}
COMMAND: GET /session/188695daba6f4123f2015bbe49059169/screenshot - {}
RESULT: {}
COMMAND: POST /session/188695daba6f4123f2015bbe49059169/element - {"using":"xpath","value":"//header[contains(@id, 'ObjectPageLayout-headerTitle')]/div[1]/div[2]/div[2]/span[1]"}
RESULT: {"using":"xpath","value":"//header[contains(@id, 'ObjectPageLayout-headerTitle')]/div[1]/div[2]/div[2]/span[1]"}
COMMAND: POST /session/188695daba6f4123f2015bbe49059169/elements - {"using":"xpath","value":"//header[contains(@id, 'ObjectPageLayout-headerTitle')]/div[1]/div[2]/div[2]/span[1]"}
RESULT: {"using":"xpath","value":"//header[contains(@id, 'ObjectPageLayout-headerTitle')]/div[1]/div[2]/div[2]/span[1]"}
COMMAND: POST /session/188695daba6f4123f2015bbe49059169/execute/sync - {"script":"<script> [56 bytes]","args":[{"element-6066-11e4-a52e-4f735466cecf":"f.DEFD86E6D49D71B1F09B82144A2C9827.d.E1469A003B97EF0D94747A1F7F61E11D.e.5372","ELEMENT":"f.DEFD86E6D49D71B1F09B82144A2C9827.d.E1469A003B97EF0D94747A1F7F61E11D.e.5372"}]}
RESULT: {"script":"<script> [56 bytes]","args":[{"element-6066-11e4-a52e-4f735466cecf":"f.DEFD86E6D49D71B1F09B82144A2C9827.d.E1469A003B97EF0D94747A1F7F61E11D.e.5372","ELEMENT":"f.DEFD86E6D49D71B1F09B82144A2C9827.d.E1469A003B97EF0D94747A1F7F61E11D.e.5372"}]}
COMMAND: POST /session/188695daba6f4123f2015bbe49059169/element - {"using":"css selector","value":"#shell-header-logo"}
COMMAND: GET /session/188695daba6f4123f2015bbe49059169/screenshot - {}
RESULT: {"using":"css selector","value":"#shell-header-logo"}
COMMAND: POST /session/188695daba6f4123f2015bbe49059169/element/f.DEFD86E6D49D71B1F09B82144A2C9827.d.E1469A003B97EF0D94747A1F7F61E11D.e.4586/click - {}
RESULT: {}
RESULT: {}
COMMAND: GET /session/188695daba6f4123f2015bbe49059169/screenshot - {}
RESULT: {}
COMMAND: POST /session/188695daba6f4123f2015bbe49059169/execute/sync - {"script":"<script> [299 bytes]","args":[["getModel","getResource"]]}
RESULT: {"script":"<script> [299 bytes]","args":[["getModel","getResource"]]}
RESULT: undefined
COMMAND: POST /session/188695daba6f4123f2015bbe49059169/element - {"using":"xpath","value":"//*[@id=\"__tile30\"]"}
COMMAND: GET /session/188695daba6f4123f2015bbe49059169/screenshot - {}
RESULT: {"using":"xpath","value":"//*[@id=\"__tile30\"]"}
COMMAND: POST /session/188695daba6f4123f2015bbe49059169/element/f.DEFD86E6D49D71B1F09B82144A2C9827.d.E1469A003B97EF0D94747A1F7F61E11D.e.4506/click - {}
RESULT: {}
RESULT: {}
COMMAND: GET /session/188695daba6f4123f2015bbe49059169/screenshot - {}
RESULT: {}
COMMAND: POST /session/188695daba6f4123f2015bbe49059169/elements - {"using":"xpath","value":"//span[text()='Error']"}
RESULT: {"using":"xpath","value":"//span[text()='Error']"}
COMMAND: POST /session/188695daba6f4123f2015bbe49059169/element - {"using":"xpath","value":"//button[@data-kt=\"addButton\"]"}
RESULT: {"using":"xpath","value":"//button[@data-kt=\"addButton\"]"}
COMMAND: POST /session/188695daba6f4123f2015bbe49059169/elements - {"using":"xpath","value":"//button[@data-kt=\"addButton\"]"}
RESULT: {"using":"xpath","value":"//button[@data-kt=\"addButton\"]"}
COMMAND: POST /session/188695daba6f4123f2015bbe49059169/elements - {"using":"xpath","value":"//button[@data-kt=\"addButton\"]"}
RESULT: {"using":"xpath","value":"//button[@data-kt=\"addButton\"]"}
COMMAND: POST /session/188695daba6f4123f2015bbe49059169/element - {"using":"xpath","value":"//button[@data-kt=\"addButton\"]"}
RESULT: {"using":"xpath","value":"//button[@data-kt=\"addButton\"]"}
COMMAND: POST /session/188695daba6f4123f2015bbe49059169/execute/sync - {"script":"<script> [8489 bytes]","args":[{"element-6066-11e4-a52e-4f735466cecf":"f.DEFD86E6D49D71B1F09B82144A2C9827.d.E1469A003B97EF0D94747A1F7F61E11D.e.5408","ELEMENT":"f.DEFD86E6D49D71B1F09B82144A2C9827.d.E1469A003B97EF0D94747A1F7F61E11D.e.5408"}]}
RESULT: {"script":"<script> [8489 bytes]","args":[{"element-6066-11e4-a52e-4f735466cecf":"f.DEFD86E6D49D71B1F09B82144A2C9827.d.E1469A003B97EF0D94747A1F7F61E11D.e.5408","ELEMENT":"f.DEFD86E6D49D71B1F09B82144A2C9827.d.E1469A003B97EF0D94747A1F7F61E11D.e.5408"}]}
COMMAND: GET /session/188695daba6f4123f2015bbe49059169/element/f.DEFD86E6D49D71B1F09B82144A2C9827.d.E1469A003B97EF0D94747A1F7F61E11D.e.5408/enabled - {}
COMMAND: GET /session/188695daba6f4123f2015bbe49059169/screenshot - {}
RESULT: {}
COMMAND: POST /session/188695daba6f4123f2015bbe49059169/execute/sync - {"script":"<script> [8489 bytes]","args":[{"element-6066-11e4-a52e-4f735466cecf":"f.DEFD86E6D49D71B1F09B82144A2C9827.d.E1469A003B97EF0D94747A1F7F61E11D.e.5408","ELEMENT":"f.DEFD86E6D49D71B1F09B82144A2C9827.d.E1469A003B97EF0D94747A1F7F61E11D.e.5408"}]}
COMMAND: GET /session/188695daba6f4123f2015bbe49059169/screenshot - {}
RESULT: {}
RESULT: {"script":"<script> [8489 bytes]","args":[{"element-6066-11e4-a52e-4f735466cecf":"f.DEFD86E6D49D71B1F09B82144A2C9827.d.E1469A003B97EF0D94747A1F7F61E11D.e.5408","ELEMENT":"f.DEFD86E6D49D71B1F09B82144A2C9827.d.E1469A003B97EF0D94747A1F7F61E11D.e.5408"}]}
COMMAND: POST /session/188695daba6f4123f2015bbe49059169/execute/sync - {"script":"<script> [5351 bytes]","args":[{"element-6066-11e4-a52e-4f735466cecf":"f.DEFD86E6D49D71B1F09B82144A2C9827.d.E1469A003B97EF0D94747A1F7F61E11D.e.5408","ELEMENT":"f.DEFD86E6D49D71B1F09B82144A2C9827.d.E1469A003B97EF0D94747A1F7F61E11D.e.5408"}]}
COMMAND: GET /session/188695daba6f4123f2015bbe49059169/screenshot - {}
RESULT: {}
RESULT: {"script":"<script> [5351 bytes]","args":[{"element-6066-11e4-a52e-4f735466cecf":"f.DEFD86E6D49D71B1F09B82144A2C9827.d.E1469A003B97EF0D94747A1F7F61E11D.e.5408","ELEMENT":"f.DEFD86E6D49D71B1F09B82144A2C9827.d.E1469A003B97EF0D94747A1F7F61E11D.e.5408"}]}
COMMAND: GET /session/188695daba6f4123f2015bbe49059169/screenshot - {}
RESULT: {}
RESULT: {}
COMMAND: POST /session/188695daba6f4123f2015bbe49059169/execute/async - {"script":"<script> [1562 bytes]","args":[{"selector":{"id":"application-managepartners-display-component---masterPtm--smartFilterBar-btnBasicSearch","interaction":{"idSuffix":"I"}},"wdio_ui5_key":"applicationmanagepartners-display-component---masterPtm--smartFilterBar-btnBasicSearch"}]}
RESULT: {"script":"<script> [1562 bytes]","args":[{"selector":{"id":"application-managepartners-display-component---masterPtm--smartFilterBar-btnBasicSearch","interaction":{"idSuffix":"I"}},"wdio_ui5_key":"applicationmanagepartners-display-component---masterPtm--smartFilterBar-btnBasicSearch"}]}
RESULT: undefined
COMMAND: POST /session/188695daba6f4123f2015bbe49059169/execute/async - {"script":"<script> [776 bytes]","args":[{"enterText":"1314","selector":{"id":"application-managepartners-display-component---masterPtm--smartFilterBar-btnBasicSearch","interaction":{"idSuffix":"I"}},"clearTextFirst":true,"interactionType":"ENTER_TEXT"}]}
RESULT: {"script":"<script> [776 bytes]","args":[{"enterText":"1314","selector":{"id":"application-managepartners-display-component---masterPtm--smartFilterBar-btnBasicSearch","interaction":{"idSuffix":"I"}},"clearTextFirst":true,"interactionType":"ENTER_TEXT"}]}
COMMAND: POST /session/188695daba6f4123f2015bbe49059169/actions - {"actions":[{"id":"action16","type":"key","parameters":{},"actions":[{"type":"keyDown","value":"î€‡"},{"type":"pause","duration":10},{"type":"keyUp","value":"î€‡"}]}]}
RESULT: {"actions":[{"id":"action16","type":"key","parameters":{},"actions":[{"type":"keyDown","value":"î€‡"},{"type":"pause","duration":10},{"type":"keyUp","value":"î€‡"}]}]}
COMMAND: GET /session/188695daba6f4123f2015bbe49059169/screenshot - {}
RESULT: {}
COMMAND: POST /session/188695daba6f4123f2015bbe49059169/elements - {"using":"xpath","value":"//table[contains(@id, \"customPartnersTable-listUl\")]/tbody/tr"}
RESULT: {"using":"xpath","value":"//table[contains(@id, \"customPartnersTable-listUl\")]/tbody/tr"}
COMMAND: POST /session/188695daba6f4123f2015bbe49059169/element - {"using":"xpath","value":"//table[contains(@id, \"customPartnersTable-listUl\")]/tbody/tr[1]/td[3]/span"}
RESULT: {"using":"xpath","value":"//table[contains(@id, \"customPartnersTable-listUl\")]/tbody/tr[1]/td[3]/span"}
COMMAND: POST /session/188695daba6f4123f2015bbe49059169/elements - {"using":"xpath","value":"//table[contains(@id, \"customPartnersTable-listUl\")]/tbody/tr[1]/td[3]/span"}
RESULT: {"using":"xpath","value":"//table[contains(@id, \"customPartnersTable-listUl\")]/tbody/tr[1]/td[3]/span"}
COMMAND: POST /session/188695daba6f4123f2015bbe49059169/execute/sync - {"script":"<script> [56 bytes]","args":[{"element-6066-11e4-a52e-4f735466cecf":"f.DEFD86E6D49D71B1F09B82144A2C9827.d.E1469A003B97EF0D94747A1F7F61E11D.e.5557","ELEMENT":"f.DEFD86E6D49D71B1F09B82144A2C9827.d.E1469A003B97EF0D94747A1F7F61E11D.e.5557"}]}
RESULT: {"script":"<script> [56 bytes]","args":[{"element-6066-11e4-a52e-4f735466cecf":"f.DEFD86E6D49D71B1F09B82144A2C9827.d.E1469A003B97EF0D94747A1F7F61E11D.e.5557","ELEMENT":"f.DEFD86E6D49D71B1F09B82144A2C9827.d.E1469A003B97EF0D94747A1F7F61E11D.e.5557"}]}
COMMAND: POST /session/188695daba6f4123f2015bbe49059169/element - {"using":"xpath","value":"(//span[contains(@id, \"imgNav\")])[1]"}
COMMAND: GET /session/188695daba6f4123f2015bbe49059169/screenshot - {}
RESULT: {"using":"xpath","value":"(//span[contains(@id, \"imgNav\")])[1]"}
COMMAND: POST /session/188695daba6f4123f2015bbe49059169/element/f.DEFD86E6D49D71B1F09B82144A2C9827.d.E1469A003B97EF0D94747A1F7F61E11D.e.5555/click - {}
RESULT: {}
RESULT: {}
COMMAND: GET /session/188695daba6f4123f2015bbe49059169/screenshot - {}
RESULT: {}
COMMAND: POST /session/188695daba6f4123f2015bbe49059169/element - {"using":"xpath","value":"//bdi[contains(text(), \"Edit\")]"}
RESULT: {"using":"xpath","value":"//bdi[contains(text(), \"Edit\")]"}
COMMAND: POST /session/188695daba6f4123f2015bbe49059169/element/f.DEFD86E6D49D71B1F09B82144A2C9827.d.E1469A003B97EF0D94747A1F7F61E11D.e.5705/click - {}
RESULT: {}
COMMAND: GET /session/188695daba6f4123f2015bbe49059169/screenshot - {}
RESULT: {}
COMMAND: POST /session/188695daba6f4123f2015bbe49059169/execute/async - {"script":"<script> [1562 bytes]","args":[{"selector":{"controlType":"sap.m.Input","viewName":"etm.portal.ui.managepartners.view.EditDetail","labelFor":{"text":"Name"},"interaction":{"idSuffix":"inner"}},"wdio_ui5_key":"etmportal.ui.managepartners.view.EditDetailsap.m.Input{\"text\":\"Name\"}"}]}
RESULT: {"script":"<script> [1562 bytes]","args":[{"selector":{"controlType":"sap.m.Input","viewName":"etm.portal.ui.managepartners.view.EditDetail","labelFor":{"text":"Name"},"interaction":{"idSuffix":"inner"}},"wdio_ui5_key":"etmportal.ui.managepartners.view.EditDetailsap.m.Input{\"text\":\"Name\"}"}]}
RESULT: undefined
COMMAND: POST /session/188695daba6f4123f2015bbe49059169/execute/async - {"script":"<script> [776 bytes]","args":[{"enterText":"Intracompany EDIT","selector":{"controlType":"sap.m.Input","viewName":"etm.portal.ui.managepartners.view.EditDetail","labelFor":{"text":"Name"},"interaction":{"idSuffix":"inner"}},"clearTextFirst":true,"interactionType":"ENTER_TEXT"}]}
RESULT: {"script":"<script> [776 bytes]","args":[{"enterText":"Intracompany EDIT","selector":{"controlType":"sap.m.Input","viewName":"etm.portal.ui.managepartners.view.EditDetail","labelFor":{"text":"Name"},"interaction":{"idSuffix":"inner"}},"clearTextFirst":true,"interactionType":"ENTER_TEXT"}]}
COMMAND: POST /session/188695daba6f4123f2015bbe49059169/element - {"using":"xpath","value":"(//span[contains(@id,\"addressDetailDetailsLanguage-arrow\")])[1]"}
RESULT: {"using":"xpath","value":"(//span[contains(@id,\"addressDetailDetailsLanguage-arrow\")])[1]"}
COMMAND: POST /session/188695daba6f4123f2015bbe49059169/element/f.DEFD86E6D49D71B1F09B82144A2C9827.d.E1469A003B97EF0D94747A1F7F61E11D.e.5786/click - {}
RESULT: {}
COMMAND: POST /session/188695daba6f4123f2015bbe49059169/element - {"using":"xpath","value":"//span[contains(text(), \"Chinese\")]"}
COMMAND: GET /session/188695daba6f4123f2015bbe49059169/screenshot - {}
RESULT: {"using":"xpath","value":"//span[contains(text(), \"Chinese\")]"}
COMMAND: POST /session/188695daba6f4123f2015bbe49059169/element/f.DEFD86E6D49D71B1F09B82144A2C9827.d.E1469A003B97EF0D94747A1F7F61E11D.e.5787/click - {}
RESULT: {}
RESULT: {}
COMMAND: GET /session/188695daba6f4123f2015bbe49059169/screenshot - {}
RESULT: {}
COMMAND: POST /session/188695daba6f4123f2015bbe49059169/execute/async - {"script":"<script> [1562 bytes]","args":[{"selector":{"controlType":"sap.m.Input","viewName":"etm.portal.ui.managepartners.view.EditDetail","labelFor":{"text":"City"},"interaction":{"idSuffix":"inner"}},"wdio_ui5_key":"etmportal.ui.managepartners.view.EditDetailsap.m.Input{\"text\":\"City\"}"}]}
RESULT: {"script":"<script> [1562 bytes]","args":[{"selector":{"controlType":"sap.m.Input","viewName":"etm.portal.ui.managepartners.view.EditDetail","labelFor":{"text":"City"},"interaction":{"idSuffix":"inner"}},"wdio_ui5_key":"etmportal.ui.managepartners.view.EditDetailsap.m.Input{\"text\":\"City\"}"}]}
RESULT: undefined
COMMAND: POST /session/188695daba6f4123f2015bbe49059169/execute/async - {"script":"<script> [776 bytes]","args":[{"enterText":"Clooj-Napoca","selector":{"controlType":"sap.m.Input","viewName":"etm.portal.ui.managepartners.view.EditDetail","labelFor":{"text":"City"},"interaction":{"idSuffix":"inner"}},"clearTextFirst":true,"interactionType":"ENTER_TEXT"}]}
RESULT: {"script":"<script> [776 bytes]","args":[{"enterText":"Clooj-Napoca","selector":{"controlType":"sap.m.Input","viewName":"etm.portal.ui.managepartners.view.EditDetail","labelFor":{"text":"City"},"interaction":{"idSuffix":"inner"}},"clearTextFirst":true,"interactionType":"ENTER_TEXT"}]}
COMMAND: POST /session/188695daba6f4123f2015bbe49059169/element - {"using":"xpath","value":"//button[@data-kt=\"saveButton\"]"}
RESULT: {"using":"xpath","value":"//button[@data-kt=\"saveButton\"]"}
COMMAND: POST /session/188695daba6f4123f2015bbe49059169/element/f.DEFD86E6D49D71B1F09B82144A2C9827.d.E1469A003B97EF0D94747A1F7F61E11D.e.5764/click - {}
RESULT: {}
COMMAND: GET /session/188695daba6f4123f2015bbe49059169/screenshot - {}
RESULT: {}
COMMAND: POST /session/188695daba6f4123f2015bbe49059169/execute/async - {"script":"<script> [1562 bytes]","args":[{"selector":{"id":"application-managepartners-display-component---detailPtm--addressDetailDetailsName1"},"wdio_ui5_key":"applicationmanagepartners-display-component---detailPtm--addressDetailDetailsName1"}]}
RESULT: {"script":"<script> [1562 bytes]","args":[{"selector":{"id":"application-managepartners-display-component---detailPtm--addressDetailDetailsName1"},"wdio_ui5_key":"applicationmanagepartners-display-component---detailPtm--addressDetailDetailsName1"}]}
RESULT: undefined
COMMAND: POST /session/188695daba6f4123f2015bbe49059169/execute/async - {"script":"<script> [6424 bytes]","args":[{"element-6066-11e4-a52e-4f735466cecf":"f.DEFD86E6D49D71B1F09B82144A2C9827.d.E1469A003B97EF0D94747A1F7F61E11D.e.5818"},"getValue",[]]}
RESULT: {"script":"<script> [6424 bytes]","args":[{"element-6066-11e4-a52e-4f735466cecf":"f.DEFD86E6D49D71B1F09B82144A2C9827.d.E1469A003B97EF0D94747A1F7F61E11D.e.5818"},"getValue",[]]}
COMMAND: POST /session/188695daba6f4123f2015bbe49059169/element - {"using":"xpath","value":"//input[@id = \"application-managepartners-display-component---detailPtm--addressDetailDetailsLanguage-inner\"]"}
RESULT: {"using":"xpath","value":"//input[@id = \"application-managepartners-display-component---detailPtm--addressDetailDetailsLanguage-inner\"]"}
COMMAND: GET /session/188695daba6f4123f2015bbe49059169/element/f.DEFD86E6D49D71B1F09B82144A2C9827.d.E1469A003B97EF0D94747A1F7F61E11D.e.5819/property/value - {}
RESULT: {}
COMMAND: POST /session/188695daba6f4123f2015bbe49059169/execute/async - {"script":"<script> [1562 bytes]","args":[{"selector":{"id":"application-managepartners-display-component---detailPtm--addressDetailDetailsCity1"},"wdio_ui5_key":"applicationmanagepartners-display-component---detailPtm--addressDetailDetailsCity1"}]}
COMMAND: GET /session/188695daba6f4123f2015bbe49059169/screenshot - {}
RESULT: {"script":"<script> [1562 bytes]","args":[{"selector":{"id":"application-managepartners-display-component---detailPtm--addressDetailDetailsCity1"},"wdio_ui5_key":"applicationmanagepartners-display-component---detailPtm--addressDetailDetailsCity1"}]}
RESULT: undefined
COMMAND: POST /session/188695daba6f4123f2015bbe49059169/execute/async - {"script":"<script> [6424 bytes]","args":[{"element-6066-11e4-a52e-4f735466cecf":"f.DEFD86E6D49D71B1F09B82144A2C9827.d.E1469A003B97EF0D94747A1F7F61E11D.e.5820"},"getValue",[]]}
RESULT: {}
RESULT: {"script":"<script> [6424 bytes]","args":[{"element-6066-11e4-a52e-4f735466cecf":"f.DEFD86E6D49D71B1F09B82144A2C9827.d.E1469A003B97EF0D94747A1F7F61E11D.e.5820"},"getValue",[]]}
COMMAND: POST /session/188695daba6f4123f2015bbe49059169/element - {"using":"css selector","value":"#shell-header-logo"}
RESULT: {"using":"css selector","value":"#shell-header-logo"}
COMMAND: POST /session/188695daba6f4123f2015bbe49059169/element/f.DEFD86E6D49D71B1F09B82144A2C9827.d.E1469A003B97EF0D94747A1F7F61E11D.e.5375/click - {}
RESULT: {}
COMMAND: GET /session/188695daba6f4123f2015bbe49059169/screenshot - {}
RESULT: {}
]]></system-out>
    </testcase>
    <testcase classname="chrome.136_0_7103_93.windows.Partner_specific_tests_US150819_US151080_US151654_US151176_US103444_US151078_US151079_US151109_US151174_US151175_US151189" name="Should do filtering and navigation tests US151109" time="170.247">
      <system-out><![CDATA[
COMMAND: POST /session/188695daba6f4123f2015bbe49059169/element - {"using":"xpath","value":"//li[.//span[text()=\"Manage Partners\"]]"}
RESULT: {"using":"xpath","value":"//li[.//span[text()=\"Manage Partners\"]]"}
COMMAND: POST /session/188695daba6f4123f2015bbe49059169/element - {"using":"xpath","value":"//li[.//span[text()=\"Manage Partners\"]]"}
RESULT: {"using":"xpath","value":"//li[.//span[text()=\"Manage Partners\"]]"}
COMMAND: POST /session/188695daba6f4123f2015bbe49059169/element - {"using":"css selector","value":"#shell-header-logo"}
RESULT: {"using":"css selector","value":"#shell-header-logo"}
COMMAND: POST /session/188695daba6f4123f2015bbe49059169/element/f.DEFD86E6D49D71B1F09B82144A2C9827.d.E1469A003B97EF0D94747A1F7F61E11D.e.5851/click - {}
COMMAND: POST /session/188695daba6f4123f2015bbe49059169/execute/sync - {"script":"<script> [8489 bytes]","args":[{"element-6066-11e4-a52e-4f735466cecf":"f.DEFD86E6D49D71B1F09B82144A2C9827.d.E1469A003B97EF0D94747A1F7F61E11D.e.5851","ELEMENT":"f.DEFD86E6D49D71B1F09B82144A2C9827.d.E1469A003B97EF0D94747A1F7F61E11D.e.5851"}]}
RESULT: {}
COMMAND: GET /session/188695daba6f4123f2015bbe49059169/screenshot - {}
RESULT: {"script":"<script> [8489 bytes]","args":[{"element-6066-11e4-a52e-4f735466cecf":"f.DEFD86E6D49D71B1F09B82144A2C9827.d.E1469A003B97EF0D94747A1F7F61E11D.e.5851","ELEMENT":"f.DEFD86E6D49D71B1F09B82144A2C9827.d.E1469A003B97EF0D94747A1F7F61E11D.e.5851"}]}
COMMAND: POST /session/188695daba6f4123f2015bbe49059169/execute/sync - {"script":"<script> [5351 bytes]","args":[{"element-6066-11e4-a52e-4f735466cecf":"f.DEFD86E6D49D71B1F09B82144A2C9827.d.E1469A003B97EF0D94747A1F7F61E11D.e.5851","ELEMENT":"f.DEFD86E6D49D71B1F09B82144A2C9827.d.E1469A003B97EF0D94747A1F7F61E11D.e.5851"}]}
COMMAND: GET /session/188695daba6f4123f2015bbe49059169/screenshot - {}
RESULT: {}
RESULT: {"script":"<script> [5351 bytes]","args":[{"element-6066-11e4-a52e-4f735466cecf":"f.DEFD86E6D49D71B1F09B82144A2C9827.d.E1469A003B97EF0D94747A1F7F61E11D.e.5851","ELEMENT":"f.DEFD86E6D49D71B1F09B82144A2C9827.d.E1469A003B97EF0D94747A1F7F61E11D.e.5851"}]}
COMMAND: GET /session/188695daba6f4123f2015bbe49059169/screenshot - {}
RESULT: {}
RESULT: {}
RESULT: undefined
COMMAND: POST /session/188695daba6f4123f2015bbe49059169/element - {"using":"xpath","value":"//*[@id=\"__tile30\"]"}
RESULT: {"using":"xpath","value":"//*[@id=\"__tile30\"]"}
COMMAND: POST /session/188695daba6f4123f2015bbe49059169/element/f.DEFD86E6D49D71B1F09B82144A2C9827.d.E1469A003B97EF0D94747A1F7F61E11D.e.4506/click - {}
RESULT: {}
COMMAND: GET /session/188695daba6f4123f2015bbe49059169/screenshot - {}
RESULT: {}
COMMAND: POST /session/188695daba6f4123f2015bbe49059169/elements - {"using":"xpath","value":"//span[text()='Error']"}
RESULT: {"using":"xpath","value":"//span[text()='Error']"}
COMMAND: POST /session/188695daba6f4123f2015bbe49059169/element - {"using":"xpath","value":"//button[@data-kt=\"addButton\"]"}
RESULT: {"using":"xpath","value":"//button[@data-kt=\"addButton\"]"}
COMMAND: POST /session/188695daba6f4123f2015bbe49059169/elements - {"using":"xpath","value":"//button[@data-kt=\"addButton\"]"}
RESULT: {"using":"xpath","value":"//button[@data-kt=\"addButton\"]"}
COMMAND: POST /session/188695daba6f4123f2015bbe49059169/execute/sync - {"script":"<script> [8489 bytes]","args":[{"element-6066-11e4-a52e-4f735466cecf":"f.DEFD86E6D49D71B1F09B82144A2C9827.d.E1469A003B97EF0D94747A1F7F61E11D.e.5897","ELEMENT":"f.DEFD86E6D49D71B1F09B82144A2C9827.d.E1469A003B97EF0D94747A1F7F61E11D.e.5897"}]}
RESULT: {"script":"<script> [8489 bytes]","args":[{"element-6066-11e4-a52e-4f735466cecf":"f.DEFD86E6D49D71B1F09B82144A2C9827.d.E1469A003B97EF0D94747A1F7F61E11D.e.5897","ELEMENT":"f.DEFD86E6D49D71B1F09B82144A2C9827.d.E1469A003B97EF0D94747A1F7F61E11D.e.5897"}]}
COMMAND: GET /session/188695daba6f4123f2015bbe49059169/element/f.DEFD86E6D49D71B1F09B82144A2C9827.d.E1469A003B97EF0D94747A1F7F61E11D.e.5897/enabled - {}
COMMAND: GET /session/188695daba6f4123f2015bbe49059169/screenshot - {}
RESULT: {}
COMMAND: POST /session/188695daba6f4123f2015bbe49059169/execute/sync - {"script":"<script> [8489 bytes]","args":[{"element-6066-11e4-a52e-4f735466cecf":"f.DEFD86E6D49D71B1F09B82144A2C9827.d.E1469A003B97EF0D94747A1F7F61E11D.e.5897","ELEMENT":"f.DEFD86E6D49D71B1F09B82144A2C9827.d.E1469A003B97EF0D94747A1F7F61E11D.e.5897"}]}
COMMAND: GET /session/188695daba6f4123f2015bbe49059169/screenshot - {}
RESULT: {}
RESULT: {"script":"<script> [8489 bytes]","args":[{"element-6066-11e4-a52e-4f735466cecf":"f.DEFD86E6D49D71B1F09B82144A2C9827.d.E1469A003B97EF0D94747A1F7F61E11D.e.5897","ELEMENT":"f.DEFD86E6D49D71B1F09B82144A2C9827.d.E1469A003B97EF0D94747A1F7F61E11D.e.5897"}]}
COMMAND: POST /session/188695daba6f4123f2015bbe49059169/execute/sync - {"script":"<script> [5351 bytes]","args":[{"element-6066-11e4-a52e-4f735466cecf":"f.DEFD86E6D49D71B1F09B82144A2C9827.d.E1469A003B97EF0D94747A1F7F61E11D.e.5897","ELEMENT":"f.DEFD86E6D49D71B1F09B82144A2C9827.d.E1469A003B97EF0D94747A1F7F61E11D.e.5897"}]}
COMMAND: GET /session/188695daba6f4123f2015bbe49059169/screenshot - {}
RESULT: {}
RESULT: {"script":"<script> [5351 bytes]","args":[{"element-6066-11e4-a52e-4f735466cecf":"f.DEFD86E6D49D71B1F09B82144A2C9827.d.E1469A003B97EF0D94747A1F7F61E11D.e.5897","ELEMENT":"f.DEFD86E6D49D71B1F09B82144A2C9827.d.E1469A003B97EF0D94747A1F7F61E11D.e.5897"}]}
COMMAND: GET /session/188695daba6f4123f2015bbe49059169/screenshot - {}
RESULT: {}
RESULT: {}
COMMAND: POST /session/188695daba6f4123f2015bbe49059169/element - {"using":"xpath","value":"//span[@id=\"application-managepartners-display-component---masterPtm--smartTable-header-inner\"]"}
RESULT: {"using":"xpath","value":"//span[@id=\"application-managepartners-display-component---masterPtm--smartTable-header-inner\"]"}
COMMAND: POST /session/188695daba6f4123f2015bbe49059169/elements - {"using":"xpath","value":"//span[@id=\"application-managepartners-display-component---masterPtm--smartTable-header-inner\"]"}
RESULT: {"using":"xpath","value":"//span[@id=\"application-managepartners-display-component---masterPtm--smartTable-header-inner\"]"}
COMMAND: POST /session/188695daba6f4123f2015bbe49059169/execute/sync - {"script":"<script> [56 bytes]","args":[{"element-6066-11e4-a52e-4f735466cecf":"f.DEFD86E6D49D71B1F09B82144A2C9827.d.E1469A003B97EF0D94747A1F7F61E11D.e.6022","ELEMENT":"f.DEFD86E6D49D71B1F09B82144A2C9827.d.E1469A003B97EF0D94747A1F7F61E11D.e.6022"}]}
RESULT: {"script":"<script> [56 bytes]","args":[{"element-6066-11e4-a52e-4f735466cecf":"f.DEFD86E6D49D71B1F09B82144A2C9827.d.E1469A003B97EF0D94747A1F7F61E11D.e.6022","ELEMENT":"f.DEFD86E6D49D71B1F09B82144A2C9827.d.E1469A003B97EF0D94747A1F7F61E11D.e.6022"}]}
RESULT: undefined
COMMAND: POST /session/188695daba6f4123f2015bbe49059169/execute/async - {"script":"<script> [776 bytes]","args":[{"enterText":"External Partner WDIO","selector":{"id":"application-managepartners-display-component---masterPtm--smartFilterBar-btnBasicSearch","interaction":{"idSuffix":"I"}},"clearTextFirst":true,"interactionType":"ENTER_TEXT"}]}
COMMAND: GET /session/188695daba6f4123f2015bbe49059169/screenshot - {}
RESULT: {"script":"<script> [776 bytes]","args":[{"enterText":"External Partner WDIO","selector":{"id":"application-managepartners-display-component---masterPtm--smartFilterBar-btnBasicSearch","interaction":{"idSuffix":"I"}},"clearTextFirst":true,"interactionType":"ENTER_TEXT"}]}
RESULT: {}
COMMAND: POST /session/188695daba6f4123f2015bbe49059169/actions - {"actions":[{"id":"action17","type":"key","parameters":{},"actions":[{"type":"keyDown","value":"î€‡"},{"type":"pause","duration":10},{"type":"keyUp","value":"î€‡"}]}]}
RESULT: {"actions":[{"id":"action17","type":"key","parameters":{},"actions":[{"type":"keyDown","value":"î€‡"},{"type":"pause","duration":10},{"type":"keyUp","value":"î€‡"}]}]}
COMMAND: GET /session/188695daba6f4123f2015bbe49059169/screenshot - {}
RESULT: {}
COMMAND: POST /session/188695daba6f4123f2015bbe49059169/element - {"using":"xpath","value":"//span[@id=\"application-managepartners-display-component---masterPtm--smartTable-header-inner\"]"}
RESULT: {"using":"xpath","value":"//span[@id=\"application-managepartners-display-component---masterPtm--smartTable-header-inner\"]"}
COMMAND: POST /session/188695daba6f4123f2015bbe49059169/elements - {"using":"xpath","value":"//span[@id=\"application-managepartners-display-component---masterPtm--smartTable-header-inner\"]"}
RESULT: {"using":"xpath","value":"//span[@id=\"application-managepartners-display-component---masterPtm--smartTable-header-inner\"]"}
COMMAND: POST /session/188695daba6f4123f2015bbe49059169/execute/sync - {"script":"<script> [56 bytes]","args":[{"element-6066-11e4-a52e-4f735466cecf":"f.DEFD86E6D49D71B1F09B82144A2C9827.d.E1469A003B97EF0D94747A1F7F61E11D.e.6022","ELEMENT":"f.DEFD86E6D49D71B1F09B82144A2C9827.d.E1469A003B97EF0D94747A1F7F61E11D.e.6022"}]}
RESULT: {"script":"<script> [56 bytes]","args":[{"element-6066-11e4-a52e-4f735466cecf":"f.DEFD86E6D49D71B1F09B82144A2C9827.d.E1469A003B97EF0D94747A1F7F61E11D.e.6022","ELEMENT":"f.DEFD86E6D49D71B1F09B82144A2C9827.d.E1469A003B97EF0D94747A1F7F61E11D.e.6022"}]}
COMMAND: POST /session/188695daba6f4123f2015bbe49059169/element - {"using":"xpath","value":"//div[contains(@id, \"managepartners-display-component---masterPtm--smartFilterBar-btnBasicSearch-reset\")]"}
COMMAND: GET /session/188695daba6f4123f2015bbe49059169/screenshot - {}
RESULT: {"using":"xpath","value":"//div[contains(@id, \"managepartners-display-component---masterPtm--smartFilterBar-btnBasicSearch-reset\")]"}
COMMAND: POST /session/188695daba6f4123f2015bbe49059169/element/f.DEFD86E6D49D71B1F09B82144A2C9827.d.E1469A003B97EF0D94747A1F7F61E11D.e.6178/click - {}
RESULT: {}
RESULT: {}
COMMAND: GET /session/188695daba6f4123f2015bbe49059169/screenshot - {}
RESULT: {}
COMMAND: POST /session/188695daba6f4123f2015bbe49059169/execute/async - {"script":"<script> [1562 bytes]","args":[{"selector":{"id":"application-managepartners-display-component---masterPtm--smartFilterBar-filterItemControl_BASIC-MAIN_ADDRESS-vhi"},"wdio_ui5_key":"applicationmanagepartners-display-component---masterPtm--smartFilterBar-filterItemControl_BASIC-MAIN_ADDRESS-vhi"}]}
RESULT: {"script":"<script> [1562 bytes]","args":[{"selector":{"id":"application-managepartners-display-component---masterPtm--smartFilterBar-filterItemControl_BASIC-MAIN_ADDRESS-vhi"},"wdio_ui5_key":"applicationmanagepartners-display-component---masterPtm--smartFilterBar-filterItemControl_BASIC-MAIN_ADDRESS-vhi"}]}
RESULT: undefined
COMMAND: POST /session/188695daba6f4123f2015bbe49059169/element - {"using":"xpath","value":"//*[@id=\"application-managepartners-display-component---masterPtm--smartFilterBar-filterItemControl_BASIC-MAIN_ADDRESS-vhi\"]"}
RESULT: {"using":"xpath","value":"//*[@id=\"application-managepartners-display-component---masterPtm--smartFilterBar-filterItemControl_BASIC-MAIN_ADDRESS-vhi\"]"}
COMMAND: POST /session/188695daba6f4123f2015bbe49059169/element/f.DEFD86E6D49D71B1F09B82144A2C9827.d.E1469A003B97EF0D94747A1F7F61E11D.e.6255/click - {}
RESULT: {}
COMMAND: GET /session/188695daba6f4123f2015bbe49059169/screenshot - {}
RESULT: {}
COMMAND: POST /session/188695daba6f4123f2015bbe49059169/execute/async - {"script":"<script> [1562 bytes]","args":[{"selector":{"id":"application-managepartners-display-component---masterPtm--smartFilterBar-filterItemControl_BASIC-MAIN_ADDRESS-valueHelpDialog-smartFilterBar-btnBasicSearch","searchOpenDialogs":true,"interaction":{"idSuffix":"I"}},"wdio_ui5_key":"applicationmanagepartners-display-component---masterPtm--smartFilterBar-filterItemControl_BASIC-MAIN_ADDRESS-valueHelpDialog-smartFilterBar-btnBasicSearch"}]}
RESULT: {"script":"<script> [1562 bytes]","args":[{"selector":{"id":"application-managepartners-display-component---masterPtm--smartFilterBar-filterItemControl_BASIC-MAIN_ADDRESS-valueHelpDialog-smartFilterBar-btnBasicSearch","searchOpenDialogs":true,"interaction":{"idSuffix":"I"}},"wdio_ui5_key":"applicationmanagepartners-display-component---masterPtm--smartFilterBar-filterItemControl_BASIC-MAIN_ADDRESS-valueHelpDialog-smartFilterBar-btnBasicSearch"}]}
RESULT: undefined
COMMAND: POST /session/188695daba6f4123f2015bbe49059169/execute/async - {"script":"<script> [776 bytes]","args":[{"enterText":"Romania","selector":{"id":"application-managepartners-display-component---masterPtm--smartFilterBar-filterItemControl_BASIC-MAIN_ADDRESS-valueHelpDialog-smartFilterBar-btnBasicSearch","searchOpenDialogs":true,"interaction":{"idSuffix":"I"}},"clearTextFirst":true,"interactionType":"ENTER_TEXT"}]}
RESULT: {"script":"<script> [776 bytes]","args":[{"enterText":"Romania","selector":{"id":"application-managepartners-display-component---masterPtm--smartFilterBar-filterItemControl_BASIC-MAIN_ADDRESS-valueHelpDialog-smartFilterBar-btnBasicSearch","searchOpenDialogs":true,"interaction":{"idSuffix":"I"}},"clearTextFirst":true,"interactionType":"ENTER_TEXT"}]}
COMMAND: POST /session/188695daba6f4123f2015bbe49059169/actions - {"actions":[{"id":"action18","type":"key","parameters":{},"actions":[{"type":"keyDown","value":"î€‡"},{"type":"pause","duration":10},{"type":"keyUp","value":"î€‡"}]}]}
RESULT: {"actions":[{"id":"action18","type":"key","parameters":{},"actions":[{"type":"keyDown","value":"î€‡"},{"type":"pause","duration":10},{"type":"keyUp","value":"î€‡"}]}]}
COMMAND: POST /session/188695daba6f4123f2015bbe49059169/elements - {"using":"xpath","value":"//table[contains(@id, \"smartFilterBar-filterItemControl_BASIC-MAIN_ADDRESS-valueHelpDialog-table-table\")]/tbody/tr"}
COMMAND: GET /session/188695daba6f4123f2015bbe49059169/screenshot - {}
RESULT: {"using":"xpath","value":"//table[contains(@id, \"smartFilterBar-filterItemControl_BASIC-MAIN_ADDRESS-valueHelpDialog-table-table\")]/tbody/tr"}
COMMAND: POST /session/188695daba6f4123f2015bbe49059169/element - {"using":"xpath","value":"//table[contains(@id, \"smartFilterBar-filterItemControl_BASIC-MAIN_ADDRESS-valueHelpDialog-table-table\")]/tbody/tr[1]/td[1]/div/span"}
RESULT: {}
RESULT: {"using":"xpath","value":"//table[contains(@id, \"smartFilterBar-filterItemControl_BASIC-MAIN_ADDRESS-valueHelpDialog-table-table\")]/tbody/tr[1]/td[1]/div/span"}
COMMAND: POST /session/188695daba6f4123f2015bbe49059169/elements - {"using":"xpath","value":"//table[contains(@id, \"smartFilterBar-filterItemControl_BASIC-MAIN_ADDRESS-valueHelpDialog-table-table\")]/tbody/tr[1]/td[1]/div/span"}
RESULT: {"using":"xpath","value":"//table[contains(@id, \"smartFilterBar-filterItemControl_BASIC-MAIN_ADDRESS-valueHelpDialog-table-table\")]/tbody/tr[1]/td[1]/div/span"}
COMMAND: POST /session/188695daba6f4123f2015bbe49059169/execute/sync - {"script":"<script> [56 bytes]","args":[{"element-6066-11e4-a52e-4f735466cecf":"f.DEFD86E6D49D71B1F09B82144A2C9827.d.E1469A003B97EF0D94747A1F7F61E11D.e.6276","ELEMENT":"f.DEFD86E6D49D71B1F09B82144A2C9827.d.E1469A003B97EF0D94747A1F7F61E11D.e.6276"}]}
RESULT: {"script":"<script> [56 bytes]","args":[{"element-6066-11e4-a52e-4f735466cecf":"f.DEFD86E6D49D71B1F09B82144A2C9827.d.E1469A003B97EF0D94747A1F7F61E11D.e.6276","ELEMENT":"f.DEFD86E6D49D71B1F09B82144A2C9827.d.E1469A003B97EF0D94747A1F7F61E11D.e.6276"}]}
COMMAND: POST /session/188695daba6f4123f2015bbe49059169/element - {"using":"xpath","value":"//div[contains(@id, \"filterItemControl_BASIC-MAIN_ADDRESS-valueHelpDialog-table-rowsel0\")]"}
COMMAND: GET /session/188695daba6f4123f2015bbe49059169/screenshot - {}
RESULT: {"using":"xpath","value":"//div[contains(@id, \"filterItemControl_BASIC-MAIN_ADDRESS-valueHelpDialog-table-rowsel0\")]"}
COMMAND: POST /session/188695daba6f4123f2015bbe49059169/element/f.DEFD86E6D49D71B1F09B82144A2C9827.d.E1469A003B97EF0D94747A1F7F61E11D.e.6277/click - {}
RESULT: {}
RESULT: {}
COMMAND: GET /session/188695daba6f4123f2015bbe49059169/screenshot - {}
RESULT: {}
COMMAND: POST /session/188695daba6f4123f2015bbe49059169/element - {"using":"xpath","value":"(//bdi[contains(text(), \"OK\")])[1]"}
RESULT: {"using":"xpath","value":"(//bdi[contains(text(), \"OK\")])[1]"}
COMMAND: POST /session/188695daba6f4123f2015bbe49059169/element/f.DEFD86E6D49D71B1F09B82144A2C9827.d.E1469A003B97EF0D94747A1F7F61E11D.e.6279/click - {}
RESULT: {}
COMMAND: GET /session/188695daba6f4123f2015bbe49059169/screenshot - {}
RESULT: {}
COMMAND: POST /session/188695daba6f4123f2015bbe49059169/element - {"using":"xpath","value":"//span[@id=\"application-managepartners-display-component---masterPtm--smartTable-header-inner\"]"}
RESULT: {"using":"xpath","value":"//span[@id=\"application-managepartners-display-component---masterPtm--smartTable-header-inner\"]"}
COMMAND: POST /session/188695daba6f4123f2015bbe49059169/elements - {"using":"xpath","value":"//span[@id=\"application-managepartners-display-component---masterPtm--smartTable-header-inner\"]"}
RESULT: {"using":"xpath","value":"//span[@id=\"application-managepartners-display-component---masterPtm--smartTable-header-inner\"]"}
COMMAND: POST /session/188695daba6f4123f2015bbe49059169/execute/sync - {"script":"<script> [56 bytes]","args":[{"element-6066-11e4-a52e-4f735466cecf":"f.DEFD86E6D49D71B1F09B82144A2C9827.d.E1469A003B97EF0D94747A1F7F61E11D.e.6022","ELEMENT":"f.DEFD86E6D49D71B1F09B82144A2C9827.d.E1469A003B97EF0D94747A1F7F61E11D.e.6022"}]}
RESULT: {"script":"<script> [56 bytes]","args":[{"element-6066-11e4-a52e-4f735466cecf":"f.DEFD86E6D49D71B1F09B82144A2C9827.d.E1469A003B97EF0D94747A1F7F61E11D.e.6022","ELEMENT":"f.DEFD86E6D49D71B1F09B82144A2C9827.d.E1469A003B97EF0D94747A1F7F61E11D.e.6022"}]}
COMMAND: POST /session/188695daba6f4123f2015bbe49059169/element - {"using":"xpath","value":"//span[contains(@title, \"Remove\")]"}
COMMAND: GET /session/188695daba6f4123f2015bbe49059169/screenshot - {}
RESULT: {"using":"xpath","value":"//span[contains(@title, \"Remove\")]"}
COMMAND: POST /session/188695daba6f4123f2015bbe49059169/element/f.DEFD86E6D49D71B1F09B82144A2C9827.d.E1469A003B97EF0D94747A1F7F61E11D.e.6293/click - {}
RESULT: {}
RESULT: {}
COMMAND: GET /session/188695daba6f4123f2015bbe49059169/screenshot - {}
RESULT: {}
COMMAND: POST /session/188695daba6f4123f2015bbe49059169/element - {"using":"xpath","value":"//span[@id=\"application-managepartners-display-component---masterPtm--smartTable-header-inner\"]"}
RESULT: {"using":"xpath","value":"//span[@id=\"application-managepartners-display-component---masterPtm--smartTable-header-inner\"]"}
COMMAND: POST /session/188695daba6f4123f2015bbe49059169/elements - {"using":"xpath","value":"//span[@id=\"application-managepartners-display-component---masterPtm--smartTable-header-inner\"]"}
RESULT: {"using":"xpath","value":"//span[@id=\"application-managepartners-display-component---masterPtm--smartTable-header-inner\"]"}
COMMAND: POST /session/188695daba6f4123f2015bbe49059169/execute/sync - {"script":"<script> [56 bytes]","args":[{"element-6066-11e4-a52e-4f735466cecf":"f.DEFD86E6D49D71B1F09B82144A2C9827.d.E1469A003B97EF0D94747A1F7F61E11D.e.6022","ELEMENT":"f.DEFD86E6D49D71B1F09B82144A2C9827.d.E1469A003B97EF0D94747A1F7F61E11D.e.6022"}]}
RESULT: {"script":"<script> [56 bytes]","args":[{"element-6066-11e4-a52e-4f735466cecf":"f.DEFD86E6D49D71B1F09B82144A2C9827.d.E1469A003B97EF0D94747A1F7F61E11D.e.6022","ELEMENT":"f.DEFD86E6D49D71B1F09B82144A2C9827.d.E1469A003B97EF0D94747A1F7F61E11D.e.6022"}]}
COMMAND: POST /session/188695daba6f4123f2015bbe49059169/execute/async - {"script":"<script> [1562 bytes]","args":[{"selector":{"id":"application-managepartners-display-component---masterPtm--smartFilterBar-filterItemControl_BASIC-YARD-vhi"},"wdio_ui5_key":"applicationmanagepartners-display-component---masterPtm--smartFilterBar-filterItemControl_BASIC-YARD-vhi"}]}
COMMAND: GET /session/188695daba6f4123f2015bbe49059169/screenshot - {}
RESULT: {"script":"<script> [1562 bytes]","args":[{"selector":{"id":"application-managepartners-display-component---masterPtm--smartFilterBar-filterItemControl_BASIC-YARD-vhi"},"wdio_ui5_key":"applicationmanagepartners-display-component---masterPtm--smartFilterBar-filterItemControl_BASIC-YARD-vhi"}]}
RESULT: undefined
COMMAND: POST /session/188695daba6f4123f2015bbe49059169/element - {"using":"xpath","value":"//*[@id=\"application-managepartners-display-component---masterPtm--smartFilterBar-filterItemControl_BASIC-YARD-vhi\"]"}
RESULT: {}
RESULT: {"using":"xpath","value":"//*[@id=\"application-managepartners-display-component---masterPtm--smartFilterBar-filterItemControl_BASIC-YARD-vhi\"]"}
COMMAND: POST /session/188695daba6f4123f2015bbe49059169/element/f.DEFD86E6D49D71B1F09B82144A2C9827.d.E1469A003B97EF0D94747A1F7F61E11D.e.6396/click - {}
RESULT: {}
COMMAND: GET /session/188695daba6f4123f2015bbe49059169/screenshot - {}
RESULT: {}
COMMAND: POST /session/188695daba6f4123f2015bbe49059169/execute/async - {"script":"<script> [1562 bytes]","args":[{"selector":{"id":"application-managepartners-display-component---masterPtm--smartFilterBar-filterItemControl_BASIC-YARD-valueHelpDialog-smartFilterBar-btnBasicSearch","searchOpenDialogs":true,"interaction":{"idSuffix":"I"}},"wdio_ui5_key":"applicationmanagepartners-display-component---masterPtm--smartFilterBar-filterItemControl_BASIC-YARD-valueHelpDialog-smartFilterBar-btnBasicSearch"}]}
RESULT: {"script":"<script> [1562 bytes]","args":[{"selector":{"id":"application-managepartners-display-component---masterPtm--smartFilterBar-filterItemControl_BASIC-YARD-valueHelpDialog-smartFilterBar-btnBasicSearch","searchOpenDialogs":true,"interaction":{"idSuffix":"I"}},"wdio_ui5_key":"applicationmanagepartners-display-component---masterPtm--smartFilterBar-filterItemControl_BASIC-YARD-valueHelpDialog-smartFilterBar-btnBasicSearch"}]}
RESULT: undefined
COMMAND: POST /session/188695daba6f4123f2015bbe49059169/execute/async - {"script":"<script> [776 bytes]","args":[{"enterText":"Test","selector":{"id":"application-managepartners-display-component---masterPtm--smartFilterBar-filterItemControl_BASIC-YARD-valueHelpDialog-smartFilterBar-btnBasicSearch","searchOpenDialogs":true,"interaction":{"idSuffix":"I"}},"clearTextFirst":true,"interactionType":"ENTER_TEXT"}]}
RESULT: {"script":"<script> [776 bytes]","args":[{"enterText":"Test","selector":{"id":"application-managepartners-display-component---masterPtm--smartFilterBar-filterItemControl_BASIC-YARD-valueHelpDialog-smartFilterBar-btnBasicSearch","searchOpenDialogs":true,"interaction":{"idSuffix":"I"}},"clearTextFirst":true,"interactionType":"ENTER_TEXT"}]}
COMMAND: POST /session/188695daba6f4123f2015bbe49059169/actions - {"actions":[{"id":"action19","type":"key","parameters":{},"actions":[{"type":"keyDown","value":"î€‡"},{"type":"pause","duration":10},{"type":"keyUp","value":"î€‡"}]}]}
RESULT: {"actions":[{"id":"action19","type":"key","parameters":{},"actions":[{"type":"keyDown","value":"î€‡"},{"type":"pause","duration":10},{"type":"keyUp","value":"î€‡"}]}]}
COMMAND: POST /session/188695daba6f4123f2015bbe49059169/elements - {"using":"xpath","value":"//table[contains(@id, \"smartFilterBar-filterItemControl_BASIC-YARD-valueHelpDialog-table-table\")]/tbody/tr"}
COMMAND: GET /session/188695daba6f4123f2015bbe49059169/screenshot - {}
RESULT: {"using":"xpath","value":"//table[contains(@id, \"smartFilterBar-filterItemControl_BASIC-YARD-valueHelpDialog-table-table\")]/tbody/tr"}
COMMAND: POST /session/188695daba6f4123f2015bbe49059169/element - {"using":"xpath","value":"//table[contains(@id, \"smartFilterBar-filterItemControl_BASIC-YARD-valueHelpDialog-table-table\")]/tbody/tr[1]/td[1]/div/span"}
RESULT: {}
RESULT: {"using":"xpath","value":"//table[contains(@id, \"smartFilterBar-filterItemControl_BASIC-YARD-valueHelpDialog-table-table\")]/tbody/tr[1]/td[1]/div/span"}
COMMAND: POST /session/188695daba6f4123f2015bbe49059169/elements - {"using":"xpath","value":"//table[contains(@id, \"smartFilterBar-filterItemControl_BASIC-YARD-valueHelpDialog-table-table\")]/tbody/tr[1]/td[1]/div/span"}
RESULT: {"using":"xpath","value":"//table[contains(@id, \"smartFilterBar-filterItemControl_BASIC-YARD-valueHelpDialog-table-table\")]/tbody/tr[1]/td[1]/div/span"}
COMMAND: POST /session/188695daba6f4123f2015bbe49059169/execute/sync - {"script":"<script> [56 bytes]","args":[{"element-6066-11e4-a52e-4f735466cecf":"f.DEFD86E6D49D71B1F09B82144A2C9827.d.E1469A003B97EF0D94747A1F7F61E11D.e.6419","ELEMENT":"f.DEFD86E6D49D71B1F09B82144A2C9827.d.E1469A003B97EF0D94747A1F7F61E11D.e.6419"}]}
RESULT: {"script":"<script> [56 bytes]","args":[{"element-6066-11e4-a52e-4f735466cecf":"f.DEFD86E6D49D71B1F09B82144A2C9827.d.E1469A003B97EF0D94747A1F7F61E11D.e.6419","ELEMENT":"f.DEFD86E6D49D71B1F09B82144A2C9827.d.E1469A003B97EF0D94747A1F7F61E11D.e.6419"}]}
COMMAND: POST /session/188695daba6f4123f2015bbe49059169/element - {"using":"xpath","value":"//table[contains(@id, \"smartFilterBar-filterItemControl_BASIC-YARD-valueHelpDialog-table-table\")]/tbody/tr[2]/td[1]/div/span"}
COMMAND: GET /session/188695daba6f4123f2015bbe49059169/screenshot - {}
RESULT: {"using":"xpath","value":"//table[contains(@id, \"smartFilterBar-filterItemControl_BASIC-YARD-valueHelpDialog-table-table\")]/tbody/tr[2]/td[1]/div/span"}
COMMAND: POST /session/188695daba6f4123f2015bbe49059169/elements - {"using":"xpath","value":"//table[contains(@id, \"smartFilterBar-filterItemControl_BASIC-YARD-valueHelpDialog-table-table\")]/tbody/tr[2]/td[1]/div/span"}
RESULT: {}
RESULT: {"using":"xpath","value":"//table[contains(@id, \"smartFilterBar-filterItemControl_BASIC-YARD-valueHelpDialog-table-table\")]/tbody/tr[2]/td[1]/div/span"}
COMMAND: POST /session/188695daba6f4123f2015bbe49059169/execute/sync - {"script":"<script> [56 bytes]","args":[{"element-6066-11e4-a52e-4f735466cecf":"f.DEFD86E6D49D71B1F09B82144A2C9827.d.E1469A003B97EF0D94747A1F7F61E11D.e.6420","ELEMENT":"f.DEFD86E6D49D71B1F09B82144A2C9827.d.E1469A003B97EF0D94747A1F7F61E11D.e.6420"}]}
RESULT: {"script":"<script> [56 bytes]","args":[{"element-6066-11e4-a52e-4f735466cecf":"f.DEFD86E6D49D71B1F09B82144A2C9827.d.E1469A003B97EF0D94747A1F7F61E11D.e.6420","ELEMENT":"f.DEFD86E6D49D71B1F09B82144A2C9827.d.E1469A003B97EF0D94747A1F7F61E11D.e.6420"}]}
COMMAND: POST /session/188695daba6f4123f2015bbe49059169/element - {"using":"xpath","value":"//table[contains(@id, \"smartFilterBar-filterItemControl_BASIC-YARD-valueHelpDialog-table-table\")]/tbody/tr[3]/td[1]/div/span"}
COMMAND: GET /session/188695daba6f4123f2015bbe49059169/screenshot - {}
RESULT: {"using":"xpath","value":"//table[contains(@id, \"smartFilterBar-filterItemControl_BASIC-YARD-valueHelpDialog-table-table\")]/tbody/tr[3]/td[1]/div/span"}
COMMAND: POST /session/188695daba6f4123f2015bbe49059169/elements - {"using":"xpath","value":"//table[contains(@id, \"smartFilterBar-filterItemControl_BASIC-YARD-valueHelpDialog-table-table\")]/tbody/tr[3]/td[1]/div/span"}
RESULT: {}
RESULT: {"using":"xpath","value":"//table[contains(@id, \"smartFilterBar-filterItemControl_BASIC-YARD-valueHelpDialog-table-table\")]/tbody/tr[3]/td[1]/div/span"}
COMMAND: POST /session/188695daba6f4123f2015bbe49059169/execute/sync - {"script":"<script> [56 bytes]","args":[{"element-6066-11e4-a52e-4f735466cecf":"f.DEFD86E6D49D71B1F09B82144A2C9827.d.E1469A003B97EF0D94747A1F7F61E11D.e.6421","ELEMENT":"f.DEFD86E6D49D71B1F09B82144A2C9827.d.E1469A003B97EF0D94747A1F7F61E11D.e.6421"}]}
RESULT: {"script":"<script> [56 bytes]","args":[{"element-6066-11e4-a52e-4f735466cecf":"f.DEFD86E6D49D71B1F09B82144A2C9827.d.E1469A003B97EF0D94747A1F7F61E11D.e.6421","ELEMENT":"f.DEFD86E6D49D71B1F09B82144A2C9827.d.E1469A003B97EF0D94747A1F7F61E11D.e.6421"}]}
COMMAND: POST /session/188695daba6f4123f2015bbe49059169/element - {"using":"xpath","value":"//div[contains(@id, \"filterItemControl_BASIC-YARD-valueHelpDialog-table-rowsel2\")]"}
COMMAND: GET /session/188695daba6f4123f2015bbe49059169/screenshot - {}
RESULT: {"using":"xpath","value":"//div[contains(@id, \"filterItemControl_BASIC-YARD-valueHelpDialog-table-rowsel2\")]"}
COMMAND: POST /session/188695daba6f4123f2015bbe49059169/element/f.DEFD86E6D49D71B1F09B82144A2C9827.d.E1469A003B97EF0D94747A1F7F61E11D.e.6422/click - {}
RESULT: {}
RESULT: {}
COMMAND: GET /session/188695daba6f4123f2015bbe49059169/screenshot - {}
RESULT: {}
COMMAND: POST /session/188695daba6f4123f2015bbe49059169/element - {"using":"xpath","value":"(//bdi[contains(text(), \"OK\")])[1]"}
RESULT: {"using":"xpath","value":"(//bdi[contains(text(), \"OK\")])[1]"}
COMMAND: POST /session/188695daba6f4123f2015bbe49059169/element/f.DEFD86E6D49D71B1F09B82144A2C9827.d.E1469A003B97EF0D94747A1F7F61E11D.e.6424/click - {}
RESULT: {}
COMMAND: GET /session/188695daba6f4123f2015bbe49059169/screenshot - {}
RESULT: {}
COMMAND: POST /session/188695daba6f4123f2015bbe49059169/element - {"using":"xpath","value":"//span[@id=\"application-managepartners-display-component---masterPtm--smartTable-header-inner\"]"}
RESULT: {"using":"xpath","value":"//span[@id=\"application-managepartners-display-component---masterPtm--smartTable-header-inner\"]"}
COMMAND: POST /session/188695daba6f4123f2015bbe49059169/elements - {"using":"xpath","value":"//span[@id=\"application-managepartners-display-component---masterPtm--smartTable-header-inner\"]"}
RESULT: {"using":"xpath","value":"//span[@id=\"application-managepartners-display-component---masterPtm--smartTable-header-inner\"]"}
COMMAND: POST /session/188695daba6f4123f2015bbe49059169/execute/sync - {"script":"<script> [56 bytes]","args":[{"element-6066-11e4-a52e-4f735466cecf":"f.DEFD86E6D49D71B1F09B82144A2C9827.d.E1469A003B97EF0D94747A1F7F61E11D.e.6022","ELEMENT":"f.DEFD86E6D49D71B1F09B82144A2C9827.d.E1469A003B97EF0D94747A1F7F61E11D.e.6022"}]}
RESULT: {"script":"<script> [56 bytes]","args":[{"element-6066-11e4-a52e-4f735466cecf":"f.DEFD86E6D49D71B1F09B82144A2C9827.d.E1469A003B97EF0D94747A1F7F61E11D.e.6022","ELEMENT":"f.DEFD86E6D49D71B1F09B82144A2C9827.d.E1469A003B97EF0D94747A1F7F61E11D.e.6022"}]}
COMMAND: POST /session/188695daba6f4123f2015bbe49059169/element - {"using":"xpath","value":"//span[contains(@title, \"Remove\")]"}
COMMAND: GET /session/188695daba6f4123f2015bbe49059169/screenshot - {}
RESULT: {"using":"xpath","value":"//span[contains(@title, \"Remove\")]"}
COMMAND: POST /session/188695daba6f4123f2015bbe49059169/element/f.DEFD86E6D49D71B1F09B82144A2C9827.d.E1469A003B97EF0D94747A1F7F61E11D.e.6438/click - {}
RESULT: {}
RESULT: {}
COMMAND: GET /session/188695daba6f4123f2015bbe49059169/screenshot - {}
RESULT: {}
COMMAND: POST /session/188695daba6f4123f2015bbe49059169/element - {"using":"xpath","value":"//span[@id=\"application-managepartners-display-component---masterPtm--smartTable-header-inner\"]"}
RESULT: {"using":"xpath","value":"//span[@id=\"application-managepartners-display-component---masterPtm--smartTable-header-inner\"]"}
COMMAND: POST /session/188695daba6f4123f2015bbe49059169/elements - {"using":"xpath","value":"//span[@id=\"application-managepartners-display-component---masterPtm--smartTable-header-inner\"]"}
RESULT: {"using":"xpath","value":"//span[@id=\"application-managepartners-display-component---masterPtm--smartTable-header-inner\"]"}
COMMAND: POST /session/188695daba6f4123f2015bbe49059169/execute/sync - {"script":"<script> [56 bytes]","args":[{"element-6066-11e4-a52e-4f735466cecf":"f.DEFD86E6D49D71B1F09B82144A2C9827.d.E1469A003B97EF0D94747A1F7F61E11D.e.6022","ELEMENT":"f.DEFD86E6D49D71B1F09B82144A2C9827.d.E1469A003B97EF0D94747A1F7F61E11D.e.6022"}]}
RESULT: {"script":"<script> [56 bytes]","args":[{"element-6066-11e4-a52e-4f735466cecf":"f.DEFD86E6D49D71B1F09B82144A2C9827.d.E1469A003B97EF0D94747A1F7F61E11D.e.6022","ELEMENT":"f.DEFD86E6D49D71B1F09B82144A2C9827.d.E1469A003B97EF0D94747A1F7F61E11D.e.6022"}]}
COMMAND: POST /session/188695daba6f4123f2015bbe49059169/execute/async - {"script":"<script> [1562 bytes]","args":[{"selector":{"id":"application-managepartners-display-component---masterPtm--smartFilterBar-filterItemControl_BASIC-ALL_TAGS-vhi"},"wdio_ui5_key":"applicationmanagepartners-display-component---masterPtm--smartFilterBar-filterItemControl_BASIC-ALL_TAGS-vhi"}]}
COMMAND: GET /session/188695daba6f4123f2015bbe49059169/screenshot - {}
RESULT: {"script":"<script> [1562 bytes]","args":[{"selector":{"id":"application-managepartners-display-component---masterPtm--smartFilterBar-filterItemControl_BASIC-ALL_TAGS-vhi"},"wdio_ui5_key":"applicationmanagepartners-display-component---masterPtm--smartFilterBar-filterItemControl_BASIC-ALL_TAGS-vhi"}]}
RESULT: undefined
COMMAND: POST /session/188695daba6f4123f2015bbe49059169/element - {"using":"xpath","value":"//*[@id=\"application-managepartners-display-component---masterPtm--smartFilterBar-filterItemControl_BASIC-ALL_TAGS-vhi\"]"}
RESULT: {}
RESULT: {"using":"xpath","value":"//*[@id=\"application-managepartners-display-component---masterPtm--smartFilterBar-filterItemControl_BASIC-ALL_TAGS-vhi\"]"}
COMMAND: POST /session/188695daba6f4123f2015bbe49059169/element/f.DEFD86E6D49D71B1F09B82144A2C9827.d.E1469A003B97EF0D94747A1F7F61E11D.e.6542/click - {}
RESULT: {}
COMMAND: GET /session/188695daba6f4123f2015bbe49059169/screenshot - {}
RESULT: {}
COMMAND: POST /session/188695daba6f4123f2015bbe49059169/execute/async - {"script":"<script> [1562 bytes]","args":[{"selector":{"id":"application-managepartners-display-component---masterPtm--smartFilterBar-filterItemControl_BASIC-ALL_TAGS-valueHelpDialog-smartFilterBar-btnBasicSearch","searchOpenDialogs":true,"interaction":{"idSuffix":"I"}},"wdio_ui5_key":"applicationmanagepartners-display-component---masterPtm--smartFilterBar-filterItemControl_BASIC-ALL_TAGS-valueHelpDialog-smartFilterBar-btnBasicSearch"}]}
RESULT: {"script":"<script> [1562 bytes]","args":[{"selector":{"id":"application-managepartners-display-component---masterPtm--smartFilterBar-filterItemControl_BASIC-ALL_TAGS-valueHelpDialog-smartFilterBar-btnBasicSearch","searchOpenDialogs":true,"interaction":{"idSuffix":"I"}},"wdio_ui5_key":"applicationmanagepartners-display-component---masterPtm--smartFilterBar-filterItemControl_BASIC-ALL_TAGS-valueHelpDialog-smartFilterBar-btnBasicSearch"}]}
RESULT: undefined
COMMAND: POST /session/188695daba6f4123f2015bbe49059169/execute/async - {"script":"<script> [776 bytes]","args":[{"enterText":"test-tag-1","selector":{"id":"application-managepartners-display-component---masterPtm--smartFilterBar-filterItemControl_BASIC-ALL_TAGS-valueHelpDialog-smartFilterBar-btnBasicSearch","searchOpenDialogs":true,"interaction":{"idSuffix":"I"}},"clearTextFirst":true,"interactionType":"ENTER_TEXT"}]}
RESULT: {"script":"<script> [776 bytes]","args":[{"enterText":"test-tag-1","selector":{"id":"application-managepartners-display-component---masterPtm--smartFilterBar-filterItemControl_BASIC-ALL_TAGS-valueHelpDialog-smartFilterBar-btnBasicSearch","searchOpenDialogs":true,"interaction":{"idSuffix":"I"}},"clearTextFirst":true,"interactionType":"ENTER_TEXT"}]}
COMMAND: POST /session/188695daba6f4123f2015bbe49059169/actions - {"actions":[{"id":"action20","type":"key","parameters":{},"actions":[{"type":"keyDown","value":"î€‡"},{"type":"pause","duration":10},{"type":"keyUp","value":"î€‡"}]}]}
RESULT: {"actions":[{"id":"action20","type":"key","parameters":{},"actions":[{"type":"keyDown","value":"î€‡"},{"type":"pause","duration":10},{"type":"keyUp","value":"î€‡"}]}]}
COMMAND: POST /session/188695daba6f4123f2015bbe49059169/elements - {"using":"xpath","value":"//table[contains(@id, \"smartFilterBar-filterItemControl_BASIC-ALL_TAGS-valueHelpDialog-table-table\")]/tbody/tr"}
COMMAND: GET /session/188695daba6f4123f2015bbe49059169/screenshot - {}
RESULT: {"using":"xpath","value":"//table[contains(@id, \"smartFilterBar-filterItemControl_BASIC-ALL_TAGS-valueHelpDialog-table-table\")]/tbody/tr"}
COMMAND: POST /session/188695daba6f4123f2015bbe49059169/element - {"using":"xpath","value":"//table[contains(@id, \"smartFilterBar-filterItemControl_BASIC-ALL_TAGS-valueHelpDialog-table-table\")]/tbody/tr[1]/td[1]/div/span"}
RESULT: {}
RESULT: {"using":"xpath","value":"//table[contains(@id, \"smartFilterBar-filterItemControl_BASIC-ALL_TAGS-valueHelpDialog-table-table\")]/tbody/tr[1]/td[1]/div/span"}
COMMAND: POST /session/188695daba6f4123f2015bbe49059169/elements - {"using":"xpath","value":"//table[contains(@id, \"smartFilterBar-filterItemControl_BASIC-ALL_TAGS-valueHelpDialog-table-table\")]/tbody/tr[1]/td[1]/div/span"}
RESULT: {"using":"xpath","value":"//table[contains(@id, \"smartFilterBar-filterItemControl_BASIC-ALL_TAGS-valueHelpDialog-table-table\")]/tbody/tr[1]/td[1]/div/span"}
COMMAND: POST /session/188695daba6f4123f2015bbe49059169/execute/sync - {"script":"<script> [56 bytes]","args":[{"element-6066-11e4-a52e-4f735466cecf":"f.DEFD86E6D49D71B1F09B82144A2C9827.d.E1469A003B97EF0D94747A1F7F61E11D.e.6563","ELEMENT":"f.DEFD86E6D49D71B1F09B82144A2C9827.d.E1469A003B97EF0D94747A1F7F61E11D.e.6563"}]}
RESULT: {"script":"<script> [56 bytes]","args":[{"element-6066-11e4-a52e-4f735466cecf":"f.DEFD86E6D49D71B1F09B82144A2C9827.d.E1469A003B97EF0D94747A1F7F61E11D.e.6563","ELEMENT":"f.DEFD86E6D49D71B1F09B82144A2C9827.d.E1469A003B97EF0D94747A1F7F61E11D.e.6563"}]}
COMMAND: POST /session/188695daba6f4123f2015bbe49059169/element - {"using":"xpath","value":"//div[contains(@id, \"filterItemControl_BASIC-ALL_TAGS-valueHelpDialog-table-rowsel0\")]"}
COMMAND: GET /session/188695daba6f4123f2015bbe49059169/screenshot - {}
RESULT: {"using":"xpath","value":"//div[contains(@id, \"filterItemControl_BASIC-ALL_TAGS-valueHelpDialog-table-rowsel0\")]"}
COMMAND: POST /session/188695daba6f4123f2015bbe49059169/element/f.DEFD86E6D49D71B1F09B82144A2C9827.d.E1469A003B97EF0D94747A1F7F61E11D.e.6564/click - {}
RESULT: {}
RESULT: {}
COMMAND: GET /session/188695daba6f4123f2015bbe49059169/screenshot - {}
RESULT: {}
COMMAND: POST /session/188695daba6f4123f2015bbe49059169/element - {"using":"xpath","value":"(//bdi[contains(text(), \"OK\")])[1]"}
RESULT: {"using":"xpath","value":"(//bdi[contains(text(), \"OK\")])[1]"}
COMMAND: POST /session/188695daba6f4123f2015bbe49059169/element/f.DEFD86E6D49D71B1F09B82144A2C9827.d.E1469A003B97EF0D94747A1F7F61E11D.e.6566/click - {}
RESULT: {}
COMMAND: GET /session/188695daba6f4123f2015bbe49059169/screenshot - {}
RESULT: {}
COMMAND: POST /session/188695daba6f4123f2015bbe49059169/element - {"using":"xpath","value":"//span[@id=\"application-managepartners-display-component---masterPtm--smartTable-header-inner\"]"}
RESULT: {"using":"xpath","value":"//span[@id=\"application-managepartners-display-component---masterPtm--smartTable-header-inner\"]"}
COMMAND: POST /session/188695daba6f4123f2015bbe49059169/elements - {"using":"xpath","value":"//span[@id=\"application-managepartners-display-component---masterPtm--smartTable-header-inner\"]"}
RESULT: {"using":"xpath","value":"//span[@id=\"application-managepartners-display-component---masterPtm--smartTable-header-inner\"]"}
COMMAND: POST /session/188695daba6f4123f2015bbe49059169/execute/sync - {"script":"<script> [56 bytes]","args":[{"element-6066-11e4-a52e-4f735466cecf":"f.DEFD86E6D49D71B1F09B82144A2C9827.d.E1469A003B97EF0D94747A1F7F61E11D.e.6022","ELEMENT":"f.DEFD86E6D49D71B1F09B82144A2C9827.d.E1469A003B97EF0D94747A1F7F61E11D.e.6022"}]}
RESULT: {"script":"<script> [56 bytes]","args":[{"element-6066-11e4-a52e-4f735466cecf":"f.DEFD86E6D49D71B1F09B82144A2C9827.d.E1469A003B97EF0D94747A1F7F61E11D.e.6022","ELEMENT":"f.DEFD86E6D49D71B1F09B82144A2C9827.d.E1469A003B97EF0D94747A1F7F61E11D.e.6022"}]}
COMMAND: POST /session/188695daba6f4123f2015bbe49059169/element - {"using":"xpath","value":"//span[contains(@title, \"Remove\")]"}
COMMAND: GET /session/188695daba6f4123f2015bbe49059169/screenshot - {}
RESULT: {"using":"xpath","value":"//span[contains(@title, \"Remove\")]"}
COMMAND: POST /session/188695daba6f4123f2015bbe49059169/element/f.DEFD86E6D49D71B1F09B82144A2C9827.d.E1469A003B97EF0D94747A1F7F61E11D.e.6588/click - {}
RESULT: {}
RESULT: {}
COMMAND: GET /session/188695daba6f4123f2015bbe49059169/screenshot - {}
RESULT: {}
COMMAND: POST /session/188695daba6f4123f2015bbe49059169/execute/async - {"script":"<script> [1562 bytes]","args":[{"selector":{"id":"application-managepartners-display-component---masterPtm--partnerTypes-arrow"},"wdio_ui5_key":"applicationmanagepartners-display-component---masterPtm--partnerTypes-arrow"}]}
RESULT: {"script":"<script> [1562 bytes]","args":[{"selector":{"id":"application-managepartners-display-component---masterPtm--partnerTypes-arrow"},"wdio_ui5_key":"applicationmanagepartners-display-component---masterPtm--partnerTypes-arrow"}]}
RESULT: undefined
COMMAND: POST /session/188695daba6f4123f2015bbe49059169/element - {"using":"xpath","value":"//*[@id=\"application-managepartners-display-component---masterPtm--partnerTypes-arrow\"]"}
RESULT: {"using":"xpath","value":"//*[@id=\"application-managepartners-display-component---masterPtm--partnerTypes-arrow\"]"}
COMMAND: POST /session/188695daba6f4123f2015bbe49059169/element/f.DEFD86E6D49D71B1F09B82144A2C9827.d.E1469A003B97EF0D94747A1F7F61E11D.e.6691/click - {}
RESULT: {}
COMMAND: GET /session/188695daba6f4123f2015bbe49059169/screenshot - {}
RESULT: {}
COMMAND: POST /session/188695daba6f4123f2015bbe49059169/element - {"using":"xpath","value":"//li[.//span[text()=\"External partner\"]]//div[contains(@class,\"sapMCbBg\")]"}
RESULT: {"using":"xpath","value":"//li[.//span[text()=\"External partner\"]]//div[contains(@class,\"sapMCbBg\")]"}
COMMAND: POST /session/188695daba6f4123f2015bbe49059169/element/f.DEFD86E6D49D71B1F09B82144A2C9827.d.E1469A003B97EF0D94747A1F7F61E11D.e.6696/click - {}
RESULT: {}
COMMAND: GET /session/188695daba6f4123f2015bbe49059169/screenshot - {}
RESULT: {}
COMMAND: POST /session/188695daba6f4123f2015bbe49059169/element - {"using":"xpath","value":"//div[contains(@id,\"application-managepartners-display-component---masterPtm--smartFilterBar-btnBasicSearch-search\")]"}
RESULT: {"using":"xpath","value":"//div[contains(@id,\"application-managepartners-display-component---masterPtm--smartFilterBar-btnBasicSearch-search\")]"}
COMMAND: POST /session/188695daba6f4123f2015bbe49059169/element/f.DEFD86E6D49D71B1F09B82144A2C9827.d.E1469A003B97EF0D94747A1F7F61E11D.e.6778/click - {}
RESULT: {}
COMMAND: GET /session/188695daba6f4123f2015bbe49059169/screenshot - {}
RESULT: {}
COMMAND: POST /session/188695daba6f4123f2015bbe49059169/element - {"using":"xpath","value":"//span[@id=\"application-managepartners-display-component---masterPtm--smartTable-header-inner\"]"}
RESULT: {"using":"xpath","value":"//span[@id=\"application-managepartners-display-component---masterPtm--smartTable-header-inner\"]"}
COMMAND: POST /session/188695daba6f4123f2015bbe49059169/elements - {"using":"xpath","value":"//span[@id=\"application-managepartners-display-component---masterPtm--smartTable-header-inner\"]"}
RESULT: {"using":"xpath","value":"//span[@id=\"application-managepartners-display-component---masterPtm--smartTable-header-inner\"]"}
COMMAND: POST /session/188695daba6f4123f2015bbe49059169/execute/sync - {"script":"<script> [56 bytes]","args":[{"element-6066-11e4-a52e-4f735466cecf":"f.DEFD86E6D49D71B1F09B82144A2C9827.d.E1469A003B97EF0D94747A1F7F61E11D.e.6022","ELEMENT":"f.DEFD86E6D49D71B1F09B82144A2C9827.d.E1469A003B97EF0D94747A1F7F61E11D.e.6022"}]}
RESULT: {"script":"<script> [56 bytes]","args":[{"element-6066-11e4-a52e-4f735466cecf":"f.DEFD86E6D49D71B1F09B82144A2C9827.d.E1469A003B97EF0D94747A1F7F61E11D.e.6022","ELEMENT":"f.DEFD86E6D49D71B1F09B82144A2C9827.d.E1469A003B97EF0D94747A1F7F61E11D.e.6022"}]}
COMMAND: POST /session/188695daba6f4123f2015bbe49059169/element - {"using":"xpath","value":"//span[contains(@title, \"Remove\")]"}
COMMAND: GET /session/188695daba6f4123f2015bbe49059169/screenshot - {}
RESULT: {"using":"xpath","value":"//span[contains(@title, \"Remove\")]"}
COMMAND: POST /session/188695daba6f4123f2015bbe49059169/element/f.DEFD86E6D49D71B1F09B82144A2C9827.d.E1469A003B97EF0D94747A1F7F61E11D.e.6782/click - {}
RESULT: {}
RESULT: {}
COMMAND: GET /session/188695daba6f4123f2015bbe49059169/screenshot - {}
RESULT: {}
COMMAND: POST /session/188695daba6f4123f2015bbe49059169/execute/async - {"script":"<script> [1562 bytes]","args":[{"selector":{"id":"application-managepartners-display-component---masterPtm--smartFilterBar-btnFilters","interaction":{"idSuffix":"BDI-content"}},"wdio_ui5_key":"applicationmanagepartners-display-component---masterPtm--smartFilterBar-btnFilters"}]}
RESULT: {"script":"<script> [1562 bytes]","args":[{"selector":{"id":"application-managepartners-display-component---masterPtm--smartFilterBar-btnFilters","interaction":{"idSuffix":"BDI-content"}},"wdio_ui5_key":"applicationmanagepartners-display-component---masterPtm--smartFilterBar-btnFilters"}]}
RESULT: undefined
COMMAND: POST /session/188695daba6f4123f2015bbe49059169/element - {"using":"xpath","value":"//*[@id=\"application-managepartners-display-component---masterPtm--smartFilterBar-btnFilters\"]"}
RESULT: {"using":"xpath","value":"//*[@id=\"application-managepartners-display-component---masterPtm--smartFilterBar-btnFilters\"]"}
COMMAND: POST /session/188695daba6f4123f2015bbe49059169/element/f.DEFD86E6D49D71B1F09B82144A2C9827.d.E1469A003B97EF0D94747A1F7F61E11D.e.5861/click - {}
RESULT: {}
COMMAND: GET /session/188695daba6f4123f2015bbe49059169/screenshot - {}
RESULT: {}
COMMAND: POST /session/188695daba6f4123f2015bbe49059169/elements - {"using":"xpath","value":"//table[contains(@id, \"listView-innerSelectionPanelTable-listUl\")]/tbody/tr"}
RESULT: {"using":"xpath","value":"//table[contains(@id, \"listView-innerSelectionPanelTable-listUl\")]/tbody/tr"}
COMMAND: POST /session/188695daba6f4123f2015bbe49059169/element - {"using":"xpath","value":"//table[contains(@id, \"listView-innerSelectionPanelTable-listUl\")]/tbody/tr[2]/td[2]/div/div"}
RESULT: {"using":"xpath","value":"//table[contains(@id, \"listView-innerSelectionPanelTable-listUl\")]/tbody/tr[2]/td[2]/div/div"}
COMMAND: POST /session/188695daba6f4123f2015bbe49059169/element - {"using":"xpath","value":"//table[contains(@id, \"listView-innerSelectionPanelTable-listUl\")]/tbody/tr[2]/td[2]/div"}
RESULT: {"using":"xpath","value":"//table[contains(@id, \"listView-innerSelectionPanelTable-listUl\")]/tbody/tr[2]/td[2]/div"}
COMMAND: POST /session/188695daba6f4123f2015bbe49059169/element - {"using":"xpath","value":"//table[contains(@id, \"listView-innerSelectionPanelTable-listUl\")]/tbody/tr[2]/td[3]/div/div/span/span[1]/bdi"}
RESULT: {"using":"xpath","value":"//table[contains(@id, \"listView-innerSelectionPanelTable-listUl\")]/tbody/tr[2]/td[3]/div/div/span/span[1]/bdi"}
COMMAND: POST /session/188695daba6f4123f2015bbe49059169/execute/sync - {"script":"<script> [56 bytes]","args":[{"element-6066-11e4-a52e-4f735466cecf":"f.DEFD86E6D49D71B1F09B82144A2C9827.d.E1469A003B97EF0D94747A1F7F61E11D.e.6889","ELEMENT":"f.DEFD86E6D49D71B1F09B82144A2C9827.d.E1469A003B97EF0D94747A1F7F61E11D.e.6889"}]}
RESULT: {"script":"<script> [56 bytes]","args":[{"element-6066-11e4-a52e-4f735466cecf":"f.DEFD86E6D49D71B1F09B82144A2C9827.d.E1469A003B97EF0D94747A1F7F61E11D.e.6889","ELEMENT":"f.DEFD86E6D49D71B1F09B82144A2C9827.d.E1469A003B97EF0D94747A1F7F61E11D.e.6889"}]}
COMMAND: GET /session/188695daba6f4123f2015bbe49059169/element/f.DEFD86E6D49D71B1F09B82144A2C9827.d.E1469A003B97EF0D94747A1F7F61E11D.e.6888/attribute/aria-checked - {}
COMMAND: GET /session/188695daba6f4123f2015bbe49059169/screenshot - {}
RESULT: {}
COMMAND: POST /session/188695daba6f4123f2015bbe49059169/element - {"using":"xpath","value":"//table[contains(@id, \"listView-innerSelectionPanelTable-listUl\")]/tbody/tr[3]/td[2]/div/div"}
RESULT: {}
RESULT: {"using":"xpath","value":"//table[contains(@id, \"listView-innerSelectionPanelTable-listUl\")]/tbody/tr[3]/td[2]/div/div"}
COMMAND: POST /session/188695daba6f4123f2015bbe49059169/element - {"using":"xpath","value":"//table[contains(@id, \"listView-innerSelectionPanelTable-listUl\")]/tbody/tr[3]/td[2]/div"}
RESULT: {"using":"xpath","value":"//table[contains(@id, \"listView-innerSelectionPanelTable-listUl\")]/tbody/tr[3]/td[2]/div"}
COMMAND: POST /session/188695daba6f4123f2015bbe49059169/element - {"using":"xpath","value":"//table[contains(@id, \"listView-innerSelectionPanelTable-listUl\")]/tbody/tr[3]/td[3]/div/div/span/span[1]/bdi"}
RESULT: {"using":"xpath","value":"//table[contains(@id, \"listView-innerSelectionPanelTable-listUl\")]/tbody/tr[3]/td[3]/div/div/span/span[1]/bdi"}
COMMAND: POST /session/188695daba6f4123f2015bbe49059169/execute/sync - {"script":"<script> [56 bytes]","args":[{"element-6066-11e4-a52e-4f735466cecf":"f.DEFD86E6D49D71B1F09B82144A2C9827.d.E1469A003B97EF0D94747A1F7F61E11D.e.6892","ELEMENT":"f.DEFD86E6D49D71B1F09B82144A2C9827.d.E1469A003B97EF0D94747A1F7F61E11D.e.6892"}]}
RESULT: {"script":"<script> [56 bytes]","args":[{"element-6066-11e4-a52e-4f735466cecf":"f.DEFD86E6D49D71B1F09B82144A2C9827.d.E1469A003B97EF0D94747A1F7F61E11D.e.6892","ELEMENT":"f.DEFD86E6D49D71B1F09B82144A2C9827.d.E1469A003B97EF0D94747A1F7F61E11D.e.6892"}]}
COMMAND: GET /session/188695daba6f4123f2015bbe49059169/element/f.DEFD86E6D49D71B1F09B82144A2C9827.d.E1469A003B97EF0D94747A1F7F61E11D.e.6891/attribute/aria-checked - {}
COMMAND: GET /session/188695daba6f4123f2015bbe49059169/screenshot - {}
RESULT: {}
COMMAND: POST /session/188695daba6f4123f2015bbe49059169/element - {"using":"xpath","value":"//table[contains(@id, \"listView-innerSelectionPanelTable-listUl\")]/tbody/tr[4]/td[2]/div/div"}
RESULT: {}
RESULT: {"using":"xpath","value":"//table[contains(@id, \"listView-innerSelectionPanelTable-listUl\")]/tbody/tr[4]/td[2]/div/div"}
COMMAND: POST /session/188695daba6f4123f2015bbe49059169/element - {"using":"xpath","value":"//table[contains(@id, \"listView-innerSelectionPanelTable-listUl\")]/tbody/tr[4]/td[2]/div"}
RESULT: {"using":"xpath","value":"//table[contains(@id, \"listView-innerSelectionPanelTable-listUl\")]/tbody/tr[4]/td[2]/div"}
COMMAND: POST /session/188695daba6f4123f2015bbe49059169/element - {"using":"xpath","value":"//table[contains(@id, \"listView-innerSelectionPanelTable-listUl\")]/tbody/tr[4]/td[3]/div/div/span/span[1]/bdi"}
RESULT: {"using":"xpath","value":"//table[contains(@id, \"listView-innerSelectionPanelTable-listUl\")]/tbody/tr[4]/td[3]/div/div/span/span[1]/bdi"}
COMMAND: POST /session/188695daba6f4123f2015bbe49059169/execute/sync - {"script":"<script> [56 bytes]","args":[{"element-6066-11e4-a52e-4f735466cecf":"f.DEFD86E6D49D71B1F09B82144A2C9827.d.E1469A003B97EF0D94747A1F7F61E11D.e.6895","ELEMENT":"f.DEFD86E6D49D71B1F09B82144A2C9827.d.E1469A003B97EF0D94747A1F7F61E11D.e.6895"}]}
RESULT: {"script":"<script> [56 bytes]","args":[{"element-6066-11e4-a52e-4f735466cecf":"f.DEFD86E6D49D71B1F09B82144A2C9827.d.E1469A003B97EF0D94747A1F7F61E11D.e.6895","ELEMENT":"f.DEFD86E6D49D71B1F09B82144A2C9827.d.E1469A003B97EF0D94747A1F7F61E11D.e.6895"}]}
COMMAND: GET /session/188695daba6f4123f2015bbe49059169/element/f.DEFD86E6D49D71B1F09B82144A2C9827.d.E1469A003B97EF0D94747A1F7F61E11D.e.6894/attribute/aria-checked - {}
COMMAND: GET /session/188695daba6f4123f2015bbe49059169/screenshot - {}
RESULT: {}
COMMAND: POST /session/188695daba6f4123f2015bbe49059169/element - {"using":"xpath","value":"//table[contains(@id, \"listView-innerSelectionPanelTable-listUl\")]/tbody/tr[5]/td[2]/div/div"}
RESULT: {}
RESULT: {"using":"xpath","value":"//table[contains(@id, \"listView-innerSelectionPanelTable-listUl\")]/tbody/tr[5]/td[2]/div/div"}
COMMAND: POST /session/188695daba6f4123f2015bbe49059169/element - {"using":"xpath","value":"//table[contains(@id, \"listView-innerSelectionPanelTable-listUl\")]/tbody/tr[5]/td[2]/div"}
RESULT: {"using":"xpath","value":"//table[contains(@id, \"listView-innerSelectionPanelTable-listUl\")]/tbody/tr[5]/td[2]/div"}
COMMAND: POST /session/188695daba6f4123f2015bbe49059169/element - {"using":"xpath","value":"//table[contains(@id, \"listView-innerSelectionPanelTable-listUl\")]/tbody/tr[5]/td[3]/div/div/span/span[1]/bdi"}
RESULT: {"using":"xpath","value":"//table[contains(@id, \"listView-innerSelectionPanelTable-listUl\")]/tbody/tr[5]/td[3]/div/div/span/span[1]/bdi"}
COMMAND: POST /session/188695daba6f4123f2015bbe49059169/execute/sync - {"script":"<script> [56 bytes]","args":[{"element-6066-11e4-a52e-4f735466cecf":"f.DEFD86E6D49D71B1F09B82144A2C9827.d.E1469A003B97EF0D94747A1F7F61E11D.e.6898","ELEMENT":"f.DEFD86E6D49D71B1F09B82144A2C9827.d.E1469A003B97EF0D94747A1F7F61E11D.e.6898"}]}
RESULT: {"script":"<script> [56 bytes]","args":[{"element-6066-11e4-a52e-4f735466cecf":"f.DEFD86E6D49D71B1F09B82144A2C9827.d.E1469A003B97EF0D94747A1F7F61E11D.e.6898","ELEMENT":"f.DEFD86E6D49D71B1F09B82144A2C9827.d.E1469A003B97EF0D94747A1F7F61E11D.e.6898"}]}
COMMAND: GET /session/188695daba6f4123f2015bbe49059169/element/f.DEFD86E6D49D71B1F09B82144A2C9827.d.E1469A003B97EF0D94747A1F7F61E11D.e.6897/attribute/aria-checked - {}
COMMAND: GET /session/188695daba6f4123f2015bbe49059169/screenshot - {}
RESULT: {}
COMMAND: POST /session/188695daba6f4123f2015bbe49059169/element - {"using":"xpath","value":"//table[contains(@id, \"listView-innerSelectionPanelTable-listUl\")]/tbody/tr[6]/td[2]/div/div"}
RESULT: {}
RESULT: {"using":"xpath","value":"//table[contains(@id, \"listView-innerSelectionPanelTable-listUl\")]/tbody/tr[6]/td[2]/div/div"}
COMMAND: POST /session/188695daba6f4123f2015bbe49059169/element - {"using":"xpath","value":"//table[contains(@id, \"listView-innerSelectionPanelTable-listUl\")]/tbody/tr[6]/td[2]/div"}
RESULT: {"using":"xpath","value":"//table[contains(@id, \"listView-innerSelectionPanelTable-listUl\")]/tbody/tr[6]/td[2]/div"}
COMMAND: POST /session/188695daba6f4123f2015bbe49059169/element - {"using":"xpath","value":"//table[contains(@id, \"listView-innerSelectionPanelTable-listUl\")]/tbody/tr[6]/td[3]/div/div/span/span[1]/bdi"}
RESULT: {"using":"xpath","value":"//table[contains(@id, \"listView-innerSelectionPanelTable-listUl\")]/tbody/tr[6]/td[3]/div/div/span/span[1]/bdi"}
COMMAND: POST /session/188695daba6f4123f2015bbe49059169/execute/sync - {"script":"<script> [56 bytes]","args":[{"element-6066-11e4-a52e-4f735466cecf":"f.DEFD86E6D49D71B1F09B82144A2C9827.d.E1469A003B97EF0D94747A1F7F61E11D.e.6901","ELEMENT":"f.DEFD86E6D49D71B1F09B82144A2C9827.d.E1469A003B97EF0D94747A1F7F61E11D.e.6901"}]}
RESULT: {"script":"<script> [56 bytes]","args":[{"element-6066-11e4-a52e-4f735466cecf":"f.DEFD86E6D49D71B1F09B82144A2C9827.d.E1469A003B97EF0D94747A1F7F61E11D.e.6901","ELEMENT":"f.DEFD86E6D49D71B1F09B82144A2C9827.d.E1469A003B97EF0D94747A1F7F61E11D.e.6901"}]}
COMMAND: GET /session/188695daba6f4123f2015bbe49059169/element/f.DEFD86E6D49D71B1F09B82144A2C9827.d.E1469A003B97EF0D94747A1F7F61E11D.e.6900/attribute/aria-checked - {}
COMMAND: GET /session/188695daba6f4123f2015bbe49059169/screenshot - {}
RESULT: {}
COMMAND: POST /session/188695daba6f4123f2015bbe49059169/element - {"using":"xpath","value":"//table[contains(@id, \"listView-innerSelectionPanelTable-listUl\")]/tbody/tr[7]/td[2]/div/div"}
RESULT: {}
RESULT: {"using":"xpath","value":"//table[contains(@id, \"listView-innerSelectionPanelTable-listUl\")]/tbody/tr[7]/td[2]/div/div"}
COMMAND: POST /session/188695daba6f4123f2015bbe49059169/element - {"using":"xpath","value":"//table[contains(@id, \"listView-innerSelectionPanelTable-listUl\")]/tbody/tr[7]/td[2]/div"}
RESULT: {"using":"xpath","value":"//table[contains(@id, \"listView-innerSelectionPanelTable-listUl\")]/tbody/tr[7]/td[2]/div"}
COMMAND: POST /session/188695daba6f4123f2015bbe49059169/element - {"using":"xpath","value":"//table[contains(@id, \"listView-innerSelectionPanelTable-listUl\")]/tbody/tr[7]/td[3]/div/div/span/span[1]/bdi"}
RESULT: {"using":"xpath","value":"//table[contains(@id, \"listView-innerSelectionPanelTable-listUl\")]/tbody/tr[7]/td[3]/div/div/span/span[1]/bdi"}
COMMAND: POST /session/188695daba6f4123f2015bbe49059169/execute/sync - {"script":"<script> [56 bytes]","args":[{"element-6066-11e4-a52e-4f735466cecf":"f.DEFD86E6D49D71B1F09B82144A2C9827.d.E1469A003B97EF0D94747A1F7F61E11D.e.6904","ELEMENT":"f.DEFD86E6D49D71B1F09B82144A2C9827.d.E1469A003B97EF0D94747A1F7F61E11D.e.6904"}]}
RESULT: {"script":"<script> [56 bytes]","args":[{"element-6066-11e4-a52e-4f735466cecf":"f.DEFD86E6D49D71B1F09B82144A2C9827.d.E1469A003B97EF0D94747A1F7F61E11D.e.6904","ELEMENT":"f.DEFD86E6D49D71B1F09B82144A2C9827.d.E1469A003B97EF0D94747A1F7F61E11D.e.6904"}]}
COMMAND: GET /session/188695daba6f4123f2015bbe49059169/element/f.DEFD86E6D49D71B1F09B82144A2C9827.d.E1469A003B97EF0D94747A1F7F61E11D.e.6903/attribute/aria-checked - {}
COMMAND: GET /session/188695daba6f4123f2015bbe49059169/screenshot - {}
RESULT: {}
COMMAND: POST /session/188695daba6f4123f2015bbe49059169/element - {"using":"xpath","value":"//table[contains(@id, \"listView-innerSelectionPanelTable-listUl\")]/tbody/tr[8]/td[2]/div/div"}
RESULT: {}
RESULT: {"using":"xpath","value":"//table[contains(@id, \"listView-innerSelectionPanelTable-listUl\")]/tbody/tr[8]/td[2]/div/div"}
COMMAND: POST /session/188695daba6f4123f2015bbe49059169/element - {"using":"xpath","value":"//table[contains(@id, \"listView-innerSelectionPanelTable-listUl\")]/tbody/tr[8]/td[2]/div"}
RESULT: {"using":"xpath","value":"//table[contains(@id, \"listView-innerSelectionPanelTable-listUl\")]/tbody/tr[8]/td[2]/div"}
COMMAND: POST /session/188695daba6f4123f2015bbe49059169/element - {"using":"xpath","value":"//table[contains(@id, \"listView-innerSelectionPanelTable-listUl\")]/tbody/tr[8]/td[3]/div/div/span/span[1]/bdi"}
RESULT: {"using":"xpath","value":"//table[contains(@id, \"listView-innerSelectionPanelTable-listUl\")]/tbody/tr[8]/td[3]/div/div/span/span[1]/bdi"}
COMMAND: POST /session/188695daba6f4123f2015bbe49059169/execute/sync - {"script":"<script> [56 bytes]","args":[{"element-6066-11e4-a52e-4f735466cecf":"f.DEFD86E6D49D71B1F09B82144A2C9827.d.E1469A003B97EF0D94747A1F7F61E11D.e.6907","ELEMENT":"f.DEFD86E6D49D71B1F09B82144A2C9827.d.E1469A003B97EF0D94747A1F7F61E11D.e.6907"}]}
RESULT: {"script":"<script> [56 bytes]","args":[{"element-6066-11e4-a52e-4f735466cecf":"f.DEFD86E6D49D71B1F09B82144A2C9827.d.E1469A003B97EF0D94747A1F7F61E11D.e.6907","ELEMENT":"f.DEFD86E6D49D71B1F09B82144A2C9827.d.E1469A003B97EF0D94747A1F7F61E11D.e.6907"}]}
COMMAND: GET /session/188695daba6f4123f2015bbe49059169/element/f.DEFD86E6D49D71B1F09B82144A2C9827.d.E1469A003B97EF0D94747A1F7F61E11D.e.6906/attribute/aria-checked - {}
COMMAND: GET /session/188695daba6f4123f2015bbe49059169/screenshot - {}
RESULT: {}
COMMAND: POST /session/188695daba6f4123f2015bbe49059169/element - {"using":"xpath","value":"//table[contains(@id, \"listView-innerSelectionPanelTable-listUl\")]/tbody/tr[9]/td[2]/div/div"}
RESULT: {}
RESULT: {"using":"xpath","value":"//table[contains(@id, \"listView-innerSelectionPanelTable-listUl\")]/tbody/tr[9]/td[2]/div/div"}
COMMAND: POST /session/188695daba6f4123f2015bbe49059169/element - {"using":"xpath","value":"//table[contains(@id, \"listView-innerSelectionPanelTable-listUl\")]/tbody/tr[9]/td[2]/div"}
RESULT: {"using":"xpath","value":"//table[contains(@id, \"listView-innerSelectionPanelTable-listUl\")]/tbody/tr[9]/td[2]/div"}
COMMAND: POST /session/188695daba6f4123f2015bbe49059169/element - {"using":"xpath","value":"//table[contains(@id, \"listView-innerSelectionPanelTable-listUl\")]/tbody/tr[9]/td[3]/div/div/span/span[1]/bdi"}
RESULT: {"using":"xpath","value":"//table[contains(@id, \"listView-innerSelectionPanelTable-listUl\")]/tbody/tr[9]/td[3]/div/div/span/span[1]/bdi"}
COMMAND: POST /session/188695daba6f4123f2015bbe49059169/execute/sync - {"script":"<script> [56 bytes]","args":[{"element-6066-11e4-a52e-4f735466cecf":"f.DEFD86E6D49D71B1F09B82144A2C9827.d.E1469A003B97EF0D94747A1F7F61E11D.e.6910","ELEMENT":"f.DEFD86E6D49D71B1F09B82144A2C9827.d.E1469A003B97EF0D94747A1F7F61E11D.e.6910"}]}
RESULT: {"script":"<script> [56 bytes]","args":[{"element-6066-11e4-a52e-4f735466cecf":"f.DEFD86E6D49D71B1F09B82144A2C9827.d.E1469A003B97EF0D94747A1F7F61E11D.e.6910","ELEMENT":"f.DEFD86E6D49D71B1F09B82144A2C9827.d.E1469A003B97EF0D94747A1F7F61E11D.e.6910"}]}
COMMAND: GET /session/188695daba6f4123f2015bbe49059169/element/f.DEFD86E6D49D71B1F09B82144A2C9827.d.E1469A003B97EF0D94747A1F7F61E11D.e.6909/attribute/aria-checked - {}
COMMAND: GET /session/188695daba6f4123f2015bbe49059169/screenshot - {}
RESULT: {}
COMMAND: POST /session/188695daba6f4123f2015bbe49059169/element - {"using":"xpath","value":"//table[contains(@id, \"listView-innerSelectionPanelTable-listUl\")]/tbody/tr[10]/td[2]/div/div"}
RESULT: {}
RESULT: {"using":"xpath","value":"//table[contains(@id, \"listView-innerSelectionPanelTable-listUl\")]/tbody/tr[10]/td[2]/div/div"}
COMMAND: POST /session/188695daba6f4123f2015bbe49059169/element - {"using":"xpath","value":"//table[contains(@id, \"listView-innerSelectionPanelTable-listUl\")]/tbody/tr[10]/td[2]/div"}
RESULT: {"using":"xpath","value":"//table[contains(@id, \"listView-innerSelectionPanelTable-listUl\")]/tbody/tr[10]/td[2]/div"}
COMMAND: POST /session/188695daba6f4123f2015bbe49059169/element - {"using":"xpath","value":"//table[contains(@id, \"listView-innerSelectionPanelTable-listUl\")]/tbody/tr[10]/td[3]/div/div/span/span[1]/bdi"}
RESULT: {"using":"xpath","value":"//table[contains(@id, \"listView-innerSelectionPanelTable-listUl\")]/tbody/tr[10]/td[3]/div/div/span/span[1]/bdi"}
COMMAND: POST /session/188695daba6f4123f2015bbe49059169/execute/sync - {"script":"<script> [56 bytes]","args":[{"element-6066-11e4-a52e-4f735466cecf":"f.DEFD86E6D49D71B1F09B82144A2C9827.d.E1469A003B97EF0D94747A1F7F61E11D.e.6913","ELEMENT":"f.DEFD86E6D49D71B1F09B82144A2C9827.d.E1469A003B97EF0D94747A1F7F61E11D.e.6913"}]}
RESULT: {"script":"<script> [56 bytes]","args":[{"element-6066-11e4-a52e-4f735466cecf":"f.DEFD86E6D49D71B1F09B82144A2C9827.d.E1469A003B97EF0D94747A1F7F61E11D.e.6913","ELEMENT":"f.DEFD86E6D49D71B1F09B82144A2C9827.d.E1469A003B97EF0D94747A1F7F61E11D.e.6913"}]}
COMMAND: GET /session/188695daba6f4123f2015bbe49059169/element/f.DEFD86E6D49D71B1F09B82144A2C9827.d.E1469A003B97EF0D94747A1F7F61E11D.e.6912/attribute/aria-checked - {}
COMMAND: GET /session/188695daba6f4123f2015bbe49059169/screenshot - {}
RESULT: {}
COMMAND: POST /session/188695daba6f4123f2015bbe49059169/element - {"using":"xpath","value":"//table[contains(@id, \"listView-innerSelectionPanelTable-listUl\")]/tbody/tr[11]/td[2]/div/div"}
RESULT: {}
RESULT: {"using":"xpath","value":"//table[contains(@id, \"listView-innerSelectionPanelTable-listUl\")]/tbody/tr[11]/td[2]/div/div"}
COMMAND: POST /session/188695daba6f4123f2015bbe49059169/element - {"using":"xpath","value":"//table[contains(@id, \"listView-innerSelectionPanelTable-listUl\")]/tbody/tr[11]/td[2]/div"}
RESULT: {"using":"xpath","value":"//table[contains(@id, \"listView-innerSelectionPanelTable-listUl\")]/tbody/tr[11]/td[2]/div"}
COMMAND: POST /session/188695daba6f4123f2015bbe49059169/element - {"using":"xpath","value":"//table[contains(@id, \"listView-innerSelectionPanelTable-listUl\")]/tbody/tr[11]/td[3]/div/div/span/span[1]/bdi"}
RESULT: {"using":"xpath","value":"//table[contains(@id, \"listView-innerSelectionPanelTable-listUl\")]/tbody/tr[11]/td[3]/div/div/span/span[1]/bdi"}
COMMAND: POST /session/188695daba6f4123f2015bbe49059169/execute/sync - {"script":"<script> [56 bytes]","args":[{"element-6066-11e4-a52e-4f735466cecf":"f.DEFD86E6D49D71B1F09B82144A2C9827.d.E1469A003B97EF0D94747A1F7F61E11D.e.6916","ELEMENT":"f.DEFD86E6D49D71B1F09B82144A2C9827.d.E1469A003B97EF0D94747A1F7F61E11D.e.6916"}]}
RESULT: {"script":"<script> [56 bytes]","args":[{"element-6066-11e4-a52e-4f735466cecf":"f.DEFD86E6D49D71B1F09B82144A2C9827.d.E1469A003B97EF0D94747A1F7F61E11D.e.6916","ELEMENT":"f.DEFD86E6D49D71B1F09B82144A2C9827.d.E1469A003B97EF0D94747A1F7F61E11D.e.6916"}]}
COMMAND: GET /session/188695daba6f4123f2015bbe49059169/element/f.DEFD86E6D49D71B1F09B82144A2C9827.d.E1469A003B97EF0D94747A1F7F61E11D.e.6915/attribute/aria-checked - {}
COMMAND: GET /session/188695daba6f4123f2015bbe49059169/screenshot - {}
RESULT: {}
COMMAND: POST /session/188695daba6f4123f2015bbe49059169/element - {"using":"xpath","value":"//table[contains(@id, \"listView-innerSelectionPanelTable-listUl\")]/tbody/tr[12]/td[2]/div/div"}
RESULT: {}
RESULT: {"using":"xpath","value":"//table[contains(@id, \"listView-innerSelectionPanelTable-listUl\")]/tbody/tr[12]/td[2]/div/div"}
COMMAND: POST /session/188695daba6f4123f2015bbe49059169/element - {"using":"xpath","value":"//table[contains(@id, \"listView-innerSelectionPanelTable-listUl\")]/tbody/tr[12]/td[2]/div"}
RESULT: {"using":"xpath","value":"//table[contains(@id, \"listView-innerSelectionPanelTable-listUl\")]/tbody/tr[12]/td[2]/div"}
COMMAND: POST /session/188695daba6f4123f2015bbe49059169/element - {"using":"xpath","value":"//table[contains(@id, \"listView-innerSelectionPanelTable-listUl\")]/tbody/tr[12]/td[3]/div/div/span/span[1]/bdi"}
RESULT: {"using":"xpath","value":"//table[contains(@id, \"listView-innerSelectionPanelTable-listUl\")]/tbody/tr[12]/td[3]/div/div/span/span[1]/bdi"}
COMMAND: POST /session/188695daba6f4123f2015bbe49059169/execute/sync - {"script":"<script> [56 bytes]","args":[{"element-6066-11e4-a52e-4f735466cecf":"f.DEFD86E6D49D71B1F09B82144A2C9827.d.E1469A003B97EF0D94747A1F7F61E11D.e.6919","ELEMENT":"f.DEFD86E6D49D71B1F09B82144A2C9827.d.E1469A003B97EF0D94747A1F7F61E11D.e.6919"}]}
RESULT: {"script":"<script> [56 bytes]","args":[{"element-6066-11e4-a52e-4f735466cecf":"f.DEFD86E6D49D71B1F09B82144A2C9827.d.E1469A003B97EF0D94747A1F7F61E11D.e.6919","ELEMENT":"f.DEFD86E6D49D71B1F09B82144A2C9827.d.E1469A003B97EF0D94747A1F7F61E11D.e.6919"}]}
COMMAND: GET /session/188695daba6f4123f2015bbe49059169/element/f.DEFD86E6D49D71B1F09B82144A2C9827.d.E1469A003B97EF0D94747A1F7F61E11D.e.6918/attribute/aria-checked - {}
COMMAND: GET /session/188695daba6f4123f2015bbe49059169/screenshot - {}
RESULT: {}
COMMAND: POST /session/188695daba6f4123f2015bbe49059169/element - {"using":"xpath","value":"//table[contains(@id, \"listView-innerSelectionPanelTable-listUl\")]/tbody/tr[13]/td[2]/div/div"}
RESULT: {}
RESULT: {"using":"xpath","value":"//table[contains(@id, \"listView-innerSelectionPanelTable-listUl\")]/tbody/tr[13]/td[2]/div/div"}
COMMAND: POST /session/188695daba6f4123f2015bbe49059169/element - {"using":"xpath","value":"//table[contains(@id, \"listView-innerSelectionPanelTable-listUl\")]/tbody/tr[13]/td[2]/div"}
RESULT: {"using":"xpath","value":"//table[contains(@id, \"listView-innerSelectionPanelTable-listUl\")]/tbody/tr[13]/td[2]/div"}
COMMAND: POST /session/188695daba6f4123f2015bbe49059169/element - {"using":"xpath","value":"//table[contains(@id, \"listView-innerSelectionPanelTable-listUl\")]/tbody/tr[13]/td[3]/div/div/span/span[1]/bdi"}
RESULT: {"using":"xpath","value":"//table[contains(@id, \"listView-innerSelectionPanelTable-listUl\")]/tbody/tr[13]/td[3]/div/div/span/span[1]/bdi"}
COMMAND: POST /session/188695daba6f4123f2015bbe49059169/execute/sync - {"script":"<script> [56 bytes]","args":[{"element-6066-11e4-a52e-4f735466cecf":"f.DEFD86E6D49D71B1F09B82144A2C9827.d.E1469A003B97EF0D94747A1F7F61E11D.e.6922","ELEMENT":"f.DEFD86E6D49D71B1F09B82144A2C9827.d.E1469A003B97EF0D94747A1F7F61E11D.e.6922"}]}
RESULT: {"script":"<script> [56 bytes]","args":[{"element-6066-11e4-a52e-4f735466cecf":"f.DEFD86E6D49D71B1F09B82144A2C9827.d.E1469A003B97EF0D94747A1F7F61E11D.e.6922","ELEMENT":"f.DEFD86E6D49D71B1F09B82144A2C9827.d.E1469A003B97EF0D94747A1F7F61E11D.e.6922"}]}
COMMAND: GET /session/188695daba6f4123f2015bbe49059169/element/f.DEFD86E6D49D71B1F09B82144A2C9827.d.E1469A003B97EF0D94747A1F7F61E11D.e.6921/attribute/aria-checked - {}
COMMAND: GET /session/188695daba6f4123f2015bbe49059169/screenshot - {}
RESULT: {}
COMMAND: POST /session/188695daba6f4123f2015bbe49059169/element - {"using":"xpath","value":"//table[contains(@id, \"listView-innerSelectionPanelTable-listUl\")]/tbody/tr[14]/td[2]/div/div"}
COMMAND: POST /session/188695daba6f4123f2015bbe49059169/element/f.DEFD86E6D49D71B1F09B82144A2C9827.d.E1469A003B97EF0D94747A1F7F61E11D.e.6920/click - {}
RESULT: {}
RESULT: {"using":"xpath","value":"//table[contains(@id, \"listView-innerSelectionPanelTable-listUl\")]/tbody/tr[14]/td[2]/div/div"}
COMMAND: POST /session/188695daba6f4123f2015bbe49059169/element - {"using":"xpath","value":"//table[contains(@id, \"listView-innerSelectionPanelTable-listUl\")]/tbody/tr[14]/td[2]/div"}
RESULT: {}
COMMAND: GET /session/188695daba6f4123f2015bbe49059169/screenshot - {}
RESULT: {"using":"xpath","value":"//table[contains(@id, \"listView-innerSelectionPanelTable-listUl\")]/tbody/tr[14]/td[2]/div"}
COMMAND: POST /session/188695daba6f4123f2015bbe49059169/element - {"using":"xpath","value":"//table[contains(@id, \"listView-innerSelectionPanelTable-listUl\")]/tbody/tr[14]/td[3]/div/div/span/span[1]/bdi"}
RESULT: {}
RESULT: {"using":"xpath","value":"//table[contains(@id, \"listView-innerSelectionPanelTable-listUl\")]/tbody/tr[14]/td[3]/div/div/span/span[1]/bdi"}
COMMAND: POST /session/188695daba6f4123f2015bbe49059169/execute/sync - {"script":"<script> [56 bytes]","args":[{"element-6066-11e4-a52e-4f735466cecf":"f.DEFD86E6D49D71B1F09B82144A2C9827.d.E1469A003B97EF0D94747A1F7F61E11D.e.6926","ELEMENT":"f.DEFD86E6D49D71B1F09B82144A2C9827.d.E1469A003B97EF0D94747A1F7F61E11D.e.6926"}]}
RESULT: {"script":"<script> [56 bytes]","args":[{"element-6066-11e4-a52e-4f735466cecf":"f.DEFD86E6D49D71B1F09B82144A2C9827.d.E1469A003B97EF0D94747A1F7F61E11D.e.6926","ELEMENT":"f.DEFD86E6D49D71B1F09B82144A2C9827.d.E1469A003B97EF0D94747A1F7F61E11D.e.6926"}]}
COMMAND: GET /session/188695daba6f4123f2015bbe49059169/element/f.DEFD86E6D49D71B1F09B82144A2C9827.d.E1469A003B97EF0D94747A1F7F61E11D.e.6925/attribute/aria-checked - {}
COMMAND: GET /session/188695daba6f4123f2015bbe49059169/screenshot - {}
RESULT: {}
COMMAND: POST /session/188695daba6f4123f2015bbe49059169/element - {"using":"xpath","value":"//table[contains(@id, \"listView-innerSelectionPanelTable-listUl\")]/tbody/tr[15]/td[2]/div/div"}
RESULT: {}
RESULT: {"using":"xpath","value":"//table[contains(@id, \"listView-innerSelectionPanelTable-listUl\")]/tbody/tr[15]/td[2]/div/div"}
COMMAND: POST /session/188695daba6f4123f2015bbe49059169/element - {"using":"xpath","value":"//table[contains(@id, \"listView-innerSelectionPanelTable-listUl\")]/tbody/tr[15]/td[2]/div"}
RESULT: {"using":"xpath","value":"//table[contains(@id, \"listView-innerSelectionPanelTable-listUl\")]/tbody/tr[15]/td[2]/div"}
COMMAND: POST /session/188695daba6f4123f2015bbe49059169/element - {"using":"xpath","value":"//table[contains(@id, \"listView-innerSelectionPanelTable-listUl\")]/tbody/tr[15]/td[3]/div/div/span/span[1]/bdi"}
RESULT: {"using":"xpath","value":"//table[contains(@id, \"listView-innerSelectionPanelTable-listUl\")]/tbody/tr[15]/td[3]/div/div/span/span[1]/bdi"}
COMMAND: POST /session/188695daba6f4123f2015bbe49059169/execute/sync - {"script":"<script> [56 bytes]","args":[{"element-6066-11e4-a52e-4f735466cecf":"f.DEFD86E6D49D71B1F09B82144A2C9827.d.E1469A003B97EF0D94747A1F7F61E11D.e.6929","ELEMENT":"f.DEFD86E6D49D71B1F09B82144A2C9827.d.E1469A003B97EF0D94747A1F7F61E11D.e.6929"}]}
RESULT: {"script":"<script> [56 bytes]","args":[{"element-6066-11e4-a52e-4f735466cecf":"f.DEFD86E6D49D71B1F09B82144A2C9827.d.E1469A003B97EF0D94747A1F7F61E11D.e.6929","ELEMENT":"f.DEFD86E6D49D71B1F09B82144A2C9827.d.E1469A003B97EF0D94747A1F7F61E11D.e.6929"}]}
COMMAND: GET /session/188695daba6f4123f2015bbe49059169/element/f.DEFD86E6D49D71B1F09B82144A2C9827.d.E1469A003B97EF0D94747A1F7F61E11D.e.6928/attribute/aria-checked - {}
COMMAND: GET /session/188695daba6f4123f2015bbe49059169/screenshot - {}
RESULT: {}
COMMAND: POST /session/188695daba6f4123f2015bbe49059169/element - {"using":"xpath","value":"//table[contains(@id, \"listView-innerSelectionPanelTable-listUl\")]/tbody/tr[16]/td[2]/div/div"}
RESULT: {}
RESULT: {"using":"xpath","value":"//table[contains(@id, \"listView-innerSelectionPanelTable-listUl\")]/tbody/tr[16]/td[2]/div/div"}
COMMAND: POST /session/188695daba6f4123f2015bbe49059169/element - {"using":"xpath","value":"//table[contains(@id, \"listView-innerSelectionPanelTable-listUl\")]/tbody/tr[16]/td[2]/div"}
RESULT: {"using":"xpath","value":"//table[contains(@id, \"listView-innerSelectionPanelTable-listUl\")]/tbody/tr[16]/td[2]/div"}
COMMAND: POST /session/188695daba6f4123f2015bbe49059169/element - {"using":"xpath","value":"//table[contains(@id, \"listView-innerSelectionPanelTable-listUl\")]/tbody/tr[16]/td[3]/div/div/span/span[1]/bdi"}
RESULT: {"using":"xpath","value":"//table[contains(@id, \"listView-innerSelectionPanelTable-listUl\")]/tbody/tr[16]/td[3]/div/div/span/span[1]/bdi"}
COMMAND: POST /session/188695daba6f4123f2015bbe49059169/execute/sync - {"script":"<script> [56 bytes]","args":[{"element-6066-11e4-a52e-4f735466cecf":"f.DEFD86E6D49D71B1F09B82144A2C9827.d.E1469A003B97EF0D94747A1F7F61E11D.e.6932","ELEMENT":"f.DEFD86E6D49D71B1F09B82144A2C9827.d.E1469A003B97EF0D94747A1F7F61E11D.e.6932"}]}
RESULT: {"script":"<script> [56 bytes]","args":[{"element-6066-11e4-a52e-4f735466cecf":"f.DEFD86E6D49D71B1F09B82144A2C9827.d.E1469A003B97EF0D94747A1F7F61E11D.e.6932","ELEMENT":"f.DEFD86E6D49D71B1F09B82144A2C9827.d.E1469A003B97EF0D94747A1F7F61E11D.e.6932"}]}
COMMAND: GET /session/188695daba6f4123f2015bbe49059169/element/f.DEFD86E6D49D71B1F09B82144A2C9827.d.E1469A003B97EF0D94747A1F7F61E11D.e.6931/attribute/aria-checked - {}
COMMAND: GET /session/188695daba6f4123f2015bbe49059169/screenshot - {}
RESULT: {}
COMMAND: POST /session/188695daba6f4123f2015bbe49059169/element - {"using":"xpath","value":"//table[contains(@id, \"listView-innerSelectionPanelTable-listUl\")]/tbody/tr[17]/td[2]/div/div"}
RESULT: {}
RESULT: {"using":"xpath","value":"//table[contains(@id, \"listView-innerSelectionPanelTable-listUl\")]/tbody/tr[17]/td[2]/div/div"}
COMMAND: POST /session/188695daba6f4123f2015bbe49059169/element - {"using":"xpath","value":"//table[contains(@id, \"listView-innerSelectionPanelTable-listUl\")]/tbody/tr[17]/td[2]/div"}
RESULT: {"using":"xpath","value":"//table[contains(@id, \"listView-innerSelectionPanelTable-listUl\")]/tbody/tr[17]/td[2]/div"}
COMMAND: POST /session/188695daba6f4123f2015bbe49059169/element - {"using":"xpath","value":"//table[contains(@id, \"listView-innerSelectionPanelTable-listUl\")]/tbody/tr[17]/td[3]/div/div/span/span[1]/bdi"}
RESULT: {"using":"xpath","value":"//table[contains(@id, \"listView-innerSelectionPanelTable-listUl\")]/tbody/tr[17]/td[3]/div/div/span/span[1]/bdi"}
COMMAND: POST /session/188695daba6f4123f2015bbe49059169/execute/sync - {"script":"<script> [56 bytes]","args":[{"element-6066-11e4-a52e-4f735466cecf":"f.DEFD86E6D49D71B1F09B82144A2C9827.d.E1469A003B97EF0D94747A1F7F61E11D.e.6935","ELEMENT":"f.DEFD86E6D49D71B1F09B82144A2C9827.d.E1469A003B97EF0D94747A1F7F61E11D.e.6935"}]}
RESULT: {"script":"<script> [56 bytes]","args":[{"element-6066-11e4-a52e-4f735466cecf":"f.DEFD86E6D49D71B1F09B82144A2C9827.d.E1469A003B97EF0D94747A1F7F61E11D.e.6935","ELEMENT":"f.DEFD86E6D49D71B1F09B82144A2C9827.d.E1469A003B97EF0D94747A1F7F61E11D.e.6935"}]}
COMMAND: GET /session/188695daba6f4123f2015bbe49059169/element/f.DEFD86E6D49D71B1F09B82144A2C9827.d.E1469A003B97EF0D94747A1F7F61E11D.e.6934/attribute/aria-checked - {}
COMMAND: GET /session/188695daba6f4123f2015bbe49059169/screenshot - {}
RESULT: {}
COMMAND: POST /session/188695daba6f4123f2015bbe49059169/element - {"using":"xpath","value":"//table[contains(@id, \"listView-innerSelectionPanelTable-listUl\")]/tbody/tr[18]/td[2]/div/div"}
RESULT: {}
RESULT: {"using":"xpath","value":"//table[contains(@id, \"listView-innerSelectionPanelTable-listUl\")]/tbody/tr[18]/td[2]/div/div"}
COMMAND: POST /session/188695daba6f4123f2015bbe49059169/element - {"using":"xpath","value":"//table[contains(@id, \"listView-innerSelectionPanelTable-listUl\")]/tbody/tr[18]/td[2]/div"}
RESULT: {"using":"xpath","value":"//table[contains(@id, \"listView-innerSelectionPanelTable-listUl\")]/tbody/tr[18]/td[2]/div"}
COMMAND: POST /session/188695daba6f4123f2015bbe49059169/element - {"using":"xpath","value":"//table[contains(@id, \"listView-innerSelectionPanelTable-listUl\")]/tbody/tr[18]/td[3]/div/div/span/span[1]/bdi"}
RESULT: {"using":"xpath","value":"//table[contains(@id, \"listView-innerSelectionPanelTable-listUl\")]/tbody/tr[18]/td[3]/div/div/span/span[1]/bdi"}
COMMAND: POST /session/188695daba6f4123f2015bbe49059169/execute/sync - {"script":"<script> [56 bytes]","args":[{"element-6066-11e4-a52e-4f735466cecf":"f.DEFD86E6D49D71B1F09B82144A2C9827.d.E1469A003B97EF0D94747A1F7F61E11D.e.6938","ELEMENT":"f.DEFD86E6D49D71B1F09B82144A2C9827.d.E1469A003B97EF0D94747A1F7F61E11D.e.6938"}]}
RESULT: {"script":"<script> [56 bytes]","args":[{"element-6066-11e4-a52e-4f735466cecf":"f.DEFD86E6D49D71B1F09B82144A2C9827.d.E1469A003B97EF0D94747A1F7F61E11D.e.6938","ELEMENT":"f.DEFD86E6D49D71B1F09B82144A2C9827.d.E1469A003B97EF0D94747A1F7F61E11D.e.6938"}]}
COMMAND: GET /session/188695daba6f4123f2015bbe49059169/element/f.DEFD86E6D49D71B1F09B82144A2C9827.d.E1469A003B97EF0D94747A1F7F61E11D.e.6937/attribute/aria-checked - {}
COMMAND: GET /session/188695daba6f4123f2015bbe49059169/screenshot - {}
RESULT: {}
COMMAND: POST /session/188695daba6f4123f2015bbe49059169/element - {"using":"xpath","value":"//table[contains(@id, \"listView-innerSelectionPanelTable-listUl\")]/tbody/tr[19]/td[2]/div/div"}
RESULT: {}
RESULT: {"using":"xpath","value":"//table[contains(@id, \"listView-innerSelectionPanelTable-listUl\")]/tbody/tr[19]/td[2]/div/div"}
COMMAND: POST /session/188695daba6f4123f2015bbe49059169/element - {"using":"xpath","value":"//table[contains(@id, \"listView-innerSelectionPanelTable-listUl\")]/tbody/tr[19]/td[2]/div"}
RESULT: {"using":"xpath","value":"//table[contains(@id, \"listView-innerSelectionPanelTable-listUl\")]/tbody/tr[19]/td[2]/div"}
COMMAND: POST /session/188695daba6f4123f2015bbe49059169/element - {"using":"xpath","value":"//table[contains(@id, \"listView-innerSelectionPanelTable-listUl\")]/tbody/tr[19]/td[3]/div/div/span/span[1]/bdi"}
RESULT: {"using":"xpath","value":"//table[contains(@id, \"listView-innerSelectionPanelTable-listUl\")]/tbody/tr[19]/td[3]/div/div/span/span[1]/bdi"}
COMMAND: POST /session/188695daba6f4123f2015bbe49059169/execute/sync - {"script":"<script> [56 bytes]","args":[{"element-6066-11e4-a52e-4f735466cecf":"f.DEFD86E6D49D71B1F09B82144A2C9827.d.E1469A003B97EF0D94747A1F7F61E11D.e.6941","ELEMENT":"f.DEFD86E6D49D71B1F09B82144A2C9827.d.E1469A003B97EF0D94747A1F7F61E11D.e.6941"}]}
RESULT: {"script":"<script> [56 bytes]","args":[{"element-6066-11e4-a52e-4f735466cecf":"f.DEFD86E6D49D71B1F09B82144A2C9827.d.E1469A003B97EF0D94747A1F7F61E11D.e.6941","ELEMENT":"f.DEFD86E6D49D71B1F09B82144A2C9827.d.E1469A003B97EF0D94747A1F7F61E11D.e.6941"}]}
COMMAND: GET /session/188695daba6f4123f2015bbe49059169/element/f.DEFD86E6D49D71B1F09B82144A2C9827.d.E1469A003B97EF0D94747A1F7F61E11D.e.6940/attribute/aria-checked - {}
COMMAND: GET /session/188695daba6f4123f2015bbe49059169/screenshot - {}
RESULT: {}
COMMAND: POST /session/188695daba6f4123f2015bbe49059169/element - {"using":"xpath","value":"//table[contains(@id, \"listView-innerSelectionPanelTable-listUl\")]/tbody/tr[20]/td[2]/div/div"}
RESULT: {}
RESULT: {"using":"xpath","value":"//table[contains(@id, \"listView-innerSelectionPanelTable-listUl\")]/tbody/tr[20]/td[2]/div/div"}
COMMAND: POST /session/188695daba6f4123f2015bbe49059169/element - {"using":"xpath","value":"//table[contains(@id, \"listView-innerSelectionPanelTable-listUl\")]/tbody/tr[20]/td[2]/div"}
RESULT: {"using":"xpath","value":"//table[contains(@id, \"listView-innerSelectionPanelTable-listUl\")]/tbody/tr[20]/td[2]/div"}
COMMAND: POST /session/188695daba6f4123f2015bbe49059169/element - {"using":"xpath","value":"//table[contains(@id, \"listView-innerSelectionPanelTable-listUl\")]/tbody/tr[20]/td[3]/div/div/span/span[1]/bdi"}
RESULT: {"using":"xpath","value":"//table[contains(@id, \"listView-innerSelectionPanelTable-listUl\")]/tbody/tr[20]/td[3]/div/div/span/span[1]/bdi"}
COMMAND: POST /session/188695daba6f4123f2015bbe49059169/execute/sync - {"script":"<script> [56 bytes]","args":[{"element-6066-11e4-a52e-4f735466cecf":"f.DEFD86E6D49D71B1F09B82144A2C9827.d.E1469A003B97EF0D94747A1F7F61E11D.e.6944","ELEMENT":"f.DEFD86E6D49D71B1F09B82144A2C9827.d.E1469A003B97EF0D94747A1F7F61E11D.e.6944"}]}
RESULT: {"script":"<script> [56 bytes]","args":[{"element-6066-11e4-a52e-4f735466cecf":"f.DEFD86E6D49D71B1F09B82144A2C9827.d.E1469A003B97EF0D94747A1F7F61E11D.e.6944","ELEMENT":"f.DEFD86E6D49D71B1F09B82144A2C9827.d.E1469A003B97EF0D94747A1F7F61E11D.e.6944"}]}
COMMAND: GET /session/188695daba6f4123f2015bbe49059169/element/f.DEFD86E6D49D71B1F09B82144A2C9827.d.E1469A003B97EF0D94747A1F7F61E11D.e.6943/attribute/aria-checked - {}
COMMAND: GET /session/188695daba6f4123f2015bbe49059169/screenshot - {}
RESULT: {}
COMMAND: POST /session/188695daba6f4123f2015bbe49059169/element - {"using":"xpath","value":"//table[contains(@id, \"listView-innerSelectionPanelTable-listUl\")]/tbody/tr[21]/td[2]/div/div"}
RESULT: {}
RESULT: {"using":"xpath","value":"//table[contains(@id, \"listView-innerSelectionPanelTable-listUl\")]/tbody/tr[21]/td[2]/div/div"}
COMMAND: POST /session/188695daba6f4123f2015bbe49059169/element - {"using":"xpath","value":"//table[contains(@id, \"listView-innerSelectionPanelTable-listUl\")]/tbody/tr[21]/td[2]/div"}
RESULT: {"using":"xpath","value":"//table[contains(@id, \"listView-innerSelectionPanelTable-listUl\")]/tbody/tr[21]/td[2]/div"}
COMMAND: POST /session/188695daba6f4123f2015bbe49059169/element - {"using":"xpath","value":"//table[contains(@id, \"listView-innerSelectionPanelTable-listUl\")]/tbody/tr[21]/td[3]/div/div/span/span[1]/bdi"}
RESULT: {"using":"xpath","value":"//table[contains(@id, \"listView-innerSelectionPanelTable-listUl\")]/tbody/tr[21]/td[3]/div/div/span/span[1]/bdi"}
COMMAND: POST /session/188695daba6f4123f2015bbe49059169/execute/sync - {"script":"<script> [56 bytes]","args":[{"element-6066-11e4-a52e-4f735466cecf":"f.DEFD86E6D49D71B1F09B82144A2C9827.d.E1469A003B97EF0D94747A1F7F61E11D.e.6947","ELEMENT":"f.DEFD86E6D49D71B1F09B82144A2C9827.d.E1469A003B97EF0D94747A1F7F61E11D.e.6947"}]}
RESULT: {"script":"<script> [56 bytes]","args":[{"element-6066-11e4-a52e-4f735466cecf":"f.DEFD86E6D49D71B1F09B82144A2C9827.d.E1469A003B97EF0D94747A1F7F61E11D.e.6947","ELEMENT":"f.DEFD86E6D49D71B1F09B82144A2C9827.d.E1469A003B97EF0D94747A1F7F61E11D.e.6947"}]}
COMMAND: GET /session/188695daba6f4123f2015bbe49059169/element/f.DEFD86E6D49D71B1F09B82144A2C9827.d.E1469A003B97EF0D94747A1F7F61E11D.e.6946/attribute/aria-checked - {}
COMMAND: GET /session/188695daba6f4123f2015bbe49059169/screenshot - {}
RESULT: {}
COMMAND: POST /session/188695daba6f4123f2015bbe49059169/element - {"using":"xpath","value":"//table[contains(@id, \"listView-innerSelectionPanelTable-listUl\")]/tbody/tr[22]/td[2]/div/div"}
RESULT: {}
RESULT: {"using":"xpath","value":"//table[contains(@id, \"listView-innerSelectionPanelTable-listUl\")]/tbody/tr[22]/td[2]/div/div"}
COMMAND: POST /session/188695daba6f4123f2015bbe49059169/element - {"using":"xpath","value":"//table[contains(@id, \"listView-innerSelectionPanelTable-listUl\")]/tbody/tr[22]/td[2]/div"}
RESULT: {"using":"xpath","value":"//table[contains(@id, \"listView-innerSelectionPanelTable-listUl\")]/tbody/tr[22]/td[2]/div"}
COMMAND: POST /session/188695daba6f4123f2015bbe49059169/element - {"using":"xpath","value":"//table[contains(@id, \"listView-innerSelectionPanelTable-listUl\")]/tbody/tr[22]/td[3]/div/div/span/span[1]/bdi"}
RESULT: {"using":"xpath","value":"//table[contains(@id, \"listView-innerSelectionPanelTable-listUl\")]/tbody/tr[22]/td[3]/div/div/span/span[1]/bdi"}
COMMAND: POST /session/188695daba6f4123f2015bbe49059169/execute/sync - {"script":"<script> [56 bytes]","args":[{"element-6066-11e4-a52e-4f735466cecf":"f.DEFD86E6D49D71B1F09B82144A2C9827.d.E1469A003B97EF0D94747A1F7F61E11D.e.6950","ELEMENT":"f.DEFD86E6D49D71B1F09B82144A2C9827.d.E1469A003B97EF0D94747A1F7F61E11D.e.6950"}]}
RESULT: {"script":"<script> [56 bytes]","args":[{"element-6066-11e4-a52e-4f735466cecf":"f.DEFD86E6D49D71B1F09B82144A2C9827.d.E1469A003B97EF0D94747A1F7F61E11D.e.6950","ELEMENT":"f.DEFD86E6D49D71B1F09B82144A2C9827.d.E1469A003B97EF0D94747A1F7F61E11D.e.6950"}]}
COMMAND: GET /session/188695daba6f4123f2015bbe49059169/element/f.DEFD86E6D49D71B1F09B82144A2C9827.d.E1469A003B97EF0D94747A1F7F61E11D.e.6949/attribute/aria-checked - {}
COMMAND: GET /session/188695daba6f4123f2015bbe49059169/screenshot - {}
RESULT: {}
COMMAND: POST /session/188695daba6f4123f2015bbe49059169/element - {"using":"xpath","value":"//table[contains(@id, \"listView-innerSelectionPanelTable-listUl\")]/tbody/tr[23]/td[2]/div/div"}
RESULT: {}
RESULT: {"using":"xpath","value":"//table[contains(@id, \"listView-innerSelectionPanelTable-listUl\")]/tbody/tr[23]/td[2]/div/div"}
COMMAND: POST /session/188695daba6f4123f2015bbe49059169/element - {"using":"xpath","value":"//table[contains(@id, \"listView-innerSelectionPanelTable-listUl\")]/tbody/tr[23]/td[2]/div"}
RESULT: {"using":"xpath","value":"//table[contains(@id, \"listView-innerSelectionPanelTable-listUl\")]/tbody/tr[23]/td[2]/div"}
COMMAND: POST /session/188695daba6f4123f2015bbe49059169/element - {"using":"xpath","value":"//table[contains(@id, \"listView-innerSelectionPanelTable-listUl\")]/tbody/tr[23]/td[3]/div/div/span/span[1]/bdi"}
RESULT: {"using":"xpath","value":"//table[contains(@id, \"listView-innerSelectionPanelTable-listUl\")]/tbody/tr[23]/td[3]/div/div/span/span[1]/bdi"}
COMMAND: POST /session/188695daba6f4123f2015bbe49059169/execute/sync - {"script":"<script> [56 bytes]","args":[{"element-6066-11e4-a52e-4f735466cecf":"f.DEFD86E6D49D71B1F09B82144A2C9827.d.E1469A003B97EF0D94747A1F7F61E11D.e.6953","ELEMENT":"f.DEFD86E6D49D71B1F09B82144A2C9827.d.E1469A003B97EF0D94747A1F7F61E11D.e.6953"}]}
RESULT: {"script":"<script> [56 bytes]","args":[{"element-6066-11e4-a52e-4f735466cecf":"f.DEFD86E6D49D71B1F09B82144A2C9827.d.E1469A003B97EF0D94747A1F7F61E11D.e.6953","ELEMENT":"f.DEFD86E6D49D71B1F09B82144A2C9827.d.E1469A003B97EF0D94747A1F7F61E11D.e.6953"}]}
COMMAND: GET /session/188695daba6f4123f2015bbe49059169/element/f.DEFD86E6D49D71B1F09B82144A2C9827.d.E1469A003B97EF0D94747A1F7F61E11D.e.6952/attribute/aria-checked - {}
COMMAND: GET /session/188695daba6f4123f2015bbe49059169/screenshot - {}
RESULT: {}
COMMAND: POST /session/188695daba6f4123f2015bbe49059169/element - {"using":"xpath","value":"//table[contains(@id, \"listView-innerSelectionPanelTable-listUl\")]/tbody/tr[24]/td[2]/div/div"}
RESULT: {}
RESULT: {"using":"xpath","value":"//table[contains(@id, \"listView-innerSelectionPanelTable-listUl\")]/tbody/tr[24]/td[2]/div/div"}
COMMAND: POST /session/188695daba6f4123f2015bbe49059169/element - {"using":"xpath","value":"//table[contains(@id, \"listView-innerSelectionPanelTable-listUl\")]/tbody/tr[24]/td[2]/div"}
RESULT: {"using":"xpath","value":"//table[contains(@id, \"listView-innerSelectionPanelTable-listUl\")]/tbody/tr[24]/td[2]/div"}
COMMAND: POST /session/188695daba6f4123f2015bbe49059169/element - {"using":"xpath","value":"//table[contains(@id, \"listView-innerSelectionPanelTable-listUl\")]/tbody/tr[24]/td[3]/div/div/span/span[1]/bdi"}
RESULT: {"using":"xpath","value":"//table[contains(@id, \"listView-innerSelectionPanelTable-listUl\")]/tbody/tr[24]/td[3]/div/div/span/span[1]/bdi"}
COMMAND: POST /session/188695daba6f4123f2015bbe49059169/execute/sync - {"script":"<script> [56 bytes]","args":[{"element-6066-11e4-a52e-4f735466cecf":"f.DEFD86E6D49D71B1F09B82144A2C9827.d.E1469A003B97EF0D94747A1F7F61E11D.e.6956","ELEMENT":"f.DEFD86E6D49D71B1F09B82144A2C9827.d.E1469A003B97EF0D94747A1F7F61E11D.e.6956"}]}
RESULT: {"script":"<script> [56 bytes]","args":[{"element-6066-11e4-a52e-4f735466cecf":"f.DEFD86E6D49D71B1F09B82144A2C9827.d.E1469A003B97EF0D94747A1F7F61E11D.e.6956","ELEMENT":"f.DEFD86E6D49D71B1F09B82144A2C9827.d.E1469A003B97EF0D94747A1F7F61E11D.e.6956"}]}
COMMAND: GET /session/188695daba6f4123f2015bbe49059169/element/f.DEFD86E6D49D71B1F09B82144A2C9827.d.E1469A003B97EF0D94747A1F7F61E11D.e.6955/attribute/aria-checked - {}
COMMAND: GET /session/188695daba6f4123f2015bbe49059169/screenshot - {}
RESULT: {}
COMMAND: POST /session/188695daba6f4123f2015bbe49059169/element - {"using":"xpath","value":"//table[contains(@id, \"listView-innerSelectionPanelTable-listUl\")]/tbody/tr[25]/td[2]/div/div"}
RESULT: {}
RESULT: {"using":"xpath","value":"//table[contains(@id, \"listView-innerSelectionPanelTable-listUl\")]/tbody/tr[25]/td[2]/div/div"}
COMMAND: POST /session/188695daba6f4123f2015bbe49059169/element - {"using":"xpath","value":"//table[contains(@id, \"listView-innerSelectionPanelTable-listUl\")]/tbody/tr[25]/td[2]/div"}
RESULT: {"using":"xpath","value":"//table[contains(@id, \"listView-innerSelectionPanelTable-listUl\")]/tbody/tr[25]/td[2]/div"}
COMMAND: POST /session/188695daba6f4123f2015bbe49059169/element - {"using":"xpath","value":"//table[contains(@id, \"listView-innerSelectionPanelTable-listUl\")]/tbody/tr[25]/td[3]/div/div/span/span[1]/bdi"}
RESULT: {"using":"xpath","value":"//table[contains(@id, \"listView-innerSelectionPanelTable-listUl\")]/tbody/tr[25]/td[3]/div/div/span/span[1]/bdi"}
COMMAND: POST /session/188695daba6f4123f2015bbe49059169/execute/sync - {"script":"<script> [56 bytes]","args":[{"element-6066-11e4-a52e-4f735466cecf":"f.DEFD86E6D49D71B1F09B82144A2C9827.d.E1469A003B97EF0D94747A1F7F61E11D.e.6959","ELEMENT":"f.DEFD86E6D49D71B1F09B82144A2C9827.d.E1469A003B97EF0D94747A1F7F61E11D.e.6959"}]}
RESULT: {"script":"<script> [56 bytes]","args":[{"element-6066-11e4-a52e-4f735466cecf":"f.DEFD86E6D49D71B1F09B82144A2C9827.d.E1469A003B97EF0D94747A1F7F61E11D.e.6959","ELEMENT":"f.DEFD86E6D49D71B1F09B82144A2C9827.d.E1469A003B97EF0D94747A1F7F61E11D.e.6959"}]}
COMMAND: GET /session/188695daba6f4123f2015bbe49059169/element/f.DEFD86E6D49D71B1F09B82144A2C9827.d.E1469A003B97EF0D94747A1F7F61E11D.e.6958/attribute/aria-checked - {}
COMMAND: GET /session/188695daba6f4123f2015bbe49059169/screenshot - {}
RESULT: {}
COMMAND: POST /session/188695daba6f4123f2015bbe49059169/element - {"using":"xpath","value":"//bdi[contains(text(), \"OK\")]"}
RESULT: {}
RESULT: {"using":"xpath","value":"//bdi[contains(text(), \"OK\")]"}
COMMAND: POST /session/188695daba6f4123f2015bbe49059169/element/f.DEFD86E6D49D71B1F09B82144A2C9827.d.E1469A003B97EF0D94747A1F7F61E11D.e.6960/click - {}
RESULT: {}
COMMAND: GET /session/188695daba6f4123f2015bbe49059169/screenshot - {}
RESULT: {}
COMMAND: POST /session/188695daba6f4123f2015bbe49059169/execute/async - {"script":"<script> [1562 bytes]","args":[{"selector":{"id":"application-managepartners-display-component---masterPtm--smartFilterBar-filterItemControlA_-LINK_TO_ADDRESSES_MAIN.CITY1-vhi"},"wdio_ui5_key":"applicationmanagepartners-display-component---masterPtm--smartFilterBar-filterItemControlA_-LINK_TO_ADDRESSES_MAIN.CITY1-vhi"}]}
RESULT: {"script":"<script> [1562 bytes]","args":[{"selector":{"id":"application-managepartners-display-component---masterPtm--smartFilterBar-filterItemControlA_-LINK_TO_ADDRESSES_MAIN.CITY1-vhi"},"wdio_ui5_key":"applicationmanagepartners-display-component---masterPtm--smartFilterBar-filterItemControlA_-LINK_TO_ADDRESSES_MAIN.CITY1-vhi"}]}
RESULT: undefined
COMMAND: POST /session/188695daba6f4123f2015bbe49059169/element - {"using":"xpath","value":"//*[@id=\"application-managepartners-display-component---masterPtm--smartFilterBar-filterItemControlA_-LINK_TO_ADDRESSES_MAIN.CITY1-vhi\"]"}
RESULT: {"using":"xpath","value":"//*[@id=\"application-managepartners-display-component---masterPtm--smartFilterBar-filterItemControlA_-LINK_TO_ADDRESSES_MAIN.CITY1-vhi\"]"}
COMMAND: POST /session/188695daba6f4123f2015bbe49059169/element/f.DEFD86E6D49D71B1F09B82144A2C9827.d.E1469A003B97EF0D94747A1F7F61E11D.e.6974/click - {}
RESULT: {}
COMMAND: GET /session/188695daba6f4123f2015bbe49059169/screenshot - {}
RESULT: {}
COMMAND: POST /session/188695daba6f4123f2015bbe49059169/execute/async - {"script":"<script> [1562 bytes]","args":[{"selector":{"controlType":"sap.m.Input","viewName":"etm.portal.ui.managepartners.view.Master","viewId":"application-managepartners-display-component---masterPtm","properties":{"valueState":"None"},"searchOpenDialogs":true,"interaction":{"idSuffix":"inner"}},"wdio_ui5_key":"etmportal.ui.managepartners.view.Mastersap.m.Input{\"valueState\":\"None\"}"}]}
RESULT: {"script":"<script> [1562 bytes]","args":[{"selector":{"controlType":"sap.m.Input","viewName":"etm.portal.ui.managepartners.view.Master","viewId":"application-managepartners-display-component---masterPtm","properties":{"valueState":"None"},"searchOpenDialogs":true,"interaction":{"idSuffix":"inner"}},"wdio_ui5_key":"etmportal.ui.managepartners.view.Mastersap.m.Input{\"valueState\":\"None\"}"}]}
RESULT: undefined
COMMAND: POST /session/188695daba6f4123f2015bbe49059169/execute/async - {"script":"<script> [776 bytes]","args":[{"enterText":"Bucure","selector":{"controlType":"sap.m.Input","viewName":"etm.portal.ui.managepartners.view.Master","viewId":"application-managepartners-display-component---masterPtm","properties":{"valueState":"None"},"searchOpenDialogs":true,"interaction":{"idSuffix":"inner"}},"clearTextFirst":true,"interactionType":"ENTER_TEXT"}]}
RESULT: {"script":"<script> [776 bytes]","args":[{"enterText":"Bucure","selector":{"controlType":"sap.m.Input","viewName":"etm.portal.ui.managepartners.view.Master","viewId":"application-managepartners-display-component---masterPtm","properties":{"valueState":"None"},"searchOpenDialogs":true,"interaction":{"idSuffix":"inner"}},"clearTextFirst":true,"interactionType":"ENTER_TEXT"}]}
COMMAND: POST /session/188695daba6f4123f2015bbe49059169/actions - {"actions":[{"id":"action21","type":"key","parameters":{},"actions":[{"type":"keyDown","value":"î€‡"},{"type":"pause","duration":10},{"type":"keyUp","value":"î€‡"}]}]}
RESULT: {"actions":[{"id":"action21","type":"key","parameters":{},"actions":[{"type":"keyDown","value":"î€‡"},{"type":"pause","duration":10},{"type":"keyUp","value":"î€‡"}]}]}
COMMAND: GET /session/188695daba6f4123f2015bbe49059169/screenshot - {}
RESULT: {}
COMMAND: POST /session/188695daba6f4123f2015bbe49059169/element - {"using":"xpath","value":"(//bdi[contains(text(), \"OK\")])[1]"}
RESULT: {"using":"xpath","value":"(//bdi[contains(text(), \"OK\")])[1]"}
COMMAND: POST /session/188695daba6f4123f2015bbe49059169/element/f.DEFD86E6D49D71B1F09B82144A2C9827.d.E1469A003B97EF0D94747A1F7F61E11D.e.6980/click - {}
RESULT: {}
COMMAND: GET /session/188695daba6f4123f2015bbe49059169/screenshot - {}
RESULT: {}
COMMAND: POST /session/188695daba6f4123f2015bbe49059169/element - {"using":"xpath","value":"//span[@id=\"application-managepartners-display-component---masterPtm--smartTable-header-inner\"]"}
RESULT: {"using":"xpath","value":"//span[@id=\"application-managepartners-display-component---masterPtm--smartTable-header-inner\"]"}
COMMAND: POST /session/188695daba6f4123f2015bbe49059169/elements - {"using":"xpath","value":"//span[@id=\"application-managepartners-display-component---masterPtm--smartTable-header-inner\"]"}
RESULT: {"using":"xpath","value":"//span[@id=\"application-managepartners-display-component---masterPtm--smartTable-header-inner\"]"}
COMMAND: POST /session/188695daba6f4123f2015bbe49059169/execute/sync - {"script":"<script> [56 bytes]","args":[{"element-6066-11e4-a52e-4f735466cecf":"f.DEFD86E6D49D71B1F09B82144A2C9827.d.E1469A003B97EF0D94747A1F7F61E11D.e.6022","ELEMENT":"f.DEFD86E6D49D71B1F09B82144A2C9827.d.E1469A003B97EF0D94747A1F7F61E11D.e.6022"}]}
RESULT: {"script":"<script> [56 bytes]","args":[{"element-6066-11e4-a52e-4f735466cecf":"f.DEFD86E6D49D71B1F09B82144A2C9827.d.E1469A003B97EF0D94747A1F7F61E11D.e.6022","ELEMENT":"f.DEFD86E6D49D71B1F09B82144A2C9827.d.E1469A003B97EF0D94747A1F7F61E11D.e.6022"}]}
COMMAND: POST /session/188695daba6f4123f2015bbe49059169/element - {"using":"xpath","value":"//span[contains(@title, \"Remove\")]"}
COMMAND: GET /session/188695daba6f4123f2015bbe49059169/screenshot - {}
RESULT: {"using":"xpath","value":"//span[contains(@title, \"Remove\")]"}
COMMAND: POST /session/188695daba6f4123f2015bbe49059169/element/f.DEFD86E6D49D71B1F09B82144A2C9827.d.E1469A003B97EF0D94747A1F7F61E11D.e.7051/click - {}
RESULT: {}
RESULT: {}
COMMAND: GET /session/188695daba6f4123f2015bbe49059169/screenshot - {}
RESULT: {}
COMMAND: POST /session/188695daba6f4123f2015bbe49059169/element - {"using":"xpath","value":"//span[@id=\"application-managepartners-display-component---masterPtm--smartTable-header-inner\"]"}
RESULT: {"using":"xpath","value":"//span[@id=\"application-managepartners-display-component---masterPtm--smartTable-header-inner\"]"}
COMMAND: POST /session/188695daba6f4123f2015bbe49059169/elements - {"using":"xpath","value":"//span[@id=\"application-managepartners-display-component---masterPtm--smartTable-header-inner\"]"}
RESULT: {"using":"xpath","value":"//span[@id=\"application-managepartners-display-component---masterPtm--smartTable-header-inner\"]"}
COMMAND: POST /session/188695daba6f4123f2015bbe49059169/execute/sync - {"script":"<script> [56 bytes]","args":[{"element-6066-11e4-a52e-4f735466cecf":"f.DEFD86E6D49D71B1F09B82144A2C9827.d.E1469A003B97EF0D94747A1F7F61E11D.e.6022","ELEMENT":"f.DEFD86E6D49D71B1F09B82144A2C9827.d.E1469A003B97EF0D94747A1F7F61E11D.e.6022"}]}
RESULT: {"script":"<script> [56 bytes]","args":[{"element-6066-11e4-a52e-4f735466cecf":"f.DEFD86E6D49D71B1F09B82144A2C9827.d.E1469A003B97EF0D94747A1F7F61E11D.e.6022","ELEMENT":"f.DEFD86E6D49D71B1F09B82144A2C9827.d.E1469A003B97EF0D94747A1F7F61E11D.e.6022"}]}
COMMAND: POST /session/188695daba6f4123f2015bbe49059169/element - {"using":"css selector","value":"#shell-header-logo"}
COMMAND: GET /session/188695daba6f4123f2015bbe49059169/screenshot - {}
RESULT: {"using":"css selector","value":"#shell-header-logo"}
COMMAND: POST /session/188695daba6f4123f2015bbe49059169/element/f.DEFD86E6D49D71B1F09B82144A2C9827.d.E1469A003B97EF0D94747A1F7F61E11D.e.5851/click - {}
RESULT: {}
RESULT: {}
COMMAND: GET /session/188695daba6f4123f2015bbe49059169/screenshot - {}
RESULT: {}
]]></system-out>
    </testcase>
    <testcase classname="chrome.136_0_7103_93.windows.Partner_specific_tests_US150819_US151080_US151654_US151176_US103444_US151078_US151079_US151109_US151174_US151175_US151189" name="Should try to save empty partner US151174" time="55.494">
      <system-out><![CDATA[
COMMAND: POST /session/188695daba6f4123f2015bbe49059169/element - {"using":"xpath","value":"//li[.//span[text()=\"Manage Partners\"]]"}
RESULT: {"using":"xpath","value":"//li[.//span[text()=\"Manage Partners\"]]"}
COMMAND: POST /session/188695daba6f4123f2015bbe49059169/element - {"using":"xpath","value":"//li[.//span[text()=\"Manage Partners\"]]"}
RESULT: {"using":"xpath","value":"//li[.//span[text()=\"Manage Partners\"]]"}
COMMAND: POST /session/188695daba6f4123f2015bbe49059169/element - {"using":"css selector","value":"#shell-header-logo"}
RESULT: {"using":"css selector","value":"#shell-header-logo"}
COMMAND: POST /session/188695daba6f4123f2015bbe49059169/element/f.DEFD86E6D49D71B1F09B82144A2C9827.d.E1469A003B97EF0D94747A1F7F61E11D.e.7146/click - {}
COMMAND: POST /session/188695daba6f4123f2015bbe49059169/execute/sync - {"script":"<script> [8489 bytes]","args":[{"element-6066-11e4-a52e-4f735466cecf":"f.DEFD86E6D49D71B1F09B82144A2C9827.d.E1469A003B97EF0D94747A1F7F61E11D.e.7146","ELEMENT":"f.DEFD86E6D49D71B1F09B82144A2C9827.d.E1469A003B97EF0D94747A1F7F61E11D.e.7146"}]}
RESULT: {"script":"<script> [8489 bytes]","args":[{"element-6066-11e4-a52e-4f735466cecf":"f.DEFD86E6D49D71B1F09B82144A2C9827.d.E1469A003B97EF0D94747A1F7F61E11D.e.7146","ELEMENT":"f.DEFD86E6D49D71B1F09B82144A2C9827.d.E1469A003B97EF0D94747A1F7F61E11D.e.7146"}]}
COMMAND: POST /session/188695daba6f4123f2015bbe49059169/execute/sync - {"script":"<script> [5351 bytes]","args":[{"element-6066-11e4-a52e-4f735466cecf":"f.DEFD86E6D49D71B1F09B82144A2C9827.d.E1469A003B97EF0D94747A1F7F61E11D.e.7146","ELEMENT":"f.DEFD86E6D49D71B1F09B82144A2C9827.d.E1469A003B97EF0D94747A1F7F61E11D.e.7146"}]}
COMMAND: GET /session/188695daba6f4123f2015bbe49059169/screenshot - {}
RESULT: {}
COMMAND: GET /session/188695daba6f4123f2015bbe49059169/screenshot - {}
RESULT: {"script":"<script> [5351 bytes]","args":[{"element-6066-11e4-a52e-4f735466cecf":"f.DEFD86E6D49D71B1F09B82144A2C9827.d.E1469A003B97EF0D94747A1F7F61E11D.e.7146","ELEMENT":"f.DEFD86E6D49D71B1F09B82144A2C9827.d.E1469A003B97EF0D94747A1F7F61E11D.e.7146"}]}
COMMAND: GET /session/188695daba6f4123f2015bbe49059169/screenshot - {}
RESULT: {}
RESULT: {}
RESULT: {}
RESULT: undefined
COMMAND: POST /session/188695daba6f4123f2015bbe49059169/element - {"using":"xpath","value":"//*[@id=\"__tile30\"]"}
RESULT: {"using":"xpath","value":"//*[@id=\"__tile30\"]"}
COMMAND: POST /session/188695daba6f4123f2015bbe49059169/element/f.DEFD86E6D49D71B1F09B82144A2C9827.d.E1469A003B97EF0D94747A1F7F61E11D.e.4506/click - {}
RESULT: {}
COMMAND: GET /session/188695daba6f4123f2015bbe49059169/screenshot - {}
RESULT: {}
COMMAND: POST /session/188695daba6f4123f2015bbe49059169/elements - {"using":"xpath","value":"//span[text()='Error']"}
RESULT: {"using":"xpath","value":"//span[text()='Error']"}
COMMAND: POST /session/188695daba6f4123f2015bbe49059169/element - {"using":"xpath","value":"//button[@data-kt=\"addButton\"]"}
RESULT: {"using":"xpath","value":"//button[@data-kt=\"addButton\"]"}
COMMAND: POST /session/188695daba6f4123f2015bbe49059169/elements - {"using":"xpath","value":"//button[@data-kt=\"addButton\"]"}
RESULT: {"using":"xpath","value":"//button[@data-kt=\"addButton\"]"}
COMMAND: POST /session/188695daba6f4123f2015bbe49059169/execute/sync - {"script":"<script> [8489 bytes]","args":[{"element-6066-11e4-a52e-4f735466cecf":"f.DEFD86E6D49D71B1F09B82144A2C9827.d.E1469A003B97EF0D94747A1F7F61E11D.e.7192","ELEMENT":"f.DEFD86E6D49D71B1F09B82144A2C9827.d.E1469A003B97EF0D94747A1F7F61E11D.e.7192"}]}
RESULT: {"script":"<script> [8489 bytes]","args":[{"element-6066-11e4-a52e-4f735466cecf":"f.DEFD86E6D49D71B1F09B82144A2C9827.d.E1469A003B97EF0D94747A1F7F61E11D.e.7192","ELEMENT":"f.DEFD86E6D49D71B1F09B82144A2C9827.d.E1469A003B97EF0D94747A1F7F61E11D.e.7192"}]}
COMMAND: GET /session/188695daba6f4123f2015bbe49059169/element/f.DEFD86E6D49D71B1F09B82144A2C9827.d.E1469A003B97EF0D94747A1F7F61E11D.e.7192/enabled - {}
COMMAND: GET /session/188695daba6f4123f2015bbe49059169/screenshot - {}
RESULT: {}
COMMAND: POST /session/188695daba6f4123f2015bbe49059169/execute/sync - {"script":"<script> [8489 bytes]","args":[{"element-6066-11e4-a52e-4f735466cecf":"f.DEFD86E6D49D71B1F09B82144A2C9827.d.E1469A003B97EF0D94747A1F7F61E11D.e.7192","ELEMENT":"f.DEFD86E6D49D71B1F09B82144A2C9827.d.E1469A003B97EF0D94747A1F7F61E11D.e.7192"}]}
COMMAND: GET /session/188695daba6f4123f2015bbe49059169/screenshot - {}
RESULT: {}
RESULT: {"script":"<script> [8489 bytes]","args":[{"element-6066-11e4-a52e-4f735466cecf":"f.DEFD86E6D49D71B1F09B82144A2C9827.d.E1469A003B97EF0D94747A1F7F61E11D.e.7192","ELEMENT":"f.DEFD86E6D49D71B1F09B82144A2C9827.d.E1469A003B97EF0D94747A1F7F61E11D.e.7192"}]}
COMMAND: POST /session/188695daba6f4123f2015bbe49059169/execute/sync - {"script":"<script> [5351 bytes]","args":[{"element-6066-11e4-a52e-4f735466cecf":"f.DEFD86E6D49D71B1F09B82144A2C9827.d.E1469A003B97EF0D94747A1F7F61E11D.e.7192","ELEMENT":"f.DEFD86E6D49D71B1F09B82144A2C9827.d.E1469A003B97EF0D94747A1F7F61E11D.e.7192"}]}
COMMAND: GET /session/188695daba6f4123f2015bbe49059169/screenshot - {}
RESULT: {}
RESULT: {"script":"<script> [5351 bytes]","args":[{"element-6066-11e4-a52e-4f735466cecf":"f.DEFD86E6D49D71B1F09B82144A2C9827.d.E1469A003B97EF0D94747A1F7F61E11D.e.7192","ELEMENT":"f.DEFD86E6D49D71B1F09B82144A2C9827.d.E1469A003B97EF0D94747A1F7F61E11D.e.7192"}]}
COMMAND: POST /session/188695daba6f4123f2015bbe49059169/element/f.DEFD86E6D49D71B1F09B82144A2C9827.d.E1469A003B97EF0D94747A1F7F61E11D.e.7192/click - {}
COMMAND: GET /session/188695daba6f4123f2015bbe49059169/screenshot - {}
RESULT: {}
RESULT: {}
RESULT: {}
COMMAND: GET /session/188695daba6f4123f2015bbe49059169/screenshot - {}
RESULT: {}
COMMAND: POST /session/188695daba6f4123f2015bbe49059169/element - {"using":"xpath","value":"//button[@data-kt=\"saveButton\"]"}
RESULT: {"using":"xpath","value":"//button[@data-kt=\"saveButton\"]"}
COMMAND: POST /session/188695daba6f4123f2015bbe49059169/element/f.DEFD86E6D49D71B1F09B82144A2C9827.d.E1469A003B97EF0D94747A1F7F61E11D.e.7515/click - {}
RESULT: {}
COMMAND: GET /session/188695daba6f4123f2015bbe49059169/screenshot - {}
RESULT: {}
COMMAND: POST /session/188695daba6f4123f2015bbe49059169/element - {"using":"xpath","value":"//span[contains(@class, \"sapMMsgBoxText\")]"}
RESULT: {"using":"xpath","value":"//span[contains(@class, \"sapMMsgBoxText\")]"}
COMMAND: POST /session/188695daba6f4123f2015bbe49059169/execute/sync - {"script":"<script> [56 bytes]","args":[{"element-6066-11e4-a52e-4f735466cecf":"f.DEFD86E6D49D71B1F09B82144A2C9827.d.E1469A003B97EF0D94747A1F7F61E11D.e.7639","ELEMENT":"f.DEFD86E6D49D71B1F09B82144A2C9827.d.E1469A003B97EF0D94747A1F7F61E11D.e.7639"}]}
RESULT: {"script":"<script> [56 bytes]","args":[{"element-6066-11e4-a52e-4f735466cecf":"f.DEFD86E6D49D71B1F09B82144A2C9827.d.E1469A003B97EF0D94747A1F7F61E11D.e.7639","ELEMENT":"f.DEFD86E6D49D71B1F09B82144A2C9827.d.E1469A003B97EF0D94747A1F7F61E11D.e.7639"}]}
COMMAND: POST /session/188695daba6f4123f2015bbe49059169/element - {"using":"xpath","value":"(//bdi[contains(text(), \"Close\")])[1]"}
COMMAND: POST /session/188695daba6f4123f2015bbe49059169/elements - {"using":"xpath","value":"//span[contains(@class, \"sapMMsgBoxText\")]"}
COMMAND: GET /session/188695daba6f4123f2015bbe49059169/screenshot - {}
RESULT: {"using":"xpath","value":"(//bdi[contains(text(), \"Close\")])[1]"}
COMMAND: POST /session/188695daba6f4123f2015bbe49059169/element/f.DEFD86E6D49D71B1F09B82144A2C9827.d.E1469A003B97EF0D94747A1F7F61E11D.e.7640/click - {}
RESULT: {"using":"xpath","value":"//span[contains(@class, \"sapMMsgBoxText\")]"}
RESULT: {}
RESULT: {}
COMMAND: GET /session/188695daba6f4123f2015bbe49059169/screenshot - {}
RESULT: {}
COMMAND: POST /session/188695daba6f4123f2015bbe49059169/element - {"using":"css selector","value":"#shell-header-logo"}
RESULT: {"using":"css selector","value":"#shell-header-logo"}
COMMAND: POST /session/188695daba6f4123f2015bbe49059169/element/f.DEFD86E6D49D71B1F09B82144A2C9827.d.E1469A003B97EF0D94747A1F7F61E11D.e.7146/click - {}
RESULT: {}
COMMAND: GET /session/188695daba6f4123f2015bbe49059169/screenshot - {}
RESULT: {}
]]></system-out>
    </testcase>
    <testcase classname="chrome.136_0_7103_93.windows.Partner_specific_tests_US150819_US151080_US151654_US151176_US103444_US151078_US151079_US151109_US151174_US151175_US151189" name="Should do various searches US151175" time="173.795">
      <system-out><![CDATA[
COMMAND: POST /session/188695daba6f4123f2015bbe49059169/element - {"using":"xpath","value":"//li[.//span[text()=\"Manage Partners\"]]"}
RESULT: {"using":"xpath","value":"//li[.//span[text()=\"Manage Partners\"]]"}
COMMAND: POST /session/188695daba6f4123f2015bbe49059169/element - {"using":"xpath","value":"//li[.//span[text()=\"Manage Partners\"]]"}
RESULT: {"using":"xpath","value":"//li[.//span[text()=\"Manage Partners\"]]"}
COMMAND: POST /session/188695daba6f4123f2015bbe49059169/element - {"using":"css selector","value":"#shell-header-logo"}
RESULT: {"using":"css selector","value":"#shell-header-logo"}
COMMAND: POST /session/188695daba6f4123f2015bbe49059169/element/f.DEFD86E6D49D71B1F09B82144A2C9827.d.E1469A003B97EF0D94747A1F7F61E11D.e.7642/click - {}
COMMAND: POST /session/188695daba6f4123f2015bbe49059169/execute/sync - {"script":"<script> [8489 bytes]","args":[{"element-6066-11e4-a52e-4f735466cecf":"f.DEFD86E6D49D71B1F09B82144A2C9827.d.E1469A003B97EF0D94747A1F7F61E11D.e.7642","ELEMENT":"f.DEFD86E6D49D71B1F09B82144A2C9827.d.E1469A003B97EF0D94747A1F7F61E11D.e.7642"}]}
RESULT: {}
COMMAND: GET /session/188695daba6f4123f2015bbe49059169/screenshot - {}
RESULT: {"script":"<script> [8489 bytes]","args":[{"element-6066-11e4-a52e-4f735466cecf":"f.DEFD86E6D49D71B1F09B82144A2C9827.d.E1469A003B97EF0D94747A1F7F61E11D.e.7642","ELEMENT":"f.DEFD86E6D49D71B1F09B82144A2C9827.d.E1469A003B97EF0D94747A1F7F61E11D.e.7642"}]}
COMMAND: POST /session/188695daba6f4123f2015bbe49059169/execute/sync - {"script":"<script> [5351 bytes]","args":[{"element-6066-11e4-a52e-4f735466cecf":"f.DEFD86E6D49D71B1F09B82144A2C9827.d.E1469A003B97EF0D94747A1F7F61E11D.e.7642","ELEMENT":"f.DEFD86E6D49D71B1F09B82144A2C9827.d.E1469A003B97EF0D94747A1F7F61E11D.e.7642"}]}
COMMAND: GET /session/188695daba6f4123f2015bbe49059169/screenshot - {}
RESULT: {}
RESULT: {"script":"<script> [5351 bytes]","args":[{"element-6066-11e4-a52e-4f735466cecf":"f.DEFD86E6D49D71B1F09B82144A2C9827.d.E1469A003B97EF0D94747A1F7F61E11D.e.7642","ELEMENT":"f.DEFD86E6D49D71B1F09B82144A2C9827.d.E1469A003B97EF0D94747A1F7F61E11D.e.7642"}]}
COMMAND: GET /session/188695daba6f4123f2015bbe49059169/screenshot - {}
RESULT: {}
RESULT: {}
RESULT: undefined
COMMAND: POST /session/188695daba6f4123f2015bbe49059169/element - {"using":"xpath","value":"//*[@id=\"__tile30\"]"}
RESULT: {"using":"xpath","value":"//*[@id=\"__tile30\"]"}
COMMAND: POST /session/188695daba6f4123f2015bbe49059169/element/f.DEFD86E6D49D71B1F09B82144A2C9827.d.E1469A003B97EF0D94747A1F7F61E11D.e.4506/click - {}
RESULT: {}
COMMAND: GET /session/188695daba6f4123f2015bbe49059169/screenshot - {}
RESULT: {}
COMMAND: POST /session/188695daba6f4123f2015bbe49059169/elements - {"using":"xpath","value":"//span[text()='Error']"}
RESULT: {"using":"xpath","value":"//span[text()='Error']"}
COMMAND: POST /session/188695daba6f4123f2015bbe49059169/element - {"using":"xpath","value":"//button[@data-kt=\"addButton\"]"}
RESULT: {"using":"xpath","value":"//button[@data-kt=\"addButton\"]"}
COMMAND: POST /session/188695daba6f4123f2015bbe49059169/elements - {"using":"xpath","value":"//button[@data-kt=\"addButton\"]"}
RESULT: {"using":"xpath","value":"//button[@data-kt=\"addButton\"]"}
COMMAND: POST /session/188695daba6f4123f2015bbe49059169/execute/sync - {"script":"<script> [8489 bytes]","args":[{"element-6066-11e4-a52e-4f735466cecf":"f.DEFD86E6D49D71B1F09B82144A2C9827.d.E1469A003B97EF0D94747A1F7F61E11D.e.7687","ELEMENT":"f.DEFD86E6D49D71B1F09B82144A2C9827.d.E1469A003B97EF0D94747A1F7F61E11D.e.7687"}]}
RESULT: {"script":"<script> [8489 bytes]","args":[{"element-6066-11e4-a52e-4f735466cecf":"f.DEFD86E6D49D71B1F09B82144A2C9827.d.E1469A003B97EF0D94747A1F7F61E11D.e.7687","ELEMENT":"f.DEFD86E6D49D71B1F09B82144A2C9827.d.E1469A003B97EF0D94747A1F7F61E11D.e.7687"}]}
COMMAND: GET /session/188695daba6f4123f2015bbe49059169/element/f.DEFD86E6D49D71B1F09B82144A2C9827.d.E1469A003B97EF0D94747A1F7F61E11D.e.7687/enabled - {}
COMMAND: GET /session/188695daba6f4123f2015bbe49059169/screenshot - {}
RESULT: {}
COMMAND: POST /session/188695daba6f4123f2015bbe49059169/execute/sync - {"script":"<script> [8489 bytes]","args":[{"element-6066-11e4-a52e-4f735466cecf":"f.DEFD86E6D49D71B1F09B82144A2C9827.d.E1469A003B97EF0D94747A1F7F61E11D.e.7687","ELEMENT":"f.DEFD86E6D49D71B1F09B82144A2C9827.d.E1469A003B97EF0D94747A1F7F61E11D.e.7687"}]}
COMMAND: GET /session/188695daba6f4123f2015bbe49059169/screenshot - {}
RESULT: {}
RESULT: {"script":"<script> [8489 bytes]","args":[{"element-6066-11e4-a52e-4f735466cecf":"f.DEFD86E6D49D71B1F09B82144A2C9827.d.E1469A003B97EF0D94747A1F7F61E11D.e.7687","ELEMENT":"f.DEFD86E6D49D71B1F09B82144A2C9827.d.E1469A003B97EF0D94747A1F7F61E11D.e.7687"}]}
COMMAND: POST /session/188695daba6f4123f2015bbe49059169/execute/sync - {"script":"<script> [5351 bytes]","args":[{"element-6066-11e4-a52e-4f735466cecf":"f.DEFD86E6D49D71B1F09B82144A2C9827.d.E1469A003B97EF0D94747A1F7F61E11D.e.7687","ELEMENT":"f.DEFD86E6D49D71B1F09B82144A2C9827.d.E1469A003B97EF0D94747A1F7F61E11D.e.7687"}]}
COMMAND: GET /session/188695daba6f4123f2015bbe49059169/screenshot - {}
RESULT: {}
RESULT: {"script":"<script> [5351 bytes]","args":[{"element-6066-11e4-a52e-4f735466cecf":"f.DEFD86E6D49D71B1F09B82144A2C9827.d.E1469A003B97EF0D94747A1F7F61E11D.e.7687","ELEMENT":"f.DEFD86E6D49D71B1F09B82144A2C9827.d.E1469A003B97EF0D94747A1F7F61E11D.e.7687"}]}
COMMAND: GET /session/188695daba6f4123f2015bbe49059169/screenshot - {}
RESULT: {}
RESULT: {}
COMMAND: POST /session/188695daba6f4123f2015bbe49059169/element - {"using":"xpath","value":"//span[@id=\"application-managepartners-display-component---masterPtm--smartTable-header-inner\"]"}
RESULT: {"using":"xpath","value":"//span[@id=\"application-managepartners-display-component---masterPtm--smartTable-header-inner\"]"}
COMMAND: POST /session/188695daba6f4123f2015bbe49059169/elements - {"using":"xpath","value":"//span[@id=\"application-managepartners-display-component---masterPtm--smartTable-header-inner\"]"}
RESULT: {"using":"xpath","value":"//span[@id=\"application-managepartners-display-component---masterPtm--smartTable-header-inner\"]"}
COMMAND: POST /session/188695daba6f4123f2015bbe49059169/execute/sync - {"script":"<script> [56 bytes]","args":[{"element-6066-11e4-a52e-4f735466cecf":"f.DEFD86E6D49D71B1F09B82144A2C9827.d.E1469A003B97EF0D94747A1F7F61E11D.e.7813","ELEMENT":"f.DEFD86E6D49D71B1F09B82144A2C9827.d.E1469A003B97EF0D94747A1F7F61E11D.e.7813"}]}
RESULT: {"script":"<script> [56 bytes]","args":[{"element-6066-11e4-a52e-4f735466cecf":"f.DEFD86E6D49D71B1F09B82144A2C9827.d.E1469A003B97EF0D94747A1F7F61E11D.e.7813","ELEMENT":"f.DEFD86E6D49D71B1F09B82144A2C9827.d.E1469A003B97EF0D94747A1F7F61E11D.e.7813"}]}
RESULT: undefined
COMMAND: POST /session/188695daba6f4123f2015bbe49059169/element - {"using":"xpath","value":"//*[@id=\"application-managepartners-display-component---masterPtm--smartFilterBar-btnFilters\"]"}
COMMAND: GET /session/188695daba6f4123f2015bbe49059169/screenshot - {}
RESULT: {"using":"xpath","value":"//*[@id=\"application-managepartners-display-component---masterPtm--smartFilterBar-btnFilters\"]"}
COMMAND: POST /session/188695daba6f4123f2015bbe49059169/element/f.DEFD86E6D49D71B1F09B82144A2C9827.d.E1469A003B97EF0D94747A1F7F61E11D.e.7652/click - {}
RESULT: {}
RESULT: {}
COMMAND: GET /session/188695daba6f4123f2015bbe49059169/screenshot - {}
RESULT: {}
COMMAND: POST /session/188695daba6f4123f2015bbe49059169/elements - {"using":"xpath","value":"//table[contains(@id, \"listView-innerSelectionPanelTable-listUl\")]/tbody/tr"}
RESULT: {"using":"xpath","value":"//table[contains(@id, \"listView-innerSelectionPanelTable-listUl\")]/tbody/tr"}
COMMAND: POST /session/188695daba6f4123f2015bbe49059169/element - {"using":"xpath","value":"//table[contains(@id, \"listView-innerSelectionPanelTable-listUl\")]/tbody/tr[2]/td[2]/div/div"}
RESULT: {"using":"xpath","value":"//table[contains(@id, \"listView-innerSelectionPanelTable-listUl\")]/tbody/tr[2]/td[2]/div/div"}
COMMAND: POST /session/188695daba6f4123f2015bbe49059169/element - {"using":"xpath","value":"//table[contains(@id, \"listView-innerSelectionPanelTable-listUl\")]/tbody/tr[2]/td[2]/div"}
RESULT: {"using":"xpath","value":"//table[contains(@id, \"listView-innerSelectionPanelTable-listUl\")]/tbody/tr[2]/td[2]/div"}
COMMAND: POST /session/188695daba6f4123f2015bbe49059169/element - {"using":"xpath","value":"//table[contains(@id, \"listView-innerSelectionPanelTable-listUl\")]/tbody/tr[2]/td[3]/div/div/span/span[1]/bdi"}
RESULT: {"using":"xpath","value":"//table[contains(@id, \"listView-innerSelectionPanelTable-listUl\")]/tbody/tr[2]/td[3]/div/div/span/span[1]/bdi"}
COMMAND: POST /session/188695daba6f4123f2015bbe49059169/execute/sync - {"script":"<script> [56 bytes]","args":[{"element-6066-11e4-a52e-4f735466cecf":"f.DEFD86E6D49D71B1F09B82144A2C9827.d.E1469A003B97EF0D94747A1F7F61E11D.e.7881","ELEMENT":"f.DEFD86E6D49D71B1F09B82144A2C9827.d.E1469A003B97EF0D94747A1F7F61E11D.e.7881"}]}
RESULT: {"script":"<script> [56 bytes]","args":[{"element-6066-11e4-a52e-4f735466cecf":"f.DEFD86E6D49D71B1F09B82144A2C9827.d.E1469A003B97EF0D94747A1F7F61E11D.e.7881","ELEMENT":"f.DEFD86E6D49D71B1F09B82144A2C9827.d.E1469A003B97EF0D94747A1F7F61E11D.e.7881"}]}
COMMAND: GET /session/188695daba6f4123f2015bbe49059169/element/f.DEFD86E6D49D71B1F09B82144A2C9827.d.E1469A003B97EF0D94747A1F7F61E11D.e.7880/attribute/aria-checked - {}
COMMAND: GET /session/188695daba6f4123f2015bbe49059169/screenshot - {}
RESULT: {}
COMMAND: POST /session/188695daba6f4123f2015bbe49059169/element - {"using":"xpath","value":"//table[contains(@id, \"listView-innerSelectionPanelTable-listUl\")]/tbody/tr[3]/td[2]/div/div"}
RESULT: {}
RESULT: {"using":"xpath","value":"//table[contains(@id, \"listView-innerSelectionPanelTable-listUl\")]/tbody/tr[3]/td[2]/div/div"}
COMMAND: POST /session/188695daba6f4123f2015bbe49059169/element - {"using":"xpath","value":"//table[contains(@id, \"listView-innerSelectionPanelTable-listUl\")]/tbody/tr[3]/td[2]/div"}
RESULT: {"using":"xpath","value":"//table[contains(@id, \"listView-innerSelectionPanelTable-listUl\")]/tbody/tr[3]/td[2]/div"}
COMMAND: POST /session/188695daba6f4123f2015bbe49059169/element - {"using":"xpath","value":"//table[contains(@id, \"listView-innerSelectionPanelTable-listUl\")]/tbody/tr[3]/td[3]/div/div/span/span[1]/bdi"}
RESULT: {"using":"xpath","value":"//table[contains(@id, \"listView-innerSelectionPanelTable-listUl\")]/tbody/tr[3]/td[3]/div/div/span/span[1]/bdi"}
COMMAND: POST /session/188695daba6f4123f2015bbe49059169/execute/sync - {"script":"<script> [56 bytes]","args":[{"element-6066-11e4-a52e-4f735466cecf":"f.DEFD86E6D49D71B1F09B82144A2C9827.d.E1469A003B97EF0D94747A1F7F61E11D.e.7884","ELEMENT":"f.DEFD86E6D49D71B1F09B82144A2C9827.d.E1469A003B97EF0D94747A1F7F61E11D.e.7884"}]}
RESULT: {"script":"<script> [56 bytes]","args":[{"element-6066-11e4-a52e-4f735466cecf":"f.DEFD86E6D49D71B1F09B82144A2C9827.d.E1469A003B97EF0D94747A1F7F61E11D.e.7884","ELEMENT":"f.DEFD86E6D49D71B1F09B82144A2C9827.d.E1469A003B97EF0D94747A1F7F61E11D.e.7884"}]}
COMMAND: GET /session/188695daba6f4123f2015bbe49059169/element/f.DEFD86E6D49D71B1F09B82144A2C9827.d.E1469A003B97EF0D94747A1F7F61E11D.e.7883/attribute/aria-checked - {}
COMMAND: GET /session/188695daba6f4123f2015bbe49059169/screenshot - {}
RESULT: {}
COMMAND: POST /session/188695daba6f4123f2015bbe49059169/element - {"using":"xpath","value":"//table[contains(@id, \"listView-innerSelectionPanelTable-listUl\")]/tbody/tr[4]/td[2]/div/div"}
RESULT: {}
RESULT: {"using":"xpath","value":"//table[contains(@id, \"listView-innerSelectionPanelTable-listUl\")]/tbody/tr[4]/td[2]/div/div"}
COMMAND: POST /session/188695daba6f4123f2015bbe49059169/element - {"using":"xpath","value":"//table[contains(@id, \"listView-innerSelectionPanelTable-listUl\")]/tbody/tr[4]/td[2]/div"}
RESULT: {"using":"xpath","value":"//table[contains(@id, \"listView-innerSelectionPanelTable-listUl\")]/tbody/tr[4]/td[2]/div"}
COMMAND: POST /session/188695daba6f4123f2015bbe49059169/element - {"using":"xpath","value":"//table[contains(@id, \"listView-innerSelectionPanelTable-listUl\")]/tbody/tr[4]/td[3]/div/div/span/span[1]/bdi"}
RESULT: {"using":"xpath","value":"//table[contains(@id, \"listView-innerSelectionPanelTable-listUl\")]/tbody/tr[4]/td[3]/div/div/span/span[1]/bdi"}
COMMAND: POST /session/188695daba6f4123f2015bbe49059169/execute/sync - {"script":"<script> [56 bytes]","args":[{"element-6066-11e4-a52e-4f735466cecf":"f.DEFD86E6D49D71B1F09B82144A2C9827.d.E1469A003B97EF0D94747A1F7F61E11D.e.7887","ELEMENT":"f.DEFD86E6D49D71B1F09B82144A2C9827.d.E1469A003B97EF0D94747A1F7F61E11D.e.7887"}]}
RESULT: {"script":"<script> [56 bytes]","args":[{"element-6066-11e4-a52e-4f735466cecf":"f.DEFD86E6D49D71B1F09B82144A2C9827.d.E1469A003B97EF0D94747A1F7F61E11D.e.7887","ELEMENT":"f.DEFD86E6D49D71B1F09B82144A2C9827.d.E1469A003B97EF0D94747A1F7F61E11D.e.7887"}]}
COMMAND: GET /session/188695daba6f4123f2015bbe49059169/element/f.DEFD86E6D49D71B1F09B82144A2C9827.d.E1469A003B97EF0D94747A1F7F61E11D.e.7886/attribute/aria-checked - {}
COMMAND: GET /session/188695daba6f4123f2015bbe49059169/screenshot - {}
RESULT: {}
COMMAND: POST /session/188695daba6f4123f2015bbe49059169/element - {"using":"xpath","value":"//table[contains(@id, \"listView-innerSelectionPanelTable-listUl\")]/tbody/tr[5]/td[2]/div/div"}
RESULT: {}
RESULT: {"using":"xpath","value":"//table[contains(@id, \"listView-innerSelectionPanelTable-listUl\")]/tbody/tr[5]/td[2]/div/div"}
COMMAND: POST /session/188695daba6f4123f2015bbe49059169/element - {"using":"xpath","value":"//table[contains(@id, \"listView-innerSelectionPanelTable-listUl\")]/tbody/tr[5]/td[2]/div"}
RESULT: {"using":"xpath","value":"//table[contains(@id, \"listView-innerSelectionPanelTable-listUl\")]/tbody/tr[5]/td[2]/div"}
COMMAND: POST /session/188695daba6f4123f2015bbe49059169/element - {"using":"xpath","value":"//table[contains(@id, \"listView-innerSelectionPanelTable-listUl\")]/tbody/tr[5]/td[3]/div/div/span/span[1]/bdi"}
RESULT: {"using":"xpath","value":"//table[contains(@id, \"listView-innerSelectionPanelTable-listUl\")]/tbody/tr[5]/td[3]/div/div/span/span[1]/bdi"}
COMMAND: POST /session/188695daba6f4123f2015bbe49059169/execute/sync - {"script":"<script> [56 bytes]","args":[{"element-6066-11e4-a52e-4f735466cecf":"f.DEFD86E6D49D71B1F09B82144A2C9827.d.E1469A003B97EF0D94747A1F7F61E11D.e.7890","ELEMENT":"f.DEFD86E6D49D71B1F09B82144A2C9827.d.E1469A003B97EF0D94747A1F7F61E11D.e.7890"}]}
RESULT: {"script":"<script> [56 bytes]","args":[{"element-6066-11e4-a52e-4f735466cecf":"f.DEFD86E6D49D71B1F09B82144A2C9827.d.E1469A003B97EF0D94747A1F7F61E11D.e.7890","ELEMENT":"f.DEFD86E6D49D71B1F09B82144A2C9827.d.E1469A003B97EF0D94747A1F7F61E11D.e.7890"}]}
COMMAND: GET /session/188695daba6f4123f2015bbe49059169/element/f.DEFD86E6D49D71B1F09B82144A2C9827.d.E1469A003B97EF0D94747A1F7F61E11D.e.7889/attribute/aria-checked - {}
COMMAND: GET /session/188695daba6f4123f2015bbe49059169/screenshot - {}
RESULT: {}
COMMAND: POST /session/188695daba6f4123f2015bbe49059169/element - {"using":"xpath","value":"//table[contains(@id, \"listView-innerSelectionPanelTable-listUl\")]/tbody/tr[6]/td[2]/div/div"}
RESULT: {}
RESULT: {"using":"xpath","value":"//table[contains(@id, \"listView-innerSelectionPanelTable-listUl\")]/tbody/tr[6]/td[2]/div/div"}
COMMAND: POST /session/188695daba6f4123f2015bbe49059169/element - {"using":"xpath","value":"//table[contains(@id, \"listView-innerSelectionPanelTable-listUl\")]/tbody/tr[6]/td[2]/div"}
RESULT: {"using":"xpath","value":"//table[contains(@id, \"listView-innerSelectionPanelTable-listUl\")]/tbody/tr[6]/td[2]/div"}
COMMAND: POST /session/188695daba6f4123f2015bbe49059169/element - {"using":"xpath","value":"//table[contains(@id, \"listView-innerSelectionPanelTable-listUl\")]/tbody/tr[6]/td[3]/div/div/span/span[1]/bdi"}
RESULT: {"using":"xpath","value":"//table[contains(@id, \"listView-innerSelectionPanelTable-listUl\")]/tbody/tr[6]/td[3]/div/div/span/span[1]/bdi"}
COMMAND: POST /session/188695daba6f4123f2015bbe49059169/execute/sync - {"script":"<script> [56 bytes]","args":[{"element-6066-11e4-a52e-4f735466cecf":"f.DEFD86E6D49D71B1F09B82144A2C9827.d.E1469A003B97EF0D94747A1F7F61E11D.e.7893","ELEMENT":"f.DEFD86E6D49D71B1F09B82144A2C9827.d.E1469A003B97EF0D94747A1F7F61E11D.e.7893"}]}
RESULT: {"script":"<script> [56 bytes]","args":[{"element-6066-11e4-a52e-4f735466cecf":"f.DEFD86E6D49D71B1F09B82144A2C9827.d.E1469A003B97EF0D94747A1F7F61E11D.e.7893","ELEMENT":"f.DEFD86E6D49D71B1F09B82144A2C9827.d.E1469A003B97EF0D94747A1F7F61E11D.e.7893"}]}
COMMAND: GET /session/188695daba6f4123f2015bbe49059169/element/f.DEFD86E6D49D71B1F09B82144A2C9827.d.E1469A003B97EF0D94747A1F7F61E11D.e.7892/attribute/aria-checked - {}
COMMAND: GET /session/188695daba6f4123f2015bbe49059169/screenshot - {}
RESULT: {}
COMMAND: POST /session/188695daba6f4123f2015bbe49059169/element - {"using":"xpath","value":"//table[contains(@id, \"listView-innerSelectionPanelTable-listUl\")]/tbody/tr[7]/td[2]/div/div"}
RESULT: {}
RESULT: {"using":"xpath","value":"//table[contains(@id, \"listView-innerSelectionPanelTable-listUl\")]/tbody/tr[7]/td[2]/div/div"}
COMMAND: POST /session/188695daba6f4123f2015bbe49059169/element - {"using":"xpath","value":"//table[contains(@id, \"listView-innerSelectionPanelTable-listUl\")]/tbody/tr[7]/td[2]/div"}
RESULT: {"using":"xpath","value":"//table[contains(@id, \"listView-innerSelectionPanelTable-listUl\")]/tbody/tr[7]/td[2]/div"}
COMMAND: POST /session/188695daba6f4123f2015bbe49059169/element - {"using":"xpath","value":"//table[contains(@id, \"listView-innerSelectionPanelTable-listUl\")]/tbody/tr[7]/td[3]/div/div/span/span[1]/bdi"}
RESULT: {"using":"xpath","value":"//table[contains(@id, \"listView-innerSelectionPanelTable-listUl\")]/tbody/tr[7]/td[3]/div/div/span/span[1]/bdi"}
COMMAND: POST /session/188695daba6f4123f2015bbe49059169/execute/sync - {"script":"<script> [56 bytes]","args":[{"element-6066-11e4-a52e-4f735466cecf":"f.DEFD86E6D49D71B1F09B82144A2C9827.d.E1469A003B97EF0D94747A1F7F61E11D.e.7896","ELEMENT":"f.DEFD86E6D49D71B1F09B82144A2C9827.d.E1469A003B97EF0D94747A1F7F61E11D.e.7896"}]}
RESULT: {"script":"<script> [56 bytes]","args":[{"element-6066-11e4-a52e-4f735466cecf":"f.DEFD86E6D49D71B1F09B82144A2C9827.d.E1469A003B97EF0D94747A1F7F61E11D.e.7896","ELEMENT":"f.DEFD86E6D49D71B1F09B82144A2C9827.d.E1469A003B97EF0D94747A1F7F61E11D.e.7896"}]}
COMMAND: GET /session/188695daba6f4123f2015bbe49059169/element/f.DEFD86E6D49D71B1F09B82144A2C9827.d.E1469A003B97EF0D94747A1F7F61E11D.e.7895/attribute/aria-checked - {}
COMMAND: GET /session/188695daba6f4123f2015bbe49059169/screenshot - {}
RESULT: {}
COMMAND: POST /session/188695daba6f4123f2015bbe49059169/element - {"using":"xpath","value":"//table[contains(@id, \"listView-innerSelectionPanelTable-listUl\")]/tbody/tr[8]/td[2]/div/div"}
RESULT: {}
RESULT: {"using":"xpath","value":"//table[contains(@id, \"listView-innerSelectionPanelTable-listUl\")]/tbody/tr[8]/td[2]/div/div"}
COMMAND: POST /session/188695daba6f4123f2015bbe49059169/element - {"using":"xpath","value":"//table[contains(@id, \"listView-innerSelectionPanelTable-listUl\")]/tbody/tr[8]/td[2]/div"}
RESULT: {"using":"xpath","value":"//table[contains(@id, \"listView-innerSelectionPanelTable-listUl\")]/tbody/tr[8]/td[2]/div"}
COMMAND: POST /session/188695daba6f4123f2015bbe49059169/element - {"using":"xpath","value":"//table[contains(@id, \"listView-innerSelectionPanelTable-listUl\")]/tbody/tr[8]/td[3]/div/div/span/span[1]/bdi"}
RESULT: {"using":"xpath","value":"//table[contains(@id, \"listView-innerSelectionPanelTable-listUl\")]/tbody/tr[8]/td[3]/div/div/span/span[1]/bdi"}
COMMAND: POST /session/188695daba6f4123f2015bbe49059169/execute/sync - {"script":"<script> [56 bytes]","args":[{"element-6066-11e4-a52e-4f735466cecf":"f.DEFD86E6D49D71B1F09B82144A2C9827.d.E1469A003B97EF0D94747A1F7F61E11D.e.7899","ELEMENT":"f.DEFD86E6D49D71B1F09B82144A2C9827.d.E1469A003B97EF0D94747A1F7F61E11D.e.7899"}]}
RESULT: {"script":"<script> [56 bytes]","args":[{"element-6066-11e4-a52e-4f735466cecf":"f.DEFD86E6D49D71B1F09B82144A2C9827.d.E1469A003B97EF0D94747A1F7F61E11D.e.7899","ELEMENT":"f.DEFD86E6D49D71B1F09B82144A2C9827.d.E1469A003B97EF0D94747A1F7F61E11D.e.7899"}]}
COMMAND: GET /session/188695daba6f4123f2015bbe49059169/element/f.DEFD86E6D49D71B1F09B82144A2C9827.d.E1469A003B97EF0D94747A1F7F61E11D.e.7898/attribute/aria-checked - {}
COMMAND: GET /session/188695daba6f4123f2015bbe49059169/screenshot - {}
RESULT: {}
COMMAND: POST /session/188695daba6f4123f2015bbe49059169/element - {"using":"xpath","value":"//table[contains(@id, \"listView-innerSelectionPanelTable-listUl\")]/tbody/tr[9]/td[2]/div/div"}
RESULT: {}
RESULT: {"using":"xpath","value":"//table[contains(@id, \"listView-innerSelectionPanelTable-listUl\")]/tbody/tr[9]/td[2]/div/div"}
COMMAND: POST /session/188695daba6f4123f2015bbe49059169/element - {"using":"xpath","value":"//table[contains(@id, \"listView-innerSelectionPanelTable-listUl\")]/tbody/tr[9]/td[2]/div"}
RESULT: {"using":"xpath","value":"//table[contains(@id, \"listView-innerSelectionPanelTable-listUl\")]/tbody/tr[9]/td[2]/div"}
COMMAND: POST /session/188695daba6f4123f2015bbe49059169/element - {"using":"xpath","value":"//table[contains(@id, \"listView-innerSelectionPanelTable-listUl\")]/tbody/tr[9]/td[3]/div/div/span/span[1]/bdi"}
RESULT: {"using":"xpath","value":"//table[contains(@id, \"listView-innerSelectionPanelTable-listUl\")]/tbody/tr[9]/td[3]/div/div/span/span[1]/bdi"}
COMMAND: POST /session/188695daba6f4123f2015bbe49059169/execute/sync - {"script":"<script> [56 bytes]","args":[{"element-6066-11e4-a52e-4f735466cecf":"f.DEFD86E6D49D71B1F09B82144A2C9827.d.E1469A003B97EF0D94747A1F7F61E11D.e.7902","ELEMENT":"f.DEFD86E6D49D71B1F09B82144A2C9827.d.E1469A003B97EF0D94747A1F7F61E11D.e.7902"}]}
RESULT: {"script":"<script> [56 bytes]","args":[{"element-6066-11e4-a52e-4f735466cecf":"f.DEFD86E6D49D71B1F09B82144A2C9827.d.E1469A003B97EF0D94747A1F7F61E11D.e.7902","ELEMENT":"f.DEFD86E6D49D71B1F09B82144A2C9827.d.E1469A003B97EF0D94747A1F7F61E11D.e.7902"}]}
COMMAND: GET /session/188695daba6f4123f2015bbe49059169/element/f.DEFD86E6D49D71B1F09B82144A2C9827.d.E1469A003B97EF0D94747A1F7F61E11D.e.7901/attribute/aria-checked - {}
COMMAND: GET /session/188695daba6f4123f2015bbe49059169/screenshot - {}
RESULT: {}
COMMAND: POST /session/188695daba6f4123f2015bbe49059169/element - {"using":"xpath","value":"//table[contains(@id, \"listView-innerSelectionPanelTable-listUl\")]/tbody/tr[10]/td[2]/div/div"}
RESULT: {}
RESULT: {"using":"xpath","value":"//table[contains(@id, \"listView-innerSelectionPanelTable-listUl\")]/tbody/tr[10]/td[2]/div/div"}
COMMAND: POST /session/188695daba6f4123f2015bbe49059169/element - {"using":"xpath","value":"//table[contains(@id, \"listView-innerSelectionPanelTable-listUl\")]/tbody/tr[10]/td[2]/div"}
RESULT: {"using":"xpath","value":"//table[contains(@id, \"listView-innerSelectionPanelTable-listUl\")]/tbody/tr[10]/td[2]/div"}
COMMAND: POST /session/188695daba6f4123f2015bbe49059169/element - {"using":"xpath","value":"//table[contains(@id, \"listView-innerSelectionPanelTable-listUl\")]/tbody/tr[10]/td[3]/div/div/span/span[1]/bdi"}
RESULT: {"using":"xpath","value":"//table[contains(@id, \"listView-innerSelectionPanelTable-listUl\")]/tbody/tr[10]/td[3]/div/div/span/span[1]/bdi"}
COMMAND: POST /session/188695daba6f4123f2015bbe49059169/execute/sync - {"script":"<script> [56 bytes]","args":[{"element-6066-11e4-a52e-4f735466cecf":"f.DEFD86E6D49D71B1F09B82144A2C9827.d.E1469A003B97EF0D94747A1F7F61E11D.e.7905","ELEMENT":"f.DEFD86E6D49D71B1F09B82144A2C9827.d.E1469A003B97EF0D94747A1F7F61E11D.e.7905"}]}
RESULT: {"script":"<script> [56 bytes]","args":[{"element-6066-11e4-a52e-4f735466cecf":"f.DEFD86E6D49D71B1F09B82144A2C9827.d.E1469A003B97EF0D94747A1F7F61E11D.e.7905","ELEMENT":"f.DEFD86E6D49D71B1F09B82144A2C9827.d.E1469A003B97EF0D94747A1F7F61E11D.e.7905"}]}
COMMAND: GET /session/188695daba6f4123f2015bbe49059169/element/f.DEFD86E6D49D71B1F09B82144A2C9827.d.E1469A003B97EF0D94747A1F7F61E11D.e.7904/attribute/aria-checked - {}
COMMAND: GET /session/188695daba6f4123f2015bbe49059169/screenshot - {}
RESULT: {}
COMMAND: POST /session/188695daba6f4123f2015bbe49059169/element - {"using":"xpath","value":"//table[contains(@id, \"listView-innerSelectionPanelTable-listUl\")]/tbody/tr[11]/td[2]/div/div"}
RESULT: {}
RESULT: {"using":"xpath","value":"//table[contains(@id, \"listView-innerSelectionPanelTable-listUl\")]/tbody/tr[11]/td[2]/div/div"}
COMMAND: POST /session/188695daba6f4123f2015bbe49059169/element - {"using":"xpath","value":"//table[contains(@id, \"listView-innerSelectionPanelTable-listUl\")]/tbody/tr[11]/td[2]/div"}
RESULT: {"using":"xpath","value":"//table[contains(@id, \"listView-innerSelectionPanelTable-listUl\")]/tbody/tr[11]/td[2]/div"}
COMMAND: POST /session/188695daba6f4123f2015bbe49059169/element - {"using":"xpath","value":"//table[contains(@id, \"listView-innerSelectionPanelTable-listUl\")]/tbody/tr[11]/td[3]/div/div/span/span[1]/bdi"}
RESULT: {"using":"xpath","value":"//table[contains(@id, \"listView-innerSelectionPanelTable-listUl\")]/tbody/tr[11]/td[3]/div/div/span/span[1]/bdi"}
COMMAND: POST /session/188695daba6f4123f2015bbe49059169/execute/sync - {"script":"<script> [56 bytes]","args":[{"element-6066-11e4-a52e-4f735466cecf":"f.DEFD86E6D49D71B1F09B82144A2C9827.d.E1469A003B97EF0D94747A1F7F61E11D.e.7908","ELEMENT":"f.DEFD86E6D49D71B1F09B82144A2C9827.d.E1469A003B97EF0D94747A1F7F61E11D.e.7908"}]}
RESULT: {"script":"<script> [56 bytes]","args":[{"element-6066-11e4-a52e-4f735466cecf":"f.DEFD86E6D49D71B1F09B82144A2C9827.d.E1469A003B97EF0D94747A1F7F61E11D.e.7908","ELEMENT":"f.DEFD86E6D49D71B1F09B82144A2C9827.d.E1469A003B97EF0D94747A1F7F61E11D.e.7908"}]}
COMMAND: GET /session/188695daba6f4123f2015bbe49059169/element/f.DEFD86E6D49D71B1F09B82144A2C9827.d.E1469A003B97EF0D94747A1F7F61E11D.e.7907/attribute/aria-checked - {}
COMMAND: GET /session/188695daba6f4123f2015bbe49059169/screenshot - {}
RESULT: {}
COMMAND: POST /session/188695daba6f4123f2015bbe49059169/element - {"using":"xpath","value":"//table[contains(@id, \"listView-innerSelectionPanelTable-listUl\")]/tbody/tr[12]/td[2]/div/div"}
RESULT: {}
RESULT: {"using":"xpath","value":"//table[contains(@id, \"listView-innerSelectionPanelTable-listUl\")]/tbody/tr[12]/td[2]/div/div"}
COMMAND: POST /session/188695daba6f4123f2015bbe49059169/element - {"using":"xpath","value":"//table[contains(@id, \"listView-innerSelectionPanelTable-listUl\")]/tbody/tr[12]/td[2]/div"}
RESULT: {"using":"xpath","value":"//table[contains(@id, \"listView-innerSelectionPanelTable-listUl\")]/tbody/tr[12]/td[2]/div"}
COMMAND: POST /session/188695daba6f4123f2015bbe49059169/element - {"using":"xpath","value":"//table[contains(@id, \"listView-innerSelectionPanelTable-listUl\")]/tbody/tr[12]/td[3]/div/div/span/span[1]/bdi"}
RESULT: {"using":"xpath","value":"//table[contains(@id, \"listView-innerSelectionPanelTable-listUl\")]/tbody/tr[12]/td[3]/div/div/span/span[1]/bdi"}
COMMAND: POST /session/188695daba6f4123f2015bbe49059169/execute/sync - {"script":"<script> [56 bytes]","args":[{"element-6066-11e4-a52e-4f735466cecf":"f.DEFD86E6D49D71B1F09B82144A2C9827.d.E1469A003B97EF0D94747A1F7F61E11D.e.7911","ELEMENT":"f.DEFD86E6D49D71B1F09B82144A2C9827.d.E1469A003B97EF0D94747A1F7F61E11D.e.7911"}]}
RESULT: {"script":"<script> [56 bytes]","args":[{"element-6066-11e4-a52e-4f735466cecf":"f.DEFD86E6D49D71B1F09B82144A2C9827.d.E1469A003B97EF0D94747A1F7F61E11D.e.7911","ELEMENT":"f.DEFD86E6D49D71B1F09B82144A2C9827.d.E1469A003B97EF0D94747A1F7F61E11D.e.7911"}]}
COMMAND: GET /session/188695daba6f4123f2015bbe49059169/element/f.DEFD86E6D49D71B1F09B82144A2C9827.d.E1469A003B97EF0D94747A1F7F61E11D.e.7910/attribute/aria-checked - {}
COMMAND: GET /session/188695daba6f4123f2015bbe49059169/screenshot - {}
RESULT: {}
COMMAND: POST /session/188695daba6f4123f2015bbe49059169/element - {"using":"xpath","value":"//table[contains(@id, \"listView-innerSelectionPanelTable-listUl\")]/tbody/tr[13]/td[2]/div/div"}
RESULT: {}
RESULT: {"using":"xpath","value":"//table[contains(@id, \"listView-innerSelectionPanelTable-listUl\")]/tbody/tr[13]/td[2]/div/div"}
COMMAND: POST /session/188695daba6f4123f2015bbe49059169/element - {"using":"xpath","value":"//table[contains(@id, \"listView-innerSelectionPanelTable-listUl\")]/tbody/tr[13]/td[2]/div"}
RESULT: {"using":"xpath","value":"//table[contains(@id, \"listView-innerSelectionPanelTable-listUl\")]/tbody/tr[13]/td[2]/div"}
COMMAND: POST /session/188695daba6f4123f2015bbe49059169/element - {"using":"xpath","value":"//table[contains(@id, \"listView-innerSelectionPanelTable-listUl\")]/tbody/tr[13]/td[3]/div/div/span/span[1]/bdi"}
RESULT: {"using":"xpath","value":"//table[contains(@id, \"listView-innerSelectionPanelTable-listUl\")]/tbody/tr[13]/td[3]/div/div/span/span[1]/bdi"}
COMMAND: POST /session/188695daba6f4123f2015bbe49059169/execute/sync - {"script":"<script> [56 bytes]","args":[{"element-6066-11e4-a52e-4f735466cecf":"f.DEFD86E6D49D71B1F09B82144A2C9827.d.E1469A003B97EF0D94747A1F7F61E11D.e.7914","ELEMENT":"f.DEFD86E6D49D71B1F09B82144A2C9827.d.E1469A003B97EF0D94747A1F7F61E11D.e.7914"}]}
RESULT: {"script":"<script> [56 bytes]","args":[{"element-6066-11e4-a52e-4f735466cecf":"f.DEFD86E6D49D71B1F09B82144A2C9827.d.E1469A003B97EF0D94747A1F7F61E11D.e.7914","ELEMENT":"f.DEFD86E6D49D71B1F09B82144A2C9827.d.E1469A003B97EF0D94747A1F7F61E11D.e.7914"}]}
COMMAND: GET /session/188695daba6f4123f2015bbe49059169/element/f.DEFD86E6D49D71B1F09B82144A2C9827.d.E1469A003B97EF0D94747A1F7F61E11D.e.7913/attribute/aria-checked - {}
COMMAND: GET /session/188695daba6f4123f2015bbe49059169/screenshot - {}
RESULT: {}
COMMAND: POST /session/188695daba6f4123f2015bbe49059169/element - {"using":"xpath","value":"//table[contains(@id, \"listView-innerSelectionPanelTable-listUl\")]/tbody/tr[14]/td[2]/div/div"}
RESULT: {}
RESULT: {"using":"xpath","value":"//table[contains(@id, \"listView-innerSelectionPanelTable-listUl\")]/tbody/tr[14]/td[2]/div/div"}
COMMAND: POST /session/188695daba6f4123f2015bbe49059169/element - {"using":"xpath","value":"//table[contains(@id, \"listView-innerSelectionPanelTable-listUl\")]/tbody/tr[14]/td[2]/div"}
RESULT: {"using":"xpath","value":"//table[contains(@id, \"listView-innerSelectionPanelTable-listUl\")]/tbody/tr[14]/td[2]/div"}
COMMAND: POST /session/188695daba6f4123f2015bbe49059169/element - {"using":"xpath","value":"//table[contains(@id, \"listView-innerSelectionPanelTable-listUl\")]/tbody/tr[14]/td[3]/div/div/span/span[1]/bdi"}
RESULT: {"using":"xpath","value":"//table[contains(@id, \"listView-innerSelectionPanelTable-listUl\")]/tbody/tr[14]/td[3]/div/div/span/span[1]/bdi"}
COMMAND: POST /session/188695daba6f4123f2015bbe49059169/execute/sync - {"script":"<script> [56 bytes]","args":[{"element-6066-11e4-a52e-4f735466cecf":"f.DEFD86E6D49D71B1F09B82144A2C9827.d.E1469A003B97EF0D94747A1F7F61E11D.e.7917","ELEMENT":"f.DEFD86E6D49D71B1F09B82144A2C9827.d.E1469A003B97EF0D94747A1F7F61E11D.e.7917"}]}
RESULT: {"script":"<script> [56 bytes]","args":[{"element-6066-11e4-a52e-4f735466cecf":"f.DEFD86E6D49D71B1F09B82144A2C9827.d.E1469A003B97EF0D94747A1F7F61E11D.e.7917","ELEMENT":"f.DEFD86E6D49D71B1F09B82144A2C9827.d.E1469A003B97EF0D94747A1F7F61E11D.e.7917"}]}
COMMAND: GET /session/188695daba6f4123f2015bbe49059169/element/f.DEFD86E6D49D71B1F09B82144A2C9827.d.E1469A003B97EF0D94747A1F7F61E11D.e.7916/attribute/aria-checked - {}
COMMAND: GET /session/188695daba6f4123f2015bbe49059169/screenshot - {}
RESULT: {}
COMMAND: POST /session/188695daba6f4123f2015bbe49059169/element - {"using":"xpath","value":"//table[contains(@id, \"listView-innerSelectionPanelTable-listUl\")]/tbody/tr[15]/td[2]/div/div"}
RESULT: {}
RESULT: {"using":"xpath","value":"//table[contains(@id, \"listView-innerSelectionPanelTable-listUl\")]/tbody/tr[15]/td[2]/div/div"}
COMMAND: POST /session/188695daba6f4123f2015bbe49059169/element - {"using":"xpath","value":"//table[contains(@id, \"listView-innerSelectionPanelTable-listUl\")]/tbody/tr[15]/td[2]/div"}
RESULT: {"using":"xpath","value":"//table[contains(@id, \"listView-innerSelectionPanelTable-listUl\")]/tbody/tr[15]/td[2]/div"}
COMMAND: POST /session/188695daba6f4123f2015bbe49059169/element - {"using":"xpath","value":"//table[contains(@id, \"listView-innerSelectionPanelTable-listUl\")]/tbody/tr[15]/td[3]/div/div/span/span[1]/bdi"}
RESULT: {"using":"xpath","value":"//table[contains(@id, \"listView-innerSelectionPanelTable-listUl\")]/tbody/tr[15]/td[3]/div/div/span/span[1]/bdi"}
COMMAND: POST /session/188695daba6f4123f2015bbe49059169/execute/sync - {"script":"<script> [56 bytes]","args":[{"element-6066-11e4-a52e-4f735466cecf":"f.DEFD86E6D49D71B1F09B82144A2C9827.d.E1469A003B97EF0D94747A1F7F61E11D.e.7920","ELEMENT":"f.DEFD86E6D49D71B1F09B82144A2C9827.d.E1469A003B97EF0D94747A1F7F61E11D.e.7920"}]}
RESULT: {"script":"<script> [56 bytes]","args":[{"element-6066-11e4-a52e-4f735466cecf":"f.DEFD86E6D49D71B1F09B82144A2C9827.d.E1469A003B97EF0D94747A1F7F61E11D.e.7920","ELEMENT":"f.DEFD86E6D49D71B1F09B82144A2C9827.d.E1469A003B97EF0D94747A1F7F61E11D.e.7920"}]}
COMMAND: GET /session/188695daba6f4123f2015bbe49059169/element/f.DEFD86E6D49D71B1F09B82144A2C9827.d.E1469A003B97EF0D94747A1F7F61E11D.e.7919/attribute/aria-checked - {}
COMMAND: GET /session/188695daba6f4123f2015bbe49059169/screenshot - {}
RESULT: {}
COMMAND: POST /session/188695daba6f4123f2015bbe49059169/element - {"using":"xpath","value":"//table[contains(@id, \"listView-innerSelectionPanelTable-listUl\")]/tbody/tr[16]/td[2]/div/div"}
RESULT: {}
RESULT: {"using":"xpath","value":"//table[contains(@id, \"listView-innerSelectionPanelTable-listUl\")]/tbody/tr[16]/td[2]/div/div"}
COMMAND: POST /session/188695daba6f4123f2015bbe49059169/element - {"using":"xpath","value":"//table[contains(@id, \"listView-innerSelectionPanelTable-listUl\")]/tbody/tr[16]/td[2]/div"}
RESULT: {"using":"xpath","value":"//table[contains(@id, \"listView-innerSelectionPanelTable-listUl\")]/tbody/tr[16]/td[2]/div"}
COMMAND: POST /session/188695daba6f4123f2015bbe49059169/element - {"using":"xpath","value":"//table[contains(@id, \"listView-innerSelectionPanelTable-listUl\")]/tbody/tr[16]/td[3]/div/div/span/span[1]/bdi"}
RESULT: {"using":"xpath","value":"//table[contains(@id, \"listView-innerSelectionPanelTable-listUl\")]/tbody/tr[16]/td[3]/div/div/span/span[1]/bdi"}
COMMAND: POST /session/188695daba6f4123f2015bbe49059169/execute/sync - {"script":"<script> [56 bytes]","args":[{"element-6066-11e4-a52e-4f735466cecf":"f.DEFD86E6D49D71B1F09B82144A2C9827.d.E1469A003B97EF0D94747A1F7F61E11D.e.7923","ELEMENT":"f.DEFD86E6D49D71B1F09B82144A2C9827.d.E1469A003B97EF0D94747A1F7F61E11D.e.7923"}]}
RESULT: {"script":"<script> [56 bytes]","args":[{"element-6066-11e4-a52e-4f735466cecf":"f.DEFD86E6D49D71B1F09B82144A2C9827.d.E1469A003B97EF0D94747A1F7F61E11D.e.7923","ELEMENT":"f.DEFD86E6D49D71B1F09B82144A2C9827.d.E1469A003B97EF0D94747A1F7F61E11D.e.7923"}]}
COMMAND: GET /session/188695daba6f4123f2015bbe49059169/element/f.DEFD86E6D49D71B1F09B82144A2C9827.d.E1469A003B97EF0D94747A1F7F61E11D.e.7922/attribute/aria-checked - {}
COMMAND: GET /session/188695daba6f4123f2015bbe49059169/screenshot - {}
RESULT: {}
COMMAND: POST /session/188695daba6f4123f2015bbe49059169/element - {"using":"xpath","value":"//table[contains(@id, \"listView-innerSelectionPanelTable-listUl\")]/tbody/tr[17]/td[2]/div/div"}
RESULT: {}
RESULT: {"using":"xpath","value":"//table[contains(@id, \"listView-innerSelectionPanelTable-listUl\")]/tbody/tr[17]/td[2]/div/div"}
COMMAND: POST /session/188695daba6f4123f2015bbe49059169/element - {"using":"xpath","value":"//table[contains(@id, \"listView-innerSelectionPanelTable-listUl\")]/tbody/tr[17]/td[2]/div"}
RESULT: {"using":"xpath","value":"//table[contains(@id, \"listView-innerSelectionPanelTable-listUl\")]/tbody/tr[17]/td[2]/div"}
COMMAND: POST /session/188695daba6f4123f2015bbe49059169/element - {"using":"xpath","value":"//table[contains(@id, \"listView-innerSelectionPanelTable-listUl\")]/tbody/tr[17]/td[3]/div/div/span/span[1]/bdi"}
RESULT: {"using":"xpath","value":"//table[contains(@id, \"listView-innerSelectionPanelTable-listUl\")]/tbody/tr[17]/td[3]/div/div/span/span[1]/bdi"}
COMMAND: POST /session/188695daba6f4123f2015bbe49059169/execute/sync - {"script":"<script> [56 bytes]","args":[{"element-6066-11e4-a52e-4f735466cecf":"f.DEFD86E6D49D71B1F09B82144A2C9827.d.E1469A003B97EF0D94747A1F7F61E11D.e.7926","ELEMENT":"f.DEFD86E6D49D71B1F09B82144A2C9827.d.E1469A003B97EF0D94747A1F7F61E11D.e.7926"}]}
RESULT: {"script":"<script> [56 bytes]","args":[{"element-6066-11e4-a52e-4f735466cecf":"f.DEFD86E6D49D71B1F09B82144A2C9827.d.E1469A003B97EF0D94747A1F7F61E11D.e.7926","ELEMENT":"f.DEFD86E6D49D71B1F09B82144A2C9827.d.E1469A003B97EF0D94747A1F7F61E11D.e.7926"}]}
COMMAND: GET /session/188695daba6f4123f2015bbe49059169/element/f.DEFD86E6D49D71B1F09B82144A2C9827.d.E1469A003B97EF0D94747A1F7F61E11D.e.7925/attribute/aria-checked - {}
COMMAND: GET /session/188695daba6f4123f2015bbe49059169/screenshot - {}
RESULT: {}
COMMAND: POST /session/188695daba6f4123f2015bbe49059169/element - {"using":"xpath","value":"//table[contains(@id, \"listView-innerSelectionPanelTable-listUl\")]/tbody/tr[18]/td[2]/div/div"}
RESULT: {}
RESULT: {"using":"xpath","value":"//table[contains(@id, \"listView-innerSelectionPanelTable-listUl\")]/tbody/tr[18]/td[2]/div/div"}
COMMAND: POST /session/188695daba6f4123f2015bbe49059169/element - {"using":"xpath","value":"//table[contains(@id, \"listView-innerSelectionPanelTable-listUl\")]/tbody/tr[18]/td[2]/div"}
RESULT: {"using":"xpath","value":"//table[contains(@id, \"listView-innerSelectionPanelTable-listUl\")]/tbody/tr[18]/td[2]/div"}
COMMAND: POST /session/188695daba6f4123f2015bbe49059169/element - {"using":"xpath","value":"//table[contains(@id, \"listView-innerSelectionPanelTable-listUl\")]/tbody/tr[18]/td[3]/div/div/span/span[1]/bdi"}
RESULT: {"using":"xpath","value":"//table[contains(@id, \"listView-innerSelectionPanelTable-listUl\")]/tbody/tr[18]/td[3]/div/div/span/span[1]/bdi"}
COMMAND: POST /session/188695daba6f4123f2015bbe49059169/execute/sync - {"script":"<script> [56 bytes]","args":[{"element-6066-11e4-a52e-4f735466cecf":"f.DEFD86E6D49D71B1F09B82144A2C9827.d.E1469A003B97EF0D94747A1F7F61E11D.e.7929","ELEMENT":"f.DEFD86E6D49D71B1F09B82144A2C9827.d.E1469A003B97EF0D94747A1F7F61E11D.e.7929"}]}
RESULT: {"script":"<script> [56 bytes]","args":[{"element-6066-11e4-a52e-4f735466cecf":"f.DEFD86E6D49D71B1F09B82144A2C9827.d.E1469A003B97EF0D94747A1F7F61E11D.e.7929","ELEMENT":"f.DEFD86E6D49D71B1F09B82144A2C9827.d.E1469A003B97EF0D94747A1F7F61E11D.e.7929"}]}
COMMAND: GET /session/188695daba6f4123f2015bbe49059169/element/f.DEFD86E6D49D71B1F09B82144A2C9827.d.E1469A003B97EF0D94747A1F7F61E11D.e.7928/attribute/aria-checked - {}
COMMAND: GET /session/188695daba6f4123f2015bbe49059169/screenshot - {}
RESULT: {}
COMMAND: POST /session/188695daba6f4123f2015bbe49059169/element - {"using":"xpath","value":"//table[contains(@id, \"listView-innerSelectionPanelTable-listUl\")]/tbody/tr[19]/td[2]/div/div"}
RESULT: {}
RESULT: {"using":"xpath","value":"//table[contains(@id, \"listView-innerSelectionPanelTable-listUl\")]/tbody/tr[19]/td[2]/div/div"}
COMMAND: POST /session/188695daba6f4123f2015bbe49059169/element - {"using":"xpath","value":"//table[contains(@id, \"listView-innerSelectionPanelTable-listUl\")]/tbody/tr[19]/td[2]/div"}
RESULT: {"using":"xpath","value":"//table[contains(@id, \"listView-innerSelectionPanelTable-listUl\")]/tbody/tr[19]/td[2]/div"}
COMMAND: POST /session/188695daba6f4123f2015bbe49059169/element - {"using":"xpath","value":"//table[contains(@id, \"listView-innerSelectionPanelTable-listUl\")]/tbody/tr[19]/td[3]/div/div/span/span[1]/bdi"}
RESULT: {"using":"xpath","value":"//table[contains(@id, \"listView-innerSelectionPanelTable-listUl\")]/tbody/tr[19]/td[3]/div/div/span/span[1]/bdi"}
COMMAND: POST /session/188695daba6f4123f2015bbe49059169/execute/sync - {"script":"<script> [56 bytes]","args":[{"element-6066-11e4-a52e-4f735466cecf":"f.DEFD86E6D49D71B1F09B82144A2C9827.d.E1469A003B97EF0D94747A1F7F61E11D.e.7932","ELEMENT":"f.DEFD86E6D49D71B1F09B82144A2C9827.d.E1469A003B97EF0D94747A1F7F61E11D.e.7932"}]}
RESULT: {"script":"<script> [56 bytes]","args":[{"element-6066-11e4-a52e-4f735466cecf":"f.DEFD86E6D49D71B1F09B82144A2C9827.d.E1469A003B97EF0D94747A1F7F61E11D.e.7932","ELEMENT":"f.DEFD86E6D49D71B1F09B82144A2C9827.d.E1469A003B97EF0D94747A1F7F61E11D.e.7932"}]}
COMMAND: GET /session/188695daba6f4123f2015bbe49059169/element/f.DEFD86E6D49D71B1F09B82144A2C9827.d.E1469A003B97EF0D94747A1F7F61E11D.e.7931/attribute/aria-checked - {}
COMMAND: GET /session/188695daba6f4123f2015bbe49059169/screenshot - {}
RESULT: {}
COMMAND: POST /session/188695daba6f4123f2015bbe49059169/element - {"using":"xpath","value":"//table[contains(@id, \"listView-innerSelectionPanelTable-listUl\")]/tbody/tr[20]/td[2]/div/div"}
RESULT: {}
RESULT: {"using":"xpath","value":"//table[contains(@id, \"listView-innerSelectionPanelTable-listUl\")]/tbody/tr[20]/td[2]/div/div"}
COMMAND: POST /session/188695daba6f4123f2015bbe49059169/element - {"using":"xpath","value":"//table[contains(@id, \"listView-innerSelectionPanelTable-listUl\")]/tbody/tr[20]/td[2]/div"}
RESULT: {"using":"xpath","value":"//table[contains(@id, \"listView-innerSelectionPanelTable-listUl\")]/tbody/tr[20]/td[2]/div"}
COMMAND: POST /session/188695daba6f4123f2015bbe49059169/element - {"using":"xpath","value":"//table[contains(@id, \"listView-innerSelectionPanelTable-listUl\")]/tbody/tr[20]/td[3]/div/div/span/span[1]/bdi"}
RESULT: {"using":"xpath","value":"//table[contains(@id, \"listView-innerSelectionPanelTable-listUl\")]/tbody/tr[20]/td[3]/div/div/span/span[1]/bdi"}
COMMAND: POST /session/188695daba6f4123f2015bbe49059169/execute/sync - {"script":"<script> [56 bytes]","args":[{"element-6066-11e4-a52e-4f735466cecf":"f.DEFD86E6D49D71B1F09B82144A2C9827.d.E1469A003B97EF0D94747A1F7F61E11D.e.7935","ELEMENT":"f.DEFD86E6D49D71B1F09B82144A2C9827.d.E1469A003B97EF0D94747A1F7F61E11D.e.7935"}]}
RESULT: {"script":"<script> [56 bytes]","args":[{"element-6066-11e4-a52e-4f735466cecf":"f.DEFD86E6D49D71B1F09B82144A2C9827.d.E1469A003B97EF0D94747A1F7F61E11D.e.7935","ELEMENT":"f.DEFD86E6D49D71B1F09B82144A2C9827.d.E1469A003B97EF0D94747A1F7F61E11D.e.7935"}]}
COMMAND: GET /session/188695daba6f4123f2015bbe49059169/element/f.DEFD86E6D49D71B1F09B82144A2C9827.d.E1469A003B97EF0D94747A1F7F61E11D.e.7934/attribute/aria-checked - {}
COMMAND: GET /session/188695daba6f4123f2015bbe49059169/screenshot - {}
RESULT: {}
COMMAND: POST /session/188695daba6f4123f2015bbe49059169/element - {"using":"xpath","value":"//table[contains(@id, \"listView-innerSelectionPanelTable-listUl\")]/tbody/tr[21]/td[2]/div/div"}
COMMAND: POST /session/188695daba6f4123f2015bbe49059169/element/f.DEFD86E6D49D71B1F09B82144A2C9827.d.E1469A003B97EF0D94747A1F7F61E11D.e.7933/click - {}
RESULT: {}
RESULT: {"using":"xpath","value":"//table[contains(@id, \"listView-innerSelectionPanelTable-listUl\")]/tbody/tr[21]/td[2]/div/div"}
COMMAND: POST /session/188695daba6f4123f2015bbe49059169/element - {"using":"xpath","value":"//table[contains(@id, \"listView-innerSelectionPanelTable-listUl\")]/tbody/tr[21]/td[2]/div"}
RESULT: {}
COMMAND: GET /session/188695daba6f4123f2015bbe49059169/screenshot - {}
RESULT: {"using":"xpath","value":"//table[contains(@id, \"listView-innerSelectionPanelTable-listUl\")]/tbody/tr[21]/td[2]/div"}
COMMAND: POST /session/188695daba6f4123f2015bbe49059169/element - {"using":"xpath","value":"//table[contains(@id, \"listView-innerSelectionPanelTable-listUl\")]/tbody/tr[21]/td[3]/div/div/span/span[1]/bdi"}
RESULT: {}
RESULT: {"using":"xpath","value":"//table[contains(@id, \"listView-innerSelectionPanelTable-listUl\")]/tbody/tr[21]/td[3]/div/div/span/span[1]/bdi"}
COMMAND: POST /session/188695daba6f4123f2015bbe49059169/execute/sync - {"script":"<script> [56 bytes]","args":[{"element-6066-11e4-a52e-4f735466cecf":"f.DEFD86E6D49D71B1F09B82144A2C9827.d.E1469A003B97EF0D94747A1F7F61E11D.e.7941","ELEMENT":"f.DEFD86E6D49D71B1F09B82144A2C9827.d.E1469A003B97EF0D94747A1F7F61E11D.e.7941"}]}
RESULT: {"script":"<script> [56 bytes]","args":[{"element-6066-11e4-a52e-4f735466cecf":"f.DEFD86E6D49D71B1F09B82144A2C9827.d.E1469A003B97EF0D94747A1F7F61E11D.e.7941","ELEMENT":"f.DEFD86E6D49D71B1F09B82144A2C9827.d.E1469A003B97EF0D94747A1F7F61E11D.e.7941"}]}
COMMAND: GET /session/188695daba6f4123f2015bbe49059169/element/f.DEFD86E6D49D71B1F09B82144A2C9827.d.E1469A003B97EF0D94747A1F7F61E11D.e.7940/attribute/aria-checked - {}
COMMAND: GET /session/188695daba6f4123f2015bbe49059169/screenshot - {}
RESULT: {}
COMMAND: POST /session/188695daba6f4123f2015bbe49059169/element - {"using":"xpath","value":"//table[contains(@id, \"listView-innerSelectionPanelTable-listUl\")]/tbody/tr[22]/td[2]/div/div"}
COMMAND: POST /session/188695daba6f4123f2015bbe49059169/element/f.DEFD86E6D49D71B1F09B82144A2C9827.d.E1469A003B97EF0D94747A1F7F61E11D.e.7936/click - {}
RESULT: {}
RESULT: {"using":"xpath","value":"//table[contains(@id, \"listView-innerSelectionPanelTable-listUl\")]/tbody/tr[22]/td[2]/div/div"}
COMMAND: POST /session/188695daba6f4123f2015bbe49059169/element - {"using":"xpath","value":"//table[contains(@id, \"listView-innerSelectionPanelTable-listUl\")]/tbody/tr[22]/td[2]/div"}
RESULT: {}
COMMAND: GET /session/188695daba6f4123f2015bbe49059169/screenshot - {}
RESULT: {"using":"xpath","value":"//table[contains(@id, \"listView-innerSelectionPanelTable-listUl\")]/tbody/tr[22]/td[2]/div"}
COMMAND: POST /session/188695daba6f4123f2015bbe49059169/element - {"using":"xpath","value":"//table[contains(@id, \"listView-innerSelectionPanelTable-listUl\")]/tbody/tr[22]/td[3]/div/div/span/span[1]/bdi"}
RESULT: {}
RESULT: {"using":"xpath","value":"//table[contains(@id, \"listView-innerSelectionPanelTable-listUl\")]/tbody/tr[22]/td[3]/div/div/span/span[1]/bdi"}
COMMAND: POST /session/188695daba6f4123f2015bbe49059169/execute/sync - {"script":"<script> [56 bytes]","args":[{"element-6066-11e4-a52e-4f735466cecf":"f.DEFD86E6D49D71B1F09B82144A2C9827.d.E1469A003B97EF0D94747A1F7F61E11D.e.7945","ELEMENT":"f.DEFD86E6D49D71B1F09B82144A2C9827.d.E1469A003B97EF0D94747A1F7F61E11D.e.7945"}]}
RESULT: {"script":"<script> [56 bytes]","args":[{"element-6066-11e4-a52e-4f735466cecf":"f.DEFD86E6D49D71B1F09B82144A2C9827.d.E1469A003B97EF0D94747A1F7F61E11D.e.7945","ELEMENT":"f.DEFD86E6D49D71B1F09B82144A2C9827.d.E1469A003B97EF0D94747A1F7F61E11D.e.7945"}]}
COMMAND: GET /session/188695daba6f4123f2015bbe49059169/element/f.DEFD86E6D49D71B1F09B82144A2C9827.d.E1469A003B97EF0D94747A1F7F61E11D.e.7944/attribute/aria-checked - {}
COMMAND: GET /session/188695daba6f4123f2015bbe49059169/screenshot - {}
RESULT: {}
COMMAND: POST /session/188695daba6f4123f2015bbe49059169/element - {"using":"xpath","value":"//table[contains(@id, \"listView-innerSelectionPanelTable-listUl\")]/tbody/tr[23]/td[2]/div/div"}
RESULT: {}
RESULT: {"using":"xpath","value":"//table[contains(@id, \"listView-innerSelectionPanelTable-listUl\")]/tbody/tr[23]/td[2]/div/div"}
COMMAND: POST /session/188695daba6f4123f2015bbe49059169/element - {"using":"xpath","value":"//table[contains(@id, \"listView-innerSelectionPanelTable-listUl\")]/tbody/tr[23]/td[2]/div"}
RESULT: {"using":"xpath","value":"//table[contains(@id, \"listView-innerSelectionPanelTable-listUl\")]/tbody/tr[23]/td[2]/div"}
COMMAND: POST /session/188695daba6f4123f2015bbe49059169/element - {"using":"xpath","value":"//table[contains(@id, \"listView-innerSelectionPanelTable-listUl\")]/tbody/tr[23]/td[3]/div/div/span/span[1]/bdi"}
RESULT: {"using":"xpath","value":"//table[contains(@id, \"listView-innerSelectionPanelTable-listUl\")]/tbody/tr[23]/td[3]/div/div/span/span[1]/bdi"}
COMMAND: POST /session/188695daba6f4123f2015bbe49059169/execute/sync - {"script":"<script> [56 bytes]","args":[{"element-6066-11e4-a52e-4f735466cecf":"f.DEFD86E6D49D71B1F09B82144A2C9827.d.E1469A003B97EF0D94747A1F7F61E11D.e.7948","ELEMENT":"f.DEFD86E6D49D71B1F09B82144A2C9827.d.E1469A003B97EF0D94747A1F7F61E11D.e.7948"}]}
RESULT: {"script":"<script> [56 bytes]","args":[{"element-6066-11e4-a52e-4f735466cecf":"f.DEFD86E6D49D71B1F09B82144A2C9827.d.E1469A003B97EF0D94747A1F7F61E11D.e.7948","ELEMENT":"f.DEFD86E6D49D71B1F09B82144A2C9827.d.E1469A003B97EF0D94747A1F7F61E11D.e.7948"}]}
COMMAND: GET /session/188695daba6f4123f2015bbe49059169/element/f.DEFD86E6D49D71B1F09B82144A2C9827.d.E1469A003B97EF0D94747A1F7F61E11D.e.7947/attribute/aria-checked - {}
COMMAND: GET /session/188695daba6f4123f2015bbe49059169/screenshot - {}
RESULT: {}
COMMAND: POST /session/188695daba6f4123f2015bbe49059169/element - {"using":"xpath","value":"//table[contains(@id, \"listView-innerSelectionPanelTable-listUl\")]/tbody/tr[24]/td[2]/div/div"}
RESULT: {}
RESULT: {"using":"xpath","value":"//table[contains(@id, \"listView-innerSelectionPanelTable-listUl\")]/tbody/tr[24]/td[2]/div/div"}
COMMAND: POST /session/188695daba6f4123f2015bbe49059169/element - {"using":"xpath","value":"//table[contains(@id, \"listView-innerSelectionPanelTable-listUl\")]/tbody/tr[24]/td[2]/div"}
RESULT: {"using":"xpath","value":"//table[contains(@id, \"listView-innerSelectionPanelTable-listUl\")]/tbody/tr[24]/td[2]/div"}
COMMAND: POST /session/188695daba6f4123f2015bbe49059169/element - {"using":"xpath","value":"//table[contains(@id, \"listView-innerSelectionPanelTable-listUl\")]/tbody/tr[24]/td[3]/div/div/span/span[1]/bdi"}
RESULT: {"using":"xpath","value":"//table[contains(@id, \"listView-innerSelectionPanelTable-listUl\")]/tbody/tr[24]/td[3]/div/div/span/span[1]/bdi"}
COMMAND: POST /session/188695daba6f4123f2015bbe49059169/execute/sync - {"script":"<script> [56 bytes]","args":[{"element-6066-11e4-a52e-4f735466cecf":"f.DEFD86E6D49D71B1F09B82144A2C9827.d.E1469A003B97EF0D94747A1F7F61E11D.e.7951","ELEMENT":"f.DEFD86E6D49D71B1F09B82144A2C9827.d.E1469A003B97EF0D94747A1F7F61E11D.e.7951"}]}
RESULT: {"script":"<script> [56 bytes]","args":[{"element-6066-11e4-a52e-4f735466cecf":"f.DEFD86E6D49D71B1F09B82144A2C9827.d.E1469A003B97EF0D94747A1F7F61E11D.e.7951","ELEMENT":"f.DEFD86E6D49D71B1F09B82144A2C9827.d.E1469A003B97EF0D94747A1F7F61E11D.e.7951"}]}
COMMAND: GET /session/188695daba6f4123f2015bbe49059169/element/f.DEFD86E6D49D71B1F09B82144A2C9827.d.E1469A003B97EF0D94747A1F7F61E11D.e.7950/attribute/aria-checked - {}
COMMAND: GET /session/188695daba6f4123f2015bbe49059169/screenshot - {}
RESULT: {}
COMMAND: POST /session/188695daba6f4123f2015bbe49059169/element - {"using":"xpath","value":"//table[contains(@id, \"listView-innerSelectionPanelTable-listUl\")]/tbody/tr[25]/td[2]/div/div"}
RESULT: {}
RESULT: {"using":"xpath","value":"//table[contains(@id, \"listView-innerSelectionPanelTable-listUl\")]/tbody/tr[25]/td[2]/div/div"}
COMMAND: POST /session/188695daba6f4123f2015bbe49059169/element - {"using":"xpath","value":"//table[contains(@id, \"listView-innerSelectionPanelTable-listUl\")]/tbody/tr[25]/td[2]/div"}
RESULT: {"using":"xpath","value":"//table[contains(@id, \"listView-innerSelectionPanelTable-listUl\")]/tbody/tr[25]/td[2]/div"}
COMMAND: POST /session/188695daba6f4123f2015bbe49059169/element - {"using":"xpath","value":"//table[contains(@id, \"listView-innerSelectionPanelTable-listUl\")]/tbody/tr[25]/td[3]/div/div/span/span[1]/bdi"}
RESULT: {"using":"xpath","value":"//table[contains(@id, \"listView-innerSelectionPanelTable-listUl\")]/tbody/tr[25]/td[3]/div/div/span/span[1]/bdi"}
COMMAND: POST /session/188695daba6f4123f2015bbe49059169/execute/sync - {"script":"<script> [56 bytes]","args":[{"element-6066-11e4-a52e-4f735466cecf":"f.DEFD86E6D49D71B1F09B82144A2C9827.d.E1469A003B97EF0D94747A1F7F61E11D.e.7954","ELEMENT":"f.DEFD86E6D49D71B1F09B82144A2C9827.d.E1469A003B97EF0D94747A1F7F61E11D.e.7954"}]}
RESULT: {"script":"<script> [56 bytes]","args":[{"element-6066-11e4-a52e-4f735466cecf":"f.DEFD86E6D49D71B1F09B82144A2C9827.d.E1469A003B97EF0D94747A1F7F61E11D.e.7954","ELEMENT":"f.DEFD86E6D49D71B1F09B82144A2C9827.d.E1469A003B97EF0D94747A1F7F61E11D.e.7954"}]}
COMMAND: GET /session/188695daba6f4123f2015bbe49059169/element/f.DEFD86E6D49D71B1F09B82144A2C9827.d.E1469A003B97EF0D94747A1F7F61E11D.e.7953/attribute/aria-checked - {}
COMMAND: GET /session/188695daba6f4123f2015bbe49059169/screenshot - {}
RESULT: {}
COMMAND: POST /session/188695daba6f4123f2015bbe49059169/element - {"using":"xpath","value":"//bdi[contains(text(), \"OK\")]"}
RESULT: {}
RESULT: {"using":"xpath","value":"//bdi[contains(text(), \"OK\")]"}
COMMAND: POST /session/188695daba6f4123f2015bbe49059169/element/f.DEFD86E6D49D71B1F09B82144A2C9827.d.E1469A003B97EF0D94747A1F7F61E11D.e.7955/click - {}
RESULT: {}
COMMAND: GET /session/188695daba6f4123f2015bbe49059169/screenshot - {}
RESULT: {}
COMMAND: POST /session/188695daba6f4123f2015bbe49059169/execute/async - {"script":"<script> [1562 bytes]","args":[{"selector":{"id":"application-managepartners-display-component---masterPtm--smartFilterBar-filterItemControlA_-LINK_TO_ADDRESSES_MAIN.ID-vhi"},"wdio_ui5_key":"applicationmanagepartners-display-component---masterPtm--smartFilterBar-filterItemControlA_-LINK_TO_ADDRESSES_MAIN.ID-vhi"}]}
RESULT: {"script":"<script> [1562 bytes]","args":[{"selector":{"id":"application-managepartners-display-component---masterPtm--smartFilterBar-filterItemControlA_-LINK_TO_ADDRESSES_MAIN.ID-vhi"},"wdio_ui5_key":"applicationmanagepartners-display-component---masterPtm--smartFilterBar-filterItemControlA_-LINK_TO_ADDRESSES_MAIN.ID-vhi"}]}
RESULT: undefined
COMMAND: POST /session/188695daba6f4123f2015bbe49059169/element - {"using":"xpath","value":"//*[@id=\"application-managepartners-display-component---masterPtm--smartFilterBar-filterItemControlA_-LINK_TO_ADDRESSES_MAIN.ID-vhi\"]"}
RESULT: {"using":"xpath","value":"//*[@id=\"application-managepartners-display-component---masterPtm--smartFilterBar-filterItemControlA_-LINK_TO_ADDRESSES_MAIN.ID-vhi\"]"}
COMMAND: POST /session/188695daba6f4123f2015bbe49059169/element/f.DEFD86E6D49D71B1F09B82144A2C9827.d.E1469A003B97EF0D94747A1F7F61E11D.e.7968/click - {}
RESULT: {}
COMMAND: GET /session/188695daba6f4123f2015bbe49059169/screenshot - {}
RESULT: {}
COMMAND: POST /session/188695daba6f4123f2015bbe49059169/element - {"using":"xpath","value":"//div[input[@value=\"contains\"]]//span[contains(@id, \"arrow\")]"}
RESULT: {"using":"xpath","value":"//div[input[@value=\"contains\"]]//span[contains(@id, \"arrow\")]"}
COMMAND: POST /session/188695daba6f4123f2015bbe49059169/element/f.DEFD86E6D49D71B1F09B82144A2C9827.d.E1469A003B97EF0D94747A1F7F61E11D.e.7973/click - {}
RESULT: {}
COMMAND: GET /session/188695daba6f4123f2015bbe49059169/screenshot - {}
RESULT: {}
COMMAND: POST /session/188695daba6f4123f2015bbe49059169/element - {"using":"xpath","value":"//li[.//span[text()='equal to']]"}
RESULT: {"using":"xpath","value":"//li[.//span[text()='equal to']]"}
COMMAND: POST /session/188695daba6f4123f2015bbe49059169/element/f.DEFD86E6D49D71B1F09B82144A2C9827.d.E1469A003B97EF0D94747A1F7F61E11D.e.7974/click - {}
RESULT: {}
COMMAND: GET /session/188695daba6f4123f2015bbe49059169/screenshot - {}
RESULT: {}
RESULT: undefined
COMMAND: POST /session/188695daba6f4123f2015bbe49059169/execute/async - {"script":"<script> [776 bytes]","args":[{"enterText":"1006","selector":{"controlType":"sap.m.Input","viewName":"etm.portal.ui.managepartners.view.Master","viewId":"application-managepartners-display-component---masterPtm","properties":{"valueState":"None"},"searchOpenDialogs":true,"interaction":{"idSuffix":"inner"}},"clearTextFirst":true,"interactionType":"ENTER_TEXT"}]}
RESULT: {"script":"<script> [776 bytes]","args":[{"enterText":"1006","selector":{"controlType":"sap.m.Input","viewName":"etm.portal.ui.managepartners.view.Master","viewId":"application-managepartners-display-component---masterPtm","properties":{"valueState":"None"},"searchOpenDialogs":true,"interaction":{"idSuffix":"inner"}},"clearTextFirst":true,"interactionType":"ENTER_TEXT"}]}
COMMAND: POST /session/188695daba6f4123f2015bbe49059169/actions - {"actions":[{"id":"action22","type":"key","parameters":{},"actions":[{"type":"keyDown","value":"î€‡"},{"type":"pause","duration":10},{"type":"keyUp","value":"î€‡"}]}]}
RESULT: {"actions":[{"id":"action22","type":"key","parameters":{},"actions":[{"type":"keyDown","value":"î€‡"},{"type":"pause","duration":10},{"type":"keyUp","value":"î€‡"}]}]}
COMMAND: GET /session/188695daba6f4123f2015bbe49059169/screenshot - {}
RESULT: {}
COMMAND: POST /session/188695daba6f4123f2015bbe49059169/element - {"using":"xpath","value":"(//bdi[contains(text(), \"OK\")])[1]"}
RESULT: {"using":"xpath","value":"(//bdi[contains(text(), \"OK\")])[1]"}
COMMAND: POST /session/188695daba6f4123f2015bbe49059169/element/f.DEFD86E6D49D71B1F09B82144A2C9827.d.E1469A003B97EF0D94747A1F7F61E11D.e.7975/click - {}
RESULT: {}
COMMAND: GET /session/188695daba6f4123f2015bbe49059169/screenshot - {}
RESULT: {}
COMMAND: POST /session/188695daba6f4123f2015bbe49059169/element - {"using":"xpath","value":"//span[@id=\"application-managepartners-display-component---masterPtm--smartTable-header-inner\"]"}
RESULT: {"using":"xpath","value":"//span[@id=\"application-managepartners-display-component---masterPtm--smartTable-header-inner\"]"}
COMMAND: POST /session/188695daba6f4123f2015bbe49059169/elements - {"using":"xpath","value":"//span[@id=\"application-managepartners-display-component---masterPtm--smartTable-header-inner\"]"}
RESULT: {"using":"xpath","value":"//span[@id=\"application-managepartners-display-component---masterPtm--smartTable-header-inner\"]"}
COMMAND: POST /session/188695daba6f4123f2015bbe49059169/execute/sync - {"script":"<script> [56 bytes]","args":[{"element-6066-11e4-a52e-4f735466cecf":"f.DEFD86E6D49D71B1F09B82144A2C9827.d.E1469A003B97EF0D94747A1F7F61E11D.e.7813","ELEMENT":"f.DEFD86E6D49D71B1F09B82144A2C9827.d.E1469A003B97EF0D94747A1F7F61E11D.e.7813"}]}
RESULT: {"script":"<script> [56 bytes]","args":[{"element-6066-11e4-a52e-4f735466cecf":"f.DEFD86E6D49D71B1F09B82144A2C9827.d.E1469A003B97EF0D94747A1F7F61E11D.e.7813","ELEMENT":"f.DEFD86E6D49D71B1F09B82144A2C9827.d.E1469A003B97EF0D94747A1F7F61E11D.e.7813"}]}
COMMAND: POST /session/188695daba6f4123f2015bbe49059169/element - {"using":"xpath","value":"//span[contains(@title, \"Remove\")]"}
COMMAND: GET /session/188695daba6f4123f2015bbe49059169/screenshot - {}
RESULT: {"using":"xpath","value":"//span[contains(@title, \"Remove\")]"}
COMMAND: POST /session/188695daba6f4123f2015bbe49059169/element/f.DEFD86E6D49D71B1F09B82144A2C9827.d.E1469A003B97EF0D94747A1F7F61E11D.e.7979/click - {}
RESULT: {}
RESULT: {}
COMMAND: GET /session/188695daba6f4123f2015bbe49059169/screenshot - {}
RESULT: {}
RESULT: undefined
COMMAND: POST /session/188695daba6f4123f2015bbe49059169/element - {"using":"xpath","value":"//*[@id=\"application-managepartners-display-component---masterPtm--smartFilterBar-filterItemControl_BASIC-YARD-vhi\"]"}
RESULT: {"using":"xpath","value":"//*[@id=\"application-managepartners-display-component---masterPtm--smartFilterBar-filterItemControl_BASIC-YARD-vhi\"]"}
COMMAND: POST /session/188695daba6f4123f2015bbe49059169/element/f.DEFD86E6D49D71B1F09B82144A2C9827.d.E1469A003B97EF0D94747A1F7F61E11D.e.8083/click - {}
RESULT: {}
COMMAND: GET /session/188695daba6f4123f2015bbe49059169/screenshot - {}
RESULT: {}
RESULT: undefined
COMMAND: POST /session/188695daba6f4123f2015bbe49059169/execute/async - {"script":"<script> [776 bytes]","args":[{"enterText":"Test","selector":{"id":"application-managepartners-display-component---masterPtm--smartFilterBar-filterItemControl_BASIC-YARD-valueHelpDialog-smartFilterBar-btnBasicSearch","searchOpenDialogs":true,"interaction":{"idSuffix":"I"}},"clearTextFirst":true,"interactionType":"ENTER_TEXT"}]}
RESULT: {"script":"<script> [776 bytes]","args":[{"enterText":"Test","selector":{"id":"application-managepartners-display-component---masterPtm--smartFilterBar-filterItemControl_BASIC-YARD-valueHelpDialog-smartFilterBar-btnBasicSearch","searchOpenDialogs":true,"interaction":{"idSuffix":"I"}},"clearTextFirst":true,"interactionType":"ENTER_TEXT"}]}
COMMAND: POST /session/188695daba6f4123f2015bbe49059169/actions - {"actions":[{"id":"action23","type":"key","parameters":{},"actions":[{"type":"keyDown","value":"î€‡"},{"type":"pause","duration":10},{"type":"keyUp","value":"î€‡"}]}]}
RESULT: {"actions":[{"id":"action23","type":"key","parameters":{},"actions":[{"type":"keyDown","value":"î€‡"},{"type":"pause","duration":10},{"type":"keyUp","value":"î€‡"}]}]}
COMMAND: POST /session/188695daba6f4123f2015bbe49059169/elements - {"using":"xpath","value":"//table[contains(@id, \"smartFilterBar-filterItemControl_BASIC-YARD-valueHelpDialog-table-table\")]/tbody/tr"}
COMMAND: GET /session/188695daba6f4123f2015bbe49059169/screenshot - {}
RESULT: {"using":"xpath","value":"//table[contains(@id, \"smartFilterBar-filterItemControl_BASIC-YARD-valueHelpDialog-table-table\")]/tbody/tr"}
COMMAND: POST /session/188695daba6f4123f2015bbe49059169/element - {"using":"xpath","value":"//table[contains(@id, \"smartFilterBar-filterItemControl_BASIC-YARD-valueHelpDialog-table-table\")]/tbody/tr[1]/td[1]/div/span"}
RESULT: {}
RESULT: {"using":"xpath","value":"//table[contains(@id, \"smartFilterBar-filterItemControl_BASIC-YARD-valueHelpDialog-table-table\")]/tbody/tr[1]/td[1]/div/span"}
COMMAND: POST /session/188695daba6f4123f2015bbe49059169/elements - {"using":"xpath","value":"//table[contains(@id, \"smartFilterBar-filterItemControl_BASIC-YARD-valueHelpDialog-table-table\")]/tbody/tr[1]/td[1]/div/span"}
RESULT: {"using":"xpath","value":"//table[contains(@id, \"smartFilterBar-filterItemControl_BASIC-YARD-valueHelpDialog-table-table\")]/tbody/tr[1]/td[1]/div/span"}
COMMAND: POST /session/188695daba6f4123f2015bbe49059169/execute/sync - {"script":"<script> [56 bytes]","args":[{"element-6066-11e4-a52e-4f735466cecf":"f.DEFD86E6D49D71B1F09B82144A2C9827.d.E1469A003B97EF0D94747A1F7F61E11D.e.8102","ELEMENT":"f.DEFD86E6D49D71B1F09B82144A2C9827.d.E1469A003B97EF0D94747A1F7F61E11D.e.8102"}]}
RESULT: {"script":"<script> [56 bytes]","args":[{"element-6066-11e4-a52e-4f735466cecf":"f.DEFD86E6D49D71B1F09B82144A2C9827.d.E1469A003B97EF0D94747A1F7F61E11D.e.8102","ELEMENT":"f.DEFD86E6D49D71B1F09B82144A2C9827.d.E1469A003B97EF0D94747A1F7F61E11D.e.8102"}]}
COMMAND: POST /session/188695daba6f4123f2015bbe49059169/element - {"using":"xpath","value":"//table[contains(@id, \"smartFilterBar-filterItemControl_BASIC-YARD-valueHelpDialog-table-table\")]/tbody/tr[2]/td[1]/div/span"}
COMMAND: GET /session/188695daba6f4123f2015bbe49059169/screenshot - {}
RESULT: {"using":"xpath","value":"//table[contains(@id, \"smartFilterBar-filterItemControl_BASIC-YARD-valueHelpDialog-table-table\")]/tbody/tr[2]/td[1]/div/span"}
COMMAND: POST /session/188695daba6f4123f2015bbe49059169/elements - {"using":"xpath","value":"//table[contains(@id, \"smartFilterBar-filterItemControl_BASIC-YARD-valueHelpDialog-table-table\")]/tbody/tr[2]/td[1]/div/span"}
RESULT: {}
RESULT: {"using":"xpath","value":"//table[contains(@id, \"smartFilterBar-filterItemControl_BASIC-YARD-valueHelpDialog-table-table\")]/tbody/tr[2]/td[1]/div/span"}
COMMAND: POST /session/188695daba6f4123f2015bbe49059169/execute/sync - {"script":"<script> [56 bytes]","args":[{"element-6066-11e4-a52e-4f735466cecf":"f.DEFD86E6D49D71B1F09B82144A2C9827.d.E1469A003B97EF0D94747A1F7F61E11D.e.8103","ELEMENT":"f.DEFD86E6D49D71B1F09B82144A2C9827.d.E1469A003B97EF0D94747A1F7F61E11D.e.8103"}]}
RESULT: {"script":"<script> [56 bytes]","args":[{"element-6066-11e4-a52e-4f735466cecf":"f.DEFD86E6D49D71B1F09B82144A2C9827.d.E1469A003B97EF0D94747A1F7F61E11D.e.8103","ELEMENT":"f.DEFD86E6D49D71B1F09B82144A2C9827.d.E1469A003B97EF0D94747A1F7F61E11D.e.8103"}]}
COMMAND: POST /session/188695daba6f4123f2015bbe49059169/element - {"using":"xpath","value":"//table[contains(@id, \"smartFilterBar-filterItemControl_BASIC-YARD-valueHelpDialog-table-table\")]/tbody/tr[3]/td[1]/div/span"}
COMMAND: GET /session/188695daba6f4123f2015bbe49059169/screenshot - {}
RESULT: {"using":"xpath","value":"//table[contains(@id, \"smartFilterBar-filterItemControl_BASIC-YARD-valueHelpDialog-table-table\")]/tbody/tr[3]/td[1]/div/span"}
COMMAND: POST /session/188695daba6f4123f2015bbe49059169/elements - {"using":"xpath","value":"//table[contains(@id, \"smartFilterBar-filterItemControl_BASIC-YARD-valueHelpDialog-table-table\")]/tbody/tr[3]/td[1]/div/span"}
RESULT: {}
RESULT: {"using":"xpath","value":"//table[contains(@id, \"smartFilterBar-filterItemControl_BASIC-YARD-valueHelpDialog-table-table\")]/tbody/tr[3]/td[1]/div/span"}
COMMAND: POST /session/188695daba6f4123f2015bbe49059169/execute/sync - {"script":"<script> [56 bytes]","args":[{"element-6066-11e4-a52e-4f735466cecf":"f.DEFD86E6D49D71B1F09B82144A2C9827.d.E1469A003B97EF0D94747A1F7F61E11D.e.8104","ELEMENT":"f.DEFD86E6D49D71B1F09B82144A2C9827.d.E1469A003B97EF0D94747A1F7F61E11D.e.8104"}]}
RESULT: {"script":"<script> [56 bytes]","args":[{"element-6066-11e4-a52e-4f735466cecf":"f.DEFD86E6D49D71B1F09B82144A2C9827.d.E1469A003B97EF0D94747A1F7F61E11D.e.8104","ELEMENT":"f.DEFD86E6D49D71B1F09B82144A2C9827.d.E1469A003B97EF0D94747A1F7F61E11D.e.8104"}]}
COMMAND: POST /session/188695daba6f4123f2015bbe49059169/element - {"using":"xpath","value":"//div[contains(@id, \"filterItemControl_BASIC-YARD-valueHelpDialog-table-rowsel2\")]"}
COMMAND: GET /session/188695daba6f4123f2015bbe49059169/screenshot - {}
RESULT: {"using":"xpath","value":"//div[contains(@id, \"filterItemControl_BASIC-YARD-valueHelpDialog-table-rowsel2\")]"}
COMMAND: POST /session/188695daba6f4123f2015bbe49059169/element/f.DEFD86E6D49D71B1F09B82144A2C9827.d.E1469A003B97EF0D94747A1F7F61E11D.e.8105/click - {}
RESULT: {}
RESULT: {}
COMMAND: GET /session/188695daba6f4123f2015bbe49059169/screenshot - {}
RESULT: {}
COMMAND: POST /session/188695daba6f4123f2015bbe49059169/element - {"using":"xpath","value":"(//bdi[contains(text(), \"OK\")])[1]"}
RESULT: {"using":"xpath","value":"(//bdi[contains(text(), \"OK\")])[1]"}
COMMAND: POST /session/188695daba6f4123f2015bbe49059169/element/f.DEFD86E6D49D71B1F09B82144A2C9827.d.E1469A003B97EF0D94747A1F7F61E11D.e.8107/click - {}
RESULT: {}
COMMAND: GET /session/188695daba6f4123f2015bbe49059169/screenshot - {}
RESULT: {}
COMMAND: POST /session/188695daba6f4123f2015bbe49059169/element - {"using":"xpath","value":"//span[@id=\"application-managepartners-display-component---masterPtm--smartTable-header-inner\"]"}
RESULT: {"using":"xpath","value":"//span[@id=\"application-managepartners-display-component---masterPtm--smartTable-header-inner\"]"}
COMMAND: POST /session/188695daba6f4123f2015bbe49059169/elements - {"using":"xpath","value":"//span[@id=\"application-managepartners-display-component---masterPtm--smartTable-header-inner\"]"}
RESULT: {"using":"xpath","value":"//span[@id=\"application-managepartners-display-component---masterPtm--smartTable-header-inner\"]"}
COMMAND: POST /session/188695daba6f4123f2015bbe49059169/execute/sync - {"script":"<script> [56 bytes]","args":[{"element-6066-11e4-a52e-4f735466cecf":"f.DEFD86E6D49D71B1F09B82144A2C9827.d.E1469A003B97EF0D94747A1F7F61E11D.e.7813","ELEMENT":"f.DEFD86E6D49D71B1F09B82144A2C9827.d.E1469A003B97EF0D94747A1F7F61E11D.e.7813"}]}
RESULT: {"script":"<script> [56 bytes]","args":[{"element-6066-11e4-a52e-4f735466cecf":"f.DEFD86E6D49D71B1F09B82144A2C9827.d.E1469A003B97EF0D94747A1F7F61E11D.e.7813","ELEMENT":"f.DEFD86E6D49D71B1F09B82144A2C9827.d.E1469A003B97EF0D94747A1F7F61E11D.e.7813"}]}
COMMAND: POST /session/188695daba6f4123f2015bbe49059169/element - {"using":"xpath","value":"//span[contains(@title, \"Remove\")]"}
COMMAND: GET /session/188695daba6f4123f2015bbe49059169/screenshot - {}
RESULT: {"using":"xpath","value":"//span[contains(@title, \"Remove\")]"}
COMMAND: POST /session/188695daba6f4123f2015bbe49059169/element/f.DEFD86E6D49D71B1F09B82144A2C9827.d.E1469A003B97EF0D94747A1F7F61E11D.e.8121/click - {}
RESULT: {}
RESULT: {}
COMMAND: GET /session/188695daba6f4123f2015bbe49059169/screenshot - {}
RESULT: {}
RESULT: undefined
COMMAND: POST /session/188695daba6f4123f2015bbe49059169/element - {"using":"xpath","value":"//*[@id=\"application-managepartners-display-component---masterPtm--smartFilterBar-filterItemControl_BASIC-MAIN_ADDRESS-vhi\"]"}
RESULT: {"using":"xpath","value":"//*[@id=\"application-managepartners-display-component---masterPtm--smartFilterBar-filterItemControl_BASIC-MAIN_ADDRESS-vhi\"]"}
COMMAND: POST /session/188695daba6f4123f2015bbe49059169/element/f.DEFD86E6D49D71B1F09B82144A2C9827.d.E1469A003B97EF0D94747A1F7F61E11D.e.8228/click - {}
RESULT: {}
COMMAND: GET /session/188695daba6f4123f2015bbe49059169/screenshot - {}
RESULT: {}
RESULT: undefined
COMMAND: POST /session/188695daba6f4123f2015bbe49059169/execute/async - {"script":"<script> [776 bytes]","args":[{"enterText":"Romania","selector":{"id":"application-managepartners-display-component---masterPtm--smartFilterBar-filterItemControl_BASIC-MAIN_ADDRESS-valueHelpDialog-smartFilterBar-btnBasicSearch","searchOpenDialogs":true,"interaction":{"idSuffix":"I"}},"clearTextFirst":true,"interactionType":"ENTER_TEXT"}]}
RESULT: {"script":"<script> [776 bytes]","args":[{"enterText":"Romania","selector":{"id":"application-managepartners-display-component---masterPtm--smartFilterBar-filterItemControl_BASIC-MAIN_ADDRESS-valueHelpDialog-smartFilterBar-btnBasicSearch","searchOpenDialogs":true,"interaction":{"idSuffix":"I"}},"clearTextFirst":true,"interactionType":"ENTER_TEXT"}]}
COMMAND: POST /session/188695daba6f4123f2015bbe49059169/actions - {"actions":[{"id":"action24","type":"key","parameters":{},"actions":[{"type":"keyDown","value":"î€‡"},{"type":"pause","duration":10},{"type":"keyUp","value":"î€‡"}]}]}
RESULT: {"actions":[{"id":"action24","type":"key","parameters":{},"actions":[{"type":"keyDown","value":"î€‡"},{"type":"pause","duration":10},{"type":"keyUp","value":"î€‡"}]}]}
COMMAND: POST /session/188695daba6f4123f2015bbe49059169/elements - {"using":"xpath","value":"//table[contains(@id, \"smartFilterBar-filterItemControl_BASIC-MAIN_ADDRESS-valueHelpDialog-table-table\")]/tbody/tr"}
COMMAND: GET /session/188695daba6f4123f2015bbe49059169/screenshot - {}
RESULT: {"using":"xpath","value":"//table[contains(@id, \"smartFilterBar-filterItemControl_BASIC-MAIN_ADDRESS-valueHelpDialog-table-table\")]/tbody/tr"}
COMMAND: POST /session/188695daba6f4123f2015bbe49059169/element - {"using":"xpath","value":"//table[contains(@id, \"smartFilterBar-filterItemControl_BASIC-MAIN_ADDRESS-valueHelpDialog-table-table\")]/tbody/tr[1]/td[1]/div/span"}
RESULT: {}
RESULT: {"using":"xpath","value":"//table[contains(@id, \"smartFilterBar-filterItemControl_BASIC-MAIN_ADDRESS-valueHelpDialog-table-table\")]/tbody/tr[1]/td[1]/div/span"}
COMMAND: POST /session/188695daba6f4123f2015bbe49059169/elements - {"using":"xpath","value":"//table[contains(@id, \"smartFilterBar-filterItemControl_BASIC-MAIN_ADDRESS-valueHelpDialog-table-table\")]/tbody/tr[1]/td[1]/div/span"}
RESULT: {"using":"xpath","value":"//table[contains(@id, \"smartFilterBar-filterItemControl_BASIC-MAIN_ADDRESS-valueHelpDialog-table-table\")]/tbody/tr[1]/td[1]/div/span"}
COMMAND: POST /session/188695daba6f4123f2015bbe49059169/execute/sync - {"script":"<script> [56 bytes]","args":[{"element-6066-11e4-a52e-4f735466cecf":"f.DEFD86E6D49D71B1F09B82144A2C9827.d.E1469A003B97EF0D94747A1F7F61E11D.e.8248","ELEMENT":"f.DEFD86E6D49D71B1F09B82144A2C9827.d.E1469A003B97EF0D94747A1F7F61E11D.e.8248"}]}
RESULT: {"script":"<script> [56 bytes]","args":[{"element-6066-11e4-a52e-4f735466cecf":"f.DEFD86E6D49D71B1F09B82144A2C9827.d.E1469A003B97EF0D94747A1F7F61E11D.e.8248","ELEMENT":"f.DEFD86E6D49D71B1F09B82144A2C9827.d.E1469A003B97EF0D94747A1F7F61E11D.e.8248"}]}
COMMAND: POST /session/188695daba6f4123f2015bbe49059169/element - {"using":"xpath","value":"//div[contains(@id, \"filterItemControl_BASIC-MAIN_ADDRESS-valueHelpDialog-table-rowsel0\")]"}
COMMAND: GET /session/188695daba6f4123f2015bbe49059169/screenshot - {}
RESULT: {"using":"xpath","value":"//div[contains(@id, \"filterItemControl_BASIC-MAIN_ADDRESS-valueHelpDialog-table-rowsel0\")]"}
COMMAND: POST /session/188695daba6f4123f2015bbe49059169/element/f.DEFD86E6D49D71B1F09B82144A2C9827.d.E1469A003B97EF0D94747A1F7F61E11D.e.8249/click - {}
RESULT: {}
RESULT: {}
COMMAND: GET /session/188695daba6f4123f2015bbe49059169/screenshot - {}
RESULT: {}
COMMAND: POST /session/188695daba6f4123f2015bbe49059169/element - {"using":"xpath","value":"(//bdi[contains(text(), \"OK\")])[1]"}
RESULT: {"using":"xpath","value":"(//bdi[contains(text(), \"OK\")])[1]"}
COMMAND: POST /session/188695daba6f4123f2015bbe49059169/element/f.DEFD86E6D49D71B1F09B82144A2C9827.d.E1469A003B97EF0D94747A1F7F61E11D.e.8251/click - {}
RESULT: {}
COMMAND: GET /session/188695daba6f4123f2015bbe49059169/screenshot - {}
RESULT: {}
COMMAND: POST /session/188695daba6f4123f2015bbe49059169/element - {"using":"xpath","value":"//span[@id=\"application-managepartners-display-component---masterPtm--smartTable-header-inner\"]"}
RESULT: {"using":"xpath","value":"//span[@id=\"application-managepartners-display-component---masterPtm--smartTable-header-inner\"]"}
COMMAND: POST /session/188695daba6f4123f2015bbe49059169/elements - {"using":"xpath","value":"//span[@id=\"application-managepartners-display-component---masterPtm--smartTable-header-inner\"]"}
RESULT: {"using":"xpath","value":"//span[@id=\"application-managepartners-display-component---masterPtm--smartTable-header-inner\"]"}
COMMAND: POST /session/188695daba6f4123f2015bbe49059169/execute/sync - {"script":"<script> [56 bytes]","args":[{"element-6066-11e4-a52e-4f735466cecf":"f.DEFD86E6D49D71B1F09B82144A2C9827.d.E1469A003B97EF0D94747A1F7F61E11D.e.7813","ELEMENT":"f.DEFD86E6D49D71B1F09B82144A2C9827.d.E1469A003B97EF0D94747A1F7F61E11D.e.7813"}]}
RESULT: {"script":"<script> [56 bytes]","args":[{"element-6066-11e4-a52e-4f735466cecf":"f.DEFD86E6D49D71B1F09B82144A2C9827.d.E1469A003B97EF0D94747A1F7F61E11D.e.7813","ELEMENT":"f.DEFD86E6D49D71B1F09B82144A2C9827.d.E1469A003B97EF0D94747A1F7F61E11D.e.7813"}]}
COMMAND: POST /session/188695daba6f4123f2015bbe49059169/element - {"using":"xpath","value":"//span[contains(@title, \"Remove\")]"}
COMMAND: GET /session/188695daba6f4123f2015bbe49059169/screenshot - {}
RESULT: {"using":"xpath","value":"//span[contains(@title, \"Remove\")]"}
COMMAND: POST /session/188695daba6f4123f2015bbe49059169/element/f.DEFD86E6D49D71B1F09B82144A2C9827.d.E1469A003B97EF0D94747A1F7F61E11D.e.8264/click - {}
RESULT: {}
RESULT: {}
COMMAND: GET /session/188695daba6f4123f2015bbe49059169/screenshot - {}
COMMAND: POST /session/188695daba6f4123f2015bbe49059169/execute/async - {"script":"<script> [1562 bytes]","args":[{"selector":{"id":"application-managepartners-display-component---masterPtm--catalogs-arrow"},"wdio_ui5_key":"applicationmanagepartners-display-component---masterPtm--catalogs-arrow"}]}
RESULT: {}
RESULT: {"script":"<script> [1562 bytes]","args":[{"selector":{"id":"application-managepartners-display-component---masterPtm--catalogs-arrow"},"wdio_ui5_key":"applicationmanagepartners-display-component---masterPtm--catalogs-arrow"}]}
RESULT: undefined
COMMAND: POST /session/188695daba6f4123f2015bbe49059169/element - {"using":"xpath","value":"//*[@id=\"application-managepartners-display-component---masterPtm--catalogs-arrow\"]"}
RESULT: {"using":"xpath","value":"//*[@id=\"application-managepartners-display-component---masterPtm--catalogs-arrow\"]"}
COMMAND: POST /session/188695daba6f4123f2015bbe49059169/element/f.DEFD86E6D49D71B1F09B82144A2C9827.d.E1469A003B97EF0D94747A1F7F61E11D.e.8374/click - {}
RESULT: {}
COMMAND: GET /session/188695daba6f4123f2015bbe49059169/screenshot - {}
RESULT: {}
COMMAND: POST /session/188695daba6f4123f2015bbe49059169/element - {"using":"xpath","value":"//li[.//span[text()=\"Webshop Catalog\"]]//div[contains(@class,\"sapMCbBg\")]"}
RESULT: {"using":"xpath","value":"//li[.//span[text()=\"Webshop Catalog\"]]//div[contains(@class,\"sapMCbBg\")]"}
COMMAND: POST /session/188695daba6f4123f2015bbe49059169/element/f.DEFD86E6D49D71B1F09B82144A2C9827.d.E1469A003B97EF0D94747A1F7F61E11D.e.8386/click - {}
RESULT: {}
COMMAND: GET /session/188695daba6f4123f2015bbe49059169/screenshot - {}
RESULT: {}
RESULT: undefined
COMMAND: POST /session/188695daba6f4123f2015bbe49059169/element - {"using":"xpath","value":"//*[@id=\"application-managepartners-display-component---masterPtm--catalogs-arrow\"]"}
RESULT: {"using":"xpath","value":"//*[@id=\"application-managepartners-display-component---masterPtm--catalogs-arrow\"]"}
COMMAND: POST /session/188695daba6f4123f2015bbe49059169/element/f.DEFD86E6D49D71B1F09B82144A2C9827.d.E1469A003B97EF0D94747A1F7F61E11D.e.8374/click - {}
RESULT: {}
COMMAND: POST /session/188695daba6f4123f2015bbe49059169/element - {"using":"xpath","value":"//span[@id=\"application-managepartners-display-component---masterPtm--smartTable-header-inner\"]"}
COMMAND: GET /session/188695daba6f4123f2015bbe49059169/screenshot - {}
RESULT: {"using":"xpath","value":"//span[@id=\"application-managepartners-display-component---masterPtm--smartTable-header-inner\"]"}
COMMAND: POST /session/188695daba6f4123f2015bbe49059169/elements - {"using":"xpath","value":"//span[@id=\"application-managepartners-display-component---masterPtm--smartTable-header-inner\"]"}
RESULT: {}
RESULT: {"using":"xpath","value":"//span[@id=\"application-managepartners-display-component---masterPtm--smartTable-header-inner\"]"}
COMMAND: POST /session/188695daba6f4123f2015bbe49059169/execute/sync - {"script":"<script> [56 bytes]","args":[{"element-6066-11e4-a52e-4f735466cecf":"f.DEFD86E6D49D71B1F09B82144A2C9827.d.E1469A003B97EF0D94747A1F7F61E11D.e.7813","ELEMENT":"f.DEFD86E6D49D71B1F09B82144A2C9827.d.E1469A003B97EF0D94747A1F7F61E11D.e.7813"}]}
RESULT: {"script":"<script> [56 bytes]","args":[{"element-6066-11e4-a52e-4f735466cecf":"f.DEFD86E6D49D71B1F09B82144A2C9827.d.E1469A003B97EF0D94747A1F7F61E11D.e.7813","ELEMENT":"f.DEFD86E6D49D71B1F09B82144A2C9827.d.E1469A003B97EF0D94747A1F7F61E11D.e.7813"}]}
COMMAND: POST /session/188695daba6f4123f2015bbe49059169/element - {"using":"xpath","value":"//span[contains(@title, \"Remove\")]"}
COMMAND: GET /session/188695daba6f4123f2015bbe49059169/screenshot - {}
RESULT: {"using":"xpath","value":"//span[contains(@title, \"Remove\")]"}
COMMAND: POST /session/188695daba6f4123f2015bbe49059169/element/f.DEFD86E6D49D71B1F09B82144A2C9827.d.E1469A003B97EF0D94747A1F7F61E11D.e.8401/click - {}
RESULT: {}
RESULT: {}
COMMAND: GET /session/188695daba6f4123f2015bbe49059169/screenshot - {}
RESULT: {}
COMMAND: POST /session/188695daba6f4123f2015bbe49059169/execute/async - {"script":"<script> [1562 bytes]","args":[{"selector":{"id":"application-managepartners-display-component---masterPtm--currencies-arrow"},"wdio_ui5_key":"applicationmanagepartners-display-component---masterPtm--currencies-arrow"}]}
RESULT: {"script":"<script> [1562 bytes]","args":[{"selector":{"id":"application-managepartners-display-component---masterPtm--currencies-arrow"},"wdio_ui5_key":"applicationmanagepartners-display-component---masterPtm--currencies-arrow"}]}
RESULT: undefined
COMMAND: POST /session/188695daba6f4123f2015bbe49059169/element - {"using":"xpath","value":"//*[@id=\"application-managepartners-display-component---masterPtm--currencies-arrow\"]"}
RESULT: {"using":"xpath","value":"//*[@id=\"application-managepartners-display-component---masterPtm--currencies-arrow\"]"}
COMMAND: POST /session/188695daba6f4123f2015bbe49059169/element/f.DEFD86E6D49D71B1F09B82144A2C9827.d.E1469A003B97EF0D94747A1F7F61E11D.e.8519/click - {}
RESULT: {}
COMMAND: GET /session/188695daba6f4123f2015bbe49059169/screenshot - {}
RESULT: {}
COMMAND: POST /session/188695daba6f4123f2015bbe49059169/element - {"using":"xpath","value":"//li[.//span[text()=\"US Dollar\"]]//div[contains(@class,\"sapMCbBg\")]"}
RESULT: {"using":"xpath","value":"//li[.//span[text()=\"US Dollar\"]]//div[contains(@class,\"sapMCbBg\")]"}
COMMAND: POST /session/188695daba6f4123f2015bbe49059169/element/f.DEFD86E6D49D71B1F09B82144A2C9827.d.E1469A003B97EF0D94747A1F7F61E11D.e.8522/click - {}
RESULT: {}
COMMAND: GET /session/188695daba6f4123f2015bbe49059169/screenshot - {}
RESULT: {}
RESULT: undefined
COMMAND: POST /session/188695daba6f4123f2015bbe49059169/element - {"using":"xpath","value":"//*[@id=\"application-managepartners-display-component---masterPtm--currencies-arrow\"]"}
RESULT: {"using":"xpath","value":"//*[@id=\"application-managepartners-display-component---masterPtm--currencies-arrow\"]"}
COMMAND: POST /session/188695daba6f4123f2015bbe49059169/element/f.DEFD86E6D49D71B1F09B82144A2C9827.d.E1469A003B97EF0D94747A1F7F61E11D.e.8519/click - {}
RESULT: {}
COMMAND: POST /session/188695daba6f4123f2015bbe49059169/element - {"using":"xpath","value":"//span[@id=\"application-managepartners-display-component---masterPtm--smartTable-header-inner\"]"}
COMMAND: GET /session/188695daba6f4123f2015bbe49059169/screenshot - {}
RESULT: {"using":"xpath","value":"//span[@id=\"application-managepartners-display-component---masterPtm--smartTable-header-inner\"]"}
COMMAND: POST /session/188695daba6f4123f2015bbe49059169/elements - {"using":"xpath","value":"//span[@id=\"application-managepartners-display-component---masterPtm--smartTable-header-inner\"]"}
RESULT: {}
RESULT: {"using":"xpath","value":"//span[@id=\"application-managepartners-display-component---masterPtm--smartTable-header-inner\"]"}
COMMAND: POST /session/188695daba6f4123f2015bbe49059169/execute/sync - {"script":"<script> [56 bytes]","args":[{"element-6066-11e4-a52e-4f735466cecf":"f.DEFD86E6D49D71B1F09B82144A2C9827.d.E1469A003B97EF0D94747A1F7F61E11D.e.7813","ELEMENT":"f.DEFD86E6D49D71B1F09B82144A2C9827.d.E1469A003B97EF0D94747A1F7F61E11D.e.7813"}]}
RESULT: {"script":"<script> [56 bytes]","args":[{"element-6066-11e4-a52e-4f735466cecf":"f.DEFD86E6D49D71B1F09B82144A2C9827.d.E1469A003B97EF0D94747A1F7F61E11D.e.7813","ELEMENT":"f.DEFD86E6D49D71B1F09B82144A2C9827.d.E1469A003B97EF0D94747A1F7F61E11D.e.7813"}]}
COMMAND: POST /session/188695daba6f4123f2015bbe49059169/element - {"using":"xpath","value":"//span[contains(@title, \"Remove\")]"}
COMMAND: GET /session/188695daba6f4123f2015bbe49059169/screenshot - {}
RESULT: {"using":"xpath","value":"//span[contains(@title, \"Remove\")]"}
COMMAND: POST /session/188695daba6f4123f2015bbe49059169/element/f.DEFD86E6D49D71B1F09B82144A2C9827.d.E1469A003B97EF0D94747A1F7F61E11D.e.8676/click - {}
RESULT: {}
RESULT: {}
COMMAND: GET /session/188695daba6f4123f2015bbe49059169/screenshot - {}
COMMAND: POST /session/188695daba6f4123f2015bbe49059169/execute/async - {"script":"<script> [1562 bytes]","args":[{"selector":{"id":"application-managepartners-display-component---masterPtm--languages-arrow"},"wdio_ui5_key":"applicationmanagepartners-display-component---masterPtm--languages-arrow"}]}
RESULT: {}
RESULT: {"script":"<script> [1562 bytes]","args":[{"selector":{"id":"application-managepartners-display-component---masterPtm--languages-arrow"},"wdio_ui5_key":"applicationmanagepartners-display-component---masterPtm--languages-arrow"}]}
RESULT: undefined
COMMAND: POST /session/188695daba6f4123f2015bbe49059169/element - {"using":"xpath","value":"//*[@id=\"application-managepartners-display-component---masterPtm--languages-arrow\"]"}
RESULT: {"using":"xpath","value":"//*[@id=\"application-managepartners-display-component---masterPtm--languages-arrow\"]"}
COMMAND: POST /session/188695daba6f4123f2015bbe49059169/element/f.DEFD86E6D49D71B1F09B82144A2C9827.d.E1469A003B97EF0D94747A1F7F61E11D.e.8751/click - {}
RESULT: {}
COMMAND: GET /session/188695daba6f4123f2015bbe49059169/screenshot - {}
RESULT: {}
COMMAND: POST /session/188695daba6f4123f2015bbe49059169/element - {"using":"xpath","value":"//li[.//span[text()=\"German\"]]//div[contains(@class,\"sapMCbBg\")]"}
RESULT: {"using":"xpath","value":"//li[.//span[text()=\"German\"]]//div[contains(@class,\"sapMCbBg\")]"}
COMMAND: POST /session/188695daba6f4123f2015bbe49059169/element/f.DEFD86E6D49D71B1F09B82144A2C9827.d.E1469A003B97EF0D94747A1F7F61E11D.e.8795/click - {}
RESULT: {}
COMMAND: GET /session/188695daba6f4123f2015bbe49059169/screenshot - {}
RESULT: {}
RESULT: undefined
COMMAND: POST /session/188695daba6f4123f2015bbe49059169/element - {"using":"xpath","value":"//*[@id=\"application-managepartners-display-component---masterPtm--languages-arrow\"]"}
RESULT: {"using":"xpath","value":"//*[@id=\"application-managepartners-display-component---masterPtm--languages-arrow\"]"}
COMMAND: POST /session/188695daba6f4123f2015bbe49059169/element/f.DEFD86E6D49D71B1F09B82144A2C9827.d.E1469A003B97EF0D94747A1F7F61E11D.e.8751/click - {}
RESULT: {}
COMMAND: POST /session/188695daba6f4123f2015bbe49059169/element - {"using":"xpath","value":"//span[@id=\"application-managepartners-display-component---masterPtm--smartTable-header-inner\"]"}
COMMAND: GET /session/188695daba6f4123f2015bbe49059169/screenshot - {}
RESULT: {"using":"xpath","value":"//span[@id=\"application-managepartners-display-component---masterPtm--smartTable-header-inner\"]"}
COMMAND: POST /session/188695daba6f4123f2015bbe49059169/elements - {"using":"xpath","value":"//span[@id=\"application-managepartners-display-component---masterPtm--smartTable-header-inner\"]"}
RESULT: {}
RESULT: {"using":"xpath","value":"//span[@id=\"application-managepartners-display-component---masterPtm--smartTable-header-inner\"]"}
COMMAND: POST /session/188695daba6f4123f2015bbe49059169/execute/sync - {"script":"<script> [56 bytes]","args":[{"element-6066-11e4-a52e-4f735466cecf":"f.DEFD86E6D49D71B1F09B82144A2C9827.d.E1469A003B97EF0D94747A1F7F61E11D.e.7813","ELEMENT":"f.DEFD86E6D49D71B1F09B82144A2C9827.d.E1469A003B97EF0D94747A1F7F61E11D.e.7813"}]}
RESULT: {"script":"<script> [56 bytes]","args":[{"element-6066-11e4-a52e-4f735466cecf":"f.DEFD86E6D49D71B1F09B82144A2C9827.d.E1469A003B97EF0D94747A1F7F61E11D.e.7813","ELEMENT":"f.DEFD86E6D49D71B1F09B82144A2C9827.d.E1469A003B97EF0D94747A1F7F61E11D.e.7813"}]}
COMMAND: POST /session/188695daba6f4123f2015bbe49059169/element - {"using":"css selector","value":"#shell-header-logo"}
COMMAND: GET /session/188695daba6f4123f2015bbe49059169/screenshot - {}
RESULT: {"using":"css selector","value":"#shell-header-logo"}
COMMAND: POST /session/188695daba6f4123f2015bbe49059169/element/f.DEFD86E6D49D71B1F09B82144A2C9827.d.E1469A003B97EF0D94747A1F7F61E11D.e.7642/click - {}
RESULT: {}
RESULT: {}
COMMAND: GET /session/188695daba6f4123f2015bbe49059169/screenshot - {}
RESULT: {}
COMMAND: POST /session/188695daba6f4123f2015bbe49059169/element - {"using":"css selector","value":"#j_username"}
COMMAND: POST /session/188695daba6f4123f2015bbe49059169/url - {"url":"https://qa-testing-00-live-etm-ui.cfapps.eu10-004.hana.ondemand.com/"}
RESULT: {"using":"css selector","value":"#j_username"}
COMMAND: POST /session/188695daba6f4123f2015bbe49059169/element - {"using":"css selector","value":"#j_username"}
RESULT: {"url":"https://qa-testing-00-live-etm-ui.cfapps.eu10-004.hana.ondemand.com/"}
RESULT: undefined
COMMAND: GET /session/188695daba6f4123f2015bbe49059169/screenshot - {}
RESULT: {"using":"css selector","value":"#j_username"}
COMMAND: POST /session/188695daba6f4123f2015bbe49059169/element - {"using":"css selector","value":"#shell-header-logo"}
RESULT: {}
RESULT: {"using":"css selector","value":"#shell-header-logo"}
COMMAND: POST /session/188695daba6f4123f2015bbe49059169/execute/sync - {"script":"<script> [8489 bytes]","args":[{"element-6066-11e4-a52e-4f735466cecf":"f.DEFD86E6D49D71B1F09B82144A2C9827.d.057811FAC7A00B0EF875CBB279A5F50A.e.8876","ELEMENT":"f.DEFD86E6D49D71B1F09B82144A2C9827.d.057811FAC7A00B0EF875CBB279A5F50A.e.8876"}]}
RESULT: {"script":"<script> [8489 bytes]","args":[{"element-6066-11e4-a52e-4f735466cecf":"f.DEFD86E6D49D71B1F09B82144A2C9827.d.057811FAC7A00B0EF875CBB279A5F50A.e.8876","ELEMENT":"f.DEFD86E6D49D71B1F09B82144A2C9827.d.057811FAC7A00B0EF875CBB279A5F50A.e.8876"}]}
COMMAND: POST /session/188695daba6f4123f2015bbe49059169/element - {"using":"css selector","value":"#shell-header-logo"}
COMMAND: GET /session/188695daba6f4123f2015bbe49059169/screenshot - {}
RESULT: {"using":"css selector","value":"#shell-header-logo"}
COMMAND: POST /session/188695daba6f4123f2015bbe49059169/execute/sync - {"script":"<script> [8489 bytes]","args":[{"element-6066-11e4-a52e-4f735466cecf":"f.DEFD86E6D49D71B1F09B82144A2C9827.d.057811FAC7A00B0EF875CBB279A5F50A.e.8876","ELEMENT":"f.DEFD86E6D49D71B1F09B82144A2C9827.d.057811FAC7A00B0EF875CBB279A5F50A.e.8876"}]}
RESULT: {}
RESULT: {"script":"<script> [8489 bytes]","args":[{"element-6066-11e4-a52e-4f735466cecf":"f.DEFD86E6D49D71B1F09B82144A2C9827.d.057811FAC7A00B0EF875CBB279A5F50A.e.8876","ELEMENT":"f.DEFD86E6D49D71B1F09B82144A2C9827.d.057811FAC7A00B0EF875CBB279A5F50A.e.8876"}]}
COMMAND: POST /session/188695daba6f4123f2015bbe49059169/execute/sync - {"script":"<script> [5351 bytes]","args":[{"element-6066-11e4-a52e-4f735466cecf":"f.DEFD86E6D49D71B1F09B82144A2C9827.d.057811FAC7A00B0EF875CBB279A5F50A.e.8876","ELEMENT":"f.DEFD86E6D49D71B1F09B82144A2C9827.d.057811FAC7A00B0EF875CBB279A5F50A.e.8876"}]}
COMMAND: GET /session/188695daba6f4123f2015bbe49059169/screenshot - {}
RESULT: {"script":"<script> [5351 bytes]","args":[{"element-6066-11e4-a52e-4f735466cecf":"f.DEFD86E6D49D71B1F09B82144A2C9827.d.057811FAC7A00B0EF875CBB279A5F50A.e.8876","ELEMENT":"f.DEFD86E6D49D71B1F09B82144A2C9827.d.057811FAC7A00B0EF875CBB279A5F50A.e.8876"}]}
COMMAND: POST /session/188695daba6f4123f2015bbe49059169/element - {"using":"css selector","value":"#shell-header-logo"}
COMMAND: GET /session/188695daba6f4123f2015bbe49059169/screenshot - {}
RESULT: {}
RESULT: {"using":"css selector","value":"#shell-header-logo"}
COMMAND: POST /session/188695daba6f4123f2015bbe49059169/element/f.DEFD86E6D49D71B1F09B82144A2C9827.d.057811FAC7A00B0EF875CBB279A5F50A.e.8876/click - {}
RESULT: {}
RESULT: {}
COMMAND: GET /session/188695daba6f4123f2015bbe49059169/screenshot - {}
RESULT: {}
COMMAND: POST /session/188695daba6f4123f2015bbe49059169/execute/async - {"script":"<script> [189 bytes]","args":[]}
RESULT: {"script":"<script> [189 bytes]","args":[]}
COMMAND: POST /session/188695daba6f4123f2015bbe49059169/execute/async - {"script":"<script> [123 bytes]","args":[]}
RESULT: {"script":"<script> [123 bytes]","args":[]}
COMMAND: POST /session/188695daba6f4123f2015bbe49059169/timeouts - {"script":"<number>"}
RESULT: {"script":"<number>"}
COMMAND: GET /session/188695daba6f4123f2015bbe49059169/timeouts - {}
RESULT: {}
RESULT: undefined
COMMAND: POST /session/188695daba6f4123f2015bbe49059169/execute/async - {"script":"<script> [2676 bytes]","args":[]}
RESULT: {"script":"<script> [2676 bytes]","args":[]}
COMMAND: POST /session/188695daba6f4123f2015bbe49059169/execute/async - {"script":"<script> [2342 bytes]","args":[{"protocol":"http","hostname":"0.0.0.0","path":"/","capabilities":{"browserName":"chrome","goog:chromeOptions":{"binary":"C:\\Program Files\\Google\\Chrome\\Application\\chrome.exe","args":["--start-maximized"]}},"logLevel":"warn","connectionRetryTimeout":120000,"connectionRetryCount":3,"logLevels":{},"enableDirectConnect":true,"strictSSL":true,"_":"65 more keys: [\"cacheDir\",\"port\",\"requestedCapabilities\",\"automationProtocol\",\"baseUrl\",\"waitforInterval\",\"waitforTimeout\",\"onReload\",\"beforeCommand\",\"afterCommand\",\"rootDir\",\"specs\",\"suites\",\"exclude\",\"groupLogsByTestSpec\",\"excludeDriverLogs\",\"bail\",\"framework\",\"reporters\",\"services\",\"maxInstances\",\"maxInstancesPerCapability\",\"injectGlobals\",\"filesToWatch\",\"execArgv\",\"runnerEnv\",\"runner\",\"shard\",\"specFileRetries\",\"specFileRetriesDelay\",\"specFileRetriesDeferred\",\"reporterSyncInterval\",\"reporterSyncTimeout\",\"cucumberFeaturesWithLineNumbers\",\"autoCompileOpts\",\"mochaOpts\",\"jasmineOpts\",\"cucumberOpts\",\"onPrepare\",\"onWorkerStart\",\"onWorkerEnd\",\"before\",\"beforeSession\",\"beforeSuite\",\"beforeHook\",\"beforeTest\",\"afterTest\",\"afterHook\",\"afterSuite\",\"afterSession\",\"after\",\"onComplete\",\"beforeAssertion\",\"afterAssertion\",\"beforeFeature\",\"beforeScenario\",\"beforeStep\",\"afterStep\",\"afterScenario\",\"afterFeature\",\"_\",\"suite\",\"$0\",\"ignoredWorkerServices\",\"wdi5\"]"}]}
RESULT: {"script":"<script> [2342 bytes]","args":[{"protocol":"http","hostname":"0.0.0.0","path":"/","capabilities":{"browserName":"chrome","goog:chromeOptions":{"binary":"C:\\Program Files\\Google\\Chrome\\Application\\chrome.exe","args":["--start-maximized"]}},"logLevel":"warn","connectionRetryTimeout":120000,"connectionRetryCount":3,"logLevels":{},"enableDirectConnect":true,"strictSSL":true,"_":"65 more keys: [\"cacheDir\",\"port\",\"requestedCapabilities\",\"automationProtocol\",\"baseUrl\",\"waitforInterval\",\"waitforTimeout\",\"onReload\",\"beforeCommand\",\"afterCommand\",\"rootDir\",\"specs\",\"suites\",\"exclude\",\"groupLogsByTestSpec\",\"excludeDriverLogs\",\"bail\",\"framework\",\"reporters\",\"services\",\"maxInstances\",\"maxInstancesPerCapability\",\"injectGlobals\",\"filesToWatch\",\"execArgv\",\"runnerEnv\",\"runner\",\"shard\",\"specFileRetries\",\"specFileRetriesDelay\",\"specFileRetriesDeferred\",\"reporterSyncInterval\",\"reporterSyncTimeout\",\"cucumberFeaturesWithLineNumbers\",\"autoCompileOpts\",\"mochaOpts\",\"jasmineOpts\",\"cucumberOpts\",\"onPrepare\",\"onWorkerStart\",\"onWorkerEnd\",\"before\",\"beforeSession\",\"beforeSuite\",\"beforeHook\",\"beforeTest\",\"afterTest\",\"afterHook\",\"afterSuite\",\"afterSession\",\"after\",\"onComplete\",\"beforeAssertion\",\"afterAssertion\",\"beforeFeature\",\"beforeScenario\",\"beforeStep\",\"afterStep\",\"afterScenario\",\"afterFeature\",\"_\",\"suite\",\"$0\",\"ignoredWorkerServices\",\"wdi5\"]"}]}
COMMAND: POST /session/188695daba6f4123f2015bbe49059169/execute/async - {"script":"<script> [21126 bytes]","args":[35000]}
RESULT: {"script":"<script> [21126 bytes]","args":[35000]}
COMMAND: POST /session/188695daba6f4123f2015bbe49059169/window/maximize - {}
RESULT: {}
COMMAND: POST /session/188695daba6f4123f2015bbe49059169/execute/async - {"script":"<script> [1562 bytes]","args":[{"selector":{"id":"shell-header","interaction":{"idSuffix":"icon"}},"wdio_ui5_key":"shellheader"}]}
COMMAND: GET /session/188695daba6f4123f2015bbe49059169/screenshot - {}
RESULT: {"script":"<script> [1562 bytes]","args":[{"selector":{"id":"shell-header","interaction":{"idSuffix":"icon"}},"wdio_ui5_key":"shellheader"}]}
RESULT: undefined
COMMAND: POST /session/188695daba6f4123f2015bbe49059169/refresh - {}
RESULT: {}
RESULT: {}
COMMAND: GET /session/188695daba6f4123f2015bbe49059169/screenshot - {}
RESULT: {}
COMMAND: POST /session/188695daba6f4123f2015bbe49059169/refresh - {}
RESULT: {}
COMMAND: GET /session/188695daba6f4123f2015bbe49059169/screenshot - {}
RESULT: {}
COMMAND: POST /session/188695daba6f4123f2015bbe49059169/window/fullscreen - {}
RESULT: {}
COMMAND: POST /session/188695daba6f4123f2015bbe49059169/execute/async - {"script":"<script> [189 bytes]","args":[]}
RESULT: {"script":"<script> [189 bytes]","args":[]}
COMMAND: POST /session/188695daba6f4123f2015bbe49059169/execute/async - {"script":"<script> [123 bytes]","args":[]}
RESULT: {"script":"<script> [123 bytes]","args":[]}
COMMAND: POST /session/188695daba6f4123f2015bbe49059169/timeouts - {"script":"<number>"}
RESULT: {"script":"<number>"}
COMMAND: GET /session/188695daba6f4123f2015bbe49059169/timeouts - {}
RESULT: {}
RESULT: undefined
COMMAND: POST /session/188695daba6f4123f2015bbe49059169/execute/async - {"script":"<script> [2676 bytes]","args":[]}
RESULT: {"script":"<script> [2676 bytes]","args":[]}
COMMAND: POST /session/188695daba6f4123f2015bbe49059169/execute/async - {"script":"<script> [2342 bytes]","args":[{"protocol":"http","hostname":"0.0.0.0","path":"/","capabilities":{"browserName":"chrome","goog:chromeOptions":{"binary":"C:\\Program Files\\Google\\Chrome\\Application\\chrome.exe","args":["--start-maximized"]}},"logLevel":"warn","connectionRetryTimeout":120000,"connectionRetryCount":3,"logLevels":{},"enableDirectConnect":true,"strictSSL":true,"_":"65 more keys: [\"cacheDir\",\"port\",\"requestedCapabilities\",\"automationProtocol\",\"baseUrl\",\"waitforInterval\",\"waitforTimeout\",\"onReload\",\"beforeCommand\",\"afterCommand\",\"rootDir\",\"specs\",\"suites\",\"exclude\",\"groupLogsByTestSpec\",\"excludeDriverLogs\",\"bail\",\"framework\",\"reporters\",\"services\",\"maxInstances\",\"maxInstancesPerCapability\",\"injectGlobals\",\"filesToWatch\",\"execArgv\",\"runnerEnv\",\"runner\",\"shard\",\"specFileRetries\",\"specFileRetriesDelay\",\"specFileRetriesDeferred\",\"reporterSyncInterval\",\"reporterSyncTimeout\",\"cucumberFeaturesWithLineNumbers\",\"autoCompileOpts\",\"mochaOpts\",\"jasmineOpts\",\"cucumberOpts\",\"onPrepare\",\"onWorkerStart\",\"onWorkerEnd\",\"before\",\"beforeSession\",\"beforeSuite\",\"beforeHook\",\"beforeTest\",\"afterTest\",\"afterHook\",\"afterSuite\",\"afterSession\",\"after\",\"onComplete\",\"beforeAssertion\",\"afterAssertion\",\"beforeFeature\",\"beforeScenario\",\"beforeStep\",\"afterStep\",\"afterScenario\",\"afterFeature\",\"_\",\"suite\",\"$0\",\"ignoredWorkerServices\",\"wdi5\"]"}]}
RESULT: {"script":"<script> [2342 bytes]","args":[{"protocol":"http","hostname":"0.0.0.0","path":"/","capabilities":{"browserName":"chrome","goog:chromeOptions":{"binary":"C:\\Program Files\\Google\\Chrome\\Application\\chrome.exe","args":["--start-maximized"]}},"logLevel":"warn","connectionRetryTimeout":120000,"connectionRetryCount":3,"logLevels":{},"enableDirectConnect":true,"strictSSL":true,"_":"65 more keys: [\"cacheDir\",\"port\",\"requestedCapabilities\",\"automationProtocol\",\"baseUrl\",\"waitforInterval\",\"waitforTimeout\",\"onReload\",\"beforeCommand\",\"afterCommand\",\"rootDir\",\"specs\",\"suites\",\"exclude\",\"groupLogsByTestSpec\",\"excludeDriverLogs\",\"bail\",\"framework\",\"reporters\",\"services\",\"maxInstances\",\"maxInstancesPerCapability\",\"injectGlobals\",\"filesToWatch\",\"execArgv\",\"runnerEnv\",\"runner\",\"shard\",\"specFileRetries\",\"specFileRetriesDelay\",\"specFileRetriesDeferred\",\"reporterSyncInterval\",\"reporterSyncTimeout\",\"cucumberFeaturesWithLineNumbers\",\"autoCompileOpts\",\"mochaOpts\",\"jasmineOpts\",\"cucumberOpts\",\"onPrepare\",\"onWorkerStart\",\"onWorkerEnd\",\"before\",\"beforeSession\",\"beforeSuite\",\"beforeHook\",\"beforeTest\",\"afterTest\",\"afterHook\",\"afterSuite\",\"afterSession\",\"after\",\"onComplete\",\"beforeAssertion\",\"afterAssertion\",\"beforeFeature\",\"beforeScenario\",\"beforeStep\",\"afterStep\",\"afterScenario\",\"afterFeature\",\"_\",\"suite\",\"$0\",\"ignoredWorkerServices\",\"wdi5\"]"}]}
COMMAND: POST /session/188695daba6f4123f2015bbe49059169/execute/async - {"script":"<script> [21126 bytes]","args":[35000]}
RESULT: {"script":"<script> [21126 bytes]","args":[35000]}
]]></system-out>
    </testcase>
  </testsuite>
  <testsuite timestamp="2025-05-18T17:54:31" time="535.243" tests="4" failures="0" errors="0" skipped="0">
    <properties>
      <property name="specId" value="0" />
      <property name="suiteName" value="Create partner US118246" />
      <property name="capabilities" value="chrome.136_0_7103_93.windows" />
      <property name="file" value="file:///D:/a/1/s/test/specs/BTS/create-partner.spec.js" />
    </properties>
    <testcase classname="chrome.136_0_7103_93.windows.Create_partner_US118246" name="Should create a new yard in case create yard failed" time="145.337">
      <system-out><![CDATA[
COMMAND: POST /session/188695daba6f4123f2015bbe49059169/window/fullscreen - {}
RESULT: {}
COMMAND: POST /session/188695daba6f4123f2015bbe49059169/execute/async - {"script":"<script> [1562 bytes]","args":[{"selector":{"controlType":"sap.m.GenericTile","properties":{"header":"Manage Yards"}},"wdio_ui5_key":"sapm.GenericTile{\"header\":\"Manage Yards\"}"}]}
RESULT: {"script":"<script> [1562 bytes]","args":[{"selector":{"controlType":"sap.m.GenericTile","properties":{"header":"Manage Yards"}},"wdio_ui5_key":"sapm.GenericTile{\"header\":\"Manage Yards\"}"}]}
RESULT: undefined
COMMAND: POST /session/188695daba6f4123f2015bbe49059169/element - {"using":"xpath","value":"//*[@id=\"__tile41\"]"}
RESULT: {"using":"xpath","value":"//*[@id=\"__tile41\"]"}
COMMAND: POST /session/188695daba6f4123f2015bbe49059169/element/f.DEFD86E6D49D71B1F09B82144A2C9827.d.A38F6B0925DBFD724404DF8DBF4B1B89.e.9032/click - {}
RESULT: {}
COMMAND: GET /session/188695daba6f4123f2015bbe49059169/screenshot - {}
RESULT: {}
COMMAND: POST /session/188695daba6f4123f2015bbe49059169/elements - {"using":"xpath","value":"//span[text()='Error']"}
RESULT: {"using":"xpath","value":"//span[text()='Error']"}
COMMAND: POST /session/188695daba6f4123f2015bbe49059169/element - {"using":"xpath","value":"//button[@data-kt=\"addNewYardOverflowToolbarButton\"]"}
RESULT: {"using":"xpath","value":"//button[@data-kt=\"addNewYardOverflowToolbarButton\"]"}
COMMAND: POST /session/188695daba6f4123f2015bbe49059169/elements - {"using":"xpath","value":"//button[@data-kt=\"addNewYardOverflowToolbarButton\"]"}
RESULT: {"using":"xpath","value":"//button[@data-kt=\"addNewYardOverflowToolbarButton\"]"}
COMMAND: POST /session/188695daba6f4123f2015bbe49059169/execute/sync - {"script":"<script> [8489 bytes]","args":[{"element-6066-11e4-a52e-4f735466cecf":"f.DEFD86E6D49D71B1F09B82144A2C9827.d.A38F6B0925DBFD724404DF8DBF4B1B89.e.9179","ELEMENT":"f.DEFD86E6D49D71B1F09B82144A2C9827.d.A38F6B0925DBFD724404DF8DBF4B1B89.e.9179"}]}
RESULT: {"script":"<script> [8489 bytes]","args":[{"element-6066-11e4-a52e-4f735466cecf":"f.DEFD86E6D49D71B1F09B82144A2C9827.d.A38F6B0925DBFD724404DF8DBF4B1B89.e.9179","ELEMENT":"f.DEFD86E6D49D71B1F09B82144A2C9827.d.A38F6B0925DBFD724404DF8DBF4B1B89.e.9179"}]}
COMMAND: GET /session/188695daba6f4123f2015bbe49059169/element/f.DEFD86E6D49D71B1F09B82144A2C9827.d.A38F6B0925DBFD724404DF8DBF4B1B89.e.9179/enabled - {}
COMMAND: GET /session/188695daba6f4123f2015bbe49059169/screenshot - {}
RESULT: {}
COMMAND: POST /session/188695daba6f4123f2015bbe49059169/execute/sync - {"script":"<script> [8489 bytes]","args":[{"element-6066-11e4-a52e-4f735466cecf":"f.DEFD86E6D49D71B1F09B82144A2C9827.d.A38F6B0925DBFD724404DF8DBF4B1B89.e.9179","ELEMENT":"f.DEFD86E6D49D71B1F09B82144A2C9827.d.A38F6B0925DBFD724404DF8DBF4B1B89.e.9179"}]}
COMMAND: GET /session/188695daba6f4123f2015bbe49059169/screenshot - {}
RESULT: {}
RESULT: {"script":"<script> [8489 bytes]","args":[{"element-6066-11e4-a52e-4f735466cecf":"f.DEFD86E6D49D71B1F09B82144A2C9827.d.A38F6B0925DBFD724404DF8DBF4B1B89.e.9179","ELEMENT":"f.DEFD86E6D49D71B1F09B82144A2C9827.d.A38F6B0925DBFD724404DF8DBF4B1B89.e.9179"}]}
COMMAND: POST /session/188695daba6f4123f2015bbe49059169/execute/sync - {"script":"<script> [5351 bytes]","args":[{"element-6066-11e4-a52e-4f735466cecf":"f.DEFD86E6D49D71B1F09B82144A2C9827.d.A38F6B0925DBFD724404DF8DBF4B1B89.e.9179","ELEMENT":"f.DEFD86E6D49D71B1F09B82144A2C9827.d.A38F6B0925DBFD724404DF8DBF4B1B89.e.9179"}]}
COMMAND: GET /session/188695daba6f4123f2015bbe49059169/screenshot - {}
RESULT: {}
RESULT: {"script":"<script> [5351 bytes]","args":[{"element-6066-11e4-a52e-4f735466cecf":"f.DEFD86E6D49D71B1F09B82144A2C9827.d.A38F6B0925DBFD724404DF8DBF4B1B89.e.9179","ELEMENT":"f.DEFD86E6D49D71B1F09B82144A2C9827.d.A38F6B0925DBFD724404DF8DBF4B1B89.e.9179"}]}
COMMAND: POST /session/188695daba6f4123f2015bbe49059169/element/f.DEFD86E6D49D71B1F09B82144A2C9827.d.A38F6B0925DBFD724404DF8DBF4B1B89.e.9179/click - {}
COMMAND: GET /session/188695daba6f4123f2015bbe49059169/screenshot - {}
RESULT: {}
RESULT: {}
COMMAND: GET /session/188695daba6f4123f2015bbe49059169/screenshot - {}
COMMAND: POST /session/188695daba6f4123f2015bbe49059169/element - {"using":"xpath","value":"//input[@id=\"application-manageyards-display-component---NewYard--yardId-inner\"]"}
RESULT: {}
RESULT: {}
RESULT: {"using":"xpath","value":"//input[@id=\"application-manageyards-display-component---NewYard--yardId-inner\"]"}
COMMAND: POST /session/188695daba6f4123f2015bbe49059169/element - {"using":"xpath","value":"//input[@id=\"application-manageyards-display-component---NewYard--yardId-inner\"]"}
RESULT: {"using":"xpath","value":"//input[@id=\"application-manageyards-display-component---NewYard--yardId-inner\"]"}
COMMAND: POST /session/188695daba6f4123f2015bbe49059169/execute/async - {"script":"<script> [1562 bytes]","args":[{"selector":{"id":"application-manageyards-display-component---NewYard--addressDetailDetailsName1","interaction":{"idSuffix":"inner"}},"wdio_ui5_key":"applicationmanageyards-display-component---NewYard--addressDetailDetailsName1"}]}
RESULT: {"script":"<script> [1562 bytes]","args":[{"selector":{"id":"application-manageyards-display-component---NewYard--addressDetailDetailsName1","interaction":{"idSuffix":"inner"}},"wdio_ui5_key":"applicationmanageyards-display-component---NewYard--addressDetailDetailsName1"}]}
RESULT: undefined
COMMAND: POST /session/188695daba6f4123f2015bbe49059169/execute/async - {"script":"<script> [776 bytes]","args":[{"enterText":"Intracompany Yard wdIO","selector":{"id":"application-manageyards-display-component---NewYard--addressDetailDetailsName1","interaction":{"idSuffix":"inner"}},"clearTextFirst":true,"interactionType":"ENTER_TEXT"}]}
RESULT: {"script":"<script> [776 bytes]","args":[{"enterText":"Intracompany Yard wdIO","selector":{"id":"application-manageyards-display-component---NewYard--addressDetailDetailsName1","interaction":{"idSuffix":"inner"}},"clearTextFirst":true,"interactionType":"ENTER_TEXT"}]}
COMMAND: POST /session/188695daba6f4123f2015bbe49059169/execute/async - {"script":"<script> [1562 bytes]","args":[{"selector":{"id":"application-manageyards-display-component---NewYard--addressDetailDetailsLanguage-arrow"},"wdio_ui5_key":"applicationmanageyards-display-component---NewYard--addressDetailDetailsLanguage-arrow"}]}
RESULT: {"script":"<script> [1562 bytes]","args":[{"selector":{"id":"application-manageyards-display-component---NewYard--addressDetailDetailsLanguage-arrow"},"wdio_ui5_key":"applicationmanageyards-display-component---NewYard--addressDetailDetailsLanguage-arrow"}]}
RESULT: undefined
COMMAND: POST /session/188695daba6f4123f2015bbe49059169/element - {"using":"xpath","value":"//*[@id=\"application-manageyards-display-component---NewYard--addressDetailDetailsLanguage-arrow\"]"}
RESULT: {"using":"xpath","value":"//*[@id=\"application-manageyards-display-component---NewYard--addressDetailDetailsLanguage-arrow\"]"}
COMMAND: POST /session/188695daba6f4123f2015bbe49059169/element/f.DEFD86E6D49D71B1F09B82144A2C9827.d.A38F6B0925DBFD724404DF8DBF4B1B89.e.9608/click - {}
RESULT: {}
COMMAND: POST /session/188695daba6f4123f2015bbe49059169/element - {"using":"xpath","value":"//span[contains(text(), \"English\")]"}
COMMAND: GET /session/188695daba6f4123f2015bbe49059169/screenshot - {}
RESULT: {"using":"xpath","value":"//span[contains(text(), \"English\")]"}
COMMAND: POST /session/188695daba6f4123f2015bbe49059169/element/f.DEFD86E6D49D71B1F09B82144A2C9827.d.A38F6B0925DBFD724404DF8DBF4B1B89.e.9609/click - {}
RESULT: {}
RESULT: {}
COMMAND: POST /session/188695daba6f4123f2015bbe49059169/execute/async - {"script":"<script> [1562 bytes]","args":[{"selector":{"id":"application-manageyards-display-component---NewYard--addressDetailDetailsCity1","interaction":{"idSuffix":"inner"}},"wdio_ui5_key":"applicationmanageyards-display-component---NewYard--addressDetailDetailsCity1"}]}
COMMAND: GET /session/188695daba6f4123f2015bbe49059169/screenshot - {}
RESULT: {"script":"<script> [1562 bytes]","args":[{"selector":{"id":"application-manageyards-display-component---NewYard--addressDetailDetailsCity1","interaction":{"idSuffix":"inner"}},"wdio_ui5_key":"applicationmanageyards-display-component---NewYard--addressDetailDetailsCity1"}]}
RESULT: undefined
COMMAND: POST /session/188695daba6f4123f2015bbe49059169/execute/async - {"script":"<script> [776 bytes]","args":[{"enterText":"Rosario","selector":{"id":"application-manageyards-display-component---NewYard--addressDetailDetailsCity1","interaction":{"idSuffix":"inner"}},"clearTextFirst":true,"interactionType":"ENTER_TEXT"}]}
RESULT: {}
RESULT: {"script":"<script> [776 bytes]","args":[{"enterText":"Rosario","selector":{"id":"application-manageyards-display-component---NewYard--addressDetailDetailsCity1","interaction":{"idSuffix":"inner"}},"clearTextFirst":true,"interactionType":"ENTER_TEXT"}]}
COMMAND: POST /session/188695daba6f4123f2015bbe49059169/execute/async - {"script":"<script> [1562 bytes]","args":[{"selector":{"id":"application-manageyards-display-component---NewYard--addressDetailDetailsCountry-arrow"},"wdio_ui5_key":"applicationmanageyards-display-component---NewYard--addressDetailDetailsCountry-arrow"}]}
RESULT: {"script":"<script> [1562 bytes]","args":[{"selector":{"id":"application-manageyards-display-component---NewYard--addressDetailDetailsCountry-arrow"},"wdio_ui5_key":"applicationmanageyards-display-component---NewYard--addressDetailDetailsCountry-arrow"}]}
RESULT: undefined
COMMAND: POST /session/188695daba6f4123f2015bbe49059169/element - {"using":"xpath","value":"//*[@id=\"application-manageyards-display-component---NewYard--addressDetailDetailsCountry-arrow\"]"}
RESULT: {"using":"xpath","value":"//*[@id=\"application-manageyards-display-component---NewYard--addressDetailDetailsCountry-arrow\"]"}
COMMAND: POST /session/188695daba6f4123f2015bbe49059169/element/f.DEFD86E6D49D71B1F09B82144A2C9827.d.A38F6B0925DBFD724404DF8DBF4B1B89.e.9611/click - {}
RESULT: {}
COMMAND: POST /session/188695daba6f4123f2015bbe49059169/element - {"using":"xpath","value":"//span[contains(text(), \"Argentina\")]"}
COMMAND: GET /session/188695daba6f4123f2015bbe49059169/screenshot - {}
RESULT: {"using":"xpath","value":"//span[contains(text(), \"Argentina\")]"}
COMMAND: POST /session/188695daba6f4123f2015bbe49059169/element/f.DEFD86E6D49D71B1F09B82144A2C9827.d.A38F6B0925DBFD724404DF8DBF4B1B89.e.9613/click - {}
RESULT: {}
RESULT: {}
COMMAND: POST /session/188695daba6f4123f2015bbe49059169/execute/async - {"script":"<script> [1562 bytes]","args":[{"selector":{"id":"application-manageyards-display-component---NewYard--addressEditDetailsCostObjectCstType-arrow"},"wdio_ui5_key":"applicationmanageyards-display-component---NewYard--addressEditDetailsCostObjectCstType-arrow"}]}
COMMAND: GET /session/188695daba6f4123f2015bbe49059169/screenshot - {}
RESULT: {"script":"<script> [1562 bytes]","args":[{"selector":{"id":"application-manageyards-display-component---NewYard--addressEditDetailsCostObjectCstType-arrow"},"wdio_ui5_key":"applicationmanageyards-display-component---NewYard--addressEditDetailsCostObjectCstType-arrow"}]}
RESULT: undefined
COMMAND: POST /session/188695daba6f4123f2015bbe49059169/element - {"using":"xpath","value":"//*[@id=\"application-manageyards-display-component---NewYard--addressEditDetailsCostObjectCstType-arrow\"]"}
RESULT: {}
RESULT: {"using":"xpath","value":"//*[@id=\"application-manageyards-display-component---NewYard--addressEditDetailsCostObjectCstType-arrow\"]"}
COMMAND: POST /session/188695daba6f4123f2015bbe49059169/element/f.DEFD86E6D49D71B1F09B82144A2C9827.d.A38F6B0925DBFD724404DF8DBF4B1B89.e.9614/click - {}
RESULT: {}
COMMAND: POST /session/188695daba6f4123f2015bbe49059169/element - {"using":"xpath","value":"//span[contains(text(), \"Cost Center\")]"}
COMMAND: GET /session/188695daba6f4123f2015bbe49059169/screenshot - {}
RESULT: {"using":"xpath","value":"//span[contains(text(), \"Cost Center\")]"}
COMMAND: POST /session/188695daba6f4123f2015bbe49059169/element/f.DEFD86E6D49D71B1F09B82144A2C9827.d.A38F6B0925DBFD724404DF8DBF4B1B89.e.9615/click - {}
RESULT: {}
RESULT: {}
COMMAND: GET /session/188695daba6f4123f2015bbe49059169/screenshot - {}
RESULT: {}
COMMAND: POST /session/188695daba6f4123f2015bbe49059169/element - {"using":"xpath","value":"//span[@id=\"application-manageyards-display-component---NewYard--addressNewCostObjectCstID-vhi\"]"}
RESULT: {"using":"xpath","value":"//span[@id=\"application-manageyards-display-component---NewYard--addressNewCostObjectCstID-vhi\"]"}
COMMAND: POST /session/188695daba6f4123f2015bbe49059169/execute/sync - {"script":"<script> [8489 bytes]","args":[{"element-6066-11e4-a52e-4f735466cecf":"f.DEFD86E6D49D71B1F09B82144A2C9827.d.A38F6B0925DBFD724404DF8DBF4B1B89.e.9619","ELEMENT":"f.DEFD86E6D49D71B1F09B82144A2C9827.d.A38F6B0925DBFD724404DF8DBF4B1B89.e.9619"}]}
RESULT: {"script":"<script> [8489 bytes]","args":[{"element-6066-11e4-a52e-4f735466cecf":"f.DEFD86E6D49D71B1F09B82144A2C9827.d.A38F6B0925DBFD724404DF8DBF4B1B89.e.9619","ELEMENT":"f.DEFD86E6D49D71B1F09B82144A2C9827.d.A38F6B0925DBFD724404DF8DBF4B1B89.e.9619"}]}
COMMAND: POST /session/188695daba6f4123f2015bbe49059169/execute/async - {"script":"<script> [1562 bytes]","args":[{"selector":{"id":"application-manageyards-display-component---NewYard--addressNewCostObjectCstID-vhi"},"wdio_ui5_key":"applicationmanageyards-display-component---NewYard--addressNewCostObjectCstID-vhi"}]}
COMMAND: GET /session/188695daba6f4123f2015bbe49059169/screenshot - {}
RESULT: {"script":"<script> [1562 bytes]","args":[{"selector":{"id":"application-manageyards-display-component---NewYard--addressNewCostObjectCstID-vhi"},"wdio_ui5_key":"applicationmanageyards-display-component---NewYard--addressNewCostObjectCstID-vhi"}]}
RESULT: undefined
COMMAND: POST /session/188695daba6f4123f2015bbe49059169/element - {"using":"xpath","value":"//*[@id=\"application-manageyards-display-component---NewYard--addressNewCostObjectCstID-vhi\"]"}
RESULT: {}
RESULT: {"using":"xpath","value":"//*[@id=\"application-manageyards-display-component---NewYard--addressNewCostObjectCstID-vhi\"]"}
COMMAND: POST /session/188695daba6f4123f2015bbe49059169/element/f.DEFD86E6D49D71B1F09B82144A2C9827.d.A38F6B0925DBFD724404DF8DBF4B1B89.e.9619/click - {}
RESULT: {}
COMMAND: GET /session/188695daba6f4123f2015bbe49059169/screenshot - {}
RESULT: {}
COMMAND: POST /session/188695daba6f4123f2015bbe49059169/execute/async - {"script":"<script> [1562 bytes]","args":[{"selector":{"controlType":"sap.m.SearchField","properties":{"placeholder":"Search"},"searchOpenDialogs":true,"interaction":{"idSuffix":"I"}},"wdio_ui5_key":"sapm.SearchField{\"placeholder\":\"Search\"}"}]}
RESULT: {"script":"<script> [1562 bytes]","args":[{"selector":{"controlType":"sap.m.SearchField","properties":{"placeholder":"Search"},"searchOpenDialogs":true,"interaction":{"idSuffix":"I"}},"wdio_ui5_key":"sapm.SearchField{\"placeholder\":\"Search\"}"}]}
RESULT: undefined
COMMAND: POST /session/188695daba6f4123f2015bbe49059169/execute/async - {"script":"<script> [776 bytes]","args":[{"enterText":"bauh_b","selector":{"controlType":"sap.m.SearchField","properties":{"placeholder":"Search"},"searchOpenDialogs":true,"interaction":{"idSuffix":"I"}},"clearTextFirst":true,"interactionType":"ENTER_TEXT"}]}
RESULT: {"script":"<script> [776 bytes]","args":[{"enterText":"bauh_b","selector":{"controlType":"sap.m.SearchField","properties":{"placeholder":"Search"},"searchOpenDialogs":true,"interaction":{"idSuffix":"I"}},"clearTextFirst":true,"interactionType":"ENTER_TEXT"}]}
COMMAND: POST /session/188695daba6f4123f2015bbe49059169/actions - {"actions":[{"id":"action25","type":"key","parameters":{},"actions":[{"type":"keyDown","value":"î€‡"},{"type":"pause","duration":10},{"type":"keyUp","value":"î€‡"}]}]}
RESULT: {"actions":[{"id":"action25","type":"key","parameters":{},"actions":[{"type":"keyDown","value":"î€‡"},{"type":"pause","duration":10},{"type":"keyUp","value":"î€‡"}]}]}
COMMAND: GET /session/188695daba6f4123f2015bbe49059169/screenshot - {}
RESULT: {}
COMMAND: POST /session/188695daba6f4123f2015bbe49059169/element - {"using":"xpath","value":"//span[contains(text(), \"Demo Yard\")]"}
RESULT: {"using":"xpath","value":"//span[contains(text(), \"Demo Yard\")]"}
COMMAND: POST /session/188695daba6f4123f2015bbe49059169/element/f.DEFD86E6D49D71B1F09B82144A2C9827.d.A38F6B0925DBFD724404DF8DBF4B1B89.e.9659/click - {}
RESULT: {}
COMMAND: GET /session/188695daba6f4123f2015bbe49059169/screenshot - {}
RESULT: {}
COMMAND: POST /session/188695daba6f4123f2015bbe49059169/element - {"using":"xpath","value":"//bdi[contains(text(), \"OK\")]"}
RESULT: {"using":"xpath","value":"//bdi[contains(text(), \"OK\")]"}
COMMAND: POST /session/188695daba6f4123f2015bbe49059169/element/f.DEFD86E6D49D71B1F09B82144A2C9827.d.A38F6B0925DBFD724404DF8DBF4B1B89.e.9660/click - {}
RESULT: {}
COMMAND: GET /session/188695daba6f4123f2015bbe49059169/screenshot - {}
RESULT: {}
COMMAND: POST /session/188695daba6f4123f2015bbe49059169/execute/async - {"script":"<script> [1562 bytes]","args":[{"selector":{"id":"application-manageyards-display-component---NewYard--addressEditDetailsCurrency-arrow"},"wdio_ui5_key":"applicationmanageyards-display-component---NewYard--addressEditDetailsCurrency-arrow"}]}
RESULT: {"script":"<script> [1562 bytes]","args":[{"selector":{"id":"application-manageyards-display-component---NewYard--addressEditDetailsCurrency-arrow"},"wdio_ui5_key":"applicationmanageyards-display-component---NewYard--addressEditDetailsCurrency-arrow"}]}
RESULT: undefined
COMMAND: POST /session/188695daba6f4123f2015bbe49059169/element - {"using":"xpath","value":"//*[@id=\"application-manageyards-display-component---NewYard--addressEditDetailsCurrency-arrow\"]"}
RESULT: {"using":"xpath","value":"//*[@id=\"application-manageyards-display-component---NewYard--addressEditDetailsCurrency-arrow\"]"}
COMMAND: POST /session/188695daba6f4123f2015bbe49059169/element/f.DEFD86E6D49D71B1F09B82144A2C9827.d.A38F6B0925DBFD724404DF8DBF4B1B89.e.9663/click - {}
RESULT: {}
COMMAND: POST /session/188695daba6f4123f2015bbe49059169/element - {"using":"xpath","value":"//span[contains(text(), \"Euro\")]"}
COMMAND: GET /session/188695daba6f4123f2015bbe49059169/screenshot - {}
RESULT: {"using":"xpath","value":"//span[contains(text(), \"Euro\")]"}
COMMAND: POST /session/188695daba6f4123f2015bbe49059169/element/f.DEFD86E6D49D71B1F09B82144A2C9827.d.A38F6B0925DBFD724404DF8DBF4B1B89.e.9664/click - {}
RESULT: {}
RESULT: {}
COMMAND: POST /session/188695daba6f4123f2015bbe49059169/execute/async - {"script":"<script> [1562 bytes]","args":[{"selector":{"controlType":"sap.m.Input","viewName":"etm.portal.ui.manageyards.view.New","viewId":"application-manageyards-display-component---NewYard","bindingPath":{"path":"","propertyPath":"/CONTROLLING_AREA","modelName":"NewYardModel"},"interaction":{"idSuffix":"inner"}},"wdio_ui5_key":"etmportal.ui.manageyards.view.Newsap.m.Input{\"path\":\"\",\"propertyPath\":\"/CONTROLLING_AREA\",\"modelName\":\"NewYardModel\"}"}]}
COMMAND: GET /session/188695daba6f4123f2015bbe49059169/screenshot - {}
RESULT: {"script":"<script> [1562 bytes]","args":[{"selector":{"controlType":"sap.m.Input","viewName":"etm.portal.ui.manageyards.view.New","viewId":"application-manageyards-display-component---NewYard","bindingPath":{"path":"","propertyPath":"/CONTROLLING_AREA","modelName":"NewYardModel"},"interaction":{"idSuffix":"inner"}},"wdio_ui5_key":"etmportal.ui.manageyards.view.Newsap.m.Input{\"path\":\"\",\"propertyPath\":\"/CONTROLLING_AREA\",\"modelName\":\"NewYardModel\"}"}]}
RESULT: undefined
COMMAND: POST /session/188695daba6f4123f2015bbe49059169/execute/async - {"script":"<script> [776 bytes]","args":[{"enterText":"Z001","selector":{"controlType":"sap.m.Input","viewName":"etm.portal.ui.manageyards.view.New","viewId":"application-manageyards-display-component---NewYard","bindingPath":{"path":"","propertyPath":"/CONTROLLING_AREA","modelName":"NewYardModel"},"interaction":{"idSuffix":"inner"}},"clearTextFirst":true,"interactionType":"ENTER_TEXT"}]}
RESULT: {}
RESULT: {"script":"<script> [776 bytes]","args":[{"enterText":"Z001","selector":{"controlType":"sap.m.Input","viewName":"etm.portal.ui.manageyards.view.New","viewId":"application-manageyards-display-component---NewYard","bindingPath":{"path":"","propertyPath":"/CONTROLLING_AREA","modelName":"NewYardModel"},"interaction":{"idSuffix":"inner"}},"clearTextFirst":true,"interactionType":"ENTER_TEXT"}]}
COMMAND: POST /session/188695daba6f4123f2015bbe49059169/execute/async - {"script":"<script> [1562 bytes]","args":[{"selector":{"id":"application-manageyards-display-component---NewYard--companyCodeComboBox","interaction":{"idSuffix":"inner"}},"wdio_ui5_key":"applicationmanageyards-display-component---NewYard--companyCodeComboBox"}]}
RESULT: {"script":"<script> [1562 bytes]","args":[{"selector":{"id":"application-manageyards-display-component---NewYard--companyCodeComboBox","interaction":{"idSuffix":"inner"}},"wdio_ui5_key":"applicationmanageyards-display-component---NewYard--companyCodeComboBox"}]}
RESULT: undefined
COMMAND: POST /session/188695daba6f4123f2015bbe49059169/execute/async - {"script":"<script> [776 bytes]","args":[{"enterText":"1000","selector":{"id":"application-manageyards-display-component---NewYard--companyCodeComboBox","interaction":{"idSuffix":"inner"}},"clearTextFirst":true,"interactionType":"ENTER_TEXT"}]}
RESULT: {"script":"<script> [776 bytes]","args":[{"enterText":"1000","selector":{"id":"application-manageyards-display-component---NewYard--companyCodeComboBox","interaction":{"idSuffix":"inner"}},"clearTextFirst":true,"interactionType":"ENTER_TEXT"}]}
COMMAND: POST /session/188695daba6f4123f2015bbe49059169/execute/async - {"script":"<script> [1562 bytes]","args":[{"selector":{"controlType":"sap.m.Input","viewName":"etm.portal.ui.manageyards.view.New","viewId":"application-manageyards-display-component---NewYard","bindingPath":{"path":"","propertyPath":"/PLANT","modelName":"NewYardModel"},"interaction":{"idSuffix":"inner"}},"wdio_ui5_key":"etmportal.ui.manageyards.view.Newsap.m.Input{\"path\":\"\",\"propertyPath\":\"/PLANT\",\"modelName\":\"NewYardModel\"}"}]}
RESULT: {"script":"<script> [1562 bytes]","args":[{"selector":{"controlType":"sap.m.Input","viewName":"etm.portal.ui.manageyards.view.New","viewId":"application-manageyards-display-component---NewYard","bindingPath":{"path":"","propertyPath":"/PLANT","modelName":"NewYardModel"},"interaction":{"idSuffix":"inner"}},"wdio_ui5_key":"etmportal.ui.manageyards.view.Newsap.m.Input{\"path\":\"\",\"propertyPath\":\"/PLANT\",\"modelName\":\"NewYardModel\"}"}]}
RESULT: undefined
COMMAND: POST /session/188695daba6f4123f2015bbe49059169/execute/async - {"script":"<script> [776 bytes]","args":[{"enterText":"1001","selector":{"controlType":"sap.m.Input","viewName":"etm.portal.ui.manageyards.view.New","viewId":"application-manageyards-display-component---NewYard","bindingPath":{"path":"","propertyPath":"/PLANT","modelName":"NewYardModel"},"interaction":{"idSuffix":"inner"}},"clearTextFirst":true,"interactionType":"ENTER_TEXT"}]}
RESULT: {"script":"<script> [776 bytes]","args":[{"enterText":"1001","selector":{"controlType":"sap.m.Input","viewName":"etm.portal.ui.manageyards.view.New","viewId":"application-manageyards-display-component---NewYard","bindingPath":{"path":"","propertyPath":"/PLANT","modelName":"NewYardModel"},"interaction":{"idSuffix":"inner"}},"clearTextFirst":true,"interactionType":"ENTER_TEXT"}]}
COMMAND: POST /session/188695daba6f4123f2015bbe49059169/execute/async - {"script":"<script> [1562 bytes]","args":[{"selector":{"controlType":"sap.m.Input","viewName":"etm.portal.ui.manageyards.view.New","viewId":"application-manageyards-display-component---NewYard","bindingPath":{"path":"","propertyPath":"/SALES_AREA_VKORG","modelName":"NewYardModel"},"interaction":{"idSuffix":"inner"}},"wdio_ui5_key":"etmportal.ui.manageyards.view.Newsap.m.Input{\"path\":\"\",\"propertyPath\":\"/SALES_AREA_VKORG\",\"modelName\":\"NewYardModel\"}"}]}
RESULT: {"script":"<script> [1562 bytes]","args":[{"selector":{"controlType":"sap.m.Input","viewName":"etm.portal.ui.manageyards.view.New","viewId":"application-manageyards-display-component---NewYard","bindingPath":{"path":"","propertyPath":"/SALES_AREA_VKORG","modelName":"NewYardModel"},"interaction":{"idSuffix":"inner"}},"wdio_ui5_key":"etmportal.ui.manageyards.view.Newsap.m.Input{\"path\":\"\",\"propertyPath\":\"/SALES_AREA_VKORG\",\"modelName\":\"NewYardModel\"}"}]}
RESULT: undefined
COMMAND: POST /session/188695daba6f4123f2015bbe49059169/execute/async - {"script":"<script> [776 bytes]","args":[{"enterText":"C002","selector":{"controlType":"sap.m.Input","viewName":"etm.portal.ui.manageyards.view.New","viewId":"application-manageyards-display-component---NewYard","bindingPath":{"path":"","propertyPath":"/SALES_AREA_VKORG","modelName":"NewYardModel"},"interaction":{"idSuffix":"inner"}},"clearTextFirst":true,"interactionType":"ENTER_TEXT"}]}
RESULT: {"script":"<script> [776 bytes]","args":[{"enterText":"C002","selector":{"controlType":"sap.m.Input","viewName":"etm.portal.ui.manageyards.view.New","viewId":"application-manageyards-display-component---NewYard","bindingPath":{"path":"","propertyPath":"/SALES_AREA_VKORG","modelName":"NewYardModel"},"interaction":{"idSuffix":"inner"}},"clearTextFirst":true,"interactionType":"ENTER_TEXT"}]}
COMMAND: POST /session/188695daba6f4123f2015bbe49059169/execute/async - {"script":"<script> [1562 bytes]","args":[{"selector":{"controlType":"sap.m.Input","viewName":"etm.portal.ui.manageyards.view.New","viewId":"application-manageyards-display-component---NewYard","bindingPath":{"path":"","propertyPath":"/SALES_AREA_VTWEG","modelName":"NewYardModel"},"interaction":{"idSuffix":"inner"}},"wdio_ui5_key":"etmportal.ui.manageyards.view.Newsap.m.Input{\"path\":\"\",\"propertyPath\":\"/SALES_AREA_VTWEG\",\"modelName\":\"NewYardModel\"}"}]}
RESULT: {"script":"<script> [1562 bytes]","args":[{"selector":{"controlType":"sap.m.Input","viewName":"etm.portal.ui.manageyards.view.New","viewId":"application-manageyards-display-component---NewYard","bindingPath":{"path":"","propertyPath":"/SALES_AREA_VTWEG","modelName":"NewYardModel"},"interaction":{"idSuffix":"inner"}},"wdio_ui5_key":"etmportal.ui.manageyards.view.Newsap.m.Input{\"path\":\"\",\"propertyPath\":\"/SALES_AREA_VTWEG\",\"modelName\":\"NewYardModel\"}"}]}
RESULT: undefined
COMMAND: POST /session/188695daba6f4123f2015bbe49059169/execute/async - {"script":"<script> [776 bytes]","args":[{"enterText":"C2","selector":{"controlType":"sap.m.Input","viewName":"etm.portal.ui.manageyards.view.New","viewId":"application-manageyards-display-component---NewYard","bindingPath":{"path":"","propertyPath":"/SALES_AREA_VTWEG","modelName":"NewYardModel"},"interaction":{"idSuffix":"inner"}},"clearTextFirst":true,"interactionType":"ENTER_TEXT"}]}
RESULT: {"script":"<script> [776 bytes]","args":[{"enterText":"C2","selector":{"controlType":"sap.m.Input","viewName":"etm.portal.ui.manageyards.view.New","viewId":"application-manageyards-display-component---NewYard","bindingPath":{"path":"","propertyPath":"/SALES_AREA_VTWEG","modelName":"NewYardModel"},"interaction":{"idSuffix":"inner"}},"clearTextFirst":true,"interactionType":"ENTER_TEXT"}]}
COMMAND: POST /session/188695daba6f4123f2015bbe49059169/execute/async - {"script":"<script> [1562 bytes]","args":[{"selector":{"controlType":"sap.m.Input","viewName":"etm.portal.ui.manageyards.view.New","viewId":"application-manageyards-display-component---NewYard","bindingPath":{"path":"","propertyPath":"/SALES_AREA_SPART","modelName":"NewYardModel"},"interaction":{"idSuffix":"inner"}},"wdio_ui5_key":"etmportal.ui.manageyards.view.Newsap.m.Input{\"path\":\"\",\"propertyPath\":\"/SALES_AREA_SPART\",\"modelName\":\"NewYardModel\"}"}]}
RESULT: {"script":"<script> [1562 bytes]","args":[{"selector":{"controlType":"sap.m.Input","viewName":"etm.portal.ui.manageyards.view.New","viewId":"application-manageyards-display-component---NewYard","bindingPath":{"path":"","propertyPath":"/SALES_AREA_SPART","modelName":"NewYardModel"},"interaction":{"idSuffix":"inner"}},"wdio_ui5_key":"etmportal.ui.manageyards.view.Newsap.m.Input{\"path\":\"\",\"propertyPath\":\"/SALES_AREA_SPART\",\"modelName\":\"NewYardModel\"}"}]}
RESULT: undefined
COMMAND: POST /session/188695daba6f4123f2015bbe49059169/execute/async - {"script":"<script> [776 bytes]","args":[{"enterText":"C2","selector":{"controlType":"sap.m.Input","viewName":"etm.portal.ui.manageyards.view.New","viewId":"application-manageyards-display-component---NewYard","bindingPath":{"path":"","propertyPath":"/SALES_AREA_SPART","modelName":"NewYardModel"},"interaction":{"idSuffix":"inner"}},"clearTextFirst":true,"interactionType":"ENTER_TEXT"}]}
RESULT: {"script":"<script> [776 bytes]","args":[{"enterText":"C2","selector":{"controlType":"sap.m.Input","viewName":"etm.portal.ui.manageyards.view.New","viewId":"application-manageyards-display-component---NewYard","bindingPath":{"path":"","propertyPath":"/SALES_AREA_SPART","modelName":"NewYardModel"},"interaction":{"idSuffix":"inner"}},"clearTextFirst":true,"interactionType":"ENTER_TEXT"}]}
COMMAND: POST /session/188695daba6f4123f2015bbe49059169/execute/async - {"script":"<script> [1562 bytes]","args":[{"selector":{"controlType":"sap.m.Input","viewName":"etm.portal.ui.manageyards.view.New","viewId":"application-manageyards-display-component---NewYard","bindingPath":{"path":"","propertyPath":"/SHIP_POINT","modelName":"NewYardModel"},"interaction":{"idSuffix":"inner"}},"wdio_ui5_key":"etmportal.ui.manageyards.view.Newsap.m.Input{\"path\":\"\",\"propertyPath\":\"/SHIP_POINT\",\"modelName\":\"NewYardModel\"}"}]}
RESULT: {"script":"<script> [1562 bytes]","args":[{"selector":{"controlType":"sap.m.Input","viewName":"etm.portal.ui.manageyards.view.New","viewId":"application-manageyards-display-component---NewYard","bindingPath":{"path":"","propertyPath":"/SHIP_POINT","modelName":"NewYardModel"},"interaction":{"idSuffix":"inner"}},"wdio_ui5_key":"etmportal.ui.manageyards.view.Newsap.m.Input{\"path\":\"\",\"propertyPath\":\"/SHIP_POINT\",\"modelName\":\"NewYardModel\"}"}]}
RESULT: undefined
COMMAND: POST /session/188695daba6f4123f2015bbe49059169/execute/async - {"script":"<script> [776 bytes]","args":[{"enterText":"1710","selector":{"controlType":"sap.m.Input","viewName":"etm.portal.ui.manageyards.view.New","viewId":"application-manageyards-display-component---NewYard","bindingPath":{"path":"","propertyPath":"/SHIP_POINT","modelName":"NewYardModel"},"interaction":{"idSuffix":"inner"}},"clearTextFirst":true,"interactionType":"ENTER_TEXT"}]}
RESULT: {"script":"<script> [776 bytes]","args":[{"enterText":"1710","selector":{"controlType":"sap.m.Input","viewName":"etm.portal.ui.manageyards.view.New","viewId":"application-manageyards-display-component---NewYard","bindingPath":{"path":"","propertyPath":"/SHIP_POINT","modelName":"NewYardModel"},"interaction":{"idSuffix":"inner"}},"clearTextFirst":true,"interactionType":"ENTER_TEXT"}]}
COMMAND: POST /session/188695daba6f4123f2015bbe49059169/execute/async - {"script":"<script> [1562 bytes]","args":[{"selector":{"controlType":"sap.m.Input","viewName":"etm.portal.ui.manageyards.view.New","viewId":"application-manageyards-display-component---NewYard","bindingPath":{"path":"","propertyPath":"/DELIVERY_TYPE","modelName":"NewYardModel"},"interaction":{"idSuffix":"inner"}},"wdio_ui5_key":"etmportal.ui.manageyards.view.Newsap.m.Input{\"path\":\"\",\"propertyPath\":\"/DELIVERY_TYPE\",\"modelName\":\"NewYardModel\"}"}]}
RESULT: {"script":"<script> [1562 bytes]","args":[{"selector":{"controlType":"sap.m.Input","viewName":"etm.portal.ui.manageyards.view.New","viewId":"application-manageyards-display-component---NewYard","bindingPath":{"path":"","propertyPath":"/DELIVERY_TYPE","modelName":"NewYardModel"},"interaction":{"idSuffix":"inner"}},"wdio_ui5_key":"etmportal.ui.manageyards.view.Newsap.m.Input{\"path\":\"\",\"propertyPath\":\"/DELIVERY_TYPE\",\"modelName\":\"NewYardModel\"}"}]}
RESULT: undefined
COMMAND: POST /session/188695daba6f4123f2015bbe49059169/execute/async - {"script":"<script> [776 bytes]","args":[{"enterText":"ZL01","selector":{"controlType":"sap.m.Input","viewName":"etm.portal.ui.manageyards.view.New","viewId":"application-manageyards-display-component---NewYard","bindingPath":{"path":"","propertyPath":"/DELIVERY_TYPE","modelName":"NewYardModel"},"interaction":{"idSuffix":"inner"}},"clearTextFirst":true,"interactionType":"ENTER_TEXT"}]}
RESULT: {"script":"<script> [776 bytes]","args":[{"enterText":"ZL01","selector":{"controlType":"sap.m.Input","viewName":"etm.portal.ui.manageyards.view.New","viewId":"application-manageyards-display-component---NewYard","bindingPath":{"path":"","propertyPath":"/DELIVERY_TYPE","modelName":"NewYardModel"},"interaction":{"idSuffix":"inner"}},"clearTextFirst":true,"interactionType":"ENTER_TEXT"}]}
COMMAND: POST /session/188695daba6f4123f2015bbe49059169/execute/async - {"script":"<script> [1562 bytes]","args":[{"selector":{"controlType":"sap.m.Input","viewName":"etm.portal.ui.manageyards.view.New","viewId":"application-manageyards-display-component---NewYard","bindingPath":{"path":"","propertyPath":"/AUART","modelName":"NewYardModel"},"interaction":{"idSuffix":"inner"}},"wdio_ui5_key":"etmportal.ui.manageyards.view.Newsap.m.Input{\"path\":\"\",\"propertyPath\":\"/AUART\",\"modelName\":\"NewYardModel\"}"}]}
RESULT: {"script":"<script> [1562 bytes]","args":[{"selector":{"controlType":"sap.m.Input","viewName":"etm.portal.ui.manageyards.view.New","viewId":"application-manageyards-display-component---NewYard","bindingPath":{"path":"","propertyPath":"/AUART","modelName":"NewYardModel"},"interaction":{"idSuffix":"inner"}},"wdio_ui5_key":"etmportal.ui.manageyards.view.Newsap.m.Input{\"path\":\"\",\"propertyPath\":\"/AUART\",\"modelName\":\"NewYardModel\"}"}]}
RESULT: undefined
COMMAND: POST /session/188695daba6f4123f2015bbe49059169/execute/async - {"script":"<script> [776 bytes]","args":[{"enterText":"TA","selector":{"controlType":"sap.m.Input","viewName":"etm.portal.ui.manageyards.view.New","viewId":"application-manageyards-display-component---NewYard","bindingPath":{"path":"","propertyPath":"/AUART","modelName":"NewYardModel"},"interaction":{"idSuffix":"inner"}},"clearTextFirst":true,"interactionType":"ENTER_TEXT"}]}
RESULT: {"script":"<script> [776 bytes]","args":[{"enterText":"TA","selector":{"controlType":"sap.m.Input","viewName":"etm.portal.ui.manageyards.view.New","viewId":"application-manageyards-display-component---NewYard","bindingPath":{"path":"","propertyPath":"/AUART","modelName":"NewYardModel"},"interaction":{"idSuffix":"inner"}},"clearTextFirst":true,"interactionType":"ENTER_TEXT"}]}
COMMAND: POST /session/188695daba6f4123f2015bbe49059169/element - {"using":"xpath","value":"//button[@data-kt=\"newYardSaveButton\"]"}
RESULT: {"using":"xpath","value":"//button[@data-kt=\"newYardSaveButton\"]"}
COMMAND: POST /session/188695daba6f4123f2015bbe49059169/element/f.DEFD86E6D49D71B1F09B82144A2C9827.d.A38F6B0925DBFD724404DF8DBF4B1B89.e.9568/click - {}
RESULT: {}
COMMAND: GET /session/188695daba6f4123f2015bbe49059169/screenshot - {}
RESULT: {}
COMMAND: POST /session/188695daba6f4123f2015bbe49059169/element - {"using":"xpath","value":"//header[contains(@id, 'ObjectPageLayout-headerTitle')]/div[1]/div[2]/div[1]/span[1]"}
RESULT: {"using":"xpath","value":"//header[contains(@id, 'ObjectPageLayout-headerTitle')]/div[1]/div[2]/div[1]/span[1]"}
COMMAND: POST /session/188695daba6f4123f2015bbe49059169/elements - {"using":"xpath","value":"//header[contains(@id, 'ObjectPageLayout-headerTitle')]/div[1]/div[2]/div[1]/span[1]"}
RESULT: {"using":"xpath","value":"//header[contains(@id, 'ObjectPageLayout-headerTitle')]/div[1]/div[2]/div[1]/span[1]"}
COMMAND: POST /session/188695daba6f4123f2015bbe49059169/execute/sync - {"script":"<script> [56 bytes]","args":[{"element-6066-11e4-a52e-4f735466cecf":"f.DEFD86E6D49D71B1F09B82144A2C9827.d.A38F6B0925DBFD724404DF8DBF4B1B89.e.9884","ELEMENT":"f.DEFD86E6D49D71B1F09B82144A2C9827.d.A38F6B0925DBFD724404DF8DBF4B1B89.e.9884"}]}
RESULT: {"script":"<script> [56 bytes]","args":[{"element-6066-11e4-a52e-4f735466cecf":"f.DEFD86E6D49D71B1F09B82144A2C9827.d.A38F6B0925DBFD724404DF8DBF4B1B89.e.9884","ELEMENT":"f.DEFD86E6D49D71B1F09B82144A2C9827.d.A38F6B0925DBFD724404DF8DBF4B1B89.e.9884"}]}
COMMAND: GET /session/188695daba6f4123f2015bbe49059169/screenshot - {}
RESULT: {}
COMMAND: POST /session/188695daba6f4123f2015bbe49059169/element - {"using":"css selector","value":"#shell-header-logo"}
RESULT: {"using":"css selector","value":"#shell-header-logo"}
COMMAND: POST /session/188695daba6f4123f2015bbe49059169/element/f.DEFD86E6D49D71B1F09B82144A2C9827.d.A38F6B0925DBFD724404DF8DBF4B1B89.e.9136/click - {}
RESULT: {}
COMMAND: GET /session/188695daba6f4123f2015bbe49059169/screenshot - {}
RESULT: {}
COMMAND: POST /session/188695daba6f4123f2015bbe49059169/execute/sync - {"script":"<script> [299 bytes]","args":[["getModel","getResource"]]}
RESULT: {"script":"<script> [299 bytes]","args":[["getModel","getResource"]]}
]]></system-out>
    </testcase>
    <testcase classname="chrome.136_0_7103_93.windows.Create_partner_US118246" name="Should create new external partner" time="105.842">
      <system-out><![CDATA[
COMMAND: GET /session/188695daba6f4123f2015bbe49059169/screenshot - {}
COMMAND: POST /session/188695daba6f4123f2015bbe49059169/window/fullscreen - {}
RESULT: {}
RESULT: {}
COMMAND: POST /session/188695daba6f4123f2015bbe49059169/execute/async - {"script":"<script> [1562 bytes]","args":[{"selector":{"controlType":"sap.m.GenericTile","properties":{"header":"Manage Partners"}},"wdio_ui5_key":"sapm.GenericTile{\"header\":\"Manage Partners\"}"}]}
RESULT: {"script":"<script> [1562 bytes]","args":[{"selector":{"controlType":"sap.m.GenericTile","properties":{"header":"Manage Partners"}},"wdio_ui5_key":"sapm.GenericTile{\"header\":\"Manage Partners\"}"}]}
RESULT: undefined
COMMAND: POST /session/188695daba6f4123f2015bbe49059169/element - {"using":"xpath","value":"//*[@id=\"__tile38\"]"}
RESULT: {"using":"xpath","value":"//*[@id=\"__tile38\"]"}
COMMAND: POST /session/188695daba6f4123f2015bbe49059169/element/f.DEFD86E6D49D71B1F09B82144A2C9827.d.A38F6B0925DBFD724404DF8DBF4B1B89.e.9023/click - {}
RESULT: {}
COMMAND: GET /session/188695daba6f4123f2015bbe49059169/screenshot - {}
RESULT: {}
COMMAND: POST /session/188695daba6f4123f2015bbe49059169/elements - {"using":"xpath","value":"//span[text()='Error']"}
RESULT: {"using":"xpath","value":"//span[text()='Error']"}
COMMAND: POST /session/188695daba6f4123f2015bbe49059169/element - {"using":"xpath","value":"//button[@data-kt=\"addButton\"]"}
RESULT: {"using":"xpath","value":"//button[@data-kt=\"addButton\"]"}
COMMAND: POST /session/188695daba6f4123f2015bbe49059169/elements - {"using":"xpath","value":"//button[@data-kt=\"addButton\"]"}
RESULT: {"using":"xpath","value":"//button[@data-kt=\"addButton\"]"}
COMMAND: POST /session/188695daba6f4123f2015bbe49059169/execute/sync - {"script":"<script> [8489 bytes]","args":[{"element-6066-11e4-a52e-4f735466cecf":"f.DEFD86E6D49D71B1F09B82144A2C9827.d.A38F6B0925DBFD724404DF8DBF4B1B89.e.9937","ELEMENT":"f.DEFD86E6D49D71B1F09B82144A2C9827.d.A38F6B0925DBFD724404DF8DBF4B1B89.e.9937"}]}
RESULT: {"script":"<script> [8489 bytes]","args":[{"element-6066-11e4-a52e-4f735466cecf":"f.DEFD86E6D49D71B1F09B82144A2C9827.d.A38F6B0925DBFD724404DF8DBF4B1B89.e.9937","ELEMENT":"f.DEFD86E6D49D71B1F09B82144A2C9827.d.A38F6B0925DBFD724404DF8DBF4B1B89.e.9937"}]}
COMMAND: GET /session/188695daba6f4123f2015bbe49059169/element/f.DEFD86E6D49D71B1F09B82144A2C9827.d.A38F6B0925DBFD724404DF8DBF4B1B89.e.9937/enabled - {}
COMMAND: GET /session/188695daba6f4123f2015bbe49059169/screenshot - {}
RESULT: {}
COMMAND: POST /session/188695daba6f4123f2015bbe49059169/execute/sync - {"script":"<script> [8489 bytes]","args":[{"element-6066-11e4-a52e-4f735466cecf":"f.DEFD86E6D49D71B1F09B82144A2C9827.d.A38F6B0925DBFD724404DF8DBF4B1B89.e.9937","ELEMENT":"f.DEFD86E6D49D71B1F09B82144A2C9827.d.A38F6B0925DBFD724404DF8DBF4B1B89.e.9937"}]}
COMMAND: GET /session/188695daba6f4123f2015bbe49059169/screenshot - {}
RESULT: {}
RESULT: {"script":"<script> [8489 bytes]","args":[{"element-6066-11e4-a52e-4f735466cecf":"f.DEFD86E6D49D71B1F09B82144A2C9827.d.A38F6B0925DBFD724404DF8DBF4B1B89.e.9937","ELEMENT":"f.DEFD86E6D49D71B1F09B82144A2C9827.d.A38F6B0925DBFD724404DF8DBF4B1B89.e.9937"}]}
COMMAND: POST /session/188695daba6f4123f2015bbe49059169/execute/sync - {"script":"<script> [5351 bytes]","args":[{"element-6066-11e4-a52e-4f735466cecf":"f.DEFD86E6D49D71B1F09B82144A2C9827.d.A38F6B0925DBFD724404DF8DBF4B1B89.e.9937","ELEMENT":"f.DEFD86E6D49D71B1F09B82144A2C9827.d.A38F6B0925DBFD724404DF8DBF4B1B89.e.9937"}]}
COMMAND: GET /session/188695daba6f4123f2015bbe49059169/screenshot - {}
RESULT: {}
RESULT: {"script":"<script> [5351 bytes]","args":[{"element-6066-11e4-a52e-4f735466cecf":"f.DEFD86E6D49D71B1F09B82144A2C9827.d.A38F6B0925DBFD724404DF8DBF4B1B89.e.9937","ELEMENT":"f.DEFD86E6D49D71B1F09B82144A2C9827.d.A38F6B0925DBFD724404DF8DBF4B1B89.e.9937"}]}
COMMAND: POST /session/188695daba6f4123f2015bbe49059169/element/f.DEFD86E6D49D71B1F09B82144A2C9827.d.A38F6B0925DBFD724404DF8DBF4B1B89.e.9937/click - {}
COMMAND: GET /session/188695daba6f4123f2015bbe49059169/screenshot - {}
RESULT: {}
RESULT: {}
RESULT: {}
COMMAND: GET /session/188695daba6f4123f2015bbe49059169/screenshot - {}
RESULT: {}
COMMAND: POST /session/188695daba6f4123f2015bbe49059169/execute/async - {"script":"<script> [1562 bytes]","args":[{"selector":{"id":"application-managepartners-display-component---NewPartner--addressDetailDetailsName1","interaction":{"idSuffix":"inner"}},"wdio_ui5_key":"applicationmanagepartners-display-component---NewPartner--addressDetailDetailsName1"}]}
RESULT: {"script":"<script> [1562 bytes]","args":[{"selector":{"id":"application-managepartners-display-component---NewPartner--addressDetailDetailsName1","interaction":{"idSuffix":"inner"}},"wdio_ui5_key":"applicationmanagepartners-display-component---NewPartner--addressDetailDetailsName1"}]}
RESULT: undefined
COMMAND: POST /session/188695daba6f4123f2015bbe49059169/execute/async - {"script":"<script> [776 bytes]","args":[{"enterText":"External Partner WDIO","selector":{"id":"application-managepartners-display-component---NewPartner--addressDetailDetailsName1","interaction":{"idSuffix":"inner"}},"clearTextFirst":true,"interactionType":"ENTER_TEXT"}]}
RESULT: {"script":"<script> [776 bytes]","args":[{"enterText":"External Partner WDIO","selector":{"id":"application-managepartners-display-component---NewPartner--addressDetailDetailsName1","interaction":{"idSuffix":"inner"}},"clearTextFirst":true,"interactionType":"ENTER_TEXT"}]}
COMMAND: POST /session/188695daba6f4123f2015bbe49059169/execute/async - {"script":"<script> [1562 bytes]","args":[{"selector":{"id":"application-managepartners-display-component---NewPartner--addressDetailDetailsLanguage-arrow"},"wdio_ui5_key":"applicationmanagepartners-display-component---NewPartner--addressDetailDetailsLanguage-arrow"}]}
RESULT: {"script":"<script> [1562 bytes]","args":[{"selector":{"id":"application-managepartners-display-component---NewPartner--addressDetailDetailsLanguage-arrow"},"wdio_ui5_key":"applicationmanagepartners-display-component---NewPartner--addressDetailDetailsLanguage-arrow"}]}
RESULT: undefined
COMMAND: POST /session/188695daba6f4123f2015bbe49059169/element - {"using":"xpath","value":"//*[@id=\"application-managepartners-display-component---NewPartner--addressDetailDetailsLanguage-arrow\"]"}
RESULT: {"using":"xpath","value":"//*[@id=\"application-managepartners-display-component---NewPartner--addressDetailDetailsLanguage-arrow\"]"}
COMMAND: POST /session/188695daba6f4123f2015bbe49059169/element/f.DEFD86E6D49D71B1F09B82144A2C9827.d.A38F6B0925DBFD724404DF8DBF4B1B89.e.10378/click - {}
RESULT: {}
COMMAND: POST /session/188695daba6f4123f2015bbe49059169/element - {"using":"xpath","value":"//span[contains(text(), \"English\")]"}
COMMAND: GET /session/188695daba6f4123f2015bbe49059169/screenshot - {}
RESULT: {"using":"xpath","value":"//span[contains(text(), \"English\")]"}
COMMAND: POST /session/188695daba6f4123f2015bbe49059169/element/f.DEFD86E6D49D71B1F09B82144A2C9827.d.A38F6B0925DBFD724404DF8DBF4B1B89.e.10379/click - {}
RESULT: {}
RESULT: {}
COMMAND: GET /session/188695daba6f4123f2015bbe49059169/screenshot - {}
RESULT: {}
COMMAND: POST /session/188695daba6f4123f2015bbe49059169/execute/async - {"script":"<script> [1562 bytes]","args":[{"selector":{"id":"application-managepartners-display-component---NewPartner--addressDetailDetailsCity1","interaction":{"idSuffix":"inner"}},"wdio_ui5_key":"applicationmanagepartners-display-component---NewPartner--addressDetailDetailsCity1"}]}
RESULT: {"script":"<script> [1562 bytes]","args":[{"selector":{"id":"application-managepartners-display-component---NewPartner--addressDetailDetailsCity1","interaction":{"idSuffix":"inner"}},"wdio_ui5_key":"applicationmanagepartners-display-component---NewPartner--addressDetailDetailsCity1"}]}
RESULT: undefined
COMMAND: POST /session/188695daba6f4123f2015bbe49059169/execute/async - {"script":"<script> [776 bytes]","args":[{"enterText":"Rosario","selector":{"id":"application-managepartners-display-component---NewPartner--addressDetailDetailsCity1","interaction":{"idSuffix":"inner"}},"clearTextFirst":true,"interactionType":"ENTER_TEXT"}]}
RESULT: {"script":"<script> [776 bytes]","args":[{"enterText":"Rosario","selector":{"id":"application-managepartners-display-component---NewPartner--addressDetailDetailsCity1","interaction":{"idSuffix":"inner"}},"clearTextFirst":true,"interactionType":"ENTER_TEXT"}]}
COMMAND: POST /session/188695daba6f4123f2015bbe49059169/execute/async - {"script":"<script> [1562 bytes]","args":[{"selector":{"id":"application-managepartners-display-component---NewPartner--addressDetailDetailsCountry-arrow"},"wdio_ui5_key":"applicationmanagepartners-display-component---NewPartner--addressDetailDetailsCountry-arrow"}]}
RESULT: {"script":"<script> [1562 bytes]","args":[{"selector":{"id":"application-managepartners-display-component---NewPartner--addressDetailDetailsCountry-arrow"},"wdio_ui5_key":"applicationmanagepartners-display-component---NewPartner--addressDetailDetailsCountry-arrow"}]}
RESULT: undefined
COMMAND: POST /session/188695daba6f4123f2015bbe49059169/element - {"using":"xpath","value":"//*[@id=\"application-managepartners-display-component---NewPartner--addressDetailDetailsCountry-arrow\"]"}
RESULT: {"using":"xpath","value":"//*[@id=\"application-managepartners-display-component---NewPartner--addressDetailDetailsCountry-arrow\"]"}
COMMAND: POST /session/188695daba6f4123f2015bbe49059169/element/f.DEFD86E6D49D71B1F09B82144A2C9827.d.A38F6B0925DBFD724404DF8DBF4B1B89.e.10346/click - {}
RESULT: {}
COMMAND: POST /session/188695daba6f4123f2015bbe49059169/element - {"using":"xpath","value":"//span[contains(text(), \"Argentina\")]"}
COMMAND: GET /session/188695daba6f4123f2015bbe49059169/screenshot - {}
RESULT: {"using":"xpath","value":"//span[contains(text(), \"Argentina\")]"}
COMMAND: POST /session/188695daba6f4123f2015bbe49059169/element/f.DEFD86E6D49D71B1F09B82144A2C9827.d.A38F6B0925DBFD724404DF8DBF4B1B89.e.10381/click - {}
RESULT: {}
RESULT: {}
COMMAND: GET /session/188695daba6f4123f2015bbe49059169/screenshot - {}
RESULT: {}
COMMAND: POST /session/188695daba6f4123f2015bbe49059169/element - {"using":"xpath","value":"//bdi[contains(text(), \"Commercial\")]"}
RESULT: {"using":"xpath","value":"//bdi[contains(text(), \"Commercial\")]"}
COMMAND: POST /session/188695daba6f4123f2015bbe49059169/element/f.DEFD86E6D49D71B1F09B82144A2C9827.d.A38F6B0925DBFD724404DF8DBF4B1B89.e.10382/click - {}
RESULT: {}
COMMAND: GET /session/188695daba6f4123f2015bbe49059169/screenshot - {}
RESULT: {}
COMMAND: POST /session/188695daba6f4123f2015bbe49059169/execute/async - {"script":"<script> [1562 bytes]","args":[{"selector":{"id":"application-managepartners-display-component---NewPartner--partnerDetailInternal-arrow"},"wdio_ui5_key":"applicationmanagepartners-display-component---NewPartner--partnerDetailInternal-arrow"}]}
RESULT: {"script":"<script> [1562 bytes]","args":[{"selector":{"id":"application-managepartners-display-component---NewPartner--partnerDetailInternal-arrow"},"wdio_ui5_key":"applicationmanagepartners-display-component---NewPartner--partnerDetailInternal-arrow"}]}
RESULT: undefined
COMMAND: POST /session/188695daba6f4123f2015bbe49059169/element - {"using":"xpath","value":"//*[@id=\"application-managepartners-display-component---NewPartner--partnerDetailInternal-arrow\"]"}
RESULT: {"using":"xpath","value":"//*[@id=\"application-managepartners-display-component---NewPartner--partnerDetailInternal-arrow\"]"}
COMMAND: POST /session/188695daba6f4123f2015bbe49059169/element/f.DEFD86E6D49D71B1F09B82144A2C9827.d.A38F6B0925DBFD724404DF8DBF4B1B89.e.10388/click - {}
RESULT: {}
COMMAND: POST /session/188695daba6f4123f2015bbe49059169/element - {"using":"xpath","value":"//span[contains(text(), \"External partner\")]"}
COMMAND: GET /session/188695daba6f4123f2015bbe49059169/screenshot - {}
RESULT: {"using":"xpath","value":"//span[contains(text(), \"External partner\")]"}
COMMAND: POST /session/188695daba6f4123f2015bbe49059169/element/f.DEFD86E6D49D71B1F09B82144A2C9827.d.A38F6B0925DBFD724404DF8DBF4B1B89.e.10389/click - {}
RESULT: {}
RESULT: {}
COMMAND: POST /session/188695daba6f4123f2015bbe49059169/execute/async - {"script":"<script> [1562 bytes]","args":[{"selector":{"id":"application-managepartners-display-component---NewPartner--partnerDetailsCurrency-arrow"},"wdio_ui5_key":"applicationmanagepartners-display-component---NewPartner--partnerDetailsCurrency-arrow"}]}
COMMAND: GET /session/188695daba6f4123f2015bbe49059169/screenshot - {}
RESULT: {"script":"<script> [1562 bytes]","args":[{"selector":{"id":"application-managepartners-display-component---NewPartner--partnerDetailsCurrency-arrow"},"wdio_ui5_key":"applicationmanagepartners-display-component---NewPartner--partnerDetailsCurrency-arrow"}]}
RESULT: undefined
COMMAND: POST /session/188695daba6f4123f2015bbe49059169/element - {"using":"xpath","value":"//*[@id=\"application-managepartners-display-component---NewPartner--partnerDetailsCurrency-arrow\"]"}
RESULT: {}
RESULT: {"using":"xpath","value":"//*[@id=\"application-managepartners-display-component---NewPartner--partnerDetailsCurrency-arrow\"]"}
COMMAND: POST /session/188695daba6f4123f2015bbe49059169/element/f.DEFD86E6D49D71B1F09B82144A2C9827.d.A38F6B0925DBFD724404DF8DBF4B1B89.e.10394/click - {}
RESULT: {}
COMMAND: POST /session/188695daba6f4123f2015bbe49059169/element - {"using":"xpath","value":"//span[contains(text(), \"US Dollar\")]"}
COMMAND: GET /session/188695daba6f4123f2015bbe49059169/screenshot - {}
RESULT: {"using":"xpath","value":"//span[contains(text(), \"US Dollar\")]"}
COMMAND: POST /session/188695daba6f4123f2015bbe49059169/element/f.DEFD86E6D49D71B1F09B82144A2C9827.d.A38F6B0925DBFD724404DF8DBF4B1B89.e.10395/click - {}
RESULT: {}
RESULT: {}
COMMAND: GET /session/188695daba6f4123f2015bbe49059169/screenshot - {}
RESULT: {}
COMMAND: POST /session/188695daba6f4123f2015bbe49059169/element - {"using":"xpath","value":"//input[@id=\"application-managepartners-display-component---NewPartner--companyCodeComboBox-inner\"]"}
RESULT: {"using":"xpath","value":"//input[@id=\"application-managepartners-display-component---NewPartner--companyCodeComboBox-inner\"]"}
COMMAND: POST /session/188695daba6f4123f2015bbe49059169/element/f.DEFD86E6D49D71B1F09B82144A2C9827.d.A38F6B0925DBFD724404DF8DBF4B1B89.e.10269/clear - {}
RESULT: {}
COMMAND: POST /session/188695daba6f4123f2015bbe49059169/element/f.DEFD86E6D49D71B1F09B82144A2C9827.d.A38F6B0925DBFD724404DF8DBF4B1B89.e.10269/value - {"text":"C002"}
COMMAND: GET /session/188695daba6f4123f2015bbe49059169/screenshot - {}
RESULT: {"text":"C002"}
COMMAND: GET /session/188695daba6f4123f2015bbe49059169/screenshot - {}
RESULT: {}
RESULT: {}
COMMAND: POST /session/188695daba6f4123f2015bbe49059169/element - {"using":"xpath","value":"//li[.//span[text()= \"C002\"]]"}
RESULT: {"using":"xpath","value":"//li[.//span[text()= \"C002\"]]"}
COMMAND: POST /session/188695daba6f4123f2015bbe49059169/element/f.DEFD86E6D49D71B1F09B82144A2C9827.d.A38F6B0925DBFD724404DF8DBF4B1B89.e.10399/click - {}
RESULT: {}
COMMAND: GET /session/188695daba6f4123f2015bbe49059169/screenshot - {}
RESULT: {}
COMMAND: POST /session/188695daba6f4123f2015bbe49059169/execute/async - {"script":"<script> [1562 bytes]","args":[{"selector":{"id":"application-managepartners-display-component---NewPartner--btnAddTableRow-img"},"wdio_ui5_key":"applicationmanagepartners-display-component---NewPartner--btnAddTableRow-img"}]}
RESULT: {"script":"<script> [1562 bytes]","args":[{"selector":{"id":"application-managepartners-display-component---NewPartner--btnAddTableRow-img"},"wdio_ui5_key":"applicationmanagepartners-display-component---NewPartner--btnAddTableRow-img"}]}
RESULT: undefined
COMMAND: POST /session/188695daba6f4123f2015bbe49059169/element - {"using":"xpath","value":"//*[@id=\"application-managepartners-display-component---NewPartner--btnAddTableRow-img\"]"}
RESULT: {"using":"xpath","value":"//*[@id=\"application-managepartners-display-component---NewPartner--btnAddTableRow-img\"]"}
COMMAND: POST /session/188695daba6f4123f2015bbe49059169/element/f.DEFD86E6D49D71B1F09B82144A2C9827.d.A38F6B0925DBFD724404DF8DBF4B1B89.e.10400/click - {}
RESULT: {}
COMMAND: GET /session/188695daba6f4123f2015bbe49059169/screenshot - {}
RESULT: {}
COMMAND: POST /session/188695daba6f4123f2015bbe49059169/element - {"using":"xpath","value":"//input[@id=\"application-managepartners-display-component---NewPartner--assignmentYard-application-managepartners-display-component---NewPartner--assignmentsTable-0-inner\"]"}
RESULT: {"using":"xpath","value":"//input[@id=\"application-managepartners-display-component---NewPartner--assignmentYard-application-managepartners-display-component---NewPartner--assignmentsTable-0-inner\"]"}
COMMAND: POST /session/188695daba6f4123f2015bbe49059169/element/f.DEFD86E6D49D71B1F09B82144A2C9827.d.A38F6B0925DBFD724404DF8DBF4B1B89.e.10403/clear - {}
RESULT: {}
COMMAND: POST /session/188695daba6f4123f2015bbe49059169/element/f.DEFD86E6D49D71B1F09B82144A2C9827.d.A38F6B0925DBFD724404DF8DBF4B1B89.e.10403/value - {"text":"534"}
COMMAND: GET /session/188695daba6f4123f2015bbe49059169/screenshot - {}
RESULT: {"text":"534"}
COMMAND: GET /session/188695daba6f4123f2015bbe49059169/screenshot - {}
RESULT: {}
RESULT: {}
COMMAND: POST /session/188695daba6f4123f2015bbe49059169/element - {"using":"xpath","value":"//li[.//span[text()='534']]"}
RESULT: {"using":"xpath","value":"//li[.//span[text()='534']]"}
COMMAND: POST /session/188695daba6f4123f2015bbe49059169/element/f.DEFD86E6D49D71B1F09B82144A2C9827.d.A38F6B0925DBFD724404DF8DBF4B1B89.e.10411/click - {}
RESULT: {}
COMMAND: GET /session/188695daba6f4123f2015bbe49059169/screenshot - {}
RESULT: {}
COMMAND: POST /session/188695daba6f4123f2015bbe49059169/actions - {"actions":[{"id":"action26","type":"key","parameters":{},"actions":[{"type":"keyDown","value":"î€‡"},{"type":"pause","duration":10},{"type":"keyUp","value":"î€‡"}]}]}
RESULT: {"actions":[{"id":"action26","type":"key","parameters":{},"actions":[{"type":"keyDown","value":"î€‡"},{"type":"pause","duration":10},{"type":"keyUp","value":"î€‡"}]}]}
COMMAND: POST /session/188695daba6f4123f2015bbe49059169/element - {"using":"xpath","value":"//td[contains(@id, \"assignmentsTable-0-cell2\")]/div/div"}
COMMAND: GET /session/188695daba6f4123f2015bbe49059169/screenshot - {}
RESULT: {"using":"xpath","value":"//td[contains(@id, \"assignmentsTable-0-cell2\")]/div/div"}
COMMAND: POST /session/188695daba6f4123f2015bbe49059169/element/f.DEFD86E6D49D71B1F09B82144A2C9827.d.A38F6B0925DBFD724404DF8DBF4B1B89.e.10414/click - {}
RESULT: {}
RESULT: {}
COMMAND: GET /session/188695daba6f4123f2015bbe49059169/screenshot - {}
RESULT: {}
COMMAND: POST /session/188695daba6f4123f2015bbe49059169/element - {"using":"xpath","value":"//button[@data-kt=\"saveButton\"]"}
RESULT: {"using":"xpath","value":"//button[@data-kt=\"saveButton\"]"}
COMMAND: POST /session/188695daba6f4123f2015bbe49059169/element/f.DEFD86E6D49D71B1F09B82144A2C9827.d.A38F6B0925DBFD724404DF8DBF4B1B89.e.10342/click - {}
RESULT: {}
COMMAND: GET /session/188695daba6f4123f2015bbe49059169/screenshot - {}
RESULT: {}
COMMAND: POST /session/188695daba6f4123f2015bbe49059169/element - {"using":"xpath","value":"//header[contains(@id, 'ObjectPageLayout-headerTitle')]/div[1]/div[2]/div[2]/span[1]"}
RESULT: {"using":"xpath","value":"//header[contains(@id, 'ObjectPageLayout-headerTitle')]/div[1]/div[2]/div[2]/span[1]"}
COMMAND: POST /session/188695daba6f4123f2015bbe49059169/elements - {"using":"xpath","value":"//header[contains(@id, 'ObjectPageLayout-headerTitle')]/div[1]/div[2]/div[2]/span[1]"}
RESULT: {"using":"xpath","value":"//header[contains(@id, 'ObjectPageLayout-headerTitle')]/div[1]/div[2]/div[2]/span[1]"}
COMMAND: POST /session/188695daba6f4123f2015bbe49059169/execute/sync - {"script":"<script> [56 bytes]","args":[{"element-6066-11e4-a52e-4f735466cecf":"f.DEFD86E6D49D71B1F09B82144A2C9827.d.A38F6B0925DBFD724404DF8DBF4B1B89.e.10576","ELEMENT":"f.DEFD86E6D49D71B1F09B82144A2C9827.d.A38F6B0925DBFD724404DF8DBF4B1B89.e.10576"}]}
RESULT: {"script":"<script> [56 bytes]","args":[{"element-6066-11e4-a52e-4f735466cecf":"f.DEFD86E6D49D71B1F09B82144A2C9827.d.A38F6B0925DBFD724404DF8DBF4B1B89.e.10576","ELEMENT":"f.DEFD86E6D49D71B1F09B82144A2C9827.d.A38F6B0925DBFD724404DF8DBF4B1B89.e.10576"}]}
COMMAND: POST /session/188695daba6f4123f2015bbe49059169/element - {"using":"css selector","value":"#shell-header-logo"}
COMMAND: GET /session/188695daba6f4123f2015bbe49059169/screenshot - {}
RESULT: {"using":"css selector","value":"#shell-header-logo"}
COMMAND: POST /session/188695daba6f4123f2015bbe49059169/element/f.DEFD86E6D49D71B1F09B82144A2C9827.d.A38F6B0925DBFD724404DF8DBF4B1B89.e.9892/click - {}
RESULT: {}
RESULT: {}
COMMAND: GET /session/188695daba6f4123f2015bbe49059169/screenshot - {}
RESULT: {}
COMMAND: POST /session/188695daba6f4123f2015bbe49059169/execute/sync - {"script":"<script> [299 bytes]","args":[["getModel","getResource"]]}
RESULT: {"script":"<script> [299 bytes]","args":[["getModel","getResource"]]}
]]></system-out>
    </testcase>
    <testcase classname="chrome.136_0_7103_93.windows.Create_partner_US118246" name="Should create a new yard in case create yard failed" time="123.141">
      <system-out><![CDATA[
RESULT: undefined
COMMAND: POST /session/188695daba6f4123f2015bbe49059169/element - {"using":"xpath","value":"//*[@id=\"__tile41\"]"}
COMMAND: GET /session/188695daba6f4123f2015bbe49059169/screenshot - {}
RESULT: {"using":"xpath","value":"//*[@id=\"__tile41\"]"}
COMMAND: POST /session/188695daba6f4123f2015bbe49059169/element/f.DEFD86E6D49D71B1F09B82144A2C9827.d.A38F6B0925DBFD724404DF8DBF4B1B89.e.9032/click - {}
RESULT: {}
RESULT: {}
COMMAND: GET /session/188695daba6f4123f2015bbe49059169/screenshot - {}
RESULT: {}
COMMAND: POST /session/188695daba6f4123f2015bbe49059169/elements - {"using":"xpath","value":"//span[text()='Error']"}
RESULT: {"using":"xpath","value":"//span[text()='Error']"}
COMMAND: POST /session/188695daba6f4123f2015bbe49059169/element - {"using":"xpath","value":"//button[@data-kt=\"addNewYardOverflowToolbarButton\"]"}
RESULT: {"using":"xpath","value":"//button[@data-kt=\"addNewYardOverflowToolbarButton\"]"}
COMMAND: POST /session/188695daba6f4123f2015bbe49059169/elements - {"using":"xpath","value":"//button[@data-kt=\"addNewYardOverflowToolbarButton\"]"}
RESULT: {"using":"xpath","value":"//button[@data-kt=\"addNewYardOverflowToolbarButton\"]"}
COMMAND: POST /session/188695daba6f4123f2015bbe49059169/execute/sync - {"script":"<script> [8489 bytes]","args":[{"element-6066-11e4-a52e-4f735466cecf":"f.DEFD86E6D49D71B1F09B82144A2C9827.d.A38F6B0925DBFD724404DF8DBF4B1B89.e.10612","ELEMENT":"f.DEFD86E6D49D71B1F09B82144A2C9827.d.A38F6B0925DBFD724404DF8DBF4B1B89.e.10612"}]}
RESULT: {"script":"<script> [8489 bytes]","args":[{"element-6066-11e4-a52e-4f735466cecf":"f.DEFD86E6D49D71B1F09B82144A2C9827.d.A38F6B0925DBFD724404DF8DBF4B1B89.e.10612","ELEMENT":"f.DEFD86E6D49D71B1F09B82144A2C9827.d.A38F6B0925DBFD724404DF8DBF4B1B89.e.10612"}]}
COMMAND: GET /session/188695daba6f4123f2015bbe49059169/element/f.DEFD86E6D49D71B1F09B82144A2C9827.d.A38F6B0925DBFD724404DF8DBF4B1B89.e.10612/enabled - {}
COMMAND: GET /session/188695daba6f4123f2015bbe49059169/screenshot - {}
RESULT: {}
RESULT: {}
COMMAND: POST /session/188695daba6f4123f2015bbe49059169/execute/sync - {"script":"<script> [8489 bytes]","args":[{"element-6066-11e4-a52e-4f735466cecf":"f.DEFD86E6D49D71B1F09B82144A2C9827.d.A38F6B0925DBFD724404DF8DBF4B1B89.e.10612","ELEMENT":"f.DEFD86E6D49D71B1F09B82144A2C9827.d.A38F6B0925DBFD724404DF8DBF4B1B89.e.10612"}]}
COMMAND: GET /session/188695daba6f4123f2015bbe49059169/screenshot - {}
RESULT: {"script":"<script> [8489 bytes]","args":[{"element-6066-11e4-a52e-4f735466cecf":"f.DEFD86E6D49D71B1F09B82144A2C9827.d.A38F6B0925DBFD724404DF8DBF4B1B89.e.10612","ELEMENT":"f.DEFD86E6D49D71B1F09B82144A2C9827.d.A38F6B0925DBFD724404DF8DBF4B1B89.e.10612"}]}
COMMAND: POST /session/188695daba6f4123f2015bbe49059169/execute/sync - {"script":"<script> [5351 bytes]","args":[{"element-6066-11e4-a52e-4f735466cecf":"f.DEFD86E6D49D71B1F09B82144A2C9827.d.A38F6B0925DBFD724404DF8DBF4B1B89.e.10612","ELEMENT":"f.DEFD86E6D49D71B1F09B82144A2C9827.d.A38F6B0925DBFD724404DF8DBF4B1B89.e.10612"}]}
COMMAND: GET /session/188695daba6f4123f2015bbe49059169/screenshot - {}
RESULT: {}
RESULT: {"script":"<script> [5351 bytes]","args":[{"element-6066-11e4-a52e-4f735466cecf":"f.DEFD86E6D49D71B1F09B82144A2C9827.d.A38F6B0925DBFD724404DF8DBF4B1B89.e.10612","ELEMENT":"f.DEFD86E6D49D71B1F09B82144A2C9827.d.A38F6B0925DBFD724404DF8DBF4B1B89.e.10612"}]}
COMMAND: POST /session/188695daba6f4123f2015bbe49059169/element/f.DEFD86E6D49D71B1F09B82144A2C9827.d.A38F6B0925DBFD724404DF8DBF4B1B89.e.10612/click - {}
COMMAND: GET /session/188695daba6f4123f2015bbe49059169/screenshot - {}
RESULT: {}
RESULT: {}
COMMAND: GET /session/188695daba6f4123f2015bbe49059169/screenshot - {}
COMMAND: POST /session/188695daba6f4123f2015bbe49059169/element - {"using":"xpath","value":"//input[@id=\"application-manageyards-display-component---NewYard--yardId-inner\"]"}
RESULT: {}
RESULT: {}
RESULT: {"using":"xpath","value":"//input[@id=\"application-manageyards-display-component---NewYard--yardId-inner\"]"}
COMMAND: POST /session/188695daba6f4123f2015bbe49059169/element - {"using":"xpath","value":"//input[@id=\"application-manageyards-display-component---NewYard--yardId-inner\"]"}
RESULT: {"using":"xpath","value":"//input[@id=\"application-manageyards-display-component---NewYard--yardId-inner\"]"}
RESULT: undefined
COMMAND: POST /session/188695daba6f4123f2015bbe49059169/execute/async - {"script":"<script> [776 bytes]","args":[{"enterText":"Warehouse Managed WDIO","selector":{"id":"application-manageyards-display-component---NewYard--addressDetailDetailsName1","interaction":{"idSuffix":"inner"}},"clearTextFirst":true,"interactionType":"ENTER_TEXT"}]}
RESULT: {"script":"<script> [776 bytes]","args":[{"enterText":"Warehouse Managed WDIO","selector":{"id":"application-manageyards-display-component---NewYard--addressDetailDetailsName1","interaction":{"idSuffix":"inner"}},"clearTextFirst":true,"interactionType":"ENTER_TEXT"}]}
RESULT: undefined
COMMAND: POST /session/188695daba6f4123f2015bbe49059169/element - {"using":"xpath","value":"//*[@id=\"application-manageyards-display-component---NewYard--addressDetailDetailsLanguage-arrow\"]"}
RESULT: {"using":"xpath","value":"//*[@id=\"application-manageyards-display-component---NewYard--addressDetailDetailsLanguage-arrow\"]"}
COMMAND: POST /session/188695daba6f4123f2015bbe49059169/element/f.DEFD86E6D49D71B1F09B82144A2C9827.d.A38F6B0925DBFD724404DF8DBF4B1B89.e.11055/click - {}
RESULT: {}
COMMAND: POST /session/188695daba6f4123f2015bbe49059169/element - {"using":"xpath","value":"//span[contains(text(), \"English\")]"}
COMMAND: GET /session/188695daba6f4123f2015bbe49059169/screenshot - {}
RESULT: {"using":"xpath","value":"//span[contains(text(), \"English\")]"}
COMMAND: POST /session/188695daba6f4123f2015bbe49059169/element/f.DEFD86E6D49D71B1F09B82144A2C9827.d.A38F6B0925DBFD724404DF8DBF4B1B89.e.11056/click - {}
RESULT: {}
RESULT: {}
RESULT: undefined
COMMAND: POST /session/188695daba6f4123f2015bbe49059169/execute/async - {"script":"<script> [776 bytes]","args":[{"enterText":"Rosario","selector":{"id":"application-manageyards-display-component---NewYard--addressDetailDetailsCity1","interaction":{"idSuffix":"inner"}},"clearTextFirst":true,"interactionType":"ENTER_TEXT"}]}
COMMAND: GET /session/188695daba6f4123f2015bbe49059169/screenshot - {}
RESULT: {"script":"<script> [776 bytes]","args":[{"enterText":"Rosario","selector":{"id":"application-manageyards-display-component---NewYard--addressDetailDetailsCity1","interaction":{"idSuffix":"inner"}},"clearTextFirst":true,"interactionType":"ENTER_TEXT"}]}
RESULT: undefined
COMMAND: POST /session/188695daba6f4123f2015bbe49059169/element - {"using":"xpath","value":"//*[@id=\"application-manageyards-display-component---NewYard--addressDetailDetailsCountry-arrow\"]"}
RESULT: {}
RESULT: {"using":"xpath","value":"//*[@id=\"application-manageyards-display-component---NewYard--addressDetailDetailsCountry-arrow\"]"}
COMMAND: POST /session/188695daba6f4123f2015bbe49059169/element/f.DEFD86E6D49D71B1F09B82144A2C9827.d.A38F6B0925DBFD724404DF8DBF4B1B89.e.11057/click - {}
RESULT: {}
COMMAND: POST /session/188695daba6f4123f2015bbe49059169/element - {"using":"xpath","value":"//span[contains(text(), \"Argentina\")]"}
COMMAND: GET /session/188695daba6f4123f2015bbe49059169/screenshot - {}
RESULT: {"using":"xpath","value":"//span[contains(text(), \"Argentina\")]"}
COMMAND: POST /session/188695daba6f4123f2015bbe49059169/element/f.DEFD86E6D49D71B1F09B82144A2C9827.d.A38F6B0925DBFD724404DF8DBF4B1B89.e.11058/click - {}
RESULT: {}
RESULT: {}
RESULT: undefined
COMMAND: POST /session/188695daba6f4123f2015bbe49059169/element - {"using":"xpath","value":"//*[@id=\"application-manageyards-display-component---NewYard--addressEditDetailsCostObjectCstType-arrow\"]"}
COMMAND: GET /session/188695daba6f4123f2015bbe49059169/screenshot - {}
RESULT: {"using":"xpath","value":"//*[@id=\"application-manageyards-display-component---NewYard--addressEditDetailsCostObjectCstType-arrow\"]"}
COMMAND: POST /session/188695daba6f4123f2015bbe49059169/element/f.DEFD86E6D49D71B1F09B82144A2C9827.d.A38F6B0925DBFD724404DF8DBF4B1B89.e.11060/click - {}
RESULT: {}
RESULT: {}
COMMAND: POST /session/188695daba6f4123f2015bbe49059169/element - {"using":"xpath","value":"//span[contains(text(), \"Cost Center\")]"}
COMMAND: GET /session/188695daba6f4123f2015bbe49059169/screenshot - {}
RESULT: {"using":"xpath","value":"//span[contains(text(), \"Cost Center\")]"}
COMMAND: POST /session/188695daba6f4123f2015bbe49059169/element/f.DEFD86E6D49D71B1F09B82144A2C9827.d.A38F6B0925DBFD724404DF8DBF4B1B89.e.11061/click - {}
RESULT: {}
RESULT: {}
COMMAND: GET /session/188695daba6f4123f2015bbe49059169/screenshot - {}
RESULT: {}
COMMAND: POST /session/188695daba6f4123f2015bbe49059169/element - {"using":"xpath","value":"//span[@id=\"application-manageyards-display-component---NewYard--addressNewCostObjectCstID-vhi\"]"}
RESULT: {"using":"xpath","value":"//span[@id=\"application-manageyards-display-component---NewYard--addressNewCostObjectCstID-vhi\"]"}
COMMAND: POST /session/188695daba6f4123f2015bbe49059169/execute/sync - {"script":"<script> [8489 bytes]","args":[{"element-6066-11e4-a52e-4f735466cecf":"f.DEFD86E6D49D71B1F09B82144A2C9827.d.A38F6B0925DBFD724404DF8DBF4B1B89.e.11065","ELEMENT":"f.DEFD86E6D49D71B1F09B82144A2C9827.d.A38F6B0925DBFD724404DF8DBF4B1B89.e.11065"}]}
RESULT: {"script":"<script> [8489 bytes]","args":[{"element-6066-11e4-a52e-4f735466cecf":"f.DEFD86E6D49D71B1F09B82144A2C9827.d.A38F6B0925DBFD724404DF8DBF4B1B89.e.11065","ELEMENT":"f.DEFD86E6D49D71B1F09B82144A2C9827.d.A38F6B0925DBFD724404DF8DBF4B1B89.e.11065"}]}
RESULT: undefined
COMMAND: POST /session/188695daba6f4123f2015bbe49059169/element - {"using":"xpath","value":"//*[@id=\"application-manageyards-display-component---NewYard--addressNewCostObjectCstID-vhi\"]"}
COMMAND: GET /session/188695daba6f4123f2015bbe49059169/screenshot - {}
RESULT: {"using":"xpath","value":"//*[@id=\"application-manageyards-display-component---NewYard--addressNewCostObjectCstID-vhi\"]"}
COMMAND: POST /session/188695daba6f4123f2015bbe49059169/element/f.DEFD86E6D49D71B1F09B82144A2C9827.d.A38F6B0925DBFD724404DF8DBF4B1B89.e.11065/click - {}
RESULT: {}
RESULT: {}
COMMAND: GET /session/188695daba6f4123f2015bbe49059169/screenshot - {}
RESULT: {}
RESULT: undefined
COMMAND: POST /session/188695daba6f4123f2015bbe49059169/execute/async - {"script":"<script> [776 bytes]","args":[{"enterText":"bauh_b","selector":{"controlType":"sap.m.SearchField","properties":{"placeholder":"Search"},"searchOpenDialogs":true,"interaction":{"idSuffix":"I"}},"clearTextFirst":true,"interactionType":"ENTER_TEXT"}]}
RESULT: {"script":"<script> [776 bytes]","args":[{"enterText":"bauh_b","selector":{"controlType":"sap.m.SearchField","properties":{"placeholder":"Search"},"searchOpenDialogs":true,"interaction":{"idSuffix":"I"}},"clearTextFirst":true,"interactionType":"ENTER_TEXT"}]}
COMMAND: POST /session/188695daba6f4123f2015bbe49059169/actions - {"actions":[{"id":"action27","type":"key","parameters":{},"actions":[{"type":"keyDown","value":"î€‡"},{"type":"pause","duration":10},{"type":"keyUp","value":"î€‡"}]}]}
RESULT: {"actions":[{"id":"action27","type":"key","parameters":{},"actions":[{"type":"keyDown","value":"î€‡"},{"type":"pause","duration":10},{"type":"keyUp","value":"î€‡"}]}]}
COMMAND: GET /session/188695daba6f4123f2015bbe49059169/screenshot - {}
RESULT: {}
COMMAND: POST /session/188695daba6f4123f2015bbe49059169/element - {"using":"xpath","value":"//span[contains(text(), \"Demo Yard\")]"}
RESULT: {"using":"xpath","value":"//span[contains(text(), \"Demo Yard\")]"}
COMMAND: POST /session/188695daba6f4123f2015bbe49059169/element/f.DEFD86E6D49D71B1F09B82144A2C9827.d.A38F6B0925DBFD724404DF8DBF4B1B89.e.11103/click - {}
RESULT: {}
COMMAND: GET /session/188695daba6f4123f2015bbe49059169/screenshot - {}
RESULT: {}
COMMAND: POST /session/188695daba6f4123f2015bbe49059169/element - {"using":"xpath","value":"//bdi[contains(text(), \"OK\")]"}
RESULT: {"using":"xpath","value":"//bdi[contains(text(), \"OK\")]"}
COMMAND: POST /session/188695daba6f4123f2015bbe49059169/element/f.DEFD86E6D49D71B1F09B82144A2C9827.d.A38F6B0925DBFD724404DF8DBF4B1B89.e.11104/click - {}
RESULT: {}
COMMAND: GET /session/188695daba6f4123f2015bbe49059169/screenshot - {}
RESULT: {}
RESULT: undefined
COMMAND: POST /session/188695daba6f4123f2015bbe49059169/element - {"using":"xpath","value":"//*[@id=\"application-manageyards-display-component---NewYard--addressEditDetailsCurrency-arrow\"]"}
RESULT: {"using":"xpath","value":"//*[@id=\"application-manageyards-display-component---NewYard--addressEditDetailsCurrency-arrow\"]"}
COMMAND: POST /session/188695daba6f4123f2015bbe49059169/element/f.DEFD86E6D49D71B1F09B82144A2C9827.d.A38F6B0925DBFD724404DF8DBF4B1B89.e.11107/click - {}
RESULT: {}
COMMAND: POST /session/188695daba6f4123f2015bbe49059169/element - {"using":"xpath","value":"//span[contains(text(), \"Euro\")]"}
COMMAND: GET /session/188695daba6f4123f2015bbe49059169/screenshot - {}
RESULT: {"using":"xpath","value":"//span[contains(text(), \"Euro\")]"}
COMMAND: POST /session/188695daba6f4123f2015bbe49059169/element/f.DEFD86E6D49D71B1F09B82144A2C9827.d.A38F6B0925DBFD724404DF8DBF4B1B89.e.11108/click - {}
RESULT: {}
RESULT: {}
RESULT: undefined
COMMAND: POST /session/188695daba6f4123f2015bbe49059169/execute/async - {"script":"<script> [776 bytes]","args":[{"enterText":"Z001","selector":{"controlType":"sap.m.Input","viewName":"etm.portal.ui.manageyards.view.New","viewId":"application-manageyards-display-component---NewYard","bindingPath":{"path":"","propertyPath":"/CONTROLLING_AREA","modelName":"NewYardModel"},"interaction":{"idSuffix":"inner"}},"clearTextFirst":true,"interactionType":"ENTER_TEXT"}]}
COMMAND: GET /session/188695daba6f4123f2015bbe49059169/screenshot - {}
RESULT: {"script":"<script> [776 bytes]","args":[{"enterText":"Z001","selector":{"controlType":"sap.m.Input","viewName":"etm.portal.ui.manageyards.view.New","viewId":"application-manageyards-display-component---NewYard","bindingPath":{"path":"","propertyPath":"/CONTROLLING_AREA","modelName":"NewYardModel"},"interaction":{"idSuffix":"inner"}},"clearTextFirst":true,"interactionType":"ENTER_TEXT"}]}
RESULT: undefined
COMMAND: POST /session/188695daba6f4123f2015bbe49059169/execute/async - {"script":"<script> [776 bytes]","args":[{"enterText":"1000","selector":{"id":"application-manageyards-display-component---NewYard--companyCodeComboBox","interaction":{"idSuffix":"inner"}},"clearTextFirst":true,"interactionType":"ENTER_TEXT"}]}
RESULT: {}
RESULT: {"script":"<script> [776 bytes]","args":[{"enterText":"1000","selector":{"id":"application-manageyards-display-component---NewYard--companyCodeComboBox","interaction":{"idSuffix":"inner"}},"clearTextFirst":true,"interactionType":"ENTER_TEXT"}]}
RESULT: undefined
COMMAND: POST /session/188695daba6f4123f2015bbe49059169/execute/async - {"script":"<script> [776 bytes]","args":[{"enterText":"1001","selector":{"controlType":"sap.m.Input","viewName":"etm.portal.ui.manageyards.view.New","viewId":"application-manageyards-display-component---NewYard","bindingPath":{"path":"","propertyPath":"/PLANT","modelName":"NewYardModel"},"interaction":{"idSuffix":"inner"}},"clearTextFirst":true,"interactionType":"ENTER_TEXT"}]}
RESULT: {"script":"<script> [776 bytes]","args":[{"enterText":"1001","selector":{"controlType":"sap.m.Input","viewName":"etm.portal.ui.manageyards.view.New","viewId":"application-manageyards-display-component---NewYard","bindingPath":{"path":"","propertyPath":"/PLANT","modelName":"NewYardModel"},"interaction":{"idSuffix":"inner"}},"clearTextFirst":true,"interactionType":"ENTER_TEXT"}]}
RESULT: undefined
COMMAND: POST /session/188695daba6f4123f2015bbe49059169/execute/async - {"script":"<script> [776 bytes]","args":[{"enterText":"C002","selector":{"controlType":"sap.m.Input","viewName":"etm.portal.ui.manageyards.view.New","viewId":"application-manageyards-display-component---NewYard","bindingPath":{"path":"","propertyPath":"/SALES_AREA_VKORG","modelName":"NewYardModel"},"interaction":{"idSuffix":"inner"}},"clearTextFirst":true,"interactionType":"ENTER_TEXT"}]}
RESULT: {"script":"<script> [776 bytes]","args":[{"enterText":"C002","selector":{"controlType":"sap.m.Input","viewName":"etm.portal.ui.manageyards.view.New","viewId":"application-manageyards-display-component---NewYard","bindingPath":{"path":"","propertyPath":"/SALES_AREA_VKORG","modelName":"NewYardModel"},"interaction":{"idSuffix":"inner"}},"clearTextFirst":true,"interactionType":"ENTER_TEXT"}]}
RESULT: undefined
COMMAND: POST /session/188695daba6f4123f2015bbe49059169/execute/async - {"script":"<script> [776 bytes]","args":[{"enterText":"C2","selector":{"controlType":"sap.m.Input","viewName":"etm.portal.ui.manageyards.view.New","viewId":"application-manageyards-display-component---NewYard","bindingPath":{"path":"","propertyPath":"/SALES_AREA_VTWEG","modelName":"NewYardModel"},"interaction":{"idSuffix":"inner"}},"clearTextFirst":true,"interactionType":"ENTER_TEXT"}]}
RESULT: {"script":"<script> [776 bytes]","args":[{"enterText":"C2","selector":{"controlType":"sap.m.Input","viewName":"etm.portal.ui.manageyards.view.New","viewId":"application-manageyards-display-component---NewYard","bindingPath":{"path":"","propertyPath":"/SALES_AREA_VTWEG","modelName":"NewYardModel"},"interaction":{"idSuffix":"inner"}},"clearTextFirst":true,"interactionType":"ENTER_TEXT"}]}
RESULT: undefined
COMMAND: POST /session/188695daba6f4123f2015bbe49059169/execute/async - {"script":"<script> [776 bytes]","args":[{"enterText":"C2","selector":{"controlType":"sap.m.Input","viewName":"etm.portal.ui.manageyards.view.New","viewId":"application-manageyards-display-component---NewYard","bindingPath":{"path":"","propertyPath":"/SALES_AREA_SPART","modelName":"NewYardModel"},"interaction":{"idSuffix":"inner"}},"clearTextFirst":true,"interactionType":"ENTER_TEXT"}]}
RESULT: {"script":"<script> [776 bytes]","args":[{"enterText":"C2","selector":{"controlType":"sap.m.Input","viewName":"etm.portal.ui.manageyards.view.New","viewId":"application-manageyards-display-component---NewYard","bindingPath":{"path":"","propertyPath":"/SALES_AREA_SPART","modelName":"NewYardModel"},"interaction":{"idSuffix":"inner"}},"clearTextFirst":true,"interactionType":"ENTER_TEXT"}]}
RESULT: undefined
COMMAND: POST /session/188695daba6f4123f2015bbe49059169/execute/async - {"script":"<script> [776 bytes]","args":[{"enterText":"1710","selector":{"controlType":"sap.m.Input","viewName":"etm.portal.ui.manageyards.view.New","viewId":"application-manageyards-display-component---NewYard","bindingPath":{"path":"","propertyPath":"/SHIP_POINT","modelName":"NewYardModel"},"interaction":{"idSuffix":"inner"}},"clearTextFirst":true,"interactionType":"ENTER_TEXT"}]}
RESULT: {"script":"<script> [776 bytes]","args":[{"enterText":"1710","selector":{"controlType":"sap.m.Input","viewName":"etm.portal.ui.manageyards.view.New","viewId":"application-manageyards-display-component---NewYard","bindingPath":{"path":"","propertyPath":"/SHIP_POINT","modelName":"NewYardModel"},"interaction":{"idSuffix":"inner"}},"clearTextFirst":true,"interactionType":"ENTER_TEXT"}]}
RESULT: undefined
COMMAND: POST /session/188695daba6f4123f2015bbe49059169/execute/async - {"script":"<script> [776 bytes]","args":[{"enterText":"ZL01","selector":{"controlType":"sap.m.Input","viewName":"etm.portal.ui.manageyards.view.New","viewId":"application-manageyards-display-component---NewYard","bindingPath":{"path":"","propertyPath":"/DELIVERY_TYPE","modelName":"NewYardModel"},"interaction":{"idSuffix":"inner"}},"clearTextFirst":true,"interactionType":"ENTER_TEXT"}]}
RESULT: {"script":"<script> [776 bytes]","args":[{"enterText":"ZL01","selector":{"controlType":"sap.m.Input","viewName":"etm.portal.ui.manageyards.view.New","viewId":"application-manageyards-display-component---NewYard","bindingPath":{"path":"","propertyPath":"/DELIVERY_TYPE","modelName":"NewYardModel"},"interaction":{"idSuffix":"inner"}},"clearTextFirst":true,"interactionType":"ENTER_TEXT"}]}
RESULT: undefined
COMMAND: POST /session/188695daba6f4123f2015bbe49059169/execute/async - {"script":"<script> [776 bytes]","args":[{"enterText":"TA","selector":{"controlType":"sap.m.Input","viewName":"etm.portal.ui.manageyards.view.New","viewId":"application-manageyards-display-component---NewYard","bindingPath":{"path":"","propertyPath":"/AUART","modelName":"NewYardModel"},"interaction":{"idSuffix":"inner"}},"clearTextFirst":true,"interactionType":"ENTER_TEXT"}]}
RESULT: {"script":"<script> [776 bytes]","args":[{"enterText":"TA","selector":{"controlType":"sap.m.Input","viewName":"etm.portal.ui.manageyards.view.New","viewId":"application-manageyards-display-component---NewYard","bindingPath":{"path":"","propertyPath":"/AUART","modelName":"NewYardModel"},"interaction":{"idSuffix":"inner"}},"clearTextFirst":true,"interactionType":"ENTER_TEXT"}]}
COMMAND: POST /session/188695daba6f4123f2015bbe49059169/execute/async - {"script":"<script> [1562 bytes]","args":[{"selector":{"id":"application-manageyards-display-component---NewYard--whmCheckBox","interaction":{"idSuffix":"CbBg"}},"wdio_ui5_key":"applicationmanageyards-display-component---NewYard--whmCheckBox"}]}
RESULT: {"script":"<script> [1562 bytes]","args":[{"selector":{"id":"application-manageyards-display-component---NewYard--whmCheckBox","interaction":{"idSuffix":"CbBg"}},"wdio_ui5_key":"applicationmanageyards-display-component---NewYard--whmCheckBox"}]}
RESULT: undefined
COMMAND: POST /session/188695daba6f4123f2015bbe49059169/element - {"using":"xpath","value":"//*[@id=\"application-manageyards-display-component---NewYard--whmCheckBox\"]"}
RESULT: {"using":"xpath","value":"//*[@id=\"application-manageyards-display-component---NewYard--whmCheckBox\"]"}
COMMAND: POST /session/188695daba6f4123f2015bbe49059169/element/f.DEFD86E6D49D71B1F09B82144A2C9827.d.A38F6B0925DBFD724404DF8DBF4B1B89.e.11118/click - {}
RESULT: {}
COMMAND: GET /session/188695daba6f4123f2015bbe49059169/screenshot - {}
RESULT: {}
COMMAND: POST /session/188695daba6f4123f2015bbe49059169/element - {"using":"xpath","value":"//button[@data-kt=\"newYardSaveButton\"]"}
RESULT: {"using":"xpath","value":"//button[@data-kt=\"newYardSaveButton\"]"}
COMMAND: POST /session/188695daba6f4123f2015bbe49059169/element/f.DEFD86E6D49D71B1F09B82144A2C9827.d.A38F6B0925DBFD724404DF8DBF4B1B89.e.11018/click - {}
RESULT: {}
COMMAND: GET /session/188695daba6f4123f2015bbe49059169/screenshot - {}
RESULT: {}
COMMAND: POST /session/188695daba6f4123f2015bbe49059169/element - {"using":"xpath","value":"//header[contains(@id, 'ObjectPageLayout-headerTitle')]/div[1]/div[2]/div[1]/span[1]"}
RESULT: {"using":"xpath","value":"//header[contains(@id, 'ObjectPageLayout-headerTitle')]/div[1]/div[2]/div[1]/span[1]"}
COMMAND: POST /session/188695daba6f4123f2015bbe49059169/elements - {"using":"xpath","value":"//header[contains(@id, 'ObjectPageLayout-headerTitle')]/div[1]/div[2]/div[1]/span[1]"}
RESULT: {"using":"xpath","value":"//header[contains(@id, 'ObjectPageLayout-headerTitle')]/div[1]/div[2]/div[1]/span[1]"}
COMMAND: POST /session/188695daba6f4123f2015bbe49059169/execute/sync - {"script":"<script> [56 bytes]","args":[{"element-6066-11e4-a52e-4f735466cecf":"f.DEFD86E6D49D71B1F09B82144A2C9827.d.A38F6B0925DBFD724404DF8DBF4B1B89.e.11324","ELEMENT":"f.DEFD86E6D49D71B1F09B82144A2C9827.d.A38F6B0925DBFD724404DF8DBF4B1B89.e.11324"}]}
RESULT: {"script":"<script> [56 bytes]","args":[{"element-6066-11e4-a52e-4f735466cecf":"f.DEFD86E6D49D71B1F09B82144A2C9827.d.A38F6B0925DBFD724404DF8DBF4B1B89.e.11324","ELEMENT":"f.DEFD86E6D49D71B1F09B82144A2C9827.d.A38F6B0925DBFD724404DF8DBF4B1B89.e.11324"}]}
COMMAND: GET /session/188695daba6f4123f2015bbe49059169/screenshot - {}
RESULT: {}
COMMAND: POST /session/188695daba6f4123f2015bbe49059169/element - {"using":"css selector","value":"#shell-header-logo"}
RESULT: {"using":"css selector","value":"#shell-header-logo"}
COMMAND: POST /session/188695daba6f4123f2015bbe49059169/element/f.DEFD86E6D49D71B1F09B82144A2C9827.d.A38F6B0925DBFD724404DF8DBF4B1B89.e.10580/click - {}
RESULT: {}
COMMAND: GET /session/188695daba6f4123f2015bbe49059169/screenshot - {}
RESULT: {}
COMMAND: POST /session/188695daba6f4123f2015bbe49059169/execute/sync - {"script":"<script> [299 bytes]","args":[["getModel","getResource"]]}
RESULT: {"script":"<script> [299 bytes]","args":[["getModel","getResource"]]}
]]></system-out>
    </testcase>
    <testcase classname="chrome.136_0_7103_93.windows.Create_partner_US118246" name="Should create new external WHM partner" time="99.665">
      <system-out><![CDATA[
COMMAND: POST /session/188695daba6f4123f2015bbe49059169/window/fullscreen - {}
COMMAND: GET /session/188695daba6f4123f2015bbe49059169/screenshot - {}
RESULT: {}
RESULT: undefined
COMMAND: POST /session/188695daba6f4123f2015bbe49059169/element - {"using":"xpath","value":"//*[@id=\"__tile38\"]"}
RESULT: {}
RESULT: {"using":"xpath","value":"//*[@id=\"__tile38\"]"}
COMMAND: POST /session/188695daba6f4123f2015bbe49059169/element/f.DEFD86E6D49D71B1F09B82144A2C9827.d.A38F6B0925DBFD724404DF8DBF4B1B89.e.9023/click - {}
RESULT: {}
COMMAND: GET /session/188695daba6f4123f2015bbe49059169/screenshot - {}
RESULT: {}
COMMAND: POST /session/188695daba6f4123f2015bbe49059169/elements - {"using":"xpath","value":"//span[text()='Error']"}
RESULT: {"using":"xpath","value":"//span[text()='Error']"}
COMMAND: POST /session/188695daba6f4123f2015bbe49059169/element - {"using":"xpath","value":"//button[@data-kt=\"addButton\"]"}
RESULT: {"using":"xpath","value":"//button[@data-kt=\"addButton\"]"}
COMMAND: POST /session/188695daba6f4123f2015bbe49059169/elements - {"using":"xpath","value":"//button[@data-kt=\"addButton\"]"}
RESULT: {"using":"xpath","value":"//button[@data-kt=\"addButton\"]"}
COMMAND: POST /session/188695daba6f4123f2015bbe49059169/execute/sync - {"script":"<script> [8489 bytes]","args":[{"element-6066-11e4-a52e-4f735466cecf":"f.DEFD86E6D49D71B1F09B82144A2C9827.d.A38F6B0925DBFD724404DF8DBF4B1B89.e.11372","ELEMENT":"f.DEFD86E6D49D71B1F09B82144A2C9827.d.A38F6B0925DBFD724404DF8DBF4B1B89.e.11372"}]}
RESULT: {"script":"<script> [8489 bytes]","args":[{"element-6066-11e4-a52e-4f735466cecf":"f.DEFD86E6D49D71B1F09B82144A2C9827.d.A38F6B0925DBFD724404DF8DBF4B1B89.e.11372","ELEMENT":"f.DEFD86E6D49D71B1F09B82144A2C9827.d.A38F6B0925DBFD724404DF8DBF4B1B89.e.11372"}]}
COMMAND: GET /session/188695daba6f4123f2015bbe49059169/element/f.DEFD86E6D49D71B1F09B82144A2C9827.d.A38F6B0925DBFD724404DF8DBF4B1B89.e.11372/enabled - {}
COMMAND: GET /session/188695daba6f4123f2015bbe49059169/screenshot - {}
RESULT: {}
COMMAND: POST /session/188695daba6f4123f2015bbe49059169/execute/sync - {"script":"<script> [8489 bytes]","args":[{"element-6066-11e4-a52e-4f735466cecf":"f.DEFD86E6D49D71B1F09B82144A2C9827.d.A38F6B0925DBFD724404DF8DBF4B1B89.e.11372","ELEMENT":"f.DEFD86E6D49D71B1F09B82144A2C9827.d.A38F6B0925DBFD724404DF8DBF4B1B89.e.11372"}]}
COMMAND: GET /session/188695daba6f4123f2015bbe49059169/screenshot - {}
RESULT: {}
RESULT: {"script":"<script> [8489 bytes]","args":[{"element-6066-11e4-a52e-4f735466cecf":"f.DEFD86E6D49D71B1F09B82144A2C9827.d.A38F6B0925DBFD724404DF8DBF4B1B89.e.11372","ELEMENT":"f.DEFD86E6D49D71B1F09B82144A2C9827.d.A38F6B0925DBFD724404DF8DBF4B1B89.e.11372"}]}
COMMAND: POST /session/188695daba6f4123f2015bbe49059169/execute/sync - {"script":"<script> [5351 bytes]","args":[{"element-6066-11e4-a52e-4f735466cecf":"f.DEFD86E6D49D71B1F09B82144A2C9827.d.A38F6B0925DBFD724404DF8DBF4B1B89.e.11372","ELEMENT":"f.DEFD86E6D49D71B1F09B82144A2C9827.d.A38F6B0925DBFD724404DF8DBF4B1B89.e.11372"}]}
COMMAND: GET /session/188695daba6f4123f2015bbe49059169/screenshot - {}
RESULT: {}
RESULT: {"script":"<script> [5351 bytes]","args":[{"element-6066-11e4-a52e-4f735466cecf":"f.DEFD86E6D49D71B1F09B82144A2C9827.d.A38F6B0925DBFD724404DF8DBF4B1B89.e.11372","ELEMENT":"f.DEFD86E6D49D71B1F09B82144A2C9827.d.A38F6B0925DBFD724404DF8DBF4B1B89.e.11372"}]}
COMMAND: POST /session/188695daba6f4123f2015bbe49059169/element/f.DEFD86E6D49D71B1F09B82144A2C9827.d.A38F6B0925DBFD724404DF8DBF4B1B89.e.11372/click - {}
COMMAND: GET /session/188695daba6f4123f2015bbe49059169/screenshot - {}
RESULT: {}
RESULT: {}
COMMAND: GET /session/188695daba6f4123f2015bbe49059169/screenshot - {}
RESULT: undefined
COMMAND: POST /session/188695daba6f4123f2015bbe49059169/execute/async - {"script":"<script> [776 bytes]","args":[{"enterText":"External Partner WDIO","selector":{"id":"application-managepartners-display-component---NewPartner--addressDetailDetailsName1","interaction":{"idSuffix":"inner"}},"clearTextFirst":true,"interactionType":"ENTER_TEXT"}]}
RESULT: {}
RESULT: {}
RESULT: {"script":"<script> [776 bytes]","args":[{"enterText":"External Partner WDIO","selector":{"id":"application-managepartners-display-component---NewPartner--addressDetailDetailsName1","interaction":{"idSuffix":"inner"}},"clearTextFirst":true,"interactionType":"ENTER_TEXT"}]}
RESULT: undefined
COMMAND: POST /session/188695daba6f4123f2015bbe49059169/element - {"using":"xpath","value":"//*[@id=\"application-managepartners-display-component---NewPartner--addressDetailDetailsLanguage-arrow\"]"}
RESULT: {"using":"xpath","value":"//*[@id=\"application-managepartners-display-component---NewPartner--addressDetailDetailsLanguage-arrow\"]"}
COMMAND: POST /session/188695daba6f4123f2015bbe49059169/element/f.DEFD86E6D49D71B1F09B82144A2C9827.d.A38F6B0925DBFD724404DF8DBF4B1B89.e.11799/click - {}
RESULT: {}
COMMAND: POST /session/188695daba6f4123f2015bbe49059169/element - {"using":"xpath","value":"//span[contains(text(), \"English\")]"}
COMMAND: GET /session/188695daba6f4123f2015bbe49059169/screenshot - {}
RESULT: {"using":"xpath","value":"//span[contains(text(), \"English\")]"}
COMMAND: POST /session/188695daba6f4123f2015bbe49059169/element/f.DEFD86E6D49D71B1F09B82144A2C9827.d.A38F6B0925DBFD724404DF8DBF4B1B89.e.11800/click - {}
RESULT: {}
RESULT: {}
COMMAND: GET /session/188695daba6f4123f2015bbe49059169/screenshot - {}
RESULT: {}
RESULT: undefined
COMMAND: POST /session/188695daba6f4123f2015bbe49059169/execute/async - {"script":"<script> [776 bytes]","args":[{"enterText":"Rosario","selector":{"id":"application-managepartners-display-component---NewPartner--addressDetailDetailsCity1","interaction":{"idSuffix":"inner"}},"clearTextFirst":true,"interactionType":"ENTER_TEXT"}]}
RESULT: {"script":"<script> [776 bytes]","args":[{"enterText":"Rosario","selector":{"id":"application-managepartners-display-component---NewPartner--addressDetailDetailsCity1","interaction":{"idSuffix":"inner"}},"clearTextFirst":true,"interactionType":"ENTER_TEXT"}]}
RESULT: undefined
COMMAND: POST /session/188695daba6f4123f2015bbe49059169/element - {"using":"xpath","value":"//*[@id=\"application-managepartners-display-component---NewPartner--addressDetailDetailsCountry-arrow\"]"}
RESULT: {"using":"xpath","value":"//*[@id=\"application-managepartners-display-component---NewPartner--addressDetailDetailsCountry-arrow\"]"}
COMMAND: POST /session/188695daba6f4123f2015bbe49059169/element/f.DEFD86E6D49D71B1F09B82144A2C9827.d.A38F6B0925DBFD724404DF8DBF4B1B89.e.11756/click - {}
RESULT: {}
COMMAND: POST /session/188695daba6f4123f2015bbe49059169/element - {"using":"xpath","value":"//span[contains(text(), \"Argentina\")]"}
COMMAND: GET /session/188695daba6f4123f2015bbe49059169/screenshot - {}
RESULT: {"using":"xpath","value":"//span[contains(text(), \"Argentina\")]"}
COMMAND: POST /session/188695daba6f4123f2015bbe49059169/element/f.DEFD86E6D49D71B1F09B82144A2C9827.d.A38F6B0925DBFD724404DF8DBF4B1B89.e.11801/click - {}
RESULT: {}
RESULT: {}
COMMAND: GET /session/188695daba6f4123f2015bbe49059169/screenshot - {}
RESULT: {}
COMMAND: POST /session/188695daba6f4123f2015bbe49059169/element - {"using":"xpath","value":"//bdi[contains(text(), \"Commercial\")]"}
RESULT: {"using":"xpath","value":"//bdi[contains(text(), \"Commercial\")]"}
COMMAND: POST /session/188695daba6f4123f2015bbe49059169/element/f.DEFD86E6D49D71B1F09B82144A2C9827.d.A38F6B0925DBFD724404DF8DBF4B1B89.e.11802/click - {}
RESULT: {}
COMMAND: GET /session/188695daba6f4123f2015bbe49059169/screenshot - {}
RESULT: {}
RESULT: undefined
COMMAND: POST /session/188695daba6f4123f2015bbe49059169/element - {"using":"xpath","value":"//*[@id=\"application-managepartners-display-component---NewPartner--partnerDetailInternal-arrow\"]"}
RESULT: {"using":"xpath","value":"//*[@id=\"application-managepartners-display-component---NewPartner--partnerDetailInternal-arrow\"]"}
COMMAND: POST /session/188695daba6f4123f2015bbe49059169/element/f.DEFD86E6D49D71B1F09B82144A2C9827.d.A38F6B0925DBFD724404DF8DBF4B1B89.e.11808/click - {}
RESULT: {}
COMMAND: POST /session/188695daba6f4123f2015bbe49059169/element - {"using":"xpath","value":"//span[contains(text(), \"External partner\")]"}
COMMAND: GET /session/188695daba6f4123f2015bbe49059169/screenshot - {}
RESULT: {"using":"xpath","value":"//span[contains(text(), \"External partner\")]"}
COMMAND: POST /session/188695daba6f4123f2015bbe49059169/element/f.DEFD86E6D49D71B1F09B82144A2C9827.d.A38F6B0925DBFD724404DF8DBF4B1B89.e.11811/click - {}
RESULT: {}
RESULT: {}
RESULT: undefined
COMMAND: POST /session/188695daba6f4123f2015bbe49059169/element - {"using":"xpath","value":"//*[@id=\"application-managepartners-display-component---NewPartner--partnerDetailsCurrency-arrow\"]"}
COMMAND: GET /session/188695daba6f4123f2015bbe49059169/screenshot - {}
RESULT: {"using":"xpath","value":"//*[@id=\"application-managepartners-display-component---NewPartner--partnerDetailsCurrency-arrow\"]"}
COMMAND: POST /session/188695daba6f4123f2015bbe49059169/element/f.DEFD86E6D49D71B1F09B82144A2C9827.d.A38F6B0925DBFD724404DF8DBF4B1B89.e.11816/click - {}
RESULT: {}
RESULT: {}
COMMAND: POST /session/188695daba6f4123f2015bbe49059169/element - {"using":"xpath","value":"//span[contains(text(), \"US Dollar\")]"}
COMMAND: GET /session/188695daba6f4123f2015bbe49059169/screenshot - {}
RESULT: {"using":"xpath","value":"//span[contains(text(), \"US Dollar\")]"}
COMMAND: POST /session/188695daba6f4123f2015bbe49059169/element/f.DEFD86E6D49D71B1F09B82144A2C9827.d.A38F6B0925DBFD724404DF8DBF4B1B89.e.11817/click - {}
RESULT: {}
RESULT: {}
COMMAND: GET /session/188695daba6f4123f2015bbe49059169/screenshot - {}
RESULT: {}
COMMAND: POST /session/188695daba6f4123f2015bbe49059169/element - {"using":"xpath","value":"//input[@id=\"application-managepartners-display-component---NewPartner--companyCodeComboBox-inner\"]"}
RESULT: {"using":"xpath","value":"//input[@id=\"application-managepartners-display-component---NewPartner--companyCodeComboBox-inner\"]"}
COMMAND: POST /session/188695daba6f4123f2015bbe49059169/element/f.DEFD86E6D49D71B1F09B82144A2C9827.d.A38F6B0925DBFD724404DF8DBF4B1B89.e.11636/clear - {}
RESULT: {}
COMMAND: POST /session/188695daba6f4123f2015bbe49059169/element/f.DEFD86E6D49D71B1F09B82144A2C9827.d.A38F6B0925DBFD724404DF8DBF4B1B89.e.11636/value - {"text":"C002"}
COMMAND: GET /session/188695daba6f4123f2015bbe49059169/screenshot - {}
RESULT: {"text":"C002"}
COMMAND: GET /session/188695daba6f4123f2015bbe49059169/screenshot - {}
RESULT: {}
RESULT: {}
COMMAND: POST /session/188695daba6f4123f2015bbe49059169/element - {"using":"xpath","value":"//li[.//span[text()= \"C002\"]]"}
RESULT: {"using":"xpath","value":"//li[.//span[text()= \"C002\"]]"}
COMMAND: POST /session/188695daba6f4123f2015bbe49059169/element/f.DEFD86E6D49D71B1F09B82144A2C9827.d.A38F6B0925DBFD724404DF8DBF4B1B89.e.11821/click - {}
RESULT: {}
COMMAND: GET /session/188695daba6f4123f2015bbe49059169/screenshot - {}
RESULT: {}
RESULT: undefined
COMMAND: POST /session/188695daba6f4123f2015bbe49059169/element - {"using":"xpath","value":"//*[@id=\"application-managepartners-display-component---NewPartner--btnAddTableRow-img\"]"}
RESULT: {"using":"xpath","value":"//*[@id=\"application-managepartners-display-component---NewPartner--btnAddTableRow-img\"]"}
COMMAND: POST /session/188695daba6f4123f2015bbe49059169/element/f.DEFD86E6D49D71B1F09B82144A2C9827.d.A38F6B0925DBFD724404DF8DBF4B1B89.e.11822/click - {}
RESULT: {}
COMMAND: GET /session/188695daba6f4123f2015bbe49059169/screenshot - {}
RESULT: {}
COMMAND: POST /session/188695daba6f4123f2015bbe49059169/element - {"using":"xpath","value":"//input[@id=\"application-managepartners-display-component---NewPartner--assignmentYard-application-managepartners-display-component---NewPartner--assignmentsTable-0-inner\"]"}
RESULT: {"using":"xpath","value":"//input[@id=\"application-managepartners-display-component---NewPartner--assignmentYard-application-managepartners-display-component---NewPartner--assignmentsTable-0-inner\"]"}
COMMAND: POST /session/188695daba6f4123f2015bbe49059169/element/f.DEFD86E6D49D71B1F09B82144A2C9827.d.A38F6B0925DBFD724404DF8DBF4B1B89.e.11825/clear - {}
RESULT: {}
COMMAND: POST /session/188695daba6f4123f2015bbe49059169/element/f.DEFD86E6D49D71B1F09B82144A2C9827.d.A38F6B0925DBFD724404DF8DBF4B1B89.e.11825/value - {"text":"536"}
COMMAND: GET /session/188695daba6f4123f2015bbe49059169/screenshot - {}
RESULT: {"text":"536"}
COMMAND: GET /session/188695daba6f4123f2015bbe49059169/screenshot - {}
RESULT: {}
RESULT: {}
COMMAND: POST /session/188695daba6f4123f2015bbe49059169/element - {"using":"xpath","value":"//li[.//span[text()='536']]"}
RESULT: {"using":"xpath","value":"//li[.//span[text()='536']]"}
COMMAND: POST /session/188695daba6f4123f2015bbe49059169/element/f.DEFD86E6D49D71B1F09B82144A2C9827.d.A38F6B0925DBFD724404DF8DBF4B1B89.e.11833/click - {}
RESULT: {}
COMMAND: GET /session/188695daba6f4123f2015bbe49059169/screenshot - {}
RESULT: {}
COMMAND: POST /session/188695daba6f4123f2015bbe49059169/actions - {"actions":[{"id":"action28","type":"key","parameters":{},"actions":[{"type":"keyDown","value":"î€‡"},{"type":"pause","duration":10},{"type":"keyUp","value":"î€‡"}]}]}
RESULT: {"actions":[{"id":"action28","type":"key","parameters":{},"actions":[{"type":"keyDown","value":"î€‡"},{"type":"pause","duration":10},{"type":"keyUp","value":"î€‡"}]}]}
COMMAND: POST /session/188695daba6f4123f2015bbe49059169/element - {"using":"xpath","value":"//td[contains(@id, \"assignmentsTable-0-cell2\")]/div/div"}
COMMAND: GET /session/188695daba6f4123f2015bbe49059169/screenshot - {}
RESULT: {"using":"xpath","value":"//td[contains(@id, \"assignmentsTable-0-cell2\")]/div/div"}
COMMAND: POST /session/188695daba6f4123f2015bbe49059169/element/f.DEFD86E6D49D71B1F09B82144A2C9827.d.A38F6B0925DBFD724404DF8DBF4B1B89.e.11836/click - {}
RESULT: {}
RESULT: {}
COMMAND: GET /session/188695daba6f4123f2015bbe49059169/screenshot - {}
RESULT: {}
COMMAND: POST /session/188695daba6f4123f2015bbe49059169/element - {"using":"xpath","value":"//button[@data-kt=\"saveButton\"]"}
RESULT: {"using":"xpath","value":"//button[@data-kt=\"saveButton\"]"}
COMMAND: POST /session/188695daba6f4123f2015bbe49059169/element/f.DEFD86E6D49D71B1F09B82144A2C9827.d.A38F6B0925DBFD724404DF8DBF4B1B89.e.11681/click - {}
RESULT: {}
COMMAND: GET /session/188695daba6f4123f2015bbe49059169/screenshot - {}
RESULT: {}
COMMAND: POST /session/188695daba6f4123f2015bbe49059169/element - {"using":"xpath","value":"//header[contains(@id, 'ObjectPageLayout-headerTitle')]/div[1]/div[2]/div[2]/span[1]"}
RESULT: {"using":"xpath","value":"//header[contains(@id, 'ObjectPageLayout-headerTitle')]/div[1]/div[2]/div[2]/span[1]"}
COMMAND: POST /session/188695daba6f4123f2015bbe49059169/elements - {"using":"xpath","value":"//header[contains(@id, 'ObjectPageLayout-headerTitle')]/div[1]/div[2]/div[2]/span[1]"}
RESULT: {"using":"xpath","value":"//header[contains(@id, 'ObjectPageLayout-headerTitle')]/div[1]/div[2]/div[2]/span[1]"}
COMMAND: POST /session/188695daba6f4123f2015bbe49059169/execute/sync - {"script":"<script> [56 bytes]","args":[{"element-6066-11e4-a52e-4f735466cecf":"f.DEFD86E6D49D71B1F09B82144A2C9827.d.A38F6B0925DBFD724404DF8DBF4B1B89.e.12001","ELEMENT":"f.DEFD86E6D49D71B1F09B82144A2C9827.d.A38F6B0925DBFD724404DF8DBF4B1B89.e.12001"}]}
RESULT: {"script":"<script> [56 bytes]","args":[{"element-6066-11e4-a52e-4f735466cecf":"f.DEFD86E6D49D71B1F09B82144A2C9827.d.A38F6B0925DBFD724404DF8DBF4B1B89.e.12001","ELEMENT":"f.DEFD86E6D49D71B1F09B82144A2C9827.d.A38F6B0925DBFD724404DF8DBF4B1B89.e.12001"}]}
COMMAND: POST /session/188695daba6f4123f2015bbe49059169/element - {"using":"css selector","value":"#shell-header-logo"}
COMMAND: GET /session/188695daba6f4123f2015bbe49059169/screenshot - {}
RESULT: {"using":"css selector","value":"#shell-header-logo"}
COMMAND: POST /session/188695daba6f4123f2015bbe49059169/element/f.DEFD86E6D49D71B1F09B82144A2C9827.d.A38F6B0925DBFD724404DF8DBF4B1B89.e.11327/click - {}
RESULT: {}
RESULT: {}
COMMAND: GET /session/188695daba6f4123f2015bbe49059169/screenshot - {}
RESULT: {}
COMMAND: POST /session/188695daba6f4123f2015bbe49059169/execute/sync - {"script":"<script> [299 bytes]","args":[["getModel","getResource"]]}
RESULT: {"script":"<script> [299 bytes]","args":[["getModel","getResource"]]}
COMMAND: GET /session/188695daba6f4123f2015bbe49059169/screenshot - {}
RESULT: {}
COMMAND: DELETE /session/188695daba6f4123f2015bbe49059169 - {}
RESULT: {}
]]></system-out>
    </testcase>
  </testsuite>
</testsuites>