<?xml version="1.0" encoding="UTF-8"?>
<testsuites tests="9" failures="0" errors="0" skipped="0">
  <testsuite timestamp="2025-05-29T16:07:56" time="835.839" tests="4" failures="0" errors="0" skipped="0">
    <properties>
      <property name="specId" value="0"/>
      <property name="suiteName" value="Webshop - Hyperlinks visible and working properly  US139085"/>
      <property name="capabilities" value="chrome.136_0_7103_93.windows"/>
      <property name="file" value="file:///D:/a/1/s/test/specs/R2C/webshop-hyperlinks-yard-site.spec.js"/>
    </properties>
    <testcase classname="chrome.136_0_7103_93.windows.Webshop_-_Hyperlinks_visible_and_working_properly__US139085" name="Should create prerequisites for webshop suite" time="301.436">
      <system-out><![CDATA[
COMMAND: POST /session/11d9dd1dff2e8474394cea312909913e/execute/async - {"script":"<script> [1562 bytes]","args":[{"selector":{"controlType":"sap.m.GenericTile","properties":{"header":"Manage Yards"}},"wdio_ui5_key":"sapm.GenericTile{\"header\":\"Manage Yards\"}"}]}
RESULT: {"script":"<script> [1562 bytes]","args":[{"selector":{"controlType":"sap.m.GenericTile","properties":{"header":"Manage Yards"}},"wdio_ui5_key":"sapm.GenericTile{\"header\":\"Manage Yards\"}"}]}
RESULT: undefined
COMMAND: POST /session/11d9dd1dff2e8474394cea312909913e/element - {"using":"xpath","value":"//*[@id=\"__tile41\"]"}
RESULT: {"using":"xpath","value":"//*[@id=\"__tile41\"]"}
COMMAND: POST /session/11d9dd1dff2e8474394cea312909913e/element/f.09F09CB41D560B0063FAD190E33335F4.d.D03920877385622AF72F3BD3E4F6E4DC.e.114/click - {}
RESULT: {}
COMMAND: GET /session/11d9dd1dff2e8474394cea312909913e/screenshot - {}
RESULT: {}
COMMAND: POST /session/11d9dd1dff2e8474394cea312909913e/elements - {"using":"xpath","value":"//span[text()='Error']"}
RESULT: {"using":"xpath","value":"//span[text()='Error']"}
COMMAND: POST /session/11d9dd1dff2e8474394cea312909913e/execute/async - {"script":"<script> [1562 bytes]","args":[{"selector":{"controlType":"sap.ui.core.Icon","viewName":"etm.portal.ui.manageyards.view.Master","viewId":"application-manageyards-display-component---masterYard","properties":{"src":{"regex":{"source":"add"}}}},"wdio_ui5_key":"etmportal.ui.manageyards.view.Mastersap.ui.core.Icon{\"src\":{\"regex\":{\"source\":\"add\"}}}"}]}
RESULT: {"script":"<script> [1562 bytes]","args":[{"selector":{"controlType":"sap.ui.core.Icon","viewName":"etm.portal.ui.manageyards.view.Master","viewId":"application-manageyards-display-component---masterYard","properties":{"src":{"regex":{"source":"add"}}}},"wdio_ui5_key":"etmportal.ui.manageyards.view.Mastersap.ui.core.Icon{\"src\":{\"regex\":{\"source\":\"add\"}}}"}]}
RESULT: undefined
COMMAND: POST /session/11d9dd1dff2e8474394cea312909913e/element - {"using":"xpath","value":"//*[@id=\"__button4-img\"]"}
RESULT: {"using":"xpath","value":"//*[@id=\"__button4-img\"]"}
COMMAND: POST /session/11d9dd1dff2e8474394cea312909913e/element/f.09F09CB41D560B0063FAD190E33335F4.d.D03920877385622AF72F3BD3E4F6E4DC.e.164/click - {}
RESULT: {}
COMMAND: GET /session/11d9dd1dff2e8474394cea312909913e/screenshot - {}
RESULT: {}
COMMAND: POST /session/11d9dd1dff2e8474394cea312909913e/execute/async - {"script":"<script> [1562 bytes]","args":[{"selector":{"id":"application-manageyards-display-component---NewYard--yardId","interaction":{"idSuffix":"inner"}},"wdio_ui5_key":"applicationmanageyards-display-component---NewYard--yardId"}]}
RESULT: {"script":"<script> [1562 bytes]","args":[{"selector":{"id":"application-manageyards-display-component---NewYard--yardId","interaction":{"idSuffix":"inner"}},"wdio_ui5_key":"applicationmanageyards-display-component---NewYard--yardId"}]}
RESULT: undefined
COMMAND: POST /session/11d9dd1dff2e8474394cea312909913e/element - {"using":"xpath","value":"//*[@id=\"application-manageyards-display-component---NewYard--addressDetailDetailsName1-inner\"]"}
RESULT: {"using":"xpath","value":"//*[@id=\"application-manageyards-display-component---NewYard--addressDetailDetailsName1-inner\"]"}
COMMAND: POST /session/11d9dd1dff2e8474394cea312909913e/element/f.09F09CB41D560B0063FAD190E33335F4.d.D03920877385622AF72F3BD3E4F6E4DC.e.375/clear - {}
RESULT: {}
COMMAND: POST /session/11d9dd1dff2e8474394cea312909913e/element/f.09F09CB41D560B0063FAD190E33335F4.d.D03920877385622AF72F3BD3E4F6E4DC.e.375/value - {"text":"WebdriverYardfazpc"}
COMMAND: GET /session/11d9dd1dff2e8474394cea312909913e/screenshot - {}
RESULT: {"text":"WebdriverYardfazpc"}
COMMAND: POST /session/11d9dd1dff2e8474394cea312909913e/element - {"using":"xpath","value":"//*[@id=\"application-manageyards-display-component---NewYard--addressDetailDetailsLanguage-inner\"]"}
COMMAND: GET /session/11d9dd1dff2e8474394cea312909913e/screenshot - {}
RESULT: {}
RESULT: {"using":"xpath","value":"//*[@id=\"application-manageyards-display-component---NewYard--addressDetailDetailsLanguage-inner\"]"}
COMMAND: POST /session/11d9dd1dff2e8474394cea312909913e/element/f.09F09CB41D560B0063FAD190E33335F4.d.D03920877385622AF72F3BD3E4F6E4DC.e.376/clear - {}
RESULT: {}
RESULT: {}
COMMAND: POST /session/11d9dd1dff2e8474394cea312909913e/element/f.09F09CB41D560B0063FAD190E33335F4.d.D03920877385622AF72F3BD3E4F6E4DC.e.376/value - {"text":"Romanian"}
COMMAND: GET /session/11d9dd1dff2e8474394cea312909913e/screenshot - {}
RESULT: {"text":"Romanian"}
COMMAND: POST /session/11d9dd1dff2e8474394cea312909913e/element - {"using":"xpath","value":"//input[contains(@id ,\"application-manageyards-display-component---NewYard--addressDetailDetailsName1-inner\")]"}
COMMAND: GET /session/11d9dd1dff2e8474394cea312909913e/screenshot - {}
RESULT: {}
RESULT: {"using":"xpath","value":"//input[contains(@id ,\"application-manageyards-display-component---NewYard--addressDetailDetailsName1-inner\")]"}
COMMAND: GET /session/11d9dd1dff2e8474394cea312909913e/element/f.09F09CB41D560B0063FAD190E33335F4.d.D03920877385622AF72F3BD3E4F6E4DC.e.375/property/value - {}
RESULT: {}
RESULT: {}
COMMAND: GET /session/11d9dd1dff2e8474394cea312909913e/screenshot - {}
RESULT: {}
COMMAND: POST /session/11d9dd1dff2e8474394cea312909913e/element - {"using":"xpath","value":"//*[@id=\"application-manageyards-display-component---NewYard--addressDetailDetailsCity1-inner\"]"}
RESULT: {"using":"xpath","value":"//*[@id=\"application-manageyards-display-component---NewYard--addressDetailDetailsCity1-inner\"]"}
COMMAND: POST /session/11d9dd1dff2e8474394cea312909913e/element/f.09F09CB41D560B0063FAD190E33335F4.d.D03920877385622AF72F3BD3E4F6E4DC.e.378/clear - {}
RESULT: {}
COMMAND: POST /session/11d9dd1dff2e8474394cea312909913e/element/f.09F09CB41D560B0063FAD190E33335F4.d.D03920877385622AF72F3BD3E4F6E4DC.e.378/value - {"text":"Bucuresti"}
COMMAND: GET /session/11d9dd1dff2e8474394cea312909913e/screenshot - {}
RESULT: {"text":"Bucuresti"}
COMMAND: GET /session/11d9dd1dff2e8474394cea312909913e/screenshot - {}
RESULT: {}
RESULT: {}
COMMAND: POST /session/11d9dd1dff2e8474394cea312909913e/element - {"using":"xpath","value":"//*[@id=\"application-manageyards-display-component---NewYard--addressDetailDetailsCountry-inner\"]"}
RESULT: {"using":"xpath","value":"//*[@id=\"application-manageyards-display-component---NewYard--addressDetailDetailsCountry-inner\"]"}
COMMAND: POST /session/11d9dd1dff2e8474394cea312909913e/element/f.09F09CB41D560B0063FAD190E33335F4.d.D03920877385622AF72F3BD3E4F6E4DC.e.382/clear - {}
RESULT: {}
COMMAND: POST /session/11d9dd1dff2e8474394cea312909913e/element/f.09F09CB41D560B0063FAD190E33335F4.d.D03920877385622AF72F3BD3E4F6E4DC.e.382/value - {"text":"Romania"}
COMMAND: GET /session/11d9dd1dff2e8474394cea312909913e/screenshot - {}
RESULT: {"text":"Romania"}
COMMAND: GET /session/11d9dd1dff2e8474394cea312909913e/screenshot - {}
RESULT: {}
RESULT: {}
COMMAND: POST /session/11d9dd1dff2e8474394cea312909913e/element - {"using":"xpath","value":"//div[contains(text(), \"Commercial\")]"}
RESULT: {"using":"xpath","value":"//div[contains(text(), \"Commercial\")]"}
COMMAND: GET /session/11d9dd1dff2e8474394cea312909913e/element/f.09F09CB41D560B0063FAD190E33335F4.d.D03920877385622AF72F3BD3E4F6E4DC.e.572/rect - {}
RESULT: {}
COMMAND: GET /session/11d9dd1dff2e8474394cea312909913e/window/rect - {}
RESULT: {}
COMMAND: POST /session/11d9dd1dff2e8474394cea312909913e/execute/sync - {"script":"<script> [92 bytes]","args":[]}
RESULT: {"script":"<script> [92 bytes]","args":[]}
COMMAND: POST /session/11d9dd1dff2e8474394cea312909913e/actions - {"actions":[{"id":"action1","type":"wheel","parameters":{},"actions":[{"type":"scroll","x":-1841,"y":-44,"deltaX":0,"deltaY":0,"duration":0,"origin":{"element-6066-11e4-a52e-4f735466cecf":"f.09F09CB41D560B0063FAD190E33335F4.d.D03920877385622AF72F3BD3E4F6E4DC.e.572"}}]}]}
COMMAND: GET /session/11d9dd1dff2e8474394cea312909913e/screenshot - {}
RESULT: {}
COMMAND: POST /session/11d9dd1dff2e8474394cea312909913e/execute/sync - {"script":"<script> [79 bytes]","args":[{"element-6066-11e4-a52e-4f735466cecf":"f.09F09CB41D560B0063FAD190E33335F4.d.D03920877385622AF72F3BD3E4F6E4DC.e.572","ELEMENT":"f.09F09CB41D560B0063FAD190E33335F4.d.D03920877385622AF72F3BD3E4F6E4DC.e.572"},{"block":"start","inline":"nearest"}]}
RESULT: {"script":"<script> [79 bytes]","args":[{"element-6066-11e4-a52e-4f735466cecf":"f.09F09CB41D560B0063FAD190E33335F4.d.D03920877385622AF72F3BD3E4F6E4DC.e.572","ELEMENT":"f.09F09CB41D560B0063FAD190E33335F4.d.D03920877385622AF72F3BD3E4F6E4DC.e.572"},{"block":"start","inline":"nearest"}]}
COMMAND: GET /session/11d9dd1dff2e8474394cea312909913e/screenshot - {}
RESULT: {}
COMMAND: POST /session/11d9dd1dff2e8474394cea312909913e/execute/async - {"script":"<script> [1562 bytes]","args":[{"selector":{"id":"application-manageyards-display-component---NewYard--addressEditDetailsCostObjectCstType-arrow"},"wdio_ui5_key":"applicationmanageyards-display-component---NewYard--addressEditDetailsCostObjectCstType-arrow"}]}
RESULT: {"script":"<script> [1562 bytes]","args":[{"selector":{"id":"application-manageyards-display-component---NewYard--addressEditDetailsCostObjectCstType-arrow"},"wdio_ui5_key":"applicationmanageyards-display-component---NewYard--addressEditDetailsCostObjectCstType-arrow"}]}
RESULT: undefined
COMMAND: POST /session/11d9dd1dff2e8474394cea312909913e/element - {"using":"xpath","value":"//*[@id=\"application-manageyards-display-component---NewYard--addressEditDetailsCostObjectCstType-arrow\"]"}
RESULT: {"using":"xpath","value":"//*[@id=\"application-manageyards-display-component---NewYard--addressEditDetailsCostObjectCstType-arrow\"]"}
COMMAND: POST /session/11d9dd1dff2e8474394cea312909913e/element/f.09F09CB41D560B0063FAD190E33335F4.d.D03920877385622AF72F3BD3E4F6E4DC.e.580/click - {}
RESULT: {}
COMMAND: POST /session/11d9dd1dff2e8474394cea312909913e/element - {"using":"xpath","value":"//span[contains(text(), \"Cost Center\")]"}
COMMAND: GET /session/11d9dd1dff2e8474394cea312909913e/screenshot - {}
RESULT: {"using":"xpath","value":"//span[contains(text(), \"Cost Center\")]"}
COMMAND: POST /session/11d9dd1dff2e8474394cea312909913e/element/f.09F09CB41D560B0063FAD190E33335F4.d.D03920877385622AF72F3BD3E4F6E4DC.e.581/click - {}
RESULT: {}
RESULT: {}
COMMAND: GET /session/11d9dd1dff2e8474394cea312909913e/screenshot - {}
RESULT: {}
COMMAND: POST /session/11d9dd1dff2e8474394cea312909913e/execute/async - {"script":"<script> [1562 bytes]","args":[{"selector":{"id":"application-manageyards-display-component---NewYard--addressNewCostObjectCstID-vhi"},"wdio_ui5_key":"applicationmanageyards-display-component---NewYard--addressNewCostObjectCstID-vhi"}]}
RESULT: {"script":"<script> [1562 bytes]","args":[{"selector":{"id":"application-manageyards-display-component---NewYard--addressNewCostObjectCstID-vhi"},"wdio_ui5_key":"applicationmanageyards-display-component---NewYard--addressNewCostObjectCstID-vhi"}]}
RESULT: undefined
COMMAND: POST /session/11d9dd1dff2e8474394cea312909913e/element - {"using":"xpath","value":"//*[@id=\"application-manageyards-display-component---NewYard--addressNewCostObjectCstID-vhi\"]"}
RESULT: {"using":"xpath","value":"//*[@id=\"application-manageyards-display-component---NewYard--addressNewCostObjectCstID-vhi\"]"}
COMMAND: POST /session/11d9dd1dff2e8474394cea312909913e/element/f.09F09CB41D560B0063FAD190E33335F4.d.D03920877385622AF72F3BD3E4F6E4DC.e.585/click - {}
RESULT: {}
COMMAND: GET /session/11d9dd1dff2e8474394cea312909913e/screenshot - {}
RESULT: {}
COMMAND: POST /session/11d9dd1dff2e8474394cea312909913e/execute/async - {"script":"<script> [1562 bytes]","args":[{"selector":{"controlType":"sap.m.SearchField","properties":{"placeholder":"Search"},"searchOpenDialogs":true,"interaction":{"idSuffix":"I"}},"wdio_ui5_key":"sapm.SearchField{\"placeholder\":\"Search\"}"}]}
RESULT: {"script":"<script> [1562 bytes]","args":[{"selector":{"controlType":"sap.m.SearchField","properties":{"placeholder":"Search"},"searchOpenDialogs":true,"interaction":{"idSuffix":"I"}},"wdio_ui5_key":"sapm.SearchField{\"placeholder\":\"Search\"}"}]}
RESULT: undefined
COMMAND: POST /session/11d9dd1dff2e8474394cea312909913e/execute/async - {"script":"<script> [776 bytes]","args":[{"enterText":"10001013","selector":{"controlType":"sap.m.SearchField","properties":{"placeholder":"Search"},"searchOpenDialogs":true,"interaction":{"idSuffix":"I"}},"clearTextFirst":true,"interactionType":"ENTER_TEXT"}]}
RESULT: {"script":"<script> [776 bytes]","args":[{"enterText":"10001013","selector":{"controlType":"sap.m.SearchField","properties":{"placeholder":"Search"},"searchOpenDialogs":true,"interaction":{"idSuffix":"I"}},"clearTextFirst":true,"interactionType":"ENTER_TEXT"}]}
COMMAND: POST /session/11d9dd1dff2e8474394cea312909913e/actions - {"actions":[{"id":"action2","type":"key","parameters":{},"actions":[{"type":"keyDown","value":""},{"type":"pause","duration":10},{"type":"keyUp","value":""}]}]}
RESULT: {"actions":[{"id":"action2","type":"key","parameters":{},"actions":[{"type":"keyDown","value":""},{"type":"pause","duration":10},{"type":"keyUp","value":""}]}]}
COMMAND: GET /session/11d9dd1dff2e8474394cea312909913e/screenshot - {}
RESULT: {}
COMMAND: POST /session/11d9dd1dff2e8474394cea312909913e/element - {"using":"xpath","value":"//span[contains(text(), \"General Management\")]"}
RESULT: {"using":"xpath","value":"//span[contains(text(), \"General Management\")]"}
COMMAND: POST /session/11d9dd1dff2e8474394cea312909913e/element/f.09F09CB41D560B0063FAD190E33335F4.d.D03920877385622AF72F3BD3E4F6E4DC.e.627/click - {}
RESULT: {}
COMMAND: GET /session/11d9dd1dff2e8474394cea312909913e/screenshot - {}
RESULT: {}
COMMAND: POST /session/11d9dd1dff2e8474394cea312909913e/element - {"using":"xpath","value":"//bdi[contains(text(), \"OK\")]"}
RESULT: {"using":"xpath","value":"//bdi[contains(text(), \"OK\")]"}
COMMAND: POST /session/11d9dd1dff2e8474394cea312909913e/element/f.09F09CB41D560B0063FAD190E33335F4.d.D03920877385622AF72F3BD3E4F6E4DC.e.628/click - {}
RESULT: {}
COMMAND: GET /session/11d9dd1dff2e8474394cea312909913e/screenshot - {}
RESULT: {}
COMMAND: POST /session/11d9dd1dff2e8474394cea312909913e/execute/async - {"script":"<script> [1562 bytes]","args":[{"selector":{"controlType":"sap.m.Button","viewName":"etm.portal.ui.manageyards.view.New","viewId":"application-manageyards-display-component---NewYard","i18NText":{"propertyName":"text","key":"save"},"interaction":{"idSuffix":"inner"}},"wdio_ui5_key":"etmportal.ui.manageyards.view.Newsap.m.Button{\"propertyName\":\"text\",\"key\":\"save\"}"}]}
RESULT: {"script":"<script> [1562 bytes]","args":[{"selector":{"controlType":"sap.m.Button","viewName":"etm.portal.ui.manageyards.view.New","viewId":"application-manageyards-display-component---NewYard","i18NText":{"propertyName":"text","key":"save"},"interaction":{"idSuffix":"inner"}},"wdio_ui5_key":"etmportal.ui.manageyards.view.Newsap.m.Button{\"propertyName\":\"text\",\"key\":\"save\"}"}]}
RESULT: undefined
COMMAND: POST /session/11d9dd1dff2e8474394cea312909913e/element - {"using":"xpath","value":"//*[@id=\"__button18\"]"}
RESULT: {"using":"xpath","value":"//*[@id=\"__button18\"]"}
COMMAND: POST /session/11d9dd1dff2e8474394cea312909913e/element/f.09F09CB41D560B0063FAD190E33335F4.d.D03920877385622AF72F3BD3E4F6E4DC.e.536/click - {}
RESULT: {}
COMMAND: GET /session/11d9dd1dff2e8474394cea312909913e/screenshot - {}
RESULT: {}
COMMAND: POST /session/11d9dd1dff2e8474394cea312909913e/element - {"using":"xpath","value":"//header/div/div[2]/div[2]/span"}
RESULT: {"using":"xpath","value":"//header/div/div[2]/div[2]/span"}
COMMAND: GET /session/11d9dd1dff2e8474394cea312909913e/element/f.09F09CB41D560B0063FAD190E33335F4.d.D03920877385622AF72F3BD3E4F6E4DC.e.822/text - {}
RESULT: {}
COMMAND: POST /session/11d9dd1dff2e8474394cea312909913e/execute/async - {"script":"<script> [1562 bytes]","args":[{"selector":{"controlType":"sap.m.OverflowToolbarButton","viewName":"etm.portal.ui.manageyards.view.Detail","viewId":"application-manageyards-display-component---detailYard","i18NText":{"propertyName":"tooltip","key":"closeColumn"},"interaction":{"idSuffix":"inner"}},"wdio_ui5_key":"etmportal.ui.manageyards.view.Detailsap.m.OverflowToolbarButton{\"propertyName\":\"tooltip\",\"key\":\"closeColumn\"}"}]}
RESULT: {"script":"<script> [1562 bytes]","args":[{"selector":{"controlType":"sap.m.OverflowToolbarButton","viewName":"etm.portal.ui.manageyards.view.Detail","viewId":"application-manageyards-display-component---detailYard","i18NText":{"propertyName":"tooltip","key":"closeColumn"},"interaction":{"idSuffix":"inner"}},"wdio_ui5_key":"etmportal.ui.manageyards.view.Detailsap.m.OverflowToolbarButton{\"propertyName\":\"tooltip\",\"key\":\"closeColumn\"}"}]}
RESULT: undefined
COMMAND: POST /session/11d9dd1dff2e8474394cea312909913e/element - {"using":"xpath","value":"//*[@id=\"__button42\"]"}
RESULT: {"using":"xpath","value":"//*[@id=\"__button42\"]"}
COMMAND: POST /session/11d9dd1dff2e8474394cea312909913e/element/f.09F09CB41D560B0063FAD190E33335F4.d.D03920877385622AF72F3BD3E4F6E4DC.e.824/click - {}
RESULT: {}
COMMAND: GET /session/11d9dd1dff2e8474394cea312909913e/screenshot - {}
RESULT: {}
COMMAND: POST /session/11d9dd1dff2e8474394cea312909913e/element - {"using":"css selector","value":"#shell-header-logo"}
RESULT: {"using":"css selector","value":"#shell-header-logo"}
COMMAND: POST /session/11d9dd1dff2e8474394cea312909913e/element/f.09F09CB41D560B0063FAD190E33335F4.d.D03920877385622AF72F3BD3E4F6E4DC.e.117/click - {}
RESULT: {}
COMMAND: GET /session/11d9dd1dff2e8474394cea312909913e/screenshot - {}
RESULT: {}
COMMAND: POST /session/11d9dd1dff2e8474394cea312909913e/refresh - {}
RESULT: {}
COMMAND: GET /session/11d9dd1dff2e8474394cea312909913e/screenshot - {}
RESULT: {}
COMMAND: POST /session/11d9dd1dff2e8474394cea312909913e/execute/async - {"script":"<script> [189 bytes]","args":[]}
RESULT: {"script":"<script> [189 bytes]","args":[]}
COMMAND: POST /session/11d9dd1dff2e8474394cea312909913e/execute/async - {"script":"<script> [123 bytes]","args":[]}
RESULT: {"script":"<script> [123 bytes]","args":[]}
COMMAND: POST /session/11d9dd1dff2e8474394cea312909913e/timeouts - {"script":"<number>"}
RESULT: {"script":"<number>"}
COMMAND: GET /session/11d9dd1dff2e8474394cea312909913e/timeouts - {}
RESULT: {}
RESULT: undefined
COMMAND: POST /session/11d9dd1dff2e8474394cea312909913e/execute/async - {"script":"<script> [2676 bytes]","args":[]}
RESULT: {"script":"<script> [2676 bytes]","args":[]}
COMMAND: POST /session/11d9dd1dff2e8474394cea312909913e/execute/async - {"script":"<script> [2342 bytes]","args":[{"protocol":"http","hostname":"0.0.0.0","path":"/","capabilities":{"browserName":"chrome","goog:chromeOptions":{"binary":"C:\\Program Files\\Google\\Chrome\\Application\\chrome.exe","args":["--start-maximized"]}},"logLevel":"warn","connectionRetryTimeout":120000,"connectionRetryCount":3,"logLevels":{},"enableDirectConnect":true,"strictSSL":true,"_":"65 more keys: [\"cacheDir\",\"port\",\"requestedCapabilities\",\"automationProtocol\",\"baseUrl\",\"waitforInterval\",\"waitforTimeout\",\"onReload\",\"beforeCommand\",\"afterCommand\",\"rootDir\",\"specs\",\"suites\",\"exclude\",\"groupLogsByTestSpec\",\"excludeDriverLogs\",\"bail\",\"framework\",\"reporters\",\"services\",\"maxInstances\",\"maxInstancesPerCapability\",\"injectGlobals\",\"filesToWatch\",\"execArgv\",\"runnerEnv\",\"runner\",\"shard\",\"specFileRetries\",\"specFileRetriesDelay\",\"specFileRetriesDeferred\",\"reporterSyncInterval\",\"reporterSyncTimeout\",\"cucumberFeaturesWithLineNumbers\",\"autoCompileOpts\",\"mochaOpts\",\"jasmineOpts\",\"cucumberOpts\",\"onPrepare\",\"onWorkerStart\",\"onWorkerEnd\",\"before\",\"beforeSession\",\"beforeSuite\",\"beforeHook\",\"beforeTest\",\"afterTest\",\"afterHook\",\"afterSuite\",\"afterSession\",\"after\",\"onComplete\",\"beforeAssertion\",\"afterAssertion\",\"beforeFeature\",\"beforeScenario\",\"beforeStep\",\"afterStep\",\"afterScenario\",\"afterFeature\",\"_\",\"suite\",\"$0\",\"ignoredWorkerServices\",\"wdi5\"]"}]}
RESULT: {"script":"<script> [2342 bytes]","args":[{"protocol":"http","hostname":"0.0.0.0","path":"/","capabilities":{"browserName":"chrome","goog:chromeOptions":{"binary":"C:\\Program Files\\Google\\Chrome\\Application\\chrome.exe","args":["--start-maximized"]}},"logLevel":"warn","connectionRetryTimeout":120000,"connectionRetryCount":3,"logLevels":{},"enableDirectConnect":true,"strictSSL":true,"_":"65 more keys: [\"cacheDir\",\"port\",\"requestedCapabilities\",\"automationProtocol\",\"baseUrl\",\"waitforInterval\",\"waitforTimeout\",\"onReload\",\"beforeCommand\",\"afterCommand\",\"rootDir\",\"specs\",\"suites\",\"exclude\",\"groupLogsByTestSpec\",\"excludeDriverLogs\",\"bail\",\"framework\",\"reporters\",\"services\",\"maxInstances\",\"maxInstancesPerCapability\",\"injectGlobals\",\"filesToWatch\",\"execArgv\",\"runnerEnv\",\"runner\",\"shard\",\"specFileRetries\",\"specFileRetriesDelay\",\"specFileRetriesDeferred\",\"reporterSyncInterval\",\"reporterSyncTimeout\",\"cucumberFeaturesWithLineNumbers\",\"autoCompileOpts\",\"mochaOpts\",\"jasmineOpts\",\"cucumberOpts\",\"onPrepare\",\"onWorkerStart\",\"onWorkerEnd\",\"before\",\"beforeSession\",\"beforeSuite\",\"beforeHook\",\"beforeTest\",\"afterTest\",\"afterHook\",\"afterSuite\",\"afterSession\",\"after\",\"onComplete\",\"beforeAssertion\",\"afterAssertion\",\"beforeFeature\",\"beforeScenario\",\"beforeStep\",\"afterStep\",\"afterScenario\",\"afterFeature\",\"_\",\"suite\",\"$0\",\"ignoredWorkerServices\",\"wdi5\"]"}]}
COMMAND: POST /session/11d9dd1dff2e8474394cea312909913e/execute/async - {"script":"<script> [21126 bytes]","args":[35000]}
RESULT: {"script":"<script> [21126 bytes]","args":[35000]}
COMMAND: POST /session/11d9dd1dff2e8474394cea312909913e/execute/async - {"script":"<script> [1562 bytes]","args":[{"selector":{"controlType":"sap.m.GenericTile","properties":{"header":"Manage Sites"}},"wdio_ui5_key":"sapm.GenericTile{\"header\":\"Manage Sites\"}"}]}
RESULT: {"script":"<script> [1562 bytes]","args":[{"selector":{"controlType":"sap.m.GenericTile","properties":{"header":"Manage Sites"}},"wdio_ui5_key":"sapm.GenericTile{\"header\":\"Manage Sites\"}"}]}
RESULT: undefined
COMMAND: POST /session/11d9dd1dff2e8474394cea312909913e/element - {"using":"xpath","value":"//*[@id=\"__tile40\"]"}
RESULT: {"using":"xpath","value":"//*[@id=\"__tile40\"]"}
COMMAND: POST /session/11d9dd1dff2e8474394cea312909913e/element/f.09F09CB41D560B0063FAD190E33335F4.d.FED99F759C7DBC2EB85439C87F26BAA5.e.1179/click - {}
RESULT: {}
COMMAND: GET /session/11d9dd1dff2e8474394cea312909913e/screenshot - {}
RESULT: {}
COMMAND: POST /session/11d9dd1dff2e8474394cea312909913e/elements - {"using":"xpath","value":"//span[text()='Error']"}
RESULT: {"using":"xpath","value":"//span[text()='Error']"}
COMMAND: POST /session/11d9dd1dff2e8474394cea312909913e/execute/async - {"script":"<script> [1562 bytes]","args":[{"selector":{"controlType":"sap.ui.core.Icon","viewName":"etm.portal.ui.managesites.view.Master","viewId":"application-managesites-display-component---masterSite","properties":{"src":{"regex":{"source":"add"}}}},"wdio_ui5_key":"etmportal.ui.managesites.view.Mastersap.ui.core.Icon{\"src\":{\"regex\":{\"source\":\"add\"}}}"}]}
RESULT: {"script":"<script> [1562 bytes]","args":[{"selector":{"controlType":"sap.ui.core.Icon","viewName":"etm.portal.ui.managesites.view.Master","viewId":"application-managesites-display-component---masterSite","properties":{"src":{"regex":{"source":"add"}}}},"wdio_ui5_key":"etmportal.ui.managesites.view.Mastersap.ui.core.Icon{\"src\":{\"regex\":{\"source\":\"add\"}}}"}]}
RESULT: undefined
COMMAND: POST /session/11d9dd1dff2e8474394cea312909913e/element - {"using":"xpath","value":"//*[@id=\"__button4-img\"]"}
RESULT: {"using":"xpath","value":"//*[@id=\"__button4-img\"]"}
COMMAND: POST /session/11d9dd1dff2e8474394cea312909913e/element/f.09F09CB41D560B0063FAD190E33335F4.d.FED99F759C7DBC2EB85439C87F26BAA5.e.1228/click - {}
RESULT: {}
COMMAND: POST /session/11d9dd1dff2e8474394cea312909913e/execute/async - {"script":"<script> [1562 bytes]","args":[{"selector":{"id":"application-managesites-display-component---NewSite--siteId","interaction":{"idSuffix":"inner"}},"wdio_ui5_key":"applicationmanagesites-display-component---NewSite--siteId"}]}
COMMAND: GET /session/11d9dd1dff2e8474394cea312909913e/screenshot - {}
RESULT: {"script":"<script> [1562 bytes]","args":[{"selector":{"id":"application-managesites-display-component---NewSite--siteId","interaction":{"idSuffix":"inner"}},"wdio_ui5_key":"applicationmanagesites-display-component---NewSite--siteId"}]}
RESULT: undefined
COMMAND: POST /session/11d9dd1dff2e8474394cea312909913e/execute/async - {"script":"<script> [1562 bytes]","args":[{"selector":{"id":"application-managesites-display-component---NewSite--addressDetailDetailsName1","interaction":{"idSuffix":"inner"}},"wdio_ui5_key":"applicationmanagesites-display-component---NewSite--addressDetailDetailsName1"}]}
RESULT: {}
RESULT: {"script":"<script> [1562 bytes]","args":[{"selector":{"id":"application-managesites-display-component---NewSite--addressDetailDetailsName1","interaction":{"idSuffix":"inner"}},"wdio_ui5_key":"applicationmanagesites-display-component---NewSite--addressDetailDetailsName1"}]}
RESULT: undefined
COMMAND: POST /session/11d9dd1dff2e8474394cea312909913e/execute/async - {"script":"<script> [776 bytes]","args":[{"enterText":"WebdriverSitey6lt","selector":{"id":"application-managesites-display-component---NewSite--addressDetailDetailsName1","interaction":{"idSuffix":"inner"}},"clearTextFirst":true,"interactionType":"ENTER_TEXT"}]}
RESULT: {"script":"<script> [776 bytes]","args":[{"enterText":"WebdriverSitey6lt","selector":{"id":"application-managesites-display-component---NewSite--addressDetailDetailsName1","interaction":{"idSuffix":"inner"}},"clearTextFirst":true,"interactionType":"ENTER_TEXT"}]}
COMMAND: POST /session/11d9dd1dff2e8474394cea312909913e/execute/async - {"script":"<script> [1562 bytes]","args":[{"selector":{"id":"application-managesites-display-component---NewSite--addressDetailDetailsLanguage","interaction":{"idSuffix":"inner"}},"wdio_ui5_key":"applicationmanagesites-display-component---NewSite--addressDetailDetailsLanguage"}]}
RESULT: {"script":"<script> [1562 bytes]","args":[{"selector":{"id":"application-managesites-display-component---NewSite--addressDetailDetailsLanguage","interaction":{"idSuffix":"inner"}},"wdio_ui5_key":"applicationmanagesites-display-component---NewSite--addressDetailDetailsLanguage"}]}
RESULT: undefined
COMMAND: POST /session/11d9dd1dff2e8474394cea312909913e/execute/async - {"script":"<script> [776 bytes]","args":[{"enterText":"Romanian","selector":{"id":"application-managesites-display-component---NewSite--addressDetailDetailsLanguage","interaction":{"idSuffix":"inner"}},"clearTextFirst":true,"interactionType":"ENTER_TEXT"}]}
RESULT: {"script":"<script> [776 bytes]","args":[{"enterText":"Romanian","selector":{"id":"application-managesites-display-component---NewSite--addressDetailDetailsLanguage","interaction":{"idSuffix":"inner"}},"clearTextFirst":true,"interactionType":"ENTER_TEXT"}]}
COMMAND: POST /session/11d9dd1dff2e8474394cea312909913e/execute/async - {"script":"<script> [1562 bytes]","args":[{"selector":{"id":"application-managesites-display-component---NewSite--addressDetailDetailsCity1","interaction":{"idSuffix":"inner"}},"wdio_ui5_key":"applicationmanagesites-display-component---NewSite--addressDetailDetailsCity1"}]}
RESULT: {"script":"<script> [1562 bytes]","args":[{"selector":{"id":"application-managesites-display-component---NewSite--addressDetailDetailsCity1","interaction":{"idSuffix":"inner"}},"wdio_ui5_key":"applicationmanagesites-display-component---NewSite--addressDetailDetailsCity1"}]}
RESULT: undefined
COMMAND: POST /session/11d9dd1dff2e8474394cea312909913e/execute/async - {"script":"<script> [776 bytes]","args":[{"enterText":"Bucharest","selector":{"id":"application-managesites-display-component---NewSite--addressDetailDetailsCity1","interaction":{"idSuffix":"inner"}},"clearTextFirst":true,"interactionType":"ENTER_TEXT"}]}
RESULT: {"script":"<script> [776 bytes]","args":[{"enterText":"Bucharest","selector":{"id":"application-managesites-display-component---NewSite--addressDetailDetailsCity1","interaction":{"idSuffix":"inner"}},"clearTextFirst":true,"interactionType":"ENTER_TEXT"}]}
COMMAND: POST /session/11d9dd1dff2e8474394cea312909913e/execute/async - {"script":"<script> [1562 bytes]","args":[{"selector":{"id":"application-managesites-display-component---NewSite--addressDetailDetailsCountry","interaction":{"idSuffix":"inner"}},"wdio_ui5_key":"applicationmanagesites-display-component---NewSite--addressDetailDetailsCountry"}]}
RESULT: {"script":"<script> [1562 bytes]","args":[{"selector":{"id":"application-managesites-display-component---NewSite--addressDetailDetailsCountry","interaction":{"idSuffix":"inner"}},"wdio_ui5_key":"applicationmanagesites-display-component---NewSite--addressDetailDetailsCountry"}]}
RESULT: undefined
COMMAND: POST /session/11d9dd1dff2e8474394cea312909913e/execute/async - {"script":"<script> [776 bytes]","args":[{"enterText":"Romania","selector":{"id":"application-managesites-display-component---NewSite--addressDetailDetailsCountry","interaction":{"idSuffix":"inner"}},"clearTextFirst":true,"interactionType":"ENTER_TEXT"}]}
RESULT: {"script":"<script> [776 bytes]","args":[{"enterText":"Romania","selector":{"id":"application-managesites-display-component---NewSite--addressDetailDetailsCountry","interaction":{"idSuffix":"inner"}},"clearTextFirst":true,"interactionType":"ENTER_TEXT"}]}
COMMAND: POST /session/11d9dd1dff2e8474394cea312909913e/element - {"using":"css selector","value":"#application-managesites-display-component---NewSite--addressDetailDetailsCalendar-inner"}
RESULT: {"using":"css selector","value":"#application-managesites-display-component---NewSite--addressDetailDetailsCalendar-inner"}
COMMAND: POST /session/11d9dd1dff2e8474394cea312909913e/element/f.09F09CB41D560B0063FAD190E33335F4.d.FED99F759C7DBC2EB85439C87F26BAA5.e.1410/clear - {}
RESULT: {}
COMMAND: POST /session/11d9dd1dff2e8474394cea312909913e/element/f.09F09CB41D560B0063FAD190E33335F4.d.FED99F759C7DBC2EB85439C87F26BAA5.e.1410/value - {"text":"Germany"}
COMMAND: GET /session/11d9dd1dff2e8474394cea312909913e/screenshot - {}
RESULT: {"text":"Germany"}
COMMAND: POST /session/11d9dd1dff2e8474394cea312909913e/execute/async - {"script":"<script> [1562 bytes]","args":[{"selector":{"id":"application-managesites-display-component---NewSite--addressEditDetailsCostObjectCstType-arrow"},"wdio_ui5_key":"applicationmanagesites-display-component---NewSite--addressEditDetailsCostObjectCstType-arrow"}]}
COMMAND: GET /session/11d9dd1dff2e8474394cea312909913e/screenshot - {}
RESULT: {}
RESULT: {"script":"<script> [1562 bytes]","args":[{"selector":{"id":"application-managesites-display-component---NewSite--addressEditDetailsCostObjectCstType-arrow"},"wdio_ui5_key":"applicationmanagesites-display-component---NewSite--addressEditDetailsCostObjectCstType-arrow"}]}
RESULT: undefined
COMMAND: POST /session/11d9dd1dff2e8474394cea312909913e/element - {"using":"xpath","value":"//*[@id=\"application-managesites-display-component---NewSite--addressEditDetailsCostObjectCstType-arrow\"]"}
RESULT: {}
RESULT: {"using":"xpath","value":"//*[@id=\"application-managesites-display-component---NewSite--addressEditDetailsCostObjectCstType-arrow\"]"}
COMMAND: POST /session/11d9dd1dff2e8474394cea312909913e/element/f.09F09CB41D560B0063FAD190E33335F4.d.FED99F759C7DBC2EB85439C87F26BAA5.e.1611/click - {}
RESULT: {}
COMMAND: POST /session/11d9dd1dff2e8474394cea312909913e/element - {"using":"xpath","value":"//span[contains(text(), \"Work Breakdown Structure\")]"}
COMMAND: GET /session/11d9dd1dff2e8474394cea312909913e/screenshot - {}
RESULT: {"using":"xpath","value":"//span[contains(text(), \"Work Breakdown Structure\")]"}
COMMAND: POST /session/11d9dd1dff2e8474394cea312909913e/element/f.09F09CB41D560B0063FAD190E33335F4.d.FED99F759C7DBC2EB85439C87F26BAA5.e.1612/click - {}
RESULT: {}
RESULT: {}
COMMAND: GET /session/11d9dd1dff2e8474394cea312909913e/screenshot - {}
RESULT: {}
COMMAND: POST /session/11d9dd1dff2e8474394cea312909913e/execute/async - {"script":"<script> [1562 bytes]","args":[{"selector":{"id":"application-managesites-display-component---NewSite--addressNewCostObjectCstID-vhi"},"wdio_ui5_key":"applicationmanagesites-display-component---NewSite--addressNewCostObjectCstID-vhi"}]}
RESULT: {"script":"<script> [1562 bytes]","args":[{"selector":{"id":"application-managesites-display-component---NewSite--addressNewCostObjectCstID-vhi"},"wdio_ui5_key":"applicationmanagesites-display-component---NewSite--addressNewCostObjectCstID-vhi"}]}
RESULT: undefined
COMMAND: POST /session/11d9dd1dff2e8474394cea312909913e/element - {"using":"xpath","value":"//*[@id=\"application-managesites-display-component---NewSite--addressNewCostObjectCstID-vhi\"]"}
RESULT: {"using":"xpath","value":"//*[@id=\"application-managesites-display-component---NewSite--addressNewCostObjectCstID-vhi\"]"}
COMMAND: POST /session/11d9dd1dff2e8474394cea312909913e/element/f.09F09CB41D560B0063FAD190E33335F4.d.FED99F759C7DBC2EB85439C87F26BAA5.e.1616/click - {}
RESULT: {}
COMMAND: GET /session/11d9dd1dff2e8474394cea312909913e/screenshot - {}
RESULT: {}
COMMAND: POST /session/11d9dd1dff2e8474394cea312909913e/execute/async - {"script":"<script> [1562 bytes]","args":[{"selector":{"controlType":"sap.m.SearchField","properties":{"placeholder":"Search"},"searchOpenDialogs":true,"interaction":{"idSuffix":"I"}},"wdio_ui5_key":"sapm.SearchField{\"placeholder\":\"Search\"}"}]}
RESULT: {"script":"<script> [1562 bytes]","args":[{"selector":{"controlType":"sap.m.SearchField","properties":{"placeholder":"Search"},"searchOpenDialogs":true,"interaction":{"idSuffix":"I"}},"wdio_ui5_key":"sapm.SearchField{\"placeholder\":\"Search\"}"}]}
RESULT: undefined
COMMAND: POST /session/11d9dd1dff2e8474394cea312909913e/execute/async - {"script":"<script> [776 bytes]","args":[{"enterText":"A1-000100-01","selector":{"controlType":"sap.m.SearchField","properties":{"placeholder":"Search"},"searchOpenDialogs":true,"interaction":{"idSuffix":"I"}},"clearTextFirst":true,"interactionType":"ENTER_TEXT"}]}
RESULT: {"script":"<script> [776 bytes]","args":[{"enterText":"A1-000100-01","selector":{"controlType":"sap.m.SearchField","properties":{"placeholder":"Search"},"searchOpenDialogs":true,"interaction":{"idSuffix":"I"}},"clearTextFirst":true,"interactionType":"ENTER_TEXT"}]}
COMMAND: POST /session/11d9dd1dff2e8474394cea312909913e/actions - {"actions":[{"id":"action3","type":"key","parameters":{},"actions":[{"type":"keyDown","value":""},{"type":"pause","duration":10},{"type":"keyUp","value":""}]}]}
RESULT: {"actions":[{"id":"action3","type":"key","parameters":{},"actions":[{"type":"keyDown","value":""},{"type":"pause","duration":10},{"type":"keyUp","value":""}]}]}
COMMAND: GET /session/11d9dd1dff2e8474394cea312909913e/screenshot - {}
RESULT: {}
COMMAND: POST /session/11d9dd1dff2e8474394cea312909913e/element - {"using":"xpath","value":"//span[contains(text(), \"Template for ETO-Process\")]"}
RESULT: {"using":"xpath","value":"//span[contains(text(), \"Template for ETO-Process\")]"}
COMMAND: POST /session/11d9dd1dff2e8474394cea312909913e/element/f.09F09CB41D560B0063FAD190E33335F4.d.FED99F759C7DBC2EB85439C87F26BAA5.e.1637/click - {}
RESULT: {}
COMMAND: GET /session/11d9dd1dff2e8474394cea312909913e/screenshot - {}
RESULT: {}
COMMAND: POST /session/11d9dd1dff2e8474394cea312909913e/element - {"using":"xpath","value":"//bdi[contains(text(), \"OK\")]"}
RESULT: {"using":"xpath","value":"//bdi[contains(text(), \"OK\")]"}
COMMAND: POST /session/11d9dd1dff2e8474394cea312909913e/element/f.09F09CB41D560B0063FAD190E33335F4.d.FED99F759C7DBC2EB85439C87F26BAA5.e.1638/click - {}
RESULT: {}
COMMAND: GET /session/11d9dd1dff2e8474394cea312909913e/screenshot - {}
RESULT: {}
COMMAND: POST /session/11d9dd1dff2e8474394cea312909913e/element - {"using":"xpath","value":"//input[@id=\"application-managesites-display-component---NewSite--addressDetailDetailsYard-inner\"]"}
RESULT: {"using":"xpath","value":"//input[@id=\"application-managesites-display-component---NewSite--addressDetailDetailsYard-inner\"]"}
COMMAND: POST /session/11d9dd1dff2e8474394cea312909913e/element/f.09F09CB41D560B0063FAD190E33335F4.d.FED99F759C7DBC2EB85439C87F26BAA5.e.1411/value - {"text":"WebdriverYardfazpc"}
RESULT: {"text":"WebdriverYardfazpc"}
COMMAND: GET /session/11d9dd1dff2e8474394cea312909913e/screenshot - {}
RESULT: {}
COMMAND: POST /session/11d9dd1dff2e8474394cea312909913e/actions - {"actions":[{"id":"action4","type":"key","parameters":{},"actions":[{"type":"keyDown","value":""},{"type":"pause","duration":10},{"type":"keyUp","value":""}]}]}
RESULT: {"actions":[{"id":"action4","type":"key","parameters":{},"actions":[{"type":"keyDown","value":""},{"type":"pause","duration":10},{"type":"keyUp","value":""}]}]}
COMMAND: GET /session/11d9dd1dff2e8474394cea312909913e/screenshot - {}
RESULT: {}
COMMAND: POST /session/11d9dd1dff2e8474394cea312909913e/element - {"using":"xpath","value":"//input[@id=\"application-managesites-display-component---NewSite--addressDetailDetailsPartner-inner\"]"}
RESULT: {"using":"xpath","value":"//input[@id=\"application-managesites-display-component---NewSite--addressDetailDetailsPartner-inner\"]"}
COMMAND: POST /session/11d9dd1dff2e8474394cea312909913e/elements - {"using":"xpath","value":"//input[@id=\"application-managesites-display-component---NewSite--addressDetailDetailsPartner-inner\"]"}
RESULT: {"using":"xpath","value":"//input[@id=\"application-managesites-display-component---NewSite--addressDetailDetailsPartner-inner\"]"}
COMMAND: POST /session/11d9dd1dff2e8474394cea312909913e/execute/async - {"script":"<script> [1562 bytes]","args":[{"selector":{"controlType":"sap.m.Button","viewName":"etm.portal.ui.managesites.view.NewSmartSite","viewId":"application-managesites-display-component---NewSite","properties":{"text":"Commercial"},"interaction":{"idSuffix":"BDI-content"}},"wdio_ui5_key":"etmportal.ui.managesites.view.NewSmartSitesap.m.Button{\"text\":\"Commercial\"}"}]}
RESULT: {"script":"<script> [1562 bytes]","args":[{"selector":{"controlType":"sap.m.Button","viewName":"etm.portal.ui.managesites.view.NewSmartSite","viewId":"application-managesites-display-component---NewSite","properties":{"text":"Commercial"},"interaction":{"idSuffix":"BDI-content"}},"wdio_ui5_key":"etmportal.ui.managesites.view.NewSmartSitesap.m.Button{\"text\":\"Commercial\"}"}]}
RESULT: undefined
COMMAND: POST /session/11d9dd1dff2e8474394cea312909913e/element - {"using":"xpath","value":"//*[@id=\"application-managesites-display-component---NewSite--ObjectPageLayout-anchBar-__section5-anchor\"]"}
RESULT: {"using":"xpath","value":"//*[@id=\"application-managesites-display-component---NewSite--ObjectPageLayout-anchBar-__section5-anchor\"]"}
COMMAND: POST /session/11d9dd1dff2e8474394cea312909913e/element/f.09F09CB41D560B0063FAD190E33335F4.d.FED99F759C7DBC2EB85439C87F26BAA5.e.1645/click - {}
RESULT: {}
COMMAND: POST /session/11d9dd1dff2e8474394cea312909913e/execute/async - {"script":"<script> [1562 bytes]","args":[{"selector":{"controlType":"sap.m.Button","viewName":"etm.portal.ui.managesites.view.NewSmartSite","viewId":"application-managesites-display-component---NewSite","i18NText":{"propertyName":"text","key":"save"},"interaction":{"idSuffix":"BDI-content"}},"wdio_ui5_key":"etmportal.ui.managesites.view.NewSmartSitesap.m.Button{\"propertyName\":\"text\",\"key\":\"save\"}"}]}
COMMAND: GET /session/11d9dd1dff2e8474394cea312909913e/screenshot - {}
RESULT: {"script":"<script> [1562 bytes]","args":[{"selector":{"controlType":"sap.m.Button","viewName":"etm.portal.ui.managesites.view.NewSmartSite","viewId":"application-managesites-display-component---NewSite","i18NText":{"propertyName":"text","key":"save"},"interaction":{"idSuffix":"BDI-content"}},"wdio_ui5_key":"etmportal.ui.managesites.view.NewSmartSitesap.m.Button{\"propertyName\":\"text\",\"key\":\"save\"}"}]}
RESULT: undefined
COMMAND: POST /session/11d9dd1dff2e8474394cea312909913e/element - {"using":"xpath","value":"//*[@id=\"__button16\"]"}
RESULT: {}
RESULT: {"using":"xpath","value":"//*[@id=\"__button16\"]"}
COMMAND: POST /session/11d9dd1dff2e8474394cea312909913e/element/f.09F09CB41D560B0063FAD190E33335F4.d.FED99F759C7DBC2EB85439C87F26BAA5.e.1560/click - {}
RESULT: {}
COMMAND: GET /session/11d9dd1dff2e8474394cea312909913e/screenshot - {}
RESULT: {}
COMMAND: POST /session/11d9dd1dff2e8474394cea312909913e/execute/async - {"script":"<script> [1562 bytes]","args":[{"selector":{"id":"application-managesites-display-component---detailSite--addressDetailDetailsYardText"},"wdio_ui5_key":"applicationmanagesites-display-component---detailSite--addressDetailDetailsYardText"}]}
RESULT: {"script":"<script> [1562 bytes]","args":[{"selector":{"id":"application-managesites-display-component---detailSite--addressDetailDetailsYardText"},"wdio_ui5_key":"applicationmanagesites-display-component---detailSite--addressDetailDetailsYardText"}]}
RESULT: undefined
COMMAND: POST /session/11d9dd1dff2e8474394cea312909913e/element - {"using":"xpath","value":"//header/div/div[2]/div[2]/span"}
RESULT: {"using":"xpath","value":"//header/div/div[2]/div[2]/span"}
COMMAND: GET /session/11d9dd1dff2e8474394cea312909913e/element/f.09F09CB41D560B0063FAD190E33335F4.d.FED99F759C7DBC2EB85439C87F26BAA5.e.1850/text - {}
RESULT: {}
COMMAND: POST /session/11d9dd1dff2e8474394cea312909913e/element - {"using":"xpath","value":"//header/div/div/div/div/div/div[2]/div/span"}
RESULT: {"using":"xpath","value":"//header/div/div/div/div/div/div[2]/div/span"}
COMMAND: GET /session/11d9dd1dff2e8474394cea312909913e/element/f.09F09CB41D560B0063FAD190E33335F4.d.FED99F759C7DBC2EB85439C87F26BAA5.e.1851/text - {}
RESULT: {}
COMMAND: POST /session/11d9dd1dff2e8474394cea312909913e/element - {"using":"css selector","value":"#shell-header-logo"}
RESULT: {"using":"css selector","value":"#shell-header-logo"}
COMMAND: POST /session/11d9dd1dff2e8474394cea312909913e/element/f.09F09CB41D560B0063FAD190E33335F4.d.FED99F759C7DBC2EB85439C87F26BAA5.e.1182/click - {}
RESULT: {}
COMMAND: GET /session/11d9dd1dff2e8474394cea312909913e/screenshot - {}
RESULT: {}
COMMAND: POST /session/11d9dd1dff2e8474394cea312909913e/execute/async - {"script":"<script> [1562 bytes]","args":[{"selector":{"controlType":"sap.m.GenericTile","properties":{"header":"Manage Partners"}},"wdio_ui5_key":"sapm.GenericTile{\"header\":\"Manage Partners\"}"}]}
RESULT: {"script":"<script> [1562 bytes]","args":[{"selector":{"controlType":"sap.m.GenericTile","properties":{"header":"Manage Partners"}},"wdio_ui5_key":"sapm.GenericTile{\"header\":\"Manage Partners\"}"}]}
RESULT: undefined
COMMAND: POST /session/11d9dd1dff2e8474394cea312909913e/element - {"using":"xpath","value":"//*[@id=\"__tile38\"]"}
RESULT: {"using":"xpath","value":"//*[@id=\"__tile38\"]"}
COMMAND: POST /session/11d9dd1dff2e8474394cea312909913e/element/f.09F09CB41D560B0063FAD190E33335F4.d.FED99F759C7DBC2EB85439C87F26BAA5.e.1853/click - {}
RESULT: {}
COMMAND: GET /session/11d9dd1dff2e8474394cea312909913e/screenshot - {}
RESULT: {}
COMMAND: POST /session/11d9dd1dff2e8474394cea312909913e/elements - {"using":"xpath","value":"//span[text()='Error']"}
RESULT: {"using":"xpath","value":"//span[text()='Error']"}
COMMAND: POST /session/11d9dd1dff2e8474394cea312909913e/execute/async - {"script":"<script> [1562 bytes]","args":[{"selector":{"controlType":"sap.ui.core.Icon","viewName":"etm.portal.ui.managepartners.view.Master","viewId":"application-managepartners-display-component---masterPtm","properties":{"src":{"regex":{"source":"add"}}}},"wdio_ui5_key":"etmportal.ui.managepartners.view.Mastersap.ui.core.Icon{\"src\":{\"regex\":{\"source\":\"add\"}}}"}]}
RESULT: {"script":"<script> [1562 bytes]","args":[{"selector":{"controlType":"sap.ui.core.Icon","viewName":"etm.portal.ui.managepartners.view.Master","viewId":"application-managepartners-display-component---masterPtm","properties":{"src":{"regex":{"source":"add"}}}},"wdio_ui5_key":"etmportal.ui.managepartners.view.Mastersap.ui.core.Icon{\"src\":{\"regex\":{\"source\":\"add\"}}}"}]}
RESULT: undefined
COMMAND: POST /session/11d9dd1dff2e8474394cea312909913e/element - {"using":"xpath","value":"//*[@id=\"__button60-img\"]"}
RESULT: {"using":"xpath","value":"//*[@id=\"__button60-img\"]"}
COMMAND: POST /session/11d9dd1dff2e8474394cea312909913e/element/f.09F09CB41D560B0063FAD190E33335F4.d.FED99F759C7DBC2EB85439C87F26BAA5.e.1902/click - {}
RESULT: {}
COMMAND: GET /session/11d9dd1dff2e8474394cea312909913e/screenshot - {}
RESULT: {}
COMMAND: POST /session/11d9dd1dff2e8474394cea312909913e/execute/async - {"script":"<script> [1562 bytes]","args":[{"selector":{"id":"application-managepartners-display-component---NewPartner--partnerId","interaction":{"idSuffix":"inner"}},"wdio_ui5_key":"applicationmanagepartners-display-component---NewPartner--partnerId"}]}
RESULT: {"script":"<script> [1562 bytes]","args":[{"selector":{"id":"application-managepartners-display-component---NewPartner--partnerId","interaction":{"idSuffix":"inner"}},"wdio_ui5_key":"applicationmanagepartners-display-component---NewPartner--partnerId"}]}
RESULT: undefined
COMMAND: POST /session/11d9dd1dff2e8474394cea312909913e/execute/async - {"script":"<script> [1562 bytes]","args":[{"selector":{"id":"application-managepartners-display-component---NewPartner--addressDetailDetailsName1","interaction":{"idSuffix":"inner"}},"wdio_ui5_key":"applicationmanagepartners-display-component---NewPartner--addressDetailDetailsName1"}]}
RESULT: {"script":"<script> [1562 bytes]","args":[{"selector":{"id":"application-managepartners-display-component---NewPartner--addressDetailDetailsName1","interaction":{"idSuffix":"inner"}},"wdio_ui5_key":"applicationmanagepartners-display-component---NewPartner--addressDetailDetailsName1"}]}
RESULT: undefined
COMMAND: POST /session/11d9dd1dff2e8474394cea312909913e/execute/async - {"script":"<script> [776 bytes]","args":[{"enterText":"WebdriverPartnero9k6z","selector":{"id":"application-managepartners-display-component---NewPartner--addressDetailDetailsName1","interaction":{"idSuffix":"inner"}},"clearTextFirst":true,"interactionType":"ENTER_TEXT"}]}
RESULT: {"script":"<script> [776 bytes]","args":[{"enterText":"WebdriverPartnero9k6z","selector":{"id":"application-managepartners-display-component---NewPartner--addressDetailDetailsName1","interaction":{"idSuffix":"inner"}},"clearTextFirst":true,"interactionType":"ENTER_TEXT"}]}
COMMAND: POST /session/11d9dd1dff2e8474394cea312909913e/execute/async - {"script":"<script> [1562 bytes]","args":[{"selector":{"id":"application-managepartners-display-component---NewPartner--addressDetailDetailsLanguage","interaction":{"idSuffix":"inner"}},"wdio_ui5_key":"applicationmanagepartners-display-component---NewPartner--addressDetailDetailsLanguage"}]}
RESULT: {"script":"<script> [1562 bytes]","args":[{"selector":{"id":"application-managepartners-display-component---NewPartner--addressDetailDetailsLanguage","interaction":{"idSuffix":"inner"}},"wdio_ui5_key":"applicationmanagepartners-display-component---NewPartner--addressDetailDetailsLanguage"}]}
RESULT: undefined
COMMAND: POST /session/11d9dd1dff2e8474394cea312909913e/execute/async - {"script":"<script> [776 bytes]","args":[{"enterText":"Romanian","selector":{"id":"application-managepartners-display-component---NewPartner--addressDetailDetailsLanguage","interaction":{"idSuffix":"inner"}},"clearTextFirst":true,"interactionType":"ENTER_TEXT"}]}
RESULT: {"script":"<script> [776 bytes]","args":[{"enterText":"Romanian","selector":{"id":"application-managepartners-display-component---NewPartner--addressDetailDetailsLanguage","interaction":{"idSuffix":"inner"}},"clearTextFirst":true,"interactionType":"ENTER_TEXT"}]}
COMMAND: POST /session/11d9dd1dff2e8474394cea312909913e/element - {"using":"xpath","value":"//input[contains(@id ,\"application-managepartners-display-component---NewPartner--addressDetailDetailsName1-inner\")]"}
RESULT: {"using":"xpath","value":"//input[contains(@id ,\"application-managepartners-display-component---NewPartner--addressDetailDetailsName1-inner\")]"}
COMMAND: GET /session/11d9dd1dff2e8474394cea312909913e/element/f.09F09CB41D560B0063FAD190E33335F4.d.FED99F759C7DBC2EB85439C87F26BAA5.e.2072/property/value - {}
RESULT: {}
COMMAND: POST /session/11d9dd1dff2e8474394cea312909913e/execute/async - {"script":"<script> [1562 bytes]","args":[{"selector":{"id":"application-managepartners-display-component---NewPartner--addressDetailDetailsCity1","interaction":{"idSuffix":"inner"}},"wdio_ui5_key":"applicationmanagepartners-display-component---NewPartner--addressDetailDetailsCity1"}]}
COMMAND: GET /session/11d9dd1dff2e8474394cea312909913e/screenshot - {}
RESULT: {"script":"<script> [1562 bytes]","args":[{"selector":{"id":"application-managepartners-display-component---NewPartner--addressDetailDetailsCity1","interaction":{"idSuffix":"inner"}},"wdio_ui5_key":"applicationmanagepartners-display-component---NewPartner--addressDetailDetailsCity1"}]}
RESULT: undefined
COMMAND: POST /session/11d9dd1dff2e8474394cea312909913e/execute/async - {"script":"<script> [776 bytes]","args":[{"enterText":"Bucharest","selector":{"id":"application-managepartners-display-component---NewPartner--addressDetailDetailsCity1","interaction":{"idSuffix":"inner"}},"clearTextFirst":true,"interactionType":"ENTER_TEXT"}]}
RESULT: {}
RESULT: {"script":"<script> [776 bytes]","args":[{"enterText":"Bucharest","selector":{"id":"application-managepartners-display-component---NewPartner--addressDetailDetailsCity1","interaction":{"idSuffix":"inner"}},"clearTextFirst":true,"interactionType":"ENTER_TEXT"}]}
COMMAND: POST /session/11d9dd1dff2e8474394cea312909913e/execute/async - {"script":"<script> [1562 bytes]","args":[{"selector":{"id":"application-managepartners-display-component---NewPartner--addressDetailDetailsCountry","interaction":{"idSuffix":"inner"}},"wdio_ui5_key":"applicationmanagepartners-display-component---NewPartner--addressDetailDetailsCountry"}]}
RESULT: {"script":"<script> [1562 bytes]","args":[{"selector":{"id":"application-managepartners-display-component---NewPartner--addressDetailDetailsCountry","interaction":{"idSuffix":"inner"}},"wdio_ui5_key":"applicationmanagepartners-display-component---NewPartner--addressDetailDetailsCountry"}]}
RESULT: undefined
COMMAND: POST /session/11d9dd1dff2e8474394cea312909913e/execute/async - {"script":"<script> [6424 bytes]","args":[{"element-6066-11e4-a52e-4f735466cecf":"f.09F09CB41D560B0063FAD190E33335F4.d.FED99F759C7DBC2EB85439C87F26BAA5.e.2079"},"setValue",["Romania"]]}
RESULT: {"script":"<script> [6424 bytes]","args":[{"element-6066-11e4-a52e-4f735466cecf":"f.09F09CB41D560B0063FAD190E33335F4.d.FED99F759C7DBC2EB85439C87F26BAA5.e.2079"},"setValue",["Romania"]]}
COMMAND: POST /session/11d9dd1dff2e8474394cea312909913e/execute/async - {"script":"<script> [1562 bytes]","args":[{"selector":{"id":"application-managepartners-display-component---NewPartner--partnerDetailInternal","interaction":{"idSuffix":"inner"}},"wdio_ui5_key":"applicationmanagepartners-display-component---NewPartner--partnerDetailInternal"}]}
RESULT: {"script":"<script> [1562 bytes]","args":[{"selector":{"id":"application-managepartners-display-component---NewPartner--partnerDetailInternal","interaction":{"idSuffix":"inner"}},"wdio_ui5_key":"applicationmanagepartners-display-component---NewPartner--partnerDetailInternal"}]}
RESULT: undefined
COMMAND: POST /session/11d9dd1dff2e8474394cea312909913e/execute/async - {"script":"<script> [776 bytes]","args":[{"enterText":"External partner","selector":{"id":"application-managepartners-display-component---NewPartner--partnerDetailInternal","interaction":{"idSuffix":"inner"}},"clearTextFirst":true,"interactionType":"ENTER_TEXT"}]}
RESULT: {"script":"<script> [776 bytes]","args":[{"enterText":"External partner","selector":{"id":"application-managepartners-display-component---NewPartner--partnerDetailInternal","interaction":{"idSuffix":"inner"}},"clearTextFirst":true,"interactionType":"ENTER_TEXT"}]}
COMMAND: POST /session/11d9dd1dff2e8474394cea312909913e/execute/async - {"script":"<script> [1562 bytes]","args":[{"selector":{"id":"application-managepartners-display-component---NewPartner--partnerDetailsCurrency","interaction":{"idSuffix":"inner"}},"wdio_ui5_key":"applicationmanagepartners-display-component---NewPartner--partnerDetailsCurrency"}]}
RESULT: {"script":"<script> [1562 bytes]","args":[{"selector":{"id":"application-managepartners-display-component---NewPartner--partnerDetailsCurrency","interaction":{"idSuffix":"inner"}},"wdio_ui5_key":"applicationmanagepartners-display-component---NewPartner--partnerDetailsCurrency"}]}
RESULT: undefined
COMMAND: POST /session/11d9dd1dff2e8474394cea312909913e/execute/async - {"script":"<script> [776 bytes]","args":[{"enterText":"Euro","selector":{"id":"application-managepartners-display-component---NewPartner--partnerDetailsCurrency","interaction":{"idSuffix":"inner"}},"clearTextFirst":true,"interactionType":"ENTER_TEXT"}]}
RESULT: {"script":"<script> [776 bytes]","args":[{"enterText":"Euro","selector":{"id":"application-managepartners-display-component---NewPartner--partnerDetailsCurrency","interaction":{"idSuffix":"inner"}},"clearTextFirst":true,"interactionType":"ENTER_TEXT"}]}
COMMAND: POST /session/11d9dd1dff2e8474394cea312909913e/execute/async - {"script":"<script> [1562 bytes]","args":[{"selector":{"controlType":"sap.m.Button","viewName":"etm.portal.ui.managepartners.view.NewPartner","viewId":"application-managepartners-display-component---NewPartner","properties":{"text":"Commercial"},"interaction":{"idSuffix":"BDI-content"}},"wdio_ui5_key":"etmportal.ui.managepartners.view.NewPartnersap.m.Button{\"text\":\"Commercial\"}"}]}
RESULT: {"script":"<script> [1562 bytes]","args":[{"selector":{"controlType":"sap.m.Button","viewName":"etm.portal.ui.managepartners.view.NewPartner","viewId":"application-managepartners-display-component---NewPartner","properties":{"text":"Commercial"},"interaction":{"idSuffix":"BDI-content"}},"wdio_ui5_key":"etmportal.ui.managepartners.view.NewPartnersap.m.Button{\"text\":\"Commercial\"}"}]}
RESULT: undefined
COMMAND: POST /session/11d9dd1dff2e8474394cea312909913e/element - {"using":"xpath","value":"//*[@id=\"application-managepartners-display-component---NewPartner--ObjectPageLayout-anchBar-__section29-anchor\"]"}
RESULT: {"using":"xpath","value":"//*[@id=\"application-managepartners-display-component---NewPartner--ObjectPageLayout-anchBar-__section29-anchor\"]"}
COMMAND: POST /session/11d9dd1dff2e8474394cea312909913e/element/f.09F09CB41D560B0063FAD190E33335F4.d.FED99F759C7DBC2EB85439C87F26BAA5.e.2327/click - {}
RESULT: {}
COMMAND: GET /session/11d9dd1dff2e8474394cea312909913e/screenshot - {}
RESULT: {}
COMMAND: POST /session/11d9dd1dff2e8474394cea312909913e/execute/async - {"script":"<script> [1562 bytes]","args":[{"selector":{"id":"application-managepartners-display-component---NewPartner--btnAddTableRow-img"},"wdio_ui5_key":"applicationmanagepartners-display-component---NewPartner--btnAddTableRow-img"}]}
RESULT: {"script":"<script> [1562 bytes]","args":[{"selector":{"id":"application-managepartners-display-component---NewPartner--btnAddTableRow-img"},"wdio_ui5_key":"applicationmanagepartners-display-component---NewPartner--btnAddTableRow-img"}]}
RESULT: undefined
COMMAND: POST /session/11d9dd1dff2e8474394cea312909913e/element - {"using":"xpath","value":"//*[@id=\"application-managepartners-display-component---NewPartner--btnAddTableRow-img\"]"}
RESULT: {"using":"xpath","value":"//*[@id=\"application-managepartners-display-component---NewPartner--btnAddTableRow-img\"]"}
COMMAND: POST /session/11d9dd1dff2e8474394cea312909913e/element/f.09F09CB41D560B0063FAD190E33335F4.d.FED99F759C7DBC2EB85439C87F26BAA5.e.2333/click - {}
RESULT: {}
COMMAND: POST /session/11d9dd1dff2e8474394cea312909913e/element - {"using":"xpath","value":"//input[contains(@id ,\"application-managepartners-display-component---NewPartner--assignmentYard-application-managepartners-display-component---NewPartner\")]"}
COMMAND: GET /session/11d9dd1dff2e8474394cea312909913e/screenshot - {}
RESULT: {"using":"xpath","value":"//input[contains(@id ,\"application-managepartners-display-component---NewPartner--assignmentYard-application-managepartners-display-component---NewPartner\")]"}
COMMAND: POST /session/11d9dd1dff2e8474394cea312909913e/element/f.09F09CB41D560B0063FAD190E33335F4.d.FED99F759C7DBC2EB85439C87F26BAA5.e.2336/clear - {}
RESULT: {}
RESULT: {}
COMMAND: POST /session/11d9dd1dff2e8474394cea312909913e/element/f.09F09CB41D560B0063FAD190E33335F4.d.FED99F759C7DBC2EB85439C87F26BAA5.e.2336/value - {"text":"WebdriverYardfazpc"}
COMMAND: GET /session/11d9dd1dff2e8474394cea312909913e/screenshot - {}
RESULT: {"text":"WebdriverYardfazpc"}
COMMAND: GET /session/11d9dd1dff2e8474394cea312909913e/screenshot - {}
RESULT: {}
RESULT: {}
COMMAND: POST /session/11d9dd1dff2e8474394cea312909913e/execute/async - {"script":"<script> [1562 bytes]","args":[{"selector":{"controlType":"sap.m.Button","viewName":"etm.portal.ui.managepartners.view.NewPartner","viewId":"application-managepartners-display-component---NewPartner","i18NText":{"propertyName":"text","key":"save"},"interaction":{"idSuffix":"BDI-content"}},"wdio_ui5_key":"etmportal.ui.managepartners.view.NewPartnersap.m.Button{\"propertyName\":\"text\",\"key\":\"save\"}"}]}
RESULT: {"script":"<script> [1562 bytes]","args":[{"selector":{"controlType":"sap.m.Button","viewName":"etm.portal.ui.managepartners.view.NewPartner","viewId":"application-managepartners-display-component---NewPartner","i18NText":{"propertyName":"text","key":"save"},"interaction":{"idSuffix":"BDI-content"}},"wdio_ui5_key":"etmportal.ui.managepartners.view.NewPartnersap.m.Button{\"propertyName\":\"text\",\"key\":\"save\"}"}]}
RESULT: undefined
COMMAND: POST /session/11d9dd1dff2e8474394cea312909913e/element - {"using":"xpath","value":"//*[@id=\"__button68\"]"}
RESULT: {"using":"xpath","value":"//*[@id=\"__button68\"]"}
COMMAND: POST /session/11d9dd1dff2e8474394cea312909913e/element/f.09F09CB41D560B0063FAD190E33335F4.d.FED99F759C7DBC2EB85439C87F26BAA5.e.2248/click - {}
RESULT: {}
COMMAND: GET /session/11d9dd1dff2e8474394cea312909913e/screenshot - {}
RESULT: {}
COMMAND: POST /session/11d9dd1dff2e8474394cea312909913e/element - {"using":"xpath","value":"//header/div/div[2]/div[2]/span"}
RESULT: {"using":"xpath","value":"//header/div/div[2]/div[2]/span"}
COMMAND: GET /session/11d9dd1dff2e8474394cea312909913e/element/f.09F09CB41D560B0063FAD190E33335F4.d.FED99F759C7DBC2EB85439C87F26BAA5.e.2511/text - {}
RESULT: {}
COMMAND: POST /session/11d9dd1dff2e8474394cea312909913e/element - {"using":"xpath","value":"//header/div/div/div/div/div/div[2]/div/span"}
RESULT: {"using":"xpath","value":"//header/div/div/div/div/div/div[2]/div/span"}
COMMAND: GET /session/11d9dd1dff2e8474394cea312909913e/element/f.09F09CB41D560B0063FAD190E33335F4.d.FED99F759C7DBC2EB85439C87F26BAA5.e.2512/text - {}
RESULT: {}
COMMAND: POST /session/11d9dd1dff2e8474394cea312909913e/execute/async - {"script":"<script> [1562 bytes]","args":[{"selector":{"id":"application-managepartners-display-component---detailPtm--partnerType"},"wdio_ui5_key":"applicationmanagepartners-display-component---detailPtm--partnerType"}]}
RESULT: {"script":"<script> [1562 bytes]","args":[{"selector":{"id":"application-managepartners-display-component---detailPtm--partnerType"},"wdio_ui5_key":"applicationmanagepartners-display-component---detailPtm--partnerType"}]}
RESULT: undefined
COMMAND: POST /session/11d9dd1dff2e8474394cea312909913e/execute/async - {"script":"<script> [6424 bytes]","args":[{"element-6066-11e4-a52e-4f735466cecf":"f.09F09CB41D560B0063FAD190E33335F4.d.FED99F759C7DBC2EB85439C87F26BAA5.e.2513"},"getText",[]]}
RESULT: {"script":"<script> [6424 bytes]","args":[{"element-6066-11e4-a52e-4f735466cecf":"f.09F09CB41D560B0063FAD190E33335F4.d.FED99F759C7DBC2EB85439C87F26BAA5.e.2513"},"getText",[]]}
COMMAND: POST /session/11d9dd1dff2e8474394cea312909913e/element - {"using":"css selector","value":"#shell-header-logo"}
RESULT: {"using":"css selector","value":"#shell-header-logo"}
COMMAND: POST /session/11d9dd1dff2e8474394cea312909913e/element/f.09F09CB41D560B0063FAD190E33335F4.d.FED99F759C7DBC2EB85439C87F26BAA5.e.1856/click - {}
RESULT: {}
COMMAND: GET /session/11d9dd1dff2e8474394cea312909913e/screenshot - {}
RESULT: {}
]]></system-out>
    </testcase>
    <testcase classname="chrome.136_0_7103_93.windows.Webshop_-_Hyperlinks_visible_and_working_properly__US139085" name="Should create a new contract" time="98.237">
      <system-out><![CDATA[
COMMAND: POST /session/11d9dd1dff2e8474394cea312909913e/execute/async - {"script":"<script> [1562 bytes]","args":[{"selector":{"controlType":"sap.m.GenericTile","properties":{"header":"Manage Contracts"}},"wdio_ui5_key":"sapm.GenericTile{\"header\":\"Manage Contracts\"}"}]}
RESULT: {"script":"<script> [1562 bytes]","args":[{"selector":{"controlType":"sap.m.GenericTile","properties":{"header":"Manage Contracts"}},"wdio_ui5_key":"sapm.GenericTile{\"header\":\"Manage Contracts\"}"}]}
RESULT: undefined
COMMAND: POST /session/11d9dd1dff2e8474394cea312909913e/element - {"using":"xpath","value":"//*[@id=\"__tile130\"]"}
RESULT: {"using":"xpath","value":"//*[@id=\"__tile130\"]"}
COMMAND: POST /session/11d9dd1dff2e8474394cea312909913e/element/f.09F09CB41D560B0063FAD190E33335F4.d.FED99F759C7DBC2EB85439C87F26BAA5.e.2515/click - {}
RESULT: {}
COMMAND: GET /session/11d9dd1dff2e8474394cea312909913e/screenshot - {}
RESULT: {}
COMMAND: POST /session/11d9dd1dff2e8474394cea312909913e/elements - {"using":"xpath","value":"//span[text()='Error']"}
RESULT: {"using":"xpath","value":"//span[text()='Error']"}
COMMAND: POST /session/11d9dd1dff2e8474394cea312909913e/element - {"using":"xpath","value":"//button[@data-kt=\"addButton\"]"}
RESULT: {"using":"xpath","value":"//button[@data-kt=\"addButton\"]"}
COMMAND: POST /session/11d9dd1dff2e8474394cea312909913e/element/f.09F09CB41D560B0063FAD190E33335F4.d.FED99F759C7DBC2EB85439C87F26BAA5.e.2562/click - {}
RESULT: {}
COMMAND: GET /session/11d9dd1dff2e8474394cea312909913e/screenshot - {}
RESULT: {}
COMMAND: POST /session/11d9dd1dff2e8474394cea312909913e/execute/async - {"script":"<script> [1562 bytes]","args":[{"selector":{"id":"application-managecontracts-display-component---AddNewContract--projectDescription","interaction":{"idSuffix":"inner"}},"wdio_ui5_key":"applicationmanagecontracts-display-component---AddNewContract--projectDescription"}]}
RESULT: {"script":"<script> [1562 bytes]","args":[{"selector":{"id":"application-managecontracts-display-component---AddNewContract--projectDescription","interaction":{"idSuffix":"inner"}},"wdio_ui5_key":"applicationmanagecontracts-display-component---AddNewContract--projectDescription"}]}
RESULT: undefined
COMMAND: POST /session/11d9dd1dff2e8474394cea312909913e/execute/async - {"script":"<script> [776 bytes]","args":[{"enterText":"WdIOTest8wmcqk","selector":{"id":"application-managecontracts-display-component---AddNewContract--projectDescription","interaction":{"idSuffix":"inner"}},"clearTextFirst":true,"interactionType":"ENTER_TEXT"}]}
RESULT: {"script":"<script> [776 bytes]","args":[{"enterText":"WdIOTest8wmcqk","selector":{"id":"application-managecontracts-display-component---AddNewContract--projectDescription","interaction":{"idSuffix":"inner"}},"clearTextFirst":true,"interactionType":"ENTER_TEXT"}]}
COMMAND: POST /session/11d9dd1dff2e8474394cea312909913e/element - {"using":"xpath","value":"//input[@id=\"application-managecontracts-display-component---AddNewContract--yardId-inner\"]"}
RESULT: {"using":"xpath","value":"//input[@id=\"application-managecontracts-display-component---AddNewContract--yardId-inner\"]"}
COMMAND: POST /session/11d9dd1dff2e8474394cea312909913e/element/f.09F09CB41D560B0063FAD190E33335F4.d.FED99F759C7DBC2EB85439C87F26BAA5.e.2827/clear - {}
RESULT: {}
COMMAND: POST /session/11d9dd1dff2e8474394cea312909913e/element/f.09F09CB41D560B0063FAD190E33335F4.d.FED99F759C7DBC2EB85439C87F26BAA5.e.2827/value - {"text":"WebdriverYardfazpc"}
COMMAND: GET /session/11d9dd1dff2e8474394cea312909913e/screenshot - {}
RESULT: {"text":"WebdriverYardfazpc"}
COMMAND: GET /session/11d9dd1dff2e8474394cea312909913e/screenshot - {}
RESULT: {}
RESULT: {}
COMMAND: POST /session/11d9dd1dff2e8474394cea312909913e/actions - {"actions":[{"id":"action5","type":"key","parameters":{},"actions":[{"type":"keyDown","value":""},{"type":"pause","duration":10},{"type":"keyUp","value":""}]}]}
RESULT: {"actions":[{"id":"action5","type":"key","parameters":{},"actions":[{"type":"keyDown","value":""},{"type":"pause","duration":10},{"type":"keyUp","value":""}]}]}
COMMAND: GET /session/11d9dd1dff2e8474394cea312909913e/screenshot - {}
RESULT: {}
COMMAND: POST /session/11d9dd1dff2e8474394cea312909913e/element - {"using":"xpath","value":"//input[@id=\"application-managecontracts-display-component---AddNewContract--customerSelect-inner\"]"}
RESULT: {"using":"xpath","value":"//input[@id=\"application-managecontracts-display-component---AddNewContract--customerSelect-inner\"]"}
COMMAND: POST /session/11d9dd1dff2e8474394cea312909913e/element/f.09F09CB41D560B0063FAD190E33335F4.d.FED99F759C7DBC2EB85439C87F26BAA5.e.2825/clear - {}
RESULT: {}
COMMAND: POST /session/11d9dd1dff2e8474394cea312909913e/element/f.09F09CB41D560B0063FAD190E33335F4.d.FED99F759C7DBC2EB85439C87F26BAA5.e.2825/value - {"text":"WebdriverPartnero9k6z"}
COMMAND: GET /session/11d9dd1dff2e8474394cea312909913e/screenshot - {}
RESULT: {"text":"WebdriverPartnero9k6z"}
COMMAND: GET /session/11d9dd1dff2e8474394cea312909913e/screenshot - {}
RESULT: {}
RESULT: {}
COMMAND: POST /session/11d9dd1dff2e8474394cea312909913e/actions - {"actions":[{"id":"action6","type":"key","parameters":{},"actions":[{"type":"keyDown","value":""},{"type":"pause","duration":10},{"type":"keyUp","value":""}]}]}
RESULT: {"actions":[{"id":"action6","type":"key","parameters":{},"actions":[{"type":"keyDown","value":""},{"type":"pause","duration":10},{"type":"keyUp","value":""}]}]}
COMMAND: GET /session/11d9dd1dff2e8474394cea312909913e/screenshot - {}
RESULT: {}
COMMAND: POST /session/11d9dd1dff2e8474394cea312909913e/element - {"using":"xpath","value":"//input[@id=\"application-managecontracts-display-component---AddNewContract--site-inner\"]"}
RESULT: {"using":"xpath","value":"//input[@id=\"application-managecontracts-display-component---AddNewContract--site-inner\"]"}
COMMAND: POST /session/11d9dd1dff2e8474394cea312909913e/element/f.09F09CB41D560B0063FAD190E33335F4.d.FED99F759C7DBC2EB85439C87F26BAA5.e.2826/clear - {}
RESULT: {}
COMMAND: POST /session/11d9dd1dff2e8474394cea312909913e/element/f.09F09CB41D560B0063FAD190E33335F4.d.FED99F759C7DBC2EB85439C87F26BAA5.e.2826/value - {"text":"WebdriverSitey6lt"}
COMMAND: GET /session/11d9dd1dff2e8474394cea312909913e/screenshot - {}
RESULT: {"text":"WebdriverSitey6lt"}
COMMAND: GET /session/11d9dd1dff2e8474394cea312909913e/screenshot - {}
RESULT: {}
RESULT: {}
COMMAND: POST /session/11d9dd1dff2e8474394cea312909913e/actions - {"actions":[{"id":"action7","type":"key","parameters":{},"actions":[{"type":"keyDown","value":""},{"type":"pause","duration":10},{"type":"keyUp","value":""}]}]}
RESULT: {"actions":[{"id":"action7","type":"key","parameters":{},"actions":[{"type":"keyDown","value":""},{"type":"pause","duration":10},{"type":"keyUp","value":""}]}]}
COMMAND: GET /session/11d9dd1dff2e8474394cea312909913e/screenshot - {}
RESULT: {}
COMMAND: POST /session/11d9dd1dff2e8474394cea312909913e/element - {"using":"xpath","value":"//button[@data-kt=\"saveButton\"]"}
RESULT: {"using":"xpath","value":"//button[@data-kt=\"saveButton\"]"}
COMMAND: POST /session/11d9dd1dff2e8474394cea312909913e/element/f.09F09CB41D560B0063FAD190E33335F4.d.FED99F759C7DBC2EB85439C87F26BAA5.e.2900/click - {}
RESULT: {}
COMMAND: GET /session/11d9dd1dff2e8474394cea312909913e/screenshot - {}
RESULT: {}
COMMAND: POST /session/11d9dd1dff2e8474394cea312909913e/execute/async - {"script":"<script> [1562 bytes]","args":[{"selector":{"id":"contractDetailTitleNoExpanded","viewName":"etm.portal.ui.managecontracts.view.Detail"},"wdio_ui5_key":"contractDetailTitleNoExpandedetmportal.ui.managecontracts.view.Detail"}]}
RESULT: {"script":"<script> [1562 bytes]","args":[{"selector":{"id":"contractDetailTitleNoExpanded","viewName":"etm.portal.ui.managecontracts.view.Detail"},"wdio_ui5_key":"contractDetailTitleNoExpandedetmportal.ui.managecontracts.view.Detail"}]}
RESULT: undefined
COMMAND: POST /session/11d9dd1dff2e8474394cea312909913e/execute/async - {"script":"<script> [6424 bytes]","args":[{"element-6066-11e4-a52e-4f735466cecf":"f.09F09CB41D560B0063FAD190E33335F4.d.FED99F759C7DBC2EB85439C87F26BAA5.e.2926"},"getText",[]]}
RESULT: {"script":"<script> [6424 bytes]","args":[{"element-6066-11e4-a52e-4f735466cecf":"f.09F09CB41D560B0063FAD190E33335F4.d.FED99F759C7DBC2EB85439C87F26BAA5.e.2926"},"getText",[]]}
COMMAND: POST /session/11d9dd1dff2e8474394cea312909913e/element - {"using":"css selector","value":"#shell-header-logo"}
RESULT: {"using":"css selector","value":"#shell-header-logo"}
COMMAND: POST /session/11d9dd1dff2e8474394cea312909913e/element/f.09F09CB41D560B0063FAD190E33335F4.d.FED99F759C7DBC2EB85439C87F26BAA5.e.2518/click - {}
RESULT: {}
COMMAND: GET /session/11d9dd1dff2e8474394cea312909913e/screenshot - {}
RESULT: {}
]]></system-out>
    </testcase>
    <testcase classname="chrome.136_0_7103_93.windows.Webshop_-_Hyperlinks_visible_and_working_properly__US139085" name="Should create a new webshop request and verify yard hyperlinks" time="210.891">
      <system-out><![CDATA[
COMMAND: POST /session/11d9dd1dff2e8474394cea312909913e/execute/async - {"script":"<script> [1562 bytes]","args":[{"selector":{"controlType":"sap.m.GenericTile","properties":{"header":"Webshop"}},"wdio_ui5_key":"sapm.GenericTile{\"header\":\"Webshop\"}"}]}
RESULT: {"script":"<script> [1562 bytes]","args":[{"selector":{"controlType":"sap.m.GenericTile","properties":{"header":"Webshop"}},"wdio_ui5_key":"sapm.GenericTile{\"header\":\"Webshop\"}"}]}
RESULT: undefined
COMMAND: POST /session/11d9dd1dff2e8474394cea312909913e/element - {"using":"xpath","value":"//*[@id=\"__tile49\"]"}
RESULT: {"using":"xpath","value":"//*[@id=\"__tile49\"]"}
COMMAND: POST /session/11d9dd1dff2e8474394cea312909913e/element/f.09F09CB41D560B0063FAD190E33335F4.d.FED99F759C7DBC2EB85439C87F26BAA5.e.2931/click - {}
RESULT: {}
COMMAND: GET /session/11d9dd1dff2e8474394cea312909913e/screenshot - {}
RESULT: {}
COMMAND: POST /session/11d9dd1dff2e8474394cea312909913e/elements - {"using":"xpath","value":"//span[text()='Error']"}
RESULT: {"using":"xpath","value":"//span[text()='Error']"}
COMMAND: POST /session/11d9dd1dff2e8474394cea312909913e/element - {"using":"css selector","value":"#requestCreationDialog--createRequestPopUp-title-inner"}
RESULT: {"using":"css selector","value":"#requestCreationDialog--createRequestPopUp-title-inner"}
COMMAND: POST /session/11d9dd1dff2e8474394cea312909913e/execute/sync - {"script":"<script> [8489 bytes]","args":[{"element-6066-11e4-a52e-4f735466cecf":"f.09F09CB41D560B0063FAD190E33335F4.d.FED99F759C7DBC2EB85439C87F26BAA5.e.2959","ELEMENT":"f.09F09CB41D560B0063FAD190E33335F4.d.FED99F759C7DBC2EB85439C87F26BAA5.e.2959"}]}
RESULT: {"script":"<script> [8489 bytes]","args":[{"element-6066-11e4-a52e-4f735466cecf":"f.09F09CB41D560B0063FAD190E33335F4.d.FED99F759C7DBC2EB85439C87F26BAA5.e.2959","ELEMENT":"f.09F09CB41D560B0063FAD190E33335F4.d.FED99F759C7DBC2EB85439C87F26BAA5.e.2959"}]}
COMMAND: GET /session/11d9dd1dff2e8474394cea312909913e/element/f.09F09CB41D560B0063FAD190E33335F4.d.FED99F759C7DBC2EB85439C87F26BAA5.e.2959/enabled - {}
COMMAND: GET /session/11d9dd1dff2e8474394cea312909913e/screenshot - {}
RESULT: {}
COMMAND: POST /session/11d9dd1dff2e8474394cea312909913e/execute/async - {"script":"<script> [1562 bytes]","args":[{"selector":{"id":"requestCreationDialog--requestName","searchOpenDialogs":true,"interaction":{"idSuffix":"inner"}},"wdio_ui5_key":"requestCreationDialogrequestName"}]}
COMMAND: GET /session/11d9dd1dff2e8474394cea312909913e/screenshot - {}
RESULT: {}
RESULT: {"script":"<script> [1562 bytes]","args":[{"selector":{"id":"requestCreationDialog--requestName","searchOpenDialogs":true,"interaction":{"idSuffix":"inner"}},"wdio_ui5_key":"requestCreationDialogrequestName"}]}
RESULT: undefined
COMMAND: POST /session/11d9dd1dff2e8474394cea312909913e/execute/async - {"script":"<script> [776 bytes]","args":[{"enterText":"WebdriverTest","selector":{"id":"requestCreationDialog--requestName","searchOpenDialogs":true,"interaction":{"idSuffix":"inner"}},"clearTextFirst":true,"interactionType":"ENTER_TEXT"}]}
RESULT: {}
RESULT: {"script":"<script> [776 bytes]","args":[{"enterText":"WebdriverTest","selector":{"id":"requestCreationDialog--requestName","searchOpenDialogs":true,"interaction":{"idSuffix":"inner"}},"clearTextFirst":true,"interactionType":"ENTER_TEXT"}]}
COMMAND: POST /session/11d9dd1dff2e8474394cea312909913e/element - {"using":"xpath","value":"//input[contains(@id ,\"requestCreationDialog--contract-inner\")]"}
RESULT: {"using":"xpath","value":"//input[contains(@id ,\"requestCreationDialog--contract-inner\")]"}
COMMAND: POST /session/11d9dd1dff2e8474394cea312909913e/element/f.09F09CB41D560B0063FAD190E33335F4.d.FED99F759C7DBC2EB85439C87F26BAA5.e.2945/clear - {}
RESULT: {}
COMMAND: POST /session/11d9dd1dff2e8474394cea312909913e/element/f.09F09CB41D560B0063FAD190E33335F4.d.FED99F759C7DBC2EB85439C87F26BAA5.e.2945/value - {"text":"10373"}
COMMAND: GET /session/11d9dd1dff2e8474394cea312909913e/screenshot - {}
RESULT: {"text":"10373"}
COMMAND: GET /session/11d9dd1dff2e8474394cea312909913e/screenshot - {}
RESULT: {}
RESULT: {}
COMMAND: POST /session/11d9dd1dff2e8474394cea312909913e/actions - {"actions":[{"id":"action8","type":"key","parameters":{},"actions":[{"type":"keyDown","value":""},{"type":"pause","duration":10},{"type":"keyUp","value":""}]}]}
RESULT: {"actions":[{"id":"action8","type":"key","parameters":{},"actions":[{"type":"keyDown","value":""},{"type":"pause","duration":10},{"type":"keyUp","value":""}]}]}
COMMAND: GET /session/11d9dd1dff2e8474394cea312909913e/screenshot - {}
RESULT: {}
COMMAND: POST /session/11d9dd1dff2e8474394cea312909913e/element - {"using":"xpath","value":"//input[contains(@id ,\"requestCreationDialog--contract-inner\")]"}
RESULT: {"using":"xpath","value":"//input[contains(@id ,\"requestCreationDialog--contract-inner\")]"}
COMMAND: GET /session/11d9dd1dff2e8474394cea312909913e/element/f.09F09CB41D560B0063FAD190E33335F4.d.FED99F759C7DBC2EB85439C87F26BAA5.e.2945/property/value - {}
RESULT: {}
COMMAND: POST /session/11d9dd1dff2e8474394cea312909913e/element - {"using":"xpath","value":"//input[contains(@id ,\"requestCreationDialog--contract-inner\")]"}
COMMAND: GET /session/11d9dd1dff2e8474394cea312909913e/screenshot - {}
RESULT: {"using":"xpath","value":"//input[contains(@id ,\"requestCreationDialog--contract-inner\")]"}
COMMAND: POST /session/11d9dd1dff2e8474394cea312909913e/execute/async - {"script":"<script> [1562 bytes]","args":[{"selector":{"id":"requestCreationDialog--okButton","searchOpenDialogs":true,"interaction":{"idSuffix":"BDI-content"}},"wdio_ui5_key":"requestCreationDialogokButton"}]}
RESULT: {}
RESULT: {"script":"<script> [1562 bytes]","args":[{"selector":{"id":"requestCreationDialog--okButton","searchOpenDialogs":true,"interaction":{"idSuffix":"BDI-content"}},"wdio_ui5_key":"requestCreationDialogokButton"}]}
RESULT: undefined
COMMAND: POST /session/11d9dd1dff2e8474394cea312909913e/element - {"using":"xpath","value":"//*[@id=\"requestCreationDialog--okButton\"]"}
RESULT: {"using":"xpath","value":"//*[@id=\"requestCreationDialog--okButton\"]"}
COMMAND: POST /session/11d9dd1dff2e8474394cea312909913e/element/f.09F09CB41D560B0063FAD190E33335F4.d.FED99F759C7DBC2EB85439C87F26BAA5.e.2967/click - {}
RESULT: {}
COMMAND: GET /session/11d9dd1dff2e8474394cea312909913e/screenshot - {}
RESULT: {}
COMMAND: POST /session/11d9dd1dff2e8474394cea312909913e/element - {"using":"xpath","value":"//input[contains(@id ,\"searchFiledId-I\")]"}
RESULT: {"using":"xpath","value":"//input[contains(@id ,\"searchFiledId-I\")]"}
COMMAND: POST /session/11d9dd1dff2e8474394cea312909913e/element/f.09F09CB41D560B0063FAD190E33335F4.d.FED99F759C7DBC2EB85439C87F26BAA5.e.2936/value - {"text":"Dri-Prime CD150M Diesel Pump"}
RESULT: {"text":"Dri-Prime CD150M Diesel Pump"}
COMMAND: POST /session/11d9dd1dff2e8474394cea312909913e/actions - {"actions":[{"id":"action9","type":"key","parameters":{},"actions":[{"type":"keyDown","value":""},{"type":"pause","duration":10},{"type":"keyUp","value":""}]}]}
COMMAND: GET /session/11d9dd1dff2e8474394cea312909913e/screenshot - {}
RESULT: {"actions":[{"id":"action9","type":"key","parameters":{},"actions":[{"type":"keyDown","value":""},{"type":"pause","duration":10},{"type":"keyUp","value":""}]}]}
COMMAND: GET /session/11d9dd1dff2e8474394cea312909913e/screenshot - {}
RESULT: {}
RESULT: {}
COMMAND: POST /session/11d9dd1dff2e8474394cea312909913e/element - {"using":"xpath","value":"//span[contains(@id ,\"subTitle\")][contains(text(), \"Dri-Prime CD150M Diesel Pump\")]"}
RESULT: {"using":"xpath","value":"//span[contains(@id ,\"subTitle\")][contains(text(), \"Dri-Prime CD150M Diesel Pump\")]"}
COMMAND: POST /session/11d9dd1dff2e8474394cea312909913e/element/f.09F09CB41D560B0063FAD190E33335F4.d.FED99F759C7DBC2EB85439C87F26BAA5.e.2974/click - {}
RESULT: {}
COMMAND: GET /session/11d9dd1dff2e8474394cea312909913e/screenshot - {}
RESULT: {}
COMMAND: POST /session/11d9dd1dff2e8474394cea312909913e/execute/async - {"script":"<script> [1562 bytes]","args":[{"selector":{"controlType":"sap.m.Button","viewName":"etm.portal.ui.webshop.view.Homepage","i18NText":{"propertyName":"text","key":"addToRequest"},"interaction":{"idSuffix":"BDI-content"}},"wdio_ui5_key":"etmportal.ui.webshop.view.Homepagesap.m.Button{\"propertyName\":\"text\",\"key\":\"addToRequest\"}"}]}
RESULT: {"script":"<script> [1562 bytes]","args":[{"selector":{"controlType":"sap.m.Button","viewName":"etm.portal.ui.webshop.view.Homepage","i18NText":{"propertyName":"text","key":"addToRequest"},"interaction":{"idSuffix":"BDI-content"}},"wdio_ui5_key":"etmportal.ui.webshop.view.Homepagesap.m.Button{\"propertyName\":\"text\",\"key\":\"addToRequest\"}"}]}
RESULT: undefined
COMMAND: POST /session/11d9dd1dff2e8474394cea312909913e/element - {"using":"xpath","value":"//*[@id=\"__button134\"]"}
RESULT: {"using":"xpath","value":"//*[@id=\"__button134\"]"}
COMMAND: POST /session/11d9dd1dff2e8474394cea312909913e/element/f.09F09CB41D560B0063FAD190E33335F4.d.FED99F759C7DBC2EB85439C87F26BAA5.e.2987/click - {}
RESULT: {}
COMMAND: GET /session/11d9dd1dff2e8474394cea312909913e/screenshot - {}
RESULT: {}
COMMAND: POST /session/11d9dd1dff2e8474394cea312909913e/element - {"using":"xpath","value":"//*[contains(@id ,\"activeCartId-BDI-content\")]"}
RESULT: {"using":"xpath","value":"//*[contains(@id ,\"activeCartId-BDI-content\")]"}
COMMAND: POST /session/11d9dd1dff2e8474394cea312909913e/element/f.09F09CB41D560B0063FAD190E33335F4.d.FED99F759C7DBC2EB85439C87F26BAA5.e.2995/click - {}
RESULT: {}
COMMAND: GET /session/11d9dd1dff2e8474394cea312909913e/screenshot - {}
RESULT: {}
COMMAND: POST /session/11d9dd1dff2e8474394cea312909913e/element - {"using":"xpath","value":"//bdi[contains(text(), \"Check out my request\")]"}
RESULT: {"using":"xpath","value":"//bdi[contains(text(), \"Check out my request\")]"}
COMMAND: POST /session/11d9dd1dff2e8474394cea312909913e/element/f.09F09CB41D560B0063FAD190E33335F4.d.FED99F759C7DBC2EB85439C87F26BAA5.e.2997/click - {}
RESULT: {}
COMMAND: GET /session/11d9dd1dff2e8474394cea312909913e/screenshot - {}
RESULT: {}
COMMAND: POST /session/11d9dd1dff2e8474394cea312909913e/element - {"using":"xpath","value":"//*[contains(@data-kt ,\"webshopDetailYardLink\")]"}
RESULT: {"using":"xpath","value":"//*[contains(@data-kt ,\"webshopDetailYardLink\")]"}
COMMAND: POST /session/11d9dd1dff2e8474394cea312909913e/element/f.09F09CB41D560B0063FAD190E33335F4.d.FED99F759C7DBC2EB85439C87F26BAA5.e.3070/click - {}
RESULT: {}
COMMAND: POST /session/11d9dd1dff2e8474394cea312909913e/element - {"using":"xpath","value":"//*[contains(@data-kt ,\"ContextMenuId2Link\")][contains(text(), \"Yard Overview\")]"}
COMMAND: GET /session/11d9dd1dff2e8474394cea312909913e/screenshot - {}
RESULT: {"using":"xpath","value":"//*[contains(@data-kt ,\"ContextMenuId2Link\")][contains(text(), \"Yard Overview\")]"}
COMMAND: POST /session/11d9dd1dff2e8474394cea312909913e/execute/sync - {"script":"<script> [8489 bytes]","args":[{"element-6066-11e4-a52e-4f735466cecf":"f.09F09CB41D560B0063FAD190E33335F4.d.FED99F759C7DBC2EB85439C87F26BAA5.e.3072","ELEMENT":"f.09F09CB41D560B0063FAD190E33335F4.d.FED99F759C7DBC2EB85439C87F26BAA5.e.3072"}]}
COMMAND: POST /session/11d9dd1dff2e8474394cea312909913e/element - {"using":"xpath","value":"//*[contains(@data-kt ,\"ContextMenuId3Link\")][contains(text(), \"Yard Main Address\")]"}
RESULT: {}
RESULT: {"script":"<script> [8489 bytes]","args":[{"element-6066-11e4-a52e-4f735466cecf":"f.09F09CB41D560B0063FAD190E33335F4.d.FED99F759C7DBC2EB85439C87F26BAA5.e.3072","ELEMENT":"f.09F09CB41D560B0063FAD190E33335F4.d.FED99F759C7DBC2EB85439C87F26BAA5.e.3072"}]}
COMMAND: GET /session/11d9dd1dff2e8474394cea312909913e/screenshot - {}
RESULT: {"using":"xpath","value":"//*[contains(@data-kt ,\"ContextMenuId3Link\")][contains(text(), \"Yard Main Address\")]"}
COMMAND: POST /session/11d9dd1dff2e8474394cea312909913e/execute/sync - {"script":"<script> [8489 bytes]","args":[{"element-6066-11e4-a52e-4f735466cecf":"f.09F09CB41D560B0063FAD190E33335F4.d.FED99F759C7DBC2EB85439C87F26BAA5.e.3073","ELEMENT":"f.09F09CB41D560B0063FAD190E33335F4.d.FED99F759C7DBC2EB85439C87F26BAA5.e.3073"}]}
COMMAND: POST /session/11d9dd1dff2e8474394cea312909913e/element - {"using":"xpath","value":"//*[contains(@data-kt ,\"ContextMenuId2Link\")][contains(text(), \"Yard Overview\")]"}
RESULT: {}
RESULT: {"script":"<script> [8489 bytes]","args":[{"element-6066-11e4-a52e-4f735466cecf":"f.09F09CB41D560B0063FAD190E33335F4.d.FED99F759C7DBC2EB85439C87F26BAA5.e.3073","ELEMENT":"f.09F09CB41D560B0063FAD190E33335F4.d.FED99F759C7DBC2EB85439C87F26BAA5.e.3073"}]}
COMMAND: GET /session/11d9dd1dff2e8474394cea312909913e/screenshot - {}
RESULT: {"using":"xpath","value":"//*[contains(@data-kt ,\"ContextMenuId2Link\")][contains(text(), \"Yard Overview\")]"}
COMMAND: POST /session/11d9dd1dff2e8474394cea312909913e/element/f.09F09CB41D560B0063FAD190E33335F4.d.FED99F759C7DBC2EB85439C87F26BAA5.e.3072/click - {}
RESULT: {}
RESULT: {}
COMMAND: GET /session/11d9dd1dff2e8474394cea312909913e/screenshot - {}
RESULT: {}
COMMAND: POST /session/11d9dd1dff2e8474394cea312909913e/execute/async - {"script":"<script> [1562 bytes]","args":[{"selector":{"id":"shellAppTitle"},"wdio_ui5_key":"shellAppTitle"}]}
RESULT: {"script":"<script> [1562 bytes]","args":[{"selector":{"id":"shellAppTitle"},"wdio_ui5_key":"shellAppTitle"}]}
RESULT: undefined
COMMAND: POST /session/11d9dd1dff2e8474394cea312909913e/execute/async - {"script":"<script> [6424 bytes]","args":[{"element-6066-11e4-a52e-4f735466cecf":"f.09F09CB41D560B0063FAD190E33335F4.d.FED99F759C7DBC2EB85439C87F26BAA5.e.3205"},"getTitle",[]]}
RESULT: {"script":"<script> [6424 bytes]","args":[{"element-6066-11e4-a52e-4f735466cecf":"f.09F09CB41D560B0063FAD190E33335F4.d.FED99F759C7DBC2EB85439C87F26BAA5.e.3205"},"getTitle",[]]}
COMMAND: POST /session/11d9dd1dff2e8474394cea312909913e/element - {"using":"xpath","value":"//span[contains(@id ,\"title\")][contains(text(), \"WebdriverYardfazpc\")]"}
RESULT: {"using":"xpath","value":"//span[contains(@id ,\"title\")][contains(text(), \"WebdriverYardfazpc\")]"}
COMMAND: POST /session/11d9dd1dff2e8474394cea312909913e/execute/sync - {"script":"<script> [8489 bytes]","args":[{"element-6066-11e4-a52e-4f735466cecf":"f.09F09CB41D560B0063FAD190E33335F4.d.FED99F759C7DBC2EB85439C87F26BAA5.e.3206","ELEMENT":"f.09F09CB41D560B0063FAD190E33335F4.d.FED99F759C7DBC2EB85439C87F26BAA5.e.3206"}]}
COMMAND: POST /session/11d9dd1dff2e8474394cea312909913e/execute/async - {"script":"<script> [1562 bytes]","args":[{"selector":{"id":"backBtn"},"wdio_ui5_key":"backBtn"}]}
RESULT: {"script":"<script> [8489 bytes]","args":[{"element-6066-11e4-a52e-4f735466cecf":"f.09F09CB41D560B0063FAD190E33335F4.d.FED99F759C7DBC2EB85439C87F26BAA5.e.3206","ELEMENT":"f.09F09CB41D560B0063FAD190E33335F4.d.FED99F759C7DBC2EB85439C87F26BAA5.e.3206"}]}
COMMAND: GET /session/11d9dd1dff2e8474394cea312909913e/screenshot - {}
RESULT: {"script":"<script> [1562 bytes]","args":[{"selector":{"id":"backBtn"},"wdio_ui5_key":"backBtn"}]}
RESULT: undefined
COMMAND: POST /session/11d9dd1dff2e8474394cea312909913e/element - {"using":"xpath","value":"//*[@id=\"backBtn\"]"}
COMMAND: POST /session/11d9dd1dff2e8474394cea312909913e/execute/sync - {"script":"<script> [8489 bytes]","args":[{"element-6066-11e4-a52e-4f735466cecf":"f.09F09CB41D560B0063FAD190E33335F4.d.FED99F759C7DBC2EB85439C87F26BAA5.e.3206","ELEMENT":"f.09F09CB41D560B0063FAD190E33335F4.d.FED99F759C7DBC2EB85439C87F26BAA5.e.3206"}]}
RESULT: {}
RESULT: {"using":"xpath","value":"//*[@id=\"backBtn\"]"}
COMMAND: POST /session/11d9dd1dff2e8474394cea312909913e/element/f.09F09CB41D560B0063FAD190E33335F4.d.FED99F759C7DBC2EB85439C87F26BAA5.e.3207/click - {}
RESULT: {"script":"<script> [8489 bytes]","args":[{"element-6066-11e4-a52e-4f735466cecf":"f.09F09CB41D560B0063FAD190E33335F4.d.FED99F759C7DBC2EB85439C87F26BAA5.e.3206","ELEMENT":"f.09F09CB41D560B0063FAD190E33335F4.d.FED99F759C7DBC2EB85439C87F26BAA5.e.3206"}]}
COMMAND: GET /session/11d9dd1dff2e8474394cea312909913e/screenshot - {}
RESULT: {}
COMMAND: GET /session/11d9dd1dff2e8474394cea312909913e/screenshot - {}
COMMAND: POST /session/11d9dd1dff2e8474394cea312909913e/execute/sync - {"script":"<script> [8489 bytes]","args":[{"element-6066-11e4-a52e-4f735466cecf":"f.09F09CB41D560B0063FAD190E33335F4.d.FED99F759C7DBC2EB85439C87F26BAA5.e.3206","ELEMENT":"f.09F09CB41D560B0063FAD190E33335F4.d.FED99F759C7DBC2EB85439C87F26BAA5.e.3206"}]}
RESULT: {}
RESULT: {}
COMMAND: POST /session/11d9dd1dff2e8474394cea312909913e/element - {"using":"xpath","value":"//span[contains(@id ,\"title\")][contains(text(), \"WebdriverYardfazpc\")]"}
RESULT: {"using":"xpath","value":"//span[contains(@id ,\"title\")][contains(text(), \"WebdriverYardfazpc\")]"}
COMMAND: POST /session/11d9dd1dff2e8474394cea312909913e/element - {"using":"xpath","value":"//span[contains(@id ,\"title\")][contains(text(), \"WebdriverYardfazpc\")]"}
RESULT: {"using":"xpath","value":"//span[contains(@id ,\"title\")][contains(text(), \"WebdriverYardfazpc\")]"}
COMMAND: POST /session/11d9dd1dff2e8474394cea312909913e/element - {"using":"xpath","value":"//span[contains(@id ,\"title\")][contains(text(), \"WebdriverYardfazpc\")]"}
RESULT: {"using":"xpath","value":"//span[contains(@id ,\"title\")][contains(text(), \"WebdriverYardfazpc\")]"}
COMMAND: POST /session/11d9dd1dff2e8474394cea312909913e/element - {"using":"xpath","value":"//span[contains(@id ,\"title\")][contains(text(), \"WebdriverYardfazpc\")]"}
RESULT: {"using":"xpath","value":"//span[contains(@id ,\"title\")][contains(text(), \"WebdriverYardfazpc\")]"}
COMMAND: POST /session/11d9dd1dff2e8474394cea312909913e/element - {"using":"xpath","value":"//span[contains(@id ,\"title\")][contains(text(), \"WebdriverYardfazpc\")]"}
RESULT: {"using":"xpath","value":"//span[contains(@id ,\"title\")][contains(text(), \"WebdriverYardfazpc\")]"}
COMMAND: POST /session/11d9dd1dff2e8474394cea312909913e/element - {"using":"xpath","value":"//span[contains(@id ,\"title\")][contains(text(), \"WebdriverYardfazpc\")]"}
RESULT: {"using":"xpath","value":"//span[contains(@id ,\"title\")][contains(text(), \"WebdriverYardfazpc\")]"}
COMMAND: POST /session/11d9dd1dff2e8474394cea312909913e/element - {"using":"xpath","value":"//span[contains(@id ,\"title\")][contains(text(), \"WebdriverYardfazpc\")]"}
RESULT: {"using":"xpath","value":"//span[contains(@id ,\"title\")][contains(text(), \"WebdriverYardfazpc\")]"}
COMMAND: POST /session/11d9dd1dff2e8474394cea312909913e/element - {"using":"xpath","value":"//span[contains(@id ,\"title\")][contains(text(), \"WebdriverYardfazpc\")]"}
RESULT: {"using":"xpath","value":"//span[contains(@id ,\"title\")][contains(text(), \"WebdriverYardfazpc\")]"}
COMMAND: POST /session/11d9dd1dff2e8474394cea312909913e/element - {"using":"xpath","value":"//span[contains(@id ,\"title\")][contains(text(), \"WebdriverYardfazpc\")]"}
RESULT: {"using":"xpath","value":"//span[contains(@id ,\"title\")][contains(text(), \"WebdriverYardfazpc\")]"}
COMMAND: POST /session/11d9dd1dff2e8474394cea312909913e/element - {"using":"xpath","value":"//span[contains(@id ,\"title\")][contains(text(), \"WebdriverYardfazpc\")]"}
RESULT: {"using":"xpath","value":"//span[contains(@id ,\"title\")][contains(text(), \"WebdriverYardfazpc\")]"}
COMMAND: POST /session/11d9dd1dff2e8474394cea312909913e/element - {"using":"xpath","value":"//span[contains(@id ,\"title\")][contains(text(), \"WebdriverYardfazpc\")]"}
RESULT: {"using":"xpath","value":"//span[contains(@id ,\"title\")][contains(text(), \"WebdriverYardfazpc\")]"}
COMMAND: POST /session/11d9dd1dff2e8474394cea312909913e/element - {"using":"xpath","value":"//span[contains(@id ,\"title\")][contains(text(), \"WebdriverYardfazpc\")]"}
RESULT: {"using":"xpath","value":"//span[contains(@id ,\"title\")][contains(text(), \"WebdriverYardfazpc\")]"}
COMMAND: POST /session/11d9dd1dff2e8474394cea312909913e/element - {"using":"xpath","value":"//span[contains(@id ,\"title\")][contains(text(), \"WebdriverYardfazpc\")]"}
RESULT: {"using":"xpath","value":"//span[contains(@id ,\"title\")][contains(text(), \"WebdriverYardfazpc\")]"}
COMMAND: POST /session/11d9dd1dff2e8474394cea312909913e/element - {"using":"xpath","value":"//span[contains(@id ,\"title\")][contains(text(), \"WebdriverYardfazpc\")]"}
RESULT: {"using":"xpath","value":"//span[contains(@id ,\"title\")][contains(text(), \"WebdriverYardfazpc\")]"}
COMMAND: POST /session/11d9dd1dff2e8474394cea312909913e/element - {"using":"xpath","value":"//*[contains(@data-kt ,\"webshopDetailYardLink\")]"}
RESULT: {"using":"xpath","value":"//*[contains(@data-kt ,\"webshopDetailYardLink\")]"}
COMMAND: POST /session/11d9dd1dff2e8474394cea312909913e/execute/sync - {"script":"<script> [8489 bytes]","args":[{"element-6066-11e4-a52e-4f735466cecf":"f.09F09CB41D560B0063FAD190E33335F4.d.FED99F759C7DBC2EB85439C87F26BAA5.e.3375","ELEMENT":"f.09F09CB41D560B0063FAD190E33335F4.d.FED99F759C7DBC2EB85439C87F26BAA5.e.3375"}]}
RESULT: {"script":"<script> [8489 bytes]","args":[{"element-6066-11e4-a52e-4f735466cecf":"f.09F09CB41D560B0063FAD190E33335F4.d.FED99F759C7DBC2EB85439C87F26BAA5.e.3375","ELEMENT":"f.09F09CB41D560B0063FAD190E33335F4.d.FED99F759C7DBC2EB85439C87F26BAA5.e.3375"}]}
COMMAND: POST /session/11d9dd1dff2e8474394cea312909913e/execute/sync - {"script":"<script> [5351 bytes]","args":[{"element-6066-11e4-a52e-4f735466cecf":"f.09F09CB41D560B0063FAD190E33335F4.d.FED99F759C7DBC2EB85439C87F26BAA5.e.3375","ELEMENT":"f.09F09CB41D560B0063FAD190E33335F4.d.FED99F759C7DBC2EB85439C87F26BAA5.e.3375"}]}
COMMAND: GET /session/11d9dd1dff2e8474394cea312909913e/screenshot - {}
RESULT: {"script":"<script> [5351 bytes]","args":[{"element-6066-11e4-a52e-4f735466cecf":"f.09F09CB41D560B0063FAD190E33335F4.d.FED99F759C7DBC2EB85439C87F26BAA5.e.3375","ELEMENT":"f.09F09CB41D560B0063FAD190E33335F4.d.FED99F759C7DBC2EB85439C87F26BAA5.e.3375"}]}
COMMAND: POST /session/11d9dd1dff2e8474394cea312909913e/element - {"using":"xpath","value":"//*[contains(@data-kt ,\"webshopDetailYardLink\")]"}
COMMAND: GET /session/11d9dd1dff2e8474394cea312909913e/screenshot - {}
RESULT: {}
COMMAND: POST /session/11d9dd1dff2e8474394cea312909913e/element - {"using":"xpath","value":"//span[contains(@id ,\"title\")][contains(text(), \"WebdriverYardfazpc\")]"}
RESULT: {"using":"xpath","value":"//*[contains(@data-kt ,\"webshopDetailYardLink\")]"}
COMMAND: POST /session/11d9dd1dff2e8474394cea312909913e/element/f.09F09CB41D560B0063FAD190E33335F4.d.FED99F759C7DBC2EB85439C87F26BAA5.e.3375/click - {}
RESULT: {}
RESULT: {"using":"xpath","value":"//span[contains(@id ,\"title\")][contains(text(), \"WebdriverYardfazpc\")]"}
COMMAND: POST /session/11d9dd1dff2e8474394cea312909913e/element - {"using":"xpath","value":"//span[contains(@id ,\"title\")][contains(text(), \"WebdriverYardfazpc\")]"}
RESULT: {}
COMMAND: GET /session/11d9dd1dff2e8474394cea312909913e/screenshot - {}
RESULT: {"using":"xpath","value":"//span[contains(@id ,\"title\")][contains(text(), \"WebdriverYardfazpc\")]"}
COMMAND: POST /session/11d9dd1dff2e8474394cea312909913e/execute/sync - {"script":"<script> [8489 bytes]","args":[{"element-6066-11e4-a52e-4f735466cecf":"f.09F09CB41D560B0063FAD190E33335F4.d.FED99F759C7DBC2EB85439C87F26BAA5.e.3377","ELEMENT":"f.09F09CB41D560B0063FAD190E33335F4.d.FED99F759C7DBC2EB85439C87F26BAA5.e.3377"}]}
RESULT: {}
RESULT: {"script":"<script> [8489 bytes]","args":[{"element-6066-11e4-a52e-4f735466cecf":"f.09F09CB41D560B0063FAD190E33335F4.d.FED99F759C7DBC2EB85439C87F26BAA5.e.3377","ELEMENT":"f.09F09CB41D560B0063FAD190E33335F4.d.FED99F759C7DBC2EB85439C87F26BAA5.e.3377"}]}
COMMAND: GET /session/11d9dd1dff2e8474394cea312909913e/screenshot - {}
RESULT: {}
COMMAND: POST /session/11d9dd1dff2e8474394cea312909913e/element - {"using":"xpath","value":"//*[contains(@data-kt ,\"ContextMenuId3Link\")][contains(text(), \"Yard Main Address\")]"}
RESULT: {"using":"xpath","value":"//*[contains(@data-kt ,\"ContextMenuId3Link\")][contains(text(), \"Yard Main Address\")]"}
COMMAND: POST /session/11d9dd1dff2e8474394cea312909913e/element/f.09F09CB41D560B0063FAD190E33335F4.d.FED99F759C7DBC2EB85439C87F26BAA5.e.3378/click - {}
RESULT: {}
COMMAND: GET /session/11d9dd1dff2e8474394cea312909913e/screenshot - {}
RESULT: {}
COMMAND: POST /session/11d9dd1dff2e8474394cea312909913e/execute/async - {"script":"<script> [1562 bytes]","args":[{"selector":{"id":"application-addressmanagement-display-component---masterAdm--title1"},"wdio_ui5_key":"applicationaddressmanagement-display-component---masterAdm--title1"}]}
RESULT: {"script":"<script> [1562 bytes]","args":[{"selector":{"id":"application-addressmanagement-display-component---masterAdm--title1"},"wdio_ui5_key":"applicationaddressmanagement-display-component---masterAdm--title1"}]}
RESULT: undefined
COMMAND: POST /session/11d9dd1dff2e8474394cea312909913e/execute/async - {"script":"<script> [6424 bytes]","args":[{"element-6066-11e4-a52e-4f735466cecf":"f.09F09CB41D560B0063FAD190E33335F4.d.FED99F759C7DBC2EB85439C87F26BAA5.e.3652"},"getText",[]]}
RESULT: {"script":"<script> [6424 bytes]","args":[{"element-6066-11e4-a52e-4f735466cecf":"f.09F09CB41D560B0063FAD190E33335F4.d.FED99F759C7DBC2EB85439C87F26BAA5.e.3652"},"getText",[]]}
COMMAND: POST /session/11d9dd1dff2e8474394cea312909913e/element - {"using":"xpath","value":"//span[contains(text(), \"WebdriverYardjjtihg\")][contains(@id ,\"application-addressmanagement-display-component---detailAdm--addressDetailDetailsName1\")]"}
RESULT: {"using":"xpath","value":"//span[contains(text(), \"WebdriverYardjjtihg\")][contains(@id ,\"application-addressmanagement-display-component---detailAdm--addressDetailDetailsName1\")]"}
COMMAND: POST /session/11d9dd1dff2e8474394cea312909913e/element - {"using":"xpath","value":"//span[contains(text(), \"WebdriverYardjjtihg\")][contains(@id ,\"application-addressmanagement-display-component---detailAdm--addressDetailDetailsName1\")]"}
RESULT: undefined
COMMAND: POST /session/11d9dd1dff2e8474394cea312909913e/element - {"using":"xpath","value":"//*[@id=\"backBtn\"]"}
RESULT: {"using":"xpath","value":"//span[contains(text(), \"WebdriverYardjjtihg\")][contains(@id ,\"application-addressmanagement-display-component---detailAdm--addressDetailDetailsName1\")]"}
RESULT: {"using":"xpath","value":"//*[@id=\"backBtn\"]"}
COMMAND: POST /session/11d9dd1dff2e8474394cea312909913e/element/f.09F09CB41D560B0063FAD190E33335F4.d.FED99F759C7DBC2EB85439C87F26BAA5.e.3207/click - {}
RESULT: {}
COMMAND: GET /session/11d9dd1dff2e8474394cea312909913e/screenshot - {}
COMMAND: POST /session/11d9dd1dff2e8474394cea312909913e/element - {"using":"xpath","value":"//span[contains(text(), \"WebdriverYardjjtihg\")][contains(@id ,\"application-addressmanagement-display-component---detailAdm--addressDetailDetailsName1\")]"}
RESULT: {}
RESULT: {"using":"xpath","value":"//span[contains(text(), \"WebdriverYardjjtihg\")][contains(@id ,\"application-addressmanagement-display-component---detailAdm--addressDetailDetailsName1\")]"}
COMMAND: POST /session/11d9dd1dff2e8474394cea312909913e/element - {"using":"xpath","value":"//span[contains(text(), \"WebdriverYardjjtihg\")][contains(@id ,\"application-addressmanagement-display-component---detailAdm--addressDetailDetailsName1\")]"}
RESULT: {"using":"xpath","value":"//span[contains(text(), \"WebdriverYardjjtihg\")][contains(@id ,\"application-addressmanagement-display-component---detailAdm--addressDetailDetailsName1\")]"}
COMMAND: POST /session/11d9dd1dff2e8474394cea312909913e/element - {"using":"xpath","value":"//span[contains(text(), \"WebdriverYardjjtihg\")][contains(@id ,\"application-addressmanagement-display-component---detailAdm--addressDetailDetailsName1\")]"}
RESULT: {"using":"xpath","value":"//span[contains(text(), \"WebdriverYardjjtihg\")][contains(@id ,\"application-addressmanagement-display-component---detailAdm--addressDetailDetailsName1\")]"}
COMMAND: POST /session/11d9dd1dff2e8474394cea312909913e/element - {"using":"xpath","value":"//span[contains(text(), \"WebdriverYardjjtihg\")][contains(@id ,\"application-addressmanagement-display-component---detailAdm--addressDetailDetailsName1\")]"}
RESULT: {"using":"xpath","value":"//span[contains(text(), \"WebdriverYardjjtihg\")][contains(@id ,\"application-addressmanagement-display-component---detailAdm--addressDetailDetailsName1\")]"}
COMMAND: POST /session/11d9dd1dff2e8474394cea312909913e/element - {"using":"xpath","value":"//span[contains(text(), \"WebdriverYardjjtihg\")][contains(@id ,\"application-addressmanagement-display-component---detailAdm--addressDetailDetailsName1\")]"}
RESULT: {"using":"xpath","value":"//span[contains(text(), \"WebdriverYardjjtihg\")][contains(@id ,\"application-addressmanagement-display-component---detailAdm--addressDetailDetailsName1\")]"}
COMMAND: POST /session/11d9dd1dff2e8474394cea312909913e/execute/sync - {"script":"<script> [8489 bytes]","args":[{"element-6066-11e4-a52e-4f735466cecf":"f.09F09CB41D560B0063FAD190E33335F4.d.FED99F759C7DBC2EB85439C87F26BAA5.e.3375","ELEMENT":"f.09F09CB41D560B0063FAD190E33335F4.d.FED99F759C7DBC2EB85439C87F26BAA5.e.3375"}]}
COMMAND: POST /session/11d9dd1dff2e8474394cea312909913e/element - {"using":"xpath","value":"//*[contains(@data-kt ,\"webshopDetailYardLink\")]"}
RESULT: {"using":"xpath","value":"//*[contains(@data-kt ,\"webshopDetailYardLink\")]"}
COMMAND: POST /session/11d9dd1dff2e8474394cea312909913e/execute/sync - {"script":"<script> [8489 bytes]","args":[{"element-6066-11e4-a52e-4f735466cecf":"f.09F09CB41D560B0063FAD190E33335F4.d.FED99F759C7DBC2EB85439C87F26BAA5.e.3822","ELEMENT":"f.09F09CB41D560B0063FAD190E33335F4.d.FED99F759C7DBC2EB85439C87F26BAA5.e.3822"}]}
RESULT: {"script":"<script> [8489 bytes]","args":[{"element-6066-11e4-a52e-4f735466cecf":"f.09F09CB41D560B0063FAD190E33335F4.d.FED99F759C7DBC2EB85439C87F26BAA5.e.3822","ELEMENT":"f.09F09CB41D560B0063FAD190E33335F4.d.FED99F759C7DBC2EB85439C87F26BAA5.e.3822"}]}
COMMAND: POST /session/11d9dd1dff2e8474394cea312909913e/execute/sync - {"script":"<script> [5351 bytes]","args":[{"element-6066-11e4-a52e-4f735466cecf":"f.09F09CB41D560B0063FAD190E33335F4.d.FED99F759C7DBC2EB85439C87F26BAA5.e.3822","ELEMENT":"f.09F09CB41D560B0063FAD190E33335F4.d.FED99F759C7DBC2EB85439C87F26BAA5.e.3822"}]}
COMMAND: GET /session/11d9dd1dff2e8474394cea312909913e/screenshot - {}
RESULT: {"script":"<script> [5351 bytes]","args":[{"element-6066-11e4-a52e-4f735466cecf":"f.09F09CB41D560B0063FAD190E33335F4.d.FED99F759C7DBC2EB85439C87F26BAA5.e.3822","ELEMENT":"f.09F09CB41D560B0063FAD190E33335F4.d.FED99F759C7DBC2EB85439C87F26BAA5.e.3822"}]}
COMMAND: POST /session/11d9dd1dff2e8474394cea312909913e/element - {"using":"xpath","value":"//*[contains(@data-kt ,\"webshopDetailYardLink\")]"}
COMMAND: GET /session/11d9dd1dff2e8474394cea312909913e/screenshot - {}
COMMAND: POST /session/11d9dd1dff2e8474394cea312909913e/element - {"using":"xpath","value":"//span[contains(text(), \"WebdriverYardjjtihg\")][contains(@id ,\"application-addressmanagement-display-component---detailAdm--addressDetailDetailsName1\")]"}
RESULT: {}
RESULT: {"using":"xpath","value":"//*[contains(@data-kt ,\"webshopDetailYardLink\")]"}
COMMAND: POST /session/11d9dd1dff2e8474394cea312909913e/element/f.09F09CB41D560B0063FAD190E33335F4.d.FED99F759C7DBC2EB85439C87F26BAA5.e.3822/click - {}
RESULT: {}
RESULT: {"using":"xpath","value":"//span[contains(text(), \"WebdriverYardjjtihg\")][contains(@id ,\"application-addressmanagement-display-component---detailAdm--addressDetailDetailsName1\")]"}
RESULT: {}
COMMAND: GET /session/11d9dd1dff2e8474394cea312909913e/screenshot - {}
RESULT: {}
COMMAND: POST /session/11d9dd1dff2e8474394cea312909913e/element - {"using":"xpath","value":"//span[contains(text(), \"WebdriverYardjjtihg\")][contains(@id ,\"application-addressmanagement-display-component---detailAdm--addressDetailDetailsName1\")]"}
RESULT: {"using":"xpath","value":"//span[contains(text(), \"WebdriverYardjjtihg\")][contains(@id ,\"application-addressmanagement-display-component---detailAdm--addressDetailDetailsName1\")]"}
COMMAND: POST /session/11d9dd1dff2e8474394cea312909913e/element - {"using":"xpath","value":"//span[contains(text(), \"WebdriverYardjjtihg\")][contains(@id ,\"application-addressmanagement-display-component---detailAdm--addressDetailDetailsName1\")]"}
RESULT: {"using":"xpath","value":"//span[contains(text(), \"WebdriverYardjjtihg\")][contains(@id ,\"application-addressmanagement-display-component---detailAdm--addressDetailDetailsName1\")]"}
COMMAND: POST /session/11d9dd1dff2e8474394cea312909913e/element - {"using":"xpath","value":"//span[contains(text(), \"WebdriverYardjjtihg\")][contains(@id ,\"application-addressmanagement-display-component---detailAdm--addressDetailDetailsName1\")]"}
RESULT: {"using":"xpath","value":"//span[contains(text(), \"WebdriverYardjjtihg\")][contains(@id ,\"application-addressmanagement-display-component---detailAdm--addressDetailDetailsName1\")]"}
COMMAND: POST /session/11d9dd1dff2e8474394cea312909913e/element - {"using":"xpath","value":"//button[contains(@data-kt ,\"ContextMenuExternalId2Link\")]"}
RESULT: {"using":"xpath","value":"//button[contains(@data-kt ,\"ContextMenuExternalId2Link\")]"}
COMMAND: POST /session/11d9dd1dff2e8474394cea312909913e/element/f.09F09CB41D560B0063FAD190E33335F4.d.FED99F759C7DBC2EB85439C87F26BAA5.e.3823/click - {}
RESULT: {}
COMMAND: GET /session/11d9dd1dff2e8474394cea312909913e/screenshot - {}
COMMAND: POST /session/11d9dd1dff2e8474394cea312909913e/element - {"using":"xpath","value":"//span[contains(text(), \"WebdriverYardjjtihg\")][contains(@id ,\"application-addressmanagement-display-component---detailAdm--addressDetailDetailsName1\")]"}
RESULT: {}
RESULT: {"using":"xpath","value":"//span[contains(text(), \"WebdriverYardjjtihg\")][contains(@id ,\"application-addressmanagement-display-component---detailAdm--addressDetailDetailsName1\")]"}
COMMAND: POST /session/11d9dd1dff2e8474394cea312909913e/element - {"using":"xpath","value":"//span[contains(text(), \"WebdriverYardjjtihg\")][contains(@id ,\"application-addressmanagement-display-component---detailAdm--addressDetailDetailsName1\")]"}
RESULT: {"using":"xpath","value":"//span[contains(text(), \"WebdriverYardjjtihg\")][contains(@id ,\"application-addressmanagement-display-component---detailAdm--addressDetailDetailsName1\")]"}
COMMAND: POST /session/11d9dd1dff2e8474394cea312909913e/element - {"using":"xpath","value":"//span[contains(text(), \"WebdriverYardjjtihg\")][contains(@id ,\"application-addressmanagement-display-component---detailAdm--addressDetailDetailsName1\")]"}
RESULT: {"using":"xpath","value":"//span[contains(text(), \"WebdriverYardjjtihg\")][contains(@id ,\"application-addressmanagement-display-component---detailAdm--addressDetailDetailsName1\")]"}
COMMAND: POST /session/11d9dd1dff2e8474394cea312909913e/element - {"using":"xpath","value":"//span[contains(text(), \"WebdriverYardjjtihg\")][contains(@id ,\"application-addressmanagement-display-component---detailAdm--addressDetailDetailsName1\")]"}
RESULT: {"using":"xpath","value":"//span[contains(text(), \"WebdriverYardjjtihg\")][contains(@id ,\"application-addressmanagement-display-component---detailAdm--addressDetailDetailsName1\")]"}
COMMAND: POST /session/11d9dd1dff2e8474394cea312909913e/element - {"using":"xpath","value":"//span[contains(text(), \"WebdriverYardjjtihg\")][contains(@id ,\"application-addressmanagement-display-component---detailAdm--addressDetailDetailsName1\")]"}
RESULT: {"using":"xpath","value":"//span[contains(text(), \"WebdriverYardjjtihg\")][contains(@id ,\"application-addressmanagement-display-component---detailAdm--addressDetailDetailsName1\")]"}
COMMAND: POST /session/11d9dd1dff2e8474394cea312909913e/element - {"using":"xpath","value":"//span[contains(text(), \"WebdriverYardjjtihg\")][contains(@id ,\"application-addressmanagement-display-component---detailAdm--addressDetailDetailsName1\")]"}
RESULT: {"using":"xpath","value":"//span[contains(text(), \"WebdriverYardjjtihg\")][contains(@id ,\"application-addressmanagement-display-component---detailAdm--addressDetailDetailsName1\")]"}
COMMAND: POST /session/11d9dd1dff2e8474394cea312909913e/element - {"using":"xpath","value":"//span[contains(text(), \"WebdriverYardjjtihg\")][contains(@id ,\"application-addressmanagement-display-component---detailAdm--addressDetailDetailsName1\")]"}
RESULT: {"using":"xpath","value":"//span[contains(text(), \"WebdriverYardjjtihg\")][contains(@id ,\"application-addressmanagement-display-component---detailAdm--addressDetailDetailsName1\")]"}
COMMAND: POST /session/11d9dd1dff2e8474394cea312909913e/element - {"using":"xpath","value":"//span[contains(text(), \"WebdriverYardjjtihg\")][contains(@id ,\"application-addressmanagement-display-component---detailAdm--addressDetailDetailsName1\")]"}
RESULT: {"using":"xpath","value":"//span[contains(text(), \"WebdriverYardjjtihg\")][contains(@id ,\"application-addressmanagement-display-component---detailAdm--addressDetailDetailsName1\")]"}
COMMAND: POST /session/11d9dd1dff2e8474394cea312909913e/element - {"using":"xpath","value":"//span[contains(text(), \"WebdriverYardjjtihg\")][contains(@id ,\"application-addressmanagement-display-component---detailAdm--addressDetailDetailsName1\")]"}
RESULT: {"using":"xpath","value":"//span[contains(text(), \"WebdriverYardjjtihg\")][contains(@id ,\"application-addressmanagement-display-component---detailAdm--addressDetailDetailsName1\")]"}
COMMAND: POST /session/11d9dd1dff2e8474394cea312909913e/element - {"using":"xpath","value":"//span[contains(text(), \"WebdriverYardjjtihg\")][contains(@id ,\"application-addressmanagement-display-component---detailAdm--addressDetailDetailsName1\")]"}
RESULT: {"using":"xpath","value":"//span[contains(text(), \"WebdriverYardjjtihg\")][contains(@id ,\"application-addressmanagement-display-component---detailAdm--addressDetailDetailsName1\")]"}
COMMAND: POST /session/11d9dd1dff2e8474394cea312909913e/element - {"using":"xpath","value":"//span[contains(text(), \"WebdriverYardjjtihg\")][contains(@id ,\"application-addressmanagement-display-component---detailAdm--addressDetailDetailsName1\")]"}
RESULT: {"using":"xpath","value":"//span[contains(text(), \"WebdriverYardjjtihg\")][contains(@id ,\"application-addressmanagement-display-component---detailAdm--addressDetailDetailsName1\")]"}
COMMAND: POST /session/11d9dd1dff2e8474394cea312909913e/element - {"using":"xpath","value":"//span[contains(text(), \"WebdriverYardjjtihg\")][contains(@id ,\"application-addressmanagement-display-component---detailAdm--addressDetailDetailsName1\")]"}
RESULT: {"using":"xpath","value":"//span[contains(text(), \"WebdriverYardjjtihg\")][contains(@id ,\"application-addressmanagement-display-component---detailAdm--addressDetailDetailsName1\")]"}
COMMAND: POST /session/11d9dd1dff2e8474394cea312909913e/element - {"using":"xpath","value":"//span[contains(text(), \"WebdriverYardjjtihg\")][contains(@id ,\"application-addressmanagement-display-component---detailAdm--addressDetailDetailsName1\")]"}
RESULT: {"using":"xpath","value":"//span[contains(text(), \"WebdriverYardjjtihg\")][contains(@id ,\"application-addressmanagement-display-component---detailAdm--addressDetailDetailsName1\")]"}
COMMAND: GET /session/11d9dd1dff2e8474394cea312909913e/window/handles - {}
RESULT: {}
COMMAND: POST /session/11d9dd1dff2e8474394cea312909913e/window - {"handle":"3C78D73A3406999C709F8D53EBB82C74"}
RESULT: {"handle":"3C78D73A3406999C709F8D53EBB82C74"}
COMMAND: GET /session/11d9dd1dff2e8474394cea312909913e/url - {}
RESULT: {}
COMMAND: GET /session/11d9dd1dff2e8474394cea312909913e/screenshot - {}
COMMAND: POST /session/11d9dd1dff2e8474394cea312909913e/element - {"using":"xpath","value":"//span[contains(text(), \"WebdriverYardjjtihg\")][contains(@id ,\"application-addressmanagement-display-component---detailAdm--addressDetailDetailsName1\")]"}
RESULT: {}
RESULT: {"using":"xpath","value":"//span[contains(text(), \"WebdriverYardjjtihg\")][contains(@id ,\"application-addressmanagement-display-component---detailAdm--addressDetailDetailsName1\")]"}
COMMAND: POST /session/11d9dd1dff2e8474394cea312909913e/element - {"using":"xpath","value":"//span[contains(text(), \"WebdriverYardjjtihg\")][contains(@id ,\"application-addressmanagement-display-component---detailAdm--addressDetailDetailsName1\")]"}
RESULT: {"using":"xpath","value":"//span[contains(text(), \"WebdriverYardjjtihg\")][contains(@id ,\"application-addressmanagement-display-component---detailAdm--addressDetailDetailsName1\")]"}
COMMAND: POST /session/11d9dd1dff2e8474394cea312909913e/element - {"using":"xpath","value":"//span[contains(text(), \"WebdriverYardjjtihg\")][contains(@id ,\"application-addressmanagement-display-component---detailAdm--addressDetailDetailsName1\")]"}
RESULT: {"using":"xpath","value":"//span[contains(text(), \"WebdriverYardjjtihg\")][contains(@id ,\"application-addressmanagement-display-component---detailAdm--addressDetailDetailsName1\")]"}
COMMAND: POST /session/11d9dd1dff2e8474394cea312909913e/element - {"using":"xpath","value":"//span[contains(text(), \"WebdriverYardjjtihg\")][contains(@id ,\"application-addressmanagement-display-component---detailAdm--addressDetailDetailsName1\")]"}
RESULT: {"using":"xpath","value":"//span[contains(text(), \"WebdriverYardjjtihg\")][contains(@id ,\"application-addressmanagement-display-component---detailAdm--addressDetailDetailsName1\")]"}
COMMAND: POST /session/11d9dd1dff2e8474394cea312909913e/element - {"using":"xpath","value":"//span[contains(text(), \"WebdriverYardjjtihg\")][contains(@id ,\"application-addressmanagement-display-component---detailAdm--addressDetailDetailsName1\")]"}
RESULT: {"using":"xpath","value":"//span[contains(text(), \"WebdriverYardjjtihg\")][contains(@id ,\"application-addressmanagement-display-component---detailAdm--addressDetailDetailsName1\")]"}
COMMAND: POST /session/11d9dd1dff2e8474394cea312909913e/element - {"using":"xpath","value":"//span[contains(text(), \"WebdriverYardjjtihg\")][contains(@id ,\"application-addressmanagement-display-component---detailAdm--addressDetailDetailsName1\")]"}
RESULT: {"using":"xpath","value":"//span[contains(text(), \"WebdriverYardjjtihg\")][contains(@id ,\"application-addressmanagement-display-component---detailAdm--addressDetailDetailsName1\")]"}
COMMAND: POST /session/11d9dd1dff2e8474394cea312909913e/element - {"using":"xpath","value":"//span[contains(text(), \"WebdriverYardjjtihg\")][contains(@id ,\"application-addressmanagement-display-component---detailAdm--addressDetailDetailsName1\")]"}
RESULT: {"using":"xpath","value":"//span[contains(text(), \"WebdriverYardjjtihg\")][contains(@id ,\"application-addressmanagement-display-component---detailAdm--addressDetailDetailsName1\")]"}
COMMAND: POST /session/11d9dd1dff2e8474394cea312909913e/element - {"using":"xpath","value":"//span[contains(text(), \"WebdriverYardjjtihg\")][contains(@id ,\"application-addressmanagement-display-component---detailAdm--addressDetailDetailsName1\")]"}
RESULT: {"using":"xpath","value":"//span[contains(text(), \"WebdriverYardjjtihg\")][contains(@id ,\"application-addressmanagement-display-component---detailAdm--addressDetailDetailsName1\")]"}
COMMAND: POST /session/11d9dd1dff2e8474394cea312909913e/element - {"using":"xpath","value":"//span[contains(text(), \"WebdriverYardjjtihg\")][contains(@id ,\"application-addressmanagement-display-component---detailAdm--addressDetailDetailsName1\")]"}
RESULT: {"using":"xpath","value":"//span[contains(text(), \"WebdriverYardjjtihg\")][contains(@id ,\"application-addressmanagement-display-component---detailAdm--addressDetailDetailsName1\")]"}
COMMAND: POST /session/11d9dd1dff2e8474394cea312909913e/element - {"using":"xpath","value":"//span[contains(text(), \"WebdriverYardjjtihg\")][contains(@id ,\"application-addressmanagement-display-component---detailAdm--addressDetailDetailsName1\")]"}
RESULT: {"using":"xpath","value":"//span[contains(text(), \"WebdriverYardjjtihg\")][contains(@id ,\"application-addressmanagement-display-component---detailAdm--addressDetailDetailsName1\")]"}
COMMAND: POST /session/11d9dd1dff2e8474394cea312909913e/element - {"using":"xpath","value":"//span[contains(text(), \"WebdriverYardjjtihg\")][contains(@id ,\"application-addressmanagement-display-component---detailAdm--addressDetailDetailsName1\")]"}
RESULT: {"using":"xpath","value":"//span[contains(text(), \"WebdriverYardjjtihg\")][contains(@id ,\"application-addressmanagement-display-component---detailAdm--addressDetailDetailsName1\")]"}
COMMAND: POST /session/11d9dd1dff2e8474394cea312909913e/element - {"using":"xpath","value":"//span[contains(text(), \"WebdriverYardjjtihg\")][contains(@id ,\"application-addressmanagement-display-component---detailAdm--addressDetailDetailsName1\")]"}
RESULT: {"using":"xpath","value":"//span[contains(text(), \"WebdriverYardjjtihg\")][contains(@id ,\"application-addressmanagement-display-component---detailAdm--addressDetailDetailsName1\")]"}
COMMAND: POST /session/11d9dd1dff2e8474394cea312909913e/element - {"using":"xpath","value":"//span[contains(text(), \"WebdriverYardjjtihg\")][contains(@id ,\"application-addressmanagement-display-component---detailAdm--addressDetailDetailsName1\")]"}
RESULT: {"using":"xpath","value":"//span[contains(text(), \"WebdriverYardjjtihg\")][contains(@id ,\"application-addressmanagement-display-component---detailAdm--addressDetailDetailsName1\")]"}
COMMAND: POST /session/11d9dd1dff2e8474394cea312909913e/element - {"using":"xpath","value":"//span[contains(text(), \"WebdriverYardjjtihg\")][contains(@id ,\"application-addressmanagement-display-component---detailAdm--addressDetailDetailsName1\")]"}
RESULT: {"using":"xpath","value":"//span[contains(text(), \"WebdriverYardjjtihg\")][contains(@id ,\"application-addressmanagement-display-component---detailAdm--addressDetailDetailsName1\")]"}
COMMAND: POST /session/11d9dd1dff2e8474394cea312909913e/execute/sync - {"script":"<script> [8489 bytes]","args":[{"element-6066-11e4-a52e-4f735466cecf":"f.09F09CB41D560B0063FAD190E33335F4.d.FED99F759C7DBC2EB85439C87F26BAA5.e.3377","ELEMENT":"f.09F09CB41D560B0063FAD190E33335F4.d.FED99F759C7DBC2EB85439C87F26BAA5.e.3377"}]}
COMMAND: DELETE /session/11d9dd1dff2e8474394cea312909913e/window - {}
RESULT: {}
COMMAND: POST /session/11d9dd1dff2e8474394cea312909913e/window - {"handle":"09F09CB41D560B0063FAD190E33335F4"}
RESULT: {"handle":"09F09CB41D560B0063FAD190E33335F4"}
COMMAND: GET /session/11d9dd1dff2e8474394cea312909913e/url - {}
COMMAND: POST /session/11d9dd1dff2e8474394cea312909913e/element - {"using":"xpath","value":"//span[contains(@id ,\"title\")][contains(text(), \"WebdriverYardfazpc\")]"}
RESULT: {}
COMMAND: GET /session/11d9dd1dff2e8474394cea312909913e/screenshot - {}
COMMAND: POST /session/11d9dd1dff2e8474394cea312909913e/element - {"using":"xpath","value":"//span[contains(text(), \"WebdriverYardjjtihg\")][contains(@id ,\"application-addressmanagement-display-component---detailAdm--addressDetailDetailsName1\")]"}
RESULT: {"using":"xpath","value":"//span[contains(@id ,\"title\")][contains(text(), \"WebdriverYardfazpc\")]"}
COMMAND: POST /session/11d9dd1dff2e8474394cea312909913e/execute/sync - {"script":"<script> [8489 bytes]","args":[{"element-6066-11e4-a52e-4f735466cecf":"f.09F09CB41D560B0063FAD190E33335F4.d.FED99F759C7DBC2EB85439C87F26BAA5.e.3853","ELEMENT":"f.09F09CB41D560B0063FAD190E33335F4.d.FED99F759C7DBC2EB85439C87F26BAA5.e.3853"}]}
RESULT: {}
RESULT: {"using":"xpath","value":"//span[contains(text(), \"WebdriverYardjjtihg\")][contains(@id ,\"application-addressmanagement-display-component---detailAdm--addressDetailDetailsName1\")]"}
RESULT: {"script":"<script> [8489 bytes]","args":[{"element-6066-11e4-a52e-4f735466cecf":"f.09F09CB41D560B0063FAD190E33335F4.d.FED99F759C7DBC2EB85439C87F26BAA5.e.3853","ELEMENT":"f.09F09CB41D560B0063FAD190E33335F4.d.FED99F759C7DBC2EB85439C87F26BAA5.e.3853"}]}
COMMAND: GET /session/11d9dd1dff2e8474394cea312909913e/screenshot - {}
RESULT: {}
COMMAND: POST /session/11d9dd1dff2e8474394cea312909913e/element - {"using":"xpath","value":"//span[contains(text(), \"WebdriverYardjjtihg\")][contains(@id ,\"application-addressmanagement-display-component---detailAdm--addressDetailDetailsName1\")]"}
RESULT: {"using":"xpath","value":"//span[contains(text(), \"WebdriverYardjjtihg\")][contains(@id ,\"application-addressmanagement-display-component---detailAdm--addressDetailDetailsName1\")]"}
COMMAND: POST /session/11d9dd1dff2e8474394cea312909913e/element - {"using":"xpath","value":"//span[contains(text(), \"WebdriverYardjjtihg\")][contains(@id ,\"application-addressmanagement-display-component---detailAdm--addressDetailDetailsName1\")]"}
RESULT: {"using":"xpath","value":"//span[contains(text(), \"WebdriverYardjjtihg\")][contains(@id ,\"application-addressmanagement-display-component---detailAdm--addressDetailDetailsName1\")]"}
COMMAND: POST /session/11d9dd1dff2e8474394cea312909913e/element - {"using":"xpath","value":"//span[contains(text(), \"WebdriverYardjjtihg\")][contains(@id ,\"application-addressmanagement-display-component---detailAdm--addressDetailDetailsName1\")]"}
RESULT: {"using":"xpath","value":"//span[contains(text(), \"WebdriverYardjjtihg\")][contains(@id ,\"application-addressmanagement-display-component---detailAdm--addressDetailDetailsName1\")]"}
COMMAND: POST /session/11d9dd1dff2e8474394cea312909913e/element - {"using":"xpath","value":"//span[contains(text(), \"WebdriverYardjjtihg\")][contains(@id ,\"application-addressmanagement-display-component---detailAdm--addressDetailDetailsName1\")]"}
RESULT: {"using":"xpath","value":"//span[contains(text(), \"WebdriverYardjjtihg\")][contains(@id ,\"application-addressmanagement-display-component---detailAdm--addressDetailDetailsName1\")]"}
COMMAND: POST /session/11d9dd1dff2e8474394cea312909913e/element - {"using":"xpath","value":"//span[contains(text(), \"WebdriverYardjjtihg\")][contains(@id ,\"application-addressmanagement-display-component---detailAdm--addressDetailDetailsName1\")]"}
RESULT: {"using":"xpath","value":"//span[contains(text(), \"WebdriverYardjjtihg\")][contains(@id ,\"application-addressmanagement-display-component---detailAdm--addressDetailDetailsName1\")]"}
COMMAND: POST /session/11d9dd1dff2e8474394cea312909913e/element - {"using":"xpath","value":"//span[contains(text(), \"WebdriverYardjjtihg\")][contains(@id ,\"application-addressmanagement-display-component---detailAdm--addressDetailDetailsName1\")]"}
RESULT: {"using":"xpath","value":"//span[contains(text(), \"WebdriverYardjjtihg\")][contains(@id ,\"application-addressmanagement-display-component---detailAdm--addressDetailDetailsName1\")]"}
COMMAND: POST /session/11d9dd1dff2e8474394cea312909913e/element - {"using":"xpath","value":"//button[contains(@data-kt ,\"ContextMenuExternalId3Link\")]"}
RESULT: {"using":"xpath","value":"//button[contains(@data-kt ,\"ContextMenuExternalId3Link\")]"}
COMMAND: POST /session/11d9dd1dff2e8474394cea312909913e/element/f.09F09CB41D560B0063FAD190E33335F4.d.FED99F759C7DBC2EB85439C87F26BAA5.e.3854/click - {}
COMMAND: POST /session/11d9dd1dff2e8474394cea312909913e/element - {"using":"xpath","value":"//span[contains(text(), \"WebdriverYardjjtihg\")][contains(@id ,\"application-addressmanagement-display-component---detailAdm--addressDetailDetailsName1\")]"}
RESULT: {}
COMMAND: GET /session/11d9dd1dff2e8474394cea312909913e/screenshot - {}
RESULT: {"using":"xpath","value":"//span[contains(text(), \"WebdriverYardjjtihg\")][contains(@id ,\"application-addressmanagement-display-component---detailAdm--addressDetailDetailsName1\")]"}
RESULT: {}
COMMAND: POST /session/11d9dd1dff2e8474394cea312909913e/element - {"using":"xpath","value":"//span[contains(text(), \"WebdriverYardjjtihg\")][contains(@id ,\"application-addressmanagement-display-component---detailAdm--addressDetailDetailsName1\")]"}
RESULT: {"using":"xpath","value":"//span[contains(text(), \"WebdriverYardjjtihg\")][contains(@id ,\"application-addressmanagement-display-component---detailAdm--addressDetailDetailsName1\")]"}
COMMAND: POST /session/11d9dd1dff2e8474394cea312909913e/element - {"using":"xpath","value":"//span[contains(text(), \"WebdriverYardjjtihg\")][contains(@id ,\"application-addressmanagement-display-component---detailAdm--addressDetailDetailsName1\")]"}
RESULT: {"using":"xpath","value":"//span[contains(text(), \"WebdriverYardjjtihg\")][contains(@id ,\"application-addressmanagement-display-component---detailAdm--addressDetailDetailsName1\")]"}
COMMAND: POST /session/11d9dd1dff2e8474394cea312909913e/element - {"using":"xpath","value":"//span[contains(text(), \"WebdriverYardjjtihg\")][contains(@id ,\"application-addressmanagement-display-component---detailAdm--addressDetailDetailsName1\")]"}
RESULT: {"using":"xpath","value":"//span[contains(text(), \"WebdriverYardjjtihg\")][contains(@id ,\"application-addressmanagement-display-component---detailAdm--addressDetailDetailsName1\")]"}
COMMAND: POST /session/11d9dd1dff2e8474394cea312909913e/element - {"using":"xpath","value":"//span[contains(text(), \"WebdriverYardjjtihg\")][contains(@id ,\"application-addressmanagement-display-component---detailAdm--addressDetailDetailsName1\")]"}
RESULT: {"using":"xpath","value":"//span[contains(text(), \"WebdriverYardjjtihg\")][contains(@id ,\"application-addressmanagement-display-component---detailAdm--addressDetailDetailsName1\")]"}
COMMAND: POST /session/11d9dd1dff2e8474394cea312909913e/element - {"using":"xpath","value":"//span[contains(text(), \"WebdriverYardjjtihg\")][contains(@id ,\"application-addressmanagement-display-component---detailAdm--addressDetailDetailsName1\")]"}
RESULT: {"using":"xpath","value":"//span[contains(text(), \"WebdriverYardjjtihg\")][contains(@id ,\"application-addressmanagement-display-component---detailAdm--addressDetailDetailsName1\")]"}
COMMAND: POST /session/11d9dd1dff2e8474394cea312909913e/element - {"using":"xpath","value":"//span[contains(text(), \"WebdriverYardjjtihg\")][contains(@id ,\"application-addressmanagement-display-component---detailAdm--addressDetailDetailsName1\")]"}
RESULT: {"using":"xpath","value":"//span[contains(text(), \"WebdriverYardjjtihg\")][contains(@id ,\"application-addressmanagement-display-component---detailAdm--addressDetailDetailsName1\")]"}
COMMAND: POST /session/11d9dd1dff2e8474394cea312909913e/element - {"using":"xpath","value":"//span[contains(text(), \"WebdriverYardjjtihg\")][contains(@id ,\"application-addressmanagement-display-component---detailAdm--addressDetailDetailsName1\")]"}
RESULT: {"using":"xpath","value":"//span[contains(text(), \"WebdriverYardjjtihg\")][contains(@id ,\"application-addressmanagement-display-component---detailAdm--addressDetailDetailsName1\")]"}
COMMAND: POST /session/11d9dd1dff2e8474394cea312909913e/element - {"using":"xpath","value":"//span[contains(text(), \"WebdriverYardjjtihg\")][contains(@id ,\"application-addressmanagement-display-component---detailAdm--addressDetailDetailsName1\")]"}
RESULT: {"using":"xpath","value":"//span[contains(text(), \"WebdriverYardjjtihg\")][contains(@id ,\"application-addressmanagement-display-component---detailAdm--addressDetailDetailsName1\")]"}
COMMAND: POST /session/11d9dd1dff2e8474394cea312909913e/element - {"using":"xpath","value":"//span[contains(text(), \"WebdriverYardjjtihg\")][contains(@id ,\"application-addressmanagement-display-component---detailAdm--addressDetailDetailsName1\")]"}
RESULT: {"using":"xpath","value":"//span[contains(text(), \"WebdriverYardjjtihg\")][contains(@id ,\"application-addressmanagement-display-component---detailAdm--addressDetailDetailsName1\")]"}
COMMAND: POST /session/11d9dd1dff2e8474394cea312909913e/element - {"using":"xpath","value":"//span[contains(text(), \"WebdriverYardjjtihg\")][contains(@id ,\"application-addressmanagement-display-component---detailAdm--addressDetailDetailsName1\")]"}
RESULT: {"using":"xpath","value":"//span[contains(text(), \"WebdriverYardjjtihg\")][contains(@id ,\"application-addressmanagement-display-component---detailAdm--addressDetailDetailsName1\")]"}
COMMAND: POST /session/11d9dd1dff2e8474394cea312909913e/element - {"using":"xpath","value":"//span[contains(text(), \"WebdriverYardjjtihg\")][contains(@id ,\"application-addressmanagement-display-component---detailAdm--addressDetailDetailsName1\")]"}
RESULT: {"using":"xpath","value":"//span[contains(text(), \"WebdriverYardjjtihg\")][contains(@id ,\"application-addressmanagement-display-component---detailAdm--addressDetailDetailsName1\")]"}
COMMAND: POST /session/11d9dd1dff2e8474394cea312909913e/element - {"using":"xpath","value":"//span[contains(text(), \"WebdriverYardjjtihg\")][contains(@id ,\"application-addressmanagement-display-component---detailAdm--addressDetailDetailsName1\")]"}
RESULT: {"using":"xpath","value":"//span[contains(text(), \"WebdriverYardjjtihg\")][contains(@id ,\"application-addressmanagement-display-component---detailAdm--addressDetailDetailsName1\")]"}
COMMAND: POST /session/11d9dd1dff2e8474394cea312909913e/element - {"using":"xpath","value":"//span[contains(text(), \"WebdriverYardjjtihg\")][contains(@id ,\"application-addressmanagement-display-component---detailAdm--addressDetailDetailsName1\")]"}
RESULT: {"using":"xpath","value":"//span[contains(text(), \"WebdriverYardjjtihg\")][contains(@id ,\"application-addressmanagement-display-component---detailAdm--addressDetailDetailsName1\")]"}
COMMAND: GET /session/11d9dd1dff2e8474394cea312909913e/window/handles - {}
RESULT: {}
COMMAND: POST /session/11d9dd1dff2e8474394cea312909913e/window - {"handle":"D1CA506B13A5F0505376FD030A5955CB"}
RESULT: {"handle":"D1CA506B13A5F0505376FD030A5955CB"}
COMMAND: GET /session/11d9dd1dff2e8474394cea312909913e/url - {}
RESULT: {}
COMMAND: GET /session/11d9dd1dff2e8474394cea312909913e/screenshot - {}
RESULT: {}
COMMAND: POST /session/11d9dd1dff2e8474394cea312909913e/element - {"using":"xpath","value":"//span[contains(text(), \"WebdriverYardjjtihg\")][contains(@id ,\"application-addressmanagement-display-component---detailAdm--addressDetailDetailsName1\")]"}
COMMAND: DELETE /session/11d9dd1dff2e8474394cea312909913e/window - {}
RESULT: {}
COMMAND: POST /session/11d9dd1dff2e8474394cea312909913e/window - {"handle":"09F09CB41D560B0063FAD190E33335F4"}
RESULT: {"handle":"09F09CB41D560B0063FAD190E33335F4"}
COMMAND: GET /session/11d9dd1dff2e8474394cea312909913e/url - {}
RESULT: {"using":"xpath","value":"//span[contains(text(), \"WebdriverYardjjtihg\")][contains(@id ,\"application-addressmanagement-display-component---detailAdm--addressDetailDetailsName1\")]"}
RESULT: {}
COMMAND: GET /session/11d9dd1dff2e8474394cea312909913e/screenshot - {}
RESULT: {}
COMMAND: POST /session/11d9dd1dff2e8474394cea312909913e/element - {"using":"xpath","value":"//span[contains(text(), \"WebdriverYardjjtihg\")][contains(@id ,\"application-addressmanagement-display-component---detailAdm--addressDetailDetailsName1\")]"}
RESULT: {"using":"xpath","value":"//span[contains(text(), \"WebdriverYardjjtihg\")][contains(@id ,\"application-addressmanagement-display-component---detailAdm--addressDetailDetailsName1\")]"}
COMMAND: POST /session/11d9dd1dff2e8474394cea312909913e/element - {"using":"xpath","value":"//span[contains(text(), \"WebdriverYardjjtihg\")][contains(@id ,\"application-addressmanagement-display-component---detailAdm--addressDetailDetailsName1\")]"}
RESULT: {"using":"xpath","value":"//span[contains(text(), \"WebdriverYardjjtihg\")][contains(@id ,\"application-addressmanagement-display-component---detailAdm--addressDetailDetailsName1\")]"}
COMMAND: POST /session/11d9dd1dff2e8474394cea312909913e/element - {"using":"xpath","value":"//span[contains(text(), \"WebdriverYardjjtihg\")][contains(@id ,\"application-addressmanagement-display-component---detailAdm--addressDetailDetailsName1\")]"}
RESULT: {"using":"xpath","value":"//span[contains(text(), \"WebdriverYardjjtihg\")][contains(@id ,\"application-addressmanagement-display-component---detailAdm--addressDetailDetailsName1\")]"}
COMMAND: POST /session/11d9dd1dff2e8474394cea312909913e/element - {"using":"xpath","value":"//span[contains(text(), \"WebdriverYardjjtihg\")][contains(@id ,\"application-addressmanagement-display-component---detailAdm--addressDetailDetailsName1\")]"}
RESULT: {"using":"xpath","value":"//span[contains(text(), \"WebdriverYardjjtihg\")][contains(@id ,\"application-addressmanagement-display-component---detailAdm--addressDetailDetailsName1\")]"}
COMMAND: POST /session/11d9dd1dff2e8474394cea312909913e/element - {"using":"xpath","value":"//span[contains(text(), \"WebdriverYardjjtihg\")][contains(@id ,\"application-addressmanagement-display-component---detailAdm--addressDetailDetailsName1\")]"}
RESULT: {"using":"xpath","value":"//span[contains(text(), \"WebdriverYardjjtihg\")][contains(@id ,\"application-addressmanagement-display-component---detailAdm--addressDetailDetailsName1\")]"}
COMMAND: POST /session/11d9dd1dff2e8474394cea312909913e/element - {"using":"xpath","value":"//span[contains(text(), \"WebdriverYardjjtihg\")][contains(@id ,\"application-addressmanagement-display-component---detailAdm--addressDetailDetailsName1\")]"}
RESULT: {"using":"xpath","value":"//span[contains(text(), \"WebdriverYardjjtihg\")][contains(@id ,\"application-addressmanagement-display-component---detailAdm--addressDetailDetailsName1\")]"}
COMMAND: POST /session/11d9dd1dff2e8474394cea312909913e/element - {"using":"xpath","value":"//span[contains(text(), \"WebdriverYardjjtihg\")][contains(@id ,\"application-addressmanagement-display-component---detailAdm--addressDetailDetailsName1\")]"}
RESULT: {"using":"xpath","value":"//span[contains(text(), \"WebdriverYardjjtihg\")][contains(@id ,\"application-addressmanagement-display-component---detailAdm--addressDetailDetailsName1\")]"}
COMMAND: POST /session/11d9dd1dff2e8474394cea312909913e/element - {"using":"xpath","value":"//span[contains(text(), \"WebdriverYardjjtihg\")][contains(@id ,\"application-addressmanagement-display-component---detailAdm--addressDetailDetailsName1\")]"}
RESULT: {"using":"xpath","value":"//span[contains(text(), \"WebdriverYardjjtihg\")][contains(@id ,\"application-addressmanagement-display-component---detailAdm--addressDetailDetailsName1\")]"}
COMMAND: POST /session/11d9dd1dff2e8474394cea312909913e/element - {"using":"xpath","value":"//span[contains(text(), \"WebdriverYardjjtihg\")][contains(@id ,\"application-addressmanagement-display-component---detailAdm--addressDetailDetailsName1\")]"}
RESULT: {"using":"xpath","value":"//span[contains(text(), \"WebdriverYardjjtihg\")][contains(@id ,\"application-addressmanagement-display-component---detailAdm--addressDetailDetailsName1\")]"}
]]></system-out>
    </testcase>
    <testcase classname="chrome.136_0_7103_93.windows.Webshop_-_Hyperlinks_visible_and_working_properly__US139085" name="Shpuld verify site hyperlinks" time="193.938">
      <system-out><![CDATA[
COMMAND: POST /session/11d9dd1dff2e8474394cea312909913e/element - {"using":"xpath","value":"//*[contains(@data-kt ,\"webshopDetailSiteLink\")]"}
COMMAND: POST /session/11d9dd1dff2e8474394cea312909913e/element - {"using":"xpath","value":"//span[contains(text(), \"WebdriverYardjjtihg\")][contains(@id ,\"application-addressmanagement-display-component---detailAdm--addressDetailDetailsName1\")]"}
RESULT: {"using":"xpath","value":"//*[contains(@data-kt ,\"webshopDetailSiteLink\")]"}
COMMAND: POST /session/11d9dd1dff2e8474394cea312909913e/execute/sync - {"script":"<script> [8489 bytes]","args":[{"element-6066-11e4-a52e-4f735466cecf":"f.09F09CB41D560B0063FAD190E33335F4.d.FED99F759C7DBC2EB85439C87F26BAA5.e.4056","ELEMENT":"f.09F09CB41D560B0063FAD190E33335F4.d.FED99F759C7DBC2EB85439C87F26BAA5.e.4056"}]}
RESULT: {"using":"xpath","value":"//span[contains(text(), \"WebdriverYardjjtihg\")][contains(@id ,\"application-addressmanagement-display-component---detailAdm--addressDetailDetailsName1\")]"}
RESULT: {"script":"<script> [8489 bytes]","args":[{"element-6066-11e4-a52e-4f735466cecf":"f.09F09CB41D560B0063FAD190E33335F4.d.FED99F759C7DBC2EB85439C87F26BAA5.e.4056","ELEMENT":"f.09F09CB41D560B0063FAD190E33335F4.d.FED99F759C7DBC2EB85439C87F26BAA5.e.4056"}]}
COMMAND: POST /session/11d9dd1dff2e8474394cea312909913e/execute/sync - {"script":"<script> [5351 bytes]","args":[{"element-6066-11e4-a52e-4f735466cecf":"f.09F09CB41D560B0063FAD190E33335F4.d.FED99F759C7DBC2EB85439C87F26BAA5.e.4056","ELEMENT":"f.09F09CB41D560B0063FAD190E33335F4.d.FED99F759C7DBC2EB85439C87F26BAA5.e.4056"}]}
RESULT: {"script":"<script> [5351 bytes]","args":[{"element-6066-11e4-a52e-4f735466cecf":"f.09F09CB41D560B0063FAD190E33335F4.d.FED99F759C7DBC2EB85439C87F26BAA5.e.4056","ELEMENT":"f.09F09CB41D560B0063FAD190E33335F4.d.FED99F759C7DBC2EB85439C87F26BAA5.e.4056"}]}
COMMAND: POST /session/11d9dd1dff2e8474394cea312909913e/element - {"using":"xpath","value":"//*[contains(@data-kt ,\"webshopDetailSiteLink\")]"}
RESULT: {"using":"xpath","value":"//*[contains(@data-kt ,\"webshopDetailSiteLink\")]"}
COMMAND: POST /session/11d9dd1dff2e8474394cea312909913e/element/f.09F09CB41D560B0063FAD190E33335F4.d.FED99F759C7DBC2EB85439C87F26BAA5.e.4056/click - {}
COMMAND: GET /session/11d9dd1dff2e8474394cea312909913e/screenshot - {}
COMMAND: GET /session/11d9dd1dff2e8474394cea312909913e/screenshot - {}
RESULT: {}
COMMAND: GET /session/11d9dd1dff2e8474394cea312909913e/screenshot - {}
RESULT: {}
COMMAND: POST /session/11d9dd1dff2e8474394cea312909913e/element - {"using":"xpath","value":"//span[contains(text(), \"WebdriverYardjjtihg\")][contains(@id ,\"application-addressmanagement-display-component---detailAdm--addressDetailDetailsName1\")]"}
RESULT: {}
RESULT: {}
RESULT: {"using":"xpath","value":"//span[contains(text(), \"WebdriverYardjjtihg\")][contains(@id ,\"application-addressmanagement-display-component---detailAdm--addressDetailDetailsName1\")]"}
COMMAND: POST /session/11d9dd1dff2e8474394cea312909913e/element - {"using":"xpath","value":"//span[contains(text(), \"WebdriverYardjjtihg\")][contains(@id ,\"application-addressmanagement-display-component---detailAdm--addressDetailDetailsName1\")]"}
RESULT: {"using":"xpath","value":"//span[contains(text(), \"WebdriverYardjjtihg\")][contains(@id ,\"application-addressmanagement-display-component---detailAdm--addressDetailDetailsName1\")]"}
COMMAND: POST /session/11d9dd1dff2e8474394cea312909913e/element - {"using":"xpath","value":"//span[contains(text(), \"WebdriverYardjjtihg\")][contains(@id ,\"application-addressmanagement-display-component---detailAdm--addressDetailDetailsName1\")]"}
RESULT: {"using":"xpath","value":"//span[contains(text(), \"WebdriverYardjjtihg\")][contains(@id ,\"application-addressmanagement-display-component---detailAdm--addressDetailDetailsName1\")]"}
COMMAND: POST /session/11d9dd1dff2e8474394cea312909913e/element - {"using":"xpath","value":"//*[contains(@data-kt ,\"ContextMenuIdLink\")][contains(text(), \"Manage Site\")]"}
RESULT: {"using":"xpath","value":"//*[contains(@data-kt ,\"ContextMenuIdLink\")][contains(text(), \"Manage Site\")]"}
COMMAND: POST /session/11d9dd1dff2e8474394cea312909913e/execute/sync - {"script":"<script> [8489 bytes]","args":[{"element-6066-11e4-a52e-4f735466cecf":"f.09F09CB41D560B0063FAD190E33335F4.d.FED99F759C7DBC2EB85439C87F26BAA5.e.4058","ELEMENT":"f.09F09CB41D560B0063FAD190E33335F4.d.FED99F759C7DBC2EB85439C87F26BAA5.e.4058"}]}
COMMAND: POST /session/11d9dd1dff2e8474394cea312909913e/element - {"using":"xpath","value":"//*[contains(@data-kt ,\"ContextMenuId2Link\")][contains(text(), \"Site Overview\")]"}
RESULT: {"script":"<script> [8489 bytes]","args":[{"element-6066-11e4-a52e-4f735466cecf":"f.09F09CB41D560B0063FAD190E33335F4.d.FED99F759C7DBC2EB85439C87F26BAA5.e.4058","ELEMENT":"f.09F09CB41D560B0063FAD190E33335F4.d.FED99F759C7DBC2EB85439C87F26BAA5.e.4058"}]}
COMMAND: GET /session/11d9dd1dff2e8474394cea312909913e/screenshot - {}
RESULT: {"using":"xpath","value":"//*[contains(@data-kt ,\"ContextMenuId2Link\")][contains(text(), \"Site Overview\")]"}
COMMAND: POST /session/11d9dd1dff2e8474394cea312909913e/execute/sync - {"script":"<script> [8489 bytes]","args":[{"element-6066-11e4-a52e-4f735466cecf":"f.09F09CB41D560B0063FAD190E33335F4.d.FED99F759C7DBC2EB85439C87F26BAA5.e.4059","ELEMENT":"f.09F09CB41D560B0063FAD190E33335F4.d.FED99F759C7DBC2EB85439C87F26BAA5.e.4059"}]}
COMMAND: POST /session/11d9dd1dff2e8474394cea312909913e/element - {"using":"xpath","value":"//*[contains(@data-kt ,\"ContextMenuId3Link\")][contains(text(), \"Site Main Address\")]"}
COMMAND: POST /session/11d9dd1dff2e8474394cea312909913e/element - {"using":"xpath","value":"//span[contains(text(), \"WebdriverYardjjtihg\")][contains(@id ,\"application-addressmanagement-display-component---detailAdm--addressDetailDetailsName1\")]"}
RESULT: {}
RESULT: {"using":"xpath","value":"//*[contains(@data-kt ,\"ContextMenuId3Link\")][contains(text(), \"Site Main Address\")]"}
COMMAND: POST /session/11d9dd1dff2e8474394cea312909913e/execute/sync - {"script":"<script> [8489 bytes]","args":[{"element-6066-11e4-a52e-4f735466cecf":"f.09F09CB41D560B0063FAD190E33335F4.d.FED99F759C7DBC2EB85439C87F26BAA5.e.4060","ELEMENT":"f.09F09CB41D560B0063FAD190E33335F4.d.FED99F759C7DBC2EB85439C87F26BAA5.e.4060"}]}
COMMAND: POST /session/11d9dd1dff2e8474394cea312909913e/element/f.09F09CB41D560B0063FAD190E33335F4.d.FED99F759C7DBC2EB85439C87F26BAA5.e.4058/click - {}
RESULT: {"script":"<script> [8489 bytes]","args":[{"element-6066-11e4-a52e-4f735466cecf":"f.09F09CB41D560B0063FAD190E33335F4.d.FED99F759C7DBC2EB85439C87F26BAA5.e.4059","ELEMENT":"f.09F09CB41D560B0063FAD190E33335F4.d.FED99F759C7DBC2EB85439C87F26BAA5.e.4059"}]}
COMMAND: GET /session/11d9dd1dff2e8474394cea312909913e/screenshot - {}
RESULT: {"using":"xpath","value":"//span[contains(text(), \"WebdriverYardjjtihg\")][contains(@id ,\"application-addressmanagement-display-component---detailAdm--addressDetailDetailsName1\")]"}
RESULT: {"script":"<script> [8489 bytes]","args":[{"element-6066-11e4-a52e-4f735466cecf":"f.09F09CB41D560B0063FAD190E33335F4.d.FED99F759C7DBC2EB85439C87F26BAA5.e.4060","ELEMENT":"f.09F09CB41D560B0063FAD190E33335F4.d.FED99F759C7DBC2EB85439C87F26BAA5.e.4060"}]}
COMMAND: GET /session/11d9dd1dff2e8474394cea312909913e/screenshot - {}
RESULT: {}
COMMAND: GET /session/11d9dd1dff2e8474394cea312909913e/screenshot - {}
COMMAND: POST /session/11d9dd1dff2e8474394cea312909913e/element - {"using":"xpath","value":"//span[contains(text(), \"WebdriverYardjjtihg\")][contains(@id ,\"application-addressmanagement-display-component---detailAdm--addressDetailDetailsName1\")]"}
RESULT: {}
RESULT: {}
RESULT: {}
RESULT: {"using":"xpath","value":"//span[contains(text(), \"WebdriverYardjjtihg\")][contains(@id ,\"application-addressmanagement-display-component---detailAdm--addressDetailDetailsName1\")]"}
COMMAND: POST /session/11d9dd1dff2e8474394cea312909913e/element - {"using":"xpath","value":"//span[contains(text(), \"WebdriverYardjjtihg\")][contains(@id ,\"application-addressmanagement-display-component---detailAdm--addressDetailDetailsName1\")]"}
RESULT: {"using":"xpath","value":"//span[contains(text(), \"WebdriverYardjjtihg\")][contains(@id ,\"application-addressmanagement-display-component---detailAdm--addressDetailDetailsName1\")]"}
COMMAND: POST /session/11d9dd1dff2e8474394cea312909913e/element - {"using":"xpath","value":"//span[contains(text(), \"WebdriverYardjjtihg\")][contains(@id ,\"application-addressmanagement-display-component---detailAdm--addressDetailDetailsName1\")]"}
RESULT: {"using":"xpath","value":"//span[contains(text(), \"WebdriverYardjjtihg\")][contains(@id ,\"application-addressmanagement-display-component---detailAdm--addressDetailDetailsName1\")]"}
COMMAND: POST /session/11d9dd1dff2e8474394cea312909913e/element - {"using":"xpath","value":"//span[contains(text(), \"WebdriverYardjjtihg\")][contains(@id ,\"application-addressmanagement-display-component---detailAdm--addressDetailDetailsName1\")]"}
RESULT: {"using":"xpath","value":"//span[contains(text(), \"WebdriverYardjjtihg\")][contains(@id ,\"application-addressmanagement-display-component---detailAdm--addressDetailDetailsName1\")]"}
COMMAND: POST /session/11d9dd1dff2e8474394cea312909913e/element - {"using":"xpath","value":"//span[contains(text(), \"WebdriverYardjjtihg\")][contains(@id ,\"application-addressmanagement-display-component---detailAdm--addressDetailDetailsName1\")]"}
RESULT: {"using":"xpath","value":"//span[contains(text(), \"WebdriverYardjjtihg\")][contains(@id ,\"application-addressmanagement-display-component---detailAdm--addressDetailDetailsName1\")]"}
COMMAND: POST /session/11d9dd1dff2e8474394cea312909913e/execute/async - {"script":"<script> [1562 bytes]","args":[{"selector":{"controlType":"sap.m.Title","viewName":"etm.portal.ui.managesites.view.Master","viewId":"application-managesites-display-component---masterSite","i18NText":{"propertyName":"text","key":"sites"}},"wdio_ui5_key":"etmportal.ui.managesites.view.Mastersap.m.Title{\"propertyName\":\"text\",\"key\":\"sites\"}"}]}
COMMAND: POST /session/11d9dd1dff2e8474394cea312909913e/element - {"using":"xpath","value":"//span[contains(text(), \"WebdriverYardjjtihg\")][contains(@id ,\"application-addressmanagement-display-component---detailAdm--addressDetailDetailsName1\")]"}
RESULT: {"script":"<script> [1562 bytes]","args":[{"selector":{"controlType":"sap.m.Title","viewName":"etm.portal.ui.managesites.view.Master","viewId":"application-managesites-display-component---masterSite","i18NText":{"propertyName":"text","key":"sites"}},"wdio_ui5_key":"etmportal.ui.managesites.view.Mastersap.m.Title{\"propertyName\":\"text\",\"key\":\"sites\"}"}]}
RESULT: undefined
COMMAND: POST /session/11d9dd1dff2e8474394cea312909913e/execute/async - {"script":"<script> [6424 bytes]","args":[{"element-6066-11e4-a52e-4f735466cecf":"f.09F09CB41D560B0063FAD190E33335F4.d.FED99F759C7DBC2EB85439C87F26BAA5.e.4377"},"getText",[]]}
RESULT: {"using":"xpath","value":"//span[contains(text(), \"WebdriverYardjjtihg\")][contains(@id ,\"application-addressmanagement-display-component---detailAdm--addressDetailDetailsName1\")]"}
RESULT: {"script":"<script> [6424 bytes]","args":[{"element-6066-11e4-a52e-4f735466cecf":"f.09F09CB41D560B0063FAD190E33335F4.d.FED99F759C7DBC2EB85439C87F26BAA5.e.4377"},"getText",[]]}
COMMAND: POST /session/11d9dd1dff2e8474394cea312909913e/execute/async - {"script":"<script> [1562 bytes]","args":[{"selector":{"id":"application-managesites-display-component---detailSite--addressDetailDetailsName1"},"wdio_ui5_key":"applicationmanagesites-display-component---detailSite--addressDetailDetailsName1"}]}
COMMAND: POST /session/11d9dd1dff2e8474394cea312909913e/element - {"using":"xpath","value":"//span[contains(text(), \"WebdriverYardjjtihg\")][contains(@id ,\"application-addressmanagement-display-component---detailAdm--addressDetailDetailsName1\")]"}
RESULT: {"script":"<script> [1562 bytes]","args":[{"selector":{"id":"application-managesites-display-component---detailSite--addressDetailDetailsName1"},"wdio_ui5_key":"applicationmanagesites-display-component---detailSite--addressDetailDetailsName1"}]}
RESULT: undefined
COMMAND: POST /session/11d9dd1dff2e8474394cea312909913e/execute/async - {"script":"<script> [6424 bytes]","args":[{"element-6066-11e4-a52e-4f735466cecf":"f.09F09CB41D560B0063FAD190E33335F4.d.FED99F759C7DBC2EB85439C87F26BAA5.e.4110"},"getValue",[]]}
RESULT: {"using":"xpath","value":"//span[contains(text(), \"WebdriverYardjjtihg\")][contains(@id ,\"application-addressmanagement-display-component---detailAdm--addressDetailDetailsName1\")]"}
RESULT: {"script":"<script> [6424 bytes]","args":[{"element-6066-11e4-a52e-4f735466cecf":"f.09F09CB41D560B0063FAD190E33335F4.d.FED99F759C7DBC2EB85439C87F26BAA5.e.4110"},"getValue",[]]}
RESULT: undefined
COMMAND: POST /session/11d9dd1dff2e8474394cea312909913e/element - {"using":"xpath","value":"//*[@id=\"backBtn\"]"}
RESULT: {"using":"xpath","value":"//*[@id=\"backBtn\"]"}
COMMAND: POST /session/11d9dd1dff2e8474394cea312909913e/element/f.09F09CB41D560B0063FAD190E33335F4.d.FED99F759C7DBC2EB85439C87F26BAA5.e.3207/click - {}
COMMAND: POST /session/11d9dd1dff2e8474394cea312909913e/element - {"using":"xpath","value":"//span[contains(text(), \"WebdriverYardjjtihg\")][contains(@id ,\"application-addressmanagement-display-component---detailAdm--addressDetailDetailsName1\")]"}
RESULT: {}
COMMAND: GET /session/11d9dd1dff2e8474394cea312909913e/screenshot - {}
RESULT: {"using":"xpath","value":"//span[contains(text(), \"WebdriverYardjjtihg\")][contains(@id ,\"application-addressmanagement-display-component---detailAdm--addressDetailDetailsName1\")]"}
RESULT: {}
COMMAND: POST /session/11d9dd1dff2e8474394cea312909913e/element - {"using":"xpath","value":"//span[contains(text(), \"WebdriverYardjjtihg\")][contains(@id ,\"application-addressmanagement-display-component---detailAdm--addressDetailDetailsName1\")]"}
RESULT: {"using":"xpath","value":"//span[contains(text(), \"WebdriverYardjjtihg\")][contains(@id ,\"application-addressmanagement-display-component---detailAdm--addressDetailDetailsName1\")]"}
COMMAND: POST /session/11d9dd1dff2e8474394cea312909913e/element - {"using":"xpath","value":"//span[contains(text(), \"WebdriverYardjjtihg\")][contains(@id ,\"application-addressmanagement-display-component---detailAdm--addressDetailDetailsName1\")]"}
RESULT: {"using":"xpath","value":"//span[contains(text(), \"WebdriverYardjjtihg\")][contains(@id ,\"application-addressmanagement-display-component---detailAdm--addressDetailDetailsName1\")]"}
COMMAND: POST /session/11d9dd1dff2e8474394cea312909913e/element - {"using":"xpath","value":"//span[contains(text(), \"WebdriverYardjjtihg\")][contains(@id ,\"application-addressmanagement-display-component---detailAdm--addressDetailDetailsName1\")]"}
RESULT: {"using":"xpath","value":"//span[contains(text(), \"WebdriverYardjjtihg\")][contains(@id ,\"application-addressmanagement-display-component---detailAdm--addressDetailDetailsName1\")]"}
COMMAND: POST /session/11d9dd1dff2e8474394cea312909913e/element - {"using":"xpath","value":"//span[contains(text(), \"WebdriverYardjjtihg\")][contains(@id ,\"application-addressmanagement-display-component---detailAdm--addressDetailDetailsName1\")]"}
RESULT: {"using":"xpath","value":"//span[contains(text(), \"WebdriverYardjjtihg\")][contains(@id ,\"application-addressmanagement-display-component---detailAdm--addressDetailDetailsName1\")]"}
COMMAND: POST /session/11d9dd1dff2e8474394cea312909913e/element - {"using":"xpath","value":"//span[contains(text(), \"WebdriverYardjjtihg\")][contains(@id ,\"application-addressmanagement-display-component---detailAdm--addressDetailDetailsName1\")]"}
RESULT: {"using":"xpath","value":"//span[contains(text(), \"WebdriverYardjjtihg\")][contains(@id ,\"application-addressmanagement-display-component---detailAdm--addressDetailDetailsName1\")]"}
COMMAND: POST /session/11d9dd1dff2e8474394cea312909913e/element - {"using":"xpath","value":"//span[contains(text(), \"WebdriverYardjjtihg\")][contains(@id ,\"application-addressmanagement-display-component---detailAdm--addressDetailDetailsName1\")]"}
RESULT: {"using":"xpath","value":"//span[contains(text(), \"WebdriverYardjjtihg\")][contains(@id ,\"application-addressmanagement-display-component---detailAdm--addressDetailDetailsName1\")]"}
COMMAND: POST /session/11d9dd1dff2e8474394cea312909913e/element - {"using":"xpath","value":"//span[contains(text(), \"WebdriverYardjjtihg\")][contains(@id ,\"application-addressmanagement-display-component---detailAdm--addressDetailDetailsName1\")]"}
RESULT: {"using":"xpath","value":"//span[contains(text(), \"WebdriverYardjjtihg\")][contains(@id ,\"application-addressmanagement-display-component---detailAdm--addressDetailDetailsName1\")]"}
COMMAND: POST /session/11d9dd1dff2e8474394cea312909913e/element - {"using":"xpath","value":"//span[contains(text(), \"WebdriverYardjjtihg\")][contains(@id ,\"application-addressmanagement-display-component---detailAdm--addressDetailDetailsName1\")]"}
RESULT: {"using":"xpath","value":"//span[contains(text(), \"WebdriverYardjjtihg\")][contains(@id ,\"application-addressmanagement-display-component---detailAdm--addressDetailDetailsName1\")]"}
COMMAND: POST /session/11d9dd1dff2e8474394cea312909913e/element - {"using":"xpath","value":"//span[contains(text(), \"WebdriverYardjjtihg\")][contains(@id ,\"application-addressmanagement-display-component---detailAdm--addressDetailDetailsName1\")]"}
RESULT: {"using":"xpath","value":"//span[contains(text(), \"WebdriverYardjjtihg\")][contains(@id ,\"application-addressmanagement-display-component---detailAdm--addressDetailDetailsName1\")]"}
COMMAND: POST /session/11d9dd1dff2e8474394cea312909913e/element - {"using":"xpath","value":"//span[contains(text(), \"WebdriverYardjjtihg\")][contains(@id ,\"application-addressmanagement-display-component---detailAdm--addressDetailDetailsName1\")]"}
RESULT: {"using":"xpath","value":"//span[contains(text(), \"WebdriverYardjjtihg\")][contains(@id ,\"application-addressmanagement-display-component---detailAdm--addressDetailDetailsName1\")]"}
COMMAND: POST /session/11d9dd1dff2e8474394cea312909913e/element - {"using":"xpath","value":"//span[contains(text(), \"WebdriverYardjjtihg\")][contains(@id ,\"application-addressmanagement-display-component---detailAdm--addressDetailDetailsName1\")]"}
RESULT: {"using":"xpath","value":"//span[contains(text(), \"WebdriverYardjjtihg\")][contains(@id ,\"application-addressmanagement-display-component---detailAdm--addressDetailDetailsName1\")]"}
COMMAND: POST /session/11d9dd1dff2e8474394cea312909913e/element - {"using":"xpath","value":"//span[contains(text(), \"WebdriverYardjjtihg\")][contains(@id ,\"application-addressmanagement-display-component---detailAdm--addressDetailDetailsName1\")]"}
RESULT: {"using":"xpath","value":"//span[contains(text(), \"WebdriverYardjjtihg\")][contains(@id ,\"application-addressmanagement-display-component---detailAdm--addressDetailDetailsName1\")]"}
COMMAND: POST /session/11d9dd1dff2e8474394cea312909913e/element - {"using":"xpath","value":"//span[contains(text(), \"WebdriverYardjjtihg\")][contains(@id ,\"application-addressmanagement-display-component---detailAdm--addressDetailDetailsName1\")]"}
RESULT: {"using":"xpath","value":"//span[contains(text(), \"WebdriverYardjjtihg\")][contains(@id ,\"application-addressmanagement-display-component---detailAdm--addressDetailDetailsName1\")]"}
COMMAND: POST /session/11d9dd1dff2e8474394cea312909913e/element - {"using":"xpath","value":"//span[contains(text(), \"WebdriverYardjjtihg\")][contains(@id ,\"application-addressmanagement-display-component---detailAdm--addressDetailDetailsName1\")]"}
RESULT: {"using":"xpath","value":"//span[contains(text(), \"WebdriverYardjjtihg\")][contains(@id ,\"application-addressmanagement-display-component---detailAdm--addressDetailDetailsName1\")]"}
COMMAND: POST /session/11d9dd1dff2e8474394cea312909913e/element - {"using":"xpath","value":"//span[contains(text(), \"WebdriverYardjjtihg\")][contains(@id ,\"application-addressmanagement-display-component---detailAdm--addressDetailDetailsName1\")]"}
RESULT: {"using":"xpath","value":"//span[contains(text(), \"WebdriverYardjjtihg\")][contains(@id ,\"application-addressmanagement-display-component---detailAdm--addressDetailDetailsName1\")]"}
COMMAND: POST /session/11d9dd1dff2e8474394cea312909913e/element - {"using":"xpath","value":"//span[contains(text(), \"WebdriverYardjjtihg\")][contains(@id ,\"application-addressmanagement-display-component---detailAdm--addressDetailDetailsName1\")]"}
RESULT: {"using":"xpath","value":"//span[contains(text(), \"WebdriverYardjjtihg\")][contains(@id ,\"application-addressmanagement-display-component---detailAdm--addressDetailDetailsName1\")]"}
COMMAND: POST /session/11d9dd1dff2e8474394cea312909913e/execute/sync - {"script":"<script> [8489 bytes]","args":[{"element-6066-11e4-a52e-4f735466cecf":"f.09F09CB41D560B0063FAD190E33335F4.d.FED99F759C7DBC2EB85439C87F26BAA5.e.4056","ELEMENT":"f.09F09CB41D560B0063FAD190E33335F4.d.FED99F759C7DBC2EB85439C87F26BAA5.e.4056"}]}
COMMAND: POST /session/11d9dd1dff2e8474394cea312909913e/element - {"using":"xpath","value":"//*[contains(@data-kt ,\"webshopDetailSiteLink\")]"}
RESULT: {"using":"xpath","value":"//*[contains(@data-kt ,\"webshopDetailSiteLink\")]"}
COMMAND: POST /session/11d9dd1dff2e8474394cea312909913e/execute/sync - {"script":"<script> [8489 bytes]","args":[{"element-6066-11e4-a52e-4f735466cecf":"f.09F09CB41D560B0063FAD190E33335F4.d.FED99F759C7DBC2EB85439C87F26BAA5.e.4537","ELEMENT":"f.09F09CB41D560B0063FAD190E33335F4.d.FED99F759C7DBC2EB85439C87F26BAA5.e.4537"}]}
RESULT: {"script":"<script> [8489 bytes]","args":[{"element-6066-11e4-a52e-4f735466cecf":"f.09F09CB41D560B0063FAD190E33335F4.d.FED99F759C7DBC2EB85439C87F26BAA5.e.4537","ELEMENT":"f.09F09CB41D560B0063FAD190E33335F4.d.FED99F759C7DBC2EB85439C87F26BAA5.e.4537"}]}
COMMAND: POST /session/11d9dd1dff2e8474394cea312909913e/execute/sync - {"script":"<script> [5351 bytes]","args":[{"element-6066-11e4-a52e-4f735466cecf":"f.09F09CB41D560B0063FAD190E33335F4.d.FED99F759C7DBC2EB85439C87F26BAA5.e.4537","ELEMENT":"f.09F09CB41D560B0063FAD190E33335F4.d.FED99F759C7DBC2EB85439C87F26BAA5.e.4537"}]}
COMMAND: GET /session/11d9dd1dff2e8474394cea312909913e/screenshot - {}
RESULT: {"script":"<script> [5351 bytes]","args":[{"element-6066-11e4-a52e-4f735466cecf":"f.09F09CB41D560B0063FAD190E33335F4.d.FED99F759C7DBC2EB85439C87F26BAA5.e.4537","ELEMENT":"f.09F09CB41D560B0063FAD190E33335F4.d.FED99F759C7DBC2EB85439C87F26BAA5.e.4537"}]}
COMMAND: POST /session/11d9dd1dff2e8474394cea312909913e/element - {"using":"xpath","value":"//*[contains(@data-kt ,\"webshopDetailSiteLink\")]"}
COMMAND: GET /session/11d9dd1dff2e8474394cea312909913e/screenshot - {}
COMMAND: POST /session/11d9dd1dff2e8474394cea312909913e/element - {"using":"xpath","value":"//span[contains(text(), \"WebdriverYardjjtihg\")][contains(@id ,\"application-addressmanagement-display-component---detailAdm--addressDetailDetailsName1\")]"}
RESULT: {}
RESULT: {"using":"xpath","value":"//*[contains(@data-kt ,\"webshopDetailSiteLink\")]"}
COMMAND: POST /session/11d9dd1dff2e8474394cea312909913e/element/f.09F09CB41D560B0063FAD190E33335F4.d.FED99F759C7DBC2EB85439C87F26BAA5.e.4537/click - {}
RESULT: {}
RESULT: {"using":"xpath","value":"//span[contains(text(), \"WebdriverYardjjtihg\")][contains(@id ,\"application-addressmanagement-display-component---detailAdm--addressDetailDetailsName1\")]"}
RESULT: {}
COMMAND: GET /session/11d9dd1dff2e8474394cea312909913e/screenshot - {}
RESULT: {}
COMMAND: POST /session/11d9dd1dff2e8474394cea312909913e/element - {"using":"xpath","value":"//span[contains(text(), \"WebdriverYardjjtihg\")][contains(@id ,\"application-addressmanagement-display-component---detailAdm--addressDetailDetailsName1\")]"}
RESULT: {"using":"xpath","value":"//span[contains(text(), \"WebdriverYardjjtihg\")][contains(@id ,\"application-addressmanagement-display-component---detailAdm--addressDetailDetailsName1\")]"}
COMMAND: POST /session/11d9dd1dff2e8474394cea312909913e/element - {"using":"xpath","value":"//span[contains(text(), \"WebdriverYardjjtihg\")][contains(@id ,\"application-addressmanagement-display-component---detailAdm--addressDetailDetailsName1\")]"}
RESULT: {"using":"xpath","value":"//span[contains(text(), \"WebdriverYardjjtihg\")][contains(@id ,\"application-addressmanagement-display-component---detailAdm--addressDetailDetailsName1\")]"}
COMMAND: POST /session/11d9dd1dff2e8474394cea312909913e/element - {"using":"xpath","value":"//span[contains(text(), \"WebdriverYardjjtihg\")][contains(@id ,\"application-addressmanagement-display-component---detailAdm--addressDetailDetailsName1\")]"}
RESULT: {"using":"xpath","value":"//span[contains(text(), \"WebdriverYardjjtihg\")][contains(@id ,\"application-addressmanagement-display-component---detailAdm--addressDetailDetailsName1\")]"}
COMMAND: POST /session/11d9dd1dff2e8474394cea312909913e/element - {"using":"xpath","value":"//span[contains(text(), \"WebdriverYardjjtihg\")][contains(@id ,\"application-addressmanagement-display-component---detailAdm--addressDetailDetailsName1\")]"}
RESULT: {"using":"xpath","value":"//span[contains(text(), \"WebdriverYardjjtihg\")][contains(@id ,\"application-addressmanagement-display-component---detailAdm--addressDetailDetailsName1\")]"}
COMMAND: POST /session/11d9dd1dff2e8474394cea312909913e/element/f.09F09CB41D560B0063FAD190E33335F4.d.FED99F759C7DBC2EB85439C87F26BAA5.e.4059/click - {}
COMMAND: POST /session/11d9dd1dff2e8474394cea312909913e/element - {"using":"xpath","value":"//*[contains(@data-kt ,\"ContextMenuId2Link\")][contains(text(), \"Site Overview\")]"}
RESULT: {"using":"xpath","value":"//*[contains(@data-kt ,\"ContextMenuId2Link\")][contains(text(), \"Site Overview\")]"}
COMMAND: POST /session/11d9dd1dff2e8474394cea312909913e/element/f.09F09CB41D560B0063FAD190E33335F4.d.FED99F759C7DBC2EB85439C87F26BAA5.e.4059/click - {}
COMMAND: POST /session/11d9dd1dff2e8474394cea312909913e/element - {"using":"xpath","value":"//*[contains(@data-kt ,\"ContextMenuId2Link\")][contains(text(), \"Site Overview\")]"}
RESULT: {"using":"xpath","value":"//*[contains(@data-kt ,\"ContextMenuId2Link\")][contains(text(), \"Site Overview\")]"}
COMMAND: POST /session/11d9dd1dff2e8474394cea312909913e/element/f.09F09CB41D560B0063FAD190E33335F4.d.FED99F759C7DBC2EB85439C87F26BAA5.e.4540/click - {}
RESULT: {}
COMMAND: GET /session/11d9dd1dff2e8474394cea312909913e/screenshot - {}
COMMAND: POST /session/11d9dd1dff2e8474394cea312909913e/element - {"using":"xpath","value":"//span[contains(text(), \"WebdriverYardjjtihg\")][contains(@id ,\"application-addressmanagement-display-component---detailAdm--addressDetailDetailsName1\")]"}
RESULT: {}
RESULT: {"using":"xpath","value":"//span[contains(text(), \"WebdriverYardjjtihg\")][contains(@id ,\"application-addressmanagement-display-component---detailAdm--addressDetailDetailsName1\")]"}
COMMAND: POST /session/11d9dd1dff2e8474394cea312909913e/element - {"using":"xpath","value":"//span[contains(text(), \"WebdriverYardjjtihg\")][contains(@id ,\"application-addressmanagement-display-component---detailAdm--addressDetailDetailsName1\")]"}
RESULT: {"using":"xpath","value":"//span[contains(text(), \"WebdriverYardjjtihg\")][contains(@id ,\"application-addressmanagement-display-component---detailAdm--addressDetailDetailsName1\")]"}
COMMAND: POST /session/11d9dd1dff2e8474394cea312909913e/element - {"using":"xpath","value":"//span[contains(text(), \"WebdriverYardjjtihg\")][contains(@id ,\"application-addressmanagement-display-component---detailAdm--addressDetailDetailsName1\")]"}
RESULT: {"using":"xpath","value":"//span[contains(text(), \"WebdriverYardjjtihg\")][contains(@id ,\"application-addressmanagement-display-component---detailAdm--addressDetailDetailsName1\")]"}
COMMAND: POST /session/11d9dd1dff2e8474394cea312909913e/element - {"using":"xpath","value":"//span[contains(text(), \"WebdriverYardjjtihg\")][contains(@id ,\"application-addressmanagement-display-component---detailAdm--addressDetailDetailsName1\")]"}
RESULT: {"using":"xpath","value":"//span[contains(text(), \"WebdriverYardjjtihg\")][contains(@id ,\"application-addressmanagement-display-component---detailAdm--addressDetailDetailsName1\")]"}
COMMAND: POST /session/11d9dd1dff2e8474394cea312909913e/element - {"using":"xpath","value":"//span[contains(text(), \"WebdriverYardjjtihg\")][contains(@id ,\"application-addressmanagement-display-component---detailAdm--addressDetailDetailsName1\")]"}
RESULT: {"using":"xpath","value":"//span[contains(text(), \"WebdriverYardjjtihg\")][contains(@id ,\"application-addressmanagement-display-component---detailAdm--addressDetailDetailsName1\")]"}
COMMAND: POST /session/11d9dd1dff2e8474394cea312909913e/element - {"using":"xpath","value":"//span[contains(text(), \"WebdriverYardjjtihg\")][contains(@id ,\"application-addressmanagement-display-component---detailAdm--addressDetailDetailsName1\")]"}
RESULT: {"using":"xpath","value":"//span[contains(text(), \"WebdriverYardjjtihg\")][contains(@id ,\"application-addressmanagement-display-component---detailAdm--addressDetailDetailsName1\")]"}
COMMAND: POST /session/11d9dd1dff2e8474394cea312909913e/element - {"using":"xpath","value":"//span[contains(text(), \"WebdriverYardjjtihg\")][contains(@id ,\"application-addressmanagement-display-component---detailAdm--addressDetailDetailsName1\")]"}
RESULT: {"using":"xpath","value":"//span[contains(text(), \"WebdriverYardjjtihg\")][contains(@id ,\"application-addressmanagement-display-component---detailAdm--addressDetailDetailsName1\")]"}
RESULT: undefined
COMMAND: POST /session/11d9dd1dff2e8474394cea312909913e/execute/async - {"script":"<script> [6424 bytes]","args":[{"element-6066-11e4-a52e-4f735466cecf":"f.09F09CB41D560B0063FAD190E33335F4.d.FED99F759C7DBC2EB85439C87F26BAA5.e.3205"},"getTitle",[]]}
COMMAND: POST /session/11d9dd1dff2e8474394cea312909913e/execute/async - {"script":"<script> [1562 bytes]","args":[{"selector":{"id":"shellAppTitle"},"wdio_ui5_key":"shellAppTitle"}]}
RESULT: {"script":"<script> [1562 bytes]","args":[{"selector":{"id":"shellAppTitle"},"wdio_ui5_key":"shellAppTitle"}]}
COMMAND: POST /session/11d9dd1dff2e8474394cea312909913e/execute/async - {"script":"<script> [6424 bytes]","args":[{"element-6066-11e4-a52e-4f735466cecf":"f.09F09CB41D560B0063FAD190E33335F4.d.FED99F759C7DBC2EB85439C87F26BAA5.e.4618"},"getTitle",[]]}
RESULT: {"script":"<script> [6424 bytes]","args":[{"element-6066-11e4-a52e-4f735466cecf":"f.09F09CB41D560B0063FAD190E33335F4.d.FED99F759C7DBC2EB85439C87F26BAA5.e.4618"},"getTitle",[]]}
COMMAND: POST /session/11d9dd1dff2e8474394cea312909913e/element - {"using":"xpath","value":"(//span[contains(text(), \"WebdriverSitey6lt\")])[2]"}
RESULT: {"using":"xpath","value":"(//span[contains(text(), \"WebdriverSitey6lt\")])[2]"}
COMMAND: POST /session/11d9dd1dff2e8474394cea312909913e/execute/sync - {"script":"<script> [8489 bytes]","args":[{"element-6066-11e4-a52e-4f735466cecf":"f.09F09CB41D560B0063FAD190E33335F4.d.FED99F759C7DBC2EB85439C87F26BAA5.e.4619","ELEMENT":"f.09F09CB41D560B0063FAD190E33335F4.d.FED99F759C7DBC2EB85439C87F26BAA5.e.4619"}]}
RESULT: undefined
COMMAND: POST /session/11d9dd1dff2e8474394cea312909913e/element - {"using":"xpath","value":"//*[@id=\"backBtn\"]"}
RESULT: {"script":"<script> [8489 bytes]","args":[{"element-6066-11e4-a52e-4f735466cecf":"f.09F09CB41D560B0063FAD190E33335F4.d.FED99F759C7DBC2EB85439C87F26BAA5.e.4619","ELEMENT":"f.09F09CB41D560B0063FAD190E33335F4.d.FED99F759C7DBC2EB85439C87F26BAA5.e.4619"}]}
COMMAND: GET /session/11d9dd1dff2e8474394cea312909913e/screenshot - {}
RESULT: {"using":"xpath","value":"//*[@id=\"backBtn\"]"}
COMMAND: POST /session/11d9dd1dff2e8474394cea312909913e/element/f.09F09CB41D560B0063FAD190E33335F4.d.FED99F759C7DBC2EB85439C87F26BAA5.e.3207/click - {}
RESULT: {}
RESULT: {}
COMMAND: GET /session/11d9dd1dff2e8474394cea312909913e/screenshot - {}
RESULT: {}
COMMAND: POST /session/11d9dd1dff2e8474394cea312909913e/execute/sync - {"script":"<script> [8489 bytes]","args":[{"element-6066-11e4-a52e-4f735466cecf":"f.09F09CB41D560B0063FAD190E33335F4.d.FED99F759C7DBC2EB85439C87F26BAA5.e.4537","ELEMENT":"f.09F09CB41D560B0063FAD190E33335F4.d.FED99F759C7DBC2EB85439C87F26BAA5.e.4537"}]}
COMMAND: POST /session/11d9dd1dff2e8474394cea312909913e/element - {"using":"xpath","value":"//*[contains(@data-kt ,\"webshopDetailSiteLink\")]"}
RESULT: {"using":"xpath","value":"//*[contains(@data-kt ,\"webshopDetailSiteLink\")]"}
COMMAND: POST /session/11d9dd1dff2e8474394cea312909913e/execute/sync - {"script":"<script> [8489 bytes]","args":[{"element-6066-11e4-a52e-4f735466cecf":"f.09F09CB41D560B0063FAD190E33335F4.d.FED99F759C7DBC2EB85439C87F26BAA5.e.4774","ELEMENT":"f.09F09CB41D560B0063FAD190E33335F4.d.FED99F759C7DBC2EB85439C87F26BAA5.e.4774"}]}
RESULT: {"script":"<script> [8489 bytes]","args":[{"element-6066-11e4-a52e-4f735466cecf":"f.09F09CB41D560B0063FAD190E33335F4.d.FED99F759C7DBC2EB85439C87F26BAA5.e.4774","ELEMENT":"f.09F09CB41D560B0063FAD190E33335F4.d.FED99F759C7DBC2EB85439C87F26BAA5.e.4774"}]}
COMMAND: POST /session/11d9dd1dff2e8474394cea312909913e/execute/sync - {"script":"<script> [5351 bytes]","args":[{"element-6066-11e4-a52e-4f735466cecf":"f.09F09CB41D560B0063FAD190E33335F4.d.FED99F759C7DBC2EB85439C87F26BAA5.e.4774","ELEMENT":"f.09F09CB41D560B0063FAD190E33335F4.d.FED99F759C7DBC2EB85439C87F26BAA5.e.4774"}]}
COMMAND: GET /session/11d9dd1dff2e8474394cea312909913e/screenshot - {}
RESULT: {"script":"<script> [5351 bytes]","args":[{"element-6066-11e4-a52e-4f735466cecf":"f.09F09CB41D560B0063FAD190E33335F4.d.FED99F759C7DBC2EB85439C87F26BAA5.e.4774","ELEMENT":"f.09F09CB41D560B0063FAD190E33335F4.d.FED99F759C7DBC2EB85439C87F26BAA5.e.4774"}]}
COMMAND: POST /session/11d9dd1dff2e8474394cea312909913e/element - {"using":"xpath","value":"//*[contains(@data-kt ,\"webshopDetailSiteLink\")]"}
COMMAND: GET /session/11d9dd1dff2e8474394cea312909913e/screenshot - {}
RESULT: {}
RESULT: {"using":"xpath","value":"//*[contains(@data-kt ,\"webshopDetailSiteLink\")]"}
COMMAND: POST /session/11d9dd1dff2e8474394cea312909913e/element/f.09F09CB41D560B0063FAD190E33335F4.d.FED99F759C7DBC2EB85439C87F26BAA5.e.4774/click - {}
RESULT: {}
RESULT: {}
COMMAND: GET /session/11d9dd1dff2e8474394cea312909913e/screenshot - {}
RESULT: {}
COMMAND: POST /session/11d9dd1dff2e8474394cea312909913e/element/f.09F09CB41D560B0063FAD190E33335F4.d.FED99F759C7DBC2EB85439C87F26BAA5.e.4060/click - {}
COMMAND: POST /session/11d9dd1dff2e8474394cea312909913e/element - {"using":"xpath","value":"//*[contains(@data-kt ,\"ContextMenuId3Link\")][contains(text(), \"Site Main Address\")]"}
RESULT: {"using":"xpath","value":"//*[contains(@data-kt ,\"ContextMenuId3Link\")][contains(text(), \"Site Main Address\")]"}
COMMAND: POST /session/11d9dd1dff2e8474394cea312909913e/element/f.09F09CB41D560B0063FAD190E33335F4.d.FED99F759C7DBC2EB85439C87F26BAA5.e.4060/click - {}
COMMAND: POST /session/11d9dd1dff2e8474394cea312909913e/element - {"using":"xpath","value":"//*[contains(@data-kt ,\"ContextMenuId3Link\")][contains(text(), \"Site Main Address\")]"}
RESULT: {"using":"xpath","value":"//*[contains(@data-kt ,\"ContextMenuId3Link\")][contains(text(), \"Site Main Address\")]"}
COMMAND: POST /session/11d9dd1dff2e8474394cea312909913e/element/f.09F09CB41D560B0063FAD190E33335F4.d.FED99F759C7DBC2EB85439C87F26BAA5.e.4776/click - {}
RESULT: {}
COMMAND: GET /session/11d9dd1dff2e8474394cea312909913e/screenshot - {}
RESULT: {}
COMMAND: POST /session/11d9dd1dff2e8474394cea312909913e/element - {"using":"xpath","value":"//span[contains(@id ,\"application-addressmanagement-display-component---masterAdm--title1-inner\")]"}
RESULT: {"using":"xpath","value":"//span[contains(@id ,\"application-addressmanagement-display-component---masterAdm--title1-inner\")]"}
COMMAND: GET /session/11d9dd1dff2e8474394cea312909913e/element/f.09F09CB41D560B0063FAD190E33335F4.d.FED99F759C7DBC2EB85439C87F26BAA5.e.5057/text - {}
RESULT: {}
COMMAND: POST /session/11d9dd1dff2e8474394cea312909913e/element - {"using":"xpath","value":"//span[contains(@id ,\"application-addressmanagement-display-component---detailAdm--addressDetailDetailsName1\")][contains(text(), \"WebdriverSitey6lt\")]"}
RESULT: {"using":"xpath","value":"//span[contains(@id ,\"application-addressmanagement-display-component---detailAdm--addressDetailDetailsName1\")][contains(text(), \"WebdriverSitey6lt\")]"}
COMMAND: POST /session/11d9dd1dff2e8474394cea312909913e/execute/sync - {"script":"<script> [8489 bytes]","args":[{"element-6066-11e4-a52e-4f735466cecf":"f.09F09CB41D560B0063FAD190E33335F4.d.FED99F759C7DBC2EB85439C87F26BAA5.e.5058","ELEMENT":"f.09F09CB41D560B0063FAD190E33335F4.d.FED99F759C7DBC2EB85439C87F26BAA5.e.5058"}]}
RESULT: undefined
COMMAND: POST /session/11d9dd1dff2e8474394cea312909913e/element - {"using":"xpath","value":"//*[@id=\"backBtn\"]"}
RESULT: {"script":"<script> [8489 bytes]","args":[{"element-6066-11e4-a52e-4f735466cecf":"f.09F09CB41D560B0063FAD190E33335F4.d.FED99F759C7DBC2EB85439C87F26BAA5.e.5058","ELEMENT":"f.09F09CB41D560B0063FAD190E33335F4.d.FED99F759C7DBC2EB85439C87F26BAA5.e.5058"}]}
COMMAND: GET /session/11d9dd1dff2e8474394cea312909913e/screenshot - {}
RESULT: {"using":"xpath","value":"//*[@id=\"backBtn\"]"}
COMMAND: POST /session/11d9dd1dff2e8474394cea312909913e/element/f.09F09CB41D560B0063FAD190E33335F4.d.FED99F759C7DBC2EB85439C87F26BAA5.e.3207/click - {}
RESULT: {}
RESULT: {}
COMMAND: GET /session/11d9dd1dff2e8474394cea312909913e/screenshot - {}
RESULT: {}
COMMAND: POST /session/11d9dd1dff2e8474394cea312909913e/execute/sync - {"script":"<script> [8489 bytes]","args":[{"element-6066-11e4-a52e-4f735466cecf":"f.09F09CB41D560B0063FAD190E33335F4.d.FED99F759C7DBC2EB85439C87F26BAA5.e.4774","ELEMENT":"f.09F09CB41D560B0063FAD190E33335F4.d.FED99F759C7DBC2EB85439C87F26BAA5.e.4774"}]}
COMMAND: POST /session/11d9dd1dff2e8474394cea312909913e/element - {"using":"xpath","value":"//*[contains(@data-kt ,\"webshopDetailSiteLink\")]"}
RESULT: {"using":"xpath","value":"//*[contains(@data-kt ,\"webshopDetailSiteLink\")]"}
COMMAND: POST /session/11d9dd1dff2e8474394cea312909913e/execute/sync - {"script":"<script> [8489 bytes]","args":[{"element-6066-11e4-a52e-4f735466cecf":"f.09F09CB41D560B0063FAD190E33335F4.d.FED99F759C7DBC2EB85439C87F26BAA5.e.5194","ELEMENT":"f.09F09CB41D560B0063FAD190E33335F4.d.FED99F759C7DBC2EB85439C87F26BAA5.e.5194"}]}
RESULT: {"script":"<script> [8489 bytes]","args":[{"element-6066-11e4-a52e-4f735466cecf":"f.09F09CB41D560B0063FAD190E33335F4.d.FED99F759C7DBC2EB85439C87F26BAA5.e.5194","ELEMENT":"f.09F09CB41D560B0063FAD190E33335F4.d.FED99F759C7DBC2EB85439C87F26BAA5.e.5194"}]}
COMMAND: POST /session/11d9dd1dff2e8474394cea312909913e/execute/sync - {"script":"<script> [5351 bytes]","args":[{"element-6066-11e4-a52e-4f735466cecf":"f.09F09CB41D560B0063FAD190E33335F4.d.FED99F759C7DBC2EB85439C87F26BAA5.e.5194","ELEMENT":"f.09F09CB41D560B0063FAD190E33335F4.d.FED99F759C7DBC2EB85439C87F26BAA5.e.5194"}]}
COMMAND: GET /session/11d9dd1dff2e8474394cea312909913e/screenshot - {}
RESULT: {"script":"<script> [5351 bytes]","args":[{"element-6066-11e4-a52e-4f735466cecf":"f.09F09CB41D560B0063FAD190E33335F4.d.FED99F759C7DBC2EB85439C87F26BAA5.e.5194","ELEMENT":"f.09F09CB41D560B0063FAD190E33335F4.d.FED99F759C7DBC2EB85439C87F26BAA5.e.5194"}]}
COMMAND: GET /session/11d9dd1dff2e8474394cea312909913e/screenshot - {}
COMMAND: POST /session/11d9dd1dff2e8474394cea312909913e/execute/sync - {"script":"<script> [8489 bytes]","args":[{"element-6066-11e4-a52e-4f735466cecf":"f.09F09CB41D560B0063FAD190E33335F4.d.FED99F759C7DBC2EB85439C87F26BAA5.e.5194","ELEMENT":"f.09F09CB41D560B0063FAD190E33335F4.d.FED99F759C7DBC2EB85439C87F26BAA5.e.5194"}]}
RESULT: {}
RESULT: {}
RESULT: {"script":"<script> [8489 bytes]","args":[{"element-6066-11e4-a52e-4f735466cecf":"f.09F09CB41D560B0063FAD190E33335F4.d.FED99F759C7DBC2EB85439C87F26BAA5.e.5194","ELEMENT":"f.09F09CB41D560B0063FAD190E33335F4.d.FED99F759C7DBC2EB85439C87F26BAA5.e.5194"}]}
COMMAND: POST /session/11d9dd1dff2e8474394cea312909913e/execute/sync - {"script":"<script> [5351 bytes]","args":[{"element-6066-11e4-a52e-4f735466cecf":"f.09F09CB41D560B0063FAD190E33335F4.d.FED99F759C7DBC2EB85439C87F26BAA5.e.5194","ELEMENT":"f.09F09CB41D560B0063FAD190E33335F4.d.FED99F759C7DBC2EB85439C87F26BAA5.e.5194"}]}
COMMAND: GET /session/11d9dd1dff2e8474394cea312909913e/screenshot - {}
RESULT: {"script":"<script> [5351 bytes]","args":[{"element-6066-11e4-a52e-4f735466cecf":"f.09F09CB41D560B0063FAD190E33335F4.d.FED99F759C7DBC2EB85439C87F26BAA5.e.5194","ELEMENT":"f.09F09CB41D560B0063FAD190E33335F4.d.FED99F759C7DBC2EB85439C87F26BAA5.e.5194"}]}
COMMAND: POST /session/11d9dd1dff2e8474394cea312909913e/element - {"using":"xpath","value":"//*[contains(@data-kt ,\"webshopDetailSiteLink\")]"}
COMMAND: GET /session/11d9dd1dff2e8474394cea312909913e/screenshot - {}
RESULT: {}
RESULT: {"using":"xpath","value":"//*[contains(@data-kt ,\"webshopDetailSiteLink\")]"}
COMMAND: POST /session/11d9dd1dff2e8474394cea312909913e/element/f.09F09CB41D560B0063FAD190E33335F4.d.FED99F759C7DBC2EB85439C87F26BAA5.e.5194/click - {}
RESULT: {}
RESULT: {}
COMMAND: GET /session/11d9dd1dff2e8474394cea312909913e/screenshot - {}
RESULT: {}
COMMAND: POST /session/11d9dd1dff2e8474394cea312909913e/element - {"using":"xpath","value":"//button[contains(@data-kt ,\"ContextMenuIdExternalLink\")]"}
RESULT: {"using":"xpath","value":"//button[contains(@data-kt ,\"ContextMenuIdExternalLink\")]"}
COMMAND: POST /session/11d9dd1dff2e8474394cea312909913e/element/f.09F09CB41D560B0063FAD190E33335F4.d.FED99F759C7DBC2EB85439C87F26BAA5.e.5212/click - {}
RESULT: {}
COMMAND: GET /session/11d9dd1dff2e8474394cea312909913e/screenshot - {}
RESULT: {}
COMMAND: GET /session/11d9dd1dff2e8474394cea312909913e/window/handles - {}
RESULT: {}
COMMAND: POST /session/11d9dd1dff2e8474394cea312909913e/window - {"handle":"14079B9A2EEB1054EC800925F19C0803"}
RESULT: {"handle":"14079B9A2EEB1054EC800925F19C0803"}
COMMAND: GET /session/11d9dd1dff2e8474394cea312909913e/url - {}
RESULT: {}
COMMAND: DELETE /session/11d9dd1dff2e8474394cea312909913e/window - {}
COMMAND: GET /session/11d9dd1dff2e8474394cea312909913e/screenshot - {}
RESULT: {}
COMMAND: POST /session/11d9dd1dff2e8474394cea312909913e/window - {"handle":"09F09CB41D560B0063FAD190E33335F4"}
RESULT: {"handle":"09F09CB41D560B0063FAD190E33335F4"}
COMMAND: GET /session/11d9dd1dff2e8474394cea312909913e/url - {}
RESULT: {}
RESULT: {}
COMMAND: GET /session/11d9dd1dff2e8474394cea312909913e/screenshot - {}
RESULT: {}
COMMAND: POST /session/11d9dd1dff2e8474394cea312909913e/element - {"using":"xpath","value":"//button[contains(@data-kt ,\"ContextMenuExternalId2Link\")]"}
RESULT: {"using":"xpath","value":"//button[contains(@data-kt ,\"ContextMenuExternalId2Link\")]"}
COMMAND: POST /session/11d9dd1dff2e8474394cea312909913e/element/f.09F09CB41D560B0063FAD190E33335F4.d.FED99F759C7DBC2EB85439C87F26BAA5.e.5452/click - {}
RESULT: {}
COMMAND: GET /session/11d9dd1dff2e8474394cea312909913e/screenshot - {}
RESULT: {}
COMMAND: GET /session/11d9dd1dff2e8474394cea312909913e/window/handles - {}
RESULT: {}
COMMAND: POST /session/11d9dd1dff2e8474394cea312909913e/window - {"handle":"245817B13673812F59C774558972F5EC"}
RESULT: {"handle":"245817B13673812F59C774558972F5EC"}
COMMAND: GET /session/11d9dd1dff2e8474394cea312909913e/url - {}
RESULT: {}
COMMAND: GET /session/11d9dd1dff2e8474394cea312909913e/screenshot - {}
RESULT: {}
COMMAND: POST /session/11d9dd1dff2e8474394cea312909913e/execute/sync - {"script":"<script> [8489 bytes]","args":[{"element-6066-11e4-a52e-4f735466cecf":"f.09F09CB41D560B0063FAD190E33335F4.d.FED99F759C7DBC2EB85439C87F26BAA5.e.4619","ELEMENT":"f.09F09CB41D560B0063FAD190E33335F4.d.FED99F759C7DBC2EB85439C87F26BAA5.e.4619"}]}
COMMAND: DELETE /session/11d9dd1dff2e8474394cea312909913e/window - {}
RESULT: {}
COMMAND: POST /session/11d9dd1dff2e8474394cea312909913e/window - {"handle":"09F09CB41D560B0063FAD190E33335F4"}
RESULT: {"handle":"09F09CB41D560B0063FAD190E33335F4"}
COMMAND: GET /session/11d9dd1dff2e8474394cea312909913e/url - {}
COMMAND: POST /session/11d9dd1dff2e8474394cea312909913e/element - {"using":"xpath","value":"(//span[contains(text(), \"WebdriverSitey6lt\")])[2]"}
RESULT: {}
COMMAND: GET /session/11d9dd1dff2e8474394cea312909913e/screenshot - {}
RESULT: {"using":"xpath","value":"(//span[contains(text(), \"WebdriverSitey6lt\")])[2]"}
COMMAND: POST /session/11d9dd1dff2e8474394cea312909913e/element - {"using":"xpath","value":"(//span[contains(text(), \"WebdriverSitey6lt\")])[2]"}
RESULT: {}
RESULT: {"using":"xpath","value":"(//span[contains(text(), \"WebdriverSitey6lt\")])[2]"}
COMMAND: POST /session/11d9dd1dff2e8474394cea312909913e/element - {"using":"xpath","value":"(//span[contains(text(), \"WebdriverSitey6lt\")])[2]"}
RESULT: {"using":"xpath","value":"(//span[contains(text(), \"WebdriverSitey6lt\")])[2]"}
COMMAND: POST /session/11d9dd1dff2e8474394cea312909913e/element - {"using":"xpath","value":"(//span[contains(text(), \"WebdriverSitey6lt\")])[2]"}
RESULT: {"using":"xpath","value":"(//span[contains(text(), \"WebdriverSitey6lt\")])[2]"}
COMMAND: POST /session/11d9dd1dff2e8474394cea312909913e/element - {"using":"xpath","value":"(//span[contains(text(), \"WebdriverSitey6lt\")])[2]"}
RESULT: {"using":"xpath","value":"(//span[contains(text(), \"WebdriverSitey6lt\")])[2]"}
COMMAND: POST /session/11d9dd1dff2e8474394cea312909913e/element - {"using":"xpath","value":"(//span[contains(text(), \"WebdriverSitey6lt\")])[2]"}
RESULT: {"using":"xpath","value":"(//span[contains(text(), \"WebdriverSitey6lt\")])[2]"}
COMMAND: POST /session/11d9dd1dff2e8474394cea312909913e/element - {"using":"xpath","value":"(//span[contains(text(), \"WebdriverSitey6lt\")])[2]"}
RESULT: {"using":"xpath","value":"(//span[contains(text(), \"WebdriverSitey6lt\")])[2]"}
COMMAND: POST /session/11d9dd1dff2e8474394cea312909913e/element - {"using":"xpath","value":"(//span[contains(text(), \"WebdriverSitey6lt\")])[2]"}
RESULT: {"using":"xpath","value":"(//span[contains(text(), \"WebdriverSitey6lt\")])[2]"}
COMMAND: POST /session/11d9dd1dff2e8474394cea312909913e/element - {"using":"xpath","value":"(//span[contains(text(), \"WebdriverSitey6lt\")])[2]"}
RESULT: {"using":"xpath","value":"(//span[contains(text(), \"WebdriverSitey6lt\")])[2]"}
COMMAND: POST /session/11d9dd1dff2e8474394cea312909913e/element - {"using":"xpath","value":"(//span[contains(text(), \"WebdriverSitey6lt\")])[2]"}
RESULT: {"using":"xpath","value":"(//span[contains(text(), \"WebdriverSitey6lt\")])[2]"}
COMMAND: POST /session/11d9dd1dff2e8474394cea312909913e/execute/sync - {"script":"<script> [8489 bytes]","args":[{"element-6066-11e4-a52e-4f735466cecf":"f.09F09CB41D560B0063FAD190E33335F4.d.FED99F759C7DBC2EB85439C87F26BAA5.e.5194","ELEMENT":"f.09F09CB41D560B0063FAD190E33335F4.d.FED99F759C7DBC2EB85439C87F26BAA5.e.5194"}]}
RESULT: {"script":"<script> [8489 bytes]","args":[{"element-6066-11e4-a52e-4f735466cecf":"f.09F09CB41D560B0063FAD190E33335F4.d.FED99F759C7DBC2EB85439C87F26BAA5.e.5194","ELEMENT":"f.09F09CB41D560B0063FAD190E33335F4.d.FED99F759C7DBC2EB85439C87F26BAA5.e.5194"}]}
COMMAND: POST /session/11d9dd1dff2e8474394cea312909913e/execute/sync - {"script":"<script> [5351 bytes]","args":[{"element-6066-11e4-a52e-4f735466cecf":"f.09F09CB41D560B0063FAD190E33335F4.d.FED99F759C7DBC2EB85439C87F26BAA5.e.5194","ELEMENT":"f.09F09CB41D560B0063FAD190E33335F4.d.FED99F759C7DBC2EB85439C87F26BAA5.e.5194"}]}
RESULT: {"script":"<script> [5351 bytes]","args":[{"element-6066-11e4-a52e-4f735466cecf":"f.09F09CB41D560B0063FAD190E33335F4.d.FED99F759C7DBC2EB85439C87F26BAA5.e.5194","ELEMENT":"f.09F09CB41D560B0063FAD190E33335F4.d.FED99F759C7DBC2EB85439C87F26BAA5.e.5194"}]}
COMMAND: POST /session/11d9dd1dff2e8474394cea312909913e/element - {"using":"xpath","value":"//*[contains(@data-kt ,\"webshopDetailSiteLink\")]"}
RESULT: {"using":"xpath","value":"//*[contains(@data-kt ,\"webshopDetailSiteLink\")]"}
COMMAND: POST /session/11d9dd1dff2e8474394cea312909913e/element/f.09F09CB41D560B0063FAD190E33335F4.d.FED99F759C7DBC2EB85439C87F26BAA5.e.5194/click - {}
RESULT: {}
COMMAND: POST /session/11d9dd1dff2e8474394cea312909913e/element - {"using":"xpath","value":"(//span[contains(text(), \"WebdriverSitey6lt\")])[2]"}
COMMAND: GET /session/11d9dd1dff2e8474394cea312909913e/screenshot - {}
COMMAND: GET /session/11d9dd1dff2e8474394cea312909913e/screenshot - {}
COMMAND: GET /session/11d9dd1dff2e8474394cea312909913e/screenshot - {}
RESULT: {"using":"xpath","value":"(//span[contains(text(), \"WebdriverSitey6lt\")])[2]"}
COMMAND: POST /session/11d9dd1dff2e8474394cea312909913e/execute/sync - {"script":"<script> [8489 bytes]","args":[{"element-6066-11e4-a52e-4f735466cecf":"f.09F09CB41D560B0063FAD190E33335F4.d.FED99F759C7DBC2EB85439C87F26BAA5.e.5467","ELEMENT":"f.09F09CB41D560B0063FAD190E33335F4.d.FED99F759C7DBC2EB85439C87F26BAA5.e.5467"}]}
RESULT: {}
RESULT: {}
RESULT: {}
RESULT: {"script":"<script> [8489 bytes]","args":[{"element-6066-11e4-a52e-4f735466cecf":"f.09F09CB41D560B0063FAD190E33335F4.d.FED99F759C7DBC2EB85439C87F26BAA5.e.5467","ELEMENT":"f.09F09CB41D560B0063FAD190E33335F4.d.FED99F759C7DBC2EB85439C87F26BAA5.e.5467"}]}
COMMAND: GET /session/11d9dd1dff2e8474394cea312909913e/screenshot - {}
RESULT: {}
COMMAND: POST /session/11d9dd1dff2e8474394cea312909913e/element - {"using":"xpath","value":"(//button[contains(@data-kt ,\"ContextMenuExternalId3Link\")])[2]"}
RESULT: {"using":"xpath","value":"(//button[contains(@data-kt ,\"ContextMenuExternalId3Link\")])[2]"}
COMMAND: POST /session/11d9dd1dff2e8474394cea312909913e/element/f.09F09CB41D560B0063FAD190E33335F4.d.FED99F759C7DBC2EB85439C87F26BAA5.e.5468/click - {}
RESULT: {}
COMMAND: GET /session/11d9dd1dff2e8474394cea312909913e/screenshot - {}
RESULT: {}
COMMAND: GET /session/11d9dd1dff2e8474394cea312909913e/window/handles - {}
RESULT: {}
COMMAND: POST /session/11d9dd1dff2e8474394cea312909913e/window - {"handle":"ED888FBF99C01B933F39C7F8E1A5EC4A"}
RESULT: {"handle":"ED888FBF99C01B933F39C7F8E1A5EC4A"}
COMMAND: GET /session/11d9dd1dff2e8474394cea312909913e/url - {}
RESULT: {}
COMMAND: GET /session/11d9dd1dff2e8474394cea312909913e/screenshot - {}
COMMAND: POST /session/11d9dd1dff2e8474394cea312909913e/execute/sync - {"script":"<script> [8489 bytes]","args":[{"element-6066-11e4-a52e-4f735466cecf":"f.09F09CB41D560B0063FAD190E33335F4.d.FED99F759C7DBC2EB85439C87F26BAA5.e.5058","ELEMENT":"f.09F09CB41D560B0063FAD190E33335F4.d.FED99F759C7DBC2EB85439C87F26BAA5.e.5058"}]}
RESULT: {}
RESULT: {"script":"<script> [8489 bytes]","args":[{"element-6066-11e4-a52e-4f735466cecf":"f.09F09CB41D560B0063FAD190E33335F4.d.FED99F759C7DBC2EB85439C87F26BAA5.e.5058","ELEMENT":"f.09F09CB41D560B0063FAD190E33335F4.d.FED99F759C7DBC2EB85439C87F26BAA5.e.5058"}]}
COMMAND: GET /session/11d9dd1dff2e8474394cea312909913e/screenshot - {}
RESULT: {}
COMMAND: POST /session/11d9dd1dff2e8474394cea312909913e/execute/sync - {"script":"<script> [8489 bytes]","args":[{"element-6066-11e4-a52e-4f735466cecf":"f.09F09CB41D560B0063FAD190E33335F4.d.FED99F759C7DBC2EB85439C87F26BAA5.e.5058","ELEMENT":"f.09F09CB41D560B0063FAD190E33335F4.d.FED99F759C7DBC2EB85439C87F26BAA5.e.5058"}]}
RESULT: {"script":"<script> [8489 bytes]","args":[{"element-6066-11e4-a52e-4f735466cecf":"f.09F09CB41D560B0063FAD190E33335F4.d.FED99F759C7DBC2EB85439C87F26BAA5.e.5058","ELEMENT":"f.09F09CB41D560B0063FAD190E33335F4.d.FED99F759C7DBC2EB85439C87F26BAA5.e.5058"}]}
COMMAND: GET /session/11d9dd1dff2e8474394cea312909913e/screenshot - {}
RESULT: {}
COMMAND: POST /session/11d9dd1dff2e8474394cea312909913e/execute/sync - {"script":"<script> [8489 bytes]","args":[{"element-6066-11e4-a52e-4f735466cecf":"f.09F09CB41D560B0063FAD190E33335F4.d.FED99F759C7DBC2EB85439C87F26BAA5.e.5058","ELEMENT":"f.09F09CB41D560B0063FAD190E33335F4.d.FED99F759C7DBC2EB85439C87F26BAA5.e.5058"}]}
RESULT: {"script":"<script> [8489 bytes]","args":[{"element-6066-11e4-a52e-4f735466cecf":"f.09F09CB41D560B0063FAD190E33335F4.d.FED99F759C7DBC2EB85439C87F26BAA5.e.5058","ELEMENT":"f.09F09CB41D560B0063FAD190E33335F4.d.FED99F759C7DBC2EB85439C87F26BAA5.e.5058"}]}
COMMAND: GET /session/11d9dd1dff2e8474394cea312909913e/screenshot - {}
RESULT: {}
COMMAND: POST /session/11d9dd1dff2e8474394cea312909913e/execute/sync - {"script":"<script> [8489 bytes]","args":[{"element-6066-11e4-a52e-4f735466cecf":"f.09F09CB41D560B0063FAD190E33335F4.d.FED99F759C7DBC2EB85439C87F26BAA5.e.5058","ELEMENT":"f.09F09CB41D560B0063FAD190E33335F4.d.FED99F759C7DBC2EB85439C87F26BAA5.e.5058"}]}
RESULT: {"script":"<script> [8489 bytes]","args":[{"element-6066-11e4-a52e-4f735466cecf":"f.09F09CB41D560B0063FAD190E33335F4.d.FED99F759C7DBC2EB85439C87F26BAA5.e.5058","ELEMENT":"f.09F09CB41D560B0063FAD190E33335F4.d.FED99F759C7DBC2EB85439C87F26BAA5.e.5058"}]}
COMMAND: GET /session/11d9dd1dff2e8474394cea312909913e/screenshot - {}
RESULT: {}
COMMAND: POST /session/11d9dd1dff2e8474394cea312909913e/execute/sync - {"script":"<script> [8489 bytes]","args":[{"element-6066-11e4-a52e-4f735466cecf":"f.09F09CB41D560B0063FAD190E33335F4.d.FED99F759C7DBC2EB85439C87F26BAA5.e.5058","ELEMENT":"f.09F09CB41D560B0063FAD190E33335F4.d.FED99F759C7DBC2EB85439C87F26BAA5.e.5058"}]}
RESULT: {"script":"<script> [8489 bytes]","args":[{"element-6066-11e4-a52e-4f735466cecf":"f.09F09CB41D560B0063FAD190E33335F4.d.FED99F759C7DBC2EB85439C87F26BAA5.e.5058","ELEMENT":"f.09F09CB41D560B0063FAD190E33335F4.d.FED99F759C7DBC2EB85439C87F26BAA5.e.5058"}]}
COMMAND: GET /session/11d9dd1dff2e8474394cea312909913e/screenshot - {}
RESULT: {}
COMMAND: POST /session/11d9dd1dff2e8474394cea312909913e/execute/sync - {"script":"<script> [8489 bytes]","args":[{"element-6066-11e4-a52e-4f735466cecf":"f.09F09CB41D560B0063FAD190E33335F4.d.FED99F759C7DBC2EB85439C87F26BAA5.e.5058","ELEMENT":"f.09F09CB41D560B0063FAD190E33335F4.d.FED99F759C7DBC2EB85439C87F26BAA5.e.5058"}]}
RESULT: {"script":"<script> [8489 bytes]","args":[{"element-6066-11e4-a52e-4f735466cecf":"f.09F09CB41D560B0063FAD190E33335F4.d.FED99F759C7DBC2EB85439C87F26BAA5.e.5058","ELEMENT":"f.09F09CB41D560B0063FAD190E33335F4.d.FED99F759C7DBC2EB85439C87F26BAA5.e.5058"}]}
COMMAND: GET /session/11d9dd1dff2e8474394cea312909913e/screenshot - {}
COMMAND: DELETE /session/11d9dd1dff2e8474394cea312909913e/window - {}
COMMAND: POST /session/11d9dd1dff2e8474394cea312909913e/execute/sync - {"script":"<script> [8489 bytes]","args":[{"element-6066-11e4-a52e-4f735466cecf":"f.09F09CB41D560B0063FAD190E33335F4.d.FED99F759C7DBC2EB85439C87F26BAA5.e.5058","ELEMENT":"f.09F09CB41D560B0063FAD190E33335F4.d.FED99F759C7DBC2EB85439C87F26BAA5.e.5058"}]}
RESULT: {}
RESULT: {}
COMMAND: POST /session/11d9dd1dff2e8474394cea312909913e/window - {"handle":"09F09CB41D560B0063FAD190E33335F4"}
RESULT: {"handle":"09F09CB41D560B0063FAD190E33335F4"}
COMMAND: GET /session/11d9dd1dff2e8474394cea312909913e/url - {}
COMMAND: POST /session/11d9dd1dff2e8474394cea312909913e/element - {"using":"xpath","value":"//span[contains(@id ,\"application-addressmanagement-display-component---detailAdm--addressDetailDetailsName1\")][contains(text(), \"WebdriverSitey6lt\")]"}
RESULT: {}
COMMAND: GET /session/11d9dd1dff2e8474394cea312909913e/screenshot - {}
RESULT: {"using":"xpath","value":"//span[contains(@id ,\"application-addressmanagement-display-component---detailAdm--addressDetailDetailsName1\")][contains(text(), \"WebdriverSitey6lt\")]"}
COMMAND: POST /session/11d9dd1dff2e8474394cea312909913e/element - {"using":"xpath","value":"//span[contains(@id ,\"application-addressmanagement-display-component---detailAdm--addressDetailDetailsName1\")][contains(text(), \"WebdriverSitey6lt\")]"}
RESULT: {}
RESULT: {"using":"xpath","value":"//span[contains(@id ,\"application-addressmanagement-display-component---detailAdm--addressDetailDetailsName1\")][contains(text(), \"WebdriverSitey6lt\")]"}
COMMAND: POST /session/11d9dd1dff2e8474394cea312909913e/element - {"using":"xpath","value":"//span[contains(@id ,\"application-addressmanagement-display-component---detailAdm--addressDetailDetailsName1\")][contains(text(), \"WebdriverSitey6lt\")]"}
RESULT: {"using":"xpath","value":"//span[contains(@id ,\"application-addressmanagement-display-component---detailAdm--addressDetailDetailsName1\")][contains(text(), \"WebdriverSitey6lt\")]"}
COMMAND: POST /session/11d9dd1dff2e8474394cea312909913e/element - {"using":"xpath","value":"//span[contains(@id ,\"application-addressmanagement-display-component---detailAdm--addressDetailDetailsName1\")][contains(text(), \"WebdriverSitey6lt\")]"}
RESULT: {"using":"xpath","value":"//span[contains(@id ,\"application-addressmanagement-display-component---detailAdm--addressDetailDetailsName1\")][contains(text(), \"WebdriverSitey6lt\")]"}
COMMAND: POST /session/11d9dd1dff2e8474394cea312909913e/element - {"using":"xpath","value":"//span[contains(@id ,\"application-addressmanagement-display-component---detailAdm--addressDetailDetailsName1\")][contains(text(), \"WebdriverSitey6lt\")]"}
RESULT: {"using":"xpath","value":"//span[contains(@id ,\"application-addressmanagement-display-component---detailAdm--addressDetailDetailsName1\")][contains(text(), \"WebdriverSitey6lt\")]"}
COMMAND: POST /session/11d9dd1dff2e8474394cea312909913e/element - {"using":"xpath","value":"//span[contains(@id ,\"application-addressmanagement-display-component---detailAdm--addressDetailDetailsName1\")][contains(text(), \"WebdriverSitey6lt\")]"}
RESULT: {"using":"xpath","value":"//span[contains(@id ,\"application-addressmanagement-display-component---detailAdm--addressDetailDetailsName1\")][contains(text(), \"WebdriverSitey6lt\")]"}
COMMAND: POST /session/11d9dd1dff2e8474394cea312909913e/element - {"using":"xpath","value":"//span[contains(@id ,\"application-addressmanagement-display-component---detailAdm--addressDetailDetailsName1\")][contains(text(), \"WebdriverSitey6lt\")]"}
RESULT: {"using":"xpath","value":"//span[contains(@id ,\"application-addressmanagement-display-component---detailAdm--addressDetailDetailsName1\")][contains(text(), \"WebdriverSitey6lt\")]"}
COMMAND: POST /session/11d9dd1dff2e8474394cea312909913e/element - {"using":"xpath","value":"//span[contains(@id ,\"application-addressmanagement-display-component---detailAdm--addressDetailDetailsName1\")][contains(text(), \"WebdriverSitey6lt\")]"}
RESULT: {"using":"xpath","value":"//span[contains(@id ,\"application-addressmanagement-display-component---detailAdm--addressDetailDetailsName1\")][contains(text(), \"WebdriverSitey6lt\")]"}
]]></system-out>
    </testcase>
  </testsuite>
  <testsuite timestamp="2025-05-29T16:21:52" time="239.368" tests="2" failures="0" errors="0" skipped="0">
    <properties>
      <property name="specId" value="0"/>
      <property name="suiteName" value="Webshop - Hyperlinks visible and working properly  US139085"/>
      <property name="capabilities" value="chrome.136_0_7103_93.windows"/>
      <property name="file" value="file:///D:/a/1/s/test/specs/R2C/webshop-hyperlinks-partner-address-contract-item.spec.js"/>
    </properties>
    <testcase classname="chrome.136_0_7103_93.windows.Webshop_-_Hyperlinks_visible_and_working_properly__US139085" name="Should verify the customer and address hyperlinks" time="150.828">
      <system-out><![CDATA[
COMMAND: POST /session/11d9dd1dff2e8474394cea312909913e/element - {"using":"xpath","value":"//*[contains(@data-kt ,\"webshopDetailAddressLink\")]"}
RESULT: {"using":"xpath","value":"//*[contains(@data-kt ,\"webshopDetailAddressLink\")]"}
COMMAND: POST /session/11d9dd1dff2e8474394cea312909913e/execute/sync - {"script":"<script> [8489 bytes]","args":[{"element-6066-11e4-a52e-4f735466cecf":"f.09F09CB41D560B0063FAD190E33335F4.d.FED99F759C7DBC2EB85439C87F26BAA5.e.5616","ELEMENT":"f.09F09CB41D560B0063FAD190E33335F4.d.FED99F759C7DBC2EB85439C87F26BAA5.e.5616"}]}
RESULT: {"script":"<script> [8489 bytes]","args":[{"element-6066-11e4-a52e-4f735466cecf":"f.09F09CB41D560B0063FAD190E33335F4.d.FED99F759C7DBC2EB85439C87F26BAA5.e.5616","ELEMENT":"f.09F09CB41D560B0063FAD190E33335F4.d.FED99F759C7DBC2EB85439C87F26BAA5.e.5616"}]}
COMMAND: POST /session/11d9dd1dff2e8474394cea312909913e/execute/sync - {"script":"<script> [5351 bytes]","args":[{"element-6066-11e4-a52e-4f735466cecf":"f.09F09CB41D560B0063FAD190E33335F4.d.FED99F759C7DBC2EB85439C87F26BAA5.e.5616","ELEMENT":"f.09F09CB41D560B0063FAD190E33335F4.d.FED99F759C7DBC2EB85439C87F26BAA5.e.5616"}]}
COMMAND: GET /session/11d9dd1dff2e8474394cea312909913e/screenshot - {}
RESULT: {"script":"<script> [5351 bytes]","args":[{"element-6066-11e4-a52e-4f735466cecf":"f.09F09CB41D560B0063FAD190E33335F4.d.FED99F759C7DBC2EB85439C87F26BAA5.e.5616","ELEMENT":"f.09F09CB41D560B0063FAD190E33335F4.d.FED99F759C7DBC2EB85439C87F26BAA5.e.5616"}]}
COMMAND: GET /session/11d9dd1dff2e8474394cea312909913e/screenshot - {}
COMMAND: POST /session/11d9dd1dff2e8474394cea312909913e/element - {"using":"xpath","value":"//span[contains(@id ,\"application-addressmanagement-display-component---detailAdm--addressDetailDetailsName1\")][contains(text(), \"WebdriverSitey6lt\")]"}
RESULT: {}
RESULT: {}
RESULT: {"using":"xpath","value":"//span[contains(@id ,\"application-addressmanagement-display-component---detailAdm--addressDetailDetailsName1\")][contains(text(), \"WebdriverSitey6lt\")]"}
COMMAND: POST /session/11d9dd1dff2e8474394cea312909913e/element - {"using":"xpath","value":"//span[contains(@id ,\"application-addressmanagement-display-component---detailAdm--addressDetailDetailsName1\")][contains(text(), \"WebdriverSitey6lt\")]"}
RESULT: {"using":"xpath","value":"//span[contains(@id ,\"application-addressmanagement-display-component---detailAdm--addressDetailDetailsName1\")][contains(text(), \"WebdriverSitey6lt\")]"}
COMMAND: POST /session/11d9dd1dff2e8474394cea312909913e/element - {"using":"xpath","value":"//span[contains(@id ,\"application-addressmanagement-display-component---detailAdm--addressDetailDetailsName1\")][contains(text(), \"WebdriverSitey6lt\")]"}
RESULT: {"using":"xpath","value":"//span[contains(@id ,\"application-addressmanagement-display-component---detailAdm--addressDetailDetailsName1\")][contains(text(), \"WebdriverSitey6lt\")]"}
COMMAND: POST /session/11d9dd1dff2e8474394cea312909913e/element - {"using":"xpath","value":"//span[contains(@id ,\"application-addressmanagement-display-component---detailAdm--addressDetailDetailsName1\")][contains(text(), \"WebdriverSitey6lt\")]"}
RESULT: {"using":"xpath","value":"//span[contains(@id ,\"application-addressmanagement-display-component---detailAdm--addressDetailDetailsName1\")][contains(text(), \"WebdriverSitey6lt\")]"}
COMMAND: POST /session/11d9dd1dff2e8474394cea312909913e/element - {"using":"xpath","value":"//span[contains(@id ,\"application-addressmanagement-display-component---detailAdm--addressDetailDetailsName1\")][contains(text(), \"WebdriverSitey6lt\")]"}
RESULT: {"using":"xpath","value":"//span[contains(@id ,\"application-addressmanagement-display-component---detailAdm--addressDetailDetailsName1\")][contains(text(), \"WebdriverSitey6lt\")]"}
COMMAND: POST /session/11d9dd1dff2e8474394cea312909913e/element - {"using":"xpath","value":"//span[contains(@id ,\"application-addressmanagement-display-component---detailAdm--addressDetailDetailsName1\")][contains(text(), \"WebdriverSitey6lt\")]"}
RESULT: {"using":"xpath","value":"//span[contains(@id ,\"application-addressmanagement-display-component---detailAdm--addressDetailDetailsName1\")][contains(text(), \"WebdriverSitey6lt\")]"}
COMMAND: POST /session/11d9dd1dff2e8474394cea312909913e/element - {"using":"xpath","value":"//span[contains(@id ,\"application-addressmanagement-display-component---detailAdm--addressDetailDetailsName1\")][contains(text(), \"WebdriverSitey6lt\")]"}
RESULT: {"using":"xpath","value":"//span[contains(@id ,\"application-addressmanagement-display-component---detailAdm--addressDetailDetailsName1\")][contains(text(), \"WebdriverSitey6lt\")]"}
COMMAND: POST /session/11d9dd1dff2e8474394cea312909913e/element - {"using":"xpath","value":"//span[contains(@id ,\"application-addressmanagement-display-component---detailAdm--addressDetailDetailsName1\")][contains(text(), \"WebdriverSitey6lt\")]"}
RESULT: {"using":"xpath","value":"//span[contains(@id ,\"application-addressmanagement-display-component---detailAdm--addressDetailDetailsName1\")][contains(text(), \"WebdriverSitey6lt\")]"}
COMMAND: POST /session/11d9dd1dff2e8474394cea312909913e/element - {"using":"xpath","value":"//span[contains(@id ,\"application-addressmanagement-display-component---detailAdm--addressDetailDetailsName1\")][contains(text(), \"WebdriverSitey6lt\")]"}
RESULT: {"using":"xpath","value":"//span[contains(@id ,\"application-addressmanagement-display-component---detailAdm--addressDetailDetailsName1\")][contains(text(), \"WebdriverSitey6lt\")]"}
COMMAND: POST /session/11d9dd1dff2e8474394cea312909913e/element - {"using":"xpath","value":"//*[contains(@data-kt ,\"webshopDetailAddressLink\")]"}
RESULT: {"using":"xpath","value":"//*[contains(@data-kt ,\"webshopDetailAddressLink\")]"}
COMMAND: POST /session/11d9dd1dff2e8474394cea312909913e/element/f.09F09CB41D560B0063FAD190E33335F4.d.FED99F759C7DBC2EB85439C87F26BAA5.e.5616/click - {}
COMMAND: POST /session/11d9dd1dff2e8474394cea312909913e/element - {"using":"xpath","value":"//span[contains(@id ,\"application-addressmanagement-display-component---detailAdm--addressDetailDetailsName1\")][contains(text(), \"WebdriverSitey6lt\")]"}
RESULT: {}
COMMAND: GET /session/11d9dd1dff2e8474394cea312909913e/screenshot - {}
RESULT: {"using":"xpath","value":"//span[contains(@id ,\"application-addressmanagement-display-component---detailAdm--addressDetailDetailsName1\")][contains(text(), \"WebdriverSitey6lt\")]"}
RESULT: {}
COMMAND: POST /session/11d9dd1dff2e8474394cea312909913e/element - {"using":"xpath","value":"//span[contains(@id ,\"application-addressmanagement-display-component---detailAdm--addressDetailDetailsName1\")][contains(text(), \"WebdriverSitey6lt\")]"}
RESULT: {"using":"xpath","value":"//span[contains(@id ,\"application-addressmanagement-display-component---detailAdm--addressDetailDetailsName1\")][contains(text(), \"WebdriverSitey6lt\")]"}
COMMAND: POST /session/11d9dd1dff2e8474394cea312909913e/element - {"using":"xpath","value":"//span[contains(@id ,\"application-addressmanagement-display-component---detailAdm--addressDetailDetailsName1\")][contains(text(), \"WebdriverSitey6lt\")]"}
RESULT: {"using":"xpath","value":"//span[contains(@id ,\"application-addressmanagement-display-component---detailAdm--addressDetailDetailsName1\")][contains(text(), \"WebdriverSitey6lt\")]"}
COMMAND: POST /session/11d9dd1dff2e8474394cea312909913e/element - {"using":"xpath","value":"//span[contains(@id ,\"application-addressmanagement-display-component---detailAdm--addressDetailDetailsName1\")][contains(text(), \"WebdriverSitey6lt\")]"}
RESULT: {"using":"xpath","value":"//span[contains(@id ,\"application-addressmanagement-display-component---detailAdm--addressDetailDetailsName1\")][contains(text(), \"WebdriverSitey6lt\")]"}
COMMAND: POST /session/11d9dd1dff2e8474394cea312909913e/element - {"using":"xpath","value":"//*[contains(@data-kt ,\"ContextMenuId2Link\")][contains(text(), \"Address Overview\")]"}
RESULT: {"using":"xpath","value":"//*[contains(@data-kt ,\"ContextMenuId2Link\")][contains(text(), \"Address Overview\")]"}
COMMAND: POST /session/11d9dd1dff2e8474394cea312909913e/execute/sync - {"script":"<script> [8489 bytes]","args":[{"element-6066-11e4-a52e-4f735466cecf":"f.09F09CB41D560B0063FAD190E33335F4.d.FED99F759C7DBC2EB85439C87F26BAA5.e.5618","ELEMENT":"f.09F09CB41D560B0063FAD190E33335F4.d.FED99F759C7DBC2EB85439C87F26BAA5.e.5618"}]}
COMMAND: POST /session/11d9dd1dff2e8474394cea312909913e/element - {"using":"xpath","value":"//*[contains(@data-kt ,\"ContextMenuId2Link\")][contains(text(), \"Address Overview\")]"}
RESULT: {"script":"<script> [8489 bytes]","args":[{"element-6066-11e4-a52e-4f735466cecf":"f.09F09CB41D560B0063FAD190E33335F4.d.FED99F759C7DBC2EB85439C87F26BAA5.e.5618","ELEMENT":"f.09F09CB41D560B0063FAD190E33335F4.d.FED99F759C7DBC2EB85439C87F26BAA5.e.5618"}]}
COMMAND: GET /session/11d9dd1dff2e8474394cea312909913e/screenshot - {}
RESULT: {"using":"xpath","value":"//*[contains(@data-kt ,\"ContextMenuId2Link\")][contains(text(), \"Address Overview\")]"}
COMMAND: POST /session/11d9dd1dff2e8474394cea312909913e/element/f.09F09CB41D560B0063FAD190E33335F4.d.FED99F759C7DBC2EB85439C87F26BAA5.e.5618/click - {}
COMMAND: POST /session/11d9dd1dff2e8474394cea312909913e/element - {"using":"xpath","value":"//span[contains(@id ,\"application-addressmanagement-display-component---detailAdm--addressDetailDetailsName1\")][contains(text(), \"WebdriverSitey6lt\")]"}
RESULT: {}
RESULT: {}
COMMAND: GET /session/11d9dd1dff2e8474394cea312909913e/screenshot - {}
RESULT: {"using":"xpath","value":"//span[contains(@id ,\"application-addressmanagement-display-component---detailAdm--addressDetailDetailsName1\")][contains(text(), \"WebdriverSitey6lt\")]"}
COMMAND: POST /session/11d9dd1dff2e8474394cea312909913e/element - {"using":"xpath","value":"//span[contains(@id ,\"application-addressmanagement-display-component---detailAdm--addressDetailDetailsName1\")][contains(text(), \"WebdriverSitey6lt\")]"}
RESULT: {}
RESULT: {"using":"xpath","value":"//span[contains(@id ,\"application-addressmanagement-display-component---detailAdm--addressDetailDetailsName1\")][contains(text(), \"WebdriverSitey6lt\")]"}
COMMAND: POST /session/11d9dd1dff2e8474394cea312909913e/element - {"using":"xpath","value":"//span[contains(@id ,\"application-addressmanagement-display-component---detailAdm--addressDetailDetailsName1\")][contains(text(), \"WebdriverSitey6lt\")]"}
RESULT: {"using":"xpath","value":"//span[contains(@id ,\"application-addressmanagement-display-component---detailAdm--addressDetailDetailsName1\")][contains(text(), \"WebdriverSitey6lt\")]"}
COMMAND: POST /session/11d9dd1dff2e8474394cea312909913e/element - {"using":"xpath","value":"//span[contains(@id ,\"application-addressmanagement-display-component---detailAdm--addressDetailDetailsName1\")][contains(text(), \"WebdriverSitey6lt\")]"}
RESULT: {"using":"xpath","value":"//span[contains(@id ,\"application-addressmanagement-display-component---detailAdm--addressDetailDetailsName1\")][contains(text(), \"WebdriverSitey6lt\")]"}
COMMAND: POST /session/11d9dd1dff2e8474394cea312909913e/execute/sync - {"script":"<script> [8489 bytes]","args":[{"element-6066-11e4-a52e-4f735466cecf":"f.09F09CB41D560B0063FAD190E33335F4.d.FED99F759C7DBC2EB85439C87F26BAA5.e.5898","ELEMENT":"f.09F09CB41D560B0063FAD190E33335F4.d.FED99F759C7DBC2EB85439C87F26BAA5.e.5898"}]}
RESULT: {"script":"<script> [8489 bytes]","args":[{"element-6066-11e4-a52e-4f735466cecf":"f.09F09CB41D560B0063FAD190E33335F4.d.FED99F759C7DBC2EB85439C87F26BAA5.e.5898","ELEMENT":"f.09F09CB41D560B0063FAD190E33335F4.d.FED99F759C7DBC2EB85439C87F26BAA5.e.5898"}]}
COMMAND: GET /session/11d9dd1dff2e8474394cea312909913e/screenshot - {}
RESULT: {}
RESULT: undefined
COMMAND: POST /session/11d9dd1dff2e8474394cea312909913e/execute/async - {"script":"<script> [6424 bytes]","args":[{"element-6066-11e4-a52e-4f735466cecf":"f.09F09CB41D560B0063FAD190E33335F4.d.FED99F759C7DBC2EB85439C87F26BAA5.e.3205"},"getTitle",[]]}
COMMAND: POST /session/11d9dd1dff2e8474394cea312909913e/execute/async - {"script":"<script> [1562 bytes]","args":[{"selector":{"id":"shellAppTitle"},"wdio_ui5_key":"shellAppTitle"}]}
RESULT: {"script":"<script> [1562 bytes]","args":[{"selector":{"id":"shellAppTitle"},"wdio_ui5_key":"shellAppTitle"}]}
COMMAND: POST /session/11d9dd1dff2e8474394cea312909913e/execute/async - {"script":"<script> [6424 bytes]","args":[{"element-6066-11e4-a52e-4f735466cecf":"f.09F09CB41D560B0063FAD190E33335F4.d.FED99F759C7DBC2EB85439C87F26BAA5.e.5899"},"getTitle",[]]}
RESULT: {"script":"<script> [6424 bytes]","args":[{"element-6066-11e4-a52e-4f735466cecf":"f.09F09CB41D560B0063FAD190E33335F4.d.FED99F759C7DBC2EB85439C87F26BAA5.e.5899"},"getTitle",[]]}
COMMAND: POST /session/11d9dd1dff2e8474394cea312909913e/element - {"using":"xpath","value":"//span[contains(@id ,\"application-addressmanagement-display-component---detailAdm--addressDetailDetailsName1\")][contains(text(), \"WebdriverSitey6lt\")]"}
RESULT: {"using":"xpath","value":"//span[contains(@id ,\"application-addressmanagement-display-component---detailAdm--addressDetailDetailsName1\")][contains(text(), \"WebdriverSitey6lt\")]"}
COMMAND: POST /session/11d9dd1dff2e8474394cea312909913e/execute/sync - {"script":"<script> [8489 bytes]","args":[{"element-6066-11e4-a52e-4f735466cecf":"f.09F09CB41D560B0063FAD190E33335F4.d.FED99F759C7DBC2EB85439C87F26BAA5.e.5898","ELEMENT":"f.09F09CB41D560B0063FAD190E33335F4.d.FED99F759C7DBC2EB85439C87F26BAA5.e.5898"}]}
RESULT: undefined
COMMAND: POST /session/11d9dd1dff2e8474394cea312909913e/element - {"using":"xpath","value":"//*[@id=\"backBtn\"]"}
RESULT: {"script":"<script> [8489 bytes]","args":[{"element-6066-11e4-a52e-4f735466cecf":"f.09F09CB41D560B0063FAD190E33335F4.d.FED99F759C7DBC2EB85439C87F26BAA5.e.5898","ELEMENT":"f.09F09CB41D560B0063FAD190E33335F4.d.FED99F759C7DBC2EB85439C87F26BAA5.e.5898"}]}
COMMAND: GET /session/11d9dd1dff2e8474394cea312909913e/screenshot - {}
RESULT: {"using":"xpath","value":"//*[@id=\"backBtn\"]"}
COMMAND: POST /session/11d9dd1dff2e8474394cea312909913e/element/f.09F09CB41D560B0063FAD190E33335F4.d.FED99F759C7DBC2EB85439C87F26BAA5.e.3207/click - {}
RESULT: {}
RESULT: {}
COMMAND: GET /session/11d9dd1dff2e8474394cea312909913e/screenshot - {}
RESULT: {}
COMMAND: POST /session/11d9dd1dff2e8474394cea312909913e/execute/sync - {"script":"<script> [8489 bytes]","args":[{"element-6066-11e4-a52e-4f735466cecf":"f.09F09CB41D560B0063FAD190E33335F4.d.FED99F759C7DBC2EB85439C87F26BAA5.e.5616","ELEMENT":"f.09F09CB41D560B0063FAD190E33335F4.d.FED99F759C7DBC2EB85439C87F26BAA5.e.5616"}]}
COMMAND: POST /session/11d9dd1dff2e8474394cea312909913e/element - {"using":"xpath","value":"//*[contains(@data-kt ,\"webshopDetailAddressLink\")]"}
RESULT: {"using":"xpath","value":"//*[contains(@data-kt ,\"webshopDetailAddressLink\")]"}
COMMAND: POST /session/11d9dd1dff2e8474394cea312909913e/execute/sync - {"script":"<script> [8489 bytes]","args":[{"element-6066-11e4-a52e-4f735466cecf":"f.09F09CB41D560B0063FAD190E33335F4.d.FED99F759C7DBC2EB85439C87F26BAA5.e.6062","ELEMENT":"f.09F09CB41D560B0063FAD190E33335F4.d.FED99F759C7DBC2EB85439C87F26BAA5.e.6062"}]}
RESULT: {"script":"<script> [8489 bytes]","args":[{"element-6066-11e4-a52e-4f735466cecf":"f.09F09CB41D560B0063FAD190E33335F4.d.FED99F759C7DBC2EB85439C87F26BAA5.e.6062","ELEMENT":"f.09F09CB41D560B0063FAD190E33335F4.d.FED99F759C7DBC2EB85439C87F26BAA5.e.6062"}]}
COMMAND: POST /session/11d9dd1dff2e8474394cea312909913e/execute/sync - {"script":"<script> [5351 bytes]","args":[{"element-6066-11e4-a52e-4f735466cecf":"f.09F09CB41D560B0063FAD190E33335F4.d.FED99F759C7DBC2EB85439C87F26BAA5.e.6062","ELEMENT":"f.09F09CB41D560B0063FAD190E33335F4.d.FED99F759C7DBC2EB85439C87F26BAA5.e.6062"}]}
COMMAND: GET /session/11d9dd1dff2e8474394cea312909913e/screenshot - {}
RESULT: {"script":"<script> [5351 bytes]","args":[{"element-6066-11e4-a52e-4f735466cecf":"f.09F09CB41D560B0063FAD190E33335F4.d.FED99F759C7DBC2EB85439C87F26BAA5.e.6062","ELEMENT":"f.09F09CB41D560B0063FAD190E33335F4.d.FED99F759C7DBC2EB85439C87F26BAA5.e.6062"}]}
COMMAND: POST /session/11d9dd1dff2e8474394cea312909913e/element - {"using":"xpath","value":"//*[contains(@data-kt ,\"webshopDetailAddressLink\")]"}
COMMAND: GET /session/11d9dd1dff2e8474394cea312909913e/screenshot - {}
RESULT: {}
RESULT: {"using":"xpath","value":"//*[contains(@data-kt ,\"webshopDetailAddressLink\")]"}
COMMAND: POST /session/11d9dd1dff2e8474394cea312909913e/element/f.09F09CB41D560B0063FAD190E33335F4.d.FED99F759C7DBC2EB85439C87F26BAA5.e.6062/click - {}
RESULT: {}
RESULT: {}
COMMAND: GET /session/11d9dd1dff2e8474394cea312909913e/screenshot - {}
RESULT: {}
COMMAND: POST /session/11d9dd1dff2e8474394cea312909913e/element - {"using":"xpath","value":"//button[contains(@data-kt ,\"ContextMenuExternalId2Link\")]"}
RESULT: {"using":"xpath","value":"//button[contains(@data-kt ,\"ContextMenuExternalId2Link\")]"}
COMMAND: POST /session/11d9dd1dff2e8474394cea312909913e/element/f.09F09CB41D560B0063FAD190E33335F4.d.FED99F759C7DBC2EB85439C87F26BAA5.e.6063/click - {}
RESULT: {}
COMMAND: GET /session/11d9dd1dff2e8474394cea312909913e/screenshot - {}
RESULT: {}
COMMAND: GET /session/11d9dd1dff2e8474394cea312909913e/window/handles - {}
RESULT: {}
COMMAND: POST /session/11d9dd1dff2e8474394cea312909913e/window - {"handle":"6A6387658EC6A3FD51A6EEF33AD8AD9F"}
RESULT: {"handle":"6A6387658EC6A3FD51A6EEF33AD8AD9F"}
COMMAND: GET /session/11d9dd1dff2e8474394cea312909913e/url - {}
RESULT: {}
COMMAND: GET /session/11d9dd1dff2e8474394cea312909913e/screenshot - {}
RESULT: {}
COMMAND: POST /session/11d9dd1dff2e8474394cea312909913e/execute/sync - {"script":"<script> [8489 bytes]","args":[{"element-6066-11e4-a52e-4f735466cecf":"f.09F09CB41D560B0063FAD190E33335F4.d.FED99F759C7DBC2EB85439C87F26BAA5.e.5898","ELEMENT":"f.09F09CB41D560B0063FAD190E33335F4.d.FED99F759C7DBC2EB85439C87F26BAA5.e.5898"}]}
COMMAND: DELETE /session/11d9dd1dff2e8474394cea312909913e/window - {}
RESULT: {}
COMMAND: POST /session/11d9dd1dff2e8474394cea312909913e/window - {"handle":"09F09CB41D560B0063FAD190E33335F4"}
RESULT: {"handle":"09F09CB41D560B0063FAD190E33335F4"}
COMMAND: GET /session/11d9dd1dff2e8474394cea312909913e/url - {}
COMMAND: POST /session/11d9dd1dff2e8474394cea312909913e/element - {"using":"xpath","value":"//span[contains(@id ,\"application-addressmanagement-display-component---detailAdm--addressDetailDetailsName1\")][contains(text(), \"WebdriverSitey6lt\")]"}
RESULT: {}
COMMAND: GET /session/11d9dd1dff2e8474394cea312909913e/screenshot - {}
RESULT: {"using":"xpath","value":"//span[contains(@id ,\"application-addressmanagement-display-component---detailAdm--addressDetailDetailsName1\")][contains(text(), \"WebdriverSitey6lt\")]"}
COMMAND: POST /session/11d9dd1dff2e8474394cea312909913e/element - {"using":"xpath","value":"//span[contains(@id ,\"application-addressmanagement-display-component---detailAdm--addressDetailDetailsName1\")][contains(text(), \"WebdriverSitey6lt\")]"}
RESULT: {}
RESULT: {"using":"xpath","value":"//span[contains(@id ,\"application-addressmanagement-display-component---detailAdm--addressDetailDetailsName1\")][contains(text(), \"WebdriverSitey6lt\")]"}
COMMAND: POST /session/11d9dd1dff2e8474394cea312909913e/element - {"using":"xpath","value":"//span[contains(@id ,\"application-addressmanagement-display-component---detailAdm--addressDetailDetailsName1\")][contains(text(), \"WebdriverSitey6lt\")]"}
RESULT: {"using":"xpath","value":"//span[contains(@id ,\"application-addressmanagement-display-component---detailAdm--addressDetailDetailsName1\")][contains(text(), \"WebdriverSitey6lt\")]"}
COMMAND: POST /session/11d9dd1dff2e8474394cea312909913e/element - {"using":"xpath","value":"//span[contains(@id ,\"application-addressmanagement-display-component---detailAdm--addressDetailDetailsName1\")][contains(text(), \"WebdriverSitey6lt\")]"}
RESULT: {"using":"xpath","value":"//span[contains(@id ,\"application-addressmanagement-display-component---detailAdm--addressDetailDetailsName1\")][contains(text(), \"WebdriverSitey6lt\")]"}
COMMAND: POST /session/11d9dd1dff2e8474394cea312909913e/element - {"using":"xpath","value":"//span[contains(@id ,\"application-addressmanagement-display-component---detailAdm--addressDetailDetailsName1\")][contains(text(), \"WebdriverSitey6lt\")]"}
RESULT: {"using":"xpath","value":"//span[contains(@id ,\"application-addressmanagement-display-component---detailAdm--addressDetailDetailsName1\")][contains(text(), \"WebdriverSitey6lt\")]"}
COMMAND: POST /session/11d9dd1dff2e8474394cea312909913e/element - {"using":"xpath","value":"//span[contains(@id ,\"application-addressmanagement-display-component---detailAdm--addressDetailDetailsName1\")][contains(text(), \"WebdriverSitey6lt\")]"}
RESULT: {"using":"xpath","value":"//span[contains(@id ,\"application-addressmanagement-display-component---detailAdm--addressDetailDetailsName1\")][contains(text(), \"WebdriverSitey6lt\")]"}
COMMAND: POST /session/11d9dd1dff2e8474394cea312909913e/element - {"using":"xpath","value":"//span[contains(@id ,\"application-addressmanagement-display-component---detailAdm--addressDetailDetailsName1\")][contains(text(), \"WebdriverSitey6lt\")]"}
RESULT: {"using":"xpath","value":"//span[contains(@id ,\"application-addressmanagement-display-component---detailAdm--addressDetailDetailsName1\")][contains(text(), \"WebdriverSitey6lt\")]"}
COMMAND: POST /session/11d9dd1dff2e8474394cea312909913e/element - {"using":"xpath","value":"//*[contains(@data-kt ,\"webshopDetailCustomerLink\")]"}
RESULT: {"using":"xpath","value":"//*[contains(@data-kt ,\"webshopDetailCustomerLink\")]"}
COMMAND: POST /session/11d9dd1dff2e8474394cea312909913e/execute/sync - {"script":"<script> [8489 bytes]","args":[{"element-6066-11e4-a52e-4f735466cecf":"f.09F09CB41D560B0063FAD190E33335F4.d.FED99F759C7DBC2EB85439C87F26BAA5.e.6201","ELEMENT":"f.09F09CB41D560B0063FAD190E33335F4.d.FED99F759C7DBC2EB85439C87F26BAA5.e.6201"}]}
RESULT: {"script":"<script> [8489 bytes]","args":[{"element-6066-11e4-a52e-4f735466cecf":"f.09F09CB41D560B0063FAD190E33335F4.d.FED99F759C7DBC2EB85439C87F26BAA5.e.6201","ELEMENT":"f.09F09CB41D560B0063FAD190E33335F4.d.FED99F759C7DBC2EB85439C87F26BAA5.e.6201"}]}
COMMAND: POST /session/11d9dd1dff2e8474394cea312909913e/execute/sync - {"script":"<script> [5351 bytes]","args":[{"element-6066-11e4-a52e-4f735466cecf":"f.09F09CB41D560B0063FAD190E33335F4.d.FED99F759C7DBC2EB85439C87F26BAA5.e.6201","ELEMENT":"f.09F09CB41D560B0063FAD190E33335F4.d.FED99F759C7DBC2EB85439C87F26BAA5.e.6201"}]}
COMMAND: GET /session/11d9dd1dff2e8474394cea312909913e/screenshot - {}
RESULT: {"script":"<script> [5351 bytes]","args":[{"element-6066-11e4-a52e-4f735466cecf":"f.09F09CB41D560B0063FAD190E33335F4.d.FED99F759C7DBC2EB85439C87F26BAA5.e.6201","ELEMENT":"f.09F09CB41D560B0063FAD190E33335F4.d.FED99F759C7DBC2EB85439C87F26BAA5.e.6201"}]}
COMMAND: POST /session/11d9dd1dff2e8474394cea312909913e/element - {"using":"xpath","value":"//*[contains(@data-kt ,\"webshopDetailCustomerLink\")]"}
COMMAND: GET /session/11d9dd1dff2e8474394cea312909913e/screenshot - {}
COMMAND: POST /session/11d9dd1dff2e8474394cea312909913e/element - {"using":"xpath","value":"//span[contains(@id ,\"application-addressmanagement-display-component---detailAdm--addressDetailDetailsName1\")][contains(text(), \"WebdriverSitey6lt\")]"}
RESULT: {}
RESULT: {"using":"xpath","value":"//*[contains(@data-kt ,\"webshopDetailCustomerLink\")]"}
COMMAND: POST /session/11d9dd1dff2e8474394cea312909913e/element/f.09F09CB41D560B0063FAD190E33335F4.d.FED99F759C7DBC2EB85439C87F26BAA5.e.6201/click - {}
RESULT: {}
RESULT: {"using":"xpath","value":"//span[contains(@id ,\"application-addressmanagement-display-component---detailAdm--addressDetailDetailsName1\")][contains(text(), \"WebdriverSitey6lt\")]"}
RESULT: {}
COMMAND: GET /session/11d9dd1dff2e8474394cea312909913e/screenshot - {}
RESULT: {}
COMMAND: POST /session/11d9dd1dff2e8474394cea312909913e/element - {"using":"xpath","value":"//span[contains(@id ,\"application-addressmanagement-display-component---detailAdm--addressDetailDetailsName1\")][contains(text(), \"WebdriverSitey6lt\")]"}
RESULT: {"using":"xpath","value":"//span[contains(@id ,\"application-addressmanagement-display-component---detailAdm--addressDetailDetailsName1\")][contains(text(), \"WebdriverSitey6lt\")]"}
COMMAND: POST /session/11d9dd1dff2e8474394cea312909913e/element - {"using":"xpath","value":"//span[contains(@id ,\"application-addressmanagement-display-component---detailAdm--addressDetailDetailsName1\")][contains(text(), \"WebdriverSitey6lt\")]"}
RESULT: {"using":"xpath","value":"//span[contains(@id ,\"application-addressmanagement-display-component---detailAdm--addressDetailDetailsName1\")][contains(text(), \"WebdriverSitey6lt\")]"}
COMMAND: POST /session/11d9dd1dff2e8474394cea312909913e/element - {"using":"xpath","value":"//span[contains(@id ,\"application-addressmanagement-display-component---detailAdm--addressDetailDetailsName1\")][contains(text(), \"WebdriverSitey6lt\")]"}
RESULT: {"using":"xpath","value":"//span[contains(@id ,\"application-addressmanagement-display-component---detailAdm--addressDetailDetailsName1\")][contains(text(), \"WebdriverSitey6lt\")]"}
COMMAND: POST /session/11d9dd1dff2e8474394cea312909913e/element - {"using":"xpath","value":"//*[contains(@data-kt ,\"ContextMenuId2Link\")][contains(text(), \"Partner Overview\")]"}
RESULT: {"using":"xpath","value":"//*[contains(@data-kt ,\"ContextMenuId2Link\")][contains(text(), \"Partner Overview\")]"}
COMMAND: POST /session/11d9dd1dff2e8474394cea312909913e/execute/sync - {"script":"<script> [8489 bytes]","args":[{"element-6066-11e4-a52e-4f735466cecf":"f.09F09CB41D560B0063FAD190E33335F4.d.FED99F759C7DBC2EB85439C87F26BAA5.e.6203","ELEMENT":"f.09F09CB41D560B0063FAD190E33335F4.d.FED99F759C7DBC2EB85439C87F26BAA5.e.6203"}]}
COMMAND: POST /session/11d9dd1dff2e8474394cea312909913e/element - {"using":"xpath","value":"//*[contains(@data-kt ,\"ContextMenuId2Link\")][contains(text(), \"Partner Overview\")]"}
RESULT: {"script":"<script> [8489 bytes]","args":[{"element-6066-11e4-a52e-4f735466cecf":"f.09F09CB41D560B0063FAD190E33335F4.d.FED99F759C7DBC2EB85439C87F26BAA5.e.6203","ELEMENT":"f.09F09CB41D560B0063FAD190E33335F4.d.FED99F759C7DBC2EB85439C87F26BAA5.e.6203"}]}
COMMAND: GET /session/11d9dd1dff2e8474394cea312909913e/screenshot - {}
RESULT: {"using":"xpath","value":"//*[contains(@data-kt ,\"ContextMenuId2Link\")][contains(text(), \"Partner Overview\")]"}
COMMAND: POST /session/11d9dd1dff2e8474394cea312909913e/element/f.09F09CB41D560B0063FAD190E33335F4.d.FED99F759C7DBC2EB85439C87F26BAA5.e.6203/click - {}
RESULT: {}
COMMAND: POST /session/11d9dd1dff2e8474394cea312909913e/element - {"using":"xpath","value":"//span[contains(@id ,\"application-addressmanagement-display-component---detailAdm--addressDetailDetailsName1\")][contains(text(), \"WebdriverSitey6lt\")]"}
RESULT: {}
COMMAND: GET /session/11d9dd1dff2e8474394cea312909913e/screenshot - {}
RESULT: {"using":"xpath","value":"//span[contains(@id ,\"application-addressmanagement-display-component---detailAdm--addressDetailDetailsName1\")][contains(text(), \"WebdriverSitey6lt\")]"}
COMMAND: POST /session/11d9dd1dff2e8474394cea312909913e/element - {"using":"xpath","value":"//span[contains(@id ,\"application-addressmanagement-display-component---detailAdm--addressDetailDetailsName1\")][contains(text(), \"WebdriverSitey6lt\")]"}
RESULT: {}
RESULT: {"using":"xpath","value":"//span[contains(@id ,\"application-addressmanagement-display-component---detailAdm--addressDetailDetailsName1\")][contains(text(), \"WebdriverSitey6lt\")]"}
COMMAND: POST /session/11d9dd1dff2e8474394cea312909913e/element - {"using":"xpath","value":"//span[contains(@id ,\"application-addressmanagement-display-component---detailAdm--addressDetailDetailsName1\")][contains(text(), \"WebdriverSitey6lt\")]"}
RESULT: {"using":"xpath","value":"//span[contains(@id ,\"application-addressmanagement-display-component---detailAdm--addressDetailDetailsName1\")][contains(text(), \"WebdriverSitey6lt\")]"}
COMMAND: POST /session/11d9dd1dff2e8474394cea312909913e/element - {"using":"xpath","value":"//span[contains(@id ,\"application-addressmanagement-display-component---detailAdm--addressDetailDetailsName1\")][contains(text(), \"WebdriverSitey6lt\")]"}
RESULT: {"using":"xpath","value":"//span[contains(@id ,\"application-addressmanagement-display-component---detailAdm--addressDetailDetailsName1\")][contains(text(), \"WebdriverSitey6lt\")]"}
COMMAND: POST /session/11d9dd1dff2e8474394cea312909913e/element - {"using":"xpath","value":"//span[contains(@id ,\"application-addressmanagement-display-component---detailAdm--addressDetailDetailsName1\")][contains(text(), \"WebdriverSitey6lt\")]"}
RESULT: {"using":"xpath","value":"//span[contains(@id ,\"application-addressmanagement-display-component---detailAdm--addressDetailDetailsName1\")][contains(text(), \"WebdriverSitey6lt\")]"}
COMMAND: POST /session/11d9dd1dff2e8474394cea312909913e/element - {"using":"xpath","value":"//span[contains(@id ,\"application-addressmanagement-display-component---detailAdm--addressDetailDetailsName1\")][contains(text(), \"WebdriverSitey6lt\")]"}
RESULT: {"using":"xpath","value":"//span[contains(@id ,\"application-addressmanagement-display-component---detailAdm--addressDetailDetailsName1\")][contains(text(), \"WebdriverSitey6lt\")]"}
COMMAND: POST /session/11d9dd1dff2e8474394cea312909913e/element - {"using":"xpath","value":"//span[contains(@id ,\"application-addressmanagement-display-component---detailAdm--addressDetailDetailsName1\")][contains(text(), \"WebdriverSitey6lt\")]"}
RESULT: {"using":"xpath","value":"//span[contains(@id ,\"application-addressmanagement-display-component---detailAdm--addressDetailDetailsName1\")][contains(text(), \"WebdriverSitey6lt\")]"}
COMMAND: POST /session/11d9dd1dff2e8474394cea312909913e/element - {"using":"xpath","value":"//span[contains(@id ,\"application-addressmanagement-display-component---detailAdm--addressDetailDetailsName1\")][contains(text(), \"WebdriverSitey6lt\")]"}
RESULT: {"using":"xpath","value":"//span[contains(@id ,\"application-addressmanagement-display-component---detailAdm--addressDetailDetailsName1\")][contains(text(), \"WebdriverSitey6lt\")]"}
COMMAND: POST /session/11d9dd1dff2e8474394cea312909913e/element - {"using":"xpath","value":"//span[contains(@id ,\"application-addressmanagement-display-component---detailAdm--addressDetailDetailsName1\")][contains(text(), \"WebdriverSitey6lt\")]"}
RESULT: {"using":"xpath","value":"//span[contains(@id ,\"application-addressmanagement-display-component---detailAdm--addressDetailDetailsName1\")][contains(text(), \"WebdriverSitey6lt\")]"}
COMMAND: POST /session/11d9dd1dff2e8474394cea312909913e/element - {"using":"xpath","value":"//span[contains(@id ,\"application-addressmanagement-display-component---detailAdm--addressDetailDetailsName1\")][contains(text(), \"WebdriverSitey6lt\")]"}
RESULT: {"using":"xpath","value":"//span[contains(@id ,\"application-addressmanagement-display-component---detailAdm--addressDetailDetailsName1\")][contains(text(), \"WebdriverSitey6lt\")]"}
COMMAND: POST /session/11d9dd1dff2e8474394cea312909913e/element - {"using":"xpath","value":"//span[contains(@id ,\"application-addressmanagement-display-component---detailAdm--addressDetailDetailsName1\")][contains(text(), \"WebdriverSitey6lt\")]"}
RESULT: {"using":"xpath","value":"//span[contains(@id ,\"application-addressmanagement-display-component---detailAdm--addressDetailDetailsName1\")][contains(text(), \"WebdriverSitey6lt\")]"}
COMMAND: POST /session/11d9dd1dff2e8474394cea312909913e/element - {"using":"xpath","value":"//span[contains(@id ,\"application-addressmanagement-display-component---detailAdm--addressDetailDetailsName1\")][contains(text(), \"WebdriverSitey6lt\")]"}
RESULT: {"using":"xpath","value":"//span[contains(@id ,\"application-addressmanagement-display-component---detailAdm--addressDetailDetailsName1\")][contains(text(), \"WebdriverSitey6lt\")]"}
RESULT: undefined
COMMAND: POST /session/11d9dd1dff2e8474394cea312909913e/execute/async - {"script":"<script> [6424 bytes]","args":[{"element-6066-11e4-a52e-4f735466cecf":"f.09F09CB41D560B0063FAD190E33335F4.d.FED99F759C7DBC2EB85439C87F26BAA5.e.3205"},"getTitle",[]]}
COMMAND: POST /session/11d9dd1dff2e8474394cea312909913e/execute/async - {"script":"<script> [1562 bytes]","args":[{"selector":{"id":"shellAppTitle"},"wdio_ui5_key":"shellAppTitle"}]}
COMMAND: POST /session/11d9dd1dff2e8474394cea312909913e/element - {"using":"xpath","value":"//span[contains(@id ,\"application-addressmanagement-display-component---detailAdm--addressDetailDetailsName1\")][contains(text(), \"WebdriverSitey6lt\")]"}
RESULT: {"script":"<script> [1562 bytes]","args":[{"selector":{"id":"shellAppTitle"},"wdio_ui5_key":"shellAppTitle"}]}
COMMAND: POST /session/11d9dd1dff2e8474394cea312909913e/execute/async - {"script":"<script> [6424 bytes]","args":[{"element-6066-11e4-a52e-4f735466cecf":"f.09F09CB41D560B0063FAD190E33335F4.d.FED99F759C7DBC2EB85439C87F26BAA5.e.6448"},"getTitle",[]]}
RESULT: {"using":"xpath","value":"//span[contains(@id ,\"application-addressmanagement-display-component---detailAdm--addressDetailDetailsName1\")][contains(text(), \"WebdriverSitey6lt\")]"}
RESULT: {"script":"<script> [6424 bytes]","args":[{"element-6066-11e4-a52e-4f735466cecf":"f.09F09CB41D560B0063FAD190E33335F4.d.FED99F759C7DBC2EB85439C87F26BAA5.e.6448"},"getTitle",[]]}
COMMAND: POST /session/11d9dd1dff2e8474394cea312909913e/element - {"using":"xpath","value":"//span[contains(@id ,\"title\")][contains(text(), \"WebdriverPartnero9k6z\")]"}
RESULT: {"using":"xpath","value":"//span[contains(@id ,\"title\")][contains(text(), \"WebdriverPartnero9k6z\")]"}
COMMAND: POST /session/11d9dd1dff2e8474394cea312909913e/execute/sync - {"script":"<script> [8489 bytes]","args":[{"element-6066-11e4-a52e-4f735466cecf":"f.09F09CB41D560B0063FAD190E33335F4.d.FED99F759C7DBC2EB85439C87F26BAA5.e.6449","ELEMENT":"f.09F09CB41D560B0063FAD190E33335F4.d.FED99F759C7DBC2EB85439C87F26BAA5.e.6449"}]}
RESULT: undefined
COMMAND: POST /session/11d9dd1dff2e8474394cea312909913e/element - {"using":"xpath","value":"//*[@id=\"backBtn\"]"}
RESULT: {"script":"<script> [8489 bytes]","args":[{"element-6066-11e4-a52e-4f735466cecf":"f.09F09CB41D560B0063FAD190E33335F4.d.FED99F759C7DBC2EB85439C87F26BAA5.e.6449","ELEMENT":"f.09F09CB41D560B0063FAD190E33335F4.d.FED99F759C7DBC2EB85439C87F26BAA5.e.6449"}]}
COMMAND: GET /session/11d9dd1dff2e8474394cea312909913e/screenshot - {}
RESULT: {"using":"xpath","value":"//*[@id=\"backBtn\"]"}
COMMAND: POST /session/11d9dd1dff2e8474394cea312909913e/element/f.09F09CB41D560B0063FAD190E33335F4.d.FED99F759C7DBC2EB85439C87F26BAA5.e.3207/click - {}
COMMAND: POST /session/11d9dd1dff2e8474394cea312909913e/element - {"using":"xpath","value":"//span[contains(@id ,\"application-addressmanagement-display-component---detailAdm--addressDetailDetailsName1\")][contains(text(), \"WebdriverSitey6lt\")]"}
RESULT: {}
RESULT: {}
COMMAND: GET /session/11d9dd1dff2e8474394cea312909913e/screenshot - {}
COMMAND: POST /session/11d9dd1dff2e8474394cea312909913e/execute/sync - {"script":"<script> [8489 bytes]","args":[{"element-6066-11e4-a52e-4f735466cecf":"f.09F09CB41D560B0063FAD190E33335F4.d.FED99F759C7DBC2EB85439C87F26BAA5.e.6449","ELEMENT":"f.09F09CB41D560B0063FAD190E33335F4.d.FED99F759C7DBC2EB85439C87F26BAA5.e.6449"}]}
RESULT: {"using":"xpath","value":"//span[contains(@id ,\"application-addressmanagement-display-component---detailAdm--addressDetailDetailsName1\")][contains(text(), \"WebdriverSitey6lt\")]"}
COMMAND: POST /session/11d9dd1dff2e8474394cea312909913e/element - {"using":"xpath","value":"//span[contains(@id ,\"application-addressmanagement-display-component---detailAdm--addressDetailDetailsName1\")][contains(text(), \"WebdriverSitey6lt\")]"}
RESULT: {}
COMMAND: POST /session/11d9dd1dff2e8474394cea312909913e/element - {"using":"xpath","value":"//span[contains(@id ,\"title\")][contains(text(), \"WebdriverPartnero9k6z\")]"}
RESULT: {"using":"xpath","value":"//span[contains(@id ,\"application-addressmanagement-display-component---detailAdm--addressDetailDetailsName1\")][contains(text(), \"WebdriverSitey6lt\")]"}
RESULT: {"using":"xpath","value":"//span[contains(@id ,\"title\")][contains(text(), \"WebdriverPartnero9k6z\")]"}
COMMAND: POST /session/11d9dd1dff2e8474394cea312909913e/element - {"using":"xpath","value":"//span[contains(@id ,\"title\")][contains(text(), \"WebdriverPartnero9k6z\")]"}
RESULT: {"using":"xpath","value":"//span[contains(@id ,\"title\")][contains(text(), \"WebdriverPartnero9k6z\")]"}
COMMAND: POST /session/11d9dd1dff2e8474394cea312909913e/element - {"using":"xpath","value":"//span[contains(@id ,\"application-addressmanagement-display-component---detailAdm--addressDetailDetailsName1\")][contains(text(), \"WebdriverSitey6lt\")]"}
COMMAND: POST /session/11d9dd1dff2e8474394cea312909913e/element - {"using":"xpath","value":"//span[contains(@id ,\"title\")][contains(text(), \"WebdriverPartnero9k6z\")]"}
COMMAND: POST /session/11d9dd1dff2e8474394cea312909913e/execute/sync - {"script":"<script> [8489 bytes]","args":[{"element-6066-11e4-a52e-4f735466cecf":"f.09F09CB41D560B0063FAD190E33335F4.d.FED99F759C7DBC2EB85439C87F26BAA5.e.6201","ELEMENT":"f.09F09CB41D560B0063FAD190E33335F4.d.FED99F759C7DBC2EB85439C87F26BAA5.e.6201"}]}
RESULT: {"using":"xpath","value":"//span[contains(@id ,\"application-addressmanagement-display-component---detailAdm--addressDetailDetailsName1\")][contains(text(), \"WebdriverSitey6lt\")]"}
RESULT: {"using":"xpath","value":"//span[contains(@id ,\"title\")][contains(text(), \"WebdriverPartnero9k6z\")]"}
COMMAND: POST /session/11d9dd1dff2e8474394cea312909913e/element - {"using":"xpath","value":"//*[contains(@data-kt ,\"webshopDetailCustomerLink\")]"}
RESULT: {"using":"xpath","value":"//*[contains(@data-kt ,\"webshopDetailCustomerLink\")]"}
COMMAND: POST /session/11d9dd1dff2e8474394cea312909913e/execute/sync - {"script":"<script> [8489 bytes]","args":[{"element-6066-11e4-a52e-4f735466cecf":"f.09F09CB41D560B0063FAD190E33335F4.d.FED99F759C7DBC2EB85439C87F26BAA5.e.6629","ELEMENT":"f.09F09CB41D560B0063FAD190E33335F4.d.FED99F759C7DBC2EB85439C87F26BAA5.e.6629"}]}
COMMAND: POST /session/11d9dd1dff2e8474394cea312909913e/element - {"using":"xpath","value":"//span[contains(@id ,\"application-addressmanagement-display-component---detailAdm--addressDetailDetailsName1\")][contains(text(), \"WebdriverSitey6lt\")]"}
RESULT: {"script":"<script> [8489 bytes]","args":[{"element-6066-11e4-a52e-4f735466cecf":"f.09F09CB41D560B0063FAD190E33335F4.d.FED99F759C7DBC2EB85439C87F26BAA5.e.6629","ELEMENT":"f.09F09CB41D560B0063FAD190E33335F4.d.FED99F759C7DBC2EB85439C87F26BAA5.e.6629"}]}
COMMAND: POST /session/11d9dd1dff2e8474394cea312909913e/execute/sync - {"script":"<script> [5351 bytes]","args":[{"element-6066-11e4-a52e-4f735466cecf":"f.09F09CB41D560B0063FAD190E33335F4.d.FED99F759C7DBC2EB85439C87F26BAA5.e.6629","ELEMENT":"f.09F09CB41D560B0063FAD190E33335F4.d.FED99F759C7DBC2EB85439C87F26BAA5.e.6629"}]}
COMMAND: GET /session/11d9dd1dff2e8474394cea312909913e/screenshot - {}
COMMAND: POST /session/11d9dd1dff2e8474394cea312909913e/element - {"using":"xpath","value":"//span[contains(@id ,\"title\")][contains(text(), \"WebdriverPartnero9k6z\")]"}
RESULT: {"using":"xpath","value":"//span[contains(@id ,\"application-addressmanagement-display-component---detailAdm--addressDetailDetailsName1\")][contains(text(), \"WebdriverSitey6lt\")]"}
RESULT: {"script":"<script> [5351 bytes]","args":[{"element-6066-11e4-a52e-4f735466cecf":"f.09F09CB41D560B0063FAD190E33335F4.d.FED99F759C7DBC2EB85439C87F26BAA5.e.6629","ELEMENT":"f.09F09CB41D560B0063FAD190E33335F4.d.FED99F759C7DBC2EB85439C87F26BAA5.e.6629"}]}
COMMAND: POST /session/11d9dd1dff2e8474394cea312909913e/element - {"using":"xpath","value":"//*[contains(@data-kt ,\"webshopDetailCustomerLink\")]"}
RESULT: {}
RESULT: {"using":"xpath","value":"//*[contains(@data-kt ,\"webshopDetailCustomerLink\")]"}
COMMAND: POST /session/11d9dd1dff2e8474394cea312909913e/element/f.09F09CB41D560B0063FAD190E33335F4.d.FED99F759C7DBC2EB85439C87F26BAA5.e.6629/click - {}
RESULT: {}
RESULT: {"using":"xpath","value":"//span[contains(@id ,\"title\")][contains(text(), \"WebdriverPartnero9k6z\")]"}
COMMAND: GET /session/11d9dd1dff2e8474394cea312909913e/screenshot - {}
COMMAND: GET /session/11d9dd1dff2e8474394cea312909913e/screenshot - {}
COMMAND: POST /session/11d9dd1dff2e8474394cea312909913e/element - {"using":"xpath","value":"//span[contains(@id ,\"application-addressmanagement-display-component---detailAdm--addressDetailDetailsName1\")][contains(text(), \"WebdriverSitey6lt\")]"}
COMMAND: POST /session/11d9dd1dff2e8474394cea312909913e/element - {"using":"xpath","value":"//span[contains(@id ,\"title\")][contains(text(), \"WebdriverPartnero9k6z\")]"}
RESULT: {}
RESULT: {}
RESULT: {"using":"xpath","value":"//span[contains(@id ,\"application-addressmanagement-display-component---detailAdm--addressDetailDetailsName1\")][contains(text(), \"WebdriverSitey6lt\")]"}
RESULT: {"using":"xpath","value":"//span[contains(@id ,\"title\")][contains(text(), \"WebdriverPartnero9k6z\")]"}
COMMAND: POST /session/11d9dd1dff2e8474394cea312909913e/execute/sync - {"script":"<script> [8489 bytes]","args":[{"element-6066-11e4-a52e-4f735466cecf":"f.09F09CB41D560B0063FAD190E33335F4.d.FED99F759C7DBC2EB85439C87F26BAA5.e.6632","ELEMENT":"f.09F09CB41D560B0063FAD190E33335F4.d.FED99F759C7DBC2EB85439C87F26BAA5.e.6632"}]}
RESULT: {"script":"<script> [8489 bytes]","args":[{"element-6066-11e4-a52e-4f735466cecf":"f.09F09CB41D560B0063FAD190E33335F4.d.FED99F759C7DBC2EB85439C87F26BAA5.e.6632","ELEMENT":"f.09F09CB41D560B0063FAD190E33335F4.d.FED99F759C7DBC2EB85439C87F26BAA5.e.6632"}]}
COMMAND: GET /session/11d9dd1dff2e8474394cea312909913e/screenshot - {}
RESULT: {}
COMMAND: POST /session/11d9dd1dff2e8474394cea312909913e/element - {"using":"xpath","value":"//span[contains(@id ,\"application-addressmanagement-display-component---detailAdm--addressDetailDetailsName1\")][contains(text(), \"WebdriverSitey6lt\")]"}
RESULT: {"using":"xpath","value":"//span[contains(@id ,\"application-addressmanagement-display-component---detailAdm--addressDetailDetailsName1\")][contains(text(), \"WebdriverSitey6lt\")]"}
COMMAND: POST /session/11d9dd1dff2e8474394cea312909913e/element - {"using":"xpath","value":"//button[contains(@data-kt ,\"ContextMenuExternalId2Link\")]"}
RESULT: {"using":"xpath","value":"//button[contains(@data-kt ,\"ContextMenuExternalId2Link\")]"}
COMMAND: POST /session/11d9dd1dff2e8474394cea312909913e/element/f.09F09CB41D560B0063FAD190E33335F4.d.FED99F759C7DBC2EB85439C87F26BAA5.e.6631/click - {}
COMMAND: POST /session/11d9dd1dff2e8474394cea312909913e/element - {"using":"xpath","value":"//span[contains(@id ,\"application-addressmanagement-display-component---detailAdm--addressDetailDetailsName1\")][contains(text(), \"WebdriverSitey6lt\")]"}
RESULT: {}
COMMAND: GET /session/11d9dd1dff2e8474394cea312909913e/screenshot - {}
RESULT: {"using":"xpath","value":"//span[contains(@id ,\"application-addressmanagement-display-component---detailAdm--addressDetailDetailsName1\")][contains(text(), \"WebdriverSitey6lt\")]"}
COMMAND: POST /session/11d9dd1dff2e8474394cea312909913e/element - {"using":"xpath","value":"//span[contains(@id ,\"application-addressmanagement-display-component---detailAdm--addressDetailDetailsName1\")][contains(text(), \"WebdriverSitey6lt\")]"}
RESULT: {}
RESULT: {"using":"xpath","value":"//span[contains(@id ,\"application-addressmanagement-display-component---detailAdm--addressDetailDetailsName1\")][contains(text(), \"WebdriverSitey6lt\")]"}
COMMAND: POST /session/11d9dd1dff2e8474394cea312909913e/element - {"using":"xpath","value":"//span[contains(@id ,\"application-addressmanagement-display-component---detailAdm--addressDetailDetailsName1\")][contains(text(), \"WebdriverSitey6lt\")]"}
RESULT: {"using":"xpath","value":"//span[contains(@id ,\"application-addressmanagement-display-component---detailAdm--addressDetailDetailsName1\")][contains(text(), \"WebdriverSitey6lt\")]"}
COMMAND: POST /session/11d9dd1dff2e8474394cea312909913e/element - {"using":"xpath","value":"//span[contains(@id ,\"application-addressmanagement-display-component---detailAdm--addressDetailDetailsName1\")][contains(text(), \"WebdriverSitey6lt\")]"}
RESULT: {"using":"xpath","value":"//span[contains(@id ,\"application-addressmanagement-display-component---detailAdm--addressDetailDetailsName1\")][contains(text(), \"WebdriverSitey6lt\")]"}
COMMAND: POST /session/11d9dd1dff2e8474394cea312909913e/element - {"using":"xpath","value":"//span[contains(@id ,\"application-addressmanagement-display-component---detailAdm--addressDetailDetailsName1\")][contains(text(), \"WebdriverSitey6lt\")]"}
RESULT: {"using":"xpath","value":"//span[contains(@id ,\"application-addressmanagement-display-component---detailAdm--addressDetailDetailsName1\")][contains(text(), \"WebdriverSitey6lt\")]"}
COMMAND: GET /session/11d9dd1dff2e8474394cea312909913e/window/handles - {}
RESULT: {}
COMMAND: POST /session/11d9dd1dff2e8474394cea312909913e/window - {"handle":"571DFFC91E14DC5D506E95957ADBCEBC"}
RESULT: {"handle":"571DFFC91E14DC5D506E95957ADBCEBC"}
COMMAND: GET /session/11d9dd1dff2e8474394cea312909913e/url - {}
RESULT: {}
COMMAND: GET /session/11d9dd1dff2e8474394cea312909913e/screenshot - {}
RESULT: {}
COMMAND: POST /session/11d9dd1dff2e8474394cea312909913e/execute/sync - {"script":"<script> [8489 bytes]","args":[{"element-6066-11e4-a52e-4f735466cecf":"f.09F09CB41D560B0063FAD190E33335F4.d.FED99F759C7DBC2EB85439C87F26BAA5.e.6632","ELEMENT":"f.09F09CB41D560B0063FAD190E33335F4.d.FED99F759C7DBC2EB85439C87F26BAA5.e.6632"}]}
COMMAND: DELETE /session/11d9dd1dff2e8474394cea312909913e/window - {}
RESULT: {}
COMMAND: POST /session/11d9dd1dff2e8474394cea312909913e/window - {"handle":"09F09CB41D560B0063FAD190E33335F4"}
RESULT: {"handle":"09F09CB41D560B0063FAD190E33335F4"}
COMMAND: GET /session/11d9dd1dff2e8474394cea312909913e/url - {}
RESULT: {"script":"<script> [8489 bytes]","args":[{"element-6066-11e4-a52e-4f735466cecf":"f.09F09CB41D560B0063FAD190E33335F4.d.FED99F759C7DBC2EB85439C87F26BAA5.e.6632","ELEMENT":"f.09F09CB41D560B0063FAD190E33335F4.d.FED99F759C7DBC2EB85439C87F26BAA5.e.6632"}]}
RESULT: {}
COMMAND: GET /session/11d9dd1dff2e8474394cea312909913e/screenshot - {}
COMMAND: GET /session/11d9dd1dff2e8474394cea312909913e/screenshot - {}
RESULT: {}
RESULT: {}
]]></system-out>
    </testcase>
    <testcase classname="chrome.136_0_7103_93.windows.Webshop_-_Hyperlinks_visible_and_working_properly__US139085" name="Should verify the contract and catalog item hyperlinks" time="88.535">
      <system-out><![CDATA[
COMMAND: POST /session/11d9dd1dff2e8474394cea312909913e/element - {"using":"xpath","value":"//*[contains(@data-kt ,\"webshopDetailContractLink\")]"}
RESULT: {"using":"xpath","value":"//*[contains(@data-kt ,\"webshopDetailContractLink\")]"}
COMMAND: POST /session/11d9dd1dff2e8474394cea312909913e/execute/sync - {"script":"<script> [8489 bytes]","args":[{"element-6066-11e4-a52e-4f735466cecf":"f.09F09CB41D560B0063FAD190E33335F4.d.FED99F759C7DBC2EB85439C87F26BAA5.e.6878","ELEMENT":"f.09F09CB41D560B0063FAD190E33335F4.d.FED99F759C7DBC2EB85439C87F26BAA5.e.6878"}]}
RESULT: {"script":"<script> [8489 bytes]","args":[{"element-6066-11e4-a52e-4f735466cecf":"f.09F09CB41D560B0063FAD190E33335F4.d.FED99F759C7DBC2EB85439C87F26BAA5.e.6878","ELEMENT":"f.09F09CB41D560B0063FAD190E33335F4.d.FED99F759C7DBC2EB85439C87F26BAA5.e.6878"}]}
COMMAND: POST /session/11d9dd1dff2e8474394cea312909913e/execute/sync - {"script":"<script> [5351 bytes]","args":[{"element-6066-11e4-a52e-4f735466cecf":"f.09F09CB41D560B0063FAD190E33335F4.d.FED99F759C7DBC2EB85439C87F26BAA5.e.6878","ELEMENT":"f.09F09CB41D560B0063FAD190E33335F4.d.FED99F759C7DBC2EB85439C87F26BAA5.e.6878"}]}
RESULT: {"script":"<script> [5351 bytes]","args":[{"element-6066-11e4-a52e-4f735466cecf":"f.09F09CB41D560B0063FAD190E33335F4.d.FED99F759C7DBC2EB85439C87F26BAA5.e.6878","ELEMENT":"f.09F09CB41D560B0063FAD190E33335F4.d.FED99F759C7DBC2EB85439C87F26BAA5.e.6878"}]}
COMMAND: POST /session/11d9dd1dff2e8474394cea312909913e/element - {"using":"xpath","value":"//*[contains(@data-kt ,\"webshopDetailContractLink\")]"}
COMMAND: GET /session/11d9dd1dff2e8474394cea312909913e/screenshot - {}
COMMAND: GET /session/11d9dd1dff2e8474394cea312909913e/screenshot - {}
RESULT: {"using":"xpath","value":"//*[contains(@data-kt ,\"webshopDetailContractLink\")]"}
COMMAND: POST /session/11d9dd1dff2e8474394cea312909913e/element/f.09F09CB41D560B0063FAD190E33335F4.d.FED99F759C7DBC2EB85439C87F26BAA5.e.6878/click - {}
RESULT: {}
RESULT: {}
RESULT: {}
COMMAND: GET /session/11d9dd1dff2e8474394cea312909913e/screenshot - {}
RESULT: {}
COMMAND: POST /session/11d9dd1dff2e8474394cea312909913e/element - {"using":"xpath","value":"//*[contains(@data-kt ,\"ContextMenuId2Link\")][contains(text(), \"Contract Overview\")]"}
RESULT: {"using":"xpath","value":"//*[contains(@data-kt ,\"ContextMenuId2Link\")][contains(text(), \"Contract Overview\")]"}
COMMAND: POST /session/11d9dd1dff2e8474394cea312909913e/execute/sync - {"script":"<script> [8489 bytes]","args":[{"element-6066-11e4-a52e-4f735466cecf":"f.09F09CB41D560B0063FAD190E33335F4.d.FED99F759C7DBC2EB85439C87F26BAA5.e.6880","ELEMENT":"f.09F09CB41D560B0063FAD190E33335F4.d.FED99F759C7DBC2EB85439C87F26BAA5.e.6880"}]}
COMMAND: POST /session/11d9dd1dff2e8474394cea312909913e/element - {"using":"xpath","value":"//*[contains(@data-kt ,\"ContextMenuId2Link\")][contains(text(), \"Contract Overview\")]"}
RESULT: {"using":"xpath","value":"//*[contains(@data-kt ,\"ContextMenuId2Link\")][contains(text(), \"Contract Overview\")]"}
COMMAND: POST /session/11d9dd1dff2e8474394cea312909913e/element/f.09F09CB41D560B0063FAD190E33335F4.d.FED99F759C7DBC2EB85439C87F26BAA5.e.6880/click - {}
RESULT: {"script":"<script> [8489 bytes]","args":[{"element-6066-11e4-a52e-4f735466cecf":"f.09F09CB41D560B0063FAD190E33335F4.d.FED99F759C7DBC2EB85439C87F26BAA5.e.6880","ELEMENT":"f.09F09CB41D560B0063FAD190E33335F4.d.FED99F759C7DBC2EB85439C87F26BAA5.e.6880"}]}
COMMAND: GET /session/11d9dd1dff2e8474394cea312909913e/screenshot - {}
RESULT: {}
COMMAND: GET /session/11d9dd1dff2e8474394cea312909913e/screenshot - {}
RESULT: {}
RESULT: {}
RESULT: undefined
COMMAND: POST /session/11d9dd1dff2e8474394cea312909913e/execute/async - {"script":"<script> [6424 bytes]","args":[{"element-6066-11e4-a52e-4f735466cecf":"f.09F09CB41D560B0063FAD190E33335F4.d.FED99F759C7DBC2EB85439C87F26BAA5.e.3205"},"getTitle",[]]}
COMMAND: POST /session/11d9dd1dff2e8474394cea312909913e/execute/async - {"script":"<script> [1562 bytes]","args":[{"selector":{"id":"shellAppTitle"},"wdio_ui5_key":"shellAppTitle"}]}
RESULT: {"script":"<script> [1562 bytes]","args":[{"selector":{"id":"shellAppTitle"},"wdio_ui5_key":"shellAppTitle"}]}
COMMAND: POST /session/11d9dd1dff2e8474394cea312909913e/execute/async - {"script":"<script> [6424 bytes]","args":[{"element-6066-11e4-a52e-4f735466cecf":"f.09F09CB41D560B0063FAD190E33335F4.d.FED99F759C7DBC2EB85439C87F26BAA5.e.7092"},"getTitle",[]]}
RESULT: {"script":"<script> [6424 bytes]","args":[{"element-6066-11e4-a52e-4f735466cecf":"f.09F09CB41D560B0063FAD190E33335F4.d.FED99F759C7DBC2EB85439C87F26BAA5.e.7092"},"getTitle",[]]}
COMMAND: POST /session/11d9dd1dff2e8474394cea312909913e/element - {"using":"xpath","value":"//span[contains(@id ,\"contractDetailTitleNoExpanded\")][contains(text(), \"10373\")]"}
RESULT: {"using":"xpath","value":"//span[contains(@id ,\"contractDetailTitleNoExpanded\")][contains(text(), \"10373\")]"}
COMMAND: POST /session/11d9dd1dff2e8474394cea312909913e/execute/sync - {"script":"<script> [8489 bytes]","args":[{"element-6066-11e4-a52e-4f735466cecf":"f.09F09CB41D560B0063FAD190E33335F4.d.FED99F759C7DBC2EB85439C87F26BAA5.e.7093","ELEMENT":"f.09F09CB41D560B0063FAD190E33335F4.d.FED99F759C7DBC2EB85439C87F26BAA5.e.7093"}]}
RESULT: undefined
COMMAND: POST /session/11d9dd1dff2e8474394cea312909913e/element - {"using":"xpath","value":"//*[@id=\"backBtn\"]"}
RESULT: {"script":"<script> [8489 bytes]","args":[{"element-6066-11e4-a52e-4f735466cecf":"f.09F09CB41D560B0063FAD190E33335F4.d.FED99F759C7DBC2EB85439C87F26BAA5.e.7093","ELEMENT":"f.09F09CB41D560B0063FAD190E33335F4.d.FED99F759C7DBC2EB85439C87F26BAA5.e.7093"}]}
COMMAND: GET /session/11d9dd1dff2e8474394cea312909913e/screenshot - {}
RESULT: {"using":"xpath","value":"//*[@id=\"backBtn\"]"}
COMMAND: POST /session/11d9dd1dff2e8474394cea312909913e/element/f.09F09CB41D560B0063FAD190E33335F4.d.FED99F759C7DBC2EB85439C87F26BAA5.e.3207/click - {}
RESULT: {}
RESULT: {}
COMMAND: GET /session/11d9dd1dff2e8474394cea312909913e/screenshot - {}
RESULT: {}
COMMAND: POST /session/11d9dd1dff2e8474394cea312909913e/execute/sync - {"script":"<script> [8489 bytes]","args":[{"element-6066-11e4-a52e-4f735466cecf":"f.09F09CB41D560B0063FAD190E33335F4.d.FED99F759C7DBC2EB85439C87F26BAA5.e.6878","ELEMENT":"f.09F09CB41D560B0063FAD190E33335F4.d.FED99F759C7DBC2EB85439C87F26BAA5.e.6878"}]}
COMMAND: POST /session/11d9dd1dff2e8474394cea312909913e/element - {"using":"xpath","value":"//*[contains(@data-kt ,\"webshopDetailContractLink\")]"}
RESULT: {"using":"xpath","value":"//*[contains(@data-kt ,\"webshopDetailContractLink\")]"}
COMMAND: POST /session/11d9dd1dff2e8474394cea312909913e/execute/sync - {"script":"<script> [8489 bytes]","args":[{"element-6066-11e4-a52e-4f735466cecf":"f.09F09CB41D560B0063FAD190E33335F4.d.FED99F759C7DBC2EB85439C87F26BAA5.e.7225","ELEMENT":"f.09F09CB41D560B0063FAD190E33335F4.d.FED99F759C7DBC2EB85439C87F26BAA5.e.7225"}]}
RESULT: {"script":"<script> [8489 bytes]","args":[{"element-6066-11e4-a52e-4f735466cecf":"f.09F09CB41D560B0063FAD190E33335F4.d.FED99F759C7DBC2EB85439C87F26BAA5.e.7225","ELEMENT":"f.09F09CB41D560B0063FAD190E33335F4.d.FED99F759C7DBC2EB85439C87F26BAA5.e.7225"}]}
COMMAND: POST /session/11d9dd1dff2e8474394cea312909913e/execute/sync - {"script":"<script> [5351 bytes]","args":[{"element-6066-11e4-a52e-4f735466cecf":"f.09F09CB41D560B0063FAD190E33335F4.d.FED99F759C7DBC2EB85439C87F26BAA5.e.7225","ELEMENT":"f.09F09CB41D560B0063FAD190E33335F4.d.FED99F759C7DBC2EB85439C87F26BAA5.e.7225"}]}
COMMAND: GET /session/11d9dd1dff2e8474394cea312909913e/screenshot - {}
RESULT: {}
RESULT: {"script":"<script> [5351 bytes]","args":[{"element-6066-11e4-a52e-4f735466cecf":"f.09F09CB41D560B0063FAD190E33335F4.d.FED99F759C7DBC2EB85439C87F26BAA5.e.7225","ELEMENT":"f.09F09CB41D560B0063FAD190E33335F4.d.FED99F759C7DBC2EB85439C87F26BAA5.e.7225"}]}
COMMAND: POST /session/11d9dd1dff2e8474394cea312909913e/element - {"using":"xpath","value":"//*[contains(@data-kt ,\"webshopDetailContractLink\")]"}
COMMAND: GET /session/11d9dd1dff2e8474394cea312909913e/screenshot - {}
RESULT: {"using":"xpath","value":"//*[contains(@data-kt ,\"webshopDetailContractLink\")]"}
COMMAND: POST /session/11d9dd1dff2e8474394cea312909913e/element/f.09F09CB41D560B0063FAD190E33335F4.d.FED99F759C7DBC2EB85439C87F26BAA5.e.7225/click - {}
RESULT: {}
RESULT: {}
COMMAND: GET /session/11d9dd1dff2e8474394cea312909913e/screenshot - {}
RESULT: {}
COMMAND: POST /session/11d9dd1dff2e8474394cea312909913e/element - {"using":"xpath","value":"//button[contains(@data-kt ,\"ContextMenuExternalId2Link\")]"}
RESULT: {"using":"xpath","value":"//button[contains(@data-kt ,\"ContextMenuExternalId2Link\")]"}
COMMAND: POST /session/11d9dd1dff2e8474394cea312909913e/element/f.09F09CB41D560B0063FAD190E33335F4.d.FED99F759C7DBC2EB85439C87F26BAA5.e.7226/click - {}
RESULT: {}
COMMAND: GET /session/11d9dd1dff2e8474394cea312909913e/screenshot - {}
RESULT: {}
COMMAND: GET /session/11d9dd1dff2e8474394cea312909913e/window/handles - {}
RESULT: {}
COMMAND: POST /session/11d9dd1dff2e8474394cea312909913e/window - {"handle":"73A16FB4A1B5A1AFC9568227894D9D87"}
RESULT: {"handle":"73A16FB4A1B5A1AFC9568227894D9D87"}
COMMAND: GET /session/11d9dd1dff2e8474394cea312909913e/url - {}
RESULT: {}
COMMAND: GET /session/11d9dd1dff2e8474394cea312909913e/screenshot - {}
RESULT: {}
COMMAND: POST /session/11d9dd1dff2e8474394cea312909913e/execute/sync - {"script":"<script> [8489 bytes]","args":[{"element-6066-11e4-a52e-4f735466cecf":"f.09F09CB41D560B0063FAD190E33335F4.d.FED99F759C7DBC2EB85439C87F26BAA5.e.7093","ELEMENT":"f.09F09CB41D560B0063FAD190E33335F4.d.FED99F759C7DBC2EB85439C87F26BAA5.e.7093"}]}
COMMAND: DELETE /session/11d9dd1dff2e8474394cea312909913e/window - {}
RESULT: {}
COMMAND: POST /session/11d9dd1dff2e8474394cea312909913e/window - {"handle":"09F09CB41D560B0063FAD190E33335F4"}
RESULT: {"handle":"09F09CB41D560B0063FAD190E33335F4"}
COMMAND: GET /session/11d9dd1dff2e8474394cea312909913e/url - {}
COMMAND: POST /session/11d9dd1dff2e8474394cea312909913e/element - {"using":"xpath","value":"//span[contains(@id ,\"contractDetailTitleNoExpanded\")][contains(text(), \"10373\")]"}
RESULT: {}
COMMAND: GET /session/11d9dd1dff2e8474394cea312909913e/screenshot - {}
RESULT: {"using":"xpath","value":"//span[contains(@id ,\"contractDetailTitleNoExpanded\")][contains(text(), \"10373\")]"}
COMMAND: POST /session/11d9dd1dff2e8474394cea312909913e/element - {"using":"xpath","value":"//span[contains(@id ,\"contractDetailTitleNoExpanded\")][contains(text(), \"10373\")]"}
RESULT: {}
RESULT: {"using":"xpath","value":"//span[contains(@id ,\"contractDetailTitleNoExpanded\")][contains(text(), \"10373\")]"}
COMMAND: POST /session/11d9dd1dff2e8474394cea312909913e/element - {"using":"xpath","value":"//span[contains(@id ,\"contractDetailTitleNoExpanded\")][contains(text(), \"10373\")]"}
RESULT: {"using":"xpath","value":"//span[contains(@id ,\"contractDetailTitleNoExpanded\")][contains(text(), \"10373\")]"}
COMMAND: POST /session/11d9dd1dff2e8474394cea312909913e/element - {"using":"xpath","value":"//span[contains(@id ,\"contractDetailTitleNoExpanded\")][contains(text(), \"10373\")]"}
RESULT: {"using":"xpath","value":"//span[contains(@id ,\"contractDetailTitleNoExpanded\")][contains(text(), \"10373\")]"}
COMMAND: POST /session/11d9dd1dff2e8474394cea312909913e/element - {"using":"xpath","value":"//span[contains(@id ,\"contractDetailTitleNoExpanded\")][contains(text(), \"10373\")]"}
RESULT: {"using":"xpath","value":"//span[contains(@id ,\"contractDetailTitleNoExpanded\")][contains(text(), \"10373\")]"}
COMMAND: POST /session/11d9dd1dff2e8474394cea312909913e/element - {"using":"xpath","value":"//span[contains(@id ,\"contractDetailTitleNoExpanded\")][contains(text(), \"10373\")]"}
RESULT: {"using":"xpath","value":"//span[contains(@id ,\"contractDetailTitleNoExpanded\")][contains(text(), \"10373\")]"}
COMMAND: POST /session/11d9dd1dff2e8474394cea312909913e/element - {"using":"xpath","value":"//span[contains(@id ,\"contractDetailTitleNoExpanded\")][contains(text(), \"10373\")]"}
RESULT: {"using":"xpath","value":"//span[contains(@id ,\"contractDetailTitleNoExpanded\")][contains(text(), \"10373\")]"}
COMMAND: POST /session/11d9dd1dff2e8474394cea312909913e/element - {"using":"xpath","value":"//span[contains(@id ,\"contractDetailTitleNoExpanded\")][contains(text(), \"10373\")]"}
RESULT: {"using":"xpath","value":"//span[contains(@id ,\"contractDetailTitleNoExpanded\")][contains(text(), \"10373\")]"}
COMMAND: POST /session/11d9dd1dff2e8474394cea312909913e/element - {"using":"xpath","value":"//span[contains(@id ,\"contractDetailTitleNoExpanded\")][contains(text(), \"10373\")]"}
RESULT: {"using":"xpath","value":"//span[contains(@id ,\"contractDetailTitleNoExpanded\")][contains(text(), \"10373\")]"}
COMMAND: POST /session/11d9dd1dff2e8474394cea312909913e/element - {"using":"xpath","value":"//span[contains(@id ,\"contractDetailTitleNoExpanded\")][contains(text(), \"10373\")]"}
RESULT: {"using":"xpath","value":"//span[contains(@id ,\"contractDetailTitleNoExpanded\")][contains(text(), \"10373\")]"}
COMMAND: POST /session/11d9dd1dff2e8474394cea312909913e/element - {"using":"xpath","value":"//span[contains(@id ,\"contractDetailTitleNoExpanded\")][contains(text(), \"10373\")]"}
RESULT: {"using":"xpath","value":"//span[contains(@id ,\"contractDetailTitleNoExpanded\")][contains(text(), \"10373\")]"}
COMMAND: POST /session/11d9dd1dff2e8474394cea312909913e/element - {"using":"xpath","value":"//*[contains(@data-kt ,\"webshopDetailCatalogItemLink\")]"}
RESULT: {"using":"xpath","value":"//*[contains(@data-kt ,\"webshopDetailCatalogItemLink\")]"}
COMMAND: POST /session/11d9dd1dff2e8474394cea312909913e/execute/sync - {"script":"<script> [8489 bytes]","args":[{"element-6066-11e4-a52e-4f735466cecf":"f.09F09CB41D560B0063FAD190E33335F4.d.FED99F759C7DBC2EB85439C87F26BAA5.e.7347","ELEMENT":"f.09F09CB41D560B0063FAD190E33335F4.d.FED99F759C7DBC2EB85439C87F26BAA5.e.7347"}]}
RESULT: {"script":"<script> [8489 bytes]","args":[{"element-6066-11e4-a52e-4f735466cecf":"f.09F09CB41D560B0063FAD190E33335F4.d.FED99F759C7DBC2EB85439C87F26BAA5.e.7347","ELEMENT":"f.09F09CB41D560B0063FAD190E33335F4.d.FED99F759C7DBC2EB85439C87F26BAA5.e.7347"}]}
COMMAND: POST /session/11d9dd1dff2e8474394cea312909913e/execute/sync - {"script":"<script> [5351 bytes]","args":[{"element-6066-11e4-a52e-4f735466cecf":"f.09F09CB41D560B0063FAD190E33335F4.d.FED99F759C7DBC2EB85439C87F26BAA5.e.7347","ELEMENT":"f.09F09CB41D560B0063FAD190E33335F4.d.FED99F759C7DBC2EB85439C87F26BAA5.e.7347"}]}
COMMAND: GET /session/11d9dd1dff2e8474394cea312909913e/screenshot - {}
RESULT: {"script":"<script> [5351 bytes]","args":[{"element-6066-11e4-a52e-4f735466cecf":"f.09F09CB41D560B0063FAD190E33335F4.d.FED99F759C7DBC2EB85439C87F26BAA5.e.7347","ELEMENT":"f.09F09CB41D560B0063FAD190E33335F4.d.FED99F759C7DBC2EB85439C87F26BAA5.e.7347"}]}
COMMAND: POST /session/11d9dd1dff2e8474394cea312909913e/element - {"using":"xpath","value":"//*[contains(@data-kt ,\"webshopDetailCatalogItemLink\")]"}
COMMAND: GET /session/11d9dd1dff2e8474394cea312909913e/screenshot - {}
RESULT: {}
RESULT: {"using":"xpath","value":"//*[contains(@data-kt ,\"webshopDetailCatalogItemLink\")]"}
COMMAND: POST /session/11d9dd1dff2e8474394cea312909913e/element/f.09F09CB41D560B0063FAD190E33335F4.d.FED99F759C7DBC2EB85439C87F26BAA5.e.7347/click - {}
COMMAND: POST /session/11d9dd1dff2e8474394cea312909913e/element - {"using":"xpath","value":"//span[contains(@id ,\"contractDetailTitleNoExpanded\")][contains(text(), \"10373\")]"}
RESULT: {}
RESULT: {}
COMMAND: GET /session/11d9dd1dff2e8474394cea312909913e/screenshot - {}
RESULT: {"using":"xpath","value":"//span[contains(@id ,\"contractDetailTitleNoExpanded\")][contains(text(), \"10373\")]"}
RESULT: {}
COMMAND: POST /session/11d9dd1dff2e8474394cea312909913e/element - {"using":"xpath","value":"//span[contains(@id ,\"contractDetailTitleNoExpanded\")][contains(text(), \"10373\")]"}
RESULT: {"using":"xpath","value":"//span[contains(@id ,\"contractDetailTitleNoExpanded\")][contains(text(), \"10373\")]"}
COMMAND: POST /session/11d9dd1dff2e8474394cea312909913e/element - {"using":"xpath","value":"//span[contains(@id ,\"contractDetailTitleNoExpanded\")][contains(text(), \"10373\")]"}
RESULT: {"using":"xpath","value":"//span[contains(@id ,\"contractDetailTitleNoExpanded\")][contains(text(), \"10373\")]"}
COMMAND: POST /session/11d9dd1dff2e8474394cea312909913e/element - {"using":"xpath","value":"//span[contains(@id ,\"contractDetailTitleNoExpanded\")][contains(text(), \"10373\")]"}
RESULT: {"using":"xpath","value":"//span[contains(@id ,\"contractDetailTitleNoExpanded\")][contains(text(), \"10373\")]"}
COMMAND: POST /session/11d9dd1dff2e8474394cea312909913e/element - {"using":"xpath","value":"//span[contains(@id ,\"contractDetailTitleNoExpanded\")][contains(text(), \"10373\")]"}
RESULT: {"using":"xpath","value":"//span[contains(@id ,\"contractDetailTitleNoExpanded\")][contains(text(), \"10373\")]"}
COMMAND: POST /session/11d9dd1dff2e8474394cea312909913e/element - {"using":"xpath","value":"//span[contains(@id ,\"contractDetailTitleNoExpanded\")][contains(text(), \"10373\")]"}
RESULT: {"using":"xpath","value":"//span[contains(@id ,\"contractDetailTitleNoExpanded\")][contains(text(), \"10373\")]"}
COMMAND: POST /session/11d9dd1dff2e8474394cea312909913e/element - {"using":"xpath","value":"//span[contains(@id ,\"contractDetailTitleNoExpanded\")][contains(text(), \"10373\")]"}
RESULT: {"using":"xpath","value":"//span[contains(@id ,\"contractDetailTitleNoExpanded\")][contains(text(), \"10373\")]"}
COMMAND: POST /session/11d9dd1dff2e8474394cea312909913e/element - {"using":"xpath","value":"//span[contains(@id ,\"contractDetailTitleNoExpanded\")][contains(text(), \"10373\")]"}
RESULT: {"using":"xpath","value":"//span[contains(@id ,\"contractDetailTitleNoExpanded\")][contains(text(), \"10373\")]"}
COMMAND: POST /session/11d9dd1dff2e8474394cea312909913e/element - {"using":"xpath","value":"(//span[contains(text(), \"Dri-Prime CD150M Diesel Pump\")])[2]"}
RESULT: {"using":"xpath","value":"(//span[contains(text(), \"Dri-Prime CD150M Diesel Pump\")])[2]"}
COMMAND: POST /session/11d9dd1dff2e8474394cea312909913e/execute/sync - {"script":"<script> [8489 bytes]","args":[{"element-6066-11e4-a52e-4f735466cecf":"f.09F09CB41D560B0063FAD190E33335F4.d.FED99F759C7DBC2EB85439C87F26BAA5.e.7354","ELEMENT":"f.09F09CB41D560B0063FAD190E33335F4.d.FED99F759C7DBC2EB85439C87F26BAA5.e.7354"}]}
COMMAND: POST /session/11d9dd1dff2e8474394cea312909913e/element - {"using":"xpath","value":"(//span[contains(text(), \"Description\")])[1]"}
RESULT: {"script":"<script> [8489 bytes]","args":[{"element-6066-11e4-a52e-4f735466cecf":"f.09F09CB41D560B0063FAD190E33335F4.d.FED99F759C7DBC2EB85439C87F26BAA5.e.7354","ELEMENT":"f.09F09CB41D560B0063FAD190E33335F4.d.FED99F759C7DBC2EB85439C87F26BAA5.e.7354"}]}
COMMAND: GET /session/11d9dd1dff2e8474394cea312909913e/screenshot - {}
RESULT: {"using":"xpath","value":"(//span[contains(text(), \"Description\")])[1]"}
COMMAND: GET /session/11d9dd1dff2e8474394cea312909913e/element/f.09F09CB41D560B0063FAD190E33335F4.d.FED99F759C7DBC2EB85439C87F26BAA5.e.7355/rect - {}
RESULT: {}
RESULT: {}
COMMAND: GET /session/11d9dd1dff2e8474394cea312909913e/window/rect - {}
RESULT: {}
COMMAND: POST /session/11d9dd1dff2e8474394cea312909913e/execute/sync - {"script":"<script> [92 bytes]","args":[]}
COMMAND: POST /session/11d9dd1dff2e8474394cea312909913e/element - {"using":"xpath","value":"//span[contains(@id ,\"contractDetailTitleNoExpanded\")][contains(text(), \"10373\")]"}
RESULT: {"script":"<script> [92 bytes]","args":[]}
COMMAND: POST /session/11d9dd1dff2e8474394cea312909913e/actions - {"actions":[{"id":"action10","type":"wheel","parameters":{},"actions":[{"type":"scroll","x":-1833,"y":-23,"deltaX":0,"deltaY":0,"duration":0,"origin":{"element-6066-11e4-a52e-4f735466cecf":"f.09F09CB41D560B0063FAD190E33335F4.d.FED99F759C7DBC2EB85439C87F26BAA5.e.7355"}}]}]}
COMMAND: GET /session/11d9dd1dff2e8474394cea312909913e/screenshot - {}
RESULT: {"using":"xpath","value":"//span[contains(@id ,\"contractDetailTitleNoExpanded\")][contains(text(), \"10373\")]"}
RESULT: {}
COMMAND: POST /session/11d9dd1dff2e8474394cea312909913e/execute/sync - {"script":"<script> [79 bytes]","args":[{"element-6066-11e4-a52e-4f735466cecf":"f.09F09CB41D560B0063FAD190E33335F4.d.FED99F759C7DBC2EB85439C87F26BAA5.e.7355","ELEMENT":"f.09F09CB41D560B0063FAD190E33335F4.d.FED99F759C7DBC2EB85439C87F26BAA5.e.7355"},{"block":"start","inline":"nearest"}]}
RESULT: {"script":"<script> [79 bytes]","args":[{"element-6066-11e4-a52e-4f735466cecf":"f.09F09CB41D560B0063FAD190E33335F4.d.FED99F759C7DBC2EB85439C87F26BAA5.e.7355","ELEMENT":"f.09F09CB41D560B0063FAD190E33335F4.d.FED99F759C7DBC2EB85439C87F26BAA5.e.7355"},{"block":"start","inline":"nearest"}]}
COMMAND: GET /session/11d9dd1dff2e8474394cea312909913e/screenshot - {}
RESULT: {}
COMMAND: POST /session/11d9dd1dff2e8474394cea312909913e/element - {"using":"xpath","value":"//span[contains(@id ,\"contractDetailTitleNoExpanded\")][contains(text(), \"10373\")]"}
RESULT: {"using":"xpath","value":"//span[contains(@id ,\"contractDetailTitleNoExpanded\")][contains(text(), \"10373\")]"}
COMMAND: POST /session/11d9dd1dff2e8474394cea312909913e/element - {"using":"xpath","value":"//span[contains(@id ,\"contractDetailTitleNoExpanded\")][contains(text(), \"10373\")]"}
RESULT: {"using":"xpath","value":"//span[contains(@id ,\"contractDetailTitleNoExpanded\")][contains(text(), \"10373\")]"}
COMMAND: POST /session/11d9dd1dff2e8474394cea312909913e/element - {"using":"xpath","value":"//span[contains(@id ,\"contractDetailTitleNoExpanded\")][contains(text(), \"10373\")]"}
RESULT: {"using":"xpath","value":"//span[contains(@id ,\"contractDetailTitleNoExpanded\")][contains(text(), \"10373\")]"}
COMMAND: POST /session/11d9dd1dff2e8474394cea312909913e/element - {"using":"xpath","value":"//span[contains(@id ,\"contractDetailTitleNoExpanded\")][contains(text(), \"10373\")]"}
RESULT: {"using":"xpath","value":"//span[contains(@id ,\"contractDetailTitleNoExpanded\")][contains(text(), \"10373\")]"}
COMMAND: POST /session/11d9dd1dff2e8474394cea312909913e/element - {"using":"xpath","value":"//span[contains(@id ,\"contractDetailTitleNoExpanded\")][contains(text(), \"10373\")]"}
RESULT: {"using":"xpath","value":"//span[contains(@id ,\"contractDetailTitleNoExpanded\")][contains(text(), \"10373\")]"}
COMMAND: POST /session/11d9dd1dff2e8474394cea312909913e/element - {"using":"xpath","value":"//span[contains(@id ,\"contractDetailTitleNoExpanded\")][contains(text(), \"10373\")]"}
RESULT: {"using":"xpath","value":"//span[contains(@id ,\"contractDetailTitleNoExpanded\")][contains(text(), \"10373\")]"}
COMMAND: POST /session/11d9dd1dff2e8474394cea312909913e/element - {"using":"xpath","value":"(//textarea[@rows=\"15\"])[1]"}
RESULT: {"using":"xpath","value":"(//textarea[@rows=\"15\"])[1]"}
COMMAND: POST /session/11d9dd1dff2e8474394cea312909913e/execute/sync - {"script":"<script> [8489 bytes]","args":[{"element-6066-11e4-a52e-4f735466cecf":"f.09F09CB41D560B0063FAD190E33335F4.d.FED99F759C7DBC2EB85439C87F26BAA5.e.7353","ELEMENT":"f.09F09CB41D560B0063FAD190E33335F4.d.FED99F759C7DBC2EB85439C87F26BAA5.e.7353"}]}
RESULT: {"script":"<script> [8489 bytes]","args":[{"element-6066-11e4-a52e-4f735466cecf":"f.09F09CB41D560B0063FAD190E33335F4.d.FED99F759C7DBC2EB85439C87F26BAA5.e.7353","ELEMENT":"f.09F09CB41D560B0063FAD190E33335F4.d.FED99F759C7DBC2EB85439C87F26BAA5.e.7353"}]}
COMMAND: GET /session/11d9dd1dff2e8474394cea312909913e/screenshot - {}
RESULT: {}
COMMAND: POST /session/11d9dd1dff2e8474394cea312909913e/element - {"using":"xpath","value":"//span[contains(@id ,\"contractDetailTitleNoExpanded\")][contains(text(), \"10373\")]"}
RESULT: {"using":"xpath","value":"//span[contains(@id ,\"contractDetailTitleNoExpanded\")][contains(text(), \"10373\")]"}
COMMAND: POST /session/11d9dd1dff2e8474394cea312909913e/element - {"using":"xpath","value":"//span[contains(@id ,\"contractDetailTitleNoExpanded\")][contains(text(), \"10373\")]"}
RESULT: {"using":"xpath","value":"//span[contains(@id ,\"contractDetailTitleNoExpanded\")][contains(text(), \"10373\")]"}
COMMAND: POST /session/11d9dd1dff2e8474394cea312909913e/element - {"using":"xpath","value":"//span[contains(@id ,\"contractDetailTitleNoExpanded\")][contains(text(), \"10373\")]"}
RESULT: {"using":"xpath","value":"//span[contains(@id ,\"contractDetailTitleNoExpanded\")][contains(text(), \"10373\")]"}
COMMAND: POST /session/11d9dd1dff2e8474394cea312909913e/element - {"using":"xpath","value":"//span[contains(@id ,\"contractDetailTitleNoExpanded\")][contains(text(), \"10373\")]"}
RESULT: {"using":"xpath","value":"//span[contains(@id ,\"contractDetailTitleNoExpanded\")][contains(text(), \"10373\")]"}
COMMAND: POST /session/11d9dd1dff2e8474394cea312909913e/element - {"using":"xpath","value":"//span[contains(@id ,\"contractDetailTitleNoExpanded\")][contains(text(), \"10373\")]"}
RESULT: {"using":"xpath","value":"//span[contains(@id ,\"contractDetailTitleNoExpanded\")][contains(text(), \"10373\")]"}
COMMAND: POST /session/11d9dd1dff2e8474394cea312909913e/element - {"using":"xpath","value":"//span[contains(@id ,\"contractDetailTitleNoExpanded\")][contains(text(), \"10373\")]"}
RESULT: {"using":"xpath","value":"//span[contains(@id ,\"contractDetailTitleNoExpanded\")][contains(text(), \"10373\")]"}
COMMAND: POST /session/11d9dd1dff2e8474394cea312909913e/element - {"using":"xpath","value":"//span[contains(@id ,\"contractDetailTitleNoExpanded\")][contains(text(), \"10373\")]"}
RESULT: {"using":"xpath","value":"//span[contains(@id ,\"contractDetailTitleNoExpanded\")][contains(text(), \"10373\")]"}
COMMAND: POST /session/11d9dd1dff2e8474394cea312909913e/element - {"using":"xpath","value":"//span[contains(@id ,\"contractDetailTitleNoExpanded\")][contains(text(), \"10373\")]"}
RESULT: {"using":"xpath","value":"//span[contains(@id ,\"contractDetailTitleNoExpanded\")][contains(text(), \"10373\")]"}
COMMAND: POST /session/11d9dd1dff2e8474394cea312909913e/element - {"using":"xpath","value":"//span[contains(@id ,\"contractDetailTitleNoExpanded\")][contains(text(), \"10373\")]"}
RESULT: {"using":"xpath","value":"//span[contains(@id ,\"contractDetailTitleNoExpanded\")][contains(text(), \"10373\")]"}
COMMAND: POST /session/11d9dd1dff2e8474394cea312909913e/execute/async - {"script":"<script> [1562 bytes]","args":[{"selector":{"controlType":"sap.tnt.NavigationListItem","viewName":"etm.portal.ui.webshop.view.RequestDetail","i18NText":{"propertyName":"text","key":"exit"},"interaction":{"idSuffix":"a"}},"wdio_ui5_key":"etmportal.ui.webshop.view.RequestDetailsap.tnt.NavigationListItem{\"propertyName\":\"text\",\"key\":\"exit\"}"}]}
COMMAND: POST /session/11d9dd1dff2e8474394cea312909913e/element - {"using":"xpath","value":"//span[contains(@id ,\"contractDetailTitleNoExpanded\")][contains(text(), \"10373\")]"}
RESULT: {"script":"<script> [1562 bytes]","args":[{"selector":{"controlType":"sap.tnt.NavigationListItem","viewName":"etm.portal.ui.webshop.view.RequestDetail","i18NText":{"propertyName":"text","key":"exit"},"interaction":{"idSuffix":"a"}},"wdio_ui5_key":"etmportal.ui.webshop.view.RequestDetailsap.tnt.NavigationListItem{\"propertyName\":\"text\",\"key\":\"exit\"}"}]}
RESULT: undefined
COMMAND: POST /session/11d9dd1dff2e8474394cea312909913e/element - {"using":"xpath","value":"//*[@id=\"__item3286\"]"}
RESULT: {"using":"xpath","value":"//span[contains(@id ,\"contractDetailTitleNoExpanded\")][contains(text(), \"10373\")]"}
RESULT: {"using":"xpath","value":"//*[@id=\"__item3286\"]"}
COMMAND: POST /session/11d9dd1dff2e8474394cea312909913e/element/f.09F09CB41D560B0063FAD190E33335F4.d.FED99F759C7DBC2EB85439C87F26BAA5.e.7361/click - {}
COMMAND: POST /session/11d9dd1dff2e8474394cea312909913e/element - {"using":"xpath","value":"//span[contains(@id ,\"contractDetailTitleNoExpanded\")][contains(text(), \"10373\")]"}
RESULT: {}
COMMAND: GET /session/11d9dd1dff2e8474394cea312909913e/screenshot - {}
RESULT: {"using":"xpath","value":"//span[contains(@id ,\"contractDetailTitleNoExpanded\")][contains(text(), \"10373\")]"}
RESULT: {}
COMMAND: POST /session/11d9dd1dff2e8474394cea312909913e/element - {"using":"xpath","value":"//span[contains(@id ,\"contractDetailTitleNoExpanded\")][contains(text(), \"10373\")]"}
RESULT: {"using":"xpath","value":"//span[contains(@id ,\"contractDetailTitleNoExpanded\")][contains(text(), \"10373\")]"}
COMMAND: POST /session/11d9dd1dff2e8474394cea312909913e/element - {"using":"xpath","value":"//span[contains(@id ,\"contractDetailTitleNoExpanded\")][contains(text(), \"10373\")]"}
RESULT: {"using":"xpath","value":"//span[contains(@id ,\"contractDetailTitleNoExpanded\")][contains(text(), \"10373\")]"}
COMMAND: POST /session/11d9dd1dff2e8474394cea312909913e/element - {"using":"xpath","value":"//span[contains(@id ,\"contractDetailTitleNoExpanded\")][contains(text(), \"10373\")]"}
RESULT: {"using":"xpath","value":"//span[contains(@id ,\"contractDetailTitleNoExpanded\")][contains(text(), \"10373\")]"}
COMMAND: POST /session/11d9dd1dff2e8474394cea312909913e/element - {"using":"xpath","value":"//span[contains(@id ,\"contractDetailTitleNoExpanded\")][contains(text(), \"10373\")]"}
RESULT: {"using":"xpath","value":"//span[contains(@id ,\"contractDetailTitleNoExpanded\")][contains(text(), \"10373\")]"}
COMMAND: POST /session/11d9dd1dff2e8474394cea312909913e/element - {"using":"xpath","value":"//span[contains(@id ,\"contractDetailTitleNoExpanded\")][contains(text(), \"10373\")]"}
RESULT: {"using":"xpath","value":"//span[contains(@id ,\"contractDetailTitleNoExpanded\")][contains(text(), \"10373\")]"}
COMMAND: POST /session/11d9dd1dff2e8474394cea312909913e/element - {"using":"xpath","value":"//span[contains(@id ,\"contractDetailTitleNoExpanded\")][contains(text(), \"10373\")]"}
RESULT: {"using":"xpath","value":"//span[contains(@id ,\"contractDetailTitleNoExpanded\")][contains(text(), \"10373\")]"}
COMMAND: POST /session/11d9dd1dff2e8474394cea312909913e/element - {"using":"xpath","value":"//span[contains(@id ,\"contractDetailTitleNoExpanded\")][contains(text(), \"10373\")]"}
RESULT: {"using":"xpath","value":"//span[contains(@id ,\"contractDetailTitleNoExpanded\")][contains(text(), \"10373\")]"}
COMMAND: POST /session/11d9dd1dff2e8474394cea312909913e/element - {"using":"css selector","value":"#shell-header-logo"}
RESULT: {"using":"css selector","value":"#shell-header-logo"}
COMMAND: POST /session/11d9dd1dff2e8474394cea312909913e/element/f.09F09CB41D560B0063FAD190E33335F4.d.FED99F759C7DBC2EB85439C87F26BAA5.e.3207/click - {}
RESULT: {}
COMMAND: GET /session/11d9dd1dff2e8474394cea312909913e/screenshot - {}
COMMAND: POST /session/11d9dd1dff2e8474394cea312909913e/element - {"using":"xpath","value":"//span[contains(@id ,\"contractDetailTitleNoExpanded\")][contains(text(), \"10373\")]"}
RESULT: {}
RESULT: {"using":"xpath","value":"//span[contains(@id ,\"contractDetailTitleNoExpanded\")][contains(text(), \"10373\")]"}
COMMAND: POST /session/11d9dd1dff2e8474394cea312909913e/element - {"using":"xpath","value":"//span[contains(@id ,\"contractDetailTitleNoExpanded\")][contains(text(), \"10373\")]"}
RESULT: {"using":"xpath","value":"//span[contains(@id ,\"contractDetailTitleNoExpanded\")][contains(text(), \"10373\")]"}
COMMAND: POST /session/11d9dd1dff2e8474394cea312909913e/element - {"using":"xpath","value":"//span[contains(@id ,\"contractDetailTitleNoExpanded\")][contains(text(), \"10373\")]"}
RESULT: {"using":"xpath","value":"//span[contains(@id ,\"contractDetailTitleNoExpanded\")][contains(text(), \"10373\")]"}
COMMAND: POST /session/11d9dd1dff2e8474394cea312909913e/element - {"using":"xpath","value":"//span[contains(@id ,\"contractDetailTitleNoExpanded\")][contains(text(), \"10373\")]"}
RESULT: {"using":"xpath","value":"//span[contains(@id ,\"contractDetailTitleNoExpanded\")][contains(text(), \"10373\")]"}
COMMAND: POST /session/11d9dd1dff2e8474394cea312909913e/element - {"using":"xpath","value":"//span[contains(@id ,\"contractDetailTitleNoExpanded\")][contains(text(), \"10373\")]"}
RESULT: {"using":"xpath","value":"//span[contains(@id ,\"contractDetailTitleNoExpanded\")][contains(text(), \"10373\")]"}
COMMAND: POST /session/11d9dd1dff2e8474394cea312909913e/element - {"using":"xpath","value":"//span[contains(@id ,\"contractDetailTitleNoExpanded\")][contains(text(), \"10373\")]"}
RESULT: {"using":"xpath","value":"//span[contains(@id ,\"contractDetailTitleNoExpanded\")][contains(text(), \"10373\")]"}
]]></system-out>
    </testcase>
  </testsuite>
  <testsuite timestamp="2025-05-29T16:25:51" time="70.377" tests="1" failures="0" errors="0" skipped="0">
    <properties>
      <property name="specId" value="0"/>
      <property name="suiteName" value="Add items into the basket without creating a request US151315"/>
      <property name="capabilities" value="chrome.136_0_7103_93.windows"/>
      <property name="file" value="file:///D:/a/1/s/test/specs/R2C/add-items-into-basket-wo-creating-a-request.spec.js"/>
    </properties>
    <testcase classname="chrome.136_0_7103_93.windows.Add_items_into_the_basket_without_creating_a_request_US151315" name="Should verify if a catalog item can be added without creating a request" time="67.234">
      <system-out><![CDATA[
RESULT: undefined
COMMAND: POST /session/11d9dd1dff2e8474394cea312909913e/element - {"using":"xpath","value":"//*[@id=\"__tile49\"]"}
RESULT: {"using":"xpath","value":"//*[@id=\"__tile49\"]"}
COMMAND: POST /session/11d9dd1dff2e8474394cea312909913e/element/f.09F09CB41D560B0063FAD190E33335F4.d.FED99F759C7DBC2EB85439C87F26BAA5.e.2931/click - {}
COMMAND: POST /session/11d9dd1dff2e8474394cea312909913e/element - {"using":"xpath","value":"//span[contains(@id ,\"contractDetailTitleNoExpanded\")][contains(text(), \"10373\")]"}
RESULT: {}
COMMAND: GET /session/11d9dd1dff2e8474394cea312909913e/screenshot - {}
RESULT: {"using":"xpath","value":"//span[contains(@id ,\"contractDetailTitleNoExpanded\")][contains(text(), \"10373\")]"}
COMMAND: POST /session/11d9dd1dff2e8474394cea312909913e/element - {"using":"xpath","value":"//span[contains(@id ,\"contractDetailTitleNoExpanded\")][contains(text(), \"10373\")]"}
RESULT: {}
RESULT: {"using":"xpath","value":"//span[contains(@id ,\"contractDetailTitleNoExpanded\")][contains(text(), \"10373\")]"}
COMMAND: POST /session/11d9dd1dff2e8474394cea312909913e/element - {"using":"xpath","value":"//span[contains(@id ,\"contractDetailTitleNoExpanded\")][contains(text(), \"10373\")]"}
RESULT: {"using":"xpath","value":"//span[contains(@id ,\"contractDetailTitleNoExpanded\")][contains(text(), \"10373\")]"}
COMMAND: POST /session/11d9dd1dff2e8474394cea312909913e/element - {"using":"xpath","value":"//span[contains(@id ,\"contractDetailTitleNoExpanded\")][contains(text(), \"10373\")]"}
COMMAND: POST /session/11d9dd1dff2e8474394cea312909913e/elements - {"using":"xpath","value":"//span[text()='Error']"}
RESULT: {"using":"xpath","value":"//span[contains(@id ,\"contractDetailTitleNoExpanded\")][contains(text(), \"10373\")]"}
RESULT: {"using":"xpath","value":"//span[text()='Error']"}
COMMAND: POST /session/11d9dd1dff2e8474394cea312909913e/element - {"using":"xpath","value":"//span[contains(@id ,\"contractDetailTitleNoExpanded\")][contains(text(), \"10373\")]"}
RESULT: {"using":"xpath","value":"//span[contains(@id ,\"contractDetailTitleNoExpanded\")][contains(text(), \"10373\")]"}
COMMAND: POST /session/11d9dd1dff2e8474394cea312909913e/element - {"using":"xpath","value":"//span[contains(@id ,\"contractDetailTitleNoExpanded\")][contains(text(), \"10373\")]"}
RESULT: {"using":"xpath","value":"//span[contains(@id ,\"contractDetailTitleNoExpanded\")][contains(text(), \"10373\")]"}
COMMAND: POST /session/11d9dd1dff2e8474394cea312909913e/element - {"using":"xpath","value":"//span[contains(@id ,\"contractDetailTitleNoExpanded\")][contains(text(), \"10373\")]"}
RESULT: {"using":"xpath","value":"//span[contains(@id ,\"contractDetailTitleNoExpanded\")][contains(text(), \"10373\")]"}
COMMAND: POST /session/11d9dd1dff2e8474394cea312909913e/element - {"using":"xpath","value":"//span[contains(@id ,\"contractDetailTitleNoExpanded\")][contains(text(), \"10373\")]"}
RESULT: {"using":"xpath","value":"//span[contains(@id ,\"contractDetailTitleNoExpanded\")][contains(text(), \"10373\")]"}
COMMAND: POST /session/11d9dd1dff2e8474394cea312909913e/element - {"using":"xpath","value":"//span[contains(@id ,\"contractDetailTitleNoExpanded\")][contains(text(), \"10373\")]"}
RESULT: {"using":"xpath","value":"//span[contains(@id ,\"contractDetailTitleNoExpanded\")][contains(text(), \"10373\")]"}
COMMAND: POST /session/11d9dd1dff2e8474394cea312909913e/element - {"using":"xpath","value":"//span[contains(@id ,\"contractDetailTitleNoExpanded\")][contains(text(), \"10373\")]"}
RESULT: {"using":"xpath","value":"//span[contains(@id ,\"contractDetailTitleNoExpanded\")][contains(text(), \"10373\")]"}
COMMAND: POST /session/11d9dd1dff2e8474394cea312909913e/element - {"using":"xpath","value":"//span[contains(@id ,\"contractDetailTitleNoExpanded\")][contains(text(), \"10373\")]"}
RESULT: {"using":"xpath","value":"//span[contains(@id ,\"contractDetailTitleNoExpanded\")][contains(text(), \"10373\")]"}
COMMAND: POST /session/11d9dd1dff2e8474394cea312909913e/element - {"using":"xpath","value":"//span[contains(@id ,\"contractDetailTitleNoExpanded\")][contains(text(), \"10373\")]"}
RESULT: {"using":"xpath","value":"//span[contains(@id ,\"contractDetailTitleNoExpanded\")][contains(text(), \"10373\")]"}
COMMAND: POST /session/11d9dd1dff2e8474394cea312909913e/element - {"using":"xpath","value":"//span[contains(@id ,\"contractDetailTitleNoExpanded\")][contains(text(), \"10373\")]"}
RESULT: {"using":"xpath","value":"//span[contains(@id ,\"contractDetailTitleNoExpanded\")][contains(text(), \"10373\")]"}
COMMAND: POST /session/11d9dd1dff2e8474394cea312909913e/element - {"using":"xpath","value":"//span[contains(@id ,\"contractDetailTitleNoExpanded\")][contains(text(), \"10373\")]"}
RESULT: {"using":"xpath","value":"//span[contains(@id ,\"contractDetailTitleNoExpanded\")][contains(text(), \"10373\")]"}
COMMAND: POST /session/11d9dd1dff2e8474394cea312909913e/element - {"using":"xpath","value":"//span[contains(@id ,\"contractDetailTitleNoExpanded\")][contains(text(), \"10373\")]"}
RESULT: {"using":"xpath","value":"//span[contains(@id ,\"contractDetailTitleNoExpanded\")][contains(text(), \"10373\")]"}
COMMAND: POST /session/11d9dd1dff2e8474394cea312909913e/element - {"using":"xpath","value":"//span[contains(@id ,\"contractDetailTitleNoExpanded\")][contains(text(), \"10373\")]"}
RESULT: {"using":"xpath","value":"//span[contains(@id ,\"contractDetailTitleNoExpanded\")][contains(text(), \"10373\")]"}
COMMAND: POST /session/11d9dd1dff2e8474394cea312909913e/element - {"using":"xpath","value":"//span[contains(@id ,\"contractDetailTitleNoExpanded\")][contains(text(), \"10373\")]"}
RESULT: {"using":"xpath","value":"//span[contains(@id ,\"contractDetailTitleNoExpanded\")][contains(text(), \"10373\")]"}
COMMAND: POST /session/11d9dd1dff2e8474394cea312909913e/element - {"using":"xpath","value":"//span[contains(@id ,\"contractDetailTitleNoExpanded\")][contains(text(), \"10373\")]"}
RESULT: {"using":"xpath","value":"//span[contains(@id ,\"contractDetailTitleNoExpanded\")][contains(text(), \"10373\")]"}
COMMAND: POST /session/11d9dd1dff2e8474394cea312909913e/element - {"using":"xpath","value":"//span[contains(@id ,\"contractDetailTitleNoExpanded\")][contains(text(), \"10373\")]"}
RESULT: {"using":"xpath","value":"//span[contains(@id ,\"contractDetailTitleNoExpanded\")][contains(text(), \"10373\")]"}
COMMAND: POST /session/11d9dd1dff2e8474394cea312909913e/element - {"using":"xpath","value":"//span[contains(@id ,\"contractDetailTitleNoExpanded\")][contains(text(), \"10373\")]"}
RESULT: {"using":"xpath","value":"//span[contains(@id ,\"contractDetailTitleNoExpanded\")][contains(text(), \"10373\")]"}
COMMAND: POST /session/11d9dd1dff2e8474394cea312909913e/element - {"using":"xpath","value":"//span[contains(@id ,\"contractDetailTitleNoExpanded\")][contains(text(), \"10373\")]"}
RESULT: {"using":"xpath","value":"//span[contains(@id ,\"contractDetailTitleNoExpanded\")][contains(text(), \"10373\")]"}
COMMAND: POST /session/11d9dd1dff2e8474394cea312909913e/element - {"using":"xpath","value":"//span[contains(@id ,\"contractDetailTitleNoExpanded\")][contains(text(), \"10373\")]"}
RESULT: {"using":"xpath","value":"//span[contains(@id ,\"contractDetailTitleNoExpanded\")][contains(text(), \"10373\")]"}
COMMAND: POST /session/11d9dd1dff2e8474394cea312909913e/element - {"using":"xpath","value":"//span[contains(@id ,\"contractDetailTitleNoExpanded\")][contains(text(), \"10373\")]"}
RESULT: {"using":"xpath","value":"//span[contains(@id ,\"contractDetailTitleNoExpanded\")][contains(text(), \"10373\")]"}
COMMAND: POST /session/11d9dd1dff2e8474394cea312909913e/element - {"using":"xpath","value":"//span[contains(@id ,\"contractDetailTitleNoExpanded\")][contains(text(), \"10373\")]"}
RESULT: {"using":"xpath","value":"//span[contains(@id ,\"contractDetailTitleNoExpanded\")][contains(text(), \"10373\")]"}
COMMAND: POST /session/11d9dd1dff2e8474394cea312909913e/element - {"using":"xpath","value":"//span[contains(@id ,\"contractDetailTitleNoExpanded\")][contains(text(), \"10373\")]"}
RESULT: {"using":"xpath","value":"//span[contains(@id ,\"contractDetailTitleNoExpanded\")][contains(text(), \"10373\")]"}
COMMAND: POST /session/11d9dd1dff2e8474394cea312909913e/element - {"using":"xpath","value":"//span[contains(@id ,\"contractDetailTitleNoExpanded\")][contains(text(), \"10373\")]"}
RESULT: {"using":"xpath","value":"//span[contains(@id ,\"contractDetailTitleNoExpanded\")][contains(text(), \"10373\")]"}
COMMAND: POST /session/11d9dd1dff2e8474394cea312909913e/element - {"using":"css selector","value":"#requestCreationDialog--createRequestPopUp-title-inner"}
RESULT: {"using":"css selector","value":"#requestCreationDialog--createRequestPopUp-title-inner"}
COMMAND: POST /session/11d9dd1dff2e8474394cea312909913e/execute/sync - {"script":"<script> [8489 bytes]","args":[{"element-6066-11e4-a52e-4f735466cecf":"f.09F09CB41D560B0063FAD190E33335F4.d.FED99F759C7DBC2EB85439C87F26BAA5.e.7414","ELEMENT":"f.09F09CB41D560B0063FAD190E33335F4.d.FED99F759C7DBC2EB85439C87F26BAA5.e.7414"}]}
RESULT: {"script":"<script> [8489 bytes]","args":[{"element-6066-11e4-a52e-4f735466cecf":"f.09F09CB41D560B0063FAD190E33335F4.d.FED99F759C7DBC2EB85439C87F26BAA5.e.7414","ELEMENT":"f.09F09CB41D560B0063FAD190E33335F4.d.FED99F759C7DBC2EB85439C87F26BAA5.e.7414"}]}
COMMAND: GET /session/11d9dd1dff2e8474394cea312909913e/element/f.09F09CB41D560B0063FAD190E33335F4.d.FED99F759C7DBC2EB85439C87F26BAA5.e.7414/enabled - {}
COMMAND: GET /session/11d9dd1dff2e8474394cea312909913e/screenshot - {}
RESULT: {}
COMMAND: POST /session/11d9dd1dff2e8474394cea312909913e/element - {"using":"xpath","value":"//span[contains(@id ,\"requestCreationDialog--cancelButton-content\")]"}
COMMAND: GET /session/11d9dd1dff2e8474394cea312909913e/screenshot - {}
RESULT: {}
RESULT: {"using":"xpath","value":"//span[contains(@id ,\"requestCreationDialog--cancelButton-content\")]"}
COMMAND: POST /session/11d9dd1dff2e8474394cea312909913e/element/f.09F09CB41D560B0063FAD190E33335F4.d.FED99F759C7DBC2EB85439C87F26BAA5.e.7415/click - {}
RESULT: {}
RESULT: {}
COMMAND: GET /session/11d9dd1dff2e8474394cea312909913e/screenshot - {}
RESULT: {}
COMMAND: POST /session/11d9dd1dff2e8474394cea312909913e/element - {"using":"xpath","value":"//input[contains(@id ,\"searchFiledId-I\")]"}
RESULT: {"using":"xpath","value":"//input[contains(@id ,\"searchFiledId-I\")]"}
COMMAND: POST /session/11d9dd1dff2e8474394cea312909913e/element/f.09F09CB41D560B0063FAD190E33335F4.d.FED99F759C7DBC2EB85439C87F26BAA5.e.7364/value - {"text":"Dri-Prime CD150M Diesel Pump"}
RESULT: {"text":"Dri-Prime CD150M Diesel Pump"}
COMMAND: POST /session/11d9dd1dff2e8474394cea312909913e/actions - {"actions":[{"id":"action11","type":"key","parameters":{},"actions":[{"type":"keyDown","value":""},{"type":"pause","duration":10},{"type":"keyUp","value":""}]}]}
COMMAND: GET /session/11d9dd1dff2e8474394cea312909913e/screenshot - {}
RESULT: {"actions":[{"id":"action11","type":"key","parameters":{},"actions":[{"type":"keyDown","value":""},{"type":"pause","duration":10},{"type":"keyUp","value":""}]}]}
COMMAND: GET /session/11d9dd1dff2e8474394cea312909913e/screenshot - {}
RESULT: {}
RESULT: {}
COMMAND: POST /session/11d9dd1dff2e8474394cea312909913e/element - {"using":"xpath","value":"//span[contains(@id ,\"subTitle\")][contains(text(), \"Dri-Prime CD150M Diesel Pump\")]"}
RESULT: {"using":"xpath","value":"//span[contains(@id ,\"subTitle\")][contains(text(), \"Dri-Prime CD150M Diesel Pump\")]"}
COMMAND: POST /session/11d9dd1dff2e8474394cea312909913e/element/f.09F09CB41D560B0063FAD190E33335F4.d.FED99F759C7DBC2EB85439C87F26BAA5.e.7422/click - {}
RESULT: {}
COMMAND: GET /session/11d9dd1dff2e8474394cea312909913e/screenshot - {}
RESULT: {}
COMMAND: POST /session/11d9dd1dff2e8474394cea312909913e/element - {"using":"xpath","value":"//bdi[contains(text(), \"Add to Request\")]"}
RESULT: {"using":"xpath","value":"//bdi[contains(text(), \"Add to Request\")]"}
COMMAND: POST /session/11d9dd1dff2e8474394cea312909913e/element/f.09F09CB41D560B0063FAD190E33335F4.d.FED99F759C7DBC2EB85439C87F26BAA5.e.7434/click - {}
RESULT: {}
COMMAND: POST /session/11d9dd1dff2e8474394cea312909913e/element - {"using":"xpath","value":"//div[contains(@class ,\"sapMMessageToast sapUiSelectable sapContrast sapContrastPlus sapUiUserSelectable\")]"}
COMMAND: GET /session/11d9dd1dff2e8474394cea312909913e/screenshot - {}
RESULT: {"using":"xpath","value":"//div[contains(@class ,\"sapMMessageToast sapUiSelectable sapContrast sapContrastPlus sapUiUserSelectable\")]"}
COMMAND: POST /session/11d9dd1dff2e8474394cea312909913e/execute/sync - {"script":"<script> [8489 bytes]","args":[{"element-6066-11e4-a52e-4f735466cecf":"f.09F09CB41D560B0063FAD190E33335F4.d.FED99F759C7DBC2EB85439C87F26BAA5.e.7438","ELEMENT":"f.09F09CB41D560B0063FAD190E33335F4.d.FED99F759C7DBC2EB85439C87F26BAA5.e.7438"}]}
RESULT: {}
RESULT: {"script":"<script> [8489 bytes]","args":[{"element-6066-11e4-a52e-4f735466cecf":"f.09F09CB41D560B0063FAD190E33335F4.d.FED99F759C7DBC2EB85439C87F26BAA5.e.7438","ELEMENT":"f.09F09CB41D560B0063FAD190E33335F4.d.FED99F759C7DBC2EB85439C87F26BAA5.e.7438"}]}
COMMAND: GET /session/11d9dd1dff2e8474394cea312909913e/element/f.09F09CB41D560B0063FAD190E33335F4.d.FED99F759C7DBC2EB85439C87F26BAA5.e.7438/text - {}
COMMAND: GET /session/11d9dd1dff2e8474394cea312909913e/screenshot - {}
RESULT: {}
RESULT: {}
COMMAND: POST /session/11d9dd1dff2e8474394cea312909913e/element - {"using":"xpath","value":"//bdi[contains(@id ,\"activeCartId-BDI-content\")]"}
RESULT: {"using":"xpath","value":"//bdi[contains(@id ,\"activeCartId-BDI-content\")]"}
COMMAND: GET /session/11d9dd1dff2e8474394cea312909913e/element/f.09F09CB41D560B0063FAD190E33335F4.d.FED99F759C7DBC2EB85439C87F26BAA5.e.7439/text - {}
RESULT: {}
COMMAND: POST /session/11d9dd1dff2e8474394cea312909913e/element - {"using":"xpath","value":"//li[@title=\"Exit\"]"}
RESULT: {"using":"xpath","value":"//li[@title=\"Exit\"]"}
COMMAND: POST /session/11d9dd1dff2e8474394cea312909913e/element/f.09F09CB41D560B0063FAD190E33335F4.d.FED99F759C7DBC2EB85439C87F26BAA5.e.7440/click - {}
RESULT: {}
COMMAND: GET /session/11d9dd1dff2e8474394cea312909913e/screenshot - {}
RESULT: {}
COMMAND: POST /session/11d9dd1dff2e8474394cea312909913e/element - {"using":"css selector","value":"#shell-header-logo"}
RESULT: {"using":"css selector","value":"#shell-header-logo"}
COMMAND: POST /session/11d9dd1dff2e8474394cea312909913e/element/f.09F09CB41D560B0063FAD190E33335F4.d.FED99F759C7DBC2EB85439C87F26BAA5.e.7450/click - {}
RESULT: {}
COMMAND: GET /session/11d9dd1dff2e8474394cea312909913e/screenshot - {}
RESULT: {}
]]></system-out>
    </testcase>
  </testsuite>
  <testsuite timestamp="2025-05-29T16:27:02" time="146.591" tests="1" failures="0" errors="0" skipped="0">
    <properties>
      <property name="specId" value="0"/>
      <property name="suiteName" value=" Webshop - Request management - Verifying the Master List - Filtering /Sorting - Deleting - Creating US151314"/>
      <property name="capabilities" value="chrome.136_0_7103_93.windows"/>
      <property name="file" value="file:///D:/a/1/s/test/specs/R2C/webshop-request-management-verify-master-list.spec.js"/>
    </properties>
    <testcase classname="chrome.136_0_7103_93.windows._Webshop_-_Request_management_-_Verifying_the_Master_List_-_Filtering_/Sorting_-_Deleting_-_Creating_US151314" name="Should navigate to request management in webshop and verify the filters" time="143.393">
      <system-out><![CDATA[
RESULT: undefined
COMMAND: POST /session/11d9dd1dff2e8474394cea312909913e/element - {"using":"xpath","value":"//*[@id=\"__tile49\"]"}
RESULT: {"using":"xpath","value":"//*[@id=\"__tile49\"]"}
COMMAND: POST /session/11d9dd1dff2e8474394cea312909913e/element/f.09F09CB41D560B0063FAD190E33335F4.d.FED99F759C7DBC2EB85439C87F26BAA5.e.2931/click - {}
RESULT: {}
COMMAND: GET /session/11d9dd1dff2e8474394cea312909913e/screenshot - {}
RESULT: {}
COMMAND: POST /session/11d9dd1dff2e8474394cea312909913e/elements - {"using":"xpath","value":"//span[text()='Error']"}
RESULT: {"using":"xpath","value":"//span[text()='Error']"}
COMMAND: POST /session/11d9dd1dff2e8474394cea312909913e/execute/async - {"script":"<script> [1562 bytes]","args":[{"selector":{"id":"requestCreationDialog--cancelButton","searchOpenDialogs":true,"interaction":{"idSuffix":"BDI-content"}},"wdio_ui5_key":"requestCreationDialogcancelButton"}]}
RESULT: {"script":"<script> [1562 bytes]","args":[{"selector":{"id":"requestCreationDialog--cancelButton","searchOpenDialogs":true,"interaction":{"idSuffix":"BDI-content"}},"wdio_ui5_key":"requestCreationDialogcancelButton"}]}
RESULT: undefined
COMMAND: POST /session/11d9dd1dff2e8474394cea312909913e/element - {"using":"xpath","value":"//*[@id=\"requestCreationDialog--cancelButton\"]"}
RESULT: {"using":"xpath","value":"//*[@id=\"requestCreationDialog--cancelButton\"]"}
COMMAND: POST /session/11d9dd1dff2e8474394cea312909913e/element/f.09F09CB41D560B0063FAD190E33335F4.d.FED99F759C7DBC2EB85439C87F26BAA5.e.7501/click - {}
RESULT: {}
COMMAND: GET /session/11d9dd1dff2e8474394cea312909913e/screenshot - {}
RESULT: {}
COMMAND: POST /session/11d9dd1dff2e8474394cea312909913e/execute/async - {"script":"<script> [1562 bytes]","args":[{"selector":{"controlType":"sap.tnt.NavigationListItem","viewName":"etm.portal.ui.webshop.view.Homepage","i18NText":{"propertyName":"text","key":"requestsManagement"},"interaction":{"idSuffix":"a"}},"wdio_ui5_key":"etmportal.ui.webshop.view.Homepagesap.tnt.NavigationListItem{\"propertyName\":\"text\",\"key\":\"requestsManagement\"}"}]}
RESULT: {"script":"<script> [1562 bytes]","args":[{"selector":{"controlType":"sap.tnt.NavigationListItem","viewName":"etm.portal.ui.webshop.view.Homepage","i18NText":{"propertyName":"text","key":"requestsManagement"},"interaction":{"idSuffix":"a"}},"wdio_ui5_key":"etmportal.ui.webshop.view.Homepagesap.tnt.NavigationListItem{\"propertyName\":\"text\",\"key\":\"requestsManagement\"}"}]}
RESULT: undefined
COMMAND: POST /session/11d9dd1dff2e8474394cea312909913e/element - {"using":"xpath","value":"//*[@id=\"__item3358\"]"}
RESULT: {"using":"xpath","value":"//*[@id=\"__item3358\"]"}
COMMAND: POST /session/11d9dd1dff2e8474394cea312909913e/element/f.09F09CB41D560B0063FAD190E33335F4.d.FED99F759C7DBC2EB85439C87F26BAA5.e.7503/click - {}
RESULT: {}
COMMAND: GET /session/11d9dd1dff2e8474394cea312909913e/screenshot - {}
RESULT: {}
COMMAND: POST /session/11d9dd1dff2e8474394cea312909913e/element - {"using":"xpath","value":"//input[contains(@id ,\"smartFilterBar-btnBasicSearch-I\")]"}
RESULT: {"using":"xpath","value":"//input[contains(@id ,\"smartFilterBar-btnBasicSearch-I\")]"}
COMMAND: POST /session/11d9dd1dff2e8474394cea312909913e/element/f.09F09CB41D560B0063FAD190E33335F4.d.FED99F759C7DBC2EB85439C87F26BAA5.e.7508/clear - {}
RESULT: {}
COMMAND: POST /session/11d9dd1dff2e8474394cea312909913e/element/f.09F09CB41D560B0063FAD190E33335F4.d.FED99F759C7DBC2EB85439C87F26BAA5.e.7508/value - {"text":"20001"}
COMMAND: GET /session/11d9dd1dff2e8474394cea312909913e/screenshot - {}
RESULT: {"text":"20001"}
COMMAND: GET /session/11d9dd1dff2e8474394cea312909913e/screenshot - {}
RESULT: {}
RESULT: {}
COMMAND: POST /session/11d9dd1dff2e8474394cea312909913e/actions - {"actions":[{"id":"action12","type":"key","parameters":{},"actions":[{"type":"keyDown","value":""},{"type":"pause","duration":10},{"type":"keyUp","value":""}]}]}
RESULT: {"actions":[{"id":"action12","type":"key","parameters":{},"actions":[{"type":"keyDown","value":""},{"type":"pause","duration":10},{"type":"keyUp","value":""}]}]}
COMMAND: GET /session/11d9dd1dff2e8474394cea312909913e/screenshot - {}
RESULT: {}
COMMAND: POST /session/11d9dd1dff2e8474394cea312909913e/execute/async - {"script":"<script> [1562 bytes]","args":[{"selector":{"controlType":"sap.m.Title","viewName":"etm.portal.ui.webshop.view.RequestMaster","properties":{"text":"Records (1)"}},"wdio_ui5_key":"etmportal.ui.webshop.view.RequestMastersap.m.Title{\"text\":\"Records (1)\"}"}]}
RESULT: {"script":"<script> [1562 bytes]","args":[{"selector":{"controlType":"sap.m.Title","viewName":"etm.portal.ui.webshop.view.RequestMaster","properties":{"text":"Records (1)"}},"wdio_ui5_key":"etmportal.ui.webshop.view.RequestMastersap.m.Title{\"text\":\"Records (1)\"}"}]}
RESULT: undefined
COMMAND: POST /session/11d9dd1dff2e8474394cea312909913e/execute/async - {"script":"<script> [6424 bytes]","args":[{"element-6066-11e4-a52e-4f735466cecf":"f.09F09CB41D560B0063FAD190E33335F4.d.FED99F759C7DBC2EB85439C87F26BAA5.e.7598"},"getText",[]]}
RESULT: {"script":"<script> [6424 bytes]","args":[{"element-6066-11e4-a52e-4f735466cecf":"f.09F09CB41D560B0063FAD190E33335F4.d.FED99F759C7DBC2EB85439C87F26BAA5.e.7598"},"getText",[]]}
COMMAND: POST /session/11d9dd1dff2e8474394cea312909913e/element - {"using":"xpath","value":"//div[contains(@id ,\"smartFilterBar-btnBasicSearch-reset\")]"}
RESULT: {"using":"xpath","value":"//div[contains(@id ,\"smartFilterBar-btnBasicSearch-reset\")]"}
COMMAND: POST /session/11d9dd1dff2e8474394cea312909913e/element/f.09F09CB41D560B0063FAD190E33335F4.d.FED99F759C7DBC2EB85439C87F26BAA5.e.7599/click - {}
RESULT: {}
COMMAND: GET /session/11d9dd1dff2e8474394cea312909913e/screenshot - {}
COMMAND: POST /session/11d9dd1dff2e8474394cea312909913e/element - {"using":"xpath","value":"//input[contains(@id ,\"smartStatusFilter-inner\")]"}
RESULT: {}
RESULT: {"using":"xpath","value":"//input[contains(@id ,\"smartStatusFilter-inner\")]"}
COMMAND: POST /session/11d9dd1dff2e8474394cea312909913e/element/f.09F09CB41D560B0063FAD190E33335F4.d.FED99F759C7DBC2EB85439C87F26BAA5.e.7513/clear - {}
RESULT: {}
COMMAND: POST /session/11d9dd1dff2e8474394cea312909913e/element/f.09F09CB41D560B0063FAD190E33335F4.d.FED99F759C7DBC2EB85439C87F26BAA5.e.7513/value - {"text":"draft"}
COMMAND: GET /session/11d9dd1dff2e8474394cea312909913e/screenshot - {}
RESULT: {"text":"draft"}
COMMAND: GET /session/11d9dd1dff2e8474394cea312909913e/screenshot - {}
RESULT: {}
RESULT: {}
COMMAND: POST /session/11d9dd1dff2e8474394cea312909913e/actions - {"actions":[{"id":"action13","type":"key","parameters":{},"actions":[{"type":"keyDown","value":""},{"type":"pause","duration":10},{"type":"keyUp","value":""}]}]}
RESULT: {"actions":[{"id":"action13","type":"key","parameters":{},"actions":[{"type":"keyDown","value":""},{"type":"pause","duration":10},{"type":"keyUp","value":""}]}]}
COMMAND: GET /session/11d9dd1dff2e8474394cea312909913e/screenshot - {}
RESULT: {}
COMMAND: POST /session/11d9dd1dff2e8474394cea312909913e/execute/async - {"script":"<script> [1562 bytes]","args":[{"selector":{"controlType":"sap.m.ObjectStatus","viewName":"etm.portal.ui.webshop.view.RequestMaster","bindingPath":{"propertyPath":"STATUS_DESCRIPTION"}},"wdio_ui5_key":"etmportal.ui.webshop.view.RequestMastersap.m.ObjectStatus{\"propertyPath\":\"STATUS_DESCRIPTION\"}"}]}
RESULT: {"script":"<script> [1562 bytes]","args":[{"selector":{"controlType":"sap.m.ObjectStatus","viewName":"etm.portal.ui.webshop.view.RequestMaster","bindingPath":{"propertyPath":"STATUS_DESCRIPTION"}},"wdio_ui5_key":"etmportal.ui.webshop.view.RequestMastersap.m.ObjectStatus{\"propertyPath\":\"STATUS_DESCRIPTION\"}"}]}
RESULT: undefined
COMMAND: POST /session/11d9dd1dff2e8474394cea312909913e/execute/async - {"script":"<script> [6424 bytes]","args":[{"element-6066-11e4-a52e-4f735466cecf":"f.09F09CB41D560B0063FAD190E33335F4.d.FED99F759C7DBC2EB85439C87F26BAA5.e.7653"},"getText",[]]}
RESULT: {"script":"<script> [6424 bytes]","args":[{"element-6066-11e4-a52e-4f735466cecf":"f.09F09CB41D560B0063FAD190E33335F4.d.FED99F759C7DBC2EB85439C87F26BAA5.e.7653"},"getText",[]]}
COMMAND: POST /session/11d9dd1dff2e8474394cea312909913e/element - {"using":"xpath","value":"//span[contains(@title ,\"Remove\")]"}
RESULT: {"using":"xpath","value":"//span[contains(@title ,\"Remove\")]"}
COMMAND: POST /session/11d9dd1dff2e8474394cea312909913e/element/f.09F09CB41D560B0063FAD190E33335F4.d.FED99F759C7DBC2EB85439C87F26BAA5.e.7654/click - {}
RESULT: {}
COMMAND: GET /session/11d9dd1dff2e8474394cea312909913e/screenshot - {}
COMMAND: POST /session/11d9dd1dff2e8474394cea312909913e/element - {"using":"xpath","value":"//input[contains(@id ,\"smartStatusFilter-inner\")]"}
RESULT: {}
RESULT: {"using":"xpath","value":"//input[contains(@id ,\"smartStatusFilter-inner\")]"}
COMMAND: POST /session/11d9dd1dff2e8474394cea312909913e/element/f.09F09CB41D560B0063FAD190E33335F4.d.FED99F759C7DBC2EB85439C87F26BAA5.e.7513/clear - {}
RESULT: {}
COMMAND: POST /session/11d9dd1dff2e8474394cea312909913e/element/f.09F09CB41D560B0063FAD190E33335F4.d.FED99F759C7DBC2EB85439C87F26BAA5.e.7513/value - {"text":"created"}
COMMAND: GET /session/11d9dd1dff2e8474394cea312909913e/screenshot - {}
RESULT: {"text":"created"}
COMMAND: GET /session/11d9dd1dff2e8474394cea312909913e/screenshot - {}
RESULT: {}
RESULT: {}
COMMAND: POST /session/11d9dd1dff2e8474394cea312909913e/actions - {"actions":[{"id":"action14","type":"key","parameters":{},"actions":[{"type":"keyDown","value":""},{"type":"pause","duration":10},{"type":"keyUp","value":""}]}]}
RESULT: {"actions":[{"id":"action14","type":"key","parameters":{},"actions":[{"type":"keyDown","value":""},{"type":"pause","duration":10},{"type":"keyUp","value":""}]}]}
COMMAND: GET /session/11d9dd1dff2e8474394cea312909913e/screenshot - {}
RESULT: {}
RESULT: undefined
COMMAND: POST /session/11d9dd1dff2e8474394cea312909913e/execute/async - {"script":"<script> [6424 bytes]","args":[{"element-6066-11e4-a52e-4f735466cecf":"f.09F09CB41D560B0063FAD190E33335F4.d.FED99F759C7DBC2EB85439C87F26BAA5.e.7653"},"getText",[]]}
COMMAND: POST /session/11d9dd1dff2e8474394cea312909913e/execute/async - {"script":"<script> [1562 bytes]","args":[{"selector":{"controlType":"sap.m.ObjectStatus","viewName":"etm.portal.ui.webshop.view.RequestMaster","bindingPath":{"propertyPath":"STATUS_DESCRIPTION"}},"wdio_ui5_key":"etmportal.ui.webshop.view.RequestMastersap.m.ObjectStatus{\"propertyPath\":\"STATUS_DESCRIPTION\"}"}]}
RESULT: {"script":"<script> [1562 bytes]","args":[{"selector":{"controlType":"sap.m.ObjectStatus","viewName":"etm.portal.ui.webshop.view.RequestMaster","bindingPath":{"propertyPath":"STATUS_DESCRIPTION"}},"wdio_ui5_key":"etmportal.ui.webshop.view.RequestMastersap.m.ObjectStatus{\"propertyPath\":\"STATUS_DESCRIPTION\"}"}]}
COMMAND: POST /session/11d9dd1dff2e8474394cea312909913e/execute/async - {"script":"<script> [6424 bytes]","args":[{"element-6066-11e4-a52e-4f735466cecf":"f.09F09CB41D560B0063FAD190E33335F4.d.FED99F759C7DBC2EB85439C87F26BAA5.e.7709"},"getText",[]]}
RESULT: {"script":"<script> [6424 bytes]","args":[{"element-6066-11e4-a52e-4f735466cecf":"f.09F09CB41D560B0063FAD190E33335F4.d.FED99F759C7DBC2EB85439C87F26BAA5.e.7709"},"getText",[]]}
COMMAND: POST /session/11d9dd1dff2e8474394cea312909913e/element - {"using":"xpath","value":"//span[contains(@title ,\"Remove\")]"}
RESULT: {"using":"xpath","value":"//span[contains(@title ,\"Remove\")]"}
COMMAND: POST /session/11d9dd1dff2e8474394cea312909913e/element/f.09F09CB41D560B0063FAD190E33335F4.d.FED99F759C7DBC2EB85439C87F26BAA5.e.7710/click - {}
RESULT: {}
COMMAND: GET /session/11d9dd1dff2e8474394cea312909913e/screenshot - {}
COMMAND: POST /session/11d9dd1dff2e8474394cea312909913e/execute/async - {"script":"<script> [1562 bytes]","args":[{"selector":{"controlType":"sap.m.Button","viewName":"etm.portal.ui.webshop.view.RequestMaster","properties":{"text":"Filters (1)"},"interaction":{"idSuffix":"BDI-content"}},"wdio_ui5_key":"etmportal.ui.webshop.view.RequestMastersap.m.Button{\"text\":\"Filters (1)\"}"}]}
RESULT: {}
RESULT: {"script":"<script> [1562 bytes]","args":[{"selector":{"controlType":"sap.m.Button","viewName":"etm.portal.ui.webshop.view.RequestMaster","properties":{"text":"Filters (1)"},"interaction":{"idSuffix":"BDI-content"}},"wdio_ui5_key":"etmportal.ui.webshop.view.RequestMastersap.m.Button{\"text\":\"Filters (1)\"}"}]}
RESULT: undefined
COMMAND: POST /session/11d9dd1dff2e8474394cea312909913e/element - {"using":"xpath","value":"//*[@id=\"__xmlview74--smartFilterBar-btnFilters\"]"}
RESULT: {"using":"xpath","value":"//*[@id=\"__xmlview74--smartFilterBar-btnFilters\"]"}
COMMAND: POST /session/11d9dd1dff2e8474394cea312909913e/element/f.09F09CB41D560B0063FAD190E33335F4.d.FED99F759C7DBC2EB85439C87F26BAA5.e.7536/click - {}
RESULT: {}
COMMAND: GET /session/11d9dd1dff2e8474394cea312909913e/screenshot - {}
RESULT: {}
COMMAND: POST /session/11d9dd1dff2e8474394cea312909913e/element - {"using":"xpath","value":"//input[contains(@id ,\"searchField-I\")]"}
RESULT: {"using":"xpath","value":"//input[contains(@id ,\"searchField-I\")]"}
COMMAND: POST /session/11d9dd1dff2e8474394cea312909913e/element/f.09F09CB41D560B0063FAD190E33335F4.d.FED99F759C7DBC2EB85439C87F26BAA5.e.7758/clear - {}
RESULT: {}
COMMAND: POST /session/11d9dd1dff2e8474394cea312909913e/element/f.09F09CB41D560B0063FAD190E33335F4.d.FED99F759C7DBC2EB85439C87F26BAA5.e.7758/value - {"text":"tags"}
COMMAND: GET /session/11d9dd1dff2e8474394cea312909913e/screenshot - {}
RESULT: {"text":"tags"}
COMMAND: GET /session/11d9dd1dff2e8474394cea312909913e/screenshot - {}
RESULT: {}
RESULT: {}
COMMAND: POST /session/11d9dd1dff2e8474394cea312909913e/element - {"using":"xpath","value":"(//div[contains(@id ,\"selectMulti\")][@role=\"checkbox\"])[8]"}
RESULT: {"using":"xpath","value":"(//div[contains(@id ,\"selectMulti\")][@role=\"checkbox\"])[8]"}
COMMAND: POST /session/11d9dd1dff2e8474394cea312909913e/element/f.09F09CB41D560B0063FAD190E33335F4.d.FED99F759C7DBC2EB85439C87F26BAA5.e.7772/click - {}
RESULT: {}
COMMAND: GET /session/11d9dd1dff2e8474394cea312909913e/screenshot - {}
RESULT: {}
COMMAND: POST /session/11d9dd1dff2e8474394cea312909913e/execute/async - {"script":"<script> [1562 bytes]","args":[{"selector":{"controlType":"sap.m.Button","viewName":"etm.portal.ui.webshop.view.RequestMaster","properties":{"text":"OK"},"searchOpenDialogs":true,"interaction":{"idSuffix":"BDI-content"}},"wdio_ui5_key":"etmportal.ui.webshop.view.RequestMastersap.m.Button{\"text\":\"OK\"}"}]}
RESULT: {"script":"<script> [1562 bytes]","args":[{"selector":{"controlType":"sap.m.Button","viewName":"etm.portal.ui.webshop.view.RequestMaster","properties":{"text":"OK"},"searchOpenDialogs":true,"interaction":{"idSuffix":"BDI-content"}},"wdio_ui5_key":"etmportal.ui.webshop.view.RequestMastersap.m.Button{\"text\":\"OK\"}"}]}
RESULT: undefined
COMMAND: POST /session/11d9dd1dff2e8474394cea312909913e/element - {"using":"xpath","value":"//*[@id=\"__xmlview74--smartFilterBar-adapt-filters-dialog-confirmBtn\"]"}
RESULT: {"using":"xpath","value":"//*[@id=\"__xmlview74--smartFilterBar-adapt-filters-dialog-confirmBtn\"]"}
COMMAND: POST /session/11d9dd1dff2e8474394cea312909913e/element/f.09F09CB41D560B0063FAD190E33335F4.d.FED99F759C7DBC2EB85439C87F26BAA5.e.7776/click - {}
RESULT: {}
COMMAND: GET /session/11d9dd1dff2e8474394cea312909913e/screenshot - {}
RESULT: {}
COMMAND: POST /session/11d9dd1dff2e8474394cea312909913e/element - {"using":"xpath","value":"//input[contains(@id ,\"smartFilterBar-filterItemControlA_-ALL_TAGS-inner\")]"}
RESULT: {"using":"xpath","value":"//input[contains(@id ,\"smartFilterBar-filterItemControlA_-ALL_TAGS-inner\")]"}
COMMAND: POST /session/11d9dd1dff2e8474394cea312909913e/element/f.09F09CB41D560B0063FAD190E33335F4.d.FED99F759C7DBC2EB85439C87F26BAA5.e.7784/clear - {}
RESULT: {}
COMMAND: POST /session/11d9dd1dff2e8474394cea312909913e/element/f.09F09CB41D560B0063FAD190E33335F4.d.FED99F759C7DBC2EB85439C87F26BAA5.e.7784/value - {"text":"tag1"}
COMMAND: GET /session/11d9dd1dff2e8474394cea312909913e/screenshot - {}
RESULT: {"text":"tag1"}
COMMAND: GET /session/11d9dd1dff2e8474394cea312909913e/screenshot - {}
RESULT: {}
RESULT: {}
COMMAND: POST /session/11d9dd1dff2e8474394cea312909913e/actions - {"actions":[{"id":"action15","type":"key","parameters":{},"actions":[{"type":"keyDown","value":""},{"type":"pause","duration":10},{"type":"keyUp","value":""}]}]}
RESULT: {"actions":[{"id":"action15","type":"key","parameters":{},"actions":[{"type":"keyDown","value":""},{"type":"pause","duration":10},{"type":"keyUp","value":""}]}]}
COMMAND: GET /session/11d9dd1dff2e8474394cea312909913e/screenshot - {}
RESULT: {}
RESULT: undefined
COMMAND: POST /session/11d9dd1dff2e8474394cea312909913e/execute/async - {"script":"<script> [6424 bytes]","args":[{"element-6066-11e4-a52e-4f735466cecf":"f.09F09CB41D560B0063FAD190E33335F4.d.FED99F759C7DBC2EB85439C87F26BAA5.e.7598"},"getText",[]]}
RESULT: {"script":"<script> [6424 bytes]","args":[{"element-6066-11e4-a52e-4f735466cecf":"f.09F09CB41D560B0063FAD190E33335F4.d.FED99F759C7DBC2EB85439C87F26BAA5.e.7598"},"getText",[]]}
COMMAND: POST /session/11d9dd1dff2e8474394cea312909913e/execute/async - {"script":"<script> [1562 bytes]","args":[{"selector":{"controlType":"sap.ui.core.Icon","viewName":"etm.portal.ui.webshop.view.RequestMaster","properties":{"src":{"regex":{"source":"action\\-settings"}}}},"wdio_ui5_key":"etmportal.ui.webshop.view.RequestMastersap.ui.core.Icon{\"src\":{\"regex\":{\"source\":\"action\\\\-settings\"}}}"}]}
RESULT: {"script":"<script> [1562 bytes]","args":[{"selector":{"controlType":"sap.ui.core.Icon","viewName":"etm.portal.ui.webshop.view.RequestMaster","properties":{"src":{"regex":{"source":"action\\-settings"}}}},"wdio_ui5_key":"etmportal.ui.webshop.view.RequestMastersap.ui.core.Icon{\"src\":{\"regex\":{\"source\":\"action\\\\-settings\"}}}"}]}
RESULT: undefined
COMMAND: POST /session/11d9dd1dff2e8474394cea312909913e/element - {"using":"xpath","value":"//*[@id=\"__xmlview74--smartTable-btnPersonalisation-img\"]"}
RESULT: {"using":"xpath","value":"//*[@id=\"__xmlview74--smartTable-btnPersonalisation-img\"]"}
COMMAND: POST /session/11d9dd1dff2e8474394cea312909913e/element/f.09F09CB41D560B0063FAD190E33335F4.d.FED99F759C7DBC2EB85439C87F26BAA5.e.7559/click - {}
RESULT: {}
COMMAND: GET /session/11d9dd1dff2e8474394cea312909913e/screenshot - {}
RESULT: {}
COMMAND: POST /session/11d9dd1dff2e8474394cea312909913e/element - {"using":"xpath","value":"//input[contains(@id ,\"searchField-I\")]"}
RESULT: {"using":"xpath","value":"//input[contains(@id ,\"searchField-I\")]"}
COMMAND: POST /session/11d9dd1dff2e8474394cea312909913e/element/f.09F09CB41D560B0063FAD190E33335F4.d.FED99F759C7DBC2EB85439C87F26BAA5.e.7813/clear - {}
RESULT: {}
COMMAND: POST /session/11d9dd1dff2e8474394cea312909913e/element/f.09F09CB41D560B0063FAD190E33335F4.d.FED99F759C7DBC2EB85439C87F26BAA5.e.7813/value - {"text":"tags"}
COMMAND: GET /session/11d9dd1dff2e8474394cea312909913e/screenshot - {}
RESULT: {"text":"tags"}
COMMAND: GET /session/11d9dd1dff2e8474394cea312909913e/screenshot - {}
RESULT: {}
RESULT: {}
COMMAND: POST /session/11d9dd1dff2e8474394cea312909913e/element - {"using":"xpath","value":"(//div[contains(@id ,\"selectMulti\")][@role=\"checkbox\"])[8]"}
RESULT: {"using":"xpath","value":"(//div[contains(@id ,\"selectMulti\")][@role=\"checkbox\"])[8]"}
COMMAND: POST /session/11d9dd1dff2e8474394cea312909913e/element/f.09F09CB41D560B0063FAD190E33335F4.d.FED99F759C7DBC2EB85439C87F26BAA5.e.7881/click - {}
RESULT: {}
COMMAND: GET /session/11d9dd1dff2e8474394cea312909913e/screenshot - {}
RESULT: {}
COMMAND: POST /session/11d9dd1dff2e8474394cea312909913e/element - {"using":"xpath","value":"//div[contains(@id ,\"searchField-reset\")]"}
RESULT: {"using":"xpath","value":"//div[contains(@id ,\"searchField-reset\")]"}
COMMAND: POST /session/11d9dd1dff2e8474394cea312909913e/element - {"using":"xpath","value":"//input[contains(@id ,\"searchField-I\")]"}
RESULT: {"using":"xpath","value":"//input[contains(@id ,\"searchField-I\")]"}
COMMAND: POST /session/11d9dd1dff2e8474394cea312909913e/element/f.09F09CB41D560B0063FAD190E33335F4.d.FED99F759C7DBC2EB85439C87F26BAA5.e.7813/clear - {}
RESULT: {}
COMMAND: POST /session/11d9dd1dff2e8474394cea312909913e/element/f.09F09CB41D560B0063FAD190E33335F4.d.FED99F759C7DBC2EB85439C87F26BAA5.e.7813/value - {"text":"status"}
COMMAND: GET /session/11d9dd1dff2e8474394cea312909913e/screenshot - {}
RESULT: {"text":"status"}
COMMAND: GET /session/11d9dd1dff2e8474394cea312909913e/screenshot - {}
RESULT: {}
RESULT: {}
COMMAND: POST /session/11d9dd1dff2e8474394cea312909913e/element - {"using":"xpath","value":"(//div[contains(@id ,\"selectMulti\")][@role=\"checkbox\"])[8]"}
RESULT: {"using":"xpath","value":"(//div[contains(@id ,\"selectMulti\")][@role=\"checkbox\"])[8]"}
COMMAND: POST /session/11d9dd1dff2e8474394cea312909913e/element/f.09F09CB41D560B0063FAD190E33335F4.d.FED99F759C7DBC2EB85439C87F26BAA5.e.7881/click - {}
RESULT: {}
COMMAND: GET /session/11d9dd1dff2e8474394cea312909913e/screenshot - {}
RESULT: {}
COMMAND: POST /session/11d9dd1dff2e8474394cea312909913e/element - {"using":"xpath","value":"//bdi[contains(@id ,\"confirmBtn-BDI-content\")]"}
RESULT: {"using":"xpath","value":"//bdi[contains(@id ,\"confirmBtn-BDI-content\")]"}
COMMAND: POST /session/11d9dd1dff2e8474394cea312909913e/element/f.09F09CB41D560B0063FAD190E33335F4.d.FED99F759C7DBC2EB85439C87F26BAA5.e.7894/click - {}
RESULT: {}
COMMAND: GET /session/11d9dd1dff2e8474394cea312909913e/screenshot - {}
RESULT: {}
COMMAND: POST /session/11d9dd1dff2e8474394cea312909913e/element - {"using":"xpath","value":"(//span[contains(text(), \"Status\")])[2]"}
RESULT: {"using":"xpath","value":"(//span[contains(text(), \"Status\")])[2]"}
COMMAND: POST /session/11d9dd1dff2e8474394cea312909913e/element - {"using":"xpath","value":"(//span[contains(text(), \"Status\")])[2]"}
RESULT: {"using":"xpath","value":"(//span[contains(text(), \"Status\")])[2]"}
COMMAND: POST /session/11d9dd1dff2e8474394cea312909913e/element - {"using":"xpath","value":"(//bdi[contains(text(), \"Tags\")])[2]"}
RESULT: {"using":"xpath","value":"(//bdi[contains(text(), \"Tags\")])[2]"}
COMMAND: POST /session/11d9dd1dff2e8474394cea312909913e/execute/sync - {"script":"<script> [8489 bytes]","args":[{"element-6066-11e4-a52e-4f735466cecf":"f.09F09CB41D560B0063FAD190E33335F4.d.FED99F759C7DBC2EB85439C87F26BAA5.e.7901","ELEMENT":"f.09F09CB41D560B0063FAD190E33335F4.d.FED99F759C7DBC2EB85439C87F26BAA5.e.7901"}]}
RESULT: {"script":"<script> [8489 bytes]","args":[{"element-6066-11e4-a52e-4f735466cecf":"f.09F09CB41D560B0063FAD190E33335F4.d.FED99F759C7DBC2EB85439C87F26BAA5.e.7901","ELEMENT":"f.09F09CB41D560B0063FAD190E33335F4.d.FED99F759C7DBC2EB85439C87F26BAA5.e.7901"}]}
COMMAND: POST /session/11d9dd1dff2e8474394cea312909913e/element - {"using":"xpath","value":"//span[contains(@title ,\"Remove\")]"}
COMMAND: GET /session/11d9dd1dff2e8474394cea312909913e/screenshot - {}
RESULT: {"using":"xpath","value":"//span[contains(@title ,\"Remove\")]"}
COMMAND: POST /session/11d9dd1dff2e8474394cea312909913e/element/f.09F09CB41D560B0063FAD190E33335F4.d.FED99F759C7DBC2EB85439C87F26BAA5.e.7902/click - {}
RESULT: {}
RESULT: {}
COMMAND: GET /session/11d9dd1dff2e8474394cea312909913e/screenshot - {}
RESULT: {}
COMMAND: POST /session/11d9dd1dff2e8474394cea312909913e/element - {"using":"xpath","value":"//button[contains(@id ,\"btnDeleteRequest\")]"}
RESULT: {"using":"xpath","value":"//button[contains(@id ,\"btnDeleteRequest\")]"}
COMMAND: POST /session/11d9dd1dff2e8474394cea312909913e/element - {"using":"xpath","value":"//button[contains(@id ,\"btnDeleteRequest\")]"}
RESULT: {"using":"xpath","value":"//button[contains(@id ,\"btnDeleteRequest\")]"}
COMMAND: POST /session/11d9dd1dff2e8474394cea312909913e/element - {"using":"xpath","value":"(//span[contains(text(), \"Draft\")])[1]"}
RESULT: {"using":"xpath","value":"(//span[contains(text(), \"Draft\")])[1]"}
COMMAND: POST /session/11d9dd1dff2e8474394cea312909913e/element/f.09F09CB41D560B0063FAD190E33335F4.d.FED99F759C7DBC2EB85439C87F26BAA5.e.7928/click - {}
RESULT: {}
COMMAND: GET /session/11d9dd1dff2e8474394cea312909913e/screenshot - {}
RESULT: {}
COMMAND: POST /session/11d9dd1dff2e8474394cea312909913e/element - {"using":"xpath","value":"//button[contains(@id ,\"btnDeleteRequest\")]"}
RESULT: {"using":"xpath","value":"//button[contains(@id ,\"btnDeleteRequest\")]"}
COMMAND: POST /session/11d9dd1dff2e8474394cea312909913e/execute/sync - {"script":"<script> [8489 bytes]","args":[{"element-6066-11e4-a52e-4f735466cecf":"f.09F09CB41D560B0063FAD190E33335F4.d.FED99F759C7DBC2EB85439C87F26BAA5.e.7961","ELEMENT":"f.09F09CB41D560B0063FAD190E33335F4.d.FED99F759C7DBC2EB85439C87F26BAA5.e.7961"}]}
RESULT: {"script":"<script> [8489 bytes]","args":[{"element-6066-11e4-a52e-4f735466cecf":"f.09F09CB41D560B0063FAD190E33335F4.d.FED99F759C7DBC2EB85439C87F26BAA5.e.7961","ELEMENT":"f.09F09CB41D560B0063FAD190E33335F4.d.FED99F759C7DBC2EB85439C87F26BAA5.e.7961"}]}
COMMAND: POST /session/11d9dd1dff2e8474394cea312909913e/element - {"using":"xpath","value":"(//span[contains(text(), \"Proposal\")])[1]"}
COMMAND: GET /session/11d9dd1dff2e8474394cea312909913e/screenshot - {}
RESULT: {"using":"xpath","value":"(//span[contains(text(), \"Proposal\")])[1]"}
COMMAND: POST /session/11d9dd1dff2e8474394cea312909913e/element/f.09F09CB41D560B0063FAD190E33335F4.d.FED99F759C7DBC2EB85439C87F26BAA5.e.8007/click - {}
RESULT: {}
RESULT: {}
COMMAND: GET /session/11d9dd1dff2e8474394cea312909913e/screenshot - {}
RESULT: {}
COMMAND: POST /session/11d9dd1dff2e8474394cea312909913e/execute/sync - {"script":"<script> [8489 bytes]","args":[{"element-6066-11e4-a52e-4f735466cecf":"f.09F09CB41D560B0063FAD190E33335F4.d.FED99F759C7DBC2EB85439C87F26BAA5.e.7961","ELEMENT":"f.09F09CB41D560B0063FAD190E33335F4.d.FED99F759C7DBC2EB85439C87F26BAA5.e.7961"}]}
RESULT: {"script":"<script> [8489 bytes]","args":[{"element-6066-11e4-a52e-4f735466cecf":"f.09F09CB41D560B0063FAD190E33335F4.d.FED99F759C7DBC2EB85439C87F26BAA5.e.7961","ELEMENT":"f.09F09CB41D560B0063FAD190E33335F4.d.FED99F759C7DBC2EB85439C87F26BAA5.e.7961"}]}
COMMAND: POST /session/11d9dd1dff2e8474394cea312909913e/element - {"using":"xpath","value":"//li[contains(@data-kt ,\"exitWebshopNavigationListItem\")]"}
COMMAND: GET /session/11d9dd1dff2e8474394cea312909913e/screenshot - {}
RESULT: {"using":"xpath","value":"//li[contains(@data-kt ,\"exitWebshopNavigationListItem\")]"}
COMMAND: POST /session/11d9dd1dff2e8474394cea312909913e/element/f.09F09CB41D560B0063FAD190E33335F4.d.FED99F759C7DBC2EB85439C87F26BAA5.e.8082/click - {}
RESULT: {}
RESULT: {}
COMMAND: GET /session/11d9dd1dff2e8474394cea312909913e/screenshot - {}
RESULT: {}
]]></system-out>
    </testcase>
  </testsuite>
  <testsuite timestamp="2025-05-29T16:29:28" time="253.766" tests="1" failures="0" errors="0" skipped="0">
    <properties>
      <property name="specId" value="0"/>
      <property name="suiteName" value="Webshop edit draft change dates pickup and delete items  US151281"/>
      <property name="capabilities" value="chrome.136_0_7103_93.windows"/>
      <property name="file" value="file:///D:/a/1/s/test/specs/R2C/webshop-edit-draft-dates-pickup-delete-items.spec.js"/>
    </properties>
    <testcase classname="chrome.136_0_7103_93.windows.Webshop_edit_draft_change_dates_pickup_and_delete_items__US151281" name="Should create a new draft and add the catalog items" time="253.761">
      <system-out><![CDATA[
RESULT: undefined
COMMAND: POST /session/11d9dd1dff2e8474394cea312909913e/element - {"using":"xpath","value":"//*[@id=\"__tile49\"]"}
RESULT: {"using":"xpath","value":"//*[@id=\"__tile49\"]"}
COMMAND: POST /session/11d9dd1dff2e8474394cea312909913e/element/f.09F09CB41D560B0063FAD190E33335F4.d.FED99F759C7DBC2EB85439C87F26BAA5.e.2931/click - {}
RESULT: {}
COMMAND: GET /session/11d9dd1dff2e8474394cea312909913e/screenshot - {}
RESULT: {}
COMMAND: POST /session/11d9dd1dff2e8474394cea312909913e/elements - {"using":"xpath","value":"//span[text()='Error']"}
RESULT: {"using":"xpath","value":"//span[text()='Error']"}
COMMAND: POST /session/11d9dd1dff2e8474394cea312909913e/element - {"using":"css selector","value":"#requestCreationDialog--createRequestPopUp-title-inner"}
RESULT: {"using":"css selector","value":"#requestCreationDialog--createRequestPopUp-title-inner"}
COMMAND: POST /session/11d9dd1dff2e8474394cea312909913e/execute/sync - {"script":"<script> [8489 bytes]","args":[{"element-6066-11e4-a52e-4f735466cecf":"f.09F09CB41D560B0063FAD190E33335F4.d.FED99F759C7DBC2EB85439C87F26BAA5.e.8131","ELEMENT":"f.09F09CB41D560B0063FAD190E33335F4.d.FED99F759C7DBC2EB85439C87F26BAA5.e.8131"}]}
RESULT: {"script":"<script> [8489 bytes]","args":[{"element-6066-11e4-a52e-4f735466cecf":"f.09F09CB41D560B0063FAD190E33335F4.d.FED99F759C7DBC2EB85439C87F26BAA5.e.8131","ELEMENT":"f.09F09CB41D560B0063FAD190E33335F4.d.FED99F759C7DBC2EB85439C87F26BAA5.e.8131"}]}
COMMAND: GET /session/11d9dd1dff2e8474394cea312909913e/element/f.09F09CB41D560B0063FAD190E33335F4.d.FED99F759C7DBC2EB85439C87F26BAA5.e.8131/enabled - {}
COMMAND: GET /session/11d9dd1dff2e8474394cea312909913e/screenshot - {}
RESULT: {}
RESULT: undefined
COMMAND: POST /session/11d9dd1dff2e8474394cea312909913e/execute/async - {"script":"<script> [776 bytes]","args":[{"enterText":"WebdriverTest","selector":{"id":"requestCreationDialog--requestName","searchOpenDialogs":true,"interaction":{"idSuffix":"inner"}},"clearTextFirst":true,"interactionType":"ENTER_TEXT"}]}
COMMAND: GET /session/11d9dd1dff2e8474394cea312909913e/screenshot - {}
RESULT: {}
RESULT: {"script":"<script> [776 bytes]","args":[{"enterText":"WebdriverTest","selector":{"id":"requestCreationDialog--requestName","searchOpenDialogs":true,"interaction":{"idSuffix":"inner"}},"clearTextFirst":true,"interactionType":"ENTER_TEXT"}]}
COMMAND: POST /session/11d9dd1dff2e8474394cea312909913e/element - {"using":"xpath","value":"//input[contains(@id ,\"requestCreationDialog--contract-inner\")]"}
RESULT: {}
RESULT: {"using":"xpath","value":"//input[contains(@id ,\"requestCreationDialog--contract-inner\")]"}
COMMAND: POST /session/11d9dd1dff2e8474394cea312909913e/element/f.09F09CB41D560B0063FAD190E33335F4.d.FED99F759C7DBC2EB85439C87F26BAA5.e.8117/clear - {}
RESULT: {}
COMMAND: POST /session/11d9dd1dff2e8474394cea312909913e/element/f.09F09CB41D560B0063FAD190E33335F4.d.FED99F759C7DBC2EB85439C87F26BAA5.e.8117/value - {"text":"10373"}
COMMAND: GET /session/11d9dd1dff2e8474394cea312909913e/screenshot - {}
RESULT: {"text":"10373"}
COMMAND: GET /session/11d9dd1dff2e8474394cea312909913e/screenshot - {}
RESULT: {}
RESULT: {}
COMMAND: POST /session/11d9dd1dff2e8474394cea312909913e/actions - {"actions":[{"id":"action16","type":"key","parameters":{},"actions":[{"type":"keyDown","value":""},{"type":"pause","duration":10},{"type":"keyUp","value":""}]}]}
RESULT: {"actions":[{"id":"action16","type":"key","parameters":{},"actions":[{"type":"keyDown","value":""},{"type":"pause","duration":10},{"type":"keyUp","value":""}]}]}
COMMAND: GET /session/11d9dd1dff2e8474394cea312909913e/screenshot - {}
RESULT: {}
COMMAND: POST /session/11d9dd1dff2e8474394cea312909913e/element - {"using":"xpath","value":"//input[contains(@id ,\"requestCreationDialog--contract-inner\")]"}
RESULT: {"using":"xpath","value":"//input[contains(@id ,\"requestCreationDialog--contract-inner\")]"}
COMMAND: GET /session/11d9dd1dff2e8474394cea312909913e/element/f.09F09CB41D560B0063FAD190E33335F4.d.FED99F759C7DBC2EB85439C87F26BAA5.e.8117/property/value - {}
RESULT: {}
COMMAND: POST /session/11d9dd1dff2e8474394cea312909913e/element - {"using":"xpath","value":"//input[contains(@id ,\"requestCreationDialog--contract-inner\")]"}
COMMAND: GET /session/11d9dd1dff2e8474394cea312909913e/screenshot - {}
RESULT: {"using":"xpath","value":"//input[contains(@id ,\"requestCreationDialog--contract-inner\")]"}
RESULT: undefined
COMMAND: POST /session/11d9dd1dff2e8474394cea312909913e/element - {"using":"xpath","value":"//*[@id=\"requestCreationDialog--okButton\"]"}
RESULT: {}
RESULT: {"using":"xpath","value":"//*[@id=\"requestCreationDialog--okButton\"]"}
COMMAND: POST /session/11d9dd1dff2e8474394cea312909913e/element/f.09F09CB41D560B0063FAD190E33335F4.d.FED99F759C7DBC2EB85439C87F26BAA5.e.8138/click - {}
RESULT: {}
COMMAND: GET /session/11d9dd1dff2e8474394cea312909913e/screenshot - {}
RESULT: {}
COMMAND: POST /session/11d9dd1dff2e8474394cea312909913e/element - {"using":"xpath","value":"//input[contains(@id ,\"searchFiledId-I\")]"}
RESULT: {"using":"xpath","value":"//input[contains(@id ,\"searchFiledId-I\")]"}
COMMAND: POST /session/11d9dd1dff2e8474394cea312909913e/element/f.09F09CB41D560B0063FAD190E33335F4.d.FED99F759C7DBC2EB85439C87F26BAA5.e.8086/value - {"text":"Dri-Prime CD150M Diesel Pump"}
RESULT: {"text":"Dri-Prime CD150M Diesel Pump"}
COMMAND: POST /session/11d9dd1dff2e8474394cea312909913e/actions - {"actions":[{"id":"action17","type":"key","parameters":{},"actions":[{"type":"keyDown","value":""},{"type":"pause","duration":10},{"type":"keyUp","value":""}]}]}
COMMAND: GET /session/11d9dd1dff2e8474394cea312909913e/screenshot - {}
RESULT: {"actions":[{"id":"action17","type":"key","parameters":{},"actions":[{"type":"keyDown","value":""},{"type":"pause","duration":10},{"type":"keyUp","value":""}]}]}
COMMAND: GET /session/11d9dd1dff2e8474394cea312909913e/screenshot - {}
RESULT: {}
RESULT: {}
COMMAND: POST /session/11d9dd1dff2e8474394cea312909913e/element - {"using":"xpath","value":"//span[contains(@id ,\"subTitle\")][contains(text(), \"Dri-Prime CD150M Diesel Pump\")]"}
RESULT: {"using":"xpath","value":"//span[contains(@id ,\"subTitle\")][contains(text(), \"Dri-Prime CD150M Diesel Pump\")]"}
COMMAND: POST /session/11d9dd1dff2e8474394cea312909913e/element/f.09F09CB41D560B0063FAD190E33335F4.d.FED99F759C7DBC2EB85439C87F26BAA5.e.8143/click - {}
RESULT: {}
COMMAND: GET /session/11d9dd1dff2e8474394cea312909913e/screenshot - {}
RESULT: {}
COMMAND: POST /session/11d9dd1dff2e8474394cea312909913e/element - {"using":"xpath","value":"//bdi[contains(text(), \"Add to Request\")]"}
RESULT: {"using":"xpath","value":"//bdi[contains(text(), \"Add to Request\")]"}
COMMAND: POST /session/11d9dd1dff2e8474394cea312909913e/element/f.09F09CB41D560B0063FAD190E33335F4.d.FED99F759C7DBC2EB85439C87F26BAA5.e.8155/click - {}
RESULT: {}
COMMAND: GET /session/11d9dd1dff2e8474394cea312909913e/screenshot - {}
RESULT: {}
COMMAND: POST /session/11d9dd1dff2e8474394cea312909913e/element/f.09F09CB41D560B0063FAD190E33335F4.d.FED99F759C7DBC2EB85439C87F26BAA5.e.8155/click - {}
RESULT: {}
COMMAND: GET /session/11d9dd1dff2e8474394cea312909913e/screenshot - {}
RESULT: {}
COMMAND: POST /session/11d9dd1dff2e8474394cea312909913e/element - {"using":"xpath","value":"//*[contains(@id ,\"activeCartId-BDI-content\")]"}
RESULT: {"using":"xpath","value":"//*[contains(@id ,\"activeCartId-BDI-content\")]"}
COMMAND: POST /session/11d9dd1dff2e8474394cea312909913e/element/f.09F09CB41D560B0063FAD190E33335F4.d.FED99F759C7DBC2EB85439C87F26BAA5.e.8165/click - {}
RESULT: {}
COMMAND: GET /session/11d9dd1dff2e8474394cea312909913e/screenshot - {}
RESULT: {}
COMMAND: POST /session/11d9dd1dff2e8474394cea312909913e/element - {"using":"xpath","value":"//bdi[contains(text(), \"Check out my request\")]"}
RESULT: {"using":"xpath","value":"//bdi[contains(text(), \"Check out my request\")]"}
COMMAND: POST /session/11d9dd1dff2e8474394cea312909913e/element/f.09F09CB41D560B0063FAD190E33335F4.d.FED99F759C7DBC2EB85439C87F26BAA5.e.8167/click - {}
RESULT: {}
COMMAND: GET /session/11d9dd1dff2e8474394cea312909913e/screenshot - {}
RESULT: {}
COMMAND: POST /session/11d9dd1dff2e8474394cea312909913e/element - {"using":"xpath","value":"//div[contains(@data-kt ,\"characteristicsObjectStatus\")]"}
RESULT: {"using":"xpath","value":"//div[contains(@data-kt ,\"characteristicsObjectStatus\")]"}
COMMAND: POST /session/11d9dd1dff2e8474394cea312909913e/element/f.09F09CB41D560B0063FAD190E33335F4.d.FED99F759C7DBC2EB85439C87F26BAA5.e.8186/click - {}
RESULT: {}
COMMAND: GET /session/11d9dd1dff2e8474394cea312909913e/screenshot - {}
RESULT: {}
COMMAND: POST /session/11d9dd1dff2e8474394cea312909913e/element - {"using":"xpath","value":"//input[contains(@id ,\"costObjectAdminTypeComboBox-inner\")]"}
RESULT: {"using":"xpath","value":"//input[contains(@id ,\"costObjectAdminTypeComboBox-inner\")]"}
COMMAND: POST /session/11d9dd1dff2e8474394cea312909913e/element/f.09F09CB41D560B0063FAD190E33335F4.d.FED99F759C7DBC2EB85439C87F26BAA5.e.8188/clear - {}
RESULT: {}
COMMAND: POST /session/11d9dd1dff2e8474394cea312909913e/element/f.09F09CB41D560B0063FAD190E33335F4.d.FED99F759C7DBC2EB85439C87F26BAA5.e.8188/value - {"text":"Cost Center"}
COMMAND: GET /session/11d9dd1dff2e8474394cea312909913e/screenshot - {}
RESULT: {"text":"Cost Center"}
COMMAND: GET /session/11d9dd1dff2e8474394cea312909913e/screenshot - {}
RESULT: {}
RESULT: {}
COMMAND: POST /session/11d9dd1dff2e8474394cea312909913e/actions - {"actions":[{"id":"action18","type":"key","parameters":{},"actions":[{"type":"keyDown","value":""},{"type":"pause","duration":10},{"type":"keyUp","value":""}]}]}
RESULT: {"actions":[{"id":"action18","type":"key","parameters":{},"actions":[{"type":"keyDown","value":""},{"type":"pause","duration":10},{"type":"keyUp","value":""}]}]}
COMMAND: GET /session/11d9dd1dff2e8474394cea312909913e/screenshot - {}
RESULT: {}
COMMAND: POST /session/11d9dd1dff2e8474394cea312909913e/element - {"using":"xpath","value":"//input[contains(@id ,\"costObjectIdComboBox-inner\")]"}
RESULT: {"using":"xpath","value":"//input[contains(@id ,\"costObjectIdComboBox-inner\")]"}
COMMAND: POST /session/11d9dd1dff2e8474394cea312909913e/element/f.09F09CB41D560B0063FAD190E33335F4.d.FED99F759C7DBC2EB85439C87F26BAA5.e.8198/clear - {}
RESULT: {}
COMMAND: POST /session/11d9dd1dff2e8474394cea312909913e/element/f.09F09CB41D560B0063FAD190E33335F4.d.FED99F759C7DBC2EB85439C87F26BAA5.e.8198/value - {"text":"Vigra"}
COMMAND: GET /session/11d9dd1dff2e8474394cea312909913e/screenshot - {}
RESULT: {"text":"Vigra"}
COMMAND: GET /session/11d9dd1dff2e8474394cea312909913e/screenshot - {}
RESULT: {}
RESULT: {}
COMMAND: POST /session/11d9dd1dff2e8474394cea312909913e/actions - {"actions":[{"id":"action19","type":"key","parameters":{},"actions":[{"type":"keyDown","value":""},{"type":"pause","duration":10},{"type":"keyUp","value":""}]}]}
RESULT: {"actions":[{"id":"action19","type":"key","parameters":{},"actions":[{"type":"keyDown","value":""},{"type":"pause","duration":10},{"type":"keyUp","value":""}]}]}
COMMAND: GET /session/11d9dd1dff2e8474394cea312909913e/screenshot - {}
RESULT: {}
COMMAND: POST /session/11d9dd1dff2e8474394cea312909913e/element - {"using":"xpath","value":"//bdi[contains(text(), \"Save\")]"}
RESULT: {"using":"xpath","value":"//bdi[contains(text(), \"Save\")]"}
COMMAND: POST /session/11d9dd1dff2e8474394cea312909913e/element/f.09F09CB41D560B0063FAD190E33335F4.d.FED99F759C7DBC2EB85439C87F26BAA5.e.8203/click - {}
RESULT: {}
COMMAND: GET /session/11d9dd1dff2e8474394cea312909913e/screenshot - {}
RESULT: {}
COMMAND: POST /session/11d9dd1dff2e8474394cea312909913e/element - {"using":"xpath","value":"(//div[contains(@data-kt ,\"characteristicsObjectStatus\")])[2]"}
RESULT: {"using":"xpath","value":"(//div[contains(@data-kt ,\"characteristicsObjectStatus\")])[2]"}
COMMAND: POST /session/11d9dd1dff2e8474394cea312909913e/element/f.09F09CB41D560B0063FAD190E33335F4.d.FED99F759C7DBC2EB85439C87F26BAA5.e.8224/click - {}
RESULT: {}
COMMAND: GET /session/11d9dd1dff2e8474394cea312909913e/screenshot - {}
RESULT: {}
COMMAND: POST /session/11d9dd1dff2e8474394cea312909913e/element - {"using":"xpath","value":"//input[contains(@id ,\"costObjectAdminTypeComboBox-inner\")]"}
RESULT: {"using":"xpath","value":"//input[contains(@id ,\"costObjectAdminTypeComboBox-inner\")]"}
COMMAND: POST /session/11d9dd1dff2e8474394cea312909913e/element/f.09F09CB41D560B0063FAD190E33335F4.d.FED99F759C7DBC2EB85439C87F26BAA5.e.8225/clear - {}
RESULT: {}
COMMAND: POST /session/11d9dd1dff2e8474394cea312909913e/element/f.09F09CB41D560B0063FAD190E33335F4.d.FED99F759C7DBC2EB85439C87F26BAA5.e.8225/value - {"text":"Cost Center"}
COMMAND: GET /session/11d9dd1dff2e8474394cea312909913e/screenshot - {}
RESULT: {"text":"Cost Center"}
COMMAND: GET /session/11d9dd1dff2e8474394cea312909913e/screenshot - {}
RESULT: {}
RESULT: {}
COMMAND: POST /session/11d9dd1dff2e8474394cea312909913e/actions - {"actions":[{"id":"action20","type":"key","parameters":{},"actions":[{"type":"keyDown","value":""},{"type":"pause","duration":10},{"type":"keyUp","value":""}]}]}
RESULT: {"actions":[{"id":"action20","type":"key","parameters":{},"actions":[{"type":"keyDown","value":""},{"type":"pause","duration":10},{"type":"keyUp","value":""}]}]}
COMMAND: GET /session/11d9dd1dff2e8474394cea312909913e/screenshot - {}
RESULT: {}
COMMAND: POST /session/11d9dd1dff2e8474394cea312909913e/element - {"using":"xpath","value":"//input[contains(@id ,\"costObjectIdComboBox-inner\")]"}
RESULT: {"using":"xpath","value":"//input[contains(@id ,\"costObjectIdComboBox-inner\")]"}
COMMAND: POST /session/11d9dd1dff2e8474394cea312909913e/element/f.09F09CB41D560B0063FAD190E33335F4.d.FED99F759C7DBC2EB85439C87F26BAA5.e.8235/clear - {}
RESULT: {}
COMMAND: POST /session/11d9dd1dff2e8474394cea312909913e/element/f.09F09CB41D560B0063FAD190E33335F4.d.FED99F759C7DBC2EB85439C87F26BAA5.e.8235/value - {"text":"Vigra"}
COMMAND: GET /session/11d9dd1dff2e8474394cea312909913e/screenshot - {}
RESULT: {"text":"Vigra"}
COMMAND: GET /session/11d9dd1dff2e8474394cea312909913e/screenshot - {}
RESULT: {}
RESULT: {}
COMMAND: POST /session/11d9dd1dff2e8474394cea312909913e/actions - {"actions":[{"id":"action21","type":"key","parameters":{},"actions":[{"type":"keyDown","value":""},{"type":"pause","duration":10},{"type":"keyUp","value":""}]}]}
RESULT: {"actions":[{"id":"action21","type":"key","parameters":{},"actions":[{"type":"keyDown","value":""},{"type":"pause","duration":10},{"type":"keyUp","value":""}]}]}
COMMAND: GET /session/11d9dd1dff2e8474394cea312909913e/screenshot - {}
RESULT: {}
COMMAND: POST /session/11d9dd1dff2e8474394cea312909913e/element - {"using":"xpath","value":"//bdi[contains(text(), \"Save\")]"}
RESULT: {"using":"xpath","value":"//bdi[contains(text(), \"Save\")]"}
COMMAND: POST /session/11d9dd1dff2e8474394cea312909913e/element/f.09F09CB41D560B0063FAD190E33335F4.d.FED99F759C7DBC2EB85439C87F26BAA5.e.8240/click - {}
RESULT: {}
COMMAND: GET /session/11d9dd1dff2e8474394cea312909913e/screenshot - {}
RESULT: {}
COMMAND: POST /session/11d9dd1dff2e8474394cea312909913e/element - {"using":"xpath","value":"(//header/div[1]/div[3]/div/span)[1]"}
RESULT: {"using":"xpath","value":"(//header/div[1]/div[3]/div/span)[1]"}
COMMAND: POST /session/11d9dd1dff2e8474394cea312909913e/execute/sync - {"script":"<script> [149 bytes]","args":[{"element-6066-11e4-a52e-4f735466cecf":"f.09F09CB41D560B0063FAD190E33335F4.d.FED99F759C7DBC2EB85439C87F26BAA5.e.8244","ELEMENT":"f.09F09CB41D560B0063FAD190E33335F4.d.FED99F759C7DBC2EB85439C87F26BAA5.e.8244"},false]}
RESULT: {"script":"<script> [149 bytes]","args":[{"element-6066-11e4-a52e-4f735466cecf":"f.09F09CB41D560B0063FAD190E33335F4.d.FED99F759C7DBC2EB85439C87F26BAA5.e.8244","ELEMENT":"f.09F09CB41D560B0063FAD190E33335F4.d.FED99F759C7DBC2EB85439C87F26BAA5.e.8244"},false]}
COMMAND: POST /session/11d9dd1dff2e8474394cea312909913e/execute/async - {"script":"<script> [1562 bytes]","args":[{"selector":{"id":"pickUpSwitchHeader","viewName":"etm.portal.ui.webshop.view.RequestDetail","interaction":{"idSuffix":"textoff"}},"wdio_ui5_key":"pickUpSwitchHeaderetmportal.ui.webshop.view.RequestDetail"}]}
COMMAND: GET /session/11d9dd1dff2e8474394cea312909913e/screenshot - {}
RESULT: {"script":"<script> [1562 bytes]","args":[{"selector":{"id":"pickUpSwitchHeader","viewName":"etm.portal.ui.webshop.view.RequestDetail","interaction":{"idSuffix":"textoff"}},"wdio_ui5_key":"pickUpSwitchHeaderetmportal.ui.webshop.view.RequestDetail"}]}
RESULT: undefined
COMMAND: POST /session/11d9dd1dff2e8474394cea312909913e/element - {"using":"xpath","value":"//*[@id=\"__xmlview76--pickUpSwitchHeader\"]"}
RESULT: {}
RESULT: {"using":"xpath","value":"//*[@id=\"__xmlview76--pickUpSwitchHeader\"]"}
COMMAND: POST /session/11d9dd1dff2e8474394cea312909913e/element/f.09F09CB41D560B0063FAD190E33335F4.d.FED99F759C7DBC2EB85439C87F26BAA5.e.8246/click - {}
RESULT: {}
COMMAND: GET /session/11d9dd1dff2e8474394cea312909913e/screenshot - {}
RESULT: {}
COMMAND: POST /session/11d9dd1dff2e8474394cea312909913e/execute/async - {"script":"<script> [1562 bytes]","args":[{"selector":{"controlType":"sap.m.Button","viewName":"etm.portal.ui.webshop.view.RequestDetail","bindingPath":{"path":"/RequestItems(REQUEST='20168',ITEM=10m)","propertyPath":"STATUS"}},"wdio_ui5_key":"etmportal.ui.webshop.view.RequestDetailsap.m.Button{\"path\":\"/RequestItems(REQUEST='20168',ITEM=10m)\",\"propertyPath\":\"STATUS\"}"}]}
RESULT: {"script":"<script> [1562 bytes]","args":[{"selector":{"controlType":"sap.m.Button","viewName":"etm.portal.ui.webshop.view.RequestDetail","bindingPath":{"path":"/RequestItems(REQUEST='20168',ITEM=10m)","propertyPath":"STATUS"}},"wdio_ui5_key":"etmportal.ui.webshop.view.RequestDetailsap.m.Button{\"path\":\"/RequestItems(REQUEST='20168',ITEM=10m)\",\"propertyPath\":\"STATUS\"}"}]}
RESULT: undefined
COMMAND: POST /session/11d9dd1dff2e8474394cea312909913e/execute/async - {"script":"<script> [6424 bytes]","args":[{"element-6066-11e4-a52e-4f735466cecf":"f.09F09CB41D560B0063FAD190E33335F4.d.FED99F759C7DBC2EB85439C87F26BAA5.e.8250"},"getType",[]]}
RESULT: {"script":"<script> [6424 bytes]","args":[{"element-6066-11e4-a52e-4f735466cecf":"f.09F09CB41D560B0063FAD190E33335F4.d.FED99F759C7DBC2EB85439C87F26BAA5.e.8250"},"getType",[]]}
COMMAND: POST /session/11d9dd1dff2e8474394cea312909913e/execute/async - {"script":"<script> [1562 bytes]","args":[{"selector":{"controlType":"sap.m.Button","viewName":"etm.portal.ui.webshop.view.RequestDetail","bindingPath":{"path":"/RequestItems(REQUEST='20168',ITEM=20m)","propertyPath":"STATUS"}},"wdio_ui5_key":"etmportal.ui.webshop.view.RequestDetailsap.m.Button{\"path\":\"/RequestItems(REQUEST='20168',ITEM=20m)\",\"propertyPath\":\"STATUS\"}"}]}
RESULT: {"script":"<script> [1562 bytes]","args":[{"selector":{"controlType":"sap.m.Button","viewName":"etm.portal.ui.webshop.view.RequestDetail","bindingPath":{"path":"/RequestItems(REQUEST='20168',ITEM=20m)","propertyPath":"STATUS"}},"wdio_ui5_key":"etmportal.ui.webshop.view.RequestDetailsap.m.Button{\"path\":\"/RequestItems(REQUEST='20168',ITEM=20m)\",\"propertyPath\":\"STATUS\"}"}]}
RESULT: undefined
COMMAND: POST /session/11d9dd1dff2e8474394cea312909913e/execute/async - {"script":"<script> [6424 bytes]","args":[{"element-6066-11e4-a52e-4f735466cecf":"f.09F09CB41D560B0063FAD190E33335F4.d.FED99F759C7DBC2EB85439C87F26BAA5.e.8251"},"getType",[]]}
RESULT: {"script":"<script> [6424 bytes]","args":[{"element-6066-11e4-a52e-4f735466cecf":"f.09F09CB41D560B0063FAD190E33335F4.d.FED99F759C7DBC2EB85439C87F26BAA5.e.8251"},"getType",[]]}
RESULT: undefined
COMMAND: POST /session/11d9dd1dff2e8474394cea312909913e/element - {"using":"xpath","value":"//*[@id=\"__xmlview76--pickUpItemButton-__clone25683\"]"}
RESULT: {"using":"xpath","value":"//*[@id=\"__xmlview76--pickUpItemButton-__clone25683\"]"}
COMMAND: POST /session/11d9dd1dff2e8474394cea312909913e/element/f.09F09CB41D560B0063FAD190E33335F4.d.FED99F759C7DBC2EB85439C87F26BAA5.e.8250/click - {}
RESULT: {}
COMMAND: GET /session/11d9dd1dff2e8474394cea312909913e/screenshot - {}
RESULT: {}
COMMAND: POST /session/11d9dd1dff2e8474394cea312909913e/element - {"using":"xpath","value":"//span[contains(@class ,\"sapMBtnInner sapMBtnHoverable sapMFocusable sapMBtnText sapMBtnDefault\")][contains(@id ,\"pickUpItemButton\")]"}
RESULT: {"using":"xpath","value":"//span[contains(@class ,\"sapMBtnInner sapMBtnHoverable sapMFocusable sapMBtnText sapMBtnDefault\")][contains(@id ,\"pickUpItemButton\")]"}
COMMAND: POST /session/11d9dd1dff2e8474394cea312909913e/execute/sync - {"script":"<script> [8489 bytes]","args":[{"element-6066-11e4-a52e-4f735466cecf":"f.09F09CB41D560B0063FAD190E33335F4.d.FED99F759C7DBC2EB85439C87F26BAA5.e.8252","ELEMENT":"f.09F09CB41D560B0063FAD190E33335F4.d.FED99F759C7DBC2EB85439C87F26BAA5.e.8252"}]}
RESULT: undefined
COMMAND: POST /session/11d9dd1dff2e8474394cea312909913e/execute/async - {"script":"<script> [6424 bytes]","args":[{"element-6066-11e4-a52e-4f735466cecf":"f.09F09CB41D560B0063FAD190E33335F4.d.FED99F759C7DBC2EB85439C87F26BAA5.e.8245"},"getState",[]]}
RESULT: {"script":"<script> [8489 bytes]","args":[{"element-6066-11e4-a52e-4f735466cecf":"f.09F09CB41D560B0063FAD190E33335F4.d.FED99F759C7DBC2EB85439C87F26BAA5.e.8252","ELEMENT":"f.09F09CB41D560B0063FAD190E33335F4.d.FED99F759C7DBC2EB85439C87F26BAA5.e.8252"}]}
COMMAND: GET /session/11d9dd1dff2e8474394cea312909913e/screenshot - {}
RESULT: {"script":"<script> [6424 bytes]","args":[{"element-6066-11e4-a52e-4f735466cecf":"f.09F09CB41D560B0063FAD190E33335F4.d.FED99F759C7DBC2EB85439C87F26BAA5.e.8245"},"getState",[]]}
COMMAND: POST /session/11d9dd1dff2e8474394cea312909913e/execute/async - {"script":"<script> [1562 bytes]","args":[{"selector":{"id":"editRequest","viewName":"etm.portal.ui.webshop.view.RequestDetail","interaction":{"idSuffix":"BDI-content"}},"wdio_ui5_key":"editRequestetmportal.ui.webshop.view.RequestDetail"}]}
COMMAND: POST /session/11d9dd1dff2e8474394cea312909913e/execute/sync - {"script":"<script> [8489 bytes]","args":[{"element-6066-11e4-a52e-4f735466cecf":"f.09F09CB41D560B0063FAD190E33335F4.d.FED99F759C7DBC2EB85439C87F26BAA5.e.8252","ELEMENT":"f.09F09CB41D560B0063FAD190E33335F4.d.FED99F759C7DBC2EB85439C87F26BAA5.e.8252"}]}
RESULT: {}
RESULT: {"script":"<script> [1562 bytes]","args":[{"selector":{"id":"editRequest","viewName":"etm.portal.ui.webshop.view.RequestDetail","interaction":{"idSuffix":"BDI-content"}},"wdio_ui5_key":"editRequestetmportal.ui.webshop.view.RequestDetail"}]}
RESULT: undefined
COMMAND: POST /session/11d9dd1dff2e8474394cea312909913e/element - {"using":"xpath","value":"//*[@id=\"__xmlview76--editRequest\"]"}
RESULT: {"script":"<script> [8489 bytes]","args":[{"element-6066-11e4-a52e-4f735466cecf":"f.09F09CB41D560B0063FAD190E33335F4.d.FED99F759C7DBC2EB85439C87F26BAA5.e.8252","ELEMENT":"f.09F09CB41D560B0063FAD190E33335F4.d.FED99F759C7DBC2EB85439C87F26BAA5.e.8252"}]}
COMMAND: GET /session/11d9dd1dff2e8474394cea312909913e/screenshot - {}
RESULT: {"using":"xpath","value":"//*[@id=\"__xmlview76--editRequest\"]"}
COMMAND: POST /session/11d9dd1dff2e8474394cea312909913e/element/f.09F09CB41D560B0063FAD190E33335F4.d.FED99F759C7DBC2EB85439C87F26BAA5.e.8254/click - {}
RESULT: {}
RESULT: {}
COMMAND: GET /session/11d9dd1dff2e8474394cea312909913e/screenshot - {}
COMMAND: POST /session/11d9dd1dff2e8474394cea312909913e/execute/sync - {"script":"<script> [8489 bytes]","args":[{"element-6066-11e4-a52e-4f735466cecf":"f.09F09CB41D560B0063FAD190E33335F4.d.FED99F759C7DBC2EB85439C87F26BAA5.e.8252","ELEMENT":"f.09F09CB41D560B0063FAD190E33335F4.d.FED99F759C7DBC2EB85439C87F26BAA5.e.8252"}]}
RESULT: {}
RESULT: {"script":"<script> [8489 bytes]","args":[{"element-6066-11e4-a52e-4f735466cecf":"f.09F09CB41D560B0063FAD190E33335F4.d.FED99F759C7DBC2EB85439C87F26BAA5.e.8252","ELEMENT":"f.09F09CB41D560B0063FAD190E33335F4.d.FED99F759C7DBC2EB85439C87F26BAA5.e.8252"}]}
COMMAND: GET /session/11d9dd1dff2e8474394cea312909913e/screenshot - {}
COMMAND: POST /session/11d9dd1dff2e8474394cea312909913e/execute/sync - {"script":"<script> [8489 bytes]","args":[{"element-6066-11e4-a52e-4f735466cecf":"f.09F09CB41D560B0063FAD190E33335F4.d.FED99F759C7DBC2EB85439C87F26BAA5.e.8252","ELEMENT":"f.09F09CB41D560B0063FAD190E33335F4.d.FED99F759C7DBC2EB85439C87F26BAA5.e.8252"}]}
RESULT: {}
RESULT: {"script":"<script> [8489 bytes]","args":[{"element-6066-11e4-a52e-4f735466cecf":"f.09F09CB41D560B0063FAD190E33335F4.d.FED99F759C7DBC2EB85439C87F26BAA5.e.8252","ELEMENT":"f.09F09CB41D560B0063FAD190E33335F4.d.FED99F759C7DBC2EB85439C87F26BAA5.e.8252"}]}
COMMAND: GET /session/11d9dd1dff2e8474394cea312909913e/screenshot - {}
RESULT: {}
COMMAND: POST /session/11d9dd1dff2e8474394cea312909913e/execute/sync - {"script":"<script> [8489 bytes]","args":[{"element-6066-11e4-a52e-4f735466cecf":"f.09F09CB41D560B0063FAD190E33335F4.d.FED99F759C7DBC2EB85439C87F26BAA5.e.8252","ELEMENT":"f.09F09CB41D560B0063FAD190E33335F4.d.FED99F759C7DBC2EB85439C87F26BAA5.e.8252"}]}
RESULT: {"script":"<script> [8489 bytes]","args":[{"element-6066-11e4-a52e-4f735466cecf":"f.09F09CB41D560B0063FAD190E33335F4.d.FED99F759C7DBC2EB85439C87F26BAA5.e.8252","ELEMENT":"f.09F09CB41D560B0063FAD190E33335F4.d.FED99F759C7DBC2EB85439C87F26BAA5.e.8252"}]}
COMMAND: GET /session/11d9dd1dff2e8474394cea312909913e/screenshot - {}
RESULT: {}
COMMAND: POST /session/11d9dd1dff2e8474394cea312909913e/element - {"using":"xpath","value":"//input[contains(@id ,\"startDate\")]"}
RESULT: {"using":"xpath","value":"//input[contains(@id ,\"startDate\")]"}
COMMAND: POST /session/11d9dd1dff2e8474394cea312909913e/element/f.09F09CB41D560B0063FAD190E33335F4.d.FED99F759C7DBC2EB85439C87F26BAA5.e.8268/click - {}
RESULT: {}
COMMAND: POST /session/11d9dd1dff2e8474394cea312909913e/actions - {"actions":[{"id":"action22","type":"key","parameters":{},"actions":[{"type":"keyDown","value":""},{"type":"keyDown","value":"a"},{"type":"pause","duration":10},{"type":"keyUp","value":""},{"type":"keyUp","value":"a"}]}]}
COMMAND: GET /session/11d9dd1dff2e8474394cea312909913e/screenshot - {}
RESULT: {"actions":[{"id":"action22","type":"key","parameters":{},"actions":[{"type":"keyDown","value":""},{"type":"keyDown","value":"a"},{"type":"pause","duration":10},{"type":"keyUp","value":""},{"type":"keyUp","value":"a"}]}]}
COMMAND: POST /session/11d9dd1dff2e8474394cea312909913e/actions - {"actions":[{"id":"action23","type":"key","parameters":{},"actions":[{"type":"keyDown","value":""},{"type":"pause","duration":10},{"type":"keyUp","value":""}]}]}
COMMAND: GET /session/11d9dd1dff2e8474394cea312909913e/screenshot - {}
RESULT: {}
RESULT: {"actions":[{"id":"action23","type":"key","parameters":{},"actions":[{"type":"keyDown","value":""},{"type":"pause","duration":10},{"type":"keyUp","value":""}]}]}
COMMAND: GET /session/11d9dd1dff2e8474394cea312909913e/screenshot - {}
RESULT: {}
RESULT: {}
COMMAND: POST /session/11d9dd1dff2e8474394cea312909913e/element/f.09F09CB41D560B0063FAD190E33335F4.d.FED99F759C7DBC2EB85439C87F26BAA5.e.8268/clear - {}
RESULT: {}
COMMAND: POST /session/11d9dd1dff2e8474394cea312909913e/element/f.09F09CB41D560B0063FAD190E33335F4.d.FED99F759C7DBC2EB85439C87F26BAA5.e.8268/value - {"text":"6/5/25"}
COMMAND: GET /session/11d9dd1dff2e8474394cea312909913e/screenshot - {}
RESULT: {"text":"6/5/25"}
COMMAND: POST /session/11d9dd1dff2e8474394cea312909913e/actions - {"actions":[{"id":"action24","type":"key","parameters":{},"actions":[{"type":"keyDown","value":""},{"type":"pause","duration":10},{"type":"keyUp","value":""}]}]}
COMMAND: GET /session/11d9dd1dff2e8474394cea312909913e/screenshot - {}
RESULT: {}
RESULT: {"actions":[{"id":"action24","type":"key","parameters":{},"actions":[{"type":"keyDown","value":""},{"type":"pause","duration":10},{"type":"keyUp","value":""}]}]}
COMMAND: GET /session/11d9dd1dff2e8474394cea312909913e/screenshot - {}
RESULT: {}
RESULT: {}
COMMAND: POST /session/11d9dd1dff2e8474394cea312909913e/element - {"using":"xpath","value":"//input[contains(@id ,\"endDate\")]"}
RESULT: {"using":"xpath","value":"//input[contains(@id ,\"endDate\")]"}
COMMAND: GET /session/11d9dd1dff2e8474394cea312909913e/element/f.09F09CB41D560B0063FAD190E33335F4.d.FED99F759C7DBC2EB85439C87F26BAA5.e.8271/property/value - {}
RESULT: {}
COMMAND: POST /session/11d9dd1dff2e8474394cea312909913e/execute/async - {"script":"<script> [1562 bytes]","args":[{"selector":{"controlType":"sap.ui.core.Icon","viewName":"etm.portal.ui.webshop.view.RequestEdit","properties":{"src":{"regex":{"source":"action\\-settings"}}}},"wdio_ui5_key":"etmportal.ui.webshop.view.RequestEditsap.ui.core.Icon{\"src\":{\"regex\":{\"source\":\"action\\\\-settings\"}}}"}]}
COMMAND: GET /session/11d9dd1dff2e8474394cea312909913e/screenshot - {}
RESULT: {"script":"<script> [1562 bytes]","args":[{"selector":{"controlType":"sap.ui.core.Icon","viewName":"etm.portal.ui.webshop.view.RequestEdit","properties":{"src":{"regex":{"source":"action\\-settings"}}}},"wdio_ui5_key":"etmportal.ui.webshop.view.RequestEditsap.ui.core.Icon{\"src\":{\"regex\":{\"source\":\"action\\\\-settings\"}}}"}]}
RESULT: undefined
COMMAND: POST /session/11d9dd1dff2e8474394cea312909913e/element - {"using":"xpath","value":"//*[@id=\"__xmlview77--smartTable-btnPersonalisation-img\"]"}
RESULT: {}
RESULT: {"using":"xpath","value":"//*[@id=\"__xmlview77--smartTable-btnPersonalisation-img\"]"}
COMMAND: POST /session/11d9dd1dff2e8474394cea312909913e/element/f.09F09CB41D560B0063FAD190E33335F4.d.FED99F759C7DBC2EB85439C87F26BAA5.e.8300/click - {}
RESULT: {}
COMMAND: POST /session/11d9dd1dff2e8474394cea312909913e/element - {"using":"xpath","value":"//input[contains(@id ,\"searchField-I\")]"}
COMMAND: GET /session/11d9dd1dff2e8474394cea312909913e/screenshot - {}
RESULT: {"using":"xpath","value":"//input[contains(@id ,\"searchField-I\")]"}
COMMAND: POST /session/11d9dd1dff2e8474394cea312909913e/element/f.09F09CB41D560B0063FAD190E33335F4.d.FED99F759C7DBC2EB85439C87F26BAA5.e.8306/clear - {}
RESULT: {}
RESULT: {}
COMMAND: POST /session/11d9dd1dff2e8474394cea312909913e/element/f.09F09CB41D560B0063FAD190E33335F4.d.FED99F759C7DBC2EB85439C87F26BAA5.e.8306/value - {"text":"time"}
COMMAND: GET /session/11d9dd1dff2e8474394cea312909913e/screenshot - {}
RESULT: {"text":"time"}
COMMAND: GET /session/11d9dd1dff2e8474394cea312909913e/screenshot - {}
RESULT: {}
RESULT: {}
COMMAND: POST /session/11d9dd1dff2e8474394cea312909913e/element - {"using":"xpath","value":"//div[contains(@id ,\"innerSelectionPanelTable-sa-CbBg\")]"}
RESULT: {"using":"xpath","value":"//div[contains(@id ,\"innerSelectionPanelTable-sa-CbBg\")]"}
COMMAND: POST /session/11d9dd1dff2e8474394cea312909913e/element/f.09F09CB41D560B0063FAD190E33335F4.d.FED99F759C7DBC2EB85439C87F26BAA5.e.8328/click - {}
RESULT: {}
COMMAND: POST /session/11d9dd1dff2e8474394cea312909913e/element - {"using":"xpath","value":"//bdi[contains(text(), \"OK\")]"}
COMMAND: GET /session/11d9dd1dff2e8474394cea312909913e/screenshot - {}
RESULT: {"using":"xpath","value":"//bdi[contains(text(), \"OK\")]"}
COMMAND: POST /session/11d9dd1dff2e8474394cea312909913e/element/f.09F09CB41D560B0063FAD190E33335F4.d.FED99F759C7DBC2EB85439C87F26BAA5.e.8329/click - {}
RESULT: {}
RESULT: {}
COMMAND: GET /session/11d9dd1dff2e8474394cea312909913e/screenshot - {}
COMMAND: POST /session/11d9dd1dff2e8474394cea312909913e/execute/async - {"script":"<script> [1562 bytes]","args":[{"selector":{"controlType":"sap.m.CheckBox","viewName":"etm.portal.ui.webshop.view.RequestEdit","properties":{"editable":true},"ancestor":{"controlType":"sap.m.ColumnListItem","viewName":"etm.portal.ui.webshop.view.RequestEdit","bindingPath":{"path":"/RequestItems(REQUEST='20168',ITEM=10m)"},"ancestor":{"id":"customTable","viewName":"etm.portal.ui.webshop.view.RequestEdit"}},"interaction":{"idSuffix":"CbBg"}},"wdio_ui5_key":"etmportal.ui.webshop.view.RequestEditsap.m.CheckBox{\"editable\":true}{\"controlType\":\"sap.m.ColumnListItem\",\"viewName\":\"etm.portal.ui.webshop.view.RequestEdit\",\"bindingPath\":{\"path\":\"/RequestItems(REQUEST='20168',ITEM=10m)\"},\"ancestor\":{\"id\":\"customTable\",\"viewName\":\"etm.portal.ui.webshop.view.RequestEdit\"}}"}]}
RESULT: {}
RESULT: {"script":"<script> [1562 bytes]","args":[{"selector":{"controlType":"sap.m.CheckBox","viewName":"etm.portal.ui.webshop.view.RequestEdit","properties":{"editable":true},"ancestor":{"controlType":"sap.m.ColumnListItem","viewName":"etm.portal.ui.webshop.view.RequestEdit","bindingPath":{"path":"/RequestItems(REQUEST='20168',ITEM=10m)"},"ancestor":{"id":"customTable","viewName":"etm.portal.ui.webshop.view.RequestEdit"}},"interaction":{"idSuffix":"CbBg"}},"wdio_ui5_key":"etmportal.ui.webshop.view.RequestEditsap.m.CheckBox{\"editable\":true}{\"controlType\":\"sap.m.ColumnListItem\",\"viewName\":\"etm.portal.ui.webshop.view.RequestEdit\",\"bindingPath\":{\"path\":\"/RequestItems(REQUEST='20168',ITEM=10m)\"},\"ancestor\":{\"id\":\"customTable\",\"viewName\":\"etm.portal.ui.webshop.view.RequestEdit\"}}"}]}
RESULT: undefined
COMMAND: POST /session/11d9dd1dff2e8474394cea312909913e/element - {"using":"xpath","value":"//*[@id=\"__item4259-__clone26094-selectMulti\"]"}
RESULT: {"using":"xpath","value":"//*[@id=\"__item4259-__clone26094-selectMulti\"]"}
COMMAND: POST /session/11d9dd1dff2e8474394cea312909913e/element/f.09F09CB41D560B0063FAD190E33335F4.d.FED99F759C7DBC2EB85439C87F26BAA5.e.8368/click - {}
RESULT: {}
COMMAND: POST /session/11d9dd1dff2e8474394cea312909913e/execute/async - {"script":"<script> [1562 bytes]","args":[{"selector":{"controlType":"sap.m.Button","viewName":"etm.portal.ui.webshop.view.RequestEdit","i18NText":{"propertyName":"text","key":"update"},"interaction":{"idSuffix":"BDI-content"}},"wdio_ui5_key":"etmportal.ui.webshop.view.RequestEditsap.m.Button{\"propertyName\":\"text\",\"key\":\"update\"}"}]}
COMMAND: GET /session/11d9dd1dff2e8474394cea312909913e/screenshot - {}
RESULT: {"script":"<script> [1562 bytes]","args":[{"selector":{"controlType":"sap.m.Button","viewName":"etm.portal.ui.webshop.view.RequestEdit","i18NText":{"propertyName":"text","key":"update"},"interaction":{"idSuffix":"BDI-content"}},"wdio_ui5_key":"etmportal.ui.webshop.view.RequestEditsap.m.Button{\"propertyName\":\"text\",\"key\":\"update\"}"}]}
RESULT: undefined
COMMAND: POST /session/11d9dd1dff2e8474394cea312909913e/element - {"using":"xpath","value":"//*[@id=\"__button480\"]"}
RESULT: {}
RESULT: {"using":"xpath","value":"//*[@id=\"__button480\"]"}
COMMAND: POST /session/11d9dd1dff2e8474394cea312909913e/element/f.09F09CB41D560B0063FAD190E33335F4.d.FED99F759C7DBC2EB85439C87F26BAA5.e.8370/click - {}
RESULT: {}
COMMAND: POST /session/11d9dd1dff2e8474394cea312909913e/element - {"using":"xpath","value":"(//input[contains(@id ,\"startDateRI\")])[1]"}
COMMAND: GET /session/11d9dd1dff2e8474394cea312909913e/screenshot - {}
RESULT: {"using":"xpath","value":"(//input[contains(@id ,\"startDateRI\")])[1]"}
COMMAND: GET /session/11d9dd1dff2e8474394cea312909913e/element/f.09F09CB41D560B0063FAD190E33335F4.d.FED99F759C7DBC2EB85439C87F26BAA5.e.8357/property/value - {}
RESULT: {}
RESULT: {}
RESULT: undefined
COMMAND: POST /session/11d9dd1dff2e8474394cea312909913e/element - {"using":"xpath","value":"//*[@id=\"__item4259-__clone26094-selectMulti\"]"}
COMMAND: GET /session/11d9dd1dff2e8474394cea312909913e/screenshot - {}
RESULT: {"using":"xpath","value":"//*[@id=\"__item4259-__clone26094-selectMulti\"]"}
COMMAND: POST /session/11d9dd1dff2e8474394cea312909913e/element/f.09F09CB41D560B0063FAD190E33335F4.d.FED99F759C7DBC2EB85439C87F26BAA5.e.8368/click - {}
RESULT: {}
RESULT: {}
COMMAND: POST /session/11d9dd1dff2e8474394cea312909913e/execute/async - {"script":"<script> [1562 bytes]","args":[{"selector":{"controlType":"sap.m.CheckBox","viewName":"etm.portal.ui.webshop.view.RequestEdit","properties":{"editable":true},"ancestor":{"controlType":"sap.m.ColumnListItem","viewName":"etm.portal.ui.webshop.view.RequestEdit","bindingPath":{"path":"/RequestItems(REQUEST='20168',ITEM=20m)"},"ancestor":{"id":"customTable","viewName":"etm.portal.ui.webshop.view.RequestEdit"}},"interaction":{"idSuffix":"CbBg"}},"wdio_ui5_key":"etmportal.ui.webshop.view.RequestEditsap.m.CheckBox{\"editable\":true}{\"controlType\":\"sap.m.ColumnListItem\",\"viewName\":\"etm.portal.ui.webshop.view.RequestEdit\",\"bindingPath\":{\"path\":\"/RequestItems(REQUEST='20168',ITEM=20m)\"},\"ancestor\":{\"id\":\"customTable\",\"viewName\":\"etm.portal.ui.webshop.view.RequestEdit\"}}"}]}
COMMAND: GET /session/11d9dd1dff2e8474394cea312909913e/screenshot - {}
RESULT: {"script":"<script> [1562 bytes]","args":[{"selector":{"controlType":"sap.m.CheckBox","viewName":"etm.portal.ui.webshop.view.RequestEdit","properties":{"editable":true},"ancestor":{"controlType":"sap.m.ColumnListItem","viewName":"etm.portal.ui.webshop.view.RequestEdit","bindingPath":{"path":"/RequestItems(REQUEST='20168',ITEM=20m)"},"ancestor":{"id":"customTable","viewName":"etm.portal.ui.webshop.view.RequestEdit"}},"interaction":{"idSuffix":"CbBg"}},"wdio_ui5_key":"etmportal.ui.webshop.view.RequestEditsap.m.CheckBox{\"editable\":true}{\"controlType\":\"sap.m.ColumnListItem\",\"viewName\":\"etm.portal.ui.webshop.view.RequestEdit\",\"bindingPath\":{\"path\":\"/RequestItems(REQUEST='20168',ITEM=20m)\"},\"ancestor\":{\"id\":\"customTable\",\"viewName\":\"etm.portal.ui.webshop.view.RequestEdit\"}}"}]}
RESULT: undefined
COMMAND: POST /session/11d9dd1dff2e8474394cea312909913e/element - {"using":"xpath","value":"//*[@id=\"__item4259-__clone26095-selectMulti\"]"}
RESULT: {}
RESULT: {"using":"xpath","value":"//*[@id=\"__item4259-__clone26095-selectMulti\"]"}
COMMAND: POST /session/11d9dd1dff2e8474394cea312909913e/element/f.09F09CB41D560B0063FAD190E33335F4.d.FED99F759C7DBC2EB85439C87F26BAA5.e.8373/click - {}
RESULT: {}
COMMAND: POST /session/11d9dd1dff2e8474394cea312909913e/execute/async - {"script":"<script> [1562 bytes]","args":[{"selector":{"controlType":"sap.ui.core.Icon","viewName":"etm.portal.ui.webshop.view.RequestEdit","properties":{"src":{"regex":{"source":"delete"}}}},"wdio_ui5_key":"etmportal.ui.webshop.view.RequestEditsap.ui.core.Icon{\"src\":{\"regex\":{\"source\":\"delete\"}}}"}]}
COMMAND: GET /session/11d9dd1dff2e8474394cea312909913e/screenshot - {}
RESULT: {"script":"<script> [1562 bytes]","args":[{"selector":{"controlType":"sap.ui.core.Icon","viewName":"etm.portal.ui.webshop.view.RequestEdit","properties":{"src":{"regex":{"source":"delete"}}}},"wdio_ui5_key":"etmportal.ui.webshop.view.RequestEditsap.ui.core.Icon{\"src\":{\"regex\":{\"source\":\"delete\"}}}"}]}
RESULT: undefined
COMMAND: POST /session/11d9dd1dff2e8474394cea312909913e/element - {"using":"xpath","value":"//*[@id=\"__xmlview77--deleteItem-img\"]"}
RESULT: {}
RESULT: {"using":"xpath","value":"//*[@id=\"__xmlview77--deleteItem-img\"]"}
COMMAND: POST /session/11d9dd1dff2e8474394cea312909913e/element/f.09F09CB41D560B0063FAD190E33335F4.d.FED99F759C7DBC2EB85439C87F26BAA5.e.8374/click - {}
RESULT: {}
COMMAND: GET /session/11d9dd1dff2e8474394cea312909913e/screenshot - {}
RESULT: {}
COMMAND: POST /session/11d9dd1dff2e8474394cea312909913e/execute/async - {"script":"<script> [1562 bytes]","args":[{"selector":{"controlType":"sap.m.Button","properties":{"text":"OK"},"searchOpenDialogs":true,"interaction":{"idSuffix":"BDI-content"}},"wdio_ui5_key":"sapm.Button{\"text\":\"OK\"}"}]}
RESULT: {"script":"<script> [1562 bytes]","args":[{"selector":{"controlType":"sap.m.Button","properties":{"text":"OK"},"searchOpenDialogs":true,"interaction":{"idSuffix":"BDI-content"}},"wdio_ui5_key":"sapm.Button{\"text\":\"OK\"}"}]}
RESULT: undefined
COMMAND: POST /session/11d9dd1dff2e8474394cea312909913e/element - {"using":"xpath","value":"//*[@id=\"__mbox-btn-0\"]"}
RESULT: {"using":"xpath","value":"//*[@id=\"__mbox-btn-0\"]"}
COMMAND: POST /session/11d9dd1dff2e8474394cea312909913e/element/f.09F09CB41D560B0063FAD190E33335F4.d.FED99F759C7DBC2EB85439C87F26BAA5.e.8376/click - {}
RESULT: {}
COMMAND: GET /session/11d9dd1dff2e8474394cea312909913e/screenshot - {}
RESULT: {}
COMMAND: POST /session/11d9dd1dff2e8474394cea312909913e/execute/async - {"script":"<script> [1562 bytes]","args":[{"selector":{"id":"saveButtonId","viewName":"etm.portal.ui.webshop.view.RequestEdit","interaction":{"idSuffix":"BDI-content"}},"wdio_ui5_key":"saveButtonIdetmportal.ui.webshop.view.RequestEdit"}]}
RESULT: {"script":"<script> [1562 bytes]","args":[{"selector":{"id":"saveButtonId","viewName":"etm.portal.ui.webshop.view.RequestEdit","interaction":{"idSuffix":"BDI-content"}},"wdio_ui5_key":"saveButtonIdetmportal.ui.webshop.view.RequestEdit"}]}
RESULT: undefined
COMMAND: POST /session/11d9dd1dff2e8474394cea312909913e/element - {"using":"xpath","value":"//*[@id=\"__xmlview77--saveButtonId\"]"}
RESULT: {"using":"xpath","value":"//*[@id=\"__xmlview77--saveButtonId\"]"}
COMMAND: POST /session/11d9dd1dff2e8474394cea312909913e/element/f.09F09CB41D560B0063FAD190E33335F4.d.FED99F759C7DBC2EB85439C87F26BAA5.e.8384/click - {}
RESULT: {}
COMMAND: GET /session/11d9dd1dff2e8474394cea312909913e/screenshot - {}
RESULT: {}
COMMAND: POST /session/11d9dd1dff2e8474394cea312909913e/execute/async - {"script":"<script> [1562 bytes]","args":[{"selector":{"controlType":"sap.m.Title","viewName":"etm.portal.ui.webshop.view.RequestDetail","properties":{"text":"Items (1)"}},"wdio_ui5_key":"etmportal.ui.webshop.view.RequestDetailsap.m.Title{\"text\":\"Items (1)\"}"}]}
RESULT: {"script":"<script> [1562 bytes]","args":[{"selector":{"controlType":"sap.m.Title","viewName":"etm.portal.ui.webshop.view.RequestDetail","properties":{"text":"Items (1)"}},"wdio_ui5_key":"etmportal.ui.webshop.view.RequestDetailsap.m.Title{\"text\":\"Items (1)\"}"}]}
RESULT: undefined
COMMAND: POST /session/11d9dd1dff2e8474394cea312909913e/execute/async - {"script":"<script> [6424 bytes]","args":[{"element-6066-11e4-a52e-4f735466cecf":"f.09F09CB41D560B0063FAD190E33335F4.d.FED99F759C7DBC2EB85439C87F26BAA5.e.8408"},"getText",[]]}
RESULT: {"script":"<script> [6424 bytes]","args":[{"element-6066-11e4-a52e-4f735466cecf":"f.09F09CB41D560B0063FAD190E33335F4.d.FED99F759C7DBC2EB85439C87F26BAA5.e.8408"},"getText",[]]}
COMMAND: POST /session/11d9dd1dff2e8474394cea312909913e/execute/async - {"script":"<script> [1562 bytes]","args":[{"selector":{"controlType":"sap.m.Text","viewName":"etm.portal.ui.webshop.view.RequestDetail","bindingPath":{"path":"/RequestHeaders(NO='20168')","propertyPath":"END_DATE","modelName":"catalogModel"}},"wdio_ui5_key":"etmportal.ui.webshop.view.RequestDetailsap.m.Text{\"path\":\"/RequestHeaders(NO='20168')\",\"propertyPath\":\"END_DATE\",\"modelName\":\"catalogModel\"}"}]}
RESULT: {"script":"<script> [1562 bytes]","args":[{"selector":{"controlType":"sap.m.Text","viewName":"etm.portal.ui.webshop.view.RequestDetail","bindingPath":{"path":"/RequestHeaders(NO='20168')","propertyPath":"END_DATE","modelName":"catalogModel"}},"wdio_ui5_key":"etmportal.ui.webshop.view.RequestDetailsap.m.Text{\"path\":\"/RequestHeaders(NO='20168')\",\"propertyPath\":\"END_DATE\",\"modelName\":\"catalogModel\"}"}]}
RESULT: undefined
COMMAND: POST /session/11d9dd1dff2e8474394cea312909913e/execute/async - {"script":"<script> [1562 bytes]","args":[{"selector":{"controlType":"sap.m.Text","viewName":"etm.portal.ui.webshop.view.RequestDetail","bindingPath":{"path":"/RequestHeaders(NO='20168')","propertyPath":"START_DATE","modelName":"catalogModel"}},"wdio_ui5_key":"etmportal.ui.webshop.view.RequestDetailsap.m.Text{\"path\":\"/RequestHeaders(NO='20168')\",\"propertyPath\":\"START_DATE\",\"modelName\":\"catalogModel\"}"}]}
RESULT: {"script":"<script> [1562 bytes]","args":[{"selector":{"controlType":"sap.m.Text","viewName":"etm.portal.ui.webshop.view.RequestDetail","bindingPath":{"path":"/RequestHeaders(NO='20168')","propertyPath":"START_DATE","modelName":"catalogModel"}},"wdio_ui5_key":"etmportal.ui.webshop.view.RequestDetailsap.m.Text{\"path\":\"/RequestHeaders(NO='20168')\",\"propertyPath\":\"START_DATE\",\"modelName\":\"catalogModel\"}"}]}
RESULT: undefined
COMMAND: POST /session/11d9dd1dff2e8474394cea312909913e/execute/async - {"script":"<script> [6424 bytes]","args":[{"element-6066-11e4-a52e-4f735466cecf":"f.09F09CB41D560B0063FAD190E33335F4.d.FED99F759C7DBC2EB85439C87F26BAA5.e.8410"},"getText",[]]}
RESULT: {"script":"<script> [6424 bytes]","args":[{"element-6066-11e4-a52e-4f735466cecf":"f.09F09CB41D560B0063FAD190E33335F4.d.FED99F759C7DBC2EB85439C87F26BAA5.e.8410"},"getText",[]]}
RESULT: undefined
COMMAND: POST /session/11d9dd1dff2e8474394cea312909913e/execute/async - {"script":"<script> [6424 bytes]","args":[{"element-6066-11e4-a52e-4f735466cecf":"f.09F09CB41D560B0063FAD190E33335F4.d.FED99F759C7DBC2EB85439C87F26BAA5.e.8409"},"getText",[]]}
RESULT: {"script":"<script> [6424 bytes]","args":[{"element-6066-11e4-a52e-4f735466cecf":"f.09F09CB41D560B0063FAD190E33335F4.d.FED99F759C7DBC2EB85439C87F26BAA5.e.8409"},"getText",[]]}
COMMAND: POST /session/11d9dd1dff2e8474394cea312909913e/refresh - {}
RESULT: {}
COMMAND: GET /session/11d9dd1dff2e8474394cea312909913e/screenshot - {}
RESULT: {}
COMMAND: POST /session/11d9dd1dff2e8474394cea312909913e/execute/async - {"script":"<script> [189 bytes]","args":[]}
RESULT: {"script":"<script> [189 bytes]","args":[]}
COMMAND: POST /session/11d9dd1dff2e8474394cea312909913e/execute/async - {"script":"<script> [123 bytes]","args":[]}
RESULT: {"script":"<script> [123 bytes]","args":[]}
COMMAND: POST /session/11d9dd1dff2e8474394cea312909913e/timeouts - {"script":"<number>"}
RESULT: {"script":"<number>"}
COMMAND: GET /session/11d9dd1dff2e8474394cea312909913e/timeouts - {}
RESULT: {}
RESULT: undefined
COMMAND: POST /session/11d9dd1dff2e8474394cea312909913e/execute/async - {"script":"<script> [2676 bytes]","args":[]}
RESULT: {"script":"<script> [2676 bytes]","args":[]}
COMMAND: POST /session/11d9dd1dff2e8474394cea312909913e/execute/async - {"script":"<script> [2342 bytes]","args":[{"protocol":"http","hostname":"0.0.0.0","path":"/","capabilities":{"browserName":"chrome","goog:chromeOptions":{"binary":"C:\\Program Files\\Google\\Chrome\\Application\\chrome.exe","args":["--start-maximized"]}},"logLevel":"warn","connectionRetryTimeout":120000,"connectionRetryCount":3,"logLevels":{},"enableDirectConnect":true,"strictSSL":true,"_":"65 more keys: [\"cacheDir\",\"port\",\"requestedCapabilities\",\"automationProtocol\",\"baseUrl\",\"waitforInterval\",\"waitforTimeout\",\"onReload\",\"beforeCommand\",\"afterCommand\",\"rootDir\",\"specs\",\"suites\",\"exclude\",\"groupLogsByTestSpec\",\"excludeDriverLogs\",\"bail\",\"framework\",\"reporters\",\"services\",\"maxInstances\",\"maxInstancesPerCapability\",\"injectGlobals\",\"filesToWatch\",\"execArgv\",\"runnerEnv\",\"runner\",\"shard\",\"specFileRetries\",\"specFileRetriesDelay\",\"specFileRetriesDeferred\",\"reporterSyncInterval\",\"reporterSyncTimeout\",\"cucumberFeaturesWithLineNumbers\",\"autoCompileOpts\",\"mochaOpts\",\"jasmineOpts\",\"cucumberOpts\",\"onPrepare\",\"onWorkerStart\",\"onWorkerEnd\",\"before\",\"beforeSession\",\"beforeSuite\",\"beforeHook\",\"beforeTest\",\"afterTest\",\"afterHook\",\"afterSuite\",\"afterSession\",\"after\",\"onComplete\",\"beforeAssertion\",\"afterAssertion\",\"beforeFeature\",\"beforeScenario\",\"beforeStep\",\"afterStep\",\"afterScenario\",\"afterFeature\",\"_\",\"suite\",\"$0\",\"ignoredWorkerServices\",\"wdi5\"]"}]}
RESULT: {"script":"<script> [2342 bytes]","args":[{"protocol":"http","hostname":"0.0.0.0","path":"/","capabilities":{"browserName":"chrome","goog:chromeOptions":{"binary":"C:\\Program Files\\Google\\Chrome\\Application\\chrome.exe","args":["--start-maximized"]}},"logLevel":"warn","connectionRetryTimeout":120000,"connectionRetryCount":3,"logLevels":{},"enableDirectConnect":true,"strictSSL":true,"_":"65 more keys: [\"cacheDir\",\"port\",\"requestedCapabilities\",\"automationProtocol\",\"baseUrl\",\"waitforInterval\",\"waitforTimeout\",\"onReload\",\"beforeCommand\",\"afterCommand\",\"rootDir\",\"specs\",\"suites\",\"exclude\",\"groupLogsByTestSpec\",\"excludeDriverLogs\",\"bail\",\"framework\",\"reporters\",\"services\",\"maxInstances\",\"maxInstancesPerCapability\",\"injectGlobals\",\"filesToWatch\",\"execArgv\",\"runnerEnv\",\"runner\",\"shard\",\"specFileRetries\",\"specFileRetriesDelay\",\"specFileRetriesDeferred\",\"reporterSyncInterval\",\"reporterSyncTimeout\",\"cucumberFeaturesWithLineNumbers\",\"autoCompileOpts\",\"mochaOpts\",\"jasmineOpts\",\"cucumberOpts\",\"onPrepare\",\"onWorkerStart\",\"onWorkerEnd\",\"before\",\"beforeSession\",\"beforeSuite\",\"beforeHook\",\"beforeTest\",\"afterTest\",\"afterHook\",\"afterSuite\",\"afterSession\",\"after\",\"onComplete\",\"beforeAssertion\",\"afterAssertion\",\"beforeFeature\",\"beforeScenario\",\"beforeStep\",\"afterStep\",\"afterScenario\",\"afterFeature\",\"_\",\"suite\",\"$0\",\"ignoredWorkerServices\",\"wdi5\"]"}]}
COMMAND: POST /session/11d9dd1dff2e8474394cea312909913e/execute/async - {"script":"<script> [21126 bytes]","args":[35000]}
RESULT: {"script":"<script> [21126 bytes]","args":[35000]}
COMMAND: POST /session/11d9dd1dff2e8474394cea312909913e/element - {"using":"xpath","value":"//li[contains(@title ,\"Exit\")]"}
RESULT: {"using":"xpath","value":"//li[contains(@title ,\"Exit\")]"}
COMMAND: POST /session/11d9dd1dff2e8474394cea312909913e/element/f.09F09CB41D560B0063FAD190E33335F4.d.C85C8B201632F50B1441921DBFF775A7.e.8512/click - {}
RESULT: {}
COMMAND: GET /session/11d9dd1dff2e8474394cea312909913e/screenshot - {}
RESULT: {}
COMMAND: DELETE /session/11d9dd1dff2e8474394cea312909913e - {}
RESULT: {}
]]></system-out>
    </testcase>
  </testsuite>
</testsuites>