<?xml version="1.0" encoding="UTF-8"?>
<testsuites tests="80" failures="33" errors="33" skipped="0">
  <testsuite timestamp="2025-06-05T16:18:45" time="836.568" tests="8" failures="1" errors="1" skipped="0">
    <properties>
      <property name="specId" value="0" />
      <property name="suiteName" value="Stock increase - with WHM US125587" />
      <property name="capabilities" value="chrome.137_0_7151_69.windows" />
      <property name="file" value="file:///D:/a/1/s/test/specs/HTR/stock-increase.spec.js" />
    </properties>
    <testcase classname="chrome.137_0_7151_69.windows.Stock_increase_-_with_WHM_US125587" name="Should create a new WHM yard" time="128.148">
      <system-out><![CDATA[
COMMAND: POST /session/cf943d61b4ec37add412b20e5410361e/window/fullscreen - {}
RESULT: {}
COMMAND: POST /session/cf943d61b4ec37add412b20e5410361e/execute/async - {"script":"<script> [1562 bytes]","args":[{"selector":{"controlType":"sap.m.GenericTile","properties":{"header":"Manage Yards"}},"wdio_ui5_key":"sapm.GenericTile{\"header\":\"Manage Yards\"}"}]}
RESULT: {"script":"<script> [1562 bytes]","args":[{"selector":{"controlType":"sap.m.GenericTile","properties":{"header":"Manage Yards"}},"wdio_ui5_key":"sapm.GenericTile{\"header\":\"Manage Yards\"}"}]}
RESULT: undefined
COMMAND: POST /session/cf943d61b4ec37add412b20e5410361e/element - {"using":"xpath","value":"//*[@id=\"__tile41\"]"}
RESULT: {"using":"xpath","value":"//*[@id=\"__tile41\"]"}
COMMAND: POST /session/cf943d61b4ec37add412b20e5410361e/element/f.8C1712D618BBFF0472B495C641D9811D.d.5F7D897B41AB1F4B8B05352BCB600D9F.e.126/click - {}
RESULT: {}
COMMAND: GET /session/cf943d61b4ec37add412b20e5410361e/screenshot - {}
RESULT: {}
COMMAND: POST /session/cf943d61b4ec37add412b20e5410361e/elements - {"using":"xpath","value":"//span[text()='Error']"}
RESULT: {"using":"xpath","value":"//span[text()='Error']"}
COMMAND: POST /session/cf943d61b4ec37add412b20e5410361e/element - {"using":"xpath","value":"//button[@data-kt=\"addNewYardOverflowToolbarButton\"]"}
RESULT: {"using":"xpath","value":"//button[@data-kt=\"addNewYardOverflowToolbarButton\"]"}
COMMAND: POST /session/cf943d61b4ec37add412b20e5410361e/elements - {"using":"xpath","value":"//button[@data-kt=\"addNewYardOverflowToolbarButton\"]"}
RESULT: {"using":"xpath","value":"//button[@data-kt=\"addNewYardOverflowToolbarButton\"]"}
COMMAND: POST /session/cf943d61b4ec37add412b20e5410361e/elements - {"using":"xpath","value":"//button[@data-kt=\"addNewYardOverflowToolbarButton\"]"}
RESULT: {"using":"xpath","value":"//button[@data-kt=\"addNewYardOverflowToolbarButton\"]"}
COMMAND: POST /session/cf943d61b4ec37add412b20e5410361e/elements - {"using":"xpath","value":"//button[@data-kt=\"addNewYardOverflowToolbarButton\"]"}
RESULT: {"using":"xpath","value":"//button[@data-kt=\"addNewYardOverflowToolbarButton\"]"}
COMMAND: POST /session/cf943d61b4ec37add412b20e5410361e/elements - {"using":"xpath","value":"//button[@data-kt=\"addNewYardOverflowToolbarButton\"]"}
RESULT: {"using":"xpath","value":"//button[@data-kt=\"addNewYardOverflowToolbarButton\"]"}
COMMAND: POST /session/cf943d61b4ec37add412b20e5410361e/elements - {"using":"xpath","value":"//button[@data-kt=\"addNewYardOverflowToolbarButton\"]"}
RESULT: {"using":"xpath","value":"//button[@data-kt=\"addNewYardOverflowToolbarButton\"]"}
COMMAND: POST /session/cf943d61b4ec37add412b20e5410361e/elements - {"using":"xpath","value":"//button[@data-kt=\"addNewYardOverflowToolbarButton\"]"}
RESULT: {"using":"xpath","value":"//button[@data-kt=\"addNewYardOverflowToolbarButton\"]"}
COMMAND: POST /session/cf943d61b4ec37add412b20e5410361e/elements - {"using":"xpath","value":"//button[@data-kt=\"addNewYardOverflowToolbarButton\"]"}
RESULT: {"using":"xpath","value":"//button[@data-kt=\"addNewYardOverflowToolbarButton\"]"}
COMMAND: POST /session/cf943d61b4ec37add412b20e5410361e/elements - {"using":"xpath","value":"//button[@data-kt=\"addNewYardOverflowToolbarButton\"]"}
RESULT: {"using":"xpath","value":"//button[@data-kt=\"addNewYardOverflowToolbarButton\"]"}
COMMAND: POST /session/cf943d61b4ec37add412b20e5410361e/element - {"using":"xpath","value":"//button[@data-kt=\"addNewYardOverflowToolbarButton\"]"}
RESULT: {"using":"xpath","value":"//button[@data-kt=\"addNewYardOverflowToolbarButton\"]"}
COMMAND: POST /session/cf943d61b4ec37add412b20e5410361e/execute/sync - {"script":"<script> [8489 bytes]","args":[{"element-6066-11e4-a52e-4f735466cecf":"f.8C1712D618BBFF0472B495C641D9811D.d.5F7D897B41AB1F4B8B05352BCB600D9F.e.264","ELEMENT":"f.8C1712D618BBFF0472B495C641D9811D.d.5F7D897B41AB1F4B8B05352BCB600D9F.e.264"}]}
RESULT: {"script":"<script> [8489 bytes]","args":[{"element-6066-11e4-a52e-4f735466cecf":"f.8C1712D618BBFF0472B495C641D9811D.d.5F7D897B41AB1F4B8B05352BCB600D9F.e.264","ELEMENT":"f.8C1712D618BBFF0472B495C641D9811D.d.5F7D897B41AB1F4B8B05352BCB600D9F.e.264"}]}
COMMAND: GET /session/cf943d61b4ec37add412b20e5410361e/element/f.8C1712D618BBFF0472B495C641D9811D.d.5F7D897B41AB1F4B8B05352BCB600D9F.e.264/enabled - {}
COMMAND: GET /session/cf943d61b4ec37add412b20e5410361e/screenshot - {}
RESULT: {}
COMMAND: POST /session/cf943d61b4ec37add412b20e5410361e/execute/sync - {"script":"<script> [8489 bytes]","args":[{"element-6066-11e4-a52e-4f735466cecf":"f.8C1712D618BBFF0472B495C641D9811D.d.5F7D897B41AB1F4B8B05352BCB600D9F.e.264","ELEMENT":"f.8C1712D618BBFF0472B495C641D9811D.d.5F7D897B41AB1F4B8B05352BCB600D9F.e.264"}]}
COMMAND: GET /session/cf943d61b4ec37add412b20e5410361e/screenshot - {}
RESULT: {}
RESULT: {"script":"<script> [8489 bytes]","args":[{"element-6066-11e4-a52e-4f735466cecf":"f.8C1712D618BBFF0472B495C641D9811D.d.5F7D897B41AB1F4B8B05352BCB600D9F.e.264","ELEMENT":"f.8C1712D618BBFF0472B495C641D9811D.d.5F7D897B41AB1F4B8B05352BCB600D9F.e.264"}]}
COMMAND: POST /session/cf943d61b4ec37add412b20e5410361e/execute/sync - {"script":"<script> [5351 bytes]","args":[{"element-6066-11e4-a52e-4f735466cecf":"f.8C1712D618BBFF0472B495C641D9811D.d.5F7D897B41AB1F4B8B05352BCB600D9F.e.264","ELEMENT":"f.8C1712D618BBFF0472B495C641D9811D.d.5F7D897B41AB1F4B8B05352BCB600D9F.e.264"}]}
COMMAND: GET /session/cf943d61b4ec37add412b20e5410361e/screenshot - {}
RESULT: {}
RESULT: {"script":"<script> [5351 bytes]","args":[{"element-6066-11e4-a52e-4f735466cecf":"f.8C1712D618BBFF0472B495C641D9811D.d.5F7D897B41AB1F4B8B05352BCB600D9F.e.264","ELEMENT":"f.8C1712D618BBFF0472B495C641D9811D.d.5F7D897B41AB1F4B8B05352BCB600D9F.e.264"}]}
COMMAND: POST /session/cf943d61b4ec37add412b20e5410361e/element/f.8C1712D618BBFF0472B495C641D9811D.d.5F7D897B41AB1F4B8B05352BCB600D9F.e.264/click - {}
COMMAND: GET /session/cf943d61b4ec37add412b20e5410361e/screenshot - {}
RESULT: {}
RESULT: {}
COMMAND: GET /session/cf943d61b4ec37add412b20e5410361e/screenshot - {}
RESULT: {}
RESULT: {}
COMMAND: POST /session/cf943d61b4ec37add412b20e5410361e/element - {"using":"xpath","value":"//input[@id=\"application-manageyards-display-component---NewYard--yardId-inner\"]"}
RESULT: {"using":"xpath","value":"//input[@id=\"application-manageyards-display-component---NewYard--yardId-inner\"]"}
COMMAND: POST /session/cf943d61b4ec37add412b20e5410361e/element - {"using":"xpath","value":"//input[@id=\"application-manageyards-display-component---NewYard--yardId-inner\"]"}
RESULT: {"using":"xpath","value":"//input[@id=\"application-manageyards-display-component---NewYard--yardId-inner\"]"}
COMMAND: POST /session/cf943d61b4ec37add412b20e5410361e/execute/async - {"script":"<script> [1562 bytes]","args":[{"selector":{"id":"application-manageyards-display-component---NewYard--addressDetailDetailsName1","interaction":{"idSuffix":"inner"}},"wdio_ui5_key":"applicationmanageyards-display-component---NewYard--addressDetailDetailsName1"}]}
RESULT: {"script":"<script> [1562 bytes]","args":[{"selector":{"id":"application-manageyards-display-component---NewYard--addressDetailDetailsName1","interaction":{"idSuffix":"inner"}},"wdio_ui5_key":"applicationmanageyards-display-component---NewYard--addressDetailDetailsName1"}]}
RESULT: undefined
COMMAND: POST /session/cf943d61b4ec37add412b20e5410361e/execute/async - {"script":"<script> [776 bytes]","args":[{"enterText":"Warehouse Managed WDIO","selector":{"id":"application-manageyards-display-component---NewYard--addressDetailDetailsName1","interaction":{"idSuffix":"inner"}},"clearTextFirst":true,"interactionType":"ENTER_TEXT"}]}
RESULT: {"script":"<script> [776 bytes]","args":[{"enterText":"Warehouse Managed WDIO","selector":{"id":"application-manageyards-display-component---NewYard--addressDetailDetailsName1","interaction":{"idSuffix":"inner"}},"clearTextFirst":true,"interactionType":"ENTER_TEXT"}]}
COMMAND: POST /session/cf943d61b4ec37add412b20e5410361e/execute/async - {"script":"<script> [1562 bytes]","args":[{"selector":{"id":"application-manageyards-display-component---NewYard--addressDetailDetailsLanguage-arrow"},"wdio_ui5_key":"applicationmanageyards-display-component---NewYard--addressDetailDetailsLanguage-arrow"}]}
RESULT: {"script":"<script> [1562 bytes]","args":[{"selector":{"id":"application-manageyards-display-component---NewYard--addressDetailDetailsLanguage-arrow"},"wdio_ui5_key":"applicationmanageyards-display-component---NewYard--addressDetailDetailsLanguage-arrow"}]}
RESULT: undefined
COMMAND: POST /session/cf943d61b4ec37add412b20e5410361e/element - {"using":"xpath","value":"//*[@id=\"application-manageyards-display-component---NewYard--addressDetailDetailsLanguage-arrow\"]"}
RESULT: {"using":"xpath","value":"//*[@id=\"application-manageyards-display-component---NewYard--addressDetailDetailsLanguage-arrow\"]"}
COMMAND: POST /session/cf943d61b4ec37add412b20e5410361e/element/f.8C1712D618BBFF0472B495C641D9811D.d.5F7D897B41AB1F4B8B05352BCB600D9F.e.706/click - {}
RESULT: {}
COMMAND: POST /session/cf943d61b4ec37add412b20e5410361e/element - {"using":"xpath","value":"//span[contains(text(), \"English\")]"}
COMMAND: GET /session/cf943d61b4ec37add412b20e5410361e/screenshot - {}
RESULT: {"using":"xpath","value":"//span[contains(text(), \"English\")]"}
COMMAND: POST /session/cf943d61b4ec37add412b20e5410361e/element/f.8C1712D618BBFF0472B495C641D9811D.d.5F7D897B41AB1F4B8B05352BCB600D9F.e.707/click - {}
RESULT: {}
RESULT: {}
COMMAND: POST /session/cf943d61b4ec37add412b20e5410361e/execute/async - {"script":"<script> [1562 bytes]","args":[{"selector":{"id":"application-manageyards-display-component---NewYard--addressDetailDetailsCity1","interaction":{"idSuffix":"inner"}},"wdio_ui5_key":"applicationmanageyards-display-component---NewYard--addressDetailDetailsCity1"}]}
COMMAND: GET /session/cf943d61b4ec37add412b20e5410361e/screenshot - {}
RESULT: {"script":"<script> [1562 bytes]","args":[{"selector":{"id":"application-manageyards-display-component---NewYard--addressDetailDetailsCity1","interaction":{"idSuffix":"inner"}},"wdio_ui5_key":"applicationmanageyards-display-component---NewYard--addressDetailDetailsCity1"}]}
RESULT: undefined
COMMAND: POST /session/cf943d61b4ec37add412b20e5410361e/execute/async - {"script":"<script> [776 bytes]","args":[{"enterText":"Rosario","selector":{"id":"application-manageyards-display-component---NewYard--addressDetailDetailsCity1","interaction":{"idSuffix":"inner"}},"clearTextFirst":true,"interactionType":"ENTER_TEXT"}]}
RESULT: {}
RESULT: {"script":"<script> [776 bytes]","args":[{"enterText":"Rosario","selector":{"id":"application-manageyards-display-component---NewYard--addressDetailDetailsCity1","interaction":{"idSuffix":"inner"}},"clearTextFirst":true,"interactionType":"ENTER_TEXT"}]}
COMMAND: POST /session/cf943d61b4ec37add412b20e5410361e/execute/async - {"script":"<script> [1562 bytes]","args":[{"selector":{"id":"application-manageyards-display-component---NewYard--addressDetailDetailsCountry-arrow"},"wdio_ui5_key":"applicationmanageyards-display-component---NewYard--addressDetailDetailsCountry-arrow"}]}
RESULT: {"script":"<script> [1562 bytes]","args":[{"selector":{"id":"application-manageyards-display-component---NewYard--addressDetailDetailsCountry-arrow"},"wdio_ui5_key":"applicationmanageyards-display-component---NewYard--addressDetailDetailsCountry-arrow"}]}
RESULT: undefined
COMMAND: POST /session/cf943d61b4ec37add412b20e5410361e/element - {"using":"xpath","value":"//*[@id=\"application-manageyards-display-component---NewYard--addressDetailDetailsCountry-arrow\"]"}
RESULT: {"using":"xpath","value":"//*[@id=\"application-manageyards-display-component---NewYard--addressDetailDetailsCountry-arrow\"]"}
COMMAND: POST /session/cf943d61b4ec37add412b20e5410361e/element/f.8C1712D618BBFF0472B495C641D9811D.d.5F7D897B41AB1F4B8B05352BCB600D9F.e.709/click - {}
RESULT: {}
COMMAND: POST /session/cf943d61b4ec37add412b20e5410361e/element - {"using":"xpath","value":"//span[contains(text(), \"Argentina\")]"}
COMMAND: GET /session/cf943d61b4ec37add412b20e5410361e/screenshot - {}
RESULT: {"using":"xpath","value":"//span[contains(text(), \"Argentina\")]"}
COMMAND: POST /session/cf943d61b4ec37add412b20e5410361e/element/f.8C1712D618BBFF0472B495C641D9811D.d.5F7D897B41AB1F4B8B05352BCB600D9F.e.711/click - {}
RESULT: {}
RESULT: {}
COMMAND: POST /session/cf943d61b4ec37add412b20e5410361e/execute/async - {"script":"<script> [1562 bytes]","args":[{"selector":{"id":"application-manageyards-display-component---NewYard--addressEditDetailsCostObjectCstType-arrow"},"wdio_ui5_key":"applicationmanageyards-display-component---NewYard--addressEditDetailsCostObjectCstType-arrow"}]}
COMMAND: GET /session/cf943d61b4ec37add412b20e5410361e/screenshot - {}
RESULT: {"script":"<script> [1562 bytes]","args":[{"selector":{"id":"application-manageyards-display-component---NewYard--addressEditDetailsCostObjectCstType-arrow"},"wdio_ui5_key":"applicationmanageyards-display-component---NewYard--addressEditDetailsCostObjectCstType-arrow"}]}
RESULT: undefined
COMMAND: POST /session/cf943d61b4ec37add412b20e5410361e/element - {"using":"xpath","value":"//*[@id=\"application-manageyards-display-component---NewYard--addressEditDetailsCostObjectCstType-arrow\"]"}
RESULT: {}
RESULT: {"using":"xpath","value":"//*[@id=\"application-manageyards-display-component---NewYard--addressEditDetailsCostObjectCstType-arrow\"]"}
COMMAND: POST /session/cf943d61b4ec37add412b20e5410361e/element/f.8C1712D618BBFF0472B495C641D9811D.d.5F7D897B41AB1F4B8B05352BCB600D9F.e.712/click - {}
RESULT: {}
COMMAND: POST /session/cf943d61b4ec37add412b20e5410361e/element - {"using":"xpath","value":"//span[contains(text(), \"Cost Center\")]"}
COMMAND: GET /session/cf943d61b4ec37add412b20e5410361e/screenshot - {}
RESULT: {"using":"xpath","value":"//span[contains(text(), \"Cost Center\")]"}
COMMAND: POST /session/cf943d61b4ec37add412b20e5410361e/element/f.8C1712D618BBFF0472B495C641D9811D.d.5F7D897B41AB1F4B8B05352BCB600D9F.e.713/click - {}
RESULT: {}
RESULT: {}
COMMAND: GET /session/cf943d61b4ec37add412b20e5410361e/screenshot - {}
RESULT: {}
COMMAND: POST /session/cf943d61b4ec37add412b20e5410361e/element - {"using":"xpath","value":"//span[@id=\"application-manageyards-display-component---NewYard--addressNewCostObjectCstID-vhi\"]"}
RESULT: {"using":"xpath","value":"//span[@id=\"application-manageyards-display-component---NewYard--addressNewCostObjectCstID-vhi\"]"}
COMMAND: POST /session/cf943d61b4ec37add412b20e5410361e/execute/sync - {"script":"<script> [8489 bytes]","args":[{"element-6066-11e4-a52e-4f735466cecf":"f.8C1712D618BBFF0472B495C641D9811D.d.5F7D897B41AB1F4B8B05352BCB600D9F.e.717","ELEMENT":"f.8C1712D618BBFF0472B495C641D9811D.d.5F7D897B41AB1F4B8B05352BCB600D9F.e.717"}]}
RESULT: {"script":"<script> [8489 bytes]","args":[{"element-6066-11e4-a52e-4f735466cecf":"f.8C1712D618BBFF0472B495C641D9811D.d.5F7D897B41AB1F4B8B05352BCB600D9F.e.717","ELEMENT":"f.8C1712D618BBFF0472B495C641D9811D.d.5F7D897B41AB1F4B8B05352BCB600D9F.e.717"}]}
COMMAND: POST /session/cf943d61b4ec37add412b20e5410361e/execute/async - {"script":"<script> [1562 bytes]","args":[{"selector":{"id":"application-manageyards-display-component---NewYard--addressNewCostObjectCstID-vhi"},"wdio_ui5_key":"applicationmanageyards-display-component---NewYard--addressNewCostObjectCstID-vhi"}]}
COMMAND: GET /session/cf943d61b4ec37add412b20e5410361e/screenshot - {}
RESULT: {"script":"<script> [1562 bytes]","args":[{"selector":{"id":"application-manageyards-display-component---NewYard--addressNewCostObjectCstID-vhi"},"wdio_ui5_key":"applicationmanageyards-display-component---NewYard--addressNewCostObjectCstID-vhi"}]}
RESULT: undefined
COMMAND: POST /session/cf943d61b4ec37add412b20e5410361e/element - {"using":"xpath","value":"//*[@id=\"application-manageyards-display-component---NewYard--addressNewCostObjectCstID-vhi\"]"}
RESULT: {}
RESULT: {"using":"xpath","value":"//*[@id=\"application-manageyards-display-component---NewYard--addressNewCostObjectCstID-vhi\"]"}
COMMAND: POST /session/cf943d61b4ec37add412b20e5410361e/element/f.8C1712D618BBFF0472B495C641D9811D.d.5F7D897B41AB1F4B8B05352BCB600D9F.e.717/click - {}
RESULT: {}
COMMAND: GET /session/cf943d61b4ec37add412b20e5410361e/screenshot - {}
RESULT: {}
COMMAND: POST /session/cf943d61b4ec37add412b20e5410361e/execute/async - {"script":"<script> [1562 bytes]","args":[{"selector":{"controlType":"sap.m.SearchField","properties":{"placeholder":"Search"},"searchOpenDialogs":true,"interaction":{"idSuffix":"I"}},"wdio_ui5_key":"sapm.SearchField{\"placeholder\":\"Search\"}"}]}
RESULT: {"script":"<script> [1562 bytes]","args":[{"selector":{"controlType":"sap.m.SearchField","properties":{"placeholder":"Search"},"searchOpenDialogs":true,"interaction":{"idSuffix":"I"}},"wdio_ui5_key":"sapm.SearchField{\"placeholder\":\"Search\"}"}]}
RESULT: undefined
COMMAND: POST /session/cf943d61b4ec37add412b20e5410361e/execute/async - {"script":"<script> [776 bytes]","args":[{"enterText":"bauh_b","selector":{"controlType":"sap.m.SearchField","properties":{"placeholder":"Search"},"searchOpenDialogs":true,"interaction":{"idSuffix":"I"}},"clearTextFirst":true,"interactionType":"ENTER_TEXT"}]}
RESULT: {"script":"<script> [776 bytes]","args":[{"enterText":"bauh_b","selector":{"controlType":"sap.m.SearchField","properties":{"placeholder":"Search"},"searchOpenDialogs":true,"interaction":{"idSuffix":"I"}},"clearTextFirst":true,"interactionType":"ENTER_TEXT"}]}
COMMAND: POST /session/cf943d61b4ec37add412b20e5410361e/actions - {"actions":[{"id":"action1","type":"key","parameters":{},"actions":[{"type":"keyDown","value":"î€‡"},{"type":"pause","duration":10},{"type":"keyUp","value":"î€‡"}]}]}
RESULT: {"actions":[{"id":"action1","type":"key","parameters":{},"actions":[{"type":"keyDown","value":"î€‡"},{"type":"pause","duration":10},{"type":"keyUp","value":"î€‡"}]}]}
COMMAND: GET /session/cf943d61b4ec37add412b20e5410361e/screenshot - {}
RESULT: {}
COMMAND: POST /session/cf943d61b4ec37add412b20e5410361e/element - {"using":"xpath","value":"//span[contains(text(), \"Demo Yard\")]"}
RESULT: {"using":"xpath","value":"//span[contains(text(), \"Demo Yard\")]"}
COMMAND: POST /session/cf943d61b4ec37add412b20e5410361e/element/f.8C1712D618BBFF0472B495C641D9811D.d.5F7D897B41AB1F4B8B05352BCB600D9F.e.757/click - {}
RESULT: {}
COMMAND: GET /session/cf943d61b4ec37add412b20e5410361e/screenshot - {}
RESULT: {}
COMMAND: POST /session/cf943d61b4ec37add412b20e5410361e/element - {"using":"xpath","value":"//bdi[contains(text(), \"OK\")]"}
RESULT: {"using":"xpath","value":"//bdi[contains(text(), \"OK\")]"}
COMMAND: POST /session/cf943d61b4ec37add412b20e5410361e/element/f.8C1712D618BBFF0472B495C641D9811D.d.5F7D897B41AB1F4B8B05352BCB600D9F.e.758/click - {}
RESULT: {}
COMMAND: GET /session/cf943d61b4ec37add412b20e5410361e/screenshot - {}
RESULT: {}
COMMAND: POST /session/cf943d61b4ec37add412b20e5410361e/execute/async - {"script":"<script> [1562 bytes]","args":[{"selector":{"id":"application-manageyards-display-component---NewYard--addressEditDetailsCurrency-arrow"},"wdio_ui5_key":"applicationmanageyards-display-component---NewYard--addressEditDetailsCurrency-arrow"}]}
RESULT: {"script":"<script> [1562 bytes]","args":[{"selector":{"id":"application-manageyards-display-component---NewYard--addressEditDetailsCurrency-arrow"},"wdio_ui5_key":"applicationmanageyards-display-component---NewYard--addressEditDetailsCurrency-arrow"}]}
RESULT: undefined
COMMAND: POST /session/cf943d61b4ec37add412b20e5410361e/element - {"using":"xpath","value":"//*[@id=\"application-manageyards-display-component---NewYard--addressEditDetailsCurrency-arrow\"]"}
RESULT: {"using":"xpath","value":"//*[@id=\"application-manageyards-display-component---NewYard--addressEditDetailsCurrency-arrow\"]"}
COMMAND: POST /session/cf943d61b4ec37add412b20e5410361e/element/f.8C1712D618BBFF0472B495C641D9811D.d.5F7D897B41AB1F4B8B05352BCB600D9F.e.761/click - {}
RESULT: {}
COMMAND: POST /session/cf943d61b4ec37add412b20e5410361e/element - {"using":"xpath","value":"//span[contains(text(), \"Euro\")]"}
COMMAND: GET /session/cf943d61b4ec37add412b20e5410361e/screenshot - {}
RESULT: {"using":"xpath","value":"//span[contains(text(), \"Euro\")]"}
COMMAND: POST /session/cf943d61b4ec37add412b20e5410361e/element/f.8C1712D618BBFF0472B495C641D9811D.d.5F7D897B41AB1F4B8B05352BCB600D9F.e.762/click - {}
RESULT: {}
RESULT: {}
COMMAND: POST /session/cf943d61b4ec37add412b20e5410361e/execute/async - {"script":"<script> [1562 bytes]","args":[{"selector":{"controlType":"sap.m.Input","viewName":"etm.portal.ui.manageyards.view.New","viewId":"application-manageyards-display-component---NewYard","bindingPath":{"path":"","propertyPath":"/CONTROLLING_AREA","modelName":"NewYardModel"},"interaction":{"idSuffix":"inner"}},"wdio_ui5_key":"etmportal.ui.manageyards.view.Newsap.m.Input{\"path\":\"\",\"propertyPath\":\"/CONTROLLING_AREA\",\"modelName\":\"NewYardModel\"}"}]}
COMMAND: GET /session/cf943d61b4ec37add412b20e5410361e/screenshot - {}
RESULT: {"script":"<script> [1562 bytes]","args":[{"selector":{"controlType":"sap.m.Input","viewName":"etm.portal.ui.manageyards.view.New","viewId":"application-manageyards-display-component---NewYard","bindingPath":{"path":"","propertyPath":"/CONTROLLING_AREA","modelName":"NewYardModel"},"interaction":{"idSuffix":"inner"}},"wdio_ui5_key":"etmportal.ui.manageyards.view.Newsap.m.Input{\"path\":\"\",\"propertyPath\":\"/CONTROLLING_AREA\",\"modelName\":\"NewYardModel\"}"}]}
RESULT: undefined
COMMAND: POST /session/cf943d61b4ec37add412b20e5410361e/execute/async - {"script":"<script> [776 bytes]","args":[{"enterText":"Z001","selector":{"controlType":"sap.m.Input","viewName":"etm.portal.ui.manageyards.view.New","viewId":"application-manageyards-display-component---NewYard","bindingPath":{"path":"","propertyPath":"/CONTROLLING_AREA","modelName":"NewYardModel"},"interaction":{"idSuffix":"inner"}},"clearTextFirst":true,"interactionType":"ENTER_TEXT"}]}
RESULT: {}
RESULT: {"script":"<script> [776 bytes]","args":[{"enterText":"Z001","selector":{"controlType":"sap.m.Input","viewName":"etm.portal.ui.manageyards.view.New","viewId":"application-manageyards-display-component---NewYard","bindingPath":{"path":"","propertyPath":"/CONTROLLING_AREA","modelName":"NewYardModel"},"interaction":{"idSuffix":"inner"}},"clearTextFirst":true,"interactionType":"ENTER_TEXT"}]}
COMMAND: POST /session/cf943d61b4ec37add412b20e5410361e/execute/async - {"script":"<script> [1562 bytes]","args":[{"selector":{"id":"application-manageyards-display-component---NewYard--companyCodeComboBox","interaction":{"idSuffix":"inner"}},"wdio_ui5_key":"applicationmanageyards-display-component---NewYard--companyCodeComboBox"}]}
RESULT: {"script":"<script> [1562 bytes]","args":[{"selector":{"id":"application-manageyards-display-component---NewYard--companyCodeComboBox","interaction":{"idSuffix":"inner"}},"wdio_ui5_key":"applicationmanageyards-display-component---NewYard--companyCodeComboBox"}]}
RESULT: undefined
COMMAND: POST /session/cf943d61b4ec37add412b20e5410361e/execute/async - {"script":"<script> [776 bytes]","args":[{"enterText":"1000","selector":{"id":"application-manageyards-display-component---NewYard--companyCodeComboBox","interaction":{"idSuffix":"inner"}},"clearTextFirst":true,"interactionType":"ENTER_TEXT"}]}
RESULT: {"script":"<script> [776 bytes]","args":[{"enterText":"1000","selector":{"id":"application-manageyards-display-component---NewYard--companyCodeComboBox","interaction":{"idSuffix":"inner"}},"clearTextFirst":true,"interactionType":"ENTER_TEXT"}]}
COMMAND: POST /session/cf943d61b4ec37add412b20e5410361e/execute/async - {"script":"<script> [1562 bytes]","args":[{"selector":{"controlType":"sap.m.Input","viewName":"etm.portal.ui.manageyards.view.New","viewId":"application-manageyards-display-component---NewYard","bindingPath":{"path":"","propertyPath":"/PLANT","modelName":"NewYardModel"},"interaction":{"idSuffix":"inner"}},"wdio_ui5_key":"etmportal.ui.manageyards.view.Newsap.m.Input{\"path\":\"\",\"propertyPath\":\"/PLANT\",\"modelName\":\"NewYardModel\"}"}]}
RESULT: {"script":"<script> [1562 bytes]","args":[{"selector":{"controlType":"sap.m.Input","viewName":"etm.portal.ui.manageyards.view.New","viewId":"application-manageyards-display-component---NewYard","bindingPath":{"path":"","propertyPath":"/PLANT","modelName":"NewYardModel"},"interaction":{"idSuffix":"inner"}},"wdio_ui5_key":"etmportal.ui.manageyards.view.Newsap.m.Input{\"path\":\"\",\"propertyPath\":\"/PLANT\",\"modelName\":\"NewYardModel\"}"}]}
RESULT: undefined
COMMAND: POST /session/cf943d61b4ec37add412b20e5410361e/execute/async - {"script":"<script> [776 bytes]","args":[{"enterText":"1001","selector":{"controlType":"sap.m.Input","viewName":"etm.portal.ui.manageyards.view.New","viewId":"application-manageyards-display-component---NewYard","bindingPath":{"path":"","propertyPath":"/PLANT","modelName":"NewYardModel"},"interaction":{"idSuffix":"inner"}},"clearTextFirst":true,"interactionType":"ENTER_TEXT"}]}
RESULT: {"script":"<script> [776 bytes]","args":[{"enterText":"1001","selector":{"controlType":"sap.m.Input","viewName":"etm.portal.ui.manageyards.view.New","viewId":"application-manageyards-display-component---NewYard","bindingPath":{"path":"","propertyPath":"/PLANT","modelName":"NewYardModel"},"interaction":{"idSuffix":"inner"}},"clearTextFirst":true,"interactionType":"ENTER_TEXT"}]}
COMMAND: POST /session/cf943d61b4ec37add412b20e5410361e/execute/async - {"script":"<script> [1562 bytes]","args":[{"selector":{"controlType":"sap.m.Input","viewName":"etm.portal.ui.manageyards.view.New","viewId":"application-manageyards-display-component---NewYard","bindingPath":{"path":"","propertyPath":"/SALES_AREA_VKORG","modelName":"NewYardModel"},"interaction":{"idSuffix":"inner"}},"wdio_ui5_key":"etmportal.ui.manageyards.view.Newsap.m.Input{\"path\":\"\",\"propertyPath\":\"/SALES_AREA_VKORG\",\"modelName\":\"NewYardModel\"}"}]}
RESULT: {"script":"<script> [1562 bytes]","args":[{"selector":{"controlType":"sap.m.Input","viewName":"etm.portal.ui.manageyards.view.New","viewId":"application-manageyards-display-component---NewYard","bindingPath":{"path":"","propertyPath":"/SALES_AREA_VKORG","modelName":"NewYardModel"},"interaction":{"idSuffix":"inner"}},"wdio_ui5_key":"etmportal.ui.manageyards.view.Newsap.m.Input{\"path\":\"\",\"propertyPath\":\"/SALES_AREA_VKORG\",\"modelName\":\"NewYardModel\"}"}]}
RESULT: undefined
COMMAND: POST /session/cf943d61b4ec37add412b20e5410361e/execute/async - {"script":"<script> [776 bytes]","args":[{"enterText":"C002","selector":{"controlType":"sap.m.Input","viewName":"etm.portal.ui.manageyards.view.New","viewId":"application-manageyards-display-component---NewYard","bindingPath":{"path":"","propertyPath":"/SALES_AREA_VKORG","modelName":"NewYardModel"},"interaction":{"idSuffix":"inner"}},"clearTextFirst":true,"interactionType":"ENTER_TEXT"}]}
RESULT: {"script":"<script> [776 bytes]","args":[{"enterText":"C002","selector":{"controlType":"sap.m.Input","viewName":"etm.portal.ui.manageyards.view.New","viewId":"application-manageyards-display-component---NewYard","bindingPath":{"path":"","propertyPath":"/SALES_AREA_VKORG","modelName":"NewYardModel"},"interaction":{"idSuffix":"inner"}},"clearTextFirst":true,"interactionType":"ENTER_TEXT"}]}
COMMAND: POST /session/cf943d61b4ec37add412b20e5410361e/execute/async - {"script":"<script> [1562 bytes]","args":[{"selector":{"controlType":"sap.m.Input","viewName":"etm.portal.ui.manageyards.view.New","viewId":"application-manageyards-display-component---NewYard","bindingPath":{"path":"","propertyPath":"/SALES_AREA_VTWEG","modelName":"NewYardModel"},"interaction":{"idSuffix":"inner"}},"wdio_ui5_key":"etmportal.ui.manageyards.view.Newsap.m.Input{\"path\":\"\",\"propertyPath\":\"/SALES_AREA_VTWEG\",\"modelName\":\"NewYardModel\"}"}]}
RESULT: {"script":"<script> [1562 bytes]","args":[{"selector":{"controlType":"sap.m.Input","viewName":"etm.portal.ui.manageyards.view.New","viewId":"application-manageyards-display-component---NewYard","bindingPath":{"path":"","propertyPath":"/SALES_AREA_VTWEG","modelName":"NewYardModel"},"interaction":{"idSuffix":"inner"}},"wdio_ui5_key":"etmportal.ui.manageyards.view.Newsap.m.Input{\"path\":\"\",\"propertyPath\":\"/SALES_AREA_VTWEG\",\"modelName\":\"NewYardModel\"}"}]}
RESULT: undefined
COMMAND: POST /session/cf943d61b4ec37add412b20e5410361e/execute/async - {"script":"<script> [776 bytes]","args":[{"enterText":"C2","selector":{"controlType":"sap.m.Input","viewName":"etm.portal.ui.manageyards.view.New","viewId":"application-manageyards-display-component---NewYard","bindingPath":{"path":"","propertyPath":"/SALES_AREA_VTWEG","modelName":"NewYardModel"},"interaction":{"idSuffix":"inner"}},"clearTextFirst":true,"interactionType":"ENTER_TEXT"}]}
RESULT: {"script":"<script> [776 bytes]","args":[{"enterText":"C2","selector":{"controlType":"sap.m.Input","viewName":"etm.portal.ui.manageyards.view.New","viewId":"application-manageyards-display-component---NewYard","bindingPath":{"path":"","propertyPath":"/SALES_AREA_VTWEG","modelName":"NewYardModel"},"interaction":{"idSuffix":"inner"}},"clearTextFirst":true,"interactionType":"ENTER_TEXT"}]}
COMMAND: POST /session/cf943d61b4ec37add412b20e5410361e/execute/async - {"script":"<script> [1562 bytes]","args":[{"selector":{"controlType":"sap.m.Input","viewName":"etm.portal.ui.manageyards.view.New","viewId":"application-manageyards-display-component---NewYard","bindingPath":{"path":"","propertyPath":"/SALES_AREA_SPART","modelName":"NewYardModel"},"interaction":{"idSuffix":"inner"}},"wdio_ui5_key":"etmportal.ui.manageyards.view.Newsap.m.Input{\"path\":\"\",\"propertyPath\":\"/SALES_AREA_SPART\",\"modelName\":\"NewYardModel\"}"}]}
RESULT: {"script":"<script> [1562 bytes]","args":[{"selector":{"controlType":"sap.m.Input","viewName":"etm.portal.ui.manageyards.view.New","viewId":"application-manageyards-display-component---NewYard","bindingPath":{"path":"","propertyPath":"/SALES_AREA_SPART","modelName":"NewYardModel"},"interaction":{"idSuffix":"inner"}},"wdio_ui5_key":"etmportal.ui.manageyards.view.Newsap.m.Input{\"path\":\"\",\"propertyPath\":\"/SALES_AREA_SPART\",\"modelName\":\"NewYardModel\"}"}]}
RESULT: undefined
COMMAND: POST /session/cf943d61b4ec37add412b20e5410361e/execute/async - {"script":"<script> [776 bytes]","args":[{"enterText":"C2","selector":{"controlType":"sap.m.Input","viewName":"etm.portal.ui.manageyards.view.New","viewId":"application-manageyards-display-component---NewYard","bindingPath":{"path":"","propertyPath":"/SALES_AREA_SPART","modelName":"NewYardModel"},"interaction":{"idSuffix":"inner"}},"clearTextFirst":true,"interactionType":"ENTER_TEXT"}]}
RESULT: {"script":"<script> [776 bytes]","args":[{"enterText":"C2","selector":{"controlType":"sap.m.Input","viewName":"etm.portal.ui.manageyards.view.New","viewId":"application-manageyards-display-component---NewYard","bindingPath":{"path":"","propertyPath":"/SALES_AREA_SPART","modelName":"NewYardModel"},"interaction":{"idSuffix":"inner"}},"clearTextFirst":true,"interactionType":"ENTER_TEXT"}]}
COMMAND: POST /session/cf943d61b4ec37add412b20e5410361e/execute/async - {"script":"<script> [1562 bytes]","args":[{"selector":{"controlType":"sap.m.Input","viewName":"etm.portal.ui.manageyards.view.New","viewId":"application-manageyards-display-component---NewYard","bindingPath":{"path":"","propertyPath":"/SHIP_POINT","modelName":"NewYardModel"},"interaction":{"idSuffix":"inner"}},"wdio_ui5_key":"etmportal.ui.manageyards.view.Newsap.m.Input{\"path\":\"\",\"propertyPath\":\"/SHIP_POINT\",\"modelName\":\"NewYardModel\"}"}]}
RESULT: {"script":"<script> [1562 bytes]","args":[{"selector":{"controlType":"sap.m.Input","viewName":"etm.portal.ui.manageyards.view.New","viewId":"application-manageyards-display-component---NewYard","bindingPath":{"path":"","propertyPath":"/SHIP_POINT","modelName":"NewYardModel"},"interaction":{"idSuffix":"inner"}},"wdio_ui5_key":"etmportal.ui.manageyards.view.Newsap.m.Input{\"path\":\"\",\"propertyPath\":\"/SHIP_POINT\",\"modelName\":\"NewYardModel\"}"}]}
RESULT: undefined
COMMAND: POST /session/cf943d61b4ec37add412b20e5410361e/execute/async - {"script":"<script> [776 bytes]","args":[{"enterText":"1710","selector":{"controlType":"sap.m.Input","viewName":"etm.portal.ui.manageyards.view.New","viewId":"application-manageyards-display-component---NewYard","bindingPath":{"path":"","propertyPath":"/SHIP_POINT","modelName":"NewYardModel"},"interaction":{"idSuffix":"inner"}},"clearTextFirst":true,"interactionType":"ENTER_TEXT"}]}
RESULT: {"script":"<script> [776 bytes]","args":[{"enterText":"1710","selector":{"controlType":"sap.m.Input","viewName":"etm.portal.ui.manageyards.view.New","viewId":"application-manageyards-display-component---NewYard","bindingPath":{"path":"","propertyPath":"/SHIP_POINT","modelName":"NewYardModel"},"interaction":{"idSuffix":"inner"}},"clearTextFirst":true,"interactionType":"ENTER_TEXT"}]}
COMMAND: POST /session/cf943d61b4ec37add412b20e5410361e/execute/async - {"script":"<script> [1562 bytes]","args":[{"selector":{"controlType":"sap.m.Input","viewName":"etm.portal.ui.manageyards.view.New","viewId":"application-manageyards-display-component---NewYard","bindingPath":{"path":"","propertyPath":"/DELIVERY_TYPE","modelName":"NewYardModel"},"interaction":{"idSuffix":"inner"}},"wdio_ui5_key":"etmportal.ui.manageyards.view.Newsap.m.Input{\"path\":\"\",\"propertyPath\":\"/DELIVERY_TYPE\",\"modelName\":\"NewYardModel\"}"}]}
RESULT: {"script":"<script> [1562 bytes]","args":[{"selector":{"controlType":"sap.m.Input","viewName":"etm.portal.ui.manageyards.view.New","viewId":"application-manageyards-display-component---NewYard","bindingPath":{"path":"","propertyPath":"/DELIVERY_TYPE","modelName":"NewYardModel"},"interaction":{"idSuffix":"inner"}},"wdio_ui5_key":"etmportal.ui.manageyards.view.Newsap.m.Input{\"path\":\"\",\"propertyPath\":\"/DELIVERY_TYPE\",\"modelName\":\"NewYardModel\"}"}]}
RESULT: undefined
COMMAND: POST /session/cf943d61b4ec37add412b20e5410361e/execute/async - {"script":"<script> [776 bytes]","args":[{"enterText":"ZL01","selector":{"controlType":"sap.m.Input","viewName":"etm.portal.ui.manageyards.view.New","viewId":"application-manageyards-display-component---NewYard","bindingPath":{"path":"","propertyPath":"/DELIVERY_TYPE","modelName":"NewYardModel"},"interaction":{"idSuffix":"inner"}},"clearTextFirst":true,"interactionType":"ENTER_TEXT"}]}
RESULT: {"script":"<script> [776 bytes]","args":[{"enterText":"ZL01","selector":{"controlType":"sap.m.Input","viewName":"etm.portal.ui.manageyards.view.New","viewId":"application-manageyards-display-component---NewYard","bindingPath":{"path":"","propertyPath":"/DELIVERY_TYPE","modelName":"NewYardModel"},"interaction":{"idSuffix":"inner"}},"clearTextFirst":true,"interactionType":"ENTER_TEXT"}]}
COMMAND: POST /session/cf943d61b4ec37add412b20e5410361e/execute/async - {"script":"<script> [1562 bytes]","args":[{"selector":{"controlType":"sap.m.Input","viewName":"etm.portal.ui.manageyards.view.New","viewId":"application-manageyards-display-component---NewYard","bindingPath":{"path":"","propertyPath":"/AUART","modelName":"NewYardModel"},"interaction":{"idSuffix":"inner"}},"wdio_ui5_key":"etmportal.ui.manageyards.view.Newsap.m.Input{\"path\":\"\",\"propertyPath\":\"/AUART\",\"modelName\":\"NewYardModel\"}"}]}
RESULT: {"script":"<script> [1562 bytes]","args":[{"selector":{"controlType":"sap.m.Input","viewName":"etm.portal.ui.manageyards.view.New","viewId":"application-manageyards-display-component---NewYard","bindingPath":{"path":"","propertyPath":"/AUART","modelName":"NewYardModel"},"interaction":{"idSuffix":"inner"}},"wdio_ui5_key":"etmportal.ui.manageyards.view.Newsap.m.Input{\"path\":\"\",\"propertyPath\":\"/AUART\",\"modelName\":\"NewYardModel\"}"}]}
RESULT: undefined
COMMAND: POST /session/cf943d61b4ec37add412b20e5410361e/execute/async - {"script":"<script> [776 bytes]","args":[{"enterText":"TA","selector":{"controlType":"sap.m.Input","viewName":"etm.portal.ui.manageyards.view.New","viewId":"application-manageyards-display-component---NewYard","bindingPath":{"path":"","propertyPath":"/AUART","modelName":"NewYardModel"},"interaction":{"idSuffix":"inner"}},"clearTextFirst":true,"interactionType":"ENTER_TEXT"}]}
RESULT: {"script":"<script> [776 bytes]","args":[{"enterText":"TA","selector":{"controlType":"sap.m.Input","viewName":"etm.portal.ui.manageyards.view.New","viewId":"application-manageyards-display-component---NewYard","bindingPath":{"path":"","propertyPath":"/AUART","modelName":"NewYardModel"},"interaction":{"idSuffix":"inner"}},"clearTextFirst":true,"interactionType":"ENTER_TEXT"}]}
COMMAND: POST /session/cf943d61b4ec37add412b20e5410361e/execute/async - {"script":"<script> [1562 bytes]","args":[{"selector":{"id":"application-manageyards-display-component---NewYard--whmCheckBox","interaction":{"idSuffix":"CbBg"}},"wdio_ui5_key":"applicationmanageyards-display-component---NewYard--whmCheckBox"}]}
RESULT: {"script":"<script> [1562 bytes]","args":[{"selector":{"id":"application-manageyards-display-component---NewYard--whmCheckBox","interaction":{"idSuffix":"CbBg"}},"wdio_ui5_key":"applicationmanageyards-display-component---NewYard--whmCheckBox"}]}
RESULT: undefined
COMMAND: POST /session/cf943d61b4ec37add412b20e5410361e/element - {"using":"xpath","value":"//*[@id=\"application-manageyards-display-component---NewYard--whmCheckBox\"]"}
RESULT: {"using":"xpath","value":"//*[@id=\"application-manageyards-display-component---NewYard--whmCheckBox\"]"}
COMMAND: POST /session/cf943d61b4ec37add412b20e5410361e/element/f.8C1712D618BBFF0472B495C641D9811D.d.5F7D897B41AB1F4B8B05352BCB600D9F.e.782/click - {}
RESULT: {}
COMMAND: GET /session/cf943d61b4ec37add412b20e5410361e/screenshot - {}
RESULT: {}
COMMAND: POST /session/cf943d61b4ec37add412b20e5410361e/element - {"using":"xpath","value":"//button[@data-kt=\"newYardSaveButton\"]"}
RESULT: {"using":"xpath","value":"//button[@data-kt=\"newYardSaveButton\"]"}
COMMAND: POST /session/cf943d61b4ec37add412b20e5410361e/element/f.8C1712D618BBFF0472B495C641D9811D.d.5F7D897B41AB1F4B8B05352BCB600D9F.e.689/click - {}
RESULT: {}
COMMAND: GET /session/cf943d61b4ec37add412b20e5410361e/screenshot - {}
RESULT: {}
COMMAND: POST /session/cf943d61b4ec37add412b20e5410361e/element - {"using":"xpath","value":"//header[contains(@id, 'ObjectPageLayout-headerTitle')]/div[1]/div[2]/div[1]/span[1]"}
RESULT: {"using":"xpath","value":"//header[contains(@id, 'ObjectPageLayout-headerTitle')]/div[1]/div[2]/div[1]/span[1]"}
COMMAND: POST /session/cf943d61b4ec37add412b20e5410361e/elements - {"using":"xpath","value":"//header[contains(@id, 'ObjectPageLayout-headerTitle')]/div[1]/div[2]/div[1]/span[1]"}
RESULT: {"using":"xpath","value":"//header[contains(@id, 'ObjectPageLayout-headerTitle')]/div[1]/div[2]/div[1]/span[1]"}
COMMAND: POST /session/cf943d61b4ec37add412b20e5410361e/execute/sync - {"script":"<script> [56 bytes]","args":[{"element-6066-11e4-a52e-4f735466cecf":"f.8C1712D618BBFF0472B495C641D9811D.d.5F7D897B41AB1F4B8B05352BCB600D9F.e.980","ELEMENT":"f.8C1712D618BBFF0472B495C641D9811D.d.5F7D897B41AB1F4B8B05352BCB600D9F.e.980"}]}
RESULT: {"script":"<script> [56 bytes]","args":[{"element-6066-11e4-a52e-4f735466cecf":"f.8C1712D618BBFF0472B495C641D9811D.d.5F7D897B41AB1F4B8B05352BCB600D9F.e.980","ELEMENT":"f.8C1712D618BBFF0472B495C641D9811D.d.5F7D897B41AB1F4B8B05352BCB600D9F.e.980"}]}
COMMAND: GET /session/cf943d61b4ec37add412b20e5410361e/screenshot - {}
RESULT: {}
COMMAND: POST /session/cf943d61b4ec37add412b20e5410361e/element - {"using":"css selector","value":"#shell-header-logo"}
RESULT: {"using":"css selector","value":"#shell-header-logo"}
COMMAND: POST /session/cf943d61b4ec37add412b20e5410361e/element/f.8C1712D618BBFF0472B495C641D9811D.d.5F7D897B41AB1F4B8B05352BCB600D9F.e.232/click - {}
RESULT: {}
COMMAND: GET /session/cf943d61b4ec37add412b20e5410361e/screenshot - {}
RESULT: {}
COMMAND: POST /session/cf943d61b4ec37add412b20e5410361e/execute/sync - {"script":"<script> [299 bytes]","args":[["getModel","getResource"]]}
RESULT: {"script":"<script> [299 bytes]","args":[["getModel","getResource"]]}
]]></system-out>
    </testcase>
    <testcase classname="chrome.137_0_7151_69.windows.Stock_increase_-_with_WHM_US125587" name="Should create a new external WHM partner" time="106.064">
      <system-out><![CDATA[
COMMAND: GET /session/cf943d61b4ec37add412b20e5410361e/screenshot - {}
COMMAND: POST /session/cf943d61b4ec37add412b20e5410361e/window/fullscreen - {}
RESULT: {}
COMMAND: POST /session/cf943d61b4ec37add412b20e5410361e/execute/async - {"script":"<script> [1562 bytes]","args":[{"selector":{"controlType":"sap.m.GenericTile","properties":{"header":"Manage Partners"}},"wdio_ui5_key":"sapm.GenericTile{\"header\":\"Manage Partners\"}"}]}
RESULT: {}
RESULT: {"script":"<script> [1562 bytes]","args":[{"selector":{"controlType":"sap.m.GenericTile","properties":{"header":"Manage Partners"}},"wdio_ui5_key":"sapm.GenericTile{\"header\":\"Manage Partners\"}"}]}
RESULT: undefined
COMMAND: POST /session/cf943d61b4ec37add412b20e5410361e/element - {"using":"xpath","value":"//*[@id=\"__tile38\"]"}
RESULT: {"using":"xpath","value":"//*[@id=\"__tile38\"]"}
COMMAND: POST /session/cf943d61b4ec37add412b20e5410361e/element/f.8C1712D618BBFF0472B495C641D9811D.d.5F7D897B41AB1F4B8B05352BCB600D9F.e.117/click - {}
RESULT: {}
COMMAND: GET /session/cf943d61b4ec37add412b20e5410361e/screenshot - {}
RESULT: {}
COMMAND: POST /session/cf943d61b4ec37add412b20e5410361e/elements - {"using":"xpath","value":"//span[text()='Error']"}
RESULT: {"using":"xpath","value":"//span[text()='Error']"}
COMMAND: POST /session/cf943d61b4ec37add412b20e5410361e/element - {"using":"xpath","value":"//button[@data-kt=\"addButton\"]"}
RESULT: {"using":"xpath","value":"//button[@data-kt=\"addButton\"]"}
COMMAND: POST /session/cf943d61b4ec37add412b20e5410361e/elements - {"using":"xpath","value":"//button[@data-kt=\"addButton\"]"}
RESULT: {"using":"xpath","value":"//button[@data-kt=\"addButton\"]"}
COMMAND: POST /session/cf943d61b4ec37add412b20e5410361e/execute/sync - {"script":"<script> [8489 bytes]","args":[{"element-6066-11e4-a52e-4f735466cecf":"f.8C1712D618BBFF0472B495C641D9811D.d.5F7D897B41AB1F4B8B05352BCB600D9F.e.1030","ELEMENT":"f.8C1712D618BBFF0472B495C641D9811D.d.5F7D897B41AB1F4B8B05352BCB600D9F.e.1030"}]}
RESULT: {"script":"<script> [8489 bytes]","args":[{"element-6066-11e4-a52e-4f735466cecf":"f.8C1712D618BBFF0472B495C641D9811D.d.5F7D897B41AB1F4B8B05352BCB600D9F.e.1030","ELEMENT":"f.8C1712D618BBFF0472B495C641D9811D.d.5F7D897B41AB1F4B8B05352BCB600D9F.e.1030"}]}
COMMAND: GET /session/cf943d61b4ec37add412b20e5410361e/element/f.8C1712D618BBFF0472B495C641D9811D.d.5F7D897B41AB1F4B8B05352BCB600D9F.e.1030/enabled - {}
COMMAND: GET /session/cf943d61b4ec37add412b20e5410361e/screenshot - {}
RESULT: {}
COMMAND: POST /session/cf943d61b4ec37add412b20e5410361e/execute/sync - {"script":"<script> [8489 bytes]","args":[{"element-6066-11e4-a52e-4f735466cecf":"f.8C1712D618BBFF0472B495C641D9811D.d.5F7D897B41AB1F4B8B05352BCB600D9F.e.1030","ELEMENT":"f.8C1712D618BBFF0472B495C641D9811D.d.5F7D897B41AB1F4B8B05352BCB600D9F.e.1030"}]}
COMMAND: GET /session/cf943d61b4ec37add412b20e5410361e/screenshot - {}
RESULT: {}
RESULT: {"script":"<script> [8489 bytes]","args":[{"element-6066-11e4-a52e-4f735466cecf":"f.8C1712D618BBFF0472B495C641D9811D.d.5F7D897B41AB1F4B8B05352BCB600D9F.e.1030","ELEMENT":"f.8C1712D618BBFF0472B495C641D9811D.d.5F7D897B41AB1F4B8B05352BCB600D9F.e.1030"}]}
COMMAND: POST /session/cf943d61b4ec37add412b20e5410361e/execute/sync - {"script":"<script> [5351 bytes]","args":[{"element-6066-11e4-a52e-4f735466cecf":"f.8C1712D618BBFF0472B495C641D9811D.d.5F7D897B41AB1F4B8B05352BCB600D9F.e.1030","ELEMENT":"f.8C1712D618BBFF0472B495C641D9811D.d.5F7D897B41AB1F4B8B05352BCB600D9F.e.1030"}]}
COMMAND: GET /session/cf943d61b4ec37add412b20e5410361e/screenshot - {}
RESULT: {}
RESULT: {"script":"<script> [5351 bytes]","args":[{"element-6066-11e4-a52e-4f735466cecf":"f.8C1712D618BBFF0472B495C641D9811D.d.5F7D897B41AB1F4B8B05352BCB600D9F.e.1030","ELEMENT":"f.8C1712D618BBFF0472B495C641D9811D.d.5F7D897B41AB1F4B8B05352BCB600D9F.e.1030"}]}
COMMAND: POST /session/cf943d61b4ec37add412b20e5410361e/element/f.8C1712D618BBFF0472B495C641D9811D.d.5F7D897B41AB1F4B8B05352BCB600D9F.e.1030/click - {}
COMMAND: GET /session/cf943d61b4ec37add412b20e5410361e/screenshot - {}
RESULT: {}
RESULT: {}
COMMAND: GET /session/cf943d61b4ec37add412b20e5410361e/screenshot - {}
RESULT: {}
RESULT: {}
COMMAND: POST /session/cf943d61b4ec37add412b20e5410361e/execute/async - {"script":"<script> [1562 bytes]","args":[{"selector":{"id":"application-managepartners-display-component---NewPartner--addressDetailDetailsName1","interaction":{"idSuffix":"inner"}},"wdio_ui5_key":"applicationmanagepartners-display-component---NewPartner--addressDetailDetailsName1"}]}
RESULT: {"script":"<script> [1562 bytes]","args":[{"selector":{"id":"application-managepartners-display-component---NewPartner--addressDetailDetailsName1","interaction":{"idSuffix":"inner"}},"wdio_ui5_key":"applicationmanagepartners-display-component---NewPartner--addressDetailDetailsName1"}]}
RESULT: undefined
COMMAND: POST /session/cf943d61b4ec37add412b20e5410361e/execute/async - {"script":"<script> [776 bytes]","args":[{"enterText":"External Partner WDIO","selector":{"id":"application-managepartners-display-component---NewPartner--addressDetailDetailsName1","interaction":{"idSuffix":"inner"}},"clearTextFirst":true,"interactionType":"ENTER_TEXT"}]}
RESULT: {"script":"<script> [776 bytes]","args":[{"enterText":"External Partner WDIO","selector":{"id":"application-managepartners-display-component---NewPartner--addressDetailDetailsName1","interaction":{"idSuffix":"inner"}},"clearTextFirst":true,"interactionType":"ENTER_TEXT"}]}
COMMAND: POST /session/cf943d61b4ec37add412b20e5410361e/execute/async - {"script":"<script> [1562 bytes]","args":[{"selector":{"id":"application-managepartners-display-component---NewPartner--addressDetailDetailsLanguage-arrow"},"wdio_ui5_key":"applicationmanagepartners-display-component---NewPartner--addressDetailDetailsLanguage-arrow"}]}
RESULT: {"script":"<script> [1562 bytes]","args":[{"selector":{"id":"application-managepartners-display-component---NewPartner--addressDetailDetailsLanguage-arrow"},"wdio_ui5_key":"applicationmanagepartners-display-component---NewPartner--addressDetailDetailsLanguage-arrow"}]}
RESULT: undefined
COMMAND: POST /session/cf943d61b4ec37add412b20e5410361e/element - {"using":"xpath","value":"//*[@id=\"application-managepartners-display-component---NewPartner--addressDetailDetailsLanguage-arrow\"]"}
RESULT: {"using":"xpath","value":"//*[@id=\"application-managepartners-display-component---NewPartner--addressDetailDetailsLanguage-arrow\"]"}
COMMAND: POST /session/cf943d61b4ec37add412b20e5410361e/element/f.8C1712D618BBFF0472B495C641D9811D.d.5F7D897B41AB1F4B8B05352BCB600D9F.e.1466/click - {}
RESULT: {}
COMMAND: POST /session/cf943d61b4ec37add412b20e5410361e/element - {"using":"xpath","value":"//span[contains(text(), \"English\")]"}
COMMAND: GET /session/cf943d61b4ec37add412b20e5410361e/screenshot - {}
RESULT: {"using":"xpath","value":"//span[contains(text(), \"English\")]"}
COMMAND: POST /session/cf943d61b4ec37add412b20e5410361e/element/f.8C1712D618BBFF0472B495C641D9811D.d.5F7D897B41AB1F4B8B05352BCB600D9F.e.1467/click - {}
RESULT: {}
RESULT: {}
COMMAND: GET /session/cf943d61b4ec37add412b20e5410361e/screenshot - {}
RESULT: {}
COMMAND: POST /session/cf943d61b4ec37add412b20e5410361e/execute/async - {"script":"<script> [1562 bytes]","args":[{"selector":{"id":"application-managepartners-display-component---NewPartner--addressDetailDetailsCity1","interaction":{"idSuffix":"inner"}},"wdio_ui5_key":"applicationmanagepartners-display-component---NewPartner--addressDetailDetailsCity1"}]}
RESULT: {"script":"<script> [1562 bytes]","args":[{"selector":{"id":"application-managepartners-display-component---NewPartner--addressDetailDetailsCity1","interaction":{"idSuffix":"inner"}},"wdio_ui5_key":"applicationmanagepartners-display-component---NewPartner--addressDetailDetailsCity1"}]}
RESULT: undefined
COMMAND: POST /session/cf943d61b4ec37add412b20e5410361e/execute/async - {"script":"<script> [776 bytes]","args":[{"enterText":"Rosario","selector":{"id":"application-managepartners-display-component---NewPartner--addressDetailDetailsCity1","interaction":{"idSuffix":"inner"}},"clearTextFirst":true,"interactionType":"ENTER_TEXT"}]}
RESULT: {"script":"<script> [776 bytes]","args":[{"enterText":"Rosario","selector":{"id":"application-managepartners-display-component---NewPartner--addressDetailDetailsCity1","interaction":{"idSuffix":"inner"}},"clearTextFirst":true,"interactionType":"ENTER_TEXT"}]}
COMMAND: POST /session/cf943d61b4ec37add412b20e5410361e/execute/async - {"script":"<script> [1562 bytes]","args":[{"selector":{"id":"application-managepartners-display-component---NewPartner--addressDetailDetailsCountry-arrow"},"wdio_ui5_key":"applicationmanagepartners-display-component---NewPartner--addressDetailDetailsCountry-arrow"}]}
RESULT: {"script":"<script> [1562 bytes]","args":[{"selector":{"id":"application-managepartners-display-component---NewPartner--addressDetailDetailsCountry-arrow"},"wdio_ui5_key":"applicationmanagepartners-display-component---NewPartner--addressDetailDetailsCountry-arrow"}]}
RESULT: undefined
COMMAND: POST /session/cf943d61b4ec37add412b20e5410361e/element - {"using":"xpath","value":"//*[@id=\"application-managepartners-display-component---NewPartner--addressDetailDetailsCountry-arrow\"]"}
RESULT: {"using":"xpath","value":"//*[@id=\"application-managepartners-display-component---NewPartner--addressDetailDetailsCountry-arrow\"]"}
COMMAND: POST /session/cf943d61b4ec37add412b20e5410361e/element/f.8C1712D618BBFF0472B495C641D9811D.d.5F7D897B41AB1F4B8B05352BCB600D9F.e.1448/click - {}
RESULT: {}
COMMAND: POST /session/cf943d61b4ec37add412b20e5410361e/element - {"using":"xpath","value":"//span[contains(text(), \"Argentina\")]"}
COMMAND: GET /session/cf943d61b4ec37add412b20e5410361e/screenshot - {}
RESULT: {"using":"xpath","value":"//span[contains(text(), \"Argentina\")]"}
COMMAND: POST /session/cf943d61b4ec37add412b20e5410361e/element/f.8C1712D618BBFF0472B495C641D9811D.d.5F7D897B41AB1F4B8B05352BCB600D9F.e.1469/click - {}
RESULT: {}
RESULT: {}
COMMAND: GET /session/cf943d61b4ec37add412b20e5410361e/screenshot - {}
RESULT: {}
COMMAND: POST /session/cf943d61b4ec37add412b20e5410361e/element - {"using":"xpath","value":"//bdi[contains(text(), \"Commercial\")]"}
RESULT: {"using":"xpath","value":"//bdi[contains(text(), \"Commercial\")]"}
COMMAND: POST /session/cf943d61b4ec37add412b20e5410361e/element/f.8C1712D618BBFF0472B495C641D9811D.d.5F7D897B41AB1F4B8B05352BCB600D9F.e.1470/click - {}
RESULT: {}
COMMAND: GET /session/cf943d61b4ec37add412b20e5410361e/screenshot - {}
RESULT: {}
COMMAND: POST /session/cf943d61b4ec37add412b20e5410361e/execute/async - {"script":"<script> [1562 bytes]","args":[{"selector":{"id":"application-managepartners-display-component---NewPartner--partnerDetailInternal-arrow"},"wdio_ui5_key":"applicationmanagepartners-display-component---NewPartner--partnerDetailInternal-arrow"}]}
RESULT: {"script":"<script> [1562 bytes]","args":[{"selector":{"id":"application-managepartners-display-component---NewPartner--partnerDetailInternal-arrow"},"wdio_ui5_key":"applicationmanagepartners-display-component---NewPartner--partnerDetailInternal-arrow"}]}
RESULT: undefined
COMMAND: POST /session/cf943d61b4ec37add412b20e5410361e/element - {"using":"xpath","value":"//*[@id=\"application-managepartners-display-component---NewPartner--partnerDetailInternal-arrow\"]"}
RESULT: {"using":"xpath","value":"//*[@id=\"application-managepartners-display-component---NewPartner--partnerDetailInternal-arrow\"]"}
COMMAND: POST /session/cf943d61b4ec37add412b20e5410361e/element/f.8C1712D618BBFF0472B495C641D9811D.d.5F7D897B41AB1F4B8B05352BCB600D9F.e.1476/click - {}
RESULT: {}
COMMAND: POST /session/cf943d61b4ec37add412b20e5410361e/element - {"using":"xpath","value":"//span[contains(text(), \"External partner\")]"}
COMMAND: GET /session/cf943d61b4ec37add412b20e5410361e/screenshot - {}
RESULT: {"using":"xpath","value":"//span[contains(text(), \"External partner\")]"}
COMMAND: POST /session/cf943d61b4ec37add412b20e5410361e/element/f.8C1712D618BBFF0472B495C641D9811D.d.5F7D897B41AB1F4B8B05352BCB600D9F.e.1477/click - {}
RESULT: {}
RESULT: {}
COMMAND: POST /session/cf943d61b4ec37add412b20e5410361e/execute/async - {"script":"<script> [1562 bytes]","args":[{"selector":{"id":"application-managepartners-display-component---NewPartner--partnerDetailsCurrency-arrow"},"wdio_ui5_key":"applicationmanagepartners-display-component---NewPartner--partnerDetailsCurrency-arrow"}]}
COMMAND: GET /session/cf943d61b4ec37add412b20e5410361e/screenshot - {}
RESULT: {"script":"<script> [1562 bytes]","args":[{"selector":{"id":"application-managepartners-display-component---NewPartner--partnerDetailsCurrency-arrow"},"wdio_ui5_key":"applicationmanagepartners-display-component---NewPartner--partnerDetailsCurrency-arrow"}]}
RESULT: undefined
COMMAND: POST /session/cf943d61b4ec37add412b20e5410361e/element - {"using":"xpath","value":"//*[@id=\"application-managepartners-display-component---NewPartner--partnerDetailsCurrency-arrow\"]"}
RESULT: {}
RESULT: {"using":"xpath","value":"//*[@id=\"application-managepartners-display-component---NewPartner--partnerDetailsCurrency-arrow\"]"}
COMMAND: POST /session/cf943d61b4ec37add412b20e5410361e/element/f.8C1712D618BBFF0472B495C641D9811D.d.5F7D897B41AB1F4B8B05352BCB600D9F.e.1482/click - {}
RESULT: {}
COMMAND: POST /session/cf943d61b4ec37add412b20e5410361e/element - {"using":"xpath","value":"//span[contains(text(), \"US Dollar\")]"}
COMMAND: GET /session/cf943d61b4ec37add412b20e5410361e/screenshot - {}
RESULT: {"using":"xpath","value":"//span[contains(text(), \"US Dollar\")]"}
COMMAND: POST /session/cf943d61b4ec37add412b20e5410361e/element/f.8C1712D618BBFF0472B495C641D9811D.d.5F7D897B41AB1F4B8B05352BCB600D9F.e.1483/click - {}
RESULT: {}
RESULT: {}
COMMAND: GET /session/cf943d61b4ec37add412b20e5410361e/screenshot - {}
RESULT: {}
COMMAND: POST /session/cf943d61b4ec37add412b20e5410361e/element - {"using":"xpath","value":"//input[@id=\"application-managepartners-display-component---NewPartner--companyCodeComboBox-inner\"]"}
RESULT: {"using":"xpath","value":"//input[@id=\"application-managepartners-display-component---NewPartner--companyCodeComboBox-inner\"]"}
COMMAND: POST /session/cf943d61b4ec37add412b20e5410361e/element/f.8C1712D618BBFF0472B495C641D9811D.d.5F7D897B41AB1F4B8B05352BCB600D9F.e.1332/clear - {}
RESULT: {}
COMMAND: POST /session/cf943d61b4ec37add412b20e5410361e/element/f.8C1712D618BBFF0472B495C641D9811D.d.5F7D897B41AB1F4B8B05352BCB600D9F.e.1332/value - {"text":"C002"}
COMMAND: GET /session/cf943d61b4ec37add412b20e5410361e/screenshot - {}
RESULT: {"text":"C002"}
COMMAND: GET /session/cf943d61b4ec37add412b20e5410361e/screenshot - {}
RESULT: {}
RESULT: {}
COMMAND: POST /session/cf943d61b4ec37add412b20e5410361e/element - {"using":"xpath","value":"//li[.//span[text()= \"C002\"]]"}
RESULT: {"using":"xpath","value":"//li[.//span[text()= \"C002\"]]"}
COMMAND: POST /session/cf943d61b4ec37add412b20e5410361e/element/f.8C1712D618BBFF0472B495C641D9811D.d.5F7D897B41AB1F4B8B05352BCB600D9F.e.1487/click - {}
RESULT: {}
COMMAND: GET /session/cf943d61b4ec37add412b20e5410361e/screenshot - {}
RESULT: {}
COMMAND: POST /session/cf943d61b4ec37add412b20e5410361e/execute/async - {"script":"<script> [1562 bytes]","args":[{"selector":{"controlType":"sap.ui.core.Icon","viewName":"etm.portal.ui.managepartners.view.NewPartner","viewId":"application-managepartners-display-component---NewPartner","properties":{"src":{"regex":{"source":"slim\\-arrow\\-down"}}},"ancestor":{"controlType":"sap.m.ComboBox","viewName":"etm.portal.ui.managepartners.view.NewPartner","viewId":"application-managepartners-display-component---NewPartner","bindingPath":{"path":"","propertyPath":"/CATALOG","modelName":"oNewPartnerModel"}}},"wdio_ui5_key":"etmportal.ui.managepartners.view.NewPartnersap.ui.core.Icon{\"src\":{\"regex\":{\"source\":\"slim\\\\-arrow\\\\-down\"}}}{\"controlType\":\"sap.m.ComboBox\",\"viewName\":\"etm.portal.ui.managepartners.view.NewPartner\",\"viewId\":\"application-managepartners-display-component---NewPartner\",\"bindingPath\":{\"path\":\"\",\"propertyPath\":\"/CATALOG\",\"modelName\":\"oNewPartnerModel\"}}"}]}
RESULT: {"script":"<script> [1562 bytes]","args":[{"selector":{"controlType":"sap.ui.core.Icon","viewName":"etm.portal.ui.managepartners.view.NewPartner","viewId":"application-managepartners-display-component---NewPartner","properties":{"src":{"regex":{"source":"slim\\-arrow\\-down"}}},"ancestor":{"controlType":"sap.m.ComboBox","viewName":"etm.portal.ui.managepartners.view.NewPartner","viewId":"application-managepartners-display-component---NewPartner","bindingPath":{"path":"","propertyPath":"/CATALOG","modelName":"oNewPartnerModel"}}},"wdio_ui5_key":"etmportal.ui.managepartners.view.NewPartnersap.ui.core.Icon{\"src\":{\"regex\":{\"source\":\"slim\\\\-arrow\\\\-down\"}}}{\"controlType\":\"sap.m.ComboBox\",\"viewName\":\"etm.portal.ui.managepartners.view.NewPartner\",\"viewId\":\"application-managepartners-display-component---NewPartner\",\"bindingPath\":{\"path\":\"\",\"propertyPath\":\"/CATALOG\",\"modelName\":\"oNewPartnerModel\"}}"}]}
RESULT: undefined
COMMAND: POST /session/cf943d61b4ec37add412b20e5410361e/element - {"using":"xpath","value":"//*[@id=\"__box22-arrow\"]"}
RESULT: {"using":"xpath","value":"//*[@id=\"__box22-arrow\"]"}
COMMAND: POST /session/cf943d61b4ec37add412b20e5410361e/element/f.8C1712D618BBFF0472B495C641D9811D.d.5F7D897B41AB1F4B8B05352BCB600D9F.e.1449/click - {}
RESULT: {}
COMMAND: GET /session/cf943d61b4ec37add412b20e5410361e/screenshot - {}
RESULT: {}
COMMAND: POST /session/cf943d61b4ec37add412b20e5410361e/element - {"using":"xpath","value":"//ul[contains(@id,\"popup-list-listUl\")]//li[.//span[text()= \"Webshop Catalog\"]]"}
RESULT: {"using":"xpath","value":"//ul[contains(@id,\"popup-list-listUl\")]//li[.//span[text()= \"Webshop Catalog\"]]"}
COMMAND: POST /session/cf943d61b4ec37add412b20e5410361e/element/f.8C1712D618BBFF0472B495C641D9811D.d.5F7D897B41AB1F4B8B05352BCB600D9F.e.1489/click - {}
RESULT: {}
COMMAND: GET /session/cf943d61b4ec37add412b20e5410361e/screenshot - {}
RESULT: {}
COMMAND: POST /session/cf943d61b4ec37add412b20e5410361e/execute/async - {"script":"<script> [1562 bytes]","args":[{"selector":{"id":"application-managepartners-display-component---NewPartner--btnAddTableRow-img"},"wdio_ui5_key":"applicationmanagepartners-display-component---NewPartner--btnAddTableRow-img"}]}
RESULT: {"script":"<script> [1562 bytes]","args":[{"selector":{"id":"application-managepartners-display-component---NewPartner--btnAddTableRow-img"},"wdio_ui5_key":"applicationmanagepartners-display-component---NewPartner--btnAddTableRow-img"}]}
RESULT: undefined
COMMAND: POST /session/cf943d61b4ec37add412b20e5410361e/element - {"using":"xpath","value":"//*[@id=\"application-managepartners-display-component---NewPartner--btnAddTableRow-img\"]"}
RESULT: {"using":"xpath","value":"//*[@id=\"application-managepartners-display-component---NewPartner--btnAddTableRow-img\"]"}
COMMAND: POST /session/cf943d61b4ec37add412b20e5410361e/element/f.8C1712D618BBFF0472B495C641D9811D.d.5F7D897B41AB1F4B8B05352BCB600D9F.e.1490/click - {}
RESULT: {}
COMMAND: GET /session/cf943d61b4ec37add412b20e5410361e/screenshot - {}
RESULT: {}
COMMAND: POST /session/cf943d61b4ec37add412b20e5410361e/element - {"using":"xpath","value":"//input[@id=\"application-managepartners-display-component---NewPartner--assignmentYard-application-managepartners-display-component---NewPartner--assignmentsTable-0-inner\"]"}
RESULT: {"using":"xpath","value":"//input[@id=\"application-managepartners-display-component---NewPartner--assignmentYard-application-managepartners-display-component---NewPartner--assignmentsTable-0-inner\"]"}
COMMAND: POST /session/cf943d61b4ec37add412b20e5410361e/element/f.8C1712D618BBFF0472B495C641D9811D.d.5F7D897B41AB1F4B8B05352BCB600D9F.e.1493/clear - {}
RESULT: {}
COMMAND: POST /session/cf943d61b4ec37add412b20e5410361e/element/f.8C1712D618BBFF0472B495C641D9811D.d.5F7D897B41AB1F4B8B05352BCB600D9F.e.1493/value - {"text":"682"}
COMMAND: GET /session/cf943d61b4ec37add412b20e5410361e/screenshot - {}
RESULT: {"text":"682"}
COMMAND: GET /session/cf943d61b4ec37add412b20e5410361e/screenshot - {}
RESULT: {}
RESULT: {}
COMMAND: POST /session/cf943d61b4ec37add412b20e5410361e/element - {"using":"xpath","value":"//li[.//span[text()='682']]"}
RESULT: {"using":"xpath","value":"//li[.//span[text()='682']]"}
COMMAND: POST /session/cf943d61b4ec37add412b20e5410361e/element/f.8C1712D618BBFF0472B495C641D9811D.d.5F7D897B41AB1F4B8B05352BCB600D9F.e.1501/click - {}
RESULT: {}
COMMAND: GET /session/cf943d61b4ec37add412b20e5410361e/screenshot - {}
RESULT: {}
COMMAND: POST /session/cf943d61b4ec37add412b20e5410361e/actions - {"actions":[{"id":"action2","type":"key","parameters":{},"actions":[{"type":"keyDown","value":"î€‡"},{"type":"pause","duration":10},{"type":"keyUp","value":"î€‡"}]}]}
RESULT: {"actions":[{"id":"action2","type":"key","parameters":{},"actions":[{"type":"keyDown","value":"î€‡"},{"type":"pause","duration":10},{"type":"keyUp","value":"î€‡"}]}]}
COMMAND: POST /session/cf943d61b4ec37add412b20e5410361e/element - {"using":"xpath","value":"//td[contains(@id, \"assignmentsTable-0-cell2\")]/div/div"}
COMMAND: GET /session/cf943d61b4ec37add412b20e5410361e/screenshot - {}
RESULT: {"using":"xpath","value":"//td[contains(@id, \"assignmentsTable-0-cell2\")]/div/div"}
COMMAND: POST /session/cf943d61b4ec37add412b20e5410361e/element/f.8C1712D618BBFF0472B495C641D9811D.d.5F7D897B41AB1F4B8B05352BCB600D9F.e.1504/click - {}
RESULT: {}
RESULT: {}
COMMAND: GET /session/cf943d61b4ec37add412b20e5410361e/screenshot - {}
RESULT: {}
COMMAND: POST /session/cf943d61b4ec37add412b20e5410361e/element - {"using":"xpath","value":"//button[@data-kt=\"saveButton\"]"}
RESULT: {"using":"xpath","value":"//button[@data-kt=\"saveButton\"]"}
COMMAND: POST /session/cf943d61b4ec37add412b20e5410361e/element/f.8C1712D618BBFF0472B495C641D9811D.d.5F7D897B41AB1F4B8B05352BCB600D9F.e.1450/click - {}
RESULT: {}
COMMAND: GET /session/cf943d61b4ec37add412b20e5410361e/screenshot - {}
RESULT: {}
COMMAND: POST /session/cf943d61b4ec37add412b20e5410361e/element - {"using":"xpath","value":"//header[contains(@id, 'ObjectPageLayout-headerTitle')]/div[1]/div[2]/div[2]/span[1]"}
RESULT: {"using":"xpath","value":"//header[contains(@id, 'ObjectPageLayout-headerTitle')]/div[1]/div[2]/div[2]/span[1]"}
COMMAND: POST /session/cf943d61b4ec37add412b20e5410361e/elements - {"using":"xpath","value":"//header[contains(@id, 'ObjectPageLayout-headerTitle')]/div[1]/div[2]/div[2]/span[1]"}
RESULT: {"using":"xpath","value":"//header[contains(@id, 'ObjectPageLayout-headerTitle')]/div[1]/div[2]/div[2]/span[1]"}
COMMAND: POST /session/cf943d61b4ec37add412b20e5410361e/execute/sync - {"script":"<script> [56 bytes]","args":[{"element-6066-11e4-a52e-4f735466cecf":"f.8C1712D618BBFF0472B495C641D9811D.d.5F7D897B41AB1F4B8B05352BCB600D9F.e.1666","ELEMENT":"f.8C1712D618BBFF0472B495C641D9811D.d.5F7D897B41AB1F4B8B05352BCB600D9F.e.1666"}]}
RESULT: {"script":"<script> [56 bytes]","args":[{"element-6066-11e4-a52e-4f735466cecf":"f.8C1712D618BBFF0472B495C641D9811D.d.5F7D897B41AB1F4B8B05352BCB600D9F.e.1666","ELEMENT":"f.8C1712D618BBFF0472B495C641D9811D.d.5F7D897B41AB1F4B8B05352BCB600D9F.e.1666"}]}
COMMAND: POST /session/cf943d61b4ec37add412b20e5410361e/element - {"using":"css selector","value":"#shell-header-logo"}
COMMAND: GET /session/cf943d61b4ec37add412b20e5410361e/screenshot - {}
RESULT: {"using":"css selector","value":"#shell-header-logo"}
COMMAND: POST /session/cf943d61b4ec37add412b20e5410361e/element/f.8C1712D618BBFF0472B495C641D9811D.d.5F7D897B41AB1F4B8B05352BCB600D9F.e.985/click - {}
RESULT: {}
RESULT: {}
COMMAND: GET /session/cf943d61b4ec37add412b20e5410361e/screenshot - {}
RESULT: {}
COMMAND: POST /session/cf943d61b4ec37add412b20e5410361e/execute/sync - {"script":"<script> [299 bytes]","args":[["getModel","getResource"]]}
RESULT: {"script":"<script> [299 bytes]","args":[["getModel","getResource"]]}
]]></system-out>
    </testcase>
    <testcase classname="chrome.137_0_7151_69.windows.Stock_increase_-_with_WHM_US125587" name="Should create a new WHM site" time="159.652">
      <system-out><![CDATA[
COMMAND: GET /session/cf943d61b4ec37add412b20e5410361e/screenshot - {}
COMMAND: POST /session/cf943d61b4ec37add412b20e5410361e/execute/async - {"script":"<script> [1562 bytes]","args":[{"selector":{"controlType":"sap.m.GenericTile","properties":{"header":"Manage Sites"}},"wdio_ui5_key":"sapm.GenericTile{\"header\":\"Manage Sites\"}"}]}
RESULT: {}
RESULT: {"script":"<script> [1562 bytes]","args":[{"selector":{"controlType":"sap.m.GenericTile","properties":{"header":"Manage Sites"}},"wdio_ui5_key":"sapm.GenericTile{\"header\":\"Manage Sites\"}"}]}
RESULT: undefined
COMMAND: POST /session/cf943d61b4ec37add412b20e5410361e/element - {"using":"xpath","value":"//*[@id=\"__tile40\"]"}
RESULT: {"using":"xpath","value":"//*[@id=\"__tile40\"]"}
COMMAND: POST /session/cf943d61b4ec37add412b20e5410361e/element/f.8C1712D618BBFF0472B495C641D9811D.d.5F7D897B41AB1F4B8B05352BCB600D9F.e.123/click - {}
RESULT: {}
COMMAND: GET /session/cf943d61b4ec37add412b20e5410361e/screenshot - {}
RESULT: {}
COMMAND: POST /session/cf943d61b4ec37add412b20e5410361e/elements - {"using":"xpath","value":"//span[text()='Error']"}
RESULT: {"using":"xpath","value":"//span[text()='Error']"}
COMMAND: POST /session/cf943d61b4ec37add412b20e5410361e/element - {"using":"xpath","value":"//button[@data-kt=\"addOverflowToolbarButton\"]"}
RESULT: {"using":"xpath","value":"//button[@data-kt=\"addOverflowToolbarButton\"]"}
COMMAND: POST /session/cf943d61b4ec37add412b20e5410361e/elements - {"using":"xpath","value":"//button[@data-kt=\"addOverflowToolbarButton\"]"}
RESULT: {"using":"xpath","value":"//button[@data-kt=\"addOverflowToolbarButton\"]"}
COMMAND: POST /session/cf943d61b4ec37add412b20e5410361e/execute/sync - {"script":"<script> [8489 bytes]","args":[{"element-6066-11e4-a52e-4f735466cecf":"f.8C1712D618BBFF0472B495C641D9811D.d.5F7D897B41AB1F4B8B05352BCB600D9F.e.1714","ELEMENT":"f.8C1712D618BBFF0472B495C641D9811D.d.5F7D897B41AB1F4B8B05352BCB600D9F.e.1714"}]}
RESULT: {"script":"<script> [8489 bytes]","args":[{"element-6066-11e4-a52e-4f735466cecf":"f.8C1712D618BBFF0472B495C641D9811D.d.5F7D897B41AB1F4B8B05352BCB600D9F.e.1714","ELEMENT":"f.8C1712D618BBFF0472B495C641D9811D.d.5F7D897B41AB1F4B8B05352BCB600D9F.e.1714"}]}
COMMAND: GET /session/cf943d61b4ec37add412b20e5410361e/element/f.8C1712D618BBFF0472B495C641D9811D.d.5F7D897B41AB1F4B8B05352BCB600D9F.e.1714/enabled - {}
COMMAND: GET /session/cf943d61b4ec37add412b20e5410361e/screenshot - {}
RESULT: {}
COMMAND: POST /session/cf943d61b4ec37add412b20e5410361e/execute/sync - {"script":"<script> [8489 bytes]","args":[{"element-6066-11e4-a52e-4f735466cecf":"f.8C1712D618BBFF0472B495C641D9811D.d.5F7D897B41AB1F4B8B05352BCB600D9F.e.1714","ELEMENT":"f.8C1712D618BBFF0472B495C641D9811D.d.5F7D897B41AB1F4B8B05352BCB600D9F.e.1714"}]}
COMMAND: GET /session/cf943d61b4ec37add412b20e5410361e/screenshot - {}
RESULT: {}
RESULT: {"script":"<script> [8489 bytes]","args":[{"element-6066-11e4-a52e-4f735466cecf":"f.8C1712D618BBFF0472B495C641D9811D.d.5F7D897B41AB1F4B8B05352BCB600D9F.e.1714","ELEMENT":"f.8C1712D618BBFF0472B495C641D9811D.d.5F7D897B41AB1F4B8B05352BCB600D9F.e.1714"}]}
COMMAND: POST /session/cf943d61b4ec37add412b20e5410361e/execute/sync - {"script":"<script> [5351 bytes]","args":[{"element-6066-11e4-a52e-4f735466cecf":"f.8C1712D618BBFF0472B495C641D9811D.d.5F7D897B41AB1F4B8B05352BCB600D9F.e.1714","ELEMENT":"f.8C1712D618BBFF0472B495C641D9811D.d.5F7D897B41AB1F4B8B05352BCB600D9F.e.1714"}]}
COMMAND: GET /session/cf943d61b4ec37add412b20e5410361e/screenshot - {}
RESULT: {}
RESULT: {"script":"<script> [5351 bytes]","args":[{"element-6066-11e4-a52e-4f735466cecf":"f.8C1712D618BBFF0472B495C641D9811D.d.5F7D897B41AB1F4B8B05352BCB600D9F.e.1714","ELEMENT":"f.8C1712D618BBFF0472B495C641D9811D.d.5F7D897B41AB1F4B8B05352BCB600D9F.e.1714"}]}
COMMAND: POST /session/cf943d61b4ec37add412b20e5410361e/element/f.8C1712D618BBFF0472B495C641D9811D.d.5F7D897B41AB1F4B8B05352BCB600D9F.e.1714/click - {}
COMMAND: GET /session/cf943d61b4ec37add412b20e5410361e/screenshot - {}
RESULT: {}
RESULT: {}
COMMAND: GET /session/cf943d61b4ec37add412b20e5410361e/screenshot - {}
COMMAND: POST /session/cf943d61b4ec37add412b20e5410361e/element - {"using":"xpath","value":"//input[@id=\"application-managesites-display-component---NewSite--siteId-inner\"]"}
RESULT: {}
RESULT: {}
RESULT: {"using":"xpath","value":"//input[@id=\"application-managesites-display-component---NewSite--siteId-inner\"]"}
COMMAND: POST /session/cf943d61b4ec37add412b20e5410361e/element - {"using":"xpath","value":"//input[@id=\"application-managesites-display-component---NewSite--siteId-inner\"]"}
RESULT: {"using":"xpath","value":"//input[@id=\"application-managesites-display-component---NewSite--siteId-inner\"]"}
COMMAND: POST /session/cf943d61b4ec37add412b20e5410361e/execute/async - {"script":"<script> [1562 bytes]","args":[{"selector":{"id":"application-managesites-display-component---NewSite--addressDetailDetailsName1","interaction":{"idSuffix":"inner"}},"wdio_ui5_key":"applicationmanagesites-display-component---NewSite--addressDetailDetailsName1"}]}
RESULT: {"script":"<script> [1562 bytes]","args":[{"selector":{"id":"application-managesites-display-component---NewSite--addressDetailDetailsName1","interaction":{"idSuffix":"inner"}},"wdio_ui5_key":"applicationmanagesites-display-component---NewSite--addressDetailDetailsName1"}]}
RESULT: undefined
COMMAND: POST /session/cf943d61b4ec37add412b20e5410361e/execute/async - {"script":"<script> [776 bytes]","args":[{"enterText":"Warehouse Managed Site WDIO","selector":{"id":"application-managesites-display-component---NewSite--addressDetailDetailsName1","interaction":{"idSuffix":"inner"}},"clearTextFirst":true,"interactionType":"ENTER_TEXT"}]}
RESULT: {"script":"<script> [776 bytes]","args":[{"enterText":"Warehouse Managed Site WDIO","selector":{"id":"application-managesites-display-component---NewSite--addressDetailDetailsName1","interaction":{"idSuffix":"inner"}},"clearTextFirst":true,"interactionType":"ENTER_TEXT"}]}
COMMAND: POST /session/cf943d61b4ec37add412b20e5410361e/execute/async - {"script":"<script> [1562 bytes]","args":[{"selector":{"id":"application-managesites-display-component---NewSite--addressDetailDetailsLanguage-arrow"},"wdio_ui5_key":"applicationmanagesites-display-component---NewSite--addressDetailDetailsLanguage-arrow"}]}
RESULT: {"script":"<script> [1562 bytes]","args":[{"selector":{"id":"application-managesites-display-component---NewSite--addressDetailDetailsLanguage-arrow"},"wdio_ui5_key":"applicationmanagesites-display-component---NewSite--addressDetailDetailsLanguage-arrow"}]}
RESULT: undefined
COMMAND: POST /session/cf943d61b4ec37add412b20e5410361e/element - {"using":"xpath","value":"//*[@id=\"application-managesites-display-component---NewSite--addressDetailDetailsLanguage-arrow\"]"}
RESULT: {"using":"xpath","value":"//*[@id=\"application-managesites-display-component---NewSite--addressDetailDetailsLanguage-arrow\"]"}
COMMAND: POST /session/cf943d61b4ec37add412b20e5410361e/element/f.8C1712D618BBFF0472B495C641D9811D.d.5F7D897B41AB1F4B8B05352BCB600D9F.e.2350/click - {}
RESULT: {}
COMMAND: POST /session/cf943d61b4ec37add412b20e5410361e/element - {"using":"xpath","value":"//span[contains(text(), \"English\")]"}
COMMAND: GET /session/cf943d61b4ec37add412b20e5410361e/screenshot - {}
RESULT: {"using":"xpath","value":"//span[contains(text(), \"English\")]"}
COMMAND: POST /session/cf943d61b4ec37add412b20e5410361e/element/f.8C1712D618BBFF0472B495C641D9811D.d.5F7D897B41AB1F4B8B05352BCB600D9F.e.2351/click - {}
RESULT: {}
RESULT: {}
COMMAND: POST /session/cf943d61b4ec37add412b20e5410361e/execute/async - {"script":"<script> [1562 bytes]","args":[{"selector":{"id":"application-managesites-display-component---NewSite--addressDetailDetailsCity1","interaction":{"idSuffix":"inner"}},"wdio_ui5_key":"applicationmanagesites-display-component---NewSite--addressDetailDetailsCity1"}]}
COMMAND: GET /session/cf943d61b4ec37add412b20e5410361e/screenshot - {}
RESULT: {"script":"<script> [1562 bytes]","args":[{"selector":{"id":"application-managesites-display-component---NewSite--addressDetailDetailsCity1","interaction":{"idSuffix":"inner"}},"wdio_ui5_key":"applicationmanagesites-display-component---NewSite--addressDetailDetailsCity1"}]}
RESULT: undefined
COMMAND: POST /session/cf943d61b4ec37add412b20e5410361e/execute/async - {"script":"<script> [776 bytes]","args":[{"enterText":"Rosario","selector":{"id":"application-managesites-display-component---NewSite--addressDetailDetailsCity1","interaction":{"idSuffix":"inner"}},"clearTextFirst":true,"interactionType":"ENTER_TEXT"}]}
RESULT: {}
RESULT: {"script":"<script> [776 bytes]","args":[{"enterText":"Rosario","selector":{"id":"application-managesites-display-component---NewSite--addressDetailDetailsCity1","interaction":{"idSuffix":"inner"}},"clearTextFirst":true,"interactionType":"ENTER_TEXT"}]}
COMMAND: POST /session/cf943d61b4ec37add412b20e5410361e/execute/async - {"script":"<script> [1562 bytes]","args":[{"selector":{"id":"application-managesites-display-component---NewSite--addressDetailDetailsCountry-arrow"},"wdio_ui5_key":"applicationmanagesites-display-component---NewSite--addressDetailDetailsCountry-arrow"}]}
RESULT: {"script":"<script> [1562 bytes]","args":[{"selector":{"id":"application-managesites-display-component---NewSite--addressDetailDetailsCountry-arrow"},"wdio_ui5_key":"applicationmanagesites-display-component---NewSite--addressDetailDetailsCountry-arrow"}]}
RESULT: undefined
COMMAND: POST /session/cf943d61b4ec37add412b20e5410361e/element - {"using":"xpath","value":"//*[@id=\"application-managesites-display-component---NewSite--addressDetailDetailsCountry-arrow\"]"}
RESULT: {"using":"xpath","value":"//*[@id=\"application-managesites-display-component---NewSite--addressDetailDetailsCountry-arrow\"]"}
COMMAND: POST /session/cf943d61b4ec37add412b20e5410361e/element/f.8C1712D618BBFF0472B495C641D9811D.d.5F7D897B41AB1F4B8B05352BCB600D9F.e.2353/click - {}
RESULT: {}
COMMAND: POST /session/cf943d61b4ec37add412b20e5410361e/element - {"using":"xpath","value":"//span[contains(text(), \"Argentina\")]"}
COMMAND: GET /session/cf943d61b4ec37add412b20e5410361e/screenshot - {}
RESULT: {"using":"xpath","value":"//span[contains(text(), \"Argentina\")]"}
COMMAND: POST /session/cf943d61b4ec37add412b20e5410361e/element/f.8C1712D618BBFF0472B495C641D9811D.d.5F7D897B41AB1F4B8B05352BCB600D9F.e.2354/click - {}
RESULT: {}
RESULT: {}
COMMAND: GET /session/cf943d61b4ec37add412b20e5410361e/screenshot - {}
RESULT: {}
COMMAND: POST /session/cf943d61b4ec37add412b20e5410361e/execute/async - {"script":"<script> [1562 bytes]","args":[{"selector":{"id":"application-managesites-display-component---NewSite--addressEditDetailsCostObjectCstType-arrow"},"wdio_ui5_key":"applicationmanagesites-display-component---NewSite--addressEditDetailsCostObjectCstType-arrow"}]}
RESULT: {"script":"<script> [1562 bytes]","args":[{"selector":{"id":"application-managesites-display-component---NewSite--addressEditDetailsCostObjectCstType-arrow"},"wdio_ui5_key":"applicationmanagesites-display-component---NewSite--addressEditDetailsCostObjectCstType-arrow"}]}
RESULT: undefined
COMMAND: POST /session/cf943d61b4ec37add412b20e5410361e/element - {"using":"xpath","value":"//*[@id=\"application-managesites-display-component---NewSite--addressEditDetailsCostObjectCstType-arrow\"]"}
RESULT: {"using":"xpath","value":"//*[@id=\"application-managesites-display-component---NewSite--addressEditDetailsCostObjectCstType-arrow\"]"}
COMMAND: POST /session/cf943d61b4ec37add412b20e5410361e/element/f.8C1712D618BBFF0472B495C641D9811D.d.5F7D897B41AB1F4B8B05352BCB600D9F.e.2356/click - {}
RESULT: {}
COMMAND: POST /session/cf943d61b4ec37add412b20e5410361e/element - {"using":"xpath","value":"//span[contains(text(), \"Cost Center\")]"}
COMMAND: GET /session/cf943d61b4ec37add412b20e5410361e/screenshot - {}
RESULT: {"using":"xpath","value":"//span[contains(text(), \"Cost Center\")]"}
COMMAND: POST /session/cf943d61b4ec37add412b20e5410361e/element/f.8C1712D618BBFF0472B495C641D9811D.d.5F7D897B41AB1F4B8B05352BCB600D9F.e.2357/click - {}
RESULT: {}
RESULT: {}
COMMAND: GET /session/cf943d61b4ec37add412b20e5410361e/screenshot - {}
RESULT: {}
COMMAND: POST /session/cf943d61b4ec37add412b20e5410361e/element - {"using":"xpath","value":"//span[@id=\"application-managesites-display-component---NewSite--addressNewCostObjectCstID-vhi\"]"}
RESULT: {"using":"xpath","value":"//span[@id=\"application-managesites-display-component---NewSite--addressNewCostObjectCstID-vhi\"]"}
COMMAND: POST /session/cf943d61b4ec37add412b20e5410361e/execute/sync - {"script":"<script> [8489 bytes]","args":[{"element-6066-11e4-a52e-4f735466cecf":"f.8C1712D618BBFF0472B495C641D9811D.d.5F7D897B41AB1F4B8B05352BCB600D9F.e.2361","ELEMENT":"f.8C1712D618BBFF0472B495C641D9811D.d.5F7D897B41AB1F4B8B05352BCB600D9F.e.2361"}]}
RESULT: {"script":"<script> [8489 bytes]","args":[{"element-6066-11e4-a52e-4f735466cecf":"f.8C1712D618BBFF0472B495C641D9811D.d.5F7D897B41AB1F4B8B05352BCB600D9F.e.2361","ELEMENT":"f.8C1712D618BBFF0472B495C641D9811D.d.5F7D897B41AB1F4B8B05352BCB600D9F.e.2361"}]}
COMMAND: POST /session/cf943d61b4ec37add412b20e5410361e/execute/async - {"script":"<script> [1562 bytes]","args":[{"selector":{"id":"application-managesites-display-component---NewSite--addressNewCostObjectCstID-vhi"},"wdio_ui5_key":"applicationmanagesites-display-component---NewSite--addressNewCostObjectCstID-vhi"}]}
COMMAND: GET /session/cf943d61b4ec37add412b20e5410361e/screenshot - {}
RESULT: {"script":"<script> [1562 bytes]","args":[{"selector":{"id":"application-managesites-display-component---NewSite--addressNewCostObjectCstID-vhi"},"wdio_ui5_key":"applicationmanagesites-display-component---NewSite--addressNewCostObjectCstID-vhi"}]}
RESULT: undefined
COMMAND: POST /session/cf943d61b4ec37add412b20e5410361e/element - {"using":"xpath","value":"//*[@id=\"application-managesites-display-component---NewSite--addressNewCostObjectCstID-vhi\"]"}
RESULT: {}
RESULT: {"using":"xpath","value":"//*[@id=\"application-managesites-display-component---NewSite--addressNewCostObjectCstID-vhi\"]"}
COMMAND: POST /session/cf943d61b4ec37add412b20e5410361e/element/f.8C1712D618BBFF0472B495C641D9811D.d.5F7D897B41AB1F4B8B05352BCB600D9F.e.2361/click - {}
RESULT: {}
COMMAND: GET /session/cf943d61b4ec37add412b20e5410361e/screenshot - {}
RESULT: {}
RESULT: undefined
COMMAND: POST /session/cf943d61b4ec37add412b20e5410361e/execute/async - {"script":"<script> [776 bytes]","args":[{"enterText":"10001013","selector":{"controlType":"sap.m.SearchField","properties":{"placeholder":"Search"},"searchOpenDialogs":true,"interaction":{"idSuffix":"I"}},"clearTextFirst":true,"interactionType":"ENTER_TEXT"}]}
RESULT: {"script":"<script> [776 bytes]","args":[{"enterText":"10001013","selector":{"controlType":"sap.m.SearchField","properties":{"placeholder":"Search"},"searchOpenDialogs":true,"interaction":{"idSuffix":"I"}},"clearTextFirst":true,"interactionType":"ENTER_TEXT"}]}
COMMAND: POST /session/cf943d61b4ec37add412b20e5410361e/actions - {"actions":[{"id":"action3","type":"key","parameters":{},"actions":[{"type":"keyDown","value":"î€‡"},{"type":"pause","duration":10},{"type":"keyUp","value":"î€‡"}]}]}
RESULT: {"actions":[{"id":"action3","type":"key","parameters":{},"actions":[{"type":"keyDown","value":"î€‡"},{"type":"pause","duration":10},{"type":"keyUp","value":"î€‡"}]}]}
COMMAND: GET /session/cf943d61b4ec37add412b20e5410361e/screenshot - {}
RESULT: {}
COMMAND: POST /session/cf943d61b4ec37add412b20e5410361e/element - {"using":"xpath","value":"//span[contains(text(), \"General Management\")]"}
RESULT: {"using":"xpath","value":"//span[contains(text(), \"General Management\")]"}
COMMAND: POST /session/cf943d61b4ec37add412b20e5410361e/element/f.8C1712D618BBFF0472B495C641D9811D.d.5F7D897B41AB1F4B8B05352BCB600D9F.e.2401/click - {}
RESULT: {}
COMMAND: GET /session/cf943d61b4ec37add412b20e5410361e/screenshot - {}
RESULT: {}
COMMAND: POST /session/cf943d61b4ec37add412b20e5410361e/element - {"using":"xpath","value":"//bdi[contains(text(), \"OK\")]"}
RESULT: {"using":"xpath","value":"//bdi[contains(text(), \"OK\")]"}
COMMAND: POST /session/cf943d61b4ec37add412b20e5410361e/element/f.8C1712D618BBFF0472B495C641D9811D.d.5F7D897B41AB1F4B8B05352BCB600D9F.e.2402/click - {}
RESULT: {}
COMMAND: GET /session/cf943d61b4ec37add412b20e5410361e/screenshot - {}
RESULT: {}
COMMAND: POST /session/cf943d61b4ec37add412b20e5410361e/element - {"using":"xpath","value":"//input[@id=\"application-managesites-display-component---NewSite--addressDetailDetailsCalendar-inner\"]"}
RESULT: {"using":"xpath","value":"//input[@id=\"application-managesites-display-component---NewSite--addressDetailDetailsCalendar-inner\"]"}
COMMAND: POST /session/cf943d61b4ec37add412b20e5410361e/element/f.8C1712D618BBFF0472B495C641D9811D.d.5F7D897B41AB1F4B8B05352BCB600D9F.e.2146/clear - {}
RESULT: {}
COMMAND: POST /session/cf943d61b4ec37add412b20e5410361e/element/f.8C1712D618BBFF0472B495C641D9811D.d.5F7D897B41AB1F4B8B05352BCB600D9F.e.2146/value - {"text":"Unit"}
COMMAND: GET /session/cf943d61b4ec37add412b20e5410361e/screenshot - {}
RESULT: {"text":"Unit"}
COMMAND: GET /session/cf943d61b4ec37add412b20e5410361e/screenshot - {}
RESULT: {}
RESULT: {}
COMMAND: POST /session/cf943d61b4ec37add412b20e5410361e/actions - {"actions":[{"id":"action4","type":"key","parameters":{},"actions":[{"type":"keyDown","value":"î€‡"},{"type":"pause","duration":10},{"type":"keyUp","value":"î€‡"}]}]}
RESULT: {"actions":[{"id":"action4","type":"key","parameters":{},"actions":[{"type":"keyDown","value":"î€‡"},{"type":"pause","duration":10},{"type":"keyUp","value":"î€‡"}]}]}
COMMAND: POST /session/cf943d61b4ec37add412b20e5410361e/element - {"using":"xpath","value":"//input[@id=\"application-managesites-display-component---NewSite--addressDetailDetailsYard-inner\"]"}
COMMAND: GET /session/cf943d61b4ec37add412b20e5410361e/screenshot - {}
RESULT: {"using":"xpath","value":"//input[@id=\"application-managesites-display-component---NewSite--addressDetailDetailsYard-inner\"]"}
COMMAND: POST /session/cf943d61b4ec37add412b20e5410361e/element/f.8C1712D618BBFF0472B495C641D9811D.d.5F7D897B41AB1F4B8B05352BCB600D9F.e.2147/clear - {}
RESULT: {}
RESULT: {}
COMMAND: POST /session/cf943d61b4ec37add412b20e5410361e/element/f.8C1712D618BBFF0472B495C641D9811D.d.5F7D897B41AB1F4B8B05352BCB600D9F.e.2147/value - {"text":"682"}
COMMAND: GET /session/cf943d61b4ec37add412b20e5410361e/screenshot - {}
RESULT: {"text":"682"}
COMMAND: GET /session/cf943d61b4ec37add412b20e5410361e/screenshot - {}
RESULT: {}
RESULT: {}
COMMAND: POST /session/cf943d61b4ec37add412b20e5410361e/element - {"using":"xpath","value":"//li[.//span[text()='682']]"}
RESULT: {"using":"xpath","value":"//li[.//span[text()='682']]"}
COMMAND: POST /session/cf943d61b4ec37add412b20e5410361e/element/f.8C1712D618BBFF0472B495C641D9811D.d.5F7D897B41AB1F4B8B05352BCB600D9F.e.2410/click - {}
RESULT: {}
COMMAND: GET /session/cf943d61b4ec37add412b20e5410361e/screenshot - {}
RESULT: {}
COMMAND: POST /session/cf943d61b4ec37add412b20e5410361e/element - {"using":"xpath","value":"//input[@id=\"application-managesites-display-component---NewSite--addressDetailDetailsPartner-inner\"]"}
RESULT: {"using":"xpath","value":"//input[@id=\"application-managesites-display-component---NewSite--addressDetailDetailsPartner-inner\"]"}
COMMAND: POST /session/cf943d61b4ec37add412b20e5410361e/element - {"using":"xpath","value":"//input[@id=\"application-managesites-display-component---NewSite--addressDetailDetailsPartner-inner\"]"}
RESULT: {"using":"xpath","value":"//input[@id=\"application-managesites-display-component---NewSite--addressDetailDetailsPartner-inner\"]"}
COMMAND: POST /session/cf943d61b4ec37add412b20e5410361e/execute/async - {"script":"<script> [1562 bytes]","args":[{"selector":{"id":"application-managesites-display-component---NewSite--siteWhmCheckBox-label","interaction":{"idSuffix":"bdi"}},"wdio_ui5_key":"applicationmanagesites-display-component---NewSite--siteWhmCheckBox-label"}]}
RESULT: {"script":"<script> [1562 bytes]","args":[{"selector":{"id":"application-managesites-display-component---NewSite--siteWhmCheckBox-label","interaction":{"idSuffix":"bdi"}},"wdio_ui5_key":"applicationmanagesites-display-component---NewSite--siteWhmCheckBox-label"}]}
RESULT: undefined
COMMAND: POST /session/cf943d61b4ec37add412b20e5410361e/element - {"using":"xpath","value":"//*[@id=\"application-managesites-display-component---NewSite--siteWhmCheckBox-label\"]"}
RESULT: {"using":"xpath","value":"//*[@id=\"application-managesites-display-component---NewSite--siteWhmCheckBox-label\"]"}
COMMAND: POST /session/cf943d61b4ec37add412b20e5410361e/element/f.8C1712D618BBFF0472B495C641D9811D.d.5F7D897B41AB1F4B8B05352BCB600D9F.e.2412/click - {}
RESULT: {}
COMMAND: GET /session/cf943d61b4ec37add412b20e5410361e/screenshot - {}
RESULT: {}
COMMAND: POST /session/cf943d61b4ec37add412b20e5410361e/element - {"using":"xpath","value":"//button[@data-kt=\"saveButton\"]"}
RESULT: {"using":"xpath","value":"//button[@data-kt=\"saveButton\"]"}
COMMAND: POST /session/cf943d61b4ec37add412b20e5410361e/element/f.8C1712D618BBFF0472B495C641D9811D.d.5F7D897B41AB1F4B8B05352BCB600D9F.e.2343/click - {}
RESULT: {}
COMMAND: GET /session/cf943d61b4ec37add412b20e5410361e/screenshot - {}
RESULT: {}
COMMAND: POST /session/cf943d61b4ec37add412b20e5410361e/element - {"using":"xpath","value":"//header[contains(@id, 'ObjectPageLayout-headerTitle')]/div[1]/div[2]/div[2]/span[1]"}
RESULT: {"using":"xpath","value":"//header[contains(@id, 'ObjectPageLayout-headerTitle')]/div[1]/div[2]/div[2]/span[1]"}
COMMAND: POST /session/cf943d61b4ec37add412b20e5410361e/elements - {"using":"xpath","value":"//header[contains(@id, 'ObjectPageLayout-headerTitle')]/div[1]/div[2]/div[2]/span[1]"}
RESULT: {"using":"xpath","value":"//header[contains(@id, 'ObjectPageLayout-headerTitle')]/div[1]/div[2]/div[2]/span[1]"}
COMMAND: POST /session/cf943d61b4ec37add412b20e5410361e/execute/sync - {"script":"<script> [56 bytes]","args":[{"element-6066-11e4-a52e-4f735466cecf":"f.8C1712D618BBFF0472B495C641D9811D.d.5F7D897B41AB1F4B8B05352BCB600D9F.e.2621","ELEMENT":"f.8C1712D618BBFF0472B495C641D9811D.d.5F7D897B41AB1F4B8B05352BCB600D9F.e.2621"}]}
RESULT: {"script":"<script> [56 bytes]","args":[{"element-6066-11e4-a52e-4f735466cecf":"f.8C1712D618BBFF0472B495C641D9811D.d.5F7D897B41AB1F4B8B05352BCB600D9F.e.2621","ELEMENT":"f.8C1712D618BBFF0472B495C641D9811D.d.5F7D897B41AB1F4B8B05352BCB600D9F.e.2621"}]}
COMMAND: POST /session/cf943d61b4ec37add412b20e5410361e/element - {"using":"css selector","value":"#shell-header-logo"}
COMMAND: GET /session/cf943d61b4ec37add412b20e5410361e/screenshot - {}
RESULT: {"using":"css selector","value":"#shell-header-logo"}
COMMAND: POST /session/cf943d61b4ec37add412b20e5410361e/element/f.8C1712D618BBFF0472B495C641D9811D.d.5F7D897B41AB1F4B8B05352BCB600D9F.e.1672/click - {}
RESULT: {}
RESULT: {}
COMMAND: GET /session/cf943d61b4ec37add412b20e5410361e/screenshot - {}
RESULT: {}
COMMAND: POST /session/cf943d61b4ec37add412b20e5410361e/execute/sync - {"script":"<script> [299 bytes]","args":[["getModel","getResource"]]}
RESULT: {"script":"<script> [299 bytes]","args":[["getModel","getResource"]]}
COMMAND: POST /session/cf943d61b4ec37add412b20e5410361e/actions - {"actions":[{"id":"action5","type":"key","parameters":{},"actions":[{"type":"keyDown","value":"î€‡"},{"type":"pause","duration":10},{"type":"keyUp","value":"î€‡"}]}]}
COMMAND: GET /session/cf943d61b4ec37add412b20e5410361e/screenshot - {}
RESULT: {"actions":[{"id":"action5","type":"key","parameters":{},"actions":[{"type":"keyDown","value":"î€‡"},{"type":"pause","duration":10},{"type":"keyUp","value":"î€‡"}]}]}
COMMAND: GET /session/cf943d61b4ec37add412b20e5410361e/screenshot - {}
RESULT: {}
RESULT: {}
COMMAND: POST /session/cf943d61b4ec37add412b20e5410361e/refresh - {}
RESULT: {}
COMMAND: GET /session/cf943d61b4ec37add412b20e5410361e/screenshot - {}
RESULT: {}
COMMAND: POST /session/cf943d61b4ec37add412b20e5410361e/refresh - {}
RESULT: {}
COMMAND: GET /session/cf943d61b4ec37add412b20e5410361e/screenshot - {}
COMMAND: POST /session/cf943d61b4ec37add412b20e5410361e/window/fullscreen - {}
RESULT: {}
RESULT: {}
COMMAND: POST /session/cf943d61b4ec37add412b20e5410361e/execute/async - {"script":"<script> [189 bytes]","args":[]}
RESULT: {"script":"<script> [189 bytes]","args":[]}
COMMAND: POST /session/cf943d61b4ec37add412b20e5410361e/execute/async - {"script":"<script> [123 bytes]","args":[]}
RESULT: {"script":"<script> [123 bytes]","args":[]}
COMMAND: POST /session/cf943d61b4ec37add412b20e5410361e/timeouts - {"script":"<number>"}
RESULT: {"script":"<number>"}
COMMAND: GET /session/cf943d61b4ec37add412b20e5410361e/timeouts - {}
RESULT: {}
RESULT: undefined
COMMAND: POST /session/cf943d61b4ec37add412b20e5410361e/execute/async - {"script":"<script> [2676 bytes]","args":[]}
RESULT: {"script":"<script> [2676 bytes]","args":[]}
COMMAND: POST /session/cf943d61b4ec37add412b20e5410361e/execute/async - {"script":"<script> [2342 bytes]","args":[{"protocol":"http","hostname":"0.0.0.0","path":"/","capabilities":{"browserName":"chrome","goog:chromeOptions":{"binary":"C:\\Program Files\\Google\\Chrome\\Application\\chrome.exe","args":["--start-maximized"]}},"logLevel":"warn","connectionRetryTimeout":120000,"connectionRetryCount":3,"logLevels":{},"enableDirectConnect":true,"strictSSL":true,"_":"65 more keys: [\"cacheDir\",\"port\",\"requestedCapabilities\",\"automationProtocol\",\"baseUrl\",\"waitforInterval\",\"waitforTimeout\",\"onReload\",\"beforeCommand\",\"afterCommand\",\"rootDir\",\"specs\",\"suites\",\"exclude\",\"groupLogsByTestSpec\",\"excludeDriverLogs\",\"bail\",\"framework\",\"reporters\",\"services\",\"maxInstances\",\"maxInstancesPerCapability\",\"injectGlobals\",\"filesToWatch\",\"execArgv\",\"runnerEnv\",\"runner\",\"shard\",\"specFileRetries\",\"specFileRetriesDelay\",\"specFileRetriesDeferred\",\"reporterSyncInterval\",\"reporterSyncTimeout\",\"cucumberFeaturesWithLineNumbers\",\"autoCompileOpts\",\"mochaOpts\",\"jasmineOpts\",\"cucumberOpts\",\"onPrepare\",\"onWorkerStart\",\"onWorkerEnd\",\"before\",\"beforeSession\",\"beforeSuite\",\"beforeHook\",\"beforeTest\",\"afterTest\",\"afterHook\",\"afterSuite\",\"afterSession\",\"after\",\"onComplete\",\"beforeAssertion\",\"afterAssertion\",\"beforeFeature\",\"beforeScenario\",\"beforeStep\",\"afterStep\",\"afterScenario\",\"afterFeature\",\"_\",\"suite\",\"$0\",\"ignoredWorkerServices\",\"wdi5\"]"}]}
RESULT: {"script":"<script> [2342 bytes]","args":[{"protocol":"http","hostname":"0.0.0.0","path":"/","capabilities":{"browserName":"chrome","goog:chromeOptions":{"binary":"C:\\Program Files\\Google\\Chrome\\Application\\chrome.exe","args":["--start-maximized"]}},"logLevel":"warn","connectionRetryTimeout":120000,"connectionRetryCount":3,"logLevels":{},"enableDirectConnect":true,"strictSSL":true,"_":"65 more keys: [\"cacheDir\",\"port\",\"requestedCapabilities\",\"automationProtocol\",\"baseUrl\",\"waitforInterval\",\"waitforTimeout\",\"onReload\",\"beforeCommand\",\"afterCommand\",\"rootDir\",\"specs\",\"suites\",\"exclude\",\"groupLogsByTestSpec\",\"excludeDriverLogs\",\"bail\",\"framework\",\"reporters\",\"services\",\"maxInstances\",\"maxInstancesPerCapability\",\"injectGlobals\",\"filesToWatch\",\"execArgv\",\"runnerEnv\",\"runner\",\"shard\",\"specFileRetries\",\"specFileRetriesDelay\",\"specFileRetriesDeferred\",\"reporterSyncInterval\",\"reporterSyncTimeout\",\"cucumberFeaturesWithLineNumbers\",\"autoCompileOpts\",\"mochaOpts\",\"jasmineOpts\",\"cucumberOpts\",\"onPrepare\",\"onWorkerStart\",\"onWorkerEnd\",\"before\",\"beforeSession\",\"beforeSuite\",\"beforeHook\",\"beforeTest\",\"afterTest\",\"afterHook\",\"afterSuite\",\"afterSession\",\"after\",\"onComplete\",\"beforeAssertion\",\"afterAssertion\",\"beforeFeature\",\"beforeScenario\",\"beforeStep\",\"afterStep\",\"afterScenario\",\"afterFeature\",\"_\",\"suite\",\"$0\",\"ignoredWorkerServices\",\"wdi5\"]"}]}
COMMAND: POST /session/cf943d61b4ec37add412b20e5410361e/execute/async - {"script":"<script> [21126 bytes]","args":[35000]}
RESULT: {"script":"<script> [21126 bytes]","args":[35000]}
COMMAND: POST /session/cf943d61b4ec37add412b20e5410361e/window/fullscreen - {}
RESULT: {}
]]></system-out>
    </testcase>
    <testcase classname="chrome.137_0_7151_69.windows.Stock_increase_-_with_WHM_US125587" name="Should create a new material" time="123.252">
      <system-out><![CDATA[
COMMAND: POST /session/cf943d61b4ec37add412b20e5410361e/execute/async - {"script":"<script> [1562 bytes]","args":[{"selector":{"controlType":"sap.m.GenericTile","properties":{"header":"Manage Resources"}},"wdio_ui5_key":"sapm.GenericTile{\"header\":\"Manage Resources\"}"}]}
RESULT: {"script":"<script> [1562 bytes]","args":[{"selector":{"controlType":"sap.m.GenericTile","properties":{"header":"Manage Resources"}},"wdio_ui5_key":"sapm.GenericTile{\"header\":\"Manage Resources\"}"}]}
RESULT: undefined
COMMAND: POST /session/cf943d61b4ec37add412b20e5410361e/element - {"using":"xpath","value":"//*[@id=\"__tile31\"]"}
RESULT: {"using":"xpath","value":"//*[@id=\"__tile31\"]"}
COMMAND: POST /session/cf943d61b4ec37add412b20e5410361e/element/f.8C1712D618BBFF0472B495C641D9811D.d.DE8A0AB072570AD9CF7EF3F450AF9F8F.e.2758/click - {}
RESULT: {}
COMMAND: GET /session/cf943d61b4ec37add412b20e5410361e/screenshot - {}
RESULT: {}
COMMAND: POST /session/cf943d61b4ec37add412b20e5410361e/elements - {"using":"xpath","value":"//span[text()='Error']"}
RESULT: {"using":"xpath","value":"//span[text()='Error']"}
COMMAND: POST /session/cf943d61b4ec37add412b20e5410361e/element - {"using":"xpath","value":"//button[@data-kt=\"addNewRUOverflowToolbarButton\"]"}
RESULT: {"using":"xpath","value":"//button[@data-kt=\"addNewRUOverflowToolbarButton\"]"}
COMMAND: POST /session/cf943d61b4ec37add412b20e5410361e/elements - {"using":"xpath","value":"//button[@data-kt=\"addNewRUOverflowToolbarButton\"]"}
RESULT: {"using":"xpath","value":"//button[@data-kt=\"addNewRUOverflowToolbarButton\"]"}
COMMAND: POST /session/cf943d61b4ec37add412b20e5410361e/execute/sync - {"script":"<script> [8489 bytes]","args":[{"element-6066-11e4-a52e-4f735466cecf":"f.8C1712D618BBFF0472B495C641D9811D.d.DE8A0AB072570AD9CF7EF3F450AF9F8F.e.2866","ELEMENT":"f.8C1712D618BBFF0472B495C641D9811D.d.DE8A0AB072570AD9CF7EF3F450AF9F8F.e.2866"}]}
RESULT: {"script":"<script> [8489 bytes]","args":[{"element-6066-11e4-a52e-4f735466cecf":"f.8C1712D618BBFF0472B495C641D9811D.d.DE8A0AB072570AD9CF7EF3F450AF9F8F.e.2866","ELEMENT":"f.8C1712D618BBFF0472B495C641D9811D.d.DE8A0AB072570AD9CF7EF3F450AF9F8F.e.2866"}]}
COMMAND: GET /session/cf943d61b4ec37add412b20e5410361e/element/f.8C1712D618BBFF0472B495C641D9811D.d.DE8A0AB072570AD9CF7EF3F450AF9F8F.e.2866/enabled - {}
COMMAND: GET /session/cf943d61b4ec37add412b20e5410361e/screenshot - {}
RESULT: {}
COMMAND: POST /session/cf943d61b4ec37add412b20e5410361e/execute/sync - {"script":"<script> [8489 bytes]","args":[{"element-6066-11e4-a52e-4f735466cecf":"f.8C1712D618BBFF0472B495C641D9811D.d.DE8A0AB072570AD9CF7EF3F450AF9F8F.e.2866","ELEMENT":"f.8C1712D618BBFF0472B495C641D9811D.d.DE8A0AB072570AD9CF7EF3F450AF9F8F.e.2866"}]}
COMMAND: GET /session/cf943d61b4ec37add412b20e5410361e/screenshot - {}
RESULT: {}
RESULT: {"script":"<script> [8489 bytes]","args":[{"element-6066-11e4-a52e-4f735466cecf":"f.8C1712D618BBFF0472B495C641D9811D.d.DE8A0AB072570AD9CF7EF3F450AF9F8F.e.2866","ELEMENT":"f.8C1712D618BBFF0472B495C641D9811D.d.DE8A0AB072570AD9CF7EF3F450AF9F8F.e.2866"}]}
COMMAND: POST /session/cf943d61b4ec37add412b20e5410361e/execute/sync - {"script":"<script> [5351 bytes]","args":[{"element-6066-11e4-a52e-4f735466cecf":"f.8C1712D618BBFF0472B495C641D9811D.d.DE8A0AB072570AD9CF7EF3F450AF9F8F.e.2866","ELEMENT":"f.8C1712D618BBFF0472B495C641D9811D.d.DE8A0AB072570AD9CF7EF3F450AF9F8F.e.2866"}]}
COMMAND: GET /session/cf943d61b4ec37add412b20e5410361e/screenshot - {}
RESULT: {}
RESULT: {"script":"<script> [5351 bytes]","args":[{"element-6066-11e4-a52e-4f735466cecf":"f.8C1712D618BBFF0472B495C641D9811D.d.DE8A0AB072570AD9CF7EF3F450AF9F8F.e.2866","ELEMENT":"f.8C1712D618BBFF0472B495C641D9811D.d.DE8A0AB072570AD9CF7EF3F450AF9F8F.e.2866"}]}
COMMAND: POST /session/cf943d61b4ec37add412b20e5410361e/element/f.8C1712D618BBFF0472B495C641D9811D.d.DE8A0AB072570AD9CF7EF3F450AF9F8F.e.2866/click - {}
COMMAND: GET /session/cf943d61b4ec37add412b20e5410361e/screenshot - {}
RESULT: {}
RESULT: {}
COMMAND: GET /session/cf943d61b4ec37add412b20e5410361e/screenshot - {}
COMMAND: POST /session/cf943d61b4ec37add412b20e5410361e/execute/async - {"script":"<script> [1562 bytes]","args":[{"selector":{"id":"application-manageresources-display-component---newResourceUnit--TYPE-arrow"},"wdio_ui5_key":"applicationmanageresources-display-component---newResourceUnit--TYPE-arrow"}]}
RESULT: {}
RESULT: {}
RESULT: {"script":"<script> [1562 bytes]","args":[{"selector":{"id":"application-manageresources-display-component---newResourceUnit--TYPE-arrow"},"wdio_ui5_key":"applicationmanageresources-display-component---newResourceUnit--TYPE-arrow"}]}
RESULT: undefined
COMMAND: POST /session/cf943d61b4ec37add412b20e5410361e/element - {"using":"xpath","value":"//*[@id=\"application-manageresources-display-component---newResourceUnit--TYPE-arrow\"]"}
RESULT: {"using":"xpath","value":"//*[@id=\"application-manageresources-display-component---newResourceUnit--TYPE-arrow\"]"}
COMMAND: POST /session/cf943d61b4ec37add412b20e5410361e/element/f.8C1712D618BBFF0472B495C641D9811D.d.DE8A0AB072570AD9CF7EF3F450AF9F8F.e.3234/click - {}
RESULT: {}
COMMAND: POST /session/cf943d61b4ec37add412b20e5410361e/element - {"using":"xpath","value":"//input[@id=\"application-manageresources-display-component---newResourceUnit--TYPE-inner\"]"}
COMMAND: GET /session/cf943d61b4ec37add412b20e5410361e/screenshot - {}
RESULT: {"using":"xpath","value":"//input[@id=\"application-manageresources-display-component---newResourceUnit--TYPE-inner\"]"}
COMMAND: POST /session/cf943d61b4ec37add412b20e5410361e/element/f.8C1712D618BBFF0472B495C641D9811D.d.DE8A0AB072570AD9CF7EF3F450AF9F8F.e.3218/clear - {}
RESULT: {}
RESULT: {}
COMMAND: POST /session/cf943d61b4ec37add412b20e5410361e/element/f.8C1712D618BBFF0472B495C641D9811D.d.DE8A0AB072570AD9CF7EF3F450AF9F8F.e.3218/value - {"text":"Material"}
COMMAND: GET /session/cf943d61b4ec37add412b20e5410361e/screenshot - {}
RESULT: {"text":"Material"}
COMMAND: GET /session/cf943d61b4ec37add412b20e5410361e/screenshot - {}
RESULT: {}
RESULT: {}
COMMAND: POST /session/cf943d61b4ec37add412b20e5410361e/actions - {"actions":[{"id":"action6","type":"key","parameters":{},"actions":[{"type":"keyDown","value":"î€‡"},{"type":"pause","duration":10},{"type":"keyUp","value":"î€‡"}]}]}
RESULT: {"actions":[{"id":"action6","type":"key","parameters":{},"actions":[{"type":"keyDown","value":"î€‡"},{"type":"pause","duration":10},{"type":"keyUp","value":"î€‡"}]}]}
COMMAND: POST /session/cf943d61b4ec37add412b20e5410361e/execute/async - {"script":"<script> [1562 bytes]","args":[{"selector":{"id":"application-manageresources-display-component---newResourceUnit--SHORT_TEXT","interaction":{"idSuffix":"inner"}},"wdio_ui5_key":"applicationmanageresources-display-component---newResourceUnit--SHORT_TEXT"}]}
COMMAND: GET /session/cf943d61b4ec37add412b20e5410361e/screenshot - {}
RESULT: {"script":"<script> [1562 bytes]","args":[{"selector":{"id":"application-manageresources-display-component---newResourceUnit--SHORT_TEXT","interaction":{"idSuffix":"inner"}},"wdio_ui5_key":"applicationmanageresources-display-component---newResourceUnit--SHORT_TEXT"}]}
RESULT: undefined
COMMAND: POST /session/cf943d61b4ec37add412b20e5410361e/execute/async - {"script":"<script> [776 bytes]","args":[{"enterText":"Cement WDIO","selector":{"id":"application-manageresources-display-component---newResourceUnit--SHORT_TEXT","interaction":{"idSuffix":"inner"}},"clearTextFirst":true,"interactionType":"ENTER_TEXT"}]}
RESULT: {}
RESULT: {"script":"<script> [776 bytes]","args":[{"enterText":"Cement WDIO","selector":{"id":"application-manageresources-display-component---newResourceUnit--SHORT_TEXT","interaction":{"idSuffix":"inner"}},"clearTextFirst":true,"interactionType":"ENTER_TEXT"}]}
COMMAND: POST /session/cf943d61b4ec37add412b20e5410361e/execute/async - {"script":"<script> [1562 bytes]","args":[{"selector":{"id":"application-manageresources-display-component---newResourceUnit--BASE_UNIT_OF_MEASURE","interaction":{"idSuffix":"inner"}},"wdio_ui5_key":"applicationmanageresources-display-component---newResourceUnit--BASE_UNIT_OF_MEASURE"}]}
RESULT: {"script":"<script> [1562 bytes]","args":[{"selector":{"id":"application-manageresources-display-component---newResourceUnit--BASE_UNIT_OF_MEASURE","interaction":{"idSuffix":"inner"}},"wdio_ui5_key":"applicationmanageresources-display-component---newResourceUnit--BASE_UNIT_OF_MEASURE"}]}
RESULT: undefined
COMMAND: POST /session/cf943d61b4ec37add412b20e5410361e/execute/async - {"script":"<script> [776 bytes]","args":[{"enterText":"Piece","selector":{"id":"application-manageresources-display-component---newResourceUnit--BASE_UNIT_OF_MEASURE","interaction":{"idSuffix":"inner"}},"clearTextFirst":true,"interactionType":"ENTER_TEXT"}]}
RESULT: {"script":"<script> [776 bytes]","args":[{"enterText":"Piece","selector":{"id":"application-manageresources-display-component---newResourceUnit--BASE_UNIT_OF_MEASURE","interaction":{"idSuffix":"inner"}},"clearTextFirst":true,"interactionType":"ENTER_TEXT"}]}
COMMAND: POST /session/cf943d61b4ec37add412b20e5410361e/execute/async - {"script":"<script> [1562 bytes]","args":[{"selector":{"id":"application-manageresources-display-component---newResourceUnit--WEIGHT_UNIT","interaction":{"idSuffix":"inner"}},"wdio_ui5_key":"applicationmanageresources-display-component---newResourceUnit--WEIGHT_UNIT"}]}
RESULT: {"script":"<script> [1562 bytes]","args":[{"selector":{"id":"application-manageresources-display-component---newResourceUnit--WEIGHT_UNIT","interaction":{"idSuffix":"inner"}},"wdio_ui5_key":"applicationmanageresources-display-component---newResourceUnit--WEIGHT_UNIT"}]}
RESULT: undefined
COMMAND: POST /session/cf943d61b4ec37add412b20e5410361e/execute/async - {"script":"<script> [776 bytes]","args":[{"enterText":"Gram","selector":{"id":"application-manageresources-display-component---newResourceUnit--WEIGHT_UNIT","interaction":{"idSuffix":"inner"}},"clearTextFirst":true,"interactionType":"ENTER_TEXT"}]}
RESULT: {"script":"<script> [776 bytes]","args":[{"enterText":"Gram","selector":{"id":"application-manageresources-display-component---newResourceUnit--WEIGHT_UNIT","interaction":{"idSuffix":"inner"}},"clearTextFirst":true,"interactionType":"ENTER_TEXT"}]}
COMMAND: POST /session/cf943d61b4ec37add412b20e5410361e/execute/async - {"script":"<script> [1562 bytes]","args":[{"selector":{"id":"application-manageresources-display-component---newResourceUnit--DIMENSION_UNIT","interaction":{"idSuffix":"inner"}},"wdio_ui5_key":"applicationmanageresources-display-component---newResourceUnit--DIMENSION_UNIT"}]}
RESULT: {"script":"<script> [1562 bytes]","args":[{"selector":{"id":"application-manageresources-display-component---newResourceUnit--DIMENSION_UNIT","interaction":{"idSuffix":"inner"}},"wdio_ui5_key":"applicationmanageresources-display-component---newResourceUnit--DIMENSION_UNIT"}]}
RESULT: undefined
COMMAND: POST /session/cf943d61b4ec37add412b20e5410361e/execute/async - {"script":"<script> [776 bytes]","args":[{"enterText":"Meter","selector":{"id":"application-manageresources-display-component---newResourceUnit--DIMENSION_UNIT","interaction":{"idSuffix":"inner"}},"clearTextFirst":true,"interactionType":"ENTER_TEXT"}]}
RESULT: {"script":"<script> [776 bytes]","args":[{"enterText":"Meter","selector":{"id":"application-manageresources-display-component---newResourceUnit--DIMENSION_UNIT","interaction":{"idSuffix":"inner"}},"clearTextFirst":true,"interactionType":"ENTER_TEXT"}]}
COMMAND: POST /session/cf943d61b4ec37add412b20e5410361e/execute/async - {"script":"<script> [1562 bytes]","args":[{"selector":{"id":"application-manageresources-display-component---newResourceUnit--newRRUPage-anchBar-application-manageresources-display-component---newResourceUnit--control-anchor","interaction":{"idSuffix":"BDI-content"}},"wdio_ui5_key":"applicationmanageresources-display-component---newResourceUnit--newRRUPage-anchBar-application-manageresources-display-component---newResourceUnit--control-anchor"}]}
RESULT: {"script":"<script> [1562 bytes]","args":[{"selector":{"id":"application-manageresources-display-component---newResourceUnit--newRRUPage-anchBar-application-manageresources-display-component---newResourceUnit--control-anchor","interaction":{"idSuffix":"BDI-content"}},"wdio_ui5_key":"applicationmanageresources-display-component---newResourceUnit--newRRUPage-anchBar-application-manageresources-display-component---newResourceUnit--control-anchor"}]}
RESULT: undefined
COMMAND: POST /session/cf943d61b4ec37add412b20e5410361e/element - {"using":"xpath","value":"//*[@id=\"application-manageresources-display-component---newResourceUnit--newRRUPage-anchBar-application-manageresources-display-component---newResourceUnit--control-anchor\"]"}
RESULT: {"using":"xpath","value":"//*[@id=\"application-manageresources-display-component---newResourceUnit--newRRUPage-anchBar-application-manageresources-display-component---newResourceUnit--control-anchor\"]"}
COMMAND: POST /session/cf943d61b4ec37add412b20e5410361e/element/f.8C1712D618BBFF0472B495C641D9811D.d.DE8A0AB072570AD9CF7EF3F450AF9F8F.e.3366/click - {}
RESULT: {}
COMMAND: POST /session/cf943d61b4ec37add412b20e5410361e/execute/async - {"script":"<script> [1562 bytes]","args":[{"selector":{"id":"application-manageresources-display-component---newResourceUnit--PLANNING_GROUP","interaction":{"idSuffix":"inner"}},"wdio_ui5_key":"applicationmanageresources-display-component---newResourceUnit--PLANNING_GROUP"}]}
COMMAND: GET /session/cf943d61b4ec37add412b20e5410361e/screenshot - {}
RESULT: {"script":"<script> [1562 bytes]","args":[{"selector":{"id":"application-manageresources-display-component---newResourceUnit--PLANNING_GROUP","interaction":{"idSuffix":"inner"}},"wdio_ui5_key":"applicationmanageresources-display-component---newResourceUnit--PLANNING_GROUP"}]}
RESULT: undefined
COMMAND: POST /session/cf943d61b4ec37add412b20e5410361e/execute/async - {"script":"<script> [776 bytes]","args":[{"enterText":"Material","selector":{"id":"application-manageresources-display-component---newResourceUnit--PLANNING_GROUP","interaction":{"idSuffix":"inner"}},"clearTextFirst":true,"interactionType":"ENTER_TEXT"}]}
RESULT: {}
RESULT: {"script":"<script> [776 bytes]","args":[{"enterText":"Material","selector":{"id":"application-manageresources-display-component---newResourceUnit--PLANNING_GROUP","interaction":{"idSuffix":"inner"}},"clearTextFirst":true,"interactionType":"ENTER_TEXT"}]}
COMMAND: POST /session/cf943d61b4ec37add412b20e5410361e/execute/async - {"script":"<script> [1562 bytes]","args":[{"selector":{"id":"application-manageresources-display-component---newResourceUnit--PLANNING_INDICATOR","interaction":{"idSuffix":"inner"}},"wdio_ui5_key":"applicationmanageresources-display-component---newResourceUnit--PLANNING_INDICATOR"}]}
RESULT: {"script":"<script> [1562 bytes]","args":[{"selector":{"id":"application-manageresources-display-component---newResourceUnit--PLANNING_INDICATOR","interaction":{"idSuffix":"inner"}},"wdio_ui5_key":"applicationmanageresources-display-component---newResourceUnit--PLANNING_INDICATOR"}]}
RESULT: undefined
COMMAND: POST /session/cf943d61b4ec37add412b20e5410361e/execute/async - {"script":"<script> [776 bytes]","args":[{"enterText":"10 - infinite","selector":{"id":"application-manageresources-display-component---newResourceUnit--PLANNING_INDICATOR","interaction":{"idSuffix":"inner"}},"clearTextFirst":true,"interactionType":"ENTER_TEXT"}]}
RESULT: {"script":"<script> [776 bytes]","args":[{"enterText":"10 - infinite","selector":{"id":"application-manageresources-display-component---newResourceUnit--PLANNING_INDICATOR","interaction":{"idSuffix":"inner"}},"clearTextFirst":true,"interactionType":"ENTER_TEXT"}]}
COMMAND: POST /session/cf943d61b4ec37add412b20e5410361e/element - {"using":"css selector","value":"#application-manageresources-display-component---newResourceUnit--btnAddTimeSegment"}
RESULT: {"using":"css selector","value":"#application-manageresources-display-component---newResourceUnit--btnAddTimeSegment"}
COMMAND: GET /session/cf943d61b4ec37add412b20e5410361e/element/f.8C1712D618BBFF0472B495C641D9811D.d.DE8A0AB072570AD9CF7EF3F450AF9F8F.e.3376/rect - {}
RESULT: {}
COMMAND: GET /session/cf943d61b4ec37add412b20e5410361e/window/rect - {}
RESULT: {}
COMMAND: POST /session/cf943d61b4ec37add412b20e5410361e/execute/sync - {"script":"<script> [92 bytes]","args":[]}
RESULT: {"script":"<script> [92 bytes]","args":[]}
COMMAND: POST /session/cf943d61b4ec37add412b20e5410361e/actions - {"actions":[{"id":"action7","type":"wheel","parameters":{},"actions":[{"type":"scroll","x":-1888,"y":-32,"deltaX":0,"deltaY":0,"duration":0,"origin":{"element-6066-11e4-a52e-4f735466cecf":"f.8C1712D618BBFF0472B495C641D9811D.d.DE8A0AB072570AD9CF7EF3F450AF9F8F.e.3376"}}]}]}
COMMAND: GET /session/cf943d61b4ec37add412b20e5410361e/screenshot - {}
RESULT: {}
COMMAND: POST /session/cf943d61b4ec37add412b20e5410361e/execute/sync - {"script":"<script> [79 bytes]","args":[{"element-6066-11e4-a52e-4f735466cecf":"f.8C1712D618BBFF0472B495C641D9811D.d.DE8A0AB072570AD9CF7EF3F450AF9F8F.e.3376","ELEMENT":"f.8C1712D618BBFF0472B495C641D9811D.d.DE8A0AB072570AD9CF7EF3F450AF9F8F.e.3376"},{"block":"start","inline":"nearest"}]}
RESULT: {"script":"<script> [79 bytes]","args":[{"element-6066-11e4-a52e-4f735466cecf":"f.8C1712D618BBFF0472B495C641D9811D.d.DE8A0AB072570AD9CF7EF3F450AF9F8F.e.3376","ELEMENT":"f.8C1712D618BBFF0472B495C641D9811D.d.DE8A0AB072570AD9CF7EF3F450AF9F8F.e.3376"},{"block":"start","inline":"nearest"}]}
COMMAND: POST /session/cf943d61b4ec37add412b20e5410361e/execute/async - {"script":"<script> [1562 bytes]","args":[{"selector":{"id":"application-manageresources-display-component---newResourceUnit--btnAddTimeSegment","interaction":{"idSuffix":"inner"}},"wdio_ui5_key":"applicationmanageresources-display-component---newResourceUnit--btnAddTimeSegment"}]}
COMMAND: GET /session/cf943d61b4ec37add412b20e5410361e/screenshot - {}
RESULT: {"script":"<script> [1562 bytes]","args":[{"selector":{"id":"application-manageresources-display-component---newResourceUnit--btnAddTimeSegment","interaction":{"idSuffix":"inner"}},"wdio_ui5_key":"applicationmanageresources-display-component---newResourceUnit--btnAddTimeSegment"}]}
RESULT: undefined
COMMAND: POST /session/cf943d61b4ec37add412b20e5410361e/element - {"using":"xpath","value":"//*[@id=\"application-manageresources-display-component---newResourceUnit--btnAddTimeSegment\"]"}
RESULT: {}
RESULT: {"using":"xpath","value":"//*[@id=\"application-manageresources-display-component---newResourceUnit--btnAddTimeSegment\"]"}
COMMAND: POST /session/cf943d61b4ec37add412b20e5410361e/element/f.8C1712D618BBFF0472B495C641D9811D.d.DE8A0AB072570AD9CF7EF3F450AF9F8F.e.3376/click - {}
RESULT: {}
COMMAND: GET /session/cf943d61b4ec37add412b20e5410361e/screenshot - {}
RESULT: {}
COMMAND: POST /session/cf943d61b4ec37add412b20e5410361e/element - {"using":"xpath","value":"//input[@id=\"application-manageresources-display-component---newResourceUnit--idRuTSAdmin-application-manageresources-display-component---newResourceUnit--RUTimeSegment-0-inner\"]"}
RESULT: {"using":"xpath","value":"//input[@id=\"application-manageresources-display-component---newResourceUnit--idRuTSAdmin-application-manageresources-display-component---newResourceUnit--RUTimeSegment-0-inner\"]"}
COMMAND: POST /session/cf943d61b4ec37add412b20e5410361e/element/f.8C1712D618BBFF0472B495C641D9811D.d.DE8A0AB072570AD9CF7EF3F450AF9F8F.e.3381/clear - {}
RESULT: {}
COMMAND: POST /session/cf943d61b4ec37add412b20e5410361e/element/f.8C1712D618BBFF0472B495C641D9811D.d.DE8A0AB072570AD9CF7EF3F450AF9F8F.e.3381/value - {"text":"682"}
COMMAND: GET /session/cf943d61b4ec37add412b20e5410361e/screenshot - {}
RESULT: {"text":"682"}
COMMAND: GET /session/cf943d61b4ec37add412b20e5410361e/screenshot - {}
RESULT: {}
RESULT: {}
COMMAND: POST /session/cf943d61b4ec37add412b20e5410361e/element - {"using":"xpath","value":"//li[.//span[text()='682']]"}
RESULT: {"using":"xpath","value":"//li[.//span[text()='682']]"}
COMMAND: POST /session/cf943d61b4ec37add412b20e5410361e/element/f.8C1712D618BBFF0472B495C641D9811D.d.DE8A0AB072570AD9CF7EF3F450AF9F8F.e.3391/click - {}
RESULT: {}
COMMAND: GET /session/cf943d61b4ec37add412b20e5410361e/screenshot - {}
RESULT: {}
COMMAND: POST /session/cf943d61b4ec37add412b20e5410361e/element - {"using":"xpath","value":"(//span[contains(@id, \"-application-manageresources-display-component---newResourceUnit--RUTimeSegment-0-arrow\")])[2]"}
RESULT: {"using":"xpath","value":"(//span[contains(@id, \"-application-manageresources-display-component---newResourceUnit--RUTimeSegment-0-arrow\")])[2]"}
COMMAND: POST /session/cf943d61b4ec37add412b20e5410361e/element/f.8C1712D618BBFF0472B495C641D9811D.d.DE8A0AB072570AD9CF7EF3F450AF9F8F.e.3392/click - {}
RESULT: {}
COMMAND: POST /session/cf943d61b4ec37add412b20e5410361e/element - {"using":"xpath","value":"//span[contains(text(), \"PM Order\")]"}
COMMAND: GET /session/cf943d61b4ec37add412b20e5410361e/screenshot - {}
RESULT: {"using":"xpath","value":"//span[contains(text(), \"PM Order\")]"}
COMMAND: POST /session/cf943d61b4ec37add412b20e5410361e/element/f.8C1712D618BBFF0472B495C641D9811D.d.DE8A0AB072570AD9CF7EF3F450AF9F8F.e.3393/click - {}
RESULT: {}
RESULT: {}
COMMAND: GET /session/cf943d61b4ec37add412b20e5410361e/screenshot - {}
RESULT: {}
COMMAND: POST /session/cf943d61b4ec37add412b20e5410361e/element - {"using":"xpath","value":"//td/div/div/div/span[contains(@id, \"newResourceUnit--RUTimeSegment-0-vhi\")][1]"}
RESULT: {"using":"xpath","value":"//td/div/div/div/span[contains(@id, \"newResourceUnit--RUTimeSegment-0-vhi\")][1]"}
COMMAND: GET /session/cf943d61b4ec37add412b20e5410361e/element/f.8C1712D618BBFF0472B495C641D9811D.d.DE8A0AB072570AD9CF7EF3F450AF9F8F.e.3397/rect - {}
RESULT: {}
COMMAND: GET /session/cf943d61b4ec37add412b20e5410361e/window/rect - {}
RESULT: {}
COMMAND: POST /session/cf943d61b4ec37add412b20e5410361e/execute/sync - {"script":"<script> [92 bytes]","args":[]}
RESULT: {"script":"<script> [92 bytes]","args":[]}
COMMAND: POST /session/cf943d61b4ec37add412b20e5410361e/actions - {"actions":[{"id":"action8","type":"wheel","parameters":{},"actions":[{"type":"scroll","x":-1888,"y":-24,"deltaX":0,"deltaY":0,"duration":0,"origin":{"element-6066-11e4-a52e-4f735466cecf":"f.8C1712D618BBFF0472B495C641D9811D.d.DE8A0AB072570AD9CF7EF3F450AF9F8F.e.3397"}}]}]}
COMMAND: GET /session/cf943d61b4ec37add412b20e5410361e/screenshot - {}
RESULT: {}
COMMAND: POST /session/cf943d61b4ec37add412b20e5410361e/execute/sync - {"script":"<script> [79 bytes]","args":[{"element-6066-11e4-a52e-4f735466cecf":"f.8C1712D618BBFF0472B495C641D9811D.d.DE8A0AB072570AD9CF7EF3F450AF9F8F.e.3397","ELEMENT":"f.8C1712D618BBFF0472B495C641D9811D.d.DE8A0AB072570AD9CF7EF3F450AF9F8F.e.3397"},{"block":"start","inline":"nearest"}]}
RESULT: {"script":"<script> [79 bytes]","args":[{"element-6066-11e4-a52e-4f735466cecf":"f.8C1712D618BBFF0472B495C641D9811D.d.DE8A0AB072570AD9CF7EF3F450AF9F8F.e.3397","ELEMENT":"f.8C1712D618BBFF0472B495C641D9811D.d.DE8A0AB072570AD9CF7EF3F450AF9F8F.e.3397"},{"block":"start","inline":"nearest"}]}
COMMAND: GET /session/cf943d61b4ec37add412b20e5410361e/screenshot - {}
RESULT: {}
COMMAND: POST /session/cf943d61b4ec37add412b20e5410361e/element/f.8C1712D618BBFF0472B495C641D9811D.d.DE8A0AB072570AD9CF7EF3F450AF9F8F.e.3397/click - {}
RESULT: {}
COMMAND: GET /session/cf943d61b4ec37add412b20e5410361e/screenshot - {}
RESULT: {}
COMMAND: POST /session/cf943d61b4ec37add412b20e5410361e/execute/async - {"script":"<script> [1562 bytes]","args":[{"selector":{"controlType":"sap.m.SearchField","properties":{"placeholder":"Search"},"searchOpenDialogs":true,"interaction":{"idSuffix":"I"}},"wdio_ui5_key":"sapm.SearchField{\"placeholder\":\"Search\"}"}]}
RESULT: {"script":"<script> [1562 bytes]","args":[{"selector":{"controlType":"sap.m.SearchField","properties":{"placeholder":"Search"},"searchOpenDialogs":true,"interaction":{"idSuffix":"I"}},"wdio_ui5_key":"sapm.SearchField{\"placeholder\":\"Search\"}"}]}
RESULT: undefined
COMMAND: POST /session/cf943d61b4ec37add412b20e5410361e/execute/async - {"script":"<script> [776 bytes]","args":[{"enterText":"4000360","selector":{"controlType":"sap.m.SearchField","properties":{"placeholder":"Search"},"searchOpenDialogs":true,"interaction":{"idSuffix":"I"}},"clearTextFirst":true,"interactionType":"ENTER_TEXT"}]}
RESULT: {"script":"<script> [776 bytes]","args":[{"enterText":"4000360","selector":{"controlType":"sap.m.SearchField","properties":{"placeholder":"Search"},"searchOpenDialogs":true,"interaction":{"idSuffix":"I"}},"clearTextFirst":true,"interactionType":"ENTER_TEXT"}]}
COMMAND: POST /session/cf943d61b4ec37add412b20e5410361e/actions - {"actions":[{"id":"action9","type":"key","parameters":{},"actions":[{"type":"keyDown","value":"î€‡"},{"type":"pause","duration":10},{"type":"keyUp","value":"î€‡"}]}]}
RESULT: {"actions":[{"id":"action9","type":"key","parameters":{},"actions":[{"type":"keyDown","value":"î€‡"},{"type":"pause","duration":10},{"type":"keyUp","value":"î€‡"}]}]}
COMMAND: GET /session/cf943d61b4ec37add412b20e5410361e/screenshot - {}
RESULT: {}
COMMAND: POST /session/cf943d61b4ec37add412b20e5410361e/element - {"using":"xpath","value":"//td/div/span[contains(text(), \"BGL Vehicles\")]"}
RESULT: {"using":"xpath","value":"//td/div/span[contains(text(), \"BGL Vehicles\")]"}
COMMAND: POST /session/cf943d61b4ec37add412b20e5410361e/element/f.8C1712D618BBFF0472B495C641D9811D.d.DE8A0AB072570AD9CF7EF3F450AF9F8F.e.3420/click - {}
RESULT: {}
COMMAND: GET /session/cf943d61b4ec37add412b20e5410361e/screenshot - {}
RESULT: {}
COMMAND: POST /session/cf943d61b4ec37add412b20e5410361e/element - {"using":"xpath","value":"//bdi[contains(text(), \"OK\")]"}
RESULT: {"using":"xpath","value":"//bdi[contains(text(), \"OK\")]"}
COMMAND: POST /session/cf943d61b4ec37add412b20e5410361e/element/f.8C1712D618BBFF0472B495C641D9811D.d.DE8A0AB072570AD9CF7EF3F450AF9F8F.e.3421/click - {}
RESULT: {}
COMMAND: GET /session/cf943d61b4ec37add412b20e5410361e/screenshot - {}
RESULT: {}
COMMAND: POST /session/cf943d61b4ec37add412b20e5410361e/element - {"using":"xpath","value":"//label[contains(@class, 'sapMLabelRequired') and .//bdi[contains(text(), 'Planned Retirement')]]"}
RESULT: {"using":"xpath","value":"//label[contains(@class, 'sapMLabelRequired') and .//bdi[contains(text(), 'Planned Retirement')]]"}
COMMAND: POST /session/cf943d61b4ec37add412b20e5410361e/elements - {"using":"xpath","value":"//label[contains(@class, 'sapMLabelRequired') and .//bdi[contains(text(), 'Planned Retirement')]]"}
RESULT: {"using":"xpath","value":"//label[contains(@class, 'sapMLabelRequired') and .//bdi[contains(text(), 'Planned Retirement')]]"}
COMMAND: POST /session/cf943d61b4ec37add412b20e5410361e/element - {"using":"xpath","value":"//button[@data-kt=\"resourceUnitSaveButton\"]"}
RESULT: {"using":"xpath","value":"//button[@data-kt=\"resourceUnitSaveButton\"]"}
COMMAND: POST /session/cf943d61b4ec37add412b20e5410361e/element/f.8C1712D618BBFF0472B495C641D9811D.d.DE8A0AB072570AD9CF7EF3F450AF9F8F.e.3253/click - {}
RESULT: {}
COMMAND: GET /session/cf943d61b4ec37add412b20e5410361e/screenshot - {}
RESULT: {}
COMMAND: POST /session/cf943d61b4ec37add412b20e5410361e/element - {"using":"xpath","value":"//bdi[contains(text(), \"Close\")]"}
RESULT: {"using":"xpath","value":"//bdi[contains(text(), \"Close\")]"}
COMMAND: POST /session/cf943d61b4ec37add412b20e5410361e/element/f.8C1712D618BBFF0472B495C641D9811D.d.DE8A0AB072570AD9CF7EF3F450AF9F8F.e.3428/click - {}
RESULT: {}
COMMAND: GET /session/cf943d61b4ec37add412b20e5410361e/screenshot - {}
RESULT: {}
COMMAND: POST /session/cf943d61b4ec37add412b20e5410361e/element - {"using":"xpath","value":"//header[contains(@id, 'detailRruPage-headerTitle')]/div[1]/div[2]/div[2]/span[1]"}
RESULT: {"using":"xpath","value":"//header[contains(@id, 'detailRruPage-headerTitle')]/div[1]/div[2]/div[2]/span[1]"}
COMMAND: POST /session/cf943d61b4ec37add412b20e5410361e/elements - {"using":"xpath","value":"//header[contains(@id, 'detailRruPage-headerTitle')]/div[1]/div[2]/div[2]/span[1]"}
RESULT: {"using":"xpath","value":"//header[contains(@id, 'detailRruPage-headerTitle')]/div[1]/div[2]/div[2]/span[1]"}
COMMAND: POST /session/cf943d61b4ec37add412b20e5410361e/execute/sync - {"script":"<script> [56 bytes]","args":[{"element-6066-11e4-a52e-4f735466cecf":"f.8C1712D618BBFF0472B495C641D9811D.d.DE8A0AB072570AD9CF7EF3F450AF9F8F.e.3456","ELEMENT":"f.8C1712D618BBFF0472B495C641D9811D.d.DE8A0AB072570AD9CF7EF3F450AF9F8F.e.3456"}]}
RESULT: {"script":"<script> [56 bytes]","args":[{"element-6066-11e4-a52e-4f735466cecf":"f.8C1712D618BBFF0472B495C641D9811D.d.DE8A0AB072570AD9CF7EF3F450AF9F8F.e.3456","ELEMENT":"f.8C1712D618BBFF0472B495C641D9811D.d.DE8A0AB072570AD9CF7EF3F450AF9F8F.e.3456"}]}
COMMAND: POST /session/cf943d61b4ec37add412b20e5410361e/element - {"using":"css selector","value":"#shell-header-logo"}
COMMAND: GET /session/cf943d61b4ec37add412b20e5410361e/screenshot - {}
RESULT: {"using":"css selector","value":"#shell-header-logo"}
COMMAND: POST /session/cf943d61b4ec37add412b20e5410361e/element/f.8C1712D618BBFF0472B495C641D9811D.d.DE8A0AB072570AD9CF7EF3F450AF9F8F.e.2835/click - {}
RESULT: {}
RESULT: {}
COMMAND: GET /session/cf943d61b4ec37add412b20e5410361e/screenshot - {}
RESULT: {}
]]></system-out>
    </testcase>
    <testcase classname="chrome.137_0_7151_69.windows.Stock_increase_-_with_WHM_US125587" name="Bin Status Report Should Create New Organization yard" time="83.904">
      <system-out><![CDATA[
COMMAND: POST /session/cf943d61b4ec37add412b20e5410361e/execute/async - {"script":"<script> [1562 bytes]","args":[{"selector":{"controlType":"sap.m.GenericTile","properties":{"header":"Bin Status Report"}},"wdio_ui5_key":"sapm.GenericTile{\"header\":\"Bin Status Report\"}"}]}
RESULT: {"script":"<script> [1562 bytes]","args":[{"selector":{"controlType":"sap.m.GenericTile","properties":{"header":"Bin Status Report"}},"wdio_ui5_key":"sapm.GenericTile{\"header\":\"Bin Status Report\"}"}]}
RESULT: undefined
COMMAND: POST /session/cf943d61b4ec37add412b20e5410361e/element - {"using":"xpath","value":"//*[@id=\"__tile104\"]"}
RESULT: {"using":"xpath","value":"//*[@id=\"__tile104\"]"}
COMMAND: POST /session/cf943d61b4ec37add412b20e5410361e/element/f.8C1712D618BBFF0472B495C641D9811D.d.DE8A0AB072570AD9CF7EF3F450AF9F8F.e.3458/click - {}
RESULT: {}
COMMAND: GET /session/cf943d61b4ec37add412b20e5410361e/screenshot - {}
RESULT: {}
COMMAND: POST /session/cf943d61b4ec37add412b20e5410361e/elements - {"using":"xpath","value":"//span[text()='Error']"}
RESULT: {"using":"xpath","value":"//span[text()='Error']"}
COMMAND: POST /session/cf943d61b4ec37add412b20e5410361e/element - {"using":"xpath","value":"//button[@id=\"application-binstatusreport-display-component---warehousing--createOrgBtn\"]"}
RESULT: {"using":"xpath","value":"//button[@id=\"application-binstatusreport-display-component---warehousing--createOrgBtn\"]"}
COMMAND: POST /session/cf943d61b4ec37add412b20e5410361e/elements - {"using":"xpath","value":"//button[@id=\"application-binstatusreport-display-component---warehousing--createOrgBtn\"]"}
RESULT: {"using":"xpath","value":"//button[@id=\"application-binstatusreport-display-component---warehousing--createOrgBtn\"]"}
COMMAND: POST /session/cf943d61b4ec37add412b20e5410361e/execute/sync - {"script":"<script> [8489 bytes]","args":[{"element-6066-11e4-a52e-4f735466cecf":"f.8C1712D618BBFF0472B495C641D9811D.d.DE8A0AB072570AD9CF7EF3F450AF9F8F.e.3502","ELEMENT":"f.8C1712D618BBFF0472B495C641D9811D.d.DE8A0AB072570AD9CF7EF3F450AF9F8F.e.3502"}]}
RESULT: {"script":"<script> [8489 bytes]","args":[{"element-6066-11e4-a52e-4f735466cecf":"f.8C1712D618BBFF0472B495C641D9811D.d.DE8A0AB072570AD9CF7EF3F450AF9F8F.e.3502","ELEMENT":"f.8C1712D618BBFF0472B495C641D9811D.d.DE8A0AB072570AD9CF7EF3F450AF9F8F.e.3502"}]}
COMMAND: GET /session/cf943d61b4ec37add412b20e5410361e/element/f.8C1712D618BBFF0472B495C641D9811D.d.DE8A0AB072570AD9CF7EF3F450AF9F8F.e.3502/enabled - {}
COMMAND: GET /session/cf943d61b4ec37add412b20e5410361e/screenshot - {}
RESULT: {}
COMMAND: POST /session/cf943d61b4ec37add412b20e5410361e/execute/sync - {"script":"<script> [8489 bytes]","args":[{"element-6066-11e4-a52e-4f735466cecf":"f.8C1712D618BBFF0472B495C641D9811D.d.DE8A0AB072570AD9CF7EF3F450AF9F8F.e.3502","ELEMENT":"f.8C1712D618BBFF0472B495C641D9811D.d.DE8A0AB072570AD9CF7EF3F450AF9F8F.e.3502"}]}
COMMAND: GET /session/cf943d61b4ec37add412b20e5410361e/screenshot - {}
RESULT: {}
RESULT: {"script":"<script> [8489 bytes]","args":[{"element-6066-11e4-a52e-4f735466cecf":"f.8C1712D618BBFF0472B495C641D9811D.d.DE8A0AB072570AD9CF7EF3F450AF9F8F.e.3502","ELEMENT":"f.8C1712D618BBFF0472B495C641D9811D.d.DE8A0AB072570AD9CF7EF3F450AF9F8F.e.3502"}]}
COMMAND: POST /session/cf943d61b4ec37add412b20e5410361e/execute/sync - {"script":"<script> [5351 bytes]","args":[{"element-6066-11e4-a52e-4f735466cecf":"f.8C1712D618BBFF0472B495C641D9811D.d.DE8A0AB072570AD9CF7EF3F450AF9F8F.e.3502","ELEMENT":"f.8C1712D618BBFF0472B495C641D9811D.d.DE8A0AB072570AD9CF7EF3F450AF9F8F.e.3502"}]}
COMMAND: GET /session/cf943d61b4ec37add412b20e5410361e/screenshot - {}
RESULT: {}
RESULT: {"script":"<script> [5351 bytes]","args":[{"element-6066-11e4-a52e-4f735466cecf":"f.8C1712D618BBFF0472B495C641D9811D.d.DE8A0AB072570AD9CF7EF3F450AF9F8F.e.3502","ELEMENT":"f.8C1712D618BBFF0472B495C641D9811D.d.DE8A0AB072570AD9CF7EF3F450AF9F8F.e.3502"}]}
COMMAND: GET /session/cf943d61b4ec37add412b20e5410361e/screenshot - {}
RESULT: {}
RESULT: {}
COMMAND: POST /session/cf943d61b4ec37add412b20e5410361e/element/f.8C1712D618BBFF0472B495C641D9811D.d.DE8A0AB072570AD9CF7EF3F450AF9F8F.e.3502/click - {}
RESULT: {}
COMMAND: GET /session/cf943d61b4ec37add412b20e5410361e/screenshot - {}
RESULT: {}
COMMAND: POST /session/cf943d61b4ec37add412b20e5410361e/execute/async - {"script":"<script> [1562 bytes]","args":[{"selector":{"id":"createOrganizationPop--sectionInput","searchOpenDialogs":true,"interaction":{"idSuffix":"inner"}},"wdio_ui5_key":"createOrganizationPopsectionInput"}]}
RESULT: {"script":"<script> [1562 bytes]","args":[{"selector":{"id":"createOrganizationPop--sectionInput","searchOpenDialogs":true,"interaction":{"idSuffix":"inner"}},"wdio_ui5_key":"createOrganizationPopsectionInput"}]}
RESULT: undefined
COMMAND: POST /session/cf943d61b4ec37add412b20e5410361e/execute/async - {"script":"<script> [776 bytes]","args":[{"enterText":"WDIO-682","selector":{"id":"createOrganizationPop--sectionInput","searchOpenDialogs":true,"interaction":{"idSuffix":"inner"}},"clearTextFirst":true,"interactionType":"ENTER_TEXT"}]}
RESULT: {"script":"<script> [776 bytes]","args":[{"enterText":"WDIO-682","selector":{"id":"createOrganizationPop--sectionInput","searchOpenDialogs":true,"interaction":{"idSuffix":"inner"}},"clearTextFirst":true,"interactionType":"ENTER_TEXT"}]}
COMMAND: POST /session/cf943d61b4ec37add412b20e5410361e/execute/async - {"script":"<script> [1562 bytes]","args":[{"selector":{"id":"createOrganizationPop--descriptionInput","searchOpenDialogs":true,"interaction":{"idSuffix":"inner"}},"wdio_ui5_key":"createOrganizationPopdescriptionInput"}]}
RESULT: {"script":"<script> [1562 bytes]","args":[{"selector":{"id":"createOrganizationPop--descriptionInput","searchOpenDialogs":true,"interaction":{"idSuffix":"inner"}},"wdio_ui5_key":"createOrganizationPopdescriptionInput"}]}
RESULT: undefined
COMMAND: POST /session/cf943d61b4ec37add412b20e5410361e/execute/async - {"script":"<script> [776 bytes]","args":[{"enterText":"Shipping-682","selector":{"id":"createOrganizationPop--descriptionInput","searchOpenDialogs":true,"interaction":{"idSuffix":"inner"}},"clearTextFirst":true,"interactionType":"ENTER_TEXT"}]}
RESULT: {"script":"<script> [776 bytes]","args":[{"enterText":"Shipping-682","selector":{"id":"createOrganizationPop--descriptionInput","searchOpenDialogs":true,"interaction":{"idSuffix":"inner"}},"clearTextFirst":true,"interactionType":"ENTER_TEXT"}]}
COMMAND: POST /session/cf943d61b4ec37add412b20e5410361e/element - {"using":"css selector","value":"#createOrganizationPop--yardOrg-inner"}
RESULT: {"using":"css selector","value":"#createOrganizationPop--yardOrg-inner"}
COMMAND: POST /session/cf943d61b4ec37add412b20e5410361e/element/f.8C1712D618BBFF0472B495C641D9811D.d.DE8A0AB072570AD9CF7EF3F450AF9F8F.e.3551/clear - {}
RESULT: {}
COMMAND: POST /session/cf943d61b4ec37add412b20e5410361e/element/f.8C1712D618BBFF0472B495C641D9811D.d.DE8A0AB072570AD9CF7EF3F450AF9F8F.e.3551/value - {"text":"682"}
COMMAND: GET /session/cf943d61b4ec37add412b20e5410361e/screenshot - {}
RESULT: {"text":"682"}
COMMAND: GET /session/cf943d61b4ec37add412b20e5410361e/screenshot - {}
RESULT: {}
RESULT: {}
COMMAND: POST /session/cf943d61b4ec37add412b20e5410361e/actions - {"actions":[{"id":"action10","type":"key","parameters":{},"actions":[{"type":"keyDown","value":"î€‡"},{"type":"pause","duration":10},{"type":"keyUp","value":"î€‡"}]}]}
RESULT: {"actions":[{"id":"action10","type":"key","parameters":{},"actions":[{"type":"keyDown","value":"î€‡"},{"type":"pause","duration":10},{"type":"keyUp","value":"î€‡"}]}]}
COMMAND: POST /session/cf943d61b4ec37add412b20e5410361e/execute/async - {"script":"<script> [1562 bytes]","args":[{"selector":{"id":"createOrganizationPop--grZone","searchOpenDialogs":true,"interaction":{"idSuffix":"CbBg"}},"wdio_ui5_key":"createOrganizationPopgrZone"}]}
COMMAND: GET /session/cf943d61b4ec37add412b20e5410361e/screenshot - {}
RESULT: {"script":"<script> [1562 bytes]","args":[{"selector":{"id":"createOrganizationPop--grZone","searchOpenDialogs":true,"interaction":{"idSuffix":"CbBg"}},"wdio_ui5_key":"createOrganizationPopgrZone"}]}
RESULT: undefined
COMMAND: POST /session/cf943d61b4ec37add412b20e5410361e/element - {"using":"xpath","value":"//*[@id=\"createOrganizationPop--grZone\"]"}
RESULT: {}
RESULT: {"using":"xpath","value":"//*[@id=\"createOrganizationPop--grZone\"]"}
COMMAND: POST /session/cf943d61b4ec37add412b20e5410361e/element/f.8C1712D618BBFF0472B495C641D9811D.d.DE8A0AB072570AD9CF7EF3F450AF9F8F.e.3573/click - {}
RESULT: {}
COMMAND: GET /session/cf943d61b4ec37add412b20e5410361e/screenshot - {}
RESULT: {}
COMMAND: POST /session/cf943d61b4ec37add412b20e5410361e/execute/async - {"script":"<script> [1562 bytes]","args":[{"selector":{"id":"createOrganizationPop--giZone","searchOpenDialogs":true,"interaction":{"idSuffix":"CbBg"}},"wdio_ui5_key":"createOrganizationPopgiZone"}]}
RESULT: {"script":"<script> [1562 bytes]","args":[{"selector":{"id":"createOrganizationPop--giZone","searchOpenDialogs":true,"interaction":{"idSuffix":"CbBg"}},"wdio_ui5_key":"createOrganizationPopgiZone"}]}
RESULT: undefined
COMMAND: POST /session/cf943d61b4ec37add412b20e5410361e/element - {"using":"xpath","value":"//*[@id=\"createOrganizationPop--giZone\"]"}
RESULT: {"using":"xpath","value":"//*[@id=\"createOrganizationPop--giZone\"]"}
COMMAND: POST /session/cf943d61b4ec37add412b20e5410361e/element/f.8C1712D618BBFF0472B495C641D9811D.d.DE8A0AB072570AD9CF7EF3F450AF9F8F.e.3575/click - {}
RESULT: {}
COMMAND: GET /session/cf943d61b4ec37add412b20e5410361e/screenshot - {}
RESULT: {}
COMMAND: POST /session/cf943d61b4ec37add412b20e5410361e/execute/async - {"script":"<script> [1562 bytes]","args":[{"selector":{"id":"createOrganizationPop--binNoInput","searchOpenDialogs":true,"interaction":{"idSuffix":"inner"}},"wdio_ui5_key":"createOrganizationPopbinNoInput"}]}
RESULT: {"script":"<script> [1562 bytes]","args":[{"selector":{"id":"createOrganizationPop--binNoInput","searchOpenDialogs":true,"interaction":{"idSuffix":"inner"}},"wdio_ui5_key":"createOrganizationPopbinNoInput"}]}
RESULT: undefined
COMMAND: POST /session/cf943d61b4ec37add412b20e5410361e/execute/async - {"script":"<script> [776 bytes]","args":[{"enterText":"Bin-Wd","selector":{"id":"createOrganizationPop--binNoInput","searchOpenDialogs":true,"interaction":{"idSuffix":"inner"}},"clearTextFirst":true,"interactionType":"ENTER_TEXT"}]}
RESULT: {"script":"<script> [776 bytes]","args":[{"enterText":"Bin-Wd","selector":{"id":"createOrganizationPop--binNoInput","searchOpenDialogs":true,"interaction":{"idSuffix":"inner"}},"clearTextFirst":true,"interactionType":"ENTER_TEXT"}]}
COMMAND: POST /session/cf943d61b4ec37add412b20e5410361e/execute/async - {"script":"<script> [1562 bytes]","args":[{"selector":{"id":"createOrganizationPop--descriptionId","searchOpenDialogs":true,"interaction":{"idSuffix":"inner"}},"wdio_ui5_key":"createOrganizationPopdescriptionId"}]}
RESULT: {"script":"<script> [1562 bytes]","args":[{"selector":{"id":"createOrganizationPop--descriptionId","searchOpenDialogs":true,"interaction":{"idSuffix":"inner"}},"wdio_ui5_key":"createOrganizationPopdescriptionId"}]}
RESULT: undefined
COMMAND: POST /session/cf943d61b4ec37add412b20e5410361e/execute/async - {"script":"<script> [776 bytes]","args":[{"enterText":"Shipping-Wd","selector":{"id":"createOrganizationPop--descriptionId","searchOpenDialogs":true,"interaction":{"idSuffix":"inner"}},"clearTextFirst":true,"interactionType":"ENTER_TEXT"}]}
RESULT: {"script":"<script> [776 bytes]","args":[{"enterText":"Shipping-Wd","selector":{"id":"createOrganizationPop--descriptionId","searchOpenDialogs":true,"interaction":{"idSuffix":"inner"}},"clearTextFirst":true,"interactionType":"ENTER_TEXT"}]}
COMMAND: POST /session/cf943d61b4ec37add412b20e5410361e/execute/async - {"script":"<script> [1562 bytes]","args":[{"selector":{"controlType":"sap.m.CheckBox","viewName":"etm.portal.ui.binstatusreport.view.MasterWareBins","viewId":"application-binstatusreport-display-component---warehousing","bindingPath":{"path":"","propertyPath":"/ZONE","modelName":"newBin"},"searchOpenDialogs":true,"interaction":{"idSuffix":"CbBg"}},"wdio_ui5_key":"etmportal.ui.binstatusreport.view.MasterWareBinssap.m.CheckBox{\"path\":\"\",\"propertyPath\":\"/ZONE\",\"modelName\":\"newBin\"}"}]}
RESULT: {"script":"<script> [1562 bytes]","args":[{"selector":{"controlType":"sap.m.CheckBox","viewName":"etm.portal.ui.binstatusreport.view.MasterWareBins","viewId":"application-binstatusreport-display-component---warehousing","bindingPath":{"path":"","propertyPath":"/ZONE","modelName":"newBin"},"searchOpenDialogs":true,"interaction":{"idSuffix":"CbBg"}},"wdio_ui5_key":"etmportal.ui.binstatusreport.view.MasterWareBinssap.m.CheckBox{\"path\":\"\",\"propertyPath\":\"/ZONE\",\"modelName\":\"newBin\"}"}]}
RESULT: undefined
COMMAND: POST /session/cf943d61b4ec37add412b20e5410361e/element - {"using":"xpath","value":"//*[@id=\"__box16\"]"}
RESULT: {"using":"xpath","value":"//*[@id=\"__box16\"]"}
COMMAND: POST /session/cf943d61b4ec37add412b20e5410361e/element/f.8C1712D618BBFF0472B495C641D9811D.d.DE8A0AB072570AD9CF7EF3F450AF9F8F.e.3593/click - {}
RESULT: {}
COMMAND: GET /session/cf943d61b4ec37add412b20e5410361e/screenshot - {}
RESULT: {}
COMMAND: POST /session/cf943d61b4ec37add412b20e5410361e/execute/async - {"script":"<script> [1562 bytes]","args":[{"selector":{"id":"createOrganizationPop--binTypesCB","searchOpenDialogs":true,"interaction":{"idSuffix":"inner"}},"wdio_ui5_key":"createOrganizationPopbinTypesCB"}]}
RESULT: {"script":"<script> [1562 bytes]","args":[{"selector":{"id":"createOrganizationPop--binTypesCB","searchOpenDialogs":true,"interaction":{"idSuffix":"inner"}},"wdio_ui5_key":"createOrganizationPopbinTypesCB"}]}
RESULT: undefined
COMMAND: POST /session/cf943d61b4ec37add412b20e5410361e/execute/async - {"script":"<script> [776 bytes]","args":[{"enterText":"1 - General / No capacity check","selector":{"id":"createOrganizationPop--binTypesCB","searchOpenDialogs":true,"interaction":{"idSuffix":"inner"}},"clearTextFirst":true,"interactionType":"ENTER_TEXT"}]}
RESULT: {"script":"<script> [776 bytes]","args":[{"enterText":"1 - General / No capacity check","selector":{"id":"createOrganizationPop--binTypesCB","searchOpenDialogs":true,"interaction":{"idSuffix":"inner"}},"clearTextFirst":true,"interactionType":"ENTER_TEXT"}]}
COMMAND: POST /session/cf943d61b4ec37add412b20e5410361e/actions - {"actions":[{"id":"action11","type":"key","parameters":{},"actions":[{"type":"keyDown","value":"î€‡"},{"type":"pause","duration":10},{"type":"keyUp","value":"î€‡"}]}]}
RESULT: {"actions":[{"id":"action11","type":"key","parameters":{},"actions":[{"type":"keyDown","value":"î€‡"},{"type":"pause","duration":10},{"type":"keyUp","value":"î€‡"}]}]}
COMMAND: GET /session/cf943d61b4ec37add412b20e5410361e/screenshot - {}
RESULT: {}
COMMAND: POST /session/cf943d61b4ec37add412b20e5410361e/execute/async - {"script":"<script> [1562 bytes]","args":[{"selector":{"id":"createOrganizationPop--finishBtn","searchOpenDialogs":true,"interaction":{"idSuffix":"BDI-content"}},"wdio_ui5_key":"createOrganizationPopfinishBtn"}]}
RESULT: {"script":"<script> [1562 bytes]","args":[{"selector":{"id":"createOrganizationPop--finishBtn","searchOpenDialogs":true,"interaction":{"idSuffix":"BDI-content"}},"wdio_ui5_key":"createOrganizationPopfinishBtn"}]}
RESULT: undefined
COMMAND: POST /session/cf943d61b4ec37add412b20e5410361e/element - {"using":"xpath","value":"//*[@id=\"createOrganizationPop--finishBtn\"]"}
RESULT: {"using":"xpath","value":"//*[@id=\"createOrganizationPop--finishBtn\"]"}
COMMAND: POST /session/cf943d61b4ec37add412b20e5410361e/element/f.8C1712D618BBFF0472B495C641D9811D.d.DE8A0AB072570AD9CF7EF3F450AF9F8F.e.3607/click - {}
RESULT: {}
COMMAND: GET /session/cf943d61b4ec37add412b20e5410361e/screenshot - {}
RESULT: {}
COMMAND: POST /session/cf943d61b4ec37add412b20e5410361e/element - {"using":"css selector","value":"#shell-header-logo"}
RESULT: {"using":"css selector","value":"#shell-header-logo"}
COMMAND: POST /session/cf943d61b4ec37add412b20e5410361e/element/f.8C1712D618BBFF0472B495C641D9811D.d.DE8A0AB072570AD9CF7EF3F450AF9F8F.e.3465/click - {}
RESULT: {}
COMMAND: GET /session/cf943d61b4ec37add412b20e5410361e/screenshot - {}
RESULT: {}
]]></system-out>
    </testcase>
    <testcase classname="chrome.137_0_7151_69.windows.Stock_increase_-_with_WHM_US125587" name="Bin Status Report Should Create New Organization for Site" time="74.679">
      <system-out><![CDATA[
RESULT: undefined
COMMAND: POST /session/cf943d61b4ec37add412b20e5410361e/element - {"using":"xpath","value":"//*[@id=\"__tile104\"]"}
RESULT: {"using":"xpath","value":"//*[@id=\"__tile104\"]"}
COMMAND: POST /session/cf943d61b4ec37add412b20e5410361e/element/f.8C1712D618BBFF0472B495C641D9811D.d.DE8A0AB072570AD9CF7EF3F450AF9F8F.e.3458/click - {}
RESULT: {}
COMMAND: GET /session/cf943d61b4ec37add412b20e5410361e/screenshot - {}
RESULT: {}
COMMAND: POST /session/cf943d61b4ec37add412b20e5410361e/elements - {"using":"xpath","value":"//span[text()='Error']"}
RESULT: {"using":"xpath","value":"//span[text()='Error']"}
COMMAND: POST /session/cf943d61b4ec37add412b20e5410361e/element - {"using":"xpath","value":"//button[@id=\"application-binstatusreport-display-component---warehousing--createOrgBtn\"]"}
RESULT: {"using":"xpath","value":"//button[@id=\"application-binstatusreport-display-component---warehousing--createOrgBtn\"]"}
COMMAND: POST /session/cf943d61b4ec37add412b20e5410361e/elements - {"using":"xpath","value":"//button[@id=\"application-binstatusreport-display-component---warehousing--createOrgBtn\"]"}
RESULT: {"using":"xpath","value":"//button[@id=\"application-binstatusreport-display-component---warehousing--createOrgBtn\"]"}
COMMAND: POST /session/cf943d61b4ec37add412b20e5410361e/execute/sync - {"script":"<script> [8489 bytes]","args":[{"element-6066-11e4-a52e-4f735466cecf":"f.8C1712D618BBFF0472B495C641D9811D.d.DE8A0AB072570AD9CF7EF3F450AF9F8F.e.3669","ELEMENT":"f.8C1712D618BBFF0472B495C641D9811D.d.DE8A0AB072570AD9CF7EF3F450AF9F8F.e.3669"}]}
RESULT: {"script":"<script> [8489 bytes]","args":[{"element-6066-11e4-a52e-4f735466cecf":"f.8C1712D618BBFF0472B495C641D9811D.d.DE8A0AB072570AD9CF7EF3F450AF9F8F.e.3669","ELEMENT":"f.8C1712D618BBFF0472B495C641D9811D.d.DE8A0AB072570AD9CF7EF3F450AF9F8F.e.3669"}]}
COMMAND: GET /session/cf943d61b4ec37add412b20e5410361e/element/f.8C1712D618BBFF0472B495C641D9811D.d.DE8A0AB072570AD9CF7EF3F450AF9F8F.e.3669/enabled - {}
COMMAND: GET /session/cf943d61b4ec37add412b20e5410361e/screenshot - {}
RESULT: {}
COMMAND: POST /session/cf943d61b4ec37add412b20e5410361e/execute/sync - {"script":"<script> [8489 bytes]","args":[{"element-6066-11e4-a52e-4f735466cecf":"f.8C1712D618BBFF0472B495C641D9811D.d.DE8A0AB072570AD9CF7EF3F450AF9F8F.e.3669","ELEMENT":"f.8C1712D618BBFF0472B495C641D9811D.d.DE8A0AB072570AD9CF7EF3F450AF9F8F.e.3669"}]}
COMMAND: GET /session/cf943d61b4ec37add412b20e5410361e/screenshot - {}
RESULT: {}
RESULT: {"script":"<script> [8489 bytes]","args":[{"element-6066-11e4-a52e-4f735466cecf":"f.8C1712D618BBFF0472B495C641D9811D.d.DE8A0AB072570AD9CF7EF3F450AF9F8F.e.3669","ELEMENT":"f.8C1712D618BBFF0472B495C641D9811D.d.DE8A0AB072570AD9CF7EF3F450AF9F8F.e.3669"}]}
COMMAND: POST /session/cf943d61b4ec37add412b20e5410361e/execute/sync - {"script":"<script> [5351 bytes]","args":[{"element-6066-11e4-a52e-4f735466cecf":"f.8C1712D618BBFF0472B495C641D9811D.d.DE8A0AB072570AD9CF7EF3F450AF9F8F.e.3669","ELEMENT":"f.8C1712D618BBFF0472B495C641D9811D.d.DE8A0AB072570AD9CF7EF3F450AF9F8F.e.3669"}]}
COMMAND: GET /session/cf943d61b4ec37add412b20e5410361e/screenshot - {}
RESULT: {}
RESULT: {"script":"<script> [5351 bytes]","args":[{"element-6066-11e4-a52e-4f735466cecf":"f.8C1712D618BBFF0472B495C641D9811D.d.DE8A0AB072570AD9CF7EF3F450AF9F8F.e.3669","ELEMENT":"f.8C1712D618BBFF0472B495C641D9811D.d.DE8A0AB072570AD9CF7EF3F450AF9F8F.e.3669"}]}
COMMAND: GET /session/cf943d61b4ec37add412b20e5410361e/screenshot - {}
RESULT: {}
RESULT: {}
COMMAND: POST /session/cf943d61b4ec37add412b20e5410361e/element/f.8C1712D618BBFF0472B495C641D9811D.d.DE8A0AB072570AD9CF7EF3F450AF9F8F.e.3669/click - {}
RESULT: {}
COMMAND: GET /session/cf943d61b4ec37add412b20e5410361e/screenshot - {}
RESULT: {}
RESULT: undefined
COMMAND: POST /session/cf943d61b4ec37add412b20e5410361e/execute/async - {"script":"<script> [776 bytes]","args":[{"enterText":"2387","selector":{"id":"createOrganizationPop--sectionInput","searchOpenDialogs":true,"interaction":{"idSuffix":"inner"}},"clearTextFirst":true,"interactionType":"ENTER_TEXT"}]}
RESULT: {"script":"<script> [776 bytes]","args":[{"enterText":"2387","selector":{"id":"createOrganizationPop--sectionInput","searchOpenDialogs":true,"interaction":{"idSuffix":"inner"}},"clearTextFirst":true,"interactionType":"ENTER_TEXT"}]}
RESULT: undefined
COMMAND: POST /session/cf943d61b4ec37add412b20e5410361e/execute/async - {"script":"<script> [776 bytes]","args":[{"enterText":"WDIO-2387","selector":{"id":"createOrganizationPop--descriptionInput","searchOpenDialogs":true,"interaction":{"idSuffix":"inner"}},"clearTextFirst":true,"interactionType":"ENTER_TEXT"}]}
RESULT: {"script":"<script> [776 bytes]","args":[{"enterText":"WDIO-2387","selector":{"id":"createOrganizationPop--descriptionInput","searchOpenDialogs":true,"interaction":{"idSuffix":"inner"}},"clearTextFirst":true,"interactionType":"ENTER_TEXT"}]}
COMMAND: POST /session/cf943d61b4ec37add412b20e5410361e/element - {"using":"css selector","value":"#createOrganizationPop--siteOrg-inner"}
RESULT: {"using":"css selector","value":"#createOrganizationPop--siteOrg-inner"}
COMMAND: POST /session/cf943d61b4ec37add412b20e5410361e/element/f.8C1712D618BBFF0472B495C641D9811D.d.DE8A0AB072570AD9CF7EF3F450AF9F8F.e.3685/clear - {}
RESULT: {}
COMMAND: POST /session/cf943d61b4ec37add412b20e5410361e/element/f.8C1712D618BBFF0472B495C641D9811D.d.DE8A0AB072570AD9CF7EF3F450AF9F8F.e.3685/value - {"text":"2387"}
COMMAND: GET /session/cf943d61b4ec37add412b20e5410361e/screenshot - {}
RESULT: {"text":"2387"}
COMMAND: GET /session/cf943d61b4ec37add412b20e5410361e/screenshot - {}
RESULT: {}
RESULT: {}
COMMAND: POST /session/cf943d61b4ec37add412b20e5410361e/actions - {"actions":[{"id":"action12","type":"key","parameters":{},"actions":[{"type":"keyDown","value":"î€‡"},{"type":"pause","duration":10},{"type":"keyUp","value":"î€‡"}]}]}
RESULT: {"actions":[{"id":"action12","type":"key","parameters":{},"actions":[{"type":"keyDown","value":"î€‡"},{"type":"pause","duration":10},{"type":"keyUp","value":"î€‡"}]}]}
RESULT: undefined
COMMAND: POST /session/cf943d61b4ec37add412b20e5410361e/element - {"using":"xpath","value":"//*[@id=\"createOrganizationPop--giZone\"]"}
COMMAND: GET /session/cf943d61b4ec37add412b20e5410361e/screenshot - {}
RESULT: {}
RESULT: {"using":"xpath","value":"//*[@id=\"createOrganizationPop--giZone\"]"}
COMMAND: POST /session/cf943d61b4ec37add412b20e5410361e/element/f.8C1712D618BBFF0472B495C641D9811D.d.DE8A0AB072570AD9CF7EF3F450AF9F8F.e.3723/click - {}
RESULT: {}
COMMAND: GET /session/cf943d61b4ec37add412b20e5410361e/screenshot - {}
RESULT: {}
RESULT: undefined
COMMAND: POST /session/cf943d61b4ec37add412b20e5410361e/execute/async - {"script":"<script> [776 bytes]","args":[{"enterText":"WD-BIN","selector":{"id":"createOrganizationPop--binNoInput","searchOpenDialogs":true,"interaction":{"idSuffix":"inner"}},"clearTextFirst":true,"interactionType":"ENTER_TEXT"}]}
RESULT: {"script":"<script> [776 bytes]","args":[{"enterText":"WD-BIN","selector":{"id":"createOrganizationPop--binNoInput","searchOpenDialogs":true,"interaction":{"idSuffix":"inner"}},"clearTextFirst":true,"interactionType":"ENTER_TEXT"}]}
RESULT: undefined
COMMAND: POST /session/cf943d61b4ec37add412b20e5410361e/execute/async - {"script":"<script> [776 bytes]","args":[{"enterText":"WD-BIN","selector":{"id":"createOrganizationPop--descriptionId","searchOpenDialogs":true,"interaction":{"idSuffix":"inner"}},"clearTextFirst":true,"interactionType":"ENTER_TEXT"}]}
RESULT: {"script":"<script> [776 bytes]","args":[{"enterText":"WD-BIN","selector":{"id":"createOrganizationPop--descriptionId","searchOpenDialogs":true,"interaction":{"idSuffix":"inner"}},"clearTextFirst":true,"interactionType":"ENTER_TEXT"}]}
COMMAND: POST /session/cf943d61b4ec37add412b20e5410361e/execute/async - {"script":"<script> [1562 bytes]","args":[{"selector":{"controlType":"sap.m.CheckBox","viewName":"etm.portal.ui.binstatusreport.view.MasterWareBins","viewId":"application-binstatusreport-display-component---warehousing","bindingPath":{"propertyPath":"/ZONE","modelName":"newBin"},"searchOpenDialogs":true,"interaction":{"idSuffix":"CbBg"}},"wdio_ui5_key":"etmportal.ui.binstatusreport.view.MasterWareBinssap.m.CheckBox{\"propertyPath\":\"/ZONE\",\"modelName\":\"newBin\"}"}]}
RESULT: {"script":"<script> [1562 bytes]","args":[{"selector":{"controlType":"sap.m.CheckBox","viewName":"etm.portal.ui.binstatusreport.view.MasterWareBins","viewId":"application-binstatusreport-display-component---warehousing","bindingPath":{"propertyPath":"/ZONE","modelName":"newBin"},"searchOpenDialogs":true,"interaction":{"idSuffix":"CbBg"}},"wdio_ui5_key":"etmportal.ui.binstatusreport.view.MasterWareBinssap.m.CheckBox{\"propertyPath\":\"/ZONE\",\"modelName\":\"newBin\"}"}]}
RESULT: undefined
COMMAND: POST /session/cf943d61b4ec37add412b20e5410361e/element - {"using":"xpath","value":"//*[@id=\"__box28\"]"}
RESULT: {"using":"xpath","value":"//*[@id=\"__box28\"]"}
COMMAND: POST /session/cf943d61b4ec37add412b20e5410361e/element/f.8C1712D618BBFF0472B495C641D9811D.d.DE8A0AB072570AD9CF7EF3F450AF9F8F.e.3745/click - {}
RESULT: {}
COMMAND: GET /session/cf943d61b4ec37add412b20e5410361e/screenshot - {}
RESULT: {}
RESULT: undefined
COMMAND: POST /session/cf943d61b4ec37add412b20e5410361e/execute/async - {"script":"<script> [776 bytes]","args":[{"enterText":"1 - General / No capacity check","selector":{"id":"createOrganizationPop--binTypesCB","searchOpenDialogs":true,"interaction":{"idSuffix":"inner"}},"clearTextFirst":true,"interactionType":"ENTER_TEXT"}]}
RESULT: {"script":"<script> [776 bytes]","args":[{"enterText":"1 - General / No capacity check","selector":{"id":"createOrganizationPop--binTypesCB","searchOpenDialogs":true,"interaction":{"idSuffix":"inner"}},"clearTextFirst":true,"interactionType":"ENTER_TEXT"}]}
COMMAND: POST /session/cf943d61b4ec37add412b20e5410361e/execute/async - {"script":"<script> [1562 bytes]","args":[{"selector":{"id":"createOrganizationPop--capacityId","searchOpenDialogs":true,"interaction":{"idSuffix":"inner"}},"wdio_ui5_key":"createOrganizationPopcapacityId"}]}
RESULT: {"script":"<script> [1562 bytes]","args":[{"selector":{"id":"createOrganizationPop--capacityId","searchOpenDialogs":true,"interaction":{"idSuffix":"inner"}},"wdio_ui5_key":"createOrganizationPopcapacityId"}]}
RESULT: undefined
COMMAND: POST /session/cf943d61b4ec37add412b20e5410361e/actions - {"actions":[{"id":"action13","type":"key","parameters":{},"actions":[{"type":"keyDown","value":"î€‡"},{"type":"pause","duration":10},{"type":"keyUp","value":"î€‡"}]}]}
RESULT: {"actions":[{"id":"action13","type":"key","parameters":{},"actions":[{"type":"keyDown","value":"î€‡"},{"type":"pause","duration":10},{"type":"keyUp","value":"î€‡"}]}]}
COMMAND: GET /session/cf943d61b4ec37add412b20e5410361e/screenshot - {}
RESULT: {}
RESULT: undefined
COMMAND: POST /session/cf943d61b4ec37add412b20e5410361e/element - {"using":"xpath","value":"//*[@id=\"createOrganizationPop--finishBtn\"]"}
RESULT: {"using":"xpath","value":"//*[@id=\"createOrganizationPop--finishBtn\"]"}
COMMAND: POST /session/cf943d61b4ec37add412b20e5410361e/element/f.8C1712D618BBFF0472B495C641D9811D.d.DE8A0AB072570AD9CF7EF3F450AF9F8F.e.3759/click - {}
RESULT: {}
COMMAND: GET /session/cf943d61b4ec37add412b20e5410361e/screenshot - {}
RESULT: {}
COMMAND: POST /session/cf943d61b4ec37add412b20e5410361e/element - {"using":"css selector","value":"#shell-header-logo"}
RESULT: {"using":"css selector","value":"#shell-header-logo"}
COMMAND: POST /session/cf943d61b4ec37add412b20e5410361e/element/f.8C1712D618BBFF0472B495C641D9811D.d.DE8A0AB072570AD9CF7EF3F450AF9F8F.e.3616/click - {}
RESULT: {}
COMMAND: GET /session/cf943d61b4ec37add412b20e5410361e/screenshot - {}
RESULT: {}
]]></system-out>
    </testcase>
    <testcase classname="chrome.137_0_7151_69.windows.Stock_increase_-_with_WHM_US125587" name="Create a Warehouse Movement for created yard" time="48.19">
      <system-out><![CDATA[
COMMAND: POST /session/cf943d61b4ec37add412b20e5410361e/execute/async - {"script":"<script> [1562 bytes]","args":[{"selector":{"controlType":"sap.m.GenericTile","properties":{"header":"Manage Warehouse Movements"}},"wdio_ui5_key":"sapm.GenericTile{\"header\":\"Manage Warehouse Movements\"}"}]}
RESULT: {"script":"<script> [1562 bytes]","args":[{"selector":{"controlType":"sap.m.GenericTile","properties":{"header":"Manage Warehouse Movements"}},"wdio_ui5_key":"sapm.GenericTile{\"header\":\"Manage Warehouse Movements\"}"}]}
RESULT: undefined
COMMAND: POST /session/cf943d61b4ec37add412b20e5410361e/element - {"using":"xpath","value":"//*[@id=\"__tile105\"]"}
RESULT: {"using":"xpath","value":"//*[@id=\"__tile105\"]"}
COMMAND: POST /session/cf943d61b4ec37add412b20e5410361e/element/f.8C1712D618BBFF0472B495C641D9811D.d.DE8A0AB072570AD9CF7EF3F450AF9F8F.e.3770/click - {}
RESULT: {}
COMMAND: GET /session/cf943d61b4ec37add412b20e5410361e/screenshot - {}
RESULT: {}
COMMAND: POST /session/cf943d61b4ec37add412b20e5410361e/elements - {"using":"xpath","value":"//span[text()='Error']"}
RESULT: {"using":"xpath","value":"//span[text()='Error']"}
COMMAND: POST /session/cf943d61b4ec37add412b20e5410361e/element - {"using":"xpath","value":"//input[@id='application-warehousemovements-display-component---warehouseMovements--smartFilterBar-filterItemControl_BASIC-YARD-inner']"}
RESULT: {"using":"xpath","value":"//input[@id='application-warehousemovements-display-component---warehouseMovements--smartFilterBar-filterItemControl_BASIC-YARD-inner']"}
COMMAND: POST /session/cf943d61b4ec37add412b20e5410361e/elements - {"using":"xpath","value":"//input[@id='application-warehousemovements-display-component---warehouseMovements--smartFilterBar-filterItemControl_BASIC-YARD-inner']"}
RESULT: {"using":"xpath","value":"//input[@id='application-warehousemovements-display-component---warehouseMovements--smartFilterBar-filterItemControl_BASIC-YARD-inner']"}
COMMAND: POST /session/cf943d61b4ec37add412b20e5410361e/execute/sync - {"script":"<script> [8489 bytes]","args":[{"element-6066-11e4-a52e-4f735466cecf":"f.8C1712D618BBFF0472B495C641D9811D.d.DE8A0AB072570AD9CF7EF3F450AF9F8F.e.3792","ELEMENT":"f.8C1712D618BBFF0472B495C641D9811D.d.DE8A0AB072570AD9CF7EF3F450AF9F8F.e.3792"}]}
RESULT: {"script":"<script> [8489 bytes]","args":[{"element-6066-11e4-a52e-4f735466cecf":"f.8C1712D618BBFF0472B495C641D9811D.d.DE8A0AB072570AD9CF7EF3F450AF9F8F.e.3792","ELEMENT":"f.8C1712D618BBFF0472B495C641D9811D.d.DE8A0AB072570AD9CF7EF3F450AF9F8F.e.3792"}]}
COMMAND: GET /session/cf943d61b4ec37add412b20e5410361e/element/f.8C1712D618BBFF0472B495C641D9811D.d.DE8A0AB072570AD9CF7EF3F450AF9F8F.e.3792/enabled - {}
COMMAND: GET /session/cf943d61b4ec37add412b20e5410361e/screenshot - {}
RESULT: {}
COMMAND: POST /session/cf943d61b4ec37add412b20e5410361e/execute/sync - {"script":"<script> [8489 bytes]","args":[{"element-6066-11e4-a52e-4f735466cecf":"f.8C1712D618BBFF0472B495C641D9811D.d.DE8A0AB072570AD9CF7EF3F450AF9F8F.e.3792","ELEMENT":"f.8C1712D618BBFF0472B495C641D9811D.d.DE8A0AB072570AD9CF7EF3F450AF9F8F.e.3792"}]}
COMMAND: GET /session/cf943d61b4ec37add412b20e5410361e/screenshot - {}
RESULT: {}
RESULT: {"script":"<script> [8489 bytes]","args":[{"element-6066-11e4-a52e-4f735466cecf":"f.8C1712D618BBFF0472B495C641D9811D.d.DE8A0AB072570AD9CF7EF3F450AF9F8F.e.3792","ELEMENT":"f.8C1712D618BBFF0472B495C641D9811D.d.DE8A0AB072570AD9CF7EF3F450AF9F8F.e.3792"}]}
COMMAND: POST /session/cf943d61b4ec37add412b20e5410361e/execute/sync - {"script":"<script> [5351 bytes]","args":[{"element-6066-11e4-a52e-4f735466cecf":"f.8C1712D618BBFF0472B495C641D9811D.d.DE8A0AB072570AD9CF7EF3F450AF9F8F.e.3792","ELEMENT":"f.8C1712D618BBFF0472B495C641D9811D.d.DE8A0AB072570AD9CF7EF3F450AF9F8F.e.3792"}]}
COMMAND: GET /session/cf943d61b4ec37add412b20e5410361e/screenshot - {}
RESULT: {}
RESULT: {"script":"<script> [5351 bytes]","args":[{"element-6066-11e4-a52e-4f735466cecf":"f.8C1712D618BBFF0472B495C641D9811D.d.DE8A0AB072570AD9CF7EF3F450AF9F8F.e.3792","ELEMENT":"f.8C1712D618BBFF0472B495C641D9811D.d.DE8A0AB072570AD9CF7EF3F450AF9F8F.e.3792"}]}
COMMAND: GET /session/cf943d61b4ec37add412b20e5410361e/screenshot - {}
RESULT: {}
RESULT: {}
COMMAND: POST /session/cf943d61b4ec37add412b20e5410361e/element/f.8C1712D618BBFF0472B495C641D9811D.d.DE8A0AB072570AD9CF7EF3F450AF9F8F.e.3792/clear - {}
RESULT: {}
COMMAND: POST /session/cf943d61b4ec37add412b20e5410361e/element/f.8C1712D618BBFF0472B495C641D9811D.d.DE8A0AB072570AD9CF7EF3F450AF9F8F.e.3792/value - {"text":"682"}
COMMAND: GET /session/cf943d61b4ec37add412b20e5410361e/screenshot - {}
RESULT: {"text":"682"}
COMMAND: POST /session/cf943d61b4ec37add412b20e5410361e/actions - {"actions":[{"id":"action14","type":"key","parameters":{},"actions":[{"type":"keyDown","value":"î€‡"},{"type":"pause","duration":10},{"type":"keyUp","value":"î€‡"}]}]}
COMMAND: GET /session/cf943d61b4ec37add412b20e5410361e/screenshot - {}
RESULT: {}
RESULT: {"actions":[{"id":"action14","type":"key","parameters":{},"actions":[{"type":"keyDown","value":"î€‡"},{"type":"pause","duration":10},{"type":"keyUp","value":"î€‡"}]}]}
COMMAND: GET /session/cf943d61b4ec37add412b20e5410361e/screenshot - {}
RESULT: {}
RESULT: {}
COMMAND: POST /session/cf943d61b4ec37add412b20e5410361e/element - {"using":"xpath","value":"//button[contains(@data-kt, \"MasterMovementAddOverflowToolbarButton\")]"}
RESULT: {"using":"xpath","value":"//button[contains(@data-kt, \"MasterMovementAddOverflowToolbarButton\")]"}
COMMAND: POST /session/cf943d61b4ec37add412b20e5410361e/element/f.8C1712D618BBFF0472B495C641D9811D.d.DE8A0AB072570AD9CF7EF3F450AF9F8F.e.3815/click - {}
RESULT: {}
COMMAND: GET /session/cf943d61b4ec37add412b20e5410361e/screenshot - {}
RESULT: {}
COMMAND: POST /session/cf943d61b4ec37add412b20e5410361e/element - {"using":"xpath","value":"//*[@id=\"application-warehousemovements-display-component---addMovement--sectionsList-arrow\"]"}
RESULT: {"using":"xpath","value":"//*[@id=\"application-warehousemovements-display-component---addMovement--sectionsList-arrow\"]"}
COMMAND: POST /session/cf943d61b4ec37add412b20e5410361e/element/f.8C1712D618BBFF0472B495C641D9811D.d.DE8A0AB072570AD9CF7EF3F450AF9F8F.e.4114/click - {}
RESULT: {}
COMMAND: POST /session/cf943d61b4ec37add412b20e5410361e/actions - {"actions":[{"id":"action15","type":"key","parameters":{},"actions":[{"type":"keyDown","value":"î€•"},{"type":"pause","duration":10},{"type":"keyUp","value":"î€•"}]}]}
COMMAND: GET /session/cf943d61b4ec37add412b20e5410361e/screenshot - {}
RESULT: {"actions":[{"id":"action15","type":"key","parameters":{},"actions":[{"type":"keyDown","value":"î€•"},{"type":"pause","duration":10},{"type":"keyUp","value":"î€•"}]}]}
COMMAND: GET /session/cf943d61b4ec37add412b20e5410361e/screenshot - {}
RESULT: {}
RESULT: {}
COMMAND: POST /session/cf943d61b4ec37add412b20e5410361e/actions - {"actions":[{"id":"action16","type":"key","parameters":{},"actions":[{"type":"keyDown","value":"î€‡"},{"type":"pause","duration":10},{"type":"keyUp","value":"î€‡"}]}]}
RESULT: {"actions":[{"id":"action16","type":"key","parameters":{},"actions":[{"type":"keyDown","value":"î€‡"},{"type":"pause","duration":10},{"type":"keyUp","value":"î€‡"}]}]}
COMMAND: GET /session/cf943d61b4ec37add412b20e5410361e/screenshot - {}
RESULT: {}
COMMAND: POST /session/cf943d61b4ec37add412b20e5410361e/element - {"using":"xpath","value":"//*[@id=\"application-warehousemovements-display-component---addMovement--saveMovementBtn-BDI-content\" and text()=\"Save\"]"}
RESULT: {"using":"xpath","value":"//*[@id=\"application-warehousemovements-display-component---addMovement--saveMovementBtn-BDI-content\" and text()=\"Save\"]"}
COMMAND: POST /session/cf943d61b4ec37add412b20e5410361e/element/f.8C1712D618BBFF0472B495C641D9811D.d.DE8A0AB072570AD9CF7EF3F450AF9F8F.e.4115/click - {}
RESULT: {}
COMMAND: GET /session/cf943d61b4ec37add412b20e5410361e/screenshot - {}
RESULT: {}
COMMAND: POST /session/cf943d61b4ec37add412b20e5410361e/element - {"using":"css selector","value":"#shell-header-logo"}
RESULT: {"using":"css selector","value":"#shell-header-logo"}
COMMAND: POST /session/cf943d61b4ec37add412b20e5410361e/element/f.8C1712D618BBFF0472B495C641D9811D.d.DE8A0AB072570AD9CF7EF3F450AF9F8F.e.3772/click - {}
RESULT: {}
COMMAND: GET /session/cf943d61b4ec37add412b20e5410361e/screenshot - {}
RESULT: {}
]]></system-out>
    </testcase>
  </testsuite>
  <testsuite timestamp="2025-06-05T16:32:42" time="148.818" tests="6" failures="0" errors="0" skipped="0">
    <properties>
      <property name="specId" value="0" />
      <property name="suiteName" value="Provide to Site w/ warehouse management w/ clarification US115878" />
      <property name="capabilities" value="chrome.137_0_7151_69.windows" />
      <property name="file" value="file:///D:/a/1/s/test/specs/HTR/provide-to-site-w-warehouse-w-clarification.spec.js" />
    </properties>
    <testcase classname="chrome.137_0_7151_69.windows.Provide_to_Site_w/_warehouse_management_w/_clarification_US115878" name="Should create a new WHM yard" time="0.012">
      <system-out><![CDATA[
COMMAND: POST /session/cf943d61b4ec37add412b20e5410361e/window/fullscreen - {}
RESULT: {}
]]></system-out>
    </testcase>
    <testcase classname="chrome.137_0_7151_69.windows.Provide_to_Site_w/_warehouse_management_w/_clarification_US115878" name="Should create a new external WHM partner" time="0.002" />
    <testcase classname="chrome.137_0_7151_69.windows.Provide_to_Site_w/_warehouse_management_w/_clarification_US115878" name="Should create a new WHM site" time="0.002" />
    <testcase classname="chrome.137_0_7151_69.windows.Provide_to_Site_w/_warehouse_management_w/_clarification_US115878" name="Should create a new material" time="131.973">
      <system-out><![CDATA[
COMMAND: POST /session/cf943d61b4ec37add412b20e5410361e/execute/async - {"script":"<script> [1562 bytes]","args":[{"selector":{"controlType":"sap.m.GenericTile","properties":{"header":"Manage Resources"}},"wdio_ui5_key":"sapm.GenericTile{\"header\":\"Manage Resources\"}"}]}
RESULT: {"script":"<script> [1562 bytes]","args":[{"selector":{"controlType":"sap.m.GenericTile","properties":{"header":"Manage Resources"}},"wdio_ui5_key":"sapm.GenericTile{\"header\":\"Manage Resources\"}"}]}
RESULT: undefined
COMMAND: POST /session/cf943d61b4ec37add412b20e5410361e/element - {"using":"xpath","value":"//*[@id=\"__tile31\"]"}
RESULT: {"using":"xpath","value":"//*[@id=\"__tile31\"]"}
COMMAND: POST /session/cf943d61b4ec37add412b20e5410361e/element/f.8C1712D618BBFF0472B495C641D9811D.d.940979AA7FB3561546B697CE3F944478.e.4622/click - {}
RESULT: {}
COMMAND: GET /session/cf943d61b4ec37add412b20e5410361e/screenshot - {}
RESULT: {}
COMMAND: POST /session/cf943d61b4ec37add412b20e5410361e/elements - {"using":"xpath","value":"//span[text()='Error']"}
RESULT: {"using":"xpath","value":"//span[text()='Error']"}
COMMAND: POST /session/cf943d61b4ec37add412b20e5410361e/element - {"using":"xpath","value":"//button[@data-kt=\"addNewRUOverflowToolbarButton\"]"}
RESULT: {"using":"xpath","value":"//button[@data-kt=\"addNewRUOverflowToolbarButton\"]"}
COMMAND: POST /session/cf943d61b4ec37add412b20e5410361e/elements - {"using":"xpath","value":"//button[@data-kt=\"addNewRUOverflowToolbarButton\"]"}
RESULT: {"using":"xpath","value":"//button[@data-kt=\"addNewRUOverflowToolbarButton\"]"}
COMMAND: POST /session/cf943d61b4ec37add412b20e5410361e/elements - {"using":"xpath","value":"//button[@data-kt=\"addNewRUOverflowToolbarButton\"]"}
RESULT: {"using":"xpath","value":"//button[@data-kt=\"addNewRUOverflowToolbarButton\"]"}
COMMAND: POST /session/cf943d61b4ec37add412b20e5410361e/elements - {"using":"xpath","value":"//button[@data-kt=\"addNewRUOverflowToolbarButton\"]"}
RESULT: {"using":"xpath","value":"//button[@data-kt=\"addNewRUOverflowToolbarButton\"]"}
COMMAND: POST /session/cf943d61b4ec37add412b20e5410361e/elements - {"using":"xpath","value":"//button[@data-kt=\"addNewRUOverflowToolbarButton\"]"}
RESULT: {"using":"xpath","value":"//button[@data-kt=\"addNewRUOverflowToolbarButton\"]"}
COMMAND: POST /session/cf943d61b4ec37add412b20e5410361e/elements - {"using":"xpath","value":"//button[@data-kt=\"addNewRUOverflowToolbarButton\"]"}
RESULT: {"using":"xpath","value":"//button[@data-kt=\"addNewRUOverflowToolbarButton\"]"}
COMMAND: POST /session/cf943d61b4ec37add412b20e5410361e/elements - {"using":"xpath","value":"//button[@data-kt=\"addNewRUOverflowToolbarButton\"]"}
RESULT: {"using":"xpath","value":"//button[@data-kt=\"addNewRUOverflowToolbarButton\"]"}
COMMAND: POST /session/cf943d61b4ec37add412b20e5410361e/elements - {"using":"xpath","value":"//button[@data-kt=\"addNewRUOverflowToolbarButton\"]"}
RESULT: {"using":"xpath","value":"//button[@data-kt=\"addNewRUOverflowToolbarButton\"]"}
COMMAND: POST /session/cf943d61b4ec37add412b20e5410361e/elements - {"using":"xpath","value":"//button[@data-kt=\"addNewRUOverflowToolbarButton\"]"}
RESULT: {"using":"xpath","value":"//button[@data-kt=\"addNewRUOverflowToolbarButton\"]"}
COMMAND: POST /session/cf943d61b4ec37add412b20e5410361e/elements - {"using":"xpath","value":"//button[@data-kt=\"addNewRUOverflowToolbarButton\"]"}
RESULT: {"using":"xpath","value":"//button[@data-kt=\"addNewRUOverflowToolbarButton\"]"}
COMMAND: POST /session/cf943d61b4ec37add412b20e5410361e/elements - {"using":"xpath","value":"//button[@data-kt=\"addNewRUOverflowToolbarButton\"]"}
RESULT: {"using":"xpath","value":"//button[@data-kt=\"addNewRUOverflowToolbarButton\"]"}
COMMAND: POST /session/cf943d61b4ec37add412b20e5410361e/elements - {"using":"xpath","value":"//button[@data-kt=\"addNewRUOverflowToolbarButton\"]"}
RESULT: {"using":"xpath","value":"//button[@data-kt=\"addNewRUOverflowToolbarButton\"]"}
COMMAND: POST /session/cf943d61b4ec37add412b20e5410361e/elements - {"using":"xpath","value":"//button[@data-kt=\"addNewRUOverflowToolbarButton\"]"}
RESULT: {"using":"xpath","value":"//button[@data-kt=\"addNewRUOverflowToolbarButton\"]"}
COMMAND: POST /session/cf943d61b4ec37add412b20e5410361e/elements - {"using":"xpath","value":"//button[@data-kt=\"addNewRUOverflowToolbarButton\"]"}
RESULT: {"using":"xpath","value":"//button[@data-kt=\"addNewRUOverflowToolbarButton\"]"}
COMMAND: POST /session/cf943d61b4ec37add412b20e5410361e/elements - {"using":"xpath","value":"//button[@data-kt=\"addNewRUOverflowToolbarButton\"]"}
RESULT: {"using":"xpath","value":"//button[@data-kt=\"addNewRUOverflowToolbarButton\"]"}
COMMAND: POST /session/cf943d61b4ec37add412b20e5410361e/elements - {"using":"xpath","value":"//button[@data-kt=\"addNewRUOverflowToolbarButton\"]"}
RESULT: {"using":"xpath","value":"//button[@data-kt=\"addNewRUOverflowToolbarButton\"]"}
COMMAND: POST /session/cf943d61b4ec37add412b20e5410361e/element - {"using":"xpath","value":"//button[@data-kt=\"addNewRUOverflowToolbarButton\"]"}
RESULT: {"using":"xpath","value":"//button[@data-kt=\"addNewRUOverflowToolbarButton\"]"}
COMMAND: POST /session/cf943d61b4ec37add412b20e5410361e/execute/sync - {"script":"<script> [8489 bytes]","args":[{"element-6066-11e4-a52e-4f735466cecf":"f.8C1712D618BBFF0472B495C641D9811D.d.940979AA7FB3561546B697CE3F944478.e.4750","ELEMENT":"f.8C1712D618BBFF0472B495C641D9811D.d.940979AA7FB3561546B697CE3F944478.e.4750"}]}
RESULT: {"script":"<script> [8489 bytes]","args":[{"element-6066-11e4-a52e-4f735466cecf":"f.8C1712D618BBFF0472B495C641D9811D.d.940979AA7FB3561546B697CE3F944478.e.4750","ELEMENT":"f.8C1712D618BBFF0472B495C641D9811D.d.940979AA7FB3561546B697CE3F944478.e.4750"}]}
COMMAND: GET /session/cf943d61b4ec37add412b20e5410361e/element/f.8C1712D618BBFF0472B495C641D9811D.d.940979AA7FB3561546B697CE3F944478.e.4750/enabled - {}
COMMAND: GET /session/cf943d61b4ec37add412b20e5410361e/screenshot - {}
RESULT: {}
COMMAND: POST /session/cf943d61b4ec37add412b20e5410361e/execute/sync - {"script":"<script> [8489 bytes]","args":[{"element-6066-11e4-a52e-4f735466cecf":"f.8C1712D618BBFF0472B495C641D9811D.d.940979AA7FB3561546B697CE3F944478.e.4750","ELEMENT":"f.8C1712D618BBFF0472B495C641D9811D.d.940979AA7FB3561546B697CE3F944478.e.4750"}]}
COMMAND: GET /session/cf943d61b4ec37add412b20e5410361e/screenshot - {}
RESULT: {}
RESULT: {"script":"<script> [8489 bytes]","args":[{"element-6066-11e4-a52e-4f735466cecf":"f.8C1712D618BBFF0472B495C641D9811D.d.940979AA7FB3561546B697CE3F944478.e.4750","ELEMENT":"f.8C1712D618BBFF0472B495C641D9811D.d.940979AA7FB3561546B697CE3F944478.e.4750"}]}
COMMAND: POST /session/cf943d61b4ec37add412b20e5410361e/execute/sync - {"script":"<script> [5351 bytes]","args":[{"element-6066-11e4-a52e-4f735466cecf":"f.8C1712D618BBFF0472B495C641D9811D.d.940979AA7FB3561546B697CE3F944478.e.4750","ELEMENT":"f.8C1712D618BBFF0472B495C641D9811D.d.940979AA7FB3561546B697CE3F944478.e.4750"}]}
COMMAND: GET /session/cf943d61b4ec37add412b20e5410361e/screenshot - {}
RESULT: {}
RESULT: {"script":"<script> [5351 bytes]","args":[{"element-6066-11e4-a52e-4f735466cecf":"f.8C1712D618BBFF0472B495C641D9811D.d.940979AA7FB3561546B697CE3F944478.e.4750","ELEMENT":"f.8C1712D618BBFF0472B495C641D9811D.d.940979AA7FB3561546B697CE3F944478.e.4750"}]}
COMMAND: POST /session/cf943d61b4ec37add412b20e5410361e/element/f.8C1712D618BBFF0472B495C641D9811D.d.940979AA7FB3561546B697CE3F944478.e.4750/click - {}
COMMAND: GET /session/cf943d61b4ec37add412b20e5410361e/screenshot - {}
RESULT: {}
RESULT: {}
COMMAND: GET /session/cf943d61b4ec37add412b20e5410361e/screenshot - {}
COMMAND: POST /session/cf943d61b4ec37add412b20e5410361e/execute/async - {"script":"<script> [1562 bytes]","args":[{"selector":{"id":"application-manageresources-display-component---newResourceUnit--TYPE-arrow"},"wdio_ui5_key":"applicationmanageresources-display-component---newResourceUnit--TYPE-arrow"}]}
RESULT: {}
RESULT: {}
RESULT: {"script":"<script> [1562 bytes]","args":[{"selector":{"id":"application-manageresources-display-component---newResourceUnit--TYPE-arrow"},"wdio_ui5_key":"applicationmanageresources-display-component---newResourceUnit--TYPE-arrow"}]}
RESULT: undefined
COMMAND: POST /session/cf943d61b4ec37add412b20e5410361e/element - {"using":"xpath","value":"//*[@id=\"application-manageresources-display-component---newResourceUnit--TYPE-arrow\"]"}
RESULT: {"using":"xpath","value":"//*[@id=\"application-manageresources-display-component---newResourceUnit--TYPE-arrow\"]"}
COMMAND: POST /session/cf943d61b4ec37add412b20e5410361e/element/f.8C1712D618BBFF0472B495C641D9811D.d.940979AA7FB3561546B697CE3F944478.e.4919/click - {}
RESULT: {}
COMMAND: POST /session/cf943d61b4ec37add412b20e5410361e/element - {"using":"xpath","value":"//input[@id=\"application-manageresources-display-component---newResourceUnit--TYPE-inner\"]"}
COMMAND: GET /session/cf943d61b4ec37add412b20e5410361e/screenshot - {}
RESULT: {"using":"xpath","value":"//input[@id=\"application-manageresources-display-component---newResourceUnit--TYPE-inner\"]"}
COMMAND: POST /session/cf943d61b4ec37add412b20e5410361e/element/f.8C1712D618BBFF0472B495C641D9811D.d.940979AA7FB3561546B697CE3F944478.e.4802/clear - {}
RESULT: {}
RESULT: {}
COMMAND: POST /session/cf943d61b4ec37add412b20e5410361e/element/f.8C1712D618BBFF0472B495C641D9811D.d.940979AA7FB3561546B697CE3F944478.e.4802/value - {"text":"Material"}
COMMAND: GET /session/cf943d61b4ec37add412b20e5410361e/screenshot - {}
RESULT: {"text":"Material"}
COMMAND: GET /session/cf943d61b4ec37add412b20e5410361e/screenshot - {}
RESULT: {}
RESULT: {}
COMMAND: POST /session/cf943d61b4ec37add412b20e5410361e/actions - {"actions":[{"id":"action17","type":"key","parameters":{},"actions":[{"type":"keyDown","value":"î€‡"},{"type":"pause","duration":10},{"type":"keyUp","value":"î€‡"}]}]}
RESULT: {"actions":[{"id":"action17","type":"key","parameters":{},"actions":[{"type":"keyDown","value":"î€‡"},{"type":"pause","duration":10},{"type":"keyUp","value":"î€‡"}]}]}
COMMAND: POST /session/cf943d61b4ec37add412b20e5410361e/execute/async - {"script":"<script> [1562 bytes]","args":[{"selector":{"id":"application-manageresources-display-component---newResourceUnit--SHORT_TEXT","interaction":{"idSuffix":"inner"}},"wdio_ui5_key":"applicationmanageresources-display-component---newResourceUnit--SHORT_TEXT"}]}
COMMAND: GET /session/cf943d61b4ec37add412b20e5410361e/screenshot - {}
RESULT: {"script":"<script> [1562 bytes]","args":[{"selector":{"id":"application-manageresources-display-component---newResourceUnit--SHORT_TEXT","interaction":{"idSuffix":"inner"}},"wdio_ui5_key":"applicationmanageresources-display-component---newResourceUnit--SHORT_TEXT"}]}
RESULT: undefined
COMMAND: POST /session/cf943d61b4ec37add412b20e5410361e/execute/async - {"script":"<script> [776 bytes]","args":[{"enterText":"Cement WDIO","selector":{"id":"application-manageresources-display-component---newResourceUnit--SHORT_TEXT","interaction":{"idSuffix":"inner"}},"clearTextFirst":true,"interactionType":"ENTER_TEXT"}]}
RESULT: {}
RESULT: {"script":"<script> [776 bytes]","args":[{"enterText":"Cement WDIO","selector":{"id":"application-manageresources-display-component---newResourceUnit--SHORT_TEXT","interaction":{"idSuffix":"inner"}},"clearTextFirst":true,"interactionType":"ENTER_TEXT"}]}
COMMAND: POST /session/cf943d61b4ec37add412b20e5410361e/execute/async - {"script":"<script> [1562 bytes]","args":[{"selector":{"id":"application-manageresources-display-component---newResourceUnit--BASE_UNIT_OF_MEASURE","interaction":{"idSuffix":"inner"}},"wdio_ui5_key":"applicationmanageresources-display-component---newResourceUnit--BASE_UNIT_OF_MEASURE"}]}
RESULT: {"script":"<script> [1562 bytes]","args":[{"selector":{"id":"application-manageresources-display-component---newResourceUnit--BASE_UNIT_OF_MEASURE","interaction":{"idSuffix":"inner"}},"wdio_ui5_key":"applicationmanageresources-display-component---newResourceUnit--BASE_UNIT_OF_MEASURE"}]}
RESULT: undefined
COMMAND: POST /session/cf943d61b4ec37add412b20e5410361e/execute/async - {"script":"<script> [776 bytes]","args":[{"enterText":"Piece","selector":{"id":"application-manageresources-display-component---newResourceUnit--BASE_UNIT_OF_MEASURE","interaction":{"idSuffix":"inner"}},"clearTextFirst":true,"interactionType":"ENTER_TEXT"}]}
RESULT: {"script":"<script> [776 bytes]","args":[{"enterText":"Piece","selector":{"id":"application-manageresources-display-component---newResourceUnit--BASE_UNIT_OF_MEASURE","interaction":{"idSuffix":"inner"}},"clearTextFirst":true,"interactionType":"ENTER_TEXT"}]}
COMMAND: POST /session/cf943d61b4ec37add412b20e5410361e/execute/async - {"script":"<script> [1562 bytes]","args":[{"selector":{"id":"application-manageresources-display-component---newResourceUnit--WEIGHT_UNIT","interaction":{"idSuffix":"inner"}},"wdio_ui5_key":"applicationmanageresources-display-component---newResourceUnit--WEIGHT_UNIT"}]}
RESULT: {"script":"<script> [1562 bytes]","args":[{"selector":{"id":"application-manageresources-display-component---newResourceUnit--WEIGHT_UNIT","interaction":{"idSuffix":"inner"}},"wdio_ui5_key":"applicationmanageresources-display-component---newResourceUnit--WEIGHT_UNIT"}]}
RESULT: undefined
COMMAND: POST /session/cf943d61b4ec37add412b20e5410361e/execute/async - {"script":"<script> [776 bytes]","args":[{"enterText":"Gram","selector":{"id":"application-manageresources-display-component---newResourceUnit--WEIGHT_UNIT","interaction":{"idSuffix":"inner"}},"clearTextFirst":true,"interactionType":"ENTER_TEXT"}]}
RESULT: {"script":"<script> [776 bytes]","args":[{"enterText":"Gram","selector":{"id":"application-manageresources-display-component---newResourceUnit--WEIGHT_UNIT","interaction":{"idSuffix":"inner"}},"clearTextFirst":true,"interactionType":"ENTER_TEXT"}]}
COMMAND: POST /session/cf943d61b4ec37add412b20e5410361e/execute/async - {"script":"<script> [1562 bytes]","args":[{"selector":{"id":"application-manageresources-display-component---newResourceUnit--DIMENSION_UNIT","interaction":{"idSuffix":"inner"}},"wdio_ui5_key":"applicationmanageresources-display-component---newResourceUnit--DIMENSION_UNIT"}]}
RESULT: {"script":"<script> [1562 bytes]","args":[{"selector":{"id":"application-manageresources-display-component---newResourceUnit--DIMENSION_UNIT","interaction":{"idSuffix":"inner"}},"wdio_ui5_key":"applicationmanageresources-display-component---newResourceUnit--DIMENSION_UNIT"}]}
RESULT: undefined
COMMAND: POST /session/cf943d61b4ec37add412b20e5410361e/execute/async - {"script":"<script> [776 bytes]","args":[{"enterText":"Meter","selector":{"id":"application-manageresources-display-component---newResourceUnit--DIMENSION_UNIT","interaction":{"idSuffix":"inner"}},"clearTextFirst":true,"interactionType":"ENTER_TEXT"}]}
RESULT: {"script":"<script> [776 bytes]","args":[{"enterText":"Meter","selector":{"id":"application-manageresources-display-component---newResourceUnit--DIMENSION_UNIT","interaction":{"idSuffix":"inner"}},"clearTextFirst":true,"interactionType":"ENTER_TEXT"}]}
COMMAND: POST /session/cf943d61b4ec37add412b20e5410361e/execute/async - {"script":"<script> [1562 bytes]","args":[{"selector":{"id":"application-manageresources-display-component---newResourceUnit--newRRUPage-anchBar-application-manageresources-display-component---newResourceUnit--control-anchor","interaction":{"idSuffix":"BDI-content"}},"wdio_ui5_key":"applicationmanageresources-display-component---newResourceUnit--newRRUPage-anchBar-application-manageresources-display-component---newResourceUnit--control-anchor"}]}
RESULT: {"script":"<script> [1562 bytes]","args":[{"selector":{"id":"application-manageresources-display-component---newResourceUnit--newRRUPage-anchBar-application-manageresources-display-component---newResourceUnit--control-anchor","interaction":{"idSuffix":"BDI-content"}},"wdio_ui5_key":"applicationmanageresources-display-component---newResourceUnit--newRRUPage-anchBar-application-manageresources-display-component---newResourceUnit--control-anchor"}]}
RESULT: undefined
COMMAND: POST /session/cf943d61b4ec37add412b20e5410361e/element - {"using":"xpath","value":"//*[@id=\"application-manageresources-display-component---newResourceUnit--newRRUPage-anchBar-application-manageresources-display-component---newResourceUnit--control-anchor\"]"}
RESULT: {"using":"xpath","value":"//*[@id=\"application-manageresources-display-component---newResourceUnit--newRRUPage-anchBar-application-manageresources-display-component---newResourceUnit--control-anchor\"]"}
COMMAND: POST /session/cf943d61b4ec37add412b20e5410361e/element/f.8C1712D618BBFF0472B495C641D9811D.d.940979AA7FB3561546B697CE3F944478.e.5050/click - {}
RESULT: {}
COMMAND: POST /session/cf943d61b4ec37add412b20e5410361e/execute/async - {"script":"<script> [1562 bytes]","args":[{"selector":{"id":"application-manageresources-display-component---newResourceUnit--PLANNING_GROUP","interaction":{"idSuffix":"inner"}},"wdio_ui5_key":"applicationmanageresources-display-component---newResourceUnit--PLANNING_GROUP"}]}
COMMAND: GET /session/cf943d61b4ec37add412b20e5410361e/screenshot - {}
RESULT: {"script":"<script> [1562 bytes]","args":[{"selector":{"id":"application-manageresources-display-component---newResourceUnit--PLANNING_GROUP","interaction":{"idSuffix":"inner"}},"wdio_ui5_key":"applicationmanageresources-display-component---newResourceUnit--PLANNING_GROUP"}]}
RESULT: undefined
COMMAND: POST /session/cf943d61b4ec37add412b20e5410361e/execute/async - {"script":"<script> [776 bytes]","args":[{"enterText":"Material","selector":{"id":"application-manageresources-display-component---newResourceUnit--PLANNING_GROUP","interaction":{"idSuffix":"inner"}},"clearTextFirst":true,"interactionType":"ENTER_TEXT"}]}
RESULT: {}
RESULT: {"script":"<script> [776 bytes]","args":[{"enterText":"Material","selector":{"id":"application-manageresources-display-component---newResourceUnit--PLANNING_GROUP","interaction":{"idSuffix":"inner"}},"clearTextFirst":true,"interactionType":"ENTER_TEXT"}]}
COMMAND: POST /session/cf943d61b4ec37add412b20e5410361e/execute/async - {"script":"<script> [1562 bytes]","args":[{"selector":{"id":"application-manageresources-display-component---newResourceUnit--PLANNING_INDICATOR","interaction":{"idSuffix":"inner"}},"wdio_ui5_key":"applicationmanageresources-display-component---newResourceUnit--PLANNING_INDICATOR"}]}
RESULT: {"script":"<script> [1562 bytes]","args":[{"selector":{"id":"application-manageresources-display-component---newResourceUnit--PLANNING_INDICATOR","interaction":{"idSuffix":"inner"}},"wdio_ui5_key":"applicationmanageresources-display-component---newResourceUnit--PLANNING_INDICATOR"}]}
RESULT: undefined
COMMAND: POST /session/cf943d61b4ec37add412b20e5410361e/execute/async - {"script":"<script> [776 bytes]","args":[{"enterText":"10 - infinite","selector":{"id":"application-manageresources-display-component---newResourceUnit--PLANNING_INDICATOR","interaction":{"idSuffix":"inner"}},"clearTextFirst":true,"interactionType":"ENTER_TEXT"}]}
RESULT: {"script":"<script> [776 bytes]","args":[{"enterText":"10 - infinite","selector":{"id":"application-manageresources-display-component---newResourceUnit--PLANNING_INDICATOR","interaction":{"idSuffix":"inner"}},"clearTextFirst":true,"interactionType":"ENTER_TEXT"}]}
COMMAND: POST /session/cf943d61b4ec37add412b20e5410361e/element - {"using":"css selector","value":"#application-manageresources-display-component---newResourceUnit--btnAddTimeSegment"}
RESULT: {"using":"css selector","value":"#application-manageresources-display-component---newResourceUnit--btnAddTimeSegment"}
COMMAND: GET /session/cf943d61b4ec37add412b20e5410361e/element/f.8C1712D618BBFF0472B495C641D9811D.d.940979AA7FB3561546B697CE3F944478.e.5060/rect - {}
RESULT: {}
COMMAND: GET /session/cf943d61b4ec37add412b20e5410361e/window/rect - {}
RESULT: {}
COMMAND: POST /session/cf943d61b4ec37add412b20e5410361e/execute/sync - {"script":"<script> [92 bytes]","args":[]}
RESULT: {"script":"<script> [92 bytes]","args":[]}
COMMAND: POST /session/cf943d61b4ec37add412b20e5410361e/actions - {"actions":[{"id":"action18","type":"wheel","parameters":{},"actions":[{"type":"scroll","x":-1888,"y":-32,"deltaX":0,"deltaY":0,"duration":0,"origin":{"element-6066-11e4-a52e-4f735466cecf":"f.8C1712D618BBFF0472B495C641D9811D.d.940979AA7FB3561546B697CE3F944478.e.5060"}}]}]}
COMMAND: GET /session/cf943d61b4ec37add412b20e5410361e/screenshot - {}
RESULT: {}
COMMAND: POST /session/cf943d61b4ec37add412b20e5410361e/execute/sync - {"script":"<script> [79 bytes]","args":[{"element-6066-11e4-a52e-4f735466cecf":"f.8C1712D618BBFF0472B495C641D9811D.d.940979AA7FB3561546B697CE3F944478.e.5060","ELEMENT":"f.8C1712D618BBFF0472B495C641D9811D.d.940979AA7FB3561546B697CE3F944478.e.5060"},{"block":"start","inline":"nearest"}]}
RESULT: {"script":"<script> [79 bytes]","args":[{"element-6066-11e4-a52e-4f735466cecf":"f.8C1712D618BBFF0472B495C641D9811D.d.940979AA7FB3561546B697CE3F944478.e.5060","ELEMENT":"f.8C1712D618BBFF0472B495C641D9811D.d.940979AA7FB3561546B697CE3F944478.e.5060"},{"block":"start","inline":"nearest"}]}
COMMAND: POST /session/cf943d61b4ec37add412b20e5410361e/execute/async - {"script":"<script> [1562 bytes]","args":[{"selector":{"id":"application-manageresources-display-component---newResourceUnit--btnAddTimeSegment","interaction":{"idSuffix":"inner"}},"wdio_ui5_key":"applicationmanageresources-display-component---newResourceUnit--btnAddTimeSegment"}]}
COMMAND: GET /session/cf943d61b4ec37add412b20e5410361e/screenshot - {}
RESULT: {"script":"<script> [1562 bytes]","args":[{"selector":{"id":"application-manageresources-display-component---newResourceUnit--btnAddTimeSegment","interaction":{"idSuffix":"inner"}},"wdio_ui5_key":"applicationmanageresources-display-component---newResourceUnit--btnAddTimeSegment"}]}
RESULT: undefined
COMMAND: POST /session/cf943d61b4ec37add412b20e5410361e/element - {"using":"xpath","value":"//*[@id=\"application-manageresources-display-component---newResourceUnit--btnAddTimeSegment\"]"}
RESULT: {}
RESULT: {"using":"xpath","value":"//*[@id=\"application-manageresources-display-component---newResourceUnit--btnAddTimeSegment\"]"}
COMMAND: POST /session/cf943d61b4ec37add412b20e5410361e/element/f.8C1712D618BBFF0472B495C641D9811D.d.940979AA7FB3561546B697CE3F944478.e.5060/click - {}
RESULT: {}
COMMAND: GET /session/cf943d61b4ec37add412b20e5410361e/screenshot - {}
RESULT: {}
COMMAND: POST /session/cf943d61b4ec37add412b20e5410361e/element - {"using":"xpath","value":"//input[@id=\"application-manageresources-display-component---newResourceUnit--idRuTSAdmin-application-manageresources-display-component---newResourceUnit--RUTimeSegment-0-inner\"]"}
RESULT: {"using":"xpath","value":"//input[@id=\"application-manageresources-display-component---newResourceUnit--idRuTSAdmin-application-manageresources-display-component---newResourceUnit--RUTimeSegment-0-inner\"]"}
COMMAND: POST /session/cf943d61b4ec37add412b20e5410361e/element/f.8C1712D618BBFF0472B495C641D9811D.d.940979AA7FB3561546B697CE3F944478.e.5065/clear - {}
RESULT: {}
COMMAND: POST /session/cf943d61b4ec37add412b20e5410361e/element/f.8C1712D618BBFF0472B495C641D9811D.d.940979AA7FB3561546B697CE3F944478.e.5065/value - {"text":"682"}
COMMAND: GET /session/cf943d61b4ec37add412b20e5410361e/screenshot - {}
RESULT: {"text":"682"}
RESULT: {}
COMMAND: GET /session/cf943d61b4ec37add412b20e5410361e/screenshot - {}
RESULT: {}
COMMAND: POST /session/cf943d61b4ec37add412b20e5410361e/element - {"using":"xpath","value":"//li[.//span[text()='682']]"}
RESULT: {"using":"xpath","value":"//li[.//span[text()='682']]"}
COMMAND: POST /session/cf943d61b4ec37add412b20e5410361e/element/f.8C1712D618BBFF0472B495C641D9811D.d.940979AA7FB3561546B697CE3F944478.e.5074/click - {}
RESULT: {}
COMMAND: GET /session/cf943d61b4ec37add412b20e5410361e/screenshot - {}
RESULT: {}
COMMAND: POST /session/cf943d61b4ec37add412b20e5410361e/element - {"using":"xpath","value":"(//span[contains(@id, \"-application-manageresources-display-component---newResourceUnit--RUTimeSegment-0-arrow\")])[2]"}
RESULT: {"using":"xpath","value":"(//span[contains(@id, \"-application-manageresources-display-component---newResourceUnit--RUTimeSegment-0-arrow\")])[2]"}
COMMAND: POST /session/cf943d61b4ec37add412b20e5410361e/element/f.8C1712D618BBFF0472B495C641D9811D.d.940979AA7FB3561546B697CE3F944478.e.5075/click - {}
RESULT: {}
COMMAND: POST /session/cf943d61b4ec37add412b20e5410361e/element - {"using":"xpath","value":"//span[contains(text(), \"PM Order\")]"}
COMMAND: GET /session/cf943d61b4ec37add412b20e5410361e/screenshot - {}
RESULT: {"using":"xpath","value":"//span[contains(text(), \"PM Order\")]"}
COMMAND: POST /session/cf943d61b4ec37add412b20e5410361e/element/f.8C1712D618BBFF0472B495C641D9811D.d.940979AA7FB3561546B697CE3F944478.e.5076/click - {}
RESULT: {}
RESULT: {}
COMMAND: GET /session/cf943d61b4ec37add412b20e5410361e/screenshot - {}
RESULT: {}
COMMAND: POST /session/cf943d61b4ec37add412b20e5410361e/element - {"using":"xpath","value":"//td/div/div/div/span[contains(@id, \"newResourceUnit--RUTimeSegment-0-vhi\")][1]"}
RESULT: {"using":"xpath","value":"//td/div/div/div/span[contains(@id, \"newResourceUnit--RUTimeSegment-0-vhi\")][1]"}
COMMAND: GET /session/cf943d61b4ec37add412b20e5410361e/element/f.8C1712D618BBFF0472B495C641D9811D.d.940979AA7FB3561546B697CE3F944478.e.5080/rect - {}
RESULT: {}
COMMAND: GET /session/cf943d61b4ec37add412b20e5410361e/window/rect - {}
RESULT: {}
COMMAND: POST /session/cf943d61b4ec37add412b20e5410361e/execute/sync - {"script":"<script> [92 bytes]","args":[]}
RESULT: {"script":"<script> [92 bytes]","args":[]}
COMMAND: POST /session/cf943d61b4ec37add412b20e5410361e/actions - {"actions":[{"id":"action19","type":"wheel","parameters":{},"actions":[{"type":"scroll","x":-1888,"y":-24,"deltaX":0,"deltaY":0,"duration":0,"origin":{"element-6066-11e4-a52e-4f735466cecf":"f.8C1712D618BBFF0472B495C641D9811D.d.940979AA7FB3561546B697CE3F944478.e.5080"}}]}]}
COMMAND: GET /session/cf943d61b4ec37add412b20e5410361e/screenshot - {}
RESULT: {}
COMMAND: POST /session/cf943d61b4ec37add412b20e5410361e/execute/sync - {"script":"<script> [79 bytes]","args":[{"element-6066-11e4-a52e-4f735466cecf":"f.8C1712D618BBFF0472B495C641D9811D.d.940979AA7FB3561546B697CE3F944478.e.5080","ELEMENT":"f.8C1712D618BBFF0472B495C641D9811D.d.940979AA7FB3561546B697CE3F944478.e.5080"},{"block":"start","inline":"nearest"}]}
RESULT: {"script":"<script> [79 bytes]","args":[{"element-6066-11e4-a52e-4f735466cecf":"f.8C1712D618BBFF0472B495C641D9811D.d.940979AA7FB3561546B697CE3F944478.e.5080","ELEMENT":"f.8C1712D618BBFF0472B495C641D9811D.d.940979AA7FB3561546B697CE3F944478.e.5080"},{"block":"start","inline":"nearest"}]}
COMMAND: GET /session/cf943d61b4ec37add412b20e5410361e/screenshot - {}
RESULT: {}
COMMAND: POST /session/cf943d61b4ec37add412b20e5410361e/element/f.8C1712D618BBFF0472B495C641D9811D.d.940979AA7FB3561546B697CE3F944478.e.5080/click - {}
RESULT: {}
COMMAND: GET /session/cf943d61b4ec37add412b20e5410361e/screenshot - {}
RESULT: {}
COMMAND: POST /session/cf943d61b4ec37add412b20e5410361e/execute/async - {"script":"<script> [1562 bytes]","args":[{"selector":{"controlType":"sap.m.SearchField","properties":{"placeholder":"Search"},"searchOpenDialogs":true,"interaction":{"idSuffix":"I"}},"wdio_ui5_key":"sapm.SearchField{\"placeholder\":\"Search\"}"}]}
RESULT: {"script":"<script> [1562 bytes]","args":[{"selector":{"controlType":"sap.m.SearchField","properties":{"placeholder":"Search"},"searchOpenDialogs":true,"interaction":{"idSuffix":"I"}},"wdio_ui5_key":"sapm.SearchField{\"placeholder\":\"Search\"}"}]}
RESULT: undefined
COMMAND: POST /session/cf943d61b4ec37add412b20e5410361e/execute/async - {"script":"<script> [776 bytes]","args":[{"enterText":"4000360","selector":{"controlType":"sap.m.SearchField","properties":{"placeholder":"Search"},"searchOpenDialogs":true,"interaction":{"idSuffix":"I"}},"clearTextFirst":true,"interactionType":"ENTER_TEXT"}]}
RESULT: {"script":"<script> [776 bytes]","args":[{"enterText":"4000360","selector":{"controlType":"sap.m.SearchField","properties":{"placeholder":"Search"},"searchOpenDialogs":true,"interaction":{"idSuffix":"I"}},"clearTextFirst":true,"interactionType":"ENTER_TEXT"}]}
COMMAND: POST /session/cf943d61b4ec37add412b20e5410361e/actions - {"actions":[{"id":"action20","type":"key","parameters":{},"actions":[{"type":"keyDown","value":"î€‡"},{"type":"pause","duration":10},{"type":"keyUp","value":"î€‡"}]}]}
RESULT: {"actions":[{"id":"action20","type":"key","parameters":{},"actions":[{"type":"keyDown","value":"î€‡"},{"type":"pause","duration":10},{"type":"keyUp","value":"î€‡"}]}]}
COMMAND: GET /session/cf943d61b4ec37add412b20e5410361e/screenshot - {}
RESULT: {}
COMMAND: POST /session/cf943d61b4ec37add412b20e5410361e/element - {"using":"xpath","value":"//td/div/span[contains(text(), \"BGL Vehicles\")]"}
RESULT: {"using":"xpath","value":"//td/div/span[contains(text(), \"BGL Vehicles\")]"}
COMMAND: POST /session/cf943d61b4ec37add412b20e5410361e/element/f.8C1712D618BBFF0472B495C641D9811D.d.940979AA7FB3561546B697CE3F944478.e.5102/click - {}
RESULT: {}
COMMAND: GET /session/cf943d61b4ec37add412b20e5410361e/screenshot - {}
RESULT: {}
COMMAND: POST /session/cf943d61b4ec37add412b20e5410361e/element - {"using":"xpath","value":"//bdi[contains(text(), \"OK\")]"}
RESULT: {"using":"xpath","value":"//bdi[contains(text(), \"OK\")]"}
COMMAND: POST /session/cf943d61b4ec37add412b20e5410361e/element/f.8C1712D618BBFF0472B495C641D9811D.d.940979AA7FB3561546B697CE3F944478.e.5103/click - {}
RESULT: {}
COMMAND: GET /session/cf943d61b4ec37add412b20e5410361e/screenshot - {}
RESULT: {}
COMMAND: POST /session/cf943d61b4ec37add412b20e5410361e/element - {"using":"xpath","value":"//label[contains(@class, 'sapMLabelRequired') and .//bdi[contains(text(), 'Planned Retirement')]]"}
RESULT: {"using":"xpath","value":"//label[contains(@class, 'sapMLabelRequired') and .//bdi[contains(text(), 'Planned Retirement')]]"}
COMMAND: POST /session/cf943d61b4ec37add412b20e5410361e/elements - {"using":"xpath","value":"//label[contains(@class, 'sapMLabelRequired') and .//bdi[contains(text(), 'Planned Retirement')]]"}
RESULT: {"using":"xpath","value":"//label[contains(@class, 'sapMLabelRequired') and .//bdi[contains(text(), 'Planned Retirement')]]"}
COMMAND: POST /session/cf943d61b4ec37add412b20e5410361e/element - {"using":"xpath","value":"//button[@data-kt=\"resourceUnitSaveButton\"]"}
RESULT: {"using":"xpath","value":"//button[@data-kt=\"resourceUnitSaveButton\"]"}
COMMAND: POST /session/cf943d61b4ec37add412b20e5410361e/element/f.8C1712D618BBFF0472B495C641D9811D.d.940979AA7FB3561546B697CE3F944478.e.4936/click - {}
RESULT: {}
COMMAND: GET /session/cf943d61b4ec37add412b20e5410361e/screenshot - {}
RESULT: {}
COMMAND: POST /session/cf943d61b4ec37add412b20e5410361e/element - {"using":"xpath","value":"//bdi[contains(text(), \"Close\")]"}
RESULT: {"using":"xpath","value":"//bdi[contains(text(), \"Close\")]"}
COMMAND: POST /session/cf943d61b4ec37add412b20e5410361e/element/f.8C1712D618BBFF0472B495C641D9811D.d.940979AA7FB3561546B697CE3F944478.e.5109/click - {}
RESULT: {}
COMMAND: GET /session/cf943d61b4ec37add412b20e5410361e/screenshot - {}
RESULT: {}
COMMAND: POST /session/cf943d61b4ec37add412b20e5410361e/element - {"using":"xpath","value":"//header[contains(@id, 'detailRruPage-headerTitle')]/div[1]/div[2]/div[2]/span[1]"}
RESULT: {"using":"xpath","value":"//header[contains(@id, 'detailRruPage-headerTitle')]/div[1]/div[2]/div[2]/span[1]"}
COMMAND: POST /session/cf943d61b4ec37add412b20e5410361e/elements - {"using":"xpath","value":"//header[contains(@id, 'detailRruPage-headerTitle')]/div[1]/div[2]/div[2]/span[1]"}
RESULT: {"using":"xpath","value":"//header[contains(@id, 'detailRruPage-headerTitle')]/div[1]/div[2]/div[2]/span[1]"}
COMMAND: POST /session/cf943d61b4ec37add412b20e5410361e/execute/sync - {"script":"<script> [56 bytes]","args":[{"element-6066-11e4-a52e-4f735466cecf":"f.8C1712D618BBFF0472B495C641D9811D.d.940979AA7FB3561546B697CE3F944478.e.5138","ELEMENT":"f.8C1712D618BBFF0472B495C641D9811D.d.940979AA7FB3561546B697CE3F944478.e.5138"}]}
RESULT: {"script":"<script> [56 bytes]","args":[{"element-6066-11e4-a52e-4f735466cecf":"f.8C1712D618BBFF0472B495C641D9811D.d.940979AA7FB3561546B697CE3F944478.e.5138","ELEMENT":"f.8C1712D618BBFF0472B495C641D9811D.d.940979AA7FB3561546B697CE3F944478.e.5138"}]}
COMMAND: POST /session/cf943d61b4ec37add412b20e5410361e/element - {"using":"css selector","value":"#shell-header-logo"}
COMMAND: GET /session/cf943d61b4ec37add412b20e5410361e/screenshot - {}
RESULT: {"using":"css selector","value":"#shell-header-logo"}
COMMAND: POST /session/cf943d61b4ec37add412b20e5410361e/element/f.8C1712D618BBFF0472B495C641D9811D.d.940979AA7FB3561546B697CE3F944478.e.4599/click - {}
RESULT: {}
RESULT: {}
COMMAND: GET /session/cf943d61b4ec37add412b20e5410361e/screenshot - {}
RESULT: {}
]]></system-out>
    </testcase>
    <testcase classname="chrome.137_0_7151_69.windows.Provide_to_Site_w/_warehouse_management_w/_clarification_US115878" name="Bin Status Report Should Create New Organization yard" time="0.004" />
    <testcase classname="chrome.137_0_7151_69.windows.Provide_to_Site_w/_warehouse_management_w/_clarification_US115878" name="Bin Status Report Should Create New Organization for Site" time="0.002" />
  </testsuite>
  <testsuite timestamp="2025-06-05T16:35:11" time="440.686" tests="6" failures="6" errors="6" skipped="0">
    <properties>
      <property name="specId" value="0" />
      <property name="suiteName" value="Provide to Site w/ warehouse management w clarification" />
      <property name="capabilities" value="chrome.137_0_7151_69.windows" />
      <property name="file" value="file:///D:/a/1/s/test/specs/HTR/provide-to-site-w-warehouse-w-clarification.spec.js" />
    </properties>
  </testsuite>
  <testsuite timestamp="2025-06-05T16:42:31" time="154.833" tests="6" failures="0" errors="0" skipped="0">
    <properties>
      <property name="specId" value="0" />
      <property name="suiteName" value="Provide to Site w/ warehouse management w/o clarification US113782 " />
      <property name="capabilities" value="chrome.137_0_7151_69.windows" />
      <property name="file" value="file:///D:/a/1/s/test/specs/HTR/provide-to-site-w-warehouse-wo-clarification.spec.js" />
    </properties>
    <testcase classname="chrome.137_0_7151_69.windows.Provide_to_Site_w/_warehouse_management_w/o_clarification_US113782_" name="Should create a new WHM yard" time="0.012">
      <system-out><![CDATA[
COMMAND: POST /session/cf943d61b4ec37add412b20e5410361e/window/fullscreen - {}
RESULT: {}
]]></system-out>
    </testcase>
    <testcase classname="chrome.137_0_7151_69.windows.Provide_to_Site_w/_warehouse_management_w/o_clarification_US113782_" name="Should create a new external WHM partner" time="0.002" />
    <testcase classname="chrome.137_0_7151_69.windows.Provide_to_Site_w/_warehouse_management_w/o_clarification_US113782_" name="Should create a new WHM site" time="0.001" />
    <testcase classname="chrome.137_0_7151_69.windows.Provide_to_Site_w/_warehouse_management_w/o_clarification_US113782_" name="Should create a new material" time="136.474">
      <system-out><![CDATA[
COMMAND: POST /session/cf943d61b4ec37add412b20e5410361e/execute/async - {"script":"<script> [1562 bytes]","args":[{"selector":{"controlType":"sap.m.GenericTile","properties":{"header":"Manage Resources"}},"wdio_ui5_key":"sapm.GenericTile{\"header\":\"Manage Resources\"}"}]}
RESULT: {"script":"<script> [1562 bytes]","args":[{"selector":{"controlType":"sap.m.GenericTile","properties":{"header":"Manage Resources"}},"wdio_ui5_key":"sapm.GenericTile{\"header\":\"Manage Resources\"}"}]}
RESULT: undefined
COMMAND: POST /session/cf943d61b4ec37add412b20e5410361e/element - {"using":"xpath","value":"//*[@id=\"__tile31\"]"}
RESULT: {"using":"xpath","value":"//*[@id=\"__tile31\"]"}
COMMAND: POST /session/cf943d61b4ec37add412b20e5410361e/element/f.8C1712D618BBFF0472B495C641D9811D.d.759F3A61F646A3DE4F9B3A68FA465491.e.5577/click - {}
RESULT: {}
COMMAND: GET /session/cf943d61b4ec37add412b20e5410361e/screenshot - {}
RESULT: {}
COMMAND: POST /session/cf943d61b4ec37add412b20e5410361e/elements - {"using":"xpath","value":"//span[text()='Error']"}
RESULT: {"using":"xpath","value":"//span[text()='Error']"}
COMMAND: POST /session/cf943d61b4ec37add412b20e5410361e/element - {"using":"xpath","value":"//button[@data-kt=\"addNewRUOverflowToolbarButton\"]"}
RESULT: {"using":"xpath","value":"//button[@data-kt=\"addNewRUOverflowToolbarButton\"]"}
COMMAND: POST /session/cf943d61b4ec37add412b20e5410361e/elements - {"using":"xpath","value":"//button[@data-kt=\"addNewRUOverflowToolbarButton\"]"}
RESULT: {"using":"xpath","value":"//button[@data-kt=\"addNewRUOverflowToolbarButton\"]"}
COMMAND: POST /session/cf943d61b4ec37add412b20e5410361e/elements - {"using":"xpath","value":"//button[@data-kt=\"addNewRUOverflowToolbarButton\"]"}
RESULT: {"using":"xpath","value":"//button[@data-kt=\"addNewRUOverflowToolbarButton\"]"}
COMMAND: POST /session/cf943d61b4ec37add412b20e5410361e/elements - {"using":"xpath","value":"//button[@data-kt=\"addNewRUOverflowToolbarButton\"]"}
RESULT: {"using":"xpath","value":"//button[@data-kt=\"addNewRUOverflowToolbarButton\"]"}
COMMAND: POST /session/cf943d61b4ec37add412b20e5410361e/elements - {"using":"xpath","value":"//button[@data-kt=\"addNewRUOverflowToolbarButton\"]"}
RESULT: {"using":"xpath","value":"//button[@data-kt=\"addNewRUOverflowToolbarButton\"]"}
COMMAND: POST /session/cf943d61b4ec37add412b20e5410361e/elements - {"using":"xpath","value":"//button[@data-kt=\"addNewRUOverflowToolbarButton\"]"}
RESULT: {"using":"xpath","value":"//button[@data-kt=\"addNewRUOverflowToolbarButton\"]"}
COMMAND: POST /session/cf943d61b4ec37add412b20e5410361e/elements - {"using":"xpath","value":"//button[@data-kt=\"addNewRUOverflowToolbarButton\"]"}
RESULT: {"using":"xpath","value":"//button[@data-kt=\"addNewRUOverflowToolbarButton\"]"}
COMMAND: POST /session/cf943d61b4ec37add412b20e5410361e/elements - {"using":"xpath","value":"//button[@data-kt=\"addNewRUOverflowToolbarButton\"]"}
RESULT: {"using":"xpath","value":"//button[@data-kt=\"addNewRUOverflowToolbarButton\"]"}
COMMAND: POST /session/cf943d61b4ec37add412b20e5410361e/elements - {"using":"xpath","value":"//button[@data-kt=\"addNewRUOverflowToolbarButton\"]"}
RESULT: {"using":"xpath","value":"//button[@data-kt=\"addNewRUOverflowToolbarButton\"]"}
COMMAND: POST /session/cf943d61b4ec37add412b20e5410361e/elements - {"using":"xpath","value":"//button[@data-kt=\"addNewRUOverflowToolbarButton\"]"}
RESULT: {"using":"xpath","value":"//button[@data-kt=\"addNewRUOverflowToolbarButton\"]"}
COMMAND: POST /session/cf943d61b4ec37add412b20e5410361e/elements - {"using":"xpath","value":"//button[@data-kt=\"addNewRUOverflowToolbarButton\"]"}
RESULT: {"using":"xpath","value":"//button[@data-kt=\"addNewRUOverflowToolbarButton\"]"}
COMMAND: POST /session/cf943d61b4ec37add412b20e5410361e/elements - {"using":"xpath","value":"//button[@data-kt=\"addNewRUOverflowToolbarButton\"]"}
RESULT: {"using":"xpath","value":"//button[@data-kt=\"addNewRUOverflowToolbarButton\"]"}
COMMAND: POST /session/cf943d61b4ec37add412b20e5410361e/elements - {"using":"xpath","value":"//button[@data-kt=\"addNewRUOverflowToolbarButton\"]"}
RESULT: {"using":"xpath","value":"//button[@data-kt=\"addNewRUOverflowToolbarButton\"]"}
COMMAND: POST /session/cf943d61b4ec37add412b20e5410361e/elements - {"using":"xpath","value":"//button[@data-kt=\"addNewRUOverflowToolbarButton\"]"}
RESULT: {"using":"xpath","value":"//button[@data-kt=\"addNewRUOverflowToolbarButton\"]"}
COMMAND: POST /session/cf943d61b4ec37add412b20e5410361e/element - {"using":"xpath","value":"//button[@data-kt=\"addNewRUOverflowToolbarButton\"]"}
RESULT: {"using":"xpath","value":"//button[@data-kt=\"addNewRUOverflowToolbarButton\"]"}
COMMAND: POST /session/cf943d61b4ec37add412b20e5410361e/execute/sync - {"script":"<script> [8489 bytes]","args":[{"element-6066-11e4-a52e-4f735466cecf":"f.8C1712D618BBFF0472B495C641D9811D.d.759F3A61F646A3DE4F9B3A68FA465491.e.5717","ELEMENT":"f.8C1712D618BBFF0472B495C641D9811D.d.759F3A61F646A3DE4F9B3A68FA465491.e.5717"}]}
RESULT: {"script":"<script> [8489 bytes]","args":[{"element-6066-11e4-a52e-4f735466cecf":"f.8C1712D618BBFF0472B495C641D9811D.d.759F3A61F646A3DE4F9B3A68FA465491.e.5717","ELEMENT":"f.8C1712D618BBFF0472B495C641D9811D.d.759F3A61F646A3DE4F9B3A68FA465491.e.5717"}]}
COMMAND: GET /session/cf943d61b4ec37add412b20e5410361e/element/f.8C1712D618BBFF0472B495C641D9811D.d.759F3A61F646A3DE4F9B3A68FA465491.e.5717/enabled - {}
COMMAND: GET /session/cf943d61b4ec37add412b20e5410361e/screenshot - {}
RESULT: {}
COMMAND: POST /session/cf943d61b4ec37add412b20e5410361e/execute/sync - {"script":"<script> [8489 bytes]","args":[{"element-6066-11e4-a52e-4f735466cecf":"f.8C1712D618BBFF0472B495C641D9811D.d.759F3A61F646A3DE4F9B3A68FA465491.e.5717","ELEMENT":"f.8C1712D618BBFF0472B495C641D9811D.d.759F3A61F646A3DE4F9B3A68FA465491.e.5717"}]}
COMMAND: GET /session/cf943d61b4ec37add412b20e5410361e/screenshot - {}
RESULT: {}
RESULT: {"script":"<script> [8489 bytes]","args":[{"element-6066-11e4-a52e-4f735466cecf":"f.8C1712D618BBFF0472B495C641D9811D.d.759F3A61F646A3DE4F9B3A68FA465491.e.5717","ELEMENT":"f.8C1712D618BBFF0472B495C641D9811D.d.759F3A61F646A3DE4F9B3A68FA465491.e.5717"}]}
COMMAND: POST /session/cf943d61b4ec37add412b20e5410361e/execute/sync - {"script":"<script> [5351 bytes]","args":[{"element-6066-11e4-a52e-4f735466cecf":"f.8C1712D618BBFF0472B495C641D9811D.d.759F3A61F646A3DE4F9B3A68FA465491.e.5717","ELEMENT":"f.8C1712D618BBFF0472B495C641D9811D.d.759F3A61F646A3DE4F9B3A68FA465491.e.5717"}]}
COMMAND: GET /session/cf943d61b4ec37add412b20e5410361e/screenshot - {}
RESULT: {}
RESULT: {"script":"<script> [5351 bytes]","args":[{"element-6066-11e4-a52e-4f735466cecf":"f.8C1712D618BBFF0472B495C641D9811D.d.759F3A61F646A3DE4F9B3A68FA465491.e.5717","ELEMENT":"f.8C1712D618BBFF0472B495C641D9811D.d.759F3A61F646A3DE4F9B3A68FA465491.e.5717"}]}
COMMAND: POST /session/cf943d61b4ec37add412b20e5410361e/element/f.8C1712D618BBFF0472B495C641D9811D.d.759F3A61F646A3DE4F9B3A68FA465491.e.5717/click - {}
COMMAND: GET /session/cf943d61b4ec37add412b20e5410361e/screenshot - {}
RESULT: {}
RESULT: {}
COMMAND: GET /session/cf943d61b4ec37add412b20e5410361e/screenshot - {}
COMMAND: POST /session/cf943d61b4ec37add412b20e5410361e/execute/async - {"script":"<script> [1562 bytes]","args":[{"selector":{"id":"application-manageresources-display-component---newResourceUnit--TYPE-arrow"},"wdio_ui5_key":"applicationmanageresources-display-component---newResourceUnit--TYPE-arrow"}]}
RESULT: {}
RESULT: {}
RESULT: {"script":"<script> [1562 bytes]","args":[{"selector":{"id":"application-manageresources-display-component---newResourceUnit--TYPE-arrow"},"wdio_ui5_key":"applicationmanageresources-display-component---newResourceUnit--TYPE-arrow"}]}
RESULT: undefined
COMMAND: POST /session/cf943d61b4ec37add412b20e5410361e/element - {"using":"xpath","value":"//*[@id=\"application-manageresources-display-component---newResourceUnit--TYPE-arrow\"]"}
RESULT: {"using":"xpath","value":"//*[@id=\"application-manageresources-display-component---newResourceUnit--TYPE-arrow\"]"}
COMMAND: POST /session/cf943d61b4ec37add412b20e5410361e/element/f.8C1712D618BBFF0472B495C641D9811D.d.759F3A61F646A3DE4F9B3A68FA465491.e.6078/click - {}
RESULT: {}
COMMAND: POST /session/cf943d61b4ec37add412b20e5410361e/element - {"using":"xpath","value":"//input[@id=\"application-manageresources-display-component---newResourceUnit--TYPE-inner\"]"}
COMMAND: GET /session/cf943d61b4ec37add412b20e5410361e/screenshot - {}
RESULT: {"using":"xpath","value":"//input[@id=\"application-manageresources-display-component---newResourceUnit--TYPE-inner\"]"}
COMMAND: POST /session/cf943d61b4ec37add412b20e5410361e/element/f.8C1712D618BBFF0472B495C641D9811D.d.759F3A61F646A3DE4F9B3A68FA465491.e.6060/clear - {}
RESULT: {}
RESULT: {}
COMMAND: POST /session/cf943d61b4ec37add412b20e5410361e/element/f.8C1712D618BBFF0472B495C641D9811D.d.759F3A61F646A3DE4F9B3A68FA465491.e.6060/value - {"text":"Material"}
COMMAND: GET /session/cf943d61b4ec37add412b20e5410361e/screenshot - {}
RESULT: {"text":"Material"}
COMMAND: GET /session/cf943d61b4ec37add412b20e5410361e/screenshot - {}
RESULT: {}
RESULT: {}
COMMAND: POST /session/cf943d61b4ec37add412b20e5410361e/actions - {"actions":[{"id":"action22","type":"key","parameters":{},"actions":[{"type":"keyDown","value":"î€‡"},{"type":"pause","duration":10},{"type":"keyUp","value":"î€‡"}]}]}
RESULT: {"actions":[{"id":"action22","type":"key","parameters":{},"actions":[{"type":"keyDown","value":"î€‡"},{"type":"pause","duration":10},{"type":"keyUp","value":"î€‡"}]}]}
COMMAND: POST /session/cf943d61b4ec37add412b20e5410361e/execute/async - {"script":"<script> [1562 bytes]","args":[{"selector":{"id":"application-manageresources-display-component---newResourceUnit--SHORT_TEXT","interaction":{"idSuffix":"inner"}},"wdio_ui5_key":"applicationmanageresources-display-component---newResourceUnit--SHORT_TEXT"}]}
COMMAND: GET /session/cf943d61b4ec37add412b20e5410361e/screenshot - {}
RESULT: {"script":"<script> [1562 bytes]","args":[{"selector":{"id":"application-manageresources-display-component---newResourceUnit--SHORT_TEXT","interaction":{"idSuffix":"inner"}},"wdio_ui5_key":"applicationmanageresources-display-component---newResourceUnit--SHORT_TEXT"}]}
RESULT: undefined
COMMAND: POST /session/cf943d61b4ec37add412b20e5410361e/execute/async - {"script":"<script> [776 bytes]","args":[{"enterText":"Cement WDIO","selector":{"id":"application-manageresources-display-component---newResourceUnit--SHORT_TEXT","interaction":{"idSuffix":"inner"}},"clearTextFirst":true,"interactionType":"ENTER_TEXT"}]}
RESULT: {}
RESULT: {"script":"<script> [776 bytes]","args":[{"enterText":"Cement WDIO","selector":{"id":"application-manageresources-display-component---newResourceUnit--SHORT_TEXT","interaction":{"idSuffix":"inner"}},"clearTextFirst":true,"interactionType":"ENTER_TEXT"}]}
COMMAND: POST /session/cf943d61b4ec37add412b20e5410361e/execute/async - {"script":"<script> [1562 bytes]","args":[{"selector":{"id":"application-manageresources-display-component---newResourceUnit--BASE_UNIT_OF_MEASURE","interaction":{"idSuffix":"inner"}},"wdio_ui5_key":"applicationmanageresources-display-component---newResourceUnit--BASE_UNIT_OF_MEASURE"}]}
RESULT: {"script":"<script> [1562 bytes]","args":[{"selector":{"id":"application-manageresources-display-component---newResourceUnit--BASE_UNIT_OF_MEASURE","interaction":{"idSuffix":"inner"}},"wdio_ui5_key":"applicationmanageresources-display-component---newResourceUnit--BASE_UNIT_OF_MEASURE"}]}
RESULT: undefined
COMMAND: POST /session/cf943d61b4ec37add412b20e5410361e/execute/async - {"script":"<script> [776 bytes]","args":[{"enterText":"Piece","selector":{"id":"application-manageresources-display-component---newResourceUnit--BASE_UNIT_OF_MEASURE","interaction":{"idSuffix":"inner"}},"clearTextFirst":true,"interactionType":"ENTER_TEXT"}]}
RESULT: {"script":"<script> [776 bytes]","args":[{"enterText":"Piece","selector":{"id":"application-manageresources-display-component---newResourceUnit--BASE_UNIT_OF_MEASURE","interaction":{"idSuffix":"inner"}},"clearTextFirst":true,"interactionType":"ENTER_TEXT"}]}
COMMAND: POST /session/cf943d61b4ec37add412b20e5410361e/execute/async - {"script":"<script> [1562 bytes]","args":[{"selector":{"id":"application-manageresources-display-component---newResourceUnit--WEIGHT_UNIT","interaction":{"idSuffix":"inner"}},"wdio_ui5_key":"applicationmanageresources-display-component---newResourceUnit--WEIGHT_UNIT"}]}
RESULT: {"script":"<script> [1562 bytes]","args":[{"selector":{"id":"application-manageresources-display-component---newResourceUnit--WEIGHT_UNIT","interaction":{"idSuffix":"inner"}},"wdio_ui5_key":"applicationmanageresources-display-component---newResourceUnit--WEIGHT_UNIT"}]}
RESULT: undefined
COMMAND: POST /session/cf943d61b4ec37add412b20e5410361e/execute/async - {"script":"<script> [776 bytes]","args":[{"enterText":"Gram","selector":{"id":"application-manageresources-display-component---newResourceUnit--WEIGHT_UNIT","interaction":{"idSuffix":"inner"}},"clearTextFirst":true,"interactionType":"ENTER_TEXT"}]}
RESULT: {"script":"<script> [776 bytes]","args":[{"enterText":"Gram","selector":{"id":"application-manageresources-display-component---newResourceUnit--WEIGHT_UNIT","interaction":{"idSuffix":"inner"}},"clearTextFirst":true,"interactionType":"ENTER_TEXT"}]}
COMMAND: POST /session/cf943d61b4ec37add412b20e5410361e/execute/async - {"script":"<script> [1562 bytes]","args":[{"selector":{"id":"application-manageresources-display-component---newResourceUnit--DIMENSION_UNIT","interaction":{"idSuffix":"inner"}},"wdio_ui5_key":"applicationmanageresources-display-component---newResourceUnit--DIMENSION_UNIT"}]}
RESULT: {"script":"<script> [1562 bytes]","args":[{"selector":{"id":"application-manageresources-display-component---newResourceUnit--DIMENSION_UNIT","interaction":{"idSuffix":"inner"}},"wdio_ui5_key":"applicationmanageresources-display-component---newResourceUnit--DIMENSION_UNIT"}]}
RESULT: undefined
COMMAND: POST /session/cf943d61b4ec37add412b20e5410361e/execute/async - {"script":"<script> [776 bytes]","args":[{"enterText":"Meter","selector":{"id":"application-manageresources-display-component---newResourceUnit--DIMENSION_UNIT","interaction":{"idSuffix":"inner"}},"clearTextFirst":true,"interactionType":"ENTER_TEXT"}]}
RESULT: {"script":"<script> [776 bytes]","args":[{"enterText":"Meter","selector":{"id":"application-manageresources-display-component---newResourceUnit--DIMENSION_UNIT","interaction":{"idSuffix":"inner"}},"clearTextFirst":true,"interactionType":"ENTER_TEXT"}]}
COMMAND: POST /session/cf943d61b4ec37add412b20e5410361e/execute/async - {"script":"<script> [1562 bytes]","args":[{"selector":{"id":"application-manageresources-display-component---newResourceUnit--newRRUPage-anchBar-application-manageresources-display-component---newResourceUnit--control-anchor","interaction":{"idSuffix":"BDI-content"}},"wdio_ui5_key":"applicationmanageresources-display-component---newResourceUnit--newRRUPage-anchBar-application-manageresources-display-component---newResourceUnit--control-anchor"}]}
RESULT: {"script":"<script> [1562 bytes]","args":[{"selector":{"id":"application-manageresources-display-component---newResourceUnit--newRRUPage-anchBar-application-manageresources-display-component---newResourceUnit--control-anchor","interaction":{"idSuffix":"BDI-content"}},"wdio_ui5_key":"applicationmanageresources-display-component---newResourceUnit--newRRUPage-anchBar-application-manageresources-display-component---newResourceUnit--control-anchor"}]}
RESULT: undefined
COMMAND: POST /session/cf943d61b4ec37add412b20e5410361e/element - {"using":"xpath","value":"//*[@id=\"application-manageresources-display-component---newResourceUnit--newRRUPage-anchBar-application-manageresources-display-component---newResourceUnit--control-anchor\"]"}
RESULT: {"using":"xpath","value":"//*[@id=\"application-manageresources-display-component---newResourceUnit--newRRUPage-anchBar-application-manageresources-display-component---newResourceUnit--control-anchor\"]"}
COMMAND: POST /session/cf943d61b4ec37add412b20e5410361e/element/f.8C1712D618BBFF0472B495C641D9811D.d.759F3A61F646A3DE4F9B3A68FA465491.e.6209/click - {}
RESULT: {}
COMMAND: POST /session/cf943d61b4ec37add412b20e5410361e/execute/async - {"script":"<script> [1562 bytes]","args":[{"selector":{"id":"application-manageresources-display-component---newResourceUnit--PLANNING_GROUP","interaction":{"idSuffix":"inner"}},"wdio_ui5_key":"applicationmanageresources-display-component---newResourceUnit--PLANNING_GROUP"}]}
COMMAND: GET /session/cf943d61b4ec37add412b20e5410361e/screenshot - {}
RESULT: {"script":"<script> [1562 bytes]","args":[{"selector":{"id":"application-manageresources-display-component---newResourceUnit--PLANNING_GROUP","interaction":{"idSuffix":"inner"}},"wdio_ui5_key":"applicationmanageresources-display-component---newResourceUnit--PLANNING_GROUP"}]}
RESULT: undefined
COMMAND: POST /session/cf943d61b4ec37add412b20e5410361e/execute/async - {"script":"<script> [776 bytes]","args":[{"enterText":"Material","selector":{"id":"application-manageresources-display-component---newResourceUnit--PLANNING_GROUP","interaction":{"idSuffix":"inner"}},"clearTextFirst":true,"interactionType":"ENTER_TEXT"}]}
RESULT: {}
RESULT: {"script":"<script> [776 bytes]","args":[{"enterText":"Material","selector":{"id":"application-manageresources-display-component---newResourceUnit--PLANNING_GROUP","interaction":{"idSuffix":"inner"}},"clearTextFirst":true,"interactionType":"ENTER_TEXT"}]}
COMMAND: POST /session/cf943d61b4ec37add412b20e5410361e/execute/async - {"script":"<script> [1562 bytes]","args":[{"selector":{"id":"application-manageresources-display-component---newResourceUnit--PLANNING_INDICATOR","interaction":{"idSuffix":"inner"}},"wdio_ui5_key":"applicationmanageresources-display-component---newResourceUnit--PLANNING_INDICATOR"}]}
RESULT: {"script":"<script> [1562 bytes]","args":[{"selector":{"id":"application-manageresources-display-component---newResourceUnit--PLANNING_INDICATOR","interaction":{"idSuffix":"inner"}},"wdio_ui5_key":"applicationmanageresources-display-component---newResourceUnit--PLANNING_INDICATOR"}]}
RESULT: undefined
COMMAND: POST /session/cf943d61b4ec37add412b20e5410361e/execute/async - {"script":"<script> [776 bytes]","args":[{"enterText":"10 - infinite","selector":{"id":"application-manageresources-display-component---newResourceUnit--PLANNING_INDICATOR","interaction":{"idSuffix":"inner"}},"clearTextFirst":true,"interactionType":"ENTER_TEXT"}]}
RESULT: {"script":"<script> [776 bytes]","args":[{"enterText":"10 - infinite","selector":{"id":"application-manageresources-display-component---newResourceUnit--PLANNING_INDICATOR","interaction":{"idSuffix":"inner"}},"clearTextFirst":true,"interactionType":"ENTER_TEXT"}]}
COMMAND: POST /session/cf943d61b4ec37add412b20e5410361e/element - {"using":"css selector","value":"#application-manageresources-display-component---newResourceUnit--btnAddTimeSegment"}
RESULT: {"using":"css selector","value":"#application-manageresources-display-component---newResourceUnit--btnAddTimeSegment"}
COMMAND: GET /session/cf943d61b4ec37add412b20e5410361e/element/f.8C1712D618BBFF0472B495C641D9811D.d.759F3A61F646A3DE4F9B3A68FA465491.e.6217/rect - {}
RESULT: {}
COMMAND: GET /session/cf943d61b4ec37add412b20e5410361e/window/rect - {}
RESULT: {}
COMMAND: POST /session/cf943d61b4ec37add412b20e5410361e/execute/sync - {"script":"<script> [92 bytes]","args":[]}
RESULT: {"script":"<script> [92 bytes]","args":[]}
COMMAND: POST /session/cf943d61b4ec37add412b20e5410361e/actions - {"actions":[{"id":"action23","type":"wheel","parameters":{},"actions":[{"type":"scroll","x":-1888,"y":-32,"deltaX":0,"deltaY":0,"duration":0,"origin":{"element-6066-11e4-a52e-4f735466cecf":"f.8C1712D618BBFF0472B495C641D9811D.d.759F3A61F646A3DE4F9B3A68FA465491.e.6217"}}]}]}
COMMAND: GET /session/cf943d61b4ec37add412b20e5410361e/screenshot - {}
RESULT: {}
COMMAND: POST /session/cf943d61b4ec37add412b20e5410361e/execute/sync - {"script":"<script> [79 bytes]","args":[{"element-6066-11e4-a52e-4f735466cecf":"f.8C1712D618BBFF0472B495C641D9811D.d.759F3A61F646A3DE4F9B3A68FA465491.e.6217","ELEMENT":"f.8C1712D618BBFF0472B495C641D9811D.d.759F3A61F646A3DE4F9B3A68FA465491.e.6217"},{"block":"start","inline":"nearest"}]}
RESULT: {"script":"<script> [79 bytes]","args":[{"element-6066-11e4-a52e-4f735466cecf":"f.8C1712D618BBFF0472B495C641D9811D.d.759F3A61F646A3DE4F9B3A68FA465491.e.6217","ELEMENT":"f.8C1712D618BBFF0472B495C641D9811D.d.759F3A61F646A3DE4F9B3A68FA465491.e.6217"},{"block":"start","inline":"nearest"}]}
COMMAND: POST /session/cf943d61b4ec37add412b20e5410361e/execute/async - {"script":"<script> [1562 bytes]","args":[{"selector":{"id":"application-manageresources-display-component---newResourceUnit--btnAddTimeSegment","interaction":{"idSuffix":"inner"}},"wdio_ui5_key":"applicationmanageresources-display-component---newResourceUnit--btnAddTimeSegment"}]}
COMMAND: GET /session/cf943d61b4ec37add412b20e5410361e/screenshot - {}
RESULT: {"script":"<script> [1562 bytes]","args":[{"selector":{"id":"application-manageresources-display-component---newResourceUnit--btnAddTimeSegment","interaction":{"idSuffix":"inner"}},"wdio_ui5_key":"applicationmanageresources-display-component---newResourceUnit--btnAddTimeSegment"}]}
RESULT: undefined
COMMAND: POST /session/cf943d61b4ec37add412b20e5410361e/element - {"using":"xpath","value":"//*[@id=\"application-manageresources-display-component---newResourceUnit--btnAddTimeSegment\"]"}
RESULT: {}
RESULT: {"using":"xpath","value":"//*[@id=\"application-manageresources-display-component---newResourceUnit--btnAddTimeSegment\"]"}
COMMAND: POST /session/cf943d61b4ec37add412b20e5410361e/element/f.8C1712D618BBFF0472B495C641D9811D.d.759F3A61F646A3DE4F9B3A68FA465491.e.6217/click - {}
RESULT: {}
COMMAND: GET /session/cf943d61b4ec37add412b20e5410361e/screenshot - {}
RESULT: {}
COMMAND: POST /session/cf943d61b4ec37add412b20e5410361e/element - {"using":"xpath","value":"//input[@id=\"application-manageresources-display-component---newResourceUnit--idRuTSAdmin-application-manageresources-display-component---newResourceUnit--RUTimeSegment-0-inner\"]"}
RESULT: {"using":"xpath","value":"//input[@id=\"application-manageresources-display-component---newResourceUnit--idRuTSAdmin-application-manageresources-display-component---newResourceUnit--RUTimeSegment-0-inner\"]"}
COMMAND: POST /session/cf943d61b4ec37add412b20e5410361e/element/f.8C1712D618BBFF0472B495C641D9811D.d.759F3A61F646A3DE4F9B3A68FA465491.e.6222/clear - {}
RESULT: {}
COMMAND: POST /session/cf943d61b4ec37add412b20e5410361e/element/f.8C1712D618BBFF0472B495C641D9811D.d.759F3A61F646A3DE4F9B3A68FA465491.e.6222/value - {"text":"682"}
COMMAND: GET /session/cf943d61b4ec37add412b20e5410361e/screenshot - {}
RESULT: {"text":"682"}
COMMAND: GET /session/cf943d61b4ec37add412b20e5410361e/screenshot - {}
RESULT: {}
RESULT: {}
COMMAND: POST /session/cf943d61b4ec37add412b20e5410361e/element - {"using":"xpath","value":"//li[.//span[text()='682']]"}
RESULT: {"using":"xpath","value":"//li[.//span[text()='682']]"}
COMMAND: POST /session/cf943d61b4ec37add412b20e5410361e/element/f.8C1712D618BBFF0472B495C641D9811D.d.759F3A61F646A3DE4F9B3A68FA465491.e.6231/click - {}
RESULT: {}
COMMAND: GET /session/cf943d61b4ec37add412b20e5410361e/screenshot - {}
RESULT: {}
COMMAND: POST /session/cf943d61b4ec37add412b20e5410361e/element - {"using":"xpath","value":"(//span[contains(@id, \"-application-manageresources-display-component---newResourceUnit--RUTimeSegment-0-arrow\")])[2]"}
RESULT: {"using":"xpath","value":"(//span[contains(@id, \"-application-manageresources-display-component---newResourceUnit--RUTimeSegment-0-arrow\")])[2]"}
COMMAND: POST /session/cf943d61b4ec37add412b20e5410361e/element/f.8C1712D618BBFF0472B495C641D9811D.d.759F3A61F646A3DE4F9B3A68FA465491.e.6232/click - {}
RESULT: {}
COMMAND: POST /session/cf943d61b4ec37add412b20e5410361e/element - {"using":"xpath","value":"//span[contains(text(), \"PM Order\")]"}
COMMAND: GET /session/cf943d61b4ec37add412b20e5410361e/screenshot - {}
RESULT: {"using":"xpath","value":"//span[contains(text(), \"PM Order\")]"}
COMMAND: POST /session/cf943d61b4ec37add412b20e5410361e/element/f.8C1712D618BBFF0472B495C641D9811D.d.759F3A61F646A3DE4F9B3A68FA465491.e.6233/click - {}
RESULT: {}
RESULT: {}
COMMAND: GET /session/cf943d61b4ec37add412b20e5410361e/screenshot - {}
RESULT: {}
COMMAND: POST /session/cf943d61b4ec37add412b20e5410361e/element - {"using":"xpath","value":"//td/div/div/div/span[contains(@id, \"newResourceUnit--RUTimeSegment-0-vhi\")][1]"}
RESULT: {"using":"xpath","value":"//td/div/div/div/span[contains(@id, \"newResourceUnit--RUTimeSegment-0-vhi\")][1]"}
COMMAND: GET /session/cf943d61b4ec37add412b20e5410361e/element/f.8C1712D618BBFF0472B495C641D9811D.d.759F3A61F646A3DE4F9B3A68FA465491.e.6237/rect - {}
RESULT: {}
COMMAND: GET /session/cf943d61b4ec37add412b20e5410361e/window/rect - {}
RESULT: {}
COMMAND: POST /session/cf943d61b4ec37add412b20e5410361e/execute/sync - {"script":"<script> [92 bytes]","args":[]}
RESULT: {"script":"<script> [92 bytes]","args":[]}
COMMAND: POST /session/cf943d61b4ec37add412b20e5410361e/actions - {"actions":[{"id":"action24","type":"wheel","parameters":{},"actions":[{"type":"scroll","x":-1888,"y":-24,"deltaX":0,"deltaY":0,"duration":0,"origin":{"element-6066-11e4-a52e-4f735466cecf":"f.8C1712D618BBFF0472B495C641D9811D.d.759F3A61F646A3DE4F9B3A68FA465491.e.6237"}}]}]}
COMMAND: GET /session/cf943d61b4ec37add412b20e5410361e/screenshot - {}
RESULT: {}
COMMAND: POST /session/cf943d61b4ec37add412b20e5410361e/execute/sync - {"script":"<script> [79 bytes]","args":[{"element-6066-11e4-a52e-4f735466cecf":"f.8C1712D618BBFF0472B495C641D9811D.d.759F3A61F646A3DE4F9B3A68FA465491.e.6237","ELEMENT":"f.8C1712D618BBFF0472B495C641D9811D.d.759F3A61F646A3DE4F9B3A68FA465491.e.6237"},{"block":"start","inline":"nearest"}]}
RESULT: {"script":"<script> [79 bytes]","args":[{"element-6066-11e4-a52e-4f735466cecf":"f.8C1712D618BBFF0472B495C641D9811D.d.759F3A61F646A3DE4F9B3A68FA465491.e.6237","ELEMENT":"f.8C1712D618BBFF0472B495C641D9811D.d.759F3A61F646A3DE4F9B3A68FA465491.e.6237"},{"block":"start","inline":"nearest"}]}
COMMAND: GET /session/cf943d61b4ec37add412b20e5410361e/screenshot - {}
RESULT: {}
COMMAND: POST /session/cf943d61b4ec37add412b20e5410361e/element/f.8C1712D618BBFF0472B495C641D9811D.d.759F3A61F646A3DE4F9B3A68FA465491.e.6237/click - {}
RESULT: {}
COMMAND: GET /session/cf943d61b4ec37add412b20e5410361e/screenshot - {}
RESULT: {}
COMMAND: POST /session/cf943d61b4ec37add412b20e5410361e/execute/async - {"script":"<script> [1562 bytes]","args":[{"selector":{"controlType":"sap.m.SearchField","properties":{"placeholder":"Search"},"searchOpenDialogs":true,"interaction":{"idSuffix":"I"}},"wdio_ui5_key":"sapm.SearchField{\"placeholder\":\"Search\"}"}]}
RESULT: {"script":"<script> [1562 bytes]","args":[{"selector":{"controlType":"sap.m.SearchField","properties":{"placeholder":"Search"},"searchOpenDialogs":true,"interaction":{"idSuffix":"I"}},"wdio_ui5_key":"sapm.SearchField{\"placeholder\":\"Search\"}"}]}
RESULT: undefined
COMMAND: POST /session/cf943d61b4ec37add412b20e5410361e/execute/async - {"script":"<script> [776 bytes]","args":[{"enterText":"4000360","selector":{"controlType":"sap.m.SearchField","properties":{"placeholder":"Search"},"searchOpenDialogs":true,"interaction":{"idSuffix":"I"}},"clearTextFirst":true,"interactionType":"ENTER_TEXT"}]}
RESULT: {"script":"<script> [776 bytes]","args":[{"enterText":"4000360","selector":{"controlType":"sap.m.SearchField","properties":{"placeholder":"Search"},"searchOpenDialogs":true,"interaction":{"idSuffix":"I"}},"clearTextFirst":true,"interactionType":"ENTER_TEXT"}]}
COMMAND: POST /session/cf943d61b4ec37add412b20e5410361e/actions - {"actions":[{"id":"action25","type":"key","parameters":{},"actions":[{"type":"keyDown","value":"î€‡"},{"type":"pause","duration":10},{"type":"keyUp","value":"î€‡"}]}]}
RESULT: {"actions":[{"id":"action25","type":"key","parameters":{},"actions":[{"type":"keyDown","value":"î€‡"},{"type":"pause","duration":10},{"type":"keyUp","value":"î€‡"}]}]}
COMMAND: GET /session/cf943d61b4ec37add412b20e5410361e/screenshot - {}
RESULT: {}
COMMAND: POST /session/cf943d61b4ec37add412b20e5410361e/element - {"using":"xpath","value":"//td/div/span[contains(text(), \"BGL Vehicles\")]"}
RESULT: {"using":"xpath","value":"//td/div/span[contains(text(), \"BGL Vehicles\")]"}
COMMAND: POST /session/cf943d61b4ec37add412b20e5410361e/element/f.8C1712D618BBFF0472B495C641D9811D.d.759F3A61F646A3DE4F9B3A68FA465491.e.6260/click - {}
RESULT: {}
COMMAND: GET /session/cf943d61b4ec37add412b20e5410361e/screenshot - {}
RESULT: {}
COMMAND: POST /session/cf943d61b4ec37add412b20e5410361e/element - {"using":"xpath","value":"//bdi[contains(text(), \"OK\")]"}
RESULT: {"using":"xpath","value":"//bdi[contains(text(), \"OK\")]"}
COMMAND: POST /session/cf943d61b4ec37add412b20e5410361e/element/f.8C1712D618BBFF0472B495C641D9811D.d.759F3A61F646A3DE4F9B3A68FA465491.e.6261/click - {}
RESULT: {}
COMMAND: GET /session/cf943d61b4ec37add412b20e5410361e/screenshot - {}
RESULT: {}
COMMAND: POST /session/cf943d61b4ec37add412b20e5410361e/element - {"using":"xpath","value":"//label[contains(@class, 'sapMLabelRequired') and .//bdi[contains(text(), 'Planned Retirement')]]"}
RESULT: {"using":"xpath","value":"//label[contains(@class, 'sapMLabelRequired') and .//bdi[contains(text(), 'Planned Retirement')]]"}
COMMAND: POST /session/cf943d61b4ec37add412b20e5410361e/elements - {"using":"xpath","value":"//label[contains(@class, 'sapMLabelRequired') and .//bdi[contains(text(), 'Planned Retirement')]]"}
RESULT: {"using":"xpath","value":"//label[contains(@class, 'sapMLabelRequired') and .//bdi[contains(text(), 'Planned Retirement')]]"}
COMMAND: POST /session/cf943d61b4ec37add412b20e5410361e/element - {"using":"xpath","value":"//button[@data-kt=\"resourceUnitSaveButton\"]"}
RESULT: {"using":"xpath","value":"//button[@data-kt=\"resourceUnitSaveButton\"]"}
COMMAND: POST /session/cf943d61b4ec37add412b20e5410361e/element/f.8C1712D618BBFF0472B495C641D9811D.d.759F3A61F646A3DE4F9B3A68FA465491.e.6095/click - {}
RESULT: {}
COMMAND: GET /session/cf943d61b4ec37add412b20e5410361e/screenshot - {}
RESULT: {}
COMMAND: POST /session/cf943d61b4ec37add412b20e5410361e/element - {"using":"xpath","value":"//bdi[contains(text(), \"Close\")]"}
RESULT: {"using":"xpath","value":"//bdi[contains(text(), \"Close\")]"}
COMMAND: POST /session/cf943d61b4ec37add412b20e5410361e/element/f.8C1712D618BBFF0472B495C641D9811D.d.759F3A61F646A3DE4F9B3A68FA465491.e.6267/click - {}
RESULT: {}
COMMAND: GET /session/cf943d61b4ec37add412b20e5410361e/screenshot - {}
RESULT: {}
COMMAND: POST /session/cf943d61b4ec37add412b20e5410361e/element - {"using":"xpath","value":"//header[contains(@id, 'detailRruPage-headerTitle')]/div[1]/div[2]/div[2]/span[1]"}
RESULT: {"using":"xpath","value":"//header[contains(@id, 'detailRruPage-headerTitle')]/div[1]/div[2]/div[2]/span[1]"}
COMMAND: POST /session/cf943d61b4ec37add412b20e5410361e/elements - {"using":"xpath","value":"//header[contains(@id, 'detailRruPage-headerTitle')]/div[1]/div[2]/div[2]/span[1]"}
RESULT: {"using":"xpath","value":"//header[contains(@id, 'detailRruPage-headerTitle')]/div[1]/div[2]/div[2]/span[1]"}
COMMAND: POST /session/cf943d61b4ec37add412b20e5410361e/execute/sync - {"script":"<script> [56 bytes]","args":[{"element-6066-11e4-a52e-4f735466cecf":"f.8C1712D618BBFF0472B495C641D9811D.d.759F3A61F646A3DE4F9B3A68FA465491.e.6293","ELEMENT":"f.8C1712D618BBFF0472B495C641D9811D.d.759F3A61F646A3DE4F9B3A68FA465491.e.6293"}]}
RESULT: {"script":"<script> [56 bytes]","args":[{"element-6066-11e4-a52e-4f735466cecf":"f.8C1712D618BBFF0472B495C641D9811D.d.759F3A61F646A3DE4F9B3A68FA465491.e.6293","ELEMENT":"f.8C1712D618BBFF0472B495C641D9811D.d.759F3A61F646A3DE4F9B3A68FA465491.e.6293"}]}
COMMAND: POST /session/cf943d61b4ec37add412b20e5410361e/element - {"using":"css selector","value":"#shell-header-logo"}
COMMAND: GET /session/cf943d61b4ec37add412b20e5410361e/screenshot - {}
RESULT: {"using":"css selector","value":"#shell-header-logo"}
COMMAND: POST /session/cf943d61b4ec37add412b20e5410361e/element/f.8C1712D618BBFF0472B495C641D9811D.d.759F3A61F646A3DE4F9B3A68FA465491.e.5560/click - {}
RESULT: {}
RESULT: {}
COMMAND: GET /session/cf943d61b4ec37add412b20e5410361e/screenshot - {}
RESULT: {}
]]></system-out>
    </testcase>
    <testcase classname="chrome.137_0_7151_69.windows.Provide_to_Site_w/_warehouse_management_w/o_clarification_US113782_" name="Bin Status Report Should Create New Organization yard" time="0.212" />
    <testcase classname="chrome.137_0_7151_69.windows.Provide_to_Site_w/_warehouse_management_w/o_clarification_US113782_" name="Bin Status Report Should Create New Organization for Site" time="0.004" />
  </testsuite>
  <testsuite timestamp="2025-06-05T16:45:06" time="308.634" tests="5" failures="5" errors="5" skipped="0">
    <properties>
      <property name="specId" value="0" />
      <property name="suiteName" value="Provide to Site w/ warehouse management wo clarification" />
      <property name="capabilities" value="chrome.137_0_7151_69.windows" />
      <property name="file" value="file:///D:/a/1/s/test/specs/HTR/provide-to-site-w-warehouse-wo-clarification.spec.js" />
    </properties>
  </testsuite>
  <testsuite timestamp="2025-06-05T16:50:15" time="539.906" tests="4" failures="0" errors="0" skipped="0">
    <properties>
      <property name="specId" value="0" />
      <property name="suiteName" value="Provide to Site w/o warehouse management w/ clarification US116605" />
      <property name="capabilities" value="chrome.137_0_7151_69.windows" />
      <property name="file" value="file:///D:/a/1/s/test/specs/HTR/provide-to-site-wo-warehouse-w-clarification.spec.js" />
    </properties>
    <testcase classname="chrome.137_0_7151_69.windows.Provide_to_Site_w/o_warehouse_management_w/_clarification_US116605" name="Should create a new yard" time="127.208">
      <system-out><![CDATA[
COMMAND: POST /session/cf943d61b4ec37add412b20e5410361e/window/fullscreen - {}
RESULT: {}
COMMAND: POST /session/cf943d61b4ec37add412b20e5410361e/execute/async - {"script":"<script> [1562 bytes]","args":[{"selector":{"controlType":"sap.m.GenericTile","properties":{"header":"Manage Yards"}},"wdio_ui5_key":"sapm.GenericTile{\"header\":\"Manage Yards\"}"}]}
RESULT: {"script":"<script> [1562 bytes]","args":[{"selector":{"controlType":"sap.m.GenericTile","properties":{"header":"Manage Yards"}},"wdio_ui5_key":"sapm.GenericTile{\"header\":\"Manage Yards\"}"}]}
RESULT: undefined
COMMAND: POST /session/cf943d61b4ec37add412b20e5410361e/element - {"using":"xpath","value":"//*[@id=\"__tile33\"]"}
RESULT: {"using":"xpath","value":"//*[@id=\"__tile33\"]"}
COMMAND: POST /session/cf943d61b4ec37add412b20e5410361e/element/f.8C1712D618BBFF0472B495C641D9811D.d.2A9AC092D519D7AEF4D1E07A42A5F81A.e.6735/click - {}
RESULT: {}
COMMAND: GET /session/cf943d61b4ec37add412b20e5410361e/screenshot - {}
COMMAND: POST /session/cf943d61b4ec37add412b20e5410361e/elements - {"using":"xpath","value":"//span[text()='Error']"}
RESULT: {}
RESULT: {"using":"xpath","value":"//span[text()='Error']"}
COMMAND: POST /session/cf943d61b4ec37add412b20e5410361e/element - {"using":"xpath","value":"//button[@data-kt=\"addNewYardOverflowToolbarButton\"]"}
RESULT: {"using":"xpath","value":"//button[@data-kt=\"addNewYardOverflowToolbarButton\"]"}
COMMAND: POST /session/cf943d61b4ec37add412b20e5410361e/elements - {"using":"xpath","value":"//button[@data-kt=\"addNewYardOverflowToolbarButton\"]"}
RESULT: {"using":"xpath","value":"//button[@data-kt=\"addNewYardOverflowToolbarButton\"]"}
COMMAND: POST /session/cf943d61b4ec37add412b20e5410361e/elements - {"using":"xpath","value":"//button[@data-kt=\"addNewYardOverflowToolbarButton\"]"}
RESULT: {"using":"xpath","value":"//button[@data-kt=\"addNewYardOverflowToolbarButton\"]"}
COMMAND: POST /session/cf943d61b4ec37add412b20e5410361e/element - {"using":"xpath","value":"//button[@data-kt=\"addNewYardOverflowToolbarButton\"]"}
RESULT: {"using":"xpath","value":"//button[@data-kt=\"addNewYardOverflowToolbarButton\"]"}
COMMAND: POST /session/cf943d61b4ec37add412b20e5410361e/execute/sync - {"script":"<script> [8489 bytes]","args":[{"element-6066-11e4-a52e-4f735466cecf":"f.8C1712D618BBFF0472B495C641D9811D.d.2A9AC092D519D7AEF4D1E07A42A5F81A.e.6870","ELEMENT":"f.8C1712D618BBFF0472B495C641D9811D.d.2A9AC092D519D7AEF4D1E07A42A5F81A.e.6870"}]}
RESULT: {"script":"<script> [8489 bytes]","args":[{"element-6066-11e4-a52e-4f735466cecf":"f.8C1712D618BBFF0472B495C641D9811D.d.2A9AC092D519D7AEF4D1E07A42A5F81A.e.6870","ELEMENT":"f.8C1712D618BBFF0472B495C641D9811D.d.2A9AC092D519D7AEF4D1E07A42A5F81A.e.6870"}]}
COMMAND: GET /session/cf943d61b4ec37add412b20e5410361e/element/f.8C1712D618BBFF0472B495C641D9811D.d.2A9AC092D519D7AEF4D1E07A42A5F81A.e.6870/enabled - {}
COMMAND: GET /session/cf943d61b4ec37add412b20e5410361e/screenshot - {}
RESULT: {}
COMMAND: POST /session/cf943d61b4ec37add412b20e5410361e/execute/sync - {"script":"<script> [8489 bytes]","args":[{"element-6066-11e4-a52e-4f735466cecf":"f.8C1712D618BBFF0472B495C641D9811D.d.2A9AC092D519D7AEF4D1E07A42A5F81A.e.6870","ELEMENT":"f.8C1712D618BBFF0472B495C641D9811D.d.2A9AC092D519D7AEF4D1E07A42A5F81A.e.6870"}]}
COMMAND: GET /session/cf943d61b4ec37add412b20e5410361e/screenshot - {}
RESULT: {}
RESULT: {"script":"<script> [8489 bytes]","args":[{"element-6066-11e4-a52e-4f735466cecf":"f.8C1712D618BBFF0472B495C641D9811D.d.2A9AC092D519D7AEF4D1E07A42A5F81A.e.6870","ELEMENT":"f.8C1712D618BBFF0472B495C641D9811D.d.2A9AC092D519D7AEF4D1E07A42A5F81A.e.6870"}]}
COMMAND: POST /session/cf943d61b4ec37add412b20e5410361e/execute/sync - {"script":"<script> [5351 bytes]","args":[{"element-6066-11e4-a52e-4f735466cecf":"f.8C1712D618BBFF0472B495C641D9811D.d.2A9AC092D519D7AEF4D1E07A42A5F81A.e.6870","ELEMENT":"f.8C1712D618BBFF0472B495C641D9811D.d.2A9AC092D519D7AEF4D1E07A42A5F81A.e.6870"}]}
COMMAND: GET /session/cf943d61b4ec37add412b20e5410361e/screenshot - {}
RESULT: {}
RESULT: {"script":"<script> [5351 bytes]","args":[{"element-6066-11e4-a52e-4f735466cecf":"f.8C1712D618BBFF0472B495C641D9811D.d.2A9AC092D519D7AEF4D1E07A42A5F81A.e.6870","ELEMENT":"f.8C1712D618BBFF0472B495C641D9811D.d.2A9AC092D519D7AEF4D1E07A42A5F81A.e.6870"}]}
COMMAND: POST /session/cf943d61b4ec37add412b20e5410361e/element/f.8C1712D618BBFF0472B495C641D9811D.d.2A9AC092D519D7AEF4D1E07A42A5F81A.e.6870/click - {}
COMMAND: GET /session/cf943d61b4ec37add412b20e5410361e/screenshot - {}
RESULT: {}
RESULT: {}
COMMAND: GET /session/cf943d61b4ec37add412b20e5410361e/screenshot - {}
RESULT: {}
COMMAND: POST /session/cf943d61b4ec37add412b20e5410361e/element - {"using":"xpath","value":"//input[@id=\"application-manageyards-display-component---NewYard--yardId-inner\"]"}
RESULT: {}
RESULT: {"using":"xpath","value":"//input[@id=\"application-manageyards-display-component---NewYard--yardId-inner\"]"}
COMMAND: POST /session/cf943d61b4ec37add412b20e5410361e/element - {"using":"xpath","value":"//input[@id=\"application-manageyards-display-component---NewYard--yardId-inner\"]"}
RESULT: {"using":"xpath","value":"//input[@id=\"application-manageyards-display-component---NewYard--yardId-inner\"]"}
COMMAND: POST /session/cf943d61b4ec37add412b20e5410361e/execute/async - {"script":"<script> [1562 bytes]","args":[{"selector":{"id":"application-manageyards-display-component---NewYard--addressDetailDetailsName1","interaction":{"idSuffix":"inner"}},"wdio_ui5_key":"applicationmanageyards-display-component---NewYard--addressDetailDetailsName1"}]}
RESULT: {"script":"<script> [1562 bytes]","args":[{"selector":{"id":"application-manageyards-display-component---NewYard--addressDetailDetailsName1","interaction":{"idSuffix":"inner"}},"wdio_ui5_key":"applicationmanageyards-display-component---NewYard--addressDetailDetailsName1"}]}
RESULT: undefined
COMMAND: POST /session/cf943d61b4ec37add412b20e5410361e/execute/async - {"script":"<script> [776 bytes]","args":[{"enterText":"Other Yard WDIO","selector":{"id":"application-manageyards-display-component---NewYard--addressDetailDetailsName1","interaction":{"idSuffix":"inner"}},"clearTextFirst":true,"interactionType":"ENTER_TEXT"}]}
RESULT: {"script":"<script> [776 bytes]","args":[{"enterText":"Other Yard WDIO","selector":{"id":"application-manageyards-display-component---NewYard--addressDetailDetailsName1","interaction":{"idSuffix":"inner"}},"clearTextFirst":true,"interactionType":"ENTER_TEXT"}]}
COMMAND: POST /session/cf943d61b4ec37add412b20e5410361e/execute/async - {"script":"<script> [1562 bytes]","args":[{"selector":{"id":"application-manageyards-display-component---NewYard--addressDetailDetailsLanguage-arrow"},"wdio_ui5_key":"applicationmanageyards-display-component---NewYard--addressDetailDetailsLanguage-arrow"}]}
RESULT: {"script":"<script> [1562 bytes]","args":[{"selector":{"id":"application-manageyards-display-component---NewYard--addressDetailDetailsLanguage-arrow"},"wdio_ui5_key":"applicationmanageyards-display-component---NewYard--addressDetailDetailsLanguage-arrow"}]}
RESULT: undefined
COMMAND: POST /session/cf943d61b4ec37add412b20e5410361e/element - {"using":"xpath","value":"//*[@id=\"application-manageyards-display-component---NewYard--addressDetailDetailsLanguage-arrow\"]"}
RESULT: {"using":"xpath","value":"//*[@id=\"application-manageyards-display-component---NewYard--addressDetailDetailsLanguage-arrow\"]"}
COMMAND: POST /session/cf943d61b4ec37add412b20e5410361e/element/f.8C1712D618BBFF0472B495C641D9811D.d.2A9AC092D519D7AEF4D1E07A42A5F81A.e.7290/click - {}
RESULT: {}
COMMAND: POST /session/cf943d61b4ec37add412b20e5410361e/element - {"using":"xpath","value":"//span[contains(text(), \"English\")]"}
COMMAND: GET /session/cf943d61b4ec37add412b20e5410361e/screenshot - {}
RESULT: {"using":"xpath","value":"//span[contains(text(), \"English\")]"}
COMMAND: POST /session/cf943d61b4ec37add412b20e5410361e/element/f.8C1712D618BBFF0472B495C641D9811D.d.2A9AC092D519D7AEF4D1E07A42A5F81A.e.7291/click - {}
RESULT: {}
RESULT: {}
COMMAND: POST /session/cf943d61b4ec37add412b20e5410361e/execute/async - {"script":"<script> [1562 bytes]","args":[{"selector":{"id":"application-manageyards-display-component---NewYard--addressDetailDetailsCity1","interaction":{"idSuffix":"inner"}},"wdio_ui5_key":"applicationmanageyards-display-component---NewYard--addressDetailDetailsCity1"}]}
COMMAND: GET /session/cf943d61b4ec37add412b20e5410361e/screenshot - {}
RESULT: {"script":"<script> [1562 bytes]","args":[{"selector":{"id":"application-manageyards-display-component---NewYard--addressDetailDetailsCity1","interaction":{"idSuffix":"inner"}},"wdio_ui5_key":"applicationmanageyards-display-component---NewYard--addressDetailDetailsCity1"}]}
RESULT: undefined
COMMAND: POST /session/cf943d61b4ec37add412b20e5410361e/execute/async - {"script":"<script> [776 bytes]","args":[{"enterText":"Rosario","selector":{"id":"application-manageyards-display-component---NewYard--addressDetailDetailsCity1","interaction":{"idSuffix":"inner"}},"clearTextFirst":true,"interactionType":"ENTER_TEXT"}]}
RESULT: {}
RESULT: {"script":"<script> [776 bytes]","args":[{"enterText":"Rosario","selector":{"id":"application-manageyards-display-component---NewYard--addressDetailDetailsCity1","interaction":{"idSuffix":"inner"}},"clearTextFirst":true,"interactionType":"ENTER_TEXT"}]}
COMMAND: POST /session/cf943d61b4ec37add412b20e5410361e/execute/async - {"script":"<script> [1562 bytes]","args":[{"selector":{"id":"application-manageyards-display-component---NewYard--addressDetailDetailsCountry-arrow"},"wdio_ui5_key":"applicationmanageyards-display-component---NewYard--addressDetailDetailsCountry-arrow"}]}
RESULT: {"script":"<script> [1562 bytes]","args":[{"selector":{"id":"application-manageyards-display-component---NewYard--addressDetailDetailsCountry-arrow"},"wdio_ui5_key":"applicationmanageyards-display-component---NewYard--addressDetailDetailsCountry-arrow"}]}
RESULT: undefined
COMMAND: POST /session/cf943d61b4ec37add412b20e5410361e/element - {"using":"xpath","value":"//*[@id=\"application-manageyards-display-component---NewYard--addressDetailDetailsCountry-arrow\"]"}
RESULT: {"using":"xpath","value":"//*[@id=\"application-manageyards-display-component---NewYard--addressDetailDetailsCountry-arrow\"]"}
COMMAND: POST /session/cf943d61b4ec37add412b20e5410361e/element/f.8C1712D618BBFF0472B495C641D9811D.d.2A9AC092D519D7AEF4D1E07A42A5F81A.e.7293/click - {}
RESULT: {}
COMMAND: POST /session/cf943d61b4ec37add412b20e5410361e/element - {"using":"xpath","value":"//span[contains(text(), \"Argentina\")]"}
COMMAND: GET /session/cf943d61b4ec37add412b20e5410361e/screenshot - {}
RESULT: {"using":"xpath","value":"//span[contains(text(), \"Argentina\")]"}
COMMAND: POST /session/cf943d61b4ec37add412b20e5410361e/element/f.8C1712D618BBFF0472B495C641D9811D.d.2A9AC092D519D7AEF4D1E07A42A5F81A.e.7294/click - {}
RESULT: {}
RESULT: {}
COMMAND: POST /session/cf943d61b4ec37add412b20e5410361e/execute/async - {"script":"<script> [1562 bytes]","args":[{"selector":{"id":"application-manageyards-display-component---NewYard--addressEditDetailsCostObjectCstType-arrow"},"wdio_ui5_key":"applicationmanageyards-display-component---NewYard--addressEditDetailsCostObjectCstType-arrow"}]}
COMMAND: GET /session/cf943d61b4ec37add412b20e5410361e/screenshot - {}
RESULT: {"script":"<script> [1562 bytes]","args":[{"selector":{"id":"application-manageyards-display-component---NewYard--addressEditDetailsCostObjectCstType-arrow"},"wdio_ui5_key":"applicationmanageyards-display-component---NewYard--addressEditDetailsCostObjectCstType-arrow"}]}
RESULT: undefined
COMMAND: POST /session/cf943d61b4ec37add412b20e5410361e/element - {"using":"xpath","value":"//*[@id=\"application-manageyards-display-component---NewYard--addressEditDetailsCostObjectCstType-arrow\"]"}
RESULT: {}
RESULT: {"using":"xpath","value":"//*[@id=\"application-manageyards-display-component---NewYard--addressEditDetailsCostObjectCstType-arrow\"]"}
COMMAND: POST /session/cf943d61b4ec37add412b20e5410361e/element/f.8C1712D618BBFF0472B495C641D9811D.d.2A9AC092D519D7AEF4D1E07A42A5F81A.e.7296/click - {}
RESULT: {}
COMMAND: POST /session/cf943d61b4ec37add412b20e5410361e/element - {"using":"xpath","value":"//span[contains(text(), \"Cost Center\")]"}
COMMAND: GET /session/cf943d61b4ec37add412b20e5410361e/screenshot - {}
RESULT: {"using":"xpath","value":"//span[contains(text(), \"Cost Center\")]"}
COMMAND: POST /session/cf943d61b4ec37add412b20e5410361e/element/f.8C1712D618BBFF0472B495C641D9811D.d.2A9AC092D519D7AEF4D1E07A42A5F81A.e.7297/click - {}
RESULT: {}
RESULT: {}
COMMAND: GET /session/cf943d61b4ec37add412b20e5410361e/screenshot - {}
RESULT: {}
COMMAND: POST /session/cf943d61b4ec37add412b20e5410361e/element - {"using":"xpath","value":"//span[@id=\"application-manageyards-display-component---NewYard--addressNewCostObjectCstID-vhi\"]"}
RESULT: {"using":"xpath","value":"//span[@id=\"application-manageyards-display-component---NewYard--addressNewCostObjectCstID-vhi\"]"}
COMMAND: POST /session/cf943d61b4ec37add412b20e5410361e/execute/sync - {"script":"<script> [8489 bytes]","args":[{"element-6066-11e4-a52e-4f735466cecf":"f.8C1712D618BBFF0472B495C641D9811D.d.2A9AC092D519D7AEF4D1E07A42A5F81A.e.7301","ELEMENT":"f.8C1712D618BBFF0472B495C641D9811D.d.2A9AC092D519D7AEF4D1E07A42A5F81A.e.7301"}]}
RESULT: {"script":"<script> [8489 bytes]","args":[{"element-6066-11e4-a52e-4f735466cecf":"f.8C1712D618BBFF0472B495C641D9811D.d.2A9AC092D519D7AEF4D1E07A42A5F81A.e.7301","ELEMENT":"f.8C1712D618BBFF0472B495C641D9811D.d.2A9AC092D519D7AEF4D1E07A42A5F81A.e.7301"}]}
COMMAND: POST /session/cf943d61b4ec37add412b20e5410361e/execute/async - {"script":"<script> [1562 bytes]","args":[{"selector":{"id":"application-manageyards-display-component---NewYard--addressNewCostObjectCstID-vhi"},"wdio_ui5_key":"applicationmanageyards-display-component---NewYard--addressNewCostObjectCstID-vhi"}]}
COMMAND: GET /session/cf943d61b4ec37add412b20e5410361e/screenshot - {}
RESULT: {"script":"<script> [1562 bytes]","args":[{"selector":{"id":"application-manageyards-display-component---NewYard--addressNewCostObjectCstID-vhi"},"wdio_ui5_key":"applicationmanageyards-display-component---NewYard--addressNewCostObjectCstID-vhi"}]}
RESULT: undefined
COMMAND: POST /session/cf943d61b4ec37add412b20e5410361e/element - {"using":"xpath","value":"//*[@id=\"application-manageyards-display-component---NewYard--addressNewCostObjectCstID-vhi\"]"}
RESULT: {}
RESULT: {"using":"xpath","value":"//*[@id=\"application-manageyards-display-component---NewYard--addressNewCostObjectCstID-vhi\"]"}
COMMAND: POST /session/cf943d61b4ec37add412b20e5410361e/element/f.8C1712D618BBFF0472B495C641D9811D.d.2A9AC092D519D7AEF4D1E07A42A5F81A.e.7301/click - {}
RESULT: {}
COMMAND: GET /session/cf943d61b4ec37add412b20e5410361e/screenshot - {}
RESULT: {}
COMMAND: POST /session/cf943d61b4ec37add412b20e5410361e/execute/async - {"script":"<script> [1562 bytes]","args":[{"selector":{"controlType":"sap.m.SearchField","properties":{"placeholder":"Search"},"searchOpenDialogs":true,"interaction":{"idSuffix":"I"}},"wdio_ui5_key":"sapm.SearchField{\"placeholder\":\"Search\"}"}]}
RESULT: {"script":"<script> [1562 bytes]","args":[{"selector":{"controlType":"sap.m.SearchField","properties":{"placeholder":"Search"},"searchOpenDialogs":true,"interaction":{"idSuffix":"I"}},"wdio_ui5_key":"sapm.SearchField{\"placeholder\":\"Search\"}"}]}
RESULT: undefined
COMMAND: POST /session/cf943d61b4ec37add412b20e5410361e/execute/async - {"script":"<script> [776 bytes]","args":[{"enterText":"bauh_b","selector":{"controlType":"sap.m.SearchField","properties":{"placeholder":"Search"},"searchOpenDialogs":true,"interaction":{"idSuffix":"I"}},"clearTextFirst":true,"interactionType":"ENTER_TEXT"}]}
RESULT: {"script":"<script> [776 bytes]","args":[{"enterText":"bauh_b","selector":{"controlType":"sap.m.SearchField","properties":{"placeholder":"Search"},"searchOpenDialogs":true,"interaction":{"idSuffix":"I"}},"clearTextFirst":true,"interactionType":"ENTER_TEXT"}]}
COMMAND: POST /session/cf943d61b4ec37add412b20e5410361e/actions - {"actions":[{"id":"action26","type":"key","parameters":{},"actions":[{"type":"keyDown","value":"î€‡"},{"type":"pause","duration":10},{"type":"keyUp","value":"î€‡"}]}]}
RESULT: {"actions":[{"id":"action26","type":"key","parameters":{},"actions":[{"type":"keyDown","value":"î€‡"},{"type":"pause","duration":10},{"type":"keyUp","value":"î€‡"}]}]}
COMMAND: GET /session/cf943d61b4ec37add412b20e5410361e/screenshot - {}
RESULT: {}
COMMAND: POST /session/cf943d61b4ec37add412b20e5410361e/element - {"using":"xpath","value":"//span[contains(text(), \"Demo Yard\")]"}
RESULT: {"using":"xpath","value":"//span[contains(text(), \"Demo Yard\")]"}
COMMAND: POST /session/cf943d61b4ec37add412b20e5410361e/element/f.8C1712D618BBFF0472B495C641D9811D.d.2A9AC092D519D7AEF4D1E07A42A5F81A.e.7341/click - {}
RESULT: {}
COMMAND: GET /session/cf943d61b4ec37add412b20e5410361e/screenshot - {}
RESULT: {}
COMMAND: POST /session/cf943d61b4ec37add412b20e5410361e/element - {"using":"xpath","value":"//bdi[contains(text(), \"OK\")]"}
RESULT: {"using":"xpath","value":"//bdi[contains(text(), \"OK\")]"}
COMMAND: POST /session/cf943d61b4ec37add412b20e5410361e/element/f.8C1712D618BBFF0472B495C641D9811D.d.2A9AC092D519D7AEF4D1E07A42A5F81A.e.7342/click - {}
RESULT: {}
COMMAND: GET /session/cf943d61b4ec37add412b20e5410361e/screenshot - {}
RESULT: {}
COMMAND: POST /session/cf943d61b4ec37add412b20e5410361e/execute/async - {"script":"<script> [1562 bytes]","args":[{"selector":{"id":"application-manageyards-display-component---NewYard--addressEditDetailsCurrency-arrow"},"wdio_ui5_key":"applicationmanageyards-display-component---NewYard--addressEditDetailsCurrency-arrow"}]}
RESULT: {"script":"<script> [1562 bytes]","args":[{"selector":{"id":"application-manageyards-display-component---NewYard--addressEditDetailsCurrency-arrow"},"wdio_ui5_key":"applicationmanageyards-display-component---NewYard--addressEditDetailsCurrency-arrow"}]}
RESULT: undefined
COMMAND: POST /session/cf943d61b4ec37add412b20e5410361e/element - {"using":"xpath","value":"//*[@id=\"application-manageyards-display-component---NewYard--addressEditDetailsCurrency-arrow\"]"}
RESULT: {"using":"xpath","value":"//*[@id=\"application-manageyards-display-component---NewYard--addressEditDetailsCurrency-arrow\"]"}
COMMAND: POST /session/cf943d61b4ec37add412b20e5410361e/element/f.8C1712D618BBFF0472B495C641D9811D.d.2A9AC092D519D7AEF4D1E07A42A5F81A.e.7345/click - {}
RESULT: {}
COMMAND: POST /session/cf943d61b4ec37add412b20e5410361e/element - {"using":"xpath","value":"//span[contains(text(), \"Euro\")]"}
COMMAND: GET /session/cf943d61b4ec37add412b20e5410361e/screenshot - {}
RESULT: {"using":"xpath","value":"//span[contains(text(), \"Euro\")]"}
COMMAND: POST /session/cf943d61b4ec37add412b20e5410361e/element/f.8C1712D618BBFF0472B495C641D9811D.d.2A9AC092D519D7AEF4D1E07A42A5F81A.e.7346/click - {}
RESULT: {}
RESULT: {}
COMMAND: POST /session/cf943d61b4ec37add412b20e5410361e/execute/async - {"script":"<script> [1562 bytes]","args":[{"selector":{"controlType":"sap.m.Input","viewName":"etm.portal.ui.manageyards.view.New","viewId":"application-manageyards-display-component---NewYard","bindingPath":{"path":"","propertyPath":"/CONTROLLING_AREA","modelName":"NewYardModel"},"interaction":{"idSuffix":"inner"}},"wdio_ui5_key":"etmportal.ui.manageyards.view.Newsap.m.Input{\"path\":\"\",\"propertyPath\":\"/CONTROLLING_AREA\",\"modelName\":\"NewYardModel\"}"}]}
COMMAND: GET /session/cf943d61b4ec37add412b20e5410361e/screenshot - {}
RESULT: {"script":"<script> [1562 bytes]","args":[{"selector":{"controlType":"sap.m.Input","viewName":"etm.portal.ui.manageyards.view.New","viewId":"application-manageyards-display-component---NewYard","bindingPath":{"path":"","propertyPath":"/CONTROLLING_AREA","modelName":"NewYardModel"},"interaction":{"idSuffix":"inner"}},"wdio_ui5_key":"etmportal.ui.manageyards.view.Newsap.m.Input{\"path\":\"\",\"propertyPath\":\"/CONTROLLING_AREA\",\"modelName\":\"NewYardModel\"}"}]}
RESULT: undefined
COMMAND: POST /session/cf943d61b4ec37add412b20e5410361e/execute/async - {"script":"<script> [776 bytes]","args":[{"enterText":"Z001","selector":{"controlType":"sap.m.Input","viewName":"etm.portal.ui.manageyards.view.New","viewId":"application-manageyards-display-component---NewYard","bindingPath":{"path":"","propertyPath":"/CONTROLLING_AREA","modelName":"NewYardModel"},"interaction":{"idSuffix":"inner"}},"clearTextFirst":true,"interactionType":"ENTER_TEXT"}]}
RESULT: {}
RESULT: {"script":"<script> [776 bytes]","args":[{"enterText":"Z001","selector":{"controlType":"sap.m.Input","viewName":"etm.portal.ui.manageyards.view.New","viewId":"application-manageyards-display-component---NewYard","bindingPath":{"path":"","propertyPath":"/CONTROLLING_AREA","modelName":"NewYardModel"},"interaction":{"idSuffix":"inner"}},"clearTextFirst":true,"interactionType":"ENTER_TEXT"}]}
COMMAND: POST /session/cf943d61b4ec37add412b20e5410361e/execute/async - {"script":"<script> [1562 bytes]","args":[{"selector":{"id":"application-manageyards-display-component---NewYard--companyCodeComboBox","interaction":{"idSuffix":"inner"}},"wdio_ui5_key":"applicationmanageyards-display-component---NewYard--companyCodeComboBox"}]}
RESULT: {"script":"<script> [1562 bytes]","args":[{"selector":{"id":"application-manageyards-display-component---NewYard--companyCodeComboBox","interaction":{"idSuffix":"inner"}},"wdio_ui5_key":"applicationmanageyards-display-component---NewYard--companyCodeComboBox"}]}
RESULT: undefined
COMMAND: POST /session/cf943d61b4ec37add412b20e5410361e/execute/async - {"script":"<script> [776 bytes]","args":[{"enterText":"1000","selector":{"id":"application-manageyards-display-component---NewYard--companyCodeComboBox","interaction":{"idSuffix":"inner"}},"clearTextFirst":true,"interactionType":"ENTER_TEXT"}]}
RESULT: {"script":"<script> [776 bytes]","args":[{"enterText":"1000","selector":{"id":"application-manageyards-display-component---NewYard--companyCodeComboBox","interaction":{"idSuffix":"inner"}},"clearTextFirst":true,"interactionType":"ENTER_TEXT"}]}
COMMAND: POST /session/cf943d61b4ec37add412b20e5410361e/execute/async - {"script":"<script> [1562 bytes]","args":[{"selector":{"controlType":"sap.m.Input","viewName":"etm.portal.ui.manageyards.view.New","viewId":"application-manageyards-display-component---NewYard","bindingPath":{"path":"","propertyPath":"/PLANT","modelName":"NewYardModel"},"interaction":{"idSuffix":"inner"}},"wdio_ui5_key":"etmportal.ui.manageyards.view.Newsap.m.Input{\"path\":\"\",\"propertyPath\":\"/PLANT\",\"modelName\":\"NewYardModel\"}"}]}
RESULT: {"script":"<script> [1562 bytes]","args":[{"selector":{"controlType":"sap.m.Input","viewName":"etm.portal.ui.manageyards.view.New","viewId":"application-manageyards-display-component---NewYard","bindingPath":{"path":"","propertyPath":"/PLANT","modelName":"NewYardModel"},"interaction":{"idSuffix":"inner"}},"wdio_ui5_key":"etmportal.ui.manageyards.view.Newsap.m.Input{\"path\":\"\",\"propertyPath\":\"/PLANT\",\"modelName\":\"NewYardModel\"}"}]}
RESULT: undefined
COMMAND: POST /session/cf943d61b4ec37add412b20e5410361e/execute/async - {"script":"<script> [776 bytes]","args":[{"enterText":"1001","selector":{"controlType":"sap.m.Input","viewName":"etm.portal.ui.manageyards.view.New","viewId":"application-manageyards-display-component---NewYard","bindingPath":{"path":"","propertyPath":"/PLANT","modelName":"NewYardModel"},"interaction":{"idSuffix":"inner"}},"clearTextFirst":true,"interactionType":"ENTER_TEXT"}]}
RESULT: {"script":"<script> [776 bytes]","args":[{"enterText":"1001","selector":{"controlType":"sap.m.Input","viewName":"etm.portal.ui.manageyards.view.New","viewId":"application-manageyards-display-component---NewYard","bindingPath":{"path":"","propertyPath":"/PLANT","modelName":"NewYardModel"},"interaction":{"idSuffix":"inner"}},"clearTextFirst":true,"interactionType":"ENTER_TEXT"}]}
COMMAND: POST /session/cf943d61b4ec37add412b20e5410361e/execute/async - {"script":"<script> [1562 bytes]","args":[{"selector":{"controlType":"sap.m.Input","viewName":"etm.portal.ui.manageyards.view.New","viewId":"application-manageyards-display-component---NewYard","bindingPath":{"path":"","propertyPath":"/SALES_AREA_VKORG","modelName":"NewYardModel"},"interaction":{"idSuffix":"inner"}},"wdio_ui5_key":"etmportal.ui.manageyards.view.Newsap.m.Input{\"path\":\"\",\"propertyPath\":\"/SALES_AREA_VKORG\",\"modelName\":\"NewYardModel\"}"}]}
RESULT: {"script":"<script> [1562 bytes]","args":[{"selector":{"controlType":"sap.m.Input","viewName":"etm.portal.ui.manageyards.view.New","viewId":"application-manageyards-display-component---NewYard","bindingPath":{"path":"","propertyPath":"/SALES_AREA_VKORG","modelName":"NewYardModel"},"interaction":{"idSuffix":"inner"}},"wdio_ui5_key":"etmportal.ui.manageyards.view.Newsap.m.Input{\"path\":\"\",\"propertyPath\":\"/SALES_AREA_VKORG\",\"modelName\":\"NewYardModel\"}"}]}
RESULT: undefined
COMMAND: POST /session/cf943d61b4ec37add412b20e5410361e/execute/async - {"script":"<script> [776 bytes]","args":[{"enterText":"C002","selector":{"controlType":"sap.m.Input","viewName":"etm.portal.ui.manageyards.view.New","viewId":"application-manageyards-display-component---NewYard","bindingPath":{"path":"","propertyPath":"/SALES_AREA_VKORG","modelName":"NewYardModel"},"interaction":{"idSuffix":"inner"}},"clearTextFirst":true,"interactionType":"ENTER_TEXT"}]}
RESULT: {"script":"<script> [776 bytes]","args":[{"enterText":"C002","selector":{"controlType":"sap.m.Input","viewName":"etm.portal.ui.manageyards.view.New","viewId":"application-manageyards-display-component---NewYard","bindingPath":{"path":"","propertyPath":"/SALES_AREA_VKORG","modelName":"NewYardModel"},"interaction":{"idSuffix":"inner"}},"clearTextFirst":true,"interactionType":"ENTER_TEXT"}]}
COMMAND: POST /session/cf943d61b4ec37add412b20e5410361e/execute/async - {"script":"<script> [1562 bytes]","args":[{"selector":{"controlType":"sap.m.Input","viewName":"etm.portal.ui.manageyards.view.New","viewId":"application-manageyards-display-component---NewYard","bindingPath":{"path":"","propertyPath":"/SALES_AREA_VTWEG","modelName":"NewYardModel"},"interaction":{"idSuffix":"inner"}},"wdio_ui5_key":"etmportal.ui.manageyards.view.Newsap.m.Input{\"path\":\"\",\"propertyPath\":\"/SALES_AREA_VTWEG\",\"modelName\":\"NewYardModel\"}"}]}
RESULT: {"script":"<script> [1562 bytes]","args":[{"selector":{"controlType":"sap.m.Input","viewName":"etm.portal.ui.manageyards.view.New","viewId":"application-manageyards-display-component---NewYard","bindingPath":{"path":"","propertyPath":"/SALES_AREA_VTWEG","modelName":"NewYardModel"},"interaction":{"idSuffix":"inner"}},"wdio_ui5_key":"etmportal.ui.manageyards.view.Newsap.m.Input{\"path\":\"\",\"propertyPath\":\"/SALES_AREA_VTWEG\",\"modelName\":\"NewYardModel\"}"}]}
RESULT: undefined
COMMAND: POST /session/cf943d61b4ec37add412b20e5410361e/execute/async - {"script":"<script> [776 bytes]","args":[{"enterText":"C2","selector":{"controlType":"sap.m.Input","viewName":"etm.portal.ui.manageyards.view.New","viewId":"application-manageyards-display-component---NewYard","bindingPath":{"path":"","propertyPath":"/SALES_AREA_VTWEG","modelName":"NewYardModel"},"interaction":{"idSuffix":"inner"}},"clearTextFirst":true,"interactionType":"ENTER_TEXT"}]}
RESULT: {"script":"<script> [776 bytes]","args":[{"enterText":"C2","selector":{"controlType":"sap.m.Input","viewName":"etm.portal.ui.manageyards.view.New","viewId":"application-manageyards-display-component---NewYard","bindingPath":{"path":"","propertyPath":"/SALES_AREA_VTWEG","modelName":"NewYardModel"},"interaction":{"idSuffix":"inner"}},"clearTextFirst":true,"interactionType":"ENTER_TEXT"}]}
COMMAND: POST /session/cf943d61b4ec37add412b20e5410361e/execute/async - {"script":"<script> [1562 bytes]","args":[{"selector":{"controlType":"sap.m.Input","viewName":"etm.portal.ui.manageyards.view.New","viewId":"application-manageyards-display-component---NewYard","bindingPath":{"path":"","propertyPath":"/SALES_AREA_SPART","modelName":"NewYardModel"},"interaction":{"idSuffix":"inner"}},"wdio_ui5_key":"etmportal.ui.manageyards.view.Newsap.m.Input{\"path\":\"\",\"propertyPath\":\"/SALES_AREA_SPART\",\"modelName\":\"NewYardModel\"}"}]}
RESULT: {"script":"<script> [1562 bytes]","args":[{"selector":{"controlType":"sap.m.Input","viewName":"etm.portal.ui.manageyards.view.New","viewId":"application-manageyards-display-component---NewYard","bindingPath":{"path":"","propertyPath":"/SALES_AREA_SPART","modelName":"NewYardModel"},"interaction":{"idSuffix":"inner"}},"wdio_ui5_key":"etmportal.ui.manageyards.view.Newsap.m.Input{\"path\":\"\",\"propertyPath\":\"/SALES_AREA_SPART\",\"modelName\":\"NewYardModel\"}"}]}
RESULT: undefined
COMMAND: POST /session/cf943d61b4ec37add412b20e5410361e/execute/async - {"script":"<script> [776 bytes]","args":[{"enterText":"C2","selector":{"controlType":"sap.m.Input","viewName":"etm.portal.ui.manageyards.view.New","viewId":"application-manageyards-display-component---NewYard","bindingPath":{"path":"","propertyPath":"/SALES_AREA_SPART","modelName":"NewYardModel"},"interaction":{"idSuffix":"inner"}},"clearTextFirst":true,"interactionType":"ENTER_TEXT"}]}
RESULT: {"script":"<script> [776 bytes]","args":[{"enterText":"C2","selector":{"controlType":"sap.m.Input","viewName":"etm.portal.ui.manageyards.view.New","viewId":"application-manageyards-display-component---NewYard","bindingPath":{"path":"","propertyPath":"/SALES_AREA_SPART","modelName":"NewYardModel"},"interaction":{"idSuffix":"inner"}},"clearTextFirst":true,"interactionType":"ENTER_TEXT"}]}
COMMAND: POST /session/cf943d61b4ec37add412b20e5410361e/execute/async - {"script":"<script> [1562 bytes]","args":[{"selector":{"controlType":"sap.m.Input","viewName":"etm.portal.ui.manageyards.view.New","viewId":"application-manageyards-display-component---NewYard","bindingPath":{"path":"","propertyPath":"/SHIP_POINT","modelName":"NewYardModel"},"interaction":{"idSuffix":"inner"}},"wdio_ui5_key":"etmportal.ui.manageyards.view.Newsap.m.Input{\"path\":\"\",\"propertyPath\":\"/SHIP_POINT\",\"modelName\":\"NewYardModel\"}"}]}
RESULT: {"script":"<script> [1562 bytes]","args":[{"selector":{"controlType":"sap.m.Input","viewName":"etm.portal.ui.manageyards.view.New","viewId":"application-manageyards-display-component---NewYard","bindingPath":{"path":"","propertyPath":"/SHIP_POINT","modelName":"NewYardModel"},"interaction":{"idSuffix":"inner"}},"wdio_ui5_key":"etmportal.ui.manageyards.view.Newsap.m.Input{\"path\":\"\",\"propertyPath\":\"/SHIP_POINT\",\"modelName\":\"NewYardModel\"}"}]}
RESULT: undefined
COMMAND: POST /session/cf943d61b4ec37add412b20e5410361e/execute/async - {"script":"<script> [776 bytes]","args":[{"enterText":"1710","selector":{"controlType":"sap.m.Input","viewName":"etm.portal.ui.manageyards.view.New","viewId":"application-manageyards-display-component---NewYard","bindingPath":{"path":"","propertyPath":"/SHIP_POINT","modelName":"NewYardModel"},"interaction":{"idSuffix":"inner"}},"clearTextFirst":true,"interactionType":"ENTER_TEXT"}]}
RESULT: {"script":"<script> [776 bytes]","args":[{"enterText":"1710","selector":{"controlType":"sap.m.Input","viewName":"etm.portal.ui.manageyards.view.New","viewId":"application-manageyards-display-component---NewYard","bindingPath":{"path":"","propertyPath":"/SHIP_POINT","modelName":"NewYardModel"},"interaction":{"idSuffix":"inner"}},"clearTextFirst":true,"interactionType":"ENTER_TEXT"}]}
COMMAND: POST /session/cf943d61b4ec37add412b20e5410361e/execute/async - {"script":"<script> [1562 bytes]","args":[{"selector":{"controlType":"sap.m.Input","viewName":"etm.portal.ui.manageyards.view.New","viewId":"application-manageyards-display-component---NewYard","bindingPath":{"path":"","propertyPath":"/DELIVERY_TYPE","modelName":"NewYardModel"},"interaction":{"idSuffix":"inner"}},"wdio_ui5_key":"etmportal.ui.manageyards.view.Newsap.m.Input{\"path\":\"\",\"propertyPath\":\"/DELIVERY_TYPE\",\"modelName\":\"NewYardModel\"}"}]}
RESULT: {"script":"<script> [1562 bytes]","args":[{"selector":{"controlType":"sap.m.Input","viewName":"etm.portal.ui.manageyards.view.New","viewId":"application-manageyards-display-component---NewYard","bindingPath":{"path":"","propertyPath":"/DELIVERY_TYPE","modelName":"NewYardModel"},"interaction":{"idSuffix":"inner"}},"wdio_ui5_key":"etmportal.ui.manageyards.view.Newsap.m.Input{\"path\":\"\",\"propertyPath\":\"/DELIVERY_TYPE\",\"modelName\":\"NewYardModel\"}"}]}
RESULT: undefined
COMMAND: POST /session/cf943d61b4ec37add412b20e5410361e/execute/async - {"script":"<script> [776 bytes]","args":[{"enterText":"ZL01","selector":{"controlType":"sap.m.Input","viewName":"etm.portal.ui.manageyards.view.New","viewId":"application-manageyards-display-component---NewYard","bindingPath":{"path":"","propertyPath":"/DELIVERY_TYPE","modelName":"NewYardModel"},"interaction":{"idSuffix":"inner"}},"clearTextFirst":true,"interactionType":"ENTER_TEXT"}]}
RESULT: {"script":"<script> [776 bytes]","args":[{"enterText":"ZL01","selector":{"controlType":"sap.m.Input","viewName":"etm.portal.ui.manageyards.view.New","viewId":"application-manageyards-display-component---NewYard","bindingPath":{"path":"","propertyPath":"/DELIVERY_TYPE","modelName":"NewYardModel"},"interaction":{"idSuffix":"inner"}},"clearTextFirst":true,"interactionType":"ENTER_TEXT"}]}
COMMAND: POST /session/cf943d61b4ec37add412b20e5410361e/execute/async - {"script":"<script> [1562 bytes]","args":[{"selector":{"controlType":"sap.m.Input","viewName":"etm.portal.ui.manageyards.view.New","viewId":"application-manageyards-display-component---NewYard","bindingPath":{"path":"","propertyPath":"/AUART","modelName":"NewYardModel"},"interaction":{"idSuffix":"inner"}},"wdio_ui5_key":"etmportal.ui.manageyards.view.Newsap.m.Input{\"path\":\"\",\"propertyPath\":\"/AUART\",\"modelName\":\"NewYardModel\"}"}]}
RESULT: {"script":"<script> [1562 bytes]","args":[{"selector":{"controlType":"sap.m.Input","viewName":"etm.portal.ui.manageyards.view.New","viewId":"application-manageyards-display-component---NewYard","bindingPath":{"path":"","propertyPath":"/AUART","modelName":"NewYardModel"},"interaction":{"idSuffix":"inner"}},"wdio_ui5_key":"etmportal.ui.manageyards.view.Newsap.m.Input{\"path\":\"\",\"propertyPath\":\"/AUART\",\"modelName\":\"NewYardModel\"}"}]}
RESULT: undefined
COMMAND: POST /session/cf943d61b4ec37add412b20e5410361e/execute/async - {"script":"<script> [776 bytes]","args":[{"enterText":"TA","selector":{"controlType":"sap.m.Input","viewName":"etm.portal.ui.manageyards.view.New","viewId":"application-manageyards-display-component---NewYard","bindingPath":{"path":"","propertyPath":"/AUART","modelName":"NewYardModel"},"interaction":{"idSuffix":"inner"}},"clearTextFirst":true,"interactionType":"ENTER_TEXT"}]}
RESULT: {"script":"<script> [776 bytes]","args":[{"enterText":"TA","selector":{"controlType":"sap.m.Input","viewName":"etm.portal.ui.manageyards.view.New","viewId":"application-manageyards-display-component---NewYard","bindingPath":{"path":"","propertyPath":"/AUART","modelName":"NewYardModel"},"interaction":{"idSuffix":"inner"}},"clearTextFirst":true,"interactionType":"ENTER_TEXT"}]}
COMMAND: POST /session/cf943d61b4ec37add412b20e5410361e/element - {"using":"xpath","value":"//button[@data-kt=\"newYardSaveButton\"]"}
RESULT: {"using":"xpath","value":"//button[@data-kt=\"newYardSaveButton\"]"}
COMMAND: POST /session/cf943d61b4ec37add412b20e5410361e/element/f.8C1712D618BBFF0472B495C641D9811D.d.2A9AC092D519D7AEF4D1E07A42A5F81A.e.7271/click - {}
RESULT: {}
COMMAND: GET /session/cf943d61b4ec37add412b20e5410361e/screenshot - {}
RESULT: {}
COMMAND: POST /session/cf943d61b4ec37add412b20e5410361e/element - {"using":"xpath","value":"//header[contains(@id, 'ObjectPageLayout-headerTitle')]/div[1]/div[2]/div[1]/span[1]"}
RESULT: {"using":"xpath","value":"//header[contains(@id, 'ObjectPageLayout-headerTitle')]/div[1]/div[2]/div[1]/span[1]"}
COMMAND: POST /session/cf943d61b4ec37add412b20e5410361e/elements - {"using":"xpath","value":"//header[contains(@id, 'ObjectPageLayout-headerTitle')]/div[1]/div[2]/div[1]/span[1]"}
RESULT: {"using":"xpath","value":"//header[contains(@id, 'ObjectPageLayout-headerTitle')]/div[1]/div[2]/div[1]/span[1]"}
COMMAND: POST /session/cf943d61b4ec37add412b20e5410361e/execute/sync - {"script":"<script> [56 bytes]","args":[{"element-6066-11e4-a52e-4f735466cecf":"f.8C1712D618BBFF0472B495C641D9811D.d.2A9AC092D519D7AEF4D1E07A42A5F81A.e.7564","ELEMENT":"f.8C1712D618BBFF0472B495C641D9811D.d.2A9AC092D519D7AEF4D1E07A42A5F81A.e.7564"}]}
RESULT: {"script":"<script> [56 bytes]","args":[{"element-6066-11e4-a52e-4f735466cecf":"f.8C1712D618BBFF0472B495C641D9811D.d.2A9AC092D519D7AEF4D1E07A42A5F81A.e.7564","ELEMENT":"f.8C1712D618BBFF0472B495C641D9811D.d.2A9AC092D519D7AEF4D1E07A42A5F81A.e.7564"}]}
COMMAND: GET /session/cf943d61b4ec37add412b20e5410361e/screenshot - {}
RESULT: {}
COMMAND: POST /session/cf943d61b4ec37add412b20e5410361e/element - {"using":"css selector","value":"#shell-header-logo"}
RESULT: {"using":"css selector","value":"#shell-header-logo"}
COMMAND: POST /session/cf943d61b4ec37add412b20e5410361e/element/f.8C1712D618BBFF0472B495C641D9811D.d.2A9AC092D519D7AEF4D1E07A42A5F81A.e.6709/click - {}
RESULT: {}
COMMAND: GET /session/cf943d61b4ec37add412b20e5410361e/screenshot - {}
RESULT: {}
COMMAND: POST /session/cf943d61b4ec37add412b20e5410361e/execute/sync - {"script":"<script> [299 bytes]","args":[["getModel","getResource"]]}
RESULT: {"script":"<script> [299 bytes]","args":[["getModel","getResource"]]}
COMMAND: GET /session/cf943d61b4ec37add412b20e5410361e/screenshot - {}
]]></system-out>
    </testcase>
    <testcase classname="chrome.137_0_7151_69.windows.Provide_to_Site_w/o_warehouse_management_w/_clarification_US116605" name="Should create a new external partner" time="105.73">
      <system-out><![CDATA[
COMMAND: POST /session/cf943d61b4ec37add412b20e5410361e/window/fullscreen - {}
RESULT: {}
COMMAND: POST /session/cf943d61b4ec37add412b20e5410361e/execute/async - {"script":"<script> [1562 bytes]","args":[{"selector":{"controlType":"sap.m.GenericTile","properties":{"header":"Manage Partners"}},"wdio_ui5_key":"sapm.GenericTile{\"header\":\"Manage Partners\"}"}]}
RESULT: {}
RESULT: {"script":"<script> [1562 bytes]","args":[{"selector":{"controlType":"sap.m.GenericTile","properties":{"header":"Manage Partners"}},"wdio_ui5_key":"sapm.GenericTile{\"header\":\"Manage Partners\"}"}]}
RESULT: undefined
COMMAND: POST /session/cf943d61b4ec37add412b20e5410361e/element - {"using":"xpath","value":"//*[@id=\"__tile30\"]"}
RESULT: {"using":"xpath","value":"//*[@id=\"__tile30\"]"}
COMMAND: POST /session/cf943d61b4ec37add412b20e5410361e/element/f.8C1712D618BBFF0472B495C641D9811D.d.2A9AC092D519D7AEF4D1E07A42A5F81A.e.6726/click - {}
RESULT: {}
COMMAND: GET /session/cf943d61b4ec37add412b20e5410361e/screenshot - {}
RESULT: {}
COMMAND: POST /session/cf943d61b4ec37add412b20e5410361e/elements - {"using":"xpath","value":"//span[text()='Error']"}
RESULT: {"using":"xpath","value":"//span[text()='Error']"}
COMMAND: POST /session/cf943d61b4ec37add412b20e5410361e/element - {"using":"xpath","value":"//button[@data-kt=\"addButton\"]"}
RESULT: {"using":"xpath","value":"//button[@data-kt=\"addButton\"]"}
COMMAND: POST /session/cf943d61b4ec37add412b20e5410361e/elements - {"using":"xpath","value":"//button[@data-kt=\"addButton\"]"}
RESULT: {"using":"xpath","value":"//button[@data-kt=\"addButton\"]"}
COMMAND: POST /session/cf943d61b4ec37add412b20e5410361e/execute/sync - {"script":"<script> [8489 bytes]","args":[{"element-6066-11e4-a52e-4f735466cecf":"f.8C1712D618BBFF0472B495C641D9811D.d.2A9AC092D519D7AEF4D1E07A42A5F81A.e.7603","ELEMENT":"f.8C1712D618BBFF0472B495C641D9811D.d.2A9AC092D519D7AEF4D1E07A42A5F81A.e.7603"}]}
RESULT: {"script":"<script> [8489 bytes]","args":[{"element-6066-11e4-a52e-4f735466cecf":"f.8C1712D618BBFF0472B495C641D9811D.d.2A9AC092D519D7AEF4D1E07A42A5F81A.e.7603","ELEMENT":"f.8C1712D618BBFF0472B495C641D9811D.d.2A9AC092D519D7AEF4D1E07A42A5F81A.e.7603"}]}
COMMAND: GET /session/cf943d61b4ec37add412b20e5410361e/element/f.8C1712D618BBFF0472B495C641D9811D.d.2A9AC092D519D7AEF4D1E07A42A5F81A.e.7603/enabled - {}
COMMAND: GET /session/cf943d61b4ec37add412b20e5410361e/screenshot - {}
RESULT: {}
COMMAND: POST /session/cf943d61b4ec37add412b20e5410361e/execute/sync - {"script":"<script> [8489 bytes]","args":[{"element-6066-11e4-a52e-4f735466cecf":"f.8C1712D618BBFF0472B495C641D9811D.d.2A9AC092D519D7AEF4D1E07A42A5F81A.e.7603","ELEMENT":"f.8C1712D618BBFF0472B495C641D9811D.d.2A9AC092D519D7AEF4D1E07A42A5F81A.e.7603"}]}
COMMAND: GET /session/cf943d61b4ec37add412b20e5410361e/screenshot - {}
RESULT: {}
RESULT: {"script":"<script> [8489 bytes]","args":[{"element-6066-11e4-a52e-4f735466cecf":"f.8C1712D618BBFF0472B495C641D9811D.d.2A9AC092D519D7AEF4D1E07A42A5F81A.e.7603","ELEMENT":"f.8C1712D618BBFF0472B495C641D9811D.d.2A9AC092D519D7AEF4D1E07A42A5F81A.e.7603"}]}
COMMAND: POST /session/cf943d61b4ec37add412b20e5410361e/execute/sync - {"script":"<script> [5351 bytes]","args":[{"element-6066-11e4-a52e-4f735466cecf":"f.8C1712D618BBFF0472B495C641D9811D.d.2A9AC092D519D7AEF4D1E07A42A5F81A.e.7603","ELEMENT":"f.8C1712D618BBFF0472B495C641D9811D.d.2A9AC092D519D7AEF4D1E07A42A5F81A.e.7603"}]}
COMMAND: GET /session/cf943d61b4ec37add412b20e5410361e/screenshot - {}
RESULT: {}
RESULT: {"script":"<script> [5351 bytes]","args":[{"element-6066-11e4-a52e-4f735466cecf":"f.8C1712D618BBFF0472B495C641D9811D.d.2A9AC092D519D7AEF4D1E07A42A5F81A.e.7603","ELEMENT":"f.8C1712D618BBFF0472B495C641D9811D.d.2A9AC092D519D7AEF4D1E07A42A5F81A.e.7603"}]}
COMMAND: POST /session/cf943d61b4ec37add412b20e5410361e/element/f.8C1712D618BBFF0472B495C641D9811D.d.2A9AC092D519D7AEF4D1E07A42A5F81A.e.7603/click - {}
COMMAND: GET /session/cf943d61b4ec37add412b20e5410361e/screenshot - {}
RESULT: {}
RESULT: {}
COMMAND: GET /session/cf943d61b4ec37add412b20e5410361e/screenshot - {}
COMMAND: POST /session/cf943d61b4ec37add412b20e5410361e/execute/async - {"script":"<script> [1562 bytes]","args":[{"selector":{"id":"application-managepartners-display-component---NewPartner--addressDetailDetailsName1","interaction":{"idSuffix":"inner"}},"wdio_ui5_key":"applicationmanagepartners-display-component---NewPartner--addressDetailDetailsName1"}]}
RESULT: {}
RESULT: {}
RESULT: {"script":"<script> [1562 bytes]","args":[{"selector":{"id":"application-managepartners-display-component---NewPartner--addressDetailDetailsName1","interaction":{"idSuffix":"inner"}},"wdio_ui5_key":"applicationmanagepartners-display-component---NewPartner--addressDetailDetailsName1"}]}
RESULT: undefined
COMMAND: POST /session/cf943d61b4ec37add412b20e5410361e/execute/async - {"script":"<script> [776 bytes]","args":[{"enterText":"External Partner WDIO","selector":{"id":"application-managepartners-display-component---NewPartner--addressDetailDetailsName1","interaction":{"idSuffix":"inner"}},"clearTextFirst":true,"interactionType":"ENTER_TEXT"}]}
RESULT: {"script":"<script> [776 bytes]","args":[{"enterText":"External Partner WDIO","selector":{"id":"application-managepartners-display-component---NewPartner--addressDetailDetailsName1","interaction":{"idSuffix":"inner"}},"clearTextFirst":true,"interactionType":"ENTER_TEXT"}]}
COMMAND: POST /session/cf943d61b4ec37add412b20e5410361e/execute/async - {"script":"<script> [1562 bytes]","args":[{"selector":{"id":"application-managepartners-display-component---NewPartner--addressDetailDetailsLanguage-arrow"},"wdio_ui5_key":"applicationmanagepartners-display-component---NewPartner--addressDetailDetailsLanguage-arrow"}]}
RESULT: {"script":"<script> [1562 bytes]","args":[{"selector":{"id":"application-managepartners-display-component---NewPartner--addressDetailDetailsLanguage-arrow"},"wdio_ui5_key":"applicationmanagepartners-display-component---NewPartner--addressDetailDetailsLanguage-arrow"}]}
RESULT: undefined
COMMAND: POST /session/cf943d61b4ec37add412b20e5410361e/element - {"using":"xpath","value":"//*[@id=\"application-managepartners-display-component---NewPartner--addressDetailDetailsLanguage-arrow\"]"}
RESULT: {"using":"xpath","value":"//*[@id=\"application-managepartners-display-component---NewPartner--addressDetailDetailsLanguage-arrow\"]"}
COMMAND: POST /session/cf943d61b4ec37add412b20e5410361e/element/f.8C1712D618BBFF0472B495C641D9811D.d.2A9AC092D519D7AEF4D1E07A42A5F81A.e.8057/click - {}
RESULT: {}
COMMAND: POST /session/cf943d61b4ec37add412b20e5410361e/element - {"using":"xpath","value":"//span[contains(text(), \"English\")]"}
COMMAND: GET /session/cf943d61b4ec37add412b20e5410361e/screenshot - {}
RESULT: {"using":"xpath","value":"//span[contains(text(), \"English\")]"}
COMMAND: POST /session/cf943d61b4ec37add412b20e5410361e/element/f.8C1712D618BBFF0472B495C641D9811D.d.2A9AC092D519D7AEF4D1E07A42A5F81A.e.8058/click - {}
RESULT: {}
RESULT: {}
COMMAND: GET /session/cf943d61b4ec37add412b20e5410361e/screenshot - {}
RESULT: {}
COMMAND: POST /session/cf943d61b4ec37add412b20e5410361e/execute/async - {"script":"<script> [1562 bytes]","args":[{"selector":{"id":"application-managepartners-display-component---NewPartner--addressDetailDetailsCity1","interaction":{"idSuffix":"inner"}},"wdio_ui5_key":"applicationmanagepartners-display-component---NewPartner--addressDetailDetailsCity1"}]}
RESULT: {"script":"<script> [1562 bytes]","args":[{"selector":{"id":"application-managepartners-display-component---NewPartner--addressDetailDetailsCity1","interaction":{"idSuffix":"inner"}},"wdio_ui5_key":"applicationmanagepartners-display-component---NewPartner--addressDetailDetailsCity1"}]}
RESULT: undefined
COMMAND: POST /session/cf943d61b4ec37add412b20e5410361e/execute/async - {"script":"<script> [776 bytes]","args":[{"enterText":"Rosario","selector":{"id":"application-managepartners-display-component---NewPartner--addressDetailDetailsCity1","interaction":{"idSuffix":"inner"}},"clearTextFirst":true,"interactionType":"ENTER_TEXT"}]}
RESULT: {"script":"<script> [776 bytes]","args":[{"enterText":"Rosario","selector":{"id":"application-managepartners-display-component---NewPartner--addressDetailDetailsCity1","interaction":{"idSuffix":"inner"}},"clearTextFirst":true,"interactionType":"ENTER_TEXT"}]}
COMMAND: POST /session/cf943d61b4ec37add412b20e5410361e/execute/async - {"script":"<script> [1562 bytes]","args":[{"selector":{"id":"application-managepartners-display-component---NewPartner--addressDetailDetailsCountry-arrow"},"wdio_ui5_key":"applicationmanagepartners-display-component---NewPartner--addressDetailDetailsCountry-arrow"}]}
RESULT: {"script":"<script> [1562 bytes]","args":[{"selector":{"id":"application-managepartners-display-component---NewPartner--addressDetailDetailsCountry-arrow"},"wdio_ui5_key":"applicationmanagepartners-display-component---NewPartner--addressDetailDetailsCountry-arrow"}]}
RESULT: undefined
COMMAND: POST /session/cf943d61b4ec37add412b20e5410361e/element - {"using":"xpath","value":"//*[@id=\"application-managepartners-display-component---NewPartner--addressDetailDetailsCountry-arrow\"]"}
RESULT: {"using":"xpath","value":"//*[@id=\"application-managepartners-display-component---NewPartner--addressDetailDetailsCountry-arrow\"]"}
COMMAND: POST /session/cf943d61b4ec37add412b20e5410361e/element/f.8C1712D618BBFF0472B495C641D9811D.d.2A9AC092D519D7AEF4D1E07A42A5F81A.e.8039/click - {}
RESULT: {}
COMMAND: POST /session/cf943d61b4ec37add412b20e5410361e/element - {"using":"xpath","value":"//span[contains(text(), \"Argentina\")]"}
COMMAND: GET /session/cf943d61b4ec37add412b20e5410361e/screenshot - {}
RESULT: {"using":"xpath","value":"//span[contains(text(), \"Argentina\")]"}
COMMAND: POST /session/cf943d61b4ec37add412b20e5410361e/element/f.8C1712D618BBFF0472B495C641D9811D.d.2A9AC092D519D7AEF4D1E07A42A5F81A.e.8060/click - {}
RESULT: {}
RESULT: {}
COMMAND: GET /session/cf943d61b4ec37add412b20e5410361e/screenshot - {}
RESULT: {}
COMMAND: POST /session/cf943d61b4ec37add412b20e5410361e/element - {"using":"xpath","value":"//bdi[contains(text(), \"Commercial\")]"}
RESULT: {"using":"xpath","value":"//bdi[contains(text(), \"Commercial\")]"}
COMMAND: POST /session/cf943d61b4ec37add412b20e5410361e/element/f.8C1712D618BBFF0472B495C641D9811D.d.2A9AC092D519D7AEF4D1E07A42A5F81A.e.8061/click - {}
RESULT: {}
COMMAND: GET /session/cf943d61b4ec37add412b20e5410361e/screenshot - {}
RESULT: {}
COMMAND: POST /session/cf943d61b4ec37add412b20e5410361e/execute/async - {"script":"<script> [1562 bytes]","args":[{"selector":{"id":"application-managepartners-display-component---NewPartner--partnerDetailInternal-arrow"},"wdio_ui5_key":"applicationmanagepartners-display-component---NewPartner--partnerDetailInternal-arrow"}]}
RESULT: {"script":"<script> [1562 bytes]","args":[{"selector":{"id":"application-managepartners-display-component---NewPartner--partnerDetailInternal-arrow"},"wdio_ui5_key":"applicationmanagepartners-display-component---NewPartner--partnerDetailInternal-arrow"}]}
RESULT: undefined
COMMAND: POST /session/cf943d61b4ec37add412b20e5410361e/element - {"using":"xpath","value":"//*[@id=\"application-managepartners-display-component---NewPartner--partnerDetailInternal-arrow\"]"}
RESULT: {"using":"xpath","value":"//*[@id=\"application-managepartners-display-component---NewPartner--partnerDetailInternal-arrow\"]"}
COMMAND: POST /session/cf943d61b4ec37add412b20e5410361e/element/f.8C1712D618BBFF0472B495C641D9811D.d.2A9AC092D519D7AEF4D1E07A42A5F81A.e.8069/click - {}
RESULT: {}
COMMAND: POST /session/cf943d61b4ec37add412b20e5410361e/element - {"using":"xpath","value":"//span[contains(text(), \"External partner\")]"}
COMMAND: GET /session/cf943d61b4ec37add412b20e5410361e/screenshot - {}
RESULT: {}
RESULT: {"using":"xpath","value":"//span[contains(text(), \"External partner\")]"}
COMMAND: POST /session/cf943d61b4ec37add412b20e5410361e/element/f.8C1712D618BBFF0472B495C641D9811D.d.2A9AC092D519D7AEF4D1E07A42A5F81A.e.8070/click - {}
RESULT: {}
COMMAND: POST /session/cf943d61b4ec37add412b20e5410361e/execute/async - {"script":"<script> [1562 bytes]","args":[{"selector":{"id":"application-managepartners-display-component---NewPartner--partnerDetailsCurrency-arrow"},"wdio_ui5_key":"applicationmanagepartners-display-component---NewPartner--partnerDetailsCurrency-arrow"}]}
COMMAND: GET /session/cf943d61b4ec37add412b20e5410361e/screenshot - {}
RESULT: {"script":"<script> [1562 bytes]","args":[{"selector":{"id":"application-managepartners-display-component---NewPartner--partnerDetailsCurrency-arrow"},"wdio_ui5_key":"applicationmanagepartners-display-component---NewPartner--partnerDetailsCurrency-arrow"}]}
RESULT: undefined
COMMAND: POST /session/cf943d61b4ec37add412b20e5410361e/element - {"using":"xpath","value":"//*[@id=\"application-managepartners-display-component---NewPartner--partnerDetailsCurrency-arrow\"]"}
RESULT: {}
RESULT: {"using":"xpath","value":"//*[@id=\"application-managepartners-display-component---NewPartner--partnerDetailsCurrency-arrow\"]"}
COMMAND: POST /session/cf943d61b4ec37add412b20e5410361e/element/f.8C1712D618BBFF0472B495C641D9811D.d.2A9AC092D519D7AEF4D1E07A42A5F81A.e.8075/click - {}
RESULT: {}
COMMAND: POST /session/cf943d61b4ec37add412b20e5410361e/element - {"using":"xpath","value":"//span[contains(text(), \"US Dollar\")]"}
COMMAND: GET /session/cf943d61b4ec37add412b20e5410361e/screenshot - {}
RESULT: {"using":"xpath","value":"//span[contains(text(), \"US Dollar\")]"}
COMMAND: POST /session/cf943d61b4ec37add412b20e5410361e/element/f.8C1712D618BBFF0472B495C641D9811D.d.2A9AC092D519D7AEF4D1E07A42A5F81A.e.8076/click - {}
RESULT: {}
RESULT: {}
COMMAND: GET /session/cf943d61b4ec37add412b20e5410361e/screenshot - {}
RESULT: {}
COMMAND: POST /session/cf943d61b4ec37add412b20e5410361e/element - {"using":"xpath","value":"//input[@id=\"application-managepartners-display-component---NewPartner--companyCodeComboBox-inner\"]"}
RESULT: {"using":"xpath","value":"//input[@id=\"application-managepartners-display-component---NewPartner--companyCodeComboBox-inner\"]"}
COMMAND: POST /session/cf943d61b4ec37add412b20e5410361e/element/f.8C1712D618BBFF0472B495C641D9811D.d.2A9AC092D519D7AEF4D1E07A42A5F81A.e.7977/clear - {}
RESULT: {}
COMMAND: POST /session/cf943d61b4ec37add412b20e5410361e/element/f.8C1712D618BBFF0472B495C641D9811D.d.2A9AC092D519D7AEF4D1E07A42A5F81A.e.7977/value - {"text":"C002"}
COMMAND: GET /session/cf943d61b4ec37add412b20e5410361e/screenshot - {}
RESULT: {"text":"C002"}
COMMAND: GET /session/cf943d61b4ec37add412b20e5410361e/screenshot - {}
RESULT: {}
RESULT: {}
COMMAND: POST /session/cf943d61b4ec37add412b20e5410361e/element - {"using":"xpath","value":"//li[.//span[text()= \"C002\"]]"}
RESULT: {"using":"xpath","value":"//li[.//span[text()= \"C002\"]]"}
COMMAND: POST /session/cf943d61b4ec37add412b20e5410361e/element/f.8C1712D618BBFF0472B495C641D9811D.d.2A9AC092D519D7AEF4D1E07A42A5F81A.e.8080/click - {}
RESULT: {}
COMMAND: GET /session/cf943d61b4ec37add412b20e5410361e/screenshot - {}
RESULT: {}
COMMAND: POST /session/cf943d61b4ec37add412b20e5410361e/execute/async - {"script":"<script> [1562 bytes]","args":[{"selector":{"controlType":"sap.ui.core.Icon","viewName":"etm.portal.ui.managepartners.view.NewPartner","viewId":"application-managepartners-display-component---NewPartner","properties":{"src":{"regex":{"source":"slim\\-arrow\\-down"}}},"ancestor":{"controlType":"sap.m.ComboBox","viewName":"etm.portal.ui.managepartners.view.NewPartner","viewId":"application-managepartners-display-component---NewPartner","bindingPath":{"path":"","propertyPath":"/CATALOG","modelName":"oNewPartnerModel"}}},"wdio_ui5_key":"etmportal.ui.managepartners.view.NewPartnersap.ui.core.Icon{\"src\":{\"regex\":{\"source\":\"slim\\\\-arrow\\\\-down\"}}}{\"controlType\":\"sap.m.ComboBox\",\"viewName\":\"etm.portal.ui.managepartners.view.NewPartner\",\"viewId\":\"application-managepartners-display-component---NewPartner\",\"bindingPath\":{\"path\":\"\",\"propertyPath\":\"/CATALOG\",\"modelName\":\"oNewPartnerModel\"}}"}]}
RESULT: {"script":"<script> [1562 bytes]","args":[{"selector":{"controlType":"sap.ui.core.Icon","viewName":"etm.portal.ui.managepartners.view.NewPartner","viewId":"application-managepartners-display-component---NewPartner","properties":{"src":{"regex":{"source":"slim\\-arrow\\-down"}}},"ancestor":{"controlType":"sap.m.ComboBox","viewName":"etm.portal.ui.managepartners.view.NewPartner","viewId":"application-managepartners-display-component---NewPartner","bindingPath":{"path":"","propertyPath":"/CATALOG","modelName":"oNewPartnerModel"}}},"wdio_ui5_key":"etmportal.ui.managepartners.view.NewPartnersap.ui.core.Icon{\"src\":{\"regex\":{\"source\":\"slim\\\\-arrow\\\\-down\"}}}{\"controlType\":\"sap.m.ComboBox\",\"viewName\":\"etm.portal.ui.managepartners.view.NewPartner\",\"viewId\":\"application-managepartners-display-component---NewPartner\",\"bindingPath\":{\"path\":\"\",\"propertyPath\":\"/CATALOG\",\"modelName\":\"oNewPartnerModel\"}}"}]}
RESULT: undefined
COMMAND: POST /session/cf943d61b4ec37add412b20e5410361e/element - {"using":"xpath","value":"//*[@id=\"__box21-arrow\"]"}
RESULT: {"using":"xpath","value":"//*[@id=\"__box21-arrow\"]"}
COMMAND: POST /session/cf943d61b4ec37add412b20e5410361e/element/f.8C1712D618BBFF0472B495C641D9811D.d.2A9AC092D519D7AEF4D1E07A42A5F81A.e.8040/click - {}
RESULT: {}
COMMAND: GET /session/cf943d61b4ec37add412b20e5410361e/screenshot - {}
RESULT: {}
COMMAND: POST /session/cf943d61b4ec37add412b20e5410361e/element - {"using":"xpath","value":"//ul[contains(@id,\"popup-list-listUl\")]//li[.//span[text()= \"Webshop Catalog\"]]"}
RESULT: {"using":"xpath","value":"//ul[contains(@id,\"popup-list-listUl\")]//li[.//span[text()= \"Webshop Catalog\"]]"}
COMMAND: POST /session/cf943d61b4ec37add412b20e5410361e/element/f.8C1712D618BBFF0472B495C641D9811D.d.2A9AC092D519D7AEF4D1E07A42A5F81A.e.8082/click - {}
RESULT: {}
COMMAND: GET /session/cf943d61b4ec37add412b20e5410361e/screenshot - {}
RESULT: {}
COMMAND: POST /session/cf943d61b4ec37add412b20e5410361e/execute/async - {"script":"<script> [1562 bytes]","args":[{"selector":{"id":"application-managepartners-display-component---NewPartner--btnAddTableRow-img"},"wdio_ui5_key":"applicationmanagepartners-display-component---NewPartner--btnAddTableRow-img"}]}
RESULT: {"script":"<script> [1562 bytes]","args":[{"selector":{"id":"application-managepartners-display-component---NewPartner--btnAddTableRow-img"},"wdio_ui5_key":"applicationmanagepartners-display-component---NewPartner--btnAddTableRow-img"}]}
RESULT: undefined
COMMAND: POST /session/cf943d61b4ec37add412b20e5410361e/element - {"using":"xpath","value":"//*[@id=\"application-managepartners-display-component---NewPartner--btnAddTableRow-img\"]"}
RESULT: {"using":"xpath","value":"//*[@id=\"application-managepartners-display-component---NewPartner--btnAddTableRow-img\"]"}
COMMAND: POST /session/cf943d61b4ec37add412b20e5410361e/element/f.8C1712D618BBFF0472B495C641D9811D.d.2A9AC092D519D7AEF4D1E07A42A5F81A.e.8083/click - {}
RESULT: {}
COMMAND: GET /session/cf943d61b4ec37add412b20e5410361e/screenshot - {}
RESULT: {}
COMMAND: POST /session/cf943d61b4ec37add412b20e5410361e/element - {"using":"xpath","value":"//input[@id=\"application-managepartners-display-component---NewPartner--assignmentYard-application-managepartners-display-component---NewPartner--assignmentsTable-0-inner\"]"}
RESULT: {"using":"xpath","value":"//input[@id=\"application-managepartners-display-component---NewPartner--assignmentYard-application-managepartners-display-component---NewPartner--assignmentsTable-0-inner\"]"}
COMMAND: POST /session/cf943d61b4ec37add412b20e5410361e/element/f.8C1712D618BBFF0472B495C641D9811D.d.2A9AC092D519D7AEF4D1E07A42A5F81A.e.8086/clear - {}
RESULT: {}
COMMAND: POST /session/cf943d61b4ec37add412b20e5410361e/element/f.8C1712D618BBFF0472B495C641D9811D.d.2A9AC092D519D7AEF4D1E07A42A5F81A.e.8086/value - {"text":"685"}
COMMAND: GET /session/cf943d61b4ec37add412b20e5410361e/screenshot - {}
RESULT: {"text":"685"}
COMMAND: GET /session/cf943d61b4ec37add412b20e5410361e/screenshot - {}
RESULT: {}
RESULT: {}
COMMAND: POST /session/cf943d61b4ec37add412b20e5410361e/element - {"using":"xpath","value":"//li[.//span[text()='685']]"}
RESULT: {"using":"xpath","value":"//li[.//span[text()='685']]"}
COMMAND: POST /session/cf943d61b4ec37add412b20e5410361e/element/f.8C1712D618BBFF0472B495C641D9811D.d.2A9AC092D519D7AEF4D1E07A42A5F81A.e.8094/click - {}
RESULT: {}
COMMAND: GET /session/cf943d61b4ec37add412b20e5410361e/screenshot - {}
RESULT: {}
COMMAND: POST /session/cf943d61b4ec37add412b20e5410361e/actions - {"actions":[{"id":"action27","type":"key","parameters":{},"actions":[{"type":"keyDown","value":"î€‡"},{"type":"pause","duration":10},{"type":"keyUp","value":"î€‡"}]}]}
RESULT: {"actions":[{"id":"action27","type":"key","parameters":{},"actions":[{"type":"keyDown","value":"î€‡"},{"type":"pause","duration":10},{"type":"keyUp","value":"î€‡"}]}]}
COMMAND: POST /session/cf943d61b4ec37add412b20e5410361e/element - {"using":"xpath","value":"//td[contains(@id, \"assignmentsTable-0-cell2\")]/div/div"}
COMMAND: GET /session/cf943d61b4ec37add412b20e5410361e/screenshot - {}
RESULT: {"using":"xpath","value":"//td[contains(@id, \"assignmentsTable-0-cell2\")]/div/div"}
COMMAND: POST /session/cf943d61b4ec37add412b20e5410361e/element/f.8C1712D618BBFF0472B495C641D9811D.d.2A9AC092D519D7AEF4D1E07A42A5F81A.e.8097/click - {}
RESULT: {}
RESULT: {}
COMMAND: GET /session/cf943d61b4ec37add412b20e5410361e/screenshot - {}
RESULT: {}
COMMAND: POST /session/cf943d61b4ec37add412b20e5410361e/element - {"using":"xpath","value":"//button[@data-kt=\"saveButton\"]"}
RESULT: {"using":"xpath","value":"//button[@data-kt=\"saveButton\"]"}
COMMAND: POST /session/cf943d61b4ec37add412b20e5410361e/element/f.8C1712D618BBFF0472B495C641D9811D.d.2A9AC092D519D7AEF4D1E07A42A5F81A.e.8041/click - {}
RESULT: {}
COMMAND: GET /session/cf943d61b4ec37add412b20e5410361e/screenshot - {}
RESULT: {}
COMMAND: POST /session/cf943d61b4ec37add412b20e5410361e/element - {"using":"xpath","value":"//header[contains(@id, 'ObjectPageLayout-headerTitle')]/div[1]/div[2]/div[2]/span[1]"}
RESULT: {"using":"xpath","value":"//header[contains(@id, 'ObjectPageLayout-headerTitle')]/div[1]/div[2]/div[2]/span[1]"}
COMMAND: POST /session/cf943d61b4ec37add412b20e5410361e/elements - {"using":"xpath","value":"//header[contains(@id, 'ObjectPageLayout-headerTitle')]/div[1]/div[2]/div[2]/span[1]"}
RESULT: {"using":"xpath","value":"//header[contains(@id, 'ObjectPageLayout-headerTitle')]/div[1]/div[2]/div[2]/span[1]"}
COMMAND: POST /session/cf943d61b4ec37add412b20e5410361e/execute/sync - {"script":"<script> [56 bytes]","args":[{"element-6066-11e4-a52e-4f735466cecf":"f.8C1712D618BBFF0472B495C641D9811D.d.2A9AC092D519D7AEF4D1E07A42A5F81A.e.8260","ELEMENT":"f.8C1712D618BBFF0472B495C641D9811D.d.2A9AC092D519D7AEF4D1E07A42A5F81A.e.8260"}]}
RESULT: {"script":"<script> [56 bytes]","args":[{"element-6066-11e4-a52e-4f735466cecf":"f.8C1712D618BBFF0472B495C641D9811D.d.2A9AC092D519D7AEF4D1E07A42A5F81A.e.8260","ELEMENT":"f.8C1712D618BBFF0472B495C641D9811D.d.2A9AC092D519D7AEF4D1E07A42A5F81A.e.8260"}]}
COMMAND: POST /session/cf943d61b4ec37add412b20e5410361e/element - {"using":"css selector","value":"#shell-header-logo"}
COMMAND: GET /session/cf943d61b4ec37add412b20e5410361e/screenshot - {}
RESULT: {"using":"css selector","value":"#shell-header-logo"}
COMMAND: POST /session/cf943d61b4ec37add412b20e5410361e/element/f.8C1712D618BBFF0472B495C641D9811D.d.2A9AC092D519D7AEF4D1E07A42A5F81A.e.7569/click - {}
RESULT: {}
RESULT: {}
COMMAND: GET /session/cf943d61b4ec37add412b20e5410361e/screenshot - {}
RESULT: {}
COMMAND: POST /session/cf943d61b4ec37add412b20e5410361e/execute/sync - {"script":"<script> [299 bytes]","args":[["getModel","getResource"]]}
RESULT: {"script":"<script> [299 bytes]","args":[["getModel","getResource"]]}
]]></system-out>
    </testcase>
    <testcase classname="chrome.137_0_7151_69.windows.Provide_to_Site_w/o_warehouse_management_w/_clarification_US116605" name="Should create a new site" time="160.048">
      <system-out><![CDATA[
COMMAND: POST /session/cf943d61b4ec37add412b20e5410361e/execute/async - {"script":"<script> [1562 bytes]","args":[{"selector":{"controlType":"sap.m.GenericTile","properties":{"header":"Manage Sites"}},"wdio_ui5_key":"sapm.GenericTile{\"header\":\"Manage Sites\"}"}]}
COMMAND: GET /session/cf943d61b4ec37add412b20e5410361e/screenshot - {}
RESULT: {"script":"<script> [1562 bytes]","args":[{"selector":{"controlType":"sap.m.GenericTile","properties":{"header":"Manage Sites"}},"wdio_ui5_key":"sapm.GenericTile{\"header\":\"Manage Sites\"}"}]}
RESULT: undefined
COMMAND: POST /session/cf943d61b4ec37add412b20e5410361e/element - {"using":"xpath","value":"//*[@id=\"__tile32\"]"}
RESULT: {}
RESULT: {"using":"xpath","value":"//*[@id=\"__tile32\"]"}
COMMAND: POST /session/cf943d61b4ec37add412b20e5410361e/element/f.8C1712D618BBFF0472B495C641D9811D.d.2A9AC092D519D7AEF4D1E07A42A5F81A.e.6732/click - {}
RESULT: {}
COMMAND: GET /session/cf943d61b4ec37add412b20e5410361e/screenshot - {}
RESULT: {}
COMMAND: POST /session/cf943d61b4ec37add412b20e5410361e/elements - {"using":"xpath","value":"//span[text()='Error']"}
RESULT: {"using":"xpath","value":"//span[text()='Error']"}
COMMAND: POST /session/cf943d61b4ec37add412b20e5410361e/element - {"using":"xpath","value":"//button[@data-kt=\"addOverflowToolbarButton\"]"}
RESULT: {"using":"xpath","value":"//button[@data-kt=\"addOverflowToolbarButton\"]"}
COMMAND: POST /session/cf943d61b4ec37add412b20e5410361e/elements - {"using":"xpath","value":"//button[@data-kt=\"addOverflowToolbarButton\"]"}
RESULT: {"using":"xpath","value":"//button[@data-kt=\"addOverflowToolbarButton\"]"}
COMMAND: POST /session/cf943d61b4ec37add412b20e5410361e/execute/sync - {"script":"<script> [8489 bytes]","args":[{"element-6066-11e4-a52e-4f735466cecf":"f.8C1712D618BBFF0472B495C641D9811D.d.2A9AC092D519D7AEF4D1E07A42A5F81A.e.8307","ELEMENT":"f.8C1712D618BBFF0472B495C641D9811D.d.2A9AC092D519D7AEF4D1E07A42A5F81A.e.8307"}]}
RESULT: {"script":"<script> [8489 bytes]","args":[{"element-6066-11e4-a52e-4f735466cecf":"f.8C1712D618BBFF0472B495C641D9811D.d.2A9AC092D519D7AEF4D1E07A42A5F81A.e.8307","ELEMENT":"f.8C1712D618BBFF0472B495C641D9811D.d.2A9AC092D519D7AEF4D1E07A42A5F81A.e.8307"}]}
COMMAND: GET /session/cf943d61b4ec37add412b20e5410361e/element/f.8C1712D618BBFF0472B495C641D9811D.d.2A9AC092D519D7AEF4D1E07A42A5F81A.e.8307/enabled - {}
COMMAND: GET /session/cf943d61b4ec37add412b20e5410361e/screenshot - {}
RESULT: {}
COMMAND: POST /session/cf943d61b4ec37add412b20e5410361e/execute/sync - {"script":"<script> [8489 bytes]","args":[{"element-6066-11e4-a52e-4f735466cecf":"f.8C1712D618BBFF0472B495C641D9811D.d.2A9AC092D519D7AEF4D1E07A42A5F81A.e.8307","ELEMENT":"f.8C1712D618BBFF0472B495C641D9811D.d.2A9AC092D519D7AEF4D1E07A42A5F81A.e.8307"}]}
COMMAND: GET /session/cf943d61b4ec37add412b20e5410361e/screenshot - {}
RESULT: {}
RESULT: {"script":"<script> [8489 bytes]","args":[{"element-6066-11e4-a52e-4f735466cecf":"f.8C1712D618BBFF0472B495C641D9811D.d.2A9AC092D519D7AEF4D1E07A42A5F81A.e.8307","ELEMENT":"f.8C1712D618BBFF0472B495C641D9811D.d.2A9AC092D519D7AEF4D1E07A42A5F81A.e.8307"}]}
COMMAND: POST /session/cf943d61b4ec37add412b20e5410361e/execute/sync - {"script":"<script> [5351 bytes]","args":[{"element-6066-11e4-a52e-4f735466cecf":"f.8C1712D618BBFF0472B495C641D9811D.d.2A9AC092D519D7AEF4D1E07A42A5F81A.e.8307","ELEMENT":"f.8C1712D618BBFF0472B495C641D9811D.d.2A9AC092D519D7AEF4D1E07A42A5F81A.e.8307"}]}
COMMAND: GET /session/cf943d61b4ec37add412b20e5410361e/screenshot - {}
RESULT: {}
RESULT: {"script":"<script> [5351 bytes]","args":[{"element-6066-11e4-a52e-4f735466cecf":"f.8C1712D618BBFF0472B495C641D9811D.d.2A9AC092D519D7AEF4D1E07A42A5F81A.e.8307","ELEMENT":"f.8C1712D618BBFF0472B495C641D9811D.d.2A9AC092D519D7AEF4D1E07A42A5F81A.e.8307"}]}
COMMAND: POST /session/cf943d61b4ec37add412b20e5410361e/element/f.8C1712D618BBFF0472B495C641D9811D.d.2A9AC092D519D7AEF4D1E07A42A5F81A.e.8307/click - {}
COMMAND: GET /session/cf943d61b4ec37add412b20e5410361e/screenshot - {}
RESULT: {}
RESULT: {}
COMMAND: GET /session/cf943d61b4ec37add412b20e5410361e/screenshot - {}
COMMAND: POST /session/cf943d61b4ec37add412b20e5410361e/element - {"using":"xpath","value":"//input[@id=\"application-managesites-display-component---NewSite--siteId-inner\"]"}
RESULT: {}
RESULT: {}
RESULT: {"using":"xpath","value":"//input[@id=\"application-managesites-display-component---NewSite--siteId-inner\"]"}
COMMAND: POST /session/cf943d61b4ec37add412b20e5410361e/element - {"using":"xpath","value":"//input[@id=\"application-managesites-display-component---NewSite--siteId-inner\"]"}
RESULT: {"using":"xpath","value":"//input[@id=\"application-managesites-display-component---NewSite--siteId-inner\"]"}
COMMAND: POST /session/cf943d61b4ec37add412b20e5410361e/execute/async - {"script":"<script> [1562 bytes]","args":[{"selector":{"id":"application-managesites-display-component---NewSite--addressDetailDetailsName1","interaction":{"idSuffix":"inner"}},"wdio_ui5_key":"applicationmanagesites-display-component---NewSite--addressDetailDetailsName1"}]}
RESULT: {"script":"<script> [1562 bytes]","args":[{"selector":{"id":"application-managesites-display-component---NewSite--addressDetailDetailsName1","interaction":{"idSuffix":"inner"}},"wdio_ui5_key":"applicationmanagesites-display-component---NewSite--addressDetailDetailsName1"}]}
RESULT: undefined
COMMAND: POST /session/cf943d61b4ec37add412b20e5410361e/execute/async - {"script":"<script> [776 bytes]","args":[{"enterText":"Other Type Site WDIO","selector":{"id":"application-managesites-display-component---NewSite--addressDetailDetailsName1","interaction":{"idSuffix":"inner"}},"clearTextFirst":true,"interactionType":"ENTER_TEXT"}]}
RESULT: {"script":"<script> [776 bytes]","args":[{"enterText":"Other Type Site WDIO","selector":{"id":"application-managesites-display-component---NewSite--addressDetailDetailsName1","interaction":{"idSuffix":"inner"}},"clearTextFirst":true,"interactionType":"ENTER_TEXT"}]}
COMMAND: POST /session/cf943d61b4ec37add412b20e5410361e/execute/async - {"script":"<script> [1562 bytes]","args":[{"selector":{"id":"application-managesites-display-component---NewSite--addressDetailDetailsLanguage-arrow"},"wdio_ui5_key":"applicationmanagesites-display-component---NewSite--addressDetailDetailsLanguage-arrow"}]}
RESULT: {"script":"<script> [1562 bytes]","args":[{"selector":{"id":"application-managesites-display-component---NewSite--addressDetailDetailsLanguage-arrow"},"wdio_ui5_key":"applicationmanagesites-display-component---NewSite--addressDetailDetailsLanguage-arrow"}]}
RESULT: undefined
COMMAND: POST /session/cf943d61b4ec37add412b20e5410361e/element - {"using":"xpath","value":"//*[@id=\"application-managesites-display-component---NewSite--addressDetailDetailsLanguage-arrow\"]"}
RESULT: {"using":"xpath","value":"//*[@id=\"application-managesites-display-component---NewSite--addressDetailDetailsLanguage-arrow\"]"}
COMMAND: POST /session/cf943d61b4ec37add412b20e5410361e/element/f.8C1712D618BBFF0472B495C641D9811D.d.2A9AC092D519D7AEF4D1E07A42A5F81A.e.8705/click - {}
RESULT: {}
COMMAND: POST /session/cf943d61b4ec37add412b20e5410361e/element - {"using":"xpath","value":"//span[contains(text(), \"English\")]"}
COMMAND: GET /session/cf943d61b4ec37add412b20e5410361e/screenshot - {}
RESULT: {"using":"xpath","value":"//span[contains(text(), \"English\")]"}
COMMAND: POST /session/cf943d61b4ec37add412b20e5410361e/element/f.8C1712D618BBFF0472B495C641D9811D.d.2A9AC092D519D7AEF4D1E07A42A5F81A.e.8706/click - {}
RESULT: {}
RESULT: {}
COMMAND: POST /session/cf943d61b4ec37add412b20e5410361e/execute/async - {"script":"<script> [1562 bytes]","args":[{"selector":{"id":"application-managesites-display-component---NewSite--addressDetailDetailsCity1","interaction":{"idSuffix":"inner"}},"wdio_ui5_key":"applicationmanagesites-display-component---NewSite--addressDetailDetailsCity1"}]}
COMMAND: GET /session/cf943d61b4ec37add412b20e5410361e/screenshot - {}
RESULT: {"script":"<script> [1562 bytes]","args":[{"selector":{"id":"application-managesites-display-component---NewSite--addressDetailDetailsCity1","interaction":{"idSuffix":"inner"}},"wdio_ui5_key":"applicationmanagesites-display-component---NewSite--addressDetailDetailsCity1"}]}
RESULT: undefined
COMMAND: POST /session/cf943d61b4ec37add412b20e5410361e/execute/async - {"script":"<script> [776 bytes]","args":[{"enterText":"Rosario","selector":{"id":"application-managesites-display-component---NewSite--addressDetailDetailsCity1","interaction":{"idSuffix":"inner"}},"clearTextFirst":true,"interactionType":"ENTER_TEXT"}]}
RESULT: {}
RESULT: {"script":"<script> [776 bytes]","args":[{"enterText":"Rosario","selector":{"id":"application-managesites-display-component---NewSite--addressDetailDetailsCity1","interaction":{"idSuffix":"inner"}},"clearTextFirst":true,"interactionType":"ENTER_TEXT"}]}
COMMAND: POST /session/cf943d61b4ec37add412b20e5410361e/execute/async - {"script":"<script> [1562 bytes]","args":[{"selector":{"id":"application-managesites-display-component---NewSite--addressDetailDetailsCountry-arrow"},"wdio_ui5_key":"applicationmanagesites-display-component---NewSite--addressDetailDetailsCountry-arrow"}]}
RESULT: {"script":"<script> [1562 bytes]","args":[{"selector":{"id":"application-managesites-display-component---NewSite--addressDetailDetailsCountry-arrow"},"wdio_ui5_key":"applicationmanagesites-display-component---NewSite--addressDetailDetailsCountry-arrow"}]}
RESULT: undefined
COMMAND: POST /session/cf943d61b4ec37add412b20e5410361e/element - {"using":"xpath","value":"//*[@id=\"application-managesites-display-component---NewSite--addressDetailDetailsCountry-arrow\"]"}
RESULT: {"using":"xpath","value":"//*[@id=\"application-managesites-display-component---NewSite--addressDetailDetailsCountry-arrow\"]"}
COMMAND: POST /session/cf943d61b4ec37add412b20e5410361e/element/f.8C1712D618BBFF0472B495C641D9811D.d.2A9AC092D519D7AEF4D1E07A42A5F81A.e.8708/click - {}
RESULT: {}
COMMAND: POST /session/cf943d61b4ec37add412b20e5410361e/element - {"using":"xpath","value":"//span[contains(text(), \"Argentina\")]"}
COMMAND: GET /session/cf943d61b4ec37add412b20e5410361e/screenshot - {}
RESULT: {}
RESULT: {"using":"xpath","value":"//span[contains(text(), \"Argentina\")]"}
COMMAND: POST /session/cf943d61b4ec37add412b20e5410361e/element/f.8C1712D618BBFF0472B495C641D9811D.d.2A9AC092D519D7AEF4D1E07A42A5F81A.e.8710/click - {}
RESULT: {}
COMMAND: GET /session/cf943d61b4ec37add412b20e5410361e/screenshot - {}
RESULT: {}
COMMAND: POST /session/cf943d61b4ec37add412b20e5410361e/execute/async - {"script":"<script> [1562 bytes]","args":[{"selector":{"id":"application-managesites-display-component---NewSite--addressEditDetailsCostObjectCstType-arrow"},"wdio_ui5_key":"applicationmanagesites-display-component---NewSite--addressEditDetailsCostObjectCstType-arrow"}]}
RESULT: {"script":"<script> [1562 bytes]","args":[{"selector":{"id":"application-managesites-display-component---NewSite--addressEditDetailsCostObjectCstType-arrow"},"wdio_ui5_key":"applicationmanagesites-display-component---NewSite--addressEditDetailsCostObjectCstType-arrow"}]}
RESULT: undefined
COMMAND: POST /session/cf943d61b4ec37add412b20e5410361e/element - {"using":"xpath","value":"//*[@id=\"application-managesites-display-component---NewSite--addressEditDetailsCostObjectCstType-arrow\"]"}
RESULT: {"using":"xpath","value":"//*[@id=\"application-managesites-display-component---NewSite--addressEditDetailsCostObjectCstType-arrow\"]"}
COMMAND: POST /session/cf943d61b4ec37add412b20e5410361e/element/f.8C1712D618BBFF0472B495C641D9811D.d.2A9AC092D519D7AEF4D1E07A42A5F81A.e.8711/click - {}
RESULT: {}
COMMAND: POST /session/cf943d61b4ec37add412b20e5410361e/element - {"using":"xpath","value":"//span[contains(text(), \"Cost Center\")]"}
COMMAND: GET /session/cf943d61b4ec37add412b20e5410361e/screenshot - {}
RESULT: {"using":"xpath","value":"//span[contains(text(), \"Cost Center\")]"}
COMMAND: POST /session/cf943d61b4ec37add412b20e5410361e/element/f.8C1712D618BBFF0472B495C641D9811D.d.2A9AC092D519D7AEF4D1E07A42A5F81A.e.8712/click - {}
RESULT: {}
RESULT: {}
COMMAND: GET /session/cf943d61b4ec37add412b20e5410361e/screenshot - {}
RESULT: {}
COMMAND: POST /session/cf943d61b4ec37add412b20e5410361e/element - {"using":"xpath","value":"//span[@id=\"application-managesites-display-component---NewSite--addressNewCostObjectCstID-vhi\"]"}
RESULT: {"using":"xpath","value":"//span[@id=\"application-managesites-display-component---NewSite--addressNewCostObjectCstID-vhi\"]"}
COMMAND: POST /session/cf943d61b4ec37add412b20e5410361e/execute/sync - {"script":"<script> [8489 bytes]","args":[{"element-6066-11e4-a52e-4f735466cecf":"f.8C1712D618BBFF0472B495C641D9811D.d.2A9AC092D519D7AEF4D1E07A42A5F81A.e.8717","ELEMENT":"f.8C1712D618BBFF0472B495C641D9811D.d.2A9AC092D519D7AEF4D1E07A42A5F81A.e.8717"}]}
RESULT: {"script":"<script> [8489 bytes]","args":[{"element-6066-11e4-a52e-4f735466cecf":"f.8C1712D618BBFF0472B495C641D9811D.d.2A9AC092D519D7AEF4D1E07A42A5F81A.e.8717","ELEMENT":"f.8C1712D618BBFF0472B495C641D9811D.d.2A9AC092D519D7AEF4D1E07A42A5F81A.e.8717"}]}
COMMAND: POST /session/cf943d61b4ec37add412b20e5410361e/execute/async - {"script":"<script> [1562 bytes]","args":[{"selector":{"id":"application-managesites-display-component---NewSite--addressNewCostObjectCstID-vhi"},"wdio_ui5_key":"applicationmanagesites-display-component---NewSite--addressNewCostObjectCstID-vhi"}]}
COMMAND: GET /session/cf943d61b4ec37add412b20e5410361e/screenshot - {}
RESULT: {"script":"<script> [1562 bytes]","args":[{"selector":{"id":"application-managesites-display-component---NewSite--addressNewCostObjectCstID-vhi"},"wdio_ui5_key":"applicationmanagesites-display-component---NewSite--addressNewCostObjectCstID-vhi"}]}
RESULT: undefined
COMMAND: POST /session/cf943d61b4ec37add412b20e5410361e/element - {"using":"xpath","value":"//*[@id=\"application-managesites-display-component---NewSite--addressNewCostObjectCstID-vhi\"]"}
RESULT: {}
RESULT: {"using":"xpath","value":"//*[@id=\"application-managesites-display-component---NewSite--addressNewCostObjectCstID-vhi\"]"}
COMMAND: POST /session/cf943d61b4ec37add412b20e5410361e/element/f.8C1712D618BBFF0472B495C641D9811D.d.2A9AC092D519D7AEF4D1E07A42A5F81A.e.8717/click - {}
RESULT: {}
COMMAND: GET /session/cf943d61b4ec37add412b20e5410361e/screenshot - {}
RESULT: {}
RESULT: undefined
COMMAND: POST /session/cf943d61b4ec37add412b20e5410361e/execute/async - {"script":"<script> [776 bytes]","args":[{"enterText":"10001013","selector":{"controlType":"sap.m.SearchField","properties":{"placeholder":"Search"},"searchOpenDialogs":true,"interaction":{"idSuffix":"I"}},"clearTextFirst":true,"interactionType":"ENTER_TEXT"}]}
RESULT: {"script":"<script> [776 bytes]","args":[{"enterText":"10001013","selector":{"controlType":"sap.m.SearchField","properties":{"placeholder":"Search"},"searchOpenDialogs":true,"interaction":{"idSuffix":"I"}},"clearTextFirst":true,"interactionType":"ENTER_TEXT"}]}
COMMAND: POST /session/cf943d61b4ec37add412b20e5410361e/actions - {"actions":[{"id":"action28","type":"key","parameters":{},"actions":[{"type":"keyDown","value":"î€‡"},{"type":"pause","duration":10},{"type":"keyUp","value":"î€‡"}]}]}
RESULT: {"actions":[{"id":"action28","type":"key","parameters":{},"actions":[{"type":"keyDown","value":"î€‡"},{"type":"pause","duration":10},{"type":"keyUp","value":"î€‡"}]}]}
COMMAND: GET /session/cf943d61b4ec37add412b20e5410361e/screenshot - {}
RESULT: {}
COMMAND: POST /session/cf943d61b4ec37add412b20e5410361e/element - {"using":"xpath","value":"//span[contains(text(), \"General Management\")]"}
RESULT: {"using":"xpath","value":"//span[contains(text(), \"General Management\")]"}
COMMAND: POST /session/cf943d61b4ec37add412b20e5410361e/element/f.8C1712D618BBFF0472B495C641D9811D.d.2A9AC092D519D7AEF4D1E07A42A5F81A.e.8756/click - {}
RESULT: {}
COMMAND: GET /session/cf943d61b4ec37add412b20e5410361e/screenshot - {}
RESULT: {}
COMMAND: POST /session/cf943d61b4ec37add412b20e5410361e/element - {"using":"xpath","value":"//bdi[contains(text(), \"OK\")]"}
RESULT: {"using":"xpath","value":"//bdi[contains(text(), \"OK\")]"}
COMMAND: POST /session/cf943d61b4ec37add412b20e5410361e/element/f.8C1712D618BBFF0472B495C641D9811D.d.2A9AC092D519D7AEF4D1E07A42A5F81A.e.8757/click - {}
RESULT: {}
COMMAND: GET /session/cf943d61b4ec37add412b20e5410361e/screenshot - {}
RESULT: {}
COMMAND: POST /session/cf943d61b4ec37add412b20e5410361e/element - {"using":"xpath","value":"//input[@id=\"application-managesites-display-component---NewSite--addressDetailDetailsCalendar-inner\"]"}
RESULT: {"using":"xpath","value":"//input[@id=\"application-managesites-display-component---NewSite--addressDetailDetailsCalendar-inner\"]"}
COMMAND: POST /session/cf943d61b4ec37add412b20e5410361e/element/f.8C1712D618BBFF0472B495C641D9811D.d.2A9AC092D519D7AEF4D1E07A42A5F81A.e.8528/clear - {}
RESULT: {}
COMMAND: POST /session/cf943d61b4ec37add412b20e5410361e/element/f.8C1712D618BBFF0472B495C641D9811D.d.2A9AC092D519D7AEF4D1E07A42A5F81A.e.8528/value - {"text":"Unit"}
COMMAND: GET /session/cf943d61b4ec37add412b20e5410361e/screenshot - {}
RESULT: {"text":"Unit"}
COMMAND: GET /session/cf943d61b4ec37add412b20e5410361e/screenshot - {}
RESULT: {}
RESULT: {}
COMMAND: POST /session/cf943d61b4ec37add412b20e5410361e/actions - {"actions":[{"id":"action29","type":"key","parameters":{},"actions":[{"type":"keyDown","value":"î€‡"},{"type":"pause","duration":10},{"type":"keyUp","value":"î€‡"}]}]}
RESULT: {"actions":[{"id":"action29","type":"key","parameters":{},"actions":[{"type":"keyDown","value":"î€‡"},{"type":"pause","duration":10},{"type":"keyUp","value":"î€‡"}]}]}
COMMAND: POST /session/cf943d61b4ec37add412b20e5410361e/element - {"using":"xpath","value":"//input[@id=\"application-managesites-display-component---NewSite--addressDetailDetailsYard-inner\"]"}
COMMAND: GET /session/cf943d61b4ec37add412b20e5410361e/screenshot - {}
RESULT: {"using":"xpath","value":"//input[@id=\"application-managesites-display-component---NewSite--addressDetailDetailsYard-inner\"]"}
COMMAND: POST /session/cf943d61b4ec37add412b20e5410361e/element/f.8C1712D618BBFF0472B495C641D9811D.d.2A9AC092D519D7AEF4D1E07A42A5F81A.e.8529/clear - {}
RESULT: {}
RESULT: {}
COMMAND: POST /session/cf943d61b4ec37add412b20e5410361e/element/f.8C1712D618BBFF0472B495C641D9811D.d.2A9AC092D519D7AEF4D1E07A42A5F81A.e.8529/value - {"text":"685"}
COMMAND: GET /session/cf943d61b4ec37add412b20e5410361e/screenshot - {}
RESULT: {"text":"685"}
COMMAND: GET /session/cf943d61b4ec37add412b20e5410361e/screenshot - {}
RESULT: {}
RESULT: {}
COMMAND: POST /session/cf943d61b4ec37add412b20e5410361e/element - {"using":"xpath","value":"//li[.//span[text()='685']]"}
RESULT: {"using":"xpath","value":"//li[.//span[text()='685']]"}
COMMAND: POST /session/cf943d61b4ec37add412b20e5410361e/element/f.8C1712D618BBFF0472B495C641D9811D.d.2A9AC092D519D7AEF4D1E07A42A5F81A.e.8765/click - {}
RESULT: {}
COMMAND: GET /session/cf943d61b4ec37add412b20e5410361e/screenshot - {}
RESULT: {}
COMMAND: POST /session/cf943d61b4ec37add412b20e5410361e/element - {"using":"xpath","value":"//input[@id=\"application-managesites-display-component---NewSite--addressDetailDetailsPartner-inner\"]"}
RESULT: {"using":"xpath","value":"//input[@id=\"application-managesites-display-component---NewSite--addressDetailDetailsPartner-inner\"]"}
COMMAND: POST /session/cf943d61b4ec37add412b20e5410361e/element - {"using":"xpath","value":"//input[@id=\"application-managesites-display-component---NewSite--addressDetailDetailsPartner-inner\"]"}
RESULT: {"using":"xpath","value":"//input[@id=\"application-managesites-display-component---NewSite--addressDetailDetailsPartner-inner\"]"}
COMMAND: POST /session/cf943d61b4ec37add412b20e5410361e/element - {"using":"xpath","value":"//button[@data-kt=\"saveButton\"]"}
RESULT: {"using":"xpath","value":"//button[@data-kt=\"saveButton\"]"}
COMMAND: POST /session/cf943d61b4ec37add412b20e5410361e/element/f.8C1712D618BBFF0472B495C641D9811D.d.2A9AC092D519D7AEF4D1E07A42A5F81A.e.8698/click - {}
RESULT: {}
COMMAND: GET /session/cf943d61b4ec37add412b20e5410361e/screenshot - {}
RESULT: {}
COMMAND: POST /session/cf943d61b4ec37add412b20e5410361e/element - {"using":"xpath","value":"//header[contains(@id, 'ObjectPageLayout-headerTitle')]/div[1]/div[2]/div[2]/span[1]"}
RESULT: {"using":"xpath","value":"//header[contains(@id, 'ObjectPageLayout-headerTitle')]/div[1]/div[2]/div[2]/span[1]"}
COMMAND: POST /session/cf943d61b4ec37add412b20e5410361e/elements - {"using":"xpath","value":"//header[contains(@id, 'ObjectPageLayout-headerTitle')]/div[1]/div[2]/div[2]/span[1]"}
RESULT: {"using":"xpath","value":"//header[contains(@id, 'ObjectPageLayout-headerTitle')]/div[1]/div[2]/div[2]/span[1]"}
COMMAND: POST /session/cf943d61b4ec37add412b20e5410361e/execute/sync - {"script":"<script> [56 bytes]","args":[{"element-6066-11e4-a52e-4f735466cecf":"f.8C1712D618BBFF0472B495C641D9811D.d.2A9AC092D519D7AEF4D1E07A42A5F81A.e.8970","ELEMENT":"f.8C1712D618BBFF0472B495C641D9811D.d.2A9AC092D519D7AEF4D1E07A42A5F81A.e.8970"}]}
RESULT: {"script":"<script> [56 bytes]","args":[{"element-6066-11e4-a52e-4f735466cecf":"f.8C1712D618BBFF0472B495C641D9811D.d.2A9AC092D519D7AEF4D1E07A42A5F81A.e.8970","ELEMENT":"f.8C1712D618BBFF0472B495C641D9811D.d.2A9AC092D519D7AEF4D1E07A42A5F81A.e.8970"}]}
COMMAND: POST /session/cf943d61b4ec37add412b20e5410361e/element - {"using":"css selector","value":"#shell-header-logo"}
COMMAND: GET /session/cf943d61b4ec37add412b20e5410361e/screenshot - {}
RESULT: {"using":"css selector","value":"#shell-header-logo"}
COMMAND: POST /session/cf943d61b4ec37add412b20e5410361e/element/f.8C1712D618BBFF0472B495C641D9811D.d.2A9AC092D519D7AEF4D1E07A42A5F81A.e.8264/click - {}
RESULT: {}
RESULT: {}
COMMAND: GET /session/cf943d61b4ec37add412b20e5410361e/screenshot - {}
RESULT: {}
COMMAND: POST /session/cf943d61b4ec37add412b20e5410361e/execute/sync - {"script":"<script> [299 bytes]","args":[["getModel","getResource"]]}
RESULT: {"script":"<script> [299 bytes]","args":[["getModel","getResource"]]}
COMMAND: POST /session/cf943d61b4ec37add412b20e5410361e/actions - {"actions":[{"id":"action30","type":"key","parameters":{},"actions":[{"type":"keyDown","value":"î€‡"},{"type":"pause","duration":10},{"type":"keyUp","value":"î€‡"}]}]}
COMMAND: GET /session/cf943d61b4ec37add412b20e5410361e/screenshot - {}
RESULT: {"actions":[{"id":"action30","type":"key","parameters":{},"actions":[{"type":"keyDown","value":"î€‡"},{"type":"pause","duration":10},{"type":"keyUp","value":"î€‡"}]}]}
COMMAND: GET /session/cf943d61b4ec37add412b20e5410361e/screenshot - {}
RESULT: {}
RESULT: {}
COMMAND: POST /session/cf943d61b4ec37add412b20e5410361e/refresh - {}
RESULT: {}
COMMAND: GET /session/cf943d61b4ec37add412b20e5410361e/screenshot - {}
RESULT: {}
COMMAND: POST /session/cf943d61b4ec37add412b20e5410361e/refresh - {}
RESULT: {}
COMMAND: GET /session/cf943d61b4ec37add412b20e5410361e/screenshot - {}
RESULT: {}
COMMAND: POST /session/cf943d61b4ec37add412b20e5410361e/window/fullscreen - {}
RESULT: {}
COMMAND: POST /session/cf943d61b4ec37add412b20e5410361e/execute/async - {"script":"<script> [189 bytes]","args":[]}
RESULT: {"script":"<script> [189 bytes]","args":[]}
COMMAND: POST /session/cf943d61b4ec37add412b20e5410361e/execute/async - {"script":"<script> [123 bytes]","args":[]}
RESULT: {"script":"<script> [123 bytes]","args":[]}
COMMAND: POST /session/cf943d61b4ec37add412b20e5410361e/timeouts - {"script":"<number>"}
RESULT: {"script":"<number>"}
COMMAND: GET /session/cf943d61b4ec37add412b20e5410361e/timeouts - {}
RESULT: {}
RESULT: undefined
COMMAND: POST /session/cf943d61b4ec37add412b20e5410361e/execute/async - {"script":"<script> [2676 bytes]","args":[]}
RESULT: {"script":"<script> [2676 bytes]","args":[]}
COMMAND: POST /session/cf943d61b4ec37add412b20e5410361e/execute/async - {"script":"<script> [2342 bytes]","args":[{"protocol":"http","hostname":"0.0.0.0","path":"/","capabilities":{"browserName":"chrome","goog:chromeOptions":{"binary":"C:\\Program Files\\Google\\Chrome\\Application\\chrome.exe","args":["--start-maximized"]}},"logLevel":"warn","connectionRetryTimeout":120000,"connectionRetryCount":3,"logLevels":{},"enableDirectConnect":true,"strictSSL":true,"_":"65 more keys: [\"cacheDir\",\"port\",\"requestedCapabilities\",\"automationProtocol\",\"baseUrl\",\"waitforInterval\",\"waitforTimeout\",\"onReload\",\"beforeCommand\",\"afterCommand\",\"rootDir\",\"specs\",\"suites\",\"exclude\",\"groupLogsByTestSpec\",\"excludeDriverLogs\",\"bail\",\"framework\",\"reporters\",\"services\",\"maxInstances\",\"maxInstancesPerCapability\",\"injectGlobals\",\"filesToWatch\",\"execArgv\",\"runnerEnv\",\"runner\",\"shard\",\"specFileRetries\",\"specFileRetriesDelay\",\"specFileRetriesDeferred\",\"reporterSyncInterval\",\"reporterSyncTimeout\",\"cucumberFeaturesWithLineNumbers\",\"autoCompileOpts\",\"mochaOpts\",\"jasmineOpts\",\"cucumberOpts\",\"onPrepare\",\"onWorkerStart\",\"onWorkerEnd\",\"before\",\"beforeSession\",\"beforeSuite\",\"beforeHook\",\"beforeTest\",\"afterTest\",\"afterHook\",\"afterSuite\",\"afterSession\",\"after\",\"onComplete\",\"beforeAssertion\",\"afterAssertion\",\"beforeFeature\",\"beforeScenario\",\"beforeStep\",\"afterStep\",\"afterScenario\",\"afterFeature\",\"_\",\"suite\",\"$0\",\"ignoredWorkerServices\",\"wdi5\"]"}]}
RESULT: {"script":"<script> [2342 bytes]","args":[{"protocol":"http","hostname":"0.0.0.0","path":"/","capabilities":{"browserName":"chrome","goog:chromeOptions":{"binary":"C:\\Program Files\\Google\\Chrome\\Application\\chrome.exe","args":["--start-maximized"]}},"logLevel":"warn","connectionRetryTimeout":120000,"connectionRetryCount":3,"logLevels":{},"enableDirectConnect":true,"strictSSL":true,"_":"65 more keys: [\"cacheDir\",\"port\",\"requestedCapabilities\",\"automationProtocol\",\"baseUrl\",\"waitforInterval\",\"waitforTimeout\",\"onReload\",\"beforeCommand\",\"afterCommand\",\"rootDir\",\"specs\",\"suites\",\"exclude\",\"groupLogsByTestSpec\",\"excludeDriverLogs\",\"bail\",\"framework\",\"reporters\",\"services\",\"maxInstances\",\"maxInstancesPerCapability\",\"injectGlobals\",\"filesToWatch\",\"execArgv\",\"runnerEnv\",\"runner\",\"shard\",\"specFileRetries\",\"specFileRetriesDelay\",\"specFileRetriesDeferred\",\"reporterSyncInterval\",\"reporterSyncTimeout\",\"cucumberFeaturesWithLineNumbers\",\"autoCompileOpts\",\"mochaOpts\",\"jasmineOpts\",\"cucumberOpts\",\"onPrepare\",\"onWorkerStart\",\"onWorkerEnd\",\"before\",\"beforeSession\",\"beforeSuite\",\"beforeHook\",\"beforeTest\",\"afterTest\",\"afterHook\",\"afterSuite\",\"afterSession\",\"after\",\"onComplete\",\"beforeAssertion\",\"afterAssertion\",\"beforeFeature\",\"beforeScenario\",\"beforeStep\",\"afterStep\",\"afterScenario\",\"afterFeature\",\"_\",\"suite\",\"$0\",\"ignoredWorkerServices\",\"wdi5\"]"}]}
COMMAND: POST /session/cf943d61b4ec37add412b20e5410361e/execute/async - {"script":"<script> [21126 bytes]","args":[35000]}
RESULT: {"script":"<script> [21126 bytes]","args":[35000]}
COMMAND: POST /session/cf943d61b4ec37add412b20e5410361e/window/fullscreen - {}
RESULT: {}
]]></system-out>
    </testcase>
    <testcase classname="chrome.137_0_7151_69.windows.Provide_to_Site_w/o_warehouse_management_w/_clarification_US116605" name="Should create a new material" time="129.568">
      <system-out><![CDATA[
COMMAND: POST /session/cf943d61b4ec37add412b20e5410361e/execute/async - {"script":"<script> [1562 bytes]","args":[{"selector":{"controlType":"sap.m.GenericTile","properties":{"header":"Manage Resources"}},"wdio_ui5_key":"sapm.GenericTile{\"header\":\"Manage Resources\"}"}]}
RESULT: {"script":"<script> [1562 bytes]","args":[{"selector":{"controlType":"sap.m.GenericTile","properties":{"header":"Manage Resources"}},"wdio_ui5_key":"sapm.GenericTile{\"header\":\"Manage Resources\"}"}]}
RESULT: undefined
COMMAND: POST /session/cf943d61b4ec37add412b20e5410361e/element - {"using":"xpath","value":"//*[@id=\"__tile31\"]"}
RESULT: {"using":"xpath","value":"//*[@id=\"__tile31\"]"}
COMMAND: POST /session/cf943d61b4ec37add412b20e5410361e/element/f.8C1712D618BBFF0472B495C641D9811D.d.9ACFC7F1F22BCEF94DDD831D24371A07.e.9045/click - {}
RESULT: {}
COMMAND: GET /session/cf943d61b4ec37add412b20e5410361e/screenshot - {}
RESULT: {}
COMMAND: POST /session/cf943d61b4ec37add412b20e5410361e/elements - {"using":"xpath","value":"//span[text()='Error']"}
RESULT: {"using":"xpath","value":"//span[text()='Error']"}
COMMAND: POST /session/cf943d61b4ec37add412b20e5410361e/element - {"using":"xpath","value":"//button[@data-kt=\"addNewRUOverflowToolbarButton\"]"}
RESULT: {"using":"xpath","value":"//button[@data-kt=\"addNewRUOverflowToolbarButton\"]"}
COMMAND: POST /session/cf943d61b4ec37add412b20e5410361e/elements - {"using":"xpath","value":"//button[@data-kt=\"addNewRUOverflowToolbarButton\"]"}
RESULT: {"using":"xpath","value":"//button[@data-kt=\"addNewRUOverflowToolbarButton\"]"}
COMMAND: POST /session/cf943d61b4ec37add412b20e5410361e/elements - {"using":"xpath","value":"//button[@data-kt=\"addNewRUOverflowToolbarButton\"]"}
RESULT: {"using":"xpath","value":"//button[@data-kt=\"addNewRUOverflowToolbarButton\"]"}
COMMAND: POST /session/cf943d61b4ec37add412b20e5410361e/elements - {"using":"xpath","value":"//button[@data-kt=\"addNewRUOverflowToolbarButton\"]"}
RESULT: {"using":"xpath","value":"//button[@data-kt=\"addNewRUOverflowToolbarButton\"]"}
COMMAND: POST /session/cf943d61b4ec37add412b20e5410361e/elements - {"using":"xpath","value":"//button[@data-kt=\"addNewRUOverflowToolbarButton\"]"}
RESULT: {"using":"xpath","value":"//button[@data-kt=\"addNewRUOverflowToolbarButton\"]"}
COMMAND: POST /session/cf943d61b4ec37add412b20e5410361e/elements - {"using":"xpath","value":"//button[@data-kt=\"addNewRUOverflowToolbarButton\"]"}
RESULT: {"using":"xpath","value":"//button[@data-kt=\"addNewRUOverflowToolbarButton\"]"}
COMMAND: POST /session/cf943d61b4ec37add412b20e5410361e/elements - {"using":"xpath","value":"//button[@data-kt=\"addNewRUOverflowToolbarButton\"]"}
RESULT: {"using":"xpath","value":"//button[@data-kt=\"addNewRUOverflowToolbarButton\"]"}
COMMAND: POST /session/cf943d61b4ec37add412b20e5410361e/elements - {"using":"xpath","value":"//button[@data-kt=\"addNewRUOverflowToolbarButton\"]"}
RESULT: {"using":"xpath","value":"//button[@data-kt=\"addNewRUOverflowToolbarButton\"]"}
COMMAND: POST /session/cf943d61b4ec37add412b20e5410361e/elements - {"using":"xpath","value":"//button[@data-kt=\"addNewRUOverflowToolbarButton\"]"}
RESULT: {"using":"xpath","value":"//button[@data-kt=\"addNewRUOverflowToolbarButton\"]"}
COMMAND: POST /session/cf943d61b4ec37add412b20e5410361e/elements - {"using":"xpath","value":"//button[@data-kt=\"addNewRUOverflowToolbarButton\"]"}
RESULT: {"using":"xpath","value":"//button[@data-kt=\"addNewRUOverflowToolbarButton\"]"}
COMMAND: POST /session/cf943d61b4ec37add412b20e5410361e/elements - {"using":"xpath","value":"//button[@data-kt=\"addNewRUOverflowToolbarButton\"]"}
RESULT: {"using":"xpath","value":"//button[@data-kt=\"addNewRUOverflowToolbarButton\"]"}
COMMAND: POST /session/cf943d61b4ec37add412b20e5410361e/elements - {"using":"xpath","value":"//button[@data-kt=\"addNewRUOverflowToolbarButton\"]"}
RESULT: {"using":"xpath","value":"//button[@data-kt=\"addNewRUOverflowToolbarButton\"]"}
COMMAND: POST /session/cf943d61b4ec37add412b20e5410361e/elements - {"using":"xpath","value":"//button[@data-kt=\"addNewRUOverflowToolbarButton\"]"}
RESULT: {"using":"xpath","value":"//button[@data-kt=\"addNewRUOverflowToolbarButton\"]"}
COMMAND: POST /session/cf943d61b4ec37add412b20e5410361e/elements - {"using":"xpath","value":"//button[@data-kt=\"addNewRUOverflowToolbarButton\"]"}
RESULT: {"using":"xpath","value":"//button[@data-kt=\"addNewRUOverflowToolbarButton\"]"}
COMMAND: POST /session/cf943d61b4ec37add412b20e5410361e/elements - {"using":"xpath","value":"//button[@data-kt=\"addNewRUOverflowToolbarButton\"]"}
RESULT: {"using":"xpath","value":"//button[@data-kt=\"addNewRUOverflowToolbarButton\"]"}
COMMAND: POST /session/cf943d61b4ec37add412b20e5410361e/elements - {"using":"xpath","value":"//button[@data-kt=\"addNewRUOverflowToolbarButton\"]"}
RESULT: {"using":"xpath","value":"//button[@data-kt=\"addNewRUOverflowToolbarButton\"]"}
COMMAND: POST /session/cf943d61b4ec37add412b20e5410361e/elements - {"using":"xpath","value":"//button[@data-kt=\"addNewRUOverflowToolbarButton\"]"}
RESULT: {"using":"xpath","value":"//button[@data-kt=\"addNewRUOverflowToolbarButton\"]"}
COMMAND: POST /session/cf943d61b4ec37add412b20e5410361e/elements - {"using":"xpath","value":"//button[@data-kt=\"addNewRUOverflowToolbarButton\"]"}
RESULT: {"using":"xpath","value":"//button[@data-kt=\"addNewRUOverflowToolbarButton\"]"}
COMMAND: POST /session/cf943d61b4ec37add412b20e5410361e/elements - {"using":"xpath","value":"//button[@data-kt=\"addNewRUOverflowToolbarButton\"]"}
RESULT: {"using":"xpath","value":"//button[@data-kt=\"addNewRUOverflowToolbarButton\"]"}
COMMAND: POST /session/cf943d61b4ec37add412b20e5410361e/elements - {"using":"xpath","value":"//button[@data-kt=\"addNewRUOverflowToolbarButton\"]"}
RESULT: {"using":"xpath","value":"//button[@data-kt=\"addNewRUOverflowToolbarButton\"]"}
COMMAND: POST /session/cf943d61b4ec37add412b20e5410361e/elements - {"using":"xpath","value":"//button[@data-kt=\"addNewRUOverflowToolbarButton\"]"}
RESULT: {"using":"xpath","value":"//button[@data-kt=\"addNewRUOverflowToolbarButton\"]"}
COMMAND: POST /session/cf943d61b4ec37add412b20e5410361e/elements - {"using":"xpath","value":"//button[@data-kt=\"addNewRUOverflowToolbarButton\"]"}
RESULT: {"using":"xpath","value":"//button[@data-kt=\"addNewRUOverflowToolbarButton\"]"}
COMMAND: POST /session/cf943d61b4ec37add412b20e5410361e/elements - {"using":"xpath","value":"//button[@data-kt=\"addNewRUOverflowToolbarButton\"]"}
RESULT: {"using":"xpath","value":"//button[@data-kt=\"addNewRUOverflowToolbarButton\"]"}
COMMAND: POST /session/cf943d61b4ec37add412b20e5410361e/element - {"using":"xpath","value":"//button[@data-kt=\"addNewRUOverflowToolbarButton\"]"}
RESULT: {"using":"xpath","value":"//button[@data-kt=\"addNewRUOverflowToolbarButton\"]"}
COMMAND: POST /session/cf943d61b4ec37add412b20e5410361e/execute/sync - {"script":"<script> [8489 bytes]","args":[{"element-6066-11e4-a52e-4f735466cecf":"f.8C1712D618BBFF0472B495C641D9811D.d.9ACFC7F1F22BCEF94DDD831D24371A07.e.9152","ELEMENT":"f.8C1712D618BBFF0472B495C641D9811D.d.9ACFC7F1F22BCEF94DDD831D24371A07.e.9152"}]}
RESULT: {"script":"<script> [8489 bytes]","args":[{"element-6066-11e4-a52e-4f735466cecf":"f.8C1712D618BBFF0472B495C641D9811D.d.9ACFC7F1F22BCEF94DDD831D24371A07.e.9152","ELEMENT":"f.8C1712D618BBFF0472B495C641D9811D.d.9ACFC7F1F22BCEF94DDD831D24371A07.e.9152"}]}
COMMAND: GET /session/cf943d61b4ec37add412b20e5410361e/element/f.8C1712D618BBFF0472B495C641D9811D.d.9ACFC7F1F22BCEF94DDD831D24371A07.e.9152/enabled - {}
COMMAND: GET /session/cf943d61b4ec37add412b20e5410361e/screenshot - {}
RESULT: {}
COMMAND: POST /session/cf943d61b4ec37add412b20e5410361e/execute/sync - {"script":"<script> [8489 bytes]","args":[{"element-6066-11e4-a52e-4f735466cecf":"f.8C1712D618BBFF0472B495C641D9811D.d.9ACFC7F1F22BCEF94DDD831D24371A07.e.9152","ELEMENT":"f.8C1712D618BBFF0472B495C641D9811D.d.9ACFC7F1F22BCEF94DDD831D24371A07.e.9152"}]}
COMMAND: GET /session/cf943d61b4ec37add412b20e5410361e/screenshot - {}
RESULT: {}
RESULT: {"script":"<script> [8489 bytes]","args":[{"element-6066-11e4-a52e-4f735466cecf":"f.8C1712D618BBFF0472B495C641D9811D.d.9ACFC7F1F22BCEF94DDD831D24371A07.e.9152","ELEMENT":"f.8C1712D618BBFF0472B495C641D9811D.d.9ACFC7F1F22BCEF94DDD831D24371A07.e.9152"}]}
COMMAND: POST /session/cf943d61b4ec37add412b20e5410361e/execute/sync - {"script":"<script> [5351 bytes]","args":[{"element-6066-11e4-a52e-4f735466cecf":"f.8C1712D618BBFF0472B495C641D9811D.d.9ACFC7F1F22BCEF94DDD831D24371A07.e.9152","ELEMENT":"f.8C1712D618BBFF0472B495C641D9811D.d.9ACFC7F1F22BCEF94DDD831D24371A07.e.9152"}]}
COMMAND: GET /session/cf943d61b4ec37add412b20e5410361e/screenshot - {}
RESULT: {}
RESULT: {"script":"<script> [5351 bytes]","args":[{"element-6066-11e4-a52e-4f735466cecf":"f.8C1712D618BBFF0472B495C641D9811D.d.9ACFC7F1F22BCEF94DDD831D24371A07.e.9152","ELEMENT":"f.8C1712D618BBFF0472B495C641D9811D.d.9ACFC7F1F22BCEF94DDD831D24371A07.e.9152"}]}
COMMAND: POST /session/cf943d61b4ec37add412b20e5410361e/element/f.8C1712D618BBFF0472B495C641D9811D.d.9ACFC7F1F22BCEF94DDD831D24371A07.e.9152/click - {}
COMMAND: GET /session/cf943d61b4ec37add412b20e5410361e/screenshot - {}
RESULT: {}
RESULT: {}
COMMAND: GET /session/cf943d61b4ec37add412b20e5410361e/screenshot - {}
RESULT: {}
RESULT: {}
COMMAND: POST /session/cf943d61b4ec37add412b20e5410361e/execute/async - {"script":"<script> [1562 bytes]","args":[{"selector":{"id":"application-manageresources-display-component---newResourceUnit--TYPE-arrow"},"wdio_ui5_key":"applicationmanageresources-display-component---newResourceUnit--TYPE-arrow"}]}
RESULT: {"script":"<script> [1562 bytes]","args":[{"selector":{"id":"application-manageresources-display-component---newResourceUnit--TYPE-arrow"},"wdio_ui5_key":"applicationmanageresources-display-component---newResourceUnit--TYPE-arrow"}]}
RESULT: undefined
COMMAND: POST /session/cf943d61b4ec37add412b20e5410361e/element - {"using":"xpath","value":"//*[@id=\"application-manageresources-display-component---newResourceUnit--TYPE-arrow\"]"}
RESULT: {"using":"xpath","value":"//*[@id=\"application-manageresources-display-component---newResourceUnit--TYPE-arrow\"]"}
COMMAND: POST /session/cf943d61b4ec37add412b20e5410361e/element/f.8C1712D618BBFF0472B495C641D9811D.d.9ACFC7F1F22BCEF94DDD831D24371A07.e.9522/click - {}
RESULT: {}
COMMAND: POST /session/cf943d61b4ec37add412b20e5410361e/element - {"using":"xpath","value":"//input[@id=\"application-manageresources-display-component---newResourceUnit--TYPE-inner\"]"}
COMMAND: GET /session/cf943d61b4ec37add412b20e5410361e/screenshot - {}
RESULT: {"using":"xpath","value":"//input[@id=\"application-manageresources-display-component---newResourceUnit--TYPE-inner\"]"}
COMMAND: POST /session/cf943d61b4ec37add412b20e5410361e/element/f.8C1712D618BBFF0472B495C641D9811D.d.9ACFC7F1F22BCEF94DDD831D24371A07.e.9506/clear - {}
RESULT: {}
RESULT: {}
COMMAND: POST /session/cf943d61b4ec37add412b20e5410361e/element/f.8C1712D618BBFF0472B495C641D9811D.d.9ACFC7F1F22BCEF94DDD831D24371A07.e.9506/value - {"text":"Material"}
COMMAND: GET /session/cf943d61b4ec37add412b20e5410361e/screenshot - {}
RESULT: {"text":"Material"}
COMMAND: GET /session/cf943d61b4ec37add412b20e5410361e/screenshot - {}
RESULT: {}
RESULT: {}
COMMAND: POST /session/cf943d61b4ec37add412b20e5410361e/actions - {"actions":[{"id":"action31","type":"key","parameters":{},"actions":[{"type":"keyDown","value":"î€‡"},{"type":"pause","duration":10},{"type":"keyUp","value":"î€‡"}]}]}
RESULT: {"actions":[{"id":"action31","type":"key","parameters":{},"actions":[{"type":"keyDown","value":"î€‡"},{"type":"pause","duration":10},{"type":"keyUp","value":"î€‡"}]}]}
COMMAND: POST /session/cf943d61b4ec37add412b20e5410361e/execute/async - {"script":"<script> [1562 bytes]","args":[{"selector":{"id":"application-manageresources-display-component---newResourceUnit--SHORT_TEXT","interaction":{"idSuffix":"inner"}},"wdio_ui5_key":"applicationmanageresources-display-component---newResourceUnit--SHORT_TEXT"}]}
COMMAND: GET /session/cf943d61b4ec37add412b20e5410361e/screenshot - {}
RESULT: {"script":"<script> [1562 bytes]","args":[{"selector":{"id":"application-manageresources-display-component---newResourceUnit--SHORT_TEXT","interaction":{"idSuffix":"inner"}},"wdio_ui5_key":"applicationmanageresources-display-component---newResourceUnit--SHORT_TEXT"}]}
RESULT: undefined
COMMAND: POST /session/cf943d61b4ec37add412b20e5410361e/execute/async - {"script":"<script> [776 bytes]","args":[{"enterText":"Cement WDIO","selector":{"id":"application-manageresources-display-component---newResourceUnit--SHORT_TEXT","interaction":{"idSuffix":"inner"}},"clearTextFirst":true,"interactionType":"ENTER_TEXT"}]}
RESULT: {}
RESULT: {"script":"<script> [776 bytes]","args":[{"enterText":"Cement WDIO","selector":{"id":"application-manageresources-display-component---newResourceUnit--SHORT_TEXT","interaction":{"idSuffix":"inner"}},"clearTextFirst":true,"interactionType":"ENTER_TEXT"}]}
COMMAND: POST /session/cf943d61b4ec37add412b20e5410361e/execute/async - {"script":"<script> [1562 bytes]","args":[{"selector":{"id":"application-manageresources-display-component---newResourceUnit--BASE_UNIT_OF_MEASURE","interaction":{"idSuffix":"inner"}},"wdio_ui5_key":"applicationmanageresources-display-component---newResourceUnit--BASE_UNIT_OF_MEASURE"}]}
RESULT: {"script":"<script> [1562 bytes]","args":[{"selector":{"id":"application-manageresources-display-component---newResourceUnit--BASE_UNIT_OF_MEASURE","interaction":{"idSuffix":"inner"}},"wdio_ui5_key":"applicationmanageresources-display-component---newResourceUnit--BASE_UNIT_OF_MEASURE"}]}
RESULT: undefined
COMMAND: POST /session/cf943d61b4ec37add412b20e5410361e/execute/async - {"script":"<script> [776 bytes]","args":[{"enterText":"Piece","selector":{"id":"application-manageresources-display-component---newResourceUnit--BASE_UNIT_OF_MEASURE","interaction":{"idSuffix":"inner"}},"clearTextFirst":true,"interactionType":"ENTER_TEXT"}]}
RESULT: {"script":"<script> [776 bytes]","args":[{"enterText":"Piece","selector":{"id":"application-manageresources-display-component---newResourceUnit--BASE_UNIT_OF_MEASURE","interaction":{"idSuffix":"inner"}},"clearTextFirst":true,"interactionType":"ENTER_TEXT"}]}
COMMAND: POST /session/cf943d61b4ec37add412b20e5410361e/execute/async - {"script":"<script> [1562 bytes]","args":[{"selector":{"id":"application-manageresources-display-component---newResourceUnit--WEIGHT_UNIT","interaction":{"idSuffix":"inner"}},"wdio_ui5_key":"applicationmanageresources-display-component---newResourceUnit--WEIGHT_UNIT"}]}
RESULT: {"script":"<script> [1562 bytes]","args":[{"selector":{"id":"application-manageresources-display-component---newResourceUnit--WEIGHT_UNIT","interaction":{"idSuffix":"inner"}},"wdio_ui5_key":"applicationmanageresources-display-component---newResourceUnit--WEIGHT_UNIT"}]}
RESULT: undefined
COMMAND: POST /session/cf943d61b4ec37add412b20e5410361e/execute/async - {"script":"<script> [776 bytes]","args":[{"enterText":"Gram","selector":{"id":"application-manageresources-display-component---newResourceUnit--WEIGHT_UNIT","interaction":{"idSuffix":"inner"}},"clearTextFirst":true,"interactionType":"ENTER_TEXT"}]}
RESULT: {"script":"<script> [776 bytes]","args":[{"enterText":"Gram","selector":{"id":"application-manageresources-display-component---newResourceUnit--WEIGHT_UNIT","interaction":{"idSuffix":"inner"}},"clearTextFirst":true,"interactionType":"ENTER_TEXT"}]}
COMMAND: POST /session/cf943d61b4ec37add412b20e5410361e/execute/async - {"script":"<script> [1562 bytes]","args":[{"selector":{"id":"application-manageresources-display-component---newResourceUnit--DIMENSION_UNIT","interaction":{"idSuffix":"inner"}},"wdio_ui5_key":"applicationmanageresources-display-component---newResourceUnit--DIMENSION_UNIT"}]}
RESULT: {"script":"<script> [1562 bytes]","args":[{"selector":{"id":"application-manageresources-display-component---newResourceUnit--DIMENSION_UNIT","interaction":{"idSuffix":"inner"}},"wdio_ui5_key":"applicationmanageresources-display-component---newResourceUnit--DIMENSION_UNIT"}]}
RESULT: undefined
COMMAND: POST /session/cf943d61b4ec37add412b20e5410361e/execute/async - {"script":"<script> [776 bytes]","args":[{"enterText":"Meter","selector":{"id":"application-manageresources-display-component---newResourceUnit--DIMENSION_UNIT","interaction":{"idSuffix":"inner"}},"clearTextFirst":true,"interactionType":"ENTER_TEXT"}]}
RESULT: {"script":"<script> [776 bytes]","args":[{"enterText":"Meter","selector":{"id":"application-manageresources-display-component---newResourceUnit--DIMENSION_UNIT","interaction":{"idSuffix":"inner"}},"clearTextFirst":true,"interactionType":"ENTER_TEXT"}]}
COMMAND: POST /session/cf943d61b4ec37add412b20e5410361e/execute/async - {"script":"<script> [1562 bytes]","args":[{"selector":{"id":"application-manageresources-display-component---newResourceUnit--newRRUPage-anchBar-application-manageresources-display-component---newResourceUnit--control-anchor","interaction":{"idSuffix":"BDI-content"}},"wdio_ui5_key":"applicationmanageresources-display-component---newResourceUnit--newRRUPage-anchBar-application-manageresources-display-component---newResourceUnit--control-anchor"}]}
RESULT: {"script":"<script> [1562 bytes]","args":[{"selector":{"id":"application-manageresources-display-component---newResourceUnit--newRRUPage-anchBar-application-manageresources-display-component---newResourceUnit--control-anchor","interaction":{"idSuffix":"BDI-content"}},"wdio_ui5_key":"applicationmanageresources-display-component---newResourceUnit--newRRUPage-anchBar-application-manageresources-display-component---newResourceUnit--control-anchor"}]}
RESULT: undefined
COMMAND: POST /session/cf943d61b4ec37add412b20e5410361e/element - {"using":"xpath","value":"//*[@id=\"application-manageresources-display-component---newResourceUnit--newRRUPage-anchBar-application-manageresources-display-component---newResourceUnit--control-anchor\"]"}
RESULT: {"using":"xpath","value":"//*[@id=\"application-manageresources-display-component---newResourceUnit--newRRUPage-anchBar-application-manageresources-display-component---newResourceUnit--control-anchor\"]"}
COMMAND: POST /session/cf943d61b4ec37add412b20e5410361e/element/f.8C1712D618BBFF0472B495C641D9811D.d.9ACFC7F1F22BCEF94DDD831D24371A07.e.9654/click - {}
RESULT: {}
COMMAND: POST /session/cf943d61b4ec37add412b20e5410361e/execute/async - {"script":"<script> [1562 bytes]","args":[{"selector":{"id":"application-manageresources-display-component---newResourceUnit--PLANNING_GROUP","interaction":{"idSuffix":"inner"}},"wdio_ui5_key":"applicationmanageresources-display-component---newResourceUnit--PLANNING_GROUP"}]}
COMMAND: GET /session/cf943d61b4ec37add412b20e5410361e/screenshot - {}
RESULT: {"script":"<script> [1562 bytes]","args":[{"selector":{"id":"application-manageresources-display-component---newResourceUnit--PLANNING_GROUP","interaction":{"idSuffix":"inner"}},"wdio_ui5_key":"applicationmanageresources-display-component---newResourceUnit--PLANNING_GROUP"}]}
RESULT: undefined
COMMAND: POST /session/cf943d61b4ec37add412b20e5410361e/execute/async - {"script":"<script> [776 bytes]","args":[{"enterText":"Material","selector":{"id":"application-manageresources-display-component---newResourceUnit--PLANNING_GROUP","interaction":{"idSuffix":"inner"}},"clearTextFirst":true,"interactionType":"ENTER_TEXT"}]}
RESULT: {}
RESULT: {"script":"<script> [776 bytes]","args":[{"enterText":"Material","selector":{"id":"application-manageresources-display-component---newResourceUnit--PLANNING_GROUP","interaction":{"idSuffix":"inner"}},"clearTextFirst":true,"interactionType":"ENTER_TEXT"}]}
COMMAND: POST /session/cf943d61b4ec37add412b20e5410361e/execute/async - {"script":"<script> [1562 bytes]","args":[{"selector":{"id":"application-manageresources-display-component---newResourceUnit--PLANNING_INDICATOR","interaction":{"idSuffix":"inner"}},"wdio_ui5_key":"applicationmanageresources-display-component---newResourceUnit--PLANNING_INDICATOR"}]}
RESULT: {"script":"<script> [1562 bytes]","args":[{"selector":{"id":"application-manageresources-display-component---newResourceUnit--PLANNING_INDICATOR","interaction":{"idSuffix":"inner"}},"wdio_ui5_key":"applicationmanageresources-display-component---newResourceUnit--PLANNING_INDICATOR"}]}
RESULT: undefined
COMMAND: POST /session/cf943d61b4ec37add412b20e5410361e/execute/async - {"script":"<script> [776 bytes]","args":[{"enterText":"10 - infinite","selector":{"id":"application-manageresources-display-component---newResourceUnit--PLANNING_INDICATOR","interaction":{"idSuffix":"inner"}},"clearTextFirst":true,"interactionType":"ENTER_TEXT"}]}
RESULT: {"script":"<script> [776 bytes]","args":[{"enterText":"10 - infinite","selector":{"id":"application-manageresources-display-component---newResourceUnit--PLANNING_INDICATOR","interaction":{"idSuffix":"inner"}},"clearTextFirst":true,"interactionType":"ENTER_TEXT"}]}
COMMAND: POST /session/cf943d61b4ec37add412b20e5410361e/element - {"using":"css selector","value":"#application-manageresources-display-component---newResourceUnit--btnAddTimeSegment"}
RESULT: {"using":"css selector","value":"#application-manageresources-display-component---newResourceUnit--btnAddTimeSegment"}
COMMAND: GET /session/cf943d61b4ec37add412b20e5410361e/element/f.8C1712D618BBFF0472B495C641D9811D.d.9ACFC7F1F22BCEF94DDD831D24371A07.e.9662/rect - {}
RESULT: {}
COMMAND: GET /session/cf943d61b4ec37add412b20e5410361e/window/rect - {}
RESULT: {}
COMMAND: POST /session/cf943d61b4ec37add412b20e5410361e/execute/sync - {"script":"<script> [92 bytes]","args":[]}
RESULT: {"script":"<script> [92 bytes]","args":[]}
COMMAND: POST /session/cf943d61b4ec37add412b20e5410361e/actions - {"actions":[{"id":"action32","type":"wheel","parameters":{},"actions":[{"type":"scroll","x":-1888,"y":-32,"deltaX":0,"deltaY":0,"duration":0,"origin":{"element-6066-11e4-a52e-4f735466cecf":"f.8C1712D618BBFF0472B495C641D9811D.d.9ACFC7F1F22BCEF94DDD831D24371A07.e.9662"}}]}]}
COMMAND: GET /session/cf943d61b4ec37add412b20e5410361e/screenshot - {}
RESULT: {}
COMMAND: POST /session/cf943d61b4ec37add412b20e5410361e/execute/sync - {"script":"<script> [79 bytes]","args":[{"element-6066-11e4-a52e-4f735466cecf":"f.8C1712D618BBFF0472B495C641D9811D.d.9ACFC7F1F22BCEF94DDD831D24371A07.e.9662","ELEMENT":"f.8C1712D618BBFF0472B495C641D9811D.d.9ACFC7F1F22BCEF94DDD831D24371A07.e.9662"},{"block":"start","inline":"nearest"}]}
RESULT: {"script":"<script> [79 bytes]","args":[{"element-6066-11e4-a52e-4f735466cecf":"f.8C1712D618BBFF0472B495C641D9811D.d.9ACFC7F1F22BCEF94DDD831D24371A07.e.9662","ELEMENT":"f.8C1712D618BBFF0472B495C641D9811D.d.9ACFC7F1F22BCEF94DDD831D24371A07.e.9662"},{"block":"start","inline":"nearest"}]}
COMMAND: POST /session/cf943d61b4ec37add412b20e5410361e/execute/async - {"script":"<script> [1562 bytes]","args":[{"selector":{"id":"application-manageresources-display-component---newResourceUnit--btnAddTimeSegment","interaction":{"idSuffix":"inner"}},"wdio_ui5_key":"applicationmanageresources-display-component---newResourceUnit--btnAddTimeSegment"}]}
COMMAND: GET /session/cf943d61b4ec37add412b20e5410361e/screenshot - {}
RESULT: {"script":"<script> [1562 bytes]","args":[{"selector":{"id":"application-manageresources-display-component---newResourceUnit--btnAddTimeSegment","interaction":{"idSuffix":"inner"}},"wdio_ui5_key":"applicationmanageresources-display-component---newResourceUnit--btnAddTimeSegment"}]}
RESULT: undefined
COMMAND: POST /session/cf943d61b4ec37add412b20e5410361e/element - {"using":"xpath","value":"//*[@id=\"application-manageresources-display-component---newResourceUnit--btnAddTimeSegment\"]"}
RESULT: {}
RESULT: {"using":"xpath","value":"//*[@id=\"application-manageresources-display-component---newResourceUnit--btnAddTimeSegment\"]"}
COMMAND: POST /session/cf943d61b4ec37add412b20e5410361e/element/f.8C1712D618BBFF0472B495C641D9811D.d.9ACFC7F1F22BCEF94DDD831D24371A07.e.9662/click - {}
RESULT: {}
COMMAND: GET /session/cf943d61b4ec37add412b20e5410361e/screenshot - {}
RESULT: {}
COMMAND: POST /session/cf943d61b4ec37add412b20e5410361e/element - {"using":"xpath","value":"//input[@id=\"application-manageresources-display-component---newResourceUnit--idRuTSAdmin-application-manageresources-display-component---newResourceUnit--RUTimeSegment-0-inner\"]"}
RESULT: {"using":"xpath","value":"//input[@id=\"application-manageresources-display-component---newResourceUnit--idRuTSAdmin-application-manageresources-display-component---newResourceUnit--RUTimeSegment-0-inner\"]"}
COMMAND: POST /session/cf943d61b4ec37add412b20e5410361e/element/f.8C1712D618BBFF0472B495C641D9811D.d.9ACFC7F1F22BCEF94DDD831D24371A07.e.9667/clear - {}
RESULT: {}
COMMAND: POST /session/cf943d61b4ec37add412b20e5410361e/element/f.8C1712D618BBFF0472B495C641D9811D.d.9ACFC7F1F22BCEF94DDD831D24371A07.e.9667/value - {"text":"685"}
COMMAND: GET /session/cf943d61b4ec37add412b20e5410361e/screenshot - {}
RESULT: {"text":"685"}
COMMAND: GET /session/cf943d61b4ec37add412b20e5410361e/screenshot - {}
RESULT: {}
RESULT: {}
COMMAND: POST /session/cf943d61b4ec37add412b20e5410361e/element - {"using":"xpath","value":"//li[.//span[text()='685']]"}
RESULT: {"using":"xpath","value":"//li[.//span[text()='685']]"}
COMMAND: POST /session/cf943d61b4ec37add412b20e5410361e/element/f.8C1712D618BBFF0472B495C641D9811D.d.9ACFC7F1F22BCEF94DDD831D24371A07.e.9676/click - {}
RESULT: {}
COMMAND: GET /session/cf943d61b4ec37add412b20e5410361e/screenshot - {}
RESULT: {}
COMMAND: POST /session/cf943d61b4ec37add412b20e5410361e/element - {"using":"xpath","value":"(//span[contains(@id, \"-application-manageresources-display-component---newResourceUnit--RUTimeSegment-0-arrow\")])[2]"}
RESULT: {"using":"xpath","value":"(//span[contains(@id, \"-application-manageresources-display-component---newResourceUnit--RUTimeSegment-0-arrow\")])[2]"}
COMMAND: POST /session/cf943d61b4ec37add412b20e5410361e/element/f.8C1712D618BBFF0472B495C641D9811D.d.9ACFC7F1F22BCEF94DDD831D24371A07.e.9677/click - {}
RESULT: {}
COMMAND: POST /session/cf943d61b4ec37add412b20e5410361e/element - {"using":"xpath","value":"//span[contains(text(), \"PM Order\")]"}
COMMAND: GET /session/cf943d61b4ec37add412b20e5410361e/screenshot - {}
RESULT: {"using":"xpath","value":"//span[contains(text(), \"PM Order\")]"}
COMMAND: POST /session/cf943d61b4ec37add412b20e5410361e/element/f.8C1712D618BBFF0472B495C641D9811D.d.9ACFC7F1F22BCEF94DDD831D24371A07.e.9678/click - {}
RESULT: {}
RESULT: {}
COMMAND: GET /session/cf943d61b4ec37add412b20e5410361e/screenshot - {}
RESULT: {}
COMMAND: POST /session/cf943d61b4ec37add412b20e5410361e/element - {"using":"xpath","value":"//td/div/div/div/span[contains(@id, \"newResourceUnit--RUTimeSegment-0-vhi\")][1]"}
RESULT: {"using":"xpath","value":"//td/div/div/div/span[contains(@id, \"newResourceUnit--RUTimeSegment-0-vhi\")][1]"}
COMMAND: GET /session/cf943d61b4ec37add412b20e5410361e/element/f.8C1712D618BBFF0472B495C641D9811D.d.9ACFC7F1F22BCEF94DDD831D24371A07.e.9682/rect - {}
RESULT: {}
COMMAND: GET /session/cf943d61b4ec37add412b20e5410361e/window/rect - {}
RESULT: {}
COMMAND: POST /session/cf943d61b4ec37add412b20e5410361e/execute/sync - {"script":"<script> [92 bytes]","args":[]}
RESULT: {"script":"<script> [92 bytes]","args":[]}
COMMAND: POST /session/cf943d61b4ec37add412b20e5410361e/actions - {"actions":[{"id":"action33","type":"wheel","parameters":{},"actions":[{"type":"scroll","x":-1888,"y":-24,"deltaX":0,"deltaY":0,"duration":0,"origin":{"element-6066-11e4-a52e-4f735466cecf":"f.8C1712D618BBFF0472B495C641D9811D.d.9ACFC7F1F22BCEF94DDD831D24371A07.e.9682"}}]}]}
COMMAND: GET /session/cf943d61b4ec37add412b20e5410361e/screenshot - {}
RESULT: {}
COMMAND: POST /session/cf943d61b4ec37add412b20e5410361e/execute/sync - {"script":"<script> [79 bytes]","args":[{"element-6066-11e4-a52e-4f735466cecf":"f.8C1712D618BBFF0472B495C641D9811D.d.9ACFC7F1F22BCEF94DDD831D24371A07.e.9682","ELEMENT":"f.8C1712D618BBFF0472B495C641D9811D.d.9ACFC7F1F22BCEF94DDD831D24371A07.e.9682"},{"block":"start","inline":"nearest"}]}
RESULT: {"script":"<script> [79 bytes]","args":[{"element-6066-11e4-a52e-4f735466cecf":"f.8C1712D618BBFF0472B495C641D9811D.d.9ACFC7F1F22BCEF94DDD831D24371A07.e.9682","ELEMENT":"f.8C1712D618BBFF0472B495C641D9811D.d.9ACFC7F1F22BCEF94DDD831D24371A07.e.9682"},{"block":"start","inline":"nearest"}]}
COMMAND: GET /session/cf943d61b4ec37add412b20e5410361e/screenshot - {}
RESULT: {}
COMMAND: POST /session/cf943d61b4ec37add412b20e5410361e/element/f.8C1712D618BBFF0472B495C641D9811D.d.9ACFC7F1F22BCEF94DDD831D24371A07.e.9682/click - {}
RESULT: {}
COMMAND: GET /session/cf943d61b4ec37add412b20e5410361e/screenshot - {}
RESULT: {}
COMMAND: POST /session/cf943d61b4ec37add412b20e5410361e/execute/async - {"script":"<script> [1562 bytes]","args":[{"selector":{"controlType":"sap.m.SearchField","properties":{"placeholder":"Search"},"searchOpenDialogs":true,"interaction":{"idSuffix":"I"}},"wdio_ui5_key":"sapm.SearchField{\"placeholder\":\"Search\"}"}]}
RESULT: {"script":"<script> [1562 bytes]","args":[{"selector":{"controlType":"sap.m.SearchField","properties":{"placeholder":"Search"},"searchOpenDialogs":true,"interaction":{"idSuffix":"I"}},"wdio_ui5_key":"sapm.SearchField{\"placeholder\":\"Search\"}"}]}
RESULT: undefined
COMMAND: POST /session/cf943d61b4ec37add412b20e5410361e/execute/async - {"script":"<script> [776 bytes]","args":[{"enterText":"4000360","selector":{"controlType":"sap.m.SearchField","properties":{"placeholder":"Search"},"searchOpenDialogs":true,"interaction":{"idSuffix":"I"}},"clearTextFirst":true,"interactionType":"ENTER_TEXT"}]}
RESULT: {"script":"<script> [776 bytes]","args":[{"enterText":"4000360","selector":{"controlType":"sap.m.SearchField","properties":{"placeholder":"Search"},"searchOpenDialogs":true,"interaction":{"idSuffix":"I"}},"clearTextFirst":true,"interactionType":"ENTER_TEXT"}]}
COMMAND: POST /session/cf943d61b4ec37add412b20e5410361e/actions - {"actions":[{"id":"action34","type":"key","parameters":{},"actions":[{"type":"keyDown","value":"î€‡"},{"type":"pause","duration":10},{"type":"keyUp","value":"î€‡"}]}]}
RESULT: {"actions":[{"id":"action34","type":"key","parameters":{},"actions":[{"type":"keyDown","value":"î€‡"},{"type":"pause","duration":10},{"type":"keyUp","value":"î€‡"}]}]}
COMMAND: GET /session/cf943d61b4ec37add412b20e5410361e/screenshot - {}
RESULT: {}
COMMAND: POST /session/cf943d61b4ec37add412b20e5410361e/element - {"using":"xpath","value":"//td/div/span[contains(text(), \"BGL Vehicles\")]"}
RESULT: {"using":"xpath","value":"//td/div/span[contains(text(), \"BGL Vehicles\")]"}
COMMAND: POST /session/cf943d61b4ec37add412b20e5410361e/element/f.8C1712D618BBFF0472B495C641D9811D.d.9ACFC7F1F22BCEF94DDD831D24371A07.e.9703/click - {}
RESULT: {}
COMMAND: GET /session/cf943d61b4ec37add412b20e5410361e/screenshot - {}
RESULT: {}
COMMAND: POST /session/cf943d61b4ec37add412b20e5410361e/element - {"using":"xpath","value":"//bdi[contains(text(), \"OK\")]"}
RESULT: {"using":"xpath","value":"//bdi[contains(text(), \"OK\")]"}
COMMAND: POST /session/cf943d61b4ec37add412b20e5410361e/element/f.8C1712D618BBFF0472B495C641D9811D.d.9ACFC7F1F22BCEF94DDD831D24371A07.e.9704/click - {}
RESULT: {}
COMMAND: GET /session/cf943d61b4ec37add412b20e5410361e/screenshot - {}
RESULT: {}
COMMAND: POST /session/cf943d61b4ec37add412b20e5410361e/element - {"using":"xpath","value":"//label[contains(@class, 'sapMLabelRequired') and .//bdi[contains(text(), 'Planned Retirement')]]"}
RESULT: {"using":"xpath","value":"//label[contains(@class, 'sapMLabelRequired') and .//bdi[contains(text(), 'Planned Retirement')]]"}
COMMAND: POST /session/cf943d61b4ec37add412b20e5410361e/elements - {"using":"xpath","value":"//label[contains(@class, 'sapMLabelRequired') and .//bdi[contains(text(), 'Planned Retirement')]]"}
RESULT: {"using":"xpath","value":"//label[contains(@class, 'sapMLabelRequired') and .//bdi[contains(text(), 'Planned Retirement')]]"}
COMMAND: POST /session/cf943d61b4ec37add412b20e5410361e/element - {"using":"xpath","value":"//button[@data-kt=\"resourceUnitSaveButton\"]"}
RESULT: {"using":"xpath","value":"//button[@data-kt=\"resourceUnitSaveButton\"]"}
COMMAND: POST /session/cf943d61b4ec37add412b20e5410361e/element/f.8C1712D618BBFF0472B495C641D9811D.d.9ACFC7F1F22BCEF94DDD831D24371A07.e.9540/click - {}
RESULT: {}
COMMAND: GET /session/cf943d61b4ec37add412b20e5410361e/screenshot - {}
RESULT: {}
COMMAND: POST /session/cf943d61b4ec37add412b20e5410361e/element - {"using":"xpath","value":"//bdi[contains(text(), \"Close\")]"}
RESULT: {"using":"xpath","value":"//bdi[contains(text(), \"Close\")]"}
COMMAND: POST /session/cf943d61b4ec37add412b20e5410361e/element/f.8C1712D618BBFF0472B495C641D9811D.d.9ACFC7F1F22BCEF94DDD831D24371A07.e.9710/click - {}
RESULT: {}
COMMAND: GET /session/cf943d61b4ec37add412b20e5410361e/screenshot - {}
RESULT: {}
COMMAND: POST /session/cf943d61b4ec37add412b20e5410361e/element - {"using":"xpath","value":"//header[contains(@id, 'detailRruPage-headerTitle')]/div[1]/div[2]/div[2]/span[1]"}
RESULT: {"using":"xpath","value":"//header[contains(@id, 'detailRruPage-headerTitle')]/div[1]/div[2]/div[2]/span[1]"}
COMMAND: POST /session/cf943d61b4ec37add412b20e5410361e/elements - {"using":"xpath","value":"//header[contains(@id, 'detailRruPage-headerTitle')]/div[1]/div[2]/div[2]/span[1]"}
RESULT: {"using":"xpath","value":"//header[contains(@id, 'detailRruPage-headerTitle')]/div[1]/div[2]/div[2]/span[1]"}
COMMAND: POST /session/cf943d61b4ec37add412b20e5410361e/execute/sync - {"script":"<script> [56 bytes]","args":[{"element-6066-11e4-a52e-4f735466cecf":"f.8C1712D618BBFF0472B495C641D9811D.d.9ACFC7F1F22BCEF94DDD831D24371A07.e.9738","ELEMENT":"f.8C1712D618BBFF0472B495C641D9811D.d.9ACFC7F1F22BCEF94DDD831D24371A07.e.9738"}]}
RESULT: {"script":"<script> [56 bytes]","args":[{"element-6066-11e4-a52e-4f735466cecf":"f.8C1712D618BBFF0472B495C641D9811D.d.9ACFC7F1F22BCEF94DDD831D24371A07.e.9738","ELEMENT":"f.8C1712D618BBFF0472B495C641D9811D.d.9ACFC7F1F22BCEF94DDD831D24371A07.e.9738"}]}
COMMAND: POST /session/cf943d61b4ec37add412b20e5410361e/element - {"using":"css selector","value":"#shell-header-logo"}
COMMAND: GET /session/cf943d61b4ec37add412b20e5410361e/screenshot - {}
RESULT: {"using":"css selector","value":"#shell-header-logo"}
COMMAND: POST /session/cf943d61b4ec37add412b20e5410361e/element/f.8C1712D618BBFF0472B495C641D9811D.d.9ACFC7F1F22BCEF94DDD831D24371A07.e.9122/click - {}
RESULT: {}
RESULT: {}
COMMAND: GET /session/cf943d61b4ec37add412b20e5410361e/screenshot - {}
RESULT: {}
]]></system-out>
    </testcase>
  </testsuite>
  <testsuite timestamp="2025-06-05T16:59:15" time="286.158" tests="6" failures="4" errors="4" skipped="0">
    <properties>
      <property name="specId" value="0" />
      <property name="suiteName" value="Provide to Site w/o warehouse management w clarification" />
      <property name="capabilities" value="chrome.137_0_7151_69.windows" />
      <property name="file" value="file:///D:/a/1/s/test/specs/HTR/provide-to-site-wo-warehouse-w-clarification.spec.js" />
    </properties>
    <testcase classname="chrome.137_0_7151_69.windows.Provide_to_Site_w/o_warehouse_management_w_clarification" name="Should Test for Handover Execution" time="12.052">
      <system-out><![CDATA[
COMMAND: POST /session/cf943d61b4ec37add412b20e5410361e/element - {"using":"xpath","value":"(//span[contains(@id, \"imgNav\")])[1]"}
COMMAND: GET /session/cf943d61b4ec37add412b20e5410361e/screenshot - {}
RESULT: {"using":"xpath","value":"(//span[contains(@id, \"imgNav\")])[1]"}
COMMAND: POST /session/cf943d61b4ec37add412b20e5410361e/element/f.8C1712D618BBFF0472B495C641D9811D.d.9ACFC7F1F22BCEF94DDD831D24371A07.e.9797/click - {}
RESULT: {}
RESULT: {}
COMMAND: GET /session/cf943d61b4ec37add412b20e5410361e/screenshot - {}
RESULT: {}
COMMAND: POST /session/cf943d61b4ec37add412b20e5410361e/element - {"using":"css selector","value":"#shell-header-logo"}
RESULT: {"using":"css selector","value":"#shell-header-logo"}
COMMAND: POST /session/cf943d61b4ec37add412b20e5410361e/element/f.8C1712D618BBFF0472B495C641D9811D.d.9ACFC7F1F22BCEF94DDD831D24371A07.e.9741/click - {}
RESULT: {}
COMMAND: GET /session/cf943d61b4ec37add412b20e5410361e/screenshot - {}
RESULT: {}
]]></system-out>
    </testcase>
    <testcase classname="chrome.137_0_7151_69.windows.Provide_to_Site_w/o_warehouse_management_w_clarification" name="Should test for Clarification" time="0.002">
      <system-out><![CDATA[
COMMAND: POST /session/cf943d61b4ec37add412b20e5410361e/element - {"using":"css selector","value":"#j_username"}
COMMAND: POST /session/cf943d61b4ec37add412b20e5410361e/url - {"url":"https://qa-testing-00-live-etm-ui.cfapps.eu10-004.hana.ondemand.com/"}
COMMAND: GET /session/cf943d61b4ec37add412b20e5410361e/screenshot - {}
RESULT: {"url":"https://qa-testing-00-live-etm-ui.cfapps.eu10-004.hana.ondemand.com/"}
RESULT: undefined
COMMAND: GET /session/cf943d61b4ec37add412b20e5410361e/screenshot - {}
RESULT: {"using":"css selector","value":"#j_username"}
COMMAND: POST /session/cf943d61b4ec37add412b20e5410361e/element - {"using":"css selector","value":"#j_username"}
RESULT: {}
RESULT: {}
RESULT: {"using":"css selector","value":"#j_username"}
COMMAND: POST /session/cf943d61b4ec37add412b20e5410361e/element - {"using":"css selector","value":"#shell-header-logo"}
RESULT: {"using":"css selector","value":"#shell-header-logo"}
COMMAND: POST /session/cf943d61b4ec37add412b20e5410361e/execute/sync - {"script":"<script> [8489 bytes]","args":[{"element-6066-11e4-a52e-4f735466cecf":"f.8C1712D618BBFF0472B495C641D9811D.d.92A6926CAAA98A56A3BA9C15024C2367.e.10172","ELEMENT":"f.8C1712D618BBFF0472B495C641D9811D.d.92A6926CAAA98A56A3BA9C15024C2367.e.10172"}]}
RESULT: {"script":"<script> [8489 bytes]","args":[{"element-6066-11e4-a52e-4f735466cecf":"f.8C1712D618BBFF0472B495C641D9811D.d.92A6926CAAA98A56A3BA9C15024C2367.e.10172","ELEMENT":"f.8C1712D618BBFF0472B495C641D9811D.d.92A6926CAAA98A56A3BA9C15024C2367.e.10172"}]}
COMMAND: POST /session/cf943d61b4ec37add412b20e5410361e/element - {"using":"css selector","value":"#shell-header-logo"}
COMMAND: GET /session/cf943d61b4ec37add412b20e5410361e/screenshot - {}
RESULT: {"using":"css selector","value":"#shell-header-logo"}
COMMAND: POST /session/cf943d61b4ec37add412b20e5410361e/execute/sync - {"script":"<script> [8489 bytes]","args":[{"element-6066-11e4-a52e-4f735466cecf":"f.8C1712D618BBFF0472B495C641D9811D.d.92A6926CAAA98A56A3BA9C15024C2367.e.10172","ELEMENT":"f.8C1712D618BBFF0472B495C641D9811D.d.92A6926CAAA98A56A3BA9C15024C2367.e.10172"}]}
RESULT: {}
RESULT: {"script":"<script> [8489 bytes]","args":[{"element-6066-11e4-a52e-4f735466cecf":"f.8C1712D618BBFF0472B495C641D9811D.d.92A6926CAAA98A56A3BA9C15024C2367.e.10172","ELEMENT":"f.8C1712D618BBFF0472B495C641D9811D.d.92A6926CAAA98A56A3BA9C15024C2367.e.10172"}]}
COMMAND: POST /session/cf943d61b4ec37add412b20e5410361e/execute/sync - {"script":"<script> [5351 bytes]","args":[{"element-6066-11e4-a52e-4f735466cecf":"f.8C1712D618BBFF0472B495C641D9811D.d.92A6926CAAA98A56A3BA9C15024C2367.e.10172","ELEMENT":"f.8C1712D618BBFF0472B495C641D9811D.d.92A6926CAAA98A56A3BA9C15024C2367.e.10172"}]}
COMMAND: GET /session/cf943d61b4ec37add412b20e5410361e/screenshot - {}
RESULT: {"script":"<script> [5351 bytes]","args":[{"element-6066-11e4-a52e-4f735466cecf":"f.8C1712D618BBFF0472B495C641D9811D.d.92A6926CAAA98A56A3BA9C15024C2367.e.10172","ELEMENT":"f.8C1712D618BBFF0472B495C641D9811D.d.92A6926CAAA98A56A3BA9C15024C2367.e.10172"}]}
COMMAND: POST /session/cf943d61b4ec37add412b20e5410361e/element - {"using":"css selector","value":"#shell-header-logo"}
COMMAND: GET /session/cf943d61b4ec37add412b20e5410361e/screenshot - {}
RESULT: {}
RESULT: {"using":"css selector","value":"#shell-header-logo"}
COMMAND: POST /session/cf943d61b4ec37add412b20e5410361e/element/f.8C1712D618BBFF0472B495C641D9811D.d.92A6926CAAA98A56A3BA9C15024C2367.e.10172/click - {}
RESULT: {}
RESULT: {}
COMMAND: GET /session/cf943d61b4ec37add412b20e5410361e/screenshot - {}
RESULT: {}
COMMAND: POST /session/cf943d61b4ec37add412b20e5410361e/execute/async - {"script":"<script> [189 bytes]","args":[]}
RESULT: {"script":"<script> [189 bytes]","args":[]}
COMMAND: POST /session/cf943d61b4ec37add412b20e5410361e/execute/async - {"script":"<script> [123 bytes]","args":[]}
RESULT: {"script":"<script> [123 bytes]","args":[]}
COMMAND: POST /session/cf943d61b4ec37add412b20e5410361e/timeouts - {"script":"<number>"}
RESULT: {"script":"<number>"}
COMMAND: GET /session/cf943d61b4ec37add412b20e5410361e/timeouts - {}
RESULT: {}
RESULT: undefined
COMMAND: POST /session/cf943d61b4ec37add412b20e5410361e/execute/async - {"script":"<script> [2676 bytes]","args":[]}
RESULT: {"script":"<script> [2676 bytes]","args":[]}
COMMAND: POST /session/cf943d61b4ec37add412b20e5410361e/execute/async - {"script":"<script> [2342 bytes]","args":[{"protocol":"http","hostname":"0.0.0.0","path":"/","capabilities":{"browserName":"chrome","goog:chromeOptions":{"binary":"C:\\Program Files\\Google\\Chrome\\Application\\chrome.exe","args":["--start-maximized"]}},"logLevel":"warn","connectionRetryTimeout":120000,"connectionRetryCount":3,"logLevels":{},"enableDirectConnect":true,"strictSSL":true,"_":"65 more keys: [\"cacheDir\",\"port\",\"requestedCapabilities\",\"automationProtocol\",\"baseUrl\",\"waitforInterval\",\"waitforTimeout\",\"onReload\",\"beforeCommand\",\"afterCommand\",\"rootDir\",\"specs\",\"suites\",\"exclude\",\"groupLogsByTestSpec\",\"excludeDriverLogs\",\"bail\",\"framework\",\"reporters\",\"services\",\"maxInstances\",\"maxInstancesPerCapability\",\"injectGlobals\",\"filesToWatch\",\"execArgv\",\"runnerEnv\",\"runner\",\"shard\",\"specFileRetries\",\"specFileRetriesDelay\",\"specFileRetriesDeferred\",\"reporterSyncInterval\",\"reporterSyncTimeout\",\"cucumberFeaturesWithLineNumbers\",\"autoCompileOpts\",\"mochaOpts\",\"jasmineOpts\",\"cucumberOpts\",\"onPrepare\",\"onWorkerStart\",\"onWorkerEnd\",\"before\",\"beforeSession\",\"beforeSuite\",\"beforeHook\",\"beforeTest\",\"afterTest\",\"afterHook\",\"afterSuite\",\"afterSession\",\"after\",\"onComplete\",\"beforeAssertion\",\"afterAssertion\",\"beforeFeature\",\"beforeScenario\",\"beforeStep\",\"afterStep\",\"afterScenario\",\"afterFeature\",\"_\",\"suite\",\"$0\",\"ignoredWorkerServices\",\"wdi5\"]"}]}
RESULT: {"script":"<script> [2342 bytes]","args":[{"protocol":"http","hostname":"0.0.0.0","path":"/","capabilities":{"browserName":"chrome","goog:chromeOptions":{"binary":"C:\\Program Files\\Google\\Chrome\\Application\\chrome.exe","args":["--start-maximized"]}},"logLevel":"warn","connectionRetryTimeout":120000,"connectionRetryCount":3,"logLevels":{},"enableDirectConnect":true,"strictSSL":true,"_":"65 more keys: [\"cacheDir\",\"port\",\"requestedCapabilities\",\"automationProtocol\",\"baseUrl\",\"waitforInterval\",\"waitforTimeout\",\"onReload\",\"beforeCommand\",\"afterCommand\",\"rootDir\",\"specs\",\"suites\",\"exclude\",\"groupLogsByTestSpec\",\"excludeDriverLogs\",\"bail\",\"framework\",\"reporters\",\"services\",\"maxInstances\",\"maxInstancesPerCapability\",\"injectGlobals\",\"filesToWatch\",\"execArgv\",\"runnerEnv\",\"runner\",\"shard\",\"specFileRetries\",\"specFileRetriesDelay\",\"specFileRetriesDeferred\",\"reporterSyncInterval\",\"reporterSyncTimeout\",\"cucumberFeaturesWithLineNumbers\",\"autoCompileOpts\",\"mochaOpts\",\"jasmineOpts\",\"cucumberOpts\",\"onPrepare\",\"onWorkerStart\",\"onWorkerEnd\",\"before\",\"beforeSession\",\"beforeSuite\",\"beforeHook\",\"beforeTest\",\"afterTest\",\"afterHook\",\"afterSuite\",\"afterSession\",\"after\",\"onComplete\",\"beforeAssertion\",\"afterAssertion\",\"beforeFeature\",\"beforeScenario\",\"beforeStep\",\"afterStep\",\"afterScenario\",\"afterFeature\",\"_\",\"suite\",\"$0\",\"ignoredWorkerServices\",\"wdi5\"]"}]}
COMMAND: POST /session/cf943d61b4ec37add412b20e5410361e/execute/async - {"script":"<script> [21126 bytes]","args":[35000]}
RESULT: {"script":"<script> [21126 bytes]","args":[35000]}
COMMAND: POST /session/cf943d61b4ec37add412b20e5410361e/window/maximize - {}
RESULT: {}
COMMAND: POST /session/cf943d61b4ec37add412b20e5410361e/execute/async - {"script":"<script> [1562 bytes]","args":[{"selector":{"id":"shell-header","interaction":{"idSuffix":"icon"}},"wdio_ui5_key":"shellheader"}]}
COMMAND: GET /session/cf943d61b4ec37add412b20e5410361e/screenshot - {}
RESULT: {"script":"<script> [1562 bytes]","args":[{"selector":{"id":"shell-header","interaction":{"idSuffix":"icon"}},"wdio_ui5_key":"shellheader"}]}
RESULT: undefined
COMMAND: POST /session/cf943d61b4ec37add412b20e5410361e/window/fullscreen - {}
RESULT: {}
RESULT: {}
]]></system-out>
    </testcase>
  </testsuite>
  <testsuite timestamp="2025-06-05T17:04:01" time="144.122" tests="4" failures="0" errors="0" skipped="0">
    <properties>
      <property name="specId" value="0" />
      <property name="suiteName" value="Provide to Site w/o warehouse management w/o clarification US116612" />
      <property name="capabilities" value="chrome.137_0_7151_69.windows" />
      <property name="file" value="file:///D:/a/1/s/test/specs/HTR/provide-to-site-wo-warehouse-wo-clarification.spec.js" />
    </properties>
    <testcase classname="chrome.137_0_7151_69.windows.Provide_to_Site_w/o_warehouse_management_w/o_clarification_US116612" name="Should create a new yard" time="0.013">
      <system-out><![CDATA[
COMMAND: POST /session/cf943d61b4ec37add412b20e5410361e/window/fullscreen - {}
RESULT: {}
]]></system-out>
    </testcase>
    <testcase classname="chrome.137_0_7151_69.windows.Provide_to_Site_w/o_warehouse_management_w/o_clarification_US116612" name="Should create a new external partner" time="0.002" />
    <testcase classname="chrome.137_0_7151_69.windows.Provide_to_Site_w/o_warehouse_management_w/o_clarification_US116612" name="Should create a new site" time="0.002" />
    <testcase classname="chrome.137_0_7151_69.windows.Provide_to_Site_w/o_warehouse_management_w/o_clarification_US116612" name="Should create a new material" time="126.195">
      <system-out><![CDATA[
COMMAND: POST /session/cf943d61b4ec37add412b20e5410361e/execute/async - {"script":"<script> [1562 bytes]","args":[{"selector":{"controlType":"sap.m.GenericTile","properties":{"header":"Manage Resources"}},"wdio_ui5_key":"sapm.GenericTile{\"header\":\"Manage Resources\"}"}]}
RESULT: {"script":"<script> [1562 bytes]","args":[{"selector":{"controlType":"sap.m.GenericTile","properties":{"header":"Manage Resources"}},"wdio_ui5_key":"sapm.GenericTile{\"header\":\"Manage Resources\"}"}]}
RESULT: undefined
COMMAND: POST /session/cf943d61b4ec37add412b20e5410361e/element - {"using":"xpath","value":"//*[@id=\"__tile31\"]"}
RESULT: {"using":"xpath","value":"//*[@id=\"__tile31\"]"}
COMMAND: POST /session/cf943d61b4ec37add412b20e5410361e/element/f.8C1712D618BBFF0472B495C641D9811D.d.92A6926CAAA98A56A3BA9C15024C2367.e.10188/click - {}
RESULT: {}
COMMAND: GET /session/cf943d61b4ec37add412b20e5410361e/screenshot - {}
COMMAND: POST /session/cf943d61b4ec37add412b20e5410361e/elements - {"using":"xpath","value":"//span[text()='Error']"}
RESULT: {}
RESULT: {"using":"xpath","value":"//span[text()='Error']"}
COMMAND: POST /session/cf943d61b4ec37add412b20e5410361e/element - {"using":"xpath","value":"//button[@data-kt=\"addNewRUOverflowToolbarButton\"]"}
RESULT: {"using":"xpath","value":"//button[@data-kt=\"addNewRUOverflowToolbarButton\"]"}
COMMAND: POST /session/cf943d61b4ec37add412b20e5410361e/elements - {"using":"xpath","value":"//button[@data-kt=\"addNewRUOverflowToolbarButton\"]"}
RESULT: {"using":"xpath","value":"//button[@data-kt=\"addNewRUOverflowToolbarButton\"]"}
COMMAND: POST /session/cf943d61b4ec37add412b20e5410361e/elements - {"using":"xpath","value":"//button[@data-kt=\"addNewRUOverflowToolbarButton\"]"}
RESULT: {"using":"xpath","value":"//button[@data-kt=\"addNewRUOverflowToolbarButton\"]"}
COMMAND: POST /session/cf943d61b4ec37add412b20e5410361e/elements - {"using":"xpath","value":"//button[@data-kt=\"addNewRUOverflowToolbarButton\"]"}
RESULT: {"using":"xpath","value":"//button[@data-kt=\"addNewRUOverflowToolbarButton\"]"}
COMMAND: POST /session/cf943d61b4ec37add412b20e5410361e/elements - {"using":"xpath","value":"//button[@data-kt=\"addNewRUOverflowToolbarButton\"]"}
RESULT: {"using":"xpath","value":"//button[@data-kt=\"addNewRUOverflowToolbarButton\"]"}
COMMAND: POST /session/cf943d61b4ec37add412b20e5410361e/elements - {"using":"xpath","value":"//button[@data-kt=\"addNewRUOverflowToolbarButton\"]"}
RESULT: {"using":"xpath","value":"//button[@data-kt=\"addNewRUOverflowToolbarButton\"]"}
COMMAND: POST /session/cf943d61b4ec37add412b20e5410361e/elements - {"using":"xpath","value":"//button[@data-kt=\"addNewRUOverflowToolbarButton\"]"}
RESULT: {"using":"xpath","value":"//button[@data-kt=\"addNewRUOverflowToolbarButton\"]"}
COMMAND: POST /session/cf943d61b4ec37add412b20e5410361e/element - {"using":"xpath","value":"//button[@data-kt=\"addNewRUOverflowToolbarButton\"]"}
RESULT: {"using":"xpath","value":"//button[@data-kt=\"addNewRUOverflowToolbarButton\"]"}
COMMAND: POST /session/cf943d61b4ec37add412b20e5410361e/execute/sync - {"script":"<script> [8489 bytes]","args":[{"element-6066-11e4-a52e-4f735466cecf":"f.8C1712D618BBFF0472B495C641D9811D.d.92A6926CAAA98A56A3BA9C15024C2367.e.10317","ELEMENT":"f.8C1712D618BBFF0472B495C641D9811D.d.92A6926CAAA98A56A3BA9C15024C2367.e.10317"}]}
RESULT: {"script":"<script> [8489 bytes]","args":[{"element-6066-11e4-a52e-4f735466cecf":"f.8C1712D618BBFF0472B495C641D9811D.d.92A6926CAAA98A56A3BA9C15024C2367.e.10317","ELEMENT":"f.8C1712D618BBFF0472B495C641D9811D.d.92A6926CAAA98A56A3BA9C15024C2367.e.10317"}]}
COMMAND: GET /session/cf943d61b4ec37add412b20e5410361e/element/f.8C1712D618BBFF0472B495C641D9811D.d.92A6926CAAA98A56A3BA9C15024C2367.e.10317/enabled - {}
COMMAND: GET /session/cf943d61b4ec37add412b20e5410361e/screenshot - {}
RESULT: {}
COMMAND: POST /session/cf943d61b4ec37add412b20e5410361e/execute/sync - {"script":"<script> [8489 bytes]","args":[{"element-6066-11e4-a52e-4f735466cecf":"f.8C1712D618BBFF0472B495C641D9811D.d.92A6926CAAA98A56A3BA9C15024C2367.e.10317","ELEMENT":"f.8C1712D618BBFF0472B495C641D9811D.d.92A6926CAAA98A56A3BA9C15024C2367.e.10317"}]}
COMMAND: GET /session/cf943d61b4ec37add412b20e5410361e/screenshot - {}
RESULT: {}
RESULT: {"script":"<script> [8489 bytes]","args":[{"element-6066-11e4-a52e-4f735466cecf":"f.8C1712D618BBFF0472B495C641D9811D.d.92A6926CAAA98A56A3BA9C15024C2367.e.10317","ELEMENT":"f.8C1712D618BBFF0472B495C641D9811D.d.92A6926CAAA98A56A3BA9C15024C2367.e.10317"}]}
COMMAND: POST /session/cf943d61b4ec37add412b20e5410361e/execute/sync - {"script":"<script> [5351 bytes]","args":[{"element-6066-11e4-a52e-4f735466cecf":"f.8C1712D618BBFF0472B495C641D9811D.d.92A6926CAAA98A56A3BA9C15024C2367.e.10317","ELEMENT":"f.8C1712D618BBFF0472B495C641D9811D.d.92A6926CAAA98A56A3BA9C15024C2367.e.10317"}]}
COMMAND: GET /session/cf943d61b4ec37add412b20e5410361e/screenshot - {}
RESULT: {}
RESULT: {"script":"<script> [5351 bytes]","args":[{"element-6066-11e4-a52e-4f735466cecf":"f.8C1712D618BBFF0472B495C641D9811D.d.92A6926CAAA98A56A3BA9C15024C2367.e.10317","ELEMENT":"f.8C1712D618BBFF0472B495C641D9811D.d.92A6926CAAA98A56A3BA9C15024C2367.e.10317"}]}
COMMAND: POST /session/cf943d61b4ec37add412b20e5410361e/element/f.8C1712D618BBFF0472B495C641D9811D.d.92A6926CAAA98A56A3BA9C15024C2367.e.10317/click - {}
COMMAND: GET /session/cf943d61b4ec37add412b20e5410361e/screenshot - {}
RESULT: {}
RESULT: {}
COMMAND: GET /session/cf943d61b4ec37add412b20e5410361e/screenshot - {}
RESULT: {}
COMMAND: POST /session/cf943d61b4ec37add412b20e5410361e/execute/async - {"script":"<script> [1562 bytes]","args":[{"selector":{"id":"application-manageresources-display-component---newResourceUnit--TYPE-arrow"},"wdio_ui5_key":"applicationmanageresources-display-component---newResourceUnit--TYPE-arrow"}]}
RESULT: {}
RESULT: {"script":"<script> [1562 bytes]","args":[{"selector":{"id":"application-manageresources-display-component---newResourceUnit--TYPE-arrow"},"wdio_ui5_key":"applicationmanageresources-display-component---newResourceUnit--TYPE-arrow"}]}
RESULT: undefined
COMMAND: POST /session/cf943d61b4ec37add412b20e5410361e/element - {"using":"xpath","value":"//*[@id=\"application-manageresources-display-component---newResourceUnit--TYPE-arrow\"]"}
RESULT: {"using":"xpath","value":"//*[@id=\"application-manageresources-display-component---newResourceUnit--TYPE-arrow\"]"}
COMMAND: POST /session/cf943d61b4ec37add412b20e5410361e/element/f.8C1712D618BBFF0472B495C641D9811D.d.92A6926CAAA98A56A3BA9C15024C2367.e.10680/click - {}
RESULT: {}
COMMAND: POST /session/cf943d61b4ec37add412b20e5410361e/element - {"using":"xpath","value":"//input[@id=\"application-manageresources-display-component---newResourceUnit--TYPE-inner\"]"}
COMMAND: GET /session/cf943d61b4ec37add412b20e5410361e/screenshot - {}
RESULT: {"using":"xpath","value":"//input[@id=\"application-manageresources-display-component---newResourceUnit--TYPE-inner\"]"}
COMMAND: POST /session/cf943d61b4ec37add412b20e5410361e/element/f.8C1712D618BBFF0472B495C641D9811D.d.92A6926CAAA98A56A3BA9C15024C2367.e.10669/clear - {}
RESULT: {}
RESULT: {}
COMMAND: POST /session/cf943d61b4ec37add412b20e5410361e/element/f.8C1712D618BBFF0472B495C641D9811D.d.92A6926CAAA98A56A3BA9C15024C2367.e.10669/value - {"text":"Material"}
COMMAND: GET /session/cf943d61b4ec37add412b20e5410361e/screenshot - {}
RESULT: {"text":"Material"}
COMMAND: GET /session/cf943d61b4ec37add412b20e5410361e/screenshot - {}
RESULT: {}
RESULT: {}
COMMAND: POST /session/cf943d61b4ec37add412b20e5410361e/actions - {"actions":[{"id":"action35","type":"key","parameters":{},"actions":[{"type":"keyDown","value":"î€‡"},{"type":"pause","duration":10},{"type":"keyUp","value":"î€‡"}]}]}
RESULT: {"actions":[{"id":"action35","type":"key","parameters":{},"actions":[{"type":"keyDown","value":"î€‡"},{"type":"pause","duration":10},{"type":"keyUp","value":"î€‡"}]}]}
COMMAND: POST /session/cf943d61b4ec37add412b20e5410361e/execute/async - {"script":"<script> [1562 bytes]","args":[{"selector":{"id":"application-manageresources-display-component---newResourceUnit--SHORT_TEXT","interaction":{"idSuffix":"inner"}},"wdio_ui5_key":"applicationmanageresources-display-component---newResourceUnit--SHORT_TEXT"}]}
COMMAND: GET /session/cf943d61b4ec37add412b20e5410361e/screenshot - {}
RESULT: {"script":"<script> [1562 bytes]","args":[{"selector":{"id":"application-manageresources-display-component---newResourceUnit--SHORT_TEXT","interaction":{"idSuffix":"inner"}},"wdio_ui5_key":"applicationmanageresources-display-component---newResourceUnit--SHORT_TEXT"}]}
RESULT: undefined
COMMAND: POST /session/cf943d61b4ec37add412b20e5410361e/execute/async - {"script":"<script> [776 bytes]","args":[{"enterText":"Cement WDIO","selector":{"id":"application-manageresources-display-component---newResourceUnit--SHORT_TEXT","interaction":{"idSuffix":"inner"}},"clearTextFirst":true,"interactionType":"ENTER_TEXT"}]}
RESULT: {}
RESULT: {"script":"<script> [776 bytes]","args":[{"enterText":"Cement WDIO","selector":{"id":"application-manageresources-display-component---newResourceUnit--SHORT_TEXT","interaction":{"idSuffix":"inner"}},"clearTextFirst":true,"interactionType":"ENTER_TEXT"}]}
COMMAND: POST /session/cf943d61b4ec37add412b20e5410361e/execute/async - {"script":"<script> [1562 bytes]","args":[{"selector":{"id":"application-manageresources-display-component---newResourceUnit--BASE_UNIT_OF_MEASURE","interaction":{"idSuffix":"inner"}},"wdio_ui5_key":"applicationmanageresources-display-component---newResourceUnit--BASE_UNIT_OF_MEASURE"}]}
RESULT: {"script":"<script> [1562 bytes]","args":[{"selector":{"id":"application-manageresources-display-component---newResourceUnit--BASE_UNIT_OF_MEASURE","interaction":{"idSuffix":"inner"}},"wdio_ui5_key":"applicationmanageresources-display-component---newResourceUnit--BASE_UNIT_OF_MEASURE"}]}
RESULT: undefined
COMMAND: POST /session/cf943d61b4ec37add412b20e5410361e/execute/async - {"script":"<script> [776 bytes]","args":[{"enterText":"Piece","selector":{"id":"application-manageresources-display-component---newResourceUnit--BASE_UNIT_OF_MEASURE","interaction":{"idSuffix":"inner"}},"clearTextFirst":true,"interactionType":"ENTER_TEXT"}]}
RESULT: {"script":"<script> [776 bytes]","args":[{"enterText":"Piece","selector":{"id":"application-manageresources-display-component---newResourceUnit--BASE_UNIT_OF_MEASURE","interaction":{"idSuffix":"inner"}},"clearTextFirst":true,"interactionType":"ENTER_TEXT"}]}
COMMAND: POST /session/cf943d61b4ec37add412b20e5410361e/execute/async - {"script":"<script> [1562 bytes]","args":[{"selector":{"id":"application-manageresources-display-component---newResourceUnit--WEIGHT_UNIT","interaction":{"idSuffix":"inner"}},"wdio_ui5_key":"applicationmanageresources-display-component---newResourceUnit--WEIGHT_UNIT"}]}
RESULT: {"script":"<script> [1562 bytes]","args":[{"selector":{"id":"application-manageresources-display-component---newResourceUnit--WEIGHT_UNIT","interaction":{"idSuffix":"inner"}},"wdio_ui5_key":"applicationmanageresources-display-component---newResourceUnit--WEIGHT_UNIT"}]}
RESULT: undefined
COMMAND: POST /session/cf943d61b4ec37add412b20e5410361e/execute/async - {"script":"<script> [776 bytes]","args":[{"enterText":"Gram","selector":{"id":"application-manageresources-display-component---newResourceUnit--WEIGHT_UNIT","interaction":{"idSuffix":"inner"}},"clearTextFirst":true,"interactionType":"ENTER_TEXT"}]}
RESULT: {"script":"<script> [776 bytes]","args":[{"enterText":"Gram","selector":{"id":"application-manageresources-display-component---newResourceUnit--WEIGHT_UNIT","interaction":{"idSuffix":"inner"}},"clearTextFirst":true,"interactionType":"ENTER_TEXT"}]}
COMMAND: POST /session/cf943d61b4ec37add412b20e5410361e/execute/async - {"script":"<script> [1562 bytes]","args":[{"selector":{"id":"application-manageresources-display-component---newResourceUnit--DIMENSION_UNIT","interaction":{"idSuffix":"inner"}},"wdio_ui5_key":"applicationmanageresources-display-component---newResourceUnit--DIMENSION_UNIT"}]}
RESULT: {"script":"<script> [1562 bytes]","args":[{"selector":{"id":"application-manageresources-display-component---newResourceUnit--DIMENSION_UNIT","interaction":{"idSuffix":"inner"}},"wdio_ui5_key":"applicationmanageresources-display-component---newResourceUnit--DIMENSION_UNIT"}]}
RESULT: undefined
COMMAND: POST /session/cf943d61b4ec37add412b20e5410361e/execute/async - {"script":"<script> [776 bytes]","args":[{"enterText":"Meter","selector":{"id":"application-manageresources-display-component---newResourceUnit--DIMENSION_UNIT","interaction":{"idSuffix":"inner"}},"clearTextFirst":true,"interactionType":"ENTER_TEXT"}]}
RESULT: {"script":"<script> [776 bytes]","args":[{"enterText":"Meter","selector":{"id":"application-manageresources-display-component---newResourceUnit--DIMENSION_UNIT","interaction":{"idSuffix":"inner"}},"clearTextFirst":true,"interactionType":"ENTER_TEXT"}]}
COMMAND: POST /session/cf943d61b4ec37add412b20e5410361e/execute/async - {"script":"<script> [1562 bytes]","args":[{"selector":{"id":"application-manageresources-display-component---newResourceUnit--newRRUPage-anchBar-application-manageresources-display-component---newResourceUnit--control-anchor","interaction":{"idSuffix":"BDI-content"}},"wdio_ui5_key":"applicationmanageresources-display-component---newResourceUnit--newRRUPage-anchBar-application-manageresources-display-component---newResourceUnit--control-anchor"}]}
RESULT: {"script":"<script> [1562 bytes]","args":[{"selector":{"id":"application-manageresources-display-component---newResourceUnit--newRRUPage-anchBar-application-manageresources-display-component---newResourceUnit--control-anchor","interaction":{"idSuffix":"BDI-content"}},"wdio_ui5_key":"applicationmanageresources-display-component---newResourceUnit--newRRUPage-anchBar-application-manageresources-display-component---newResourceUnit--control-anchor"}]}
RESULT: undefined
COMMAND: POST /session/cf943d61b4ec37add412b20e5410361e/element - {"using":"xpath","value":"//*[@id=\"application-manageresources-display-component---newResourceUnit--newRRUPage-anchBar-application-manageresources-display-component---newResourceUnit--control-anchor\"]"}
RESULT: {"using":"xpath","value":"//*[@id=\"application-manageresources-display-component---newResourceUnit--newRRUPage-anchBar-application-manageresources-display-component---newResourceUnit--control-anchor\"]"}
COMMAND: POST /session/cf943d61b4ec37add412b20e5410361e/element/f.8C1712D618BBFF0472B495C641D9811D.d.92A6926CAAA98A56A3BA9C15024C2367.e.10811/click - {}
RESULT: {}
COMMAND: POST /session/cf943d61b4ec37add412b20e5410361e/execute/async - {"script":"<script> [1562 bytes]","args":[{"selector":{"id":"application-manageresources-display-component---newResourceUnit--PLANNING_GROUP","interaction":{"idSuffix":"inner"}},"wdio_ui5_key":"applicationmanageresources-display-component---newResourceUnit--PLANNING_GROUP"}]}
COMMAND: GET /session/cf943d61b4ec37add412b20e5410361e/screenshot - {}
RESULT: {"script":"<script> [1562 bytes]","args":[{"selector":{"id":"application-manageresources-display-component---newResourceUnit--PLANNING_GROUP","interaction":{"idSuffix":"inner"}},"wdio_ui5_key":"applicationmanageresources-display-component---newResourceUnit--PLANNING_GROUP"}]}
RESULT: undefined
COMMAND: POST /session/cf943d61b4ec37add412b20e5410361e/execute/async - {"script":"<script> [776 bytes]","args":[{"enterText":"Material","selector":{"id":"application-manageresources-display-component---newResourceUnit--PLANNING_GROUP","interaction":{"idSuffix":"inner"}},"clearTextFirst":true,"interactionType":"ENTER_TEXT"}]}
RESULT: {}
RESULT: {"script":"<script> [776 bytes]","args":[{"enterText":"Material","selector":{"id":"application-manageresources-display-component---newResourceUnit--PLANNING_GROUP","interaction":{"idSuffix":"inner"}},"clearTextFirst":true,"interactionType":"ENTER_TEXT"}]}
COMMAND: POST /session/cf943d61b4ec37add412b20e5410361e/execute/async - {"script":"<script> [1562 bytes]","args":[{"selector":{"id":"application-manageresources-display-component---newResourceUnit--PLANNING_INDICATOR","interaction":{"idSuffix":"inner"}},"wdio_ui5_key":"applicationmanageresources-display-component---newResourceUnit--PLANNING_INDICATOR"}]}
RESULT: {"script":"<script> [1562 bytes]","args":[{"selector":{"id":"application-manageresources-display-component---newResourceUnit--PLANNING_INDICATOR","interaction":{"idSuffix":"inner"}},"wdio_ui5_key":"applicationmanageresources-display-component---newResourceUnit--PLANNING_INDICATOR"}]}
RESULT: undefined
COMMAND: POST /session/cf943d61b4ec37add412b20e5410361e/execute/async - {"script":"<script> [776 bytes]","args":[{"enterText":"10 - infinite","selector":{"id":"application-manageresources-display-component---newResourceUnit--PLANNING_INDICATOR","interaction":{"idSuffix":"inner"}},"clearTextFirst":true,"interactionType":"ENTER_TEXT"}]}
RESULT: {"script":"<script> [776 bytes]","args":[{"enterText":"10 - infinite","selector":{"id":"application-manageresources-display-component---newResourceUnit--PLANNING_INDICATOR","interaction":{"idSuffix":"inner"}},"clearTextFirst":true,"interactionType":"ENTER_TEXT"}]}
COMMAND: POST /session/cf943d61b4ec37add412b20e5410361e/element - {"using":"css selector","value":"#application-manageresources-display-component---newResourceUnit--btnAddTimeSegment"}
RESULT: {"using":"css selector","value":"#application-manageresources-display-component---newResourceUnit--btnAddTimeSegment"}
COMMAND: GET /session/cf943d61b4ec37add412b20e5410361e/element/f.8C1712D618BBFF0472B495C641D9811D.d.92A6926CAAA98A56A3BA9C15024C2367.e.10821/rect - {}
RESULT: {}
COMMAND: GET /session/cf943d61b4ec37add412b20e5410361e/window/rect - {}
RESULT: {}
COMMAND: POST /session/cf943d61b4ec37add412b20e5410361e/execute/sync - {"script":"<script> [92 bytes]","args":[]}
RESULT: {"script":"<script> [92 bytes]","args":[]}
COMMAND: POST /session/cf943d61b4ec37add412b20e5410361e/actions - {"actions":[{"id":"action36","type":"wheel","parameters":{},"actions":[{"type":"scroll","x":-1888,"y":-32,"deltaX":0,"deltaY":0,"duration":0,"origin":{"element-6066-11e4-a52e-4f735466cecf":"f.8C1712D618BBFF0472B495C641D9811D.d.92A6926CAAA98A56A3BA9C15024C2367.e.10821"}}]}]}
COMMAND: GET /session/cf943d61b4ec37add412b20e5410361e/screenshot - {}
RESULT: {}
COMMAND: POST /session/cf943d61b4ec37add412b20e5410361e/execute/sync - {"script":"<script> [79 bytes]","args":[{"element-6066-11e4-a52e-4f735466cecf":"f.8C1712D618BBFF0472B495C641D9811D.d.92A6926CAAA98A56A3BA9C15024C2367.e.10821","ELEMENT":"f.8C1712D618BBFF0472B495C641D9811D.d.92A6926CAAA98A56A3BA9C15024C2367.e.10821"},{"block":"start","inline":"nearest"}]}
RESULT: {"script":"<script> [79 bytes]","args":[{"element-6066-11e4-a52e-4f735466cecf":"f.8C1712D618BBFF0472B495C641D9811D.d.92A6926CAAA98A56A3BA9C15024C2367.e.10821","ELEMENT":"f.8C1712D618BBFF0472B495C641D9811D.d.92A6926CAAA98A56A3BA9C15024C2367.e.10821"},{"block":"start","inline":"nearest"}]}
COMMAND: POST /session/cf943d61b4ec37add412b20e5410361e/execute/async - {"script":"<script> [1562 bytes]","args":[{"selector":{"id":"application-manageresources-display-component---newResourceUnit--btnAddTimeSegment","interaction":{"idSuffix":"inner"}},"wdio_ui5_key":"applicationmanageresources-display-component---newResourceUnit--btnAddTimeSegment"}]}
COMMAND: GET /session/cf943d61b4ec37add412b20e5410361e/screenshot - {}
RESULT: {"script":"<script> [1562 bytes]","args":[{"selector":{"id":"application-manageresources-display-component---newResourceUnit--btnAddTimeSegment","interaction":{"idSuffix":"inner"}},"wdio_ui5_key":"applicationmanageresources-display-component---newResourceUnit--btnAddTimeSegment"}]}
RESULT: undefined
COMMAND: POST /session/cf943d61b4ec37add412b20e5410361e/element - {"using":"xpath","value":"//*[@id=\"application-manageresources-display-component---newResourceUnit--btnAddTimeSegment\"]"}
RESULT: {}
RESULT: {"using":"xpath","value":"//*[@id=\"application-manageresources-display-component---newResourceUnit--btnAddTimeSegment\"]"}
COMMAND: POST /session/cf943d61b4ec37add412b20e5410361e/element/f.8C1712D618BBFF0472B495C641D9811D.d.92A6926CAAA98A56A3BA9C15024C2367.e.10821/click - {}
RESULT: {}
COMMAND: GET /session/cf943d61b4ec37add412b20e5410361e/screenshot - {}
RESULT: {}
COMMAND: POST /session/cf943d61b4ec37add412b20e5410361e/element - {"using":"xpath","value":"//input[@id=\"application-manageresources-display-component---newResourceUnit--idRuTSAdmin-application-manageresources-display-component---newResourceUnit--RUTimeSegment-0-inner\"]"}
RESULT: {"using":"xpath","value":"//input[@id=\"application-manageresources-display-component---newResourceUnit--idRuTSAdmin-application-manageresources-display-component---newResourceUnit--RUTimeSegment-0-inner\"]"}
COMMAND: POST /session/cf943d61b4ec37add412b20e5410361e/element/f.8C1712D618BBFF0472B495C641D9811D.d.92A6926CAAA98A56A3BA9C15024C2367.e.10826/clear - {}
RESULT: {}
COMMAND: POST /session/cf943d61b4ec37add412b20e5410361e/element/f.8C1712D618BBFF0472B495C641D9811D.d.92A6926CAAA98A56A3BA9C15024C2367.e.10826/value - {"text":"685"}
COMMAND: GET /session/cf943d61b4ec37add412b20e5410361e/screenshot - {}
RESULT: {"text":"685"}
COMMAND: GET /session/cf943d61b4ec37add412b20e5410361e/screenshot - {}
RESULT: {}
RESULT: {}
COMMAND: POST /session/cf943d61b4ec37add412b20e5410361e/element - {"using":"xpath","value":"//li[.//span[text()='685']]"}
RESULT: {"using":"xpath","value":"//li[.//span[text()='685']]"}
COMMAND: POST /session/cf943d61b4ec37add412b20e5410361e/element/f.8C1712D618BBFF0472B495C641D9811D.d.92A6926CAAA98A56A3BA9C15024C2367.e.10835/click - {}
RESULT: {}
COMMAND: GET /session/cf943d61b4ec37add412b20e5410361e/screenshot - {}
RESULT: {}
COMMAND: POST /session/cf943d61b4ec37add412b20e5410361e/element - {"using":"xpath","value":"(//span[contains(@id, \"-application-manageresources-display-component---newResourceUnit--RUTimeSegment-0-arrow\")])[2]"}
RESULT: {"using":"xpath","value":"(//span[contains(@id, \"-application-manageresources-display-component---newResourceUnit--RUTimeSegment-0-arrow\")])[2]"}
COMMAND: POST /session/cf943d61b4ec37add412b20e5410361e/element/f.8C1712D618BBFF0472B495C641D9811D.d.92A6926CAAA98A56A3BA9C15024C2367.e.10836/click - {}
RESULT: {}
COMMAND: POST /session/cf943d61b4ec37add412b20e5410361e/element - {"using":"xpath","value":"//span[contains(text(), \"PM Order\")]"}
COMMAND: GET /session/cf943d61b4ec37add412b20e5410361e/screenshot - {}
RESULT: {"using":"xpath","value":"//span[contains(text(), \"PM Order\")]"}
COMMAND: POST /session/cf943d61b4ec37add412b20e5410361e/element/f.8C1712D618BBFF0472B495C641D9811D.d.92A6926CAAA98A56A3BA9C15024C2367.e.10837/click - {}
RESULT: {}
RESULT: {}
COMMAND: GET /session/cf943d61b4ec37add412b20e5410361e/screenshot - {}
RESULT: {}
COMMAND: POST /session/cf943d61b4ec37add412b20e5410361e/element - {"using":"xpath","value":"//td/div/div/div/span[contains(@id, \"newResourceUnit--RUTimeSegment-0-vhi\")][1]"}
RESULT: {"using":"xpath","value":"//td/div/div/div/span[contains(@id, \"newResourceUnit--RUTimeSegment-0-vhi\")][1]"}
COMMAND: GET /session/cf943d61b4ec37add412b20e5410361e/element/f.8C1712D618BBFF0472B495C641D9811D.d.92A6926CAAA98A56A3BA9C15024C2367.e.10841/rect - {}
RESULT: {}
COMMAND: GET /session/cf943d61b4ec37add412b20e5410361e/window/rect - {}
RESULT: {}
COMMAND: POST /session/cf943d61b4ec37add412b20e5410361e/execute/sync - {"script":"<script> [92 bytes]","args":[]}
RESULT: {"script":"<script> [92 bytes]","args":[]}
COMMAND: POST /session/cf943d61b4ec37add412b20e5410361e/actions - {"actions":[{"id":"action37","type":"wheel","parameters":{},"actions":[{"type":"scroll","x":-1888,"y":-24,"deltaX":0,"deltaY":0,"duration":0,"origin":{"element-6066-11e4-a52e-4f735466cecf":"f.8C1712D618BBFF0472B495C641D9811D.d.92A6926CAAA98A56A3BA9C15024C2367.e.10841"}}]}]}
COMMAND: GET /session/cf943d61b4ec37add412b20e5410361e/screenshot - {}
RESULT: {}
COMMAND: POST /session/cf943d61b4ec37add412b20e5410361e/execute/sync - {"script":"<script> [79 bytes]","args":[{"element-6066-11e4-a52e-4f735466cecf":"f.8C1712D618BBFF0472B495C641D9811D.d.92A6926CAAA98A56A3BA9C15024C2367.e.10841","ELEMENT":"f.8C1712D618BBFF0472B495C641D9811D.d.92A6926CAAA98A56A3BA9C15024C2367.e.10841"},{"block":"start","inline":"nearest"}]}
RESULT: {"script":"<script> [79 bytes]","args":[{"element-6066-11e4-a52e-4f735466cecf":"f.8C1712D618BBFF0472B495C641D9811D.d.92A6926CAAA98A56A3BA9C15024C2367.e.10841","ELEMENT":"f.8C1712D618BBFF0472B495C641D9811D.d.92A6926CAAA98A56A3BA9C15024C2367.e.10841"},{"block":"start","inline":"nearest"}]}
COMMAND: GET /session/cf943d61b4ec37add412b20e5410361e/screenshot - {}
RESULT: {}
COMMAND: POST /session/cf943d61b4ec37add412b20e5410361e/element/f.8C1712D618BBFF0472B495C641D9811D.d.92A6926CAAA98A56A3BA9C15024C2367.e.10841/click - {}
RESULT: {}
COMMAND: GET /session/cf943d61b4ec37add412b20e5410361e/screenshot - {}
RESULT: {}
COMMAND: POST /session/cf943d61b4ec37add412b20e5410361e/execute/async - {"script":"<script> [1562 bytes]","args":[{"selector":{"controlType":"sap.m.SearchField","properties":{"placeholder":"Search"},"searchOpenDialogs":true,"interaction":{"idSuffix":"I"}},"wdio_ui5_key":"sapm.SearchField{\"placeholder\":\"Search\"}"}]}
RESULT: {"script":"<script> [1562 bytes]","args":[{"selector":{"controlType":"sap.m.SearchField","properties":{"placeholder":"Search"},"searchOpenDialogs":true,"interaction":{"idSuffix":"I"}},"wdio_ui5_key":"sapm.SearchField{\"placeholder\":\"Search\"}"}]}
RESULT: undefined
COMMAND: POST /session/cf943d61b4ec37add412b20e5410361e/execute/async - {"script":"<script> [776 bytes]","args":[{"enterText":"4000360","selector":{"controlType":"sap.m.SearchField","properties":{"placeholder":"Search"},"searchOpenDialogs":true,"interaction":{"idSuffix":"I"}},"clearTextFirst":true,"interactionType":"ENTER_TEXT"}]}
RESULT: {"script":"<script> [776 bytes]","args":[{"enterText":"4000360","selector":{"controlType":"sap.m.SearchField","properties":{"placeholder":"Search"},"searchOpenDialogs":true,"interaction":{"idSuffix":"I"}},"clearTextFirst":true,"interactionType":"ENTER_TEXT"}]}
COMMAND: POST /session/cf943d61b4ec37add412b20e5410361e/actions - {"actions":[{"id":"action38","type":"key","parameters":{},"actions":[{"type":"keyDown","value":"î€‡"},{"type":"pause","duration":10},{"type":"keyUp","value":"î€‡"}]}]}
RESULT: {"actions":[{"id":"action38","type":"key","parameters":{},"actions":[{"type":"keyDown","value":"î€‡"},{"type":"pause","duration":10},{"type":"keyUp","value":"î€‡"}]}]}
COMMAND: GET /session/cf943d61b4ec37add412b20e5410361e/screenshot - {}
RESULT: {}
COMMAND: POST /session/cf943d61b4ec37add412b20e5410361e/element - {"using":"xpath","value":"//td/div/span[contains(text(), \"BGL Vehicles\")]"}
RESULT: {"using":"xpath","value":"//td/div/span[contains(text(), \"BGL Vehicles\")]"}
COMMAND: POST /session/cf943d61b4ec37add412b20e5410361e/element/f.8C1712D618BBFF0472B495C641D9811D.d.92A6926CAAA98A56A3BA9C15024C2367.e.10864/click - {}
RESULT: {}
COMMAND: GET /session/cf943d61b4ec37add412b20e5410361e/screenshot - {}
RESULT: {}
COMMAND: POST /session/cf943d61b4ec37add412b20e5410361e/element - {"using":"xpath","value":"//bdi[contains(text(), \"OK\")]"}
RESULT: {"using":"xpath","value":"//bdi[contains(text(), \"OK\")]"}
COMMAND: POST /session/cf943d61b4ec37add412b20e5410361e/element/f.8C1712D618BBFF0472B495C641D9811D.d.92A6926CAAA98A56A3BA9C15024C2367.e.10865/click - {}
RESULT: {}
COMMAND: GET /session/cf943d61b4ec37add412b20e5410361e/screenshot - {}
RESULT: {}
COMMAND: POST /session/cf943d61b4ec37add412b20e5410361e/element - {"using":"xpath","value":"//label[contains(@class, 'sapMLabelRequired') and .//bdi[contains(text(), 'Planned Retirement')]]"}
RESULT: {"using":"xpath","value":"//label[contains(@class, 'sapMLabelRequired') and .//bdi[contains(text(), 'Planned Retirement')]]"}
COMMAND: POST /session/cf943d61b4ec37add412b20e5410361e/elements - {"using":"xpath","value":"//label[contains(@class, 'sapMLabelRequired') and .//bdi[contains(text(), 'Planned Retirement')]]"}
RESULT: {"using":"xpath","value":"//label[contains(@class, 'sapMLabelRequired') and .//bdi[contains(text(), 'Planned Retirement')]]"}
COMMAND: POST /session/cf943d61b4ec37add412b20e5410361e/element - {"using":"xpath","value":"//button[@data-kt=\"resourceUnitSaveButton\"]"}
RESULT: {"using":"xpath","value":"//button[@data-kt=\"resourceUnitSaveButton\"]"}
COMMAND: POST /session/cf943d61b4ec37add412b20e5410361e/element/f.8C1712D618BBFF0472B495C641D9811D.d.92A6926CAAA98A56A3BA9C15024C2367.e.10697/click - {}
RESULT: {}
COMMAND: GET /session/cf943d61b4ec37add412b20e5410361e/screenshot - {}
RESULT: {}
COMMAND: POST /session/cf943d61b4ec37add412b20e5410361e/element - {"using":"xpath","value":"//bdi[contains(text(), \"Close\")]"}
RESULT: {"using":"xpath","value":"//bdi[contains(text(), \"Close\")]"}
COMMAND: POST /session/cf943d61b4ec37add412b20e5410361e/element/f.8C1712D618BBFF0472B495C641D9811D.d.92A6926CAAA98A56A3BA9C15024C2367.e.10871/click - {}
RESULT: {}
COMMAND: GET /session/cf943d61b4ec37add412b20e5410361e/screenshot - {}
RESULT: {}
COMMAND: POST /session/cf943d61b4ec37add412b20e5410361e/element - {"using":"xpath","value":"//header[contains(@id, 'detailRruPage-headerTitle')]/div[1]/div[2]/div[2]/span[1]"}
RESULT: {"using":"xpath","value":"//header[contains(@id, 'detailRruPage-headerTitle')]/div[1]/div[2]/div[2]/span[1]"}
COMMAND: POST /session/cf943d61b4ec37add412b20e5410361e/elements - {"using":"xpath","value":"//header[contains(@id, 'detailRruPage-headerTitle')]/div[1]/div[2]/div[2]/span[1]"}
RESULT: {"using":"xpath","value":"//header[contains(@id, 'detailRruPage-headerTitle')]/div[1]/div[2]/div[2]/span[1]"}
COMMAND: POST /session/cf943d61b4ec37add412b20e5410361e/execute/sync - {"script":"<script> [56 bytes]","args":[{"element-6066-11e4-a52e-4f735466cecf":"f.8C1712D618BBFF0472B495C641D9811D.d.92A6926CAAA98A56A3BA9C15024C2367.e.10905","ELEMENT":"f.8C1712D618BBFF0472B495C641D9811D.d.92A6926CAAA98A56A3BA9C15024C2367.e.10905"}]}
RESULT: {"script":"<script> [56 bytes]","args":[{"element-6066-11e4-a52e-4f735466cecf":"f.8C1712D618BBFF0472B495C641D9811D.d.92A6926CAAA98A56A3BA9C15024C2367.e.10905","ELEMENT":"f.8C1712D618BBFF0472B495C641D9811D.d.92A6926CAAA98A56A3BA9C15024C2367.e.10905"}]}
COMMAND: POST /session/cf943d61b4ec37add412b20e5410361e/element - {"using":"css selector","value":"#shell-header-logo"}
COMMAND: GET /session/cf943d61b4ec37add412b20e5410361e/screenshot - {}
RESULT: {"using":"css selector","value":"#shell-header-logo"}
COMMAND: POST /session/cf943d61b4ec37add412b20e5410361e/element/f.8C1712D618BBFF0472B495C641D9811D.d.92A6926CAAA98A56A3BA9C15024C2367.e.10172/click - {}
RESULT: {}
RESULT: {}
COMMAND: GET /session/cf943d61b4ec37add412b20e5410361e/screenshot - {}
RESULT: {}
]]></system-out>
    </testcase>
  </testsuite>
  <testsuite timestamp="2025-06-05T17:06:25" time="286.039" tests="6" failures="4" errors="4" skipped="0">
    <properties>
      <property name="specId" value="0" />
      <property name="suiteName" value="Provide to Site w/o warehouse management w/o clarification" />
      <property name="capabilities" value="chrome.137_0_7151_69.windows" />
      <property name="file" value="file:///D:/a/1/s/test/specs/HTR/provide-to-site-wo-warehouse-wo-clarification.spec.js" />
    </properties>
    <testcase classname="chrome.137_0_7151_69.windows.Provide_to_Site_w/o_warehouse_management_w/o_clarification" name="Should Test for Handover Execution" time="13.354">
      <system-out><![CDATA[
COMMAND: GET /session/cf943d61b4ec37add412b20e5410361e/screenshot - {}
COMMAND: POST /session/cf943d61b4ec37add412b20e5410361e/element - {"using":"xpath","value":"(//span[contains(@id, \"imgNav\")])[1]"}
RESULT: {}
RESULT: {"using":"xpath","value":"(//span[contains(@id, \"imgNav\")])[1]"}
COMMAND: POST /session/cf943d61b4ec37add412b20e5410361e/element/f.8C1712D618BBFF0472B495C641D9811D.d.92A6926CAAA98A56A3BA9C15024C2367.e.10967/click - {}
RESULT: {}
COMMAND: GET /session/cf943d61b4ec37add412b20e5410361e/screenshot - {}
RESULT: {}
COMMAND: POST /session/cf943d61b4ec37add412b20e5410361e/element - {"using":"css selector","value":"#shell-header-logo"}
RESULT: {"using":"css selector","value":"#shell-header-logo"}
COMMAND: POST /session/cf943d61b4ec37add412b20e5410361e/element/f.8C1712D618BBFF0472B495C641D9811D.d.92A6926CAAA98A56A3BA9C15024C2367.e.10908/click - {}
RESULT: {}
COMMAND: GET /session/cf943d61b4ec37add412b20e5410361e/screenshot - {}
RESULT: {}
]]></system-out>
    </testcase>
    <testcase classname="chrome.137_0_7151_69.windows.Provide_to_Site_w/o_warehouse_management_w/o_clarification" name="Should test for Clarification" time="0.003">
      <system-out><![CDATA[
COMMAND: POST /session/cf943d61b4ec37add412b20e5410361e/element - {"using":"css selector","value":"#j_username"}
COMMAND: POST /session/cf943d61b4ec37add412b20e5410361e/url - {"url":"https://qa-testing-00-live-etm-ui.cfapps.eu10-004.hana.ondemand.com/"}
COMMAND: GET /session/cf943d61b4ec37add412b20e5410361e/screenshot - {}
RESULT: {"using":"css selector","value":"#j_username"}
COMMAND: POST /session/cf943d61b4ec37add412b20e5410361e/element - {"using":"css selector","value":"#j_username"}
RESULT: {"url":"https://qa-testing-00-live-etm-ui.cfapps.eu10-004.hana.ondemand.com/"}
RESULT: undefined
COMMAND: GET /session/cf943d61b4ec37add412b20e5410361e/screenshot - {}
RESULT: {}
RESULT: {"using":"css selector","value":"#j_username"}
COMMAND: POST /session/cf943d61b4ec37add412b20e5410361e/element - {"using":"css selector","value":"#shell-header-logo"}
RESULT: {}
RESULT: {"using":"css selector","value":"#shell-header-logo"}
COMMAND: POST /session/cf943d61b4ec37add412b20e5410361e/execute/sync - {"script":"<script> [8489 bytes]","args":[{"element-6066-11e4-a52e-4f735466cecf":"f.8C1712D618BBFF0472B495C641D9811D.d.17BD500CCCB86944EF1294F412A36CBE.e.11349","ELEMENT":"f.8C1712D618BBFF0472B495C641D9811D.d.17BD500CCCB86944EF1294F412A36CBE.e.11349"}]}
RESULT: {"script":"<script> [8489 bytes]","args":[{"element-6066-11e4-a52e-4f735466cecf":"f.8C1712D618BBFF0472B495C641D9811D.d.17BD500CCCB86944EF1294F412A36CBE.e.11349","ELEMENT":"f.8C1712D618BBFF0472B495C641D9811D.d.17BD500CCCB86944EF1294F412A36CBE.e.11349"}]}
COMMAND: POST /session/cf943d61b4ec37add412b20e5410361e/element - {"using":"css selector","value":"#shell-header-logo"}
COMMAND: GET /session/cf943d61b4ec37add412b20e5410361e/screenshot - {}
RESULT: {"using":"css selector","value":"#shell-header-logo"}
COMMAND: POST /session/cf943d61b4ec37add412b20e5410361e/execute/sync - {"script":"<script> [8489 bytes]","args":[{"element-6066-11e4-a52e-4f735466cecf":"f.8C1712D618BBFF0472B495C641D9811D.d.17BD500CCCB86944EF1294F412A36CBE.e.11349","ELEMENT":"f.8C1712D618BBFF0472B495C641D9811D.d.17BD500CCCB86944EF1294F412A36CBE.e.11349"}]}
RESULT: {}
RESULT: {"script":"<script> [8489 bytes]","args":[{"element-6066-11e4-a52e-4f735466cecf":"f.8C1712D618BBFF0472B495C641D9811D.d.17BD500CCCB86944EF1294F412A36CBE.e.11349","ELEMENT":"f.8C1712D618BBFF0472B495C641D9811D.d.17BD500CCCB86944EF1294F412A36CBE.e.11349"}]}
COMMAND: POST /session/cf943d61b4ec37add412b20e5410361e/execute/sync - {"script":"<script> [5351 bytes]","args":[{"element-6066-11e4-a52e-4f735466cecf":"f.8C1712D618BBFF0472B495C641D9811D.d.17BD500CCCB86944EF1294F412A36CBE.e.11349","ELEMENT":"f.8C1712D618BBFF0472B495C641D9811D.d.17BD500CCCB86944EF1294F412A36CBE.e.11349"}]}
COMMAND: GET /session/cf943d61b4ec37add412b20e5410361e/screenshot - {}
RESULT: {"script":"<script> [5351 bytes]","args":[{"element-6066-11e4-a52e-4f735466cecf":"f.8C1712D618BBFF0472B495C641D9811D.d.17BD500CCCB86944EF1294F412A36CBE.e.11349","ELEMENT":"f.8C1712D618BBFF0472B495C641D9811D.d.17BD500CCCB86944EF1294F412A36CBE.e.11349"}]}
COMMAND: POST /session/cf943d61b4ec37add412b20e5410361e/element - {"using":"css selector","value":"#shell-header-logo"}
COMMAND: GET /session/cf943d61b4ec37add412b20e5410361e/screenshot - {}
RESULT: {}
RESULT: {"using":"css selector","value":"#shell-header-logo"}
COMMAND: POST /session/cf943d61b4ec37add412b20e5410361e/element/f.8C1712D618BBFF0472B495C641D9811D.d.17BD500CCCB86944EF1294F412A36CBE.e.11349/click - {}
RESULT: {}
RESULT: {}
COMMAND: GET /session/cf943d61b4ec37add412b20e5410361e/screenshot - {}
RESULT: {}
COMMAND: POST /session/cf943d61b4ec37add412b20e5410361e/execute/async - {"script":"<script> [189 bytes]","args":[]}
RESULT: {"script":"<script> [189 bytes]","args":[]}
COMMAND: POST /session/cf943d61b4ec37add412b20e5410361e/execute/async - {"script":"<script> [123 bytes]","args":[]}
RESULT: {"script":"<script> [123 bytes]","args":[]}
COMMAND: POST /session/cf943d61b4ec37add412b20e5410361e/timeouts - {"script":"<number>"}
RESULT: {"script":"<number>"}
COMMAND: GET /session/cf943d61b4ec37add412b20e5410361e/timeouts - {}
RESULT: {}
RESULT: undefined
COMMAND: POST /session/cf943d61b4ec37add412b20e5410361e/execute/async - {"script":"<script> [2676 bytes]","args":[]}
RESULT: {"script":"<script> [2676 bytes]","args":[]}
COMMAND: POST /session/cf943d61b4ec37add412b20e5410361e/execute/async - {"script":"<script> [2342 bytes]","args":[{"protocol":"http","hostname":"0.0.0.0","path":"/","capabilities":{"browserName":"chrome","goog:chromeOptions":{"binary":"C:\\Program Files\\Google\\Chrome\\Application\\chrome.exe","args":["--start-maximized"]}},"logLevel":"warn","connectionRetryTimeout":120000,"connectionRetryCount":3,"logLevels":{},"enableDirectConnect":true,"strictSSL":true,"_":"65 more keys: [\"cacheDir\",\"port\",\"requestedCapabilities\",\"automationProtocol\",\"baseUrl\",\"waitforInterval\",\"waitforTimeout\",\"onReload\",\"beforeCommand\",\"afterCommand\",\"rootDir\",\"specs\",\"suites\",\"exclude\",\"groupLogsByTestSpec\",\"excludeDriverLogs\",\"bail\",\"framework\",\"reporters\",\"services\",\"maxInstances\",\"maxInstancesPerCapability\",\"injectGlobals\",\"filesToWatch\",\"execArgv\",\"runnerEnv\",\"runner\",\"shard\",\"specFileRetries\",\"specFileRetriesDelay\",\"specFileRetriesDeferred\",\"reporterSyncInterval\",\"reporterSyncTimeout\",\"cucumberFeaturesWithLineNumbers\",\"autoCompileOpts\",\"mochaOpts\",\"jasmineOpts\",\"cucumberOpts\",\"onPrepare\",\"onWorkerStart\",\"onWorkerEnd\",\"before\",\"beforeSession\",\"beforeSuite\",\"beforeHook\",\"beforeTest\",\"afterTest\",\"afterHook\",\"afterSuite\",\"afterSession\",\"after\",\"onComplete\",\"beforeAssertion\",\"afterAssertion\",\"beforeFeature\",\"beforeScenario\",\"beforeStep\",\"afterStep\",\"afterScenario\",\"afterFeature\",\"_\",\"suite\",\"$0\",\"ignoredWorkerServices\",\"wdi5\"]"}]}
RESULT: {"script":"<script> [2342 bytes]","args":[{"protocol":"http","hostname":"0.0.0.0","path":"/","capabilities":{"browserName":"chrome","goog:chromeOptions":{"binary":"C:\\Program Files\\Google\\Chrome\\Application\\chrome.exe","args":["--start-maximized"]}},"logLevel":"warn","connectionRetryTimeout":120000,"connectionRetryCount":3,"logLevels":{},"enableDirectConnect":true,"strictSSL":true,"_":"65 more keys: [\"cacheDir\",\"port\",\"requestedCapabilities\",\"automationProtocol\",\"baseUrl\",\"waitforInterval\",\"waitforTimeout\",\"onReload\",\"beforeCommand\",\"afterCommand\",\"rootDir\",\"specs\",\"suites\",\"exclude\",\"groupLogsByTestSpec\",\"excludeDriverLogs\",\"bail\",\"framework\",\"reporters\",\"services\",\"maxInstances\",\"maxInstancesPerCapability\",\"injectGlobals\",\"filesToWatch\",\"execArgv\",\"runnerEnv\",\"runner\",\"shard\",\"specFileRetries\",\"specFileRetriesDelay\",\"specFileRetriesDeferred\",\"reporterSyncInterval\",\"reporterSyncTimeout\",\"cucumberFeaturesWithLineNumbers\",\"autoCompileOpts\",\"mochaOpts\",\"jasmineOpts\",\"cucumberOpts\",\"onPrepare\",\"onWorkerStart\",\"onWorkerEnd\",\"before\",\"beforeSession\",\"beforeSuite\",\"beforeHook\",\"beforeTest\",\"afterTest\",\"afterHook\",\"afterSuite\",\"afterSession\",\"after\",\"onComplete\",\"beforeAssertion\",\"afterAssertion\",\"beforeFeature\",\"beforeScenario\",\"beforeStep\",\"afterStep\",\"afterScenario\",\"afterFeature\",\"_\",\"suite\",\"$0\",\"ignoredWorkerServices\",\"wdi5\"]"}]}
COMMAND: POST /session/cf943d61b4ec37add412b20e5410361e/execute/async - {"script":"<script> [21126 bytes]","args":[35000]}
RESULT: {"script":"<script> [21126 bytes]","args":[35000]}
COMMAND: POST /session/cf943d61b4ec37add412b20e5410361e/window/maximize - {}
RESULT: {}
COMMAND: POST /session/cf943d61b4ec37add412b20e5410361e/execute/async - {"script":"<script> [1562 bytes]","args":[{"selector":{"id":"shell-header","interaction":{"idSuffix":"icon"}},"wdio_ui5_key":"shellheader"}]}
COMMAND: GET /session/cf943d61b4ec37add412b20e5410361e/screenshot - {}
RESULT: {"script":"<script> [1562 bytes]","args":[{"selector":{"id":"shell-header","interaction":{"idSuffix":"icon"}},"wdio_ui5_key":"shellheader"}]}
RESULT: undefined
COMMAND: POST /session/cf943d61b4ec37add412b20e5410361e/refresh - {}
RESULT: {}
RESULT: {}
COMMAND: GET /session/cf943d61b4ec37add412b20e5410361e/screenshot - {}
RESULT: {}
COMMAND: POST /session/cf943d61b4ec37add412b20e5410361e/refresh - {}
RESULT: {}
COMMAND: GET /session/cf943d61b4ec37add412b20e5410361e/screenshot - {}
RESULT: {}
COMMAND: POST /session/cf943d61b4ec37add412b20e5410361e/window/fullscreen - {}
RESULT: {}
COMMAND: POST /session/cf943d61b4ec37add412b20e5410361e/execute/async - {"script":"<script> [189 bytes]","args":[]}
RESULT: {"script":"<script> [189 bytes]","args":[]}
COMMAND: POST /session/cf943d61b4ec37add412b20e5410361e/execute/async - {"script":"<script> [123 bytes]","args":[]}
RESULT: {"script":"<script> [123 bytes]","args":[]}
COMMAND: POST /session/cf943d61b4ec37add412b20e5410361e/timeouts - {"script":"<number>"}
RESULT: {"script":"<number>"}
COMMAND: GET /session/cf943d61b4ec37add412b20e5410361e/timeouts - {}
RESULT: {}
RESULT: undefined
COMMAND: POST /session/cf943d61b4ec37add412b20e5410361e/execute/async - {"script":"<script> [2676 bytes]","args":[]}
RESULT: {"script":"<script> [2676 bytes]","args":[]}
COMMAND: POST /session/cf943d61b4ec37add412b20e5410361e/execute/async - {"script":"<script> [2342 bytes]","args":[{"protocol":"http","hostname":"0.0.0.0","path":"/","capabilities":{"browserName":"chrome","goog:chromeOptions":{"binary":"C:\\Program Files\\Google\\Chrome\\Application\\chrome.exe","args":["--start-maximized"]}},"logLevel":"warn","connectionRetryTimeout":120000,"connectionRetryCount":3,"logLevels":{},"enableDirectConnect":true,"strictSSL":true,"_":"65 more keys: [\"cacheDir\",\"port\",\"requestedCapabilities\",\"automationProtocol\",\"baseUrl\",\"waitforInterval\",\"waitforTimeout\",\"onReload\",\"beforeCommand\",\"afterCommand\",\"rootDir\",\"specs\",\"suites\",\"exclude\",\"groupLogsByTestSpec\",\"excludeDriverLogs\",\"bail\",\"framework\",\"reporters\",\"services\",\"maxInstances\",\"maxInstancesPerCapability\",\"injectGlobals\",\"filesToWatch\",\"execArgv\",\"runnerEnv\",\"runner\",\"shard\",\"specFileRetries\",\"specFileRetriesDelay\",\"specFileRetriesDeferred\",\"reporterSyncInterval\",\"reporterSyncTimeout\",\"cucumberFeaturesWithLineNumbers\",\"autoCompileOpts\",\"mochaOpts\",\"jasmineOpts\",\"cucumberOpts\",\"onPrepare\",\"onWorkerStart\",\"onWorkerEnd\",\"before\",\"beforeSession\",\"beforeSuite\",\"beforeHook\",\"beforeTest\",\"afterTest\",\"afterHook\",\"afterSuite\",\"afterSession\",\"after\",\"onComplete\",\"beforeAssertion\",\"afterAssertion\",\"beforeFeature\",\"beforeScenario\",\"beforeStep\",\"afterStep\",\"afterScenario\",\"afterFeature\",\"_\",\"suite\",\"$0\",\"ignoredWorkerServices\",\"wdi5\"]"}]}
RESULT: {"script":"<script> [2342 bytes]","args":[{"protocol":"http","hostname":"0.0.0.0","path":"/","capabilities":{"browserName":"chrome","goog:chromeOptions":{"binary":"C:\\Program Files\\Google\\Chrome\\Application\\chrome.exe","args":["--start-maximized"]}},"logLevel":"warn","connectionRetryTimeout":120000,"connectionRetryCount":3,"logLevels":{},"enableDirectConnect":true,"strictSSL":true,"_":"65 more keys: [\"cacheDir\",\"port\",\"requestedCapabilities\",\"automationProtocol\",\"baseUrl\",\"waitforInterval\",\"waitforTimeout\",\"onReload\",\"beforeCommand\",\"afterCommand\",\"rootDir\",\"specs\",\"suites\",\"exclude\",\"groupLogsByTestSpec\",\"excludeDriverLogs\",\"bail\",\"framework\",\"reporters\",\"services\",\"maxInstances\",\"maxInstancesPerCapability\",\"injectGlobals\",\"filesToWatch\",\"execArgv\",\"runnerEnv\",\"runner\",\"shard\",\"specFileRetries\",\"specFileRetriesDelay\",\"specFileRetriesDeferred\",\"reporterSyncInterval\",\"reporterSyncTimeout\",\"cucumberFeaturesWithLineNumbers\",\"autoCompileOpts\",\"mochaOpts\",\"jasmineOpts\",\"cucumberOpts\",\"onPrepare\",\"onWorkerStart\",\"onWorkerEnd\",\"before\",\"beforeSession\",\"beforeSuite\",\"beforeHook\",\"beforeTest\",\"afterTest\",\"afterHook\",\"afterSuite\",\"afterSession\",\"after\",\"onComplete\",\"beforeAssertion\",\"afterAssertion\",\"beforeFeature\",\"beforeScenario\",\"beforeStep\",\"afterStep\",\"afterScenario\",\"afterFeature\",\"_\",\"suite\",\"$0\",\"ignoredWorkerServices\",\"wdi5\"]"}]}
COMMAND: POST /session/cf943d61b4ec37add412b20e5410361e/execute/async - {"script":"<script> [21126 bytes]","args":[35000]}
RESULT: {"script":"<script> [21126 bytes]","args":[35000]}
]]></system-out>
    </testcase>
  </testsuite>
  <testsuite timestamp="2025-06-05T17:11:11" time="182.473" tests="6" failures="0" errors="0" skipped="0">
    <properties>
      <property name="specId" value="0" />
      <property name="suiteName" value="Return from Site w/ warehouse management w/ clarification US125588" />
      <property name="capabilities" value="chrome.137_0_7151_69.windows" />
      <property name="file" value="file:///D:/a/1/s/test/specs/HTR/return-from-site-w-warehouse-management-w-clarification.spec.js" />
    </properties>
    <testcase classname="chrome.137_0_7151_69.windows.Return_from_Site_w/_warehouse_management_w/_clarification_US125588" name="Should create a new WHM yard" time="0.008">
      <system-out><![CDATA[
COMMAND: POST /session/cf943d61b4ec37add412b20e5410361e/window/fullscreen - {}
RESULT: {}
]]></system-out>
    </testcase>
    <testcase classname="chrome.137_0_7151_69.windows.Return_from_Site_w/_warehouse_management_w/_clarification_US125588" name="Should create a new external WHM partner" time="0.002" />
    <testcase classname="chrome.137_0_7151_69.windows.Return_from_Site_w/_warehouse_management_w/_clarification_US125588" name="Should create a new WHM site" time="0.002" />
    <testcase classname="chrome.137_0_7151_69.windows.Return_from_Site_w/_warehouse_management_w/_clarification_US125588" name="Should create a new material" time="129.417">
      <system-out><![CDATA[
COMMAND: POST /session/cf943d61b4ec37add412b20e5410361e/execute/async - {"script":"<script> [1562 bytes]","args":[{"selector":{"controlType":"sap.m.GenericTile","properties":{"header":"Manage Resources"}},"wdio_ui5_key":"sapm.GenericTile{\"header\":\"Manage Resources\"}"}]}
RESULT: {"script":"<script> [1562 bytes]","args":[{"selector":{"controlType":"sap.m.GenericTile","properties":{"header":"Manage Resources"}},"wdio_ui5_key":"sapm.GenericTile{\"header\":\"Manage Resources\"}"}]}
RESULT: undefined
COMMAND: POST /session/cf943d61b4ec37add412b20e5410361e/element - {"using":"xpath","value":"//*[@id=\"__tile39\"]"}
RESULT: {"using":"xpath","value":"//*[@id=\"__tile39\"]"}
COMMAND: POST /session/cf943d61b4ec37add412b20e5410361e/element/f.8C1712D618BBFF0472B495C641D9811D.d.F3AB6E2BEA4042E4157C84AA0879D65D.e.11502/click - {}
RESULT: {}
COMMAND: GET /session/cf943d61b4ec37add412b20e5410361e/screenshot - {}
RESULT: {}
COMMAND: POST /session/cf943d61b4ec37add412b20e5410361e/elements - {"using":"xpath","value":"//span[text()='Error']"}
RESULT: {"using":"xpath","value":"//span[text()='Error']"}
COMMAND: POST /session/cf943d61b4ec37add412b20e5410361e/element - {"using":"xpath","value":"//button[@data-kt=\"addNewRUOverflowToolbarButton\"]"}
RESULT: {"using":"xpath","value":"//button[@data-kt=\"addNewRUOverflowToolbarButton\"]"}
COMMAND: POST /session/cf943d61b4ec37add412b20e5410361e/elements - {"using":"xpath","value":"//button[@data-kt=\"addNewRUOverflowToolbarButton\"]"}
RESULT: {"using":"xpath","value":"//button[@data-kt=\"addNewRUOverflowToolbarButton\"]"}
COMMAND: POST /session/cf943d61b4ec37add412b20e5410361e/elements - {"using":"xpath","value":"//button[@data-kt=\"addNewRUOverflowToolbarButton\"]"}
RESULT: {"using":"xpath","value":"//button[@data-kt=\"addNewRUOverflowToolbarButton\"]"}
COMMAND: POST /session/cf943d61b4ec37add412b20e5410361e/elements - {"using":"xpath","value":"//button[@data-kt=\"addNewRUOverflowToolbarButton\"]"}
RESULT: {"using":"xpath","value":"//button[@data-kt=\"addNewRUOverflowToolbarButton\"]"}
COMMAND: POST /session/cf943d61b4ec37add412b20e5410361e/elements - {"using":"xpath","value":"//button[@data-kt=\"addNewRUOverflowToolbarButton\"]"}
RESULT: {"using":"xpath","value":"//button[@data-kt=\"addNewRUOverflowToolbarButton\"]"}
COMMAND: POST /session/cf943d61b4ec37add412b20e5410361e/elements - {"using":"xpath","value":"//button[@data-kt=\"addNewRUOverflowToolbarButton\"]"}
RESULT: {"using":"xpath","value":"//button[@data-kt=\"addNewRUOverflowToolbarButton\"]"}
COMMAND: POST /session/cf943d61b4ec37add412b20e5410361e/elements - {"using":"xpath","value":"//button[@data-kt=\"addNewRUOverflowToolbarButton\"]"}
RESULT: {"using":"xpath","value":"//button[@data-kt=\"addNewRUOverflowToolbarButton\"]"}
COMMAND: POST /session/cf943d61b4ec37add412b20e5410361e/elements - {"using":"xpath","value":"//button[@data-kt=\"addNewRUOverflowToolbarButton\"]"}
RESULT: {"using":"xpath","value":"//button[@data-kt=\"addNewRUOverflowToolbarButton\"]"}
COMMAND: POST /session/cf943d61b4ec37add412b20e5410361e/element - {"using":"xpath","value":"//button[@data-kt=\"addNewRUOverflowToolbarButton\"]"}
RESULT: {"using":"xpath","value":"//button[@data-kt=\"addNewRUOverflowToolbarButton\"]"}
COMMAND: POST /session/cf943d61b4ec37add412b20e5410361e/execute/sync - {"script":"<script> [8489 bytes]","args":[{"element-6066-11e4-a52e-4f735466cecf":"f.8C1712D618BBFF0472B495C641D9811D.d.F3AB6E2BEA4042E4157C84AA0879D65D.e.11643","ELEMENT":"f.8C1712D618BBFF0472B495C641D9811D.d.F3AB6E2BEA4042E4157C84AA0879D65D.e.11643"}]}
RESULT: {"script":"<script> [8489 bytes]","args":[{"element-6066-11e4-a52e-4f735466cecf":"f.8C1712D618BBFF0472B495C641D9811D.d.F3AB6E2BEA4042E4157C84AA0879D65D.e.11643","ELEMENT":"f.8C1712D618BBFF0472B495C641D9811D.d.F3AB6E2BEA4042E4157C84AA0879D65D.e.11643"}]}
COMMAND: GET /session/cf943d61b4ec37add412b20e5410361e/element/f.8C1712D618BBFF0472B495C641D9811D.d.F3AB6E2BEA4042E4157C84AA0879D65D.e.11643/enabled - {}
COMMAND: GET /session/cf943d61b4ec37add412b20e5410361e/screenshot - {}
RESULT: {}
COMMAND: POST /session/cf943d61b4ec37add412b20e5410361e/execute/sync - {"script":"<script> [8489 bytes]","args":[{"element-6066-11e4-a52e-4f735466cecf":"f.8C1712D618BBFF0472B495C641D9811D.d.F3AB6E2BEA4042E4157C84AA0879D65D.e.11643","ELEMENT":"f.8C1712D618BBFF0472B495C641D9811D.d.F3AB6E2BEA4042E4157C84AA0879D65D.e.11643"}]}
COMMAND: GET /session/cf943d61b4ec37add412b20e5410361e/screenshot - {}
RESULT: {}
RESULT: {"script":"<script> [8489 bytes]","args":[{"element-6066-11e4-a52e-4f735466cecf":"f.8C1712D618BBFF0472B495C641D9811D.d.F3AB6E2BEA4042E4157C84AA0879D65D.e.11643","ELEMENT":"f.8C1712D618BBFF0472B495C641D9811D.d.F3AB6E2BEA4042E4157C84AA0879D65D.e.11643"}]}
COMMAND: POST /session/cf943d61b4ec37add412b20e5410361e/execute/sync - {"script":"<script> [5351 bytes]","args":[{"element-6066-11e4-a52e-4f735466cecf":"f.8C1712D618BBFF0472B495C641D9811D.d.F3AB6E2BEA4042E4157C84AA0879D65D.e.11643","ELEMENT":"f.8C1712D618BBFF0472B495C641D9811D.d.F3AB6E2BEA4042E4157C84AA0879D65D.e.11643"}]}
COMMAND: GET /session/cf943d61b4ec37add412b20e5410361e/screenshot - {}
RESULT: {}
RESULT: {"script":"<script> [5351 bytes]","args":[{"element-6066-11e4-a52e-4f735466cecf":"f.8C1712D618BBFF0472B495C641D9811D.d.F3AB6E2BEA4042E4157C84AA0879D65D.e.11643","ELEMENT":"f.8C1712D618BBFF0472B495C641D9811D.d.F3AB6E2BEA4042E4157C84AA0879D65D.e.11643"}]}
COMMAND: POST /session/cf943d61b4ec37add412b20e5410361e/element/f.8C1712D618BBFF0472B495C641D9811D.d.F3AB6E2BEA4042E4157C84AA0879D65D.e.11643/click - {}
COMMAND: GET /session/cf943d61b4ec37add412b20e5410361e/screenshot - {}
RESULT: {}
RESULT: {}
COMMAND: GET /session/cf943d61b4ec37add412b20e5410361e/screenshot - {}
RESULT: {}
RESULT: {}
COMMAND: POST /session/cf943d61b4ec37add412b20e5410361e/execute/async - {"script":"<script> [1562 bytes]","args":[{"selector":{"id":"application-manageresources-display-component---newResourceUnit--TYPE-arrow"},"wdio_ui5_key":"applicationmanageresources-display-component---newResourceUnit--TYPE-arrow"}]}
RESULT: {"script":"<script> [1562 bytes]","args":[{"selector":{"id":"application-manageresources-display-component---newResourceUnit--TYPE-arrow"},"wdio_ui5_key":"applicationmanageresources-display-component---newResourceUnit--TYPE-arrow"}]}
RESULT: undefined
COMMAND: POST /session/cf943d61b4ec37add412b20e5410361e/element - {"using":"xpath","value":"//*[@id=\"application-manageresources-display-component---newResourceUnit--TYPE-arrow\"]"}
RESULT: {"using":"xpath","value":"//*[@id=\"application-manageresources-display-component---newResourceUnit--TYPE-arrow\"]"}
COMMAND: POST /session/cf943d61b4ec37add412b20e5410361e/element/f.8C1712D618BBFF0472B495C641D9811D.d.F3AB6E2BEA4042E4157C84AA0879D65D.e.12005/click - {}
RESULT: {}
COMMAND: POST /session/cf943d61b4ec37add412b20e5410361e/element - {"using":"xpath","value":"//input[@id=\"application-manageresources-display-component---newResourceUnit--TYPE-inner\"]"}
COMMAND: GET /session/cf943d61b4ec37add412b20e5410361e/screenshot - {}
RESULT: {"using":"xpath","value":"//input[@id=\"application-manageresources-display-component---newResourceUnit--TYPE-inner\"]"}
COMMAND: POST /session/cf943d61b4ec37add412b20e5410361e/element/f.8C1712D618BBFF0472B495C641D9811D.d.F3AB6E2BEA4042E4157C84AA0879D65D.e.11996/clear - {}
RESULT: {}
RESULT: {}
COMMAND: POST /session/cf943d61b4ec37add412b20e5410361e/element/f.8C1712D618BBFF0472B495C641D9811D.d.F3AB6E2BEA4042E4157C84AA0879D65D.e.11996/value - {"text":"Material"}
COMMAND: GET /session/cf943d61b4ec37add412b20e5410361e/screenshot - {}
RESULT: {"text":"Material"}
COMMAND: GET /session/cf943d61b4ec37add412b20e5410361e/screenshot - {}
RESULT: {}
RESULT: {}
COMMAND: POST /session/cf943d61b4ec37add412b20e5410361e/actions - {"actions":[{"id":"action39","type":"key","parameters":{},"actions":[{"type":"keyDown","value":"î€‡"},{"type":"pause","duration":10},{"type":"keyUp","value":"î€‡"}]}]}
RESULT: {"actions":[{"id":"action39","type":"key","parameters":{},"actions":[{"type":"keyDown","value":"î€‡"},{"type":"pause","duration":10},{"type":"keyUp","value":"î€‡"}]}]}
COMMAND: POST /session/cf943d61b4ec37add412b20e5410361e/execute/async - {"script":"<script> [1562 bytes]","args":[{"selector":{"id":"application-manageresources-display-component---newResourceUnit--SHORT_TEXT","interaction":{"idSuffix":"inner"}},"wdio_ui5_key":"applicationmanageresources-display-component---newResourceUnit--SHORT_TEXT"}]}
COMMAND: GET /session/cf943d61b4ec37add412b20e5410361e/screenshot - {}
RESULT: {"script":"<script> [1562 bytes]","args":[{"selector":{"id":"application-manageresources-display-component---newResourceUnit--SHORT_TEXT","interaction":{"idSuffix":"inner"}},"wdio_ui5_key":"applicationmanageresources-display-component---newResourceUnit--SHORT_TEXT"}]}
RESULT: undefined
COMMAND: POST /session/cf943d61b4ec37add412b20e5410361e/execute/async - {"script":"<script> [776 bytes]","args":[{"enterText":"Cement WDIO","selector":{"id":"application-manageresources-display-component---newResourceUnit--SHORT_TEXT","interaction":{"idSuffix":"inner"}},"clearTextFirst":true,"interactionType":"ENTER_TEXT"}]}
RESULT: {}
RESULT: {"script":"<script> [776 bytes]","args":[{"enterText":"Cement WDIO","selector":{"id":"application-manageresources-display-component---newResourceUnit--SHORT_TEXT","interaction":{"idSuffix":"inner"}},"clearTextFirst":true,"interactionType":"ENTER_TEXT"}]}
COMMAND: POST /session/cf943d61b4ec37add412b20e5410361e/execute/async - {"script":"<script> [1562 bytes]","args":[{"selector":{"id":"application-manageresources-display-component---newResourceUnit--BASE_UNIT_OF_MEASURE","interaction":{"idSuffix":"inner"}},"wdio_ui5_key":"applicationmanageresources-display-component---newResourceUnit--BASE_UNIT_OF_MEASURE"}]}
RESULT: {"script":"<script> [1562 bytes]","args":[{"selector":{"id":"application-manageresources-display-component---newResourceUnit--BASE_UNIT_OF_MEASURE","interaction":{"idSuffix":"inner"}},"wdio_ui5_key":"applicationmanageresources-display-component---newResourceUnit--BASE_UNIT_OF_MEASURE"}]}
RESULT: undefined
COMMAND: POST /session/cf943d61b4ec37add412b20e5410361e/execute/async - {"script":"<script> [776 bytes]","args":[{"enterText":"Piece","selector":{"id":"application-manageresources-display-component---newResourceUnit--BASE_UNIT_OF_MEASURE","interaction":{"idSuffix":"inner"}},"clearTextFirst":true,"interactionType":"ENTER_TEXT"}]}
RESULT: {"script":"<script> [776 bytes]","args":[{"enterText":"Piece","selector":{"id":"application-manageresources-display-component---newResourceUnit--BASE_UNIT_OF_MEASURE","interaction":{"idSuffix":"inner"}},"clearTextFirst":true,"interactionType":"ENTER_TEXT"}]}
COMMAND: POST /session/cf943d61b4ec37add412b20e5410361e/execute/async - {"script":"<script> [1562 bytes]","args":[{"selector":{"id":"application-manageresources-display-component---newResourceUnit--WEIGHT_UNIT","interaction":{"idSuffix":"inner"}},"wdio_ui5_key":"applicationmanageresources-display-component---newResourceUnit--WEIGHT_UNIT"}]}
RESULT: {"script":"<script> [1562 bytes]","args":[{"selector":{"id":"application-manageresources-display-component---newResourceUnit--WEIGHT_UNIT","interaction":{"idSuffix":"inner"}},"wdio_ui5_key":"applicationmanageresources-display-component---newResourceUnit--WEIGHT_UNIT"}]}
RESULT: undefined
COMMAND: POST /session/cf943d61b4ec37add412b20e5410361e/execute/async - {"script":"<script> [776 bytes]","args":[{"enterText":"Gram","selector":{"id":"application-manageresources-display-component---newResourceUnit--WEIGHT_UNIT","interaction":{"idSuffix":"inner"}},"clearTextFirst":true,"interactionType":"ENTER_TEXT"}]}
RESULT: {"script":"<script> [776 bytes]","args":[{"enterText":"Gram","selector":{"id":"application-manageresources-display-component---newResourceUnit--WEIGHT_UNIT","interaction":{"idSuffix":"inner"}},"clearTextFirst":true,"interactionType":"ENTER_TEXT"}]}
COMMAND: POST /session/cf943d61b4ec37add412b20e5410361e/execute/async - {"script":"<script> [1562 bytes]","args":[{"selector":{"id":"application-manageresources-display-component---newResourceUnit--DIMENSION_UNIT","interaction":{"idSuffix":"inner"}},"wdio_ui5_key":"applicationmanageresources-display-component---newResourceUnit--DIMENSION_UNIT"}]}
RESULT: {"script":"<script> [1562 bytes]","args":[{"selector":{"id":"application-manageresources-display-component---newResourceUnit--DIMENSION_UNIT","interaction":{"idSuffix":"inner"}},"wdio_ui5_key":"applicationmanageresources-display-component---newResourceUnit--DIMENSION_UNIT"}]}
RESULT: undefined
COMMAND: POST /session/cf943d61b4ec37add412b20e5410361e/execute/async - {"script":"<script> [776 bytes]","args":[{"enterText":"Meter","selector":{"id":"application-manageresources-display-component---newResourceUnit--DIMENSION_UNIT","interaction":{"idSuffix":"inner"}},"clearTextFirst":true,"interactionType":"ENTER_TEXT"}]}
RESULT: {"script":"<script> [776 bytes]","args":[{"enterText":"Meter","selector":{"id":"application-manageresources-display-component---newResourceUnit--DIMENSION_UNIT","interaction":{"idSuffix":"inner"}},"clearTextFirst":true,"interactionType":"ENTER_TEXT"}]}
COMMAND: POST /session/cf943d61b4ec37add412b20e5410361e/execute/async - {"script":"<script> [1562 bytes]","args":[{"selector":{"id":"application-manageresources-display-component---newResourceUnit--newRRUPage-anchBar-application-manageresources-display-component---newResourceUnit--control-anchor","interaction":{"idSuffix":"BDI-content"}},"wdio_ui5_key":"applicationmanageresources-display-component---newResourceUnit--newRRUPage-anchBar-application-manageresources-display-component---newResourceUnit--control-anchor"}]}
RESULT: {"script":"<script> [1562 bytes]","args":[{"selector":{"id":"application-manageresources-display-component---newResourceUnit--newRRUPage-anchBar-application-manageresources-display-component---newResourceUnit--control-anchor","interaction":{"idSuffix":"BDI-content"}},"wdio_ui5_key":"applicationmanageresources-display-component---newResourceUnit--newRRUPage-anchBar-application-manageresources-display-component---newResourceUnit--control-anchor"}]}
RESULT: undefined
COMMAND: POST /session/cf943d61b4ec37add412b20e5410361e/element - {"using":"xpath","value":"//*[@id=\"application-manageresources-display-component---newResourceUnit--newRRUPage-anchBar-application-manageresources-display-component---newResourceUnit--control-anchor\"]"}
RESULT: {"using":"xpath","value":"//*[@id=\"application-manageresources-display-component---newResourceUnit--newRRUPage-anchBar-application-manageresources-display-component---newResourceUnit--control-anchor\"]"}
COMMAND: POST /session/cf943d61b4ec37add412b20e5410361e/element/f.8C1712D618BBFF0472B495C641D9811D.d.F3AB6E2BEA4042E4157C84AA0879D65D.e.12138/click - {}
RESULT: {}
COMMAND: POST /session/cf943d61b4ec37add412b20e5410361e/execute/async - {"script":"<script> [1562 bytes]","args":[{"selector":{"id":"application-manageresources-display-component---newResourceUnit--PLANNING_GROUP","interaction":{"idSuffix":"inner"}},"wdio_ui5_key":"applicationmanageresources-display-component---newResourceUnit--PLANNING_GROUP"}]}
COMMAND: GET /session/cf943d61b4ec37add412b20e5410361e/screenshot - {}
RESULT: {"script":"<script> [1562 bytes]","args":[{"selector":{"id":"application-manageresources-display-component---newResourceUnit--PLANNING_GROUP","interaction":{"idSuffix":"inner"}},"wdio_ui5_key":"applicationmanageresources-display-component---newResourceUnit--PLANNING_GROUP"}]}
RESULT: undefined
COMMAND: POST /session/cf943d61b4ec37add412b20e5410361e/execute/async - {"script":"<script> [776 bytes]","args":[{"enterText":"Material","selector":{"id":"application-manageresources-display-component---newResourceUnit--PLANNING_GROUP","interaction":{"idSuffix":"inner"}},"clearTextFirst":true,"interactionType":"ENTER_TEXT"}]}
RESULT: {}
RESULT: {"script":"<script> [776 bytes]","args":[{"enterText":"Material","selector":{"id":"application-manageresources-display-component---newResourceUnit--PLANNING_GROUP","interaction":{"idSuffix":"inner"}},"clearTextFirst":true,"interactionType":"ENTER_TEXT"}]}
COMMAND: POST /session/cf943d61b4ec37add412b20e5410361e/execute/async - {"script":"<script> [1562 bytes]","args":[{"selector":{"id":"application-manageresources-display-component---newResourceUnit--PLANNING_INDICATOR","interaction":{"idSuffix":"inner"}},"wdio_ui5_key":"applicationmanageresources-display-component---newResourceUnit--PLANNING_INDICATOR"}]}
RESULT: {"script":"<script> [1562 bytes]","args":[{"selector":{"id":"application-manageresources-display-component---newResourceUnit--PLANNING_INDICATOR","interaction":{"idSuffix":"inner"}},"wdio_ui5_key":"applicationmanageresources-display-component---newResourceUnit--PLANNING_INDICATOR"}]}
RESULT: undefined
COMMAND: POST /session/cf943d61b4ec37add412b20e5410361e/execute/async - {"script":"<script> [776 bytes]","args":[{"enterText":"10 - infinite","selector":{"id":"application-manageresources-display-component---newResourceUnit--PLANNING_INDICATOR","interaction":{"idSuffix":"inner"}},"clearTextFirst":true,"interactionType":"ENTER_TEXT"}]}
RESULT: {"script":"<script> [776 bytes]","args":[{"enterText":"10 - infinite","selector":{"id":"application-manageresources-display-component---newResourceUnit--PLANNING_INDICATOR","interaction":{"idSuffix":"inner"}},"clearTextFirst":true,"interactionType":"ENTER_TEXT"}]}
COMMAND: POST /session/cf943d61b4ec37add412b20e5410361e/element - {"using":"css selector","value":"#application-manageresources-display-component---newResourceUnit--btnAddTimeSegment"}
RESULT: {"using":"css selector","value":"#application-manageresources-display-component---newResourceUnit--btnAddTimeSegment"}
COMMAND: GET /session/cf943d61b4ec37add412b20e5410361e/element/f.8C1712D618BBFF0472B495C641D9811D.d.F3AB6E2BEA4042E4157C84AA0879D65D.e.12147/rect - {}
RESULT: {}
COMMAND: GET /session/cf943d61b4ec37add412b20e5410361e/window/rect - {}
RESULT: {}
COMMAND: POST /session/cf943d61b4ec37add412b20e5410361e/execute/sync - {"script":"<script> [92 bytes]","args":[]}
RESULT: {"script":"<script> [92 bytes]","args":[]}
COMMAND: POST /session/cf943d61b4ec37add412b20e5410361e/actions - {"actions":[{"id":"action40","type":"wheel","parameters":{},"actions":[{"type":"scroll","x":-1888,"y":-32,"deltaX":0,"deltaY":0,"duration":0,"origin":{"element-6066-11e4-a52e-4f735466cecf":"f.8C1712D618BBFF0472B495C641D9811D.d.F3AB6E2BEA4042E4157C84AA0879D65D.e.12147"}}]}]}
COMMAND: GET /session/cf943d61b4ec37add412b20e5410361e/screenshot - {}
RESULT: {}
COMMAND: POST /session/cf943d61b4ec37add412b20e5410361e/execute/sync - {"script":"<script> [79 bytes]","args":[{"element-6066-11e4-a52e-4f735466cecf":"f.8C1712D618BBFF0472B495C641D9811D.d.F3AB6E2BEA4042E4157C84AA0879D65D.e.12147","ELEMENT":"f.8C1712D618BBFF0472B495C641D9811D.d.F3AB6E2BEA4042E4157C84AA0879D65D.e.12147"},{"block":"start","inline":"nearest"}]}
RESULT: {"script":"<script> [79 bytes]","args":[{"element-6066-11e4-a52e-4f735466cecf":"f.8C1712D618BBFF0472B495C641D9811D.d.F3AB6E2BEA4042E4157C84AA0879D65D.e.12147","ELEMENT":"f.8C1712D618BBFF0472B495C641D9811D.d.F3AB6E2BEA4042E4157C84AA0879D65D.e.12147"},{"block":"start","inline":"nearest"}]}
COMMAND: POST /session/cf943d61b4ec37add412b20e5410361e/execute/async - {"script":"<script> [1562 bytes]","args":[{"selector":{"id":"application-manageresources-display-component---newResourceUnit--btnAddTimeSegment","interaction":{"idSuffix":"inner"}},"wdio_ui5_key":"applicationmanageresources-display-component---newResourceUnit--btnAddTimeSegment"}]}
COMMAND: GET /session/cf943d61b4ec37add412b20e5410361e/screenshot - {}
RESULT: {"script":"<script> [1562 bytes]","args":[{"selector":{"id":"application-manageresources-display-component---newResourceUnit--btnAddTimeSegment","interaction":{"idSuffix":"inner"}},"wdio_ui5_key":"applicationmanageresources-display-component---newResourceUnit--btnAddTimeSegment"}]}
RESULT: undefined
COMMAND: POST /session/cf943d61b4ec37add412b20e5410361e/element - {"using":"xpath","value":"//*[@id=\"application-manageresources-display-component---newResourceUnit--btnAddTimeSegment\"]"}
RESULT: {}
RESULT: {"using":"xpath","value":"//*[@id=\"application-manageresources-display-component---newResourceUnit--btnAddTimeSegment\"]"}
COMMAND: POST /session/cf943d61b4ec37add412b20e5410361e/element/f.8C1712D618BBFF0472B495C641D9811D.d.F3AB6E2BEA4042E4157C84AA0879D65D.e.12147/click - {}
RESULT: {}
COMMAND: GET /session/cf943d61b4ec37add412b20e5410361e/screenshot - {}
RESULT: {}
COMMAND: POST /session/cf943d61b4ec37add412b20e5410361e/element - {"using":"xpath","value":"//input[@id=\"application-manageresources-display-component---newResourceUnit--idRuTSAdmin-application-manageresources-display-component---newResourceUnit--RUTimeSegment-0-inner\"]"}
RESULT: {"using":"xpath","value":"//input[@id=\"application-manageresources-display-component---newResourceUnit--idRuTSAdmin-application-manageresources-display-component---newResourceUnit--RUTimeSegment-0-inner\"]"}
COMMAND: POST /session/cf943d61b4ec37add412b20e5410361e/element/f.8C1712D618BBFF0472B495C641D9811D.d.F3AB6E2BEA4042E4157C84AA0879D65D.e.12152/clear - {}
RESULT: {}
COMMAND: POST /session/cf943d61b4ec37add412b20e5410361e/element/f.8C1712D618BBFF0472B495C641D9811D.d.F3AB6E2BEA4042E4157C84AA0879D65D.e.12152/value - {"text":"682"}
COMMAND: GET /session/cf943d61b4ec37add412b20e5410361e/screenshot - {}
RESULT: {"text":"682"}
COMMAND: GET /session/cf943d61b4ec37add412b20e5410361e/screenshot - {}
RESULT: {}
RESULT: {}
COMMAND: POST /session/cf943d61b4ec37add412b20e5410361e/element - {"using":"xpath","value":"//li[.//span[text()='682']]"}
RESULT: {"using":"xpath","value":"//li[.//span[text()='682']]"}
COMMAND: POST /session/cf943d61b4ec37add412b20e5410361e/element/f.8C1712D618BBFF0472B495C641D9811D.d.F3AB6E2BEA4042E4157C84AA0879D65D.e.12161/click - {}
RESULT: {}
COMMAND: GET /session/cf943d61b4ec37add412b20e5410361e/screenshot - {}
RESULT: {}
COMMAND: POST /session/cf943d61b4ec37add412b20e5410361e/element - {"using":"xpath","value":"(//span[contains(@id, \"-application-manageresources-display-component---newResourceUnit--RUTimeSegment-0-arrow\")])[2]"}
RESULT: {"using":"xpath","value":"(//span[contains(@id, \"-application-manageresources-display-component---newResourceUnit--RUTimeSegment-0-arrow\")])[2]"}
COMMAND: POST /session/cf943d61b4ec37add412b20e5410361e/element/f.8C1712D618BBFF0472B495C641D9811D.d.F3AB6E2BEA4042E4157C84AA0879D65D.e.12162/click - {}
RESULT: {}
COMMAND: POST /session/cf943d61b4ec37add412b20e5410361e/element - {"using":"xpath","value":"//span[contains(text(), \"PM Order\")]"}
COMMAND: GET /session/cf943d61b4ec37add412b20e5410361e/screenshot - {}
RESULT: {"using":"xpath","value":"//span[contains(text(), \"PM Order\")]"}
COMMAND: POST /session/cf943d61b4ec37add412b20e5410361e/element/f.8C1712D618BBFF0472B495C641D9811D.d.F3AB6E2BEA4042E4157C84AA0879D65D.e.12163/click - {}
RESULT: {}
RESULT: {}
COMMAND: GET /session/cf943d61b4ec37add412b20e5410361e/screenshot - {}
RESULT: {}
COMMAND: POST /session/cf943d61b4ec37add412b20e5410361e/element - {"using":"xpath","value":"//td/div/div/div/span[contains(@id, \"newResourceUnit--RUTimeSegment-0-vhi\")][1]"}
RESULT: {"using":"xpath","value":"//td/div/div/div/span[contains(@id, \"newResourceUnit--RUTimeSegment-0-vhi\")][1]"}
COMMAND: GET /session/cf943d61b4ec37add412b20e5410361e/element/f.8C1712D618BBFF0472B495C641D9811D.d.F3AB6E2BEA4042E4157C84AA0879D65D.e.12167/rect - {}
RESULT: {}
COMMAND: GET /session/cf943d61b4ec37add412b20e5410361e/window/rect - {}
RESULT: {}
COMMAND: POST /session/cf943d61b4ec37add412b20e5410361e/execute/sync - {"script":"<script> [92 bytes]","args":[]}
RESULT: {"script":"<script> [92 bytes]","args":[]}
COMMAND: POST /session/cf943d61b4ec37add412b20e5410361e/actions - {"actions":[{"id":"action41","type":"wheel","parameters":{},"actions":[{"type":"scroll","x":-1888,"y":-24,"deltaX":0,"deltaY":0,"duration":0,"origin":{"element-6066-11e4-a52e-4f735466cecf":"f.8C1712D618BBFF0472B495C641D9811D.d.F3AB6E2BEA4042E4157C84AA0879D65D.e.12167"}}]}]}
COMMAND: GET /session/cf943d61b4ec37add412b20e5410361e/screenshot - {}
RESULT: {}
COMMAND: POST /session/cf943d61b4ec37add412b20e5410361e/execute/sync - {"script":"<script> [79 bytes]","args":[{"element-6066-11e4-a52e-4f735466cecf":"f.8C1712D618BBFF0472B495C641D9811D.d.F3AB6E2BEA4042E4157C84AA0879D65D.e.12167","ELEMENT":"f.8C1712D618BBFF0472B495C641D9811D.d.F3AB6E2BEA4042E4157C84AA0879D65D.e.12167"},{"block":"start","inline":"nearest"}]}
RESULT: {"script":"<script> [79 bytes]","args":[{"element-6066-11e4-a52e-4f735466cecf":"f.8C1712D618BBFF0472B495C641D9811D.d.F3AB6E2BEA4042E4157C84AA0879D65D.e.12167","ELEMENT":"f.8C1712D618BBFF0472B495C641D9811D.d.F3AB6E2BEA4042E4157C84AA0879D65D.e.12167"},{"block":"start","inline":"nearest"}]}
COMMAND: GET /session/cf943d61b4ec37add412b20e5410361e/screenshot - {}
RESULT: {}
COMMAND: POST /session/cf943d61b4ec37add412b20e5410361e/element/f.8C1712D618BBFF0472B495C641D9811D.d.F3AB6E2BEA4042E4157C84AA0879D65D.e.12167/click - {}
RESULT: {}
COMMAND: GET /session/cf943d61b4ec37add412b20e5410361e/screenshot - {}
RESULT: {}
COMMAND: POST /session/cf943d61b4ec37add412b20e5410361e/execute/async - {"script":"<script> [1562 bytes]","args":[{"selector":{"controlType":"sap.m.SearchField","properties":{"placeholder":"Search"},"searchOpenDialogs":true,"interaction":{"idSuffix":"I"}},"wdio_ui5_key":"sapm.SearchField{\"placeholder\":\"Search\"}"}]}
RESULT: {"script":"<script> [1562 bytes]","args":[{"selector":{"controlType":"sap.m.SearchField","properties":{"placeholder":"Search"},"searchOpenDialogs":true,"interaction":{"idSuffix":"I"}},"wdio_ui5_key":"sapm.SearchField{\"placeholder\":\"Search\"}"}]}
RESULT: undefined
COMMAND: POST /session/cf943d61b4ec37add412b20e5410361e/execute/async - {"script":"<script> [776 bytes]","args":[{"enterText":"4000360","selector":{"controlType":"sap.m.SearchField","properties":{"placeholder":"Search"},"searchOpenDialogs":true,"interaction":{"idSuffix":"I"}},"clearTextFirst":true,"interactionType":"ENTER_TEXT"}]}
RESULT: {"script":"<script> [776 bytes]","args":[{"enterText":"4000360","selector":{"controlType":"sap.m.SearchField","properties":{"placeholder":"Search"},"searchOpenDialogs":true,"interaction":{"idSuffix":"I"}},"clearTextFirst":true,"interactionType":"ENTER_TEXT"}]}
COMMAND: POST /session/cf943d61b4ec37add412b20e5410361e/actions - {"actions":[{"id":"action42","type":"key","parameters":{},"actions":[{"type":"keyDown","value":"î€‡"},{"type":"pause","duration":10},{"type":"keyUp","value":"î€‡"}]}]}
RESULT: {"actions":[{"id":"action42","type":"key","parameters":{},"actions":[{"type":"keyDown","value":"î€‡"},{"type":"pause","duration":10},{"type":"keyUp","value":"î€‡"}]}]}
COMMAND: GET /session/cf943d61b4ec37add412b20e5410361e/screenshot - {}
RESULT: {}
COMMAND: POST /session/cf943d61b4ec37add412b20e5410361e/element - {"using":"xpath","value":"//td/div/span[contains(text(), \"BGL Vehicles\")]"}
RESULT: {"using":"xpath","value":"//td/div/span[contains(text(), \"BGL Vehicles\")]"}
COMMAND: POST /session/cf943d61b4ec37add412b20e5410361e/element/f.8C1712D618BBFF0472B495C641D9811D.d.F3AB6E2BEA4042E4157C84AA0879D65D.e.12189/click - {}
RESULT: {}
COMMAND: GET /session/cf943d61b4ec37add412b20e5410361e/screenshot - {}
RESULT: {}
COMMAND: POST /session/cf943d61b4ec37add412b20e5410361e/element - {"using":"xpath","value":"//bdi[contains(text(), \"OK\")]"}
RESULT: {"using":"xpath","value":"//bdi[contains(text(), \"OK\")]"}
COMMAND: POST /session/cf943d61b4ec37add412b20e5410361e/element/f.8C1712D618BBFF0472B495C641D9811D.d.F3AB6E2BEA4042E4157C84AA0879D65D.e.12190/click - {}
RESULT: {}
COMMAND: GET /session/cf943d61b4ec37add412b20e5410361e/screenshot - {}
RESULT: {}
COMMAND: POST /session/cf943d61b4ec37add412b20e5410361e/element - {"using":"xpath","value":"//label[contains(@class, 'sapMLabelRequired') and .//bdi[contains(text(), 'Planned Retirement')]]"}
RESULT: {"using":"xpath","value":"//label[contains(@class, 'sapMLabelRequired') and .//bdi[contains(text(), 'Planned Retirement')]]"}
COMMAND: POST /session/cf943d61b4ec37add412b20e5410361e/elements - {"using":"xpath","value":"//label[contains(@class, 'sapMLabelRequired') and .//bdi[contains(text(), 'Planned Retirement')]]"}
RESULT: {"using":"xpath","value":"//label[contains(@class, 'sapMLabelRequired') and .//bdi[contains(text(), 'Planned Retirement')]]"}
COMMAND: POST /session/cf943d61b4ec37add412b20e5410361e/element - {"using":"xpath","value":"//button[@data-kt=\"resourceUnitSaveButton\"]"}
RESULT: {"using":"xpath","value":"//button[@data-kt=\"resourceUnitSaveButton\"]"}
COMMAND: POST /session/cf943d61b4ec37add412b20e5410361e/element/f.8C1712D618BBFF0472B495C641D9811D.d.F3AB6E2BEA4042E4157C84AA0879D65D.e.12025/click - {}
RESULT: {}
COMMAND: GET /session/cf943d61b4ec37add412b20e5410361e/screenshot - {}
RESULT: {}
COMMAND: POST /session/cf943d61b4ec37add412b20e5410361e/element - {"using":"xpath","value":"//bdi[contains(text(), \"Close\")]"}
RESULT: {"using":"xpath","value":"//bdi[contains(text(), \"Close\")]"}
COMMAND: POST /session/cf943d61b4ec37add412b20e5410361e/element/f.8C1712D618BBFF0472B495C641D9811D.d.F3AB6E2BEA4042E4157C84AA0879D65D.e.12197/click - {}
RESULT: {}
COMMAND: GET /session/cf943d61b4ec37add412b20e5410361e/screenshot - {}
RESULT: {}
COMMAND: POST /session/cf943d61b4ec37add412b20e5410361e/element - {"using":"xpath","value":"//header[contains(@id, 'detailRruPage-headerTitle')]/div[1]/div[2]/div[2]/span[1]"}
RESULT: {"using":"xpath","value":"//header[contains(@id, 'detailRruPage-headerTitle')]/div[1]/div[2]/div[2]/span[1]"}
COMMAND: POST /session/cf943d61b4ec37add412b20e5410361e/elements - {"using":"xpath","value":"//header[contains(@id, 'detailRruPage-headerTitle')]/div[1]/div[2]/div[2]/span[1]"}
RESULT: {"using":"xpath","value":"//header[contains(@id, 'detailRruPage-headerTitle')]/div[1]/div[2]/div[2]/span[1]"}
COMMAND: POST /session/cf943d61b4ec37add412b20e5410361e/execute/sync - {"script":"<script> [56 bytes]","args":[{"element-6066-11e4-a52e-4f735466cecf":"f.8C1712D618BBFF0472B495C641D9811D.d.F3AB6E2BEA4042E4157C84AA0879D65D.e.12231","ELEMENT":"f.8C1712D618BBFF0472B495C641D9811D.d.F3AB6E2BEA4042E4157C84AA0879D65D.e.12231"}]}
RESULT: {"script":"<script> [56 bytes]","args":[{"element-6066-11e4-a52e-4f735466cecf":"f.8C1712D618BBFF0472B495C641D9811D.d.F3AB6E2BEA4042E4157C84AA0879D65D.e.12231","ELEMENT":"f.8C1712D618BBFF0472B495C641D9811D.d.F3AB6E2BEA4042E4157C84AA0879D65D.e.12231"}]}
COMMAND: POST /session/cf943d61b4ec37add412b20e5410361e/element - {"using":"css selector","value":"#shell-header-logo"}
COMMAND: GET /session/cf943d61b4ec37add412b20e5410361e/screenshot - {}
RESULT: {"using":"css selector","value":"#shell-header-logo"}
COMMAND: POST /session/cf943d61b4ec37add412b20e5410361e/element/f.8C1712D618BBFF0472B495C641D9811D.d.F3AB6E2BEA4042E4157C84AA0879D65D.e.11611/click - {}
RESULT: {}
RESULT: {}
COMMAND: GET /session/cf943d61b4ec37add412b20e5410361e/screenshot - {}
RESULT: {}
]]></system-out>
    </testcase>
    <testcase classname="chrome.137_0_7151_69.windows.Return_from_Site_w/_warehouse_management_w/_clarification_US125588" name="Bin Status Report Should Create New Organization yard" time="0.003" />
    <testcase classname="chrome.137_0_7151_69.windows.Return_from_Site_w/_warehouse_management_w/_clarification_US125588" name="Bin Status Report Should Create New Organization for Site" time="0.001" />
  </testsuite>
  <testsuite timestamp="2025-06-05T17:14:14" time="501.244" tests="7" failures="7" errors="7" skipped="0">
    <properties>
      <property name="specId" value="0" />
      <property name="suiteName" value="Return from Site w/ warehouse management w clarification" />
      <property name="capabilities" value="chrome.137_0_7151_69.windows" />
      <property name="file" value="file:///D:/a/1/s/test/specs/HTR/return-from-site-w-warehouse-management-w-clarification.spec.js" />
    </properties>
  </testsuite>
  <testsuite timestamp="2025-06-05T17:22:35" time="530.357" tests="9" failures="3" errors="3" skipped="0">
    <properties>
      <property name="specId" value="0" />
      <property name="suiteName" value="Create masterdata for Yard Overview - trigger provide US130988" />
      <property name="capabilities" value="chrome.137_0_7151_69.windows" />
      <property name="file" value="file:///D:/a/1/s/test/specs/HTR/stock-decrease.spec.js" />
    </properties>
    <testcase classname="chrome.137_0_7151_69.windows.Create_masterdata_for_Yard_Overview_-_trigger_provide_US130988" name="Should create a new WHM yard" time="0.021">
      <system-out><![CDATA[
COMMAND: POST /session/cf943d61b4ec37add412b20e5410361e/window/fullscreen - {}
RESULT: {}
]]></system-out>
    </testcase>
    <testcase classname="chrome.137_0_7151_69.windows.Create_masterdata_for_Yard_Overview_-_trigger_provide_US130988" name="Should create a new partner" time="0.006" />
    <testcase classname="chrome.137_0_7151_69.windows.Create_masterdata_for_Yard_Overview_-_trigger_provide_US130988" name="Should create a new site" time="0.002" />
    <testcase classname="chrome.137_0_7151_69.windows.Create_masterdata_for_Yard_Overview_-_trigger_provide_US130988" name="Should create a new material" time="135.311">
      <system-out><![CDATA[
COMMAND: POST /session/cf943d61b4ec37add412b20e5410361e/execute/async - {"script":"<script> [1562 bytes]","args":[{"selector":{"controlType":"sap.m.GenericTile","properties":{"header":"Manage Resources"}},"wdio_ui5_key":"sapm.GenericTile{\"header\":\"Manage Resources\"}"}]}
RESULT: {"script":"<script> [1562 bytes]","args":[{"selector":{"controlType":"sap.m.GenericTile","properties":{"header":"Manage Resources"}},"wdio_ui5_key":"sapm.GenericTile{\"header\":\"Manage Resources\"}"}]}
RESULT: undefined
COMMAND: POST /session/cf943d61b4ec37add412b20e5410361e/element - {"using":"xpath","value":"//*[@id=\"__tile31\"]"}
RESULT: {"using":"xpath","value":"//*[@id=\"__tile31\"]"}
COMMAND: POST /session/cf943d61b4ec37add412b20e5410361e/element/f.8C1712D618BBFF0472B495C641D9811D.d.7901B3E5346EF418CFDE421FC93E44EE.e.12669/click - {}
RESULT: {}
COMMAND: GET /session/cf943d61b4ec37add412b20e5410361e/screenshot - {}
RESULT: {}
COMMAND: POST /session/cf943d61b4ec37add412b20e5410361e/elements - {"using":"xpath","value":"//span[text()='Error']"}
RESULT: {"using":"xpath","value":"//span[text()='Error']"}
COMMAND: POST /session/cf943d61b4ec37add412b20e5410361e/element - {"using":"xpath","value":"//button[@data-kt=\"addNewRUOverflowToolbarButton\"]"}
RESULT: {"using":"xpath","value":"//button[@data-kt=\"addNewRUOverflowToolbarButton\"]"}
COMMAND: POST /session/cf943d61b4ec37add412b20e5410361e/elements - {"using":"xpath","value":"//button[@data-kt=\"addNewRUOverflowToolbarButton\"]"}
RESULT: {"using":"xpath","value":"//button[@data-kt=\"addNewRUOverflowToolbarButton\"]"}
COMMAND: POST /session/cf943d61b4ec37add412b20e5410361e/execute/sync - {"script":"<script> [8489 bytes]","args":[{"element-6066-11e4-a52e-4f735466cecf":"f.8C1712D618BBFF0472B495C641D9811D.d.7901B3E5346EF418CFDE421FC93E44EE.e.12798","ELEMENT":"f.8C1712D618BBFF0472B495C641D9811D.d.7901B3E5346EF418CFDE421FC93E44EE.e.12798"}]}
RESULT: {"script":"<script> [8489 bytes]","args":[{"element-6066-11e4-a52e-4f735466cecf":"f.8C1712D618BBFF0472B495C641D9811D.d.7901B3E5346EF418CFDE421FC93E44EE.e.12798","ELEMENT":"f.8C1712D618BBFF0472B495C641D9811D.d.7901B3E5346EF418CFDE421FC93E44EE.e.12798"}]}
COMMAND: GET /session/cf943d61b4ec37add412b20e5410361e/element/f.8C1712D618BBFF0472B495C641D9811D.d.7901B3E5346EF418CFDE421FC93E44EE.e.12798/enabled - {}
COMMAND: GET /session/cf943d61b4ec37add412b20e5410361e/screenshot - {}
RESULT: {}
COMMAND: POST /session/cf943d61b4ec37add412b20e5410361e/execute/sync - {"script":"<script> [8489 bytes]","args":[{"element-6066-11e4-a52e-4f735466cecf":"f.8C1712D618BBFF0472B495C641D9811D.d.7901B3E5346EF418CFDE421FC93E44EE.e.12798","ELEMENT":"f.8C1712D618BBFF0472B495C641D9811D.d.7901B3E5346EF418CFDE421FC93E44EE.e.12798"}]}
COMMAND: GET /session/cf943d61b4ec37add412b20e5410361e/screenshot - {}
RESULT: {}
RESULT: {"script":"<script> [8489 bytes]","args":[{"element-6066-11e4-a52e-4f735466cecf":"f.8C1712D618BBFF0472B495C641D9811D.d.7901B3E5346EF418CFDE421FC93E44EE.e.12798","ELEMENT":"f.8C1712D618BBFF0472B495C641D9811D.d.7901B3E5346EF418CFDE421FC93E44EE.e.12798"}]}
COMMAND: POST /session/cf943d61b4ec37add412b20e5410361e/execute/sync - {"script":"<script> [5351 bytes]","args":[{"element-6066-11e4-a52e-4f735466cecf":"f.8C1712D618BBFF0472B495C641D9811D.d.7901B3E5346EF418CFDE421FC93E44EE.e.12798","ELEMENT":"f.8C1712D618BBFF0472B495C641D9811D.d.7901B3E5346EF418CFDE421FC93E44EE.e.12798"}]}
COMMAND: GET /session/cf943d61b4ec37add412b20e5410361e/screenshot - {}
RESULT: {}
RESULT: {"script":"<script> [5351 bytes]","args":[{"element-6066-11e4-a52e-4f735466cecf":"f.8C1712D618BBFF0472B495C641D9811D.d.7901B3E5346EF418CFDE421FC93E44EE.e.12798","ELEMENT":"f.8C1712D618BBFF0472B495C641D9811D.d.7901B3E5346EF418CFDE421FC93E44EE.e.12798"}]}
COMMAND: POST /session/cf943d61b4ec37add412b20e5410361e/element/f.8C1712D618BBFF0472B495C641D9811D.d.7901B3E5346EF418CFDE421FC93E44EE.e.12798/click - {}
COMMAND: GET /session/cf943d61b4ec37add412b20e5410361e/screenshot - {}
RESULT: {}
RESULT: {}
COMMAND: GET /session/cf943d61b4ec37add412b20e5410361e/screenshot - {}
COMMAND: POST /session/cf943d61b4ec37add412b20e5410361e/execute/async - {"script":"<script> [1562 bytes]","args":[{"selector":{"id":"application-manageresources-display-component---newResourceUnit--TYPE-arrow"},"wdio_ui5_key":"applicationmanageresources-display-component---newResourceUnit--TYPE-arrow"}]}
RESULT: {}
RESULT: {}
RESULT: {"script":"<script> [1562 bytes]","args":[{"selector":{"id":"application-manageresources-display-component---newResourceUnit--TYPE-arrow"},"wdio_ui5_key":"applicationmanageresources-display-component---newResourceUnit--TYPE-arrow"}]}
RESULT: undefined
COMMAND: POST /session/cf943d61b4ec37add412b20e5410361e/element - {"using":"xpath","value":"//*[@id=\"application-manageresources-display-component---newResourceUnit--TYPE-arrow\"]"}
RESULT: {"using":"xpath","value":"//*[@id=\"application-manageresources-display-component---newResourceUnit--TYPE-arrow\"]"}
COMMAND: POST /session/cf943d61b4ec37add412b20e5410361e/element/f.8C1712D618BBFF0472B495C641D9811D.d.7901B3E5346EF418CFDE421FC93E44EE.e.13164/click - {}
RESULT: {}
COMMAND: POST /session/cf943d61b4ec37add412b20e5410361e/element - {"using":"xpath","value":"//input[@id=\"application-manageresources-display-component---newResourceUnit--TYPE-inner\"]"}
COMMAND: GET /session/cf943d61b4ec37add412b20e5410361e/screenshot - {}
RESULT: {"using":"xpath","value":"//input[@id=\"application-manageresources-display-component---newResourceUnit--TYPE-inner\"]"}
COMMAND: POST /session/cf943d61b4ec37add412b20e5410361e/element/f.8C1712D618BBFF0472B495C641D9811D.d.7901B3E5346EF418CFDE421FC93E44EE.e.13150/clear - {}
RESULT: {}
RESULT: {}
COMMAND: POST /session/cf943d61b4ec37add412b20e5410361e/element/f.8C1712D618BBFF0472B495C641D9811D.d.7901B3E5346EF418CFDE421FC93E44EE.e.13150/value - {"text":"Material"}
COMMAND: GET /session/cf943d61b4ec37add412b20e5410361e/screenshot - {}
RESULT: {"text":"Material"}
COMMAND: GET /session/cf943d61b4ec37add412b20e5410361e/screenshot - {}
RESULT: {}
RESULT: {}
COMMAND: POST /session/cf943d61b4ec37add412b20e5410361e/actions - {"actions":[{"id":"action44","type":"key","parameters":{},"actions":[{"type":"keyDown","value":"î€‡"},{"type":"pause","duration":10},{"type":"keyUp","value":"î€‡"}]}]}
RESULT: {"actions":[{"id":"action44","type":"key","parameters":{},"actions":[{"type":"keyDown","value":"î€‡"},{"type":"pause","duration":10},{"type":"keyUp","value":"î€‡"}]}]}
COMMAND: POST /session/cf943d61b4ec37add412b20e5410361e/execute/async - {"script":"<script> [1562 bytes]","args":[{"selector":{"id":"application-manageresources-display-component---newResourceUnit--SHORT_TEXT","interaction":{"idSuffix":"inner"}},"wdio_ui5_key":"applicationmanageresources-display-component---newResourceUnit--SHORT_TEXT"}]}
COMMAND: GET /session/cf943d61b4ec37add412b20e5410361e/screenshot - {}
RESULT: {"script":"<script> [1562 bytes]","args":[{"selector":{"id":"application-manageresources-display-component---newResourceUnit--SHORT_TEXT","interaction":{"idSuffix":"inner"}},"wdio_ui5_key":"applicationmanageresources-display-component---newResourceUnit--SHORT_TEXT"}]}
RESULT: undefined
COMMAND: POST /session/cf943d61b4ec37add412b20e5410361e/execute/async - {"script":"<script> [776 bytes]","args":[{"enterText":"Cement WDIO","selector":{"id":"application-manageresources-display-component---newResourceUnit--SHORT_TEXT","interaction":{"idSuffix":"inner"}},"clearTextFirst":true,"interactionType":"ENTER_TEXT"}]}
RESULT: {}
RESULT: {"script":"<script> [776 bytes]","args":[{"enterText":"Cement WDIO","selector":{"id":"application-manageresources-display-component---newResourceUnit--SHORT_TEXT","interaction":{"idSuffix":"inner"}},"clearTextFirst":true,"interactionType":"ENTER_TEXT"}]}
COMMAND: POST /session/cf943d61b4ec37add412b20e5410361e/execute/async - {"script":"<script> [1562 bytes]","args":[{"selector":{"id":"application-manageresources-display-component---newResourceUnit--BASE_UNIT_OF_MEASURE","interaction":{"idSuffix":"inner"}},"wdio_ui5_key":"applicationmanageresources-display-component---newResourceUnit--BASE_UNIT_OF_MEASURE"}]}
RESULT: {"script":"<script> [1562 bytes]","args":[{"selector":{"id":"application-manageresources-display-component---newResourceUnit--BASE_UNIT_OF_MEASURE","interaction":{"idSuffix":"inner"}},"wdio_ui5_key":"applicationmanageresources-display-component---newResourceUnit--BASE_UNIT_OF_MEASURE"}]}
RESULT: undefined
COMMAND: POST /session/cf943d61b4ec37add412b20e5410361e/execute/async - {"script":"<script> [776 bytes]","args":[{"enterText":"Piece","selector":{"id":"application-manageresources-display-component---newResourceUnit--BASE_UNIT_OF_MEASURE","interaction":{"idSuffix":"inner"}},"clearTextFirst":true,"interactionType":"ENTER_TEXT"}]}
RESULT: {"script":"<script> [776 bytes]","args":[{"enterText":"Piece","selector":{"id":"application-manageresources-display-component---newResourceUnit--BASE_UNIT_OF_MEASURE","interaction":{"idSuffix":"inner"}},"clearTextFirst":true,"interactionType":"ENTER_TEXT"}]}
COMMAND: POST /session/cf943d61b4ec37add412b20e5410361e/execute/async - {"script":"<script> [1562 bytes]","args":[{"selector":{"id":"application-manageresources-display-component---newResourceUnit--WEIGHT_UNIT","interaction":{"idSuffix":"inner"}},"wdio_ui5_key":"applicationmanageresources-display-component---newResourceUnit--WEIGHT_UNIT"}]}
RESULT: {"script":"<script> [1562 bytes]","args":[{"selector":{"id":"application-manageresources-display-component---newResourceUnit--WEIGHT_UNIT","interaction":{"idSuffix":"inner"}},"wdio_ui5_key":"applicationmanageresources-display-component---newResourceUnit--WEIGHT_UNIT"}]}
RESULT: undefined
COMMAND: POST /session/cf943d61b4ec37add412b20e5410361e/execute/async - {"script":"<script> [776 bytes]","args":[{"enterText":"Gram","selector":{"id":"application-manageresources-display-component---newResourceUnit--WEIGHT_UNIT","interaction":{"idSuffix":"inner"}},"clearTextFirst":true,"interactionType":"ENTER_TEXT"}]}
RESULT: {"script":"<script> [776 bytes]","args":[{"enterText":"Gram","selector":{"id":"application-manageresources-display-component---newResourceUnit--WEIGHT_UNIT","interaction":{"idSuffix":"inner"}},"clearTextFirst":true,"interactionType":"ENTER_TEXT"}]}
COMMAND: POST /session/cf943d61b4ec37add412b20e5410361e/execute/async - {"script":"<script> [1562 bytes]","args":[{"selector":{"id":"application-manageresources-display-component---newResourceUnit--DIMENSION_UNIT","interaction":{"idSuffix":"inner"}},"wdio_ui5_key":"applicationmanageresources-display-component---newResourceUnit--DIMENSION_UNIT"}]}
RESULT: {"script":"<script> [1562 bytes]","args":[{"selector":{"id":"application-manageresources-display-component---newResourceUnit--DIMENSION_UNIT","interaction":{"idSuffix":"inner"}},"wdio_ui5_key":"applicationmanageresources-display-component---newResourceUnit--DIMENSION_UNIT"}]}
RESULT: undefined
COMMAND: POST /session/cf943d61b4ec37add412b20e5410361e/execute/async - {"script":"<script> [776 bytes]","args":[{"enterText":"Meter","selector":{"id":"application-manageresources-display-component---newResourceUnit--DIMENSION_UNIT","interaction":{"idSuffix":"inner"}},"clearTextFirst":true,"interactionType":"ENTER_TEXT"}]}
RESULT: {"script":"<script> [776 bytes]","args":[{"enterText":"Meter","selector":{"id":"application-manageresources-display-component---newResourceUnit--DIMENSION_UNIT","interaction":{"idSuffix":"inner"}},"clearTextFirst":true,"interactionType":"ENTER_TEXT"}]}
COMMAND: POST /session/cf943d61b4ec37add412b20e5410361e/execute/async - {"script":"<script> [1562 bytes]","args":[{"selector":{"id":"application-manageresources-display-component---newResourceUnit--newRRUPage-anchBar-application-manageresources-display-component---newResourceUnit--control-anchor","interaction":{"idSuffix":"BDI-content"}},"wdio_ui5_key":"applicationmanageresources-display-component---newResourceUnit--newRRUPage-anchBar-application-manageresources-display-component---newResourceUnit--control-anchor"}]}
RESULT: {"script":"<script> [1562 bytes]","args":[{"selector":{"id":"application-manageresources-display-component---newResourceUnit--newRRUPage-anchBar-application-manageresources-display-component---newResourceUnit--control-anchor","interaction":{"idSuffix":"BDI-content"}},"wdio_ui5_key":"applicationmanageresources-display-component---newResourceUnit--newRRUPage-anchBar-application-manageresources-display-component---newResourceUnit--control-anchor"}]}
RESULT: undefined
COMMAND: POST /session/cf943d61b4ec37add412b20e5410361e/element - {"using":"xpath","value":"//*[@id=\"application-manageresources-display-component---newResourceUnit--newRRUPage-anchBar-application-manageresources-display-component---newResourceUnit--control-anchor\"]"}
RESULT: {"using":"xpath","value":"//*[@id=\"application-manageresources-display-component---newResourceUnit--newRRUPage-anchBar-application-manageresources-display-component---newResourceUnit--control-anchor\"]"}
COMMAND: POST /session/cf943d61b4ec37add412b20e5410361e/element/f.8C1712D618BBFF0472B495C641D9811D.d.7901B3E5346EF418CFDE421FC93E44EE.e.13296/click - {}
RESULT: {}
COMMAND: POST /session/cf943d61b4ec37add412b20e5410361e/execute/async - {"script":"<script> [1562 bytes]","args":[{"selector":{"id":"application-manageresources-display-component---newResourceUnit--PLANNING_GROUP","interaction":{"idSuffix":"inner"}},"wdio_ui5_key":"applicationmanageresources-display-component---newResourceUnit--PLANNING_GROUP"}]}
COMMAND: GET /session/cf943d61b4ec37add412b20e5410361e/screenshot - {}
RESULT: {"script":"<script> [1562 bytes]","args":[{"selector":{"id":"application-manageresources-display-component---newResourceUnit--PLANNING_GROUP","interaction":{"idSuffix":"inner"}},"wdio_ui5_key":"applicationmanageresources-display-component---newResourceUnit--PLANNING_GROUP"}]}
RESULT: undefined
COMMAND: POST /session/cf943d61b4ec37add412b20e5410361e/execute/async - {"script":"<script> [776 bytes]","args":[{"enterText":"Material","selector":{"id":"application-manageresources-display-component---newResourceUnit--PLANNING_GROUP","interaction":{"idSuffix":"inner"}},"clearTextFirst":true,"interactionType":"ENTER_TEXT"}]}
RESULT: {}
RESULT: {"script":"<script> [776 bytes]","args":[{"enterText":"Material","selector":{"id":"application-manageresources-display-component---newResourceUnit--PLANNING_GROUP","interaction":{"idSuffix":"inner"}},"clearTextFirst":true,"interactionType":"ENTER_TEXT"}]}
COMMAND: POST /session/cf943d61b4ec37add412b20e5410361e/execute/async - {"script":"<script> [1562 bytes]","args":[{"selector":{"id":"application-manageresources-display-component---newResourceUnit--PLANNING_INDICATOR","interaction":{"idSuffix":"inner"}},"wdio_ui5_key":"applicationmanageresources-display-component---newResourceUnit--PLANNING_INDICATOR"}]}
RESULT: {"script":"<script> [1562 bytes]","args":[{"selector":{"id":"application-manageresources-display-component---newResourceUnit--PLANNING_INDICATOR","interaction":{"idSuffix":"inner"}},"wdio_ui5_key":"applicationmanageresources-display-component---newResourceUnit--PLANNING_INDICATOR"}]}
RESULT: undefined
COMMAND: POST /session/cf943d61b4ec37add412b20e5410361e/execute/async - {"script":"<script> [776 bytes]","args":[{"enterText":"10 - infinite","selector":{"id":"application-manageresources-display-component---newResourceUnit--PLANNING_INDICATOR","interaction":{"idSuffix":"inner"}},"clearTextFirst":true,"interactionType":"ENTER_TEXT"}]}
RESULT: {"script":"<script> [776 bytes]","args":[{"enterText":"10 - infinite","selector":{"id":"application-manageresources-display-component---newResourceUnit--PLANNING_INDICATOR","interaction":{"idSuffix":"inner"}},"clearTextFirst":true,"interactionType":"ENTER_TEXT"}]}
COMMAND: POST /session/cf943d61b4ec37add412b20e5410361e/element - {"using":"css selector","value":"#application-manageresources-display-component---newResourceUnit--btnAddTimeSegment"}
RESULT: {"using":"css selector","value":"#application-manageresources-display-component---newResourceUnit--btnAddTimeSegment"}
COMMAND: GET /session/cf943d61b4ec37add412b20e5410361e/element/f.8C1712D618BBFF0472B495C641D9811D.d.7901B3E5346EF418CFDE421FC93E44EE.e.13306/rect - {}
RESULT: {}
COMMAND: GET /session/cf943d61b4ec37add412b20e5410361e/window/rect - {}
RESULT: {}
COMMAND: POST /session/cf943d61b4ec37add412b20e5410361e/execute/sync - {"script":"<script> [92 bytes]","args":[]}
RESULT: {"script":"<script> [92 bytes]","args":[]}
COMMAND: POST /session/cf943d61b4ec37add412b20e5410361e/actions - {"actions":[{"id":"action45","type":"wheel","parameters":{},"actions":[{"type":"scroll","x":-1888,"y":-32,"deltaX":0,"deltaY":0,"duration":0,"origin":{"element-6066-11e4-a52e-4f735466cecf":"f.8C1712D618BBFF0472B495C641D9811D.d.7901B3E5346EF418CFDE421FC93E44EE.e.13306"}}]}]}
COMMAND: GET /session/cf943d61b4ec37add412b20e5410361e/screenshot - {}
RESULT: {}
COMMAND: POST /session/cf943d61b4ec37add412b20e5410361e/execute/sync - {"script":"<script> [79 bytes]","args":[{"element-6066-11e4-a52e-4f735466cecf":"f.8C1712D618BBFF0472B495C641D9811D.d.7901B3E5346EF418CFDE421FC93E44EE.e.13306","ELEMENT":"f.8C1712D618BBFF0472B495C641D9811D.d.7901B3E5346EF418CFDE421FC93E44EE.e.13306"},{"block":"start","inline":"nearest"}]}
RESULT: {"script":"<script> [79 bytes]","args":[{"element-6066-11e4-a52e-4f735466cecf":"f.8C1712D618BBFF0472B495C641D9811D.d.7901B3E5346EF418CFDE421FC93E44EE.e.13306","ELEMENT":"f.8C1712D618BBFF0472B495C641D9811D.d.7901B3E5346EF418CFDE421FC93E44EE.e.13306"},{"block":"start","inline":"nearest"}]}
COMMAND: POST /session/cf943d61b4ec37add412b20e5410361e/execute/async - {"script":"<script> [1562 bytes]","args":[{"selector":{"id":"application-manageresources-display-component---newResourceUnit--btnAddTimeSegment","interaction":{"idSuffix":"inner"}},"wdio_ui5_key":"applicationmanageresources-display-component---newResourceUnit--btnAddTimeSegment"}]}
COMMAND: GET /session/cf943d61b4ec37add412b20e5410361e/screenshot - {}
RESULT: {"script":"<script> [1562 bytes]","args":[{"selector":{"id":"application-manageresources-display-component---newResourceUnit--btnAddTimeSegment","interaction":{"idSuffix":"inner"}},"wdio_ui5_key":"applicationmanageresources-display-component---newResourceUnit--btnAddTimeSegment"}]}
RESULT: undefined
COMMAND: POST /session/cf943d61b4ec37add412b20e5410361e/element - {"using":"xpath","value":"//*[@id=\"application-manageresources-display-component---newResourceUnit--btnAddTimeSegment\"]"}
RESULT: {}
RESULT: {"using":"xpath","value":"//*[@id=\"application-manageresources-display-component---newResourceUnit--btnAddTimeSegment\"]"}
COMMAND: POST /session/cf943d61b4ec37add412b20e5410361e/element/f.8C1712D618BBFF0472B495C641D9811D.d.7901B3E5346EF418CFDE421FC93E44EE.e.13306/click - {}
RESULT: {}
COMMAND: GET /session/cf943d61b4ec37add412b20e5410361e/screenshot - {}
RESULT: {}
COMMAND: POST /session/cf943d61b4ec37add412b20e5410361e/element - {"using":"xpath","value":"//input[@id=\"application-manageresources-display-component---newResourceUnit--idRuTSAdmin-application-manageresources-display-component---newResourceUnit--RUTimeSegment-0-inner\"]"}
RESULT: {"using":"xpath","value":"//input[@id=\"application-manageresources-display-component---newResourceUnit--idRuTSAdmin-application-manageresources-display-component---newResourceUnit--RUTimeSegment-0-inner\"]"}
COMMAND: POST /session/cf943d61b4ec37add412b20e5410361e/element/f.8C1712D618BBFF0472B495C641D9811D.d.7901B3E5346EF418CFDE421FC93E44EE.e.13311/clear - {}
RESULT: {}
COMMAND: POST /session/cf943d61b4ec37add412b20e5410361e/element/f.8C1712D618BBFF0472B495C641D9811D.d.7901B3E5346EF418CFDE421FC93E44EE.e.13311/value - {"text":"682"}
COMMAND: GET /session/cf943d61b4ec37add412b20e5410361e/screenshot - {}
RESULT: {"text":"682"}
COMMAND: GET /session/cf943d61b4ec37add412b20e5410361e/screenshot - {}
RESULT: {}
RESULT: {}
COMMAND: POST /session/cf943d61b4ec37add412b20e5410361e/element - {"using":"xpath","value":"//li[.//span[text()='682']]"}
RESULT: {"using":"xpath","value":"//li[.//span[text()='682']]"}
COMMAND: POST /session/cf943d61b4ec37add412b20e5410361e/element/f.8C1712D618BBFF0472B495C641D9811D.d.7901B3E5346EF418CFDE421FC93E44EE.e.13322/click - {}
RESULT: {}
COMMAND: GET /session/cf943d61b4ec37add412b20e5410361e/screenshot - {}
RESULT: {}
COMMAND: POST /session/cf943d61b4ec37add412b20e5410361e/element - {"using":"xpath","value":"(//span[contains(@id, \"-application-manageresources-display-component---newResourceUnit--RUTimeSegment-0-arrow\")])[2]"}
RESULT: {"using":"xpath","value":"(//span[contains(@id, \"-application-manageresources-display-component---newResourceUnit--RUTimeSegment-0-arrow\")])[2]"}
COMMAND: POST /session/cf943d61b4ec37add412b20e5410361e/element/f.8C1712D618BBFF0472B495C641D9811D.d.7901B3E5346EF418CFDE421FC93E44EE.e.13323/click - {}
RESULT: {}
COMMAND: POST /session/cf943d61b4ec37add412b20e5410361e/element - {"using":"xpath","value":"//span[contains(text(), \"PM Order\")]"}
COMMAND: GET /session/cf943d61b4ec37add412b20e5410361e/screenshot - {}
RESULT: {"using":"xpath","value":"//span[contains(text(), \"PM Order\")]"}
COMMAND: POST /session/cf943d61b4ec37add412b20e5410361e/element/f.8C1712D618BBFF0472B495C641D9811D.d.7901B3E5346EF418CFDE421FC93E44EE.e.13324/click - {}
RESULT: {}
RESULT: {}
COMMAND: GET /session/cf943d61b4ec37add412b20e5410361e/screenshot - {}
RESULT: {}
COMMAND: POST /session/cf943d61b4ec37add412b20e5410361e/element - {"using":"xpath","value":"//td/div/div/div/span[contains(@id, \"newResourceUnit--RUTimeSegment-0-vhi\")][1]"}
RESULT: {"using":"xpath","value":"//td/div/div/div/span[contains(@id, \"newResourceUnit--RUTimeSegment-0-vhi\")][1]"}
COMMAND: GET /session/cf943d61b4ec37add412b20e5410361e/element/f.8C1712D618BBFF0472B495C641D9811D.d.7901B3E5346EF418CFDE421FC93E44EE.e.13328/rect - {}
RESULT: {}
COMMAND: GET /session/cf943d61b4ec37add412b20e5410361e/window/rect - {}
RESULT: {}
COMMAND: POST /session/cf943d61b4ec37add412b20e5410361e/execute/sync - {"script":"<script> [92 bytes]","args":[]}
RESULT: {"script":"<script> [92 bytes]","args":[]}
COMMAND: POST /session/cf943d61b4ec37add412b20e5410361e/actions - {"actions":[{"id":"action46","type":"wheel","parameters":{},"actions":[{"type":"scroll","x":-1888,"y":-24,"deltaX":0,"deltaY":0,"duration":0,"origin":{"element-6066-11e4-a52e-4f735466cecf":"f.8C1712D618BBFF0472B495C641D9811D.d.7901B3E5346EF418CFDE421FC93E44EE.e.13328"}}]}]}
COMMAND: GET /session/cf943d61b4ec37add412b20e5410361e/screenshot - {}
RESULT: {}
COMMAND: POST /session/cf943d61b4ec37add412b20e5410361e/execute/sync - {"script":"<script> [79 bytes]","args":[{"element-6066-11e4-a52e-4f735466cecf":"f.8C1712D618BBFF0472B495C641D9811D.d.7901B3E5346EF418CFDE421FC93E44EE.e.13328","ELEMENT":"f.8C1712D618BBFF0472B495C641D9811D.d.7901B3E5346EF418CFDE421FC93E44EE.e.13328"},{"block":"start","inline":"nearest"}]}
RESULT: {"script":"<script> [79 bytes]","args":[{"element-6066-11e4-a52e-4f735466cecf":"f.8C1712D618BBFF0472B495C641D9811D.d.7901B3E5346EF418CFDE421FC93E44EE.e.13328","ELEMENT":"f.8C1712D618BBFF0472B495C641D9811D.d.7901B3E5346EF418CFDE421FC93E44EE.e.13328"},{"block":"start","inline":"nearest"}]}
COMMAND: GET /session/cf943d61b4ec37add412b20e5410361e/screenshot - {}
RESULT: {}
COMMAND: POST /session/cf943d61b4ec37add412b20e5410361e/element/f.8C1712D618BBFF0472B495C641D9811D.d.7901B3E5346EF418CFDE421FC93E44EE.e.13328/click - {}
RESULT: {}
COMMAND: GET /session/cf943d61b4ec37add412b20e5410361e/screenshot - {}
RESULT: {}
COMMAND: POST /session/cf943d61b4ec37add412b20e5410361e/execute/async - {"script":"<script> [1562 bytes]","args":[{"selector":{"controlType":"sap.m.SearchField","properties":{"placeholder":"Search"},"searchOpenDialogs":true,"interaction":{"idSuffix":"I"}},"wdio_ui5_key":"sapm.SearchField{\"placeholder\":\"Search\"}"}]}
RESULT: {"script":"<script> [1562 bytes]","args":[{"selector":{"controlType":"sap.m.SearchField","properties":{"placeholder":"Search"},"searchOpenDialogs":true,"interaction":{"idSuffix":"I"}},"wdio_ui5_key":"sapm.SearchField{\"placeholder\":\"Search\"}"}]}
RESULT: undefined
COMMAND: POST /session/cf943d61b4ec37add412b20e5410361e/execute/async - {"script":"<script> [776 bytes]","args":[{"enterText":"4000360","selector":{"controlType":"sap.m.SearchField","properties":{"placeholder":"Search"},"searchOpenDialogs":true,"interaction":{"idSuffix":"I"}},"clearTextFirst":true,"interactionType":"ENTER_TEXT"}]}
RESULT: {"script":"<script> [776 bytes]","args":[{"enterText":"4000360","selector":{"controlType":"sap.m.SearchField","properties":{"placeholder":"Search"},"searchOpenDialogs":true,"interaction":{"idSuffix":"I"}},"clearTextFirst":true,"interactionType":"ENTER_TEXT"}]}
COMMAND: POST /session/cf943d61b4ec37add412b20e5410361e/actions - {"actions":[{"id":"action47","type":"key","parameters":{},"actions":[{"type":"keyDown","value":"î€‡"},{"type":"pause","duration":10},{"type":"keyUp","value":"î€‡"}]}]}
RESULT: {"actions":[{"id":"action47","type":"key","parameters":{},"actions":[{"type":"keyDown","value":"î€‡"},{"type":"pause","duration":10},{"type":"keyUp","value":"î€‡"}]}]}
COMMAND: GET /session/cf943d61b4ec37add412b20e5410361e/screenshot - {}
RESULT: {}
COMMAND: POST /session/cf943d61b4ec37add412b20e5410361e/element - {"using":"xpath","value":"//td/div/span[contains(text(), \"BGL Vehicles\")]"}
RESULT: {"using":"xpath","value":"//td/div/span[contains(text(), \"BGL Vehicles\")]"}
COMMAND: POST /session/cf943d61b4ec37add412b20e5410361e/element/f.8C1712D618BBFF0472B495C641D9811D.d.7901B3E5346EF418CFDE421FC93E44EE.e.13350/click - {}
RESULT: {}
COMMAND: GET /session/cf943d61b4ec37add412b20e5410361e/screenshot - {}
RESULT: {}
COMMAND: POST /session/cf943d61b4ec37add412b20e5410361e/element - {"using":"xpath","value":"//bdi[contains(text(), \"OK\")]"}
RESULT: {"using":"xpath","value":"//bdi[contains(text(), \"OK\")]"}
COMMAND: POST /session/cf943d61b4ec37add412b20e5410361e/element/f.8C1712D618BBFF0472B495C641D9811D.d.7901B3E5346EF418CFDE421FC93E44EE.e.13351/click - {}
RESULT: {}
COMMAND: GET /session/cf943d61b4ec37add412b20e5410361e/screenshot - {}
RESULT: {}
COMMAND: POST /session/cf943d61b4ec37add412b20e5410361e/element - {"using":"xpath","value":"//label[contains(@class, 'sapMLabelRequired') and .//bdi[contains(text(), 'Planned Retirement')]]"}
RESULT: {"using":"xpath","value":"//label[contains(@class, 'sapMLabelRequired') and .//bdi[contains(text(), 'Planned Retirement')]]"}
COMMAND: POST /session/cf943d61b4ec37add412b20e5410361e/elements - {"using":"xpath","value":"//label[contains(@class, 'sapMLabelRequired') and .//bdi[contains(text(), 'Planned Retirement')]]"}
RESULT: {"using":"xpath","value":"//label[contains(@class, 'sapMLabelRequired') and .//bdi[contains(text(), 'Planned Retirement')]]"}
COMMAND: POST /session/cf943d61b4ec37add412b20e5410361e/element - {"using":"xpath","value":"//button[@data-kt=\"resourceUnitSaveButton\"]"}
RESULT: {"using":"xpath","value":"//button[@data-kt=\"resourceUnitSaveButton\"]"}
COMMAND: POST /session/cf943d61b4ec37add412b20e5410361e/element/f.8C1712D618BBFF0472B495C641D9811D.d.7901B3E5346EF418CFDE421FC93E44EE.e.13182/click - {}
RESULT: {}
COMMAND: GET /session/cf943d61b4ec37add412b20e5410361e/screenshot - {}
RESULT: {}
COMMAND: POST /session/cf943d61b4ec37add412b20e5410361e/element - {"using":"xpath","value":"//bdi[contains(text(), \"Close\")]"}
RESULT: {"using":"xpath","value":"//bdi[contains(text(), \"Close\")]"}
COMMAND: POST /session/cf943d61b4ec37add412b20e5410361e/element/f.8C1712D618BBFF0472B495C641D9811D.d.7901B3E5346EF418CFDE421FC93E44EE.e.13357/click - {}
RESULT: {}
COMMAND: GET /session/cf943d61b4ec37add412b20e5410361e/screenshot - {}
RESULT: {}
COMMAND: POST /session/cf943d61b4ec37add412b20e5410361e/element - {"using":"xpath","value":"//header[contains(@id, 'detailRruPage-headerTitle')]/div[1]/div[2]/div[2]/span[1]"}
RESULT: {"using":"xpath","value":"//header[contains(@id, 'detailRruPage-headerTitle')]/div[1]/div[2]/div[2]/span[1]"}
COMMAND: POST /session/cf943d61b4ec37add412b20e5410361e/elements - {"using":"xpath","value":"//header[contains(@id, 'detailRruPage-headerTitle')]/div[1]/div[2]/div[2]/span[1]"}
RESULT: {"using":"xpath","value":"//header[contains(@id, 'detailRruPage-headerTitle')]/div[1]/div[2]/div[2]/span[1]"}
COMMAND: POST /session/cf943d61b4ec37add412b20e5410361e/execute/sync - {"script":"<script> [56 bytes]","args":[{"element-6066-11e4-a52e-4f735466cecf":"f.8C1712D618BBFF0472B495C641D9811D.d.7901B3E5346EF418CFDE421FC93E44EE.e.13385","ELEMENT":"f.8C1712D618BBFF0472B495C641D9811D.d.7901B3E5346EF418CFDE421FC93E44EE.e.13385"}]}
RESULT: {"script":"<script> [56 bytes]","args":[{"element-6066-11e4-a52e-4f735466cecf":"f.8C1712D618BBFF0472B495C641D9811D.d.7901B3E5346EF418CFDE421FC93E44EE.e.13385","ELEMENT":"f.8C1712D618BBFF0472B495C641D9811D.d.7901B3E5346EF418CFDE421FC93E44EE.e.13385"}]}
COMMAND: POST /session/cf943d61b4ec37add412b20e5410361e/element - {"using":"css selector","value":"#shell-header-logo"}
COMMAND: GET /session/cf943d61b4ec37add412b20e5410361e/screenshot - {}
RESULT: {"using":"css selector","value":"#shell-header-logo"}
COMMAND: POST /session/cf943d61b4ec37add412b20e5410361e/element/f.8C1712D618BBFF0472B495C641D9811D.d.7901B3E5346EF418CFDE421FC93E44EE.e.12650/click - {}
RESULT: {}
RESULT: {}
COMMAND: GET /session/cf943d61b4ec37add412b20e5410361e/screenshot - {}
RESULT: {}
]]></system-out>
    </testcase>
    <testcase classname="chrome.137_0_7151_69.windows.Create_masterdata_for_Yard_Overview_-_trigger_provide_US130988" name="Bin Status Report Should Create New Organization yard" time="0.003" />
    <testcase classname="chrome.137_0_7151_69.windows.Create_masterdata_for_Yard_Overview_-_trigger_provide_US130988" name="Create a Warehouse Movement for created yard" time="44.329">
      <system-out><![CDATA[
COMMAND: POST /session/cf943d61b4ec37add412b20e5410361e/execute/async - {"script":"<script> [1562 bytes]","args":[{"selector":{"controlType":"sap.m.GenericTile","properties":{"header":"Manage Warehouse Movements"}},"wdio_ui5_key":"sapm.GenericTile{\"header\":\"Manage Warehouse Movements\"}"}]}
RESULT: {"script":"<script> [1562 bytes]","args":[{"selector":{"controlType":"sap.m.GenericTile","properties":{"header":"Manage Warehouse Movements"}},"wdio_ui5_key":"sapm.GenericTile{\"header\":\"Manage Warehouse Movements\"}"}]}
RESULT: undefined
COMMAND: POST /session/cf943d61b4ec37add412b20e5410361e/element - {"using":"xpath","value":"//*[@id=\"__tile105\"]"}
RESULT: {"using":"xpath","value":"//*[@id=\"__tile105\"]"}
COMMAND: POST /session/cf943d61b4ec37add412b20e5410361e/element/f.8C1712D618BBFF0472B495C641D9811D.d.7901B3E5346EF418CFDE421FC93E44EE.e.13389/click - {}
RESULT: {}
COMMAND: POST /session/cf943d61b4ec37add412b20e5410361e/element - {"using":"xpath","value":"//input[@id='application-warehousemovements-display-component---warehouseMovements--smartFilterBar-filterItemControl_BASIC-YARD-inner']"}
COMMAND: GET /session/cf943d61b4ec37add412b20e5410361e/screenshot - {}
RESULT: {"using":"xpath","value":"//input[@id='application-warehousemovements-display-component---warehouseMovements--smartFilterBar-filterItemControl_BASIC-YARD-inner']"}
COMMAND: POST /session/cf943d61b4ec37add412b20e5410361e/elements - {"using":"xpath","value":"//input[@id='application-warehousemovements-display-component---warehouseMovements--smartFilterBar-filterItemControl_BASIC-YARD-inner']"}
RESULT: {}
RESULT: {"using":"xpath","value":"//input[@id='application-warehousemovements-display-component---warehouseMovements--smartFilterBar-filterItemControl_BASIC-YARD-inner']"}
COMMAND: POST /session/cf943d61b4ec37add412b20e5410361e/elements - {"using":"xpath","value":"//input[@id='application-warehousemovements-display-component---warehouseMovements--smartFilterBar-filterItemControl_BASIC-YARD-inner']"}
RESULT: {"using":"xpath","value":"//input[@id='application-warehousemovements-display-component---warehouseMovements--smartFilterBar-filterItemControl_BASIC-YARD-inner']"}
COMMAND: POST /session/cf943d61b4ec37add412b20e5410361e/element - {"using":"xpath","value":"//input[@id='application-warehousemovements-display-component---warehouseMovements--smartFilterBar-filterItemControl_BASIC-YARD-inner']"}
RESULT: {"using":"xpath","value":"//input[@id='application-warehousemovements-display-component---warehouseMovements--smartFilterBar-filterItemControl_BASIC-YARD-inner']"}
COMMAND: POST /session/cf943d61b4ec37add412b20e5410361e/execute/sync - {"script":"<script> [8489 bytes]","args":[{"element-6066-11e4-a52e-4f735466cecf":"f.8C1712D618BBFF0472B495C641D9811D.d.7901B3E5346EF418CFDE421FC93E44EE.e.13398","ELEMENT":"f.8C1712D618BBFF0472B495C641D9811D.d.7901B3E5346EF418CFDE421FC93E44EE.e.13398"}]}
RESULT: {"script":"<script> [8489 bytes]","args":[{"element-6066-11e4-a52e-4f735466cecf":"f.8C1712D618BBFF0472B495C641D9811D.d.7901B3E5346EF418CFDE421FC93E44EE.e.13398","ELEMENT":"f.8C1712D618BBFF0472B495C641D9811D.d.7901B3E5346EF418CFDE421FC93E44EE.e.13398"}]}
COMMAND: GET /session/cf943d61b4ec37add412b20e5410361e/element/f.8C1712D618BBFF0472B495C641D9811D.d.7901B3E5346EF418CFDE421FC93E44EE.e.13398/enabled - {}
COMMAND: GET /session/cf943d61b4ec37add412b20e5410361e/screenshot - {}
RESULT: {}
COMMAND: POST /session/cf943d61b4ec37add412b20e5410361e/execute/sync - {"script":"<script> [8489 bytes]","args":[{"element-6066-11e4-a52e-4f735466cecf":"f.8C1712D618BBFF0472B495C641D9811D.d.7901B3E5346EF418CFDE421FC93E44EE.e.13398","ELEMENT":"f.8C1712D618BBFF0472B495C641D9811D.d.7901B3E5346EF418CFDE421FC93E44EE.e.13398"}]}
COMMAND: GET /session/cf943d61b4ec37add412b20e5410361e/screenshot - {}
RESULT: {}
RESULT: {"script":"<script> [8489 bytes]","args":[{"element-6066-11e4-a52e-4f735466cecf":"f.8C1712D618BBFF0472B495C641D9811D.d.7901B3E5346EF418CFDE421FC93E44EE.e.13398","ELEMENT":"f.8C1712D618BBFF0472B495C641D9811D.d.7901B3E5346EF418CFDE421FC93E44EE.e.13398"}]}
COMMAND: POST /session/cf943d61b4ec37add412b20e5410361e/execute/sync - {"script":"<script> [5351 bytes]","args":[{"element-6066-11e4-a52e-4f735466cecf":"f.8C1712D618BBFF0472B495C641D9811D.d.7901B3E5346EF418CFDE421FC93E44EE.e.13398","ELEMENT":"f.8C1712D618BBFF0472B495C641D9811D.d.7901B3E5346EF418CFDE421FC93E44EE.e.13398"}]}
COMMAND: GET /session/cf943d61b4ec37add412b20e5410361e/screenshot - {}
RESULT: {}
RESULT: {"script":"<script> [5351 bytes]","args":[{"element-6066-11e4-a52e-4f735466cecf":"f.8C1712D618BBFF0472B495C641D9811D.d.7901B3E5346EF418CFDE421FC93E44EE.e.13398","ELEMENT":"f.8C1712D618BBFF0472B495C641D9811D.d.7901B3E5346EF418CFDE421FC93E44EE.e.13398"}]}
COMMAND: GET /session/cf943d61b4ec37add412b20e5410361e/screenshot - {}
RESULT: {}
RESULT: {}
COMMAND: POST /session/cf943d61b4ec37add412b20e5410361e/element/f.8C1712D618BBFF0472B495C641D9811D.d.7901B3E5346EF418CFDE421FC93E44EE.e.13398/clear - {}
RESULT: {}
COMMAND: POST /session/cf943d61b4ec37add412b20e5410361e/element/f.8C1712D618BBFF0472B495C641D9811D.d.7901B3E5346EF418CFDE421FC93E44EE.e.13398/value - {"text":"682"}
COMMAND: GET /session/cf943d61b4ec37add412b20e5410361e/screenshot - {}
RESULT: {"text":"682"}
COMMAND: POST /session/cf943d61b4ec37add412b20e5410361e/actions - {"actions":[{"id":"action48","type":"key","parameters":{},"actions":[{"type":"keyDown","value":"î€‡"},{"type":"pause","duration":10},{"type":"keyUp","value":"î€‡"}]}]}
COMMAND: GET /session/cf943d61b4ec37add412b20e5410361e/screenshot - {}
RESULT: {}
RESULT: {"actions":[{"id":"action48","type":"key","parameters":{},"actions":[{"type":"keyDown","value":"î€‡"},{"type":"pause","duration":10},{"type":"keyUp","value":"î€‡"}]}]}
COMMAND: GET /session/cf943d61b4ec37add412b20e5410361e/screenshot - {}
RESULT: {}
RESULT: {}
COMMAND: POST /session/cf943d61b4ec37add412b20e5410361e/element - {"using":"xpath","value":"//button[contains(@data-kt, \"MasterMovementAddOverflowToolbarButton\")]"}
RESULT: {"using":"xpath","value":"//button[contains(@data-kt, \"MasterMovementAddOverflowToolbarButton\")]"}
COMMAND: POST /session/cf943d61b4ec37add412b20e5410361e/element/f.8C1712D618BBFF0472B495C641D9811D.d.7901B3E5346EF418CFDE421FC93E44EE.e.13437/click - {}
RESULT: {}
COMMAND: GET /session/cf943d61b4ec37add412b20e5410361e/screenshot - {}
RESULT: {}
COMMAND: POST /session/cf943d61b4ec37add412b20e5410361e/element - {"using":"xpath","value":"//*[@id=\"application-warehousemovements-display-component---addMovement--sectionsList-arrow\"]"}
RESULT: {"using":"xpath","value":"//*[@id=\"application-warehousemovements-display-component---addMovement--sectionsList-arrow\"]"}
COMMAND: POST /session/cf943d61b4ec37add412b20e5410361e/element/f.8C1712D618BBFF0472B495C641D9811D.d.7901B3E5346EF418CFDE421FC93E44EE.e.13597/click - {}
RESULT: {}
COMMAND: POST /session/cf943d61b4ec37add412b20e5410361e/actions - {"actions":[{"id":"action49","type":"key","parameters":{},"actions":[{"type":"keyDown","value":"î€•"},{"type":"pause","duration":10},{"type":"keyUp","value":"î€•"}]}]}
COMMAND: GET /session/cf943d61b4ec37add412b20e5410361e/screenshot - {}
RESULT: {"actions":[{"id":"action49","type":"key","parameters":{},"actions":[{"type":"keyDown","value":"î€•"},{"type":"pause","duration":10},{"type":"keyUp","value":"î€•"}]}]}
COMMAND: GET /session/cf943d61b4ec37add412b20e5410361e/screenshot - {}
RESULT: {}
RESULT: {}
COMMAND: POST /session/cf943d61b4ec37add412b20e5410361e/actions - {"actions":[{"id":"action50","type":"key","parameters":{},"actions":[{"type":"keyDown","value":"î€‡"},{"type":"pause","duration":10},{"type":"keyUp","value":"î€‡"}]}]}
RESULT: {"actions":[{"id":"action50","type":"key","parameters":{},"actions":[{"type":"keyDown","value":"î€‡"},{"type":"pause","duration":10},{"type":"keyUp","value":"î€‡"}]}]}
COMMAND: GET /session/cf943d61b4ec37add412b20e5410361e/screenshot - {}
RESULT: {}
COMMAND: POST /session/cf943d61b4ec37add412b20e5410361e/element - {"using":"xpath","value":"//*[@id=\"application-warehousemovements-display-component---addMovement--saveMovementBtn-BDI-content\" and text()=\"Save\"]"}
RESULT: {"using":"xpath","value":"//*[@id=\"application-warehousemovements-display-component---addMovement--saveMovementBtn-BDI-content\" and text()=\"Save\"]"}
COMMAND: POST /session/cf943d61b4ec37add412b20e5410361e/element/f.8C1712D618BBFF0472B495C641D9811D.d.7901B3E5346EF418CFDE421FC93E44EE.e.13598/click - {}
RESULT: {}
COMMAND: GET /session/cf943d61b4ec37add412b20e5410361e/screenshot - {}
RESULT: {}
COMMAND: POST /session/cf943d61b4ec37add412b20e5410361e/element - {"using":"css selector","value":"#shell-header-logo"}
RESULT: {"using":"css selector","value":"#shell-header-logo"}
COMMAND: POST /session/cf943d61b4ec37add412b20e5410361e/element/f.8C1712D618BBFF0472B495C641D9811D.d.7901B3E5346EF418CFDE421FC93E44EE.e.13393/click - {}
RESULT: {}
COMMAND: GET /session/cf943d61b4ec37add412b20e5410361e/screenshot - {}
RESULT: {}
]]></system-out>
    </testcase>
  </testsuite>
  <testsuite timestamp="2025-06-05T17:31:25" time="688.37" tests="7" failures="3" errors="3" skipped="0">
    <properties>
      <property name="specId" value="0" />
      <property name="suiteName" value="Transfer Yard to Yard US131076" />
      <property name="capabilities" value="chrome.137_0_7151_69.windows" />
      <property name="file" value="file:///D:/a/1/s/test/specs/HTR/transfer-yard-to-yard.spec.js" />
    </properties>
    <testcase classname="chrome.137_0_7151_69.windows.Transfer_Yard_to_Yard_US131076" name="Should create a new yard" time="0.013">
      <system-out><![CDATA[
COMMAND: POST /session/cf943d61b4ec37add412b20e5410361e/window/fullscreen - {}
RESULT: {}
]]></system-out>
    </testcase>
    <testcase classname="chrome.137_0_7151_69.windows.Transfer_Yard_to_Yard_US131076" name="Should create a new 2nd yard" time="131.734">
      <system-out><![CDATA[
COMMAND: POST /session/cf943d61b4ec37add412b20e5410361e/window/fullscreen - {}
RESULT: {}
COMMAND: POST /session/cf943d61b4ec37add412b20e5410361e/execute/async - {"script":"<script> [1562 bytes]","args":[{"selector":{"controlType":"sap.m.GenericTile","properties":{"header":"Manage Yards"}},"wdio_ui5_key":"sapm.GenericTile{\"header\":\"Manage Yards\"}"}]}
RESULT: {"script":"<script> [1562 bytes]","args":[{"selector":{"controlType":"sap.m.GenericTile","properties":{"header":"Manage Yards"}},"wdio_ui5_key":"sapm.GenericTile{\"header\":\"Manage Yards\"}"}]}
RESULT: undefined
COMMAND: POST /session/cf943d61b4ec37add412b20e5410361e/element - {"using":"xpath","value":"//*[@id=\"__tile33\"]"}
RESULT: {"using":"xpath","value":"//*[@id=\"__tile33\"]"}
COMMAND: POST /session/cf943d61b4ec37add412b20e5410361e/element/f.8C1712D618BBFF0472B495C641D9811D.d.AB1F1B8B11FA5FD9C276B33F4524789B.e.14224/click - {}
RESULT: {}
COMMAND: GET /session/cf943d61b4ec37add412b20e5410361e/screenshot - {}
RESULT: {}
COMMAND: POST /session/cf943d61b4ec37add412b20e5410361e/elements - {"using":"xpath","value":"//span[text()='Error']"}
RESULT: {"using":"xpath","value":"//span[text()='Error']"}
COMMAND: POST /session/cf943d61b4ec37add412b20e5410361e/element - {"using":"xpath","value":"//button[@data-kt=\"addNewYardOverflowToolbarButton\"]"}
RESULT: {"using":"xpath","value":"//button[@data-kt=\"addNewYardOverflowToolbarButton\"]"}
COMMAND: POST /session/cf943d61b4ec37add412b20e5410361e/elements - {"using":"xpath","value":"//button[@data-kt=\"addNewYardOverflowToolbarButton\"]"}
RESULT: {"using":"xpath","value":"//button[@data-kt=\"addNewYardOverflowToolbarButton\"]"}
COMMAND: POST /session/cf943d61b4ec37add412b20e5410361e/elements - {"using":"xpath","value":"//button[@data-kt=\"addNewYardOverflowToolbarButton\"]"}
RESULT: {"using":"xpath","value":"//button[@data-kt=\"addNewYardOverflowToolbarButton\"]"}
COMMAND: POST /session/cf943d61b4ec37add412b20e5410361e/elements - {"using":"xpath","value":"//button[@data-kt=\"addNewYardOverflowToolbarButton\"]"}
RESULT: {"using":"xpath","value":"//button[@data-kt=\"addNewYardOverflowToolbarButton\"]"}
COMMAND: POST /session/cf943d61b4ec37add412b20e5410361e/elements - {"using":"xpath","value":"//button[@data-kt=\"addNewYardOverflowToolbarButton\"]"}
RESULT: {"using":"xpath","value":"//button[@data-kt=\"addNewYardOverflowToolbarButton\"]"}
COMMAND: POST /session/cf943d61b4ec37add412b20e5410361e/elements - {"using":"xpath","value":"//button[@data-kt=\"addNewYardOverflowToolbarButton\"]"}
RESULT: {"using":"xpath","value":"//button[@data-kt=\"addNewYardOverflowToolbarButton\"]"}
COMMAND: POST /session/cf943d61b4ec37add412b20e5410361e/elements - {"using":"xpath","value":"//button[@data-kt=\"addNewYardOverflowToolbarButton\"]"}
RESULT: {"using":"xpath","value":"//button[@data-kt=\"addNewYardOverflowToolbarButton\"]"}
COMMAND: POST /session/cf943d61b4ec37add412b20e5410361e/elements - {"using":"xpath","value":"//button[@data-kt=\"addNewYardOverflowToolbarButton\"]"}
RESULT: {"using":"xpath","value":"//button[@data-kt=\"addNewYardOverflowToolbarButton\"]"}
COMMAND: POST /session/cf943d61b4ec37add412b20e5410361e/elements - {"using":"xpath","value":"//button[@data-kt=\"addNewYardOverflowToolbarButton\"]"}
RESULT: {"using":"xpath","value":"//button[@data-kt=\"addNewYardOverflowToolbarButton\"]"}
COMMAND: POST /session/cf943d61b4ec37add412b20e5410361e/elements - {"using":"xpath","value":"//button[@data-kt=\"addNewYardOverflowToolbarButton\"]"}
RESULT: {"using":"xpath","value":"//button[@data-kt=\"addNewYardOverflowToolbarButton\"]"}
COMMAND: POST /session/cf943d61b4ec37add412b20e5410361e/elements - {"using":"xpath","value":"//button[@data-kt=\"addNewYardOverflowToolbarButton\"]"}
RESULT: {"using":"xpath","value":"//button[@data-kt=\"addNewYardOverflowToolbarButton\"]"}
COMMAND: POST /session/cf943d61b4ec37add412b20e5410361e/element - {"using":"xpath","value":"//button[@data-kt=\"addNewYardOverflowToolbarButton\"]"}
RESULT: {"using":"xpath","value":"//button[@data-kt=\"addNewYardOverflowToolbarButton\"]"}
COMMAND: POST /session/cf943d61b4ec37add412b20e5410361e/execute/sync - {"script":"<script> [8489 bytes]","args":[{"element-6066-11e4-a52e-4f735466cecf":"f.8C1712D618BBFF0472B495C641D9811D.d.AB1F1B8B11FA5FD9C276B33F4524789B.e.14349","ELEMENT":"f.8C1712D618BBFF0472B495C641D9811D.d.AB1F1B8B11FA5FD9C276B33F4524789B.e.14349"}]}
RESULT: {"script":"<script> [8489 bytes]","args":[{"element-6066-11e4-a52e-4f735466cecf":"f.8C1712D618BBFF0472B495C641D9811D.d.AB1F1B8B11FA5FD9C276B33F4524789B.e.14349","ELEMENT":"f.8C1712D618BBFF0472B495C641D9811D.d.AB1F1B8B11FA5FD9C276B33F4524789B.e.14349"}]}
COMMAND: GET /session/cf943d61b4ec37add412b20e5410361e/element/f.8C1712D618BBFF0472B495C641D9811D.d.AB1F1B8B11FA5FD9C276B33F4524789B.e.14349/enabled - {}
COMMAND: GET /session/cf943d61b4ec37add412b20e5410361e/screenshot - {}
RESULT: {}
COMMAND: POST /session/cf943d61b4ec37add412b20e5410361e/execute/sync - {"script":"<script> [8489 bytes]","args":[{"element-6066-11e4-a52e-4f735466cecf":"f.8C1712D618BBFF0472B495C641D9811D.d.AB1F1B8B11FA5FD9C276B33F4524789B.e.14349","ELEMENT":"f.8C1712D618BBFF0472B495C641D9811D.d.AB1F1B8B11FA5FD9C276B33F4524789B.e.14349"}]}
COMMAND: GET /session/cf943d61b4ec37add412b20e5410361e/screenshot - {}
RESULT: {}
RESULT: {"script":"<script> [8489 bytes]","args":[{"element-6066-11e4-a52e-4f735466cecf":"f.8C1712D618BBFF0472B495C641D9811D.d.AB1F1B8B11FA5FD9C276B33F4524789B.e.14349","ELEMENT":"f.8C1712D618BBFF0472B495C641D9811D.d.AB1F1B8B11FA5FD9C276B33F4524789B.e.14349"}]}
COMMAND: POST /session/cf943d61b4ec37add412b20e5410361e/execute/sync - {"script":"<script> [5351 bytes]","args":[{"element-6066-11e4-a52e-4f735466cecf":"f.8C1712D618BBFF0472B495C641D9811D.d.AB1F1B8B11FA5FD9C276B33F4524789B.e.14349","ELEMENT":"f.8C1712D618BBFF0472B495C641D9811D.d.AB1F1B8B11FA5FD9C276B33F4524789B.e.14349"}]}
COMMAND: GET /session/cf943d61b4ec37add412b20e5410361e/screenshot - {}
RESULT: {}
RESULT: {"script":"<script> [5351 bytes]","args":[{"element-6066-11e4-a52e-4f735466cecf":"f.8C1712D618BBFF0472B495C641D9811D.d.AB1F1B8B11FA5FD9C276B33F4524789B.e.14349","ELEMENT":"f.8C1712D618BBFF0472B495C641D9811D.d.AB1F1B8B11FA5FD9C276B33F4524789B.e.14349"}]}
COMMAND: POST /session/cf943d61b4ec37add412b20e5410361e/element/f.8C1712D618BBFF0472B495C641D9811D.d.AB1F1B8B11FA5FD9C276B33F4524789B.e.14349/click - {}
RESULT: {}
COMMAND: GET /session/cf943d61b4ec37add412b20e5410361e/screenshot - {}
RESULT: {}
COMMAND: GET /session/cf943d61b4ec37add412b20e5410361e/screenshot - {}
RESULT: {}
COMMAND: POST /session/cf943d61b4ec37add412b20e5410361e/element - {"using":"xpath","value":"//input[@id=\"application-manageyards-display-component---NewYard--yardId-inner\"]"}
RESULT: {}
RESULT: {"using":"xpath","value":"//input[@id=\"application-manageyards-display-component---NewYard--yardId-inner\"]"}
COMMAND: POST /session/cf943d61b4ec37add412b20e5410361e/element - {"using":"xpath","value":"//input[@id=\"application-manageyards-display-component---NewYard--yardId-inner\"]"}
RESULT: {"using":"xpath","value":"//input[@id=\"application-manageyards-display-component---NewYard--yardId-inner\"]"}
COMMAND: POST /session/cf943d61b4ec37add412b20e5410361e/execute/async - {"script":"<script> [1562 bytes]","args":[{"selector":{"id":"application-manageyards-display-component---NewYard--addressDetailDetailsName1","interaction":{"idSuffix":"inner"}},"wdio_ui5_key":"applicationmanageyards-display-component---NewYard--addressDetailDetailsName1"}]}
RESULT: {"script":"<script> [1562 bytes]","args":[{"selector":{"id":"application-manageyards-display-component---NewYard--addressDetailDetailsName1","interaction":{"idSuffix":"inner"}},"wdio_ui5_key":"applicationmanageyards-display-component---NewYard--addressDetailDetailsName1"}]}
RESULT: undefined
COMMAND: POST /session/cf943d61b4ec37add412b20e5410361e/execute/async - {"script":"<script> [776 bytes]","args":[{"enterText":"Intracompany Yard wdIO","selector":{"id":"application-manageyards-display-component---NewYard--addressDetailDetailsName1","interaction":{"idSuffix":"inner"}},"clearTextFirst":true,"interactionType":"ENTER_TEXT"}]}
RESULT: {"script":"<script> [776 bytes]","args":[{"enterText":"Intracompany Yard wdIO","selector":{"id":"application-manageyards-display-component---NewYard--addressDetailDetailsName1","interaction":{"idSuffix":"inner"}},"clearTextFirst":true,"interactionType":"ENTER_TEXT"}]}
COMMAND: POST /session/cf943d61b4ec37add412b20e5410361e/execute/async - {"script":"<script> [1562 bytes]","args":[{"selector":{"id":"application-manageyards-display-component---NewYard--addressDetailDetailsLanguage-arrow"},"wdio_ui5_key":"applicationmanageyards-display-component---NewYard--addressDetailDetailsLanguage-arrow"}]}
RESULT: {"script":"<script> [1562 bytes]","args":[{"selector":{"id":"application-manageyards-display-component---NewYard--addressDetailDetailsLanguage-arrow"},"wdio_ui5_key":"applicationmanageyards-display-component---NewYard--addressDetailDetailsLanguage-arrow"}]}
RESULT: undefined
COMMAND: POST /session/cf943d61b4ec37add412b20e5410361e/element - {"using":"xpath","value":"//*[@id=\"application-manageyards-display-component---NewYard--addressDetailDetailsLanguage-arrow\"]"}
RESULT: {"using":"xpath","value":"//*[@id=\"application-manageyards-display-component---NewYard--addressDetailDetailsLanguage-arrow\"]"}
COMMAND: POST /session/cf943d61b4ec37add412b20e5410361e/element/f.8C1712D618BBFF0472B495C641D9811D.d.AB1F1B8B11FA5FD9C276B33F4524789B.e.14781/click - {}
RESULT: {}
COMMAND: POST /session/cf943d61b4ec37add412b20e5410361e/element - {"using":"xpath","value":"//span[contains(text(), \"English\")]"}
COMMAND: GET /session/cf943d61b4ec37add412b20e5410361e/screenshot - {}
RESULT: {"using":"xpath","value":"//span[contains(text(), \"English\")]"}
COMMAND: POST /session/cf943d61b4ec37add412b20e5410361e/element/f.8C1712D618BBFF0472B495C641D9811D.d.AB1F1B8B11FA5FD9C276B33F4524789B.e.14782/click - {}
RESULT: {}
RESULT: {}
COMMAND: POST /session/cf943d61b4ec37add412b20e5410361e/execute/async - {"script":"<script> [1562 bytes]","args":[{"selector":{"id":"application-manageyards-display-component---NewYard--addressDetailDetailsCity1","interaction":{"idSuffix":"inner"}},"wdio_ui5_key":"applicationmanageyards-display-component---NewYard--addressDetailDetailsCity1"}]}
COMMAND: GET /session/cf943d61b4ec37add412b20e5410361e/screenshot - {}
RESULT: {"script":"<script> [1562 bytes]","args":[{"selector":{"id":"application-manageyards-display-component---NewYard--addressDetailDetailsCity1","interaction":{"idSuffix":"inner"}},"wdio_ui5_key":"applicationmanageyards-display-component---NewYard--addressDetailDetailsCity1"}]}
RESULT: undefined
COMMAND: POST /session/cf943d61b4ec37add412b20e5410361e/execute/async - {"script":"<script> [776 bytes]","args":[{"enterText":"Rosario","selector":{"id":"application-manageyards-display-component---NewYard--addressDetailDetailsCity1","interaction":{"idSuffix":"inner"}},"clearTextFirst":true,"interactionType":"ENTER_TEXT"}]}
RESULT: {}
RESULT: {"script":"<script> [776 bytes]","args":[{"enterText":"Rosario","selector":{"id":"application-manageyards-display-component---NewYard--addressDetailDetailsCity1","interaction":{"idSuffix":"inner"}},"clearTextFirst":true,"interactionType":"ENTER_TEXT"}]}
COMMAND: POST /session/cf943d61b4ec37add412b20e5410361e/execute/async - {"script":"<script> [1562 bytes]","args":[{"selector":{"id":"application-manageyards-display-component---NewYard--addressDetailDetailsCountry-arrow"},"wdio_ui5_key":"applicationmanageyards-display-component---NewYard--addressDetailDetailsCountry-arrow"}]}
RESULT: {"script":"<script> [1562 bytes]","args":[{"selector":{"id":"application-manageyards-display-component---NewYard--addressDetailDetailsCountry-arrow"},"wdio_ui5_key":"applicationmanageyards-display-component---NewYard--addressDetailDetailsCountry-arrow"}]}
RESULT: undefined
COMMAND: POST /session/cf943d61b4ec37add412b20e5410361e/element - {"using":"xpath","value":"//*[@id=\"application-manageyards-display-component---NewYard--addressDetailDetailsCountry-arrow\"]"}
RESULT: {"using":"xpath","value":"//*[@id=\"application-manageyards-display-component---NewYard--addressDetailDetailsCountry-arrow\"]"}
COMMAND: POST /session/cf943d61b4ec37add412b20e5410361e/element/f.8C1712D618BBFF0472B495C641D9811D.d.AB1F1B8B11FA5FD9C276B33F4524789B.e.14784/click - {}
RESULT: {}
COMMAND: POST /session/cf943d61b4ec37add412b20e5410361e/element - {"using":"xpath","value":"//span[contains(text(), \"Argentina\")]"}
COMMAND: GET /session/cf943d61b4ec37add412b20e5410361e/screenshot - {}
RESULT: {"using":"xpath","value":"//span[contains(text(), \"Argentina\")]"}
COMMAND: POST /session/cf943d61b4ec37add412b20e5410361e/element/f.8C1712D618BBFF0472B495C641D9811D.d.AB1F1B8B11FA5FD9C276B33F4524789B.e.14785/click - {}
RESULT: {}
RESULT: {}
COMMAND: POST /session/cf943d61b4ec37add412b20e5410361e/execute/async - {"script":"<script> [1562 bytes]","args":[{"selector":{"id":"application-manageyards-display-component---NewYard--addressEditDetailsCostObjectCstType-arrow"},"wdio_ui5_key":"applicationmanageyards-display-component---NewYard--addressEditDetailsCostObjectCstType-arrow"}]}
COMMAND: GET /session/cf943d61b4ec37add412b20e5410361e/screenshot - {}
RESULT: {"script":"<script> [1562 bytes]","args":[{"selector":{"id":"application-manageyards-display-component---NewYard--addressEditDetailsCostObjectCstType-arrow"},"wdio_ui5_key":"applicationmanageyards-display-component---NewYard--addressEditDetailsCostObjectCstType-arrow"}]}
RESULT: undefined
COMMAND: POST /session/cf943d61b4ec37add412b20e5410361e/element - {"using":"xpath","value":"//*[@id=\"application-manageyards-display-component---NewYard--addressEditDetailsCostObjectCstType-arrow\"]"}
RESULT: {}
RESULT: {"using":"xpath","value":"//*[@id=\"application-manageyards-display-component---NewYard--addressEditDetailsCostObjectCstType-arrow\"]"}
COMMAND: POST /session/cf943d61b4ec37add412b20e5410361e/element/f.8C1712D618BBFF0472B495C641D9811D.d.AB1F1B8B11FA5FD9C276B33F4524789B.e.14787/click - {}
RESULT: {}
COMMAND: POST /session/cf943d61b4ec37add412b20e5410361e/element - {"using":"xpath","value":"//span[contains(text(), \"Cost Center\")]"}
COMMAND: GET /session/cf943d61b4ec37add412b20e5410361e/screenshot - {}
RESULT: {"using":"xpath","value":"//span[contains(text(), \"Cost Center\")]"}
COMMAND: POST /session/cf943d61b4ec37add412b20e5410361e/element/f.8C1712D618BBFF0472B495C641D9811D.d.AB1F1B8B11FA5FD9C276B33F4524789B.e.14788/click - {}
RESULT: {}
RESULT: {}
COMMAND: GET /session/cf943d61b4ec37add412b20e5410361e/screenshot - {}
RESULT: {}
COMMAND: POST /session/cf943d61b4ec37add412b20e5410361e/element - {"using":"xpath","value":"//span[@id=\"application-manageyards-display-component---NewYard--addressNewCostObjectCstID-vhi\"]"}
RESULT: {"using":"xpath","value":"//span[@id=\"application-manageyards-display-component---NewYard--addressNewCostObjectCstID-vhi\"]"}
COMMAND: POST /session/cf943d61b4ec37add412b20e5410361e/execute/sync - {"script":"<script> [8489 bytes]","args":[{"element-6066-11e4-a52e-4f735466cecf":"f.8C1712D618BBFF0472B495C641D9811D.d.AB1F1B8B11FA5FD9C276B33F4524789B.e.14792","ELEMENT":"f.8C1712D618BBFF0472B495C641D9811D.d.AB1F1B8B11FA5FD9C276B33F4524789B.e.14792"}]}
RESULT: {"script":"<script> [8489 bytes]","args":[{"element-6066-11e4-a52e-4f735466cecf":"f.8C1712D618BBFF0472B495C641D9811D.d.AB1F1B8B11FA5FD9C276B33F4524789B.e.14792","ELEMENT":"f.8C1712D618BBFF0472B495C641D9811D.d.AB1F1B8B11FA5FD9C276B33F4524789B.e.14792"}]}
COMMAND: POST /session/cf943d61b4ec37add412b20e5410361e/execute/async - {"script":"<script> [1562 bytes]","args":[{"selector":{"id":"application-manageyards-display-component---NewYard--addressNewCostObjectCstID-vhi"},"wdio_ui5_key":"applicationmanageyards-display-component---NewYard--addressNewCostObjectCstID-vhi"}]}
COMMAND: GET /session/cf943d61b4ec37add412b20e5410361e/screenshot - {}
RESULT: {"script":"<script> [1562 bytes]","args":[{"selector":{"id":"application-manageyards-display-component---NewYard--addressNewCostObjectCstID-vhi"},"wdio_ui5_key":"applicationmanageyards-display-component---NewYard--addressNewCostObjectCstID-vhi"}]}
RESULT: undefined
COMMAND: POST /session/cf943d61b4ec37add412b20e5410361e/element - {"using":"xpath","value":"//*[@id=\"application-manageyards-display-component---NewYard--addressNewCostObjectCstID-vhi\"]"}
RESULT: {}
RESULT: {"using":"xpath","value":"//*[@id=\"application-manageyards-display-component---NewYard--addressNewCostObjectCstID-vhi\"]"}
COMMAND: POST /session/cf943d61b4ec37add412b20e5410361e/element/f.8C1712D618BBFF0472B495C641D9811D.d.AB1F1B8B11FA5FD9C276B33F4524789B.e.14792/click - {}
RESULT: {}
COMMAND: GET /session/cf943d61b4ec37add412b20e5410361e/screenshot - {}
RESULT: {}
COMMAND: POST /session/cf943d61b4ec37add412b20e5410361e/execute/async - {"script":"<script> [1562 bytes]","args":[{"selector":{"controlType":"sap.m.SearchField","properties":{"placeholder":"Search"},"searchOpenDialogs":true,"interaction":{"idSuffix":"I"}},"wdio_ui5_key":"sapm.SearchField{\"placeholder\":\"Search\"}"}]}
RESULT: {"script":"<script> [1562 bytes]","args":[{"selector":{"controlType":"sap.m.SearchField","properties":{"placeholder":"Search"},"searchOpenDialogs":true,"interaction":{"idSuffix":"I"}},"wdio_ui5_key":"sapm.SearchField{\"placeholder\":\"Search\"}"}]}
RESULT: undefined
COMMAND: POST /session/cf943d61b4ec37add412b20e5410361e/execute/async - {"script":"<script> [776 bytes]","args":[{"enterText":"bauh_b","selector":{"controlType":"sap.m.SearchField","properties":{"placeholder":"Search"},"searchOpenDialogs":true,"interaction":{"idSuffix":"I"}},"clearTextFirst":true,"interactionType":"ENTER_TEXT"}]}
RESULT: {"script":"<script> [776 bytes]","args":[{"enterText":"bauh_b","selector":{"controlType":"sap.m.SearchField","properties":{"placeholder":"Search"},"searchOpenDialogs":true,"interaction":{"idSuffix":"I"}},"clearTextFirst":true,"interactionType":"ENTER_TEXT"}]}
COMMAND: POST /session/cf943d61b4ec37add412b20e5410361e/actions - {"actions":[{"id":"action52","type":"key","parameters":{},"actions":[{"type":"keyDown","value":"î€‡"},{"type":"pause","duration":10},{"type":"keyUp","value":"î€‡"}]}]}
RESULT: {"actions":[{"id":"action52","type":"key","parameters":{},"actions":[{"type":"keyDown","value":"î€‡"},{"type":"pause","duration":10},{"type":"keyUp","value":"î€‡"}]}]}
COMMAND: GET /session/cf943d61b4ec37add412b20e5410361e/screenshot - {}
RESULT: {}
COMMAND: POST /session/cf943d61b4ec37add412b20e5410361e/element - {"using":"xpath","value":"//span[contains(text(), \"Demo Yard\")]"}
RESULT: {"using":"xpath","value":"//span[contains(text(), \"Demo Yard\")]"}
COMMAND: POST /session/cf943d61b4ec37add412b20e5410361e/element/f.8C1712D618BBFF0472B495C641D9811D.d.AB1F1B8B11FA5FD9C276B33F4524789B.e.14832/click - {}
RESULT: {}
COMMAND: GET /session/cf943d61b4ec37add412b20e5410361e/screenshot - {}
RESULT: {}
COMMAND: POST /session/cf943d61b4ec37add412b20e5410361e/element - {"using":"xpath","value":"//bdi[contains(text(), \"OK\")]"}
RESULT: {"using":"xpath","value":"//bdi[contains(text(), \"OK\")]"}
COMMAND: POST /session/cf943d61b4ec37add412b20e5410361e/element/f.8C1712D618BBFF0472B495C641D9811D.d.AB1F1B8B11FA5FD9C276B33F4524789B.e.14833/click - {}
RESULT: {}
COMMAND: GET /session/cf943d61b4ec37add412b20e5410361e/screenshot - {}
RESULT: {}
COMMAND: POST /session/cf943d61b4ec37add412b20e5410361e/execute/async - {"script":"<script> [1562 bytes]","args":[{"selector":{"id":"application-manageyards-display-component---NewYard--addressEditDetailsCurrency-arrow"},"wdio_ui5_key":"applicationmanageyards-display-component---NewYard--addressEditDetailsCurrency-arrow"}]}
RESULT: {"script":"<script> [1562 bytes]","args":[{"selector":{"id":"application-manageyards-display-component---NewYard--addressEditDetailsCurrency-arrow"},"wdio_ui5_key":"applicationmanageyards-display-component---NewYard--addressEditDetailsCurrency-arrow"}]}
RESULT: undefined
COMMAND: POST /session/cf943d61b4ec37add412b20e5410361e/element - {"using":"xpath","value":"//*[@id=\"application-manageyards-display-component---NewYard--addressEditDetailsCurrency-arrow\"]"}
RESULT: {"using":"xpath","value":"//*[@id=\"application-manageyards-display-component---NewYard--addressEditDetailsCurrency-arrow\"]"}
COMMAND: POST /session/cf943d61b4ec37add412b20e5410361e/element/f.8C1712D618BBFF0472B495C641D9811D.d.AB1F1B8B11FA5FD9C276B33F4524789B.e.14836/click - {}
RESULT: {}
COMMAND: POST /session/cf943d61b4ec37add412b20e5410361e/element - {"using":"xpath","value":"//span[contains(text(), \"Euro\")]"}
COMMAND: GET /session/cf943d61b4ec37add412b20e5410361e/screenshot - {}
RESULT: {"using":"xpath","value":"//span[contains(text(), \"Euro\")]"}
COMMAND: POST /session/cf943d61b4ec37add412b20e5410361e/element/f.8C1712D618BBFF0472B495C641D9811D.d.AB1F1B8B11FA5FD9C276B33F4524789B.e.14837/click - {}
RESULT: {}
RESULT: {}
COMMAND: POST /session/cf943d61b4ec37add412b20e5410361e/execute/async - {"script":"<script> [1562 bytes]","args":[{"selector":{"controlType":"sap.m.Input","viewName":"etm.portal.ui.manageyards.view.New","viewId":"application-manageyards-display-component---NewYard","bindingPath":{"path":"","propertyPath":"/CONTROLLING_AREA","modelName":"NewYardModel"},"interaction":{"idSuffix":"inner"}},"wdio_ui5_key":"etmportal.ui.manageyards.view.Newsap.m.Input{\"path\":\"\",\"propertyPath\":\"/CONTROLLING_AREA\",\"modelName\":\"NewYardModel\"}"}]}
COMMAND: GET /session/cf943d61b4ec37add412b20e5410361e/screenshot - {}
RESULT: {"script":"<script> [1562 bytes]","args":[{"selector":{"controlType":"sap.m.Input","viewName":"etm.portal.ui.manageyards.view.New","viewId":"application-manageyards-display-component---NewYard","bindingPath":{"path":"","propertyPath":"/CONTROLLING_AREA","modelName":"NewYardModel"},"interaction":{"idSuffix":"inner"}},"wdio_ui5_key":"etmportal.ui.manageyards.view.Newsap.m.Input{\"path\":\"\",\"propertyPath\":\"/CONTROLLING_AREA\",\"modelName\":\"NewYardModel\"}"}]}
RESULT: undefined
COMMAND: POST /session/cf943d61b4ec37add412b20e5410361e/execute/async - {"script":"<script> [776 bytes]","args":[{"enterText":"Z001","selector":{"controlType":"sap.m.Input","viewName":"etm.portal.ui.manageyards.view.New","viewId":"application-manageyards-display-component---NewYard","bindingPath":{"path":"","propertyPath":"/CONTROLLING_AREA","modelName":"NewYardModel"},"interaction":{"idSuffix":"inner"}},"clearTextFirst":true,"interactionType":"ENTER_TEXT"}]}
RESULT: {}
RESULT: {"script":"<script> [776 bytes]","args":[{"enterText":"Z001","selector":{"controlType":"sap.m.Input","viewName":"etm.portal.ui.manageyards.view.New","viewId":"application-manageyards-display-component---NewYard","bindingPath":{"path":"","propertyPath":"/CONTROLLING_AREA","modelName":"NewYardModel"},"interaction":{"idSuffix":"inner"}},"clearTextFirst":true,"interactionType":"ENTER_TEXT"}]}
COMMAND: POST /session/cf943d61b4ec37add412b20e5410361e/execute/async - {"script":"<script> [1562 bytes]","args":[{"selector":{"id":"application-manageyards-display-component---NewYard--companyCodeComboBox","interaction":{"idSuffix":"inner"}},"wdio_ui5_key":"applicationmanageyards-display-component---NewYard--companyCodeComboBox"}]}
RESULT: {"script":"<script> [1562 bytes]","args":[{"selector":{"id":"application-manageyards-display-component---NewYard--companyCodeComboBox","interaction":{"idSuffix":"inner"}},"wdio_ui5_key":"applicationmanageyards-display-component---NewYard--companyCodeComboBox"}]}
RESULT: undefined
COMMAND: POST /session/cf943d61b4ec37add412b20e5410361e/execute/async - {"script":"<script> [776 bytes]","args":[{"enterText":"1000","selector":{"id":"application-manageyards-display-component---NewYard--companyCodeComboBox","interaction":{"idSuffix":"inner"}},"clearTextFirst":true,"interactionType":"ENTER_TEXT"}]}
RESULT: {"script":"<script> [776 bytes]","args":[{"enterText":"1000","selector":{"id":"application-manageyards-display-component---NewYard--companyCodeComboBox","interaction":{"idSuffix":"inner"}},"clearTextFirst":true,"interactionType":"ENTER_TEXT"}]}
COMMAND: POST /session/cf943d61b4ec37add412b20e5410361e/execute/async - {"script":"<script> [1562 bytes]","args":[{"selector":{"controlType":"sap.m.Input","viewName":"etm.portal.ui.manageyards.view.New","viewId":"application-manageyards-display-component---NewYard","bindingPath":{"path":"","propertyPath":"/PLANT","modelName":"NewYardModel"},"interaction":{"idSuffix":"inner"}},"wdio_ui5_key":"etmportal.ui.manageyards.view.Newsap.m.Input{\"path\":\"\",\"propertyPath\":\"/PLANT\",\"modelName\":\"NewYardModel\"}"}]}
RESULT: {"script":"<script> [1562 bytes]","args":[{"selector":{"controlType":"sap.m.Input","viewName":"etm.portal.ui.manageyards.view.New","viewId":"application-manageyards-display-component---NewYard","bindingPath":{"path":"","propertyPath":"/PLANT","modelName":"NewYardModel"},"interaction":{"idSuffix":"inner"}},"wdio_ui5_key":"etmportal.ui.manageyards.view.Newsap.m.Input{\"path\":\"\",\"propertyPath\":\"/PLANT\",\"modelName\":\"NewYardModel\"}"}]}
RESULT: undefined
COMMAND: POST /session/cf943d61b4ec37add412b20e5410361e/execute/async - {"script":"<script> [776 bytes]","args":[{"enterText":"1001","selector":{"controlType":"sap.m.Input","viewName":"etm.portal.ui.manageyards.view.New","viewId":"application-manageyards-display-component---NewYard","bindingPath":{"path":"","propertyPath":"/PLANT","modelName":"NewYardModel"},"interaction":{"idSuffix":"inner"}},"clearTextFirst":true,"interactionType":"ENTER_TEXT"}]}
RESULT: {"script":"<script> [776 bytes]","args":[{"enterText":"1001","selector":{"controlType":"sap.m.Input","viewName":"etm.portal.ui.manageyards.view.New","viewId":"application-manageyards-display-component---NewYard","bindingPath":{"path":"","propertyPath":"/PLANT","modelName":"NewYardModel"},"interaction":{"idSuffix":"inner"}},"clearTextFirst":true,"interactionType":"ENTER_TEXT"}]}
COMMAND: POST /session/cf943d61b4ec37add412b20e5410361e/execute/async - {"script":"<script> [1562 bytes]","args":[{"selector":{"controlType":"sap.m.Input","viewName":"etm.portal.ui.manageyards.view.New","viewId":"application-manageyards-display-component---NewYard","bindingPath":{"path":"","propertyPath":"/SALES_AREA_VKORG","modelName":"NewYardModel"},"interaction":{"idSuffix":"inner"}},"wdio_ui5_key":"etmportal.ui.manageyards.view.Newsap.m.Input{\"path\":\"\",\"propertyPath\":\"/SALES_AREA_VKORG\",\"modelName\":\"NewYardModel\"}"}]}
RESULT: {"script":"<script> [1562 bytes]","args":[{"selector":{"controlType":"sap.m.Input","viewName":"etm.portal.ui.manageyards.view.New","viewId":"application-manageyards-display-component---NewYard","bindingPath":{"path":"","propertyPath":"/SALES_AREA_VKORG","modelName":"NewYardModel"},"interaction":{"idSuffix":"inner"}},"wdio_ui5_key":"etmportal.ui.manageyards.view.Newsap.m.Input{\"path\":\"\",\"propertyPath\":\"/SALES_AREA_VKORG\",\"modelName\":\"NewYardModel\"}"}]}
RESULT: undefined
COMMAND: POST /session/cf943d61b4ec37add412b20e5410361e/execute/async - {"script":"<script> [776 bytes]","args":[{"enterText":"C002","selector":{"controlType":"sap.m.Input","viewName":"etm.portal.ui.manageyards.view.New","viewId":"application-manageyards-display-component---NewYard","bindingPath":{"path":"","propertyPath":"/SALES_AREA_VKORG","modelName":"NewYardModel"},"interaction":{"idSuffix":"inner"}},"clearTextFirst":true,"interactionType":"ENTER_TEXT"}]}
RESULT: {"script":"<script> [776 bytes]","args":[{"enterText":"C002","selector":{"controlType":"sap.m.Input","viewName":"etm.portal.ui.manageyards.view.New","viewId":"application-manageyards-display-component---NewYard","bindingPath":{"path":"","propertyPath":"/SALES_AREA_VKORG","modelName":"NewYardModel"},"interaction":{"idSuffix":"inner"}},"clearTextFirst":true,"interactionType":"ENTER_TEXT"}]}
COMMAND: POST /session/cf943d61b4ec37add412b20e5410361e/execute/async - {"script":"<script> [1562 bytes]","args":[{"selector":{"controlType":"sap.m.Input","viewName":"etm.portal.ui.manageyards.view.New","viewId":"application-manageyards-display-component---NewYard","bindingPath":{"path":"","propertyPath":"/SALES_AREA_VTWEG","modelName":"NewYardModel"},"interaction":{"idSuffix":"inner"}},"wdio_ui5_key":"etmportal.ui.manageyards.view.Newsap.m.Input{\"path\":\"\",\"propertyPath\":\"/SALES_AREA_VTWEG\",\"modelName\":\"NewYardModel\"}"}]}
RESULT: {"script":"<script> [1562 bytes]","args":[{"selector":{"controlType":"sap.m.Input","viewName":"etm.portal.ui.manageyards.view.New","viewId":"application-manageyards-display-component---NewYard","bindingPath":{"path":"","propertyPath":"/SALES_AREA_VTWEG","modelName":"NewYardModel"},"interaction":{"idSuffix":"inner"}},"wdio_ui5_key":"etmportal.ui.manageyards.view.Newsap.m.Input{\"path\":\"\",\"propertyPath\":\"/SALES_AREA_VTWEG\",\"modelName\":\"NewYardModel\"}"}]}
RESULT: undefined
COMMAND: POST /session/cf943d61b4ec37add412b20e5410361e/execute/async - {"script":"<script> [776 bytes]","args":[{"enterText":"C2","selector":{"controlType":"sap.m.Input","viewName":"etm.portal.ui.manageyards.view.New","viewId":"application-manageyards-display-component---NewYard","bindingPath":{"path":"","propertyPath":"/SALES_AREA_VTWEG","modelName":"NewYardModel"},"interaction":{"idSuffix":"inner"}},"clearTextFirst":true,"interactionType":"ENTER_TEXT"}]}
RESULT: {"script":"<script> [776 bytes]","args":[{"enterText":"C2","selector":{"controlType":"sap.m.Input","viewName":"etm.portal.ui.manageyards.view.New","viewId":"application-manageyards-display-component---NewYard","bindingPath":{"path":"","propertyPath":"/SALES_AREA_VTWEG","modelName":"NewYardModel"},"interaction":{"idSuffix":"inner"}},"clearTextFirst":true,"interactionType":"ENTER_TEXT"}]}
COMMAND: POST /session/cf943d61b4ec37add412b20e5410361e/execute/async - {"script":"<script> [1562 bytes]","args":[{"selector":{"controlType":"sap.m.Input","viewName":"etm.portal.ui.manageyards.view.New","viewId":"application-manageyards-display-component---NewYard","bindingPath":{"path":"","propertyPath":"/SALES_AREA_SPART","modelName":"NewYardModel"},"interaction":{"idSuffix":"inner"}},"wdio_ui5_key":"etmportal.ui.manageyards.view.Newsap.m.Input{\"path\":\"\",\"propertyPath\":\"/SALES_AREA_SPART\",\"modelName\":\"NewYardModel\"}"}]}
RESULT: {"script":"<script> [1562 bytes]","args":[{"selector":{"controlType":"sap.m.Input","viewName":"etm.portal.ui.manageyards.view.New","viewId":"application-manageyards-display-component---NewYard","bindingPath":{"path":"","propertyPath":"/SALES_AREA_SPART","modelName":"NewYardModel"},"interaction":{"idSuffix":"inner"}},"wdio_ui5_key":"etmportal.ui.manageyards.view.Newsap.m.Input{\"path\":\"\",\"propertyPath\":\"/SALES_AREA_SPART\",\"modelName\":\"NewYardModel\"}"}]}
RESULT: undefined
COMMAND: POST /session/cf943d61b4ec37add412b20e5410361e/execute/async - {"script":"<script> [776 bytes]","args":[{"enterText":"C2","selector":{"controlType":"sap.m.Input","viewName":"etm.portal.ui.manageyards.view.New","viewId":"application-manageyards-display-component---NewYard","bindingPath":{"path":"","propertyPath":"/SALES_AREA_SPART","modelName":"NewYardModel"},"interaction":{"idSuffix":"inner"}},"clearTextFirst":true,"interactionType":"ENTER_TEXT"}]}
RESULT: {"script":"<script> [776 bytes]","args":[{"enterText":"C2","selector":{"controlType":"sap.m.Input","viewName":"etm.portal.ui.manageyards.view.New","viewId":"application-manageyards-display-component---NewYard","bindingPath":{"path":"","propertyPath":"/SALES_AREA_SPART","modelName":"NewYardModel"},"interaction":{"idSuffix":"inner"}},"clearTextFirst":true,"interactionType":"ENTER_TEXT"}]}
COMMAND: POST /session/cf943d61b4ec37add412b20e5410361e/execute/async - {"script":"<script> [1562 bytes]","args":[{"selector":{"controlType":"sap.m.Input","viewName":"etm.portal.ui.manageyards.view.New","viewId":"application-manageyards-display-component---NewYard","bindingPath":{"path":"","propertyPath":"/SHIP_POINT","modelName":"NewYardModel"},"interaction":{"idSuffix":"inner"}},"wdio_ui5_key":"etmportal.ui.manageyards.view.Newsap.m.Input{\"path\":\"\",\"propertyPath\":\"/SHIP_POINT\",\"modelName\":\"NewYardModel\"}"}]}
RESULT: {"script":"<script> [1562 bytes]","args":[{"selector":{"controlType":"sap.m.Input","viewName":"etm.portal.ui.manageyards.view.New","viewId":"application-manageyards-display-component---NewYard","bindingPath":{"path":"","propertyPath":"/SHIP_POINT","modelName":"NewYardModel"},"interaction":{"idSuffix":"inner"}},"wdio_ui5_key":"etmportal.ui.manageyards.view.Newsap.m.Input{\"path\":\"\",\"propertyPath\":\"/SHIP_POINT\",\"modelName\":\"NewYardModel\"}"}]}
RESULT: undefined
COMMAND: POST /session/cf943d61b4ec37add412b20e5410361e/execute/async - {"script":"<script> [776 bytes]","args":[{"enterText":"1710","selector":{"controlType":"sap.m.Input","viewName":"etm.portal.ui.manageyards.view.New","viewId":"application-manageyards-display-component---NewYard","bindingPath":{"path":"","propertyPath":"/SHIP_POINT","modelName":"NewYardModel"},"interaction":{"idSuffix":"inner"}},"clearTextFirst":true,"interactionType":"ENTER_TEXT"}]}
RESULT: {"script":"<script> [776 bytes]","args":[{"enterText":"1710","selector":{"controlType":"sap.m.Input","viewName":"etm.portal.ui.manageyards.view.New","viewId":"application-manageyards-display-component---NewYard","bindingPath":{"path":"","propertyPath":"/SHIP_POINT","modelName":"NewYardModel"},"interaction":{"idSuffix":"inner"}},"clearTextFirst":true,"interactionType":"ENTER_TEXT"}]}
COMMAND: POST /session/cf943d61b4ec37add412b20e5410361e/execute/async - {"script":"<script> [1562 bytes]","args":[{"selector":{"controlType":"sap.m.Input","viewName":"etm.portal.ui.manageyards.view.New","viewId":"application-manageyards-display-component---NewYard","bindingPath":{"path":"","propertyPath":"/DELIVERY_TYPE","modelName":"NewYardModel"},"interaction":{"idSuffix":"inner"}},"wdio_ui5_key":"etmportal.ui.manageyards.view.Newsap.m.Input{\"path\":\"\",\"propertyPath\":\"/DELIVERY_TYPE\",\"modelName\":\"NewYardModel\"}"}]}
RESULT: {"script":"<script> [1562 bytes]","args":[{"selector":{"controlType":"sap.m.Input","viewName":"etm.portal.ui.manageyards.view.New","viewId":"application-manageyards-display-component---NewYard","bindingPath":{"path":"","propertyPath":"/DELIVERY_TYPE","modelName":"NewYardModel"},"interaction":{"idSuffix":"inner"}},"wdio_ui5_key":"etmportal.ui.manageyards.view.Newsap.m.Input{\"path\":\"\",\"propertyPath\":\"/DELIVERY_TYPE\",\"modelName\":\"NewYardModel\"}"}]}
RESULT: undefined
COMMAND: POST /session/cf943d61b4ec37add412b20e5410361e/execute/async - {"script":"<script> [776 bytes]","args":[{"enterText":"ZL01","selector":{"controlType":"sap.m.Input","viewName":"etm.portal.ui.manageyards.view.New","viewId":"application-manageyards-display-component---NewYard","bindingPath":{"path":"","propertyPath":"/DELIVERY_TYPE","modelName":"NewYardModel"},"interaction":{"idSuffix":"inner"}},"clearTextFirst":true,"interactionType":"ENTER_TEXT"}]}
RESULT: {"script":"<script> [776 bytes]","args":[{"enterText":"ZL01","selector":{"controlType":"sap.m.Input","viewName":"etm.portal.ui.manageyards.view.New","viewId":"application-manageyards-display-component---NewYard","bindingPath":{"path":"","propertyPath":"/DELIVERY_TYPE","modelName":"NewYardModel"},"interaction":{"idSuffix":"inner"}},"clearTextFirst":true,"interactionType":"ENTER_TEXT"}]}
COMMAND: POST /session/cf943d61b4ec37add412b20e5410361e/execute/async - {"script":"<script> [1562 bytes]","args":[{"selector":{"controlType":"sap.m.Input","viewName":"etm.portal.ui.manageyards.view.New","viewId":"application-manageyards-display-component---NewYard","bindingPath":{"path":"","propertyPath":"/AUART","modelName":"NewYardModel"},"interaction":{"idSuffix":"inner"}},"wdio_ui5_key":"etmportal.ui.manageyards.view.Newsap.m.Input{\"path\":\"\",\"propertyPath\":\"/AUART\",\"modelName\":\"NewYardModel\"}"}]}
RESULT: {"script":"<script> [1562 bytes]","args":[{"selector":{"controlType":"sap.m.Input","viewName":"etm.portal.ui.manageyards.view.New","viewId":"application-manageyards-display-component---NewYard","bindingPath":{"path":"","propertyPath":"/AUART","modelName":"NewYardModel"},"interaction":{"idSuffix":"inner"}},"wdio_ui5_key":"etmportal.ui.manageyards.view.Newsap.m.Input{\"path\":\"\",\"propertyPath\":\"/AUART\",\"modelName\":\"NewYardModel\"}"}]}
RESULT: undefined
COMMAND: POST /session/cf943d61b4ec37add412b20e5410361e/execute/async - {"script":"<script> [776 bytes]","args":[{"enterText":"TA","selector":{"controlType":"sap.m.Input","viewName":"etm.portal.ui.manageyards.view.New","viewId":"application-manageyards-display-component---NewYard","bindingPath":{"path":"","propertyPath":"/AUART","modelName":"NewYardModel"},"interaction":{"idSuffix":"inner"}},"clearTextFirst":true,"interactionType":"ENTER_TEXT"}]}
RESULT: {"script":"<script> [776 bytes]","args":[{"enterText":"TA","selector":{"controlType":"sap.m.Input","viewName":"etm.portal.ui.manageyards.view.New","viewId":"application-manageyards-display-component---NewYard","bindingPath":{"path":"","propertyPath":"/AUART","modelName":"NewYardModel"},"interaction":{"idSuffix":"inner"}},"clearTextFirst":true,"interactionType":"ENTER_TEXT"}]}
COMMAND: POST /session/cf943d61b4ec37add412b20e5410361e/element - {"using":"xpath","value":"//button[@data-kt=\"newYardSaveButton\"]"}
RESULT: {"using":"xpath","value":"//button[@data-kt=\"newYardSaveButton\"]"}
COMMAND: POST /session/cf943d61b4ec37add412b20e5410361e/element/f.8C1712D618BBFF0472B495C641D9811D.d.AB1F1B8B11FA5FD9C276B33F4524789B.e.14764/click - {}
RESULT: {}
COMMAND: GET /session/cf943d61b4ec37add412b20e5410361e/screenshot - {}
RESULT: {}
COMMAND: POST /session/cf943d61b4ec37add412b20e5410361e/element - {"using":"xpath","value":"//header[contains(@id, 'ObjectPageLayout-headerTitle')]/div[1]/div[2]/div[1]/span[1]"}
RESULT: {"using":"xpath","value":"//header[contains(@id, 'ObjectPageLayout-headerTitle')]/div[1]/div[2]/div[1]/span[1]"}
COMMAND: POST /session/cf943d61b4ec37add412b20e5410361e/elements - {"using":"xpath","value":"//header[contains(@id, 'ObjectPageLayout-headerTitle')]/div[1]/div[2]/div[1]/span[1]"}
RESULT: {"using":"xpath","value":"//header[contains(@id, 'ObjectPageLayout-headerTitle')]/div[1]/div[2]/div[1]/span[1]"}
COMMAND: POST /session/cf943d61b4ec37add412b20e5410361e/execute/sync - {"script":"<script> [56 bytes]","args":[{"element-6066-11e4-a52e-4f735466cecf":"f.8C1712D618BBFF0472B495C641D9811D.d.AB1F1B8B11FA5FD9C276B33F4524789B.e.15053","ELEMENT":"f.8C1712D618BBFF0472B495C641D9811D.d.AB1F1B8B11FA5FD9C276B33F4524789B.e.15053"}]}
RESULT: {"script":"<script> [56 bytes]","args":[{"element-6066-11e4-a52e-4f735466cecf":"f.8C1712D618BBFF0472B495C641D9811D.d.AB1F1B8B11FA5FD9C276B33F4524789B.e.15053","ELEMENT":"f.8C1712D618BBFF0472B495C641D9811D.d.AB1F1B8B11FA5FD9C276B33F4524789B.e.15053"}]}
COMMAND: GET /session/cf943d61b4ec37add412b20e5410361e/screenshot - {}
RESULT: {}
COMMAND: POST /session/cf943d61b4ec37add412b20e5410361e/element - {"using":"css selector","value":"#shell-header-logo"}
RESULT: {"using":"css selector","value":"#shell-header-logo"}
COMMAND: POST /session/cf943d61b4ec37add412b20e5410361e/element/f.8C1712D618BBFF0472B495C641D9811D.d.AB1F1B8B11FA5FD9C276B33F4524789B.e.14203/click - {}
RESULT: {}
COMMAND: GET /session/cf943d61b4ec37add412b20e5410361e/screenshot - {}
RESULT: {}
COMMAND: POST /session/cf943d61b4ec37add412b20e5410361e/execute/sync - {"script":"<script> [299 bytes]","args":[["getModel","getResource"]]}
RESULT: {"script":"<script> [299 bytes]","args":[["getModel","getResource"]]}
]]></system-out>
    </testcase>
    <testcase classname="chrome.137_0_7151_69.windows.Transfer_Yard_to_Yard_US131076" name="Should create an equipment" time="156.744">
      <system-out><![CDATA[
COMMAND: POST /session/cf943d61b4ec37add412b20e5410361e/execute/async - {"script":"<script> [1562 bytes]","args":[{"selector":{"controlType":"sap.m.GenericTile","properties":{"header":"Manage Resources"}},"wdio_ui5_key":"sapm.GenericTile{\"header\":\"Manage Resources\"}"}]}
COMMAND: GET /session/cf943d61b4ec37add412b20e5410361e/screenshot - {}
RESULT: {"script":"<script> [1562 bytes]","args":[{"selector":{"controlType":"sap.m.GenericTile","properties":{"header":"Manage Resources"}},"wdio_ui5_key":"sapm.GenericTile{\"header\":\"Manage Resources\"}"}]}
RESULT: undefined
COMMAND: POST /session/cf943d61b4ec37add412b20e5410361e/element - {"using":"xpath","value":"//*[@id=\"__tile31\"]"}
RESULT: {}
RESULT: {"using":"xpath","value":"//*[@id=\"__tile31\"]"}
COMMAND: POST /session/cf943d61b4ec37add412b20e5410361e/element/f.8C1712D618BBFF0472B495C641D9811D.d.AB1F1B8B11FA5FD9C276B33F4524789B.e.14219/click - {}
RESULT: {}
COMMAND: GET /session/cf943d61b4ec37add412b20e5410361e/screenshot - {}
COMMAND: POST /session/cf943d61b4ec37add412b20e5410361e/elements - {"using":"xpath","value":"//span[text()='Error']"}
RESULT: {}
RESULT: {"using":"xpath","value":"//span[text()='Error']"}
COMMAND: POST /session/cf943d61b4ec37add412b20e5410361e/element - {"using":"xpath","value":"//button[@data-kt=\"addNewRUOverflowToolbarButton\"]"}
RESULT: {"using":"xpath","value":"//button[@data-kt=\"addNewRUOverflowToolbarButton\"]"}
COMMAND: POST /session/cf943d61b4ec37add412b20e5410361e/elements - {"using":"xpath","value":"//button[@data-kt=\"addNewRUOverflowToolbarButton\"]"}
RESULT: {"using":"xpath","value":"//button[@data-kt=\"addNewRUOverflowToolbarButton\"]"}
COMMAND: POST /session/cf943d61b4ec37add412b20e5410361e/elements - {"using":"xpath","value":"//button[@data-kt=\"addNewRUOverflowToolbarButton\"]"}
RESULT: {"using":"xpath","value":"//button[@data-kt=\"addNewRUOverflowToolbarButton\"]"}
COMMAND: POST /session/cf943d61b4ec37add412b20e5410361e/elements - {"using":"xpath","value":"//button[@data-kt=\"addNewRUOverflowToolbarButton\"]"}
RESULT: {"using":"xpath","value":"//button[@data-kt=\"addNewRUOverflowToolbarButton\"]"}
COMMAND: POST /session/cf943d61b4ec37add412b20e5410361e/elements - {"using":"xpath","value":"//button[@data-kt=\"addNewRUOverflowToolbarButton\"]"}
RESULT: {"using":"xpath","value":"//button[@data-kt=\"addNewRUOverflowToolbarButton\"]"}
COMMAND: POST /session/cf943d61b4ec37add412b20e5410361e/elements - {"using":"xpath","value":"//button[@data-kt=\"addNewRUOverflowToolbarButton\"]"}
RESULT: {"using":"xpath","value":"//button[@data-kt=\"addNewRUOverflowToolbarButton\"]"}
COMMAND: POST /session/cf943d61b4ec37add412b20e5410361e/elements - {"using":"xpath","value":"//button[@data-kt=\"addNewRUOverflowToolbarButton\"]"}
RESULT: {"using":"xpath","value":"//button[@data-kt=\"addNewRUOverflowToolbarButton\"]"}
COMMAND: POST /session/cf943d61b4ec37add412b20e5410361e/elements - {"using":"xpath","value":"//button[@data-kt=\"addNewRUOverflowToolbarButton\"]"}
RESULT: {"using":"xpath","value":"//button[@data-kt=\"addNewRUOverflowToolbarButton\"]"}
COMMAND: POST /session/cf943d61b4ec37add412b20e5410361e/elements - {"using":"xpath","value":"//button[@data-kt=\"addNewRUOverflowToolbarButton\"]"}
RESULT: {"using":"xpath","value":"//button[@data-kt=\"addNewRUOverflowToolbarButton\"]"}
COMMAND: POST /session/cf943d61b4ec37add412b20e5410361e/element - {"using":"xpath","value":"//button[@data-kt=\"addNewRUOverflowToolbarButton\"]"}
RESULT: {"using":"xpath","value":"//button[@data-kt=\"addNewRUOverflowToolbarButton\"]"}
COMMAND: POST /session/cf943d61b4ec37add412b20e5410361e/execute/sync - {"script":"<script> [8489 bytes]","args":[{"element-6066-11e4-a52e-4f735466cecf":"f.8C1712D618BBFF0472B495C641D9811D.d.AB1F1B8B11FA5FD9C276B33F4524789B.e.15096","ELEMENT":"f.8C1712D618BBFF0472B495C641D9811D.d.AB1F1B8B11FA5FD9C276B33F4524789B.e.15096"}]}
RESULT: {"script":"<script> [8489 bytes]","args":[{"element-6066-11e4-a52e-4f735466cecf":"f.8C1712D618BBFF0472B495C641D9811D.d.AB1F1B8B11FA5FD9C276B33F4524789B.e.15096","ELEMENT":"f.8C1712D618BBFF0472B495C641D9811D.d.AB1F1B8B11FA5FD9C276B33F4524789B.e.15096"}]}
COMMAND: GET /session/cf943d61b4ec37add412b20e5410361e/element/f.8C1712D618BBFF0472B495C641D9811D.d.AB1F1B8B11FA5FD9C276B33F4524789B.e.15096/enabled - {}
COMMAND: GET /session/cf943d61b4ec37add412b20e5410361e/screenshot - {}
RESULT: {}
COMMAND: POST /session/cf943d61b4ec37add412b20e5410361e/execute/sync - {"script":"<script> [8489 bytes]","args":[{"element-6066-11e4-a52e-4f735466cecf":"f.8C1712D618BBFF0472B495C641D9811D.d.AB1F1B8B11FA5FD9C276B33F4524789B.e.15096","ELEMENT":"f.8C1712D618BBFF0472B495C641D9811D.d.AB1F1B8B11FA5FD9C276B33F4524789B.e.15096"}]}
COMMAND: GET /session/cf943d61b4ec37add412b20e5410361e/screenshot - {}
RESULT: {}
RESULT: {"script":"<script> [8489 bytes]","args":[{"element-6066-11e4-a52e-4f735466cecf":"f.8C1712D618BBFF0472B495C641D9811D.d.AB1F1B8B11FA5FD9C276B33F4524789B.e.15096","ELEMENT":"f.8C1712D618BBFF0472B495C641D9811D.d.AB1F1B8B11FA5FD9C276B33F4524789B.e.15096"}]}
COMMAND: POST /session/cf943d61b4ec37add412b20e5410361e/execute/sync - {"script":"<script> [5351 bytes]","args":[{"element-6066-11e4-a52e-4f735466cecf":"f.8C1712D618BBFF0472B495C641D9811D.d.AB1F1B8B11FA5FD9C276B33F4524789B.e.15096","ELEMENT":"f.8C1712D618BBFF0472B495C641D9811D.d.AB1F1B8B11FA5FD9C276B33F4524789B.e.15096"}]}
COMMAND: GET /session/cf943d61b4ec37add412b20e5410361e/screenshot - {}
RESULT: {}
RESULT: {"script":"<script> [5351 bytes]","args":[{"element-6066-11e4-a52e-4f735466cecf":"f.8C1712D618BBFF0472B495C641D9811D.d.AB1F1B8B11FA5FD9C276B33F4524789B.e.15096","ELEMENT":"f.8C1712D618BBFF0472B495C641D9811D.d.AB1F1B8B11FA5FD9C276B33F4524789B.e.15096"}]}
COMMAND: POST /session/cf943d61b4ec37add412b20e5410361e/element/f.8C1712D618BBFF0472B495C641D9811D.d.AB1F1B8B11FA5FD9C276B33F4524789B.e.15096/click - {}
RESULT: {}
COMMAND: GET /session/cf943d61b4ec37add412b20e5410361e/screenshot - {}
RESULT: {}
COMMAND: GET /session/cf943d61b4ec37add412b20e5410361e/screenshot - {}
RESULT: {}
RESULT: {}
COMMAND: POST /session/cf943d61b4ec37add412b20e5410361e/execute/async - {"script":"<script> [1562 bytes]","args":[{"selector":{"id":"application-manageresources-display-component---newResourceUnit--TYPE-arrow"},"wdio_ui5_key":"applicationmanageresources-display-component---newResourceUnit--TYPE-arrow"}]}
RESULT: {"script":"<script> [1562 bytes]","args":[{"selector":{"id":"application-manageresources-display-component---newResourceUnit--TYPE-arrow"},"wdio_ui5_key":"applicationmanageresources-display-component---newResourceUnit--TYPE-arrow"}]}
RESULT: undefined
COMMAND: POST /session/cf943d61b4ec37add412b20e5410361e/element - {"using":"xpath","value":"//*[@id=\"application-manageresources-display-component---newResourceUnit--TYPE-arrow\"]"}
RESULT: {"using":"xpath","value":"//*[@id=\"application-manageresources-display-component---newResourceUnit--TYPE-arrow\"]"}
COMMAND: POST /session/cf943d61b4ec37add412b20e5410361e/element/f.8C1712D618BBFF0472B495C641D9811D.d.AB1F1B8B11FA5FD9C276B33F4524789B.e.15459/click - {}
RESULT: {}
COMMAND: POST /session/cf943d61b4ec37add412b20e5410361e/element - {"using":"xpath","value":"//input[@id=\"application-manageresources-display-component---newResourceUnit--TYPE-inner\"]"}
COMMAND: GET /session/cf943d61b4ec37add412b20e5410361e/screenshot - {}
RESULT: {"using":"xpath","value":"//input[@id=\"application-manageresources-display-component---newResourceUnit--TYPE-inner\"]"}
COMMAND: POST /session/cf943d61b4ec37add412b20e5410361e/element/f.8C1712D618BBFF0472B495C641D9811D.d.AB1F1B8B11FA5FD9C276B33F4524789B.e.15441/clear - {}
RESULT: {}
RESULT: {}
COMMAND: POST /session/cf943d61b4ec37add412b20e5410361e/element/f.8C1712D618BBFF0472B495C641D9811D.d.AB1F1B8B11FA5FD9C276B33F4524789B.e.15441/value - {"text":"Equipment"}
COMMAND: GET /session/cf943d61b4ec37add412b20e5410361e/screenshot - {}
RESULT: {"text":"Equipment"}
COMMAND: GET /session/cf943d61b4ec37add412b20e5410361e/screenshot - {}
RESULT: {}
RESULT: {}
COMMAND: POST /session/cf943d61b4ec37add412b20e5410361e/actions - {"actions":[{"id":"action53","type":"key","parameters":{},"actions":[{"type":"keyDown","value":"î€‡"},{"type":"pause","duration":10},{"type":"keyUp","value":"î€‡"}]}]}
RESULT: {"actions":[{"id":"action53","type":"key","parameters":{},"actions":[{"type":"keyDown","value":"î€‡"},{"type":"pause","duration":10},{"type":"keyUp","value":"î€‡"}]}]}
COMMAND: POST /session/cf943d61b4ec37add412b20e5410361e/execute/async - {"script":"<script> [1562 bytes]","args":[{"selector":{"id":"application-manageresources-display-component---newResourceUnit--resourceId","interaction":{"idSuffix":"inner"}},"wdio_ui5_key":"applicationmanageresources-display-component---newResourceUnit--resourceId"}]}
COMMAND: GET /session/cf943d61b4ec37add412b20e5410361e/screenshot - {}
RESULT: {"script":"<script> [1562 bytes]","args":[{"selector":{"id":"application-manageresources-display-component---newResourceUnit--resourceId","interaction":{"idSuffix":"inner"}},"wdio_ui5_key":"applicationmanageresources-display-component---newResourceUnit--resourceId"}]}
RESULT: undefined
COMMAND: POST /session/cf943d61b4ec37add412b20e5410361e/execute/async - {"script":"<script> [776 bytes]","args":[{"enterText":"aCK2dt5hf4","selector":{"id":"application-manageresources-display-component---newResourceUnit--resourceId","interaction":{"idSuffix":"inner"}},"clearTextFirst":true,"interactionType":"ENTER_TEXT"}]}
RESULT: {}
RESULT: {"script":"<script> [776 bytes]","args":[{"enterText":"aCK2dt5hf4","selector":{"id":"application-manageresources-display-component---newResourceUnit--resourceId","interaction":{"idSuffix":"inner"}},"clearTextFirst":true,"interactionType":"ENTER_TEXT"}]}
COMMAND: POST /session/cf943d61b4ec37add412b20e5410361e/execute/async - {"script":"<script> [1562 bytes]","args":[{"selector":{"id":"application-manageresources-display-component---newResourceUnit--SHORT_TEXT","interaction":{"idSuffix":"inner"}},"wdio_ui5_key":"applicationmanageresources-display-component---newResourceUnit--SHORT_TEXT"}]}
RESULT: {"script":"<script> [1562 bytes]","args":[{"selector":{"id":"application-manageresources-display-component---newResourceUnit--SHORT_TEXT","interaction":{"idSuffix":"inner"}},"wdio_ui5_key":"applicationmanageresources-display-component---newResourceUnit--SHORT_TEXT"}]}
RESULT: undefined
COMMAND: POST /session/cf943d61b4ec37add412b20e5410361e/execute/async - {"script":"<script> [776 bytes]","args":[{"enterText":"Intercompany Equipment WDIO","selector":{"id":"application-manageresources-display-component---newResourceUnit--SHORT_TEXT","interaction":{"idSuffix":"inner"}},"clearTextFirst":true,"interactionType":"ENTER_TEXT"}]}
RESULT: {"script":"<script> [776 bytes]","args":[{"enterText":"Intercompany Equipment WDIO","selector":{"id":"application-manageresources-display-component---newResourceUnit--SHORT_TEXT","interaction":{"idSuffix":"inner"}},"clearTextFirst":true,"interactionType":"ENTER_TEXT"}]}
COMMAND: POST /session/cf943d61b4ec37add412b20e5410361e/execute/async - {"script":"<script> [1562 bytes]","args":[{"selector":{"id":"application-manageresources-display-component---newResourceUnit--BASE_UNIT_OF_MEASURE","interaction":{"idSuffix":"inner"}},"wdio_ui5_key":"applicationmanageresources-display-component---newResourceUnit--BASE_UNIT_OF_MEASURE"}]}
RESULT: {"script":"<script> [1562 bytes]","args":[{"selector":{"id":"application-manageresources-display-component---newResourceUnit--BASE_UNIT_OF_MEASURE","interaction":{"idSuffix":"inner"}},"wdio_ui5_key":"applicationmanageresources-display-component---newResourceUnit--BASE_UNIT_OF_MEASURE"}]}
RESULT: undefined
COMMAND: POST /session/cf943d61b4ec37add412b20e5410361e/execute/async - {"script":"<script> [776 bytes]","args":[{"enterText":"Piece","selector":{"id":"application-manageresources-display-component---newResourceUnit--BASE_UNIT_OF_MEASURE","interaction":{"idSuffix":"inner"}},"clearTextFirst":true,"interactionType":"ENTER_TEXT"}]}
RESULT: {"script":"<script> [776 bytes]","args":[{"enterText":"Piece","selector":{"id":"application-manageresources-display-component---newResourceUnit--BASE_UNIT_OF_MEASURE","interaction":{"idSuffix":"inner"}},"clearTextFirst":true,"interactionType":"ENTER_TEXT"}]}
COMMAND: POST /session/cf943d61b4ec37add412b20e5410361e/execute/async - {"script":"<script> [1562 bytes]","args":[{"selector":{"id":"application-manageresources-display-component---newResourceUnit--WEIGHT_UNIT","interaction":{"idSuffix":"inner"}},"wdio_ui5_key":"applicationmanageresources-display-component---newResourceUnit--WEIGHT_UNIT"}]}
RESULT: {"script":"<script> [1562 bytes]","args":[{"selector":{"id":"application-manageresources-display-component---newResourceUnit--WEIGHT_UNIT","interaction":{"idSuffix":"inner"}},"wdio_ui5_key":"applicationmanageresources-display-component---newResourceUnit--WEIGHT_UNIT"}]}
RESULT: undefined
COMMAND: POST /session/cf943d61b4ec37add412b20e5410361e/execute/async - {"script":"<script> [776 bytes]","args":[{"enterText":"Gram","selector":{"id":"application-manageresources-display-component---newResourceUnit--WEIGHT_UNIT","interaction":{"idSuffix":"inner"}},"clearTextFirst":true,"interactionType":"ENTER_TEXT"}]}
RESULT: {"script":"<script> [776 bytes]","args":[{"enterText":"Gram","selector":{"id":"application-manageresources-display-component---newResourceUnit--WEIGHT_UNIT","interaction":{"idSuffix":"inner"}},"clearTextFirst":true,"interactionType":"ENTER_TEXT"}]}
COMMAND: POST /session/cf943d61b4ec37add412b20e5410361e/execute/async - {"script":"<script> [1562 bytes]","args":[{"selector":{"id":"application-manageresources-display-component---newResourceUnit--DIMENSION_UNIT","interaction":{"idSuffix":"inner"}},"wdio_ui5_key":"applicationmanageresources-display-component---newResourceUnit--DIMENSION_UNIT"}]}
RESULT: {"script":"<script> [1562 bytes]","args":[{"selector":{"id":"application-manageresources-display-component---newResourceUnit--DIMENSION_UNIT","interaction":{"idSuffix":"inner"}},"wdio_ui5_key":"applicationmanageresources-display-component---newResourceUnit--DIMENSION_UNIT"}]}
RESULT: undefined
COMMAND: POST /session/cf943d61b4ec37add412b20e5410361e/execute/async - {"script":"<script> [776 bytes]","args":[{"enterText":"Meter","selector":{"id":"application-manageresources-display-component---newResourceUnit--DIMENSION_UNIT","interaction":{"idSuffix":"inner"}},"clearTextFirst":true,"interactionType":"ENTER_TEXT"}]}
RESULT: {"script":"<script> [776 bytes]","args":[{"enterText":"Meter","selector":{"id":"application-manageresources-display-component---newResourceUnit--DIMENSION_UNIT","interaction":{"idSuffix":"inner"}},"clearTextFirst":true,"interactionType":"ENTER_TEXT"}]}
COMMAND: POST /session/cf943d61b4ec37add412b20e5410361e/execute/async - {"script":"<script> [1562 bytes]","args":[{"selector":{"id":"application-manageresources-display-component---newResourceUnit--newRRUPage-anchBar-application-manageresources-display-component---newResourceUnit--control-anchor","interaction":{"idSuffix":"BDI-content"}},"wdio_ui5_key":"applicationmanageresources-display-component---newResourceUnit--newRRUPage-anchBar-application-manageresources-display-component---newResourceUnit--control-anchor"}]}
RESULT: {"script":"<script> [1562 bytes]","args":[{"selector":{"id":"application-manageresources-display-component---newResourceUnit--newRRUPage-anchBar-application-manageresources-display-component---newResourceUnit--control-anchor","interaction":{"idSuffix":"BDI-content"}},"wdio_ui5_key":"applicationmanageresources-display-component---newResourceUnit--newRRUPage-anchBar-application-manageresources-display-component---newResourceUnit--control-anchor"}]}
RESULT: undefined
COMMAND: POST /session/cf943d61b4ec37add412b20e5410361e/element - {"using":"xpath","value":"//*[@id=\"application-manageresources-display-component---newResourceUnit--newRRUPage-anchBar-application-manageresources-display-component---newResourceUnit--control-anchor\"]"}
RESULT: {"using":"xpath","value":"//*[@id=\"application-manageresources-display-component---newResourceUnit--newRRUPage-anchBar-application-manageresources-display-component---newResourceUnit--control-anchor\"]"}
COMMAND: POST /session/cf943d61b4ec37add412b20e5410361e/element/f.8C1712D618BBFF0472B495C641D9811D.d.AB1F1B8B11FA5FD9C276B33F4524789B.e.15617/click - {}
RESULT: {}
COMMAND: POST /session/cf943d61b4ec37add412b20e5410361e/execute/async - {"script":"<script> [1562 bytes]","args":[{"selector":{"id":"application-manageresources-display-component---newResourceUnit--PLANNING_GROUP","interaction":{"idSuffix":"inner"}},"wdio_ui5_key":"applicationmanageresources-display-component---newResourceUnit--PLANNING_GROUP"}]}
COMMAND: GET /session/cf943d61b4ec37add412b20e5410361e/screenshot - {}
RESULT: {"script":"<script> [1562 bytes]","args":[{"selector":{"id":"application-manageresources-display-component---newResourceUnit--PLANNING_GROUP","interaction":{"idSuffix":"inner"}},"wdio_ui5_key":"applicationmanageresources-display-component---newResourceUnit--PLANNING_GROUP"}]}
RESULT: undefined
COMMAND: POST /session/cf943d61b4ec37add412b20e5410361e/execute/async - {"script":"<script> [776 bytes]","args":[{"enterText":"Heavy Equi","selector":{"id":"application-manageresources-display-component---newResourceUnit--PLANNING_GROUP","interaction":{"idSuffix":"inner"}},"clearTextFirst":true,"interactionType":"ENTER_TEXT"}]}
RESULT: {}
RESULT: {"script":"<script> [776 bytes]","args":[{"enterText":"Heavy Equi","selector":{"id":"application-manageresources-display-component---newResourceUnit--PLANNING_GROUP","interaction":{"idSuffix":"inner"}},"clearTextFirst":true,"interactionType":"ENTER_TEXT"}]}
COMMAND: POST /session/cf943d61b4ec37add412b20e5410361e/execute/async - {"script":"<script> [1562 bytes]","args":[{"selector":{"id":"application-manageresources-display-component---newResourceUnit--ITEM_TYPE-arrow"},"wdio_ui5_key":"applicationmanageresources-display-component---newResourceUnit--ITEM_TYPE-arrow"}]}
RESULT: {"script":"<script> [1562 bytes]","args":[{"selector":{"id":"application-manageresources-display-component---newResourceUnit--ITEM_TYPE-arrow"},"wdio_ui5_key":"applicationmanageresources-display-component---newResourceUnit--ITEM_TYPE-arrow"}]}
RESULT: undefined
COMMAND: POST /session/cf943d61b4ec37add412b20e5410361e/element - {"using":"xpath","value":"//*[@id=\"application-manageresources-display-component---newResourceUnit--ITEM_TYPE-arrow\"]"}
RESULT: {"using":"xpath","value":"//*[@id=\"application-manageresources-display-component---newResourceUnit--ITEM_TYPE-arrow\"]"}
COMMAND: POST /session/cf943d61b4ec37add412b20e5410361e/element/f.8C1712D618BBFF0472B495C641D9811D.d.AB1F1B8B11FA5FD9C276B33F4524789B.e.15624/click - {}
RESULT: {}
COMMAND: POST /session/cf943d61b4ec37add412b20e5410361e/element - {"using":"xpath","value":"//ul[contains(@id,\"ITEM_TYPE-popup-list-listUl\")]//li[.//span[contains(text(),\"Resource Unit\")]]"}
COMMAND: GET /session/cf943d61b4ec37add412b20e5410361e/screenshot - {}
RESULT: {"using":"xpath","value":"//ul[contains(@id,\"ITEM_TYPE-popup-list-listUl\")]//li[.//span[contains(text(),\"Resource Unit\")]]"}
COMMAND: POST /session/cf943d61b4ec37add412b20e5410361e/element/f.8C1712D618BBFF0472B495C641D9811D.d.AB1F1B8B11FA5FD9C276B33F4524789B.e.15625/click - {}
RESULT: {}
RESULT: {}
COMMAND: GET /session/cf943d61b4ec37add412b20e5410361e/screenshot - {}
RESULT: {}
COMMAND: POST /session/cf943d61b4ec37add412b20e5410361e/element - {"using":"css selector","value":"#application-manageresources-display-component---newResourceUnit--btnAddTimeSegment"}
RESULT: {"using":"css selector","value":"#application-manageresources-display-component---newResourceUnit--btnAddTimeSegment"}
COMMAND: GET /session/cf943d61b4ec37add412b20e5410361e/element/f.8C1712D618BBFF0472B495C641D9811D.d.AB1F1B8B11FA5FD9C276B33F4524789B.e.15633/rect - {}
RESULT: {}
COMMAND: GET /session/cf943d61b4ec37add412b20e5410361e/window/rect - {}
RESULT: {}
COMMAND: POST /session/cf943d61b4ec37add412b20e5410361e/execute/sync - {"script":"<script> [92 bytes]","args":[]}
RESULT: {"script":"<script> [92 bytes]","args":[]}
COMMAND: POST /session/cf943d61b4ec37add412b20e5410361e/actions - {"actions":[{"id":"action54","type":"wheel","parameters":{},"actions":[{"type":"scroll","x":-1888,"y":-32,"deltaX":0,"deltaY":0,"duration":0,"origin":{"element-6066-11e4-a52e-4f735466cecf":"f.8C1712D618BBFF0472B495C641D9811D.d.AB1F1B8B11FA5FD9C276B33F4524789B.e.15633"}}]}]}
COMMAND: GET /session/cf943d61b4ec37add412b20e5410361e/screenshot - {}
RESULT: {}
COMMAND: POST /session/cf943d61b4ec37add412b20e5410361e/execute/sync - {"script":"<script> [79 bytes]","args":[{"element-6066-11e4-a52e-4f735466cecf":"f.8C1712D618BBFF0472B495C641D9811D.d.AB1F1B8B11FA5FD9C276B33F4524789B.e.15633","ELEMENT":"f.8C1712D618BBFF0472B495C641D9811D.d.AB1F1B8B11FA5FD9C276B33F4524789B.e.15633"},{"block":"start","inline":"nearest"}]}
RESULT: {"script":"<script> [79 bytes]","args":[{"element-6066-11e4-a52e-4f735466cecf":"f.8C1712D618BBFF0472B495C641D9811D.d.AB1F1B8B11FA5FD9C276B33F4524789B.e.15633","ELEMENT":"f.8C1712D618BBFF0472B495C641D9811D.d.AB1F1B8B11FA5FD9C276B33F4524789B.e.15633"},{"block":"start","inline":"nearest"}]}
COMMAND: POST /session/cf943d61b4ec37add412b20e5410361e/execute/async - {"script":"<script> [1562 bytes]","args":[{"selector":{"id":"application-manageresources-display-component---newResourceUnit--btnAddTimeSegment","interaction":{"idSuffix":"inner"}},"wdio_ui5_key":"applicationmanageresources-display-component---newResourceUnit--btnAddTimeSegment"}]}
COMMAND: GET /session/cf943d61b4ec37add412b20e5410361e/screenshot - {}
RESULT: {"script":"<script> [1562 bytes]","args":[{"selector":{"id":"application-manageresources-display-component---newResourceUnit--btnAddTimeSegment","interaction":{"idSuffix":"inner"}},"wdio_ui5_key":"applicationmanageresources-display-component---newResourceUnit--btnAddTimeSegment"}]}
RESULT: undefined
COMMAND: POST /session/cf943d61b4ec37add412b20e5410361e/element - {"using":"xpath","value":"//*[@id=\"application-manageresources-display-component---newResourceUnit--btnAddTimeSegment\"]"}
RESULT: {}
RESULT: {"using":"xpath","value":"//*[@id=\"application-manageresources-display-component---newResourceUnit--btnAddTimeSegment\"]"}
COMMAND: POST /session/cf943d61b4ec37add412b20e5410361e/element/f.8C1712D618BBFF0472B495C641D9811D.d.AB1F1B8B11FA5FD9C276B33F4524789B.e.15633/click - {}
RESULT: {}
COMMAND: GET /session/cf943d61b4ec37add412b20e5410361e/screenshot - {}
RESULT: {}
COMMAND: POST /session/cf943d61b4ec37add412b20e5410361e/element - {"using":"xpath","value":"//input[@id=\"application-manageresources-display-component---newResourceUnit--idRuTSAdmin-application-manageresources-display-component---newResourceUnit--RUTimeSegment-0-inner\"]"}
RESULT: {"using":"xpath","value":"//input[@id=\"application-manageresources-display-component---newResourceUnit--idRuTSAdmin-application-manageresources-display-component---newResourceUnit--RUTimeSegment-0-inner\"]"}
COMMAND: POST /session/cf943d61b4ec37add412b20e5410361e/element/f.8C1712D618BBFF0472B495C641D9811D.d.AB1F1B8B11FA5FD9C276B33F4524789B.e.15639/clear - {}
RESULT: {}
COMMAND: POST /session/cf943d61b4ec37add412b20e5410361e/element/f.8C1712D618BBFF0472B495C641D9811D.d.AB1F1B8B11FA5FD9C276B33F4524789B.e.15639/value - {"text":"685"}
COMMAND: GET /session/cf943d61b4ec37add412b20e5410361e/screenshot - {}
RESULT: {"text":"685"}
COMMAND: GET /session/cf943d61b4ec37add412b20e5410361e/screenshot - {}
RESULT: {}
RESULT: {}
COMMAND: POST /session/cf943d61b4ec37add412b20e5410361e/element - {"using":"xpath","value":"//li[.//span[text()='685']]"}
RESULT: {"using":"xpath","value":"//li[.//span[text()='685']]"}
COMMAND: POST /session/cf943d61b4ec37add412b20e5410361e/element/f.8C1712D618BBFF0472B495C641D9811D.d.AB1F1B8B11FA5FD9C276B33F4524789B.e.15651/click - {}
RESULT: {}
COMMAND: GET /session/cf943d61b4ec37add412b20e5410361e/screenshot - {}
RESULT: {}
COMMAND: POST /session/cf943d61b4ec37add412b20e5410361e/element - {"using":"xpath","value":"(//span[contains(@id, \"-application-manageresources-display-component---newResourceUnit--RUTimeSegment-0-arrow\")])[6]"}
RESULT: {"using":"xpath","value":"(//span[contains(@id, \"-application-manageresources-display-component---newResourceUnit--RUTimeSegment-0-arrow\")])[6]"}
COMMAND: POST /session/cf943d61b4ec37add412b20e5410361e/element/f.8C1712D618BBFF0472B495C641D9811D.d.AB1F1B8B11FA5FD9C276B33F4524789B.e.15652/click - {}
RESULT: {}
COMMAND: GET /session/cf943d61b4ec37add412b20e5410361e/screenshot - {}
RESULT: {}
COMMAND: POST /session/cf943d61b4ec37add412b20e5410361e/element - {"using":"xpath","value":"//span[contains(text(), \"PM Order\")]"}
RESULT: {"using":"xpath","value":"//span[contains(text(), \"PM Order\")]"}
COMMAND: POST /session/cf943d61b4ec37add412b20e5410361e/element/f.8C1712D618BBFF0472B495C641D9811D.d.AB1F1B8B11FA5FD9C276B33F4524789B.e.15655/click - {}
RESULT: {}
COMMAND: GET /session/cf943d61b4ec37add412b20e5410361e/screenshot - {}
RESULT: {}
COMMAND: POST /session/cf943d61b4ec37add412b20e5410361e/element - {"using":"xpath","value":"(//span[contains(@id ,\"manageresources-display-component---newResourceUnit--RUTimeSegment-0-vhi\")])[1]"}
RESULT: {"using":"xpath","value":"(//span[contains(@id ,\"manageresources-display-component---newResourceUnit--RUTimeSegment-0-vhi\")])[1]"}
COMMAND: GET /session/cf943d61b4ec37add412b20e5410361e/element/f.8C1712D618BBFF0472B495C641D9811D.d.AB1F1B8B11FA5FD9C276B33F4524789B.e.15659/rect - {}
RESULT: {}
COMMAND: GET /session/cf943d61b4ec37add412b20e5410361e/window/rect - {}
RESULT: {}
COMMAND: POST /session/cf943d61b4ec37add412b20e5410361e/execute/sync - {"script":"<script> [92 bytes]","args":[]}
RESULT: {"script":"<script> [92 bytes]","args":[]}
COMMAND: POST /session/cf943d61b4ec37add412b20e5410361e/actions - {"actions":[{"id":"action55","type":"wheel","parameters":{},"actions":[{"type":"scroll","x":-869,"y":-24,"deltaX":0,"deltaY":0,"duration":0,"origin":{"element-6066-11e4-a52e-4f735466cecf":"f.8C1712D618BBFF0472B495C641D9811D.d.AB1F1B8B11FA5FD9C276B33F4524789B.e.15659"}}]}]}
COMMAND: GET /session/cf943d61b4ec37add412b20e5410361e/screenshot - {}
RESULT: {"actions":[{"id":"action55","type":"wheel","parameters":{},"actions":[{"type":"scroll","x":-869,"y":-24,"deltaX":0,"deltaY":0,"duration":0,"origin":{"element-6066-11e4-a52e-4f735466cecf":"f.8C1712D618BBFF0472B495C641D9811D.d.AB1F1B8B11FA5FD9C276B33F4524789B.e.15659"}}]}]}
COMMAND: DELETE /session/cf943d61b4ec37add412b20e5410361e/actions - {}
COMMAND: GET /session/cf943d61b4ec37add412b20e5410361e/screenshot - {}
RESULT: {}
RESULT: {}
COMMAND: GET /session/cf943d61b4ec37add412b20e5410361e/screenshot - {}
RESULT: {}
RESULT: {}
COMMAND: POST /session/cf943d61b4ec37add412b20e5410361e/element/f.8C1712D618BBFF0472B495C641D9811D.d.AB1F1B8B11FA5FD9C276B33F4524789B.e.15659/click - {}
RESULT: {}
COMMAND: GET /session/cf943d61b4ec37add412b20e5410361e/screenshot - {}
RESULT: {}
RESULT: undefined
COMMAND: POST /session/cf943d61b4ec37add412b20e5410361e/execute/async - {"script":"<script> [776 bytes]","args":[{"enterText":"4000360","selector":{"controlType":"sap.m.SearchField","properties":{"placeholder":"Search"},"searchOpenDialogs":true,"interaction":{"idSuffix":"I"}},"clearTextFirst":true,"interactionType":"ENTER_TEXT"}]}
RESULT: {"script":"<script> [776 bytes]","args":[{"enterText":"4000360","selector":{"controlType":"sap.m.SearchField","properties":{"placeholder":"Search"},"searchOpenDialogs":true,"interaction":{"idSuffix":"I"}},"clearTextFirst":true,"interactionType":"ENTER_TEXT"}]}
COMMAND: POST /session/cf943d61b4ec37add412b20e5410361e/actions - {"actions":[{"id":"action56","type":"key","parameters":{},"actions":[{"type":"keyDown","value":"î€‡"},{"type":"pause","duration":10},{"type":"keyUp","value":"î€‡"}]}]}
RESULT: {"actions":[{"id":"action56","type":"key","parameters":{},"actions":[{"type":"keyDown","value":"î€‡"},{"type":"pause","duration":10},{"type":"keyUp","value":"î€‡"}]}]}
COMMAND: GET /session/cf943d61b4ec37add412b20e5410361e/screenshot - {}
RESULT: {}
COMMAND: POST /session/cf943d61b4ec37add412b20e5410361e/element - {"using":"xpath","value":"//td/div/span[contains(text(), \"BGL Vehicles\")]"}
RESULT: {"using":"xpath","value":"//td/div/span[contains(text(), \"BGL Vehicles\")]"}
COMMAND: POST /session/cf943d61b4ec37add412b20e5410361e/element/f.8C1712D618BBFF0472B495C641D9811D.d.AB1F1B8B11FA5FD9C276B33F4524789B.e.15680/click - {}
RESULT: {}
COMMAND: GET /session/cf943d61b4ec37add412b20e5410361e/screenshot - {}
RESULT: {}
COMMAND: POST /session/cf943d61b4ec37add412b20e5410361e/element - {"using":"xpath","value":"//bdi[contains(text(), \"OK\")]"}
RESULT: {"using":"xpath","value":"//bdi[contains(text(), \"OK\")]"}
COMMAND: POST /session/cf943d61b4ec37add412b20e5410361e/element/f.8C1712D618BBFF0472B495C641D9811D.d.AB1F1B8B11FA5FD9C276B33F4524789B.e.15681/click - {}
RESULT: {}
COMMAND: GET /session/cf943d61b4ec37add412b20e5410361e/screenshot - {}
RESULT: {}
COMMAND: POST /session/cf943d61b4ec37add412b20e5410361e/execute/async - {"script":"<script> [1562 bytes]","args":[{"selector":{"id":"application-manageresources-display-component---newResourceUnit--newRRUPage-anchBar-application-manageresources-display-component---newResourceUnit--resource-anchor","interaction":{"idSuffix":"BDI-content"}},"wdio_ui5_key":"applicationmanageresources-display-component---newResourceUnit--newRRUPage-anchBar-application-manageresources-display-component---newResourceUnit--resource-anchor"}]}
RESULT: {"script":"<script> [1562 bytes]","args":[{"selector":{"id":"application-manageresources-display-component---newResourceUnit--newRRUPage-anchBar-application-manageresources-display-component---newResourceUnit--resource-anchor","interaction":{"idSuffix":"BDI-content"}},"wdio_ui5_key":"applicationmanageresources-display-component---newResourceUnit--newRRUPage-anchBar-application-manageresources-display-component---newResourceUnit--resource-anchor"}]}
RESULT: undefined
COMMAND: POST /session/cf943d61b4ec37add412b20e5410361e/element - {"using":"xpath","value":"//*[@id=\"application-manageresources-display-component---newResourceUnit--newRRUPage-anchBar-application-manageresources-display-component---newResourceUnit--resource-anchor\"]"}
RESULT: {"using":"xpath","value":"//*[@id=\"application-manageresources-display-component---newResourceUnit--newRRUPage-anchBar-application-manageresources-display-component---newResourceUnit--resource-anchor\"]"}
COMMAND: POST /session/cf943d61b4ec37add412b20e5410361e/element/f.8C1712D618BBFF0472B495C641D9811D.d.AB1F1B8B11FA5FD9C276B33F4524789B.e.15685/click - {}
RESULT: {}
COMMAND: POST /session/cf943d61b4ec37add412b20e5410361e/execute/async - {"script":"<script> [1562 bytes]","args":[{"selector":{"id":"application-manageresources-display-component---newResourceUnit--PLANNED_DELIVERY_DATE","interaction":{"idSuffix":"inner"}},"wdio_ui5_key":"applicationmanageresources-display-component---newResourceUnit--PLANNED_DELIVERY_DATE"}]}
COMMAND: GET /session/cf943d61b4ec37add412b20e5410361e/screenshot - {}
RESULT: {}
RESULT: {"script":"<script> [1562 bytes]","args":[{"selector":{"id":"application-manageresources-display-component---newResourceUnit--PLANNED_DELIVERY_DATE","interaction":{"idSuffix":"inner"}},"wdio_ui5_key":"applicationmanageresources-display-component---newResourceUnit--PLANNED_DELIVERY_DATE"}]}
RESULT: undefined
COMMAND: POST /session/cf943d61b4ec37add412b20e5410361e/execute/async - {"script":"<script> [6424 bytes]","args":[{"element-6066-11e4-a52e-4f735466cecf":"f.8C1712D618BBFF0472B495C641D9811D.d.AB1F1B8B11FA5FD9C276B33F4524789B.e.15515"},"setValue",["6/5/25"]]}
RESULT: {"script":"<script> [6424 bytes]","args":[{"element-6066-11e4-a52e-4f735466cecf":"f.8C1712D618BBFF0472B495C641D9811D.d.AB1F1B8B11FA5FD9C276B33F4524789B.e.15515"},"setValue",["6/5/25"]]}
COMMAND: POST /session/cf943d61b4ec37add412b20e5410361e/element - {"using":"xpath","value":"//label[contains(@class, 'sapMLabelRequired') and .//bdi[contains(text(), 'Planned Retirement')]]"}
RESULT: {"using":"xpath","value":"//label[contains(@class, 'sapMLabelRequired') and .//bdi[contains(text(), 'Planned Retirement')]]"}
COMMAND: POST /session/cf943d61b4ec37add412b20e5410361e/elements - {"using":"xpath","value":"//label[contains(@class, 'sapMLabelRequired') and .//bdi[contains(text(), 'Planned Retirement')]]"}
RESULT: {"using":"xpath","value":"//label[contains(@class, 'sapMLabelRequired') and .//bdi[contains(text(), 'Planned Retirement')]]"}
COMMAND: POST /session/cf943d61b4ec37add412b20e5410361e/element - {"using":"xpath","value":"//button[@data-kt=\"resourceUnitSaveButton\"]"}
RESULT: {"using":"xpath","value":"//button[@data-kt=\"resourceUnitSaveButton\"]"}
COMMAND: POST /session/cf943d61b4ec37add412b20e5410361e/element/f.8C1712D618BBFF0472B495C641D9811D.d.AB1F1B8B11FA5FD9C276B33F4524789B.e.15474/click - {}
RESULT: {}
COMMAND: GET /session/cf943d61b4ec37add412b20e5410361e/screenshot - {}
RESULT: {}
COMMAND: POST /session/cf943d61b4ec37add412b20e5410361e/element - {"using":"xpath","value":"//bdi[contains(text(), \"Close\")]"}
RESULT: {"using":"xpath","value":"//bdi[contains(text(), \"Close\")]"}
COMMAND: POST /session/cf943d61b4ec37add412b20e5410361e/element/f.8C1712D618BBFF0472B495C641D9811D.d.AB1F1B8B11FA5FD9C276B33F4524789B.e.15693/click - {}
RESULT: {}
COMMAND: GET /session/cf943d61b4ec37add412b20e5410361e/screenshot - {}
RESULT: {}
COMMAND: POST /session/cf943d61b4ec37add412b20e5410361e/element - {"using":"xpath","value":"(//button[contains(@id ,\"actionsToolbar-overflowButton\")])[1]"}
RESULT: {"using":"xpath","value":"(//button[contains(@id ,\"actionsToolbar-overflowButton\")])[1]"}
COMMAND: POST /session/cf943d61b4ec37add412b20e5410361e/element/f.8C1712D618BBFF0472B495C641D9811D.d.AB1F1B8B11FA5FD9C276B33F4524789B.e.15723/click - {}
RESULT: {}
COMMAND: GET /session/cf943d61b4ec37add412b20e5410361e/screenshot - {}
RESULT: {}
COMMAND: POST /session/cf943d61b4ec37add412b20e5410361e/element - {"using":"xpath","value":"//button[@data-kt=\"priceInfoButton\"]"}
RESULT: {"using":"xpath","value":"//button[@data-kt=\"priceInfoButton\"]"}
COMMAND: POST /session/cf943d61b4ec37add412b20e5410361e/element/f.8C1712D618BBFF0472B495C641D9811D.d.AB1F1B8B11FA5FD9C276B33F4524789B.e.15725/click - {}
RESULT: {}
COMMAND: GET /session/cf943d61b4ec37add412b20e5410361e/screenshot - {}
RESULT: {}
COMMAND: POST /session/cf943d61b4ec37add412b20e5410361e/element - {"using":"css selector","value":"#shell-header-logo"}
RESULT: {"using":"css selector","value":"#shell-header-logo"}
COMMAND: POST /session/cf943d61b4ec37add412b20e5410361e/element/f.8C1712D618BBFF0472B495C641D9811D.d.AB1F1B8B11FA5FD9C276B33F4524789B.e.15057/click - {}
RESULT: {}
COMMAND: GET /session/cf943d61b4ec37add412b20e5410361e/screenshot - {}
RESULT: {}
]]></system-out>
    </testcase>
    <testcase classname="chrome.137_0_7151_69.windows.Transfer_Yard_to_Yard_US131076" name="Prereq Should create a new equipment multipart" time="125.045">
      <system-out><![CDATA[
RESULT: undefined
COMMAND: POST /session/cf943d61b4ec37add412b20e5410361e/element - {"using":"xpath","value":"//*[@id=\"__tile31\"]"}
RESULT: {"using":"xpath","value":"//*[@id=\"__tile31\"]"}
COMMAND: POST /session/cf943d61b4ec37add412b20e5410361e/element/f.8C1712D618BBFF0472B495C641D9811D.d.AB1F1B8B11FA5FD9C276B33F4524789B.e.14219/click - {}
RESULT: {}
COMMAND: GET /session/cf943d61b4ec37add412b20e5410361e/screenshot - {}
RESULT: {}
COMMAND: POST /session/cf943d61b4ec37add412b20e5410361e/elements - {"using":"xpath","value":"//span[text()='Error']"}
RESULT: {"using":"xpath","value":"//span[text()='Error']"}
COMMAND: POST /session/cf943d61b4ec37add412b20e5410361e/element - {"using":"xpath","value":"//button[@data-kt=\"addNewRUOverflowToolbarButton\"]"}
RESULT: {"using":"xpath","value":"//button[@data-kt=\"addNewRUOverflowToolbarButton\"]"}
COMMAND: POST /session/cf943d61b4ec37add412b20e5410361e/elements - {"using":"xpath","value":"//button[@data-kt=\"addNewRUOverflowToolbarButton\"]"}
RESULT: {"using":"xpath","value":"//button[@data-kt=\"addNewRUOverflowToolbarButton\"]"}
COMMAND: POST /session/cf943d61b4ec37add412b20e5410361e/execute/sync - {"script":"<script> [8489 bytes]","args":[{"element-6066-11e4-a52e-4f735466cecf":"f.8C1712D618BBFF0472B495C641D9811D.d.AB1F1B8B11FA5FD9C276B33F4524789B.e.15804","ELEMENT":"f.8C1712D618BBFF0472B495C641D9811D.d.AB1F1B8B11FA5FD9C276B33F4524789B.e.15804"}]}
RESULT: {"script":"<script> [8489 bytes]","args":[{"element-6066-11e4-a52e-4f735466cecf":"f.8C1712D618BBFF0472B495C641D9811D.d.AB1F1B8B11FA5FD9C276B33F4524789B.e.15804","ELEMENT":"f.8C1712D618BBFF0472B495C641D9811D.d.AB1F1B8B11FA5FD9C276B33F4524789B.e.15804"}]}
COMMAND: GET /session/cf943d61b4ec37add412b20e5410361e/element/f.8C1712D618BBFF0472B495C641D9811D.d.AB1F1B8B11FA5FD9C276B33F4524789B.e.15804/enabled - {}
COMMAND: GET /session/cf943d61b4ec37add412b20e5410361e/screenshot - {}
RESULT: {}
COMMAND: POST /session/cf943d61b4ec37add412b20e5410361e/execute/sync - {"script":"<script> [8489 bytes]","args":[{"element-6066-11e4-a52e-4f735466cecf":"f.8C1712D618BBFF0472B495C641D9811D.d.AB1F1B8B11FA5FD9C276B33F4524789B.e.15804","ELEMENT":"f.8C1712D618BBFF0472B495C641D9811D.d.AB1F1B8B11FA5FD9C276B33F4524789B.e.15804"}]}
COMMAND: GET /session/cf943d61b4ec37add412b20e5410361e/screenshot - {}
RESULT: {}
RESULT: {"script":"<script> [8489 bytes]","args":[{"element-6066-11e4-a52e-4f735466cecf":"f.8C1712D618BBFF0472B495C641D9811D.d.AB1F1B8B11FA5FD9C276B33F4524789B.e.15804","ELEMENT":"f.8C1712D618BBFF0472B495C641D9811D.d.AB1F1B8B11FA5FD9C276B33F4524789B.e.15804"}]}
COMMAND: POST /session/cf943d61b4ec37add412b20e5410361e/execute/sync - {"script":"<script> [5351 bytes]","args":[{"element-6066-11e4-a52e-4f735466cecf":"f.8C1712D618BBFF0472B495C641D9811D.d.AB1F1B8B11FA5FD9C276B33F4524789B.e.15804","ELEMENT":"f.8C1712D618BBFF0472B495C641D9811D.d.AB1F1B8B11FA5FD9C276B33F4524789B.e.15804"}]}
COMMAND: GET /session/cf943d61b4ec37add412b20e5410361e/screenshot - {}
RESULT: {}
RESULT: {"script":"<script> [5351 bytes]","args":[{"element-6066-11e4-a52e-4f735466cecf":"f.8C1712D618BBFF0472B495C641D9811D.d.AB1F1B8B11FA5FD9C276B33F4524789B.e.15804","ELEMENT":"f.8C1712D618BBFF0472B495C641D9811D.d.AB1F1B8B11FA5FD9C276B33F4524789B.e.15804"}]}
COMMAND: POST /session/cf943d61b4ec37add412b20e5410361e/element/f.8C1712D618BBFF0472B495C641D9811D.d.AB1F1B8B11FA5FD9C276B33F4524789B.e.15804/click - {}
COMMAND: GET /session/cf943d61b4ec37add412b20e5410361e/screenshot - {}
RESULT: {}
RESULT: {}
COMMAND: GET /session/cf943d61b4ec37add412b20e5410361e/screenshot - {}
RESULT: {}
RESULT: undefined
COMMAND: POST /session/cf943d61b4ec37add412b20e5410361e/element - {"using":"xpath","value":"//*[@id=\"application-manageresources-display-component---newResourceUnit--TYPE-arrow\"]"}
RESULT: {}
RESULT: {"using":"xpath","value":"//*[@id=\"application-manageresources-display-component---newResourceUnit--TYPE-arrow\"]"}
COMMAND: POST /session/cf943d61b4ec37add412b20e5410361e/element/f.8C1712D618BBFF0472B495C641D9811D.d.AB1F1B8B11FA5FD9C276B33F4524789B.e.16150/click - {}
RESULT: {}
COMMAND: POST /session/cf943d61b4ec37add412b20e5410361e/element - {"using":"xpath","value":"//input[@id=\"application-manageresources-display-component---newResourceUnit--TYPE-inner\"]"}
COMMAND: GET /session/cf943d61b4ec37add412b20e5410361e/screenshot - {}
RESULT: {"using":"xpath","value":"//input[@id=\"application-manageresources-display-component---newResourceUnit--TYPE-inner\"]"}
COMMAND: POST /session/cf943d61b4ec37add412b20e5410361e/element/f.8C1712D618BBFF0472B495C641D9811D.d.AB1F1B8B11FA5FD9C276B33F4524789B.e.16145/clear - {}
RESULT: {}
RESULT: {}
COMMAND: POST /session/cf943d61b4ec37add412b20e5410361e/element/f.8C1712D618BBFF0472B495C641D9811D.d.AB1F1B8B11FA5FD9C276B33F4524789B.e.16145/value - {"text":"Equi Multipart"}
COMMAND: GET /session/cf943d61b4ec37add412b20e5410361e/screenshot - {}
RESULT: {"text":"Equi Multipart"}
COMMAND: GET /session/cf943d61b4ec37add412b20e5410361e/screenshot - {}
RESULT: {}
RESULT: {}
COMMAND: POST /session/cf943d61b4ec37add412b20e5410361e/actions - {"actions":[{"id":"action57","type":"key","parameters":{},"actions":[{"type":"keyDown","value":"î€‡"},{"type":"pause","duration":10},{"type":"keyUp","value":"î€‡"}]}]}
RESULT: {"actions":[{"id":"action57","type":"key","parameters":{},"actions":[{"type":"keyDown","value":"î€‡"},{"type":"pause","duration":10},{"type":"keyUp","value":"î€‡"}]}]}
RESULT: undefined
COMMAND: POST /session/cf943d61b4ec37add412b20e5410361e/execute/async - {"script":"<script> [776 bytes]","args":[{"enterText":"Equipment Multipart WDIO","selector":{"id":"application-manageresources-display-component---newResourceUnit--SHORT_TEXT","interaction":{"idSuffix":"inner"}},"clearTextFirst":true,"interactionType":"ENTER_TEXT"}]}
COMMAND: GET /session/cf943d61b4ec37add412b20e5410361e/screenshot - {}
RESULT: {"script":"<script> [776 bytes]","args":[{"enterText":"Equipment Multipart WDIO","selector":{"id":"application-manageresources-display-component---newResourceUnit--SHORT_TEXT","interaction":{"idSuffix":"inner"}},"clearTextFirst":true,"interactionType":"ENTER_TEXT"}]}
RESULT: undefined
COMMAND: POST /session/cf943d61b4ec37add412b20e5410361e/execute/async - {"script":"<script> [776 bytes]","args":[{"enterText":"Piece","selector":{"id":"application-manageresources-display-component---newResourceUnit--BASE_UNIT_OF_MEASURE","interaction":{"idSuffix":"inner"}},"clearTextFirst":true,"interactionType":"ENTER_TEXT"}]}
RESULT: {}
RESULT: {"script":"<script> [776 bytes]","args":[{"enterText":"Piece","selector":{"id":"application-manageresources-display-component---newResourceUnit--BASE_UNIT_OF_MEASURE","interaction":{"idSuffix":"inner"}},"clearTextFirst":true,"interactionType":"ENTER_TEXT"}]}
RESULT: undefined
COMMAND: POST /session/cf943d61b4ec37add412b20e5410361e/execute/async - {"script":"<script> [776 bytes]","args":[{"enterText":"Gram","selector":{"id":"application-manageresources-display-component---newResourceUnit--WEIGHT_UNIT","interaction":{"idSuffix":"inner"}},"clearTextFirst":true,"interactionType":"ENTER_TEXT"}]}
RESULT: {"script":"<script> [776 bytes]","args":[{"enterText":"Gram","selector":{"id":"application-manageresources-display-component---newResourceUnit--WEIGHT_UNIT","interaction":{"idSuffix":"inner"}},"clearTextFirst":true,"interactionType":"ENTER_TEXT"}]}
RESULT: undefined
COMMAND: POST /session/cf943d61b4ec37add412b20e5410361e/execute/async - {"script":"<script> [776 bytes]","args":[{"enterText":"Meter","selector":{"id":"application-manageresources-display-component---newResourceUnit--DIMENSION_UNIT","interaction":{"idSuffix":"inner"}},"clearTextFirst":true,"interactionType":"ENTER_TEXT"}]}
RESULT: {"script":"<script> [776 bytes]","args":[{"enterText":"Meter","selector":{"id":"application-manageresources-display-component---newResourceUnit--DIMENSION_UNIT","interaction":{"idSuffix":"inner"}},"clearTextFirst":true,"interactionType":"ENTER_TEXT"}]}
RESULT: undefined
COMMAND: POST /session/cf943d61b4ec37add412b20e5410361e/element - {"using":"xpath","value":"//*[@id=\"application-manageresources-display-component---newResourceUnit--newRRUPage-anchBar-application-manageresources-display-component---newResourceUnit--control-anchor\"]"}
RESULT: {"using":"xpath","value":"//*[@id=\"application-manageresources-display-component---newResourceUnit--newRRUPage-anchBar-application-manageresources-display-component---newResourceUnit--control-anchor\"]"}
COMMAND: POST /session/cf943d61b4ec37add412b20e5410361e/element/f.8C1712D618BBFF0472B495C641D9811D.d.AB1F1B8B11FA5FD9C276B33F4524789B.e.16279/click - {}
RESULT: {}
RESULT: undefined
COMMAND: POST /session/cf943d61b4ec37add412b20e5410361e/execute/async - {"script":"<script> [776 bytes]","args":[{"enterText":"Heavy Equi","selector":{"id":"application-manageresources-display-component---newResourceUnit--PLANNING_GROUP","interaction":{"idSuffix":"inner"}},"clearTextFirst":true,"interactionType":"ENTER_TEXT"}]}
COMMAND: GET /session/cf943d61b4ec37add412b20e5410361e/screenshot - {}
RESULT: {"script":"<script> [776 bytes]","args":[{"enterText":"Heavy Equi","selector":{"id":"application-manageresources-display-component---newResourceUnit--PLANNING_GROUP","interaction":{"idSuffix":"inner"}},"clearTextFirst":true,"interactionType":"ENTER_TEXT"}]}
RESULT: {}
COMMAND: POST /session/cf943d61b4ec37add412b20e5410361e/execute/async - {"script":"<script> [1562 bytes]","args":[{"selector":{"id":"application-manageresources-display-component---newResourceUnit--PLANNING_INDICATOR","interaction":{"idSuffix":"inner"}},"wdio_ui5_key":"applicationmanageresources-display-component---newResourceUnit--PLANNING_INDICATOR"}]}
RESULT: {"script":"<script> [1562 bytes]","args":[{"selector":{"id":"application-manageresources-display-component---newResourceUnit--PLANNING_INDICATOR","interaction":{"idSuffix":"inner"}},"wdio_ui5_key":"applicationmanageresources-display-component---newResourceUnit--PLANNING_INDICATOR"}]}
RESULT: undefined
COMMAND: POST /session/cf943d61b4ec37add412b20e5410361e/execute/async - {"script":"<script> [776 bytes]","args":[{"enterText":"10 - infinite","selector":{"id":"application-manageresources-display-component---newResourceUnit--PLANNING_INDICATOR","interaction":{"idSuffix":"inner"}},"clearTextFirst":true,"interactionType":"ENTER_TEXT"}]}
RESULT: {"script":"<script> [776 bytes]","args":[{"enterText":"10 - infinite","selector":{"id":"application-manageresources-display-component---newResourceUnit--PLANNING_INDICATOR","interaction":{"idSuffix":"inner"}},"clearTextFirst":true,"interactionType":"ENTER_TEXT"}]}
RESULT: undefined
COMMAND: POST /session/cf943d61b4ec37add412b20e5410361e/element - {"using":"xpath","value":"//*[@id=\"application-manageresources-display-component---newResourceUnit--ITEM_TYPE-arrow\"]"}
RESULT: {"using":"xpath","value":"//*[@id=\"application-manageresources-display-component---newResourceUnit--ITEM_TYPE-arrow\"]"}
COMMAND: POST /session/cf943d61b4ec37add412b20e5410361e/element/f.8C1712D618BBFF0472B495C641D9811D.d.AB1F1B8B11FA5FD9C276B33F4524789B.e.16286/click - {}
RESULT: {}
COMMAND: GET /session/cf943d61b4ec37add412b20e5410361e/screenshot - {}
RESULT: {}
COMMAND: POST /session/cf943d61b4ec37add412b20e5410361e/execute/async - {"script":"<script> [1562 bytes]","args":[{"selector":{"controlType":"sap.m.StandardListItem","viewName":"reusables.view.manageresources.NewResourceUnit","viewId":"application-manageresources-display-component---newResourceUnit","properties":{"title":"Pool Equipment"},"searchOpenDialogs":true,"interaction":{"idSuffix":"content"}},"wdio_ui5_key":"reusablesview.manageresources.NewResourceUnitsap.m.StandardListItem{\"title\":\"Pool Equipment\"}"}]}
RESULT: {"script":"<script> [1562 bytes]","args":[{"selector":{"controlType":"sap.m.StandardListItem","viewName":"reusables.view.manageresources.NewResourceUnit","viewId":"application-manageresources-display-component---newResourceUnit","properties":{"title":"Pool Equipment"},"searchOpenDialogs":true,"interaction":{"idSuffix":"content"}},"wdio_ui5_key":"reusablesview.manageresources.NewResourceUnitsap.m.StandardListItem{\"title\":\"Pool Equipment\"}"}]}
RESULT: undefined
COMMAND: POST /session/cf943d61b4ec37add412b20e5410361e/element - {"using":"xpath","value":"//*[@id=\"__item1555\"]"}
RESULT: {"using":"xpath","value":"//*[@id=\"__item1555\"]"}
COMMAND: POST /session/cf943d61b4ec37add412b20e5410361e/element/f.8C1712D618BBFF0472B495C641D9811D.d.AB1F1B8B11FA5FD9C276B33F4524789B.e.16288/click - {}
RESULT: {}
COMMAND: GET /session/cf943d61b4ec37add412b20e5410361e/screenshot - {}
RESULT: {}
COMMAND: POST /session/cf943d61b4ec37add412b20e5410361e/element - {"using":"css selector","value":"#application-manageresources-display-component---newResourceUnit--btnAddTimeSegment"}
RESULT: {"using":"css selector","value":"#application-manageresources-display-component---newResourceUnit--btnAddTimeSegment"}
COMMAND: GET /session/cf943d61b4ec37add412b20e5410361e/element/f.8C1712D618BBFF0472B495C641D9811D.d.AB1F1B8B11FA5FD9C276B33F4524789B.e.16350/rect - {}
RESULT: {}
COMMAND: GET /session/cf943d61b4ec37add412b20e5410361e/window/rect - {}
RESULT: {}
COMMAND: POST /session/cf943d61b4ec37add412b20e5410361e/execute/sync - {"script":"<script> [92 bytes]","args":[]}
RESULT: {"script":"<script> [92 bytes]","args":[]}
COMMAND: POST /session/cf943d61b4ec37add412b20e5410361e/actions - {"actions":[{"id":"action58","type":"wheel","parameters":{},"actions":[{"type":"scroll","x":-1888,"y":-32,"deltaX":0,"deltaY":0,"duration":0,"origin":{"element-6066-11e4-a52e-4f735466cecf":"f.8C1712D618BBFF0472B495C641D9811D.d.AB1F1B8B11FA5FD9C276B33F4524789B.e.16350"}}]}]}
COMMAND: GET /session/cf943d61b4ec37add412b20e5410361e/screenshot - {}
RESULT: {}
COMMAND: POST /session/cf943d61b4ec37add412b20e5410361e/execute/sync - {"script":"<script> [79 bytes]","args":[{"element-6066-11e4-a52e-4f735466cecf":"f.8C1712D618BBFF0472B495C641D9811D.d.AB1F1B8B11FA5FD9C276B33F4524789B.e.16350","ELEMENT":"f.8C1712D618BBFF0472B495C641D9811D.d.AB1F1B8B11FA5FD9C276B33F4524789B.e.16350"},{"block":"start","inline":"nearest"}]}
RESULT: {"script":"<script> [79 bytes]","args":[{"element-6066-11e4-a52e-4f735466cecf":"f.8C1712D618BBFF0472B495C641D9811D.d.AB1F1B8B11FA5FD9C276B33F4524789B.e.16350","ELEMENT":"f.8C1712D618BBFF0472B495C641D9811D.d.AB1F1B8B11FA5FD9C276B33F4524789B.e.16350"},{"block":"start","inline":"nearest"}]}
RESULT: undefined
COMMAND: POST /session/cf943d61b4ec37add412b20e5410361e/element - {"using":"xpath","value":"//*[@id=\"application-manageresources-display-component---newResourceUnit--btnAddTimeSegment\"]"}
COMMAND: GET /session/cf943d61b4ec37add412b20e5410361e/screenshot - {}
RESULT: {"using":"xpath","value":"//*[@id=\"application-manageresources-display-component---newResourceUnit--btnAddTimeSegment\"]"}
COMMAND: POST /session/cf943d61b4ec37add412b20e5410361e/element/f.8C1712D618BBFF0472B495C641D9811D.d.AB1F1B8B11FA5FD9C276B33F4524789B.e.16350/click - {}
RESULT: {}
RESULT: {}
COMMAND: GET /session/cf943d61b4ec37add412b20e5410361e/screenshot - {}
RESULT: {}
COMMAND: POST /session/cf943d61b4ec37add412b20e5410361e/element - {"using":"xpath","value":"//input[@id=\"application-manageresources-display-component---newResourceUnit--idRuTSAdmin-application-manageresources-display-component---newResourceUnit--RUTimeSegment-0-inner\"]"}
RESULT: {"using":"xpath","value":"//input[@id=\"application-manageresources-display-component---newResourceUnit--idRuTSAdmin-application-manageresources-display-component---newResourceUnit--RUTimeSegment-0-inner\"]"}
COMMAND: POST /session/cf943d61b4ec37add412b20e5410361e/element/f.8C1712D618BBFF0472B495C641D9811D.d.AB1F1B8B11FA5FD9C276B33F4524789B.e.16355/clear - {}
RESULT: {}
COMMAND: POST /session/cf943d61b4ec37add412b20e5410361e/element/f.8C1712D618BBFF0472B495C641D9811D.d.AB1F1B8B11FA5FD9C276B33F4524789B.e.16355/value - {"text":"685"}
COMMAND: GET /session/cf943d61b4ec37add412b20e5410361e/screenshot - {}
RESULT: {"text":"685"}
COMMAND: GET /session/cf943d61b4ec37add412b20e5410361e/screenshot - {}
RESULT: {}
RESULT: {}
COMMAND: POST /session/cf943d61b4ec37add412b20e5410361e/element - {"using":"xpath","value":"//li[.//span[text()='685']]"}
RESULT: {"using":"xpath","value":"//li[.//span[text()='685']]"}
COMMAND: POST /session/cf943d61b4ec37add412b20e5410361e/element/f.8C1712D618BBFF0472B495C641D9811D.d.AB1F1B8B11FA5FD9C276B33F4524789B.e.16368/click - {}
RESULT: {}
COMMAND: GET /session/cf943d61b4ec37add412b20e5410361e/screenshot - {}
RESULT: {}
COMMAND: POST /session/cf943d61b4ec37add412b20e5410361e/element - {"using":"xpath","value":"(//span[contains(@id, \"-application-manageresources-display-component---newResourceUnit--RUTimeSegment-0-arrow\")])[5]"}
RESULT: {"using":"xpath","value":"(//span[contains(@id, \"-application-manageresources-display-component---newResourceUnit--RUTimeSegment-0-arrow\")])[5]"}
COMMAND: POST /session/cf943d61b4ec37add412b20e5410361e/element/f.8C1712D618BBFF0472B495C641D9811D.d.AB1F1B8B11FA5FD9C276B33F4524789B.e.16369/click - {}
RESULT: {}
COMMAND: GET /session/cf943d61b4ec37add412b20e5410361e/screenshot - {}
RESULT: {}
COMMAND: POST /session/cf943d61b4ec37add412b20e5410361e/element - {"using":"xpath","value":"//span[contains(text(), \"PM Order\")]"}
RESULT: {"using":"xpath","value":"//span[contains(text(), \"PM Order\")]"}
COMMAND: POST /session/cf943d61b4ec37add412b20e5410361e/element/f.8C1712D618BBFF0472B495C641D9811D.d.AB1F1B8B11FA5FD9C276B33F4524789B.e.16370/click - {}
RESULT: {}
COMMAND: GET /session/cf943d61b4ec37add412b20e5410361e/screenshot - {}
RESULT: {}
COMMAND: POST /session/cf943d61b4ec37add412b20e5410361e/element - {"using":"xpath","value":"(//span[contains(@id ,\"manageresources-display-component---newResourceUnit--RUTimeSegment-0-vhi\")])[1]"}
RESULT: {"using":"xpath","value":"(//span[contains(@id ,\"manageresources-display-component---newResourceUnit--RUTimeSegment-0-vhi\")])[1]"}
COMMAND: GET /session/cf943d61b4ec37add412b20e5410361e/element/f.8C1712D618BBFF0472B495C641D9811D.d.AB1F1B8B11FA5FD9C276B33F4524789B.e.16374/rect - {}
RESULT: {}
COMMAND: GET /session/cf943d61b4ec37add412b20e5410361e/window/rect - {}
RESULT: {}
COMMAND: POST /session/cf943d61b4ec37add412b20e5410361e/execute/sync - {"script":"<script> [92 bytes]","args":[]}
RESULT: {"script":"<script> [92 bytes]","args":[]}
COMMAND: POST /session/cf943d61b4ec37add412b20e5410361e/actions - {"actions":[{"id":"action59","type":"wheel","parameters":{},"actions":[{"type":"scroll","x":-1888,"y":-24,"deltaX":0,"deltaY":0,"duration":0,"origin":{"element-6066-11e4-a52e-4f735466cecf":"f.8C1712D618BBFF0472B495C641D9811D.d.AB1F1B8B11FA5FD9C276B33F4524789B.e.16374"}}]}]}
COMMAND: GET /session/cf943d61b4ec37add412b20e5410361e/screenshot - {}
RESULT: {}
COMMAND: POST /session/cf943d61b4ec37add412b20e5410361e/execute/sync - {"script":"<script> [79 bytes]","args":[{"element-6066-11e4-a52e-4f735466cecf":"f.8C1712D618BBFF0472B495C641D9811D.d.AB1F1B8B11FA5FD9C276B33F4524789B.e.16374","ELEMENT":"f.8C1712D618BBFF0472B495C641D9811D.d.AB1F1B8B11FA5FD9C276B33F4524789B.e.16374"},{"block":"start","inline":"nearest"}]}
RESULT: {"script":"<script> [79 bytes]","args":[{"element-6066-11e4-a52e-4f735466cecf":"f.8C1712D618BBFF0472B495C641D9811D.d.AB1F1B8B11FA5FD9C276B33F4524789B.e.16374","ELEMENT":"f.8C1712D618BBFF0472B495C641D9811D.d.AB1F1B8B11FA5FD9C276B33F4524789B.e.16374"},{"block":"start","inline":"nearest"}]}
COMMAND: GET /session/cf943d61b4ec37add412b20e5410361e/screenshot - {}
RESULT: {}
COMMAND: POST /session/cf943d61b4ec37add412b20e5410361e/element/f.8C1712D618BBFF0472B495C641D9811D.d.AB1F1B8B11FA5FD9C276B33F4524789B.e.16374/click - {}
RESULT: {}
COMMAND: GET /session/cf943d61b4ec37add412b20e5410361e/screenshot - {}
RESULT: {}
RESULT: undefined
COMMAND: POST /session/cf943d61b4ec37add412b20e5410361e/execute/async - {"script":"<script> [776 bytes]","args":[{"enterText":"4000360","selector":{"controlType":"sap.m.SearchField","properties":{"placeholder":"Search"},"searchOpenDialogs":true,"interaction":{"idSuffix":"I"}},"clearTextFirst":true,"interactionType":"ENTER_TEXT"}]}
RESULT: {"script":"<script> [776 bytes]","args":[{"enterText":"4000360","selector":{"controlType":"sap.m.SearchField","properties":{"placeholder":"Search"},"searchOpenDialogs":true,"interaction":{"idSuffix":"I"}},"clearTextFirst":true,"interactionType":"ENTER_TEXT"}]}
COMMAND: POST /session/cf943d61b4ec37add412b20e5410361e/actions - {"actions":[{"id":"action60","type":"key","parameters":{},"actions":[{"type":"keyDown","value":"î€‡"},{"type":"pause","duration":10},{"type":"keyUp","value":"î€‡"}]}]}
RESULT: {"actions":[{"id":"action60","type":"key","parameters":{},"actions":[{"type":"keyDown","value":"î€‡"},{"type":"pause","duration":10},{"type":"keyUp","value":"î€‡"}]}]}
COMMAND: GET /session/cf943d61b4ec37add412b20e5410361e/screenshot - {}
RESULT: {}
COMMAND: POST /session/cf943d61b4ec37add412b20e5410361e/element - {"using":"xpath","value":"//td/div/span[contains(text(), \"BGL Vehicles\")]"}
RESULT: {"using":"xpath","value":"//td/div/span[contains(text(), \"BGL Vehicles\")]"}
COMMAND: POST /session/cf943d61b4ec37add412b20e5410361e/element/f.8C1712D618BBFF0472B495C641D9811D.d.AB1F1B8B11FA5FD9C276B33F4524789B.e.16394/click - {}
RESULT: {}
COMMAND: GET /session/cf943d61b4ec37add412b20e5410361e/screenshot - {}
RESULT: {}
COMMAND: POST /session/cf943d61b4ec37add412b20e5410361e/element - {"using":"xpath","value":"//bdi[contains(text(), \"OK\")]"}
RESULT: {"using":"xpath","value":"//bdi[contains(text(), \"OK\")]"}
COMMAND: POST /session/cf943d61b4ec37add412b20e5410361e/element/f.8C1712D618BBFF0472B495C641D9811D.d.AB1F1B8B11FA5FD9C276B33F4524789B.e.16395/click - {}
RESULT: {}
COMMAND: GET /session/cf943d61b4ec37add412b20e5410361e/screenshot - {}
RESULT: {}
COMMAND: POST /session/cf943d61b4ec37add412b20e5410361e/element - {"using":"xpath","value":"//label[contains(@class, 'sapMLabelRequired') and .//bdi[contains(text(), 'Planned Retirement')]]"}
RESULT: {"using":"xpath","value":"//label[contains(@class, 'sapMLabelRequired') and .//bdi[contains(text(), 'Planned Retirement')]]"}
COMMAND: POST /session/cf943d61b4ec37add412b20e5410361e/elements - {"using":"xpath","value":"//label[contains(@class, 'sapMLabelRequired') and .//bdi[contains(text(), 'Planned Retirement')]]"}
RESULT: {"using":"xpath","value":"//label[contains(@class, 'sapMLabelRequired') and .//bdi[contains(text(), 'Planned Retirement')]]"}
COMMAND: POST /session/cf943d61b4ec37add412b20e5410361e/element - {"using":"xpath","value":"//button[@data-kt=\"resourceUnitSaveButton\"]"}
RESULT: {"using":"xpath","value":"//button[@data-kt=\"resourceUnitSaveButton\"]"}
COMMAND: POST /session/cf943d61b4ec37add412b20e5410361e/element/f.8C1712D618BBFF0472B495C641D9811D.d.AB1F1B8B11FA5FD9C276B33F4524789B.e.16167/click - {}
RESULT: {}
COMMAND: GET /session/cf943d61b4ec37add412b20e5410361e/screenshot - {}
RESULT: {}
COMMAND: POST /session/cf943d61b4ec37add412b20e5410361e/element - {"using":"xpath","value":"//bdi[contains(text(), \"Close\")]"}
RESULT: {"using":"xpath","value":"//bdi[contains(text(), \"Close\")]"}
COMMAND: POST /session/cf943d61b4ec37add412b20e5410361e/element/f.8C1712D618BBFF0472B495C641D9811D.d.AB1F1B8B11FA5FD9C276B33F4524789B.e.16401/click - {}
RESULT: {}
COMMAND: GET /session/cf943d61b4ec37add412b20e5410361e/screenshot - {}
RESULT: {}
COMMAND: POST /session/cf943d61b4ec37add412b20e5410361e/element - {"using":"xpath","value":"//header[contains(@id, 'detailRruPage-headerTitle')]/div[1]/div[2]/div[2]/span[1]"}
RESULT: {"using":"xpath","value":"//header[contains(@id, 'detailRruPage-headerTitle')]/div[1]/div[2]/div[2]/span[1]"}
COMMAND: POST /session/cf943d61b4ec37add412b20e5410361e/elements - {"using":"xpath","value":"//header[contains(@id, 'detailRruPage-headerTitle')]/div[1]/div[2]/div[2]/span[1]"}
RESULT: {"using":"xpath","value":"//header[contains(@id, 'detailRruPage-headerTitle')]/div[1]/div[2]/div[2]/span[1]"}
COMMAND: POST /session/cf943d61b4ec37add412b20e5410361e/execute/sync - {"script":"<script> [56 bytes]","args":[{"element-6066-11e4-a52e-4f735466cecf":"f.8C1712D618BBFF0472B495C641D9811D.d.AB1F1B8B11FA5FD9C276B33F4524789B.e.16425","ELEMENT":"f.8C1712D618BBFF0472B495C641D9811D.d.AB1F1B8B11FA5FD9C276B33F4524789B.e.16425"}]}
RESULT: {"script":"<script> [56 bytes]","args":[{"element-6066-11e4-a52e-4f735466cecf":"f.8C1712D618BBFF0472B495C641D9811D.d.AB1F1B8B11FA5FD9C276B33F4524789B.e.16425","ELEMENT":"f.8C1712D618BBFF0472B495C641D9811D.d.AB1F1B8B11FA5FD9C276B33F4524789B.e.16425"}]}
COMMAND: POST /session/cf943d61b4ec37add412b20e5410361e/element - {"using":"css selector","value":"#shell-header-logo"}
COMMAND: GET /session/cf943d61b4ec37add412b20e5410361e/screenshot - {}
RESULT: {"using":"css selector","value":"#shell-header-logo"}
COMMAND: POST /session/cf943d61b4ec37add412b20e5410361e/element/f.8C1712D618BBFF0472B495C641D9811D.d.AB1F1B8B11FA5FD9C276B33F4524789B.e.15766/click - {}
RESULT: {}
RESULT: {}
COMMAND: GET /session/cf943d61b4ec37add412b20e5410361e/screenshot - {}
RESULT: {}
]]></system-out>
    </testcase>
  </testsuite>
</testsuites>