<?xml version="1.0" encoding="UTF-8"?>
<testsuites tests="9" failures="2" errors="2" skipped="0">
  <testsuite timestamp="2025-05-30T17:56:33" time="740.115" tests="9" failures="2" errors="2" skipped="0">
    <properties>
      <property name="specId" value="0"/>
      <property name="suiteName" value="Address Management Tests US156181 US151165 US151160 US156180 US156178 US151157 US151172 US151170 US151166 US151168"/>
      <property name="capabilities" value="chrome.136_0_7103_93.windows"/>
      <property name="file" value="file:///D:/a/1/s/test/specs/BTS/address-management.spec.js"/>
    </properties>
    <testcase classname="chrome.136_0_7103_93.windows.Address_Management_Tests_US156181_US151165_US151160_US156180_US156178_US151157_US151172_US151170_US151166_US151168" name="Step 1 Will check existence of address created with generated name if none then we create US156181" time="66.232">
      <system-out><![CDATA[
COMMAND: POST /session/a4fc5c54f0f91f02d9fe8ae370abe98a/execute/async - {"script":"<script> [1562 bytes]","args":[{"selector":{"controlType":"sap.m.GenericTile","properties":{"header":"Address Management"}},"wdio_ui5_key":"sapm.GenericTile{\"header\":\"Address Management\"}"}]}
RESULT: {"script":"<script> [1562 bytes]","args":[{"selector":{"controlType":"sap.m.GenericTile","properties":{"header":"Address Management"}},"wdio_ui5_key":"sapm.GenericTile{\"header\":\"Address Management\"}"}]}
RESULT: undefined
COMMAND: POST /session/a4fc5c54f0f91f02d9fe8ae370abe98a/element - {"using":"xpath","value":"//*[@id=\"__tile33\"]"}
RESULT: {"using":"xpath","value":"//*[@id=\"__tile33\"]"}
COMMAND: POST /session/a4fc5c54f0f91f02d9fe8ae370abe98a/element/f.7067A754552931941686B9F28D536C65.d.70EFB185608871BBFB9695AA88C53874.e.232/click - {}
RESULT: {}
COMMAND: GET /session/a4fc5c54f0f91f02d9fe8ae370abe98a/screenshot - {}
RESULT: {}
COMMAND: POST /session/a4fc5c54f0f91f02d9fe8ae370abe98a/elements - {"using":"xpath","value":"//span[text()='Error']"}
RESULT: {"using":"xpath","value":"//span[text()='Error']"}
COMMAND: POST /session/a4fc5c54f0f91f02d9fe8ae370abe98a/element - {"using":"xpath","value":"//button[@data-kt=\"addButton\"]"}
RESULT: {"using":"xpath","value":"//button[@data-kt=\"addButton\"]"}
COMMAND: POST /session/a4fc5c54f0f91f02d9fe8ae370abe98a/elements - {"using":"xpath","value":"//button[@data-kt=\"addButton\"]"}
RESULT: {"using":"xpath","value":"//button[@data-kt=\"addButton\"]"}
COMMAND: POST /session/a4fc5c54f0f91f02d9fe8ae370abe98a/elements - {"using":"xpath","value":"//button[@data-kt=\"addButton\"]"}
RESULT: {"using":"xpath","value":"//button[@data-kt=\"addButton\"]"}
COMMAND: POST /session/a4fc5c54f0f91f02d9fe8ae370abe98a/elements - {"using":"xpath","value":"//button[@data-kt=\"addButton\"]"}
RESULT: {"using":"xpath","value":"//button[@data-kt=\"addButton\"]"}
COMMAND: POST /session/a4fc5c54f0f91f02d9fe8ae370abe98a/elements - {"using":"xpath","value":"//button[@data-kt=\"addButton\"]"}
RESULT: {"using":"xpath","value":"//button[@data-kt=\"addButton\"]"}
COMMAND: POST /session/a4fc5c54f0f91f02d9fe8ae370abe98a/elements - {"using":"xpath","value":"//button[@data-kt=\"addButton\"]"}
RESULT: {"using":"xpath","value":"//button[@data-kt=\"addButton\"]"}
COMMAND: POST /session/a4fc5c54f0f91f02d9fe8ae370abe98a/elements - {"using":"xpath","value":"//button[@data-kt=\"addButton\"]"}
RESULT: {"using":"xpath","value":"//button[@data-kt=\"addButton\"]"}
COMMAND: POST /session/a4fc5c54f0f91f02d9fe8ae370abe98a/elements - {"using":"xpath","value":"//button[@data-kt=\"addButton\"]"}
RESULT: {"using":"xpath","value":"//button[@data-kt=\"addButton\"]"}
COMMAND: POST /session/a4fc5c54f0f91f02d9fe8ae370abe98a/element - {"using":"xpath","value":"//button[@data-kt=\"addButton\"]"}
RESULT: {"using":"xpath","value":"//button[@data-kt=\"addButton\"]"}
COMMAND: POST /session/a4fc5c54f0f91f02d9fe8ae370abe98a/execute/sync - {"script":"<script> [8489 bytes]","args":[{"element-6066-11e4-a52e-4f735466cecf":"f.7067A754552931941686B9F28D536C65.d.70EFB185608871BBFB9695AA88C53874.e.328","ELEMENT":"f.7067A754552931941686B9F28D536C65.d.70EFB185608871BBFB9695AA88C53874.e.328"}]}
RESULT: {"script":"<script> [8489 bytes]","args":[{"element-6066-11e4-a52e-4f735466cecf":"f.7067A754552931941686B9F28D536C65.d.70EFB185608871BBFB9695AA88C53874.e.328","ELEMENT":"f.7067A754552931941686B9F28D536C65.d.70EFB185608871BBFB9695AA88C53874.e.328"}]}
COMMAND: GET /session/a4fc5c54f0f91f02d9fe8ae370abe98a/element/f.7067A754552931941686B9F28D536C65.d.70EFB185608871BBFB9695AA88C53874.e.328/enabled - {}
COMMAND: GET /session/a4fc5c54f0f91f02d9fe8ae370abe98a/screenshot - {}
RESULT: {}
COMMAND: POST /session/a4fc5c54f0f91f02d9fe8ae370abe98a/execute/sync - {"script":"<script> [8489 bytes]","args":[{"element-6066-11e4-a52e-4f735466cecf":"f.7067A754552931941686B9F28D536C65.d.70EFB185608871BBFB9695AA88C53874.e.328","ELEMENT":"f.7067A754552931941686B9F28D536C65.d.70EFB185608871BBFB9695AA88C53874.e.328"}]}
COMMAND: GET /session/a4fc5c54f0f91f02d9fe8ae370abe98a/screenshot - {}
RESULT: {}
RESULT: {"script":"<script> [8489 bytes]","args":[{"element-6066-11e4-a52e-4f735466cecf":"f.7067A754552931941686B9F28D536C65.d.70EFB185608871BBFB9695AA88C53874.e.328","ELEMENT":"f.7067A754552931941686B9F28D536C65.d.70EFB185608871BBFB9695AA88C53874.e.328"}]}
COMMAND: POST /session/a4fc5c54f0f91f02d9fe8ae370abe98a/execute/sync - {"script":"<script> [5351 bytes]","args":[{"element-6066-11e4-a52e-4f735466cecf":"f.7067A754552931941686B9F28D536C65.d.70EFB185608871BBFB9695AA88C53874.e.328","ELEMENT":"f.7067A754552931941686B9F28D536C65.d.70EFB185608871BBFB9695AA88C53874.e.328"}]}
COMMAND: GET /session/a4fc5c54f0f91f02d9fe8ae370abe98a/screenshot - {}
RESULT: {}
RESULT: {"script":"<script> [5351 bytes]","args":[{"element-6066-11e4-a52e-4f735466cecf":"f.7067A754552931941686B9F28D536C65.d.70EFB185608871BBFB9695AA88C53874.e.328","ELEMENT":"f.7067A754552931941686B9F28D536C65.d.70EFB185608871BBFB9695AA88C53874.e.328"}]}
COMMAND: GET /session/a4fc5c54f0f91f02d9fe8ae370abe98a/screenshot - {}
RESULT: {}
RESULT: {}
COMMAND: POST /session/a4fc5c54f0f91f02d9fe8ae370abe98a/execute/async - {"script":"<script> [1562 bytes]","args":[{"selector":{"id":"application-addressmanagement-display-component---masterAdm--smartFilterBar-btnBasicSearch","interaction":{"idSuffix":"I"}},"wdio_ui5_key":"applicationaddressmanagement-display-component---masterAdm--smartFilterBar-btnBasicSearch"}]}
RESULT: {"script":"<script> [1562 bytes]","args":[{"selector":{"id":"application-addressmanagement-display-component---masterAdm--smartFilterBar-btnBasicSearch","interaction":{"idSuffix":"I"}},"wdio_ui5_key":"applicationaddressmanagement-display-component---masterAdm--smartFilterBar-btnBasicSearch"}]}
RESULT: undefined
COMMAND: POST /session/a4fc5c54f0f91f02d9fe8ae370abe98a/execute/async - {"script":"<script> [776 bytes]","args":[{"enterText":"J1VHEBq27A","selector":{"id":"application-addressmanagement-display-component---masterAdm--smartFilterBar-btnBasicSearch","interaction":{"idSuffix":"I"}},"clearTextFirst":true,"interactionType":"ENTER_TEXT"}]}
RESULT: {"script":"<script> [776 bytes]","args":[{"enterText":"J1VHEBq27A","selector":{"id":"application-addressmanagement-display-component---masterAdm--smartFilterBar-btnBasicSearch","interaction":{"idSuffix":"I"}},"clearTextFirst":true,"interactionType":"ENTER_TEXT"}]}
COMMAND: POST /session/a4fc5c54f0f91f02d9fe8ae370abe98a/actions - {"actions":[{"id":"action1","type":"key","parameters":{},"actions":[{"type":"keyDown","value":""},{"type":"pause","duration":10},{"type":"keyUp","value":""}]}]}
RESULT: {"actions":[{"id":"action1","type":"key","parameters":{},"actions":[{"type":"keyDown","value":""},{"type":"pause","duration":10},{"type":"keyUp","value":""}]}]}
COMMAND: GET /session/a4fc5c54f0f91f02d9fe8ae370abe98a/screenshot - {}
RESULT: {}
COMMAND: POST /session/a4fc5c54f0f91f02d9fe8ae370abe98a/elements - {"using":"xpath","value":"//table[contains(@id, \"customPersonsAddressesTable-listUl\")]/tbody/tr"}
RESULT: {"using":"xpath","value":"//table[contains(@id, \"customPersonsAddressesTable-listUl\")]/tbody/tr"}
COMMAND: POST /session/a4fc5c54f0f91f02d9fe8ae370abe98a/element - {"using":"xpath","value":"//table[contains(@id, \"customPersonsAddressesTable-listUl\")]/tbody/tr[1]/td[5]/span/span"}
RESULT: {"using":"xpath","value":"//table[contains(@id, \"customPersonsAddressesTable-listUl\")]/tbody/tr[1]/td[5]/span/span"}
COMMAND: POST /session/a4fc5c54f0f91f02d9fe8ae370abe98a/element - {"using":"xpath","value":"//table[contains(@id, \"customPersonsAddressesTable-listUl\")]/tbody/tr[1]/td[3]/span"}
RESULT: {"using":"xpath","value":"//table[contains(@id, \"customPersonsAddressesTable-listUl\")]/tbody/tr[1]/td[3]/span"}
COMMAND: POST /session/a4fc5c54f0f91f02d9fe8ae370abe98a/elements - {"using":"xpath","value":"//table[contains(@id, \"customPersonsAddressesTable-listUl\")]/tbody/tr[1]/td[5]/span/span"}
RESULT: {"using":"xpath","value":"//table[contains(@id, \"customPersonsAddressesTable-listUl\")]/tbody/tr[1]/td[5]/span/span"}
COMMAND: POST /session/a4fc5c54f0f91f02d9fe8ae370abe98a/element - {"using":"xpath","value":"//span[@id=\"application-addressmanagement-display-component---masterAdm--smartTable-header-inner\"]"}
RESULT: {"using":"xpath","value":"//span[@id=\"application-addressmanagement-display-component---masterAdm--smartTable-header-inner\"]"}
COMMAND: POST /session/a4fc5c54f0f91f02d9fe8ae370abe98a/elements - {"using":"xpath","value":"//span[@id=\"application-addressmanagement-display-component---masterAdm--smartTable-header-inner\"]"}
RESULT: {"using":"xpath","value":"//span[@id=\"application-addressmanagement-display-component---masterAdm--smartTable-header-inner\"]"}
COMMAND: POST /session/a4fc5c54f0f91f02d9fe8ae370abe98a/execute/sync - {"script":"<script> [56 bytes]","args":[{"element-6066-11e4-a52e-4f735466cecf":"f.7067A754552931941686B9F28D536C65.d.70EFB185608871BBFB9695AA88C53874.e.458","ELEMENT":"f.7067A754552931941686B9F28D536C65.d.70EFB185608871BBFB9695AA88C53874.e.458"}]}
RESULT: {"script":"<script> [56 bytes]","args":[{"element-6066-11e4-a52e-4f735466cecf":"f.7067A754552931941686B9F28D536C65.d.70EFB185608871BBFB9695AA88C53874.e.458","ELEMENT":"f.7067A754552931941686B9F28D536C65.d.70EFB185608871BBFB9695AA88C53874.e.458"}]}
COMMAND: POST /session/a4fc5c54f0f91f02d9fe8ae370abe98a/element - {"using":"xpath","value":"//button[@data-kt=\"addButton\"]"}
COMMAND: GET /session/a4fc5c54f0f91f02d9fe8ae370abe98a/screenshot - {}
RESULT: {"using":"xpath","value":"//button[@data-kt=\"addButton\"]"}
COMMAND: POST /session/a4fc5c54f0f91f02d9fe8ae370abe98a/element/f.7067A754552931941686B9F28D536C65.d.70EFB185608871BBFB9695AA88C53874.e.328/click - {}
RESULT: {}
RESULT: {}
COMMAND: GET /session/a4fc5c54f0f91f02d9fe8ae370abe98a/screenshot - {}
RESULT: {}
COMMAND: POST /session/a4fc5c54f0f91f02d9fe8ae370abe98a/execute/async - {"script":"<script> [1562 bytes]","args":[{"selector":{"controlType":"sap.ui.core.Icon","viewName":"etm.portal.ui.addressmanagement.view.NewAddress","properties":{"src":{"regex":{"source":"slim\\-arrow\\-down"}}},"ancestor":{"id":"addressTitle","viewName":"etm.portal.ui.addressmanagement.view.NewAddress"}},"wdio_ui5_key":"etmportal.ui.addressmanagement.view.NewAddresssap.ui.core.Icon{\"src\":{\"regex\":{\"source\":\"slim\\\\-arrow\\\\-down\"}}}{\"id\":\"addressTitle\",\"viewName\":\"etm.portal.ui.addressmanagement.view.NewAddress\"}"}]}
RESULT: {"script":"<script> [1562 bytes]","args":[{"selector":{"controlType":"sap.ui.core.Icon","viewName":"etm.portal.ui.addressmanagement.view.NewAddress","properties":{"src":{"regex":{"source":"slim\\-arrow\\-down"}}},"ancestor":{"id":"addressTitle","viewName":"etm.portal.ui.addressmanagement.view.NewAddress"}},"wdio_ui5_key":"etmportal.ui.addressmanagement.view.NewAddresssap.ui.core.Icon{\"src\":{\"regex\":{\"source\":\"slim\\\\-arrow\\\\-down\"}}}{\"id\":\"addressTitle\",\"viewName\":\"etm.portal.ui.addressmanagement.view.NewAddress\"}"}]}
RESULT: undefined
COMMAND: POST /session/a4fc5c54f0f91f02d9fe8ae370abe98a/element - {"using":"xpath","value":"//*[@id=\"__xmlview58--addressTitle-arrow\"]"}
RESULT: {"using":"xpath","value":"//*[@id=\"__xmlview58--addressTitle-arrow\"]"}
COMMAND: POST /session/a4fc5c54f0f91f02d9fe8ae370abe98a/element/f.7067A754552931941686B9F28D536C65.d.70EFB185608871BBFB9695AA88C53874.e.486/click - {}
RESULT: {}
COMMAND: GET /session/a4fc5c54f0f91f02d9fe8ae370abe98a/screenshot - {}
RESULT: {}
COMMAND: POST /session/a4fc5c54f0f91f02d9fe8ae370abe98a/element - {"using":"xpath","value":"//li[.//span[text()=\"Dr.\"]]"}
RESULT: {"using":"xpath","value":"//li[.//span[text()=\"Dr.\"]]"}
COMMAND: POST /session/a4fc5c54f0f91f02d9fe8ae370abe98a/element/f.7067A754552931941686B9F28D536C65.d.70EFB185608871BBFB9695AA88C53874.e.598/click - {}
RESULT: {}
COMMAND: POST /session/a4fc5c54f0f91f02d9fe8ae370abe98a/execute/async - {"script":"<script> [1562 bytes]","args":[{"selector":{"controlType":"sap.ui.core.Icon","viewName":"etm.portal.ui.addressmanagement.view.NewAddress","properties":{"src":{"regex":{"source":"slim\\-arrow\\-down"}}},"ancestor":{"id":"addressDetailDetailsLanguage","viewName":"etm.portal.ui.addressmanagement.view.NewAddress"}},"wdio_ui5_key":"etmportal.ui.addressmanagement.view.NewAddresssap.ui.core.Icon{\"src\":{\"regex\":{\"source\":\"slim\\\\-arrow\\\\-down\"}}}{\"id\":\"addressDetailDetailsLanguage\",\"viewName\":\"etm.portal.ui.addressmanagement.view.NewAddress\"}"}]}
COMMAND: GET /session/a4fc5c54f0f91f02d9fe8ae370abe98a/screenshot - {}
RESULT: {"script":"<script> [1562 bytes]","args":[{"selector":{"controlType":"sap.ui.core.Icon","viewName":"etm.portal.ui.addressmanagement.view.NewAddress","properties":{"src":{"regex":{"source":"slim\\-arrow\\-down"}}},"ancestor":{"id":"addressDetailDetailsLanguage","viewName":"etm.portal.ui.addressmanagement.view.NewAddress"}},"wdio_ui5_key":"etmportal.ui.addressmanagement.view.NewAddresssap.ui.core.Icon{\"src\":{\"regex\":{\"source\":\"slim\\\\-arrow\\\\-down\"}}}{\"id\":\"addressDetailDetailsLanguage\",\"viewName\":\"etm.portal.ui.addressmanagement.view.NewAddress\"}"}]}
RESULT: undefined
COMMAND: POST /session/a4fc5c54f0f91f02d9fe8ae370abe98a/element - {"using":"xpath","value":"//*[@id=\"__xmlview58--addressDetailDetailsLanguage-arrow\"]"}
RESULT: {}
RESULT: {"using":"xpath","value":"//*[@id=\"__xmlview58--addressDetailDetailsLanguage-arrow\"]"}
COMMAND: POST /session/a4fc5c54f0f91f02d9fe8ae370abe98a/element/f.7067A754552931941686B9F28D536C65.d.70EFB185608871BBFB9695AA88C53874.e.499/click - {}
RESULT: {}
COMMAND: GET /session/a4fc5c54f0f91f02d9fe8ae370abe98a/screenshot - {}
RESULT: {}
COMMAND: POST /session/a4fc5c54f0f91f02d9fe8ae370abe98a/element - {"using":"xpath","value":"//span[contains(text(), \"English\")]"}
RESULT: {"using":"xpath","value":"//span[contains(text(), \"English\")]"}
COMMAND: POST /session/a4fc5c54f0f91f02d9fe8ae370abe98a/element/f.7067A754552931941686B9F28D536C65.d.70EFB185608871BBFB9695AA88C53874.e.599/click - {}
RESULT: {}
COMMAND: POST /session/a4fc5c54f0f91f02d9fe8ae370abe98a/execute/async - {"script":"<script> [1562 bytes]","args":[{"selector":{"controlType":"sap.m.Input","viewName":"etm.portal.ui.addressmanagement.view.NewAddress","labelFor":{"text":"Name"},"interaction":{"idSuffix":"inner"}},"wdio_ui5_key":"etmportal.ui.addressmanagement.view.NewAddresssap.m.Input{\"text\":\"Name\"}"}]}
COMMAND: GET /session/a4fc5c54f0f91f02d9fe8ae370abe98a/screenshot - {}
RESULT: {"script":"<script> [1562 bytes]","args":[{"selector":{"controlType":"sap.m.Input","viewName":"etm.portal.ui.addressmanagement.view.NewAddress","labelFor":{"text":"Name"},"interaction":{"idSuffix":"inner"}},"wdio_ui5_key":"etmportal.ui.addressmanagement.view.NewAddresssap.m.Input{\"text\":\"Name\"}"}]}
RESULT: undefined
COMMAND: POST /session/a4fc5c54f0f91f02d9fe8ae370abe98a/execute/async - {"script":"<script> [776 bytes]","args":[{"enterText":"J1VHEBq27A","selector":{"controlType":"sap.m.Input","viewName":"etm.portal.ui.addressmanagement.view.NewAddress","labelFor":{"text":"Name"},"interaction":{"idSuffix":"inner"}},"clearTextFirst":true,"interactionType":"ENTER_TEXT"}]}
RESULT: {}
RESULT: {"script":"<script> [776 bytes]","args":[{"enterText":"J1VHEBq27A","selector":{"controlType":"sap.m.Input","viewName":"etm.portal.ui.addressmanagement.view.NewAddress","labelFor":{"text":"Name"},"interaction":{"idSuffix":"inner"}},"clearTextFirst":true,"interactionType":"ENTER_TEXT"}]}
COMMAND: POST /session/a4fc5c54f0f91f02d9fe8ae370abe98a/element - {"using":"xpath","value":"//button[@title=\"Save\"]"}
RESULT: {"using":"xpath","value":"//button[@title=\"Save\"]"}
COMMAND: POST /session/a4fc5c54f0f91f02d9fe8ae370abe98a/element/f.7067A754552931941686B9F28D536C65.d.70EFB185608871BBFB9695AA88C53874.e.589/click - {}
RESULT: {}
COMMAND: GET /session/a4fc5c54f0f91f02d9fe8ae370abe98a/screenshot - {}
RESULT: {}
COMMAND: POST /session/a4fc5c54f0f91f02d9fe8ae370abe98a/element - {"using":"xpath","value":"//header[contains(@id, \"application-addressmanagement-display-component---detailAdm--ObjectPageLayout-headerTitle\")]/div[1]/div[3]/div[2]/span"}
RESULT: {"using":"xpath","value":"//header[contains(@id, \"application-addressmanagement-display-component---detailAdm--ObjectPageLayout-headerTitle\")]/div[1]/div[3]/div[2]/span"}
COMMAND: POST /session/a4fc5c54f0f91f02d9fe8ae370abe98a/elements - {"using":"xpath","value":"//header[contains(@id, \"application-addressmanagement-display-component---detailAdm--ObjectPageLayout-headerTitle\")]/div[1]/div[3]/div[2]/span"}
RESULT: {"using":"xpath","value":"//header[contains(@id, \"application-addressmanagement-display-component---detailAdm--ObjectPageLayout-headerTitle\")]/div[1]/div[3]/div[2]/span"}
COMMAND: POST /session/a4fc5c54f0f91f02d9fe8ae370abe98a/execute/sync - {"script":"<script> [56 bytes]","args":[{"element-6066-11e4-a52e-4f735466cecf":"f.7067A754552931941686B9F28D536C65.d.70EFB185608871BBFB9695AA88C53874.e.624","ELEMENT":"f.7067A754552931941686B9F28D536C65.d.70EFB185608871BBFB9695AA88C53874.e.624"}]}
RESULT: {"script":"<script> [56 bytes]","args":[{"element-6066-11e4-a52e-4f735466cecf":"f.7067A754552931941686B9F28D536C65.d.70EFB185608871BBFB9695AA88C53874.e.624","ELEMENT":"f.7067A754552931941686B9F28D536C65.d.70EFB185608871BBFB9695AA88C53874.e.624"}]}
COMMAND: GET /session/a4fc5c54f0f91f02d9fe8ae370abe98a/screenshot - {}
RESULT: {}
COMMAND: POST /session/a4fc5c54f0f91f02d9fe8ae370abe98a/element - {"using":"css selector","value":"#shell-header-logo"}
RESULT: {"using":"css selector","value":"#shell-header-logo"}
COMMAND: POST /session/a4fc5c54f0f91f02d9fe8ae370abe98a/element/f.7067A754552931941686B9F28D536C65.d.70EFB185608871BBFB9695AA88C53874.e.281/click - {}
RESULT: {}
COMMAND: GET /session/a4fc5c54f0f91f02d9fe8ae370abe98a/screenshot - {}
RESULT: {}
]]></system-out>
    </testcase>
    <testcase classname="chrome.136_0_7103_93.windows.Address_Management_Tests_US156181_US151165_US151160_US156180_US156178_US151157_US151172_US151170_US151166_US151168" name="Step 2 Should deactivate the created address in earlier step US151165" time="41.504">
      <system-out><![CDATA[
RESULT: undefined
COMMAND: POST /session/a4fc5c54f0f91f02d9fe8ae370abe98a/element - {"using":"xpath","value":"//*[@id=\"__tile33\"]"}
RESULT: {"using":"xpath","value":"//*[@id=\"__tile33\"]"}
COMMAND: POST /session/a4fc5c54f0f91f02d9fe8ae370abe98a/element/f.7067A754552931941686B9F28D536C65.d.70EFB185608871BBFB9695AA88C53874.e.232/click - {}
RESULT: {}
COMMAND: GET /session/a4fc5c54f0f91f02d9fe8ae370abe98a/screenshot - {}
RESULT: {}
COMMAND: POST /session/a4fc5c54f0f91f02d9fe8ae370abe98a/elements - {"using":"xpath","value":"//span[text()='Error']"}
RESULT: {"using":"xpath","value":"//span[text()='Error']"}
COMMAND: POST /session/a4fc5c54f0f91f02d9fe8ae370abe98a/element - {"using":"xpath","value":"//button[@data-kt=\"addButton\"]"}
RESULT: {"using":"xpath","value":"//button[@data-kt=\"addButton\"]"}
COMMAND: POST /session/a4fc5c54f0f91f02d9fe8ae370abe98a/elements - {"using":"xpath","value":"//button[@data-kt=\"addButton\"]"}
RESULT: {"using":"xpath","value":"//button[@data-kt=\"addButton\"]"}
COMMAND: POST /session/a4fc5c54f0f91f02d9fe8ae370abe98a/execute/sync - {"script":"<script> [8489 bytes]","args":[{"element-6066-11e4-a52e-4f735466cecf":"f.7067A754552931941686B9F28D536C65.d.70EFB185608871BBFB9695AA88C53874.e.690","ELEMENT":"f.7067A754552931941686B9F28D536C65.d.70EFB185608871BBFB9695AA88C53874.e.690"}]}
RESULT: {"script":"<script> [8489 bytes]","args":[{"element-6066-11e4-a52e-4f735466cecf":"f.7067A754552931941686B9F28D536C65.d.70EFB185608871BBFB9695AA88C53874.e.690","ELEMENT":"f.7067A754552931941686B9F28D536C65.d.70EFB185608871BBFB9695AA88C53874.e.690"}]}
COMMAND: GET /session/a4fc5c54f0f91f02d9fe8ae370abe98a/element/f.7067A754552931941686B9F28D536C65.d.70EFB185608871BBFB9695AA88C53874.e.690/enabled - {}
COMMAND: GET /session/a4fc5c54f0f91f02d9fe8ae370abe98a/screenshot - {}
RESULT: {}
COMMAND: POST /session/a4fc5c54f0f91f02d9fe8ae370abe98a/execute/sync - {"script":"<script> [8489 bytes]","args":[{"element-6066-11e4-a52e-4f735466cecf":"f.7067A754552931941686B9F28D536C65.d.70EFB185608871BBFB9695AA88C53874.e.690","ELEMENT":"f.7067A754552931941686B9F28D536C65.d.70EFB185608871BBFB9695AA88C53874.e.690"}]}
COMMAND: GET /session/a4fc5c54f0f91f02d9fe8ae370abe98a/screenshot - {}
RESULT: {}
RESULT: {"script":"<script> [8489 bytes]","args":[{"element-6066-11e4-a52e-4f735466cecf":"f.7067A754552931941686B9F28D536C65.d.70EFB185608871BBFB9695AA88C53874.e.690","ELEMENT":"f.7067A754552931941686B9F28D536C65.d.70EFB185608871BBFB9695AA88C53874.e.690"}]}
COMMAND: POST /session/a4fc5c54f0f91f02d9fe8ae370abe98a/execute/sync - {"script":"<script> [5351 bytes]","args":[{"element-6066-11e4-a52e-4f735466cecf":"f.7067A754552931941686B9F28D536C65.d.70EFB185608871BBFB9695AA88C53874.e.690","ELEMENT":"f.7067A754552931941686B9F28D536C65.d.70EFB185608871BBFB9695AA88C53874.e.690"}]}
COMMAND: GET /session/a4fc5c54f0f91f02d9fe8ae370abe98a/screenshot - {}
RESULT: {}
RESULT: {"script":"<script> [5351 bytes]","args":[{"element-6066-11e4-a52e-4f735466cecf":"f.7067A754552931941686B9F28D536C65.d.70EFB185608871BBFB9695AA88C53874.e.690","ELEMENT":"f.7067A754552931941686B9F28D536C65.d.70EFB185608871BBFB9695AA88C53874.e.690"}]}
COMMAND: GET /session/a4fc5c54f0f91f02d9fe8ae370abe98a/screenshot - {}
RESULT: {}
RESULT: {}
RESULT: undefined
COMMAND: POST /session/a4fc5c54f0f91f02d9fe8ae370abe98a/execute/async - {"script":"<script> [776 bytes]","args":[{"enterText":"J1VHEBq27A","selector":{"id":"application-addressmanagement-display-component---masterAdm--smartFilterBar-btnBasicSearch","interaction":{"idSuffix":"I"}},"clearTextFirst":true,"interactionType":"ENTER_TEXT"}]}
RESULT: {"script":"<script> [776 bytes]","args":[{"enterText":"J1VHEBq27A","selector":{"id":"application-addressmanagement-display-component---masterAdm--smartFilterBar-btnBasicSearch","interaction":{"idSuffix":"I"}},"clearTextFirst":true,"interactionType":"ENTER_TEXT"}]}
COMMAND: POST /session/a4fc5c54f0f91f02d9fe8ae370abe98a/actions - {"actions":[{"id":"action2","type":"key","parameters":{},"actions":[{"type":"keyDown","value":""},{"type":"pause","duration":10},{"type":"keyUp","value":""}]}]}
RESULT: {"actions":[{"id":"action2","type":"key","parameters":{},"actions":[{"type":"keyDown","value":""},{"type":"pause","duration":10},{"type":"keyUp","value":""}]}]}
COMMAND: GET /session/a4fc5c54f0f91f02d9fe8ae370abe98a/screenshot - {}
RESULT: {}
COMMAND: POST /session/a4fc5c54f0f91f02d9fe8ae370abe98a/elements - {"using":"xpath","value":"//table[contains(@id, \"customPersonsAddressesTable-listUl\")]/tbody/tr"}
RESULT: {"using":"xpath","value":"//table[contains(@id, \"customPersonsAddressesTable-listUl\")]/tbody/tr"}
COMMAND: POST /session/a4fc5c54f0f91f02d9fe8ae370abe98a/element - {"using":"xpath","value":"//table[contains(@id, \"customPersonsAddressesTable-listUl\")]/tbody/tr[1]/td[5]/span/span"}
RESULT: {"using":"xpath","value":"//table[contains(@id, \"customPersonsAddressesTable-listUl\")]/tbody/tr[1]/td[5]/span/span"}
COMMAND: POST /session/a4fc5c54f0f91f02d9fe8ae370abe98a/element - {"using":"xpath","value":"//table[contains(@id, \"customPersonsAddressesTable-listUl\")]/tbody/tr[1]/td[3]/span"}
RESULT: {"using":"xpath","value":"//table[contains(@id, \"customPersonsAddressesTable-listUl\")]/tbody/tr[1]/td[3]/span"}
COMMAND: POST /session/a4fc5c54f0f91f02d9fe8ae370abe98a/elements - {"using":"xpath","value":"//table[contains(@id, \"customPersonsAddressesTable-listUl\")]/tbody/tr[1]/td[5]/span/span"}
RESULT: {"using":"xpath","value":"//table[contains(@id, \"customPersonsAddressesTable-listUl\")]/tbody/tr[1]/td[5]/span/span"}
COMMAND: POST /session/a4fc5c54f0f91f02d9fe8ae370abe98a/execute/sync - {"script":"<script> [56 bytes]","args":[{"element-6066-11e4-a52e-4f735466cecf":"f.7067A754552931941686B9F28D536C65.d.70EFB185608871BBFB9695AA88C53874.e.824","ELEMENT":"f.7067A754552931941686B9F28D536C65.d.70EFB185608871BBFB9695AA88C53874.e.824"}]}
RESULT: {"script":"<script> [56 bytes]","args":[{"element-6066-11e4-a52e-4f735466cecf":"f.7067A754552931941686B9F28D536C65.d.70EFB185608871BBFB9695AA88C53874.e.824","ELEMENT":"f.7067A754552931941686B9F28D536C65.d.70EFB185608871BBFB9695AA88C53874.e.824"}]}
COMMAND: POST /session/a4fc5c54f0f91f02d9fe8ae370abe98a/execute/sync - {"script":"<script> [56 bytes]","args":[{"element-6066-11e4-a52e-4f735466cecf":"f.7067A754552931941686B9F28D536C65.d.70EFB185608871BBFB9695AA88C53874.e.825","ELEMENT":"f.7067A754552931941686B9F28D536C65.d.70EFB185608871BBFB9695AA88C53874.e.825"}]}
COMMAND: GET /session/a4fc5c54f0f91f02d9fe8ae370abe98a/screenshot - {}
RESULT: {"script":"<script> [56 bytes]","args":[{"element-6066-11e4-a52e-4f735466cecf":"f.7067A754552931941686B9F28D536C65.d.70EFB185608871BBFB9695AA88C53874.e.825","ELEMENT":"f.7067A754552931941686B9F28D536C65.d.70EFB185608871BBFB9695AA88C53874.e.825"}]}
COMMAND: POST /session/a4fc5c54f0f91f02d9fe8ae370abe98a/element - {"using":"xpath","value":"//table[contains(@id, \"customPersonsAddressesTable-listUl\")]/tbody/tr[1]/td[10]/div/span"}
COMMAND: GET /session/a4fc5c54f0f91f02d9fe8ae370abe98a/screenshot - {}
RESULT: {}
RESULT: {"using":"xpath","value":"//table[contains(@id, \"customPersonsAddressesTable-listUl\")]/tbody/tr[1]/td[10]/div/span"}
COMMAND: POST /session/a4fc5c54f0f91f02d9fe8ae370abe98a/execute/sync - {"script":"<script> [56 bytes]","args":[{"element-6066-11e4-a52e-4f735466cecf":"f.7067A754552931941686B9F28D536C65.d.70EFB185608871BBFB9695AA88C53874.e.826","ELEMENT":"f.7067A754552931941686B9F28D536C65.d.70EFB185608871BBFB9695AA88C53874.e.826"}]}
RESULT: {}
RESULT: {"script":"<script> [56 bytes]","args":[{"element-6066-11e4-a52e-4f735466cecf":"f.7067A754552931941686B9F28D536C65.d.70EFB185608871BBFB9695AA88C53874.e.826","ELEMENT":"f.7067A754552931941686B9F28D536C65.d.70EFB185608871BBFB9695AA88C53874.e.826"}]}
COMMAND: POST /session/a4fc5c54f0f91f02d9fe8ae370abe98a/element - {"using":"xpath","value":"//table[contains(@id, \"customPersonsAddressesTable-listUl\")]/tbody/tr[1]/td[2]/div/div"}
COMMAND: GET /session/a4fc5c54f0f91f02d9fe8ae370abe98a/screenshot - {}
RESULT: {"using":"xpath","value":"//table[contains(@id, \"customPersonsAddressesTable-listUl\")]/tbody/tr[1]/td[2]/div/div"}
COMMAND: POST /session/a4fc5c54f0f91f02d9fe8ae370abe98a/element/f.7067A754552931941686B9F28D536C65.d.70EFB185608871BBFB9695AA88C53874.e.827/click - {}
RESULT: {}
RESULT: {}
COMMAND: GET /session/a4fc5c54f0f91f02d9fe8ae370abe98a/screenshot - {}
RESULT: {}
COMMAND: POST /session/a4fc5c54f0f91f02d9fe8ae370abe98a/element - {"using":"xpath","value":"//bdi[contains(text(), \"Deactivate\")]"}
RESULT: {"using":"xpath","value":"//bdi[contains(text(), \"Deactivate\")]"}
COMMAND: POST /session/a4fc5c54f0f91f02d9fe8ae370abe98a/element/f.7067A754552931941686B9F28D536C65.d.70EFB185608871BBFB9695AA88C53874.e.828/click - {}
RESULT: {}
COMMAND: GET /session/a4fc5c54f0f91f02d9fe8ae370abe98a/screenshot - {}
RESULT: {}
COMMAND: POST /session/a4fc5c54f0f91f02d9fe8ae370abe98a/element - {"using":"xpath","value":"//bdi[contains(text(), \"Yes\")]"}
RESULT: {"using":"xpath","value":"//bdi[contains(text(), \"Yes\")]"}
COMMAND: POST /session/a4fc5c54f0f91f02d9fe8ae370abe98a/element/f.7067A754552931941686B9F28D536C65.d.70EFB185608871BBFB9695AA88C53874.e.830/click - {}
RESULT: {}
COMMAND: GET /session/a4fc5c54f0f91f02d9fe8ae370abe98a/screenshot - {}
RESULT: {}
COMMAND: POST /session/a4fc5c54f0f91f02d9fe8ae370abe98a/element - {"using":"xpath","value":"//table[contains(@id, \"customPersonsAddressesTable-listUl\")]/tbody/tr[1]/td[10]/div/span"}
RESULT: {"using":"xpath","value":"//table[contains(@id, \"customPersonsAddressesTable-listUl\")]/tbody/tr[1]/td[10]/div/span"}
COMMAND: POST /session/a4fc5c54f0f91f02d9fe8ae370abe98a/execute/sync - {"script":"<script> [56 bytes]","args":[{"element-6066-11e4-a52e-4f735466cecf":"f.7067A754552931941686B9F28D536C65.d.70EFB185608871BBFB9695AA88C53874.e.826","ELEMENT":"f.7067A754552931941686B9F28D536C65.d.70EFB185608871BBFB9695AA88C53874.e.826"}]}
RESULT: {"script":"<script> [56 bytes]","args":[{"element-6066-11e4-a52e-4f735466cecf":"f.7067A754552931941686B9F28D536C65.d.70EFB185608871BBFB9695AA88C53874.e.826","ELEMENT":"f.7067A754552931941686B9F28D536C65.d.70EFB185608871BBFB9695AA88C53874.e.826"}]}
COMMAND: GET /session/a4fc5c54f0f91f02d9fe8ae370abe98a/screenshot - {}
RESULT: {}
COMMAND: POST /session/a4fc5c54f0f91f02d9fe8ae370abe98a/element - {"using":"css selector","value":"#shell-header-logo"}
RESULT: {"using":"css selector","value":"#shell-header-logo"}
COMMAND: POST /session/a4fc5c54f0f91f02d9fe8ae370abe98a/element/f.7067A754552931941686B9F28D536C65.d.70EFB185608871BBFB9695AA88C53874.e.629/click - {}
RESULT: {}
COMMAND: GET /session/a4fc5c54f0f91f02d9fe8ae370abe98a/screenshot - {}
RESULT: {}
]]></system-out>
    </testcase>
    <testcase classname="chrome.136_0_7103_93.windows.Address_Management_Tests_US156181_US151165_US151160_US156180_US156178_US151157_US151172_US151170_US151166_US151168" name="Step 3 Should activate the created address back again US151160" time="41.785">
      <system-out><![CDATA[
RESULT: undefined
COMMAND: POST /session/a4fc5c54f0f91f02d9fe8ae370abe98a/element - {"using":"xpath","value":"//*[@id=\"__tile33\"]"}
RESULT: {"using":"xpath","value":"//*[@id=\"__tile33\"]"}
COMMAND: POST /session/a4fc5c54f0f91f02d9fe8ae370abe98a/element/f.7067A754552931941686B9F28D536C65.d.70EFB185608871BBFB9695AA88C53874.e.232/click - {}
RESULT: {}
COMMAND: GET /session/a4fc5c54f0f91f02d9fe8ae370abe98a/screenshot - {}
RESULT: {}
COMMAND: POST /session/a4fc5c54f0f91f02d9fe8ae370abe98a/elements - {"using":"xpath","value":"//span[text()='Error']"}
RESULT: {"using":"xpath","value":"//span[text()='Error']"}
COMMAND: POST /session/a4fc5c54f0f91f02d9fe8ae370abe98a/element - {"using":"xpath","value":"//button[@data-kt=\"addButton\"]"}
RESULT: {"using":"xpath","value":"//button[@data-kt=\"addButton\"]"}
COMMAND: POST /session/a4fc5c54f0f91f02d9fe8ae370abe98a/elements - {"using":"xpath","value":"//button[@data-kt=\"addButton\"]"}
RESULT: {"using":"xpath","value":"//button[@data-kt=\"addButton\"]"}
COMMAND: POST /session/a4fc5c54f0f91f02d9fe8ae370abe98a/execute/sync - {"script":"<script> [8489 bytes]","args":[{"element-6066-11e4-a52e-4f735466cecf":"f.7067A754552931941686B9F28D536C65.d.70EFB185608871BBFB9695AA88C53874.e.901","ELEMENT":"f.7067A754552931941686B9F28D536C65.d.70EFB185608871BBFB9695AA88C53874.e.901"}]}
RESULT: {"script":"<script> [8489 bytes]","args":[{"element-6066-11e4-a52e-4f735466cecf":"f.7067A754552931941686B9F28D536C65.d.70EFB185608871BBFB9695AA88C53874.e.901","ELEMENT":"f.7067A754552931941686B9F28D536C65.d.70EFB185608871BBFB9695AA88C53874.e.901"}]}
COMMAND: GET /session/a4fc5c54f0f91f02d9fe8ae370abe98a/element/f.7067A754552931941686B9F28D536C65.d.70EFB185608871BBFB9695AA88C53874.e.901/enabled - {}
COMMAND: GET /session/a4fc5c54f0f91f02d9fe8ae370abe98a/screenshot - {}
RESULT: {}
COMMAND: POST /session/a4fc5c54f0f91f02d9fe8ae370abe98a/execute/sync - {"script":"<script> [8489 bytes]","args":[{"element-6066-11e4-a52e-4f735466cecf":"f.7067A754552931941686B9F28D536C65.d.70EFB185608871BBFB9695AA88C53874.e.901","ELEMENT":"f.7067A754552931941686B9F28D536C65.d.70EFB185608871BBFB9695AA88C53874.e.901"}]}
COMMAND: GET /session/a4fc5c54f0f91f02d9fe8ae370abe98a/screenshot - {}
RESULT: {}
RESULT: {"script":"<script> [8489 bytes]","args":[{"element-6066-11e4-a52e-4f735466cecf":"f.7067A754552931941686B9F28D536C65.d.70EFB185608871BBFB9695AA88C53874.e.901","ELEMENT":"f.7067A754552931941686B9F28D536C65.d.70EFB185608871BBFB9695AA88C53874.e.901"}]}
COMMAND: POST /session/a4fc5c54f0f91f02d9fe8ae370abe98a/execute/sync - {"script":"<script> [5351 bytes]","args":[{"element-6066-11e4-a52e-4f735466cecf":"f.7067A754552931941686B9F28D536C65.d.70EFB185608871BBFB9695AA88C53874.e.901","ELEMENT":"f.7067A754552931941686B9F28D536C65.d.70EFB185608871BBFB9695AA88C53874.e.901"}]}
COMMAND: GET /session/a4fc5c54f0f91f02d9fe8ae370abe98a/screenshot - {}
RESULT: {}
RESULT: {"script":"<script> [5351 bytes]","args":[{"element-6066-11e4-a52e-4f735466cecf":"f.7067A754552931941686B9F28D536C65.d.70EFB185608871BBFB9695AA88C53874.e.901","ELEMENT":"f.7067A754552931941686B9F28D536C65.d.70EFB185608871BBFB9695AA88C53874.e.901"}]}
COMMAND: GET /session/a4fc5c54f0f91f02d9fe8ae370abe98a/screenshot - {}
RESULT: {}
RESULT: {}
RESULT: undefined
COMMAND: POST /session/a4fc5c54f0f91f02d9fe8ae370abe98a/execute/async - {"script":"<script> [776 bytes]","args":[{"enterText":"J1VHEBq27A","selector":{"id":"application-addressmanagement-display-component---masterAdm--smartFilterBar-btnBasicSearch","interaction":{"idSuffix":"I"}},"clearTextFirst":true,"interactionType":"ENTER_TEXT"}]}
RESULT: {"script":"<script> [776 bytes]","args":[{"enterText":"J1VHEBq27A","selector":{"id":"application-addressmanagement-display-component---masterAdm--smartFilterBar-btnBasicSearch","interaction":{"idSuffix":"I"}},"clearTextFirst":true,"interactionType":"ENTER_TEXT"}]}
COMMAND: POST /session/a4fc5c54f0f91f02d9fe8ae370abe98a/actions - {"actions":[{"id":"action3","type":"key","parameters":{},"actions":[{"type":"keyDown","value":""},{"type":"pause","duration":10},{"type":"keyUp","value":""}]}]}
RESULT: {"actions":[{"id":"action3","type":"key","parameters":{},"actions":[{"type":"keyDown","value":""},{"type":"pause","duration":10},{"type":"keyUp","value":""}]}]}
COMMAND: GET /session/a4fc5c54f0f91f02d9fe8ae370abe98a/screenshot - {}
RESULT: {}
COMMAND: POST /session/a4fc5c54f0f91f02d9fe8ae370abe98a/elements - {"using":"xpath","value":"//table[contains(@id, \"customPersonsAddressesTable-listUl\")]/tbody/tr"}
RESULT: {"using":"xpath","value":"//table[contains(@id, \"customPersonsAddressesTable-listUl\")]/tbody/tr"}
COMMAND: POST /session/a4fc5c54f0f91f02d9fe8ae370abe98a/element - {"using":"xpath","value":"//table[contains(@id, \"customPersonsAddressesTable-listUl\")]/tbody/tr[1]/td[5]/span/span"}
RESULT: {"using":"xpath","value":"//table[contains(@id, \"customPersonsAddressesTable-listUl\")]/tbody/tr[1]/td[5]/span/span"}
COMMAND: POST /session/a4fc5c54f0f91f02d9fe8ae370abe98a/element - {"using":"xpath","value":"//table[contains(@id, \"customPersonsAddressesTable-listUl\")]/tbody/tr[1]/td[3]/span"}
RESULT: {"using":"xpath","value":"//table[contains(@id, \"customPersonsAddressesTable-listUl\")]/tbody/tr[1]/td[3]/span"}
COMMAND: POST /session/a4fc5c54f0f91f02d9fe8ae370abe98a/elements - {"using":"xpath","value":"//table[contains(@id, \"customPersonsAddressesTable-listUl\")]/tbody/tr[1]/td[5]/span/span"}
RESULT: {"using":"xpath","value":"//table[contains(@id, \"customPersonsAddressesTable-listUl\")]/tbody/tr[1]/td[5]/span/span"}
COMMAND: POST /session/a4fc5c54f0f91f02d9fe8ae370abe98a/execute/sync - {"script":"<script> [56 bytes]","args":[{"element-6066-11e4-a52e-4f735466cecf":"f.7067A754552931941686B9F28D536C65.d.70EFB185608871BBFB9695AA88C53874.e.1035","ELEMENT":"f.7067A754552931941686B9F28D536C65.d.70EFB185608871BBFB9695AA88C53874.e.1035"}]}
RESULT: {"script":"<script> [56 bytes]","args":[{"element-6066-11e4-a52e-4f735466cecf":"f.7067A754552931941686B9F28D536C65.d.70EFB185608871BBFB9695AA88C53874.e.1035","ELEMENT":"f.7067A754552931941686B9F28D536C65.d.70EFB185608871BBFB9695AA88C53874.e.1035"}]}
COMMAND: POST /session/a4fc5c54f0f91f02d9fe8ae370abe98a/execute/sync - {"script":"<script> [56 bytes]","args":[{"element-6066-11e4-a52e-4f735466cecf":"f.7067A754552931941686B9F28D536C65.d.70EFB185608871BBFB9695AA88C53874.e.1036","ELEMENT":"f.7067A754552931941686B9F28D536C65.d.70EFB185608871BBFB9695AA88C53874.e.1036"}]}
COMMAND: GET /session/a4fc5c54f0f91f02d9fe8ae370abe98a/screenshot - {}
RESULT: {"script":"<script> [56 bytes]","args":[{"element-6066-11e4-a52e-4f735466cecf":"f.7067A754552931941686B9F28D536C65.d.70EFB185608871BBFB9695AA88C53874.e.1036","ELEMENT":"f.7067A754552931941686B9F28D536C65.d.70EFB185608871BBFB9695AA88C53874.e.1036"}]}
COMMAND: POST /session/a4fc5c54f0f91f02d9fe8ae370abe98a/element - {"using":"xpath","value":"//table[contains(@id, \"customPersonsAddressesTable-listUl\")]/tbody/tr[1]/td[10]/div/span"}
COMMAND: GET /session/a4fc5c54f0f91f02d9fe8ae370abe98a/screenshot - {}
RESULT: {}
RESULT: {"using":"xpath","value":"//table[contains(@id, \"customPersonsAddressesTable-listUl\")]/tbody/tr[1]/td[10]/div/span"}
COMMAND: POST /session/a4fc5c54f0f91f02d9fe8ae370abe98a/execute/sync - {"script":"<script> [56 bytes]","args":[{"element-6066-11e4-a52e-4f735466cecf":"f.7067A754552931941686B9F28D536C65.d.70EFB185608871BBFB9695AA88C53874.e.1037","ELEMENT":"f.7067A754552931941686B9F28D536C65.d.70EFB185608871BBFB9695AA88C53874.e.1037"}]}
RESULT: {}
RESULT: {"script":"<script> [56 bytes]","args":[{"element-6066-11e4-a52e-4f735466cecf":"f.7067A754552931941686B9F28D536C65.d.70EFB185608871BBFB9695AA88C53874.e.1037","ELEMENT":"f.7067A754552931941686B9F28D536C65.d.70EFB185608871BBFB9695AA88C53874.e.1037"}]}
COMMAND: POST /session/a4fc5c54f0f91f02d9fe8ae370abe98a/element - {"using":"xpath","value":"//table[contains(@id, \"customPersonsAddressesTable-listUl\")]/tbody/tr[1]/td[2]/div/div"}
COMMAND: GET /session/a4fc5c54f0f91f02d9fe8ae370abe98a/screenshot - {}
RESULT: {"using":"xpath","value":"//table[contains(@id, \"customPersonsAddressesTable-listUl\")]/tbody/tr[1]/td[2]/div/div"}
COMMAND: POST /session/a4fc5c54f0f91f02d9fe8ae370abe98a/element/f.7067A754552931941686B9F28D536C65.d.70EFB185608871BBFB9695AA88C53874.e.1038/click - {}
RESULT: {}
RESULT: {}
COMMAND: GET /session/a4fc5c54f0f91f02d9fe8ae370abe98a/screenshot - {}
RESULT: {}
COMMAND: POST /session/a4fc5c54f0f91f02d9fe8ae370abe98a/element - {"using":"xpath","value":"//bdi[contains(text(), \"Activate\")]"}
RESULT: {"using":"xpath","value":"//bdi[contains(text(), \"Activate\")]"}
COMMAND: POST /session/a4fc5c54f0f91f02d9fe8ae370abe98a/element/f.7067A754552931941686B9F28D536C65.d.70EFB185608871BBFB9695AA88C53874.e.1039/click - {}
RESULT: {}
COMMAND: GET /session/a4fc5c54f0f91f02d9fe8ae370abe98a/screenshot - {}
RESULT: {}
COMMAND: POST /session/a4fc5c54f0f91f02d9fe8ae370abe98a/element - {"using":"xpath","value":"//bdi[contains(text(), \"Yes\")]"}
RESULT: {"using":"xpath","value":"//bdi[contains(text(), \"Yes\")]"}
COMMAND: POST /session/a4fc5c54f0f91f02d9fe8ae370abe98a/element/f.7067A754552931941686B9F28D536C65.d.70EFB185608871BBFB9695AA88C53874.e.1041/click - {}
RESULT: {}
COMMAND: GET /session/a4fc5c54f0f91f02d9fe8ae370abe98a/screenshot - {}
RESULT: {}
COMMAND: POST /session/a4fc5c54f0f91f02d9fe8ae370abe98a/element - {"using":"xpath","value":"//table[contains(@id, \"customPersonsAddressesTable-listUl\")]/tbody/tr[1]/td[10]/div/span"}
RESULT: {"using":"xpath","value":"//table[contains(@id, \"customPersonsAddressesTable-listUl\")]/tbody/tr[1]/td[10]/div/span"}
COMMAND: POST /session/a4fc5c54f0f91f02d9fe8ae370abe98a/execute/sync - {"script":"<script> [56 bytes]","args":[{"element-6066-11e4-a52e-4f735466cecf":"f.7067A754552931941686B9F28D536C65.d.70EFB185608871BBFB9695AA88C53874.e.1037","ELEMENT":"f.7067A754552931941686B9F28D536C65.d.70EFB185608871BBFB9695AA88C53874.e.1037"}]}
RESULT: {"script":"<script> [56 bytes]","args":[{"element-6066-11e4-a52e-4f735466cecf":"f.7067A754552931941686B9F28D536C65.d.70EFB185608871BBFB9695AA88C53874.e.1037","ELEMENT":"f.7067A754552931941686B9F28D536C65.d.70EFB185608871BBFB9695AA88C53874.e.1037"}]}
COMMAND: GET /session/a4fc5c54f0f91f02d9fe8ae370abe98a/screenshot - {}
RESULT: {}
COMMAND: POST /session/a4fc5c54f0f91f02d9fe8ae370abe98a/element - {"using":"css selector","value":"#shell-header-logo"}
RESULT: {"using":"css selector","value":"#shell-header-logo"}
COMMAND: POST /session/a4fc5c54f0f91f02d9fe8ae370abe98a/element/f.7067A754552931941686B9F28D536C65.d.70EFB185608871BBFB9695AA88C53874.e.838/click - {}
RESULT: {}
COMMAND: GET /session/a4fc5c54f0f91f02d9fe8ae370abe98a/screenshot - {}
RESULT: {}
]]></system-out>
    </testcase>
    <testcase classname="chrome.136_0_7103_93.windows.Address_Management_Tests_US156181_US151165_US151160_US156180_US156178_US151157_US151172_US151170_US151166_US151168" name="Step 4 Should verify searches US156180 edit person and address US156178" time="80.52">
      <system-out><![CDATA[
RESULT: undefined
COMMAND: POST /session/a4fc5c54f0f91f02d9fe8ae370abe98a/element - {"using":"xpath","value":"//*[@id=\"__tile33\"]"}
RESULT: {"using":"xpath","value":"//*[@id=\"__tile33\"]"}
COMMAND: POST /session/a4fc5c54f0f91f02d9fe8ae370abe98a/element/f.7067A754552931941686B9F28D536C65.d.70EFB185608871BBFB9695AA88C53874.e.232/click - {}
RESULT: {}
COMMAND: GET /session/a4fc5c54f0f91f02d9fe8ae370abe98a/screenshot - {}
RESULT: {}
COMMAND: POST /session/a4fc5c54f0f91f02d9fe8ae370abe98a/elements - {"using":"xpath","value":"//span[text()='Error']"}
RESULT: {"using":"xpath","value":"//span[text()='Error']"}
COMMAND: POST /session/a4fc5c54f0f91f02d9fe8ae370abe98a/element - {"using":"xpath","value":"//button[@data-kt=\"addButton\"]"}
RESULT: {"using":"xpath","value":"//button[@data-kt=\"addButton\"]"}
COMMAND: POST /session/a4fc5c54f0f91f02d9fe8ae370abe98a/elements - {"using":"xpath","value":"//button[@data-kt=\"addButton\"]"}
RESULT: {"using":"xpath","value":"//button[@data-kt=\"addButton\"]"}
COMMAND: POST /session/a4fc5c54f0f91f02d9fe8ae370abe98a/execute/sync - {"script":"<script> [8489 bytes]","args":[{"element-6066-11e4-a52e-4f735466cecf":"f.7067A754552931941686B9F28D536C65.d.70EFB185608871BBFB9695AA88C53874.e.1110","ELEMENT":"f.7067A754552931941686B9F28D536C65.d.70EFB185608871BBFB9695AA88C53874.e.1110"}]}
RESULT: {"script":"<script> [8489 bytes]","args":[{"element-6066-11e4-a52e-4f735466cecf":"f.7067A754552931941686B9F28D536C65.d.70EFB185608871BBFB9695AA88C53874.e.1110","ELEMENT":"f.7067A754552931941686B9F28D536C65.d.70EFB185608871BBFB9695AA88C53874.e.1110"}]}
COMMAND: GET /session/a4fc5c54f0f91f02d9fe8ae370abe98a/element/f.7067A754552931941686B9F28D536C65.d.70EFB185608871BBFB9695AA88C53874.e.1110/enabled - {}
COMMAND: GET /session/a4fc5c54f0f91f02d9fe8ae370abe98a/screenshot - {}
RESULT: {}
COMMAND: POST /session/a4fc5c54f0f91f02d9fe8ae370abe98a/execute/sync - {"script":"<script> [8489 bytes]","args":[{"element-6066-11e4-a52e-4f735466cecf":"f.7067A754552931941686B9F28D536C65.d.70EFB185608871BBFB9695AA88C53874.e.1110","ELEMENT":"f.7067A754552931941686B9F28D536C65.d.70EFB185608871BBFB9695AA88C53874.e.1110"}]}
COMMAND: GET /session/a4fc5c54f0f91f02d9fe8ae370abe98a/screenshot - {}
RESULT: {}
RESULT: {"script":"<script> [8489 bytes]","args":[{"element-6066-11e4-a52e-4f735466cecf":"f.7067A754552931941686B9F28D536C65.d.70EFB185608871BBFB9695AA88C53874.e.1110","ELEMENT":"f.7067A754552931941686B9F28D536C65.d.70EFB185608871BBFB9695AA88C53874.e.1110"}]}
COMMAND: POST /session/a4fc5c54f0f91f02d9fe8ae370abe98a/execute/sync - {"script":"<script> [5351 bytes]","args":[{"element-6066-11e4-a52e-4f735466cecf":"f.7067A754552931941686B9F28D536C65.d.70EFB185608871BBFB9695AA88C53874.e.1110","ELEMENT":"f.7067A754552931941686B9F28D536C65.d.70EFB185608871BBFB9695AA88C53874.e.1110"}]}
COMMAND: GET /session/a4fc5c54f0f91f02d9fe8ae370abe98a/screenshot - {}
RESULT: {}
RESULT: {"script":"<script> [5351 bytes]","args":[{"element-6066-11e4-a52e-4f735466cecf":"f.7067A754552931941686B9F28D536C65.d.70EFB185608871BBFB9695AA88C53874.e.1110","ELEMENT":"f.7067A754552931941686B9F28D536C65.d.70EFB185608871BBFB9695AA88C53874.e.1110"}]}
COMMAND: GET /session/a4fc5c54f0f91f02d9fe8ae370abe98a/screenshot - {}
RESULT: {}
RESULT: {}
RESULT: undefined
COMMAND: POST /session/a4fc5c54f0f91f02d9fe8ae370abe98a/execute/async - {"script":"<script> [776 bytes]","args":[{"enterText":"J1VHEBq27A","selector":{"id":"application-addressmanagement-display-component---masterAdm--smartFilterBar-btnBasicSearch","interaction":{"idSuffix":"I"}},"clearTextFirst":true,"interactionType":"ENTER_TEXT"}]}
RESULT: {"script":"<script> [776 bytes]","args":[{"enterText":"J1VHEBq27A","selector":{"id":"application-addressmanagement-display-component---masterAdm--smartFilterBar-btnBasicSearch","interaction":{"idSuffix":"I"}},"clearTextFirst":true,"interactionType":"ENTER_TEXT"}]}
COMMAND: POST /session/a4fc5c54f0f91f02d9fe8ae370abe98a/actions - {"actions":[{"id":"action4","type":"key","parameters":{},"actions":[{"type":"keyDown","value":""},{"type":"pause","duration":10},{"type":"keyUp","value":""}]}]}
RESULT: {"actions":[{"id":"action4","type":"key","parameters":{},"actions":[{"type":"keyDown","value":""},{"type":"pause","duration":10},{"type":"keyUp","value":""}]}]}
COMMAND: GET /session/a4fc5c54f0f91f02d9fe8ae370abe98a/screenshot - {}
RESULT: {}
COMMAND: POST /session/a4fc5c54f0f91f02d9fe8ae370abe98a/elements - {"using":"xpath","value":"//table[contains(@id, \"customPersonsAddressesTable-listUl\")]/tbody/tr"}
RESULT: {"using":"xpath","value":"//table[contains(@id, \"customPersonsAddressesTable-listUl\")]/tbody/tr"}
COMMAND: POST /session/a4fc5c54f0f91f02d9fe8ae370abe98a/element - {"using":"xpath","value":"//table[contains(@id, \"customPersonsAddressesTable-listUl\")]/tbody/tr[1]/td[5]/span/span"}
RESULT: {"using":"xpath","value":"//table[contains(@id, \"customPersonsAddressesTable-listUl\")]/tbody/tr[1]/td[5]/span/span"}
COMMAND: POST /session/a4fc5c54f0f91f02d9fe8ae370abe98a/element - {"using":"xpath","value":"//table[contains(@id, \"customPersonsAddressesTable-listUl\")]/tbody/tr[1]/td[3]/span"}
RESULT: {"using":"xpath","value":"//table[contains(@id, \"customPersonsAddressesTable-listUl\")]/tbody/tr[1]/td[3]/span"}
COMMAND: POST /session/a4fc5c54f0f91f02d9fe8ae370abe98a/elements - {"using":"xpath","value":"//table[contains(@id, \"customPersonsAddressesTable-listUl\")]/tbody/tr[1]/td[5]/span/span"}
RESULT: {"using":"xpath","value":"//table[contains(@id, \"customPersonsAddressesTable-listUl\")]/tbody/tr[1]/td[5]/span/span"}
COMMAND: POST /session/a4fc5c54f0f91f02d9fe8ae370abe98a/execute/sync - {"script":"<script> [56 bytes]","args":[{"element-6066-11e4-a52e-4f735466cecf":"f.7067A754552931941686B9F28D536C65.d.70EFB185608871BBFB9695AA88C53874.e.1244","ELEMENT":"f.7067A754552931941686B9F28D536C65.d.70EFB185608871BBFB9695AA88C53874.e.1244"}]}
RESULT: {"script":"<script> [56 bytes]","args":[{"element-6066-11e4-a52e-4f735466cecf":"f.7067A754552931941686B9F28D536C65.d.70EFB185608871BBFB9695AA88C53874.e.1244","ELEMENT":"f.7067A754552931941686B9F28D536C65.d.70EFB185608871BBFB9695AA88C53874.e.1244"}]}
COMMAND: POST /session/a4fc5c54f0f91f02d9fe8ae370abe98a/execute/sync - {"script":"<script> [56 bytes]","args":[{"element-6066-11e4-a52e-4f735466cecf":"f.7067A754552931941686B9F28D536C65.d.70EFB185608871BBFB9695AA88C53874.e.1245","ELEMENT":"f.7067A754552931941686B9F28D536C65.d.70EFB185608871BBFB9695AA88C53874.e.1245"}]}
COMMAND: GET /session/a4fc5c54f0f91f02d9fe8ae370abe98a/screenshot - {}
RESULT: {"script":"<script> [56 bytes]","args":[{"element-6066-11e4-a52e-4f735466cecf":"f.7067A754552931941686B9F28D536C65.d.70EFB185608871BBFB9695AA88C53874.e.1245","ELEMENT":"f.7067A754552931941686B9F28D536C65.d.70EFB185608871BBFB9695AA88C53874.e.1245"}]}
COMMAND: POST /session/a4fc5c54f0f91f02d9fe8ae370abe98a/element - {"using":"xpath","value":"(//span[contains(@id, \"imgNav\")])[1]"}
COMMAND: GET /session/a4fc5c54f0f91f02d9fe8ae370abe98a/screenshot - {}
RESULT: {}
RESULT: {"using":"xpath","value":"(//span[contains(@id, \"imgNav\")])[1]"}
COMMAND: POST /session/a4fc5c54f0f91f02d9fe8ae370abe98a/element/f.7067A754552931941686B9F28D536C65.d.70EFB185608871BBFB9695AA88C53874.e.1242/click - {}
RESULT: {}
RESULT: {}
COMMAND: GET /session/a4fc5c54f0f91f02d9fe8ae370abe98a/screenshot - {}
RESULT: {}
COMMAND: POST /session/a4fc5c54f0f91f02d9fe8ae370abe98a/element - {"using":"xpath","value":"//bdi[contains(text(), \"Edit\")]"}
RESULT: {"using":"xpath","value":"//bdi[contains(text(), \"Edit\")]"}
COMMAND: POST /session/a4fc5c54f0f91f02d9fe8ae370abe98a/element/f.7067A754552931941686B9F28D536C65.d.70EFB185608871BBFB9695AA88C53874.e.1367/click - {}
RESULT: {}
COMMAND: GET /session/a4fc5c54f0f91f02d9fe8ae370abe98a/screenshot - {}
RESULT: {}
COMMAND: POST /session/a4fc5c54f0f91f02d9fe8ae370abe98a/execute/async - {"script":"<script> [1562 bytes]","args":[{"selector":{"controlType":"sap.ui.core.Icon","viewName":"etm.portal.ui.addressmanagement.view.EditDetail","properties":{"src":{"regex":{"source":"slim\\-arrow\\-down"}}},"ancestor":{"id":"addressTitle","viewName":"etm.portal.ui.addressmanagement.view.EditDetail"}},"wdio_ui5_key":"etmportal.ui.addressmanagement.view.EditDetailsap.ui.core.Icon{\"src\":{\"regex\":{\"source\":\"slim\\\\-arrow\\\\-down\"}}}{\"id\":\"addressTitle\",\"viewName\":\"etm.portal.ui.addressmanagement.view.EditDetail\"}"}]}
RESULT: {"script":"<script> [1562 bytes]","args":[{"selector":{"controlType":"sap.ui.core.Icon","viewName":"etm.portal.ui.addressmanagement.view.EditDetail","properties":{"src":{"regex":{"source":"slim\\-arrow\\-down"}}},"ancestor":{"id":"addressTitle","viewName":"etm.portal.ui.addressmanagement.view.EditDetail"}},"wdio_ui5_key":"etmportal.ui.addressmanagement.view.EditDetailsap.ui.core.Icon{\"src\":{\"regex\":{\"source\":\"slim\\\\-arrow\\\\-down\"}}}{\"id\":\"addressTitle\",\"viewName\":\"etm.portal.ui.addressmanagement.view.EditDetail\"}"}]}
RESULT: undefined
COMMAND: POST /session/a4fc5c54f0f91f02d9fe8ae370abe98a/element - {"using":"xpath","value":"//*[@id=\"__xmlview59--addressTitle-arrow\"]"}
RESULT: {"using":"xpath","value":"//*[@id=\"__xmlview59--addressTitle-arrow\"]"}
COMMAND: POST /session/a4fc5c54f0f91f02d9fe8ae370abe98a/element/f.7067A754552931941686B9F28D536C65.d.70EFB185608871BBFB9695AA88C53874.e.1403/click - {}
RESULT: {}
COMMAND: GET /session/a4fc5c54f0f91f02d9fe8ae370abe98a/screenshot - {}
RESULT: {}
COMMAND: POST /session/a4fc5c54f0f91f02d9fe8ae370abe98a/element - {"using":"xpath","value":"//li[.//span[text()=\"Mr.\"]]"}
RESULT: {"using":"xpath","value":"//li[.//span[text()=\"Mr.\"]]"}
COMMAND: POST /session/a4fc5c54f0f91f02d9fe8ae370abe98a/element/f.7067A754552931941686B9F28D536C65.d.70EFB185608871BBFB9695AA88C53874.e.1405/click - {}
RESULT: {}
COMMAND: GET /session/a4fc5c54f0f91f02d9fe8ae370abe98a/screenshot - {}
RESULT: {}
COMMAND: POST /session/a4fc5c54f0f91f02d9fe8ae370abe98a/execute/async - {"script":"<script> [1562 bytes]","args":[{"selector":{"controlType":"sap.m.Input","viewName":"etm.portal.ui.addressmanagement.view.EditDetail","labelFor":{"text":"Last Name"},"interaction":{"idSuffix":"inner"}},"wdio_ui5_key":"etmportal.ui.addressmanagement.view.EditDetailsap.m.Input{\"text\":\"Last Name\"}"}]}
RESULT: {"script":"<script> [1562 bytes]","args":[{"selector":{"controlType":"sap.m.Input","viewName":"etm.portal.ui.addressmanagement.view.EditDetail","labelFor":{"text":"Last Name"},"interaction":{"idSuffix":"inner"}},"wdio_ui5_key":"etmportal.ui.addressmanagement.view.EditDetailsap.m.Input{\"text\":\"Last Name\"}"}]}
RESULT: undefined
COMMAND: POST /session/a4fc5c54f0f91f02d9fe8ae370abe98a/execute/async - {"script":"<script> [776 bytes]","args":[{"enterText":"EDIT John Cena","selector":{"controlType":"sap.m.Input","viewName":"etm.portal.ui.addressmanagement.view.EditDetail","labelFor":{"text":"Last Name"},"interaction":{"idSuffix":"inner"}},"clearTextFirst":true,"interactionType":"ENTER_TEXT"}]}
RESULT: {"script":"<script> [776 bytes]","args":[{"enterText":"EDIT John Cena","selector":{"controlType":"sap.m.Input","viewName":"etm.portal.ui.addressmanagement.view.EditDetail","labelFor":{"text":"Last Name"},"interaction":{"idSuffix":"inner"}},"clearTextFirst":true,"interactionType":"ENTER_TEXT"}]}
COMMAND: POST /session/a4fc5c54f0f91f02d9fe8ae370abe98a/execute/async - {"script":"<script> [1562 bytes]","args":[{"selector":{"controlType":"sap.ui.core.Icon","viewName":"etm.portal.ui.addressmanagement.view.EditDetail","properties":{"src":{"regex":{"source":"slim\\-arrow\\-down"}}},"ancestor":{"id":"addressDetailDetailsLanguage","viewName":"etm.portal.ui.addressmanagement.view.EditDetail"}},"wdio_ui5_key":"etmportal.ui.addressmanagement.view.EditDetailsap.ui.core.Icon{\"src\":{\"regex\":{\"source\":\"slim\\\\-arrow\\\\-down\"}}}{\"id\":\"addressDetailDetailsLanguage\",\"viewName\":\"etm.portal.ui.addressmanagement.view.EditDetail\"}"}]}
RESULT: {"script":"<script> [1562 bytes]","args":[{"selector":{"controlType":"sap.ui.core.Icon","viewName":"etm.portal.ui.addressmanagement.view.EditDetail","properties":{"src":{"regex":{"source":"slim\\-arrow\\-down"}}},"ancestor":{"id":"addressDetailDetailsLanguage","viewName":"etm.portal.ui.addressmanagement.view.EditDetail"}},"wdio_ui5_key":"etmportal.ui.addressmanagement.view.EditDetailsap.ui.core.Icon{\"src\":{\"regex\":{\"source\":\"slim\\\\-arrow\\\\-down\"}}}{\"id\":\"addressDetailDetailsLanguage\",\"viewName\":\"etm.portal.ui.addressmanagement.view.EditDetail\"}"}]}
RESULT: undefined
COMMAND: POST /session/a4fc5c54f0f91f02d9fe8ae370abe98a/element - {"using":"xpath","value":"//*[@id=\"__xmlview59--addressDetailDetailsLanguage-arrow\"]"}
RESULT: {"using":"xpath","value":"//*[@id=\"__xmlview59--addressDetailDetailsLanguage-arrow\"]"}
COMMAND: POST /session/a4fc5c54f0f91f02d9fe8ae370abe98a/element/f.7067A754552931941686B9F28D536C65.d.70EFB185608871BBFB9695AA88C53874.e.1408/click - {}
RESULT: {}
COMMAND: GET /session/a4fc5c54f0f91f02d9fe8ae370abe98a/screenshot - {}
RESULT: {}
COMMAND: POST /session/a4fc5c54f0f91f02d9fe8ae370abe98a/element - {"using":"xpath","value":"//span[contains(text(), \"Bulgarian\")]"}
RESULT: {"using":"xpath","value":"//span[contains(text(), \"Bulgarian\")]"}
COMMAND: POST /session/a4fc5c54f0f91f02d9fe8ae370abe98a/element/f.7067A754552931941686B9F28D536C65.d.70EFB185608871BBFB9695AA88C53874.e.1409/click - {}
RESULT: {}
COMMAND: GET /session/a4fc5c54f0f91f02d9fe8ae370abe98a/screenshot - {}
RESULT: {}
COMMAND: POST /session/a4fc5c54f0f91f02d9fe8ae370abe98a/execute/async - {"script":"<script> [1562 bytes]","args":[{"selector":{"controlType":"sap.m.Input","viewName":"etm.portal.ui.addressmanagement.view.EditDetail","labelFor":{"text":"ZIP/Postal code"},"interaction":{"idSuffix":"inner"}},"wdio_ui5_key":"etmportal.ui.addressmanagement.view.EditDetailsap.m.Input{\"text\":\"ZIP/Postal code\"}"}]}
RESULT: {"script":"<script> [1562 bytes]","args":[{"selector":{"controlType":"sap.m.Input","viewName":"etm.portal.ui.addressmanagement.view.EditDetail","labelFor":{"text":"ZIP/Postal code"},"interaction":{"idSuffix":"inner"}},"wdio_ui5_key":"etmportal.ui.addressmanagement.view.EditDetailsap.m.Input{\"text\":\"ZIP/Postal code\"}"}]}
RESULT: undefined
COMMAND: POST /session/a4fc5c54f0f91f02d9fe8ae370abe98a/execute/async - {"script":"<script> [776 bytes]","args":[{"enterText":"500292","selector":{"controlType":"sap.m.Input","viewName":"etm.portal.ui.addressmanagement.view.EditDetail","labelFor":{"text":"ZIP/Postal code"},"interaction":{"idSuffix":"inner"}},"clearTextFirst":true,"interactionType":"ENTER_TEXT"}]}
RESULT: {"script":"<script> [776 bytes]","args":[{"enterText":"500292","selector":{"controlType":"sap.m.Input","viewName":"etm.portal.ui.addressmanagement.view.EditDetail","labelFor":{"text":"ZIP/Postal code"},"interaction":{"idSuffix":"inner"}},"clearTextFirst":true,"interactionType":"ENTER_TEXT"}]}
COMMAND: POST /session/a4fc5c54f0f91f02d9fe8ae370abe98a/execute/async - {"script":"<script> [1562 bytes]","args":[{"selector":{"id":"addressDetailContactsEmail","viewName":"etm.portal.ui.addressmanagement.view.EditDetail","interaction":{"idSuffix":"inner"}},"wdio_ui5_key":"addressDetailContactsEmailetmportal.ui.addressmanagement.view.EditDetail"}]}
RESULT: {"script":"<script> [1562 bytes]","args":[{"selector":{"id":"addressDetailContactsEmail","viewName":"etm.portal.ui.addressmanagement.view.EditDetail","interaction":{"idSuffix":"inner"}},"wdio_ui5_key":"addressDetailContactsEmailetmportal.ui.addressmanagement.view.EditDetail"}]}
RESULT: undefined
COMMAND: POST /session/a4fc5c54f0f91f02d9fe8ae370abe98a/execute/async - {"script":"<script> [776 bytes]","args":[{"enterText":"webdriverrules@emailfake.com","selector":{"id":"addressDetailContactsEmail","viewName":"etm.portal.ui.addressmanagement.view.EditDetail","interaction":{"idSuffix":"inner"}},"clearTextFirst":true,"interactionType":"ENTER_TEXT"}]}
RESULT: {"script":"<script> [776 bytes]","args":[{"enterText":"webdriverrules@emailfake.com","selector":{"id":"addressDetailContactsEmail","viewName":"etm.portal.ui.addressmanagement.view.EditDetail","interaction":{"idSuffix":"inner"}},"clearTextFirst":true,"interactionType":"ENTER_TEXT"}]}
COMMAND: POST /session/a4fc5c54f0f91f02d9fe8ae370abe98a/execute/async - {"script":"<script> [1562 bytes]","args":[{"selector":{"id":"addressUserJobTitle","viewName":"etm.portal.ui.addressmanagement.view.EditDetail","interaction":{"idSuffix":"inner"}},"wdio_ui5_key":"addressUserJobTitleetmportal.ui.addressmanagement.view.EditDetail"}]}
RESULT: {"script":"<script> [1562 bytes]","args":[{"selector":{"id":"addressUserJobTitle","viewName":"etm.portal.ui.addressmanagement.view.EditDetail","interaction":{"idSuffix":"inner"}},"wdio_ui5_key":"addressUserJobTitleetmportal.ui.addressmanagement.view.EditDetail"}]}
RESULT: undefined
COMMAND: POST /session/a4fc5c54f0f91f02d9fe8ae370abe98a/execute/async - {"script":"<script> [776 bytes]","args":[{"enterText":"director","selector":{"id":"addressUserJobTitle","viewName":"etm.portal.ui.addressmanagement.view.EditDetail","interaction":{"idSuffix":"inner"}},"clearTextFirst":true,"interactionType":"ENTER_TEXT"}]}
RESULT: {"script":"<script> [776 bytes]","args":[{"enterText":"director","selector":{"id":"addressUserJobTitle","viewName":"etm.portal.ui.addressmanagement.view.EditDetail","interaction":{"idSuffix":"inner"}},"clearTextFirst":true,"interactionType":"ENTER_TEXT"}]}
COMMAND: POST /session/a4fc5c54f0f91f02d9fe8ae370abe98a/execute/async - {"script":"<script> [1562 bytes]","args":[{"selector":{"id":"tagMultiInput","viewName":"etm.portal.ui.addressmanagement.view.EditDetail","interaction":{"idSuffix":"inner"}},"wdio_ui5_key":"tagMultiInputetmportal.ui.addressmanagement.view.EditDetail"}]}
RESULT: {"script":"<script> [1562 bytes]","args":[{"selector":{"id":"tagMultiInput","viewName":"etm.portal.ui.addressmanagement.view.EditDetail","interaction":{"idSuffix":"inner"}},"wdio_ui5_key":"tagMultiInputetmportal.ui.addressmanagement.view.EditDetail"}]}
RESULT: undefined
COMMAND: POST /session/a4fc5c54f0f91f02d9fe8ae370abe98a/execute/async - {"script":"<script> [776 bytes]","args":[{"enterText":"testyTag1","selector":{"id":"tagMultiInput","viewName":"etm.portal.ui.addressmanagement.view.EditDetail","interaction":{"idSuffix":"inner"}},"clearTextFirst":true,"interactionType":"ENTER_TEXT"}]}
RESULT: {"script":"<script> [776 bytes]","args":[{"enterText":"testyTag1","selector":{"id":"tagMultiInput","viewName":"etm.portal.ui.addressmanagement.view.EditDetail","interaction":{"idSuffix":"inner"}},"clearTextFirst":true,"interactionType":"ENTER_TEXT"}]}
COMMAND: POST /session/a4fc5c54f0f91f02d9fe8ae370abe98a/actions - {"actions":[{"id":"action5","type":"key","parameters":{},"actions":[{"type":"keyDown","value":""},{"type":"pause","duration":10},{"type":"keyUp","value":""}]}]}
RESULT: {"actions":[{"id":"action5","type":"key","parameters":{},"actions":[{"type":"keyDown","value":""},{"type":"pause","duration":10},{"type":"keyUp","value":""}]}]}
COMMAND: GET /session/a4fc5c54f0f91f02d9fe8ae370abe98a/screenshot - {}
RESULT: {}
RESULT: undefined
COMMAND: POST /session/a4fc5c54f0f91f02d9fe8ae370abe98a/execute/async - {"script":"<script> [776 bytes]","args":[{"enterText":"taggyTag2","selector":{"id":"tagMultiInput","viewName":"etm.portal.ui.addressmanagement.view.EditDetail","interaction":{"idSuffix":"inner"}},"clearTextFirst":true,"interactionType":"ENTER_TEXT"}]}
RESULT: {"script":"<script> [776 bytes]","args":[{"enterText":"taggyTag2","selector":{"id":"tagMultiInput","viewName":"etm.portal.ui.addressmanagement.view.EditDetail","interaction":{"idSuffix":"inner"}},"clearTextFirst":true,"interactionType":"ENTER_TEXT"}]}
COMMAND: POST /session/a4fc5c54f0f91f02d9fe8ae370abe98a/actions - {"actions":[{"id":"action6","type":"key","parameters":{},"actions":[{"type":"keyDown","value":""},{"type":"pause","duration":10},{"type":"keyUp","value":""}]}]}
RESULT: {"actions":[{"id":"action6","type":"key","parameters":{},"actions":[{"type":"keyDown","value":""},{"type":"pause","duration":10},{"type":"keyUp","value":""}]}]}
COMMAND: GET /session/a4fc5c54f0f91f02d9fe8ae370abe98a/screenshot - {}
RESULT: {}
COMMAND: POST /session/a4fc5c54f0f91f02d9fe8ae370abe98a/element - {"using":"xpath","value":"//button[@data-kt=\"saveButton\"]"}
RESULT: {"using":"xpath","value":"//button[@data-kt=\"saveButton\"]"}
COMMAND: POST /session/a4fc5c54f0f91f02d9fe8ae370abe98a/element/f.7067A754552931941686B9F28D536C65.d.70EFB185608871BBFB9695AA88C53874.e.1415/click - {}
RESULT: {}
COMMAND: GET /session/a4fc5c54f0f91f02d9fe8ae370abe98a/screenshot - {}
RESULT: {}
COMMAND: POST /session/a4fc5c54f0f91f02d9fe8ae370abe98a/element - {"using":"xpath","value":"//span[@id=\"application-addressmanagement-display-component---detailAdm--addressTitle\"]"}
RESULT: {"using":"xpath","value":"//span[@id=\"application-addressmanagement-display-component---detailAdm--addressTitle\"]"}
COMMAND: POST /session/a4fc5c54f0f91f02d9fe8ae370abe98a/elements - {"using":"xpath","value":"//span[@id=\"application-addressmanagement-display-component---detailAdm--addressTitle\"]"}
RESULT: {"using":"xpath","value":"//span[@id=\"application-addressmanagement-display-component---detailAdm--addressTitle\"]"}
COMMAND: POST /session/a4fc5c54f0f91f02d9fe8ae370abe98a/execute/sync - {"script":"<script> [56 bytes]","args":[{"element-6066-11e4-a52e-4f735466cecf":"f.7067A754552931941686B9F28D536C65.d.70EFB185608871BBFB9695AA88C53874.e.1431","ELEMENT":"f.7067A754552931941686B9F28D536C65.d.70EFB185608871BBFB9695AA88C53874.e.1431"}]}
RESULT: {"script":"<script> [56 bytes]","args":[{"element-6066-11e4-a52e-4f735466cecf":"f.7067A754552931941686B9F28D536C65.d.70EFB185608871BBFB9695AA88C53874.e.1431","ELEMENT":"f.7067A754552931941686B9F28D536C65.d.70EFB185608871BBFB9695AA88C53874.e.1431"}]}
COMMAND: POST /session/a4fc5c54f0f91f02d9fe8ae370abe98a/element - {"using":"xpath","value":"//span[@id=\"application-addressmanagement-display-component---detailAdm--addressDetailDetailsName2\"]"}
COMMAND: GET /session/a4fc5c54f0f91f02d9fe8ae370abe98a/screenshot - {}
RESULT: {"using":"xpath","value":"//span[@id=\"application-addressmanagement-display-component---detailAdm--addressDetailDetailsName2\"]"}
COMMAND: POST /session/a4fc5c54f0f91f02d9fe8ae370abe98a/elements - {"using":"xpath","value":"//span[@id=\"application-addressmanagement-display-component---detailAdm--addressDetailDetailsName2\"]"}
RESULT: {}
RESULT: {"using":"xpath","value":"//span[@id=\"application-addressmanagement-display-component---detailAdm--addressDetailDetailsName2\"]"}
COMMAND: POST /session/a4fc5c54f0f91f02d9fe8ae370abe98a/execute/sync - {"script":"<script> [56 bytes]","args":[{"element-6066-11e4-a52e-4f735466cecf":"f.7067A754552931941686B9F28D536C65.d.70EFB185608871BBFB9695AA88C53874.e.1432","ELEMENT":"f.7067A754552931941686B9F28D536C65.d.70EFB185608871BBFB9695AA88C53874.e.1432"}]}
RESULT: {"script":"<script> [56 bytes]","args":[{"element-6066-11e4-a52e-4f735466cecf":"f.7067A754552931941686B9F28D536C65.d.70EFB185608871BBFB9695AA88C53874.e.1432","ELEMENT":"f.7067A754552931941686B9F28D536C65.d.70EFB185608871BBFB9695AA88C53874.e.1432"}]}
COMMAND: POST /session/a4fc5c54f0f91f02d9fe8ae370abe98a/element - {"using":"xpath","value":"//span[@id=\"application-addressmanagement-display-component---detailAdm--addressDetailDetailsLanguage\"]"}
COMMAND: GET /session/a4fc5c54f0f91f02d9fe8ae370abe98a/screenshot - {}
RESULT: {"using":"xpath","value":"//span[@id=\"application-addressmanagement-display-component---detailAdm--addressDetailDetailsLanguage\"]"}
COMMAND: POST /session/a4fc5c54f0f91f02d9fe8ae370abe98a/elements - {"using":"xpath","value":"//span[@id=\"application-addressmanagement-display-component---detailAdm--addressDetailDetailsLanguage\"]"}
RESULT: {}
RESULT: {"using":"xpath","value":"//span[@id=\"application-addressmanagement-display-component---detailAdm--addressDetailDetailsLanguage\"]"}
COMMAND: POST /session/a4fc5c54f0f91f02d9fe8ae370abe98a/execute/sync - {"script":"<script> [56 bytes]","args":[{"element-6066-11e4-a52e-4f735466cecf":"f.7067A754552931941686B9F28D536C65.d.70EFB185608871BBFB9695AA88C53874.e.1433","ELEMENT":"f.7067A754552931941686B9F28D536C65.d.70EFB185608871BBFB9695AA88C53874.e.1433"}]}
RESULT: {"script":"<script> [56 bytes]","args":[{"element-6066-11e4-a52e-4f735466cecf":"f.7067A754552931941686B9F28D536C65.d.70EFB185608871BBFB9695AA88C53874.e.1433","ELEMENT":"f.7067A754552931941686B9F28D536C65.d.70EFB185608871BBFB9695AA88C53874.e.1433"}]}
COMMAND: POST /session/a4fc5c54f0f91f02d9fe8ae370abe98a/element - {"using":"xpath","value":"//span[@id=\"application-addressmanagement-display-component---detailAdm--addressDetailDetailsZip1\"]"}
COMMAND: GET /session/a4fc5c54f0f91f02d9fe8ae370abe98a/screenshot - {}
RESULT: {}
RESULT: {"using":"xpath","value":"//span[@id=\"application-addressmanagement-display-component---detailAdm--addressDetailDetailsZip1\"]"}
COMMAND: POST /session/a4fc5c54f0f91f02d9fe8ae370abe98a/elements - {"using":"xpath","value":"//span[@id=\"application-addressmanagement-display-component---detailAdm--addressDetailDetailsZip1\"]"}
RESULT: {"using":"xpath","value":"//span[@id=\"application-addressmanagement-display-component---detailAdm--addressDetailDetailsZip1\"]"}
COMMAND: POST /session/a4fc5c54f0f91f02d9fe8ae370abe98a/execute/sync - {"script":"<script> [56 bytes]","args":[{"element-6066-11e4-a52e-4f735466cecf":"f.7067A754552931941686B9F28D536C65.d.70EFB185608871BBFB9695AA88C53874.e.1434","ELEMENT":"f.7067A754552931941686B9F28D536C65.d.70EFB185608871BBFB9695AA88C53874.e.1434"}]}
RESULT: {"script":"<script> [56 bytes]","args":[{"element-6066-11e4-a52e-4f735466cecf":"f.7067A754552931941686B9F28D536C65.d.70EFB185608871BBFB9695AA88C53874.e.1434","ELEMENT":"f.7067A754552931941686B9F28D536C65.d.70EFB185608871BBFB9695AA88C53874.e.1434"}]}
COMMAND: POST /session/a4fc5c54f0f91f02d9fe8ae370abe98a/element - {"using":"xpath","value":"//span[@id=\"application-addressmanagement-display-component---detailAdm--addressDetailContactsEmail\"]"}
COMMAND: GET /session/a4fc5c54f0f91f02d9fe8ae370abe98a/screenshot - {}
RESULT: {"using":"xpath","value":"//span[@id=\"application-addressmanagement-display-component---detailAdm--addressDetailContactsEmail\"]"}
COMMAND: POST /session/a4fc5c54f0f91f02d9fe8ae370abe98a/elements - {"using":"xpath","value":"//span[@id=\"application-addressmanagement-display-component---detailAdm--addressDetailContactsEmail\"]"}
RESULT: {}
RESULT: {"using":"xpath","value":"//span[@id=\"application-addressmanagement-display-component---detailAdm--addressDetailContactsEmail\"]"}
COMMAND: POST /session/a4fc5c54f0f91f02d9fe8ae370abe98a/execute/sync - {"script":"<script> [56 bytes]","args":[{"element-6066-11e4-a52e-4f735466cecf":"f.7067A754552931941686B9F28D536C65.d.70EFB185608871BBFB9695AA88C53874.e.1435","ELEMENT":"f.7067A754552931941686B9F28D536C65.d.70EFB185608871BBFB9695AA88C53874.e.1435"}]}
RESULT: {"script":"<script> [56 bytes]","args":[{"element-6066-11e4-a52e-4f735466cecf":"f.7067A754552931941686B9F28D536C65.d.70EFB185608871BBFB9695AA88C53874.e.1435","ELEMENT":"f.7067A754552931941686B9F28D536C65.d.70EFB185608871BBFB9695AA88C53874.e.1435"}]}
COMMAND: POST /session/a4fc5c54f0f91f02d9fe8ae370abe98a/element - {"using":"xpath","value":"//span[@id=\"application-addressmanagement-display-component---detailAdm--addressUserJobTitle\"]"}
COMMAND: GET /session/a4fc5c54f0f91f02d9fe8ae370abe98a/screenshot - {}
RESULT: {"using":"xpath","value":"//span[@id=\"application-addressmanagement-display-component---detailAdm--addressUserJobTitle\"]"}
COMMAND: POST /session/a4fc5c54f0f91f02d9fe8ae370abe98a/elements - {"using":"xpath","value":"//span[@id=\"application-addressmanagement-display-component---detailAdm--addressUserJobTitle\"]"}
RESULT: {}
RESULT: {"using":"xpath","value":"//span[@id=\"application-addressmanagement-display-component---detailAdm--addressUserJobTitle\"]"}
COMMAND: POST /session/a4fc5c54f0f91f02d9fe8ae370abe98a/execute/sync - {"script":"<script> [56 bytes]","args":[{"element-6066-11e4-a52e-4f735466cecf":"f.7067A754552931941686B9F28D536C65.d.70EFB185608871BBFB9695AA88C53874.e.1436","ELEMENT":"f.7067A754552931941686B9F28D536C65.d.70EFB185608871BBFB9695AA88C53874.e.1436"}]}
RESULT: {"script":"<script> [56 bytes]","args":[{"element-6066-11e4-a52e-4f735466cecf":"f.7067A754552931941686B9F28D536C65.d.70EFB185608871BBFB9695AA88C53874.e.1436","ELEMENT":"f.7067A754552931941686B9F28D536C65.d.70EFB185608871BBFB9695AA88C53874.e.1436"}]}
COMMAND: POST /session/a4fc5c54f0f91f02d9fe8ae370abe98a/element - {"using":"xpath","value":"//span[contains(@class, \"sapMTokenText\") and text()=\"testyTag1\"]"}
COMMAND: GET /session/a4fc5c54f0f91f02d9fe8ae370abe98a/screenshot - {}
RESULT: {"using":"xpath","value":"//span[contains(@class, \"sapMTokenText\") and text()=\"testyTag1\"]"}
COMMAND: POST /session/a4fc5c54f0f91f02d9fe8ae370abe98a/element - {"using":"xpath","value":"//span[contains(@class, \"sapMTokenText\") and text()=\"taggyTag2\"]"}
RESULT: {}
RESULT: {"using":"xpath","value":"//span[contains(@class, \"sapMTokenText\") and text()=\"taggyTag2\"]"}
COMMAND: POST /session/a4fc5c54f0f91f02d9fe8ae370abe98a/elements - {"using":"xpath","value":"//span[contains(@class, \"sapMTokenText\") and text()=\"testyTag1\"]"}
RESULT: {"using":"xpath","value":"//span[contains(@class, \"sapMTokenText\") and text()=\"testyTag1\"]"}
COMMAND: POST /session/a4fc5c54f0f91f02d9fe8ae370abe98a/elements - {"using":"xpath","value":"//span[contains(@class, \"sapMTokenText\") and text()=\"taggyTag2\"]"}
RESULT: {"using":"xpath","value":"//span[contains(@class, \"sapMTokenText\") and text()=\"taggyTag2\"]"}
COMMAND: POST /session/a4fc5c54f0f91f02d9fe8ae370abe98a/element - {"using":"css selector","value":"#shell-header-logo"}
RESULT: {"using":"css selector","value":"#shell-header-logo"}
COMMAND: POST /session/a4fc5c54f0f91f02d9fe8ae370abe98a/element/f.7067A754552931941686B9F28D536C65.d.70EFB185608871BBFB9695AA88C53874.e.1048/click - {}
RESULT: {}
COMMAND: GET /session/a4fc5c54f0f91f02d9fe8ae370abe98a/screenshot - {}
RESULT: {}
]]></system-out>
    </testcase>
    <testcase classname="chrome.136_0_7103_93.windows.Address_Management_Tests_US156181_US151165_US151160_US156180_US156178_US151157_US151172_US151170_US151166_US151168" name="Step 5 Should verify searches US156180 verify filters US151157" time="99.303">
      <system-out><![CDATA[
RESULT: undefined
COMMAND: POST /session/a4fc5c54f0f91f02d9fe8ae370abe98a/element - {"using":"xpath","value":"//*[@id=\"__tile33\"]"}
RESULT: {"using":"xpath","value":"//*[@id=\"__tile33\"]"}
COMMAND: POST /session/a4fc5c54f0f91f02d9fe8ae370abe98a/element/f.7067A754552931941686B9F28D536C65.d.70EFB185608871BBFB9695AA88C53874.e.232/click - {}
RESULT: {}
COMMAND: GET /session/a4fc5c54f0f91f02d9fe8ae370abe98a/screenshot - {}
RESULT: {}
COMMAND: POST /session/a4fc5c54f0f91f02d9fe8ae370abe98a/elements - {"using":"xpath","value":"//span[text()='Error']"}
RESULT: {"using":"xpath","value":"//span[text()='Error']"}
COMMAND: POST /session/a4fc5c54f0f91f02d9fe8ae370abe98a/element - {"using":"xpath","value":"//button[@data-kt=\"addButton\"]"}
RESULT: {"using":"xpath","value":"//button[@data-kt=\"addButton\"]"}
COMMAND: POST /session/a4fc5c54f0f91f02d9fe8ae370abe98a/elements - {"using":"xpath","value":"//button[@data-kt=\"addButton\"]"}
RESULT: {"using":"xpath","value":"//button[@data-kt=\"addButton\"]"}
COMMAND: POST /session/a4fc5c54f0f91f02d9fe8ae370abe98a/execute/sync - {"script":"<script> [8489 bytes]","args":[{"element-6066-11e4-a52e-4f735466cecf":"f.7067A754552931941686B9F28D536C65.d.70EFB185608871BBFB9695AA88C53874.e.1500","ELEMENT":"f.7067A754552931941686B9F28D536C65.d.70EFB185608871BBFB9695AA88C53874.e.1500"}]}
RESULT: {"script":"<script> [8489 bytes]","args":[{"element-6066-11e4-a52e-4f735466cecf":"f.7067A754552931941686B9F28D536C65.d.70EFB185608871BBFB9695AA88C53874.e.1500","ELEMENT":"f.7067A754552931941686B9F28D536C65.d.70EFB185608871BBFB9695AA88C53874.e.1500"}]}
COMMAND: GET /session/a4fc5c54f0f91f02d9fe8ae370abe98a/element/f.7067A754552931941686B9F28D536C65.d.70EFB185608871BBFB9695AA88C53874.e.1500/enabled - {}
COMMAND: GET /session/a4fc5c54f0f91f02d9fe8ae370abe98a/screenshot - {}
RESULT: {}
COMMAND: POST /session/a4fc5c54f0f91f02d9fe8ae370abe98a/execute/sync - {"script":"<script> [8489 bytes]","args":[{"element-6066-11e4-a52e-4f735466cecf":"f.7067A754552931941686B9F28D536C65.d.70EFB185608871BBFB9695AA88C53874.e.1500","ELEMENT":"f.7067A754552931941686B9F28D536C65.d.70EFB185608871BBFB9695AA88C53874.e.1500"}]}
COMMAND: GET /session/a4fc5c54f0f91f02d9fe8ae370abe98a/screenshot - {}
RESULT: {}
RESULT: {"script":"<script> [8489 bytes]","args":[{"element-6066-11e4-a52e-4f735466cecf":"f.7067A754552931941686B9F28D536C65.d.70EFB185608871BBFB9695AA88C53874.e.1500","ELEMENT":"f.7067A754552931941686B9F28D536C65.d.70EFB185608871BBFB9695AA88C53874.e.1500"}]}
COMMAND: POST /session/a4fc5c54f0f91f02d9fe8ae370abe98a/execute/sync - {"script":"<script> [5351 bytes]","args":[{"element-6066-11e4-a52e-4f735466cecf":"f.7067A754552931941686B9F28D536C65.d.70EFB185608871BBFB9695AA88C53874.e.1500","ELEMENT":"f.7067A754552931941686B9F28D536C65.d.70EFB185608871BBFB9695AA88C53874.e.1500"}]}
COMMAND: GET /session/a4fc5c54f0f91f02d9fe8ae370abe98a/screenshot - {}
RESULT: {}
RESULT: {"script":"<script> [5351 bytes]","args":[{"element-6066-11e4-a52e-4f735466cecf":"f.7067A754552931941686B9F28D536C65.d.70EFB185608871BBFB9695AA88C53874.e.1500","ELEMENT":"f.7067A754552931941686B9F28D536C65.d.70EFB185608871BBFB9695AA88C53874.e.1500"}]}
COMMAND: GET /session/a4fc5c54f0f91f02d9fe8ae370abe98a/screenshot - {}
RESULT: {}
RESULT: {}
COMMAND: POST /session/a4fc5c54f0f91f02d9fe8ae370abe98a/element - {"using":"xpath","value":"//span[@id=\"application-addressmanagement-display-component---masterAdm--smartTable-header-inner\"]"}
RESULT: {"using":"xpath","value":"//span[@id=\"application-addressmanagement-display-component---masterAdm--smartTable-header-inner\"]"}
COMMAND: POST /session/a4fc5c54f0f91f02d9fe8ae370abe98a/elements - {"using":"xpath","value":"//span[@id=\"application-addressmanagement-display-component---masterAdm--smartTable-header-inner\"]"}
RESULT: {"using":"xpath","value":"//span[@id=\"application-addressmanagement-display-component---masterAdm--smartTable-header-inner\"]"}
COMMAND: POST /session/a4fc5c54f0f91f02d9fe8ae370abe98a/execute/sync - {"script":"<script> [56 bytes]","args":[{"element-6066-11e4-a52e-4f735466cecf":"f.7067A754552931941686B9F28D536C65.d.70EFB185608871BBFB9695AA88C53874.e.1630","ELEMENT":"f.7067A754552931941686B9F28D536C65.d.70EFB185608871BBFB9695AA88C53874.e.1630"}]}
RESULT: {"script":"<script> [56 bytes]","args":[{"element-6066-11e4-a52e-4f735466cecf":"f.7067A754552931941686B9F28D536C65.d.70EFB185608871BBFB9695AA88C53874.e.1630","ELEMENT":"f.7067A754552931941686B9F28D536C65.d.70EFB185608871BBFB9695AA88C53874.e.1630"}]}
COMMAND: POST /session/a4fc5c54f0f91f02d9fe8ae370abe98a/execute/async - {"script":"<script> [1562 bytes]","args":[{"selector":{"id":"application-addressmanagement-display-component---masterAdm--smartFilterBar-filterItemControl_BASIC-COUNTRY-vhi"},"wdio_ui5_key":"applicationaddressmanagement-display-component---masterAdm--smartFilterBar-filterItemControl_BASIC-COUNTRY-vhi"}]}
COMMAND: GET /session/a4fc5c54f0f91f02d9fe8ae370abe98a/screenshot - {}
RESULT: {"script":"<script> [1562 bytes]","args":[{"selector":{"id":"application-addressmanagement-display-component---masterAdm--smartFilterBar-filterItemControl_BASIC-COUNTRY-vhi"},"wdio_ui5_key":"applicationaddressmanagement-display-component---masterAdm--smartFilterBar-filterItemControl_BASIC-COUNTRY-vhi"}]}
RESULT: undefined
COMMAND: POST /session/a4fc5c54f0f91f02d9fe8ae370abe98a/element - {"using":"xpath","value":"//*[@id=\"application-addressmanagement-display-component---masterAdm--smartFilterBar-filterItemControl_BASIC-COUNTRY-vhi\"]"}
RESULT: {}
RESULT: {"using":"xpath","value":"//*[@id=\"application-addressmanagement-display-component---masterAdm--smartFilterBar-filterItemControl_BASIC-COUNTRY-vhi\"]"}
COMMAND: POST /session/a4fc5c54f0f91f02d9fe8ae370abe98a/element/f.7067A754552931941686B9F28D536C65.d.70EFB185608871BBFB9695AA88C53874.e.1631/click - {}
RESULT: {}
COMMAND: GET /session/a4fc5c54f0f91f02d9fe8ae370abe98a/screenshot - {}
RESULT: {}
COMMAND: POST /session/a4fc5c54f0f91f02d9fe8ae370abe98a/execute/async - {"script":"<script> [1562 bytes]","args":[{"selector":{"id":"application-addressmanagement-display-component---masterAdm--smartFilterBar-filterItemControl_BASIC-COUNTRY-valueHelpDialog-smartFilterBar-btnBasicSearch","searchOpenDialogs":true,"interaction":{"idSuffix":"I"}},"wdio_ui5_key":"applicationaddressmanagement-display-component---masterAdm--smartFilterBar-filterItemControl_BASIC-COUNTRY-valueHelpDialog-smartFilterBar-btnBasicSearch"}]}
RESULT: {"script":"<script> [1562 bytes]","args":[{"selector":{"id":"application-addressmanagement-display-component---masterAdm--smartFilterBar-filterItemControl_BASIC-COUNTRY-valueHelpDialog-smartFilterBar-btnBasicSearch","searchOpenDialogs":true,"interaction":{"idSuffix":"I"}},"wdio_ui5_key":"applicationaddressmanagement-display-component---masterAdm--smartFilterBar-filterItemControl_BASIC-COUNTRY-valueHelpDialog-smartFilterBar-btnBasicSearch"}]}
RESULT: undefined
COMMAND: POST /session/a4fc5c54f0f91f02d9fe8ae370abe98a/execute/async - {"script":"<script> [776 bytes]","args":[{"enterText":"Romania","selector":{"id":"application-addressmanagement-display-component---masterAdm--smartFilterBar-filterItemControl_BASIC-COUNTRY-valueHelpDialog-smartFilterBar-btnBasicSearch","searchOpenDialogs":true,"interaction":{"idSuffix":"I"}},"clearTextFirst":true,"interactionType":"ENTER_TEXT"}]}
RESULT: {"script":"<script> [776 bytes]","args":[{"enterText":"Romania","selector":{"id":"application-addressmanagement-display-component---masterAdm--smartFilterBar-filterItemControl_BASIC-COUNTRY-valueHelpDialog-smartFilterBar-btnBasicSearch","searchOpenDialogs":true,"interaction":{"idSuffix":"I"}},"clearTextFirst":true,"interactionType":"ENTER_TEXT"}]}
COMMAND: POST /session/a4fc5c54f0f91f02d9fe8ae370abe98a/actions - {"actions":[{"id":"action7","type":"key","parameters":{},"actions":[{"type":"keyDown","value":""},{"type":"pause","duration":10},{"type":"keyUp","value":""}]}]}
RESULT: {"actions":[{"id":"action7","type":"key","parameters":{},"actions":[{"type":"keyDown","value":""},{"type":"pause","duration":10},{"type":"keyUp","value":""}]}]}
COMMAND: POST /session/a4fc5c54f0f91f02d9fe8ae370abe98a/elements - {"using":"xpath","value":"//table[contains(@id, \"smartFilterBar-filterItemControl_BASIC-COUNTRY-valueHelpDialog-table-table\")]/tbody/tr"}
COMMAND: GET /session/a4fc5c54f0f91f02d9fe8ae370abe98a/screenshot - {}
RESULT: {"using":"xpath","value":"//table[contains(@id, \"smartFilterBar-filterItemControl_BASIC-COUNTRY-valueHelpDialog-table-table\")]/tbody/tr"}
COMMAND: POST /session/a4fc5c54f0f91f02d9fe8ae370abe98a/element - {"using":"xpath","value":"//table[contains(@id, \"smartFilterBar-filterItemControl_BASIC-COUNTRY-valueHelpDialog-table-table\")]/tbody/tr[1]/td[1]/div/span"}
RESULT: {}
RESULT: {"using":"xpath","value":"//table[contains(@id, \"smartFilterBar-filterItemControl_BASIC-COUNTRY-valueHelpDialog-table-table\")]/tbody/tr[1]/td[1]/div/span"}
COMMAND: POST /session/a4fc5c54f0f91f02d9fe8ae370abe98a/elements - {"using":"xpath","value":"//table[contains(@id, \"smartFilterBar-filterItemControl_BASIC-COUNTRY-valueHelpDialog-table-table\")]/tbody/tr[1]/td[1]/div/span"}
RESULT: {"using":"xpath","value":"//table[contains(@id, \"smartFilterBar-filterItemControl_BASIC-COUNTRY-valueHelpDialog-table-table\")]/tbody/tr[1]/td[1]/div/span"}
COMMAND: POST /session/a4fc5c54f0f91f02d9fe8ae370abe98a/execute/sync - {"script":"<script> [56 bytes]","args":[{"element-6066-11e4-a52e-4f735466cecf":"f.7067A754552931941686B9F28D536C65.d.70EFB185608871BBFB9695AA88C53874.e.1651","ELEMENT":"f.7067A754552931941686B9F28D536C65.d.70EFB185608871BBFB9695AA88C53874.e.1651"}]}
RESULT: {"script":"<script> [56 bytes]","args":[{"element-6066-11e4-a52e-4f735466cecf":"f.7067A754552931941686B9F28D536C65.d.70EFB185608871BBFB9695AA88C53874.e.1651","ELEMENT":"f.7067A754552931941686B9F28D536C65.d.70EFB185608871BBFB9695AA88C53874.e.1651"}]}
COMMAND: POST /session/a4fc5c54f0f91f02d9fe8ae370abe98a/element - {"using":"xpath","value":"//div[contains(@id, \"filterItemControl_BASIC-COUNTRY-valueHelpDialog-table-rowsel0\")]"}
COMMAND: GET /session/a4fc5c54f0f91f02d9fe8ae370abe98a/screenshot - {}
RESULT: {"using":"xpath","value":"//div[contains(@id, \"filterItemControl_BASIC-COUNTRY-valueHelpDialog-table-rowsel0\")]"}
COMMAND: POST /session/a4fc5c54f0f91f02d9fe8ae370abe98a/element/f.7067A754552931941686B9F28D536C65.d.70EFB185608871BBFB9695AA88C53874.e.1652/click - {}
RESULT: {}
RESULT: {}
COMMAND: GET /session/a4fc5c54f0f91f02d9fe8ae370abe98a/screenshot - {}
RESULT: {}
COMMAND: POST /session/a4fc5c54f0f91f02d9fe8ae370abe98a/element - {"using":"xpath","value":"(//bdi[contains(text(), \"OK\")])[1]"}
RESULT: {"using":"xpath","value":"(//bdi[contains(text(), \"OK\")])[1]"}
COMMAND: POST /session/a4fc5c54f0f91f02d9fe8ae370abe98a/element/f.7067A754552931941686B9F28D536C65.d.70EFB185608871BBFB9695AA88C53874.e.1654/click - {}
RESULT: {}
COMMAND: GET /session/a4fc5c54f0f91f02d9fe8ae370abe98a/screenshot - {}
RESULT: {}
COMMAND: POST /session/a4fc5c54f0f91f02d9fe8ae370abe98a/element - {"using":"xpath","value":"//span[@id=\"application-addressmanagement-display-component---masterAdm--smartTable-header-inner\"]"}
RESULT: {"using":"xpath","value":"//span[@id=\"application-addressmanagement-display-component---masterAdm--smartTable-header-inner\"]"}
COMMAND: POST /session/a4fc5c54f0f91f02d9fe8ae370abe98a/elements - {"using":"xpath","value":"//span[@id=\"application-addressmanagement-display-component---masterAdm--smartTable-header-inner\"]"}
RESULT: {"using":"xpath","value":"//span[@id=\"application-addressmanagement-display-component---masterAdm--smartTable-header-inner\"]"}
COMMAND: POST /session/a4fc5c54f0f91f02d9fe8ae370abe98a/execute/sync - {"script":"<script> [56 bytes]","args":[{"element-6066-11e4-a52e-4f735466cecf":"f.7067A754552931941686B9F28D536C65.d.70EFB185608871BBFB9695AA88C53874.e.1630","ELEMENT":"f.7067A754552931941686B9F28D536C65.d.70EFB185608871BBFB9695AA88C53874.e.1630"}]}
RESULT: {"script":"<script> [56 bytes]","args":[{"element-6066-11e4-a52e-4f735466cecf":"f.7067A754552931941686B9F28D536C65.d.70EFB185608871BBFB9695AA88C53874.e.1630","ELEMENT":"f.7067A754552931941686B9F28D536C65.d.70EFB185608871BBFB9695AA88C53874.e.1630"}]}
COMMAND: POST /session/a4fc5c54f0f91f02d9fe8ae370abe98a/element - {"using":"xpath","value":"//span[contains(@title, \"Remove\")]"}
COMMAND: GET /session/a4fc5c54f0f91f02d9fe8ae370abe98a/screenshot - {}
RESULT: {"using":"xpath","value":"//span[contains(@title, \"Remove\")]"}
COMMAND: POST /session/a4fc5c54f0f91f02d9fe8ae370abe98a/element/f.7067A754552931941686B9F28D536C65.d.70EFB185608871BBFB9695AA88C53874.e.1780/click - {}
RESULT: {}
RESULT: {}
COMMAND: GET /session/a4fc5c54f0f91f02d9fe8ae370abe98a/screenshot - {}
RESULT: {}
COMMAND: POST /session/a4fc5c54f0f91f02d9fe8ae370abe98a/element - {"using":"xpath","value":"//span[@id=\"application-addressmanagement-display-component---masterAdm--smartTable-header-inner\"]"}
RESULT: {"using":"xpath","value":"//span[@id=\"application-addressmanagement-display-component---masterAdm--smartTable-header-inner\"]"}
COMMAND: POST /session/a4fc5c54f0f91f02d9fe8ae370abe98a/elements - {"using":"xpath","value":"//span[@id=\"application-addressmanagement-display-component---masterAdm--smartTable-header-inner\"]"}
RESULT: {"using":"xpath","value":"//span[@id=\"application-addressmanagement-display-component---masterAdm--smartTable-header-inner\"]"}
COMMAND: POST /session/a4fc5c54f0f91f02d9fe8ae370abe98a/execute/sync - {"script":"<script> [56 bytes]","args":[{"element-6066-11e4-a52e-4f735466cecf":"f.7067A754552931941686B9F28D536C65.d.70EFB185608871BBFB9695AA88C53874.e.1630","ELEMENT":"f.7067A754552931941686B9F28D536C65.d.70EFB185608871BBFB9695AA88C53874.e.1630"}]}
RESULT: {"script":"<script> [56 bytes]","args":[{"element-6066-11e4-a52e-4f735466cecf":"f.7067A754552931941686B9F28D536C65.d.70EFB185608871BBFB9695AA88C53874.e.1630","ELEMENT":"f.7067A754552931941686B9F28D536C65.d.70EFB185608871BBFB9695AA88C53874.e.1630"}]}
RESULT: undefined
COMMAND: POST /session/a4fc5c54f0f91f02d9fe8ae370abe98a/element - {"using":"xpath","value":"//*[@id=\"application-addressmanagement-display-component---masterAdm--smartFilterBar-filterItemControl_BASIC-COUNTRY-vhi\"]"}
COMMAND: GET /session/a4fc5c54f0f91f02d9fe8ae370abe98a/screenshot - {}
RESULT: {"using":"xpath","value":"//*[@id=\"application-addressmanagement-display-component---masterAdm--smartFilterBar-filterItemControl_BASIC-COUNTRY-vhi\"]"}
COMMAND: POST /session/a4fc5c54f0f91f02d9fe8ae370abe98a/element/f.7067A754552931941686B9F28D536C65.d.70EFB185608871BBFB9695AA88C53874.e.1631/click - {}
RESULT: {}
RESULT: {}
COMMAND: GET /session/a4fc5c54f0f91f02d9fe8ae370abe98a/screenshot - {}
RESULT: {}
RESULT: undefined
COMMAND: POST /session/a4fc5c54f0f91f02d9fe8ae370abe98a/execute/async - {"script":"<script> [776 bytes]","args":[{"enterText":"Romania","selector":{"id":"application-addressmanagement-display-component---masterAdm--smartFilterBar-filterItemControl_BASIC-COUNTRY-valueHelpDialog-smartFilterBar-btnBasicSearch","searchOpenDialogs":true,"interaction":{"idSuffix":"I"}},"clearTextFirst":true,"interactionType":"ENTER_TEXT"}]}
RESULT: {"script":"<script> [776 bytes]","args":[{"enterText":"Romania","selector":{"id":"application-addressmanagement-display-component---masterAdm--smartFilterBar-filterItemControl_BASIC-COUNTRY-valueHelpDialog-smartFilterBar-btnBasicSearch","searchOpenDialogs":true,"interaction":{"idSuffix":"I"}},"clearTextFirst":true,"interactionType":"ENTER_TEXT"}]}
COMMAND: POST /session/a4fc5c54f0f91f02d9fe8ae370abe98a/actions - {"actions":[{"id":"action8","type":"key","parameters":{},"actions":[{"type":"keyDown","value":""},{"type":"pause","duration":10},{"type":"keyUp","value":""}]}]}
RESULT: {"actions":[{"id":"action8","type":"key","parameters":{},"actions":[{"type":"keyDown","value":""},{"type":"pause","duration":10},{"type":"keyUp","value":""}]}]}
COMMAND: GET /session/a4fc5c54f0f91f02d9fe8ae370abe98a/screenshot - {}
RESULT: {}
COMMAND: POST /session/a4fc5c54f0f91f02d9fe8ae370abe98a/elements - {"using":"xpath","value":"//table[contains(@id, \"smartFilterBar-filterItemControl_BASIC-COUNTRY-valueHelpDialog-table-table\")]/tbody/tr"}
RESULT: {"using":"xpath","value":"//table[contains(@id, \"smartFilterBar-filterItemControl_BASIC-COUNTRY-valueHelpDialog-table-table\")]/tbody/tr"}
COMMAND: POST /session/a4fc5c54f0f91f02d9fe8ae370abe98a/element - {"using":"xpath","value":"//table[contains(@id, \"smartFilterBar-filterItemControl_BASIC-COUNTRY-valueHelpDialog-table-table\")]/tbody/tr[1]/td[1]/div/span"}
RESULT: {"using":"xpath","value":"//table[contains(@id, \"smartFilterBar-filterItemControl_BASIC-COUNTRY-valueHelpDialog-table-table\")]/tbody/tr[1]/td[1]/div/span"}
COMMAND: POST /session/a4fc5c54f0f91f02d9fe8ae370abe98a/elements - {"using":"xpath","value":"//table[contains(@id, \"smartFilterBar-filterItemControl_BASIC-COUNTRY-valueHelpDialog-table-table\")]/tbody/tr[1]/td[1]/div/span"}
RESULT: {"using":"xpath","value":"//table[contains(@id, \"smartFilterBar-filterItemControl_BASIC-COUNTRY-valueHelpDialog-table-table\")]/tbody/tr[1]/td[1]/div/span"}
COMMAND: POST /session/a4fc5c54f0f91f02d9fe8ae370abe98a/execute/sync - {"script":"<script> [56 bytes]","args":[{"element-6066-11e4-a52e-4f735466cecf":"f.7067A754552931941686B9F28D536C65.d.70EFB185608871BBFB9695AA88C53874.e.1863","ELEMENT":"f.7067A754552931941686B9F28D536C65.d.70EFB185608871BBFB9695AA88C53874.e.1863"}]}
RESULT: {"script":"<script> [56 bytes]","args":[{"element-6066-11e4-a52e-4f735466cecf":"f.7067A754552931941686B9F28D536C65.d.70EFB185608871BBFB9695AA88C53874.e.1863","ELEMENT":"f.7067A754552931941686B9F28D536C65.d.70EFB185608871BBFB9695AA88C53874.e.1863"}]}
COMMAND: POST /session/a4fc5c54f0f91f02d9fe8ae370abe98a/element - {"using":"xpath","value":"//div[contains(@id, \"filterItemControl_BASIC-COUNTRY-valueHelpDialog-table-rowsel0\")]"}
COMMAND: GET /session/a4fc5c54f0f91f02d9fe8ae370abe98a/screenshot - {}
RESULT: {"using":"xpath","value":"//div[contains(@id, \"filterItemControl_BASIC-COUNTRY-valueHelpDialog-table-rowsel0\")]"}
COMMAND: POST /session/a4fc5c54f0f91f02d9fe8ae370abe98a/element/f.7067A754552931941686B9F28D536C65.d.70EFB185608871BBFB9695AA88C53874.e.1864/click - {}
RESULT: {}
RESULT: {}
COMMAND: GET /session/a4fc5c54f0f91f02d9fe8ae370abe98a/screenshot - {}
RESULT: {}
RESULT: undefined
COMMAND: POST /session/a4fc5c54f0f91f02d9fe8ae370abe98a/element - {"using":"xpath","value":"//*[@id=\"application-addressmanagement-display-component---masterAdm--smartFilterBar-filterItemControl_BASIC-COUNTRY-vhi\"]"}
RESULT: {"using":"xpath","value":"//*[@id=\"application-addressmanagement-display-component---masterAdm--smartFilterBar-filterItemControl_BASIC-COUNTRY-vhi\"]"}
COMMAND: POST /session/a4fc5c54f0f91f02d9fe8ae370abe98a/element/f.7067A754552931941686B9F28D536C65.d.70EFB185608871BBFB9695AA88C53874.e.1631/click - {}
RESULT: undefined
COMMAND: POST /session/a4fc5c54f0f91f02d9fe8ae370abe98a/execute/async - {"script":"<script> [776 bytes]","args":[{"enterText":"Argentina","selector":{"id":"application-addressmanagement-display-component---masterAdm--smartFilterBar-filterItemControl_BASIC-COUNTRY-valueHelpDialog-smartFilterBar-btnBasicSearch","searchOpenDialogs":true,"interaction":{"idSuffix":"I"}},"clearTextFirst":true,"interactionType":"ENTER_TEXT"}]}
RESULT: {"script":"<script> [776 bytes]","args":[{"enterText":"Argentina","selector":{"id":"application-addressmanagement-display-component---masterAdm--smartFilterBar-filterItemControl_BASIC-COUNTRY-valueHelpDialog-smartFilterBar-btnBasicSearch","searchOpenDialogs":true,"interaction":{"idSuffix":"I"}},"clearTextFirst":true,"interactionType":"ENTER_TEXT"}]}
COMMAND: POST /session/a4fc5c54f0f91f02d9fe8ae370abe98a/actions - {"actions":[{"id":"action9","type":"key","parameters":{},"actions":[{"type":"keyDown","value":""},{"type":"pause","duration":10},{"type":"keyUp","value":""}]}]}
RESULT: {"actions":[{"id":"action9","type":"key","parameters":{},"actions":[{"type":"keyDown","value":""},{"type":"pause","duration":10},{"type":"keyUp","value":""}]}]}
COMMAND: GET /session/a4fc5c54f0f91f02d9fe8ae370abe98a/screenshot - {}
RESULT: {}
COMMAND: POST /session/a4fc5c54f0f91f02d9fe8ae370abe98a/elements - {"using":"xpath","value":"//table[contains(@id, \"smartFilterBar-filterItemControl_BASIC-COUNTRY-valueHelpDialog-table-table\")]/tbody/tr"}
RESULT: {"using":"xpath","value":"//table[contains(@id, \"smartFilterBar-filterItemControl_BASIC-COUNTRY-valueHelpDialog-table-table\")]/tbody/tr"}
COMMAND: POST /session/a4fc5c54f0f91f02d9fe8ae370abe98a/element - {"using":"xpath","value":"//table[contains(@id, \"smartFilterBar-filterItemControl_BASIC-COUNTRY-valueHelpDialog-table-table\")]/tbody/tr[1]/td[1]/div/span"}
RESULT: {"using":"xpath","value":"//table[contains(@id, \"smartFilterBar-filterItemControl_BASIC-COUNTRY-valueHelpDialog-table-table\")]/tbody/tr[1]/td[1]/div/span"}
COMMAND: POST /session/a4fc5c54f0f91f02d9fe8ae370abe98a/elements - {"using":"xpath","value":"//table[contains(@id, \"smartFilterBar-filterItemControl_BASIC-COUNTRY-valueHelpDialog-table-table\")]/tbody/tr[1]/td[1]/div/span"}
RESULT: {"using":"xpath","value":"//table[contains(@id, \"smartFilterBar-filterItemControl_BASIC-COUNTRY-valueHelpDialog-table-table\")]/tbody/tr[1]/td[1]/div/span"}
COMMAND: POST /session/a4fc5c54f0f91f02d9fe8ae370abe98a/execute/sync - {"script":"<script> [56 bytes]","args":[{"element-6066-11e4-a52e-4f735466cecf":"f.7067A754552931941686B9F28D536C65.d.70EFB185608871BBFB9695AA88C53874.e.1863","ELEMENT":"f.7067A754552931941686B9F28D536C65.d.70EFB185608871BBFB9695AA88C53874.e.1863"}]}
RESULT: {"script":"<script> [56 bytes]","args":[{"element-6066-11e4-a52e-4f735466cecf":"f.7067A754552931941686B9F28D536C65.d.70EFB185608871BBFB9695AA88C53874.e.1863","ELEMENT":"f.7067A754552931941686B9F28D536C65.d.70EFB185608871BBFB9695AA88C53874.e.1863"}]}
COMMAND: POST /session/a4fc5c54f0f91f02d9fe8ae370abe98a/element - {"using":"xpath","value":"//div[contains(@id, \"filterItemControl_BASIC-COUNTRY-valueHelpDialog-table-rowsel0\")]"}
COMMAND: GET /session/a4fc5c54f0f91f02d9fe8ae370abe98a/screenshot - {}
RESULT: {"using":"xpath","value":"//div[contains(@id, \"filterItemControl_BASIC-COUNTRY-valueHelpDialog-table-rowsel0\")]"}
COMMAND: POST /session/a4fc5c54f0f91f02d9fe8ae370abe98a/element/f.7067A754552931941686B9F28D536C65.d.70EFB185608871BBFB9695AA88C53874.e.1864/click - {}
RESULT: {}
RESULT: {}
COMMAND: GET /session/a4fc5c54f0f91f02d9fe8ae370abe98a/screenshot - {}
RESULT: {}
COMMAND: POST /session/a4fc5c54f0f91f02d9fe8ae370abe98a/element - {"using":"xpath","value":"(//bdi[contains(text(), \"OK\")])[1]"}
RESULT: {"using":"xpath","value":"(//bdi[contains(text(), \"OK\")])[1]"}
COMMAND: POST /session/a4fc5c54f0f91f02d9fe8ae370abe98a/element/f.7067A754552931941686B9F28D536C65.d.70EFB185608871BBFB9695AA88C53874.e.1866/click - {}
RESULT: {}
COMMAND: GET /session/a4fc5c54f0f91f02d9fe8ae370abe98a/screenshot - {}
RESULT: {}
COMMAND: POST /session/a4fc5c54f0f91f02d9fe8ae370abe98a/element - {"using":"xpath","value":"//span[@id=\"application-addressmanagement-display-component---masterAdm--smartTable-header-inner\"]"}
RESULT: {"using":"xpath","value":"//span[@id=\"application-addressmanagement-display-component---masterAdm--smartTable-header-inner\"]"}
COMMAND: POST /session/a4fc5c54f0f91f02d9fe8ae370abe98a/elements - {"using":"xpath","value":"//span[@id=\"application-addressmanagement-display-component---masterAdm--smartTable-header-inner\"]"}
RESULT: {"using":"xpath","value":"//span[@id=\"application-addressmanagement-display-component---masterAdm--smartTable-header-inner\"]"}
COMMAND: POST /session/a4fc5c54f0f91f02d9fe8ae370abe98a/execute/sync - {"script":"<script> [56 bytes]","args":[{"element-6066-11e4-a52e-4f735466cecf":"f.7067A754552931941686B9F28D536C65.d.70EFB185608871BBFB9695AA88C53874.e.1630","ELEMENT":"f.7067A754552931941686B9F28D536C65.d.70EFB185608871BBFB9695AA88C53874.e.1630"}]}
RESULT: {"script":"<script> [56 bytes]","args":[{"element-6066-11e4-a52e-4f735466cecf":"f.7067A754552931941686B9F28D536C65.d.70EFB185608871BBFB9695AA88C53874.e.1630","ELEMENT":"f.7067A754552931941686B9F28D536C65.d.70EFB185608871BBFB9695AA88C53874.e.1630"}]}
COMMAND: POST /session/a4fc5c54f0f91f02d9fe8ae370abe98a/execute/async - {"script":"<script> [1562 bytes]","args":[{"selector":{"id":"application-addressmanagement-display-component---masterAdm--smartFilterBar-filterItemControl_BASIC-NAME-vhi"},"wdio_ui5_key":"applicationaddressmanagement-display-component---masterAdm--smartFilterBar-filterItemControl_BASIC-NAME-vhi"}]}
COMMAND: GET /session/a4fc5c54f0f91f02d9fe8ae370abe98a/screenshot - {}
RESULT: {"script":"<script> [1562 bytes]","args":[{"selector":{"id":"application-addressmanagement-display-component---masterAdm--smartFilterBar-filterItemControl_BASIC-NAME-vhi"},"wdio_ui5_key":"applicationaddressmanagement-display-component---masterAdm--smartFilterBar-filterItemControl_BASIC-NAME-vhi"}]}
RESULT: undefined
COMMAND: POST /session/a4fc5c54f0f91f02d9fe8ae370abe98a/element - {"using":"xpath","value":"//*[@id=\"application-addressmanagement-display-component---masterAdm--smartFilterBar-filterItemControl_BASIC-NAME-vhi\"]"}
RESULT: {}
RESULT: {"using":"xpath","value":"//*[@id=\"application-addressmanagement-display-component---masterAdm--smartFilterBar-filterItemControl_BASIC-NAME-vhi\"]"}
COMMAND: POST /session/a4fc5c54f0f91f02d9fe8ae370abe98a/element/f.7067A754552931941686B9F28D536C65.d.70EFB185608871BBFB9695AA88C53874.e.1895/click - {}
RESULT: {}
COMMAND: GET /session/a4fc5c54f0f91f02d9fe8ae370abe98a/screenshot - {}
RESULT: {}
COMMAND: POST /session/a4fc5c54f0f91f02d9fe8ae370abe98a/execute/async - {"script":"<script> [1562 bytes]","args":[{"selector":{"controlType":"sap.m.Input","viewName":"etm.portal.ui.addressmanagement.view.Master","viewId":"application-addressmanagement-display-component---masterAdm","properties":{"valueState":"None"},"searchOpenDialogs":true,"interaction":{"idSuffix":"inner"}},"wdio_ui5_key":"etmportal.ui.addressmanagement.view.Mastersap.m.Input{\"valueState\":\"None\"}"}]}
RESULT: {"script":"<script> [1562 bytes]","args":[{"selector":{"controlType":"sap.m.Input","viewName":"etm.portal.ui.addressmanagement.view.Master","viewId":"application-addressmanagement-display-component---masterAdm","properties":{"valueState":"None"},"searchOpenDialogs":true,"interaction":{"idSuffix":"inner"}},"wdio_ui5_key":"etmportal.ui.addressmanagement.view.Mastersap.m.Input{\"valueState\":\"None\"}"}]}
RESULT: undefined
COMMAND: POST /session/a4fc5c54f0f91f02d9fe8ae370abe98a/execute/async - {"script":"<script> [776 bytes]","args":[{"enterText":"Test","selector":{"controlType":"sap.m.Input","viewName":"etm.portal.ui.addressmanagement.view.Master","viewId":"application-addressmanagement-display-component---masterAdm","properties":{"valueState":"None"},"searchOpenDialogs":true,"interaction":{"idSuffix":"inner"}},"clearTextFirst":true,"interactionType":"ENTER_TEXT"}]}
RESULT: {"script":"<script> [776 bytes]","args":[{"enterText":"Test","selector":{"controlType":"sap.m.Input","viewName":"etm.portal.ui.addressmanagement.view.Master","viewId":"application-addressmanagement-display-component---masterAdm","properties":{"valueState":"None"},"searchOpenDialogs":true,"interaction":{"idSuffix":"inner"}},"clearTextFirst":true,"interactionType":"ENTER_TEXT"}]}
COMMAND: POST /session/a4fc5c54f0f91f02d9fe8ae370abe98a/actions - {"actions":[{"id":"action10","type":"key","parameters":{},"actions":[{"type":"keyDown","value":""},{"type":"pause","duration":10},{"type":"keyUp","value":""}]}]}
RESULT: {"actions":[{"id":"action10","type":"key","parameters":{},"actions":[{"type":"keyDown","value":""},{"type":"pause","duration":10},{"type":"keyUp","value":""}]}]}
COMMAND: GET /session/a4fc5c54f0f91f02d9fe8ae370abe98a/screenshot - {}
RESULT: {}
COMMAND: POST /session/a4fc5c54f0f91f02d9fe8ae370abe98a/element - {"using":"xpath","value":"(//bdi[contains(text(), \"OK\")])[1]"}
RESULT: {"using":"xpath","value":"(//bdi[contains(text(), \"OK\")])[1]"}
COMMAND: POST /session/a4fc5c54f0f91f02d9fe8ae370abe98a/element/f.7067A754552931941686B9F28D536C65.d.70EFB185608871BBFB9695AA88C53874.e.1902/click - {}
RESULT: {}
COMMAND: GET /session/a4fc5c54f0f91f02d9fe8ae370abe98a/screenshot - {}
RESULT: {}
COMMAND: POST /session/a4fc5c54f0f91f02d9fe8ae370abe98a/element - {"using":"xpath","value":"//span[@id=\"application-addressmanagement-display-component---masterAdm--smartTable-header-inner\"]"}
RESULT: {"using":"xpath","value":"//span[@id=\"application-addressmanagement-display-component---masterAdm--smartTable-header-inner\"]"}
COMMAND: POST /session/a4fc5c54f0f91f02d9fe8ae370abe98a/elements - {"using":"xpath","value":"//span[@id=\"application-addressmanagement-display-component---masterAdm--smartTable-header-inner\"]"}
RESULT: {"using":"xpath","value":"//span[@id=\"application-addressmanagement-display-component---masterAdm--smartTable-header-inner\"]"}
COMMAND: POST /session/a4fc5c54f0f91f02d9fe8ae370abe98a/execute/sync - {"script":"<script> [56 bytes]","args":[{"element-6066-11e4-a52e-4f735466cecf":"f.7067A754552931941686B9F28D536C65.d.70EFB185608871BBFB9695AA88C53874.e.1630","ELEMENT":"f.7067A754552931941686B9F28D536C65.d.70EFB185608871BBFB9695AA88C53874.e.1630"}]}
RESULT: {"script":"<script> [56 bytes]","args":[{"element-6066-11e4-a52e-4f735466cecf":"f.7067A754552931941686B9F28D536C65.d.70EFB185608871BBFB9695AA88C53874.e.1630","ELEMENT":"f.7067A754552931941686B9F28D536C65.d.70EFB185608871BBFB9695AA88C53874.e.1630"}]}
COMMAND: POST /session/a4fc5c54f0f91f02d9fe8ae370abe98a/element - {"using":"xpath","value":"//span[contains(@title, \"Remove\")]"}
COMMAND: GET /session/a4fc5c54f0f91f02d9fe8ae370abe98a/screenshot - {}
RESULT: {"using":"xpath","value":"//span[contains(@title, \"Remove\")]"}
COMMAND: POST /session/a4fc5c54f0f91f02d9fe8ae370abe98a/element/f.7067A754552931941686B9F28D536C65.d.70EFB185608871BBFB9695AA88C53874.e.1981/click - {}
RESULT: {}
RESULT: {}
COMMAND: GET /session/a4fc5c54f0f91f02d9fe8ae370abe98a/screenshot - {}
COMMAND: POST /session/a4fc5c54f0f91f02d9fe8ae370abe98a/element - {"using":"xpath","value":"//span[contains(@title, \"Remove\")]"}
RESULT: {}
RESULT: {"using":"xpath","value":"//span[contains(@title, \"Remove\")]"}
COMMAND: POST /session/a4fc5c54f0f91f02d9fe8ae370abe98a/element/f.7067A754552931941686B9F28D536C65.d.70EFB185608871BBFB9695AA88C53874.e.2057/click - {}
RESULT: {}
COMMAND: GET /session/a4fc5c54f0f91f02d9fe8ae370abe98a/screenshot - {}
COMMAND: POST /session/a4fc5c54f0f91f02d9fe8ae370abe98a/element - {"using":"xpath","value":"//span[contains(@title, \"Remove\")]"}
RESULT: {}
RESULT: {"using":"xpath","value":"//span[contains(@title, \"Remove\")]"}
COMMAND: POST /session/a4fc5c54f0f91f02d9fe8ae370abe98a/element/f.7067A754552931941686B9F28D536C65.d.70EFB185608871BBFB9695AA88C53874.e.2173/click - {}
RESULT: {}
COMMAND: GET /session/a4fc5c54f0f91f02d9fe8ae370abe98a/screenshot - {}
RESULT: {}
COMMAND: POST /session/a4fc5c54f0f91f02d9fe8ae370abe98a/element - {"using":"css selector","value":"#shell-header-logo"}
RESULT: {"using":"css selector","value":"#shell-header-logo"}
COMMAND: POST /session/a4fc5c54f0f91f02d9fe8ae370abe98a/element/f.7067A754552931941686B9F28D536C65.d.70EFB185608871BBFB9695AA88C53874.e.1445/click - {}
RESULT: {}
COMMAND: GET /session/a4fc5c54f0f91f02d9fe8ae370abe98a/screenshot - {}
RESULT: {}
]]></system-out>
    </testcase>
    <testcase classname="chrome.136_0_7103_93.windows.Address_Management_Tests_US156181_US151165_US151160_US156180_US156178_US151157_US151172_US151170_US151166_US151168" name="Step 6 Should assign user ID to an user assign them to site US151172" time="78.918">
      <system-out><![CDATA[
RESULT: undefined
COMMAND: POST /session/a4fc5c54f0f91f02d9fe8ae370abe98a/element - {"using":"xpath","value":"//*[@id=\"__tile33\"]"}
RESULT: {"using":"xpath","value":"//*[@id=\"__tile33\"]"}
COMMAND: POST /session/a4fc5c54f0f91f02d9fe8ae370abe98a/element/f.7067A754552931941686B9F28D536C65.d.70EFB185608871BBFB9695AA88C53874.e.232/click - {}
RESULT: {}
COMMAND: GET /session/a4fc5c54f0f91f02d9fe8ae370abe98a/screenshot - {}
RESULT: {}
COMMAND: POST /session/a4fc5c54f0f91f02d9fe8ae370abe98a/elements - {"using":"xpath","value":"//span[text()='Error']"}
RESULT: {"using":"xpath","value":"//span[text()='Error']"}
COMMAND: POST /session/a4fc5c54f0f91f02d9fe8ae370abe98a/element - {"using":"xpath","value":"//button[@data-kt=\"addButton\"]"}
RESULT: {"using":"xpath","value":"//button[@data-kt=\"addButton\"]"}
COMMAND: POST /session/a4fc5c54f0f91f02d9fe8ae370abe98a/elements - {"using":"xpath","value":"//button[@data-kt=\"addButton\"]"}
RESULT: {"using":"xpath","value":"//button[@data-kt=\"addButton\"]"}
COMMAND: POST /session/a4fc5c54f0f91f02d9fe8ae370abe98a/execute/sync - {"script":"<script> [8489 bytes]","args":[{"element-6066-11e4-a52e-4f735466cecf":"f.7067A754552931941686B9F28D536C65.d.70EFB185608871BBFB9695AA88C53874.e.2299","ELEMENT":"f.7067A754552931941686B9F28D536C65.d.70EFB185608871BBFB9695AA88C53874.e.2299"}]}
RESULT: {"script":"<script> [8489 bytes]","args":[{"element-6066-11e4-a52e-4f735466cecf":"f.7067A754552931941686B9F28D536C65.d.70EFB185608871BBFB9695AA88C53874.e.2299","ELEMENT":"f.7067A754552931941686B9F28D536C65.d.70EFB185608871BBFB9695AA88C53874.e.2299"}]}
COMMAND: GET /session/a4fc5c54f0f91f02d9fe8ae370abe98a/element/f.7067A754552931941686B9F28D536C65.d.70EFB185608871BBFB9695AA88C53874.e.2299/enabled - {}
COMMAND: GET /session/a4fc5c54f0f91f02d9fe8ae370abe98a/screenshot - {}
RESULT: {}
COMMAND: POST /session/a4fc5c54f0f91f02d9fe8ae370abe98a/execute/sync - {"script":"<script> [8489 bytes]","args":[{"element-6066-11e4-a52e-4f735466cecf":"f.7067A754552931941686B9F28D536C65.d.70EFB185608871BBFB9695AA88C53874.e.2299","ELEMENT":"f.7067A754552931941686B9F28D536C65.d.70EFB185608871BBFB9695AA88C53874.e.2299"}]}
COMMAND: GET /session/a4fc5c54f0f91f02d9fe8ae370abe98a/screenshot - {}
RESULT: {}
RESULT: {"script":"<script> [8489 bytes]","args":[{"element-6066-11e4-a52e-4f735466cecf":"f.7067A754552931941686B9F28D536C65.d.70EFB185608871BBFB9695AA88C53874.e.2299","ELEMENT":"f.7067A754552931941686B9F28D536C65.d.70EFB185608871BBFB9695AA88C53874.e.2299"}]}
COMMAND: POST /session/a4fc5c54f0f91f02d9fe8ae370abe98a/execute/sync - {"script":"<script> [5351 bytes]","args":[{"element-6066-11e4-a52e-4f735466cecf":"f.7067A754552931941686B9F28D536C65.d.70EFB185608871BBFB9695AA88C53874.e.2299","ELEMENT":"f.7067A754552931941686B9F28D536C65.d.70EFB185608871BBFB9695AA88C53874.e.2299"}]}
COMMAND: GET /session/a4fc5c54f0f91f02d9fe8ae370abe98a/screenshot - {}
RESULT: {}
RESULT: {"script":"<script> [5351 bytes]","args":[{"element-6066-11e4-a52e-4f735466cecf":"f.7067A754552931941686B9F28D536C65.d.70EFB185608871BBFB9695AA88C53874.e.2299","ELEMENT":"f.7067A754552931941686B9F28D536C65.d.70EFB185608871BBFB9695AA88C53874.e.2299"}]}
COMMAND: GET /session/a4fc5c54f0f91f02d9fe8ae370abe98a/screenshot - {}
RESULT: {}
RESULT: {}
RESULT: undefined
COMMAND: POST /session/a4fc5c54f0f91f02d9fe8ae370abe98a/execute/async - {"script":"<script> [776 bytes]","args":[{"enterText":"Test1ETM","selector":{"id":"application-addressmanagement-display-component---masterAdm--smartFilterBar-btnBasicSearch","interaction":{"idSuffix":"I"}},"clearTextFirst":true,"interactionType":"ENTER_TEXT"}]}
RESULT: {"script":"<script> [776 bytes]","args":[{"enterText":"Test1ETM","selector":{"id":"application-addressmanagement-display-component---masterAdm--smartFilterBar-btnBasicSearch","interaction":{"idSuffix":"I"}},"clearTextFirst":true,"interactionType":"ENTER_TEXT"}]}
COMMAND: POST /session/a4fc5c54f0f91f02d9fe8ae370abe98a/actions - {"actions":[{"id":"action11","type":"key","parameters":{},"actions":[{"type":"keyDown","value":""},{"type":"pause","duration":10},{"type":"keyUp","value":""}]}]}
RESULT: {"actions":[{"id":"action11","type":"key","parameters":{},"actions":[{"type":"keyDown","value":""},{"type":"pause","duration":10},{"type":"keyUp","value":""}]}]}
COMMAND: GET /session/a4fc5c54f0f91f02d9fe8ae370abe98a/screenshot - {}
RESULT: {}
COMMAND: POST /session/a4fc5c54f0f91f02d9fe8ae370abe98a/elements - {"using":"xpath","value":"//table[contains(@id, \"customPersonsAddressesTable-listUl\")]/tbody/tr"}
RESULT: {"using":"xpath","value":"//table[contains(@id, \"customPersonsAddressesTable-listUl\")]/tbody/tr"}
COMMAND: POST /session/a4fc5c54f0f91f02d9fe8ae370abe98a/element - {"using":"xpath","value":"//table[contains(@id, \"customPersonsAddressesTable-listUl\")]/tbody/tr[1]/td[5]/span/span"}
RESULT: {"using":"xpath","value":"//table[contains(@id, \"customPersonsAddressesTable-listUl\")]/tbody/tr[1]/td[5]/span/span"}
COMMAND: POST /session/a4fc5c54f0f91f02d9fe8ae370abe98a/element - {"using":"xpath","value":"//table[contains(@id, \"customPersonsAddressesTable-listUl\")]/tbody/tr[1]/td[3]/span"}
RESULT: {"using":"xpath","value":"//table[contains(@id, \"customPersonsAddressesTable-listUl\")]/tbody/tr[1]/td[3]/span"}
COMMAND: POST /session/a4fc5c54f0f91f02d9fe8ae370abe98a/elements - {"using":"xpath","value":"//table[contains(@id, \"customPersonsAddressesTable-listUl\")]/tbody/tr[1]/td[5]/span/span"}
RESULT: {"using":"xpath","value":"//table[contains(@id, \"customPersonsAddressesTable-listUl\")]/tbody/tr[1]/td[5]/span/span"}
COMMAND: POST /session/a4fc5c54f0f91f02d9fe8ae370abe98a/execute/sync - {"script":"<script> [56 bytes]","args":[{"element-6066-11e4-a52e-4f735466cecf":"f.7067A754552931941686B9F28D536C65.d.70EFB185608871BBFB9695AA88C53874.e.2444","ELEMENT":"f.7067A754552931941686B9F28D536C65.d.70EFB185608871BBFB9695AA88C53874.e.2444"}]}
RESULT: {"script":"<script> [56 bytes]","args":[{"element-6066-11e4-a52e-4f735466cecf":"f.7067A754552931941686B9F28D536C65.d.70EFB185608871BBFB9695AA88C53874.e.2444","ELEMENT":"f.7067A754552931941686B9F28D536C65.d.70EFB185608871BBFB9695AA88C53874.e.2444"}]}
COMMAND: POST /session/a4fc5c54f0f91f02d9fe8ae370abe98a/element - {"using":"xpath","value":"//span[@id=\"application-addressmanagement-display-component---masterAdm--smartTable-header-inner\"]"}
COMMAND: GET /session/a4fc5c54f0f91f02d9fe8ae370abe98a/screenshot - {}
RESULT: {"using":"xpath","value":"//span[@id=\"application-addressmanagement-display-component---masterAdm--smartTable-header-inner\"]"}
COMMAND: POST /session/a4fc5c54f0f91f02d9fe8ae370abe98a/elements - {"using":"xpath","value":"//span[@id=\"application-addressmanagement-display-component---masterAdm--smartTable-header-inner\"]"}
RESULT: {}
RESULT: {"using":"xpath","value":"//span[@id=\"application-addressmanagement-display-component---masterAdm--smartTable-header-inner\"]"}
COMMAND: POST /session/a4fc5c54f0f91f02d9fe8ae370abe98a/execute/sync - {"script":"<script> [56 bytes]","args":[{"element-6066-11e4-a52e-4f735466cecf":"f.7067A754552931941686B9F28D536C65.d.70EFB185608871BBFB9695AA88C53874.e.2446","ELEMENT":"f.7067A754552931941686B9F28D536C65.d.70EFB185608871BBFB9695AA88C53874.e.2446"}]}
RESULT: {"script":"<script> [56 bytes]","args":[{"element-6066-11e4-a52e-4f735466cecf":"f.7067A754552931941686B9F28D536C65.d.70EFB185608871BBFB9695AA88C53874.e.2446","ELEMENT":"f.7067A754552931941686B9F28D536C65.d.70EFB185608871BBFB9695AA88C53874.e.2446"}]}
COMMAND: POST /session/a4fc5c54f0f91f02d9fe8ae370abe98a/element - {"using":"css selector","value":"#shell-header-logo"}
COMMAND: GET /session/a4fc5c54f0f91f02d9fe8ae370abe98a/screenshot - {}
RESULT: {"using":"css selector","value":"#shell-header-logo"}
COMMAND: POST /session/a4fc5c54f0f91f02d9fe8ae370abe98a/element/f.7067A754552931941686B9F28D536C65.d.70EFB185608871BBFB9695AA88C53874.e.2245/click - {}
RESULT: {}
RESULT: {}
COMMAND: GET /session/a4fc5c54f0f91f02d9fe8ae370abe98a/screenshot - {}
RESULT: {}
COMMAND: POST /session/a4fc5c54f0f91f02d9fe8ae370abe98a/execute/async - {"script":"<script> [1562 bytes]","args":[{"selector":{"controlType":"sap.m.GenericTile","properties":{"header":"Manage Sites"}},"wdio_ui5_key":"sapm.GenericTile{\"header\":\"Manage Sites\"}"}]}
RESULT: {"script":"<script> [1562 bytes]","args":[{"selector":{"controlType":"sap.m.GenericTile","properties":{"header":"Manage Sites"}},"wdio_ui5_key":"sapm.GenericTile{\"header\":\"Manage Sites\"}"}]}
RESULT: undefined
COMMAND: POST /session/a4fc5c54f0f91f02d9fe8ae370abe98a/element - {"using":"xpath","value":"//*[@id=\"__tile40\"]"}
RESULT: {"using":"xpath","value":"//*[@id=\"__tile40\"]"}
COMMAND: POST /session/a4fc5c54f0f91f02d9fe8ae370abe98a/element/f.7067A754552931941686B9F28D536C65.d.70EFB185608871BBFB9695AA88C53874.e.171/click - {}
RESULT: {}
COMMAND: GET /session/a4fc5c54f0f91f02d9fe8ae370abe98a/screenshot - {}
RESULT: {}
COMMAND: POST /session/a4fc5c54f0f91f02d9fe8ae370abe98a/elements - {"using":"xpath","value":"//span[text()='Error']"}
RESULT: {"using":"xpath","value":"//span[text()='Error']"}
COMMAND: POST /session/a4fc5c54f0f91f02d9fe8ae370abe98a/element - {"using":"xpath","value":"//button[@data-kt=\"addOverflowToolbarButton\"]"}
RESULT: {"using":"xpath","value":"//button[@data-kt=\"addOverflowToolbarButton\"]"}
COMMAND: POST /session/a4fc5c54f0f91f02d9fe8ae370abe98a/elements - {"using":"xpath","value":"//button[@data-kt=\"addOverflowToolbarButton\"]"}
RESULT: {"using":"xpath","value":"//button[@data-kt=\"addOverflowToolbarButton\"]"}
COMMAND: POST /session/a4fc5c54f0f91f02d9fe8ae370abe98a/execute/sync - {"script":"<script> [8489 bytes]","args":[{"element-6066-11e4-a52e-4f735466cecf":"f.7067A754552931941686B9F28D536C65.d.70EFB185608871BBFB9695AA88C53874.e.2485","ELEMENT":"f.7067A754552931941686B9F28D536C65.d.70EFB185608871BBFB9695AA88C53874.e.2485"}]}
RESULT: {"script":"<script> [8489 bytes]","args":[{"element-6066-11e4-a52e-4f735466cecf":"f.7067A754552931941686B9F28D536C65.d.70EFB185608871BBFB9695AA88C53874.e.2485","ELEMENT":"f.7067A754552931941686B9F28D536C65.d.70EFB185608871BBFB9695AA88C53874.e.2485"}]}
COMMAND: GET /session/a4fc5c54f0f91f02d9fe8ae370abe98a/element/f.7067A754552931941686B9F28D536C65.d.70EFB185608871BBFB9695AA88C53874.e.2485/enabled - {}
COMMAND: GET /session/a4fc5c54f0f91f02d9fe8ae370abe98a/screenshot - {}
RESULT: {}
COMMAND: POST /session/a4fc5c54f0f91f02d9fe8ae370abe98a/execute/sync - {"script":"<script> [8489 bytes]","args":[{"element-6066-11e4-a52e-4f735466cecf":"f.7067A754552931941686B9F28D536C65.d.70EFB185608871BBFB9695AA88C53874.e.2485","ELEMENT":"f.7067A754552931941686B9F28D536C65.d.70EFB185608871BBFB9695AA88C53874.e.2485"}]}
COMMAND: GET /session/a4fc5c54f0f91f02d9fe8ae370abe98a/screenshot - {}
RESULT: {}
RESULT: {"script":"<script> [8489 bytes]","args":[{"element-6066-11e4-a52e-4f735466cecf":"f.7067A754552931941686B9F28D536C65.d.70EFB185608871BBFB9695AA88C53874.e.2485","ELEMENT":"f.7067A754552931941686B9F28D536C65.d.70EFB185608871BBFB9695AA88C53874.e.2485"}]}
COMMAND: POST /session/a4fc5c54f0f91f02d9fe8ae370abe98a/execute/sync - {"script":"<script> [5351 bytes]","args":[{"element-6066-11e4-a52e-4f735466cecf":"f.7067A754552931941686B9F28D536C65.d.70EFB185608871BBFB9695AA88C53874.e.2485","ELEMENT":"f.7067A754552931941686B9F28D536C65.d.70EFB185608871BBFB9695AA88C53874.e.2485"}]}
COMMAND: GET /session/a4fc5c54f0f91f02d9fe8ae370abe98a/screenshot - {}
RESULT: {}
RESULT: {"script":"<script> [5351 bytes]","args":[{"element-6066-11e4-a52e-4f735466cecf":"f.7067A754552931941686B9F28D536C65.d.70EFB185608871BBFB9695AA88C53874.e.2485","ELEMENT":"f.7067A754552931941686B9F28D536C65.d.70EFB185608871BBFB9695AA88C53874.e.2485"}]}
COMMAND: GET /session/a4fc5c54f0f91f02d9fe8ae370abe98a/screenshot - {}
RESULT: {}
RESULT: {}
COMMAND: POST /session/a4fc5c54f0f91f02d9fe8ae370abe98a/element/f.7067A754552931941686B9F28D536C65.d.70EFB185608871BBFB9695AA88C53874.e.2485/click - {}
RESULT: {}
COMMAND: GET /session/a4fc5c54f0f91f02d9fe8ae370abe98a/screenshot - {}
COMMAND: POST /session/a4fc5c54f0f91f02d9fe8ae370abe98a/execute/async - {"script":"<script> [1562 bytes]","args":[{"selector":{"controlType":"sap.m.Button","viewName":"etm.portal.ui.managesites.view.NewSmartSite","viewId":"application-managesites-display-component---NewSite","properties":{"text":"Contacts (Users)"},"interaction":{"idSuffix":"BDI-content"}},"wdio_ui5_key":"etmportal.ui.managesites.view.NewSmartSitesap.m.Button{\"text\":\"Contacts (Users)\"}"}]}
RESULT: {}
RESULT: {"script":"<script> [1562 bytes]","args":[{"selector":{"controlType":"sap.m.Button","viewName":"etm.portal.ui.managesites.view.NewSmartSite","viewId":"application-managesites-display-component---NewSite","properties":{"text":"Contacts (Users)"},"interaction":{"idSuffix":"BDI-content"}},"wdio_ui5_key":"etmportal.ui.managesites.view.NewSmartSitesap.m.Button{\"text\":\"Contacts (Users)\"}"}]}
RESULT: undefined
COMMAND: POST /session/a4fc5c54f0f91f02d9fe8ae370abe98a/element - {"using":"xpath","value":"//*[@id=\"application-managesites-display-component---NewSite--ObjectPageLayout-anchBar-__section50-anchor\"]"}
RESULT: {"using":"xpath","value":"//*[@id=\"application-managesites-display-component---NewSite--ObjectPageLayout-anchBar-__section50-anchor\"]"}
COMMAND: POST /session/a4fc5c54f0f91f02d9fe8ae370abe98a/element/f.7067A754552931941686B9F28D536C65.d.70EFB185608871BBFB9695AA88C53874.e.2905/click - {}
RESULT: {}
COMMAND: GET /session/a4fc5c54f0f91f02d9fe8ae370abe98a/screenshot - {}
RESULT: {}
COMMAND: POST /session/a4fc5c54f0f91f02d9fe8ae370abe98a/element - {"using":"xpath","value":"//button[@data-kt=\"onAddUserOverflowToolbarButton\"]"}
RESULT: {"using":"xpath","value":"//button[@data-kt=\"onAddUserOverflowToolbarButton\"]"}
COMMAND: POST /session/a4fc5c54f0f91f02d9fe8ae370abe98a/element/f.7067A754552931941686B9F28D536C65.d.70EFB185608871BBFB9695AA88C53874.e.2913/click - {}
RESULT: {}
COMMAND: GET /session/a4fc5c54f0f91f02d9fe8ae370abe98a/screenshot - {}
RESULT: {}
COMMAND: POST /session/a4fc5c54f0f91f02d9fe8ae370abe98a/execute/async - {"script":"<script> [1562 bytes]","args":[{"selector":{"controlType":"sap.m.SearchField","viewName":"etm.portal.ui.managesites.view.NewSmartSite","viewId":"application-managesites-display-component---NewSite","searchOpenDialogs":true,"interaction":{"idSuffix":"I"}},"wdio_ui5_key":"etmportal.ui.managesites.view.NewSmartSitesap.m.SearchField"}]}
RESULT: {"script":"<script> [1562 bytes]","args":[{"selector":{"controlType":"sap.m.SearchField","viewName":"etm.portal.ui.managesites.view.NewSmartSite","viewId":"application-managesites-display-component---NewSite","searchOpenDialogs":true,"interaction":{"idSuffix":"I"}},"wdio_ui5_key":"etmportal.ui.managesites.view.NewSmartSitesap.m.SearchField"}]}
RESULT: undefined
COMMAND: POST /session/a4fc5c54f0f91f02d9fe8ae370abe98a/execute/async - {"script":"<script> [776 bytes]","args":[{"enterText":"Test1ETM","selector":{"controlType":"sap.m.SearchField","viewName":"etm.portal.ui.managesites.view.NewSmartSite","viewId":"application-managesites-display-component---NewSite","searchOpenDialogs":true,"interaction":{"idSuffix":"I"}},"clearTextFirst":true,"interactionType":"ENTER_TEXT"}]}
RESULT: {"script":"<script> [776 bytes]","args":[{"enterText":"Test1ETM","selector":{"controlType":"sap.m.SearchField","viewName":"etm.portal.ui.managesites.view.NewSmartSite","viewId":"application-managesites-display-component---NewSite","searchOpenDialogs":true,"interaction":{"idSuffix":"I"}},"clearTextFirst":true,"interactionType":"ENTER_TEXT"}]}
COMMAND: POST /session/a4fc5c54f0f91f02d9fe8ae370abe98a/actions - {"actions":[{"id":"action12","type":"key","parameters":{},"actions":[{"type":"keyDown","value":""},{"type":"pause","duration":10},{"type":"keyUp","value":""}]}]}
RESULT: {"actions":[{"id":"action12","type":"key","parameters":{},"actions":[{"type":"keyDown","value":""},{"type":"pause","duration":10},{"type":"keyUp","value":""}]}]}
COMMAND: GET /session/a4fc5c54f0f91f02d9fe8ae370abe98a/screenshot - {}
RESULT: {}
COMMAND: POST /session/a4fc5c54f0f91f02d9fe8ae370abe98a/element - {"using":"xpath","value":"//li[.//*[contains(text(), \"Test1ETM\")] or contains(text(), \"Test1ETM\")]"}
RESULT: {"using":"xpath","value":"//li[.//*[contains(text(), \"Test1ETM\")] or contains(text(), \"Test1ETM\")]"}
COMMAND: POST /session/a4fc5c54f0f91f02d9fe8ae370abe98a/elements - {"using":"xpath","value":"//li[.//*[contains(text(), \"Test1ETM\")] or contains(text(), \"Test1ETM\")]"}
RESULT: {"using":"xpath","value":"//li[.//*[contains(text(), \"Test1ETM\")] or contains(text(), \"Test1ETM\")]"}
COMMAND: POST /session/a4fc5c54f0f91f02d9fe8ae370abe98a/element - {"using":"xpath","value":"//button[.//bdi[contains(text(), \"Cancel\")]][1]"}
RESULT: {"using":"xpath","value":"//button[.//bdi[contains(text(), \"Cancel\")]][1]"}
COMMAND: POST /session/a4fc5c54f0f91f02d9fe8ae370abe98a/element/f.7067A754552931941686B9F28D536C65.d.70EFB185608871BBFB9695AA88C53874.e.2919/click - {}
RESULT: {}
COMMAND: GET /session/a4fc5c54f0f91f02d9fe8ae370abe98a/screenshot - {}
RESULT: {}
COMMAND: POST /session/a4fc5c54f0f91f02d9fe8ae370abe98a/element - {"using":"css selector","value":"#shell-header-logo"}
RESULT: {"using":"css selector","value":"#shell-header-logo"}
COMMAND: POST /session/a4fc5c54f0f91f02d9fe8ae370abe98a/element/f.7067A754552931941686B9F28D536C65.d.70EFB185608871BBFB9695AA88C53874.e.2451/click - {}
RESULT: {}
COMMAND: GET /session/a4fc5c54f0f91f02d9fe8ae370abe98a/screenshot - {}
RESULT: {}
]]></system-out>
    </testcase>
    <testcase classname="chrome.136_0_7103_93.windows.Address_Management_Tests_US156181_US151165_US151160_US156180_US156178_US151157_US151172_US151170_US151166_US151168" name="Step 7 Should try to save empty address US151170 BUGGED FOR NOW" time="113.066">
      <failure/>
      <error message="Expect $(`//span[contains(@class, &quot;sapMMsgBoxText&quot;)]`) to be existing&#xA;&#xA;Expected: &quot;existing&quot;&#xA;Received: &quot;not existing&quot;"/>
      <system-out><![CDATA[
RESULT: undefined
COMMAND: POST /session/a4fc5c54f0f91f02d9fe8ae370abe98a/element - {"using":"xpath","value":"//*[@id=\"__tile33\"]"}
RESULT: {"using":"xpath","value":"//*[@id=\"__tile33\"]"}
COMMAND: POST /session/a4fc5c54f0f91f02d9fe8ae370abe98a/element/f.7067A754552931941686B9F28D536C65.d.70EFB185608871BBFB9695AA88C53874.e.232/click - {}
RESULT: {}
COMMAND: GET /session/a4fc5c54f0f91f02d9fe8ae370abe98a/screenshot - {}
RESULT: {}
COMMAND: POST /session/a4fc5c54f0f91f02d9fe8ae370abe98a/elements - {"using":"xpath","value":"//span[text()='Error']"}
RESULT: {"using":"xpath","value":"//span[text()='Error']"}
COMMAND: POST /session/a4fc5c54f0f91f02d9fe8ae370abe98a/element - {"using":"xpath","value":"//button[@data-kt=\"addButton\"]"}
RESULT: {"using":"xpath","value":"//button[@data-kt=\"addButton\"]"}
COMMAND: POST /session/a4fc5c54f0f91f02d9fe8ae370abe98a/elements - {"using":"xpath","value":"//button[@data-kt=\"addButton\"]"}
RESULT: {"using":"xpath","value":"//button[@data-kt=\"addButton\"]"}
COMMAND: POST /session/a4fc5c54f0f91f02d9fe8ae370abe98a/execute/sync - {"script":"<script> [8489 bytes]","args":[{"element-6066-11e4-a52e-4f735466cecf":"f.7067A754552931941686B9F28D536C65.d.70EFB185608871BBFB9695AA88C53874.e.2987","ELEMENT":"f.7067A754552931941686B9F28D536C65.d.70EFB185608871BBFB9695AA88C53874.e.2987"}]}
RESULT: {"script":"<script> [8489 bytes]","args":[{"element-6066-11e4-a52e-4f735466cecf":"f.7067A754552931941686B9F28D536C65.d.70EFB185608871BBFB9695AA88C53874.e.2987","ELEMENT":"f.7067A754552931941686B9F28D536C65.d.70EFB185608871BBFB9695AA88C53874.e.2987"}]}
COMMAND: GET /session/a4fc5c54f0f91f02d9fe8ae370abe98a/element/f.7067A754552931941686B9F28D536C65.d.70EFB185608871BBFB9695AA88C53874.e.2987/enabled - {}
COMMAND: GET /session/a4fc5c54f0f91f02d9fe8ae370abe98a/screenshot - {}
RESULT: {}
COMMAND: POST /session/a4fc5c54f0f91f02d9fe8ae370abe98a/execute/sync - {"script":"<script> [8489 bytes]","args":[{"element-6066-11e4-a52e-4f735466cecf":"f.7067A754552931941686B9F28D536C65.d.70EFB185608871BBFB9695AA88C53874.e.2987","ELEMENT":"f.7067A754552931941686B9F28D536C65.d.70EFB185608871BBFB9695AA88C53874.e.2987"}]}
COMMAND: GET /session/a4fc5c54f0f91f02d9fe8ae370abe98a/screenshot - {}
RESULT: {}
RESULT: {"script":"<script> [8489 bytes]","args":[{"element-6066-11e4-a52e-4f735466cecf":"f.7067A754552931941686B9F28D536C65.d.70EFB185608871BBFB9695AA88C53874.e.2987","ELEMENT":"f.7067A754552931941686B9F28D536C65.d.70EFB185608871BBFB9695AA88C53874.e.2987"}]}
COMMAND: POST /session/a4fc5c54f0f91f02d9fe8ae370abe98a/execute/sync - {"script":"<script> [5351 bytes]","args":[{"element-6066-11e4-a52e-4f735466cecf":"f.7067A754552931941686B9F28D536C65.d.70EFB185608871BBFB9695AA88C53874.e.2987","ELEMENT":"f.7067A754552931941686B9F28D536C65.d.70EFB185608871BBFB9695AA88C53874.e.2987"}]}
COMMAND: GET /session/a4fc5c54f0f91f02d9fe8ae370abe98a/screenshot - {}
RESULT: {}
RESULT: {"script":"<script> [5351 bytes]","args":[{"element-6066-11e4-a52e-4f735466cecf":"f.7067A754552931941686B9F28D536C65.d.70EFB185608871BBFB9695AA88C53874.e.2987","ELEMENT":"f.7067A754552931941686B9F28D536C65.d.70EFB185608871BBFB9695AA88C53874.e.2987"}]}
COMMAND: GET /session/a4fc5c54f0f91f02d9fe8ae370abe98a/screenshot - {}
RESULT: {}
RESULT: {}
RESULT: undefined
COMMAND: POST /session/a4fc5c54f0f91f02d9fe8ae370abe98a/execute/async - {"script":"<script> [776 bytes]","args":[{"enterText":"J1VHEBq27A","selector":{"id":"application-addressmanagement-display-component---masterAdm--smartFilterBar-btnBasicSearch","interaction":{"idSuffix":"I"}},"clearTextFirst":true,"interactionType":"ENTER_TEXT"}]}
RESULT: {"script":"<script> [776 bytes]","args":[{"enterText":"J1VHEBq27A","selector":{"id":"application-addressmanagement-display-component---masterAdm--smartFilterBar-btnBasicSearch","interaction":{"idSuffix":"I"}},"clearTextFirst":true,"interactionType":"ENTER_TEXT"}]}
COMMAND: POST /session/a4fc5c54f0f91f02d9fe8ae370abe98a/actions - {"actions":[{"id":"action13","type":"key","parameters":{},"actions":[{"type":"keyDown","value":""},{"type":"pause","duration":10},{"type":"keyUp","value":""}]}]}
RESULT: {"actions":[{"id":"action13","type":"key","parameters":{},"actions":[{"type":"keyDown","value":""},{"type":"pause","duration":10},{"type":"keyUp","value":""}]}]}
COMMAND: GET /session/a4fc5c54f0f91f02d9fe8ae370abe98a/screenshot - {}
RESULT: {}
COMMAND: POST /session/a4fc5c54f0f91f02d9fe8ae370abe98a/elements - {"using":"xpath","value":"//table[contains(@id, \"customPersonsAddressesTable-listUl\")]/tbody/tr"}
RESULT: {"using":"xpath","value":"//table[contains(@id, \"customPersonsAddressesTable-listUl\")]/tbody/tr"}
COMMAND: POST /session/a4fc5c54f0f91f02d9fe8ae370abe98a/element - {"using":"xpath","value":"//table[contains(@id, \"customPersonsAddressesTable-listUl\")]/tbody/tr[1]/td[5]/span/span"}
RESULT: {"using":"xpath","value":"//table[contains(@id, \"customPersonsAddressesTable-listUl\")]/tbody/tr[1]/td[5]/span/span"}
COMMAND: POST /session/a4fc5c54f0f91f02d9fe8ae370abe98a/element - {"using":"xpath","value":"//table[contains(@id, \"customPersonsAddressesTable-listUl\")]/tbody/tr[1]/td[3]/span"}
RESULT: {"using":"xpath","value":"//table[contains(@id, \"customPersonsAddressesTable-listUl\")]/tbody/tr[1]/td[3]/span"}
COMMAND: POST /session/a4fc5c54f0f91f02d9fe8ae370abe98a/elements - {"using":"xpath","value":"//table[contains(@id, \"customPersonsAddressesTable-listUl\")]/tbody/tr[1]/td[5]/span/span"}
RESULT: {"using":"xpath","value":"//table[contains(@id, \"customPersonsAddressesTable-listUl\")]/tbody/tr[1]/td[5]/span/span"}
COMMAND: POST /session/a4fc5c54f0f91f02d9fe8ae370abe98a/execute/sync - {"script":"<script> [56 bytes]","args":[{"element-6066-11e4-a52e-4f735466cecf":"f.7067A754552931941686B9F28D536C65.d.70EFB185608871BBFB9695AA88C53874.e.3121","ELEMENT":"f.7067A754552931941686B9F28D536C65.d.70EFB185608871BBFB9695AA88C53874.e.3121"}]}
RESULT: {"script":"<script> [56 bytes]","args":[{"element-6066-11e4-a52e-4f735466cecf":"f.7067A754552931941686B9F28D536C65.d.70EFB185608871BBFB9695AA88C53874.e.3121","ELEMENT":"f.7067A754552931941686B9F28D536C65.d.70EFB185608871BBFB9695AA88C53874.e.3121"}]}
COMMAND: POST /session/a4fc5c54f0f91f02d9fe8ae370abe98a/element - {"using":"xpath","value":"(//span[contains(@id, \"imgNav\")])[1]"}
COMMAND: GET /session/a4fc5c54f0f91f02d9fe8ae370abe98a/screenshot - {}
RESULT: {"using":"xpath","value":"(//span[contains(@id, \"imgNav\")])[1]"}
COMMAND: POST /session/a4fc5c54f0f91f02d9fe8ae370abe98a/element/f.7067A754552931941686B9F28D536C65.d.70EFB185608871BBFB9695AA88C53874.e.3119/click - {}
RESULT: {}
RESULT: {}
COMMAND: GET /session/a4fc5c54f0f91f02d9fe8ae370abe98a/screenshot - {}
RESULT: {}
COMMAND: POST /session/a4fc5c54f0f91f02d9fe8ae370abe98a/element - {"using":"xpath","value":"//bdi[contains(text(), \"Edit\")]"}
RESULT: {"using":"xpath","value":"//bdi[contains(text(), \"Edit\")]"}
COMMAND: POST /session/a4fc5c54f0f91f02d9fe8ae370abe98a/element/f.7067A754552931941686B9F28D536C65.d.70EFB185608871BBFB9695AA88C53874.e.3248/click - {}
RESULT: {}
COMMAND: GET /session/a4fc5c54f0f91f02d9fe8ae370abe98a/screenshot - {}
RESULT: {}
COMMAND: POST /session/a4fc5c54f0f91f02d9fe8ae370abe98a/execute/async - {"script":"<script> [1562 bytes]","args":[{"selector":{"controlType":"sap.m.Input","viewName":"etm.portal.ui.addressmanagement.view.EditDetail","labelFor":{"text":"Name"},"interaction":{"idSuffix":"inner"}},"wdio_ui5_key":"etmportal.ui.addressmanagement.view.EditDetailsap.m.Input{\"text\":\"Name\"}"}]}
RESULT: {"script":"<script> [1562 bytes]","args":[{"selector":{"controlType":"sap.m.Input","viewName":"etm.portal.ui.addressmanagement.view.EditDetail","labelFor":{"text":"Name"},"interaction":{"idSuffix":"inner"}},"wdio_ui5_key":"etmportal.ui.addressmanagement.view.EditDetailsap.m.Input{\"text\":\"Name\"}"}]}
RESULT: undefined
COMMAND: POST /session/a4fc5c54f0f91f02d9fe8ae370abe98a/element - {"using":"css selector","value":"#shell-header-logo"}
RESULT: {"using":"css selector","value":"#shell-header-logo"}
COMMAND: POST /session/a4fc5c54f0f91f02d9fe8ae370abe98a/element/f.7067A754552931941686B9F28D536C65.d.70EFB185608871BBFB9695AA88C53874.e.2924/click - {}
RESULT: {}
COMMAND: GET /session/a4fc5c54f0f91f02d9fe8ae370abe98a/screenshot - {}
RESULT: {}
COMMAND: POST /session/a4fc5c54f0f91f02d9fe8ae370abe98a/element - {"using":"xpath","value":"//span[contains(@class, \"sapMMsgBoxText\")]"}
RESULT: {"using":"xpath","value":"//span[contains(@class, \"sapMMsgBoxText\")]"}
COMMAND: POST /session/a4fc5c54f0f91f02d9fe8ae370abe98a/elements - {"using":"xpath","value":"//span[contains(@class, \"sapMMsgBoxText\")]"}
RESULT: {"using":"xpath","value":"//span[contains(@class, \"sapMMsgBoxText\")]"}
COMMAND: POST /session/a4fc5c54f0f91f02d9fe8ae370abe98a/elements - {"using":"xpath","value":"//span[contains(@class, \"sapMMsgBoxText\")]"}
RESULT: {"using":"xpath","value":"//span[contains(@class, \"sapMMsgBoxText\")]"}
COMMAND: POST /session/a4fc5c54f0f91f02d9fe8ae370abe98a/elements - {"using":"xpath","value":"//span[contains(@class, \"sapMMsgBoxText\")]"}
RESULT: {"using":"xpath","value":"//span[contains(@class, \"sapMMsgBoxText\")]"}
COMMAND: POST /session/a4fc5c54f0f91f02d9fe8ae370abe98a/elements - {"using":"xpath","value":"//span[contains(@class, \"sapMMsgBoxText\")]"}
RESULT: {"using":"xpath","value":"//span[contains(@class, \"sapMMsgBoxText\")]"}
COMMAND: POST /session/a4fc5c54f0f91f02d9fe8ae370abe98a/elements - {"using":"xpath","value":"//span[contains(@class, \"sapMMsgBoxText\")]"}
RESULT: {"using":"xpath","value":"//span[contains(@class, \"sapMMsgBoxText\")]"}
COMMAND: POST /session/a4fc5c54f0f91f02d9fe8ae370abe98a/elements - {"using":"xpath","value":"//span[contains(@class, \"sapMMsgBoxText\")]"}
RESULT: {"using":"xpath","value":"//span[contains(@class, \"sapMMsgBoxText\")]"}
COMMAND: POST /session/a4fc5c54f0f91f02d9fe8ae370abe98a/elements - {"using":"xpath","value":"//span[contains(@class, \"sapMMsgBoxText\")]"}
RESULT: {"using":"xpath","value":"//span[contains(@class, \"sapMMsgBoxText\")]"}
COMMAND: POST /session/a4fc5c54f0f91f02d9fe8ae370abe98a/elements - {"using":"xpath","value":"//span[contains(@class, \"sapMMsgBoxText\")]"}
RESULT: {"using":"xpath","value":"//span[contains(@class, \"sapMMsgBoxText\")]"}
COMMAND: POST /session/a4fc5c54f0f91f02d9fe8ae370abe98a/elements - {"using":"xpath","value":"//span[contains(@class, \"sapMMsgBoxText\")]"}
RESULT: {"using":"xpath","value":"//span[contains(@class, \"sapMMsgBoxText\")]"}
COMMAND: POST /session/a4fc5c54f0f91f02d9fe8ae370abe98a/elements - {"using":"xpath","value":"//span[contains(@class, \"sapMMsgBoxText\")]"}
RESULT: {"using":"xpath","value":"//span[contains(@class, \"sapMMsgBoxText\")]"}
COMMAND: POST /session/a4fc5c54f0f91f02d9fe8ae370abe98a/elements - {"using":"xpath","value":"//span[contains(@class, \"sapMMsgBoxText\")]"}
RESULT: {"using":"xpath","value":"//span[contains(@class, \"sapMMsgBoxText\")]"}
COMMAND: POST /session/a4fc5c54f0f91f02d9fe8ae370abe98a/elements - {"using":"xpath","value":"//span[contains(@class, \"sapMMsgBoxText\")]"}
RESULT: {"using":"xpath","value":"//span[contains(@class, \"sapMMsgBoxText\")]"}
COMMAND: POST /session/a4fc5c54f0f91f02d9fe8ae370abe98a/elements - {"using":"xpath","value":"//span[contains(@class, \"sapMMsgBoxText\")]"}
RESULT: {"using":"xpath","value":"//span[contains(@class, \"sapMMsgBoxText\")]"}
COMMAND: POST /session/a4fc5c54f0f91f02d9fe8ae370abe98a/elements - {"using":"xpath","value":"//span[contains(@class, \"sapMMsgBoxText\")]"}
RESULT: {"using":"xpath","value":"//span[contains(@class, \"sapMMsgBoxText\")]"}
COMMAND: POST /session/a4fc5c54f0f91f02d9fe8ae370abe98a/elements - {"using":"xpath","value":"//span[contains(@class, \"sapMMsgBoxText\")]"}
RESULT: {"using":"xpath","value":"//span[contains(@class, \"sapMMsgBoxText\")]"}
COMMAND: POST /session/a4fc5c54f0f91f02d9fe8ae370abe98a/elements - {"using":"xpath","value":"//span[contains(@class, \"sapMMsgBoxText\")]"}
RESULT: {"using":"xpath","value":"//span[contains(@class, \"sapMMsgBoxText\")]"}
COMMAND: POST /session/a4fc5c54f0f91f02d9fe8ae370abe98a/elements - {"using":"xpath","value":"//span[contains(@class, \"sapMMsgBoxText\")]"}
RESULT: {"using":"xpath","value":"//span[contains(@class, \"sapMMsgBoxText\")]"}
COMMAND: POST /session/a4fc5c54f0f91f02d9fe8ae370abe98a/elements - {"using":"xpath","value":"//span[contains(@class, \"sapMMsgBoxText\")]"}
RESULT: {"using":"xpath","value":"//span[contains(@class, \"sapMMsgBoxText\")]"}
COMMAND: POST /session/a4fc5c54f0f91f02d9fe8ae370abe98a/elements - {"using":"xpath","value":"//span[contains(@class, \"sapMMsgBoxText\")]"}
RESULT: {"using":"xpath","value":"//span[contains(@class, \"sapMMsgBoxText\")]"}
COMMAND: POST /session/a4fc5c54f0f91f02d9fe8ae370abe98a/elements - {"using":"xpath","value":"//span[contains(@class, \"sapMMsgBoxText\")]"}
RESULT: {"using":"xpath","value":"//span[contains(@class, \"sapMMsgBoxText\")]"}
COMMAND: POST /session/a4fc5c54f0f91f02d9fe8ae370abe98a/elements - {"using":"xpath","value":"//span[contains(@class, \"sapMMsgBoxText\")]"}
RESULT: {"using":"xpath","value":"//span[contains(@class, \"sapMMsgBoxText\")]"}
COMMAND: POST /session/a4fc5c54f0f91f02d9fe8ae370abe98a/elements - {"using":"xpath","value":"//span[contains(@class, \"sapMMsgBoxText\")]"}
RESULT: {"using":"xpath","value":"//span[contains(@class, \"sapMMsgBoxText\")]"}
COMMAND: POST /session/a4fc5c54f0f91f02d9fe8ae370abe98a/elements - {"using":"xpath","value":"//span[contains(@class, \"sapMMsgBoxText\")]"}
RESULT: {"using":"xpath","value":"//span[contains(@class, \"sapMMsgBoxText\")]"}
COMMAND: POST /session/a4fc5c54f0f91f02d9fe8ae370abe98a/elements - {"using":"xpath","value":"//span[contains(@class, \"sapMMsgBoxText\")]"}
RESULT: {"using":"xpath","value":"//span[contains(@class, \"sapMMsgBoxText\")]"}
COMMAND: POST /session/a4fc5c54f0f91f02d9fe8ae370abe98a/elements - {"using":"xpath","value":"//span[contains(@class, \"sapMMsgBoxText\")]"}
RESULT: {"using":"xpath","value":"//span[contains(@class, \"sapMMsgBoxText\")]"}
COMMAND: POST /session/a4fc5c54f0f91f02d9fe8ae370abe98a/elements - {"using":"xpath","value":"//span[contains(@class, \"sapMMsgBoxText\")]"}
RESULT: {"using":"xpath","value":"//span[contains(@class, \"sapMMsgBoxText\")]"}
COMMAND: POST /session/a4fc5c54f0f91f02d9fe8ae370abe98a/elements - {"using":"xpath","value":"//span[contains(@class, \"sapMMsgBoxText\")]"}
RESULT: {"using":"xpath","value":"//span[contains(@class, \"sapMMsgBoxText\")]"}
COMMAND: POST /session/a4fc5c54f0f91f02d9fe8ae370abe98a/elements - {"using":"xpath","value":"//span[contains(@class, \"sapMMsgBoxText\")]"}
RESULT: {"using":"xpath","value":"//span[contains(@class, \"sapMMsgBoxText\")]"}
COMMAND: POST /session/a4fc5c54f0f91f02d9fe8ae370abe98a/elements - {"using":"xpath","value":"//span[contains(@class, \"sapMMsgBoxText\")]"}
RESULT: {"using":"xpath","value":"//span[contains(@class, \"sapMMsgBoxText\")]"}
COMMAND: POST /session/a4fc5c54f0f91f02d9fe8ae370abe98a/elements - {"using":"xpath","value":"//span[contains(@class, \"sapMMsgBoxText\")]"}
RESULT: {"using":"xpath","value":"//span[contains(@class, \"sapMMsgBoxText\")]"}
COMMAND: POST /session/a4fc5c54f0f91f02d9fe8ae370abe98a/elements - {"using":"xpath","value":"//span[contains(@class, \"sapMMsgBoxText\")]"}
RESULT: {"using":"xpath","value":"//span[contains(@class, \"sapMMsgBoxText\")]"}
COMMAND: POST /session/a4fc5c54f0f91f02d9fe8ae370abe98a/elements - {"using":"xpath","value":"//span[contains(@class, \"sapMMsgBoxText\")]"}
RESULT: {"using":"xpath","value":"//span[contains(@class, \"sapMMsgBoxText\")]"}
COMMAND: POST /session/a4fc5c54f0f91f02d9fe8ae370abe98a/elements - {"using":"xpath","value":"//span[contains(@class, \"sapMMsgBoxText\")]"}
RESULT: {"using":"xpath","value":"//span[contains(@class, \"sapMMsgBoxText\")]"}
COMMAND: POST /session/a4fc5c54f0f91f02d9fe8ae370abe98a/elements - {"using":"xpath","value":"//span[contains(@class, \"sapMMsgBoxText\")]"}
RESULT: {"using":"xpath","value":"//span[contains(@class, \"sapMMsgBoxText\")]"}
COMMAND: POST /session/a4fc5c54f0f91f02d9fe8ae370abe98a/elements - {"using":"xpath","value":"//span[contains(@class, \"sapMMsgBoxText\")]"}
RESULT: {"using":"xpath","value":"//span[contains(@class, \"sapMMsgBoxText\")]"}
COMMAND: POST /session/a4fc5c54f0f91f02d9fe8ae370abe98a/elements - {"using":"xpath","value":"//span[contains(@class, \"sapMMsgBoxText\")]"}
RESULT: {"using":"xpath","value":"//span[contains(@class, \"sapMMsgBoxText\")]"}
COMMAND: POST /session/a4fc5c54f0f91f02d9fe8ae370abe98a/elements - {"using":"xpath","value":"//span[contains(@class, \"sapMMsgBoxText\")]"}
RESULT: {"using":"xpath","value":"//span[contains(@class, \"sapMMsgBoxText\")]"}
COMMAND: POST /session/a4fc5c54f0f91f02d9fe8ae370abe98a/elements - {"using":"xpath","value":"//span[contains(@class, \"sapMMsgBoxText\")]"}
RESULT: {"using":"xpath","value":"//span[contains(@class, \"sapMMsgBoxText\")]"}
COMMAND: POST /session/a4fc5c54f0f91f02d9fe8ae370abe98a/elements - {"using":"xpath","value":"//span[contains(@class, \"sapMMsgBoxText\")]"}
RESULT: {"using":"xpath","value":"//span[contains(@class, \"sapMMsgBoxText\")]"}
COMMAND: POST /session/a4fc5c54f0f91f02d9fe8ae370abe98a/elements - {"using":"xpath","value":"//span[contains(@class, \"sapMMsgBoxText\")]"}
RESULT: {"using":"xpath","value":"//span[contains(@class, \"sapMMsgBoxText\")]"}
COMMAND: POST /session/a4fc5c54f0f91f02d9fe8ae370abe98a/elements - {"using":"xpath","value":"//span[contains(@class, \"sapMMsgBoxText\")]"}
RESULT: {"using":"xpath","value":"//span[contains(@class, \"sapMMsgBoxText\")]"}
COMMAND: POST /session/a4fc5c54f0f91f02d9fe8ae370abe98a/elements - {"using":"xpath","value":"//span[contains(@class, \"sapMMsgBoxText\")]"}
RESULT: {"using":"xpath","value":"//span[contains(@class, \"sapMMsgBoxText\")]"}
COMMAND: POST /session/a4fc5c54f0f91f02d9fe8ae370abe98a/elements - {"using":"xpath","value":"//span[contains(@class, \"sapMMsgBoxText\")]"}
RESULT: {"using":"xpath","value":"//span[contains(@class, \"sapMMsgBoxText\")]"}
COMMAND: POST /session/a4fc5c54f0f91f02d9fe8ae370abe98a/elements - {"using":"xpath","value":"//span[contains(@class, \"sapMMsgBoxText\")]"}
RESULT: {"using":"xpath","value":"//span[contains(@class, \"sapMMsgBoxText\")]"}
COMMAND: POST /session/a4fc5c54f0f91f02d9fe8ae370abe98a/elements - {"using":"xpath","value":"//span[contains(@class, \"sapMMsgBoxText\")]"}
RESULT: {"using":"xpath","value":"//span[contains(@class, \"sapMMsgBoxText\")]"}
COMMAND: POST /session/a4fc5c54f0f91f02d9fe8ae370abe98a/elements - {"using":"xpath","value":"//span[contains(@class, \"sapMMsgBoxText\")]"}
RESULT: {"using":"xpath","value":"//span[contains(@class, \"sapMMsgBoxText\")]"}
COMMAND: POST /session/a4fc5c54f0f91f02d9fe8ae370abe98a/elements - {"using":"xpath","value":"//span[contains(@class, \"sapMMsgBoxText\")]"}
RESULT: {"using":"xpath","value":"//span[contains(@class, \"sapMMsgBoxText\")]"}
COMMAND: POST /session/a4fc5c54f0f91f02d9fe8ae370abe98a/elements - {"using":"xpath","value":"//span[contains(@class, \"sapMMsgBoxText\")]"}
RESULT: {"using":"xpath","value":"//span[contains(@class, \"sapMMsgBoxText\")]"}
COMMAND: POST /session/a4fc5c54f0f91f02d9fe8ae370abe98a/elements - {"using":"xpath","value":"//span[contains(@class, \"sapMMsgBoxText\")]"}
RESULT: {"using":"xpath","value":"//span[contains(@class, \"sapMMsgBoxText\")]"}
COMMAND: POST /session/a4fc5c54f0f91f02d9fe8ae370abe98a/elements - {"using":"xpath","value":"//span[contains(@class, \"sapMMsgBoxText\")]"}
RESULT: {"using":"xpath","value":"//span[contains(@class, \"sapMMsgBoxText\")]"}
COMMAND: POST /session/a4fc5c54f0f91f02d9fe8ae370abe98a/elements - {"using":"xpath","value":"//span[contains(@class, \"sapMMsgBoxText\")]"}
RESULT: {"using":"xpath","value":"//span[contains(@class, \"sapMMsgBoxText\")]"}
COMMAND: POST /session/a4fc5c54f0f91f02d9fe8ae370abe98a/elements - {"using":"xpath","value":"//span[contains(@class, \"sapMMsgBoxText\")]"}
RESULT: {"using":"xpath","value":"//span[contains(@class, \"sapMMsgBoxText\")]"}
COMMAND: POST /session/a4fc5c54f0f91f02d9fe8ae370abe98a/elements - {"using":"xpath","value":"//span[contains(@class, \"sapMMsgBoxText\")]"}
RESULT: {"using":"xpath","value":"//span[contains(@class, \"sapMMsgBoxText\")]"}
COMMAND: POST /session/a4fc5c54f0f91f02d9fe8ae370abe98a/elements - {"using":"xpath","value":"//span[contains(@class, \"sapMMsgBoxText\")]"}
RESULT: {"using":"xpath","value":"//span[contains(@class, \"sapMMsgBoxText\")]"}
COMMAND: POST /session/a4fc5c54f0f91f02d9fe8ae370abe98a/elements - {"using":"xpath","value":"//span[contains(@class, \"sapMMsgBoxText\")]"}
RESULT: {"using":"xpath","value":"//span[contains(@class, \"sapMMsgBoxText\")]"}
COMMAND: POST /session/a4fc5c54f0f91f02d9fe8ae370abe98a/elements - {"using":"xpath","value":"//span[contains(@class, \"sapMMsgBoxText\")]"}
RESULT: {"using":"xpath","value":"//span[contains(@class, \"sapMMsgBoxText\")]"}
COMMAND: POST /session/a4fc5c54f0f91f02d9fe8ae370abe98a/elements - {"using":"xpath","value":"//span[contains(@class, \"sapMMsgBoxText\")]"}
RESULT: {"using":"xpath","value":"//span[contains(@class, \"sapMMsgBoxText\")]"}
COMMAND: POST /session/a4fc5c54f0f91f02d9fe8ae370abe98a/elements - {"using":"xpath","value":"//span[contains(@class, \"sapMMsgBoxText\")]"}
RESULT: {"using":"xpath","value":"//span[contains(@class, \"sapMMsgBoxText\")]"}
COMMAND: POST /session/a4fc5c54f0f91f02d9fe8ae370abe98a/elements - {"using":"xpath","value":"//span[contains(@class, \"sapMMsgBoxText\")]"}
RESULT: {"using":"xpath","value":"//span[contains(@class, \"sapMMsgBoxText\")]"}
COMMAND: POST /session/a4fc5c54f0f91f02d9fe8ae370abe98a/elements - {"using":"xpath","value":"//span[contains(@class, \"sapMMsgBoxText\")]"}
RESULT: {"using":"xpath","value":"//span[contains(@class, \"sapMMsgBoxText\")]"}
COMMAND: POST /session/a4fc5c54f0f91f02d9fe8ae370abe98a/elements - {"using":"xpath","value":"//span[contains(@class, \"sapMMsgBoxText\")]"}
RESULT: {"using":"xpath","value":"//span[contains(@class, \"sapMMsgBoxText\")]"}
COMMAND: POST /session/a4fc5c54f0f91f02d9fe8ae370abe98a/elements - {"using":"xpath","value":"//span[contains(@class, \"sapMMsgBoxText\")]"}
RESULT: {"using":"xpath","value":"//span[contains(@class, \"sapMMsgBoxText\")]"}
COMMAND: POST /session/a4fc5c54f0f91f02d9fe8ae370abe98a/elements - {"using":"xpath","value":"//span[contains(@class, \"sapMMsgBoxText\")]"}
RESULT: {"using":"xpath","value":"//span[contains(@class, \"sapMMsgBoxText\")]"}
COMMAND: POST /session/a4fc5c54f0f91f02d9fe8ae370abe98a/elements - {"using":"xpath","value":"//span[contains(@class, \"sapMMsgBoxText\")]"}
RESULT: {"using":"xpath","value":"//span[contains(@class, \"sapMMsgBoxText\")]"}
COMMAND: POST /session/a4fc5c54f0f91f02d9fe8ae370abe98a/elements - {"using":"xpath","value":"//span[contains(@class, \"sapMMsgBoxText\")]"}
RESULT: {"using":"xpath","value":"//span[contains(@class, \"sapMMsgBoxText\")]"}
COMMAND: POST /session/a4fc5c54f0f91f02d9fe8ae370abe98a/elements - {"using":"xpath","value":"//span[contains(@class, \"sapMMsgBoxText\")]"}
RESULT: {"using":"xpath","value":"//span[contains(@class, \"sapMMsgBoxText\")]"}
COMMAND: POST /session/a4fc5c54f0f91f02d9fe8ae370abe98a/elements - {"using":"xpath","value":"//span[contains(@class, \"sapMMsgBoxText\")]"}
RESULT: {"using":"xpath","value":"//span[contains(@class, \"sapMMsgBoxText\")]"}
COMMAND: POST /session/a4fc5c54f0f91f02d9fe8ae370abe98a/elements - {"using":"xpath","value":"//span[contains(@class, \"sapMMsgBoxText\")]"}
RESULT: {"using":"xpath","value":"//span[contains(@class, \"sapMMsgBoxText\")]"}
COMMAND: POST /session/a4fc5c54f0f91f02d9fe8ae370abe98a/elements - {"using":"xpath","value":"//span[contains(@class, \"sapMMsgBoxText\")]"}
RESULT: {"using":"xpath","value":"//span[contains(@class, \"sapMMsgBoxText\")]"}
COMMAND: POST /session/a4fc5c54f0f91f02d9fe8ae370abe98a/elements - {"using":"xpath","value":"//span[contains(@class, \"sapMMsgBoxText\")]"}
RESULT: {"using":"xpath","value":"//span[contains(@class, \"sapMMsgBoxText\")]"}
COMMAND: POST /session/a4fc5c54f0f91f02d9fe8ae370abe98a/elements - {"using":"xpath","value":"//span[contains(@class, \"sapMMsgBoxText\")]"}
RESULT: {"using":"xpath","value":"//span[contains(@class, \"sapMMsgBoxText\")]"}
COMMAND: POST /session/a4fc5c54f0f91f02d9fe8ae370abe98a/elements - {"using":"xpath","value":"//span[contains(@class, \"sapMMsgBoxText\")]"}
RESULT: {"using":"xpath","value":"//span[contains(@class, \"sapMMsgBoxText\")]"}
COMMAND: POST /session/a4fc5c54f0f91f02d9fe8ae370abe98a/elements - {"using":"xpath","value":"//span[contains(@class, \"sapMMsgBoxText\")]"}
RESULT: {"using":"xpath","value":"//span[contains(@class, \"sapMMsgBoxText\")]"}
COMMAND: POST /session/a4fc5c54f0f91f02d9fe8ae370abe98a/elements - {"using":"xpath","value":"//span[contains(@class, \"sapMMsgBoxText\")]"}
RESULT: {"using":"xpath","value":"//span[contains(@class, \"sapMMsgBoxText\")]"}
COMMAND: POST /session/a4fc5c54f0f91f02d9fe8ae370abe98a/elements - {"using":"xpath","value":"//span[contains(@class, \"sapMMsgBoxText\")]"}
RESULT: {"using":"xpath","value":"//span[contains(@class, \"sapMMsgBoxText\")]"}
COMMAND: POST /session/a4fc5c54f0f91f02d9fe8ae370abe98a/elements - {"using":"xpath","value":"//span[contains(@class, \"sapMMsgBoxText\")]"}
RESULT: {"using":"xpath","value":"//span[contains(@class, \"sapMMsgBoxText\")]"}
COMMAND: POST /session/a4fc5c54f0f91f02d9fe8ae370abe98a/elements - {"using":"xpath","value":"//span[contains(@class, \"sapMMsgBoxText\")]"}
RESULT: {"using":"xpath","value":"//span[contains(@class, \"sapMMsgBoxText\")]"}
COMMAND: POST /session/a4fc5c54f0f91f02d9fe8ae370abe98a/elements - {"using":"xpath","value":"//span[contains(@class, \"sapMMsgBoxText\")]"}
RESULT: {"using":"xpath","value":"//span[contains(@class, \"sapMMsgBoxText\")]"}
COMMAND: POST /session/a4fc5c54f0f91f02d9fe8ae370abe98a/elements - {"using":"xpath","value":"//span[contains(@class, \"sapMMsgBoxText\")]"}
RESULT: {"using":"xpath","value":"//span[contains(@class, \"sapMMsgBoxText\")]"}
COMMAND: POST /session/a4fc5c54f0f91f02d9fe8ae370abe98a/elements - {"using":"xpath","value":"//span[contains(@class, \"sapMMsgBoxText\")]"}
RESULT: {"using":"xpath","value":"//span[contains(@class, \"sapMMsgBoxText\")]"}
COMMAND: POST /session/a4fc5c54f0f91f02d9fe8ae370abe98a/elements - {"using":"xpath","value":"//span[contains(@class, \"sapMMsgBoxText\")]"}
RESULT: {"using":"xpath","value":"//span[contains(@class, \"sapMMsgBoxText\")]"}
COMMAND: POST /session/a4fc5c54f0f91f02d9fe8ae370abe98a/elements - {"using":"xpath","value":"//span[contains(@class, \"sapMMsgBoxText\")]"}
RESULT: {"using":"xpath","value":"//span[contains(@class, \"sapMMsgBoxText\")]"}
COMMAND: POST /session/a4fc5c54f0f91f02d9fe8ae370abe98a/elements - {"using":"xpath","value":"//span[contains(@class, \"sapMMsgBoxText\")]"}
RESULT: {"using":"xpath","value":"//span[contains(@class, \"sapMMsgBoxText\")]"}
COMMAND: POST /session/a4fc5c54f0f91f02d9fe8ae370abe98a/elements - {"using":"xpath","value":"//span[contains(@class, \"sapMMsgBoxText\")]"}
RESULT: {"using":"xpath","value":"//span[contains(@class, \"sapMMsgBoxText\")]"}
COMMAND: POST /session/a4fc5c54f0f91f02d9fe8ae370abe98a/elements - {"using":"xpath","value":"//span[contains(@class, \"sapMMsgBoxText\")]"}
RESULT: {"using":"xpath","value":"//span[contains(@class, \"sapMMsgBoxText\")]"}
COMMAND: POST /session/a4fc5c54f0f91f02d9fe8ae370abe98a/elements - {"using":"xpath","value":"//span[contains(@class, \"sapMMsgBoxText\")]"}
RESULT: {"using":"xpath","value":"//span[contains(@class, \"sapMMsgBoxText\")]"}
COMMAND: POST /session/a4fc5c54f0f91f02d9fe8ae370abe98a/elements - {"using":"xpath","value":"//span[contains(@class, \"sapMMsgBoxText\")]"}
RESULT: {"using":"xpath","value":"//span[contains(@class, \"sapMMsgBoxText\")]"}
COMMAND: POST /session/a4fc5c54f0f91f02d9fe8ae370abe98a/elements - {"using":"xpath","value":"//span[contains(@class, \"sapMMsgBoxText\")]"}
RESULT: {"using":"xpath","value":"//span[contains(@class, \"sapMMsgBoxText\")]"}
COMMAND: POST /session/a4fc5c54f0f91f02d9fe8ae370abe98a/elements - {"using":"xpath","value":"//span[contains(@class, \"sapMMsgBoxText\")]"}
RESULT: {"using":"xpath","value":"//span[contains(@class, \"sapMMsgBoxText\")]"}
COMMAND: POST /session/a4fc5c54f0f91f02d9fe8ae370abe98a/elements - {"using":"xpath","value":"//span[contains(@class, \"sapMMsgBoxText\")]"}
RESULT: {"using":"xpath","value":"//span[contains(@class, \"sapMMsgBoxText\")]"}
COMMAND: POST /session/a4fc5c54f0f91f02d9fe8ae370abe98a/elements - {"using":"xpath","value":"//span[contains(@class, \"sapMMsgBoxText\")]"}
RESULT: {"using":"xpath","value":"//span[contains(@class, \"sapMMsgBoxText\")]"}
COMMAND: POST /session/a4fc5c54f0f91f02d9fe8ae370abe98a/elements - {"using":"xpath","value":"//span[contains(@class, \"sapMMsgBoxText\")]"}
RESULT: {"using":"xpath","value":"//span[contains(@class, \"sapMMsgBoxText\")]"}
COMMAND: POST /session/a4fc5c54f0f91f02d9fe8ae370abe98a/elements - {"using":"xpath","value":"//span[contains(@class, \"sapMMsgBoxText\")]"}
RESULT: {"using":"xpath","value":"//span[contains(@class, \"sapMMsgBoxText\")]"}
COMMAND: POST /session/a4fc5c54f0f91f02d9fe8ae370abe98a/elements - {"using":"xpath","value":"//span[contains(@class, \"sapMMsgBoxText\")]"}
RESULT: {"using":"xpath","value":"//span[contains(@class, \"sapMMsgBoxText\")]"}
COMMAND: POST /session/a4fc5c54f0f91f02d9fe8ae370abe98a/elements - {"using":"xpath","value":"//span[contains(@class, \"sapMMsgBoxText\")]"}
RESULT: {"using":"xpath","value":"//span[contains(@class, \"sapMMsgBoxText\")]"}
COMMAND: POST /session/a4fc5c54f0f91f02d9fe8ae370abe98a/elements - {"using":"xpath","value":"//span[contains(@class, \"sapMMsgBoxText\")]"}
RESULT: {"using":"xpath","value":"//span[contains(@class, \"sapMMsgBoxText\")]"}
COMMAND: POST /session/a4fc5c54f0f91f02d9fe8ae370abe98a/elements - {"using":"xpath","value":"//span[contains(@class, \"sapMMsgBoxText\")]"}
RESULT: {"using":"xpath","value":"//span[contains(@class, \"sapMMsgBoxText\")]"}
COMMAND: POST /session/a4fc5c54f0f91f02d9fe8ae370abe98a/elements - {"using":"xpath","value":"//span[contains(@class, \"sapMMsgBoxText\")]"}
RESULT: {"using":"xpath","value":"//span[contains(@class, \"sapMMsgBoxText\")]"}
COMMAND: POST /session/a4fc5c54f0f91f02d9fe8ae370abe98a/elements - {"using":"xpath","value":"//span[contains(@class, \"sapMMsgBoxText\")]"}
RESULT: {"using":"xpath","value":"//span[contains(@class, \"sapMMsgBoxText\")]"}
COMMAND: POST /session/a4fc5c54f0f91f02d9fe8ae370abe98a/elements - {"using":"xpath","value":"//span[contains(@class, \"sapMMsgBoxText\")]"}
RESULT: {"using":"xpath","value":"//span[contains(@class, \"sapMMsgBoxText\")]"}
COMMAND: POST /session/a4fc5c54f0f91f02d9fe8ae370abe98a/elements - {"using":"xpath","value":"//span[contains(@class, \"sapMMsgBoxText\")]"}
RESULT: {"using":"xpath","value":"//span[contains(@class, \"sapMMsgBoxText\")]"}
COMMAND: POST /session/a4fc5c54f0f91f02d9fe8ae370abe98a/elements - {"using":"xpath","value":"//span[contains(@class, \"sapMMsgBoxText\")]"}
RESULT: {"using":"xpath","value":"//span[contains(@class, \"sapMMsgBoxText\")]"}
COMMAND: POST /session/a4fc5c54f0f91f02d9fe8ae370abe98a/elements - {"using":"xpath","value":"//span[contains(@class, \"sapMMsgBoxText\")]"}
RESULT: {"using":"xpath","value":"//span[contains(@class, \"sapMMsgBoxText\")]"}
COMMAND: POST /session/a4fc5c54f0f91f02d9fe8ae370abe98a/elements - {"using":"xpath","value":"//span[contains(@class, \"sapMMsgBoxText\")]"}
RESULT: {"using":"xpath","value":"//span[contains(@class, \"sapMMsgBoxText\")]"}
COMMAND: POST /session/a4fc5c54f0f91f02d9fe8ae370abe98a/elements - {"using":"xpath","value":"//span[contains(@class, \"sapMMsgBoxText\")]"}
RESULT: {"using":"xpath","value":"//span[contains(@class, \"sapMMsgBoxText\")]"}
COMMAND: POST /session/a4fc5c54f0f91f02d9fe8ae370abe98a/elements - {"using":"xpath","value":"//span[contains(@class, \"sapMMsgBoxText\")]"}
RESULT: {"using":"xpath","value":"//span[contains(@class, \"sapMMsgBoxText\")]"}
COMMAND: POST /session/a4fc5c54f0f91f02d9fe8ae370abe98a/elements - {"using":"xpath","value":"//span[contains(@class, \"sapMMsgBoxText\")]"}
RESULT: {"using":"xpath","value":"//span[contains(@class, \"sapMMsgBoxText\")]"}
COMMAND: POST /session/a4fc5c54f0f91f02d9fe8ae370abe98a/elements - {"using":"xpath","value":"//span[contains(@class, \"sapMMsgBoxText\")]"}
RESULT: {"using":"xpath","value":"//span[contains(@class, \"sapMMsgBoxText\")]"}
COMMAND: POST /session/a4fc5c54f0f91f02d9fe8ae370abe98a/elements - {"using":"xpath","value":"//span[contains(@class, \"sapMMsgBoxText\")]"}
RESULT: {"using":"xpath","value":"//span[contains(@class, \"sapMMsgBoxText\")]"}
COMMAND: POST /session/a4fc5c54f0f91f02d9fe8ae370abe98a/elements - {"using":"xpath","value":"//span[contains(@class, \"sapMMsgBoxText\")]"}
RESULT: {"using":"xpath","value":"//span[contains(@class, \"sapMMsgBoxText\")]"}
COMMAND: POST /session/a4fc5c54f0f91f02d9fe8ae370abe98a/elements - {"using":"xpath","value":"//span[contains(@class, \"sapMMsgBoxText\")]"}
RESULT: {"using":"xpath","value":"//span[contains(@class, \"sapMMsgBoxText\")]"}
COMMAND: POST /session/a4fc5c54f0f91f02d9fe8ae370abe98a/elements - {"using":"xpath","value":"//span[contains(@class, \"sapMMsgBoxText\")]"}
RESULT: {"using":"xpath","value":"//span[contains(@class, \"sapMMsgBoxText\")]"}
COMMAND: POST /session/a4fc5c54f0f91f02d9fe8ae370abe98a/elements - {"using":"xpath","value":"//span[contains(@class, \"sapMMsgBoxText\")]"}
RESULT: {"using":"xpath","value":"//span[contains(@class, \"sapMMsgBoxText\")]"}
COMMAND: POST /session/a4fc5c54f0f91f02d9fe8ae370abe98a/element - {"using":"css selector","value":"#shell-header-logo"}
RESULT: {"using":"css selector","value":"#shell-header-logo"}
COMMAND: POST /session/a4fc5c54f0f91f02d9fe8ae370abe98a/element/f.7067A754552931941686B9F28D536C65.d.70EFB185608871BBFB9695AA88C53874.e.3287/click - {}
RESULT: {}
COMMAND: GET /session/a4fc5c54f0f91f02d9fe8ae370abe98a/screenshot - {}
RESULT: {}
COMMAND: GET /session/a4fc5c54f0f91f02d9fe8ae370abe98a/screenshot - {}
RESULT: {}
]]></system-out>
      <system-err><![CDATA[
Error: Expect $(`//span[contains(@class, "sapMMsgBoxText")]`) to be existing

Expected: "existing"
Received: "not existing"
    at Context.<anonymous> (D:\a\1\s\test\specs\BTS\address-management.spec.js:1014:38)
]]></system-err>
    </testcase>
    <testcase classname="chrome.136_0_7103_93.windows.Address_Management_Tests_US156181_US151165_US151160_US156180_US156178_US151157_US151172_US151170_US151166_US151168" name="Step 8 Should add an attachment to the created address US151166 BUGGED FOR NOW" time="59.095">
      <system-out><![CDATA[
RESULT: undefined
COMMAND: POST /session/a4fc5c54f0f91f02d9fe8ae370abe98a/element - {"using":"xpath","value":"//*[@id=\"__tile33\"]"}
COMMAND: GET /session/a4fc5c54f0f91f02d9fe8ae370abe98a/screenshot - {}
RESULT: {"using":"xpath","value":"//*[@id=\"__tile33\"]"}
COMMAND: POST /session/a4fc5c54f0f91f02d9fe8ae370abe98a/element/f.7067A754552931941686B9F28D536C65.d.70EFB185608871BBFB9695AA88C53874.e.232/click - {}
RESULT: {}
RESULT: {}
COMMAND: GET /session/a4fc5c54f0f91f02d9fe8ae370abe98a/screenshot - {}
COMMAND: POST /session/a4fc5c54f0f91f02d9fe8ae370abe98a/elements - {"using":"xpath","value":"//span[text()='Error']"}
RESULT: {}
RESULT: {"using":"xpath","value":"//span[text()='Error']"}
COMMAND: POST /session/a4fc5c54f0f91f02d9fe8ae370abe98a/element - {"using":"xpath","value":"//button[@data-kt=\"addButton\"]"}
RESULT: {"using":"xpath","value":"//button[@data-kt=\"addButton\"]"}
COMMAND: POST /session/a4fc5c54f0f91f02d9fe8ae370abe98a/elements - {"using":"xpath","value":"//button[@data-kt=\"addButton\"]"}
RESULT: {"using":"xpath","value":"//button[@data-kt=\"addButton\"]"}
COMMAND: POST /session/a4fc5c54f0f91f02d9fe8ae370abe98a/execute/sync - {"script":"<script> [8489 bytes]","args":[{"element-6066-11e4-a52e-4f735466cecf":"f.7067A754552931941686B9F28D536C65.d.70EFB185608871BBFB9695AA88C53874.e.3453","ELEMENT":"f.7067A754552931941686B9F28D536C65.d.70EFB185608871BBFB9695AA88C53874.e.3453"}]}
RESULT: {"script":"<script> [8489 bytes]","args":[{"element-6066-11e4-a52e-4f735466cecf":"f.7067A754552931941686B9F28D536C65.d.70EFB185608871BBFB9695AA88C53874.e.3453","ELEMENT":"f.7067A754552931941686B9F28D536C65.d.70EFB185608871BBFB9695AA88C53874.e.3453"}]}
COMMAND: GET /session/a4fc5c54f0f91f02d9fe8ae370abe98a/element/f.7067A754552931941686B9F28D536C65.d.70EFB185608871BBFB9695AA88C53874.e.3453/enabled - {}
COMMAND: GET /session/a4fc5c54f0f91f02d9fe8ae370abe98a/screenshot - {}
RESULT: {}
COMMAND: POST /session/a4fc5c54f0f91f02d9fe8ae370abe98a/execute/sync - {"script":"<script> [8489 bytes]","args":[{"element-6066-11e4-a52e-4f735466cecf":"f.7067A754552931941686B9F28D536C65.d.70EFB185608871BBFB9695AA88C53874.e.3453","ELEMENT":"f.7067A754552931941686B9F28D536C65.d.70EFB185608871BBFB9695AA88C53874.e.3453"}]}
COMMAND: GET /session/a4fc5c54f0f91f02d9fe8ae370abe98a/screenshot - {}
RESULT: {}
RESULT: {"script":"<script> [8489 bytes]","args":[{"element-6066-11e4-a52e-4f735466cecf":"f.7067A754552931941686B9F28D536C65.d.70EFB185608871BBFB9695AA88C53874.e.3453","ELEMENT":"f.7067A754552931941686B9F28D536C65.d.70EFB185608871BBFB9695AA88C53874.e.3453"}]}
COMMAND: POST /session/a4fc5c54f0f91f02d9fe8ae370abe98a/execute/sync - {"script":"<script> [5351 bytes]","args":[{"element-6066-11e4-a52e-4f735466cecf":"f.7067A754552931941686B9F28D536C65.d.70EFB185608871BBFB9695AA88C53874.e.3453","ELEMENT":"f.7067A754552931941686B9F28D536C65.d.70EFB185608871BBFB9695AA88C53874.e.3453"}]}
COMMAND: GET /session/a4fc5c54f0f91f02d9fe8ae370abe98a/screenshot - {}
RESULT: {}
RESULT: {"script":"<script> [5351 bytes]","args":[{"element-6066-11e4-a52e-4f735466cecf":"f.7067A754552931941686B9F28D536C65.d.70EFB185608871BBFB9695AA88C53874.e.3453","ELEMENT":"f.7067A754552931941686B9F28D536C65.d.70EFB185608871BBFB9695AA88C53874.e.3453"}]}
COMMAND: GET /session/a4fc5c54f0f91f02d9fe8ae370abe98a/screenshot - {}
RESULT: {}
RESULT: {}
RESULT: undefined
COMMAND: POST /session/a4fc5c54f0f91f02d9fe8ae370abe98a/execute/async - {"script":"<script> [776 bytes]","args":[{"enterText":"J1VHEBq27A","selector":{"id":"application-addressmanagement-display-component---masterAdm--smartFilterBar-btnBasicSearch","interaction":{"idSuffix":"I"}},"clearTextFirst":true,"interactionType":"ENTER_TEXT"}]}
RESULT: {"script":"<script> [776 bytes]","args":[{"enterText":"J1VHEBq27A","selector":{"id":"application-addressmanagement-display-component---masterAdm--smartFilterBar-btnBasicSearch","interaction":{"idSuffix":"I"}},"clearTextFirst":true,"interactionType":"ENTER_TEXT"}]}
COMMAND: POST /session/a4fc5c54f0f91f02d9fe8ae370abe98a/actions - {"actions":[{"id":"action14","type":"key","parameters":{},"actions":[{"type":"keyDown","value":""},{"type":"pause","duration":10},{"type":"keyUp","value":""}]}]}
RESULT: {"actions":[{"id":"action14","type":"key","parameters":{},"actions":[{"type":"keyDown","value":""},{"type":"pause","duration":10},{"type":"keyUp","value":""}]}]}
COMMAND: GET /session/a4fc5c54f0f91f02d9fe8ae370abe98a/screenshot - {}
RESULT: {}
COMMAND: POST /session/a4fc5c54f0f91f02d9fe8ae370abe98a/elements - {"using":"xpath","value":"//table[contains(@id, \"customPersonsAddressesTable-listUl\")]/tbody/tr"}
RESULT: {"using":"xpath","value":"//table[contains(@id, \"customPersonsAddressesTable-listUl\")]/tbody/tr"}
COMMAND: POST /session/a4fc5c54f0f91f02d9fe8ae370abe98a/element - {"using":"xpath","value":"//table[contains(@id, \"customPersonsAddressesTable-listUl\")]/tbody/tr[1]/td[5]/span/span"}
RESULT: {"using":"xpath","value":"//table[contains(@id, \"customPersonsAddressesTable-listUl\")]/tbody/tr[1]/td[5]/span/span"}
COMMAND: POST /session/a4fc5c54f0f91f02d9fe8ae370abe98a/element - {"using":"xpath","value":"//table[contains(@id, \"customPersonsAddressesTable-listUl\")]/tbody/tr[1]/td[3]/span"}
RESULT: {"using":"xpath","value":"//table[contains(@id, \"customPersonsAddressesTable-listUl\")]/tbody/tr[1]/td[3]/span"}
COMMAND: POST /session/a4fc5c54f0f91f02d9fe8ae370abe98a/elements - {"using":"xpath","value":"//table[contains(@id, \"customPersonsAddressesTable-listUl\")]/tbody/tr[1]/td[5]/span/span"}
RESULT: {"using":"xpath","value":"//table[contains(@id, \"customPersonsAddressesTable-listUl\")]/tbody/tr[1]/td[5]/span/span"}
COMMAND: POST /session/a4fc5c54f0f91f02d9fe8ae370abe98a/execute/sync - {"script":"<script> [56 bytes]","args":[{"element-6066-11e4-a52e-4f735466cecf":"f.7067A754552931941686B9F28D536C65.d.70EFB185608871BBFB9695AA88C53874.e.3486","ELEMENT":"f.7067A754552931941686B9F28D536C65.d.70EFB185608871BBFB9695AA88C53874.e.3486"}]}
RESULT: {"script":"<script> [56 bytes]","args":[{"element-6066-11e4-a52e-4f735466cecf":"f.7067A754552931941686B9F28D536C65.d.70EFB185608871BBFB9695AA88C53874.e.3486","ELEMENT":"f.7067A754552931941686B9F28D536C65.d.70EFB185608871BBFB9695AA88C53874.e.3486"}]}
COMMAND: POST /session/a4fc5c54f0f91f02d9fe8ae370abe98a/execute/sync - {"script":"<script> [56 bytes]","args":[{"element-6066-11e4-a52e-4f735466cecf":"f.7067A754552931941686B9F28D536C65.d.70EFB185608871BBFB9695AA88C53874.e.3487","ELEMENT":"f.7067A754552931941686B9F28D536C65.d.70EFB185608871BBFB9695AA88C53874.e.3487"}]}
COMMAND: GET /session/a4fc5c54f0f91f02d9fe8ae370abe98a/screenshot - {}
RESULT: {"script":"<script> [56 bytes]","args":[{"element-6066-11e4-a52e-4f735466cecf":"f.7067A754552931941686B9F28D536C65.d.70EFB185608871BBFB9695AA88C53874.e.3487","ELEMENT":"f.7067A754552931941686B9F28D536C65.d.70EFB185608871BBFB9695AA88C53874.e.3487"}]}
COMMAND: POST /session/a4fc5c54f0f91f02d9fe8ae370abe98a/element - {"using":"xpath","value":"(//span[contains(@id, \"imgNav\")])[1]"}
COMMAND: GET /session/a4fc5c54f0f91f02d9fe8ae370abe98a/screenshot - {}
RESULT: {}
RESULT: {"using":"xpath","value":"(//span[contains(@id, \"imgNav\")])[1]"}
COMMAND: POST /session/a4fc5c54f0f91f02d9fe8ae370abe98a/element/f.7067A754552931941686B9F28D536C65.d.70EFB185608871BBFB9695AA88C53874.e.3483/click - {}
RESULT: {}
RESULT: {}
COMMAND: GET /session/a4fc5c54f0f91f02d9fe8ae370abe98a/screenshot - {}
RESULT: {}
COMMAND: POST /session/a4fc5c54f0f91f02d9fe8ae370abe98a/element - {"using":"xpath","value":"//bdi[contains(text(), \"Edit\")]"}
RESULT: {"using":"xpath","value":"//bdi[contains(text(), \"Edit\")]"}
COMMAND: POST /session/a4fc5c54f0f91f02d9fe8ae370abe98a/element/f.7067A754552931941686B9F28D536C65.d.70EFB185608871BBFB9695AA88C53874.e.3613/click - {}
RESULT: {}
COMMAND: GET /session/a4fc5c54f0f91f02d9fe8ae370abe98a/screenshot - {}
RESULT: {}
COMMAND: POST /session/a4fc5c54f0f91f02d9fe8ae370abe98a/execute/async - {"script":"<script> [1562 bytes]","args":[{"selector":{"controlType":"sap.m.Button","viewName":"etm.portal.ui.addressmanagement.view.EditDetail","properties":{"text":"Attachments (0)"},"interaction":{"idSuffix":"BDI-content"}},"wdio_ui5_key":"etmportal.ui.addressmanagement.view.EditDetailsap.m.Button{\"text\":\"Attachments (0)\"}"}]}
RESULT: {"script":"<script> [1562 bytes]","args":[{"selector":{"controlType":"sap.m.Button","viewName":"etm.portal.ui.addressmanagement.view.EditDetail","properties":{"text":"Attachments (0)"},"interaction":{"idSuffix":"BDI-content"}},"wdio_ui5_key":"etmportal.ui.addressmanagement.view.EditDetailsap.m.Button{\"text\":\"Attachments (0)\"}"}]}
RESULT: undefined
COMMAND: POST /session/a4fc5c54f0f91f02d9fe8ae370abe98a/element - {"using":"xpath","value":"//*[@id=\"__xmlview61--ObjectPageLayout-anchBar-__xmlview61--attachments-anchor\"]"}
RESULT: {"using":"xpath","value":"//*[@id=\"__xmlview61--ObjectPageLayout-anchBar-__xmlview61--attachments-anchor\"]"}
COMMAND: POST /session/a4fc5c54f0f91f02d9fe8ae370abe98a/element/f.7067A754552931941686B9F28D536C65.d.70EFB185608871BBFB9695AA88C53874.e.3651/click - {}
RESULT: {}
COMMAND: GET /session/a4fc5c54f0f91f02d9fe8ae370abe98a/screenshot - {}
RESULT: {}
COMMAND: POST /session/a4fc5c54f0f91f02d9fe8ae370abe98a/file - {"file":"[base64] 459776 bytes"}
RESULT: {"file":"[base64] 459776 bytes"}
COMMAND: POST /session/a4fc5c54f0f91f02d9fe8ae370abe98a/element - {"using":"css selector","value":"input[type=\"file\"]"}
RESULT: {"using":"css selector","value":"input[type=\"file\"]"}
COMMAND: POST /session/a4fc5c54f0f91f02d9fe8ae370abe98a/element/f.7067A754552931941686B9F28D536C65.d.70EFB185608871BBFB9695AA88C53874.e.3656/clear - {}
RESULT: {}
COMMAND: POST /session/a4fc5c54f0f91f02d9fe8ae370abe98a/element/f.7067A754552931941686B9F28D536C65.d.70EFB185608871BBFB9695AA88C53874.e.3656/value - {"text":"C:\\Windows\\SystemTemp\\scoped_dir4056_859041316\\upload4056_724748310\\address-mng-pic.png"}
COMMAND: GET /session/a4fc5c54f0f91f02d9fe8ae370abe98a/screenshot - {}
RESULT: {"text":"C:\\Windows\\SystemTemp\\scoped_dir4056_859041316\\upload4056_724748310\\address-mng-pic.png"}
COMMAND: GET /session/a4fc5c54f0f91f02d9fe8ae370abe98a/screenshot - {}
RESULT: {}
RESULT: {}
COMMAND: POST /session/a4fc5c54f0f91f02d9fe8ae370abe98a/element - {"using":"xpath","value":"//button[@data-kt=\"saveButton\"]"}
RESULT: {"using":"xpath","value":"//button[@data-kt=\"saveButton\"]"}
COMMAND: POST /session/a4fc5c54f0f91f02d9fe8ae370abe98a/element/f.7067A754552931941686B9F28D536C65.d.70EFB185608871BBFB9695AA88C53874.e.3675/click - {}
RESULT: {}
COMMAND: GET /session/a4fc5c54f0f91f02d9fe8ae370abe98a/screenshot - {}
RESULT: {}
COMMAND: POST /session/a4fc5c54f0f91f02d9fe8ae370abe98a/execute/async - {"script":"<script> [1562 bytes]","args":[{"selector":{"id":"application-addressmanagement-display-component---detailAdm--ObjectPageLayout-anchBar-application-addressmanagement-display-component---detailAdm--attachments-anchor","interaction":{"idSuffix":"content"}},"wdio_ui5_key":"applicationaddressmanagement-display-component---detailAdm--ObjectPageLayout-anchBar-application-addressmanagement-display-component---detailAdm--attachments-anchor"}]}
RESULT: {"script":"<script> [1562 bytes]","args":[{"selector":{"id":"application-addressmanagement-display-component---detailAdm--ObjectPageLayout-anchBar-application-addressmanagement-display-component---detailAdm--attachments-anchor","interaction":{"idSuffix":"content"}},"wdio_ui5_key":"applicationaddressmanagement-display-component---detailAdm--ObjectPageLayout-anchBar-application-addressmanagement-display-component---detailAdm--attachments-anchor"}]}
RESULT: undefined
COMMAND: POST /session/a4fc5c54f0f91f02d9fe8ae370abe98a/element - {"using":"xpath","value":"//*[@id=\"application-addressmanagement-display-component---detailAdm--ObjectPageLayout-anchBar-application-addressmanagement-display-component---detailAdm--attachments-anchor\"]"}
RESULT: {"using":"xpath","value":"//*[@id=\"application-addressmanagement-display-component---detailAdm--ObjectPageLayout-anchBar-application-addressmanagement-display-component---detailAdm--attachments-anchor\"]"}
COMMAND: POST /session/a4fc5c54f0f91f02d9fe8ae370abe98a/element/f.7067A754552931941686B9F28D536C65.d.70EFB185608871BBFB9695AA88C53874.e.3683/click - {}
RESULT: {}
COMMAND: GET /session/a4fc5c54f0f91f02d9fe8ae370abe98a/screenshot - {}
RESULT: {}
COMMAND: POST /session/a4fc5c54f0f91f02d9fe8ae370abe98a/execute/async - {"script":"<script> [1562 bytes]","args":[{"selector":{"id":"application-addressmanagement-display-component---detailAdm--attachments"},"wdio_ui5_key":"applicationaddressmanagement-display-component---detailAdm--attachments"}]}
RESULT: {"script":"<script> [1562 bytes]","args":[{"selector":{"id":"application-addressmanagement-display-component---detailAdm--attachments"},"wdio_ui5_key":"applicationaddressmanagement-display-component---detailAdm--attachments"}]}
RESULT: undefined
COMMAND: POST /session/a4fc5c54f0f91f02d9fe8ae370abe98a/execute/async - {"script":"<script> [6424 bytes]","args":[{"element-6066-11e4-a52e-4f735466cecf":"f.7067A754552931941686B9F28D536C65.d.70EFB185608871BBFB9695AA88C53874.e.3595"},"getTitle",[]]}
RESULT: {"script":"<script> [6424 bytes]","args":[{"element-6066-11e4-a52e-4f735466cecf":"f.7067A754552931941686B9F28D536C65.d.70EFB185608871BBFB9695AA88C53874.e.3595"},"getTitle",[]]}
COMMAND: POST /session/a4fc5c54f0f91f02d9fe8ae370abe98a/element - {"using":"css selector","value":"#shell-header-logo"}
RESULT: {"using":"css selector","value":"#shell-header-logo"}
COMMAND: POST /session/a4fc5c54f0f91f02d9fe8ae370abe98a/element/f.7067A754552931941686B9F28D536C65.d.70EFB185608871BBFB9695AA88C53874.e.3287/click - {}
RESULT: {}
COMMAND: GET /session/a4fc5c54f0f91f02d9fe8ae370abe98a/screenshot - {}
RESULT: {}
]]></system-out>
    </testcase>
    <testcase classname="chrome.136_0_7103_93.windows.Address_Management_Tests_US156181_US151165_US151160_US156180_US156178_US151157_US151172_US151170_US151166_US151168" name="Step 9 Should remove the added attachment on the created address US151168 BUGGED FOR NOW" time="101.517">
      <failure/>
      <error message="Can't call click on element with selector &quot;//bdi[contains(text(), &quot;OK&quot;)]&quot; because element wasn't found"/>
      <system-out><![CDATA[
RESULT: undefined
COMMAND: POST /session/a4fc5c54f0f91f02d9fe8ae370abe98a/element - {"using":"xpath","value":"//*[@id=\"__tile33\"]"}
RESULT: {"using":"xpath","value":"//*[@id=\"__tile33\"]"}
COMMAND: POST /session/a4fc5c54f0f91f02d9fe8ae370abe98a/element/f.7067A754552931941686B9F28D536C65.d.70EFB185608871BBFB9695AA88C53874.e.232/click - {}
RESULT: {}
COMMAND: GET /session/a4fc5c54f0f91f02d9fe8ae370abe98a/screenshot - {}
COMMAND: POST /session/a4fc5c54f0f91f02d9fe8ae370abe98a/elements - {"using":"xpath","value":"//span[text()='Error']"}
RESULT: {}
RESULT: {"using":"xpath","value":"//span[text()='Error']"}
COMMAND: POST /session/a4fc5c54f0f91f02d9fe8ae370abe98a/element - {"using":"xpath","value":"//button[@data-kt=\"addButton\"]"}
RESULT: {"using":"xpath","value":"//button[@data-kt=\"addButton\"]"}
COMMAND: POST /session/a4fc5c54f0f91f02d9fe8ae370abe98a/elements - {"using":"xpath","value":"//button[@data-kt=\"addButton\"]"}
RESULT: {"using":"xpath","value":"//button[@data-kt=\"addButton\"]"}
COMMAND: POST /session/a4fc5c54f0f91f02d9fe8ae370abe98a/execute/sync - {"script":"<script> [8489 bytes]","args":[{"element-6066-11e4-a52e-4f735466cecf":"f.7067A754552931941686B9F28D536C65.d.70EFB185608871BBFB9695AA88C53874.e.3746","ELEMENT":"f.7067A754552931941686B9F28D536C65.d.70EFB185608871BBFB9695AA88C53874.e.3746"}]}
RESULT: {"script":"<script> [8489 bytes]","args":[{"element-6066-11e4-a52e-4f735466cecf":"f.7067A754552931941686B9F28D536C65.d.70EFB185608871BBFB9695AA88C53874.e.3746","ELEMENT":"f.7067A754552931941686B9F28D536C65.d.70EFB185608871BBFB9695AA88C53874.e.3746"}]}
COMMAND: GET /session/a4fc5c54f0f91f02d9fe8ae370abe98a/element/f.7067A754552931941686B9F28D536C65.d.70EFB185608871BBFB9695AA88C53874.e.3746/enabled - {}
COMMAND: GET /session/a4fc5c54f0f91f02d9fe8ae370abe98a/screenshot - {}
RESULT: {}
COMMAND: POST /session/a4fc5c54f0f91f02d9fe8ae370abe98a/execute/sync - {"script":"<script> [8489 bytes]","args":[{"element-6066-11e4-a52e-4f735466cecf":"f.7067A754552931941686B9F28D536C65.d.70EFB185608871BBFB9695AA88C53874.e.3746","ELEMENT":"f.7067A754552931941686B9F28D536C65.d.70EFB185608871BBFB9695AA88C53874.e.3746"}]}
COMMAND: GET /session/a4fc5c54f0f91f02d9fe8ae370abe98a/screenshot - {}
RESULT: {}
RESULT: {"script":"<script> [8489 bytes]","args":[{"element-6066-11e4-a52e-4f735466cecf":"f.7067A754552931941686B9F28D536C65.d.70EFB185608871BBFB9695AA88C53874.e.3746","ELEMENT":"f.7067A754552931941686B9F28D536C65.d.70EFB185608871BBFB9695AA88C53874.e.3746"}]}
COMMAND: POST /session/a4fc5c54f0f91f02d9fe8ae370abe98a/execute/sync - {"script":"<script> [5351 bytes]","args":[{"element-6066-11e4-a52e-4f735466cecf":"f.7067A754552931941686B9F28D536C65.d.70EFB185608871BBFB9695AA88C53874.e.3746","ELEMENT":"f.7067A754552931941686B9F28D536C65.d.70EFB185608871BBFB9695AA88C53874.e.3746"}]}
COMMAND: GET /session/a4fc5c54f0f91f02d9fe8ae370abe98a/screenshot - {}
RESULT: {}
RESULT: {"script":"<script> [5351 bytes]","args":[{"element-6066-11e4-a52e-4f735466cecf":"f.7067A754552931941686B9F28D536C65.d.70EFB185608871BBFB9695AA88C53874.e.3746","ELEMENT":"f.7067A754552931941686B9F28D536C65.d.70EFB185608871BBFB9695AA88C53874.e.3746"}]}
COMMAND: GET /session/a4fc5c54f0f91f02d9fe8ae370abe98a/screenshot - {}
RESULT: {}
RESULT: {}
RESULT: undefined
COMMAND: POST /session/a4fc5c54f0f91f02d9fe8ae370abe98a/execute/async - {"script":"<script> [776 bytes]","args":[{"enterText":"J1VHEBq27A","selector":{"id":"application-addressmanagement-display-component---masterAdm--smartFilterBar-btnBasicSearch","interaction":{"idSuffix":"I"}},"clearTextFirst":true,"interactionType":"ENTER_TEXT"}]}
RESULT: {"script":"<script> [776 bytes]","args":[{"enterText":"J1VHEBq27A","selector":{"id":"application-addressmanagement-display-component---masterAdm--smartFilterBar-btnBasicSearch","interaction":{"idSuffix":"I"}},"clearTextFirst":true,"interactionType":"ENTER_TEXT"}]}
COMMAND: POST /session/a4fc5c54f0f91f02d9fe8ae370abe98a/actions - {"actions":[{"id":"action15","type":"key","parameters":{},"actions":[{"type":"keyDown","value":""},{"type":"pause","duration":10},{"type":"keyUp","value":""}]}]}
RESULT: {"actions":[{"id":"action15","type":"key","parameters":{},"actions":[{"type":"keyDown","value":""},{"type":"pause","duration":10},{"type":"keyUp","value":""}]}]}
COMMAND: GET /session/a4fc5c54f0f91f02d9fe8ae370abe98a/screenshot - {}
RESULT: {}
COMMAND: POST /session/a4fc5c54f0f91f02d9fe8ae370abe98a/elements - {"using":"xpath","value":"//table[contains(@id, \"customPersonsAddressesTable-listUl\")]/tbody/tr"}
RESULT: {"using":"xpath","value":"//table[contains(@id, \"customPersonsAddressesTable-listUl\")]/tbody/tr"}
COMMAND: POST /session/a4fc5c54f0f91f02d9fe8ae370abe98a/element - {"using":"xpath","value":"//table[contains(@id, \"customPersonsAddressesTable-listUl\")]/tbody/tr[1]/td[5]/span/span"}
RESULT: {"using":"xpath","value":"//table[contains(@id, \"customPersonsAddressesTable-listUl\")]/tbody/tr[1]/td[5]/span/span"}
COMMAND: POST /session/a4fc5c54f0f91f02d9fe8ae370abe98a/element - {"using":"xpath","value":"//table[contains(@id, \"customPersonsAddressesTable-listUl\")]/tbody/tr[1]/td[3]/span"}
RESULT: {"using":"xpath","value":"//table[contains(@id, \"customPersonsAddressesTable-listUl\")]/tbody/tr[1]/td[3]/span"}
COMMAND: POST /session/a4fc5c54f0f91f02d9fe8ae370abe98a/elements - {"using":"xpath","value":"//table[contains(@id, \"customPersonsAddressesTable-listUl\")]/tbody/tr[1]/td[5]/span/span"}
RESULT: {"using":"xpath","value":"//table[contains(@id, \"customPersonsAddressesTable-listUl\")]/tbody/tr[1]/td[5]/span/span"}
COMMAND: POST /session/a4fc5c54f0f91f02d9fe8ae370abe98a/execute/sync - {"script":"<script> [56 bytes]","args":[{"element-6066-11e4-a52e-4f735466cecf":"f.7067A754552931941686B9F28D536C65.d.70EFB185608871BBFB9695AA88C53874.e.3887","ELEMENT":"f.7067A754552931941686B9F28D536C65.d.70EFB185608871BBFB9695AA88C53874.e.3887"}]}
RESULT: {"script":"<script> [56 bytes]","args":[{"element-6066-11e4-a52e-4f735466cecf":"f.7067A754552931941686B9F28D536C65.d.70EFB185608871BBFB9695AA88C53874.e.3887","ELEMENT":"f.7067A754552931941686B9F28D536C65.d.70EFB185608871BBFB9695AA88C53874.e.3887"}]}
COMMAND: POST /session/a4fc5c54f0f91f02d9fe8ae370abe98a/execute/sync - {"script":"<script> [56 bytes]","args":[{"element-6066-11e4-a52e-4f735466cecf":"f.7067A754552931941686B9F28D536C65.d.70EFB185608871BBFB9695AA88C53874.e.3888","ELEMENT":"f.7067A754552931941686B9F28D536C65.d.70EFB185608871BBFB9695AA88C53874.e.3888"}]}
COMMAND: GET /session/a4fc5c54f0f91f02d9fe8ae370abe98a/screenshot - {}
RESULT: {"script":"<script> [56 bytes]","args":[{"element-6066-11e4-a52e-4f735466cecf":"f.7067A754552931941686B9F28D536C65.d.70EFB185608871BBFB9695AA88C53874.e.3888","ELEMENT":"f.7067A754552931941686B9F28D536C65.d.70EFB185608871BBFB9695AA88C53874.e.3888"}]}
COMMAND: POST /session/a4fc5c54f0f91f02d9fe8ae370abe98a/element - {"using":"xpath","value":"(//span[contains(@id, \"imgNav\")])[1]"}
COMMAND: GET /session/a4fc5c54f0f91f02d9fe8ae370abe98a/screenshot - {}
RESULT: {}
RESULT: {"using":"xpath","value":"(//span[contains(@id, \"imgNav\")])[1]"}
COMMAND: POST /session/a4fc5c54f0f91f02d9fe8ae370abe98a/element/f.7067A754552931941686B9F28D536C65.d.70EFB185608871BBFB9695AA88C53874.e.3881/click - {}
RESULT: {}
RESULT: {}
COMMAND: GET /session/a4fc5c54f0f91f02d9fe8ae370abe98a/screenshot - {}
RESULT: {}
COMMAND: POST /session/a4fc5c54f0f91f02d9fe8ae370abe98a/element - {"using":"xpath","value":"//bdi[contains(text(), \"Edit\")]"}
RESULT: {"using":"xpath","value":"//bdi[contains(text(), \"Edit\")]"}
COMMAND: POST /session/a4fc5c54f0f91f02d9fe8ae370abe98a/element/f.7067A754552931941686B9F28D536C65.d.70EFB185608871BBFB9695AA88C53874.e.4012/click - {}
RESULT: {}
COMMAND: GET /session/a4fc5c54f0f91f02d9fe8ae370abe98a/screenshot - {}
RESULT: {}
COMMAND: POST /session/a4fc5c54f0f91f02d9fe8ae370abe98a/execute/async - {"script":"<script> [1562 bytes]","args":[{"selector":{"controlType":"sap.m.Button","viewName":"etm.portal.ui.addressmanagement.view.EditDetail","properties":{"text":"Attachments (1)"},"interaction":{"idSuffix":"BDI-content"}},"wdio_ui5_key":"etmportal.ui.addressmanagement.view.EditDetailsap.m.Button{\"text\":\"Attachments (1)\"}"}]}
RESULT: {"script":"<script> [1562 bytes]","args":[{"selector":{"controlType":"sap.m.Button","viewName":"etm.portal.ui.addressmanagement.view.EditDetail","properties":{"text":"Attachments (1)"},"interaction":{"idSuffix":"BDI-content"}},"wdio_ui5_key":"etmportal.ui.addressmanagement.view.EditDetailsap.m.Button{\"text\":\"Attachments (1)\"}"}]}
RESULT: undefined
COMMAND: POST /session/a4fc5c54f0f91f02d9fe8ae370abe98a/element - {"using":"xpath","value":"//*[@id=\"__xmlview62--ObjectPageLayout-anchBar-__xmlview62--attachments-anchor\"]"}
RESULT: {"using":"xpath","value":"//*[@id=\"__xmlview62--ObjectPageLayout-anchBar-__xmlview62--attachments-anchor\"]"}
COMMAND: POST /session/a4fc5c54f0f91f02d9fe8ae370abe98a/element/f.7067A754552931941686B9F28D536C65.d.70EFB185608871BBFB9695AA88C53874.e.4056/click - {}
RESULT: {}
COMMAND: GET /session/a4fc5c54f0f91f02d9fe8ae370abe98a/screenshot - {}
RESULT: {}
COMMAND: POST /session/a4fc5c54f0f91f02d9fe8ae370abe98a/execute/async - {"script":"<script> [1562 bytes]","args":[{"selector":{"controlType":"sap.ui.core.Icon","viewName":"etm.portal.ui.addressmanagement.view.EditDetail","properties":{"src":{"regex":{"source":"decline"}}}},"wdio_ui5_key":"etmportal.ui.addressmanagement.view.EditDetailsap.ui.core.Icon{\"src\":{\"regex\":{\"source\":\"decline\"}}}"}]}
RESULT: {"script":"<script> [1562 bytes]","args":[{"selector":{"controlType":"sap.ui.core.Icon","viewName":"etm.portal.ui.addressmanagement.view.EditDetail","properties":{"src":{"regex":{"source":"decline"}}}},"wdio_ui5_key":"etmportal.ui.addressmanagement.view.EditDetailsap.ui.core.Icon{\"src\":{\"regex\":{\"source\":\"decline\"}}}"}]}
RESULT: undefined
COMMAND: POST /session/a4fc5c54f0f91f02d9fe8ae370abe98a/element - {"using":"xpath","value":"//*[@id=\"__token25-__tokenizer239-0-icon\"]"}
RESULT: {"using":"xpath","value":"//*[@id=\"__token25-__tokenizer239-0-icon\"]"}
COMMAND: POST /session/a4fc5c54f0f91f02d9fe8ae370abe98a/element/f.7067A754552931941686B9F28D536C65.d.70EFB185608871BBFB9695AA88C53874.e.4062/click - {}
COMMAND: POST /session/a4fc5c54f0f91f02d9fe8ae370abe98a/element - {"using":"xpath","value":"//bdi[contains(text(), \"OK\")]"}
RESULT: {"using":"xpath","value":"//bdi[contains(text(), \"OK\")]"}
COMMAND: POST /session/a4fc5c54f0f91f02d9fe8ae370abe98a/elements - {"using":"xpath","value":"//bdi[contains(text(), \"OK\")]"}
RESULT: {"using":"xpath","value":"//bdi[contains(text(), \"OK\")]"}
COMMAND: POST /session/a4fc5c54f0f91f02d9fe8ae370abe98a/elements - {"using":"xpath","value":"//bdi[contains(text(), \"OK\")]"}
RESULT: {"using":"xpath","value":"//bdi[contains(text(), \"OK\")]"}
COMMAND: POST /session/a4fc5c54f0f91f02d9fe8ae370abe98a/elements - {"using":"xpath","value":"//bdi[contains(text(), \"OK\")]"}
RESULT: {"using":"xpath","value":"//bdi[contains(text(), \"OK\")]"}
COMMAND: POST /session/a4fc5c54f0f91f02d9fe8ae370abe98a/elements - {"using":"xpath","value":"//bdi[contains(text(), \"OK\")]"}
RESULT: {"using":"xpath","value":"//bdi[contains(text(), \"OK\")]"}
COMMAND: POST /session/a4fc5c54f0f91f02d9fe8ae370abe98a/elements - {"using":"xpath","value":"//bdi[contains(text(), \"OK\")]"}
RESULT: {"using":"xpath","value":"//bdi[contains(text(), \"OK\")]"}
COMMAND: POST /session/a4fc5c54f0f91f02d9fe8ae370abe98a/elements - {"using":"xpath","value":"//bdi[contains(text(), \"OK\")]"}
RESULT: {"using":"xpath","value":"//bdi[contains(text(), \"OK\")]"}
COMMAND: POST /session/a4fc5c54f0f91f02d9fe8ae370abe98a/elements - {"using":"xpath","value":"//bdi[contains(text(), \"OK\")]"}
RESULT: {"using":"xpath","value":"//bdi[contains(text(), \"OK\")]"}
COMMAND: POST /session/a4fc5c54f0f91f02d9fe8ae370abe98a/elements - {"using":"xpath","value":"//bdi[contains(text(), \"OK\")]"}
RESULT: {"using":"xpath","value":"//bdi[contains(text(), \"OK\")]"}
COMMAND: POST /session/a4fc5c54f0f91f02d9fe8ae370abe98a/elements - {"using":"xpath","value":"//bdi[contains(text(), \"OK\")]"}
RESULT: {"using":"xpath","value":"//bdi[contains(text(), \"OK\")]"}
COMMAND: POST /session/a4fc5c54f0f91f02d9fe8ae370abe98a/elements - {"using":"xpath","value":"//bdi[contains(text(), \"OK\")]"}
RESULT: {"using":"xpath","value":"//bdi[contains(text(), \"OK\")]"}
COMMAND: POST /session/a4fc5c54f0f91f02d9fe8ae370abe98a/elements - {"using":"xpath","value":"//bdi[contains(text(), \"OK\")]"}
RESULT: {"using":"xpath","value":"//bdi[contains(text(), \"OK\")]"}
COMMAND: POST /session/a4fc5c54f0f91f02d9fe8ae370abe98a/elements - {"using":"xpath","value":"//bdi[contains(text(), \"OK\")]"}
RESULT: {"using":"xpath","value":"//bdi[contains(text(), \"OK\")]"}
COMMAND: POST /session/a4fc5c54f0f91f02d9fe8ae370abe98a/elements - {"using":"xpath","value":"//bdi[contains(text(), \"OK\")]"}
RESULT: {"using":"xpath","value":"//bdi[contains(text(), \"OK\")]"}
COMMAND: POST /session/a4fc5c54f0f91f02d9fe8ae370abe98a/elements - {"using":"xpath","value":"//bdi[contains(text(), \"OK\")]"}
RESULT: {"using":"xpath","value":"//bdi[contains(text(), \"OK\")]"}
COMMAND: POST /session/a4fc5c54f0f91f02d9fe8ae370abe98a/elements - {"using":"xpath","value":"//bdi[contains(text(), \"OK\")]"}
RESULT: {"using":"xpath","value":"//bdi[contains(text(), \"OK\")]"}
COMMAND: POST /session/a4fc5c54f0f91f02d9fe8ae370abe98a/elements - {"using":"xpath","value":"//bdi[contains(text(), \"OK\")]"}
RESULT: {"using":"xpath","value":"//bdi[contains(text(), \"OK\")]"}
COMMAND: POST /session/a4fc5c54f0f91f02d9fe8ae370abe98a/elements - {"using":"xpath","value":"//bdi[contains(text(), \"OK\")]"}
RESULT: {"using":"xpath","value":"//bdi[contains(text(), \"OK\")]"}
COMMAND: POST /session/a4fc5c54f0f91f02d9fe8ae370abe98a/elements - {"using":"xpath","value":"//bdi[contains(text(), \"OK\")]"}
RESULT: {"using":"xpath","value":"//bdi[contains(text(), \"OK\")]"}
COMMAND: POST /session/a4fc5c54f0f91f02d9fe8ae370abe98a/elements - {"using":"xpath","value":"//bdi[contains(text(), \"OK\")]"}
RESULT: {"using":"xpath","value":"//bdi[contains(text(), \"OK\")]"}
COMMAND: POST /session/a4fc5c54f0f91f02d9fe8ae370abe98a/elements - {"using":"xpath","value":"//bdi[contains(text(), \"OK\")]"}
RESULT: {"using":"xpath","value":"//bdi[contains(text(), \"OK\")]"}
COMMAND: POST /session/a4fc5c54f0f91f02d9fe8ae370abe98a/elements - {"using":"xpath","value":"//bdi[contains(text(), \"OK\")]"}
RESULT: {"using":"xpath","value":"//bdi[contains(text(), \"OK\")]"}
COMMAND: POST /session/a4fc5c54f0f91f02d9fe8ae370abe98a/elements - {"using":"xpath","value":"//bdi[contains(text(), \"OK\")]"}
RESULT: {"using":"xpath","value":"//bdi[contains(text(), \"OK\")]"}
COMMAND: POST /session/a4fc5c54f0f91f02d9fe8ae370abe98a/elements - {"using":"xpath","value":"//bdi[contains(text(), \"OK\")]"}
RESULT: {"using":"xpath","value":"//bdi[contains(text(), \"OK\")]"}
COMMAND: POST /session/a4fc5c54f0f91f02d9fe8ae370abe98a/elements - {"using":"xpath","value":"//bdi[contains(text(), \"OK\")]"}
RESULT: {"using":"xpath","value":"//bdi[contains(text(), \"OK\")]"}
COMMAND: POST /session/a4fc5c54f0f91f02d9fe8ae370abe98a/elements - {"using":"xpath","value":"//bdi[contains(text(), \"OK\")]"}
RESULT: {"using":"xpath","value":"//bdi[contains(text(), \"OK\")]"}
COMMAND: POST /session/a4fc5c54f0f91f02d9fe8ae370abe98a/elements - {"using":"xpath","value":"//bdi[contains(text(), \"OK\")]"}
RESULT: {"using":"xpath","value":"//bdi[contains(text(), \"OK\")]"}
COMMAND: POST /session/a4fc5c54f0f91f02d9fe8ae370abe98a/elements - {"using":"xpath","value":"//bdi[contains(text(), \"OK\")]"}
RESULT: {"using":"xpath","value":"//bdi[contains(text(), \"OK\")]"}
COMMAND: POST /session/a4fc5c54f0f91f02d9fe8ae370abe98a/elements - {"using":"xpath","value":"//bdi[contains(text(), \"OK\")]"}
RESULT: {"using":"xpath","value":"//bdi[contains(text(), \"OK\")]"}
COMMAND: POST /session/a4fc5c54f0f91f02d9fe8ae370abe98a/elements - {"using":"xpath","value":"//bdi[contains(text(), \"OK\")]"}
RESULT: {"using":"xpath","value":"//bdi[contains(text(), \"OK\")]"}
COMMAND: POST /session/a4fc5c54f0f91f02d9fe8ae370abe98a/elements - {"using":"xpath","value":"//bdi[contains(text(), \"OK\")]"}
RESULT: {"using":"xpath","value":"//bdi[contains(text(), \"OK\")]"}
COMMAND: POST /session/a4fc5c54f0f91f02d9fe8ae370abe98a/elements - {"using":"xpath","value":"//bdi[contains(text(), \"OK\")]"}
RESULT: {"using":"xpath","value":"//bdi[contains(text(), \"OK\")]"}
COMMAND: POST /session/a4fc5c54f0f91f02d9fe8ae370abe98a/elements - {"using":"xpath","value":"//bdi[contains(text(), \"OK\")]"}
RESULT: {"using":"xpath","value":"//bdi[contains(text(), \"OK\")]"}
COMMAND: POST /session/a4fc5c54f0f91f02d9fe8ae370abe98a/elements - {"using":"xpath","value":"//bdi[contains(text(), \"OK\")]"}
RESULT: {"using":"xpath","value":"//bdi[contains(text(), \"OK\")]"}
COMMAND: POST /session/a4fc5c54f0f91f02d9fe8ae370abe98a/elements - {"using":"xpath","value":"//bdi[contains(text(), \"OK\")]"}
RESULT: {"using":"xpath","value":"//bdi[contains(text(), \"OK\")]"}
COMMAND: POST /session/a4fc5c54f0f91f02d9fe8ae370abe98a/elements - {"using":"xpath","value":"//bdi[contains(text(), \"OK\")]"}
RESULT: {"using":"xpath","value":"//bdi[contains(text(), \"OK\")]"}
COMMAND: POST /session/a4fc5c54f0f91f02d9fe8ae370abe98a/elements - {"using":"xpath","value":"//bdi[contains(text(), \"OK\")]"}
RESULT: {"using":"xpath","value":"//bdi[contains(text(), \"OK\")]"}
COMMAND: POST /session/a4fc5c54f0f91f02d9fe8ae370abe98a/elements - {"using":"xpath","value":"//bdi[contains(text(), \"OK\")]"}
RESULT: {"using":"xpath","value":"//bdi[contains(text(), \"OK\")]"}
COMMAND: POST /session/a4fc5c54f0f91f02d9fe8ae370abe98a/elements - {"using":"xpath","value":"//bdi[contains(text(), \"OK\")]"}
RESULT: {"using":"xpath","value":"//bdi[contains(text(), \"OK\")]"}
COMMAND: POST /session/a4fc5c54f0f91f02d9fe8ae370abe98a/elements - {"using":"xpath","value":"//bdi[contains(text(), \"OK\")]"}
RESULT: {"using":"xpath","value":"//bdi[contains(text(), \"OK\")]"}
COMMAND: POST /session/a4fc5c54f0f91f02d9fe8ae370abe98a/elements - {"using":"xpath","value":"//bdi[contains(text(), \"OK\")]"}
RESULT: {"using":"xpath","value":"//bdi[contains(text(), \"OK\")]"}
COMMAND: POST /session/a4fc5c54f0f91f02d9fe8ae370abe98a/elements - {"using":"xpath","value":"//bdi[contains(text(), \"OK\")]"}
RESULT: {"using":"xpath","value":"//bdi[contains(text(), \"OK\")]"}
COMMAND: POST /session/a4fc5c54f0f91f02d9fe8ae370abe98a/elements - {"using":"xpath","value":"//bdi[contains(text(), \"OK\")]"}
RESULT: {"using":"xpath","value":"//bdi[contains(text(), \"OK\")]"}
COMMAND: POST /session/a4fc5c54f0f91f02d9fe8ae370abe98a/elements - {"using":"xpath","value":"//bdi[contains(text(), \"OK\")]"}
RESULT: {"using":"xpath","value":"//bdi[contains(text(), \"OK\")]"}
COMMAND: POST /session/a4fc5c54f0f91f02d9fe8ae370abe98a/elements - {"using":"xpath","value":"//bdi[contains(text(), \"OK\")]"}
RESULT: {"using":"xpath","value":"//bdi[contains(text(), \"OK\")]"}
COMMAND: POST /session/a4fc5c54f0f91f02d9fe8ae370abe98a/elements - {"using":"xpath","value":"//bdi[contains(text(), \"OK\")]"}
RESULT: {"using":"xpath","value":"//bdi[contains(text(), \"OK\")]"}
COMMAND: POST /session/a4fc5c54f0f91f02d9fe8ae370abe98a/elements - {"using":"xpath","value":"//bdi[contains(text(), \"OK\")]"}
RESULT: {"using":"xpath","value":"//bdi[contains(text(), \"OK\")]"}
COMMAND: POST /session/a4fc5c54f0f91f02d9fe8ae370abe98a/elements - {"using":"xpath","value":"//bdi[contains(text(), \"OK\")]"}
RESULT: {"using":"xpath","value":"//bdi[contains(text(), \"OK\")]"}
COMMAND: POST /session/a4fc5c54f0f91f02d9fe8ae370abe98a/elements - {"using":"xpath","value":"//bdi[contains(text(), \"OK\")]"}
RESULT: {"using":"xpath","value":"//bdi[contains(text(), \"OK\")]"}
COMMAND: POST /session/a4fc5c54f0f91f02d9fe8ae370abe98a/elements - {"using":"xpath","value":"//bdi[contains(text(), \"OK\")]"}
RESULT: {"using":"xpath","value":"//bdi[contains(text(), \"OK\")]"}
COMMAND: POST /session/a4fc5c54f0f91f02d9fe8ae370abe98a/elements - {"using":"xpath","value":"//bdi[contains(text(), \"OK\")]"}
RESULT: {"using":"xpath","value":"//bdi[contains(text(), \"OK\")]"}
COMMAND: POST /session/a4fc5c54f0f91f02d9fe8ae370abe98a/elements - {"using":"xpath","value":"//bdi[contains(text(), \"OK\")]"}
RESULT: {"using":"xpath","value":"//bdi[contains(text(), \"OK\")]"}
COMMAND: POST /session/a4fc5c54f0f91f02d9fe8ae370abe98a/elements - {"using":"xpath","value":"//bdi[contains(text(), \"OK\")]"}
RESULT: {"using":"xpath","value":"//bdi[contains(text(), \"OK\")]"}
COMMAND: POST /session/a4fc5c54f0f91f02d9fe8ae370abe98a/elements - {"using":"xpath","value":"//bdi[contains(text(), \"OK\")]"}
RESULT: {"using":"xpath","value":"//bdi[contains(text(), \"OK\")]"}
COMMAND: POST /session/a4fc5c54f0f91f02d9fe8ae370abe98a/elements - {"using":"xpath","value":"//bdi[contains(text(), \"OK\")]"}
RESULT: {"using":"xpath","value":"//bdi[contains(text(), \"OK\")]"}
COMMAND: POST /session/a4fc5c54f0f91f02d9fe8ae370abe98a/elements - {"using":"xpath","value":"//bdi[contains(text(), \"OK\")]"}
RESULT: {"using":"xpath","value":"//bdi[contains(text(), \"OK\")]"}
COMMAND: POST /session/a4fc5c54f0f91f02d9fe8ae370abe98a/elements - {"using":"xpath","value":"//bdi[contains(text(), \"OK\")]"}
RESULT: {"using":"xpath","value":"//bdi[contains(text(), \"OK\")]"}
COMMAND: POST /session/a4fc5c54f0f91f02d9fe8ae370abe98a/elements - {"using":"xpath","value":"//bdi[contains(text(), \"OK\")]"}
RESULT: {"using":"xpath","value":"//bdi[contains(text(), \"OK\")]"}
COMMAND: POST /session/a4fc5c54f0f91f02d9fe8ae370abe98a/elements - {"using":"xpath","value":"//bdi[contains(text(), \"OK\")]"}
RESULT: {"using":"xpath","value":"//bdi[contains(text(), \"OK\")]"}
COMMAND: POST /session/a4fc5c54f0f91f02d9fe8ae370abe98a/elements - {"using":"xpath","value":"//bdi[contains(text(), \"OK\")]"}
RESULT: {"using":"xpath","value":"//bdi[contains(text(), \"OK\")]"}
COMMAND: POST /session/a4fc5c54f0f91f02d9fe8ae370abe98a/elements - {"using":"xpath","value":"//bdi[contains(text(), \"OK\")]"}
RESULT: {"using":"xpath","value":"//bdi[contains(text(), \"OK\")]"}
COMMAND: POST /session/a4fc5c54f0f91f02d9fe8ae370abe98a/elements - {"using":"xpath","value":"//bdi[contains(text(), \"OK\")]"}
RESULT: {"using":"xpath","value":"//bdi[contains(text(), \"OK\")]"}
COMMAND: POST /session/a4fc5c54f0f91f02d9fe8ae370abe98a/elements - {"using":"xpath","value":"//bdi[contains(text(), \"OK\")]"}
RESULT: {"using":"xpath","value":"//bdi[contains(text(), \"OK\")]"}
COMMAND: POST /session/a4fc5c54f0f91f02d9fe8ae370abe98a/elements - {"using":"xpath","value":"//bdi[contains(text(), \"OK\")]"}
RESULT: {"using":"xpath","value":"//bdi[contains(text(), \"OK\")]"}
COMMAND: POST /session/a4fc5c54f0f91f02d9fe8ae370abe98a/elements - {"using":"xpath","value":"//bdi[contains(text(), \"OK\")]"}
RESULT: {"using":"xpath","value":"//bdi[contains(text(), \"OK\")]"}
COMMAND: POST /session/a4fc5c54f0f91f02d9fe8ae370abe98a/elements - {"using":"xpath","value":"//bdi[contains(text(), \"OK\")]"}
RESULT: {"using":"xpath","value":"//bdi[contains(text(), \"OK\")]"}
COMMAND: POST /session/a4fc5c54f0f91f02d9fe8ae370abe98a/elements - {"using":"xpath","value":"//bdi[contains(text(), \"OK\")]"}
RESULT: {"using":"xpath","value":"//bdi[contains(text(), \"OK\")]"}
COMMAND: POST /session/a4fc5c54f0f91f02d9fe8ae370abe98a/elements - {"using":"xpath","value":"//bdi[contains(text(), \"OK\")]"}
RESULT: {"using":"xpath","value":"//bdi[contains(text(), \"OK\")]"}
COMMAND: POST /session/a4fc5c54f0f91f02d9fe8ae370abe98a/elements - {"using":"xpath","value":"//bdi[contains(text(), \"OK\")]"}
RESULT: {"using":"xpath","value":"//bdi[contains(text(), \"OK\")]"}
COMMAND: POST /session/a4fc5c54f0f91f02d9fe8ae370abe98a/elements - {"using":"xpath","value":"//bdi[contains(text(), \"OK\")]"}
RESULT: {"using":"xpath","value":"//bdi[contains(text(), \"OK\")]"}
COMMAND: POST /session/a4fc5c54f0f91f02d9fe8ae370abe98a/elements - {"using":"xpath","value":"//bdi[contains(text(), \"OK\")]"}
RESULT: {"using":"xpath","value":"//bdi[contains(text(), \"OK\")]"}
COMMAND: POST /session/a4fc5c54f0f91f02d9fe8ae370abe98a/elements - {"using":"xpath","value":"//bdi[contains(text(), \"OK\")]"}
RESULT: {"using":"xpath","value":"//bdi[contains(text(), \"OK\")]"}
COMMAND: POST /session/a4fc5c54f0f91f02d9fe8ae370abe98a/elements - {"using":"xpath","value":"//bdi[contains(text(), \"OK\")]"}
RESULT: {"using":"xpath","value":"//bdi[contains(text(), \"OK\")]"}
COMMAND: POST /session/a4fc5c54f0f91f02d9fe8ae370abe98a/elements - {"using":"xpath","value":"//bdi[contains(text(), \"OK\")]"}
RESULT: {"using":"xpath","value":"//bdi[contains(text(), \"OK\")]"}
COMMAND: POST /session/a4fc5c54f0f91f02d9fe8ae370abe98a/elements - {"using":"xpath","value":"//bdi[contains(text(), \"OK\")]"}
RESULT: {"using":"xpath","value":"//bdi[contains(text(), \"OK\")]"}
COMMAND: POST /session/a4fc5c54f0f91f02d9fe8ae370abe98a/elements - {"using":"xpath","value":"//bdi[contains(text(), \"OK\")]"}
RESULT: {"using":"xpath","value":"//bdi[contains(text(), \"OK\")]"}
COMMAND: POST /session/a4fc5c54f0f91f02d9fe8ae370abe98a/elements - {"using":"xpath","value":"//bdi[contains(text(), \"OK\")]"}
RESULT: {"using":"xpath","value":"//bdi[contains(text(), \"OK\")]"}
COMMAND: POST /session/a4fc5c54f0f91f02d9fe8ae370abe98a/elements - {"using":"xpath","value":"//bdi[contains(text(), \"OK\")]"}
RESULT: {"using":"xpath","value":"//bdi[contains(text(), \"OK\")]"}
COMMAND: POST /session/a4fc5c54f0f91f02d9fe8ae370abe98a/elements - {"using":"xpath","value":"//bdi[contains(text(), \"OK\")]"}
RESULT: {"using":"xpath","value":"//bdi[contains(text(), \"OK\")]"}
COMMAND: POST /session/a4fc5c54f0f91f02d9fe8ae370abe98a/elements - {"using":"xpath","value":"//bdi[contains(text(), \"OK\")]"}
RESULT: {"using":"xpath","value":"//bdi[contains(text(), \"OK\")]"}
COMMAND: POST /session/a4fc5c54f0f91f02d9fe8ae370abe98a/elements - {"using":"xpath","value":"//bdi[contains(text(), \"OK\")]"}
RESULT: {"using":"xpath","value":"//bdi[contains(text(), \"OK\")]"}
COMMAND: POST /session/a4fc5c54f0f91f02d9fe8ae370abe98a/elements - {"using":"xpath","value":"//bdi[contains(text(), \"OK\")]"}
RESULT: {"using":"xpath","value":"//bdi[contains(text(), \"OK\")]"}
COMMAND: POST /session/a4fc5c54f0f91f02d9fe8ae370abe98a/elements - {"using":"xpath","value":"//bdi[contains(text(), \"OK\")]"}
RESULT: {"using":"xpath","value":"//bdi[contains(text(), \"OK\")]"}
COMMAND: POST /session/a4fc5c54f0f91f02d9fe8ae370abe98a/elements - {"using":"xpath","value":"//bdi[contains(text(), \"OK\")]"}
RESULT: {"using":"xpath","value":"//bdi[contains(text(), \"OK\")]"}
COMMAND: POST /session/a4fc5c54f0f91f02d9fe8ae370abe98a/elements - {"using":"xpath","value":"//bdi[contains(text(), \"OK\")]"}
RESULT: {"using":"xpath","value":"//bdi[contains(text(), \"OK\")]"}
COMMAND: POST /session/a4fc5c54f0f91f02d9fe8ae370abe98a/elements - {"using":"xpath","value":"//bdi[contains(text(), \"OK\")]"}
RESULT: {"using":"xpath","value":"//bdi[contains(text(), \"OK\")]"}
COMMAND: POST /session/a4fc5c54f0f91f02d9fe8ae370abe98a/elements - {"using":"xpath","value":"//bdi[contains(text(), \"OK\")]"}
RESULT: {"using":"xpath","value":"//bdi[contains(text(), \"OK\")]"}
COMMAND: POST /session/a4fc5c54f0f91f02d9fe8ae370abe98a/elements - {"using":"xpath","value":"//bdi[contains(text(), \"OK\")]"}
RESULT: {"using":"xpath","value":"//bdi[contains(text(), \"OK\")]"}
COMMAND: POST /session/a4fc5c54f0f91f02d9fe8ae370abe98a/elements - {"using":"xpath","value":"//bdi[contains(text(), \"OK\")]"}
RESULT: {"using":"xpath","value":"//bdi[contains(text(), \"OK\")]"}
COMMAND: POST /session/a4fc5c54f0f91f02d9fe8ae370abe98a/elements - {"using":"xpath","value":"//bdi[contains(text(), \"OK\")]"}
RESULT: {"using":"xpath","value":"//bdi[contains(text(), \"OK\")]"}
COMMAND: POST /session/a4fc5c54f0f91f02d9fe8ae370abe98a/elements - {"using":"xpath","value":"//bdi[contains(text(), \"OK\")]"}
RESULT: {"using":"xpath","value":"//bdi[contains(text(), \"OK\")]"}
COMMAND: POST /session/a4fc5c54f0f91f02d9fe8ae370abe98a/elements - {"using":"xpath","value":"//bdi[contains(text(), \"OK\")]"}
RESULT: {"using":"xpath","value":"//bdi[contains(text(), \"OK\")]"}
COMMAND: POST /session/a4fc5c54f0f91f02d9fe8ae370abe98a/elements - {"using":"xpath","value":"//bdi[contains(text(), \"OK\")]"}
RESULT: {"using":"xpath","value":"//bdi[contains(text(), \"OK\")]"}
COMMAND: POST /session/a4fc5c54f0f91f02d9fe8ae370abe98a/elements - {"using":"xpath","value":"//bdi[contains(text(), \"OK\")]"}
RESULT: {"using":"xpath","value":"//bdi[contains(text(), \"OK\")]"}
COMMAND: POST /session/a4fc5c54f0f91f02d9fe8ae370abe98a/elements - {"using":"xpath","value":"//bdi[contains(text(), \"OK\")]"}
RESULT: {"using":"xpath","value":"//bdi[contains(text(), \"OK\")]"}
COMMAND: POST /session/a4fc5c54f0f91f02d9fe8ae370abe98a/elements - {"using":"xpath","value":"//bdi[contains(text(), \"OK\")]"}
RESULT: {"using":"xpath","value":"//bdi[contains(text(), \"OK\")]"}
COMMAND: POST /session/a4fc5c54f0f91f02d9fe8ae370abe98a/elements - {"using":"xpath","value":"//bdi[contains(text(), \"OK\")]"}
RESULT: {"using":"xpath","value":"//bdi[contains(text(), \"OK\")]"}
COMMAND: POST /session/a4fc5c54f0f91f02d9fe8ae370abe98a/elements - {"using":"xpath","value":"//bdi[contains(text(), \"OK\")]"}
RESULT: {"using":"xpath","value":"//bdi[contains(text(), \"OK\")]"}
COMMAND: POST /session/a4fc5c54f0f91f02d9fe8ae370abe98a/elements - {"using":"xpath","value":"//bdi[contains(text(), \"OK\")]"}
RESULT: {"using":"xpath","value":"//bdi[contains(text(), \"OK\")]"}
COMMAND: POST /session/a4fc5c54f0f91f02d9fe8ae370abe98a/elements - {"using":"xpath","value":"//bdi[contains(text(), \"OK\")]"}
RESULT: {"using":"xpath","value":"//bdi[contains(text(), \"OK\")]"}
COMMAND: POST /session/a4fc5c54f0f91f02d9fe8ae370abe98a/elements - {"using":"xpath","value":"//bdi[contains(text(), \"OK\")]"}
RESULT: {"using":"xpath","value":"//bdi[contains(text(), \"OK\")]"}
COMMAND: POST /session/a4fc5c54f0f91f02d9fe8ae370abe98a/elements - {"using":"xpath","value":"//bdi[contains(text(), \"OK\")]"}
RESULT: {"using":"xpath","value":"//bdi[contains(text(), \"OK\")]"}
COMMAND: POST /session/a4fc5c54f0f91f02d9fe8ae370abe98a/elements - {"using":"xpath","value":"//bdi[contains(text(), \"OK\")]"}
RESULT: {"using":"xpath","value":"//bdi[contains(text(), \"OK\")]"}
COMMAND: POST /session/a4fc5c54f0f91f02d9fe8ae370abe98a/elements - {"using":"xpath","value":"//bdi[contains(text(), \"OK\")]"}
RESULT: {"using":"xpath","value":"//bdi[contains(text(), \"OK\")]"}
COMMAND: POST /session/a4fc5c54f0f91f02d9fe8ae370abe98a/elements - {"using":"xpath","value":"//bdi[contains(text(), \"OK\")]"}
RESULT: {"using":"xpath","value":"//bdi[contains(text(), \"OK\")]"}
COMMAND: POST /session/a4fc5c54f0f91f02d9fe8ae370abe98a/elements - {"using":"xpath","value":"//bdi[contains(text(), \"OK\")]"}
RESULT: {"using":"xpath","value":"//bdi[contains(text(), \"OK\")]"}
COMMAND: POST /session/a4fc5c54f0f91f02d9fe8ae370abe98a/elements - {"using":"xpath","value":"//bdi[contains(text(), \"OK\")]"}
RESULT: {"using":"xpath","value":"//bdi[contains(text(), \"OK\")]"}
COMMAND: POST /session/a4fc5c54f0f91f02d9fe8ae370abe98a/elements - {"using":"xpath","value":"//bdi[contains(text(), \"OK\")]"}
RESULT: {"using":"xpath","value":"//bdi[contains(text(), \"OK\")]"}
COMMAND: POST /session/a4fc5c54f0f91f02d9fe8ae370abe98a/elements - {"using":"xpath","value":"//bdi[contains(text(), \"OK\")]"}
RESULT: {"using":"xpath","value":"//bdi[contains(text(), \"OK\")]"}
COMMAND: POST /session/a4fc5c54f0f91f02d9fe8ae370abe98a/elements - {"using":"xpath","value":"//bdi[contains(text(), \"OK\")]"}
RESULT: {"using":"xpath","value":"//bdi[contains(text(), \"OK\")]"}
COMMAND: POST /session/a4fc5c54f0f91f02d9fe8ae370abe98a/elements - {"using":"xpath","value":"//bdi[contains(text(), \"OK\")]"}
RESULT: {"using":"xpath","value":"//bdi[contains(text(), \"OK\")]"}
COMMAND: POST /session/a4fc5c54f0f91f02d9fe8ae370abe98a/elements - {"using":"xpath","value":"//bdi[contains(text(), \"OK\")]"}
RESULT: {"using":"xpath","value":"//bdi[contains(text(), \"OK\")]"}
COMMAND: POST /session/a4fc5c54f0f91f02d9fe8ae370abe98a/elements - {"using":"xpath","value":"//bdi[contains(text(), \"OK\")]"}
RESULT: {"using":"xpath","value":"//bdi[contains(text(), \"OK\")]"}
COMMAND: POST /session/a4fc5c54f0f91f02d9fe8ae370abe98a/elements - {"using":"xpath","value":"//bdi[contains(text(), \"OK\")]"}
RESULT: {"using":"xpath","value":"//bdi[contains(text(), \"OK\")]"}
COMMAND: POST /session/a4fc5c54f0f91f02d9fe8ae370abe98a/elements - {"using":"xpath","value":"//bdi[contains(text(), \"OK\")]"}
RESULT: {"using":"xpath","value":"//bdi[contains(text(), \"OK\")]"}
COMMAND: POST /session/a4fc5c54f0f91f02d9fe8ae370abe98a/elements - {"using":"xpath","value":"//bdi[contains(text(), \"OK\")]"}
RESULT: {"using":"xpath","value":"//bdi[contains(text(), \"OK\")]"}
COMMAND: POST /session/a4fc5c54f0f91f02d9fe8ae370abe98a/elements - {"using":"xpath","value":"//bdi[contains(text(), \"OK\")]"}
RESULT: {"using":"xpath","value":"//bdi[contains(text(), \"OK\")]"}
COMMAND: POST /session/a4fc5c54f0f91f02d9fe8ae370abe98a/elements - {"using":"xpath","value":"//bdi[contains(text(), \"OK\")]"}
RESULT: {"using":"xpath","value":"//bdi[contains(text(), \"OK\")]"}
COMMAND: POST /session/a4fc5c54f0f91f02d9fe8ae370abe98a/elements - {"using":"xpath","value":"//bdi[contains(text(), \"OK\")]"}
RESULT: {"using":"xpath","value":"//bdi[contains(text(), \"OK\")]"}
COMMAND: POST /session/a4fc5c54f0f91f02d9fe8ae370abe98a/elements - {"using":"xpath","value":"//bdi[contains(text(), \"OK\")]"}
RESULT: {"using":"xpath","value":"//bdi[contains(text(), \"OK\")]"}
COMMAND: POST /session/a4fc5c54f0f91f02d9fe8ae370abe98a/elements - {"using":"xpath","value":"//bdi[contains(text(), \"OK\")]"}
RESULT: {"using":"xpath","value":"//bdi[contains(text(), \"OK\")]"}
COMMAND: GET /session/a4fc5c54f0f91f02d9fe8ae370abe98a/screenshot - {}
RESULT: {}
COMMAND: GET /session/a4fc5c54f0f91f02d9fe8ae370abe98a/screenshot - {}
COMMAND: GET /session/a4fc5c54f0f91f02d9fe8ae370abe98a/screenshot - {}
RESULT: {}
RESULT: {}
COMMAND: DELETE /session/a4fc5c54f0f91f02d9fe8ae370abe98a - {}
RESULT: {}
]]></system-out>
      <system-err><![CDATA[
Error: Can't call click on element with selector "//bdi[contains(text(), "OK")]" because element wasn't found
    at async Context.<anonymous> (D:\a\1\s\test\specs\BTS\address-management.spec.js:1210:9)
]]></system-err>
    </testcase>
  </testsuite>
</testsuites>