<?xml version="1.0" encoding="UTF-8"?>
<testsuites tests="18" failures="0" errors="0" skipped="0">
  <testsuite timestamp="2025-05-05T15:18:49" time="80.259" tests="2" failures="0" errors="0" skipped="0">
    <properties>
      <property name="specId" value="0" />
      <property name="suiteName" value="Assign the user test user id to an address" />
      <property name="capabilities" value="chrome.135_0_7049_115.windows" />
      <property name="file" value="file:///D:/a/1/s/test/specs/R2C/assign-user-id-to-an-address.spec.js" />
    </properties>
    <testcase classname="chrome.135_0_7049_115.windows.Assign_the_user_test_user_id_to_an_address" name="Should search for test1ETM create only if not present" time="18.872">
      <system-out><![CDATA[
COMMAND: POST /session/e98a8c3f8e564d5dffeeff8b737fde72/execute/async - {"script":"<script> [1562 bytes]","args":[{"selector":{"id":"application-addressmanagement-display-component---masterAdm--smartFilterBar-filterItemControl_BASIC-NAME-vhi"},"wdio_ui5_key":"applicationaddressmanagement-display-component---masterAdm--smartFilterBar-filterItemControl_BASIC-NAME-vhi"}]}
RESULT: {"script":"<script> [1562 bytes]","args":[{"selector":{"id":"application-addressmanagement-display-component---masterAdm--smartFilterBar-filterItemControl_BASIC-NAME-vhi"},"wdio_ui5_key":"applicationaddressmanagement-display-component---masterAdm--smartFilterBar-filterItemControl_BASIC-NAME-vhi"}]}
RESULT: undefined
COMMAND: POST /session/e98a8c3f8e564d5dffeeff8b737fde72/element - {"using":"xpath","value":"//*[@id=\"application-addressmanagement-display-component---masterAdm--smartFilterBar-filterItemControl_BASIC-NAME-vhi\"]"}
RESULT: {"using":"xpath","value":"//*[@id=\"application-addressmanagement-display-component---masterAdm--smartFilterBar-filterItemControl_BASIC-NAME-vhi\"]"}
COMMAND: POST /session/e98a8c3f8e564d5dffeeff8b737fde72/element/f.442E653FBE801B9469C6A395343E122D.d.5A56E8793A7A48869879D6A00437DA6B.e.313/click - {}
RESULT: {}
COMMAND: POST /session/e98a8c3f8e564d5dffeeff8b737fde72/execute/async - {"script":"<script> [1562 bytes]","args":[{"selector":{"controlType":"sap.m.Input","viewName":"etm.portal.ui.addressmanagement.view.Master","viewId":"application-addressmanagement-display-component---masterAdm","properties":{"valueState":"None"},"searchOpenDialogs":true,"interaction":{"idSuffix":"inner"}},"wdio_ui5_key":"etmportal.ui.addressmanagement.view.Mastersap.m.Input{\"valueState\":\"None\"}"}]}
COMMAND: GET /session/e98a8c3f8e564d5dffeeff8b737fde72/screenshot - {}
RESULT: {"script":"<script> [1562 bytes]","args":[{"selector":{"controlType":"sap.m.Input","viewName":"etm.portal.ui.addressmanagement.view.Master","viewId":"application-addressmanagement-display-component---masterAdm","properties":{"valueState":"None"},"searchOpenDialogs":true,"interaction":{"idSuffix":"inner"}},"wdio_ui5_key":"etmportal.ui.addressmanagement.view.Mastersap.m.Input{\"valueState\":\"None\"}"}]}
RESULT: undefined
COMMAND: POST /session/e98a8c3f8e564d5dffeeff8b737fde72/execute/async - {"script":"<script> [776 bytes]","args":[{"enterText":"Test1ETM","selector":{"controlType":"sap.m.Input","viewName":"etm.portal.ui.addressmanagement.view.Master","viewId":"application-addressmanagement-display-component---masterAdm","properties":{"valueState":"None"},"searchOpenDialogs":true,"interaction":{"idSuffix":"inner"}},"clearTextFirst":true,"interactionType":"ENTER_TEXT"}]}
RESULT: {}
RESULT: {"script":"<script> [776 bytes]","args":[{"enterText":"Test1ETM","selector":{"controlType":"sap.m.Input","viewName":"etm.portal.ui.addressmanagement.view.Master","viewId":"application-addressmanagement-display-component---masterAdm","properties":{"valueState":"None"},"searchOpenDialogs":true,"interaction":{"idSuffix":"inner"}},"clearTextFirst":true,"interactionType":"ENTER_TEXT"}]}
COMMAND: POST /session/e98a8c3f8e564d5dffeeff8b737fde72/actions - {"actions":[{"id":"action1","type":"key","parameters":{},"actions":[{"type":"keyDown","value":"î€‡"},{"type":"pause","duration":10},{"type":"keyUp","value":"î€‡"}]}]}
RESULT: {"actions":[{"id":"action1","type":"key","parameters":{},"actions":[{"type":"keyDown","value":"î€‡"},{"type":"pause","duration":10},{"type":"keyUp","value":"î€‡"}]}]}
COMMAND: POST /session/e98a8c3f8e564d5dffeeff8b737fde72/execute/async - {"script":"<script> [1562 bytes]","args":[{"selector":{"id":"application-addressmanagement-display-component---masterAdm--smartFilterBar-filterItemControl_BASIC-NAME-valueHelpDialog-ok","searchOpenDialogs":true,"interaction":{"idSuffix":"BDI-content"}},"wdio_ui5_key":"applicationaddressmanagement-display-component---masterAdm--smartFilterBar-filterItemControl_BASIC-NAME-valueHelpDialog-ok"}]}
COMMAND: GET /session/e98a8c3f8e564d5dffeeff8b737fde72/screenshot - {}
RESULT: {"script":"<script> [1562 bytes]","args":[{"selector":{"id":"application-addressmanagement-display-component---masterAdm--smartFilterBar-filterItemControl_BASIC-NAME-valueHelpDialog-ok","searchOpenDialogs":true,"interaction":{"idSuffix":"BDI-content"}},"wdio_ui5_key":"applicationaddressmanagement-display-component---masterAdm--smartFilterBar-filterItemControl_BASIC-NAME-valueHelpDialog-ok"}]}
RESULT: undefined
COMMAND: POST /session/e98a8c3f8e564d5dffeeff8b737fde72/element - {"using":"xpath","value":"//*[@id=\"application-addressmanagement-display-component---masterAdm--smartFilterBar-filterItemControl_BASIC-NAME-valueHelpDialog-ok\"]"}
RESULT: {}
RESULT: {"using":"xpath","value":"//*[@id=\"application-addressmanagement-display-component---masterAdm--smartFilterBar-filterItemControl_BASIC-NAME-valueHelpDialog-ok\"]"}
COMMAND: POST /session/e98a8c3f8e564d5dffeeff8b737fde72/element/f.442E653FBE801B9469C6A395343E122D.d.5A56E8793A7A48869879D6A00437DA6B.e.322/click - {}
RESULT: {}
COMMAND: GET /session/e98a8c3f8e564d5dffeeff8b737fde72/screenshot - {}
RESULT: {}
COMMAND: POST /session/e98a8c3f8e564d5dffeeff8b737fde72/element - {"using":"xpath","value":"(//span[text()=\"Active\"])[1]"}
RESULT: {"using":"xpath","value":"(//span[text()=\"Active\"])[1]"}
COMMAND: POST /session/e98a8c3f8e564d5dffeeff8b737fde72/elements - {"using":"xpath","value":"(//span[text()=\"Active\"])[1]"}
RESULT: {"using":"xpath","value":"(//span[text()=\"Active\"])[1]"}
COMMAND: POST /session/e98a8c3f8e564d5dffeeff8b737fde72/execute/sync - {"script":"<script> [8489 bytes]","args":[{"element-6066-11e4-a52e-4f735466cecf":"f.442E653FBE801B9469C6A395343E122D.d.5A56E8793A7A48869879D6A00437DA6B.e.337","ELEMENT":"f.442E653FBE801B9469C6A395343E122D.d.5A56E8793A7A48869879D6A00437DA6B.e.337"}]}
RESULT: {"script":"<script> [8489 bytes]","args":[{"element-6066-11e4-a52e-4f735466cecf":"f.442E653FBE801B9469C6A395343E122D.d.5A56E8793A7A48869879D6A00437DA6B.e.337","ELEMENT":"f.442E653FBE801B9469C6A395343E122D.d.5A56E8793A7A48869879D6A00437DA6B.e.337"}]}
COMMAND: POST /session/e98a8c3f8e564d5dffeeff8b737fde72/execute/sync - {"script":"<script> [5351 bytes]","args":[{"element-6066-11e4-a52e-4f735466cecf":"f.442E653FBE801B9469C6A395343E122D.d.5A56E8793A7A48869879D6A00437DA6B.e.337","ELEMENT":"f.442E653FBE801B9469C6A395343E122D.d.5A56E8793A7A48869879D6A00437DA6B.e.337"}]}
COMMAND: GET /session/e98a8c3f8e564d5dffeeff8b737fde72/screenshot - {}
RESULT: {"script":"<script> [5351 bytes]","args":[{"element-6066-11e4-a52e-4f735466cecf":"f.442E653FBE801B9469C6A395343E122D.d.5A56E8793A7A48869879D6A00437DA6B.e.337","ELEMENT":"f.442E653FBE801B9469C6A395343E122D.d.5A56E8793A7A48869879D6A00437DA6B.e.337"}]}
COMMAND: POST /session/e98a8c3f8e564d5dffeeff8b737fde72/element/f.442E653FBE801B9469C6A395343E122D.d.5A56E8793A7A48869879D6A00437DA6B.e.337/click - {}
COMMAND: GET /session/e98a8c3f8e564d5dffeeff8b737fde72/screenshot - {}
RESULT: {}
RESULT: {}
COMMAND: POST /session/e98a8c3f8e564d5dffeeff8b737fde72/element - {"using":"xpath","value":"//span[@id=\"application-addressmanagement-display-component---detailAdm--addressDetailDetailsName1\"]"}
COMMAND: GET /session/e98a8c3f8e564d5dffeeff8b737fde72/screenshot - {}
RESULT: {}
RESULT: {"using":"xpath","value":"//span[@id=\"application-addressmanagement-display-component---detailAdm--addressDetailDetailsName1\"]"}
COMMAND: POST /session/e98a8c3f8e564d5dffeeff8b737fde72/execute/sync - {"script":"<script> [8489 bytes]","args":[{"element-6066-11e4-a52e-4f735466cecf":"f.442E653FBE801B9469C6A395343E122D.d.5A56E8793A7A48869879D6A00437DA6B.e.418","ELEMENT":"f.442E653FBE801B9469C6A395343E122D.d.5A56E8793A7A48869879D6A00437DA6B.e.418"}]}
RESULT: {}
RESULT: {"script":"<script> [8489 bytes]","args":[{"element-6066-11e4-a52e-4f735466cecf":"f.442E653FBE801B9469C6A395343E122D.d.5A56E8793A7A48869879D6A00437DA6B.e.418","ELEMENT":"f.442E653FBE801B9469C6A395343E122D.d.5A56E8793A7A48869879D6A00437DA6B.e.418"}]}
]]></system-out>
    </testcase>
    <testcase classname="chrome.135_0_7049_115.windows.Assign_the_user_test_user_id_to_an_address" name="Should edit the title of the created found address" time="11.847">
      <system-out><![CDATA[
COMMAND: POST /session/e98a8c3f8e564d5dffeeff8b737fde72/execute/async - {"script":"<script> [1562 bytes]","args":[{"selector":{"controlType":"sap.m.Button","viewName":"etm.portal.ui.addressmanagement.view.Detail","viewId":"application-addressmanagement-display-component---detailAdm","i18NText":{"propertyName":"text","key":"edit"}},"wdio_ui5_key":"etmportal.ui.addressmanagement.view.Detailsap.m.Button{\"propertyName\":\"text\",\"key\":\"edit\"}"}]}
COMMAND: GET /session/e98a8c3f8e564d5dffeeff8b737fde72/screenshot - {}
RESULT: {"script":"<script> [1562 bytes]","args":[{"selector":{"controlType":"sap.m.Button","viewName":"etm.portal.ui.addressmanagement.view.Detail","viewId":"application-addressmanagement-display-component---detailAdm","i18NText":{"propertyName":"text","key":"edit"}},"wdio_ui5_key":"etmportal.ui.addressmanagement.view.Detailsap.m.Button{\"propertyName\":\"text\",\"key\":\"edit\"}"}]}
RESULT: undefined
COMMAND: POST /session/e98a8c3f8e564d5dffeeff8b737fde72/element - {"using":"xpath","value":"//*[@id=\"__button16\"]"}
RESULT: {}
RESULT: {"using":"xpath","value":"//*[@id=\"__button16\"]"}
COMMAND: POST /session/e98a8c3f8e564d5dffeeff8b737fde72/element/f.442E653FBE801B9469C6A395343E122D.d.5A56E8793A7A48869879D6A00437DA6B.e.422/click - {}
RESULT: {}
COMMAND: POST /session/e98a8c3f8e564d5dffeeff8b737fde72/execute/async - {"script":"<script> [1562 bytes]","args":[{"selector":{"controlType":"sap.ui.core.Icon","viewName":"etm.portal.ui.addressmanagement.view.EditDetail","properties":{"src":{"regex":{"source":"slim\\-arrow\\-down"}}},"ancestor":{"id":"addressTitle","viewName":"etm.portal.ui.addressmanagement.view.EditDetail"}},"wdio_ui5_key":"etmportal.ui.addressmanagement.view.EditDetailsap.ui.core.Icon{\"src\":{\"regex\":{\"source\":\"slim\\\\-arrow\\\\-down\"}}}{\"id\":\"addressTitle\",\"viewName\":\"etm.portal.ui.addressmanagement.view.EditDetail\"}"}]}
COMMAND: GET /session/e98a8c3f8e564d5dffeeff8b737fde72/screenshot - {}
RESULT: {"script":"<script> [1562 bytes]","args":[{"selector":{"controlType":"sap.ui.core.Icon","viewName":"etm.portal.ui.addressmanagement.view.EditDetail","properties":{"src":{"regex":{"source":"slim\\-arrow\\-down"}}},"ancestor":{"id":"addressTitle","viewName":"etm.portal.ui.addressmanagement.view.EditDetail"}},"wdio_ui5_key":"etmportal.ui.addressmanagement.view.EditDetailsap.ui.core.Icon{\"src\":{\"regex\":{\"source\":\"slim\\\\-arrow\\\\-down\"}}}{\"id\":\"addressTitle\",\"viewName\":\"etm.portal.ui.addressmanagement.view.EditDetail\"}"}]}
RESULT: undefined
COMMAND: POST /session/e98a8c3f8e564d5dffeeff8b737fde72/element - {"using":"xpath","value":"//*[@id=\"__xmlview58--addressTitle-arrow\"]"}
RESULT: {}
RESULT: {"using":"xpath","value":"//*[@id=\"__xmlview58--addressTitle-arrow\"]"}
COMMAND: POST /session/e98a8c3f8e564d5dffeeff8b737fde72/element/f.442E653FBE801B9469C6A395343E122D.d.5A56E8793A7A48869879D6A00437DA6B.e.458/click - {}
RESULT: {}
COMMAND: POST /session/e98a8c3f8e564d5dffeeff8b737fde72/execute/async - {"script":"<script> [1562 bytes]","args":[{"selector":{"controlType":"sap.m.StandardListItem","viewName":"etm.portal.ui.addressmanagement.view.EditDetail","properties":{"title":"Dr."},"searchOpenDialogs":true},"wdio_ui5_key":"etmportal.ui.addressmanagement.view.EditDetailsap.m.StandardListItem{\"title\":\"Dr.\"}"}]}
COMMAND: GET /session/e98a8c3f8e564d5dffeeff8b737fde72/screenshot - {}
RESULT: {"script":"<script> [1562 bytes]","args":[{"selector":{"controlType":"sap.m.StandardListItem","viewName":"etm.portal.ui.addressmanagement.view.EditDetail","properties":{"title":"Dr."},"searchOpenDialogs":true},"wdio_ui5_key":"etmportal.ui.addressmanagement.view.EditDetailsap.m.StandardListItem{\"title\":\"Dr.\"}"}]}
RESULT: undefined
COMMAND: POST /session/e98a8c3f8e564d5dffeeff8b737fde72/element - {"using":"xpath","value":"//*[@id=\"__item225\"]"}
RESULT: {}
RESULT: {"using":"xpath","value":"//*[@id=\"__item225\"]"}
COMMAND: POST /session/e98a8c3f8e564d5dffeeff8b737fde72/element/f.442E653FBE801B9469C6A395343E122D.d.5A56E8793A7A48869879D6A00437DA6B.e.459/click - {}
RESULT: {}
COMMAND: POST /session/e98a8c3f8e564d5dffeeff8b737fde72/execute/async - {"script":"<script> [1562 bytes]","args":[{"selector":{"controlType":"sap.m.Button","viewName":"etm.portal.ui.addressmanagement.view.EditDetail","i18NText":{"propertyName":"text","key":"save"}},"wdio_ui5_key":"etmportal.ui.addressmanagement.view.EditDetailsap.m.Button{\"propertyName\":\"text\",\"key\":\"save\"}"}]}
COMMAND: GET /session/e98a8c3f8e564d5dffeeff8b737fde72/screenshot - {}
RESULT: {"script":"<script> [1562 bytes]","args":[{"selector":{"controlType":"sap.m.Button","viewName":"etm.portal.ui.addressmanagement.view.EditDetail","i18NText":{"propertyName":"text","key":"save"}},"wdio_ui5_key":"etmportal.ui.addressmanagement.view.EditDetailsap.m.Button{\"propertyName\":\"text\",\"key\":\"save\"}"}]}
RESULT: undefined
COMMAND: POST /session/e98a8c3f8e564d5dffeeff8b737fde72/element - {"using":"xpath","value":"//*[@id=\"__button39\"]"}
RESULT: {}
RESULT: {"using":"xpath","value":"//*[@id=\"__button39\"]"}
COMMAND: POST /session/e98a8c3f8e564d5dffeeff8b737fde72/element/f.442E653FBE801B9469C6A395343E122D.d.5A56E8793A7A48869879D6A00437DA6B.e.460/click - {}
RESULT: {}
COMMAND: GET /session/e98a8c3f8e564d5dffeeff8b737fde72/screenshot - {}
RESULT: {}
COMMAND: POST /session/e98a8c3f8e564d5dffeeff8b737fde72/element - {"using":"xpath","value":"//span[@id=\"application-addressmanagement-display-component---detailAdm--addressTitle\"]"}
RESULT: {"using":"xpath","value":"//span[@id=\"application-addressmanagement-display-component---detailAdm--addressTitle\"]"}
COMMAND: GET /session/e98a8c3f8e564d5dffeeff8b737fde72/element/f.442E653FBE801B9469C6A395343E122D.d.5A56E8793A7A48869879D6A00437DA6B.e.466/text - {}
RESULT: {}
COMMAND: POST /session/e98a8c3f8e564d5dffeeff8b737fde72/element - {"using":"xpath","value":"//span[@id=\"application-addressmanagement-display-component---detailAdm--addressDetailDetailsName1\"]"}
RESULT: {"using":"xpath","value":"//span[@id=\"application-addressmanagement-display-component---detailAdm--addressDetailDetailsName1\"]"}
COMMAND: GET /session/e98a8c3f8e564d5dffeeff8b737fde72/element/f.442E653FBE801B9469C6A395343E122D.d.5A56E8793A7A48869879D6A00437DA6B.e.418/text - {}
RESULT: {}
COMMAND: POST /session/e98a8c3f8e564d5dffeeff8b737fde72/refresh - {}
RESULT: {}
COMMAND: GET /session/e98a8c3f8e564d5dffeeff8b737fde72/screenshot - {}
RESULT: {}
COMMAND: POST /session/e98a8c3f8e564d5dffeeff8b737fde72/refresh - {}
RESULT: {}
COMMAND: GET /session/e98a8c3f8e564d5dffeeff8b737fde72/screenshot - {}
RESULT: {}
COMMAND: POST /session/e98a8c3f8e564d5dffeeff8b737fde72/window/fullscreen - {}
RESULT: {}
COMMAND: POST /session/e98a8c3f8e564d5dffeeff8b737fde72/execute/async - {"script":"<script> [189 bytes]","args":[]}
RESULT: {"script":"<script> [189 bytes]","args":[]}
COMMAND: POST /session/e98a8c3f8e564d5dffeeff8b737fde72/execute/async - {"script":"<script> [123 bytes]","args":[]}
RESULT: {"script":"<script> [123 bytes]","args":[]}
COMMAND: POST /session/e98a8c3f8e564d5dffeeff8b737fde72/timeouts - {"script":"<number>"}
RESULT: {"script":"<number>"}
COMMAND: GET /session/e98a8c3f8e564d5dffeeff8b737fde72/timeouts - {}
RESULT: {}
RESULT: undefined
COMMAND: POST /session/e98a8c3f8e564d5dffeeff8b737fde72/execute/async - {"script":"<script> [2676 bytes]","args":[]}
RESULT: {"script":"<script> [2676 bytes]","args":[]}
COMMAND: POST /session/e98a8c3f8e564d5dffeeff8b737fde72/execute/async - {"script":"<script> [2342 bytes]","args":[{"protocol":"http","hostname":"0.0.0.0","path":"/","capabilities":{"browserName":"chrome","goog:chromeOptions":{"binary":"C:\\Program Files\\Google\\Chrome\\Application\\chrome.exe","args":["--start-maximized"]}},"logLevel":"warn","connectionRetryTimeout":120000,"connectionRetryCount":3,"logLevels":{},"enableDirectConnect":true,"strictSSL":true,"_":"65 more keys: [\"cacheDir\",\"port\",\"requestedCapabilities\",\"automationProtocol\",\"baseUrl\",\"waitforInterval\",\"waitforTimeout\",\"onReload\",\"beforeCommand\",\"afterCommand\",\"rootDir\",\"specs\",\"suites\",\"exclude\",\"groupLogsByTestSpec\",\"excludeDriverLogs\",\"bail\",\"framework\",\"reporters\",\"services\",\"maxInstances\",\"maxInstancesPerCapability\",\"injectGlobals\",\"filesToWatch\",\"execArgv\",\"runnerEnv\",\"runner\",\"shard\",\"specFileRetries\",\"specFileRetriesDelay\",\"specFileRetriesDeferred\",\"reporterSyncInterval\",\"reporterSyncTimeout\",\"cucumberFeaturesWithLineNumbers\",\"autoCompileOpts\",\"mochaOpts\",\"jasmineOpts\",\"cucumberOpts\",\"onPrepare\",\"onWorkerStart\",\"onWorkerEnd\",\"before\",\"beforeSession\",\"beforeSuite\",\"beforeHook\",\"beforeTest\",\"afterTest\",\"afterHook\",\"afterSuite\",\"afterSession\",\"after\",\"onComplete\",\"beforeAssertion\",\"afterAssertion\",\"beforeFeature\",\"beforeScenario\",\"beforeStep\",\"afterStep\",\"afterScenario\",\"afterFeature\",\"_\",\"suite\",\"$0\",\"ignoredWorkerServices\",\"wdi5\"]"}]}
RESULT: {"script":"<script> [2342 bytes]","args":[{"protocol":"http","hostname":"0.0.0.0","path":"/","capabilities":{"browserName":"chrome","goog:chromeOptions":{"binary":"C:\\Program Files\\Google\\Chrome\\Application\\chrome.exe","args":["--start-maximized"]}},"logLevel":"warn","connectionRetryTimeout":120000,"connectionRetryCount":3,"logLevels":{},"enableDirectConnect":true,"strictSSL":true,"_":"65 more keys: [\"cacheDir\",\"port\",\"requestedCapabilities\",\"automationProtocol\",\"baseUrl\",\"waitforInterval\",\"waitforTimeout\",\"onReload\",\"beforeCommand\",\"afterCommand\",\"rootDir\",\"specs\",\"suites\",\"exclude\",\"groupLogsByTestSpec\",\"excludeDriverLogs\",\"bail\",\"framework\",\"reporters\",\"services\",\"maxInstances\",\"maxInstancesPerCapability\",\"injectGlobals\",\"filesToWatch\",\"execArgv\",\"runnerEnv\",\"runner\",\"shard\",\"specFileRetries\",\"specFileRetriesDelay\",\"specFileRetriesDeferred\",\"reporterSyncInterval\",\"reporterSyncTimeout\",\"cucumberFeaturesWithLineNumbers\",\"autoCompileOpts\",\"mochaOpts\",\"jasmineOpts\",\"cucumberOpts\",\"onPrepare\",\"onWorkerStart\",\"onWorkerEnd\",\"before\",\"beforeSession\",\"beforeSuite\",\"beforeHook\",\"beforeTest\",\"afterTest\",\"afterHook\",\"afterSuite\",\"afterSession\",\"after\",\"onComplete\",\"beforeAssertion\",\"afterAssertion\",\"beforeFeature\",\"beforeScenario\",\"beforeStep\",\"afterStep\",\"afterScenario\",\"afterFeature\",\"_\",\"suite\",\"$0\",\"ignoredWorkerServices\",\"wdi5\"]"}]}
COMMAND: POST /session/e98a8c3f8e564d5dffeeff8b737fde72/execute/async - {"script":"<script> [21126 bytes]","args":[35000]}
RESULT: {"script":"<script> [21126 bytes]","args":[35000]}
COMMAND: POST /session/e98a8c3f8e564d5dffeeff8b737fde72/element - {"using":"css selector","value":"#shell-header-logo"}
RESULT: {"using":"css selector","value":"#shell-header-logo"}
COMMAND: POST /session/e98a8c3f8e564d5dffeeff8b737fde72/element/f.442E653FBE801B9469C6A395343E122D.d.FCB07C2549433F856B5778FC3C65A080.e.485/click - {}
RESULT: {}
COMMAND: GET /session/e98a8c3f8e564d5dffeeff8b737fde72/screenshot - {}
RESULT: {}
COMMAND: POST /session/e98a8c3f8e564d5dffeeff8b737fde72/execute/async - {"script":"<script> [1562 bytes]","args":[{"selector":{"controlType":"sap.m.GenericTile","properties":{"header":"Manage Yards"}},"wdio_ui5_key":"sapm.GenericTile{\"header\":\"Manage Yards\"}"}]}
RESULT: {"script":"<script> [1562 bytes]","args":[{"selector":{"controlType":"sap.m.GenericTile","properties":{"header":"Manage Yards"}},"wdio_ui5_key":"sapm.GenericTile{\"header\":\"Manage Yards\"}"}]}
RESULT: undefined
COMMAND: POST /session/e98a8c3f8e564d5dffeeff8b737fde72/element - {"using":"xpath","value":"//*[@id=\"__tile52\"]"}
RESULT: {"using":"xpath","value":"//*[@id=\"__tile52\"]"}
COMMAND: POST /session/e98a8c3f8e564d5dffeeff8b737fde72/element/f.442E653FBE801B9469C6A395343E122D.d.FCB07C2549433F856B5778FC3C65A080.e.731/click - {}
RESULT: {}
]]></system-out>
    </testcase>
  </testsuite>
  <testsuite timestamp="2025-05-05T15:20:09" time="268.58" tests="2" failures="0" errors="0" skipped="0">
    <properties>
      <property name="specId" value="0" />
      <property name="suiteName" value="Create 2 Yards US112496" />
      <property name="capabilities" value="chrome.135_0_7049_115.windows" />
      <property name="file" value="file:///D:/a/1/s/test/specs/R2C/create-yard.spec.js" />
    </properties>
    <testcase classname="chrome.135_0_7049_115.windows.Create_2_Yards_US112496" name="Should create a new simple yard" time="132.314">
      <system-out><![CDATA[
COMMAND: GET /session/e98a8c3f8e564d5dffeeff8b737fde72/screenshot - {}
RESULT: {}
COMMAND: POST /session/e98a8c3f8e564d5dffeeff8b737fde72/execute/async - {"script":"<script> [1562 bytes]","args":[{"selector":{"controlType":"sap.ui.core.Icon","viewName":"etm.portal.ui.manageyards.view.Master","viewId":"application-manageyards-display-component---masterYard","properties":{"src":{"regex":{"source":"add"}}}},"wdio_ui5_key":"etmportal.ui.manageyards.view.Mastersap.ui.core.Icon{\"src\":{\"regex\":{\"source\":\"add\"}}}"}]}
RESULT: {"script":"<script> [1562 bytes]","args":[{"selector":{"controlType":"sap.ui.core.Icon","viewName":"etm.portal.ui.manageyards.view.Master","viewId":"application-manageyards-display-component---masterYard","properties":{"src":{"regex":{"source":"add"}}}},"wdio_ui5_key":"etmportal.ui.manageyards.view.Mastersap.ui.core.Icon{\"src\":{\"regex\":{\"source\":\"add\"}}}"}]}
RESULT: undefined
COMMAND: POST /session/e98a8c3f8e564d5dffeeff8b737fde72/element - {"using":"xpath","value":"//*[@id=\"__button25-img\"]"}
RESULT: {"using":"xpath","value":"//*[@id=\"__button25-img\"]"}
COMMAND: POST /session/e98a8c3f8e564d5dffeeff8b737fde72/element/f.442E653FBE801B9469C6A395343E122D.d.FCB07C2549433F856B5778FC3C65A080.e.777/click - {}
RESULT: {}
COMMAND: GET /session/e98a8c3f8e564d5dffeeff8b737fde72/screenshot - {}
RESULT: {}
COMMAND: POST /session/e98a8c3f8e564d5dffeeff8b737fde72/execute/async - {"script":"<script> [1562 bytes]","args":[{"selector":{"id":"application-manageyards-display-component---NewYard--yardId","interaction":{"idSuffix":"inner"}},"wdio_ui5_key":"applicationmanageyards-display-component---NewYard--yardId"}]}
RESULT: {"script":"<script> [1562 bytes]","args":[{"selector":{"id":"application-manageyards-display-component---NewYard--yardId","interaction":{"idSuffix":"inner"}},"wdio_ui5_key":"applicationmanageyards-display-component---NewYard--yardId"}]}
RESULT: undefined
COMMAND: POST /session/e98a8c3f8e564d5dffeeff8b737fde72/element - {"using":"xpath","value":"//*[@id=\"application-manageyards-display-component---NewYard--addressDetailDetailsName1-inner\"]"}
RESULT: {"using":"xpath","value":"//*[@id=\"application-manageyards-display-component---NewYard--addressDetailDetailsName1-inner\"]"}
COMMAND: POST /session/e98a8c3f8e564d5dffeeff8b737fde72/element/f.442E653FBE801B9469C6A395343E122D.d.FCB07C2549433F856B5778FC3C65A080.e.1003/clear - {}
RESULT: {}
COMMAND: POST /session/e98a8c3f8e564d5dffeeff8b737fde72/element/f.442E653FBE801B9469C6A395343E122D.d.FCB07C2549433F856B5778FC3C65A080.e.1003/value - {"text":"Webdriver Yard 1vael"}
COMMAND: GET /session/e98a8c3f8e564d5dffeeff8b737fde72/screenshot - {}
RESULT: {"text":"Webdriver Yard 1vael"}
COMMAND: POST /session/e98a8c3f8e564d5dffeeff8b737fde72/element - {"using":"xpath","value":"//*[@id=\"application-manageyards-display-component---NewYard--addressDetailDetailsLanguage-inner\"]"}
COMMAND: GET /session/e98a8c3f8e564d5dffeeff8b737fde72/screenshot - {}
RESULT: {}
RESULT: {"using":"xpath","value":"//*[@id=\"application-manageyards-display-component---NewYard--addressDetailDetailsLanguage-inner\"]"}
COMMAND: POST /session/e98a8c3f8e564d5dffeeff8b737fde72/element/f.442E653FBE801B9469C6A395343E122D.d.FCB07C2549433F856B5778FC3C65A080.e.1004/clear - {}
RESULT: {}
RESULT: {}
COMMAND: POST /session/e98a8c3f8e564d5dffeeff8b737fde72/element/f.442E653FBE801B9469C6A395343E122D.d.FCB07C2549433F856B5778FC3C65A080.e.1004/value - {"text":"Romanian"}
COMMAND: GET /session/e98a8c3f8e564d5dffeeff8b737fde72/screenshot - {}
RESULT: {"text":"Romanian"}
COMMAND: GET /session/e98a8c3f8e564d5dffeeff8b737fde72/screenshot - {}
RESULT: {}
RESULT: {}
COMMAND: POST /session/e98a8c3f8e564d5dffeeff8b737fde72/element - {"using":"xpath","value":"//*[@id=\"application-manageyards-display-component---NewYard--addressDetailDetailsCity1-inner\"]"}
RESULT: {"using":"xpath","value":"//*[@id=\"application-manageyards-display-component---NewYard--addressDetailDetailsCity1-inner\"]"}
COMMAND: POST /session/e98a8c3f8e564d5dffeeff8b737fde72/element/f.442E653FBE801B9469C6A395343E122D.d.FCB07C2549433F856B5778FC3C65A080.e.1006/clear - {}
RESULT: {}
COMMAND: POST /session/e98a8c3f8e564d5dffeeff8b737fde72/element/f.442E653FBE801B9469C6A395343E122D.d.FCB07C2549433F856B5778FC3C65A080.e.1006/value - {"text":"Bucuresti"}
COMMAND: GET /session/e98a8c3f8e564d5dffeeff8b737fde72/screenshot - {}
RESULT: {"text":"Bucuresti"}
COMMAND: GET /session/e98a8c3f8e564d5dffeeff8b737fde72/screenshot - {}
RESULT: {}
COMMAND: POST /session/e98a8c3f8e564d5dffeeff8b737fde72/element - {"using":"xpath","value":"//*[@id=\"application-manageyards-display-component---NewYard--addressDetailDetailsCountry-inner\"]"}
RESULT: {}
RESULT: {"using":"xpath","value":"//*[@id=\"application-manageyards-display-component---NewYard--addressDetailDetailsCountry-inner\"]"}
COMMAND: POST /session/e98a8c3f8e564d5dffeeff8b737fde72/element/f.442E653FBE801B9469C6A395343E122D.d.FCB07C2549433F856B5778FC3C65A080.e.1010/clear - {}
RESULT: {}
COMMAND: POST /session/e98a8c3f8e564d5dffeeff8b737fde72/element/f.442E653FBE801B9469C6A395343E122D.d.FCB07C2549433F856B5778FC3C65A080.e.1010/value - {"text":"Romania"}
COMMAND: GET /session/e98a8c3f8e564d5dffeeff8b737fde72/screenshot - {}
RESULT: {"text":"Romania"}
COMMAND: GET /session/e98a8c3f8e564d5dffeeff8b737fde72/screenshot - {}
RESULT: {}
COMMAND: POST /session/e98a8c3f8e564d5dffeeff8b737fde72/element - {"using":"xpath","value":"//div[contains(text(), \"Commercial\")]"}
RESULT: {}
RESULT: {"using":"xpath","value":"//div[contains(text(), \"Commercial\")]"}
COMMAND: GET /session/e98a8c3f8e564d5dffeeff8b737fde72/element/f.442E653FBE801B9469C6A395343E122D.d.FCB07C2549433F856B5778FC3C65A080.e.1192/rect - {}
RESULT: {}
COMMAND: GET /session/e98a8c3f8e564d5dffeeff8b737fde72/window/rect - {}
RESULT: {}
COMMAND: POST /session/e98a8c3f8e564d5dffeeff8b737fde72/execute/sync - {"script":"<script> [92 bytes]","args":[]}
RESULT: {"script":"<script> [92 bytes]","args":[]}
COMMAND: POST /session/e98a8c3f8e564d5dffeeff8b737fde72/actions - {"actions":[{"id":"action2","type":"wheel","parameters":{},"actions":[{"type":"scroll","x":-1825,"y":-44,"deltaX":0,"deltaY":0,"duration":0,"origin":{"element-6066-11e4-a52e-4f735466cecf":"f.442E653FBE801B9469C6A395343E122D.d.FCB07C2549433F856B5778FC3C65A080.e.1192"}}]}]}
COMMAND: GET /session/e98a8c3f8e564d5dffeeff8b737fde72/screenshot - {}
RESULT: {}
COMMAND: POST /session/e98a8c3f8e564d5dffeeff8b737fde72/execute/sync - {"script":"<script> [79 bytes]","args":[{"element-6066-11e4-a52e-4f735466cecf":"f.442E653FBE801B9469C6A395343E122D.d.FCB07C2549433F856B5778FC3C65A080.e.1192","ELEMENT":"f.442E653FBE801B9469C6A395343E122D.d.FCB07C2549433F856B5778FC3C65A080.e.1192"},{"block":"start","inline":"nearest"}]}
RESULT: {"script":"<script> [79 bytes]","args":[{"element-6066-11e4-a52e-4f735466cecf":"f.442E653FBE801B9469C6A395343E122D.d.FCB07C2549433F856B5778FC3C65A080.e.1192","ELEMENT":"f.442E653FBE801B9469C6A395343E122D.d.FCB07C2549433F856B5778FC3C65A080.e.1192"},{"block":"start","inline":"nearest"}]}
COMMAND: GET /session/e98a8c3f8e564d5dffeeff8b737fde72/screenshot - {}
RESULT: {}
COMMAND: POST /session/e98a8c3f8e564d5dffeeff8b737fde72/element - {"using":"xpath","value":"//input[@id='application-manageyards-display-component---NewYard--addressEditDetailsCostObjectCstType-inner']"}
RESULT: {"using":"xpath","value":"//input[@id='application-manageyards-display-component---NewYard--addressEditDetailsCostObjectCstType-inner']"}
COMMAND: POST /session/e98a8c3f8e564d5dffeeff8b737fde72/execute/sync - {"script":"<script> [8489 bytes]","args":[{"element-6066-11e4-a52e-4f735466cecf":"f.442E653FBE801B9469C6A395343E122D.d.FCB07C2549433F856B5778FC3C65A080.e.1016","ELEMENT":"f.442E653FBE801B9469C6A395343E122D.d.FCB07C2549433F856B5778FC3C65A080.e.1016"}]}
RESULT: {"script":"<script> [8489 bytes]","args":[{"element-6066-11e4-a52e-4f735466cecf":"f.442E653FBE801B9469C6A395343E122D.d.FCB07C2549433F856B5778FC3C65A080.e.1016","ELEMENT":"f.442E653FBE801B9469C6A395343E122D.d.FCB07C2549433F856B5778FC3C65A080.e.1016"}]}
COMMAND: POST /session/e98a8c3f8e564d5dffeeff8b737fde72/element/f.442E653FBE801B9469C6A395343E122D.d.FCB07C2549433F856B5778FC3C65A080.e.1016/clear - {}
COMMAND: GET /session/e98a8c3f8e564d5dffeeff8b737fde72/screenshot - {}
RESULT: {}
COMMAND: POST /session/e98a8c3f8e564d5dffeeff8b737fde72/element/f.442E653FBE801B9469C6A395343E122D.d.FCB07C2549433F856B5778FC3C65A080.e.1016/value - {"text":"Cost"}
COMMAND: GET /session/e98a8c3f8e564d5dffeeff8b737fde72/screenshot - {}
RESULT: {}
RESULT: {"text":"Cost"}
COMMAND: GET /session/e98a8c3f8e564d5dffeeff8b737fde72/screenshot - {}
RESULT: {}
RESULT: {}
COMMAND: POST /session/e98a8c3f8e564d5dffeeff8b737fde72/execute/async - {"script":"<script> [1562 bytes]","args":[{"selector":{"id":"application-manageyards-display-component---NewYard--addressNewCostObjectCstID","interaction":{"idSuffix":"inner"}},"wdio_ui5_key":"applicationmanageyards-display-component---NewYard--addressNewCostObjectCstID"}]}
RESULT: {"script":"<script> [1562 bytes]","args":[{"selector":{"id":"application-manageyards-display-component---NewYard--addressNewCostObjectCstID","interaction":{"idSuffix":"inner"}},"wdio_ui5_key":"applicationmanageyards-display-component---NewYard--addressNewCostObjectCstID"}]}
RESULT: undefined
COMMAND: POST /session/e98a8c3f8e564d5dffeeff8b737fde72/execute/async - {"script":"<script> [776 bytes]","args":[{"enterText":"10001013","selector":{"id":"application-manageyards-display-component---NewYard--addressNewCostObjectCstID","interaction":{"idSuffix":"inner"}},"clearTextFirst":true,"interactionType":"ENTER_TEXT"}]}
RESULT: {"script":"<script> [776 bytes]","args":[{"enterText":"10001013","selector":{"id":"application-manageyards-display-component---NewYard--addressNewCostObjectCstID","interaction":{"idSuffix":"inner"}},"clearTextFirst":true,"interactionType":"ENTER_TEXT"}]}
COMMAND: POST /session/e98a8c3f8e564d5dffeeff8b737fde72/actions - {"actions":[{"id":"action3","type":"key","parameters":{},"actions":[{"type":"keyDown","value":"î€‡"},{"type":"pause","duration":10},{"type":"keyUp","value":"î€‡"}]}]}
RESULT: {"actions":[{"id":"action3","type":"key","parameters":{},"actions":[{"type":"keyDown","value":"î€‡"},{"type":"pause","duration":10},{"type":"keyUp","value":"î€‡"}]}]}
COMMAND: GET /session/e98a8c3f8e564d5dffeeff8b737fde72/screenshot - {}
RESULT: {}
COMMAND: POST /session/e98a8c3f8e564d5dffeeff8b737fde72/execute/async - {"script":"<script> [1562 bytes]","args":[{"selector":{"controlType":"sap.m.Button","viewName":"etm.portal.ui.manageyards.view.New","viewId":"application-manageyards-display-component---NewYard","i18NText":{"propertyName":"text","key":"save"},"interaction":{"idSuffix":"inner"}},"wdio_ui5_key":"etmportal.ui.manageyards.view.Newsap.m.Button{\"propertyName\":\"text\",\"key\":\"save\"}"}]}
RESULT: {"script":"<script> [1562 bytes]","args":[{"selector":{"controlType":"sap.m.Button","viewName":"etm.portal.ui.manageyards.view.New","viewId":"application-manageyards-display-component---NewYard","i18NText":{"propertyName":"text","key":"save"},"interaction":{"idSuffix":"inner"}},"wdio_ui5_key":"etmportal.ui.manageyards.view.Newsap.m.Button{\"propertyName\":\"text\",\"key\":\"save\"}"}]}
RESULT: undefined
COMMAND: POST /session/e98a8c3f8e564d5dffeeff8b737fde72/element - {"using":"xpath","value":"//*[@id=\"__button39\"]"}
RESULT: {"using":"xpath","value":"//*[@id=\"__button39\"]"}
COMMAND: POST /session/e98a8c3f8e564d5dffeeff8b737fde72/element/f.442E653FBE801B9469C6A395343E122D.d.FCB07C2549433F856B5778FC3C65A080.e.1170/click - {}
RESULT: {}
COMMAND: GET /session/e98a8c3f8e564d5dffeeff8b737fde72/screenshot - {}
RESULT: {}
COMMAND: POST /session/e98a8c3f8e564d5dffeeff8b737fde72/element - {"using":"xpath","value":"//header/div/div/div/div/div/div[2]/div/span"}
RESULT: {"using":"xpath","value":"//header/div/div/div/div/div/div[2]/div/span"}
COMMAND: GET /session/e98a8c3f8e564d5dffeeff8b737fde72/element/f.442E653FBE801B9469C6A395343E122D.d.FCB07C2549433F856B5778FC3C65A080.e.1412/text - {}
RESULT: {}
COMMAND: POST /session/e98a8c3f8e564d5dffeeff8b737fde72/element - {"using":"xpath","value":"//header/div/div[2]/div[2]/span"}
RESULT: {"using":"xpath","value":"//header/div/div[2]/div[2]/span"}
COMMAND: GET /session/e98a8c3f8e564d5dffeeff8b737fde72/element/f.442E653FBE801B9469C6A395343E122D.d.FCB07C2549433F856B5778FC3C65A080.e.1413/text - {}
RESULT: {}
COMMAND: POST /session/e98a8c3f8e564d5dffeeff8b737fde72/execute/async - {"script":"<script> [1562 bytes]","args":[{"selector":{"controlType":"sap.m.OverflowToolbarButton","viewName":"etm.portal.ui.manageyards.view.Detail","viewId":"application-manageyards-display-component---detailYard","i18NText":{"propertyName":"tooltip","key":"closeColumn"},"interaction":{"idSuffix":"inner"}},"wdio_ui5_key":"etmportal.ui.manageyards.view.Detailsap.m.OverflowToolbarButton{\"propertyName\":\"tooltip\",\"key\":\"closeColumn\"}"}]}
RESULT: {"script":"<script> [1562 bytes]","args":[{"selector":{"controlType":"sap.m.OverflowToolbarButton","viewName":"etm.portal.ui.manageyards.view.Detail","viewId":"application-manageyards-display-component---detailYard","i18NText":{"propertyName":"tooltip","key":"closeColumn"},"interaction":{"idSuffix":"inner"}},"wdio_ui5_key":"etmportal.ui.manageyards.view.Detailsap.m.OverflowToolbarButton{\"propertyName\":\"tooltip\",\"key\":\"closeColumn\"}"}]}
RESULT: undefined
COMMAND: POST /session/e98a8c3f8e564d5dffeeff8b737fde72/element - {"using":"xpath","value":"//*[@id=\"__button62\"]"}
RESULT: {"using":"xpath","value":"//*[@id=\"__button62\"]"}
COMMAND: POST /session/e98a8c3f8e564d5dffeeff8b737fde72/element/f.442E653FBE801B9469C6A395343E122D.d.FCB07C2549433F856B5778FC3C65A080.e.1415/click - {}
RESULT: {}
COMMAND: POST /session/e98a8c3f8e564d5dffeeff8b737fde72/refresh - {}
COMMAND: GET /session/e98a8c3f8e564d5dffeeff8b737fde72/screenshot - {}
RESULT: {}
COMMAND: GET /session/e98a8c3f8e564d5dffeeff8b737fde72/screenshot - {}
RESULT: {}
RESULT: {}
COMMAND: POST /session/e98a8c3f8e564d5dffeeff8b737fde72/refresh - {}
RESULT: {}
COMMAND: GET /session/e98a8c3f8e564d5dffeeff8b737fde72/screenshot - {}
RESULT: {}
COMMAND: POST /session/e98a8c3f8e564d5dffeeff8b737fde72/window/fullscreen - {}
RESULT: {}
COMMAND: POST /session/e98a8c3f8e564d5dffeeff8b737fde72/execute/async - {"script":"<script> [189 bytes]","args":[]}
RESULT: {"script":"<script> [189 bytes]","args":[]}
COMMAND: POST /session/e98a8c3f8e564d5dffeeff8b737fde72/execute/async - {"script":"<script> [123 bytes]","args":[]}
RESULT: {"script":"<script> [123 bytes]","args":[]}
COMMAND: POST /session/e98a8c3f8e564d5dffeeff8b737fde72/timeouts - {"script":"<number>"}
RESULT: {"script":"<number>"}
COMMAND: GET /session/e98a8c3f8e564d5dffeeff8b737fde72/timeouts - {}
RESULT: {}
RESULT: undefined
COMMAND: POST /session/e98a8c3f8e564d5dffeeff8b737fde72/execute/async - {"script":"<script> [2676 bytes]","args":[]}
RESULT: {"script":"<script> [2676 bytes]","args":[]}
COMMAND: POST /session/e98a8c3f8e564d5dffeeff8b737fde72/execute/async - {"script":"<script> [2342 bytes]","args":[{"protocol":"http","hostname":"0.0.0.0","path":"/","capabilities":{"browserName":"chrome","goog:chromeOptions":{"binary":"C:\\Program Files\\Google\\Chrome\\Application\\chrome.exe","args":["--start-maximized"]}},"logLevel":"warn","connectionRetryTimeout":120000,"connectionRetryCount":3,"logLevels":{},"enableDirectConnect":true,"strictSSL":true,"_":"65 more keys: [\"cacheDir\",\"port\",\"requestedCapabilities\",\"automationProtocol\",\"baseUrl\",\"waitforInterval\",\"waitforTimeout\",\"onReload\",\"beforeCommand\",\"afterCommand\",\"rootDir\",\"specs\",\"suites\",\"exclude\",\"groupLogsByTestSpec\",\"excludeDriverLogs\",\"bail\",\"framework\",\"reporters\",\"services\",\"maxInstances\",\"maxInstancesPerCapability\",\"injectGlobals\",\"filesToWatch\",\"execArgv\",\"runnerEnv\",\"runner\",\"shard\",\"specFileRetries\",\"specFileRetriesDelay\",\"specFileRetriesDeferred\",\"reporterSyncInterval\",\"reporterSyncTimeout\",\"cucumberFeaturesWithLineNumbers\",\"autoCompileOpts\",\"mochaOpts\",\"jasmineOpts\",\"cucumberOpts\",\"onPrepare\",\"onWorkerStart\",\"onWorkerEnd\",\"before\",\"beforeSession\",\"beforeSuite\",\"beforeHook\",\"beforeTest\",\"afterTest\",\"afterHook\",\"afterSuite\",\"afterSession\",\"after\",\"onComplete\",\"beforeAssertion\",\"afterAssertion\",\"beforeFeature\",\"beforeScenario\",\"beforeStep\",\"afterStep\",\"afterScenario\",\"afterFeature\",\"_\",\"suite\",\"$0\",\"ignoredWorkerServices\",\"wdi5\"]"}]}
RESULT: {"script":"<script> [2342 bytes]","args":[{"protocol":"http","hostname":"0.0.0.0","path":"/","capabilities":{"browserName":"chrome","goog:chromeOptions":{"binary":"C:\\Program Files\\Google\\Chrome\\Application\\chrome.exe","args":["--start-maximized"]}},"logLevel":"warn","connectionRetryTimeout":120000,"connectionRetryCount":3,"logLevels":{},"enableDirectConnect":true,"strictSSL":true,"_":"65 more keys: [\"cacheDir\",\"port\",\"requestedCapabilities\",\"automationProtocol\",\"baseUrl\",\"waitforInterval\",\"waitforTimeout\",\"onReload\",\"beforeCommand\",\"afterCommand\",\"rootDir\",\"specs\",\"suites\",\"exclude\",\"groupLogsByTestSpec\",\"excludeDriverLogs\",\"bail\",\"framework\",\"reporters\",\"services\",\"maxInstances\",\"maxInstancesPerCapability\",\"injectGlobals\",\"filesToWatch\",\"execArgv\",\"runnerEnv\",\"runner\",\"shard\",\"specFileRetries\",\"specFileRetriesDelay\",\"specFileRetriesDeferred\",\"reporterSyncInterval\",\"reporterSyncTimeout\",\"cucumberFeaturesWithLineNumbers\",\"autoCompileOpts\",\"mochaOpts\",\"jasmineOpts\",\"cucumberOpts\",\"onPrepare\",\"onWorkerStart\",\"onWorkerEnd\",\"before\",\"beforeSession\",\"beforeSuite\",\"beforeHook\",\"beforeTest\",\"afterTest\",\"afterHook\",\"afterSuite\",\"afterSession\",\"after\",\"onComplete\",\"beforeAssertion\",\"afterAssertion\",\"beforeFeature\",\"beforeScenario\",\"beforeStep\",\"afterStep\",\"afterScenario\",\"afterFeature\",\"_\",\"suite\",\"$0\",\"ignoredWorkerServices\",\"wdi5\"]"}]}
COMMAND: POST /session/e98a8c3f8e564d5dffeeff8b737fde72/execute/async - {"script":"<script> [21126 bytes]","args":[35000]}
RESULT: {"script":"<script> [21126 bytes]","args":[35000]}
]]></system-out>
    </testcase>
    <testcase classname="chrome.135_0_7049_115.windows.Create_2_Yards_US112496" name="Should create a WHM yard" time="67.564">
      <system-out><![CDATA[
COMMAND: POST /session/e98a8c3f8e564d5dffeeff8b737fde72/execute/async - {"script":"<script> [1562 bytes]","args":[{"selector":{"controlType":"sap.ui.core.Icon","viewName":"etm.portal.ui.manageyards.view.Master","viewId":"application-manageyards-display-component---masterYard","properties":{"src":{"regex":{"source":"add"}}}},"wdio_ui5_key":"etmportal.ui.manageyards.view.Mastersap.ui.core.Icon{\"src\":{\"regex\":{\"source\":\"add\"}}}"}]}
RESULT: {"script":"<script> [1562 bytes]","args":[{"selector":{"controlType":"sap.ui.core.Icon","viewName":"etm.portal.ui.manageyards.view.Master","viewId":"application-manageyards-display-component---masterYard","properties":{"src":{"regex":{"source":"add"}}}},"wdio_ui5_key":"etmportal.ui.manageyards.view.Mastersap.ui.core.Icon{\"src\":{\"regex\":{\"source\":\"add\"}}}"}]}
RESULT: undefined
COMMAND: POST /session/e98a8c3f8e564d5dffeeff8b737fde72/element - {"using":"xpath","value":"//*[@id=\"__button9-img\"]"}
RESULT: {"using":"xpath","value":"//*[@id=\"__button9-img\"]"}
COMMAND: POST /session/e98a8c3f8e564d5dffeeff8b737fde72/element/f.442E653FBE801B9469C6A395343E122D.d.D3D044281B777A0DB747C01016A612F2.e.1598/click - {}
RESULT: {}
COMMAND: GET /session/e98a8c3f8e564d5dffeeff8b737fde72/screenshot - {}
RESULT: {}
COMMAND: POST /session/e98a8c3f8e564d5dffeeff8b737fde72/execute/async - {"script":"<script> [1562 bytes]","args":[{"selector":{"id":"application-manageyards-display-component---NewYard--yardId","interaction":{"idSuffix":"inner"}},"wdio_ui5_key":"applicationmanageyards-display-component---NewYard--yardId"}]}
RESULT: {"script":"<script> [1562 bytes]","args":[{"selector":{"id":"application-manageyards-display-component---NewYard--yardId","interaction":{"idSuffix":"inner"}},"wdio_ui5_key":"applicationmanageyards-display-component---NewYard--yardId"}]}
RESULT: undefined
COMMAND: POST /session/e98a8c3f8e564d5dffeeff8b737fde72/element - {"using":"xpath","value":"//*[@id=\"application-manageyards-display-component---NewYard--addressDetailDetailsName1-inner\"]"}
RESULT: {"using":"xpath","value":"//*[@id=\"application-manageyards-display-component---NewYard--addressDetailDetailsName1-inner\"]"}
COMMAND: POST /session/e98a8c3f8e564d5dffeeff8b737fde72/element/f.442E653FBE801B9469C6A395343E122D.d.D3D044281B777A0DB747C01016A612F2.e.1756/clear - {}
RESULT: {}
COMMAND: POST /session/e98a8c3f8e564d5dffeeff8b737fde72/element/f.442E653FBE801B9469C6A395343E122D.d.D3D044281B777A0DB747C01016A612F2.e.1756/value - {"text":"Webdriver WHM Yard jy8nf"}
COMMAND: GET /session/e98a8c3f8e564d5dffeeff8b737fde72/screenshot - {}
RESULT: {"text":"Webdriver WHM Yard jy8nf"}
COMMAND: POST /session/e98a8c3f8e564d5dffeeff8b737fde72/element - {"using":"xpath","value":"//*[@id=\"application-manageyards-display-component---NewYard--addressDetailDetailsLanguage-inner\"]"}
COMMAND: GET /session/e98a8c3f8e564d5dffeeff8b737fde72/screenshot - {}
RESULT: {}
RESULT: {"using":"xpath","value":"//*[@id=\"application-manageyards-display-component---NewYard--addressDetailDetailsLanguage-inner\"]"}
COMMAND: POST /session/e98a8c3f8e564d5dffeeff8b737fde72/element/f.442E653FBE801B9469C6A395343E122D.d.D3D044281B777A0DB747C01016A612F2.e.1757/clear - {}
RESULT: {}
RESULT: {}
COMMAND: POST /session/e98a8c3f8e564d5dffeeff8b737fde72/element/f.442E653FBE801B9469C6A395343E122D.d.D3D044281B777A0DB747C01016A612F2.e.1757/value - {"text":"Romanian"}
COMMAND: GET /session/e98a8c3f8e564d5dffeeff8b737fde72/screenshot - {}
RESULT: {"text":"Romanian"}
COMMAND: GET /session/e98a8c3f8e564d5dffeeff8b737fde72/screenshot - {}
RESULT: {}
RESULT: {}
COMMAND: POST /session/e98a8c3f8e564d5dffeeff8b737fde72/element - {"using":"xpath","value":"//*[@id=\"application-manageyards-display-component---NewYard--addressDetailDetailsCity1-inner\"]"}
RESULT: {"using":"xpath","value":"//*[@id=\"application-manageyards-display-component---NewYard--addressDetailDetailsCity1-inner\"]"}
COMMAND: POST /session/e98a8c3f8e564d5dffeeff8b737fde72/element/f.442E653FBE801B9469C6A395343E122D.d.D3D044281B777A0DB747C01016A612F2.e.1759/clear - {}
RESULT: {}
COMMAND: POST /session/e98a8c3f8e564d5dffeeff8b737fde72/element/f.442E653FBE801B9469C6A395343E122D.d.D3D044281B777A0DB747C01016A612F2.e.1759/value - {"text":"Bucuresti"}
COMMAND: GET /session/e98a8c3f8e564d5dffeeff8b737fde72/screenshot - {}
RESULT: {"text":"Bucuresti"}
COMMAND: GET /session/e98a8c3f8e564d5dffeeff8b737fde72/screenshot - {}
RESULT: {}
RESULT: {}
COMMAND: POST /session/e98a8c3f8e564d5dffeeff8b737fde72/element - {"using":"xpath","value":"//*[@id=\"application-manageyards-display-component---NewYard--addressDetailDetailsCountry-inner\"]"}
RESULT: {"using":"xpath","value":"//*[@id=\"application-manageyards-display-component---NewYard--addressDetailDetailsCountry-inner\"]"}
COMMAND: POST /session/e98a8c3f8e564d5dffeeff8b737fde72/element/f.442E653FBE801B9469C6A395343E122D.d.D3D044281B777A0DB747C01016A612F2.e.1763/clear - {}
RESULT: {}
COMMAND: POST /session/e98a8c3f8e564d5dffeeff8b737fde72/element/f.442E653FBE801B9469C6A395343E122D.d.D3D044281B777A0DB747C01016A612F2.e.1763/value - {"text":"Romania"}
COMMAND: GET /session/e98a8c3f8e564d5dffeeff8b737fde72/screenshot - {}
RESULT: {"text":"Romania"}
COMMAND: GET /session/e98a8c3f8e564d5dffeeff8b737fde72/screenshot - {}
RESULT: {}
RESULT: {}
COMMAND: POST /session/e98a8c3f8e564d5dffeeff8b737fde72/execute/async - {"script":"<script> [1562 bytes]","args":[{"selector":{"controlType":"sap.m.Button","viewName":"etm.portal.ui.manageyards.view.New","viewId":"application-manageyards-display-component---NewYard","properties":{"text":"Commercial"},"interaction":{"idSuffix":"BDI-content"}},"wdio_ui5_key":"etmportal.ui.manageyards.view.Newsap.m.Button{\"text\":\"Commercial\"}"}]}
RESULT: {"script":"<script> [1562 bytes]","args":[{"selector":{"controlType":"sap.m.Button","viewName":"etm.portal.ui.manageyards.view.New","viewId":"application-manageyards-display-component---NewYard","properties":{"text":"Commercial"},"interaction":{"idSuffix":"BDI-content"}},"wdio_ui5_key":"etmportal.ui.manageyards.view.Newsap.m.Button{\"text\":\"Commercial\"}"}]}
RESULT: undefined
COMMAND: POST /session/e98a8c3f8e564d5dffeeff8b737fde72/element - {"using":"xpath","value":"//*[@id=\"application-manageyards-display-component---NewYard--ObjectPageLayout-anchBar-__section18-anchor\"]"}
RESULT: {"using":"xpath","value":"//*[@id=\"application-manageyards-display-component---NewYard--ObjectPageLayout-anchBar-__section18-anchor\"]"}
COMMAND: POST /session/e98a8c3f8e564d5dffeeff8b737fde72/element/f.442E653FBE801B9469C6A395343E122D.d.D3D044281B777A0DB747C01016A612F2.e.1907/click - {}
RESULT: {}
COMMAND: GET /session/e98a8c3f8e564d5dffeeff8b737fde72/screenshot - {}
RESULT: {}
COMMAND: POST /session/e98a8c3f8e564d5dffeeff8b737fde72/element - {"using":"xpath","value":"//input[@id='application-manageyards-display-component---NewYard--addressEditDetailsCostObjectCstType-inner']"}
RESULT: {"using":"xpath","value":"//input[@id='application-manageyards-display-component---NewYard--addressEditDetailsCostObjectCstType-inner']"}
COMMAND: POST /session/e98a8c3f8e564d5dffeeff8b737fde72/execute/sync - {"script":"<script> [8489 bytes]","args":[{"element-6066-11e4-a52e-4f735466cecf":"f.442E653FBE801B9469C6A395343E122D.d.D3D044281B777A0DB747C01016A612F2.e.1769","ELEMENT":"f.442E653FBE801B9469C6A395343E122D.d.D3D044281B777A0DB747C01016A612F2.e.1769"}]}
RESULT: {"script":"<script> [8489 bytes]","args":[{"element-6066-11e4-a52e-4f735466cecf":"f.442E653FBE801B9469C6A395343E122D.d.D3D044281B777A0DB747C01016A612F2.e.1769","ELEMENT":"f.442E653FBE801B9469C6A395343E122D.d.D3D044281B777A0DB747C01016A612F2.e.1769"}]}
COMMAND: POST /session/e98a8c3f8e564d5dffeeff8b737fde72/element/f.442E653FBE801B9469C6A395343E122D.d.D3D044281B777A0DB747C01016A612F2.e.1769/clear - {}
COMMAND: GET /session/e98a8c3f8e564d5dffeeff8b737fde72/screenshot - {}
RESULT: {}
COMMAND: POST /session/e98a8c3f8e564d5dffeeff8b737fde72/element/f.442E653FBE801B9469C6A395343E122D.d.D3D044281B777A0DB747C01016A612F2.e.1769/value - {"text":"Cost"}
COMMAND: GET /session/e98a8c3f8e564d5dffeeff8b737fde72/screenshot - {}
RESULT: {}
RESULT: {"text":"Cost"}
COMMAND: GET /session/e98a8c3f8e564d5dffeeff8b737fde72/screenshot - {}
RESULT: {}
RESULT: {}
COMMAND: POST /session/e98a8c3f8e564d5dffeeff8b737fde72/execute/async - {"script":"<script> [1562 bytes]","args":[{"selector":{"id":"application-manageyards-display-component---NewYard--addressNewCostObjectCstID","interaction":{"idSuffix":"inner"}},"wdio_ui5_key":"applicationmanageyards-display-component---NewYard--addressNewCostObjectCstID"}]}
RESULT: {"script":"<script> [1562 bytes]","args":[{"selector":{"id":"application-manageyards-display-component---NewYard--addressNewCostObjectCstID","interaction":{"idSuffix":"inner"}},"wdio_ui5_key":"applicationmanageyards-display-component---NewYard--addressNewCostObjectCstID"}]}
RESULT: undefined
COMMAND: POST /session/e98a8c3f8e564d5dffeeff8b737fde72/execute/async - {"script":"<script> [776 bytes]","args":[{"enterText":"10001013","selector":{"id":"application-manageyards-display-component---NewYard--addressNewCostObjectCstID","interaction":{"idSuffix":"inner"}},"clearTextFirst":true,"interactionType":"ENTER_TEXT"}]}
RESULT: {"script":"<script> [776 bytes]","args":[{"enterText":"10001013","selector":{"id":"application-manageyards-display-component---NewYard--addressNewCostObjectCstID","interaction":{"idSuffix":"inner"}},"clearTextFirst":true,"interactionType":"ENTER_TEXT"}]}
COMMAND: POST /session/e98a8c3f8e564d5dffeeff8b737fde72/actions - {"actions":[{"id":"action4","type":"key","parameters":{},"actions":[{"type":"keyDown","value":"î€‡"},{"type":"pause","duration":10},{"type":"keyUp","value":"î€‡"}]}]}
RESULT: {"actions":[{"id":"action4","type":"key","parameters":{},"actions":[{"type":"keyDown","value":"î€‡"},{"type":"pause","duration":10},{"type":"keyUp","value":"î€‡"}]}]}
COMMAND: POST /session/e98a8c3f8e564d5dffeeff8b737fde72/execute/async - {"script":"<script> [1562 bytes]","args":[{"selector":{"id":"application-manageyards-display-component---NewYard--addressEditDetailsCurrency","interaction":{"idSuffix":"inner"}},"wdio_ui5_key":"applicationmanageyards-display-component---NewYard--addressEditDetailsCurrency"}]}
COMMAND: GET /session/e98a8c3f8e564d5dffeeff8b737fde72/screenshot - {}
RESULT: {"script":"<script> [1562 bytes]","args":[{"selector":{"id":"application-manageyards-display-component---NewYard--addressEditDetailsCurrency","interaction":{"idSuffix":"inner"}},"wdio_ui5_key":"applicationmanageyards-display-component---NewYard--addressEditDetailsCurrency"}]}
RESULT: undefined
COMMAND: POST /session/e98a8c3f8e564d5dffeeff8b737fde72/execute/async - {"script":"<script> [776 bytes]","args":[{"enterText":"Euro","selector":{"id":"application-manageyards-display-component---NewYard--addressEditDetailsCurrency","interaction":{"idSuffix":"inner"}},"clearTextFirst":true,"interactionType":"ENTER_TEXT"}]}
RESULT: {}
RESULT: {"script":"<script> [776 bytes]","args":[{"enterText":"Euro","selector":{"id":"application-manageyards-display-component---NewYard--addressEditDetailsCurrency","interaction":{"idSuffix":"inner"}},"clearTextFirst":true,"interactionType":"ENTER_TEXT"}]}
COMMAND: POST /session/e98a8c3f8e564d5dffeeff8b737fde72/execute/async - {"script":"<script> [1562 bytes]","args":[{"selector":{"controlType":"sap.m.Input","viewName":"etm.portal.ui.manageyards.view.New","viewId":"application-manageyards-display-component---NewYard","bindingPath":{"path":"","propertyPath":"/CONTROLLING_AREA","modelName":"NewYardModel"},"interaction":{"idSuffix":"inner"}},"wdio_ui5_key":"etmportal.ui.manageyards.view.Newsap.m.Input{\"path\":\"\",\"propertyPath\":\"/CONTROLLING_AREA\",\"modelName\":\"NewYardModel\"}"}]}
RESULT: {"script":"<script> [1562 bytes]","args":[{"selector":{"controlType":"sap.m.Input","viewName":"etm.portal.ui.manageyards.view.New","viewId":"application-manageyards-display-component---NewYard","bindingPath":{"path":"","propertyPath":"/CONTROLLING_AREA","modelName":"NewYardModel"},"interaction":{"idSuffix":"inner"}},"wdio_ui5_key":"etmportal.ui.manageyards.view.Newsap.m.Input{\"path\":\"\",\"propertyPath\":\"/CONTROLLING_AREA\",\"modelName\":\"NewYardModel\"}"}]}
RESULT: undefined
COMMAND: POST /session/e98a8c3f8e564d5dffeeff8b737fde72/execute/async - {"script":"<script> [776 bytes]","args":[{"enterText":"Z001","selector":{"controlType":"sap.m.Input","viewName":"etm.portal.ui.manageyards.view.New","viewId":"application-manageyards-display-component---NewYard","bindingPath":{"path":"","propertyPath":"/CONTROLLING_AREA","modelName":"NewYardModel"},"interaction":{"idSuffix":"inner"}},"clearTextFirst":true,"interactionType":"ENTER_TEXT"}]}
RESULT: {"script":"<script> [776 bytes]","args":[{"enterText":"Z001","selector":{"controlType":"sap.m.Input","viewName":"etm.portal.ui.manageyards.view.New","viewId":"application-manageyards-display-component---NewYard","bindingPath":{"path":"","propertyPath":"/CONTROLLING_AREA","modelName":"NewYardModel"},"interaction":{"idSuffix":"inner"}},"clearTextFirst":true,"interactionType":"ENTER_TEXT"}]}
COMMAND: POST /session/e98a8c3f8e564d5dffeeff8b737fde72/execute/async - {"script":"<script> [1562 bytes]","args":[{"selector":{"id":"application-manageyards-display-component---NewYard--companyCodeComboBox","interaction":{"idSuffix":"inner"}},"wdio_ui5_key":"applicationmanageyards-display-component---NewYard--companyCodeComboBox"}]}
RESULT: {"script":"<script> [1562 bytes]","args":[{"selector":{"id":"application-manageyards-display-component---NewYard--companyCodeComboBox","interaction":{"idSuffix":"inner"}},"wdio_ui5_key":"applicationmanageyards-display-component---NewYard--companyCodeComboBox"}]}
RESULT: undefined
COMMAND: POST /session/e98a8c3f8e564d5dffeeff8b737fde72/execute/async - {"script":"<script> [776 bytes]","args":[{"enterText":"1000","selector":{"id":"application-manageyards-display-component---NewYard--companyCodeComboBox","interaction":{"idSuffix":"inner"}},"clearTextFirst":true,"interactionType":"ENTER_TEXT"}]}
RESULT: {"script":"<script> [776 bytes]","args":[{"enterText":"1000","selector":{"id":"application-manageyards-display-component---NewYard--companyCodeComboBox","interaction":{"idSuffix":"inner"}},"clearTextFirst":true,"interactionType":"ENTER_TEXT"}]}
COMMAND: POST /session/e98a8c3f8e564d5dffeeff8b737fde72/actions - {"actions":[{"id":"action5","type":"key","parameters":{},"actions":[{"type":"keyDown","value":"î€‡"},{"type":"pause","duration":10},{"type":"keyUp","value":"î€‡"}]}]}
RESULT: {"actions":[{"id":"action5","type":"key","parameters":{},"actions":[{"type":"keyDown","value":"î€‡"},{"type":"pause","duration":10},{"type":"keyUp","value":"î€‡"}]}]}
COMMAND: POST /session/e98a8c3f8e564d5dffeeff8b737fde72/execute/async - {"script":"<script> [1562 bytes]","args":[{"selector":{"controlType":"sap.m.Input","viewName":"etm.portal.ui.manageyards.view.New","viewId":"application-manageyards-display-component---NewYard","bindingPath":{"path":"","propertyPath":"/PLANT","modelName":"NewYardModel"},"interaction":{"idSuffix":"inner"}},"wdio_ui5_key":"etmportal.ui.manageyards.view.Newsap.m.Input{\"path\":\"\",\"propertyPath\":\"/PLANT\",\"modelName\":\"NewYardModel\"}"}]}
COMMAND: GET /session/e98a8c3f8e564d5dffeeff8b737fde72/screenshot - {}
RESULT: {"script":"<script> [1562 bytes]","args":[{"selector":{"controlType":"sap.m.Input","viewName":"etm.portal.ui.manageyards.view.New","viewId":"application-manageyards-display-component---NewYard","bindingPath":{"path":"","propertyPath":"/PLANT","modelName":"NewYardModel"},"interaction":{"idSuffix":"inner"}},"wdio_ui5_key":"etmportal.ui.manageyards.view.Newsap.m.Input{\"path\":\"\",\"propertyPath\":\"/PLANT\",\"modelName\":\"NewYardModel\"}"}]}
RESULT: undefined
COMMAND: POST /session/e98a8c3f8e564d5dffeeff8b737fde72/execute/async - {"script":"<script> [776 bytes]","args":[{"enterText":"1001","selector":{"controlType":"sap.m.Input","viewName":"etm.portal.ui.manageyards.view.New","viewId":"application-manageyards-display-component---NewYard","bindingPath":{"path":"","propertyPath":"/PLANT","modelName":"NewYardModel"},"interaction":{"idSuffix":"inner"}},"clearTextFirst":true,"interactionType":"ENTER_TEXT"}]}
RESULT: {}
RESULT: {"script":"<script> [776 bytes]","args":[{"enterText":"1001","selector":{"controlType":"sap.m.Input","viewName":"etm.portal.ui.manageyards.view.New","viewId":"application-manageyards-display-component---NewYard","bindingPath":{"path":"","propertyPath":"/PLANT","modelName":"NewYardModel"},"interaction":{"idSuffix":"inner"}},"clearTextFirst":true,"interactionType":"ENTER_TEXT"}]}
COMMAND: POST /session/e98a8c3f8e564d5dffeeff8b737fde72/execute/async - {"script":"<script> [1562 bytes]","args":[{"selector":{"controlType":"sap.m.Input","viewName":"etm.portal.ui.manageyards.view.New","viewId":"application-manageyards-display-component---NewYard","bindingPath":{"path":"","propertyPath":"/SALES_AREA_VKORG","modelName":"NewYardModel"},"interaction":{"idSuffix":"inner"}},"wdio_ui5_key":"etmportal.ui.manageyards.view.Newsap.m.Input{\"path\":\"\",\"propertyPath\":\"/SALES_AREA_VKORG\",\"modelName\":\"NewYardModel\"}"}]}
RESULT: {"script":"<script> [1562 bytes]","args":[{"selector":{"controlType":"sap.m.Input","viewName":"etm.portal.ui.manageyards.view.New","viewId":"application-manageyards-display-component---NewYard","bindingPath":{"path":"","propertyPath":"/SALES_AREA_VKORG","modelName":"NewYardModel"},"interaction":{"idSuffix":"inner"}},"wdio_ui5_key":"etmportal.ui.manageyards.view.Newsap.m.Input{\"path\":\"\",\"propertyPath\":\"/SALES_AREA_VKORG\",\"modelName\":\"NewYardModel\"}"}]}
RESULT: undefined
COMMAND: POST /session/e98a8c3f8e564d5dffeeff8b737fde72/execute/async - {"script":"<script> [776 bytes]","args":[{"enterText":"C002","selector":{"controlType":"sap.m.Input","viewName":"etm.portal.ui.manageyards.view.New","viewId":"application-manageyards-display-component---NewYard","bindingPath":{"path":"","propertyPath":"/SALES_AREA_VKORG","modelName":"NewYardModel"},"interaction":{"idSuffix":"inner"}},"clearTextFirst":true,"interactionType":"ENTER_TEXT"}]}
RESULT: {"script":"<script> [776 bytes]","args":[{"enterText":"C002","selector":{"controlType":"sap.m.Input","viewName":"etm.portal.ui.manageyards.view.New","viewId":"application-manageyards-display-component---NewYard","bindingPath":{"path":"","propertyPath":"/SALES_AREA_VKORG","modelName":"NewYardModel"},"interaction":{"idSuffix":"inner"}},"clearTextFirst":true,"interactionType":"ENTER_TEXT"}]}
COMMAND: POST /session/e98a8c3f8e564d5dffeeff8b737fde72/execute/async - {"script":"<script> [1562 bytes]","args":[{"selector":{"controlType":"sap.m.Input","viewName":"etm.portal.ui.manageyards.view.New","viewId":"application-manageyards-display-component---NewYard","bindingPath":{"path":"","propertyPath":"/SALES_AREA_VTWEG","modelName":"NewYardModel"},"interaction":{"idSuffix":"inner"}},"wdio_ui5_key":"etmportal.ui.manageyards.view.Newsap.m.Input{\"path\":\"\",\"propertyPath\":\"/SALES_AREA_VTWEG\",\"modelName\":\"NewYardModel\"}"}]}
RESULT: {"script":"<script> [1562 bytes]","args":[{"selector":{"controlType":"sap.m.Input","viewName":"etm.portal.ui.manageyards.view.New","viewId":"application-manageyards-display-component---NewYard","bindingPath":{"path":"","propertyPath":"/SALES_AREA_VTWEG","modelName":"NewYardModel"},"interaction":{"idSuffix":"inner"}},"wdio_ui5_key":"etmportal.ui.manageyards.view.Newsap.m.Input{\"path\":\"\",\"propertyPath\":\"/SALES_AREA_VTWEG\",\"modelName\":\"NewYardModel\"}"}]}
RESULT: undefined
COMMAND: POST /session/e98a8c3f8e564d5dffeeff8b737fde72/execute/async - {"script":"<script> [776 bytes]","args":[{"enterText":"C2","selector":{"controlType":"sap.m.Input","viewName":"etm.portal.ui.manageyards.view.New","viewId":"application-manageyards-display-component---NewYard","bindingPath":{"path":"","propertyPath":"/SALES_AREA_VTWEG","modelName":"NewYardModel"},"interaction":{"idSuffix":"inner"}},"clearTextFirst":true,"interactionType":"ENTER_TEXT"}]}
RESULT: {"script":"<script> [776 bytes]","args":[{"enterText":"C2","selector":{"controlType":"sap.m.Input","viewName":"etm.portal.ui.manageyards.view.New","viewId":"application-manageyards-display-component---NewYard","bindingPath":{"path":"","propertyPath":"/SALES_AREA_VTWEG","modelName":"NewYardModel"},"interaction":{"idSuffix":"inner"}},"clearTextFirst":true,"interactionType":"ENTER_TEXT"}]}
COMMAND: POST /session/e98a8c3f8e564d5dffeeff8b737fde72/execute/async - {"script":"<script> [1562 bytes]","args":[{"selector":{"controlType":"sap.m.Input","viewName":"etm.portal.ui.manageyards.view.New","viewId":"application-manageyards-display-component---NewYard","bindingPath":{"path":"","propertyPath":"/SALES_AREA_SPART","modelName":"NewYardModel"},"interaction":{"idSuffix":"inner"}},"wdio_ui5_key":"etmportal.ui.manageyards.view.Newsap.m.Input{\"path\":\"\",\"propertyPath\":\"/SALES_AREA_SPART\",\"modelName\":\"NewYardModel\"}"}]}
RESULT: {"script":"<script> [1562 bytes]","args":[{"selector":{"controlType":"sap.m.Input","viewName":"etm.portal.ui.manageyards.view.New","viewId":"application-manageyards-display-component---NewYard","bindingPath":{"path":"","propertyPath":"/SALES_AREA_SPART","modelName":"NewYardModel"},"interaction":{"idSuffix":"inner"}},"wdio_ui5_key":"etmportal.ui.manageyards.view.Newsap.m.Input{\"path\":\"\",\"propertyPath\":\"/SALES_AREA_SPART\",\"modelName\":\"NewYardModel\"}"}]}
RESULT: undefined
COMMAND: POST /session/e98a8c3f8e564d5dffeeff8b737fde72/execute/async - {"script":"<script> [776 bytes]","args":[{"enterText":"C2","selector":{"controlType":"sap.m.Input","viewName":"etm.portal.ui.manageyards.view.New","viewId":"application-manageyards-display-component---NewYard","bindingPath":{"path":"","propertyPath":"/SALES_AREA_SPART","modelName":"NewYardModel"},"interaction":{"idSuffix":"inner"}},"clearTextFirst":true,"interactionType":"ENTER_TEXT"}]}
RESULT: {"script":"<script> [776 bytes]","args":[{"enterText":"C2","selector":{"controlType":"sap.m.Input","viewName":"etm.portal.ui.manageyards.view.New","viewId":"application-manageyards-display-component---NewYard","bindingPath":{"path":"","propertyPath":"/SALES_AREA_SPART","modelName":"NewYardModel"},"interaction":{"idSuffix":"inner"}},"clearTextFirst":true,"interactionType":"ENTER_TEXT"}]}
COMMAND: POST /session/e98a8c3f8e564d5dffeeff8b737fde72/execute/async - {"script":"<script> [1562 bytes]","args":[{"selector":{"id":"application-manageyards-display-component---NewYard--whmCheckBox","interaction":{"idSuffix":"CbBg"}},"wdio_ui5_key":"applicationmanageyards-display-component---NewYard--whmCheckBox"}]}
RESULT: {"script":"<script> [1562 bytes]","args":[{"selector":{"id":"application-manageyards-display-component---NewYard--whmCheckBox","interaction":{"idSuffix":"CbBg"}},"wdio_ui5_key":"applicationmanageyards-display-component---NewYard--whmCheckBox"}]}
RESULT: undefined
COMMAND: POST /session/e98a8c3f8e564d5dffeeff8b737fde72/element - {"using":"xpath","value":"//*[@id=\"application-manageyards-display-component---NewYard--whmCheckBox\"]"}
RESULT: {"using":"xpath","value":"//*[@id=\"application-manageyards-display-component---NewYard--whmCheckBox\"]"}
COMMAND: POST /session/e98a8c3f8e564d5dffeeff8b737fde72/element/f.442E653FBE801B9469C6A395343E122D.d.D3D044281B777A0DB747C01016A612F2.e.1930/click - {}
RESULT: {}
COMMAND: POST /session/e98a8c3f8e564d5dffeeff8b737fde72/execute/async - {"script":"<script> [1562 bytes]","args":[{"selector":{"controlType":"sap.m.Button","viewName":"etm.portal.ui.manageyards.view.New","viewId":"application-manageyards-display-component---NewYard","i18NText":{"propertyName":"text","key":"save"},"interaction":{"idSuffix":"inner"}},"wdio_ui5_key":"etmportal.ui.manageyards.view.Newsap.m.Button{\"propertyName\":\"text\",\"key\":\"save\"}"}]}
COMMAND: GET /session/e98a8c3f8e564d5dffeeff8b737fde72/screenshot - {}
RESULT: {"script":"<script> [1562 bytes]","args":[{"selector":{"controlType":"sap.m.Button","viewName":"etm.portal.ui.manageyards.view.New","viewId":"application-manageyards-display-component---NewYard","i18NText":{"propertyName":"text","key":"save"},"interaction":{"idSuffix":"inner"}},"wdio_ui5_key":"etmportal.ui.manageyards.view.Newsap.m.Button{\"propertyName\":\"text\",\"key\":\"save\"}"}]}
RESULT: undefined
COMMAND: POST /session/e98a8c3f8e564d5dffeeff8b737fde72/element - {"using":"xpath","value":"//*[@id=\"__button43\"]"}
RESULT: {}
RESULT: {"using":"xpath","value":"//*[@id=\"__button43\"]"}
COMMAND: POST /session/e98a8c3f8e564d5dffeeff8b737fde72/element/f.442E653FBE801B9469C6A395343E122D.d.D3D044281B777A0DB747C01016A612F2.e.1896/click - {}
RESULT: {}
COMMAND: GET /session/e98a8c3f8e564d5dffeeff8b737fde72/screenshot - {}
RESULT: {}
COMMAND: POST /session/e98a8c3f8e564d5dffeeff8b737fde72/element - {"using":"xpath","value":"//header/div/div/div/div/div/div[2]/div/span"}
RESULT: {"using":"xpath","value":"//header/div/div/div/div/div/div[2]/div/span"}
COMMAND: GET /session/e98a8c3f8e564d5dffeeff8b737fde72/element/f.442E653FBE801B9469C6A395343E122D.d.D3D044281B777A0DB747C01016A612F2.e.2084/text - {}
RESULT: {}
COMMAND: POST /session/e98a8c3f8e564d5dffeeff8b737fde72/element - {"using":"xpath","value":"//header/div/div[2]/div[2]/span"}
RESULT: {"using":"xpath","value":"//header/div/div[2]/div[2]/span"}
COMMAND: GET /session/e98a8c3f8e564d5dffeeff8b737fde72/element/f.442E653FBE801B9469C6A395343E122D.d.D3D044281B777A0DB747C01016A612F2.e.2085/text - {}
RESULT: {}
COMMAND: POST /session/e98a8c3f8e564d5dffeeff8b737fde72/element - {"using":"css selector","value":"#j_username"}
COMMAND: POST /session/e98a8c3f8e564d5dffeeff8b737fde72/url - {"url":"https://qa-testing-00-live-etm-ui.cfapps.eu10-004.hana.ondemand.com/"}
RESULT: {"using":"css selector","value":"#j_username"}
COMMAND: POST /session/e98a8c3f8e564d5dffeeff8b737fde72/element - {"using":"css selector","value":"#j_username"}
RESULT: {"url":"https://qa-testing-00-live-etm-ui.cfapps.eu10-004.hana.ondemand.com/"}
RESULT: undefined
COMMAND: GET /session/e98a8c3f8e564d5dffeeff8b737fde72/screenshot - {}
RESULT: {"using":"css selector","value":"#j_username"}
COMMAND: POST /session/e98a8c3f8e564d5dffeeff8b737fde72/element - {"using":"css selector","value":"#shell-header-logo"}
RESULT: {}
RESULT: {"using":"css selector","value":"#shell-header-logo"}
COMMAND: POST /session/e98a8c3f8e564d5dffeeff8b737fde72/execute/sync - {"script":"<script> [8489 bytes]","args":[{"element-6066-11e4-a52e-4f735466cecf":"f.442E653FBE801B9469C6A395343E122D.d.0CF73125633EF79E9B94E475F6CEE4A9.e.2100","ELEMENT":"f.442E653FBE801B9469C6A395343E122D.d.0CF73125633EF79E9B94E475F6CEE4A9.e.2100"}]}
RESULT: {"script":"<script> [8489 bytes]","args":[{"element-6066-11e4-a52e-4f735466cecf":"f.442E653FBE801B9469C6A395343E122D.d.0CF73125633EF79E9B94E475F6CEE4A9.e.2100","ELEMENT":"f.442E653FBE801B9469C6A395343E122D.d.0CF73125633EF79E9B94E475F6CEE4A9.e.2100"}]}
COMMAND: POST /session/e98a8c3f8e564d5dffeeff8b737fde72/element - {"using":"css selector","value":"#shell-header-logo"}
COMMAND: GET /session/e98a8c3f8e564d5dffeeff8b737fde72/screenshot - {}
RESULT: {}
RESULT: {"using":"css selector","value":"#shell-header-logo"}
COMMAND: POST /session/e98a8c3f8e564d5dffeeff8b737fde72/execute/sync - {"script":"<script> [8489 bytes]","args":[{"element-6066-11e4-a52e-4f735466cecf":"f.442E653FBE801B9469C6A395343E122D.d.0CF73125633EF79E9B94E475F6CEE4A9.e.2100","ELEMENT":"f.442E653FBE801B9469C6A395343E122D.d.0CF73125633EF79E9B94E475F6CEE4A9.e.2100"}]}
RESULT: {"script":"<script> [8489 bytes]","args":[{"element-6066-11e4-a52e-4f735466cecf":"f.442E653FBE801B9469C6A395343E122D.d.0CF73125633EF79E9B94E475F6CEE4A9.e.2100","ELEMENT":"f.442E653FBE801B9469C6A395343E122D.d.0CF73125633EF79E9B94E475F6CEE4A9.e.2100"}]}
COMMAND: POST /session/e98a8c3f8e564d5dffeeff8b737fde72/execute/sync - {"script":"<script> [5351 bytes]","args":[{"element-6066-11e4-a52e-4f735466cecf":"f.442E653FBE801B9469C6A395343E122D.d.0CF73125633EF79E9B94E475F6CEE4A9.e.2100","ELEMENT":"f.442E653FBE801B9469C6A395343E122D.d.0CF73125633EF79E9B94E475F6CEE4A9.e.2100"}]}
COMMAND: GET /session/e98a8c3f8e564d5dffeeff8b737fde72/screenshot - {}
RESULT: {"script":"<script> [5351 bytes]","args":[{"element-6066-11e4-a52e-4f735466cecf":"f.442E653FBE801B9469C6A395343E122D.d.0CF73125633EF79E9B94E475F6CEE4A9.e.2100","ELEMENT":"f.442E653FBE801B9469C6A395343E122D.d.0CF73125633EF79E9B94E475F6CEE4A9.e.2100"}]}
COMMAND: POST /session/e98a8c3f8e564d5dffeeff8b737fde72/element - {"using":"css selector","value":"#shell-header-logo"}
COMMAND: GET /session/e98a8c3f8e564d5dffeeff8b737fde72/screenshot - {}
RESULT: {}
RESULT: {"using":"css selector","value":"#shell-header-logo"}
COMMAND: POST /session/e98a8c3f8e564d5dffeeff8b737fde72/element/f.442E653FBE801B9469C6A395343E122D.d.0CF73125633EF79E9B94E475F6CEE4A9.e.2100/click - {}
RESULT: {}
RESULT: {}
COMMAND: GET /session/e98a8c3f8e564d5dffeeff8b737fde72/screenshot - {}
RESULT: {}
COMMAND: POST /session/e98a8c3f8e564d5dffeeff8b737fde72/execute/async - {"script":"<script> [189 bytes]","args":[]}
RESULT: {"script":"<script> [189 bytes]","args":[]}
COMMAND: POST /session/e98a8c3f8e564d5dffeeff8b737fde72/execute/async - {"script":"<script> [123 bytes]","args":[]}
RESULT: {"script":"<script> [123 bytes]","args":[]}
COMMAND: POST /session/e98a8c3f8e564d5dffeeff8b737fde72/timeouts - {"script":"<number>"}
RESULT: {"script":"<number>"}
COMMAND: GET /session/e98a8c3f8e564d5dffeeff8b737fde72/timeouts - {}
RESULT: {}
RESULT: undefined
COMMAND: POST /session/e98a8c3f8e564d5dffeeff8b737fde72/execute/async - {"script":"<script> [2676 bytes]","args":[]}
RESULT: {"script":"<script> [2676 bytes]","args":[]}
COMMAND: POST /session/e98a8c3f8e564d5dffeeff8b737fde72/execute/async - {"script":"<script> [2342 bytes]","args":[{"protocol":"http","hostname":"0.0.0.0","path":"/","capabilities":{"browserName":"chrome","goog:chromeOptions":{"binary":"C:\\Program Files\\Google\\Chrome\\Application\\chrome.exe","args":["--start-maximized"]}},"logLevel":"warn","connectionRetryTimeout":120000,"connectionRetryCount":3,"logLevels":{},"enableDirectConnect":true,"strictSSL":true,"_":"65 more keys: [\"cacheDir\",\"port\",\"requestedCapabilities\",\"automationProtocol\",\"baseUrl\",\"waitforInterval\",\"waitforTimeout\",\"onReload\",\"beforeCommand\",\"afterCommand\",\"rootDir\",\"specs\",\"suites\",\"exclude\",\"groupLogsByTestSpec\",\"excludeDriverLogs\",\"bail\",\"framework\",\"reporters\",\"services\",\"maxInstances\",\"maxInstancesPerCapability\",\"injectGlobals\",\"filesToWatch\",\"execArgv\",\"runnerEnv\",\"runner\",\"shard\",\"specFileRetries\",\"specFileRetriesDelay\",\"specFileRetriesDeferred\",\"reporterSyncInterval\",\"reporterSyncTimeout\",\"cucumberFeaturesWithLineNumbers\",\"autoCompileOpts\",\"mochaOpts\",\"jasmineOpts\",\"cucumberOpts\",\"onPrepare\",\"onWorkerStart\",\"onWorkerEnd\",\"before\",\"beforeSession\",\"beforeSuite\",\"beforeHook\",\"beforeTest\",\"afterTest\",\"afterHook\",\"afterSuite\",\"afterSession\",\"after\",\"onComplete\",\"beforeAssertion\",\"afterAssertion\",\"beforeFeature\",\"beforeScenario\",\"beforeStep\",\"afterStep\",\"afterScenario\",\"afterFeature\",\"_\",\"suite\",\"$0\",\"ignoredWorkerServices\",\"wdi5\"]"}]}
RESULT: {"script":"<script> [2342 bytes]","args":[{"protocol":"http","hostname":"0.0.0.0","path":"/","capabilities":{"browserName":"chrome","goog:chromeOptions":{"binary":"C:\\Program Files\\Google\\Chrome\\Application\\chrome.exe","args":["--start-maximized"]}},"logLevel":"warn","connectionRetryTimeout":120000,"connectionRetryCount":3,"logLevels":{},"enableDirectConnect":true,"strictSSL":true,"_":"65 more keys: [\"cacheDir\",\"port\",\"requestedCapabilities\",\"automationProtocol\",\"baseUrl\",\"waitforInterval\",\"waitforTimeout\",\"onReload\",\"beforeCommand\",\"afterCommand\",\"rootDir\",\"specs\",\"suites\",\"exclude\",\"groupLogsByTestSpec\",\"excludeDriverLogs\",\"bail\",\"framework\",\"reporters\",\"services\",\"maxInstances\",\"maxInstancesPerCapability\",\"injectGlobals\",\"filesToWatch\",\"execArgv\",\"runnerEnv\",\"runner\",\"shard\",\"specFileRetries\",\"specFileRetriesDelay\",\"specFileRetriesDeferred\",\"reporterSyncInterval\",\"reporterSyncTimeout\",\"cucumberFeaturesWithLineNumbers\",\"autoCompileOpts\",\"mochaOpts\",\"jasmineOpts\",\"cucumberOpts\",\"onPrepare\",\"onWorkerStart\",\"onWorkerEnd\",\"before\",\"beforeSession\",\"beforeSuite\",\"beforeHook\",\"beforeTest\",\"afterTest\",\"afterHook\",\"afterSuite\",\"afterSession\",\"after\",\"onComplete\",\"beforeAssertion\",\"afterAssertion\",\"beforeFeature\",\"beforeScenario\",\"beforeStep\",\"afterStep\",\"afterScenario\",\"afterFeature\",\"_\",\"suite\",\"$0\",\"ignoredWorkerServices\",\"wdi5\"]"}]}
COMMAND: POST /session/e98a8c3f8e564d5dffeeff8b737fde72/execute/async - {"script":"<script> [21126 bytes]","args":[35000]}
RESULT: {"script":"<script> [21126 bytes]","args":[35000]}
COMMAND: POST /session/e98a8c3f8e564d5dffeeff8b737fde72/window/maximize - {}
RESULT: {}
COMMAND: POST /session/e98a8c3f8e564d5dffeeff8b737fde72/execute/async - {"script":"<script> [1562 bytes]","args":[{"selector":{"id":"shell-header","interaction":{"idSuffix":"icon"}},"wdio_ui5_key":"shellheader"}]}
COMMAND: GET /session/e98a8c3f8e564d5dffeeff8b737fde72/screenshot - {}
RESULT: {"script":"<script> [1562 bytes]","args":[{"selector":{"id":"shell-header","interaction":{"idSuffix":"icon"}},"wdio_ui5_key":"shellheader"}]}
RESULT: undefined
COMMAND: POST /session/e98a8c3f8e564d5dffeeff8b737fde72/refresh - {}
RESULT: {}
RESULT: {}
COMMAND: GET /session/e98a8c3f8e564d5dffeeff8b737fde72/screenshot - {}
RESULT: {}
COMMAND: POST /session/e98a8c3f8e564d5dffeeff8b737fde72/refresh - {}
RESULT: {}
COMMAND: GET /session/e98a8c3f8e564d5dffeeff8b737fde72/screenshot - {}
RESULT: {}
COMMAND: POST /session/e98a8c3f8e564d5dffeeff8b737fde72/window/fullscreen - {}
RESULT: {}
COMMAND: POST /session/e98a8c3f8e564d5dffeeff8b737fde72/execute/async - {"script":"<script> [189 bytes]","args":[]}
RESULT: {"script":"<script> [189 bytes]","args":[]}
COMMAND: POST /session/e98a8c3f8e564d5dffeeff8b737fde72/execute/async - {"script":"<script> [123 bytes]","args":[]}
RESULT: {"script":"<script> [123 bytes]","args":[]}
COMMAND: POST /session/e98a8c3f8e564d5dffeeff8b737fde72/timeouts - {"script":"<number>"}
RESULT: {"script":"<number>"}
COMMAND: GET /session/e98a8c3f8e564d5dffeeff8b737fde72/timeouts - {}
RESULT: {}
RESULT: undefined
COMMAND: POST /session/e98a8c3f8e564d5dffeeff8b737fde72/execute/async - {"script":"<script> [2676 bytes]","args":[]}
RESULT: {"script":"<script> [2676 bytes]","args":[]}
COMMAND: POST /session/e98a8c3f8e564d5dffeeff8b737fde72/execute/async - {"script":"<script> [2342 bytes]","args":[{"protocol":"http","hostname":"0.0.0.0","path":"/","capabilities":{"browserName":"chrome","goog:chromeOptions":{"binary":"C:\\Program Files\\Google\\Chrome\\Application\\chrome.exe","args":["--start-maximized"]}},"logLevel":"warn","connectionRetryTimeout":120000,"connectionRetryCount":3,"logLevels":{},"enableDirectConnect":true,"strictSSL":true,"_":"65 more keys: [\"cacheDir\",\"port\",\"requestedCapabilities\",\"automationProtocol\",\"baseUrl\",\"waitforInterval\",\"waitforTimeout\",\"onReload\",\"beforeCommand\",\"afterCommand\",\"rootDir\",\"specs\",\"suites\",\"exclude\",\"groupLogsByTestSpec\",\"excludeDriverLogs\",\"bail\",\"framework\",\"reporters\",\"services\",\"maxInstances\",\"maxInstancesPerCapability\",\"injectGlobals\",\"filesToWatch\",\"execArgv\",\"runnerEnv\",\"runner\",\"shard\",\"specFileRetries\",\"specFileRetriesDelay\",\"specFileRetriesDeferred\",\"reporterSyncInterval\",\"reporterSyncTimeout\",\"cucumberFeaturesWithLineNumbers\",\"autoCompileOpts\",\"mochaOpts\",\"jasmineOpts\",\"cucumberOpts\",\"onPrepare\",\"onWorkerStart\",\"onWorkerEnd\",\"before\",\"beforeSession\",\"beforeSuite\",\"beforeHook\",\"beforeTest\",\"afterTest\",\"afterHook\",\"afterSuite\",\"afterSession\",\"after\",\"onComplete\",\"beforeAssertion\",\"afterAssertion\",\"beforeFeature\",\"beforeScenario\",\"beforeStep\",\"afterStep\",\"afterScenario\",\"afterFeature\",\"_\",\"suite\",\"$0\",\"ignoredWorkerServices\",\"wdi5\"]"}]}
RESULT: {"script":"<script> [2342 bytes]","args":[{"protocol":"http","hostname":"0.0.0.0","path":"/","capabilities":{"browserName":"chrome","goog:chromeOptions":{"binary":"C:\\Program Files\\Google\\Chrome\\Application\\chrome.exe","args":["--start-maximized"]}},"logLevel":"warn","connectionRetryTimeout":120000,"connectionRetryCount":3,"logLevels":{},"enableDirectConnect":true,"strictSSL":true,"_":"65 more keys: [\"cacheDir\",\"port\",\"requestedCapabilities\",\"automationProtocol\",\"baseUrl\",\"waitforInterval\",\"waitforTimeout\",\"onReload\",\"beforeCommand\",\"afterCommand\",\"rootDir\",\"specs\",\"suites\",\"exclude\",\"groupLogsByTestSpec\",\"excludeDriverLogs\",\"bail\",\"framework\",\"reporters\",\"services\",\"maxInstances\",\"maxInstancesPerCapability\",\"injectGlobals\",\"filesToWatch\",\"execArgv\",\"runnerEnv\",\"runner\",\"shard\",\"specFileRetries\",\"specFileRetriesDelay\",\"specFileRetriesDeferred\",\"reporterSyncInterval\",\"reporterSyncTimeout\",\"cucumberFeaturesWithLineNumbers\",\"autoCompileOpts\",\"mochaOpts\",\"jasmineOpts\",\"cucumberOpts\",\"onPrepare\",\"onWorkerStart\",\"onWorkerEnd\",\"before\",\"beforeSession\",\"beforeSuite\",\"beforeHook\",\"beforeTest\",\"afterTest\",\"afterHook\",\"afterSuite\",\"afterSession\",\"after\",\"onComplete\",\"beforeAssertion\",\"afterAssertion\",\"beforeFeature\",\"beforeScenario\",\"beforeStep\",\"afterStep\",\"afterScenario\",\"afterFeature\",\"_\",\"suite\",\"$0\",\"ignoredWorkerServices\",\"wdi5\"]"}]}
COMMAND: POST /session/e98a8c3f8e564d5dffeeff8b737fde72/execute/async - {"script":"<script> [21126 bytes]","args":[35000]}
RESULT: {"script":"<script> [21126 bytes]","args":[35000]}
]]></system-out>
    </testcase>
  </testsuite>
  <testsuite timestamp="2025-05-05T15:24:38" time="260.569" tests="2" failures="0" errors="0" skipped="0">
    <properties>
      <property name="specId" value="0" />
      <property name="suiteName" value="Create partner US118246" />
      <property name="capabilities" value="chrome.135_0_7049_115.windows" />
      <property name="file" value="file:///D:/a/1/s/test/specs/BTS/create-partner.spec.js" />
    </properties>
    <testcase classname="chrome.135_0_7049_115.windows.Create_partner_US118246" name="Should create new external partner" time="106.396">
      <system-out><![CDATA[
COMMAND: POST /session/e98a8c3f8e564d5dffeeff8b737fde72/window/fullscreen - {}
RESULT: {}
COMMAND: POST /session/e98a8c3f8e564d5dffeeff8b737fde72/execute/async - {"script":"<script> [1562 bytes]","args":[{"selector":{"controlType":"sap.m.GenericTile","properties":{"header":"Manage Partners"}},"wdio_ui5_key":"sapm.GenericTile{\"header\":\"Manage Partners\"}"}]}
RESULT: {"script":"<script> [1562 bytes]","args":[{"selector":{"controlType":"sap.m.GenericTile","properties":{"header":"Manage Partners"}},"wdio_ui5_key":"sapm.GenericTile{\"header\":\"Manage Partners\"}"}]}
RESULT: undefined
COMMAND: POST /session/e98a8c3f8e564d5dffeeff8b737fde72/element - {"using":"xpath","value":"//*[@id=\"__tile38\"]"}
RESULT: {"using":"xpath","value":"//*[@id=\"__tile38\"]"}
COMMAND: POST /session/e98a8c3f8e564d5dffeeff8b737fde72/element/f.442E653FBE801B9469C6A395343E122D.d.EED75B230457EB3A70E5668692C7F127.e.2252/click - {}
RESULT: {}
COMMAND: POST /session/e98a8c3f8e564d5dffeeff8b737fde72/element - {"using":"xpath","value":"//button[@data-kt=\"addButton\"]"}
COMMAND: GET /session/e98a8c3f8e564d5dffeeff8b737fde72/screenshot - {}
RESULT: {"using":"xpath","value":"//button[@data-kt=\"addButton\"]"}
COMMAND: POST /session/e98a8c3f8e564d5dffeeff8b737fde72/elements - {"using":"xpath","value":"//button[@data-kt=\"addButton\"]"}
RESULT: {}
RESULT: {"using":"xpath","value":"//button[@data-kt=\"addButton\"]"}
COMMAND: POST /session/e98a8c3f8e564d5dffeeff8b737fde72/elements - {"using":"xpath","value":"//button[@data-kt=\"addButton\"]"}
RESULT: {"using":"xpath","value":"//button[@data-kt=\"addButton\"]"}
COMMAND: POST /session/e98a8c3f8e564d5dffeeff8b737fde72/elements - {"using":"xpath","value":"//button[@data-kt=\"addButton\"]"}
RESULT: {"using":"xpath","value":"//button[@data-kt=\"addButton\"]"}
COMMAND: POST /session/e98a8c3f8e564d5dffeeff8b737fde72/elements - {"using":"xpath","value":"//button[@data-kt=\"addButton\"]"}
RESULT: {"using":"xpath","value":"//button[@data-kt=\"addButton\"]"}
COMMAND: POST /session/e98a8c3f8e564d5dffeeff8b737fde72/elements - {"using":"xpath","value":"//button[@data-kt=\"addButton\"]"}
RESULT: {"using":"xpath","value":"//button[@data-kt=\"addButton\"]"}
COMMAND: POST /session/e98a8c3f8e564d5dffeeff8b737fde72/elements - {"using":"xpath","value":"//button[@data-kt=\"addButton\"]"}
RESULT: {"using":"xpath","value":"//button[@data-kt=\"addButton\"]"}
COMMAND: POST /session/e98a8c3f8e564d5dffeeff8b737fde72/elements - {"using":"xpath","value":"//button[@data-kt=\"addButton\"]"}
RESULT: {"using":"xpath","value":"//button[@data-kt=\"addButton\"]"}
COMMAND: POST /session/e98a8c3f8e564d5dffeeff8b737fde72/elements - {"using":"xpath","value":"//button[@data-kt=\"addButton\"]"}
RESULT: {"using":"xpath","value":"//button[@data-kt=\"addButton\"]"}
COMMAND: POST /session/e98a8c3f8e564d5dffeeff8b737fde72/elements - {"using":"xpath","value":"//button[@data-kt=\"addButton\"]"}
RESULT: {"using":"xpath","value":"//button[@data-kt=\"addButton\"]"}
COMMAND: POST /session/e98a8c3f8e564d5dffeeff8b737fde72/elements - {"using":"xpath","value":"//button[@data-kt=\"addButton\"]"}
RESULT: {"using":"xpath","value":"//button[@data-kt=\"addButton\"]"}
COMMAND: POST /session/e98a8c3f8e564d5dffeeff8b737fde72/elements - {"using":"xpath","value":"//button[@data-kt=\"addButton\"]"}
RESULT: {"using":"xpath","value":"//button[@data-kt=\"addButton\"]"}
COMMAND: POST /session/e98a8c3f8e564d5dffeeff8b737fde72/elements - {"using":"xpath","value":"//button[@data-kt=\"addButton\"]"}
RESULT: {"using":"xpath","value":"//button[@data-kt=\"addButton\"]"}
COMMAND: POST /session/e98a8c3f8e564d5dffeeff8b737fde72/elements - {"using":"xpath","value":"//button[@data-kt=\"addButton\"]"}
RESULT: {"using":"xpath","value":"//button[@data-kt=\"addButton\"]"}
COMMAND: POST /session/e98a8c3f8e564d5dffeeff8b737fde72/elements - {"using":"xpath","value":"//button[@data-kt=\"addButton\"]"}
RESULT: {"using":"xpath","value":"//button[@data-kt=\"addButton\"]"}
COMMAND: POST /session/e98a8c3f8e564d5dffeeff8b737fde72/elements - {"using":"xpath","value":"//button[@data-kt=\"addButton\"]"}
RESULT: {"using":"xpath","value":"//button[@data-kt=\"addButton\"]"}
COMMAND: POST /session/e98a8c3f8e564d5dffeeff8b737fde72/elements - {"using":"xpath","value":"//button[@data-kt=\"addButton\"]"}
RESULT: {"using":"xpath","value":"//button[@data-kt=\"addButton\"]"}
COMMAND: POST /session/e98a8c3f8e564d5dffeeff8b737fde72/elements - {"using":"xpath","value":"//button[@data-kt=\"addButton\"]"}
RESULT: {"using":"xpath","value":"//button[@data-kt=\"addButton\"]"}
COMMAND: POST /session/e98a8c3f8e564d5dffeeff8b737fde72/elements - {"using":"xpath","value":"//button[@data-kt=\"addButton\"]"}
RESULT: {"using":"xpath","value":"//button[@data-kt=\"addButton\"]"}
COMMAND: POST /session/e98a8c3f8e564d5dffeeff8b737fde72/elements - {"using":"xpath","value":"//button[@data-kt=\"addButton\"]"}
RESULT: {"using":"xpath","value":"//button[@data-kt=\"addButton\"]"}
COMMAND: POST /session/e98a8c3f8e564d5dffeeff8b737fde72/elements - {"using":"xpath","value":"//button[@data-kt=\"addButton\"]"}
RESULT: {"using":"xpath","value":"//button[@data-kt=\"addButton\"]"}
COMMAND: POST /session/e98a8c3f8e564d5dffeeff8b737fde72/elements - {"using":"xpath","value":"//button[@data-kt=\"addButton\"]"}
RESULT: {"using":"xpath","value":"//button[@data-kt=\"addButton\"]"}
COMMAND: POST /session/e98a8c3f8e564d5dffeeff8b737fde72/elements - {"using":"xpath","value":"//button[@data-kt=\"addButton\"]"}
RESULT: {"using":"xpath","value":"//button[@data-kt=\"addButton\"]"}
COMMAND: POST /session/e98a8c3f8e564d5dffeeff8b737fde72/elements - {"using":"xpath","value":"//button[@data-kt=\"addButton\"]"}
RESULT: {"using":"xpath","value":"//button[@data-kt=\"addButton\"]"}
COMMAND: POST /session/e98a8c3f8e564d5dffeeff8b737fde72/elements - {"using":"xpath","value":"//button[@data-kt=\"addButton\"]"}
RESULT: {"using":"xpath","value":"//button[@data-kt=\"addButton\"]"}
COMMAND: POST /session/e98a8c3f8e564d5dffeeff8b737fde72/elements - {"using":"xpath","value":"//button[@data-kt=\"addButton\"]"}
RESULT: {"using":"xpath","value":"//button[@data-kt=\"addButton\"]"}
COMMAND: POST /session/e98a8c3f8e564d5dffeeff8b737fde72/elements - {"using":"xpath","value":"//button[@data-kt=\"addButton\"]"}
RESULT: {"using":"xpath","value":"//button[@data-kt=\"addButton\"]"}
COMMAND: POST /session/e98a8c3f8e564d5dffeeff8b737fde72/elements - {"using":"xpath","value":"//button[@data-kt=\"addButton\"]"}
RESULT: {"using":"xpath","value":"//button[@data-kt=\"addButton\"]"}
COMMAND: POST /session/e98a8c3f8e564d5dffeeff8b737fde72/elements - {"using":"xpath","value":"//button[@data-kt=\"addButton\"]"}
RESULT: {"using":"xpath","value":"//button[@data-kt=\"addButton\"]"}
COMMAND: POST /session/e98a8c3f8e564d5dffeeff8b737fde72/elements - {"using":"xpath","value":"//button[@data-kt=\"addButton\"]"}
RESULT: {"using":"xpath","value":"//button[@data-kt=\"addButton\"]"}
COMMAND: POST /session/e98a8c3f8e564d5dffeeff8b737fde72/elements - {"using":"xpath","value":"//button[@data-kt=\"addButton\"]"}
RESULT: {"using":"xpath","value":"//button[@data-kt=\"addButton\"]"}
COMMAND: POST /session/e98a8c3f8e564d5dffeeff8b737fde72/elements - {"using":"xpath","value":"//button[@data-kt=\"addButton\"]"}
RESULT: {"using":"xpath","value":"//button[@data-kt=\"addButton\"]"}
COMMAND: POST /session/e98a8c3f8e564d5dffeeff8b737fde72/elements - {"using":"xpath","value":"//button[@data-kt=\"addButton\"]"}
RESULT: {"using":"xpath","value":"//button[@data-kt=\"addButton\"]"}
COMMAND: POST /session/e98a8c3f8e564d5dffeeff8b737fde72/elements - {"using":"xpath","value":"//button[@data-kt=\"addButton\"]"}
RESULT: {"using":"xpath","value":"//button[@data-kt=\"addButton\"]"}
COMMAND: POST /session/e98a8c3f8e564d5dffeeff8b737fde72/elements - {"using":"xpath","value":"//button[@data-kt=\"addButton\"]"}
RESULT: {"using":"xpath","value":"//button[@data-kt=\"addButton\"]"}
COMMAND: POST /session/e98a8c3f8e564d5dffeeff8b737fde72/elements - {"using":"xpath","value":"//button[@data-kt=\"addButton\"]"}
RESULT: {"using":"xpath","value":"//button[@data-kt=\"addButton\"]"}
COMMAND: POST /session/e98a8c3f8e564d5dffeeff8b737fde72/elements - {"using":"xpath","value":"//button[@data-kt=\"addButton\"]"}
RESULT: {"using":"xpath","value":"//button[@data-kt=\"addButton\"]"}
COMMAND: POST /session/e98a8c3f8e564d5dffeeff8b737fde72/elements - {"using":"xpath","value":"//button[@data-kt=\"addButton\"]"}
RESULT: {"using":"xpath","value":"//button[@data-kt=\"addButton\"]"}
COMMAND: POST /session/e98a8c3f8e564d5dffeeff8b737fde72/elements - {"using":"xpath","value":"//button[@data-kt=\"addButton\"]"}
RESULT: {"using":"xpath","value":"//button[@data-kt=\"addButton\"]"}
COMMAND: POST /session/e98a8c3f8e564d5dffeeff8b737fde72/elements - {"using":"xpath","value":"//button[@data-kt=\"addButton\"]"}
RESULT: {"using":"xpath","value":"//button[@data-kt=\"addButton\"]"}
COMMAND: POST /session/e98a8c3f8e564d5dffeeff8b737fde72/elements - {"using":"xpath","value":"//button[@data-kt=\"addButton\"]"}
RESULT: {"using":"xpath","value":"//button[@data-kt=\"addButton\"]"}
COMMAND: POST /session/e98a8c3f8e564d5dffeeff8b737fde72/elements - {"using":"xpath","value":"//button[@data-kt=\"addButton\"]"}
RESULT: {"using":"xpath","value":"//button[@data-kt=\"addButton\"]"}
COMMAND: POST /session/e98a8c3f8e564d5dffeeff8b737fde72/element - {"using":"xpath","value":"//button[@data-kt=\"addButton\"]"}
RESULT: {"using":"xpath","value":"//button[@data-kt=\"addButton\"]"}
COMMAND: POST /session/e98a8c3f8e564d5dffeeff8b737fde72/execute/sync - {"script":"<script> [8489 bytes]","args":[{"element-6066-11e4-a52e-4f735466cecf":"f.442E653FBE801B9469C6A395343E122D.d.EED75B230457EB3A70E5668692C7F127.e.2401","ELEMENT":"f.442E653FBE801B9469C6A395343E122D.d.EED75B230457EB3A70E5668692C7F127.e.2401"}]}
RESULT: {"script":"<script> [8489 bytes]","args":[{"element-6066-11e4-a52e-4f735466cecf":"f.442E653FBE801B9469C6A395343E122D.d.EED75B230457EB3A70E5668692C7F127.e.2401","ELEMENT":"f.442E653FBE801B9469C6A395343E122D.d.EED75B230457EB3A70E5668692C7F127.e.2401"}]}
COMMAND: GET /session/e98a8c3f8e564d5dffeeff8b737fde72/element/f.442E653FBE801B9469C6A395343E122D.d.EED75B230457EB3A70E5668692C7F127.e.2401/enabled - {}
COMMAND: GET /session/e98a8c3f8e564d5dffeeff8b737fde72/screenshot - {}
RESULT: {}
RESULT: {}
COMMAND: POST /session/e98a8c3f8e564d5dffeeff8b737fde72/execute/sync - {"script":"<script> [8489 bytes]","args":[{"element-6066-11e4-a52e-4f735466cecf":"f.442E653FBE801B9469C6A395343E122D.d.EED75B230457EB3A70E5668692C7F127.e.2401","ELEMENT":"f.442E653FBE801B9469C6A395343E122D.d.EED75B230457EB3A70E5668692C7F127.e.2401"}]}
COMMAND: GET /session/e98a8c3f8e564d5dffeeff8b737fde72/screenshot - {}
RESULT: {"script":"<script> [8489 bytes]","args":[{"element-6066-11e4-a52e-4f735466cecf":"f.442E653FBE801B9469C6A395343E122D.d.EED75B230457EB3A70E5668692C7F127.e.2401","ELEMENT":"f.442E653FBE801B9469C6A395343E122D.d.EED75B230457EB3A70E5668692C7F127.e.2401"}]}
COMMAND: POST /session/e98a8c3f8e564d5dffeeff8b737fde72/execute/sync - {"script":"<script> [5351 bytes]","args":[{"element-6066-11e4-a52e-4f735466cecf":"f.442E653FBE801B9469C6A395343E122D.d.EED75B230457EB3A70E5668692C7F127.e.2401","ELEMENT":"f.442E653FBE801B9469C6A395343E122D.d.EED75B230457EB3A70E5668692C7F127.e.2401"}]}
COMMAND: GET /session/e98a8c3f8e564d5dffeeff8b737fde72/screenshot - {}
RESULT: {}
RESULT: {"script":"<script> [5351 bytes]","args":[{"element-6066-11e4-a52e-4f735466cecf":"f.442E653FBE801B9469C6A395343E122D.d.EED75B230457EB3A70E5668692C7F127.e.2401","ELEMENT":"f.442E653FBE801B9469C6A395343E122D.d.EED75B230457EB3A70E5668692C7F127.e.2401"}]}
COMMAND: POST /session/e98a8c3f8e564d5dffeeff8b737fde72/element/f.442E653FBE801B9469C6A395343E122D.d.EED75B230457EB3A70E5668692C7F127.e.2401/click - {}
COMMAND: GET /session/e98a8c3f8e564d5dffeeff8b737fde72/screenshot - {}
RESULT: {}
RESULT: {}
COMMAND: GET /session/e98a8c3f8e564d5dffeeff8b737fde72/screenshot - {}
COMMAND: POST /session/e98a8c3f8e564d5dffeeff8b737fde72/execute/async - {"script":"<script> [1562 bytes]","args":[{"selector":{"id":"application-managepartners-display-component---NewPartner--addressDetailDetailsName1","interaction":{"idSuffix":"inner"}},"wdio_ui5_key":"applicationmanagepartners-display-component---NewPartner--addressDetailDetailsName1"}]}
RESULT: {}
RESULT: {}
RESULT: {"script":"<script> [1562 bytes]","args":[{"selector":{"id":"application-managepartners-display-component---NewPartner--addressDetailDetailsName1","interaction":{"idSuffix":"inner"}},"wdio_ui5_key":"applicationmanagepartners-display-component---NewPartner--addressDetailDetailsName1"}]}
RESULT: undefined
COMMAND: POST /session/e98a8c3f8e564d5dffeeff8b737fde72/execute/async - {"script":"<script> [776 bytes]","args":[{"enterText":"External Partner WDIO","selector":{"id":"application-managepartners-display-component---NewPartner--addressDetailDetailsName1","interaction":{"idSuffix":"inner"}},"clearTextFirst":true,"interactionType":"ENTER_TEXT"}]}
RESULT: {"script":"<script> [776 bytes]","args":[{"enterText":"External Partner WDIO","selector":{"id":"application-managepartners-display-component---NewPartner--addressDetailDetailsName1","interaction":{"idSuffix":"inner"}},"clearTextFirst":true,"interactionType":"ENTER_TEXT"}]}
COMMAND: POST /session/e98a8c3f8e564d5dffeeff8b737fde72/execute/async - {"script":"<script> [1562 bytes]","args":[{"selector":{"id":"application-managepartners-display-component---NewPartner--addressDetailDetailsLanguage-arrow"},"wdio_ui5_key":"applicationmanagepartners-display-component---NewPartner--addressDetailDetailsLanguage-arrow"}]}
RESULT: {"script":"<script> [1562 bytes]","args":[{"selector":{"id":"application-managepartners-display-component---NewPartner--addressDetailDetailsLanguage-arrow"},"wdio_ui5_key":"applicationmanagepartners-display-component---NewPartner--addressDetailDetailsLanguage-arrow"}]}
RESULT: undefined
COMMAND: POST /session/e98a8c3f8e564d5dffeeff8b737fde72/element - {"using":"xpath","value":"//*[@id=\"application-managepartners-display-component---NewPartner--addressDetailDetailsLanguage-arrow\"]"}
RESULT: {"using":"xpath","value":"//*[@id=\"application-managepartners-display-component---NewPartner--addressDetailDetailsLanguage-arrow\"]"}
COMMAND: POST /session/e98a8c3f8e564d5dffeeff8b737fde72/element/f.442E653FBE801B9469C6A395343E122D.d.EED75B230457EB3A70E5668692C7F127.e.2849/click - {}
RESULT: {}
COMMAND: POST /session/e98a8c3f8e564d5dffeeff8b737fde72/element - {"using":"xpath","value":"//span[contains(text(), \"English\")]"}
COMMAND: GET /session/e98a8c3f8e564d5dffeeff8b737fde72/screenshot - {}
RESULT: {"using":"xpath","value":"//span[contains(text(), \"English\")]"}
COMMAND: POST /session/e98a8c3f8e564d5dffeeff8b737fde72/element/f.442E653FBE801B9469C6A395343E122D.d.EED75B230457EB3A70E5668692C7F127.e.2850/click - {}
RESULT: {}
RESULT: {}
COMMAND: GET /session/e98a8c3f8e564d5dffeeff8b737fde72/screenshot - {}
RESULT: {}
COMMAND: POST /session/e98a8c3f8e564d5dffeeff8b737fde72/execute/async - {"script":"<script> [1562 bytes]","args":[{"selector":{"id":"application-managepartners-display-component---NewPartner--addressDetailDetailsCity1","interaction":{"idSuffix":"inner"}},"wdio_ui5_key":"applicationmanagepartners-display-component---NewPartner--addressDetailDetailsCity1"}]}
RESULT: {"script":"<script> [1562 bytes]","args":[{"selector":{"id":"application-managepartners-display-component---NewPartner--addressDetailDetailsCity1","interaction":{"idSuffix":"inner"}},"wdio_ui5_key":"applicationmanagepartners-display-component---NewPartner--addressDetailDetailsCity1"}]}
RESULT: undefined
COMMAND: POST /session/e98a8c3f8e564d5dffeeff8b737fde72/execute/async - {"script":"<script> [776 bytes]","args":[{"enterText":"Rosario","selector":{"id":"application-managepartners-display-component---NewPartner--addressDetailDetailsCity1","interaction":{"idSuffix":"inner"}},"clearTextFirst":true,"interactionType":"ENTER_TEXT"}]}
RESULT: {"script":"<script> [776 bytes]","args":[{"enterText":"Rosario","selector":{"id":"application-managepartners-display-component---NewPartner--addressDetailDetailsCity1","interaction":{"idSuffix":"inner"}},"clearTextFirst":true,"interactionType":"ENTER_TEXT"}]}
COMMAND: POST /session/e98a8c3f8e564d5dffeeff8b737fde72/execute/async - {"script":"<script> [1562 bytes]","args":[{"selector":{"id":"application-managepartners-display-component---NewPartner--addressDetailDetailsCountry-arrow"},"wdio_ui5_key":"applicationmanagepartners-display-component---NewPartner--addressDetailDetailsCountry-arrow"}]}
RESULT: {"script":"<script> [1562 bytes]","args":[{"selector":{"id":"application-managepartners-display-component---NewPartner--addressDetailDetailsCountry-arrow"},"wdio_ui5_key":"applicationmanagepartners-display-component---NewPartner--addressDetailDetailsCountry-arrow"}]}
RESULT: undefined
COMMAND: POST /session/e98a8c3f8e564d5dffeeff8b737fde72/element - {"using":"xpath","value":"//*[@id=\"application-managepartners-display-component---NewPartner--addressDetailDetailsCountry-arrow\"]"}
RESULT: {"using":"xpath","value":"//*[@id=\"application-managepartners-display-component---NewPartner--addressDetailDetailsCountry-arrow\"]"}
COMMAND: POST /session/e98a8c3f8e564d5dffeeff8b737fde72/element/f.442E653FBE801B9469C6A395343E122D.d.EED75B230457EB3A70E5668692C7F127.e.2806/click - {}
RESULT: {}
COMMAND: POST /session/e98a8c3f8e564d5dffeeff8b737fde72/element - {"using":"xpath","value":"//span[contains(text(), \"Argentina\")]"}
COMMAND: GET /session/e98a8c3f8e564d5dffeeff8b737fde72/screenshot - {}
RESULT: {"using":"xpath","value":"//span[contains(text(), \"Argentina\")]"}
COMMAND: POST /session/e98a8c3f8e564d5dffeeff8b737fde72/element/f.442E653FBE801B9469C6A395343E122D.d.EED75B230457EB3A70E5668692C7F127.e.2852/click - {}
RESULT: {}
RESULT: {}
COMMAND: GET /session/e98a8c3f8e564d5dffeeff8b737fde72/screenshot - {}
RESULT: {}
COMMAND: POST /session/e98a8c3f8e564d5dffeeff8b737fde72/element - {"using":"xpath","value":"//bdi[contains(text(), \"Commercial\")]"}
RESULT: {"using":"xpath","value":"//bdi[contains(text(), \"Commercial\")]"}
COMMAND: POST /session/e98a8c3f8e564d5dffeeff8b737fde72/element/f.442E653FBE801B9469C6A395343E122D.d.EED75B230457EB3A70E5668692C7F127.e.2853/click - {}
RESULT: {}
COMMAND: GET /session/e98a8c3f8e564d5dffeeff8b737fde72/screenshot - {}
RESULT: {}
COMMAND: POST /session/e98a8c3f8e564d5dffeeff8b737fde72/execute/async - {"script":"<script> [1562 bytes]","args":[{"selector":{"id":"application-managepartners-display-component---NewPartner--partnerDetailInternal-arrow"},"wdio_ui5_key":"applicationmanagepartners-display-component---NewPartner--partnerDetailInternal-arrow"}]}
RESULT: {"script":"<script> [1562 bytes]","args":[{"selector":{"id":"application-managepartners-display-component---NewPartner--partnerDetailInternal-arrow"},"wdio_ui5_key":"applicationmanagepartners-display-component---NewPartner--partnerDetailInternal-arrow"}]}
RESULT: undefined
COMMAND: POST /session/e98a8c3f8e564d5dffeeff8b737fde72/element - {"using":"xpath","value":"//*[@id=\"application-managepartners-display-component---NewPartner--partnerDetailInternal-arrow\"]"}
RESULT: {"using":"xpath","value":"//*[@id=\"application-managepartners-display-component---NewPartner--partnerDetailInternal-arrow\"]"}
COMMAND: POST /session/e98a8c3f8e564d5dffeeff8b737fde72/element/f.442E653FBE801B9469C6A395343E122D.d.EED75B230457EB3A70E5668692C7F127.e.2859/click - {}
RESULT: {}
COMMAND: POST /session/e98a8c3f8e564d5dffeeff8b737fde72/element - {"using":"xpath","value":"//span[contains(text(), \"External partner\")]"}
COMMAND: GET /session/e98a8c3f8e564d5dffeeff8b737fde72/screenshot - {}
RESULT: {"using":"xpath","value":"//span[contains(text(), \"External partner\")]"}
COMMAND: POST /session/e98a8c3f8e564d5dffeeff8b737fde72/element/f.442E653FBE801B9469C6A395343E122D.d.EED75B230457EB3A70E5668692C7F127.e.2860/click - {}
RESULT: {}
RESULT: {}
COMMAND: POST /session/e98a8c3f8e564d5dffeeff8b737fde72/execute/async - {"script":"<script> [1562 bytes]","args":[{"selector":{"id":"application-managepartners-display-component---NewPartner--partnerDetailsCurrency-arrow"},"wdio_ui5_key":"applicationmanagepartners-display-component---NewPartner--partnerDetailsCurrency-arrow"}]}
COMMAND: GET /session/e98a8c3f8e564d5dffeeff8b737fde72/screenshot - {}
RESULT: {"script":"<script> [1562 bytes]","args":[{"selector":{"id":"application-managepartners-display-component---NewPartner--partnerDetailsCurrency-arrow"},"wdio_ui5_key":"applicationmanagepartners-display-component---NewPartner--partnerDetailsCurrency-arrow"}]}
RESULT: undefined
COMMAND: POST /session/e98a8c3f8e564d5dffeeff8b737fde72/element - {"using":"xpath","value":"//*[@id=\"application-managepartners-display-component---NewPartner--partnerDetailsCurrency-arrow\"]"}
RESULT: {}
RESULT: {"using":"xpath","value":"//*[@id=\"application-managepartners-display-component---NewPartner--partnerDetailsCurrency-arrow\"]"}
COMMAND: POST /session/e98a8c3f8e564d5dffeeff8b737fde72/element/f.442E653FBE801B9469C6A395343E122D.d.EED75B230457EB3A70E5668692C7F127.e.2865/click - {}
RESULT: {}
COMMAND: POST /session/e98a8c3f8e564d5dffeeff8b737fde72/element - {"using":"xpath","value":"//span[contains(text(), \"US Dollar\")]"}
COMMAND: GET /session/e98a8c3f8e564d5dffeeff8b737fde72/screenshot - {}
RESULT: {"using":"xpath","value":"//span[contains(text(), \"US Dollar\")]"}
COMMAND: POST /session/e98a8c3f8e564d5dffeeff8b737fde72/element/f.442E653FBE801B9469C6A395343E122D.d.EED75B230457EB3A70E5668692C7F127.e.2866/click - {}
RESULT: {}
RESULT: {}
COMMAND: GET /session/e98a8c3f8e564d5dffeeff8b737fde72/screenshot - {}
RESULT: {}
COMMAND: POST /session/e98a8c3f8e564d5dffeeff8b737fde72/element - {"using":"xpath","value":"//input[@id=\"application-managepartners-display-component---NewPartner--companyCodeComboBox-inner\"]"}
RESULT: {"using":"xpath","value":"//input[@id=\"application-managepartners-display-component---NewPartner--companyCodeComboBox-inner\"]"}
COMMAND: POST /session/e98a8c3f8e564d5dffeeff8b737fde72/element/f.442E653FBE801B9469C6A395343E122D.d.EED75B230457EB3A70E5668692C7F127.e.2763/clear - {}
RESULT: {}
COMMAND: POST /session/e98a8c3f8e564d5dffeeff8b737fde72/element/f.442E653FBE801B9469C6A395343E122D.d.EED75B230457EB3A70E5668692C7F127.e.2763/value - {"text":"C002"}
COMMAND: GET /session/e98a8c3f8e564d5dffeeff8b737fde72/screenshot - {}
RESULT: {"text":"C002"}
COMMAND: GET /session/e98a8c3f8e564d5dffeeff8b737fde72/screenshot - {}
RESULT: {}
RESULT: {}
COMMAND: POST /session/e98a8c3f8e564d5dffeeff8b737fde72/element - {"using":"xpath","value":"//span[contains(text(), \"C002\")]"}
RESULT: {"using":"xpath","value":"//span[contains(text(), \"C002\")]"}
COMMAND: POST /session/e98a8c3f8e564d5dffeeff8b737fde72/element/f.442E653FBE801B9469C6A395343E122D.d.EED75B230457EB3A70E5668692C7F127.e.2870/click - {}
RESULT: {}
COMMAND: GET /session/e98a8c3f8e564d5dffeeff8b737fde72/screenshot - {}
RESULT: {}
COMMAND: POST /session/e98a8c3f8e564d5dffeeff8b737fde72/execute/async - {"script":"<script> [1562 bytes]","args":[{"selector":{"id":"application-managepartners-display-component---NewPartner--btnAddTableRow-img"},"wdio_ui5_key":"applicationmanagepartners-display-component---NewPartner--btnAddTableRow-img"}]}
RESULT: {"script":"<script> [1562 bytes]","args":[{"selector":{"id":"application-managepartners-display-component---NewPartner--btnAddTableRow-img"},"wdio_ui5_key":"applicationmanagepartners-display-component---NewPartner--btnAddTableRow-img"}]}
RESULT: undefined
COMMAND: POST /session/e98a8c3f8e564d5dffeeff8b737fde72/element - {"using":"xpath","value":"//*[@id=\"application-managepartners-display-component---NewPartner--btnAddTableRow-img\"]"}
RESULT: {"using":"xpath","value":"//*[@id=\"application-managepartners-display-component---NewPartner--btnAddTableRow-img\"]"}
COMMAND: POST /session/e98a8c3f8e564d5dffeeff8b737fde72/element/f.442E653FBE801B9469C6A395343E122D.d.EED75B230457EB3A70E5668692C7F127.e.2871/click - {}
RESULT: {}
COMMAND: GET /session/e98a8c3f8e564d5dffeeff8b737fde72/screenshot - {}
RESULT: {}
COMMAND: POST /session/e98a8c3f8e564d5dffeeff8b737fde72/element - {"using":"xpath","value":"//input[@id=\"application-managepartners-display-component---NewPartner--assignmentYard-application-managepartners-display-component---NewPartner--assignmentsTable-0-inner\"]"}
RESULT: {"using":"xpath","value":"//input[@id=\"application-managepartners-display-component---NewPartner--assignmentYard-application-managepartners-display-component---NewPartner--assignmentsTable-0-inner\"]"}
COMMAND: POST /session/e98a8c3f8e564d5dffeeff8b737fde72/element/f.442E653FBE801B9469C6A395343E122D.d.EED75B230457EB3A70E5668692C7F127.e.2874/clear - {}
RESULT: {}
COMMAND: POST /session/e98a8c3f8e564d5dffeeff8b737fde72/element/f.442E653FBE801B9469C6A395343E122D.d.EED75B230457EB3A70E5668692C7F127.e.2874/value - {"text":"581"}
COMMAND: GET /session/e98a8c3f8e564d5dffeeff8b737fde72/screenshot - {}
RESULT: {"text":"581"}
COMMAND: GET /session/e98a8c3f8e564d5dffeeff8b737fde72/screenshot - {}
RESULT: {}
RESULT: {}
COMMAND: POST /session/e98a8c3f8e564d5dffeeff8b737fde72/element - {"using":"xpath","value":"//li[.//span[text()='581']]"}
RESULT: {"using":"xpath","value":"//li[.//span[text()='581']]"}
COMMAND: POST /session/e98a8c3f8e564d5dffeeff8b737fde72/element/f.442E653FBE801B9469C6A395343E122D.d.EED75B230457EB3A70E5668692C7F127.e.2882/click - {}
RESULT: {}
COMMAND: GET /session/e98a8c3f8e564d5dffeeff8b737fde72/screenshot - {}
RESULT: {}
COMMAND: POST /session/e98a8c3f8e564d5dffeeff8b737fde72/actions - {"actions":[{"id":"action6","type":"key","parameters":{},"actions":[{"type":"keyDown","value":"î€‡"},{"type":"pause","duration":10},{"type":"keyUp","value":"î€‡"}]}]}
RESULT: {"actions":[{"id":"action6","type":"key","parameters":{},"actions":[{"type":"keyDown","value":"î€‡"},{"type":"pause","duration":10},{"type":"keyUp","value":"î€‡"}]}]}
COMMAND: POST /session/e98a8c3f8e564d5dffeeff8b737fde72/element - {"using":"xpath","value":"//td[contains(@id, \"assignmentsTable-0-cell2\")]/div/div"}
COMMAND: GET /session/e98a8c3f8e564d5dffeeff8b737fde72/screenshot - {}
RESULT: {"using":"xpath","value":"//td[contains(@id, \"assignmentsTable-0-cell2\")]/div/div"}
COMMAND: POST /session/e98a8c3f8e564d5dffeeff8b737fde72/element/f.442E653FBE801B9469C6A395343E122D.d.EED75B230457EB3A70E5668692C7F127.e.2885/click - {}
RESULT: {}
RESULT: {}
COMMAND: GET /session/e98a8c3f8e564d5dffeeff8b737fde72/screenshot - {}
RESULT: {}
COMMAND: POST /session/e98a8c3f8e564d5dffeeff8b737fde72/element - {"using":"xpath","value":"//button[@data-kt=\"saveButton\"]"}
RESULT: {"using":"xpath","value":"//button[@data-kt=\"saveButton\"]"}
COMMAND: POST /session/e98a8c3f8e564d5dffeeff8b737fde72/element/f.442E653FBE801B9469C6A395343E122D.d.EED75B230457EB3A70E5668692C7F127.e.2827/click - {}
RESULT: {}
COMMAND: GET /session/e98a8c3f8e564d5dffeeff8b737fde72/screenshot - {}
RESULT: {}
COMMAND: POST /session/e98a8c3f8e564d5dffeeff8b737fde72/element - {"using":"xpath","value":"//header[contains(@id, 'ObjectPageLayout-headerTitle')]/div[1]/div[2]/div[2]/span[1]"}
RESULT: {"using":"xpath","value":"//header[contains(@id, 'ObjectPageLayout-headerTitle')]/div[1]/div[2]/div[2]/span[1]"}
COMMAND: POST /session/e98a8c3f8e564d5dffeeff8b737fde72/elements - {"using":"xpath","value":"//header[contains(@id, 'ObjectPageLayout-headerTitle')]/div[1]/div[2]/div[2]/span[1]"}
RESULT: {"using":"xpath","value":"//header[contains(@id, 'ObjectPageLayout-headerTitle')]/div[1]/div[2]/div[2]/span[1]"}
COMMAND: POST /session/e98a8c3f8e564d5dffeeff8b737fde72/execute/sync - {"script":"<script> [56 bytes]","args":[{"element-6066-11e4-a52e-4f735466cecf":"f.442E653FBE801B9469C6A395343E122D.d.EED75B230457EB3A70E5668692C7F127.e.3048","ELEMENT":"f.442E653FBE801B9469C6A395343E122D.d.EED75B230457EB3A70E5668692C7F127.e.3048"}]}
RESULT: {"script":"<script> [56 bytes]","args":[{"element-6066-11e4-a52e-4f735466cecf":"f.442E653FBE801B9469C6A395343E122D.d.EED75B230457EB3A70E5668692C7F127.e.3048","ELEMENT":"f.442E653FBE801B9469C6A395343E122D.d.EED75B230457EB3A70E5668692C7F127.e.3048"}]}
COMMAND: POST /session/e98a8c3f8e564d5dffeeff8b737fde72/element - {"using":"css selector","value":"#shell-header-logo"}
COMMAND: GET /session/e98a8c3f8e564d5dffeeff8b737fde72/screenshot - {}
RESULT: {"using":"css selector","value":"#shell-header-logo"}
COMMAND: POST /session/e98a8c3f8e564d5dffeeff8b737fde72/element/f.442E653FBE801B9469C6A395343E122D.d.EED75B230457EB3A70E5668692C7F127.e.2366/click - {}
RESULT: {}
RESULT: {}
COMMAND: GET /session/e98a8c3f8e564d5dffeeff8b737fde72/screenshot - {}
RESULT: {}
COMMAND: POST /session/e98a8c3f8e564d5dffeeff8b737fde72/execute/sync - {"script":"<script> [299 bytes]","args":[["getModel","getResource"]]}
RESULT: {"script":"<script> [299 bytes]","args":[["getModel","getResource"]]}
]]></system-out>
    </testcase>
    <testcase classname="chrome.135_0_7049_115.windows.Create_partner_US118246" name="Should create new external WHM partner" time="89.532">
      <system-out><![CDATA[
COMMAND: POST /session/e98a8c3f8e564d5dffeeff8b737fde72/window/fullscreen - {}
COMMAND: GET /session/e98a8c3f8e564d5dffeeff8b737fde72/screenshot - {}
RESULT: {}
RESULT: undefined
COMMAND: POST /session/e98a8c3f8e564d5dffeeff8b737fde72/element - {"using":"xpath","value":"//*[@id=\"__tile38\"]"}
RESULT: {}
RESULT: {"using":"xpath","value":"//*[@id=\"__tile38\"]"}
COMMAND: POST /session/e98a8c3f8e564d5dffeeff8b737fde72/element/f.442E653FBE801B9469C6A395343E122D.d.EED75B230457EB3A70E5668692C7F127.e.2252/click - {}
RESULT: {}
COMMAND: POST /session/e98a8c3f8e564d5dffeeff8b737fde72/element - {"using":"xpath","value":"//button[@data-kt=\"addButton\"]"}
COMMAND: GET /session/e98a8c3f8e564d5dffeeff8b737fde72/screenshot - {}
RESULT: {"using":"xpath","value":"//button[@data-kt=\"addButton\"]"}
COMMAND: POST /session/e98a8c3f8e564d5dffeeff8b737fde72/elements - {"using":"xpath","value":"//button[@data-kt=\"addButton\"]"}
RESULT: {}
RESULT: {"using":"xpath","value":"//button[@data-kt=\"addButton\"]"}
COMMAND: POST /session/e98a8c3f8e564d5dffeeff8b737fde72/element - {"using":"xpath","value":"//button[@data-kt=\"addButton\"]"}
RESULT: {"using":"xpath","value":"//button[@data-kt=\"addButton\"]"}
COMMAND: POST /session/e98a8c3f8e564d5dffeeff8b737fde72/execute/sync - {"script":"<script> [8489 bytes]","args":[{"element-6066-11e4-a52e-4f735466cecf":"f.442E653FBE801B9469C6A395343E122D.d.EED75B230457EB3A70E5668692C7F127.e.3096","ELEMENT":"f.442E653FBE801B9469C6A395343E122D.d.EED75B230457EB3A70E5668692C7F127.e.3096"}]}
RESULT: {"script":"<script> [8489 bytes]","args":[{"element-6066-11e4-a52e-4f735466cecf":"f.442E653FBE801B9469C6A395343E122D.d.EED75B230457EB3A70E5668692C7F127.e.3096","ELEMENT":"f.442E653FBE801B9469C6A395343E122D.d.EED75B230457EB3A70E5668692C7F127.e.3096"}]}
COMMAND: GET /session/e98a8c3f8e564d5dffeeff8b737fde72/element/f.442E653FBE801B9469C6A395343E122D.d.EED75B230457EB3A70E5668692C7F127.e.3096/enabled - {}
COMMAND: GET /session/e98a8c3f8e564d5dffeeff8b737fde72/screenshot - {}
RESULT: {}
COMMAND: POST /session/e98a8c3f8e564d5dffeeff8b737fde72/execute/sync - {"script":"<script> [8489 bytes]","args":[{"element-6066-11e4-a52e-4f735466cecf":"f.442E653FBE801B9469C6A395343E122D.d.EED75B230457EB3A70E5668692C7F127.e.3096","ELEMENT":"f.442E653FBE801B9469C6A395343E122D.d.EED75B230457EB3A70E5668692C7F127.e.3096"}]}
COMMAND: GET /session/e98a8c3f8e564d5dffeeff8b737fde72/screenshot - {}
RESULT: {}
RESULT: {"script":"<script> [8489 bytes]","args":[{"element-6066-11e4-a52e-4f735466cecf":"f.442E653FBE801B9469C6A395343E122D.d.EED75B230457EB3A70E5668692C7F127.e.3096","ELEMENT":"f.442E653FBE801B9469C6A395343E122D.d.EED75B230457EB3A70E5668692C7F127.e.3096"}]}
COMMAND: POST /session/e98a8c3f8e564d5dffeeff8b737fde72/execute/sync - {"script":"<script> [5351 bytes]","args":[{"element-6066-11e4-a52e-4f735466cecf":"f.442E653FBE801B9469C6A395343E122D.d.EED75B230457EB3A70E5668692C7F127.e.3096","ELEMENT":"f.442E653FBE801B9469C6A395343E122D.d.EED75B230457EB3A70E5668692C7F127.e.3096"}]}
COMMAND: GET /session/e98a8c3f8e564d5dffeeff8b737fde72/screenshot - {}
RESULT: {}
RESULT: {"script":"<script> [5351 bytes]","args":[{"element-6066-11e4-a52e-4f735466cecf":"f.442E653FBE801B9469C6A395343E122D.d.EED75B230457EB3A70E5668692C7F127.e.3096","ELEMENT":"f.442E653FBE801B9469C6A395343E122D.d.EED75B230457EB3A70E5668692C7F127.e.3096"}]}
COMMAND: POST /session/e98a8c3f8e564d5dffeeff8b737fde72/element/f.442E653FBE801B9469C6A395343E122D.d.EED75B230457EB3A70E5668692C7F127.e.3096/click - {}
COMMAND: GET /session/e98a8c3f8e564d5dffeeff8b737fde72/screenshot - {}
RESULT: {}
RESULT: {}
COMMAND: GET /session/e98a8c3f8e564d5dffeeff8b737fde72/screenshot - {}
RESULT: undefined
COMMAND: POST /session/e98a8c3f8e564d5dffeeff8b737fde72/execute/async - {"script":"<script> [776 bytes]","args":[{"enterText":"WHM Partner WDIO","selector":{"id":"application-managepartners-display-component---NewPartner--addressDetailDetailsName1","interaction":{"idSuffix":"inner"}},"clearTextFirst":true,"interactionType":"ENTER_TEXT"}]}
RESULT: {}
RESULT: {}
RESULT: {"script":"<script> [776 bytes]","args":[{"enterText":"WHM Partner WDIO","selector":{"id":"application-managepartners-display-component---NewPartner--addressDetailDetailsName1","interaction":{"idSuffix":"inner"}},"clearTextFirst":true,"interactionType":"ENTER_TEXT"}]}
RESULT: undefined
COMMAND: POST /session/e98a8c3f8e564d5dffeeff8b737fde72/element - {"using":"xpath","value":"//*[@id=\"application-managepartners-display-component---NewPartner--addressDetailDetailsLanguage-arrow\"]"}
RESULT: {"using":"xpath","value":"//*[@id=\"application-managepartners-display-component---NewPartner--addressDetailDetailsLanguage-arrow\"]"}
COMMAND: POST /session/e98a8c3f8e564d5dffeeff8b737fde72/element/f.442E653FBE801B9469C6A395343E122D.d.EED75B230457EB3A70E5668692C7F127.e.3530/click - {}
RESULT: {}
COMMAND: POST /session/e98a8c3f8e564d5dffeeff8b737fde72/element - {"using":"xpath","value":"//span[contains(text(), \"English\")]"}
COMMAND: GET /session/e98a8c3f8e564d5dffeeff8b737fde72/screenshot - {}
RESULT: {"using":"xpath","value":"//span[contains(text(), \"English\")]"}
COMMAND: POST /session/e98a8c3f8e564d5dffeeff8b737fde72/element/f.442E653FBE801B9469C6A395343E122D.d.EED75B230457EB3A70E5668692C7F127.e.3531/click - {}
RESULT: {}
RESULT: {}
COMMAND: GET /session/e98a8c3f8e564d5dffeeff8b737fde72/screenshot - {}
RESULT: {}
RESULT: undefined
COMMAND: POST /session/e98a8c3f8e564d5dffeeff8b737fde72/execute/async - {"script":"<script> [776 bytes]","args":[{"enterText":"Rosario","selector":{"id":"application-managepartners-display-component---NewPartner--addressDetailDetailsCity1","interaction":{"idSuffix":"inner"}},"clearTextFirst":true,"interactionType":"ENTER_TEXT"}]}
RESULT: {"script":"<script> [776 bytes]","args":[{"enterText":"Rosario","selector":{"id":"application-managepartners-display-component---NewPartner--addressDetailDetailsCity1","interaction":{"idSuffix":"inner"}},"clearTextFirst":true,"interactionType":"ENTER_TEXT"}]}
RESULT: undefined
COMMAND: POST /session/e98a8c3f8e564d5dffeeff8b737fde72/element - {"using":"xpath","value":"//*[@id=\"application-managepartners-display-component---NewPartner--addressDetailDetailsCountry-arrow\"]"}
RESULT: {"using":"xpath","value":"//*[@id=\"application-managepartners-display-component---NewPartner--addressDetailDetailsCountry-arrow\"]"}
COMMAND: POST /session/e98a8c3f8e564d5dffeeff8b737fde72/element/f.442E653FBE801B9469C6A395343E122D.d.EED75B230457EB3A70E5668692C7F127.e.3510/click - {}
RESULT: {}
COMMAND: POST /session/e98a8c3f8e564d5dffeeff8b737fde72/element - {"using":"xpath","value":"//span[contains(text(), \"Argentina\")]"}
COMMAND: GET /session/e98a8c3f8e564d5dffeeff8b737fde72/screenshot - {}
RESULT: {"using":"xpath","value":"//span[contains(text(), \"Argentina\")]"}
COMMAND: POST /session/e98a8c3f8e564d5dffeeff8b737fde72/element/f.442E653FBE801B9469C6A395343E122D.d.EED75B230457EB3A70E5668692C7F127.e.3532/click - {}
RESULT: {}
RESULT: {}
COMMAND: GET /session/e98a8c3f8e564d5dffeeff8b737fde72/screenshot - {}
RESULT: {}
COMMAND: POST /session/e98a8c3f8e564d5dffeeff8b737fde72/element - {"using":"xpath","value":"//bdi[contains(text(), \"Commercial\")]"}
RESULT: {"using":"xpath","value":"//bdi[contains(text(), \"Commercial\")]"}
COMMAND: POST /session/e98a8c3f8e564d5dffeeff8b737fde72/element/f.442E653FBE801B9469C6A395343E122D.d.EED75B230457EB3A70E5668692C7F127.e.3533/click - {}
RESULT: {}
COMMAND: GET /session/e98a8c3f8e564d5dffeeff8b737fde72/screenshot - {}
RESULT: {}
RESULT: undefined
COMMAND: POST /session/e98a8c3f8e564d5dffeeff8b737fde72/element - {"using":"xpath","value":"//*[@id=\"application-managepartners-display-component---NewPartner--partnerDetailInternal-arrow\"]"}
RESULT: {"using":"xpath","value":"//*[@id=\"application-managepartners-display-component---NewPartner--partnerDetailInternal-arrow\"]"}
COMMAND: POST /session/e98a8c3f8e564d5dffeeff8b737fde72/element/f.442E653FBE801B9469C6A395343E122D.d.EED75B230457EB3A70E5668692C7F127.e.3539/click - {}
RESULT: {}
COMMAND: POST /session/e98a8c3f8e564d5dffeeff8b737fde72/element - {"using":"xpath","value":"//span[contains(text(), \"External partner\")]"}
COMMAND: GET /session/e98a8c3f8e564d5dffeeff8b737fde72/screenshot - {}
RESULT: {"using":"xpath","value":"//span[contains(text(), \"External partner\")]"}
COMMAND: POST /session/e98a8c3f8e564d5dffeeff8b737fde72/element/f.442E653FBE801B9469C6A395343E122D.d.EED75B230457EB3A70E5668692C7F127.e.3540/click - {}
RESULT: {}
RESULT: {}
RESULT: undefined
COMMAND: POST /session/e98a8c3f8e564d5dffeeff8b737fde72/element - {"using":"xpath","value":"//*[@id=\"application-managepartners-display-component---NewPartner--partnerDetailsCurrency-arrow\"]"}
COMMAND: GET /session/e98a8c3f8e564d5dffeeff8b737fde72/screenshot - {}
RESULT: {"using":"xpath","value":"//*[@id=\"application-managepartners-display-component---NewPartner--partnerDetailsCurrency-arrow\"]"}
COMMAND: POST /session/e98a8c3f8e564d5dffeeff8b737fde72/element/f.442E653FBE801B9469C6A395343E122D.d.EED75B230457EB3A70E5668692C7F127.e.3545/click - {}
RESULT: {}
RESULT: {}
COMMAND: POST /session/e98a8c3f8e564d5dffeeff8b737fde72/element - {"using":"xpath","value":"//span[contains(text(), \"US Dollar\")]"}
COMMAND: GET /session/e98a8c3f8e564d5dffeeff8b737fde72/screenshot - {}
RESULT: {"using":"xpath","value":"//span[contains(text(), \"US Dollar\")]"}
COMMAND: POST /session/e98a8c3f8e564d5dffeeff8b737fde72/element/f.442E653FBE801B9469C6A395343E122D.d.EED75B230457EB3A70E5668692C7F127.e.3546/click - {}
RESULT: {}
RESULT: {}
COMMAND: GET /session/e98a8c3f8e564d5dffeeff8b737fde72/screenshot - {}
RESULT: {}
COMMAND: POST /session/e98a8c3f8e564d5dffeeff8b737fde72/element - {"using":"xpath","value":"//input[@id=\"application-managepartners-display-component---NewPartner--companyCodeComboBox-inner\"]"}
RESULT: {"using":"xpath","value":"//input[@id=\"application-managepartners-display-component---NewPartner--companyCodeComboBox-inner\"]"}
COMMAND: POST /session/e98a8c3f8e564d5dffeeff8b737fde72/element/f.442E653FBE801B9469C6A395343E122D.d.EED75B230457EB3A70E5668692C7F127.e.3444/clear - {}
RESULT: {}
COMMAND: POST /session/e98a8c3f8e564d5dffeeff8b737fde72/element/f.442E653FBE801B9469C6A395343E122D.d.EED75B230457EB3A70E5668692C7F127.e.3444/value - {"text":"C002"}
COMMAND: GET /session/e98a8c3f8e564d5dffeeff8b737fde72/screenshot - {}
RESULT: {"text":"C002"}
COMMAND: GET /session/e98a8c3f8e564d5dffeeff8b737fde72/screenshot - {}
RESULT: {}
RESULT: {}
COMMAND: POST /session/e98a8c3f8e564d5dffeeff8b737fde72/element - {"using":"xpath","value":"//span[contains(text(), \"C002\")]"}
RESULT: {"using":"xpath","value":"//span[contains(text(), \"C002\")]"}
COMMAND: POST /session/e98a8c3f8e564d5dffeeff8b737fde72/element/f.442E653FBE801B9469C6A395343E122D.d.EED75B230457EB3A70E5668692C7F127.e.3550/click - {}
RESULT: {}
COMMAND: GET /session/e98a8c3f8e564d5dffeeff8b737fde72/screenshot - {}
RESULT: {}
RESULT: undefined
COMMAND: POST /session/e98a8c3f8e564d5dffeeff8b737fde72/element - {"using":"xpath","value":"//*[@id=\"application-managepartners-display-component---NewPartner--btnAddTableRow-img\"]"}
RESULT: {"using":"xpath","value":"//*[@id=\"application-managepartners-display-component---NewPartner--btnAddTableRow-img\"]"}
COMMAND: POST /session/e98a8c3f8e564d5dffeeff8b737fde72/element/f.442E653FBE801B9469C6A395343E122D.d.EED75B230457EB3A70E5668692C7F127.e.3551/click - {}
RESULT: {}
COMMAND: GET /session/e98a8c3f8e564d5dffeeff8b737fde72/screenshot - {}
RESULT: {}
COMMAND: POST /session/e98a8c3f8e564d5dffeeff8b737fde72/element - {"using":"xpath","value":"//input[@id=\"application-managepartners-display-component---NewPartner--assignmentYard-application-managepartners-display-component---NewPartner--assignmentsTable-0-inner\"]"}
RESULT: {"using":"xpath","value":"//input[@id=\"application-managepartners-display-component---NewPartner--assignmentYard-application-managepartners-display-component---NewPartner--assignmentsTable-0-inner\"]"}
COMMAND: POST /session/e98a8c3f8e564d5dffeeff8b737fde72/element/f.442E653FBE801B9469C6A395343E122D.d.EED75B230457EB3A70E5668692C7F127.e.3554/clear - {}
RESULT: {}
COMMAND: POST /session/e98a8c3f8e564d5dffeeff8b737fde72/element/f.442E653FBE801B9469C6A395343E122D.d.EED75B230457EB3A70E5668692C7F127.e.3554/value - {"text":"582"}
COMMAND: GET /session/e98a8c3f8e564d5dffeeff8b737fde72/screenshot - {}
RESULT: {"text":"582"}
COMMAND: GET /session/e98a8c3f8e564d5dffeeff8b737fde72/screenshot - {}
RESULT: {}
RESULT: {}
COMMAND: POST /session/e98a8c3f8e564d5dffeeff8b737fde72/element - {"using":"xpath","value":"//li[.//span[text()='582']]"}
RESULT: {"using":"xpath","value":"//li[.//span[text()='582']]"}
COMMAND: POST /session/e98a8c3f8e564d5dffeeff8b737fde72/element/f.442E653FBE801B9469C6A395343E122D.d.EED75B230457EB3A70E5668692C7F127.e.3562/click - {}
RESULT: {}
COMMAND: GET /session/e98a8c3f8e564d5dffeeff8b737fde72/screenshot - {}
RESULT: {}
COMMAND: POST /session/e98a8c3f8e564d5dffeeff8b737fde72/actions - {"actions":[{"id":"action7","type":"key","parameters":{},"actions":[{"type":"keyDown","value":"î€‡"},{"type":"pause","duration":10},{"type":"keyUp","value":"î€‡"}]}]}
RESULT: {"actions":[{"id":"action7","type":"key","parameters":{},"actions":[{"type":"keyDown","value":"î€‡"},{"type":"pause","duration":10},{"type":"keyUp","value":"î€‡"}]}]}
COMMAND: POST /session/e98a8c3f8e564d5dffeeff8b737fde72/element - {"using":"xpath","value":"//td[contains(@id, \"assignmentsTable-0-cell2\")]/div/div"}
COMMAND: GET /session/e98a8c3f8e564d5dffeeff8b737fde72/screenshot - {}
RESULT: {"using":"xpath","value":"//td[contains(@id, \"assignmentsTable-0-cell2\")]/div/div"}
COMMAND: POST /session/e98a8c3f8e564d5dffeeff8b737fde72/element/f.442E653FBE801B9469C6A395343E122D.d.EED75B230457EB3A70E5668692C7F127.e.3565/click - {}
RESULT: {}
RESULT: {}
COMMAND: GET /session/e98a8c3f8e564d5dffeeff8b737fde72/screenshot - {}
RESULT: {}
COMMAND: POST /session/e98a8c3f8e564d5dffeeff8b737fde72/element - {"using":"xpath","value":"//button[@data-kt=\"saveButton\"]"}
RESULT: {"using":"xpath","value":"//button[@data-kt=\"saveButton\"]"}
COMMAND: POST /session/e98a8c3f8e564d5dffeeff8b737fde72/element/f.442E653FBE801B9469C6A395343E122D.d.EED75B230457EB3A70E5668692C7F127.e.3506/click - {}
RESULT: {}
COMMAND: GET /session/e98a8c3f8e564d5dffeeff8b737fde72/screenshot - {}
RESULT: {}
COMMAND: POST /session/e98a8c3f8e564d5dffeeff8b737fde72/element - {"using":"xpath","value":"//header[contains(@id, 'ObjectPageLayout-headerTitle')]/div[1]/div[2]/div[2]/span[1]"}
RESULT: {"using":"xpath","value":"//header[contains(@id, 'ObjectPageLayout-headerTitle')]/div[1]/div[2]/div[2]/span[1]"}
COMMAND: POST /session/e98a8c3f8e564d5dffeeff8b737fde72/elements - {"using":"xpath","value":"//header[contains(@id, 'ObjectPageLayout-headerTitle')]/div[1]/div[2]/div[2]/span[1]"}
RESULT: {"using":"xpath","value":"//header[contains(@id, 'ObjectPageLayout-headerTitle')]/div[1]/div[2]/div[2]/span[1]"}
COMMAND: POST /session/e98a8c3f8e564d5dffeeff8b737fde72/execute/sync - {"script":"<script> [56 bytes]","args":[{"element-6066-11e4-a52e-4f735466cecf":"f.442E653FBE801B9469C6A395343E122D.d.EED75B230457EB3A70E5668692C7F127.e.3726","ELEMENT":"f.442E653FBE801B9469C6A395343E122D.d.EED75B230457EB3A70E5668692C7F127.e.3726"}]}
RESULT: {"script":"<script> [56 bytes]","args":[{"element-6066-11e4-a52e-4f735466cecf":"f.442E653FBE801B9469C6A395343E122D.d.EED75B230457EB3A70E5668692C7F127.e.3726","ELEMENT":"f.442E653FBE801B9469C6A395343E122D.d.EED75B230457EB3A70E5668692C7F127.e.3726"}]}
COMMAND: POST /session/e98a8c3f8e564d5dffeeff8b737fde72/element - {"using":"css selector","value":"#shell-header-logo"}
COMMAND: GET /session/e98a8c3f8e564d5dffeeff8b737fde72/screenshot - {}
RESULT: {"using":"css selector","value":"#shell-header-logo"}
COMMAND: POST /session/e98a8c3f8e564d5dffeeff8b737fde72/element/f.442E653FBE801B9469C6A395343E122D.d.EED75B230457EB3A70E5668692C7F127.e.3051/click - {}
RESULT: {}
RESULT: {}
COMMAND: GET /session/e98a8c3f8e564d5dffeeff8b737fde72/screenshot - {}
RESULT: {}
COMMAND: POST /session/e98a8c3f8e564d5dffeeff8b737fde72/execute/sync - {"script":"<script> [299 bytes]","args":[["getModel","getResource"]]}
RESULT: {"script":"<script> [299 bytes]","args":[["getModel","getResource"]]}
COMMAND: POST /session/e98a8c3f8e564d5dffeeff8b737fde72/refresh - {}
COMMAND: GET /session/e98a8c3f8e564d5dffeeff8b737fde72/screenshot - {}
RESULT: {}
COMMAND: GET /session/e98a8c3f8e564d5dffeeff8b737fde72/screenshot - {}
RESULT: {}
RESULT: {}
COMMAND: POST /session/e98a8c3f8e564d5dffeeff8b737fde72/refresh - {}
RESULT: {}
COMMAND: GET /session/e98a8c3f8e564d5dffeeff8b737fde72/screenshot - {}
RESULT: {}
COMMAND: POST /session/e98a8c3f8e564d5dffeeff8b737fde72/window/fullscreen - {}
RESULT: {}
COMMAND: POST /session/e98a8c3f8e564d5dffeeff8b737fde72/execute/async - {"script":"<script> [189 bytes]","args":[]}
RESULT: {"script":"<script> [189 bytes]","args":[]}
COMMAND: POST /session/e98a8c3f8e564d5dffeeff8b737fde72/execute/async - {"script":"<script> [123 bytes]","args":[]}
RESULT: {"script":"<script> [123 bytes]","args":[]}
COMMAND: POST /session/e98a8c3f8e564d5dffeeff8b737fde72/timeouts - {"script":"<number>"}
RESULT: {"script":"<number>"}
COMMAND: GET /session/e98a8c3f8e564d5dffeeff8b737fde72/timeouts - {}
RESULT: {}
RESULT: undefined
COMMAND: POST /session/e98a8c3f8e564d5dffeeff8b737fde72/execute/async - {"script":"<script> [2676 bytes]","args":[]}
RESULT: {"script":"<script> [2676 bytes]","args":[]}
COMMAND: POST /session/e98a8c3f8e564d5dffeeff8b737fde72/execute/async - {"script":"<script> [2342 bytes]","args":[{"protocol":"http","hostname":"0.0.0.0","path":"/","capabilities":{"browserName":"chrome","goog:chromeOptions":{"binary":"C:\\Program Files\\Google\\Chrome\\Application\\chrome.exe","args":["--start-maximized"]}},"logLevel":"warn","connectionRetryTimeout":120000,"connectionRetryCount":3,"logLevels":{},"enableDirectConnect":true,"strictSSL":true,"_":"65 more keys: [\"cacheDir\",\"port\",\"requestedCapabilities\",\"automationProtocol\",\"baseUrl\",\"waitforInterval\",\"waitforTimeout\",\"onReload\",\"beforeCommand\",\"afterCommand\",\"rootDir\",\"specs\",\"suites\",\"exclude\",\"groupLogsByTestSpec\",\"excludeDriverLogs\",\"bail\",\"framework\",\"reporters\",\"services\",\"maxInstances\",\"maxInstancesPerCapability\",\"injectGlobals\",\"filesToWatch\",\"execArgv\",\"runnerEnv\",\"runner\",\"shard\",\"specFileRetries\",\"specFileRetriesDelay\",\"specFileRetriesDeferred\",\"reporterSyncInterval\",\"reporterSyncTimeout\",\"cucumberFeaturesWithLineNumbers\",\"autoCompileOpts\",\"mochaOpts\",\"jasmineOpts\",\"cucumberOpts\",\"onPrepare\",\"onWorkerStart\",\"onWorkerEnd\",\"before\",\"beforeSession\",\"beforeSuite\",\"beforeHook\",\"beforeTest\",\"afterTest\",\"afterHook\",\"afterSuite\",\"afterSession\",\"after\",\"onComplete\",\"beforeAssertion\",\"afterAssertion\",\"beforeFeature\",\"beforeScenario\",\"beforeStep\",\"afterStep\",\"afterScenario\",\"afterFeature\",\"_\",\"suite\",\"$0\",\"ignoredWorkerServices\",\"wdi5\"]"}]}
RESULT: {"script":"<script> [2342 bytes]","args":[{"protocol":"http","hostname":"0.0.0.0","path":"/","capabilities":{"browserName":"chrome","goog:chromeOptions":{"binary":"C:\\Program Files\\Google\\Chrome\\Application\\chrome.exe","args":["--start-maximized"]}},"logLevel":"warn","connectionRetryTimeout":120000,"connectionRetryCount":3,"logLevels":{},"enableDirectConnect":true,"strictSSL":true,"_":"65 more keys: [\"cacheDir\",\"port\",\"requestedCapabilities\",\"automationProtocol\",\"baseUrl\",\"waitforInterval\",\"waitforTimeout\",\"onReload\",\"beforeCommand\",\"afterCommand\",\"rootDir\",\"specs\",\"suites\",\"exclude\",\"groupLogsByTestSpec\",\"excludeDriverLogs\",\"bail\",\"framework\",\"reporters\",\"services\",\"maxInstances\",\"maxInstancesPerCapability\",\"injectGlobals\",\"filesToWatch\",\"execArgv\",\"runnerEnv\",\"runner\",\"shard\",\"specFileRetries\",\"specFileRetriesDelay\",\"specFileRetriesDeferred\",\"reporterSyncInterval\",\"reporterSyncTimeout\",\"cucumberFeaturesWithLineNumbers\",\"autoCompileOpts\",\"mochaOpts\",\"jasmineOpts\",\"cucumberOpts\",\"onPrepare\",\"onWorkerStart\",\"onWorkerEnd\",\"before\",\"beforeSession\",\"beforeSuite\",\"beforeHook\",\"beforeTest\",\"afterTest\",\"afterHook\",\"afterSuite\",\"afterSession\",\"after\",\"onComplete\",\"beforeAssertion\",\"afterAssertion\",\"beforeFeature\",\"beforeScenario\",\"beforeStep\",\"afterStep\",\"afterScenario\",\"afterFeature\",\"_\",\"suite\",\"$0\",\"ignoredWorkerServices\",\"wdi5\"]"}]}
COMMAND: POST /session/e98a8c3f8e564d5dffeeff8b737fde72/execute/async - {"script":"<script> [21126 bytes]","args":[35000]}
RESULT: {"script":"<script> [21126 bytes]","args":[35000]}
COMMAND: POST /session/e98a8c3f8e564d5dffeeff8b737fde72/element - {"using":"css selector","value":"#shell-header-logo"}
RESULT: {"using":"css selector","value":"#shell-header-logo"}
COMMAND: POST /session/e98a8c3f8e564d5dffeeff8b737fde72/element/f.442E653FBE801B9469C6A395343E122D.d.C0FDBAF38E685B953C4904233BBDB7FB.e.3876/click - {}
RESULT: {}
COMMAND: GET /session/e98a8c3f8e564d5dffeeff8b737fde72/screenshot - {}
RESULT: {}
COMMAND: POST /session/e98a8c3f8e564d5dffeeff8b737fde72/execute/async - {"script":"<script> [1562 bytes]","args":[{"selector":{"controlType":"sap.m.GenericTile","properties":{"header":"Manage Sites"}},"wdio_ui5_key":"sapm.GenericTile{\"header\":\"Manage Sites\"}"}]}
RESULT: {"script":"<script> [1562 bytes]","args":[{"selector":{"controlType":"sap.m.GenericTile","properties":{"header":"Manage Sites"}},"wdio_ui5_key":"sapm.GenericTile{\"header\":\"Manage Sites\"}"}]}
RESULT: undefined
COMMAND: POST /session/e98a8c3f8e564d5dffeeff8b737fde72/element - {"using":"xpath","value":"//*[@id=\"__tile32\"]"}
RESULT: {"using":"xpath","value":"//*[@id=\"__tile32\"]"}
COMMAND: POST /session/e98a8c3f8e564d5dffeeff8b737fde72/element/f.442E653FBE801B9469C6A395343E122D.d.C0FDBAF38E685B953C4904233BBDB7FB.e.3804/click - {}
RESULT: {}
]]></system-out>
    </testcase>
  </testsuite>
  <testsuite timestamp="2025-05-05T15:28:58" time="233.272" tests="2" failures="0" errors="0" skipped="0">
    <properties>
      <property name="specId" value="0" />
      <property name="suiteName" value="Create 2 sites US118246" />
      <property name="capabilities" value="chrome.135_0_7049_115.windows" />
      <property name="file" value="file:///D:/a/1/s/test/specs/R2C/create-site.spec.js" />
    </properties>
    <testcase classname="chrome.135_0_7049_115.windows.Create_2_sites_US118246" name="Should create new site" time="102.403">
      <system-out><![CDATA[
COMMAND: POST /session/e98a8c3f8e564d5dffeeff8b737fde72/execute/async - {"script":"<script> [1562 bytes]","args":[{"selector":{"controlType":"sap.m.Title","viewName":"etm.portal.ui.managesites.view.Master","viewId":"application-managesites-display-component---masterSite","i18NText":{"propertyName":"text","key":"sites"}},"wdio_ui5_key":"etmportal.ui.managesites.view.Mastersap.m.Title{\"propertyName\":\"text\",\"key\":\"sites\"}"}]}
COMMAND: GET /session/e98a8c3f8e564d5dffeeff8b737fde72/screenshot - {}
RESULT: {"script":"<script> [1562 bytes]","args":[{"selector":{"controlType":"sap.m.Title","viewName":"etm.portal.ui.managesites.view.Master","viewId":"application-managesites-display-component---masterSite","i18NText":{"propertyName":"text","key":"sites"}},"wdio_ui5_key":"etmportal.ui.managesites.view.Mastersap.m.Title{\"propertyName\":\"text\",\"key\":\"sites\"}"}]}
RESULT: undefined
COMMAND: POST /session/e98a8c3f8e564d5dffeeff8b737fde72/execute/async - {"script":"<script> [6424 bytes]","args":[{"element-6066-11e4-a52e-4f735466cecf":"f.442E653FBE801B9469C6A395343E122D.d.C0FDBAF38E685B953C4904233BBDB7FB.e.4052"},"getText",[]]}
RESULT: {}
RESULT: {"script":"<script> [6424 bytes]","args":[{"element-6066-11e4-a52e-4f735466cecf":"f.442E653FBE801B9469C6A395343E122D.d.C0FDBAF38E685B953C4904233BBDB7FB.e.4052"},"getText",[]]}
COMMAND: POST /session/e98a8c3f8e564d5dffeeff8b737fde72/execute/async - {"script":"<script> [1562 bytes]","args":[{"selector":{"controlType":"sap.ui.core.Icon","viewName":"etm.portal.ui.managesites.view.Master","viewId":"application-managesites-display-component---masterSite","properties":{"src":{"regex":{"source":"add"}}}},"wdio_ui5_key":"etmportal.ui.managesites.view.Mastersap.ui.core.Icon{\"src\":{\"regex\":{\"source\":\"add\"}}}"}]}
RESULT: {"script":"<script> [1562 bytes]","args":[{"selector":{"controlType":"sap.ui.core.Icon","viewName":"etm.portal.ui.managesites.view.Master","viewId":"application-managesites-display-component---masterSite","properties":{"src":{"regex":{"source":"add"}}}},"wdio_ui5_key":"etmportal.ui.managesites.view.Mastersap.ui.core.Icon{\"src\":{\"regex\":{\"source\":\"add\"}}}"}]}
RESULT: undefined
COMMAND: POST /session/e98a8c3f8e564d5dffeeff8b737fde72/element - {"using":"xpath","value":"//*[@id=\"__button4-img\"]"}
RESULT: {"using":"xpath","value":"//*[@id=\"__button4-img\"]"}
COMMAND: POST /session/e98a8c3f8e564d5dffeeff8b737fde72/element/f.442E653FBE801B9469C6A395343E122D.d.C0FDBAF38E685B953C4904233BBDB7FB.e.3927/click - {}
RESULT: {}
COMMAND: POST /session/e98a8c3f8e564d5dffeeff8b737fde72/execute/async - {"script":"<script> [1562 bytes]","args":[{"selector":{"id":"application-managesites-display-component---NewSite--siteId","interaction":{"idSuffix":"inner"}},"wdio_ui5_key":"applicationmanagesites-display-component---NewSite--siteId"}]}
COMMAND: GET /session/e98a8c3f8e564d5dffeeff8b737fde72/screenshot - {}
RESULT: {"script":"<script> [1562 bytes]","args":[{"selector":{"id":"application-managesites-display-component---NewSite--siteId","interaction":{"idSuffix":"inner"}},"wdio_ui5_key":"applicationmanagesites-display-component---NewSite--siteId"}]}
RESULT: undefined
COMMAND: POST /session/e98a8c3f8e564d5dffeeff8b737fde72/execute/async - {"script":"<script> [1562 bytes]","args":[{"selector":{"id":"application-managesites-display-component---NewSite--addressDetailDetailsName1","interaction":{"idSuffix":"inner"}},"wdio_ui5_key":"applicationmanagesites-display-component---NewSite--addressDetailDetailsName1"}]}
RESULT: {}
RESULT: {"script":"<script> [1562 bytes]","args":[{"selector":{"id":"application-managesites-display-component---NewSite--addressDetailDetailsName1","interaction":{"idSuffix":"inner"}},"wdio_ui5_key":"applicationmanagesites-display-component---NewSite--addressDetailDetailsName1"}]}
RESULT: undefined
COMMAND: POST /session/e98a8c3f8e564d5dffeeff8b737fde72/execute/async - {"script":"<script> [776 bytes]","args":[{"enterText":"Webdriver Site 1wdsq","selector":{"id":"application-managesites-display-component---NewSite--addressDetailDetailsName1","interaction":{"idSuffix":"inner"}},"clearTextFirst":true,"interactionType":"ENTER_TEXT"}]}
RESULT: {"script":"<script> [776 bytes]","args":[{"enterText":"Webdriver Site 1wdsq","selector":{"id":"application-managesites-display-component---NewSite--addressDetailDetailsName1","interaction":{"idSuffix":"inner"}},"clearTextFirst":true,"interactionType":"ENTER_TEXT"}]}
COMMAND: POST /session/e98a8c3f8e564d5dffeeff8b737fde72/execute/async - {"script":"<script> [1562 bytes]","args":[{"selector":{"id":"application-managesites-display-component---NewSite--addressDetailDetailsLanguage","interaction":{"idSuffix":"inner"}},"wdio_ui5_key":"applicationmanagesites-display-component---NewSite--addressDetailDetailsLanguage"}]}
RESULT: {"script":"<script> [1562 bytes]","args":[{"selector":{"id":"application-managesites-display-component---NewSite--addressDetailDetailsLanguage","interaction":{"idSuffix":"inner"}},"wdio_ui5_key":"applicationmanagesites-display-component---NewSite--addressDetailDetailsLanguage"}]}
RESULT: undefined
COMMAND: POST /session/e98a8c3f8e564d5dffeeff8b737fde72/execute/async - {"script":"<script> [776 bytes]","args":[{"enterText":"Romanian","selector":{"id":"application-managesites-display-component---NewSite--addressDetailDetailsLanguage","interaction":{"idSuffix":"inner"}},"clearTextFirst":true,"interactionType":"ENTER_TEXT"}]}
RESULT: {"script":"<script> [776 bytes]","args":[{"enterText":"Romanian","selector":{"id":"application-managesites-display-component---NewSite--addressDetailDetailsLanguage","interaction":{"idSuffix":"inner"}},"clearTextFirst":true,"interactionType":"ENTER_TEXT"}]}
COMMAND: POST /session/e98a8c3f8e564d5dffeeff8b737fde72/execute/async - {"script":"<script> [1562 bytes]","args":[{"selector":{"id":"application-managesites-display-component---NewSite--addressDetailDetailsCity1","interaction":{"idSuffix":"inner"}},"wdio_ui5_key":"applicationmanagesites-display-component---NewSite--addressDetailDetailsCity1"}]}
RESULT: {"script":"<script> [1562 bytes]","args":[{"selector":{"id":"application-managesites-display-component---NewSite--addressDetailDetailsCity1","interaction":{"idSuffix":"inner"}},"wdio_ui5_key":"applicationmanagesites-display-component---NewSite--addressDetailDetailsCity1"}]}
RESULT: undefined
COMMAND: POST /session/e98a8c3f8e564d5dffeeff8b737fde72/execute/async - {"script":"<script> [776 bytes]","args":[{"enterText":"Bucharest","selector":{"id":"application-managesites-display-component---NewSite--addressDetailDetailsCity1","interaction":{"idSuffix":"inner"}},"clearTextFirst":true,"interactionType":"ENTER_TEXT"}]}
RESULT: {"script":"<script> [776 bytes]","args":[{"enterText":"Bucharest","selector":{"id":"application-managesites-display-component---NewSite--addressDetailDetailsCity1","interaction":{"idSuffix":"inner"}},"clearTextFirst":true,"interactionType":"ENTER_TEXT"}]}
COMMAND: POST /session/e98a8c3f8e564d5dffeeff8b737fde72/execute/async - {"script":"<script> [1562 bytes]","args":[{"selector":{"id":"application-managesites-display-component---NewSite--addressDetailDetailsCountry","interaction":{"idSuffix":"inner"}},"wdio_ui5_key":"applicationmanagesites-display-component---NewSite--addressDetailDetailsCountry"}]}
RESULT: {"script":"<script> [1562 bytes]","args":[{"selector":{"id":"application-managesites-display-component---NewSite--addressDetailDetailsCountry","interaction":{"idSuffix":"inner"}},"wdio_ui5_key":"applicationmanagesites-display-component---NewSite--addressDetailDetailsCountry"}]}
RESULT: undefined
COMMAND: POST /session/e98a8c3f8e564d5dffeeff8b737fde72/execute/async - {"script":"<script> [776 bytes]","args":[{"enterText":"Romania","selector":{"id":"application-managesites-display-component---NewSite--addressDetailDetailsCountry","interaction":{"idSuffix":"inner"}},"clearTextFirst":true,"interactionType":"ENTER_TEXT"}]}
RESULT: {"script":"<script> [776 bytes]","args":[{"enterText":"Romania","selector":{"id":"application-managesites-display-component---NewSite--addressDetailDetailsCountry","interaction":{"idSuffix":"inner"}},"clearTextFirst":true,"interactionType":"ENTER_TEXT"}]}
COMMAND: POST /session/e98a8c3f8e564d5dffeeff8b737fde72/execute/async - {"script":"<script> [1562 bytes]","args":[{"selector":{"id":"application-managesites-display-component---NewSite--addressDetailDetailsCalendar","interaction":{"idSuffix":"inner"}},"wdio_ui5_key":"applicationmanagesites-display-component---NewSite--addressDetailDetailsCalendar"}]}
RESULT: {"script":"<script> [1562 bytes]","args":[{"selector":{"id":"application-managesites-display-component---NewSite--addressDetailDetailsCalendar","interaction":{"idSuffix":"inner"}},"wdio_ui5_key":"applicationmanagesites-display-component---NewSite--addressDetailDetailsCalendar"}]}
RESULT: undefined
COMMAND: POST /session/e98a8c3f8e564d5dffeeff8b737fde72/execute/async - {"script":"<script> [776 bytes]","args":[{"enterText":"Germany","selector":{"id":"application-managesites-display-component---NewSite--addressDetailDetailsCalendar","interaction":{"idSuffix":"inner"}},"clearTextFirst":true,"interactionType":"ENTER_TEXT"}]}
RESULT: {"script":"<script> [776 bytes]","args":[{"enterText":"Germany","selector":{"id":"application-managesites-display-component---NewSite--addressDetailDetailsCalendar","interaction":{"idSuffix":"inner"}},"clearTextFirst":true,"interactionType":"ENTER_TEXT"}]}
COMMAND: POST /session/e98a8c3f8e564d5dffeeff8b737fde72/execute/async - {"script":"<script> [1562 bytes]","args":[{"selector":{"id":"application-managesites-display-component---NewSite--addressEditDetailsCostObjectCstType-arrow"},"wdio_ui5_key":"applicationmanagesites-display-component---NewSite--addressEditDetailsCostObjectCstType-arrow"}]}
RESULT: {"script":"<script> [1562 bytes]","args":[{"selector":{"id":"application-managesites-display-component---NewSite--addressEditDetailsCostObjectCstType-arrow"},"wdio_ui5_key":"applicationmanagesites-display-component---NewSite--addressEditDetailsCostObjectCstType-arrow"}]}
RESULT: undefined
COMMAND: POST /session/e98a8c3f8e564d5dffeeff8b737fde72/element - {"using":"xpath","value":"//*[@id=\"application-managesites-display-component---NewSite--addressEditDetailsCostObjectCstType-arrow\"]"}
RESULT: {"using":"xpath","value":"//*[@id=\"application-managesites-display-component---NewSite--addressEditDetailsCostObjectCstType-arrow\"]"}
COMMAND: POST /session/e98a8c3f8e564d5dffeeff8b737fde72/element/f.442E653FBE801B9469C6A395343E122D.d.C0FDBAF38E685B953C4904233BBDB7FB.e.4318/click - {}
RESULT: {}
COMMAND: POST /session/e98a8c3f8e564d5dffeeff8b737fde72/element - {"using":"xpath","value":"//span[contains(text(), \"Work Breakdown Structure\")]"}
COMMAND: GET /session/e98a8c3f8e564d5dffeeff8b737fde72/screenshot - {}
RESULT: {"using":"xpath","value":"//span[contains(text(), \"Work Breakdown Structure\")]"}
COMMAND: POST /session/e98a8c3f8e564d5dffeeff8b737fde72/element/f.442E653FBE801B9469C6A395343E122D.d.C0FDBAF38E685B953C4904233BBDB7FB.e.4319/click - {}
RESULT: {}
RESULT: {}
COMMAND: GET /session/e98a8c3f8e564d5dffeeff8b737fde72/screenshot - {}
RESULT: {}
COMMAND: POST /session/e98a8c3f8e564d5dffeeff8b737fde72/execute/async - {"script":"<script> [1562 bytes]","args":[{"selector":{"id":"application-managesites-display-component---NewSite--addressNewCostObjectCstID-vhi"},"wdio_ui5_key":"applicationmanagesites-display-component---NewSite--addressNewCostObjectCstID-vhi"}]}
RESULT: {"script":"<script> [1562 bytes]","args":[{"selector":{"id":"application-managesites-display-component---NewSite--addressNewCostObjectCstID-vhi"},"wdio_ui5_key":"applicationmanagesites-display-component---NewSite--addressNewCostObjectCstID-vhi"}]}
RESULT: undefined
COMMAND: POST /session/e98a8c3f8e564d5dffeeff8b737fde72/element - {"using":"xpath","value":"//*[@id=\"application-managesites-display-component---NewSite--addressNewCostObjectCstID-vhi\"]"}
RESULT: {"using":"xpath","value":"//*[@id=\"application-managesites-display-component---NewSite--addressNewCostObjectCstID-vhi\"]"}
COMMAND: POST /session/e98a8c3f8e564d5dffeeff8b737fde72/element/f.442E653FBE801B9469C6A395343E122D.d.C0FDBAF38E685B953C4904233BBDB7FB.e.4324/click - {}
RESULT: {}
COMMAND: GET /session/e98a8c3f8e564d5dffeeff8b737fde72/screenshot - {}
RESULT: {}
COMMAND: POST /session/e98a8c3f8e564d5dffeeff8b737fde72/execute/async - {"script":"<script> [1562 bytes]","args":[{"selector":{"controlType":"sap.m.SearchField","properties":{"placeholder":"Search"},"searchOpenDialogs":true,"interaction":{"idSuffix":"I"}},"wdio_ui5_key":"sapm.SearchField{\"placeholder\":\"Search\"}"}]}
RESULT: {"script":"<script> [1562 bytes]","args":[{"selector":{"controlType":"sap.m.SearchField","properties":{"placeholder":"Search"},"searchOpenDialogs":true,"interaction":{"idSuffix":"I"}},"wdio_ui5_key":"sapm.SearchField{\"placeholder\":\"Search\"}"}]}
RESULT: undefined
COMMAND: POST /session/e98a8c3f8e564d5dffeeff8b737fde72/execute/async - {"script":"<script> [776 bytes]","args":[{"enterText":"A1-000100-01","selector":{"controlType":"sap.m.SearchField","properties":{"placeholder":"Search"},"searchOpenDialogs":true,"interaction":{"idSuffix":"I"}},"clearTextFirst":true,"interactionType":"ENTER_TEXT"}]}
RESULT: {"script":"<script> [776 bytes]","args":[{"enterText":"A1-000100-01","selector":{"controlType":"sap.m.SearchField","properties":{"placeholder":"Search"},"searchOpenDialogs":true,"interaction":{"idSuffix":"I"}},"clearTextFirst":true,"interactionType":"ENTER_TEXT"}]}
COMMAND: POST /session/e98a8c3f8e564d5dffeeff8b737fde72/actions - {"actions":[{"id":"action8","type":"key","parameters":{},"actions":[{"type":"keyDown","value":"î€‡"},{"type":"pause","duration":10},{"type":"keyUp","value":"î€‡"}]}]}
RESULT: {"actions":[{"id":"action8","type":"key","parameters":{},"actions":[{"type":"keyDown","value":"î€‡"},{"type":"pause","duration":10},{"type":"keyUp","value":"î€‡"}]}]}
COMMAND: GET /session/e98a8c3f8e564d5dffeeff8b737fde72/screenshot - {}
RESULT: {}
COMMAND: POST /session/e98a8c3f8e564d5dffeeff8b737fde72/element - {"using":"xpath","value":"//span[contains(text(), \"Template for ETO-Process\")]"}
RESULT: {"using":"xpath","value":"//span[contains(text(), \"Template for ETO-Process\")]"}
COMMAND: POST /session/e98a8c3f8e564d5dffeeff8b737fde72/element/f.442E653FBE801B9469C6A395343E122D.d.C0FDBAF38E685B953C4904233BBDB7FB.e.4332/click - {}
RESULT: {}
COMMAND: GET /session/e98a8c3f8e564d5dffeeff8b737fde72/screenshot - {}
RESULT: {}
COMMAND: POST /session/e98a8c3f8e564d5dffeeff8b737fde72/element - {"using":"xpath","value":"//bdi[contains(text(), \"OK\")]"}
RESULT: {"using":"xpath","value":"//bdi[contains(text(), \"OK\")]"}
COMMAND: POST /session/e98a8c3f8e564d5dffeeff8b737fde72/element/f.442E653FBE801B9469C6A395343E122D.d.C0FDBAF38E685B953C4904233BBDB7FB.e.4334/click - {}
RESULT: {}
COMMAND: GET /session/e98a8c3f8e564d5dffeeff8b737fde72/screenshot - {}
RESULT: {}
COMMAND: POST /session/e98a8c3f8e564d5dffeeff8b737fde72/element - {"using":"xpath","value":"//input[@id=\"application-managesites-display-component---NewSite--addressDetailDetailsYard-inner\"]"}
RESULT: {"using":"xpath","value":"//input[@id=\"application-managesites-display-component---NewSite--addressDetailDetailsYard-inner\"]"}
COMMAND: POST /session/e98a8c3f8e564d5dffeeff8b737fde72/element/f.442E653FBE801B9469C6A395343E122D.d.C0FDBAF38E685B953C4904233BBDB7FB.e.4164/value - {"text":"581"}
RESULT: {"text":"581"}
COMMAND: GET /session/e98a8c3f8e564d5dffeeff8b737fde72/screenshot - {}
RESULT: {}
COMMAND: POST /session/e98a8c3f8e564d5dffeeff8b737fde72/actions - {"actions":[{"id":"action9","type":"key","parameters":{},"actions":[{"type":"keyDown","value":"î€‡"},{"type":"pause","duration":10},{"type":"keyUp","value":"î€‡"}]}]}
RESULT: {"actions":[{"id":"action9","type":"key","parameters":{},"actions":[{"type":"keyDown","value":"î€‡"},{"type":"pause","duration":10},{"type":"keyUp","value":"î€‡"}]}]}
COMMAND: GET /session/e98a8c3f8e564d5dffeeff8b737fde72/screenshot - {}
RESULT: {}
COMMAND: POST /session/e98a8c3f8e564d5dffeeff8b737fde72/element - {"using":"xpath","value":"//input[@id=\"application-managesites-display-component---NewSite--addressDetailDetailsPartner-inner\"]"}
RESULT: {"using":"xpath","value":"//input[@id=\"application-managesites-display-component---NewSite--addressDetailDetailsPartner-inner\"]"}
COMMAND: POST /session/e98a8c3f8e564d5dffeeff8b737fde72/elements - {"using":"xpath","value":"//input[@id=\"application-managesites-display-component---NewSite--addressDetailDetailsPartner-inner\"]"}
RESULT: {"using":"xpath","value":"//input[@id=\"application-managesites-display-component---NewSite--addressDetailDetailsPartner-inner\"]"}
COMMAND: POST /session/e98a8c3f8e564d5dffeeff8b737fde72/execute/async - {"script":"<script> [1562 bytes]","args":[{"selector":{"controlType":"sap.m.Button","viewName":"etm.portal.ui.managesites.view.NewSmartSite","viewId":"application-managesites-display-component---NewSite","properties":{"text":"Commercial"},"interaction":{"idSuffix":"BDI-content"}},"wdio_ui5_key":"etmportal.ui.managesites.view.NewSmartSitesap.m.Button{\"text\":\"Commercial\"}"}]}
RESULT: {"script":"<script> [1562 bytes]","args":[{"selector":{"controlType":"sap.m.Button","viewName":"etm.portal.ui.managesites.view.NewSmartSite","viewId":"application-managesites-display-component---NewSite","properties":{"text":"Commercial"},"interaction":{"idSuffix":"BDI-content"}},"wdio_ui5_key":"etmportal.ui.managesites.view.NewSmartSitesap.m.Button{\"text\":\"Commercial\"}"}]}
RESULT: undefined
COMMAND: POST /session/e98a8c3f8e564d5dffeeff8b737fde72/element - {"using":"xpath","value":"//*[@id=\"application-managesites-display-component---NewSite--ObjectPageLayout-anchBar-__section5-anchor\"]"}
RESULT: {"using":"xpath","value":"//*[@id=\"application-managesites-display-component---NewSite--ObjectPageLayout-anchBar-__section5-anchor\"]"}
COMMAND: POST /session/e98a8c3f8e564d5dffeeff8b737fde72/element/f.442E653FBE801B9469C6A395343E122D.d.C0FDBAF38E685B953C4904233BBDB7FB.e.4341/click - {}
RESULT: {}
COMMAND: POST /session/e98a8c3f8e564d5dffeeff8b737fde72/execute/async - {"script":"<script> [1562 bytes]","args":[{"selector":{"controlType":"sap.m.Button","viewName":"etm.portal.ui.managesites.view.NewSmartSite","viewId":"application-managesites-display-component---NewSite","i18NText":{"propertyName":"text","key":"save"},"interaction":{"idSuffix":"BDI-content"}},"wdio_ui5_key":"etmportal.ui.managesites.view.NewSmartSitesap.m.Button{\"propertyName\":\"text\",\"key\":\"save\"}"}]}
COMMAND: GET /session/e98a8c3f8e564d5dffeeff8b737fde72/screenshot - {}
RESULT: {"script":"<script> [1562 bytes]","args":[{"selector":{"controlType":"sap.m.Button","viewName":"etm.portal.ui.managesites.view.NewSmartSite","viewId":"application-managesites-display-component---NewSite","i18NText":{"propertyName":"text","key":"save"},"interaction":{"idSuffix":"BDI-content"}},"wdio_ui5_key":"etmportal.ui.managesites.view.NewSmartSitesap.m.Button{\"propertyName\":\"text\",\"key\":\"save\"}"}]}
RESULT: undefined
COMMAND: POST /session/e98a8c3f8e564d5dffeeff8b737fde72/element - {"using":"xpath","value":"//*[@id=\"__button16\"]"}
RESULT: {}
RESULT: {"using":"xpath","value":"//*[@id=\"__button16\"]"}
COMMAND: POST /session/e98a8c3f8e564d5dffeeff8b737fde72/element/f.442E653FBE801B9469C6A395343E122D.d.C0FDBAF38E685B953C4904233BBDB7FB.e.4305/click - {}
RESULT: {}
COMMAND: GET /session/e98a8c3f8e564d5dffeeff8b737fde72/screenshot - {}
COMMAND: POST /session/e98a8c3f8e564d5dffeeff8b737fde72/execute/async - {"script":"<script> [1562 bytes]","args":[{"selector":{"id":"application-managesites-display-component---detailSite--addressDetailDetailsYardText"},"wdio_ui5_key":"applicationmanagesites-display-component---detailSite--addressDetailDetailsYardText"}]}
RESULT: {}
RESULT: {"script":"<script> [1562 bytes]","args":[{"selector":{"id":"application-managesites-display-component---detailSite--addressDetailDetailsYardText"},"wdio_ui5_key":"applicationmanagesites-display-component---detailSite--addressDetailDetailsYardText"}]}
RESULT: undefined
COMMAND: POST /session/e98a8c3f8e564d5dffeeff8b737fde72/element - {"using":"xpath","value":"//header/div/div[2]/div[2]/span"}
RESULT: {"using":"xpath","value":"//header/div/div[2]/div[2]/span"}
COMMAND: GET /session/e98a8c3f8e564d5dffeeff8b737fde72/element/f.442E653FBE801B9469C6A395343E122D.d.C0FDBAF38E685B953C4904233BBDB7FB.e.4553/text - {}
RESULT: {}
COMMAND: POST /session/e98a8c3f8e564d5dffeeff8b737fde72/execute/async - {"script":"<script> [1562 bytes]","args":[{"selector":{"controlType":"sap.m.Label","viewName":"etm.portal.ui.managesites.view.Detail","viewId":"application-managesites-display-component---detailSite","i18NText":{"propertyName":"text","key":"status"}},"wdio_ui5_key":"etmportal.ui.managesites.view.Detailsap.m.Label{\"propertyName\":\"text\",\"key\":\"status\"}"}]}
RESULT: {"script":"<script> [1562 bytes]","args":[{"selector":{"controlType":"sap.m.Label","viewName":"etm.portal.ui.managesites.view.Detail","viewId":"application-managesites-display-component---detailSite","i18NText":{"propertyName":"text","key":"status"}},"wdio_ui5_key":"etmportal.ui.managesites.view.Detailsap.m.Label{\"propertyName\":\"text\",\"key\":\"status\"}"}]}
RESULT: undefined
COMMAND: POST /session/e98a8c3f8e564d5dffeeff8b737fde72/execute/async - {"script":"<script> [6424 bytes]","args":[{"element-6066-11e4-a52e-4f735466cecf":"f.442E653FBE801B9469C6A395343E122D.d.C0FDBAF38E685B953C4904233BBDB7FB.e.4541"},"getText",[]]}
RESULT: {"script":"<script> [6424 bytes]","args":[{"element-6066-11e4-a52e-4f735466cecf":"f.442E653FBE801B9469C6A395343E122D.d.C0FDBAF38E685B953C4904233BBDB7FB.e.4541"},"getText",[]]}
]]></system-out>
    </testcase>
    <testcase classname="chrome.135_0_7049_115.windows.Create_2_sites_US118246" name="Should create WHM site" time="63.707">
      <system-out><![CDATA[
RESULT: undefined
COMMAND: POST /session/e98a8c3f8e564d5dffeeff8b737fde72/element - {"using":"xpath","value":"//*[@id=\"__button4-img\"]"}
RESULT: {"using":"xpath","value":"//*[@id=\"__button4-img\"]"}
COMMAND: POST /session/e98a8c3f8e564d5dffeeff8b737fde72/element/f.442E653FBE801B9469C6A395343E122D.d.C0FDBAF38E685B953C4904233BBDB7FB.e.4554/click - {}
RESULT: {}
COMMAND: GET /session/e98a8c3f8e564d5dffeeff8b737fde72/screenshot - {}
RESULT: undefined
COMMAND: POST /session/e98a8c3f8e564d5dffeeff8b737fde72/execute/async - {"script":"<script> [1562 bytes]","args":[{"selector":{"controlType":"sap.m.Button","viewName":"etm.portal.ui.managesites.view.NewSmartSite","viewId":"application-managesites-display-component---NewSite","properties":{"text":"General Information"},"interaction":{"idSuffix":"BDI-content"}},"wdio_ui5_key":"etmportal.ui.managesites.view.NewSmartSitesap.m.Button{\"text\":\"General Information\"}"}]}
RESULT: {}
RESULT: {"script":"<script> [1562 bytes]","args":[{"selector":{"controlType":"sap.m.Button","viewName":"etm.portal.ui.managesites.view.NewSmartSite","viewId":"application-managesites-display-component---NewSite","properties":{"text":"General Information"},"interaction":{"idSuffix":"BDI-content"}},"wdio_ui5_key":"etmportal.ui.managesites.view.NewSmartSitesap.m.Button{\"text\":\"General Information\"}"}]}
RESULT: undefined
COMMAND: POST /session/e98a8c3f8e564d5dffeeff8b737fde72/element - {"using":"xpath","value":"//*[@id=\"application-managesites-display-component---NewSite--ObjectPageLayout-anchBar-__section3-anchor\"]"}
RESULT: {"using":"xpath","value":"//*[@id=\"application-managesites-display-component---NewSite--ObjectPageLayout-anchBar-__section3-anchor\"]"}
COMMAND: POST /session/e98a8c3f8e564d5dffeeff8b737fde72/element/f.442E653FBE801B9469C6A395343E122D.d.C0FDBAF38E685B953C4904233BBDB7FB.e.4733/click - {}
RESULT: {}
RESULT: undefined
COMMAND: POST /session/e98a8c3f8e564d5dffeeff8b737fde72/execute/async - {"script":"<script> [776 bytes]","args":[{"enterText":"Webdriver WHM Site 5wpakf","selector":{"id":"application-managesites-display-component---NewSite--addressDetailDetailsName1","interaction":{"idSuffix":"inner"}},"clearTextFirst":true,"interactionType":"ENTER_TEXT"}]}
COMMAND: GET /session/e98a8c3f8e564d5dffeeff8b737fde72/screenshot - {}
RESULT: {"script":"<script> [776 bytes]","args":[{"enterText":"Webdriver WHM Site 5wpakf","selector":{"id":"application-managesites-display-component---NewSite--addressDetailDetailsName1","interaction":{"idSuffix":"inner"}},"clearTextFirst":true,"interactionType":"ENTER_TEXT"}]}
RESULT: {}
RESULT: undefined
COMMAND: POST /session/e98a8c3f8e564d5dffeeff8b737fde72/execute/async - {"script":"<script> [776 bytes]","args":[{"enterText":"Romanian","selector":{"id":"application-managesites-display-component---NewSite--addressDetailDetailsLanguage","interaction":{"idSuffix":"inner"}},"clearTextFirst":true,"interactionType":"ENTER_TEXT"}]}
RESULT: {"script":"<script> [776 bytes]","args":[{"enterText":"Romanian","selector":{"id":"application-managesites-display-component---NewSite--addressDetailDetailsLanguage","interaction":{"idSuffix":"inner"}},"clearTextFirst":true,"interactionType":"ENTER_TEXT"}]}
COMMAND: POST /session/e98a8c3f8e564d5dffeeff8b737fde72/actions - {"actions":[{"id":"action10","type":"key","parameters":{},"actions":[{"type":"keyDown","value":"î€‡"},{"type":"pause","duration":10},{"type":"keyUp","value":"î€‡"}]}]}
RESULT: {"actions":[{"id":"action10","type":"key","parameters":{},"actions":[{"type":"keyDown","value":"î€‡"},{"type":"pause","duration":10},{"type":"keyUp","value":"î€‡"}]}]}
RESULT: undefined
COMMAND: POST /session/e98a8c3f8e564d5dffeeff8b737fde72/execute/async - {"script":"<script> [776 bytes]","args":[{"enterText":"Bucharest","selector":{"id":"application-managesites-display-component---NewSite--addressDetailDetailsCity1","interaction":{"idSuffix":"inner"}},"clearTextFirst":true,"interactionType":"ENTER_TEXT"}]}
COMMAND: GET /session/e98a8c3f8e564d5dffeeff8b737fde72/screenshot - {}
RESULT: {"script":"<script> [776 bytes]","args":[{"enterText":"Bucharest","selector":{"id":"application-managesites-display-component---NewSite--addressDetailDetailsCity1","interaction":{"idSuffix":"inner"}},"clearTextFirst":true,"interactionType":"ENTER_TEXT"}]}
RESULT: {}
COMMAND: POST /session/e98a8c3f8e564d5dffeeff8b737fde72/actions - {"actions":[{"id":"action11","type":"key","parameters":{},"actions":[{"type":"keyDown","value":"î€‡"},{"type":"pause","duration":10},{"type":"keyUp","value":"î€‡"}]}]}
RESULT: {"actions":[{"id":"action11","type":"key","parameters":{},"actions":[{"type":"keyDown","value":"î€‡"},{"type":"pause","duration":10},{"type":"keyUp","value":"î€‡"}]}]}
RESULT: undefined
COMMAND: POST /session/e98a8c3f8e564d5dffeeff8b737fde72/execute/async - {"script":"<script> [6424 bytes]","args":[{"element-6066-11e4-a52e-4f735466cecf":"f.442E653FBE801B9469C6A395343E122D.d.C0FDBAF38E685B953C4904233BBDB7FB.e.4153"},"setValue",["Romania"]]}
COMMAND: GET /session/e98a8c3f8e564d5dffeeff8b737fde72/screenshot - {}
COMMAND: POST /session/e98a8c3f8e564d5dffeeff8b737fde72/execute/async - {"script":"<script> [1562 bytes]","args":[{"selector":{"id":"application-managesites-display-component---NewSite--addressDetailDetailsCountry","interaction":{"idSuffix":"inner"}},"wdio_ui5_key":"applicationmanagesites-display-component---NewSite--addressDetailDetailsCountry"}]}
RESULT: {}
RESULT: {"script":"<script> [1562 bytes]","args":[{"selector":{"id":"application-managesites-display-component---NewSite--addressDetailDetailsCountry","interaction":{"idSuffix":"inner"}},"wdio_ui5_key":"applicationmanagesites-display-component---NewSite--addressDetailDetailsCountry"}]}
COMMAND: POST /session/e98a8c3f8e564d5dffeeff8b737fde72/execute/async - {"script":"<script> [6424 bytes]","args":[{"element-6066-11e4-a52e-4f735466cecf":"f.442E653FBE801B9469C6A395343E122D.d.C0FDBAF38E685B953C4904233BBDB7FB.e.4607"},"setValue",["Romania"]]}
RESULT: {"script":"<script> [6424 bytes]","args":[{"element-6066-11e4-a52e-4f735466cecf":"f.442E653FBE801B9469C6A395343E122D.d.C0FDBAF38E685B953C4904233BBDB7FB.e.4607"},"setValue",["Romania"]]}
COMMAND: POST /session/e98a8c3f8e564d5dffeeff8b737fde72/actions - {"actions":[{"id":"action12","type":"key","parameters":{},"actions":[{"type":"keyDown","value":"î€‡"},{"type":"pause","duration":10},{"type":"keyUp","value":"î€‡"}]}]}
RESULT: {"actions":[{"id":"action12","type":"key","parameters":{},"actions":[{"type":"keyDown","value":"î€‡"},{"type":"pause","duration":10},{"type":"keyUp","value":"î€‡"}]}]}
RESULT: undefined
COMMAND: POST /session/e98a8c3f8e564d5dffeeff8b737fde72/execute/async - {"script":"<script> [776 bytes]","args":[{"enterText":"Germany","selector":{"id":"application-managesites-display-component---NewSite--addressDetailDetailsCalendar","interaction":{"idSuffix":"inner"}},"clearTextFirst":true,"interactionType":"ENTER_TEXT"}]}
COMMAND: GET /session/e98a8c3f8e564d5dffeeff8b737fde72/screenshot - {}
RESULT: {"script":"<script> [776 bytes]","args":[{"enterText":"Germany","selector":{"id":"application-managesites-display-component---NewSite--addressDetailDetailsCalendar","interaction":{"idSuffix":"inner"}},"clearTextFirst":true,"interactionType":"ENTER_TEXT"}]}
RESULT: {}
COMMAND: POST /session/e98a8c3f8e564d5dffeeff8b737fde72/actions - {"actions":[{"id":"action13","type":"key","parameters":{},"actions":[{"type":"keyDown","value":"î€‡"},{"type":"pause","duration":10},{"type":"keyUp","value":"î€‡"}]}]}
RESULT: {"actions":[{"id":"action13","type":"key","parameters":{},"actions":[{"type":"keyDown","value":"î€‡"},{"type":"pause","duration":10},{"type":"keyUp","value":"î€‡"}]}]}
COMMAND: POST /session/e98a8c3f8e564d5dffeeff8b737fde72/execute/async - {"script":"<script> [1562 bytes]","args":[{"selector":{"id":"application-managesites-display-component---NewSite--addressEditDetailsCostObjectCstType","interaction":{"idSuffix":"inner"}},"wdio_ui5_key":"applicationmanagesites-display-component---NewSite--addressEditDetailsCostObjectCstType"}]}
COMMAND: GET /session/e98a8c3f8e564d5dffeeff8b737fde72/screenshot - {}
RESULT: {"script":"<script> [1562 bytes]","args":[{"selector":{"id":"application-managesites-display-component---NewSite--addressEditDetailsCostObjectCstType","interaction":{"idSuffix":"inner"}},"wdio_ui5_key":"applicationmanagesites-display-component---NewSite--addressEditDetailsCostObjectCstType"}]}
RESULT: undefined
COMMAND: POST /session/e98a8c3f8e564d5dffeeff8b737fde72/execute/async - {"script":"<script> [776 bytes]","args":[{"enterText":"Cost","selector":{"id":"application-managesites-display-component---NewSite--addressEditDetailsCostObjectCstType","interaction":{"idSuffix":"inner"}},"clearTextFirst":true,"interactionType":"ENTER_TEXT"}]}
RESULT: {}
RESULT: {"script":"<script> [776 bytes]","args":[{"enterText":"Cost","selector":{"id":"application-managesites-display-component---NewSite--addressEditDetailsCostObjectCstType","interaction":{"idSuffix":"inner"}},"clearTextFirst":true,"interactionType":"ENTER_TEXT"}]}
COMMAND: POST /session/e98a8c3f8e564d5dffeeff8b737fde72/actions - {"actions":[{"id":"action14","type":"key","parameters":{},"actions":[{"type":"keyDown","value":"î€‡"},{"type":"pause","duration":10},{"type":"keyUp","value":"î€‡"}]}]}
RESULT: {"actions":[{"id":"action14","type":"key","parameters":{},"actions":[{"type":"keyDown","value":"î€‡"},{"type":"pause","duration":10},{"type":"keyUp","value":"î€‡"}]}]}
COMMAND: POST /session/e98a8c3f8e564d5dffeeff8b737fde72/execute/async - {"script":"<script> [1562 bytes]","args":[{"selector":{"id":"application-managesites-display-component---NewSite--addressNewCostObjectCstID","interaction":{"idSuffix":"inner"}},"wdio_ui5_key":"applicationmanagesites-display-component---NewSite--addressNewCostObjectCstID"}]}
COMMAND: GET /session/e98a8c3f8e564d5dffeeff8b737fde72/screenshot - {}
RESULT: {"script":"<script> [1562 bytes]","args":[{"selector":{"id":"application-managesites-display-component---NewSite--addressNewCostObjectCstID","interaction":{"idSuffix":"inner"}},"wdio_ui5_key":"applicationmanagesites-display-component---NewSite--addressNewCostObjectCstID"}]}
RESULT: undefined
COMMAND: POST /session/e98a8c3f8e564d5dffeeff8b737fde72/execute/async - {"script":"<script> [776 bytes]","args":[{"enterText":"1001","selector":{"id":"application-managesites-display-component---NewSite--addressNewCostObjectCstID","interaction":{"idSuffix":"inner"}},"clearTextFirst":true,"interactionType":"ENTER_TEXT"}]}
RESULT: {}
RESULT: {"script":"<script> [776 bytes]","args":[{"enterText":"1001","selector":{"id":"application-managesites-display-component---NewSite--addressNewCostObjectCstID","interaction":{"idSuffix":"inner"}},"clearTextFirst":true,"interactionType":"ENTER_TEXT"}]}
COMMAND: POST /session/e98a8c3f8e564d5dffeeff8b737fde72/actions - {"actions":[{"id":"action15","type":"key","parameters":{},"actions":[{"type":"keyDown","value":"î€‡"},{"type":"pause","duration":10},{"type":"keyUp","value":"î€‡"}]}]}
RESULT: {"actions":[{"id":"action15","type":"key","parameters":{},"actions":[{"type":"keyDown","value":"î€‡"},{"type":"pause","duration":10},{"type":"keyUp","value":"î€‡"}]}]}
COMMAND: POST /session/e98a8c3f8e564d5dffeeff8b737fde72/element - {"using":"xpath","value":"//input[@id=\"application-managesites-display-component---NewSite--addressDetailDetailsYard-inner\"]"}
COMMAND: GET /session/e98a8c3f8e564d5dffeeff8b737fde72/screenshot - {}
RESULT: {"using":"xpath","value":"//input[@id=\"application-managesites-display-component---NewSite--addressDetailDetailsYard-inner\"]"}
COMMAND: POST /session/e98a8c3f8e564d5dffeeff8b737fde72/element/f.442E653FBE801B9469C6A395343E122D.d.C0FDBAF38E685B953C4904233BBDB7FB.e.4618/value - {"text":"582"}
RESULT: {}
RESULT: {"text":"582"}
COMMAND: GET /session/e98a8c3f8e564d5dffeeff8b737fde72/screenshot - {}
RESULT: {}
COMMAND: POST /session/e98a8c3f8e564d5dffeeff8b737fde72/actions - {"actions":[{"id":"action16","type":"key","parameters":{},"actions":[{"type":"keyDown","value":"î€‡"},{"type":"pause","duration":10},{"type":"keyUp","value":"î€‡"}]}]}
RESULT: {"actions":[{"id":"action16","type":"key","parameters":{},"actions":[{"type":"keyDown","value":"î€‡"},{"type":"pause","duration":10},{"type":"keyUp","value":"î€‡"}]}]}
COMMAND: GET /session/e98a8c3f8e564d5dffeeff8b737fde72/screenshot - {}
RESULT: {}
COMMAND: POST /session/e98a8c3f8e564d5dffeeff8b737fde72/element - {"using":"xpath","value":"//input[@id=\"application-managesites-display-component---NewSite--addressDetailDetailsPartner-inner\"]"}
RESULT: {"using":"xpath","value":"//input[@id=\"application-managesites-display-component---NewSite--addressDetailDetailsPartner-inner\"]"}
COMMAND: POST /session/e98a8c3f8e564d5dffeeff8b737fde72/elements - {"using":"xpath","value":"//input[@id=\"application-managesites-display-component---NewSite--addressDetailDetailsPartner-inner\"]"}
RESULT: {"using":"xpath","value":"//input[@id=\"application-managesites-display-component---NewSite--addressDetailDetailsPartner-inner\"]"}
RESULT: undefined
COMMAND: POST /session/e98a8c3f8e564d5dffeeff8b737fde72/element - {"using":"xpath","value":"//*[@id=\"application-managesites-display-component---NewSite--ObjectPageLayout-anchBar-__section5-anchor\"]"}
RESULT: {"using":"xpath","value":"//*[@id=\"application-managesites-display-component---NewSite--ObjectPageLayout-anchBar-__section5-anchor\"]"}
COMMAND: POST /session/e98a8c3f8e564d5dffeeff8b737fde72/element/f.442E653FBE801B9469C6A395343E122D.d.C0FDBAF38E685B953C4904233BBDB7FB.e.4740/click - {}
RESULT: {}
COMMAND: POST /session/e98a8c3f8e564d5dffeeff8b737fde72/execute/async - {"script":"<script> [1562 bytes]","args":[{"selector":{"id":"application-managesites-display-component---NewSite--siteWhmCheckBox-label","interaction":{"idSuffix":"bdi"}},"wdio_ui5_key":"applicationmanagesites-display-component---NewSite--siteWhmCheckBox-label"}]}
COMMAND: GET /session/e98a8c3f8e564d5dffeeff8b737fde72/screenshot - {}
RESULT: {"script":"<script> [1562 bytes]","args":[{"selector":{"id":"application-managesites-display-component---NewSite--siteWhmCheckBox-label","interaction":{"idSuffix":"bdi"}},"wdio_ui5_key":"applicationmanagesites-display-component---NewSite--siteWhmCheckBox-label"}]}
RESULT: undefined
COMMAND: POST /session/e98a8c3f8e564d5dffeeff8b737fde72/element - {"using":"xpath","value":"//*[@id=\"application-managesites-display-component---NewSite--siteWhmCheckBox-label\"]"}
RESULT: {}
RESULT: {"using":"xpath","value":"//*[@id=\"application-managesites-display-component---NewSite--siteWhmCheckBox-label\"]"}
COMMAND: POST /session/e98a8c3f8e564d5dffeeff8b737fde72/element/f.442E653FBE801B9469C6A395343E122D.d.C0FDBAF38E685B953C4904233BBDB7FB.e.4744/click - {}
RESULT: {}
RESULT: undefined
COMMAND: POST /session/e98a8c3f8e564d5dffeeff8b737fde72/element - {"using":"xpath","value":"//*[@id=\"__button16\"]"}
COMMAND: GET /session/e98a8c3f8e564d5dffeeff8b737fde72/screenshot - {}
RESULT: {"using":"xpath","value":"//*[@id=\"__button16\"]"}
COMMAND: POST /session/e98a8c3f8e564d5dffeeff8b737fde72/element/f.442E653FBE801B9469C6A395343E122D.d.C0FDBAF38E685B953C4904233BBDB7FB.e.4745/click - {}
RESULT: {}
RESULT: {}
COMMAND: GET /session/e98a8c3f8e564d5dffeeff8b737fde72/screenshot - {}
RESULT: {}
COMMAND: POST /session/e98a8c3f8e564d5dffeeff8b737fde72/element - {"using":"xpath","value":"//header/div/div[2]/div[2]/span"}
RESULT: {"using":"xpath","value":"//header/div/div[2]/div[2]/span"}
COMMAND: GET /session/e98a8c3f8e564d5dffeeff8b737fde72/element/f.442E653FBE801B9469C6A395343E122D.d.C0FDBAF38E685B953C4904233BBDB7FB.e.4945/text - {}
RESULT: {}
RESULT: undefined
RESULT: undefined
COMMAND: POST /session/e98a8c3f8e564d5dffeeff8b737fde72/execute/async - {"script":"<script> [6424 bytes]","args":[{"element-6066-11e4-a52e-4f735466cecf":"f.442E653FBE801B9469C6A395343E122D.d.C0FDBAF38E685B953C4904233BBDB7FB.e.4541"},"getText",[]]}
COMMAND: POST /session/e98a8c3f8e564d5dffeeff8b737fde72/execute/async - {"script":"<script> [1562 bytes]","args":[{"selector":{"controlType":"sap.m.Label","viewName":"etm.portal.ui.managesites.view.Detail","viewId":"application-managesites-display-component---detailSite","i18NText":{"propertyName":"text","key":"status"}},"wdio_ui5_key":"etmportal.ui.managesites.view.Detailsap.m.Label{\"propertyName\":\"text\",\"key\":\"status\"}"}]}
RESULT: {"script":"<script> [1562 bytes]","args":[{"selector":{"controlType":"sap.m.Label","viewName":"etm.portal.ui.managesites.view.Detail","viewId":"application-managesites-display-component---detailSite","i18NText":{"propertyName":"text","key":"status"}},"wdio_ui5_key":"etmportal.ui.managesites.view.Detailsap.m.Label{\"propertyName\":\"text\",\"key\":\"status\"}"}]}
COMMAND: POST /session/e98a8c3f8e564d5dffeeff8b737fde72/execute/async - {"script":"<script> [6424 bytes]","args":[{"element-6066-11e4-a52e-4f735466cecf":"f.442E653FBE801B9469C6A395343E122D.d.C0FDBAF38E685B953C4904233BBDB7FB.e.4934"},"getText",[]]}
RESULT: {"script":"<script> [6424 bytes]","args":[{"element-6066-11e4-a52e-4f735466cecf":"f.442E653FBE801B9469C6A395343E122D.d.C0FDBAF38E685B953C4904233BBDB7FB.e.4934"},"getText",[]]}
COMMAND: POST /session/e98a8c3f8e564d5dffeeff8b737fde72/execute/async - {"script":"<script> [1562 bytes]","args":[{"selector":{"id":"shell-header","interaction":{"idSuffix":"icon"}},"wdio_ui5_key":"shellheader"}]}
RESULT: {"script":"<script> [1562 bytes]","args":[{"selector":{"id":"shell-header","interaction":{"idSuffix":"icon"}},"wdio_ui5_key":"shellheader"}]}
RESULT: undefined
COMMAND: POST /session/e98a8c3f8e564d5dffeeff8b737fde72/element - {"using":"xpath","value":"//*[@id=\"shell-header\"]"}
RESULT: {"using":"xpath","value":"//*[@id=\"shell-header\"]"}
COMMAND: POST /session/e98a8c3f8e564d5dffeeff8b737fde72/element/f.442E653FBE801B9469C6A395343E122D.d.C0FDBAF38E685B953C4904233BBDB7FB.e.4946/click - {}
RESULT: {}
COMMAND: POST /session/e98a8c3f8e564d5dffeeff8b737fde72/refresh - {}
COMMAND: GET /session/e98a8c3f8e564d5dffeeff8b737fde72/screenshot - {}
RESULT: {}
COMMAND: GET /session/e98a8c3f8e564d5dffeeff8b737fde72/screenshot - {}
RESULT: {}
COMMAND: POST /session/e98a8c3f8e564d5dffeeff8b737fde72/refresh - {}
RESULT: {}
RESULT: {}
COMMAND: GET /session/e98a8c3f8e564d5dffeeff8b737fde72/screenshot - {}
RESULT: {}
COMMAND: POST /session/e98a8c3f8e564d5dffeeff8b737fde72/window/fullscreen - {}
RESULT: {}
COMMAND: POST /session/e98a8c3f8e564d5dffeeff8b737fde72/execute/async - {"script":"<script> [189 bytes]","args":[]}
RESULT: {"script":"<script> [189 bytes]","args":[]}
COMMAND: POST /session/e98a8c3f8e564d5dffeeff8b737fde72/execute/async - {"script":"<script> [123 bytes]","args":[]}
RESULT: {"script":"<script> [123 bytes]","args":[]}
COMMAND: POST /session/e98a8c3f8e564d5dffeeff8b737fde72/timeouts - {"script":"<number>"}
RESULT: {"script":"<number>"}
COMMAND: GET /session/e98a8c3f8e564d5dffeeff8b737fde72/timeouts - {}
RESULT: {}
RESULT: undefined
COMMAND: POST /session/e98a8c3f8e564d5dffeeff8b737fde72/execute/async - {"script":"<script> [2676 bytes]","args":[]}
RESULT: {"script":"<script> [2676 bytes]","args":[]}
COMMAND: POST /session/e98a8c3f8e564d5dffeeff8b737fde72/execute/async - {"script":"<script> [2342 bytes]","args":[{"protocol":"http","hostname":"0.0.0.0","path":"/","capabilities":{"browserName":"chrome","goog:chromeOptions":{"binary":"C:\\Program Files\\Google\\Chrome\\Application\\chrome.exe","args":["--start-maximized"]}},"logLevel":"warn","connectionRetryTimeout":120000,"connectionRetryCount":3,"logLevels":{},"enableDirectConnect":true,"strictSSL":true,"_":"65 more keys: [\"cacheDir\",\"port\",\"requestedCapabilities\",\"automationProtocol\",\"baseUrl\",\"waitforInterval\",\"waitforTimeout\",\"onReload\",\"beforeCommand\",\"afterCommand\",\"rootDir\",\"specs\",\"suites\",\"exclude\",\"groupLogsByTestSpec\",\"excludeDriverLogs\",\"bail\",\"framework\",\"reporters\",\"services\",\"maxInstances\",\"maxInstancesPerCapability\",\"injectGlobals\",\"filesToWatch\",\"execArgv\",\"runnerEnv\",\"runner\",\"shard\",\"specFileRetries\",\"specFileRetriesDelay\",\"specFileRetriesDeferred\",\"reporterSyncInterval\",\"reporterSyncTimeout\",\"cucumberFeaturesWithLineNumbers\",\"autoCompileOpts\",\"mochaOpts\",\"jasmineOpts\",\"cucumberOpts\",\"onPrepare\",\"onWorkerStart\",\"onWorkerEnd\",\"before\",\"beforeSession\",\"beforeSuite\",\"beforeHook\",\"beforeTest\",\"afterTest\",\"afterHook\",\"afterSuite\",\"afterSession\",\"after\",\"onComplete\",\"beforeAssertion\",\"afterAssertion\",\"beforeFeature\",\"beforeScenario\",\"beforeStep\",\"afterStep\",\"afterScenario\",\"afterFeature\",\"_\",\"suite\",\"$0\",\"ignoredWorkerServices\",\"wdi5\"]"}]}
RESULT: {"script":"<script> [2342 bytes]","args":[{"protocol":"http","hostname":"0.0.0.0","path":"/","capabilities":{"browserName":"chrome","goog:chromeOptions":{"binary":"C:\\Program Files\\Google\\Chrome\\Application\\chrome.exe","args":["--start-maximized"]}},"logLevel":"warn","connectionRetryTimeout":120000,"connectionRetryCount":3,"logLevels":{},"enableDirectConnect":true,"strictSSL":true,"_":"65 more keys: [\"cacheDir\",\"port\",\"requestedCapabilities\",\"automationProtocol\",\"baseUrl\",\"waitforInterval\",\"waitforTimeout\",\"onReload\",\"beforeCommand\",\"afterCommand\",\"rootDir\",\"specs\",\"suites\",\"exclude\",\"groupLogsByTestSpec\",\"excludeDriverLogs\",\"bail\",\"framework\",\"reporters\",\"services\",\"maxInstances\",\"maxInstancesPerCapability\",\"injectGlobals\",\"filesToWatch\",\"execArgv\",\"runnerEnv\",\"runner\",\"shard\",\"specFileRetries\",\"specFileRetriesDelay\",\"specFileRetriesDeferred\",\"reporterSyncInterval\",\"reporterSyncTimeout\",\"cucumberFeaturesWithLineNumbers\",\"autoCompileOpts\",\"mochaOpts\",\"jasmineOpts\",\"cucumberOpts\",\"onPrepare\",\"onWorkerStart\",\"onWorkerEnd\",\"before\",\"beforeSession\",\"beforeSuite\",\"beforeHook\",\"beforeTest\",\"afterTest\",\"afterHook\",\"afterSuite\",\"afterSession\",\"after\",\"onComplete\",\"beforeAssertion\",\"afterAssertion\",\"beforeFeature\",\"beforeScenario\",\"beforeStep\",\"afterStep\",\"afterScenario\",\"afterFeature\",\"_\",\"suite\",\"$0\",\"ignoredWorkerServices\",\"wdi5\"]"}]}
COMMAND: POST /session/e98a8c3f8e564d5dffeeff8b737fde72/execute/async - {"script":"<script> [21126 bytes]","args":[35000]}
RESULT: {"script":"<script> [21126 bytes]","args":[35000]}
COMMAND: POST /session/e98a8c3f8e564d5dffeeff8b737fde72/element - {"using":"css selector","value":"#j_username"}
COMMAND: POST /session/e98a8c3f8e564d5dffeeff8b737fde72/url - {"url":"https://qa-testing-00-live-etm-ui.cfapps.eu10-004.hana.ondemand.com/"}
RESULT: {"using":"css selector","value":"#j_username"}
COMMAND: POST /session/e98a8c3f8e564d5dffeeff8b737fde72/element - {"using":"css selector","value":"#j_username"}
RESULT: {"url":"https://qa-testing-00-live-etm-ui.cfapps.eu10-004.hana.ondemand.com/"}
RESULT: undefined
COMMAND: GET /session/e98a8c3f8e564d5dffeeff8b737fde72/screenshot - {}
RESULT: {"using":"css selector","value":"#j_username"}
COMMAND: POST /session/e98a8c3f8e564d5dffeeff8b737fde72/element - {"using":"css selector","value":"#shell-header-logo"}
RESULT: {}
RESULT: {"using":"css selector","value":"#shell-header-logo"}
COMMAND: POST /session/e98a8c3f8e564d5dffeeff8b737fde72/element - {"using":"css selector","value":"#shell-header-logo"}
RESULT: {"using":"css selector","value":"#shell-header-logo"}
COMMAND: POST /session/e98a8c3f8e564d5dffeeff8b737fde72/refresh - {}
RESULT: {}
COMMAND: GET /session/e98a8c3f8e564d5dffeeff8b737fde72/screenshot - {}
RESULT: {}
COMMAND: POST /session/e98a8c3f8e564d5dffeeff8b737fde72/element - {"using":"css selector","value":"#j_username"}
RESULT: {"using":"css selector","value":"#j_username"}
COMMAND: POST /session/e98a8c3f8e564d5dffeeff8b737fde72/element - {"using":"css selector","value":"#j_username"}
RESULT: {"using":"css selector","value":"#j_username"}
COMMAND: POST /session/e98a8c3f8e564d5dffeeff8b737fde72/element - {"using":"css selector","value":"#shell-header-logo"}
RESULT: {"using":"css selector","value":"#shell-header-logo"}
COMMAND: POST /session/e98a8c3f8e564d5dffeeff8b737fde72/execute/sync - {"script":"<script> [8489 bytes]","args":[{"element-6066-11e4-a52e-4f735466cecf":"f.442E653FBE801B9469C6A395343E122D.d.B79C8A71A8635343B5BF6F50FE67784B.e.5218","ELEMENT":"f.442E653FBE801B9469C6A395343E122D.d.B79C8A71A8635343B5BF6F50FE67784B.e.5218"}]}
RESULT: {"script":"<script> [8489 bytes]","args":[{"element-6066-11e4-a52e-4f735466cecf":"f.442E653FBE801B9469C6A395343E122D.d.B79C8A71A8635343B5BF6F50FE67784B.e.5218","ELEMENT":"f.442E653FBE801B9469C6A395343E122D.d.B79C8A71A8635343B5BF6F50FE67784B.e.5218"}]}
COMMAND: POST /session/e98a8c3f8e564d5dffeeff8b737fde72/element - {"using":"css selector","value":"#shell-header-logo"}
COMMAND: GET /session/e98a8c3f8e564d5dffeeff8b737fde72/screenshot - {}
RESULT: {"using":"css selector","value":"#shell-header-logo"}
COMMAND: POST /session/e98a8c3f8e564d5dffeeff8b737fde72/execute/sync - {"script":"<script> [8489 bytes]","args":[{"element-6066-11e4-a52e-4f735466cecf":"f.442E653FBE801B9469C6A395343E122D.d.B79C8A71A8635343B5BF6F50FE67784B.e.5218","ELEMENT":"f.442E653FBE801B9469C6A395343E122D.d.B79C8A71A8635343B5BF6F50FE67784B.e.5218"}]}
RESULT: {}
RESULT: {"script":"<script> [8489 bytes]","args":[{"element-6066-11e4-a52e-4f735466cecf":"f.442E653FBE801B9469C6A395343E122D.d.B79C8A71A8635343B5BF6F50FE67784B.e.5218","ELEMENT":"f.442E653FBE801B9469C6A395343E122D.d.B79C8A71A8635343B5BF6F50FE67784B.e.5218"}]}
COMMAND: POST /session/e98a8c3f8e564d5dffeeff8b737fde72/execute/sync - {"script":"<script> [5351 bytes]","args":[{"element-6066-11e4-a52e-4f735466cecf":"f.442E653FBE801B9469C6A395343E122D.d.B79C8A71A8635343B5BF6F50FE67784B.e.5218","ELEMENT":"f.442E653FBE801B9469C6A395343E122D.d.B79C8A71A8635343B5BF6F50FE67784B.e.5218"}]}
COMMAND: GET /session/e98a8c3f8e564d5dffeeff8b737fde72/screenshot - {}
RESULT: {"script":"<script> [5351 bytes]","args":[{"element-6066-11e4-a52e-4f735466cecf":"f.442E653FBE801B9469C6A395343E122D.d.B79C8A71A8635343B5BF6F50FE67784B.e.5218","ELEMENT":"f.442E653FBE801B9469C6A395343E122D.d.B79C8A71A8635343B5BF6F50FE67784B.e.5218"}]}
COMMAND: POST /session/e98a8c3f8e564d5dffeeff8b737fde72/element - {"using":"css selector","value":"#shell-header-logo"}
COMMAND: GET /session/e98a8c3f8e564d5dffeeff8b737fde72/screenshot - {}
RESULT: {}
RESULT: {"using":"css selector","value":"#shell-header-logo"}
COMMAND: POST /session/e98a8c3f8e564d5dffeeff8b737fde72/element/f.442E653FBE801B9469C6A395343E122D.d.B79C8A71A8635343B5BF6F50FE67784B.e.5218/click - {}
RESULT: {}
RESULT: {}
COMMAND: GET /session/e98a8c3f8e564d5dffeeff8b737fde72/screenshot - {}
RESULT: {}
COMMAND: POST /session/e98a8c3f8e564d5dffeeff8b737fde72/execute/async - {"script":"<script> [189 bytes]","args":[]}
RESULT: {"script":"<script> [189 bytes]","args":[]}
COMMAND: POST /session/e98a8c3f8e564d5dffeeff8b737fde72/execute/async - {"script":"<script> [123 bytes]","args":[]}
RESULT: {"script":"<script> [123 bytes]","args":[]}
COMMAND: POST /session/e98a8c3f8e564d5dffeeff8b737fde72/timeouts - {"script":"<number>"}
RESULT: {"script":"<number>"}
COMMAND: GET /session/e98a8c3f8e564d5dffeeff8b737fde72/timeouts - {}
RESULT: {}
RESULT: undefined
COMMAND: POST /session/e98a8c3f8e564d5dffeeff8b737fde72/execute/async - {"script":"<script> [2676 bytes]","args":[]}
RESULT: {"script":"<script> [2676 bytes]","args":[]}
COMMAND: POST /session/e98a8c3f8e564d5dffeeff8b737fde72/execute/async - {"script":"<script> [2342 bytes]","args":[{"protocol":"http","hostname":"0.0.0.0","path":"/","capabilities":{"browserName":"chrome","goog:chromeOptions":{"binary":"C:\\Program Files\\Google\\Chrome\\Application\\chrome.exe","args":["--start-maximized"]}},"logLevel":"warn","connectionRetryTimeout":120000,"connectionRetryCount":3,"logLevels":{},"enableDirectConnect":true,"strictSSL":true,"_":"65 more keys: [\"cacheDir\",\"port\",\"requestedCapabilities\",\"automationProtocol\",\"baseUrl\",\"waitforInterval\",\"waitforTimeout\",\"onReload\",\"beforeCommand\",\"afterCommand\",\"rootDir\",\"specs\",\"suites\",\"exclude\",\"groupLogsByTestSpec\",\"excludeDriverLogs\",\"bail\",\"framework\",\"reporters\",\"services\",\"maxInstances\",\"maxInstancesPerCapability\",\"injectGlobals\",\"filesToWatch\",\"execArgv\",\"runnerEnv\",\"runner\",\"shard\",\"specFileRetries\",\"specFileRetriesDelay\",\"specFileRetriesDeferred\",\"reporterSyncInterval\",\"reporterSyncTimeout\",\"cucumberFeaturesWithLineNumbers\",\"autoCompileOpts\",\"mochaOpts\",\"jasmineOpts\",\"cucumberOpts\",\"onPrepare\",\"onWorkerStart\",\"onWorkerEnd\",\"before\",\"beforeSession\",\"beforeSuite\",\"beforeHook\",\"beforeTest\",\"afterTest\",\"afterHook\",\"afterSuite\",\"afterSession\",\"after\",\"onComplete\",\"beforeAssertion\",\"afterAssertion\",\"beforeFeature\",\"beforeScenario\",\"beforeStep\",\"afterStep\",\"afterScenario\",\"afterFeature\",\"_\",\"suite\",\"$0\",\"ignoredWorkerServices\",\"wdi5\"]"}]}
RESULT: {"script":"<script> [2342 bytes]","args":[{"protocol":"http","hostname":"0.0.0.0","path":"/","capabilities":{"browserName":"chrome","goog:chromeOptions":{"binary":"C:\\Program Files\\Google\\Chrome\\Application\\chrome.exe","args":["--start-maximized"]}},"logLevel":"warn","connectionRetryTimeout":120000,"connectionRetryCount":3,"logLevels":{},"enableDirectConnect":true,"strictSSL":true,"_":"65 more keys: [\"cacheDir\",\"port\",\"requestedCapabilities\",\"automationProtocol\",\"baseUrl\",\"waitforInterval\",\"waitforTimeout\",\"onReload\",\"beforeCommand\",\"afterCommand\",\"rootDir\",\"specs\",\"suites\",\"exclude\",\"groupLogsByTestSpec\",\"excludeDriverLogs\",\"bail\",\"framework\",\"reporters\",\"services\",\"maxInstances\",\"maxInstancesPerCapability\",\"injectGlobals\",\"filesToWatch\",\"execArgv\",\"runnerEnv\",\"runner\",\"shard\",\"specFileRetries\",\"specFileRetriesDelay\",\"specFileRetriesDeferred\",\"reporterSyncInterval\",\"reporterSyncTimeout\",\"cucumberFeaturesWithLineNumbers\",\"autoCompileOpts\",\"mochaOpts\",\"jasmineOpts\",\"cucumberOpts\",\"onPrepare\",\"onWorkerStart\",\"onWorkerEnd\",\"before\",\"beforeSession\",\"beforeSuite\",\"beforeHook\",\"beforeTest\",\"afterTest\",\"afterHook\",\"afterSuite\",\"afterSession\",\"after\",\"onComplete\",\"beforeAssertion\",\"afterAssertion\",\"beforeFeature\",\"beforeScenario\",\"beforeStep\",\"afterStep\",\"afterScenario\",\"afterFeature\",\"_\",\"suite\",\"$0\",\"ignoredWorkerServices\",\"wdi5\"]"}]}
COMMAND: POST /session/e98a8c3f8e564d5dffeeff8b737fde72/execute/async - {"script":"<script> [21126 bytes]","args":[35000]}
RESULT: {"script":"<script> [21126 bytes]","args":[35000]}
COMMAND: POST /session/e98a8c3f8e564d5dffeeff8b737fde72/window/maximize - {}
RESULT: {}
COMMAND: POST /session/e98a8c3f8e564d5dffeeff8b737fde72/execute/async - {"script":"<script> [1562 bytes]","args":[{"selector":{"id":"shell-header","interaction":{"idSuffix":"icon"}},"wdio_ui5_key":"shellheader"}]}
COMMAND: GET /session/e98a8c3f8e564d5dffeeff8b737fde72/screenshot - {}
RESULT: {"script":"<script> [1562 bytes]","args":[{"selector":{"id":"shell-header","interaction":{"idSuffix":"icon"}},"wdio_ui5_key":"shellheader"}]}
RESULT: undefined
RESULT: {}
COMMAND: POST /session/e98a8c3f8e564d5dffeeff8b737fde72/execute/async - {"script":"<script> [1562 bytes]","args":[{"selector":{"controlType":"sap.m.Title","i18NText":{"propertyName":"text","key":"dataCollectionAgreement"},"searchOpenDialogs":true},"wdio_ui5_key":"sapm.Title{\"propertyName\":\"text\",\"key\":\"dataCollectionAgreement\"}"}]}
RESULT: {"script":"<script> [1562 bytes]","args":[{"selector":{"controlType":"sap.m.Title","i18NText":{"propertyName":"text","key":"dataCollectionAgreement"},"searchOpenDialogs":true},"wdio_ui5_key":"sapm.Title{\"propertyName\":\"text\",\"key\":\"dataCollectionAgreement\"}"}]}
RESULT: undefined
COMMAND: POST /session/e98a8c3f8e564d5dffeeff8b737fde72/execute/async - {"script":"<script> [1562 bytes]","args":[{"selector":{"controlType":"sap.m.GenericTile","properties":{"header":"Manage Resources"}},"wdio_ui5_key":"sapm.GenericTile{\"header\":\"Manage Resources\"}"}]}
RESULT: {"script":"<script> [1562 bytes]","args":[{"selector":{"controlType":"sap.m.GenericTile","properties":{"header":"Manage Resources"}},"wdio_ui5_key":"sapm.GenericTile{\"header\":\"Manage Resources\"}"}]}
RESULT: undefined
COMMAND: POST /session/e98a8c3f8e564d5dffeeff8b737fde72/element - {"using":"xpath","value":"//*[@id=\"__tile31\"]"}
RESULT: {"using":"xpath","value":"//*[@id=\"__tile31\"]"}
COMMAND: POST /session/e98a8c3f8e564d5dffeeff8b737fde72/element/f.442E653FBE801B9469C6A395343E122D.d.B79C8A71A8635343B5BF6F50FE67784B.e.5236/click - {}
RESULT: {}
COMMAND: GET /session/e98a8c3f8e564d5dffeeff8b737fde72/screenshot - {}
RESULT: {}
]]></system-out>
    </testcase>
  </testsuite>
  <testsuite timestamp="2025-05-05T15:32:51" time="606.268" tests="2" failures="0" errors="0" skipped="0">
    <properties>
      <property name="specId" value="0" />
      <property name="suiteName" value="Create 2 RU material US118246" />
      <property name="capabilities" value="chrome.135_0_7049_115.windows" />
      <property name="file" value="file:///D:/a/1/s/test/specs/R2C/create-material.spec.js" />
    </properties>
    <testcase classname="chrome.135_0_7049_115.windows.Create_2_RU_material_US118246" name="Create material" time="285.263">
      <system-out><![CDATA[
COMMAND: POST /session/e98a8c3f8e564d5dffeeff8b737fde72/element - {"using":"xpath","value":"//button[@data-kt=\"addNewRUOverflowToolbarButton\"]"}
RESULT: {"using":"xpath","value":"//button[@data-kt=\"addNewRUOverflowToolbarButton\"]"}
COMMAND: POST /session/e98a8c3f8e564d5dffeeff8b737fde72/execute/sync - {"script":"<script> [8489 bytes]","args":[{"element-6066-11e4-a52e-4f735466cecf":"f.442E653FBE801B9469C6A395343E122D.d.B79C8A71A8635343B5BF6F50FE67784B.e.5360","ELEMENT":"f.442E653FBE801B9469C6A395343E122D.d.B79C8A71A8635343B5BF6F50FE67784B.e.5360"}]}
RESULT: {"script":"<script> [8489 bytes]","args":[{"element-6066-11e4-a52e-4f735466cecf":"f.442E653FBE801B9469C6A395343E122D.d.B79C8A71A8635343B5BF6F50FE67784B.e.5360","ELEMENT":"f.442E653FBE801B9469C6A395343E122D.d.B79C8A71A8635343B5BF6F50FE67784B.e.5360"}]}
COMMAND: POST /session/e98a8c3f8e564d5dffeeff8b737fde72/element/f.442E653FBE801B9469C6A395343E122D.d.B79C8A71A8635343B5BF6F50FE67784B.e.5360/click - {}
COMMAND: GET /session/e98a8c3f8e564d5dffeeff8b737fde72/screenshot - {}
RESULT: {}
COMMAND: GET /session/e98a8c3f8e564d5dffeeff8b737fde72/screenshot - {}
RESULT: {}
RESULT: {}
COMMAND: POST /session/e98a8c3f8e564d5dffeeff8b737fde72/execute/async - {"script":"<script> [1562 bytes]","args":[{"selector":{"controlType":"sap.m.ComboBox","viewName":"reusables.view.manageresources.NewResourceUnit","viewId":"application-manageresources-display-component---newResourceUnit","bindingPath":{"path":"","propertyPath":"/RuTypes","modelName":"catalogModel"},"searchOpenDialogs":true},"wdio_ui5_key":"reusablesview.manageresources.NewResourceUnitsap.m.ComboBox{\"path\":\"\",\"propertyPath\":\"/RuTypes\",\"modelName\":\"catalogModel\"}"}]}
RESULT: {"script":"<script> [1562 bytes]","args":[{"selector":{"controlType":"sap.m.ComboBox","viewName":"reusables.view.manageresources.NewResourceUnit","viewId":"application-manageresources-display-component---newResourceUnit","bindingPath":{"path":"","propertyPath":"/RuTypes","modelName":"catalogModel"},"searchOpenDialogs":true},"wdio_ui5_key":"reusablesview.manageresources.NewResourceUnitsap.m.ComboBox{\"path\":\"\",\"propertyPath\":\"/RuTypes\",\"modelName\":\"catalogModel\"}"}]}
RESULT: undefined
COMMAND: POST /session/e98a8c3f8e564d5dffeeff8b737fde72/execute/async - {"script":"<script> [1562 bytes]","args":[{"selector":{"controlType":"sap.m.ComboBox","viewName":"reusables.view.manageresources.NewResourceUnit","viewId":"application-manageresources-display-component---newResourceUnit","bindingPath":{"path":"","propertyPath":"/Yards","modelName":"catalogModel"},"searchOpenDialogs":true},"wdio_ui5_key":"reusablesview.manageresources.NewResourceUnitsap.m.ComboBox{\"path\":\"\",\"propertyPath\":\"/Yards\",\"modelName\":\"catalogModel\"}"}]}
RESULT: {"script":"<script> [1562 bytes]","args":[{"selector":{"controlType":"sap.m.ComboBox","viewName":"reusables.view.manageresources.NewResourceUnit","viewId":"application-manageresources-display-component---newResourceUnit","bindingPath":{"path":"","propertyPath":"/Yards","modelName":"catalogModel"},"searchOpenDialogs":true},"wdio_ui5_key":"reusablesview.manageresources.NewResourceUnitsap.m.ComboBox{\"path\":\"\",\"propertyPath\":\"/Yards\",\"modelName\":\"catalogModel\"}"}]}
RESULT: undefined
COMMAND: POST /session/e98a8c3f8e564d5dffeeff8b737fde72/execute/async - {"script":"<script> [1562 bytes]","args":[{"selector":{"controlType":"etm.portal.ui.reusables.customControls.LiveSearchComboBox","viewName":"reusables.view.manageresources.NewResourceUnit","viewId":"application-manageresources-display-component---newResourceUnit","bindingPath":{"path":"","propertyPath":"/CatalogItems","modelName":"catalogModel"},"searchOpenDialogs":true},"wdio_ui5_key":"reusablesview.manageresources.NewResourceUnitetm.portal.ui.reusables.customControls.LiveSearchComboBox{\"path\":\"\",\"propertyPath\":\"/CatalogItems\",\"modelName\":\"catalogModel\"}"}]}
RESULT: {"script":"<script> [1562 bytes]","args":[{"selector":{"controlType":"etm.portal.ui.reusables.customControls.LiveSearchComboBox","viewName":"reusables.view.manageresources.NewResourceUnit","viewId":"application-manageresources-display-component---newResourceUnit","bindingPath":{"path":"","propertyPath":"/CatalogItems","modelName":"catalogModel"},"searchOpenDialogs":true},"wdio_ui5_key":"reusablesview.manageresources.NewResourceUnitetm.portal.ui.reusables.customControls.LiveSearchComboBox{\"path\":\"\",\"propertyPath\":\"/CatalogItems\",\"modelName\":\"catalogModel\"}"}]}
RESULT: undefined
COMMAND: POST /session/e98a8c3f8e564d5dffeeff8b737fde72/element - {"using":"xpath","value":"//bdi[text()=\"OK\"]"}
RESULT: {"using":"xpath","value":"//bdi[text()=\"OK\"]"}
COMMAND: POST /session/e98a8c3f8e564d5dffeeff8b737fde72/elements - {"using":"xpath","value":"//bdi[text()=\"OK\"]"}
RESULT: {"using":"xpath","value":"//bdi[text()=\"OK\"]"}
COMMAND: POST /session/e98a8c3f8e564d5dffeeff8b737fde72/elements - {"using":"xpath","value":"//bdi[text()=\"OK\"]"}
RESULT: {"using":"xpath","value":"//bdi[text()=\"OK\"]"}
COMMAND: POST /session/e98a8c3f8e564d5dffeeff8b737fde72/elements - {"using":"xpath","value":"//bdi[text()=\"OK\"]"}
RESULT: {"using":"xpath","value":"//bdi[text()=\"OK\"]"}
COMMAND: POST /session/e98a8c3f8e564d5dffeeff8b737fde72/elements - {"using":"xpath","value":"//bdi[text()=\"OK\"]"}
RESULT: {"using":"xpath","value":"//bdi[text()=\"OK\"]"}
COMMAND: POST /session/e98a8c3f8e564d5dffeeff8b737fde72/elements - {"using":"xpath","value":"//bdi[text()=\"OK\"]"}
RESULT: {"using":"xpath","value":"//bdi[text()=\"OK\"]"}
COMMAND: POST /session/e98a8c3f8e564d5dffeeff8b737fde72/elements - {"using":"xpath","value":"//bdi[text()=\"OK\"]"}
RESULT: {"using":"xpath","value":"//bdi[text()=\"OK\"]"}
COMMAND: POST /session/e98a8c3f8e564d5dffeeff8b737fde72/elements - {"using":"xpath","value":"//bdi[text()=\"OK\"]"}
RESULT: {"using":"xpath","value":"//bdi[text()=\"OK\"]"}
COMMAND: POST /session/e98a8c3f8e564d5dffeeff8b737fde72/elements - {"using":"xpath","value":"//bdi[text()=\"OK\"]"}
RESULT: {"using":"xpath","value":"//bdi[text()=\"OK\"]"}
COMMAND: POST /session/e98a8c3f8e564d5dffeeff8b737fde72/elements - {"using":"xpath","value":"//bdi[text()=\"OK\"]"}
RESULT: {"using":"xpath","value":"//bdi[text()=\"OK\"]"}
COMMAND: POST /session/e98a8c3f8e564d5dffeeff8b737fde72/elements - {"using":"xpath","value":"//bdi[text()=\"OK\"]"}
RESULT: {"using":"xpath","value":"//bdi[text()=\"OK\"]"}
COMMAND: POST /session/e98a8c3f8e564d5dffeeff8b737fde72/elements - {"using":"xpath","value":"//bdi[text()=\"OK\"]"}
RESULT: {"using":"xpath","value":"//bdi[text()=\"OK\"]"}
COMMAND: POST /session/e98a8c3f8e564d5dffeeff8b737fde72/elements - {"using":"xpath","value":"//bdi[text()=\"OK\"]"}
RESULT: {"using":"xpath","value":"//bdi[text()=\"OK\"]"}
COMMAND: POST /session/e98a8c3f8e564d5dffeeff8b737fde72/elements - {"using":"xpath","value":"//bdi[text()=\"OK\"]"}
RESULT: {"using":"xpath","value":"//bdi[text()=\"OK\"]"}
COMMAND: POST /session/e98a8c3f8e564d5dffeeff8b737fde72/elements - {"using":"xpath","value":"//bdi[text()=\"OK\"]"}
RESULT: {"using":"xpath","value":"//bdi[text()=\"OK\"]"}
COMMAND: POST /session/e98a8c3f8e564d5dffeeff8b737fde72/elements - {"using":"xpath","value":"//bdi[text()=\"OK\"]"}
RESULT: {"using":"xpath","value":"//bdi[text()=\"OK\"]"}
COMMAND: POST /session/e98a8c3f8e564d5dffeeff8b737fde72/elements - {"using":"xpath","value":"//bdi[text()=\"OK\"]"}
RESULT: {"using":"xpath","value":"//bdi[text()=\"OK\"]"}
COMMAND: POST /session/e98a8c3f8e564d5dffeeff8b737fde72/elements - {"using":"xpath","value":"//bdi[text()=\"OK\"]"}
RESULT: {"using":"xpath","value":"//bdi[text()=\"OK\"]"}
COMMAND: POST /session/e98a8c3f8e564d5dffeeff8b737fde72/elements - {"using":"xpath","value":"//bdi[text()=\"OK\"]"}
RESULT: {"using":"xpath","value":"//bdi[text()=\"OK\"]"}
COMMAND: POST /session/e98a8c3f8e564d5dffeeff8b737fde72/elements - {"using":"xpath","value":"//bdi[text()=\"OK\"]"}
RESULT: {"using":"xpath","value":"//bdi[text()=\"OK\"]"}
COMMAND: POST /session/e98a8c3f8e564d5dffeeff8b737fde72/elements - {"using":"xpath","value":"//bdi[text()=\"OK\"]"}
RESULT: {"using":"xpath","value":"//bdi[text()=\"OK\"]"}
COMMAND: POST /session/e98a8c3f8e564d5dffeeff8b737fde72/elements - {"using":"xpath","value":"//bdi[text()=\"OK\"]"}
RESULT: {"using":"xpath","value":"//bdi[text()=\"OK\"]"}
COMMAND: POST /session/e98a8c3f8e564d5dffeeff8b737fde72/elements - {"using":"xpath","value":"//bdi[text()=\"OK\"]"}
RESULT: {"using":"xpath","value":"//bdi[text()=\"OK\"]"}
COMMAND: POST /session/e98a8c3f8e564d5dffeeff8b737fde72/elements - {"using":"xpath","value":"//bdi[text()=\"OK\"]"}
RESULT: {"using":"xpath","value":"//bdi[text()=\"OK\"]"}
COMMAND: POST /session/e98a8c3f8e564d5dffeeff8b737fde72/elements - {"using":"xpath","value":"//bdi[text()=\"OK\"]"}
RESULT: {"using":"xpath","value":"//bdi[text()=\"OK\"]"}
COMMAND: POST /session/e98a8c3f8e564d5dffeeff8b737fde72/elements - {"using":"xpath","value":"//bdi[text()=\"OK\"]"}
RESULT: {"using":"xpath","value":"//bdi[text()=\"OK\"]"}
COMMAND: POST /session/e98a8c3f8e564d5dffeeff8b737fde72/elements - {"using":"xpath","value":"//bdi[text()=\"OK\"]"}
RESULT: {"using":"xpath","value":"//bdi[text()=\"OK\"]"}
COMMAND: POST /session/e98a8c3f8e564d5dffeeff8b737fde72/elements - {"using":"xpath","value":"//bdi[text()=\"OK\"]"}
RESULT: {"using":"xpath","value":"//bdi[text()=\"OK\"]"}
COMMAND: POST /session/e98a8c3f8e564d5dffeeff8b737fde72/elements - {"using":"xpath","value":"//bdi[text()=\"OK\"]"}
RESULT: {"using":"xpath","value":"//bdi[text()=\"OK\"]"}
COMMAND: POST /session/e98a8c3f8e564d5dffeeff8b737fde72/elements - {"using":"xpath","value":"//bdi[text()=\"OK\"]"}
RESULT: {"using":"xpath","value":"//bdi[text()=\"OK\"]"}
COMMAND: POST /session/e98a8c3f8e564d5dffeeff8b737fde72/elements - {"using":"xpath","value":"//bdi[text()=\"OK\"]"}
RESULT: {"using":"xpath","value":"//bdi[text()=\"OK\"]"}
COMMAND: POST /session/e98a8c3f8e564d5dffeeff8b737fde72/elements - {"using":"xpath","value":"//bdi[text()=\"OK\"]"}
RESULT: {"using":"xpath","value":"//bdi[text()=\"OK\"]"}
COMMAND: POST /session/e98a8c3f8e564d5dffeeff8b737fde72/elements - {"using":"xpath","value":"//bdi[text()=\"OK\"]"}
RESULT: {"using":"xpath","value":"//bdi[text()=\"OK\"]"}
COMMAND: POST /session/e98a8c3f8e564d5dffeeff8b737fde72/elements - {"using":"xpath","value":"//bdi[text()=\"OK\"]"}
RESULT: {"using":"xpath","value":"//bdi[text()=\"OK\"]"}
COMMAND: POST /session/e98a8c3f8e564d5dffeeff8b737fde72/elements - {"using":"xpath","value":"//bdi[text()=\"OK\"]"}
RESULT: {"using":"xpath","value":"//bdi[text()=\"OK\"]"}
COMMAND: POST /session/e98a8c3f8e564d5dffeeff8b737fde72/elements - {"using":"xpath","value":"//bdi[text()=\"OK\"]"}
RESULT: {"using":"xpath","value":"//bdi[text()=\"OK\"]"}
COMMAND: POST /session/e98a8c3f8e564d5dffeeff8b737fde72/elements - {"using":"xpath","value":"//bdi[text()=\"OK\"]"}
RESULT: {"using":"xpath","value":"//bdi[text()=\"OK\"]"}
COMMAND: POST /session/e98a8c3f8e564d5dffeeff8b737fde72/elements - {"using":"xpath","value":"//bdi[text()=\"OK\"]"}
RESULT: {"using":"xpath","value":"//bdi[text()=\"OK\"]"}
COMMAND: POST /session/e98a8c3f8e564d5dffeeff8b737fde72/elements - {"using":"xpath","value":"//bdi[text()=\"OK\"]"}
RESULT: {"using":"xpath","value":"//bdi[text()=\"OK\"]"}
COMMAND: POST /session/e98a8c3f8e564d5dffeeff8b737fde72/elements - {"using":"xpath","value":"//bdi[text()=\"OK\"]"}
RESULT: {"using":"xpath","value":"//bdi[text()=\"OK\"]"}
COMMAND: POST /session/e98a8c3f8e564d5dffeeff8b737fde72/elements - {"using":"xpath","value":"//bdi[text()=\"OK\"]"}
RESULT: {"using":"xpath","value":"//bdi[text()=\"OK\"]"}
COMMAND: POST /session/e98a8c3f8e564d5dffeeff8b737fde72/elements - {"using":"xpath","value":"//bdi[text()=\"OK\"]"}
RESULT: {"using":"xpath","value":"//bdi[text()=\"OK\"]"}
COMMAND: POST /session/e98a8c3f8e564d5dffeeff8b737fde72/elements - {"using":"xpath","value":"//bdi[text()=\"OK\"]"}
RESULT: {"using":"xpath","value":"//bdi[text()=\"OK\"]"}
COMMAND: POST /session/e98a8c3f8e564d5dffeeff8b737fde72/elements - {"using":"xpath","value":"//bdi[text()=\"OK\"]"}
RESULT: {"using":"xpath","value":"//bdi[text()=\"OK\"]"}
COMMAND: POST /session/e98a8c3f8e564d5dffeeff8b737fde72/elements - {"using":"xpath","value":"//bdi[text()=\"OK\"]"}
RESULT: {"using":"xpath","value":"//bdi[text()=\"OK\"]"}
COMMAND: POST /session/e98a8c3f8e564d5dffeeff8b737fde72/elements - {"using":"xpath","value":"//bdi[text()=\"OK\"]"}
RESULT: {"using":"xpath","value":"//bdi[text()=\"OK\"]"}
COMMAND: POST /session/e98a8c3f8e564d5dffeeff8b737fde72/elements - {"using":"xpath","value":"//bdi[text()=\"OK\"]"}
RESULT: {"using":"xpath","value":"//bdi[text()=\"OK\"]"}
COMMAND: POST /session/e98a8c3f8e564d5dffeeff8b737fde72/elements - {"using":"xpath","value":"//bdi[text()=\"OK\"]"}
RESULT: {"using":"xpath","value":"//bdi[text()=\"OK\"]"}
COMMAND: POST /session/e98a8c3f8e564d5dffeeff8b737fde72/elements - {"using":"xpath","value":"//bdi[text()=\"OK\"]"}
RESULT: {"using":"xpath","value":"//bdi[text()=\"OK\"]"}
COMMAND: POST /session/e98a8c3f8e564d5dffeeff8b737fde72/elements - {"using":"xpath","value":"//bdi[text()=\"OK\"]"}
RESULT: {"using":"xpath","value":"//bdi[text()=\"OK\"]"}
COMMAND: POST /session/e98a8c3f8e564d5dffeeff8b737fde72/elements - {"using":"xpath","value":"//bdi[text()=\"OK\"]"}
RESULT: {"using":"xpath","value":"//bdi[text()=\"OK\"]"}
COMMAND: POST /session/e98a8c3f8e564d5dffeeff8b737fde72/elements - {"using":"xpath","value":"//bdi[text()=\"OK\"]"}
RESULT: {"using":"xpath","value":"//bdi[text()=\"OK\"]"}
COMMAND: POST /session/e98a8c3f8e564d5dffeeff8b737fde72/elements - {"using":"xpath","value":"//bdi[text()=\"OK\"]"}
RESULT: {"using":"xpath","value":"//bdi[text()=\"OK\"]"}
COMMAND: POST /session/e98a8c3f8e564d5dffeeff8b737fde72/elements - {"using":"xpath","value":"//bdi[text()=\"OK\"]"}
RESULT: {"using":"xpath","value":"//bdi[text()=\"OK\"]"}
COMMAND: POST /session/e98a8c3f8e564d5dffeeff8b737fde72/elements - {"using":"xpath","value":"//bdi[text()=\"OK\"]"}
RESULT: {"using":"xpath","value":"//bdi[text()=\"OK\"]"}
COMMAND: POST /session/e98a8c3f8e564d5dffeeff8b737fde72/elements - {"using":"xpath","value":"//bdi[text()=\"OK\"]"}
RESULT: {"using":"xpath","value":"//bdi[text()=\"OK\"]"}
COMMAND: POST /session/e98a8c3f8e564d5dffeeff8b737fde72/elements - {"using":"xpath","value":"//bdi[text()=\"OK\"]"}
RESULT: {"using":"xpath","value":"//bdi[text()=\"OK\"]"}
COMMAND: POST /session/e98a8c3f8e564d5dffeeff8b737fde72/elements - {"using":"xpath","value":"//bdi[text()=\"OK\"]"}
RESULT: {"using":"xpath","value":"//bdi[text()=\"OK\"]"}
COMMAND: POST /session/e98a8c3f8e564d5dffeeff8b737fde72/elements - {"using":"xpath","value":"//bdi[text()=\"OK\"]"}
RESULT: {"using":"xpath","value":"//bdi[text()=\"OK\"]"}
COMMAND: POST /session/e98a8c3f8e564d5dffeeff8b737fde72/elements - {"using":"xpath","value":"//bdi[text()=\"OK\"]"}
RESULT: {"using":"xpath","value":"//bdi[text()=\"OK\"]"}
COMMAND: POST /session/e98a8c3f8e564d5dffeeff8b737fde72/elements - {"using":"xpath","value":"//bdi[text()=\"OK\"]"}
RESULT: {"using":"xpath","value":"//bdi[text()=\"OK\"]"}
COMMAND: POST /session/e98a8c3f8e564d5dffeeff8b737fde72/elements - {"using":"xpath","value":"//bdi[text()=\"OK\"]"}
RESULT: {"using":"xpath","value":"//bdi[text()=\"OK\"]"}
COMMAND: POST /session/e98a8c3f8e564d5dffeeff8b737fde72/elements - {"using":"xpath","value":"//bdi[text()=\"OK\"]"}
RESULT: {"using":"xpath","value":"//bdi[text()=\"OK\"]"}
COMMAND: POST /session/e98a8c3f8e564d5dffeeff8b737fde72/elements - {"using":"xpath","value":"//bdi[text()=\"OK\"]"}
RESULT: {"using":"xpath","value":"//bdi[text()=\"OK\"]"}
COMMAND: POST /session/e98a8c3f8e564d5dffeeff8b737fde72/elements - {"using":"xpath","value":"//bdi[text()=\"OK\"]"}
RESULT: {"using":"xpath","value":"//bdi[text()=\"OK\"]"}
COMMAND: POST /session/e98a8c3f8e564d5dffeeff8b737fde72/elements - {"using":"xpath","value":"//bdi[text()=\"OK\"]"}
RESULT: {"using":"xpath","value":"//bdi[text()=\"OK\"]"}
COMMAND: POST /session/e98a8c3f8e564d5dffeeff8b737fde72/elements - {"using":"xpath","value":"//bdi[text()=\"OK\"]"}
RESULT: {"using":"xpath","value":"//bdi[text()=\"OK\"]"}
COMMAND: POST /session/e98a8c3f8e564d5dffeeff8b737fde72/elements - {"using":"xpath","value":"//bdi[text()=\"OK\"]"}
RESULT: {"using":"xpath","value":"//bdi[text()=\"OK\"]"}
COMMAND: POST /session/e98a8c3f8e564d5dffeeff8b737fde72/elements - {"using":"xpath","value":"//bdi[text()=\"OK\"]"}
RESULT: {"using":"xpath","value":"//bdi[text()=\"OK\"]"}
COMMAND: POST /session/e98a8c3f8e564d5dffeeff8b737fde72/elements - {"using":"xpath","value":"//bdi[text()=\"OK\"]"}
RESULT: {"using":"xpath","value":"//bdi[text()=\"OK\"]"}
COMMAND: POST /session/e98a8c3f8e564d5dffeeff8b737fde72/elements - {"using":"xpath","value":"//bdi[text()=\"OK\"]"}
RESULT: {"using":"xpath","value":"//bdi[text()=\"OK\"]"}
COMMAND: POST /session/e98a8c3f8e564d5dffeeff8b737fde72/elements - {"using":"xpath","value":"//bdi[text()=\"OK\"]"}
RESULT: {"using":"xpath","value":"//bdi[text()=\"OK\"]"}
COMMAND: POST /session/e98a8c3f8e564d5dffeeff8b737fde72/elements - {"using":"xpath","value":"//bdi[text()=\"OK\"]"}
RESULT: {"using":"xpath","value":"//bdi[text()=\"OK\"]"}
COMMAND: POST /session/e98a8c3f8e564d5dffeeff8b737fde72/elements - {"using":"xpath","value":"//bdi[text()=\"OK\"]"}
RESULT: {"using":"xpath","value":"//bdi[text()=\"OK\"]"}
COMMAND: POST /session/e98a8c3f8e564d5dffeeff8b737fde72/elements - {"using":"xpath","value":"//bdi[text()=\"OK\"]"}
RESULT: {"using":"xpath","value":"//bdi[text()=\"OK\"]"}
COMMAND: POST /session/e98a8c3f8e564d5dffeeff8b737fde72/elements - {"using":"xpath","value":"//bdi[text()=\"OK\"]"}
RESULT: {"using":"xpath","value":"//bdi[text()=\"OK\"]"}
COMMAND: POST /session/e98a8c3f8e564d5dffeeff8b737fde72/elements - {"using":"xpath","value":"//bdi[text()=\"OK\"]"}
RESULT: {"using":"xpath","value":"//bdi[text()=\"OK\"]"}
COMMAND: POST /session/e98a8c3f8e564d5dffeeff8b737fde72/elements - {"using":"xpath","value":"//bdi[text()=\"OK\"]"}
RESULT: {"using":"xpath","value":"//bdi[text()=\"OK\"]"}
COMMAND: POST /session/e98a8c3f8e564d5dffeeff8b737fde72/elements - {"using":"xpath","value":"//bdi[text()=\"OK\"]"}
RESULT: {"using":"xpath","value":"//bdi[text()=\"OK\"]"}
COMMAND: POST /session/e98a8c3f8e564d5dffeeff8b737fde72/elements - {"using":"xpath","value":"//bdi[text()=\"OK\"]"}
RESULT: {"using":"xpath","value":"//bdi[text()=\"OK\"]"}
COMMAND: POST /session/e98a8c3f8e564d5dffeeff8b737fde72/elements - {"using":"xpath","value":"//bdi[text()=\"OK\"]"}
RESULT: {"using":"xpath","value":"//bdi[text()=\"OK\"]"}
COMMAND: POST /session/e98a8c3f8e564d5dffeeff8b737fde72/elements - {"using":"xpath","value":"//bdi[text()=\"OK\"]"}
RESULT: {"using":"xpath","value":"//bdi[text()=\"OK\"]"}
COMMAND: POST /session/e98a8c3f8e564d5dffeeff8b737fde72/elements - {"using":"xpath","value":"//bdi[text()=\"OK\"]"}
RESULT: {"using":"xpath","value":"//bdi[text()=\"OK\"]"}
COMMAND: POST /session/e98a8c3f8e564d5dffeeff8b737fde72/elements - {"using":"xpath","value":"//bdi[text()=\"OK\"]"}
RESULT: {"using":"xpath","value":"//bdi[text()=\"OK\"]"}
COMMAND: POST /session/e98a8c3f8e564d5dffeeff8b737fde72/elements - {"using":"xpath","value":"//bdi[text()=\"OK\"]"}
RESULT: {"using":"xpath","value":"//bdi[text()=\"OK\"]"}
COMMAND: POST /session/e98a8c3f8e564d5dffeeff8b737fde72/elements - {"using":"xpath","value":"//bdi[text()=\"OK\"]"}
RESULT: {"using":"xpath","value":"//bdi[text()=\"OK\"]"}
COMMAND: POST /session/e98a8c3f8e564d5dffeeff8b737fde72/elements - {"using":"xpath","value":"//bdi[text()=\"OK\"]"}
RESULT: {"using":"xpath","value":"//bdi[text()=\"OK\"]"}
COMMAND: POST /session/e98a8c3f8e564d5dffeeff8b737fde72/elements - {"using":"xpath","value":"//bdi[text()=\"OK\"]"}
RESULT: {"using":"xpath","value":"//bdi[text()=\"OK\"]"}
COMMAND: POST /session/e98a8c3f8e564d5dffeeff8b737fde72/elements - {"using":"xpath","value":"//bdi[text()=\"OK\"]"}
RESULT: {"using":"xpath","value":"//bdi[text()=\"OK\"]"}
COMMAND: POST /session/e98a8c3f8e564d5dffeeff8b737fde72/elements - {"using":"xpath","value":"//bdi[text()=\"OK\"]"}
RESULT: {"using":"xpath","value":"//bdi[text()=\"OK\"]"}
COMMAND: POST /session/e98a8c3f8e564d5dffeeff8b737fde72/elements - {"using":"xpath","value":"//bdi[text()=\"OK\"]"}
RESULT: {"using":"xpath","value":"//bdi[text()=\"OK\"]"}
COMMAND: POST /session/e98a8c3f8e564d5dffeeff8b737fde72/elements - {"using":"xpath","value":"//bdi[text()=\"OK\"]"}
RESULT: {"using":"xpath","value":"//bdi[text()=\"OK\"]"}
COMMAND: POST /session/e98a8c3f8e564d5dffeeff8b737fde72/elements - {"using":"xpath","value":"//bdi[text()=\"OK\"]"}
RESULT: {"using":"xpath","value":"//bdi[text()=\"OK\"]"}
COMMAND: POST /session/e98a8c3f8e564d5dffeeff8b737fde72/elements - {"using":"xpath","value":"//bdi[text()=\"OK\"]"}
RESULT: {"using":"xpath","value":"//bdi[text()=\"OK\"]"}
COMMAND: POST /session/e98a8c3f8e564d5dffeeff8b737fde72/elements - {"using":"xpath","value":"//bdi[text()=\"OK\"]"}
RESULT: {"using":"xpath","value":"//bdi[text()=\"OK\"]"}
COMMAND: POST /session/e98a8c3f8e564d5dffeeff8b737fde72/elements - {"using":"xpath","value":"//bdi[text()=\"OK\"]"}
RESULT: {"using":"xpath","value":"//bdi[text()=\"OK\"]"}
COMMAND: POST /session/e98a8c3f8e564d5dffeeff8b737fde72/elements - {"using":"xpath","value":"//bdi[text()=\"OK\"]"}
RESULT: {"using":"xpath","value":"//bdi[text()=\"OK\"]"}
COMMAND: POST /session/e98a8c3f8e564d5dffeeff8b737fde72/elements - {"using":"xpath","value":"//bdi[text()=\"OK\"]"}
RESULT: {"using":"xpath","value":"//bdi[text()=\"OK\"]"}
COMMAND: POST /session/e98a8c3f8e564d5dffeeff8b737fde72/elements - {"using":"xpath","value":"//bdi[text()=\"OK\"]"}
RESULT: {"using":"xpath","value":"//bdi[text()=\"OK\"]"}
COMMAND: POST /session/e98a8c3f8e564d5dffeeff8b737fde72/elements - {"using":"xpath","value":"//bdi[text()=\"OK\"]"}
RESULT: {"using":"xpath","value":"//bdi[text()=\"OK\"]"}
COMMAND: POST /session/e98a8c3f8e564d5dffeeff8b737fde72/elements - {"using":"xpath","value":"//bdi[text()=\"OK\"]"}
RESULT: {"using":"xpath","value":"//bdi[text()=\"OK\"]"}
COMMAND: POST /session/e98a8c3f8e564d5dffeeff8b737fde72/elements - {"using":"xpath","value":"//bdi[text()=\"OK\"]"}
RESULT: {"using":"xpath","value":"//bdi[text()=\"OK\"]"}
COMMAND: POST /session/e98a8c3f8e564d5dffeeff8b737fde72/elements - {"using":"xpath","value":"//bdi[text()=\"OK\"]"}
RESULT: {"using":"xpath","value":"//bdi[text()=\"OK\"]"}
COMMAND: POST /session/e98a8c3f8e564d5dffeeff8b737fde72/elements - {"using":"xpath","value":"//bdi[text()=\"OK\"]"}
RESULT: {"using":"xpath","value":"//bdi[text()=\"OK\"]"}
COMMAND: POST /session/e98a8c3f8e564d5dffeeff8b737fde72/elements - {"using":"xpath","value":"//bdi[text()=\"OK\"]"}
RESULT: {"using":"xpath","value":"//bdi[text()=\"OK\"]"}
COMMAND: POST /session/e98a8c3f8e564d5dffeeff8b737fde72/elements - {"using":"xpath","value":"//bdi[text()=\"OK\"]"}
RESULT: {"using":"xpath","value":"//bdi[text()=\"OK\"]"}
COMMAND: POST /session/e98a8c3f8e564d5dffeeff8b737fde72/elements - {"using":"xpath","value":"//bdi[text()=\"OK\"]"}
RESULT: {"using":"xpath","value":"//bdi[text()=\"OK\"]"}
COMMAND: POST /session/e98a8c3f8e564d5dffeeff8b737fde72/elements - {"using":"xpath","value":"//bdi[text()=\"OK\"]"}
RESULT: {"using":"xpath","value":"//bdi[text()=\"OK\"]"}
COMMAND: POST /session/e98a8c3f8e564d5dffeeff8b737fde72/elements - {"using":"xpath","value":"//bdi[text()=\"OK\"]"}
RESULT: {"using":"xpath","value":"//bdi[text()=\"OK\"]"}
COMMAND: POST /session/e98a8c3f8e564d5dffeeff8b737fde72/elements - {"using":"xpath","value":"//bdi[text()=\"OK\"]"}
RESULT: {"using":"xpath","value":"//bdi[text()=\"OK\"]"}
COMMAND: POST /session/e98a8c3f8e564d5dffeeff8b737fde72/elements - {"using":"xpath","value":"//bdi[text()=\"OK\"]"}
RESULT: {"using":"xpath","value":"//bdi[text()=\"OK\"]"}
COMMAND: POST /session/e98a8c3f8e564d5dffeeff8b737fde72/elements - {"using":"xpath","value":"//bdi[text()=\"OK\"]"}
RESULT: {"using":"xpath","value":"//bdi[text()=\"OK\"]"}
COMMAND: POST /session/e98a8c3f8e564d5dffeeff8b737fde72/elements - {"using":"xpath","value":"//bdi[text()=\"OK\"]"}
RESULT: {"using":"xpath","value":"//bdi[text()=\"OK\"]"}
COMMAND: POST /session/e98a8c3f8e564d5dffeeff8b737fde72/elements - {"using":"xpath","value":"//bdi[text()=\"OK\"]"}
RESULT: {"using":"xpath","value":"//bdi[text()=\"OK\"]"}
COMMAND: POST /session/e98a8c3f8e564d5dffeeff8b737fde72/elements - {"using":"xpath","value":"//bdi[text()=\"OK\"]"}
RESULT: {"using":"xpath","value":"//bdi[text()=\"OK\"]"}
COMMAND: POST /session/e98a8c3f8e564d5dffeeff8b737fde72/elements - {"using":"xpath","value":"//bdi[text()=\"OK\"]"}
RESULT: {"using":"xpath","value":"//bdi[text()=\"OK\"]"}
COMMAND: POST /session/e98a8c3f8e564d5dffeeff8b737fde72/elements - {"using":"xpath","value":"//bdi[text()=\"OK\"]"}
RESULT: {"using":"xpath","value":"//bdi[text()=\"OK\"]"}
COMMAND: POST /session/e98a8c3f8e564d5dffeeff8b737fde72/elements - {"using":"xpath","value":"//bdi[text()=\"OK\"]"}
RESULT: {"using":"xpath","value":"//bdi[text()=\"OK\"]"}
COMMAND: POST /session/e98a8c3f8e564d5dffeeff8b737fde72/elements - {"using":"xpath","value":"//bdi[text()=\"OK\"]"}
RESULT: {"using":"xpath","value":"//bdi[text()=\"OK\"]"}
COMMAND: POST /session/e98a8c3f8e564d5dffeeff8b737fde72/elements - {"using":"xpath","value":"//bdi[text()=\"OK\"]"}
RESULT: {"using":"xpath","value":"//bdi[text()=\"OK\"]"}
COMMAND: POST /session/e98a8c3f8e564d5dffeeff8b737fde72/elements - {"using":"xpath","value":"//bdi[text()=\"OK\"]"}
RESULT: {"using":"xpath","value":"//bdi[text()=\"OK\"]"}
COMMAND: POST /session/e98a8c3f8e564d5dffeeff8b737fde72/element - {"using":"xpath","value":"//bdi[text()=\"OK\"]"}
RESULT: {"using":"xpath","value":"//bdi[text()=\"OK\"]"}
COMMAND: POST /session/e98a8c3f8e564d5dffeeff8b737fde72/elements - {"using":"xpath","value":"//bdi[text()=\"OK\"]"}
RESULT: {"using":"xpath","value":"//bdi[text()=\"OK\"]"}
COMMAND: POST /session/e98a8c3f8e564d5dffeeff8b737fde72/elements - {"using":"xpath","value":"//bdi[text()=\"OK\"]"}
RESULT: {"using":"xpath","value":"//bdi[text()=\"OK\"]"}
COMMAND: POST /session/e98a8c3f8e564d5dffeeff8b737fde72/elements - {"using":"xpath","value":"//bdi[text()=\"OK\"]"}
RESULT: {"using":"xpath","value":"//bdi[text()=\"OK\"]"}
COMMAND: POST /session/e98a8c3f8e564d5dffeeff8b737fde72/elements - {"using":"xpath","value":"//bdi[text()=\"OK\"]"}
RESULT: {"using":"xpath","value":"//bdi[text()=\"OK\"]"}
COMMAND: POST /session/e98a8c3f8e564d5dffeeff8b737fde72/elements - {"using":"xpath","value":"//bdi[text()=\"OK\"]"}
RESULT: {"using":"xpath","value":"//bdi[text()=\"OK\"]"}
COMMAND: POST /session/e98a8c3f8e564d5dffeeff8b737fde72/elements - {"using":"xpath","value":"//bdi[text()=\"OK\"]"}
RESULT: {"using":"xpath","value":"//bdi[text()=\"OK\"]"}
COMMAND: POST /session/e98a8c3f8e564d5dffeeff8b737fde72/elements - {"using":"xpath","value":"//bdi[text()=\"OK\"]"}
RESULT: {"using":"xpath","value":"//bdi[text()=\"OK\"]"}
COMMAND: POST /session/e98a8c3f8e564d5dffeeff8b737fde72/elements - {"using":"xpath","value":"//bdi[text()=\"OK\"]"}
RESULT: {"using":"xpath","value":"//bdi[text()=\"OK\"]"}
COMMAND: POST /session/e98a8c3f8e564d5dffeeff8b737fde72/elements - {"using":"xpath","value":"//bdi[text()=\"OK\"]"}
RESULT: {"using":"xpath","value":"//bdi[text()=\"OK\"]"}
COMMAND: POST /session/e98a8c3f8e564d5dffeeff8b737fde72/elements - {"using":"xpath","value":"//bdi[text()=\"OK\"]"}
RESULT: {"using":"xpath","value":"//bdi[text()=\"OK\"]"}
COMMAND: POST /session/e98a8c3f8e564d5dffeeff8b737fde72/elements - {"using":"xpath","value":"//bdi[text()=\"OK\"]"}
RESULT: {"using":"xpath","value":"//bdi[text()=\"OK\"]"}
COMMAND: POST /session/e98a8c3f8e564d5dffeeff8b737fde72/elements - {"using":"xpath","value":"//bdi[text()=\"OK\"]"}
RESULT: {"using":"xpath","value":"//bdi[text()=\"OK\"]"}
COMMAND: POST /session/e98a8c3f8e564d5dffeeff8b737fde72/elements - {"using":"xpath","value":"//bdi[text()=\"OK\"]"}
RESULT: {"using":"xpath","value":"//bdi[text()=\"OK\"]"}
COMMAND: POST /session/e98a8c3f8e564d5dffeeff8b737fde72/elements - {"using":"xpath","value":"//bdi[text()=\"OK\"]"}
RESULT: {"using":"xpath","value":"//bdi[text()=\"OK\"]"}
COMMAND: POST /session/e98a8c3f8e564d5dffeeff8b737fde72/elements - {"using":"xpath","value":"//bdi[text()=\"OK\"]"}
RESULT: {"using":"xpath","value":"//bdi[text()=\"OK\"]"}
COMMAND: POST /session/e98a8c3f8e564d5dffeeff8b737fde72/elements - {"using":"xpath","value":"//bdi[text()=\"OK\"]"}
RESULT: {"using":"xpath","value":"//bdi[text()=\"OK\"]"}
COMMAND: POST /session/e98a8c3f8e564d5dffeeff8b737fde72/elements - {"using":"xpath","value":"//bdi[text()=\"OK\"]"}
RESULT: {"using":"xpath","value":"//bdi[text()=\"OK\"]"}
COMMAND: POST /session/e98a8c3f8e564d5dffeeff8b737fde72/elements - {"using":"xpath","value":"//bdi[text()=\"OK\"]"}
RESULT: {"using":"xpath","value":"//bdi[text()=\"OK\"]"}
COMMAND: POST /session/e98a8c3f8e564d5dffeeff8b737fde72/elements - {"using":"xpath","value":"//bdi[text()=\"OK\"]"}
RESULT: {"using":"xpath","value":"//bdi[text()=\"OK\"]"}
COMMAND: POST /session/e98a8c3f8e564d5dffeeff8b737fde72/elements - {"using":"xpath","value":"//bdi[text()=\"OK\"]"}
RESULT: {"using":"xpath","value":"//bdi[text()=\"OK\"]"}
COMMAND: POST /session/e98a8c3f8e564d5dffeeff8b737fde72/elements - {"using":"xpath","value":"//bdi[text()=\"OK\"]"}
RESULT: {"using":"xpath","value":"//bdi[text()=\"OK\"]"}
COMMAND: POST /session/e98a8c3f8e564d5dffeeff8b737fde72/elements - {"using":"xpath","value":"//bdi[text()=\"OK\"]"}
RESULT: {"using":"xpath","value":"//bdi[text()=\"OK\"]"}
COMMAND: POST /session/e98a8c3f8e564d5dffeeff8b737fde72/elements - {"using":"xpath","value":"//bdi[text()=\"OK\"]"}
RESULT: {"using":"xpath","value":"//bdi[text()=\"OK\"]"}
COMMAND: POST /session/e98a8c3f8e564d5dffeeff8b737fde72/elements - {"using":"xpath","value":"//bdi[text()=\"OK\"]"}
RESULT: {"using":"xpath","value":"//bdi[text()=\"OK\"]"}
COMMAND: POST /session/e98a8c3f8e564d5dffeeff8b737fde72/elements - {"using":"xpath","value":"//bdi[text()=\"OK\"]"}
RESULT: {"using":"xpath","value":"//bdi[text()=\"OK\"]"}
COMMAND: POST /session/e98a8c3f8e564d5dffeeff8b737fde72/elements - {"using":"xpath","value":"//bdi[text()=\"OK\"]"}
RESULT: {"using":"xpath","value":"//bdi[text()=\"OK\"]"}
COMMAND: POST /session/e98a8c3f8e564d5dffeeff8b737fde72/elements - {"using":"xpath","value":"//bdi[text()=\"OK\"]"}
RESULT: {"using":"xpath","value":"//bdi[text()=\"OK\"]"}
COMMAND: POST /session/e98a8c3f8e564d5dffeeff8b737fde72/elements - {"using":"xpath","value":"//bdi[text()=\"OK\"]"}
RESULT: {"using":"xpath","value":"//bdi[text()=\"OK\"]"}
COMMAND: POST /session/e98a8c3f8e564d5dffeeff8b737fde72/elements - {"using":"xpath","value":"//bdi[text()=\"OK\"]"}
RESULT: {"using":"xpath","value":"//bdi[text()=\"OK\"]"}
COMMAND: POST /session/e98a8c3f8e564d5dffeeff8b737fde72/elements - {"using":"xpath","value":"//bdi[text()=\"OK\"]"}
RESULT: {"using":"xpath","value":"//bdi[text()=\"OK\"]"}
COMMAND: POST /session/e98a8c3f8e564d5dffeeff8b737fde72/elements - {"using":"xpath","value":"//bdi[text()=\"OK\"]"}
RESULT: {"using":"xpath","value":"//bdi[text()=\"OK\"]"}
COMMAND: POST /session/e98a8c3f8e564d5dffeeff8b737fde72/elements - {"using":"xpath","value":"//bdi[text()=\"OK\"]"}
RESULT: {"using":"xpath","value":"//bdi[text()=\"OK\"]"}
COMMAND: POST /session/e98a8c3f8e564d5dffeeff8b737fde72/elements - {"using":"xpath","value":"//bdi[text()=\"OK\"]"}
RESULT: {"using":"xpath","value":"//bdi[text()=\"OK\"]"}
COMMAND: POST /session/e98a8c3f8e564d5dffeeff8b737fde72/elements - {"using":"xpath","value":"//bdi[text()=\"OK\"]"}
RESULT: {"using":"xpath","value":"//bdi[text()=\"OK\"]"}
COMMAND: POST /session/e98a8c3f8e564d5dffeeff8b737fde72/elements - {"using":"xpath","value":"//bdi[text()=\"OK\"]"}
RESULT: {"using":"xpath","value":"//bdi[text()=\"OK\"]"}
COMMAND: POST /session/e98a8c3f8e564d5dffeeff8b737fde72/elements - {"using":"xpath","value":"//bdi[text()=\"OK\"]"}
RESULT: {"using":"xpath","value":"//bdi[text()=\"OK\"]"}
COMMAND: POST /session/e98a8c3f8e564d5dffeeff8b737fde72/elements - {"using":"xpath","value":"//bdi[text()=\"OK\"]"}
RESULT: {"using":"xpath","value":"//bdi[text()=\"OK\"]"}
COMMAND: POST /session/e98a8c3f8e564d5dffeeff8b737fde72/elements - {"using":"xpath","value":"//bdi[text()=\"OK\"]"}
RESULT: {"using":"xpath","value":"//bdi[text()=\"OK\"]"}
COMMAND: POST /session/e98a8c3f8e564d5dffeeff8b737fde72/elements - {"using":"xpath","value":"//bdi[text()=\"OK\"]"}
RESULT: {"using":"xpath","value":"//bdi[text()=\"OK\"]"}
COMMAND: POST /session/e98a8c3f8e564d5dffeeff8b737fde72/elements - {"using":"xpath","value":"//bdi[text()=\"OK\"]"}
RESULT: {"using":"xpath","value":"//bdi[text()=\"OK\"]"}
COMMAND: POST /session/e98a8c3f8e564d5dffeeff8b737fde72/elements - {"using":"xpath","value":"//bdi[text()=\"OK\"]"}
RESULT: {"using":"xpath","value":"//bdi[text()=\"OK\"]"}
COMMAND: POST /session/e98a8c3f8e564d5dffeeff8b737fde72/elements - {"using":"xpath","value":"//bdi[text()=\"OK\"]"}
RESULT: {"using":"xpath","value":"//bdi[text()=\"OK\"]"}
COMMAND: POST /session/e98a8c3f8e564d5dffeeff8b737fde72/elements - {"using":"xpath","value":"//bdi[text()=\"OK\"]"}
RESULT: {"using":"xpath","value":"//bdi[text()=\"OK\"]"}
COMMAND: POST /session/e98a8c3f8e564d5dffeeff8b737fde72/elements - {"using":"xpath","value":"//bdi[text()=\"OK\"]"}
RESULT: {"using":"xpath","value":"//bdi[text()=\"OK\"]"}
COMMAND: POST /session/e98a8c3f8e564d5dffeeff8b737fde72/elements - {"using":"xpath","value":"//bdi[text()=\"OK\"]"}
RESULT: {"using":"xpath","value":"//bdi[text()=\"OK\"]"}
COMMAND: POST /session/e98a8c3f8e564d5dffeeff8b737fde72/elements - {"using":"xpath","value":"//bdi[text()=\"OK\"]"}
RESULT: {"using":"xpath","value":"//bdi[text()=\"OK\"]"}
COMMAND: POST /session/e98a8c3f8e564d5dffeeff8b737fde72/elements - {"using":"xpath","value":"//bdi[text()=\"OK\"]"}
RESULT: {"using":"xpath","value":"//bdi[text()=\"OK\"]"}
COMMAND: POST /session/e98a8c3f8e564d5dffeeff8b737fde72/elements - {"using":"xpath","value":"//bdi[text()=\"OK\"]"}
RESULT: {"using":"xpath","value":"//bdi[text()=\"OK\"]"}
COMMAND: POST /session/e98a8c3f8e564d5dffeeff8b737fde72/elements - {"using":"xpath","value":"//bdi[text()=\"OK\"]"}
RESULT: {"using":"xpath","value":"//bdi[text()=\"OK\"]"}
COMMAND: POST /session/e98a8c3f8e564d5dffeeff8b737fde72/elements - {"using":"xpath","value":"//bdi[text()=\"OK\"]"}
RESULT: {"using":"xpath","value":"//bdi[text()=\"OK\"]"}
COMMAND: POST /session/e98a8c3f8e564d5dffeeff8b737fde72/elements - {"using":"xpath","value":"//bdi[text()=\"OK\"]"}
RESULT: {"using":"xpath","value":"//bdi[text()=\"OK\"]"}
COMMAND: POST /session/e98a8c3f8e564d5dffeeff8b737fde72/elements - {"using":"xpath","value":"//bdi[text()=\"OK\"]"}
RESULT: {"using":"xpath","value":"//bdi[text()=\"OK\"]"}
COMMAND: POST /session/e98a8c3f8e564d5dffeeff8b737fde72/elements - {"using":"xpath","value":"//bdi[text()=\"OK\"]"}
RESULT: {"using":"xpath","value":"//bdi[text()=\"OK\"]"}
COMMAND: POST /session/e98a8c3f8e564d5dffeeff8b737fde72/elements - {"using":"xpath","value":"//bdi[text()=\"OK\"]"}
RESULT: {"using":"xpath","value":"//bdi[text()=\"OK\"]"}
COMMAND: POST /session/e98a8c3f8e564d5dffeeff8b737fde72/elements - {"using":"xpath","value":"//bdi[text()=\"OK\"]"}
RESULT: {"using":"xpath","value":"//bdi[text()=\"OK\"]"}
COMMAND: POST /session/e98a8c3f8e564d5dffeeff8b737fde72/elements - {"using":"xpath","value":"//bdi[text()=\"OK\"]"}
RESULT: {"using":"xpath","value":"//bdi[text()=\"OK\"]"}
COMMAND: POST /session/e98a8c3f8e564d5dffeeff8b737fde72/elements - {"using":"xpath","value":"//bdi[text()=\"OK\"]"}
RESULT: {"using":"xpath","value":"//bdi[text()=\"OK\"]"}
COMMAND: POST /session/e98a8c3f8e564d5dffeeff8b737fde72/elements - {"using":"xpath","value":"//bdi[text()=\"OK\"]"}
RESULT: {"using":"xpath","value":"//bdi[text()=\"OK\"]"}
COMMAND: POST /session/e98a8c3f8e564d5dffeeff8b737fde72/elements - {"using":"xpath","value":"//bdi[text()=\"OK\"]"}
RESULT: {"using":"xpath","value":"//bdi[text()=\"OK\"]"}
COMMAND: POST /session/e98a8c3f8e564d5dffeeff8b737fde72/elements - {"using":"xpath","value":"//bdi[text()=\"OK\"]"}
RESULT: {"using":"xpath","value":"//bdi[text()=\"OK\"]"}
COMMAND: POST /session/e98a8c3f8e564d5dffeeff8b737fde72/elements - {"using":"xpath","value":"//bdi[text()=\"OK\"]"}
RESULT: {"using":"xpath","value":"//bdi[text()=\"OK\"]"}
COMMAND: POST /session/e98a8c3f8e564d5dffeeff8b737fde72/elements - {"using":"xpath","value":"//bdi[text()=\"OK\"]"}
RESULT: {"using":"xpath","value":"//bdi[text()=\"OK\"]"}
COMMAND: POST /session/e98a8c3f8e564d5dffeeff8b737fde72/elements - {"using":"xpath","value":"//bdi[text()=\"OK\"]"}
RESULT: {"using":"xpath","value":"//bdi[text()=\"OK\"]"}
COMMAND: POST /session/e98a8c3f8e564d5dffeeff8b737fde72/elements - {"using":"xpath","value":"//bdi[text()=\"OK\"]"}
RESULT: {"using":"xpath","value":"//bdi[text()=\"OK\"]"}
COMMAND: POST /session/e98a8c3f8e564d5dffeeff8b737fde72/elements - {"using":"xpath","value":"//bdi[text()=\"OK\"]"}
RESULT: {"using":"xpath","value":"//bdi[text()=\"OK\"]"}
COMMAND: POST /session/e98a8c3f8e564d5dffeeff8b737fde72/elements - {"using":"xpath","value":"//bdi[text()=\"OK\"]"}
RESULT: {"using":"xpath","value":"//bdi[text()=\"OK\"]"}
COMMAND: POST /session/e98a8c3f8e564d5dffeeff8b737fde72/elements - {"using":"xpath","value":"//bdi[text()=\"OK\"]"}
RESULT: {"using":"xpath","value":"//bdi[text()=\"OK\"]"}
COMMAND: POST /session/e98a8c3f8e564d5dffeeff8b737fde72/elements - {"using":"xpath","value":"//bdi[text()=\"OK\"]"}
RESULT: {"using":"xpath","value":"//bdi[text()=\"OK\"]"}
COMMAND: POST /session/e98a8c3f8e564d5dffeeff8b737fde72/elements - {"using":"xpath","value":"//bdi[text()=\"OK\"]"}
RESULT: {"using":"xpath","value":"//bdi[text()=\"OK\"]"}
COMMAND: POST /session/e98a8c3f8e564d5dffeeff8b737fde72/elements - {"using":"xpath","value":"//bdi[text()=\"OK\"]"}
RESULT: {"using":"xpath","value":"//bdi[text()=\"OK\"]"}
COMMAND: POST /session/e98a8c3f8e564d5dffeeff8b737fde72/elements - {"using":"xpath","value":"//bdi[text()=\"OK\"]"}
RESULT: {"using":"xpath","value":"//bdi[text()=\"OK\"]"}
COMMAND: POST /session/e98a8c3f8e564d5dffeeff8b737fde72/elements - {"using":"xpath","value":"//bdi[text()=\"OK\"]"}
RESULT: {"using":"xpath","value":"//bdi[text()=\"OK\"]"}
COMMAND: POST /session/e98a8c3f8e564d5dffeeff8b737fde72/elements - {"using":"xpath","value":"//bdi[text()=\"OK\"]"}
RESULT: {"using":"xpath","value":"//bdi[text()=\"OK\"]"}
COMMAND: POST /session/e98a8c3f8e564d5dffeeff8b737fde72/elements - {"using":"xpath","value":"//bdi[text()=\"OK\"]"}
RESULT: {"using":"xpath","value":"//bdi[text()=\"OK\"]"}
COMMAND: POST /session/e98a8c3f8e564d5dffeeff8b737fde72/elements - {"using":"xpath","value":"//bdi[text()=\"OK\"]"}
RESULT: {"using":"xpath","value":"//bdi[text()=\"OK\"]"}
COMMAND: POST /session/e98a8c3f8e564d5dffeeff8b737fde72/elements - {"using":"xpath","value":"//bdi[text()=\"OK\"]"}
RESULT: {"using":"xpath","value":"//bdi[text()=\"OK\"]"}
COMMAND: POST /session/e98a8c3f8e564d5dffeeff8b737fde72/elements - {"using":"xpath","value":"//bdi[text()=\"OK\"]"}
RESULT: {"using":"xpath","value":"//bdi[text()=\"OK\"]"}
COMMAND: POST /session/e98a8c3f8e564d5dffeeff8b737fde72/elements - {"using":"xpath","value":"//bdi[text()=\"OK\"]"}
RESULT: {"using":"xpath","value":"//bdi[text()=\"OK\"]"}
COMMAND: POST /session/e98a8c3f8e564d5dffeeff8b737fde72/elements - {"using":"xpath","value":"//bdi[text()=\"OK\"]"}
RESULT: {"using":"xpath","value":"//bdi[text()=\"OK\"]"}
COMMAND: POST /session/e98a8c3f8e564d5dffeeff8b737fde72/elements - {"using":"xpath","value":"//bdi[text()=\"OK\"]"}
RESULT: {"using":"xpath","value":"//bdi[text()=\"OK\"]"}
COMMAND: POST /session/e98a8c3f8e564d5dffeeff8b737fde72/elements - {"using":"xpath","value":"//bdi[text()=\"OK\"]"}
RESULT: {"using":"xpath","value":"//bdi[text()=\"OK\"]"}
COMMAND: POST /session/e98a8c3f8e564d5dffeeff8b737fde72/elements - {"using":"xpath","value":"//bdi[text()=\"OK\"]"}
RESULT: {"using":"xpath","value":"//bdi[text()=\"OK\"]"}
COMMAND: POST /session/e98a8c3f8e564d5dffeeff8b737fde72/elements - {"using":"xpath","value":"//bdi[text()=\"OK\"]"}
RESULT: {"using":"xpath","value":"//bdi[text()=\"OK\"]"}
COMMAND: POST /session/e98a8c3f8e564d5dffeeff8b737fde72/elements - {"using":"xpath","value":"//bdi[text()=\"OK\"]"}
RESULT: {"using":"xpath","value":"//bdi[text()=\"OK\"]"}
COMMAND: POST /session/e98a8c3f8e564d5dffeeff8b737fde72/elements - {"using":"xpath","value":"//bdi[text()=\"OK\"]"}
RESULT: {"using":"xpath","value":"//bdi[text()=\"OK\"]"}
COMMAND: POST /session/e98a8c3f8e564d5dffeeff8b737fde72/elements - {"using":"xpath","value":"//bdi[text()=\"OK\"]"}
RESULT: {"using":"xpath","value":"//bdi[text()=\"OK\"]"}
COMMAND: POST /session/e98a8c3f8e564d5dffeeff8b737fde72/elements - {"using":"xpath","value":"//bdi[text()=\"OK\"]"}
RESULT: {"using":"xpath","value":"//bdi[text()=\"OK\"]"}
COMMAND: POST /session/e98a8c3f8e564d5dffeeff8b737fde72/elements - {"using":"xpath","value":"//bdi[text()=\"OK\"]"}
RESULT: {"using":"xpath","value":"//bdi[text()=\"OK\"]"}
COMMAND: POST /session/e98a8c3f8e564d5dffeeff8b737fde72/elements - {"using":"xpath","value":"//bdi[text()=\"OK\"]"}
RESULT: {"using":"xpath","value":"//bdi[text()=\"OK\"]"}
COMMAND: POST /session/e98a8c3f8e564d5dffeeff8b737fde72/elements - {"using":"xpath","value":"//bdi[text()=\"OK\"]"}
RESULT: {"using":"xpath","value":"//bdi[text()=\"OK\"]"}
COMMAND: POST /session/e98a8c3f8e564d5dffeeff8b737fde72/elements - {"using":"xpath","value":"//bdi[text()=\"OK\"]"}
RESULT: {"using":"xpath","value":"//bdi[text()=\"OK\"]"}
COMMAND: POST /session/e98a8c3f8e564d5dffeeff8b737fde72/elements - {"using":"xpath","value":"//bdi[text()=\"OK\"]"}
RESULT: {"using":"xpath","value":"//bdi[text()=\"OK\"]"}
COMMAND: POST /session/e98a8c3f8e564d5dffeeff8b737fde72/elements - {"using":"xpath","value":"//bdi[text()=\"OK\"]"}
RESULT: {"using":"xpath","value":"//bdi[text()=\"OK\"]"}
COMMAND: POST /session/e98a8c3f8e564d5dffeeff8b737fde72/elements - {"using":"xpath","value":"//bdi[text()=\"OK\"]"}
RESULT: {"using":"xpath","value":"//bdi[text()=\"OK\"]"}
COMMAND: POST /session/e98a8c3f8e564d5dffeeff8b737fde72/elements - {"using":"xpath","value":"//bdi[text()=\"OK\"]"}
RESULT: {"using":"xpath","value":"//bdi[text()=\"OK\"]"}
COMMAND: POST /session/e98a8c3f8e564d5dffeeff8b737fde72/elements - {"using":"xpath","value":"//bdi[text()=\"OK\"]"}
RESULT: {"using":"xpath","value":"//bdi[text()=\"OK\"]"}
COMMAND: POST /session/e98a8c3f8e564d5dffeeff8b737fde72/elements - {"using":"xpath","value":"//bdi[text()=\"OK\"]"}
RESULT: {"using":"xpath","value":"//bdi[text()=\"OK\"]"}
COMMAND: POST /session/e98a8c3f8e564d5dffeeff8b737fde72/elements - {"using":"xpath","value":"//bdi[text()=\"OK\"]"}
RESULT: {"using":"xpath","value":"//bdi[text()=\"OK\"]"}
COMMAND: POST /session/e98a8c3f8e564d5dffeeff8b737fde72/elements - {"using":"xpath","value":"//bdi[text()=\"OK\"]"}
RESULT: {"using":"xpath","value":"//bdi[text()=\"OK\"]"}
COMMAND: POST /session/e98a8c3f8e564d5dffeeff8b737fde72/elements - {"using":"xpath","value":"//bdi[text()=\"OK\"]"}
RESULT: {"using":"xpath","value":"//bdi[text()=\"OK\"]"}
COMMAND: POST /session/e98a8c3f8e564d5dffeeff8b737fde72/elements - {"using":"xpath","value":"//bdi[text()=\"OK\"]"}
RESULT: {"using":"xpath","value":"//bdi[text()=\"OK\"]"}
COMMAND: POST /session/e98a8c3f8e564d5dffeeff8b737fde72/elements - {"using":"xpath","value":"//bdi[text()=\"OK\"]"}
RESULT: {"using":"xpath","value":"//bdi[text()=\"OK\"]"}
COMMAND: POST /session/e98a8c3f8e564d5dffeeff8b737fde72/elements - {"using":"xpath","value":"//bdi[text()=\"OK\"]"}
RESULT: {"using":"xpath","value":"//bdi[text()=\"OK\"]"}
COMMAND: POST /session/e98a8c3f8e564d5dffeeff8b737fde72/elements - {"using":"xpath","value":"//bdi[text()=\"OK\"]"}
RESULT: {"using":"xpath","value":"//bdi[text()=\"OK\"]"}
COMMAND: POST /session/e98a8c3f8e564d5dffeeff8b737fde72/elements - {"using":"xpath","value":"//bdi[text()=\"OK\"]"}
RESULT: {"using":"xpath","value":"//bdi[text()=\"OK\"]"}
COMMAND: POST /session/e98a8c3f8e564d5dffeeff8b737fde72/elements - {"using":"xpath","value":"//bdi[text()=\"OK\"]"}
RESULT: {"using":"xpath","value":"//bdi[text()=\"OK\"]"}
COMMAND: POST /session/e98a8c3f8e564d5dffeeff8b737fde72/elements - {"using":"xpath","value":"//bdi[text()=\"OK\"]"}
RESULT: {"using":"xpath","value":"//bdi[text()=\"OK\"]"}
COMMAND: POST /session/e98a8c3f8e564d5dffeeff8b737fde72/elements - {"using":"xpath","value":"//bdi[text()=\"OK\"]"}
RESULT: {"using":"xpath","value":"//bdi[text()=\"OK\"]"}
COMMAND: POST /session/e98a8c3f8e564d5dffeeff8b737fde72/elements - {"using":"xpath","value":"//bdi[text()=\"OK\"]"}
RESULT: {"using":"xpath","value":"//bdi[text()=\"OK\"]"}
COMMAND: POST /session/e98a8c3f8e564d5dffeeff8b737fde72/elements - {"using":"xpath","value":"//bdi[text()=\"OK\"]"}
RESULT: {"using":"xpath","value":"//bdi[text()=\"OK\"]"}
COMMAND: POST /session/e98a8c3f8e564d5dffeeff8b737fde72/elements - {"using":"xpath","value":"//bdi[text()=\"OK\"]"}
RESULT: {"using":"xpath","value":"//bdi[text()=\"OK\"]"}
COMMAND: POST /session/e98a8c3f8e564d5dffeeff8b737fde72/elements - {"using":"xpath","value":"//bdi[text()=\"OK\"]"}
RESULT: {"using":"xpath","value":"//bdi[text()=\"OK\"]"}
COMMAND: POST /session/e98a8c3f8e564d5dffeeff8b737fde72/elements - {"using":"xpath","value":"//bdi[text()=\"OK\"]"}
RESULT: {"using":"xpath","value":"//bdi[text()=\"OK\"]"}
COMMAND: POST /session/e98a8c3f8e564d5dffeeff8b737fde72/elements - {"using":"xpath","value":"//bdi[text()=\"OK\"]"}
RESULT: {"using":"xpath","value":"//bdi[text()=\"OK\"]"}
COMMAND: POST /session/e98a8c3f8e564d5dffeeff8b737fde72/elements - {"using":"xpath","value":"//bdi[text()=\"OK\"]"}
RESULT: {"using":"xpath","value":"//bdi[text()=\"OK\"]"}
COMMAND: POST /session/e98a8c3f8e564d5dffeeff8b737fde72/elements - {"using":"xpath","value":"//bdi[text()=\"OK\"]"}
RESULT: {"using":"xpath","value":"//bdi[text()=\"OK\"]"}
COMMAND: POST /session/e98a8c3f8e564d5dffeeff8b737fde72/elements - {"using":"xpath","value":"//bdi[text()=\"OK\"]"}
RESULT: {"using":"xpath","value":"//bdi[text()=\"OK\"]"}
COMMAND: POST /session/e98a8c3f8e564d5dffeeff8b737fde72/elements - {"using":"xpath","value":"//bdi[text()=\"OK\"]"}
RESULT: {"using":"xpath","value":"//bdi[text()=\"OK\"]"}
COMMAND: POST /session/e98a8c3f8e564d5dffeeff8b737fde72/elements - {"using":"xpath","value":"//bdi[text()=\"OK\"]"}
RESULT: {"using":"xpath","value":"//bdi[text()=\"OK\"]"}
COMMAND: POST /session/e98a8c3f8e564d5dffeeff8b737fde72/elements - {"using":"xpath","value":"//bdi[text()=\"OK\"]"}
RESULT: {"using":"xpath","value":"//bdi[text()=\"OK\"]"}
COMMAND: POST /session/e98a8c3f8e564d5dffeeff8b737fde72/execute/async - {"script":"<script> [1562 bytes]","args":[{"selector":{"id":"application-manageresources-display-component---newResourceUnit--TYPE-arrow"},"wdio_ui5_key":"applicationmanageresources-display-component---newResourceUnit--TYPE-arrow"}]}
RESULT: {"script":"<script> [1562 bytes]","args":[{"selector":{"id":"application-manageresources-display-component---newResourceUnit--TYPE-arrow"},"wdio_ui5_key":"applicationmanageresources-display-component---newResourceUnit--TYPE-arrow"}]}
RESULT: undefined
COMMAND: POST /session/e98a8c3f8e564d5dffeeff8b737fde72/element - {"using":"xpath","value":"//*[@id=\"application-manageresources-display-component---newResourceUnit--TYPE-arrow\"]"}
RESULT: {"using":"xpath","value":"//*[@id=\"application-manageresources-display-component---newResourceUnit--TYPE-arrow\"]"}
COMMAND: POST /session/e98a8c3f8e564d5dffeeff8b737fde72/element/f.442E653FBE801B9469C6A395343E122D.d.B79C8A71A8635343B5BF6F50FE67784B.e.5529/click - {}
RESULT: {}
COMMAND: POST /session/e98a8c3f8e564d5dffeeff8b737fde72/execute/async - {"script":"<script> [1562 bytes]","args":[{"selector":{"controlType":"sap.m.StandardListItem","viewName":"reusables.view.manageresources.NewResourceUnit","viewId":"application-manageresources-display-component---newResourceUnit","properties":{"title":"Material"},"searchOpenDialogs":true,"interaction":{"idSuffix":"titleText"}},"wdio_ui5_key":"reusablesview.manageresources.NewResourceUnitsap.m.StandardListItem{\"title\":\"Material\"}"}]}
COMMAND: GET /session/e98a8c3f8e564d5dffeeff8b737fde72/screenshot - {}
RESULT: {"script":"<script> [1562 bytes]","args":[{"selector":{"controlType":"sap.m.StandardListItem","viewName":"reusables.view.manageresources.NewResourceUnit","viewId":"application-manageresources-display-component---newResourceUnit","properties":{"title":"Material"},"searchOpenDialogs":true,"interaction":{"idSuffix":"titleText"}},"wdio_ui5_key":"reusablesview.manageresources.NewResourceUnitsap.m.StandardListItem{\"title\":\"Material\"}"}]}
RESULT: undefined
COMMAND: POST /session/e98a8c3f8e564d5dffeeff8b737fde72/element - {"using":"xpath","value":"//*[@id=\"__item142\"]"}
RESULT: {}
RESULT: {"using":"xpath","value":"//*[@id=\"__item142\"]"}
COMMAND: POST /session/e98a8c3f8e564d5dffeeff8b737fde72/element/f.442E653FBE801B9469C6A395343E122D.d.B79C8A71A8635343B5BF6F50FE67784B.e.5532/click - {}
RESULT: {}
COMMAND: POST /session/e98a8c3f8e564d5dffeeff8b737fde72/execute/async - {"script":"<script> [1562 bytes]","args":[{"selector":{"id":"application-manageresources-display-component---newResourceUnit--SHORT_TEXT","interaction":{"idSuffix":"inner"}},"wdio_ui5_key":"applicationmanageresources-display-component---newResourceUnit--SHORT_TEXT"}]}
COMMAND: GET /session/e98a8c3f8e564d5dffeeff8b737fde72/screenshot - {}
RESULT: {"script":"<script> [1562 bytes]","args":[{"selector":{"id":"application-manageresources-display-component---newResourceUnit--SHORT_TEXT","interaction":{"idSuffix":"inner"}},"wdio_ui5_key":"applicationmanageresources-display-component---newResourceUnit--SHORT_TEXT"}]}
RESULT: undefined
COMMAND: POST /session/e98a8c3f8e564d5dffeeff8b737fde72/execute/async - {"script":"<script> [776 bytes]","args":[{"enterText":"WebdriverRU R2C5eni6","selector":{"id":"application-manageresources-display-component---newResourceUnit--SHORT_TEXT","interaction":{"idSuffix":"inner"}},"clearTextFirst":true,"interactionType":"ENTER_TEXT"}]}
RESULT: {}
RESULT: {"script":"<script> [776 bytes]","args":[{"enterText":"WebdriverRU R2C5eni6","selector":{"id":"application-manageresources-display-component---newResourceUnit--SHORT_TEXT","interaction":{"idSuffix":"inner"}},"clearTextFirst":true,"interactionType":"ENTER_TEXT"}]}
COMMAND: POST /session/e98a8c3f8e564d5dffeeff8b737fde72/execute/async - {"script":"<script> [1562 bytes]","args":[{"selector":{"id":"application-manageresources-display-component---newResourceUnit--BASE_UNIT_OF_MEASURE-arrow"},"wdio_ui5_key":"applicationmanageresources-display-component---newResourceUnit--BASE_UNIT_OF_MEASURE-arrow"}]}
RESULT: {"script":"<script> [1562 bytes]","args":[{"selector":{"id":"application-manageresources-display-component---newResourceUnit--BASE_UNIT_OF_MEASURE-arrow"},"wdio_ui5_key":"applicationmanageresources-display-component---newResourceUnit--BASE_UNIT_OF_MEASURE-arrow"}]}
RESULT: undefined
COMMAND: POST /session/e98a8c3f8e564d5dffeeff8b737fde72/element - {"using":"xpath","value":"//*[@id=\"application-manageresources-display-component---newResourceUnit--BASE_UNIT_OF_MEASURE-arrow\"]"}
RESULT: {"using":"xpath","value":"//*[@id=\"application-manageresources-display-component---newResourceUnit--BASE_UNIT_OF_MEASURE-arrow\"]"}
COMMAND: POST /session/e98a8c3f8e564d5dffeeff8b737fde72/element/f.442E653FBE801B9469C6A395343E122D.d.B79C8A71A8635343B5BF6F50FE67784B.e.5590/click - {}
RESULT: {}
COMMAND: POST /session/e98a8c3f8e564d5dffeeff8b737fde72/execute/async - {"script":"<script> [1562 bytes]","args":[{"selector":{"controlType":"sap.m.StandardListItem","viewName":"reusables.view.manageresources.NewResourceUnit","viewId":"application-manageresources-display-component---newResourceUnit","properties":{"title":"Piece"},"searchOpenDialogs":true,"interaction":{"idSuffix":"titleText"}},"wdio_ui5_key":"reusablesview.manageresources.NewResourceUnitsap.m.StandardListItem{\"title\":\"Piece\"}"}]}
COMMAND: GET /session/e98a8c3f8e564d5dffeeff8b737fde72/screenshot - {}
RESULT: {"script":"<script> [1562 bytes]","args":[{"selector":{"controlType":"sap.m.StandardListItem","viewName":"reusables.view.manageresources.NewResourceUnit","viewId":"application-manageresources-display-component---newResourceUnit","properties":{"title":"Piece"},"searchOpenDialogs":true,"interaction":{"idSuffix":"titleText"}},"wdio_ui5_key":"reusablesview.manageresources.NewResourceUnitsap.m.StandardListItem{\"title\":\"Piece\"}"}]}
RESULT: undefined
COMMAND: POST /session/e98a8c3f8e564d5dffeeff8b737fde72/element - {"using":"xpath","value":"//*[@id=\"__item186\"]"}
RESULT: {}
RESULT: {"using":"xpath","value":"//*[@id=\"__item186\"]"}
COMMAND: POST /session/e98a8c3f8e564d5dffeeff8b737fde72/element/f.442E653FBE801B9469C6A395343E122D.d.B79C8A71A8635343B5BF6F50FE67784B.e.5592/click - {}
RESULT: {}
COMMAND: POST /session/e98a8c3f8e564d5dffeeff8b737fde72/execute/async - {"script":"<script> [1562 bytes]","args":[{"selector":{"id":"application-manageresources-display-component---newResourceUnit--WEIGHT_UNIT-arrow"},"wdio_ui5_key":"applicationmanageresources-display-component---newResourceUnit--WEIGHT_UNIT-arrow"}]}
COMMAND: GET /session/e98a8c3f8e564d5dffeeff8b737fde72/screenshot - {}
RESULT: {"script":"<script> [1562 bytes]","args":[{"selector":{"id":"application-manageresources-display-component---newResourceUnit--WEIGHT_UNIT-arrow"},"wdio_ui5_key":"applicationmanageresources-display-component---newResourceUnit--WEIGHT_UNIT-arrow"}]}
RESULT: undefined
COMMAND: POST /session/e98a8c3f8e564d5dffeeff8b737fde72/element - {"using":"xpath","value":"//*[@id=\"application-manageresources-display-component---newResourceUnit--WEIGHT_UNIT-arrow\"]"}
RESULT: {}
RESULT: {"using":"xpath","value":"//*[@id=\"application-manageresources-display-component---newResourceUnit--WEIGHT_UNIT-arrow\"]"}
COMMAND: POST /session/e98a8c3f8e564d5dffeeff8b737fde72/element/f.442E653FBE801B9469C6A395343E122D.d.B79C8A71A8635343B5BF6F50FE67784B.e.5593/click - {}
RESULT: {}
COMMAND: POST /session/e98a8c3f8e564d5dffeeff8b737fde72/execute/async - {"script":"<script> [1562 bytes]","args":[{"selector":{"controlType":"sap.m.StandardListItem","viewName":"reusables.view.manageresources.NewResourceUnit","viewId":"application-manageresources-display-component---newResourceUnit","properties":{"title":"Gram"},"searchOpenDialogs":true,"interaction":{"idSuffix":"content"}},"wdio_ui5_key":"reusablesview.manageresources.NewResourceUnitsap.m.StandardListItem{\"title\":\"Gram\"}"}]}
COMMAND: GET /session/e98a8c3f8e564d5dffeeff8b737fde72/screenshot - {}
RESULT: {"script":"<script> [1562 bytes]","args":[{"selector":{"controlType":"sap.m.StandardListItem","viewName":"reusables.view.manageresources.NewResourceUnit","viewId":"application-manageresources-display-component---newResourceUnit","properties":{"title":"Gram"},"searchOpenDialogs":true,"interaction":{"idSuffix":"content"}},"wdio_ui5_key":"reusablesview.manageresources.NewResourceUnitsap.m.StandardListItem{\"title\":\"Gram\"}"}]}
RESULT: undefined
COMMAND: POST /session/e98a8c3f8e564d5dffeeff8b737fde72/element - {"using":"xpath","value":"//*[@id=\"__item251\"]"}
RESULT: {}
RESULT: {"using":"xpath","value":"//*[@id=\"__item251\"]"}
COMMAND: POST /session/e98a8c3f8e564d5dffeeff8b737fde72/element/f.442E653FBE801B9469C6A395343E122D.d.B79C8A71A8635343B5BF6F50FE67784B.e.5595/click - {}
RESULT: {}
COMMAND: GET /session/e98a8c3f8e564d5dffeeff8b737fde72/screenshot - {}
RESULT: {}
COMMAND: POST /session/e98a8c3f8e564d5dffeeff8b737fde72/execute/async - {"script":"<script> [1562 bytes]","args":[{"selector":{"id":"application-manageresources-display-component---newResourceUnit--newRRUPage-OPHeaderContent-collapseBtn-img"},"wdio_ui5_key":"applicationmanageresources-display-component---newResourceUnit--newRRUPage-OPHeaderContent-collapseBtn-img"}]}
RESULT: {"script":"<script> [1562 bytes]","args":[{"selector":{"id":"application-manageresources-display-component---newResourceUnit--newRRUPage-OPHeaderContent-collapseBtn-img"},"wdio_ui5_key":"applicationmanageresources-display-component---newResourceUnit--newRRUPage-OPHeaderContent-collapseBtn-img"}]}
RESULT: undefined
COMMAND: POST /session/e98a8c3f8e564d5dffeeff8b737fde72/element - {"using":"xpath","value":"//*[@id=\"application-manageresources-display-component---newResourceUnit--newRRUPage-OPHeaderContent-collapseBtn-img\"]"}
RESULT: {"using":"xpath","value":"//*[@id=\"application-manageresources-display-component---newResourceUnit--newRRUPage-OPHeaderContent-collapseBtn-img\"]"}
COMMAND: POST /session/e98a8c3f8e564d5dffeeff8b737fde72/element/f.442E653FBE801B9469C6A395343E122D.d.B79C8A71A8635343B5BF6F50FE67784B.e.5540/click - {}
RESULT: {}
COMMAND: GET /session/e98a8c3f8e564d5dffeeff8b737fde72/screenshot - {}
RESULT: {}
COMMAND: POST /session/e98a8c3f8e564d5dffeeff8b737fde72/element - {"using":"xpath","value":"(//span[contains(@id ,\"application-manageresources-display-component---newResourceUnit--DIMENSION_UNIT-arrow\")])[1]"}
RESULT: {"using":"xpath","value":"(//span[contains(@id ,\"application-manageresources-display-component---newResourceUnit--DIMENSION_UNIT-arrow\")])[1]"}
COMMAND: POST /session/e98a8c3f8e564d5dffeeff8b737fde72/element/f.442E653FBE801B9469C6A395343E122D.d.B79C8A71A8635343B5BF6F50FE67784B.e.5601/click - {}
RESULT: {}
COMMAND: GET /session/e98a8c3f8e564d5dffeeff8b737fde72/screenshot - {}
RESULT: {}
COMMAND: POST /session/e98a8c3f8e564d5dffeeff8b737fde72/execute/async - {"script":"<script> [1562 bytes]","args":[{"selector":{"controlType":"sap.m.StandardListItem","viewName":"reusables.view.manageresources.NewResourceUnit","viewId":"application-manageresources-display-component---newResourceUnit","properties":{"title":"Centimeter"},"searchOpenDialogs":true,"interaction":{"idSuffix":"titleText"}},"wdio_ui5_key":"reusablesview.manageresources.NewResourceUnitsap.m.StandardListItem{\"title\":\"Centimeter\"}"}]}
RESULT: {"script":"<script> [1562 bytes]","args":[{"selector":{"controlType":"sap.m.StandardListItem","viewName":"reusables.view.manageresources.NewResourceUnit","viewId":"application-manageresources-display-component---newResourceUnit","properties":{"title":"Centimeter"},"searchOpenDialogs":true,"interaction":{"idSuffix":"titleText"}},"wdio_ui5_key":"reusablesview.manageresources.NewResourceUnitsap.m.StandardListItem{\"title\":\"Centimeter\"}"}]}
RESULT: undefined
COMMAND: POST /session/e98a8c3f8e564d5dffeeff8b737fde72/element - {"using":"xpath","value":"//*[@id=\"__item254\"]"}
RESULT: {"using":"xpath","value":"//*[@id=\"__item254\"]"}
COMMAND: POST /session/e98a8c3f8e564d5dffeeff8b737fde72/element/f.442E653FBE801B9469C6A395343E122D.d.B79C8A71A8635343B5BF6F50FE67784B.e.5603/click - {}
RESULT: {}
COMMAND: GET /session/e98a8c3f8e564d5dffeeff8b737fde72/screenshot - {}
RESULT: {}
COMMAND: POST /session/e98a8c3f8e564d5dffeeff8b737fde72/execute/async - {"script":"<script> [1562 bytes]","args":[{"selector":{"id":"application-manageresources-display-component---newResourceUnit--newRRUPage-anchBar-application-manageresources-display-component---newResourceUnit--reference-anchor","interaction":{"idSuffix":"BDI-content"}},"wdio_ui5_key":"applicationmanageresources-display-component---newResourceUnit--newRRUPage-anchBar-application-manageresources-display-component---newResourceUnit--reference-anchor"}]}
RESULT: {"script":"<script> [1562 bytes]","args":[{"selector":{"id":"application-manageresources-display-component---newResourceUnit--newRRUPage-anchBar-application-manageresources-display-component---newResourceUnit--reference-anchor","interaction":{"idSuffix":"BDI-content"}},"wdio_ui5_key":"applicationmanageresources-display-component---newResourceUnit--newRRUPage-anchBar-application-manageresources-display-component---newResourceUnit--reference-anchor"}]}
RESULT: undefined
COMMAND: POST /session/e98a8c3f8e564d5dffeeff8b737fde72/element - {"using":"xpath","value":"//*[@id=\"application-manageresources-display-component---newResourceUnit--newRRUPage-anchBar-application-manageresources-display-component---newResourceUnit--reference-anchor\"]"}
RESULT: {"using":"xpath","value":"//*[@id=\"application-manageresources-display-component---newResourceUnit--newRRUPage-anchBar-application-manageresources-display-component---newResourceUnit--reference-anchor\"]"}
COMMAND: POST /session/e98a8c3f8e564d5dffeeff8b737fde72/element/f.442E653FBE801B9469C6A395343E122D.d.B79C8A71A8635343B5BF6F50FE67784B.e.5605/click - {}
RESULT: {}
COMMAND: POST /session/e98a8c3f8e564d5dffeeff8b737fde72/execute/async - {"script":"<script> [1562 bytes]","args":[{"selector":{"id":"application-manageresources-display-component---newResourceUnit--PLANNING_GROUP-arrow"},"wdio_ui5_key":"applicationmanageresources-display-component---newResourceUnit--PLANNING_GROUP-arrow"}]}
COMMAND: GET /session/e98a8c3f8e564d5dffeeff8b737fde72/screenshot - {}
RESULT: {"script":"<script> [1562 bytes]","args":[{"selector":{"id":"application-manageresources-display-component---newResourceUnit--PLANNING_GROUP-arrow"},"wdio_ui5_key":"applicationmanageresources-display-component---newResourceUnit--PLANNING_GROUP-arrow"}]}
RESULT: undefined
COMMAND: POST /session/e98a8c3f8e564d5dffeeff8b737fde72/element - {"using":"xpath","value":"//*[@id=\"application-manageresources-display-component---newResourceUnit--PLANNING_GROUP-arrow\"]"}
RESULT: {}
RESULT: {"using":"xpath","value":"//*[@id=\"application-manageresources-display-component---newResourceUnit--PLANNING_GROUP-arrow\"]"}
COMMAND: POST /session/e98a8c3f8e564d5dffeeff8b737fde72/element/f.442E653FBE801B9469C6A395343E122D.d.B79C8A71A8635343B5BF6F50FE67784B.e.5608/click - {}
RESULT: {}
COMMAND: POST /session/e98a8c3f8e564d5dffeeff8b737fde72/execute/async - {"script":"<script> [1562 bytes]","args":[{"selector":{"controlType":"sap.m.StandardListItem","viewName":"reusables.view.manageresources.NewResourceUnit","viewId":"application-manageresources-display-component---newResourceUnit","properties":{"title":"Heavy Equi"},"searchOpenDialogs":true,"interaction":{"idSuffix":"content"}},"wdio_ui5_key":"reusablesview.manageresources.NewResourceUnitsap.m.StandardListItem{\"title\":\"Heavy Equi\"}"}]}
COMMAND: GET /session/e98a8c3f8e564d5dffeeff8b737fde72/screenshot - {}
RESULT: {"script":"<script> [1562 bytes]","args":[{"selector":{"controlType":"sap.m.StandardListItem","viewName":"reusables.view.manageresources.NewResourceUnit","viewId":"application-manageresources-display-component---newResourceUnit","properties":{"title":"Heavy Equi"},"searchOpenDialogs":true,"interaction":{"idSuffix":"content"}},"wdio_ui5_key":"reusablesview.manageresources.NewResourceUnitsap.m.StandardListItem{\"title\":\"Heavy Equi\"}"}]}
RESULT: undefined
COMMAND: POST /session/e98a8c3f8e564d5dffeeff8b737fde72/element - {"using":"xpath","value":"//*[@id=\"__item262\"]"}
RESULT: {}
RESULT: {"using":"xpath","value":"//*[@id=\"__item262\"]"}
COMMAND: POST /session/e98a8c3f8e564d5dffeeff8b737fde72/element/f.442E653FBE801B9469C6A395343E122D.d.B79C8A71A8635343B5BF6F50FE67784B.e.5612/click - {}
RESULT: {}
COMMAND: GET /session/e98a8c3f8e564d5dffeeff8b737fde72/screenshot - {}
RESULT: {}
COMMAND: POST /session/e98a8c3f8e564d5dffeeff8b737fde72/execute/async - {"script":"<script> [1562 bytes]","args":[{"selector":{"id":"application-manageresources-display-component---newResourceUnit--PLANNING_INDICATOR-arrow"},"wdio_ui5_key":"applicationmanageresources-display-component---newResourceUnit--PLANNING_INDICATOR-arrow"}]}
RESULT: {"script":"<script> [1562 bytes]","args":[{"selector":{"id":"application-manageresources-display-component---newResourceUnit--PLANNING_INDICATOR-arrow"},"wdio_ui5_key":"applicationmanageresources-display-component---newResourceUnit--PLANNING_INDICATOR-arrow"}]}
RESULT: undefined
COMMAND: POST /session/e98a8c3f8e564d5dffeeff8b737fde72/element - {"using":"xpath","value":"//*[@id=\"application-manageresources-display-component---newResourceUnit--PLANNING_INDICATOR-arrow\"]"}
RESULT: {"using":"xpath","value":"//*[@id=\"application-manageresources-display-component---newResourceUnit--PLANNING_INDICATOR-arrow\"]"}
COMMAND: POST /session/e98a8c3f8e564d5dffeeff8b737fde72/element/f.442E653FBE801B9469C6A395343E122D.d.B79C8A71A8635343B5BF6F50FE67784B.e.5613/click - {}
RESULT: {}
COMMAND: POST /session/e98a8c3f8e564d5dffeeff8b737fde72/execute/async - {"script":"<script> [1562 bytes]","args":[{"selector":{"controlType":"sap.m.StandardListItem","viewName":"reusables.view.manageresources.NewResourceUnit","viewId":"application-manageresources-display-component---newResourceUnit","properties":{"title":"10 - infinite"},"searchOpenDialogs":true,"interaction":{"idSuffix":"content"}},"wdio_ui5_key":"reusablesview.manageresources.NewResourceUnitsap.m.StandardListItem{\"title\":\"10 - infinite\"}"}]}
COMMAND: GET /session/e98a8c3f8e564d5dffeeff8b737fde72/screenshot - {}
RESULT: {"script":"<script> [1562 bytes]","args":[{"selector":{"controlType":"sap.m.StandardListItem","viewName":"reusables.view.manageresources.NewResourceUnit","viewId":"application-manageresources-display-component---newResourceUnit","properties":{"title":"10 - infinite"},"searchOpenDialogs":true,"interaction":{"idSuffix":"content"}},"wdio_ui5_key":"reusablesview.manageresources.NewResourceUnitsap.m.StandardListItem{\"title\":\"10 - infinite\"}"}]}
RESULT: undefined
COMMAND: POST /session/e98a8c3f8e564d5dffeeff8b737fde72/element - {"using":"xpath","value":"//*[@id=\"__item272\"]"}
RESULT: {}
RESULT: {"using":"xpath","value":"//*[@id=\"__item272\"]"}
COMMAND: POST /session/e98a8c3f8e564d5dffeeff8b737fde72/element/f.442E653FBE801B9469C6A395343E122D.d.B79C8A71A8635343B5BF6F50FE67784B.e.5615/click - {}
RESULT: {}
COMMAND: GET /session/e98a8c3f8e564d5dffeeff8b737fde72/screenshot - {}
RESULT: {}
COMMAND: POST /session/e98a8c3f8e564d5dffeeff8b737fde72/element - {"using":"xpath","value":"//bdi[contains(text(), \"Time Segment\")]"}
RESULT: {"using":"xpath","value":"//bdi[contains(text(), \"Time Segment\")]"}
COMMAND: GET /session/e98a8c3f8e564d5dffeeff8b737fde72/element/f.442E653FBE801B9469C6A395343E122D.d.B79C8A71A8635343B5BF6F50FE67784B.e.5616/rect - {}
RESULT: {}
COMMAND: GET /session/e98a8c3f8e564d5dffeeff8b737fde72/window/rect - {}
RESULT: {}
COMMAND: POST /session/e98a8c3f8e564d5dffeeff8b737fde72/execute/sync - {"script":"<script> [92 bytes]","args":[]}
RESULT: {"script":"<script> [92 bytes]","args":[]}
COMMAND: POST /session/e98a8c3f8e564d5dffeeff8b737fde72/actions - {"actions":[{"id":"action17","type":"wheel","parameters":{},"actions":[{"type":"scroll","x":-1820,"y":-21,"deltaX":0,"deltaY":0,"duration":0,"origin":{"element-6066-11e4-a52e-4f735466cecf":"f.442E653FBE801B9469C6A395343E122D.d.B79C8A71A8635343B5BF6F50FE67784B.e.5616"}}]}]}
COMMAND: GET /session/e98a8c3f8e564d5dffeeff8b737fde72/screenshot - {}
RESULT: {}
COMMAND: POST /session/e98a8c3f8e564d5dffeeff8b737fde72/execute/sync - {"script":"<script> [79 bytes]","args":[{"element-6066-11e4-a52e-4f735466cecf":"f.442E653FBE801B9469C6A395343E122D.d.B79C8A71A8635343B5BF6F50FE67784B.e.5616","ELEMENT":"f.442E653FBE801B9469C6A395343E122D.d.B79C8A71A8635343B5BF6F50FE67784B.e.5616"},{"block":"start","inline":"nearest"}]}
RESULT: {"script":"<script> [79 bytes]","args":[{"element-6066-11e4-a52e-4f735466cecf":"f.442E653FBE801B9469C6A395343E122D.d.B79C8A71A8635343B5BF6F50FE67784B.e.5616","ELEMENT":"f.442E653FBE801B9469C6A395343E122D.d.B79C8A71A8635343B5BF6F50FE67784B.e.5616"},{"block":"start","inline":"nearest"}]}
COMMAND: GET /session/e98a8c3f8e564d5dffeeff8b737fde72/screenshot - {}
RESULT: {}
COMMAND: POST /session/e98a8c3f8e564d5dffeeff8b737fde72/element - {"using":"xpath","value":"//span[@id=\"application-manageresources-display-component---newResourceUnit--btnAddTimeSegment-img\"]"}
RESULT: {"using":"xpath","value":"//span[@id=\"application-manageresources-display-component---newResourceUnit--btnAddTimeSegment-img\"]"}
COMMAND: POST /session/e98a8c3f8e564d5dffeeff8b737fde72/execute/sync - {"script":"<script> [8489 bytes]","args":[{"element-6066-11e4-a52e-4f735466cecf":"f.442E653FBE801B9469C6A395343E122D.d.B79C8A71A8635343B5BF6F50FE67784B.e.5619","ELEMENT":"f.442E653FBE801B9469C6A395343E122D.d.B79C8A71A8635343B5BF6F50FE67784B.e.5619"}]}
RESULT: {"script":"<script> [8489 bytes]","args":[{"element-6066-11e4-a52e-4f735466cecf":"f.442E653FBE801B9469C6A395343E122D.d.B79C8A71A8635343B5BF6F50FE67784B.e.5619","ELEMENT":"f.442E653FBE801B9469C6A395343E122D.d.B79C8A71A8635343B5BF6F50FE67784B.e.5619"}]}
COMMAND: POST /session/e98a8c3f8e564d5dffeeff8b737fde72/element/f.442E653FBE801B9469C6A395343E122D.d.B79C8A71A8635343B5BF6F50FE67784B.e.5619/click - {}
COMMAND: GET /session/e98a8c3f8e564d5dffeeff8b737fde72/screenshot - {}
RESULT: {}
COMMAND: GET /session/e98a8c3f8e564d5dffeeff8b737fde72/screenshot - {}
COMMAND: POST /session/e98a8c3f8e564d5dffeeff8b737fde72/element - {"using":"xpath","value":"//input[@id=\"application-manageresources-display-component---newResourceUnit--idRuTSAdmin-application-manageresources-display-component---newResourceUnit--RUTimeSegment-0-inner\"]"}
RESULT: {}
RESULT: {}
RESULT: {"using":"xpath","value":"//input[@id=\"application-manageresources-display-component---newResourceUnit--idRuTSAdmin-application-manageresources-display-component---newResourceUnit--RUTimeSegment-0-inner\"]"}
COMMAND: POST /session/e98a8c3f8e564d5dffeeff8b737fde72/element/f.442E653FBE801B9469C6A395343E122D.d.B79C8A71A8635343B5BF6F50FE67784B.e.5622/clear - {}
RESULT: {}
COMMAND: POST /session/e98a8c3f8e564d5dffeeff8b737fde72/element/f.442E653FBE801B9469C6A395343E122D.d.B79C8A71A8635343B5BF6F50FE67784B.e.5622/value - {"text":"581"}
COMMAND: GET /session/e98a8c3f8e564d5dffeeff8b737fde72/screenshot - {}
RESULT: {"text":"581"}
COMMAND: GET /session/e98a8c3f8e564d5dffeeff8b737fde72/screenshot - {}
RESULT: {}
RESULT: {}
COMMAND: POST /session/e98a8c3f8e564d5dffeeff8b737fde72/actions - {"actions":[{"id":"action18","type":"key","parameters":{},"actions":[{"type":"keyDown","value":"î€‡"},{"type":"pause","duration":10},{"type":"keyUp","value":"î€‡"}]}]}
RESULT: {"actions":[{"id":"action18","type":"key","parameters":{},"actions":[{"type":"keyDown","value":"î€‡"},{"type":"pause","duration":10},{"type":"keyUp","value":"î€‡"}]}]}
COMMAND: GET /session/e98a8c3f8e564d5dffeeff8b737fde72/screenshot - {}
RESULT: {}
COMMAND: POST /session/e98a8c3f8e564d5dffeeff8b737fde72/execute/async - {"script":"<script> [1562 bytes]","args":[{"selector":{"controlType":"sap.m.Button","viewName":"reusables.view.manageresources.NewResourceUnit","viewId":"application-manageresources-display-component---newResourceUnit","i18NText":{"propertyName":"tooltip","key":"save"},"interaction":{"idSuffix":"BDI-content"}},"wdio_ui5_key":"reusablesview.manageresources.NewResourceUnitsap.m.Button{\"propertyName\":\"tooltip\",\"key\":\"save\"}"}]}
RESULT: {"script":"<script> [1562 bytes]","args":[{"selector":{"controlType":"sap.m.Button","viewName":"reusables.view.manageresources.NewResourceUnit","viewId":"application-manageresources-display-component---newResourceUnit","i18NText":{"propertyName":"tooltip","key":"save"},"interaction":{"idSuffix":"BDI-content"}},"wdio_ui5_key":"reusablesview.manageresources.NewResourceUnitsap.m.Button{\"propertyName\":\"tooltip\",\"key\":\"save\"}"}]}
RESULT: undefined
COMMAND: POST /session/e98a8c3f8e564d5dffeeff8b737fde72/element - {"using":"xpath","value":"//*[@id=\"application-manageresources-display-component---newResourceUnit--createRuButton\"]"}
RESULT: {"using":"xpath","value":"//*[@id=\"application-manageresources-display-component---newResourceUnit--createRuButton\"]"}
COMMAND: POST /session/e98a8c3f8e564d5dffeeff8b737fde72/element/f.442E653FBE801B9469C6A395343E122D.d.B79C8A71A8635343B5BF6F50FE67784B.e.5546/click - {}
RESULT: {}
COMMAND: GET /session/e98a8c3f8e564d5dffeeff8b737fde72/screenshot - {}
RESULT: {}
COMMAND: POST /session/e98a8c3f8e564d5dffeeff8b737fde72/execute/async - {"script":"<script> [1562 bytes]","args":[{"selector":{"controlType":"sap.m.Title","properties":{"text":"Success"},"searchOpenDialogs":true},"wdio_ui5_key":"sapm.Title{\"text\":\"Success\"}"}]}
RESULT: {"script":"<script> [1562 bytes]","args":[{"selector":{"controlType":"sap.m.Title","properties":{"text":"Success"},"searchOpenDialogs":true},"wdio_ui5_key":"sapm.Title{\"text\":\"Success\"}"}]}
RESULT: undefined
COMMAND: POST /session/e98a8c3f8e564d5dffeeff8b737fde72/execute/async - {"script":"<script> [6424 bytes]","args":[{"element-6066-11e4-a52e-4f735466cecf":"f.442E653FBE801B9469C6A395343E122D.d.B79C8A71A8635343B5BF6F50FE67784B.e.5636"},"getText",[]]}
RESULT: {"script":"<script> [6424 bytes]","args":[{"element-6066-11e4-a52e-4f735466cecf":"f.442E653FBE801B9469C6A395343E122D.d.B79C8A71A8635343B5BF6F50FE67784B.e.5636"},"getText",[]]}
COMMAND: POST /session/e98a8c3f8e564d5dffeeff8b737fde72/element - {"using":"xpath","value":"//*[contains(@id, '__text') and (contains(text(), 'successfully created') or contains(., 'successfully created'))]"}
RESULT: {"using":"xpath","value":"//*[contains(@id, '__text') and (contains(text(), 'successfully created') or contains(., 'successfully created'))]"}
COMMAND: GET /session/e98a8c3f8e564d5dffeeff8b737fde72/element/f.442E653FBE801B9469C6A395343E122D.d.B79C8A71A8635343B5BF6F50FE67784B.e.5634/text - {}
RESULT: {}
COMMAND: POST /session/e98a8c3f8e564d5dffeeff8b737fde72/execute/async - {"script":"<script> [1562 bytes]","args":[{"selector":{"controlType":"sap.m.Button","properties":{"text":"Close"},"searchOpenDialogs":true,"interaction":{"idSuffix":"BDI-content"}},"wdio_ui5_key":"sapm.Button{\"text\":\"Close\"}"}]}
RESULT: {"script":"<script> [1562 bytes]","args":[{"selector":{"controlType":"sap.m.Button","properties":{"text":"Close"},"searchOpenDialogs":true,"interaction":{"idSuffix":"BDI-content"}},"wdio_ui5_key":"sapm.Button{\"text\":\"Close\"}"}]}
RESULT: undefined
COMMAND: POST /session/e98a8c3f8e564d5dffeeff8b737fde72/element - {"using":"xpath","value":"//*[@id=\"__mbox-btn-0\"]"}
RESULT: {"using":"xpath","value":"//*[@id=\"__mbox-btn-0\"]"}
COMMAND: POST /session/e98a8c3f8e564d5dffeeff8b737fde72/element/f.442E653FBE801B9469C6A395343E122D.d.B79C8A71A8635343B5BF6F50FE67784B.e.5632/click - {}
RESULT: {}
COMMAND: GET /session/e98a8c3f8e564d5dffeeff8b737fde72/screenshot - {}
RESULT: {}
COMMAND: POST /session/e98a8c3f8e564d5dffeeff8b737fde72/execute/async - {"script":"<script> [1562 bytes]","args":[{"selector":{"controlType":"sap.ui.core.Icon","viewName":"etm.portal.ui.manageresources.view.Detail","viewId":"application-manageresources-display-component---detailRU","properties":{"src":{"regex":{"source":"overflow"}}}},"wdio_ui5_key":"etmportal.ui.manageresources.view.Detailsap.ui.core.Icon{\"src\":{\"regex\":{\"source\":\"overflow\"}}}"}]}
RESULT: {"script":"<script> [1562 bytes]","args":[{"selector":{"controlType":"sap.ui.core.Icon","viewName":"etm.portal.ui.manageresources.view.Detail","viewId":"application-manageresources-display-component---detailRU","properties":{"src":{"regex":{"source":"overflow"}}}},"wdio_ui5_key":"etmportal.ui.manageresources.view.Detailsap.ui.core.Icon{\"src\":{\"regex\":{\"source\":\"overflow\"}}}"}]}
RESULT: undefined
COMMAND: POST /session/e98a8c3f8e564d5dffeeff8b737fde72/element - {"using":"xpath","value":"//*[@id=\"__title15-_actionsToolbar-overflowButton-img\"]"}
RESULT: {"using":"xpath","value":"//*[@id=\"__title15-_actionsToolbar-overflowButton-img\"]"}
COMMAND: POST /session/e98a8c3f8e564d5dffeeff8b737fde72/element/f.442E653FBE801B9469C6A395343E122D.d.B79C8A71A8635343B5BF6F50FE67784B.e.5665/click - {}
RESULT: {}
COMMAND: POST /session/e98a8c3f8e564d5dffeeff8b737fde72/execute/async - {"script":"<script> [1562 bytes]","args":[{"selector":{"controlType":"sap.m.Button","viewName":"etm.portal.ui.manageresources.view.Detail","viewId":"application-manageresources-display-component---detailRU","i18NText":{"propertyName":"tooltip","key":"closeColumn"},"searchOpenDialogs":true,"interaction":{"idSuffix":"inner"}},"wdio_ui5_key":"etmportal.ui.manageresources.view.Detailsap.m.Button{\"propertyName\":\"tooltip\",\"key\":\"closeColumn\"}"}]}
COMMAND: GET /session/e98a8c3f8e564d5dffeeff8b737fde72/screenshot - {}
RESULT: {"script":"<script> [1562 bytes]","args":[{"selector":{"controlType":"sap.m.Button","viewName":"etm.portal.ui.manageresources.view.Detail","viewId":"application-manageresources-display-component---detailRU","i18NText":{"propertyName":"tooltip","key":"closeColumn"},"searchOpenDialogs":true,"interaction":{"idSuffix":"inner"}},"wdio_ui5_key":"etmportal.ui.manageresources.view.Detailsap.m.Button{\"propertyName\":\"tooltip\",\"key\":\"closeColumn\"}"}]}
RESULT: undefined
COMMAND: POST /session/e98a8c3f8e564d5dffeeff8b737fde72/element - {"using":"xpath","value":"//*[@id=\"__button43\"]"}
RESULT: {}
RESULT: {"using":"xpath","value":"//*[@id=\"__button43\"]"}
COMMAND: POST /session/e98a8c3f8e564d5dffeeff8b737fde72/element/f.442E653FBE801B9469C6A395343E122D.d.B79C8A71A8635343B5BF6F50FE67784B.e.5669/click - {}
RESULT: {}
COMMAND: GET /session/e98a8c3f8e564d5dffeeff8b737fde72/screenshot - {}
RESULT: {}
COMMAND: POST /session/e98a8c3f8e564d5dffeeff8b737fde72/refresh - {}
RESULT: {}
COMMAND: GET /session/e98a8c3f8e564d5dffeeff8b737fde72/screenshot - {}
RESULT: {}
COMMAND: POST /session/e98a8c3f8e564d5dffeeff8b737fde72/refresh - {}
RESULT: {}
COMMAND: GET /session/e98a8c3f8e564d5dffeeff8b737fde72/screenshot - {}
RESULT: {}
COMMAND: POST /session/e98a8c3f8e564d5dffeeff8b737fde72/window/fullscreen - {}
RESULT: {}
COMMAND: POST /session/e98a8c3f8e564d5dffeeff8b737fde72/execute/async - {"script":"<script> [189 bytes]","args":[]}
RESULT: {"script":"<script> [189 bytes]","args":[]}
COMMAND: POST /session/e98a8c3f8e564d5dffeeff8b737fde72/execute/async - {"script":"<script> [123 bytes]","args":[]}
RESULT: {"script":"<script> [123 bytes]","args":[]}
COMMAND: POST /session/e98a8c3f8e564d5dffeeff8b737fde72/timeouts - {"script":"<number>"}
RESULT: {"script":"<number>"}
COMMAND: GET /session/e98a8c3f8e564d5dffeeff8b737fde72/timeouts - {}
RESULT: {}
RESULT: undefined
COMMAND: POST /session/e98a8c3f8e564d5dffeeff8b737fde72/execute/async - {"script":"<script> [2676 bytes]","args":[]}
RESULT: {"script":"<script> [2676 bytes]","args":[]}
COMMAND: POST /session/e98a8c3f8e564d5dffeeff8b737fde72/execute/async - {"script":"<script> [2342 bytes]","args":[{"protocol":"http","hostname":"0.0.0.0","path":"/","capabilities":{"browserName":"chrome","goog:chromeOptions":{"binary":"C:\\Program Files\\Google\\Chrome\\Application\\chrome.exe","args":["--start-maximized"]}},"logLevel":"warn","connectionRetryTimeout":120000,"connectionRetryCount":3,"logLevels":{},"enableDirectConnect":true,"strictSSL":true,"_":"65 more keys: [\"cacheDir\",\"port\",\"requestedCapabilities\",\"automationProtocol\",\"baseUrl\",\"waitforInterval\",\"waitforTimeout\",\"onReload\",\"beforeCommand\",\"afterCommand\",\"rootDir\",\"specs\",\"suites\",\"exclude\",\"groupLogsByTestSpec\",\"excludeDriverLogs\",\"bail\",\"framework\",\"reporters\",\"services\",\"maxInstances\",\"maxInstancesPerCapability\",\"injectGlobals\",\"filesToWatch\",\"execArgv\",\"runnerEnv\",\"runner\",\"shard\",\"specFileRetries\",\"specFileRetriesDelay\",\"specFileRetriesDeferred\",\"reporterSyncInterval\",\"reporterSyncTimeout\",\"cucumberFeaturesWithLineNumbers\",\"autoCompileOpts\",\"mochaOpts\",\"jasmineOpts\",\"cucumberOpts\",\"onPrepare\",\"onWorkerStart\",\"onWorkerEnd\",\"before\",\"beforeSession\",\"beforeSuite\",\"beforeHook\",\"beforeTest\",\"afterTest\",\"afterHook\",\"afterSuite\",\"afterSession\",\"after\",\"onComplete\",\"beforeAssertion\",\"afterAssertion\",\"beforeFeature\",\"beforeScenario\",\"beforeStep\",\"afterStep\",\"afterScenario\",\"afterFeature\",\"_\",\"suite\",\"$0\",\"ignoredWorkerServices\",\"wdi5\"]"}]}
RESULT: {"script":"<script> [2342 bytes]","args":[{"protocol":"http","hostname":"0.0.0.0","path":"/","capabilities":{"browserName":"chrome","goog:chromeOptions":{"binary":"C:\\Program Files\\Google\\Chrome\\Application\\chrome.exe","args":["--start-maximized"]}},"logLevel":"warn","connectionRetryTimeout":120000,"connectionRetryCount":3,"logLevels":{},"enableDirectConnect":true,"strictSSL":true,"_":"65 more keys: [\"cacheDir\",\"port\",\"requestedCapabilities\",\"automationProtocol\",\"baseUrl\",\"waitforInterval\",\"waitforTimeout\",\"onReload\",\"beforeCommand\",\"afterCommand\",\"rootDir\",\"specs\",\"suites\",\"exclude\",\"groupLogsByTestSpec\",\"excludeDriverLogs\",\"bail\",\"framework\",\"reporters\",\"services\",\"maxInstances\",\"maxInstancesPerCapability\",\"injectGlobals\",\"filesToWatch\",\"execArgv\",\"runnerEnv\",\"runner\",\"shard\",\"specFileRetries\",\"specFileRetriesDelay\",\"specFileRetriesDeferred\",\"reporterSyncInterval\",\"reporterSyncTimeout\",\"cucumberFeaturesWithLineNumbers\",\"autoCompileOpts\",\"mochaOpts\",\"jasmineOpts\",\"cucumberOpts\",\"onPrepare\",\"onWorkerStart\",\"onWorkerEnd\",\"before\",\"beforeSession\",\"beforeSuite\",\"beforeHook\",\"beforeTest\",\"afterTest\",\"afterHook\",\"afterSuite\",\"afterSession\",\"after\",\"onComplete\",\"beforeAssertion\",\"afterAssertion\",\"beforeFeature\",\"beforeScenario\",\"beforeStep\",\"afterStep\",\"afterScenario\",\"afterFeature\",\"_\",\"suite\",\"$0\",\"ignoredWorkerServices\",\"wdi5\"]"}]}
COMMAND: POST /session/e98a8c3f8e564d5dffeeff8b737fde72/execute/async - {"script":"<script> [21126 bytes]","args":[35000]}
RESULT: {"script":"<script> [21126 bytes]","args":[35000]}
]]></system-out>
    </testcase>
    <testcase classname="chrome.135_0_7049_115.windows.Create_2_RU_material_US118246" name="Create WHM material" time="208.115">
      <system-out><![CDATA[
COMMAND: POST /session/e98a8c3f8e564d5dffeeff8b737fde72/element - {"using":"xpath","value":"//button[@data-kt=\"addNewRUOverflowToolbarButton\"]"}
RESULT: {"using":"xpath","value":"//button[@data-kt=\"addNewRUOverflowToolbarButton\"]"}
COMMAND: POST /session/e98a8c3f8e564d5dffeeff8b737fde72/execute/sync - {"script":"<script> [8489 bytes]","args":[{"element-6066-11e4-a52e-4f735466cecf":"f.442E653FBE801B9469C6A395343E122D.d.1B76663366E8472A5C037118ADA68FF5.e.5955","ELEMENT":"f.442E653FBE801B9469C6A395343E122D.d.1B76663366E8472A5C037118ADA68FF5.e.5955"}]}
RESULT: {"script":"<script> [8489 bytes]","args":[{"element-6066-11e4-a52e-4f735466cecf":"f.442E653FBE801B9469C6A395343E122D.d.1B76663366E8472A5C037118ADA68FF5.e.5955","ELEMENT":"f.442E653FBE801B9469C6A395343E122D.d.1B76663366E8472A5C037118ADA68FF5.e.5955"}]}
COMMAND: POST /session/e98a8c3f8e564d5dffeeff8b737fde72/element/f.442E653FBE801B9469C6A395343E122D.d.1B76663366E8472A5C037118ADA68FF5.e.5955/click - {}
COMMAND: GET /session/e98a8c3f8e564d5dffeeff8b737fde72/screenshot - {}
RESULT: {}
COMMAND: GET /session/e98a8c3f8e564d5dffeeff8b737fde72/screenshot - {}
RESULT: {}
RESULT: {}
COMMAND: POST /session/e98a8c3f8e564d5dffeeff8b737fde72/execute/async - {"script":"<script> [1562 bytes]","args":[{"selector":{"controlType":"sap.m.ComboBox","viewName":"reusables.view.manageresources.NewResourceUnit","viewId":"application-manageresources-display-component---newResourceUnit","bindingPath":{"path":"","propertyPath":"/RuTypes","modelName":"catalogModel"},"searchOpenDialogs":true},"wdio_ui5_key":"reusablesview.manageresources.NewResourceUnitsap.m.ComboBox{\"path\":\"\",\"propertyPath\":\"/RuTypes\",\"modelName\":\"catalogModel\"}"}]}
RESULT: {"script":"<script> [1562 bytes]","args":[{"selector":{"controlType":"sap.m.ComboBox","viewName":"reusables.view.manageresources.NewResourceUnit","viewId":"application-manageresources-display-component---newResourceUnit","bindingPath":{"path":"","propertyPath":"/RuTypes","modelName":"catalogModel"},"searchOpenDialogs":true},"wdio_ui5_key":"reusablesview.manageresources.NewResourceUnitsap.m.ComboBox{\"path\":\"\",\"propertyPath\":\"/RuTypes\",\"modelName\":\"catalogModel\"}"}]}
RESULT: undefined
COMMAND: POST /session/e98a8c3f8e564d5dffeeff8b737fde72/execute/async - {"script":"<script> [1562 bytes]","args":[{"selector":{"controlType":"sap.m.ComboBox","viewName":"reusables.view.manageresources.NewResourceUnit","viewId":"application-manageresources-display-component---newResourceUnit","bindingPath":{"path":"","propertyPath":"/Yards","modelName":"catalogModel"},"searchOpenDialogs":true},"wdio_ui5_key":"reusablesview.manageresources.NewResourceUnitsap.m.ComboBox{\"path\":\"\",\"propertyPath\":\"/Yards\",\"modelName\":\"catalogModel\"}"}]}
RESULT: {"script":"<script> [1562 bytes]","args":[{"selector":{"controlType":"sap.m.ComboBox","viewName":"reusables.view.manageresources.NewResourceUnit","viewId":"application-manageresources-display-component---newResourceUnit","bindingPath":{"path":"","propertyPath":"/Yards","modelName":"catalogModel"},"searchOpenDialogs":true},"wdio_ui5_key":"reusablesview.manageresources.NewResourceUnitsap.m.ComboBox{\"path\":\"\",\"propertyPath\":\"/Yards\",\"modelName\":\"catalogModel\"}"}]}
RESULT: undefined
COMMAND: POST /session/e98a8c3f8e564d5dffeeff8b737fde72/execute/async - {"script":"<script> [1562 bytes]","args":[{"selector":{"controlType":"etm.portal.ui.reusables.customControls.LiveSearchComboBox","viewName":"reusables.view.manageresources.NewResourceUnit","viewId":"application-manageresources-display-component---newResourceUnit","bindingPath":{"path":"","propertyPath":"/CatalogItems","modelName":"catalogModel"},"searchOpenDialogs":true},"wdio_ui5_key":"reusablesview.manageresources.NewResourceUnitetm.portal.ui.reusables.customControls.LiveSearchComboBox{\"path\":\"\",\"propertyPath\":\"/CatalogItems\",\"modelName\":\"catalogModel\"}"}]}
RESULT: {"script":"<script> [1562 bytes]","args":[{"selector":{"controlType":"etm.portal.ui.reusables.customControls.LiveSearchComboBox","viewName":"reusables.view.manageresources.NewResourceUnit","viewId":"application-manageresources-display-component---newResourceUnit","bindingPath":{"path":"","propertyPath":"/CatalogItems","modelName":"catalogModel"},"searchOpenDialogs":true},"wdio_ui5_key":"reusablesview.manageresources.NewResourceUnitetm.portal.ui.reusables.customControls.LiveSearchComboBox{\"path\":\"\",\"propertyPath\":\"/CatalogItems\",\"modelName\":\"catalogModel\"}"}]}
RESULT: undefined
COMMAND: POST /session/e98a8c3f8e564d5dffeeff8b737fde72/element - {"using":"xpath","value":"//bdi[text()=\"OK\"]"}
RESULT: {"using":"xpath","value":"//bdi[text()=\"OK\"]"}
COMMAND: POST /session/e98a8c3f8e564d5dffeeff8b737fde72/elements - {"using":"xpath","value":"//bdi[text()=\"OK\"]"}
RESULT: {"using":"xpath","value":"//bdi[text()=\"OK\"]"}
COMMAND: POST /session/e98a8c3f8e564d5dffeeff8b737fde72/elements - {"using":"xpath","value":"//bdi[text()=\"OK\"]"}
RESULT: {"using":"xpath","value":"//bdi[text()=\"OK\"]"}
COMMAND: POST /session/e98a8c3f8e564d5dffeeff8b737fde72/elements - {"using":"xpath","value":"//bdi[text()=\"OK\"]"}
RESULT: {"using":"xpath","value":"//bdi[text()=\"OK\"]"}
COMMAND: POST /session/e98a8c3f8e564d5dffeeff8b737fde72/elements - {"using":"xpath","value":"//bdi[text()=\"OK\"]"}
RESULT: {"using":"xpath","value":"//bdi[text()=\"OK\"]"}
COMMAND: POST /session/e98a8c3f8e564d5dffeeff8b737fde72/elements - {"using":"xpath","value":"//bdi[text()=\"OK\"]"}
RESULT: {"using":"xpath","value":"//bdi[text()=\"OK\"]"}
COMMAND: POST /session/e98a8c3f8e564d5dffeeff8b737fde72/elements - {"using":"xpath","value":"//bdi[text()=\"OK\"]"}
RESULT: {"using":"xpath","value":"//bdi[text()=\"OK\"]"}
COMMAND: POST /session/e98a8c3f8e564d5dffeeff8b737fde72/elements - {"using":"xpath","value":"//bdi[text()=\"OK\"]"}
RESULT: {"using":"xpath","value":"//bdi[text()=\"OK\"]"}
COMMAND: POST /session/e98a8c3f8e564d5dffeeff8b737fde72/elements - {"using":"xpath","value":"//bdi[text()=\"OK\"]"}
RESULT: {"using":"xpath","value":"//bdi[text()=\"OK\"]"}
COMMAND: POST /session/e98a8c3f8e564d5dffeeff8b737fde72/elements - {"using":"xpath","value":"//bdi[text()=\"OK\"]"}
RESULT: {"using":"xpath","value":"//bdi[text()=\"OK\"]"}
COMMAND: POST /session/e98a8c3f8e564d5dffeeff8b737fde72/elements - {"using":"xpath","value":"//bdi[text()=\"OK\"]"}
RESULT: {"using":"xpath","value":"//bdi[text()=\"OK\"]"}
COMMAND: POST /session/e98a8c3f8e564d5dffeeff8b737fde72/elements - {"using":"xpath","value":"//bdi[text()=\"OK\"]"}
RESULT: {"using":"xpath","value":"//bdi[text()=\"OK\"]"}
COMMAND: POST /session/e98a8c3f8e564d5dffeeff8b737fde72/elements - {"using":"xpath","value":"//bdi[text()=\"OK\"]"}
RESULT: {"using":"xpath","value":"//bdi[text()=\"OK\"]"}
COMMAND: POST /session/e98a8c3f8e564d5dffeeff8b737fde72/elements - {"using":"xpath","value":"//bdi[text()=\"OK\"]"}
RESULT: {"using":"xpath","value":"//bdi[text()=\"OK\"]"}
COMMAND: POST /session/e98a8c3f8e564d5dffeeff8b737fde72/elements - {"using":"xpath","value":"//bdi[text()=\"OK\"]"}
RESULT: {"using":"xpath","value":"//bdi[text()=\"OK\"]"}
COMMAND: POST /session/e98a8c3f8e564d5dffeeff8b737fde72/elements - {"using":"xpath","value":"//bdi[text()=\"OK\"]"}
RESULT: {"using":"xpath","value":"//bdi[text()=\"OK\"]"}
COMMAND: POST /session/e98a8c3f8e564d5dffeeff8b737fde72/elements - {"using":"xpath","value":"//bdi[text()=\"OK\"]"}
RESULT: {"using":"xpath","value":"//bdi[text()=\"OK\"]"}
COMMAND: POST /session/e98a8c3f8e564d5dffeeff8b737fde72/elements - {"using":"xpath","value":"//bdi[text()=\"OK\"]"}
RESULT: {"using":"xpath","value":"//bdi[text()=\"OK\"]"}
COMMAND: POST /session/e98a8c3f8e564d5dffeeff8b737fde72/elements - {"using":"xpath","value":"//bdi[text()=\"OK\"]"}
RESULT: {"using":"xpath","value":"//bdi[text()=\"OK\"]"}
COMMAND: POST /session/e98a8c3f8e564d5dffeeff8b737fde72/elements - {"using":"xpath","value":"//bdi[text()=\"OK\"]"}
RESULT: {"using":"xpath","value":"//bdi[text()=\"OK\"]"}
COMMAND: POST /session/e98a8c3f8e564d5dffeeff8b737fde72/elements - {"using":"xpath","value":"//bdi[text()=\"OK\"]"}
RESULT: {"using":"xpath","value":"//bdi[text()=\"OK\"]"}
COMMAND: POST /session/e98a8c3f8e564d5dffeeff8b737fde72/elements - {"using":"xpath","value":"//bdi[text()=\"OK\"]"}
RESULT: {"using":"xpath","value":"//bdi[text()=\"OK\"]"}
COMMAND: POST /session/e98a8c3f8e564d5dffeeff8b737fde72/elements - {"using":"xpath","value":"//bdi[text()=\"OK\"]"}
RESULT: {"using":"xpath","value":"//bdi[text()=\"OK\"]"}
COMMAND: POST /session/e98a8c3f8e564d5dffeeff8b737fde72/elements - {"using":"xpath","value":"//bdi[text()=\"OK\"]"}
RESULT: {"using":"xpath","value":"//bdi[text()=\"OK\"]"}
COMMAND: POST /session/e98a8c3f8e564d5dffeeff8b737fde72/elements - {"using":"xpath","value":"//bdi[text()=\"OK\"]"}
RESULT: {"using":"xpath","value":"//bdi[text()=\"OK\"]"}
COMMAND: POST /session/e98a8c3f8e564d5dffeeff8b737fde72/elements - {"using":"xpath","value":"//bdi[text()=\"OK\"]"}
RESULT: {"using":"xpath","value":"//bdi[text()=\"OK\"]"}
COMMAND: POST /session/e98a8c3f8e564d5dffeeff8b737fde72/elements - {"using":"xpath","value":"//bdi[text()=\"OK\"]"}
RESULT: {"using":"xpath","value":"//bdi[text()=\"OK\"]"}
COMMAND: POST /session/e98a8c3f8e564d5dffeeff8b737fde72/elements - {"using":"xpath","value":"//bdi[text()=\"OK\"]"}
RESULT: {"using":"xpath","value":"//bdi[text()=\"OK\"]"}
COMMAND: POST /session/e98a8c3f8e564d5dffeeff8b737fde72/elements - {"using":"xpath","value":"//bdi[text()=\"OK\"]"}
RESULT: {"using":"xpath","value":"//bdi[text()=\"OK\"]"}
COMMAND: POST /session/e98a8c3f8e564d5dffeeff8b737fde72/elements - {"using":"xpath","value":"//bdi[text()=\"OK\"]"}
RESULT: {"using":"xpath","value":"//bdi[text()=\"OK\"]"}
COMMAND: POST /session/e98a8c3f8e564d5dffeeff8b737fde72/elements - {"using":"xpath","value":"//bdi[text()=\"OK\"]"}
RESULT: {"using":"xpath","value":"//bdi[text()=\"OK\"]"}
COMMAND: POST /session/e98a8c3f8e564d5dffeeff8b737fde72/elements - {"using":"xpath","value":"//bdi[text()=\"OK\"]"}
RESULT: {"using":"xpath","value":"//bdi[text()=\"OK\"]"}
COMMAND: POST /session/e98a8c3f8e564d5dffeeff8b737fde72/elements - {"using":"xpath","value":"//bdi[text()=\"OK\"]"}
RESULT: {"using":"xpath","value":"//bdi[text()=\"OK\"]"}
COMMAND: POST /session/e98a8c3f8e564d5dffeeff8b737fde72/elements - {"using":"xpath","value":"//bdi[text()=\"OK\"]"}
RESULT: {"using":"xpath","value":"//bdi[text()=\"OK\"]"}
COMMAND: POST /session/e98a8c3f8e564d5dffeeff8b737fde72/elements - {"using":"xpath","value":"//bdi[text()=\"OK\"]"}
RESULT: {"using":"xpath","value":"//bdi[text()=\"OK\"]"}
COMMAND: POST /session/e98a8c3f8e564d5dffeeff8b737fde72/elements - {"using":"xpath","value":"//bdi[text()=\"OK\"]"}
RESULT: {"using":"xpath","value":"//bdi[text()=\"OK\"]"}
COMMAND: POST /session/e98a8c3f8e564d5dffeeff8b737fde72/elements - {"using":"xpath","value":"//bdi[text()=\"OK\"]"}
RESULT: {"using":"xpath","value":"//bdi[text()=\"OK\"]"}
COMMAND: POST /session/e98a8c3f8e564d5dffeeff8b737fde72/elements - {"using":"xpath","value":"//bdi[text()=\"OK\"]"}
RESULT: {"using":"xpath","value":"//bdi[text()=\"OK\"]"}
COMMAND: POST /session/e98a8c3f8e564d5dffeeff8b737fde72/elements - {"using":"xpath","value":"//bdi[text()=\"OK\"]"}
RESULT: {"using":"xpath","value":"//bdi[text()=\"OK\"]"}
COMMAND: POST /session/e98a8c3f8e564d5dffeeff8b737fde72/elements - {"using":"xpath","value":"//bdi[text()=\"OK\"]"}
RESULT: {"using":"xpath","value":"//bdi[text()=\"OK\"]"}
COMMAND: POST /session/e98a8c3f8e564d5dffeeff8b737fde72/elements - {"using":"xpath","value":"//bdi[text()=\"OK\"]"}
RESULT: {"using":"xpath","value":"//bdi[text()=\"OK\"]"}
COMMAND: POST /session/e98a8c3f8e564d5dffeeff8b737fde72/elements - {"using":"xpath","value":"//bdi[text()=\"OK\"]"}
RESULT: {"using":"xpath","value":"//bdi[text()=\"OK\"]"}
COMMAND: POST /session/e98a8c3f8e564d5dffeeff8b737fde72/elements - {"using":"xpath","value":"//bdi[text()=\"OK\"]"}
RESULT: {"using":"xpath","value":"//bdi[text()=\"OK\"]"}
COMMAND: POST /session/e98a8c3f8e564d5dffeeff8b737fde72/elements - {"using":"xpath","value":"//bdi[text()=\"OK\"]"}
RESULT: {"using":"xpath","value":"//bdi[text()=\"OK\"]"}
COMMAND: POST /session/e98a8c3f8e564d5dffeeff8b737fde72/elements - {"using":"xpath","value":"//bdi[text()=\"OK\"]"}
RESULT: {"using":"xpath","value":"//bdi[text()=\"OK\"]"}
COMMAND: POST /session/e98a8c3f8e564d5dffeeff8b737fde72/elements - {"using":"xpath","value":"//bdi[text()=\"OK\"]"}
RESULT: {"using":"xpath","value":"//bdi[text()=\"OK\"]"}
COMMAND: POST /session/e98a8c3f8e564d5dffeeff8b737fde72/elements - {"using":"xpath","value":"//bdi[text()=\"OK\"]"}
RESULT: {"using":"xpath","value":"//bdi[text()=\"OK\"]"}
COMMAND: POST /session/e98a8c3f8e564d5dffeeff8b737fde72/elements - {"using":"xpath","value":"//bdi[text()=\"OK\"]"}
RESULT: {"using":"xpath","value":"//bdi[text()=\"OK\"]"}
COMMAND: POST /session/e98a8c3f8e564d5dffeeff8b737fde72/elements - {"using":"xpath","value":"//bdi[text()=\"OK\"]"}
RESULT: {"using":"xpath","value":"//bdi[text()=\"OK\"]"}
COMMAND: POST /session/e98a8c3f8e564d5dffeeff8b737fde72/elements - {"using":"xpath","value":"//bdi[text()=\"OK\"]"}
RESULT: {"using":"xpath","value":"//bdi[text()=\"OK\"]"}
COMMAND: POST /session/e98a8c3f8e564d5dffeeff8b737fde72/elements - {"using":"xpath","value":"//bdi[text()=\"OK\"]"}
RESULT: {"using":"xpath","value":"//bdi[text()=\"OK\"]"}
COMMAND: POST /session/e98a8c3f8e564d5dffeeff8b737fde72/elements - {"using":"xpath","value":"//bdi[text()=\"OK\"]"}
RESULT: {"using":"xpath","value":"//bdi[text()=\"OK\"]"}
COMMAND: POST /session/e98a8c3f8e564d5dffeeff8b737fde72/elements - {"using":"xpath","value":"//bdi[text()=\"OK\"]"}
RESULT: {"using":"xpath","value":"//bdi[text()=\"OK\"]"}
COMMAND: POST /session/e98a8c3f8e564d5dffeeff8b737fde72/elements - {"using":"xpath","value":"//bdi[text()=\"OK\"]"}
RESULT: {"using":"xpath","value":"//bdi[text()=\"OK\"]"}
COMMAND: POST /session/e98a8c3f8e564d5dffeeff8b737fde72/elements - {"using":"xpath","value":"//bdi[text()=\"OK\"]"}
RESULT: {"using":"xpath","value":"//bdi[text()=\"OK\"]"}
COMMAND: POST /session/e98a8c3f8e564d5dffeeff8b737fde72/elements - {"using":"xpath","value":"//bdi[text()=\"OK\"]"}
RESULT: {"using":"xpath","value":"//bdi[text()=\"OK\"]"}
COMMAND: POST /session/e98a8c3f8e564d5dffeeff8b737fde72/elements - {"using":"xpath","value":"//bdi[text()=\"OK\"]"}
RESULT: {"using":"xpath","value":"//bdi[text()=\"OK\"]"}
COMMAND: POST /session/e98a8c3f8e564d5dffeeff8b737fde72/elements - {"using":"xpath","value":"//bdi[text()=\"OK\"]"}
RESULT: {"using":"xpath","value":"//bdi[text()=\"OK\"]"}
COMMAND: POST /session/e98a8c3f8e564d5dffeeff8b737fde72/elements - {"using":"xpath","value":"//bdi[text()=\"OK\"]"}
RESULT: {"using":"xpath","value":"//bdi[text()=\"OK\"]"}
COMMAND: POST /session/e98a8c3f8e564d5dffeeff8b737fde72/elements - {"using":"xpath","value":"//bdi[text()=\"OK\"]"}
RESULT: {"using":"xpath","value":"//bdi[text()=\"OK\"]"}
COMMAND: POST /session/e98a8c3f8e564d5dffeeff8b737fde72/elements - {"using":"xpath","value":"//bdi[text()=\"OK\"]"}
RESULT: {"using":"xpath","value":"//bdi[text()=\"OK\"]"}
COMMAND: POST /session/e98a8c3f8e564d5dffeeff8b737fde72/elements - {"using":"xpath","value":"//bdi[text()=\"OK\"]"}
RESULT: {"using":"xpath","value":"//bdi[text()=\"OK\"]"}
COMMAND: POST /session/e98a8c3f8e564d5dffeeff8b737fde72/elements - {"using":"xpath","value":"//bdi[text()=\"OK\"]"}
RESULT: {"using":"xpath","value":"//bdi[text()=\"OK\"]"}
COMMAND: POST /session/e98a8c3f8e564d5dffeeff8b737fde72/elements - {"using":"xpath","value":"//bdi[text()=\"OK\"]"}
RESULT: {"using":"xpath","value":"//bdi[text()=\"OK\"]"}
COMMAND: POST /session/e98a8c3f8e564d5dffeeff8b737fde72/elements - {"using":"xpath","value":"//bdi[text()=\"OK\"]"}
RESULT: {"using":"xpath","value":"//bdi[text()=\"OK\"]"}
COMMAND: POST /session/e98a8c3f8e564d5dffeeff8b737fde72/elements - {"using":"xpath","value":"//bdi[text()=\"OK\"]"}
RESULT: {"using":"xpath","value":"//bdi[text()=\"OK\"]"}
COMMAND: POST /session/e98a8c3f8e564d5dffeeff8b737fde72/elements - {"using":"xpath","value":"//bdi[text()=\"OK\"]"}
RESULT: {"using":"xpath","value":"//bdi[text()=\"OK\"]"}
COMMAND: POST /session/e98a8c3f8e564d5dffeeff8b737fde72/elements - {"using":"xpath","value":"//bdi[text()=\"OK\"]"}
RESULT: {"using":"xpath","value":"//bdi[text()=\"OK\"]"}
COMMAND: POST /session/e98a8c3f8e564d5dffeeff8b737fde72/elements - {"using":"xpath","value":"//bdi[text()=\"OK\"]"}
RESULT: {"using":"xpath","value":"//bdi[text()=\"OK\"]"}
COMMAND: POST /session/e98a8c3f8e564d5dffeeff8b737fde72/elements - {"using":"xpath","value":"//bdi[text()=\"OK\"]"}
RESULT: {"using":"xpath","value":"//bdi[text()=\"OK\"]"}
COMMAND: POST /session/e98a8c3f8e564d5dffeeff8b737fde72/elements - {"using":"xpath","value":"//bdi[text()=\"OK\"]"}
RESULT: {"using":"xpath","value":"//bdi[text()=\"OK\"]"}
COMMAND: POST /session/e98a8c3f8e564d5dffeeff8b737fde72/elements - {"using":"xpath","value":"//bdi[text()=\"OK\"]"}
RESULT: {"using":"xpath","value":"//bdi[text()=\"OK\"]"}
COMMAND: POST /session/e98a8c3f8e564d5dffeeff8b737fde72/elements - {"using":"xpath","value":"//bdi[text()=\"OK\"]"}
RESULT: {"using":"xpath","value":"//bdi[text()=\"OK\"]"}
COMMAND: POST /session/e98a8c3f8e564d5dffeeff8b737fde72/elements - {"using":"xpath","value":"//bdi[text()=\"OK\"]"}
RESULT: {"using":"xpath","value":"//bdi[text()=\"OK\"]"}
COMMAND: POST /session/e98a8c3f8e564d5dffeeff8b737fde72/elements - {"using":"xpath","value":"//bdi[text()=\"OK\"]"}
RESULT: {"using":"xpath","value":"//bdi[text()=\"OK\"]"}
COMMAND: POST /session/e98a8c3f8e564d5dffeeff8b737fde72/elements - {"using":"xpath","value":"//bdi[text()=\"OK\"]"}
RESULT: {"using":"xpath","value":"//bdi[text()=\"OK\"]"}
COMMAND: POST /session/e98a8c3f8e564d5dffeeff8b737fde72/elements - {"using":"xpath","value":"//bdi[text()=\"OK\"]"}
RESULT: {"using":"xpath","value":"//bdi[text()=\"OK\"]"}
COMMAND: POST /session/e98a8c3f8e564d5dffeeff8b737fde72/elements - {"using":"xpath","value":"//bdi[text()=\"OK\"]"}
RESULT: {"using":"xpath","value":"//bdi[text()=\"OK\"]"}
COMMAND: POST /session/e98a8c3f8e564d5dffeeff8b737fde72/elements - {"using":"xpath","value":"//bdi[text()=\"OK\"]"}
RESULT: {"using":"xpath","value":"//bdi[text()=\"OK\"]"}
COMMAND: POST /session/e98a8c3f8e564d5dffeeff8b737fde72/elements - {"using":"xpath","value":"//bdi[text()=\"OK\"]"}
RESULT: {"using":"xpath","value":"//bdi[text()=\"OK\"]"}
COMMAND: POST /session/e98a8c3f8e564d5dffeeff8b737fde72/elements - {"using":"xpath","value":"//bdi[text()=\"OK\"]"}
RESULT: {"using":"xpath","value":"//bdi[text()=\"OK\"]"}
COMMAND: POST /session/e98a8c3f8e564d5dffeeff8b737fde72/elements - {"using":"xpath","value":"//bdi[text()=\"OK\"]"}
RESULT: {"using":"xpath","value":"//bdi[text()=\"OK\"]"}
COMMAND: POST /session/e98a8c3f8e564d5dffeeff8b737fde72/elements - {"using":"xpath","value":"//bdi[text()=\"OK\"]"}
RESULT: {"using":"xpath","value":"//bdi[text()=\"OK\"]"}
COMMAND: POST /session/e98a8c3f8e564d5dffeeff8b737fde72/elements - {"using":"xpath","value":"//bdi[text()=\"OK\"]"}
RESULT: {"using":"xpath","value":"//bdi[text()=\"OK\"]"}
COMMAND: POST /session/e98a8c3f8e564d5dffeeff8b737fde72/elements - {"using":"xpath","value":"//bdi[text()=\"OK\"]"}
RESULT: {"using":"xpath","value":"//bdi[text()=\"OK\"]"}
COMMAND: POST /session/e98a8c3f8e564d5dffeeff8b737fde72/elements - {"using":"xpath","value":"//bdi[text()=\"OK\"]"}
RESULT: {"using":"xpath","value":"//bdi[text()=\"OK\"]"}
COMMAND: POST /session/e98a8c3f8e564d5dffeeff8b737fde72/elements - {"using":"xpath","value":"//bdi[text()=\"OK\"]"}
RESULT: {"using":"xpath","value":"//bdi[text()=\"OK\"]"}
COMMAND: POST /session/e98a8c3f8e564d5dffeeff8b737fde72/elements - {"using":"xpath","value":"//bdi[text()=\"OK\"]"}
RESULT: {"using":"xpath","value":"//bdi[text()=\"OK\"]"}
COMMAND: POST /session/e98a8c3f8e564d5dffeeff8b737fde72/elements - {"using":"xpath","value":"//bdi[text()=\"OK\"]"}
RESULT: {"using":"xpath","value":"//bdi[text()=\"OK\"]"}
COMMAND: POST /session/e98a8c3f8e564d5dffeeff8b737fde72/elements - {"using":"xpath","value":"//bdi[text()=\"OK\"]"}
RESULT: {"using":"xpath","value":"//bdi[text()=\"OK\"]"}
COMMAND: POST /session/e98a8c3f8e564d5dffeeff8b737fde72/elements - {"using":"xpath","value":"//bdi[text()=\"OK\"]"}
RESULT: {"using":"xpath","value":"//bdi[text()=\"OK\"]"}
COMMAND: POST /session/e98a8c3f8e564d5dffeeff8b737fde72/elements - {"using":"xpath","value":"//bdi[text()=\"OK\"]"}
RESULT: {"using":"xpath","value":"//bdi[text()=\"OK\"]"}
COMMAND: POST /session/e98a8c3f8e564d5dffeeff8b737fde72/elements - {"using":"xpath","value":"//bdi[text()=\"OK\"]"}
RESULT: {"using":"xpath","value":"//bdi[text()=\"OK\"]"}
COMMAND: POST /session/e98a8c3f8e564d5dffeeff8b737fde72/elements - {"using":"xpath","value":"//bdi[text()=\"OK\"]"}
RESULT: {"using":"xpath","value":"//bdi[text()=\"OK\"]"}
COMMAND: POST /session/e98a8c3f8e564d5dffeeff8b737fde72/elements - {"using":"xpath","value":"//bdi[text()=\"OK\"]"}
RESULT: {"using":"xpath","value":"//bdi[text()=\"OK\"]"}
COMMAND: POST /session/e98a8c3f8e564d5dffeeff8b737fde72/elements - {"using":"xpath","value":"//bdi[text()=\"OK\"]"}
RESULT: {"using":"xpath","value":"//bdi[text()=\"OK\"]"}
COMMAND: POST /session/e98a8c3f8e564d5dffeeff8b737fde72/elements - {"using":"xpath","value":"//bdi[text()=\"OK\"]"}
RESULT: {"using":"xpath","value":"//bdi[text()=\"OK\"]"}
COMMAND: POST /session/e98a8c3f8e564d5dffeeff8b737fde72/elements - {"using":"xpath","value":"//bdi[text()=\"OK\"]"}
RESULT: {"using":"xpath","value":"//bdi[text()=\"OK\"]"}
COMMAND: POST /session/e98a8c3f8e564d5dffeeff8b737fde72/elements - {"using":"xpath","value":"//bdi[text()=\"OK\"]"}
RESULT: {"using":"xpath","value":"//bdi[text()=\"OK\"]"}
COMMAND: POST /session/e98a8c3f8e564d5dffeeff8b737fde72/elements - {"using":"xpath","value":"//bdi[text()=\"OK\"]"}
RESULT: {"using":"xpath","value":"//bdi[text()=\"OK\"]"}
COMMAND: POST /session/e98a8c3f8e564d5dffeeff8b737fde72/elements - {"using":"xpath","value":"//bdi[text()=\"OK\"]"}
RESULT: {"using":"xpath","value":"//bdi[text()=\"OK\"]"}
COMMAND: POST /session/e98a8c3f8e564d5dffeeff8b737fde72/elements - {"using":"xpath","value":"//bdi[text()=\"OK\"]"}
RESULT: {"using":"xpath","value":"//bdi[text()=\"OK\"]"}
COMMAND: POST /session/e98a8c3f8e564d5dffeeff8b737fde72/elements - {"using":"xpath","value":"//bdi[text()=\"OK\"]"}
RESULT: {"using":"xpath","value":"//bdi[text()=\"OK\"]"}
COMMAND: POST /session/e98a8c3f8e564d5dffeeff8b737fde72/elements - {"using":"xpath","value":"//bdi[text()=\"OK\"]"}
RESULT: {"using":"xpath","value":"//bdi[text()=\"OK\"]"}
COMMAND: POST /session/e98a8c3f8e564d5dffeeff8b737fde72/elements - {"using":"xpath","value":"//bdi[text()=\"OK\"]"}
RESULT: {"using":"xpath","value":"//bdi[text()=\"OK\"]"}
COMMAND: POST /session/e98a8c3f8e564d5dffeeff8b737fde72/elements - {"using":"xpath","value":"//bdi[text()=\"OK\"]"}
RESULT: {"using":"xpath","value":"//bdi[text()=\"OK\"]"}
COMMAND: POST /session/e98a8c3f8e564d5dffeeff8b737fde72/elements - {"using":"xpath","value":"//bdi[text()=\"OK\"]"}
RESULT: {"using":"xpath","value":"//bdi[text()=\"OK\"]"}
COMMAND: POST /session/e98a8c3f8e564d5dffeeff8b737fde72/elements - {"using":"xpath","value":"//bdi[text()=\"OK\"]"}
RESULT: {"using":"xpath","value":"//bdi[text()=\"OK\"]"}
COMMAND: POST /session/e98a8c3f8e564d5dffeeff8b737fde72/elements - {"using":"xpath","value":"//bdi[text()=\"OK\"]"}
RESULT: {"using":"xpath","value":"//bdi[text()=\"OK\"]"}
COMMAND: POST /session/e98a8c3f8e564d5dffeeff8b737fde72/elements - {"using":"xpath","value":"//bdi[text()=\"OK\"]"}
RESULT: {"using":"xpath","value":"//bdi[text()=\"OK\"]"}
COMMAND: POST /session/e98a8c3f8e564d5dffeeff8b737fde72/elements - {"using":"xpath","value":"//bdi[text()=\"OK\"]"}
RESULT: {"using":"xpath","value":"//bdi[text()=\"OK\"]"}
COMMAND: POST /session/e98a8c3f8e564d5dffeeff8b737fde72/elements - {"using":"xpath","value":"//bdi[text()=\"OK\"]"}
RESULT: {"using":"xpath","value":"//bdi[text()=\"OK\"]"}
COMMAND: POST /session/e98a8c3f8e564d5dffeeff8b737fde72/elements - {"using":"xpath","value":"//bdi[text()=\"OK\"]"}
RESULT: {"using":"xpath","value":"//bdi[text()=\"OK\"]"}
COMMAND: POST /session/e98a8c3f8e564d5dffeeff8b737fde72/elements - {"using":"xpath","value":"//bdi[text()=\"OK\"]"}
RESULT: {"using":"xpath","value":"//bdi[text()=\"OK\"]"}
COMMAND: POST /session/e98a8c3f8e564d5dffeeff8b737fde72/elements - {"using":"xpath","value":"//bdi[text()=\"OK\"]"}
RESULT: {"using":"xpath","value":"//bdi[text()=\"OK\"]"}
COMMAND: POST /session/e98a8c3f8e564d5dffeeff8b737fde72/elements - {"using":"xpath","value":"//bdi[text()=\"OK\"]"}
RESULT: {"using":"xpath","value":"//bdi[text()=\"OK\"]"}
COMMAND: POST /session/e98a8c3f8e564d5dffeeff8b737fde72/elements - {"using":"xpath","value":"//bdi[text()=\"OK\"]"}
RESULT: {"using":"xpath","value":"//bdi[text()=\"OK\"]"}
COMMAND: POST /session/e98a8c3f8e564d5dffeeff8b737fde72/elements - {"using":"xpath","value":"//bdi[text()=\"OK\"]"}
RESULT: {"using":"xpath","value":"//bdi[text()=\"OK\"]"}
COMMAND: POST /session/e98a8c3f8e564d5dffeeff8b737fde72/elements - {"using":"xpath","value":"//bdi[text()=\"OK\"]"}
RESULT: {"using":"xpath","value":"//bdi[text()=\"OK\"]"}
COMMAND: POST /session/e98a8c3f8e564d5dffeeff8b737fde72/elements - {"using":"xpath","value":"//bdi[text()=\"OK\"]"}
RESULT: {"using":"xpath","value":"//bdi[text()=\"OK\"]"}
COMMAND: POST /session/e98a8c3f8e564d5dffeeff8b737fde72/elements - {"using":"xpath","value":"//bdi[text()=\"OK\"]"}
RESULT: {"using":"xpath","value":"//bdi[text()=\"OK\"]"}
COMMAND: POST /session/e98a8c3f8e564d5dffeeff8b737fde72/elements - {"using":"xpath","value":"//bdi[text()=\"OK\"]"}
COMMAND: POST /session/e98a8c3f8e564d5dffeeff8b737fde72/element - {"using":"xpath","value":"//bdi[text()=\"OK\"]"}
RESULT: {"using":"xpath","value":"//bdi[text()=\"OK\"]"}
RESULT: {"using":"xpath","value":"//bdi[text()=\"OK\"]"}
COMMAND: POST /session/e98a8c3f8e564d5dffeeff8b737fde72/elements - {"using":"xpath","value":"//bdi[text()=\"OK\"]"}
RESULT: {"using":"xpath","value":"//bdi[text()=\"OK\"]"}
COMMAND: POST /session/e98a8c3f8e564d5dffeeff8b737fde72/elements - {"using":"xpath","value":"//bdi[text()=\"OK\"]"}
RESULT: {"using":"xpath","value":"//bdi[text()=\"OK\"]"}
COMMAND: POST /session/e98a8c3f8e564d5dffeeff8b737fde72/elements - {"using":"xpath","value":"//bdi[text()=\"OK\"]"}
RESULT: {"using":"xpath","value":"//bdi[text()=\"OK\"]"}
COMMAND: POST /session/e98a8c3f8e564d5dffeeff8b737fde72/elements - {"using":"xpath","value":"//bdi[text()=\"OK\"]"}
RESULT: {"using":"xpath","value":"//bdi[text()=\"OK\"]"}
COMMAND: POST /session/e98a8c3f8e564d5dffeeff8b737fde72/elements - {"using":"xpath","value":"//bdi[text()=\"OK\"]"}
RESULT: {"using":"xpath","value":"//bdi[text()=\"OK\"]"}
COMMAND: POST /session/e98a8c3f8e564d5dffeeff8b737fde72/elements - {"using":"xpath","value":"//bdi[text()=\"OK\"]"}
RESULT: {"using":"xpath","value":"//bdi[text()=\"OK\"]"}
COMMAND: POST /session/e98a8c3f8e564d5dffeeff8b737fde72/elements - {"using":"xpath","value":"//bdi[text()=\"OK\"]"}
RESULT: {"using":"xpath","value":"//bdi[text()=\"OK\"]"}
COMMAND: POST /session/e98a8c3f8e564d5dffeeff8b737fde72/elements - {"using":"xpath","value":"//bdi[text()=\"OK\"]"}
RESULT: {"using":"xpath","value":"//bdi[text()=\"OK\"]"}
COMMAND: POST /session/e98a8c3f8e564d5dffeeff8b737fde72/elements - {"using":"xpath","value":"//bdi[text()=\"OK\"]"}
RESULT: {"using":"xpath","value":"//bdi[text()=\"OK\"]"}
COMMAND: POST /session/e98a8c3f8e564d5dffeeff8b737fde72/elements - {"using":"xpath","value":"//bdi[text()=\"OK\"]"}
RESULT: {"using":"xpath","value":"//bdi[text()=\"OK\"]"}
COMMAND: POST /session/e98a8c3f8e564d5dffeeff8b737fde72/elements - {"using":"xpath","value":"//bdi[text()=\"OK\"]"}
RESULT: {"using":"xpath","value":"//bdi[text()=\"OK\"]"}
COMMAND: POST /session/e98a8c3f8e564d5dffeeff8b737fde72/elements - {"using":"xpath","value":"//bdi[text()=\"OK\"]"}
RESULT: {"using":"xpath","value":"//bdi[text()=\"OK\"]"}
COMMAND: POST /session/e98a8c3f8e564d5dffeeff8b737fde72/elements - {"using":"xpath","value":"//bdi[text()=\"OK\"]"}
RESULT: {"using":"xpath","value":"//bdi[text()=\"OK\"]"}
COMMAND: POST /session/e98a8c3f8e564d5dffeeff8b737fde72/elements - {"using":"xpath","value":"//bdi[text()=\"OK\"]"}
RESULT: {"using":"xpath","value":"//bdi[text()=\"OK\"]"}
COMMAND: POST /session/e98a8c3f8e564d5dffeeff8b737fde72/elements - {"using":"xpath","value":"//bdi[text()=\"OK\"]"}
RESULT: {"using":"xpath","value":"//bdi[text()=\"OK\"]"}
COMMAND: POST /session/e98a8c3f8e564d5dffeeff8b737fde72/elements - {"using":"xpath","value":"//bdi[text()=\"OK\"]"}
RESULT: {"using":"xpath","value":"//bdi[text()=\"OK\"]"}
COMMAND: POST /session/e98a8c3f8e564d5dffeeff8b737fde72/elements - {"using":"xpath","value":"//bdi[text()=\"OK\"]"}
RESULT: {"using":"xpath","value":"//bdi[text()=\"OK\"]"}
COMMAND: POST /session/e98a8c3f8e564d5dffeeff8b737fde72/elements - {"using":"xpath","value":"//bdi[text()=\"OK\"]"}
RESULT: {"using":"xpath","value":"//bdi[text()=\"OK\"]"}
COMMAND: POST /session/e98a8c3f8e564d5dffeeff8b737fde72/elements - {"using":"xpath","value":"//bdi[text()=\"OK\"]"}
RESULT: {"using":"xpath","value":"//bdi[text()=\"OK\"]"}
COMMAND: POST /session/e98a8c3f8e564d5dffeeff8b737fde72/elements - {"using":"xpath","value":"//bdi[text()=\"OK\"]"}
RESULT: {"using":"xpath","value":"//bdi[text()=\"OK\"]"}
COMMAND: POST /session/e98a8c3f8e564d5dffeeff8b737fde72/elements - {"using":"xpath","value":"//bdi[text()=\"OK\"]"}
RESULT: {"using":"xpath","value":"//bdi[text()=\"OK\"]"}
COMMAND: POST /session/e98a8c3f8e564d5dffeeff8b737fde72/elements - {"using":"xpath","value":"//bdi[text()=\"OK\"]"}
RESULT: {"using":"xpath","value":"//bdi[text()=\"OK\"]"}
COMMAND: POST /session/e98a8c3f8e564d5dffeeff8b737fde72/elements - {"using":"xpath","value":"//bdi[text()=\"OK\"]"}
RESULT: {"using":"xpath","value":"//bdi[text()=\"OK\"]"}
COMMAND: POST /session/e98a8c3f8e564d5dffeeff8b737fde72/elements - {"using":"xpath","value":"//bdi[text()=\"OK\"]"}
RESULT: {"using":"xpath","value":"//bdi[text()=\"OK\"]"}
COMMAND: POST /session/e98a8c3f8e564d5dffeeff8b737fde72/elements - {"using":"xpath","value":"//bdi[text()=\"OK\"]"}
RESULT: {"using":"xpath","value":"//bdi[text()=\"OK\"]"}
COMMAND: POST /session/e98a8c3f8e564d5dffeeff8b737fde72/elements - {"using":"xpath","value":"//bdi[text()=\"OK\"]"}
RESULT: {"using":"xpath","value":"//bdi[text()=\"OK\"]"}
COMMAND: POST /session/e98a8c3f8e564d5dffeeff8b737fde72/elements - {"using":"xpath","value":"//bdi[text()=\"OK\"]"}
RESULT: {"using":"xpath","value":"//bdi[text()=\"OK\"]"}
COMMAND: POST /session/e98a8c3f8e564d5dffeeff8b737fde72/elements - {"using":"xpath","value":"//bdi[text()=\"OK\"]"}
RESULT: {"using":"xpath","value":"//bdi[text()=\"OK\"]"}
COMMAND: POST /session/e98a8c3f8e564d5dffeeff8b737fde72/elements - {"using":"xpath","value":"//bdi[text()=\"OK\"]"}
RESULT: {"using":"xpath","value":"//bdi[text()=\"OK\"]"}
COMMAND: POST /session/e98a8c3f8e564d5dffeeff8b737fde72/elements - {"using":"xpath","value":"//bdi[text()=\"OK\"]"}
RESULT: {"using":"xpath","value":"//bdi[text()=\"OK\"]"}
COMMAND: POST /session/e98a8c3f8e564d5dffeeff8b737fde72/elements - {"using":"xpath","value":"//bdi[text()=\"OK\"]"}
RESULT: {"using":"xpath","value":"//bdi[text()=\"OK\"]"}
COMMAND: POST /session/e98a8c3f8e564d5dffeeff8b737fde72/elements - {"using":"xpath","value":"//bdi[text()=\"OK\"]"}
RESULT: {"using":"xpath","value":"//bdi[text()=\"OK\"]"}
COMMAND: POST /session/e98a8c3f8e564d5dffeeff8b737fde72/elements - {"using":"xpath","value":"//bdi[text()=\"OK\"]"}
RESULT: {"using":"xpath","value":"//bdi[text()=\"OK\"]"}
COMMAND: POST /session/e98a8c3f8e564d5dffeeff8b737fde72/elements - {"using":"xpath","value":"//bdi[text()=\"OK\"]"}
RESULT: {"using":"xpath","value":"//bdi[text()=\"OK\"]"}
COMMAND: POST /session/e98a8c3f8e564d5dffeeff8b737fde72/elements - {"using":"xpath","value":"//bdi[text()=\"OK\"]"}
RESULT: {"using":"xpath","value":"//bdi[text()=\"OK\"]"}
COMMAND: POST /session/e98a8c3f8e564d5dffeeff8b737fde72/elements - {"using":"xpath","value":"//bdi[text()=\"OK\"]"}
RESULT: {"using":"xpath","value":"//bdi[text()=\"OK\"]"}
COMMAND: POST /session/e98a8c3f8e564d5dffeeff8b737fde72/elements - {"using":"xpath","value":"//bdi[text()=\"OK\"]"}
RESULT: {"using":"xpath","value":"//bdi[text()=\"OK\"]"}
COMMAND: POST /session/e98a8c3f8e564d5dffeeff8b737fde72/elements - {"using":"xpath","value":"//bdi[text()=\"OK\"]"}
RESULT: {"using":"xpath","value":"//bdi[text()=\"OK\"]"}
COMMAND: POST /session/e98a8c3f8e564d5dffeeff8b737fde72/elements - {"using":"xpath","value":"//bdi[text()=\"OK\"]"}
RESULT: {"using":"xpath","value":"//bdi[text()=\"OK\"]"}
COMMAND: POST /session/e98a8c3f8e564d5dffeeff8b737fde72/elements - {"using":"xpath","value":"//bdi[text()=\"OK\"]"}
RESULT: {"using":"xpath","value":"//bdi[text()=\"OK\"]"}
COMMAND: POST /session/e98a8c3f8e564d5dffeeff8b737fde72/elements - {"using":"xpath","value":"//bdi[text()=\"OK\"]"}
RESULT: {"using":"xpath","value":"//bdi[text()=\"OK\"]"}
COMMAND: POST /session/e98a8c3f8e564d5dffeeff8b737fde72/elements - {"using":"xpath","value":"//bdi[text()=\"OK\"]"}
RESULT: {"using":"xpath","value":"//bdi[text()=\"OK\"]"}
COMMAND: POST /session/e98a8c3f8e564d5dffeeff8b737fde72/elements - {"using":"xpath","value":"//bdi[text()=\"OK\"]"}
RESULT: {"using":"xpath","value":"//bdi[text()=\"OK\"]"}
COMMAND: POST /session/e98a8c3f8e564d5dffeeff8b737fde72/elements - {"using":"xpath","value":"//bdi[text()=\"OK\"]"}
RESULT: {"using":"xpath","value":"//bdi[text()=\"OK\"]"}
COMMAND: POST /session/e98a8c3f8e564d5dffeeff8b737fde72/elements - {"using":"xpath","value":"//bdi[text()=\"OK\"]"}
RESULT: {"using":"xpath","value":"//bdi[text()=\"OK\"]"}
COMMAND: POST /session/e98a8c3f8e564d5dffeeff8b737fde72/elements - {"using":"xpath","value":"//bdi[text()=\"OK\"]"}
RESULT: {"using":"xpath","value":"//bdi[text()=\"OK\"]"}
COMMAND: POST /session/e98a8c3f8e564d5dffeeff8b737fde72/elements - {"using":"xpath","value":"//bdi[text()=\"OK\"]"}
RESULT: {"using":"xpath","value":"//bdi[text()=\"OK\"]"}
COMMAND: POST /session/e98a8c3f8e564d5dffeeff8b737fde72/elements - {"using":"xpath","value":"//bdi[text()=\"OK\"]"}
RESULT: {"using":"xpath","value":"//bdi[text()=\"OK\"]"}
COMMAND: POST /session/e98a8c3f8e564d5dffeeff8b737fde72/elements - {"using":"xpath","value":"//bdi[text()=\"OK\"]"}
RESULT: {"using":"xpath","value":"//bdi[text()=\"OK\"]"}
COMMAND: POST /session/e98a8c3f8e564d5dffeeff8b737fde72/elements - {"using":"xpath","value":"//bdi[text()=\"OK\"]"}
RESULT: {"using":"xpath","value":"//bdi[text()=\"OK\"]"}
COMMAND: POST /session/e98a8c3f8e564d5dffeeff8b737fde72/elements - {"using":"xpath","value":"//bdi[text()=\"OK\"]"}
RESULT: {"using":"xpath","value":"//bdi[text()=\"OK\"]"}
COMMAND: POST /session/e98a8c3f8e564d5dffeeff8b737fde72/elements - {"using":"xpath","value":"//bdi[text()=\"OK\"]"}
RESULT: {"using":"xpath","value":"//bdi[text()=\"OK\"]"}
COMMAND: POST /session/e98a8c3f8e564d5dffeeff8b737fde72/elements - {"using":"xpath","value":"//bdi[text()=\"OK\"]"}
RESULT: {"using":"xpath","value":"//bdi[text()=\"OK\"]"}
COMMAND: POST /session/e98a8c3f8e564d5dffeeff8b737fde72/elements - {"using":"xpath","value":"//bdi[text()=\"OK\"]"}
RESULT: {"using":"xpath","value":"//bdi[text()=\"OK\"]"}
COMMAND: POST /session/e98a8c3f8e564d5dffeeff8b737fde72/elements - {"using":"xpath","value":"//bdi[text()=\"OK\"]"}
RESULT: {"using":"xpath","value":"//bdi[text()=\"OK\"]"}
COMMAND: POST /session/e98a8c3f8e564d5dffeeff8b737fde72/elements - {"using":"xpath","value":"//bdi[text()=\"OK\"]"}
RESULT: {"using":"xpath","value":"//bdi[text()=\"OK\"]"}
COMMAND: POST /session/e98a8c3f8e564d5dffeeff8b737fde72/elements - {"using":"xpath","value":"//bdi[text()=\"OK\"]"}
RESULT: {"using":"xpath","value":"//bdi[text()=\"OK\"]"}
COMMAND: POST /session/e98a8c3f8e564d5dffeeff8b737fde72/elements - {"using":"xpath","value":"//bdi[text()=\"OK\"]"}
RESULT: {"using":"xpath","value":"//bdi[text()=\"OK\"]"}
COMMAND: POST /session/e98a8c3f8e564d5dffeeff8b737fde72/elements - {"using":"xpath","value":"//bdi[text()=\"OK\"]"}
RESULT: {"using":"xpath","value":"//bdi[text()=\"OK\"]"}
COMMAND: POST /session/e98a8c3f8e564d5dffeeff8b737fde72/elements - {"using":"xpath","value":"//bdi[text()=\"OK\"]"}
RESULT: {"using":"xpath","value":"//bdi[text()=\"OK\"]"}
COMMAND: POST /session/e98a8c3f8e564d5dffeeff8b737fde72/elements - {"using":"xpath","value":"//bdi[text()=\"OK\"]"}
RESULT: {"using":"xpath","value":"//bdi[text()=\"OK\"]"}
COMMAND: POST /session/e98a8c3f8e564d5dffeeff8b737fde72/elements - {"using":"xpath","value":"//bdi[text()=\"OK\"]"}
RESULT: {"using":"xpath","value":"//bdi[text()=\"OK\"]"}
COMMAND: POST /session/e98a8c3f8e564d5dffeeff8b737fde72/elements - {"using":"xpath","value":"//bdi[text()=\"OK\"]"}
RESULT: {"using":"xpath","value":"//bdi[text()=\"OK\"]"}
COMMAND: POST /session/e98a8c3f8e564d5dffeeff8b737fde72/elements - {"using":"xpath","value":"//bdi[text()=\"OK\"]"}
RESULT: {"using":"xpath","value":"//bdi[text()=\"OK\"]"}
COMMAND: POST /session/e98a8c3f8e564d5dffeeff8b737fde72/elements - {"using":"xpath","value":"//bdi[text()=\"OK\"]"}
RESULT: {"using":"xpath","value":"//bdi[text()=\"OK\"]"}
COMMAND: POST /session/e98a8c3f8e564d5dffeeff8b737fde72/elements - {"using":"xpath","value":"//bdi[text()=\"OK\"]"}
RESULT: {"using":"xpath","value":"//bdi[text()=\"OK\"]"}
COMMAND: POST /session/e98a8c3f8e564d5dffeeff8b737fde72/elements - {"using":"xpath","value":"//bdi[text()=\"OK\"]"}
RESULT: {"using":"xpath","value":"//bdi[text()=\"OK\"]"}
COMMAND: POST /session/e98a8c3f8e564d5dffeeff8b737fde72/elements - {"using":"xpath","value":"//bdi[text()=\"OK\"]"}
RESULT: {"using":"xpath","value":"//bdi[text()=\"OK\"]"}
COMMAND: POST /session/e98a8c3f8e564d5dffeeff8b737fde72/elements - {"using":"xpath","value":"//bdi[text()=\"OK\"]"}
RESULT: {"using":"xpath","value":"//bdi[text()=\"OK\"]"}
COMMAND: POST /session/e98a8c3f8e564d5dffeeff8b737fde72/elements - {"using":"xpath","value":"//bdi[text()=\"OK\"]"}
RESULT: {"using":"xpath","value":"//bdi[text()=\"OK\"]"}
COMMAND: POST /session/e98a8c3f8e564d5dffeeff8b737fde72/elements - {"using":"xpath","value":"//bdi[text()=\"OK\"]"}
RESULT: {"using":"xpath","value":"//bdi[text()=\"OK\"]"}
COMMAND: POST /session/e98a8c3f8e564d5dffeeff8b737fde72/elements - {"using":"xpath","value":"//bdi[text()=\"OK\"]"}
RESULT: {"using":"xpath","value":"//bdi[text()=\"OK\"]"}
COMMAND: POST /session/e98a8c3f8e564d5dffeeff8b737fde72/elements - {"using":"xpath","value":"//bdi[text()=\"OK\"]"}
RESULT: {"using":"xpath","value":"//bdi[text()=\"OK\"]"}
COMMAND: POST /session/e98a8c3f8e564d5dffeeff8b737fde72/elements - {"using":"xpath","value":"//bdi[text()=\"OK\"]"}
RESULT: {"using":"xpath","value":"//bdi[text()=\"OK\"]"}
COMMAND: POST /session/e98a8c3f8e564d5dffeeff8b737fde72/elements - {"using":"xpath","value":"//bdi[text()=\"OK\"]"}
RESULT: {"using":"xpath","value":"//bdi[text()=\"OK\"]"}
COMMAND: POST /session/e98a8c3f8e564d5dffeeff8b737fde72/elements - {"using":"xpath","value":"//bdi[text()=\"OK\"]"}
RESULT: {"using":"xpath","value":"//bdi[text()=\"OK\"]"}
COMMAND: POST /session/e98a8c3f8e564d5dffeeff8b737fde72/elements - {"using":"xpath","value":"//bdi[text()=\"OK\"]"}
RESULT: {"using":"xpath","value":"//bdi[text()=\"OK\"]"}
COMMAND: POST /session/e98a8c3f8e564d5dffeeff8b737fde72/elements - {"using":"xpath","value":"//bdi[text()=\"OK\"]"}
RESULT: {"using":"xpath","value":"//bdi[text()=\"OK\"]"}
COMMAND: POST /session/e98a8c3f8e564d5dffeeff8b737fde72/elements - {"using":"xpath","value":"//bdi[text()=\"OK\"]"}
RESULT: {"using":"xpath","value":"//bdi[text()=\"OK\"]"}
COMMAND: POST /session/e98a8c3f8e564d5dffeeff8b737fde72/elements - {"using":"xpath","value":"//bdi[text()=\"OK\"]"}
RESULT: {"using":"xpath","value":"//bdi[text()=\"OK\"]"}
COMMAND: POST /session/e98a8c3f8e564d5dffeeff8b737fde72/elements - {"using":"xpath","value":"//bdi[text()=\"OK\"]"}
RESULT: {"using":"xpath","value":"//bdi[text()=\"OK\"]"}
COMMAND: POST /session/e98a8c3f8e564d5dffeeff8b737fde72/elements - {"using":"xpath","value":"//bdi[text()=\"OK\"]"}
RESULT: {"using":"xpath","value":"//bdi[text()=\"OK\"]"}
COMMAND: POST /session/e98a8c3f8e564d5dffeeff8b737fde72/elements - {"using":"xpath","value":"//bdi[text()=\"OK\"]"}
RESULT: {"using":"xpath","value":"//bdi[text()=\"OK\"]"}
COMMAND: POST /session/e98a8c3f8e564d5dffeeff8b737fde72/elements - {"using":"xpath","value":"//bdi[text()=\"OK\"]"}
RESULT: {"using":"xpath","value":"//bdi[text()=\"OK\"]"}
COMMAND: POST /session/e98a8c3f8e564d5dffeeff8b737fde72/elements - {"using":"xpath","value":"//bdi[text()=\"OK\"]"}
RESULT: {"using":"xpath","value":"//bdi[text()=\"OK\"]"}
COMMAND: POST /session/e98a8c3f8e564d5dffeeff8b737fde72/elements - {"using":"xpath","value":"//bdi[text()=\"OK\"]"}
RESULT: {"using":"xpath","value":"//bdi[text()=\"OK\"]"}
COMMAND: POST /session/e98a8c3f8e564d5dffeeff8b737fde72/elements - {"using":"xpath","value":"//bdi[text()=\"OK\"]"}
RESULT: {"using":"xpath","value":"//bdi[text()=\"OK\"]"}
COMMAND: POST /session/e98a8c3f8e564d5dffeeff8b737fde72/elements - {"using":"xpath","value":"//bdi[text()=\"OK\"]"}
RESULT: {"using":"xpath","value":"//bdi[text()=\"OK\"]"}
COMMAND: POST /session/e98a8c3f8e564d5dffeeff8b737fde72/elements - {"using":"xpath","value":"//bdi[text()=\"OK\"]"}
RESULT: {"using":"xpath","value":"//bdi[text()=\"OK\"]"}
COMMAND: POST /session/e98a8c3f8e564d5dffeeff8b737fde72/elements - {"using":"xpath","value":"//bdi[text()=\"OK\"]"}
RESULT: {"using":"xpath","value":"//bdi[text()=\"OK\"]"}
COMMAND: POST /session/e98a8c3f8e564d5dffeeff8b737fde72/elements - {"using":"xpath","value":"//bdi[text()=\"OK\"]"}
RESULT: {"using":"xpath","value":"//bdi[text()=\"OK\"]"}
COMMAND: POST /session/e98a8c3f8e564d5dffeeff8b737fde72/elements - {"using":"xpath","value":"//bdi[text()=\"OK\"]"}
RESULT: {"using":"xpath","value":"//bdi[text()=\"OK\"]"}
COMMAND: POST /session/e98a8c3f8e564d5dffeeff8b737fde72/elements - {"using":"xpath","value":"//bdi[text()=\"OK\"]"}
RESULT: {"using":"xpath","value":"//bdi[text()=\"OK\"]"}
COMMAND: POST /session/e98a8c3f8e564d5dffeeff8b737fde72/elements - {"using":"xpath","value":"//bdi[text()=\"OK\"]"}
RESULT: {"using":"xpath","value":"//bdi[text()=\"OK\"]"}
COMMAND: POST /session/e98a8c3f8e564d5dffeeff8b737fde72/elements - {"using":"xpath","value":"//bdi[text()=\"OK\"]"}
RESULT: {"using":"xpath","value":"//bdi[text()=\"OK\"]"}
COMMAND: POST /session/e98a8c3f8e564d5dffeeff8b737fde72/elements - {"using":"xpath","value":"//bdi[text()=\"OK\"]"}
RESULT: {"using":"xpath","value":"//bdi[text()=\"OK\"]"}
COMMAND: POST /session/e98a8c3f8e564d5dffeeff8b737fde72/elements - {"using":"xpath","value":"//bdi[text()=\"OK\"]"}
RESULT: {"using":"xpath","value":"//bdi[text()=\"OK\"]"}
COMMAND: POST /session/e98a8c3f8e564d5dffeeff8b737fde72/elements - {"using":"xpath","value":"//bdi[text()=\"OK\"]"}
RESULT: {"using":"xpath","value":"//bdi[text()=\"OK\"]"}
COMMAND: POST /session/e98a8c3f8e564d5dffeeff8b737fde72/elements - {"using":"xpath","value":"//bdi[text()=\"OK\"]"}
RESULT: {"using":"xpath","value":"//bdi[text()=\"OK\"]"}
COMMAND: POST /session/e98a8c3f8e564d5dffeeff8b737fde72/elements - {"using":"xpath","value":"//bdi[text()=\"OK\"]"}
RESULT: {"using":"xpath","value":"//bdi[text()=\"OK\"]"}
COMMAND: POST /session/e98a8c3f8e564d5dffeeff8b737fde72/elements - {"using":"xpath","value":"//bdi[text()=\"OK\"]"}
RESULT: {"using":"xpath","value":"//bdi[text()=\"OK\"]"}
COMMAND: POST /session/e98a8c3f8e564d5dffeeff8b737fde72/elements - {"using":"xpath","value":"//bdi[text()=\"OK\"]"}
RESULT: {"using":"xpath","value":"//bdi[text()=\"OK\"]"}
COMMAND: POST /session/e98a8c3f8e564d5dffeeff8b737fde72/elements - {"using":"xpath","value":"//bdi[text()=\"OK\"]"}
RESULT: {"using":"xpath","value":"//bdi[text()=\"OK\"]"}
COMMAND: POST /session/e98a8c3f8e564d5dffeeff8b737fde72/elements - {"using":"xpath","value":"//bdi[text()=\"OK\"]"}
RESULT: {"using":"xpath","value":"//bdi[text()=\"OK\"]"}
COMMAND: POST /session/e98a8c3f8e564d5dffeeff8b737fde72/elements - {"using":"xpath","value":"//bdi[text()=\"OK\"]"}
RESULT: {"using":"xpath","value":"//bdi[text()=\"OK\"]"}
COMMAND: POST /session/e98a8c3f8e564d5dffeeff8b737fde72/elements - {"using":"xpath","value":"//bdi[text()=\"OK\"]"}
RESULT: {"using":"xpath","value":"//bdi[text()=\"OK\"]"}
COMMAND: POST /session/e98a8c3f8e564d5dffeeff8b737fde72/elements - {"using":"xpath","value":"//bdi[text()=\"OK\"]"}
RESULT: {"using":"xpath","value":"//bdi[text()=\"OK\"]"}
COMMAND: POST /session/e98a8c3f8e564d5dffeeff8b737fde72/elements - {"using":"xpath","value":"//bdi[text()=\"OK\"]"}
RESULT: {"using":"xpath","value":"//bdi[text()=\"OK\"]"}
COMMAND: POST /session/e98a8c3f8e564d5dffeeff8b737fde72/elements - {"using":"xpath","value":"//bdi[text()=\"OK\"]"}
RESULT: {"using":"xpath","value":"//bdi[text()=\"OK\"]"}
COMMAND: POST /session/e98a8c3f8e564d5dffeeff8b737fde72/elements - {"using":"xpath","value":"//bdi[text()=\"OK\"]"}
RESULT: {"using":"xpath","value":"//bdi[text()=\"OK\"]"}
COMMAND: POST /session/e98a8c3f8e564d5dffeeff8b737fde72/elements - {"using":"xpath","value":"//bdi[text()=\"OK\"]"}
RESULT: {"using":"xpath","value":"//bdi[text()=\"OK\"]"}
COMMAND: POST /session/e98a8c3f8e564d5dffeeff8b737fde72/elements - {"using":"xpath","value":"//bdi[text()=\"OK\"]"}
RESULT: {"using":"xpath","value":"//bdi[text()=\"OK\"]"}
COMMAND: POST /session/e98a8c3f8e564d5dffeeff8b737fde72/elements - {"using":"xpath","value":"//bdi[text()=\"OK\"]"}
RESULT: {"using":"xpath","value":"//bdi[text()=\"OK\"]"}
COMMAND: POST /session/e98a8c3f8e564d5dffeeff8b737fde72/elements - {"using":"xpath","value":"//bdi[text()=\"OK\"]"}
RESULT: {"using":"xpath","value":"//bdi[text()=\"OK\"]"}
COMMAND: POST /session/e98a8c3f8e564d5dffeeff8b737fde72/elements - {"using":"xpath","value":"//bdi[text()=\"OK\"]"}
RESULT: {"using":"xpath","value":"//bdi[text()=\"OK\"]"}
COMMAND: POST /session/e98a8c3f8e564d5dffeeff8b737fde72/elements - {"using":"xpath","value":"//bdi[text()=\"OK\"]"}
RESULT: {"using":"xpath","value":"//bdi[text()=\"OK\"]"}
COMMAND: POST /session/e98a8c3f8e564d5dffeeff8b737fde72/elements - {"using":"xpath","value":"//bdi[text()=\"OK\"]"}
RESULT: {"using":"xpath","value":"//bdi[text()=\"OK\"]"}
COMMAND: POST /session/e98a8c3f8e564d5dffeeff8b737fde72/elements - {"using":"xpath","value":"//bdi[text()=\"OK\"]"}
RESULT: {"using":"xpath","value":"//bdi[text()=\"OK\"]"}
COMMAND: POST /session/e98a8c3f8e564d5dffeeff8b737fde72/elements - {"using":"xpath","value":"//bdi[text()=\"OK\"]"}
RESULT: {"using":"xpath","value":"//bdi[text()=\"OK\"]"}
COMMAND: POST /session/e98a8c3f8e564d5dffeeff8b737fde72/elements - {"using":"xpath","value":"//bdi[text()=\"OK\"]"}
RESULT: {"using":"xpath","value":"//bdi[text()=\"OK\"]"}
COMMAND: POST /session/e98a8c3f8e564d5dffeeff8b737fde72/execute/async - {"script":"<script> [1562 bytes]","args":[{"selector":{"id":"application-manageresources-display-component---newResourceUnit--TYPE-arrow"},"wdio_ui5_key":"applicationmanageresources-display-component---newResourceUnit--TYPE-arrow"}]}
RESULT: {"script":"<script> [1562 bytes]","args":[{"selector":{"id":"application-manageresources-display-component---newResourceUnit--TYPE-arrow"},"wdio_ui5_key":"applicationmanageresources-display-component---newResourceUnit--TYPE-arrow"}]}
RESULT: undefined
COMMAND: POST /session/e98a8c3f8e564d5dffeeff8b737fde72/element - {"using":"xpath","value":"//*[@id=\"application-manageresources-display-component---newResourceUnit--TYPE-arrow\"]"}
RESULT: {"using":"xpath","value":"//*[@id=\"application-manageresources-display-component---newResourceUnit--TYPE-arrow\"]"}
COMMAND: POST /session/e98a8c3f8e564d5dffeeff8b737fde72/element/f.442E653FBE801B9469C6A395343E122D.d.1B76663366E8472A5C037118ADA68FF5.e.6123/click - {}
RESULT: {}
COMMAND: POST /session/e98a8c3f8e564d5dffeeff8b737fde72/execute/async - {"script":"<script> [1562 bytes]","args":[{"selector":{"controlType":"sap.m.StandardListItem","viewName":"reusables.view.manageresources.NewResourceUnit","viewId":"application-manageresources-display-component---newResourceUnit","properties":{"title":"Material"},"searchOpenDialogs":true,"interaction":{"idSuffix":"titleText"}},"wdio_ui5_key":"reusablesview.manageresources.NewResourceUnitsap.m.StandardListItem{\"title\":\"Material\"}"}]}
COMMAND: GET /session/e98a8c3f8e564d5dffeeff8b737fde72/screenshot - {}
RESULT: {"script":"<script> [1562 bytes]","args":[{"selector":{"controlType":"sap.m.StandardListItem","viewName":"reusables.view.manageresources.NewResourceUnit","viewId":"application-manageresources-display-component---newResourceUnit","properties":{"title":"Material"},"searchOpenDialogs":true,"interaction":{"idSuffix":"titleText"}},"wdio_ui5_key":"reusablesview.manageresources.NewResourceUnitsap.m.StandardListItem{\"title\":\"Material\"}"}]}
RESULT: undefined
COMMAND: POST /session/e98a8c3f8e564d5dffeeff8b737fde72/element - {"using":"xpath","value":"//*[@id=\"__item143\"]"}
RESULT: {}
RESULT: {"using":"xpath","value":"//*[@id=\"__item143\"]"}
COMMAND: POST /session/e98a8c3f8e564d5dffeeff8b737fde72/element/f.442E653FBE801B9469C6A395343E122D.d.1B76663366E8472A5C037118ADA68FF5.e.6126/click - {}
RESULT: {}
COMMAND: POST /session/e98a8c3f8e564d5dffeeff8b737fde72/execute/async - {"script":"<script> [1562 bytes]","args":[{"selector":{"id":"application-manageresources-display-component---newResourceUnit--SHORT_TEXT","interaction":{"idSuffix":"inner"}},"wdio_ui5_key":"applicationmanageresources-display-component---newResourceUnit--SHORT_TEXT"}]}
COMMAND: GET /session/e98a8c3f8e564d5dffeeff8b737fde72/screenshot - {}
RESULT: {"script":"<script> [1562 bytes]","args":[{"selector":{"id":"application-manageresources-display-component---newResourceUnit--SHORT_TEXT","interaction":{"idSuffix":"inner"}},"wdio_ui5_key":"applicationmanageresources-display-component---newResourceUnit--SHORT_TEXT"}]}
RESULT: undefined
COMMAND: POST /session/e98a8c3f8e564d5dffeeff8b737fde72/execute/async - {"script":"<script> [776 bytes]","args":[{"enterText":"WebdriverWHM_RU R2Cz9cgsk","selector":{"id":"application-manageresources-display-component---newResourceUnit--SHORT_TEXT","interaction":{"idSuffix":"inner"}},"clearTextFirst":true,"interactionType":"ENTER_TEXT"}]}
RESULT: {}
RESULT: {"script":"<script> [776 bytes]","args":[{"enterText":"WebdriverWHM_RU R2Cz9cgsk","selector":{"id":"application-manageresources-display-component---newResourceUnit--SHORT_TEXT","interaction":{"idSuffix":"inner"}},"clearTextFirst":true,"interactionType":"ENTER_TEXT"}]}
COMMAND: POST /session/e98a8c3f8e564d5dffeeff8b737fde72/execute/async - {"script":"<script> [1562 bytes]","args":[{"selector":{"id":"application-manageresources-display-component---newResourceUnit--BASE_UNIT_OF_MEASURE-arrow"},"wdio_ui5_key":"applicationmanageresources-display-component---newResourceUnit--BASE_UNIT_OF_MEASURE-arrow"}]}
RESULT: {"script":"<script> [1562 bytes]","args":[{"selector":{"id":"application-manageresources-display-component---newResourceUnit--BASE_UNIT_OF_MEASURE-arrow"},"wdio_ui5_key":"applicationmanageresources-display-component---newResourceUnit--BASE_UNIT_OF_MEASURE-arrow"}]}
RESULT: undefined
COMMAND: POST /session/e98a8c3f8e564d5dffeeff8b737fde72/element - {"using":"xpath","value":"//*[@id=\"application-manageresources-display-component---newResourceUnit--BASE_UNIT_OF_MEASURE-arrow\"]"}
RESULT: {"using":"xpath","value":"//*[@id=\"application-manageresources-display-component---newResourceUnit--BASE_UNIT_OF_MEASURE-arrow\"]"}
COMMAND: POST /session/e98a8c3f8e564d5dffeeff8b737fde72/element/f.442E653FBE801B9469C6A395343E122D.d.1B76663366E8472A5C037118ADA68FF5.e.6184/click - {}
RESULT: {}
COMMAND: POST /session/e98a8c3f8e564d5dffeeff8b737fde72/execute/async - {"script":"<script> [1562 bytes]","args":[{"selector":{"controlType":"sap.m.StandardListItem","viewName":"reusables.view.manageresources.NewResourceUnit","viewId":"application-manageresources-display-component---newResourceUnit","properties":{"title":"Piece"},"searchOpenDialogs":true,"interaction":{"idSuffix":"content"}},"wdio_ui5_key":"reusablesview.manageresources.NewResourceUnitsap.m.StandardListItem{\"title\":\"Piece\"}"}]}
COMMAND: GET /session/e98a8c3f8e564d5dffeeff8b737fde72/screenshot - {}
RESULT: {"script":"<script> [1562 bytes]","args":[{"selector":{"controlType":"sap.m.StandardListItem","viewName":"reusables.view.manageresources.NewResourceUnit","viewId":"application-manageresources-display-component---newResourceUnit","properties":{"title":"Piece"},"searchOpenDialogs":true,"interaction":{"idSuffix":"content"}},"wdio_ui5_key":"reusablesview.manageresources.NewResourceUnitsap.m.StandardListItem{\"title\":\"Piece\"}"}]}
RESULT: undefined
COMMAND: POST /session/e98a8c3f8e564d5dffeeff8b737fde72/element - {"using":"xpath","value":"//*[@id=\"__item187\"]"}
RESULT: {}
RESULT: {"using":"xpath","value":"//*[@id=\"__item187\"]"}
COMMAND: POST /session/e98a8c3f8e564d5dffeeff8b737fde72/element/f.442E653FBE801B9469C6A395343E122D.d.1B76663366E8472A5C037118ADA68FF5.e.6186/click - {}
RESULT: {}
COMMAND: POST /session/e98a8c3f8e564d5dffeeff8b737fde72/execute/async - {"script":"<script> [1562 bytes]","args":[{"selector":{"id":"application-manageresources-display-component---newResourceUnit--WEIGHT_UNIT-arrow"},"wdio_ui5_key":"applicationmanageresources-display-component---newResourceUnit--WEIGHT_UNIT-arrow"}]}
COMMAND: GET /session/e98a8c3f8e564d5dffeeff8b737fde72/screenshot - {}
RESULT: {"script":"<script> [1562 bytes]","args":[{"selector":{"id":"application-manageresources-display-component---newResourceUnit--WEIGHT_UNIT-arrow"},"wdio_ui5_key":"applicationmanageresources-display-component---newResourceUnit--WEIGHT_UNIT-arrow"}]}
RESULT: undefined
COMMAND: POST /session/e98a8c3f8e564d5dffeeff8b737fde72/element - {"using":"xpath","value":"//*[@id=\"application-manageresources-display-component---newResourceUnit--WEIGHT_UNIT-arrow\"]"}
RESULT: {}
RESULT: {"using":"xpath","value":"//*[@id=\"application-manageresources-display-component---newResourceUnit--WEIGHT_UNIT-arrow\"]"}
COMMAND: POST /session/e98a8c3f8e564d5dffeeff8b737fde72/element/f.442E653FBE801B9469C6A395343E122D.d.1B76663366E8472A5C037118ADA68FF5.e.6187/click - {}
RESULT: {}
COMMAND: POST /session/e98a8c3f8e564d5dffeeff8b737fde72/execute/async - {"script":"<script> [1562 bytes]","args":[{"selector":{"controlType":"sap.m.StandardListItem","viewName":"reusables.view.manageresources.NewResourceUnit","viewId":"application-manageresources-display-component---newResourceUnit","properties":{"title":"Gram"},"searchOpenDialogs":true,"interaction":{"idSuffix":"content"}},"wdio_ui5_key":"reusablesview.manageresources.NewResourceUnitsap.m.StandardListItem{\"title\":\"Gram\"}"}]}
COMMAND: GET /session/e98a8c3f8e564d5dffeeff8b737fde72/screenshot - {}
RESULT: {"script":"<script> [1562 bytes]","args":[{"selector":{"controlType":"sap.m.StandardListItem","viewName":"reusables.view.manageresources.NewResourceUnit","viewId":"application-manageresources-display-component---newResourceUnit","properties":{"title":"Gram"},"searchOpenDialogs":true,"interaction":{"idSuffix":"content"}},"wdio_ui5_key":"reusablesview.manageresources.NewResourceUnitsap.m.StandardListItem{\"title\":\"Gram\"}"}]}
RESULT: undefined
COMMAND: POST /session/e98a8c3f8e564d5dffeeff8b737fde72/element - {"using":"xpath","value":"//*[@id=\"__item252\"]"}
RESULT: {}
RESULT: {"using":"xpath","value":"//*[@id=\"__item252\"]"}
COMMAND: POST /session/e98a8c3f8e564d5dffeeff8b737fde72/element/f.442E653FBE801B9469C6A395343E122D.d.1B76663366E8472A5C037118ADA68FF5.e.6189/click - {}
RESULT: {}
COMMAND: GET /session/e98a8c3f8e564d5dffeeff8b737fde72/screenshot - {}
RESULT: {}
COMMAND: POST /session/e98a8c3f8e564d5dffeeff8b737fde72/execute/async - {"script":"<script> [1562 bytes]","args":[{"selector":{"id":"application-manageresources-display-component---newResourceUnit--newRRUPage-OPHeaderContent-collapseBtn-img"},"wdio_ui5_key":"applicationmanageresources-display-component---newResourceUnit--newRRUPage-OPHeaderContent-collapseBtn-img"}]}
RESULT: {"script":"<script> [1562 bytes]","args":[{"selector":{"id":"application-manageresources-display-component---newResourceUnit--newRRUPage-OPHeaderContent-collapseBtn-img"},"wdio_ui5_key":"applicationmanageresources-display-component---newResourceUnit--newRRUPage-OPHeaderContent-collapseBtn-img"}]}
RESULT: undefined
COMMAND: POST /session/e98a8c3f8e564d5dffeeff8b737fde72/element - {"using":"xpath","value":"//*[@id=\"application-manageresources-display-component---newResourceUnit--newRRUPage-OPHeaderContent-collapseBtn-img\"]"}
RESULT: {"using":"xpath","value":"//*[@id=\"application-manageresources-display-component---newResourceUnit--newRRUPage-OPHeaderContent-collapseBtn-img\"]"}
COMMAND: POST /session/e98a8c3f8e564d5dffeeff8b737fde72/element/f.442E653FBE801B9469C6A395343E122D.d.1B76663366E8472A5C037118ADA68FF5.e.6134/click - {}
RESULT: {}
COMMAND: GET /session/e98a8c3f8e564d5dffeeff8b737fde72/screenshot - {}
RESULT: {}
COMMAND: POST /session/e98a8c3f8e564d5dffeeff8b737fde72/element - {"using":"xpath","value":"(//span[contains(@id ,\"application-manageresources-display-component---newResourceUnit--DIMENSION_UNIT-arrow\")])[1]"}
RESULT: {"using":"xpath","value":"(//span[contains(@id ,\"application-manageresources-display-component---newResourceUnit--DIMENSION_UNIT-arrow\")])[1]"}
COMMAND: POST /session/e98a8c3f8e564d5dffeeff8b737fde72/element/f.442E653FBE801B9469C6A395343E122D.d.1B76663366E8472A5C037118ADA68FF5.e.6193/click - {}
RESULT: {}
COMMAND: GET /session/e98a8c3f8e564d5dffeeff8b737fde72/screenshot - {}
RESULT: {}
COMMAND: POST /session/e98a8c3f8e564d5dffeeff8b737fde72/execute/async - {"script":"<script> [1562 bytes]","args":[{"selector":{"controlType":"sap.m.StandardListItem","viewName":"reusables.view.manageresources.NewResourceUnit","viewId":"application-manageresources-display-component---newResourceUnit","properties":{"title":"Centimeter"},"searchOpenDialogs":true,"interaction":{"idSuffix":"titleText"}},"wdio_ui5_key":"reusablesview.manageresources.NewResourceUnitsap.m.StandardListItem{\"title\":\"Centimeter\"}"}]}
RESULT: {"script":"<script> [1562 bytes]","args":[{"selector":{"controlType":"sap.m.StandardListItem","viewName":"reusables.view.manageresources.NewResourceUnit","viewId":"application-manageresources-display-component---newResourceUnit","properties":{"title":"Centimeter"},"searchOpenDialogs":true,"interaction":{"idSuffix":"titleText"}},"wdio_ui5_key":"reusablesview.manageresources.NewResourceUnitsap.m.StandardListItem{\"title\":\"Centimeter\"}"}]}
RESULT: undefined
COMMAND: POST /session/e98a8c3f8e564d5dffeeff8b737fde72/element - {"using":"xpath","value":"//*[@id=\"__item255\"]"}
RESULT: {"using":"xpath","value":"//*[@id=\"__item255\"]"}
COMMAND: POST /session/e98a8c3f8e564d5dffeeff8b737fde72/element/f.442E653FBE801B9469C6A395343E122D.d.1B76663366E8472A5C037118ADA68FF5.e.6197/click - {}
RESULT: {}
COMMAND: GET /session/e98a8c3f8e564d5dffeeff8b737fde72/screenshot - {}
RESULT: {}
COMMAND: POST /session/e98a8c3f8e564d5dffeeff8b737fde72/execute/async - {"script":"<script> [1562 bytes]","args":[{"selector":{"id":"application-manageresources-display-component---newResourceUnit--newRRUPage-anchBar-application-manageresources-display-component---newResourceUnit--reference-anchor","interaction":{"idSuffix":"BDI-content"}},"wdio_ui5_key":"applicationmanageresources-display-component---newResourceUnit--newRRUPage-anchBar-application-manageresources-display-component---newResourceUnit--reference-anchor"}]}
RESULT: {"script":"<script> [1562 bytes]","args":[{"selector":{"id":"application-manageresources-display-component---newResourceUnit--newRRUPage-anchBar-application-manageresources-display-component---newResourceUnit--reference-anchor","interaction":{"idSuffix":"BDI-content"}},"wdio_ui5_key":"applicationmanageresources-display-component---newResourceUnit--newRRUPage-anchBar-application-manageresources-display-component---newResourceUnit--reference-anchor"}]}
RESULT: undefined
COMMAND: POST /session/e98a8c3f8e564d5dffeeff8b737fde72/element - {"using":"xpath","value":"//*[@id=\"application-manageresources-display-component---newResourceUnit--newRRUPage-anchBar-application-manageresources-display-component---newResourceUnit--reference-anchor\"]"}
RESULT: {"using":"xpath","value":"//*[@id=\"application-manageresources-display-component---newResourceUnit--newRRUPage-anchBar-application-manageresources-display-component---newResourceUnit--reference-anchor\"]"}
COMMAND: POST /session/e98a8c3f8e564d5dffeeff8b737fde72/element/f.442E653FBE801B9469C6A395343E122D.d.1B76663366E8472A5C037118ADA68FF5.e.6199/click - {}
RESULT: {}
COMMAND: POST /session/e98a8c3f8e564d5dffeeff8b737fde72/execute/async - {"script":"<script> [1562 bytes]","args":[{"selector":{"id":"application-manageresources-display-component---newResourceUnit--PLANNING_GROUP-arrow"},"wdio_ui5_key":"applicationmanageresources-display-component---newResourceUnit--PLANNING_GROUP-arrow"}]}
COMMAND: GET /session/e98a8c3f8e564d5dffeeff8b737fde72/screenshot - {}
RESULT: {"script":"<script> [1562 bytes]","args":[{"selector":{"id":"application-manageresources-display-component---newResourceUnit--PLANNING_GROUP-arrow"},"wdio_ui5_key":"applicationmanageresources-display-component---newResourceUnit--PLANNING_GROUP-arrow"}]}
RESULT: undefined
COMMAND: POST /session/e98a8c3f8e564d5dffeeff8b737fde72/element - {"using":"xpath","value":"//*[@id=\"application-manageresources-display-component---newResourceUnit--PLANNING_GROUP-arrow\"]"}
RESULT: {}
RESULT: {"using":"xpath","value":"//*[@id=\"application-manageresources-display-component---newResourceUnit--PLANNING_GROUP-arrow\"]"}
COMMAND: POST /session/e98a8c3f8e564d5dffeeff8b737fde72/element/f.442E653FBE801B9469C6A395343E122D.d.1B76663366E8472A5C037118ADA68FF5.e.6203/click - {}
RESULT: {}
COMMAND: POST /session/e98a8c3f8e564d5dffeeff8b737fde72/execute/async - {"script":"<script> [1562 bytes]","args":[{"selector":{"controlType":"sap.m.StandardListItem","viewName":"reusables.view.manageresources.NewResourceUnit","viewId":"application-manageresources-display-component---newResourceUnit","properties":{"title":"Heavy Equi"},"searchOpenDialogs":true,"interaction":{"idSuffix":"content"}},"wdio_ui5_key":"reusablesview.manageresources.NewResourceUnitsap.m.StandardListItem{\"title\":\"Heavy Equi\"}"}]}
COMMAND: GET /session/e98a8c3f8e564d5dffeeff8b737fde72/screenshot - {}
RESULT: {"script":"<script> [1562 bytes]","args":[{"selector":{"controlType":"sap.m.StandardListItem","viewName":"reusables.view.manageresources.NewResourceUnit","viewId":"application-manageresources-display-component---newResourceUnit","properties":{"title":"Heavy Equi"},"searchOpenDialogs":true,"interaction":{"idSuffix":"content"}},"wdio_ui5_key":"reusablesview.manageresources.NewResourceUnitsap.m.StandardListItem{\"title\":\"Heavy Equi\"}"}]}
RESULT: undefined
COMMAND: POST /session/e98a8c3f8e564d5dffeeff8b737fde72/element - {"using":"xpath","value":"//*[@id=\"__item263\"]"}
RESULT: {}
RESULT: {"using":"xpath","value":"//*[@id=\"__item263\"]"}
COMMAND: POST /session/e98a8c3f8e564d5dffeeff8b737fde72/element/f.442E653FBE801B9469C6A395343E122D.d.1B76663366E8472A5C037118ADA68FF5.e.6205/click - {}
RESULT: {}
COMMAND: GET /session/e98a8c3f8e564d5dffeeff8b737fde72/screenshot - {}
RESULT: {}
COMMAND: POST /session/e98a8c3f8e564d5dffeeff8b737fde72/execute/async - {"script":"<script> [1562 bytes]","args":[{"selector":{"id":"application-manageresources-display-component---newResourceUnit--PLANNING_INDICATOR-arrow"},"wdio_ui5_key":"applicationmanageresources-display-component---newResourceUnit--PLANNING_INDICATOR-arrow"}]}
RESULT: {"script":"<script> [1562 bytes]","args":[{"selector":{"id":"application-manageresources-display-component---newResourceUnit--PLANNING_INDICATOR-arrow"},"wdio_ui5_key":"applicationmanageresources-display-component---newResourceUnit--PLANNING_INDICATOR-arrow"}]}
RESULT: undefined
COMMAND: POST /session/e98a8c3f8e564d5dffeeff8b737fde72/element - {"using":"xpath","value":"//*[@id=\"application-manageresources-display-component---newResourceUnit--PLANNING_INDICATOR-arrow\"]"}
RESULT: {"using":"xpath","value":"//*[@id=\"application-manageresources-display-component---newResourceUnit--PLANNING_INDICATOR-arrow\"]"}
COMMAND: POST /session/e98a8c3f8e564d5dffeeff8b737fde72/element/f.442E653FBE801B9469C6A395343E122D.d.1B76663366E8472A5C037118ADA68FF5.e.6206/click - {}
RESULT: {}
COMMAND: POST /session/e98a8c3f8e564d5dffeeff8b737fde72/execute/async - {"script":"<script> [1562 bytes]","args":[{"selector":{"controlType":"sap.m.StandardListItem","viewName":"reusables.view.manageresources.NewResourceUnit","viewId":"application-manageresources-display-component---newResourceUnit","properties":{"title":"10 - infinite"},"searchOpenDialogs":true,"interaction":{"idSuffix":"content"}},"wdio_ui5_key":"reusablesview.manageresources.NewResourceUnitsap.m.StandardListItem{\"title\":\"10 - infinite\"}"}]}
COMMAND: GET /session/e98a8c3f8e564d5dffeeff8b737fde72/screenshot - {}
RESULT: {"script":"<script> [1562 bytes]","args":[{"selector":{"controlType":"sap.m.StandardListItem","viewName":"reusables.view.manageresources.NewResourceUnit","viewId":"application-manageresources-display-component---newResourceUnit","properties":{"title":"10 - infinite"},"searchOpenDialogs":true,"interaction":{"idSuffix":"content"}},"wdio_ui5_key":"reusablesview.manageresources.NewResourceUnitsap.m.StandardListItem{\"title\":\"10 - infinite\"}"}]}
RESULT: undefined
COMMAND: POST /session/e98a8c3f8e564d5dffeeff8b737fde72/element - {"using":"xpath","value":"//*[@id=\"__item273\"]"}
RESULT: {}
RESULT: {"using":"xpath","value":"//*[@id=\"__item273\"]"}
COMMAND: POST /session/e98a8c3f8e564d5dffeeff8b737fde72/element/f.442E653FBE801B9469C6A395343E122D.d.1B76663366E8472A5C037118ADA68FF5.e.6208/click - {}
RESULT: {}
COMMAND: GET /session/e98a8c3f8e564d5dffeeff8b737fde72/screenshot - {}
RESULT: {}
COMMAND: POST /session/e98a8c3f8e564d5dffeeff8b737fde72/element - {"using":"xpath","value":"//bdi[contains(text(), \"Time Segment\")]"}
RESULT: {"using":"xpath","value":"//bdi[contains(text(), \"Time Segment\")]"}
COMMAND: GET /session/e98a8c3f8e564d5dffeeff8b737fde72/element/f.442E653FBE801B9469C6A395343E122D.d.1B76663366E8472A5C037118ADA68FF5.e.6209/rect - {}
RESULT: {}
COMMAND: GET /session/e98a8c3f8e564d5dffeeff8b737fde72/window/rect - {}
RESULT: {}
COMMAND: POST /session/e98a8c3f8e564d5dffeeff8b737fde72/execute/sync - {"script":"<script> [92 bytes]","args":[]}
RESULT: {"script":"<script> [92 bytes]","args":[]}
COMMAND: POST /session/e98a8c3f8e564d5dffeeff8b737fde72/actions - {"actions":[{"id":"action19","type":"wheel","parameters":{},"actions":[{"type":"scroll","x":-1804,"y":-21,"deltaX":0,"deltaY":0,"duration":0,"origin":{"element-6066-11e4-a52e-4f735466cecf":"f.442E653FBE801B9469C6A395343E122D.d.1B76663366E8472A5C037118ADA68FF5.e.6209"}}]}]}
COMMAND: GET /session/e98a8c3f8e564d5dffeeff8b737fde72/screenshot - {}
RESULT: {}
COMMAND: POST /session/e98a8c3f8e564d5dffeeff8b737fde72/execute/sync - {"script":"<script> [79 bytes]","args":[{"element-6066-11e4-a52e-4f735466cecf":"f.442E653FBE801B9469C6A395343E122D.d.1B76663366E8472A5C037118ADA68FF5.e.6209","ELEMENT":"f.442E653FBE801B9469C6A395343E122D.d.1B76663366E8472A5C037118ADA68FF5.e.6209"},{"block":"start","inline":"nearest"}]}
RESULT: {"script":"<script> [79 bytes]","args":[{"element-6066-11e4-a52e-4f735466cecf":"f.442E653FBE801B9469C6A395343E122D.d.1B76663366E8472A5C037118ADA68FF5.e.6209","ELEMENT":"f.442E653FBE801B9469C6A395343E122D.d.1B76663366E8472A5C037118ADA68FF5.e.6209"},{"block":"start","inline":"nearest"}]}
COMMAND: GET /session/e98a8c3f8e564d5dffeeff8b737fde72/screenshot - {}
RESULT: {}
COMMAND: POST /session/e98a8c3f8e564d5dffeeff8b737fde72/element - {"using":"xpath","value":"//span[@id=\"application-manageresources-display-component---newResourceUnit--btnAddTimeSegment-img\"]"}
RESULT: {"using":"xpath","value":"//span[@id=\"application-manageresources-display-component---newResourceUnit--btnAddTimeSegment-img\"]"}
COMMAND: POST /session/e98a8c3f8e564d5dffeeff8b737fde72/execute/sync - {"script":"<script> [8489 bytes]","args":[{"element-6066-11e4-a52e-4f735466cecf":"f.442E653FBE801B9469C6A395343E122D.d.1B76663366E8472A5C037118ADA68FF5.e.6212","ELEMENT":"f.442E653FBE801B9469C6A395343E122D.d.1B76663366E8472A5C037118ADA68FF5.e.6212"}]}
RESULT: {"script":"<script> [8489 bytes]","args":[{"element-6066-11e4-a52e-4f735466cecf":"f.442E653FBE801B9469C6A395343E122D.d.1B76663366E8472A5C037118ADA68FF5.e.6212","ELEMENT":"f.442E653FBE801B9469C6A395343E122D.d.1B76663366E8472A5C037118ADA68FF5.e.6212"}]}
COMMAND: POST /session/e98a8c3f8e564d5dffeeff8b737fde72/element/f.442E653FBE801B9469C6A395343E122D.d.1B76663366E8472A5C037118ADA68FF5.e.6212/click - {}
COMMAND: GET /session/e98a8c3f8e564d5dffeeff8b737fde72/screenshot - {}
RESULT: {}
COMMAND: GET /session/e98a8c3f8e564d5dffeeff8b737fde72/screenshot - {}
COMMAND: POST /session/e98a8c3f8e564d5dffeeff8b737fde72/element - {"using":"xpath","value":"//input[@id=\"application-manageresources-display-component---newResourceUnit--idRuTSAdmin-application-manageresources-display-component---newResourceUnit--RUTimeSegment-0-inner\"]"}
RESULT: {}
RESULT: {}
RESULT: {"using":"xpath","value":"//input[@id=\"application-manageresources-display-component---newResourceUnit--idRuTSAdmin-application-manageresources-display-component---newResourceUnit--RUTimeSegment-0-inner\"]"}
COMMAND: POST /session/e98a8c3f8e564d5dffeeff8b737fde72/element/f.442E653FBE801B9469C6A395343E122D.d.1B76663366E8472A5C037118ADA68FF5.e.6215/clear - {}
RESULT: {}
COMMAND: POST /session/e98a8c3f8e564d5dffeeff8b737fde72/element/f.442E653FBE801B9469C6A395343E122D.d.1B76663366E8472A5C037118ADA68FF5.e.6215/value - {"text":"582"}
COMMAND: GET /session/e98a8c3f8e564d5dffeeff8b737fde72/screenshot - {}
RESULT: {"text":"582"}
COMMAND: GET /session/e98a8c3f8e564d5dffeeff8b737fde72/screenshot - {}
RESULT: {}
RESULT: {}
COMMAND: POST /session/e98a8c3f8e564d5dffeeff8b737fde72/actions - {"actions":[{"id":"action20","type":"key","parameters":{},"actions":[{"type":"keyDown","value":"î€‡"},{"type":"pause","duration":10},{"type":"keyUp","value":"î€‡"}]}]}
RESULT: {"actions":[{"id":"action20","type":"key","parameters":{},"actions":[{"type":"keyDown","value":"î€‡"},{"type":"pause","duration":10},{"type":"keyUp","value":"î€‡"}]}]}
COMMAND: POST /session/e98a8c3f8e564d5dffeeff8b737fde72/execute/async - {"script":"<script> [1562 bytes]","args":[{"selector":{"controlType":"sap.m.Button","viewName":"reusables.view.manageresources.NewResourceUnit","viewId":"application-manageresources-display-component---newResourceUnit","i18NText":{"propertyName":"tooltip","key":"save"},"interaction":{"idSuffix":"BDI-content"}},"wdio_ui5_key":"reusablesview.manageresources.NewResourceUnitsap.m.Button{\"propertyName\":\"tooltip\",\"key\":\"save\"}"}]}
COMMAND: GET /session/e98a8c3f8e564d5dffeeff8b737fde72/screenshot - {}
RESULT: {"script":"<script> [1562 bytes]","args":[{"selector":{"controlType":"sap.m.Button","viewName":"reusables.view.manageresources.NewResourceUnit","viewId":"application-manageresources-display-component---newResourceUnit","i18NText":{"propertyName":"tooltip","key":"save"},"interaction":{"idSuffix":"BDI-content"}},"wdio_ui5_key":"reusablesview.manageresources.NewResourceUnitsap.m.Button{\"propertyName\":\"tooltip\",\"key\":\"save\"}"}]}
RESULT: undefined
COMMAND: POST /session/e98a8c3f8e564d5dffeeff8b737fde72/element - {"using":"xpath","value":"//*[@id=\"application-manageresources-display-component---newResourceUnit--createRuButton\"]"}
RESULT: {}
RESULT: {"using":"xpath","value":"//*[@id=\"application-manageresources-display-component---newResourceUnit--createRuButton\"]"}
COMMAND: POST /session/e98a8c3f8e564d5dffeeff8b737fde72/element/f.442E653FBE801B9469C6A395343E122D.d.1B76663366E8472A5C037118ADA68FF5.e.6140/click - {}
RESULT: {}
COMMAND: GET /session/e98a8c3f8e564d5dffeeff8b737fde72/screenshot - {}
RESULT: {}
COMMAND: POST /session/e98a8c3f8e564d5dffeeff8b737fde72/execute/async - {"script":"<script> [1562 bytes]","args":[{"selector":{"controlType":"sap.m.Title","properties":{"text":"Success"},"searchOpenDialogs":true},"wdio_ui5_key":"sapm.Title{\"text\":\"Success\"}"}]}
RESULT: {"script":"<script> [1562 bytes]","args":[{"selector":{"controlType":"sap.m.Title","properties":{"text":"Success"},"searchOpenDialogs":true},"wdio_ui5_key":"sapm.Title{\"text\":\"Success\"}"}]}
RESULT: undefined
COMMAND: POST /session/e98a8c3f8e564d5dffeeff8b737fde72/execute/async - {"script":"<script> [6424 bytes]","args":[{"element-6066-11e4-a52e-4f735466cecf":"f.442E653FBE801B9469C6A395343E122D.d.1B76663366E8472A5C037118ADA68FF5.e.6231"},"getText",[]]}
RESULT: {"script":"<script> [6424 bytes]","args":[{"element-6066-11e4-a52e-4f735466cecf":"f.442E653FBE801B9469C6A395343E122D.d.1B76663366E8472A5C037118ADA68FF5.e.6231"},"getText",[]]}
COMMAND: POST /session/e98a8c3f8e564d5dffeeff8b737fde72/element - {"using":"xpath","value":"//*[contains(@id, '__text') and (contains(text(), 'successfully created') or contains(., 'successfully created'))]"}
RESULT: {"using":"xpath","value":"//*[contains(@id, '__text') and (contains(text(), 'successfully created') or contains(., 'successfully created'))]"}
COMMAND: GET /session/e98a8c3f8e564d5dffeeff8b737fde72/element/f.442E653FBE801B9469C6A395343E122D.d.1B76663366E8472A5C037118ADA68FF5.e.6229/text - {}
RESULT: {}
COMMAND: POST /session/e98a8c3f8e564d5dffeeff8b737fde72/execute/async - {"script":"<script> [1562 bytes]","args":[{"selector":{"controlType":"sap.m.Button","properties":{"text":"Close"},"searchOpenDialogs":true,"interaction":{"idSuffix":"BDI-content"}},"wdio_ui5_key":"sapm.Button{\"text\":\"Close\"}"}]}
RESULT: {"script":"<script> [1562 bytes]","args":[{"selector":{"controlType":"sap.m.Button","properties":{"text":"Close"},"searchOpenDialogs":true,"interaction":{"idSuffix":"BDI-content"}},"wdio_ui5_key":"sapm.Button{\"text\":\"Close\"}"}]}
RESULT: undefined
COMMAND: POST /session/e98a8c3f8e564d5dffeeff8b737fde72/element - {"using":"xpath","value":"//*[@id=\"__mbox-btn-0\"]"}
RESULT: {"using":"xpath","value":"//*[@id=\"__mbox-btn-0\"]"}
COMMAND: POST /session/e98a8c3f8e564d5dffeeff8b737fde72/element/f.442E653FBE801B9469C6A395343E122D.d.1B76663366E8472A5C037118ADA68FF5.e.6227/click - {}
RESULT: {}
COMMAND: GET /session/e98a8c3f8e564d5dffeeff8b737fde72/screenshot - {}
COMMAND: POST /session/e98a8c3f8e564d5dffeeff8b737fde72/execute/async - {"script":"<script> [1562 bytes]","args":[{"selector":{"controlType":"sap.ui.core.Icon","viewName":"etm.portal.ui.manageresources.view.Detail","viewId":"application-manageresources-display-component---detailRU","properties":{"src":{"regex":{"source":"overflow"}}}},"wdio_ui5_key":"etmportal.ui.manageresources.view.Detailsap.ui.core.Icon{\"src\":{\"regex\":{\"source\":\"overflow\"}}}"}]}
RESULT: {}
RESULT: {"script":"<script> [1562 bytes]","args":[{"selector":{"controlType":"sap.ui.core.Icon","viewName":"etm.portal.ui.manageresources.view.Detail","viewId":"application-manageresources-display-component---detailRU","properties":{"src":{"regex":{"source":"overflow"}}}},"wdio_ui5_key":"etmportal.ui.manageresources.view.Detailsap.ui.core.Icon{\"src\":{\"regex\":{\"source\":\"overflow\"}}}"}]}
RESULT: undefined
COMMAND: POST /session/e98a8c3f8e564d5dffeeff8b737fde72/element - {"using":"xpath","value":"//*[@id=\"__title15-_actionsToolbar-overflowButton-img\"]"}
RESULT: {"using":"xpath","value":"//*[@id=\"__title15-_actionsToolbar-overflowButton-img\"]"}
COMMAND: POST /session/e98a8c3f8e564d5dffeeff8b737fde72/element/f.442E653FBE801B9469C6A395343E122D.d.1B76663366E8472A5C037118ADA68FF5.e.6264/click - {}
RESULT: {}
COMMAND: POST /session/e98a8c3f8e564d5dffeeff8b737fde72/execute/async - {"script":"<script> [1562 bytes]","args":[{"selector":{"controlType":"sap.m.Button","viewName":"etm.portal.ui.manageresources.view.Detail","viewId":"application-manageresources-display-component---detailRU","i18NText":{"propertyName":"tooltip","key":"closeColumn"},"searchOpenDialogs":true,"interaction":{"idSuffix":"inner"}},"wdio_ui5_key":"etmportal.ui.manageresources.view.Detailsap.m.Button{\"propertyName\":\"tooltip\",\"key\":\"closeColumn\"}"}]}
COMMAND: GET /session/e98a8c3f8e564d5dffeeff8b737fde72/screenshot - {}
RESULT: {"script":"<script> [1562 bytes]","args":[{"selector":{"controlType":"sap.m.Button","viewName":"etm.portal.ui.manageresources.view.Detail","viewId":"application-manageresources-display-component---detailRU","i18NText":{"propertyName":"tooltip","key":"closeColumn"},"searchOpenDialogs":true,"interaction":{"idSuffix":"inner"}},"wdio_ui5_key":"etmportal.ui.manageresources.view.Detailsap.m.Button{\"propertyName\":\"tooltip\",\"key\":\"closeColumn\"}"}]}
RESULT: undefined
COMMAND: POST /session/e98a8c3f8e564d5dffeeff8b737fde72/element - {"using":"xpath","value":"//*[@id=\"__button41\"]"}
RESULT: {}
RESULT: {"using":"xpath","value":"//*[@id=\"__button41\"]"}
COMMAND: POST /session/e98a8c3f8e564d5dffeeff8b737fde72/element/f.442E653FBE801B9469C6A395343E122D.d.1B76663366E8472A5C037118ADA68FF5.e.6268/click - {}
RESULT: {}
COMMAND: POST /session/e98a8c3f8e564d5dffeeff8b737fde72/element - {"using":"css selector","value":"#j_username"}
COMMAND: POST /session/e98a8c3f8e564d5dffeeff8b737fde72/url - {"url":"https://qa-testing-00-live-etm-ui.cfapps.eu10-004.hana.ondemand.com/"}
COMMAND: GET /session/e98a8c3f8e564d5dffeeff8b737fde72/screenshot - {}
RESULT: {"url":"https://qa-testing-00-live-etm-ui.cfapps.eu10-004.hana.ondemand.com/"}
RESULT: undefined
COMMAND: GET /session/e98a8c3f8e564d5dffeeff8b737fde72/screenshot - {}
RESULT: {"using":"css selector","value":"#j_username"}
COMMAND: POST /session/e98a8c3f8e564d5dffeeff8b737fde72/element - {"using":"css selector","value":"#j_username"}
RESULT: {}
RESULT: {}
RESULT: {"using":"css selector","value":"#j_username"}
COMMAND: POST /session/e98a8c3f8e564d5dffeeff8b737fde72/element - {"using":"css selector","value":"#shell-header-logo"}
RESULT: {"using":"css selector","value":"#shell-header-logo"}
COMMAND: POST /session/e98a8c3f8e564d5dffeeff8b737fde72/execute/sync - {"script":"<script> [8489 bytes]","args":[{"element-6066-11e4-a52e-4f735466cecf":"f.442E653FBE801B9469C6A395343E122D.d.F0117C696BD7094CF1E0E5CD72AEEB1D.e.6523","ELEMENT":"f.442E653FBE801B9469C6A395343E122D.d.F0117C696BD7094CF1E0E5CD72AEEB1D.e.6523"}]}
RESULT: {"script":"<script> [8489 bytes]","args":[{"element-6066-11e4-a52e-4f735466cecf":"f.442E653FBE801B9469C6A395343E122D.d.F0117C696BD7094CF1E0E5CD72AEEB1D.e.6523","ELEMENT":"f.442E653FBE801B9469C6A395343E122D.d.F0117C696BD7094CF1E0E5CD72AEEB1D.e.6523"}]}
COMMAND: POST /session/e98a8c3f8e564d5dffeeff8b737fde72/element - {"using":"css selector","value":"#shell-header-logo"}
COMMAND: GET /session/e98a8c3f8e564d5dffeeff8b737fde72/screenshot - {}
RESULT: {"using":"css selector","value":"#shell-header-logo"}
COMMAND: POST /session/e98a8c3f8e564d5dffeeff8b737fde72/execute/sync - {"script":"<script> [8489 bytes]","args":[{"element-6066-11e4-a52e-4f735466cecf":"f.442E653FBE801B9469C6A395343E122D.d.F0117C696BD7094CF1E0E5CD72AEEB1D.e.6523","ELEMENT":"f.442E653FBE801B9469C6A395343E122D.d.F0117C696BD7094CF1E0E5CD72AEEB1D.e.6523"}]}
RESULT: {}
RESULT: {"script":"<script> [8489 bytes]","args":[{"element-6066-11e4-a52e-4f735466cecf":"f.442E653FBE801B9469C6A395343E122D.d.F0117C696BD7094CF1E0E5CD72AEEB1D.e.6523","ELEMENT":"f.442E653FBE801B9469C6A395343E122D.d.F0117C696BD7094CF1E0E5CD72AEEB1D.e.6523"}]}
COMMAND: POST /session/e98a8c3f8e564d5dffeeff8b737fde72/execute/sync - {"script":"<script> [5351 bytes]","args":[{"element-6066-11e4-a52e-4f735466cecf":"f.442E653FBE801B9469C6A395343E122D.d.F0117C696BD7094CF1E0E5CD72AEEB1D.e.6523","ELEMENT":"f.442E653FBE801B9469C6A395343E122D.d.F0117C696BD7094CF1E0E5CD72AEEB1D.e.6523"}]}
COMMAND: GET /session/e98a8c3f8e564d5dffeeff8b737fde72/screenshot - {}
RESULT: {"script":"<script> [5351 bytes]","args":[{"element-6066-11e4-a52e-4f735466cecf":"f.442E653FBE801B9469C6A395343E122D.d.F0117C696BD7094CF1E0E5CD72AEEB1D.e.6523","ELEMENT":"f.442E653FBE801B9469C6A395343E122D.d.F0117C696BD7094CF1E0E5CD72AEEB1D.e.6523"}]}
COMMAND: POST /session/e98a8c3f8e564d5dffeeff8b737fde72/element - {"using":"css selector","value":"#shell-header-logo"}
COMMAND: GET /session/e98a8c3f8e564d5dffeeff8b737fde72/screenshot - {}
RESULT: {}
RESULT: {"using":"css selector","value":"#shell-header-logo"}
COMMAND: POST /session/e98a8c3f8e564d5dffeeff8b737fde72/element/f.442E653FBE801B9469C6A395343E122D.d.F0117C696BD7094CF1E0E5CD72AEEB1D.e.6523/click - {}
RESULT: {}
RESULT: {}
COMMAND: GET /session/e98a8c3f8e564d5dffeeff8b737fde72/screenshot - {}
RESULT: {}
COMMAND: POST /session/e98a8c3f8e564d5dffeeff8b737fde72/execute/async - {"script":"<script> [189 bytes]","args":[]}
RESULT: {"script":"<script> [189 bytes]","args":[]}
COMMAND: POST /session/e98a8c3f8e564d5dffeeff8b737fde72/execute/async - {"script":"<script> [123 bytes]","args":[]}
RESULT: {"script":"<script> [123 bytes]","args":[]}
COMMAND: POST /session/e98a8c3f8e564d5dffeeff8b737fde72/timeouts - {"script":"<number>"}
RESULT: {"script":"<number>"}
COMMAND: GET /session/e98a8c3f8e564d5dffeeff8b737fde72/timeouts - {}
RESULT: {}
RESULT: undefined
COMMAND: POST /session/e98a8c3f8e564d5dffeeff8b737fde72/execute/async - {"script":"<script> [2676 bytes]","args":[]}
RESULT: {"script":"<script> [2676 bytes]","args":[]}
COMMAND: POST /session/e98a8c3f8e564d5dffeeff8b737fde72/execute/async - {"script":"<script> [2342 bytes]","args":[{"protocol":"http","hostname":"0.0.0.0","path":"/","capabilities":{"browserName":"chrome","goog:chromeOptions":{"binary":"C:\\Program Files\\Google\\Chrome\\Application\\chrome.exe","args":["--start-maximized"]}},"logLevel":"warn","connectionRetryTimeout":120000,"connectionRetryCount":3,"logLevels":{},"enableDirectConnect":true,"strictSSL":true,"_":"65 more keys: [\"cacheDir\",\"port\",\"requestedCapabilities\",\"automationProtocol\",\"baseUrl\",\"waitforInterval\",\"waitforTimeout\",\"onReload\",\"beforeCommand\",\"afterCommand\",\"rootDir\",\"specs\",\"suites\",\"exclude\",\"groupLogsByTestSpec\",\"excludeDriverLogs\",\"bail\",\"framework\",\"reporters\",\"services\",\"maxInstances\",\"maxInstancesPerCapability\",\"injectGlobals\",\"filesToWatch\",\"execArgv\",\"runnerEnv\",\"runner\",\"shard\",\"specFileRetries\",\"specFileRetriesDelay\",\"specFileRetriesDeferred\",\"reporterSyncInterval\",\"reporterSyncTimeout\",\"cucumberFeaturesWithLineNumbers\",\"autoCompileOpts\",\"mochaOpts\",\"jasmineOpts\",\"cucumberOpts\",\"onPrepare\",\"onWorkerStart\",\"onWorkerEnd\",\"before\",\"beforeSession\",\"beforeSuite\",\"beforeHook\",\"beforeTest\",\"afterTest\",\"afterHook\",\"afterSuite\",\"afterSession\",\"after\",\"onComplete\",\"beforeAssertion\",\"afterAssertion\",\"beforeFeature\",\"beforeScenario\",\"beforeStep\",\"afterStep\",\"afterScenario\",\"afterFeature\",\"_\",\"suite\",\"$0\",\"ignoredWorkerServices\",\"wdi5\"]"}]}
RESULT: {"script":"<script> [2342 bytes]","args":[{"protocol":"http","hostname":"0.0.0.0","path":"/","capabilities":{"browserName":"chrome","goog:chromeOptions":{"binary":"C:\\Program Files\\Google\\Chrome\\Application\\chrome.exe","args":["--start-maximized"]}},"logLevel":"warn","connectionRetryTimeout":120000,"connectionRetryCount":3,"logLevels":{},"enableDirectConnect":true,"strictSSL":true,"_":"65 more keys: [\"cacheDir\",\"port\",\"requestedCapabilities\",\"automationProtocol\",\"baseUrl\",\"waitforInterval\",\"waitforTimeout\",\"onReload\",\"beforeCommand\",\"afterCommand\",\"rootDir\",\"specs\",\"suites\",\"exclude\",\"groupLogsByTestSpec\",\"excludeDriverLogs\",\"bail\",\"framework\",\"reporters\",\"services\",\"maxInstances\",\"maxInstancesPerCapability\",\"injectGlobals\",\"filesToWatch\",\"execArgv\",\"runnerEnv\",\"runner\",\"shard\",\"specFileRetries\",\"specFileRetriesDelay\",\"specFileRetriesDeferred\",\"reporterSyncInterval\",\"reporterSyncTimeout\",\"cucumberFeaturesWithLineNumbers\",\"autoCompileOpts\",\"mochaOpts\",\"jasmineOpts\",\"cucumberOpts\",\"onPrepare\",\"onWorkerStart\",\"onWorkerEnd\",\"before\",\"beforeSession\",\"beforeSuite\",\"beforeHook\",\"beforeTest\",\"afterTest\",\"afterHook\",\"afterSuite\",\"afterSession\",\"after\",\"onComplete\",\"beforeAssertion\",\"afterAssertion\",\"beforeFeature\",\"beforeScenario\",\"beforeStep\",\"afterStep\",\"afterScenario\",\"afterFeature\",\"_\",\"suite\",\"$0\",\"ignoredWorkerServices\",\"wdi5\"]"}]}
COMMAND: POST /session/e98a8c3f8e564d5dffeeff8b737fde72/execute/async - {"script":"<script> [21126 bytes]","args":[35000]}
RESULT: {"script":"<script> [21126 bytes]","args":[35000]}
COMMAND: POST /session/e98a8c3f8e564d5dffeeff8b737fde72/window/maximize - {}
RESULT: {}
COMMAND: POST /session/e98a8c3f8e564d5dffeeff8b737fde72/execute/async - {"script":"<script> [1562 bytes]","args":[{"selector":{"id":"shell-header","interaction":{"idSuffix":"icon"}},"wdio_ui5_key":"shellheader"}]}
COMMAND: GET /session/e98a8c3f8e564d5dffeeff8b737fde72/screenshot - {}
RESULT: {"script":"<script> [1562 bytes]","args":[{"selector":{"id":"shell-header","interaction":{"idSuffix":"icon"}},"wdio_ui5_key":"shellheader"}]}
RESULT: undefined
]]></system-out>
    </testcase>
  </testsuite>
  <testsuite timestamp="2025-05-05T15:42:58" time="313.686" tests="1" failures="0" errors="0" skipped="0">
    <properties>
      <property name="specId" value="0" />
      <property name="suiteName" value="create-equipment" />
      <property name="capabilities" value="chrome.135_0_7049_115.windows" />
      <property name="file" value="file:///D:/a/1/s/test/specs/R2C/create-equipment.spec.js" />
    </properties>
    <testcase classname="chrome.135_0_7049_115.windows.create-equipment" name="create equipment" time="295.993">
      <system-out><![CDATA[
COMMAND: POST /session/e98a8c3f8e564d5dffeeff8b737fde72/execute/async - {"script":"<script> [1562 bytes]","args":[{"selector":{"controlType":"sap.m.GenericTile","properties":{"header":"Manage Resources"}},"wdio_ui5_key":"sapm.GenericTile{\"header\":\"Manage Resources\"}"}]}
RESULT: {}
RESULT: {"script":"<script> [1562 bytes]","args":[{"selector":{"controlType":"sap.m.GenericTile","properties":{"header":"Manage Resources"}},"wdio_ui5_key":"sapm.GenericTile{\"header\":\"Manage Resources\"}"}]}
RESULT: undefined
COMMAND: POST /session/e98a8c3f8e564d5dffeeff8b737fde72/element - {"using":"xpath","value":"//*[@id=\"__tile31\"]"}
RESULT: {"using":"xpath","value":"//*[@id=\"__tile31\"]"}
COMMAND: POST /session/e98a8c3f8e564d5dffeeff8b737fde72/element/f.442E653FBE801B9469C6A395343E122D.d.F0117C696BD7094CF1E0E5CD72AEEB1D.e.6548/click - {}
RESULT: {}
COMMAND: GET /session/e98a8c3f8e564d5dffeeff8b737fde72/screenshot - {}
RESULT: {}
COMMAND: POST /session/e98a8c3f8e564d5dffeeff8b737fde72/element - {"using":"xpath","value":"//button[@data-kt=\"addNewRUOverflowToolbarButton\"]"}
RESULT: {"using":"xpath","value":"//button[@data-kt=\"addNewRUOverflowToolbarButton\"]"}
COMMAND: POST /session/e98a8c3f8e564d5dffeeff8b737fde72/element - {"using":"xpath","value":"//button[@data-kt=\"addNewRUOverflowToolbarButton\"]"}
RESULT: {"using":"xpath","value":"//button[@data-kt=\"addNewRUOverflowToolbarButton\"]"}
COMMAND: POST /session/e98a8c3f8e564d5dffeeff8b737fde72/element - {"using":"xpath","value":"//button[@data-kt=\"addNewRUOverflowToolbarButton\"]"}
COMMAND: POST /session/e98a8c3f8e564d5dffeeff8b737fde72/execute/async - {"script":"<script> [1562 bytes]","args":[{"selector":{"controlType":"sap.ui.core.Icon","viewName":"etm.portal.ui.manageresources.view.Master","viewId":"application-manageresources-display-component---masterRU","properties":{"src":{"regex":{"source":"add"}}}},"wdio_ui5_key":"etmportal.ui.manageresources.view.Mastersap.ui.core.Icon{\"src\":{\"regex\":{\"source\":\"add\"}}}"}]}
RESULT: {"using":"xpath","value":"//button[@data-kt=\"addNewRUOverflowToolbarButton\"]"}
RESULT: {"script":"<script> [1562 bytes]","args":[{"selector":{"controlType":"sap.ui.core.Icon","viewName":"etm.portal.ui.manageresources.view.Master","viewId":"application-manageresources-display-component---masterRU","properties":{"src":{"regex":{"source":"add"}}}},"wdio_ui5_key":"etmportal.ui.manageresources.view.Mastersap.ui.core.Icon{\"src\":{\"regex\":{\"source\":\"add\"}}}"}]}
RESULT: undefined
COMMAND: POST /session/e98a8c3f8e564d5dffeeff8b737fde72/element - {"using":"xpath","value":"//*[@id=\"__button5-img\"]"}
RESULT: {"using":"xpath","value":"//*[@id=\"__button5-img\"]"}
COMMAND: POST /session/e98a8c3f8e564d5dffeeff8b737fde72/element/f.442E653FBE801B9469C6A395343E122D.d.F0117C696BD7094CF1E0E5CD72AEEB1D.e.6677/click - {}
RESULT: {}
COMMAND: GET /session/e98a8c3f8e564d5dffeeff8b737fde72/screenshot - {}
COMMAND: POST /session/e98a8c3f8e564d5dffeeff8b737fde72/execute/async - {"script":"<script> [1562 bytes]","args":[{"selector":{"controlType":"sap.m.ComboBox","viewName":"reusables.view.manageresources.NewResourceUnit","viewId":"application-manageresources-display-component---newResourceUnit","bindingPath":{"path":"","propertyPath":"/RuTypes","modelName":"catalogModel"},"searchOpenDialogs":true},"wdio_ui5_key":"reusablesview.manageresources.NewResourceUnitsap.m.ComboBox{\"path\":\"\",\"propertyPath\":\"/RuTypes\",\"modelName\":\"catalogModel\"}"}]}
RESULT: {}
RESULT: {"script":"<script> [1562 bytes]","args":[{"selector":{"controlType":"sap.m.ComboBox","viewName":"reusables.view.manageresources.NewResourceUnit","viewId":"application-manageresources-display-component---newResourceUnit","bindingPath":{"path":"","propertyPath":"/RuTypes","modelName":"catalogModel"},"searchOpenDialogs":true},"wdio_ui5_key":"reusablesview.manageresources.NewResourceUnitsap.m.ComboBox{\"path\":\"\",\"propertyPath\":\"/RuTypes\",\"modelName\":\"catalogModel\"}"}]}
RESULT: undefined
COMMAND: POST /session/e98a8c3f8e564d5dffeeff8b737fde72/execute/async - {"script":"<script> [1562 bytes]","args":[{"selector":{"controlType":"sap.m.ComboBox","viewName":"reusables.view.manageresources.NewResourceUnit","viewId":"application-manageresources-display-component---newResourceUnit","bindingPath":{"path":"","propertyPath":"/Yards","modelName":"catalogModel"},"searchOpenDialogs":true},"wdio_ui5_key":"reusablesview.manageresources.NewResourceUnitsap.m.ComboBox{\"path\":\"\",\"propertyPath\":\"/Yards\",\"modelName\":\"catalogModel\"}"}]}
RESULT: {"script":"<script> [1562 bytes]","args":[{"selector":{"controlType":"sap.m.ComboBox","viewName":"reusables.view.manageresources.NewResourceUnit","viewId":"application-manageresources-display-component---newResourceUnit","bindingPath":{"path":"","propertyPath":"/Yards","modelName":"catalogModel"},"searchOpenDialogs":true},"wdio_ui5_key":"reusablesview.manageresources.NewResourceUnitsap.m.ComboBox{\"path\":\"\",\"propertyPath\":\"/Yards\",\"modelName\":\"catalogModel\"}"}]}
RESULT: undefined
COMMAND: POST /session/e98a8c3f8e564d5dffeeff8b737fde72/execute/async - {"script":"<script> [1562 bytes]","args":[{"selector":{"controlType":"etm.portal.ui.reusables.customControls.LiveSearchComboBox","viewName":"reusables.view.manageresources.NewResourceUnit","viewId":"application-manageresources-display-component---newResourceUnit","bindingPath":{"path":"","propertyPath":"/CatalogItems","modelName":"catalogModel"},"searchOpenDialogs":true},"wdio_ui5_key":"reusablesview.manageresources.NewResourceUnitetm.portal.ui.reusables.customControls.LiveSearchComboBox{\"path\":\"\",\"propertyPath\":\"/CatalogItems\",\"modelName\":\"catalogModel\"}"}]}
RESULT: {"script":"<script> [1562 bytes]","args":[{"selector":{"controlType":"etm.portal.ui.reusables.customControls.LiveSearchComboBox","viewName":"reusables.view.manageresources.NewResourceUnit","viewId":"application-manageresources-display-component---newResourceUnit","bindingPath":{"path":"","propertyPath":"/CatalogItems","modelName":"catalogModel"},"searchOpenDialogs":true},"wdio_ui5_key":"reusablesview.manageresources.NewResourceUnitetm.portal.ui.reusables.customControls.LiveSearchComboBox{\"path\":\"\",\"propertyPath\":\"/CatalogItems\",\"modelName\":\"catalogModel\"}"}]}
RESULT: undefined
COMMAND: POST /session/e98a8c3f8e564d5dffeeff8b737fde72/element - {"using":"xpath","value":"//bdi[text()=\"OK\"]"}
RESULT: {"using":"xpath","value":"//bdi[text()=\"OK\"]"}
COMMAND: POST /session/e98a8c3f8e564d5dffeeff8b737fde72/elements - {"using":"xpath","value":"//bdi[text()=\"OK\"]"}
RESULT: {"using":"xpath","value":"//bdi[text()=\"OK\"]"}
COMMAND: POST /session/e98a8c3f8e564d5dffeeff8b737fde72/elements - {"using":"xpath","value":"//bdi[text()=\"OK\"]"}
RESULT: {"using":"xpath","value":"//bdi[text()=\"OK\"]"}
COMMAND: POST /session/e98a8c3f8e564d5dffeeff8b737fde72/elements - {"using":"xpath","value":"//bdi[text()=\"OK\"]"}
RESULT: {"using":"xpath","value":"//bdi[text()=\"OK\"]"}
COMMAND: POST /session/e98a8c3f8e564d5dffeeff8b737fde72/elements - {"using":"xpath","value":"//bdi[text()=\"OK\"]"}
RESULT: {"using":"xpath","value":"//bdi[text()=\"OK\"]"}
COMMAND: POST /session/e98a8c3f8e564d5dffeeff8b737fde72/elements - {"using":"xpath","value":"//bdi[text()=\"OK\"]"}
RESULT: {"using":"xpath","value":"//bdi[text()=\"OK\"]"}
COMMAND: POST /session/e98a8c3f8e564d5dffeeff8b737fde72/elements - {"using":"xpath","value":"//bdi[text()=\"OK\"]"}
RESULT: {"using":"xpath","value":"//bdi[text()=\"OK\"]"}
COMMAND: POST /session/e98a8c3f8e564d5dffeeff8b737fde72/elements - {"using":"xpath","value":"//bdi[text()=\"OK\"]"}
RESULT: {"using":"xpath","value":"//bdi[text()=\"OK\"]"}
COMMAND: POST /session/e98a8c3f8e564d5dffeeff8b737fde72/elements - {"using":"xpath","value":"//bdi[text()=\"OK\"]"}
RESULT: {"using":"xpath","value":"//bdi[text()=\"OK\"]"}
COMMAND: POST /session/e98a8c3f8e564d5dffeeff8b737fde72/elements - {"using":"xpath","value":"//bdi[text()=\"OK\"]"}
RESULT: {"using":"xpath","value":"//bdi[text()=\"OK\"]"}
COMMAND: POST /session/e98a8c3f8e564d5dffeeff8b737fde72/elements - {"using":"xpath","value":"//bdi[text()=\"OK\"]"}
RESULT: {"using":"xpath","value":"//bdi[text()=\"OK\"]"}
COMMAND: POST /session/e98a8c3f8e564d5dffeeff8b737fde72/elements - {"using":"xpath","value":"//bdi[text()=\"OK\"]"}
RESULT: {"using":"xpath","value":"//bdi[text()=\"OK\"]"}
COMMAND: POST /session/e98a8c3f8e564d5dffeeff8b737fde72/elements - {"using":"xpath","value":"//bdi[text()=\"OK\"]"}
RESULT: {"using":"xpath","value":"//bdi[text()=\"OK\"]"}
COMMAND: POST /session/e98a8c3f8e564d5dffeeff8b737fde72/elements - {"using":"xpath","value":"//bdi[text()=\"OK\"]"}
RESULT: {"using":"xpath","value":"//bdi[text()=\"OK\"]"}
COMMAND: POST /session/e98a8c3f8e564d5dffeeff8b737fde72/elements - {"using":"xpath","value":"//bdi[text()=\"OK\"]"}
RESULT: {"using":"xpath","value":"//bdi[text()=\"OK\"]"}
COMMAND: POST /session/e98a8c3f8e564d5dffeeff8b737fde72/elements - {"using":"xpath","value":"//bdi[text()=\"OK\"]"}
RESULT: {"using":"xpath","value":"//bdi[text()=\"OK\"]"}
COMMAND: POST /session/e98a8c3f8e564d5dffeeff8b737fde72/elements - {"using":"xpath","value":"//bdi[text()=\"OK\"]"}
RESULT: {"using":"xpath","value":"//bdi[text()=\"OK\"]"}
COMMAND: POST /session/e98a8c3f8e564d5dffeeff8b737fde72/elements - {"using":"xpath","value":"//bdi[text()=\"OK\"]"}
RESULT: {"using":"xpath","value":"//bdi[text()=\"OK\"]"}
COMMAND: POST /session/e98a8c3f8e564d5dffeeff8b737fde72/elements - {"using":"xpath","value":"//bdi[text()=\"OK\"]"}
RESULT: {"using":"xpath","value":"//bdi[text()=\"OK\"]"}
COMMAND: POST /session/e98a8c3f8e564d5dffeeff8b737fde72/elements - {"using":"xpath","value":"//bdi[text()=\"OK\"]"}
RESULT: {"using":"xpath","value":"//bdi[text()=\"OK\"]"}
COMMAND: POST /session/e98a8c3f8e564d5dffeeff8b737fde72/elements - {"using":"xpath","value":"//bdi[text()=\"OK\"]"}
RESULT: {"using":"xpath","value":"//bdi[text()=\"OK\"]"}
COMMAND: POST /session/e98a8c3f8e564d5dffeeff8b737fde72/elements - {"using":"xpath","value":"//bdi[text()=\"OK\"]"}
RESULT: {"using":"xpath","value":"//bdi[text()=\"OK\"]"}
COMMAND: POST /session/e98a8c3f8e564d5dffeeff8b737fde72/elements - {"using":"xpath","value":"//bdi[text()=\"OK\"]"}
RESULT: {"using":"xpath","value":"//bdi[text()=\"OK\"]"}
COMMAND: POST /session/e98a8c3f8e564d5dffeeff8b737fde72/elements - {"using":"xpath","value":"//bdi[text()=\"OK\"]"}
RESULT: {"using":"xpath","value":"//bdi[text()=\"OK\"]"}
COMMAND: POST /session/e98a8c3f8e564d5dffeeff8b737fde72/elements - {"using":"xpath","value":"//bdi[text()=\"OK\"]"}
RESULT: {"using":"xpath","value":"//bdi[text()=\"OK\"]"}
COMMAND: POST /session/e98a8c3f8e564d5dffeeff8b737fde72/elements - {"using":"xpath","value":"//bdi[text()=\"OK\"]"}
RESULT: {"using":"xpath","value":"//bdi[text()=\"OK\"]"}
COMMAND: POST /session/e98a8c3f8e564d5dffeeff8b737fde72/elements - {"using":"xpath","value":"//bdi[text()=\"OK\"]"}
RESULT: {"using":"xpath","value":"//bdi[text()=\"OK\"]"}
COMMAND: POST /session/e98a8c3f8e564d5dffeeff8b737fde72/elements - {"using":"xpath","value":"//bdi[text()=\"OK\"]"}
RESULT: {"using":"xpath","value":"//bdi[text()=\"OK\"]"}
COMMAND: POST /session/e98a8c3f8e564d5dffeeff8b737fde72/elements - {"using":"xpath","value":"//bdi[text()=\"OK\"]"}
RESULT: {"using":"xpath","value":"//bdi[text()=\"OK\"]"}
COMMAND: POST /session/e98a8c3f8e564d5dffeeff8b737fde72/elements - {"using":"xpath","value":"//bdi[text()=\"OK\"]"}
RESULT: {"using":"xpath","value":"//bdi[text()=\"OK\"]"}
COMMAND: POST /session/e98a8c3f8e564d5dffeeff8b737fde72/elements - {"using":"xpath","value":"//bdi[text()=\"OK\"]"}
RESULT: {"using":"xpath","value":"//bdi[text()=\"OK\"]"}
COMMAND: POST /session/e98a8c3f8e564d5dffeeff8b737fde72/elements - {"using":"xpath","value":"//bdi[text()=\"OK\"]"}
RESULT: {"using":"xpath","value":"//bdi[text()=\"OK\"]"}
COMMAND: POST /session/e98a8c3f8e564d5dffeeff8b737fde72/elements - {"using":"xpath","value":"//bdi[text()=\"OK\"]"}
RESULT: {"using":"xpath","value":"//bdi[text()=\"OK\"]"}
COMMAND: POST /session/e98a8c3f8e564d5dffeeff8b737fde72/elements - {"using":"xpath","value":"//bdi[text()=\"OK\"]"}
RESULT: {"using":"xpath","value":"//bdi[text()=\"OK\"]"}
COMMAND: POST /session/e98a8c3f8e564d5dffeeff8b737fde72/elements - {"using":"xpath","value":"//bdi[text()=\"OK\"]"}
RESULT: {"using":"xpath","value":"//bdi[text()=\"OK\"]"}
COMMAND: POST /session/e98a8c3f8e564d5dffeeff8b737fde72/elements - {"using":"xpath","value":"//bdi[text()=\"OK\"]"}
RESULT: {"using":"xpath","value":"//bdi[text()=\"OK\"]"}
COMMAND: POST /session/e98a8c3f8e564d5dffeeff8b737fde72/elements - {"using":"xpath","value":"//bdi[text()=\"OK\"]"}
RESULT: {"using":"xpath","value":"//bdi[text()=\"OK\"]"}
COMMAND: POST /session/e98a8c3f8e564d5dffeeff8b737fde72/elements - {"using":"xpath","value":"//bdi[text()=\"OK\"]"}
RESULT: {"using":"xpath","value":"//bdi[text()=\"OK\"]"}
COMMAND: POST /session/e98a8c3f8e564d5dffeeff8b737fde72/elements - {"using":"xpath","value":"//bdi[text()=\"OK\"]"}
RESULT: {"using":"xpath","value":"//bdi[text()=\"OK\"]"}
COMMAND: POST /session/e98a8c3f8e564d5dffeeff8b737fde72/elements - {"using":"xpath","value":"//bdi[text()=\"OK\"]"}
RESULT: {"using":"xpath","value":"//bdi[text()=\"OK\"]"}
COMMAND: POST /session/e98a8c3f8e564d5dffeeff8b737fde72/elements - {"using":"xpath","value":"//bdi[text()=\"OK\"]"}
RESULT: {"using":"xpath","value":"//bdi[text()=\"OK\"]"}
COMMAND: POST /session/e98a8c3f8e564d5dffeeff8b737fde72/elements - {"using":"xpath","value":"//bdi[text()=\"OK\"]"}
RESULT: {"using":"xpath","value":"//bdi[text()=\"OK\"]"}
COMMAND: POST /session/e98a8c3f8e564d5dffeeff8b737fde72/elements - {"using":"xpath","value":"//bdi[text()=\"OK\"]"}
RESULT: {"using":"xpath","value":"//bdi[text()=\"OK\"]"}
COMMAND: POST /session/e98a8c3f8e564d5dffeeff8b737fde72/elements - {"using":"xpath","value":"//bdi[text()=\"OK\"]"}
RESULT: {"using":"xpath","value":"//bdi[text()=\"OK\"]"}
COMMAND: POST /session/e98a8c3f8e564d5dffeeff8b737fde72/elements - {"using":"xpath","value":"//bdi[text()=\"OK\"]"}
RESULT: {"using":"xpath","value":"//bdi[text()=\"OK\"]"}
COMMAND: POST /session/e98a8c3f8e564d5dffeeff8b737fde72/elements - {"using":"xpath","value":"//bdi[text()=\"OK\"]"}
RESULT: {"using":"xpath","value":"//bdi[text()=\"OK\"]"}
COMMAND: POST /session/e98a8c3f8e564d5dffeeff8b737fde72/elements - {"using":"xpath","value":"//bdi[text()=\"OK\"]"}
RESULT: {"using":"xpath","value":"//bdi[text()=\"OK\"]"}
COMMAND: POST /session/e98a8c3f8e564d5dffeeff8b737fde72/elements - {"using":"xpath","value":"//bdi[text()=\"OK\"]"}
RESULT: {"using":"xpath","value":"//bdi[text()=\"OK\"]"}
COMMAND: POST /session/e98a8c3f8e564d5dffeeff8b737fde72/elements - {"using":"xpath","value":"//bdi[text()=\"OK\"]"}
RESULT: {"using":"xpath","value":"//bdi[text()=\"OK\"]"}
COMMAND: POST /session/e98a8c3f8e564d5dffeeff8b737fde72/elements - {"using":"xpath","value":"//bdi[text()=\"OK\"]"}
RESULT: {"using":"xpath","value":"//bdi[text()=\"OK\"]"}
COMMAND: POST /session/e98a8c3f8e564d5dffeeff8b737fde72/elements - {"using":"xpath","value":"//bdi[text()=\"OK\"]"}
RESULT: {"using":"xpath","value":"//bdi[text()=\"OK\"]"}
COMMAND: POST /session/e98a8c3f8e564d5dffeeff8b737fde72/elements - {"using":"xpath","value":"//bdi[text()=\"OK\"]"}
RESULT: {"using":"xpath","value":"//bdi[text()=\"OK\"]"}
COMMAND: POST /session/e98a8c3f8e564d5dffeeff8b737fde72/elements - {"using":"xpath","value":"//bdi[text()=\"OK\"]"}
RESULT: {"using":"xpath","value":"//bdi[text()=\"OK\"]"}
COMMAND: POST /session/e98a8c3f8e564d5dffeeff8b737fde72/elements - {"using":"xpath","value":"//bdi[text()=\"OK\"]"}
RESULT: {"using":"xpath","value":"//bdi[text()=\"OK\"]"}
COMMAND: POST /session/e98a8c3f8e564d5dffeeff8b737fde72/elements - {"using":"xpath","value":"//bdi[text()=\"OK\"]"}
RESULT: {"using":"xpath","value":"//bdi[text()=\"OK\"]"}
COMMAND: POST /session/e98a8c3f8e564d5dffeeff8b737fde72/elements - {"using":"xpath","value":"//bdi[text()=\"OK\"]"}
RESULT: {"using":"xpath","value":"//bdi[text()=\"OK\"]"}
COMMAND: POST /session/e98a8c3f8e564d5dffeeff8b737fde72/elements - {"using":"xpath","value":"//bdi[text()=\"OK\"]"}
RESULT: {"using":"xpath","value":"//bdi[text()=\"OK\"]"}
COMMAND: POST /session/e98a8c3f8e564d5dffeeff8b737fde72/elements - {"using":"xpath","value":"//bdi[text()=\"OK\"]"}
RESULT: {"using":"xpath","value":"//bdi[text()=\"OK\"]"}
COMMAND: POST /session/e98a8c3f8e564d5dffeeff8b737fde72/elements - {"using":"xpath","value":"//bdi[text()=\"OK\"]"}
RESULT: {"using":"xpath","value":"//bdi[text()=\"OK\"]"}
COMMAND: POST /session/e98a8c3f8e564d5dffeeff8b737fde72/elements - {"using":"xpath","value":"//bdi[text()=\"OK\"]"}
RESULT: {"using":"xpath","value":"//bdi[text()=\"OK\"]"}
COMMAND: POST /session/e98a8c3f8e564d5dffeeff8b737fde72/elements - {"using":"xpath","value":"//bdi[text()=\"OK\"]"}
RESULT: {"using":"xpath","value":"//bdi[text()=\"OK\"]"}
COMMAND: POST /session/e98a8c3f8e564d5dffeeff8b737fde72/elements - {"using":"xpath","value":"//bdi[text()=\"OK\"]"}
RESULT: {"using":"xpath","value":"//bdi[text()=\"OK\"]"}
COMMAND: POST /session/e98a8c3f8e564d5dffeeff8b737fde72/elements - {"using":"xpath","value":"//bdi[text()=\"OK\"]"}
RESULT: {"using":"xpath","value":"//bdi[text()=\"OK\"]"}
COMMAND: POST /session/e98a8c3f8e564d5dffeeff8b737fde72/elements - {"using":"xpath","value":"//bdi[text()=\"OK\"]"}
RESULT: {"using":"xpath","value":"//bdi[text()=\"OK\"]"}
COMMAND: POST /session/e98a8c3f8e564d5dffeeff8b737fde72/elements - {"using":"xpath","value":"//bdi[text()=\"OK\"]"}
RESULT: {"using":"xpath","value":"//bdi[text()=\"OK\"]"}
COMMAND: POST /session/e98a8c3f8e564d5dffeeff8b737fde72/elements - {"using":"xpath","value":"//bdi[text()=\"OK\"]"}
RESULT: {"using":"xpath","value":"//bdi[text()=\"OK\"]"}
COMMAND: POST /session/e98a8c3f8e564d5dffeeff8b737fde72/elements - {"using":"xpath","value":"//bdi[text()=\"OK\"]"}
RESULT: {"using":"xpath","value":"//bdi[text()=\"OK\"]"}
COMMAND: POST /session/e98a8c3f8e564d5dffeeff8b737fde72/elements - {"using":"xpath","value":"//bdi[text()=\"OK\"]"}
RESULT: {"using":"xpath","value":"//bdi[text()=\"OK\"]"}
COMMAND: POST /session/e98a8c3f8e564d5dffeeff8b737fde72/elements - {"using":"xpath","value":"//bdi[text()=\"OK\"]"}
RESULT: {"using":"xpath","value":"//bdi[text()=\"OK\"]"}
COMMAND: POST /session/e98a8c3f8e564d5dffeeff8b737fde72/elements - {"using":"xpath","value":"//bdi[text()=\"OK\"]"}
RESULT: {"using":"xpath","value":"//bdi[text()=\"OK\"]"}
COMMAND: POST /session/e98a8c3f8e564d5dffeeff8b737fde72/elements - {"using":"xpath","value":"//bdi[text()=\"OK\"]"}
RESULT: {"using":"xpath","value":"//bdi[text()=\"OK\"]"}
COMMAND: POST /session/e98a8c3f8e564d5dffeeff8b737fde72/elements - {"using":"xpath","value":"//bdi[text()=\"OK\"]"}
RESULT: {"using":"xpath","value":"//bdi[text()=\"OK\"]"}
COMMAND: POST /session/e98a8c3f8e564d5dffeeff8b737fde72/elements - {"using":"xpath","value":"//bdi[text()=\"OK\"]"}
RESULT: {"using":"xpath","value":"//bdi[text()=\"OK\"]"}
COMMAND: POST /session/e98a8c3f8e564d5dffeeff8b737fde72/elements - {"using":"xpath","value":"//bdi[text()=\"OK\"]"}
RESULT: {"using":"xpath","value":"//bdi[text()=\"OK\"]"}
COMMAND: POST /session/e98a8c3f8e564d5dffeeff8b737fde72/elements - {"using":"xpath","value":"//bdi[text()=\"OK\"]"}
RESULT: {"using":"xpath","value":"//bdi[text()=\"OK\"]"}
COMMAND: POST /session/e98a8c3f8e564d5dffeeff8b737fde72/elements - {"using":"xpath","value":"//bdi[text()=\"OK\"]"}
RESULT: {"using":"xpath","value":"//bdi[text()=\"OK\"]"}
COMMAND: POST /session/e98a8c3f8e564d5dffeeff8b737fde72/elements - {"using":"xpath","value":"//bdi[text()=\"OK\"]"}
RESULT: {"using":"xpath","value":"//bdi[text()=\"OK\"]"}
COMMAND: POST /session/e98a8c3f8e564d5dffeeff8b737fde72/elements - {"using":"xpath","value":"//bdi[text()=\"OK\"]"}
RESULT: {"using":"xpath","value":"//bdi[text()=\"OK\"]"}
COMMAND: POST /session/e98a8c3f8e564d5dffeeff8b737fde72/elements - {"using":"xpath","value":"//bdi[text()=\"OK\"]"}
RESULT: {"using":"xpath","value":"//bdi[text()=\"OK\"]"}
COMMAND: POST /session/e98a8c3f8e564d5dffeeff8b737fde72/elements - {"using":"xpath","value":"//bdi[text()=\"OK\"]"}
RESULT: {"using":"xpath","value":"//bdi[text()=\"OK\"]"}
COMMAND: POST /session/e98a8c3f8e564d5dffeeff8b737fde72/elements - {"using":"xpath","value":"//bdi[text()=\"OK\"]"}
RESULT: {"using":"xpath","value":"//bdi[text()=\"OK\"]"}
COMMAND: POST /session/e98a8c3f8e564d5dffeeff8b737fde72/elements - {"using":"xpath","value":"//bdi[text()=\"OK\"]"}
RESULT: {"using":"xpath","value":"//bdi[text()=\"OK\"]"}
COMMAND: POST /session/e98a8c3f8e564d5dffeeff8b737fde72/elements - {"using":"xpath","value":"//bdi[text()=\"OK\"]"}
RESULT: {"using":"xpath","value":"//bdi[text()=\"OK\"]"}
COMMAND: POST /session/e98a8c3f8e564d5dffeeff8b737fde72/elements - {"using":"xpath","value":"//bdi[text()=\"OK\"]"}
RESULT: {"using":"xpath","value":"//bdi[text()=\"OK\"]"}
COMMAND: POST /session/e98a8c3f8e564d5dffeeff8b737fde72/elements - {"using":"xpath","value":"//bdi[text()=\"OK\"]"}
RESULT: {"using":"xpath","value":"//bdi[text()=\"OK\"]"}
COMMAND: POST /session/e98a8c3f8e564d5dffeeff8b737fde72/elements - {"using":"xpath","value":"//bdi[text()=\"OK\"]"}
RESULT: {"using":"xpath","value":"//bdi[text()=\"OK\"]"}
COMMAND: POST /session/e98a8c3f8e564d5dffeeff8b737fde72/elements - {"using":"xpath","value":"//bdi[text()=\"OK\"]"}
RESULT: {"using":"xpath","value":"//bdi[text()=\"OK\"]"}
COMMAND: POST /session/e98a8c3f8e564d5dffeeff8b737fde72/elements - {"using":"xpath","value":"//bdi[text()=\"OK\"]"}
RESULT: {"using":"xpath","value":"//bdi[text()=\"OK\"]"}
COMMAND: POST /session/e98a8c3f8e564d5dffeeff8b737fde72/elements - {"using":"xpath","value":"//bdi[text()=\"OK\"]"}
RESULT: {"using":"xpath","value":"//bdi[text()=\"OK\"]"}
COMMAND: POST /session/e98a8c3f8e564d5dffeeff8b737fde72/elements - {"using":"xpath","value":"//bdi[text()=\"OK\"]"}
RESULT: {"using":"xpath","value":"//bdi[text()=\"OK\"]"}
COMMAND: POST /session/e98a8c3f8e564d5dffeeff8b737fde72/elements - {"using":"xpath","value":"//bdi[text()=\"OK\"]"}
RESULT: {"using":"xpath","value":"//bdi[text()=\"OK\"]"}
COMMAND: POST /session/e98a8c3f8e564d5dffeeff8b737fde72/elements - {"using":"xpath","value":"//bdi[text()=\"OK\"]"}
RESULT: {"using":"xpath","value":"//bdi[text()=\"OK\"]"}
COMMAND: POST /session/e98a8c3f8e564d5dffeeff8b737fde72/elements - {"using":"xpath","value":"//bdi[text()=\"OK\"]"}
RESULT: {"using":"xpath","value":"//bdi[text()=\"OK\"]"}
COMMAND: POST /session/e98a8c3f8e564d5dffeeff8b737fde72/elements - {"using":"xpath","value":"//bdi[text()=\"OK\"]"}
RESULT: {"using":"xpath","value":"//bdi[text()=\"OK\"]"}
COMMAND: POST /session/e98a8c3f8e564d5dffeeff8b737fde72/elements - {"using":"xpath","value":"//bdi[text()=\"OK\"]"}
RESULT: {"using":"xpath","value":"//bdi[text()=\"OK\"]"}
COMMAND: POST /session/e98a8c3f8e564d5dffeeff8b737fde72/elements - {"using":"xpath","value":"//bdi[text()=\"OK\"]"}
RESULT: {"using":"xpath","value":"//bdi[text()=\"OK\"]"}
COMMAND: POST /session/e98a8c3f8e564d5dffeeff8b737fde72/elements - {"using":"xpath","value":"//bdi[text()=\"OK\"]"}
RESULT: {"using":"xpath","value":"//bdi[text()=\"OK\"]"}
COMMAND: POST /session/e98a8c3f8e564d5dffeeff8b737fde72/elements - {"using":"xpath","value":"//bdi[text()=\"OK\"]"}
RESULT: {"using":"xpath","value":"//bdi[text()=\"OK\"]"}
COMMAND: POST /session/e98a8c3f8e564d5dffeeff8b737fde72/elements - {"using":"xpath","value":"//bdi[text()=\"OK\"]"}
RESULT: {"using":"xpath","value":"//bdi[text()=\"OK\"]"}
COMMAND: POST /session/e98a8c3f8e564d5dffeeff8b737fde72/elements - {"using":"xpath","value":"//bdi[text()=\"OK\"]"}
RESULT: {"using":"xpath","value":"//bdi[text()=\"OK\"]"}
COMMAND: POST /session/e98a8c3f8e564d5dffeeff8b737fde72/elements - {"using":"xpath","value":"//bdi[text()=\"OK\"]"}
RESULT: {"using":"xpath","value":"//bdi[text()=\"OK\"]"}
COMMAND: POST /session/e98a8c3f8e564d5dffeeff8b737fde72/elements - {"using":"xpath","value":"//bdi[text()=\"OK\"]"}
RESULT: {"using":"xpath","value":"//bdi[text()=\"OK\"]"}
COMMAND: POST /session/e98a8c3f8e564d5dffeeff8b737fde72/elements - {"using":"xpath","value":"//bdi[text()=\"OK\"]"}
RESULT: {"using":"xpath","value":"//bdi[text()=\"OK\"]"}
COMMAND: POST /session/e98a8c3f8e564d5dffeeff8b737fde72/elements - {"using":"xpath","value":"//bdi[text()=\"OK\"]"}
RESULT: {"using":"xpath","value":"//bdi[text()=\"OK\"]"}
COMMAND: POST /session/e98a8c3f8e564d5dffeeff8b737fde72/elements - {"using":"xpath","value":"//bdi[text()=\"OK\"]"}
RESULT: {"using":"xpath","value":"//bdi[text()=\"OK\"]"}
COMMAND: POST /session/e98a8c3f8e564d5dffeeff8b737fde72/elements - {"using":"xpath","value":"//bdi[text()=\"OK\"]"}
RESULT: {"using":"xpath","value":"//bdi[text()=\"OK\"]"}
COMMAND: POST /session/e98a8c3f8e564d5dffeeff8b737fde72/elements - {"using":"xpath","value":"//bdi[text()=\"OK\"]"}
RESULT: {"using":"xpath","value":"//bdi[text()=\"OK\"]"}
COMMAND: POST /session/e98a8c3f8e564d5dffeeff8b737fde72/elements - {"using":"xpath","value":"//bdi[text()=\"OK\"]"}
RESULT: {"using":"xpath","value":"//bdi[text()=\"OK\"]"}
COMMAND: POST /session/e98a8c3f8e564d5dffeeff8b737fde72/elements - {"using":"xpath","value":"//bdi[text()=\"OK\"]"}
RESULT: {"using":"xpath","value":"//bdi[text()=\"OK\"]"}
COMMAND: POST /session/e98a8c3f8e564d5dffeeff8b737fde72/elements - {"using":"xpath","value":"//bdi[text()=\"OK\"]"}
RESULT: {"using":"xpath","value":"//bdi[text()=\"OK\"]"}
COMMAND: POST /session/e98a8c3f8e564d5dffeeff8b737fde72/elements - {"using":"xpath","value":"//bdi[text()=\"OK\"]"}
RESULT: {"using":"xpath","value":"//bdi[text()=\"OK\"]"}
COMMAND: POST /session/e98a8c3f8e564d5dffeeff8b737fde72/elements - {"using":"xpath","value":"//bdi[text()=\"OK\"]"}
RESULT: {"using":"xpath","value":"//bdi[text()=\"OK\"]"}
COMMAND: POST /session/e98a8c3f8e564d5dffeeff8b737fde72/elements - {"using":"xpath","value":"//bdi[text()=\"OK\"]"}
RESULT: {"using":"xpath","value":"//bdi[text()=\"OK\"]"}
COMMAND: POST /session/e98a8c3f8e564d5dffeeff8b737fde72/elements - {"using":"xpath","value":"//bdi[text()=\"OK\"]"}
RESULT: {"using":"xpath","value":"//bdi[text()=\"OK\"]"}
COMMAND: POST /session/e98a8c3f8e564d5dffeeff8b737fde72/elements - {"using":"xpath","value":"//bdi[text()=\"OK\"]"}
RESULT: {"using":"xpath","value":"//bdi[text()=\"OK\"]"}
COMMAND: POST /session/e98a8c3f8e564d5dffeeff8b737fde72/elements - {"using":"xpath","value":"//bdi[text()=\"OK\"]"}
RESULT: {"using":"xpath","value":"//bdi[text()=\"OK\"]"}
COMMAND: POST /session/e98a8c3f8e564d5dffeeff8b737fde72/elements - {"using":"xpath","value":"//bdi[text()=\"OK\"]"}
RESULT: {"using":"xpath","value":"//bdi[text()=\"OK\"]"}
COMMAND: POST /session/e98a8c3f8e564d5dffeeff8b737fde72/elements - {"using":"xpath","value":"//bdi[text()=\"OK\"]"}
RESULT: {"using":"xpath","value":"//bdi[text()=\"OK\"]"}
COMMAND: POST /session/e98a8c3f8e564d5dffeeff8b737fde72/elements - {"using":"xpath","value":"//bdi[text()=\"OK\"]"}
RESULT: {"using":"xpath","value":"//bdi[text()=\"OK\"]"}
COMMAND: POST /session/e98a8c3f8e564d5dffeeff8b737fde72/elements - {"using":"xpath","value":"//bdi[text()=\"OK\"]"}
RESULT: {"using":"xpath","value":"//bdi[text()=\"OK\"]"}
COMMAND: POST /session/e98a8c3f8e564d5dffeeff8b737fde72/elements - {"using":"xpath","value":"//bdi[text()=\"OK\"]"}
RESULT: {"using":"xpath","value":"//bdi[text()=\"OK\"]"}
COMMAND: POST /session/e98a8c3f8e564d5dffeeff8b737fde72/element - {"using":"xpath","value":"//bdi[text()=\"OK\"]"}
RESULT: {"using":"xpath","value":"//bdi[text()=\"OK\"]"}
COMMAND: POST /session/e98a8c3f8e564d5dffeeff8b737fde72/elements - {"using":"xpath","value":"//bdi[text()=\"OK\"]"}
RESULT: {"using":"xpath","value":"//bdi[text()=\"OK\"]"}
COMMAND: POST /session/e98a8c3f8e564d5dffeeff8b737fde72/elements - {"using":"xpath","value":"//bdi[text()=\"OK\"]"}
RESULT: {"using":"xpath","value":"//bdi[text()=\"OK\"]"}
COMMAND: POST /session/e98a8c3f8e564d5dffeeff8b737fde72/elements - {"using":"xpath","value":"//bdi[text()=\"OK\"]"}
RESULT: {"using":"xpath","value":"//bdi[text()=\"OK\"]"}
COMMAND: POST /session/e98a8c3f8e564d5dffeeff8b737fde72/elements - {"using":"xpath","value":"//bdi[text()=\"OK\"]"}
RESULT: {"using":"xpath","value":"//bdi[text()=\"OK\"]"}
COMMAND: POST /session/e98a8c3f8e564d5dffeeff8b737fde72/elements - {"using":"xpath","value":"//bdi[text()=\"OK\"]"}
RESULT: {"using":"xpath","value":"//bdi[text()=\"OK\"]"}
COMMAND: POST /session/e98a8c3f8e564d5dffeeff8b737fde72/elements - {"using":"xpath","value":"//bdi[text()=\"OK\"]"}
RESULT: {"using":"xpath","value":"//bdi[text()=\"OK\"]"}
COMMAND: POST /session/e98a8c3f8e564d5dffeeff8b737fde72/elements - {"using":"xpath","value":"//bdi[text()=\"OK\"]"}
RESULT: {"using":"xpath","value":"//bdi[text()=\"OK\"]"}
COMMAND: POST /session/e98a8c3f8e564d5dffeeff8b737fde72/elements - {"using":"xpath","value":"//bdi[text()=\"OK\"]"}
RESULT: {"using":"xpath","value":"//bdi[text()=\"OK\"]"}
COMMAND: POST /session/e98a8c3f8e564d5dffeeff8b737fde72/elements - {"using":"xpath","value":"//bdi[text()=\"OK\"]"}
RESULT: {"using":"xpath","value":"//bdi[text()=\"OK\"]"}
COMMAND: POST /session/e98a8c3f8e564d5dffeeff8b737fde72/elements - {"using":"xpath","value":"//bdi[text()=\"OK\"]"}
RESULT: {"using":"xpath","value":"//bdi[text()=\"OK\"]"}
COMMAND: POST /session/e98a8c3f8e564d5dffeeff8b737fde72/elements - {"using":"xpath","value":"//bdi[text()=\"OK\"]"}
RESULT: {"using":"xpath","value":"//bdi[text()=\"OK\"]"}
COMMAND: POST /session/e98a8c3f8e564d5dffeeff8b737fde72/elements - {"using":"xpath","value":"//bdi[text()=\"OK\"]"}
RESULT: {"using":"xpath","value":"//bdi[text()=\"OK\"]"}
COMMAND: POST /session/e98a8c3f8e564d5dffeeff8b737fde72/elements - {"using":"xpath","value":"//bdi[text()=\"OK\"]"}
RESULT: {"using":"xpath","value":"//bdi[text()=\"OK\"]"}
COMMAND: POST /session/e98a8c3f8e564d5dffeeff8b737fde72/elements - {"using":"xpath","value":"//bdi[text()=\"OK\"]"}
RESULT: {"using":"xpath","value":"//bdi[text()=\"OK\"]"}
COMMAND: POST /session/e98a8c3f8e564d5dffeeff8b737fde72/elements - {"using":"xpath","value":"//bdi[text()=\"OK\"]"}
RESULT: {"using":"xpath","value":"//bdi[text()=\"OK\"]"}
COMMAND: POST /session/e98a8c3f8e564d5dffeeff8b737fde72/elements - {"using":"xpath","value":"//bdi[text()=\"OK\"]"}
RESULT: {"using":"xpath","value":"//bdi[text()=\"OK\"]"}
COMMAND: POST /session/e98a8c3f8e564d5dffeeff8b737fde72/elements - {"using":"xpath","value":"//bdi[text()=\"OK\"]"}
RESULT: {"using":"xpath","value":"//bdi[text()=\"OK\"]"}
COMMAND: POST /session/e98a8c3f8e564d5dffeeff8b737fde72/elements - {"using":"xpath","value":"//bdi[text()=\"OK\"]"}
RESULT: {"using":"xpath","value":"//bdi[text()=\"OK\"]"}
COMMAND: POST /session/e98a8c3f8e564d5dffeeff8b737fde72/elements - {"using":"xpath","value":"//bdi[text()=\"OK\"]"}
RESULT: {"using":"xpath","value":"//bdi[text()=\"OK\"]"}
COMMAND: POST /session/e98a8c3f8e564d5dffeeff8b737fde72/elements - {"using":"xpath","value":"//bdi[text()=\"OK\"]"}
RESULT: {"using":"xpath","value":"//bdi[text()=\"OK\"]"}
COMMAND: POST /session/e98a8c3f8e564d5dffeeff8b737fde72/elements - {"using":"xpath","value":"//bdi[text()=\"OK\"]"}
RESULT: {"using":"xpath","value":"//bdi[text()=\"OK\"]"}
COMMAND: POST /session/e98a8c3f8e564d5dffeeff8b737fde72/elements - {"using":"xpath","value":"//bdi[text()=\"OK\"]"}
RESULT: {"using":"xpath","value":"//bdi[text()=\"OK\"]"}
COMMAND: POST /session/e98a8c3f8e564d5dffeeff8b737fde72/elements - {"using":"xpath","value":"//bdi[text()=\"OK\"]"}
RESULT: {"using":"xpath","value":"//bdi[text()=\"OK\"]"}
COMMAND: POST /session/e98a8c3f8e564d5dffeeff8b737fde72/elements - {"using":"xpath","value":"//bdi[text()=\"OK\"]"}
RESULT: {"using":"xpath","value":"//bdi[text()=\"OK\"]"}
COMMAND: POST /session/e98a8c3f8e564d5dffeeff8b737fde72/elements - {"using":"xpath","value":"//bdi[text()=\"OK\"]"}
RESULT: {"using":"xpath","value":"//bdi[text()=\"OK\"]"}
COMMAND: POST /session/e98a8c3f8e564d5dffeeff8b737fde72/elements - {"using":"xpath","value":"//bdi[text()=\"OK\"]"}
RESULT: {"using":"xpath","value":"//bdi[text()=\"OK\"]"}
COMMAND: POST /session/e98a8c3f8e564d5dffeeff8b737fde72/elements - {"using":"xpath","value":"//bdi[text()=\"OK\"]"}
RESULT: {"using":"xpath","value":"//bdi[text()=\"OK\"]"}
COMMAND: POST /session/e98a8c3f8e564d5dffeeff8b737fde72/elements - {"using":"xpath","value":"//bdi[text()=\"OK\"]"}
RESULT: {"using":"xpath","value":"//bdi[text()=\"OK\"]"}
COMMAND: POST /session/e98a8c3f8e564d5dffeeff8b737fde72/elements - {"using":"xpath","value":"//bdi[text()=\"OK\"]"}
RESULT: {"using":"xpath","value":"//bdi[text()=\"OK\"]"}
COMMAND: POST /session/e98a8c3f8e564d5dffeeff8b737fde72/elements - {"using":"xpath","value":"//bdi[text()=\"OK\"]"}
RESULT: {"using":"xpath","value":"//bdi[text()=\"OK\"]"}
COMMAND: POST /session/e98a8c3f8e564d5dffeeff8b737fde72/elements - {"using":"xpath","value":"//bdi[text()=\"OK\"]"}
RESULT: {"using":"xpath","value":"//bdi[text()=\"OK\"]"}
COMMAND: POST /session/e98a8c3f8e564d5dffeeff8b737fde72/elements - {"using":"xpath","value":"//bdi[text()=\"OK\"]"}
RESULT: {"using":"xpath","value":"//bdi[text()=\"OK\"]"}
COMMAND: POST /session/e98a8c3f8e564d5dffeeff8b737fde72/elements - {"using":"xpath","value":"//bdi[text()=\"OK\"]"}
RESULT: {"using":"xpath","value":"//bdi[text()=\"OK\"]"}
COMMAND: POST /session/e98a8c3f8e564d5dffeeff8b737fde72/elements - {"using":"xpath","value":"//bdi[text()=\"OK\"]"}
RESULT: {"using":"xpath","value":"//bdi[text()=\"OK\"]"}
COMMAND: POST /session/e98a8c3f8e564d5dffeeff8b737fde72/elements - {"using":"xpath","value":"//bdi[text()=\"OK\"]"}
RESULT: {"using":"xpath","value":"//bdi[text()=\"OK\"]"}
COMMAND: POST /session/e98a8c3f8e564d5dffeeff8b737fde72/elements - {"using":"xpath","value":"//bdi[text()=\"OK\"]"}
RESULT: {"using":"xpath","value":"//bdi[text()=\"OK\"]"}
COMMAND: POST /session/e98a8c3f8e564d5dffeeff8b737fde72/elements - {"using":"xpath","value":"//bdi[text()=\"OK\"]"}
RESULT: {"using":"xpath","value":"//bdi[text()=\"OK\"]"}
COMMAND: POST /session/e98a8c3f8e564d5dffeeff8b737fde72/elements - {"using":"xpath","value":"//bdi[text()=\"OK\"]"}
RESULT: {"using":"xpath","value":"//bdi[text()=\"OK\"]"}
COMMAND: POST /session/e98a8c3f8e564d5dffeeff8b737fde72/elements - {"using":"xpath","value":"//bdi[text()=\"OK\"]"}
RESULT: {"using":"xpath","value":"//bdi[text()=\"OK\"]"}
COMMAND: POST /session/e98a8c3f8e564d5dffeeff8b737fde72/elements - {"using":"xpath","value":"//bdi[text()=\"OK\"]"}
RESULT: {"using":"xpath","value":"//bdi[text()=\"OK\"]"}
COMMAND: POST /session/e98a8c3f8e564d5dffeeff8b737fde72/elements - {"using":"xpath","value":"//bdi[text()=\"OK\"]"}
RESULT: {"using":"xpath","value":"//bdi[text()=\"OK\"]"}
COMMAND: POST /session/e98a8c3f8e564d5dffeeff8b737fde72/elements - {"using":"xpath","value":"//bdi[text()=\"OK\"]"}
RESULT: {"using":"xpath","value":"//bdi[text()=\"OK\"]"}
COMMAND: POST /session/e98a8c3f8e564d5dffeeff8b737fde72/elements - {"using":"xpath","value":"//bdi[text()=\"OK\"]"}
RESULT: {"using":"xpath","value":"//bdi[text()=\"OK\"]"}
COMMAND: POST /session/e98a8c3f8e564d5dffeeff8b737fde72/elements - {"using":"xpath","value":"//bdi[text()=\"OK\"]"}
RESULT: {"using":"xpath","value":"//bdi[text()=\"OK\"]"}
COMMAND: POST /session/e98a8c3f8e564d5dffeeff8b737fde72/elements - {"using":"xpath","value":"//bdi[text()=\"OK\"]"}
RESULT: {"using":"xpath","value":"//bdi[text()=\"OK\"]"}
COMMAND: POST /session/e98a8c3f8e564d5dffeeff8b737fde72/elements - {"using":"xpath","value":"//bdi[text()=\"OK\"]"}
RESULT: {"using":"xpath","value":"//bdi[text()=\"OK\"]"}
COMMAND: POST /session/e98a8c3f8e564d5dffeeff8b737fde72/elements - {"using":"xpath","value":"//bdi[text()=\"OK\"]"}
RESULT: {"using":"xpath","value":"//bdi[text()=\"OK\"]"}
COMMAND: POST /session/e98a8c3f8e564d5dffeeff8b737fde72/elements - {"using":"xpath","value":"//bdi[text()=\"OK\"]"}
RESULT: {"using":"xpath","value":"//bdi[text()=\"OK\"]"}
COMMAND: POST /session/e98a8c3f8e564d5dffeeff8b737fde72/elements - {"using":"xpath","value":"//bdi[text()=\"OK\"]"}
RESULT: {"using":"xpath","value":"//bdi[text()=\"OK\"]"}
COMMAND: POST /session/e98a8c3f8e564d5dffeeff8b737fde72/elements - {"using":"xpath","value":"//bdi[text()=\"OK\"]"}
RESULT: {"using":"xpath","value":"//bdi[text()=\"OK\"]"}
COMMAND: POST /session/e98a8c3f8e564d5dffeeff8b737fde72/elements - {"using":"xpath","value":"//bdi[text()=\"OK\"]"}
RESULT: {"using":"xpath","value":"//bdi[text()=\"OK\"]"}
COMMAND: POST /session/e98a8c3f8e564d5dffeeff8b737fde72/elements - {"using":"xpath","value":"//bdi[text()=\"OK\"]"}
RESULT: {"using":"xpath","value":"//bdi[text()=\"OK\"]"}
COMMAND: POST /session/e98a8c3f8e564d5dffeeff8b737fde72/elements - {"using":"xpath","value":"//bdi[text()=\"OK\"]"}
RESULT: {"using":"xpath","value":"//bdi[text()=\"OK\"]"}
COMMAND: POST /session/e98a8c3f8e564d5dffeeff8b737fde72/elements - {"using":"xpath","value":"//bdi[text()=\"OK\"]"}
RESULT: {"using":"xpath","value":"//bdi[text()=\"OK\"]"}
COMMAND: POST /session/e98a8c3f8e564d5dffeeff8b737fde72/elements - {"using":"xpath","value":"//bdi[text()=\"OK\"]"}
RESULT: {"using":"xpath","value":"//bdi[text()=\"OK\"]"}
COMMAND: POST /session/e98a8c3f8e564d5dffeeff8b737fde72/elements - {"using":"xpath","value":"//bdi[text()=\"OK\"]"}
RESULT: {"using":"xpath","value":"//bdi[text()=\"OK\"]"}
COMMAND: POST /session/e98a8c3f8e564d5dffeeff8b737fde72/elements - {"using":"xpath","value":"//bdi[text()=\"OK\"]"}
RESULT: {"using":"xpath","value":"//bdi[text()=\"OK\"]"}
COMMAND: POST /session/e98a8c3f8e564d5dffeeff8b737fde72/elements - {"using":"xpath","value":"//bdi[text()=\"OK\"]"}
RESULT: {"using":"xpath","value":"//bdi[text()=\"OK\"]"}
COMMAND: POST /session/e98a8c3f8e564d5dffeeff8b737fde72/elements - {"using":"xpath","value":"//bdi[text()=\"OK\"]"}
RESULT: {"using":"xpath","value":"//bdi[text()=\"OK\"]"}
COMMAND: POST /session/e98a8c3f8e564d5dffeeff8b737fde72/elements - {"using":"xpath","value":"//bdi[text()=\"OK\"]"}
RESULT: {"using":"xpath","value":"//bdi[text()=\"OK\"]"}
COMMAND: POST /session/e98a8c3f8e564d5dffeeff8b737fde72/elements - {"using":"xpath","value":"//bdi[text()=\"OK\"]"}
RESULT: {"using":"xpath","value":"//bdi[text()=\"OK\"]"}
COMMAND: POST /session/e98a8c3f8e564d5dffeeff8b737fde72/elements - {"using":"xpath","value":"//bdi[text()=\"OK\"]"}
RESULT: {"using":"xpath","value":"//bdi[text()=\"OK\"]"}
COMMAND: POST /session/e98a8c3f8e564d5dffeeff8b737fde72/elements - {"using":"xpath","value":"//bdi[text()=\"OK\"]"}
RESULT: {"using":"xpath","value":"//bdi[text()=\"OK\"]"}
COMMAND: POST /session/e98a8c3f8e564d5dffeeff8b737fde72/elements - {"using":"xpath","value":"//bdi[text()=\"OK\"]"}
RESULT: {"using":"xpath","value":"//bdi[text()=\"OK\"]"}
COMMAND: POST /session/e98a8c3f8e564d5dffeeff8b737fde72/elements - {"using":"xpath","value":"//bdi[text()=\"OK\"]"}
RESULT: {"using":"xpath","value":"//bdi[text()=\"OK\"]"}
COMMAND: POST /session/e98a8c3f8e564d5dffeeff8b737fde72/elements - {"using":"xpath","value":"//bdi[text()=\"OK\"]"}
RESULT: {"using":"xpath","value":"//bdi[text()=\"OK\"]"}
COMMAND: POST /session/e98a8c3f8e564d5dffeeff8b737fde72/elements - {"using":"xpath","value":"//bdi[text()=\"OK\"]"}
RESULT: {"using":"xpath","value":"//bdi[text()=\"OK\"]"}
COMMAND: POST /session/e98a8c3f8e564d5dffeeff8b737fde72/elements - {"using":"xpath","value":"//bdi[text()=\"OK\"]"}
RESULT: {"using":"xpath","value":"//bdi[text()=\"OK\"]"}
COMMAND: POST /session/e98a8c3f8e564d5dffeeff8b737fde72/elements - {"using":"xpath","value":"//bdi[text()=\"OK\"]"}
RESULT: {"using":"xpath","value":"//bdi[text()=\"OK\"]"}
COMMAND: POST /session/e98a8c3f8e564d5dffeeff8b737fde72/elements - {"using":"xpath","value":"//bdi[text()=\"OK\"]"}
RESULT: {"using":"xpath","value":"//bdi[text()=\"OK\"]"}
COMMAND: POST /session/e98a8c3f8e564d5dffeeff8b737fde72/elements - {"using":"xpath","value":"//bdi[text()=\"OK\"]"}
RESULT: {"using":"xpath","value":"//bdi[text()=\"OK\"]"}
COMMAND: POST /session/e98a8c3f8e564d5dffeeff8b737fde72/elements - {"using":"xpath","value":"//bdi[text()=\"OK\"]"}
RESULT: {"using":"xpath","value":"//bdi[text()=\"OK\"]"}
COMMAND: POST /session/e98a8c3f8e564d5dffeeff8b737fde72/elements - {"using":"xpath","value":"//bdi[text()=\"OK\"]"}
RESULT: {"using":"xpath","value":"//bdi[text()=\"OK\"]"}
COMMAND: POST /session/e98a8c3f8e564d5dffeeff8b737fde72/elements - {"using":"xpath","value":"//bdi[text()=\"OK\"]"}
RESULT: {"using":"xpath","value":"//bdi[text()=\"OK\"]"}
COMMAND: POST /session/e98a8c3f8e564d5dffeeff8b737fde72/elements - {"using":"xpath","value":"//bdi[text()=\"OK\"]"}
RESULT: {"using":"xpath","value":"//bdi[text()=\"OK\"]"}
COMMAND: POST /session/e98a8c3f8e564d5dffeeff8b737fde72/elements - {"using":"xpath","value":"//bdi[text()=\"OK\"]"}
RESULT: {"using":"xpath","value":"//bdi[text()=\"OK\"]"}
COMMAND: POST /session/e98a8c3f8e564d5dffeeff8b737fde72/elements - {"using":"xpath","value":"//bdi[text()=\"OK\"]"}
RESULT: {"using":"xpath","value":"//bdi[text()=\"OK\"]"}
COMMAND: POST /session/e98a8c3f8e564d5dffeeff8b737fde72/elements - {"using":"xpath","value":"//bdi[text()=\"OK\"]"}
RESULT: {"using":"xpath","value":"//bdi[text()=\"OK\"]"}
COMMAND: POST /session/e98a8c3f8e564d5dffeeff8b737fde72/elements - {"using":"xpath","value":"//bdi[text()=\"OK\"]"}
RESULT: {"using":"xpath","value":"//bdi[text()=\"OK\"]"}
COMMAND: POST /session/e98a8c3f8e564d5dffeeff8b737fde72/elements - {"using":"xpath","value":"//bdi[text()=\"OK\"]"}
RESULT: {"using":"xpath","value":"//bdi[text()=\"OK\"]"}
COMMAND: POST /session/e98a8c3f8e564d5dffeeff8b737fde72/elements - {"using":"xpath","value":"//bdi[text()=\"OK\"]"}
RESULT: {"using":"xpath","value":"//bdi[text()=\"OK\"]"}
COMMAND: POST /session/e98a8c3f8e564d5dffeeff8b737fde72/elements - {"using":"xpath","value":"//bdi[text()=\"OK\"]"}
RESULT: {"using":"xpath","value":"//bdi[text()=\"OK\"]"}
COMMAND: POST /session/e98a8c3f8e564d5dffeeff8b737fde72/elements - {"using":"xpath","value":"//bdi[text()=\"OK\"]"}
RESULT: {"using":"xpath","value":"//bdi[text()=\"OK\"]"}
COMMAND: POST /session/e98a8c3f8e564d5dffeeff8b737fde72/elements - {"using":"xpath","value":"//bdi[text()=\"OK\"]"}
RESULT: {"using":"xpath","value":"//bdi[text()=\"OK\"]"}
COMMAND: POST /session/e98a8c3f8e564d5dffeeff8b737fde72/elements - {"using":"xpath","value":"//bdi[text()=\"OK\"]"}
RESULT: {"using":"xpath","value":"//bdi[text()=\"OK\"]"}
COMMAND: POST /session/e98a8c3f8e564d5dffeeff8b737fde72/elements - {"using":"xpath","value":"//bdi[text()=\"OK\"]"}
RESULT: {"using":"xpath","value":"//bdi[text()=\"OK\"]"}
COMMAND: POST /session/e98a8c3f8e564d5dffeeff8b737fde72/elements - {"using":"xpath","value":"//bdi[text()=\"OK\"]"}
RESULT: {"using":"xpath","value":"//bdi[text()=\"OK\"]"}
COMMAND: POST /session/e98a8c3f8e564d5dffeeff8b737fde72/elements - {"using":"xpath","value":"//bdi[text()=\"OK\"]"}
RESULT: {"using":"xpath","value":"//bdi[text()=\"OK\"]"}
COMMAND: POST /session/e98a8c3f8e564d5dffeeff8b737fde72/elements - {"using":"xpath","value":"//bdi[text()=\"OK\"]"}
RESULT: {"using":"xpath","value":"//bdi[text()=\"OK\"]"}
COMMAND: POST /session/e98a8c3f8e564d5dffeeff8b737fde72/elements - {"using":"xpath","value":"//bdi[text()=\"OK\"]"}
RESULT: {"using":"xpath","value":"//bdi[text()=\"OK\"]"}
COMMAND: POST /session/e98a8c3f8e564d5dffeeff8b737fde72/elements - {"using":"xpath","value":"//bdi[text()=\"OK\"]"}
RESULT: {"using":"xpath","value":"//bdi[text()=\"OK\"]"}
COMMAND: POST /session/e98a8c3f8e564d5dffeeff8b737fde72/elements - {"using":"xpath","value":"//bdi[text()=\"OK\"]"}
RESULT: {"using":"xpath","value":"//bdi[text()=\"OK\"]"}
COMMAND: POST /session/e98a8c3f8e564d5dffeeff8b737fde72/elements - {"using":"xpath","value":"//bdi[text()=\"OK\"]"}
RESULT: {"using":"xpath","value":"//bdi[text()=\"OK\"]"}
COMMAND: POST /session/e98a8c3f8e564d5dffeeff8b737fde72/elements - {"using":"xpath","value":"//bdi[text()=\"OK\"]"}
RESULT: {"using":"xpath","value":"//bdi[text()=\"OK\"]"}
COMMAND: POST /session/e98a8c3f8e564d5dffeeff8b737fde72/elements - {"using":"xpath","value":"//bdi[text()=\"OK\"]"}
RESULT: {"using":"xpath","value":"//bdi[text()=\"OK\"]"}
COMMAND: POST /session/e98a8c3f8e564d5dffeeff8b737fde72/elements - {"using":"xpath","value":"//bdi[text()=\"OK\"]"}
RESULT: {"using":"xpath","value":"//bdi[text()=\"OK\"]"}
COMMAND: POST /session/e98a8c3f8e564d5dffeeff8b737fde72/elements - {"using":"xpath","value":"//bdi[text()=\"OK\"]"}
RESULT: {"using":"xpath","value":"//bdi[text()=\"OK\"]"}
COMMAND: POST /session/e98a8c3f8e564d5dffeeff8b737fde72/elements - {"using":"xpath","value":"//bdi[text()=\"OK\"]"}
RESULT: {"using":"xpath","value":"//bdi[text()=\"OK\"]"}
COMMAND: POST /session/e98a8c3f8e564d5dffeeff8b737fde72/elements - {"using":"xpath","value":"//bdi[text()=\"OK\"]"}
RESULT: {"using":"xpath","value":"//bdi[text()=\"OK\"]"}
COMMAND: POST /session/e98a8c3f8e564d5dffeeff8b737fde72/elements - {"using":"xpath","value":"//bdi[text()=\"OK\"]"}
RESULT: {"using":"xpath","value":"//bdi[text()=\"OK\"]"}
COMMAND: POST /session/e98a8c3f8e564d5dffeeff8b737fde72/elements - {"using":"xpath","value":"//bdi[text()=\"OK\"]"}
RESULT: {"using":"xpath","value":"//bdi[text()=\"OK\"]"}
COMMAND: POST /session/e98a8c3f8e564d5dffeeff8b737fde72/elements - {"using":"xpath","value":"//bdi[text()=\"OK\"]"}
RESULT: {"using":"xpath","value":"//bdi[text()=\"OK\"]"}
COMMAND: POST /session/e98a8c3f8e564d5dffeeff8b737fde72/elements - {"using":"xpath","value":"//bdi[text()=\"OK\"]"}
RESULT: {"using":"xpath","value":"//bdi[text()=\"OK\"]"}
COMMAND: POST /session/e98a8c3f8e564d5dffeeff8b737fde72/elements - {"using":"xpath","value":"//bdi[text()=\"OK\"]"}
RESULT: {"using":"xpath","value":"//bdi[text()=\"OK\"]"}
COMMAND: POST /session/e98a8c3f8e564d5dffeeff8b737fde72/elements - {"using":"xpath","value":"//bdi[text()=\"OK\"]"}
RESULT: {"using":"xpath","value":"//bdi[text()=\"OK\"]"}
COMMAND: POST /session/e98a8c3f8e564d5dffeeff8b737fde72/elements - {"using":"xpath","value":"//bdi[text()=\"OK\"]"}
RESULT: {"using":"xpath","value":"//bdi[text()=\"OK\"]"}
COMMAND: POST /session/e98a8c3f8e564d5dffeeff8b737fde72/elements - {"using":"xpath","value":"//bdi[text()=\"OK\"]"}
RESULT: {"using":"xpath","value":"//bdi[text()=\"OK\"]"}
COMMAND: POST /session/e98a8c3f8e564d5dffeeff8b737fde72/elements - {"using":"xpath","value":"//bdi[text()=\"OK\"]"}
RESULT: {"using":"xpath","value":"//bdi[text()=\"OK\"]"}
COMMAND: POST /session/e98a8c3f8e564d5dffeeff8b737fde72/elements - {"using":"xpath","value":"//bdi[text()=\"OK\"]"}
RESULT: {"using":"xpath","value":"//bdi[text()=\"OK\"]"}
COMMAND: POST /session/e98a8c3f8e564d5dffeeff8b737fde72/elements - {"using":"xpath","value":"//bdi[text()=\"OK\"]"}
RESULT: {"using":"xpath","value":"//bdi[text()=\"OK\"]"}
COMMAND: POST /session/e98a8c3f8e564d5dffeeff8b737fde72/elements - {"using":"xpath","value":"//bdi[text()=\"OK\"]"}
RESULT: {"using":"xpath","value":"//bdi[text()=\"OK\"]"}
COMMAND: POST /session/e98a8c3f8e564d5dffeeff8b737fde72/elements - {"using":"xpath","value":"//bdi[text()=\"OK\"]"}
RESULT: {"using":"xpath","value":"//bdi[text()=\"OK\"]"}
COMMAND: POST /session/e98a8c3f8e564d5dffeeff8b737fde72/elements - {"using":"xpath","value":"//bdi[text()=\"OK\"]"}
RESULT: {"using":"xpath","value":"//bdi[text()=\"OK\"]"}
COMMAND: POST /session/e98a8c3f8e564d5dffeeff8b737fde72/elements - {"using":"xpath","value":"//bdi[text()=\"OK\"]"}
RESULT: {"using":"xpath","value":"//bdi[text()=\"OK\"]"}
COMMAND: POST /session/e98a8c3f8e564d5dffeeff8b737fde72/elements - {"using":"xpath","value":"//bdi[text()=\"OK\"]"}
RESULT: {"using":"xpath","value":"//bdi[text()=\"OK\"]"}
COMMAND: POST /session/e98a8c3f8e564d5dffeeff8b737fde72/elements - {"using":"xpath","value":"//bdi[text()=\"OK\"]"}
RESULT: {"using":"xpath","value":"//bdi[text()=\"OK\"]"}
COMMAND: POST /session/e98a8c3f8e564d5dffeeff8b737fde72/elements - {"using":"xpath","value":"//bdi[text()=\"OK\"]"}
RESULT: {"using":"xpath","value":"//bdi[text()=\"OK\"]"}
COMMAND: POST /session/e98a8c3f8e564d5dffeeff8b737fde72/execute/async - {"script":"<script> [1562 bytes]","args":[{"selector":{"id":"application-manageresources-display-component---newResourceUnit--TYPE-arrow"},"wdio_ui5_key":"applicationmanageresources-display-component---newResourceUnit--TYPE-arrow"}]}
RESULT: {"script":"<script> [1562 bytes]","args":[{"selector":{"id":"application-manageresources-display-component---newResourceUnit--TYPE-arrow"},"wdio_ui5_key":"applicationmanageresources-display-component---newResourceUnit--TYPE-arrow"}]}
RESULT: undefined
COMMAND: POST /session/e98a8c3f8e564d5dffeeff8b737fde72/element - {"using":"xpath","value":"//*[@id=\"application-manageresources-display-component---newResourceUnit--TYPE-arrow\"]"}
RESULT: {"using":"xpath","value":"//*[@id=\"application-manageresources-display-component---newResourceUnit--TYPE-arrow\"]"}
COMMAND: POST /session/e98a8c3f8e564d5dffeeff8b737fde72/element/f.442E653FBE801B9469C6A395343E122D.d.F0117C696BD7094CF1E0E5CD72AEEB1D.e.6988/click - {}
RESULT: {}
COMMAND: POST /session/e98a8c3f8e564d5dffeeff8b737fde72/execute/async - {"script":"<script> [1562 bytes]","args":[{"selector":{"controlType":"sap.m.StandardListItem","viewName":"reusables.view.manageresources.NewResourceUnit","viewId":"application-manageresources-display-component---newResourceUnit","properties":{"title":"Equipment"},"searchOpenDialogs":true,"interaction":{"idSuffix":"content"}},"wdio_ui5_key":"reusablesview.manageresources.NewResourceUnitsap.m.StandardListItem{\"title\":\"Equipment\"}"}]}
COMMAND: GET /session/e98a8c3f8e564d5dffeeff8b737fde72/screenshot - {}
RESULT: {"script":"<script> [1562 bytes]","args":[{"selector":{"controlType":"sap.m.StandardListItem","viewName":"reusables.view.manageresources.NewResourceUnit","viewId":"application-manageresources-display-component---newResourceUnit","properties":{"title":"Equipment"},"searchOpenDialogs":true,"interaction":{"idSuffix":"content"}},"wdio_ui5_key":"reusablesview.manageresources.NewResourceUnitsap.m.StandardListItem{\"title\":\"Equipment\"}"}]}
RESULT: undefined
COMMAND: POST /session/e98a8c3f8e564d5dffeeff8b737fde72/element - {"using":"xpath","value":"//*[@id=\"__item139\"]"}
RESULT: {}
RESULT: {"using":"xpath","value":"//*[@id=\"__item139\"]"}
COMMAND: POST /session/e98a8c3f8e564d5dffeeff8b737fde72/element/f.442E653FBE801B9469C6A395343E122D.d.F0117C696BD7094CF1E0E5CD72AEEB1D.e.6991/click - {}
RESULT: {}
COMMAND: POST /session/e98a8c3f8e564d5dffeeff8b737fde72/execute/async - {"script":"<script> [1562 bytes]","args":[{"selector":{"id":"application-manageresources-display-component---newResourceUnit--resourceId","interaction":{"idSuffix":"inner"}},"wdio_ui5_key":"applicationmanageresources-display-component---newResourceUnit--resourceId"}]}
COMMAND: GET /session/e98a8c3f8e564d5dffeeff8b737fde72/screenshot - {}
RESULT: {"script":"<script> [1562 bytes]","args":[{"selector":{"id":"application-manageresources-display-component---newResourceUnit--resourceId","interaction":{"idSuffix":"inner"}},"wdio_ui5_key":"applicationmanageresources-display-component---newResourceUnit--resourceId"}]}
RESULT: undefined
COMMAND: POST /session/e98a8c3f8e564d5dffeeff8b737fde72/execute/async - {"script":"<script> [776 bytes]","args":[{"enterText":"EquipmentCounter yycoz","selector":{"id":"application-manageresources-display-component---newResourceUnit--resourceId","interaction":{"idSuffix":"inner"}},"clearTextFirst":true,"interactionType":"ENTER_TEXT"}]}
RESULT: {}
RESULT: {"script":"<script> [776 bytes]","args":[{"enterText":"EquipmentCounter yycoz","selector":{"id":"application-manageresources-display-component---newResourceUnit--resourceId","interaction":{"idSuffix":"inner"}},"clearTextFirst":true,"interactionType":"ENTER_TEXT"}]}
COMMAND: POST /session/e98a8c3f8e564d5dffeeff8b737fde72/execute/async - {"script":"<script> [1562 bytes]","args":[{"selector":{"id":"application-manageresources-display-component---newResourceUnit--SHORT_TEXT","interaction":{"idSuffix":"inner"}},"wdio_ui5_key":"applicationmanageresources-display-component---newResourceUnit--SHORT_TEXT"}]}
RESULT: {"script":"<script> [1562 bytes]","args":[{"selector":{"id":"application-manageresources-display-component---newResourceUnit--SHORT_TEXT","interaction":{"idSuffix":"inner"}},"wdio_ui5_key":"applicationmanageresources-display-component---newResourceUnit--SHORT_TEXT"}]}
RESULT: undefined
COMMAND: POST /session/e98a8c3f8e564d5dffeeff8b737fde72/execute/async - {"script":"<script> [776 bytes]","args":[{"enterText":"EquipmentCounter yycoz","selector":{"id":"application-manageresources-display-component---newResourceUnit--SHORT_TEXT","interaction":{"idSuffix":"inner"}},"clearTextFirst":true,"interactionType":"ENTER_TEXT"}]}
RESULT: {"script":"<script> [776 bytes]","args":[{"enterText":"EquipmentCounter yycoz","selector":{"id":"application-manageresources-display-component---newResourceUnit--SHORT_TEXT","interaction":{"idSuffix":"inner"}},"clearTextFirst":true,"interactionType":"ENTER_TEXT"}]}
COMMAND: POST /session/e98a8c3f8e564d5dffeeff8b737fde72/execute/async - {"script":"<script> [1562 bytes]","args":[{"selector":{"id":"application-manageresources-display-component---newResourceUnit--BASE_UNIT_OF_MEASURE","interaction":{"idSuffix":"inner"}},"wdio_ui5_key":"applicationmanageresources-display-component---newResourceUnit--BASE_UNIT_OF_MEASURE"}]}
RESULT: {"script":"<script> [1562 bytes]","args":[{"selector":{"id":"application-manageresources-display-component---newResourceUnit--BASE_UNIT_OF_MEASURE","interaction":{"idSuffix":"inner"}},"wdio_ui5_key":"applicationmanageresources-display-component---newResourceUnit--BASE_UNIT_OF_MEASURE"}]}
RESULT: undefined
COMMAND: POST /session/e98a8c3f8e564d5dffeeff8b737fde72/execute/async - {"script":"<script> [776 bytes]","args":[{"enterText":"Piece","selector":{"id":"application-manageresources-display-component---newResourceUnit--BASE_UNIT_OF_MEASURE","interaction":{"idSuffix":"inner"}},"clearTextFirst":true,"interactionType":"ENTER_TEXT"}]}
RESULT: {"script":"<script> [776 bytes]","args":[{"enterText":"Piece","selector":{"id":"application-manageresources-display-component---newResourceUnit--BASE_UNIT_OF_MEASURE","interaction":{"idSuffix":"inner"}},"clearTextFirst":true,"interactionType":"ENTER_TEXT"}]}
COMMAND: POST /session/e98a8c3f8e564d5dffeeff8b737fde72/execute/async - {"script":"<script> [1562 bytes]","args":[{"selector":{"id":"application-manageresources-display-component---newResourceUnit--WEIGHT_UNIT","interaction":{"idSuffix":"inner"}},"wdio_ui5_key":"applicationmanageresources-display-component---newResourceUnit--WEIGHT_UNIT"}]}
RESULT: {"script":"<script> [1562 bytes]","args":[{"selector":{"id":"application-manageresources-display-component---newResourceUnit--WEIGHT_UNIT","interaction":{"idSuffix":"inner"}},"wdio_ui5_key":"applicationmanageresources-display-component---newResourceUnit--WEIGHT_UNIT"}]}
RESULT: undefined
COMMAND: POST /session/e98a8c3f8e564d5dffeeff8b737fde72/execute/async - {"script":"<script> [776 bytes]","args":[{"enterText":"Gram","selector":{"id":"application-manageresources-display-component---newResourceUnit--WEIGHT_UNIT","interaction":{"idSuffix":"inner"}},"clearTextFirst":true,"interactionType":"ENTER_TEXT"}]}
RESULT: {"script":"<script> [776 bytes]","args":[{"enterText":"Gram","selector":{"id":"application-manageresources-display-component---newResourceUnit--WEIGHT_UNIT","interaction":{"idSuffix":"inner"}},"clearTextFirst":true,"interactionType":"ENTER_TEXT"}]}
COMMAND: POST /session/e98a8c3f8e564d5dffeeff8b737fde72/execute/async - {"script":"<script> [1562 bytes]","args":[{"selector":{"id":"application-manageresources-display-component---newResourceUnit--newRRUPage-OPHeaderContent-collapseBtn-img"},"wdio_ui5_key":"applicationmanageresources-display-component---newResourceUnit--newRRUPage-OPHeaderContent-collapseBtn-img"}]}
RESULT: {"script":"<script> [1562 bytes]","args":[{"selector":{"id":"application-manageresources-display-component---newResourceUnit--newRRUPage-OPHeaderContent-collapseBtn-img"},"wdio_ui5_key":"applicationmanageresources-display-component---newResourceUnit--newRRUPage-OPHeaderContent-collapseBtn-img"}]}
RESULT: undefined
COMMAND: POST /session/e98a8c3f8e564d5dffeeff8b737fde72/element - {"using":"xpath","value":"//*[@id=\"application-manageresources-display-component---newResourceUnit--newRRUPage-OPHeaderContent-collapseBtn-img\"]"}
RESULT: {"using":"xpath","value":"//*[@id=\"application-manageresources-display-component---newResourceUnit--newRRUPage-OPHeaderContent-collapseBtn-img\"]"}
COMMAND: POST /session/e98a8c3f8e564d5dffeeff8b737fde72/element/f.442E653FBE801B9469C6A395343E122D.d.F0117C696BD7094CF1E0E5CD72AEEB1D.e.7000/click - {}
RESULT: {}
COMMAND: GET /session/e98a8c3f8e564d5dffeeff8b737fde72/screenshot - {}
RESULT: {}
COMMAND: POST /session/e98a8c3f8e564d5dffeeff8b737fde72/element - {"using":"xpath","value":"(//span[contains(@id ,\"application-manageresources-display-component---newResourceUnit--DIMENSION_UNIT-arrow\")])[1]"}
RESULT: {"using":"xpath","value":"(//span[contains(@id ,\"application-manageresources-display-component---newResourceUnit--DIMENSION_UNIT-arrow\")])[1]"}
COMMAND: POST /session/e98a8c3f8e564d5dffeeff8b737fde72/element/f.442E653FBE801B9469C6A395343E122D.d.F0117C696BD7094CF1E0E5CD72AEEB1D.e.7124/click - {}
RESULT: {}
COMMAND: GET /session/e98a8c3f8e564d5dffeeff8b737fde72/screenshot - {}
RESULT: {}
COMMAND: POST /session/e98a8c3f8e564d5dffeeff8b737fde72/execute/async - {"script":"<script> [1562 bytes]","args":[{"selector":{"controlType":"sap.m.StandardListItem","viewName":"reusables.view.manageresources.NewResourceUnit","viewId":"application-manageresources-display-component---newResourceUnit","properties":{"title":"Centimeter"},"searchOpenDialogs":true,"interaction":{"idSuffix":"titleText"}},"wdio_ui5_key":"reusablesview.manageresources.NewResourceUnitsap.m.StandardListItem{\"title\":\"Centimeter\"}"}]}
RESULT: {"script":"<script> [1562 bytes]","args":[{"selector":{"controlType":"sap.m.StandardListItem","viewName":"reusables.view.manageresources.NewResourceUnit","viewId":"application-manageresources-display-component---newResourceUnit","properties":{"title":"Centimeter"},"searchOpenDialogs":true,"interaction":{"idSuffix":"titleText"}},"wdio_ui5_key":"reusablesview.manageresources.NewResourceUnitsap.m.StandardListItem{\"title\":\"Centimeter\"}"}]}
RESULT: undefined
COMMAND: POST /session/e98a8c3f8e564d5dffeeff8b737fde72/element - {"using":"xpath","value":"//*[@id=\"__item182\"]"}
RESULT: {"using":"xpath","value":"//*[@id=\"__item182\"]"}
COMMAND: POST /session/e98a8c3f8e564d5dffeeff8b737fde72/element/f.442E653FBE801B9469C6A395343E122D.d.F0117C696BD7094CF1E0E5CD72AEEB1D.e.7126/click - {}
RESULT: {}
COMMAND: GET /session/e98a8c3f8e564d5dffeeff8b737fde72/screenshot - {}
RESULT: {}
COMMAND: POST /session/e98a8c3f8e564d5dffeeff8b737fde72/execute/async - {"script":"<script> [1562 bytes]","args":[{"selector":{"id":"application-manageresources-display-component---newResourceUnit--newRRUPage-anchBar-application-manageresources-display-component---newResourceUnit--control-anchor","interaction":{"idSuffix":"BDI-content"}},"wdio_ui5_key":"applicationmanageresources-display-component---newResourceUnit--newRRUPage-anchBar-application-manageresources-display-component---newResourceUnit--control-anchor"}]}
RESULT: {"script":"<script> [1562 bytes]","args":[{"selector":{"id":"application-manageresources-display-component---newResourceUnit--newRRUPage-anchBar-application-manageresources-display-component---newResourceUnit--control-anchor","interaction":{"idSuffix":"BDI-content"}},"wdio_ui5_key":"applicationmanageresources-display-component---newResourceUnit--newRRUPage-anchBar-application-manageresources-display-component---newResourceUnit--control-anchor"}]}
RESULT: undefined
COMMAND: POST /session/e98a8c3f8e564d5dffeeff8b737fde72/element - {"using":"xpath","value":"//*[@id=\"application-manageresources-display-component---newResourceUnit--newRRUPage-anchBar-application-manageresources-display-component---newResourceUnit--control-anchor\"]"}
RESULT: {"using":"xpath","value":"//*[@id=\"application-manageresources-display-component---newResourceUnit--newRRUPage-anchBar-application-manageresources-display-component---newResourceUnit--control-anchor\"]"}
COMMAND: POST /session/e98a8c3f8e564d5dffeeff8b737fde72/element/f.442E653FBE801B9469C6A395343E122D.d.F0117C696BD7094CF1E0E5CD72AEEB1D.e.7128/click - {}
RESULT: {}
COMMAND: POST /session/e98a8c3f8e564d5dffeeff8b737fde72/execute/async - {"script":"<script> [1562 bytes]","args":[{"selector":{"id":"application-manageresources-display-component---newResourceUnit--PLANNING_GROUP","interaction":{"idSuffix":"inner"}},"wdio_ui5_key":"applicationmanageresources-display-component---newResourceUnit--PLANNING_GROUP"}]}
COMMAND: GET /session/e98a8c3f8e564d5dffeeff8b737fde72/screenshot - {}
RESULT: {"script":"<script> [1562 bytes]","args":[{"selector":{"id":"application-manageresources-display-component---newResourceUnit--PLANNING_GROUP","interaction":{"idSuffix":"inner"}},"wdio_ui5_key":"applicationmanageresources-display-component---newResourceUnit--PLANNING_GROUP"}]}
RESULT: undefined
COMMAND: POST /session/e98a8c3f8e564d5dffeeff8b737fde72/execute/async - {"script":"<script> [776 bytes]","args":[{"enterText":"Heavy Equi","selector":{"id":"application-manageresources-display-component---newResourceUnit--PLANNING_GROUP","interaction":{"idSuffix":"inner"}},"clearTextFirst":true,"interactionType":"ENTER_TEXT"}]}
RESULT: {}
RESULT: {"script":"<script> [776 bytes]","args":[{"enterText":"Heavy Equi","selector":{"id":"application-manageresources-display-component---newResourceUnit--PLANNING_GROUP","interaction":{"idSuffix":"inner"}},"clearTextFirst":true,"interactionType":"ENTER_TEXT"}]}
COMMAND: POST /session/e98a8c3f8e564d5dffeeff8b737fde72/execute/async - {"script":"<script> [1562 bytes]","args":[{"selector":{"id":"application-manageresources-display-component---newResourceUnit--ITEM_TYPE-arrow"},"wdio_ui5_key":"applicationmanageresources-display-component---newResourceUnit--ITEM_TYPE-arrow"}]}
RESULT: {"script":"<script> [1562 bytes]","args":[{"selector":{"id":"application-manageresources-display-component---newResourceUnit--ITEM_TYPE-arrow"},"wdio_ui5_key":"applicationmanageresources-display-component---newResourceUnit--ITEM_TYPE-arrow"}]}
RESULT: undefined
COMMAND: POST /session/e98a8c3f8e564d5dffeeff8b737fde72/element - {"using":"xpath","value":"//*[@id=\"application-manageresources-display-component---newResourceUnit--ITEM_TYPE-arrow\"]"}
RESULT: {"using":"xpath","value":"//*[@id=\"application-manageresources-display-component---newResourceUnit--ITEM_TYPE-arrow\"]"}
COMMAND: POST /session/e98a8c3f8e564d5dffeeff8b737fde72/element/f.442E653FBE801B9469C6A395343E122D.d.F0117C696BD7094CF1E0E5CD72AEEB1D.e.7134/click - {}
RESULT: {}
COMMAND: POST /session/e98a8c3f8e564d5dffeeff8b737fde72/execute/async - {"script":"<script> [1562 bytes]","args":[{"selector":{"controlType":"sap.m.StandardListItem","viewName":"reusables.view.manageresources.NewResourceUnit","viewId":"application-manageresources-display-component---newResourceUnit","properties":{"title":"Resource Unit"},"searchOpenDialogs":true,"interaction":{"idSuffix":"titleText"}},"wdio_ui5_key":"reusablesview.manageresources.NewResourceUnitsap.m.StandardListItem{\"title\":\"Resource Unit\"}"}]}
COMMAND: GET /session/e98a8c3f8e564d5dffeeff8b737fde72/screenshot - {}
RESULT: {"script":"<script> [1562 bytes]","args":[{"selector":{"controlType":"sap.m.StandardListItem","viewName":"reusables.view.manageresources.NewResourceUnit","viewId":"application-manageresources-display-component---newResourceUnit","properties":{"title":"Resource Unit"},"searchOpenDialogs":true,"interaction":{"idSuffix":"titleText"}},"wdio_ui5_key":"reusablesview.manageresources.NewResourceUnitsap.m.StandardListItem{\"title\":\"Resource Unit\"}"}]}
RESULT: undefined
COMMAND: POST /session/e98a8c3f8e564d5dffeeff8b737fde72/element - {"using":"xpath","value":"//*[@id=\"__item204\"]"}
RESULT: {}
RESULT: {"using":"xpath","value":"//*[@id=\"__item204\"]"}
COMMAND: POST /session/e98a8c3f8e564d5dffeeff8b737fde72/element/f.442E653FBE801B9469C6A395343E122D.d.F0117C696BD7094CF1E0E5CD72AEEB1D.e.7136/click - {}
RESULT: {}
COMMAND: POST /session/e98a8c3f8e564d5dffeeff8b737fde72/element - {"using":"xpath","value":"//bdi[contains(text(), \"Time Segment\")]"}
COMMAND: GET /session/e98a8c3f8e564d5dffeeff8b737fde72/screenshot - {}
RESULT: {"using":"xpath","value":"//bdi[contains(text(), \"Time Segment\")]"}
COMMAND: GET /session/e98a8c3f8e564d5dffeeff8b737fde72/element/f.442E653FBE801B9469C6A395343E122D.d.F0117C696BD7094CF1E0E5CD72AEEB1D.e.7137/rect - {}
RESULT: {}
RESULT: {}
COMMAND: GET /session/e98a8c3f8e564d5dffeeff8b737fde72/window/rect - {}
RESULT: {}
COMMAND: POST /session/e98a8c3f8e564d5dffeeff8b737fde72/execute/sync - {"script":"<script> [92 bytes]","args":[]}
RESULT: {"script":"<script> [92 bytes]","args":[]}
COMMAND: POST /session/e98a8c3f8e564d5dffeeff8b737fde72/actions - {"actions":[{"id":"action21","type":"wheel","parameters":{},"actions":[{"type":"scroll","x":-1820,"y":-21,"deltaX":0,"deltaY":0,"duration":0,"origin":{"element-6066-11e4-a52e-4f735466cecf":"f.442E653FBE801B9469C6A395343E122D.d.F0117C696BD7094CF1E0E5CD72AEEB1D.e.7137"}}]}]}
COMMAND: GET /session/e98a8c3f8e564d5dffeeff8b737fde72/screenshot - {}
RESULT: {}
COMMAND: POST /session/e98a8c3f8e564d5dffeeff8b737fde72/execute/sync - {"script":"<script> [79 bytes]","args":[{"element-6066-11e4-a52e-4f735466cecf":"f.442E653FBE801B9469C6A395343E122D.d.F0117C696BD7094CF1E0E5CD72AEEB1D.e.7137","ELEMENT":"f.442E653FBE801B9469C6A395343E122D.d.F0117C696BD7094CF1E0E5CD72AEEB1D.e.7137"},{"block":"start","inline":"nearest"}]}
RESULT: {"script":"<script> [79 bytes]","args":[{"element-6066-11e4-a52e-4f735466cecf":"f.442E653FBE801B9469C6A395343E122D.d.F0117C696BD7094CF1E0E5CD72AEEB1D.e.7137","ELEMENT":"f.442E653FBE801B9469C6A395343E122D.d.F0117C696BD7094CF1E0E5CD72AEEB1D.e.7137"},{"block":"start","inline":"nearest"}]}
COMMAND: POST /session/e98a8c3f8e564d5dffeeff8b737fde72/execute/async - {"script":"<script> [1562 bytes]","args":[{"selector":{"id":"application-manageresources-display-component---newResourceUnit--btnAddTimeSegment-img"},"wdio_ui5_key":"applicationmanageresources-display-component---newResourceUnit--btnAddTimeSegment-img"}]}
COMMAND: GET /session/e98a8c3f8e564d5dffeeff8b737fde72/screenshot - {}
RESULT: {"script":"<script> [1562 bytes]","args":[{"selector":{"id":"application-manageresources-display-component---newResourceUnit--btnAddTimeSegment-img"},"wdio_ui5_key":"applicationmanageresources-display-component---newResourceUnit--btnAddTimeSegment-img"}]}
RESULT: undefined
COMMAND: POST /session/e98a8c3f8e564d5dffeeff8b737fde72/element - {"using":"xpath","value":"//*[@id=\"application-manageresources-display-component---newResourceUnit--btnAddTimeSegment-img\"]"}
RESULT: {}
RESULT: {"using":"xpath","value":"//*[@id=\"application-manageresources-display-component---newResourceUnit--btnAddTimeSegment-img\"]"}
COMMAND: POST /session/e98a8c3f8e564d5dffeeff8b737fde72/element/f.442E653FBE801B9469C6A395343E122D.d.F0117C696BD7094CF1E0E5CD72AEEB1D.e.7140/click - {}
RESULT: {}
COMMAND: POST /session/e98a8c3f8e564d5dffeeff8b737fde72/element - {"using":"xpath","value":"//input[@id=\"application-manageresources-display-component---newResourceUnit--idRuTSAdmin-application-manageresources-display-component---newResourceUnit--RUTimeSegment-0-inner\"]"}
COMMAND: GET /session/e98a8c3f8e564d5dffeeff8b737fde72/screenshot - {}
RESULT: {"using":"xpath","value":"//input[@id=\"application-manageresources-display-component---newResourceUnit--idRuTSAdmin-application-manageresources-display-component---newResourceUnit--RUTimeSegment-0-inner\"]"}
COMMAND: POST /session/e98a8c3f8e564d5dffeeff8b737fde72/element/f.442E653FBE801B9469C6A395343E122D.d.F0117C696BD7094CF1E0E5CD72AEEB1D.e.7143/clear - {}
RESULT: {}
RESULT: {}
COMMAND: POST /session/e98a8c3f8e564d5dffeeff8b737fde72/element/f.442E653FBE801B9469C6A395343E122D.d.F0117C696BD7094CF1E0E5CD72AEEB1D.e.7143/value - {"text":"Webdriver Yard"}
COMMAND: GET /session/e98a8c3f8e564d5dffeeff8b737fde72/screenshot - {}
RESULT: {"text":"Webdriver Yard"}
COMMAND: GET /session/e98a8c3f8e564d5dffeeff8b737fde72/screenshot - {}
RESULT: {}
RESULT: {}
COMMAND: POST /session/e98a8c3f8e564d5dffeeff8b737fde72/actions - {"actions":[{"id":"action22","type":"key","parameters":{},"actions":[{"type":"keyDown","value":"î€‡"},{"type":"pause","duration":10},{"type":"keyUp","value":"î€‡"}]}]}
RESULT: {"actions":[{"id":"action22","type":"key","parameters":{},"actions":[{"type":"keyDown","value":"î€‡"},{"type":"pause","duration":10},{"type":"keyUp","value":"î€‡"}]}]}
COMMAND: POST /session/e98a8c3f8e564d5dffeeff8b737fde72/execute/async - {"script":"<script> [1562 bytes]","args":[{"selector":{"controlType":"sap.ui.core.Icon","viewName":"reusables.view.manageresources.NewResourceUnit","viewId":"application-manageresources-display-component---newResourceUnit","properties":{"src":{"regex":{"source":"slim\\-arrow\\-down"}}},"ancestor":{"controlType":"sap.m.ComboBox","viewName":"reusables.view.manageresources.NewResourceUnit","viewId":"application-manageresources-display-component---newResourceUnit","bindingPath":{"path":"/RESOURCE_UNIT_TIME_SEQUENCES/0","propertyPath":"COST_OBJECT_ADMIN_CST_TYPE","modelName":"oNewRruModel"}}},"wdio_ui5_key":"reusablesview.manageresources.NewResourceUnitsap.ui.core.Icon{\"src\":{\"regex\":{\"source\":\"slim\\\\-arrow\\\\-down\"}}}{\"controlType\":\"sap.m.ComboBox\",\"viewName\":\"reusables.view.manageresources.NewResourceUnit\",\"viewId\":\"application-manageresources-display-component---newResourceUnit\",\"bindingPath\":{\"path\":\"/RESOURCE_UNIT_TIME_SEQUENCES/0\",\"propertyPath\":\"COST_OBJECT_ADMIN_CST_TYPE\",\"modelName\":\"oNewRruModel\"}}"}]}
COMMAND: GET /session/e98a8c3f8e564d5dffeeff8b737fde72/screenshot - {}
RESULT: {"script":"<script> [1562 bytes]","args":[{"selector":{"controlType":"sap.ui.core.Icon","viewName":"reusables.view.manageresources.NewResourceUnit","viewId":"application-manageresources-display-component---newResourceUnit","properties":{"src":{"regex":{"source":"slim\\-arrow\\-down"}}},"ancestor":{"controlType":"sap.m.ComboBox","viewName":"reusables.view.manageresources.NewResourceUnit","viewId":"application-manageresources-display-component---newResourceUnit","bindingPath":{"path":"/RESOURCE_UNIT_TIME_SEQUENCES/0","propertyPath":"COST_OBJECT_ADMIN_CST_TYPE","modelName":"oNewRruModel"}}},"wdio_ui5_key":"reusablesview.manageresources.NewResourceUnitsap.ui.core.Icon{\"src\":{\"regex\":{\"source\":\"slim\\\\-arrow\\\\-down\"}}}{\"controlType\":\"sap.m.ComboBox\",\"viewName\":\"reusables.view.manageresources.NewResourceUnit\",\"viewId\":\"application-manageresources-display-component---newResourceUnit\",\"bindingPath\":{\"path\":\"/RESOURCE_UNIT_TIME_SEQUENCES/0\",\"propertyPath\":\"COST_OBJECT_ADMIN_CST_TYPE\",\"modelName\":\"oNewRruModel\"}}"}]}
RESULT: undefined
COMMAND: POST /session/e98a8c3f8e564d5dffeeff8b737fde72/element - {"using":"xpath","value":"//*[@id=\"__box4-application-manageresources-display-component---newResourceUnit--RUTimeSegment-0-arrow\"]"}
RESULT: {}
RESULT: {"using":"xpath","value":"//*[@id=\"__box4-application-manageresources-display-component---newResourceUnit--RUTimeSegment-0-arrow\"]"}
COMMAND: POST /session/e98a8c3f8e564d5dffeeff8b737fde72/element/f.442E653FBE801B9469C6A395343E122D.d.F0117C696BD7094CF1E0E5CD72AEEB1D.e.7160/click - {}
RESULT: {}
COMMAND: POST /session/e98a8c3f8e564d5dffeeff8b737fde72/execute/async - {"script":"<script> [1562 bytes]","args":[{"selector":{"controlType":"sap.m.StandardListItem","viewName":"reusables.view.manageresources.NewResourceUnit","viewId":"application-manageresources-display-component---newResourceUnit","properties":{"title":"PM Order"},"searchOpenDialogs":true,"interaction":{"idSuffix":"titleText"}},"wdio_ui5_key":"reusablesview.manageresources.NewResourceUnitsap.m.StandardListItem{\"title\":\"PM Order\"}"}]}
COMMAND: GET /session/e98a8c3f8e564d5dffeeff8b737fde72/screenshot - {}
RESULT: {"script":"<script> [1562 bytes]","args":[{"selector":{"controlType":"sap.m.StandardListItem","viewName":"reusables.view.manageresources.NewResourceUnit","viewId":"application-manageresources-display-component---newResourceUnit","properties":{"title":"PM Order"},"searchOpenDialogs":true,"interaction":{"idSuffix":"titleText"}},"wdio_ui5_key":"reusablesview.manageresources.NewResourceUnitsap.m.StandardListItem{\"title\":\"PM Order\"}"}]}
RESULT: undefined
COMMAND: POST /session/e98a8c3f8e564d5dffeeff8b737fde72/element - {"using":"xpath","value":"//*[@id=\"__item904\"]"}
RESULT: {}
RESULT: {"using":"xpath","value":"//*[@id=\"__item904\"]"}
COMMAND: POST /session/e98a8c3f8e564d5dffeeff8b737fde72/element/f.442E653FBE801B9469C6A395343E122D.d.F0117C696BD7094CF1E0E5CD72AEEB1D.e.7164/click - {}
RESULT: {}
COMMAND: GET /session/e98a8c3f8e564d5dffeeff8b737fde72/screenshot - {}
RESULT: {}
COMMAND: POST /session/e98a8c3f8e564d5dffeeff8b737fde72/element - {"using":"xpath","value":"(//input[contains(@id ,\"-application-manageresources-display-component---newResourceUnit--RUTimeSegment-0-inner\")])[8]"}
RESULT: {"using":"xpath","value":"(//input[contains(@id ,\"-application-manageresources-display-component---newResourceUnit--RUTimeSegment-0-inner\")])[8]"}
COMMAND: POST /session/e98a8c3f8e564d5dffeeff8b737fde72/element/f.442E653FBE801B9469C6A395343E122D.d.F0117C696BD7094CF1E0E5CD72AEEB1D.e.7167/clear - {}
RESULT: {}
COMMAND: POST /session/e98a8c3f8e564d5dffeeff8b737fde72/element/f.442E653FBE801B9469C6A395343E122D.d.F0117C696BD7094CF1E0E5CD72AEEB1D.e.7167/value - {"text":"4000360"}
COMMAND: GET /session/e98a8c3f8e564d5dffeeff8b737fde72/screenshot - {}
RESULT: {"text":"4000360"}
COMMAND: GET /session/e98a8c3f8e564d5dffeeff8b737fde72/screenshot - {}
RESULT: {}
RESULT: {}
COMMAND: POST /session/e98a8c3f8e564d5dffeeff8b737fde72/actions - {"actions":[{"id":"action23","type":"key","parameters":{},"actions":[{"type":"keyDown","value":"î€‡"},{"type":"pause","duration":10},{"type":"keyUp","value":"î€‡"}]}]}
RESULT: {"actions":[{"id":"action23","type":"key","parameters":{},"actions":[{"type":"keyDown","value":"î€‡"},{"type":"pause","duration":10},{"type":"keyUp","value":"î€‡"}]}]}
COMMAND: GET /session/e98a8c3f8e564d5dffeeff8b737fde72/screenshot - {}
RESULT: {}
COMMAND: POST /session/e98a8c3f8e564d5dffeeff8b737fde72/execute/async - {"script":"<script> [1562 bytes]","args":[{"selector":{"id":"application-manageresources-display-component---newResourceUnit--newTimeSegmentDateRangePicker-application-manageresources-display-component---newResourceUnit--RUTimeSegment-0","interaction":{"idSuffix":"inner"}},"wdio_ui5_key":"applicationmanageresources-display-component---newResourceUnit--newTimeSegmentDateRangePicker-application-manageresources-display-component---newResourceUnit--RUTimeSegment-0"}]}
RESULT: {"script":"<script> [1562 bytes]","args":[{"selector":{"id":"application-manageresources-display-component---newResourceUnit--newTimeSegmentDateRangePicker-application-manageresources-display-component---newResourceUnit--RUTimeSegment-0","interaction":{"idSuffix":"inner"}},"wdio_ui5_key":"applicationmanageresources-display-component---newResourceUnit--newTimeSegmentDateRangePicker-application-manageresources-display-component---newResourceUnit--RUTimeSegment-0"}]}
RESULT: undefined
COMMAND: POST /session/e98a8c3f8e564d5dffeeff8b737fde72/execute/async - {"script":"<script> [1562 bytes]","args":[{"selector":{"id":"application-manageresources-display-component---newResourceUnit--newRRUPage-anchBar-application-manageresources-display-component---newResourceUnit--resource-anchor","interaction":{"idSuffix":"BDI-content"}},"wdio_ui5_key":"applicationmanageresources-display-component---newResourceUnit--newRRUPage-anchBar-application-manageresources-display-component---newResourceUnit--resource-anchor"}]}
RESULT: {"script":"<script> [1562 bytes]","args":[{"selector":{"id":"application-manageresources-display-component---newResourceUnit--newRRUPage-anchBar-application-manageresources-display-component---newResourceUnit--resource-anchor","interaction":{"idSuffix":"BDI-content"}},"wdio_ui5_key":"applicationmanageresources-display-component---newResourceUnit--newRRUPage-anchBar-application-manageresources-display-component---newResourceUnit--resource-anchor"}]}
RESULT: undefined
COMMAND: POST /session/e98a8c3f8e564d5dffeeff8b737fde72/element - {"using":"xpath","value":"//*[@id=\"application-manageresources-display-component---newResourceUnit--newRRUPage-anchBar-application-manageresources-display-component---newResourceUnit--resource-anchor\"]"}
RESULT: {"using":"xpath","value":"//*[@id=\"application-manageresources-display-component---newResourceUnit--newRRUPage-anchBar-application-manageresources-display-component---newResourceUnit--resource-anchor\"]"}
COMMAND: POST /session/e98a8c3f8e564d5dffeeff8b737fde72/element/f.442E653FBE801B9469C6A395343E122D.d.F0117C696BD7094CF1E0E5CD72AEEB1D.e.7186/click - {}
RESULT: {}
COMMAND: POST /session/e98a8c3f8e564d5dffeeff8b737fde72/execute/async - {"script":"<script> [1562 bytes]","args":[{"selector":{"id":"application-manageresources-display-component---newResourceUnit--PLANNED_DELIVERY_DATE","interaction":{"idSuffix":"inner"}},"wdio_ui5_key":"applicationmanageresources-display-component---newResourceUnit--PLANNED_DELIVERY_DATE"}]}
COMMAND: GET /session/e98a8c3f8e564d5dffeeff8b737fde72/screenshot - {}
RESULT: {"script":"<script> [1562 bytes]","args":[{"selector":{"id":"application-manageresources-display-component---newResourceUnit--PLANNED_DELIVERY_DATE","interaction":{"idSuffix":"inner"}},"wdio_ui5_key":"applicationmanageresources-display-component---newResourceUnit--PLANNED_DELIVERY_DATE"}]}
RESULT: undefined
COMMAND: POST /session/e98a8c3f8e564d5dffeeff8b737fde72/execute/async - {"script":"<script> [6424 bytes]","args":[{"element-6066-11e4-a52e-4f735466cecf":"f.442E653FBE801B9469C6A395343E122D.d.F0117C696BD7094CF1E0E5CD72AEEB1D.e.7045"},"setValue",["06/05/24"]]}
RESULT: {}
RESULT: {"script":"<script> [6424 bytes]","args":[{"element-6066-11e4-a52e-4f735466cecf":"f.442E653FBE801B9469C6A395343E122D.d.F0117C696BD7094CF1E0E5CD72AEEB1D.e.7045"},"setValue",["06/05/24"]]}
COMMAND: POST /session/e98a8c3f8e564d5dffeeff8b737fde72/execute/async - {"script":"<script> [1562 bytes]","args":[{"selector":{"controlType":"sap.m.Button","viewName":"reusables.view.manageresources.NewResourceUnit","viewId":"application-manageresources-display-component---newResourceUnit","i18NText":{"propertyName":"tooltip","key":"save"},"interaction":{"idSuffix":"BDI-content"}},"wdio_ui5_key":"reusablesview.manageresources.NewResourceUnitsap.m.Button{\"propertyName\":\"tooltip\",\"key\":\"save\"}"}]}
RESULT: {"script":"<script> [1562 bytes]","args":[{"selector":{"controlType":"sap.m.Button","viewName":"reusables.view.manageresources.NewResourceUnit","viewId":"application-manageresources-display-component---newResourceUnit","i18NText":{"propertyName":"tooltip","key":"save"},"interaction":{"idSuffix":"BDI-content"}},"wdio_ui5_key":"reusablesview.manageresources.NewResourceUnitsap.m.Button{\"propertyName\":\"tooltip\",\"key\":\"save\"}"}]}
RESULT: undefined
COMMAND: POST /session/e98a8c3f8e564d5dffeeff8b737fde72/element - {"using":"xpath","value":"//*[@id=\"application-manageresources-display-component---newResourceUnit--createRuButton\"]"}
RESULT: {"using":"xpath","value":"//*[@id=\"application-manageresources-display-component---newResourceUnit--createRuButton\"]"}
COMMAND: POST /session/e98a8c3f8e564d5dffeeff8b737fde72/element/f.442E653FBE801B9469C6A395343E122D.d.F0117C696BD7094CF1E0E5CD72AEEB1D.e.7006/click - {}
RESULT: {}
COMMAND: GET /session/e98a8c3f8e564d5dffeeff8b737fde72/screenshot - {}
RESULT: {}
COMMAND: POST /session/e98a8c3f8e564d5dffeeff8b737fde72/execute/async - {"script":"<script> [1562 bytes]","args":[{"selector":{"controlType":"sap.m.Button","properties":{"text":"Close"},"searchOpenDialogs":true,"interaction":{"idSuffix":"inner"}},"wdio_ui5_key":"sapm.Button{\"text\":\"Close\"}"}]}
RESULT: {"script":"<script> [1562 bytes]","args":[{"selector":{"controlType":"sap.m.Button","properties":{"text":"Close"},"searchOpenDialogs":true,"interaction":{"idSuffix":"inner"}},"wdio_ui5_key":"sapm.Button{\"text\":\"Close\"}"}]}
RESULT: undefined
COMMAND: POST /session/e98a8c3f8e564d5dffeeff8b737fde72/element - {"using":"xpath","value":"//*[@id=\"__mbox-btn-0\"]"}
RESULT: {"using":"xpath","value":"//*[@id=\"__mbox-btn-0\"]"}
COMMAND: POST /session/e98a8c3f8e564d5dffeeff8b737fde72/element/f.442E653FBE801B9469C6A395343E122D.d.F0117C696BD7094CF1E0E5CD72AEEB1D.e.7192/click - {}
RESULT: {}
COMMAND: GET /session/e98a8c3f8e564d5dffeeff8b737fde72/screenshot - {}
RESULT: {}
COMMAND: POST /session/e98a8c3f8e564d5dffeeff8b737fde72/execute/async - {"script":"<script> [1562 bytes]","args":[{"selector":{"controlType":"sap.m.Text","viewName":"etm.portal.ui.manageresources.view.Detail","viewId":"application-manageresources-display-component---detailRU","bindingPath":{"propertyPath":"ID","modelName":"catalogModel"}},"wdio_ui5_key":"etmportal.ui.manageresources.view.Detailsap.m.Text{\"propertyPath\":\"ID\",\"modelName\":\"catalogModel\"}"}]}
RESULT: {"script":"<script> [1562 bytes]","args":[{"selector":{"controlType":"sap.m.Text","viewName":"etm.portal.ui.manageresources.view.Detail","viewId":"application-manageresources-display-component---detailRU","bindingPath":{"propertyPath":"ID","modelName":"catalogModel"}},"wdio_ui5_key":"etmportal.ui.manageresources.view.Detailsap.m.Text{\"propertyPath\":\"ID\",\"modelName\":\"catalogModel\"}"}]}
RESULT: undefined
COMMAND: POST /session/e98a8c3f8e564d5dffeeff8b737fde72/execute/async - {"script":"<script> [6424 bytes]","args":[{"element-6066-11e4-a52e-4f735466cecf":"f.442E653FBE801B9469C6A395343E122D.d.F0117C696BD7094CF1E0E5CD72AEEB1D.e.7249"},"getText",[]]}
RESULT: {"script":"<script> [6424 bytes]","args":[{"element-6066-11e4-a52e-4f735466cecf":"f.442E653FBE801B9469C6A395343E122D.d.F0117C696BD7094CF1E0E5CD72AEEB1D.e.7249"},"getText",[]]}
COMMAND: POST /session/e98a8c3f8e564d5dffeeff8b737fde72/element - {"using":"xpath","value":"//bdi[text()=\"Edit\"]"}
RESULT: {"using":"xpath","value":"//bdi[text()=\"Edit\"]"}
COMMAND: GET /session/e98a8c3f8e564d5dffeeff8b737fde72/element/f.442E653FBE801B9469C6A395343E122D.d.F0117C696BD7094CF1E0E5CD72AEEB1D.e.7250/enabled - {}
RESULT: {}
COMMAND: POST /session/e98a8c3f8e564d5dffeeff8b737fde72/execute/sync - {"script":"<script> [8489 bytes]","args":[{"element-6066-11e4-a52e-4f735466cecf":"f.442E653FBE801B9469C6A395343E122D.d.F0117C696BD7094CF1E0E5CD72AEEB1D.e.7250","ELEMENT":"f.442E653FBE801B9469C6A395343E122D.d.F0117C696BD7094CF1E0E5CD72AEEB1D.e.7250"}]}
COMMAND: GET /session/e98a8c3f8e564d5dffeeff8b737fde72/screenshot - {}
RESULT: {"script":"<script> [8489 bytes]","args":[{"element-6066-11e4-a52e-4f735466cecf":"f.442E653FBE801B9469C6A395343E122D.d.F0117C696BD7094CF1E0E5CD72AEEB1D.e.7250","ELEMENT":"f.442E653FBE801B9469C6A395343E122D.d.F0117C696BD7094CF1E0E5CD72AEEB1D.e.7250"}]}
COMMAND: POST /session/e98a8c3f8e564d5dffeeff8b737fde72/execute/sync - {"script":"<script> [5351 bytes]","args":[{"element-6066-11e4-a52e-4f735466cecf":"f.442E653FBE801B9469C6A395343E122D.d.F0117C696BD7094CF1E0E5CD72AEEB1D.e.7250","ELEMENT":"f.442E653FBE801B9469C6A395343E122D.d.F0117C696BD7094CF1E0E5CD72AEEB1D.e.7250"}]}
COMMAND: GET /session/e98a8c3f8e564d5dffeeff8b737fde72/screenshot - {}
RESULT: {}
RESULT: {"script":"<script> [5351 bytes]","args":[{"element-6066-11e4-a52e-4f735466cecf":"f.442E653FBE801B9469C6A395343E122D.d.F0117C696BD7094CF1E0E5CD72AEEB1D.e.7250","ELEMENT":"f.442E653FBE801B9469C6A395343E122D.d.F0117C696BD7094CF1E0E5CD72AEEB1D.e.7250"}]}
COMMAND: POST /session/e98a8c3f8e564d5dffeeff8b737fde72/element/f.442E653FBE801B9469C6A395343E122D.d.F0117C696BD7094CF1E0E5CD72AEEB1D.e.7250/click - {}
COMMAND: GET /session/e98a8c3f8e564d5dffeeff8b737fde72/screenshot - {}
RESULT: {}
RESULT: {}
COMMAND: GET /session/e98a8c3f8e564d5dffeeff8b737fde72/screenshot - {}
RESULT: {}
RESULT: {}
COMMAND: POST /session/e98a8c3f8e564d5dffeeff8b737fde72/element - {"using":"xpath","value":"//bdi[@id=\"application-manageresources-display-component---editResource--editRruPage-anchBar-application-manageresources-display-component---editResource--counters-anchor-BDI-content\"]"}
RESULT: {"using":"xpath","value":"//bdi[@id=\"application-manageresources-display-component---editResource--editRruPage-anchBar-application-manageresources-display-component---editResource--counters-anchor-BDI-content\"]"}
COMMAND: POST /session/e98a8c3f8e564d5dffeeff8b737fde72/execute/sync - {"script":"<script> [8489 bytes]","args":[{"element-6066-11e4-a52e-4f735466cecf":"f.442E653FBE801B9469C6A395343E122D.d.F0117C696BD7094CF1E0E5CD72AEEB1D.e.7353","ELEMENT":"f.442E653FBE801B9469C6A395343E122D.d.F0117C696BD7094CF1E0E5CD72AEEB1D.e.7353"}]}
RESULT: {"script":"<script> [8489 bytes]","args":[{"element-6066-11e4-a52e-4f735466cecf":"f.442E653FBE801B9469C6A395343E122D.d.F0117C696BD7094CF1E0E5CD72AEEB1D.e.7353","ELEMENT":"f.442E653FBE801B9469C6A395343E122D.d.F0117C696BD7094CF1E0E5CD72AEEB1D.e.7353"}]}
COMMAND: POST /session/e98a8c3f8e564d5dffeeff8b737fde72/element/f.442E653FBE801B9469C6A395343E122D.d.F0117C696BD7094CF1E0E5CD72AEEB1D.e.7353/click - {}
COMMAND: GET /session/e98a8c3f8e564d5dffeeff8b737fde72/screenshot - {}
RESULT: {}
COMMAND: GET /session/e98a8c3f8e564d5dffeeff8b737fde72/screenshot - {}
RESULT: {}
RESULT: {}
COMMAND: POST /session/e98a8c3f8e564d5dffeeff8b737fde72/execute/async - {"script":"<script> [1562 bytes]","args":[{"selector":{"id":"application-manageresources-display-component---editResource--btnAddCounter-img"},"wdio_ui5_key":"applicationmanageresources-display-component---editResource--btnAddCounter-img"}]}
RESULT: {"script":"<script> [1562 bytes]","args":[{"selector":{"id":"application-manageresources-display-component---editResource--btnAddCounter-img"},"wdio_ui5_key":"applicationmanageresources-display-component---editResource--btnAddCounter-img"}]}
RESULT: undefined
COMMAND: POST /session/e98a8c3f8e564d5dffeeff8b737fde72/element - {"using":"xpath","value":"//*[@id=\"application-manageresources-display-component---editResource--btnAddCounter-img\"]"}
RESULT: {"using":"xpath","value":"//*[@id=\"application-manageresources-display-component---editResource--btnAddCounter-img\"]"}
COMMAND: POST /session/e98a8c3f8e564d5dffeeff8b737fde72/element/f.442E653FBE801B9469C6A395343E122D.d.F0117C696BD7094CF1E0E5CD72AEEB1D.e.7399/click - {}
RESULT: {}
COMMAND: GET /session/e98a8c3f8e564d5dffeeff8b737fde72/screenshot - {}
RESULT: {}
COMMAND: POST /session/e98a8c3f8e564d5dffeeff8b737fde72/execute/async - {"script":"<script> [1562 bytes]","args":[{"selector":{"id":"application-manageresources-display-component---editResource--HAND_OVER_TYPE-application-manageresources-display-component---editResource--RUCounters-0","interaction":{"idSuffix":"CbBg"}},"wdio_ui5_key":"applicationmanageresources-display-component---editResource--HAND_OVER_TYPE-application-manageresources-display-component---editResource--RUCounters-0"}]}
RESULT: {"script":"<script> [1562 bytes]","args":[{"selector":{"id":"application-manageresources-display-component---editResource--HAND_OVER_TYPE-application-manageresources-display-component---editResource--RUCounters-0","interaction":{"idSuffix":"CbBg"}},"wdio_ui5_key":"applicationmanageresources-display-component---editResource--HAND_OVER_TYPE-application-manageresources-display-component---editResource--RUCounters-0"}]}
RESULT: undefined
COMMAND: POST /session/e98a8c3f8e564d5dffeeff8b737fde72/element - {"using":"xpath","value":"//*[@id=\"application-manageresources-display-component---editResource--HAND_OVER_TYPE-application-manageresources-display-component---editResource--RUCounters-0\"]"}
RESULT: {"using":"xpath","value":"//*[@id=\"application-manageresources-display-component---editResource--HAND_OVER_TYPE-application-manageresources-display-component---editResource--RUCounters-0\"]"}
COMMAND: POST /session/e98a8c3f8e564d5dffeeff8b737fde72/element/f.442E653FBE801B9469C6A395343E122D.d.F0117C696BD7094CF1E0E5CD72AEEB1D.e.7405/click - {}
RESULT: {}
COMMAND: POST /session/e98a8c3f8e564d5dffeeff8b737fde72/execute/async - {"script":"<script> [1562 bytes]","args":[{"selector":{"controlType":"sap.m.Button","viewName":"etm.portal.ui.manageresources.view.EditResource","viewId":"application-manageresources-display-component---editResource","i18NText":{"propertyName":"text","key":"save"},"interaction":{"idSuffix":"BDI-content"}},"wdio_ui5_key":"etmportal.ui.manageresources.view.EditResourcesap.m.Button{\"propertyName\":\"text\",\"key\":\"save\"}"}]}
COMMAND: GET /session/e98a8c3f8e564d5dffeeff8b737fde72/screenshot - {}
RESULT: {"script":"<script> [1562 bytes]","args":[{"selector":{"controlType":"sap.m.Button","viewName":"etm.portal.ui.manageresources.view.EditResource","viewId":"application-manageresources-display-component---editResource","i18NText":{"propertyName":"text","key":"save"},"interaction":{"idSuffix":"BDI-content"}},"wdio_ui5_key":"etmportal.ui.manageresources.view.EditResourcesap.m.Button{\"propertyName\":\"text\",\"key\":\"save\"}"}]}
RESULT: undefined
COMMAND: POST /session/e98a8c3f8e564d5dffeeff8b737fde72/element - {"using":"xpath","value":"//*[@id=\"__button90\"]"}
RESULT: {}
RESULT: {"using":"xpath","value":"//*[@id=\"__button90\"]"}
COMMAND: POST /session/e98a8c3f8e564d5dffeeff8b737fde72/element/f.442E653FBE801B9469C6A395343E122D.d.F0117C696BD7094CF1E0E5CD72AEEB1D.e.7407/click - {}
RESULT: {}
COMMAND: GET /session/e98a8c3f8e564d5dffeeff8b737fde72/screenshot - {}
RESULT: {}
COMMAND: POST /session/e98a8c3f8e564d5dffeeff8b737fde72/element - {"using":"css selector","value":"#shell-header-logo"}
RESULT: {"using":"css selector","value":"#shell-header-logo"}
COMMAND: POST /session/e98a8c3f8e564d5dffeeff8b737fde72/elements - {"using":"css selector","value":"#shell-header-logo"}
RESULT: {"using":"css selector","value":"#shell-header-logo"}
COMMAND: POST /session/e98a8c3f8e564d5dffeeff8b737fde72/execute/sync - {"script":"<script> [8489 bytes]","args":[{"element-6066-11e4-a52e-4f735466cecf":"f.442E653FBE801B9469C6A395343E122D.d.F0117C696BD7094CF1E0E5CD72AEEB1D.e.6523","ELEMENT":"f.442E653FBE801B9469C6A395343E122D.d.F0117C696BD7094CF1E0E5CD72AEEB1D.e.6523"}]}
RESULT: {"script":"<script> [8489 bytes]","args":[{"element-6066-11e4-a52e-4f735466cecf":"f.442E653FBE801B9469C6A395343E122D.d.F0117C696BD7094CF1E0E5CD72AEEB1D.e.6523","ELEMENT":"f.442E653FBE801B9469C6A395343E122D.d.F0117C696BD7094CF1E0E5CD72AEEB1D.e.6523"}]}
COMMAND: POST /session/e98a8c3f8e564d5dffeeff8b737fde72/execute/sync - {"script":"<script> [5351 bytes]","args":[{"element-6066-11e4-a52e-4f735466cecf":"f.442E653FBE801B9469C6A395343E122D.d.F0117C696BD7094CF1E0E5CD72AEEB1D.e.6523","ELEMENT":"f.442E653FBE801B9469C6A395343E122D.d.F0117C696BD7094CF1E0E5CD72AEEB1D.e.6523"}]}
COMMAND: GET /session/e98a8c3f8e564d5dffeeff8b737fde72/screenshot - {}
RESULT: {"script":"<script> [5351 bytes]","args":[{"element-6066-11e4-a52e-4f735466cecf":"f.442E653FBE801B9469C6A395343E122D.d.F0117C696BD7094CF1E0E5CD72AEEB1D.e.6523","ELEMENT":"f.442E653FBE801B9469C6A395343E122D.d.F0117C696BD7094CF1E0E5CD72AEEB1D.e.6523"}]}
COMMAND: POST /session/e98a8c3f8e564d5dffeeff8b737fde72/element/f.442E653FBE801B9469C6A395343E122D.d.F0117C696BD7094CF1E0E5CD72AEEB1D.e.6523/click - {}
COMMAND: GET /session/e98a8c3f8e564d5dffeeff8b737fde72/screenshot - {}
RESULT: {}
RESULT: {}
COMMAND: GET /session/e98a8c3f8e564d5dffeeff8b737fde72/screenshot - {}
RESULT: {}
RESULT: {}
COMMAND: POST /session/e98a8c3f8e564d5dffeeff8b737fde72/element - {"using":"css selector","value":"#shell-header-logo"}
RESULT: {"using":"css selector","value":"#shell-header-logo"}
COMMAND: POST /session/e98a8c3f8e564d5dffeeff8b737fde72/element/f.442E653FBE801B9469C6A395343E122D.d.F0117C696BD7094CF1E0E5CD72AEEB1D.e.7422/click - {}
RESULT: {}
COMMAND: GET /session/e98a8c3f8e564d5dffeeff8b737fde72/screenshot - {}
RESULT: {}
]]></system-out>
    </testcase>
  </testsuite>
  <testsuite timestamp="2025-05-05T15:48:11" time="92.33" tests="2" failures="0" errors="0" skipped="0">
    <properties>
      <property name="specId" value="0" />
      <property name="suiteName" value="Personnel creation and reference material verification  US120163" />
      <property name="capabilities" value="chrome.135_0_7049_115.windows" />
      <property name="file" value="file:///D:/a/1/s/test/specs/R2C/create-personnel-no-material-reference.spec.js" />
    </properties>
    <testcase classname="chrome.135_0_7049_115.windows.Personnel_creation_and_reference_material_verification__US120163" name="Should create a new personnel and verify if the material reference is visible" time="70.323">
      <system-out><![CDATA[
RESULT: undefined
COMMAND: POST /session/e98a8c3f8e564d5dffeeff8b737fde72/element - {"using":"xpath","value":"//*[@id=\"__tile31\"]"}
RESULT: {"using":"xpath","value":"//*[@id=\"__tile31\"]"}
COMMAND: POST /session/e98a8c3f8e564d5dffeeff8b737fde72/element/f.442E653FBE801B9469C6A395343E122D.d.F0117C696BD7094CF1E0E5CD72AEEB1D.e.6548/click - {}
RESULT: {}
COMMAND: GET /session/e98a8c3f8e564d5dffeeff8b737fde72/screenshot - {}
RESULT: {}
COMMAND: POST /session/e98a8c3f8e564d5dffeeff8b737fde72/element - {"using":"xpath","value":"//button[@data-kt=\"addNewRUOverflowToolbarButton\"]"}
RESULT: {"using":"xpath","value":"//button[@data-kt=\"addNewRUOverflowToolbarButton\"]"}
COMMAND: POST /session/e98a8c3f8e564d5dffeeff8b737fde72/execute/sync - {"script":"<script> [8489 bytes]","args":[{"element-6066-11e4-a52e-4f735466cecf":"f.442E653FBE801B9469C6A395343E122D.d.F0117C696BD7094CF1E0E5CD72AEEB1D.e.7474","ELEMENT":"f.442E653FBE801B9469C6A395343E122D.d.F0117C696BD7094CF1E0E5CD72AEEB1D.e.7474"}]}
RESULT: {"script":"<script> [8489 bytes]","args":[{"element-6066-11e4-a52e-4f735466cecf":"f.442E653FBE801B9469C6A395343E122D.d.F0117C696BD7094CF1E0E5CD72AEEB1D.e.7474","ELEMENT":"f.442E653FBE801B9469C6A395343E122D.d.F0117C696BD7094CF1E0E5CD72AEEB1D.e.7474"}]}
COMMAND: POST /session/e98a8c3f8e564d5dffeeff8b737fde72/element/f.442E653FBE801B9469C6A395343E122D.d.F0117C696BD7094CF1E0E5CD72AEEB1D.e.7474/click - {}
COMMAND: GET /session/e98a8c3f8e564d5dffeeff8b737fde72/screenshot - {}
RESULT: {}
RESULT: undefined
COMMAND: POST /session/e98a8c3f8e564d5dffeeff8b737fde72/element - {"using":"xpath","value":"//*[@id=\"application-manageresources-display-component---newResourceUnit--TYPE-arrow\"]"}
COMMAND: GET /session/e98a8c3f8e564d5dffeeff8b737fde72/screenshot - {}
RESULT: {}
RESULT: {"using":"xpath","value":"//*[@id=\"application-manageresources-display-component---newResourceUnit--TYPE-arrow\"]"}
COMMAND: POST /session/e98a8c3f8e564d5dffeeff8b737fde72/element/f.442E653FBE801B9469C6A395343E122D.d.F0117C696BD7094CF1E0E5CD72AEEB1D.e.7811/click - {}
RESULT: {}
RESULT: {}
COMMAND: POST /session/e98a8c3f8e564d5dffeeff8b737fde72/execute/async - {"script":"<script> [1562 bytes]","args":[{"selector":{"controlType":"sap.m.StandardListItem","viewName":"reusables.view.manageresources.NewResourceUnit","viewId":"application-manageresources-display-component---newResourceUnit","properties":{"title":"Personnel"},"searchOpenDialogs":true,"interaction":{"idSuffix":"titleText"}},"wdio_ui5_key":"reusablesview.manageresources.NewResourceUnitsap.m.StandardListItem{\"title\":\"Personnel\"}"}]}
COMMAND: GET /session/e98a8c3f8e564d5dffeeff8b737fde72/screenshot - {}
RESULT: {"script":"<script> [1562 bytes]","args":[{"selector":{"controlType":"sap.m.StandardListItem","viewName":"reusables.view.manageresources.NewResourceUnit","viewId":"application-manageresources-display-component---newResourceUnit","properties":{"title":"Personnel"},"searchOpenDialogs":true,"interaction":{"idSuffix":"titleText"}},"wdio_ui5_key":"reusablesview.manageresources.NewResourceUnitsap.m.StandardListItem{\"title\":\"Personnel\"}"}]}
RESULT: undefined
COMMAND: POST /session/e98a8c3f8e564d5dffeeff8b737fde72/element - {"using":"xpath","value":"//*[@id=\"__item1482\"]"}
RESULT: {}
RESULT: {"using":"xpath","value":"//*[@id=\"__item1482\"]"}
COMMAND: POST /session/e98a8c3f8e564d5dffeeff8b737fde72/element/f.442E653FBE801B9469C6A395343E122D.d.F0117C696BD7094CF1E0E5CD72AEEB1D.e.7814/click - {}
RESULT: {}
RESULT: undefined
COMMAND: POST /session/e98a8c3f8e564d5dffeeff8b737fde72/execute/async - {"script":"<script> [776 bytes]","args":[{"enterText":"WdIOPersonnel6p34w","selector":{"id":"application-manageresources-display-component---newResourceUnit--SHORT_TEXT","interaction":{"idSuffix":"inner"}},"clearTextFirst":true,"interactionType":"ENTER_TEXT"}]}
COMMAND: GET /session/e98a8c3f8e564d5dffeeff8b737fde72/screenshot - {}
RESULT: {"script":"<script> [776 bytes]","args":[{"enterText":"WdIOPersonnel6p34w","selector":{"id":"application-manageresources-display-component---newResourceUnit--SHORT_TEXT","interaction":{"idSuffix":"inner"}},"clearTextFirst":true,"interactionType":"ENTER_TEXT"}]}
COMMAND: POST /session/e98a8c3f8e564d5dffeeff8b737fde72/element - {"using":"xpath","value":"//bdi[contains(text(), \"Material\")]"}
RESULT: {}
RESULT: {"using":"xpath","value":"//bdi[contains(text(), \"Material\")]"}
COMMAND: POST /session/e98a8c3f8e564d5dffeeff8b737fde72/element - {"using":"xpath","value":"//bdi[contains(text(), \"Material\")]"}
RESULT: {"using":"xpath","value":"//bdi[contains(text(), \"Material\")]"}
COMMAND: POST /session/e98a8c3f8e564d5dffeeff8b737fde72/execute/async - {"script":"<script> [1562 bytes]","args":[{"selector":{"id":"application-manageresources-display-component---newResourceUnit--BASE_UNIT_OF_MEASURE-arrow"},"wdio_ui5_key":"applicationmanageresources-display-component---newResourceUnit--BASE_UNIT_OF_MEASURE-arrow"}]}
RESULT: {"script":"<script> [1562 bytes]","args":[{"selector":{"id":"application-manageresources-display-component---newResourceUnit--BASE_UNIT_OF_MEASURE-arrow"},"wdio_ui5_key":"applicationmanageresources-display-component---newResourceUnit--BASE_UNIT_OF_MEASURE-arrow"}]}
RESULT: undefined
COMMAND: POST /session/e98a8c3f8e564d5dffeeff8b737fde72/element - {"using":"xpath","value":"//*[@id=\"application-manageresources-display-component---newResourceUnit--BASE_UNIT_OF_MEASURE-arrow\"]"}
RESULT: {"using":"xpath","value":"//*[@id=\"application-manageresources-display-component---newResourceUnit--BASE_UNIT_OF_MEASURE-arrow\"]"}
COMMAND: POST /session/e98a8c3f8e564d5dffeeff8b737fde72/element/f.442E653FBE801B9469C6A395343E122D.d.F0117C696BD7094CF1E0E5CD72AEEB1D.e.7856/click - {}
RESULT: {}
COMMAND: POST /session/e98a8c3f8e564d5dffeeff8b737fde72/execute/async - {"script":"<script> [1562 bytes]","args":[{"selector":{"controlType":"sap.m.StandardListItem","viewName":"reusables.view.manageresources.NewResourceUnit","viewId":"application-manageresources-display-component---newResourceUnit","properties":{"title":"Percent"},"searchOpenDialogs":true,"interaction":{"idSuffix":"titleText"}},"wdio_ui5_key":"reusablesview.manageresources.NewResourceUnitsap.m.StandardListItem{\"title\":\"Percent\"}"}]}
COMMAND: GET /session/e98a8c3f8e564d5dffeeff8b737fde72/screenshot - {}
RESULT: {"script":"<script> [1562 bytes]","args":[{"selector":{"controlType":"sap.m.StandardListItem","viewName":"reusables.view.manageresources.NewResourceUnit","viewId":"application-manageresources-display-component---newResourceUnit","properties":{"title":"Percent"},"searchOpenDialogs":true,"interaction":{"idSuffix":"titleText"}},"wdio_ui5_key":"reusablesview.manageresources.NewResourceUnitsap.m.StandardListItem{\"title\":\"Percent\"}"}]}
RESULT: undefined
COMMAND: POST /session/e98a8c3f8e564d5dffeeff8b737fde72/element - {"using":"xpath","value":"//*[@id=\"__item1504\"]"}
RESULT: {}
RESULT: {"using":"xpath","value":"//*[@id=\"__item1504\"]"}
COMMAND: POST /session/e98a8c3f8e564d5dffeeff8b737fde72/element/f.442E653FBE801B9469C6A395343E122D.d.F0117C696BD7094CF1E0E5CD72AEEB1D.e.7858/click - {}
RESULT: {}
COMMAND: POST /session/e98a8c3f8e564d5dffeeff8b737fde72/execute/async - {"script":"<script> [1562 bytes]","args":[{"selector":{"id":"application-manageresources-display-component---newResourceUnit--PLANNING_GROUP-arrow"},"wdio_ui5_key":"applicationmanageresources-display-component---newResourceUnit--PLANNING_GROUP-arrow"}]}
COMMAND: GET /session/e98a8c3f8e564d5dffeeff8b737fde72/screenshot - {}
RESULT: {"script":"<script> [1562 bytes]","args":[{"selector":{"id":"application-manageresources-display-component---newResourceUnit--PLANNING_GROUP-arrow"},"wdio_ui5_key":"applicationmanageresources-display-component---newResourceUnit--PLANNING_GROUP-arrow"}]}
RESULT: undefined
COMMAND: POST /session/e98a8c3f8e564d5dffeeff8b737fde72/element - {"using":"xpath","value":"//*[@id=\"application-manageresources-display-component---newResourceUnit--PLANNING_GROUP-arrow\"]"}
RESULT: {}
RESULT: {"using":"xpath","value":"//*[@id=\"application-manageresources-display-component---newResourceUnit--PLANNING_GROUP-arrow\"]"}
COMMAND: POST /session/e98a8c3f8e564d5dffeeff8b737fde72/element/f.442E653FBE801B9469C6A395343E122D.d.F0117C696BD7094CF1E0E5CD72AEEB1D.e.7859/click - {}
RESULT: {}
COMMAND: GET /session/e98a8c3f8e564d5dffeeff8b737fde72/screenshot - {}
RESULT: {}
COMMAND: POST /session/e98a8c3f8e564d5dffeeff8b737fde72/execute/async - {"script":"<script> [1562 bytes]","args":[{"selector":{"controlType":"sap.m.StandardListItem","viewName":"reusables.view.manageresources.NewResourceUnit","viewId":"application-manageresources-display-component---newResourceUnit","properties":{"title":"Operating personnel"},"searchOpenDialogs":true,"interaction":{"idSuffix":"titleText"}},"wdio_ui5_key":"reusablesview.manageresources.NewResourceUnitsap.m.StandardListItem{\"title\":\"Operating personnel\"}"}]}
RESULT: {"script":"<script> [1562 bytes]","args":[{"selector":{"controlType":"sap.m.StandardListItem","viewName":"reusables.view.manageresources.NewResourceUnit","viewId":"application-manageresources-display-component---newResourceUnit","properties":{"title":"Operating personnel"},"searchOpenDialogs":true,"interaction":{"idSuffix":"titleText"}},"wdio_ui5_key":"reusablesview.manageresources.NewResourceUnitsap.m.StandardListItem{\"title\":\"Operating personnel\"}"}]}
RESULT: undefined
COMMAND: POST /session/e98a8c3f8e564d5dffeeff8b737fde72/element - {"using":"xpath","value":"//*[@id=\"__item1513\"]"}
RESULT: {"using":"xpath","value":"//*[@id=\"__item1513\"]"}
COMMAND: POST /session/e98a8c3f8e564d5dffeeff8b737fde72/element/f.442E653FBE801B9469C6A395343E122D.d.F0117C696BD7094CF1E0E5CD72AEEB1D.e.7861/click - {}
RESULT: {}
COMMAND: GET /session/e98a8c3f8e564d5dffeeff8b737fde72/screenshot - {}
RESULT: {}
COMMAND: POST /session/e98a8c3f8e564d5dffeeff8b737fde72/element - {"using":"xpath","value":"//bdi[contains(text(), \"Time Segment\")]"}
RESULT: {"using":"xpath","value":"//bdi[contains(text(), \"Time Segment\")]"}
COMMAND: GET /session/e98a8c3f8e564d5dffeeff8b737fde72/element/f.442E653FBE801B9469C6A395343E122D.d.F0117C696BD7094CF1E0E5CD72AEEB1D.e.7862/rect - {}
RESULT: {}
COMMAND: GET /session/e98a8c3f8e564d5dffeeff8b737fde72/window/rect - {}
RESULT: {}
COMMAND: POST /session/e98a8c3f8e564d5dffeeff8b737fde72/execute/sync - {"script":"<script> [92 bytes]","args":[]}
RESULT: {"script":"<script> [92 bytes]","args":[]}
COMMAND: POST /session/e98a8c3f8e564d5dffeeff8b737fde72/actions - {"actions":[{"id":"action24","type":"wheel","parameters":{},"actions":[{"type":"scroll","x":-1820,"y":804,"deltaX":0,"deltaY":0,"duration":0,"origin":{"element-6066-11e4-a52e-4f735466cecf":"f.442E653FBE801B9469C6A395343E122D.d.F0117C696BD7094CF1E0E5CD72AEEB1D.e.7862"}}]}]}
COMMAND: GET /session/e98a8c3f8e564d5dffeeff8b737fde72/screenshot - {}
RESULT: {}
COMMAND: POST /session/e98a8c3f8e564d5dffeeff8b737fde72/execute/sync - {"script":"<script> [79 bytes]","args":[{"element-6066-11e4-a52e-4f735466cecf":"f.442E653FBE801B9469C6A395343E122D.d.F0117C696BD7094CF1E0E5CD72AEEB1D.e.7862","ELEMENT":"f.442E653FBE801B9469C6A395343E122D.d.F0117C696BD7094CF1E0E5CD72AEEB1D.e.7862"},{"block":"start","inline":"nearest"}]}
RESULT: {"script":"<script> [79 bytes]","args":[{"element-6066-11e4-a52e-4f735466cecf":"f.442E653FBE801B9469C6A395343E122D.d.F0117C696BD7094CF1E0E5CD72AEEB1D.e.7862","ELEMENT":"f.442E653FBE801B9469C6A395343E122D.d.F0117C696BD7094CF1E0E5CD72AEEB1D.e.7862"},{"block":"start","inline":"nearest"}]}
COMMAND: GET /session/e98a8c3f8e564d5dffeeff8b737fde72/screenshot - {}
RESULT: {}
COMMAND: POST /session/e98a8c3f8e564d5dffeeff8b737fde72/element - {"using":"xpath","value":"//span[@id=\"application-manageresources-display-component---newResourceUnit--btnAddTimeSegment-img\"]"}
RESULT: {"using":"xpath","value":"//span[@id=\"application-manageresources-display-component---newResourceUnit--btnAddTimeSegment-img\"]"}
COMMAND: POST /session/e98a8c3f8e564d5dffeeff8b737fde72/execute/sync - {"script":"<script> [8489 bytes]","args":[{"element-6066-11e4-a52e-4f735466cecf":"f.442E653FBE801B9469C6A395343E122D.d.F0117C696BD7094CF1E0E5CD72AEEB1D.e.7869","ELEMENT":"f.442E653FBE801B9469C6A395343E122D.d.F0117C696BD7094CF1E0E5CD72AEEB1D.e.7869"}]}
RESULT: {"script":"<script> [8489 bytes]","args":[{"element-6066-11e4-a52e-4f735466cecf":"f.442E653FBE801B9469C6A395343E122D.d.F0117C696BD7094CF1E0E5CD72AEEB1D.e.7869","ELEMENT":"f.442E653FBE801B9469C6A395343E122D.d.F0117C696BD7094CF1E0E5CD72AEEB1D.e.7869"}]}
COMMAND: POST /session/e98a8c3f8e564d5dffeeff8b737fde72/element/f.442E653FBE801B9469C6A395343E122D.d.F0117C696BD7094CF1E0E5CD72AEEB1D.e.7869/click - {}
COMMAND: GET /session/e98a8c3f8e564d5dffeeff8b737fde72/screenshot - {}
RESULT: {}
COMMAND: GET /session/e98a8c3f8e564d5dffeeff8b737fde72/screenshot - {}
COMMAND: POST /session/e98a8c3f8e564d5dffeeff8b737fde72/element - {"using":"xpath","value":"//input[@id=\"application-manageresources-display-component---newResourceUnit--idRuTSAdmin-application-manageresources-display-component---newResourceUnit--RUTimeSegment-0-inner\"]"}
RESULT: {}
RESULT: {}
RESULT: {"using":"xpath","value":"//input[@id=\"application-manageresources-display-component---newResourceUnit--idRuTSAdmin-application-manageresources-display-component---newResourceUnit--RUTimeSegment-0-inner\"]"}
COMMAND: POST /session/e98a8c3f8e564d5dffeeff8b737fde72/element/f.442E653FBE801B9469C6A395343E122D.d.F0117C696BD7094CF1E0E5CD72AEEB1D.e.7872/clear - {}
RESULT: {}
COMMAND: POST /session/e98a8c3f8e564d5dffeeff8b737fde72/element/f.442E653FBE801B9469C6A395343E122D.d.F0117C696BD7094CF1E0E5CD72AEEB1D.e.7872/value - {"text":"webdriveryard"}
COMMAND: GET /session/e98a8c3f8e564d5dffeeff8b737fde72/screenshot - {}
RESULT: {"text":"webdriveryard"}
COMMAND: GET /session/e98a8c3f8e564d5dffeeff8b737fde72/screenshot - {}
RESULT: {}
RESULT: {}
COMMAND: POST /session/e98a8c3f8e564d5dffeeff8b737fde72/actions - {"actions":[{"id":"action25","type":"key","parameters":{},"actions":[{"type":"keyDown","value":"î€‡"},{"type":"pause","duration":10},{"type":"keyUp","value":"î€‡"}]}]}
RESULT: {"actions":[{"id":"action25","type":"key","parameters":{},"actions":[{"type":"keyDown","value":"î€‡"},{"type":"pause","duration":10},{"type":"keyUp","value":"î€‡"}]}]}
COMMAND: GET /session/e98a8c3f8e564d5dffeeff8b737fde72/screenshot - {}
RESULT: {}
COMMAND: POST /session/e98a8c3f8e564d5dffeeff8b737fde72/element - {"using":"xpath","value":"//input[contains(@id, \"application-manageresources-display-component---newResourceUnit--newControlDataDateRangePicker-inner\")]"}
RESULT: {"using":"xpath","value":"//input[contains(@id, \"application-manageresources-display-component---newResourceUnit--newControlDataDateRangePicker-inner\")]"}
COMMAND: POST /session/e98a8c3f8e564d5dffeeff8b737fde72/element/f.442E653FBE801B9469C6A395343E122D.d.F0117C696BD7094CF1E0E5CD72AEEB1D.e.7844/clear - {}
RESULT: {}
COMMAND: POST /session/e98a8c3f8e564d5dffeeff8b737fde72/element/f.442E653FBE801B9469C6A395343E122D.d.F0117C696BD7094CF1E0E5CD72AEEB1D.e.7844/value - {"text":"12/17/26 - 2/18/27"}
COMMAND: GET /session/e98a8c3f8e564d5dffeeff8b737fde72/screenshot - {}
RESULT: {"text":"12/17/26 - 2/18/27"}
COMMAND: POST /session/e98a8c3f8e564d5dffeeff8b737fde72/element - {"using":"xpath","value":"//bdi[contains(@id, \"application-manageresources-display-component---newResourceUnit--createRuButton-BDI-content\")]"}
COMMAND: GET /session/e98a8c3f8e564d5dffeeff8b737fde72/screenshot - {}
RESULT: {}
RESULT: {"using":"xpath","value":"//bdi[contains(@id, \"application-manageresources-display-component---newResourceUnit--createRuButton-BDI-content\")]"}
COMMAND: POST /session/e98a8c3f8e564d5dffeeff8b737fde72/element/f.442E653FBE801B9469C6A395343E122D.d.F0117C696BD7094CF1E0E5CD72AEEB1D.e.7886/click - {}
RESULT: {}
RESULT: {}
COMMAND: GET /session/e98a8c3f8e564d5dffeeff8b737fde72/screenshot - {}
RESULT: {}
COMMAND: POST /session/e98a8c3f8e564d5dffeeff8b737fde72/actions - {"actions":[{"id":"action26","type":"key","parameters":{},"actions":[{"type":"keyDown","value":"î€‡"},{"type":"pause","duration":10},{"type":"keyUp","value":"î€‡"}]}]}
RESULT: {"actions":[{"id":"action26","type":"key","parameters":{},"actions":[{"type":"keyDown","value":"î€‡"},{"type":"pause","duration":10},{"type":"keyUp","value":"î€‡"}]}]}
COMMAND: GET /session/e98a8c3f8e564d5dffeeff8b737fde72/screenshot - {}
RESULT: {}
]]></system-out>
    </testcase>
    <testcase classname="chrome.135_0_7049_115.windows.Personnel_creation_and_reference_material_verification__US120163" name="Should verify if the reference material is visible in edit and detail mode" time="18.818">
      <system-out><![CDATA[
COMMAND: POST /session/e98a8c3f8e564d5dffeeff8b737fde72/element - {"using":"xpath","value":"//bdi[contains(text(), \"Edit\")]"}
RESULT: {"using":"xpath","value":"//bdi[contains(text(), \"Edit\")]"}
COMMAND: POST /session/e98a8c3f8e564d5dffeeff8b737fde72/element/f.442E653FBE801B9469C6A395343E122D.d.F0117C696BD7094CF1E0E5CD72AEEB1D.e.7909/click - {}
RESULT: {}
COMMAND: GET /session/e98a8c3f8e564d5dffeeff8b737fde72/screenshot - {}
RESULT: {}
COMMAND: POST /session/e98a8c3f8e564d5dffeeff8b737fde72/element - {"using":"xpath","value":"//bdi[contains(text(), \"Material\")]"}
RESULT: {"using":"xpath","value":"//bdi[contains(text(), \"Material\")]"}
COMMAND: POST /session/e98a8c3f8e564d5dffeeff8b737fde72/element - {"using":"xpath","value":"//bdi[contains(text(), \"Material\")]"}
RESULT: {"using":"xpath","value":"//bdi[contains(text(), \"Material\")]"}
COMMAND: POST /session/e98a8c3f8e564d5dffeeff8b737fde72/element - {"using":"xpath","value":"(//bdi[contains(text(), \"Save\")])[2]"}
RESULT: {"using":"xpath","value":"(//bdi[contains(text(), \"Save\")])[2]"}
COMMAND: POST /session/e98a8c3f8e564d5dffeeff8b737fde72/element/f.442E653FBE801B9469C6A395343E122D.d.F0117C696BD7094CF1E0E5CD72AEEB1D.e.7961/click - {}
RESULT: {}
COMMAND: GET /session/e98a8c3f8e564d5dffeeff8b737fde72/screenshot - {}
RESULT: {}
COMMAND: POST /session/e98a8c3f8e564d5dffeeff8b737fde72/element - {"using":"css selector","value":"#j_username"}
COMMAND: POST /session/e98a8c3f8e564d5dffeeff8b737fde72/url - {"url":"https://qa-testing-00-live-etm-ui.cfapps.eu10-004.hana.ondemand.com/"}
RESULT: {"url":"https://qa-testing-00-live-etm-ui.cfapps.eu10-004.hana.ondemand.com/"}
RESULT: undefined
COMMAND: GET /session/e98a8c3f8e564d5dffeeff8b737fde72/screenshot - {}
RESULT: {"using":"css selector","value":"#j_username"}
COMMAND: POST /session/e98a8c3f8e564d5dffeeff8b737fde72/element - {"using":"css selector","value":"#j_username"}
RESULT: {}
RESULT: {"using":"css selector","value":"#j_username"}
COMMAND: POST /session/e98a8c3f8e564d5dffeeff8b737fde72/element - {"using":"css selector","value":"#shell-header-logo"}
RESULT: {"using":"css selector","value":"#shell-header-logo"}
COMMAND: POST /session/e98a8c3f8e564d5dffeeff8b737fde72/execute/sync - {"script":"<script> [8489 bytes]","args":[{"element-6066-11e4-a52e-4f735466cecf":"f.442E653FBE801B9469C6A395343E122D.d.37342F370BD29FA9880DBC4FD69F63C7.e.7983","ELEMENT":"f.442E653FBE801B9469C6A395343E122D.d.37342F370BD29FA9880DBC4FD69F63C7.e.7983"}]}
RESULT: {"script":"<script> [8489 bytes]","args":[{"element-6066-11e4-a52e-4f735466cecf":"f.442E653FBE801B9469C6A395343E122D.d.37342F370BD29FA9880DBC4FD69F63C7.e.7983","ELEMENT":"f.442E653FBE801B9469C6A395343E122D.d.37342F370BD29FA9880DBC4FD69F63C7.e.7983"}]}
COMMAND: POST /session/e98a8c3f8e564d5dffeeff8b737fde72/element - {"using":"css selector","value":"#shell-header-logo"}
COMMAND: GET /session/e98a8c3f8e564d5dffeeff8b737fde72/screenshot - {}
RESULT: {"using":"css selector","value":"#shell-header-logo"}
COMMAND: POST /session/e98a8c3f8e564d5dffeeff8b737fde72/execute/sync - {"script":"<script> [8489 bytes]","args":[{"element-6066-11e4-a52e-4f735466cecf":"f.442E653FBE801B9469C6A395343E122D.d.37342F370BD29FA9880DBC4FD69F63C7.e.7983","ELEMENT":"f.442E653FBE801B9469C6A395343E122D.d.37342F370BD29FA9880DBC4FD69F63C7.e.7983"}]}
RESULT: {}
RESULT: {"script":"<script> [8489 bytes]","args":[{"element-6066-11e4-a52e-4f735466cecf":"f.442E653FBE801B9469C6A395343E122D.d.37342F370BD29FA9880DBC4FD69F63C7.e.7983","ELEMENT":"f.442E653FBE801B9469C6A395343E122D.d.37342F370BD29FA9880DBC4FD69F63C7.e.7983"}]}
COMMAND: POST /session/e98a8c3f8e564d5dffeeff8b737fde72/execute/sync - {"script":"<script> [5351 bytes]","args":[{"element-6066-11e4-a52e-4f735466cecf":"f.442E653FBE801B9469C6A395343E122D.d.37342F370BD29FA9880DBC4FD69F63C7.e.7983","ELEMENT":"f.442E653FBE801B9469C6A395343E122D.d.37342F370BD29FA9880DBC4FD69F63C7.e.7983"}]}
COMMAND: GET /session/e98a8c3f8e564d5dffeeff8b737fde72/screenshot - {}
RESULT: {"script":"<script> [5351 bytes]","args":[{"element-6066-11e4-a52e-4f735466cecf":"f.442E653FBE801B9469C6A395343E122D.d.37342F370BD29FA9880DBC4FD69F63C7.e.7983","ELEMENT":"f.442E653FBE801B9469C6A395343E122D.d.37342F370BD29FA9880DBC4FD69F63C7.e.7983"}]}
COMMAND: POST /session/e98a8c3f8e564d5dffeeff8b737fde72/element - {"using":"css selector","value":"#shell-header-logo"}
COMMAND: GET /session/e98a8c3f8e564d5dffeeff8b737fde72/screenshot - {}
RESULT: {}
RESULT: {"using":"css selector","value":"#shell-header-logo"}
COMMAND: POST /session/e98a8c3f8e564d5dffeeff8b737fde72/element/f.442E653FBE801B9469C6A395343E122D.d.37342F370BD29FA9880DBC4FD69F63C7.e.7983/click - {}
RESULT: {}
RESULT: {}
COMMAND: GET /session/e98a8c3f8e564d5dffeeff8b737fde72/screenshot - {}
RESULT: {}
COMMAND: POST /session/e98a8c3f8e564d5dffeeff8b737fde72/execute/async - {"script":"<script> [189 bytes]","args":[]}
RESULT: {"script":"<script> [189 bytes]","args":[]}
COMMAND: POST /session/e98a8c3f8e564d5dffeeff8b737fde72/execute/async - {"script":"<script> [123 bytes]","args":[]}
RESULT: {"script":"<script> [123 bytes]","args":[]}
COMMAND: POST /session/e98a8c3f8e564d5dffeeff8b737fde72/timeouts - {"script":"<number>"}
RESULT: {"script":"<number>"}
COMMAND: GET /session/e98a8c3f8e564d5dffeeff8b737fde72/timeouts - {}
RESULT: {}
RESULT: undefined
COMMAND: POST /session/e98a8c3f8e564d5dffeeff8b737fde72/execute/async - {"script":"<script> [2676 bytes]","args":[]}
RESULT: {"script":"<script> [2676 bytes]","args":[]}
COMMAND: POST /session/e98a8c3f8e564d5dffeeff8b737fde72/execute/async - {"script":"<script> [2342 bytes]","args":[{"protocol":"http","hostname":"0.0.0.0","path":"/","capabilities":{"browserName":"chrome","goog:chromeOptions":{"binary":"C:\\Program Files\\Google\\Chrome\\Application\\chrome.exe","args":["--start-maximized"]}},"logLevel":"warn","connectionRetryTimeout":120000,"connectionRetryCount":3,"logLevels":{},"enableDirectConnect":true,"strictSSL":true,"_":"65 more keys: [\"cacheDir\",\"port\",\"requestedCapabilities\",\"automationProtocol\",\"baseUrl\",\"waitforInterval\",\"waitforTimeout\",\"onReload\",\"beforeCommand\",\"afterCommand\",\"rootDir\",\"specs\",\"suites\",\"exclude\",\"groupLogsByTestSpec\",\"excludeDriverLogs\",\"bail\",\"framework\",\"reporters\",\"services\",\"maxInstances\",\"maxInstancesPerCapability\",\"injectGlobals\",\"filesToWatch\",\"execArgv\",\"runnerEnv\",\"runner\",\"shard\",\"specFileRetries\",\"specFileRetriesDelay\",\"specFileRetriesDeferred\",\"reporterSyncInterval\",\"reporterSyncTimeout\",\"cucumberFeaturesWithLineNumbers\",\"autoCompileOpts\",\"mochaOpts\",\"jasmineOpts\",\"cucumberOpts\",\"onPrepare\",\"onWorkerStart\",\"onWorkerEnd\",\"before\",\"beforeSession\",\"beforeSuite\",\"beforeHook\",\"beforeTest\",\"afterTest\",\"afterHook\",\"afterSuite\",\"afterSession\",\"after\",\"onComplete\",\"beforeAssertion\",\"afterAssertion\",\"beforeFeature\",\"beforeScenario\",\"beforeStep\",\"afterStep\",\"afterScenario\",\"afterFeature\",\"_\",\"suite\",\"$0\",\"ignoredWorkerServices\",\"wdi5\"]"}]}
RESULT: {"script":"<script> [2342 bytes]","args":[{"protocol":"http","hostname":"0.0.0.0","path":"/","capabilities":{"browserName":"chrome","goog:chromeOptions":{"binary":"C:\\Program Files\\Google\\Chrome\\Application\\chrome.exe","args":["--start-maximized"]}},"logLevel":"warn","connectionRetryTimeout":120000,"connectionRetryCount":3,"logLevels":{},"enableDirectConnect":true,"strictSSL":true,"_":"65 more keys: [\"cacheDir\",\"port\",\"requestedCapabilities\",\"automationProtocol\",\"baseUrl\",\"waitforInterval\",\"waitforTimeout\",\"onReload\",\"beforeCommand\",\"afterCommand\",\"rootDir\",\"specs\",\"suites\",\"exclude\",\"groupLogsByTestSpec\",\"excludeDriverLogs\",\"bail\",\"framework\",\"reporters\",\"services\",\"maxInstances\",\"maxInstancesPerCapability\",\"injectGlobals\",\"filesToWatch\",\"execArgv\",\"runnerEnv\",\"runner\",\"shard\",\"specFileRetries\",\"specFileRetriesDelay\",\"specFileRetriesDeferred\",\"reporterSyncInterval\",\"reporterSyncTimeout\",\"cucumberFeaturesWithLineNumbers\",\"autoCompileOpts\",\"mochaOpts\",\"jasmineOpts\",\"cucumberOpts\",\"onPrepare\",\"onWorkerStart\",\"onWorkerEnd\",\"before\",\"beforeSession\",\"beforeSuite\",\"beforeHook\",\"beforeTest\",\"afterTest\",\"afterHook\",\"afterSuite\",\"afterSession\",\"after\",\"onComplete\",\"beforeAssertion\",\"afterAssertion\",\"beforeFeature\",\"beforeScenario\",\"beforeStep\",\"afterStep\",\"afterScenario\",\"afterFeature\",\"_\",\"suite\",\"$0\",\"ignoredWorkerServices\",\"wdi5\"]"}]}
COMMAND: POST /session/e98a8c3f8e564d5dffeeff8b737fde72/execute/async - {"script":"<script> [21126 bytes]","args":[35000]}
RESULT: {"script":"<script> [21126 bytes]","args":[35000]}
COMMAND: POST /session/e98a8c3f8e564d5dffeeff8b737fde72/window/maximize - {}
RESULT: {}
COMMAND: POST /session/e98a8c3f8e564d5dffeeff8b737fde72/execute/async - {"script":"<script> [1562 bytes]","args":[{"selector":{"id":"shell-header","interaction":{"idSuffix":"icon"}},"wdio_ui5_key":"shellheader"}]}
COMMAND: GET /session/e98a8c3f8e564d5dffeeff8b737fde72/screenshot - {}
RESULT: {"script":"<script> [1562 bytes]","args":[{"selector":{"id":"shell-header","interaction":{"idSuffix":"icon"}},"wdio_ui5_key":"shellheader"}]}
RESULT: undefined
RESULT: {}
]]></system-out>
    </testcase>
  </testsuite>
  <testsuite timestamp="2025-05-05T15:49:44" time="558.009" tests="5" failures="0" errors="0" skipped="0">
    <properties>
      <property name="specId" value="0" />
      <property name="suiteName" value="Warehouse movements inventory test" />
      <property name="capabilities" value="chrome.135_0_7049_115.windows" />
      <property name="file" value="file:///D:/a/1/s/test/specs/R2C/create-resource.spec.js" />
    </properties>
    <testcase classname="chrome.135_0_7049_115.windows.Warehouse_movements_inventory_test" name="Should create a new WHM yard" time="137.423">
      <system-out><![CDATA[
COMMAND: POST /session/e98a8c3f8e564d5dffeeff8b737fde72/execute/async - {"script":"<script> [1562 bytes]","args":[{"selector":{"controlType":"sap.m.GenericTile","properties":{"header":"Manage Yards"}},"wdio_ui5_key":"sapm.GenericTile{\"header\":\"Manage Yards\"}"}]}
RESULT: {"script":"<script> [1562 bytes]","args":[{"selector":{"controlType":"sap.m.GenericTile","properties":{"header":"Manage Yards"}},"wdio_ui5_key":"sapm.GenericTile{\"header\":\"Manage Yards\"}"}]}
RESULT: undefined
COMMAND: POST /session/e98a8c3f8e564d5dffeeff8b737fde72/element - {"using":"xpath","value":"//*[@id=\"__tile41\"]"}
RESULT: {"using":"xpath","value":"//*[@id=\"__tile41\"]"}
COMMAND: POST /session/e98a8c3f8e564d5dffeeff8b737fde72/element/f.442E653FBE801B9469C6A395343E122D.d.37342F370BD29FA9880DBC4FD69F63C7.e.7989/click - {}
RESULT: {}
COMMAND: GET /session/e98a8c3f8e564d5dffeeff8b737fde72/screenshot - {}
RESULT: {}
COMMAND: POST /session/e98a8c3f8e564d5dffeeff8b737fde72/execute/async - {"script":"<script> [1562 bytes]","args":[{"selector":{"controlType":"sap.ui.core.Icon","viewName":"etm.portal.ui.manageyards.view.Master","viewId":"application-manageyards-display-component---masterYard","properties":{"src":{"regex":{"source":"add"}}}},"wdio_ui5_key":"etmportal.ui.manageyards.view.Mastersap.ui.core.Icon{\"src\":{\"regex\":{\"source\":\"add\"}}}"}]}
RESULT: {"script":"<script> [1562 bytes]","args":[{"selector":{"controlType":"sap.ui.core.Icon","viewName":"etm.portal.ui.manageyards.view.Master","viewId":"application-manageyards-display-component---masterYard","properties":{"src":{"regex":{"source":"add"}}}},"wdio_ui5_key":"etmportal.ui.manageyards.view.Mastersap.ui.core.Icon{\"src\":{\"regex\":{\"source\":\"add\"}}}"}]}
RESULT: undefined
COMMAND: POST /session/e98a8c3f8e564d5dffeeff8b737fde72/element - {"using":"xpath","value":"//*[@id=\"__button4-img\"]"}
RESULT: {"using":"xpath","value":"//*[@id=\"__button4-img\"]"}
COMMAND: POST /session/e98a8c3f8e564d5dffeeff8b737fde72/element/f.442E653FBE801B9469C6A395343E122D.d.37342F370BD29FA9880DBC4FD69F63C7.e.8034/click - {}
RESULT: {}
COMMAND: GET /session/e98a8c3f8e564d5dffeeff8b737fde72/screenshot - {}
RESULT: {}
COMMAND: POST /session/e98a8c3f8e564d5dffeeff8b737fde72/execute/async - {"script":"<script> [1562 bytes]","args":[{"selector":{"id":"application-manageyards-display-component---NewYard--yardId","interaction":{"idSuffix":"inner"}},"wdio_ui5_key":"applicationmanageyards-display-component---NewYard--yardId"}]}
RESULT: {"script":"<script> [1562 bytes]","args":[{"selector":{"id":"application-manageyards-display-component---NewYard--yardId","interaction":{"idSuffix":"inner"}},"wdio_ui5_key":"applicationmanageyards-display-component---NewYard--yardId"}]}
RESULT: undefined
COMMAND: POST /session/e98a8c3f8e564d5dffeeff8b737fde72/element - {"using":"xpath","value":"//*[@id=\"application-manageyards-display-component---NewYard--addressDetailDetailsName1-inner\"]"}
RESULT: {"using":"xpath","value":"//*[@id=\"application-manageyards-display-component---NewYard--addressDetailDetailsName1-inner\"]"}
COMMAND: POST /session/e98a8c3f8e564d5dffeeff8b737fde72/element/f.442E653FBE801B9469C6A395343E122D.d.37342F370BD29FA9880DBC4FD69F63C7.e.8249/clear - {}
RESULT: {}
COMMAND: POST /session/e98a8c3f8e564d5dffeeff8b737fde72/element/f.442E653FBE801B9469C6A395343E122D.d.37342F370BD29FA9880DBC4FD69F63C7.e.8249/value - {"text":"WebdriverWHMYard19eyb"}
COMMAND: GET /session/e98a8c3f8e564d5dffeeff8b737fde72/screenshot - {}
RESULT: {"text":"WebdriverWHMYard19eyb"}
COMMAND: POST /session/e98a8c3f8e564d5dffeeff8b737fde72/element - {"using":"xpath","value":"//*[@id=\"application-manageyards-display-component---NewYard--addressDetailDetailsLanguage-inner\"]"}
COMMAND: GET /session/e98a8c3f8e564d5dffeeff8b737fde72/screenshot - {}
RESULT: {}
RESULT: {"using":"xpath","value":"//*[@id=\"application-manageyards-display-component---NewYard--addressDetailDetailsLanguage-inner\"]"}
COMMAND: POST /session/e98a8c3f8e564d5dffeeff8b737fde72/element/f.442E653FBE801B9469C6A395343E122D.d.37342F370BD29FA9880DBC4FD69F63C7.e.8250/clear - {}
RESULT: {}
RESULT: {}
COMMAND: POST /session/e98a8c3f8e564d5dffeeff8b737fde72/element/f.442E653FBE801B9469C6A395343E122D.d.37342F370BD29FA9880DBC4FD69F63C7.e.8250/value - {"text":"Romanian"}
COMMAND: GET /session/e98a8c3f8e564d5dffeeff8b737fde72/screenshot - {}
RESULT: {"text":"Romanian"}
COMMAND: POST /session/e98a8c3f8e564d5dffeeff8b737fde72/element - {"using":"xpath","value":"//input[contains(@id ,\"application-manageyards-display-component---NewYard--addressDetailDetailsName1-inner\")]"}
COMMAND: GET /session/e98a8c3f8e564d5dffeeff8b737fde72/screenshot - {}
RESULT: {}
RESULT: {"using":"xpath","value":"//input[contains(@id ,\"application-manageyards-display-component---NewYard--addressDetailDetailsName1-inner\")]"}
COMMAND: GET /session/e98a8c3f8e564d5dffeeff8b737fde72/element/f.442E653FBE801B9469C6A395343E122D.d.37342F370BD29FA9880DBC4FD69F63C7.e.8249/property/value - {}
RESULT: {}
RESULT: {}
COMMAND: GET /session/e98a8c3f8e564d5dffeeff8b737fde72/screenshot - {}
RESULT: {}
COMMAND: POST /session/e98a8c3f8e564d5dffeeff8b737fde72/element - {"using":"xpath","value":"//*[@id=\"application-manageyards-display-component---NewYard--addressDetailDetailsCity1-inner\"]"}
RESULT: {"using":"xpath","value":"//*[@id=\"application-manageyards-display-component---NewYard--addressDetailDetailsCity1-inner\"]"}
COMMAND: POST /session/e98a8c3f8e564d5dffeeff8b737fde72/element/f.442E653FBE801B9469C6A395343E122D.d.37342F370BD29FA9880DBC4FD69F63C7.e.8252/clear - {}
RESULT: {}
COMMAND: POST /session/e98a8c3f8e564d5dffeeff8b737fde72/element/f.442E653FBE801B9469C6A395343E122D.d.37342F370BD29FA9880DBC4FD69F63C7.e.8252/value - {"text":"Bucuresti"}
COMMAND: GET /session/e98a8c3f8e564d5dffeeff8b737fde72/screenshot - {}
RESULT: {"text":"Bucuresti"}
COMMAND: GET /session/e98a8c3f8e564d5dffeeff8b737fde72/screenshot - {}
RESULT: {}
RESULT: {}
COMMAND: POST /session/e98a8c3f8e564d5dffeeff8b737fde72/element - {"using":"xpath","value":"//*[@id=\"application-manageyards-display-component---NewYard--addressDetailDetailsCountry-inner\"]"}
RESULT: {"using":"xpath","value":"//*[@id=\"application-manageyards-display-component---NewYard--addressDetailDetailsCountry-inner\"]"}
COMMAND: POST /session/e98a8c3f8e564d5dffeeff8b737fde72/element/f.442E653FBE801B9469C6A395343E122D.d.37342F370BD29FA9880DBC4FD69F63C7.e.8256/clear - {}
RESULT: {}
COMMAND: POST /session/e98a8c3f8e564d5dffeeff8b737fde72/element/f.442E653FBE801B9469C6A395343E122D.d.37342F370BD29FA9880DBC4FD69F63C7.e.8256/value - {"text":"Romania"}
COMMAND: GET /session/e98a8c3f8e564d5dffeeff8b737fde72/screenshot - {}
RESULT: {"text":"Romania"}
COMMAND: GET /session/e98a8c3f8e564d5dffeeff8b737fde72/screenshot - {}
RESULT: {}
RESULT: {}
COMMAND: POST /session/e98a8c3f8e564d5dffeeff8b737fde72/execute/async - {"script":"<script> [1562 bytes]","args":[{"selector":{"controlType":"sap.m.Button","viewName":"etm.portal.ui.manageyards.view.New","viewId":"application-manageyards-display-component---NewYard","properties":{"text":"Commercial"},"interaction":{"idSuffix":"BDI-content"}},"wdio_ui5_key":"etmportal.ui.manageyards.view.Newsap.m.Button{\"text\":\"Commercial\"}"}]}
RESULT: {"script":"<script> [1562 bytes]","args":[{"selector":{"controlType":"sap.m.Button","viewName":"etm.portal.ui.manageyards.view.New","viewId":"application-manageyards-display-component---NewYard","properties":{"text":"Commercial"},"interaction":{"idSuffix":"BDI-content"}},"wdio_ui5_key":"etmportal.ui.manageyards.view.Newsap.m.Button{\"text\":\"Commercial\"}"}]}
RESULT: undefined
COMMAND: POST /session/e98a8c3f8e564d5dffeeff8b737fde72/element - {"using":"xpath","value":"//*[@id=\"application-manageyards-display-component---NewYard--ObjectPageLayout-anchBar-__section5-anchor\"]"}
RESULT: {"using":"xpath","value":"//*[@id=\"application-manageyards-display-component---NewYard--ObjectPageLayout-anchBar-__section5-anchor\"]"}
COMMAND: POST /session/e98a8c3f8e564d5dffeeff8b737fde72/element/f.442E653FBE801B9469C6A395343E122D.d.37342F370BD29FA9880DBC4FD69F63C7.e.8446/click - {}
RESULT: {}
COMMAND: GET /session/e98a8c3f8e564d5dffeeff8b737fde72/screenshot - {}
RESULT: {}
COMMAND: POST /session/e98a8c3f8e564d5dffeeff8b737fde72/element - {"using":"xpath","value":"//div[contains(text(), \"Commercial\")]"}
RESULT: {"using":"xpath","value":"//div[contains(text(), \"Commercial\")]"}
COMMAND: GET /session/e98a8c3f8e564d5dffeeff8b737fde72/element/f.442E653FBE801B9469C6A395343E122D.d.37342F370BD29FA9880DBC4FD69F63C7.e.8455/rect - {}
RESULT: {}
COMMAND: GET /session/e98a8c3f8e564d5dffeeff8b737fde72/window/rect - {}
RESULT: {}
COMMAND: POST /session/e98a8c3f8e564d5dffeeff8b737fde72/execute/sync - {"script":"<script> [92 bytes]","args":[]}
RESULT: {"script":"<script> [92 bytes]","args":[]}
COMMAND: POST /session/e98a8c3f8e564d5dffeeff8b737fde72/actions - {"actions":[{"id":"action27","type":"wheel","parameters":{},"actions":[{"type":"scroll","x":-1841,"y":-44,"deltaX":0,"deltaY":0,"duration":0,"origin":{"element-6066-11e4-a52e-4f735466cecf":"f.442E653FBE801B9469C6A395343E122D.d.37342F370BD29FA9880DBC4FD69F63C7.e.8455"}}]}]}
COMMAND: GET /session/e98a8c3f8e564d5dffeeff8b737fde72/screenshot - {}
RESULT: {}
COMMAND: POST /session/e98a8c3f8e564d5dffeeff8b737fde72/execute/sync - {"script":"<script> [79 bytes]","args":[{"element-6066-11e4-a52e-4f735466cecf":"f.442E653FBE801B9469C6A395343E122D.d.37342F370BD29FA9880DBC4FD69F63C7.e.8455","ELEMENT":"f.442E653FBE801B9469C6A395343E122D.d.37342F370BD29FA9880DBC4FD69F63C7.e.8455"},{"block":"start","inline":"nearest"}]}
RESULT: {"script":"<script> [79 bytes]","args":[{"element-6066-11e4-a52e-4f735466cecf":"f.442E653FBE801B9469C6A395343E122D.d.37342F370BD29FA9880DBC4FD69F63C7.e.8455","ELEMENT":"f.442E653FBE801B9469C6A395343E122D.d.37342F370BD29FA9880DBC4FD69F63C7.e.8455"},{"block":"start","inline":"nearest"}]}
COMMAND: GET /session/e98a8c3f8e564d5dffeeff8b737fde72/screenshot - {}
RESULT: {}
COMMAND: POST /session/e98a8c3f8e564d5dffeeff8b737fde72/execute/async - {"script":"<script> [1562 bytes]","args":[{"selector":{"id":"application-manageyards-display-component---NewYard--addressEditDetailsCostObjectCstType-arrow"},"wdio_ui5_key":"applicationmanageyards-display-component---NewYard--addressEditDetailsCostObjectCstType-arrow"}]}
RESULT: {"script":"<script> [1562 bytes]","args":[{"selector":{"id":"application-manageyards-display-component---NewYard--addressEditDetailsCostObjectCstType-arrow"},"wdio_ui5_key":"applicationmanageyards-display-component---NewYard--addressEditDetailsCostObjectCstType-arrow"}]}
RESULT: undefined
COMMAND: POST /session/e98a8c3f8e564d5dffeeff8b737fde72/element - {"using":"xpath","value":"//*[@id=\"application-manageyards-display-component---NewYard--addressEditDetailsCostObjectCstType-arrow\"]"}
RESULT: {"using":"xpath","value":"//*[@id=\"application-manageyards-display-component---NewYard--addressEditDetailsCostObjectCstType-arrow\"]"}
COMMAND: POST /session/e98a8c3f8e564d5dffeeff8b737fde72/element/f.442E653FBE801B9469C6A395343E122D.d.37342F370BD29FA9880DBC4FD69F63C7.e.8456/click - {}
RESULT: {}
COMMAND: POST /session/e98a8c3f8e564d5dffeeff8b737fde72/element - {"using":"xpath","value":"//span[contains(text(), \"Cost Center\")]"}
COMMAND: GET /session/e98a8c3f8e564d5dffeeff8b737fde72/screenshot - {}
RESULT: {"using":"xpath","value":"//span[contains(text(), \"Cost Center\")]"}
COMMAND: POST /session/e98a8c3f8e564d5dffeeff8b737fde72/element/f.442E653FBE801B9469C6A395343E122D.d.37342F370BD29FA9880DBC4FD69F63C7.e.8457/click - {}
RESULT: {}
RESULT: {}
COMMAND: GET /session/e98a8c3f8e564d5dffeeff8b737fde72/screenshot - {}
RESULT: {}
COMMAND: POST /session/e98a8c3f8e564d5dffeeff8b737fde72/execute/async - {"script":"<script> [1562 bytes]","args":[{"selector":{"id":"application-manageyards-display-component---NewYard--addressNewCostObjectCstID-vhi"},"wdio_ui5_key":"applicationmanageyards-display-component---NewYard--addressNewCostObjectCstID-vhi"}]}
RESULT: {"script":"<script> [1562 bytes]","args":[{"selector":{"id":"application-manageyards-display-component---NewYard--addressNewCostObjectCstID-vhi"},"wdio_ui5_key":"applicationmanageyards-display-component---NewYard--addressNewCostObjectCstID-vhi"}]}
RESULT: undefined
COMMAND: POST /session/e98a8c3f8e564d5dffeeff8b737fde72/element - {"using":"xpath","value":"//*[@id=\"application-manageyards-display-component---NewYard--addressNewCostObjectCstID-vhi\"]"}
RESULT: {"using":"xpath","value":"//*[@id=\"application-manageyards-display-component---NewYard--addressNewCostObjectCstID-vhi\"]"}
COMMAND: POST /session/e98a8c3f8e564d5dffeeff8b737fde72/element/f.442E653FBE801B9469C6A395343E122D.d.37342F370BD29FA9880DBC4FD69F63C7.e.8461/click - {}
RESULT: {}
COMMAND: GET /session/e98a8c3f8e564d5dffeeff8b737fde72/screenshot - {}
RESULT: {}
COMMAND: POST /session/e98a8c3f8e564d5dffeeff8b737fde72/execute/async - {"script":"<script> [1562 bytes]","args":[{"selector":{"controlType":"sap.m.SearchField","properties":{"placeholder":"Search"},"searchOpenDialogs":true,"interaction":{"idSuffix":"I"}},"wdio_ui5_key":"sapm.SearchField{\"placeholder\":\"Search\"}"}]}
RESULT: {"script":"<script> [1562 bytes]","args":[{"selector":{"controlType":"sap.m.SearchField","properties":{"placeholder":"Search"},"searchOpenDialogs":true,"interaction":{"idSuffix":"I"}},"wdio_ui5_key":"sapm.SearchField{\"placeholder\":\"Search\"}"}]}
RESULT: undefined
COMMAND: POST /session/e98a8c3f8e564d5dffeeff8b737fde72/execute/async - {"script":"<script> [776 bytes]","args":[{"enterText":"10001013","selector":{"controlType":"sap.m.SearchField","properties":{"placeholder":"Search"},"searchOpenDialogs":true,"interaction":{"idSuffix":"I"}},"clearTextFirst":true,"interactionType":"ENTER_TEXT"}]}
RESULT: {"script":"<script> [776 bytes]","args":[{"enterText":"10001013","selector":{"controlType":"sap.m.SearchField","properties":{"placeholder":"Search"},"searchOpenDialogs":true,"interaction":{"idSuffix":"I"}},"clearTextFirst":true,"interactionType":"ENTER_TEXT"}]}
COMMAND: POST /session/e98a8c3f8e564d5dffeeff8b737fde72/actions - {"actions":[{"id":"action28","type":"key","parameters":{},"actions":[{"type":"keyDown","value":"î€‡"},{"type":"pause","duration":10},{"type":"keyUp","value":"î€‡"}]}]}
RESULT: {"actions":[{"id":"action28","type":"key","parameters":{},"actions":[{"type":"keyDown","value":"î€‡"},{"type":"pause","duration":10},{"type":"keyUp","value":"î€‡"}]}]}
COMMAND: GET /session/e98a8c3f8e564d5dffeeff8b737fde72/screenshot - {}
RESULT: {}
COMMAND: POST /session/e98a8c3f8e564d5dffeeff8b737fde72/element - {"using":"xpath","value":"//span[contains(text(), \"General Management\")]"}
RESULT: {"using":"xpath","value":"//span[contains(text(), \"General Management\")]"}
COMMAND: POST /session/e98a8c3f8e564d5dffeeff8b737fde72/element/f.442E653FBE801B9469C6A395343E122D.d.37342F370BD29FA9880DBC4FD69F63C7.e.8502/click - {}
RESULT: {}
COMMAND: GET /session/e98a8c3f8e564d5dffeeff8b737fde72/screenshot - {}
RESULT: {}
COMMAND: POST /session/e98a8c3f8e564d5dffeeff8b737fde72/element - {"using":"xpath","value":"//bdi[contains(text(), \"OK\")]"}
RESULT: {"using":"xpath","value":"//bdi[contains(text(), \"OK\")]"}
COMMAND: POST /session/e98a8c3f8e564d5dffeeff8b737fde72/element/f.442E653FBE801B9469C6A395343E122D.d.37342F370BD29FA9880DBC4FD69F63C7.e.8503/click - {}
RESULT: {}
COMMAND: GET /session/e98a8c3f8e564d5dffeeff8b737fde72/screenshot - {}
RESULT: {}
COMMAND: POST /session/e98a8c3f8e564d5dffeeff8b737fde72/execute/async - {"script":"<script> [1562 bytes]","args":[{"selector":{"id":"application-manageyards-display-component---NewYard--addressEditDetailsCurrency","interaction":{"idSuffix":"inner"}},"wdio_ui5_key":"applicationmanageyards-display-component---NewYard--addressEditDetailsCurrency"}]}
RESULT: {"script":"<script> [1562 bytes]","args":[{"selector":{"id":"application-manageyards-display-component---NewYard--addressEditDetailsCurrency","interaction":{"idSuffix":"inner"}},"wdio_ui5_key":"applicationmanageyards-display-component---NewYard--addressEditDetailsCurrency"}]}
RESULT: undefined
COMMAND: POST /session/e98a8c3f8e564d5dffeeff8b737fde72/execute/async - {"script":"<script> [776 bytes]","args":[{"enterText":"Euro","selector":{"id":"application-manageyards-display-component---NewYard--addressEditDetailsCurrency","interaction":{"idSuffix":"inner"}},"clearTextFirst":true,"interactionType":"ENTER_TEXT"}]}
RESULT: {"script":"<script> [776 bytes]","args":[{"enterText":"Euro","selector":{"id":"application-manageyards-display-component---NewYard--addressEditDetailsCurrency","interaction":{"idSuffix":"inner"}},"clearTextFirst":true,"interactionType":"ENTER_TEXT"}]}
COMMAND: POST /session/e98a8c3f8e564d5dffeeff8b737fde72/execute/async - {"script":"<script> [1562 bytes]","args":[{"selector":{"controlType":"sap.m.Input","viewName":"etm.portal.ui.manageyards.view.New","viewId":"application-manageyards-display-component---NewYard","bindingPath":{"path":"","propertyPath":"/CONTROLLING_AREA","modelName":"NewYardModel"},"interaction":{"idSuffix":"inner"}},"wdio_ui5_key":"etmportal.ui.manageyards.view.Newsap.m.Input{\"path\":\"\",\"propertyPath\":\"/CONTROLLING_AREA\",\"modelName\":\"NewYardModel\"}"}]}
RESULT: {"script":"<script> [1562 bytes]","args":[{"selector":{"controlType":"sap.m.Input","viewName":"etm.portal.ui.manageyards.view.New","viewId":"application-manageyards-display-component---NewYard","bindingPath":{"path":"","propertyPath":"/CONTROLLING_AREA","modelName":"NewYardModel"},"interaction":{"idSuffix":"inner"}},"wdio_ui5_key":"etmportal.ui.manageyards.view.Newsap.m.Input{\"path\":\"\",\"propertyPath\":\"/CONTROLLING_AREA\",\"modelName\":\"NewYardModel\"}"}]}
RESULT: undefined
COMMAND: POST /session/e98a8c3f8e564d5dffeeff8b737fde72/execute/async - {"script":"<script> [776 bytes]","args":[{"enterText":"Z001","selector":{"controlType":"sap.m.Input","viewName":"etm.portal.ui.manageyards.view.New","viewId":"application-manageyards-display-component---NewYard","bindingPath":{"path":"","propertyPath":"/CONTROLLING_AREA","modelName":"NewYardModel"},"interaction":{"idSuffix":"inner"}},"clearTextFirst":true,"interactionType":"ENTER_TEXT"}]}
RESULT: {"script":"<script> [776 bytes]","args":[{"enterText":"Z001","selector":{"controlType":"sap.m.Input","viewName":"etm.portal.ui.manageyards.view.New","viewId":"application-manageyards-display-component---NewYard","bindingPath":{"path":"","propertyPath":"/CONTROLLING_AREA","modelName":"NewYardModel"},"interaction":{"idSuffix":"inner"}},"clearTextFirst":true,"interactionType":"ENTER_TEXT"}]}
COMMAND: POST /session/e98a8c3f8e564d5dffeeff8b737fde72/execute/async - {"script":"<script> [1562 bytes]","args":[{"selector":{"id":"application-manageyards-display-component---NewYard--companyCodeComboBox","interaction":{"idSuffix":"inner"}},"wdio_ui5_key":"applicationmanageyards-display-component---NewYard--companyCodeComboBox"}]}
RESULT: {"script":"<script> [1562 bytes]","args":[{"selector":{"id":"application-manageyards-display-component---NewYard--companyCodeComboBox","interaction":{"idSuffix":"inner"}},"wdio_ui5_key":"applicationmanageyards-display-component---NewYard--companyCodeComboBox"}]}
RESULT: undefined
COMMAND: POST /session/e98a8c3f8e564d5dffeeff8b737fde72/execute/async - {"script":"<script> [776 bytes]","args":[{"enterText":"1000","selector":{"id":"application-manageyards-display-component---NewYard--companyCodeComboBox","interaction":{"idSuffix":"inner"}},"clearTextFirst":true,"interactionType":"ENTER_TEXT"}]}
RESULT: {"script":"<script> [776 bytes]","args":[{"enterText":"1000","selector":{"id":"application-manageyards-display-component---NewYard--companyCodeComboBox","interaction":{"idSuffix":"inner"}},"clearTextFirst":true,"interactionType":"ENTER_TEXT"}]}
COMMAND: POST /session/e98a8c3f8e564d5dffeeff8b737fde72/actions - {"actions":[{"id":"action29","type":"key","parameters":{},"actions":[{"type":"keyDown","value":"î€‡"},{"type":"pause","duration":10},{"type":"keyUp","value":"î€‡"}]}]}
RESULT: {"actions":[{"id":"action29","type":"key","parameters":{},"actions":[{"type":"keyDown","value":"î€‡"},{"type":"pause","duration":10},{"type":"keyUp","value":"î€‡"}]}]}
COMMAND: POST /session/e98a8c3f8e564d5dffeeff8b737fde72/execute/async - {"script":"<script> [1562 bytes]","args":[{"selector":{"controlType":"sap.m.Input","viewName":"etm.portal.ui.manageyards.view.New","viewId":"application-manageyards-display-component---NewYard","bindingPath":{"path":"","propertyPath":"/PLANT","modelName":"NewYardModel"},"interaction":{"idSuffix":"inner"}},"wdio_ui5_key":"etmportal.ui.manageyards.view.Newsap.m.Input{\"path\":\"\",\"propertyPath\":\"/PLANT\",\"modelName\":\"NewYardModel\"}"}]}
COMMAND: GET /session/e98a8c3f8e564d5dffeeff8b737fde72/screenshot - {}
RESULT: {"script":"<script> [1562 bytes]","args":[{"selector":{"controlType":"sap.m.Input","viewName":"etm.portal.ui.manageyards.view.New","viewId":"application-manageyards-display-component---NewYard","bindingPath":{"path":"","propertyPath":"/PLANT","modelName":"NewYardModel"},"interaction":{"idSuffix":"inner"}},"wdio_ui5_key":"etmportal.ui.manageyards.view.Newsap.m.Input{\"path\":\"\",\"propertyPath\":\"/PLANT\",\"modelName\":\"NewYardModel\"}"}]}
RESULT: undefined
COMMAND: POST /session/e98a8c3f8e564d5dffeeff8b737fde72/execute/async - {"script":"<script> [776 bytes]","args":[{"enterText":"1001","selector":{"controlType":"sap.m.Input","viewName":"etm.portal.ui.manageyards.view.New","viewId":"application-manageyards-display-component---NewYard","bindingPath":{"path":"","propertyPath":"/PLANT","modelName":"NewYardModel"},"interaction":{"idSuffix":"inner"}},"clearTextFirst":true,"interactionType":"ENTER_TEXT"}]}
RESULT: {}
RESULT: {"script":"<script> [776 bytes]","args":[{"enterText":"1001","selector":{"controlType":"sap.m.Input","viewName":"etm.portal.ui.manageyards.view.New","viewId":"application-manageyards-display-component---NewYard","bindingPath":{"path":"","propertyPath":"/PLANT","modelName":"NewYardModel"},"interaction":{"idSuffix":"inner"}},"clearTextFirst":true,"interactionType":"ENTER_TEXT"}]}
COMMAND: POST /session/e98a8c3f8e564d5dffeeff8b737fde72/execute/async - {"script":"<script> [1562 bytes]","args":[{"selector":{"controlType":"sap.m.Input","viewName":"etm.portal.ui.manageyards.view.New","viewId":"application-manageyards-display-component---NewYard","bindingPath":{"path":"","propertyPath":"/SALES_AREA_VKORG","modelName":"NewYardModel"},"interaction":{"idSuffix":"inner"}},"wdio_ui5_key":"etmportal.ui.manageyards.view.Newsap.m.Input{\"path\":\"\",\"propertyPath\":\"/SALES_AREA_VKORG\",\"modelName\":\"NewYardModel\"}"}]}
RESULT: {"script":"<script> [1562 bytes]","args":[{"selector":{"controlType":"sap.m.Input","viewName":"etm.portal.ui.manageyards.view.New","viewId":"application-manageyards-display-component---NewYard","bindingPath":{"path":"","propertyPath":"/SALES_AREA_VKORG","modelName":"NewYardModel"},"interaction":{"idSuffix":"inner"}},"wdio_ui5_key":"etmportal.ui.manageyards.view.Newsap.m.Input{\"path\":\"\",\"propertyPath\":\"/SALES_AREA_VKORG\",\"modelName\":\"NewYardModel\"}"}]}
RESULT: undefined
COMMAND: POST /session/e98a8c3f8e564d5dffeeff8b737fde72/execute/async - {"script":"<script> [776 bytes]","args":[{"enterText":"C002","selector":{"controlType":"sap.m.Input","viewName":"etm.portal.ui.manageyards.view.New","viewId":"application-manageyards-display-component---NewYard","bindingPath":{"path":"","propertyPath":"/SALES_AREA_VKORG","modelName":"NewYardModel"},"interaction":{"idSuffix":"inner"}},"clearTextFirst":true,"interactionType":"ENTER_TEXT"}]}
RESULT: {"script":"<script> [776 bytes]","args":[{"enterText":"C002","selector":{"controlType":"sap.m.Input","viewName":"etm.portal.ui.manageyards.view.New","viewId":"application-manageyards-display-component---NewYard","bindingPath":{"path":"","propertyPath":"/SALES_AREA_VKORG","modelName":"NewYardModel"},"interaction":{"idSuffix":"inner"}},"clearTextFirst":true,"interactionType":"ENTER_TEXT"}]}
COMMAND: POST /session/e98a8c3f8e564d5dffeeff8b737fde72/execute/async - {"script":"<script> [1562 bytes]","args":[{"selector":{"controlType":"sap.m.Input","viewName":"etm.portal.ui.manageyards.view.New","viewId":"application-manageyards-display-component---NewYard","bindingPath":{"path":"","propertyPath":"/SALES_AREA_VTWEG","modelName":"NewYardModel"},"interaction":{"idSuffix":"inner"}},"wdio_ui5_key":"etmportal.ui.manageyards.view.Newsap.m.Input{\"path\":\"\",\"propertyPath\":\"/SALES_AREA_VTWEG\",\"modelName\":\"NewYardModel\"}"}]}
RESULT: {"script":"<script> [1562 bytes]","args":[{"selector":{"controlType":"sap.m.Input","viewName":"etm.portal.ui.manageyards.view.New","viewId":"application-manageyards-display-component---NewYard","bindingPath":{"path":"","propertyPath":"/SALES_AREA_VTWEG","modelName":"NewYardModel"},"interaction":{"idSuffix":"inner"}},"wdio_ui5_key":"etmportal.ui.manageyards.view.Newsap.m.Input{\"path\":\"\",\"propertyPath\":\"/SALES_AREA_VTWEG\",\"modelName\":\"NewYardModel\"}"}]}
RESULT: undefined
COMMAND: POST /session/e98a8c3f8e564d5dffeeff8b737fde72/execute/async - {"script":"<script> [776 bytes]","args":[{"enterText":"C2","selector":{"controlType":"sap.m.Input","viewName":"etm.portal.ui.manageyards.view.New","viewId":"application-manageyards-display-component---NewYard","bindingPath":{"path":"","propertyPath":"/SALES_AREA_VTWEG","modelName":"NewYardModel"},"interaction":{"idSuffix":"inner"}},"clearTextFirst":true,"interactionType":"ENTER_TEXT"}]}
RESULT: {"script":"<script> [776 bytes]","args":[{"enterText":"C2","selector":{"controlType":"sap.m.Input","viewName":"etm.portal.ui.manageyards.view.New","viewId":"application-manageyards-display-component---NewYard","bindingPath":{"path":"","propertyPath":"/SALES_AREA_VTWEG","modelName":"NewYardModel"},"interaction":{"idSuffix":"inner"}},"clearTextFirst":true,"interactionType":"ENTER_TEXT"}]}
COMMAND: POST /session/e98a8c3f8e564d5dffeeff8b737fde72/execute/async - {"script":"<script> [1562 bytes]","args":[{"selector":{"controlType":"sap.m.Input","viewName":"etm.portal.ui.manageyards.view.New","viewId":"application-manageyards-display-component---NewYard","bindingPath":{"path":"","propertyPath":"/SALES_AREA_SPART","modelName":"NewYardModel"},"interaction":{"idSuffix":"inner"}},"wdio_ui5_key":"etmportal.ui.manageyards.view.Newsap.m.Input{\"path\":\"\",\"propertyPath\":\"/SALES_AREA_SPART\",\"modelName\":\"NewYardModel\"}"}]}
RESULT: {"script":"<script> [1562 bytes]","args":[{"selector":{"controlType":"sap.m.Input","viewName":"etm.portal.ui.manageyards.view.New","viewId":"application-manageyards-display-component---NewYard","bindingPath":{"path":"","propertyPath":"/SALES_AREA_SPART","modelName":"NewYardModel"},"interaction":{"idSuffix":"inner"}},"wdio_ui5_key":"etmportal.ui.manageyards.view.Newsap.m.Input{\"path\":\"\",\"propertyPath\":\"/SALES_AREA_SPART\",\"modelName\":\"NewYardModel\"}"}]}
RESULT: undefined
COMMAND: POST /session/e98a8c3f8e564d5dffeeff8b737fde72/execute/async - {"script":"<script> [776 bytes]","args":[{"enterText":"C2","selector":{"controlType":"sap.m.Input","viewName":"etm.portal.ui.manageyards.view.New","viewId":"application-manageyards-display-component---NewYard","bindingPath":{"path":"","propertyPath":"/SALES_AREA_SPART","modelName":"NewYardModel"},"interaction":{"idSuffix":"inner"}},"clearTextFirst":true,"interactionType":"ENTER_TEXT"}]}
RESULT: {"script":"<script> [776 bytes]","args":[{"enterText":"C2","selector":{"controlType":"sap.m.Input","viewName":"etm.portal.ui.manageyards.view.New","viewId":"application-manageyards-display-component---NewYard","bindingPath":{"path":"","propertyPath":"/SALES_AREA_SPART","modelName":"NewYardModel"},"interaction":{"idSuffix":"inner"}},"clearTextFirst":true,"interactionType":"ENTER_TEXT"}]}
COMMAND: POST /session/e98a8c3f8e564d5dffeeff8b737fde72/execute/async - {"script":"<script> [1562 bytes]","args":[{"selector":{"id":"application-manageyards-display-component---NewYard--whmCheckBox","interaction":{"idSuffix":"CbBg"}},"wdio_ui5_key":"applicationmanageyards-display-component---NewYard--whmCheckBox"}]}
RESULT: {"script":"<script> [1562 bytes]","args":[{"selector":{"id":"application-manageyards-display-component---NewYard--whmCheckBox","interaction":{"idSuffix":"CbBg"}},"wdio_ui5_key":"applicationmanageyards-display-component---NewYard--whmCheckBox"}]}
RESULT: undefined
COMMAND: POST /session/e98a8c3f8e564d5dffeeff8b737fde72/element - {"using":"xpath","value":"//*[@id=\"application-manageyards-display-component---NewYard--whmCheckBox\"]"}
RESULT: {"using":"xpath","value":"//*[@id=\"application-manageyards-display-component---NewYard--whmCheckBox\"]"}
COMMAND: POST /session/e98a8c3f8e564d5dffeeff8b737fde72/element/f.442E653FBE801B9469C6A395343E122D.d.37342F370BD29FA9880DBC4FD69F63C7.e.8514/click - {}
RESULT: {}
COMMAND: POST /session/e98a8c3f8e564d5dffeeff8b737fde72/execute/async - {"script":"<script> [1562 bytes]","args":[{"selector":{"controlType":"sap.m.Button","viewName":"etm.portal.ui.manageyards.view.New","viewId":"application-manageyards-display-component---NewYard","i18NText":{"propertyName":"text","key":"save"},"interaction":{"idSuffix":"inner"}},"wdio_ui5_key":"etmportal.ui.manageyards.view.Newsap.m.Button{\"propertyName\":\"text\",\"key\":\"save\"}"}]}
COMMAND: GET /session/e98a8c3f8e564d5dffeeff8b737fde72/screenshot - {}
RESULT: {"script":"<script> [1562 bytes]","args":[{"selector":{"controlType":"sap.m.Button","viewName":"etm.portal.ui.manageyards.view.New","viewId":"application-manageyards-display-component---NewYard","i18NText":{"propertyName":"text","key":"save"},"interaction":{"idSuffix":"inner"}},"wdio_ui5_key":"etmportal.ui.manageyards.view.Newsap.m.Button{\"propertyName\":\"text\",\"key\":\"save\"}"}]}
RESULT: undefined
COMMAND: POST /session/e98a8c3f8e564d5dffeeff8b737fde72/element - {"using":"xpath","value":"//*[@id=\"__button18\"]"}
RESULT: {}
RESULT: {"using":"xpath","value":"//*[@id=\"__button18\"]"}
COMMAND: POST /session/e98a8c3f8e564d5dffeeff8b737fde72/element/f.442E653FBE801B9469C6A395343E122D.d.37342F370BD29FA9880DBC4FD69F63C7.e.8425/click - {}
RESULT: {}
COMMAND: GET /session/e98a8c3f8e564d5dffeeff8b737fde72/screenshot - {}
RESULT: {}
COMMAND: POST /session/e98a8c3f8e564d5dffeeff8b737fde72/element - {"using":"css selector","value":"#shell-header-logo"}
RESULT: {"using":"css selector","value":"#shell-header-logo"}
COMMAND: POST /session/e98a8c3f8e564d5dffeeff8b737fde72/element/f.442E653FBE801B9469C6A395343E122D.d.37342F370BD29FA9880DBC4FD69F63C7.e.7983/click - {}
RESULT: {}
COMMAND: GET /session/e98a8c3f8e564d5dffeeff8b737fde72/screenshot - {}
RESULT: {}
COMMAND: POST /session/e98a8c3f8e564d5dffeeff8b737fde72/refresh - {}
RESULT: {}
COMMAND: GET /session/e98a8c3f8e564d5dffeeff8b737fde72/screenshot - {}
RESULT: {}
COMMAND: POST /session/e98a8c3f8e564d5dffeeff8b737fde72/execute/async - {"script":"<script> [189 bytes]","args":[]}
RESULT: {"script":"<script> [189 bytes]","args":[]}
COMMAND: POST /session/e98a8c3f8e564d5dffeeff8b737fde72/execute/async - {"script":"<script> [123 bytes]","args":[]}
RESULT: {"script":"<script> [123 bytes]","args":[]}
COMMAND: POST /session/e98a8c3f8e564d5dffeeff8b737fde72/timeouts - {"script":"<number>"}
RESULT: {"script":"<number>"}
COMMAND: GET /session/e98a8c3f8e564d5dffeeff8b737fde72/timeouts - {}
RESULT: {}
RESULT: undefined
COMMAND: POST /session/e98a8c3f8e564d5dffeeff8b737fde72/execute/async - {"script":"<script> [2676 bytes]","args":[]}
RESULT: {"script":"<script> [2676 bytes]","args":[]}
COMMAND: POST /session/e98a8c3f8e564d5dffeeff8b737fde72/execute/async - {"script":"<script> [2342 bytes]","args":[{"protocol":"http","hostname":"0.0.0.0","path":"/","capabilities":{"browserName":"chrome","goog:chromeOptions":{"binary":"C:\\Program Files\\Google\\Chrome\\Application\\chrome.exe","args":["--start-maximized"]}},"logLevel":"warn","connectionRetryTimeout":120000,"connectionRetryCount":3,"logLevels":{},"enableDirectConnect":true,"strictSSL":true,"_":"65 more keys: [\"cacheDir\",\"port\",\"requestedCapabilities\",\"automationProtocol\",\"baseUrl\",\"waitforInterval\",\"waitforTimeout\",\"onReload\",\"beforeCommand\",\"afterCommand\",\"rootDir\",\"specs\",\"suites\",\"exclude\",\"groupLogsByTestSpec\",\"excludeDriverLogs\",\"bail\",\"framework\",\"reporters\",\"services\",\"maxInstances\",\"maxInstancesPerCapability\",\"injectGlobals\",\"filesToWatch\",\"execArgv\",\"runnerEnv\",\"runner\",\"shard\",\"specFileRetries\",\"specFileRetriesDelay\",\"specFileRetriesDeferred\",\"reporterSyncInterval\",\"reporterSyncTimeout\",\"cucumberFeaturesWithLineNumbers\",\"autoCompileOpts\",\"mochaOpts\",\"jasmineOpts\",\"cucumberOpts\",\"onPrepare\",\"onWorkerStart\",\"onWorkerEnd\",\"before\",\"beforeSession\",\"beforeSuite\",\"beforeHook\",\"beforeTest\",\"afterTest\",\"afterHook\",\"afterSuite\",\"afterSession\",\"after\",\"onComplete\",\"beforeAssertion\",\"afterAssertion\",\"beforeFeature\",\"beforeScenario\",\"beforeStep\",\"afterStep\",\"afterScenario\",\"afterFeature\",\"_\",\"suite\",\"$0\",\"ignoredWorkerServices\",\"wdi5\"]"}]}
RESULT: {"script":"<script> [2342 bytes]","args":[{"protocol":"http","hostname":"0.0.0.0","path":"/","capabilities":{"browserName":"chrome","goog:chromeOptions":{"binary":"C:\\Program Files\\Google\\Chrome\\Application\\chrome.exe","args":["--start-maximized"]}},"logLevel":"warn","connectionRetryTimeout":120000,"connectionRetryCount":3,"logLevels":{},"enableDirectConnect":true,"strictSSL":true,"_":"65 more keys: [\"cacheDir\",\"port\",\"requestedCapabilities\",\"automationProtocol\",\"baseUrl\",\"waitforInterval\",\"waitforTimeout\",\"onReload\",\"beforeCommand\",\"afterCommand\",\"rootDir\",\"specs\",\"suites\",\"exclude\",\"groupLogsByTestSpec\",\"excludeDriverLogs\",\"bail\",\"framework\",\"reporters\",\"services\",\"maxInstances\",\"maxInstancesPerCapability\",\"injectGlobals\",\"filesToWatch\",\"execArgv\",\"runnerEnv\",\"runner\",\"shard\",\"specFileRetries\",\"specFileRetriesDelay\",\"specFileRetriesDeferred\",\"reporterSyncInterval\",\"reporterSyncTimeout\",\"cucumberFeaturesWithLineNumbers\",\"autoCompileOpts\",\"mochaOpts\",\"jasmineOpts\",\"cucumberOpts\",\"onPrepare\",\"onWorkerStart\",\"onWorkerEnd\",\"before\",\"beforeSession\",\"beforeSuite\",\"beforeHook\",\"beforeTest\",\"afterTest\",\"afterHook\",\"afterSuite\",\"afterSession\",\"after\",\"onComplete\",\"beforeAssertion\",\"afterAssertion\",\"beforeFeature\",\"beforeScenario\",\"beforeStep\",\"afterStep\",\"afterScenario\",\"afterFeature\",\"_\",\"suite\",\"$0\",\"ignoredWorkerServices\",\"wdi5\"]"}]}
COMMAND: POST /session/e98a8c3f8e564d5dffeeff8b737fde72/execute/async - {"script":"<script> [21126 bytes]","args":[35000]}
RESULT: {"script":"<script> [21126 bytes]","args":[35000]}
]]></system-out>
    </testcase>
    <testcase classname="chrome.135_0_7049_115.windows.Warehouse_movements_inventory_test" name="Should create a new warehouse organization" time="72.119">
      <system-out><![CDATA[
COMMAND: POST /session/e98a8c3f8e564d5dffeeff8b737fde72/execute/async - {"script":"<script> [1562 bytes]","args":[{"selector":{"controlType":"sap.m.GenericTile","properties":{"header":"Bin Status Report"}},"wdio_ui5_key":"sapm.GenericTile{\"header\":\"Bin Status Report\"}"}]}
RESULT: {"script":"<script> [1562 bytes]","args":[{"selector":{"controlType":"sap.m.GenericTile","properties":{"header":"Bin Status Report"}},"wdio_ui5_key":"sapm.GenericTile{\"header\":\"Bin Status Report\"}"}]}
RESULT: undefined
COMMAND: POST /session/e98a8c3f8e564d5dffeeff8b737fde72/element - {"using":"xpath","value":"//*[@id=\"__tile104\"]"}
RESULT: {"using":"xpath","value":"//*[@id=\"__tile104\"]"}
COMMAND: POST /session/e98a8c3f8e564d5dffeeff8b737fde72/element/f.442E653FBE801B9469C6A395343E122D.d.85FE77A3CB3F1B1A24D67E385B4D86F8.e.8725/click - {}
RESULT: {}
COMMAND: GET /session/e98a8c3f8e564d5dffeeff8b737fde72/screenshot - {}
RESULT: {}
COMMAND: POST /session/e98a8c3f8e564d5dffeeff8b737fde72/execute/async - {"script":"<script> [1562 bytes]","args":[{"selector":{"id":"application-binstatusreport-display-component---warehousing--createOrgBtn","interaction":{"idSuffix":"BDI-content"}},"wdio_ui5_key":"applicationbinstatusreport-display-component---warehousing--createOrgBtn"}]}
RESULT: {"script":"<script> [1562 bytes]","args":[{"selector":{"id":"application-binstatusreport-display-component---warehousing--createOrgBtn","interaction":{"idSuffix":"BDI-content"}},"wdio_ui5_key":"applicationbinstatusreport-display-component---warehousing--createOrgBtn"}]}
RESULT: undefined
COMMAND: POST /session/e98a8c3f8e564d5dffeeff8b737fde72/element - {"using":"xpath","value":"//*[@id=\"application-binstatusreport-display-component---warehousing--createOrgBtn\"]"}
RESULT: {"using":"xpath","value":"//*[@id=\"application-binstatusreport-display-component---warehousing--createOrgBtn\"]"}
COMMAND: POST /session/e98a8c3f8e564d5dffeeff8b737fde72/element/f.442E653FBE801B9469C6A395343E122D.d.85FE77A3CB3F1B1A24D67E385B4D86F8.e.8771/click - {}
RESULT: {}
COMMAND: GET /session/e98a8c3f8e564d5dffeeff8b737fde72/screenshot - {}
RESULT: {}
COMMAND: POST /session/e98a8c3f8e564d5dffeeff8b737fde72/execute/async - {"script":"<script> [1562 bytes]","args":[{"selector":{"id":"createOrganizationPop--sectionInput","searchOpenDialogs":true,"interaction":{"idSuffix":"inner"}},"wdio_ui5_key":"createOrganizationPopsectionInput"}]}
RESULT: {"script":"<script> [1562 bytes]","args":[{"selector":{"id":"createOrganizationPop--sectionInput","searchOpenDialogs":true,"interaction":{"idSuffix":"inner"}},"wdio_ui5_key":"createOrganizationPopsectionInput"}]}
RESULT: undefined
COMMAND: POST /session/e98a8c3f8e564d5dffeeff8b737fde72/execute/async - {"script":"<script> [776 bytes]","args":[{"enterText":"Seco0w33","selector":{"id":"createOrganizationPop--sectionInput","searchOpenDialogs":true,"interaction":{"idSuffix":"inner"}},"clearTextFirst":true,"interactionType":"ENTER_TEXT"}]}
RESULT: {"script":"<script> [776 bytes]","args":[{"enterText":"Seco0w33","selector":{"id":"createOrganizationPop--sectionInput","searchOpenDialogs":true,"interaction":{"idSuffix":"inner"}},"clearTextFirst":true,"interactionType":"ENTER_TEXT"}]}
COMMAND: POST /session/e98a8c3f8e564d5dffeeff8b737fde72/execute/async - {"script":"<script> [1562 bytes]","args":[{"selector":{"id":"createOrganizationPop--descriptionInput","searchOpenDialogs":true,"interaction":{"idSuffix":"inner"}},"wdio_ui5_key":"createOrganizationPopdescriptionInput"}]}
RESULT: {"script":"<script> [1562 bytes]","args":[{"selector":{"id":"createOrganizationPop--descriptionInput","searchOpenDialogs":true,"interaction":{"idSuffix":"inner"}},"wdio_ui5_key":"createOrganizationPopdescriptionInput"}]}
RESULT: undefined
COMMAND: POST /session/e98a8c3f8e564d5dffeeff8b737fde72/execute/async - {"script":"<script> [776 bytes]","args":[{"enterText":"OrgNamegmt7a","selector":{"id":"createOrganizationPop--descriptionInput","searchOpenDialogs":true,"interaction":{"idSuffix":"inner"}},"clearTextFirst":true,"interactionType":"ENTER_TEXT"}]}
RESULT: {"script":"<script> [776 bytes]","args":[{"enterText":"OrgNamegmt7a","selector":{"id":"createOrganizationPop--descriptionInput","searchOpenDialogs":true,"interaction":{"idSuffix":"inner"}},"clearTextFirst":true,"interactionType":"ENTER_TEXT"}]}
COMMAND: POST /session/e98a8c3f8e564d5dffeeff8b737fde72/element - {"using":"xpath","value":"//input[contains(@id ,\"createOrganizationPop--yardOrg-inner\")]"}
RESULT: {"using":"xpath","value":"//input[contains(@id ,\"createOrganizationPop--yardOrg-inner\")]"}
COMMAND: POST /session/e98a8c3f8e564d5dffeeff8b737fde72/element/f.442E653FBE801B9469C6A395343E122D.d.85FE77A3CB3F1B1A24D67E385B4D86F8.e.8816/clear - {}
RESULT: {}
COMMAND: POST /session/e98a8c3f8e564d5dffeeff8b737fde72/element/f.442E653FBE801B9469C6A395343E122D.d.85FE77A3CB3F1B1A24D67E385B4D86F8.e.8816/value - {"text":"WebdriverWHMYard19eyb"}
COMMAND: GET /session/e98a8c3f8e564d5dffeeff8b737fde72/screenshot - {}
RESULT: {"text":"WebdriverWHMYard19eyb"}
COMMAND: GET /session/e98a8c3f8e564d5dffeeff8b737fde72/screenshot - {}
RESULT: {}
RESULT: {}
COMMAND: POST /session/e98a8c3f8e564d5dffeeff8b737fde72/actions - {"actions":[{"id":"action30","type":"key","parameters":{},"actions":[{"type":"keyDown","value":"î€‡"},{"type":"pause","duration":10},{"type":"keyUp","value":"î€‡"}]}]}
RESULT: {"actions":[{"id":"action30","type":"key","parameters":{},"actions":[{"type":"keyDown","value":"î€‡"},{"type":"pause","duration":10},{"type":"keyUp","value":"î€‡"}]}]}
COMMAND: GET /session/e98a8c3f8e564d5dffeeff8b737fde72/screenshot - {}
RESULT: {}
COMMAND: POST /session/e98a8c3f8e564d5dffeeff8b737fde72/execute/async - {"script":"<script> [1562 bytes]","args":[{"selector":{"id":"createOrganizationPop--grZone","searchOpenDialogs":true,"interaction":{"idSuffix":"CbBg"}},"wdio_ui5_key":"createOrganizationPopgrZone"}]}
RESULT: {"script":"<script> [1562 bytes]","args":[{"selector":{"id":"createOrganizationPop--grZone","searchOpenDialogs":true,"interaction":{"idSuffix":"CbBg"}},"wdio_ui5_key":"createOrganizationPopgrZone"}]}
RESULT: undefined
COMMAND: POST /session/e98a8c3f8e564d5dffeeff8b737fde72/element - {"using":"xpath","value":"//*[@id=\"createOrganizationPop--grZone\"]"}
RESULT: {"using":"xpath","value":"//*[@id=\"createOrganizationPop--grZone\"]"}
COMMAND: POST /session/e98a8c3f8e564d5dffeeff8b737fde72/element/f.442E653FBE801B9469C6A395343E122D.d.85FE77A3CB3F1B1A24D67E385B4D86F8.e.8836/click - {}
RESULT: {}
COMMAND: POST /session/e98a8c3f8e564d5dffeeff8b737fde72/execute/async - {"script":"<script> [1562 bytes]","args":[{"selector":{"id":"createOrganizationPop--giZone","searchOpenDialogs":true,"interaction":{"idSuffix":"CbBg"}},"wdio_ui5_key":"createOrganizationPopgiZone"}]}
COMMAND: GET /session/e98a8c3f8e564d5dffeeff8b737fde72/screenshot - {}
RESULT: {"script":"<script> [1562 bytes]","args":[{"selector":{"id":"createOrganizationPop--giZone","searchOpenDialogs":true,"interaction":{"idSuffix":"CbBg"}},"wdio_ui5_key":"createOrganizationPopgiZone"}]}
RESULT: undefined
COMMAND: POST /session/e98a8c3f8e564d5dffeeff8b737fde72/element - {"using":"xpath","value":"//*[@id=\"createOrganizationPop--giZone\"]"}
RESULT: {}
RESULT: {"using":"xpath","value":"//*[@id=\"createOrganizationPop--giZone\"]"}
COMMAND: POST /session/e98a8c3f8e564d5dffeeff8b737fde72/element/f.442E653FBE801B9469C6A395343E122D.d.85FE77A3CB3F1B1A24D67E385B4D86F8.e.8838/click - {}
RESULT: {}
COMMAND: POST /session/e98a8c3f8e564d5dffeeff8b737fde72/execute/async - {"script":"<script> [1562 bytes]","args":[{"selector":{"id":"createOrganizationPop--binNoInput","searchOpenDialogs":true,"interaction":{"idSuffix":"inner"}},"wdio_ui5_key":"createOrganizationPopbinNoInput"}]}
COMMAND: GET /session/e98a8c3f8e564d5dffeeff8b737fde72/screenshot - {}
RESULT: {"script":"<script> [1562 bytes]","args":[{"selector":{"id":"createOrganizationPop--binNoInput","searchOpenDialogs":true,"interaction":{"idSuffix":"inner"}},"wdio_ui5_key":"createOrganizationPopbinNoInput"}]}
RESULT: undefined
COMMAND: POST /session/e98a8c3f8e564d5dffeeff8b737fde72/execute/async - {"script":"<script> [776 bytes]","args":[{"enterText":"Binnwixkj","selector":{"id":"createOrganizationPop--binNoInput","searchOpenDialogs":true,"interaction":{"idSuffix":"inner"}},"clearTextFirst":true,"interactionType":"ENTER_TEXT"}]}
RESULT: {}
RESULT: {"script":"<script> [776 bytes]","args":[{"enterText":"Binnwixkj","selector":{"id":"createOrganizationPop--binNoInput","searchOpenDialogs":true,"interaction":{"idSuffix":"inner"}},"clearTextFirst":true,"interactionType":"ENTER_TEXT"}]}
COMMAND: POST /session/e98a8c3f8e564d5dffeeff8b737fde72/execute/async - {"script":"<script> [1562 bytes]","args":[{"selector":{"id":"createOrganizationPop--descriptionId","searchOpenDialogs":true,"interaction":{"idSuffix":"inner"}},"wdio_ui5_key":"createOrganizationPopdescriptionId"}]}
RESULT: {"script":"<script> [1562 bytes]","args":[{"selector":{"id":"createOrganizationPop--descriptionId","searchOpenDialogs":true,"interaction":{"idSuffix":"inner"}},"wdio_ui5_key":"createOrganizationPopdescriptionId"}]}
RESULT: undefined
COMMAND: POST /session/e98a8c3f8e564d5dffeeff8b737fde72/execute/async - {"script":"<script> [776 bytes]","args":[{"enterText":"Binrfzzi","selector":{"id":"createOrganizationPop--descriptionId","searchOpenDialogs":true,"interaction":{"idSuffix":"inner"}},"clearTextFirst":true,"interactionType":"ENTER_TEXT"}]}
RESULT: {"script":"<script> [776 bytes]","args":[{"enterText":"Binrfzzi","selector":{"id":"createOrganizationPop--descriptionId","searchOpenDialogs":true,"interaction":{"idSuffix":"inner"}},"clearTextFirst":true,"interactionType":"ENTER_TEXT"}]}
COMMAND: POST /session/e98a8c3f8e564d5dffeeff8b737fde72/execute/async - {"script":"<script> [1562 bytes]","args":[{"selector":{"controlType":"sap.m.CheckBox","viewName":"etm.portal.ui.binstatusreport.view.MasterWareBins","viewId":"application-binstatusreport-display-component---warehousing","bindingPath":{"path":"","propertyPath":"/ZONE","modelName":"newBin"},"searchOpenDialogs":true,"interaction":{"idSuffix":"CbBg"}},"wdio_ui5_key":"etmportal.ui.binstatusreport.view.MasterWareBinssap.m.CheckBox{\"path\":\"\",\"propertyPath\":\"/ZONE\",\"modelName\":\"newBin\"}"}]}
RESULT: {"script":"<script> [1562 bytes]","args":[{"selector":{"controlType":"sap.m.CheckBox","viewName":"etm.portal.ui.binstatusreport.view.MasterWareBins","viewId":"application-binstatusreport-display-component---warehousing","bindingPath":{"path":"","propertyPath":"/ZONE","modelName":"newBin"},"searchOpenDialogs":true,"interaction":{"idSuffix":"CbBg"}},"wdio_ui5_key":"etmportal.ui.binstatusreport.view.MasterWareBinssap.m.CheckBox{\"path\":\"\",\"propertyPath\":\"/ZONE\",\"modelName\":\"newBin\"}"}]}
RESULT: undefined
COMMAND: POST /session/e98a8c3f8e564d5dffeeff8b737fde72/element - {"using":"xpath","value":"//*[@id=\"__box12\"]"}
RESULT: {"using":"xpath","value":"//*[@id=\"__box12\"]"}
COMMAND: POST /session/e98a8c3f8e564d5dffeeff8b737fde72/element/f.442E653FBE801B9469C6A395343E122D.d.85FE77A3CB3F1B1A24D67E385B4D86F8.e.8842/click - {}
RESULT: {}
COMMAND: POST /session/e98a8c3f8e564d5dffeeff8b737fde72/execute/async - {"script":"<script> [1562 bytes]","args":[{"selector":{"id":"createOrganizationPop--binTypesCB-arrow","searchOpenDialogs":true},"wdio_ui5_key":"createOrganizationPopbinTypesCB-arrow"}]}
COMMAND: GET /session/e98a8c3f8e564d5dffeeff8b737fde72/screenshot - {}
RESULT: {"script":"<script> [1562 bytes]","args":[{"selector":{"id":"createOrganizationPop--binTypesCB-arrow","searchOpenDialogs":true},"wdio_ui5_key":"createOrganizationPopbinTypesCB-arrow"}]}
RESULT: undefined
COMMAND: POST /session/e98a8c3f8e564d5dffeeff8b737fde72/element - {"using":"xpath","value":"//*[@id=\"createOrganizationPop--binTypesCB-arrow\"]"}
RESULT: {}
RESULT: {"using":"xpath","value":"//*[@id=\"createOrganizationPop--binTypesCB-arrow\"]"}
COMMAND: POST /session/e98a8c3f8e564d5dffeeff8b737fde72/element/f.442E653FBE801B9469C6A395343E122D.d.85FE77A3CB3F1B1A24D67E385B4D86F8.e.8849/click - {}
RESULT: {}
COMMAND: POST /session/e98a8c3f8e564d5dffeeff8b737fde72/execute/async - {"script":"<script> [1562 bytes]","args":[{"selector":{"controlType":"sap.m.StandardListItem","viewName":"etm.portal.ui.binstatusreport.view.MasterWareBins","viewId":"application-binstatusreport-display-component---warehousing","properties":{"title":"1 - General / No capacity check"},"searchOpenDialogs":true,"interaction":{"idSuffix":"content"}},"wdio_ui5_key":"etmportal.ui.binstatusreport.view.MasterWareBinssap.m.StandardListItem{\"title\":\"1 - General / No capacity check\"}"}]}
COMMAND: GET /session/e98a8c3f8e564d5dffeeff8b737fde72/screenshot - {}
RESULT: {"script":"<script> [1562 bytes]","args":[{"selector":{"controlType":"sap.m.StandardListItem","viewName":"etm.portal.ui.binstatusreport.view.MasterWareBins","viewId":"application-binstatusreport-display-component---warehousing","properties":{"title":"1 - General / No capacity check"},"searchOpenDialogs":true,"interaction":{"idSuffix":"content"}},"wdio_ui5_key":"etmportal.ui.binstatusreport.view.MasterWareBinssap.m.StandardListItem{\"title\":\"1 - General / No capacity check\"}"}]}
RESULT: undefined
COMMAND: POST /session/e98a8c3f8e564d5dffeeff8b737fde72/element - {"using":"xpath","value":"//*[@id=\"__item139\"]"}
RESULT: {}
RESULT: {"using":"xpath","value":"//*[@id=\"__item139\"]"}
COMMAND: POST /session/e98a8c3f8e564d5dffeeff8b737fde72/element/f.442E653FBE801B9469C6A395343E122D.d.85FE77A3CB3F1B1A24D67E385B4D86F8.e.8851/click - {}
RESULT: {}
COMMAND: POST /session/e98a8c3f8e564d5dffeeff8b737fde72/execute/async - {"script":"<script> [1562 bytes]","args":[{"selector":{"id":"createOrganizationPop--finishBtn","searchOpenDialogs":true,"interaction":{"idSuffix":"BDI-content"}},"wdio_ui5_key":"createOrganizationPopfinishBtn"}]}
COMMAND: GET /session/e98a8c3f8e564d5dffeeff8b737fde72/screenshot - {}
RESULT: {"script":"<script> [1562 bytes]","args":[{"selector":{"id":"createOrganizationPop--finishBtn","searchOpenDialogs":true,"interaction":{"idSuffix":"BDI-content"}},"wdio_ui5_key":"createOrganizationPopfinishBtn"}]}
RESULT: undefined
COMMAND: POST /session/e98a8c3f8e564d5dffeeff8b737fde72/element - {"using":"xpath","value":"//*[@id=\"createOrganizationPop--finishBtn\"]"}
RESULT: {}
RESULT: {"using":"xpath","value":"//*[@id=\"createOrganizationPop--finishBtn\"]"}
COMMAND: POST /session/e98a8c3f8e564d5dffeeff8b737fde72/element/f.442E653FBE801B9469C6A395343E122D.d.85FE77A3CB3F1B1A24D67E385B4D86F8.e.8853/click - {}
RESULT: {}
COMMAND: GET /session/e98a8c3f8e564d5dffeeff8b737fde72/screenshot - {}
RESULT: {}
COMMAND: POST /session/e98a8c3f8e564d5dffeeff8b737fde72/element - {"using":"css selector","value":"#shell-header-logo"}
RESULT: {"using":"css selector","value":"#shell-header-logo"}
COMMAND: POST /session/e98a8c3f8e564d5dffeeff8b737fde72/element/f.442E653FBE801B9469C6A395343E122D.d.85FE77A3CB3F1B1A24D67E385B4D86F8.e.8730/click - {}
RESULT: {}
COMMAND: GET /session/e98a8c3f8e564d5dffeeff8b737fde72/screenshot - {}
RESULT: {}
]]></system-out>
    </testcase>
    <testcase classname="chrome.135_0_7049_115.windows.Warehouse_movements_inventory_test" name="Should Create new material for WHM yard" time="184.289">
      <system-out><![CDATA[
COMMAND: POST /session/e98a8c3f8e564d5dffeeff8b737fde72/execute/async - {"script":"<script> [1562 bytes]","args":[{"selector":{"controlType":"sap.m.GenericTile","properties":{"header":"Manage Resources"}},"wdio_ui5_key":"sapm.GenericTile{\"header\":\"Manage Resources\"}"}]}
RESULT: {"script":"<script> [1562 bytes]","args":[{"selector":{"controlType":"sap.m.GenericTile","properties":{"header":"Manage Resources"}},"wdio_ui5_key":"sapm.GenericTile{\"header\":\"Manage Resources\"}"}]}
RESULT: undefined
COMMAND: POST /session/e98a8c3f8e564d5dffeeff8b737fde72/element - {"using":"xpath","value":"//*[@id=\"__tile39\"]"}
RESULT: {"using":"xpath","value":"//*[@id=\"__tile39\"]"}
COMMAND: POST /session/e98a8c3f8e564d5dffeeff8b737fde72/element/f.442E653FBE801B9469C6A395343E122D.d.85FE77A3CB3F1B1A24D67E385B4D86F8.e.8861/click - {}
RESULT: {}
COMMAND: GET /session/e98a8c3f8e564d5dffeeff8b737fde72/screenshot - {}
RESULT: {}
COMMAND: POST /session/e98a8c3f8e564d5dffeeff8b737fde72/element - {"using":"xpath","value":"//button[@data-kt=\"addNewRUOverflowToolbarButton\"]"}
RESULT: {"using":"xpath","value":"//button[@data-kt=\"addNewRUOverflowToolbarButton\"]"}
COMMAND: POST /session/e98a8c3f8e564d5dffeeff8b737fde72/execute/sync - {"script":"<script> [8489 bytes]","args":[{"element-6066-11e4-a52e-4f735466cecf":"f.442E653FBE801B9469C6A395343E122D.d.85FE77A3CB3F1B1A24D67E385B4D86F8.e.8890","ELEMENT":"f.442E653FBE801B9469C6A395343E122D.d.85FE77A3CB3F1B1A24D67E385B4D86F8.e.8890"}]}
RESULT: {"script":"<script> [8489 bytes]","args":[{"element-6066-11e4-a52e-4f735466cecf":"f.442E653FBE801B9469C6A395343E122D.d.85FE77A3CB3F1B1A24D67E385B4D86F8.e.8890","ELEMENT":"f.442E653FBE801B9469C6A395343E122D.d.85FE77A3CB3F1B1A24D67E385B4D86F8.e.8890"}]}
COMMAND: POST /session/e98a8c3f8e564d5dffeeff8b737fde72/element/f.442E653FBE801B9469C6A395343E122D.d.85FE77A3CB3F1B1A24D67E385B4D86F8.e.8890/click - {}
COMMAND: GET /session/e98a8c3f8e564d5dffeeff8b737fde72/screenshot - {}
RESULT: {}
COMMAND: POST /session/e98a8c3f8e564d5dffeeff8b737fde72/execute/async - {"script":"<script> [1562 bytes]","args":[{"selector":{"id":"application-manageresources-display-component---newResourceUnit--TYPE-arrow"},"wdio_ui5_key":"applicationmanageresources-display-component---newResourceUnit--TYPE-arrow"}]}
COMMAND: GET /session/e98a8c3f8e564d5dffeeff8b737fde72/screenshot - {}
RESULT: {}
RESULT: {"script":"<script> [1562 bytes]","args":[{"selector":{"id":"application-manageresources-display-component---newResourceUnit--TYPE-arrow"},"wdio_ui5_key":"applicationmanageresources-display-component---newResourceUnit--TYPE-arrow"}]}
RESULT: undefined
COMMAND: POST /session/e98a8c3f8e564d5dffeeff8b737fde72/element - {"using":"xpath","value":"//*[@id=\"application-manageresources-display-component---newResourceUnit--TYPE-arrow\"]"}
RESULT: {}
RESULT: {"using":"xpath","value":"//*[@id=\"application-manageresources-display-component---newResourceUnit--TYPE-arrow\"]"}
COMMAND: POST /session/e98a8c3f8e564d5dffeeff8b737fde72/element/f.442E653FBE801B9469C6A395343E122D.d.85FE77A3CB3F1B1A24D67E385B4D86F8.e.9215/click - {}
RESULT: {}
COMMAND: POST /session/e98a8c3f8e564d5dffeeff8b737fde72/execute/async - {"script":"<script> [1562 bytes]","args":[{"selector":{"controlType":"sap.m.StandardListItem","viewName":"reusables.view.manageresources.NewResourceUnit","viewId":"application-manageresources-display-component---newResourceUnit","properties":{"title":"Material"},"searchOpenDialogs":true,"interaction":{"idSuffix":"titleText"}},"wdio_ui5_key":"reusablesview.manageresources.NewResourceUnitsap.m.StandardListItem{\"title\":\"Material\"}"}]}
COMMAND: GET /session/e98a8c3f8e564d5dffeeff8b737fde72/screenshot - {}
RESULT: {"script":"<script> [1562 bytes]","args":[{"selector":{"controlType":"sap.m.StandardListItem","viewName":"reusables.view.manageresources.NewResourceUnit","viewId":"application-manageresources-display-component---newResourceUnit","properties":{"title":"Material"},"searchOpenDialogs":true,"interaction":{"idSuffix":"titleText"}},"wdio_ui5_key":"reusablesview.manageresources.NewResourceUnitsap.m.StandardListItem{\"title\":\"Material\"}"}]}
RESULT: undefined
COMMAND: POST /session/e98a8c3f8e564d5dffeeff8b737fde72/element - {"using":"xpath","value":"//*[@id=\"__item269\"]"}
RESULT: {}
RESULT: {"using":"xpath","value":"//*[@id=\"__item269\"]"}
COMMAND: POST /session/e98a8c3f8e564d5dffeeff8b737fde72/element/f.442E653FBE801B9469C6A395343E122D.d.85FE77A3CB3F1B1A24D67E385B4D86F8.e.9218/click - {}
RESULT: {}
COMMAND: POST /session/e98a8c3f8e564d5dffeeff8b737fde72/execute/async - {"script":"<script> [1562 bytes]","args":[{"selector":{"id":"application-manageresources-display-component---newResourceUnit--SHORT_TEXT","interaction":{"idSuffix":"inner"}},"wdio_ui5_key":"applicationmanageresources-display-component---newResourceUnit--SHORT_TEXT"}]}
COMMAND: GET /session/e98a8c3f8e564d5dffeeff8b737fde72/screenshot - {}
RESULT: {"script":"<script> [1562 bytes]","args":[{"selector":{"id":"application-manageresources-display-component---newResourceUnit--SHORT_TEXT","interaction":{"idSuffix":"inner"}},"wdio_ui5_key":"applicationmanageresources-display-component---newResourceUnit--SHORT_TEXT"}]}
RESULT: undefined
COMMAND: POST /session/e98a8c3f8e564d5dffeeff8b737fde72/execute/async - {"script":"<script> [776 bytes]","args":[{"enterText":"WebdriverRUR2Ccxvhq","selector":{"id":"application-manageresources-display-component---newResourceUnit--SHORT_TEXT","interaction":{"idSuffix":"inner"}},"clearTextFirst":true,"interactionType":"ENTER_TEXT"}]}
RESULT: {}
RESULT: {"script":"<script> [776 bytes]","args":[{"enterText":"WebdriverRUR2Ccxvhq","selector":{"id":"application-manageresources-display-component---newResourceUnit--SHORT_TEXT","interaction":{"idSuffix":"inner"}},"clearTextFirst":true,"interactionType":"ENTER_TEXT"}]}
COMMAND: POST /session/e98a8c3f8e564d5dffeeff8b737fde72/execute/async - {"script":"<script> [1562 bytes]","args":[{"selector":{"id":"application-manageresources-display-component---newResourceUnit--BASE_UNIT_OF_MEASURE-arrow"},"wdio_ui5_key":"applicationmanageresources-display-component---newResourceUnit--BASE_UNIT_OF_MEASURE-arrow"}]}
RESULT: {"script":"<script> [1562 bytes]","args":[{"selector":{"id":"application-manageresources-display-component---newResourceUnit--BASE_UNIT_OF_MEASURE-arrow"},"wdio_ui5_key":"applicationmanageresources-display-component---newResourceUnit--BASE_UNIT_OF_MEASURE-arrow"}]}
RESULT: undefined
COMMAND: POST /session/e98a8c3f8e564d5dffeeff8b737fde72/element - {"using":"xpath","value":"//*[@id=\"application-manageresources-display-component---newResourceUnit--BASE_UNIT_OF_MEASURE-arrow\"]"}
RESULT: {"using":"xpath","value":"//*[@id=\"application-manageresources-display-component---newResourceUnit--BASE_UNIT_OF_MEASURE-arrow\"]"}
COMMAND: POST /session/e98a8c3f8e564d5dffeeff8b737fde72/element/f.442E653FBE801B9469C6A395343E122D.d.85FE77A3CB3F1B1A24D67E385B4D86F8.e.9274/click - {}
RESULT: {}
COMMAND: POST /session/e98a8c3f8e564d5dffeeff8b737fde72/execute/async - {"script":"<script> [1562 bytes]","args":[{"selector":{"controlType":"sap.m.StandardListItem","viewName":"reusables.view.manageresources.NewResourceUnit","viewId":"application-manageresources-display-component---newResourceUnit","properties":{"title":"Piece"},"searchOpenDialogs":true,"interaction":{"idSuffix":"titleText"}},"wdio_ui5_key":"reusablesview.manageresources.NewResourceUnitsap.m.StandardListItem{\"title\":\"Piece\"}"}]}
COMMAND: GET /session/e98a8c3f8e564d5dffeeff8b737fde72/screenshot - {}
RESULT: {"script":"<script> [1562 bytes]","args":[{"selector":{"controlType":"sap.m.StandardListItem","viewName":"reusables.view.manageresources.NewResourceUnit","viewId":"application-manageresources-display-component---newResourceUnit","properties":{"title":"Piece"},"searchOpenDialogs":true,"interaction":{"idSuffix":"titleText"}},"wdio_ui5_key":"reusablesview.manageresources.NewResourceUnitsap.m.StandardListItem{\"title\":\"Piece\"}"}]}
RESULT: undefined
COMMAND: POST /session/e98a8c3f8e564d5dffeeff8b737fde72/element - {"using":"xpath","value":"//*[@id=\"__item313\"]"}
RESULT: {}
RESULT: {"using":"xpath","value":"//*[@id=\"__item313\"]"}
COMMAND: POST /session/e98a8c3f8e564d5dffeeff8b737fde72/element/f.442E653FBE801B9469C6A395343E122D.d.85FE77A3CB3F1B1A24D67E385B4D86F8.e.9276/click - {}
RESULT: {}
COMMAND: POST /session/e98a8c3f8e564d5dffeeff8b737fde72/element - {"using":"xpath","value":"//input[contains(@id ,\"application-manageresources-display-component---newResourceUnit--SHORT_TEXT-inner\")]"}
COMMAND: GET /session/e98a8c3f8e564d5dffeeff8b737fde72/screenshot - {}
RESULT: {"using":"xpath","value":"//input[contains(@id ,\"application-manageresources-display-component---newResourceUnit--SHORT_TEXT-inner\")]"}
COMMAND: GET /session/e98a8c3f8e564d5dffeeff8b737fde72/element/f.442E653FBE801B9469C6A395343E122D.d.85FE77A3CB3F1B1A24D67E385B4D86F8.e.9235/property/value - {}
RESULT: {}
RESULT: {}
COMMAND: POST /session/e98a8c3f8e564d5dffeeff8b737fde72/execute/async - {"script":"<script> [1562 bytes]","args":[{"selector":{"id":"application-manageresources-display-component---newResourceUnit--WEIGHT_UNIT-arrow"},"wdio_ui5_key":"applicationmanageresources-display-component---newResourceUnit--WEIGHT_UNIT-arrow"}]}
COMMAND: GET /session/e98a8c3f8e564d5dffeeff8b737fde72/screenshot - {}
RESULT: {"script":"<script> [1562 bytes]","args":[{"selector":{"id":"application-manageresources-display-component---newResourceUnit--WEIGHT_UNIT-arrow"},"wdio_ui5_key":"applicationmanageresources-display-component---newResourceUnit--WEIGHT_UNIT-arrow"}]}
RESULT: undefined
COMMAND: POST /session/e98a8c3f8e564d5dffeeff8b737fde72/element - {"using":"xpath","value":"//*[@id=\"application-manageresources-display-component---newResourceUnit--WEIGHT_UNIT-arrow\"]"}
RESULT: {}
RESULT: {"using":"xpath","value":"//*[@id=\"application-manageresources-display-component---newResourceUnit--WEIGHT_UNIT-arrow\"]"}
COMMAND: POST /session/e98a8c3f8e564d5dffeeff8b737fde72/element/f.442E653FBE801B9469C6A395343E122D.d.85FE77A3CB3F1B1A24D67E385B4D86F8.e.9277/click - {}
RESULT: {}
COMMAND: POST /session/e98a8c3f8e564d5dffeeff8b737fde72/execute/async - {"script":"<script> [1562 bytes]","args":[{"selector":{"controlType":"sap.m.StandardListItem","viewName":"reusables.view.manageresources.NewResourceUnit","viewId":"application-manageresources-display-component---newResourceUnit","properties":{"title":"Gram"},"searchOpenDialogs":true,"interaction":{"idSuffix":"content"}},"wdio_ui5_key":"reusablesview.manageresources.NewResourceUnitsap.m.StandardListItem{\"title\":\"Gram\"}"}]}
COMMAND: GET /session/e98a8c3f8e564d5dffeeff8b737fde72/screenshot - {}
RESULT: {"script":"<script> [1562 bytes]","args":[{"selector":{"controlType":"sap.m.StandardListItem","viewName":"reusables.view.manageresources.NewResourceUnit","viewId":"application-manageresources-display-component---newResourceUnit","properties":{"title":"Gram"},"searchOpenDialogs":true,"interaction":{"idSuffix":"content"}},"wdio_ui5_key":"reusablesview.manageresources.NewResourceUnitsap.m.StandardListItem{\"title\":\"Gram\"}"}]}
RESULT: undefined
COMMAND: POST /session/e98a8c3f8e564d5dffeeff8b737fde72/element - {"using":"xpath","value":"//*[@id=\"__item378\"]"}
RESULT: {}
RESULT: {"using":"xpath","value":"//*[@id=\"__item378\"]"}
COMMAND: POST /session/e98a8c3f8e564d5dffeeff8b737fde72/element/f.442E653FBE801B9469C6A395343E122D.d.85FE77A3CB3F1B1A24D67E385B4D86F8.e.9279/click - {}
RESULT: {}
COMMAND: POST /session/e98a8c3f8e564d5dffeeff8b737fde72/execute/async - {"script":"<script> [1562 bytes]","args":[{"selector":{"id":"application-manageresources-display-component---newResourceUnit--newRRUPage-OPHeaderContent-collapseBtn-img"},"wdio_ui5_key":"applicationmanageresources-display-component---newResourceUnit--newRRUPage-OPHeaderContent-collapseBtn-img"}]}
COMMAND: GET /session/e98a8c3f8e564d5dffeeff8b737fde72/screenshot - {}
RESULT: {"script":"<script> [1562 bytes]","args":[{"selector":{"id":"application-manageresources-display-component---newResourceUnit--newRRUPage-OPHeaderContent-collapseBtn-img"},"wdio_ui5_key":"applicationmanageresources-display-component---newResourceUnit--newRRUPage-OPHeaderContent-collapseBtn-img"}]}
RESULT: undefined
COMMAND: POST /session/e98a8c3f8e564d5dffeeff8b737fde72/element - {"using":"xpath","value":"//*[@id=\"application-manageresources-display-component---newResourceUnit--newRRUPage-OPHeaderContent-collapseBtn-img\"]"}
RESULT: {}
RESULT: {"using":"xpath","value":"//*[@id=\"application-manageresources-display-component---newResourceUnit--newRRUPage-OPHeaderContent-collapseBtn-img\"]"}
COMMAND: POST /session/e98a8c3f8e564d5dffeeff8b737fde72/element/f.442E653FBE801B9469C6A395343E122D.d.85FE77A3CB3F1B1A24D67E385B4D86F8.e.9225/click - {}
RESULT: {}
COMMAND: GET /session/e98a8c3f8e564d5dffeeff8b737fde72/screenshot - {}
RESULT: {}
COMMAND: POST /session/e98a8c3f8e564d5dffeeff8b737fde72/element - {"using":"xpath","value":"(//span[contains(@id ,\"application-manageresources-display-component---newResourceUnit--DIMENSION_UNIT-arrow\")])[1]"}
RESULT: {"using":"xpath","value":"(//span[contains(@id ,\"application-manageresources-display-component---newResourceUnit--DIMENSION_UNIT-arrow\")])[1]"}
COMMAND: POST /session/e98a8c3f8e564d5dffeeff8b737fde72/element/f.442E653FBE801B9469C6A395343E122D.d.85FE77A3CB3F1B1A24D67E385B4D86F8.e.9285/click - {}
RESULT: {}
COMMAND: GET /session/e98a8c3f8e564d5dffeeff8b737fde72/screenshot - {}
RESULT: {}
COMMAND: POST /session/e98a8c3f8e564d5dffeeff8b737fde72/execute/async - {"script":"<script> [1562 bytes]","args":[{"selector":{"controlType":"sap.m.StandardListItem","viewName":"reusables.view.manageresources.NewResourceUnit","viewId":"application-manageresources-display-component---newResourceUnit","properties":{"title":"Centimeter"},"searchOpenDialogs":true,"interaction":{"idSuffix":"titleText"}},"wdio_ui5_key":"reusablesview.manageresources.NewResourceUnitsap.m.StandardListItem{\"title\":\"Centimeter\"}"}]}
RESULT: {"script":"<script> [1562 bytes]","args":[{"selector":{"controlType":"sap.m.StandardListItem","viewName":"reusables.view.manageresources.NewResourceUnit","viewId":"application-manageresources-display-component---newResourceUnit","properties":{"title":"Centimeter"},"searchOpenDialogs":true,"interaction":{"idSuffix":"titleText"}},"wdio_ui5_key":"reusablesview.manageresources.NewResourceUnitsap.m.StandardListItem{\"title\":\"Centimeter\"}"}]}
RESULT: undefined
COMMAND: POST /session/e98a8c3f8e564d5dffeeff8b737fde72/element - {"using":"xpath","value":"//*[@id=\"__item381\"]"}
RESULT: {"using":"xpath","value":"//*[@id=\"__item381\"]"}
COMMAND: POST /session/e98a8c3f8e564d5dffeeff8b737fde72/element/f.442E653FBE801B9469C6A395343E122D.d.85FE77A3CB3F1B1A24D67E385B4D86F8.e.9287/click - {}
RESULT: {}
COMMAND: POST /session/e98a8c3f8e564d5dffeeff8b737fde72/execute/async - {"script":"<script> [1562 bytes]","args":[{"selector":{"id":"application-manageresources-display-component---newResourceUnit--newRRUPage-anchBar-application-manageresources-display-component---newResourceUnit--reference-anchor","interaction":{"idSuffix":"BDI-content"}},"wdio_ui5_key":"applicationmanageresources-display-component---newResourceUnit--newRRUPage-anchBar-application-manageresources-display-component---newResourceUnit--reference-anchor"}]}
COMMAND: GET /session/e98a8c3f8e564d5dffeeff8b737fde72/screenshot - {}
RESULT: {"script":"<script> [1562 bytes]","args":[{"selector":{"id":"application-manageresources-display-component---newResourceUnit--newRRUPage-anchBar-application-manageresources-display-component---newResourceUnit--reference-anchor","interaction":{"idSuffix":"BDI-content"}},"wdio_ui5_key":"applicationmanageresources-display-component---newResourceUnit--newRRUPage-anchBar-application-manageresources-display-component---newResourceUnit--reference-anchor"}]}
RESULT: undefined
COMMAND: POST /session/e98a8c3f8e564d5dffeeff8b737fde72/element - {"using":"xpath","value":"//*[@id=\"application-manageresources-display-component---newResourceUnit--newRRUPage-anchBar-application-manageresources-display-component---newResourceUnit--reference-anchor\"]"}
RESULT: {}
RESULT: {"using":"xpath","value":"//*[@id=\"application-manageresources-display-component---newResourceUnit--newRRUPage-anchBar-application-manageresources-display-component---newResourceUnit--reference-anchor\"]"}
COMMAND: POST /session/e98a8c3f8e564d5dffeeff8b737fde72/element/f.442E653FBE801B9469C6A395343E122D.d.85FE77A3CB3F1B1A24D67E385B4D86F8.e.9289/click - {}
RESULT: {}
COMMAND: POST /session/e98a8c3f8e564d5dffeeff8b737fde72/execute/async - {"script":"<script> [1562 bytes]","args":[{"selector":{"id":"application-manageresources-display-component---newResourceUnit--PLANNING_GROUP-arrow"},"wdio_ui5_key":"applicationmanageresources-display-component---newResourceUnit--PLANNING_GROUP-arrow"}]}
COMMAND: GET /session/e98a8c3f8e564d5dffeeff8b737fde72/screenshot - {}
RESULT: {"script":"<script> [1562 bytes]","args":[{"selector":{"id":"application-manageresources-display-component---newResourceUnit--PLANNING_GROUP-arrow"},"wdio_ui5_key":"applicationmanageresources-display-component---newResourceUnit--PLANNING_GROUP-arrow"}]}
RESULT: undefined
COMMAND: POST /session/e98a8c3f8e564d5dffeeff8b737fde72/element - {"using":"xpath","value":"//*[@id=\"application-manageresources-display-component---newResourceUnit--PLANNING_GROUP-arrow\"]"}
RESULT: {}
RESULT: {"using":"xpath","value":"//*[@id=\"application-manageresources-display-component---newResourceUnit--PLANNING_GROUP-arrow\"]"}
COMMAND: POST /session/e98a8c3f8e564d5dffeeff8b737fde72/element/f.442E653FBE801B9469C6A395343E122D.d.85FE77A3CB3F1B1A24D67E385B4D86F8.e.9295/click - {}
RESULT: {}
COMMAND: POST /session/e98a8c3f8e564d5dffeeff8b737fde72/execute/async - {"script":"<script> [1562 bytes]","args":[{"selector":{"controlType":"sap.m.StandardListItem","viewName":"reusables.view.manageresources.NewResourceUnit","viewId":"application-manageresources-display-component---newResourceUnit","properties":{"title":"Heavy Equi"},"searchOpenDialogs":true,"interaction":{"idSuffix":"content"}},"wdio_ui5_key":"reusablesview.manageresources.NewResourceUnitsap.m.StandardListItem{\"title\":\"Heavy Equi\"}"}]}
COMMAND: GET /session/e98a8c3f8e564d5dffeeff8b737fde72/screenshot - {}
RESULT: {"script":"<script> [1562 bytes]","args":[{"selector":{"controlType":"sap.m.StandardListItem","viewName":"reusables.view.manageresources.NewResourceUnit","viewId":"application-manageresources-display-component---newResourceUnit","properties":{"title":"Heavy Equi"},"searchOpenDialogs":true,"interaction":{"idSuffix":"content"}},"wdio_ui5_key":"reusablesview.manageresources.NewResourceUnitsap.m.StandardListItem{\"title\":\"Heavy Equi\"}"}]}
RESULT: undefined
COMMAND: POST /session/e98a8c3f8e564d5dffeeff8b737fde72/element - {"using":"xpath","value":"//*[@id=\"__item389\"]"}
RESULT: {}
RESULT: {"using":"xpath","value":"//*[@id=\"__item389\"]"}
COMMAND: POST /session/e98a8c3f8e564d5dffeeff8b737fde72/element/f.442E653FBE801B9469C6A395343E122D.d.85FE77A3CB3F1B1A24D67E385B4D86F8.e.9297/click - {}
RESULT: {}
COMMAND: GET /session/e98a8c3f8e564d5dffeeff8b737fde72/screenshot - {}
RESULT: {}
COMMAND: POST /session/e98a8c3f8e564d5dffeeff8b737fde72/execute/async - {"script":"<script> [1562 bytes]","args":[{"selector":{"id":"application-manageresources-display-component---newResourceUnit--PLANNING_INDICATOR-arrow"},"wdio_ui5_key":"applicationmanageresources-display-component---newResourceUnit--PLANNING_INDICATOR-arrow"}]}
RESULT: {"script":"<script> [1562 bytes]","args":[{"selector":{"id":"application-manageresources-display-component---newResourceUnit--PLANNING_INDICATOR-arrow"},"wdio_ui5_key":"applicationmanageresources-display-component---newResourceUnit--PLANNING_INDICATOR-arrow"}]}
RESULT: undefined
COMMAND: POST /session/e98a8c3f8e564d5dffeeff8b737fde72/element - {"using":"xpath","value":"//*[@id=\"application-manageresources-display-component---newResourceUnit--PLANNING_INDICATOR-arrow\"]"}
RESULT: {"using":"xpath","value":"//*[@id=\"application-manageresources-display-component---newResourceUnit--PLANNING_INDICATOR-arrow\"]"}
COMMAND: POST /session/e98a8c3f8e564d5dffeeff8b737fde72/element/f.442E653FBE801B9469C6A395343E122D.d.85FE77A3CB3F1B1A24D67E385B4D86F8.e.9298/click - {}
RESULT: {}
COMMAND: POST /session/e98a8c3f8e564d5dffeeff8b737fde72/execute/async - {"script":"<script> [1562 bytes]","args":[{"selector":{"controlType":"sap.m.StandardListItem","viewName":"reusables.view.manageresources.NewResourceUnit","viewId":"application-manageresources-display-component---newResourceUnit","properties":{"title":"10 - infinite"},"searchOpenDialogs":true,"interaction":{"idSuffix":"content"}},"wdio_ui5_key":"reusablesview.manageresources.NewResourceUnitsap.m.StandardListItem{\"title\":\"10 - infinite\"}"}]}
COMMAND: GET /session/e98a8c3f8e564d5dffeeff8b737fde72/screenshot - {}
RESULT: {"script":"<script> [1562 bytes]","args":[{"selector":{"controlType":"sap.m.StandardListItem","viewName":"reusables.view.manageresources.NewResourceUnit","viewId":"application-manageresources-display-component---newResourceUnit","properties":{"title":"10 - infinite"},"searchOpenDialogs":true,"interaction":{"idSuffix":"content"}},"wdio_ui5_key":"reusablesview.manageresources.NewResourceUnitsap.m.StandardListItem{\"title\":\"10 - infinite\"}"}]}
RESULT: undefined
COMMAND: POST /session/e98a8c3f8e564d5dffeeff8b737fde72/element - {"using":"xpath","value":"//*[@id=\"__item399\"]"}
RESULT: {}
RESULT: {"using":"xpath","value":"//*[@id=\"__item399\"]"}
COMMAND: POST /session/e98a8c3f8e564d5dffeeff8b737fde72/element/f.442E653FBE801B9469C6A395343E122D.d.85FE77A3CB3F1B1A24D67E385B4D86F8.e.9300/click - {}
RESULT: {}
COMMAND: GET /session/e98a8c3f8e564d5dffeeff8b737fde72/screenshot - {}
RESULT: {}
COMMAND: POST /session/e98a8c3f8e564d5dffeeff8b737fde72/element - {"using":"xpath","value":"//bdi[contains(text(), \"Time Segment\")]"}
RESULT: {"using":"xpath","value":"//bdi[contains(text(), \"Time Segment\")]"}
COMMAND: GET /session/e98a8c3f8e564d5dffeeff8b737fde72/element/f.442E653FBE801B9469C6A395343E122D.d.85FE77A3CB3F1B1A24D67E385B4D86F8.e.9301/rect - {}
RESULT: {}
COMMAND: GET /session/e98a8c3f8e564d5dffeeff8b737fde72/window/rect - {}
RESULT: {}
COMMAND: POST /session/e98a8c3f8e564d5dffeeff8b737fde72/execute/sync - {"script":"<script> [92 bytes]","args":[]}
RESULT: {"script":"<script> [92 bytes]","args":[]}
COMMAND: POST /session/e98a8c3f8e564d5dffeeff8b737fde72/actions - {"actions":[{"id":"action31","type":"wheel","parameters":{},"actions":[{"type":"scroll","x":-1820,"y":-21,"deltaX":0,"deltaY":0,"duration":0,"origin":{"element-6066-11e4-a52e-4f735466cecf":"f.442E653FBE801B9469C6A395343E122D.d.85FE77A3CB3F1B1A24D67E385B4D86F8.e.9301"}}]}]}
COMMAND: GET /session/e98a8c3f8e564d5dffeeff8b737fde72/screenshot - {}
RESULT: {}
COMMAND: POST /session/e98a8c3f8e564d5dffeeff8b737fde72/execute/sync - {"script":"<script> [79 bytes]","args":[{"element-6066-11e4-a52e-4f735466cecf":"f.442E653FBE801B9469C6A395343E122D.d.85FE77A3CB3F1B1A24D67E385B4D86F8.e.9301","ELEMENT":"f.442E653FBE801B9469C6A395343E122D.d.85FE77A3CB3F1B1A24D67E385B4D86F8.e.9301"},{"block":"start","inline":"nearest"}]}
RESULT: {"script":"<script> [79 bytes]","args":[{"element-6066-11e4-a52e-4f735466cecf":"f.442E653FBE801B9469C6A395343E122D.d.85FE77A3CB3F1B1A24D67E385B4D86F8.e.9301","ELEMENT":"f.442E653FBE801B9469C6A395343E122D.d.85FE77A3CB3F1B1A24D67E385B4D86F8.e.9301"},{"block":"start","inline":"nearest"}]}
COMMAND: GET /session/e98a8c3f8e564d5dffeeff8b737fde72/screenshot - {}
RESULT: {}
COMMAND: POST /session/e98a8c3f8e564d5dffeeff8b737fde72/element - {"using":"xpath","value":"//span[@id=\"application-manageresources-display-component---newResourceUnit--btnAddTimeSegment-img\"]"}
RESULT: {"using":"xpath","value":"//span[@id=\"application-manageresources-display-component---newResourceUnit--btnAddTimeSegment-img\"]"}
COMMAND: POST /session/e98a8c3f8e564d5dffeeff8b737fde72/execute/sync - {"script":"<script> [8489 bytes]","args":[{"element-6066-11e4-a52e-4f735466cecf":"f.442E653FBE801B9469C6A395343E122D.d.85FE77A3CB3F1B1A24D67E385B4D86F8.e.9304","ELEMENT":"f.442E653FBE801B9469C6A395343E122D.d.85FE77A3CB3F1B1A24D67E385B4D86F8.e.9304"}]}
RESULT: {"script":"<script> [8489 bytes]","args":[{"element-6066-11e4-a52e-4f735466cecf":"f.442E653FBE801B9469C6A395343E122D.d.85FE77A3CB3F1B1A24D67E385B4D86F8.e.9304","ELEMENT":"f.442E653FBE801B9469C6A395343E122D.d.85FE77A3CB3F1B1A24D67E385B4D86F8.e.9304"}]}
COMMAND: POST /session/e98a8c3f8e564d5dffeeff8b737fde72/element/f.442E653FBE801B9469C6A395343E122D.d.85FE77A3CB3F1B1A24D67E385B4D86F8.e.9304/click - {}
COMMAND: GET /session/e98a8c3f8e564d5dffeeff8b737fde72/screenshot - {}
RESULT: {}
COMMAND: GET /session/e98a8c3f8e564d5dffeeff8b737fde72/screenshot - {}
COMMAND: POST /session/e98a8c3f8e564d5dffeeff8b737fde72/element - {"using":"xpath","value":"//input[@id=\"application-manageresources-display-component---newResourceUnit--idRuTSAdmin-application-manageresources-display-component---newResourceUnit--RUTimeSegment-0-inner\"]"}
RESULT: {}
RESULT: {}
RESULT: {"using":"xpath","value":"//input[@id=\"application-manageresources-display-component---newResourceUnit--idRuTSAdmin-application-manageresources-display-component---newResourceUnit--RUTimeSegment-0-inner\"]"}
COMMAND: POST /session/e98a8c3f8e564d5dffeeff8b737fde72/element/f.442E653FBE801B9469C6A395343E122D.d.85FE77A3CB3F1B1A24D67E385B4D86F8.e.9307/clear - {}
RESULT: {}
COMMAND: POST /session/e98a8c3f8e564d5dffeeff8b737fde72/element/f.442E653FBE801B9469C6A395343E122D.d.85FE77A3CB3F1B1A24D67E385B4D86F8.e.9307/value - {"text":"WebdriverWHMYard19eyb"}
COMMAND: GET /session/e98a8c3f8e564d5dffeeff8b737fde72/screenshot - {}
RESULT: {"text":"WebdriverWHMYard19eyb"}
COMMAND: GET /session/e98a8c3f8e564d5dffeeff8b737fde72/screenshot - {}
RESULT: {}
RESULT: {}
COMMAND: POST /session/e98a8c3f8e564d5dffeeff8b737fde72/actions - {"actions":[{"id":"action32","type":"key","parameters":{},"actions":[{"type":"keyDown","value":"î€‡"},{"type":"pause","duration":10},{"type":"keyUp","value":"î€‡"}]}]}
RESULT: {"actions":[{"id":"action32","type":"key","parameters":{},"actions":[{"type":"keyDown","value":"î€‡"},{"type":"pause","duration":10},{"type":"keyUp","value":"î€‡"}]}]}
COMMAND: GET /session/e98a8c3f8e564d5dffeeff8b737fde72/screenshot - {}
RESULT: {}
COMMAND: POST /session/e98a8c3f8e564d5dffeeff8b737fde72/execute/async - {"script":"<script> [1562 bytes]","args":[{"selector":{"controlType":"sap.m.Button","viewName":"reusables.view.manageresources.NewResourceUnit","viewId":"application-manageresources-display-component---newResourceUnit","i18NText":{"propertyName":"tooltip","key":"save"},"interaction":{"idSuffix":"BDI-content"}},"wdio_ui5_key":"reusablesview.manageresources.NewResourceUnitsap.m.Button{\"propertyName\":\"tooltip\",\"key\":\"save\"}"}]}
RESULT: {"script":"<script> [1562 bytes]","args":[{"selector":{"controlType":"sap.m.Button","viewName":"reusables.view.manageresources.NewResourceUnit","viewId":"application-manageresources-display-component---newResourceUnit","i18NText":{"propertyName":"tooltip","key":"save"},"interaction":{"idSuffix":"BDI-content"}},"wdio_ui5_key":"reusablesview.manageresources.NewResourceUnitsap.m.Button{\"propertyName\":\"tooltip\",\"key\":\"save\"}"}]}
RESULT: undefined
COMMAND: POST /session/e98a8c3f8e564d5dffeeff8b737fde72/element - {"using":"xpath","value":"//*[@id=\"application-manageresources-display-component---newResourceUnit--createRuButton\"]"}
RESULT: {"using":"xpath","value":"//*[@id=\"application-manageresources-display-component---newResourceUnit--createRuButton\"]"}
COMMAND: POST /session/e98a8c3f8e564d5dffeeff8b737fde72/element/f.442E653FBE801B9469C6A395343E122D.d.85FE77A3CB3F1B1A24D67E385B4D86F8.e.9231/click - {}
RESULT: {}
COMMAND: GET /session/e98a8c3f8e564d5dffeeff8b737fde72/screenshot - {}
RESULT: {}
COMMAND: POST /session/e98a8c3f8e564d5dffeeff8b737fde72/execute/async - {"script":"<script> [1562 bytes]","args":[{"selector":{"controlType":"sap.m.Title","properties":{"text":"Success"},"searchOpenDialogs":true},"wdio_ui5_key":"sapm.Title{\"text\":\"Success\"}"}]}
RESULT: {"script":"<script> [1562 bytes]","args":[{"selector":{"controlType":"sap.m.Title","properties":{"text":"Success"},"searchOpenDialogs":true},"wdio_ui5_key":"sapm.Title{\"text\":\"Success\"}"}]}
RESULT: undefined
COMMAND: POST /session/e98a8c3f8e564d5dffeeff8b737fde72/execute/async - {"script":"<script> [6424 bytes]","args":[{"element-6066-11e4-a52e-4f735466cecf":"f.442E653FBE801B9469C6A395343E122D.d.85FE77A3CB3F1B1A24D67E385B4D86F8.e.9323"},"getText",[]]}
RESULT: {"script":"<script> [6424 bytes]","args":[{"element-6066-11e4-a52e-4f735466cecf":"f.442E653FBE801B9469C6A395343E122D.d.85FE77A3CB3F1B1A24D67E385B4D86F8.e.9323"},"getText",[]]}
COMMAND: POST /session/e98a8c3f8e564d5dffeeff8b737fde72/element - {"using":"xpath","value":"//*[contains(@id, '__text') and (contains(text(), 'successfully created') or contains(., 'successfully created'))]"}
RESULT: {"using":"xpath","value":"//*[contains(@id, '__text') and (contains(text(), 'successfully created') or contains(., 'successfully created'))]"}
COMMAND: GET /session/e98a8c3f8e564d5dffeeff8b737fde72/element/f.442E653FBE801B9469C6A395343E122D.d.85FE77A3CB3F1B1A24D67E385B4D86F8.e.9321/text - {}
RESULT: {}
COMMAND: POST /session/e98a8c3f8e564d5dffeeff8b737fde72/execute/async - {"script":"<script> [1562 bytes]","args":[{"selector":{"controlType":"sap.m.Button","properties":{"text":"Close"},"searchOpenDialogs":true,"interaction":{"idSuffix":"BDI-content"}},"wdio_ui5_key":"sapm.Button{\"text\":\"Close\"}"}]}
RESULT: {"script":"<script> [1562 bytes]","args":[{"selector":{"controlType":"sap.m.Button","properties":{"text":"Close"},"searchOpenDialogs":true,"interaction":{"idSuffix":"BDI-content"}},"wdio_ui5_key":"sapm.Button{\"text\":\"Close\"}"}]}
RESULT: undefined
COMMAND: POST /session/e98a8c3f8e564d5dffeeff8b737fde72/element - {"using":"xpath","value":"//*[@id=\"__mbox-btn-0\"]"}
RESULT: {"using":"xpath","value":"//*[@id=\"__mbox-btn-0\"]"}
COMMAND: POST /session/e98a8c3f8e564d5dffeeff8b737fde72/element/f.442E653FBE801B9469C6A395343E122D.d.85FE77A3CB3F1B1A24D67E385B4D86F8.e.9319/click - {}
RESULT: {}
COMMAND: GET /session/e98a8c3f8e564d5dffeeff8b737fde72/screenshot - {}
RESULT: {}
COMMAND: POST /session/e98a8c3f8e564d5dffeeff8b737fde72/execute/async - {"script":"<script> [1562 bytes]","args":[{"selector":{"controlType":"sap.ui.core.Icon","viewName":"etm.portal.ui.manageresources.view.Detail","viewId":"application-manageresources-display-component---detailRU","properties":{"src":{"regex":{"source":"overflow"}}}},"wdio_ui5_key":"etmportal.ui.manageresources.view.Detailsap.ui.core.Icon{\"src\":{\"regex\":{\"source\":\"overflow\"}}}"}]}
RESULT: {"script":"<script> [1562 bytes]","args":[{"selector":{"controlType":"sap.ui.core.Icon","viewName":"etm.portal.ui.manageresources.view.Detail","viewId":"application-manageresources-display-component---detailRU","properties":{"src":{"regex":{"source":"overflow"}}}},"wdio_ui5_key":"etmportal.ui.manageresources.view.Detailsap.ui.core.Icon{\"src\":{\"regex\":{\"source\":\"overflow\"}}}"}]}
RESULT: undefined
COMMAND: POST /session/e98a8c3f8e564d5dffeeff8b737fde72/element - {"using":"xpath","value":"//*[@id=\"__title18-_actionsToolbar-overflowButton-img\"]"}
RESULT: {"using":"xpath","value":"//*[@id=\"__title18-_actionsToolbar-overflowButton-img\"]"}
COMMAND: POST /session/e98a8c3f8e564d5dffeeff8b737fde72/element/f.442E653FBE801B9469C6A395343E122D.d.85FE77A3CB3F1B1A24D67E385B4D86F8.e.9353/click - {}
RESULT: {}
COMMAND: POST /session/e98a8c3f8e564d5dffeeff8b737fde72/execute/async - {"script":"<script> [1562 bytes]","args":[{"selector":{"controlType":"sap.m.Button","viewName":"etm.portal.ui.manageresources.view.Detail","viewId":"application-manageresources-display-component---detailRU","i18NText":{"propertyName":"tooltip","key":"closeColumn"},"searchOpenDialogs":true,"interaction":{"idSuffix":"inner"}},"wdio_ui5_key":"etmportal.ui.manageresources.view.Detailsap.m.Button{\"propertyName\":\"tooltip\",\"key\":\"closeColumn\"}"}]}
COMMAND: GET /session/e98a8c3f8e564d5dffeeff8b737fde72/screenshot - {}
RESULT: {"script":"<script> [1562 bytes]","args":[{"selector":{"controlType":"sap.m.Button","viewName":"etm.portal.ui.manageresources.view.Detail","viewId":"application-manageresources-display-component---detailRU","i18NText":{"propertyName":"tooltip","key":"closeColumn"},"searchOpenDialogs":true,"interaction":{"idSuffix":"inner"}},"wdio_ui5_key":"etmportal.ui.manageresources.view.Detailsap.m.Button{\"propertyName\":\"tooltip\",\"key\":\"closeColumn\"}"}]}
RESULT: undefined
COMMAND: POST /session/e98a8c3f8e564d5dffeeff8b737fde72/element - {"using":"xpath","value":"//*[@id=\"__button47\"]"}
RESULT: {}
RESULT: {"using":"xpath","value":"//*[@id=\"__button47\"]"}
COMMAND: POST /session/e98a8c3f8e564d5dffeeff8b737fde72/element/f.442E653FBE801B9469C6A395343E122D.d.85FE77A3CB3F1B1A24D67E385B4D86F8.e.9355/click - {}
RESULT: {}
COMMAND: GET /session/e98a8c3f8e564d5dffeeff8b737fde72/screenshot - {}
RESULT: {}
COMMAND: POST /session/e98a8c3f8e564d5dffeeff8b737fde72/refresh - {}
RESULT: {}
COMMAND: GET /session/e98a8c3f8e564d5dffeeff8b737fde72/screenshot - {}
RESULT: {}
COMMAND: POST /session/e98a8c3f8e564d5dffeeff8b737fde72/execute/async - {"script":"<script> [189 bytes]","args":[]}
RESULT: {"script":"<script> [189 bytes]","args":[]}
COMMAND: POST /session/e98a8c3f8e564d5dffeeff8b737fde72/execute/async - {"script":"<script> [123 bytes]","args":[]}
RESULT: {"script":"<script> [123 bytes]","args":[]}
COMMAND: POST /session/e98a8c3f8e564d5dffeeff8b737fde72/timeouts - {"script":"<number>"}
RESULT: {"script":"<number>"}
COMMAND: GET /session/e98a8c3f8e564d5dffeeff8b737fde72/timeouts - {}
RESULT: {}
RESULT: undefined
COMMAND: POST /session/e98a8c3f8e564d5dffeeff8b737fde72/execute/async - {"script":"<script> [2676 bytes]","args":[]}
RESULT: {"script":"<script> [2676 bytes]","args":[]}
COMMAND: POST /session/e98a8c3f8e564d5dffeeff8b737fde72/execute/async - {"script":"<script> [2342 bytes]","args":[{"protocol":"http","hostname":"0.0.0.0","path":"/","capabilities":{"browserName":"chrome","goog:chromeOptions":{"binary":"C:\\Program Files\\Google\\Chrome\\Application\\chrome.exe","args":["--start-maximized"]}},"logLevel":"warn","connectionRetryTimeout":120000,"connectionRetryCount":3,"logLevels":{},"enableDirectConnect":true,"strictSSL":true,"_":"65 more keys: [\"cacheDir\",\"port\",\"requestedCapabilities\",\"automationProtocol\",\"baseUrl\",\"waitforInterval\",\"waitforTimeout\",\"onReload\",\"beforeCommand\",\"afterCommand\",\"rootDir\",\"specs\",\"suites\",\"exclude\",\"groupLogsByTestSpec\",\"excludeDriverLogs\",\"bail\",\"framework\",\"reporters\",\"services\",\"maxInstances\",\"maxInstancesPerCapability\",\"injectGlobals\",\"filesToWatch\",\"execArgv\",\"runnerEnv\",\"runner\",\"shard\",\"specFileRetries\",\"specFileRetriesDelay\",\"specFileRetriesDeferred\",\"reporterSyncInterval\",\"reporterSyncTimeout\",\"cucumberFeaturesWithLineNumbers\",\"autoCompileOpts\",\"mochaOpts\",\"jasmineOpts\",\"cucumberOpts\",\"onPrepare\",\"onWorkerStart\",\"onWorkerEnd\",\"before\",\"beforeSession\",\"beforeSuite\",\"beforeHook\",\"beforeTest\",\"afterTest\",\"afterHook\",\"afterSuite\",\"afterSession\",\"after\",\"onComplete\",\"beforeAssertion\",\"afterAssertion\",\"beforeFeature\",\"beforeScenario\",\"beforeStep\",\"afterStep\",\"afterScenario\",\"afterFeature\",\"_\",\"suite\",\"$0\",\"ignoredWorkerServices\",\"wdi5\"]"}]}
RESULT: {"script":"<script> [2342 bytes]","args":[{"protocol":"http","hostname":"0.0.0.0","path":"/","capabilities":{"browserName":"chrome","goog:chromeOptions":{"binary":"C:\\Program Files\\Google\\Chrome\\Application\\chrome.exe","args":["--start-maximized"]}},"logLevel":"warn","connectionRetryTimeout":120000,"connectionRetryCount":3,"logLevels":{},"enableDirectConnect":true,"strictSSL":true,"_":"65 more keys: [\"cacheDir\",\"port\",\"requestedCapabilities\",\"automationProtocol\",\"baseUrl\",\"waitforInterval\",\"waitforTimeout\",\"onReload\",\"beforeCommand\",\"afterCommand\",\"rootDir\",\"specs\",\"suites\",\"exclude\",\"groupLogsByTestSpec\",\"excludeDriverLogs\",\"bail\",\"framework\",\"reporters\",\"services\",\"maxInstances\",\"maxInstancesPerCapability\",\"injectGlobals\",\"filesToWatch\",\"execArgv\",\"runnerEnv\",\"runner\",\"shard\",\"specFileRetries\",\"specFileRetriesDelay\",\"specFileRetriesDeferred\",\"reporterSyncInterval\",\"reporterSyncTimeout\",\"cucumberFeaturesWithLineNumbers\",\"autoCompileOpts\",\"mochaOpts\",\"jasmineOpts\",\"cucumberOpts\",\"onPrepare\",\"onWorkerStart\",\"onWorkerEnd\",\"before\",\"beforeSession\",\"beforeSuite\",\"beforeHook\",\"beforeTest\",\"afterTest\",\"afterHook\",\"afterSuite\",\"afterSession\",\"after\",\"onComplete\",\"beforeAssertion\",\"afterAssertion\",\"beforeFeature\",\"beforeScenario\",\"beforeStep\",\"afterStep\",\"afterScenario\",\"afterFeature\",\"_\",\"suite\",\"$0\",\"ignoredWorkerServices\",\"wdi5\"]"}]}
COMMAND: POST /session/e98a8c3f8e564d5dffeeff8b737fde72/execute/async - {"script":"<script> [21126 bytes]","args":[35000]}
RESULT: {"script":"<script> [21126 bytes]","args":[35000]}
COMMAND: POST /session/e98a8c3f8e564d5dffeeff8b737fde72/element - {"using":"css selector","value":"#shell-header-logo"}
RESULT: {"using":"css selector","value":"#shell-header-logo"}
COMMAND: POST /session/e98a8c3f8e564d5dffeeff8b737fde72/element/f.442E653FBE801B9469C6A395343E122D.d.34FE5B0DB10E62EF57DA6B370D9337BC.e.9417/click - {}
RESULT: {}
COMMAND: GET /session/e98a8c3f8e564d5dffeeff8b737fde72/screenshot - {}
RESULT: {}
COMMAND: POST /session/e98a8c3f8e564d5dffeeff8b737fde72/element - {"using":"css selector","value":"#shell-header-logo"}
RESULT: {"using":"css selector","value":"#shell-header-logo"}
COMMAND: POST /session/e98a8c3f8e564d5dffeeff8b737fde72/element/f.442E653FBE801B9469C6A395343E122D.d.34FE5B0DB10E62EF57DA6B370D9337BC.e.9603/click - {}
RESULT: {}
COMMAND: GET /session/e98a8c3f8e564d5dffeeff8b737fde72/screenshot - {}
]]></system-out>
    </testcase>
    <testcase classname="chrome.135_0_7049_115.windows.Warehouse_movements_inventory_test" name="Should do a stock increase handover" time="82.223">
      <system-out><![CDATA[
COMMAND: POST /session/e98a8c3f8e564d5dffeeff8b737fde72/execute/async - {"script":"<script> [1562 bytes]","args":[{"selector":{"controlType":"sap.m.Text","viewName":"etm.portal.ui.managehandoverstile.view.Master","properties":{"text":"Manage Handovers"},"interaction":{"idSuffix":"inner"}},"wdio_ui5_key":"etmportal.ui.managehandoverstile.view.Mastersap.m.Text{\"text\":\"Manage Handovers\"}"}]}
RESULT: {}
RESULT: {"script":"<script> [1562 bytes]","args":[{"selector":{"controlType":"sap.m.Text","viewName":"etm.portal.ui.managehandoverstile.view.Master","properties":{"text":"Manage Handovers"},"interaction":{"idSuffix":"inner"}},"wdio_ui5_key":"etmportal.ui.managehandoverstile.view.Mastersap.m.Text{\"text\":\"Manage Handovers\"}"}]}
RESULT: undefined
COMMAND: POST /session/e98a8c3f8e564d5dffeeff8b737fde72/element - {"using":"xpath","value":"//*[@id=\"__tile133-title\"]"}
RESULT: {"using":"xpath","value":"//*[@id=\"__tile133-title\"]"}
COMMAND: POST /session/e98a8c3f8e564d5dffeeff8b737fde72/element/f.442E653FBE801B9469C6A395343E122D.d.34FE5B0DB10E62EF57DA6B370D9337BC.e.9605/click - {}
RESULT: {}
COMMAND: GET /session/e98a8c3f8e564d5dffeeff8b737fde72/screenshot - {}
RESULT: {}
COMMAND: POST /session/e98a8c3f8e564d5dffeeff8b737fde72/element - {"using":"xpath","value":"//button[(@data-kt = 'masterHOAddButton')]"}
RESULT: {"using":"xpath","value":"//button[(@data-kt = 'masterHOAddButton')]"}
COMMAND: POST /session/e98a8c3f8e564d5dffeeff8b737fde72/element/f.442E653FBE801B9469C6A395343E122D.d.34FE5B0DB10E62EF57DA6B370D9337BC.e.9636/click - {}
RESULT: {}
COMMAND: GET /session/e98a8c3f8e564d5dffeeff8b737fde72/screenshot - {}
RESULT: {}
COMMAND: POST /session/e98a8c3f8e564d5dffeeff8b737fde72/element - {"using":"xpath","value":"//span[contains(@id ,\"AddNewHO--typeSelect-arrow\")]"}
RESULT: {"using":"xpath","value":"//span[contains(@id ,\"AddNewHO--typeSelect-arrow\")]"}
COMMAND: POST /session/e98a8c3f8e564d5dffeeff8b737fde72/element/f.442E653FBE801B9469C6A395343E122D.d.34FE5B0DB10E62EF57DA6B370D9337BC.e.9942/click - {}
RESULT: {}
COMMAND: POST /session/e98a8c3f8e564d5dffeeff8b737fde72/element - {"using":"xpath","value":"(//li[contains(text(), \"stock increase yard\")])[1]"}
COMMAND: GET /session/e98a8c3f8e564d5dffeeff8b737fde72/screenshot - {}
RESULT: {"using":"xpath","value":"(//li[contains(text(), \"stock increase yard\")])[1]"}
COMMAND: POST /session/e98a8c3f8e564d5dffeeff8b737fde72/element/f.442E653FBE801B9469C6A395343E122D.d.34FE5B0DB10E62EF57DA6B370D9337BC.e.9943/click - {}
RESULT: {}
RESULT: {}
COMMAND: GET /session/e98a8c3f8e564d5dffeeff8b737fde72/screenshot - {}
RESULT: {}
COMMAND: POST /session/e98a8c3f8e564d5dffeeff8b737fde72/execute/async - {"script":"<script> [1562 bytes]","args":[{"selector":{"id":"application-managehandovers-display-component---AddNewHO--dueDate","interaction":{"idSuffix":"inner"}},"wdio_ui5_key":"applicationmanagehandovers-display-component---AddNewHO--dueDate"}]}
RESULT: {"script":"<script> [1562 bytes]","args":[{"selector":{"id":"application-managehandovers-display-component---AddNewHO--dueDate","interaction":{"idSuffix":"inner"}},"wdio_ui5_key":"applicationmanagehandovers-display-component---AddNewHO--dueDate"}]}
RESULT: undefined
COMMAND: POST /session/e98a8c3f8e564d5dffeeff8b737fde72/execute/async - {"script":"<script> [6424 bytes]","args":[{"element-6066-11e4-a52e-4f735466cecf":"f.442E653FBE801B9469C6A395343E122D.d.34FE5B0DB10E62EF57DA6B370D9337BC.e.9947"},"setValue",["05/05/2025"]]}
RESULT: {"script":"<script> [6424 bytes]","args":[{"element-6066-11e4-a52e-4f735466cecf":"f.442E653FBE801B9469C6A395343E122D.d.34FE5B0DB10E62EF57DA6B370D9337BC.e.9947"},"setValue",["05/05/2025"]]}
COMMAND: POST /session/e98a8c3f8e564d5dffeeff8b737fde72/element - {"using":"xpath","value":"//input[@id=\"generalSectionFrg--receiveYard-inner\"]"}
RESULT: {"using":"xpath","value":"//input[@id=\"generalSectionFrg--receiveYard-inner\"]"}
COMMAND: POST /session/e98a8c3f8e564d5dffeeff8b737fde72/element/f.442E653FBE801B9469C6A395343E122D.d.34FE5B0DB10E62EF57DA6B370D9337BC.e.9953/clear - {}
RESULT: {}
COMMAND: POST /session/e98a8c3f8e564d5dffeeff8b737fde72/element/f.442E653FBE801B9469C6A395343E122D.d.34FE5B0DB10E62EF57DA6B370D9337BC.e.9953/value - {"text":"WebdriverWHMYard19eyb"}
COMMAND: GET /session/e98a8c3f8e564d5dffeeff8b737fde72/screenshot - {}
RESULT: {"text":"WebdriverWHMYard19eyb"}
COMMAND: GET /session/e98a8c3f8e564d5dffeeff8b737fde72/screenshot - {}
RESULT: {}
RESULT: {}
COMMAND: POST /session/e98a8c3f8e564d5dffeeff8b737fde72/execute/async - {"script":"<script> [1562 bytes]","args":[{"selector":{"id":"application-managehandovers-display-component---AddNewHO--ObjectPageLayout-anchBar-application-managehandovers-display-component---AddNewHO--section4-anchor","interaction":{"idSuffix":"BDI-content"}},"wdio_ui5_key":"applicationmanagehandovers-display-component---AddNewHO--ObjectPageLayout-anchBar-application-managehandovers-display-component---AddNewHO--section4-anchor"}]}
RESULT: {"script":"<script> [1562 bytes]","args":[{"selector":{"id":"application-managehandovers-display-component---AddNewHO--ObjectPageLayout-anchBar-application-managehandovers-display-component---AddNewHO--section4-anchor","interaction":{"idSuffix":"BDI-content"}},"wdio_ui5_key":"applicationmanagehandovers-display-component---AddNewHO--ObjectPageLayout-anchBar-application-managehandovers-display-component---AddNewHO--section4-anchor"}]}
RESULT: undefined
COMMAND: POST /session/e98a8c3f8e564d5dffeeff8b737fde72/element - {"using":"xpath","value":"//*[@id=\"application-managehandovers-display-component---AddNewHO--ObjectPageLayout-anchBar-application-managehandovers-display-component---AddNewHO--section4-anchor\"]"}
RESULT: {"using":"xpath","value":"//*[@id=\"application-managehandovers-display-component---AddNewHO--ObjectPageLayout-anchBar-application-managehandovers-display-component---AddNewHO--section4-anchor\"]"}
COMMAND: POST /session/e98a8c3f8e564d5dffeeff8b737fde72/element/f.442E653FBE801B9469C6A395343E122D.d.34FE5B0DB10E62EF57DA6B370D9337BC.e.9969/click - {}
RESULT: {}
COMMAND: GET /session/e98a8c3f8e564d5dffeeff8b737fde72/screenshot - {}
RESULT: {}
COMMAND: POST /session/e98a8c3f8e564d5dffeeff8b737fde72/element - {"using":"xpath","value":"//button[@aria-label=\"Add\"]"}
RESULT: {"using":"xpath","value":"//button[@aria-label=\"Add\"]"}
COMMAND: POST /session/e98a8c3f8e564d5dffeeff8b737fde72/element/f.442E653FBE801B9469C6A395343E122D.d.34FE5B0DB10E62EF57DA6B370D9337BC.e.9973/click - {}
RESULT: {}
COMMAND: GET /session/e98a8c3f8e564d5dffeeff8b737fde72/screenshot - {}
RESULT: {}
COMMAND: POST /session/e98a8c3f8e564d5dffeeff8b737fde72/execute/async - {"script":"<script> [1562 bytes]","args":[{"selector":{"id":"application-managehandovers-display-component---AddNewHO--smartFilterBar-btnBasicSearch","searchOpenDialogs":true,"interaction":{"idSuffix":"I"}},"wdio_ui5_key":"applicationmanagehandovers-display-component---AddNewHO--smartFilterBar-btnBasicSearch"}]}
RESULT: {"script":"<script> [1562 bytes]","args":[{"selector":{"id":"application-managehandovers-display-component---AddNewHO--smartFilterBar-btnBasicSearch","searchOpenDialogs":true,"interaction":{"idSuffix":"I"}},"wdio_ui5_key":"applicationmanagehandovers-display-component---AddNewHO--smartFilterBar-btnBasicSearch"}]}
RESULT: undefined
COMMAND: POST /session/e98a8c3f8e564d5dffeeff8b737fde72/execute/async - {"script":"<script> [776 bytes]","args":[{"enterText":"WebdriverRUR2Ccxvhq","selector":{"id":"application-managehandovers-display-component---AddNewHO--smartFilterBar-btnBasicSearch","searchOpenDialogs":true,"interaction":{"idSuffix":"I"}},"clearTextFirst":true,"interactionType":"ENTER_TEXT"}]}
RESULT: {"script":"<script> [776 bytes]","args":[{"enterText":"WebdriverRUR2Ccxvhq","selector":{"id":"application-managehandovers-display-component---AddNewHO--smartFilterBar-btnBasicSearch","searchOpenDialogs":true,"interaction":{"idSuffix":"I"}},"clearTextFirst":true,"interactionType":"ENTER_TEXT"}]}
COMMAND: POST /session/e98a8c3f8e564d5dffeeff8b737fde72/actions - {"actions":[{"id":"action33","type":"key","parameters":{},"actions":[{"type":"keyDown","value":"î€‡"},{"type":"pause","duration":10},{"type":"keyUp","value":"î€‡"}]}]}
RESULT: {"actions":[{"id":"action33","type":"key","parameters":{},"actions":[{"type":"keyDown","value":"î€‡"},{"type":"pause","duration":10},{"type":"keyUp","value":"î€‡"}]}]}
COMMAND: POST /session/e98a8c3f8e564d5dffeeff8b737fde72/execute/async - {"script":"<script> [1562 bytes]","args":[{"selector":{"id":"application-managehandovers-display-component---AddNewHO--popup-sa","searchOpenDialogs":true,"interaction":{"idSuffix":"CbBg"}},"wdio_ui5_key":"applicationmanagehandovers-display-component---AddNewHO--popup-sa"}]}
COMMAND: GET /session/e98a8c3f8e564d5dffeeff8b737fde72/screenshot - {}
RESULT: {"script":"<script> [1562 bytes]","args":[{"selector":{"id":"application-managehandovers-display-component---AddNewHO--popup-sa","searchOpenDialogs":true,"interaction":{"idSuffix":"CbBg"}},"wdio_ui5_key":"applicationmanagehandovers-display-component---AddNewHO--popup-sa"}]}
RESULT: undefined
COMMAND: POST /session/e98a8c3f8e564d5dffeeff8b737fde72/element - {"using":"xpath","value":"//*[@id=\"application-managehandovers-display-component---AddNewHO--popup-sa\"]"}
RESULT: {}
RESULT: {"using":"xpath","value":"//*[@id=\"application-managehandovers-display-component---AddNewHO--popup-sa\"]"}
COMMAND: POST /session/e98a8c3f8e564d5dffeeff8b737fde72/element/f.442E653FBE801B9469C6A395343E122D.d.34FE5B0DB10E62EF57DA6B370D9337BC.e.10125/click - {}
RESULT: {}
COMMAND: GET /session/e98a8c3f8e564d5dffeeff8b737fde72/screenshot - {}
RESULT: {}
COMMAND: POST /session/e98a8c3f8e564d5dffeeff8b737fde72/element - {"using":"xpath","value":"//bdi[contains(text(), \"Select\")]"}
RESULT: {"using":"xpath","value":"//bdi[contains(text(), \"Select\")]"}
COMMAND: POST /session/e98a8c3f8e564d5dffeeff8b737fde72/element/f.442E653FBE801B9469C6A395343E122D.d.34FE5B0DB10E62EF57DA6B370D9337BC.e.10126/click - {}
RESULT: {}
COMMAND: GET /session/e98a8c3f8e564d5dffeeff8b737fde72/screenshot - {}
RESULT: {}
COMMAND: POST /session/e98a8c3f8e564d5dffeeff8b737fde72/element - {"using":"xpath","value":"//button[@data-kt=\"AddNewHOSaveButton\"]"}
RESULT: {"using":"xpath","value":"//button[@data-kt=\"AddNewHOSaveButton\"]"}
COMMAND: POST /session/e98a8c3f8e564d5dffeeff8b737fde72/element/f.442E653FBE801B9469C6A395343E122D.d.34FE5B0DB10E62EF57DA6B370D9337BC.e.10130/click - {}
RESULT: {}
COMMAND: GET /session/e98a8c3f8e564d5dffeeff8b737fde72/screenshot - {}
RESULT: {}
COMMAND: POST /session/e98a8c3f8e564d5dffeeff8b737fde72/execute/async - {"script":"<script> [1562 bytes]","args":[{"selector":{"id":"receiptDatePicker","viewName":"etm.portal.ui.managehandovers.view.DetailExecuteHO","interaction":{"idSuffix":"inner"}},"wdio_ui5_key":"receiptDatePickeretmportal.ui.managehandovers.view.DetailExecuteHO"}]}
RESULT: {"script":"<script> [1562 bytes]","args":[{"selector":{"id":"receiptDatePicker","viewName":"etm.portal.ui.managehandovers.view.DetailExecuteHO","interaction":{"idSuffix":"inner"}},"wdio_ui5_key":"receiptDatePickeretmportal.ui.managehandovers.view.DetailExecuteHO"}]}
RESULT: undefined
COMMAND: POST /session/e98a8c3f8e564d5dffeeff8b737fde72/execute/async - {"script":"<script> [6424 bytes]","args":[{"element-6066-11e4-a52e-4f735466cecf":"f.442E653FBE801B9469C6A395343E122D.d.34FE5B0DB10E62EF57DA6B370D9337BC.e.10158"},"setValue",["05/05/2025"]]}
RESULT: {"script":"<script> [6424 bytes]","args":[{"element-6066-11e4-a52e-4f735466cecf":"f.442E653FBE801B9469C6A395343E122D.d.34FE5B0DB10E62EF57DA6B370D9337BC.e.10158"},"setValue",["05/05/2025"]]}
COMMAND: POST /session/e98a8c3f8e564d5dffeeff8b737fde72/element - {"using":"xpath","value":"//button[@data-kt=\"PickingTableConfirmAllButton\"]"}
RESULT: {"using":"xpath","value":"//button[@data-kt=\"PickingTableConfirmAllButton\"]"}
COMMAND: POST /session/e98a8c3f8e564d5dffeeff8b737fde72/element/f.442E653FBE801B9469C6A395343E122D.d.34FE5B0DB10E62EF57DA6B370D9337BC.e.10177/click - {}
RESULT: {}
COMMAND: GET /session/e98a8c3f8e564d5dffeeff8b737fde72/screenshot - {}
RESULT: {}
COMMAND: POST /session/e98a8c3f8e564d5dffeeff8b737fde72/element - {"using":"xpath","value":"//bdi[contains(text(), \"OK\")]"}
RESULT: {"using":"xpath","value":"//bdi[contains(text(), \"OK\")]"}
COMMAND: POST /session/e98a8c3f8e564d5dffeeff8b737fde72/element/f.442E653FBE801B9469C6A395343E122D.d.34FE5B0DB10E62EF57DA6B370D9337BC.e.10179/click - {}
RESULT: {}
COMMAND: GET /session/e98a8c3f8e564d5dffeeff8b737fde72/screenshot - {}
RESULT: {}
COMMAND: POST /session/e98a8c3f8e564d5dffeeff8b737fde72/element - {"using":"xpath","value":"(//bdi[contains(text(), \"Receive\")])[2]"}
RESULT: {"using":"xpath","value":"(//bdi[contains(text(), \"Receive\")])[2]"}
COMMAND: POST /session/e98a8c3f8e564d5dffeeff8b737fde72/element/f.442E653FBE801B9469C6A395343E122D.d.34FE5B0DB10E62EF57DA6B370D9337BC.e.10181/click - {}
RESULT: {}
COMMAND: GET /session/e98a8c3f8e564d5dffeeff8b737fde72/screenshot - {}
RESULT: {}
COMMAND: POST /session/e98a8c3f8e564d5dffeeff8b737fde72/element - {"using":"css selector","value":"#shell-header-logo"}
RESULT: {"using":"css selector","value":"#shell-header-logo"}
COMMAND: POST /session/e98a8c3f8e564d5dffeeff8b737fde72/element/f.442E653FBE801B9469C6A395343E122D.d.34FE5B0DB10E62EF57DA6B370D9337BC.e.9603/click - {}
RESULT: {}
COMMAND: GET /session/e98a8c3f8e564d5dffeeff8b737fde72/screenshot - {}
RESULT: {}
]]></system-out>
    </testcase>
    <testcase classname="chrome.135_0_7049_115.windows.Warehouse_movements_inventory_test" name="Verify the warehouse movement" time="52.139">
      <system-out><![CDATA[
COMMAND: POST /session/e98a8c3f8e564d5dffeeff8b737fde72/execute/async - {"script":"<script> [1562 bytes]","args":[{"selector":{"controlType":"sap.m.GenericTile","properties":{"header":"Manage Warehouse Movements"}},"wdio_ui5_key":"sapm.GenericTile{\"header\":\"Manage Warehouse Movements\"}"}]}
RESULT: {"script":"<script> [1562 bytes]","args":[{"selector":{"controlType":"sap.m.GenericTile","properties":{"header":"Manage Warehouse Movements"}},"wdio_ui5_key":"sapm.GenericTile{\"header\":\"Manage Warehouse Movements\"}"}]}
RESULT: undefined
COMMAND: POST /session/e98a8c3f8e564d5dffeeff8b737fde72/element - {"using":"xpath","value":"//*[@id=\"__tile105\"]"}
RESULT: {"using":"xpath","value":"//*[@id=\"__tile105\"]"}
COMMAND: POST /session/e98a8c3f8e564d5dffeeff8b737fde72/element/f.442E653FBE801B9469C6A395343E122D.d.34FE5B0DB10E62EF57DA6B370D9337BC.e.10331/click - {}
RESULT: {}
COMMAND: GET /session/e98a8c3f8e564d5dffeeff8b737fde72/screenshot - {}
RESULT: {}
COMMAND: POST /session/e98a8c3f8e564d5dffeeff8b737fde72/execute/async - {"script":"<script> [1562 bytes]","args":[{"selector":{"id":"application-warehousemovements-display-component---warehouseMovements--smartFilterBar-filterItemControl_BASIC-YARD-vhi"},"wdio_ui5_key":"applicationwarehousemovements-display-component---warehouseMovements--smartFilterBar-filterItemControl_BASIC-YARD-vhi"}]}
RESULT: {"script":"<script> [1562 bytes]","args":[{"selector":{"id":"application-warehousemovements-display-component---warehouseMovements--smartFilterBar-filterItemControl_BASIC-YARD-vhi"},"wdio_ui5_key":"applicationwarehousemovements-display-component---warehouseMovements--smartFilterBar-filterItemControl_BASIC-YARD-vhi"}]}
RESULT: undefined
COMMAND: POST /session/e98a8c3f8e564d5dffeeff8b737fde72/element - {"using":"xpath","value":"//*[@id=\"application-warehousemovements-display-component---warehouseMovements--smartFilterBar-filterItemControl_BASIC-YARD-vhi\"]"}
RESULT: {"using":"xpath","value":"//*[@id=\"application-warehousemovements-display-component---warehouseMovements--smartFilterBar-filterItemControl_BASIC-YARD-vhi\"]"}
COMMAND: POST /session/e98a8c3f8e564d5dffeeff8b737fde72/element/f.442E653FBE801B9469C6A395343E122D.d.34FE5B0DB10E62EF57DA6B370D9337BC.e.10418/click - {}
RESULT: {}
COMMAND: GET /session/e98a8c3f8e564d5dffeeff8b737fde72/screenshot - {}
RESULT: {}
COMMAND: POST /session/e98a8c3f8e564d5dffeeff8b737fde72/execute/async - {"script":"<script> [1562 bytes]","args":[{"selector":{"id":"application-warehousemovements-display-component---warehouseMovements--smartFilterBar-filterItemControl_BASIC-YARD-valueHelpDialog-smartFilterBar-btnBasicSearch","searchOpenDialogs":true,"interaction":{"idSuffix":"I"}},"wdio_ui5_key":"applicationwarehousemovements-display-component---warehouseMovements--smartFilterBar-filterItemControl_BASIC-YARD-valueHelpDialog-smartFilterBar-btnBasicSearch"}]}
RESULT: {"script":"<script> [1562 bytes]","args":[{"selector":{"id":"application-warehousemovements-display-component---warehouseMovements--smartFilterBar-filterItemControl_BASIC-YARD-valueHelpDialog-smartFilterBar-btnBasicSearch","searchOpenDialogs":true,"interaction":{"idSuffix":"I"}},"wdio_ui5_key":"applicationwarehousemovements-display-component---warehouseMovements--smartFilterBar-filterItemControl_BASIC-YARD-valueHelpDialog-smartFilterBar-btnBasicSearch"}]}
RESULT: undefined
COMMAND: POST /session/e98a8c3f8e564d5dffeeff8b737fde72/execute/async - {"script":"<script> [776 bytes]","args":[{"enterText":"WebdriverWHMYard19eyb","selector":{"id":"application-warehousemovements-display-component---warehouseMovements--smartFilterBar-filterItemControl_BASIC-YARD-valueHelpDialog-smartFilterBar-btnBasicSearch","searchOpenDialogs":true,"interaction":{"idSuffix":"I"}},"clearTextFirst":true,"interactionType":"ENTER_TEXT"}]}
RESULT: {"script":"<script> [776 bytes]","args":[{"enterText":"WebdriverWHMYard19eyb","selector":{"id":"application-warehousemovements-display-component---warehouseMovements--smartFilterBar-filterItemControl_BASIC-YARD-valueHelpDialog-smartFilterBar-btnBasicSearch","searchOpenDialogs":true,"interaction":{"idSuffix":"I"}},"clearTextFirst":true,"interactionType":"ENTER_TEXT"}]}
COMMAND: POST /session/e98a8c3f8e564d5dffeeff8b737fde72/actions - {"actions":[{"id":"action34","type":"key","parameters":{},"actions":[{"type":"keyDown","value":"î€‡"},{"type":"pause","duration":10},{"type":"keyUp","value":"î€‡"}]}]}
RESULT: {"actions":[{"id":"action34","type":"key","parameters":{},"actions":[{"type":"keyDown","value":"î€‡"},{"type":"pause","duration":10},{"type":"keyUp","value":"î€‡"}]}]}
COMMAND: GET /session/e98a8c3f8e564d5dffeeff8b737fde72/screenshot - {}
RESULT: {}
COMMAND: POST /session/e98a8c3f8e564d5dffeeff8b737fde72/element - {"using":"xpath","value":"//div[@id='application-warehousemovements-display-component---warehouseMovements--smartFilterBar-filterItemControl_BASIC-YARD-valueHelpDialog-table-rowsel0']"}
RESULT: {"using":"xpath","value":"//div[@id='application-warehousemovements-display-component---warehouseMovements--smartFilterBar-filterItemControl_BASIC-YARD-valueHelpDialog-table-rowsel0']"}
COMMAND: POST /session/e98a8c3f8e564d5dffeeff8b737fde72/element/f.442E653FBE801B9469C6A395343E122D.d.34FE5B0DB10E62EF57DA6B370D9337BC.e.10430/click - {}
RESULT: {}
COMMAND: POST /session/e98a8c3f8e564d5dffeeff8b737fde72/execute/async - {"script":"<script> [1562 bytes]","args":[{"selector":{"id":"application-warehousemovements-display-component---warehouseMovements--smartFilterBar-filterItemControl_BASIC-YARD-valueHelpDialog-ok","searchOpenDialogs":true,"interaction":{"idSuffix":"BDI-content"}},"wdio_ui5_key":"applicationwarehousemovements-display-component---warehouseMovements--smartFilterBar-filterItemControl_BASIC-YARD-valueHelpDialog-ok"}]}
COMMAND: GET /session/e98a8c3f8e564d5dffeeff8b737fde72/screenshot - {}
RESULT: {"script":"<script> [1562 bytes]","args":[{"selector":{"id":"application-warehousemovements-display-component---warehouseMovements--smartFilterBar-filterItemControl_BASIC-YARD-valueHelpDialog-ok","searchOpenDialogs":true,"interaction":{"idSuffix":"BDI-content"}},"wdio_ui5_key":"applicationwarehousemovements-display-component---warehouseMovements--smartFilterBar-filterItemControl_BASIC-YARD-valueHelpDialog-ok"}]}
RESULT: undefined
COMMAND: POST /session/e98a8c3f8e564d5dffeeff8b737fde72/element - {"using":"xpath","value":"//*[@id=\"application-warehousemovements-display-component---warehouseMovements--smartFilterBar-filterItemControl_BASIC-YARD-valueHelpDialog-ok\"]"}
RESULT: {}
RESULT: {"using":"xpath","value":"//*[@id=\"application-warehousemovements-display-component---warehouseMovements--smartFilterBar-filterItemControl_BASIC-YARD-valueHelpDialog-ok\"]"}
COMMAND: POST /session/e98a8c3f8e564d5dffeeff8b737fde72/element/f.442E653FBE801B9469C6A395343E122D.d.34FE5B0DB10E62EF57DA6B370D9337BC.e.10433/click - {}
RESULT: {}
COMMAND: POST /session/e98a8c3f8e564d5dffeeff8b737fde72/execute/async - {"script":"<script> [1562 bytes]","args":[{"selector":{"controlType":"sap.ui.core.Icon","viewName":"etm.portal.ui.warehousemovements.view.MasterMovement","viewId":"application-warehousemovements-display-component---warehouseMovements","properties":{"src":{"regex":{"source":"add"}}}},"wdio_ui5_key":"etmportal.ui.warehousemovements.view.MasterMovementsap.ui.core.Icon{\"src\":{\"regex\":{\"source\":\"add\"}}}"}]}
COMMAND: GET /session/e98a8c3f8e564d5dffeeff8b737fde72/screenshot - {}
RESULT: {"script":"<script> [1562 bytes]","args":[{"selector":{"controlType":"sap.ui.core.Icon","viewName":"etm.portal.ui.warehousemovements.view.MasterMovement","viewId":"application-warehousemovements-display-component---warehouseMovements","properties":{"src":{"regex":{"source":"add"}}}},"wdio_ui5_key":"etmportal.ui.warehousemovements.view.MasterMovementsap.ui.core.Icon{\"src\":{\"regex\":{\"source\":\"add\"}}}"}]}
RESULT: undefined
COMMAND: POST /session/e98a8c3f8e564d5dffeeff8b737fde72/element - {"using":"xpath","value":"//*[@id=\"__button73-img\"]"}
RESULT: {}
RESULT: {"using":"xpath","value":"//*[@id=\"__button73-img\"]"}
COMMAND: POST /session/e98a8c3f8e564d5dffeeff8b737fde72/element/f.442E653FBE801B9469C6A395343E122D.d.34FE5B0DB10E62EF57DA6B370D9337BC.e.10378/click - {}
RESULT: {}
COMMAND: POST /session/e98a8c3f8e564d5dffeeff8b737fde72/element - {"using":"xpath","value":"//input[contains(@id ,\"application-warehousemovements-display-component---addMovement--sectionsList-inner\")]"}
COMMAND: GET /session/e98a8c3f8e564d5dffeeff8b737fde72/screenshot - {}
RESULT: {"using":"xpath","value":"//input[contains(@id ,\"application-warehousemovements-display-component---addMovement--sectionsList-inner\")]"}
COMMAND: POST /session/e98a8c3f8e564d5dffeeff8b737fde72/elements - {"using":"xpath","value":"//input[contains(@id ,\"application-warehousemovements-display-component---addMovement--sectionsList-inner\")]"}
RESULT: {}
RESULT: {"using":"xpath","value":"//input[contains(@id ,\"application-warehousemovements-display-component---addMovement--sectionsList-inner\")]"}
COMMAND: POST /session/e98a8c3f8e564d5dffeeff8b737fde72/element - {"using":"xpath","value":"//input[contains(@id ,\"application-warehousemovements-display-component---addMovement--sectionsList-inner\")]"}
RESULT: {"using":"xpath","value":"//input[contains(@id ,\"application-warehousemovements-display-component---addMovement--sectionsList-inner\")]"}
COMMAND: POST /session/e98a8c3f8e564d5dffeeff8b737fde72/element/f.442E653FBE801B9469C6A395343E122D.d.34FE5B0DB10E62EF57DA6B370D9337BC.e.10498/clear - {}
RESULT: {}
COMMAND: POST /session/e98a8c3f8e564d5dffeeff8b737fde72/element/f.442E653FBE801B9469C6A395343E122D.d.34FE5B0DB10E62EF57DA6B370D9337BC.e.10498/value - {"text":"Seco0w33"}
COMMAND: GET /session/e98a8c3f8e564d5dffeeff8b737fde72/screenshot - {}
RESULT: {"text":"Seco0w33"}
COMMAND: GET /session/e98a8c3f8e564d5dffeeff8b737fde72/screenshot - {}
RESULT: {}
RESULT: {}
COMMAND: POST /session/e98a8c3f8e564d5dffeeff8b737fde72/actions - {"actions":[{"id":"action35","type":"key","parameters":{},"actions":[{"type":"keyDown","value":"î€‡"},{"type":"pause","duration":10},{"type":"keyUp","value":"î€‡"}]}]}
RESULT: {"actions":[{"id":"action35","type":"key","parameters":{},"actions":[{"type":"keyDown","value":"î€‡"},{"type":"pause","duration":10},{"type":"keyUp","value":"î€‡"}]}]}
COMMAND: GET /session/e98a8c3f8e564d5dffeeff8b737fde72/screenshot - {}
RESULT: {}
COMMAND: POST /session/e98a8c3f8e564d5dffeeff8b737fde72/execute/async - {"script":"<script> [1562 bytes]","args":[{"selector":{"id":"application-warehousemovements-display-component---addMovement--addItem-img"},"wdio_ui5_key":"applicationwarehousemovements-display-component---addMovement--addItem-img"}]}
RESULT: {"script":"<script> [1562 bytes]","args":[{"selector":{"id":"application-warehousemovements-display-component---addMovement--addItem-img"},"wdio_ui5_key":"applicationwarehousemovements-display-component---addMovement--addItem-img"}]}
RESULT: undefined
COMMAND: POST /session/e98a8c3f8e564d5dffeeff8b737fde72/element - {"using":"xpath","value":"//*[@id=\"application-warehousemovements-display-component---addMovement--addItem-img\"]"}
RESULT: {"using":"xpath","value":"//*[@id=\"application-warehousemovements-display-component---addMovement--addItem-img\"]"}
COMMAND: POST /session/e98a8c3f8e564d5dffeeff8b737fde72/element/f.442E653FBE801B9469C6A395343E122D.d.34FE5B0DB10E62EF57DA6B370D9337BC.e.10482/click - {}
RESULT: {}
COMMAND: POST /session/e98a8c3f8e564d5dffeeff8b737fde72/execute/async - {"script":"<script> [1562 bytes]","args":[{"selector":{"id":"movementItemsPopUp--invSearch","searchOpenDialogs":true,"interaction":{"idSuffix":"I"}},"wdio_ui5_key":"movementItemsPopUpinvSearch"}]}
COMMAND: GET /session/e98a8c3f8e564d5dffeeff8b737fde72/screenshot - {}
RESULT: {"script":"<script> [1562 bytes]","args":[{"selector":{"id":"movementItemsPopUp--invSearch","searchOpenDialogs":true,"interaction":{"idSuffix":"I"}},"wdio_ui5_key":"movementItemsPopUpinvSearch"}]}
RESULT: undefined
COMMAND: POST /session/e98a8c3f8e564d5dffeeff8b737fde72/execute/async - {"script":"<script> [776 bytes]","args":[{"enterText":"WebdriverRUR2Ccxvhq","selector":{"id":"movementItemsPopUp--invSearch","searchOpenDialogs":true,"interaction":{"idSuffix":"I"}},"clearTextFirst":true,"interactionType":"ENTER_TEXT"}]}
RESULT: {}
RESULT: {"script":"<script> [776 bytes]","args":[{"enterText":"WebdriverRUR2Ccxvhq","selector":{"id":"movementItemsPopUp--invSearch","searchOpenDialogs":true,"interaction":{"idSuffix":"I"}},"clearTextFirst":true,"interactionType":"ENTER_TEXT"}]}
COMMAND: POST /session/e98a8c3f8e564d5dffeeff8b737fde72/execute/async - {"script":"<script> [1562 bytes]","args":[{"selector":{"id":"movementItemsPopUp--movementItemsTable-sa","searchOpenDialogs":true,"interaction":{"idSuffix":"CbBg"}},"wdio_ui5_key":"movementItemsPopUpmovementItemsTable-sa"}]}
RESULT: {"script":"<script> [1562 bytes]","args":[{"selector":{"id":"movementItemsPopUp--movementItemsTable-sa","searchOpenDialogs":true,"interaction":{"idSuffix":"CbBg"}},"wdio_ui5_key":"movementItemsPopUpmovementItemsTable-sa"}]}
RESULT: undefined
COMMAND: POST /session/e98a8c3f8e564d5dffeeff8b737fde72/element - {"using":"xpath","value":"//*[@id=\"movementItemsPopUp--movementItemsTable-sa\"]"}
RESULT: {"using":"xpath","value":"//*[@id=\"movementItemsPopUp--movementItemsTable-sa\"]"}
COMMAND: POST /session/e98a8c3f8e564d5dffeeff8b737fde72/element/f.442E653FBE801B9469C6A395343E122D.d.34FE5B0DB10E62EF57DA6B370D9337BC.e.10574/click - {}
RESULT: {}
COMMAND: POST /session/e98a8c3f8e564d5dffeeff8b737fde72/execute/async - {"script":"<script> [1562 bytes]","args":[{"selector":{"id":"movementItemsPopUp--createBtn","searchOpenDialogs":true,"interaction":{"idSuffix":"BDI-content"}},"wdio_ui5_key":"movementItemsPopUpcreateBtn"}]}
COMMAND: GET /session/e98a8c3f8e564d5dffeeff8b737fde72/screenshot - {}
RESULT: {"script":"<script> [1562 bytes]","args":[{"selector":{"id":"movementItemsPopUp--createBtn","searchOpenDialogs":true,"interaction":{"idSuffix":"BDI-content"}},"wdio_ui5_key":"movementItemsPopUpcreateBtn"}]}
RESULT: undefined
COMMAND: POST /session/e98a8c3f8e564d5dffeeff8b737fde72/element - {"using":"xpath","value":"//*[@id=\"movementItemsPopUp--createBtn\"]"}
RESULT: {}
RESULT: {"using":"xpath","value":"//*[@id=\"movementItemsPopUp--createBtn\"]"}
COMMAND: POST /session/e98a8c3f8e564d5dffeeff8b737fde72/element/f.442E653FBE801B9469C6A395343E122D.d.34FE5B0DB10E62EF57DA6B370D9337BC.e.10576/click - {}
RESULT: {}
COMMAND: GET /session/e98a8c3f8e564d5dffeeff8b737fde72/screenshot - {}
RESULT: {}
COMMAND: DELETE /session/e98a8c3f8e564d5dffeeff8b737fde72 - {}
RESULT: {}
]]></system-out>
    </testcase>
  </testsuite>
</testsuites>