<?xml version="1.0" encoding="UTF-8"?>
<testsuites tests="9" failures="0" errors="0" skipped="0">
  <testsuite timestamp="2025-05-27T16:14:44" time="926.131" tests="4" failures="0" errors="0" skipped="0">
    <properties>
      <property name="specId" value="0"/>
      <property name="suiteName" value="Webshop - Hyperlinks visible and working properly  US139085"/>
      <property name="capabilities" value="chrome.136_0_7103_93.windows"/>
      <property name="file" value="file:///D:/a/1/s/test/specs/R2C/webshop-hyperlinks-yard-site.spec.js"/>
    </properties>
    <testcase classname="chrome.136_0_7103_93.windows.Webshop_-_Hyperlinks_visible_and_working_properly__US139085" name="Should create prerequisites for webshop suite" time="312.842">
      <system-out><![CDATA[
COMMAND: POST /session/9d8ca4f443e10c92ec3d27965efc7b95/execute/async - {"script":"<script> [1562 bytes]","args":[{"selector":{"controlType":"sap.m.GenericTile","properties":{"header":"Manage Yards"}},"wdio_ui5_key":"sapm.GenericTile{\"header\":\"Manage Yards\"}"}]}
RESULT: {"script":"<script> [1562 bytes]","args":[{"selector":{"controlType":"sap.m.GenericTile","properties":{"header":"Manage Yards"}},"wdio_ui5_key":"sapm.GenericTile{\"header\":\"Manage Yards\"}"}]}
RESULT: undefined
COMMAND: POST /session/9d8ca4f443e10c92ec3d27965efc7b95/element - {"using":"xpath","value":"//*[@id=\"__tile41\"]"}
RESULT: {"using":"xpath","value":"//*[@id=\"__tile41\"]"}
COMMAND: POST /session/9d8ca4f443e10c92ec3d27965efc7b95/element/f.B9E415FFB169685FBD41AE9B33AE754C.d.7F52304B9FA0D1670C52336A7FBBA327.e.121/click - {}
RESULT: {}
COMMAND: GET /session/9d8ca4f443e10c92ec3d27965efc7b95/screenshot - {}
RESULT: {}
COMMAND: POST /session/9d8ca4f443e10c92ec3d27965efc7b95/elements - {"using":"xpath","value":"//span[text()='Error']"}
RESULT: {"using":"xpath","value":"//span[text()='Error']"}
COMMAND: POST /session/9d8ca4f443e10c92ec3d27965efc7b95/execute/async - {"script":"<script> [1562 bytes]","args":[{"selector":{"controlType":"sap.ui.core.Icon","viewName":"etm.portal.ui.manageyards.view.Master","viewId":"application-manageyards-display-component---masterYard","properties":{"src":{"regex":{"source":"add"}}}},"wdio_ui5_key":"etmportal.ui.manageyards.view.Mastersap.ui.core.Icon{\"src\":{\"regex\":{\"source\":\"add\"}}}"}]}
RESULT: {"script":"<script> [1562 bytes]","args":[{"selector":{"controlType":"sap.ui.core.Icon","viewName":"etm.portal.ui.manageyards.view.Master","viewId":"application-manageyards-display-component---masterYard","properties":{"src":{"regex":{"source":"add"}}}},"wdio_ui5_key":"etmportal.ui.manageyards.view.Mastersap.ui.core.Icon{\"src\":{\"regex\":{\"source\":\"add\"}}}"}]}
RESULT: undefined
COMMAND: POST /session/9d8ca4f443e10c92ec3d27965efc7b95/element - {"using":"xpath","value":"//*[@id=\"__button4-img\"]"}
RESULT: {"using":"xpath","value":"//*[@id=\"__button4-img\"]"}
COMMAND: POST /session/9d8ca4f443e10c92ec3d27965efc7b95/element/f.B9E415FFB169685FBD41AE9B33AE754C.d.7F52304B9FA0D1670C52336A7FBBA327.e.168/click - {}
RESULT: {}
COMMAND: GET /session/9d8ca4f443e10c92ec3d27965efc7b95/screenshot - {}
RESULT: {}
COMMAND: POST /session/9d8ca4f443e10c92ec3d27965efc7b95/execute/async - {"script":"<script> [1562 bytes]","args":[{"selector":{"id":"application-manageyards-display-component---NewYard--yardId","interaction":{"idSuffix":"inner"}},"wdio_ui5_key":"applicationmanageyards-display-component---NewYard--yardId"}]}
RESULT: {"script":"<script> [1562 bytes]","args":[{"selector":{"id":"application-manageyards-display-component---NewYard--yardId","interaction":{"idSuffix":"inner"}},"wdio_ui5_key":"applicationmanageyards-display-component---NewYard--yardId"}]}
RESULT: undefined
COMMAND: POST /session/9d8ca4f443e10c92ec3d27965efc7b95/element - {"using":"xpath","value":"//*[@id=\"application-manageyards-display-component---NewYard--addressDetailDetailsName1-inner\"]"}
RESULT: {"using":"xpath","value":"//*[@id=\"application-manageyards-display-component---NewYard--addressDetailDetailsName1-inner\"]"}
COMMAND: POST /session/9d8ca4f443e10c92ec3d27965efc7b95/element/f.B9E415FFB169685FBD41AE9B33AE754C.d.7F52304B9FA0D1670C52336A7FBBA327.e.383/clear - {}
RESULT: {}
COMMAND: POST /session/9d8ca4f443e10c92ec3d27965efc7b95/element/f.B9E415FFB169685FBD41AE9B33AE754C.d.7F52304B9FA0D1670C52336A7FBBA327.e.383/value - {"text":"WebdriverYardi9y31"}
COMMAND: GET /session/9d8ca4f443e10c92ec3d27965efc7b95/screenshot - {}
RESULT: {"text":"WebdriverYardi9y31"}
COMMAND: POST /session/9d8ca4f443e10c92ec3d27965efc7b95/element - {"using":"xpath","value":"//*[@id=\"application-manageyards-display-component---NewYard--addressDetailDetailsLanguage-inner\"]"}
COMMAND: GET /session/9d8ca4f443e10c92ec3d27965efc7b95/screenshot - {}
RESULT: {}
RESULT: {"using":"xpath","value":"//*[@id=\"application-manageyards-display-component---NewYard--addressDetailDetailsLanguage-inner\"]"}
COMMAND: POST /session/9d8ca4f443e10c92ec3d27965efc7b95/element/f.B9E415FFB169685FBD41AE9B33AE754C.d.7F52304B9FA0D1670C52336A7FBBA327.e.384/clear - {}
RESULT: {}
RESULT: {}
COMMAND: POST /session/9d8ca4f443e10c92ec3d27965efc7b95/element/f.B9E415FFB169685FBD41AE9B33AE754C.d.7F52304B9FA0D1670C52336A7FBBA327.e.384/value - {"text":"Romanian"}
COMMAND: GET /session/9d8ca4f443e10c92ec3d27965efc7b95/screenshot - {}
RESULT: {"text":"Romanian"}
COMMAND: POST /session/9d8ca4f443e10c92ec3d27965efc7b95/element - {"using":"xpath","value":"//input[contains(@id ,\"application-manageyards-display-component---NewYard--addressDetailDetailsName1-inner\")]"}
COMMAND: GET /session/9d8ca4f443e10c92ec3d27965efc7b95/screenshot - {}
RESULT: {}
RESULT: {"using":"xpath","value":"//input[contains(@id ,\"application-manageyards-display-component---NewYard--addressDetailDetailsName1-inner\")]"}
COMMAND: GET /session/9d8ca4f443e10c92ec3d27965efc7b95/element/f.B9E415FFB169685FBD41AE9B33AE754C.d.7F52304B9FA0D1670C52336A7FBBA327.e.383/property/value - {}
RESULT: {}
RESULT: {}
COMMAND: GET /session/9d8ca4f443e10c92ec3d27965efc7b95/screenshot - {}
RESULT: {}
COMMAND: POST /session/9d8ca4f443e10c92ec3d27965efc7b95/element - {"using":"xpath","value":"//*[@id=\"application-manageyards-display-component---NewYard--addressDetailDetailsCity1-inner\"]"}
RESULT: {"using":"xpath","value":"//*[@id=\"application-manageyards-display-component---NewYard--addressDetailDetailsCity1-inner\"]"}
COMMAND: POST /session/9d8ca4f443e10c92ec3d27965efc7b95/element/f.B9E415FFB169685FBD41AE9B33AE754C.d.7F52304B9FA0D1670C52336A7FBBA327.e.386/clear - {}
RESULT: {}
COMMAND: POST /session/9d8ca4f443e10c92ec3d27965efc7b95/element/f.B9E415FFB169685FBD41AE9B33AE754C.d.7F52304B9FA0D1670C52336A7FBBA327.e.386/value - {"text":"Bucuresti"}
COMMAND: GET /session/9d8ca4f443e10c92ec3d27965efc7b95/screenshot - {}
RESULT: {"text":"Bucuresti"}
COMMAND: GET /session/9d8ca4f443e10c92ec3d27965efc7b95/screenshot - {}
RESULT: {}
RESULT: {}
COMMAND: POST /session/9d8ca4f443e10c92ec3d27965efc7b95/element - {"using":"xpath","value":"//*[@id=\"application-manageyards-display-component---NewYard--addressDetailDetailsCountry-inner\"]"}
RESULT: {"using":"xpath","value":"//*[@id=\"application-manageyards-display-component---NewYard--addressDetailDetailsCountry-inner\"]"}
COMMAND: POST /session/9d8ca4f443e10c92ec3d27965efc7b95/element/f.B9E415FFB169685FBD41AE9B33AE754C.d.7F52304B9FA0D1670C52336A7FBBA327.e.390/clear - {}
RESULT: {}
COMMAND: POST /session/9d8ca4f443e10c92ec3d27965efc7b95/element/f.B9E415FFB169685FBD41AE9B33AE754C.d.7F52304B9FA0D1670C52336A7FBBA327.e.390/value - {"text":"Romania"}
COMMAND: GET /session/9d8ca4f443e10c92ec3d27965efc7b95/screenshot - {}
RESULT: {"text":"Romania"}
COMMAND: GET /session/9d8ca4f443e10c92ec3d27965efc7b95/screenshot - {}
RESULT: {}
RESULT: {}
COMMAND: POST /session/9d8ca4f443e10c92ec3d27965efc7b95/element - {"using":"xpath","value":"//div[contains(text(), \"Commercial\")]"}
RESULT: {"using":"xpath","value":"//div[contains(text(), \"Commercial\")]"}
COMMAND: GET /session/9d8ca4f443e10c92ec3d27965efc7b95/element/f.B9E415FFB169685FBD41AE9B33AE754C.d.7F52304B9FA0D1670C52336A7FBBA327.e.586/rect - {}
RESULT: {}
COMMAND: GET /session/9d8ca4f443e10c92ec3d27965efc7b95/window/rect - {}
RESULT: {}
COMMAND: POST /session/9d8ca4f443e10c92ec3d27965efc7b95/execute/sync - {"script":"<script> [92 bytes]","args":[]}
RESULT: {"script":"<script> [92 bytes]","args":[]}
COMMAND: POST /session/9d8ca4f443e10c92ec3d27965efc7b95/actions - {"actions":[{"id":"action1","type":"wheel","parameters":{},"actions":[{"type":"scroll","x":-1841,"y":-44,"deltaX":0,"deltaY":0,"duration":0,"origin":{"element-6066-11e4-a52e-4f735466cecf":"f.B9E415FFB169685FBD41AE9B33AE754C.d.7F52304B9FA0D1670C52336A7FBBA327.e.586"}}]}]}
COMMAND: GET /session/9d8ca4f443e10c92ec3d27965efc7b95/screenshot - {}
RESULT: {}
COMMAND: POST /session/9d8ca4f443e10c92ec3d27965efc7b95/execute/sync - {"script":"<script> [79 bytes]","args":[{"element-6066-11e4-a52e-4f735466cecf":"f.B9E415FFB169685FBD41AE9B33AE754C.d.7F52304B9FA0D1670C52336A7FBBA327.e.586","ELEMENT":"f.B9E415FFB169685FBD41AE9B33AE754C.d.7F52304B9FA0D1670C52336A7FBBA327.e.586"},{"block":"start","inline":"nearest"}]}
RESULT: {"script":"<script> [79 bytes]","args":[{"element-6066-11e4-a52e-4f735466cecf":"f.B9E415FFB169685FBD41AE9B33AE754C.d.7F52304B9FA0D1670C52336A7FBBA327.e.586","ELEMENT":"f.B9E415FFB169685FBD41AE9B33AE754C.d.7F52304B9FA0D1670C52336A7FBBA327.e.586"},{"block":"start","inline":"nearest"}]}
COMMAND: GET /session/9d8ca4f443e10c92ec3d27965efc7b95/screenshot - {}
RESULT: {}
COMMAND: POST /session/9d8ca4f443e10c92ec3d27965efc7b95/execute/async - {"script":"<script> [1562 bytes]","args":[{"selector":{"id":"application-manageyards-display-component---NewYard--addressEditDetailsCostObjectCstType-arrow"},"wdio_ui5_key":"applicationmanageyards-display-component---NewYard--addressEditDetailsCostObjectCstType-arrow"}]}
RESULT: {"script":"<script> [1562 bytes]","args":[{"selector":{"id":"application-manageyards-display-component---NewYard--addressEditDetailsCostObjectCstType-arrow"},"wdio_ui5_key":"applicationmanageyards-display-component---NewYard--addressEditDetailsCostObjectCstType-arrow"}]}
RESULT: undefined
COMMAND: POST /session/9d8ca4f443e10c92ec3d27965efc7b95/element - {"using":"xpath","value":"//*[@id=\"application-manageyards-display-component---NewYard--addressEditDetailsCostObjectCstType-arrow\"]"}
RESULT: {"using":"xpath","value":"//*[@id=\"application-manageyards-display-component---NewYard--addressEditDetailsCostObjectCstType-arrow\"]"}
COMMAND: POST /session/9d8ca4f443e10c92ec3d27965efc7b95/element/f.B9E415FFB169685FBD41AE9B33AE754C.d.7F52304B9FA0D1670C52336A7FBBA327.e.594/click - {}
RESULT: {}
COMMAND: POST /session/9d8ca4f443e10c92ec3d27965efc7b95/element - {"using":"xpath","value":"//span[contains(text(), \"Cost Center\")]"}
COMMAND: GET /session/9d8ca4f443e10c92ec3d27965efc7b95/screenshot - {}
RESULT: {"using":"xpath","value":"//span[contains(text(), \"Cost Center\")]"}
COMMAND: POST /session/9d8ca4f443e10c92ec3d27965efc7b95/element/f.B9E415FFB169685FBD41AE9B33AE754C.d.7F52304B9FA0D1670C52336A7FBBA327.e.595/click - {}
RESULT: {}
RESULT: {}
COMMAND: GET /session/9d8ca4f443e10c92ec3d27965efc7b95/screenshot - {}
RESULT: {}
COMMAND: POST /session/9d8ca4f443e10c92ec3d27965efc7b95/execute/async - {"script":"<script> [1562 bytes]","args":[{"selector":{"id":"application-manageyards-display-component---NewYard--addressNewCostObjectCstID-vhi"},"wdio_ui5_key":"applicationmanageyards-display-component---NewYard--addressNewCostObjectCstID-vhi"}]}
RESULT: {"script":"<script> [1562 bytes]","args":[{"selector":{"id":"application-manageyards-display-component---NewYard--addressNewCostObjectCstID-vhi"},"wdio_ui5_key":"applicationmanageyards-display-component---NewYard--addressNewCostObjectCstID-vhi"}]}
RESULT: undefined
COMMAND: POST /session/9d8ca4f443e10c92ec3d27965efc7b95/element - {"using":"xpath","value":"//*[@id=\"application-manageyards-display-component---NewYard--addressNewCostObjectCstID-vhi\"]"}
RESULT: {"using":"xpath","value":"//*[@id=\"application-manageyards-display-component---NewYard--addressNewCostObjectCstID-vhi\"]"}
COMMAND: POST /session/9d8ca4f443e10c92ec3d27965efc7b95/element/f.B9E415FFB169685FBD41AE9B33AE754C.d.7F52304B9FA0D1670C52336A7FBBA327.e.599/click - {}
RESULT: {}
COMMAND: GET /session/9d8ca4f443e10c92ec3d27965efc7b95/screenshot - {}
RESULT: {}
COMMAND: POST /session/9d8ca4f443e10c92ec3d27965efc7b95/execute/async - {"script":"<script> [1562 bytes]","args":[{"selector":{"controlType":"sap.m.SearchField","properties":{"placeholder":"Search"},"searchOpenDialogs":true,"interaction":{"idSuffix":"I"}},"wdio_ui5_key":"sapm.SearchField{\"placeholder\":\"Search\"}"}]}
RESULT: {"script":"<script> [1562 bytes]","args":[{"selector":{"controlType":"sap.m.SearchField","properties":{"placeholder":"Search"},"searchOpenDialogs":true,"interaction":{"idSuffix":"I"}},"wdio_ui5_key":"sapm.SearchField{\"placeholder\":\"Search\"}"}]}
RESULT: undefined
COMMAND: POST /session/9d8ca4f443e10c92ec3d27965efc7b95/execute/async - {"script":"<script> [776 bytes]","args":[{"enterText":"10001013","selector":{"controlType":"sap.m.SearchField","properties":{"placeholder":"Search"},"searchOpenDialogs":true,"interaction":{"idSuffix":"I"}},"clearTextFirst":true,"interactionType":"ENTER_TEXT"}]}
RESULT: {"script":"<script> [776 bytes]","args":[{"enterText":"10001013","selector":{"controlType":"sap.m.SearchField","properties":{"placeholder":"Search"},"searchOpenDialogs":true,"interaction":{"idSuffix":"I"}},"clearTextFirst":true,"interactionType":"ENTER_TEXT"}]}
COMMAND: POST /session/9d8ca4f443e10c92ec3d27965efc7b95/actions - {"actions":[{"id":"action2","type":"key","parameters":{},"actions":[{"type":"keyDown","value":""},{"type":"pause","duration":10},{"type":"keyUp","value":""}]}]}
RESULT: {"actions":[{"id":"action2","type":"key","parameters":{},"actions":[{"type":"keyDown","value":""},{"type":"pause","duration":10},{"type":"keyUp","value":""}]}]}
COMMAND: GET /session/9d8ca4f443e10c92ec3d27965efc7b95/screenshot - {}
RESULT: {}
COMMAND: POST /session/9d8ca4f443e10c92ec3d27965efc7b95/element - {"using":"xpath","value":"//span[contains(text(), \"General Management\")]"}
RESULT: {"using":"xpath","value":"//span[contains(text(), \"General Management\")]"}
COMMAND: POST /session/9d8ca4f443e10c92ec3d27965efc7b95/element/f.B9E415FFB169685FBD41AE9B33AE754C.d.7F52304B9FA0D1670C52336A7FBBA327.e.641/click - {}
RESULT: {}
COMMAND: GET /session/9d8ca4f443e10c92ec3d27965efc7b95/screenshot - {}
RESULT: {}
COMMAND: POST /session/9d8ca4f443e10c92ec3d27965efc7b95/element - {"using":"xpath","value":"//bdi[contains(text(), \"OK\")]"}
RESULT: {"using":"xpath","value":"//bdi[contains(text(), \"OK\")]"}
COMMAND: POST /session/9d8ca4f443e10c92ec3d27965efc7b95/element/f.B9E415FFB169685FBD41AE9B33AE754C.d.7F52304B9FA0D1670C52336A7FBBA327.e.642/click - {}
RESULT: {}
COMMAND: GET /session/9d8ca4f443e10c92ec3d27965efc7b95/screenshot - {}
RESULT: {}
COMMAND: POST /session/9d8ca4f443e10c92ec3d27965efc7b95/execute/async - {"script":"<script> [1562 bytes]","args":[{"selector":{"controlType":"sap.m.Button","viewName":"etm.portal.ui.manageyards.view.New","viewId":"application-manageyards-display-component---NewYard","i18NText":{"propertyName":"text","key":"save"},"interaction":{"idSuffix":"inner"}},"wdio_ui5_key":"etmportal.ui.manageyards.view.Newsap.m.Button{\"propertyName\":\"text\",\"key\":\"save\"}"}]}
RESULT: {"script":"<script> [1562 bytes]","args":[{"selector":{"controlType":"sap.m.Button","viewName":"etm.portal.ui.manageyards.view.New","viewId":"application-manageyards-display-component---NewYard","i18NText":{"propertyName":"text","key":"save"},"interaction":{"idSuffix":"inner"}},"wdio_ui5_key":"etmportal.ui.manageyards.view.Newsap.m.Button{\"propertyName\":\"text\",\"key\":\"save\"}"}]}
RESULT: undefined
COMMAND: POST /session/9d8ca4f443e10c92ec3d27965efc7b95/element - {"using":"xpath","value":"//*[@id=\"__button18\"]"}
RESULT: {"using":"xpath","value":"//*[@id=\"__button18\"]"}
COMMAND: POST /session/9d8ca4f443e10c92ec3d27965efc7b95/element/f.B9E415FFB169685FBD41AE9B33AE754C.d.7F52304B9FA0D1670C52336A7FBBA327.e.562/click - {}
RESULT: {}
COMMAND: GET /session/9d8ca4f443e10c92ec3d27965efc7b95/screenshot - {}
RESULT: {}
COMMAND: POST /session/9d8ca4f443e10c92ec3d27965efc7b95/element - {"using":"xpath","value":"//header/div/div[2]/div[2]/span"}
RESULT: {"using":"xpath","value":"//header/div/div[2]/div[2]/span"}
COMMAND: GET /session/9d8ca4f443e10c92ec3d27965efc7b95/element/f.B9E415FFB169685FBD41AE9B33AE754C.d.7F52304B9FA0D1670C52336A7FBBA327.e.838/text - {}
RESULT: {}
COMMAND: POST /session/9d8ca4f443e10c92ec3d27965efc7b95/execute/async - {"script":"<script> [1562 bytes]","args":[{"selector":{"controlType":"sap.m.OverflowToolbarButton","viewName":"etm.portal.ui.manageyards.view.Detail","viewId":"application-manageyards-display-component---detailYard","i18NText":{"propertyName":"tooltip","key":"closeColumn"},"interaction":{"idSuffix":"inner"}},"wdio_ui5_key":"etmportal.ui.manageyards.view.Detailsap.m.OverflowToolbarButton{\"propertyName\":\"tooltip\",\"key\":\"closeColumn\"}"}]}
RESULT: {"script":"<script> [1562 bytes]","args":[{"selector":{"controlType":"sap.m.OverflowToolbarButton","viewName":"etm.portal.ui.manageyards.view.Detail","viewId":"application-manageyards-display-component---detailYard","i18NText":{"propertyName":"tooltip","key":"closeColumn"},"interaction":{"idSuffix":"inner"}},"wdio_ui5_key":"etmportal.ui.manageyards.view.Detailsap.m.OverflowToolbarButton{\"propertyName\":\"tooltip\",\"key\":\"closeColumn\"}"}]}
RESULT: undefined
COMMAND: POST /session/9d8ca4f443e10c92ec3d27965efc7b95/element - {"using":"xpath","value":"//*[@id=\"__button42\"]"}
RESULT: {"using":"xpath","value":"//*[@id=\"__button42\"]"}
COMMAND: POST /session/9d8ca4f443e10c92ec3d27965efc7b95/element/f.B9E415FFB169685FBD41AE9B33AE754C.d.7F52304B9FA0D1670C52336A7FBBA327.e.840/click - {}
RESULT: {}
COMMAND: GET /session/9d8ca4f443e10c92ec3d27965efc7b95/screenshot - {}
RESULT: {}
COMMAND: POST /session/9d8ca4f443e10c92ec3d27965efc7b95/element - {"using":"css selector","value":"#shell-header-logo"}
RESULT: {"using":"css selector","value":"#shell-header-logo"}
COMMAND: POST /session/9d8ca4f443e10c92ec3d27965efc7b95/element/f.B9E415FFB169685FBD41AE9B33AE754C.d.7F52304B9FA0D1670C52336A7FBBA327.e.123/click - {}
RESULT: {}
COMMAND: GET /session/9d8ca4f443e10c92ec3d27965efc7b95/screenshot - {}
RESULT: {}
COMMAND: POST /session/9d8ca4f443e10c92ec3d27965efc7b95/refresh - {}
RESULT: {}
COMMAND: GET /session/9d8ca4f443e10c92ec3d27965efc7b95/screenshot - {}
RESULT: {}
COMMAND: POST /session/9d8ca4f443e10c92ec3d27965efc7b95/execute/async - {"script":"<script> [189 bytes]","args":[]}
RESULT: {"script":"<script> [189 bytes]","args":[]}
COMMAND: POST /session/9d8ca4f443e10c92ec3d27965efc7b95/execute/async - {"script":"<script> [123 bytes]","args":[]}
RESULT: {"script":"<script> [123 bytes]","args":[]}
COMMAND: POST /session/9d8ca4f443e10c92ec3d27965efc7b95/timeouts - {"script":"<number>"}
RESULT: {"script":"<number>"}
COMMAND: GET /session/9d8ca4f443e10c92ec3d27965efc7b95/timeouts - {}
RESULT: {}
RESULT: undefined
COMMAND: POST /session/9d8ca4f443e10c92ec3d27965efc7b95/execute/async - {"script":"<script> [2676 bytes]","args":[]}
RESULT: {"script":"<script> [2676 bytes]","args":[]}
COMMAND: POST /session/9d8ca4f443e10c92ec3d27965efc7b95/execute/async - {"script":"<script> [2342 bytes]","args":[{"protocol":"http","hostname":"0.0.0.0","path":"/","capabilities":{"browserName":"chrome","goog:chromeOptions":{"binary":"C:\\Program Files\\Google\\Chrome\\Application\\chrome.exe","args":["--start-maximized"]}},"logLevel":"warn","connectionRetryTimeout":120000,"connectionRetryCount":3,"logLevels":{},"enableDirectConnect":true,"strictSSL":true,"_":"65 more keys: [\"cacheDir\",\"port\",\"requestedCapabilities\",\"automationProtocol\",\"baseUrl\",\"waitforInterval\",\"waitforTimeout\",\"onReload\",\"beforeCommand\",\"afterCommand\",\"rootDir\",\"specs\",\"suites\",\"exclude\",\"groupLogsByTestSpec\",\"excludeDriverLogs\",\"bail\",\"framework\",\"reporters\",\"services\",\"maxInstances\",\"maxInstancesPerCapability\",\"injectGlobals\",\"filesToWatch\",\"execArgv\",\"runnerEnv\",\"runner\",\"shard\",\"specFileRetries\",\"specFileRetriesDelay\",\"specFileRetriesDeferred\",\"reporterSyncInterval\",\"reporterSyncTimeout\",\"cucumberFeaturesWithLineNumbers\",\"autoCompileOpts\",\"mochaOpts\",\"jasmineOpts\",\"cucumberOpts\",\"onPrepare\",\"onWorkerStart\",\"onWorkerEnd\",\"before\",\"beforeSession\",\"beforeSuite\",\"beforeHook\",\"beforeTest\",\"afterTest\",\"afterHook\",\"afterSuite\",\"afterSession\",\"after\",\"onComplete\",\"beforeAssertion\",\"afterAssertion\",\"beforeFeature\",\"beforeScenario\",\"beforeStep\",\"afterStep\",\"afterScenario\",\"afterFeature\",\"_\",\"suite\",\"$0\",\"ignoredWorkerServices\",\"wdi5\"]"}]}
RESULT: {"script":"<script> [2342 bytes]","args":[{"protocol":"http","hostname":"0.0.0.0","path":"/","capabilities":{"browserName":"chrome","goog:chromeOptions":{"binary":"C:\\Program Files\\Google\\Chrome\\Application\\chrome.exe","args":["--start-maximized"]}},"logLevel":"warn","connectionRetryTimeout":120000,"connectionRetryCount":3,"logLevels":{},"enableDirectConnect":true,"strictSSL":true,"_":"65 more keys: [\"cacheDir\",\"port\",\"requestedCapabilities\",\"automationProtocol\",\"baseUrl\",\"waitforInterval\",\"waitforTimeout\",\"onReload\",\"beforeCommand\",\"afterCommand\",\"rootDir\",\"specs\",\"suites\",\"exclude\",\"groupLogsByTestSpec\",\"excludeDriverLogs\",\"bail\",\"framework\",\"reporters\",\"services\",\"maxInstances\",\"maxInstancesPerCapability\",\"injectGlobals\",\"filesToWatch\",\"execArgv\",\"runnerEnv\",\"runner\",\"shard\",\"specFileRetries\",\"specFileRetriesDelay\",\"specFileRetriesDeferred\",\"reporterSyncInterval\",\"reporterSyncTimeout\",\"cucumberFeaturesWithLineNumbers\",\"autoCompileOpts\",\"mochaOpts\",\"jasmineOpts\",\"cucumberOpts\",\"onPrepare\",\"onWorkerStart\",\"onWorkerEnd\",\"before\",\"beforeSession\",\"beforeSuite\",\"beforeHook\",\"beforeTest\",\"afterTest\",\"afterHook\",\"afterSuite\",\"afterSession\",\"after\",\"onComplete\",\"beforeAssertion\",\"afterAssertion\",\"beforeFeature\",\"beforeScenario\",\"beforeStep\",\"afterStep\",\"afterScenario\",\"afterFeature\",\"_\",\"suite\",\"$0\",\"ignoredWorkerServices\",\"wdi5\"]"}]}
COMMAND: POST /session/9d8ca4f443e10c92ec3d27965efc7b95/execute/async - {"script":"<script> [21126 bytes]","args":[35000]}
RESULT: {"script":"<script> [21126 bytes]","args":[35000]}
COMMAND: POST /session/9d8ca4f443e10c92ec3d27965efc7b95/execute/async - {"script":"<script> [1562 bytes]","args":[{"selector":{"controlType":"sap.m.GenericTile","properties":{"header":"Manage Sites"}},"wdio_ui5_key":"sapm.GenericTile{\"header\":\"Manage Sites\"}"}]}
RESULT: {"script":"<script> [1562 bytes]","args":[{"selector":{"controlType":"sap.m.GenericTile","properties":{"header":"Manage Sites"}},"wdio_ui5_key":"sapm.GenericTile{\"header\":\"Manage Sites\"}"}]}
RESULT: undefined
COMMAND: POST /session/9d8ca4f443e10c92ec3d27965efc7b95/element - {"using":"xpath","value":"//*[@id=\"__tile40\"]"}
RESULT: {"using":"xpath","value":"//*[@id=\"__tile40\"]"}
COMMAND: POST /session/9d8ca4f443e10c92ec3d27965efc7b95/element/f.B9E415FFB169685FBD41AE9B33AE754C.d.4607637F6679C1488C4C4E33D8A88C7E.e.1195/click - {}
RESULT: {}
COMMAND: GET /session/9d8ca4f443e10c92ec3d27965efc7b95/screenshot - {}
RESULT: {}
COMMAND: POST /session/9d8ca4f443e10c92ec3d27965efc7b95/elements - {"using":"xpath","value":"//span[text()='Error']"}
RESULT: {"using":"xpath","value":"//span[text()='Error']"}
COMMAND: POST /session/9d8ca4f443e10c92ec3d27965efc7b95/execute/async - {"script":"<script> [1562 bytes]","args":[{"selector":{"controlType":"sap.ui.core.Icon","viewName":"etm.portal.ui.managesites.view.Master","viewId":"application-managesites-display-component---masterSite","properties":{"src":{"regex":{"source":"add"}}}},"wdio_ui5_key":"etmportal.ui.managesites.view.Mastersap.ui.core.Icon{\"src\":{\"regex\":{\"source\":\"add\"}}}"}]}
RESULT: {"script":"<script> [1562 bytes]","args":[{"selector":{"controlType":"sap.ui.core.Icon","viewName":"etm.portal.ui.managesites.view.Master","viewId":"application-managesites-display-component---masterSite","properties":{"src":{"regex":{"source":"add"}}}},"wdio_ui5_key":"etmportal.ui.managesites.view.Mastersap.ui.core.Icon{\"src\":{\"regex\":{\"source\":\"add\"}}}"}]}
RESULT: undefined
COMMAND: POST /session/9d8ca4f443e10c92ec3d27965efc7b95/element - {"using":"xpath","value":"//*[@id=\"__button4-img\"]"}
RESULT: {"using":"xpath","value":"//*[@id=\"__button4-img\"]"}
COMMAND: POST /session/9d8ca4f443e10c92ec3d27965efc7b95/element/f.B9E415FFB169685FBD41AE9B33AE754C.d.4607637F6679C1488C4C4E33D8A88C7E.e.1245/click - {}
RESULT: {}
COMMAND: POST /session/9d8ca4f443e10c92ec3d27965efc7b95/execute/async - {"script":"<script> [1562 bytes]","args":[{"selector":{"id":"application-managesites-display-component---NewSite--siteId","interaction":{"idSuffix":"inner"}},"wdio_ui5_key":"applicationmanagesites-display-component---NewSite--siteId"}]}
COMMAND: GET /session/9d8ca4f443e10c92ec3d27965efc7b95/screenshot - {}
RESULT: {"script":"<script> [1562 bytes]","args":[{"selector":{"id":"application-managesites-display-component---NewSite--siteId","interaction":{"idSuffix":"inner"}},"wdio_ui5_key":"applicationmanagesites-display-component---NewSite--siteId"}]}
RESULT: undefined
COMMAND: POST /session/9d8ca4f443e10c92ec3d27965efc7b95/execute/async - {"script":"<script> [1562 bytes]","args":[{"selector":{"id":"application-managesites-display-component---NewSite--addressDetailDetailsName1","interaction":{"idSuffix":"inner"}},"wdio_ui5_key":"applicationmanagesites-display-component---NewSite--addressDetailDetailsName1"}]}
RESULT: {}
RESULT: {"script":"<script> [1562 bytes]","args":[{"selector":{"id":"application-managesites-display-component---NewSite--addressDetailDetailsName1","interaction":{"idSuffix":"inner"}},"wdio_ui5_key":"applicationmanagesites-display-component---NewSite--addressDetailDetailsName1"}]}
RESULT: undefined
COMMAND: POST /session/9d8ca4f443e10c92ec3d27965efc7b95/execute/async - {"script":"<script> [776 bytes]","args":[{"enterText":"WebdriverSite3asx","selector":{"id":"application-managesites-display-component---NewSite--addressDetailDetailsName1","interaction":{"idSuffix":"inner"}},"clearTextFirst":true,"interactionType":"ENTER_TEXT"}]}
RESULT: {"script":"<script> [776 bytes]","args":[{"enterText":"WebdriverSite3asx","selector":{"id":"application-managesites-display-component---NewSite--addressDetailDetailsName1","interaction":{"idSuffix":"inner"}},"clearTextFirst":true,"interactionType":"ENTER_TEXT"}]}
COMMAND: POST /session/9d8ca4f443e10c92ec3d27965efc7b95/execute/async - {"script":"<script> [1562 bytes]","args":[{"selector":{"id":"application-managesites-display-component---NewSite--addressDetailDetailsLanguage","interaction":{"idSuffix":"inner"}},"wdio_ui5_key":"applicationmanagesites-display-component---NewSite--addressDetailDetailsLanguage"}]}
RESULT: {"script":"<script> [1562 bytes]","args":[{"selector":{"id":"application-managesites-display-component---NewSite--addressDetailDetailsLanguage","interaction":{"idSuffix":"inner"}},"wdio_ui5_key":"applicationmanagesites-display-component---NewSite--addressDetailDetailsLanguage"}]}
RESULT: undefined
COMMAND: POST /session/9d8ca4f443e10c92ec3d27965efc7b95/execute/async - {"script":"<script> [776 bytes]","args":[{"enterText":"Romanian","selector":{"id":"application-managesites-display-component---NewSite--addressDetailDetailsLanguage","interaction":{"idSuffix":"inner"}},"clearTextFirst":true,"interactionType":"ENTER_TEXT"}]}
RESULT: {"script":"<script> [776 bytes]","args":[{"enterText":"Romanian","selector":{"id":"application-managesites-display-component---NewSite--addressDetailDetailsLanguage","interaction":{"idSuffix":"inner"}},"clearTextFirst":true,"interactionType":"ENTER_TEXT"}]}
COMMAND: POST /session/9d8ca4f443e10c92ec3d27965efc7b95/execute/async - {"script":"<script> [1562 bytes]","args":[{"selector":{"id":"application-managesites-display-component---NewSite--addressDetailDetailsCity1","interaction":{"idSuffix":"inner"}},"wdio_ui5_key":"applicationmanagesites-display-component---NewSite--addressDetailDetailsCity1"}]}
RESULT: {"script":"<script> [1562 bytes]","args":[{"selector":{"id":"application-managesites-display-component---NewSite--addressDetailDetailsCity1","interaction":{"idSuffix":"inner"}},"wdio_ui5_key":"applicationmanagesites-display-component---NewSite--addressDetailDetailsCity1"}]}
RESULT: undefined
COMMAND: POST /session/9d8ca4f443e10c92ec3d27965efc7b95/execute/async - {"script":"<script> [776 bytes]","args":[{"enterText":"Bucharest","selector":{"id":"application-managesites-display-component---NewSite--addressDetailDetailsCity1","interaction":{"idSuffix":"inner"}},"clearTextFirst":true,"interactionType":"ENTER_TEXT"}]}
RESULT: {"script":"<script> [776 bytes]","args":[{"enterText":"Bucharest","selector":{"id":"application-managesites-display-component---NewSite--addressDetailDetailsCity1","interaction":{"idSuffix":"inner"}},"clearTextFirst":true,"interactionType":"ENTER_TEXT"}]}
COMMAND: POST /session/9d8ca4f443e10c92ec3d27965efc7b95/execute/async - {"script":"<script> [1562 bytes]","args":[{"selector":{"id":"application-managesites-display-component---NewSite--addressDetailDetailsCountry","interaction":{"idSuffix":"inner"}},"wdio_ui5_key":"applicationmanagesites-display-component---NewSite--addressDetailDetailsCountry"}]}
RESULT: {"script":"<script> [1562 bytes]","args":[{"selector":{"id":"application-managesites-display-component---NewSite--addressDetailDetailsCountry","interaction":{"idSuffix":"inner"}},"wdio_ui5_key":"applicationmanagesites-display-component---NewSite--addressDetailDetailsCountry"}]}
RESULT: undefined
COMMAND: POST /session/9d8ca4f443e10c92ec3d27965efc7b95/execute/async - {"script":"<script> [776 bytes]","args":[{"enterText":"Romania","selector":{"id":"application-managesites-display-component---NewSite--addressDetailDetailsCountry","interaction":{"idSuffix":"inner"}},"clearTextFirst":true,"interactionType":"ENTER_TEXT"}]}
RESULT: {"script":"<script> [776 bytes]","args":[{"enterText":"Romania","selector":{"id":"application-managesites-display-component---NewSite--addressDetailDetailsCountry","interaction":{"idSuffix":"inner"}},"clearTextFirst":true,"interactionType":"ENTER_TEXT"}]}
COMMAND: POST /session/9d8ca4f443e10c92ec3d27965efc7b95/element - {"using":"css selector","value":"#application-managesites-display-component---NewSite--addressDetailDetailsCalendar-inner"}
RESULT: {"using":"css selector","value":"#application-managesites-display-component---NewSite--addressDetailDetailsCalendar-inner"}
COMMAND: POST /session/9d8ca4f443e10c92ec3d27965efc7b95/element/f.B9E415FFB169685FBD41AE9B33AE754C.d.4607637F6679C1488C4C4E33D8A88C7E.e.1475/clear - {}
RESULT: {}
COMMAND: POST /session/9d8ca4f443e10c92ec3d27965efc7b95/element/f.B9E415FFB169685FBD41AE9B33AE754C.d.4607637F6679C1488C4C4E33D8A88C7E.e.1475/value - {"text":"Germany"}
COMMAND: GET /session/9d8ca4f443e10c92ec3d27965efc7b95/screenshot - {}
RESULT: {"text":"Germany"}
COMMAND: POST /session/9d8ca4f443e10c92ec3d27965efc7b95/execute/async - {"script":"<script> [1562 bytes]","args":[{"selector":{"id":"application-managesites-display-component---NewSite--addressEditDetailsCostObjectCstType-arrow"},"wdio_ui5_key":"applicationmanagesites-display-component---NewSite--addressEditDetailsCostObjectCstType-arrow"}]}
COMMAND: GET /session/9d8ca4f443e10c92ec3d27965efc7b95/screenshot - {}
RESULT: {}
RESULT: {"script":"<script> [1562 bytes]","args":[{"selector":{"id":"application-managesites-display-component---NewSite--addressEditDetailsCostObjectCstType-arrow"},"wdio_ui5_key":"applicationmanagesites-display-component---NewSite--addressEditDetailsCostObjectCstType-arrow"}]}
RESULT: undefined
COMMAND: POST /session/9d8ca4f443e10c92ec3d27965efc7b95/element - {"using":"xpath","value":"//*[@id=\"application-managesites-display-component---NewSite--addressEditDetailsCostObjectCstType-arrow\"]"}
RESULT: {}
RESULT: {"using":"xpath","value":"//*[@id=\"application-managesites-display-component---NewSite--addressEditDetailsCostObjectCstType-arrow\"]"}
COMMAND: POST /session/9d8ca4f443e10c92ec3d27965efc7b95/element/f.B9E415FFB169685FBD41AE9B33AE754C.d.4607637F6679C1488C4C4E33D8A88C7E.e.1627/click - {}
RESULT: {}
COMMAND: POST /session/9d8ca4f443e10c92ec3d27965efc7b95/element - {"using":"xpath","value":"//span[contains(text(), \"Work Breakdown Structure\")]"}
COMMAND: GET /session/9d8ca4f443e10c92ec3d27965efc7b95/screenshot - {}
RESULT: {"using":"xpath","value":"//span[contains(text(), \"Work Breakdown Structure\")]"}
COMMAND: POST /session/9d8ca4f443e10c92ec3d27965efc7b95/element/f.B9E415FFB169685FBD41AE9B33AE754C.d.4607637F6679C1488C4C4E33D8A88C7E.e.1628/click - {}
RESULT: {}
RESULT: {}
COMMAND: GET /session/9d8ca4f443e10c92ec3d27965efc7b95/screenshot - {}
RESULT: {}
COMMAND: POST /session/9d8ca4f443e10c92ec3d27965efc7b95/execute/async - {"script":"<script> [1562 bytes]","args":[{"selector":{"id":"application-managesites-display-component---NewSite--addressNewCostObjectCstID-vhi"},"wdio_ui5_key":"applicationmanagesites-display-component---NewSite--addressNewCostObjectCstID-vhi"}]}
RESULT: {"script":"<script> [1562 bytes]","args":[{"selector":{"id":"application-managesites-display-component---NewSite--addressNewCostObjectCstID-vhi"},"wdio_ui5_key":"applicationmanagesites-display-component---NewSite--addressNewCostObjectCstID-vhi"}]}
RESULT: undefined
COMMAND: POST /session/9d8ca4f443e10c92ec3d27965efc7b95/element - {"using":"xpath","value":"//*[@id=\"application-managesites-display-component---NewSite--addressNewCostObjectCstID-vhi\"]"}
RESULT: {"using":"xpath","value":"//*[@id=\"application-managesites-display-component---NewSite--addressNewCostObjectCstID-vhi\"]"}
COMMAND: POST /session/9d8ca4f443e10c92ec3d27965efc7b95/element/f.B9E415FFB169685FBD41AE9B33AE754C.d.4607637F6679C1488C4C4E33D8A88C7E.e.1633/click - {}
RESULT: {}
COMMAND: GET /session/9d8ca4f443e10c92ec3d27965efc7b95/screenshot - {}
RESULT: {}
COMMAND: POST /session/9d8ca4f443e10c92ec3d27965efc7b95/execute/async - {"script":"<script> [1562 bytes]","args":[{"selector":{"controlType":"sap.m.SearchField","properties":{"placeholder":"Search"},"searchOpenDialogs":true,"interaction":{"idSuffix":"I"}},"wdio_ui5_key":"sapm.SearchField{\"placeholder\":\"Search\"}"}]}
RESULT: {"script":"<script> [1562 bytes]","args":[{"selector":{"controlType":"sap.m.SearchField","properties":{"placeholder":"Search"},"searchOpenDialogs":true,"interaction":{"idSuffix":"I"}},"wdio_ui5_key":"sapm.SearchField{\"placeholder\":\"Search\"}"}]}
RESULT: undefined
COMMAND: POST /session/9d8ca4f443e10c92ec3d27965efc7b95/execute/async - {"script":"<script> [776 bytes]","args":[{"enterText":"A1-000100-01","selector":{"controlType":"sap.m.SearchField","properties":{"placeholder":"Search"},"searchOpenDialogs":true,"interaction":{"idSuffix":"I"}},"clearTextFirst":true,"interactionType":"ENTER_TEXT"}]}
RESULT: {"script":"<script> [776 bytes]","args":[{"enterText":"A1-000100-01","selector":{"controlType":"sap.m.SearchField","properties":{"placeholder":"Search"},"searchOpenDialogs":true,"interaction":{"idSuffix":"I"}},"clearTextFirst":true,"interactionType":"ENTER_TEXT"}]}
COMMAND: POST /session/9d8ca4f443e10c92ec3d27965efc7b95/actions - {"actions":[{"id":"action3","type":"key","parameters":{},"actions":[{"type":"keyDown","value":""},{"type":"pause","duration":10},{"type":"keyUp","value":""}]}]}
RESULT: {"actions":[{"id":"action3","type":"key","parameters":{},"actions":[{"type":"keyDown","value":""},{"type":"pause","duration":10},{"type":"keyUp","value":""}]}]}
COMMAND: GET /session/9d8ca4f443e10c92ec3d27965efc7b95/screenshot - {}
RESULT: {}
COMMAND: POST /session/9d8ca4f443e10c92ec3d27965efc7b95/element - {"using":"xpath","value":"//span[contains(text(), \"Template for ETO-Process\")]"}
RESULT: {"using":"xpath","value":"//span[contains(text(), \"Template for ETO-Process\")]"}
COMMAND: POST /session/9d8ca4f443e10c92ec3d27965efc7b95/element/f.B9E415FFB169685FBD41AE9B33AE754C.d.4607637F6679C1488C4C4E33D8A88C7E.e.1652/click - {}
RESULT: {}
COMMAND: GET /session/9d8ca4f443e10c92ec3d27965efc7b95/screenshot - {}
RESULT: {}
COMMAND: POST /session/9d8ca4f443e10c92ec3d27965efc7b95/element - {"using":"xpath","value":"//bdi[contains(text(), \"OK\")]"}
RESULT: {"using":"xpath","value":"//bdi[contains(text(), \"OK\")]"}
COMMAND: POST /session/9d8ca4f443e10c92ec3d27965efc7b95/element/f.B9E415FFB169685FBD41AE9B33AE754C.d.4607637F6679C1488C4C4E33D8A88C7E.e.1653/click - {}
RESULT: {}
COMMAND: GET /session/9d8ca4f443e10c92ec3d27965efc7b95/screenshot - {}
RESULT: {}
COMMAND: POST /session/9d8ca4f443e10c92ec3d27965efc7b95/element - {"using":"xpath","value":"//input[@id=\"application-managesites-display-component---NewSite--addressDetailDetailsYard-inner\"]"}
RESULT: {"using":"xpath","value":"//input[@id=\"application-managesites-display-component---NewSite--addressDetailDetailsYard-inner\"]"}
COMMAND: POST /session/9d8ca4f443e10c92ec3d27965efc7b95/element/f.B9E415FFB169685FBD41AE9B33AE754C.d.4607637F6679C1488C4C4E33D8A88C7E.e.1476/value - {"text":"WebdriverYardi9y31"}
RESULT: {"text":"WebdriverYardi9y31"}
COMMAND: GET /session/9d8ca4f443e10c92ec3d27965efc7b95/screenshot - {}
RESULT: {}
COMMAND: POST /session/9d8ca4f443e10c92ec3d27965efc7b95/actions - {"actions":[{"id":"action4","type":"key","parameters":{},"actions":[{"type":"keyDown","value":""},{"type":"pause","duration":10},{"type":"keyUp","value":""}]}]}
RESULT: {"actions":[{"id":"action4","type":"key","parameters":{},"actions":[{"type":"keyDown","value":""},{"type":"pause","duration":10},{"type":"keyUp","value":""}]}]}
COMMAND: GET /session/9d8ca4f443e10c92ec3d27965efc7b95/screenshot - {}
RESULT: {}
COMMAND: POST /session/9d8ca4f443e10c92ec3d27965efc7b95/element - {"using":"xpath","value":"//input[@id=\"application-managesites-display-component---NewSite--addressDetailDetailsPartner-inner\"]"}
RESULT: {"using":"xpath","value":"//input[@id=\"application-managesites-display-component---NewSite--addressDetailDetailsPartner-inner\"]"}
COMMAND: POST /session/9d8ca4f443e10c92ec3d27965efc7b95/elements - {"using":"xpath","value":"//input[@id=\"application-managesites-display-component---NewSite--addressDetailDetailsPartner-inner\"]"}
RESULT: {"using":"xpath","value":"//input[@id=\"application-managesites-display-component---NewSite--addressDetailDetailsPartner-inner\"]"}
COMMAND: POST /session/9d8ca4f443e10c92ec3d27965efc7b95/execute/async - {"script":"<script> [1562 bytes]","args":[{"selector":{"controlType":"sap.m.Button","viewName":"etm.portal.ui.managesites.view.NewSmartSite","viewId":"application-managesites-display-component---NewSite","properties":{"text":"Commercial"},"interaction":{"idSuffix":"BDI-content"}},"wdio_ui5_key":"etmportal.ui.managesites.view.NewSmartSitesap.m.Button{\"text\":\"Commercial\"}"}]}
RESULT: {"script":"<script> [1562 bytes]","args":[{"selector":{"controlType":"sap.m.Button","viewName":"etm.portal.ui.managesites.view.NewSmartSite","viewId":"application-managesites-display-component---NewSite","properties":{"text":"Commercial"},"interaction":{"idSuffix":"BDI-content"}},"wdio_ui5_key":"etmportal.ui.managesites.view.NewSmartSitesap.m.Button{\"text\":\"Commercial\"}"}]}
RESULT: undefined
COMMAND: POST /session/9d8ca4f443e10c92ec3d27965efc7b95/element - {"using":"xpath","value":"//*[@id=\"application-managesites-display-component---NewSite--ObjectPageLayout-anchBar-__section5-anchor\"]"}
RESULT: {"using":"xpath","value":"//*[@id=\"application-managesites-display-component---NewSite--ObjectPageLayout-anchBar-__section5-anchor\"]"}
COMMAND: POST /session/9d8ca4f443e10c92ec3d27965efc7b95/element/f.B9E415FFB169685FBD41AE9B33AE754C.d.4607637F6679C1488C4C4E33D8A88C7E.e.1660/click - {}
RESULT: {}
COMMAND: POST /session/9d8ca4f443e10c92ec3d27965efc7b95/execute/async - {"script":"<script> [1562 bytes]","args":[{"selector":{"controlType":"sap.m.Button","viewName":"etm.portal.ui.managesites.view.NewSmartSite","viewId":"application-managesites-display-component---NewSite","i18NText":{"propertyName":"text","key":"save"},"interaction":{"idSuffix":"BDI-content"}},"wdio_ui5_key":"etmportal.ui.managesites.view.NewSmartSitesap.m.Button{\"propertyName\":\"text\",\"key\":\"save\"}"}]}
COMMAND: GET /session/9d8ca4f443e10c92ec3d27965efc7b95/screenshot - {}
RESULT: {"script":"<script> [1562 bytes]","args":[{"selector":{"controlType":"sap.m.Button","viewName":"etm.portal.ui.managesites.view.NewSmartSite","viewId":"application-managesites-display-component---NewSite","i18NText":{"propertyName":"text","key":"save"},"interaction":{"idSuffix":"BDI-content"}},"wdio_ui5_key":"etmportal.ui.managesites.view.NewSmartSitesap.m.Button{\"propertyName\":\"text\",\"key\":\"save\"}"}]}
RESULT: undefined
COMMAND: POST /session/9d8ca4f443e10c92ec3d27965efc7b95/element - {"using":"xpath","value":"//*[@id=\"__button16\"]"}
RESULT: {}
RESULT: {"using":"xpath","value":"//*[@id=\"__button16\"]"}
COMMAND: POST /session/9d8ca4f443e10c92ec3d27965efc7b95/element/f.B9E415FFB169685FBD41AE9B33AE754C.d.4607637F6679C1488C4C4E33D8A88C7E.e.1607/click - {}
RESULT: {}
COMMAND: GET /session/9d8ca4f443e10c92ec3d27965efc7b95/screenshot - {}
RESULT: {}
COMMAND: POST /session/9d8ca4f443e10c92ec3d27965efc7b95/execute/async - {"script":"<script> [1562 bytes]","args":[{"selector":{"id":"application-managesites-display-component---detailSite--addressDetailDetailsYardText"},"wdio_ui5_key":"applicationmanagesites-display-component---detailSite--addressDetailDetailsYardText"}]}
RESULT: {"script":"<script> [1562 bytes]","args":[{"selector":{"id":"application-managesites-display-component---detailSite--addressDetailDetailsYardText"},"wdio_ui5_key":"applicationmanagesites-display-component---detailSite--addressDetailDetailsYardText"}]}
RESULT: undefined
COMMAND: POST /session/9d8ca4f443e10c92ec3d27965efc7b95/element - {"using":"xpath","value":"//header/div/div[2]/div[2]/span"}
RESULT: {"using":"xpath","value":"//header/div/div[2]/div[2]/span"}
COMMAND: GET /session/9d8ca4f443e10c92ec3d27965efc7b95/element/f.B9E415FFB169685FBD41AE9B33AE754C.d.4607637F6679C1488C4C4E33D8A88C7E.e.1870/text - {}
RESULT: {}
COMMAND: POST /session/9d8ca4f443e10c92ec3d27965efc7b95/element - {"using":"xpath","value":"//header/div/div/div/div/div/div[2]/div/span"}
RESULT: {"using":"xpath","value":"//header/div/div/div/div/div/div[2]/div/span"}
COMMAND: GET /session/9d8ca4f443e10c92ec3d27965efc7b95/element/f.B9E415FFB169685FBD41AE9B33AE754C.d.4607637F6679C1488C4C4E33D8A88C7E.e.1871/text - {}
RESULT: {}
COMMAND: POST /session/9d8ca4f443e10c92ec3d27965efc7b95/element - {"using":"css selector","value":"#shell-header-logo"}
RESULT: {"using":"css selector","value":"#shell-header-logo"}
COMMAND: POST /session/9d8ca4f443e10c92ec3d27965efc7b95/element/f.B9E415FFB169685FBD41AE9B33AE754C.d.4607637F6679C1488C4C4E33D8A88C7E.e.1198/click - {}
RESULT: {}
COMMAND: GET /session/9d8ca4f443e10c92ec3d27965efc7b95/screenshot - {}
RESULT: {}
COMMAND: POST /session/9d8ca4f443e10c92ec3d27965efc7b95/execute/async - {"script":"<script> [1562 bytes]","args":[{"selector":{"controlType":"sap.m.GenericTile","properties":{"header":"Manage Partners"}},"wdio_ui5_key":"sapm.GenericTile{\"header\":\"Manage Partners\"}"}]}
RESULT: {"script":"<script> [1562 bytes]","args":[{"selector":{"controlType":"sap.m.GenericTile","properties":{"header":"Manage Partners"}},"wdio_ui5_key":"sapm.GenericTile{\"header\":\"Manage Partners\"}"}]}
RESULT: undefined
COMMAND: POST /session/9d8ca4f443e10c92ec3d27965efc7b95/element - {"using":"xpath","value":"//*[@id=\"__tile38\"]"}
RESULT: {"using":"xpath","value":"//*[@id=\"__tile38\"]"}
COMMAND: POST /session/9d8ca4f443e10c92ec3d27965efc7b95/element/f.B9E415FFB169685FBD41AE9B33AE754C.d.4607637F6679C1488C4C4E33D8A88C7E.e.1873/click - {}
RESULT: {}
COMMAND: GET /session/9d8ca4f443e10c92ec3d27965efc7b95/screenshot - {}
RESULT: {}
COMMAND: POST /session/9d8ca4f443e10c92ec3d27965efc7b95/elements - {"using":"xpath","value":"//span[text()='Error']"}
RESULT: {"using":"xpath","value":"//span[text()='Error']"}
COMMAND: POST /session/9d8ca4f443e10c92ec3d27965efc7b95/execute/async - {"script":"<script> [1562 bytes]","args":[{"selector":{"controlType":"sap.ui.core.Icon","viewName":"etm.portal.ui.managepartners.view.Master","viewId":"application-managepartners-display-component---masterPtm","properties":{"src":{"regex":{"source":"add"}}}},"wdio_ui5_key":"etmportal.ui.managepartners.view.Mastersap.ui.core.Icon{\"src\":{\"regex\":{\"source\":\"add\"}}}"}]}
RESULT: {"script":"<script> [1562 bytes]","args":[{"selector":{"controlType":"sap.ui.core.Icon","viewName":"etm.portal.ui.managepartners.view.Master","viewId":"application-managepartners-display-component---masterPtm","properties":{"src":{"regex":{"source":"add"}}}},"wdio_ui5_key":"etmportal.ui.managepartners.view.Mastersap.ui.core.Icon{\"src\":{\"regex\":{\"source\":\"add\"}}}"}]}
RESULT: undefined
COMMAND: POST /session/9d8ca4f443e10c92ec3d27965efc7b95/element - {"using":"xpath","value":"//*[@id=\"__button60-img\"]"}
RESULT: {"using":"xpath","value":"//*[@id=\"__button60-img\"]"}
COMMAND: POST /session/9d8ca4f443e10c92ec3d27965efc7b95/element/f.B9E415FFB169685FBD41AE9B33AE754C.d.4607637F6679C1488C4C4E33D8A88C7E.e.1924/click - {}
RESULT: {}
COMMAND: GET /session/9d8ca4f443e10c92ec3d27965efc7b95/screenshot - {}
RESULT: {}
COMMAND: POST /session/9d8ca4f443e10c92ec3d27965efc7b95/execute/async - {"script":"<script> [1562 bytes]","args":[{"selector":{"id":"application-managepartners-display-component---NewPartner--partnerId","interaction":{"idSuffix":"inner"}},"wdio_ui5_key":"applicationmanagepartners-display-component---NewPartner--partnerId"}]}
RESULT: {"script":"<script> [1562 bytes]","args":[{"selector":{"id":"application-managepartners-display-component---NewPartner--partnerId","interaction":{"idSuffix":"inner"}},"wdio_ui5_key":"applicationmanagepartners-display-component---NewPartner--partnerId"}]}
RESULT: undefined
COMMAND: POST /session/9d8ca4f443e10c92ec3d27965efc7b95/execute/async - {"script":"<script> [1562 bytes]","args":[{"selector":{"id":"application-managepartners-display-component---NewPartner--addressDetailDetailsName1","interaction":{"idSuffix":"inner"}},"wdio_ui5_key":"applicationmanagepartners-display-component---NewPartner--addressDetailDetailsName1"}]}
RESULT: {"script":"<script> [1562 bytes]","args":[{"selector":{"id":"application-managepartners-display-component---NewPartner--addressDetailDetailsName1","interaction":{"idSuffix":"inner"}},"wdio_ui5_key":"applicationmanagepartners-display-component---NewPartner--addressDetailDetailsName1"}]}
RESULT: undefined
COMMAND: POST /session/9d8ca4f443e10c92ec3d27965efc7b95/execute/async - {"script":"<script> [776 bytes]","args":[{"enterText":"WebdriverPartnerahahv","selector":{"id":"application-managepartners-display-component---NewPartner--addressDetailDetailsName1","interaction":{"idSuffix":"inner"}},"clearTextFirst":true,"interactionType":"ENTER_TEXT"}]}
RESULT: {"script":"<script> [776 bytes]","args":[{"enterText":"WebdriverPartnerahahv","selector":{"id":"application-managepartners-display-component---NewPartner--addressDetailDetailsName1","interaction":{"idSuffix":"inner"}},"clearTextFirst":true,"interactionType":"ENTER_TEXT"}]}
COMMAND: POST /session/9d8ca4f443e10c92ec3d27965efc7b95/execute/async - {"script":"<script> [1562 bytes]","args":[{"selector":{"id":"application-managepartners-display-component---NewPartner--addressDetailDetailsLanguage","interaction":{"idSuffix":"inner"}},"wdio_ui5_key":"applicationmanagepartners-display-component---NewPartner--addressDetailDetailsLanguage"}]}
RESULT: {"script":"<script> [1562 bytes]","args":[{"selector":{"id":"application-managepartners-display-component---NewPartner--addressDetailDetailsLanguage","interaction":{"idSuffix":"inner"}},"wdio_ui5_key":"applicationmanagepartners-display-component---NewPartner--addressDetailDetailsLanguage"}]}
RESULT: undefined
COMMAND: POST /session/9d8ca4f443e10c92ec3d27965efc7b95/execute/async - {"script":"<script> [776 bytes]","args":[{"enterText":"Romanian","selector":{"id":"application-managepartners-display-component---NewPartner--addressDetailDetailsLanguage","interaction":{"idSuffix":"inner"}},"clearTextFirst":true,"interactionType":"ENTER_TEXT"}]}
RESULT: {"script":"<script> [776 bytes]","args":[{"enterText":"Romanian","selector":{"id":"application-managepartners-display-component---NewPartner--addressDetailDetailsLanguage","interaction":{"idSuffix":"inner"}},"clearTextFirst":true,"interactionType":"ENTER_TEXT"}]}
COMMAND: POST /session/9d8ca4f443e10c92ec3d27965efc7b95/element - {"using":"xpath","value":"//input[contains(@id ,\"application-managepartners-display-component---NewPartner--addressDetailDetailsName1-inner\")]"}
RESULT: {"using":"xpath","value":"//input[contains(@id ,\"application-managepartners-display-component---NewPartner--addressDetailDetailsName1-inner\")]"}
COMMAND: GET /session/9d8ca4f443e10c92ec3d27965efc7b95/element/f.B9E415FFB169685FBD41AE9B33AE754C.d.4607637F6679C1488C4C4E33D8A88C7E.e.2097/property/value - {}
RESULT: {}
COMMAND: POST /session/9d8ca4f443e10c92ec3d27965efc7b95/execute/async - {"script":"<script> [1562 bytes]","args":[{"selector":{"id":"application-managepartners-display-component---NewPartner--addressDetailDetailsCity1","interaction":{"idSuffix":"inner"}},"wdio_ui5_key":"applicationmanagepartners-display-component---NewPartner--addressDetailDetailsCity1"}]}
COMMAND: GET /session/9d8ca4f443e10c92ec3d27965efc7b95/screenshot - {}
RESULT: {"script":"<script> [1562 bytes]","args":[{"selector":{"id":"application-managepartners-display-component---NewPartner--addressDetailDetailsCity1","interaction":{"idSuffix":"inner"}},"wdio_ui5_key":"applicationmanagepartners-display-component---NewPartner--addressDetailDetailsCity1"}]}
RESULT: undefined
COMMAND: POST /session/9d8ca4f443e10c92ec3d27965efc7b95/execute/async - {"script":"<script> [776 bytes]","args":[{"enterText":"Bucharest","selector":{"id":"application-managepartners-display-component---NewPartner--addressDetailDetailsCity1","interaction":{"idSuffix":"inner"}},"clearTextFirst":true,"interactionType":"ENTER_TEXT"}]}
RESULT: {}
RESULT: {"script":"<script> [776 bytes]","args":[{"enterText":"Bucharest","selector":{"id":"application-managepartners-display-component---NewPartner--addressDetailDetailsCity1","interaction":{"idSuffix":"inner"}},"clearTextFirst":true,"interactionType":"ENTER_TEXT"}]}
COMMAND: POST /session/9d8ca4f443e10c92ec3d27965efc7b95/execute/async - {"script":"<script> [1562 bytes]","args":[{"selector":{"id":"application-managepartners-display-component---NewPartner--addressDetailDetailsCountry","interaction":{"idSuffix":"inner"}},"wdio_ui5_key":"applicationmanagepartners-display-component---NewPartner--addressDetailDetailsCountry"}]}
RESULT: {"script":"<script> [1562 bytes]","args":[{"selector":{"id":"application-managepartners-display-component---NewPartner--addressDetailDetailsCountry","interaction":{"idSuffix":"inner"}},"wdio_ui5_key":"applicationmanagepartners-display-component---NewPartner--addressDetailDetailsCountry"}]}
RESULT: undefined
COMMAND: POST /session/9d8ca4f443e10c92ec3d27965efc7b95/execute/async - {"script":"<script> [6424 bytes]","args":[{"element-6066-11e4-a52e-4f735466cecf":"f.B9E415FFB169685FBD41AE9B33AE754C.d.4607637F6679C1488C4C4E33D8A88C7E.e.2104"},"setValue",["Romania"]]}
RESULT: {"script":"<script> [6424 bytes]","args":[{"element-6066-11e4-a52e-4f735466cecf":"f.B9E415FFB169685FBD41AE9B33AE754C.d.4607637F6679C1488C4C4E33D8A88C7E.e.2104"},"setValue",["Romania"]]}
COMMAND: POST /session/9d8ca4f443e10c92ec3d27965efc7b95/execute/async - {"script":"<script> [1562 bytes]","args":[{"selector":{"id":"application-managepartners-display-component---NewPartner--partnerDetailInternal","interaction":{"idSuffix":"inner"}},"wdio_ui5_key":"applicationmanagepartners-display-component---NewPartner--partnerDetailInternal"}]}
RESULT: {"script":"<script> [1562 bytes]","args":[{"selector":{"id":"application-managepartners-display-component---NewPartner--partnerDetailInternal","interaction":{"idSuffix":"inner"}},"wdio_ui5_key":"applicationmanagepartners-display-component---NewPartner--partnerDetailInternal"}]}
RESULT: undefined
COMMAND: POST /session/9d8ca4f443e10c92ec3d27965efc7b95/execute/async - {"script":"<script> [776 bytes]","args":[{"enterText":"External partner","selector":{"id":"application-managepartners-display-component---NewPartner--partnerDetailInternal","interaction":{"idSuffix":"inner"}},"clearTextFirst":true,"interactionType":"ENTER_TEXT"}]}
RESULT: {"script":"<script> [776 bytes]","args":[{"enterText":"External partner","selector":{"id":"application-managepartners-display-component---NewPartner--partnerDetailInternal","interaction":{"idSuffix":"inner"}},"clearTextFirst":true,"interactionType":"ENTER_TEXT"}]}
COMMAND: POST /session/9d8ca4f443e10c92ec3d27965efc7b95/execute/async - {"script":"<script> [1562 bytes]","args":[{"selector":{"id":"application-managepartners-display-component---NewPartner--partnerDetailsCurrency","interaction":{"idSuffix":"inner"}},"wdio_ui5_key":"applicationmanagepartners-display-component---NewPartner--partnerDetailsCurrency"}]}
RESULT: {"script":"<script> [1562 bytes]","args":[{"selector":{"id":"application-managepartners-display-component---NewPartner--partnerDetailsCurrency","interaction":{"idSuffix":"inner"}},"wdio_ui5_key":"applicationmanagepartners-display-component---NewPartner--partnerDetailsCurrency"}]}
RESULT: undefined
COMMAND: POST /session/9d8ca4f443e10c92ec3d27965efc7b95/execute/async - {"script":"<script> [776 bytes]","args":[{"enterText":"Euro","selector":{"id":"application-managepartners-display-component---NewPartner--partnerDetailsCurrency","interaction":{"idSuffix":"inner"}},"clearTextFirst":true,"interactionType":"ENTER_TEXT"}]}
RESULT: {"script":"<script> [776 bytes]","args":[{"enterText":"Euro","selector":{"id":"application-managepartners-display-component---NewPartner--partnerDetailsCurrency","interaction":{"idSuffix":"inner"}},"clearTextFirst":true,"interactionType":"ENTER_TEXT"}]}
COMMAND: POST /session/9d8ca4f443e10c92ec3d27965efc7b95/execute/async - {"script":"<script> [1562 bytes]","args":[{"selector":{"controlType":"sap.m.Button","viewName":"etm.portal.ui.managepartners.view.NewPartner","viewId":"application-managepartners-display-component---NewPartner","properties":{"text":"Commercial"},"interaction":{"idSuffix":"BDI-content"}},"wdio_ui5_key":"etmportal.ui.managepartners.view.NewPartnersap.m.Button{\"text\":\"Commercial\"}"}]}
RESULT: {"script":"<script> [1562 bytes]","args":[{"selector":{"controlType":"sap.m.Button","viewName":"etm.portal.ui.managepartners.view.NewPartner","viewId":"application-managepartners-display-component---NewPartner","properties":{"text":"Commercial"},"interaction":{"idSuffix":"BDI-content"}},"wdio_ui5_key":"etmportal.ui.managepartners.view.NewPartnersap.m.Button{\"text\":\"Commercial\"}"}]}
RESULT: undefined
COMMAND: POST /session/9d8ca4f443e10c92ec3d27965efc7b95/element - {"using":"xpath","value":"//*[@id=\"application-managepartners-display-component---NewPartner--ObjectPageLayout-anchBar-__section29-anchor\"]"}
RESULT: {"using":"xpath","value":"//*[@id=\"application-managepartners-display-component---NewPartner--ObjectPageLayout-anchBar-__section29-anchor\"]"}
COMMAND: POST /session/9d8ca4f443e10c92ec3d27965efc7b95/element/f.B9E415FFB169685FBD41AE9B33AE754C.d.4607637F6679C1488C4C4E33D8A88C7E.e.2344/click - {}
RESULT: {}
COMMAND: GET /session/9d8ca4f443e10c92ec3d27965efc7b95/screenshot - {}
RESULT: {}
COMMAND: POST /session/9d8ca4f443e10c92ec3d27965efc7b95/execute/async - {"script":"<script> [1562 bytes]","args":[{"selector":{"id":"application-managepartners-display-component---NewPartner--btnAddTableRow-img"},"wdio_ui5_key":"applicationmanagepartners-display-component---NewPartner--btnAddTableRow-img"}]}
RESULT: {"script":"<script> [1562 bytes]","args":[{"selector":{"id":"application-managepartners-display-component---NewPartner--btnAddTableRow-img"},"wdio_ui5_key":"applicationmanagepartners-display-component---NewPartner--btnAddTableRow-img"}]}
RESULT: undefined
COMMAND: POST /session/9d8ca4f443e10c92ec3d27965efc7b95/element - {"using":"xpath","value":"//*[@id=\"application-managepartners-display-component---NewPartner--btnAddTableRow-img\"]"}
RESULT: {"using":"xpath","value":"//*[@id=\"application-managepartners-display-component---NewPartner--btnAddTableRow-img\"]"}
COMMAND: POST /session/9d8ca4f443e10c92ec3d27965efc7b95/element/f.B9E415FFB169685FBD41AE9B33AE754C.d.4607637F6679C1488C4C4E33D8A88C7E.e.2350/click - {}
RESULT: {}
COMMAND: POST /session/9d8ca4f443e10c92ec3d27965efc7b95/element - {"using":"xpath","value":"//input[contains(@id ,\"application-managepartners-display-component---NewPartner--assignmentYard-application-managepartners-display-component---NewPartner\")]"}
COMMAND: GET /session/9d8ca4f443e10c92ec3d27965efc7b95/screenshot - {}
RESULT: {"using":"xpath","value":"//input[contains(@id ,\"application-managepartners-display-component---NewPartner--assignmentYard-application-managepartners-display-component---NewPartner\")]"}
COMMAND: POST /session/9d8ca4f443e10c92ec3d27965efc7b95/element/f.B9E415FFB169685FBD41AE9B33AE754C.d.4607637F6679C1488C4C4E33D8A88C7E.e.2353/clear - {}
RESULT: {}
RESULT: {}
COMMAND: POST /session/9d8ca4f443e10c92ec3d27965efc7b95/element/f.B9E415FFB169685FBD41AE9B33AE754C.d.4607637F6679C1488C4C4E33D8A88C7E.e.2353/value - {"text":"WebdriverYardi9y31"}
COMMAND: GET /session/9d8ca4f443e10c92ec3d27965efc7b95/screenshot - {}
RESULT: {"text":"WebdriverYardi9y31"}
COMMAND: GET /session/9d8ca4f443e10c92ec3d27965efc7b95/screenshot - {}
RESULT: {}
RESULT: {}
COMMAND: POST /session/9d8ca4f443e10c92ec3d27965efc7b95/execute/async - {"script":"<script> [1562 bytes]","args":[{"selector":{"controlType":"sap.m.Button","viewName":"etm.portal.ui.managepartners.view.NewPartner","viewId":"application-managepartners-display-component---NewPartner","i18NText":{"propertyName":"text","key":"save"},"interaction":{"idSuffix":"BDI-content"}},"wdio_ui5_key":"etmportal.ui.managepartners.view.NewPartnersap.m.Button{\"propertyName\":\"text\",\"key\":\"save\"}"}]}
RESULT: {"script":"<script> [1562 bytes]","args":[{"selector":{"controlType":"sap.m.Button","viewName":"etm.portal.ui.managepartners.view.NewPartner","viewId":"application-managepartners-display-component---NewPartner","i18NText":{"propertyName":"text","key":"save"},"interaction":{"idSuffix":"BDI-content"}},"wdio_ui5_key":"etmportal.ui.managepartners.view.NewPartnersap.m.Button{\"propertyName\":\"text\",\"key\":\"save\"}"}]}
RESULT: undefined
COMMAND: POST /session/9d8ca4f443e10c92ec3d27965efc7b95/element - {"using":"xpath","value":"//*[@id=\"__button68\"]"}
RESULT: {"using":"xpath","value":"//*[@id=\"__button68\"]"}
COMMAND: POST /session/9d8ca4f443e10c92ec3d27965efc7b95/element/f.B9E415FFB169685FBD41AE9B33AE754C.d.4607637F6679C1488C4C4E33D8A88C7E.e.2322/click - {}
RESULT: {}
COMMAND: GET /session/9d8ca4f443e10c92ec3d27965efc7b95/screenshot - {}
RESULT: {}
COMMAND: POST /session/9d8ca4f443e10c92ec3d27965efc7b95/element - {"using":"xpath","value":"//header/div/div[2]/div[2]/span"}
RESULT: {"using":"xpath","value":"//header/div/div[2]/div[2]/span"}
COMMAND: GET /session/9d8ca4f443e10c92ec3d27965efc7b95/element/f.B9E415FFB169685FBD41AE9B33AE754C.d.4607637F6679C1488C4C4E33D8A88C7E.e.2527/text - {}
RESULT: {}
COMMAND: POST /session/9d8ca4f443e10c92ec3d27965efc7b95/element - {"using":"xpath","value":"//header/div/div/div/div/div/div[2]/div/span"}
RESULT: {"using":"xpath","value":"//header/div/div/div/div/div/div[2]/div/span"}
COMMAND: GET /session/9d8ca4f443e10c92ec3d27965efc7b95/element/f.B9E415FFB169685FBD41AE9B33AE754C.d.4607637F6679C1488C4C4E33D8A88C7E.e.2528/text - {}
RESULT: {}
COMMAND: POST /session/9d8ca4f443e10c92ec3d27965efc7b95/execute/async - {"script":"<script> [1562 bytes]","args":[{"selector":{"id":"application-managepartners-display-component---detailPtm--partnerType"},"wdio_ui5_key":"applicationmanagepartners-display-component---detailPtm--partnerType"}]}
RESULT: {"script":"<script> [1562 bytes]","args":[{"selector":{"id":"application-managepartners-display-component---detailPtm--partnerType"},"wdio_ui5_key":"applicationmanagepartners-display-component---detailPtm--partnerType"}]}
RESULT: undefined
COMMAND: POST /session/9d8ca4f443e10c92ec3d27965efc7b95/execute/async - {"script":"<script> [6424 bytes]","args":[{"element-6066-11e4-a52e-4f735466cecf":"f.B9E415FFB169685FBD41AE9B33AE754C.d.4607637F6679C1488C4C4E33D8A88C7E.e.2529"},"getText",[]]}
RESULT: {"script":"<script> [6424 bytes]","args":[{"element-6066-11e4-a52e-4f735466cecf":"f.B9E415FFB169685FBD41AE9B33AE754C.d.4607637F6679C1488C4C4E33D8A88C7E.e.2529"},"getText",[]]}
COMMAND: POST /session/9d8ca4f443e10c92ec3d27965efc7b95/element - {"using":"css selector","value":"#shell-header-logo"}
RESULT: {"using":"css selector","value":"#shell-header-logo"}
COMMAND: POST /session/9d8ca4f443e10c92ec3d27965efc7b95/element/f.B9E415FFB169685FBD41AE9B33AE754C.d.4607637F6679C1488C4C4E33D8A88C7E.e.1876/click - {}
RESULT: {}
COMMAND: GET /session/9d8ca4f443e10c92ec3d27965efc7b95/screenshot - {}
RESULT: {}
]]></system-out>
    </testcase>
    <testcase classname="chrome.136_0_7103_93.windows.Webshop_-_Hyperlinks_visible_and_working_properly__US139085" name="Should create a new contract" time="104.499">
      <system-out><![CDATA[
COMMAND: POST /session/9d8ca4f443e10c92ec3d27965efc7b95/execute/async - {"script":"<script> [1562 bytes]","args":[{"selector":{"controlType":"sap.m.GenericTile","properties":{"header":"Manage Contracts"}},"wdio_ui5_key":"sapm.GenericTile{\"header\":\"Manage Contracts\"}"}]}
RESULT: {"script":"<script> [1562 bytes]","args":[{"selector":{"controlType":"sap.m.GenericTile","properties":{"header":"Manage Contracts"}},"wdio_ui5_key":"sapm.GenericTile{\"header\":\"Manage Contracts\"}"}]}
RESULT: undefined
COMMAND: POST /session/9d8ca4f443e10c92ec3d27965efc7b95/element - {"using":"xpath","value":"//*[@id=\"__tile130\"]"}
RESULT: {"using":"xpath","value":"//*[@id=\"__tile130\"]"}
COMMAND: POST /session/9d8ca4f443e10c92ec3d27965efc7b95/element/f.B9E415FFB169685FBD41AE9B33AE754C.d.4607637F6679C1488C4C4E33D8A88C7E.e.2531/click - {}
RESULT: {}
COMMAND: GET /session/9d8ca4f443e10c92ec3d27965efc7b95/screenshot - {}
RESULT: {}
COMMAND: POST /session/9d8ca4f443e10c92ec3d27965efc7b95/elements - {"using":"xpath","value":"//span[text()='Error']"}
RESULT: {"using":"xpath","value":"//span[text()='Error']"}
COMMAND: POST /session/9d8ca4f443e10c92ec3d27965efc7b95/element - {"using":"xpath","value":"//button[@data-kt=\"addButton\"]"}
RESULT: {"using":"xpath","value":"//button[@data-kt=\"addButton\"]"}
COMMAND: POST /session/9d8ca4f443e10c92ec3d27965efc7b95/element/f.B9E415FFB169685FBD41AE9B33AE754C.d.4607637F6679C1488C4C4E33D8A88C7E.e.2583/click - {}
RESULT: {}
COMMAND: GET /session/9d8ca4f443e10c92ec3d27965efc7b95/screenshot - {}
RESULT: {}
COMMAND: POST /session/9d8ca4f443e10c92ec3d27965efc7b95/execute/async - {"script":"<script> [1562 bytes]","args":[{"selector":{"id":"application-managecontracts-display-component---AddNewContract--projectDescription","interaction":{"idSuffix":"inner"}},"wdio_ui5_key":"applicationmanagecontracts-display-component---AddNewContract--projectDescription"}]}
RESULT: {"script":"<script> [1562 bytes]","args":[{"selector":{"id":"application-managecontracts-display-component---AddNewContract--projectDescription","interaction":{"idSuffix":"inner"}},"wdio_ui5_key":"applicationmanagecontracts-display-component---AddNewContract--projectDescription"}]}
RESULT: undefined
COMMAND: POST /session/9d8ca4f443e10c92ec3d27965efc7b95/execute/async - {"script":"<script> [776 bytes]","args":[{"enterText":"WdIOTest9x2g8k","selector":{"id":"application-managecontracts-display-component---AddNewContract--projectDescription","interaction":{"idSuffix":"inner"}},"clearTextFirst":true,"interactionType":"ENTER_TEXT"}]}
RESULT: {"script":"<script> [776 bytes]","args":[{"enterText":"WdIOTest9x2g8k","selector":{"id":"application-managecontracts-display-component---AddNewContract--projectDescription","interaction":{"idSuffix":"inner"}},"clearTextFirst":true,"interactionType":"ENTER_TEXT"}]}
COMMAND: POST /session/9d8ca4f443e10c92ec3d27965efc7b95/element - {"using":"xpath","value":"//input[@id=\"application-managecontracts-display-component---AddNewContract--yardId-inner\"]"}
RESULT: {"using":"xpath","value":"//input[@id=\"application-managecontracts-display-component---AddNewContract--yardId-inner\"]"}
COMMAND: POST /session/9d8ca4f443e10c92ec3d27965efc7b95/element/f.B9E415FFB169685FBD41AE9B33AE754C.d.4607637F6679C1488C4C4E33D8A88C7E.e.2845/clear - {}
RESULT: {}
COMMAND: POST /session/9d8ca4f443e10c92ec3d27965efc7b95/element/f.B9E415FFB169685FBD41AE9B33AE754C.d.4607637F6679C1488C4C4E33D8A88C7E.e.2845/value - {"text":"WebdriverYardi9y31"}
COMMAND: GET /session/9d8ca4f443e10c92ec3d27965efc7b95/screenshot - {}
RESULT: {"text":"WebdriverYardi9y31"}
COMMAND: GET /session/9d8ca4f443e10c92ec3d27965efc7b95/screenshot - {}
RESULT: {}
RESULT: {}
COMMAND: POST /session/9d8ca4f443e10c92ec3d27965efc7b95/actions - {"actions":[{"id":"action5","type":"key","parameters":{},"actions":[{"type":"keyDown","value":""},{"type":"pause","duration":10},{"type":"keyUp","value":""}]}]}
RESULT: {"actions":[{"id":"action5","type":"key","parameters":{},"actions":[{"type":"keyDown","value":""},{"type":"pause","duration":10},{"type":"keyUp","value":""}]}]}
COMMAND: GET /session/9d8ca4f443e10c92ec3d27965efc7b95/screenshot - {}
RESULT: {}
COMMAND: POST /session/9d8ca4f443e10c92ec3d27965efc7b95/element - {"using":"xpath","value":"//input[@id=\"application-managecontracts-display-component---AddNewContract--customerSelect-inner\"]"}
RESULT: {"using":"xpath","value":"//input[@id=\"application-managecontracts-display-component---AddNewContract--customerSelect-inner\"]"}
COMMAND: POST /session/9d8ca4f443e10c92ec3d27965efc7b95/element/f.B9E415FFB169685FBD41AE9B33AE754C.d.4607637F6679C1488C4C4E33D8A88C7E.e.2843/clear - {}
RESULT: {}
COMMAND: POST /session/9d8ca4f443e10c92ec3d27965efc7b95/element/f.B9E415FFB169685FBD41AE9B33AE754C.d.4607637F6679C1488C4C4E33D8A88C7E.e.2843/value - {"text":"WebdriverPartnerahahv"}
COMMAND: GET /session/9d8ca4f443e10c92ec3d27965efc7b95/screenshot - {}
RESULT: {"text":"WebdriverPartnerahahv"}
COMMAND: GET /session/9d8ca4f443e10c92ec3d27965efc7b95/screenshot - {}
RESULT: {}
RESULT: {}
COMMAND: POST /session/9d8ca4f443e10c92ec3d27965efc7b95/actions - {"actions":[{"id":"action6","type":"key","parameters":{},"actions":[{"type":"keyDown","value":""},{"type":"pause","duration":10},{"type":"keyUp","value":""}]}]}
RESULT: {"actions":[{"id":"action6","type":"key","parameters":{},"actions":[{"type":"keyDown","value":""},{"type":"pause","duration":10},{"type":"keyUp","value":""}]}]}
COMMAND: GET /session/9d8ca4f443e10c92ec3d27965efc7b95/screenshot - {}
RESULT: {}
COMMAND: POST /session/9d8ca4f443e10c92ec3d27965efc7b95/element - {"using":"xpath","value":"//input[@id=\"application-managecontracts-display-component---AddNewContract--site-inner\"]"}
RESULT: {"using":"xpath","value":"//input[@id=\"application-managecontracts-display-component---AddNewContract--site-inner\"]"}
COMMAND: POST /session/9d8ca4f443e10c92ec3d27965efc7b95/element/f.B9E415FFB169685FBD41AE9B33AE754C.d.4607637F6679C1488C4C4E33D8A88C7E.e.2844/clear - {}
RESULT: {}
COMMAND: POST /session/9d8ca4f443e10c92ec3d27965efc7b95/element/f.B9E415FFB169685FBD41AE9B33AE754C.d.4607637F6679C1488C4C4E33D8A88C7E.e.2844/value - {"text":"WebdriverSite3asx"}
COMMAND: GET /session/9d8ca4f443e10c92ec3d27965efc7b95/screenshot - {}
RESULT: {"text":"WebdriverSite3asx"}
COMMAND: GET /session/9d8ca4f443e10c92ec3d27965efc7b95/screenshot - {}
RESULT: {}
RESULT: {}
COMMAND: POST /session/9d8ca4f443e10c92ec3d27965efc7b95/actions - {"actions":[{"id":"action7","type":"key","parameters":{},"actions":[{"type":"keyDown","value":""},{"type":"pause","duration":10},{"type":"keyUp","value":""}]}]}
RESULT: {"actions":[{"id":"action7","type":"key","parameters":{},"actions":[{"type":"keyDown","value":""},{"type":"pause","duration":10},{"type":"keyUp","value":""}]}]}
COMMAND: GET /session/9d8ca4f443e10c92ec3d27965efc7b95/screenshot - {}
RESULT: {}
COMMAND: POST /session/9d8ca4f443e10c92ec3d27965efc7b95/element - {"using":"xpath","value":"//button[@data-kt=\"saveButton\"]"}
RESULT: {"using":"xpath","value":"//button[@data-kt=\"saveButton\"]"}
COMMAND: POST /session/9d8ca4f443e10c92ec3d27965efc7b95/element/f.B9E415FFB169685FBD41AE9B33AE754C.d.4607637F6679C1488C4C4E33D8A88C7E.e.2918/click - {}
RESULT: {}
COMMAND: GET /session/9d8ca4f443e10c92ec3d27965efc7b95/screenshot - {}
RESULT: {}
COMMAND: POST /session/9d8ca4f443e10c92ec3d27965efc7b95/execute/async - {"script":"<script> [1562 bytes]","args":[{"selector":{"id":"contractDetailTitleNoExpanded","viewName":"etm.portal.ui.managecontracts.view.Detail"},"wdio_ui5_key":"contractDetailTitleNoExpandedetmportal.ui.managecontracts.view.Detail"}]}
RESULT: {"script":"<script> [1562 bytes]","args":[{"selector":{"id":"contractDetailTitleNoExpanded","viewName":"etm.portal.ui.managecontracts.view.Detail"},"wdio_ui5_key":"contractDetailTitleNoExpandedetmportal.ui.managecontracts.view.Detail"}]}
RESULT: undefined
COMMAND: POST /session/9d8ca4f443e10c92ec3d27965efc7b95/execute/async - {"script":"<script> [6424 bytes]","args":[{"element-6066-11e4-a52e-4f735466cecf":"f.B9E415FFB169685FBD41AE9B33AE754C.d.4607637F6679C1488C4C4E33D8A88C7E.e.3000"},"getText",[]]}
RESULT: {"script":"<script> [6424 bytes]","args":[{"element-6066-11e4-a52e-4f735466cecf":"f.B9E415FFB169685FBD41AE9B33AE754C.d.4607637F6679C1488C4C4E33D8A88C7E.e.3000"},"getText",[]]}
COMMAND: POST /session/9d8ca4f443e10c92ec3d27965efc7b95/element - {"using":"css selector","value":"#shell-header-logo"}
RESULT: {"using":"css selector","value":"#shell-header-logo"}
COMMAND: POST /session/9d8ca4f443e10c92ec3d27965efc7b95/element/f.B9E415FFB169685FBD41AE9B33AE754C.d.4607637F6679C1488C4C4E33D8A88C7E.e.2533/click - {}
RESULT: {}
COMMAND: GET /session/9d8ca4f443e10c92ec3d27965efc7b95/screenshot - {}
RESULT: {}
]]></system-out>
    </testcase>
    <testcase classname="chrome.136_0_7103_93.windows.Webshop_-_Hyperlinks_visible_and_working_properly__US139085" name="Should create a new webshop request and verify yard hyperlinks" time="248.994">
      <system-out><![CDATA[
COMMAND: POST /session/9d8ca4f443e10c92ec3d27965efc7b95/execute/async - {"script":"<script> [1562 bytes]","args":[{"selector":{"controlType":"sap.m.GenericTile","properties":{"header":"Webshop"}},"wdio_ui5_key":"sapm.GenericTile{\"header\":\"Webshop\"}"}]}
RESULT: {"script":"<script> [1562 bytes]","args":[{"selector":{"controlType":"sap.m.GenericTile","properties":{"header":"Webshop"}},"wdio_ui5_key":"sapm.GenericTile{\"header\":\"Webshop\"}"}]}
RESULT: undefined
COMMAND: POST /session/9d8ca4f443e10c92ec3d27965efc7b95/element - {"using":"xpath","value":"//*[@id=\"__tile49\"]"}
RESULT: {"using":"xpath","value":"//*[@id=\"__tile49\"]"}
COMMAND: POST /session/9d8ca4f443e10c92ec3d27965efc7b95/element/f.B9E415FFB169685FBD41AE9B33AE754C.d.4607637F6679C1488C4C4E33D8A88C7E.e.3005/click - {}
RESULT: {}
COMMAND: GET /session/9d8ca4f443e10c92ec3d27965efc7b95/screenshot - {}
RESULT: {}
COMMAND: POST /session/9d8ca4f443e10c92ec3d27965efc7b95/elements - {"using":"xpath","value":"//span[text()='Error']"}
RESULT: {"using":"xpath","value":"//span[text()='Error']"}
COMMAND: POST /session/9d8ca4f443e10c92ec3d27965efc7b95/element - {"using":"css selector","value":"#requestCreationDialog--createRequestPopUp-title-inner"}
RESULT: {"using":"css selector","value":"#requestCreationDialog--createRequestPopUp-title-inner"}
COMMAND: POST /session/9d8ca4f443e10c92ec3d27965efc7b95/execute/sync - {"script":"<script> [8489 bytes]","args":[{"element-6066-11e4-a52e-4f735466cecf":"f.B9E415FFB169685FBD41AE9B33AE754C.d.4607637F6679C1488C4C4E33D8A88C7E.e.3032","ELEMENT":"f.B9E415FFB169685FBD41AE9B33AE754C.d.4607637F6679C1488C4C4E33D8A88C7E.e.3032"}]}
RESULT: {"script":"<script> [8489 bytes]","args":[{"element-6066-11e4-a52e-4f735466cecf":"f.B9E415FFB169685FBD41AE9B33AE754C.d.4607637F6679C1488C4C4E33D8A88C7E.e.3032","ELEMENT":"f.B9E415FFB169685FBD41AE9B33AE754C.d.4607637F6679C1488C4C4E33D8A88C7E.e.3032"}]}
COMMAND: GET /session/9d8ca4f443e10c92ec3d27965efc7b95/element/f.B9E415FFB169685FBD41AE9B33AE754C.d.4607637F6679C1488C4C4E33D8A88C7E.e.3032/enabled - {}
COMMAND: GET /session/9d8ca4f443e10c92ec3d27965efc7b95/screenshot - {}
RESULT: {}
COMMAND: POST /session/9d8ca4f443e10c92ec3d27965efc7b95/execute/async - {"script":"<script> [1562 bytes]","args":[{"selector":{"id":"requestCreationDialog--requestName","searchOpenDialogs":true,"interaction":{"idSuffix":"inner"}},"wdio_ui5_key":"requestCreationDialogrequestName"}]}
COMMAND: GET /session/9d8ca4f443e10c92ec3d27965efc7b95/screenshot - {}
RESULT: {}
RESULT: {"script":"<script> [1562 bytes]","args":[{"selector":{"id":"requestCreationDialog--requestName","searchOpenDialogs":true,"interaction":{"idSuffix":"inner"}},"wdio_ui5_key":"requestCreationDialogrequestName"}]}
RESULT: undefined
COMMAND: POST /session/9d8ca4f443e10c92ec3d27965efc7b95/execute/async - {"script":"<script> [776 bytes]","args":[{"enterText":"WebdriverTest","selector":{"id":"requestCreationDialog--requestName","searchOpenDialogs":true,"interaction":{"idSuffix":"inner"}},"clearTextFirst":true,"interactionType":"ENTER_TEXT"}]}
RESULT: {}
RESULT: {"script":"<script> [776 bytes]","args":[{"enterText":"WebdriverTest","selector":{"id":"requestCreationDialog--requestName","searchOpenDialogs":true,"interaction":{"idSuffix":"inner"}},"clearTextFirst":true,"interactionType":"ENTER_TEXT"}]}
COMMAND: POST /session/9d8ca4f443e10c92ec3d27965efc7b95/element - {"using":"xpath","value":"//input[contains(@id ,\"requestCreationDialog--contract-inner\")]"}
RESULT: {"using":"xpath","value":"//input[contains(@id ,\"requestCreationDialog--contract-inner\")]"}
COMMAND: POST /session/9d8ca4f443e10c92ec3d27965efc7b95/element/f.B9E415FFB169685FBD41AE9B33AE754C.d.4607637F6679C1488C4C4E33D8A88C7E.e.3018/clear - {}
RESULT: {}
COMMAND: POST /session/9d8ca4f443e10c92ec3d27965efc7b95/element/f.B9E415FFB169685FBD41AE9B33AE754C.d.4607637F6679C1488C4C4E33D8A88C7E.e.3018/value - {"text":"10308"}
COMMAND: GET /session/9d8ca4f443e10c92ec3d27965efc7b95/screenshot - {}
RESULT: {"text":"10308"}
COMMAND: GET /session/9d8ca4f443e10c92ec3d27965efc7b95/screenshot - {}
RESULT: {}
RESULT: {}
COMMAND: POST /session/9d8ca4f443e10c92ec3d27965efc7b95/actions - {"actions":[{"id":"action8","type":"key","parameters":{},"actions":[{"type":"keyDown","value":""},{"type":"pause","duration":10},{"type":"keyUp","value":""}]}]}
RESULT: {"actions":[{"id":"action8","type":"key","parameters":{},"actions":[{"type":"keyDown","value":""},{"type":"pause","duration":10},{"type":"keyUp","value":""}]}]}
COMMAND: GET /session/9d8ca4f443e10c92ec3d27965efc7b95/screenshot - {}
RESULT: {}
COMMAND: POST /session/9d8ca4f443e10c92ec3d27965efc7b95/element - {"using":"xpath","value":"//input[contains(@id ,\"requestCreationDialog--contract-inner\")]"}
RESULT: {"using":"xpath","value":"//input[contains(@id ,\"requestCreationDialog--contract-inner\")]"}
COMMAND: GET /session/9d8ca4f443e10c92ec3d27965efc7b95/element/f.B9E415FFB169685FBD41AE9B33AE754C.d.4607637F6679C1488C4C4E33D8A88C7E.e.3018/property/value - {}
RESULT: {}
COMMAND: POST /session/9d8ca4f443e10c92ec3d27965efc7b95/element - {"using":"xpath","value":"//input[contains(@id ,\"requestCreationDialog--contract-inner\")]"}
COMMAND: GET /session/9d8ca4f443e10c92ec3d27965efc7b95/screenshot - {}
RESULT: {"using":"xpath","value":"//input[contains(@id ,\"requestCreationDialog--contract-inner\")]"}
COMMAND: POST /session/9d8ca4f443e10c92ec3d27965efc7b95/execute/async - {"script":"<script> [1562 bytes]","args":[{"selector":{"id":"requestCreationDialog--okButton","searchOpenDialogs":true,"interaction":{"idSuffix":"BDI-content"}},"wdio_ui5_key":"requestCreationDialogokButton"}]}
RESULT: {}
RESULT: {"script":"<script> [1562 bytes]","args":[{"selector":{"id":"requestCreationDialog--okButton","searchOpenDialogs":true,"interaction":{"idSuffix":"BDI-content"}},"wdio_ui5_key":"requestCreationDialogokButton"}]}
RESULT: undefined
COMMAND: POST /session/9d8ca4f443e10c92ec3d27965efc7b95/element - {"using":"xpath","value":"//*[@id=\"requestCreationDialog--okButton\"]"}
RESULT: {"using":"xpath","value":"//*[@id=\"requestCreationDialog--okButton\"]"}
COMMAND: POST /session/9d8ca4f443e10c92ec3d27965efc7b95/element/f.B9E415FFB169685FBD41AE9B33AE754C.d.4607637F6679C1488C4C4E33D8A88C7E.e.3040/click - {}
RESULT: {}
COMMAND: GET /session/9d8ca4f443e10c92ec3d27965efc7b95/screenshot - {}
RESULT: {}
COMMAND: POST /session/9d8ca4f443e10c92ec3d27965efc7b95/element - {"using":"xpath","value":"//input[contains(@id ,\"searchFiledId-I\")]"}
RESULT: {"using":"xpath","value":"//input[contains(@id ,\"searchFiledId-I\")]"}
COMMAND: POST /session/9d8ca4f443e10c92ec3d27965efc7b95/element/f.B9E415FFB169685FBD41AE9B33AE754C.d.4607637F6679C1488C4C4E33D8A88C7E.e.3011/value - {"text":"Dri-Prime CD150M Diesel Pump"}
RESULT: {"text":"Dri-Prime CD150M Diesel Pump"}
COMMAND: POST /session/9d8ca4f443e10c92ec3d27965efc7b95/actions - {"actions":[{"id":"action9","type":"key","parameters":{},"actions":[{"type":"keyDown","value":""},{"type":"pause","duration":10},{"type":"keyUp","value":""}]}]}
COMMAND: GET /session/9d8ca4f443e10c92ec3d27965efc7b95/screenshot - {}
RESULT: {"actions":[{"id":"action9","type":"key","parameters":{},"actions":[{"type":"keyDown","value":""},{"type":"pause","duration":10},{"type":"keyUp","value":""}]}]}
COMMAND: GET /session/9d8ca4f443e10c92ec3d27965efc7b95/screenshot - {}
RESULT: {}
RESULT: {}
COMMAND: POST /session/9d8ca4f443e10c92ec3d27965efc7b95/element - {"using":"xpath","value":"//span[contains(@id ,\"subTitle\")][contains(text(), \"Dri-Prime CD150M Diesel Pump\")]"}
RESULT: {"using":"xpath","value":"//span[contains(@id ,\"subTitle\")][contains(text(), \"Dri-Prime CD150M Diesel Pump\")]"}
COMMAND: POST /session/9d8ca4f443e10c92ec3d27965efc7b95/element/f.B9E415FFB169685FBD41AE9B33AE754C.d.4607637F6679C1488C4C4E33D8A88C7E.e.3048/click - {}
RESULT: {}
COMMAND: GET /session/9d8ca4f443e10c92ec3d27965efc7b95/screenshot - {}
RESULT: {}
COMMAND: POST /session/9d8ca4f443e10c92ec3d27965efc7b95/execute/async - {"script":"<script> [1562 bytes]","args":[{"selector":{"controlType":"sap.m.Button","viewName":"etm.portal.ui.webshop.view.Homepage","i18NText":{"propertyName":"text","key":"addToRequest"},"interaction":{"idSuffix":"BDI-content"}},"wdio_ui5_key":"etmportal.ui.webshop.view.Homepagesap.m.Button{\"propertyName\":\"text\",\"key\":\"addToRequest\"}"}]}
RESULT: {"script":"<script> [1562 bytes]","args":[{"selector":{"controlType":"sap.m.Button","viewName":"etm.portal.ui.webshop.view.Homepage","i18NText":{"propertyName":"text","key":"addToRequest"},"interaction":{"idSuffix":"BDI-content"}},"wdio_ui5_key":"etmportal.ui.webshop.view.Homepagesap.m.Button{\"propertyName\":\"text\",\"key\":\"addToRequest\"}"}]}
RESULT: undefined
COMMAND: POST /session/9d8ca4f443e10c92ec3d27965efc7b95/element - {"using":"xpath","value":"//*[@id=\"__button134\"]"}
RESULT: {"using":"xpath","value":"//*[@id=\"__button134\"]"}
COMMAND: POST /session/9d8ca4f443e10c92ec3d27965efc7b95/element/f.B9E415FFB169685FBD41AE9B33AE754C.d.4607637F6679C1488C4C4E33D8A88C7E.e.3063/click - {}
RESULT: {}
COMMAND: GET /session/9d8ca4f443e10c92ec3d27965efc7b95/screenshot - {}
RESULT: {}
COMMAND: POST /session/9d8ca4f443e10c92ec3d27965efc7b95/element - {"using":"xpath","value":"//*[contains(@id ,\"activeCartId-BDI-content\")]"}
RESULT: {"using":"xpath","value":"//*[contains(@id ,\"activeCartId-BDI-content\")]"}
COMMAND: POST /session/9d8ca4f443e10c92ec3d27965efc7b95/element/f.B9E415FFB169685FBD41AE9B33AE754C.d.4607637F6679C1488C4C4E33D8A88C7E.e.3070/click - {}
RESULT: {}
COMMAND: GET /session/9d8ca4f443e10c92ec3d27965efc7b95/screenshot - {}
RESULT: {}
COMMAND: POST /session/9d8ca4f443e10c92ec3d27965efc7b95/element - {"using":"xpath","value":"//bdi[contains(text(), \"Check out my request\")]"}
RESULT: {"using":"xpath","value":"//bdi[contains(text(), \"Check out my request\")]"}
COMMAND: POST /session/9d8ca4f443e10c92ec3d27965efc7b95/element/f.B9E415FFB169685FBD41AE9B33AE754C.d.4607637F6679C1488C4C4E33D8A88C7E.e.3072/click - {}
RESULT: {}
COMMAND: GET /session/9d8ca4f443e10c92ec3d27965efc7b95/screenshot - {}
RESULT: {}
COMMAND: POST /session/9d8ca4f443e10c92ec3d27965efc7b95/element - {"using":"xpath","value":"//*[contains(@data-kt ,\"webshopDetailYardLink\")]"}
RESULT: {"using":"xpath","value":"//*[contains(@data-kt ,\"webshopDetailYardLink\")]"}
COMMAND: POST /session/9d8ca4f443e10c92ec3d27965efc7b95/element/f.B9E415FFB169685FBD41AE9B33AE754C.d.4607637F6679C1488C4C4E33D8A88C7E.e.3140/click - {}
RESULT: {}
COMMAND: POST /session/9d8ca4f443e10c92ec3d27965efc7b95/element - {"using":"xpath","value":"//*[contains(@data-kt ,\"ContextMenuId2Link\")][contains(text(), \"Yard Overview\")]"}
COMMAND: GET /session/9d8ca4f443e10c92ec3d27965efc7b95/screenshot - {}
RESULT: {"using":"xpath","value":"//*[contains(@data-kt ,\"ContextMenuId2Link\")][contains(text(), \"Yard Overview\")]"}
COMMAND: POST /session/9d8ca4f443e10c92ec3d27965efc7b95/execute/sync - {"script":"<script> [8489 bytes]","args":[{"element-6066-11e4-a52e-4f735466cecf":"f.B9E415FFB169685FBD41AE9B33AE754C.d.4607637F6679C1488C4C4E33D8A88C7E.e.3143","ELEMENT":"f.B9E415FFB169685FBD41AE9B33AE754C.d.4607637F6679C1488C4C4E33D8A88C7E.e.3143"}]}
COMMAND: POST /session/9d8ca4f443e10c92ec3d27965efc7b95/element - {"using":"xpath","value":"//*[contains(@data-kt ,\"ContextMenuId3Link\")][contains(text(), \"Yard Main Address\")]"}
RESULT: {}
RESULT: {"using":"xpath","value":"//*[contains(@data-kt ,\"ContextMenuId3Link\")][contains(text(), \"Yard Main Address\")]"}
COMMAND: POST /session/9d8ca4f443e10c92ec3d27965efc7b95/execute/sync - {"script":"<script> [8489 bytes]","args":[{"element-6066-11e4-a52e-4f735466cecf":"f.B9E415FFB169685FBD41AE9B33AE754C.d.4607637F6679C1488C4C4E33D8A88C7E.e.3144","ELEMENT":"f.B9E415FFB169685FBD41AE9B33AE754C.d.4607637F6679C1488C4C4E33D8A88C7E.e.3144"}]}
COMMAND: POST /session/9d8ca4f443e10c92ec3d27965efc7b95/element - {"using":"xpath","value":"//*[contains(@data-kt ,\"ContextMenuId2Link\")][contains(text(), \"Yard Overview\")]"}
RESULT: {"script":"<script> [8489 bytes]","args":[{"element-6066-11e4-a52e-4f735466cecf":"f.B9E415FFB169685FBD41AE9B33AE754C.d.4607637F6679C1488C4C4E33D8A88C7E.e.3143","ELEMENT":"f.B9E415FFB169685FBD41AE9B33AE754C.d.4607637F6679C1488C4C4E33D8A88C7E.e.3143"}]}
COMMAND: GET /session/9d8ca4f443e10c92ec3d27965efc7b95/screenshot - {}
RESULT: {"using":"xpath","value":"//*[contains(@data-kt ,\"ContextMenuId2Link\")][contains(text(), \"Yard Overview\")]"}
COMMAND: POST /session/9d8ca4f443e10c92ec3d27965efc7b95/element/f.B9E415FFB169685FBD41AE9B33AE754C.d.4607637F6679C1488C4C4E33D8A88C7E.e.3143/click - {}
RESULT: {"script":"<script> [8489 bytes]","args":[{"element-6066-11e4-a52e-4f735466cecf":"f.B9E415FFB169685FBD41AE9B33AE754C.d.4607637F6679C1488C4C4E33D8A88C7E.e.3144","ELEMENT":"f.B9E415FFB169685FBD41AE9B33AE754C.d.4607637F6679C1488C4C4E33D8A88C7E.e.3144"}]}
COMMAND: GET /session/9d8ca4f443e10c92ec3d27965efc7b95/screenshot - {}
RESULT: {}
RESULT: {}
COMMAND: GET /session/9d8ca4f443e10c92ec3d27965efc7b95/screenshot - {}
RESULT: {}
RESULT: {}
COMMAND: POST /session/9d8ca4f443e10c92ec3d27965efc7b95/execute/async - {"script":"<script> [1562 bytes]","args":[{"selector":{"id":"shellAppTitle"},"wdio_ui5_key":"shellAppTitle"}]}
RESULT: {"script":"<script> [1562 bytes]","args":[{"selector":{"id":"shellAppTitle"},"wdio_ui5_key":"shellAppTitle"}]}
RESULT: undefined
COMMAND: POST /session/9d8ca4f443e10c92ec3d27965efc7b95/execute/async - {"script":"<script> [6424 bytes]","args":[{"element-6066-11e4-a52e-4f735466cecf":"f.B9E415FFB169685FBD41AE9B33AE754C.d.4607637F6679C1488C4C4E33D8A88C7E.e.3279"},"getTitle",[]]}
RESULT: {"script":"<script> [6424 bytes]","args":[{"element-6066-11e4-a52e-4f735466cecf":"f.B9E415FFB169685FBD41AE9B33AE754C.d.4607637F6679C1488C4C4E33D8A88C7E.e.3279"},"getTitle",[]]}
COMMAND: POST /session/9d8ca4f443e10c92ec3d27965efc7b95/element - {"using":"xpath","value":"//span[contains(@id ,\"title\")][contains(text(), \"WebdriverYardi9y31\")]"}
RESULT: {"using":"xpath","value":"//span[contains(@id ,\"title\")][contains(text(), \"WebdriverYardi9y31\")]"}
COMMAND: POST /session/9d8ca4f443e10c92ec3d27965efc7b95/execute/sync - {"script":"<script> [8489 bytes]","args":[{"element-6066-11e4-a52e-4f735466cecf":"f.B9E415FFB169685FBD41AE9B33AE754C.d.4607637F6679C1488C4C4E33D8A88C7E.e.3280","ELEMENT":"f.B9E415FFB169685FBD41AE9B33AE754C.d.4607637F6679C1488C4C4E33D8A88C7E.e.3280"}]}
COMMAND: POST /session/9d8ca4f443e10c92ec3d27965efc7b95/execute/async - {"script":"<script> [1562 bytes]","args":[{"selector":{"id":"backBtn"},"wdio_ui5_key":"backBtn"}]}
RESULT: {"script":"<script> [8489 bytes]","args":[{"element-6066-11e4-a52e-4f735466cecf":"f.B9E415FFB169685FBD41AE9B33AE754C.d.4607637F6679C1488C4C4E33D8A88C7E.e.3280","ELEMENT":"f.B9E415FFB169685FBD41AE9B33AE754C.d.4607637F6679C1488C4C4E33D8A88C7E.e.3280"}]}
COMMAND: GET /session/9d8ca4f443e10c92ec3d27965efc7b95/screenshot - {}
RESULT: {"script":"<script> [1562 bytes]","args":[{"selector":{"id":"backBtn"},"wdio_ui5_key":"backBtn"}]}
RESULT: undefined
COMMAND: POST /session/9d8ca4f443e10c92ec3d27965efc7b95/element - {"using":"xpath","value":"//*[@id=\"backBtn\"]"}
COMMAND: POST /session/9d8ca4f443e10c92ec3d27965efc7b95/execute/sync - {"script":"<script> [8489 bytes]","args":[{"element-6066-11e4-a52e-4f735466cecf":"f.B9E415FFB169685FBD41AE9B33AE754C.d.4607637F6679C1488C4C4E33D8A88C7E.e.3280","ELEMENT":"f.B9E415FFB169685FBD41AE9B33AE754C.d.4607637F6679C1488C4C4E33D8A88C7E.e.3280"}]}
RESULT: {}
RESULT: {"using":"xpath","value":"//*[@id=\"backBtn\"]"}
COMMAND: POST /session/9d8ca4f443e10c92ec3d27965efc7b95/element/f.B9E415FFB169685FBD41AE9B33AE754C.d.4607637F6679C1488C4C4E33D8A88C7E.e.3281/click - {}
RESULT: {"script":"<script> [8489 bytes]","args":[{"element-6066-11e4-a52e-4f735466cecf":"f.B9E415FFB169685FBD41AE9B33AE754C.d.4607637F6679C1488C4C4E33D8A88C7E.e.3280","ELEMENT":"f.B9E415FFB169685FBD41AE9B33AE754C.d.4607637F6679C1488C4C4E33D8A88C7E.e.3280"}]}
COMMAND: GET /session/9d8ca4f443e10c92ec3d27965efc7b95/screenshot - {}
RESULT: {}
COMMAND: GET /session/9d8ca4f443e10c92ec3d27965efc7b95/screenshot - {}
RESULT: {}
COMMAND: POST /session/9d8ca4f443e10c92ec3d27965efc7b95/execute/sync - {"script":"<script> [8489 bytes]","args":[{"element-6066-11e4-a52e-4f735466cecf":"f.B9E415FFB169685FBD41AE9B33AE754C.d.4607637F6679C1488C4C4E33D8A88C7E.e.3280","ELEMENT":"f.B9E415FFB169685FBD41AE9B33AE754C.d.4607637F6679C1488C4C4E33D8A88C7E.e.3280"}]}
RESULT: {}
RESULT: {"script":"<script> [8489 bytes]","args":[{"element-6066-11e4-a52e-4f735466cecf":"f.B9E415FFB169685FBD41AE9B33AE754C.d.4607637F6679C1488C4C4E33D8A88C7E.e.3280","ELEMENT":"f.B9E415FFB169685FBD41AE9B33AE754C.d.4607637F6679C1488C4C4E33D8A88C7E.e.3280"}]}
COMMAND: GET /session/9d8ca4f443e10c92ec3d27965efc7b95/screenshot - {}
COMMAND: POST /session/9d8ca4f443e10c92ec3d27965efc7b95/execute/sync - {"script":"<script> [8489 bytes]","args":[{"element-6066-11e4-a52e-4f735466cecf":"f.B9E415FFB169685FBD41AE9B33AE754C.d.4607637F6679C1488C4C4E33D8A88C7E.e.3280","ELEMENT":"f.B9E415FFB169685FBD41AE9B33AE754C.d.4607637F6679C1488C4C4E33D8A88C7E.e.3280"}]}
RESULT: {}
COMMAND: POST /session/9d8ca4f443e10c92ec3d27965efc7b95/element - {"using":"xpath","value":"//span[contains(@id ,\"title\")][contains(text(), \"WebdriverYardi9y31\")]"}
RESULT: {"using":"xpath","value":"//span[contains(@id ,\"title\")][contains(text(), \"WebdriverYardi9y31\")]"}
COMMAND: POST /session/9d8ca4f443e10c92ec3d27965efc7b95/element - {"using":"xpath","value":"//span[contains(@id ,\"title\")][contains(text(), \"WebdriverYardi9y31\")]"}
RESULT: {"using":"xpath","value":"//span[contains(@id ,\"title\")][contains(text(), \"WebdriverYardi9y31\")]"}
COMMAND: POST /session/9d8ca4f443e10c92ec3d27965efc7b95/element - {"using":"xpath","value":"//span[contains(@id ,\"title\")][contains(text(), \"WebdriverYardi9y31\")]"}
COMMAND: POST /session/9d8ca4f443e10c92ec3d27965efc7b95/element - {"using":"xpath","value":"//*[contains(@data-kt ,\"webshopDetailYardLink\")]"}
RESULT: {"using":"xpath","value":"//span[contains(@id ,\"title\")][contains(text(), \"WebdriverYardi9y31\")]"}
RESULT: {"using":"xpath","value":"//*[contains(@data-kt ,\"webshopDetailYardLink\")]"}
COMMAND: POST /session/9d8ca4f443e10c92ec3d27965efc7b95/execute/sync - {"script":"<script> [8489 bytes]","args":[{"element-6066-11e4-a52e-4f735466cecf":"f.B9E415FFB169685FBD41AE9B33AE754C.d.4607637F6679C1488C4C4E33D8A88C7E.e.3432","ELEMENT":"f.B9E415FFB169685FBD41AE9B33AE754C.d.4607637F6679C1488C4C4E33D8A88C7E.e.3432"}]}
COMMAND: POST /session/9d8ca4f443e10c92ec3d27965efc7b95/element - {"using":"xpath","value":"//span[contains(@id ,\"title\")][contains(text(), \"WebdriverYardi9y31\")]"}
RESULT: {"script":"<script> [8489 bytes]","args":[{"element-6066-11e4-a52e-4f735466cecf":"f.B9E415FFB169685FBD41AE9B33AE754C.d.4607637F6679C1488C4C4E33D8A88C7E.e.3432","ELEMENT":"f.B9E415FFB169685FBD41AE9B33AE754C.d.4607637F6679C1488C4C4E33D8A88C7E.e.3432"}]}
COMMAND: POST /session/9d8ca4f443e10c92ec3d27965efc7b95/execute/sync - {"script":"<script> [5351 bytes]","args":[{"element-6066-11e4-a52e-4f735466cecf":"f.B9E415FFB169685FBD41AE9B33AE754C.d.4607637F6679C1488C4C4E33D8A88C7E.e.3432","ELEMENT":"f.B9E415FFB169685FBD41AE9B33AE754C.d.4607637F6679C1488C4C4E33D8A88C7E.e.3432"}]}
COMMAND: GET /session/9d8ca4f443e10c92ec3d27965efc7b95/screenshot - {}
RESULT: {"using":"xpath","value":"//span[contains(@id ,\"title\")][contains(text(), \"WebdriverYardi9y31\")]"}
RESULT: {"script":"<script> [5351 bytes]","args":[{"element-6066-11e4-a52e-4f735466cecf":"f.B9E415FFB169685FBD41AE9B33AE754C.d.4607637F6679C1488C4C4E33D8A88C7E.e.3432","ELEMENT":"f.B9E415FFB169685FBD41AE9B33AE754C.d.4607637F6679C1488C4C4E33D8A88C7E.e.3432"}]}
COMMAND: POST /session/9d8ca4f443e10c92ec3d27965efc7b95/element - {"using":"xpath","value":"//*[contains(@data-kt ,\"webshopDetailYardLink\")]"}
COMMAND: GET /session/9d8ca4f443e10c92ec3d27965efc7b95/screenshot - {}
RESULT: {}
RESULT: {"using":"xpath","value":"//*[contains(@data-kt ,\"webshopDetailYardLink\")]"}
COMMAND: POST /session/9d8ca4f443e10c92ec3d27965efc7b95/element/f.B9E415FFB169685FBD41AE9B33AE754C.d.4607637F6679C1488C4C4E33D8A88C7E.e.3432/click - {}
COMMAND: POST /session/9d8ca4f443e10c92ec3d27965efc7b95/element - {"using":"xpath","value":"//span[contains(@id ,\"title\")][contains(text(), \"WebdriverYardi9y31\")]"}
RESULT: {}
RESULT: {}
COMMAND: GET /session/9d8ca4f443e10c92ec3d27965efc7b95/screenshot - {}
RESULT: {"using":"xpath","value":"//span[contains(@id ,\"title\")][contains(text(), \"WebdriverYardi9y31\")]"}
COMMAND: POST /session/9d8ca4f443e10c92ec3d27965efc7b95/execute/sync - {"script":"<script> [8489 bytes]","args":[{"element-6066-11e4-a52e-4f735466cecf":"f.B9E415FFB169685FBD41AE9B33AE754C.d.4607637F6679C1488C4C4E33D8A88C7E.e.3452","ELEMENT":"f.B9E415FFB169685FBD41AE9B33AE754C.d.4607637F6679C1488C4C4E33D8A88C7E.e.3452"}]}
RESULT: {}
RESULT: {"script":"<script> [8489 bytes]","args":[{"element-6066-11e4-a52e-4f735466cecf":"f.B9E415FFB169685FBD41AE9B33AE754C.d.4607637F6679C1488C4C4E33D8A88C7E.e.3452","ELEMENT":"f.B9E415FFB169685FBD41AE9B33AE754C.d.4607637F6679C1488C4C4E33D8A88C7E.e.3452"}]}
COMMAND: GET /session/9d8ca4f443e10c92ec3d27965efc7b95/screenshot - {}
RESULT: {}
COMMAND: POST /session/9d8ca4f443e10c92ec3d27965efc7b95/element - {"using":"xpath","value":"//*[contains(@data-kt ,\"ContextMenuId3Link\")][contains(text(), \"Yard Main Address\")]"}
RESULT: {"using":"xpath","value":"//*[contains(@data-kt ,\"ContextMenuId3Link\")][contains(text(), \"Yard Main Address\")]"}
COMMAND: POST /session/9d8ca4f443e10c92ec3d27965efc7b95/element/f.B9E415FFB169685FBD41AE9B33AE754C.d.4607637F6679C1488C4C4E33D8A88C7E.e.3453/click - {}
RESULT: {}
COMMAND: GET /session/9d8ca4f443e10c92ec3d27965efc7b95/screenshot - {}
RESULT: {}
COMMAND: POST /session/9d8ca4f443e10c92ec3d27965efc7b95/execute/async - {"script":"<script> [1562 bytes]","args":[{"selector":{"id":"application-addressmanagement-display-component---masterAdm--title1"},"wdio_ui5_key":"applicationaddressmanagement-display-component---masterAdm--title1"}]}
RESULT: {"script":"<script> [1562 bytes]","args":[{"selector":{"id":"application-addressmanagement-display-component---masterAdm--title1"},"wdio_ui5_key":"applicationaddressmanagement-display-component---masterAdm--title1"}]}
RESULT: undefined
COMMAND: POST /session/9d8ca4f443e10c92ec3d27965efc7b95/execute/async - {"script":"<script> [6424 bytes]","args":[{"element-6066-11e4-a52e-4f735466cecf":"f.B9E415FFB169685FBD41AE9B33AE754C.d.4607637F6679C1488C4C4E33D8A88C7E.e.3660"},"getText",[]]}
RESULT: {"script":"<script> [6424 bytes]","args":[{"element-6066-11e4-a52e-4f735466cecf":"f.B9E415FFB169685FBD41AE9B33AE754C.d.4607637F6679C1488C4C4E33D8A88C7E.e.3660"},"getText",[]]}
COMMAND: POST /session/9d8ca4f443e10c92ec3d27965efc7b95/element - {"using":"xpath","value":"//span[contains(text(), \"WebdriverYardjjtihg\")][contains(@id ,\"application-addressmanagement-display-component---detailAdm--addressDetailDetailsName1\")]"}
RESULT: {"using":"xpath","value":"//span[contains(text(), \"WebdriverYardjjtihg\")][contains(@id ,\"application-addressmanagement-display-component---detailAdm--addressDetailDetailsName1\")]"}
COMMAND: POST /session/9d8ca4f443e10c92ec3d27965efc7b95/element - {"using":"xpath","value":"//span[contains(text(), \"WebdriverYardjjtihg\")][contains(@id ,\"application-addressmanagement-display-component---detailAdm--addressDetailDetailsName1\")]"}
RESULT: undefined
COMMAND: POST /session/9d8ca4f443e10c92ec3d27965efc7b95/element - {"using":"xpath","value":"//*[@id=\"backBtn\"]"}
RESULT: {"using":"xpath","value":"//*[@id=\"backBtn\"]"}
COMMAND: POST /session/9d8ca4f443e10c92ec3d27965efc7b95/element/f.B9E415FFB169685FBD41AE9B33AE754C.d.4607637F6679C1488C4C4E33D8A88C7E.e.3281/click - {}
RESULT: {"using":"xpath","value":"//span[contains(text(), \"WebdriverYardjjtihg\")][contains(@id ,\"application-addressmanagement-display-component---detailAdm--addressDetailDetailsName1\")]"}
RESULT: {}
COMMAND: GET /session/9d8ca4f443e10c92ec3d27965efc7b95/screenshot - {}
COMMAND: POST /session/9d8ca4f443e10c92ec3d27965efc7b95/element - {"using":"xpath","value":"//span[contains(text(), \"WebdriverYardjjtihg\")][contains(@id ,\"application-addressmanagement-display-component---detailAdm--addressDetailDetailsName1\")]"}
RESULT: {}
RESULT: {"using":"xpath","value":"//span[contains(text(), \"WebdriverYardjjtihg\")][contains(@id ,\"application-addressmanagement-display-component---detailAdm--addressDetailDetailsName1\")]"}
COMMAND: POST /session/9d8ca4f443e10c92ec3d27965efc7b95/element - {"using":"xpath","value":"//span[contains(text(), \"WebdriverYardjjtihg\")][contains(@id ,\"application-addressmanagement-display-component---detailAdm--addressDetailDetailsName1\")]"}
RESULT: {"using":"xpath","value":"//span[contains(text(), \"WebdriverYardjjtihg\")][contains(@id ,\"application-addressmanagement-display-component---detailAdm--addressDetailDetailsName1\")]"}
COMMAND: POST /session/9d8ca4f443e10c92ec3d27965efc7b95/element - {"using":"xpath","value":"//span[contains(text(), \"WebdriverYardjjtihg\")][contains(@id ,\"application-addressmanagement-display-component---detailAdm--addressDetailDetailsName1\")]"}
RESULT: {"using":"xpath","value":"//span[contains(text(), \"WebdriverYardjjtihg\")][contains(@id ,\"application-addressmanagement-display-component---detailAdm--addressDetailDetailsName1\")]"}
COMMAND: POST /session/9d8ca4f443e10c92ec3d27965efc7b95/element - {"using":"xpath","value":"//span[contains(text(), \"WebdriverYardjjtihg\")][contains(@id ,\"application-addressmanagement-display-component---detailAdm--addressDetailDetailsName1\")]"}
RESULT: {"using":"xpath","value":"//span[contains(text(), \"WebdriverYardjjtihg\")][contains(@id ,\"application-addressmanagement-display-component---detailAdm--addressDetailDetailsName1\")]"}
COMMAND: POST /session/9d8ca4f443e10c92ec3d27965efc7b95/element - {"using":"xpath","value":"//span[contains(text(), \"WebdriverYardjjtihg\")][contains(@id ,\"application-addressmanagement-display-component---detailAdm--addressDetailDetailsName1\")]"}
RESULT: {"using":"xpath","value":"//span[contains(text(), \"WebdriverYardjjtihg\")][contains(@id ,\"application-addressmanagement-display-component---detailAdm--addressDetailDetailsName1\")]"}
COMMAND: POST /session/9d8ca4f443e10c92ec3d27965efc7b95/element - {"using":"xpath","value":"//span[contains(text(), \"WebdriverYardjjtihg\")][contains(@id ,\"application-addressmanagement-display-component---detailAdm--addressDetailDetailsName1\")]"}
RESULT: {"using":"xpath","value":"//span[contains(text(), \"WebdriverYardjjtihg\")][contains(@id ,\"application-addressmanagement-display-component---detailAdm--addressDetailDetailsName1\")]"}
COMMAND: POST /session/9d8ca4f443e10c92ec3d27965efc7b95/element - {"using":"xpath","value":"//span[contains(text(), \"WebdriverYardjjtihg\")][contains(@id ,\"application-addressmanagement-display-component---detailAdm--addressDetailDetailsName1\")]"}
RESULT: {"using":"xpath","value":"//span[contains(text(), \"WebdriverYardjjtihg\")][contains(@id ,\"application-addressmanagement-display-component---detailAdm--addressDetailDetailsName1\")]"}
COMMAND: POST /session/9d8ca4f443e10c92ec3d27965efc7b95/element - {"using":"xpath","value":"//span[contains(text(), \"WebdriverYardjjtihg\")][contains(@id ,\"application-addressmanagement-display-component---detailAdm--addressDetailDetailsName1\")]"}
RESULT: {"using":"xpath","value":"//span[contains(text(), \"WebdriverYardjjtihg\")][contains(@id ,\"application-addressmanagement-display-component---detailAdm--addressDetailDetailsName1\")]"}
COMMAND: POST /session/9d8ca4f443e10c92ec3d27965efc7b95/element - {"using":"xpath","value":"//span[contains(text(), \"WebdriverYardjjtihg\")][contains(@id ,\"application-addressmanagement-display-component---detailAdm--addressDetailDetailsName1\")]"}
RESULT: {"using":"xpath","value":"//span[contains(text(), \"WebdriverYardjjtihg\")][contains(@id ,\"application-addressmanagement-display-component---detailAdm--addressDetailDetailsName1\")]"}
COMMAND: POST /session/9d8ca4f443e10c92ec3d27965efc7b95/element - {"using":"xpath","value":"//span[contains(text(), \"WebdriverYardjjtihg\")][contains(@id ,\"application-addressmanagement-display-component---detailAdm--addressDetailDetailsName1\")]"}
RESULT: {"using":"xpath","value":"//span[contains(text(), \"WebdriverYardjjtihg\")][contains(@id ,\"application-addressmanagement-display-component---detailAdm--addressDetailDetailsName1\")]"}
COMMAND: POST /session/9d8ca4f443e10c92ec3d27965efc7b95/element - {"using":"xpath","value":"//span[contains(text(), \"WebdriverYardjjtihg\")][contains(@id ,\"application-addressmanagement-display-component---detailAdm--addressDetailDetailsName1\")]"}
RESULT: {"using":"xpath","value":"//span[contains(text(), \"WebdriverYardjjtihg\")][contains(@id ,\"application-addressmanagement-display-component---detailAdm--addressDetailDetailsName1\")]"}
COMMAND: POST /session/9d8ca4f443e10c92ec3d27965efc7b95/element - {"using":"xpath","value":"//span[contains(text(), \"WebdriverYardjjtihg\")][contains(@id ,\"application-addressmanagement-display-component---detailAdm--addressDetailDetailsName1\")]"}
RESULT: {"using":"xpath","value":"//span[contains(text(), \"WebdriverYardjjtihg\")][contains(@id ,\"application-addressmanagement-display-component---detailAdm--addressDetailDetailsName1\")]"}
COMMAND: POST /session/9d8ca4f443e10c92ec3d27965efc7b95/element - {"using":"xpath","value":"//span[contains(text(), \"WebdriverYardjjtihg\")][contains(@id ,\"application-addressmanagement-display-component---detailAdm--addressDetailDetailsName1\")]"}
RESULT: {"using":"xpath","value":"//span[contains(text(), \"WebdriverYardjjtihg\")][contains(@id ,\"application-addressmanagement-display-component---detailAdm--addressDetailDetailsName1\")]"}
COMMAND: POST /session/9d8ca4f443e10c92ec3d27965efc7b95/element - {"using":"xpath","value":"//span[contains(text(), \"WebdriverYardjjtihg\")][contains(@id ,\"application-addressmanagement-display-component---detailAdm--addressDetailDetailsName1\")]"}
RESULT: {"using":"xpath","value":"//span[contains(text(), \"WebdriverYardjjtihg\")][contains(@id ,\"application-addressmanagement-display-component---detailAdm--addressDetailDetailsName1\")]"}
COMMAND: POST /session/9d8ca4f443e10c92ec3d27965efc7b95/execute/sync - {"script":"<script> [8489 bytes]","args":[{"element-6066-11e4-a52e-4f735466cecf":"f.B9E415FFB169685FBD41AE9B33AE754C.d.4607637F6679C1488C4C4E33D8A88C7E.e.3432","ELEMENT":"f.B9E415FFB169685FBD41AE9B33AE754C.d.4607637F6679C1488C4C4E33D8A88C7E.e.3432"}]}
COMMAND: POST /session/9d8ca4f443e10c92ec3d27965efc7b95/element - {"using":"xpath","value":"//*[contains(@data-kt ,\"webshopDetailYardLink\")]"}
RESULT: {"using":"xpath","value":"//*[contains(@data-kt ,\"webshopDetailYardLink\")]"}
COMMAND: POST /session/9d8ca4f443e10c92ec3d27965efc7b95/execute/sync - {"script":"<script> [8489 bytes]","args":[{"element-6066-11e4-a52e-4f735466cecf":"f.B9E415FFB169685FBD41AE9B33AE754C.d.4607637F6679C1488C4C4E33D8A88C7E.e.3790","ELEMENT":"f.B9E415FFB169685FBD41AE9B33AE754C.d.4607637F6679C1488C4C4E33D8A88C7E.e.3790"}]}
RESULT: {"script":"<script> [8489 bytes]","args":[{"element-6066-11e4-a52e-4f735466cecf":"f.B9E415FFB169685FBD41AE9B33AE754C.d.4607637F6679C1488C4C4E33D8A88C7E.e.3790","ELEMENT":"f.B9E415FFB169685FBD41AE9B33AE754C.d.4607637F6679C1488C4C4E33D8A88C7E.e.3790"}]}
COMMAND: POST /session/9d8ca4f443e10c92ec3d27965efc7b95/execute/sync - {"script":"<script> [5351 bytes]","args":[{"element-6066-11e4-a52e-4f735466cecf":"f.B9E415FFB169685FBD41AE9B33AE754C.d.4607637F6679C1488C4C4E33D8A88C7E.e.3790","ELEMENT":"f.B9E415FFB169685FBD41AE9B33AE754C.d.4607637F6679C1488C4C4E33D8A88C7E.e.3790"}]}
COMMAND: GET /session/9d8ca4f443e10c92ec3d27965efc7b95/screenshot - {}
RESULT: {"script":"<script> [5351 bytes]","args":[{"element-6066-11e4-a52e-4f735466cecf":"f.B9E415FFB169685FBD41AE9B33AE754C.d.4607637F6679C1488C4C4E33D8A88C7E.e.3790","ELEMENT":"f.B9E415FFB169685FBD41AE9B33AE754C.d.4607637F6679C1488C4C4E33D8A88C7E.e.3790"}]}
COMMAND: POST /session/9d8ca4f443e10c92ec3d27965efc7b95/element - {"using":"xpath","value":"//*[contains(@data-kt ,\"webshopDetailYardLink\")]"}
COMMAND: GET /session/9d8ca4f443e10c92ec3d27965efc7b95/screenshot - {}
COMMAND: POST /session/9d8ca4f443e10c92ec3d27965efc7b95/element - {"using":"xpath","value":"//span[contains(text(), \"WebdriverYardjjtihg\")][contains(@id ,\"application-addressmanagement-display-component---detailAdm--addressDetailDetailsName1\")]"}
RESULT: {}
RESULT: {"using":"xpath","value":"//*[contains(@data-kt ,\"webshopDetailYardLink\")]"}
COMMAND: POST /session/9d8ca4f443e10c92ec3d27965efc7b95/element/f.B9E415FFB169685FBD41AE9B33AE754C.d.4607637F6679C1488C4C4E33D8A88C7E.e.3790/click - {}
RESULT: {}
RESULT: {"using":"xpath","value":"//span[contains(text(), \"WebdriverYardjjtihg\")][contains(@id ,\"application-addressmanagement-display-component---detailAdm--addressDetailDetailsName1\")]"}
RESULT: {}
COMMAND: GET /session/9d8ca4f443e10c92ec3d27965efc7b95/screenshot - {}
RESULT: {}
COMMAND: POST /session/9d8ca4f443e10c92ec3d27965efc7b95/element - {"using":"xpath","value":"//span[contains(text(), \"WebdriverYardjjtihg\")][contains(@id ,\"application-addressmanagement-display-component---detailAdm--addressDetailDetailsName1\")]"}
RESULT: {"using":"xpath","value":"//span[contains(text(), \"WebdriverYardjjtihg\")][contains(@id ,\"application-addressmanagement-display-component---detailAdm--addressDetailDetailsName1\")]"}
COMMAND: POST /session/9d8ca4f443e10c92ec3d27965efc7b95/element - {"using":"xpath","value":"//span[contains(text(), \"WebdriverYardjjtihg\")][contains(@id ,\"application-addressmanagement-display-component---detailAdm--addressDetailDetailsName1\")]"}
RESULT: {"using":"xpath","value":"//span[contains(text(), \"WebdriverYardjjtihg\")][contains(@id ,\"application-addressmanagement-display-component---detailAdm--addressDetailDetailsName1\")]"}
COMMAND: POST /session/9d8ca4f443e10c92ec3d27965efc7b95/element - {"using":"xpath","value":"//span[contains(text(), \"WebdriverYardjjtihg\")][contains(@id ,\"application-addressmanagement-display-component---detailAdm--addressDetailDetailsName1\")]"}
RESULT: {"using":"xpath","value":"//span[contains(text(), \"WebdriverYardjjtihg\")][contains(@id ,\"application-addressmanagement-display-component---detailAdm--addressDetailDetailsName1\")]"}
COMMAND: POST /session/9d8ca4f443e10c92ec3d27965efc7b95/element - {"using":"xpath","value":"//span[contains(text(), \"WebdriverYardjjtihg\")][contains(@id ,\"application-addressmanagement-display-component---detailAdm--addressDetailDetailsName1\")]"}
RESULT: {"using":"xpath","value":"//span[contains(text(), \"WebdriverYardjjtihg\")][contains(@id ,\"application-addressmanagement-display-component---detailAdm--addressDetailDetailsName1\")]"}
COMMAND: POST /session/9d8ca4f443e10c92ec3d27965efc7b95/element - {"using":"xpath","value":"//button[contains(@data-kt ,\"ContextMenuExternalId2Link\")]"}
RESULT: {"using":"xpath","value":"//button[contains(@data-kt ,\"ContextMenuExternalId2Link\")]"}
COMMAND: POST /session/9d8ca4f443e10c92ec3d27965efc7b95/element/f.B9E415FFB169685FBD41AE9B33AE754C.d.4607637F6679C1488C4C4E33D8A88C7E.e.3791/click - {}
RESULT: {}
COMMAND: GET /session/9d8ca4f443e10c92ec3d27965efc7b95/screenshot - {}
COMMAND: POST /session/9d8ca4f443e10c92ec3d27965efc7b95/element - {"using":"xpath","value":"//span[contains(text(), \"WebdriverYardjjtihg\")][contains(@id ,\"application-addressmanagement-display-component---detailAdm--addressDetailDetailsName1\")]"}
RESULT: {}
RESULT: {"using":"xpath","value":"//span[contains(text(), \"WebdriverYardjjtihg\")][contains(@id ,\"application-addressmanagement-display-component---detailAdm--addressDetailDetailsName1\")]"}
COMMAND: POST /session/9d8ca4f443e10c92ec3d27965efc7b95/element - {"using":"xpath","value":"//span[contains(text(), \"WebdriverYardjjtihg\")][contains(@id ,\"application-addressmanagement-display-component---detailAdm--addressDetailDetailsName1\")]"}
RESULT: {"using":"xpath","value":"//span[contains(text(), \"WebdriverYardjjtihg\")][contains(@id ,\"application-addressmanagement-display-component---detailAdm--addressDetailDetailsName1\")]"}
COMMAND: POST /session/9d8ca4f443e10c92ec3d27965efc7b95/element - {"using":"xpath","value":"//span[contains(text(), \"WebdriverYardjjtihg\")][contains(@id ,\"application-addressmanagement-display-component---detailAdm--addressDetailDetailsName1\")]"}
RESULT: {"using":"xpath","value":"//span[contains(text(), \"WebdriverYardjjtihg\")][contains(@id ,\"application-addressmanagement-display-component---detailAdm--addressDetailDetailsName1\")]"}
COMMAND: POST /session/9d8ca4f443e10c92ec3d27965efc7b95/element - {"using":"xpath","value":"//span[contains(text(), \"WebdriverYardjjtihg\")][contains(@id ,\"application-addressmanagement-display-component---detailAdm--addressDetailDetailsName1\")]"}
RESULT: {"using":"xpath","value":"//span[contains(text(), \"WebdriverYardjjtihg\")][contains(@id ,\"application-addressmanagement-display-component---detailAdm--addressDetailDetailsName1\")]"}
COMMAND: POST /session/9d8ca4f443e10c92ec3d27965efc7b95/element - {"using":"xpath","value":"//span[contains(text(), \"WebdriverYardjjtihg\")][contains(@id ,\"application-addressmanagement-display-component---detailAdm--addressDetailDetailsName1\")]"}
RESULT: {"using":"xpath","value":"//span[contains(text(), \"WebdriverYardjjtihg\")][contains(@id ,\"application-addressmanagement-display-component---detailAdm--addressDetailDetailsName1\")]"}
COMMAND: POST /session/9d8ca4f443e10c92ec3d27965efc7b95/element - {"using":"xpath","value":"//span[contains(text(), \"WebdriverYardjjtihg\")][contains(@id ,\"application-addressmanagement-display-component---detailAdm--addressDetailDetailsName1\")]"}
RESULT: {"using":"xpath","value":"//span[contains(text(), \"WebdriverYardjjtihg\")][contains(@id ,\"application-addressmanagement-display-component---detailAdm--addressDetailDetailsName1\")]"}
COMMAND: POST /session/9d8ca4f443e10c92ec3d27965efc7b95/element - {"using":"xpath","value":"//span[contains(text(), \"WebdriverYardjjtihg\")][contains(@id ,\"application-addressmanagement-display-component---detailAdm--addressDetailDetailsName1\")]"}
RESULT: {"using":"xpath","value":"//span[contains(text(), \"WebdriverYardjjtihg\")][contains(@id ,\"application-addressmanagement-display-component---detailAdm--addressDetailDetailsName1\")]"}
COMMAND: POST /session/9d8ca4f443e10c92ec3d27965efc7b95/element - {"using":"xpath","value":"//span[contains(text(), \"WebdriverYardjjtihg\")][contains(@id ,\"application-addressmanagement-display-component---detailAdm--addressDetailDetailsName1\")]"}
RESULT: {"using":"xpath","value":"//span[contains(text(), \"WebdriverYardjjtihg\")][contains(@id ,\"application-addressmanagement-display-component---detailAdm--addressDetailDetailsName1\")]"}
COMMAND: POST /session/9d8ca4f443e10c92ec3d27965efc7b95/element - {"using":"xpath","value":"//span[contains(text(), \"WebdriverYardjjtihg\")][contains(@id ,\"application-addressmanagement-display-component---detailAdm--addressDetailDetailsName1\")]"}
RESULT: {"using":"xpath","value":"//span[contains(text(), \"WebdriverYardjjtihg\")][contains(@id ,\"application-addressmanagement-display-component---detailAdm--addressDetailDetailsName1\")]"}
COMMAND: POST /session/9d8ca4f443e10c92ec3d27965efc7b95/element - {"using":"xpath","value":"//span[contains(text(), \"WebdriverYardjjtihg\")][contains(@id ,\"application-addressmanagement-display-component---detailAdm--addressDetailDetailsName1\")]"}
RESULT: {"using":"xpath","value":"//span[contains(text(), \"WebdriverYardjjtihg\")][contains(@id ,\"application-addressmanagement-display-component---detailAdm--addressDetailDetailsName1\")]"}
COMMAND: POST /session/9d8ca4f443e10c92ec3d27965efc7b95/element - {"using":"xpath","value":"//span[contains(text(), \"WebdriverYardjjtihg\")][contains(@id ,\"application-addressmanagement-display-component---detailAdm--addressDetailDetailsName1\")]"}
RESULT: {"using":"xpath","value":"//span[contains(text(), \"WebdriverYardjjtihg\")][contains(@id ,\"application-addressmanagement-display-component---detailAdm--addressDetailDetailsName1\")]"}
COMMAND: POST /session/9d8ca4f443e10c92ec3d27965efc7b95/element - {"using":"xpath","value":"//span[contains(text(), \"WebdriverYardjjtihg\")][contains(@id ,\"application-addressmanagement-display-component---detailAdm--addressDetailDetailsName1\")]"}
COMMAND: GET /session/9d8ca4f443e10c92ec3d27965efc7b95/window/handles - {}
RESULT: {"using":"xpath","value":"//span[contains(text(), \"WebdriverYardjjtihg\")][contains(@id ,\"application-addressmanagement-display-component---detailAdm--addressDetailDetailsName1\")]"}
RESULT: {}
COMMAND: POST /session/9d8ca4f443e10c92ec3d27965efc7b95/window - {"handle":"B1E06C1EB409E97AAF64AF524C9697D4"}
RESULT: {"handle":"B1E06C1EB409E97AAF64AF524C9697D4"}
COMMAND: GET /session/9d8ca4f443e10c92ec3d27965efc7b95/url - {}
COMMAND: POST /session/9d8ca4f443e10c92ec3d27965efc7b95/element - {"using":"xpath","value":"//span[contains(text(), \"WebdriverYardjjtihg\")][contains(@id ,\"application-addressmanagement-display-component---detailAdm--addressDetailDetailsName1\")]"}
RESULT: {}
COMMAND: GET /session/9d8ca4f443e10c92ec3d27965efc7b95/screenshot - {}
RESULT: {"using":"xpath","value":"//span[contains(text(), \"WebdriverYardjjtihg\")][contains(@id ,\"application-addressmanagement-display-component---detailAdm--addressDetailDetailsName1\")]"}
RESULT: {}
COMMAND: POST /session/9d8ca4f443e10c92ec3d27965efc7b95/element - {"using":"xpath","value":"//span[contains(text(), \"WebdriverYardjjtihg\")][contains(@id ,\"application-addressmanagement-display-component---detailAdm--addressDetailDetailsName1\")]"}
RESULT: {"using":"xpath","value":"//span[contains(text(), \"WebdriverYardjjtihg\")][contains(@id ,\"application-addressmanagement-display-component---detailAdm--addressDetailDetailsName1\")]"}
COMMAND: POST /session/9d8ca4f443e10c92ec3d27965efc7b95/element - {"using":"xpath","value":"//span[contains(text(), \"WebdriverYardjjtihg\")][contains(@id ,\"application-addressmanagement-display-component---detailAdm--addressDetailDetailsName1\")]"}
RESULT: {"using":"xpath","value":"//span[contains(text(), \"WebdriverYardjjtihg\")][contains(@id ,\"application-addressmanagement-display-component---detailAdm--addressDetailDetailsName1\")]"}
COMMAND: POST /session/9d8ca4f443e10c92ec3d27965efc7b95/element - {"using":"xpath","value":"//span[contains(text(), \"WebdriverYardjjtihg\")][contains(@id ,\"application-addressmanagement-display-component---detailAdm--addressDetailDetailsName1\")]"}
RESULT: {"using":"xpath","value":"//span[contains(text(), \"WebdriverYardjjtihg\")][contains(@id ,\"application-addressmanagement-display-component---detailAdm--addressDetailDetailsName1\")]"}
COMMAND: POST /session/9d8ca4f443e10c92ec3d27965efc7b95/element - {"using":"xpath","value":"//span[contains(text(), \"WebdriverYardjjtihg\")][contains(@id ,\"application-addressmanagement-display-component---detailAdm--addressDetailDetailsName1\")]"}
RESULT: {"using":"xpath","value":"//span[contains(text(), \"WebdriverYardjjtihg\")][contains(@id ,\"application-addressmanagement-display-component---detailAdm--addressDetailDetailsName1\")]"}
COMMAND: POST /session/9d8ca4f443e10c92ec3d27965efc7b95/element - {"using":"xpath","value":"//span[contains(text(), \"WebdriverYardjjtihg\")][contains(@id ,\"application-addressmanagement-display-component---detailAdm--addressDetailDetailsName1\")]"}
RESULT: {"using":"xpath","value":"//span[contains(text(), \"WebdriverYardjjtihg\")][contains(@id ,\"application-addressmanagement-display-component---detailAdm--addressDetailDetailsName1\")]"}
COMMAND: POST /session/9d8ca4f443e10c92ec3d27965efc7b95/execute/sync - {"script":"<script> [8489 bytes]","args":[{"element-6066-11e4-a52e-4f735466cecf":"f.B9E415FFB169685FBD41AE9B33AE754C.d.4607637F6679C1488C4C4E33D8A88C7E.e.3452","ELEMENT":"f.B9E415FFB169685FBD41AE9B33AE754C.d.4607637F6679C1488C4C4E33D8A88C7E.e.3452"}]}
COMMAND: DELETE /session/9d8ca4f443e10c92ec3d27965efc7b95/window - {}
RESULT: {}
COMMAND: POST /session/9d8ca4f443e10c92ec3d27965efc7b95/window - {"handle":"B9E415FFB169685FBD41AE9B33AE754C"}
RESULT: {"handle":"B9E415FFB169685FBD41AE9B33AE754C"}
COMMAND: GET /session/9d8ca4f443e10c92ec3d27965efc7b95/url - {}
COMMAND: POST /session/9d8ca4f443e10c92ec3d27965efc7b95/element - {"using":"xpath","value":"//span[contains(@id ,\"title\")][contains(text(), \"WebdriverYardi9y31\")]"}
RESULT: {}
COMMAND: GET /session/9d8ca4f443e10c92ec3d27965efc7b95/screenshot - {}
COMMAND: POST /session/9d8ca4f443e10c92ec3d27965efc7b95/element - {"using":"xpath","value":"//span[contains(text(), \"WebdriverYardjjtihg\")][contains(@id ,\"application-addressmanagement-display-component---detailAdm--addressDetailDetailsName1\")]"}
RESULT: {"using":"xpath","value":"//span[contains(@id ,\"title\")][contains(text(), \"WebdriverYardi9y31\")]"}
COMMAND: POST /session/9d8ca4f443e10c92ec3d27965efc7b95/execute/sync - {"script":"<script> [8489 bytes]","args":[{"element-6066-11e4-a52e-4f735466cecf":"f.B9E415FFB169685FBD41AE9B33AE754C.d.4607637F6679C1488C4C4E33D8A88C7E.e.3883","ELEMENT":"f.B9E415FFB169685FBD41AE9B33AE754C.d.4607637F6679C1488C4C4E33D8A88C7E.e.3883"}]}
RESULT: {}
RESULT: {"using":"xpath","value":"//span[contains(text(), \"WebdriverYardjjtihg\")][contains(@id ,\"application-addressmanagement-display-component---detailAdm--addressDetailDetailsName1\")]"}
RESULT: {"script":"<script> [8489 bytes]","args":[{"element-6066-11e4-a52e-4f735466cecf":"f.B9E415FFB169685FBD41AE9B33AE754C.d.4607637F6679C1488C4C4E33D8A88C7E.e.3883","ELEMENT":"f.B9E415FFB169685FBD41AE9B33AE754C.d.4607637F6679C1488C4C4E33D8A88C7E.e.3883"}]}
COMMAND: GET /session/9d8ca4f443e10c92ec3d27965efc7b95/screenshot - {}
RESULT: {}
COMMAND: POST /session/9d8ca4f443e10c92ec3d27965efc7b95/element - {"using":"xpath","value":"//span[contains(text(), \"WebdriverYardjjtihg\")][contains(@id ,\"application-addressmanagement-display-component---detailAdm--addressDetailDetailsName1\")]"}
RESULT: {"using":"xpath","value":"//span[contains(text(), \"WebdriverYardjjtihg\")][contains(@id ,\"application-addressmanagement-display-component---detailAdm--addressDetailDetailsName1\")]"}
COMMAND: POST /session/9d8ca4f443e10c92ec3d27965efc7b95/element - {"using":"xpath","value":"//span[contains(text(), \"WebdriverYardjjtihg\")][contains(@id ,\"application-addressmanagement-display-component---detailAdm--addressDetailDetailsName1\")]"}
RESULT: {"using":"xpath","value":"//span[contains(text(), \"WebdriverYardjjtihg\")][contains(@id ,\"application-addressmanagement-display-component---detailAdm--addressDetailDetailsName1\")]"}
COMMAND: POST /session/9d8ca4f443e10c92ec3d27965efc7b95/element - {"using":"xpath","value":"//span[contains(text(), \"WebdriverYardjjtihg\")][contains(@id ,\"application-addressmanagement-display-component---detailAdm--addressDetailDetailsName1\")]"}
RESULT: {"using":"xpath","value":"//span[contains(text(), \"WebdriverYardjjtihg\")][contains(@id ,\"application-addressmanagement-display-component---detailAdm--addressDetailDetailsName1\")]"}
COMMAND: POST /session/9d8ca4f443e10c92ec3d27965efc7b95/element - {"using":"xpath","value":"//span[contains(text(), \"WebdriverYardjjtihg\")][contains(@id ,\"application-addressmanagement-display-component---detailAdm--addressDetailDetailsName1\")]"}
RESULT: {"using":"xpath","value":"//span[contains(text(), \"WebdriverYardjjtihg\")][contains(@id ,\"application-addressmanagement-display-component---detailAdm--addressDetailDetailsName1\")]"}
COMMAND: POST /session/9d8ca4f443e10c92ec3d27965efc7b95/element - {"using":"xpath","value":"//span[contains(text(), \"WebdriverYardjjtihg\")][contains(@id ,\"application-addressmanagement-display-component---detailAdm--addressDetailDetailsName1\")]"}
RESULT: {"using":"xpath","value":"//span[contains(text(), \"WebdriverYardjjtihg\")][contains(@id ,\"application-addressmanagement-display-component---detailAdm--addressDetailDetailsName1\")]"}
COMMAND: POST /session/9d8ca4f443e10c92ec3d27965efc7b95/element - {"using":"xpath","value":"//span[contains(text(), \"WebdriverYardjjtihg\")][contains(@id ,\"application-addressmanagement-display-component---detailAdm--addressDetailDetailsName1\")]"}
RESULT: {"using":"xpath","value":"//span[contains(text(), \"WebdriverYardjjtihg\")][contains(@id ,\"application-addressmanagement-display-component---detailAdm--addressDetailDetailsName1\")]"}
COMMAND: POST /session/9d8ca4f443e10c92ec3d27965efc7b95/element - {"using":"xpath","value":"//span[contains(text(), \"WebdriverYardjjtihg\")][contains(@id ,\"application-addressmanagement-display-component---detailAdm--addressDetailDetailsName1\")]"}
RESULT: {"using":"xpath","value":"//span[contains(text(), \"WebdriverYardjjtihg\")][contains(@id ,\"application-addressmanagement-display-component---detailAdm--addressDetailDetailsName1\")]"}
COMMAND: POST /session/9d8ca4f443e10c92ec3d27965efc7b95/element - {"using":"xpath","value":"//span[contains(text(), \"WebdriverYardjjtihg\")][contains(@id ,\"application-addressmanagement-display-component---detailAdm--addressDetailDetailsName1\")]"}
RESULT: {"using":"xpath","value":"//span[contains(text(), \"WebdriverYardjjtihg\")][contains(@id ,\"application-addressmanagement-display-component---detailAdm--addressDetailDetailsName1\")]"}
COMMAND: POST /session/9d8ca4f443e10c92ec3d27965efc7b95/element - {"using":"xpath","value":"//button[contains(@data-kt ,\"ContextMenuExternalId3Link\")]"}
RESULT: {"using":"xpath","value":"//button[contains(@data-kt ,\"ContextMenuExternalId3Link\")]"}
COMMAND: POST /session/9d8ca4f443e10c92ec3d27965efc7b95/element/f.B9E415FFB169685FBD41AE9B33AE754C.d.4607637F6679C1488C4C4E33D8A88C7E.e.3884/click - {}
RESULT: {}
COMMAND: GET /session/9d8ca4f443e10c92ec3d27965efc7b95/screenshot - {}
COMMAND: POST /session/9d8ca4f443e10c92ec3d27965efc7b95/element - {"using":"xpath","value":"//span[contains(text(), \"WebdriverYardjjtihg\")][contains(@id ,\"application-addressmanagement-display-component---detailAdm--addressDetailDetailsName1\")]"}
RESULT: {}
RESULT: {"using":"xpath","value":"//span[contains(text(), \"WebdriverYardjjtihg\")][contains(@id ,\"application-addressmanagement-display-component---detailAdm--addressDetailDetailsName1\")]"}
COMMAND: POST /session/9d8ca4f443e10c92ec3d27965efc7b95/element - {"using":"xpath","value":"//span[contains(text(), \"WebdriverYardjjtihg\")][contains(@id ,\"application-addressmanagement-display-component---detailAdm--addressDetailDetailsName1\")]"}
RESULT: {"using":"xpath","value":"//span[contains(text(), \"WebdriverYardjjtihg\")][contains(@id ,\"application-addressmanagement-display-component---detailAdm--addressDetailDetailsName1\")]"}
COMMAND: POST /session/9d8ca4f443e10c92ec3d27965efc7b95/element - {"using":"xpath","value":"//span[contains(text(), \"WebdriverYardjjtihg\")][contains(@id ,\"application-addressmanagement-display-component---detailAdm--addressDetailDetailsName1\")]"}
RESULT: {"using":"xpath","value":"//span[contains(text(), \"WebdriverYardjjtihg\")][contains(@id ,\"application-addressmanagement-display-component---detailAdm--addressDetailDetailsName1\")]"}
COMMAND: POST /session/9d8ca4f443e10c92ec3d27965efc7b95/element - {"using":"xpath","value":"//span[contains(text(), \"WebdriverYardjjtihg\")][contains(@id ,\"application-addressmanagement-display-component---detailAdm--addressDetailDetailsName1\")]"}
RESULT: {"using":"xpath","value":"//span[contains(text(), \"WebdriverYardjjtihg\")][contains(@id ,\"application-addressmanagement-display-component---detailAdm--addressDetailDetailsName1\")]"}
COMMAND: POST /session/9d8ca4f443e10c92ec3d27965efc7b95/element - {"using":"xpath","value":"//span[contains(text(), \"WebdriverYardjjtihg\")][contains(@id ,\"application-addressmanagement-display-component---detailAdm--addressDetailDetailsName1\")]"}
RESULT: {"using":"xpath","value":"//span[contains(text(), \"WebdriverYardjjtihg\")][contains(@id ,\"application-addressmanagement-display-component---detailAdm--addressDetailDetailsName1\")]"}
COMMAND: GET /session/9d8ca4f443e10c92ec3d27965efc7b95/window/handles - {}
RESULT: {}
COMMAND: POST /session/9d8ca4f443e10c92ec3d27965efc7b95/window - {"handle":"82B639FB87B71A6963281776196D0759"}
RESULT: {"handle":"82B639FB87B71A6963281776196D0759"}
COMMAND: GET /session/9d8ca4f443e10c92ec3d27965efc7b95/url - {}
RESULT: {}
COMMAND: GET /session/9d8ca4f443e10c92ec3d27965efc7b95/screenshot - {}
RESULT: {}
COMMAND: POST /session/9d8ca4f443e10c92ec3d27965efc7b95/element - {"using":"xpath","value":"//span[contains(text(), \"WebdriverYardjjtihg\")][contains(@id ,\"application-addressmanagement-display-component---detailAdm--addressDetailDetailsName1\")]"}
COMMAND: DELETE /session/9d8ca4f443e10c92ec3d27965efc7b95/window - {}
RESULT: {}
COMMAND: POST /session/9d8ca4f443e10c92ec3d27965efc7b95/window - {"handle":"B9E415FFB169685FBD41AE9B33AE754C"}
RESULT: {"handle":"B9E415FFB169685FBD41AE9B33AE754C"}
COMMAND: GET /session/9d8ca4f443e10c92ec3d27965efc7b95/url - {}
RESULT: {"using":"xpath","value":"//span[contains(text(), \"WebdriverYardjjtihg\")][contains(@id ,\"application-addressmanagement-display-component---detailAdm--addressDetailDetailsName1\")]"}
RESULT: {}
COMMAND: GET /session/9d8ca4f443e10c92ec3d27965efc7b95/screenshot - {}
COMMAND: POST /session/9d8ca4f443e10c92ec3d27965efc7b95/element - {"using":"xpath","value":"//span[contains(text(), \"WebdriverYardjjtihg\")][contains(@id ,\"application-addressmanagement-display-component---detailAdm--addressDetailDetailsName1\")]"}
RESULT: {}
RESULT: {"using":"xpath","value":"//span[contains(text(), \"WebdriverYardjjtihg\")][contains(@id ,\"application-addressmanagement-display-component---detailAdm--addressDetailDetailsName1\")]"}
COMMAND: POST /session/9d8ca4f443e10c92ec3d27965efc7b95/element - {"using":"xpath","value":"//span[contains(text(), \"WebdriverYardjjtihg\")][contains(@id ,\"application-addressmanagement-display-component---detailAdm--addressDetailDetailsName1\")]"}
RESULT: {"using":"xpath","value":"//span[contains(text(), \"WebdriverYardjjtihg\")][contains(@id ,\"application-addressmanagement-display-component---detailAdm--addressDetailDetailsName1\")]"}
COMMAND: POST /session/9d8ca4f443e10c92ec3d27965efc7b95/element - {"using":"xpath","value":"//span[contains(text(), \"WebdriverYardjjtihg\")][contains(@id ,\"application-addressmanagement-display-component---detailAdm--addressDetailDetailsName1\")]"}
RESULT: {"using":"xpath","value":"//span[contains(text(), \"WebdriverYardjjtihg\")][contains(@id ,\"application-addressmanagement-display-component---detailAdm--addressDetailDetailsName1\")]"}
COMMAND: POST /session/9d8ca4f443e10c92ec3d27965efc7b95/element - {"using":"xpath","value":"//span[contains(text(), \"WebdriverYardjjtihg\")][contains(@id ,\"application-addressmanagement-display-component---detailAdm--addressDetailDetailsName1\")]"}
RESULT: {"using":"xpath","value":"//span[contains(text(), \"WebdriverYardjjtihg\")][contains(@id ,\"application-addressmanagement-display-component---detailAdm--addressDetailDetailsName1\")]"}
COMMAND: POST /session/9d8ca4f443e10c92ec3d27965efc7b95/element - {"using":"xpath","value":"//span[contains(text(), \"WebdriverYardjjtihg\")][contains(@id ,\"application-addressmanagement-display-component---detailAdm--addressDetailDetailsName1\")]"}
RESULT: {"using":"xpath","value":"//span[contains(text(), \"WebdriverYardjjtihg\")][contains(@id ,\"application-addressmanagement-display-component---detailAdm--addressDetailDetailsName1\")]"}
COMMAND: POST /session/9d8ca4f443e10c92ec3d27965efc7b95/element - {"using":"xpath","value":"//span[contains(text(), \"WebdriverYardjjtihg\")][contains(@id ,\"application-addressmanagement-display-component---detailAdm--addressDetailDetailsName1\")]"}
RESULT: {"using":"xpath","value":"//span[contains(text(), \"WebdriverYardjjtihg\")][contains(@id ,\"application-addressmanagement-display-component---detailAdm--addressDetailDetailsName1\")]"}
COMMAND: POST /session/9d8ca4f443e10c92ec3d27965efc7b95/element - {"using":"xpath","value":"//span[contains(text(), \"WebdriverYardjjtihg\")][contains(@id ,\"application-addressmanagement-display-component---detailAdm--addressDetailDetailsName1\")]"}
RESULT: {"using":"xpath","value":"//span[contains(text(), \"WebdriverYardjjtihg\")][contains(@id ,\"application-addressmanagement-display-component---detailAdm--addressDetailDetailsName1\")]"}
COMMAND: POST /session/9d8ca4f443e10c92ec3d27965efc7b95/element - {"using":"xpath","value":"//span[contains(text(), \"WebdriverYardjjtihg\")][contains(@id ,\"application-addressmanagement-display-component---detailAdm--addressDetailDetailsName1\")]"}
RESULT: {"using":"xpath","value":"//span[contains(text(), \"WebdriverYardjjtihg\")][contains(@id ,\"application-addressmanagement-display-component---detailAdm--addressDetailDetailsName1\")]"}
COMMAND: POST /session/9d8ca4f443e10c92ec3d27965efc7b95/element - {"using":"xpath","value":"//span[contains(text(), \"WebdriverYardjjtihg\")][contains(@id ,\"application-addressmanagement-display-component---detailAdm--addressDetailDetailsName1\")]"}
RESULT: {"using":"xpath","value":"//span[contains(text(), \"WebdriverYardjjtihg\")][contains(@id ,\"application-addressmanagement-display-component---detailAdm--addressDetailDetailsName1\")]"}
COMMAND: POST /session/9d8ca4f443e10c92ec3d27965efc7b95/element - {"using":"xpath","value":"//span[contains(text(), \"WebdriverYardjjtihg\")][contains(@id ,\"application-addressmanagement-display-component---detailAdm--addressDetailDetailsName1\")]"}
RESULT: {"using":"xpath","value":"//span[contains(text(), \"WebdriverYardjjtihg\")][contains(@id ,\"application-addressmanagement-display-component---detailAdm--addressDetailDetailsName1\")]"}
]]></system-out>
    </testcase>
    <testcase classname="chrome.136_0_7103_93.windows.Webshop_-_Hyperlinks_visible_and_working_properly__US139085" name="Shpuld verify site hyperlinks" time="224.622">
      <system-out><![CDATA[
COMMAND: POST /session/9d8ca4f443e10c92ec3d27965efc7b95/element - {"using":"xpath","value":"//*[contains(@data-kt ,\"webshopDetailSiteLink\")]"}
RESULT: {"using":"xpath","value":"//*[contains(@data-kt ,\"webshopDetailSiteLink\")]"}
COMMAND: POST /session/9d8ca4f443e10c92ec3d27965efc7b95/execute/sync - {"script":"<script> [8489 bytes]","args":[{"element-6066-11e4-a52e-4f735466cecf":"f.B9E415FFB169685FBD41AE9B33AE754C.d.4607637F6679C1488C4C4E33D8A88C7E.e.4086","ELEMENT":"f.B9E415FFB169685FBD41AE9B33AE754C.d.4607637F6679C1488C4C4E33D8A88C7E.e.4086"}]}
RESULT: {"script":"<script> [8489 bytes]","args":[{"element-6066-11e4-a52e-4f735466cecf":"f.B9E415FFB169685FBD41AE9B33AE754C.d.4607637F6679C1488C4C4E33D8A88C7E.e.4086","ELEMENT":"f.B9E415FFB169685FBD41AE9B33AE754C.d.4607637F6679C1488C4C4E33D8A88C7E.e.4086"}]}
COMMAND: POST /session/9d8ca4f443e10c92ec3d27965efc7b95/execute/sync - {"script":"<script> [5351 bytes]","args":[{"element-6066-11e4-a52e-4f735466cecf":"f.B9E415FFB169685FBD41AE9B33AE754C.d.4607637F6679C1488C4C4E33D8A88C7E.e.4086","ELEMENT":"f.B9E415FFB169685FBD41AE9B33AE754C.d.4607637F6679C1488C4C4E33D8A88C7E.e.4086"}]}
RESULT: {"script":"<script> [5351 bytes]","args":[{"element-6066-11e4-a52e-4f735466cecf":"f.B9E415FFB169685FBD41AE9B33AE754C.d.4607637F6679C1488C4C4E33D8A88C7E.e.4086","ELEMENT":"f.B9E415FFB169685FBD41AE9B33AE754C.d.4607637F6679C1488C4C4E33D8A88C7E.e.4086"}]}
COMMAND: POST /session/9d8ca4f443e10c92ec3d27965efc7b95/element - {"using":"xpath","value":"//*[contains(@data-kt ,\"webshopDetailSiteLink\")]"}
COMMAND: GET /session/9d8ca4f443e10c92ec3d27965efc7b95/screenshot - {}
COMMAND: GET /session/9d8ca4f443e10c92ec3d27965efc7b95/screenshot - {}
COMMAND: POST /session/9d8ca4f443e10c92ec3d27965efc7b95/element - {"using":"xpath","value":"//span[contains(text(), \"WebdriverYardjjtihg\")][contains(@id ,\"application-addressmanagement-display-component---detailAdm--addressDetailDetailsName1\")]"}
RESULT: {"using":"xpath","value":"//*[contains(@data-kt ,\"webshopDetailSiteLink\")]"}
COMMAND: POST /session/9d8ca4f443e10c92ec3d27965efc7b95/element/f.B9E415FFB169685FBD41AE9B33AE754C.d.4607637F6679C1488C4C4E33D8A88C7E.e.4086/click - {}
RESULT: {}
RESULT: {}
RESULT: {"using":"xpath","value":"//span[contains(text(), \"WebdriverYardjjtihg\")][contains(@id ,\"application-addressmanagement-display-component---detailAdm--addressDetailDetailsName1\")]"}
RESULT: {}
COMMAND: GET /session/9d8ca4f443e10c92ec3d27965efc7b95/screenshot - {}
RESULT: {}
COMMAND: POST /session/9d8ca4f443e10c92ec3d27965efc7b95/element - {"using":"xpath","value":"//span[contains(text(), \"WebdriverYardjjtihg\")][contains(@id ,\"application-addressmanagement-display-component---detailAdm--addressDetailDetailsName1\")]"}
RESULT: {"using":"xpath","value":"//span[contains(text(), \"WebdriverYardjjtihg\")][contains(@id ,\"application-addressmanagement-display-component---detailAdm--addressDetailDetailsName1\")]"}
COMMAND: POST /session/9d8ca4f443e10c92ec3d27965efc7b95/element - {"using":"xpath","value":"//span[contains(text(), \"WebdriverYardjjtihg\")][contains(@id ,\"application-addressmanagement-display-component---detailAdm--addressDetailDetailsName1\")]"}
RESULT: {"using":"xpath","value":"//span[contains(text(), \"WebdriverYardjjtihg\")][contains(@id ,\"application-addressmanagement-display-component---detailAdm--addressDetailDetailsName1\")]"}
COMMAND: POST /session/9d8ca4f443e10c92ec3d27965efc7b95/element - {"using":"xpath","value":"//span[contains(text(), \"WebdriverYardjjtihg\")][contains(@id ,\"application-addressmanagement-display-component---detailAdm--addressDetailDetailsName1\")]"}
RESULT: {"using":"xpath","value":"//span[contains(text(), \"WebdriverYardjjtihg\")][contains(@id ,\"application-addressmanagement-display-component---detailAdm--addressDetailDetailsName1\")]"}
COMMAND: POST /session/9d8ca4f443e10c92ec3d27965efc7b95/element - {"using":"xpath","value":"//*[contains(@data-kt ,\"ContextMenuIdLink\")][contains(text(), \"Manage Site\")]"}
RESULT: {"using":"xpath","value":"//*[contains(@data-kt ,\"ContextMenuIdLink\")][contains(text(), \"Manage Site\")]"}
COMMAND: POST /session/9d8ca4f443e10c92ec3d27965efc7b95/execute/sync - {"script":"<script> [8489 bytes]","args":[{"element-6066-11e4-a52e-4f735466cecf":"f.B9E415FFB169685FBD41AE9B33AE754C.d.4607637F6679C1488C4C4E33D8A88C7E.e.4088","ELEMENT":"f.B9E415FFB169685FBD41AE9B33AE754C.d.4607637F6679C1488C4C4E33D8A88C7E.e.4088"}]}
COMMAND: POST /session/9d8ca4f443e10c92ec3d27965efc7b95/element - {"using":"xpath","value":"//*[contains(@data-kt ,\"ContextMenuId2Link\")][contains(text(), \"Site Overview\")]"}
RESULT: {"using":"xpath","value":"//*[contains(@data-kt ,\"ContextMenuId2Link\")][contains(text(), \"Site Overview\")]"}
COMMAND: POST /session/9d8ca4f443e10c92ec3d27965efc7b95/execute/sync - {"script":"<script> [8489 bytes]","args":[{"element-6066-11e4-a52e-4f735466cecf":"f.B9E415FFB169685FBD41AE9B33AE754C.d.4607637F6679C1488C4C4E33D8A88C7E.e.4089","ELEMENT":"f.B9E415FFB169685FBD41AE9B33AE754C.d.4607637F6679C1488C4C4E33D8A88C7E.e.4089"}]}
COMMAND: POST /session/9d8ca4f443e10c92ec3d27965efc7b95/element - {"using":"xpath","value":"//*[contains(@data-kt ,\"ContextMenuId3Link\")][contains(text(), \"Site Main Address\")]"}
RESULT: {"script":"<script> [8489 bytes]","args":[{"element-6066-11e4-a52e-4f735466cecf":"f.B9E415FFB169685FBD41AE9B33AE754C.d.4607637F6679C1488C4C4E33D8A88C7E.e.4088","ELEMENT":"f.B9E415FFB169685FBD41AE9B33AE754C.d.4607637F6679C1488C4C4E33D8A88C7E.e.4088"}]}
COMMAND: GET /session/9d8ca4f443e10c92ec3d27965efc7b95/screenshot - {}
RESULT: {"script":"<script> [8489 bytes]","args":[{"element-6066-11e4-a52e-4f735466cecf":"f.B9E415FFB169685FBD41AE9B33AE754C.d.4607637F6679C1488C4C4E33D8A88C7E.e.4089","ELEMENT":"f.B9E415FFB169685FBD41AE9B33AE754C.d.4607637F6679C1488C4C4E33D8A88C7E.e.4089"}]}
COMMAND: GET /session/9d8ca4f443e10c92ec3d27965efc7b95/screenshot - {}
COMMAND: POST /session/9d8ca4f443e10c92ec3d27965efc7b95/element - {"using":"xpath","value":"//span[contains(text(), \"WebdriverYardjjtihg\")][contains(@id ,\"application-addressmanagement-display-component---detailAdm--addressDetailDetailsName1\")]"}
RESULT: {"using":"xpath","value":"//*[contains(@data-kt ,\"ContextMenuId3Link\")][contains(text(), \"Site Main Address\")]"}
COMMAND: POST /session/9d8ca4f443e10c92ec3d27965efc7b95/execute/sync - {"script":"<script> [8489 bytes]","args":[{"element-6066-11e4-a52e-4f735466cecf":"f.B9E415FFB169685FBD41AE9B33AE754C.d.4607637F6679C1488C4C4E33D8A88C7E.e.4090","ELEMENT":"f.B9E415FFB169685FBD41AE9B33AE754C.d.4607637F6679C1488C4C4E33D8A88C7E.e.4090"}]}
COMMAND: POST /session/9d8ca4f443e10c92ec3d27965efc7b95/element/f.B9E415FFB169685FBD41AE9B33AE754C.d.4607637F6679C1488C4C4E33D8A88C7E.e.4088/click - {}
RESULT: {}
RESULT: {}
RESULT: {"using":"xpath","value":"//span[contains(text(), \"WebdriverYardjjtihg\")][contains(@id ,\"application-addressmanagement-display-component---detailAdm--addressDetailDetailsName1\")]"}
RESULT: {"script":"<script> [8489 bytes]","args":[{"element-6066-11e4-a52e-4f735466cecf":"f.B9E415FFB169685FBD41AE9B33AE754C.d.4607637F6679C1488C4C4E33D8A88C7E.e.4090","ELEMENT":"f.B9E415FFB169685FBD41AE9B33AE754C.d.4607637F6679C1488C4C4E33D8A88C7E.e.4090"}]}
COMMAND: GET /session/9d8ca4f443e10c92ec3d27965efc7b95/screenshot - {}
RESULT: {}
COMMAND: GET /session/9d8ca4f443e10c92ec3d27965efc7b95/screenshot - {}
COMMAND: POST /session/9d8ca4f443e10c92ec3d27965efc7b95/element - {"using":"xpath","value":"//span[contains(text(), \"WebdriverYardjjtihg\")][contains(@id ,\"application-addressmanagement-display-component---detailAdm--addressDetailDetailsName1\")]"}
RESULT: {}
RESULT: {}
RESULT: {"using":"xpath","value":"//span[contains(text(), \"WebdriverYardjjtihg\")][contains(@id ,\"application-addressmanagement-display-component---detailAdm--addressDetailDetailsName1\")]"}
COMMAND: POST /session/9d8ca4f443e10c92ec3d27965efc7b95/element - {"using":"xpath","value":"//span[contains(text(), \"WebdriverYardjjtihg\")][contains(@id ,\"application-addressmanagement-display-component---detailAdm--addressDetailDetailsName1\")]"}
COMMAND: POST /session/9d8ca4f443e10c92ec3d27965efc7b95/execute/async - {"script":"<script> [1562 bytes]","args":[{"selector":{"controlType":"sap.m.Title","viewName":"etm.portal.ui.managesites.view.Master","viewId":"application-managesites-display-component---masterSite","i18NText":{"propertyName":"text","key":"sites"}},"wdio_ui5_key":"etmportal.ui.managesites.view.Mastersap.m.Title{\"propertyName\":\"text\",\"key\":\"sites\"}"}]}
RESULT: {"using":"xpath","value":"//span[contains(text(), \"WebdriverYardjjtihg\")][contains(@id ,\"application-addressmanagement-display-component---detailAdm--addressDetailDetailsName1\")]"}
COMMAND: POST /session/9d8ca4f443e10c92ec3d27965efc7b95/element - {"using":"xpath","value":"//span[contains(text(), \"WebdriverYardjjtihg\")][contains(@id ,\"application-addressmanagement-display-component---detailAdm--addressDetailDetailsName1\")]"}
RESULT: {"script":"<script> [1562 bytes]","args":[{"selector":{"controlType":"sap.m.Title","viewName":"etm.portal.ui.managesites.view.Master","viewId":"application-managesites-display-component---masterSite","i18NText":{"propertyName":"text","key":"sites"}},"wdio_ui5_key":"etmportal.ui.managesites.view.Mastersap.m.Title{\"propertyName\":\"text\",\"key\":\"sites\"}"}]}
RESULT: undefined
COMMAND: POST /session/9d8ca4f443e10c92ec3d27965efc7b95/execute/async - {"script":"<script> [6424 bytes]","args":[{"element-6066-11e4-a52e-4f735466cecf":"f.B9E415FFB169685FBD41AE9B33AE754C.d.4607637F6679C1488C4C4E33D8A88C7E.e.4396"},"getText",[]]}
RESULT: {"using":"xpath","value":"//span[contains(text(), \"WebdriverYardjjtihg\")][contains(@id ,\"application-addressmanagement-display-component---detailAdm--addressDetailDetailsName1\")]"}
RESULT: {"script":"<script> [6424 bytes]","args":[{"element-6066-11e4-a52e-4f735466cecf":"f.B9E415FFB169685FBD41AE9B33AE754C.d.4607637F6679C1488C4C4E33D8A88C7E.e.4396"},"getText",[]]}
COMMAND: POST /session/9d8ca4f443e10c92ec3d27965efc7b95/execute/async - {"script":"<script> [1562 bytes]","args":[{"selector":{"id":"application-managesites-display-component---detailSite--addressDetailDetailsName1"},"wdio_ui5_key":"applicationmanagesites-display-component---detailSite--addressDetailDetailsName1"}]}
COMMAND: POST /session/9d8ca4f443e10c92ec3d27965efc7b95/element - {"using":"xpath","value":"//span[contains(text(), \"WebdriverYardjjtihg\")][contains(@id ,\"application-addressmanagement-display-component---detailAdm--addressDetailDetailsName1\")]"}
RESULT: {"script":"<script> [1562 bytes]","args":[{"selector":{"id":"application-managesites-display-component---detailSite--addressDetailDetailsName1"},"wdio_ui5_key":"applicationmanagesites-display-component---detailSite--addressDetailDetailsName1"}]}
RESULT: undefined
COMMAND: POST /session/9d8ca4f443e10c92ec3d27965efc7b95/execute/async - {"script":"<script> [6424 bytes]","args":[{"element-6066-11e4-a52e-4f735466cecf":"f.B9E415FFB169685FBD41AE9B33AE754C.d.4607637F6679C1488C4C4E33D8A88C7E.e.4140"},"getValue",[]]}
RESULT: {"using":"xpath","value":"//span[contains(text(), \"WebdriverYardjjtihg\")][contains(@id ,\"application-addressmanagement-display-component---detailAdm--addressDetailDetailsName1\")]"}
RESULT: {"script":"<script> [6424 bytes]","args":[{"element-6066-11e4-a52e-4f735466cecf":"f.B9E415FFB169685FBD41AE9B33AE754C.d.4607637F6679C1488C4C4E33D8A88C7E.e.4140"},"getValue",[]]}
RESULT: undefined
COMMAND: POST /session/9d8ca4f443e10c92ec3d27965efc7b95/element - {"using":"xpath","value":"//*[@id=\"backBtn\"]"}
RESULT: {"using":"xpath","value":"//*[@id=\"backBtn\"]"}
COMMAND: POST /session/9d8ca4f443e10c92ec3d27965efc7b95/element/f.B9E415FFB169685FBD41AE9B33AE754C.d.4607637F6679C1488C4C4E33D8A88C7E.e.3281/click - {}
COMMAND: POST /session/9d8ca4f443e10c92ec3d27965efc7b95/element - {"using":"xpath","value":"//span[contains(text(), \"WebdriverYardjjtihg\")][contains(@id ,\"application-addressmanagement-display-component---detailAdm--addressDetailDetailsName1\")]"}
RESULT: {}
COMMAND: GET /session/9d8ca4f443e10c92ec3d27965efc7b95/screenshot - {}
RESULT: {"using":"xpath","value":"//span[contains(text(), \"WebdriverYardjjtihg\")][contains(@id ,\"application-addressmanagement-display-component---detailAdm--addressDetailDetailsName1\")]"}
COMMAND: POST /session/9d8ca4f443e10c92ec3d27965efc7b95/element - {"using":"xpath","value":"//span[contains(text(), \"WebdriverYardjjtihg\")][contains(@id ,\"application-addressmanagement-display-component---detailAdm--addressDetailDetailsName1\")]"}
RESULT: {}
RESULT: {"using":"xpath","value":"//span[contains(text(), \"WebdriverYardjjtihg\")][contains(@id ,\"application-addressmanagement-display-component---detailAdm--addressDetailDetailsName1\")]"}
COMMAND: POST /session/9d8ca4f443e10c92ec3d27965efc7b95/element - {"using":"xpath","value":"//span[contains(text(), \"WebdriverYardjjtihg\")][contains(@id ,\"application-addressmanagement-display-component---detailAdm--addressDetailDetailsName1\")]"}
RESULT: {"using":"xpath","value":"//span[contains(text(), \"WebdriverYardjjtihg\")][contains(@id ,\"application-addressmanagement-display-component---detailAdm--addressDetailDetailsName1\")]"}
COMMAND: POST /session/9d8ca4f443e10c92ec3d27965efc7b95/element - {"using":"xpath","value":"//span[contains(text(), \"WebdriverYardjjtihg\")][contains(@id ,\"application-addressmanagement-display-component---detailAdm--addressDetailDetailsName1\")]"}
RESULT: {"using":"xpath","value":"//span[contains(text(), \"WebdriverYardjjtihg\")][contains(@id ,\"application-addressmanagement-display-component---detailAdm--addressDetailDetailsName1\")]"}
COMMAND: POST /session/9d8ca4f443e10c92ec3d27965efc7b95/execute/sync - {"script":"<script> [8489 bytes]","args":[{"element-6066-11e4-a52e-4f735466cecf":"f.B9E415FFB169685FBD41AE9B33AE754C.d.4607637F6679C1488C4C4E33D8A88C7E.e.4086","ELEMENT":"f.B9E415FFB169685FBD41AE9B33AE754C.d.4607637F6679C1488C4C4E33D8A88C7E.e.4086"}]}
COMMAND: POST /session/9d8ca4f443e10c92ec3d27965efc7b95/element - {"using":"xpath","value":"//*[contains(@data-kt ,\"webshopDetailSiteLink\")]"}
RESULT: {"using":"xpath","value":"//*[contains(@data-kt ,\"webshopDetailSiteLink\")]"}
COMMAND: POST /session/9d8ca4f443e10c92ec3d27965efc7b95/execute/sync - {"script":"<script> [8489 bytes]","args":[{"element-6066-11e4-a52e-4f735466cecf":"f.B9E415FFB169685FBD41AE9B33AE754C.d.4607637F6679C1488C4C4E33D8A88C7E.e.4528","ELEMENT":"f.B9E415FFB169685FBD41AE9B33AE754C.d.4607637F6679C1488C4C4E33D8A88C7E.e.4528"}]}
COMMAND: POST /session/9d8ca4f443e10c92ec3d27965efc7b95/element - {"using":"xpath","value":"//span[contains(text(), \"WebdriverYardjjtihg\")][contains(@id ,\"application-addressmanagement-display-component---detailAdm--addressDetailDetailsName1\")]"}
RESULT: {"script":"<script> [8489 bytes]","args":[{"element-6066-11e4-a52e-4f735466cecf":"f.B9E415FFB169685FBD41AE9B33AE754C.d.4607637F6679C1488C4C4E33D8A88C7E.e.4528","ELEMENT":"f.B9E415FFB169685FBD41AE9B33AE754C.d.4607637F6679C1488C4C4E33D8A88C7E.e.4528"}]}
COMMAND: POST /session/9d8ca4f443e10c92ec3d27965efc7b95/execute/sync - {"script":"<script> [5351 bytes]","args":[{"element-6066-11e4-a52e-4f735466cecf":"f.B9E415FFB169685FBD41AE9B33AE754C.d.4607637F6679C1488C4C4E33D8A88C7E.e.4528","ELEMENT":"f.B9E415FFB169685FBD41AE9B33AE754C.d.4607637F6679C1488C4C4E33D8A88C7E.e.4528"}]}
COMMAND: GET /session/9d8ca4f443e10c92ec3d27965efc7b95/screenshot - {}
RESULT: {"using":"xpath","value":"//span[contains(text(), \"WebdriverYardjjtihg\")][contains(@id ,\"application-addressmanagement-display-component---detailAdm--addressDetailDetailsName1\")]"}
RESULT: {"script":"<script> [5351 bytes]","args":[{"element-6066-11e4-a52e-4f735466cecf":"f.B9E415FFB169685FBD41AE9B33AE754C.d.4607637F6679C1488C4C4E33D8A88C7E.e.4528","ELEMENT":"f.B9E415FFB169685FBD41AE9B33AE754C.d.4607637F6679C1488C4C4E33D8A88C7E.e.4528"}]}
COMMAND: POST /session/9d8ca4f443e10c92ec3d27965efc7b95/element - {"using":"xpath","value":"//*[contains(@data-kt ,\"webshopDetailSiteLink\")]"}
COMMAND: GET /session/9d8ca4f443e10c92ec3d27965efc7b95/screenshot - {}
RESULT: {}
RESULT: {"using":"xpath","value":"//*[contains(@data-kt ,\"webshopDetailSiteLink\")]"}
COMMAND: POST /session/9d8ca4f443e10c92ec3d27965efc7b95/element/f.B9E415FFB169685FBD41AE9B33AE754C.d.4607637F6679C1488C4C4E33D8A88C7E.e.4528/click - {}
COMMAND: POST /session/9d8ca4f443e10c92ec3d27965efc7b95/element - {"using":"xpath","value":"//span[contains(text(), \"WebdriverYardjjtihg\")][contains(@id ,\"application-addressmanagement-display-component---detailAdm--addressDetailDetailsName1\")]"}
RESULT: {}
RESULT: {}
RESULT: {"using":"xpath","value":"//span[contains(text(), \"WebdriverYardjjtihg\")][contains(@id ,\"application-addressmanagement-display-component---detailAdm--addressDetailDetailsName1\")]"}
COMMAND: GET /session/9d8ca4f443e10c92ec3d27965efc7b95/screenshot - {}
RESULT: {}
COMMAND: POST /session/9d8ca4f443e10c92ec3d27965efc7b95/element - {"using":"xpath","value":"//span[contains(text(), \"WebdriverYardjjtihg\")][contains(@id ,\"application-addressmanagement-display-component---detailAdm--addressDetailDetailsName1\")]"}
RESULT: {"using":"xpath","value":"//span[contains(text(), \"WebdriverYardjjtihg\")][contains(@id ,\"application-addressmanagement-display-component---detailAdm--addressDetailDetailsName1\")]"}
COMMAND: POST /session/9d8ca4f443e10c92ec3d27965efc7b95/element - {"using":"xpath","value":"//span[contains(text(), \"WebdriverYardjjtihg\")][contains(@id ,\"application-addressmanagement-display-component---detailAdm--addressDetailDetailsName1\")]"}
RESULT: {"using":"xpath","value":"//span[contains(text(), \"WebdriverYardjjtihg\")][contains(@id ,\"application-addressmanagement-display-component---detailAdm--addressDetailDetailsName1\")]"}
COMMAND: POST /session/9d8ca4f443e10c92ec3d27965efc7b95/element - {"using":"xpath","value":"//span[contains(text(), \"WebdriverYardjjtihg\")][contains(@id ,\"application-addressmanagement-display-component---detailAdm--addressDetailDetailsName1\")]"}
RESULT: {"using":"xpath","value":"//span[contains(text(), \"WebdriverYardjjtihg\")][contains(@id ,\"application-addressmanagement-display-component---detailAdm--addressDetailDetailsName1\")]"}
COMMAND: POST /session/9d8ca4f443e10c92ec3d27965efc7b95/element/f.B9E415FFB169685FBD41AE9B33AE754C.d.4607637F6679C1488C4C4E33D8A88C7E.e.4089/click - {}
COMMAND: POST /session/9d8ca4f443e10c92ec3d27965efc7b95/element - {"using":"xpath","value":"//*[contains(@data-kt ,\"ContextMenuId2Link\")][contains(text(), \"Site Overview\")]"}
RESULT: {"using":"xpath","value":"//*[contains(@data-kt ,\"ContextMenuId2Link\")][contains(text(), \"Site Overview\")]"}
COMMAND: POST /session/9d8ca4f443e10c92ec3d27965efc7b95/element/f.B9E415FFB169685FBD41AE9B33AE754C.d.4607637F6679C1488C4C4E33D8A88C7E.e.4089/click - {}
COMMAND: POST /session/9d8ca4f443e10c92ec3d27965efc7b95/element - {"using":"xpath","value":"//*[contains(@data-kt ,\"ContextMenuId2Link\")][contains(text(), \"Site Overview\")]"}
RESULT: {"using":"xpath","value":"//*[contains(@data-kt ,\"ContextMenuId2Link\")][contains(text(), \"Site Overview\")]"}
COMMAND: POST /session/9d8ca4f443e10c92ec3d27965efc7b95/element/f.B9E415FFB169685FBD41AE9B33AE754C.d.4607637F6679C1488C4C4E33D8A88C7E.e.4532/click - {}
COMMAND: POST /session/9d8ca4f443e10c92ec3d27965efc7b95/element - {"using":"xpath","value":"//span[contains(text(), \"WebdriverYardjjtihg\")][contains(@id ,\"application-addressmanagement-display-component---detailAdm--addressDetailDetailsName1\")]"}
RESULT: {}
RESULT: {"using":"xpath","value":"//span[contains(text(), \"WebdriverYardjjtihg\")][contains(@id ,\"application-addressmanagement-display-component---detailAdm--addressDetailDetailsName1\")]"}
COMMAND: GET /session/9d8ca4f443e10c92ec3d27965efc7b95/screenshot - {}
RESULT: {}
COMMAND: POST /session/9d8ca4f443e10c92ec3d27965efc7b95/element - {"using":"xpath","value":"//span[contains(text(), \"WebdriverYardjjtihg\")][contains(@id ,\"application-addressmanagement-display-component---detailAdm--addressDetailDetailsName1\")]"}
RESULT: {"using":"xpath","value":"//span[contains(text(), \"WebdriverYardjjtihg\")][contains(@id ,\"application-addressmanagement-display-component---detailAdm--addressDetailDetailsName1\")]"}
COMMAND: POST /session/9d8ca4f443e10c92ec3d27965efc7b95/element - {"using":"xpath","value":"//span[contains(text(), \"WebdriverYardjjtihg\")][contains(@id ,\"application-addressmanagement-display-component---detailAdm--addressDetailDetailsName1\")]"}
RESULT: {"using":"xpath","value":"//span[contains(text(), \"WebdriverYardjjtihg\")][contains(@id ,\"application-addressmanagement-display-component---detailAdm--addressDetailDetailsName1\")]"}
COMMAND: POST /session/9d8ca4f443e10c92ec3d27965efc7b95/element - {"using":"xpath","value":"//span[contains(text(), \"WebdriverYardjjtihg\")][contains(@id ,\"application-addressmanagement-display-component---detailAdm--addressDetailDetailsName1\")]"}
RESULT: {"using":"xpath","value":"//span[contains(text(), \"WebdriverYardjjtihg\")][contains(@id ,\"application-addressmanagement-display-component---detailAdm--addressDetailDetailsName1\")]"}
COMMAND: POST /session/9d8ca4f443e10c92ec3d27965efc7b95/element - {"using":"xpath","value":"//span[contains(text(), \"WebdriverYardjjtihg\")][contains(@id ,\"application-addressmanagement-display-component---detailAdm--addressDetailDetailsName1\")]"}
RESULT: {"using":"xpath","value":"//span[contains(text(), \"WebdriverYardjjtihg\")][contains(@id ,\"application-addressmanagement-display-component---detailAdm--addressDetailDetailsName1\")]"}
RESULT: undefined
COMMAND: POST /session/9d8ca4f443e10c92ec3d27965efc7b95/execute/async - {"script":"<script> [6424 bytes]","args":[{"element-6066-11e4-a52e-4f735466cecf":"f.B9E415FFB169685FBD41AE9B33AE754C.d.4607637F6679C1488C4C4E33D8A88C7E.e.3279"},"getTitle",[]]}
COMMAND: POST /session/9d8ca4f443e10c92ec3d27965efc7b95/execute/async - {"script":"<script> [1562 bytes]","args":[{"selector":{"id":"shellAppTitle"},"wdio_ui5_key":"shellAppTitle"}]}
RESULT: {"script":"<script> [1562 bytes]","args":[{"selector":{"id":"shellAppTitle"},"wdio_ui5_key":"shellAppTitle"}]}
COMMAND: POST /session/9d8ca4f443e10c92ec3d27965efc7b95/execute/async - {"script":"<script> [6424 bytes]","args":[{"element-6066-11e4-a52e-4f735466cecf":"f.B9E415FFB169685FBD41AE9B33AE754C.d.4607637F6679C1488C4C4E33D8A88C7E.e.4557"},"getTitle",[]]}
RESULT: {"script":"<script> [6424 bytes]","args":[{"element-6066-11e4-a52e-4f735466cecf":"f.B9E415FFB169685FBD41AE9B33AE754C.d.4607637F6679C1488C4C4E33D8A88C7E.e.4557"},"getTitle",[]]}
COMMAND: POST /session/9d8ca4f443e10c92ec3d27965efc7b95/element - {"using":"xpath","value":"(//span[contains(text(), \"WebdriverSite3asx\")])[2]"}
RESULT: {"using":"xpath","value":"(//span[contains(text(), \"WebdriverSite3asx\")])[2]"}
COMMAND: POST /session/9d8ca4f443e10c92ec3d27965efc7b95/execute/sync - {"script":"<script> [8489 bytes]","args":[{"element-6066-11e4-a52e-4f735466cecf":"f.B9E415FFB169685FBD41AE9B33AE754C.d.4607637F6679C1488C4C4E33D8A88C7E.e.4558","ELEMENT":"f.B9E415FFB169685FBD41AE9B33AE754C.d.4607637F6679C1488C4C4E33D8A88C7E.e.4558"}]}
RESULT: undefined
COMMAND: POST /session/9d8ca4f443e10c92ec3d27965efc7b95/element - {"using":"xpath","value":"//*[@id=\"backBtn\"]"}
RESULT: {"script":"<script> [8489 bytes]","args":[{"element-6066-11e4-a52e-4f735466cecf":"f.B9E415FFB169685FBD41AE9B33AE754C.d.4607637F6679C1488C4C4E33D8A88C7E.e.4558","ELEMENT":"f.B9E415FFB169685FBD41AE9B33AE754C.d.4607637F6679C1488C4C4E33D8A88C7E.e.4558"}]}
COMMAND: GET /session/9d8ca4f443e10c92ec3d27965efc7b95/screenshot - {}
RESULT: {"using":"xpath","value":"//*[@id=\"backBtn\"]"}
COMMAND: POST /session/9d8ca4f443e10c92ec3d27965efc7b95/element/f.B9E415FFB169685FBD41AE9B33AE754C.d.4607637F6679C1488C4C4E33D8A88C7E.e.3281/click - {}
RESULT: {}
RESULT: {}
COMMAND: GET /session/9d8ca4f443e10c92ec3d27965efc7b95/screenshot - {}
RESULT: {}
COMMAND: POST /session/9d8ca4f443e10c92ec3d27965efc7b95/execute/sync - {"script":"<script> [8489 bytes]","args":[{"element-6066-11e4-a52e-4f735466cecf":"f.B9E415FFB169685FBD41AE9B33AE754C.d.4607637F6679C1488C4C4E33D8A88C7E.e.4528","ELEMENT":"f.B9E415FFB169685FBD41AE9B33AE754C.d.4607637F6679C1488C4C4E33D8A88C7E.e.4528"}]}
COMMAND: POST /session/9d8ca4f443e10c92ec3d27965efc7b95/element - {"using":"xpath","value":"//*[contains(@data-kt ,\"webshopDetailSiteLink\")]"}
RESULT: {"using":"xpath","value":"//*[contains(@data-kt ,\"webshopDetailSiteLink\")]"}
COMMAND: POST /session/9d8ca4f443e10c92ec3d27965efc7b95/execute/sync - {"script":"<script> [8489 bytes]","args":[{"element-6066-11e4-a52e-4f735466cecf":"f.B9E415FFB169685FBD41AE9B33AE754C.d.4607637F6679C1488C4C4E33D8A88C7E.e.4721","ELEMENT":"f.B9E415FFB169685FBD41AE9B33AE754C.d.4607637F6679C1488C4C4E33D8A88C7E.e.4721"}]}
RESULT: {"script":"<script> [8489 bytes]","args":[{"element-6066-11e4-a52e-4f735466cecf":"f.B9E415FFB169685FBD41AE9B33AE754C.d.4607637F6679C1488C4C4E33D8A88C7E.e.4721","ELEMENT":"f.B9E415FFB169685FBD41AE9B33AE754C.d.4607637F6679C1488C4C4E33D8A88C7E.e.4721"}]}
COMMAND: POST /session/9d8ca4f443e10c92ec3d27965efc7b95/execute/sync - {"script":"<script> [5351 bytes]","args":[{"element-6066-11e4-a52e-4f735466cecf":"f.B9E415FFB169685FBD41AE9B33AE754C.d.4607637F6679C1488C4C4E33D8A88C7E.e.4721","ELEMENT":"f.B9E415FFB169685FBD41AE9B33AE754C.d.4607637F6679C1488C4C4E33D8A88C7E.e.4721"}]}
COMMAND: GET /session/9d8ca4f443e10c92ec3d27965efc7b95/screenshot - {}
RESULT: {"script":"<script> [5351 bytes]","args":[{"element-6066-11e4-a52e-4f735466cecf":"f.B9E415FFB169685FBD41AE9B33AE754C.d.4607637F6679C1488C4C4E33D8A88C7E.e.4721","ELEMENT":"f.B9E415FFB169685FBD41AE9B33AE754C.d.4607637F6679C1488C4C4E33D8A88C7E.e.4721"}]}
COMMAND: POST /session/9d8ca4f443e10c92ec3d27965efc7b95/element - {"using":"xpath","value":"//*[contains(@data-kt ,\"webshopDetailSiteLink\")]"}
COMMAND: GET /session/9d8ca4f443e10c92ec3d27965efc7b95/screenshot - {}
RESULT: {}
RESULT: {"using":"xpath","value":"//*[contains(@data-kt ,\"webshopDetailSiteLink\")]"}
COMMAND: POST /session/9d8ca4f443e10c92ec3d27965efc7b95/element/f.B9E415FFB169685FBD41AE9B33AE754C.d.4607637F6679C1488C4C4E33D8A88C7E.e.4721/click - {}
RESULT: {}
RESULT: {}
COMMAND: GET /session/9d8ca4f443e10c92ec3d27965efc7b95/screenshot - {}
RESULT: {}
COMMAND: POST /session/9d8ca4f443e10c92ec3d27965efc7b95/element/f.B9E415FFB169685FBD41AE9B33AE754C.d.4607637F6679C1488C4C4E33D8A88C7E.e.4090/click - {}
COMMAND: POST /session/9d8ca4f443e10c92ec3d27965efc7b95/element - {"using":"xpath","value":"//*[contains(@data-kt ,\"ContextMenuId3Link\")][contains(text(), \"Site Main Address\")]"}
RESULT: {"using":"xpath","value":"//*[contains(@data-kt ,\"ContextMenuId3Link\")][contains(text(), \"Site Main Address\")]"}
COMMAND: POST /session/9d8ca4f443e10c92ec3d27965efc7b95/element/f.B9E415FFB169685FBD41AE9B33AE754C.d.4607637F6679C1488C4C4E33D8A88C7E.e.4090/click - {}
COMMAND: POST /session/9d8ca4f443e10c92ec3d27965efc7b95/element - {"using":"xpath","value":"//*[contains(@data-kt ,\"ContextMenuId3Link\")][contains(text(), \"Site Main Address\")]"}
RESULT: {"using":"xpath","value":"//*[contains(@data-kt ,\"ContextMenuId3Link\")][contains(text(), \"Site Main Address\")]"}
COMMAND: POST /session/9d8ca4f443e10c92ec3d27965efc7b95/element/f.B9E415FFB169685FBD41AE9B33AE754C.d.4607637F6679C1488C4C4E33D8A88C7E.e.4724/click - {}
RESULT: {}
COMMAND: GET /session/9d8ca4f443e10c92ec3d27965efc7b95/screenshot - {}
RESULT: {}
COMMAND: POST /session/9d8ca4f443e10c92ec3d27965efc7b95/element - {"using":"xpath","value":"//span[contains(@id ,\"application-addressmanagement-display-component---masterAdm--title1-inner\")]"}
RESULT: {"using":"xpath","value":"//span[contains(@id ,\"application-addressmanagement-display-component---masterAdm--title1-inner\")]"}
COMMAND: GET /session/9d8ca4f443e10c92ec3d27965efc7b95/element/f.B9E415FFB169685FBD41AE9B33AE754C.d.4607637F6679C1488C4C4E33D8A88C7E.e.4925/text - {}
RESULT: {}
COMMAND: POST /session/9d8ca4f443e10c92ec3d27965efc7b95/element - {"using":"xpath","value":"//span[contains(@id ,\"application-addressmanagement-display-component---detailAdm--addressDetailDetailsName1\")][contains(text(), \"WebdriverSite3asx\")]"}
RESULT: {"using":"xpath","value":"//span[contains(@id ,\"application-addressmanagement-display-component---detailAdm--addressDetailDetailsName1\")][contains(text(), \"WebdriverSite3asx\")]"}
COMMAND: POST /session/9d8ca4f443e10c92ec3d27965efc7b95/execute/sync - {"script":"<script> [8489 bytes]","args":[{"element-6066-11e4-a52e-4f735466cecf":"f.B9E415FFB169685FBD41AE9B33AE754C.d.4607637F6679C1488C4C4E33D8A88C7E.e.4926","ELEMENT":"f.B9E415FFB169685FBD41AE9B33AE754C.d.4607637F6679C1488C4C4E33D8A88C7E.e.4926"}]}
RESULT: undefined
COMMAND: POST /session/9d8ca4f443e10c92ec3d27965efc7b95/element - {"using":"xpath","value":"//*[@id=\"backBtn\"]"}
RESULT: {"using":"xpath","value":"//*[@id=\"backBtn\"]"}
COMMAND: POST /session/9d8ca4f443e10c92ec3d27965efc7b95/element/f.B9E415FFB169685FBD41AE9B33AE754C.d.4607637F6679C1488C4C4E33D8A88C7E.e.3281/click - {}
RESULT: {"script":"<script> [8489 bytes]","args":[{"element-6066-11e4-a52e-4f735466cecf":"f.B9E415FFB169685FBD41AE9B33AE754C.d.4607637F6679C1488C4C4E33D8A88C7E.e.4926","ELEMENT":"f.B9E415FFB169685FBD41AE9B33AE754C.d.4607637F6679C1488C4C4E33D8A88C7E.e.4926"}]}
COMMAND: GET /session/9d8ca4f443e10c92ec3d27965efc7b95/screenshot - {}
RESULT: {}
COMMAND: GET /session/9d8ca4f443e10c92ec3d27965efc7b95/screenshot - {}
RESULT: {}
RESULT: {}
COMMAND: POST /session/9d8ca4f443e10c92ec3d27965efc7b95/execute/sync - {"script":"<script> [8489 bytes]","args":[{"element-6066-11e4-a52e-4f735466cecf":"f.B9E415FFB169685FBD41AE9B33AE754C.d.4607637F6679C1488C4C4E33D8A88C7E.e.4721","ELEMENT":"f.B9E415FFB169685FBD41AE9B33AE754C.d.4607637F6679C1488C4C4E33D8A88C7E.e.4721"}]}
COMMAND: POST /session/9d8ca4f443e10c92ec3d27965efc7b95/element - {"using":"xpath","value":"//*[contains(@data-kt ,\"webshopDetailSiteLink\")]"}
RESULT: {"using":"xpath","value":"//*[contains(@data-kt ,\"webshopDetailSiteLink\")]"}
COMMAND: POST /session/9d8ca4f443e10c92ec3d27965efc7b95/execute/sync - {"script":"<script> [8489 bytes]","args":[{"element-6066-11e4-a52e-4f735466cecf":"f.B9E415FFB169685FBD41AE9B33AE754C.d.4607637F6679C1488C4C4E33D8A88C7E.e.5084","ELEMENT":"f.B9E415FFB169685FBD41AE9B33AE754C.d.4607637F6679C1488C4C4E33D8A88C7E.e.5084"}]}
RESULT: {"script":"<script> [8489 bytes]","args":[{"element-6066-11e4-a52e-4f735466cecf":"f.B9E415FFB169685FBD41AE9B33AE754C.d.4607637F6679C1488C4C4E33D8A88C7E.e.5084","ELEMENT":"f.B9E415FFB169685FBD41AE9B33AE754C.d.4607637F6679C1488C4C4E33D8A88C7E.e.5084"}]}
COMMAND: POST /session/9d8ca4f443e10c92ec3d27965efc7b95/execute/sync - {"script":"<script> [5351 bytes]","args":[{"element-6066-11e4-a52e-4f735466cecf":"f.B9E415FFB169685FBD41AE9B33AE754C.d.4607637F6679C1488C4C4E33D8A88C7E.e.5084","ELEMENT":"f.B9E415FFB169685FBD41AE9B33AE754C.d.4607637F6679C1488C4C4E33D8A88C7E.e.5084"}]}
COMMAND: GET /session/9d8ca4f443e10c92ec3d27965efc7b95/screenshot - {}
RESULT: {"script":"<script> [5351 bytes]","args":[{"element-6066-11e4-a52e-4f735466cecf":"f.B9E415FFB169685FBD41AE9B33AE754C.d.4607637F6679C1488C4C4E33D8A88C7E.e.5084","ELEMENT":"f.B9E415FFB169685FBD41AE9B33AE754C.d.4607637F6679C1488C4C4E33D8A88C7E.e.5084"}]}
COMMAND: POST /session/9d8ca4f443e10c92ec3d27965efc7b95/element - {"using":"xpath","value":"//*[contains(@data-kt ,\"webshopDetailSiteLink\")]"}
COMMAND: GET /session/9d8ca4f443e10c92ec3d27965efc7b95/screenshot - {}
RESULT: {}
RESULT: {"using":"xpath","value":"//*[contains(@data-kt ,\"webshopDetailSiteLink\")]"}
COMMAND: POST /session/9d8ca4f443e10c92ec3d27965efc7b95/element/f.B9E415FFB169685FBD41AE9B33AE754C.d.4607637F6679C1488C4C4E33D8A88C7E.e.5084/click - {}
RESULT: {}
RESULT: {}
COMMAND: GET /session/9d8ca4f443e10c92ec3d27965efc7b95/screenshot - {}
RESULT: {}
COMMAND: POST /session/9d8ca4f443e10c92ec3d27965efc7b95/element - {"using":"xpath","value":"//button[contains(@data-kt ,\"ContextMenuIdExternalLink\")]"}
RESULT: {"using":"xpath","value":"//button[contains(@data-kt ,\"ContextMenuIdExternalLink\")]"}
COMMAND: POST /session/9d8ca4f443e10c92ec3d27965efc7b95/element/f.B9E415FFB169685FBD41AE9B33AE754C.d.4607637F6679C1488C4C4E33D8A88C7E.e.5085/click - {}
RESULT: {}
COMMAND: GET /session/9d8ca4f443e10c92ec3d27965efc7b95/screenshot - {}
RESULT: {}
COMMAND: GET /session/9d8ca4f443e10c92ec3d27965efc7b95/window/handles - {}
RESULT: {}
COMMAND: POST /session/9d8ca4f443e10c92ec3d27965efc7b95/window - {"handle":"D575371E08BFF261B69C7949247A510C"}
RESULT: {"handle":"D575371E08BFF261B69C7949247A510C"}
COMMAND: GET /session/9d8ca4f443e10c92ec3d27965efc7b95/url - {}
RESULT: {}
COMMAND: GET /session/9d8ca4f443e10c92ec3d27965efc7b95/screenshot - {}
COMMAND: DELETE /session/9d8ca4f443e10c92ec3d27965efc7b95/window - {}
RESULT: {}
RESULT: {}
COMMAND: POST /session/9d8ca4f443e10c92ec3d27965efc7b95/window - {"handle":"B9E415FFB169685FBD41AE9B33AE754C"}
RESULT: {"handle":"B9E415FFB169685FBD41AE9B33AE754C"}
COMMAND: GET /session/9d8ca4f443e10c92ec3d27965efc7b95/url - {}
RESULT: {}
COMMAND: GET /session/9d8ca4f443e10c92ec3d27965efc7b95/screenshot - {}
RESULT: {}
COMMAND: POST /session/9d8ca4f443e10c92ec3d27965efc7b95/element - {"using":"xpath","value":"//button[contains(@data-kt ,\"ContextMenuExternalId2Link\")]"}
RESULT: {"using":"xpath","value":"//button[contains(@data-kt ,\"ContextMenuExternalId2Link\")]"}
COMMAND: POST /session/9d8ca4f443e10c92ec3d27965efc7b95/element/f.B9E415FFB169685FBD41AE9B33AE754C.d.4607637F6679C1488C4C4E33D8A88C7E.e.5090/click - {}
RESULT: {}
COMMAND: GET /session/9d8ca4f443e10c92ec3d27965efc7b95/screenshot - {}
RESULT: {}
COMMAND: GET /session/9d8ca4f443e10c92ec3d27965efc7b95/window/handles - {}
RESULT: {}
COMMAND: POST /session/9d8ca4f443e10c92ec3d27965efc7b95/window - {"handle":"69AA9D225DDEBD7AB97367C98755C5C7"}
RESULT: {"handle":"69AA9D225DDEBD7AB97367C98755C5C7"}
COMMAND: GET /session/9d8ca4f443e10c92ec3d27965efc7b95/url - {}
RESULT: {}
COMMAND: GET /session/9d8ca4f443e10c92ec3d27965efc7b95/screenshot - {}
RESULT: {}
COMMAND: POST /session/9d8ca4f443e10c92ec3d27965efc7b95/execute/sync - {"script":"<script> [8489 bytes]","args":[{"element-6066-11e4-a52e-4f735466cecf":"f.B9E415FFB169685FBD41AE9B33AE754C.d.4607637F6679C1488C4C4E33D8A88C7E.e.4558","ELEMENT":"f.B9E415FFB169685FBD41AE9B33AE754C.d.4607637F6679C1488C4C4E33D8A88C7E.e.4558"}]}
COMMAND: DELETE /session/9d8ca4f443e10c92ec3d27965efc7b95/window - {}
RESULT: {}
COMMAND: POST /session/9d8ca4f443e10c92ec3d27965efc7b95/window - {"handle":"B9E415FFB169685FBD41AE9B33AE754C"}
RESULT: {"handle":"B9E415FFB169685FBD41AE9B33AE754C"}
COMMAND: GET /session/9d8ca4f443e10c92ec3d27965efc7b95/url - {}
COMMAND: POST /session/9d8ca4f443e10c92ec3d27965efc7b95/element - {"using":"xpath","value":"(//span[contains(text(), \"WebdriverSite3asx\")])[2]"}
RESULT: {}
COMMAND: GET /session/9d8ca4f443e10c92ec3d27965efc7b95/screenshot - {}
RESULT: {"using":"xpath","value":"(//span[contains(text(), \"WebdriverSite3asx\")])[2]"}
COMMAND: POST /session/9d8ca4f443e10c92ec3d27965efc7b95/element - {"using":"xpath","value":"(//span[contains(text(), \"WebdriverSite3asx\")])[2]"}
RESULT: {}
RESULT: {"using":"xpath","value":"(//span[contains(text(), \"WebdriverSite3asx\")])[2]"}
COMMAND: POST /session/9d8ca4f443e10c92ec3d27965efc7b95/element - {"using":"xpath","value":"(//span[contains(text(), \"WebdriverSite3asx\")])[2]"}
RESULT: {"using":"xpath","value":"(//span[contains(text(), \"WebdriverSite3asx\")])[2]"}
COMMAND: POST /session/9d8ca4f443e10c92ec3d27965efc7b95/element - {"using":"xpath","value":"(//span[contains(text(), \"WebdriverSite3asx\")])[2]"}
RESULT: {"using":"xpath","value":"(//span[contains(text(), \"WebdriverSite3asx\")])[2]"}
COMMAND: POST /session/9d8ca4f443e10c92ec3d27965efc7b95/element - {"using":"xpath","value":"(//span[contains(text(), \"WebdriverSite3asx\")])[2]"}
RESULT: {"using":"xpath","value":"(//span[contains(text(), \"WebdriverSite3asx\")])[2]"}
COMMAND: POST /session/9d8ca4f443e10c92ec3d27965efc7b95/element - {"using":"xpath","value":"(//span[contains(text(), \"WebdriverSite3asx\")])[2]"}
RESULT: {"using":"xpath","value":"(//span[contains(text(), \"WebdriverSite3asx\")])[2]"}
COMMAND: POST /session/9d8ca4f443e10c92ec3d27965efc7b95/element - {"using":"xpath","value":"(//span[contains(text(), \"WebdriverSite3asx\")])[2]"}
RESULT: {"using":"xpath","value":"(//span[contains(text(), \"WebdriverSite3asx\")])[2]"}
COMMAND: POST /session/9d8ca4f443e10c92ec3d27965efc7b95/element - {"using":"xpath","value":"(//span[contains(text(), \"WebdriverSite3asx\")])[2]"}
RESULT: {"using":"xpath","value":"(//span[contains(text(), \"WebdriverSite3asx\")])[2]"}
COMMAND: POST /session/9d8ca4f443e10c92ec3d27965efc7b95/element - {"using":"xpath","value":"(//span[contains(text(), \"WebdriverSite3asx\")])[2]"}
RESULT: {"using":"xpath","value":"(//span[contains(text(), \"WebdriverSite3asx\")])[2]"}
COMMAND: POST /session/9d8ca4f443e10c92ec3d27965efc7b95/element - {"using":"xpath","value":"(//span[contains(text(), \"WebdriverSite3asx\")])[2]"}
RESULT: {"using":"xpath","value":"(//span[contains(text(), \"WebdriverSite3asx\")])[2]"}
COMMAND: POST /session/9d8ca4f443e10c92ec3d27965efc7b95/element - {"using":"xpath","value":"(//span[contains(text(), \"WebdriverSite3asx\")])[2]"}
RESULT: {"using":"xpath","value":"(//span[contains(text(), \"WebdriverSite3asx\")])[2]"}
COMMAND: POST /session/9d8ca4f443e10c92ec3d27965efc7b95/execute/sync - {"script":"<script> [8489 bytes]","args":[{"element-6066-11e4-a52e-4f735466cecf":"f.B9E415FFB169685FBD41AE9B33AE754C.d.4607637F6679C1488C4C4E33D8A88C7E.e.5084","ELEMENT":"f.B9E415FFB169685FBD41AE9B33AE754C.d.4607637F6679C1488C4C4E33D8A88C7E.e.5084"}]}
RESULT: {"script":"<script> [8489 bytes]","args":[{"element-6066-11e4-a52e-4f735466cecf":"f.B9E415FFB169685FBD41AE9B33AE754C.d.4607637F6679C1488C4C4E33D8A88C7E.e.5084","ELEMENT":"f.B9E415FFB169685FBD41AE9B33AE754C.d.4607637F6679C1488C4C4E33D8A88C7E.e.5084"}]}
COMMAND: POST /session/9d8ca4f443e10c92ec3d27965efc7b95/execute/sync - {"script":"<script> [5351 bytes]","args":[{"element-6066-11e4-a52e-4f735466cecf":"f.B9E415FFB169685FBD41AE9B33AE754C.d.4607637F6679C1488C4C4E33D8A88C7E.e.5084","ELEMENT":"f.B9E415FFB169685FBD41AE9B33AE754C.d.4607637F6679C1488C4C4E33D8A88C7E.e.5084"}]}
COMMAND: GET /session/9d8ca4f443e10c92ec3d27965efc7b95/screenshot - {}
RESULT: {"script":"<script> [5351 bytes]","args":[{"element-6066-11e4-a52e-4f735466cecf":"f.B9E415FFB169685FBD41AE9B33AE754C.d.4607637F6679C1488C4C4E33D8A88C7E.e.5084","ELEMENT":"f.B9E415FFB169685FBD41AE9B33AE754C.d.4607637F6679C1488C4C4E33D8A88C7E.e.5084"}]}
COMMAND: POST /session/9d8ca4f443e10c92ec3d27965efc7b95/element - {"using":"xpath","value":"//*[contains(@data-kt ,\"webshopDetailSiteLink\")]"}
COMMAND: GET /session/9d8ca4f443e10c92ec3d27965efc7b95/screenshot - {}
RESULT: {}
RESULT: {"using":"xpath","value":"//*[contains(@data-kt ,\"webshopDetailSiteLink\")]"}
COMMAND: POST /session/9d8ca4f443e10c92ec3d27965efc7b95/element/f.B9E415FFB169685FBD41AE9B33AE754C.d.4607637F6679C1488C4C4E33D8A88C7E.e.5084/click - {}
COMMAND: POST /session/9d8ca4f443e10c92ec3d27965efc7b95/element - {"using":"xpath","value":"(//span[contains(text(), \"WebdriverSite3asx\")])[2]"}
RESULT: {}
RESULT: {}
COMMAND: GET /session/9d8ca4f443e10c92ec3d27965efc7b95/screenshot - {}
RESULT: {"using":"xpath","value":"(//span[contains(text(), \"WebdriverSite3asx\")])[2]"}
COMMAND: POST /session/9d8ca4f443e10c92ec3d27965efc7b95/execute/sync - {"script":"<script> [8489 bytes]","args":[{"element-6066-11e4-a52e-4f735466cecf":"f.B9E415FFB169685FBD41AE9B33AE754C.d.4607637F6679C1488C4C4E33D8A88C7E.e.5105","ELEMENT":"f.B9E415FFB169685FBD41AE9B33AE754C.d.4607637F6679C1488C4C4E33D8A88C7E.e.5105"}]}
RESULT: {}
RESULT: {"script":"<script> [8489 bytes]","args":[{"element-6066-11e4-a52e-4f735466cecf":"f.B9E415FFB169685FBD41AE9B33AE754C.d.4607637F6679C1488C4C4E33D8A88C7E.e.5105","ELEMENT":"f.B9E415FFB169685FBD41AE9B33AE754C.d.4607637F6679C1488C4C4E33D8A88C7E.e.5105"}]}
COMMAND: GET /session/9d8ca4f443e10c92ec3d27965efc7b95/screenshot - {}
RESULT: {}
COMMAND: POST /session/9d8ca4f443e10c92ec3d27965efc7b95/element - {"using":"xpath","value":"(//button[contains(@data-kt ,\"ContextMenuExternalId3Link\")])[2]"}
RESULT: {"using":"xpath","value":"(//button[contains(@data-kt ,\"ContextMenuExternalId3Link\")])[2]"}
COMMAND: POST /session/9d8ca4f443e10c92ec3d27965efc7b95/element/f.B9E415FFB169685FBD41AE9B33AE754C.d.4607637F6679C1488C4C4E33D8A88C7E.e.5106/click - {}
RESULT: {}
COMMAND: GET /session/9d8ca4f443e10c92ec3d27965efc7b95/screenshot - {}
RESULT: {}
COMMAND: GET /session/9d8ca4f443e10c92ec3d27965efc7b95/window/handles - {}
RESULT: {}
COMMAND: POST /session/9d8ca4f443e10c92ec3d27965efc7b95/window - {"handle":"71141273431BAE7A983C5ECD302AC4C8"}
RESULT: {"handle":"71141273431BAE7A983C5ECD302AC4C8"}
COMMAND: GET /session/9d8ca4f443e10c92ec3d27965efc7b95/url - {}
RESULT: {}
COMMAND: GET /session/9d8ca4f443e10c92ec3d27965efc7b95/screenshot - {}
COMMAND: POST /session/9d8ca4f443e10c92ec3d27965efc7b95/execute/sync - {"script":"<script> [8489 bytes]","args":[{"element-6066-11e4-a52e-4f735466cecf":"f.B9E415FFB169685FBD41AE9B33AE754C.d.4607637F6679C1488C4C4E33D8A88C7E.e.4926","ELEMENT":"f.B9E415FFB169685FBD41AE9B33AE754C.d.4607637F6679C1488C4C4E33D8A88C7E.e.4926"}]}
RESULT: {}
RESULT: {"script":"<script> [8489 bytes]","args":[{"element-6066-11e4-a52e-4f735466cecf":"f.B9E415FFB169685FBD41AE9B33AE754C.d.4607637F6679C1488C4C4E33D8A88C7E.e.4926","ELEMENT":"f.B9E415FFB169685FBD41AE9B33AE754C.d.4607637F6679C1488C4C4E33D8A88C7E.e.4926"}]}
COMMAND: GET /session/9d8ca4f443e10c92ec3d27965efc7b95/screenshot - {}
RESULT: {}
COMMAND: POST /session/9d8ca4f443e10c92ec3d27965efc7b95/execute/sync - {"script":"<script> [8489 bytes]","args":[{"element-6066-11e4-a52e-4f735466cecf":"f.B9E415FFB169685FBD41AE9B33AE754C.d.4607637F6679C1488C4C4E33D8A88C7E.e.4926","ELEMENT":"f.B9E415FFB169685FBD41AE9B33AE754C.d.4607637F6679C1488C4C4E33D8A88C7E.e.4926"}]}
RESULT: {"script":"<script> [8489 bytes]","args":[{"element-6066-11e4-a52e-4f735466cecf":"f.B9E415FFB169685FBD41AE9B33AE754C.d.4607637F6679C1488C4C4E33D8A88C7E.e.4926","ELEMENT":"f.B9E415FFB169685FBD41AE9B33AE754C.d.4607637F6679C1488C4C4E33D8A88C7E.e.4926"}]}
COMMAND: GET /session/9d8ca4f443e10c92ec3d27965efc7b95/screenshot - {}
RESULT: {}
COMMAND: POST /session/9d8ca4f443e10c92ec3d27965efc7b95/execute/sync - {"script":"<script> [8489 bytes]","args":[{"element-6066-11e4-a52e-4f735466cecf":"f.B9E415FFB169685FBD41AE9B33AE754C.d.4607637F6679C1488C4C4E33D8A88C7E.e.4926","ELEMENT":"f.B9E415FFB169685FBD41AE9B33AE754C.d.4607637F6679C1488C4C4E33D8A88C7E.e.4926"}]}
RESULT: {"script":"<script> [8489 bytes]","args":[{"element-6066-11e4-a52e-4f735466cecf":"f.B9E415FFB169685FBD41AE9B33AE754C.d.4607637F6679C1488C4C4E33D8A88C7E.e.4926","ELEMENT":"f.B9E415FFB169685FBD41AE9B33AE754C.d.4607637F6679C1488C4C4E33D8A88C7E.e.4926"}]}
COMMAND: GET /session/9d8ca4f443e10c92ec3d27965efc7b95/screenshot - {}
RESULT: {}
COMMAND: POST /session/9d8ca4f443e10c92ec3d27965efc7b95/execute/sync - {"script":"<script> [8489 bytes]","args":[{"element-6066-11e4-a52e-4f735466cecf":"f.B9E415FFB169685FBD41AE9B33AE754C.d.4607637F6679C1488C4C4E33D8A88C7E.e.4926","ELEMENT":"f.B9E415FFB169685FBD41AE9B33AE754C.d.4607637F6679C1488C4C4E33D8A88C7E.e.4926"}]}
RESULT: {"script":"<script> [8489 bytes]","args":[{"element-6066-11e4-a52e-4f735466cecf":"f.B9E415FFB169685FBD41AE9B33AE754C.d.4607637F6679C1488C4C4E33D8A88C7E.e.4926","ELEMENT":"f.B9E415FFB169685FBD41AE9B33AE754C.d.4607637F6679C1488C4C4E33D8A88C7E.e.4926"}]}
COMMAND: GET /session/9d8ca4f443e10c92ec3d27965efc7b95/screenshot - {}
RESULT: {}
COMMAND: POST /session/9d8ca4f443e10c92ec3d27965efc7b95/execute/sync - {"script":"<script> [8489 bytes]","args":[{"element-6066-11e4-a52e-4f735466cecf":"f.B9E415FFB169685FBD41AE9B33AE754C.d.4607637F6679C1488C4C4E33D8A88C7E.e.4926","ELEMENT":"f.B9E415FFB169685FBD41AE9B33AE754C.d.4607637F6679C1488C4C4E33D8A88C7E.e.4926"}]}
RESULT: {"script":"<script> [8489 bytes]","args":[{"element-6066-11e4-a52e-4f735466cecf":"f.B9E415FFB169685FBD41AE9B33AE754C.d.4607637F6679C1488C4C4E33D8A88C7E.e.4926","ELEMENT":"f.B9E415FFB169685FBD41AE9B33AE754C.d.4607637F6679C1488C4C4E33D8A88C7E.e.4926"}]}
COMMAND: GET /session/9d8ca4f443e10c92ec3d27965efc7b95/screenshot - {}
RESULT: {}
COMMAND: POST /session/9d8ca4f443e10c92ec3d27965efc7b95/execute/sync - {"script":"<script> [8489 bytes]","args":[{"element-6066-11e4-a52e-4f735466cecf":"f.B9E415FFB169685FBD41AE9B33AE754C.d.4607637F6679C1488C4C4E33D8A88C7E.e.4926","ELEMENT":"f.B9E415FFB169685FBD41AE9B33AE754C.d.4607637F6679C1488C4C4E33D8A88C7E.e.4926"}]}
RESULT: {"script":"<script> [8489 bytes]","args":[{"element-6066-11e4-a52e-4f735466cecf":"f.B9E415FFB169685FBD41AE9B33AE754C.d.4607637F6679C1488C4C4E33D8A88C7E.e.4926","ELEMENT":"f.B9E415FFB169685FBD41AE9B33AE754C.d.4607637F6679C1488C4C4E33D8A88C7E.e.4926"}]}
COMMAND: GET /session/9d8ca4f443e10c92ec3d27965efc7b95/screenshot - {}
RESULT: {}
COMMAND: POST /session/9d8ca4f443e10c92ec3d27965efc7b95/execute/sync - {"script":"<script> [8489 bytes]","args":[{"element-6066-11e4-a52e-4f735466cecf":"f.B9E415FFB169685FBD41AE9B33AE754C.d.4607637F6679C1488C4C4E33D8A88C7E.e.4926","ELEMENT":"f.B9E415FFB169685FBD41AE9B33AE754C.d.4607637F6679C1488C4C4E33D8A88C7E.e.4926"}]}
RESULT: {"script":"<script> [8489 bytes]","args":[{"element-6066-11e4-a52e-4f735466cecf":"f.B9E415FFB169685FBD41AE9B33AE754C.d.4607637F6679C1488C4C4E33D8A88C7E.e.4926","ELEMENT":"f.B9E415FFB169685FBD41AE9B33AE754C.d.4607637F6679C1488C4C4E33D8A88C7E.e.4926"}]}
COMMAND: GET /session/9d8ca4f443e10c92ec3d27965efc7b95/screenshot - {}
RESULT: {}
COMMAND: POST /session/9d8ca4f443e10c92ec3d27965efc7b95/execute/sync - {"script":"<script> [8489 bytes]","args":[{"element-6066-11e4-a52e-4f735466cecf":"f.B9E415FFB169685FBD41AE9B33AE754C.d.4607637F6679C1488C4C4E33D8A88C7E.e.4926","ELEMENT":"f.B9E415FFB169685FBD41AE9B33AE754C.d.4607637F6679C1488C4C4E33D8A88C7E.e.4926"}]}
RESULT: {"script":"<script> [8489 bytes]","args":[{"element-6066-11e4-a52e-4f735466cecf":"f.B9E415FFB169685FBD41AE9B33AE754C.d.4607637F6679C1488C4C4E33D8A88C7E.e.4926","ELEMENT":"f.B9E415FFB169685FBD41AE9B33AE754C.d.4607637F6679C1488C4C4E33D8A88C7E.e.4926"}]}
COMMAND: GET /session/9d8ca4f443e10c92ec3d27965efc7b95/screenshot - {}
RESULT: {}
COMMAND: POST /session/9d8ca4f443e10c92ec3d27965efc7b95/execute/sync - {"script":"<script> [8489 bytes]","args":[{"element-6066-11e4-a52e-4f735466cecf":"f.B9E415FFB169685FBD41AE9B33AE754C.d.4607637F6679C1488C4C4E33D8A88C7E.e.4926","ELEMENT":"f.B9E415FFB169685FBD41AE9B33AE754C.d.4607637F6679C1488C4C4E33D8A88C7E.e.4926"}]}
RESULT: {"script":"<script> [8489 bytes]","args":[{"element-6066-11e4-a52e-4f735466cecf":"f.B9E415FFB169685FBD41AE9B33AE754C.d.4607637F6679C1488C4C4E33D8A88C7E.e.4926","ELEMENT":"f.B9E415FFB169685FBD41AE9B33AE754C.d.4607637F6679C1488C4C4E33D8A88C7E.e.4926"}]}
COMMAND: GET /session/9d8ca4f443e10c92ec3d27965efc7b95/screenshot - {}
RESULT: {}
COMMAND: DELETE /session/9d8ca4f443e10c92ec3d27965efc7b95/window - {}
COMMAND: POST /session/9d8ca4f443e10c92ec3d27965efc7b95/execute/sync - {"script":"<script> [8489 bytes]","args":[{"element-6066-11e4-a52e-4f735466cecf":"f.B9E415FFB169685FBD41AE9B33AE754C.d.4607637F6679C1488C4C4E33D8A88C7E.e.4926","ELEMENT":"f.B9E415FFB169685FBD41AE9B33AE754C.d.4607637F6679C1488C4C4E33D8A88C7E.e.4926"}]}
RESULT: {}
COMMAND: POST /session/9d8ca4f443e10c92ec3d27965efc7b95/window - {"handle":"B9E415FFB169685FBD41AE9B33AE754C"}
RESULT: {"handle":"B9E415FFB169685FBD41AE9B33AE754C"}
COMMAND: GET /session/9d8ca4f443e10c92ec3d27965efc7b95/url - {}
COMMAND: POST /session/9d8ca4f443e10c92ec3d27965efc7b95/element - {"using":"xpath","value":"//span[contains(@id ,\"application-addressmanagement-display-component---detailAdm--addressDetailDetailsName1\")][contains(text(), \"WebdriverSite3asx\")]"}
RESULT: {}
COMMAND: GET /session/9d8ca4f443e10c92ec3d27965efc7b95/screenshot - {}
RESULT: {"using":"xpath","value":"//span[contains(@id ,\"application-addressmanagement-display-component---detailAdm--addressDetailDetailsName1\")][contains(text(), \"WebdriverSite3asx\")]"}
COMMAND: POST /session/9d8ca4f443e10c92ec3d27965efc7b95/element - {"using":"xpath","value":"//span[contains(@id ,\"application-addressmanagement-display-component---detailAdm--addressDetailDetailsName1\")][contains(text(), \"WebdriverSite3asx\")]"}
RESULT: {}
RESULT: {"using":"xpath","value":"//span[contains(@id ,\"application-addressmanagement-display-component---detailAdm--addressDetailDetailsName1\")][contains(text(), \"WebdriverSite3asx\")]"}
COMMAND: POST /session/9d8ca4f443e10c92ec3d27965efc7b95/element - {"using":"xpath","value":"//span[contains(@id ,\"application-addressmanagement-display-component---detailAdm--addressDetailDetailsName1\")][contains(text(), \"WebdriverSite3asx\")]"}
RESULT: {"using":"xpath","value":"//span[contains(@id ,\"application-addressmanagement-display-component---detailAdm--addressDetailDetailsName1\")][contains(text(), \"WebdriverSite3asx\")]"}
COMMAND: POST /session/9d8ca4f443e10c92ec3d27965efc7b95/element - {"using":"xpath","value":"//span[contains(@id ,\"application-addressmanagement-display-component---detailAdm--addressDetailDetailsName1\")][contains(text(), \"WebdriverSite3asx\")]"}
RESULT: {"using":"xpath","value":"//span[contains(@id ,\"application-addressmanagement-display-component---detailAdm--addressDetailDetailsName1\")][contains(text(), \"WebdriverSite3asx\")]"}
COMMAND: POST /session/9d8ca4f443e10c92ec3d27965efc7b95/element - {"using":"xpath","value":"//span[contains(@id ,\"application-addressmanagement-display-component---detailAdm--addressDetailDetailsName1\")][contains(text(), \"WebdriverSite3asx\")]"}
RESULT: {"using":"xpath","value":"//span[contains(@id ,\"application-addressmanagement-display-component---detailAdm--addressDetailDetailsName1\")][contains(text(), \"WebdriverSite3asx\")]"}
COMMAND: POST /session/9d8ca4f443e10c92ec3d27965efc7b95/element - {"using":"xpath","value":"//span[contains(@id ,\"application-addressmanagement-display-component---detailAdm--addressDetailDetailsName1\")][contains(text(), \"WebdriverSite3asx\")]"}
RESULT: {"using":"xpath","value":"//span[contains(@id ,\"application-addressmanagement-display-component---detailAdm--addressDetailDetailsName1\")][contains(text(), \"WebdriverSite3asx\")]"}
COMMAND: POST /session/9d8ca4f443e10c92ec3d27965efc7b95/element - {"using":"xpath","value":"//span[contains(@id ,\"application-addressmanagement-display-component---detailAdm--addressDetailDetailsName1\")][contains(text(), \"WebdriverSite3asx\")]"}
RESULT: {"using":"xpath","value":"//span[contains(@id ,\"application-addressmanagement-display-component---detailAdm--addressDetailDetailsName1\")][contains(text(), \"WebdriverSite3asx\")]"}
COMMAND: POST /session/9d8ca4f443e10c92ec3d27965efc7b95/element - {"using":"xpath","value":"//span[contains(@id ,\"application-addressmanagement-display-component---detailAdm--addressDetailDetailsName1\")][contains(text(), \"WebdriverSite3asx\")]"}
RESULT: {"using":"xpath","value":"//span[contains(@id ,\"application-addressmanagement-display-component---detailAdm--addressDetailDetailsName1\")][contains(text(), \"WebdriverSite3asx\")]"}
COMMAND: POST /session/9d8ca4f443e10c92ec3d27965efc7b95/element - {"using":"xpath","value":"//span[contains(@id ,\"application-addressmanagement-display-component---detailAdm--addressDetailDetailsName1\")][contains(text(), \"WebdriverSite3asx\")]"}
RESULT: {"using":"xpath","value":"//span[contains(@id ,\"application-addressmanagement-display-component---detailAdm--addressDetailDetailsName1\")][contains(text(), \"WebdriverSite3asx\")]"}
COMMAND: POST /session/9d8ca4f443e10c92ec3d27965efc7b95/element - {"using":"xpath","value":"//span[contains(@id ,\"application-addressmanagement-display-component---detailAdm--addressDetailDetailsName1\")][contains(text(), \"WebdriverSite3asx\")]"}
RESULT: {"using":"xpath","value":"//span[contains(@id ,\"application-addressmanagement-display-component---detailAdm--addressDetailDetailsName1\")][contains(text(), \"WebdriverSite3asx\")]"}
]]></system-out>
    </testcase>
  </testsuite>
  <testsuite timestamp="2025-05-27T16:30:10" time="272.425" tests="2" failures="0" errors="0" skipped="0">
    <properties>
      <property name="specId" value="0"/>
      <property name="suiteName" value="Webshop - Hyperlinks visible and working properly  US139085"/>
      <property name="capabilities" value="chrome.136_0_7103_93.windows"/>
      <property name="file" value="file:///D:/a/1/s/test/specs/R2C/webshop-hyperlinks-partner-address-contract-item.spec.js"/>
    </properties>
    <testcase classname="chrome.136_0_7103_93.windows.Webshop_-_Hyperlinks_visible_and_working_properly__US139085" name="Should verify the customer and address hyperlinks" time="175.587">
      <system-out><![CDATA[
COMMAND: POST /session/9d8ca4f443e10c92ec3d27965efc7b95/element - {"using":"xpath","value":"//*[contains(@data-kt ,\"webshopDetailAddressLink\")]"}
RESULT: {"using":"xpath","value":"//*[contains(@data-kt ,\"webshopDetailAddressLink\")]"}
COMMAND: POST /session/9d8ca4f443e10c92ec3d27965efc7b95/execute/sync - {"script":"<script> [8489 bytes]","args":[{"element-6066-11e4-a52e-4f735466cecf":"f.B9E415FFB169685FBD41AE9B33AE754C.d.4607637F6679C1488C4C4E33D8A88C7E.e.5312","ELEMENT":"f.B9E415FFB169685FBD41AE9B33AE754C.d.4607637F6679C1488C4C4E33D8A88C7E.e.5312"}]}
RESULT: {"script":"<script> [8489 bytes]","args":[{"element-6066-11e4-a52e-4f735466cecf":"f.B9E415FFB169685FBD41AE9B33AE754C.d.4607637F6679C1488C4C4E33D8A88C7E.e.5312","ELEMENT":"f.B9E415FFB169685FBD41AE9B33AE754C.d.4607637F6679C1488C4C4E33D8A88C7E.e.5312"}]}
COMMAND: POST /session/9d8ca4f443e10c92ec3d27965efc7b95/execute/sync - {"script":"<script> [5351 bytes]","args":[{"element-6066-11e4-a52e-4f735466cecf":"f.B9E415FFB169685FBD41AE9B33AE754C.d.4607637F6679C1488C4C4E33D8A88C7E.e.5312","ELEMENT":"f.B9E415FFB169685FBD41AE9B33AE754C.d.4607637F6679C1488C4C4E33D8A88C7E.e.5312"}]}
COMMAND: GET /session/9d8ca4f443e10c92ec3d27965efc7b95/screenshot - {}
RESULT: {"script":"<script> [5351 bytes]","args":[{"element-6066-11e4-a52e-4f735466cecf":"f.B9E415FFB169685FBD41AE9B33AE754C.d.4607637F6679C1488C4C4E33D8A88C7E.e.5312","ELEMENT":"f.B9E415FFB169685FBD41AE9B33AE754C.d.4607637F6679C1488C4C4E33D8A88C7E.e.5312"}]}
COMMAND: GET /session/9d8ca4f443e10c92ec3d27965efc7b95/screenshot - {}
COMMAND: POST /session/9d8ca4f443e10c92ec3d27965efc7b95/element - {"using":"xpath","value":"//span[contains(@id ,\"application-addressmanagement-display-component---detailAdm--addressDetailDetailsName1\")][contains(text(), \"WebdriverSite3asx\")]"}
RESULT: {}
RESULT: {}
RESULT: {"using":"xpath","value":"//span[contains(@id ,\"application-addressmanagement-display-component---detailAdm--addressDetailDetailsName1\")][contains(text(), \"WebdriverSite3asx\")]"}
COMMAND: POST /session/9d8ca4f443e10c92ec3d27965efc7b95/element - {"using":"xpath","value":"//span[contains(@id ,\"application-addressmanagement-display-component---detailAdm--addressDetailDetailsName1\")][contains(text(), \"WebdriverSite3asx\")]"}
RESULT: {"using":"xpath","value":"//span[contains(@id ,\"application-addressmanagement-display-component---detailAdm--addressDetailDetailsName1\")][contains(text(), \"WebdriverSite3asx\")]"}
COMMAND: POST /session/9d8ca4f443e10c92ec3d27965efc7b95/element - {"using":"xpath","value":"//span[contains(@id ,\"application-addressmanagement-display-component---detailAdm--addressDetailDetailsName1\")][contains(text(), \"WebdriverSite3asx\")]"}
RESULT: {"using":"xpath","value":"//span[contains(@id ,\"application-addressmanagement-display-component---detailAdm--addressDetailDetailsName1\")][contains(text(), \"WebdriverSite3asx\")]"}
COMMAND: POST /session/9d8ca4f443e10c92ec3d27965efc7b95/element - {"using":"xpath","value":"//span[contains(@id ,\"application-addressmanagement-display-component---detailAdm--addressDetailDetailsName1\")][contains(text(), \"WebdriverSite3asx\")]"}
RESULT: {"using":"xpath","value":"//span[contains(@id ,\"application-addressmanagement-display-component---detailAdm--addressDetailDetailsName1\")][contains(text(), \"WebdriverSite3asx\")]"}
COMMAND: POST /session/9d8ca4f443e10c92ec3d27965efc7b95/element - {"using":"xpath","value":"//span[contains(@id ,\"application-addressmanagement-display-component---detailAdm--addressDetailDetailsName1\")][contains(text(), \"WebdriverSite3asx\")]"}
RESULT: {"using":"xpath","value":"//span[contains(@id ,\"application-addressmanagement-display-component---detailAdm--addressDetailDetailsName1\")][contains(text(), \"WebdriverSite3asx\")]"}
COMMAND: POST /session/9d8ca4f443e10c92ec3d27965efc7b95/element - {"using":"xpath","value":"//span[contains(@id ,\"application-addressmanagement-display-component---detailAdm--addressDetailDetailsName1\")][contains(text(), \"WebdriverSite3asx\")]"}
RESULT: {"using":"xpath","value":"//span[contains(@id ,\"application-addressmanagement-display-component---detailAdm--addressDetailDetailsName1\")][contains(text(), \"WebdriverSite3asx\")]"}
COMMAND: POST /session/9d8ca4f443e10c92ec3d27965efc7b95/element - {"using":"xpath","value":"//span[contains(@id ,\"application-addressmanagement-display-component---detailAdm--addressDetailDetailsName1\")][contains(text(), \"WebdriverSite3asx\")]"}
RESULT: {"using":"xpath","value":"//span[contains(@id ,\"application-addressmanagement-display-component---detailAdm--addressDetailDetailsName1\")][contains(text(), \"WebdriverSite3asx\")]"}
COMMAND: POST /session/9d8ca4f443e10c92ec3d27965efc7b95/element - {"using":"xpath","value":"//span[contains(@id ,\"application-addressmanagement-display-component---detailAdm--addressDetailDetailsName1\")][contains(text(), \"WebdriverSite3asx\")]"}
RESULT: {"using":"xpath","value":"//span[contains(@id ,\"application-addressmanagement-display-component---detailAdm--addressDetailDetailsName1\")][contains(text(), \"WebdriverSite3asx\")]"}
COMMAND: POST /session/9d8ca4f443e10c92ec3d27965efc7b95/element - {"using":"xpath","value":"//*[contains(@data-kt ,\"webshopDetailAddressLink\")]"}
RESULT: {"using":"xpath","value":"//*[contains(@data-kt ,\"webshopDetailAddressLink\")]"}
COMMAND: POST /session/9d8ca4f443e10c92ec3d27965efc7b95/element/f.B9E415FFB169685FBD41AE9B33AE754C.d.4607637F6679C1488C4C4E33D8A88C7E.e.5312/click - {}
COMMAND: POST /session/9d8ca4f443e10c92ec3d27965efc7b95/element - {"using":"xpath","value":"//span[contains(@id ,\"application-addressmanagement-display-component---detailAdm--addressDetailDetailsName1\")][contains(text(), \"WebdriverSite3asx\")]"}
RESULT: {}
COMMAND: GET /session/9d8ca4f443e10c92ec3d27965efc7b95/screenshot - {}
RESULT: {"using":"xpath","value":"//span[contains(@id ,\"application-addressmanagement-display-component---detailAdm--addressDetailDetailsName1\")][contains(text(), \"WebdriverSite3asx\")]"}
RESULT: {}
COMMAND: POST /session/9d8ca4f443e10c92ec3d27965efc7b95/element - {"using":"xpath","value":"//span[contains(@id ,\"application-addressmanagement-display-component---detailAdm--addressDetailDetailsName1\")][contains(text(), \"WebdriverSite3asx\")]"}
RESULT: {"using":"xpath","value":"//span[contains(@id ,\"application-addressmanagement-display-component---detailAdm--addressDetailDetailsName1\")][contains(text(), \"WebdriverSite3asx\")]"}
COMMAND: POST /session/9d8ca4f443e10c92ec3d27965efc7b95/element - {"using":"xpath","value":"//span[contains(@id ,\"application-addressmanagement-display-component---detailAdm--addressDetailDetailsName1\")][contains(text(), \"WebdriverSite3asx\")]"}
RESULT: {"using":"xpath","value":"//span[contains(@id ,\"application-addressmanagement-display-component---detailAdm--addressDetailDetailsName1\")][contains(text(), \"WebdriverSite3asx\")]"}
COMMAND: POST /session/9d8ca4f443e10c92ec3d27965efc7b95/element - {"using":"xpath","value":"//span[contains(@id ,\"application-addressmanagement-display-component---detailAdm--addressDetailDetailsName1\")][contains(text(), \"WebdriverSite3asx\")]"}
RESULT: {"using":"xpath","value":"//span[contains(@id ,\"application-addressmanagement-display-component---detailAdm--addressDetailDetailsName1\")][contains(text(), \"WebdriverSite3asx\")]"}
COMMAND: POST /session/9d8ca4f443e10c92ec3d27965efc7b95/element - {"using":"xpath","value":"//*[contains(@data-kt ,\"ContextMenuId2Link\")][contains(text(), \"Address Overview\")]"}
RESULT: {"using":"xpath","value":"//*[contains(@data-kt ,\"ContextMenuId2Link\")][contains(text(), \"Address Overview\")]"}
COMMAND: POST /session/9d8ca4f443e10c92ec3d27965efc7b95/execute/sync - {"script":"<script> [8489 bytes]","args":[{"element-6066-11e4-a52e-4f735466cecf":"f.B9E415FFB169685FBD41AE9B33AE754C.d.4607637F6679C1488C4C4E33D8A88C7E.e.5314","ELEMENT":"f.B9E415FFB169685FBD41AE9B33AE754C.d.4607637F6679C1488C4C4E33D8A88C7E.e.5314"}]}
COMMAND: POST /session/9d8ca4f443e10c92ec3d27965efc7b95/element - {"using":"xpath","value":"//*[contains(@data-kt ,\"ContextMenuId2Link\")][contains(text(), \"Address Overview\")]"}
RESULT: {"script":"<script> [8489 bytes]","args":[{"element-6066-11e4-a52e-4f735466cecf":"f.B9E415FFB169685FBD41AE9B33AE754C.d.4607637F6679C1488C4C4E33D8A88C7E.e.5314","ELEMENT":"f.B9E415FFB169685FBD41AE9B33AE754C.d.4607637F6679C1488C4C4E33D8A88C7E.e.5314"}]}
COMMAND: GET /session/9d8ca4f443e10c92ec3d27965efc7b95/screenshot - {}
RESULT: {"using":"xpath","value":"//*[contains(@data-kt ,\"ContextMenuId2Link\")][contains(text(), \"Address Overview\")]"}
COMMAND: POST /session/9d8ca4f443e10c92ec3d27965efc7b95/element/f.B9E415FFB169685FBD41AE9B33AE754C.d.4607637F6679C1488C4C4E33D8A88C7E.e.5314/click - {}
COMMAND: POST /session/9d8ca4f443e10c92ec3d27965efc7b95/element - {"using":"xpath","value":"//span[contains(@id ,\"application-addressmanagement-display-component---detailAdm--addressDetailDetailsName1\")][contains(text(), \"WebdriverSite3asx\")]"}
RESULT: {}
RESULT: {}
RESULT: {"using":"xpath","value":"//span[contains(@id ,\"application-addressmanagement-display-component---detailAdm--addressDetailDetailsName1\")][contains(text(), \"WebdriverSite3asx\")]"}
COMMAND: GET /session/9d8ca4f443e10c92ec3d27965efc7b95/screenshot - {}
RESULT: {}
COMMAND: POST /session/9d8ca4f443e10c92ec3d27965efc7b95/element - {"using":"xpath","value":"//span[contains(@id ,\"application-addressmanagement-display-component---detailAdm--addressDetailDetailsName1\")][contains(text(), \"WebdriverSite3asx\")]"}
RESULT: {"using":"xpath","value":"//span[contains(@id ,\"application-addressmanagement-display-component---detailAdm--addressDetailDetailsName1\")][contains(text(), \"WebdriverSite3asx\")]"}
COMMAND: POST /session/9d8ca4f443e10c92ec3d27965efc7b95/execute/sync - {"script":"<script> [8489 bytes]","args":[{"element-6066-11e4-a52e-4f735466cecf":"f.B9E415FFB169685FBD41AE9B33AE754C.d.4607637F6679C1488C4C4E33D8A88C7E.e.5515","ELEMENT":"f.B9E415FFB169685FBD41AE9B33AE754C.d.4607637F6679C1488C4C4E33D8A88C7E.e.5515"}]}
RESULT: {"script":"<script> [8489 bytes]","args":[{"element-6066-11e4-a52e-4f735466cecf":"f.B9E415FFB169685FBD41AE9B33AE754C.d.4607637F6679C1488C4C4E33D8A88C7E.e.5515","ELEMENT":"f.B9E415FFB169685FBD41AE9B33AE754C.d.4607637F6679C1488C4C4E33D8A88C7E.e.5515"}]}
COMMAND: GET /session/9d8ca4f443e10c92ec3d27965efc7b95/screenshot - {}
RESULT: {}
RESULT: undefined
COMMAND: POST /session/9d8ca4f443e10c92ec3d27965efc7b95/execute/async - {"script":"<script> [6424 bytes]","args":[{"element-6066-11e4-a52e-4f735466cecf":"f.B9E415FFB169685FBD41AE9B33AE754C.d.4607637F6679C1488C4C4E33D8A88C7E.e.3279"},"getTitle",[]]}
COMMAND: POST /session/9d8ca4f443e10c92ec3d27965efc7b95/execute/async - {"script":"<script> [1562 bytes]","args":[{"selector":{"id":"shellAppTitle"},"wdio_ui5_key":"shellAppTitle"}]}
RESULT: {"script":"<script> [1562 bytes]","args":[{"selector":{"id":"shellAppTitle"},"wdio_ui5_key":"shellAppTitle"}]}
COMMAND: POST /session/9d8ca4f443e10c92ec3d27965efc7b95/execute/async - {"script":"<script> [6424 bytes]","args":[{"element-6066-11e4-a52e-4f735466cecf":"f.B9E415FFB169685FBD41AE9B33AE754C.d.4607637F6679C1488C4C4E33D8A88C7E.e.5516"},"getTitle",[]]}
RESULT: {"script":"<script> [6424 bytes]","args":[{"element-6066-11e4-a52e-4f735466cecf":"f.B9E415FFB169685FBD41AE9B33AE754C.d.4607637F6679C1488C4C4E33D8A88C7E.e.5516"},"getTitle",[]]}
COMMAND: POST /session/9d8ca4f443e10c92ec3d27965efc7b95/element - {"using":"xpath","value":"//span[contains(@id ,\"application-addressmanagement-display-component---detailAdm--addressDetailDetailsName1\")][contains(text(), \"WebdriverSite3asx\")]"}
RESULT: {"using":"xpath","value":"//span[contains(@id ,\"application-addressmanagement-display-component---detailAdm--addressDetailDetailsName1\")][contains(text(), \"WebdriverSite3asx\")]"}
COMMAND: POST /session/9d8ca4f443e10c92ec3d27965efc7b95/execute/sync - {"script":"<script> [8489 bytes]","args":[{"element-6066-11e4-a52e-4f735466cecf":"f.B9E415FFB169685FBD41AE9B33AE754C.d.4607637F6679C1488C4C4E33D8A88C7E.e.5515","ELEMENT":"f.B9E415FFB169685FBD41AE9B33AE754C.d.4607637F6679C1488C4C4E33D8A88C7E.e.5515"}]}
RESULT: undefined
COMMAND: POST /session/9d8ca4f443e10c92ec3d27965efc7b95/element - {"using":"xpath","value":"//*[@id=\"backBtn\"]"}
RESULT: {"script":"<script> [8489 bytes]","args":[{"element-6066-11e4-a52e-4f735466cecf":"f.B9E415FFB169685FBD41AE9B33AE754C.d.4607637F6679C1488C4C4E33D8A88C7E.e.5515","ELEMENT":"f.B9E415FFB169685FBD41AE9B33AE754C.d.4607637F6679C1488C4C4E33D8A88C7E.e.5515"}]}
COMMAND: GET /session/9d8ca4f443e10c92ec3d27965efc7b95/screenshot - {}
RESULT: {"using":"xpath","value":"//*[@id=\"backBtn\"]"}
COMMAND: POST /session/9d8ca4f443e10c92ec3d27965efc7b95/element/f.B9E415FFB169685FBD41AE9B33AE754C.d.4607637F6679C1488C4C4E33D8A88C7E.e.3281/click - {}
RESULT: {}
RESULT: {}
COMMAND: GET /session/9d8ca4f443e10c92ec3d27965efc7b95/screenshot - {}
COMMAND: POST /session/9d8ca4f443e10c92ec3d27965efc7b95/execute/sync - {"script":"<script> [8489 bytes]","args":[{"element-6066-11e4-a52e-4f735466cecf":"f.B9E415FFB169685FBD41AE9B33AE754C.d.4607637F6679C1488C4C4E33D8A88C7E.e.5312","ELEMENT":"f.B9E415FFB169685FBD41AE9B33AE754C.d.4607637F6679C1488C4C4E33D8A88C7E.e.5312"}]}
RESULT: {}
COMMAND: POST /session/9d8ca4f443e10c92ec3d27965efc7b95/element - {"using":"xpath","value":"//*[contains(@data-kt ,\"webshopDetailAddressLink\")]"}
RESULT: {"using":"xpath","value":"//*[contains(@data-kt ,\"webshopDetailAddressLink\")]"}
COMMAND: POST /session/9d8ca4f443e10c92ec3d27965efc7b95/execute/sync - {"script":"<script> [8489 bytes]","args":[{"element-6066-11e4-a52e-4f735466cecf":"f.B9E415FFB169685FBD41AE9B33AE754C.d.4607637F6679C1488C4C4E33D8A88C7E.e.5673","ELEMENT":"f.B9E415FFB169685FBD41AE9B33AE754C.d.4607637F6679C1488C4C4E33D8A88C7E.e.5673"}]}
RESULT: {"script":"<script> [8489 bytes]","args":[{"element-6066-11e4-a52e-4f735466cecf":"f.B9E415FFB169685FBD41AE9B33AE754C.d.4607637F6679C1488C4C4E33D8A88C7E.e.5673","ELEMENT":"f.B9E415FFB169685FBD41AE9B33AE754C.d.4607637F6679C1488C4C4E33D8A88C7E.e.5673"}]}
COMMAND: POST /session/9d8ca4f443e10c92ec3d27965efc7b95/execute/sync - {"script":"<script> [5351 bytes]","args":[{"element-6066-11e4-a52e-4f735466cecf":"f.B9E415FFB169685FBD41AE9B33AE754C.d.4607637F6679C1488C4C4E33D8A88C7E.e.5673","ELEMENT":"f.B9E415FFB169685FBD41AE9B33AE754C.d.4607637F6679C1488C4C4E33D8A88C7E.e.5673"}]}
COMMAND: GET /session/9d8ca4f443e10c92ec3d27965efc7b95/screenshot - {}
RESULT: {"script":"<script> [5351 bytes]","args":[{"element-6066-11e4-a52e-4f735466cecf":"f.B9E415FFB169685FBD41AE9B33AE754C.d.4607637F6679C1488C4C4E33D8A88C7E.e.5673","ELEMENT":"f.B9E415FFB169685FBD41AE9B33AE754C.d.4607637F6679C1488C4C4E33D8A88C7E.e.5673"}]}
COMMAND: POST /session/9d8ca4f443e10c92ec3d27965efc7b95/element - {"using":"xpath","value":"//*[contains(@data-kt ,\"webshopDetailAddressLink\")]"}
COMMAND: GET /session/9d8ca4f443e10c92ec3d27965efc7b95/screenshot - {}
RESULT: {}
RESULT: {"using":"xpath","value":"//*[contains(@data-kt ,\"webshopDetailAddressLink\")]"}
COMMAND: POST /session/9d8ca4f443e10c92ec3d27965efc7b95/element/f.B9E415FFB169685FBD41AE9B33AE754C.d.4607637F6679C1488C4C4E33D8A88C7E.e.5673/click - {}
RESULT: {}
RESULT: {}
COMMAND: GET /session/9d8ca4f443e10c92ec3d27965efc7b95/screenshot - {}
RESULT: {}
COMMAND: POST /session/9d8ca4f443e10c92ec3d27965efc7b95/element - {"using":"xpath","value":"//button[contains(@data-kt ,\"ContextMenuExternalId2Link\")]"}
RESULT: {"using":"xpath","value":"//button[contains(@data-kt ,\"ContextMenuExternalId2Link\")]"}
COMMAND: POST /session/9d8ca4f443e10c92ec3d27965efc7b95/element/f.B9E415FFB169685FBD41AE9B33AE754C.d.4607637F6679C1488C4C4E33D8A88C7E.e.5675/click - {}
RESULT: {}
COMMAND: GET /session/9d8ca4f443e10c92ec3d27965efc7b95/screenshot - {}
RESULT: {}
COMMAND: GET /session/9d8ca4f443e10c92ec3d27965efc7b95/window/handles - {}
RESULT: {}
COMMAND: POST /session/9d8ca4f443e10c92ec3d27965efc7b95/window - {"handle":"722B100A45E5C36387D970DF858AFF31"}
RESULT: {"handle":"722B100A45E5C36387D970DF858AFF31"}
COMMAND: GET /session/9d8ca4f443e10c92ec3d27965efc7b95/url - {}
RESULT: {}
COMMAND: GET /session/9d8ca4f443e10c92ec3d27965efc7b95/screenshot - {}
RESULT: {}
COMMAND: POST /session/9d8ca4f443e10c92ec3d27965efc7b95/execute/sync - {"script":"<script> [8489 bytes]","args":[{"element-6066-11e4-a52e-4f735466cecf":"f.B9E415FFB169685FBD41AE9B33AE754C.d.4607637F6679C1488C4C4E33D8A88C7E.e.5515","ELEMENT":"f.B9E415FFB169685FBD41AE9B33AE754C.d.4607637F6679C1488C4C4E33D8A88C7E.e.5515"}]}
COMMAND: DELETE /session/9d8ca4f443e10c92ec3d27965efc7b95/window - {}
RESULT: {}
COMMAND: POST /session/9d8ca4f443e10c92ec3d27965efc7b95/window - {"handle":"B9E415FFB169685FBD41AE9B33AE754C"}
RESULT: {"handle":"B9E415FFB169685FBD41AE9B33AE754C"}
COMMAND: GET /session/9d8ca4f443e10c92ec3d27965efc7b95/url - {}
COMMAND: POST /session/9d8ca4f443e10c92ec3d27965efc7b95/element - {"using":"xpath","value":"//span[contains(@id ,\"application-addressmanagement-display-component---detailAdm--addressDetailDetailsName1\")][contains(text(), \"WebdriverSite3asx\")]"}
RESULT: {}
COMMAND: GET /session/9d8ca4f443e10c92ec3d27965efc7b95/screenshot - {}
RESULT: {"using":"xpath","value":"//span[contains(@id ,\"application-addressmanagement-display-component---detailAdm--addressDetailDetailsName1\")][contains(text(), \"WebdriverSite3asx\")]"}
COMMAND: POST /session/9d8ca4f443e10c92ec3d27965efc7b95/element - {"using":"xpath","value":"//span[contains(@id ,\"application-addressmanagement-display-component---detailAdm--addressDetailDetailsName1\")][contains(text(), \"WebdriverSite3asx\")]"}
RESULT: {}
RESULT: {"using":"xpath","value":"//span[contains(@id ,\"application-addressmanagement-display-component---detailAdm--addressDetailDetailsName1\")][contains(text(), \"WebdriverSite3asx\")]"}
COMMAND: POST /session/9d8ca4f443e10c92ec3d27965efc7b95/element - {"using":"xpath","value":"//span[contains(@id ,\"application-addressmanagement-display-component---detailAdm--addressDetailDetailsName1\")][contains(text(), \"WebdriverSite3asx\")]"}
RESULT: {"using":"xpath","value":"//span[contains(@id ,\"application-addressmanagement-display-component---detailAdm--addressDetailDetailsName1\")][contains(text(), \"WebdriverSite3asx\")]"}
COMMAND: POST /session/9d8ca4f443e10c92ec3d27965efc7b95/element - {"using":"xpath","value":"//span[contains(@id ,\"application-addressmanagement-display-component---detailAdm--addressDetailDetailsName1\")][contains(text(), \"WebdriverSite3asx\")]"}
RESULT: {"using":"xpath","value":"//span[contains(@id ,\"application-addressmanagement-display-component---detailAdm--addressDetailDetailsName1\")][contains(text(), \"WebdriverSite3asx\")]"}
COMMAND: POST /session/9d8ca4f443e10c92ec3d27965efc7b95/element - {"using":"xpath","value":"//span[contains(@id ,\"application-addressmanagement-display-component---detailAdm--addressDetailDetailsName1\")][contains(text(), \"WebdriverSite3asx\")]"}
RESULT: {"using":"xpath","value":"//span[contains(@id ,\"application-addressmanagement-display-component---detailAdm--addressDetailDetailsName1\")][contains(text(), \"WebdriverSite3asx\")]"}
COMMAND: POST /session/9d8ca4f443e10c92ec3d27965efc7b95/element - {"using":"xpath","value":"//span[contains(@id ,\"application-addressmanagement-display-component---detailAdm--addressDetailDetailsName1\")][contains(text(), \"WebdriverSite3asx\")]"}
RESULT: {"using":"xpath","value":"//span[contains(@id ,\"application-addressmanagement-display-component---detailAdm--addressDetailDetailsName1\")][contains(text(), \"WebdriverSite3asx\")]"}
COMMAND: POST /session/9d8ca4f443e10c92ec3d27965efc7b95/element - {"using":"xpath","value":"//*[contains(@data-kt ,\"webshopDetailCustomerLink\")]"}
RESULT: {"using":"xpath","value":"//*[contains(@data-kt ,\"webshopDetailCustomerLink\")]"}
COMMAND: POST /session/9d8ca4f443e10c92ec3d27965efc7b95/execute/sync - {"script":"<script> [8489 bytes]","args":[{"element-6066-11e4-a52e-4f735466cecf":"f.B9E415FFB169685FBD41AE9B33AE754C.d.4607637F6679C1488C4C4E33D8A88C7E.e.5871","ELEMENT":"f.B9E415FFB169685FBD41AE9B33AE754C.d.4607637F6679C1488C4C4E33D8A88C7E.e.5871"}]}
RESULT: {"script":"<script> [8489 bytes]","args":[{"element-6066-11e4-a52e-4f735466cecf":"f.B9E415FFB169685FBD41AE9B33AE754C.d.4607637F6679C1488C4C4E33D8A88C7E.e.5871","ELEMENT":"f.B9E415FFB169685FBD41AE9B33AE754C.d.4607637F6679C1488C4C4E33D8A88C7E.e.5871"}]}
COMMAND: POST /session/9d8ca4f443e10c92ec3d27965efc7b95/execute/sync - {"script":"<script> [5351 bytes]","args":[{"element-6066-11e4-a52e-4f735466cecf":"f.B9E415FFB169685FBD41AE9B33AE754C.d.4607637F6679C1488C4C4E33D8A88C7E.e.5871","ELEMENT":"f.B9E415FFB169685FBD41AE9B33AE754C.d.4607637F6679C1488C4C4E33D8A88C7E.e.5871"}]}
COMMAND: GET /session/9d8ca4f443e10c92ec3d27965efc7b95/screenshot - {}
RESULT: {"script":"<script> [5351 bytes]","args":[{"element-6066-11e4-a52e-4f735466cecf":"f.B9E415FFB169685FBD41AE9B33AE754C.d.4607637F6679C1488C4C4E33D8A88C7E.e.5871","ELEMENT":"f.B9E415FFB169685FBD41AE9B33AE754C.d.4607637F6679C1488C4C4E33D8A88C7E.e.5871"}]}
COMMAND: POST /session/9d8ca4f443e10c92ec3d27965efc7b95/element - {"using":"xpath","value":"//*[contains(@data-kt ,\"webshopDetailCustomerLink\")]"}
COMMAND: GET /session/9d8ca4f443e10c92ec3d27965efc7b95/screenshot - {}
COMMAND: POST /session/9d8ca4f443e10c92ec3d27965efc7b95/element - {"using":"xpath","value":"//span[contains(@id ,\"application-addressmanagement-display-component---detailAdm--addressDetailDetailsName1\")][contains(text(), \"WebdriverSite3asx\")]"}
RESULT: {}
RESULT: {"using":"xpath","value":"//*[contains(@data-kt ,\"webshopDetailCustomerLink\")]"}
COMMAND: POST /session/9d8ca4f443e10c92ec3d27965efc7b95/element/f.B9E415FFB169685FBD41AE9B33AE754C.d.4607637F6679C1488C4C4E33D8A88C7E.e.5871/click - {}
RESULT: {}
RESULT: {"using":"xpath","value":"//span[contains(@id ,\"application-addressmanagement-display-component---detailAdm--addressDetailDetailsName1\")][contains(text(), \"WebdriverSite3asx\")]"}
RESULT: {}
COMMAND: GET /session/9d8ca4f443e10c92ec3d27965efc7b95/screenshot - {}
RESULT: {}
COMMAND: POST /session/9d8ca4f443e10c92ec3d27965efc7b95/element - {"using":"xpath","value":"//span[contains(@id ,\"application-addressmanagement-display-component---detailAdm--addressDetailDetailsName1\")][contains(text(), \"WebdriverSite3asx\")]"}
RESULT: {"using":"xpath","value":"//span[contains(@id ,\"application-addressmanagement-display-component---detailAdm--addressDetailDetailsName1\")][contains(text(), \"WebdriverSite3asx\")]"}
COMMAND: POST /session/9d8ca4f443e10c92ec3d27965efc7b95/element - {"using":"xpath","value":"//span[contains(@id ,\"application-addressmanagement-display-component---detailAdm--addressDetailDetailsName1\")][contains(text(), \"WebdriverSite3asx\")]"}
RESULT: {"using":"xpath","value":"//span[contains(@id ,\"application-addressmanagement-display-component---detailAdm--addressDetailDetailsName1\")][contains(text(), \"WebdriverSite3asx\")]"}
COMMAND: POST /session/9d8ca4f443e10c92ec3d27965efc7b95/element - {"using":"xpath","value":"//span[contains(@id ,\"application-addressmanagement-display-component---detailAdm--addressDetailDetailsName1\")][contains(text(), \"WebdriverSite3asx\")]"}
RESULT: {"using":"xpath","value":"//span[contains(@id ,\"application-addressmanagement-display-component---detailAdm--addressDetailDetailsName1\")][contains(text(), \"WebdriverSite3asx\")]"}
COMMAND: POST /session/9d8ca4f443e10c92ec3d27965efc7b95/element - {"using":"xpath","value":"//span[contains(@id ,\"application-addressmanagement-display-component---detailAdm--addressDetailDetailsName1\")][contains(text(), \"WebdriverSite3asx\")]"}
RESULT: {"using":"xpath","value":"//span[contains(@id ,\"application-addressmanagement-display-component---detailAdm--addressDetailDetailsName1\")][contains(text(), \"WebdriverSite3asx\")]"}
COMMAND: POST /session/9d8ca4f443e10c92ec3d27965efc7b95/element - {"using":"xpath","value":"//*[contains(@data-kt ,\"ContextMenuId2Link\")][contains(text(), \"Partner Overview\")]"}
RESULT: {"using":"xpath","value":"//*[contains(@data-kt ,\"ContextMenuId2Link\")][contains(text(), \"Partner Overview\")]"}
COMMAND: POST /session/9d8ca4f443e10c92ec3d27965efc7b95/execute/sync - {"script":"<script> [8489 bytes]","args":[{"element-6066-11e4-a52e-4f735466cecf":"f.B9E415FFB169685FBD41AE9B33AE754C.d.4607637F6679C1488C4C4E33D8A88C7E.e.5873","ELEMENT":"f.B9E415FFB169685FBD41AE9B33AE754C.d.4607637F6679C1488C4C4E33D8A88C7E.e.5873"}]}
COMMAND: POST /session/9d8ca4f443e10c92ec3d27965efc7b95/element - {"using":"xpath","value":"//*[contains(@data-kt ,\"ContextMenuId2Link\")][contains(text(), \"Partner Overview\")]"}
RESULT: {"using":"xpath","value":"//*[contains(@data-kt ,\"ContextMenuId2Link\")][contains(text(), \"Partner Overview\")]"}
COMMAND: POST /session/9d8ca4f443e10c92ec3d27965efc7b95/element/f.B9E415FFB169685FBD41AE9B33AE754C.d.4607637F6679C1488C4C4E33D8A88C7E.e.5873/click - {}
RESULT: {"script":"<script> [8489 bytes]","args":[{"element-6066-11e4-a52e-4f735466cecf":"f.B9E415FFB169685FBD41AE9B33AE754C.d.4607637F6679C1488C4C4E33D8A88C7E.e.5873","ELEMENT":"f.B9E415FFB169685FBD41AE9B33AE754C.d.4607637F6679C1488C4C4E33D8A88C7E.e.5873"}]}
COMMAND: GET /session/9d8ca4f443e10c92ec3d27965efc7b95/screenshot - {}
COMMAND: POST /session/9d8ca4f443e10c92ec3d27965efc7b95/element - {"using":"xpath","value":"//span[contains(@id ,\"application-addressmanagement-display-component---detailAdm--addressDetailDetailsName1\")][contains(text(), \"WebdriverSite3asx\")]"}
RESULT: {}
COMMAND: GET /session/9d8ca4f443e10c92ec3d27965efc7b95/screenshot - {}
RESULT: {}
RESULT: {"using":"xpath","value":"//span[contains(@id ,\"application-addressmanagement-display-component---detailAdm--addressDetailDetailsName1\")][contains(text(), \"WebdriverSite3asx\")]"}
RESULT: {}
COMMAND: POST /session/9d8ca4f443e10c92ec3d27965efc7b95/element - {"using":"xpath","value":"//span[contains(@id ,\"application-addressmanagement-display-component---detailAdm--addressDetailDetailsName1\")][contains(text(), \"WebdriverSite3asx\")]"}
RESULT: {"using":"xpath","value":"//span[contains(@id ,\"application-addressmanagement-display-component---detailAdm--addressDetailDetailsName1\")][contains(text(), \"WebdriverSite3asx\")]"}
COMMAND: POST /session/9d8ca4f443e10c92ec3d27965efc7b95/element - {"using":"xpath","value":"//span[contains(@id ,\"application-addressmanagement-display-component---detailAdm--addressDetailDetailsName1\")][contains(text(), \"WebdriverSite3asx\")]"}
RESULT: {"using":"xpath","value":"//span[contains(@id ,\"application-addressmanagement-display-component---detailAdm--addressDetailDetailsName1\")][contains(text(), \"WebdriverSite3asx\")]"}
COMMAND: POST /session/9d8ca4f443e10c92ec3d27965efc7b95/element - {"using":"xpath","value":"//span[contains(@id ,\"application-addressmanagement-display-component---detailAdm--addressDetailDetailsName1\")][contains(text(), \"WebdriverSite3asx\")]"}
RESULT: {"using":"xpath","value":"//span[contains(@id ,\"application-addressmanagement-display-component---detailAdm--addressDetailDetailsName1\")][contains(text(), \"WebdriverSite3asx\")]"}
COMMAND: POST /session/9d8ca4f443e10c92ec3d27965efc7b95/element - {"using":"xpath","value":"//span[contains(@id ,\"application-addressmanagement-display-component---detailAdm--addressDetailDetailsName1\")][contains(text(), \"WebdriverSite3asx\")]"}
RESULT: {"using":"xpath","value":"//span[contains(@id ,\"application-addressmanagement-display-component---detailAdm--addressDetailDetailsName1\")][contains(text(), \"WebdriverSite3asx\")]"}
COMMAND: POST /session/9d8ca4f443e10c92ec3d27965efc7b95/element - {"using":"xpath","value":"//span[contains(@id ,\"application-addressmanagement-display-component---detailAdm--addressDetailDetailsName1\")][contains(text(), \"WebdriverSite3asx\")]"}
RESULT: {"using":"xpath","value":"//span[contains(@id ,\"application-addressmanagement-display-component---detailAdm--addressDetailDetailsName1\")][contains(text(), \"WebdriverSite3asx\")]"}
COMMAND: POST /session/9d8ca4f443e10c92ec3d27965efc7b95/element - {"using":"xpath","value":"//span[contains(@id ,\"application-addressmanagement-display-component---detailAdm--addressDetailDetailsName1\")][contains(text(), \"WebdriverSite3asx\")]"}
RESULT: {"using":"xpath","value":"//span[contains(@id ,\"application-addressmanagement-display-component---detailAdm--addressDetailDetailsName1\")][contains(text(), \"WebdriverSite3asx\")]"}
COMMAND: POST /session/9d8ca4f443e10c92ec3d27965efc7b95/element - {"using":"xpath","value":"//span[contains(@id ,\"application-addressmanagement-display-component---detailAdm--addressDetailDetailsName1\")][contains(text(), \"WebdriverSite3asx\")]"}
RESULT: {"using":"xpath","value":"//span[contains(@id ,\"application-addressmanagement-display-component---detailAdm--addressDetailDetailsName1\")][contains(text(), \"WebdriverSite3asx\")]"}
COMMAND: POST /session/9d8ca4f443e10c92ec3d27965efc7b95/element - {"using":"xpath","value":"//span[contains(@id ,\"application-addressmanagement-display-component---detailAdm--addressDetailDetailsName1\")][contains(text(), \"WebdriverSite3asx\")]"}
RESULT: {"using":"xpath","value":"//span[contains(@id ,\"application-addressmanagement-display-component---detailAdm--addressDetailDetailsName1\")][contains(text(), \"WebdriverSite3asx\")]"}
COMMAND: POST /session/9d8ca4f443e10c92ec3d27965efc7b95/element - {"using":"xpath","value":"//span[contains(@id ,\"application-addressmanagement-display-component---detailAdm--addressDetailDetailsName1\")][contains(text(), \"WebdriverSite3asx\")]"}
RESULT: {"using":"xpath","value":"//span[contains(@id ,\"application-addressmanagement-display-component---detailAdm--addressDetailDetailsName1\")][contains(text(), \"WebdriverSite3asx\")]"}
COMMAND: POST /session/9d8ca4f443e10c92ec3d27965efc7b95/element - {"using":"xpath","value":"//span[contains(@id ,\"application-addressmanagement-display-component---detailAdm--addressDetailDetailsName1\")][contains(text(), \"WebdriverSite3asx\")]"}
RESULT: {"using":"xpath","value":"//span[contains(@id ,\"application-addressmanagement-display-component---detailAdm--addressDetailDetailsName1\")][contains(text(), \"WebdriverSite3asx\")]"}
COMMAND: POST /session/9d8ca4f443e10c92ec3d27965efc7b95/element - {"using":"xpath","value":"//span[contains(@id ,\"application-addressmanagement-display-component---detailAdm--addressDetailDetailsName1\")][contains(text(), \"WebdriverSite3asx\")]"}
RESULT: {"using":"xpath","value":"//span[contains(@id ,\"application-addressmanagement-display-component---detailAdm--addressDetailDetailsName1\")][contains(text(), \"WebdriverSite3asx\")]"}
COMMAND: POST /session/9d8ca4f443e10c92ec3d27965efc7b95/element - {"using":"xpath","value":"//span[contains(@id ,\"application-addressmanagement-display-component---detailAdm--addressDetailDetailsName1\")][contains(text(), \"WebdriverSite3asx\")]"}
RESULT: {"using":"xpath","value":"//span[contains(@id ,\"application-addressmanagement-display-component---detailAdm--addressDetailDetailsName1\")][contains(text(), \"WebdriverSite3asx\")]"}
COMMAND: POST /session/9d8ca4f443e10c92ec3d27965efc7b95/element - {"using":"xpath","value":"//span[contains(@id ,\"application-addressmanagement-display-component---detailAdm--addressDetailDetailsName1\")][contains(text(), \"WebdriverSite3asx\")]"}
RESULT: {"using":"xpath","value":"//span[contains(@id ,\"application-addressmanagement-display-component---detailAdm--addressDetailDetailsName1\")][contains(text(), \"WebdriverSite3asx\")]"}
COMMAND: POST /session/9d8ca4f443e10c92ec3d27965efc7b95/element - {"using":"xpath","value":"//span[contains(@id ,\"application-addressmanagement-display-component---detailAdm--addressDetailDetailsName1\")][contains(text(), \"WebdriverSite3asx\")]"}
RESULT: {"using":"xpath","value":"//span[contains(@id ,\"application-addressmanagement-display-component---detailAdm--addressDetailDetailsName1\")][contains(text(), \"WebdriverSite3asx\")]"}
COMMAND: POST /session/9d8ca4f443e10c92ec3d27965efc7b95/element - {"using":"xpath","value":"//span[contains(@id ,\"application-addressmanagement-display-component---detailAdm--addressDetailDetailsName1\")][contains(text(), \"WebdriverSite3asx\")]"}
RESULT: {"using":"xpath","value":"//span[contains(@id ,\"application-addressmanagement-display-component---detailAdm--addressDetailDetailsName1\")][contains(text(), \"WebdriverSite3asx\")]"}
COMMAND: POST /session/9d8ca4f443e10c92ec3d27965efc7b95/element - {"using":"xpath","value":"//span[contains(@id ,\"application-addressmanagement-display-component---detailAdm--addressDetailDetailsName1\")][contains(text(), \"WebdriverSite3asx\")]"}
RESULT: {"using":"xpath","value":"//span[contains(@id ,\"application-addressmanagement-display-component---detailAdm--addressDetailDetailsName1\")][contains(text(), \"WebdriverSite3asx\")]"}
COMMAND: POST /session/9d8ca4f443e10c92ec3d27965efc7b95/element - {"using":"xpath","value":"//span[contains(@id ,\"application-addressmanagement-display-component---detailAdm--addressDetailDetailsName1\")][contains(text(), \"WebdriverSite3asx\")]"}
RESULT: {"using":"xpath","value":"//span[contains(@id ,\"application-addressmanagement-display-component---detailAdm--addressDetailDetailsName1\")][contains(text(), \"WebdriverSite3asx\")]"}
COMMAND: POST /session/9d8ca4f443e10c92ec3d27965efc7b95/element - {"using":"xpath","value":"//span[contains(@id ,\"application-addressmanagement-display-component---detailAdm--addressDetailDetailsName1\")][contains(text(), \"WebdriverSite3asx\")]"}
RESULT: {"using":"xpath","value":"//span[contains(@id ,\"application-addressmanagement-display-component---detailAdm--addressDetailDetailsName1\")][contains(text(), \"WebdriverSite3asx\")]"}
COMMAND: POST /session/9d8ca4f443e10c92ec3d27965efc7b95/element - {"using":"xpath","value":"//span[contains(@id ,\"application-addressmanagement-display-component---detailAdm--addressDetailDetailsName1\")][contains(text(), \"WebdriverSite3asx\")]"}
RESULT: {"using":"xpath","value":"//span[contains(@id ,\"application-addressmanagement-display-component---detailAdm--addressDetailDetailsName1\")][contains(text(), \"WebdriverSite3asx\")]"}
COMMAND: POST /session/9d8ca4f443e10c92ec3d27965efc7b95/element - {"using":"xpath","value":"//span[contains(@id ,\"application-addressmanagement-display-component---detailAdm--addressDetailDetailsName1\")][contains(text(), \"WebdriverSite3asx\")]"}
RESULT: {"using":"xpath","value":"//span[contains(@id ,\"application-addressmanagement-display-component---detailAdm--addressDetailDetailsName1\")][contains(text(), \"WebdriverSite3asx\")]"}
COMMAND: POST /session/9d8ca4f443e10c92ec3d27965efc7b95/element - {"using":"xpath","value":"//span[contains(@id ,\"application-addressmanagement-display-component---detailAdm--addressDetailDetailsName1\")][contains(text(), \"WebdriverSite3asx\")]"}
RESULT: {"using":"xpath","value":"//span[contains(@id ,\"application-addressmanagement-display-component---detailAdm--addressDetailDetailsName1\")][contains(text(), \"WebdriverSite3asx\")]"}
RESULT: undefined
COMMAND: POST /session/9d8ca4f443e10c92ec3d27965efc7b95/execute/async - {"script":"<script> [6424 bytes]","args":[{"element-6066-11e4-a52e-4f735466cecf":"f.B9E415FFB169685FBD41AE9B33AE754C.d.4607637F6679C1488C4C4E33D8A88C7E.e.3279"},"getTitle",[]]}
COMMAND: POST /session/9d8ca4f443e10c92ec3d27965efc7b95/execute/async - {"script":"<script> [1562 bytes]","args":[{"selector":{"id":"shellAppTitle"},"wdio_ui5_key":"shellAppTitle"}]}
COMMAND: POST /session/9d8ca4f443e10c92ec3d27965efc7b95/element - {"using":"xpath","value":"//span[contains(@id ,\"application-addressmanagement-display-component---detailAdm--addressDetailDetailsName1\")][contains(text(), \"WebdriverSite3asx\")]"}
RESULT: {"script":"<script> [1562 bytes]","args":[{"selector":{"id":"shellAppTitle"},"wdio_ui5_key":"shellAppTitle"}]}
COMMAND: POST /session/9d8ca4f443e10c92ec3d27965efc7b95/execute/async - {"script":"<script> [6424 bytes]","args":[{"element-6066-11e4-a52e-4f735466cecf":"f.B9E415FFB169685FBD41AE9B33AE754C.d.4607637F6679C1488C4C4E33D8A88C7E.e.6108"},"getTitle",[]]}
RESULT: {"using":"xpath","value":"//span[contains(@id ,\"application-addressmanagement-display-component---detailAdm--addressDetailDetailsName1\")][contains(text(), \"WebdriverSite3asx\")]"}
RESULT: {"script":"<script> [6424 bytes]","args":[{"element-6066-11e4-a52e-4f735466cecf":"f.B9E415FFB169685FBD41AE9B33AE754C.d.4607637F6679C1488C4C4E33D8A88C7E.e.6108"},"getTitle",[]]}
COMMAND: POST /session/9d8ca4f443e10c92ec3d27965efc7b95/element - {"using":"xpath","value":"//span[contains(@id ,\"title\")][contains(text(), \"WebdriverPartnerahahv\")]"}
RESULT: {"using":"xpath","value":"//span[contains(@id ,\"title\")][contains(text(), \"WebdriverPartnerahahv\")]"}
COMMAND: POST /session/9d8ca4f443e10c92ec3d27965efc7b95/execute/sync - {"script":"<script> [8489 bytes]","args":[{"element-6066-11e4-a52e-4f735466cecf":"f.B9E415FFB169685FBD41AE9B33AE754C.d.4607637F6679C1488C4C4E33D8A88C7E.e.6109","ELEMENT":"f.B9E415FFB169685FBD41AE9B33AE754C.d.4607637F6679C1488C4C4E33D8A88C7E.e.6109"}]}
RESULT: undefined
COMMAND: POST /session/9d8ca4f443e10c92ec3d27965efc7b95/element - {"using":"xpath","value":"//*[@id=\"backBtn\"]"}
COMMAND: POST /session/9d8ca4f443e10c92ec3d27965efc7b95/element - {"using":"xpath","value":"//span[contains(@id ,\"application-addressmanagement-display-component---detailAdm--addressDetailDetailsName1\")][contains(text(), \"WebdriverSite3asx\")]"}
RESULT: {"script":"<script> [8489 bytes]","args":[{"element-6066-11e4-a52e-4f735466cecf":"f.B9E415FFB169685FBD41AE9B33AE754C.d.4607637F6679C1488C4C4E33D8A88C7E.e.6109","ELEMENT":"f.B9E415FFB169685FBD41AE9B33AE754C.d.4607637F6679C1488C4C4E33D8A88C7E.e.6109"}]}
COMMAND: GET /session/9d8ca4f443e10c92ec3d27965efc7b95/screenshot - {}
RESULT: {"using":"xpath","value":"//*[@id=\"backBtn\"]"}
COMMAND: POST /session/9d8ca4f443e10c92ec3d27965efc7b95/element/f.B9E415FFB169685FBD41AE9B33AE754C.d.4607637F6679C1488C4C4E33D8A88C7E.e.3281/click - {}
RESULT: {"using":"xpath","value":"//span[contains(@id ,\"application-addressmanagement-display-component---detailAdm--addressDetailDetailsName1\")][contains(text(), \"WebdriverSite3asx\")]"}
RESULT: {}
RESULT: {}
COMMAND: GET /session/9d8ca4f443e10c92ec3d27965efc7b95/screenshot - {}
COMMAND: POST /session/9d8ca4f443e10c92ec3d27965efc7b95/execute/sync - {"script":"<script> [8489 bytes]","args":[{"element-6066-11e4-a52e-4f735466cecf":"f.B9E415FFB169685FBD41AE9B33AE754C.d.4607637F6679C1488C4C4E33D8A88C7E.e.6109","ELEMENT":"f.B9E415FFB169685FBD41AE9B33AE754C.d.4607637F6679C1488C4C4E33D8A88C7E.e.6109"}]}
COMMAND: POST /session/9d8ca4f443e10c92ec3d27965efc7b95/element - {"using":"xpath","value":"//span[contains(@id ,\"application-addressmanagement-display-component---detailAdm--addressDetailDetailsName1\")][contains(text(), \"WebdriverSite3asx\")]"}
RESULT: {}
COMMAND: POST /session/9d8ca4f443e10c92ec3d27965efc7b95/element - {"using":"xpath","value":"//span[contains(@id ,\"title\")][contains(text(), \"WebdriverPartnerahahv\")]"}
RESULT: {"using":"xpath","value":"//span[contains(@id ,\"application-addressmanagement-display-component---detailAdm--addressDetailDetailsName1\")][contains(text(), \"WebdriverSite3asx\")]"}
RESULT: {"using":"xpath","value":"//span[contains(@id ,\"title\")][contains(text(), \"WebdriverPartnerahahv\")]"}
COMMAND: POST /session/9d8ca4f443e10c92ec3d27965efc7b95/element - {"using":"xpath","value":"//span[contains(@id ,\"title\")][contains(text(), \"WebdriverPartnerahahv\")]"}
COMMAND: POST /session/9d8ca4f443e10c92ec3d27965efc7b95/element - {"using":"xpath","value":"//span[contains(@id ,\"application-addressmanagement-display-component---detailAdm--addressDetailDetailsName1\")][contains(text(), \"WebdriverSite3asx\")]"}
RESULT: {"using":"xpath","value":"//span[contains(@id ,\"title\")][contains(text(), \"WebdriverPartnerahahv\")]"}
RESULT: {"using":"xpath","value":"//span[contains(@id ,\"application-addressmanagement-display-component---detailAdm--addressDetailDetailsName1\")][contains(text(), \"WebdriverSite3asx\")]"}
COMMAND: POST /session/9d8ca4f443e10c92ec3d27965efc7b95/element - {"using":"xpath","value":"//span[contains(@id ,\"title\")][contains(text(), \"WebdriverPartnerahahv\")]"}
COMMAND: POST /session/9d8ca4f443e10c92ec3d27965efc7b95/element - {"using":"xpath","value":"//span[contains(@id ,\"application-addressmanagement-display-component---detailAdm--addressDetailDetailsName1\")][contains(text(), \"WebdriverSite3asx\")]"}
RESULT: {"using":"xpath","value":"//span[contains(@id ,\"title\")][contains(text(), \"WebdriverPartnerahahv\")]"}
COMMAND: POST /session/9d8ca4f443e10c92ec3d27965efc7b95/element - {"using":"xpath","value":"//span[contains(@id ,\"title\")][contains(text(), \"WebdriverPartnerahahv\")]"}
COMMAND: POST /session/9d8ca4f443e10c92ec3d27965efc7b95/execute/sync - {"script":"<script> [8489 bytes]","args":[{"element-6066-11e4-a52e-4f735466cecf":"f.B9E415FFB169685FBD41AE9B33AE754C.d.4607637F6679C1488C4C4E33D8A88C7E.e.5871","ELEMENT":"f.B9E415FFB169685FBD41AE9B33AE754C.d.4607637F6679C1488C4C4E33D8A88C7E.e.5871"}]}
RESULT: {"using":"xpath","value":"//span[contains(@id ,\"application-addressmanagement-display-component---detailAdm--addressDetailDetailsName1\")][contains(text(), \"WebdriverSite3asx\")]"}
RESULT: {"using":"xpath","value":"//span[contains(@id ,\"title\")][contains(text(), \"WebdriverPartnerahahv\")]"}
COMMAND: POST /session/9d8ca4f443e10c92ec3d27965efc7b95/element - {"using":"xpath","value":"//span[contains(@id ,\"application-addressmanagement-display-component---detailAdm--addressDetailDetailsName1\")][contains(text(), \"WebdriverSite3asx\")]"}
COMMAND: POST /session/9d8ca4f443e10c92ec3d27965efc7b95/element - {"using":"xpath","value":"//*[contains(@data-kt ,\"webshopDetailCustomerLink\")]"}
COMMAND: POST /session/9d8ca4f443e10c92ec3d27965efc7b95/element - {"using":"xpath","value":"//span[contains(@id ,\"title\")][contains(text(), \"WebdriverPartnerahahv\")]"}
RESULT: {"using":"xpath","value":"//span[contains(@id ,\"application-addressmanagement-display-component---detailAdm--addressDetailDetailsName1\")][contains(text(), \"WebdriverSite3asx\")]"}
RESULT: {"using":"xpath","value":"//*[contains(@data-kt ,\"webshopDetailCustomerLink\")]"}
COMMAND: POST /session/9d8ca4f443e10c92ec3d27965efc7b95/execute/sync - {"script":"<script> [8489 bytes]","args":[{"element-6066-11e4-a52e-4f735466cecf":"f.B9E415FFB169685FBD41AE9B33AE754C.d.4607637F6679C1488C4C4E33D8A88C7E.e.6276","ELEMENT":"f.B9E415FFB169685FBD41AE9B33AE754C.d.4607637F6679C1488C4C4E33D8A88C7E.e.6276"}]}
COMMAND: POST /session/9d8ca4f443e10c92ec3d27965efc7b95/element - {"using":"xpath","value":"//span[contains(@id ,\"application-addressmanagement-display-component---detailAdm--addressDetailDetailsName1\")][contains(text(), \"WebdriverSite3asx\")]"}
RESULT: {"using":"xpath","value":"//span[contains(@id ,\"title\")][contains(text(), \"WebdriverPartnerahahv\")]"}
RESULT: {"script":"<script> [8489 bytes]","args":[{"element-6066-11e4-a52e-4f735466cecf":"f.B9E415FFB169685FBD41AE9B33AE754C.d.4607637F6679C1488C4C4E33D8A88C7E.e.6276","ELEMENT":"f.B9E415FFB169685FBD41AE9B33AE754C.d.4607637F6679C1488C4C4E33D8A88C7E.e.6276"}]}
COMMAND: POST /session/9d8ca4f443e10c92ec3d27965efc7b95/execute/sync - {"script":"<script> [5351 bytes]","args":[{"element-6066-11e4-a52e-4f735466cecf":"f.B9E415FFB169685FBD41AE9B33AE754C.d.4607637F6679C1488C4C4E33D8A88C7E.e.6276","ELEMENT":"f.B9E415FFB169685FBD41AE9B33AE754C.d.4607637F6679C1488C4C4E33D8A88C7E.e.6276"}]}
RESULT: {"using":"xpath","value":"//span[contains(@id ,\"application-addressmanagement-display-component---detailAdm--addressDetailDetailsName1\")][contains(text(), \"WebdriverSite3asx\")]"}
RESULT: {"script":"<script> [5351 bytes]","args":[{"element-6066-11e4-a52e-4f735466cecf":"f.B9E415FFB169685FBD41AE9B33AE754C.d.4607637F6679C1488C4C4E33D8A88C7E.e.6276","ELEMENT":"f.B9E415FFB169685FBD41AE9B33AE754C.d.4607637F6679C1488C4C4E33D8A88C7E.e.6276"}]}
COMMAND: POST /session/9d8ca4f443e10c92ec3d27965efc7b95/element - {"using":"xpath","value":"//*[contains(@data-kt ,\"webshopDetailCustomerLink\")]"}
RESULT: {"using":"xpath","value":"//*[contains(@data-kt ,\"webshopDetailCustomerLink\")]"}
COMMAND: POST /session/9d8ca4f443e10c92ec3d27965efc7b95/element/f.B9E415FFB169685FBD41AE9B33AE754C.d.4607637F6679C1488C4C4E33D8A88C7E.e.6276/click - {}
COMMAND: POST /session/9d8ca4f443e10c92ec3d27965efc7b95/element - {"using":"xpath","value":"//span[contains(@id ,\"title\")][contains(text(), \"WebdriverPartnerahahv\")]"}
COMMAND: GET /session/9d8ca4f443e10c92ec3d27965efc7b95/screenshot - {}
COMMAND: GET /session/9d8ca4f443e10c92ec3d27965efc7b95/screenshot - {}
RESULT: {}
COMMAND: POST /session/9d8ca4f443e10c92ec3d27965efc7b95/element - {"using":"xpath","value":"//span[contains(@id ,\"application-addressmanagement-display-component---detailAdm--addressDetailDetailsName1\")][contains(text(), \"WebdriverSite3asx\")]"}
RESULT: {"using":"xpath","value":"//span[contains(@id ,\"title\")][contains(text(), \"WebdriverPartnerahahv\")]"}
COMMAND: POST /session/9d8ca4f443e10c92ec3d27965efc7b95/execute/sync - {"script":"<script> [8489 bytes]","args":[{"element-6066-11e4-a52e-4f735466cecf":"f.B9E415FFB169685FBD41AE9B33AE754C.d.4607637F6679C1488C4C4E33D8A88C7E.e.6280","ELEMENT":"f.B9E415FFB169685FBD41AE9B33AE754C.d.4607637F6679C1488C4C4E33D8A88C7E.e.6280"}]}
COMMAND: GET /session/9d8ca4f443e10c92ec3d27965efc7b95/screenshot - {}
RESULT: {}
RESULT: {}
RESULT: {"using":"xpath","value":"//span[contains(@id ,\"application-addressmanagement-display-component---detailAdm--addressDetailDetailsName1\")][contains(text(), \"WebdriverSite3asx\")]"}
RESULT: {"script":"<script> [8489 bytes]","args":[{"element-6066-11e4-a52e-4f735466cecf":"f.B9E415FFB169685FBD41AE9B33AE754C.d.4607637F6679C1488C4C4E33D8A88C7E.e.6280","ELEMENT":"f.B9E415FFB169685FBD41AE9B33AE754C.d.4607637F6679C1488C4C4E33D8A88C7E.e.6280"}]}
COMMAND: GET /session/9d8ca4f443e10c92ec3d27965efc7b95/screenshot - {}
RESULT: {}
RESULT: {}
COMMAND: POST /session/9d8ca4f443e10c92ec3d27965efc7b95/element - {"using":"xpath","value":"//span[contains(@id ,\"application-addressmanagement-display-component---detailAdm--addressDetailDetailsName1\")][contains(text(), \"WebdriverSite3asx\")]"}
RESULT: {"using":"xpath","value":"//span[contains(@id ,\"application-addressmanagement-display-component---detailAdm--addressDetailDetailsName1\")][contains(text(), \"WebdriverSite3asx\")]"}
COMMAND: POST /session/9d8ca4f443e10c92ec3d27965efc7b95/element - {"using":"xpath","value":"//span[contains(@id ,\"application-addressmanagement-display-component---detailAdm--addressDetailDetailsName1\")][contains(text(), \"WebdriverSite3asx\")]"}
RESULT: {"using":"xpath","value":"//span[contains(@id ,\"application-addressmanagement-display-component---detailAdm--addressDetailDetailsName1\")][contains(text(), \"WebdriverSite3asx\")]"}
COMMAND: POST /session/9d8ca4f443e10c92ec3d27965efc7b95/element - {"using":"xpath","value":"//span[contains(@id ,\"application-addressmanagement-display-component---detailAdm--addressDetailDetailsName1\")][contains(text(), \"WebdriverSite3asx\")]"}
RESULT: {"using":"xpath","value":"//span[contains(@id ,\"application-addressmanagement-display-component---detailAdm--addressDetailDetailsName1\")][contains(text(), \"WebdriverSite3asx\")]"}
COMMAND: POST /session/9d8ca4f443e10c92ec3d27965efc7b95/element - {"using":"xpath","value":"//button[contains(@data-kt ,\"ContextMenuExternalId2Link\")]"}
RESULT: {"using":"xpath","value":"//button[contains(@data-kt ,\"ContextMenuExternalId2Link\")]"}
COMMAND: POST /session/9d8ca4f443e10c92ec3d27965efc7b95/element/f.B9E415FFB169685FBD41AE9B33AE754C.d.4607637F6679C1488C4C4E33D8A88C7E.e.6279/click - {}
COMMAND: POST /session/9d8ca4f443e10c92ec3d27965efc7b95/element - {"using":"xpath","value":"//span[contains(@id ,\"application-addressmanagement-display-component---detailAdm--addressDetailDetailsName1\")][contains(text(), \"WebdriverSite3asx\")]"}
RESULT: {}
COMMAND: GET /session/9d8ca4f443e10c92ec3d27965efc7b95/screenshot - {}
RESULT: {"using":"xpath","value":"//span[contains(@id ,\"application-addressmanagement-display-component---detailAdm--addressDetailDetailsName1\")][contains(text(), \"WebdriverSite3asx\")]"}
COMMAND: POST /session/9d8ca4f443e10c92ec3d27965efc7b95/element - {"using":"xpath","value":"//span[contains(@id ,\"application-addressmanagement-display-component---detailAdm--addressDetailDetailsName1\")][contains(text(), \"WebdriverSite3asx\")]"}
RESULT: {}
RESULT: {"using":"xpath","value":"//span[contains(@id ,\"application-addressmanagement-display-component---detailAdm--addressDetailDetailsName1\")][contains(text(), \"WebdriverSite3asx\")]"}
COMMAND: POST /session/9d8ca4f443e10c92ec3d27965efc7b95/element - {"using":"xpath","value":"//span[contains(@id ,\"application-addressmanagement-display-component---detailAdm--addressDetailDetailsName1\")][contains(text(), \"WebdriverSite3asx\")]"}
RESULT: {"using":"xpath","value":"//span[contains(@id ,\"application-addressmanagement-display-component---detailAdm--addressDetailDetailsName1\")][contains(text(), \"WebdriverSite3asx\")]"}
COMMAND: GET /session/9d8ca4f443e10c92ec3d27965efc7b95/window/handles - {}
RESULT: {}
COMMAND: POST /session/9d8ca4f443e10c92ec3d27965efc7b95/window - {"handle":"EC4ED3F89F4BBAD7C904E600C2C9044F"}
RESULT: {"handle":"EC4ED3F89F4BBAD7C904E600C2C9044F"}
COMMAND: GET /session/9d8ca4f443e10c92ec3d27965efc7b95/url - {}
RESULT: {}
COMMAND: GET /session/9d8ca4f443e10c92ec3d27965efc7b95/screenshot - {}
RESULT: {}
COMMAND: POST /session/9d8ca4f443e10c92ec3d27965efc7b95/execute/sync - {"script":"<script> [8489 bytes]","args":[{"element-6066-11e4-a52e-4f735466cecf":"f.B9E415FFB169685FBD41AE9B33AE754C.d.4607637F6679C1488C4C4E33D8A88C7E.e.6280","ELEMENT":"f.B9E415FFB169685FBD41AE9B33AE754C.d.4607637F6679C1488C4C4E33D8A88C7E.e.6280"}]}
COMMAND: DELETE /session/9d8ca4f443e10c92ec3d27965efc7b95/window - {}
RESULT: {}
COMMAND: POST /session/9d8ca4f443e10c92ec3d27965efc7b95/window - {"handle":"B9E415FFB169685FBD41AE9B33AE754C"}
RESULT: {"handle":"B9E415FFB169685FBD41AE9B33AE754C"}
COMMAND: GET /session/9d8ca4f443e10c92ec3d27965efc7b95/url - {}
RESULT: {"script":"<script> [8489 bytes]","args":[{"element-6066-11e4-a52e-4f735466cecf":"f.B9E415FFB169685FBD41AE9B33AE754C.d.4607637F6679C1488C4C4E33D8A88C7E.e.6280","ELEMENT":"f.B9E415FFB169685FBD41AE9B33AE754C.d.4607637F6679C1488C4C4E33D8A88C7E.e.6280"}]}
COMMAND: GET /session/9d8ca4f443e10c92ec3d27965efc7b95/screenshot - {}
RESULT: {}
COMMAND: GET /session/9d8ca4f443e10c92ec3d27965efc7b95/screenshot - {}
RESULT: {}
RESULT: {}
]]></system-out>
    </testcase>
    <testcase classname="chrome.136_0_7103_93.windows.Webshop_-_Hyperlinks_visible_and_working_properly__US139085" name="Should verify the contract and catalog item hyperlinks" time="96.834">
      <system-out><![CDATA[
COMMAND: POST /session/9d8ca4f443e10c92ec3d27965efc7b95/element - {"using":"xpath","value":"//*[contains(@data-kt ,\"webshopDetailContractLink\")]"}
RESULT: {"using":"xpath","value":"//*[contains(@data-kt ,\"webshopDetailContractLink\")]"}
COMMAND: POST /session/9d8ca4f443e10c92ec3d27965efc7b95/execute/sync - {"script":"<script> [8489 bytes]","args":[{"element-6066-11e4-a52e-4f735466cecf":"f.B9E415FFB169685FBD41AE9B33AE754C.d.4607637F6679C1488C4C4E33D8A88C7E.e.6528","ELEMENT":"f.B9E415FFB169685FBD41AE9B33AE754C.d.4607637F6679C1488C4C4E33D8A88C7E.e.6528"}]}
RESULT: {"script":"<script> [8489 bytes]","args":[{"element-6066-11e4-a52e-4f735466cecf":"f.B9E415FFB169685FBD41AE9B33AE754C.d.4607637F6679C1488C4C4E33D8A88C7E.e.6528","ELEMENT":"f.B9E415FFB169685FBD41AE9B33AE754C.d.4607637F6679C1488C4C4E33D8A88C7E.e.6528"}]}
COMMAND: POST /session/9d8ca4f443e10c92ec3d27965efc7b95/execute/sync - {"script":"<script> [5351 bytes]","args":[{"element-6066-11e4-a52e-4f735466cecf":"f.B9E415FFB169685FBD41AE9B33AE754C.d.4607637F6679C1488C4C4E33D8A88C7E.e.6528","ELEMENT":"f.B9E415FFB169685FBD41AE9B33AE754C.d.4607637F6679C1488C4C4E33D8A88C7E.e.6528"}]}
RESULT: {"script":"<script> [5351 bytes]","args":[{"element-6066-11e4-a52e-4f735466cecf":"f.B9E415FFB169685FBD41AE9B33AE754C.d.4607637F6679C1488C4C4E33D8A88C7E.e.6528","ELEMENT":"f.B9E415FFB169685FBD41AE9B33AE754C.d.4607637F6679C1488C4C4E33D8A88C7E.e.6528"}]}
COMMAND: POST /session/9d8ca4f443e10c92ec3d27965efc7b95/element - {"using":"xpath","value":"//*[contains(@data-kt ,\"webshopDetailContractLink\")]"}
RESULT: {"using":"xpath","value":"//*[contains(@data-kt ,\"webshopDetailContractLink\")]"}
COMMAND: POST /session/9d8ca4f443e10c92ec3d27965efc7b95/element/f.B9E415FFB169685FBD41AE9B33AE754C.d.4607637F6679C1488C4C4E33D8A88C7E.e.6528/click - {}
COMMAND: GET /session/9d8ca4f443e10c92ec3d27965efc7b95/screenshot - {}
COMMAND: GET /session/9d8ca4f443e10c92ec3d27965efc7b95/screenshot - {}
RESULT: {}
RESULT: {}
COMMAND: GET /session/9d8ca4f443e10c92ec3d27965efc7b95/screenshot - {}
RESULT: {}
RESULT: {}
COMMAND: POST /session/9d8ca4f443e10c92ec3d27965efc7b95/element - {"using":"xpath","value":"//*[contains(@data-kt ,\"ContextMenuId2Link\")][contains(text(), \"Contract Overview\")]"}
RESULT: {"using":"xpath","value":"//*[contains(@data-kt ,\"ContextMenuId2Link\")][contains(text(), \"Contract Overview\")]"}
COMMAND: POST /session/9d8ca4f443e10c92ec3d27965efc7b95/execute/sync - {"script":"<script> [8489 bytes]","args":[{"element-6066-11e4-a52e-4f735466cecf":"f.B9E415FFB169685FBD41AE9B33AE754C.d.4607637F6679C1488C4C4E33D8A88C7E.e.6530","ELEMENT":"f.B9E415FFB169685FBD41AE9B33AE754C.d.4607637F6679C1488C4C4E33D8A88C7E.e.6530"}]}
COMMAND: POST /session/9d8ca4f443e10c92ec3d27965efc7b95/element - {"using":"xpath","value":"//*[contains(@data-kt ,\"ContextMenuId2Link\")][contains(text(), \"Contract Overview\")]"}
RESULT: {"script":"<script> [8489 bytes]","args":[{"element-6066-11e4-a52e-4f735466cecf":"f.B9E415FFB169685FBD41AE9B33AE754C.d.4607637F6679C1488C4C4E33D8A88C7E.e.6530","ELEMENT":"f.B9E415FFB169685FBD41AE9B33AE754C.d.4607637F6679C1488C4C4E33D8A88C7E.e.6530"}]}
COMMAND: GET /session/9d8ca4f443e10c92ec3d27965efc7b95/screenshot - {}
RESULT: {"using":"xpath","value":"//*[contains(@data-kt ,\"ContextMenuId2Link\")][contains(text(), \"Contract Overview\")]"}
COMMAND: POST /session/9d8ca4f443e10c92ec3d27965efc7b95/element/f.B9E415FFB169685FBD41AE9B33AE754C.d.4607637F6679C1488C4C4E33D8A88C7E.e.6530/click - {}
RESULT: {}
RESULT: {}
COMMAND: GET /session/9d8ca4f443e10c92ec3d27965efc7b95/screenshot - {}
RESULT: {}
RESULT: undefined
COMMAND: POST /session/9d8ca4f443e10c92ec3d27965efc7b95/execute/async - {"script":"<script> [6424 bytes]","args":[{"element-6066-11e4-a52e-4f735466cecf":"f.B9E415FFB169685FBD41AE9B33AE754C.d.4607637F6679C1488C4C4E33D8A88C7E.e.3279"},"getTitle",[]]}
COMMAND: POST /session/9d8ca4f443e10c92ec3d27965efc7b95/execute/async - {"script":"<script> [1562 bytes]","args":[{"selector":{"id":"shellAppTitle"},"wdio_ui5_key":"shellAppTitle"}]}
RESULT: {"script":"<script> [1562 bytes]","args":[{"selector":{"id":"shellAppTitle"},"wdio_ui5_key":"shellAppTitle"}]}
COMMAND: POST /session/9d8ca4f443e10c92ec3d27965efc7b95/execute/async - {"script":"<script> [6424 bytes]","args":[{"element-6066-11e4-a52e-4f735466cecf":"f.B9E415FFB169685FBD41AE9B33AE754C.d.4607637F6679C1488C4C4E33D8A88C7E.e.6744"},"getTitle",[]]}
RESULT: {"script":"<script> [6424 bytes]","args":[{"element-6066-11e4-a52e-4f735466cecf":"f.B9E415FFB169685FBD41AE9B33AE754C.d.4607637F6679C1488C4C4E33D8A88C7E.e.6744"},"getTitle",[]]}
COMMAND: POST /session/9d8ca4f443e10c92ec3d27965efc7b95/element - {"using":"xpath","value":"//span[contains(@id ,\"contractDetailTitleNoExpanded\")][contains(text(), \"10308\")]"}
RESULT: {"using":"xpath","value":"//span[contains(@id ,\"contractDetailTitleNoExpanded\")][contains(text(), \"10308\")]"}
COMMAND: POST /session/9d8ca4f443e10c92ec3d27965efc7b95/execute/sync - {"script":"<script> [8489 bytes]","args":[{"element-6066-11e4-a52e-4f735466cecf":"f.B9E415FFB169685FBD41AE9B33AE754C.d.4607637F6679C1488C4C4E33D8A88C7E.e.6745","ELEMENT":"f.B9E415FFB169685FBD41AE9B33AE754C.d.4607637F6679C1488C4C4E33D8A88C7E.e.6745"}]}
RESULT: undefined
COMMAND: POST /session/9d8ca4f443e10c92ec3d27965efc7b95/element - {"using":"xpath","value":"//*[@id=\"backBtn\"]"}
RESULT: {"using":"xpath","value":"//*[@id=\"backBtn\"]"}
COMMAND: POST /session/9d8ca4f443e10c92ec3d27965efc7b95/element/f.B9E415FFB169685FBD41AE9B33AE754C.d.4607637F6679C1488C4C4E33D8A88C7E.e.3281/click - {}
RESULT: {"script":"<script> [8489 bytes]","args":[{"element-6066-11e4-a52e-4f735466cecf":"f.B9E415FFB169685FBD41AE9B33AE754C.d.4607637F6679C1488C4C4E33D8A88C7E.e.6745","ELEMENT":"f.B9E415FFB169685FBD41AE9B33AE754C.d.4607637F6679C1488C4C4E33D8A88C7E.e.6745"}]}
COMMAND: GET /session/9d8ca4f443e10c92ec3d27965efc7b95/screenshot - {}
RESULT: {}
COMMAND: GET /session/9d8ca4f443e10c92ec3d27965efc7b95/screenshot - {}
RESULT: {}
RESULT: {}
COMMAND: POST /session/9d8ca4f443e10c92ec3d27965efc7b95/execute/sync - {"script":"<script> [8489 bytes]","args":[{"element-6066-11e4-a52e-4f735466cecf":"f.B9E415FFB169685FBD41AE9B33AE754C.d.4607637F6679C1488C4C4E33D8A88C7E.e.6528","ELEMENT":"f.B9E415FFB169685FBD41AE9B33AE754C.d.4607637F6679C1488C4C4E33D8A88C7E.e.6528"}]}
COMMAND: POST /session/9d8ca4f443e10c92ec3d27965efc7b95/element - {"using":"xpath","value":"//*[contains(@data-kt ,\"webshopDetailContractLink\")]"}
RESULT: {"using":"xpath","value":"//*[contains(@data-kt ,\"webshopDetailContractLink\")]"}
COMMAND: POST /session/9d8ca4f443e10c92ec3d27965efc7b95/execute/sync - {"script":"<script> [8489 bytes]","args":[{"element-6066-11e4-a52e-4f735466cecf":"f.B9E415FFB169685FBD41AE9B33AE754C.d.4607637F6679C1488C4C4E33D8A88C7E.e.6895","ELEMENT":"f.B9E415FFB169685FBD41AE9B33AE754C.d.4607637F6679C1488C4C4E33D8A88C7E.e.6895"}]}
RESULT: {"script":"<script> [8489 bytes]","args":[{"element-6066-11e4-a52e-4f735466cecf":"f.B9E415FFB169685FBD41AE9B33AE754C.d.4607637F6679C1488C4C4E33D8A88C7E.e.6895","ELEMENT":"f.B9E415FFB169685FBD41AE9B33AE754C.d.4607637F6679C1488C4C4E33D8A88C7E.e.6895"}]}
COMMAND: POST /session/9d8ca4f443e10c92ec3d27965efc7b95/execute/sync - {"script":"<script> [5351 bytes]","args":[{"element-6066-11e4-a52e-4f735466cecf":"f.B9E415FFB169685FBD41AE9B33AE754C.d.4607637F6679C1488C4C4E33D8A88C7E.e.6895","ELEMENT":"f.B9E415FFB169685FBD41AE9B33AE754C.d.4607637F6679C1488C4C4E33D8A88C7E.e.6895"}]}
COMMAND: GET /session/9d8ca4f443e10c92ec3d27965efc7b95/screenshot - {}
RESULT: {"script":"<script> [5351 bytes]","args":[{"element-6066-11e4-a52e-4f735466cecf":"f.B9E415FFB169685FBD41AE9B33AE754C.d.4607637F6679C1488C4C4E33D8A88C7E.e.6895","ELEMENT":"f.B9E415FFB169685FBD41AE9B33AE754C.d.4607637F6679C1488C4C4E33D8A88C7E.e.6895"}]}
COMMAND: POST /session/9d8ca4f443e10c92ec3d27965efc7b95/element - {"using":"xpath","value":"//*[contains(@data-kt ,\"webshopDetailContractLink\")]"}
COMMAND: GET /session/9d8ca4f443e10c92ec3d27965efc7b95/screenshot - {}
RESULT: {}
RESULT: {"using":"xpath","value":"//*[contains(@data-kt ,\"webshopDetailContractLink\")]"}
COMMAND: POST /session/9d8ca4f443e10c92ec3d27965efc7b95/element/f.B9E415FFB169685FBD41AE9B33AE754C.d.4607637F6679C1488C4C4E33D8A88C7E.e.6895/click - {}
RESULT: {}
RESULT: {}
COMMAND: GET /session/9d8ca4f443e10c92ec3d27965efc7b95/screenshot - {}
RESULT: {}
COMMAND: POST /session/9d8ca4f443e10c92ec3d27965efc7b95/element - {"using":"xpath","value":"//button[contains(@data-kt ,\"ContextMenuExternalId2Link\")]"}
RESULT: {"using":"xpath","value":"//button[contains(@data-kt ,\"ContextMenuExternalId2Link\")]"}
COMMAND: POST /session/9d8ca4f443e10c92ec3d27965efc7b95/element/f.B9E415FFB169685FBD41AE9B33AE754C.d.4607637F6679C1488C4C4E33D8A88C7E.e.6896/click - {}
RESULT: {}
COMMAND: GET /session/9d8ca4f443e10c92ec3d27965efc7b95/screenshot - {}
RESULT: {}
COMMAND: GET /session/9d8ca4f443e10c92ec3d27965efc7b95/window/handles - {}
RESULT: {}
COMMAND: POST /session/9d8ca4f443e10c92ec3d27965efc7b95/window - {"handle":"8EE1A595BEF2C622EDF998ABD0C090A1"}
RESULT: {"handle":"8EE1A595BEF2C622EDF998ABD0C090A1"}
COMMAND: GET /session/9d8ca4f443e10c92ec3d27965efc7b95/url - {}
RESULT: {}
COMMAND: GET /session/9d8ca4f443e10c92ec3d27965efc7b95/screenshot - {}
RESULT: {}
COMMAND: POST /session/9d8ca4f443e10c92ec3d27965efc7b95/execute/sync - {"script":"<script> [8489 bytes]","args":[{"element-6066-11e4-a52e-4f735466cecf":"f.B9E415FFB169685FBD41AE9B33AE754C.d.4607637F6679C1488C4C4E33D8A88C7E.e.6745","ELEMENT":"f.B9E415FFB169685FBD41AE9B33AE754C.d.4607637F6679C1488C4C4E33D8A88C7E.e.6745"}]}
COMMAND: DELETE /session/9d8ca4f443e10c92ec3d27965efc7b95/window - {}
RESULT: {}
COMMAND: POST /session/9d8ca4f443e10c92ec3d27965efc7b95/window - {"handle":"B9E415FFB169685FBD41AE9B33AE754C"}
RESULT: {"handle":"B9E415FFB169685FBD41AE9B33AE754C"}
COMMAND: GET /session/9d8ca4f443e10c92ec3d27965efc7b95/url - {}
COMMAND: POST /session/9d8ca4f443e10c92ec3d27965efc7b95/element - {"using":"xpath","value":"//span[contains(@id ,\"contractDetailTitleNoExpanded\")][contains(text(), \"10308\")]"}
RESULT: {}
COMMAND: GET /session/9d8ca4f443e10c92ec3d27965efc7b95/screenshot - {}
RESULT: {"using":"xpath","value":"//span[contains(@id ,\"contractDetailTitleNoExpanded\")][contains(text(), \"10308\")]"}
COMMAND: POST /session/9d8ca4f443e10c92ec3d27965efc7b95/element - {"using":"xpath","value":"//span[contains(@id ,\"contractDetailTitleNoExpanded\")][contains(text(), \"10308\")]"}
RESULT: {}
RESULT: {"using":"xpath","value":"//span[contains(@id ,\"contractDetailTitleNoExpanded\")][contains(text(), \"10308\")]"}
COMMAND: POST /session/9d8ca4f443e10c92ec3d27965efc7b95/element - {"using":"xpath","value":"//span[contains(@id ,\"contractDetailTitleNoExpanded\")][contains(text(), \"10308\")]"}
RESULT: {"using":"xpath","value":"//span[contains(@id ,\"contractDetailTitleNoExpanded\")][contains(text(), \"10308\")]"}
COMMAND: POST /session/9d8ca4f443e10c92ec3d27965efc7b95/element - {"using":"xpath","value":"//span[contains(@id ,\"contractDetailTitleNoExpanded\")][contains(text(), \"10308\")]"}
RESULT: {"using":"xpath","value":"//span[contains(@id ,\"contractDetailTitleNoExpanded\")][contains(text(), \"10308\")]"}
COMMAND: POST /session/9d8ca4f443e10c92ec3d27965efc7b95/element - {"using":"xpath","value":"//span[contains(@id ,\"contractDetailTitleNoExpanded\")][contains(text(), \"10308\")]"}
RESULT: {"using":"xpath","value":"//span[contains(@id ,\"contractDetailTitleNoExpanded\")][contains(text(), \"10308\")]"}
COMMAND: POST /session/9d8ca4f443e10c92ec3d27965efc7b95/element - {"using":"xpath","value":"//span[contains(@id ,\"contractDetailTitleNoExpanded\")][contains(text(), \"10308\")]"}
RESULT: {"using":"xpath","value":"//span[contains(@id ,\"contractDetailTitleNoExpanded\")][contains(text(), \"10308\")]"}
COMMAND: POST /session/9d8ca4f443e10c92ec3d27965efc7b95/element - {"using":"xpath","value":"//span[contains(@id ,\"contractDetailTitleNoExpanded\")][contains(text(), \"10308\")]"}
RESULT: {"using":"xpath","value":"//span[contains(@id ,\"contractDetailTitleNoExpanded\")][contains(text(), \"10308\")]"}
COMMAND: POST /session/9d8ca4f443e10c92ec3d27965efc7b95/element - {"using":"xpath","value":"//span[contains(@id ,\"contractDetailTitleNoExpanded\")][contains(text(), \"10308\")]"}
RESULT: {"using":"xpath","value":"//span[contains(@id ,\"contractDetailTitleNoExpanded\")][contains(text(), \"10308\")]"}
COMMAND: POST /session/9d8ca4f443e10c92ec3d27965efc7b95/element - {"using":"xpath","value":"//span[contains(@id ,\"contractDetailTitleNoExpanded\")][contains(text(), \"10308\")]"}
RESULT: {"using":"xpath","value":"//span[contains(@id ,\"contractDetailTitleNoExpanded\")][contains(text(), \"10308\")]"}
COMMAND: POST /session/9d8ca4f443e10c92ec3d27965efc7b95/element - {"using":"xpath","value":"//span[contains(@id ,\"contractDetailTitleNoExpanded\")][contains(text(), \"10308\")]"}
RESULT: {"using":"xpath","value":"//span[contains(@id ,\"contractDetailTitleNoExpanded\")][contains(text(), \"10308\")]"}
COMMAND: POST /session/9d8ca4f443e10c92ec3d27965efc7b95/element - {"using":"xpath","value":"//*[contains(@data-kt ,\"webshopDetailCatalogItemLink\")]"}
RESULT: {"using":"xpath","value":"//*[contains(@data-kt ,\"webshopDetailCatalogItemLink\")]"}
COMMAND: POST /session/9d8ca4f443e10c92ec3d27965efc7b95/execute/sync - {"script":"<script> [8489 bytes]","args":[{"element-6066-11e4-a52e-4f735466cecf":"f.B9E415FFB169685FBD41AE9B33AE754C.d.4607637F6679C1488C4C4E33D8A88C7E.e.7053","ELEMENT":"f.B9E415FFB169685FBD41AE9B33AE754C.d.4607637F6679C1488C4C4E33D8A88C7E.e.7053"}]}
RESULT: {"script":"<script> [8489 bytes]","args":[{"element-6066-11e4-a52e-4f735466cecf":"f.B9E415FFB169685FBD41AE9B33AE754C.d.4607637F6679C1488C4C4E33D8A88C7E.e.7053","ELEMENT":"f.B9E415FFB169685FBD41AE9B33AE754C.d.4607637F6679C1488C4C4E33D8A88C7E.e.7053"}]}
COMMAND: POST /session/9d8ca4f443e10c92ec3d27965efc7b95/execute/sync - {"script":"<script> [5351 bytes]","args":[{"element-6066-11e4-a52e-4f735466cecf":"f.B9E415FFB169685FBD41AE9B33AE754C.d.4607637F6679C1488C4C4E33D8A88C7E.e.7053","ELEMENT":"f.B9E415FFB169685FBD41AE9B33AE754C.d.4607637F6679C1488C4C4E33D8A88C7E.e.7053"}]}
COMMAND: GET /session/9d8ca4f443e10c92ec3d27965efc7b95/screenshot - {}
RESULT: {"script":"<script> [5351 bytes]","args":[{"element-6066-11e4-a52e-4f735466cecf":"f.B9E415FFB169685FBD41AE9B33AE754C.d.4607637F6679C1488C4C4E33D8A88C7E.e.7053","ELEMENT":"f.B9E415FFB169685FBD41AE9B33AE754C.d.4607637F6679C1488C4C4E33D8A88C7E.e.7053"}]}
COMMAND: POST /session/9d8ca4f443e10c92ec3d27965efc7b95/element - {"using":"xpath","value":"//*[contains(@data-kt ,\"webshopDetailCatalogItemLink\")]"}
COMMAND: GET /session/9d8ca4f443e10c92ec3d27965efc7b95/screenshot - {}
COMMAND: POST /session/9d8ca4f443e10c92ec3d27965efc7b95/element - {"using":"xpath","value":"//span[contains(@id ,\"contractDetailTitleNoExpanded\")][contains(text(), \"10308\")]"}
RESULT: {}
RESULT: {"using":"xpath","value":"//*[contains(@data-kt ,\"webshopDetailCatalogItemLink\")]"}
COMMAND: POST /session/9d8ca4f443e10c92ec3d27965efc7b95/element/f.B9E415FFB169685FBD41AE9B33AE754C.d.4607637F6679C1488C4C4E33D8A88C7E.e.7053/click - {}
RESULT: {}
RESULT: {"using":"xpath","value":"//span[contains(@id ,\"contractDetailTitleNoExpanded\")][contains(text(), \"10308\")]"}
RESULT: {}
COMMAND: GET /session/9d8ca4f443e10c92ec3d27965efc7b95/screenshot - {}
COMMAND: POST /session/9d8ca4f443e10c92ec3d27965efc7b95/element - {"using":"xpath","value":"//span[contains(@id ,\"contractDetailTitleNoExpanded\")][contains(text(), \"10308\")]"}
RESULT: {}
RESULT: {"using":"xpath","value":"//span[contains(@id ,\"contractDetailTitleNoExpanded\")][contains(text(), \"10308\")]"}
COMMAND: POST /session/9d8ca4f443e10c92ec3d27965efc7b95/element - {"using":"xpath","value":"//span[contains(@id ,\"contractDetailTitleNoExpanded\")][contains(text(), \"10308\")]"}
RESULT: {"using":"xpath","value":"//span[contains(@id ,\"contractDetailTitleNoExpanded\")][contains(text(), \"10308\")]"}
COMMAND: POST /session/9d8ca4f443e10c92ec3d27965efc7b95/element - {"using":"xpath","value":"//span[contains(@id ,\"contractDetailTitleNoExpanded\")][contains(text(), \"10308\")]"}
RESULT: {"using":"xpath","value":"//span[contains(@id ,\"contractDetailTitleNoExpanded\")][contains(text(), \"10308\")]"}
COMMAND: POST /session/9d8ca4f443e10c92ec3d27965efc7b95/element - {"using":"xpath","value":"//span[contains(@id ,\"contractDetailTitleNoExpanded\")][contains(text(), \"10308\")]"}
RESULT: {"using":"xpath","value":"//span[contains(@id ,\"contractDetailTitleNoExpanded\")][contains(text(), \"10308\")]"}
COMMAND: POST /session/9d8ca4f443e10c92ec3d27965efc7b95/element - {"using":"xpath","value":"//span[contains(@id ,\"contractDetailTitleNoExpanded\")][contains(text(), \"10308\")]"}
RESULT: {"using":"xpath","value":"//span[contains(@id ,\"contractDetailTitleNoExpanded\")][contains(text(), \"10308\")]"}
COMMAND: POST /session/9d8ca4f443e10c92ec3d27965efc7b95/element - {"using":"xpath","value":"//span[contains(@id ,\"contractDetailTitleNoExpanded\")][contains(text(), \"10308\")]"}
RESULT: {"using":"xpath","value":"//span[contains(@id ,\"contractDetailTitleNoExpanded\")][contains(text(), \"10308\")]"}
COMMAND: POST /session/9d8ca4f443e10c92ec3d27965efc7b95/element - {"using":"xpath","value":"(//span[contains(text(), \"Dri-Prime CD150M Diesel Pump\")])[2]"}
COMMAND: POST /session/9d8ca4f443e10c92ec3d27965efc7b95/element - {"using":"xpath","value":"//span[contains(@id ,\"contractDetailTitleNoExpanded\")][contains(text(), \"10308\")]"}
RESULT: {"using":"xpath","value":"(//span[contains(text(), \"Dri-Prime CD150M Diesel Pump\")])[2]"}
COMMAND: POST /session/9d8ca4f443e10c92ec3d27965efc7b95/execute/sync - {"script":"<script> [8489 bytes]","args":[{"element-6066-11e4-a52e-4f735466cecf":"f.B9E415FFB169685FBD41AE9B33AE754C.d.4607637F6679C1488C4C4E33D8A88C7E.e.7062","ELEMENT":"f.B9E415FFB169685FBD41AE9B33AE754C.d.4607637F6679C1488C4C4E33D8A88C7E.e.7062"}]}
COMMAND: POST /session/9d8ca4f443e10c92ec3d27965efc7b95/element - {"using":"xpath","value":"(//span[contains(text(), \"Description\")])[1]"}
RESULT: {"using":"xpath","value":"//span[contains(@id ,\"contractDetailTitleNoExpanded\")][contains(text(), \"10308\")]"}
RESULT: {"using":"xpath","value":"(//span[contains(text(), \"Description\")])[1]"}
COMMAND: GET /session/9d8ca4f443e10c92ec3d27965efc7b95/element/f.B9E415FFB169685FBD41AE9B33AE754C.d.4607637F6679C1488C4C4E33D8A88C7E.e.7063/rect - {}
RESULT: {"script":"<script> [8489 bytes]","args":[{"element-6066-11e4-a52e-4f735466cecf":"f.B9E415FFB169685FBD41AE9B33AE754C.d.4607637F6679C1488C4C4E33D8A88C7E.e.7062","ELEMENT":"f.B9E415FFB169685FBD41AE9B33AE754C.d.4607637F6679C1488C4C4E33D8A88C7E.e.7062"}]}
COMMAND: GET /session/9d8ca4f443e10c92ec3d27965efc7b95/screenshot - {}
RESULT: {}
COMMAND: GET /session/9d8ca4f443e10c92ec3d27965efc7b95/window/rect - {}
RESULT: {}
RESULT: {}
COMMAND: POST /session/9d8ca4f443e10c92ec3d27965efc7b95/execute/sync - {"script":"<script> [92 bytes]","args":[]}
RESULT: {"script":"<script> [92 bytes]","args":[]}
COMMAND: POST /session/9d8ca4f443e10c92ec3d27965efc7b95/actions - {"actions":[{"id":"action10","type":"wheel","parameters":{},"actions":[{"type":"scroll","x":-1833,"y":-23,"deltaX":0,"deltaY":0,"duration":0,"origin":{"element-6066-11e4-a52e-4f735466cecf":"f.B9E415FFB169685FBD41AE9B33AE754C.d.4607637F6679C1488C4C4E33D8A88C7E.e.7063"}}]}]}
COMMAND: GET /session/9d8ca4f443e10c92ec3d27965efc7b95/screenshot - {}
COMMAND: POST /session/9d8ca4f443e10c92ec3d27965efc7b95/element - {"using":"xpath","value":"//span[contains(@id ,\"contractDetailTitleNoExpanded\")][contains(text(), \"10308\")]"}
RESULT: {}
RESULT: {"using":"xpath","value":"//span[contains(@id ,\"contractDetailTitleNoExpanded\")][contains(text(), \"10308\")]"}
COMMAND: POST /session/9d8ca4f443e10c92ec3d27965efc7b95/execute/sync - {"script":"<script> [79 bytes]","args":[{"element-6066-11e4-a52e-4f735466cecf":"f.B9E415FFB169685FBD41AE9B33AE754C.d.4607637F6679C1488C4C4E33D8A88C7E.e.7063","ELEMENT":"f.B9E415FFB169685FBD41AE9B33AE754C.d.4607637F6679C1488C4C4E33D8A88C7E.e.7063"},{"block":"start","inline":"nearest"}]}
RESULT: {"script":"<script> [79 bytes]","args":[{"element-6066-11e4-a52e-4f735466cecf":"f.B9E415FFB169685FBD41AE9B33AE754C.d.4607637F6679C1488C4C4E33D8A88C7E.e.7063","ELEMENT":"f.B9E415FFB169685FBD41AE9B33AE754C.d.4607637F6679C1488C4C4E33D8A88C7E.e.7063"},{"block":"start","inline":"nearest"}]}
COMMAND: GET /session/9d8ca4f443e10c92ec3d27965efc7b95/screenshot - {}
RESULT: {}
COMMAND: POST /session/9d8ca4f443e10c92ec3d27965efc7b95/element - {"using":"xpath","value":"//span[contains(@id ,\"contractDetailTitleNoExpanded\")][contains(text(), \"10308\")]"}
RESULT: {"using":"xpath","value":"//span[contains(@id ,\"contractDetailTitleNoExpanded\")][contains(text(), \"10308\")]"}
COMMAND: POST /session/9d8ca4f443e10c92ec3d27965efc7b95/element - {"using":"xpath","value":"//span[contains(@id ,\"contractDetailTitleNoExpanded\")][contains(text(), \"10308\")]"}
RESULT: {"using":"xpath","value":"//span[contains(@id ,\"contractDetailTitleNoExpanded\")][contains(text(), \"10308\")]"}
COMMAND: POST /session/9d8ca4f443e10c92ec3d27965efc7b95/element - {"using":"xpath","value":"//span[contains(@id ,\"contractDetailTitleNoExpanded\")][contains(text(), \"10308\")]"}
RESULT: {"using":"xpath","value":"//span[contains(@id ,\"contractDetailTitleNoExpanded\")][contains(text(), \"10308\")]"}
COMMAND: POST /session/9d8ca4f443e10c92ec3d27965efc7b95/element - {"using":"xpath","value":"//span[contains(@id ,\"contractDetailTitleNoExpanded\")][contains(text(), \"10308\")]"}
RESULT: {"using":"xpath","value":"//span[contains(@id ,\"contractDetailTitleNoExpanded\")][contains(text(), \"10308\")]"}
COMMAND: POST /session/9d8ca4f443e10c92ec3d27965efc7b95/element - {"using":"xpath","value":"//span[contains(@id ,\"contractDetailTitleNoExpanded\")][contains(text(), \"10308\")]"}
RESULT: {"using":"xpath","value":"//span[contains(@id ,\"contractDetailTitleNoExpanded\")][contains(text(), \"10308\")]"}
COMMAND: POST /session/9d8ca4f443e10c92ec3d27965efc7b95/element - {"using":"xpath","value":"(//textarea[@rows=\"15\"])[1]"}
RESULT: {"using":"xpath","value":"(//textarea[@rows=\"15\"])[1]"}
COMMAND: POST /session/9d8ca4f443e10c92ec3d27965efc7b95/execute/sync - {"script":"<script> [8489 bytes]","args":[{"element-6066-11e4-a52e-4f735466cecf":"f.B9E415FFB169685FBD41AE9B33AE754C.d.4607637F6679C1488C4C4E33D8A88C7E.e.7059","ELEMENT":"f.B9E415FFB169685FBD41AE9B33AE754C.d.4607637F6679C1488C4C4E33D8A88C7E.e.7059"}]}
RESULT: {"script":"<script> [8489 bytes]","args":[{"element-6066-11e4-a52e-4f735466cecf":"f.B9E415FFB169685FBD41AE9B33AE754C.d.4607637F6679C1488C4C4E33D8A88C7E.e.7059","ELEMENT":"f.B9E415FFB169685FBD41AE9B33AE754C.d.4607637F6679C1488C4C4E33D8A88C7E.e.7059"}]}
COMMAND: GET /session/9d8ca4f443e10c92ec3d27965efc7b95/screenshot - {}
COMMAND: POST /session/9d8ca4f443e10c92ec3d27965efc7b95/element - {"using":"xpath","value":"//span[contains(@id ,\"contractDetailTitleNoExpanded\")][contains(text(), \"10308\")]"}
RESULT: {}
RESULT: {"using":"xpath","value":"//span[contains(@id ,\"contractDetailTitleNoExpanded\")][contains(text(), \"10308\")]"}
COMMAND: POST /session/9d8ca4f443e10c92ec3d27965efc7b95/element - {"using":"xpath","value":"//span[contains(@id ,\"contractDetailTitleNoExpanded\")][contains(text(), \"10308\")]"}
RESULT: {"using":"xpath","value":"//span[contains(@id ,\"contractDetailTitleNoExpanded\")][contains(text(), \"10308\")]"}
COMMAND: POST /session/9d8ca4f443e10c92ec3d27965efc7b95/element - {"using":"xpath","value":"//span[contains(@id ,\"contractDetailTitleNoExpanded\")][contains(text(), \"10308\")]"}
RESULT: {"using":"xpath","value":"//span[contains(@id ,\"contractDetailTitleNoExpanded\")][contains(text(), \"10308\")]"}
COMMAND: POST /session/9d8ca4f443e10c92ec3d27965efc7b95/element - {"using":"xpath","value":"//span[contains(@id ,\"contractDetailTitleNoExpanded\")][contains(text(), \"10308\")]"}
RESULT: {"using":"xpath","value":"//span[contains(@id ,\"contractDetailTitleNoExpanded\")][contains(text(), \"10308\")]"}
COMMAND: POST /session/9d8ca4f443e10c92ec3d27965efc7b95/element - {"using":"xpath","value":"//span[contains(@id ,\"contractDetailTitleNoExpanded\")][contains(text(), \"10308\")]"}
RESULT: {"using":"xpath","value":"//span[contains(@id ,\"contractDetailTitleNoExpanded\")][contains(text(), \"10308\")]"}
COMMAND: POST /session/9d8ca4f443e10c92ec3d27965efc7b95/element - {"using":"xpath","value":"//span[contains(@id ,\"contractDetailTitleNoExpanded\")][contains(text(), \"10308\")]"}
RESULT: {"using":"xpath","value":"//span[contains(@id ,\"contractDetailTitleNoExpanded\")][contains(text(), \"10308\")]"}
COMMAND: POST /session/9d8ca4f443e10c92ec3d27965efc7b95/element - {"using":"xpath","value":"//span[contains(@id ,\"contractDetailTitleNoExpanded\")][contains(text(), \"10308\")]"}
RESULT: {"using":"xpath","value":"//span[contains(@id ,\"contractDetailTitleNoExpanded\")][contains(text(), \"10308\")]"}
COMMAND: POST /session/9d8ca4f443e10c92ec3d27965efc7b95/element - {"using":"xpath","value":"//span[contains(@id ,\"contractDetailTitleNoExpanded\")][contains(text(), \"10308\")]"}
RESULT: {"using":"xpath","value":"//span[contains(@id ,\"contractDetailTitleNoExpanded\")][contains(text(), \"10308\")]"}
COMMAND: POST /session/9d8ca4f443e10c92ec3d27965efc7b95/element - {"using":"xpath","value":"//span[contains(@id ,\"contractDetailTitleNoExpanded\")][contains(text(), \"10308\")]"}
RESULT: {"using":"xpath","value":"//span[contains(@id ,\"contractDetailTitleNoExpanded\")][contains(text(), \"10308\")]"}
COMMAND: POST /session/9d8ca4f443e10c92ec3d27965efc7b95/execute/async - {"script":"<script> [1562 bytes]","args":[{"selector":{"controlType":"sap.tnt.NavigationListItem","viewName":"etm.portal.ui.webshop.view.RequestDetail","i18NText":{"propertyName":"text","key":"exit"},"interaction":{"idSuffix":"a"}},"wdio_ui5_key":"etmportal.ui.webshop.view.RequestDetailsap.tnt.NavigationListItem{\"propertyName\":\"text\",\"key\":\"exit\"}"}]}
COMMAND: POST /session/9d8ca4f443e10c92ec3d27965efc7b95/element - {"using":"xpath","value":"//span[contains(@id ,\"contractDetailTitleNoExpanded\")][contains(text(), \"10308\")]"}
RESULT: {"script":"<script> [1562 bytes]","args":[{"selector":{"controlType":"sap.tnt.NavigationListItem","viewName":"etm.portal.ui.webshop.view.RequestDetail","i18NText":{"propertyName":"text","key":"exit"},"interaction":{"idSuffix":"a"}},"wdio_ui5_key":"etmportal.ui.webshop.view.RequestDetailsap.tnt.NavigationListItem{\"propertyName\":\"text\",\"key\":\"exit\"}"}]}
RESULT: undefined
COMMAND: POST /session/9d8ca4f443e10c92ec3d27965efc7b95/element - {"using":"xpath","value":"//*[@id=\"__item2895\"]"}
RESULT: {"using":"xpath","value":"//span[contains(@id ,\"contractDetailTitleNoExpanded\")][contains(text(), \"10308\")]"}
RESULT: {"using":"xpath","value":"//*[@id=\"__item2895\"]"}
COMMAND: POST /session/9d8ca4f443e10c92ec3d27965efc7b95/element/f.B9E415FFB169685FBD41AE9B33AE754C.d.4607637F6679C1488C4C4E33D8A88C7E.e.7067/click - {}
RESULT: {}
COMMAND: GET /session/9d8ca4f443e10c92ec3d27965efc7b95/screenshot - {}
COMMAND: POST /session/9d8ca4f443e10c92ec3d27965efc7b95/element - {"using":"xpath","value":"//span[contains(@id ,\"contractDetailTitleNoExpanded\")][contains(text(), \"10308\")]"}
RESULT: {}
RESULT: {"using":"xpath","value":"//span[contains(@id ,\"contractDetailTitleNoExpanded\")][contains(text(), \"10308\")]"}
COMMAND: POST /session/9d8ca4f443e10c92ec3d27965efc7b95/element - {"using":"xpath","value":"//span[contains(@id ,\"contractDetailTitleNoExpanded\")][contains(text(), \"10308\")]"}
RESULT: {"using":"xpath","value":"//span[contains(@id ,\"contractDetailTitleNoExpanded\")][contains(text(), \"10308\")]"}
COMMAND: POST /session/9d8ca4f443e10c92ec3d27965efc7b95/element - {"using":"xpath","value":"//span[contains(@id ,\"contractDetailTitleNoExpanded\")][contains(text(), \"10308\")]"}
RESULT: {"using":"xpath","value":"//span[contains(@id ,\"contractDetailTitleNoExpanded\")][contains(text(), \"10308\")]"}
COMMAND: POST /session/9d8ca4f443e10c92ec3d27965efc7b95/element - {"using":"xpath","value":"//span[contains(@id ,\"contractDetailTitleNoExpanded\")][contains(text(), \"10308\")]"}
RESULT: {"using":"xpath","value":"//span[contains(@id ,\"contractDetailTitleNoExpanded\")][contains(text(), \"10308\")]"}
COMMAND: POST /session/9d8ca4f443e10c92ec3d27965efc7b95/element - {"using":"xpath","value":"//span[contains(@id ,\"contractDetailTitleNoExpanded\")][contains(text(), \"10308\")]"}
RESULT: {"using":"xpath","value":"//span[contains(@id ,\"contractDetailTitleNoExpanded\")][contains(text(), \"10308\")]"}
COMMAND: POST /session/9d8ca4f443e10c92ec3d27965efc7b95/element - {"using":"xpath","value":"//span[contains(@id ,\"contractDetailTitleNoExpanded\")][contains(text(), \"10308\")]"}
RESULT: {"using":"xpath","value":"//span[contains(@id ,\"contractDetailTitleNoExpanded\")][contains(text(), \"10308\")]"}
COMMAND: POST /session/9d8ca4f443e10c92ec3d27965efc7b95/element - {"using":"xpath","value":"//span[contains(@id ,\"contractDetailTitleNoExpanded\")][contains(text(), \"10308\")]"}
RESULT: {"using":"xpath","value":"//span[contains(@id ,\"contractDetailTitleNoExpanded\")][contains(text(), \"10308\")]"}
COMMAND: POST /session/9d8ca4f443e10c92ec3d27965efc7b95/element - {"using":"css selector","value":"#shell-header-logo"}
RESULT: {"using":"css selector","value":"#shell-header-logo"}
COMMAND: POST /session/9d8ca4f443e10c92ec3d27965efc7b95/element/f.B9E415FFB169685FBD41AE9B33AE754C.d.4607637F6679C1488C4C4E33D8A88C7E.e.3281/click - {}
RESULT: {}
COMMAND: GET /session/9d8ca4f443e10c92ec3d27965efc7b95/screenshot - {}
COMMAND: POST /session/9d8ca4f443e10c92ec3d27965efc7b95/element - {"using":"xpath","value":"//span[contains(@id ,\"contractDetailTitleNoExpanded\")][contains(text(), \"10308\")]"}
RESULT: {}
RESULT: {"using":"xpath","value":"//span[contains(@id ,\"contractDetailTitleNoExpanded\")][contains(text(), \"10308\")]"}
COMMAND: POST /session/9d8ca4f443e10c92ec3d27965efc7b95/element - {"using":"xpath","value":"//span[contains(@id ,\"contractDetailTitleNoExpanded\")][contains(text(), \"10308\")]"}
RESULT: {"using":"xpath","value":"//span[contains(@id ,\"contractDetailTitleNoExpanded\")][contains(text(), \"10308\")]"}
COMMAND: POST /session/9d8ca4f443e10c92ec3d27965efc7b95/element - {"using":"xpath","value":"//span[contains(@id ,\"contractDetailTitleNoExpanded\")][contains(text(), \"10308\")]"}
RESULT: {"using":"xpath","value":"//span[contains(@id ,\"contractDetailTitleNoExpanded\")][contains(text(), \"10308\")]"}
COMMAND: POST /session/9d8ca4f443e10c92ec3d27965efc7b95/element - {"using":"xpath","value":"//span[contains(@id ,\"contractDetailTitleNoExpanded\")][contains(text(), \"10308\")]"}
RESULT: {"using":"xpath","value":"//span[contains(@id ,\"contractDetailTitleNoExpanded\")][contains(text(), \"10308\")]"}
COMMAND: POST /session/9d8ca4f443e10c92ec3d27965efc7b95/element - {"using":"xpath","value":"//span[contains(@id ,\"contractDetailTitleNoExpanded\")][contains(text(), \"10308\")]"}
RESULT: {"using":"xpath","value":"//span[contains(@id ,\"contractDetailTitleNoExpanded\")][contains(text(), \"10308\")]"}
COMMAND: POST /session/9d8ca4f443e10c92ec3d27965efc7b95/element - {"using":"xpath","value":"//span[contains(@id ,\"contractDetailTitleNoExpanded\")][contains(text(), \"10308\")]"}
RESULT: {"using":"xpath","value":"//span[contains(@id ,\"contractDetailTitleNoExpanded\")][contains(text(), \"10308\")]"}
]]></system-out>
    </testcase>
  </testsuite>
  <testsuite timestamp="2025-05-27T16:34:43" time="86.097" tests="1" failures="0" errors="0" skipped="0">
    <properties>
      <property name="specId" value="0"/>
      <property name="suiteName" value="Add items into the basket without creating a request US151315"/>
      <property name="capabilities" value="chrome.136_0_7103_93.windows"/>
      <property name="file" value="file:///D:/a/1/s/test/specs/R2C/add-items-into-basket-wo-creating-a-request.spec.js"/>
    </properties>
    <testcase classname="chrome.136_0_7103_93.windows.Add_items_into_the_basket_without_creating_a_request_US151315" name="Should verify if a catalog item can be added without creating a request" time="82.895">
      <system-out><![CDATA[
RESULT: undefined
COMMAND: POST /session/9d8ca4f443e10c92ec3d27965efc7b95/element - {"using":"xpath","value":"//*[@id=\"__tile49\"]"}
RESULT: {"using":"xpath","value":"//*[@id=\"__tile49\"]"}
COMMAND: POST /session/9d8ca4f443e10c92ec3d27965efc7b95/element/f.B9E415FFB169685FBD41AE9B33AE754C.d.4607637F6679C1488C4C4E33D8A88C7E.e.3005/click - {}
COMMAND: POST /session/9d8ca4f443e10c92ec3d27965efc7b95/element - {"using":"xpath","value":"//span[contains(@id ,\"contractDetailTitleNoExpanded\")][contains(text(), \"10308\")]"}
RESULT: {}
COMMAND: GET /session/9d8ca4f443e10c92ec3d27965efc7b95/screenshot - {}
RESULT: {"using":"xpath","value":"//span[contains(@id ,\"contractDetailTitleNoExpanded\")][contains(text(), \"10308\")]"}
COMMAND: POST /session/9d8ca4f443e10c92ec3d27965efc7b95/element - {"using":"xpath","value":"//span[contains(@id ,\"contractDetailTitleNoExpanded\")][contains(text(), \"10308\")]"}
RESULT: {}
RESULT: {"using":"xpath","value":"//span[contains(@id ,\"contractDetailTitleNoExpanded\")][contains(text(), \"10308\")]"}
COMMAND: POST /session/9d8ca4f443e10c92ec3d27965efc7b95/element - {"using":"xpath","value":"//span[contains(@id ,\"contractDetailTitleNoExpanded\")][contains(text(), \"10308\")]"}
RESULT: {"using":"xpath","value":"//span[contains(@id ,\"contractDetailTitleNoExpanded\")][contains(text(), \"10308\")]"}
COMMAND: POST /session/9d8ca4f443e10c92ec3d27965efc7b95/element - {"using":"xpath","value":"//span[contains(@id ,\"contractDetailTitleNoExpanded\")][contains(text(), \"10308\")]"}
COMMAND: POST /session/9d8ca4f443e10c92ec3d27965efc7b95/elements - {"using":"xpath","value":"//span[text()='Error']"}
RESULT: {"using":"xpath","value":"//span[contains(@id ,\"contractDetailTitleNoExpanded\")][contains(text(), \"10308\")]"}
RESULT: {"using":"xpath","value":"//span[text()='Error']"}
COMMAND: POST /session/9d8ca4f443e10c92ec3d27965efc7b95/element - {"using":"css selector","value":"#requestCreationDialog--createRequestPopUp-title-inner"}
RESULT: {"using":"css selector","value":"#requestCreationDialog--createRequestPopUp-title-inner"}
COMMAND: POST /session/9d8ca4f443e10c92ec3d27965efc7b95/execute/sync - {"script":"<script> [8489 bytes]","args":[{"element-6066-11e4-a52e-4f735466cecf":"f.B9E415FFB169685FBD41AE9B33AE754C.d.4607637F6679C1488C4C4E33D8A88C7E.e.7120","ELEMENT":"f.B9E415FFB169685FBD41AE9B33AE754C.d.4607637F6679C1488C4C4E33D8A88C7E.e.7120"}]}
RESULT: {"script":"<script> [8489 bytes]","args":[{"element-6066-11e4-a52e-4f735466cecf":"f.B9E415FFB169685FBD41AE9B33AE754C.d.4607637F6679C1488C4C4E33D8A88C7E.e.7120","ELEMENT":"f.B9E415FFB169685FBD41AE9B33AE754C.d.4607637F6679C1488C4C4E33D8A88C7E.e.7120"}]}
COMMAND: GET /session/9d8ca4f443e10c92ec3d27965efc7b95/element/f.B9E415FFB169685FBD41AE9B33AE754C.d.4607637F6679C1488C4C4E33D8A88C7E.e.7120/enabled - {}
COMMAND: GET /session/9d8ca4f443e10c92ec3d27965efc7b95/screenshot - {}
RESULT: {}
COMMAND: POST /session/9d8ca4f443e10c92ec3d27965efc7b95/element - {"using":"xpath","value":"//span[contains(@id ,\"requestCreationDialog--cancelButton-content\")]"}
COMMAND: GET /session/9d8ca4f443e10c92ec3d27965efc7b95/screenshot - {}
RESULT: {}
RESULT: {"using":"xpath","value":"//span[contains(@id ,\"requestCreationDialog--cancelButton-content\")]"}
COMMAND: POST /session/9d8ca4f443e10c92ec3d27965efc7b95/element/f.B9E415FFB169685FBD41AE9B33AE754C.d.4607637F6679C1488C4C4E33D8A88C7E.e.7121/click - {}
RESULT: {}
RESULT: {}
COMMAND: GET /session/9d8ca4f443e10c92ec3d27965efc7b95/screenshot - {}
RESULT: {}
COMMAND: POST /session/9d8ca4f443e10c92ec3d27965efc7b95/element - {"using":"xpath","value":"//input[contains(@id ,\"searchFiledId-I\")]"}
RESULT: {"using":"xpath","value":"//input[contains(@id ,\"searchFiledId-I\")]"}
COMMAND: POST /session/9d8ca4f443e10c92ec3d27965efc7b95/element/f.B9E415FFB169685FBD41AE9B33AE754C.d.4607637F6679C1488C4C4E33D8A88C7E.e.7070/value - {"text":"Dri-Prime CD150M Diesel Pump"}
RESULT: {"text":"Dri-Prime CD150M Diesel Pump"}
COMMAND: POST /session/9d8ca4f443e10c92ec3d27965efc7b95/actions - {"actions":[{"id":"action11","type":"key","parameters":{},"actions":[{"type":"keyDown","value":""},{"type":"pause","duration":10},{"type":"keyUp","value":""}]}]}
COMMAND: GET /session/9d8ca4f443e10c92ec3d27965efc7b95/screenshot - {}
RESULT: {"actions":[{"id":"action11","type":"key","parameters":{},"actions":[{"type":"keyDown","value":""},{"type":"pause","duration":10},{"type":"keyUp","value":""}]}]}
COMMAND: GET /session/9d8ca4f443e10c92ec3d27965efc7b95/screenshot - {}
RESULT: {}
RESULT: {}
COMMAND: POST /session/9d8ca4f443e10c92ec3d27965efc7b95/element - {"using":"xpath","value":"//span[contains(@id ,\"subTitle\")][contains(text(), \"Dri-Prime CD150M Diesel Pump\")]"}
RESULT: {"using":"xpath","value":"//span[contains(@id ,\"subTitle\")][contains(text(), \"Dri-Prime CD150M Diesel Pump\")]"}
COMMAND: POST /session/9d8ca4f443e10c92ec3d27965efc7b95/element/f.B9E415FFB169685FBD41AE9B33AE754C.d.4607637F6679C1488C4C4E33D8A88C7E.e.7128/click - {}
RESULT: {}
COMMAND: GET /session/9d8ca4f443e10c92ec3d27965efc7b95/screenshot - {}
RESULT: {}
COMMAND: POST /session/9d8ca4f443e10c92ec3d27965efc7b95/element - {"using":"xpath","value":"//bdi[contains(text(), \"Add to Request\")]"}
RESULT: {"using":"xpath","value":"//bdi[contains(text(), \"Add to Request\")]"}
COMMAND: POST /session/9d8ca4f443e10c92ec3d27965efc7b95/element/f.B9E415FFB169685FBD41AE9B33AE754C.d.4607637F6679C1488C4C4E33D8A88C7E.e.7143/click - {}
RESULT: {}
COMMAND: POST /session/9d8ca4f443e10c92ec3d27965efc7b95/element - {"using":"xpath","value":"//div[contains(@class ,\"sapMMessageToast sapUiSelectable sapContrast sapContrastPlus sapUiUserSelectable\")]"}
COMMAND: GET /session/9d8ca4f443e10c92ec3d27965efc7b95/screenshot - {}
RESULT: {"using":"xpath","value":"//div[contains(@class ,\"sapMMessageToast sapUiSelectable sapContrast sapContrastPlus sapUiUserSelectable\")]"}
COMMAND: POST /session/9d8ca4f443e10c92ec3d27965efc7b95/execute/sync - {"script":"<script> [8489 bytes]","args":[{"element-6066-11e4-a52e-4f735466cecf":"f.B9E415FFB169685FBD41AE9B33AE754C.d.4607637F6679C1488C4C4E33D8A88C7E.e.7145","ELEMENT":"f.B9E415FFB169685FBD41AE9B33AE754C.d.4607637F6679C1488C4C4E33D8A88C7E.e.7145"}]}
RESULT: {}
RESULT: {"script":"<script> [8489 bytes]","args":[{"element-6066-11e4-a52e-4f735466cecf":"f.B9E415FFB169685FBD41AE9B33AE754C.d.4607637F6679C1488C4C4E33D8A88C7E.e.7145","ELEMENT":"f.B9E415FFB169685FBD41AE9B33AE754C.d.4607637F6679C1488C4C4E33D8A88C7E.e.7145"}]}
COMMAND: GET /session/9d8ca4f443e10c92ec3d27965efc7b95/element/f.B9E415FFB169685FBD41AE9B33AE754C.d.4607637F6679C1488C4C4E33D8A88C7E.e.7145/text - {}
COMMAND: GET /session/9d8ca4f443e10c92ec3d27965efc7b95/screenshot - {}
RESULT: {}
RESULT: {}
COMMAND: POST /session/9d8ca4f443e10c92ec3d27965efc7b95/element - {"using":"xpath","value":"//bdi[contains(@id ,\"activeCartId-BDI-content\")]"}
RESULT: {"using":"xpath","value":"//bdi[contains(@id ,\"activeCartId-BDI-content\")]"}
COMMAND: GET /session/9d8ca4f443e10c92ec3d27965efc7b95/element/f.B9E415FFB169685FBD41AE9B33AE754C.d.4607637F6679C1488C4C4E33D8A88C7E.e.7146/text - {}
RESULT: {}
COMMAND: POST /session/9d8ca4f443e10c92ec3d27965efc7b95/element - {"using":"xpath","value":"//li[@title=\"Exit\"]"}
RESULT: {"using":"xpath","value":"//li[@title=\"Exit\"]"}
COMMAND: POST /session/9d8ca4f443e10c92ec3d27965efc7b95/element/f.B9E415FFB169685FBD41AE9B33AE754C.d.4607637F6679C1488C4C4E33D8A88C7E.e.7147/click - {}
RESULT: {}
COMMAND: GET /session/9d8ca4f443e10c92ec3d27965efc7b95/screenshot - {}
RESULT: {}
COMMAND: POST /session/9d8ca4f443e10c92ec3d27965efc7b95/element - {"using":"css selector","value":"#shell-header-logo"}
RESULT: {"using":"css selector","value":"#shell-header-logo"}
COMMAND: POST /session/9d8ca4f443e10c92ec3d27965efc7b95/element/f.B9E415FFB169685FBD41AE9B33AE754C.d.4607637F6679C1488C4C4E33D8A88C7E.e.7157/click - {}
RESULT: {}
COMMAND: GET /session/9d8ca4f443e10c92ec3d27965efc7b95/screenshot - {}
RESULT: {}
]]></system-out>
    </testcase>
  </testsuite>
  <testsuite timestamp="2025-05-27T16:36:09" time="165.466" tests="1" failures="0" errors="0" skipped="0">
    <properties>
      <property name="specId" value="0"/>
      <property name="suiteName" value=" Webshop - Request management - Verifying the Master List - Filtering /Sorting - Deleting - Creating US151314"/>
      <property name="capabilities" value="chrome.136_0_7103_93.windows"/>
      <property name="file" value="file:///D:/a/1/s/test/specs/R2C/webshop-request-management-verify-master-list.spec.js"/>
    </properties>
    <testcase classname="chrome.136_0_7103_93.windows._Webshop_-_Request_management_-_Verifying_the_Master_List_-_Filtering_/Sorting_-_Deleting_-_Creating_US151314" name="Should navigate to request management in webshop and verify the filters" time="162.271">
      <system-out><![CDATA[
RESULT: undefined
COMMAND: POST /session/9d8ca4f443e10c92ec3d27965efc7b95/element - {"using":"xpath","value":"//*[@id=\"__tile49\"]"}
RESULT: {"using":"xpath","value":"//*[@id=\"__tile49\"]"}
COMMAND: POST /session/9d8ca4f443e10c92ec3d27965efc7b95/element/f.B9E415FFB169685FBD41AE9B33AE754C.d.4607637F6679C1488C4C4E33D8A88C7E.e.3005/click - {}
RESULT: {}
COMMAND: GET /session/9d8ca4f443e10c92ec3d27965efc7b95/screenshot - {}
RESULT: {}
COMMAND: POST /session/9d8ca4f443e10c92ec3d27965efc7b95/elements - {"using":"xpath","value":"//span[text()='Error']"}
RESULT: {"using":"xpath","value":"//span[text()='Error']"}
COMMAND: POST /session/9d8ca4f443e10c92ec3d27965efc7b95/execute/async - {"script":"<script> [1562 bytes]","args":[{"selector":{"id":"requestCreationDialog--cancelButton","searchOpenDialogs":true,"interaction":{"idSuffix":"BDI-content"}},"wdio_ui5_key":"requestCreationDialogcancelButton"}]}
RESULT: {"script":"<script> [1562 bytes]","args":[{"selector":{"id":"requestCreationDialog--cancelButton","searchOpenDialogs":true,"interaction":{"idSuffix":"BDI-content"}},"wdio_ui5_key":"requestCreationDialogcancelButton"}]}
RESULT: undefined
COMMAND: POST /session/9d8ca4f443e10c92ec3d27965efc7b95/element - {"using":"xpath","value":"//*[@id=\"requestCreationDialog--cancelButton\"]"}
RESULT: {"using":"xpath","value":"//*[@id=\"requestCreationDialog--cancelButton\"]"}
COMMAND: POST /session/9d8ca4f443e10c92ec3d27965efc7b95/element/f.B9E415FFB169685FBD41AE9B33AE754C.d.4607637F6679C1488C4C4E33D8A88C7E.e.7213/click - {}
RESULT: {}
COMMAND: GET /session/9d8ca4f443e10c92ec3d27965efc7b95/screenshot - {}
RESULT: {}
COMMAND: POST /session/9d8ca4f443e10c92ec3d27965efc7b95/execute/async - {"script":"<script> [1562 bytes]","args":[{"selector":{"controlType":"sap.tnt.NavigationListItem","viewName":"etm.portal.ui.webshop.view.Homepage","i18NText":{"propertyName":"text","key":"requestsManagement"},"interaction":{"idSuffix":"a"}},"wdio_ui5_key":"etmportal.ui.webshop.view.Homepagesap.tnt.NavigationListItem{\"propertyName\":\"text\",\"key\":\"requestsManagement\"}"}]}
RESULT: {"script":"<script> [1562 bytes]","args":[{"selector":{"controlType":"sap.tnt.NavigationListItem","viewName":"etm.portal.ui.webshop.view.Homepage","i18NText":{"propertyName":"text","key":"requestsManagement"},"interaction":{"idSuffix":"a"}},"wdio_ui5_key":"etmportal.ui.webshop.view.Homepagesap.tnt.NavigationListItem{\"propertyName\":\"text\",\"key\":\"requestsManagement\"}"}]}
RESULT: undefined
COMMAND: POST /session/9d8ca4f443e10c92ec3d27965efc7b95/element - {"using":"xpath","value":"//*[@id=\"__item2967\"]"}
RESULT: {"using":"xpath","value":"//*[@id=\"__item2967\"]"}
COMMAND: POST /session/9d8ca4f443e10c92ec3d27965efc7b95/element/f.B9E415FFB169685FBD41AE9B33AE754C.d.4607637F6679C1488C4C4E33D8A88C7E.e.7215/click - {}
RESULT: {}
COMMAND: GET /session/9d8ca4f443e10c92ec3d27965efc7b95/screenshot - {}
RESULT: {}
COMMAND: POST /session/9d8ca4f443e10c92ec3d27965efc7b95/element - {"using":"xpath","value":"//input[contains(@id ,\"smartFilterBar-btnBasicSearch-I\")]"}
RESULT: {"using":"xpath","value":"//input[contains(@id ,\"smartFilterBar-btnBasicSearch-I\")]"}
COMMAND: POST /session/9d8ca4f443e10c92ec3d27965efc7b95/element/f.B9E415FFB169685FBD41AE9B33AE754C.d.4607637F6679C1488C4C4E33D8A88C7E.e.7220/clear - {}
RESULT: {}
COMMAND: POST /session/9d8ca4f443e10c92ec3d27965efc7b95/element/f.B9E415FFB169685FBD41AE9B33AE754C.d.4607637F6679C1488C4C4E33D8A88C7E.e.7220/value - {"text":"20001"}
COMMAND: GET /session/9d8ca4f443e10c92ec3d27965efc7b95/screenshot - {}
RESULT: {"text":"20001"}
COMMAND: GET /session/9d8ca4f443e10c92ec3d27965efc7b95/screenshot - {}
RESULT: {}
RESULT: {}
COMMAND: POST /session/9d8ca4f443e10c92ec3d27965efc7b95/actions - {"actions":[{"id":"action12","type":"key","parameters":{},"actions":[{"type":"keyDown","value":""},{"type":"pause","duration":10},{"type":"keyUp","value":""}]}]}
RESULT: {"actions":[{"id":"action12","type":"key","parameters":{},"actions":[{"type":"keyDown","value":""},{"type":"pause","duration":10},{"type":"keyUp","value":""}]}]}
COMMAND: GET /session/9d8ca4f443e10c92ec3d27965efc7b95/screenshot - {}
RESULT: {}
COMMAND: POST /session/9d8ca4f443e10c92ec3d27965efc7b95/execute/async - {"script":"<script> [1562 bytes]","args":[{"selector":{"controlType":"sap.m.Title","viewName":"etm.portal.ui.webshop.view.RequestMaster","properties":{"text":"Records (1)"}},"wdio_ui5_key":"etmportal.ui.webshop.view.RequestMastersap.m.Title{\"text\":\"Records (1)\"}"}]}
RESULT: {"script":"<script> [1562 bytes]","args":[{"selector":{"controlType":"sap.m.Title","viewName":"etm.portal.ui.webshop.view.RequestMaster","properties":{"text":"Records (1)"}},"wdio_ui5_key":"etmportal.ui.webshop.view.RequestMastersap.m.Title{\"text\":\"Records (1)\"}"}]}
RESULT: undefined
COMMAND: POST /session/9d8ca4f443e10c92ec3d27965efc7b95/execute/async - {"script":"<script> [6424 bytes]","args":[{"element-6066-11e4-a52e-4f735466cecf":"f.B9E415FFB169685FBD41AE9B33AE754C.d.4607637F6679C1488C4C4E33D8A88C7E.e.7304"},"getText",[]]}
RESULT: {"script":"<script> [6424 bytes]","args":[{"element-6066-11e4-a52e-4f735466cecf":"f.B9E415FFB169685FBD41AE9B33AE754C.d.4607637F6679C1488C4C4E33D8A88C7E.e.7304"},"getText",[]]}
COMMAND: POST /session/9d8ca4f443e10c92ec3d27965efc7b95/element - {"using":"xpath","value":"//div[contains(@id ,\"smartFilterBar-btnBasicSearch-reset\")]"}
RESULT: {"using":"xpath","value":"//div[contains(@id ,\"smartFilterBar-btnBasicSearch-reset\")]"}
COMMAND: POST /session/9d8ca4f443e10c92ec3d27965efc7b95/element/f.B9E415FFB169685FBD41AE9B33AE754C.d.4607637F6679C1488C4C4E33D8A88C7E.e.7305/click - {}
RESULT: {}
COMMAND: GET /session/9d8ca4f443e10c92ec3d27965efc7b95/screenshot - {}
RESULT: {}
COMMAND: POST /session/9d8ca4f443e10c92ec3d27965efc7b95/element - {"using":"xpath","value":"//input[contains(@id ,\"smartStatusFilter-inner\")]"}
RESULT: {"using":"xpath","value":"//input[contains(@id ,\"smartStatusFilter-inner\")]"}
COMMAND: POST /session/9d8ca4f443e10c92ec3d27965efc7b95/element/f.B9E415FFB169685FBD41AE9B33AE754C.d.4607637F6679C1488C4C4E33D8A88C7E.e.7225/clear - {}
RESULT: {}
COMMAND: POST /session/9d8ca4f443e10c92ec3d27965efc7b95/element/f.B9E415FFB169685FBD41AE9B33AE754C.d.4607637F6679C1488C4C4E33D8A88C7E.e.7225/value - {"text":"draft"}
COMMAND: GET /session/9d8ca4f443e10c92ec3d27965efc7b95/screenshot - {}
RESULT: {"text":"draft"}
COMMAND: GET /session/9d8ca4f443e10c92ec3d27965efc7b95/screenshot - {}
RESULT: {}
RESULT: {}
COMMAND: POST /session/9d8ca4f443e10c92ec3d27965efc7b95/actions - {"actions":[{"id":"action13","type":"key","parameters":{},"actions":[{"type":"keyDown","value":""},{"type":"pause","duration":10},{"type":"keyUp","value":""}]}]}
RESULT: {"actions":[{"id":"action13","type":"key","parameters":{},"actions":[{"type":"keyDown","value":""},{"type":"pause","duration":10},{"type":"keyUp","value":""}]}]}
COMMAND: GET /session/9d8ca4f443e10c92ec3d27965efc7b95/screenshot - {}
RESULT: {}
COMMAND: POST /session/9d8ca4f443e10c92ec3d27965efc7b95/execute/async - {"script":"<script> [1562 bytes]","args":[{"selector":{"controlType":"sap.m.ObjectStatus","viewName":"etm.portal.ui.webshop.view.RequestMaster","bindingPath":{"propertyPath":"STATUS_DESCRIPTION"}},"wdio_ui5_key":"etmportal.ui.webshop.view.RequestMastersap.m.ObjectStatus{\"propertyPath\":\"STATUS_DESCRIPTION\"}"}]}
RESULT: {"script":"<script> [1562 bytes]","args":[{"selector":{"controlType":"sap.m.ObjectStatus","viewName":"etm.portal.ui.webshop.view.RequestMaster","bindingPath":{"propertyPath":"STATUS_DESCRIPTION"}},"wdio_ui5_key":"etmportal.ui.webshop.view.RequestMastersap.m.ObjectStatus{\"propertyPath\":\"STATUS_DESCRIPTION\"}"}]}
RESULT: undefined
COMMAND: POST /session/9d8ca4f443e10c92ec3d27965efc7b95/execute/async - {"script":"<script> [6424 bytes]","args":[{"element-6066-11e4-a52e-4f735466cecf":"f.B9E415FFB169685FBD41AE9B33AE754C.d.4607637F6679C1488C4C4E33D8A88C7E.e.7361"},"getText",[]]}
RESULT: {"script":"<script> [6424 bytes]","args":[{"element-6066-11e4-a52e-4f735466cecf":"f.B9E415FFB169685FBD41AE9B33AE754C.d.4607637F6679C1488C4C4E33D8A88C7E.e.7361"},"getText",[]]}
COMMAND: POST /session/9d8ca4f443e10c92ec3d27965efc7b95/element - {"using":"xpath","value":"//span[contains(@title ,\"Remove\")]"}
RESULT: {"using":"xpath","value":"//span[contains(@title ,\"Remove\")]"}
COMMAND: POST /session/9d8ca4f443e10c92ec3d27965efc7b95/element/f.B9E415FFB169685FBD41AE9B33AE754C.d.4607637F6679C1488C4C4E33D8A88C7E.e.7362/click - {}
RESULT: {}
COMMAND: GET /session/9d8ca4f443e10c92ec3d27965efc7b95/screenshot - {}
RESULT: {}
COMMAND: POST /session/9d8ca4f443e10c92ec3d27965efc7b95/element - {"using":"xpath","value":"//input[contains(@id ,\"smartStatusFilter-inner\")]"}
RESULT: {"using":"xpath","value":"//input[contains(@id ,\"smartStatusFilter-inner\")]"}
COMMAND: POST /session/9d8ca4f443e10c92ec3d27965efc7b95/element/f.B9E415FFB169685FBD41AE9B33AE754C.d.4607637F6679C1488C4C4E33D8A88C7E.e.7225/clear - {}
RESULT: {}
COMMAND: POST /session/9d8ca4f443e10c92ec3d27965efc7b95/element/f.B9E415FFB169685FBD41AE9B33AE754C.d.4607637F6679C1488C4C4E33D8A88C7E.e.7225/value - {"text":"created"}
COMMAND: GET /session/9d8ca4f443e10c92ec3d27965efc7b95/screenshot - {}
RESULT: {"text":"created"}
COMMAND: GET /session/9d8ca4f443e10c92ec3d27965efc7b95/screenshot - {}
RESULT: {}
RESULT: {}
COMMAND: POST /session/9d8ca4f443e10c92ec3d27965efc7b95/actions - {"actions":[{"id":"action14","type":"key","parameters":{},"actions":[{"type":"keyDown","value":""},{"type":"pause","duration":10},{"type":"keyUp","value":""}]}]}
RESULT: {"actions":[{"id":"action14","type":"key","parameters":{},"actions":[{"type":"keyDown","value":""},{"type":"pause","duration":10},{"type":"keyUp","value":""}]}]}
COMMAND: GET /session/9d8ca4f443e10c92ec3d27965efc7b95/screenshot - {}
RESULT: {}
RESULT: undefined
COMMAND: POST /session/9d8ca4f443e10c92ec3d27965efc7b95/execute/async - {"script":"<script> [6424 bytes]","args":[{"element-6066-11e4-a52e-4f735466cecf":"f.B9E415FFB169685FBD41AE9B33AE754C.d.4607637F6679C1488C4C4E33D8A88C7E.e.7361"},"getText",[]]}
COMMAND: POST /session/9d8ca4f443e10c92ec3d27965efc7b95/execute/async - {"script":"<script> [1562 bytes]","args":[{"selector":{"controlType":"sap.m.ObjectStatus","viewName":"etm.portal.ui.webshop.view.RequestMaster","bindingPath":{"propertyPath":"STATUS_DESCRIPTION"}},"wdio_ui5_key":"etmportal.ui.webshop.view.RequestMastersap.m.ObjectStatus{\"propertyPath\":\"STATUS_DESCRIPTION\"}"}]}
RESULT: {"script":"<script> [1562 bytes]","args":[{"selector":{"controlType":"sap.m.ObjectStatus","viewName":"etm.portal.ui.webshop.view.RequestMaster","bindingPath":{"propertyPath":"STATUS_DESCRIPTION"}},"wdio_ui5_key":"etmportal.ui.webshop.view.RequestMastersap.m.ObjectStatus{\"propertyPath\":\"STATUS_DESCRIPTION\"}"}]}
COMMAND: POST /session/9d8ca4f443e10c92ec3d27965efc7b95/execute/async - {"script":"<script> [6424 bytes]","args":[{"element-6066-11e4-a52e-4f735466cecf":"f.B9E415FFB169685FBD41AE9B33AE754C.d.4607637F6679C1488C4C4E33D8A88C7E.e.7418"},"getText",[]]}
RESULT: {"script":"<script> [6424 bytes]","args":[{"element-6066-11e4-a52e-4f735466cecf":"f.B9E415FFB169685FBD41AE9B33AE754C.d.4607637F6679C1488C4C4E33D8A88C7E.e.7418"},"getText",[]]}
COMMAND: POST /session/9d8ca4f443e10c92ec3d27965efc7b95/element - {"using":"xpath","value":"//span[contains(@title ,\"Remove\")]"}
RESULT: {"using":"xpath","value":"//span[contains(@title ,\"Remove\")]"}
COMMAND: POST /session/9d8ca4f443e10c92ec3d27965efc7b95/element/f.B9E415FFB169685FBD41AE9B33AE754C.d.4607637F6679C1488C4C4E33D8A88C7E.e.7419/click - {}
RESULT: {}
COMMAND: GET /session/9d8ca4f443e10c92ec3d27965efc7b95/screenshot - {}
RESULT: {}
COMMAND: POST /session/9d8ca4f443e10c92ec3d27965efc7b95/execute/async - {"script":"<script> [1562 bytes]","args":[{"selector":{"controlType":"sap.m.Button","viewName":"etm.portal.ui.webshop.view.RequestMaster","properties":{"text":"Filters (1)"},"interaction":{"idSuffix":"BDI-content"}},"wdio_ui5_key":"etmportal.ui.webshop.view.RequestMastersap.m.Button{\"text\":\"Filters (1)\"}"}]}
RESULT: {"script":"<script> [1562 bytes]","args":[{"selector":{"controlType":"sap.m.Button","viewName":"etm.portal.ui.webshop.view.RequestMaster","properties":{"text":"Filters (1)"},"interaction":{"idSuffix":"BDI-content"}},"wdio_ui5_key":"etmportal.ui.webshop.view.RequestMastersap.m.Button{\"text\":\"Filters (1)\"}"}]}
RESULT: undefined
COMMAND: POST /session/9d8ca4f443e10c92ec3d27965efc7b95/element - {"using":"xpath","value":"//*[@id=\"__xmlview74--smartFilterBar-btnFilters\"]"}
RESULT: {"using":"xpath","value":"//*[@id=\"__xmlview74--smartFilterBar-btnFilters\"]"}
COMMAND: POST /session/9d8ca4f443e10c92ec3d27965efc7b95/element/f.B9E415FFB169685FBD41AE9B33AE754C.d.4607637F6679C1488C4C4E33D8A88C7E.e.7240/click - {}
RESULT: {}
COMMAND: GET /session/9d8ca4f443e10c92ec3d27965efc7b95/screenshot - {}
RESULT: {}
COMMAND: POST /session/9d8ca4f443e10c92ec3d27965efc7b95/element - {"using":"xpath","value":"//input[contains(@id ,\"searchField-I\")]"}
RESULT: {"using":"xpath","value":"//input[contains(@id ,\"searchField-I\")]"}
COMMAND: POST /session/9d8ca4f443e10c92ec3d27965efc7b95/element/f.B9E415FFB169685FBD41AE9B33AE754C.d.4607637F6679C1488C4C4E33D8A88C7E.e.7466/clear - {}
RESULT: {}
COMMAND: POST /session/9d8ca4f443e10c92ec3d27965efc7b95/element/f.B9E415FFB169685FBD41AE9B33AE754C.d.4607637F6679C1488C4C4E33D8A88C7E.e.7466/value - {"text":"tags"}
COMMAND: GET /session/9d8ca4f443e10c92ec3d27965efc7b95/screenshot - {}
RESULT: {"text":"tags"}
COMMAND: GET /session/9d8ca4f443e10c92ec3d27965efc7b95/screenshot - {}
RESULT: {}
RESULT: {}
COMMAND: POST /session/9d8ca4f443e10c92ec3d27965efc7b95/element - {"using":"xpath","value":"(//div[contains(@id ,\"selectMulti\")][@role=\"checkbox\"])[8]"}
RESULT: {"using":"xpath","value":"(//div[contains(@id ,\"selectMulti\")][@role=\"checkbox\"])[8]"}
COMMAND: POST /session/9d8ca4f443e10c92ec3d27965efc7b95/element/f.B9E415FFB169685FBD41AE9B33AE754C.d.4607637F6679C1488C4C4E33D8A88C7E.e.7490/click - {}
RESULT: {}
COMMAND: GET /session/9d8ca4f443e10c92ec3d27965efc7b95/screenshot - {}
RESULT: {}
COMMAND: POST /session/9d8ca4f443e10c92ec3d27965efc7b95/execute/async - {"script":"<script> [1562 bytes]","args":[{"selector":{"controlType":"sap.m.Button","viewName":"etm.portal.ui.webshop.view.RequestMaster","properties":{"text":"OK"},"searchOpenDialogs":true,"interaction":{"idSuffix":"BDI-content"}},"wdio_ui5_key":"etmportal.ui.webshop.view.RequestMastersap.m.Button{\"text\":\"OK\"}"}]}
RESULT: {"script":"<script> [1562 bytes]","args":[{"selector":{"controlType":"sap.m.Button","viewName":"etm.portal.ui.webshop.view.RequestMaster","properties":{"text":"OK"},"searchOpenDialogs":true,"interaction":{"idSuffix":"BDI-content"}},"wdio_ui5_key":"etmportal.ui.webshop.view.RequestMastersap.m.Button{\"text\":\"OK\"}"}]}
RESULT: undefined
COMMAND: POST /session/9d8ca4f443e10c92ec3d27965efc7b95/element - {"using":"xpath","value":"//*[@id=\"__xmlview74--smartFilterBar-adapt-filters-dialog-confirmBtn\"]"}
RESULT: {"using":"xpath","value":"//*[@id=\"__xmlview74--smartFilterBar-adapt-filters-dialog-confirmBtn\"]"}
COMMAND: POST /session/9d8ca4f443e10c92ec3d27965efc7b95/element/f.B9E415FFB169685FBD41AE9B33AE754C.d.4607637F6679C1488C4C4E33D8A88C7E.e.7494/click - {}
RESULT: {}
COMMAND: GET /session/9d8ca4f443e10c92ec3d27965efc7b95/screenshot - {}
RESULT: {}
COMMAND: POST /session/9d8ca4f443e10c92ec3d27965efc7b95/element - {"using":"xpath","value":"//input[contains(@id ,\"smartFilterBar-filterItemControlA_-ALL_TAGS-inner\")]"}
RESULT: {"using":"xpath","value":"//input[contains(@id ,\"smartFilterBar-filterItemControlA_-ALL_TAGS-inner\")]"}
COMMAND: POST /session/9d8ca4f443e10c92ec3d27965efc7b95/element/f.B9E415FFB169685FBD41AE9B33AE754C.d.4607637F6679C1488C4C4E33D8A88C7E.e.7502/clear - {}
RESULT: {}
COMMAND: POST /session/9d8ca4f443e10c92ec3d27965efc7b95/element/f.B9E415FFB169685FBD41AE9B33AE754C.d.4607637F6679C1488C4C4E33D8A88C7E.e.7502/value - {"text":"tag1"}
COMMAND: GET /session/9d8ca4f443e10c92ec3d27965efc7b95/screenshot - {}
RESULT: {}
RESULT: {"text":"tag1"}
COMMAND: GET /session/9d8ca4f443e10c92ec3d27965efc7b95/screenshot - {}
RESULT: {}
COMMAND: POST /session/9d8ca4f443e10c92ec3d27965efc7b95/actions - {"actions":[{"id":"action15","type":"key","parameters":{},"actions":[{"type":"keyDown","value":""},{"type":"pause","duration":10},{"type":"keyUp","value":""}]}]}
RESULT: {"actions":[{"id":"action15","type":"key","parameters":{},"actions":[{"type":"keyDown","value":""},{"type":"pause","duration":10},{"type":"keyUp","value":""}]}]}
COMMAND: GET /session/9d8ca4f443e10c92ec3d27965efc7b95/screenshot - {}
RESULT: {}
RESULT: undefined
COMMAND: POST /session/9d8ca4f443e10c92ec3d27965efc7b95/execute/async - {"script":"<script> [6424 bytes]","args":[{"element-6066-11e4-a52e-4f735466cecf":"f.B9E415FFB169685FBD41AE9B33AE754C.d.4607637F6679C1488C4C4E33D8A88C7E.e.7304"},"getText",[]]}
RESULT: {"script":"<script> [6424 bytes]","args":[{"element-6066-11e4-a52e-4f735466cecf":"f.B9E415FFB169685FBD41AE9B33AE754C.d.4607637F6679C1488C4C4E33D8A88C7E.e.7304"},"getText",[]]}
COMMAND: POST /session/9d8ca4f443e10c92ec3d27965efc7b95/execute/async - {"script":"<script> [1562 bytes]","args":[{"selector":{"controlType":"sap.ui.core.Icon","viewName":"etm.portal.ui.webshop.view.RequestMaster","properties":{"src":{"regex":{"source":"action\\-settings"}}}},"wdio_ui5_key":"etmportal.ui.webshop.view.RequestMastersap.ui.core.Icon{\"src\":{\"regex\":{\"source\":\"action\\\\-settings\"}}}"}]}
RESULT: {"script":"<script> [1562 bytes]","args":[{"selector":{"controlType":"sap.ui.core.Icon","viewName":"etm.portal.ui.webshop.view.RequestMaster","properties":{"src":{"regex":{"source":"action\\-settings"}}}},"wdio_ui5_key":"etmportal.ui.webshop.view.RequestMastersap.ui.core.Icon{\"src\":{\"regex\":{\"source\":\"action\\\\-settings\"}}}"}]}
RESULT: undefined
COMMAND: POST /session/9d8ca4f443e10c92ec3d27965efc7b95/element - {"using":"xpath","value":"//*[@id=\"__xmlview74--smartTable-btnPersonalisation-img\"]"}
RESULT: {"using":"xpath","value":"//*[@id=\"__xmlview74--smartTable-btnPersonalisation-img\"]"}
COMMAND: POST /session/9d8ca4f443e10c92ec3d27965efc7b95/element/f.B9E415FFB169685FBD41AE9B33AE754C.d.4607637F6679C1488C4C4E33D8A88C7E.e.7265/click - {}
RESULT: {}
COMMAND: GET /session/9d8ca4f443e10c92ec3d27965efc7b95/screenshot - {}
RESULT: {}
COMMAND: POST /session/9d8ca4f443e10c92ec3d27965efc7b95/element - {"using":"xpath","value":"//input[contains(@id ,\"searchField-I\")]"}
RESULT: {"using":"xpath","value":"//input[contains(@id ,\"searchField-I\")]"}
COMMAND: POST /session/9d8ca4f443e10c92ec3d27965efc7b95/element/f.B9E415FFB169685FBD41AE9B33AE754C.d.4607637F6679C1488C4C4E33D8A88C7E.e.7531/clear - {}
RESULT: {}
COMMAND: POST /session/9d8ca4f443e10c92ec3d27965efc7b95/element/f.B9E415FFB169685FBD41AE9B33AE754C.d.4607637F6679C1488C4C4E33D8A88C7E.e.7531/value - {"text":"tags"}
COMMAND: GET /session/9d8ca4f443e10c92ec3d27965efc7b95/screenshot - {}
RESULT: {"text":"tags"}
COMMAND: GET /session/9d8ca4f443e10c92ec3d27965efc7b95/screenshot - {}
RESULT: {}
RESULT: {}
COMMAND: POST /session/9d8ca4f443e10c92ec3d27965efc7b95/element - {"using":"xpath","value":"(//div[contains(@id ,\"selectMulti\")][@role=\"checkbox\"])[8]"}
RESULT: {"using":"xpath","value":"(//div[contains(@id ,\"selectMulti\")][@role=\"checkbox\"])[8]"}
COMMAND: POST /session/9d8ca4f443e10c92ec3d27965efc7b95/element/f.B9E415FFB169685FBD41AE9B33AE754C.d.4607637F6679C1488C4C4E33D8A88C7E.e.7599/click - {}
RESULT: {}
COMMAND: GET /session/9d8ca4f443e10c92ec3d27965efc7b95/screenshot - {}
RESULT: {}
COMMAND: POST /session/9d8ca4f443e10c92ec3d27965efc7b95/element - {"using":"xpath","value":"//div[contains(@id ,\"searchField-reset\")]"}
RESULT: {"using":"xpath","value":"//div[contains(@id ,\"searchField-reset\")]"}
COMMAND: POST /session/9d8ca4f443e10c92ec3d27965efc7b95/element - {"using":"xpath","value":"//input[contains(@id ,\"searchField-I\")]"}
RESULT: {"using":"xpath","value":"//input[contains(@id ,\"searchField-I\")]"}
COMMAND: POST /session/9d8ca4f443e10c92ec3d27965efc7b95/element/f.B9E415FFB169685FBD41AE9B33AE754C.d.4607637F6679C1488C4C4E33D8A88C7E.e.7531/clear - {}
RESULT: {}
COMMAND: POST /session/9d8ca4f443e10c92ec3d27965efc7b95/element/f.B9E415FFB169685FBD41AE9B33AE754C.d.4607637F6679C1488C4C4E33D8A88C7E.e.7531/value - {"text":"status"}
COMMAND: GET /session/9d8ca4f443e10c92ec3d27965efc7b95/screenshot - {}
RESULT: {"text":"status"}
COMMAND: GET /session/9d8ca4f443e10c92ec3d27965efc7b95/screenshot - {}
RESULT: {}
RESULT: {}
COMMAND: POST /session/9d8ca4f443e10c92ec3d27965efc7b95/element - {"using":"xpath","value":"(//div[contains(@id ,\"selectMulti\")][@role=\"checkbox\"])[8]"}
RESULT: {"using":"xpath","value":"(//div[contains(@id ,\"selectMulti\")][@role=\"checkbox\"])[8]"}
COMMAND: POST /session/9d8ca4f443e10c92ec3d27965efc7b95/element/f.B9E415FFB169685FBD41AE9B33AE754C.d.4607637F6679C1488C4C4E33D8A88C7E.e.7599/click - {}
RESULT: {}
COMMAND: GET /session/9d8ca4f443e10c92ec3d27965efc7b95/screenshot - {}
RESULT: {}
COMMAND: POST /session/9d8ca4f443e10c92ec3d27965efc7b95/element - {"using":"xpath","value":"//bdi[contains(@id ,\"confirmBtn-BDI-content\")]"}
RESULT: {"using":"xpath","value":"//bdi[contains(@id ,\"confirmBtn-BDI-content\")]"}
COMMAND: POST /session/9d8ca4f443e10c92ec3d27965efc7b95/element/f.B9E415FFB169685FBD41AE9B33AE754C.d.4607637F6679C1488C4C4E33D8A88C7E.e.7621/click - {}
RESULT: {}
COMMAND: GET /session/9d8ca4f443e10c92ec3d27965efc7b95/screenshot - {}
RESULT: {}
COMMAND: POST /session/9d8ca4f443e10c92ec3d27965efc7b95/element - {"using":"xpath","value":"(//span[contains(text(), \"Status\")])[2]"}
RESULT: {"using":"xpath","value":"(//span[contains(text(), \"Status\")])[2]"}
COMMAND: POST /session/9d8ca4f443e10c92ec3d27965efc7b95/element - {"using":"xpath","value":"(//span[contains(text(), \"Status\")])[2]"}
RESULT: {"using":"xpath","value":"(//span[contains(text(), \"Status\")])[2]"}
COMMAND: POST /session/9d8ca4f443e10c92ec3d27965efc7b95/element - {"using":"xpath","value":"(//bdi[contains(text(), \"Tags\")])[2]"}
RESULT: {"using":"xpath","value":"(//bdi[contains(text(), \"Tags\")])[2]"}
COMMAND: POST /session/9d8ca4f443e10c92ec3d27965efc7b95/execute/sync - {"script":"<script> [8489 bytes]","args":[{"element-6066-11e4-a52e-4f735466cecf":"f.B9E415FFB169685FBD41AE9B33AE754C.d.4607637F6679C1488C4C4E33D8A88C7E.e.7628","ELEMENT":"f.B9E415FFB169685FBD41AE9B33AE754C.d.4607637F6679C1488C4C4E33D8A88C7E.e.7628"}]}
RESULT: {"script":"<script> [8489 bytes]","args":[{"element-6066-11e4-a52e-4f735466cecf":"f.B9E415FFB169685FBD41AE9B33AE754C.d.4607637F6679C1488C4C4E33D8A88C7E.e.7628","ELEMENT":"f.B9E415FFB169685FBD41AE9B33AE754C.d.4607637F6679C1488C4C4E33D8A88C7E.e.7628"}]}
COMMAND: POST /session/9d8ca4f443e10c92ec3d27965efc7b95/element - {"using":"xpath","value":"//span[contains(@title ,\"Remove\")]"}
COMMAND: GET /session/9d8ca4f443e10c92ec3d27965efc7b95/screenshot - {}
RESULT: {"using":"xpath","value":"//span[contains(@title ,\"Remove\")]"}
COMMAND: POST /session/9d8ca4f443e10c92ec3d27965efc7b95/element/f.B9E415FFB169685FBD41AE9B33AE754C.d.4607637F6679C1488C4C4E33D8A88C7E.e.7629/click - {}
RESULT: {}
RESULT: {}
COMMAND: GET /session/9d8ca4f443e10c92ec3d27965efc7b95/screenshot - {}
RESULT: {}
COMMAND: POST /session/9d8ca4f443e10c92ec3d27965efc7b95/element - {"using":"xpath","value":"//button[contains(@id ,\"btnDeleteRequest\")]"}
RESULT: {"using":"xpath","value":"//button[contains(@id ,\"btnDeleteRequest\")]"}
COMMAND: POST /session/9d8ca4f443e10c92ec3d27965efc7b95/element - {"using":"xpath","value":"//button[contains(@id ,\"btnDeleteRequest\")]"}
RESULT: {"using":"xpath","value":"//button[contains(@id ,\"btnDeleteRequest\")]"}
COMMAND: POST /session/9d8ca4f443e10c92ec3d27965efc7b95/element - {"using":"xpath","value":"(//span[contains(text(), \"Draft\")])[1]"}
RESULT: {"using":"xpath","value":"(//span[contains(text(), \"Draft\")])[1]"}
COMMAND: POST /session/9d8ca4f443e10c92ec3d27965efc7b95/element/f.B9E415FFB169685FBD41AE9B33AE754C.d.4607637F6679C1488C4C4E33D8A88C7E.e.7654/click - {}
RESULT: {}
COMMAND: GET /session/9d8ca4f443e10c92ec3d27965efc7b95/screenshot - {}
RESULT: {}
COMMAND: POST /session/9d8ca4f443e10c92ec3d27965efc7b95/element - {"using":"xpath","value":"//button[contains(@id ,\"btnDeleteRequest\")]"}
RESULT: {"using":"xpath","value":"//button[contains(@id ,\"btnDeleteRequest\")]"}
COMMAND: POST /session/9d8ca4f443e10c92ec3d27965efc7b95/execute/sync - {"script":"<script> [8489 bytes]","args":[{"element-6066-11e4-a52e-4f735466cecf":"f.B9E415FFB169685FBD41AE9B33AE754C.d.4607637F6679C1488C4C4E33D8A88C7E.e.7685","ELEMENT":"f.B9E415FFB169685FBD41AE9B33AE754C.d.4607637F6679C1488C4C4E33D8A88C7E.e.7685"}]}
RESULT: {"script":"<script> [8489 bytes]","args":[{"element-6066-11e4-a52e-4f735466cecf":"f.B9E415FFB169685FBD41AE9B33AE754C.d.4607637F6679C1488C4C4E33D8A88C7E.e.7685","ELEMENT":"f.B9E415FFB169685FBD41AE9B33AE754C.d.4607637F6679C1488C4C4E33D8A88C7E.e.7685"}]}
COMMAND: POST /session/9d8ca4f443e10c92ec3d27965efc7b95/element - {"using":"xpath","value":"(//span[contains(text(), \"Proposal\")])[1]"}
COMMAND: GET /session/9d8ca4f443e10c92ec3d27965efc7b95/screenshot - {}
RESULT: {"using":"xpath","value":"(//span[contains(text(), \"Proposal\")])[1]"}
COMMAND: POST /session/9d8ca4f443e10c92ec3d27965efc7b95/element/f.B9E415FFB169685FBD41AE9B33AE754C.d.4607637F6679C1488C4C4E33D8A88C7E.e.7725/click - {}
RESULT: {}
RESULT: {}
COMMAND: GET /session/9d8ca4f443e10c92ec3d27965efc7b95/screenshot - {}
RESULT: {}
COMMAND: POST /session/9d8ca4f443e10c92ec3d27965efc7b95/execute/sync - {"script":"<script> [8489 bytes]","args":[{"element-6066-11e4-a52e-4f735466cecf":"f.B9E415FFB169685FBD41AE9B33AE754C.d.4607637F6679C1488C4C4E33D8A88C7E.e.7685","ELEMENT":"f.B9E415FFB169685FBD41AE9B33AE754C.d.4607637F6679C1488C4C4E33D8A88C7E.e.7685"}]}
RESULT: {"script":"<script> [8489 bytes]","args":[{"element-6066-11e4-a52e-4f735466cecf":"f.B9E415FFB169685FBD41AE9B33AE754C.d.4607637F6679C1488C4C4E33D8A88C7E.e.7685","ELEMENT":"f.B9E415FFB169685FBD41AE9B33AE754C.d.4607637F6679C1488C4C4E33D8A88C7E.e.7685"}]}
COMMAND: POST /session/9d8ca4f443e10c92ec3d27965efc7b95/element - {"using":"xpath","value":"//li[contains(@data-kt ,\"exitWebshopNavigationListItem\")]"}
COMMAND: GET /session/9d8ca4f443e10c92ec3d27965efc7b95/screenshot - {}
RESULT: {}
RESULT: {"using":"xpath","value":"//li[contains(@data-kt ,\"exitWebshopNavigationListItem\")]"}
COMMAND: POST /session/9d8ca4f443e10c92ec3d27965efc7b95/element/f.B9E415FFB169685FBD41AE9B33AE754C.d.4607637F6679C1488C4C4E33D8A88C7E.e.7799/click - {}
RESULT: {}
COMMAND: GET /session/9d8ca4f443e10c92ec3d27965efc7b95/screenshot - {}
RESULT: {}
]]></system-out>
    </testcase>
  </testsuite>
  <testsuite timestamp="2025-05-27T16:38:54" time="277.102" tests="1" failures="0" errors="0" skipped="0">
    <properties>
      <property name="specId" value="0"/>
      <property name="suiteName" value="Webshop edit draft change dates pickup and delete items  US151281"/>
      <property name="capabilities" value="chrome.136_0_7103_93.windows"/>
      <property name="file" value="file:///D:/a/1/s/test/specs/R2C/webshop-edit-draft-dates-pickup-delete-items.spec.js"/>
    </properties>
    <testcase classname="chrome.136_0_7103_93.windows.Webshop_edit_draft_change_dates_pickup_and_delete_items__US151281" name="Should create a new draft and add the catalog items" time="277.096">
      <system-out><![CDATA[
RESULT: undefined
COMMAND: POST /session/9d8ca4f443e10c92ec3d27965efc7b95/element - {"using":"xpath","value":"//*[@id=\"__tile49\"]"}
RESULT: {"using":"xpath","value":"//*[@id=\"__tile49\"]"}
COMMAND: POST /session/9d8ca4f443e10c92ec3d27965efc7b95/element/f.B9E415FFB169685FBD41AE9B33AE754C.d.4607637F6679C1488C4C4E33D8A88C7E.e.3005/click - {}
RESULT: {}
COMMAND: GET /session/9d8ca4f443e10c92ec3d27965efc7b95/screenshot - {}
COMMAND: POST /session/9d8ca4f443e10c92ec3d27965efc7b95/elements - {"using":"xpath","value":"//span[text()='Error']"}
RESULT: {}
RESULT: {"using":"xpath","value":"//span[text()='Error']"}
COMMAND: POST /session/9d8ca4f443e10c92ec3d27965efc7b95/element - {"using":"css selector","value":"#requestCreationDialog--createRequestPopUp-title-inner"}
RESULT: {"using":"css selector","value":"#requestCreationDialog--createRequestPopUp-title-inner"}
COMMAND: POST /session/9d8ca4f443e10c92ec3d27965efc7b95/execute/sync - {"script":"<script> [8489 bytes]","args":[{"element-6066-11e4-a52e-4f735466cecf":"f.B9E415FFB169685FBD41AE9B33AE754C.d.4607637F6679C1488C4C4E33D8A88C7E.e.7853","ELEMENT":"f.B9E415FFB169685FBD41AE9B33AE754C.d.4607637F6679C1488C4C4E33D8A88C7E.e.7853"}]}
RESULT: {"script":"<script> [8489 bytes]","args":[{"element-6066-11e4-a52e-4f735466cecf":"f.B9E415FFB169685FBD41AE9B33AE754C.d.4607637F6679C1488C4C4E33D8A88C7E.e.7853","ELEMENT":"f.B9E415FFB169685FBD41AE9B33AE754C.d.4607637F6679C1488C4C4E33D8A88C7E.e.7853"}]}
COMMAND: GET /session/9d8ca4f443e10c92ec3d27965efc7b95/element/f.B9E415FFB169685FBD41AE9B33AE754C.d.4607637F6679C1488C4C4E33D8A88C7E.e.7853/enabled - {}
COMMAND: GET /session/9d8ca4f443e10c92ec3d27965efc7b95/screenshot - {}
RESULT: {}
RESULT: undefined
COMMAND: POST /session/9d8ca4f443e10c92ec3d27965efc7b95/execute/async - {"script":"<script> [776 bytes]","args":[{"enterText":"WebdriverTest","selector":{"id":"requestCreationDialog--requestName","searchOpenDialogs":true,"interaction":{"idSuffix":"inner"}},"clearTextFirst":true,"interactionType":"ENTER_TEXT"}]}
COMMAND: GET /session/9d8ca4f443e10c92ec3d27965efc7b95/screenshot - {}
RESULT: {}
RESULT: {"script":"<script> [776 bytes]","args":[{"enterText":"WebdriverTest","selector":{"id":"requestCreationDialog--requestName","searchOpenDialogs":true,"interaction":{"idSuffix":"inner"}},"clearTextFirst":true,"interactionType":"ENTER_TEXT"}]}
COMMAND: POST /session/9d8ca4f443e10c92ec3d27965efc7b95/element - {"using":"xpath","value":"//input[contains(@id ,\"requestCreationDialog--contract-inner\")]"}
RESULT: {}
RESULT: {"using":"xpath","value":"//input[contains(@id ,\"requestCreationDialog--contract-inner\")]"}
COMMAND: POST /session/9d8ca4f443e10c92ec3d27965efc7b95/element/f.B9E415FFB169685FBD41AE9B33AE754C.d.4607637F6679C1488C4C4E33D8A88C7E.e.7838/clear - {}
RESULT: {}
COMMAND: POST /session/9d8ca4f443e10c92ec3d27965efc7b95/element/f.B9E415FFB169685FBD41AE9B33AE754C.d.4607637F6679C1488C4C4E33D8A88C7E.e.7838/value - {"text":"10308"}
COMMAND: GET /session/9d8ca4f443e10c92ec3d27965efc7b95/screenshot - {}
RESULT: {"text":"10308"}
COMMAND: GET /session/9d8ca4f443e10c92ec3d27965efc7b95/screenshot - {}
RESULT: {}
RESULT: {}
COMMAND: POST /session/9d8ca4f443e10c92ec3d27965efc7b95/actions - {"actions":[{"id":"action16","type":"key","parameters":{},"actions":[{"type":"keyDown","value":""},{"type":"pause","duration":10},{"type":"keyUp","value":""}]}]}
RESULT: {"actions":[{"id":"action16","type":"key","parameters":{},"actions":[{"type":"keyDown","value":""},{"type":"pause","duration":10},{"type":"keyUp","value":""}]}]}
COMMAND: GET /session/9d8ca4f443e10c92ec3d27965efc7b95/screenshot - {}
RESULT: {}
COMMAND: POST /session/9d8ca4f443e10c92ec3d27965efc7b95/element - {"using":"xpath","value":"//input[contains(@id ,\"requestCreationDialog--contract-inner\")]"}
RESULT: {"using":"xpath","value":"//input[contains(@id ,\"requestCreationDialog--contract-inner\")]"}
COMMAND: GET /session/9d8ca4f443e10c92ec3d27965efc7b95/element/f.B9E415FFB169685FBD41AE9B33AE754C.d.4607637F6679C1488C4C4E33D8A88C7E.e.7838/property/value - {}
RESULT: {}
COMMAND: POST /session/9d8ca4f443e10c92ec3d27965efc7b95/element - {"using":"xpath","value":"//input[contains(@id ,\"requestCreationDialog--contract-inner\")]"}
COMMAND: GET /session/9d8ca4f443e10c92ec3d27965efc7b95/screenshot - {}
RESULT: {"using":"xpath","value":"//input[contains(@id ,\"requestCreationDialog--contract-inner\")]"}
RESULT: undefined
COMMAND: POST /session/9d8ca4f443e10c92ec3d27965efc7b95/element - {"using":"xpath","value":"//*[@id=\"requestCreationDialog--okButton\"]"}
RESULT: {}
RESULT: {"using":"xpath","value":"//*[@id=\"requestCreationDialog--okButton\"]"}
COMMAND: POST /session/9d8ca4f443e10c92ec3d27965efc7b95/element/f.B9E415FFB169685FBD41AE9B33AE754C.d.4607637F6679C1488C4C4E33D8A88C7E.e.7860/click - {}
RESULT: {}
COMMAND: GET /session/9d8ca4f443e10c92ec3d27965efc7b95/screenshot - {}
RESULT: {}
COMMAND: POST /session/9d8ca4f443e10c92ec3d27965efc7b95/element - {"using":"xpath","value":"//input[contains(@id ,\"searchFiledId-I\")]"}
RESULT: {"using":"xpath","value":"//input[contains(@id ,\"searchFiledId-I\")]"}
COMMAND: POST /session/9d8ca4f443e10c92ec3d27965efc7b95/element/f.B9E415FFB169685FBD41AE9B33AE754C.d.4607637F6679C1488C4C4E33D8A88C7E.e.7803/value - {"text":"Dri-Prime CD150M Diesel Pump"}
RESULT: {"text":"Dri-Prime CD150M Diesel Pump"}
COMMAND: POST /session/9d8ca4f443e10c92ec3d27965efc7b95/actions - {"actions":[{"id":"action17","type":"key","parameters":{},"actions":[{"type":"keyDown","value":""},{"type":"pause","duration":10},{"type":"keyUp","value":""}]}]}
COMMAND: GET /session/9d8ca4f443e10c92ec3d27965efc7b95/screenshot - {}
RESULT: {"actions":[{"id":"action17","type":"key","parameters":{},"actions":[{"type":"keyDown","value":""},{"type":"pause","duration":10},{"type":"keyUp","value":""}]}]}
COMMAND: GET /session/9d8ca4f443e10c92ec3d27965efc7b95/screenshot - {}
RESULT: {}
RESULT: {}
COMMAND: POST /session/9d8ca4f443e10c92ec3d27965efc7b95/element - {"using":"xpath","value":"//span[contains(@id ,\"subTitle\")][contains(text(), \"Dri-Prime CD150M Diesel Pump\")]"}
RESULT: {"using":"xpath","value":"//span[contains(@id ,\"subTitle\")][contains(text(), \"Dri-Prime CD150M Diesel Pump\")]"}
COMMAND: POST /session/9d8ca4f443e10c92ec3d27965efc7b95/element/f.B9E415FFB169685FBD41AE9B33AE754C.d.4607637F6679C1488C4C4E33D8A88C7E.e.7867/click - {}
RESULT: {}
COMMAND: GET /session/9d8ca4f443e10c92ec3d27965efc7b95/screenshot - {}
RESULT: {}
COMMAND: POST /session/9d8ca4f443e10c92ec3d27965efc7b95/element - {"using":"xpath","value":"//bdi[contains(text(), \"Add to Request\")]"}
RESULT: {"using":"xpath","value":"//bdi[contains(text(), \"Add to Request\")]"}
COMMAND: POST /session/9d8ca4f443e10c92ec3d27965efc7b95/element/f.B9E415FFB169685FBD41AE9B33AE754C.d.4607637F6679C1488C4C4E33D8A88C7E.e.7879/click - {}
RESULT: {}
COMMAND: GET /session/9d8ca4f443e10c92ec3d27965efc7b95/screenshot - {}
RESULT: {}
COMMAND: POST /session/9d8ca4f443e10c92ec3d27965efc7b95/element/f.B9E415FFB169685FBD41AE9B33AE754C.d.4607637F6679C1488C4C4E33D8A88C7E.e.7879/click - {}
RESULT: {}
COMMAND: GET /session/9d8ca4f443e10c92ec3d27965efc7b95/screenshot - {}
RESULT: {}
COMMAND: POST /session/9d8ca4f443e10c92ec3d27965efc7b95/element - {"using":"xpath","value":"//*[contains(@id ,\"activeCartId-BDI-content\")]"}
RESULT: {"using":"xpath","value":"//*[contains(@id ,\"activeCartId-BDI-content\")]"}
COMMAND: POST /session/9d8ca4f443e10c92ec3d27965efc7b95/element/f.B9E415FFB169685FBD41AE9B33AE754C.d.4607637F6679C1488C4C4E33D8A88C7E.e.7889/click - {}
RESULT: {}
COMMAND: GET /session/9d8ca4f443e10c92ec3d27965efc7b95/screenshot - {}
RESULT: {}
COMMAND: POST /session/9d8ca4f443e10c92ec3d27965efc7b95/element - {"using":"xpath","value":"//bdi[contains(text(), \"Check out my request\")]"}
RESULT: {"using":"xpath","value":"//bdi[contains(text(), \"Check out my request\")]"}
COMMAND: POST /session/9d8ca4f443e10c92ec3d27965efc7b95/element/f.B9E415FFB169685FBD41AE9B33AE754C.d.4607637F6679C1488C4C4E33D8A88C7E.e.7891/click - {}
RESULT: {}
COMMAND: GET /session/9d8ca4f443e10c92ec3d27965efc7b95/screenshot - {}
RESULT: {}
COMMAND: POST /session/9d8ca4f443e10c92ec3d27965efc7b95/element - {"using":"xpath","value":"//div[contains(@data-kt ,\"characteristicsObjectStatus\")]"}
RESULT: {"using":"xpath","value":"//div[contains(@data-kt ,\"characteristicsObjectStatus\")]"}
COMMAND: POST /session/9d8ca4f443e10c92ec3d27965efc7b95/element/f.B9E415FFB169685FBD41AE9B33AE754C.d.4607637F6679C1488C4C4E33D8A88C7E.e.7967/click - {}
RESULT: {}
COMMAND: GET /session/9d8ca4f443e10c92ec3d27965efc7b95/screenshot - {}
RESULT: {}
COMMAND: POST /session/9d8ca4f443e10c92ec3d27965efc7b95/element - {"using":"xpath","value":"//input[contains(@id ,\"costObjectAdminTypeComboBox-inner\")]"}
RESULT: {"using":"xpath","value":"//input[contains(@id ,\"costObjectAdminTypeComboBox-inner\")]"}
COMMAND: POST /session/9d8ca4f443e10c92ec3d27965efc7b95/element/f.B9E415FFB169685FBD41AE9B33AE754C.d.4607637F6679C1488C4C4E33D8A88C7E.e.7969/clear - {}
RESULT: {}
COMMAND: POST /session/9d8ca4f443e10c92ec3d27965efc7b95/element/f.B9E415FFB169685FBD41AE9B33AE754C.d.4607637F6679C1488C4C4E33D8A88C7E.e.7969/value - {"text":"Cost Center"}
COMMAND: GET /session/9d8ca4f443e10c92ec3d27965efc7b95/screenshot - {}
RESULT: {"text":"Cost Center"}
COMMAND: GET /session/9d8ca4f443e10c92ec3d27965efc7b95/screenshot - {}
RESULT: {}
RESULT: {}
COMMAND: POST /session/9d8ca4f443e10c92ec3d27965efc7b95/actions - {"actions":[{"id":"action18","type":"key","parameters":{},"actions":[{"type":"keyDown","value":""},{"type":"pause","duration":10},{"type":"keyUp","value":""}]}]}
RESULT: {"actions":[{"id":"action18","type":"key","parameters":{},"actions":[{"type":"keyDown","value":""},{"type":"pause","duration":10},{"type":"keyUp","value":""}]}]}
COMMAND: GET /session/9d8ca4f443e10c92ec3d27965efc7b95/screenshot - {}
RESULT: {}
COMMAND: POST /session/9d8ca4f443e10c92ec3d27965efc7b95/element - {"using":"xpath","value":"//input[contains(@id ,\"costObjectIdComboBox-inner\")]"}
RESULT: {"using":"xpath","value":"//input[contains(@id ,\"costObjectIdComboBox-inner\")]"}
COMMAND: POST /session/9d8ca4f443e10c92ec3d27965efc7b95/element/f.B9E415FFB169685FBD41AE9B33AE754C.d.4607637F6679C1488C4C4E33D8A88C7E.e.7979/clear - {}
RESULT: {}
COMMAND: POST /session/9d8ca4f443e10c92ec3d27965efc7b95/element/f.B9E415FFB169685FBD41AE9B33AE754C.d.4607637F6679C1488C4C4E33D8A88C7E.e.7979/value - {"text":"Vigra"}
COMMAND: GET /session/9d8ca4f443e10c92ec3d27965efc7b95/screenshot - {}
RESULT: {"text":"Vigra"}
COMMAND: GET /session/9d8ca4f443e10c92ec3d27965efc7b95/screenshot - {}
RESULT: {}
RESULT: {}
COMMAND: POST /session/9d8ca4f443e10c92ec3d27965efc7b95/actions - {"actions":[{"id":"action19","type":"key","parameters":{},"actions":[{"type":"keyDown","value":""},{"type":"pause","duration":10},{"type":"keyUp","value":""}]}]}
RESULT: {"actions":[{"id":"action19","type":"key","parameters":{},"actions":[{"type":"keyDown","value":""},{"type":"pause","duration":10},{"type":"keyUp","value":""}]}]}
COMMAND: GET /session/9d8ca4f443e10c92ec3d27965efc7b95/screenshot - {}
RESULT: {}
COMMAND: POST /session/9d8ca4f443e10c92ec3d27965efc7b95/element - {"using":"xpath","value":"//bdi[contains(text(), \"Save\")]"}
RESULT: {"using":"xpath","value":"//bdi[contains(text(), \"Save\")]"}
COMMAND: POST /session/9d8ca4f443e10c92ec3d27965efc7b95/element/f.B9E415FFB169685FBD41AE9B33AE754C.d.4607637F6679C1488C4C4E33D8A88C7E.e.7984/click - {}
RESULT: {}
COMMAND: GET /session/9d8ca4f443e10c92ec3d27965efc7b95/screenshot - {}
RESULT: {}
COMMAND: POST /session/9d8ca4f443e10c92ec3d27965efc7b95/element - {"using":"xpath","value":"(//div[contains(@data-kt ,\"characteristicsObjectStatus\")])[2]"}
RESULT: {"using":"xpath","value":"(//div[contains(@data-kt ,\"characteristicsObjectStatus\")])[2]"}
COMMAND: POST /session/9d8ca4f443e10c92ec3d27965efc7b95/element/f.B9E415FFB169685FBD41AE9B33AE754C.d.4607637F6679C1488C4C4E33D8A88C7E.e.7988/click - {}
RESULT: {}
COMMAND: GET /session/9d8ca4f443e10c92ec3d27965efc7b95/screenshot - {}
RESULT: {}
COMMAND: POST /session/9d8ca4f443e10c92ec3d27965efc7b95/element - {"using":"xpath","value":"//input[contains(@id ,\"costObjectAdminTypeComboBox-inner\")]"}
RESULT: {"using":"xpath","value":"//input[contains(@id ,\"costObjectAdminTypeComboBox-inner\")]"}
COMMAND: POST /session/9d8ca4f443e10c92ec3d27965efc7b95/element/f.B9E415FFB169685FBD41AE9B33AE754C.d.4607637F6679C1488C4C4E33D8A88C7E.e.8005/clear - {}
RESULT: {}
COMMAND: POST /session/9d8ca4f443e10c92ec3d27965efc7b95/element/f.B9E415FFB169685FBD41AE9B33AE754C.d.4607637F6679C1488C4C4E33D8A88C7E.e.8005/value - {"text":"Cost Center"}
COMMAND: GET /session/9d8ca4f443e10c92ec3d27965efc7b95/screenshot - {}
RESULT: {"text":"Cost Center"}
COMMAND: GET /session/9d8ca4f443e10c92ec3d27965efc7b95/screenshot - {}
RESULT: {}
RESULT: {}
COMMAND: POST /session/9d8ca4f443e10c92ec3d27965efc7b95/actions - {"actions":[{"id":"action20","type":"key","parameters":{},"actions":[{"type":"keyDown","value":""},{"type":"pause","duration":10},{"type":"keyUp","value":""}]}]}
RESULT: {"actions":[{"id":"action20","type":"key","parameters":{},"actions":[{"type":"keyDown","value":""},{"type":"pause","duration":10},{"type":"keyUp","value":""}]}]}
COMMAND: GET /session/9d8ca4f443e10c92ec3d27965efc7b95/screenshot - {}
RESULT: {}
COMMAND: POST /session/9d8ca4f443e10c92ec3d27965efc7b95/element - {"using":"xpath","value":"//input[contains(@id ,\"costObjectIdComboBox-inner\")]"}
RESULT: {"using":"xpath","value":"//input[contains(@id ,\"costObjectIdComboBox-inner\")]"}
COMMAND: POST /session/9d8ca4f443e10c92ec3d27965efc7b95/element/f.B9E415FFB169685FBD41AE9B33AE754C.d.4607637F6679C1488C4C4E33D8A88C7E.e.8015/clear - {}
RESULT: {}
COMMAND: POST /session/9d8ca4f443e10c92ec3d27965efc7b95/element/f.B9E415FFB169685FBD41AE9B33AE754C.d.4607637F6679C1488C4C4E33D8A88C7E.e.8015/value - {"text":"Vigra"}
COMMAND: GET /session/9d8ca4f443e10c92ec3d27965efc7b95/screenshot - {}
RESULT: {"text":"Vigra"}
COMMAND: GET /session/9d8ca4f443e10c92ec3d27965efc7b95/screenshot - {}
RESULT: {}
RESULT: {}
COMMAND: POST /session/9d8ca4f443e10c92ec3d27965efc7b95/actions - {"actions":[{"id":"action21","type":"key","parameters":{},"actions":[{"type":"keyDown","value":""},{"type":"pause","duration":10},{"type":"keyUp","value":""}]}]}
RESULT: {"actions":[{"id":"action21","type":"key","parameters":{},"actions":[{"type":"keyDown","value":""},{"type":"pause","duration":10},{"type":"keyUp","value":""}]}]}
COMMAND: GET /session/9d8ca4f443e10c92ec3d27965efc7b95/screenshot - {}
RESULT: {}
COMMAND: POST /session/9d8ca4f443e10c92ec3d27965efc7b95/element - {"using":"xpath","value":"//bdi[contains(text(), \"Save\")]"}
RESULT: {"using":"xpath","value":"//bdi[contains(text(), \"Save\")]"}
COMMAND: POST /session/9d8ca4f443e10c92ec3d27965efc7b95/element/f.B9E415FFB169685FBD41AE9B33AE754C.d.4607637F6679C1488C4C4E33D8A88C7E.e.8020/click - {}
RESULT: {}
COMMAND: GET /session/9d8ca4f443e10c92ec3d27965efc7b95/screenshot - {}
RESULT: {}
COMMAND: POST /session/9d8ca4f443e10c92ec3d27965efc7b95/element - {"using":"xpath","value":"(//header/div[1]/div[3]/div/span)[1]"}
RESULT: {"using":"xpath","value":"(//header/div[1]/div[3]/div/span)[1]"}
COMMAND: POST /session/9d8ca4f443e10c92ec3d27965efc7b95/execute/sync - {"script":"<script> [149 bytes]","args":[{"element-6066-11e4-a52e-4f735466cecf":"f.B9E415FFB169685FBD41AE9B33AE754C.d.4607637F6679C1488C4C4E33D8A88C7E.e.8040","ELEMENT":"f.B9E415FFB169685FBD41AE9B33AE754C.d.4607637F6679C1488C4C4E33D8A88C7E.e.8040"},false]}
RESULT: {"script":"<script> [149 bytes]","args":[{"element-6066-11e4-a52e-4f735466cecf":"f.B9E415FFB169685FBD41AE9B33AE754C.d.4607637F6679C1488C4C4E33D8A88C7E.e.8040","ELEMENT":"f.B9E415FFB169685FBD41AE9B33AE754C.d.4607637F6679C1488C4C4E33D8A88C7E.e.8040"},false]}
COMMAND: POST /session/9d8ca4f443e10c92ec3d27965efc7b95/execute/async - {"script":"<script> [1562 bytes]","args":[{"selector":{"id":"pickUpSwitchHeader","viewName":"etm.portal.ui.webshop.view.RequestDetail","interaction":{"idSuffix":"textoff"}},"wdio_ui5_key":"pickUpSwitchHeaderetmportal.ui.webshop.view.RequestDetail"}]}
COMMAND: GET /session/9d8ca4f443e10c92ec3d27965efc7b95/screenshot - {}
RESULT: {"script":"<script> [1562 bytes]","args":[{"selector":{"id":"pickUpSwitchHeader","viewName":"etm.portal.ui.webshop.view.RequestDetail","interaction":{"idSuffix":"textoff"}},"wdio_ui5_key":"pickUpSwitchHeaderetmportal.ui.webshop.view.RequestDetail"}]}
RESULT: undefined
COMMAND: POST /session/9d8ca4f443e10c92ec3d27965efc7b95/element - {"using":"xpath","value":"//*[@id=\"__xmlview76--pickUpSwitchHeader\"]"}
RESULT: {}
RESULT: {"using":"xpath","value":"//*[@id=\"__xmlview76--pickUpSwitchHeader\"]"}
COMMAND: POST /session/9d8ca4f443e10c92ec3d27965efc7b95/element/f.B9E415FFB169685FBD41AE9B33AE754C.d.4607637F6679C1488C4C4E33D8A88C7E.e.8042/click - {}
RESULT: {}
COMMAND: GET /session/9d8ca4f443e10c92ec3d27965efc7b95/screenshot - {}
RESULT: {}
COMMAND: POST /session/9d8ca4f443e10c92ec3d27965efc7b95/execute/async - {"script":"<script> [1562 bytes]","args":[{"selector":{"controlType":"sap.m.Button","viewName":"etm.portal.ui.webshop.view.RequestDetail","bindingPath":{"path":"/RequestItems(REQUEST='20140',ITEM=10m)","propertyPath":"STATUS"}},"wdio_ui5_key":"etmportal.ui.webshop.view.RequestDetailsap.m.Button{\"path\":\"/RequestItems(REQUEST='20140',ITEM=10m)\",\"propertyPath\":\"STATUS\"}"}]}
RESULT: {"script":"<script> [1562 bytes]","args":[{"selector":{"controlType":"sap.m.Button","viewName":"etm.portal.ui.webshop.view.RequestDetail","bindingPath":{"path":"/RequestItems(REQUEST='20140',ITEM=10m)","propertyPath":"STATUS"}},"wdio_ui5_key":"etmportal.ui.webshop.view.RequestDetailsap.m.Button{\"path\":\"/RequestItems(REQUEST='20140',ITEM=10m)\",\"propertyPath\":\"STATUS\"}"}]}
RESULT: undefined
COMMAND: POST /session/9d8ca4f443e10c92ec3d27965efc7b95/execute/async - {"script":"<script> [6424 bytes]","args":[{"element-6066-11e4-a52e-4f735466cecf":"f.B9E415FFB169685FBD41AE9B33AE754C.d.4607637F6679C1488C4C4E33D8A88C7E.e.8046"},"getType",[]]}
RESULT: {"script":"<script> [6424 bytes]","args":[{"element-6066-11e4-a52e-4f735466cecf":"f.B9E415FFB169685FBD41AE9B33AE754C.d.4607637F6679C1488C4C4E33D8A88C7E.e.8046"},"getType",[]]}
COMMAND: POST /session/9d8ca4f443e10c92ec3d27965efc7b95/execute/async - {"script":"<script> [1562 bytes]","args":[{"selector":{"controlType":"sap.m.Button","viewName":"etm.portal.ui.webshop.view.RequestDetail","bindingPath":{"path":"/RequestItems(REQUEST='20140',ITEM=20m)","propertyPath":"STATUS"}},"wdio_ui5_key":"etmportal.ui.webshop.view.RequestDetailsap.m.Button{\"path\":\"/RequestItems(REQUEST='20140',ITEM=20m)\",\"propertyPath\":\"STATUS\"}"}]}
RESULT: {"script":"<script> [1562 bytes]","args":[{"selector":{"controlType":"sap.m.Button","viewName":"etm.portal.ui.webshop.view.RequestDetail","bindingPath":{"path":"/RequestItems(REQUEST='20140',ITEM=20m)","propertyPath":"STATUS"}},"wdio_ui5_key":"etmportal.ui.webshop.view.RequestDetailsap.m.Button{\"path\":\"/RequestItems(REQUEST='20140',ITEM=20m)\",\"propertyPath\":\"STATUS\"}"}]}
RESULT: undefined
COMMAND: POST /session/9d8ca4f443e10c92ec3d27965efc7b95/execute/async - {"script":"<script> [6424 bytes]","args":[{"element-6066-11e4-a52e-4f735466cecf":"f.B9E415FFB169685FBD41AE9B33AE754C.d.4607637F6679C1488C4C4E33D8A88C7E.e.8047"},"getType",[]]}
RESULT: {"script":"<script> [6424 bytes]","args":[{"element-6066-11e4-a52e-4f735466cecf":"f.B9E415FFB169685FBD41AE9B33AE754C.d.4607637F6679C1488C4C4E33D8A88C7E.e.8047"},"getType",[]]}
RESULT: undefined
COMMAND: POST /session/9d8ca4f443e10c92ec3d27965efc7b95/element - {"using":"xpath","value":"//*[@id=\"__xmlview76--pickUpItemButton-__clone22435\"]"}
RESULT: {"using":"xpath","value":"//*[@id=\"__xmlview76--pickUpItemButton-__clone22435\"]"}
COMMAND: POST /session/9d8ca4f443e10c92ec3d27965efc7b95/element/f.B9E415FFB169685FBD41AE9B33AE754C.d.4607637F6679C1488C4C4E33D8A88C7E.e.8046/click - {}
RESULT: {}
COMMAND: GET /session/9d8ca4f443e10c92ec3d27965efc7b95/screenshot - {}
RESULT: {}
COMMAND: POST /session/9d8ca4f443e10c92ec3d27965efc7b95/element - {"using":"xpath","value":"//span[contains(@class ,\"sapMBtnInner sapMBtnHoverable sapMFocusable sapMBtnText sapMBtnDefault\")][contains(@id ,\"pickUpItemButton\")]"}
RESULT: {"using":"xpath","value":"//span[contains(@class ,\"sapMBtnInner sapMBtnHoverable sapMFocusable sapMBtnText sapMBtnDefault\")][contains(@id ,\"pickUpItemButton\")]"}
COMMAND: POST /session/9d8ca4f443e10c92ec3d27965efc7b95/execute/sync - {"script":"<script> [8489 bytes]","args":[{"element-6066-11e4-a52e-4f735466cecf":"f.B9E415FFB169685FBD41AE9B33AE754C.d.4607637F6679C1488C4C4E33D8A88C7E.e.8048","ELEMENT":"f.B9E415FFB169685FBD41AE9B33AE754C.d.4607637F6679C1488C4C4E33D8A88C7E.e.8048"}]}
RESULT: undefined
COMMAND: POST /session/9d8ca4f443e10c92ec3d27965efc7b95/execute/async - {"script":"<script> [6424 bytes]","args":[{"element-6066-11e4-a52e-4f735466cecf":"f.B9E415FFB169685FBD41AE9B33AE754C.d.4607637F6679C1488C4C4E33D8A88C7E.e.8041"},"getState",[]]}
RESULT: {"script":"<script> [8489 bytes]","args":[{"element-6066-11e4-a52e-4f735466cecf":"f.B9E415FFB169685FBD41AE9B33AE754C.d.4607637F6679C1488C4C4E33D8A88C7E.e.8048","ELEMENT":"f.B9E415FFB169685FBD41AE9B33AE754C.d.4607637F6679C1488C4C4E33D8A88C7E.e.8048"}]}
COMMAND: GET /session/9d8ca4f443e10c92ec3d27965efc7b95/screenshot - {}
RESULT: {"script":"<script> [6424 bytes]","args":[{"element-6066-11e4-a52e-4f735466cecf":"f.B9E415FFB169685FBD41AE9B33AE754C.d.4607637F6679C1488C4C4E33D8A88C7E.e.8041"},"getState",[]]}
COMMAND: POST /session/9d8ca4f443e10c92ec3d27965efc7b95/execute/async - {"script":"<script> [1562 bytes]","args":[{"selector":{"id":"editRequest","viewName":"etm.portal.ui.webshop.view.RequestDetail","interaction":{"idSuffix":"BDI-content"}},"wdio_ui5_key":"editRequestetmportal.ui.webshop.view.RequestDetail"}]}
COMMAND: POST /session/9d8ca4f443e10c92ec3d27965efc7b95/execute/sync - {"script":"<script> [8489 bytes]","args":[{"element-6066-11e4-a52e-4f735466cecf":"f.B9E415FFB169685FBD41AE9B33AE754C.d.4607637F6679C1488C4C4E33D8A88C7E.e.8048","ELEMENT":"f.B9E415FFB169685FBD41AE9B33AE754C.d.4607637F6679C1488C4C4E33D8A88C7E.e.8048"}]}
RESULT: {}
RESULT: {"script":"<script> [1562 bytes]","args":[{"selector":{"id":"editRequest","viewName":"etm.portal.ui.webshop.view.RequestDetail","interaction":{"idSuffix":"BDI-content"}},"wdio_ui5_key":"editRequestetmportal.ui.webshop.view.RequestDetail"}]}
RESULT: undefined
COMMAND: POST /session/9d8ca4f443e10c92ec3d27965efc7b95/element - {"using":"xpath","value":"//*[@id=\"__xmlview76--editRequest\"]"}
RESULT: {"script":"<script> [8489 bytes]","args":[{"element-6066-11e4-a52e-4f735466cecf":"f.B9E415FFB169685FBD41AE9B33AE754C.d.4607637F6679C1488C4C4E33D8A88C7E.e.8048","ELEMENT":"f.B9E415FFB169685FBD41AE9B33AE754C.d.4607637F6679C1488C4C4E33D8A88C7E.e.8048"}]}
COMMAND: GET /session/9d8ca4f443e10c92ec3d27965efc7b95/screenshot - {}
RESULT: {"using":"xpath","value":"//*[@id=\"__xmlview76--editRequest\"]"}
COMMAND: POST /session/9d8ca4f443e10c92ec3d27965efc7b95/element/f.B9E415FFB169685FBD41AE9B33AE754C.d.4607637F6679C1488C4C4E33D8A88C7E.e.8050/click - {}
RESULT: {}
RESULT: {}
COMMAND: POST /session/9d8ca4f443e10c92ec3d27965efc7b95/execute/sync - {"script":"<script> [8489 bytes]","args":[{"element-6066-11e4-a52e-4f735466cecf":"f.B9E415FFB169685FBD41AE9B33AE754C.d.4607637F6679C1488C4C4E33D8A88C7E.e.8048","ELEMENT":"f.B9E415FFB169685FBD41AE9B33AE754C.d.4607637F6679C1488C4C4E33D8A88C7E.e.8048"}]}
COMMAND: GET /session/9d8ca4f443e10c92ec3d27965efc7b95/screenshot - {}
RESULT: {"script":"<script> [8489 bytes]","args":[{"element-6066-11e4-a52e-4f735466cecf":"f.B9E415FFB169685FBD41AE9B33AE754C.d.4607637F6679C1488C4C4E33D8A88C7E.e.8048","ELEMENT":"f.B9E415FFB169685FBD41AE9B33AE754C.d.4607637F6679C1488C4C4E33D8A88C7E.e.8048"}]}
COMMAND: GET /session/9d8ca4f443e10c92ec3d27965efc7b95/screenshot - {}
RESULT: {}
RESULT: {}
COMMAND: POST /session/9d8ca4f443e10c92ec3d27965efc7b95/execute/sync - {"script":"<script> [8489 bytes]","args":[{"element-6066-11e4-a52e-4f735466cecf":"f.B9E415FFB169685FBD41AE9B33AE754C.d.4607637F6679C1488C4C4E33D8A88C7E.e.8048","ELEMENT":"f.B9E415FFB169685FBD41AE9B33AE754C.d.4607637F6679C1488C4C4E33D8A88C7E.e.8048"}]}
RESULT: {"script":"<script> [8489 bytes]","args":[{"element-6066-11e4-a52e-4f735466cecf":"f.B9E415FFB169685FBD41AE9B33AE754C.d.4607637F6679C1488C4C4E33D8A88C7E.e.8048","ELEMENT":"f.B9E415FFB169685FBD41AE9B33AE754C.d.4607637F6679C1488C4C4E33D8A88C7E.e.8048"}]}
COMMAND: GET /session/9d8ca4f443e10c92ec3d27965efc7b95/screenshot - {}
RESULT: {}
COMMAND: POST /session/9d8ca4f443e10c92ec3d27965efc7b95/execute/sync - {"script":"<script> [8489 bytes]","args":[{"element-6066-11e4-a52e-4f735466cecf":"f.B9E415FFB169685FBD41AE9B33AE754C.d.4607637F6679C1488C4C4E33D8A88C7E.e.8048","ELEMENT":"f.B9E415FFB169685FBD41AE9B33AE754C.d.4607637F6679C1488C4C4E33D8A88C7E.e.8048"}]}
RESULT: {"script":"<script> [8489 bytes]","args":[{"element-6066-11e4-a52e-4f735466cecf":"f.B9E415FFB169685FBD41AE9B33AE754C.d.4607637F6679C1488C4C4E33D8A88C7E.e.8048","ELEMENT":"f.B9E415FFB169685FBD41AE9B33AE754C.d.4607637F6679C1488C4C4E33D8A88C7E.e.8048"}]}
COMMAND: GET /session/9d8ca4f443e10c92ec3d27965efc7b95/screenshot - {}
RESULT: {}
COMMAND: POST /session/9d8ca4f443e10c92ec3d27965efc7b95/execute/sync - {"script":"<script> [8489 bytes]","args":[{"element-6066-11e4-a52e-4f735466cecf":"f.B9E415FFB169685FBD41AE9B33AE754C.d.4607637F6679C1488C4C4E33D8A88C7E.e.8048","ELEMENT":"f.B9E415FFB169685FBD41AE9B33AE754C.d.4607637F6679C1488C4C4E33D8A88C7E.e.8048"}]}
RESULT: {"script":"<script> [8489 bytes]","args":[{"element-6066-11e4-a52e-4f735466cecf":"f.B9E415FFB169685FBD41AE9B33AE754C.d.4607637F6679C1488C4C4E33D8A88C7E.e.8048","ELEMENT":"f.B9E415FFB169685FBD41AE9B33AE754C.d.4607637F6679C1488C4C4E33D8A88C7E.e.8048"}]}
COMMAND: GET /session/9d8ca4f443e10c92ec3d27965efc7b95/screenshot - {}
RESULT: {}
COMMAND: POST /session/9d8ca4f443e10c92ec3d27965efc7b95/element - {"using":"xpath","value":"//input[contains(@id ,\"startDate\")]"}
RESULT: {"using":"xpath","value":"//input[contains(@id ,\"startDate\")]"}
COMMAND: POST /session/9d8ca4f443e10c92ec3d27965efc7b95/element/f.B9E415FFB169685FBD41AE9B33AE754C.d.4607637F6679C1488C4C4E33D8A88C7E.e.8065/click - {}
RESULT: {}
COMMAND: POST /session/9d8ca4f443e10c92ec3d27965efc7b95/actions - {"actions":[{"id":"action22","type":"key","parameters":{},"actions":[{"type":"keyDown","value":""},{"type":"keyDown","value":"a"},{"type":"pause","duration":10},{"type":"keyUp","value":""},{"type":"keyUp","value":"a"}]}]}
COMMAND: GET /session/9d8ca4f443e10c92ec3d27965efc7b95/screenshot - {}
RESULT: {"actions":[{"id":"action22","type":"key","parameters":{},"actions":[{"type":"keyDown","value":""},{"type":"keyDown","value":"a"},{"type":"pause","duration":10},{"type":"keyUp","value":""},{"type":"keyUp","value":"a"}]}]}
COMMAND: POST /session/9d8ca4f443e10c92ec3d27965efc7b95/actions - {"actions":[{"id":"action23","type":"key","parameters":{},"actions":[{"type":"keyDown","value":""},{"type":"pause","duration":10},{"type":"keyUp","value":""}]}]}
COMMAND: GET /session/9d8ca4f443e10c92ec3d27965efc7b95/screenshot - {}
RESULT: {}
RESULT: {"actions":[{"id":"action23","type":"key","parameters":{},"actions":[{"type":"keyDown","value":""},{"type":"pause","duration":10},{"type":"keyUp","value":""}]}]}
COMMAND: GET /session/9d8ca4f443e10c92ec3d27965efc7b95/screenshot - {}
RESULT: {}
RESULT: {}
COMMAND: POST /session/9d8ca4f443e10c92ec3d27965efc7b95/element/f.B9E415FFB169685FBD41AE9B33AE754C.d.4607637F6679C1488C4C4E33D8A88C7E.e.8065/clear - {}
RESULT: {}
COMMAND: POST /session/9d8ca4f443e10c92ec3d27965efc7b95/element/f.B9E415FFB169685FBD41AE9B33AE754C.d.4607637F6679C1488C4C4E33D8A88C7E.e.8065/value - {"text":"6/3/25"}
COMMAND: GET /session/9d8ca4f443e10c92ec3d27965efc7b95/screenshot - {}
RESULT: {"text":"6/3/25"}
COMMAND: POST /session/9d8ca4f443e10c92ec3d27965efc7b95/actions - {"actions":[{"id":"action24","type":"key","parameters":{},"actions":[{"type":"keyDown","value":""},{"type":"pause","duration":10},{"type":"keyUp","value":""}]}]}
COMMAND: GET /session/9d8ca4f443e10c92ec3d27965efc7b95/screenshot - {}
RESULT: {}
RESULT: {"actions":[{"id":"action24","type":"key","parameters":{},"actions":[{"type":"keyDown","value":""},{"type":"pause","duration":10},{"type":"keyUp","value":""}]}]}
COMMAND: GET /session/9d8ca4f443e10c92ec3d27965efc7b95/screenshot - {}
RESULT: {}
RESULT: {}
COMMAND: POST /session/9d8ca4f443e10c92ec3d27965efc7b95/element - {"using":"xpath","value":"//input[contains(@id ,\"endDate\")]"}
RESULT: {"using":"xpath","value":"//input[contains(@id ,\"endDate\")]"}
COMMAND: GET /session/9d8ca4f443e10c92ec3d27965efc7b95/element/f.B9E415FFB169685FBD41AE9B33AE754C.d.4607637F6679C1488C4C4E33D8A88C7E.e.8068/property/value - {}
RESULT: {}
COMMAND: POST /session/9d8ca4f443e10c92ec3d27965efc7b95/execute/async - {"script":"<script> [1562 bytes]","args":[{"selector":{"controlType":"sap.ui.core.Icon","viewName":"etm.portal.ui.webshop.view.RequestEdit","properties":{"src":{"regex":{"source":"action\\-settings"}}}},"wdio_ui5_key":"etmportal.ui.webshop.view.RequestEditsap.ui.core.Icon{\"src\":{\"regex\":{\"source\":\"action\\\\-settings\"}}}"}]}
COMMAND: GET /session/9d8ca4f443e10c92ec3d27965efc7b95/screenshot - {}
RESULT: {"script":"<script> [1562 bytes]","args":[{"selector":{"controlType":"sap.ui.core.Icon","viewName":"etm.portal.ui.webshop.view.RequestEdit","properties":{"src":{"regex":{"source":"action\\-settings"}}}},"wdio_ui5_key":"etmportal.ui.webshop.view.RequestEditsap.ui.core.Icon{\"src\":{\"regex\":{\"source\":\"action\\\\-settings\"}}}"}]}
RESULT: undefined
COMMAND: POST /session/9d8ca4f443e10c92ec3d27965efc7b95/element - {"using":"xpath","value":"//*[@id=\"__xmlview77--smartTable-btnPersonalisation-img\"]"}
RESULT: {}
RESULT: {"using":"xpath","value":"//*[@id=\"__xmlview77--smartTable-btnPersonalisation-img\"]"}
COMMAND: POST /session/9d8ca4f443e10c92ec3d27965efc7b95/element/f.B9E415FFB169685FBD41AE9B33AE754C.d.4607637F6679C1488C4C4E33D8A88C7E.e.8096/click - {}
RESULT: {}
COMMAND: POST /session/9d8ca4f443e10c92ec3d27965efc7b95/element - {"using":"xpath","value":"//input[contains(@id ,\"searchField-I\")]"}
COMMAND: GET /session/9d8ca4f443e10c92ec3d27965efc7b95/screenshot - {}
RESULT: {"using":"xpath","value":"//input[contains(@id ,\"searchField-I\")]"}
COMMAND: POST /session/9d8ca4f443e10c92ec3d27965efc7b95/element/f.B9E415FFB169685FBD41AE9B33AE754C.d.4607637F6679C1488C4C4E33D8A88C7E.e.8102/clear - {}
RESULT: {}
RESULT: {}
COMMAND: POST /session/9d8ca4f443e10c92ec3d27965efc7b95/element/f.B9E415FFB169685FBD41AE9B33AE754C.d.4607637F6679C1488C4C4E33D8A88C7E.e.8102/value - {"text":"time"}
COMMAND: GET /session/9d8ca4f443e10c92ec3d27965efc7b95/screenshot - {}
RESULT: {"text":"time"}
COMMAND: GET /session/9d8ca4f443e10c92ec3d27965efc7b95/screenshot - {}
RESULT: {}
RESULT: {}
COMMAND: POST /session/9d8ca4f443e10c92ec3d27965efc7b95/element - {"using":"xpath","value":"//div[contains(@id ,\"innerSelectionPanelTable-sa-CbBg\")]"}
RESULT: {"using":"xpath","value":"//div[contains(@id ,\"innerSelectionPanelTable-sa-CbBg\")]"}
COMMAND: POST /session/9d8ca4f443e10c92ec3d27965efc7b95/element/f.B9E415FFB169685FBD41AE9B33AE754C.d.4607637F6679C1488C4C4E33D8A88C7E.e.8124/click - {}
RESULT: {}
COMMAND: POST /session/9d8ca4f443e10c92ec3d27965efc7b95/element - {"using":"xpath","value":"//bdi[contains(text(), \"OK\")]"}
COMMAND: GET /session/9d8ca4f443e10c92ec3d27965efc7b95/screenshot - {}
RESULT: {"using":"xpath","value":"//bdi[contains(text(), \"OK\")]"}
COMMAND: POST /session/9d8ca4f443e10c92ec3d27965efc7b95/element/f.B9E415FFB169685FBD41AE9B33AE754C.d.4607637F6679C1488C4C4E33D8A88C7E.e.8125/click - {}
RESULT: {}
RESULT: {}
COMMAND: GET /session/9d8ca4f443e10c92ec3d27965efc7b95/screenshot - {}
RESULT: {}
COMMAND: POST /session/9d8ca4f443e10c92ec3d27965efc7b95/execute/async - {"script":"<script> [1562 bytes]","args":[{"selector":{"controlType":"sap.m.CheckBox","viewName":"etm.portal.ui.webshop.view.RequestEdit","properties":{"editable":true},"ancestor":{"controlType":"sap.m.ColumnListItem","viewName":"etm.portal.ui.webshop.view.RequestEdit","bindingPath":{"path":"/RequestItems(REQUEST='20140',ITEM=10m)"},"ancestor":{"id":"customTable","viewName":"etm.portal.ui.webshop.view.RequestEdit"}},"interaction":{"idSuffix":"CbBg"}},"wdio_ui5_key":"etmportal.ui.webshop.view.RequestEditsap.m.CheckBox{\"editable\":true}{\"controlType\":\"sap.m.ColumnListItem\",\"viewName\":\"etm.portal.ui.webshop.view.RequestEdit\",\"bindingPath\":{\"path\":\"/RequestItems(REQUEST='20140',ITEM=10m)\"},\"ancestor\":{\"id\":\"customTable\",\"viewName\":\"etm.portal.ui.webshop.view.RequestEdit\"}}"}]}
RESULT: {"script":"<script> [1562 bytes]","args":[{"selector":{"controlType":"sap.m.CheckBox","viewName":"etm.portal.ui.webshop.view.RequestEdit","properties":{"editable":true},"ancestor":{"controlType":"sap.m.ColumnListItem","viewName":"etm.portal.ui.webshop.view.RequestEdit","bindingPath":{"path":"/RequestItems(REQUEST='20140',ITEM=10m)"},"ancestor":{"id":"customTable","viewName":"etm.portal.ui.webshop.view.RequestEdit"}},"interaction":{"idSuffix":"CbBg"}},"wdio_ui5_key":"etmportal.ui.webshop.view.RequestEditsap.m.CheckBox{\"editable\":true}{\"controlType\":\"sap.m.ColumnListItem\",\"viewName\":\"etm.portal.ui.webshop.view.RequestEdit\",\"bindingPath\":{\"path\":\"/RequestItems(REQUEST='20140',ITEM=10m)\"},\"ancestor\":{\"id\":\"customTable\",\"viewName\":\"etm.portal.ui.webshop.view.RequestEdit\"}}"}]}
RESULT: undefined
COMMAND: POST /session/9d8ca4f443e10c92ec3d27965efc7b95/element - {"using":"xpath","value":"//*[@id=\"__item3810-__clone22846-selectMulti\"]"}
RESULT: {"using":"xpath","value":"//*[@id=\"__item3810-__clone22846-selectMulti\"]"}
COMMAND: POST /session/9d8ca4f443e10c92ec3d27965efc7b95/element/f.B9E415FFB169685FBD41AE9B33AE754C.d.4607637F6679C1488C4C4E33D8A88C7E.e.8160/click - {}
RESULT: {}
COMMAND: POST /session/9d8ca4f443e10c92ec3d27965efc7b95/execute/async - {"script":"<script> [1562 bytes]","args":[{"selector":{"controlType":"sap.m.Button","viewName":"etm.portal.ui.webshop.view.RequestEdit","i18NText":{"propertyName":"text","key":"update"},"interaction":{"idSuffix":"BDI-content"}},"wdio_ui5_key":"etmportal.ui.webshop.view.RequestEditsap.m.Button{\"propertyName\":\"text\",\"key\":\"update\"}"}]}
COMMAND: GET /session/9d8ca4f443e10c92ec3d27965efc7b95/screenshot - {}
RESULT: {"script":"<script> [1562 bytes]","args":[{"selector":{"controlType":"sap.m.Button","viewName":"etm.portal.ui.webshop.view.RequestEdit","i18NText":{"propertyName":"text","key":"update"},"interaction":{"idSuffix":"BDI-content"}},"wdio_ui5_key":"etmportal.ui.webshop.view.RequestEditsap.m.Button{\"propertyName\":\"text\",\"key\":\"update\"}"}]}
RESULT: undefined
COMMAND: POST /session/9d8ca4f443e10c92ec3d27965efc7b95/element - {"using":"xpath","value":"//*[@id=\"__button480\"]"}
RESULT: {}
RESULT: {"using":"xpath","value":"//*[@id=\"__button480\"]"}
COMMAND: POST /session/9d8ca4f443e10c92ec3d27965efc7b95/element/f.B9E415FFB169685FBD41AE9B33AE754C.d.4607637F6679C1488C4C4E33D8A88C7E.e.8162/click - {}
RESULT: {}
COMMAND: POST /session/9d8ca4f443e10c92ec3d27965efc7b95/element - {"using":"xpath","value":"(//input[contains(@id ,\"startDateRI\")])[1]"}
COMMAND: GET /session/9d8ca4f443e10c92ec3d27965efc7b95/screenshot - {}
RESULT: {"using":"xpath","value":"(//input[contains(@id ,\"startDateRI\")])[1]"}
COMMAND: GET /session/9d8ca4f443e10c92ec3d27965efc7b95/element/f.B9E415FFB169685FBD41AE9B33AE754C.d.4607637F6679C1488C4C4E33D8A88C7E.e.8149/property/value - {}
RESULT: {}
RESULT: {}
RESULT: undefined
COMMAND: POST /session/9d8ca4f443e10c92ec3d27965efc7b95/element - {"using":"xpath","value":"//*[@id=\"__item3810-__clone22846-selectMulti\"]"}
COMMAND: GET /session/9d8ca4f443e10c92ec3d27965efc7b95/screenshot - {}
RESULT: {"using":"xpath","value":"//*[@id=\"__item3810-__clone22846-selectMulti\"]"}
COMMAND: POST /session/9d8ca4f443e10c92ec3d27965efc7b95/element/f.B9E415FFB169685FBD41AE9B33AE754C.d.4607637F6679C1488C4C4E33D8A88C7E.e.8160/click - {}
RESULT: {}
RESULT: {}
COMMAND: POST /session/9d8ca4f443e10c92ec3d27965efc7b95/execute/async - {"script":"<script> [1562 bytes]","args":[{"selector":{"controlType":"sap.m.CheckBox","viewName":"etm.portal.ui.webshop.view.RequestEdit","properties":{"editable":true},"ancestor":{"controlType":"sap.m.ColumnListItem","viewName":"etm.portal.ui.webshop.view.RequestEdit","bindingPath":{"path":"/RequestItems(REQUEST='20140',ITEM=20m)"},"ancestor":{"id":"customTable","viewName":"etm.portal.ui.webshop.view.RequestEdit"}},"interaction":{"idSuffix":"CbBg"}},"wdio_ui5_key":"etmportal.ui.webshop.view.RequestEditsap.m.CheckBox{\"editable\":true}{\"controlType\":\"sap.m.ColumnListItem\",\"viewName\":\"etm.portal.ui.webshop.view.RequestEdit\",\"bindingPath\":{\"path\":\"/RequestItems(REQUEST='20140',ITEM=20m)\"},\"ancestor\":{\"id\":\"customTable\",\"viewName\":\"etm.portal.ui.webshop.view.RequestEdit\"}}"}]}
COMMAND: GET /session/9d8ca4f443e10c92ec3d27965efc7b95/screenshot - {}
RESULT: {"script":"<script> [1562 bytes]","args":[{"selector":{"controlType":"sap.m.CheckBox","viewName":"etm.portal.ui.webshop.view.RequestEdit","properties":{"editable":true},"ancestor":{"controlType":"sap.m.ColumnListItem","viewName":"etm.portal.ui.webshop.view.RequestEdit","bindingPath":{"path":"/RequestItems(REQUEST='20140',ITEM=20m)"},"ancestor":{"id":"customTable","viewName":"etm.portal.ui.webshop.view.RequestEdit"}},"interaction":{"idSuffix":"CbBg"}},"wdio_ui5_key":"etmportal.ui.webshop.view.RequestEditsap.m.CheckBox{\"editable\":true}{\"controlType\":\"sap.m.ColumnListItem\",\"viewName\":\"etm.portal.ui.webshop.view.RequestEdit\",\"bindingPath\":{\"path\":\"/RequestItems(REQUEST='20140',ITEM=20m)\"},\"ancestor\":{\"id\":\"customTable\",\"viewName\":\"etm.portal.ui.webshop.view.RequestEdit\"}}"}]}
RESULT: undefined
COMMAND: POST /session/9d8ca4f443e10c92ec3d27965efc7b95/element - {"using":"xpath","value":"//*[@id=\"__item3810-__clone22847-selectMulti\"]"}
RESULT: {}
RESULT: {"using":"xpath","value":"//*[@id=\"__item3810-__clone22847-selectMulti\"]"}
COMMAND: POST /session/9d8ca4f443e10c92ec3d27965efc7b95/element/f.B9E415FFB169685FBD41AE9B33AE754C.d.4607637F6679C1488C4C4E33D8A88C7E.e.8165/click - {}
RESULT: {}
COMMAND: POST /session/9d8ca4f443e10c92ec3d27965efc7b95/execute/async - {"script":"<script> [1562 bytes]","args":[{"selector":{"controlType":"sap.ui.core.Icon","viewName":"etm.portal.ui.webshop.view.RequestEdit","properties":{"src":{"regex":{"source":"delete"}}}},"wdio_ui5_key":"etmportal.ui.webshop.view.RequestEditsap.ui.core.Icon{\"src\":{\"regex\":{\"source\":\"delete\"}}}"}]}
COMMAND: GET /session/9d8ca4f443e10c92ec3d27965efc7b95/screenshot - {}
RESULT: {"script":"<script> [1562 bytes]","args":[{"selector":{"controlType":"sap.ui.core.Icon","viewName":"etm.portal.ui.webshop.view.RequestEdit","properties":{"src":{"regex":{"source":"delete"}}}},"wdio_ui5_key":"etmportal.ui.webshop.view.RequestEditsap.ui.core.Icon{\"src\":{\"regex\":{\"source\":\"delete\"}}}"}]}
RESULT: undefined
COMMAND: POST /session/9d8ca4f443e10c92ec3d27965efc7b95/element - {"using":"xpath","value":"//*[@id=\"__xmlview77--deleteItem-img\"]"}
RESULT: {}
RESULT: {"using":"xpath","value":"//*[@id=\"__xmlview77--deleteItem-img\"]"}
COMMAND: POST /session/9d8ca4f443e10c92ec3d27965efc7b95/element/f.B9E415FFB169685FBD41AE9B33AE754C.d.4607637F6679C1488C4C4E33D8A88C7E.e.8166/click - {}
RESULT: {}
COMMAND: GET /session/9d8ca4f443e10c92ec3d27965efc7b95/screenshot - {}
RESULT: {}
COMMAND: POST /session/9d8ca4f443e10c92ec3d27965efc7b95/execute/async - {"script":"<script> [1562 bytes]","args":[{"selector":{"controlType":"sap.m.Button","properties":{"text":"OK"},"searchOpenDialogs":true,"interaction":{"idSuffix":"BDI-content"}},"wdio_ui5_key":"sapm.Button{\"text\":\"OK\"}"}]}
RESULT: {"script":"<script> [1562 bytes]","args":[{"selector":{"controlType":"sap.m.Button","properties":{"text":"OK"},"searchOpenDialogs":true,"interaction":{"idSuffix":"BDI-content"}},"wdio_ui5_key":"sapm.Button{\"text\":\"OK\"}"}]}
RESULT: undefined
COMMAND: POST /session/9d8ca4f443e10c92ec3d27965efc7b95/element - {"using":"xpath","value":"//*[@id=\"__mbox-btn-0\"]"}
RESULT: {"using":"xpath","value":"//*[@id=\"__mbox-btn-0\"]"}
COMMAND: POST /session/9d8ca4f443e10c92ec3d27965efc7b95/element/f.B9E415FFB169685FBD41AE9B33AE754C.d.4607637F6679C1488C4C4E33D8A88C7E.e.8168/click - {}
RESULT: {}
COMMAND: GET /session/9d8ca4f443e10c92ec3d27965efc7b95/screenshot - {}
RESULT: {}
COMMAND: POST /session/9d8ca4f443e10c92ec3d27965efc7b95/execute/async - {"script":"<script> [1562 bytes]","args":[{"selector":{"id":"saveButtonId","viewName":"etm.portal.ui.webshop.view.RequestEdit","interaction":{"idSuffix":"BDI-content"}},"wdio_ui5_key":"saveButtonIdetmportal.ui.webshop.view.RequestEdit"}]}
RESULT: {"script":"<script> [1562 bytes]","args":[{"selector":{"id":"saveButtonId","viewName":"etm.portal.ui.webshop.view.RequestEdit","interaction":{"idSuffix":"BDI-content"}},"wdio_ui5_key":"saveButtonIdetmportal.ui.webshop.view.RequestEdit"}]}
RESULT: undefined
COMMAND: POST /session/9d8ca4f443e10c92ec3d27965efc7b95/element - {"using":"xpath","value":"//*[@id=\"__xmlview77--saveButtonId\"]"}
RESULT: {"using":"xpath","value":"//*[@id=\"__xmlview77--saveButtonId\"]"}
COMMAND: POST /session/9d8ca4f443e10c92ec3d27965efc7b95/element/f.B9E415FFB169685FBD41AE9B33AE754C.d.4607637F6679C1488C4C4E33D8A88C7E.e.8176/click - {}
RESULT: {}
COMMAND: GET /session/9d8ca4f443e10c92ec3d27965efc7b95/screenshot - {}
RESULT: {}
COMMAND: POST /session/9d8ca4f443e10c92ec3d27965efc7b95/execute/async - {"script":"<script> [1562 bytes]","args":[{"selector":{"controlType":"sap.m.Title","viewName":"etm.portal.ui.webshop.view.RequestDetail","properties":{"text":"Items (1)"}},"wdio_ui5_key":"etmportal.ui.webshop.view.RequestDetailsap.m.Title{\"text\":\"Items (1)\"}"}]}
RESULT: {"script":"<script> [1562 bytes]","args":[{"selector":{"controlType":"sap.m.Title","viewName":"etm.portal.ui.webshop.view.RequestDetail","properties":{"text":"Items (1)"}},"wdio_ui5_key":"etmportal.ui.webshop.view.RequestDetailsap.m.Title{\"text\":\"Items (1)\"}"}]}
RESULT: undefined
COMMAND: POST /session/9d8ca4f443e10c92ec3d27965efc7b95/execute/async - {"script":"<script> [6424 bytes]","args":[{"element-6066-11e4-a52e-4f735466cecf":"f.B9E415FFB169685FBD41AE9B33AE754C.d.4607637F6679C1488C4C4E33D8A88C7E.e.8199"},"getText",[]]}
RESULT: {"script":"<script> [6424 bytes]","args":[{"element-6066-11e4-a52e-4f735466cecf":"f.B9E415FFB169685FBD41AE9B33AE754C.d.4607637F6679C1488C4C4E33D8A88C7E.e.8199"},"getText",[]]}
COMMAND: POST /session/9d8ca4f443e10c92ec3d27965efc7b95/execute/async - {"script":"<script> [1562 bytes]","args":[{"selector":{"controlType":"sap.m.Text","viewName":"etm.portal.ui.webshop.view.RequestDetail","bindingPath":{"path":"/RequestHeaders(NO='20140')","propertyPath":"END_DATE","modelName":"catalogModel"}},"wdio_ui5_key":"etmportal.ui.webshop.view.RequestDetailsap.m.Text{\"path\":\"/RequestHeaders(NO='20140')\",\"propertyPath\":\"END_DATE\",\"modelName\":\"catalogModel\"}"}]}
RESULT: {"script":"<script> [1562 bytes]","args":[{"selector":{"controlType":"sap.m.Text","viewName":"etm.portal.ui.webshop.view.RequestDetail","bindingPath":{"path":"/RequestHeaders(NO='20140')","propertyPath":"END_DATE","modelName":"catalogModel"}},"wdio_ui5_key":"etmportal.ui.webshop.view.RequestDetailsap.m.Text{\"path\":\"/RequestHeaders(NO='20140')\",\"propertyPath\":\"END_DATE\",\"modelName\":\"catalogModel\"}"}]}
RESULT: undefined
COMMAND: POST /session/9d8ca4f443e10c92ec3d27965efc7b95/execute/async - {"script":"<script> [1562 bytes]","args":[{"selector":{"controlType":"sap.m.Text","viewName":"etm.portal.ui.webshop.view.RequestDetail","bindingPath":{"path":"/RequestHeaders(NO='20140')","propertyPath":"START_DATE","modelName":"catalogModel"}},"wdio_ui5_key":"etmportal.ui.webshop.view.RequestDetailsap.m.Text{\"path\":\"/RequestHeaders(NO='20140')\",\"propertyPath\":\"START_DATE\",\"modelName\":\"catalogModel\"}"}]}
RESULT: {"script":"<script> [1562 bytes]","args":[{"selector":{"controlType":"sap.m.Text","viewName":"etm.portal.ui.webshop.view.RequestDetail","bindingPath":{"path":"/RequestHeaders(NO='20140')","propertyPath":"START_DATE","modelName":"catalogModel"}},"wdio_ui5_key":"etmportal.ui.webshop.view.RequestDetailsap.m.Text{\"path\":\"/RequestHeaders(NO='20140')\",\"propertyPath\":\"START_DATE\",\"modelName\":\"catalogModel\"}"}]}
RESULT: undefined
COMMAND: POST /session/9d8ca4f443e10c92ec3d27965efc7b95/execute/async - {"script":"<script> [6424 bytes]","args":[{"element-6066-11e4-a52e-4f735466cecf":"f.B9E415FFB169685FBD41AE9B33AE754C.d.4607637F6679C1488C4C4E33D8A88C7E.e.8201"},"getText",[]]}
RESULT: {"script":"<script> [6424 bytes]","args":[{"element-6066-11e4-a52e-4f735466cecf":"f.B9E415FFB169685FBD41AE9B33AE754C.d.4607637F6679C1488C4C4E33D8A88C7E.e.8201"},"getText",[]]}
RESULT: undefined
COMMAND: POST /session/9d8ca4f443e10c92ec3d27965efc7b95/execute/async - {"script":"<script> [6424 bytes]","args":[{"element-6066-11e4-a52e-4f735466cecf":"f.B9E415FFB169685FBD41AE9B33AE754C.d.4607637F6679C1488C4C4E33D8A88C7E.e.8200"},"getText",[]]}
RESULT: {"script":"<script> [6424 bytes]","args":[{"element-6066-11e4-a52e-4f735466cecf":"f.B9E415FFB169685FBD41AE9B33AE754C.d.4607637F6679C1488C4C4E33D8A88C7E.e.8200"},"getText",[]]}
COMMAND: POST /session/9d8ca4f443e10c92ec3d27965efc7b95/refresh - {}
RESULT: {}
COMMAND: GET /session/9d8ca4f443e10c92ec3d27965efc7b95/screenshot - {}
RESULT: {}
COMMAND: POST /session/9d8ca4f443e10c92ec3d27965efc7b95/execute/async - {"script":"<script> [189 bytes]","args":[]}
RESULT: {"script":"<script> [189 bytes]","args":[]}
COMMAND: POST /session/9d8ca4f443e10c92ec3d27965efc7b95/execute/async - {"script":"<script> [123 bytes]","args":[]}
RESULT: {"script":"<script> [123 bytes]","args":[]}
COMMAND: POST /session/9d8ca4f443e10c92ec3d27965efc7b95/timeouts - {"script":"<number>"}
RESULT: {"script":"<number>"}
COMMAND: GET /session/9d8ca4f443e10c92ec3d27965efc7b95/timeouts - {}
RESULT: {}
RESULT: undefined
COMMAND: POST /session/9d8ca4f443e10c92ec3d27965efc7b95/execute/async - {"script":"<script> [2676 bytes]","args":[]}
RESULT: {"script":"<script> [2676 bytes]","args":[]}
COMMAND: POST /session/9d8ca4f443e10c92ec3d27965efc7b95/execute/async - {"script":"<script> [2342 bytes]","args":[{"protocol":"http","hostname":"0.0.0.0","path":"/","capabilities":{"browserName":"chrome","goog:chromeOptions":{"binary":"C:\\Program Files\\Google\\Chrome\\Application\\chrome.exe","args":["--start-maximized"]}},"logLevel":"warn","connectionRetryTimeout":120000,"connectionRetryCount":3,"logLevels":{},"enableDirectConnect":true,"strictSSL":true,"_":"65 more keys: [\"cacheDir\",\"port\",\"requestedCapabilities\",\"automationProtocol\",\"baseUrl\",\"waitforInterval\",\"waitforTimeout\",\"onReload\",\"beforeCommand\",\"afterCommand\",\"rootDir\",\"specs\",\"suites\",\"exclude\",\"groupLogsByTestSpec\",\"excludeDriverLogs\",\"bail\",\"framework\",\"reporters\",\"services\",\"maxInstances\",\"maxInstancesPerCapability\",\"injectGlobals\",\"filesToWatch\",\"execArgv\",\"runnerEnv\",\"runner\",\"shard\",\"specFileRetries\",\"specFileRetriesDelay\",\"specFileRetriesDeferred\",\"reporterSyncInterval\",\"reporterSyncTimeout\",\"cucumberFeaturesWithLineNumbers\",\"autoCompileOpts\",\"mochaOpts\",\"jasmineOpts\",\"cucumberOpts\",\"onPrepare\",\"onWorkerStart\",\"onWorkerEnd\",\"before\",\"beforeSession\",\"beforeSuite\",\"beforeHook\",\"beforeTest\",\"afterTest\",\"afterHook\",\"afterSuite\",\"afterSession\",\"after\",\"onComplete\",\"beforeAssertion\",\"afterAssertion\",\"beforeFeature\",\"beforeScenario\",\"beforeStep\",\"afterStep\",\"afterScenario\",\"afterFeature\",\"_\",\"suite\",\"$0\",\"ignoredWorkerServices\",\"wdi5\"]"}]}
RESULT: {"script":"<script> [2342 bytes]","args":[{"protocol":"http","hostname":"0.0.0.0","path":"/","capabilities":{"browserName":"chrome","goog:chromeOptions":{"binary":"C:\\Program Files\\Google\\Chrome\\Application\\chrome.exe","args":["--start-maximized"]}},"logLevel":"warn","connectionRetryTimeout":120000,"connectionRetryCount":3,"logLevels":{},"enableDirectConnect":true,"strictSSL":true,"_":"65 more keys: [\"cacheDir\",\"port\",\"requestedCapabilities\",\"automationProtocol\",\"baseUrl\",\"waitforInterval\",\"waitforTimeout\",\"onReload\",\"beforeCommand\",\"afterCommand\",\"rootDir\",\"specs\",\"suites\",\"exclude\",\"groupLogsByTestSpec\",\"excludeDriverLogs\",\"bail\",\"framework\",\"reporters\",\"services\",\"maxInstances\",\"maxInstancesPerCapability\",\"injectGlobals\",\"filesToWatch\",\"execArgv\",\"runnerEnv\",\"runner\",\"shard\",\"specFileRetries\",\"specFileRetriesDelay\",\"specFileRetriesDeferred\",\"reporterSyncInterval\",\"reporterSyncTimeout\",\"cucumberFeaturesWithLineNumbers\",\"autoCompileOpts\",\"mochaOpts\",\"jasmineOpts\",\"cucumberOpts\",\"onPrepare\",\"onWorkerStart\",\"onWorkerEnd\",\"before\",\"beforeSession\",\"beforeSuite\",\"beforeHook\",\"beforeTest\",\"afterTest\",\"afterHook\",\"afterSuite\",\"afterSession\",\"after\",\"onComplete\",\"beforeAssertion\",\"afterAssertion\",\"beforeFeature\",\"beforeScenario\",\"beforeStep\",\"afterStep\",\"afterScenario\",\"afterFeature\",\"_\",\"suite\",\"$0\",\"ignoredWorkerServices\",\"wdi5\"]"}]}
COMMAND: POST /session/9d8ca4f443e10c92ec3d27965efc7b95/execute/async - {"script":"<script> [21126 bytes]","args":[35000]}
RESULT: {"script":"<script> [21126 bytes]","args":[35000]}
COMMAND: POST /session/9d8ca4f443e10c92ec3d27965efc7b95/element - {"using":"xpath","value":"//li[contains(@title ,\"Exit\")]"}
RESULT: {"using":"xpath","value":"//li[contains(@title ,\"Exit\")]"}
COMMAND: POST /session/9d8ca4f443e10c92ec3d27965efc7b95/element/f.B9E415FFB169685FBD41AE9B33AE754C.d.3C3B7787C288EB63949A0E173CEA1624.e.8301/click - {}
RESULT: {}
COMMAND: GET /session/9d8ca4f443e10c92ec3d27965efc7b95/screenshot - {}
RESULT: {}
COMMAND: DELETE /session/9d8ca4f443e10c92ec3d27965efc7b95 - {}
RESULT: {}
]]></system-out>
    </testcase>
  </testsuite>
</testsuites>