<?xml version="1.0" encoding="UTF-8"?>
<testsuites tests="49" failures="0" errors="0" skipped="0">
  <testsuite timestamp="2025-05-27T18:04:17" time="1998.222" tests="49" failures="0" errors="0" skipped="0">
    <properties>
      <property name="specId" value="0"/>
      <property name="suiteName" value="Sanity Tests US104253"/>
      <property name="capabilities" value="chrome.136_0_7103_93.windows"/>
      <property name="file" value="file:///D:/a/1/s/test/specs/General/sanity.spec.js"/>
    </properties>
    <testcase classname="chrome.136_0_7103_93.windows.Sanity_Tests_US104253" name="Should open Manage Partners page" time="42.17">
      <system-out><![CDATA[
COMMAND: POST /session/e534addae89ac3f13e688da6063cf31d/execute/async - {"script":"<script> [1562 bytes]","args":[{"selector":{"controlType":"sap.m.GenericTile","properties":{"header":"Manage Partners"}},"wdio_ui5_key":"sapm.GenericTile{\"header\":\"Manage Partners\"}"}]}
RESULT: {"script":"<script> [1562 bytes]","args":[{"selector":{"controlType":"sap.m.GenericTile","properties":{"header":"Manage Partners"}},"wdio_ui5_key":"sapm.GenericTile{\"header\":\"Manage Partners\"}"}]}
RESULT: undefined
COMMAND: POST /session/e534addae89ac3f13e688da6063cf31d/element - {"using":"xpath","value":"//*[@id=\"__tile38\"]"}
RESULT: {"using":"xpath","value":"//*[@id=\"__tile38\"]"}
COMMAND: POST /session/e534addae89ac3f13e688da6063cf31d/element/f.D88A710F58C031DD94180D36F4E40589.d.35F268269A9EAE3758919DE4A2EF256B.e.118/click - {}
RESULT: {}
COMMAND: GET /session/e534addae89ac3f13e688da6063cf31d/screenshot - {}
RESULT: {}
COMMAND: POST /session/e534addae89ac3f13e688da6063cf31d/elements - {"using":"xpath","value":"//span[text()='Error']"}
RESULT: {"using":"xpath","value":"//span[text()='Error']"}
RESULT: undefined
COMMAND: POST /session/e534addae89ac3f13e688da6063cf31d/element - {"using":"xpath","value":"//*[@id=\"__tile38\"]"}
RESULT: {"using":"xpath","value":"//*[@id=\"__tile38\"]"}
COMMAND: POST /session/e534addae89ac3f13e688da6063cf31d/element/f.D88A710F58C031DD94180D36F4E40589.d.35F268269A9EAE3758919DE4A2EF256B.e.118/click - {}
RESULT: undefined
COMMAND: POST /session/e534addae89ac3f13e688da6063cf31d/element - {"using":"xpath","value":"//*[@id=\"__tile38\"]"}
RESULT: {"using":"xpath","value":"//*[@id=\"__tile38\"]"}
COMMAND: POST /session/e534addae89ac3f13e688da6063cf31d/element/f.D88A710F58C031DD94180D36F4E40589.d.35F268269A9EAE3758919DE4A2EF256B.e.118/click - {}
COMMAND: POST /session/e534addae89ac3f13e688da6063cf31d/execute/async - {"script":"<script> [1562 bytes]","args":[{"selector":{"id":"shellAppTitle"},"wdio_ui5_key":"shellAppTitle"}]}
RESULT: {"script":"<script> [1562 bytes]","args":[{"selector":{"id":"shellAppTitle"},"wdio_ui5_key":"shellAppTitle"}]}
RESULT: undefined
COMMAND: POST /session/e534addae89ac3f13e688da6063cf31d/execute/async - {"script":"<script> [6424 bytes]","args":[{"element-6066-11e4-a52e-4f735466cecf":"f.D88A710F58C031DD94180D36F4E40589.d.35F268269A9EAE3758919DE4A2EF256B.e.296"},"getTitle",[]]}
RESULT: {"script":"<script> [6424 bytes]","args":[{"element-6066-11e4-a52e-4f735466cecf":"f.D88A710F58C031DD94180D36F4E40589.d.35F268269A9EAE3758919DE4A2EF256B.e.296"},"getTitle",[]]}
COMMAND: POST /session/e534addae89ac3f13e688da6063cf31d/execute/async - {"script":"<script> [1562 bytes]","args":[{"selector":{"id":"backBtn"},"wdio_ui5_key":"backBtn"}]}
RESULT: {"script":"<script> [1562 bytes]","args":[{"selector":{"id":"backBtn"},"wdio_ui5_key":"backBtn"}]}
RESULT: undefined
COMMAND: POST /session/e534addae89ac3f13e688da6063cf31d/element - {"using":"xpath","value":"//*[@id=\"backBtn\"]"}
RESULT: {"using":"xpath","value":"//*[@id=\"backBtn\"]"}
COMMAND: POST /session/e534addae89ac3f13e688da6063cf31d/element/f.D88A710F58C031DD94180D36F4E40589.d.35F268269A9EAE3758919DE4A2EF256B.e.297/click - {}
RESULT: {}
COMMAND: GET /session/e534addae89ac3f13e688da6063cf31d/screenshot - {}
RESULT: {}
]]></system-out>
    </testcase>
    <testcase classname="chrome.136_0_7103_93.windows.Sanity_Tests_US104253" name="Should open Manage Sites page" time="37.429">
      <system-out><![CDATA[
COMMAND: POST /session/e534addae89ac3f13e688da6063cf31d/execute/async - {"script":"<script> [1562 bytes]","args":[{"selector":{"controlType":"sap.m.GenericTile","properties":{"header":"Manage Sites"}},"wdio_ui5_key":"sapm.GenericTile{\"header\":\"Manage Sites\"}"}]}
RESULT: {"script":"<script> [1562 bytes]","args":[{"selector":{"controlType":"sap.m.GenericTile","properties":{"header":"Manage Sites"}},"wdio_ui5_key":"sapm.GenericTile{\"header\":\"Manage Sites\"}"}]}
RESULT: undefined
COMMAND: POST /session/e534addae89ac3f13e688da6063cf31d/element - {"using":"xpath","value":"//*[@id=\"__tile40\"]"}
RESULT: {"using":"xpath","value":"//*[@id=\"__tile40\"]"}
COMMAND: POST /session/e534addae89ac3f13e688da6063cf31d/element/f.D88A710F58C031DD94180D36F4E40589.d.35F268269A9EAE3758919DE4A2EF256B.e.299/click - {}
RESULT: {}
COMMAND: GET /session/e534addae89ac3f13e688da6063cf31d/screenshot - {}
RESULT: {}
COMMAND: POST /session/e534addae89ac3f13e688da6063cf31d/elements - {"using":"xpath","value":"//span[text()='Error']"}
RESULT: {"using":"xpath","value":"//span[text()='Error']"}
RESULT: undefined
COMMAND: POST /session/e534addae89ac3f13e688da6063cf31d/element - {"using":"xpath","value":"//*[@id=\"__tile40\"]"}
RESULT: {"using":"xpath","value":"//*[@id=\"__tile40\"]"}
COMMAND: POST /session/e534addae89ac3f13e688da6063cf31d/element/f.D88A710F58C031DD94180D36F4E40589.d.35F268269A9EAE3758919DE4A2EF256B.e.299/click - {}
RESULT: undefined
COMMAND: POST /session/e534addae89ac3f13e688da6063cf31d/element - {"using":"xpath","value":"//*[@id=\"__tile40\"]"}
RESULT: {"using":"xpath","value":"//*[@id=\"__tile40\"]"}
COMMAND: POST /session/e534addae89ac3f13e688da6063cf31d/element/f.D88A710F58C031DD94180D36F4E40589.d.35F268269A9EAE3758919DE4A2EF256B.e.299/click - {}
RESULT: undefined
COMMAND: POST /session/e534addae89ac3f13e688da6063cf31d/execute/async - {"script":"<script> [6424 bytes]","args":[{"element-6066-11e4-a52e-4f735466cecf":"f.D88A710F58C031DD94180D36F4E40589.d.35F268269A9EAE3758919DE4A2EF256B.e.296"},"getTitle",[]]}
COMMAND: POST /session/e534addae89ac3f13e688da6063cf31d/execute/async - {"script":"<script> [1562 bytes]","args":[{"selector":{"id":"shellAppTitle"},"wdio_ui5_key":"shellAppTitle"}]}
RESULT: {"script":"<script> [1562 bytes]","args":[{"selector":{"id":"shellAppTitle"},"wdio_ui5_key":"shellAppTitle"}]}
COMMAND: POST /session/e534addae89ac3f13e688da6063cf31d/execute/async - {"script":"<script> [6424 bytes]","args":[{"element-6066-11e4-a52e-4f735466cecf":"f.D88A710F58C031DD94180D36F4E40589.d.35F268269A9EAE3758919DE4A2EF256B.e.485"},"getTitle",[]]}
RESULT: {"script":"<script> [6424 bytes]","args":[{"element-6066-11e4-a52e-4f735466cecf":"f.D88A710F58C031DD94180D36F4E40589.d.35F268269A9EAE3758919DE4A2EF256B.e.485"},"getTitle",[]]}
RESULT: undefined
COMMAND: POST /session/e534addae89ac3f13e688da6063cf31d/element/f.D88A710F58C031DD94180D36F4E40589.d.35F268269A9EAE3758919DE4A2EF256B.e.297/click - {}
RESULT: {}
COMMAND: GET /session/e534addae89ac3f13e688da6063cf31d/screenshot - {}
RESULT: {}
]]></system-out>
    </testcase>
    <testcase classname="chrome.136_0_7103_93.windows.Sanity_Tests_US104253" name="Should open Manage Resources page" time="37.935">
      <system-out><![CDATA[
COMMAND: POST /session/e534addae89ac3f13e688da6063cf31d/execute/async - {"script":"<script> [1562 bytes]","args":[{"selector":{"controlType":"sap.m.GenericTile","properties":{"header":"Manage Resources"}},"wdio_ui5_key":"sapm.GenericTile{\"header\":\"Manage Resources\"}"}]}
RESULT: {"script":"<script> [1562 bytes]","args":[{"selector":{"controlType":"sap.m.GenericTile","properties":{"header":"Manage Resources"}},"wdio_ui5_key":"sapm.GenericTile{\"header\":\"Manage Resources\"}"}]}
RESULT: undefined
COMMAND: POST /session/e534addae89ac3f13e688da6063cf31d/element - {"using":"xpath","value":"//*[@id=\"__tile39\"]"}
RESULT: {"using":"xpath","value":"//*[@id=\"__tile39\"]"}
COMMAND: POST /session/e534addae89ac3f13e688da6063cf31d/element/f.D88A710F58C031DD94180D36F4E40589.d.35F268269A9EAE3758919DE4A2EF256B.e.487/click - {}
RESULT: {}
COMMAND: GET /session/e534addae89ac3f13e688da6063cf31d/screenshot - {}
RESULT: {}
COMMAND: POST /session/e534addae89ac3f13e688da6063cf31d/elements - {"using":"xpath","value":"//span[text()='Error']"}
RESULT: {"using":"xpath","value":"//span[text()='Error']"}
RESULT: undefined
COMMAND: POST /session/e534addae89ac3f13e688da6063cf31d/element - {"using":"xpath","value":"//*[@id=\"__tile39\"]"}
RESULT: {"using":"xpath","value":"//*[@id=\"__tile39\"]"}
COMMAND: POST /session/e534addae89ac3f13e688da6063cf31d/element/f.D88A710F58C031DD94180D36F4E40589.d.35F268269A9EAE3758919DE4A2EF256B.e.487/click - {}
RESULT: undefined
COMMAND: POST /session/e534addae89ac3f13e688da6063cf31d/element - {"using":"xpath","value":"//*[@id=\"__tile39\"]"}
RESULT: {"using":"xpath","value":"//*[@id=\"__tile39\"]"}
COMMAND: POST /session/e534addae89ac3f13e688da6063cf31d/element/f.D88A710F58C031DD94180D36F4E40589.d.35F268269A9EAE3758919DE4A2EF256B.e.487/click - {}
RESULT: undefined
COMMAND: POST /session/e534addae89ac3f13e688da6063cf31d/execute/async - {"script":"<script> [6424 bytes]","args":[{"element-6066-11e4-a52e-4f735466cecf":"f.D88A710F58C031DD94180D36F4E40589.d.35F268269A9EAE3758919DE4A2EF256B.e.296"},"getTitle",[]]}
COMMAND: POST /session/e534addae89ac3f13e688da6063cf31d/execute/async - {"script":"<script> [1562 bytes]","args":[{"selector":{"id":"shellAppTitle"},"wdio_ui5_key":"shellAppTitle"}]}
RESULT: {"script":"<script> [1562 bytes]","args":[{"selector":{"id":"shellAppTitle"},"wdio_ui5_key":"shellAppTitle"}]}
COMMAND: POST /session/e534addae89ac3f13e688da6063cf31d/execute/async - {"script":"<script> [6424 bytes]","args":[{"element-6066-11e4-a52e-4f735466cecf":"f.D88A710F58C031DD94180D36F4E40589.d.35F268269A9EAE3758919DE4A2EF256B.e.660"},"getTitle",[]]}
RESULT: {"script":"<script> [6424 bytes]","args":[{"element-6066-11e4-a52e-4f735466cecf":"f.D88A710F58C031DD94180D36F4E40589.d.35F268269A9EAE3758919DE4A2EF256B.e.660"},"getTitle",[]]}
RESULT: undefined
COMMAND: POST /session/e534addae89ac3f13e688da6063cf31d/element/f.D88A710F58C031DD94180D36F4E40589.d.35F268269A9EAE3758919DE4A2EF256B.e.297/click - {}
COMMAND: POST /session/e534addae89ac3f13e688da6063cf31d/element - {"using":"xpath","value":"//*[@id=\"backBtn\"]"}
RESULT: {"using":"xpath","value":"//*[@id=\"backBtn\"]"}
COMMAND: POST /session/e534addae89ac3f13e688da6063cf31d/element/f.D88A710F58C031DD94180D36F4E40589.d.35F268269A9EAE3758919DE4A2EF256B.e.297/click - {}
COMMAND: POST /session/e534addae89ac3f13e688da6063cf31d/element - {"using":"xpath","value":"//*[@id=\"backBtn\"]"}
RESULT: {"using":"xpath","value":"//*[@id=\"backBtn\"]"}
COMMAND: POST /session/e534addae89ac3f13e688da6063cf31d/element/f.D88A710F58C031DD94180D36F4E40589.d.35F268269A9EAE3758919DE4A2EF256B.e.661/click - {}
RESULT: {}
COMMAND: GET /session/e534addae89ac3f13e688da6063cf31d/screenshot - {}
RESULT: {}
]]></system-out>
    </testcase>
    <testcase classname="chrome.136_0_7103_93.windows.Sanity_Tests_US104253" name="Should open Manage Catalogs page" time="36.476">
      <system-out><![CDATA[
COMMAND: POST /session/e534addae89ac3f13e688da6063cf31d/execute/async - {"script":"<script> [1562 bytes]","args":[{"selector":{"controlType":"sap.m.GenericTile","properties":{"header":"Manage Catalogs"}},"wdio_ui5_key":"sapm.GenericTile{\"header\":\"Manage Catalogs\"}"}]}
RESULT: {"script":"<script> [1562 bytes]","args":[{"selector":{"controlType":"sap.m.GenericTile","properties":{"header":"Manage Catalogs"}},"wdio_ui5_key":"sapm.GenericTile{\"header\":\"Manage Catalogs\"}"}]}
RESULT: undefined
COMMAND: POST /session/e534addae89ac3f13e688da6063cf31d/element - {"using":"xpath","value":"//*[@id=\"__tile37\"]"}
RESULT: {"using":"xpath","value":"//*[@id=\"__tile37\"]"}
COMMAND: POST /session/e534addae89ac3f13e688da6063cf31d/element/f.D88A710F58C031DD94180D36F4E40589.d.35F268269A9EAE3758919DE4A2EF256B.e.663/click - {}
RESULT: {}
COMMAND: GET /session/e534addae89ac3f13e688da6063cf31d/screenshot - {}
RESULT: {}
COMMAND: POST /session/e534addae89ac3f13e688da6063cf31d/elements - {"using":"xpath","value":"//span[text()='Error']"}
RESULT: {"using":"xpath","value":"//span[text()='Error']"}
RESULT: undefined
COMMAND: POST /session/e534addae89ac3f13e688da6063cf31d/element - {"using":"xpath","value":"//*[@id=\"__tile37\"]"}
RESULT: {"using":"xpath","value":"//*[@id=\"__tile37\"]"}
COMMAND: POST /session/e534addae89ac3f13e688da6063cf31d/element/f.D88A710F58C031DD94180D36F4E40589.d.35F268269A9EAE3758919DE4A2EF256B.e.663/click - {}
RESULT: undefined
COMMAND: POST /session/e534addae89ac3f13e688da6063cf31d/element - {"using":"xpath","value":"//*[@id=\"__tile37\"]"}
RESULT: {"using":"xpath","value":"//*[@id=\"__tile37\"]"}
COMMAND: POST /session/e534addae89ac3f13e688da6063cf31d/element/f.D88A710F58C031DD94180D36F4E40589.d.35F268269A9EAE3758919DE4A2EF256B.e.663/click - {}
RESULT: undefined
COMMAND: POST /session/e534addae89ac3f13e688da6063cf31d/execute/async - {"script":"<script> [6424 bytes]","args":[{"element-6066-11e4-a52e-4f735466cecf":"f.D88A710F58C031DD94180D36F4E40589.d.35F268269A9EAE3758919DE4A2EF256B.e.296"},"getTitle",[]]}
COMMAND: POST /session/e534addae89ac3f13e688da6063cf31d/execute/async - {"script":"<script> [1562 bytes]","args":[{"selector":{"id":"shellAppTitle"},"wdio_ui5_key":"shellAppTitle"}]}
RESULT: {"script":"<script> [1562 bytes]","args":[{"selector":{"id":"shellAppTitle"},"wdio_ui5_key":"shellAppTitle"}]}
COMMAND: POST /session/e534addae89ac3f13e688da6063cf31d/execute/async - {"script":"<script> [6424 bytes]","args":[{"element-6066-11e4-a52e-4f735466cecf":"f.D88A710F58C031DD94180D36F4E40589.d.35F268269A9EAE3758919DE4A2EF256B.e.731"},"getTitle",[]]}
RESULT: {"script":"<script> [6424 bytes]","args":[{"element-6066-11e4-a52e-4f735466cecf":"f.D88A710F58C031DD94180D36F4E40589.d.35F268269A9EAE3758919DE4A2EF256B.e.731"},"getTitle",[]]}
RESULT: undefined
COMMAND: POST /session/e534addae89ac3f13e688da6063cf31d/element/f.D88A710F58C031DD94180D36F4E40589.d.35F268269A9EAE3758919DE4A2EF256B.e.661/click - {}
RESULT: {}
COMMAND: GET /session/e534addae89ac3f13e688da6063cf31d/screenshot - {}
RESULT: {}
]]></system-out>
    </testcase>
    <testcase classname="chrome.136_0_7103_93.windows.Sanity_Tests_US104253" name="Should open Manage Calendars page" time="36.583">
      <system-out><![CDATA[
COMMAND: POST /session/e534addae89ac3f13e688da6063cf31d/execute/async - {"script":"<script> [1562 bytes]","args":[{"selector":{"controlType":"sap.m.GenericTile","properties":{"header":"Manage Calendars"}},"wdio_ui5_key":"sapm.GenericTile{\"header\":\"Manage Calendars\"}"}]}
RESULT: {"script":"<script> [1562 bytes]","args":[{"selector":{"controlType":"sap.m.GenericTile","properties":{"header":"Manage Calendars"}},"wdio_ui5_key":"sapm.GenericTile{\"header\":\"Manage Calendars\"}"}]}
RESULT: undefined
COMMAND: POST /session/e534addae89ac3f13e688da6063cf31d/element - {"using":"xpath","value":"//*[@id=\"__tile36\"]"}
RESULT: {"using":"xpath","value":"//*[@id=\"__tile36\"]"}
COMMAND: POST /session/e534addae89ac3f13e688da6063cf31d/element/f.D88A710F58C031DD94180D36F4E40589.d.35F268269A9EAE3758919DE4A2EF256B.e.734/click - {}
RESULT: {}
COMMAND: GET /session/e534addae89ac3f13e688da6063cf31d/screenshot - {}
RESULT: {}
COMMAND: POST /session/e534addae89ac3f13e688da6063cf31d/elements - {"using":"xpath","value":"//span[text()='Error']"}
RESULT: {"using":"xpath","value":"//span[text()='Error']"}
RESULT: undefined
COMMAND: POST /session/e534addae89ac3f13e688da6063cf31d/element - {"using":"xpath","value":"//*[@id=\"__tile36\"]"}
RESULT: {"using":"xpath","value":"//*[@id=\"__tile36\"]"}
COMMAND: POST /session/e534addae89ac3f13e688da6063cf31d/element/f.D88A710F58C031DD94180D36F4E40589.d.35F268269A9EAE3758919DE4A2EF256B.e.734/click - {}
RESULT: undefined
COMMAND: POST /session/e534addae89ac3f13e688da6063cf31d/element - {"using":"xpath","value":"//*[@id=\"__tile36\"]"}
RESULT: {"using":"xpath","value":"//*[@id=\"__tile36\"]"}
COMMAND: POST /session/e534addae89ac3f13e688da6063cf31d/element/f.D88A710F58C031DD94180D36F4E40589.d.35F268269A9EAE3758919DE4A2EF256B.e.734/click - {}
RESULT: undefined
COMMAND: POST /session/e534addae89ac3f13e688da6063cf31d/execute/async - {"script":"<script> [6424 bytes]","args":[{"element-6066-11e4-a52e-4f735466cecf":"f.D88A710F58C031DD94180D36F4E40589.d.35F268269A9EAE3758919DE4A2EF256B.e.296"},"getTitle",[]]}
COMMAND: POST /session/e534addae89ac3f13e688da6063cf31d/execute/async - {"script":"<script> [1562 bytes]","args":[{"selector":{"id":"shellAppTitle"},"wdio_ui5_key":"shellAppTitle"}]}
RESULT: {"script":"<script> [1562 bytes]","args":[{"selector":{"id":"shellAppTitle"},"wdio_ui5_key":"shellAppTitle"}]}
COMMAND: POST /session/e534addae89ac3f13e688da6063cf31d/execute/async - {"script":"<script> [6424 bytes]","args":[{"element-6066-11e4-a52e-4f735466cecf":"f.D88A710F58C031DD94180D36F4E40589.d.35F268269A9EAE3758919DE4A2EF256B.e.883"},"getTitle",[]]}
RESULT: {"script":"<script> [6424 bytes]","args":[{"element-6066-11e4-a52e-4f735466cecf":"f.D88A710F58C031DD94180D36F4E40589.d.35F268269A9EAE3758919DE4A2EF256B.e.883"},"getTitle",[]]}
RESULT: undefined
COMMAND: POST /session/e534addae89ac3f13e688da6063cf31d/element/f.D88A710F58C031DD94180D36F4E40589.d.35F268269A9EAE3758919DE4A2EF256B.e.661/click - {}
COMMAND: POST /session/e534addae89ac3f13e688da6063cf31d/element - {"using":"xpath","value":"//*[@id=\"backBtn\"]"}
RESULT: {"using":"xpath","value":"//*[@id=\"backBtn\"]"}
COMMAND: POST /session/e534addae89ac3f13e688da6063cf31d/element/f.D88A710F58C031DD94180D36F4E40589.d.35F268269A9EAE3758919DE4A2EF256B.e.661/click - {}
COMMAND: POST /session/e534addae89ac3f13e688da6063cf31d/element - {"using":"xpath","value":"//*[@id=\"backBtn\"]"}
RESULT: {"using":"xpath","value":"//*[@id=\"backBtn\"]"}
COMMAND: POST /session/e534addae89ac3f13e688da6063cf31d/element/f.D88A710F58C031DD94180D36F4E40589.d.35F268269A9EAE3758919DE4A2EF256B.e.884/click - {}
RESULT: {}
COMMAND: GET /session/e534addae89ac3f13e688da6063cf31d/screenshot - {}
RESULT: {}
]]></system-out>
    </testcase>
    <testcase classname="chrome.136_0_7103_93.windows.Sanity_Tests_US104253" name="Should open Address Management page" time="36.632">
      <system-out><![CDATA[
COMMAND: POST /session/e534addae89ac3f13e688da6063cf31d/execute/async - {"script":"<script> [1562 bytes]","args":[{"selector":{"controlType":"sap.m.GenericTile","properties":{"header":"Address Management"}},"wdio_ui5_key":"sapm.GenericTile{\"header\":\"Address Management\"}"}]}
RESULT: {"script":"<script> [1562 bytes]","args":[{"selector":{"controlType":"sap.m.GenericTile","properties":{"header":"Address Management"}},"wdio_ui5_key":"sapm.GenericTile{\"header\":\"Address Management\"}"}]}
RESULT: undefined
COMMAND: POST /session/e534addae89ac3f13e688da6063cf31d/element - {"using":"xpath","value":"//*[@id=\"__tile33\"]"}
RESULT: {"using":"xpath","value":"//*[@id=\"__tile33\"]"}
COMMAND: POST /session/e534addae89ac3f13e688da6063cf31d/element/f.D88A710F58C031DD94180D36F4E40589.d.35F268269A9EAE3758919DE4A2EF256B.e.886/click - {}
RESULT: {}
COMMAND: GET /session/e534addae89ac3f13e688da6063cf31d/screenshot - {}
RESULT: {}
COMMAND: POST /session/e534addae89ac3f13e688da6063cf31d/elements - {"using":"xpath","value":"//span[text()='Error']"}
RESULT: {"using":"xpath","value":"//span[text()='Error']"}
RESULT: undefined
COMMAND: POST /session/e534addae89ac3f13e688da6063cf31d/element - {"using":"xpath","value":"//*[@id=\"__tile33\"]"}
RESULT: {"using":"xpath","value":"//*[@id=\"__tile33\"]"}
COMMAND: POST /session/e534addae89ac3f13e688da6063cf31d/element/f.D88A710F58C031DD94180D36F4E40589.d.35F268269A9EAE3758919DE4A2EF256B.e.886/click - {}
RESULT: undefined
COMMAND: POST /session/e534addae89ac3f13e688da6063cf31d/element - {"using":"xpath","value":"//*[@id=\"__tile33\"]"}
RESULT: {"using":"xpath","value":"//*[@id=\"__tile33\"]"}
COMMAND: POST /session/e534addae89ac3f13e688da6063cf31d/element/f.D88A710F58C031DD94180D36F4E40589.d.35F268269A9EAE3758919DE4A2EF256B.e.886/click - {}
RESULT: undefined
COMMAND: POST /session/e534addae89ac3f13e688da6063cf31d/execute/async - {"script":"<script> [6424 bytes]","args":[{"element-6066-11e4-a52e-4f735466cecf":"f.D88A710F58C031DD94180D36F4E40589.d.35F268269A9EAE3758919DE4A2EF256B.e.296"},"getTitle",[]]}
COMMAND: POST /session/e534addae89ac3f13e688da6063cf31d/execute/async - {"script":"<script> [1562 bytes]","args":[{"selector":{"id":"shellAppTitle"},"wdio_ui5_key":"shellAppTitle"}]}
RESULT: {"script":"<script> [1562 bytes]","args":[{"selector":{"id":"shellAppTitle"},"wdio_ui5_key":"shellAppTitle"}]}
COMMAND: POST /session/e534addae89ac3f13e688da6063cf31d/execute/async - {"script":"<script> [6424 bytes]","args":[{"element-6066-11e4-a52e-4f735466cecf":"f.D88A710F58C031DD94180D36F4E40589.d.35F268269A9EAE3758919DE4A2EF256B.e.1080"},"getTitle",[]]}
RESULT: {"script":"<script> [6424 bytes]","args":[{"element-6066-11e4-a52e-4f735466cecf":"f.D88A710F58C031DD94180D36F4E40589.d.35F268269A9EAE3758919DE4A2EF256B.e.1080"},"getTitle",[]]}
RESULT: undefined
COMMAND: POST /session/e534addae89ac3f13e688da6063cf31d/element/f.D88A710F58C031DD94180D36F4E40589.d.35F268269A9EAE3758919DE4A2EF256B.e.884/click - {}
RESULT: {}
COMMAND: GET /session/e534addae89ac3f13e688da6063cf31d/screenshot - {}
RESULT: {}
]]></system-out>
    </testcase>
    <testcase classname="chrome.136_0_7103_93.windows.Sanity_Tests_US104253" name="Should open Bill Of Resources page" time="40.187">
      <system-out><![CDATA[
COMMAND: POST /session/e534addae89ac3f13e688da6063cf31d/execute/async - {"script":"<script> [1562 bytes]","args":[{"selector":{"controlType":"sap.m.GenericTile","properties":{"header":"Bill Of Resources"}},"wdio_ui5_key":"sapm.GenericTile{\"header\":\"Bill Of Resources\"}"}]}
RESULT: {"script":"<script> [1562 bytes]","args":[{"selector":{"controlType":"sap.m.GenericTile","properties":{"header":"Bill Of Resources"}},"wdio_ui5_key":"sapm.GenericTile{\"header\":\"Bill Of Resources\"}"}]}
RESULT: undefined
COMMAND: POST /session/e534addae89ac3f13e688da6063cf31d/element - {"using":"xpath","value":"//*[@id=\"__tile34\"]"}
RESULT: {"using":"xpath","value":"//*[@id=\"__tile34\"]"}
COMMAND: POST /session/e534addae89ac3f13e688da6063cf31d/element/f.D88A710F58C031DD94180D36F4E40589.d.35F268269A9EAE3758919DE4A2EF256B.e.1082/click - {}
RESULT: {}
COMMAND: GET /session/e534addae89ac3f13e688da6063cf31d/screenshot - {}
RESULT: {}
COMMAND: POST /session/e534addae89ac3f13e688da6063cf31d/elements - {"using":"xpath","value":"//span[text()='Error']"}
RESULT: {"using":"xpath","value":"//span[text()='Error']"}
RESULT: undefined
COMMAND: POST /session/e534addae89ac3f13e688da6063cf31d/element - {"using":"xpath","value":"//*[@id=\"__tile34\"]"}
RESULT: {"using":"xpath","value":"//*[@id=\"__tile34\"]"}
COMMAND: POST /session/e534addae89ac3f13e688da6063cf31d/element/f.D88A710F58C031DD94180D36F4E40589.d.35F268269A9EAE3758919DE4A2EF256B.e.1082/click - {}
RESULT: undefined
COMMAND: POST /session/e534addae89ac3f13e688da6063cf31d/element - {"using":"xpath","value":"//*[@id=\"__tile34\"]"}
RESULT: {"using":"xpath","value":"//*[@id=\"__tile34\"]"}
COMMAND: POST /session/e534addae89ac3f13e688da6063cf31d/element/f.D88A710F58C031DD94180D36F4E40589.d.35F268269A9EAE3758919DE4A2EF256B.e.1082/click - {}
RESULT: undefined
COMMAND: POST /session/e534addae89ac3f13e688da6063cf31d/execute/async - {"script":"<script> [6424 bytes]","args":[{"element-6066-11e4-a52e-4f735466cecf":"f.D88A710F58C031DD94180D36F4E40589.d.35F268269A9EAE3758919DE4A2EF256B.e.296"},"getTitle",[]]}
COMMAND: POST /session/e534addae89ac3f13e688da6063cf31d/execute/async - {"script":"<script> [1562 bytes]","args":[{"selector":{"id":"shellAppTitle"},"wdio_ui5_key":"shellAppTitle"}]}
RESULT: {"script":"<script> [1562 bytes]","args":[{"selector":{"id":"shellAppTitle"},"wdio_ui5_key":"shellAppTitle"}]}
COMMAND: POST /session/e534addae89ac3f13e688da6063cf31d/execute/async - {"script":"<script> [6424 bytes]","args":[{"element-6066-11e4-a52e-4f735466cecf":"f.D88A710F58C031DD94180D36F4E40589.d.35F268269A9EAE3758919DE4A2EF256B.e.1180"},"getTitle",[]]}
RESULT: {"script":"<script> [6424 bytes]","args":[{"element-6066-11e4-a52e-4f735466cecf":"f.D88A710F58C031DD94180D36F4E40589.d.35F268269A9EAE3758919DE4A2EF256B.e.1180"},"getTitle",[]]}
RESULT: undefined
COMMAND: POST /session/e534addae89ac3f13e688da6063cf31d/element/f.D88A710F58C031DD94180D36F4E40589.d.35F268269A9EAE3758919DE4A2EF256B.e.884/click - {}
COMMAND: POST /session/e534addae89ac3f13e688da6063cf31d/element - {"using":"xpath","value":"//*[@id=\"backBtn\"]"}
RESULT: {"using":"xpath","value":"//*[@id=\"backBtn\"]"}
COMMAND: POST /session/e534addae89ac3f13e688da6063cf31d/element/f.D88A710F58C031DD94180D36F4E40589.d.35F268269A9EAE3758919DE4A2EF256B.e.884/click - {}
COMMAND: POST /session/e534addae89ac3f13e688da6063cf31d/element - {"using":"xpath","value":"//*[@id=\"backBtn\"]"}
RESULT: {"using":"xpath","value":"//*[@id=\"backBtn\"]"}
COMMAND: POST /session/e534addae89ac3f13e688da6063cf31d/element/f.D88A710F58C031DD94180D36F4E40589.d.35F268269A9EAE3758919DE4A2EF256B.e.1181/click - {}
RESULT: {}
COMMAND: GET /session/e534addae89ac3f13e688da6063cf31d/screenshot - {}
RESULT: {}
]]></system-out>
    </testcase>
    <testcase classname="chrome.136_0_7103_93.windows.Sanity_Tests_US104253" name="Should open Manage Yards page" time="36.214">
      <system-out><![CDATA[
COMMAND: POST /session/e534addae89ac3f13e688da6063cf31d/execute/async - {"script":"<script> [1562 bytes]","args":[{"selector":{"controlType":"sap.m.GenericTile","properties":{"header":"Manage Yards"}},"wdio_ui5_key":"sapm.GenericTile{\"header\":\"Manage Yards\"}"}]}
RESULT: {"script":"<script> [1562 bytes]","args":[{"selector":{"controlType":"sap.m.GenericTile","properties":{"header":"Manage Yards"}},"wdio_ui5_key":"sapm.GenericTile{\"header\":\"Manage Yards\"}"}]}
RESULT: undefined
COMMAND: POST /session/e534addae89ac3f13e688da6063cf31d/element - {"using":"xpath","value":"//*[@id=\"__tile41\"]"}
RESULT: {"using":"xpath","value":"//*[@id=\"__tile41\"]"}
COMMAND: POST /session/e534addae89ac3f13e688da6063cf31d/element/f.D88A710F58C031DD94180D36F4E40589.d.35F268269A9EAE3758919DE4A2EF256B.e.1183/click - {}
RESULT: {}
COMMAND: GET /session/e534addae89ac3f13e688da6063cf31d/screenshot - {}
RESULT: {}
COMMAND: POST /session/e534addae89ac3f13e688da6063cf31d/elements - {"using":"xpath","value":"//span[text()='Error']"}
RESULT: {"using":"xpath","value":"//span[text()='Error']"}
RESULT: undefined
COMMAND: POST /session/e534addae89ac3f13e688da6063cf31d/element - {"using":"xpath","value":"//*[@id=\"__tile41\"]"}
RESULT: {"using":"xpath","value":"//*[@id=\"__tile41\"]"}
COMMAND: POST /session/e534addae89ac3f13e688da6063cf31d/element/f.D88A710F58C031DD94180D36F4E40589.d.35F268269A9EAE3758919DE4A2EF256B.e.1183/click - {}
RESULT: undefined
COMMAND: POST /session/e534addae89ac3f13e688da6063cf31d/element - {"using":"xpath","value":"//*[@id=\"__tile41\"]"}
RESULT: {"using":"xpath","value":"//*[@id=\"__tile41\"]"}
COMMAND: POST /session/e534addae89ac3f13e688da6063cf31d/element/f.D88A710F58C031DD94180D36F4E40589.d.35F268269A9EAE3758919DE4A2EF256B.e.1183/click - {}
RESULT: undefined
COMMAND: POST /session/e534addae89ac3f13e688da6063cf31d/execute/async - {"script":"<script> [6424 bytes]","args":[{"element-6066-11e4-a52e-4f735466cecf":"f.D88A710F58C031DD94180D36F4E40589.d.35F268269A9EAE3758919DE4A2EF256B.e.296"},"getTitle",[]]}
COMMAND: POST /session/e534addae89ac3f13e688da6063cf31d/execute/async - {"script":"<script> [1562 bytes]","args":[{"selector":{"id":"shellAppTitle"},"wdio_ui5_key":"shellAppTitle"}]}
RESULT: {"script":"<script> [1562 bytes]","args":[{"selector":{"id":"shellAppTitle"},"wdio_ui5_key":"shellAppTitle"}]}
COMMAND: POST /session/e534addae89ac3f13e688da6063cf31d/execute/async - {"script":"<script> [6424 bytes]","args":[{"element-6066-11e4-a52e-4f735466cecf":"f.D88A710F58C031DD94180D36F4E40589.d.35F268269A9EAE3758919DE4A2EF256B.e.1363"},"getTitle",[]]}
RESULT: {"script":"<script> [6424 bytes]","args":[{"element-6066-11e4-a52e-4f735466cecf":"f.D88A710F58C031DD94180D36F4E40589.d.35F268269A9EAE3758919DE4A2EF256B.e.1363"},"getTitle",[]]}
RESULT: undefined
COMMAND: POST /session/e534addae89ac3f13e688da6063cf31d/element/f.D88A710F58C031DD94180D36F4E40589.d.35F268269A9EAE3758919DE4A2EF256B.e.1181/click - {}
RESULT: {}
COMMAND: GET /session/e534addae89ac3f13e688da6063cf31d/screenshot - {}
RESULT: {}
]]></system-out>
    </testcase>
    <testcase classname="chrome.136_0_7103_93.windows.Sanity_Tests_US104253" name="Should open Manage Requests page" time="37.617">
      <system-out><![CDATA[
COMMAND: POST /session/e534addae89ac3f13e688da6063cf31d/execute/async - {"script":"<script> [1562 bytes]","args":[{"selector":{"controlType":"sap.m.GenericTile","properties":{"header":"Manage Requests"}},"wdio_ui5_key":"sapm.GenericTile{\"header\":\"Manage Requests\"}"}]}
RESULT: {"script":"<script> [1562 bytes]","args":[{"selector":{"controlType":"sap.m.GenericTile","properties":{"header":"Manage Requests"}},"wdio_ui5_key":"sapm.GenericTile{\"header\":\"Manage Requests\"}"}]}
RESULT: undefined
COMMAND: POST /session/e534addae89ac3f13e688da6063cf31d/element - {"using":"xpath","value":"//*[@id=\"__tile47\"]"}
RESULT: {"using":"xpath","value":"//*[@id=\"__tile47\"]"}
COMMAND: POST /session/e534addae89ac3f13e688da6063cf31d/element/f.D88A710F58C031DD94180D36F4E40589.d.35F268269A9EAE3758919DE4A2EF256B.e.1365/click - {}
RESULT: {}
COMMAND: GET /session/e534addae89ac3f13e688da6063cf31d/screenshot - {}
RESULT: {}
COMMAND: POST /session/e534addae89ac3f13e688da6063cf31d/elements - {"using":"xpath","value":"//span[text()='Error']"}
RESULT: {"using":"xpath","value":"//span[text()='Error']"}
RESULT: undefined
COMMAND: POST /session/e534addae89ac3f13e688da6063cf31d/element - {"using":"xpath","value":"//*[@id=\"__tile47\"]"}
RESULT: {"using":"xpath","value":"//*[@id=\"__tile47\"]"}
COMMAND: POST /session/e534addae89ac3f13e688da6063cf31d/element/f.D88A710F58C031DD94180D36F4E40589.d.35F268269A9EAE3758919DE4A2EF256B.e.1365/click - {}
RESULT: undefined
COMMAND: POST /session/e534addae89ac3f13e688da6063cf31d/element - {"using":"xpath","value":"//*[@id=\"__tile47\"]"}
RESULT: {"using":"xpath","value":"//*[@id=\"__tile47\"]"}
COMMAND: POST /session/e534addae89ac3f13e688da6063cf31d/element/f.D88A710F58C031DD94180D36F4E40589.d.35F268269A9EAE3758919DE4A2EF256B.e.1365/click - {}
RESULT: undefined
COMMAND: POST /session/e534addae89ac3f13e688da6063cf31d/execute/async - {"script":"<script> [6424 bytes]","args":[{"element-6066-11e4-a52e-4f735466cecf":"f.D88A710F58C031DD94180D36F4E40589.d.35F268269A9EAE3758919DE4A2EF256B.e.296"},"getTitle",[]]}
COMMAND: POST /session/e534addae89ac3f13e688da6063cf31d/execute/async - {"script":"<script> [1562 bytes]","args":[{"selector":{"id":"shellAppTitle"},"wdio_ui5_key":"shellAppTitle"}]}
RESULT: {"script":"<script> [1562 bytes]","args":[{"selector":{"id":"shellAppTitle"},"wdio_ui5_key":"shellAppTitle"}]}
COMMAND: POST /session/e534addae89ac3f13e688da6063cf31d/execute/async - {"script":"<script> [6424 bytes]","args":[{"element-6066-11e4-a52e-4f735466cecf":"f.D88A710F58C031DD94180D36F4E40589.d.35F268269A9EAE3758919DE4A2EF256B.e.1460"},"getTitle",[]]}
RESULT: {"script":"<script> [6424 bytes]","args":[{"element-6066-11e4-a52e-4f735466cecf":"f.D88A710F58C031DD94180D36F4E40589.d.35F268269A9EAE3758919DE4A2EF256B.e.1460"},"getTitle",[]]}
RESULT: undefined
COMMAND: POST /session/e534addae89ac3f13e688da6063cf31d/element/f.D88A710F58C031DD94180D36F4E40589.d.35F268269A9EAE3758919DE4A2EF256B.e.1181/click - {}
COMMAND: POST /session/e534addae89ac3f13e688da6063cf31d/element - {"using":"xpath","value":"//*[@id=\"backBtn\"]"}
RESULT: {"using":"xpath","value":"//*[@id=\"backBtn\"]"}
COMMAND: POST /session/e534addae89ac3f13e688da6063cf31d/element/f.D88A710F58C031DD94180D36F4E40589.d.35F268269A9EAE3758919DE4A2EF256B.e.1181/click - {}
COMMAND: POST /session/e534addae89ac3f13e688da6063cf31d/element - {"using":"xpath","value":"//*[@id=\"backBtn\"]"}
RESULT: {"using":"xpath","value":"//*[@id=\"backBtn\"]"}
COMMAND: POST /session/e534addae89ac3f13e688da6063cf31d/element/f.D88A710F58C031DD94180D36F4E40589.d.35F268269A9EAE3758919DE4A2EF256B.e.1461/click - {}
RESULT: {}
COMMAND: GET /session/e534addae89ac3f13e688da6063cf31d/screenshot - {}
RESULT: {}
]]></system-out>
    </testcase>
    <testcase classname="chrome.136_0_7103_93.windows.Sanity_Tests_US104253" name="Should open Manage Purchasing page" time="39.345">
      <system-out><![CDATA[
COMMAND: POST /session/e534addae89ac3f13e688da6063cf31d/execute/async - {"script":"<script> [1562 bytes]","args":[{"selector":{"controlType":"sap.m.GenericTile","properties":{"header":"Manage Purchasing"}},"wdio_ui5_key":"sapm.GenericTile{\"header\":\"Manage Purchasing\"}"}]}
RESULT: {"script":"<script> [1562 bytes]","args":[{"selector":{"controlType":"sap.m.GenericTile","properties":{"header":"Manage Purchasing"}},"wdio_ui5_key":"sapm.GenericTile{\"header\":\"Manage Purchasing\"}"}]}
RESULT: undefined
COMMAND: POST /session/e534addae89ac3f13e688da6063cf31d/element - {"using":"xpath","value":"//*[@id=\"__tile46\"]"}
RESULT: {"using":"xpath","value":"//*[@id=\"__tile46\"]"}
COMMAND: POST /session/e534addae89ac3f13e688da6063cf31d/element/f.D88A710F58C031DD94180D36F4E40589.d.35F268269A9EAE3758919DE4A2EF256B.e.1464/click - {}
RESULT: {}
COMMAND: GET /session/e534addae89ac3f13e688da6063cf31d/screenshot - {}
RESULT: {}
COMMAND: POST /session/e534addae89ac3f13e688da6063cf31d/elements - {"using":"xpath","value":"//span[text()='Error']"}
RESULT: {"using":"xpath","value":"//span[text()='Error']"}
RESULT: undefined
COMMAND: POST /session/e534addae89ac3f13e688da6063cf31d/element - {"using":"xpath","value":"//*[@id=\"__tile46\"]"}
RESULT: {"using":"xpath","value":"//*[@id=\"__tile46\"]"}
COMMAND: POST /session/e534addae89ac3f13e688da6063cf31d/element/f.D88A710F58C031DD94180D36F4E40589.d.35F268269A9EAE3758919DE4A2EF256B.e.1464/click - {}
RESULT: undefined
COMMAND: POST /session/e534addae89ac3f13e688da6063cf31d/element - {"using":"xpath","value":"//*[@id=\"__tile46\"]"}
RESULT: {"using":"xpath","value":"//*[@id=\"__tile46\"]"}
COMMAND: POST /session/e534addae89ac3f13e688da6063cf31d/element/f.D88A710F58C031DD94180D36F4E40589.d.35F268269A9EAE3758919DE4A2EF256B.e.1464/click - {}
RESULT: undefined
COMMAND: POST /session/e534addae89ac3f13e688da6063cf31d/execute/async - {"script":"<script> [6424 bytes]","args":[{"element-6066-11e4-a52e-4f735466cecf":"f.D88A710F58C031DD94180D36F4E40589.d.35F268269A9EAE3758919DE4A2EF256B.e.296"},"getTitle",[]]}
COMMAND: POST /session/e534addae89ac3f13e688da6063cf31d/execute/async - {"script":"<script> [1562 bytes]","args":[{"selector":{"id":"shellAppTitle"},"wdio_ui5_key":"shellAppTitle"}]}
RESULT: {"script":"<script> [1562 bytes]","args":[{"selector":{"id":"shellAppTitle"},"wdio_ui5_key":"shellAppTitle"}]}
COMMAND: POST /session/e534addae89ac3f13e688da6063cf31d/execute/async - {"script":"<script> [6424 bytes]","args":[{"element-6066-11e4-a52e-4f735466cecf":"f.D88A710F58C031DD94180D36F4E40589.d.35F268269A9EAE3758919DE4A2EF256B.e.1546"},"getTitle",[]]}
RESULT: {"script":"<script> [6424 bytes]","args":[{"element-6066-11e4-a52e-4f735466cecf":"f.D88A710F58C031DD94180D36F4E40589.d.35F268269A9EAE3758919DE4A2EF256B.e.1546"},"getTitle",[]]}
RESULT: undefined
COMMAND: POST /session/e534addae89ac3f13e688da6063cf31d/element/f.D88A710F58C031DD94180D36F4E40589.d.35F268269A9EAE3758919DE4A2EF256B.e.1461/click - {}
RESULT: {}
COMMAND: GET /session/e534addae89ac3f13e688da6063cf31d/screenshot - {}
RESULT: {}
]]></system-out>
    </testcase>
    <testcase classname="chrome.136_0_7103_93.windows.Sanity_Tests_US104253" name="Should open Planning Board page" time="37.047">
      <system-out><![CDATA[
COMMAND: POST /session/e534addae89ac3f13e688da6063cf31d/execute/async - {"script":"<script> [1562 bytes]","args":[{"selector":{"controlType":"sap.m.GenericTile","properties":{"header":"Planning Board"}},"wdio_ui5_key":"sapm.GenericTile{\"header\":\"Planning Board\"}"}]}
RESULT: {"script":"<script> [1562 bytes]","args":[{"selector":{"controlType":"sap.m.GenericTile","properties":{"header":"Planning Board"}},"wdio_ui5_key":"sapm.GenericTile{\"header\":\"Planning Board\"}"}]}
RESULT: undefined
COMMAND: POST /session/e534addae89ac3f13e688da6063cf31d/element - {"using":"xpath","value":"//*[@id=\"__tile130\"]"}
RESULT: {"using":"xpath","value":"//*[@id=\"__tile130\"]"}
COMMAND: POST /session/e534addae89ac3f13e688da6063cf31d/element/f.D88A710F58C031DD94180D36F4E40589.d.35F268269A9EAE3758919DE4A2EF256B.e.1548/click - {}
RESULT: {}
COMMAND: GET /session/e534addae89ac3f13e688da6063cf31d/screenshot - {}
RESULT: {}
COMMAND: POST /session/e534addae89ac3f13e688da6063cf31d/elements - {"using":"xpath","value":"//span[text()='Error']"}
RESULT: {"using":"xpath","value":"//span[text()='Error']"}
RESULT: undefined
COMMAND: POST /session/e534addae89ac3f13e688da6063cf31d/element - {"using":"xpath","value":"//*[@id=\"__tile130\"]"}
RESULT: {"using":"xpath","value":"//*[@id=\"__tile130\"]"}
COMMAND: POST /session/e534addae89ac3f13e688da6063cf31d/element/f.D88A710F58C031DD94180D36F4E40589.d.35F268269A9EAE3758919DE4A2EF256B.e.1548/click - {}
RESULT: undefined
COMMAND: POST /session/e534addae89ac3f13e688da6063cf31d/element - {"using":"xpath","value":"//*[@id=\"__tile130\"]"}
RESULT: {"using":"xpath","value":"//*[@id=\"__tile130\"]"}
COMMAND: POST /session/e534addae89ac3f13e688da6063cf31d/element/f.D88A710F58C031DD94180D36F4E40589.d.35F268269A9EAE3758919DE4A2EF256B.e.1548/click - {}
RESULT: undefined
COMMAND: POST /session/e534addae89ac3f13e688da6063cf31d/execute/async - {"script":"<script> [6424 bytes]","args":[{"element-6066-11e4-a52e-4f735466cecf":"f.D88A710F58C031DD94180D36F4E40589.d.35F268269A9EAE3758919DE4A2EF256B.e.296"},"getTitle",[]]}
COMMAND: POST /session/e534addae89ac3f13e688da6063cf31d/execute/async - {"script":"<script> [1562 bytes]","args":[{"selector":{"id":"shellAppTitle"},"wdio_ui5_key":"shellAppTitle"}]}
RESULT: {"script":"<script> [1562 bytes]","args":[{"selector":{"id":"shellAppTitle"},"wdio_ui5_key":"shellAppTitle"}]}
COMMAND: POST /session/e534addae89ac3f13e688da6063cf31d/execute/async - {"script":"<script> [6424 bytes]","args":[{"element-6066-11e4-a52e-4f735466cecf":"f.D88A710F58C031DD94180D36F4E40589.d.35F268269A9EAE3758919DE4A2EF256B.e.1595"},"getTitle",[]]}
RESULT: {"script":"<script> [6424 bytes]","args":[{"element-6066-11e4-a52e-4f735466cecf":"f.D88A710F58C031DD94180D36F4E40589.d.35F268269A9EAE3758919DE4A2EF256B.e.1595"},"getTitle",[]]}
RESULT: undefined
COMMAND: POST /session/e534addae89ac3f13e688da6063cf31d/element/f.D88A710F58C031DD94180D36F4E40589.d.35F268269A9EAE3758919DE4A2EF256B.e.1461/click - {}
COMMAND: POST /session/e534addae89ac3f13e688da6063cf31d/element/f.D88A710F58C031DD94180D36F4E40589.d.35F268269A9EAE3758919DE4A2EF256B.e.1461/click - {}
COMMAND: POST /session/e534addae89ac3f13e688da6063cf31d/element - {"using":"xpath","value":"//*[@id=\"backBtn\"]"}
COMMAND: POST /session/e534addae89ac3f13e688da6063cf31d/element - {"using":"xpath","value":"//*[@id=\"backBtn\"]"}
RESULT: {"using":"xpath","value":"//*[@id=\"backBtn\"]"}
COMMAND: POST /session/e534addae89ac3f13e688da6063cf31d/element/f.D88A710F58C031DD94180D36F4E40589.d.35F268269A9EAE3758919DE4A2EF256B.e.1461/click - {}
RESULT: {"using":"xpath","value":"//*[@id=\"backBtn\"]"}
COMMAND: POST /session/e534addae89ac3f13e688da6063cf31d/element/f.D88A710F58C031DD94180D36F4E40589.d.35F268269A9EAE3758919DE4A2EF256B.e.1461/click - {}
COMMAND: POST /session/e534addae89ac3f13e688da6063cf31d/element - {"using":"xpath","value":"//*[@id=\"backBtn\"]"}
COMMAND: POST /session/e534addae89ac3f13e688da6063cf31d/element - {"using":"xpath","value":"//*[@id=\"backBtn\"]"}
RESULT: {"using":"xpath","value":"//*[@id=\"backBtn\"]"}
COMMAND: POST /session/e534addae89ac3f13e688da6063cf31d/element/f.D88A710F58C031DD94180D36F4E40589.d.35F268269A9EAE3758919DE4A2EF256B.e.1596/click - {}
RESULT: {"using":"xpath","value":"//*[@id=\"backBtn\"]"}
COMMAND: POST /session/e534addae89ac3f13e688da6063cf31d/element/f.D88A710F58C031DD94180D36F4E40589.d.35F268269A9EAE3758919DE4A2EF256B.e.1596/click - {}
RESULT: {}
COMMAND: GET /session/e534addae89ac3f13e688da6063cf31d/screenshot - {}
RESULT: {}
COMMAND: GET /session/e534addae89ac3f13e688da6063cf31d/screenshot - {}
RESULT: {}
RESULT: {}
]]></system-out>
    </testcase>
    <testcase classname="chrome.136_0_7103_93.windows.Sanity_Tests_US104253" name="Should open Manage Contracts page" time="37.781">
      <system-out><![CDATA[
COMMAND: POST /session/e534addae89ac3f13e688da6063cf31d/execute/async - {"script":"<script> [1562 bytes]","args":[{"selector":{"controlType":"sap.m.GenericTile","properties":{"header":"Manage Contracts"}},"wdio_ui5_key":"sapm.GenericTile{\"header\":\"Manage Contracts\"}"}]}
RESULT: {"script":"<script> [1562 bytes]","args":[{"selector":{"controlType":"sap.m.GenericTile","properties":{"header":"Manage Contracts"}},"wdio_ui5_key":"sapm.GenericTile{\"header\":\"Manage Contracts\"}"}]}
RESULT: undefined
COMMAND: POST /session/e534addae89ac3f13e688da6063cf31d/element - {"using":"xpath","value":"//*[@id=\"__tile131\"]"}
RESULT: {"using":"xpath","value":"//*[@id=\"__tile131\"]"}
COMMAND: POST /session/e534addae89ac3f13e688da6063cf31d/element/f.D88A710F58C031DD94180D36F4E40589.d.35F268269A9EAE3758919DE4A2EF256B.e.1598/click - {}
RESULT: {}
COMMAND: GET /session/e534addae89ac3f13e688da6063cf31d/screenshot - {}
RESULT: {}
COMMAND: POST /session/e534addae89ac3f13e688da6063cf31d/elements - {"using":"xpath","value":"//span[text()='Error']"}
RESULT: {"using":"xpath","value":"//span[text()='Error']"}
RESULT: undefined
COMMAND: POST /session/e534addae89ac3f13e688da6063cf31d/element - {"using":"xpath","value":"//*[@id=\"__tile131\"]"}
RESULT: {"using":"xpath","value":"//*[@id=\"__tile131\"]"}
COMMAND: POST /session/e534addae89ac3f13e688da6063cf31d/element/f.D88A710F58C031DD94180D36F4E40589.d.35F268269A9EAE3758919DE4A2EF256B.e.1598/click - {}
RESULT: undefined
COMMAND: POST /session/e534addae89ac3f13e688da6063cf31d/element - {"using":"xpath","value":"//*[@id=\"__tile131\"]"}
RESULT: {"using":"xpath","value":"//*[@id=\"__tile131\"]"}
COMMAND: POST /session/e534addae89ac3f13e688da6063cf31d/element/f.D88A710F58C031DD94180D36F4E40589.d.35F268269A9EAE3758919DE4A2EF256B.e.1598/click - {}
RESULT: undefined
COMMAND: POST /session/e534addae89ac3f13e688da6063cf31d/execute/async - {"script":"<script> [6424 bytes]","args":[{"element-6066-11e4-a52e-4f735466cecf":"f.D88A710F58C031DD94180D36F4E40589.d.35F268269A9EAE3758919DE4A2EF256B.e.296"},"getTitle",[]]}
COMMAND: POST /session/e534addae89ac3f13e688da6063cf31d/execute/async - {"script":"<script> [1562 bytes]","args":[{"selector":{"id":"shellAppTitle"},"wdio_ui5_key":"shellAppTitle"}]}
RESULT: {"script":"<script> [1562 bytes]","args":[{"selector":{"id":"shellAppTitle"},"wdio_ui5_key":"shellAppTitle"}]}
COMMAND: POST /session/e534addae89ac3f13e688da6063cf31d/execute/async - {"script":"<script> [6424 bytes]","args":[{"element-6066-11e4-a52e-4f735466cecf":"f.D88A710F58C031DD94180D36F4E40589.d.35F268269A9EAE3758919DE4A2EF256B.e.1660"},"getTitle",[]]}
RESULT: {"script":"<script> [6424 bytes]","args":[{"element-6066-11e4-a52e-4f735466cecf":"f.D88A710F58C031DD94180D36F4E40589.d.35F268269A9EAE3758919DE4A2EF256B.e.1660"},"getTitle",[]]}
RESULT: undefined
COMMAND: POST /session/e534addae89ac3f13e688da6063cf31d/element/f.D88A710F58C031DD94180D36F4E40589.d.35F268269A9EAE3758919DE4A2EF256B.e.1596/click - {}
RESULT: {}
COMMAND: GET /session/e534addae89ac3f13e688da6063cf31d/screenshot - {}
RESULT: {}
]]></system-out>
    </testcase>
    <testcase classname="chrome.136_0_7103_93.windows.Sanity_Tests_US104253" name="Should open Manage Quotations page" time="36.365">
      <system-out><![CDATA[
COMMAND: POST /session/e534addae89ac3f13e688da6063cf31d/execute/async - {"script":"<script> [1562 bytes]","args":[{"selector":{"controlType":"sap.m.GenericTile","properties":{"header":"Manage Quotations"}},"wdio_ui5_key":"sapm.GenericTile{\"header\":\"Manage Quotations\"}"}]}
RESULT: {"script":"<script> [1562 bytes]","args":[{"selector":{"controlType":"sap.m.GenericTile","properties":{"header":"Manage Quotations"}},"wdio_ui5_key":"sapm.GenericTile{\"header\":\"Manage Quotations\"}"}]}
RESULT: undefined
COMMAND: POST /session/e534addae89ac3f13e688da6063cf31d/element - {"using":"xpath","value":"//*[@id=\"__tile133\"]"}
RESULT: {"using":"xpath","value":"//*[@id=\"__tile133\"]"}
COMMAND: POST /session/e534addae89ac3f13e688da6063cf31d/element/f.D88A710F58C031DD94180D36F4E40589.d.35F268269A9EAE3758919DE4A2EF256B.e.1662/click - {}
RESULT: {}
COMMAND: GET /session/e534addae89ac3f13e688da6063cf31d/screenshot - {}
RESULT: {}
COMMAND: POST /session/e534addae89ac3f13e688da6063cf31d/elements - {"using":"xpath","value":"//span[text()='Error']"}
RESULT: {"using":"xpath","value":"//span[text()='Error']"}
RESULT: undefined
COMMAND: POST /session/e534addae89ac3f13e688da6063cf31d/element - {"using":"xpath","value":"//*[@id=\"__tile133\"]"}
RESULT: {"using":"xpath","value":"//*[@id=\"__tile133\"]"}
COMMAND: POST /session/e534addae89ac3f13e688da6063cf31d/element/f.D88A710F58C031DD94180D36F4E40589.d.35F268269A9EAE3758919DE4A2EF256B.e.1662/click - {}
RESULT: undefined
COMMAND: POST /session/e534addae89ac3f13e688da6063cf31d/element - {"using":"xpath","value":"//*[@id=\"__tile133\"]"}
RESULT: {"using":"xpath","value":"//*[@id=\"__tile133\"]"}
COMMAND: POST /session/e534addae89ac3f13e688da6063cf31d/element/f.D88A710F58C031DD94180D36F4E40589.d.35F268269A9EAE3758919DE4A2EF256B.e.1662/click - {}
RESULT: undefined
COMMAND: POST /session/e534addae89ac3f13e688da6063cf31d/execute/async - {"script":"<script> [6424 bytes]","args":[{"element-6066-11e4-a52e-4f735466cecf":"f.D88A710F58C031DD94180D36F4E40589.d.35F268269A9EAE3758919DE4A2EF256B.e.296"},"getTitle",[]]}
COMMAND: POST /session/e534addae89ac3f13e688da6063cf31d/execute/async - {"script":"<script> [1562 bytes]","args":[{"selector":{"id":"shellAppTitle"},"wdio_ui5_key":"shellAppTitle"}]}
RESULT: {"script":"<script> [1562 bytes]","args":[{"selector":{"id":"shellAppTitle"},"wdio_ui5_key":"shellAppTitle"}]}
COMMAND: POST /session/e534addae89ac3f13e688da6063cf31d/execute/async - {"script":"<script> [6424 bytes]","args":[{"element-6066-11e4-a52e-4f735466cecf":"f.D88A710F58C031DD94180D36F4E40589.d.35F268269A9EAE3758919DE4A2EF256B.e.1736"},"getTitle",[]]}
RESULT: {"script":"<script> [6424 bytes]","args":[{"element-6066-11e4-a52e-4f735466cecf":"f.D88A710F58C031DD94180D36F4E40589.d.35F268269A9EAE3758919DE4A2EF256B.e.1736"},"getTitle",[]]}
RESULT: undefined
COMMAND: POST /session/e534addae89ac3f13e688da6063cf31d/element/f.D88A710F58C031DD94180D36F4E40589.d.35F268269A9EAE3758919DE4A2EF256B.e.1596/click - {}
COMMAND: POST /session/e534addae89ac3f13e688da6063cf31d/element - {"using":"xpath","value":"//*[@id=\"backBtn\"]"}
RESULT: {"using":"xpath","value":"//*[@id=\"backBtn\"]"}
COMMAND: POST /session/e534addae89ac3f13e688da6063cf31d/element/f.D88A710F58C031DD94180D36F4E40589.d.35F268269A9EAE3758919DE4A2EF256B.e.1596/click - {}
COMMAND: POST /session/e534addae89ac3f13e688da6063cf31d/element - {"using":"xpath","value":"//*[@id=\"backBtn\"]"}
RESULT: {"using":"xpath","value":"//*[@id=\"backBtn\"]"}
COMMAND: POST /session/e534addae89ac3f13e688da6063cf31d/element/f.D88A710F58C031DD94180D36F4E40589.d.35F268269A9EAE3758919DE4A2EF256B.e.1737/click - {}
RESULT: {}
COMMAND: GET /session/e534addae89ac3f13e688da6063cf31d/screenshot - {}
RESULT: {}
]]></system-out>
    </testcase>
    <testcase classname="chrome.136_0_7103_93.windows.Sanity_Tests_US104253" name="Should open Manage Handovers page" time="45.157">
      <system-out><![CDATA[
COMMAND: POST /session/e534addae89ac3f13e688da6063cf31d/execute/async - {"script":"<script> [1562 bytes]","args":[{"selector":{"controlType":"sap.m.GenericTile","properties":{"header":"Manage Handovers"}},"wdio_ui5_key":"sapm.GenericTile{\"header\":\"Manage Handovers\"}"}]}
RESULT: {"script":"<script> [1562 bytes]","args":[{"selector":{"controlType":"sap.m.GenericTile","properties":{"header":"Manage Handovers"}},"wdio_ui5_key":"sapm.GenericTile{\"header\":\"Manage Handovers\"}"}]}
RESULT: undefined
COMMAND: POST /session/e534addae89ac3f13e688da6063cf31d/element - {"using":"xpath","value":"//*[@id=\"__tile132\"]"}
RESULT: {"using":"xpath","value":"//*[@id=\"__tile132\"]"}
COMMAND: POST /session/e534addae89ac3f13e688da6063cf31d/element/f.D88A710F58C031DD94180D36F4E40589.d.35F268269A9EAE3758919DE4A2EF256B.e.1739/click - {}
RESULT: {}
COMMAND: GET /session/e534addae89ac3f13e688da6063cf31d/screenshot - {}
RESULT: {}
COMMAND: POST /session/e534addae89ac3f13e688da6063cf31d/elements - {"using":"xpath","value":"//span[text()='Error']"}
RESULT: {"using":"xpath","value":"//span[text()='Error']"}
RESULT: undefined
COMMAND: POST /session/e534addae89ac3f13e688da6063cf31d/element - {"using":"xpath","value":"//*[@id=\"__tile132\"]"}
RESULT: {"using":"xpath","value":"//*[@id=\"__tile132\"]"}
COMMAND: POST /session/e534addae89ac3f13e688da6063cf31d/element/f.D88A710F58C031DD94180D36F4E40589.d.35F268269A9EAE3758919DE4A2EF256B.e.1739/click - {}
RESULT: undefined
COMMAND: POST /session/e534addae89ac3f13e688da6063cf31d/element - {"using":"xpath","value":"//*[@id=\"__tile132\"]"}
RESULT: {"using":"xpath","value":"//*[@id=\"__tile132\"]"}
COMMAND: POST /session/e534addae89ac3f13e688da6063cf31d/element/f.D88A710F58C031DD94180D36F4E40589.d.35F268269A9EAE3758919DE4A2EF256B.e.1739/click - {}
RESULT: undefined
COMMAND: POST /session/e534addae89ac3f13e688da6063cf31d/execute/async - {"script":"<script> [6424 bytes]","args":[{"element-6066-11e4-a52e-4f735466cecf":"f.D88A710F58C031DD94180D36F4E40589.d.35F268269A9EAE3758919DE4A2EF256B.e.296"},"getTitle",[]]}
COMMAND: POST /session/e534addae89ac3f13e688da6063cf31d/execute/async - {"script":"<script> [1562 bytes]","args":[{"selector":{"id":"shellAppTitle"},"wdio_ui5_key":"shellAppTitle"}]}
RESULT: {"script":"<script> [1562 bytes]","args":[{"selector":{"id":"shellAppTitle"},"wdio_ui5_key":"shellAppTitle"}]}
COMMAND: POST /session/e534addae89ac3f13e688da6063cf31d/execute/async - {"script":"<script> [6424 bytes]","args":[{"element-6066-11e4-a52e-4f735466cecf":"f.D88A710F58C031DD94180D36F4E40589.d.35F268269A9EAE3758919DE4A2EF256B.e.1846"},"getTitle",[]]}
RESULT: {"script":"<script> [6424 bytes]","args":[{"element-6066-11e4-a52e-4f735466cecf":"f.D88A710F58C031DD94180D36F4E40589.d.35F268269A9EAE3758919DE4A2EF256B.e.1846"},"getTitle",[]]}
RESULT: undefined
COMMAND: POST /session/e534addae89ac3f13e688da6063cf31d/element/f.D88A710F58C031DD94180D36F4E40589.d.35F268269A9EAE3758919DE4A2EF256B.e.1737/click - {}
RESULT: {}
COMMAND: GET /session/e534addae89ac3f13e688da6063cf31d/screenshot - {}
RESULT: {}
]]></system-out>
    </testcase>
    <testcase classname="chrome.136_0_7103_93.windows.Sanity_Tests_US104253" name="Should open Delivery Monitor page" time="38.879">
      <system-out><![CDATA[
COMMAND: POST /session/e534addae89ac3f13e688da6063cf31d/execute/async - {"script":"<script> [1562 bytes]","args":[{"selector":{"controlType":"sap.m.GenericTile","properties":{"header":"Delivery Monitor"}},"wdio_ui5_key":"sapm.GenericTile{\"header\":\"Delivery Monitor\"}"}]}
RESULT: {"script":"<script> [1562 bytes]","args":[{"selector":{"controlType":"sap.m.GenericTile","properties":{"header":"Delivery Monitor"}},"wdio_ui5_key":"sapm.GenericTile{\"header\":\"Delivery Monitor\"}"}]}
RESULT: undefined
COMMAND: POST /session/e534addae89ac3f13e688da6063cf31d/element - {"using":"xpath","value":"//*[@id=\"__tile43\"]"}
RESULT: {"using":"xpath","value":"//*[@id=\"__tile43\"]"}
COMMAND: POST /session/e534addae89ac3f13e688da6063cf31d/element/f.D88A710F58C031DD94180D36F4E40589.d.35F268269A9EAE3758919DE4A2EF256B.e.1848/click - {}
RESULT: {}
COMMAND: GET /session/e534addae89ac3f13e688da6063cf31d/screenshot - {}
RESULT: {}
COMMAND: POST /session/e534addae89ac3f13e688da6063cf31d/elements - {"using":"xpath","value":"//span[text()='Error']"}
RESULT: {"using":"xpath","value":"//span[text()='Error']"}
RESULT: undefined
COMMAND: POST /session/e534addae89ac3f13e688da6063cf31d/element - {"using":"xpath","value":"//*[@id=\"__tile43\"]"}
RESULT: {"using":"xpath","value":"//*[@id=\"__tile43\"]"}
COMMAND: POST /session/e534addae89ac3f13e688da6063cf31d/element/f.D88A710F58C031DD94180D36F4E40589.d.35F268269A9EAE3758919DE4A2EF256B.e.1848/click - {}
RESULT: undefined
COMMAND: POST /session/e534addae89ac3f13e688da6063cf31d/element - {"using":"xpath","value":"//*[@id=\"__tile43\"]"}
RESULT: {"using":"xpath","value":"//*[@id=\"__tile43\"]"}
COMMAND: POST /session/e534addae89ac3f13e688da6063cf31d/element/f.D88A710F58C031DD94180D36F4E40589.d.35F268269A9EAE3758919DE4A2EF256B.e.1848/click - {}
RESULT: undefined
COMMAND: POST /session/e534addae89ac3f13e688da6063cf31d/execute/async - {"script":"<script> [6424 bytes]","args":[{"element-6066-11e4-a52e-4f735466cecf":"f.D88A710F58C031DD94180D36F4E40589.d.35F268269A9EAE3758919DE4A2EF256B.e.296"},"getTitle",[]]}
COMMAND: POST /session/e534addae89ac3f13e688da6063cf31d/execute/async - {"script":"<script> [1562 bytes]","args":[{"selector":{"id":"shellAppTitle"},"wdio_ui5_key":"shellAppTitle"}]}
RESULT: {"script":"<script> [1562 bytes]","args":[{"selector":{"id":"shellAppTitle"},"wdio_ui5_key":"shellAppTitle"}]}
COMMAND: POST /session/e534addae89ac3f13e688da6063cf31d/execute/async - {"script":"<script> [6424 bytes]","args":[{"element-6066-11e4-a52e-4f735466cecf":"f.D88A710F58C031DD94180D36F4E40589.d.35F268269A9EAE3758919DE4A2EF256B.e.1942"},"getTitle",[]]}
RESULT: {"script":"<script> [6424 bytes]","args":[{"element-6066-11e4-a52e-4f735466cecf":"f.D88A710F58C031DD94180D36F4E40589.d.35F268269A9EAE3758919DE4A2EF256B.e.1942"},"getTitle",[]]}
RESULT: undefined
COMMAND: POST /session/e534addae89ac3f13e688da6063cf31d/element/f.D88A710F58C031DD94180D36F4E40589.d.35F268269A9EAE3758919DE4A2EF256B.e.1737/click - {}
COMMAND: POST /session/e534addae89ac3f13e688da6063cf31d/element - {"using":"xpath","value":"//*[@id=\"backBtn\"]"}
RESULT: {"using":"xpath","value":"//*[@id=\"backBtn\"]"}
COMMAND: POST /session/e534addae89ac3f13e688da6063cf31d/element/f.D88A710F58C031DD94180D36F4E40589.d.35F268269A9EAE3758919DE4A2EF256B.e.1737/click - {}
COMMAND: POST /session/e534addae89ac3f13e688da6063cf31d/element - {"using":"xpath","value":"//*[@id=\"backBtn\"]"}
RESULT: {"using":"xpath","value":"//*[@id=\"backBtn\"]"}
COMMAND: POST /session/e534addae89ac3f13e688da6063cf31d/element/f.D88A710F58C031DD94180D36F4E40589.d.35F268269A9EAE3758919DE4A2EF256B.e.1943/click - {}
RESULT: {}
COMMAND: GET /session/e534addae89ac3f13e688da6063cf31d/screenshot - {}
RESULT: {}
]]></system-out>
    </testcase>
    <testcase classname="chrome.136_0_7103_93.windows.Sanity_Tests_US104253" name="Should open Manage Calendar Exceptions page" time="36.164">
      <system-out><![CDATA[
COMMAND: POST /session/e534addae89ac3f13e688da6063cf31d/execute/async - {"script":"<script> [1562 bytes]","args":[{"selector":{"controlType":"sap.m.GenericTile","properties":{"header":"Manage Calendar Exceptions"}},"wdio_ui5_key":"sapm.GenericTile{\"header\":\"Manage Calendar Exceptions\"}"}]}
RESULT: {"script":"<script> [1562 bytes]","args":[{"selector":{"controlType":"sap.m.GenericTile","properties":{"header":"Manage Calendar Exceptions"}},"wdio_ui5_key":"sapm.GenericTile{\"header\":\"Manage Calendar Exceptions\"}"}]}
RESULT: undefined
COMMAND: POST /session/e534addae89ac3f13e688da6063cf31d/element - {"using":"xpath","value":"//*[@id=\"__tile52\"]"}
RESULT: {"using":"xpath","value":"//*[@id=\"__tile52\"]"}
COMMAND: POST /session/e534addae89ac3f13e688da6063cf31d/element/f.D88A710F58C031DD94180D36F4E40589.d.35F268269A9EAE3758919DE4A2EF256B.e.1945/click - {}
RESULT: {}
COMMAND: GET /session/e534addae89ac3f13e688da6063cf31d/screenshot - {}
RESULT: {}
COMMAND: POST /session/e534addae89ac3f13e688da6063cf31d/elements - {"using":"xpath","value":"//span[text()='Error']"}
RESULT: {"using":"xpath","value":"//span[text()='Error']"}
RESULT: undefined
COMMAND: POST /session/e534addae89ac3f13e688da6063cf31d/element - {"using":"xpath","value":"//*[@id=\"__tile52\"]"}
RESULT: {"using":"xpath","value":"//*[@id=\"__tile52\"]"}
COMMAND: POST /session/e534addae89ac3f13e688da6063cf31d/element/f.D88A710F58C031DD94180D36F4E40589.d.35F268269A9EAE3758919DE4A2EF256B.e.1945/click - {}
RESULT: undefined
COMMAND: POST /session/e534addae89ac3f13e688da6063cf31d/element - {"using":"xpath","value":"//*[@id=\"__tile52\"]"}
RESULT: {"using":"xpath","value":"//*[@id=\"__tile52\"]"}
COMMAND: POST /session/e534addae89ac3f13e688da6063cf31d/element/f.D88A710F58C031DD94180D36F4E40589.d.35F268269A9EAE3758919DE4A2EF256B.e.1945/click - {}
RESULT: undefined
COMMAND: POST /session/e534addae89ac3f13e688da6063cf31d/execute/async - {"script":"<script> [6424 bytes]","args":[{"element-6066-11e4-a52e-4f735466cecf":"f.D88A710F58C031DD94180D36F4E40589.d.35F268269A9EAE3758919DE4A2EF256B.e.296"},"getTitle",[]]}
COMMAND: POST /session/e534addae89ac3f13e688da6063cf31d/execute/async - {"script":"<script> [1562 bytes]","args":[{"selector":{"id":"shellAppTitle"},"wdio_ui5_key":"shellAppTitle"}]}
RESULT: {"script":"<script> [1562 bytes]","args":[{"selector":{"id":"shellAppTitle"},"wdio_ui5_key":"shellAppTitle"}]}
COMMAND: POST /session/e534addae89ac3f13e688da6063cf31d/execute/async - {"script":"<script> [6424 bytes]","args":[{"element-6066-11e4-a52e-4f735466cecf":"f.D88A710F58C031DD94180D36F4E40589.d.35F268269A9EAE3758919DE4A2EF256B.e.2000"},"getTitle",[]]}
RESULT: {"script":"<script> [6424 bytes]","args":[{"element-6066-11e4-a52e-4f735466cecf":"f.D88A710F58C031DD94180D36F4E40589.d.35F268269A9EAE3758919DE4A2EF256B.e.2000"},"getTitle",[]]}
RESULT: undefined
COMMAND: POST /session/e534addae89ac3f13e688da6063cf31d/element/f.D88A710F58C031DD94180D36F4E40589.d.35F268269A9EAE3758919DE4A2EF256B.e.1943/click - {}
RESULT: {}
COMMAND: GET /session/e534addae89ac3f13e688da6063cf31d/screenshot - {}
RESULT: {}
]]></system-out>
    </testcase>
    <testcase classname="chrome.136_0_7103_93.windows.Sanity_Tests_US104253" name="Should open Manage States Performance page" time="39.264">
      <system-out><![CDATA[
COMMAND: POST /session/e534addae89ac3f13e688da6063cf31d/execute/async - {"script":"<script> [1562 bytes]","args":[{"selector":{"controlType":"sap.m.GenericTile","properties":{"header":"Manage States & Performance"}},"wdio_ui5_key":"sapm.GenericTile{\"header\":\"Manage States & Performance\"}"}]}
RESULT: {"script":"<script> [1562 bytes]","args":[{"selector":{"controlType":"sap.m.GenericTile","properties":{"header":"Manage States & Performance"}},"wdio_ui5_key":"sapm.GenericTile{\"header\":\"Manage States & Performance\"}"}]}
RESULT: undefined
COMMAND: POST /session/e534addae89ac3f13e688da6063cf31d/element - {"using":"xpath","value":"//*[@id=\"__tile56\"]"}
RESULT: {"using":"xpath","value":"//*[@id=\"__tile56\"]"}
COMMAND: POST /session/e534addae89ac3f13e688da6063cf31d/element/f.D88A710F58C031DD94180D36F4E40589.d.35F268269A9EAE3758919DE4A2EF256B.e.2004/click - {}
RESULT: {}
COMMAND: GET /session/e534addae89ac3f13e688da6063cf31d/screenshot - {}
RESULT: {}
COMMAND: POST /session/e534addae89ac3f13e688da6063cf31d/elements - {"using":"xpath","value":"//span[text()='Error']"}
RESULT: {"using":"xpath","value":"//span[text()='Error']"}
RESULT: undefined
COMMAND: POST /session/e534addae89ac3f13e688da6063cf31d/element - {"using":"xpath","value":"//*[@id=\"__tile56\"]"}
RESULT: {"using":"xpath","value":"//*[@id=\"__tile56\"]"}
COMMAND: POST /session/e534addae89ac3f13e688da6063cf31d/element/f.D88A710F58C031DD94180D36F4E40589.d.35F268269A9EAE3758919DE4A2EF256B.e.2004/click - {}
RESULT: undefined
COMMAND: POST /session/e534addae89ac3f13e688da6063cf31d/element - {"using":"xpath","value":"//*[@id=\"__tile56\"]"}
RESULT: {"using":"xpath","value":"//*[@id=\"__tile56\"]"}
COMMAND: POST /session/e534addae89ac3f13e688da6063cf31d/element/f.D88A710F58C031DD94180D36F4E40589.d.35F268269A9EAE3758919DE4A2EF256B.e.2004/click - {}
RESULT: undefined
COMMAND: POST /session/e534addae89ac3f13e688da6063cf31d/execute/async - {"script":"<script> [6424 bytes]","args":[{"element-6066-11e4-a52e-4f735466cecf":"f.D88A710F58C031DD94180D36F4E40589.d.35F268269A9EAE3758919DE4A2EF256B.e.296"},"getTitle",[]]}
COMMAND: POST /session/e534addae89ac3f13e688da6063cf31d/execute/async - {"script":"<script> [1562 bytes]","args":[{"selector":{"id":"shellAppTitle"},"wdio_ui5_key":"shellAppTitle"}]}
RESULT: {"script":"<script> [1562 bytes]","args":[{"selector":{"id":"shellAppTitle"},"wdio_ui5_key":"shellAppTitle"}]}
COMMAND: POST /session/e534addae89ac3f13e688da6063cf31d/execute/async - {"script":"<script> [6424 bytes]","args":[{"element-6066-11e4-a52e-4f735466cecf":"f.D88A710F58C031DD94180D36F4E40589.d.35F268269A9EAE3758919DE4A2EF256B.e.2104"},"getTitle",[]]}
RESULT: {"script":"<script> [6424 bytes]","args":[{"element-6066-11e4-a52e-4f735466cecf":"f.D88A710F58C031DD94180D36F4E40589.d.35F268269A9EAE3758919DE4A2EF256B.e.2104"},"getTitle",[]]}
RESULT: undefined
COMMAND: POST /session/e534addae89ac3f13e688da6063cf31d/element/f.D88A710F58C031DD94180D36F4E40589.d.35F268269A9EAE3758919DE4A2EF256B.e.1943/click - {}
COMMAND: POST /session/e534addae89ac3f13e688da6063cf31d/element - {"using":"xpath","value":"//*[@id=\"backBtn\"]"}
RESULT: {"using":"xpath","value":"//*[@id=\"backBtn\"]"}
COMMAND: POST /session/e534addae89ac3f13e688da6063cf31d/element/f.D88A710F58C031DD94180D36F4E40589.d.35F268269A9EAE3758919DE4A2EF256B.e.1943/click - {}
COMMAND: POST /session/e534addae89ac3f13e688da6063cf31d/element - {"using":"xpath","value":"//*[@id=\"backBtn\"]"}
RESULT: {"using":"xpath","value":"//*[@id=\"backBtn\"]"}
COMMAND: POST /session/e534addae89ac3f13e688da6063cf31d/element/f.D88A710F58C031DD94180D36F4E40589.d.35F268269A9EAE3758919DE4A2EF256B.e.2105/click - {}
RESULT: {}
COMMAND: GET /session/e534addae89ac3f13e688da6063cf31d/screenshot - {}
RESULT: {}
]]></system-out>
    </testcase>
    <testcase classname="chrome.136_0_7103_93.windows.Sanity_Tests_US104253" name="Should open Manage Billings page" time="45.408">
      <system-out><![CDATA[
COMMAND: POST /session/e534addae89ac3f13e688da6063cf31d/execute/async - {"script":"<script> [1562 bytes]","args":[{"selector":{"controlType":"sap.m.GenericTile","properties":{"header":"Manage Billings"}},"wdio_ui5_key":"sapm.GenericTile{\"header\":\"Manage Billings\"}"}]}
RESULT: {"script":"<script> [1562 bytes]","args":[{"selector":{"controlType":"sap.m.GenericTile","properties":{"header":"Manage Billings"}},"wdio_ui5_key":"sapm.GenericTile{\"header\":\"Manage Billings\"}"}]}
RESULT: undefined
COMMAND: POST /session/e534addae89ac3f13e688da6063cf31d/element - {"using":"xpath","value":"//*[@id=\"__tile51\"]"}
RESULT: {"using":"xpath","value":"//*[@id=\"__tile51\"]"}
COMMAND: POST /session/e534addae89ac3f13e688da6063cf31d/element/f.D88A710F58C031DD94180D36F4E40589.d.35F268269A9EAE3758919DE4A2EF256B.e.2107/click - {}
RESULT: {}
COMMAND: GET /session/e534addae89ac3f13e688da6063cf31d/screenshot - {}
RESULT: {}
COMMAND: POST /session/e534addae89ac3f13e688da6063cf31d/elements - {"using":"xpath","value":"//span[text()='Error']"}
RESULT: {"using":"xpath","value":"//span[text()='Error']"}
RESULT: undefined
COMMAND: POST /session/e534addae89ac3f13e688da6063cf31d/element - {"using":"xpath","value":"//*[@id=\"__tile51\"]"}
RESULT: {"using":"xpath","value":"//*[@id=\"__tile51\"]"}
COMMAND: POST /session/e534addae89ac3f13e688da6063cf31d/element/f.D88A710F58C031DD94180D36F4E40589.d.35F268269A9EAE3758919DE4A2EF256B.e.2107/click - {}
RESULT: undefined
COMMAND: POST /session/e534addae89ac3f13e688da6063cf31d/element - {"using":"xpath","value":"//*[@id=\"__tile51\"]"}
RESULT: {"using":"xpath","value":"//*[@id=\"__tile51\"]"}
COMMAND: POST /session/e534addae89ac3f13e688da6063cf31d/element/f.D88A710F58C031DD94180D36F4E40589.d.35F268269A9EAE3758919DE4A2EF256B.e.2107/click - {}
RESULT: undefined
COMMAND: POST /session/e534addae89ac3f13e688da6063cf31d/execute/async - {"script":"<script> [6424 bytes]","args":[{"element-6066-11e4-a52e-4f735466cecf":"f.D88A710F58C031DD94180D36F4E40589.d.35F268269A9EAE3758919DE4A2EF256B.e.296"},"getTitle",[]]}
COMMAND: POST /session/e534addae89ac3f13e688da6063cf31d/execute/async - {"script":"<script> [1562 bytes]","args":[{"selector":{"id":"shellAppTitle"},"wdio_ui5_key":"shellAppTitle"}]}
RESULT: {"script":"<script> [1562 bytes]","args":[{"selector":{"id":"shellAppTitle"},"wdio_ui5_key":"shellAppTitle"}]}
COMMAND: POST /session/e534addae89ac3f13e688da6063cf31d/execute/async - {"script":"<script> [6424 bytes]","args":[{"element-6066-11e4-a52e-4f735466cecf":"f.D88A710F58C031DD94180D36F4E40589.d.35F268269A9EAE3758919DE4A2EF256B.e.2338"},"getTitle",[]]}
RESULT: {"script":"<script> [6424 bytes]","args":[{"element-6066-11e4-a52e-4f735466cecf":"f.D88A710F58C031DD94180D36F4E40589.d.35F268269A9EAE3758919DE4A2EF256B.e.2338"},"getTitle",[]]}
RESULT: undefined
COMMAND: POST /session/e534addae89ac3f13e688da6063cf31d/element/f.D88A710F58C031DD94180D36F4E40589.d.35F268269A9EAE3758919DE4A2EF256B.e.2105/click - {}
COMMAND: POST /session/e534addae89ac3f13e688da6063cf31d/element/f.D88A710F58C031DD94180D36F4E40589.d.35F268269A9EAE3758919DE4A2EF256B.e.2105/click - {}
RESULT: {}
COMMAND: GET /session/e534addae89ac3f13e688da6063cf31d/screenshot - {}
COMMAND: POST /session/e534addae89ac3f13e688da6063cf31d/element - {"using":"xpath","value":"//*[@id=\"backBtn\"]"}
RESULT: {}
RESULT: {"using":"xpath","value":"//*[@id=\"backBtn\"]"}
COMMAND: POST /session/e534addae89ac3f13e688da6063cf31d/elements - {"using":"xpath","value":"//*[@id=\"backBtn\"]"}
RESULT: {"using":"xpath","value":"//*[@id=\"backBtn\"]"}
COMMAND: POST /session/e534addae89ac3f13e688da6063cf31d/elements - {"using":"xpath","value":"//*[@id=\"backBtn\"]"}
RESULT: {"using":"xpath","value":"//*[@id=\"backBtn\"]"}
COMMAND: POST /session/e534addae89ac3f13e688da6063cf31d/elements - {"using":"xpath","value":"//*[@id=\"backBtn\"]"}
RESULT: {"using":"xpath","value":"//*[@id=\"backBtn\"]"}
COMMAND: POST /session/e534addae89ac3f13e688da6063cf31d/elements - {"using":"xpath","value":"//*[@id=\"backBtn\"]"}
RESULT: {"using":"xpath","value":"//*[@id=\"backBtn\"]"}
COMMAND: POST /session/e534addae89ac3f13e688da6063cf31d/elements - {"using":"xpath","value":"//*[@id=\"backBtn\"]"}
RESULT: {"using":"xpath","value":"//*[@id=\"backBtn\"]"}
COMMAND: POST /session/e534addae89ac3f13e688da6063cf31d/elements - {"using":"xpath","value":"//*[@id=\"backBtn\"]"}
RESULT: {"using":"xpath","value":"//*[@id=\"backBtn\"]"}
COMMAND: POST /session/e534addae89ac3f13e688da6063cf31d/elements - {"using":"xpath","value":"//*[@id=\"backBtn\"]"}
RESULT: {"using":"xpath","value":"//*[@id=\"backBtn\"]"}
COMMAND: POST /session/e534addae89ac3f13e688da6063cf31d/elements - {"using":"xpath","value":"//*[@id=\"backBtn\"]"}
RESULT: {"using":"xpath","value":"//*[@id=\"backBtn\"]"}
COMMAND: POST /session/e534addae89ac3f13e688da6063cf31d/elements - {"using":"xpath","value":"//*[@id=\"backBtn\"]"}
RESULT: {"using":"xpath","value":"//*[@id=\"backBtn\"]"}
COMMAND: POST /session/e534addae89ac3f13e688da6063cf31d/elements - {"using":"xpath","value":"//*[@id=\"backBtn\"]"}
RESULT: {"using":"xpath","value":"//*[@id=\"backBtn\"]"}
COMMAND: POST /session/e534addae89ac3f13e688da6063cf31d/elements - {"using":"xpath","value":"//*[@id=\"backBtn\"]"}
RESULT: {"using":"xpath","value":"//*[@id=\"backBtn\"]"}
COMMAND: POST /session/e534addae89ac3f13e688da6063cf31d/elements - {"using":"xpath","value":"//*[@id=\"backBtn\"]"}
RESULT: {"using":"xpath","value":"//*[@id=\"backBtn\"]"}
COMMAND: POST /session/e534addae89ac3f13e688da6063cf31d/elements - {"using":"xpath","value":"//*[@id=\"backBtn\"]"}
RESULT: {"using":"xpath","value":"//*[@id=\"backBtn\"]"}
COMMAND: POST /session/e534addae89ac3f13e688da6063cf31d/elements - {"using":"xpath","value":"//*[@id=\"backBtn\"]"}
RESULT: {"using":"xpath","value":"//*[@id=\"backBtn\"]"}
COMMAND: POST /session/e534addae89ac3f13e688da6063cf31d/elements - {"using":"xpath","value":"//*[@id=\"backBtn\"]"}
RESULT: {"using":"xpath","value":"//*[@id=\"backBtn\"]"}
COMMAND: POST /session/e534addae89ac3f13e688da6063cf31d/elements - {"using":"xpath","value":"//*[@id=\"backBtn\"]"}
RESULT: {"using":"xpath","value":"//*[@id=\"backBtn\"]"}
]]></system-out>
    </testcase>
    <testcase classname="chrome.136_0_7103_93.windows.Sanity_Tests_US104253" name="Should open Manage Conditions Prices page" time="57.175">
      <system-out><![CDATA[
COMMAND: POST /session/e534addae89ac3f13e688da6063cf31d/execute/async - {"script":"<script> [1562 bytes]","args":[{"selector":{"controlType":"sap.m.GenericTile","properties":{"header":"Manage Conditions & Prices"}},"wdio_ui5_key":"sapm.GenericTile{\"header\":\"Manage Conditions & Prices\"}"}]}
COMMAND: POST /session/e534addae89ac3f13e688da6063cf31d/elements - {"using":"xpath","value":"//*[@id=\"backBtn\"]"}
RESULT: {"script":"<script> [1562 bytes]","args":[{"selector":{"controlType":"sap.m.GenericTile","properties":{"header":"Manage Conditions & Prices"}},"wdio_ui5_key":"sapm.GenericTile{\"header\":\"Manage Conditions & Prices\"}"}]}
RESULT: undefined
COMMAND: POST /session/e534addae89ac3f13e688da6063cf31d/element - {"using":"xpath","value":"//*[@id=\"__tile53\"]"}
RESULT: {"using":"xpath","value":"//*[@id=\"backBtn\"]"}
COMMAND: POST /session/e534addae89ac3f13e688da6063cf31d/elements - {"using":"xpath","value":"//*[@id=\"backBtn\"]"}
RESULT: {"using":"xpath","value":"//*[@id=\"__tile53\"]"}
COMMAND: POST /session/e534addae89ac3f13e688da6063cf31d/element/f.D88A710F58C031DD94180D36F4E40589.d.35F268269A9EAE3758919DE4A2EF256B.e.2342/click - {}
RESULT: {"using":"xpath","value":"//*[@id=\"backBtn\"]"}
COMMAND: POST /session/e534addae89ac3f13e688da6063cf31d/elements - {"using":"xpath","value":"//*[@id=\"backBtn\"]"}
RESULT: {}
COMMAND: GET /session/e534addae89ac3f13e688da6063cf31d/screenshot - {}
RESULT: {"using":"xpath","value":"//*[@id=\"backBtn\"]"}
RESULT: {}
COMMAND: POST /session/e534addae89ac3f13e688da6063cf31d/elements - {"using":"xpath","value":"//*[@id=\"backBtn\"]"}
RESULT: {"using":"xpath","value":"//*[@id=\"backBtn\"]"}
COMMAND: POST /session/e534addae89ac3f13e688da6063cf31d/elements - {"using":"xpath","value":"//*[@id=\"backBtn\"]"}
RESULT: {"using":"xpath","value":"//*[@id=\"backBtn\"]"}
COMMAND: POST /session/e534addae89ac3f13e688da6063cf31d/elements - {"using":"xpath","value":"//*[@id=\"backBtn\"]"}
RESULT: {"using":"xpath","value":"//*[@id=\"backBtn\"]"}
COMMAND: POST /session/e534addae89ac3f13e688da6063cf31d/elements - {"using":"xpath","value":"//*[@id=\"backBtn\"]"}
COMMAND: POST /session/e534addae89ac3f13e688da6063cf31d/elements - {"using":"xpath","value":"//span[text()='Error']"}
RESULT: {"using":"xpath","value":"//*[@id=\"backBtn\"]"}
COMMAND: POST /session/e534addae89ac3f13e688da6063cf31d/element - {"using":"xpath","value":"//*[@id=\"backBtn\"]"}
RESULT: {"using":"xpath","value":"//span[text()='Error']"}
RESULT: {"using":"xpath","value":"//*[@id=\"backBtn\"]"}
COMMAND: POST /session/e534addae89ac3f13e688da6063cf31d/element/f.D88A710F58C031DD94180D36F4E40589.d.35F268269A9EAE3758919DE4A2EF256B.e.2105/click - {}
COMMAND: POST /session/e534addae89ac3f13e688da6063cf31d/element - {"using":"xpath","value":"//*[@id=\"backBtn\"]"}
RESULT: {"using":"xpath","value":"//*[@id=\"backBtn\"]"}
COMMAND: POST /session/e534addae89ac3f13e688da6063cf31d/element/f.D88A710F58C031DD94180D36F4E40589.d.35F268269A9EAE3758919DE4A2EF256B.e.2346/click - {}
RESULT: {}
COMMAND: GET /session/e534addae89ac3f13e688da6063cf31d/screenshot - {}
RESULT: {}
RESULT: undefined
COMMAND: POST /session/e534addae89ac3f13e688da6063cf31d/element - {"using":"xpath","value":"//*[@id=\"__tile53\"]"}
RESULT: {"using":"xpath","value":"//*[@id=\"__tile53\"]"}
COMMAND: POST /session/e534addae89ac3f13e688da6063cf31d/element/f.D88A710F58C031DD94180D36F4E40589.d.35F268269A9EAE3758919DE4A2EF256B.e.2342/click - {}
RESULT: {}
RESULT: undefined
COMMAND: POST /session/e534addae89ac3f13e688da6063cf31d/element - {"using":"xpath","value":"//*[@id=\"__tile53\"]"}
COMMAND: GET /session/e534addae89ac3f13e688da6063cf31d/screenshot - {}
RESULT: {"using":"xpath","value":"//*[@id=\"__tile53\"]"}
COMMAND: POST /session/e534addae89ac3f13e688da6063cf31d/element/f.D88A710F58C031DD94180D36F4E40589.d.35F268269A9EAE3758919DE4A2EF256B.e.2342/click - {}
RESULT: {}
RESULT: undefined
COMMAND: POST /session/e534addae89ac3f13e688da6063cf31d/execute/async - {"script":"<script> [6424 bytes]","args":[{"element-6066-11e4-a52e-4f735466cecf":"f.D88A710F58C031DD94180D36F4E40589.d.35F268269A9EAE3758919DE4A2EF256B.e.296"},"getTitle",[]]}
COMMAND: POST /session/e534addae89ac3f13e688da6063cf31d/execute/async - {"script":"<script> [1562 bytes]","args":[{"selector":{"id":"shellAppTitle"},"wdio_ui5_key":"shellAppTitle"}]}
RESULT: {"script":"<script> [1562 bytes]","args":[{"selector":{"id":"shellAppTitle"},"wdio_ui5_key":"shellAppTitle"}]}
COMMAND: POST /session/e534addae89ac3f13e688da6063cf31d/execute/async - {"script":"<script> [6424 bytes]","args":[{"element-6066-11e4-a52e-4f735466cecf":"f.D88A710F58C031DD94180D36F4E40589.d.35F268269A9EAE3758919DE4A2EF256B.e.2527"},"getTitle",[]]}
RESULT: {"script":"<script> [6424 bytes]","args":[{"element-6066-11e4-a52e-4f735466cecf":"f.D88A710F58C031DD94180D36F4E40589.d.35F268269A9EAE3758919DE4A2EF256B.e.2527"},"getTitle",[]]}
RESULT: undefined
COMMAND: POST /session/e534addae89ac3f13e688da6063cf31d/element/f.D88A710F58C031DD94180D36F4E40589.d.35F268269A9EAE3758919DE4A2EF256B.e.2346/click - {}
RESULT: {}
COMMAND: GET /session/e534addae89ac3f13e688da6063cf31d/screenshot - {}
RESULT: {}
]]></system-out>
    </testcase>
    <testcase classname="chrome.136_0_7103_93.windows.Sanity_Tests_US104253" name="Should open Billing Transfer page" time="43.517">
      <system-out><![CDATA[
COMMAND: POST /session/e534addae89ac3f13e688da6063cf31d/execute/async - {"script":"<script> [1562 bytes]","args":[{"selector":{"controlType":"sap.m.GenericTile","properties":{"header":"Billing Transfer"}},"wdio_ui5_key":"sapm.GenericTile{\"header\":\"Billing Transfer\"}"}]}
RESULT: {"script":"<script> [1562 bytes]","args":[{"selector":{"controlType":"sap.m.GenericTile","properties":{"header":"Billing Transfer"}},"wdio_ui5_key":"sapm.GenericTile{\"header\":\"Billing Transfer\"}"}]}
RESULT: undefined
COMMAND: POST /session/e534addae89ac3f13e688da6063cf31d/element - {"using":"xpath","value":"//*[@id=\"__tile50\"]"}
RESULT: {"using":"xpath","value":"//*[@id=\"__tile50\"]"}
COMMAND: POST /session/e534addae89ac3f13e688da6063cf31d/element/f.D88A710F58C031DD94180D36F4E40589.d.35F268269A9EAE3758919DE4A2EF256B.e.2529/click - {}
RESULT: {}
COMMAND: GET /session/e534addae89ac3f13e688da6063cf31d/screenshot - {}
RESULT: {}
COMMAND: POST /session/e534addae89ac3f13e688da6063cf31d/elements - {"using":"xpath","value":"//span[text()='Error']"}
RESULT: {"using":"xpath","value":"//span[text()='Error']"}
RESULT: undefined
COMMAND: POST /session/e534addae89ac3f13e688da6063cf31d/element - {"using":"xpath","value":"//*[@id=\"__tile50\"]"}
RESULT: {"using":"xpath","value":"//*[@id=\"__tile50\"]"}
COMMAND: POST /session/e534addae89ac3f13e688da6063cf31d/element/f.D88A710F58C031DD94180D36F4E40589.d.35F268269A9EAE3758919DE4A2EF256B.e.2529/click - {}
RESULT: undefined
COMMAND: POST /session/e534addae89ac3f13e688da6063cf31d/element - {"using":"xpath","value":"//*[@id=\"__tile50\"]"}
RESULT: {"using":"xpath","value":"//*[@id=\"__tile50\"]"}
COMMAND: POST /session/e534addae89ac3f13e688da6063cf31d/element/f.D88A710F58C031DD94180D36F4E40589.d.35F268269A9EAE3758919DE4A2EF256B.e.2529/click - {}
RESULT: undefined
COMMAND: POST /session/e534addae89ac3f13e688da6063cf31d/execute/async - {"script":"<script> [6424 bytes]","args":[{"element-6066-11e4-a52e-4f735466cecf":"f.D88A710F58C031DD94180D36F4E40589.d.35F268269A9EAE3758919DE4A2EF256B.e.296"},"getTitle",[]]}
COMMAND: POST /session/e534addae89ac3f13e688da6063cf31d/execute/async - {"script":"<script> [1562 bytes]","args":[{"selector":{"id":"shellAppTitle"},"wdio_ui5_key":"shellAppTitle"}]}
RESULT: {"script":"<script> [1562 bytes]","args":[{"selector":{"id":"shellAppTitle"},"wdio_ui5_key":"shellAppTitle"}]}
COMMAND: POST /session/e534addae89ac3f13e688da6063cf31d/execute/async - {"script":"<script> [6424 bytes]","args":[{"element-6066-11e4-a52e-4f735466cecf":"f.D88A710F58C031DD94180D36F4E40589.d.35F268269A9EAE3758919DE4A2EF256B.e.2784"},"getTitle",[]]}
RESULT: {"script":"<script> [6424 bytes]","args":[{"element-6066-11e4-a52e-4f735466cecf":"f.D88A710F58C031DD94180D36F4E40589.d.35F268269A9EAE3758919DE4A2EF256B.e.2784"},"getTitle",[]]}
RESULT: undefined
COMMAND: POST /session/e534addae89ac3f13e688da6063cf31d/element/f.D88A710F58C031DD94180D36F4E40589.d.35F268269A9EAE3758919DE4A2EF256B.e.2346/click - {}
COMMAND: POST /session/e534addae89ac3f13e688da6063cf31d/element - {"using":"xpath","value":"//*[@id=\"backBtn\"]"}
RESULT: {"using":"xpath","value":"//*[@id=\"backBtn\"]"}
COMMAND: POST /session/e534addae89ac3f13e688da6063cf31d/element/f.D88A710F58C031DD94180D36F4E40589.d.35F268269A9EAE3758919DE4A2EF256B.e.2346/click - {}
COMMAND: POST /session/e534addae89ac3f13e688da6063cf31d/element - {"using":"xpath","value":"//*[@id=\"backBtn\"]"}
RESULT: {"using":"xpath","value":"//*[@id=\"backBtn\"]"}
COMMAND: POST /session/e534addae89ac3f13e688da6063cf31d/element/f.D88A710F58C031DD94180D36F4E40589.d.35F268269A9EAE3758919DE4A2EF256B.e.2785/click - {}
RESULT: {}
COMMAND: GET /session/e534addae89ac3f13e688da6063cf31d/screenshot - {}
RESULT: {}
]]></system-out>
    </testcase>
    <testcase classname="chrome.136_0_7103_93.windows.Sanity_Tests_US104253" name="Should open Manage Pricing Rules page" time="39.388">
      <system-out><![CDATA[
COMMAND: POST /session/e534addae89ac3f13e688da6063cf31d/execute/async - {"script":"<script> [1562 bytes]","args":[{"selector":{"controlType":"sap.m.GenericTile","properties":{"header":"Manage Pricing Rules"}},"wdio_ui5_key":"sapm.GenericTile{\"header\":\"Manage Pricing Rules\"}"}]}
RESULT: {"script":"<script> [1562 bytes]","args":[{"selector":{"controlType":"sap.m.GenericTile","properties":{"header":"Manage Pricing Rules"}},"wdio_ui5_key":"sapm.GenericTile{\"header\":\"Manage Pricing Rules\"}"}]}
RESULT: undefined
COMMAND: POST /session/e534addae89ac3f13e688da6063cf31d/element - {"using":"xpath","value":"//*[@id=\"__tile55\"]"}
RESULT: {"using":"xpath","value":"//*[@id=\"__tile55\"]"}
COMMAND: POST /session/e534addae89ac3f13e688da6063cf31d/element/f.D88A710F58C031DD94180D36F4E40589.d.35F268269A9EAE3758919DE4A2EF256B.e.2787/click - {}
RESULT: {}
COMMAND: GET /session/e534addae89ac3f13e688da6063cf31d/screenshot - {}
RESULT: {}
COMMAND: POST /session/e534addae89ac3f13e688da6063cf31d/elements - {"using":"xpath","value":"//span[text()='Error']"}
RESULT: {"using":"xpath","value":"//span[text()='Error']"}
RESULT: undefined
COMMAND: POST /session/e534addae89ac3f13e688da6063cf31d/element - {"using":"xpath","value":"//*[@id=\"__tile55\"]"}
RESULT: {"using":"xpath","value":"//*[@id=\"__tile55\"]"}
COMMAND: POST /session/e534addae89ac3f13e688da6063cf31d/element/f.D88A710F58C031DD94180D36F4E40589.d.35F268269A9EAE3758919DE4A2EF256B.e.2787/click - {}
RESULT: undefined
COMMAND: POST /session/e534addae89ac3f13e688da6063cf31d/element - {"using":"xpath","value":"//*[@id=\"__tile55\"]"}
RESULT: {"using":"xpath","value":"//*[@id=\"__tile55\"]"}
COMMAND: POST /session/e534addae89ac3f13e688da6063cf31d/element/f.D88A710F58C031DD94180D36F4E40589.d.35F268269A9EAE3758919DE4A2EF256B.e.2787/click - {}
RESULT: undefined
COMMAND: POST /session/e534addae89ac3f13e688da6063cf31d/execute/async - {"script":"<script> [6424 bytes]","args":[{"element-6066-11e4-a52e-4f735466cecf":"f.D88A710F58C031DD94180D36F4E40589.d.35F268269A9EAE3758919DE4A2EF256B.e.296"},"getTitle",[]]}
COMMAND: POST /session/e534addae89ac3f13e688da6063cf31d/execute/async - {"script":"<script> [1562 bytes]","args":[{"selector":{"id":"shellAppTitle"},"wdio_ui5_key":"shellAppTitle"}]}
RESULT: {"script":"<script> [1562 bytes]","args":[{"selector":{"id":"shellAppTitle"},"wdio_ui5_key":"shellAppTitle"}]}
COMMAND: POST /session/e534addae89ac3f13e688da6063cf31d/execute/async - {"script":"<script> [6424 bytes]","args":[{"element-6066-11e4-a52e-4f735466cecf":"f.D88A710F58C031DD94180D36F4E40589.d.35F268269A9EAE3758919DE4A2EF256B.e.2870"},"getTitle",[]]}
RESULT: {"script":"<script> [6424 bytes]","args":[{"element-6066-11e4-a52e-4f735466cecf":"f.D88A710F58C031DD94180D36F4E40589.d.35F268269A9EAE3758919DE4A2EF256B.e.2870"},"getTitle",[]]}
RESULT: undefined
COMMAND: POST /session/e534addae89ac3f13e688da6063cf31d/element/f.D88A710F58C031DD94180D36F4E40589.d.35F268269A9EAE3758919DE4A2EF256B.e.2785/click - {}
RESULT: {}
COMMAND: GET /session/e534addae89ac3f13e688da6063cf31d/screenshot - {}
RESULT: {}
]]></system-out>
    </testcase>
    <testcase classname="chrome.136_0_7103_93.windows.Sanity_Tests_US104253" name="Should open Manage Price Determination Matrices page" time="38.922">
      <system-out><![CDATA[
COMMAND: POST /session/e534addae89ac3f13e688da6063cf31d/execute/async - {"script":"<script> [1562 bytes]","args":[{"selector":{"controlType":"sap.m.GenericTile","properties":{"header":"Manage Price Determination Matrices"}},"wdio_ui5_key":"sapm.GenericTile{\"header\":\"Manage Price Determination Matrices\"}"}]}
RESULT: {"script":"<script> [1562 bytes]","args":[{"selector":{"controlType":"sap.m.GenericTile","properties":{"header":"Manage Price Determination Matrices"}},"wdio_ui5_key":"sapm.GenericTile{\"header\":\"Manage Price Determination Matrices\"}"}]}
RESULT: undefined
COMMAND: POST /session/e534addae89ac3f13e688da6063cf31d/element - {"using":"xpath","value":"//*[@id=\"__tile54\"]"}
RESULT: {"using":"xpath","value":"//*[@id=\"__tile54\"]"}
COMMAND: POST /session/e534addae89ac3f13e688da6063cf31d/element/f.D88A710F58C031DD94180D36F4E40589.d.35F268269A9EAE3758919DE4A2EF256B.e.2872/click - {}
RESULT: {}
COMMAND: GET /session/e534addae89ac3f13e688da6063cf31d/screenshot - {}
RESULT: {}
COMMAND: POST /session/e534addae89ac3f13e688da6063cf31d/elements - {"using":"xpath","value":"//span[text()='Error']"}
RESULT: {"using":"xpath","value":"//span[text()='Error']"}
RESULT: undefined
COMMAND: POST /session/e534addae89ac3f13e688da6063cf31d/element - {"using":"xpath","value":"//*[@id=\"__tile54\"]"}
RESULT: {"using":"xpath","value":"//*[@id=\"__tile54\"]"}
COMMAND: POST /session/e534addae89ac3f13e688da6063cf31d/element/f.D88A710F58C031DD94180D36F4E40589.d.35F268269A9EAE3758919DE4A2EF256B.e.2872/click - {}
RESULT: undefined
COMMAND: POST /session/e534addae89ac3f13e688da6063cf31d/element - {"using":"xpath","value":"//*[@id=\"__tile54\"]"}
RESULT: {"using":"xpath","value":"//*[@id=\"__tile54\"]"}
COMMAND: POST /session/e534addae89ac3f13e688da6063cf31d/element/f.D88A710F58C031DD94180D36F4E40589.d.35F268269A9EAE3758919DE4A2EF256B.e.2872/click - {}
RESULT: undefined
COMMAND: POST /session/e534addae89ac3f13e688da6063cf31d/execute/async - {"script":"<script> [6424 bytes]","args":[{"element-6066-11e4-a52e-4f735466cecf":"f.D88A710F58C031DD94180D36F4E40589.d.35F268269A9EAE3758919DE4A2EF256B.e.296"},"getTitle",[]]}
COMMAND: POST /session/e534addae89ac3f13e688da6063cf31d/execute/async - {"script":"<script> [1562 bytes]","args":[{"selector":{"id":"shellAppTitle"},"wdio_ui5_key":"shellAppTitle"}]}
RESULT: {"script":"<script> [1562 bytes]","args":[{"selector":{"id":"shellAppTitle"},"wdio_ui5_key":"shellAppTitle"}]}
COMMAND: POST /session/e534addae89ac3f13e688da6063cf31d/execute/async - {"script":"<script> [6424 bytes]","args":[{"element-6066-11e4-a52e-4f735466cecf":"f.D88A710F58C031DD94180D36F4E40589.d.35F268269A9EAE3758919DE4A2EF256B.e.2973"},"getTitle",[]]}
RESULT: {"script":"<script> [6424 bytes]","args":[{"element-6066-11e4-a52e-4f735466cecf":"f.D88A710F58C031DD94180D36F4E40589.d.35F268269A9EAE3758919DE4A2EF256B.e.2973"},"getTitle",[]]}
RESULT: undefined
COMMAND: POST /session/e534addae89ac3f13e688da6063cf31d/element/f.D88A710F58C031DD94180D36F4E40589.d.35F268269A9EAE3758919DE4A2EF256B.e.2785/click - {}
COMMAND: POST /session/e534addae89ac3f13e688da6063cf31d/element - {"using":"xpath","value":"//*[@id=\"backBtn\"]"}
RESULT: {"using":"xpath","value":"//*[@id=\"backBtn\"]"}
COMMAND: POST /session/e534addae89ac3f13e688da6063cf31d/element/f.D88A710F58C031DD94180D36F4E40589.d.35F268269A9EAE3758919DE4A2EF256B.e.2785/click - {}
COMMAND: POST /session/e534addae89ac3f13e688da6063cf31d/element - {"using":"xpath","value":"//*[@id=\"backBtn\"]"}
RESULT: {"using":"xpath","value":"//*[@id=\"backBtn\"]"}
COMMAND: POST /session/e534addae89ac3f13e688da6063cf31d/element/f.D88A710F58C031DD94180D36F4E40589.d.35F268269A9EAE3758919DE4A2EF256B.e.2974/click - {}
RESULT: {}
COMMAND: GET /session/e534addae89ac3f13e688da6063cf31d/screenshot - {}
RESULT: {}
]]></system-out>
    </testcase>
    <testcase classname="chrome.136_0_7103_93.windows.Sanity_Tests_US104253" name="Should open Yard Overview page" time="36.835">
      <system-out><![CDATA[
COMMAND: POST /session/e534addae89ac3f13e688da6063cf31d/execute/async - {"script":"<script> [1562 bytes]","args":[{"selector":{"controlType":"sap.m.GenericTile","properties":{"header":"Yard Overview"}},"wdio_ui5_key":"sapm.GenericTile{\"header\":\"Yard Overview\"}"}]}
RESULT: {"script":"<script> [1562 bytes]","args":[{"selector":{"controlType":"sap.m.GenericTile","properties":{"header":"Yard Overview"}},"wdio_ui5_key":"sapm.GenericTile{\"header\":\"Yard Overview\"}"}]}
RESULT: undefined
COMMAND: POST /session/e534addae89ac3f13e688da6063cf31d/element - {"using":"xpath","value":"//*[@id=\"__tile102\"]"}
RESULT: {"using":"xpath","value":"//*[@id=\"__tile102\"]"}
COMMAND: POST /session/e534addae89ac3f13e688da6063cf31d/element/f.D88A710F58C031DD94180D36F4E40589.d.35F268269A9EAE3758919DE4A2EF256B.e.2976/click - {}
RESULT: {}
COMMAND: GET /session/e534addae89ac3f13e688da6063cf31d/screenshot - {}
RESULT: {}
COMMAND: POST /session/e534addae89ac3f13e688da6063cf31d/elements - {"using":"xpath","value":"//span[text()='Error']"}
RESULT: {"using":"xpath","value":"//span[text()='Error']"}
RESULT: undefined
COMMAND: POST /session/e534addae89ac3f13e688da6063cf31d/element - {"using":"xpath","value":"//*[@id=\"__tile102\"]"}
RESULT: {"using":"xpath","value":"//*[@id=\"__tile102\"]"}
COMMAND: POST /session/e534addae89ac3f13e688da6063cf31d/element/f.D88A710F58C031DD94180D36F4E40589.d.35F268269A9EAE3758919DE4A2EF256B.e.2976/click - {}
RESULT: undefined
COMMAND: POST /session/e534addae89ac3f13e688da6063cf31d/element - {"using":"xpath","value":"//*[@id=\"__tile102\"]"}
RESULT: {"using":"xpath","value":"//*[@id=\"__tile102\"]"}
COMMAND: POST /session/e534addae89ac3f13e688da6063cf31d/element/f.D88A710F58C031DD94180D36F4E40589.d.35F268269A9EAE3758919DE4A2EF256B.e.2976/click - {}
RESULT: undefined
COMMAND: POST /session/e534addae89ac3f13e688da6063cf31d/execute/async - {"script":"<script> [6424 bytes]","args":[{"element-6066-11e4-a52e-4f735466cecf":"f.D88A710F58C031DD94180D36F4E40589.d.35F268269A9EAE3758919DE4A2EF256B.e.296"},"getTitle",[]]}
COMMAND: POST /session/e534addae89ac3f13e688da6063cf31d/execute/async - {"script":"<script> [1562 bytes]","args":[{"selector":{"id":"shellAppTitle"},"wdio_ui5_key":"shellAppTitle"}]}
RESULT: {"script":"<script> [1562 bytes]","args":[{"selector":{"id":"shellAppTitle"},"wdio_ui5_key":"shellAppTitle"}]}
COMMAND: POST /session/e534addae89ac3f13e688da6063cf31d/execute/async - {"script":"<script> [6424 bytes]","args":[{"element-6066-11e4-a52e-4f735466cecf":"f.D88A710F58C031DD94180D36F4E40589.d.35F268269A9EAE3758919DE4A2EF256B.e.3034"},"getTitle",[]]}
RESULT: {"script":"<script> [6424 bytes]","args":[{"element-6066-11e4-a52e-4f735466cecf":"f.D88A710F58C031DD94180D36F4E40589.d.35F268269A9EAE3758919DE4A2EF256B.e.3034"},"getTitle",[]]}
RESULT: undefined
COMMAND: POST /session/e534addae89ac3f13e688da6063cf31d/element/f.D88A710F58C031DD94180D36F4E40589.d.35F268269A9EAE3758919DE4A2EF256B.e.2974/click - {}
RESULT: {}
COMMAND: GET /session/e534addae89ac3f13e688da6063cf31d/screenshot - {}
RESULT: {}
]]></system-out>
    </testcase>
    <testcase classname="chrome.136_0_7103_93.windows.Sanity_Tests_US104253" name="Should open Site Overview page" time="40.67">
      <system-out><![CDATA[
COMMAND: POST /session/e534addae89ac3f13e688da6063cf31d/execute/async - {"script":"<script> [1562 bytes]","args":[{"selector":{"controlType":"sap.m.GenericTile","properties":{"header":"Site Overview"}},"wdio_ui5_key":"sapm.GenericTile{\"header\":\"Site Overview\"}"}]}
RESULT: {"script":"<script> [1562 bytes]","args":[{"selector":{"controlType":"sap.m.GenericTile","properties":{"header":"Site Overview"}},"wdio_ui5_key":"sapm.GenericTile{\"header\":\"Site Overview\"}"}]}
RESULT: undefined
COMMAND: POST /session/e534addae89ac3f13e688da6063cf31d/element - {"using":"xpath","value":"//*[@id=\"__tile100\"]"}
RESULT: {"using":"xpath","value":"//*[@id=\"__tile100\"]"}
COMMAND: POST /session/e534addae89ac3f13e688da6063cf31d/element/f.D88A710F58C031DD94180D36F4E40589.d.35F268269A9EAE3758919DE4A2EF256B.e.3037/click - {}
RESULT: {}
COMMAND: GET /session/e534addae89ac3f13e688da6063cf31d/screenshot - {}
RESULT: {}
COMMAND: POST /session/e534addae89ac3f13e688da6063cf31d/elements - {"using":"xpath","value":"//span[text()='Error']"}
RESULT: {"using":"xpath","value":"//span[text()='Error']"}
RESULT: undefined
COMMAND: POST /session/e534addae89ac3f13e688da6063cf31d/element - {"using":"xpath","value":"//*[@id=\"__tile100\"]"}
RESULT: {"using":"xpath","value":"//*[@id=\"__tile100\"]"}
COMMAND: POST /session/e534addae89ac3f13e688da6063cf31d/element/f.D88A710F58C031DD94180D36F4E40589.d.35F268269A9EAE3758919DE4A2EF256B.e.3037/click - {}
RESULT: undefined
COMMAND: POST /session/e534addae89ac3f13e688da6063cf31d/element - {"using":"xpath","value":"//*[@id=\"__tile100\"]"}
RESULT: {"using":"xpath","value":"//*[@id=\"__tile100\"]"}
COMMAND: POST /session/e534addae89ac3f13e688da6063cf31d/element/f.D88A710F58C031DD94180D36F4E40589.d.35F268269A9EAE3758919DE4A2EF256B.e.3037/click - {}
RESULT: undefined
COMMAND: POST /session/e534addae89ac3f13e688da6063cf31d/execute/async - {"script":"<script> [6424 bytes]","args":[{"element-6066-11e4-a52e-4f735466cecf":"f.D88A710F58C031DD94180D36F4E40589.d.35F268269A9EAE3758919DE4A2EF256B.e.296"},"getTitle",[]]}
COMMAND: POST /session/e534addae89ac3f13e688da6063cf31d/execute/async - {"script":"<script> [1562 bytes]","args":[{"selector":{"id":"shellAppTitle"},"wdio_ui5_key":"shellAppTitle"}]}
RESULT: {"script":"<script> [1562 bytes]","args":[{"selector":{"id":"shellAppTitle"},"wdio_ui5_key":"shellAppTitle"}]}
COMMAND: POST /session/e534addae89ac3f13e688da6063cf31d/execute/async - {"script":"<script> [6424 bytes]","args":[{"element-6066-11e4-a52e-4f735466cecf":"f.D88A710F58C031DD94180D36F4E40589.d.35F268269A9EAE3758919DE4A2EF256B.e.3153"},"getTitle",[]]}
RESULT: {"script":"<script> [6424 bytes]","args":[{"element-6066-11e4-a52e-4f735466cecf":"f.D88A710F58C031DD94180D36F4E40589.d.35F268269A9EAE3758919DE4A2EF256B.e.3153"},"getTitle",[]]}
RESULT: undefined
COMMAND: POST /session/e534addae89ac3f13e688da6063cf31d/element/f.D88A710F58C031DD94180D36F4E40589.d.35F268269A9EAE3758919DE4A2EF256B.e.2974/click - {}
COMMAND: POST /session/e534addae89ac3f13e688da6063cf31d/element - {"using":"xpath","value":"//*[@id=\"backBtn\"]"}
RESULT: {"using":"xpath","value":"//*[@id=\"backBtn\"]"}
COMMAND: POST /session/e534addae89ac3f13e688da6063cf31d/element/f.D88A710F58C031DD94180D36F4E40589.d.35F268269A9EAE3758919DE4A2EF256B.e.2974/click - {}
COMMAND: POST /session/e534addae89ac3f13e688da6063cf31d/element - {"using":"xpath","value":"//*[@id=\"backBtn\"]"}
RESULT: {"using":"xpath","value":"//*[@id=\"backBtn\"]"}
COMMAND: POST /session/e534addae89ac3f13e688da6063cf31d/element/f.D88A710F58C031DD94180D36F4E40589.d.35F268269A9EAE3758919DE4A2EF256B.e.3154/click - {}
RESULT: {}
COMMAND: GET /session/e534addae89ac3f13e688da6063cf31d/screenshot - {}
RESULT: {}
]]></system-out>
    </testcase>
    <testcase classname="chrome.136_0_7103_93.windows.Sanity_Tests_US104253" name="Should open Trace Track Resources page" time="39.339">
      <system-out><![CDATA[
COMMAND: POST /session/e534addae89ac3f13e688da6063cf31d/execute/async - {"script":"<script> [1562 bytes]","args":[{"selector":{"controlType":"sap.m.GenericTile","properties":{"header":"Trace & Track Resources"}},"wdio_ui5_key":"sapm.GenericTile{\"header\":\"Trace & Track Resources\"}"}]}
RESULT: {"script":"<script> [1562 bytes]","args":[{"selector":{"controlType":"sap.m.GenericTile","properties":{"header":"Trace & Track Resources"}},"wdio_ui5_key":"sapm.GenericTile{\"header\":\"Trace & Track Resources\"}"}]}
RESULT: undefined
COMMAND: POST /session/e534addae89ac3f13e688da6063cf31d/element - {"using":"xpath","value":"//*[@id=\"__tile101\"]"}
RESULT: {"using":"xpath","value":"//*[@id=\"__tile101\"]"}
COMMAND: POST /session/e534addae89ac3f13e688da6063cf31d/element/f.D88A710F58C031DD94180D36F4E40589.d.35F268269A9EAE3758919DE4A2EF256B.e.3156/click - {}
RESULT: {}
COMMAND: GET /session/e534addae89ac3f13e688da6063cf31d/screenshot - {}
RESULT: {}
COMMAND: POST /session/e534addae89ac3f13e688da6063cf31d/elements - {"using":"xpath","value":"//span[text()='Error']"}
RESULT: {"using":"xpath","value":"//span[text()='Error']"}
RESULT: undefined
COMMAND: POST /session/e534addae89ac3f13e688da6063cf31d/element - {"using":"xpath","value":"//*[@id=\"__tile101\"]"}
RESULT: {"using":"xpath","value":"//*[@id=\"__tile101\"]"}
COMMAND: POST /session/e534addae89ac3f13e688da6063cf31d/element/f.D88A710F58C031DD94180D36F4E40589.d.35F268269A9EAE3758919DE4A2EF256B.e.3156/click - {}
RESULT: undefined
COMMAND: POST /session/e534addae89ac3f13e688da6063cf31d/element - {"using":"xpath","value":"//*[@id=\"__tile101\"]"}
RESULT: {"using":"xpath","value":"//*[@id=\"__tile101\"]"}
COMMAND: POST /session/e534addae89ac3f13e688da6063cf31d/element/f.D88A710F58C031DD94180D36F4E40589.d.35F268269A9EAE3758919DE4A2EF256B.e.3156/click - {}
RESULT: undefined
COMMAND: POST /session/e534addae89ac3f13e688da6063cf31d/execute/async - {"script":"<script> [6424 bytes]","args":[{"element-6066-11e4-a52e-4f735466cecf":"f.D88A710F58C031DD94180D36F4E40589.d.35F268269A9EAE3758919DE4A2EF256B.e.296"},"getTitle",[]]}
COMMAND: POST /session/e534addae89ac3f13e688da6063cf31d/execute/async - {"script":"<script> [1562 bytes]","args":[{"selector":{"id":"shellAppTitle"},"wdio_ui5_key":"shellAppTitle"}]}
RESULT: {"script":"<script> [1562 bytes]","args":[{"selector":{"id":"shellAppTitle"},"wdio_ui5_key":"shellAppTitle"}]}
COMMAND: POST /session/e534addae89ac3f13e688da6063cf31d/execute/async - {"script":"<script> [6424 bytes]","args":[{"element-6066-11e4-a52e-4f735466cecf":"f.D88A710F58C031DD94180D36F4E40589.d.35F268269A9EAE3758919DE4A2EF256B.e.3191"},"getTitle",[]]}
RESULT: {"script":"<script> [6424 bytes]","args":[{"element-6066-11e4-a52e-4f735466cecf":"f.D88A710F58C031DD94180D36F4E40589.d.35F268269A9EAE3758919DE4A2EF256B.e.3191"},"getTitle",[]]}
RESULT: undefined
COMMAND: POST /session/e534addae89ac3f13e688da6063cf31d/element/f.D88A710F58C031DD94180D36F4E40589.d.35F268269A9EAE3758919DE4A2EF256B.e.3154/click - {}
RESULT: {}
COMMAND: GET /session/e534addae89ac3f13e688da6063cf31d/screenshot - {}
RESULT: {}
]]></system-out>
    </testcase>
    <testcase classname="chrome.136_0_7103_93.windows.Sanity_Tests_US104253" name="Should open RU Inventory List page" time="47.092">
      <system-out><![CDATA[
COMMAND: POST /session/e534addae89ac3f13e688da6063cf31d/execute/async - {"script":"<script> [1562 bytes]","args":[{"selector":{"controlType":"sap.m.GenericTile","properties":{"header":"RU Inventory List"}},"wdio_ui5_key":"sapm.GenericTile{\"header\":\"RU Inventory List\"}"}]}
RESULT: {"script":"<script> [1562 bytes]","args":[{"selector":{"controlType":"sap.m.GenericTile","properties":{"header":"RU Inventory List"}},"wdio_ui5_key":"sapm.GenericTile{\"header\":\"RU Inventory List\"}"}]}
RESULT: undefined
COMMAND: POST /session/e534addae89ac3f13e688da6063cf31d/element - {"using":"xpath","value":"//*[@id=\"__tile99\"]"}
RESULT: {"using":"xpath","value":"//*[@id=\"__tile99\"]"}
COMMAND: POST /session/e534addae89ac3f13e688da6063cf31d/element/f.D88A710F58C031DD94180D36F4E40589.d.35F268269A9EAE3758919DE4A2EF256B.e.3193/click - {}
RESULT: {}
COMMAND: GET /session/e534addae89ac3f13e688da6063cf31d/screenshot - {}
RESULT: {}
COMMAND: POST /session/e534addae89ac3f13e688da6063cf31d/elements - {"using":"xpath","value":"//span[text()='Error']"}
RESULT: {"using":"xpath","value":"//span[text()='Error']"}
RESULT: undefined
COMMAND: POST /session/e534addae89ac3f13e688da6063cf31d/element - {"using":"xpath","value":"//*[@id=\"__tile99\"]"}
RESULT: {"using":"xpath","value":"//*[@id=\"__tile99\"]"}
COMMAND: POST /session/e534addae89ac3f13e688da6063cf31d/element/f.D88A710F58C031DD94180D36F4E40589.d.35F268269A9EAE3758919DE4A2EF256B.e.3193/click - {}
RESULT: undefined
COMMAND: POST /session/e534addae89ac3f13e688da6063cf31d/element - {"using":"xpath","value":"//*[@id=\"__tile99\"]"}
RESULT: {"using":"xpath","value":"//*[@id=\"__tile99\"]"}
COMMAND: POST /session/e534addae89ac3f13e688da6063cf31d/element/f.D88A710F58C031DD94180D36F4E40589.d.35F268269A9EAE3758919DE4A2EF256B.e.3193/click - {}
RESULT: undefined
COMMAND: POST /session/e534addae89ac3f13e688da6063cf31d/execute/async - {"script":"<script> [6424 bytes]","args":[{"element-6066-11e4-a52e-4f735466cecf":"f.D88A710F58C031DD94180D36F4E40589.d.35F268269A9EAE3758919DE4A2EF256B.e.296"},"getTitle",[]]}
COMMAND: POST /session/e534addae89ac3f13e688da6063cf31d/execute/async - {"script":"<script> [1562 bytes]","args":[{"selector":{"id":"shellAppTitle"},"wdio_ui5_key":"shellAppTitle"}]}
RESULT: {"script":"<script> [1562 bytes]","args":[{"selector":{"id":"shellAppTitle"},"wdio_ui5_key":"shellAppTitle"}]}
COMMAND: POST /session/e534addae89ac3f13e688da6063cf31d/execute/async - {"script":"<script> [6424 bytes]","args":[{"element-6066-11e4-a52e-4f735466cecf":"f.D88A710F58C031DD94180D36F4E40589.d.35F268269A9EAE3758919DE4A2EF256B.e.3390"},"getTitle",[]]}
RESULT: {"script":"<script> [6424 bytes]","args":[{"element-6066-11e4-a52e-4f735466cecf":"f.D88A710F58C031DD94180D36F4E40589.d.35F268269A9EAE3758919DE4A2EF256B.e.3390"},"getTitle",[]]}
RESULT: undefined
COMMAND: POST /session/e534addae89ac3f13e688da6063cf31d/element/f.D88A710F58C031DD94180D36F4E40589.d.35F268269A9EAE3758919DE4A2EF256B.e.3154/click - {}
COMMAND: POST /session/e534addae89ac3f13e688da6063cf31d/element - {"using":"xpath","value":"//*[@id=\"backBtn\"]"}
RESULT: {"using":"xpath","value":"//*[@id=\"backBtn\"]"}
COMMAND: POST /session/e534addae89ac3f13e688da6063cf31d/element/f.D88A710F58C031DD94180D36F4E40589.d.35F268269A9EAE3758919DE4A2EF256B.e.3154/click - {}
COMMAND: POST /session/e534addae89ac3f13e688da6063cf31d/element - {"using":"xpath","value":"//*[@id=\"backBtn\"]"}
RESULT: {"using":"xpath","value":"//*[@id=\"backBtn\"]"}
COMMAND: POST /session/e534addae89ac3f13e688da6063cf31d/element/f.D88A710F58C031DD94180D36F4E40589.d.35F268269A9EAE3758919DE4A2EF256B.e.3391/click - {}
RESULT: {}
COMMAND: GET /session/e534addae89ac3f13e688da6063cf31d/screenshot - {}
RESULT: {}
]]></system-out>
    </testcase>
    <testcase classname="chrome.136_0_7103_93.windows.Sanity_Tests_US104253" name="Should open Contracts Dashboard page" time="46.253">
      <system-out><![CDATA[
COMMAND: POST /session/e534addae89ac3f13e688da6063cf31d/execute/async - {"script":"<script> [1562 bytes]","args":[{"selector":{"controlType":"sap.m.GenericTile","properties":{"header":"Contracts Dashboard"}},"wdio_ui5_key":"sapm.GenericTile{\"header\":\"Contracts Dashboard\"}"}]}
RESULT: {"script":"<script> [1562 bytes]","args":[{"selector":{"controlType":"sap.m.GenericTile","properties":{"header":"Contracts Dashboard"}},"wdio_ui5_key":"sapm.GenericTile{\"header\":\"Contracts Dashboard\"}"}]}
RESULT: undefined
COMMAND: POST /session/e534addae89ac3f13e688da6063cf31d/element - {"using":"xpath","value":"//*[@id=\"__tile97\"]"}
RESULT: {"using":"xpath","value":"//*[@id=\"__tile97\"]"}
COMMAND: POST /session/e534addae89ac3f13e688da6063cf31d/element/f.D88A710F58C031DD94180D36F4E40589.d.35F268269A9EAE3758919DE4A2EF256B.e.3393/click - {}
RESULT: {}
COMMAND: GET /session/e534addae89ac3f13e688da6063cf31d/screenshot - {}
RESULT: {}
COMMAND: POST /session/e534addae89ac3f13e688da6063cf31d/elements - {"using":"xpath","value":"//span[text()='Error']"}
RESULT: {"using":"xpath","value":"//span[text()='Error']"}
RESULT: undefined
COMMAND: POST /session/e534addae89ac3f13e688da6063cf31d/element - {"using":"xpath","value":"//*[@id=\"__tile97\"]"}
RESULT: {"using":"xpath","value":"//*[@id=\"__tile97\"]"}
COMMAND: POST /session/e534addae89ac3f13e688da6063cf31d/element/f.D88A710F58C031DD94180D36F4E40589.d.35F268269A9EAE3758919DE4A2EF256B.e.3393/click - {}
RESULT: undefined
COMMAND: POST /session/e534addae89ac3f13e688da6063cf31d/element - {"using":"xpath","value":"//*[@id=\"__tile97\"]"}
RESULT: {"using":"xpath","value":"//*[@id=\"__tile97\"]"}
COMMAND: POST /session/e534addae89ac3f13e688da6063cf31d/element/f.D88A710F58C031DD94180D36F4E40589.d.35F268269A9EAE3758919DE4A2EF256B.e.3393/click - {}
RESULT: undefined
COMMAND: POST /session/e534addae89ac3f13e688da6063cf31d/execute/async - {"script":"<script> [6424 bytes]","args":[{"element-6066-11e4-a52e-4f735466cecf":"f.D88A710F58C031DD94180D36F4E40589.d.35F268269A9EAE3758919DE4A2EF256B.e.296"},"getTitle",[]]}
COMMAND: POST /session/e534addae89ac3f13e688da6063cf31d/execute/async - {"script":"<script> [1562 bytes]","args":[{"selector":{"id":"shellAppTitle"},"wdio_ui5_key":"shellAppTitle"}]}
RESULT: {"script":"<script> [1562 bytes]","args":[{"selector":{"id":"shellAppTitle"},"wdio_ui5_key":"shellAppTitle"}]}
COMMAND: POST /session/e534addae89ac3f13e688da6063cf31d/execute/async - {"script":"<script> [6424 bytes]","args":[{"element-6066-11e4-a52e-4f735466cecf":"f.D88A710F58C031DD94180D36F4E40589.d.35F268269A9EAE3758919DE4A2EF256B.e.3415"},"getTitle",[]]}
RESULT: {"script":"<script> [6424 bytes]","args":[{"element-6066-11e4-a52e-4f735466cecf":"f.D88A710F58C031DD94180D36F4E40589.d.35F268269A9EAE3758919DE4A2EF256B.e.3415"},"getTitle",[]]}
RESULT: undefined
COMMAND: POST /session/e534addae89ac3f13e688da6063cf31d/element/f.D88A710F58C031DD94180D36F4E40589.d.35F268269A9EAE3758919DE4A2EF256B.e.3391/click - {}
RESULT: {}
COMMAND: GET /session/e534addae89ac3f13e688da6063cf31d/screenshot - {}
RESULT: {}
]]></system-out>
    </testcase>
    <testcase classname="chrome.136_0_7103_93.windows.Sanity_Tests_US104253" name="Should open Bin Status Report page" time="40.489">
      <system-out><![CDATA[
COMMAND: POST /session/e534addae89ac3f13e688da6063cf31d/execute/async - {"script":"<script> [1562 bytes]","args":[{"selector":{"controlType":"sap.m.GenericTile","properties":{"header":"Bin Status Report"}},"wdio_ui5_key":"sapm.GenericTile{\"header\":\"Bin Status Report\"}"}]}
RESULT: {"script":"<script> [1562 bytes]","args":[{"selector":{"controlType":"sap.m.GenericTile","properties":{"header":"Bin Status Report"}},"wdio_ui5_key":"sapm.GenericTile{\"header\":\"Bin Status Report\"}"}]}
RESULT: undefined
COMMAND: POST /session/e534addae89ac3f13e688da6063cf31d/element - {"using":"xpath","value":"//*[@id=\"__tile104\"]"}
RESULT: {"using":"xpath","value":"//*[@id=\"__tile104\"]"}
COMMAND: POST /session/e534addae89ac3f13e688da6063cf31d/element/f.D88A710F58C031DD94180D36F4E40589.d.35F268269A9EAE3758919DE4A2EF256B.e.3417/click - {}
RESULT: {}
COMMAND: GET /session/e534addae89ac3f13e688da6063cf31d/screenshot - {}
RESULT: {}
COMMAND: POST /session/e534addae89ac3f13e688da6063cf31d/elements - {"using":"xpath","value":"//span[text()='Error']"}
RESULT: {"using":"xpath","value":"//span[text()='Error']"}
RESULT: undefined
COMMAND: POST /session/e534addae89ac3f13e688da6063cf31d/element - {"using":"xpath","value":"//*[@id=\"__tile104\"]"}
RESULT: {"using":"xpath","value":"//*[@id=\"__tile104\"]"}
COMMAND: POST /session/e534addae89ac3f13e688da6063cf31d/element/f.D88A710F58C031DD94180D36F4E40589.d.35F268269A9EAE3758919DE4A2EF256B.e.3417/click - {}
RESULT: undefined
COMMAND: POST /session/e534addae89ac3f13e688da6063cf31d/element - {"using":"xpath","value":"//*[@id=\"__tile104\"]"}
RESULT: {"using":"xpath","value":"//*[@id=\"__tile104\"]"}
COMMAND: POST /session/e534addae89ac3f13e688da6063cf31d/element/f.D88A710F58C031DD94180D36F4E40589.d.35F268269A9EAE3758919DE4A2EF256B.e.3417/click - {}
RESULT: undefined
COMMAND: POST /session/e534addae89ac3f13e688da6063cf31d/execute/async - {"script":"<script> [6424 bytes]","args":[{"element-6066-11e4-a52e-4f735466cecf":"f.D88A710F58C031DD94180D36F4E40589.d.35F268269A9EAE3758919DE4A2EF256B.e.296"},"getTitle",[]]}
COMMAND: POST /session/e534addae89ac3f13e688da6063cf31d/execute/async - {"script":"<script> [1562 bytes]","args":[{"selector":{"id":"shellAppTitle"},"wdio_ui5_key":"shellAppTitle"}]}
RESULT: {"script":"<script> [1562 bytes]","args":[{"selector":{"id":"shellAppTitle"},"wdio_ui5_key":"shellAppTitle"}]}
COMMAND: POST /session/e534addae89ac3f13e688da6063cf31d/execute/async - {"script":"<script> [6424 bytes]","args":[{"element-6066-11e4-a52e-4f735466cecf":"f.D88A710F58C031DD94180D36F4E40589.d.35F268269A9EAE3758919DE4A2EF256B.e.3512"},"getTitle",[]]}
RESULT: {"script":"<script> [6424 bytes]","args":[{"element-6066-11e4-a52e-4f735466cecf":"f.D88A710F58C031DD94180D36F4E40589.d.35F268269A9EAE3758919DE4A2EF256B.e.3512"},"getTitle",[]]}
RESULT: undefined
COMMAND: POST /session/e534addae89ac3f13e688da6063cf31d/element/f.D88A710F58C031DD94180D36F4E40589.d.35F268269A9EAE3758919DE4A2EF256B.e.3391/click - {}
COMMAND: POST /session/e534addae89ac3f13e688da6063cf31d/element - {"using":"xpath","value":"//*[@id=\"backBtn\"]"}
RESULT: {"using":"xpath","value":"//*[@id=\"backBtn\"]"}
COMMAND: POST /session/e534addae89ac3f13e688da6063cf31d/element/f.D88A710F58C031DD94180D36F4E40589.d.35F268269A9EAE3758919DE4A2EF256B.e.3391/click - {}
COMMAND: POST /session/e534addae89ac3f13e688da6063cf31d/element - {"using":"xpath","value":"//*[@id=\"backBtn\"]"}
RESULT: {"using":"xpath","value":"//*[@id=\"backBtn\"]"}
COMMAND: POST /session/e534addae89ac3f13e688da6063cf31d/element/f.D88A710F58C031DD94180D36F4E40589.d.35F268269A9EAE3758919DE4A2EF256B.e.3513/click - {}
RESULT: {}
COMMAND: GET /session/e534addae89ac3f13e688da6063cf31d/screenshot - {}
RESULT: {}
]]></system-out>
    </testcase>
    <testcase classname="chrome.136_0_7103_93.windows.Sanity_Tests_US104253" name="Should open Manage Warehouse Movements page" time="39.06">
      <system-out><![CDATA[
COMMAND: POST /session/e534addae89ac3f13e688da6063cf31d/execute/async - {"script":"<script> [1562 bytes]","args":[{"selector":{"controlType":"sap.m.GenericTile","properties":{"header":"Manage Warehouse Movements"}},"wdio_ui5_key":"sapm.GenericTile{\"header\":\"Manage Warehouse Movements\"}"}]}
RESULT: {"script":"<script> [1562 bytes]","args":[{"selector":{"controlType":"sap.m.GenericTile","properties":{"header":"Manage Warehouse Movements"}},"wdio_ui5_key":"sapm.GenericTile{\"header\":\"Manage Warehouse Movements\"}"}]}
RESULT: undefined
COMMAND: POST /session/e534addae89ac3f13e688da6063cf31d/element - {"using":"xpath","value":"//*[@id=\"__tile105\"]"}
RESULT: {"using":"xpath","value":"//*[@id=\"__tile105\"]"}
COMMAND: POST /session/e534addae89ac3f13e688da6063cf31d/element/f.D88A710F58C031DD94180D36F4E40589.d.35F268269A9EAE3758919DE4A2EF256B.e.3517/click - {}
RESULT: {}
COMMAND: GET /session/e534addae89ac3f13e688da6063cf31d/screenshot - {}
RESULT: {}
COMMAND: POST /session/e534addae89ac3f13e688da6063cf31d/elements - {"using":"xpath","value":"//span[text()='Error']"}
RESULT: {"using":"xpath","value":"//span[text()='Error']"}
RESULT: undefined
COMMAND: POST /session/e534addae89ac3f13e688da6063cf31d/element - {"using":"xpath","value":"//*[@id=\"__tile105\"]"}
RESULT: {"using":"xpath","value":"//*[@id=\"__tile105\"]"}
COMMAND: POST /session/e534addae89ac3f13e688da6063cf31d/element/f.D88A710F58C031DD94180D36F4E40589.d.35F268269A9EAE3758919DE4A2EF256B.e.3517/click - {}
RESULT: undefined
COMMAND: POST /session/e534addae89ac3f13e688da6063cf31d/element - {"using":"xpath","value":"//*[@id=\"__tile105\"]"}
RESULT: {"using":"xpath","value":"//*[@id=\"__tile105\"]"}
COMMAND: POST /session/e534addae89ac3f13e688da6063cf31d/element/f.D88A710F58C031DD94180D36F4E40589.d.35F268269A9EAE3758919DE4A2EF256B.e.3517/click - {}
RESULT: undefined
COMMAND: POST /session/e534addae89ac3f13e688da6063cf31d/execute/async - {"script":"<script> [6424 bytes]","args":[{"element-6066-11e4-a52e-4f735466cecf":"f.D88A710F58C031DD94180D36F4E40589.d.35F268269A9EAE3758919DE4A2EF256B.e.296"},"getTitle",[]]}
COMMAND: POST /session/e534addae89ac3f13e688da6063cf31d/execute/async - {"script":"<script> [1562 bytes]","args":[{"selector":{"id":"shellAppTitle"},"wdio_ui5_key":"shellAppTitle"}]}
RESULT: {"script":"<script> [1562 bytes]","args":[{"selector":{"id":"shellAppTitle"},"wdio_ui5_key":"shellAppTitle"}]}
COMMAND: POST /session/e534addae89ac3f13e688da6063cf31d/execute/async - {"script":"<script> [6424 bytes]","args":[{"element-6066-11e4-a52e-4f735466cecf":"f.D88A710F58C031DD94180D36F4E40589.d.35F268269A9EAE3758919DE4A2EF256B.e.3609"},"getTitle",[]]}
RESULT: {"script":"<script> [6424 bytes]","args":[{"element-6066-11e4-a52e-4f735466cecf":"f.D88A710F58C031DD94180D36F4E40589.d.35F268269A9EAE3758919DE4A2EF256B.e.3609"},"getTitle",[]]}
RESULT: undefined
COMMAND: POST /session/e534addae89ac3f13e688da6063cf31d/element/f.D88A710F58C031DD94180D36F4E40589.d.35F268269A9EAE3758919DE4A2EF256B.e.3513/click - {}
RESULT: {}
COMMAND: GET /session/e534addae89ac3f13e688da6063cf31d/screenshot - {}
RESULT: {}
]]></system-out>
    </testcase>
    <testcase classname="chrome.136_0_7103_93.windows.Sanity_Tests_US104253" name="Should open Bin Inventory List page" time="39.499">
      <system-out><![CDATA[
COMMAND: POST /session/e534addae89ac3f13e688da6063cf31d/execute/async - {"script":"<script> [1562 bytes]","args":[{"selector":{"controlType":"sap.m.GenericTile","properties":{"header":"Bin Inventory List"}},"wdio_ui5_key":"sapm.GenericTile{\"header\":\"Bin Inventory List\"}"}]}
RESULT: {"script":"<script> [1562 bytes]","args":[{"selector":{"controlType":"sap.m.GenericTile","properties":{"header":"Bin Inventory List"}},"wdio_ui5_key":"sapm.GenericTile{\"header\":\"Bin Inventory List\"}"}]}
RESULT: undefined
COMMAND: POST /session/e534addae89ac3f13e688da6063cf31d/element - {"using":"xpath","value":"//*[@id=\"__tile103\"]"}
RESULT: {"using":"xpath","value":"//*[@id=\"__tile103\"]"}
COMMAND: POST /session/e534addae89ac3f13e688da6063cf31d/element/f.D88A710F58C031DD94180D36F4E40589.d.35F268269A9EAE3758919DE4A2EF256B.e.3611/click - {}
RESULT: {}
COMMAND: GET /session/e534addae89ac3f13e688da6063cf31d/screenshot - {}
RESULT: {}
COMMAND: POST /session/e534addae89ac3f13e688da6063cf31d/elements - {"using":"xpath","value":"//span[text()='Error']"}
RESULT: {"using":"xpath","value":"//span[text()='Error']"}
RESULT: undefined
COMMAND: POST /session/e534addae89ac3f13e688da6063cf31d/element - {"using":"xpath","value":"//*[@id=\"__tile103\"]"}
RESULT: {"using":"xpath","value":"//*[@id=\"__tile103\"]"}
COMMAND: POST /session/e534addae89ac3f13e688da6063cf31d/element/f.D88A710F58C031DD94180D36F4E40589.d.35F268269A9EAE3758919DE4A2EF256B.e.3611/click - {}
RESULT: undefined
COMMAND: POST /session/e534addae89ac3f13e688da6063cf31d/element - {"using":"xpath","value":"//*[@id=\"__tile103\"]"}
RESULT: {"using":"xpath","value":"//*[@id=\"__tile103\"]"}
COMMAND: POST /session/e534addae89ac3f13e688da6063cf31d/element/f.D88A710F58C031DD94180D36F4E40589.d.35F268269A9EAE3758919DE4A2EF256B.e.3611/click - {}
RESULT: undefined
COMMAND: POST /session/e534addae89ac3f13e688da6063cf31d/execute/async - {"script":"<script> [6424 bytes]","args":[{"element-6066-11e4-a52e-4f735466cecf":"f.D88A710F58C031DD94180D36F4E40589.d.35F268269A9EAE3758919DE4A2EF256B.e.296"},"getTitle",[]]}
COMMAND: POST /session/e534addae89ac3f13e688da6063cf31d/execute/async - {"script":"<script> [1562 bytes]","args":[{"selector":{"id":"shellAppTitle"},"wdio_ui5_key":"shellAppTitle"}]}
RESULT: {"script":"<script> [1562 bytes]","args":[{"selector":{"id":"shellAppTitle"},"wdio_ui5_key":"shellAppTitle"}]}
COMMAND: POST /session/e534addae89ac3f13e688da6063cf31d/execute/async - {"script":"<script> [6424 bytes]","args":[{"element-6066-11e4-a52e-4f735466cecf":"f.D88A710F58C031DD94180D36F4E40589.d.35F268269A9EAE3758919DE4A2EF256B.e.3706"},"getTitle",[]]}
RESULT: {"script":"<script> [6424 bytes]","args":[{"element-6066-11e4-a52e-4f735466cecf":"f.D88A710F58C031DD94180D36F4E40589.d.35F268269A9EAE3758919DE4A2EF256B.e.3706"},"getTitle",[]]}
RESULT: undefined
COMMAND: POST /session/e534addae89ac3f13e688da6063cf31d/element/f.D88A710F58C031DD94180D36F4E40589.d.35F268269A9EAE3758919DE4A2EF256B.e.3513/click - {}
COMMAND: POST /session/e534addae89ac3f13e688da6063cf31d/element - {"using":"xpath","value":"//*[@id=\"backBtn\"]"}
RESULT: {"using":"xpath","value":"//*[@id=\"backBtn\"]"}
COMMAND: POST /session/e534addae89ac3f13e688da6063cf31d/element/f.D88A710F58C031DD94180D36F4E40589.d.35F268269A9EAE3758919DE4A2EF256B.e.3513/click - {}
COMMAND: POST /session/e534addae89ac3f13e688da6063cf31d/element - {"using":"xpath","value":"//*[@id=\"backBtn\"]"}
RESULT: {"using":"xpath","value":"//*[@id=\"backBtn\"]"}
COMMAND: POST /session/e534addae89ac3f13e688da6063cf31d/element/f.D88A710F58C031DD94180D36F4E40589.d.35F268269A9EAE3758919DE4A2EF256B.e.3707/click - {}
RESULT: {}
COMMAND: GET /session/e534addae89ac3f13e688da6063cf31d/screenshot - {}
RESULT: {}
]]></system-out>
    </testcase>
    <testcase classname="chrome.136_0_7103_93.windows.Sanity_Tests_US104253" name="Should open ISC Templates page" time="41.863">
      <system-out><![CDATA[
COMMAND: POST /session/e534addae89ac3f13e688da6063cf31d/execute/async - {"script":"<script> [1562 bytes]","args":[{"selector":{"controlType":"sap.m.GenericTile","properties":{"header":"ISC Templates"}},"wdio_ui5_key":"sapm.GenericTile{\"header\":\"ISC Templates\"}"}]}
RESULT: {"script":"<script> [1562 bytes]","args":[{"selector":{"controlType":"sap.m.GenericTile","properties":{"header":"ISC Templates"}},"wdio_ui5_key":"sapm.GenericTile{\"header\":\"ISC Templates\"}"}]}
RESULT: undefined
COMMAND: POST /session/e534addae89ac3f13e688da6063cf31d/element - {"using":"xpath","value":"//*[@id=\"__tile111\"]"}
RESULT: {"using":"xpath","value":"//*[@id=\"__tile111\"]"}
COMMAND: POST /session/e534addae89ac3f13e688da6063cf31d/element/f.D88A710F58C031DD94180D36F4E40589.d.35F268269A9EAE3758919DE4A2EF256B.e.3709/click - {}
RESULT: {}
COMMAND: GET /session/e534addae89ac3f13e688da6063cf31d/screenshot - {}
RESULT: {}
COMMAND: POST /session/e534addae89ac3f13e688da6063cf31d/elements - {"using":"xpath","value":"//span[text()='Error']"}
RESULT: {"using":"xpath","value":"//span[text()='Error']"}
RESULT: undefined
COMMAND: POST /session/e534addae89ac3f13e688da6063cf31d/element - {"using":"xpath","value":"//*[@id=\"__tile111\"]"}
RESULT: {"using":"xpath","value":"//*[@id=\"__tile111\"]"}
COMMAND: POST /session/e534addae89ac3f13e688da6063cf31d/element/f.D88A710F58C031DD94180D36F4E40589.d.35F268269A9EAE3758919DE4A2EF256B.e.3709/click - {}
RESULT: undefined
COMMAND: POST /session/e534addae89ac3f13e688da6063cf31d/element - {"using":"xpath","value":"//*[@id=\"__tile111\"]"}
RESULT: {"using":"xpath","value":"//*[@id=\"__tile111\"]"}
COMMAND: POST /session/e534addae89ac3f13e688da6063cf31d/element/f.D88A710F58C031DD94180D36F4E40589.d.35F268269A9EAE3758919DE4A2EF256B.e.3709/click - {}
RESULT: undefined
COMMAND: POST /session/e534addae89ac3f13e688da6063cf31d/execute/async - {"script":"<script> [6424 bytes]","args":[{"element-6066-11e4-a52e-4f735466cecf":"f.D88A710F58C031DD94180D36F4E40589.d.35F268269A9EAE3758919DE4A2EF256B.e.296"},"getTitle",[]]}
COMMAND: POST /session/e534addae89ac3f13e688da6063cf31d/execute/async - {"script":"<script> [1562 bytes]","args":[{"selector":{"id":"shellAppTitle"},"wdio_ui5_key":"shellAppTitle"}]}
RESULT: {"script":"<script> [1562 bytes]","args":[{"selector":{"id":"shellAppTitle"},"wdio_ui5_key":"shellAppTitle"}]}
COMMAND: POST /session/e534addae89ac3f13e688da6063cf31d/execute/async - {"script":"<script> [6424 bytes]","args":[{"element-6066-11e4-a52e-4f735466cecf":"f.D88A710F58C031DD94180D36F4E40589.d.35F268269A9EAE3758919DE4A2EF256B.e.3777"},"getTitle",[]]}
RESULT: {"script":"<script> [6424 bytes]","args":[{"element-6066-11e4-a52e-4f735466cecf":"f.D88A710F58C031DD94180D36F4E40589.d.35F268269A9EAE3758919DE4A2EF256B.e.3777"},"getTitle",[]]}
RESULT: undefined
COMMAND: POST /session/e534addae89ac3f13e688da6063cf31d/element/f.D88A710F58C031DD94180D36F4E40589.d.35F268269A9EAE3758919DE4A2EF256B.e.3707/click - {}
RESULT: {}
COMMAND: GET /session/e534addae89ac3f13e688da6063cf31d/screenshot - {}
RESULT: {}
]]></system-out>
    </testcase>
    <testcase classname="chrome.136_0_7103_93.windows.Sanity_Tests_US104253" name="Should open ISC Schedules page" time="40.482">
      <system-out><![CDATA[
COMMAND: POST /session/e534addae89ac3f13e688da6063cf31d/execute/async - {"script":"<script> [1562 bytes]","args":[{"selector":{"controlType":"sap.m.GenericTile","properties":{"header":"ISC Schedules"}},"wdio_ui5_key":"sapm.GenericTile{\"header\":\"ISC Schedules\"}"}]}
RESULT: {"script":"<script> [1562 bytes]","args":[{"selector":{"controlType":"sap.m.GenericTile","properties":{"header":"ISC Schedules"}},"wdio_ui5_key":"sapm.GenericTile{\"header\":\"ISC Schedules\"}"}]}
RESULT: undefined
COMMAND: POST /session/e534addae89ac3f13e688da6063cf31d/element - {"using":"xpath","value":"//*[@id=\"__tile109\"]"}
RESULT: {"using":"xpath","value":"//*[@id=\"__tile109\"]"}
COMMAND: POST /session/e534addae89ac3f13e688da6063cf31d/element/f.D88A710F58C031DD94180D36F4E40589.d.35F268269A9EAE3758919DE4A2EF256B.e.3780/click - {}
RESULT: {}
COMMAND: GET /session/e534addae89ac3f13e688da6063cf31d/screenshot - {}
RESULT: {}
COMMAND: POST /session/e534addae89ac3f13e688da6063cf31d/elements - {"using":"xpath","value":"//span[text()='Error']"}
RESULT: {"using":"xpath","value":"//span[text()='Error']"}
RESULT: undefined
COMMAND: POST /session/e534addae89ac3f13e688da6063cf31d/element - {"using":"xpath","value":"//*[@id=\"__tile109\"]"}
RESULT: {"using":"xpath","value":"//*[@id=\"__tile109\"]"}
COMMAND: POST /session/e534addae89ac3f13e688da6063cf31d/element/f.D88A710F58C031DD94180D36F4E40589.d.35F268269A9EAE3758919DE4A2EF256B.e.3780/click - {}
RESULT: undefined
COMMAND: POST /session/e534addae89ac3f13e688da6063cf31d/element - {"using":"xpath","value":"//*[@id=\"__tile109\"]"}
RESULT: {"using":"xpath","value":"//*[@id=\"__tile109\"]"}
COMMAND: POST /session/e534addae89ac3f13e688da6063cf31d/element/f.D88A710F58C031DD94180D36F4E40589.d.35F268269A9EAE3758919DE4A2EF256B.e.3780/click - {}
RESULT: undefined
COMMAND: POST /session/e534addae89ac3f13e688da6063cf31d/execute/async - {"script":"<script> [6424 bytes]","args":[{"element-6066-11e4-a52e-4f735466cecf":"f.D88A710F58C031DD94180D36F4E40589.d.35F268269A9EAE3758919DE4A2EF256B.e.296"},"getTitle",[]]}
COMMAND: POST /session/e534addae89ac3f13e688da6063cf31d/execute/async - {"script":"<script> [1562 bytes]","args":[{"selector":{"id":"shellAppTitle"},"wdio_ui5_key":"shellAppTitle"}]}
RESULT: {"script":"<script> [1562 bytes]","args":[{"selector":{"id":"shellAppTitle"},"wdio_ui5_key":"shellAppTitle"}]}
COMMAND: POST /session/e534addae89ac3f13e688da6063cf31d/execute/async - {"script":"<script> [6424 bytes]","args":[{"element-6066-11e4-a52e-4f735466cecf":"f.D88A710F58C031DD94180D36F4E40589.d.35F268269A9EAE3758919DE4A2EF256B.e.3851"},"getTitle",[]]}
RESULT: {"script":"<script> [6424 bytes]","args":[{"element-6066-11e4-a52e-4f735466cecf":"f.D88A710F58C031DD94180D36F4E40589.d.35F268269A9EAE3758919DE4A2EF256B.e.3851"},"getTitle",[]]}
RESULT: undefined
COMMAND: POST /session/e534addae89ac3f13e688da6063cf31d/element/f.D88A710F58C031DD94180D36F4E40589.d.35F268269A9EAE3758919DE4A2EF256B.e.3707/click - {}
COMMAND: POST /session/e534addae89ac3f13e688da6063cf31d/element - {"using":"xpath","value":"//*[@id=\"backBtn\"]"}
RESULT: {"using":"xpath","value":"//*[@id=\"backBtn\"]"}
COMMAND: POST /session/e534addae89ac3f13e688da6063cf31d/element/f.D88A710F58C031DD94180D36F4E40589.d.35F268269A9EAE3758919DE4A2EF256B.e.3707/click - {}
COMMAND: POST /session/e534addae89ac3f13e688da6063cf31d/element - {"using":"xpath","value":"//*[@id=\"backBtn\"]"}
RESULT: {"using":"xpath","value":"//*[@id=\"backBtn\"]"}
COMMAND: POST /session/e534addae89ac3f13e688da6063cf31d/element/f.D88A710F58C031DD94180D36F4E40589.d.35F268269A9EAE3758919DE4A2EF256B.e.3852/click - {}
RESULT: {}
COMMAND: GET /session/e534addae89ac3f13e688da6063cf31d/screenshot - {}
RESULT: {}
]]></system-out>
    </testcase>
    <testcase classname="chrome.136_0_7103_93.windows.Sanity_Tests_US104253" name="Should open ISC Dashboard page" time="40.085">
      <system-out><![CDATA[
COMMAND: POST /session/e534addae89ac3f13e688da6063cf31d/execute/async - {"script":"<script> [1562 bytes]","args":[{"selector":{"controlType":"sap.m.GenericTile","properties":{"header":"ISC Dashboard"}},"wdio_ui5_key":"sapm.GenericTile{\"header\":\"ISC Dashboard\"}"}]}
RESULT: {"script":"<script> [1562 bytes]","args":[{"selector":{"controlType":"sap.m.GenericTile","properties":{"header":"ISC Dashboard"}},"wdio_ui5_key":"sapm.GenericTile{\"header\":\"ISC Dashboard\"}"}]}
RESULT: undefined
COMMAND: POST /session/e534addae89ac3f13e688da6063cf31d/element - {"using":"xpath","value":"//*[@id=\"__tile106\"]"}
RESULT: {"using":"xpath","value":"//*[@id=\"__tile106\"]"}
COMMAND: POST /session/e534addae89ac3f13e688da6063cf31d/element/f.D88A710F58C031DD94180D36F4E40589.d.35F268269A9EAE3758919DE4A2EF256B.e.3854/click - {}
RESULT: {}
COMMAND: GET /session/e534addae89ac3f13e688da6063cf31d/screenshot - {}
RESULT: {}
COMMAND: POST /session/e534addae89ac3f13e688da6063cf31d/elements - {"using":"xpath","value":"//span[text()='Error']"}
RESULT: {"using":"xpath","value":"//span[text()='Error']"}
RESULT: undefined
COMMAND: POST /session/e534addae89ac3f13e688da6063cf31d/element - {"using":"xpath","value":"//*[@id=\"__tile106\"]"}
RESULT: {"using":"xpath","value":"//*[@id=\"__tile106\"]"}
COMMAND: POST /session/e534addae89ac3f13e688da6063cf31d/element/f.D88A710F58C031DD94180D36F4E40589.d.35F268269A9EAE3758919DE4A2EF256B.e.3854/click - {}
RESULT: undefined
COMMAND: POST /session/e534addae89ac3f13e688da6063cf31d/element - {"using":"xpath","value":"//*[@id=\"__tile106\"]"}
RESULT: {"using":"xpath","value":"//*[@id=\"__tile106\"]"}
COMMAND: POST /session/e534addae89ac3f13e688da6063cf31d/element/f.D88A710F58C031DD94180D36F4E40589.d.35F268269A9EAE3758919DE4A2EF256B.e.3854/click - {}
RESULT: undefined
COMMAND: POST /session/e534addae89ac3f13e688da6063cf31d/execute/async - {"script":"<script> [6424 bytes]","args":[{"element-6066-11e4-a52e-4f735466cecf":"f.D88A710F58C031DD94180D36F4E40589.d.35F268269A9EAE3758919DE4A2EF256B.e.296"},"getTitle",[]]}
COMMAND: POST /session/e534addae89ac3f13e688da6063cf31d/execute/async - {"script":"<script> [1562 bytes]","args":[{"selector":{"id":"shellAppTitle"},"wdio_ui5_key":"shellAppTitle"}]}
RESULT: {"script":"<script> [1562 bytes]","args":[{"selector":{"id":"shellAppTitle"},"wdio_ui5_key":"shellAppTitle"}]}
COMMAND: POST /session/e534addae89ac3f13e688da6063cf31d/execute/async - {"script":"<script> [6424 bytes]","args":[{"element-6066-11e4-a52e-4f735466cecf":"f.D88A710F58C031DD94180D36F4E40589.d.35F268269A9EAE3758919DE4A2EF256B.e.3976"},"getTitle",[]]}
RESULT: {"script":"<script> [6424 bytes]","args":[{"element-6066-11e4-a52e-4f735466cecf":"f.D88A710F58C031DD94180D36F4E40589.d.35F268269A9EAE3758919DE4A2EF256B.e.3976"},"getTitle",[]]}
RESULT: undefined
COMMAND: POST /session/e534addae89ac3f13e688da6063cf31d/element/f.D88A710F58C031DD94180D36F4E40589.d.35F268269A9EAE3758919DE4A2EF256B.e.3852/click - {}
RESULT: {}
COMMAND: GET /session/e534addae89ac3f13e688da6063cf31d/screenshot - {}
RESULT: {}
]]></system-out>
    </testcase>
    <testcase classname="chrome.136_0_7103_93.windows.Sanity_Tests_US104253" name="Should open ISC Orders page" time="38.993">
      <system-out><![CDATA[
COMMAND: POST /session/e534addae89ac3f13e688da6063cf31d/execute/async - {"script":"<script> [1562 bytes]","args":[{"selector":{"controlType":"sap.m.GenericTile","properties":{"header":"ISC Orders"}},"wdio_ui5_key":"sapm.GenericTile{\"header\":\"ISC Orders\"}"}]}
RESULT: {"script":"<script> [1562 bytes]","args":[{"selector":{"controlType":"sap.m.GenericTile","properties":{"header":"ISC Orders"}},"wdio_ui5_key":"sapm.GenericTile{\"header\":\"ISC Orders\"}"}]}
RESULT: undefined
COMMAND: POST /session/e534addae89ac3f13e688da6063cf31d/element - {"using":"xpath","value":"//*[@id=\"__tile108\"]"}
RESULT: {"using":"xpath","value":"//*[@id=\"__tile108\"]"}
COMMAND: POST /session/e534addae89ac3f13e688da6063cf31d/element/f.D88A710F58C031DD94180D36F4E40589.d.35F268269A9EAE3758919DE4A2EF256B.e.3978/click - {}
RESULT: {}
COMMAND: GET /session/e534addae89ac3f13e688da6063cf31d/screenshot - {}
RESULT: {}
COMMAND: POST /session/e534addae89ac3f13e688da6063cf31d/elements - {"using":"xpath","value":"//span[text()='Error']"}
RESULT: {"using":"xpath","value":"//span[text()='Error']"}
RESULT: undefined
COMMAND: POST /session/e534addae89ac3f13e688da6063cf31d/element - {"using":"xpath","value":"//*[@id=\"__tile108\"]"}
RESULT: {"using":"xpath","value":"//*[@id=\"__tile108\"]"}
COMMAND: POST /session/e534addae89ac3f13e688da6063cf31d/element/f.D88A710F58C031DD94180D36F4E40589.d.35F268269A9EAE3758919DE4A2EF256B.e.3978/click - {}
RESULT: undefined
COMMAND: POST /session/e534addae89ac3f13e688da6063cf31d/element - {"using":"xpath","value":"//*[@id=\"__tile108\"]"}
RESULT: {"using":"xpath","value":"//*[@id=\"__tile108\"]"}
COMMAND: POST /session/e534addae89ac3f13e688da6063cf31d/element/f.D88A710F58C031DD94180D36F4E40589.d.35F268269A9EAE3758919DE4A2EF256B.e.3978/click - {}
RESULT: undefined
COMMAND: POST /session/e534addae89ac3f13e688da6063cf31d/execute/async - {"script":"<script> [6424 bytes]","args":[{"element-6066-11e4-a52e-4f735466cecf":"f.D88A710F58C031DD94180D36F4E40589.d.35F268269A9EAE3758919DE4A2EF256B.e.296"},"getTitle",[]]}
COMMAND: POST /session/e534addae89ac3f13e688da6063cf31d/execute/async - {"script":"<script> [1562 bytes]","args":[{"selector":{"id":"shellAppTitle"},"wdio_ui5_key":"shellAppTitle"}]}
RESULT: {"script":"<script> [1562 bytes]","args":[{"selector":{"id":"shellAppTitle"},"wdio_ui5_key":"shellAppTitle"}]}
COMMAND: POST /session/e534addae89ac3f13e688da6063cf31d/execute/async - {"script":"<script> [6424 bytes]","args":[{"element-6066-11e4-a52e-4f735466cecf":"f.D88A710F58C031DD94180D36F4E40589.d.35F268269A9EAE3758919DE4A2EF256B.e.4092"},"getTitle",[]]}
RESULT: {"script":"<script> [6424 bytes]","args":[{"element-6066-11e4-a52e-4f735466cecf":"f.D88A710F58C031DD94180D36F4E40589.d.35F268269A9EAE3758919DE4A2EF256B.e.4092"},"getTitle",[]]}
RESULT: undefined
COMMAND: POST /session/e534addae89ac3f13e688da6063cf31d/element/f.D88A710F58C031DD94180D36F4E40589.d.35F268269A9EAE3758919DE4A2EF256B.e.3852/click - {}
COMMAND: POST /session/e534addae89ac3f13e688da6063cf31d/element - {"using":"xpath","value":"//*[@id=\"backBtn\"]"}
RESULT: {"using":"xpath","value":"//*[@id=\"backBtn\"]"}
COMMAND: POST /session/e534addae89ac3f13e688da6063cf31d/element/f.D88A710F58C031DD94180D36F4E40589.d.35F268269A9EAE3758919DE4A2EF256B.e.3852/click - {}
COMMAND: POST /session/e534addae89ac3f13e688da6063cf31d/element - {"using":"xpath","value":"//*[@id=\"backBtn\"]"}
RESULT: {"using":"xpath","value":"//*[@id=\"backBtn\"]"}
COMMAND: POST /session/e534addae89ac3f13e688da6063cf31d/element/f.D88A710F58C031DD94180D36F4E40589.d.35F268269A9EAE3758919DE4A2EF256B.e.4093/click - {}
RESULT: {}
COMMAND: GET /session/e534addae89ac3f13e688da6063cf31d/screenshot - {}
RESULT: {}
]]></system-out>
    </testcase>
    <testcase classname="chrome.136_0_7103_93.windows.Sanity_Tests_US104253" name="Should open ISC Tasks page" time="43.312">
      <system-out><![CDATA[
COMMAND: POST /session/e534addae89ac3f13e688da6063cf31d/execute/async - {"script":"<script> [1562 bytes]","args":[{"selector":{"controlType":"sap.m.GenericTile","properties":{"header":"ISC Tasks"}},"wdio_ui5_key":"sapm.GenericTile{\"header\":\"ISC Tasks\"}"}]}
RESULT: {"script":"<script> [1562 bytes]","args":[{"selector":{"controlType":"sap.m.GenericTile","properties":{"header":"ISC Tasks"}},"wdio_ui5_key":"sapm.GenericTile{\"header\":\"ISC Tasks\"}"}]}
RESULT: undefined
COMMAND: POST /session/e534addae89ac3f13e688da6063cf31d/element - {"using":"xpath","value":"//*[@id=\"__tile110\"]"}
RESULT: {"using":"xpath","value":"//*[@id=\"__tile110\"]"}
COMMAND: POST /session/e534addae89ac3f13e688da6063cf31d/element/f.D88A710F58C031DD94180D36F4E40589.d.35F268269A9EAE3758919DE4A2EF256B.e.4095/click - {}
RESULT: {}
COMMAND: GET /session/e534addae89ac3f13e688da6063cf31d/screenshot - {}
RESULT: {}
COMMAND: POST /session/e534addae89ac3f13e688da6063cf31d/elements - {"using":"xpath","value":"//span[text()='Error']"}
RESULT: {"using":"xpath","value":"//span[text()='Error']"}
RESULT: undefined
COMMAND: POST /session/e534addae89ac3f13e688da6063cf31d/element - {"using":"xpath","value":"//*[@id=\"__tile110\"]"}
RESULT: {"using":"xpath","value":"//*[@id=\"__tile110\"]"}
COMMAND: POST /session/e534addae89ac3f13e688da6063cf31d/element/f.D88A710F58C031DD94180D36F4E40589.d.35F268269A9EAE3758919DE4A2EF256B.e.4095/click - {}
RESULT: undefined
COMMAND: POST /session/e534addae89ac3f13e688da6063cf31d/element - {"using":"xpath","value":"//*[@id=\"__tile110\"]"}
RESULT: {"using":"xpath","value":"//*[@id=\"__tile110\"]"}
COMMAND: POST /session/e534addae89ac3f13e688da6063cf31d/element/f.D88A710F58C031DD94180D36F4E40589.d.35F268269A9EAE3758919DE4A2EF256B.e.4095/click - {}
RESULT: undefined
COMMAND: POST /session/e534addae89ac3f13e688da6063cf31d/execute/async - {"script":"<script> [6424 bytes]","args":[{"element-6066-11e4-a52e-4f735466cecf":"f.D88A710F58C031DD94180D36F4E40589.d.35F268269A9EAE3758919DE4A2EF256B.e.296"},"getTitle",[]]}
COMMAND: POST /session/e534addae89ac3f13e688da6063cf31d/execute/async - {"script":"<script> [1562 bytes]","args":[{"selector":{"id":"shellAppTitle"},"wdio_ui5_key":"shellAppTitle"}]}
RESULT: {"script":"<script> [1562 bytes]","args":[{"selector":{"id":"shellAppTitle"},"wdio_ui5_key":"shellAppTitle"}]}
COMMAND: POST /session/e534addae89ac3f13e688da6063cf31d/execute/async - {"script":"<script> [6424 bytes]","args":[{"element-6066-11e4-a52e-4f735466cecf":"f.D88A710F58C031DD94180D36F4E40589.d.35F268269A9EAE3758919DE4A2EF256B.e.4187"},"getTitle",[]]}
RESULT: {"script":"<script> [6424 bytes]","args":[{"element-6066-11e4-a52e-4f735466cecf":"f.D88A710F58C031DD94180D36F4E40589.d.35F268269A9EAE3758919DE4A2EF256B.e.4187"},"getTitle",[]]}
RESULT: undefined
COMMAND: POST /session/e534addae89ac3f13e688da6063cf31d/element/f.D88A710F58C031DD94180D36F4E40589.d.35F268269A9EAE3758919DE4A2EF256B.e.4093/click - {}
RESULT: {}
COMMAND: GET /session/e534addae89ac3f13e688da6063cf31d/screenshot - {}
RESULT: {}
]]></system-out>
    </testcase>
    <testcase classname="chrome.136_0_7103_93.windows.Sanity_Tests_US104253" name="Should open Manage Resource Logbook page" time="40.892">
      <system-out><![CDATA[
COMMAND: POST /session/e534addae89ac3f13e688da6063cf31d/execute/async - {"script":"<script> [1562 bytes]","args":[{"selector":{"controlType":"sap.m.GenericTile","properties":{"header":"Manage Resource Logbook"}},"wdio_ui5_key":"sapm.GenericTile{\"header\":\"Manage Resource Logbook\"}"}]}
RESULT: {"script":"<script> [1562 bytes]","args":[{"selector":{"controlType":"sap.m.GenericTile","properties":{"header":"Manage Resource Logbook"}},"wdio_ui5_key":"sapm.GenericTile{\"header\":\"Manage Resource Logbook\"}"}]}
RESULT: undefined
COMMAND: POST /session/e534addae89ac3f13e688da6063cf31d/element - {"using":"xpath","value":"//*[@id=\"__tile113\"]"}
RESULT: {"using":"xpath","value":"//*[@id=\"__tile113\"]"}
COMMAND: POST /session/e534addae89ac3f13e688da6063cf31d/element/f.D88A710F58C031DD94180D36F4E40589.d.35F268269A9EAE3758919DE4A2EF256B.e.4189/click - {}
RESULT: {}
COMMAND: GET /session/e534addae89ac3f13e688da6063cf31d/screenshot - {}
RESULT: {}
COMMAND: POST /session/e534addae89ac3f13e688da6063cf31d/elements - {"using":"xpath","value":"//span[text()='Error']"}
RESULT: {"using":"xpath","value":"//span[text()='Error']"}
RESULT: undefined
COMMAND: POST /session/e534addae89ac3f13e688da6063cf31d/element - {"using":"xpath","value":"//*[@id=\"__tile113\"]"}
RESULT: {"using":"xpath","value":"//*[@id=\"__tile113\"]"}
COMMAND: POST /session/e534addae89ac3f13e688da6063cf31d/element/f.D88A710F58C031DD94180D36F4E40589.d.35F268269A9EAE3758919DE4A2EF256B.e.4189/click - {}
RESULT: undefined
COMMAND: POST /session/e534addae89ac3f13e688da6063cf31d/element - {"using":"xpath","value":"//*[@id=\"__tile113\"]"}
RESULT: {"using":"xpath","value":"//*[@id=\"__tile113\"]"}
COMMAND: POST /session/e534addae89ac3f13e688da6063cf31d/element/f.D88A710F58C031DD94180D36F4E40589.d.35F268269A9EAE3758919DE4A2EF256B.e.4189/click - {}
RESULT: undefined
COMMAND: POST /session/e534addae89ac3f13e688da6063cf31d/execute/async - {"script":"<script> [6424 bytes]","args":[{"element-6066-11e4-a52e-4f735466cecf":"f.D88A710F58C031DD94180D36F4E40589.d.35F268269A9EAE3758919DE4A2EF256B.e.296"},"getTitle",[]]}
COMMAND: POST /session/e534addae89ac3f13e688da6063cf31d/execute/async - {"script":"<script> [1562 bytes]","args":[{"selector":{"id":"shellAppTitle"},"wdio_ui5_key":"shellAppTitle"}]}
RESULT: {"script":"<script> [1562 bytes]","args":[{"selector":{"id":"shellAppTitle"},"wdio_ui5_key":"shellAppTitle"}]}
COMMAND: POST /session/e534addae89ac3f13e688da6063cf31d/execute/async - {"script":"<script> [6424 bytes]","args":[{"element-6066-11e4-a52e-4f735466cecf":"f.D88A710F58C031DD94180D36F4E40589.d.35F268269A9EAE3758919DE4A2EF256B.e.4297"},"getTitle",[]]}
RESULT: {"script":"<script> [6424 bytes]","args":[{"element-6066-11e4-a52e-4f735466cecf":"f.D88A710F58C031DD94180D36F4E40589.d.35F268269A9EAE3758919DE4A2EF256B.e.4297"},"getTitle",[]]}
RESULT: undefined
COMMAND: POST /session/e534addae89ac3f13e688da6063cf31d/element/f.D88A710F58C031DD94180D36F4E40589.d.35F268269A9EAE3758919DE4A2EF256B.e.4093/click - {}
COMMAND: POST /session/e534addae89ac3f13e688da6063cf31d/element - {"using":"xpath","value":"//*[@id=\"backBtn\"]"}
RESULT: {"using":"xpath","value":"//*[@id=\"backBtn\"]"}
COMMAND: POST /session/e534addae89ac3f13e688da6063cf31d/element/f.D88A710F58C031DD94180D36F4E40589.d.35F268269A9EAE3758919DE4A2EF256B.e.4093/click - {}
COMMAND: POST /session/e534addae89ac3f13e688da6063cf31d/element - {"using":"xpath","value":"//*[@id=\"backBtn\"]"}
RESULT: {"using":"xpath","value":"//*[@id=\"backBtn\"]"}
COMMAND: POST /session/e534addae89ac3f13e688da6063cf31d/element/f.D88A710F58C031DD94180D36F4E40589.d.35F268269A9EAE3758919DE4A2EF256B.e.4298/click - {}
RESULT: {}
COMMAND: GET /session/e534addae89ac3f13e688da6063cf31d/screenshot - {}
RESULT: {}
]]></system-out>
    </testcase>
    <testcase classname="chrome.136_0_7103_93.windows.Sanity_Tests_US104253" name="Should open Manage Logbook page" time="37.372">
      <system-out><![CDATA[
COMMAND: POST /session/e534addae89ac3f13e688da6063cf31d/execute/async - {"script":"<script> [1562 bytes]","args":[{"selector":{"controlType":"sap.m.GenericTile","properties":{"header":"Manage Logbook"}},"wdio_ui5_key":"sapm.GenericTile{\"header\":\"Manage Logbook\"}"}]}
RESULT: {"script":"<script> [1562 bytes]","args":[{"selector":{"controlType":"sap.m.GenericTile","properties":{"header":"Manage Logbook"}},"wdio_ui5_key":"sapm.GenericTile{\"header\":\"Manage Logbook\"}"}]}
RESULT: undefined
COMMAND: POST /session/e534addae89ac3f13e688da6063cf31d/element - {"using":"xpath","value":"//*[@id=\"__tile112\"]"}
RESULT: {"using":"xpath","value":"//*[@id=\"__tile112\"]"}
COMMAND: POST /session/e534addae89ac3f13e688da6063cf31d/element/f.D88A710F58C031DD94180D36F4E40589.d.35F268269A9EAE3758919DE4A2EF256B.e.4300/click - {}
RESULT: {}
COMMAND: GET /session/e534addae89ac3f13e688da6063cf31d/screenshot - {}
RESULT: {}
COMMAND: POST /session/e534addae89ac3f13e688da6063cf31d/elements - {"using":"xpath","value":"//span[text()='Error']"}
RESULT: {"using":"xpath","value":"//span[text()='Error']"}
RESULT: undefined
COMMAND: POST /session/e534addae89ac3f13e688da6063cf31d/element - {"using":"xpath","value":"//*[@id=\"__tile112\"]"}
RESULT: {"using":"xpath","value":"//*[@id=\"__tile112\"]"}
COMMAND: POST /session/e534addae89ac3f13e688da6063cf31d/element/f.D88A710F58C031DD94180D36F4E40589.d.35F268269A9EAE3758919DE4A2EF256B.e.4300/click - {}
RESULT: undefined
COMMAND: POST /session/e534addae89ac3f13e688da6063cf31d/element - {"using":"xpath","value":"//*[@id=\"__tile112\"]"}
RESULT: {"using":"xpath","value":"//*[@id=\"__tile112\"]"}
COMMAND: POST /session/e534addae89ac3f13e688da6063cf31d/element/f.D88A710F58C031DD94180D36F4E40589.d.35F268269A9EAE3758919DE4A2EF256B.e.4300/click - {}
RESULT: undefined
COMMAND: POST /session/e534addae89ac3f13e688da6063cf31d/execute/async - {"script":"<script> [6424 bytes]","args":[{"element-6066-11e4-a52e-4f735466cecf":"f.D88A710F58C031DD94180D36F4E40589.d.35F268269A9EAE3758919DE4A2EF256B.e.296"},"getTitle",[]]}
COMMAND: POST /session/e534addae89ac3f13e688da6063cf31d/execute/async - {"script":"<script> [1562 bytes]","args":[{"selector":{"id":"shellAppTitle"},"wdio_ui5_key":"shellAppTitle"}]}
RESULT: {"script":"<script> [1562 bytes]","args":[{"selector":{"id":"shellAppTitle"},"wdio_ui5_key":"shellAppTitle"}]}
COMMAND: POST /session/e534addae89ac3f13e688da6063cf31d/execute/async - {"script":"<script> [6424 bytes]","args":[{"element-6066-11e4-a52e-4f735466cecf":"f.D88A710F58C031DD94180D36F4E40589.d.35F268269A9EAE3758919DE4A2EF256B.e.4385"},"getTitle",[]]}
RESULT: {"script":"<script> [6424 bytes]","args":[{"element-6066-11e4-a52e-4f735466cecf":"f.D88A710F58C031DD94180D36F4E40589.d.35F268269A9EAE3758919DE4A2EF256B.e.4385"},"getTitle",[]]}
RESULT: undefined
COMMAND: POST /session/e534addae89ac3f13e688da6063cf31d/element/f.D88A710F58C031DD94180D36F4E40589.d.35F268269A9EAE3758919DE4A2EF256B.e.4298/click - {}
RESULT: {}
COMMAND: GET /session/e534addae89ac3f13e688da6063cf31d/screenshot - {}
RESULT: {}
]]></system-out>
    </testcase>
    <testcase classname="chrome.136_0_7103_93.windows.Sanity_Tests_US104253" name="Should open ISC Orders Calendar page" time="42.48">
      <system-out><![CDATA[
COMMAND: POST /session/e534addae89ac3f13e688da6063cf31d/execute/async - {"script":"<script> [1562 bytes]","args":[{"selector":{"controlType":"sap.m.GenericTile","properties":{"header":"ISC Orders Calendar"}},"wdio_ui5_key":"sapm.GenericTile{\"header\":\"ISC Orders Calendar\"}"}]}
RESULT: {"script":"<script> [1562 bytes]","args":[{"selector":{"controlType":"sap.m.GenericTile","properties":{"header":"ISC Orders Calendar"}},"wdio_ui5_key":"sapm.GenericTile{\"header\":\"ISC Orders Calendar\"}"}]}
RESULT: undefined
COMMAND: POST /session/e534addae89ac3f13e688da6063cf31d/element - {"using":"xpath","value":"//*[@id=\"__tile107\"]"}
RESULT: {"using":"xpath","value":"//*[@id=\"__tile107\"]"}
COMMAND: POST /session/e534addae89ac3f13e688da6063cf31d/element/f.D88A710F58C031DD94180D36F4E40589.d.35F268269A9EAE3758919DE4A2EF256B.e.4387/click - {}
RESULT: {}
COMMAND: GET /session/e534addae89ac3f13e688da6063cf31d/screenshot - {}
RESULT: {}
COMMAND: POST /session/e534addae89ac3f13e688da6063cf31d/elements - {"using":"xpath","value":"//span[text()='Error']"}
RESULT: {"using":"xpath","value":"//span[text()='Error']"}
RESULT: undefined
COMMAND: POST /session/e534addae89ac3f13e688da6063cf31d/element - {"using":"xpath","value":"//*[@id=\"__tile107\"]"}
RESULT: {"using":"xpath","value":"//*[@id=\"__tile107\"]"}
COMMAND: POST /session/e534addae89ac3f13e688da6063cf31d/element/f.D88A710F58C031DD94180D36F4E40589.d.35F268269A9EAE3758919DE4A2EF256B.e.4387/click - {}
RESULT: undefined
COMMAND: POST /session/e534addae89ac3f13e688da6063cf31d/element - {"using":"xpath","value":"//*[@id=\"__tile107\"]"}
RESULT: {"using":"xpath","value":"//*[@id=\"__tile107\"]"}
COMMAND: POST /session/e534addae89ac3f13e688da6063cf31d/element/f.D88A710F58C031DD94180D36F4E40589.d.35F268269A9EAE3758919DE4A2EF256B.e.4387/click - {}
RESULT: undefined
COMMAND: POST /session/e534addae89ac3f13e688da6063cf31d/execute/async - {"script":"<script> [6424 bytes]","args":[{"element-6066-11e4-a52e-4f735466cecf":"f.D88A710F58C031DD94180D36F4E40589.d.35F268269A9EAE3758919DE4A2EF256B.e.296"},"getTitle",[]]}
COMMAND: POST /session/e534addae89ac3f13e688da6063cf31d/execute/async - {"script":"<script> [1562 bytes]","args":[{"selector":{"id":"shellAppTitle"},"wdio_ui5_key":"shellAppTitle"}]}
RESULT: {"script":"<script> [1562 bytes]","args":[{"selector":{"id":"shellAppTitle"},"wdio_ui5_key":"shellAppTitle"}]}
COMMAND: POST /session/e534addae89ac3f13e688da6063cf31d/execute/async - {"script":"<script> [6424 bytes]","args":[{"element-6066-11e4-a52e-4f735466cecf":"f.D88A710F58C031DD94180D36F4E40589.d.35F268269A9EAE3758919DE4A2EF256B.e.4598"},"getTitle",[]]}
RESULT: {"script":"<script> [6424 bytes]","args":[{"element-6066-11e4-a52e-4f735466cecf":"f.D88A710F58C031DD94180D36F4E40589.d.35F268269A9EAE3758919DE4A2EF256B.e.4598"},"getTitle",[]]}
RESULT: undefined
COMMAND: POST /session/e534addae89ac3f13e688da6063cf31d/element/f.D88A710F58C031DD94180D36F4E40589.d.35F268269A9EAE3758919DE4A2EF256B.e.4298/click - {}
COMMAND: POST /session/e534addae89ac3f13e688da6063cf31d/element - {"using":"xpath","value":"//*[@id=\"backBtn\"]"}
RESULT: {"using":"xpath","value":"//*[@id=\"backBtn\"]"}
COMMAND: POST /session/e534addae89ac3f13e688da6063cf31d/element/f.D88A710F58C031DD94180D36F4E40589.d.35F268269A9EAE3758919DE4A2EF256B.e.4298/click - {}
COMMAND: POST /session/e534addae89ac3f13e688da6063cf31d/element - {"using":"xpath","value":"//*[@id=\"backBtn\"]"}
RESULT: {"using":"xpath","value":"//*[@id=\"backBtn\"]"}
COMMAND: POST /session/e534addae89ac3f13e688da6063cf31d/element/f.D88A710F58C031DD94180D36F4E40589.d.35F268269A9EAE3758919DE4A2EF256B.e.4599/click - {}
RESULT: {}
COMMAND: GET /session/e534addae89ac3f13e688da6063cf31d/screenshot - {}
RESULT: {}
]]></system-out>
    </testcase>
    <testcase classname="chrome.136_0_7103_93.windows.Sanity_Tests_US104253" name="Should open Configure System page" time="43.126">
      <system-out><![CDATA[
COMMAND: POST /session/e534addae89ac3f13e688da6063cf31d/execute/async - {"script":"<script> [1562 bytes]","args":[{"selector":{"controlType":"sap.m.GenericTile","properties":{"header":"Configure System"}},"wdio_ui5_key":"sapm.GenericTile{\"header\":\"Configure System\"}"}]}
RESULT: {"script":"<script> [1562 bytes]","args":[{"selector":{"controlType":"sap.m.GenericTile","properties":{"header":"Configure System"}},"wdio_ui5_key":"sapm.GenericTile{\"header\":\"Configure System\"}"}]}
RESULT: undefined
COMMAND: POST /session/e534addae89ac3f13e688da6063cf31d/element - {"using":"xpath","value":"//*[@id=\"__tile114\"]"}
RESULT: {"using":"xpath","value":"//*[@id=\"__tile114\"]"}
COMMAND: POST /session/e534addae89ac3f13e688da6063cf31d/element/f.D88A710F58C031DD94180D36F4E40589.d.35F268269A9EAE3758919DE4A2EF256B.e.4601/click - {}
RESULT: {}
COMMAND: GET /session/e534addae89ac3f13e688da6063cf31d/screenshot - {}
RESULT: {}
COMMAND: POST /session/e534addae89ac3f13e688da6063cf31d/elements - {"using":"xpath","value":"//span[text()='Error']"}
RESULT: {"using":"xpath","value":"//span[text()='Error']"}
RESULT: undefined
COMMAND: POST /session/e534addae89ac3f13e688da6063cf31d/element - {"using":"xpath","value":"//*[@id=\"__tile114\"]"}
RESULT: {"using":"xpath","value":"//*[@id=\"__tile114\"]"}
COMMAND: POST /session/e534addae89ac3f13e688da6063cf31d/element/f.D88A710F58C031DD94180D36F4E40589.d.35F268269A9EAE3758919DE4A2EF256B.e.4601/click - {}
RESULT: undefined
COMMAND: POST /session/e534addae89ac3f13e688da6063cf31d/element - {"using":"xpath","value":"//*[@id=\"__tile114\"]"}
RESULT: {"using":"xpath","value":"//*[@id=\"__tile114\"]"}
COMMAND: POST /session/e534addae89ac3f13e688da6063cf31d/element/f.D88A710F58C031DD94180D36F4E40589.d.35F268269A9EAE3758919DE4A2EF256B.e.4601/click - {}
RESULT: undefined
COMMAND: POST /session/e534addae89ac3f13e688da6063cf31d/execute/async - {"script":"<script> [6424 bytes]","args":[{"element-6066-11e4-a52e-4f735466cecf":"f.D88A710F58C031DD94180D36F4E40589.d.35F268269A9EAE3758919DE4A2EF256B.e.296"},"getTitle",[]]}
COMMAND: POST /session/e534addae89ac3f13e688da6063cf31d/execute/async - {"script":"<script> [1562 bytes]","args":[{"selector":{"id":"shellAppTitle"},"wdio_ui5_key":"shellAppTitle"}]}
RESULT: {"script":"<script> [1562 bytes]","args":[{"selector":{"id":"shellAppTitle"},"wdio_ui5_key":"shellAppTitle"}]}
COMMAND: POST /session/e534addae89ac3f13e688da6063cf31d/execute/async - {"script":"<script> [6424 bytes]","args":[{"element-6066-11e4-a52e-4f735466cecf":"f.D88A710F58C031DD94180D36F4E40589.d.35F268269A9EAE3758919DE4A2EF256B.e.4640"},"getTitle",[]]}
RESULT: {"script":"<script> [6424 bytes]","args":[{"element-6066-11e4-a52e-4f735466cecf":"f.D88A710F58C031DD94180D36F4E40589.d.35F268269A9EAE3758919DE4A2EF256B.e.4640"},"getTitle",[]]}
RESULT: undefined
COMMAND: POST /session/e534addae89ac3f13e688da6063cf31d/element/f.D88A710F58C031DD94180D36F4E40589.d.35F268269A9EAE3758919DE4A2EF256B.e.4599/click - {}
RESULT: {}
COMMAND: GET /session/e534addae89ac3f13e688da6063cf31d/screenshot - {}
RESULT: {}
]]></system-out>
    </testcase>
    <testcase classname="chrome.136_0_7103_93.windows.Sanity_Tests_US104253" name="Should open Manage Classifications page" time="38.389">
      <system-out><![CDATA[
COMMAND: POST /session/e534addae89ac3f13e688da6063cf31d/execute/async - {"script":"<script> [1562 bytes]","args":[{"selector":{"controlType":"sap.m.GenericTile","properties":{"header":"Manage Classifications"}},"wdio_ui5_key":"sapm.GenericTile{\"header\":\"Manage Classifications\"}"}]}
RESULT: {"script":"<script> [1562 bytes]","args":[{"selector":{"controlType":"sap.m.GenericTile","properties":{"header":"Manage Classifications"}},"wdio_ui5_key":"sapm.GenericTile{\"header\":\"Manage Classifications\"}"}]}
RESULT: undefined
COMMAND: POST /session/e534addae89ac3f13e688da6063cf31d/element - {"using":"xpath","value":"//*[@id=\"__tile115\"]"}
RESULT: {"using":"xpath","value":"//*[@id=\"__tile115\"]"}
COMMAND: POST /session/e534addae89ac3f13e688da6063cf31d/element/f.D88A710F58C031DD94180D36F4E40589.d.35F268269A9EAE3758919DE4A2EF256B.e.4644/click - {}
RESULT: {}
COMMAND: GET /session/e534addae89ac3f13e688da6063cf31d/screenshot - {}
RESULT: {}
COMMAND: POST /session/e534addae89ac3f13e688da6063cf31d/elements - {"using":"xpath","value":"//span[text()='Error']"}
RESULT: {"using":"xpath","value":"//span[text()='Error']"}
RESULT: undefined
COMMAND: POST /session/e534addae89ac3f13e688da6063cf31d/element - {"using":"xpath","value":"//*[@id=\"__tile115\"]"}
RESULT: {"using":"xpath","value":"//*[@id=\"__tile115\"]"}
COMMAND: POST /session/e534addae89ac3f13e688da6063cf31d/element/f.D88A710F58C031DD94180D36F4E40589.d.35F268269A9EAE3758919DE4A2EF256B.e.4644/click - {}
RESULT: undefined
COMMAND: POST /session/e534addae89ac3f13e688da6063cf31d/element - {"using":"xpath","value":"//*[@id=\"__tile115\"]"}
RESULT: {"using":"xpath","value":"//*[@id=\"__tile115\"]"}
COMMAND: POST /session/e534addae89ac3f13e688da6063cf31d/element/f.D88A710F58C031DD94180D36F4E40589.d.35F268269A9EAE3758919DE4A2EF256B.e.4644/click - {}
RESULT: undefined
COMMAND: POST /session/e534addae89ac3f13e688da6063cf31d/execute/async - {"script":"<script> [6424 bytes]","args":[{"element-6066-11e4-a52e-4f735466cecf":"f.D88A710F58C031DD94180D36F4E40589.d.35F268269A9EAE3758919DE4A2EF256B.e.296"},"getTitle",[]]}
COMMAND: POST /session/e534addae89ac3f13e688da6063cf31d/execute/async - {"script":"<script> [1562 bytes]","args":[{"selector":{"id":"shellAppTitle"},"wdio_ui5_key":"shellAppTitle"}]}
RESULT: {"script":"<script> [1562 bytes]","args":[{"selector":{"id":"shellAppTitle"},"wdio_ui5_key":"shellAppTitle"}]}
COMMAND: POST /session/e534addae89ac3f13e688da6063cf31d/execute/async - {"script":"<script> [6424 bytes]","args":[{"element-6066-11e4-a52e-4f735466cecf":"f.D88A710F58C031DD94180D36F4E40589.d.35F268269A9EAE3758919DE4A2EF256B.e.4741"},"getTitle",[]]}
RESULT: {"script":"<script> [6424 bytes]","args":[{"element-6066-11e4-a52e-4f735466cecf":"f.D88A710F58C031DD94180D36F4E40589.d.35F268269A9EAE3758919DE4A2EF256B.e.4741"},"getTitle",[]]}
RESULT: undefined
COMMAND: POST /session/e534addae89ac3f13e688da6063cf31d/element/f.D88A710F58C031DD94180D36F4E40589.d.35F268269A9EAE3758919DE4A2EF256B.e.4599/click - {}
COMMAND: POST /session/e534addae89ac3f13e688da6063cf31d/element - {"using":"xpath","value":"//*[@id=\"backBtn\"]"}
RESULT: {"using":"xpath","value":"//*[@id=\"backBtn\"]"}
COMMAND: POST /session/e534addae89ac3f13e688da6063cf31d/element/f.D88A710F58C031DD94180D36F4E40589.d.35F268269A9EAE3758919DE4A2EF256B.e.4599/click - {}
COMMAND: POST /session/e534addae89ac3f13e688da6063cf31d/element - {"using":"xpath","value":"//*[@id=\"backBtn\"]"}
RESULT: {"using":"xpath","value":"//*[@id=\"backBtn\"]"}
COMMAND: POST /session/e534addae89ac3f13e688da6063cf31d/element/f.D88A710F58C031DD94180D36F4E40589.d.35F268269A9EAE3758919DE4A2EF256B.e.4742/click - {}
RESULT: {}
COMMAND: GET /session/e534addae89ac3f13e688da6063cf31d/screenshot - {}
RESULT: {}
]]></system-out>
    </testcase>
    <testcase classname="chrome.136_0_7103_93.windows.Sanity_Tests_US104253" name="Should open Data Explorer page" time="38.165">
      <system-out><![CDATA[
COMMAND: POST /session/e534addae89ac3f13e688da6063cf31d/execute/async - {"script":"<script> [1562 bytes]","args":[{"selector":{"controlType":"sap.m.GenericTile","properties":{"header":"Data Explorer"}},"wdio_ui5_key":"sapm.GenericTile{\"header\":\"Data Explorer\"}"}]}
RESULT: {"script":"<script> [1562 bytes]","args":[{"selector":{"controlType":"sap.m.GenericTile","properties":{"header":"Data Explorer"}},"wdio_ui5_key":"sapm.GenericTile{\"header\":\"Data Explorer\"}"}]}
RESULT: undefined
COMMAND: POST /session/e534addae89ac3f13e688da6063cf31d/element - {"using":"xpath","value":"//*[@id=\"__tile117\"]"}
RESULT: {"using":"xpath","value":"//*[@id=\"__tile117\"]"}
COMMAND: POST /session/e534addae89ac3f13e688da6063cf31d/element/f.D88A710F58C031DD94180D36F4E40589.d.35F268269A9EAE3758919DE4A2EF256B.e.4744/click - {}
RESULT: {}
COMMAND: GET /session/e534addae89ac3f13e688da6063cf31d/screenshot - {}
RESULT: {}
COMMAND: POST /session/e534addae89ac3f13e688da6063cf31d/elements - {"using":"xpath","value":"//span[text()='Error']"}
RESULT: {"using":"xpath","value":"//span[text()='Error']"}
RESULT: undefined
COMMAND: POST /session/e534addae89ac3f13e688da6063cf31d/element - {"using":"xpath","value":"//*[@id=\"__tile117\"]"}
RESULT: {"using":"xpath","value":"//*[@id=\"__tile117\"]"}
COMMAND: POST /session/e534addae89ac3f13e688da6063cf31d/element/f.D88A710F58C031DD94180D36F4E40589.d.35F268269A9EAE3758919DE4A2EF256B.e.4744/click - {}
RESULT: undefined
COMMAND: POST /session/e534addae89ac3f13e688da6063cf31d/element - {"using":"xpath","value":"//*[@id=\"__tile117\"]"}
RESULT: {"using":"xpath","value":"//*[@id=\"__tile117\"]"}
COMMAND: POST /session/e534addae89ac3f13e688da6063cf31d/element/f.D88A710F58C031DD94180D36F4E40589.d.35F268269A9EAE3758919DE4A2EF256B.e.4744/click - {}
RESULT: undefined
COMMAND: POST /session/e534addae89ac3f13e688da6063cf31d/execute/async - {"script":"<script> [6424 bytes]","args":[{"element-6066-11e4-a52e-4f735466cecf":"f.D88A710F58C031DD94180D36F4E40589.d.35F268269A9EAE3758919DE4A2EF256B.e.296"},"getTitle",[]]}
COMMAND: POST /session/e534addae89ac3f13e688da6063cf31d/execute/async - {"script":"<script> [1562 bytes]","args":[{"selector":{"id":"shellAppTitle"},"wdio_ui5_key":"shellAppTitle"}]}
RESULT: {"script":"<script> [1562 bytes]","args":[{"selector":{"id":"shellAppTitle"},"wdio_ui5_key":"shellAppTitle"}]}
COMMAND: POST /session/e534addae89ac3f13e688da6063cf31d/execute/async - {"script":"<script> [6424 bytes]","args":[{"element-6066-11e4-a52e-4f735466cecf":"f.D88A710F58C031DD94180D36F4E40589.d.35F268269A9EAE3758919DE4A2EF256B.e.4902"},"getTitle",[]]}
RESULT: {"script":"<script> [6424 bytes]","args":[{"element-6066-11e4-a52e-4f735466cecf":"f.D88A710F58C031DD94180D36F4E40589.d.35F268269A9EAE3758919DE4A2EF256B.e.4902"},"getTitle",[]]}
RESULT: undefined
COMMAND: POST /session/e534addae89ac3f13e688da6063cf31d/element/f.D88A710F58C031DD94180D36F4E40589.d.35F268269A9EAE3758919DE4A2EF256B.e.4742/click - {}
RESULT: {}
COMMAND: GET /session/e534addae89ac3f13e688da6063cf31d/screenshot - {}
RESULT: {}
]]></system-out>
    </testcase>
    <testcase classname="chrome.136_0_7103_93.windows.Sanity_Tests_US104253" name="Should open Performance Monitor page" time="43.082">
      <system-out><![CDATA[
COMMAND: POST /session/e534addae89ac3f13e688da6063cf31d/execute/async - {"script":"<script> [1562 bytes]","args":[{"selector":{"controlType":"sap.m.GenericTile","properties":{"header":"Performance Monitor"}},"wdio_ui5_key":"sapm.GenericTile{\"header\":\"Performance Monitor\"}"}]}
RESULT: {"script":"<script> [1562 bytes]","args":[{"selector":{"controlType":"sap.m.GenericTile","properties":{"header":"Performance Monitor"}},"wdio_ui5_key":"sapm.GenericTile{\"header\":\"Performance Monitor\"}"}]}
RESULT: undefined
COMMAND: POST /session/e534addae89ac3f13e688da6063cf31d/element - {"using":"xpath","value":"//*[@id=\"__tile116\"]"}
RESULT: {"using":"xpath","value":"//*[@id=\"__tile116\"]"}
COMMAND: POST /session/e534addae89ac3f13e688da6063cf31d/element/f.D88A710F58C031DD94180D36F4E40589.d.35F268269A9EAE3758919DE4A2EF256B.e.4904/click - {}
RESULT: {}
COMMAND: GET /session/e534addae89ac3f13e688da6063cf31d/screenshot - {}
RESULT: {}
COMMAND: POST /session/e534addae89ac3f13e688da6063cf31d/elements - {"using":"xpath","value":"//span[text()='Error']"}
RESULT: {"using":"xpath","value":"//span[text()='Error']"}
RESULT: undefined
COMMAND: POST /session/e534addae89ac3f13e688da6063cf31d/element - {"using":"xpath","value":"//*[@id=\"__tile116\"]"}
RESULT: {"using":"xpath","value":"//*[@id=\"__tile116\"]"}
COMMAND: POST /session/e534addae89ac3f13e688da6063cf31d/element/f.D88A710F58C031DD94180D36F4E40589.d.35F268269A9EAE3758919DE4A2EF256B.e.4904/click - {}
RESULT: undefined
COMMAND: POST /session/e534addae89ac3f13e688da6063cf31d/element - {"using":"xpath","value":"//*[@id=\"__tile116\"]"}
RESULT: {"using":"xpath","value":"//*[@id=\"__tile116\"]"}
COMMAND: POST /session/e534addae89ac3f13e688da6063cf31d/element/f.D88A710F58C031DD94180D36F4E40589.d.35F268269A9EAE3758919DE4A2EF256B.e.4904/click - {}
RESULT: undefined
COMMAND: POST /session/e534addae89ac3f13e688da6063cf31d/execute/async - {"script":"<script> [6424 bytes]","args":[{"element-6066-11e4-a52e-4f735466cecf":"f.D88A710F58C031DD94180D36F4E40589.d.35F268269A9EAE3758919DE4A2EF256B.e.296"},"getTitle",[]]}
COMMAND: POST /session/e534addae89ac3f13e688da6063cf31d/execute/async - {"script":"<script> [1562 bytes]","args":[{"selector":{"id":"shellAppTitle"},"wdio_ui5_key":"shellAppTitle"}]}
RESULT: {"script":"<script> [1562 bytes]","args":[{"selector":{"id":"shellAppTitle"},"wdio_ui5_key":"shellAppTitle"}]}
COMMAND: POST /session/e534addae89ac3f13e688da6063cf31d/execute/async - {"script":"<script> [6424 bytes]","args":[{"element-6066-11e4-a52e-4f735466cecf":"f.D88A710F58C031DD94180D36F4E40589.d.35F268269A9EAE3758919DE4A2EF256B.e.4945"},"getTitle",[]]}
RESULT: {"script":"<script> [6424 bytes]","args":[{"element-6066-11e4-a52e-4f735466cecf":"f.D88A710F58C031DD94180D36F4E40589.d.35F268269A9EAE3758919DE4A2EF256B.e.4945"},"getTitle",[]]}
RESULT: undefined
COMMAND: POST /session/e534addae89ac3f13e688da6063cf31d/element/f.D88A710F58C031DD94180D36F4E40589.d.35F268269A9EAE3758919DE4A2EF256B.e.4742/click - {}
COMMAND: POST /session/e534addae89ac3f13e688da6063cf31d/element - {"using":"xpath","value":"//*[@id=\"backBtn\"]"}
RESULT: {"using":"xpath","value":"//*[@id=\"backBtn\"]"}
COMMAND: POST /session/e534addae89ac3f13e688da6063cf31d/element/f.D88A710F58C031DD94180D36F4E40589.d.35F268269A9EAE3758919DE4A2EF256B.e.4742/click - {}
COMMAND: POST /session/e534addae89ac3f13e688da6063cf31d/element - {"using":"xpath","value":"//*[@id=\"backBtn\"]"}
RESULT: {"using":"xpath","value":"//*[@id=\"backBtn\"]"}
COMMAND: POST /session/e534addae89ac3f13e688da6063cf31d/element/f.D88A710F58C031DD94180D36F4E40589.d.35F268269A9EAE3758919DE4A2EF256B.e.4946/click - {}
RESULT: {}
COMMAND: GET /session/e534addae89ac3f13e688da6063cf31d/screenshot - {}
RESULT: {}
]]></system-out>
    </testcase>
    <testcase classname="chrome.136_0_7103_93.windows.Sanity_Tests_US104253" name="Should open Organizational Model page" time="41.809">
      <system-out><![CDATA[
COMMAND: POST /session/e534addae89ac3f13e688da6063cf31d/execute/async - {"script":"<script> [1562 bytes]","args":[{"selector":{"controlType":"sap.m.GenericTile","properties":{"header":"Organizational Model"}},"wdio_ui5_key":"sapm.GenericTile{\"header\":\"Organizational Model\"}"}]}
RESULT: {"script":"<script> [1562 bytes]","args":[{"selector":{"controlType":"sap.m.GenericTile","properties":{"header":"Organizational Model"}},"wdio_ui5_key":"sapm.GenericTile{\"header\":\"Organizational Model\"}"}]}
RESULT: undefined
COMMAND: POST /session/e534addae89ac3f13e688da6063cf31d/element - {"using":"xpath","value":"//*[@id=\"__tile120\"]"}
RESULT: {"using":"xpath","value":"//*[@id=\"__tile120\"]"}
COMMAND: POST /session/e534addae89ac3f13e688da6063cf31d/element/f.D88A710F58C031DD94180D36F4E40589.d.35F268269A9EAE3758919DE4A2EF256B.e.4948/click - {}
RESULT: {}
COMMAND: GET /session/e534addae89ac3f13e688da6063cf31d/screenshot - {}
RESULT: {}
COMMAND: POST /session/e534addae89ac3f13e688da6063cf31d/elements - {"using":"xpath","value":"//span[text()='Error']"}
RESULT: {"using":"xpath","value":"//span[text()='Error']"}
RESULT: undefined
COMMAND: POST /session/e534addae89ac3f13e688da6063cf31d/element - {"using":"xpath","value":"//*[@id=\"__tile120\"]"}
RESULT: {"using":"xpath","value":"//*[@id=\"__tile120\"]"}
COMMAND: POST /session/e534addae89ac3f13e688da6063cf31d/element/f.D88A710F58C031DD94180D36F4E40589.d.35F268269A9EAE3758919DE4A2EF256B.e.4948/click - {}
RESULT: undefined
COMMAND: POST /session/e534addae89ac3f13e688da6063cf31d/element - {"using":"xpath","value":"//*[@id=\"__tile120\"]"}
RESULT: {"using":"xpath","value":"//*[@id=\"__tile120\"]"}
COMMAND: POST /session/e534addae89ac3f13e688da6063cf31d/element/f.D88A710F58C031DD94180D36F4E40589.d.35F268269A9EAE3758919DE4A2EF256B.e.4948/click - {}
RESULT: undefined
COMMAND: POST /session/e534addae89ac3f13e688da6063cf31d/execute/async - {"script":"<script> [6424 bytes]","args":[{"element-6066-11e4-a52e-4f735466cecf":"f.D88A710F58C031DD94180D36F4E40589.d.35F268269A9EAE3758919DE4A2EF256B.e.296"},"getTitle",[]]}
COMMAND: POST /session/e534addae89ac3f13e688da6063cf31d/execute/async - {"script":"<script> [1562 bytes]","args":[{"selector":{"id":"shellAppTitle"},"wdio_ui5_key":"shellAppTitle"}]}
RESULT: {"script":"<script> [1562 bytes]","args":[{"selector":{"id":"shellAppTitle"},"wdio_ui5_key":"shellAppTitle"}]}
COMMAND: POST /session/e534addae89ac3f13e688da6063cf31d/execute/async - {"script":"<script> [6424 bytes]","args":[{"element-6066-11e4-a52e-4f735466cecf":"f.D88A710F58C031DD94180D36F4E40589.d.35F268269A9EAE3758919DE4A2EF256B.e.4966"},"getTitle",[]]}
RESULT: {"script":"<script> [6424 bytes]","args":[{"element-6066-11e4-a52e-4f735466cecf":"f.D88A710F58C031DD94180D36F4E40589.d.35F268269A9EAE3758919DE4A2EF256B.e.4966"},"getTitle",[]]}
RESULT: undefined
COMMAND: POST /session/e534addae89ac3f13e688da6063cf31d/element/f.D88A710F58C031DD94180D36F4E40589.d.35F268269A9EAE3758919DE4A2EF256B.e.4946/click - {}
RESULT: {}
COMMAND: GET /session/e534addae89ac3f13e688da6063cf31d/screenshot - {}
RESULT: {}
]]></system-out>
    </testcase>
    <testcase classname="chrome.136_0_7103_93.windows.Sanity_Tests_US104253" name="Should open Manage Roles page" time="36.634">
      <system-out><![CDATA[
COMMAND: POST /session/e534addae89ac3f13e688da6063cf31d/execute/async - {"script":"<script> [1562 bytes]","args":[{"selector":{"controlType":"sap.m.GenericTile","properties":{"header":"Manage Roles"}},"wdio_ui5_key":"sapm.GenericTile{\"header\":\"Manage Roles\"}"}]}
RESULT: {"script":"<script> [1562 bytes]","args":[{"selector":{"controlType":"sap.m.GenericTile","properties":{"header":"Manage Roles"}},"wdio_ui5_key":"sapm.GenericTile{\"header\":\"Manage Roles\"}"}]}
RESULT: undefined
COMMAND: POST /session/e534addae89ac3f13e688da6063cf31d/element - {"using":"xpath","value":"//*[@id=\"__tile119\"]"}
RESULT: {"using":"xpath","value":"//*[@id=\"__tile119\"]"}
COMMAND: POST /session/e534addae89ac3f13e688da6063cf31d/element/f.D88A710F58C031DD94180D36F4E40589.d.35F268269A9EAE3758919DE4A2EF256B.e.4970/click - {}
RESULT: {}
COMMAND: GET /session/e534addae89ac3f13e688da6063cf31d/screenshot - {}
RESULT: {}
COMMAND: POST /session/e534addae89ac3f13e688da6063cf31d/elements - {"using":"xpath","value":"//span[text()='Error']"}
RESULT: {"using":"xpath","value":"//span[text()='Error']"}
RESULT: undefined
COMMAND: POST /session/e534addae89ac3f13e688da6063cf31d/element - {"using":"xpath","value":"//*[@id=\"__tile119\"]"}
RESULT: {"using":"xpath","value":"//*[@id=\"__tile119\"]"}
COMMAND: POST /session/e534addae89ac3f13e688da6063cf31d/element/f.D88A710F58C031DD94180D36F4E40589.d.35F268269A9EAE3758919DE4A2EF256B.e.4970/click - {}
RESULT: undefined
COMMAND: POST /session/e534addae89ac3f13e688da6063cf31d/element - {"using":"xpath","value":"//*[@id=\"__tile119\"]"}
RESULT: {"using":"xpath","value":"//*[@id=\"__tile119\"]"}
COMMAND: POST /session/e534addae89ac3f13e688da6063cf31d/element/f.D88A710F58C031DD94180D36F4E40589.d.35F268269A9EAE3758919DE4A2EF256B.e.4970/click - {}
RESULT: undefined
COMMAND: POST /session/e534addae89ac3f13e688da6063cf31d/execute/async - {"script":"<script> [6424 bytes]","args":[{"element-6066-11e4-a52e-4f735466cecf":"f.D88A710F58C031DD94180D36F4E40589.d.35F268269A9EAE3758919DE4A2EF256B.e.296"},"getTitle",[]]}
COMMAND: POST /session/e534addae89ac3f13e688da6063cf31d/execute/async - {"script":"<script> [1562 bytes]","args":[{"selector":{"id":"shellAppTitle"},"wdio_ui5_key":"shellAppTitle"}]}
RESULT: {"script":"<script> [1562 bytes]","args":[{"selector":{"id":"shellAppTitle"},"wdio_ui5_key":"shellAppTitle"}]}
COMMAND: POST /session/e534addae89ac3f13e688da6063cf31d/execute/async - {"script":"<script> [6424 bytes]","args":[{"element-6066-11e4-a52e-4f735466cecf":"f.D88A710F58C031DD94180D36F4E40589.d.35F268269A9EAE3758919DE4A2EF256B.e.5014"},"getTitle",[]]}
RESULT: {"script":"<script> [6424 bytes]","args":[{"element-6066-11e4-a52e-4f735466cecf":"f.D88A710F58C031DD94180D36F4E40589.d.35F268269A9EAE3758919DE4A2EF256B.e.5014"},"getTitle",[]]}
RESULT: undefined
COMMAND: POST /session/e534addae89ac3f13e688da6063cf31d/element/f.D88A710F58C031DD94180D36F4E40589.d.35F268269A9EAE3758919DE4A2EF256B.e.4946/click - {}
COMMAND: POST /session/e534addae89ac3f13e688da6063cf31d/element - {"using":"xpath","value":"//*[@id=\"backBtn\"]"}
RESULT: {"using":"xpath","value":"//*[@id=\"backBtn\"]"}
COMMAND: POST /session/e534addae89ac3f13e688da6063cf31d/element/f.D88A710F58C031DD94180D36F4E40589.d.35F268269A9EAE3758919DE4A2EF256B.e.4946/click - {}
COMMAND: POST /session/e534addae89ac3f13e688da6063cf31d/element - {"using":"xpath","value":"//*[@id=\"backBtn\"]"}
RESULT: {"using":"xpath","value":"//*[@id=\"backBtn\"]"}
COMMAND: POST /session/e534addae89ac3f13e688da6063cf31d/element/f.D88A710F58C031DD94180D36F4E40589.d.35F268269A9EAE3758919DE4A2EF256B.e.5015/click - {}
RESULT: {}
COMMAND: GET /session/e534addae89ac3f13e688da6063cf31d/screenshot - {}
RESULT: {}
]]></system-out>
    </testcase>
    <testcase classname="chrome.136_0_7103_93.windows.Sanity_Tests_US104253" name="Should open Authorization Tables page" time="38.093">
      <system-out><![CDATA[
COMMAND: POST /session/e534addae89ac3f13e688da6063cf31d/execute/async - {"script":"<script> [1562 bytes]","args":[{"selector":{"controlType":"sap.m.GenericTile","properties":{"header":"Authorization Tables"}},"wdio_ui5_key":"sapm.GenericTile{\"header\":\"Authorization Tables\"}"}]}
RESULT: {"script":"<script> [1562 bytes]","args":[{"selector":{"controlType":"sap.m.GenericTile","properties":{"header":"Authorization Tables"}},"wdio_ui5_key":"sapm.GenericTile{\"header\":\"Authorization Tables\"}"}]}
RESULT: undefined
COMMAND: POST /session/e534addae89ac3f13e688da6063cf31d/element - {"using":"xpath","value":"//*[@id=\"__tile118\"]"}
RESULT: {"using":"xpath","value":"//*[@id=\"__tile118\"]"}
COMMAND: POST /session/e534addae89ac3f13e688da6063cf31d/element/f.D88A710F58C031DD94180D36F4E40589.d.35F268269A9EAE3758919DE4A2EF256B.e.5017/click - {}
RESULT: {}
COMMAND: GET /session/e534addae89ac3f13e688da6063cf31d/screenshot - {}
COMMAND: POST /session/e534addae89ac3f13e688da6063cf31d/elements - {"using":"xpath","value":"//span[text()='Error']"}
RESULT: {}
RESULT: {"using":"xpath","value":"//span[text()='Error']"}
RESULT: undefined
COMMAND: POST /session/e534addae89ac3f13e688da6063cf31d/element - {"using":"xpath","value":"//*[@id=\"__tile118\"]"}
RESULT: {"using":"xpath","value":"//*[@id=\"__tile118\"]"}
COMMAND: POST /session/e534addae89ac3f13e688da6063cf31d/element/f.D88A710F58C031DD94180D36F4E40589.d.35F268269A9EAE3758919DE4A2EF256B.e.5017/click - {}
RESULT: undefined
COMMAND: POST /session/e534addae89ac3f13e688da6063cf31d/element - {"using":"xpath","value":"//*[@id=\"__tile118\"]"}
RESULT: {"using":"xpath","value":"//*[@id=\"__tile118\"]"}
COMMAND: POST /session/e534addae89ac3f13e688da6063cf31d/element/f.D88A710F58C031DD94180D36F4E40589.d.35F268269A9EAE3758919DE4A2EF256B.e.5017/click - {}
RESULT: undefined
COMMAND: POST /session/e534addae89ac3f13e688da6063cf31d/execute/async - {"script":"<script> [6424 bytes]","args":[{"element-6066-11e4-a52e-4f735466cecf":"f.D88A710F58C031DD94180D36F4E40589.d.35F268269A9EAE3758919DE4A2EF256B.e.296"},"getTitle",[]]}
COMMAND: POST /session/e534addae89ac3f13e688da6063cf31d/execute/async - {"script":"<script> [1562 bytes]","args":[{"selector":{"id":"shellAppTitle"},"wdio_ui5_key":"shellAppTitle"}]}
RESULT: {"script":"<script> [1562 bytes]","args":[{"selector":{"id":"shellAppTitle"},"wdio_ui5_key":"shellAppTitle"}]}
COMMAND: POST /session/e534addae89ac3f13e688da6063cf31d/execute/async - {"script":"<script> [6424 bytes]","args":[{"element-6066-11e4-a52e-4f735466cecf":"f.D88A710F58C031DD94180D36F4E40589.d.35F268269A9EAE3758919DE4A2EF256B.e.5100"},"getTitle",[]]}
RESULT: {"script":"<script> [6424 bytes]","args":[{"element-6066-11e4-a52e-4f735466cecf":"f.D88A710F58C031DD94180D36F4E40589.d.35F268269A9EAE3758919DE4A2EF256B.e.5100"},"getTitle",[]]}
RESULT: undefined
COMMAND: POST /session/e534addae89ac3f13e688da6063cf31d/element/f.D88A710F58C031DD94180D36F4E40589.d.35F268269A9EAE3758919DE4A2EF256B.e.5015/click - {}
RESULT: {}
COMMAND: GET /session/e534addae89ac3f13e688da6063cf31d/screenshot - {}
RESULT: {}
]]></system-out>
    </testcase>
    <testcase classname="chrome.136_0_7103_93.windows.Sanity_Tests_US104253" name="Should open User Maintenance page" time="38.103">
      <system-out><![CDATA[
COMMAND: POST /session/e534addae89ac3f13e688da6063cf31d/execute/async - {"script":"<script> [1562 bytes]","args":[{"selector":{"controlType":"sap.m.GenericTile","properties":{"header":"User Maintenance"}},"wdio_ui5_key":"sapm.GenericTile{\"header\":\"User Maintenance\"}"}]}
RESULT: {"script":"<script> [1562 bytes]","args":[{"selector":{"controlType":"sap.m.GenericTile","properties":{"header":"User Maintenance"}},"wdio_ui5_key":"sapm.GenericTile{\"header\":\"User Maintenance\"}"}]}
RESULT: undefined
COMMAND: POST /session/e534addae89ac3f13e688da6063cf31d/element - {"using":"xpath","value":"//*[@id=\"__tile121\"]"}
RESULT: {"using":"xpath","value":"//*[@id=\"__tile121\"]"}
COMMAND: POST /session/e534addae89ac3f13e688da6063cf31d/element/f.D88A710F58C031DD94180D36F4E40589.d.35F268269A9EAE3758919DE4A2EF256B.e.5102/click - {}
RESULT: {}
COMMAND: GET /session/e534addae89ac3f13e688da6063cf31d/screenshot - {}
RESULT: {}
COMMAND: POST /session/e534addae89ac3f13e688da6063cf31d/elements - {"using":"xpath","value":"//span[text()='Error']"}
RESULT: {"using":"xpath","value":"//span[text()='Error']"}
RESULT: undefined
COMMAND: POST /session/e534addae89ac3f13e688da6063cf31d/element - {"using":"xpath","value":"//*[@id=\"__tile121\"]"}
RESULT: {"using":"xpath","value":"//*[@id=\"__tile121\"]"}
COMMAND: POST /session/e534addae89ac3f13e688da6063cf31d/element/f.D88A710F58C031DD94180D36F4E40589.d.35F268269A9EAE3758919DE4A2EF256B.e.5102/click - {}
RESULT: undefined
COMMAND: POST /session/e534addae89ac3f13e688da6063cf31d/element - {"using":"xpath","value":"//*[@id=\"__tile121\"]"}
RESULT: {"using":"xpath","value":"//*[@id=\"__tile121\"]"}
COMMAND: POST /session/e534addae89ac3f13e688da6063cf31d/element/f.D88A710F58C031DD94180D36F4E40589.d.35F268269A9EAE3758919DE4A2EF256B.e.5102/click - {}
RESULT: undefined
COMMAND: POST /session/e534addae89ac3f13e688da6063cf31d/execute/async - {"script":"<script> [6424 bytes]","args":[{"element-6066-11e4-a52e-4f735466cecf":"f.D88A710F58C031DD94180D36F4E40589.d.35F268269A9EAE3758919DE4A2EF256B.e.296"},"getTitle",[]]}
COMMAND: POST /session/e534addae89ac3f13e688da6063cf31d/execute/async - {"script":"<script> [1562 bytes]","args":[{"selector":{"id":"shellAppTitle"},"wdio_ui5_key":"shellAppTitle"}]}
RESULT: {"script":"<script> [1562 bytes]","args":[{"selector":{"id":"shellAppTitle"},"wdio_ui5_key":"shellAppTitle"}]}
COMMAND: POST /session/e534addae89ac3f13e688da6063cf31d/execute/async - {"script":"<script> [6424 bytes]","args":[{"element-6066-11e4-a52e-4f735466cecf":"f.D88A710F58C031DD94180D36F4E40589.d.35F268269A9EAE3758919DE4A2EF256B.e.5196"},"getTitle",[]]}
RESULT: {"script":"<script> [6424 bytes]","args":[{"element-6066-11e4-a52e-4f735466cecf":"f.D88A710F58C031DD94180D36F4E40589.d.35F268269A9EAE3758919DE4A2EF256B.e.5196"},"getTitle",[]]}
RESULT: undefined
COMMAND: POST /session/e534addae89ac3f13e688da6063cf31d/element/f.D88A710F58C031DD94180D36F4E40589.d.35F268269A9EAE3758919DE4A2EF256B.e.5015/click - {}
COMMAND: POST /session/e534addae89ac3f13e688da6063cf31d/element - {"using":"xpath","value":"//*[@id=\"backBtn\"]"}
RESULT: {"using":"xpath","value":"//*[@id=\"backBtn\"]"}
COMMAND: POST /session/e534addae89ac3f13e688da6063cf31d/element/f.D88A710F58C031DD94180D36F4E40589.d.35F268269A9EAE3758919DE4A2EF256B.e.5015/click - {}
COMMAND: POST /session/e534addae89ac3f13e688da6063cf31d/element - {"using":"xpath","value":"//*[@id=\"backBtn\"]"}
RESULT: {"using":"xpath","value":"//*[@id=\"backBtn\"]"}
COMMAND: POST /session/e534addae89ac3f13e688da6063cf31d/element/f.D88A710F58C031DD94180D36F4E40589.d.35F268269A9EAE3758919DE4A2EF256B.e.5197/click - {}
RESULT: {}
COMMAND: GET /session/e534addae89ac3f13e688da6063cf31d/screenshot - {}
RESULT: {}
]]></system-out>
    </testcase>
    <testcase classname="chrome.136_0_7103_93.windows.Sanity_Tests_US104253" name="Should open Schedule Jobs page" time="37.271">
      <system-out><![CDATA[
COMMAND: POST /session/e534addae89ac3f13e688da6063cf31d/execute/async - {"script":"<script> [1562 bytes]","args":[{"selector":{"controlType":"sap.m.GenericTile","properties":{"header":"Schedule Jobs"}},"wdio_ui5_key":"sapm.GenericTile{\"header\":\"Schedule Jobs\"}"}]}
RESULT: {"script":"<script> [1562 bytes]","args":[{"selector":{"controlType":"sap.m.GenericTile","properties":{"header":"Schedule Jobs"}},"wdio_ui5_key":"sapm.GenericTile{\"header\":\"Schedule Jobs\"}"}]}
RESULT: undefined
COMMAND: POST /session/e534addae89ac3f13e688da6063cf31d/element - {"using":"xpath","value":"//*[@id=\"__tile127\"]"}
RESULT: {"using":"xpath","value":"//*[@id=\"__tile127\"]"}
COMMAND: POST /session/e534addae89ac3f13e688da6063cf31d/element/f.D88A710F58C031DD94180D36F4E40589.d.35F268269A9EAE3758919DE4A2EF256B.e.5201/click - {}
RESULT: {}
COMMAND: GET /session/e534addae89ac3f13e688da6063cf31d/screenshot - {}
RESULT: {}
COMMAND: POST /session/e534addae89ac3f13e688da6063cf31d/elements - {"using":"xpath","value":"//span[text()='Error']"}
RESULT: {"using":"xpath","value":"//span[text()='Error']"}
RESULT: undefined
COMMAND: POST /session/e534addae89ac3f13e688da6063cf31d/element - {"using":"xpath","value":"//*[@id=\"__tile127\"]"}
RESULT: {"using":"xpath","value":"//*[@id=\"__tile127\"]"}
COMMAND: POST /session/e534addae89ac3f13e688da6063cf31d/element/f.D88A710F58C031DD94180D36F4E40589.d.35F268269A9EAE3758919DE4A2EF256B.e.5201/click - {}
RESULT: undefined
COMMAND: POST /session/e534addae89ac3f13e688da6063cf31d/element - {"using":"xpath","value":"//*[@id=\"__tile127\"]"}
RESULT: {"using":"xpath","value":"//*[@id=\"__tile127\"]"}
COMMAND: POST /session/e534addae89ac3f13e688da6063cf31d/element/f.D88A710F58C031DD94180D36F4E40589.d.35F268269A9EAE3758919DE4A2EF256B.e.5201/click - {}
RESULT: undefined
COMMAND: POST /session/e534addae89ac3f13e688da6063cf31d/execute/async - {"script":"<script> [6424 bytes]","args":[{"element-6066-11e4-a52e-4f735466cecf":"f.D88A710F58C031DD94180D36F4E40589.d.35F268269A9EAE3758919DE4A2EF256B.e.296"},"getTitle",[]]}
COMMAND: POST /session/e534addae89ac3f13e688da6063cf31d/execute/async - {"script":"<script> [1562 bytes]","args":[{"selector":{"id":"shellAppTitle"},"wdio_ui5_key":"shellAppTitle"}]}
RESULT: {"script":"<script> [1562 bytes]","args":[{"selector":{"id":"shellAppTitle"},"wdio_ui5_key":"shellAppTitle"}]}
COMMAND: POST /session/e534addae89ac3f13e688da6063cf31d/execute/async - {"script":"<script> [6424 bytes]","args":[{"element-6066-11e4-a52e-4f735466cecf":"f.D88A710F58C031DD94180D36F4E40589.d.35F268269A9EAE3758919DE4A2EF256B.e.5246"},"getTitle",[]]}
RESULT: {"script":"<script> [6424 bytes]","args":[{"element-6066-11e4-a52e-4f735466cecf":"f.D88A710F58C031DD94180D36F4E40589.d.35F268269A9EAE3758919DE4A2EF256B.e.5246"},"getTitle",[]]}
RESULT: undefined
COMMAND: POST /session/e534addae89ac3f13e688da6063cf31d/element/f.D88A710F58C031DD94180D36F4E40589.d.35F268269A9EAE3758919DE4A2EF256B.e.5197/click - {}
COMMAND: POST /session/e534addae89ac3f13e688da6063cf31d/element/f.D88A710F58C031DD94180D36F4E40589.d.35F268269A9EAE3758919DE4A2EF256B.e.5197/click - {}
RESULT: {}
COMMAND: GET /session/e534addae89ac3f13e688da6063cf31d/screenshot - {}
COMMAND: POST /session/e534addae89ac3f13e688da6063cf31d/element - {"using":"xpath","value":"//*[@id=\"backBtn\"]"}
RESULT: {}
RESULT: {"using":"xpath","value":"//*[@id=\"backBtn\"]"}
COMMAND: POST /session/e534addae89ac3f13e688da6063cf31d/elements - {"using":"xpath","value":"//*[@id=\"backBtn\"]"}
RESULT: {"using":"xpath","value":"//*[@id=\"backBtn\"]"}
COMMAND: POST /session/e534addae89ac3f13e688da6063cf31d/elements - {"using":"xpath","value":"//*[@id=\"backBtn\"]"}
RESULT: {"using":"xpath","value":"//*[@id=\"backBtn\"]"}
COMMAND: POST /session/e534addae89ac3f13e688da6063cf31d/elements - {"using":"xpath","value":"//*[@id=\"backBtn\"]"}
RESULT: {"using":"xpath","value":"//*[@id=\"backBtn\"]"}
COMMAND: POST /session/e534addae89ac3f13e688da6063cf31d/elements - {"using":"xpath","value":"//*[@id=\"backBtn\"]"}
RESULT: {"using":"xpath","value":"//*[@id=\"backBtn\"]"}
COMMAND: POST /session/e534addae89ac3f13e688da6063cf31d/elements - {"using":"xpath","value":"//*[@id=\"backBtn\"]"}
RESULT: {"using":"xpath","value":"//*[@id=\"backBtn\"]"}
COMMAND: POST /session/e534addae89ac3f13e688da6063cf31d/elements - {"using":"xpath","value":"//*[@id=\"backBtn\"]"}
RESULT: {"using":"xpath","value":"//*[@id=\"backBtn\"]"}
COMMAND: POST /session/e534addae89ac3f13e688da6063cf31d/elements - {"using":"xpath","value":"//*[@id=\"backBtn\"]"}
RESULT: {"using":"xpath","value":"//*[@id=\"backBtn\"]"}
COMMAND: POST /session/e534addae89ac3f13e688da6063cf31d/elements - {"using":"xpath","value":"//*[@id=\"backBtn\"]"}
RESULT: {"using":"xpath","value":"//*[@id=\"backBtn\"]"}
COMMAND: POST /session/e534addae89ac3f13e688da6063cf31d/elements - {"using":"xpath","value":"//*[@id=\"backBtn\"]"}
RESULT: {"using":"xpath","value":"//*[@id=\"backBtn\"]"}
COMMAND: POST /session/e534addae89ac3f13e688da6063cf31d/elements - {"using":"xpath","value":"//*[@id=\"backBtn\"]"}
RESULT: {"using":"xpath","value":"//*[@id=\"backBtn\"]"}
COMMAND: POST /session/e534addae89ac3f13e688da6063cf31d/elements - {"using":"xpath","value":"//*[@id=\"backBtn\"]"}
RESULT: {"using":"xpath","value":"//*[@id=\"backBtn\"]"}
COMMAND: POST /session/e534addae89ac3f13e688da6063cf31d/elements - {"using":"xpath","value":"//*[@id=\"backBtn\"]"}
RESULT: {"using":"xpath","value":"//*[@id=\"backBtn\"]"}
COMMAND: POST /session/e534addae89ac3f13e688da6063cf31d/elements - {"using":"xpath","value":"//*[@id=\"backBtn\"]"}
RESULT: {"using":"xpath","value":"//*[@id=\"backBtn\"]"}
COMMAND: POST /session/e534addae89ac3f13e688da6063cf31d/elements - {"using":"xpath","value":"//*[@id=\"backBtn\"]"}
RESULT: {"using":"xpath","value":"//*[@id=\"backBtn\"]"}
COMMAND: POST /session/e534addae89ac3f13e688da6063cf31d/elements - {"using":"xpath","value":"//*[@id=\"backBtn\"]"}
RESULT: {"using":"xpath","value":"//*[@id=\"backBtn\"]"}
COMMAND: POST /session/e534addae89ac3f13e688da6063cf31d/elements - {"using":"xpath","value":"//*[@id=\"backBtn\"]"}
RESULT: {"using":"xpath","value":"//*[@id=\"backBtn\"]"}
COMMAND: POST /session/e534addae89ac3f13e688da6063cf31d/elements - {"using":"xpath","value":"//*[@id=\"backBtn\"]"}
RESULT: {"using":"xpath","value":"//*[@id=\"backBtn\"]"}
COMMAND: POST /session/e534addae89ac3f13e688da6063cf31d/elements - {"using":"xpath","value":"//*[@id=\"backBtn\"]"}
RESULT: {"using":"xpath","value":"//*[@id=\"backBtn\"]"}
COMMAND: POST /session/e534addae89ac3f13e688da6063cf31d/elements - {"using":"xpath","value":"//*[@id=\"backBtn\"]"}
RESULT: {"using":"xpath","value":"//*[@id=\"backBtn\"]"}
]]></system-out>
    </testcase>
    <testcase classname="chrome.136_0_7103_93.windows.Sanity_Tests_US104253" name="Should open Jobs Setup page" time="36.237">
      <system-out><![CDATA[
COMMAND: POST /session/e534addae89ac3f13e688da6063cf31d/execute/async - {"script":"<script> [1562 bytes]","args":[{"selector":{"controlType":"sap.m.GenericTile","properties":{"header":"Jobs Setup"}},"wdio_ui5_key":"sapm.GenericTile{\"header\":\"Jobs Setup\"}"}]}
COMMAND: POST /session/e534addae89ac3f13e688da6063cf31d/elements - {"using":"xpath","value":"//*[@id=\"backBtn\"]"}
RESULT: {"script":"<script> [1562 bytes]","args":[{"selector":{"controlType":"sap.m.GenericTile","properties":{"header":"Jobs Setup"}},"wdio_ui5_key":"sapm.GenericTile{\"header\":\"Jobs Setup\"}"}]}
RESULT: undefined
COMMAND: POST /session/e534addae89ac3f13e688da6063cf31d/element - {"using":"xpath","value":"//*[@id=\"__tile128\"]"}
RESULT: {"using":"xpath","value":"//*[@id=\"backBtn\"]"}
RESULT: {"using":"xpath","value":"//*[@id=\"__tile128\"]"}
COMMAND: POST /session/e534addae89ac3f13e688da6063cf31d/element/f.D88A710F58C031DD94180D36F4E40589.d.35F268269A9EAE3758919DE4A2EF256B.e.5248/click - {}
RESULT: {}
COMMAND: GET /session/e534addae89ac3f13e688da6063cf31d/screenshot - {}
COMMAND: POST /session/e534addae89ac3f13e688da6063cf31d/elements - {"using":"xpath","value":"//*[@id=\"backBtn\"]"}
RESULT: {}
RESULT: {"using":"xpath","value":"//*[@id=\"backBtn\"]"}
COMMAND: POST /session/e534addae89ac3f13e688da6063cf31d/elements - {"using":"xpath","value":"//*[@id=\"backBtn\"]"}
RESULT: {"using":"xpath","value":"//*[@id=\"backBtn\"]"}
COMMAND: POST /session/e534addae89ac3f13e688da6063cf31d/element - {"using":"xpath","value":"//*[@id=\"backBtn\"]"}
RESULT: {"using":"xpath","value":"//*[@id=\"backBtn\"]"}
COMMAND: POST /session/e534addae89ac3f13e688da6063cf31d/element/f.D88A710F58C031DD94180D36F4E40589.d.35F268269A9EAE3758919DE4A2EF256B.e.5197/click - {}
COMMAND: POST /session/e534addae89ac3f13e688da6063cf31d/element - {"using":"xpath","value":"//*[@id=\"backBtn\"]"}
RESULT: {"using":"xpath","value":"//*[@id=\"backBtn\"]"}
COMMAND: POST /session/e534addae89ac3f13e688da6063cf31d/element/f.D88A710F58C031DD94180D36F4E40589.d.35F268269A9EAE3758919DE4A2EF256B.e.5308/click - {}
RESULT: {}
COMMAND: GET /session/e534addae89ac3f13e688da6063cf31d/screenshot - {}
RESULT: {}
COMMAND: POST /session/e534addae89ac3f13e688da6063cf31d/elements - {"using":"xpath","value":"//span[text()='Error']"}
RESULT: {"using":"xpath","value":"//span[text()='Error']"}
RESULT: undefined
COMMAND: POST /session/e534addae89ac3f13e688da6063cf31d/element - {"using":"xpath","value":"//*[@id=\"__tile128\"]"}
RESULT: {"using":"xpath","value":"//*[@id=\"__tile128\"]"}
COMMAND: POST /session/e534addae89ac3f13e688da6063cf31d/element/f.D88A710F58C031DD94180D36F4E40589.d.35F268269A9EAE3758919DE4A2EF256B.e.5248/click - {}
RESULT: undefined
COMMAND: POST /session/e534addae89ac3f13e688da6063cf31d/element - {"using":"xpath","value":"//*[@id=\"__tile128\"]"}
RESULT: {"using":"xpath","value":"//*[@id=\"__tile128\"]"}
COMMAND: POST /session/e534addae89ac3f13e688da6063cf31d/element/f.D88A710F58C031DD94180D36F4E40589.d.35F268269A9EAE3758919DE4A2EF256B.e.5248/click - {}
RESULT: undefined
COMMAND: POST /session/e534addae89ac3f13e688da6063cf31d/execute/async - {"script":"<script> [6424 bytes]","args":[{"element-6066-11e4-a52e-4f735466cecf":"f.D88A710F58C031DD94180D36F4E40589.d.35F268269A9EAE3758919DE4A2EF256B.e.296"},"getTitle",[]]}
COMMAND: POST /session/e534addae89ac3f13e688da6063cf31d/execute/async - {"script":"<script> [1562 bytes]","args":[{"selector":{"id":"shellAppTitle"},"wdio_ui5_key":"shellAppTitle"}]}
RESULT: {"script":"<script> [1562 bytes]","args":[{"selector":{"id":"shellAppTitle"},"wdio_ui5_key":"shellAppTitle"}]}
COMMAND: POST /session/e534addae89ac3f13e688da6063cf31d/execute/async - {"script":"<script> [6424 bytes]","args":[{"element-6066-11e4-a52e-4f735466cecf":"f.D88A710F58C031DD94180D36F4E40589.d.35F268269A9EAE3758919DE4A2EF256B.e.5335"},"getTitle",[]]}
RESULT: {"script":"<script> [6424 bytes]","args":[{"element-6066-11e4-a52e-4f735466cecf":"f.D88A710F58C031DD94180D36F4E40589.d.35F268269A9EAE3758919DE4A2EF256B.e.5335"},"getTitle",[]]}
RESULT: undefined
COMMAND: POST /session/e534addae89ac3f13e688da6063cf31d/element/f.D88A710F58C031DD94180D36F4E40589.d.35F268269A9EAE3758919DE4A2EF256B.e.5308/click - {}
COMMAND: POST /session/e534addae89ac3f13e688da6063cf31d/element/f.D88A710F58C031DD94180D36F4E40589.d.35F268269A9EAE3758919DE4A2EF256B.e.5308/click - {}
RESULT: {}
COMMAND: GET /session/e534addae89ac3f13e688da6063cf31d/screenshot - {}
RESULT: {}
COMMAND: GET /session/e534addae89ac3f13e688da6063cf31d/screenshot - {}
RESULT: {}
RESULT: {}
]]></system-out>
    </testcase>
    <testcase classname="chrome.136_0_7103_93.windows.Sanity_Tests_US104253" name="Should open Target Systems Configuration page" time="36.142">
      <system-out><![CDATA[
COMMAND: POST /session/e534addae89ac3f13e688da6063cf31d/execute/async - {"script":"<script> [1562 bytes]","args":[{"selector":{"controlType":"sap.m.GenericTile","properties":{"header":"Target Systems Configuration"}},"wdio_ui5_key":"sapm.GenericTile{\"header\":\"Target Systems Configuration\"}"}]}
RESULT: {"script":"<script> [1562 bytes]","args":[{"selector":{"controlType":"sap.m.GenericTile","properties":{"header":"Target Systems Configuration"}},"wdio_ui5_key":"sapm.GenericTile{\"header\":\"Target Systems Configuration\"}"}]}
RESULT: undefined
COMMAND: POST /session/e534addae89ac3f13e688da6063cf31d/element - {"using":"xpath","value":"//*[@id=\"__tile129\"]"}
RESULT: {"using":"xpath","value":"//*[@id=\"__tile129\"]"}
COMMAND: POST /session/e534addae89ac3f13e688da6063cf31d/element/f.D88A710F58C031DD94180D36F4E40589.d.35F268269A9EAE3758919DE4A2EF256B.e.5339/click - {}
RESULT: {}
COMMAND: GET /session/e534addae89ac3f13e688da6063cf31d/screenshot - {}
RESULT: {}
COMMAND: POST /session/e534addae89ac3f13e688da6063cf31d/elements - {"using":"xpath","value":"//span[text()='Error']"}
RESULT: {"using":"xpath","value":"//span[text()='Error']"}
RESULT: undefined
COMMAND: POST /session/e534addae89ac3f13e688da6063cf31d/element - {"using":"xpath","value":"//*[@id=\"__tile129\"]"}
RESULT: {"using":"xpath","value":"//*[@id=\"__tile129\"]"}
COMMAND: POST /session/e534addae89ac3f13e688da6063cf31d/element/f.D88A710F58C031DD94180D36F4E40589.d.35F268269A9EAE3758919DE4A2EF256B.e.5339/click - {}
RESULT: undefined
COMMAND: POST /session/e534addae89ac3f13e688da6063cf31d/element - {"using":"xpath","value":"//*[@id=\"__tile129\"]"}
RESULT: {"using":"xpath","value":"//*[@id=\"__tile129\"]"}
COMMAND: POST /session/e534addae89ac3f13e688da6063cf31d/element/f.D88A710F58C031DD94180D36F4E40589.d.35F268269A9EAE3758919DE4A2EF256B.e.5339/click - {}
RESULT: undefined
COMMAND: POST /session/e534addae89ac3f13e688da6063cf31d/execute/async - {"script":"<script> [6424 bytes]","args":[{"element-6066-11e4-a52e-4f735466cecf":"f.D88A710F58C031DD94180D36F4E40589.d.35F268269A9EAE3758919DE4A2EF256B.e.296"},"getTitle",[]]}
COMMAND: POST /session/e534addae89ac3f13e688da6063cf31d/execute/async - {"script":"<script> [1562 bytes]","args":[{"selector":{"id":"shellAppTitle"},"wdio_ui5_key":"shellAppTitle"}]}
RESULT: {"script":"<script> [1562 bytes]","args":[{"selector":{"id":"shellAppTitle"},"wdio_ui5_key":"shellAppTitle"}]}
COMMAND: POST /session/e534addae89ac3f13e688da6063cf31d/execute/async - {"script":"<script> [6424 bytes]","args":[{"element-6066-11e4-a52e-4f735466cecf":"f.D88A710F58C031DD94180D36F4E40589.d.35F268269A9EAE3758919DE4A2EF256B.e.5392"},"getTitle",[]]}
RESULT: {"script":"<script> [6424 bytes]","args":[{"element-6066-11e4-a52e-4f735466cecf":"f.D88A710F58C031DD94180D36F4E40589.d.35F268269A9EAE3758919DE4A2EF256B.e.5392"},"getTitle",[]]}
RESULT: undefined
COMMAND: POST /session/e534addae89ac3f13e688da6063cf31d/element/f.D88A710F58C031DD94180D36F4E40589.d.35F268269A9EAE3758919DE4A2EF256B.e.5308/click - {}
COMMAND: POST /session/e534addae89ac3f13e688da6063cf31d/element/f.D88A710F58C031DD94180D36F4E40589.d.35F268269A9EAE3758919DE4A2EF256B.e.5308/click - {}
RESULT: {}
COMMAND: GET /session/e534addae89ac3f13e688da6063cf31d/screenshot - {}
COMMAND: POST /session/e534addae89ac3f13e688da6063cf31d/element - {"using":"xpath","value":"//*[@id=\"backBtn\"]"}
RESULT: {}
RESULT: {"using":"xpath","value":"//*[@id=\"backBtn\"]"}
COMMAND: POST /session/e534addae89ac3f13e688da6063cf31d/elements - {"using":"xpath","value":"//*[@id=\"backBtn\"]"}
RESULT: {"using":"xpath","value":"//*[@id=\"backBtn\"]"}
COMMAND: POST /session/e534addae89ac3f13e688da6063cf31d/elements - {"using":"xpath","value":"//*[@id=\"backBtn\"]"}
RESULT: {"using":"xpath","value":"//*[@id=\"backBtn\"]"}
COMMAND: POST /session/e534addae89ac3f13e688da6063cf31d/elements - {"using":"xpath","value":"//*[@id=\"backBtn\"]"}
RESULT: {"using":"xpath","value":"//*[@id=\"backBtn\"]"}
COMMAND: POST /session/e534addae89ac3f13e688da6063cf31d/elements - {"using":"xpath","value":"//*[@id=\"backBtn\"]"}
RESULT: {"using":"xpath","value":"//*[@id=\"backBtn\"]"}
COMMAND: POST /session/e534addae89ac3f13e688da6063cf31d/elements - {"using":"xpath","value":"//*[@id=\"backBtn\"]"}
RESULT: {"using":"xpath","value":"//*[@id=\"backBtn\"]"}
COMMAND: POST /session/e534addae89ac3f13e688da6063cf31d/elements - {"using":"xpath","value":"//*[@id=\"backBtn\"]"}
RESULT: {"using":"xpath","value":"//*[@id=\"backBtn\"]"}
COMMAND: POST /session/e534addae89ac3f13e688da6063cf31d/elements - {"using":"xpath","value":"//*[@id=\"backBtn\"]"}
RESULT: {"using":"xpath","value":"//*[@id=\"backBtn\"]"}
COMMAND: POST /session/e534addae89ac3f13e688da6063cf31d/elements - {"using":"xpath","value":"//*[@id=\"backBtn\"]"}
RESULT: {"using":"xpath","value":"//*[@id=\"backBtn\"]"}
COMMAND: POST /session/e534addae89ac3f13e688da6063cf31d/elements - {"using":"xpath","value":"//*[@id=\"backBtn\"]"}
RESULT: {"using":"xpath","value":"//*[@id=\"backBtn\"]"}
COMMAND: POST /session/e534addae89ac3f13e688da6063cf31d/elements - {"using":"xpath","value":"//*[@id=\"backBtn\"]"}
RESULT: {"using":"xpath","value":"//*[@id=\"backBtn\"]"}
COMMAND: POST /session/e534addae89ac3f13e688da6063cf31d/elements - {"using":"xpath","value":"//*[@id=\"backBtn\"]"}
RESULT: {"using":"xpath","value":"//*[@id=\"backBtn\"]"}
COMMAND: POST /session/e534addae89ac3f13e688da6063cf31d/elements - {"using":"xpath","value":"//*[@id=\"backBtn\"]"}
RESULT: {"using":"xpath","value":"//*[@id=\"backBtn\"]"}
COMMAND: POST /session/e534addae89ac3f13e688da6063cf31d/elements - {"using":"xpath","value":"//*[@id=\"backBtn\"]"}
RESULT: {"using":"xpath","value":"//*[@id=\"backBtn\"]"}
COMMAND: POST /session/e534addae89ac3f13e688da6063cf31d/elements - {"using":"xpath","value":"//*[@id=\"backBtn\"]"}
RESULT: {"using":"xpath","value":"//*[@id=\"backBtn\"]"}
COMMAND: POST /session/e534addae89ac3f13e688da6063cf31d/elements - {"using":"xpath","value":"//*[@id=\"backBtn\"]"}
RESULT: {"using":"xpath","value":"//*[@id=\"backBtn\"]"}
COMMAND: POST /session/e534addae89ac3f13e688da6063cf31d/elements - {"using":"xpath","value":"//*[@id=\"backBtn\"]"}
RESULT: {"using":"xpath","value":"//*[@id=\"backBtn\"]"}
COMMAND: POST /session/e534addae89ac3f13e688da6063cf31d/elements - {"using":"xpath","value":"//*[@id=\"backBtn\"]"}
RESULT: {"using":"xpath","value":"//*[@id=\"backBtn\"]"}
COMMAND: POST /session/e534addae89ac3f13e688da6063cf31d/elements - {"using":"xpath","value":"//*[@id=\"backBtn\"]"}
RESULT: {"using":"xpath","value":"//*[@id=\"backBtn\"]"}
COMMAND: POST /session/e534addae89ac3f13e688da6063cf31d/elements - {"using":"xpath","value":"//*[@id=\"backBtn\"]"}
RESULT: {"using":"xpath","value":"//*[@id=\"backBtn\"]"}
COMMAND: POST /session/e534addae89ac3f13e688da6063cf31d/elements - {"using":"xpath","value":"//*[@id=\"backBtn\"]"}
RESULT: {"using":"xpath","value":"//*[@id=\"backBtn\"]"}
COMMAND: POST /session/e534addae89ac3f13e688da6063cf31d/elements - {"using":"xpath","value":"//*[@id=\"backBtn\"]"}
RESULT: {"using":"xpath","value":"//*[@id=\"backBtn\"]"}
COMMAND: POST /session/e534addae89ac3f13e688da6063cf31d/elements - {"using":"xpath","value":"//*[@id=\"backBtn\"]"}
RESULT: {"using":"xpath","value":"//*[@id=\"backBtn\"]"}
COMMAND: POST /session/e534addae89ac3f13e688da6063cf31d/elements - {"using":"xpath","value":"//*[@id=\"backBtn\"]"}
RESULT: {"using":"xpath","value":"//*[@id=\"backBtn\"]"}
COMMAND: POST /session/e534addae89ac3f13e688da6063cf31d/elements - {"using":"xpath","value":"//*[@id=\"backBtn\"]"}
RESULT: {"using":"xpath","value":"//*[@id=\"backBtn\"]"}
COMMAND: POST /session/e534addae89ac3f13e688da6063cf31d/elements - {"using":"xpath","value":"//*[@id=\"backBtn\"]"}
RESULT: {"using":"xpath","value":"//*[@id=\"backBtn\"]"}
COMMAND: POST /session/e534addae89ac3f13e688da6063cf31d/elements - {"using":"xpath","value":"//*[@id=\"backBtn\"]"}
RESULT: {"using":"xpath","value":"//*[@id=\"backBtn\"]"}
COMMAND: POST /session/e534addae89ac3f13e688da6063cf31d/elements - {"using":"xpath","value":"//*[@id=\"backBtn\"]"}
RESULT: {"using":"xpath","value":"//*[@id=\"backBtn\"]"}
COMMAND: POST /session/e534addae89ac3f13e688da6063cf31d/elements - {"using":"xpath","value":"//*[@id=\"backBtn\"]"}
RESULT: {"using":"xpath","value":"//*[@id=\"backBtn\"]"}
COMMAND: POST /session/e534addae89ac3f13e688da6063cf31d/elements - {"using":"xpath","value":"//*[@id=\"backBtn\"]"}
RESULT: {"using":"xpath","value":"//*[@id=\"backBtn\"]"}
COMMAND: POST /session/e534addae89ac3f13e688da6063cf31d/elements - {"using":"xpath","value":"//*[@id=\"backBtn\"]"}
RESULT: {"using":"xpath","value":"//*[@id=\"backBtn\"]"}
COMMAND: POST /session/e534addae89ac3f13e688da6063cf31d/elements - {"using":"xpath","value":"//*[@id=\"backBtn\"]"}
RESULT: {"using":"xpath","value":"//*[@id=\"backBtn\"]"}
COMMAND: POST /session/e534addae89ac3f13e688da6063cf31d/elements - {"using":"xpath","value":"//*[@id=\"backBtn\"]"}
RESULT: {"using":"xpath","value":"//*[@id=\"backBtn\"]"}
COMMAND: POST /session/e534addae89ac3f13e688da6063cf31d/elements - {"using":"xpath","value":"//*[@id=\"backBtn\"]"}
RESULT: {"using":"xpath","value":"//*[@id=\"backBtn\"]"}
COMMAND: POST /session/e534addae89ac3f13e688da6063cf31d/elements - {"using":"xpath","value":"//*[@id=\"backBtn\"]"}
RESULT: {"using":"xpath","value":"//*[@id=\"backBtn\"]"}
COMMAND: POST /session/e534addae89ac3f13e688da6063cf31d/elements - {"using":"xpath","value":"//*[@id=\"backBtn\"]"}
RESULT: {"using":"xpath","value":"//*[@id=\"backBtn\"]"}
COMMAND: POST /session/e534addae89ac3f13e688da6063cf31d/elements - {"using":"xpath","value":"//*[@id=\"backBtn\"]"}
RESULT: {"using":"xpath","value":"//*[@id=\"backBtn\"]"}
COMMAND: POST /session/e534addae89ac3f13e688da6063cf31d/elements - {"using":"xpath","value":"//*[@id=\"backBtn\"]"}
RESULT: {"using":"xpath","value":"//*[@id=\"backBtn\"]"}
COMMAND: POST /session/e534addae89ac3f13e688da6063cf31d/elements - {"using":"xpath","value":"//*[@id=\"backBtn\"]"}
RESULT: {"using":"xpath","value":"//*[@id=\"backBtn\"]"}
COMMAND: POST /session/e534addae89ac3f13e688da6063cf31d/elements - {"using":"xpath","value":"//*[@id=\"backBtn\"]"}
RESULT: {"using":"xpath","value":"//*[@id=\"backBtn\"]"}
COMMAND: DELETE /session/e534addae89ac3f13e688da6063cf31d - {}
RESULT: {}
]]></system-out>
    </testcase>
  </testsuite>
</testsuites>