<?xml version="1.0" encoding="UTF-8"?>
<testsuites tests="10" failures="0" errors="0" skipped="0">
  <testsuite timestamp="2025-06-04T05:55:09" time="863.362" tests="4" failures="0" errors="0" skipped="0">
    <properties>
      <property name="specId" value="0" />
      <property name="suiteName" value="Webshop - Hyperlinks visible and working properly  US139085" />
      <property name="capabilities" value="chrome.136_0_7103_93.windows" />
      <property name="file" value="file:///D:/a/1/s/test/specs/R2C/webshop-hyperlinks-yard-site.spec.js" />
    </properties>
    <testcase classname="chrome.136_0_7103_93.windows.Webshop_-_Hyperlinks_visible_and_working_properly__US139085" name="Should create prerequisites for webshop suite" time="308.496">
      <system-out><![CDATA[
COMMAND: POST /session/98e00ad9af735ef01915863a208aaa77/execute/async - {"script":"<script> [1562 bytes]","args":[{"selector":{"controlType":"sap.m.GenericTile","properties":{"header":"Manage Yards"}},"wdio_ui5_key":"sapm.GenericTile{\"header\":\"Manage Yards\"}"}]}
RESULT: {"script":"<script> [1562 bytes]","args":[{"selector":{"controlType":"sap.m.GenericTile","properties":{"header":"Manage Yards"}},"wdio_ui5_key":"sapm.GenericTile{\"header\":\"Manage Yards\"}"}]}
RESULT: undefined
COMMAND: POST /session/98e00ad9af735ef01915863a208aaa77/element - {"using":"xpath","value":"//*[@id=\"__tile41\"]"}
RESULT: {"using":"xpath","value":"//*[@id=\"__tile41\"]"}
COMMAND: POST /session/98e00ad9af735ef01915863a208aaa77/element/f.A56533DF14A1AA9A63544B9B62196BA5.d.009A8D73B6F71CBF486C7E4ED54E2BD1.e.115/click - {}
RESULT: {}
COMMAND: GET /session/98e00ad9af735ef01915863a208aaa77/screenshot - {}
RESULT: {}
COMMAND: POST /session/98e00ad9af735ef01915863a208aaa77/elements - {"using":"xpath","value":"//span[text()='Error']"}
RESULT: {"using":"xpath","value":"//span[text()='Error']"}
COMMAND: POST /session/98e00ad9af735ef01915863a208aaa77/execute/async - {"script":"<script> [1562 bytes]","args":[{"selector":{"controlType":"sap.ui.core.Icon","viewName":"etm.portal.ui.manageyards.view.Master","viewId":"application-manageyards-display-component---masterYard","properties":{"src":{"regex":{"source":"add"}}}},"wdio_ui5_key":"etmportal.ui.manageyards.view.Mastersap.ui.core.Icon{\"src\":{\"regex\":{\"source\":\"add\"}}}"}]}
RESULT: {"script":"<script> [1562 bytes]","args":[{"selector":{"controlType":"sap.ui.core.Icon","viewName":"etm.portal.ui.manageyards.view.Master","viewId":"application-manageyards-display-component---masterYard","properties":{"src":{"regex":{"source":"add"}}}},"wdio_ui5_key":"etmportal.ui.manageyards.view.Mastersap.ui.core.Icon{\"src\":{\"regex\":{\"source\":\"add\"}}}"}]}
RESULT: undefined
COMMAND: POST /session/98e00ad9af735ef01915863a208aaa77/element - {"using":"xpath","value":"//*[@id=\"__button4-img\"]"}
RESULT: {"using":"xpath","value":"//*[@id=\"__button4-img\"]"}
COMMAND: POST /session/98e00ad9af735ef01915863a208aaa77/element/f.A56533DF14A1AA9A63544B9B62196BA5.d.009A8D73B6F71CBF486C7E4ED54E2BD1.e.163/click - {}
RESULT: {}
COMMAND: GET /session/98e00ad9af735ef01915863a208aaa77/screenshot - {}
RESULT: {}
COMMAND: POST /session/98e00ad9af735ef01915863a208aaa77/execute/async - {"script":"<script> [1562 bytes]","args":[{"selector":{"id":"application-manageyards-display-component---NewYard--yardId","interaction":{"idSuffix":"inner"}},"wdio_ui5_key":"applicationmanageyards-display-component---NewYard--yardId"}]}
RESULT: {"script":"<script> [1562 bytes]","args":[{"selector":{"id":"application-manageyards-display-component---NewYard--yardId","interaction":{"idSuffix":"inner"}},"wdio_ui5_key":"applicationmanageyards-display-component---NewYard--yardId"}]}
RESULT: undefined
COMMAND: POST /session/98e00ad9af735ef01915863a208aaa77/element - {"using":"xpath","value":"//*[@id=\"application-manageyards-display-component---NewYard--addressDetailDetailsName1-inner\"]"}
RESULT: {"using":"xpath","value":"//*[@id=\"application-manageyards-display-component---NewYard--addressDetailDetailsName1-inner\"]"}
COMMAND: POST /session/98e00ad9af735ef01915863a208aaa77/element/f.A56533DF14A1AA9A63544B9B62196BA5.d.009A8D73B6F71CBF486C7E4ED54E2BD1.e.376/clear - {}
RESULT: {}
COMMAND: POST /session/98e00ad9af735ef01915863a208aaa77/element/f.A56533DF14A1AA9A63544B9B62196BA5.d.009A8D73B6F71CBF486C7E4ED54E2BD1.e.376/value - {"text":"WebdriverYarda1otg"}
COMMAND: GET /session/98e00ad9af735ef01915863a208aaa77/screenshot - {}
RESULT: {"text":"WebdriverYarda1otg"}
COMMAND: POST /session/98e00ad9af735ef01915863a208aaa77/element - {"using":"xpath","value":"//*[@id=\"application-manageyards-display-component---NewYard--addressDetailDetailsLanguage-inner\"]"}
COMMAND: GET /session/98e00ad9af735ef01915863a208aaa77/screenshot - {}
RESULT: {}
RESULT: {"using":"xpath","value":"//*[@id=\"application-manageyards-display-component---NewYard--addressDetailDetailsLanguage-inner\"]"}
COMMAND: POST /session/98e00ad9af735ef01915863a208aaa77/element/f.A56533DF14A1AA9A63544B9B62196BA5.d.009A8D73B6F71CBF486C7E4ED54E2BD1.e.377/clear - {}
RESULT: {}
RESULT: {}
COMMAND: POST /session/98e00ad9af735ef01915863a208aaa77/element/f.A56533DF14A1AA9A63544B9B62196BA5.d.009A8D73B6F71CBF486C7E4ED54E2BD1.e.377/value - {"text":"Romanian"}
COMMAND: GET /session/98e00ad9af735ef01915863a208aaa77/screenshot - {}
RESULT: {"text":"Romanian"}
COMMAND: POST /session/98e00ad9af735ef01915863a208aaa77/element - {"using":"xpath","value":"//input[contains(@id ,\"application-manageyards-display-component---NewYard--addressDetailDetailsName1-inner\")]"}
COMMAND: GET /session/98e00ad9af735ef01915863a208aaa77/screenshot - {}
RESULT: {}
RESULT: {"using":"xpath","value":"//input[contains(@id ,\"application-manageyards-display-component---NewYard--addressDetailDetailsName1-inner\")]"}
COMMAND: GET /session/98e00ad9af735ef01915863a208aaa77/element/f.A56533DF14A1AA9A63544B9B62196BA5.d.009A8D73B6F71CBF486C7E4ED54E2BD1.e.376/property/value - {}
RESULT: {}
RESULT: {}
COMMAND: GET /session/98e00ad9af735ef01915863a208aaa77/screenshot - {}
RESULT: {}
COMMAND: POST /session/98e00ad9af735ef01915863a208aaa77/element - {"using":"xpath","value":"//*[@id=\"application-manageyards-display-component---NewYard--addressDetailDetailsCity1-inner\"]"}
RESULT: {"using":"xpath","value":"//*[@id=\"application-manageyards-display-component---NewYard--addressDetailDetailsCity1-inner\"]"}
COMMAND: POST /session/98e00ad9af735ef01915863a208aaa77/element/f.A56533DF14A1AA9A63544B9B62196BA5.d.009A8D73B6F71CBF486C7E4ED54E2BD1.e.379/clear - {}
RESULT: {}
COMMAND: POST /session/98e00ad9af735ef01915863a208aaa77/element/f.A56533DF14A1AA9A63544B9B62196BA5.d.009A8D73B6F71CBF486C7E4ED54E2BD1.e.379/value - {"text":"Bucuresti"}
COMMAND: GET /session/98e00ad9af735ef01915863a208aaa77/screenshot - {}
RESULT: {"text":"Bucuresti"}
COMMAND: GET /session/98e00ad9af735ef01915863a208aaa77/screenshot - {}
RESULT: {}
RESULT: {}
COMMAND: POST /session/98e00ad9af735ef01915863a208aaa77/element - {"using":"xpath","value":"//*[@id=\"application-manageyards-display-component---NewYard--addressDetailDetailsCountry-inner\"]"}
RESULT: {"using":"xpath","value":"//*[@id=\"application-manageyards-display-component---NewYard--addressDetailDetailsCountry-inner\"]"}
COMMAND: POST /session/98e00ad9af735ef01915863a208aaa77/element/f.A56533DF14A1AA9A63544B9B62196BA5.d.009A8D73B6F71CBF486C7E4ED54E2BD1.e.383/clear - {}
RESULT: {}
COMMAND: POST /session/98e00ad9af735ef01915863a208aaa77/element/f.A56533DF14A1AA9A63544B9B62196BA5.d.009A8D73B6F71CBF486C7E4ED54E2BD1.e.383/value - {"text":"Romania"}
COMMAND: GET /session/98e00ad9af735ef01915863a208aaa77/screenshot - {}
RESULT: {"text":"Romania"}
COMMAND: GET /session/98e00ad9af735ef01915863a208aaa77/screenshot - {}
RESULT: {}
RESULT: {}
COMMAND: POST /session/98e00ad9af735ef01915863a208aaa77/element - {"using":"xpath","value":"//div[contains(text(), \"Commercial\")]"}
RESULT: {"using":"xpath","value":"//div[contains(text(), \"Commercial\")]"}
COMMAND: GET /session/98e00ad9af735ef01915863a208aaa77/element/f.A56533DF14A1AA9A63544B9B62196BA5.d.009A8D73B6F71CBF486C7E4ED54E2BD1.e.580/rect - {}
RESULT: {}
COMMAND: GET /session/98e00ad9af735ef01915863a208aaa77/window/rect - {}
RESULT: {}
COMMAND: POST /session/98e00ad9af735ef01915863a208aaa77/execute/sync - {"script":"<script> [92 bytes]","args":[]}
RESULT: {"script":"<script> [92 bytes]","args":[]}
COMMAND: POST /session/98e00ad9af735ef01915863a208aaa77/actions - {"actions":[{"id":"action1","type":"wheel","parameters":{},"actions":[{"type":"scroll","x":-1841,"y":-44,"deltaX":0,"deltaY":0,"duration":0,"origin":{"element-6066-11e4-a52e-4f735466cecf":"f.A56533DF14A1AA9A63544B9B62196BA5.d.009A8D73B6F71CBF486C7E4ED54E2BD1.e.580"}}]}]}
COMMAND: GET /session/98e00ad9af735ef01915863a208aaa77/screenshot - {}
RESULT: {}
COMMAND: POST /session/98e00ad9af735ef01915863a208aaa77/execute/sync - {"script":"<script> [79 bytes]","args":[{"element-6066-11e4-a52e-4f735466cecf":"f.A56533DF14A1AA9A63544B9B62196BA5.d.009A8D73B6F71CBF486C7E4ED54E2BD1.e.580","ELEMENT":"f.A56533DF14A1AA9A63544B9B62196BA5.d.009A8D73B6F71CBF486C7E4ED54E2BD1.e.580"},{"block":"start","inline":"nearest"}]}
RESULT: {"script":"<script> [79 bytes]","args":[{"element-6066-11e4-a52e-4f735466cecf":"f.A56533DF14A1AA9A63544B9B62196BA5.d.009A8D73B6F71CBF486C7E4ED54E2BD1.e.580","ELEMENT":"f.A56533DF14A1AA9A63544B9B62196BA5.d.009A8D73B6F71CBF486C7E4ED54E2BD1.e.580"},{"block":"start","inline":"nearest"}]}
COMMAND: GET /session/98e00ad9af735ef01915863a208aaa77/screenshot - {}
RESULT: {}
COMMAND: POST /session/98e00ad9af735ef01915863a208aaa77/execute/async - {"script":"<script> [1562 bytes]","args":[{"selector":{"id":"application-manageyards-display-component---NewYard--addressEditDetailsCostObjectCstType-arrow"},"wdio_ui5_key":"applicationmanageyards-display-component---NewYard--addressEditDetailsCostObjectCstType-arrow"}]}
RESULT: {"script":"<script> [1562 bytes]","args":[{"selector":{"id":"application-manageyards-display-component---NewYard--addressEditDetailsCostObjectCstType-arrow"},"wdio_ui5_key":"applicationmanageyards-display-component---NewYard--addressEditDetailsCostObjectCstType-arrow"}]}
RESULT: undefined
COMMAND: POST /session/98e00ad9af735ef01915863a208aaa77/element - {"using":"xpath","value":"//*[@id=\"application-manageyards-display-component---NewYard--addressEditDetailsCostObjectCstType-arrow\"]"}
RESULT: {"using":"xpath","value":"//*[@id=\"application-manageyards-display-component---NewYard--addressEditDetailsCostObjectCstType-arrow\"]"}
COMMAND: POST /session/98e00ad9af735ef01915863a208aaa77/element/f.A56533DF14A1AA9A63544B9B62196BA5.d.009A8D73B6F71CBF486C7E4ED54E2BD1.e.588/click - {}
RESULT: {}
COMMAND: POST /session/98e00ad9af735ef01915863a208aaa77/element - {"using":"xpath","value":"//span[contains(text(), \"Cost Center\")]"}
COMMAND: GET /session/98e00ad9af735ef01915863a208aaa77/screenshot - {}
RESULT: {"using":"xpath","value":"//span[contains(text(), \"Cost Center\")]"}
COMMAND: POST /session/98e00ad9af735ef01915863a208aaa77/element/f.A56533DF14A1AA9A63544B9B62196BA5.d.009A8D73B6F71CBF486C7E4ED54E2BD1.e.589/click - {}
RESULT: {}
RESULT: {}
COMMAND: GET /session/98e00ad9af735ef01915863a208aaa77/screenshot - {}
RESULT: {}
COMMAND: POST /session/98e00ad9af735ef01915863a208aaa77/execute/async - {"script":"<script> [1562 bytes]","args":[{"selector":{"id":"application-manageyards-display-component---NewYard--addressNewCostObjectCstID-vhi"},"wdio_ui5_key":"applicationmanageyards-display-component---NewYard--addressNewCostObjectCstID-vhi"}]}
RESULT: {"script":"<script> [1562 bytes]","args":[{"selector":{"id":"application-manageyards-display-component---NewYard--addressNewCostObjectCstID-vhi"},"wdio_ui5_key":"applicationmanageyards-display-component---NewYard--addressNewCostObjectCstID-vhi"}]}
RESULT: undefined
COMMAND: POST /session/98e00ad9af735ef01915863a208aaa77/element - {"using":"xpath","value":"//*[@id=\"application-manageyards-display-component---NewYard--addressNewCostObjectCstID-vhi\"]"}
RESULT: {"using":"xpath","value":"//*[@id=\"application-manageyards-display-component---NewYard--addressNewCostObjectCstID-vhi\"]"}
COMMAND: POST /session/98e00ad9af735ef01915863a208aaa77/element/f.A56533DF14A1AA9A63544B9B62196BA5.d.009A8D73B6F71CBF486C7E4ED54E2BD1.e.604/click - {}
RESULT: {}
COMMAND: GET /session/98e00ad9af735ef01915863a208aaa77/screenshot - {}
RESULT: {}
COMMAND: POST /session/98e00ad9af735ef01915863a208aaa77/execute/async - {"script":"<script> [1562 bytes]","args":[{"selector":{"controlType":"sap.m.SearchField","properties":{"placeholder":"Search"},"searchOpenDialogs":true,"interaction":{"idSuffix":"I"}},"wdio_ui5_key":"sapm.SearchField{\"placeholder\":\"Search\"}"}]}
RESULT: {"script":"<script> [1562 bytes]","args":[{"selector":{"controlType":"sap.m.SearchField","properties":{"placeholder":"Search"},"searchOpenDialogs":true,"interaction":{"idSuffix":"I"}},"wdio_ui5_key":"sapm.SearchField{\"placeholder\":\"Search\"}"}]}
RESULT: undefined
COMMAND: POST /session/98e00ad9af735ef01915863a208aaa77/execute/async - {"script":"<script> [776 bytes]","args":[{"enterText":"10001013","selector":{"controlType":"sap.m.SearchField","properties":{"placeholder":"Search"},"searchOpenDialogs":true,"interaction":{"idSuffix":"I"}},"clearTextFirst":true,"interactionType":"ENTER_TEXT"}]}
RESULT: {"script":"<script> [776 bytes]","args":[{"enterText":"10001013","selector":{"controlType":"sap.m.SearchField","properties":{"placeholder":"Search"},"searchOpenDialogs":true,"interaction":{"idSuffix":"I"}},"clearTextFirst":true,"interactionType":"ENTER_TEXT"}]}
COMMAND: POST /session/98e00ad9af735ef01915863a208aaa77/actions - {"actions":[{"id":"action2","type":"key","parameters":{},"actions":[{"type":"keyDown","value":"î€‡"},{"type":"pause","duration":10},{"type":"keyUp","value":"î€‡"}]}]}
RESULT: {"actions":[{"id":"action2","type":"key","parameters":{},"actions":[{"type":"keyDown","value":"î€‡"},{"type":"pause","duration":10},{"type":"keyUp","value":"î€‡"}]}]}
COMMAND: GET /session/98e00ad9af735ef01915863a208aaa77/screenshot - {}
RESULT: {}
COMMAND: POST /session/98e00ad9af735ef01915863a208aaa77/element - {"using":"xpath","value":"//span[contains(text(), \"General Management\")]"}
RESULT: {"using":"xpath","value":"//span[contains(text(), \"General Management\")]"}
COMMAND: POST /session/98e00ad9af735ef01915863a208aaa77/element/f.A56533DF14A1AA9A63544B9B62196BA5.d.009A8D73B6F71CBF486C7E4ED54E2BD1.e.645/click - {}
RESULT: {}
COMMAND: GET /session/98e00ad9af735ef01915863a208aaa77/screenshot - {}
RESULT: {}
COMMAND: POST /session/98e00ad9af735ef01915863a208aaa77/element - {"using":"xpath","value":"//bdi[contains(text(), \"OK\")]"}
RESULT: {"using":"xpath","value":"//bdi[contains(text(), \"OK\")]"}
COMMAND: POST /session/98e00ad9af735ef01915863a208aaa77/element/f.A56533DF14A1AA9A63544B9B62196BA5.d.009A8D73B6F71CBF486C7E4ED54E2BD1.e.646/click - {}
RESULT: {}
COMMAND: GET /session/98e00ad9af735ef01915863a208aaa77/screenshot - {}
RESULT: {}
COMMAND: POST /session/98e00ad9af735ef01915863a208aaa77/execute/async - {"script":"<script> [1562 bytes]","args":[{"selector":{"controlType":"sap.m.Button","viewName":"etm.portal.ui.manageyards.view.New","viewId":"application-manageyards-display-component---NewYard","i18NText":{"propertyName":"text","key":"save"},"interaction":{"idSuffix":"inner"}},"wdio_ui5_key":"etmportal.ui.manageyards.view.Newsap.m.Button{\"propertyName\":\"text\",\"key\":\"save\"}"}]}
RESULT: {"script":"<script> [1562 bytes]","args":[{"selector":{"controlType":"sap.m.Button","viewName":"etm.portal.ui.manageyards.view.New","viewId":"application-manageyards-display-component---NewYard","i18NText":{"propertyName":"text","key":"save"},"interaction":{"idSuffix":"inner"}},"wdio_ui5_key":"etmportal.ui.manageyards.view.Newsap.m.Button{\"propertyName\":\"text\",\"key\":\"save\"}"}]}
RESULT: undefined
COMMAND: POST /session/98e00ad9af735ef01915863a208aaa77/element - {"using":"xpath","value":"//*[@id=\"__button18\"]"}
RESULT: {"using":"xpath","value":"//*[@id=\"__button18\"]"}
COMMAND: POST /session/98e00ad9af735ef01915863a208aaa77/element/f.A56533DF14A1AA9A63544B9B62196BA5.d.009A8D73B6F71CBF486C7E4ED54E2BD1.e.559/click - {}
RESULT: {}
COMMAND: GET /session/98e00ad9af735ef01915863a208aaa77/screenshot - {}
RESULT: {}
COMMAND: POST /session/98e00ad9af735ef01915863a208aaa77/element - {"using":"xpath","value":"//header/div/div[2]/div[2]/span"}
RESULT: {"using":"xpath","value":"//header/div/div[2]/div[2]/span"}
COMMAND: GET /session/98e00ad9af735ef01915863a208aaa77/element/f.A56533DF14A1AA9A63544B9B62196BA5.d.009A8D73B6F71CBF486C7E4ED54E2BD1.e.839/text - {}
RESULT: {}
COMMAND: POST /session/98e00ad9af735ef01915863a208aaa77/execute/async - {"script":"<script> [1562 bytes]","args":[{"selector":{"controlType":"sap.m.OverflowToolbarButton","viewName":"etm.portal.ui.manageyards.view.Detail","viewId":"application-manageyards-display-component---detailYard","i18NText":{"propertyName":"tooltip","key":"closeColumn"},"interaction":{"idSuffix":"inner"}},"wdio_ui5_key":"etmportal.ui.manageyards.view.Detailsap.m.OverflowToolbarButton{\"propertyName\":\"tooltip\",\"key\":\"closeColumn\"}"}]}
RESULT: {"script":"<script> [1562 bytes]","args":[{"selector":{"controlType":"sap.m.OverflowToolbarButton","viewName":"etm.portal.ui.manageyards.view.Detail","viewId":"application-manageyards-display-component---detailYard","i18NText":{"propertyName":"tooltip","key":"closeColumn"},"interaction":{"idSuffix":"inner"}},"wdio_ui5_key":"etmportal.ui.manageyards.view.Detailsap.m.OverflowToolbarButton{\"propertyName\":\"tooltip\",\"key\":\"closeColumn\"}"}]}
RESULT: undefined
COMMAND: POST /session/98e00ad9af735ef01915863a208aaa77/element - {"using":"xpath","value":"//*[@id=\"__button42\"]"}
RESULT: {"using":"xpath","value":"//*[@id=\"__button42\"]"}
COMMAND: POST /session/98e00ad9af735ef01915863a208aaa77/element/f.A56533DF14A1AA9A63544B9B62196BA5.d.009A8D73B6F71CBF486C7E4ED54E2BD1.e.841/click - {}
RESULT: {}
COMMAND: GET /session/98e00ad9af735ef01915863a208aaa77/screenshot - {}
RESULT: {}
COMMAND: POST /session/98e00ad9af735ef01915863a208aaa77/element - {"using":"css selector","value":"#shell-header-logo"}
RESULT: {"using":"css selector","value":"#shell-header-logo"}
COMMAND: POST /session/98e00ad9af735ef01915863a208aaa77/element/f.A56533DF14A1AA9A63544B9B62196BA5.d.009A8D73B6F71CBF486C7E4ED54E2BD1.e.103/click - {}
RESULT: {}
COMMAND: GET /session/98e00ad9af735ef01915863a208aaa77/screenshot - {}
RESULT: {}
COMMAND: POST /session/98e00ad9af735ef01915863a208aaa77/refresh - {}
RESULT: {}
COMMAND: GET /session/98e00ad9af735ef01915863a208aaa77/screenshot - {}
RESULT: {}
COMMAND: POST /session/98e00ad9af735ef01915863a208aaa77/execute/async - {"script":"<script> [189 bytes]","args":[]}
RESULT: {"script":"<script> [189 bytes]","args":[]}
COMMAND: POST /session/98e00ad9af735ef01915863a208aaa77/execute/async - {"script":"<script> [123 bytes]","args":[]}
RESULT: {"script":"<script> [123 bytes]","args":[]}
COMMAND: POST /session/98e00ad9af735ef01915863a208aaa77/timeouts - {"script":"<number>"}
RESULT: {"script":"<number>"}
COMMAND: GET /session/98e00ad9af735ef01915863a208aaa77/timeouts - {}
RESULT: {}
RESULT: undefined
COMMAND: POST /session/98e00ad9af735ef01915863a208aaa77/execute/async - {"script":"<script> [2676 bytes]","args":[]}
RESULT: {"script":"<script> [2676 bytes]","args":[]}
COMMAND: POST /session/98e00ad9af735ef01915863a208aaa77/execute/async - {"script":"<script> [2342 bytes]","args":[{"protocol":"http","hostname":"0.0.0.0","path":"/","capabilities":{"browserName":"chrome","goog:chromeOptions":{"binary":"C:\\Program Files\\Google\\Chrome\\Application\\chrome.exe","args":["--start-maximized"]}},"logLevel":"warn","connectionRetryTimeout":120000,"connectionRetryCount":3,"logLevels":{},"enableDirectConnect":true,"strictSSL":true,"_":"65 more keys: [\"cacheDir\",\"port\",\"requestedCapabilities\",\"automationProtocol\",\"baseUrl\",\"waitforInterval\",\"waitforTimeout\",\"onReload\",\"beforeCommand\",\"afterCommand\",\"rootDir\",\"specs\",\"suites\",\"exclude\",\"groupLogsByTestSpec\",\"excludeDriverLogs\",\"bail\",\"framework\",\"reporters\",\"services\",\"maxInstances\",\"maxInstancesPerCapability\",\"injectGlobals\",\"filesToWatch\",\"execArgv\",\"runnerEnv\",\"runner\",\"shard\",\"specFileRetries\",\"specFileRetriesDelay\",\"specFileRetriesDeferred\",\"reporterSyncInterval\",\"reporterSyncTimeout\",\"cucumberFeaturesWithLineNumbers\",\"autoCompileOpts\",\"mochaOpts\",\"jasmineOpts\",\"cucumberOpts\",\"onPrepare\",\"onWorkerStart\",\"onWorkerEnd\",\"before\",\"beforeSession\",\"beforeSuite\",\"beforeHook\",\"beforeTest\",\"afterTest\",\"afterHook\",\"afterSuite\",\"afterSession\",\"after\",\"onComplete\",\"beforeAssertion\",\"afterAssertion\",\"beforeFeature\",\"beforeScenario\",\"beforeStep\",\"afterStep\",\"afterScenario\",\"afterFeature\",\"_\",\"suite\",\"$0\",\"ignoredWorkerServices\",\"wdi5\"]"}]}
RESULT: {"script":"<script> [2342 bytes]","args":[{"protocol":"http","hostname":"0.0.0.0","path":"/","capabilities":{"browserName":"chrome","goog:chromeOptions":{"binary":"C:\\Program Files\\Google\\Chrome\\Application\\chrome.exe","args":["--start-maximized"]}},"logLevel":"warn","connectionRetryTimeout":120000,"connectionRetryCount":3,"logLevels":{},"enableDirectConnect":true,"strictSSL":true,"_":"65 more keys: [\"cacheDir\",\"port\",\"requestedCapabilities\",\"automationProtocol\",\"baseUrl\",\"waitforInterval\",\"waitforTimeout\",\"onReload\",\"beforeCommand\",\"afterCommand\",\"rootDir\",\"specs\",\"suites\",\"exclude\",\"groupLogsByTestSpec\",\"excludeDriverLogs\",\"bail\",\"framework\",\"reporters\",\"services\",\"maxInstances\",\"maxInstancesPerCapability\",\"injectGlobals\",\"filesToWatch\",\"execArgv\",\"runnerEnv\",\"runner\",\"shard\",\"specFileRetries\",\"specFileRetriesDelay\",\"specFileRetriesDeferred\",\"reporterSyncInterval\",\"reporterSyncTimeout\",\"cucumberFeaturesWithLineNumbers\",\"autoCompileOpts\",\"mochaOpts\",\"jasmineOpts\",\"cucumberOpts\",\"onPrepare\",\"onWorkerStart\",\"onWorkerEnd\",\"before\",\"beforeSession\",\"beforeSuite\",\"beforeHook\",\"beforeTest\",\"afterTest\",\"afterHook\",\"afterSuite\",\"afterSession\",\"after\",\"onComplete\",\"beforeAssertion\",\"afterAssertion\",\"beforeFeature\",\"beforeScenario\",\"beforeStep\",\"afterStep\",\"afterScenario\",\"afterFeature\",\"_\",\"suite\",\"$0\",\"ignoredWorkerServices\",\"wdi5\"]"}]}
COMMAND: POST /session/98e00ad9af735ef01915863a208aaa77/execute/async - {"script":"<script> [21126 bytes]","args":[35000]}
RESULT: {"script":"<script> [21126 bytes]","args":[35000]}
COMMAND: POST /session/98e00ad9af735ef01915863a208aaa77/execute/async - {"script":"<script> [1562 bytes]","args":[{"selector":{"controlType":"sap.m.GenericTile","properties":{"header":"Manage Sites"}},"wdio_ui5_key":"sapm.GenericTile{\"header\":\"Manage Sites\"}"}]}
RESULT: {"script":"<script> [1562 bytes]","args":[{"selector":{"controlType":"sap.m.GenericTile","properties":{"header":"Manage Sites"}},"wdio_ui5_key":"sapm.GenericTile{\"header\":\"Manage Sites\"}"}]}
RESULT: undefined
COMMAND: POST /session/98e00ad9af735ef01915863a208aaa77/element - {"using":"xpath","value":"//*[@id=\"__tile40\"]"}
RESULT: {"using":"xpath","value":"//*[@id=\"__tile40\"]"}
COMMAND: POST /session/98e00ad9af735ef01915863a208aaa77/element/f.A56533DF14A1AA9A63544B9B62196BA5.d.29E0F5001844BB5D8818051F81653FBD.e.1194/click - {}
RESULT: {}
COMMAND: GET /session/98e00ad9af735ef01915863a208aaa77/screenshot - {}
RESULT: {}
COMMAND: POST /session/98e00ad9af735ef01915863a208aaa77/elements - {"using":"xpath","value":"//span[text()='Error']"}
RESULT: {"using":"xpath","value":"//span[text()='Error']"}
COMMAND: POST /session/98e00ad9af735ef01915863a208aaa77/execute/async - {"script":"<script> [1562 bytes]","args":[{"selector":{"controlType":"sap.ui.core.Icon","viewName":"etm.portal.ui.managesites.view.Master","viewId":"application-managesites-display-component---masterSite","properties":{"src":{"regex":{"source":"add"}}}},"wdio_ui5_key":"etmportal.ui.managesites.view.Mastersap.ui.core.Icon{\"src\":{\"regex\":{\"source\":\"add\"}}}"}]}
RESULT: {"script":"<script> [1562 bytes]","args":[{"selector":{"controlType":"sap.ui.core.Icon","viewName":"etm.portal.ui.managesites.view.Master","viewId":"application-managesites-display-component---masterSite","properties":{"src":{"regex":{"source":"add"}}}},"wdio_ui5_key":"etmportal.ui.managesites.view.Mastersap.ui.core.Icon{\"src\":{\"regex\":{\"source\":\"add\"}}}"}]}
RESULT: undefined
COMMAND: POST /session/98e00ad9af735ef01915863a208aaa77/element - {"using":"xpath","value":"//*[@id=\"__button4-img\"]"}
RESULT: {"using":"xpath","value":"//*[@id=\"__button4-img\"]"}
COMMAND: POST /session/98e00ad9af735ef01915863a208aaa77/element/f.A56533DF14A1AA9A63544B9B62196BA5.d.29E0F5001844BB5D8818051F81653FBD.e.1242/click - {}
RESULT: {}
COMMAND: POST /session/98e00ad9af735ef01915863a208aaa77/execute/async - {"script":"<script> [1562 bytes]","args":[{"selector":{"id":"application-managesites-display-component---NewSite--siteId","interaction":{"idSuffix":"inner"}},"wdio_ui5_key":"applicationmanagesites-display-component---NewSite--siteId"}]}
COMMAND: GET /session/98e00ad9af735ef01915863a208aaa77/screenshot - {}
RESULT: {"script":"<script> [1562 bytes]","args":[{"selector":{"id":"application-managesites-display-component---NewSite--siteId","interaction":{"idSuffix":"inner"}},"wdio_ui5_key":"applicationmanagesites-display-component---NewSite--siteId"}]}
RESULT: undefined
COMMAND: POST /session/98e00ad9af735ef01915863a208aaa77/execute/async - {"script":"<script> [1562 bytes]","args":[{"selector":{"id":"application-managesites-display-component---NewSite--addressDetailDetailsName1","interaction":{"idSuffix":"inner"}},"wdio_ui5_key":"applicationmanagesites-display-component---NewSite--addressDetailDetailsName1"}]}
RESULT: {}
RESULT: {"script":"<script> [1562 bytes]","args":[{"selector":{"id":"application-managesites-display-component---NewSite--addressDetailDetailsName1","interaction":{"idSuffix":"inner"}},"wdio_ui5_key":"applicationmanagesites-display-component---NewSite--addressDetailDetailsName1"}]}
RESULT: undefined
COMMAND: POST /session/98e00ad9af735ef01915863a208aaa77/execute/async - {"script":"<script> [776 bytes]","args":[{"enterText":"WebdriverSitewb2ln","selector":{"id":"application-managesites-display-component---NewSite--addressDetailDetailsName1","interaction":{"idSuffix":"inner"}},"clearTextFirst":true,"interactionType":"ENTER_TEXT"}]}
RESULT: {"script":"<script> [776 bytes]","args":[{"enterText":"WebdriverSitewb2ln","selector":{"id":"application-managesites-display-component---NewSite--addressDetailDetailsName1","interaction":{"idSuffix":"inner"}},"clearTextFirst":true,"interactionType":"ENTER_TEXT"}]}
COMMAND: POST /session/98e00ad9af735ef01915863a208aaa77/execute/async - {"script":"<script> [1562 bytes]","args":[{"selector":{"id":"application-managesites-display-component---NewSite--addressDetailDetailsLanguage","interaction":{"idSuffix":"inner"}},"wdio_ui5_key":"applicationmanagesites-display-component---NewSite--addressDetailDetailsLanguage"}]}
RESULT: {"script":"<script> [1562 bytes]","args":[{"selector":{"id":"application-managesites-display-component---NewSite--addressDetailDetailsLanguage","interaction":{"idSuffix":"inner"}},"wdio_ui5_key":"applicationmanagesites-display-component---NewSite--addressDetailDetailsLanguage"}]}
RESULT: undefined
COMMAND: POST /session/98e00ad9af735ef01915863a208aaa77/execute/async - {"script":"<script> [776 bytes]","args":[{"enterText":"Romanian","selector":{"id":"application-managesites-display-component---NewSite--addressDetailDetailsLanguage","interaction":{"idSuffix":"inner"}},"clearTextFirst":true,"interactionType":"ENTER_TEXT"}]}
RESULT: {"script":"<script> [776 bytes]","args":[{"enterText":"Romanian","selector":{"id":"application-managesites-display-component---NewSite--addressDetailDetailsLanguage","interaction":{"idSuffix":"inner"}},"clearTextFirst":true,"interactionType":"ENTER_TEXT"}]}
COMMAND: POST /session/98e00ad9af735ef01915863a208aaa77/execute/async - {"script":"<script> [1562 bytes]","args":[{"selector":{"id":"application-managesites-display-component---NewSite--addressDetailDetailsCity1","interaction":{"idSuffix":"inner"}},"wdio_ui5_key":"applicationmanagesites-display-component---NewSite--addressDetailDetailsCity1"}]}
RESULT: {"script":"<script> [1562 bytes]","args":[{"selector":{"id":"application-managesites-display-component---NewSite--addressDetailDetailsCity1","interaction":{"idSuffix":"inner"}},"wdio_ui5_key":"applicationmanagesites-display-component---NewSite--addressDetailDetailsCity1"}]}
RESULT: undefined
COMMAND: POST /session/98e00ad9af735ef01915863a208aaa77/execute/async - {"script":"<script> [776 bytes]","args":[{"enterText":"Bucharest","selector":{"id":"application-managesites-display-component---NewSite--addressDetailDetailsCity1","interaction":{"idSuffix":"inner"}},"clearTextFirst":true,"interactionType":"ENTER_TEXT"}]}
RESULT: {"script":"<script> [776 bytes]","args":[{"enterText":"Bucharest","selector":{"id":"application-managesites-display-component---NewSite--addressDetailDetailsCity1","interaction":{"idSuffix":"inner"}},"clearTextFirst":true,"interactionType":"ENTER_TEXT"}]}
COMMAND: POST /session/98e00ad9af735ef01915863a208aaa77/execute/async - {"script":"<script> [1562 bytes]","args":[{"selector":{"id":"application-managesites-display-component---NewSite--addressDetailDetailsCountry","interaction":{"idSuffix":"inner"}},"wdio_ui5_key":"applicationmanagesites-display-component---NewSite--addressDetailDetailsCountry"}]}
RESULT: {"script":"<script> [1562 bytes]","args":[{"selector":{"id":"application-managesites-display-component---NewSite--addressDetailDetailsCountry","interaction":{"idSuffix":"inner"}},"wdio_ui5_key":"applicationmanagesites-display-component---NewSite--addressDetailDetailsCountry"}]}
RESULT: undefined
COMMAND: POST /session/98e00ad9af735ef01915863a208aaa77/execute/async - {"script":"<script> [776 bytes]","args":[{"enterText":"Romania","selector":{"id":"application-managesites-display-component---NewSite--addressDetailDetailsCountry","interaction":{"idSuffix":"inner"}},"clearTextFirst":true,"interactionType":"ENTER_TEXT"}]}
RESULT: {"script":"<script> [776 bytes]","args":[{"enterText":"Romania","selector":{"id":"application-managesites-display-component---NewSite--addressDetailDetailsCountry","interaction":{"idSuffix":"inner"}},"clearTextFirst":true,"interactionType":"ENTER_TEXT"}]}
COMMAND: POST /session/98e00ad9af735ef01915863a208aaa77/element - {"using":"css selector","value":"#application-managesites-display-component---NewSite--addressDetailDetailsCalendar-inner"}
RESULT: {"using":"css selector","value":"#application-managesites-display-component---NewSite--addressDetailDetailsCalendar-inner"}
COMMAND: POST /session/98e00ad9af735ef01915863a208aaa77/element/f.A56533DF14A1AA9A63544B9B62196BA5.d.29E0F5001844BB5D8818051F81653FBD.e.1424/clear - {}
RESULT: {}
COMMAND: POST /session/98e00ad9af735ef01915863a208aaa77/element/f.A56533DF14A1AA9A63544B9B62196BA5.d.29E0F5001844BB5D8818051F81653FBD.e.1424/value - {"text":"Germany"}
COMMAND: GET /session/98e00ad9af735ef01915863a208aaa77/screenshot - {}
RESULT: {"text":"Germany"}
COMMAND: POST /session/98e00ad9af735ef01915863a208aaa77/execute/async - {"script":"<script> [1562 bytes]","args":[{"selector":{"id":"application-managesites-display-component---NewSite--addressEditDetailsCostObjectCstType-arrow"},"wdio_ui5_key":"applicationmanagesites-display-component---NewSite--addressEditDetailsCostObjectCstType-arrow"}]}
COMMAND: GET /session/98e00ad9af735ef01915863a208aaa77/screenshot - {}
RESULT: {}
RESULT: {"script":"<script> [1562 bytes]","args":[{"selector":{"id":"application-managesites-display-component---NewSite--addressEditDetailsCostObjectCstType-arrow"},"wdio_ui5_key":"applicationmanagesites-display-component---NewSite--addressEditDetailsCostObjectCstType-arrow"}]}
RESULT: undefined
COMMAND: POST /session/98e00ad9af735ef01915863a208aaa77/element - {"using":"xpath","value":"//*[@id=\"application-managesites-display-component---NewSite--addressEditDetailsCostObjectCstType-arrow\"]"}
RESULT: {}
RESULT: {"using":"xpath","value":"//*[@id=\"application-managesites-display-component---NewSite--addressEditDetailsCostObjectCstType-arrow\"]"}
COMMAND: POST /session/98e00ad9af735ef01915863a208aaa77/element/f.A56533DF14A1AA9A63544B9B62196BA5.d.29E0F5001844BB5D8818051F81653FBD.e.1624/click - {}
RESULT: {}
COMMAND: POST /session/98e00ad9af735ef01915863a208aaa77/element - {"using":"xpath","value":"//span[contains(text(), \"Work Breakdown Structure\")]"}
COMMAND: GET /session/98e00ad9af735ef01915863a208aaa77/screenshot - {}
RESULT: {"using":"xpath","value":"//span[contains(text(), \"Work Breakdown Structure\")]"}
COMMAND: POST /session/98e00ad9af735ef01915863a208aaa77/element/f.A56533DF14A1AA9A63544B9B62196BA5.d.29E0F5001844BB5D8818051F81653FBD.e.1625/click - {}
RESULT: {}
RESULT: {}
COMMAND: GET /session/98e00ad9af735ef01915863a208aaa77/screenshot - {}
RESULT: {}
COMMAND: POST /session/98e00ad9af735ef01915863a208aaa77/execute/async - {"script":"<script> [1562 bytes]","args":[{"selector":{"id":"application-managesites-display-component---NewSite--addressNewCostObjectCstID-vhi"},"wdio_ui5_key":"applicationmanagesites-display-component---NewSite--addressNewCostObjectCstID-vhi"}]}
RESULT: {"script":"<script> [1562 bytes]","args":[{"selector":{"id":"application-managesites-display-component---NewSite--addressNewCostObjectCstID-vhi"},"wdio_ui5_key":"applicationmanagesites-display-component---NewSite--addressNewCostObjectCstID-vhi"}]}
RESULT: undefined
COMMAND: POST /session/98e00ad9af735ef01915863a208aaa77/element - {"using":"xpath","value":"//*[@id=\"application-managesites-display-component---NewSite--addressNewCostObjectCstID-vhi\"]"}
RESULT: {"using":"xpath","value":"//*[@id=\"application-managesites-display-component---NewSite--addressNewCostObjectCstID-vhi\"]"}
COMMAND: POST /session/98e00ad9af735ef01915863a208aaa77/element/f.A56533DF14A1AA9A63544B9B62196BA5.d.29E0F5001844BB5D8818051F81653FBD.e.1629/click - {}
RESULT: {}
COMMAND: GET /session/98e00ad9af735ef01915863a208aaa77/screenshot - {}
RESULT: {}
COMMAND: POST /session/98e00ad9af735ef01915863a208aaa77/execute/async - {"script":"<script> [1562 bytes]","args":[{"selector":{"controlType":"sap.m.SearchField","properties":{"placeholder":"Search"},"searchOpenDialogs":true,"interaction":{"idSuffix":"I"}},"wdio_ui5_key":"sapm.SearchField{\"placeholder\":\"Search\"}"}]}
RESULT: {"script":"<script> [1562 bytes]","args":[{"selector":{"controlType":"sap.m.SearchField","properties":{"placeholder":"Search"},"searchOpenDialogs":true,"interaction":{"idSuffix":"I"}},"wdio_ui5_key":"sapm.SearchField{\"placeholder\":\"Search\"}"}]}
RESULT: undefined
COMMAND: POST /session/98e00ad9af735ef01915863a208aaa77/execute/async - {"script":"<script> [776 bytes]","args":[{"enterText":"A1-000100-01","selector":{"controlType":"sap.m.SearchField","properties":{"placeholder":"Search"},"searchOpenDialogs":true,"interaction":{"idSuffix":"I"}},"clearTextFirst":true,"interactionType":"ENTER_TEXT"}]}
RESULT: {"script":"<script> [776 bytes]","args":[{"enterText":"A1-000100-01","selector":{"controlType":"sap.m.SearchField","properties":{"placeholder":"Search"},"searchOpenDialogs":true,"interaction":{"idSuffix":"I"}},"clearTextFirst":true,"interactionType":"ENTER_TEXT"}]}
COMMAND: POST /session/98e00ad9af735ef01915863a208aaa77/actions - {"actions":[{"id":"action3","type":"key","parameters":{},"actions":[{"type":"keyDown","value":"î€‡"},{"type":"pause","duration":10},{"type":"keyUp","value":"î€‡"}]}]}
RESULT: {"actions":[{"id":"action3","type":"key","parameters":{},"actions":[{"type":"keyDown","value":"î€‡"},{"type":"pause","duration":10},{"type":"keyUp","value":"î€‡"}]}]}
COMMAND: GET /session/98e00ad9af735ef01915863a208aaa77/screenshot - {}
RESULT: {}
COMMAND: POST /session/98e00ad9af735ef01915863a208aaa77/element - {"using":"xpath","value":"//span[contains(text(), \"Template for ETO-Process\")]"}
RESULT: {"using":"xpath","value":"//span[contains(text(), \"Template for ETO-Process\")]"}
COMMAND: POST /session/98e00ad9af735ef01915863a208aaa77/element/f.A56533DF14A1AA9A63544B9B62196BA5.d.29E0F5001844BB5D8818051F81653FBD.e.1649/click - {}
RESULT: {}
COMMAND: GET /session/98e00ad9af735ef01915863a208aaa77/screenshot - {}
RESULT: {}
COMMAND: POST /session/98e00ad9af735ef01915863a208aaa77/element - {"using":"xpath","value":"//bdi[contains(text(), \"OK\")]"}
RESULT: {"using":"xpath","value":"//bdi[contains(text(), \"OK\")]"}
COMMAND: POST /session/98e00ad9af735ef01915863a208aaa77/element/f.A56533DF14A1AA9A63544B9B62196BA5.d.29E0F5001844BB5D8818051F81653FBD.e.1650/click - {}
RESULT: {}
COMMAND: GET /session/98e00ad9af735ef01915863a208aaa77/screenshot - {}
RESULT: {}
COMMAND: POST /session/98e00ad9af735ef01915863a208aaa77/element - {"using":"xpath","value":"//input[@id=\"application-managesites-display-component---NewSite--addressDetailDetailsYard-inner\"]"}
RESULT: {"using":"xpath","value":"//input[@id=\"application-managesites-display-component---NewSite--addressDetailDetailsYard-inner\"]"}
COMMAND: POST /session/98e00ad9af735ef01915863a208aaa77/element/f.A56533DF14A1AA9A63544B9B62196BA5.d.29E0F5001844BB5D8818051F81653FBD.e.1425/value - {"text":"WebdriverYarda1otg"}
RESULT: {"text":"WebdriverYarda1otg"}
COMMAND: GET /session/98e00ad9af735ef01915863a208aaa77/screenshot - {}
RESULT: {}
COMMAND: POST /session/98e00ad9af735ef01915863a208aaa77/actions - {"actions":[{"id":"action4","type":"key","parameters":{},"actions":[{"type":"keyDown","value":"î€‡"},{"type":"pause","duration":10},{"type":"keyUp","value":"î€‡"}]}]}
RESULT: {"actions":[{"id":"action4","type":"key","parameters":{},"actions":[{"type":"keyDown","value":"î€‡"},{"type":"pause","duration":10},{"type":"keyUp","value":"î€‡"}]}]}
COMMAND: GET /session/98e00ad9af735ef01915863a208aaa77/screenshot - {}
RESULT: {}
COMMAND: POST /session/98e00ad9af735ef01915863a208aaa77/element - {"using":"xpath","value":"//input[@id=\"application-managesites-display-component---NewSite--addressDetailDetailsPartner-inner\"]"}
RESULT: {"using":"xpath","value":"//input[@id=\"application-managesites-display-component---NewSite--addressDetailDetailsPartner-inner\"]"}
COMMAND: POST /session/98e00ad9af735ef01915863a208aaa77/elements - {"using":"xpath","value":"//input[@id=\"application-managesites-display-component---NewSite--addressDetailDetailsPartner-inner\"]"}
RESULT: {"using":"xpath","value":"//input[@id=\"application-managesites-display-component---NewSite--addressDetailDetailsPartner-inner\"]"}
COMMAND: POST /session/98e00ad9af735ef01915863a208aaa77/execute/async - {"script":"<script> [1562 bytes]","args":[{"selector":{"controlType":"sap.m.Button","viewName":"etm.portal.ui.managesites.view.NewSmartSite","viewId":"application-managesites-display-component---NewSite","properties":{"text":"Commercial"},"interaction":{"idSuffix":"BDI-content"}},"wdio_ui5_key":"etmportal.ui.managesites.view.NewSmartSitesap.m.Button{\"text\":\"Commercial\"}"}]}
RESULT: {"script":"<script> [1562 bytes]","args":[{"selector":{"controlType":"sap.m.Button","viewName":"etm.portal.ui.managesites.view.NewSmartSite","viewId":"application-managesites-display-component---NewSite","properties":{"text":"Commercial"},"interaction":{"idSuffix":"BDI-content"}},"wdio_ui5_key":"etmportal.ui.managesites.view.NewSmartSitesap.m.Button{\"text\":\"Commercial\"}"}]}
RESULT: undefined
COMMAND: POST /session/98e00ad9af735ef01915863a208aaa77/element - {"using":"xpath","value":"//*[@id=\"application-managesites-display-component---NewSite--ObjectPageLayout-anchBar-__section5-anchor\"]"}
RESULT: {"using":"xpath","value":"//*[@id=\"application-managesites-display-component---NewSite--ObjectPageLayout-anchBar-__section5-anchor\"]"}
COMMAND: POST /session/98e00ad9af735ef01915863a208aaa77/element/f.A56533DF14A1AA9A63544B9B62196BA5.d.29E0F5001844BB5D8818051F81653FBD.e.1657/click - {}
RESULT: {}
COMMAND: POST /session/98e00ad9af735ef01915863a208aaa77/execute/async - {"script":"<script> [1562 bytes]","args":[{"selector":{"controlType":"sap.m.Button","viewName":"etm.portal.ui.managesites.view.NewSmartSite","viewId":"application-managesites-display-component---NewSite","i18NText":{"propertyName":"text","key":"save"},"interaction":{"idSuffix":"BDI-content"}},"wdio_ui5_key":"etmportal.ui.managesites.view.NewSmartSitesap.m.Button{\"propertyName\":\"text\",\"key\":\"save\"}"}]}
COMMAND: GET /session/98e00ad9af735ef01915863a208aaa77/screenshot - {}
RESULT: {"script":"<script> [1562 bytes]","args":[{"selector":{"controlType":"sap.m.Button","viewName":"etm.portal.ui.managesites.view.NewSmartSite","viewId":"application-managesites-display-component---NewSite","i18NText":{"propertyName":"text","key":"save"},"interaction":{"idSuffix":"BDI-content"}},"wdio_ui5_key":"etmportal.ui.managesites.view.NewSmartSitesap.m.Button{\"propertyName\":\"text\",\"key\":\"save\"}"}]}
RESULT: undefined
COMMAND: POST /session/98e00ad9af735ef01915863a208aaa77/element - {"using":"xpath","value":"//*[@id=\"__button16\"]"}
RESULT: {}
RESULT: {"using":"xpath","value":"//*[@id=\"__button16\"]"}
COMMAND: POST /session/98e00ad9af735ef01915863a208aaa77/element/f.A56533DF14A1AA9A63544B9B62196BA5.d.29E0F5001844BB5D8818051F81653FBD.e.1603/click - {}
RESULT: {}
COMMAND: GET /session/98e00ad9af735ef01915863a208aaa77/screenshot - {}
RESULT: {}
COMMAND: POST /session/98e00ad9af735ef01915863a208aaa77/execute/async - {"script":"<script> [1562 bytes]","args":[{"selector":{"id":"application-managesites-display-component---detailSite--addressDetailDetailsYardText"},"wdio_ui5_key":"applicationmanagesites-display-component---detailSite--addressDetailDetailsYardText"}]}
RESULT: {"script":"<script> [1562 bytes]","args":[{"selector":{"id":"application-managesites-display-component---detailSite--addressDetailDetailsYardText"},"wdio_ui5_key":"applicationmanagesites-display-component---detailSite--addressDetailDetailsYardText"}]}
RESULT: undefined
COMMAND: POST /session/98e00ad9af735ef01915863a208aaa77/element - {"using":"xpath","value":"//header/div/div[2]/div[2]/span"}
RESULT: {"using":"xpath","value":"//header/div/div[2]/div[2]/span"}
COMMAND: GET /session/98e00ad9af735ef01915863a208aaa77/element/f.A56533DF14A1AA9A63544B9B62196BA5.d.29E0F5001844BB5D8818051F81653FBD.e.1859/text - {}
RESULT: {}
COMMAND: POST /session/98e00ad9af735ef01915863a208aaa77/element - {"using":"xpath","value":"//header/div/div/div/div/div/div[2]/div/span"}
RESULT: {"using":"xpath","value":"//header/div/div/div/div/div/div[2]/div/span"}
COMMAND: GET /session/98e00ad9af735ef01915863a208aaa77/element/f.A56533DF14A1AA9A63544B9B62196BA5.d.29E0F5001844BB5D8818051F81653FBD.e.1860/text - {}
RESULT: {}
COMMAND: POST /session/98e00ad9af735ef01915863a208aaa77/element - {"using":"css selector","value":"#shell-header-logo"}
RESULT: {"using":"css selector","value":"#shell-header-logo"}
COMMAND: POST /session/98e00ad9af735ef01915863a208aaa77/element/f.A56533DF14A1AA9A63544B9B62196BA5.d.29E0F5001844BB5D8818051F81653FBD.e.1196/click - {}
RESULT: {}
COMMAND: GET /session/98e00ad9af735ef01915863a208aaa77/screenshot - {}
RESULT: {}
COMMAND: POST /session/98e00ad9af735ef01915863a208aaa77/execute/async - {"script":"<script> [1562 bytes]","args":[{"selector":{"controlType":"sap.m.GenericTile","properties":{"header":"Manage Partners"}},"wdio_ui5_key":"sapm.GenericTile{\"header\":\"Manage Partners\"}"}]}
RESULT: {"script":"<script> [1562 bytes]","args":[{"selector":{"controlType":"sap.m.GenericTile","properties":{"header":"Manage Partners"}},"wdio_ui5_key":"sapm.GenericTile{\"header\":\"Manage Partners\"}"}]}
RESULT: undefined
COMMAND: POST /session/98e00ad9af735ef01915863a208aaa77/element - {"using":"xpath","value":"//*[@id=\"__tile38\"]"}
RESULT: {"using":"xpath","value":"//*[@id=\"__tile38\"]"}
COMMAND: POST /session/98e00ad9af735ef01915863a208aaa77/element/f.A56533DF14A1AA9A63544B9B62196BA5.d.29E0F5001844BB5D8818051F81653FBD.e.1862/click - {}
RESULT: {}
COMMAND: GET /session/98e00ad9af735ef01915863a208aaa77/screenshot - {}
RESULT: {}
COMMAND: POST /session/98e00ad9af735ef01915863a208aaa77/elements - {"using":"xpath","value":"//span[text()='Error']"}
RESULT: {"using":"xpath","value":"//span[text()='Error']"}
COMMAND: POST /session/98e00ad9af735ef01915863a208aaa77/execute/async - {"script":"<script> [1562 bytes]","args":[{"selector":{"controlType":"sap.ui.core.Icon","viewName":"etm.portal.ui.managepartners.view.Master","viewId":"application-managepartners-display-component---masterPtm","properties":{"src":{"regex":{"source":"add"}}}},"wdio_ui5_key":"etmportal.ui.managepartners.view.Mastersap.ui.core.Icon{\"src\":{\"regex\":{\"source\":\"add\"}}}"}]}
RESULT: {"script":"<script> [1562 bytes]","args":[{"selector":{"controlType":"sap.ui.core.Icon","viewName":"etm.portal.ui.managepartners.view.Master","viewId":"application-managepartners-display-component---masterPtm","properties":{"src":{"regex":{"source":"add"}}}},"wdio_ui5_key":"etmportal.ui.managepartners.view.Mastersap.ui.core.Icon{\"src\":{\"regex\":{\"source\":\"add\"}}}"}]}
RESULT: undefined
COMMAND: POST /session/98e00ad9af735ef01915863a208aaa77/element - {"using":"xpath","value":"//*[@id=\"__button60-img\"]"}
RESULT: {"using":"xpath","value":"//*[@id=\"__button60-img\"]"}
COMMAND: POST /session/98e00ad9af735ef01915863a208aaa77/element/f.A56533DF14A1AA9A63544B9B62196BA5.d.29E0F5001844BB5D8818051F81653FBD.e.1911/click - {}
RESULT: {}
COMMAND: GET /session/98e00ad9af735ef01915863a208aaa77/screenshot - {}
RESULT: {}
COMMAND: POST /session/98e00ad9af735ef01915863a208aaa77/execute/async - {"script":"<script> [1562 bytes]","args":[{"selector":{"id":"application-managepartners-display-component---NewPartner--partnerId","interaction":{"idSuffix":"inner"}},"wdio_ui5_key":"applicationmanagepartners-display-component---NewPartner--partnerId"}]}
RESULT: {"script":"<script> [1562 bytes]","args":[{"selector":{"id":"application-managepartners-display-component---NewPartner--partnerId","interaction":{"idSuffix":"inner"}},"wdio_ui5_key":"applicationmanagepartners-display-component---NewPartner--partnerId"}]}
RESULT: undefined
COMMAND: POST /session/98e00ad9af735ef01915863a208aaa77/execute/async - {"script":"<script> [1562 bytes]","args":[{"selector":{"id":"application-managepartners-display-component---NewPartner--addressDetailDetailsName1","interaction":{"idSuffix":"inner"}},"wdio_ui5_key":"applicationmanagepartners-display-component---NewPartner--addressDetailDetailsName1"}]}
RESULT: {"script":"<script> [1562 bytes]","args":[{"selector":{"id":"application-managepartners-display-component---NewPartner--addressDetailDetailsName1","interaction":{"idSuffix":"inner"}},"wdio_ui5_key":"applicationmanagepartners-display-component---NewPartner--addressDetailDetailsName1"}]}
RESULT: undefined
COMMAND: POST /session/98e00ad9af735ef01915863a208aaa77/execute/async - {"script":"<script> [776 bytes]","args":[{"enterText":"WebdriverPartnerkmaug","selector":{"id":"application-managepartners-display-component---NewPartner--addressDetailDetailsName1","interaction":{"idSuffix":"inner"}},"clearTextFirst":true,"interactionType":"ENTER_TEXT"}]}
RESULT: {"script":"<script> [776 bytes]","args":[{"enterText":"WebdriverPartnerkmaug","selector":{"id":"application-managepartners-display-component---NewPartner--addressDetailDetailsName1","interaction":{"idSuffix":"inner"}},"clearTextFirst":true,"interactionType":"ENTER_TEXT"}]}
COMMAND: POST /session/98e00ad9af735ef01915863a208aaa77/execute/async - {"script":"<script> [1562 bytes]","args":[{"selector":{"id":"application-managepartners-display-component---NewPartner--addressDetailDetailsLanguage","interaction":{"idSuffix":"inner"}},"wdio_ui5_key":"applicationmanagepartners-display-component---NewPartner--addressDetailDetailsLanguage"}]}
RESULT: {"script":"<script> [1562 bytes]","args":[{"selector":{"id":"application-managepartners-display-component---NewPartner--addressDetailDetailsLanguage","interaction":{"idSuffix":"inner"}},"wdio_ui5_key":"applicationmanagepartners-display-component---NewPartner--addressDetailDetailsLanguage"}]}
RESULT: undefined
COMMAND: POST /session/98e00ad9af735ef01915863a208aaa77/execute/async - {"script":"<script> [776 bytes]","args":[{"enterText":"Romanian","selector":{"id":"application-managepartners-display-component---NewPartner--addressDetailDetailsLanguage","interaction":{"idSuffix":"inner"}},"clearTextFirst":true,"interactionType":"ENTER_TEXT"}]}
RESULT: {"script":"<script> [776 bytes]","args":[{"enterText":"Romanian","selector":{"id":"application-managepartners-display-component---NewPartner--addressDetailDetailsLanguage","interaction":{"idSuffix":"inner"}},"clearTextFirst":true,"interactionType":"ENTER_TEXT"}]}
COMMAND: POST /session/98e00ad9af735ef01915863a208aaa77/element - {"using":"xpath","value":"//input[contains(@id ,\"application-managepartners-display-component---NewPartner--addressDetailDetailsName1-inner\")]"}
RESULT: {"using":"xpath","value":"//input[contains(@id ,\"application-managepartners-display-component---NewPartner--addressDetailDetailsName1-inner\")]"}
COMMAND: GET /session/98e00ad9af735ef01915863a208aaa77/element/f.A56533DF14A1AA9A63544B9B62196BA5.d.29E0F5001844BB5D8818051F81653FBD.e.2086/property/value - {}
RESULT: {}
COMMAND: POST /session/98e00ad9af735ef01915863a208aaa77/execute/async - {"script":"<script> [1562 bytes]","args":[{"selector":{"id":"application-managepartners-display-component---NewPartner--addressDetailDetailsCity1","interaction":{"idSuffix":"inner"}},"wdio_ui5_key":"applicationmanagepartners-display-component---NewPartner--addressDetailDetailsCity1"}]}
COMMAND: GET /session/98e00ad9af735ef01915863a208aaa77/screenshot - {}
RESULT: {"script":"<script> [1562 bytes]","args":[{"selector":{"id":"application-managepartners-display-component---NewPartner--addressDetailDetailsCity1","interaction":{"idSuffix":"inner"}},"wdio_ui5_key":"applicationmanagepartners-display-component---NewPartner--addressDetailDetailsCity1"}]}
RESULT: undefined
COMMAND: POST /session/98e00ad9af735ef01915863a208aaa77/execute/async - {"script":"<script> [776 bytes]","args":[{"enterText":"Bucharest","selector":{"id":"application-managepartners-display-component---NewPartner--addressDetailDetailsCity1","interaction":{"idSuffix":"inner"}},"clearTextFirst":true,"interactionType":"ENTER_TEXT"}]}
RESULT: {}
RESULT: {"script":"<script> [776 bytes]","args":[{"enterText":"Bucharest","selector":{"id":"application-managepartners-display-component---NewPartner--addressDetailDetailsCity1","interaction":{"idSuffix":"inner"}},"clearTextFirst":true,"interactionType":"ENTER_TEXT"}]}
COMMAND: POST /session/98e00ad9af735ef01915863a208aaa77/execute/async - {"script":"<script> [1562 bytes]","args":[{"selector":{"id":"application-managepartners-display-component---NewPartner--addressDetailDetailsCountry","interaction":{"idSuffix":"inner"}},"wdio_ui5_key":"applicationmanagepartners-display-component---NewPartner--addressDetailDetailsCountry"}]}
RESULT: {"script":"<script> [1562 bytes]","args":[{"selector":{"id":"application-managepartners-display-component---NewPartner--addressDetailDetailsCountry","interaction":{"idSuffix":"inner"}},"wdio_ui5_key":"applicationmanagepartners-display-component---NewPartner--addressDetailDetailsCountry"}]}
RESULT: undefined
COMMAND: POST /session/98e00ad9af735ef01915863a208aaa77/execute/async - {"script":"<script> [6424 bytes]","args":[{"element-6066-11e4-a52e-4f735466cecf":"f.A56533DF14A1AA9A63544B9B62196BA5.d.29E0F5001844BB5D8818051F81653FBD.e.2093"},"setValue",["Romania"]]}
RESULT: {"script":"<script> [6424 bytes]","args":[{"element-6066-11e4-a52e-4f735466cecf":"f.A56533DF14A1AA9A63544B9B62196BA5.d.29E0F5001844BB5D8818051F81653FBD.e.2093"},"setValue",["Romania"]]}
COMMAND: POST /session/98e00ad9af735ef01915863a208aaa77/execute/async - {"script":"<script> [1562 bytes]","args":[{"selector":{"id":"application-managepartners-display-component---NewPartner--partnerDetailInternal","interaction":{"idSuffix":"inner"}},"wdio_ui5_key":"applicationmanagepartners-display-component---NewPartner--partnerDetailInternal"}]}
RESULT: {"script":"<script> [1562 bytes]","args":[{"selector":{"id":"application-managepartners-display-component---NewPartner--partnerDetailInternal","interaction":{"idSuffix":"inner"}},"wdio_ui5_key":"applicationmanagepartners-display-component---NewPartner--partnerDetailInternal"}]}
RESULT: undefined
COMMAND: POST /session/98e00ad9af735ef01915863a208aaa77/execute/async - {"script":"<script> [776 bytes]","args":[{"enterText":"External partner","selector":{"id":"application-managepartners-display-component---NewPartner--partnerDetailInternal","interaction":{"idSuffix":"inner"}},"clearTextFirst":true,"interactionType":"ENTER_TEXT"}]}
RESULT: {"script":"<script> [776 bytes]","args":[{"enterText":"External partner","selector":{"id":"application-managepartners-display-component---NewPartner--partnerDetailInternal","interaction":{"idSuffix":"inner"}},"clearTextFirst":true,"interactionType":"ENTER_TEXT"}]}
COMMAND: POST /session/98e00ad9af735ef01915863a208aaa77/execute/async - {"script":"<script> [1562 bytes]","args":[{"selector":{"id":"application-managepartners-display-component---NewPartner--partnerDetailsCurrency","interaction":{"idSuffix":"inner"}},"wdio_ui5_key":"applicationmanagepartners-display-component---NewPartner--partnerDetailsCurrency"}]}
RESULT: {"script":"<script> [1562 bytes]","args":[{"selector":{"id":"application-managepartners-display-component---NewPartner--partnerDetailsCurrency","interaction":{"idSuffix":"inner"}},"wdio_ui5_key":"applicationmanagepartners-display-component---NewPartner--partnerDetailsCurrency"}]}
RESULT: undefined
COMMAND: POST /session/98e00ad9af735ef01915863a208aaa77/execute/async - {"script":"<script> [776 bytes]","args":[{"enterText":"Euro","selector":{"id":"application-managepartners-display-component---NewPartner--partnerDetailsCurrency","interaction":{"idSuffix":"inner"}},"clearTextFirst":true,"interactionType":"ENTER_TEXT"}]}
RESULT: {"script":"<script> [776 bytes]","args":[{"enterText":"Euro","selector":{"id":"application-managepartners-display-component---NewPartner--partnerDetailsCurrency","interaction":{"idSuffix":"inner"}},"clearTextFirst":true,"interactionType":"ENTER_TEXT"}]}
COMMAND: POST /session/98e00ad9af735ef01915863a208aaa77/execute/async - {"script":"<script> [1562 bytes]","args":[{"selector":{"controlType":"sap.m.Button","viewName":"etm.portal.ui.managepartners.view.NewPartner","viewId":"application-managepartners-display-component---NewPartner","properties":{"text":"Commercial"},"interaction":{"idSuffix":"BDI-content"}},"wdio_ui5_key":"etmportal.ui.managepartners.view.NewPartnersap.m.Button{\"text\":\"Commercial\"}"}]}
RESULT: {"script":"<script> [1562 bytes]","args":[{"selector":{"controlType":"sap.m.Button","viewName":"etm.portal.ui.managepartners.view.NewPartner","viewId":"application-managepartners-display-component---NewPartner","properties":{"text":"Commercial"},"interaction":{"idSuffix":"BDI-content"}},"wdio_ui5_key":"etmportal.ui.managepartners.view.NewPartnersap.m.Button{\"text\":\"Commercial\"}"}]}
RESULT: undefined
COMMAND: POST /session/98e00ad9af735ef01915863a208aaa77/element - {"using":"xpath","value":"//*[@id=\"application-managepartners-display-component---NewPartner--ObjectPageLayout-anchBar-__section29-anchor\"]"}
RESULT: {"using":"xpath","value":"//*[@id=\"application-managepartners-display-component---NewPartner--ObjectPageLayout-anchBar-__section29-anchor\"]"}
COMMAND: POST /session/98e00ad9af735ef01915863a208aaa77/element/f.A56533DF14A1AA9A63544B9B62196BA5.d.29E0F5001844BB5D8818051F81653FBD.e.2331/click - {}
RESULT: {}
COMMAND: GET /session/98e00ad9af735ef01915863a208aaa77/screenshot - {}
RESULT: {}
COMMAND: POST /session/98e00ad9af735ef01915863a208aaa77/execute/async - {"script":"<script> [1562 bytes]","args":[{"selector":{"id":"application-managepartners-display-component---NewPartner--btnAddTableRow-img"},"wdio_ui5_key":"applicationmanagepartners-display-component---NewPartner--btnAddTableRow-img"}]}
RESULT: {"script":"<script> [1562 bytes]","args":[{"selector":{"id":"application-managepartners-display-component---NewPartner--btnAddTableRow-img"},"wdio_ui5_key":"applicationmanagepartners-display-component---NewPartner--btnAddTableRow-img"}]}
RESULT: undefined
COMMAND: POST /session/98e00ad9af735ef01915863a208aaa77/element - {"using":"xpath","value":"//*[@id=\"application-managepartners-display-component---NewPartner--btnAddTableRow-img\"]"}
RESULT: {"using":"xpath","value":"//*[@id=\"application-managepartners-display-component---NewPartner--btnAddTableRow-img\"]"}
COMMAND: POST /session/98e00ad9af735ef01915863a208aaa77/element/f.A56533DF14A1AA9A63544B9B62196BA5.d.29E0F5001844BB5D8818051F81653FBD.e.2336/click - {}
RESULT: {}
COMMAND: POST /session/98e00ad9af735ef01915863a208aaa77/element - {"using":"xpath","value":"//input[contains(@id ,\"application-managepartners-display-component---NewPartner--assignmentYard-application-managepartners-display-component---NewPartner\")]"}
COMMAND: GET /session/98e00ad9af735ef01915863a208aaa77/screenshot - {}
RESULT: {"using":"xpath","value":"//input[contains(@id ,\"application-managepartners-display-component---NewPartner--assignmentYard-application-managepartners-display-component---NewPartner\")]"}
COMMAND: POST /session/98e00ad9af735ef01915863a208aaa77/element/f.A56533DF14A1AA9A63544B9B62196BA5.d.29E0F5001844BB5D8818051F81653FBD.e.2341/clear - {}
RESULT: {}
RESULT: {}
COMMAND: POST /session/98e00ad9af735ef01915863a208aaa77/element/f.A56533DF14A1AA9A63544B9B62196BA5.d.29E0F5001844BB5D8818051F81653FBD.e.2341/value - {"text":"WebdriverYarda1otg"}
COMMAND: GET /session/98e00ad9af735ef01915863a208aaa77/screenshot - {}
RESULT: {"text":"WebdriverYarda1otg"}
COMMAND: GET /session/98e00ad9af735ef01915863a208aaa77/screenshot - {}
RESULT: {}
RESULT: {}
COMMAND: POST /session/98e00ad9af735ef01915863a208aaa77/execute/async - {"script":"<script> [1562 bytes]","args":[{"selector":{"controlType":"sap.m.Button","viewName":"etm.portal.ui.managepartners.view.NewPartner","viewId":"application-managepartners-display-component---NewPartner","i18NText":{"propertyName":"text","key":"save"},"interaction":{"idSuffix":"BDI-content"}},"wdio_ui5_key":"etmportal.ui.managepartners.view.NewPartnersap.m.Button{\"propertyName\":\"text\",\"key\":\"save\"}"}]}
RESULT: {"script":"<script> [1562 bytes]","args":[{"selector":{"controlType":"sap.m.Button","viewName":"etm.portal.ui.managepartners.view.NewPartner","viewId":"application-managepartners-display-component---NewPartner","i18NText":{"propertyName":"text","key":"save"},"interaction":{"idSuffix":"BDI-content"}},"wdio_ui5_key":"etmportal.ui.managepartners.view.NewPartnersap.m.Button{\"propertyName\":\"text\",\"key\":\"save\"}"}]}
RESULT: undefined
COMMAND: POST /session/98e00ad9af735ef01915863a208aaa77/element - {"using":"xpath","value":"//*[@id=\"__button68\"]"}
RESULT: {"using":"xpath","value":"//*[@id=\"__button68\"]"}
COMMAND: POST /session/98e00ad9af735ef01915863a208aaa77/element/f.A56533DF14A1AA9A63544B9B62196BA5.d.29E0F5001844BB5D8818051F81653FBD.e.2310/click - {}
RESULT: {}
COMMAND: GET /session/98e00ad9af735ef01915863a208aaa77/screenshot - {}
RESULT: {}
COMMAND: POST /session/98e00ad9af735ef01915863a208aaa77/element - {"using":"xpath","value":"//header/div/div[2]/div[2]/span"}
RESULT: {"using":"xpath","value":"//header/div/div[2]/div[2]/span"}
COMMAND: GET /session/98e00ad9af735ef01915863a208aaa77/element/f.A56533DF14A1AA9A63544B9B62196BA5.d.29E0F5001844BB5D8818051F81653FBD.e.2510/text - {}
RESULT: {}
COMMAND: POST /session/98e00ad9af735ef01915863a208aaa77/element - {"using":"xpath","value":"//header/div/div/div/div/div/div[2]/div/span"}
RESULT: {"using":"xpath","value":"//header/div/div/div/div/div/div[2]/div/span"}
COMMAND: GET /session/98e00ad9af735ef01915863a208aaa77/element/f.A56533DF14A1AA9A63544B9B62196BA5.d.29E0F5001844BB5D8818051F81653FBD.e.2511/text - {}
RESULT: {}
COMMAND: POST /session/98e00ad9af735ef01915863a208aaa77/execute/async - {"script":"<script> [1562 bytes]","args":[{"selector":{"id":"application-managepartners-display-component---detailPtm--partnerType"},"wdio_ui5_key":"applicationmanagepartners-display-component---detailPtm--partnerType"}]}
RESULT: {"script":"<script> [1562 bytes]","args":[{"selector":{"id":"application-managepartners-display-component---detailPtm--partnerType"},"wdio_ui5_key":"applicationmanagepartners-display-component---detailPtm--partnerType"}]}
RESULT: undefined
COMMAND: POST /session/98e00ad9af735ef01915863a208aaa77/execute/async - {"script":"<script> [6424 bytes]","args":[{"element-6066-11e4-a52e-4f735466cecf":"f.A56533DF14A1AA9A63544B9B62196BA5.d.29E0F5001844BB5D8818051F81653FBD.e.2512"},"getText",[]]}
RESULT: {"script":"<script> [6424 bytes]","args":[{"element-6066-11e4-a52e-4f735466cecf":"f.A56533DF14A1AA9A63544B9B62196BA5.d.29E0F5001844BB5D8818051F81653FBD.e.2512"},"getText",[]]}
COMMAND: POST /session/98e00ad9af735ef01915863a208aaa77/element - {"using":"css selector","value":"#shell-header-logo"}
RESULT: {"using":"css selector","value":"#shell-header-logo"}
COMMAND: POST /session/98e00ad9af735ef01915863a208aaa77/element/f.A56533DF14A1AA9A63544B9B62196BA5.d.29E0F5001844BB5D8818051F81653FBD.e.1864/click - {}
RESULT: {}
COMMAND: GET /session/98e00ad9af735ef01915863a208aaa77/screenshot - {}
RESULT: {}
]]></system-out>
    </testcase>
    <testcase classname="chrome.136_0_7103_93.windows.Webshop_-_Hyperlinks_visible_and_working_properly__US139085" name="Should create a new contract" time="99.012">
      <system-out><![CDATA[
COMMAND: POST /session/98e00ad9af735ef01915863a208aaa77/execute/async - {"script":"<script> [1562 bytes]","args":[{"selector":{"controlType":"sap.m.GenericTile","properties":{"header":"Manage Contracts"}},"wdio_ui5_key":"sapm.GenericTile{\"header\":\"Manage Contracts\"}"}]}
RESULT: {"script":"<script> [1562 bytes]","args":[{"selector":{"controlType":"sap.m.GenericTile","properties":{"header":"Manage Contracts"}},"wdio_ui5_key":"sapm.GenericTile{\"header\":\"Manage Contracts\"}"}]}
RESULT: undefined
COMMAND: POST /session/98e00ad9af735ef01915863a208aaa77/element - {"using":"xpath","value":"//*[@id=\"__tile130\"]"}
RESULT: {"using":"xpath","value":"//*[@id=\"__tile130\"]"}
COMMAND: POST /session/98e00ad9af735ef01915863a208aaa77/element/f.A56533DF14A1AA9A63544B9B62196BA5.d.29E0F5001844BB5D8818051F81653FBD.e.2514/click - {}
RESULT: {}
COMMAND: GET /session/98e00ad9af735ef01915863a208aaa77/screenshot - {}
RESULT: {}
COMMAND: POST /session/98e00ad9af735ef01915863a208aaa77/elements - {"using":"xpath","value":"//span[text()='Error']"}
RESULT: {"using":"xpath","value":"//span[text()='Error']"}
COMMAND: POST /session/98e00ad9af735ef01915863a208aaa77/element - {"using":"xpath","value":"//button[@data-kt=\"addButton\"]"}
RESULT: {"using":"xpath","value":"//button[@data-kt=\"addButton\"]"}
COMMAND: POST /session/98e00ad9af735ef01915863a208aaa77/element/f.A56533DF14A1AA9A63544B9B62196BA5.d.29E0F5001844BB5D8818051F81653FBD.e.2566/click - {}
RESULT: {}
COMMAND: GET /session/98e00ad9af735ef01915863a208aaa77/screenshot - {}
RESULT: {}
COMMAND: POST /session/98e00ad9af735ef01915863a208aaa77/execute/async - {"script":"<script> [1562 bytes]","args":[{"selector":{"id":"application-managecontracts-display-component---AddNewContract--projectDescription","interaction":{"idSuffix":"inner"}},"wdio_ui5_key":"applicationmanagecontracts-display-component---AddNewContract--projectDescription"}]}
RESULT: {"script":"<script> [1562 bytes]","args":[{"selector":{"id":"application-managecontracts-display-component---AddNewContract--projectDescription","interaction":{"idSuffix":"inner"}},"wdio_ui5_key":"applicationmanagecontracts-display-component---AddNewContract--projectDescription"}]}
RESULT: undefined
COMMAND: POST /session/98e00ad9af735ef01915863a208aaa77/execute/async - {"script":"<script> [776 bytes]","args":[{"enterText":"WdIOTestujupo","selector":{"id":"application-managecontracts-display-component---AddNewContract--projectDescription","interaction":{"idSuffix":"inner"}},"clearTextFirst":true,"interactionType":"ENTER_TEXT"}]}
RESULT: {"script":"<script> [776 bytes]","args":[{"enterText":"WdIOTestujupo","selector":{"id":"application-managecontracts-display-component---AddNewContract--projectDescription","interaction":{"idSuffix":"inner"}},"clearTextFirst":true,"interactionType":"ENTER_TEXT"}]}
COMMAND: POST /session/98e00ad9af735ef01915863a208aaa77/element - {"using":"xpath","value":"//input[@id=\"application-managecontracts-display-component---AddNewContract--yardId-inner\"]"}
RESULT: {"using":"xpath","value":"//input[@id=\"application-managecontracts-display-component---AddNewContract--yardId-inner\"]"}
COMMAND: POST /session/98e00ad9af735ef01915863a208aaa77/element/f.A56533DF14A1AA9A63544B9B62196BA5.d.29E0F5001844BB5D8818051F81653FBD.e.2827/clear - {}
RESULT: {}
COMMAND: POST /session/98e00ad9af735ef01915863a208aaa77/element/f.A56533DF14A1AA9A63544B9B62196BA5.d.29E0F5001844BB5D8818051F81653FBD.e.2827/value - {"text":"WebdriverYarda1otg"}
COMMAND: GET /session/98e00ad9af735ef01915863a208aaa77/screenshot - {}
RESULT: {"text":"WebdriverYarda1otg"}
COMMAND: GET /session/98e00ad9af735ef01915863a208aaa77/screenshot - {}
RESULT: {}
RESULT: {}
COMMAND: POST /session/98e00ad9af735ef01915863a208aaa77/actions - {"actions":[{"id":"action5","type":"key","parameters":{},"actions":[{"type":"keyDown","value":"î€‡"},{"type":"pause","duration":10},{"type":"keyUp","value":"î€‡"}]}]}
RESULT: {"actions":[{"id":"action5","type":"key","parameters":{},"actions":[{"type":"keyDown","value":"î€‡"},{"type":"pause","duration":10},{"type":"keyUp","value":"î€‡"}]}]}
COMMAND: GET /session/98e00ad9af735ef01915863a208aaa77/screenshot - {}
RESULT: {}
COMMAND: POST /session/98e00ad9af735ef01915863a208aaa77/element - {"using":"xpath","value":"//input[@id=\"application-managecontracts-display-component---AddNewContract--customerSelect-inner\"]"}
RESULT: {"using":"xpath","value":"//input[@id=\"application-managecontracts-display-component---AddNewContract--customerSelect-inner\"]"}
COMMAND: POST /session/98e00ad9af735ef01915863a208aaa77/element/f.A56533DF14A1AA9A63544B9B62196BA5.d.29E0F5001844BB5D8818051F81653FBD.e.2825/clear - {}
RESULT: {}
COMMAND: POST /session/98e00ad9af735ef01915863a208aaa77/element/f.A56533DF14A1AA9A63544B9B62196BA5.d.29E0F5001844BB5D8818051F81653FBD.e.2825/value - {"text":"WebdriverPartnerkmaug"}
COMMAND: GET /session/98e00ad9af735ef01915863a208aaa77/screenshot - {}
RESULT: {"text":"WebdriverPartnerkmaug"}
COMMAND: GET /session/98e00ad9af735ef01915863a208aaa77/screenshot - {}
RESULT: {}
RESULT: {}
COMMAND: POST /session/98e00ad9af735ef01915863a208aaa77/actions - {"actions":[{"id":"action6","type":"key","parameters":{},"actions":[{"type":"keyDown","value":"î€‡"},{"type":"pause","duration":10},{"type":"keyUp","value":"î€‡"}]}]}
RESULT: {"actions":[{"id":"action6","type":"key","parameters":{},"actions":[{"type":"keyDown","value":"î€‡"},{"type":"pause","duration":10},{"type":"keyUp","value":"î€‡"}]}]}
COMMAND: GET /session/98e00ad9af735ef01915863a208aaa77/screenshot - {}
RESULT: {}
COMMAND: POST /session/98e00ad9af735ef01915863a208aaa77/element - {"using":"xpath","value":"//input[@id=\"application-managecontracts-display-component---AddNewContract--site-inner\"]"}
RESULT: {"using":"xpath","value":"//input[@id=\"application-managecontracts-display-component---AddNewContract--site-inner\"]"}
COMMAND: POST /session/98e00ad9af735ef01915863a208aaa77/element/f.A56533DF14A1AA9A63544B9B62196BA5.d.29E0F5001844BB5D8818051F81653FBD.e.2826/clear - {}
RESULT: {}
COMMAND: POST /session/98e00ad9af735ef01915863a208aaa77/element/f.A56533DF14A1AA9A63544B9B62196BA5.d.29E0F5001844BB5D8818051F81653FBD.e.2826/value - {"text":"WebdriverSitewb2ln"}
COMMAND: GET /session/98e00ad9af735ef01915863a208aaa77/screenshot - {}
RESULT: {"text":"WebdriverSitewb2ln"}
COMMAND: GET /session/98e00ad9af735ef01915863a208aaa77/screenshot - {}
RESULT: {}
RESULT: {}
COMMAND: POST /session/98e00ad9af735ef01915863a208aaa77/actions - {"actions":[{"id":"action7","type":"key","parameters":{},"actions":[{"type":"keyDown","value":"î€‡"},{"type":"pause","duration":10},{"type":"keyUp","value":"î€‡"}]}]}
RESULT: {"actions":[{"id":"action7","type":"key","parameters":{},"actions":[{"type":"keyDown","value":"î€‡"},{"type":"pause","duration":10},{"type":"keyUp","value":"î€‡"}]}]}
COMMAND: GET /session/98e00ad9af735ef01915863a208aaa77/screenshot - {}
RESULT: {}
COMMAND: POST /session/98e00ad9af735ef01915863a208aaa77/element - {"using":"xpath","value":"//button[@data-kt=\"saveButton\"]"}
RESULT: {"using":"xpath","value":"//button[@data-kt=\"saveButton\"]"}
COMMAND: POST /session/98e00ad9af735ef01915863a208aaa77/element/f.A56533DF14A1AA9A63544B9B62196BA5.d.29E0F5001844BB5D8818051F81653FBD.e.2903/click - {}
RESULT: {}
COMMAND: GET /session/98e00ad9af735ef01915863a208aaa77/screenshot - {}
RESULT: {}
COMMAND: POST /session/98e00ad9af735ef01915863a208aaa77/execute/async - {"script":"<script> [1562 bytes]","args":[{"selector":{"id":"contractDetailTitleNoExpanded","viewName":"etm.portal.ui.managecontracts.view.Detail"},"wdio_ui5_key":"contractDetailTitleNoExpandedetmportal.ui.managecontracts.view.Detail"}]}
RESULT: {"script":"<script> [1562 bytes]","args":[{"selector":{"id":"contractDetailTitleNoExpanded","viewName":"etm.portal.ui.managecontracts.view.Detail"},"wdio_ui5_key":"contractDetailTitleNoExpandedetmportal.ui.managecontracts.view.Detail"}]}
RESULT: undefined
COMMAND: POST /session/98e00ad9af735ef01915863a208aaa77/execute/async - {"script":"<script> [6424 bytes]","args":[{"element-6066-11e4-a52e-4f735466cecf":"f.A56533DF14A1AA9A63544B9B62196BA5.d.29E0F5001844BB5D8818051F81653FBD.e.2983"},"getText",[]]}
RESULT: {"script":"<script> [6424 bytes]","args":[{"element-6066-11e4-a52e-4f735466cecf":"f.A56533DF14A1AA9A63544B9B62196BA5.d.29E0F5001844BB5D8818051F81653FBD.e.2983"},"getText",[]]}
COMMAND: POST /session/98e00ad9af735ef01915863a208aaa77/element - {"using":"css selector","value":"#shell-header-logo"}
RESULT: {"using":"css selector","value":"#shell-header-logo"}
COMMAND: POST /session/98e00ad9af735ef01915863a208aaa77/element/f.A56533DF14A1AA9A63544B9B62196BA5.d.29E0F5001844BB5D8818051F81653FBD.e.2516/click - {}
RESULT: {}
COMMAND: GET /session/98e00ad9af735ef01915863a208aaa77/screenshot - {}
RESULT: {}
]]></system-out>
    </testcase>
    <testcase classname="chrome.136_0_7103_93.windows.Webshop_-_Hyperlinks_visible_and_working_properly__US139085" name="Should create a new webshop request and verify yard hyperlinks" time="221.649">
      <system-out><![CDATA[
COMMAND: POST /session/98e00ad9af735ef01915863a208aaa77/execute/async - {"script":"<script> [1562 bytes]","args":[{"selector":{"controlType":"sap.m.GenericTile","properties":{"header":"Webshop"}},"wdio_ui5_key":"sapm.GenericTile{\"header\":\"Webshop\"}"}]}
RESULT: {"script":"<script> [1562 bytes]","args":[{"selector":{"controlType":"sap.m.GenericTile","properties":{"header":"Webshop"}},"wdio_ui5_key":"sapm.GenericTile{\"header\":\"Webshop\"}"}]}
RESULT: undefined
COMMAND: POST /session/98e00ad9af735ef01915863a208aaa77/element - {"using":"xpath","value":"//*[@id=\"__tile49\"]"}
RESULT: {"using":"xpath","value":"//*[@id=\"__tile49\"]"}
COMMAND: POST /session/98e00ad9af735ef01915863a208aaa77/element/f.A56533DF14A1AA9A63544B9B62196BA5.d.29E0F5001844BB5D8818051F81653FBD.e.2986/click - {}
RESULT: {}
COMMAND: GET /session/98e00ad9af735ef01915863a208aaa77/screenshot - {}
RESULT: {}
COMMAND: POST /session/98e00ad9af735ef01915863a208aaa77/elements - {"using":"xpath","value":"//span[text()='Error']"}
RESULT: {"using":"xpath","value":"//span[text()='Error']"}
COMMAND: POST /session/98e00ad9af735ef01915863a208aaa77/element - {"using":"css selector","value":"#requestCreationDialog--createRequestPopUp-title-inner"}
RESULT: {"using":"css selector","value":"#requestCreationDialog--createRequestPopUp-title-inner"}
COMMAND: POST /session/98e00ad9af735ef01915863a208aaa77/execute/sync - {"script":"<script> [8489 bytes]","args":[{"element-6066-11e4-a52e-4f735466cecf":"f.A56533DF14A1AA9A63544B9B62196BA5.d.29E0F5001844BB5D8818051F81653FBD.e.3013","ELEMENT":"f.A56533DF14A1AA9A63544B9B62196BA5.d.29E0F5001844BB5D8818051F81653FBD.e.3013"}]}
RESULT: {"script":"<script> [8489 bytes]","args":[{"element-6066-11e4-a52e-4f735466cecf":"f.A56533DF14A1AA9A63544B9B62196BA5.d.29E0F5001844BB5D8818051F81653FBD.e.3013","ELEMENT":"f.A56533DF14A1AA9A63544B9B62196BA5.d.29E0F5001844BB5D8818051F81653FBD.e.3013"}]}
COMMAND: GET /session/98e00ad9af735ef01915863a208aaa77/element/f.A56533DF14A1AA9A63544B9B62196BA5.d.29E0F5001844BB5D8818051F81653FBD.e.3013/enabled - {}
COMMAND: GET /session/98e00ad9af735ef01915863a208aaa77/screenshot - {}
RESULT: {}
COMMAND: POST /session/98e00ad9af735ef01915863a208aaa77/execute/async - {"script":"<script> [1562 bytes]","args":[{"selector":{"id":"requestCreationDialog--requestName","searchOpenDialogs":true,"interaction":{"idSuffix":"inner"}},"wdio_ui5_key":"requestCreationDialogrequestName"}]}
COMMAND: GET /session/98e00ad9af735ef01915863a208aaa77/screenshot - {}
RESULT: {}
RESULT: {"script":"<script> [1562 bytes]","args":[{"selector":{"id":"requestCreationDialog--requestName","searchOpenDialogs":true,"interaction":{"idSuffix":"inner"}},"wdio_ui5_key":"requestCreationDialogrequestName"}]}
RESULT: undefined
COMMAND: POST /session/98e00ad9af735ef01915863a208aaa77/execute/async - {"script":"<script> [776 bytes]","args":[{"enterText":"WebdriverTest","selector":{"id":"requestCreationDialog--requestName","searchOpenDialogs":true,"interaction":{"idSuffix":"inner"}},"clearTextFirst":true,"interactionType":"ENTER_TEXT"}]}
RESULT: {}
RESULT: {"script":"<script> [776 bytes]","args":[{"enterText":"WebdriverTest","selector":{"id":"requestCreationDialog--requestName","searchOpenDialogs":true,"interaction":{"idSuffix":"inner"}},"clearTextFirst":true,"interactionType":"ENTER_TEXT"}]}
COMMAND: POST /session/98e00ad9af735ef01915863a208aaa77/element - {"using":"xpath","value":"//input[contains(@id ,\"requestCreationDialog--contract-inner\")]"}
RESULT: {"using":"xpath","value":"//input[contains(@id ,\"requestCreationDialog--contract-inner\")]"}
COMMAND: POST /session/98e00ad9af735ef01915863a208aaa77/element/f.A56533DF14A1AA9A63544B9B62196BA5.d.29E0F5001844BB5D8818051F81653FBD.e.2998/clear - {}
RESULT: {}
COMMAND: POST /session/98e00ad9af735ef01915863a208aaa77/element/f.A56533DF14A1AA9A63544B9B62196BA5.d.29E0F5001844BB5D8818051F81653FBD.e.2998/value - {"text":"10448"}
COMMAND: GET /session/98e00ad9af735ef01915863a208aaa77/screenshot - {}
RESULT: {"text":"10448"}
COMMAND: GET /session/98e00ad9af735ef01915863a208aaa77/screenshot - {}
RESULT: {}
RESULT: {}
COMMAND: POST /session/98e00ad9af735ef01915863a208aaa77/actions - {"actions":[{"id":"action8","type":"key","parameters":{},"actions":[{"type":"keyDown","value":"î€‡"},{"type":"pause","duration":10},{"type":"keyUp","value":"î€‡"}]}]}
RESULT: {"actions":[{"id":"action8","type":"key","parameters":{},"actions":[{"type":"keyDown","value":"î€‡"},{"type":"pause","duration":10},{"type":"keyUp","value":"î€‡"}]}]}
COMMAND: GET /session/98e00ad9af735ef01915863a208aaa77/screenshot - {}
RESULT: {}
COMMAND: POST /session/98e00ad9af735ef01915863a208aaa77/element - {"using":"xpath","value":"//input[contains(@id ,\"requestCreationDialog--contract-inner\")]"}
RESULT: {"using":"xpath","value":"//input[contains(@id ,\"requestCreationDialog--contract-inner\")]"}
COMMAND: GET /session/98e00ad9af735ef01915863a208aaa77/element/f.A56533DF14A1AA9A63544B9B62196BA5.d.29E0F5001844BB5D8818051F81653FBD.e.2998/property/value - {}
RESULT: {}
COMMAND: POST /session/98e00ad9af735ef01915863a208aaa77/element - {"using":"xpath","value":"//input[contains(@id ,\"requestCreationDialog--contract-inner\")]"}
COMMAND: GET /session/98e00ad9af735ef01915863a208aaa77/screenshot - {}
RESULT: {"using":"xpath","value":"//input[contains(@id ,\"requestCreationDialog--contract-inner\")]"}
COMMAND: POST /session/98e00ad9af735ef01915863a208aaa77/execute/async - {"script":"<script> [1562 bytes]","args":[{"selector":{"id":"requestCreationDialog--okButton","searchOpenDialogs":true,"interaction":{"idSuffix":"BDI-content"}},"wdio_ui5_key":"requestCreationDialogokButton"}]}
RESULT: {}
RESULT: {"script":"<script> [1562 bytes]","args":[{"selector":{"id":"requestCreationDialog--okButton","searchOpenDialogs":true,"interaction":{"idSuffix":"BDI-content"}},"wdio_ui5_key":"requestCreationDialogokButton"}]}
RESULT: undefined
COMMAND: POST /session/98e00ad9af735ef01915863a208aaa77/element - {"using":"xpath","value":"//*[@id=\"requestCreationDialog--okButton\"]"}
RESULT: {"using":"xpath","value":"//*[@id=\"requestCreationDialog--okButton\"]"}
COMMAND: POST /session/98e00ad9af735ef01915863a208aaa77/element/f.A56533DF14A1AA9A63544B9B62196BA5.d.29E0F5001844BB5D8818051F81653FBD.e.3021/click - {}
RESULT: {}
COMMAND: GET /session/98e00ad9af735ef01915863a208aaa77/screenshot - {}
RESULT: {}
COMMAND: POST /session/98e00ad9af735ef01915863a208aaa77/element - {"using":"xpath","value":"//input[contains(@id ,\"searchFiledId-I\")]"}
RESULT: {"using":"xpath","value":"//input[contains(@id ,\"searchFiledId-I\")]"}
COMMAND: POST /session/98e00ad9af735ef01915863a208aaa77/element/f.A56533DF14A1AA9A63544B9B62196BA5.d.29E0F5001844BB5D8818051F81653FBD.e.2991/value - {"text":"Dri-Prime CD150M Diesel Pump"}
RESULT: {"text":"Dri-Prime CD150M Diesel Pump"}
COMMAND: POST /session/98e00ad9af735ef01915863a208aaa77/actions - {"actions":[{"id":"action9","type":"key","parameters":{},"actions":[{"type":"keyDown","value":"î€‡"},{"type":"pause","duration":10},{"type":"keyUp","value":"î€‡"}]}]}
COMMAND: GET /session/98e00ad9af735ef01915863a208aaa77/screenshot - {}
RESULT: {"actions":[{"id":"action9","type":"key","parameters":{},"actions":[{"type":"keyDown","value":"î€‡"},{"type":"pause","duration":10},{"type":"keyUp","value":"î€‡"}]}]}
COMMAND: GET /session/98e00ad9af735ef01915863a208aaa77/screenshot - {}
RESULT: {}
RESULT: {}
COMMAND: POST /session/98e00ad9af735ef01915863a208aaa77/element - {"using":"xpath","value":"//span[contains(@id ,\"subTitle\")][contains(text(), \"Dri-Prime CD150M Diesel Pump\")]"}
RESULT: {"using":"xpath","value":"//span[contains(@id ,\"subTitle\")][contains(text(), \"Dri-Prime CD150M Diesel Pump\")]"}
COMMAND: POST /session/98e00ad9af735ef01915863a208aaa77/element/f.A56533DF14A1AA9A63544B9B62196BA5.d.29E0F5001844BB5D8818051F81653FBD.e.3028/click - {}
RESULT: {}
COMMAND: GET /session/98e00ad9af735ef01915863a208aaa77/screenshot - {}
RESULT: {}
COMMAND: POST /session/98e00ad9af735ef01915863a208aaa77/execute/async - {"script":"<script> [1562 bytes]","args":[{"selector":{"controlType":"sap.m.Button","viewName":"etm.portal.ui.webshop.view.Homepage","i18NText":{"propertyName":"text","key":"addToRequest"},"interaction":{"idSuffix":"BDI-content"}},"wdio_ui5_key":"etmportal.ui.webshop.view.Homepagesap.m.Button{\"propertyName\":\"text\",\"key\":\"addToRequest\"}"}]}
RESULT: {"script":"<script> [1562 bytes]","args":[{"selector":{"controlType":"sap.m.Button","viewName":"etm.portal.ui.webshop.view.Homepage","i18NText":{"propertyName":"text","key":"addToRequest"},"interaction":{"idSuffix":"BDI-content"}},"wdio_ui5_key":"etmportal.ui.webshop.view.Homepagesap.m.Button{\"propertyName\":\"text\",\"key\":\"addToRequest\"}"}]}
RESULT: undefined
COMMAND: POST /session/98e00ad9af735ef01915863a208aaa77/element - {"using":"xpath","value":"//*[@id=\"__button134\"]"}
RESULT: {"using":"xpath","value":"//*[@id=\"__button134\"]"}
COMMAND: POST /session/98e00ad9af735ef01915863a208aaa77/element/f.A56533DF14A1AA9A63544B9B62196BA5.d.29E0F5001844BB5D8818051F81653FBD.e.3044/click - {}
RESULT: {}
COMMAND: GET /session/98e00ad9af735ef01915863a208aaa77/screenshot - {}
RESULT: {}
COMMAND: POST /session/98e00ad9af735ef01915863a208aaa77/element - {"using":"xpath","value":"//*[contains(@id ,\"activeCartId-BDI-content\")]"}
RESULT: {"using":"xpath","value":"//*[contains(@id ,\"activeCartId-BDI-content\")]"}
COMMAND: POST /session/98e00ad9af735ef01915863a208aaa77/element/f.A56533DF14A1AA9A63544B9B62196BA5.d.29E0F5001844BB5D8818051F81653FBD.e.3050/click - {}
RESULT: {}
COMMAND: GET /session/98e00ad9af735ef01915863a208aaa77/screenshot - {}
RESULT: {}
COMMAND: POST /session/98e00ad9af735ef01915863a208aaa77/element - {"using":"xpath","value":"//bdi[contains(text(), \"Check out my request\")]"}
RESULT: {"using":"xpath","value":"//bdi[contains(text(), \"Check out my request\")]"}
COMMAND: POST /session/98e00ad9af735ef01915863a208aaa77/element/f.A56533DF14A1AA9A63544B9B62196BA5.d.29E0F5001844BB5D8818051F81653FBD.e.3052/click - {}
RESULT: {}
COMMAND: GET /session/98e00ad9af735ef01915863a208aaa77/screenshot - {}
RESULT: {}
COMMAND: POST /session/98e00ad9af735ef01915863a208aaa77/element - {"using":"xpath","value":"//*[contains(@data-kt ,\"webshopDetailYardLink\")]"}
RESULT: {"using":"xpath","value":"//*[contains(@data-kt ,\"webshopDetailYardLink\")]"}
COMMAND: POST /session/98e00ad9af735ef01915863a208aaa77/element/f.A56533DF14A1AA9A63544B9B62196BA5.d.29E0F5001844BB5D8818051F81653FBD.e.3105/click - {}
RESULT: {}
COMMAND: POST /session/98e00ad9af735ef01915863a208aaa77/element - {"using":"xpath","value":"//*[contains(@data-kt ,\"ContextMenuId2Link\")][contains(text(), \"Yard Overview\")]"}
COMMAND: GET /session/98e00ad9af735ef01915863a208aaa77/screenshot - {}
RESULT: {"using":"xpath","value":"//*[contains(@data-kt ,\"ContextMenuId2Link\")][contains(text(), \"Yard Overview\")]"}
COMMAND: POST /session/98e00ad9af735ef01915863a208aaa77/execute/sync - {"script":"<script> [8489 bytes]","args":[{"element-6066-11e4-a52e-4f735466cecf":"f.A56533DF14A1AA9A63544B9B62196BA5.d.29E0F5001844BB5D8818051F81653FBD.e.3108","ELEMENT":"f.A56533DF14A1AA9A63544B9B62196BA5.d.29E0F5001844BB5D8818051F81653FBD.e.3108"}]}
COMMAND: POST /session/98e00ad9af735ef01915863a208aaa77/element - {"using":"xpath","value":"//*[contains(@data-kt ,\"ContextMenuId3Link\")][contains(text(), \"Yard Main Address\")]"}
RESULT: {}
RESULT: {"using":"xpath","value":"//*[contains(@data-kt ,\"ContextMenuId3Link\")][contains(text(), \"Yard Main Address\")]"}
COMMAND: POST /session/98e00ad9af735ef01915863a208aaa77/execute/sync - {"script":"<script> [8489 bytes]","args":[{"element-6066-11e4-a52e-4f735466cecf":"f.A56533DF14A1AA9A63544B9B62196BA5.d.29E0F5001844BB5D8818051F81653FBD.e.3109","ELEMENT":"f.A56533DF14A1AA9A63544B9B62196BA5.d.29E0F5001844BB5D8818051F81653FBD.e.3109"}]}
COMMAND: POST /session/98e00ad9af735ef01915863a208aaa77/element - {"using":"xpath","value":"//*[contains(@data-kt ,\"ContextMenuId2Link\")][contains(text(), \"Yard Overview\")]"}
RESULT: {"script":"<script> [8489 bytes]","args":[{"element-6066-11e4-a52e-4f735466cecf":"f.A56533DF14A1AA9A63544B9B62196BA5.d.29E0F5001844BB5D8818051F81653FBD.e.3108","ELEMENT":"f.A56533DF14A1AA9A63544B9B62196BA5.d.29E0F5001844BB5D8818051F81653FBD.e.3108"}]}
COMMAND: GET /session/98e00ad9af735ef01915863a208aaa77/screenshot - {}
RESULT: {"script":"<script> [8489 bytes]","args":[{"element-6066-11e4-a52e-4f735466cecf":"f.A56533DF14A1AA9A63544B9B62196BA5.d.29E0F5001844BB5D8818051F81653FBD.e.3109","ELEMENT":"f.A56533DF14A1AA9A63544B9B62196BA5.d.29E0F5001844BB5D8818051F81653FBD.e.3109"}]}
COMMAND: GET /session/98e00ad9af735ef01915863a208aaa77/screenshot - {}
RESULT: {"using":"xpath","value":"//*[contains(@data-kt ,\"ContextMenuId2Link\")][contains(text(), \"Yard Overview\")]"}
COMMAND: POST /session/98e00ad9af735ef01915863a208aaa77/element/f.A56533DF14A1AA9A63544B9B62196BA5.d.29E0F5001844BB5D8818051F81653FBD.e.3108/click - {}
RESULT: {}
RESULT: {}
RESULT: {}
COMMAND: GET /session/98e00ad9af735ef01915863a208aaa77/screenshot - {}
RESULT: {}
COMMAND: POST /session/98e00ad9af735ef01915863a208aaa77/execute/async - {"script":"<script> [1562 bytes]","args":[{"selector":{"id":"shellAppTitle"},"wdio_ui5_key":"shellAppTitle"}]}
RESULT: {"script":"<script> [1562 bytes]","args":[{"selector":{"id":"shellAppTitle"},"wdio_ui5_key":"shellAppTitle"}]}
RESULT: undefined
COMMAND: POST /session/98e00ad9af735ef01915863a208aaa77/execute/async - {"script":"<script> [6424 bytes]","args":[{"element-6066-11e4-a52e-4f735466cecf":"f.A56533DF14A1AA9A63544B9B62196BA5.d.29E0F5001844BB5D8818051F81653FBD.e.3155"},"getTitle",[]]}
RESULT: {"script":"<script> [6424 bytes]","args":[{"element-6066-11e4-a52e-4f735466cecf":"f.A56533DF14A1AA9A63544B9B62196BA5.d.29E0F5001844BB5D8818051F81653FBD.e.3155"},"getTitle",[]]}
COMMAND: POST /session/98e00ad9af735ef01915863a208aaa77/element - {"using":"xpath","value":"//span[contains(@id ,\"title\")][contains(text(), \"WebdriverYarda1otg\")]"}
RESULT: {"using":"xpath","value":"//span[contains(@id ,\"title\")][contains(text(), \"WebdriverYarda1otg\")]"}
COMMAND: POST /session/98e00ad9af735ef01915863a208aaa77/execute/sync - {"script":"<script> [8489 bytes]","args":[{"element-6066-11e4-a52e-4f735466cecf":"f.A56533DF14A1AA9A63544B9B62196BA5.d.29E0F5001844BB5D8818051F81653FBD.e.3156","ELEMENT":"f.A56533DF14A1AA9A63544B9B62196BA5.d.29E0F5001844BB5D8818051F81653FBD.e.3156"}]}
COMMAND: POST /session/98e00ad9af735ef01915863a208aaa77/execute/async - {"script":"<script> [1562 bytes]","args":[{"selector":{"id":"backBtn"},"wdio_ui5_key":"backBtn"}]}
RESULT: {"script":"<script> [8489 bytes]","args":[{"element-6066-11e4-a52e-4f735466cecf":"f.A56533DF14A1AA9A63544B9B62196BA5.d.29E0F5001844BB5D8818051F81653FBD.e.3156","ELEMENT":"f.A56533DF14A1AA9A63544B9B62196BA5.d.29E0F5001844BB5D8818051F81653FBD.e.3156"}]}
COMMAND: GET /session/98e00ad9af735ef01915863a208aaa77/screenshot - {}
RESULT: {"script":"<script> [1562 bytes]","args":[{"selector":{"id":"backBtn"},"wdio_ui5_key":"backBtn"}]}
RESULT: undefined
COMMAND: POST /session/98e00ad9af735ef01915863a208aaa77/element - {"using":"xpath","value":"//*[@id=\"backBtn\"]"}
COMMAND: POST /session/98e00ad9af735ef01915863a208aaa77/execute/sync - {"script":"<script> [8489 bytes]","args":[{"element-6066-11e4-a52e-4f735466cecf":"f.A56533DF14A1AA9A63544B9B62196BA5.d.29E0F5001844BB5D8818051F81653FBD.e.3156","ELEMENT":"f.A56533DF14A1AA9A63544B9B62196BA5.d.29E0F5001844BB5D8818051F81653FBD.e.3156"}]}
RESULT: {}
RESULT: {"using":"xpath","value":"//*[@id=\"backBtn\"]"}
COMMAND: POST /session/98e00ad9af735ef01915863a208aaa77/element/f.A56533DF14A1AA9A63544B9B62196BA5.d.29E0F5001844BB5D8818051F81653FBD.e.3157/click - {}
RESULT: {"script":"<script> [8489 bytes]","args":[{"element-6066-11e4-a52e-4f735466cecf":"f.A56533DF14A1AA9A63544B9B62196BA5.d.29E0F5001844BB5D8818051F81653FBD.e.3156","ELEMENT":"f.A56533DF14A1AA9A63544B9B62196BA5.d.29E0F5001844BB5D8818051F81653FBD.e.3156"}]}
COMMAND: GET /session/98e00ad9af735ef01915863a208aaa77/screenshot - {}
RESULT: {}
COMMAND: GET /session/98e00ad9af735ef01915863a208aaa77/screenshot - {}
COMMAND: POST /session/98e00ad9af735ef01915863a208aaa77/execute/sync - {"script":"<script> [8489 bytes]","args":[{"element-6066-11e4-a52e-4f735466cecf":"f.A56533DF14A1AA9A63544B9B62196BA5.d.29E0F5001844BB5D8818051F81653FBD.e.3156","ELEMENT":"f.A56533DF14A1AA9A63544B9B62196BA5.d.29E0F5001844BB5D8818051F81653FBD.e.3156"}]}
RESULT: {}
RESULT: {}
COMMAND: POST /session/98e00ad9af735ef01915863a208aaa77/element - {"using":"xpath","value":"//span[contains(@id ,\"title\")][contains(text(), \"WebdriverYarda1otg\")]"}
RESULT: {"using":"xpath","value":"//span[contains(@id ,\"title\")][contains(text(), \"WebdriverYarda1otg\")]"}
COMMAND: POST /session/98e00ad9af735ef01915863a208aaa77/element - {"using":"xpath","value":"//span[contains(@id ,\"title\")][contains(text(), \"WebdriverYarda1otg\")]"}
RESULT: {"using":"xpath","value":"//span[contains(@id ,\"title\")][contains(text(), \"WebdriverYarda1otg\")]"}
COMMAND: POST /session/98e00ad9af735ef01915863a208aaa77/element - {"using":"xpath","value":"//span[contains(@id ,\"title\")][contains(text(), \"WebdriverYarda1otg\")]"}
RESULT: {"using":"xpath","value":"//span[contains(@id ,\"title\")][contains(text(), \"WebdriverYarda1otg\")]"}
COMMAND: POST /session/98e00ad9af735ef01915863a208aaa77/element - {"using":"xpath","value":"//span[contains(@id ,\"title\")][contains(text(), \"WebdriverYarda1otg\")]"}
RESULT: {"using":"xpath","value":"//span[contains(@id ,\"title\")][contains(text(), \"WebdriverYarda1otg\")]"}
COMMAND: POST /session/98e00ad9af735ef01915863a208aaa77/element - {"using":"xpath","value":"//span[contains(@id ,\"title\")][contains(text(), \"WebdriverYarda1otg\")]"}
RESULT: {"using":"xpath","value":"//span[contains(@id ,\"title\")][contains(text(), \"WebdriverYarda1otg\")]"}
COMMAND: POST /session/98e00ad9af735ef01915863a208aaa77/element - {"using":"xpath","value":"//span[contains(@id ,\"title\")][contains(text(), \"WebdriverYarda1otg\")]"}
RESULT: {"using":"xpath","value":"//span[contains(@id ,\"title\")][contains(text(), \"WebdriverYarda1otg\")]"}
COMMAND: POST /session/98e00ad9af735ef01915863a208aaa77/element - {"using":"xpath","value":"//span[contains(@id ,\"title\")][contains(text(), \"WebdriverYarda1otg\")]"}
RESULT: {"using":"xpath","value":"//span[contains(@id ,\"title\")][contains(text(), \"WebdriverYarda1otg\")]"}
COMMAND: POST /session/98e00ad9af735ef01915863a208aaa77/element - {"using":"xpath","value":"//span[contains(@id ,\"title\")][contains(text(), \"WebdriverYarda1otg\")]"}
RESULT: {"using":"xpath","value":"//span[contains(@id ,\"title\")][contains(text(), \"WebdriverYarda1otg\")]"}
COMMAND: POST /session/98e00ad9af735ef01915863a208aaa77/element - {"using":"xpath","value":"//span[contains(@id ,\"title\")][contains(text(), \"WebdriverYarda1otg\")]"}
RESULT: {"using":"xpath","value":"//span[contains(@id ,\"title\")][contains(text(), \"WebdriverYarda1otg\")]"}
COMMAND: POST /session/98e00ad9af735ef01915863a208aaa77/element - {"using":"xpath","value":"//span[contains(@id ,\"title\")][contains(text(), \"WebdriverYarda1otg\")]"}
RESULT: {"using":"xpath","value":"//span[contains(@id ,\"title\")][contains(text(), \"WebdriverYarda1otg\")]"}
COMMAND: POST /session/98e00ad9af735ef01915863a208aaa77/element - {"using":"xpath","value":"//span[contains(@id ,\"title\")][contains(text(), \"WebdriverYarda1otg\")]"}
RESULT: {"using":"xpath","value":"//span[contains(@id ,\"title\")][contains(text(), \"WebdriverYarda1otg\")]"}
COMMAND: POST /session/98e00ad9af735ef01915863a208aaa77/element - {"using":"xpath","value":"//span[contains(@id ,\"title\")][contains(text(), \"WebdriverYarda1otg\")]"}
RESULT: {"using":"xpath","value":"//span[contains(@id ,\"title\")][contains(text(), \"WebdriverYarda1otg\")]"}
COMMAND: POST /session/98e00ad9af735ef01915863a208aaa77/element - {"using":"xpath","value":"//span[contains(@id ,\"title\")][contains(text(), \"WebdriverYarda1otg\")]"}
RESULT: {"using":"xpath","value":"//span[contains(@id ,\"title\")][contains(text(), \"WebdriverYarda1otg\")]"}
COMMAND: POST /session/98e00ad9af735ef01915863a208aaa77/element - {"using":"xpath","value":"//*[contains(@data-kt ,\"webshopDetailYardLink\")]"}
RESULT: {"using":"xpath","value":"//*[contains(@data-kt ,\"webshopDetailYardLink\")]"}
COMMAND: POST /session/98e00ad9af735ef01915863a208aaa77/execute/sync - {"script":"<script> [8489 bytes]","args":[{"element-6066-11e4-a52e-4f735466cecf":"f.A56533DF14A1AA9A63544B9B62196BA5.d.29E0F5001844BB5D8818051F81653FBD.e.3313","ELEMENT":"f.A56533DF14A1AA9A63544B9B62196BA5.d.29E0F5001844BB5D8818051F81653FBD.e.3313"}]}
RESULT: {"script":"<script> [8489 bytes]","args":[{"element-6066-11e4-a52e-4f735466cecf":"f.A56533DF14A1AA9A63544B9B62196BA5.d.29E0F5001844BB5D8818051F81653FBD.e.3313","ELEMENT":"f.A56533DF14A1AA9A63544B9B62196BA5.d.29E0F5001844BB5D8818051F81653FBD.e.3313"}]}
COMMAND: POST /session/98e00ad9af735ef01915863a208aaa77/execute/sync - {"script":"<script> [5351 bytes]","args":[{"element-6066-11e4-a52e-4f735466cecf":"f.A56533DF14A1AA9A63544B9B62196BA5.d.29E0F5001844BB5D8818051F81653FBD.e.3313","ELEMENT":"f.A56533DF14A1AA9A63544B9B62196BA5.d.29E0F5001844BB5D8818051F81653FBD.e.3313"}]}
COMMAND: GET /session/98e00ad9af735ef01915863a208aaa77/screenshot - {}
RESULT: {"script":"<script> [5351 bytes]","args":[{"element-6066-11e4-a52e-4f735466cecf":"f.A56533DF14A1AA9A63544B9B62196BA5.d.29E0F5001844BB5D8818051F81653FBD.e.3313","ELEMENT":"f.A56533DF14A1AA9A63544B9B62196BA5.d.29E0F5001844BB5D8818051F81653FBD.e.3313"}]}
COMMAND: POST /session/98e00ad9af735ef01915863a208aaa77/element - {"using":"xpath","value":"//*[contains(@data-kt ,\"webshopDetailYardLink\")]"}
COMMAND: GET /session/98e00ad9af735ef01915863a208aaa77/screenshot - {}
RESULT: {}
RESULT: {"using":"xpath","value":"//*[contains(@data-kt ,\"webshopDetailYardLink\")]"}
COMMAND: POST /session/98e00ad9af735ef01915863a208aaa77/element/f.A56533DF14A1AA9A63544B9B62196BA5.d.29E0F5001844BB5D8818051F81653FBD.e.3313/click - {}
COMMAND: POST /session/98e00ad9af735ef01915863a208aaa77/element - {"using":"xpath","value":"//span[contains(@id ,\"title\")][contains(text(), \"WebdriverYarda1otg\")]"}
RESULT: {}
RESULT: {}
COMMAND: GET /session/98e00ad9af735ef01915863a208aaa77/screenshot - {}
RESULT: {"using":"xpath","value":"//span[contains(@id ,\"title\")][contains(text(), \"WebdriverYarda1otg\")]"}
COMMAND: POST /session/98e00ad9af735ef01915863a208aaa77/execute/sync - {"script":"<script> [8489 bytes]","args":[{"element-6066-11e4-a52e-4f735466cecf":"f.A56533DF14A1AA9A63544B9B62196BA5.d.29E0F5001844BB5D8818051F81653FBD.e.3316","ELEMENT":"f.A56533DF14A1AA9A63544B9B62196BA5.d.29E0F5001844BB5D8818051F81653FBD.e.3316"}]}
RESULT: {}
RESULT: {"script":"<script> [8489 bytes]","args":[{"element-6066-11e4-a52e-4f735466cecf":"f.A56533DF14A1AA9A63544B9B62196BA5.d.29E0F5001844BB5D8818051F81653FBD.e.3316","ELEMENT":"f.A56533DF14A1AA9A63544B9B62196BA5.d.29E0F5001844BB5D8818051F81653FBD.e.3316"}]}
COMMAND: GET /session/98e00ad9af735ef01915863a208aaa77/screenshot - {}
RESULT: {}
COMMAND: POST /session/98e00ad9af735ef01915863a208aaa77/element - {"using":"xpath","value":"//*[contains(@data-kt ,\"ContextMenuId3Link\")][contains(text(), \"Yard Main Address\")]"}
RESULT: {"using":"xpath","value":"//*[contains(@data-kt ,\"ContextMenuId3Link\")][contains(text(), \"Yard Main Address\")]"}
COMMAND: POST /session/98e00ad9af735ef01915863a208aaa77/element/f.A56533DF14A1AA9A63544B9B62196BA5.d.29E0F5001844BB5D8818051F81653FBD.e.3317/click - {}
RESULT: {}
COMMAND: GET /session/98e00ad9af735ef01915863a208aaa77/screenshot - {}
RESULT: {}
COMMAND: POST /session/98e00ad9af735ef01915863a208aaa77/execute/async - {"script":"<script> [1562 bytes]","args":[{"selector":{"id":"application-addressmanagement-display-component---masterAdm--title1"},"wdio_ui5_key":"applicationaddressmanagement-display-component---masterAdm--title1"}]}
RESULT: {"script":"<script> [1562 bytes]","args":[{"selector":{"id":"application-addressmanagement-display-component---masterAdm--title1"},"wdio_ui5_key":"applicationaddressmanagement-display-component---masterAdm--title1"}]}
RESULT: undefined
COMMAND: POST /session/98e00ad9af735ef01915863a208aaa77/execute/async - {"script":"<script> [6424 bytes]","args":[{"element-6066-11e4-a52e-4f735466cecf":"f.A56533DF14A1AA9A63544B9B62196BA5.d.29E0F5001844BB5D8818051F81653FBD.e.3591"},"getText",[]]}
RESULT: {"script":"<script> [6424 bytes]","args":[{"element-6066-11e4-a52e-4f735466cecf":"f.A56533DF14A1AA9A63544B9B62196BA5.d.29E0F5001844BB5D8818051F81653FBD.e.3591"},"getText",[]]}
COMMAND: POST /session/98e00ad9af735ef01915863a208aaa77/element - {"using":"xpath","value":"//span[contains(text(), \"WebdriverYardjjtihg\")][contains(@id ,\"application-addressmanagement-display-component---detailAdm--addressDetailDetailsName1\")]"}
RESULT: {"using":"xpath","value":"//span[contains(text(), \"WebdriverYardjjtihg\")][contains(@id ,\"application-addressmanagement-display-component---detailAdm--addressDetailDetailsName1\")]"}
COMMAND: POST /session/98e00ad9af735ef01915863a208aaa77/element - {"using":"xpath","value":"//span[contains(text(), \"WebdriverYardjjtihg\")][contains(@id ,\"application-addressmanagement-display-component---detailAdm--addressDetailDetailsName1\")]"}
RESULT: undefined
COMMAND: POST /session/98e00ad9af735ef01915863a208aaa77/element - {"using":"xpath","value":"//*[@id=\"backBtn\"]"}
RESULT: {"using":"xpath","value":"//span[contains(text(), \"WebdriverYardjjtihg\")][contains(@id ,\"application-addressmanagement-display-component---detailAdm--addressDetailDetailsName1\")]"}
RESULT: {"using":"xpath","value":"//*[@id=\"backBtn\"]"}
COMMAND: POST /session/98e00ad9af735ef01915863a208aaa77/element/f.A56533DF14A1AA9A63544B9B62196BA5.d.29E0F5001844BB5D8818051F81653FBD.e.3157/click - {}
RESULT: {}
COMMAND: GET /session/98e00ad9af735ef01915863a208aaa77/screenshot - {}
COMMAND: POST /session/98e00ad9af735ef01915863a208aaa77/element - {"using":"xpath","value":"//span[contains(text(), \"WebdriverYardjjtihg\")][contains(@id ,\"application-addressmanagement-display-component---detailAdm--addressDetailDetailsName1\")]"}
RESULT: {}
RESULT: {"using":"xpath","value":"//span[contains(text(), \"WebdriverYardjjtihg\")][contains(@id ,\"application-addressmanagement-display-component---detailAdm--addressDetailDetailsName1\")]"}
COMMAND: POST /session/98e00ad9af735ef01915863a208aaa77/element - {"using":"xpath","value":"//span[contains(text(), \"WebdriverYardjjtihg\")][contains(@id ,\"application-addressmanagement-display-component---detailAdm--addressDetailDetailsName1\")]"}
RESULT: {"using":"xpath","value":"//span[contains(text(), \"WebdriverYardjjtihg\")][contains(@id ,\"application-addressmanagement-display-component---detailAdm--addressDetailDetailsName1\")]"}
COMMAND: POST /session/98e00ad9af735ef01915863a208aaa77/element - {"using":"xpath","value":"//span[contains(text(), \"WebdriverYardjjtihg\")][contains(@id ,\"application-addressmanagement-display-component---detailAdm--addressDetailDetailsName1\")]"}
RESULT: {"using":"xpath","value":"//span[contains(text(), \"WebdriverYardjjtihg\")][contains(@id ,\"application-addressmanagement-display-component---detailAdm--addressDetailDetailsName1\")]"}
COMMAND: POST /session/98e00ad9af735ef01915863a208aaa77/element - {"using":"xpath","value":"//span[contains(text(), \"WebdriverYardjjtihg\")][contains(@id ,\"application-addressmanagement-display-component---detailAdm--addressDetailDetailsName1\")]"}
RESULT: {"using":"xpath","value":"//span[contains(text(), \"WebdriverYardjjtihg\")][contains(@id ,\"application-addressmanagement-display-component---detailAdm--addressDetailDetailsName1\")]"}
COMMAND: POST /session/98e00ad9af735ef01915863a208aaa77/element - {"using":"xpath","value":"//span[contains(text(), \"WebdriverYardjjtihg\")][contains(@id ,\"application-addressmanagement-display-component---detailAdm--addressDetailDetailsName1\")]"}
RESULT: {"using":"xpath","value":"//span[contains(text(), \"WebdriverYardjjtihg\")][contains(@id ,\"application-addressmanagement-display-component---detailAdm--addressDetailDetailsName1\")]"}
COMMAND: POST /session/98e00ad9af735ef01915863a208aaa77/element - {"using":"xpath","value":"//span[contains(text(), \"WebdriverYardjjtihg\")][contains(@id ,\"application-addressmanagement-display-component---detailAdm--addressDetailDetailsName1\")]"}
RESULT: {"using":"xpath","value":"//span[contains(text(), \"WebdriverYardjjtihg\")][contains(@id ,\"application-addressmanagement-display-component---detailAdm--addressDetailDetailsName1\")]"}
COMMAND: POST /session/98e00ad9af735ef01915863a208aaa77/element - {"using":"xpath","value":"//span[contains(text(), \"WebdriverYardjjtihg\")][contains(@id ,\"application-addressmanagement-display-component---detailAdm--addressDetailDetailsName1\")]"}
RESULT: {"using":"xpath","value":"//span[contains(text(), \"WebdriverYardjjtihg\")][contains(@id ,\"application-addressmanagement-display-component---detailAdm--addressDetailDetailsName1\")]"}
COMMAND: POST /session/98e00ad9af735ef01915863a208aaa77/element - {"using":"xpath","value":"//span[contains(text(), \"WebdriverYardjjtihg\")][contains(@id ,\"application-addressmanagement-display-component---detailAdm--addressDetailDetailsName1\")]"}
RESULT: {"using":"xpath","value":"//span[contains(text(), \"WebdriverYardjjtihg\")][contains(@id ,\"application-addressmanagement-display-component---detailAdm--addressDetailDetailsName1\")]"}
COMMAND: POST /session/98e00ad9af735ef01915863a208aaa77/element - {"using":"xpath","value":"//span[contains(text(), \"WebdriverYardjjtihg\")][contains(@id ,\"application-addressmanagement-display-component---detailAdm--addressDetailDetailsName1\")]"}
RESULT: {"using":"xpath","value":"//span[contains(text(), \"WebdriverYardjjtihg\")][contains(@id ,\"application-addressmanagement-display-component---detailAdm--addressDetailDetailsName1\")]"}
COMMAND: POST /session/98e00ad9af735ef01915863a208aaa77/element - {"using":"xpath","value":"//span[contains(text(), \"WebdriverYardjjtihg\")][contains(@id ,\"application-addressmanagement-display-component---detailAdm--addressDetailDetailsName1\")]"}
RESULT: {"using":"xpath","value":"//span[contains(text(), \"WebdriverYardjjtihg\")][contains(@id ,\"application-addressmanagement-display-component---detailAdm--addressDetailDetailsName1\")]"}
COMMAND: POST /session/98e00ad9af735ef01915863a208aaa77/element - {"using":"xpath","value":"//span[contains(text(), \"WebdriverYardjjtihg\")][contains(@id ,\"application-addressmanagement-display-component---detailAdm--addressDetailDetailsName1\")]"}
RESULT: {"using":"xpath","value":"//span[contains(text(), \"WebdriverYardjjtihg\")][contains(@id ,\"application-addressmanagement-display-component---detailAdm--addressDetailDetailsName1\")]"}
COMMAND: POST /session/98e00ad9af735ef01915863a208aaa77/element - {"using":"xpath","value":"//span[contains(text(), \"WebdriverYardjjtihg\")][contains(@id ,\"application-addressmanagement-display-component---detailAdm--addressDetailDetailsName1\")]"}
RESULT: {"using":"xpath","value":"//span[contains(text(), \"WebdriverYardjjtihg\")][contains(@id ,\"application-addressmanagement-display-component---detailAdm--addressDetailDetailsName1\")]"}
COMMAND: POST /session/98e00ad9af735ef01915863a208aaa77/execute/sync - {"script":"<script> [8489 bytes]","args":[{"element-6066-11e4-a52e-4f735466cecf":"f.A56533DF14A1AA9A63544B9B62196BA5.d.29E0F5001844BB5D8818051F81653FBD.e.3313","ELEMENT":"f.A56533DF14A1AA9A63544B9B62196BA5.d.29E0F5001844BB5D8818051F81653FBD.e.3313"}]}
COMMAND: POST /session/98e00ad9af735ef01915863a208aaa77/element - {"using":"xpath","value":"//*[contains(@data-kt ,\"webshopDetailYardLink\")]"}
RESULT: {"using":"xpath","value":"//*[contains(@data-kt ,\"webshopDetailYardLink\")]"}
COMMAND: POST /session/98e00ad9af735ef01915863a208aaa77/execute/sync - {"script":"<script> [8489 bytes]","args":[{"element-6066-11e4-a52e-4f735466cecf":"f.A56533DF14A1AA9A63544B9B62196BA5.d.29E0F5001844BB5D8818051F81653FBD.e.3748","ELEMENT":"f.A56533DF14A1AA9A63544B9B62196BA5.d.29E0F5001844BB5D8818051F81653FBD.e.3748"}]}
RESULT: {"script":"<script> [8489 bytes]","args":[{"element-6066-11e4-a52e-4f735466cecf":"f.A56533DF14A1AA9A63544B9B62196BA5.d.29E0F5001844BB5D8818051F81653FBD.e.3748","ELEMENT":"f.A56533DF14A1AA9A63544B9B62196BA5.d.29E0F5001844BB5D8818051F81653FBD.e.3748"}]}
COMMAND: POST /session/98e00ad9af735ef01915863a208aaa77/execute/sync - {"script":"<script> [5351 bytes]","args":[{"element-6066-11e4-a52e-4f735466cecf":"f.A56533DF14A1AA9A63544B9B62196BA5.d.29E0F5001844BB5D8818051F81653FBD.e.3748","ELEMENT":"f.A56533DF14A1AA9A63544B9B62196BA5.d.29E0F5001844BB5D8818051F81653FBD.e.3748"}]}
COMMAND: GET /session/98e00ad9af735ef01915863a208aaa77/screenshot - {}
RESULT: {"script":"<script> [5351 bytes]","args":[{"element-6066-11e4-a52e-4f735466cecf":"f.A56533DF14A1AA9A63544B9B62196BA5.d.29E0F5001844BB5D8818051F81653FBD.e.3748","ELEMENT":"f.A56533DF14A1AA9A63544B9B62196BA5.d.29E0F5001844BB5D8818051F81653FBD.e.3748"}]}
COMMAND: POST /session/98e00ad9af735ef01915863a208aaa77/element - {"using":"xpath","value":"//*[contains(@data-kt ,\"webshopDetailYardLink\")]"}
COMMAND: GET /session/98e00ad9af735ef01915863a208aaa77/screenshot - {}
COMMAND: POST /session/98e00ad9af735ef01915863a208aaa77/element - {"using":"xpath","value":"//span[contains(text(), \"WebdriverYardjjtihg\")][contains(@id ,\"application-addressmanagement-display-component---detailAdm--addressDetailDetailsName1\")]"}
RESULT: {}
RESULT: {"using":"xpath","value":"//*[contains(@data-kt ,\"webshopDetailYardLink\")]"}
COMMAND: POST /session/98e00ad9af735ef01915863a208aaa77/element/f.A56533DF14A1AA9A63544B9B62196BA5.d.29E0F5001844BB5D8818051F81653FBD.e.3748/click - {}
RESULT: {}
RESULT: {"using":"xpath","value":"//span[contains(text(), \"WebdriverYardjjtihg\")][contains(@id ,\"application-addressmanagement-display-component---detailAdm--addressDetailDetailsName1\")]"}
RESULT: {}
COMMAND: GET /session/98e00ad9af735ef01915863a208aaa77/screenshot - {}
RESULT: {}
COMMAND: POST /session/98e00ad9af735ef01915863a208aaa77/element - {"using":"xpath","value":"//span[contains(text(), \"WebdriverYardjjtihg\")][contains(@id ,\"application-addressmanagement-display-component---detailAdm--addressDetailDetailsName1\")]"}
RESULT: {"using":"xpath","value":"//span[contains(text(), \"WebdriverYardjjtihg\")][contains(@id ,\"application-addressmanagement-display-component---detailAdm--addressDetailDetailsName1\")]"}
COMMAND: POST /session/98e00ad9af735ef01915863a208aaa77/element - {"using":"xpath","value":"//span[contains(text(), \"WebdriverYardjjtihg\")][contains(@id ,\"application-addressmanagement-display-component---detailAdm--addressDetailDetailsName1\")]"}
RESULT: {"using":"xpath","value":"//span[contains(text(), \"WebdriverYardjjtihg\")][contains(@id ,\"application-addressmanagement-display-component---detailAdm--addressDetailDetailsName1\")]"}
COMMAND: POST /session/98e00ad9af735ef01915863a208aaa77/element - {"using":"xpath","value":"//span[contains(text(), \"WebdriverYardjjtihg\")][contains(@id ,\"application-addressmanagement-display-component---detailAdm--addressDetailDetailsName1\")]"}
RESULT: {"using":"xpath","value":"//span[contains(text(), \"WebdriverYardjjtihg\")][contains(@id ,\"application-addressmanagement-display-component---detailAdm--addressDetailDetailsName1\")]"}
COMMAND: POST /session/98e00ad9af735ef01915863a208aaa77/element - {"using":"xpath","value":"//button[contains(@data-kt ,\"ContextMenuExternalId2Link\")]"}
RESULT: {"using":"xpath","value":"//button[contains(@data-kt ,\"ContextMenuExternalId2Link\")]"}
COMMAND: POST /session/98e00ad9af735ef01915863a208aaa77/element/f.A56533DF14A1AA9A63544B9B62196BA5.d.29E0F5001844BB5D8818051F81653FBD.e.3749/click - {}
COMMAND: POST /session/98e00ad9af735ef01915863a208aaa77/element - {"using":"xpath","value":"//span[contains(text(), \"WebdriverYardjjtihg\")][contains(@id ,\"application-addressmanagement-display-component---detailAdm--addressDetailDetailsName1\")]"}
RESULT: {}
COMMAND: GET /session/98e00ad9af735ef01915863a208aaa77/screenshot - {}
RESULT: {"using":"xpath","value":"//span[contains(text(), \"WebdriverYardjjtihg\")][contains(@id ,\"application-addressmanagement-display-component---detailAdm--addressDetailDetailsName1\")]"}
COMMAND: POST /session/98e00ad9af735ef01915863a208aaa77/element - {"using":"xpath","value":"//span[contains(text(), \"WebdriverYardjjtihg\")][contains(@id ,\"application-addressmanagement-display-component---detailAdm--addressDetailDetailsName1\")]"}
RESULT: {}
RESULT: {"using":"xpath","value":"//span[contains(text(), \"WebdriverYardjjtihg\")][contains(@id ,\"application-addressmanagement-display-component---detailAdm--addressDetailDetailsName1\")]"}
COMMAND: POST /session/98e00ad9af735ef01915863a208aaa77/element - {"using":"xpath","value":"//span[contains(text(), \"WebdriverYardjjtihg\")][contains(@id ,\"application-addressmanagement-display-component---detailAdm--addressDetailDetailsName1\")]"}
RESULT: {"using":"xpath","value":"//span[contains(text(), \"WebdriverYardjjtihg\")][contains(@id ,\"application-addressmanagement-display-component---detailAdm--addressDetailDetailsName1\")]"}
COMMAND: POST /session/98e00ad9af735ef01915863a208aaa77/element - {"using":"xpath","value":"//span[contains(text(), \"WebdriverYardjjtihg\")][contains(@id ,\"application-addressmanagement-display-component---detailAdm--addressDetailDetailsName1\")]"}
RESULT: {"using":"xpath","value":"//span[contains(text(), \"WebdriverYardjjtihg\")][contains(@id ,\"application-addressmanagement-display-component---detailAdm--addressDetailDetailsName1\")]"}
COMMAND: POST /session/98e00ad9af735ef01915863a208aaa77/element - {"using":"xpath","value":"//span[contains(text(), \"WebdriverYardjjtihg\")][contains(@id ,\"application-addressmanagement-display-component---detailAdm--addressDetailDetailsName1\")]"}
RESULT: {"using":"xpath","value":"//span[contains(text(), \"WebdriverYardjjtihg\")][contains(@id ,\"application-addressmanagement-display-component---detailAdm--addressDetailDetailsName1\")]"}
COMMAND: POST /session/98e00ad9af735ef01915863a208aaa77/element - {"using":"xpath","value":"//span[contains(text(), \"WebdriverYardjjtihg\")][contains(@id ,\"application-addressmanagement-display-component---detailAdm--addressDetailDetailsName1\")]"}
RESULT: {"using":"xpath","value":"//span[contains(text(), \"WebdriverYardjjtihg\")][contains(@id ,\"application-addressmanagement-display-component---detailAdm--addressDetailDetailsName1\")]"}
COMMAND: POST /session/98e00ad9af735ef01915863a208aaa77/element - {"using":"xpath","value":"//span[contains(text(), \"WebdriverYardjjtihg\")][contains(@id ,\"application-addressmanagement-display-component---detailAdm--addressDetailDetailsName1\")]"}
RESULT: {"using":"xpath","value":"//span[contains(text(), \"WebdriverYardjjtihg\")][contains(@id ,\"application-addressmanagement-display-component---detailAdm--addressDetailDetailsName1\")]"}
COMMAND: POST /session/98e00ad9af735ef01915863a208aaa77/element - {"using":"xpath","value":"//span[contains(text(), \"WebdriverYardjjtihg\")][contains(@id ,\"application-addressmanagement-display-component---detailAdm--addressDetailDetailsName1\")]"}
RESULT: {"using":"xpath","value":"//span[contains(text(), \"WebdriverYardjjtihg\")][contains(@id ,\"application-addressmanagement-display-component---detailAdm--addressDetailDetailsName1\")]"}
COMMAND: POST /session/98e00ad9af735ef01915863a208aaa77/element - {"using":"xpath","value":"//span[contains(text(), \"WebdriverYardjjtihg\")][contains(@id ,\"application-addressmanagement-display-component---detailAdm--addressDetailDetailsName1\")]"}
RESULT: {"using":"xpath","value":"//span[contains(text(), \"WebdriverYardjjtihg\")][contains(@id ,\"application-addressmanagement-display-component---detailAdm--addressDetailDetailsName1\")]"}
COMMAND: POST /session/98e00ad9af735ef01915863a208aaa77/element - {"using":"xpath","value":"//span[contains(text(), \"WebdriverYardjjtihg\")][contains(@id ,\"application-addressmanagement-display-component---detailAdm--addressDetailDetailsName1\")]"}
RESULT: {"using":"xpath","value":"//span[contains(text(), \"WebdriverYardjjtihg\")][contains(@id ,\"application-addressmanagement-display-component---detailAdm--addressDetailDetailsName1\")]"}
COMMAND: POST /session/98e00ad9af735ef01915863a208aaa77/element - {"using":"xpath","value":"//span[contains(text(), \"WebdriverYardjjtihg\")][contains(@id ,\"application-addressmanagement-display-component---detailAdm--addressDetailDetailsName1\")]"}
RESULT: {"using":"xpath","value":"//span[contains(text(), \"WebdriverYardjjtihg\")][contains(@id ,\"application-addressmanagement-display-component---detailAdm--addressDetailDetailsName1\")]"}
COMMAND: POST /session/98e00ad9af735ef01915863a208aaa77/element - {"using":"xpath","value":"//span[contains(text(), \"WebdriverYardjjtihg\")][contains(@id ,\"application-addressmanagement-display-component---detailAdm--addressDetailDetailsName1\")]"}
RESULT: {"using":"xpath","value":"//span[contains(text(), \"WebdriverYardjjtihg\")][contains(@id ,\"application-addressmanagement-display-component---detailAdm--addressDetailDetailsName1\")]"}
COMMAND: GET /session/98e00ad9af735ef01915863a208aaa77/window/handles - {}
RESULT: {}
COMMAND: POST /session/98e00ad9af735ef01915863a208aaa77/window - {"handle":"2DCDADEA9AA2DE3C0A4327E60E24B5B3"}
RESULT: {"handle":"2DCDADEA9AA2DE3C0A4327E60E24B5B3"}
COMMAND: GET /session/98e00ad9af735ef01915863a208aaa77/url - {}
RESULT: {}
COMMAND: GET /session/98e00ad9af735ef01915863a208aaa77/screenshot - {}
COMMAND: POST /session/98e00ad9af735ef01915863a208aaa77/element - {"using":"xpath","value":"//span[contains(text(), \"WebdriverYardjjtihg\")][contains(@id ,\"application-addressmanagement-display-component---detailAdm--addressDetailDetailsName1\")]"}
RESULT: {}
RESULT: {"using":"xpath","value":"//span[contains(text(), \"WebdriverYardjjtihg\")][contains(@id ,\"application-addressmanagement-display-component---detailAdm--addressDetailDetailsName1\")]"}
COMMAND: POST /session/98e00ad9af735ef01915863a208aaa77/element - {"using":"xpath","value":"//span[contains(text(), \"WebdriverYardjjtihg\")][contains(@id ,\"application-addressmanagement-display-component---detailAdm--addressDetailDetailsName1\")]"}
RESULT: {"using":"xpath","value":"//span[contains(text(), \"WebdriverYardjjtihg\")][contains(@id ,\"application-addressmanagement-display-component---detailAdm--addressDetailDetailsName1\")]"}
COMMAND: POST /session/98e00ad9af735ef01915863a208aaa77/element - {"using":"xpath","value":"//span[contains(text(), \"WebdriverYardjjtihg\")][contains(@id ,\"application-addressmanagement-display-component---detailAdm--addressDetailDetailsName1\")]"}
RESULT: {"using":"xpath","value":"//span[contains(text(), \"WebdriverYardjjtihg\")][contains(@id ,\"application-addressmanagement-display-component---detailAdm--addressDetailDetailsName1\")]"}
COMMAND: POST /session/98e00ad9af735ef01915863a208aaa77/element - {"using":"xpath","value":"//span[contains(text(), \"WebdriverYardjjtihg\")][contains(@id ,\"application-addressmanagement-display-component---detailAdm--addressDetailDetailsName1\")]"}
RESULT: {"using":"xpath","value":"//span[contains(text(), \"WebdriverYardjjtihg\")][contains(@id ,\"application-addressmanagement-display-component---detailAdm--addressDetailDetailsName1\")]"}
COMMAND: POST /session/98e00ad9af735ef01915863a208aaa77/element - {"using":"xpath","value":"//span[contains(text(), \"WebdriverYardjjtihg\")][contains(@id ,\"application-addressmanagement-display-component---detailAdm--addressDetailDetailsName1\")]"}
RESULT: {"using":"xpath","value":"//span[contains(text(), \"WebdriverYardjjtihg\")][contains(@id ,\"application-addressmanagement-display-component---detailAdm--addressDetailDetailsName1\")]"}
COMMAND: POST /session/98e00ad9af735ef01915863a208aaa77/element - {"using":"xpath","value":"//span[contains(text(), \"WebdriverYardjjtihg\")][contains(@id ,\"application-addressmanagement-display-component---detailAdm--addressDetailDetailsName1\")]"}
RESULT: {"using":"xpath","value":"//span[contains(text(), \"WebdriverYardjjtihg\")][contains(@id ,\"application-addressmanagement-display-component---detailAdm--addressDetailDetailsName1\")]"}
COMMAND: POST /session/98e00ad9af735ef01915863a208aaa77/element - {"using":"xpath","value":"//span[contains(text(), \"WebdriverYardjjtihg\")][contains(@id ,\"application-addressmanagement-display-component---detailAdm--addressDetailDetailsName1\")]"}
RESULT: {"using":"xpath","value":"//span[contains(text(), \"WebdriverYardjjtihg\")][contains(@id ,\"application-addressmanagement-display-component---detailAdm--addressDetailDetailsName1\")]"}
COMMAND: POST /session/98e00ad9af735ef01915863a208aaa77/element - {"using":"xpath","value":"//span[contains(text(), \"WebdriverYardjjtihg\")][contains(@id ,\"application-addressmanagement-display-component---detailAdm--addressDetailDetailsName1\")]"}
RESULT: {"using":"xpath","value":"//span[contains(text(), \"WebdriverYardjjtihg\")][contains(@id ,\"application-addressmanagement-display-component---detailAdm--addressDetailDetailsName1\")]"}
COMMAND: POST /session/98e00ad9af735ef01915863a208aaa77/element - {"using":"xpath","value":"//span[contains(text(), \"WebdriverYardjjtihg\")][contains(@id ,\"application-addressmanagement-display-component---detailAdm--addressDetailDetailsName1\")]"}
RESULT: {"using":"xpath","value":"//span[contains(text(), \"WebdriverYardjjtihg\")][contains(@id ,\"application-addressmanagement-display-component---detailAdm--addressDetailDetailsName1\")]"}
COMMAND: POST /session/98e00ad9af735ef01915863a208aaa77/element - {"using":"xpath","value":"//span[contains(text(), \"WebdriverYardjjtihg\")][contains(@id ,\"application-addressmanagement-display-component---detailAdm--addressDetailDetailsName1\")]"}
RESULT: {"using":"xpath","value":"//span[contains(text(), \"WebdriverYardjjtihg\")][contains(@id ,\"application-addressmanagement-display-component---detailAdm--addressDetailDetailsName1\")]"}
COMMAND: POST /session/98e00ad9af735ef01915863a208aaa77/element - {"using":"xpath","value":"//span[contains(text(), \"WebdriverYardjjtihg\")][contains(@id ,\"application-addressmanagement-display-component---detailAdm--addressDetailDetailsName1\")]"}
RESULT: {"using":"xpath","value":"//span[contains(text(), \"WebdriverYardjjtihg\")][contains(@id ,\"application-addressmanagement-display-component---detailAdm--addressDetailDetailsName1\")]"}
COMMAND: POST /session/98e00ad9af735ef01915863a208aaa77/element - {"using":"xpath","value":"//span[contains(text(), \"WebdriverYardjjtihg\")][contains(@id ,\"application-addressmanagement-display-component---detailAdm--addressDetailDetailsName1\")]"}
RESULT: {"using":"xpath","value":"//span[contains(text(), \"WebdriverYardjjtihg\")][contains(@id ,\"application-addressmanagement-display-component---detailAdm--addressDetailDetailsName1\")]"}
COMMAND: POST /session/98e00ad9af735ef01915863a208aaa77/element - {"using":"xpath","value":"//span[contains(text(), \"WebdriverYardjjtihg\")][contains(@id ,\"application-addressmanagement-display-component---detailAdm--addressDetailDetailsName1\")]"}
RESULT: {"using":"xpath","value":"//span[contains(text(), \"WebdriverYardjjtihg\")][contains(@id ,\"application-addressmanagement-display-component---detailAdm--addressDetailDetailsName1\")]"}
COMMAND: POST /session/98e00ad9af735ef01915863a208aaa77/element - {"using":"xpath","value":"//span[contains(text(), \"WebdriverYardjjtihg\")][contains(@id ,\"application-addressmanagement-display-component---detailAdm--addressDetailDetailsName1\")]"}
RESULT: {"using":"xpath","value":"//span[contains(text(), \"WebdriverYardjjtihg\")][contains(@id ,\"application-addressmanagement-display-component---detailAdm--addressDetailDetailsName1\")]"}
COMMAND: POST /session/98e00ad9af735ef01915863a208aaa77/execute/sync - {"script":"<script> [8489 bytes]","args":[{"element-6066-11e4-a52e-4f735466cecf":"f.A56533DF14A1AA9A63544B9B62196BA5.d.29E0F5001844BB5D8818051F81653FBD.e.3316","ELEMENT":"f.A56533DF14A1AA9A63544B9B62196BA5.d.29E0F5001844BB5D8818051F81653FBD.e.3316"}]}
COMMAND: DELETE /session/98e00ad9af735ef01915863a208aaa77/window - {}
RESULT: {}
COMMAND: POST /session/98e00ad9af735ef01915863a208aaa77/window - {"handle":"A56533DF14A1AA9A63544B9B62196BA5"}
RESULT: {"handle":"A56533DF14A1AA9A63544B9B62196BA5"}
COMMAND: GET /session/98e00ad9af735ef01915863a208aaa77/url - {}
COMMAND: POST /session/98e00ad9af735ef01915863a208aaa77/element - {"using":"xpath","value":"//span[contains(@id ,\"title\")][contains(text(), \"WebdriverYarda1otg\")]"}
RESULT: {}
COMMAND: POST /session/98e00ad9af735ef01915863a208aaa77/element - {"using":"xpath","value":"//span[contains(text(), \"WebdriverYardjjtihg\")][contains(@id ,\"application-addressmanagement-display-component---detailAdm--addressDetailDetailsName1\")]"}
COMMAND: GET /session/98e00ad9af735ef01915863a208aaa77/screenshot - {}
RESULT: {"using":"xpath","value":"//span[contains(@id ,\"title\")][contains(text(), \"WebdriverYarda1otg\")]"}
COMMAND: POST /session/98e00ad9af735ef01915863a208aaa77/execute/sync - {"script":"<script> [8489 bytes]","args":[{"element-6066-11e4-a52e-4f735466cecf":"f.A56533DF14A1AA9A63544B9B62196BA5.d.29E0F5001844BB5D8818051F81653FBD.e.3779","ELEMENT":"f.A56533DF14A1AA9A63544B9B62196BA5.d.29E0F5001844BB5D8818051F81653FBD.e.3779"}]}
RESULT: {"using":"xpath","value":"//span[contains(text(), \"WebdriverYardjjtihg\")][contains(@id ,\"application-addressmanagement-display-component---detailAdm--addressDetailDetailsName1\")]"}
RESULT: {}
RESULT: {"script":"<script> [8489 bytes]","args":[{"element-6066-11e4-a52e-4f735466cecf":"f.A56533DF14A1AA9A63544B9B62196BA5.d.29E0F5001844BB5D8818051F81653FBD.e.3779","ELEMENT":"f.A56533DF14A1AA9A63544B9B62196BA5.d.29E0F5001844BB5D8818051F81653FBD.e.3779"}]}
COMMAND: GET /session/98e00ad9af735ef01915863a208aaa77/screenshot - {}
RESULT: {}
COMMAND: POST /session/98e00ad9af735ef01915863a208aaa77/element - {"using":"xpath","value":"//span[contains(text(), \"WebdriverYardjjtihg\")][contains(@id ,\"application-addressmanagement-display-component---detailAdm--addressDetailDetailsName1\")]"}
RESULT: {"using":"xpath","value":"//span[contains(text(), \"WebdriverYardjjtihg\")][contains(@id ,\"application-addressmanagement-display-component---detailAdm--addressDetailDetailsName1\")]"}
COMMAND: POST /session/98e00ad9af735ef01915863a208aaa77/element - {"using":"xpath","value":"//span[contains(text(), \"WebdriverYardjjtihg\")][contains(@id ,\"application-addressmanagement-display-component---detailAdm--addressDetailDetailsName1\")]"}
RESULT: {"using":"xpath","value":"//span[contains(text(), \"WebdriverYardjjtihg\")][contains(@id ,\"application-addressmanagement-display-component---detailAdm--addressDetailDetailsName1\")]"}
COMMAND: POST /session/98e00ad9af735ef01915863a208aaa77/element - {"using":"xpath","value":"//span[contains(text(), \"WebdriverYardjjtihg\")][contains(@id ,\"application-addressmanagement-display-component---detailAdm--addressDetailDetailsName1\")]"}
RESULT: {"using":"xpath","value":"//span[contains(text(), \"WebdriverYardjjtihg\")][contains(@id ,\"application-addressmanagement-display-component---detailAdm--addressDetailDetailsName1\")]"}
COMMAND: POST /session/98e00ad9af735ef01915863a208aaa77/element - {"using":"xpath","value":"//span[contains(text(), \"WebdriverYardjjtihg\")][contains(@id ,\"application-addressmanagement-display-component---detailAdm--addressDetailDetailsName1\")]"}
RESULT: {"using":"xpath","value":"//span[contains(text(), \"WebdriverYardjjtihg\")][contains(@id ,\"application-addressmanagement-display-component---detailAdm--addressDetailDetailsName1\")]"}
COMMAND: POST /session/98e00ad9af735ef01915863a208aaa77/element - {"using":"xpath","value":"//span[contains(text(), \"WebdriverYardjjtihg\")][contains(@id ,\"application-addressmanagement-display-component---detailAdm--addressDetailDetailsName1\")]"}
RESULT: {"using":"xpath","value":"//span[contains(text(), \"WebdriverYardjjtihg\")][contains(@id ,\"application-addressmanagement-display-component---detailAdm--addressDetailDetailsName1\")]"}
COMMAND: POST /session/98e00ad9af735ef01915863a208aaa77/element - {"using":"xpath","value":"//span[contains(text(), \"WebdriverYardjjtihg\")][contains(@id ,\"application-addressmanagement-display-component---detailAdm--addressDetailDetailsName1\")]"}
RESULT: {"using":"xpath","value":"//span[contains(text(), \"WebdriverYardjjtihg\")][contains(@id ,\"application-addressmanagement-display-component---detailAdm--addressDetailDetailsName1\")]"}
COMMAND: POST /session/98e00ad9af735ef01915863a208aaa77/element - {"using":"xpath","value":"//span[contains(text(), \"WebdriverYardjjtihg\")][contains(@id ,\"application-addressmanagement-display-component---detailAdm--addressDetailDetailsName1\")]"}
RESULT: {"using":"xpath","value":"//span[contains(text(), \"WebdriverYardjjtihg\")][contains(@id ,\"application-addressmanagement-display-component---detailAdm--addressDetailDetailsName1\")]"}
COMMAND: POST /session/98e00ad9af735ef01915863a208aaa77/element - {"using":"xpath","value":"//span[contains(text(), \"WebdriverYardjjtihg\")][contains(@id ,\"application-addressmanagement-display-component---detailAdm--addressDetailDetailsName1\")]"}
COMMAND: POST /session/98e00ad9af735ef01915863a208aaa77/element - {"using":"xpath","value":"//button[contains(@data-kt ,\"ContextMenuExternalId3Link\")]"}
RESULT: {"using":"xpath","value":"//span[contains(text(), \"WebdriverYardjjtihg\")][contains(@id ,\"application-addressmanagement-display-component---detailAdm--addressDetailDetailsName1\")]"}
RESULT: {"using":"xpath","value":"//button[contains(@data-kt ,\"ContextMenuExternalId3Link\")]"}
COMMAND: POST /session/98e00ad9af735ef01915863a208aaa77/element/f.A56533DF14A1AA9A63544B9B62196BA5.d.29E0F5001844BB5D8818051F81653FBD.e.3780/click - {}
RESULT: {}
COMMAND: GET /session/98e00ad9af735ef01915863a208aaa77/screenshot - {}
COMMAND: POST /session/98e00ad9af735ef01915863a208aaa77/element - {"using":"xpath","value":"//span[contains(text(), \"WebdriverYardjjtihg\")][contains(@id ,\"application-addressmanagement-display-component---detailAdm--addressDetailDetailsName1\")]"}
RESULT: {}
RESULT: {"using":"xpath","value":"//span[contains(text(), \"WebdriverYardjjtihg\")][contains(@id ,\"application-addressmanagement-display-component---detailAdm--addressDetailDetailsName1\")]"}
COMMAND: POST /session/98e00ad9af735ef01915863a208aaa77/element - {"using":"xpath","value":"//span[contains(text(), \"WebdriverYardjjtihg\")][contains(@id ,\"application-addressmanagement-display-component---detailAdm--addressDetailDetailsName1\")]"}
RESULT: {"using":"xpath","value":"//span[contains(text(), \"WebdriverYardjjtihg\")][contains(@id ,\"application-addressmanagement-display-component---detailAdm--addressDetailDetailsName1\")]"}
COMMAND: GET /session/98e00ad9af735ef01915863a208aaa77/window/handles - {}
RESULT: {}
COMMAND: POST /session/98e00ad9af735ef01915863a208aaa77/window - {"handle":"55DA7FC3E4D3DF9B7CB2F507D0D37658"}
RESULT: {"handle":"55DA7FC3E4D3DF9B7CB2F507D0D37658"}
COMMAND: GET /session/98e00ad9af735ef01915863a208aaa77/url - {}
RESULT: {}
COMMAND: GET /session/98e00ad9af735ef01915863a208aaa77/screenshot - {}
RESULT: {}
COMMAND: POST /session/98e00ad9af735ef01915863a208aaa77/element - {"using":"xpath","value":"//span[contains(text(), \"WebdriverYardjjtihg\")][contains(@id ,\"application-addressmanagement-display-component---detailAdm--addressDetailDetailsName1\")]"}
COMMAND: DELETE /session/98e00ad9af735ef01915863a208aaa77/window - {}
RESULT: {}
COMMAND: POST /session/98e00ad9af735ef01915863a208aaa77/window - {"handle":"A56533DF14A1AA9A63544B9B62196BA5"}
RESULT: {"handle":"A56533DF14A1AA9A63544B9B62196BA5"}
COMMAND: GET /session/98e00ad9af735ef01915863a208aaa77/url - {}
RESULT: {"using":"xpath","value":"//span[contains(text(), \"WebdriverYardjjtihg\")][contains(@id ,\"application-addressmanagement-display-component---detailAdm--addressDetailDetailsName1\")]"}
RESULT: {}
COMMAND: GET /session/98e00ad9af735ef01915863a208aaa77/screenshot - {}
RESULT: {}
COMMAND: POST /session/98e00ad9af735ef01915863a208aaa77/element - {"using":"xpath","value":"//span[contains(text(), \"WebdriverYardjjtihg\")][contains(@id ,\"application-addressmanagement-display-component---detailAdm--addressDetailDetailsName1\")]"}
RESULT: {"using":"xpath","value":"//span[contains(text(), \"WebdriverYardjjtihg\")][contains(@id ,\"application-addressmanagement-display-component---detailAdm--addressDetailDetailsName1\")]"}
COMMAND: POST /session/98e00ad9af735ef01915863a208aaa77/element - {"using":"xpath","value":"//span[contains(text(), \"WebdriverYardjjtihg\")][contains(@id ,\"application-addressmanagement-display-component---detailAdm--addressDetailDetailsName1\")]"}
RESULT: {"using":"xpath","value":"//span[contains(text(), \"WebdriverYardjjtihg\")][contains(@id ,\"application-addressmanagement-display-component---detailAdm--addressDetailDetailsName1\")]"}
COMMAND: POST /session/98e00ad9af735ef01915863a208aaa77/element - {"using":"xpath","value":"//span[contains(text(), \"WebdriverYardjjtihg\")][contains(@id ,\"application-addressmanagement-display-component---detailAdm--addressDetailDetailsName1\")]"}
RESULT: {"using":"xpath","value":"//span[contains(text(), \"WebdriverYardjjtihg\")][contains(@id ,\"application-addressmanagement-display-component---detailAdm--addressDetailDetailsName1\")]"}
COMMAND: POST /session/98e00ad9af735ef01915863a208aaa77/element - {"using":"xpath","value":"//span[contains(text(), \"WebdriverYardjjtihg\")][contains(@id ,\"application-addressmanagement-display-component---detailAdm--addressDetailDetailsName1\")]"}
RESULT: {"using":"xpath","value":"//span[contains(text(), \"WebdriverYardjjtihg\")][contains(@id ,\"application-addressmanagement-display-component---detailAdm--addressDetailDetailsName1\")]"}
COMMAND: POST /session/98e00ad9af735ef01915863a208aaa77/element - {"using":"xpath","value":"//span[contains(text(), \"WebdriverYardjjtihg\")][contains(@id ,\"application-addressmanagement-display-component---detailAdm--addressDetailDetailsName1\")]"}
RESULT: {"using":"xpath","value":"//span[contains(text(), \"WebdriverYardjjtihg\")][contains(@id ,\"application-addressmanagement-display-component---detailAdm--addressDetailDetailsName1\")]"}
COMMAND: POST /session/98e00ad9af735ef01915863a208aaa77/element - {"using":"xpath","value":"//span[contains(text(), \"WebdriverYardjjtihg\")][contains(@id ,\"application-addressmanagement-display-component---detailAdm--addressDetailDetailsName1\")]"}
RESULT: {"using":"xpath","value":"//span[contains(text(), \"WebdriverYardjjtihg\")][contains(@id ,\"application-addressmanagement-display-component---detailAdm--addressDetailDetailsName1\")]"}
COMMAND: POST /session/98e00ad9af735ef01915863a208aaa77/element - {"using":"xpath","value":"//span[contains(text(), \"WebdriverYardjjtihg\")][contains(@id ,\"application-addressmanagement-display-component---detailAdm--addressDetailDetailsName1\")]"}
RESULT: {"using":"xpath","value":"//span[contains(text(), \"WebdriverYardjjtihg\")][contains(@id ,\"application-addressmanagement-display-component---detailAdm--addressDetailDetailsName1\")]"}
COMMAND: POST /session/98e00ad9af735ef01915863a208aaa77/element - {"using":"xpath","value":"//span[contains(text(), \"WebdriverYardjjtihg\")][contains(@id ,\"application-addressmanagement-display-component---detailAdm--addressDetailDetailsName1\")]"}
RESULT: {"using":"xpath","value":"//span[contains(text(), \"WebdriverYardjjtihg\")][contains(@id ,\"application-addressmanagement-display-component---detailAdm--addressDetailDetailsName1\")]"}
COMMAND: POST /session/98e00ad9af735ef01915863a208aaa77/element - {"using":"xpath","value":"//span[contains(text(), \"WebdriverYardjjtihg\")][contains(@id ,\"application-addressmanagement-display-component---detailAdm--addressDetailDetailsName1\")]"}
RESULT: {"using":"xpath","value":"//span[contains(text(), \"WebdriverYardjjtihg\")][contains(@id ,\"application-addressmanagement-display-component---detailAdm--addressDetailDetailsName1\")]"}
]]></system-out>
    </testcase>
    <testcase classname="chrome.136_0_7103_93.windows.Webshop_-_Hyperlinks_visible_and_working_properly__US139085" name="Shpuld verify site hyperlinks" time="203.826">
      <system-out><![CDATA[
COMMAND: POST /session/98e00ad9af735ef01915863a208aaa77/element - {"using":"xpath","value":"//*[contains(@data-kt ,\"webshopDetailSiteLink\")]"}
RESULT: {"using":"xpath","value":"//*[contains(@data-kt ,\"webshopDetailSiteLink\")]"}
COMMAND: POST /session/98e00ad9af735ef01915863a208aaa77/execute/sync - {"script":"<script> [8489 bytes]","args":[{"element-6066-11e4-a52e-4f735466cecf":"f.A56533DF14A1AA9A63544B9B62196BA5.d.29E0F5001844BB5D8818051F81653FBD.e.3981","ELEMENT":"f.A56533DF14A1AA9A63544B9B62196BA5.d.29E0F5001844BB5D8818051F81653FBD.e.3981"}]}
RESULT: {"script":"<script> [8489 bytes]","args":[{"element-6066-11e4-a52e-4f735466cecf":"f.A56533DF14A1AA9A63544B9B62196BA5.d.29E0F5001844BB5D8818051F81653FBD.e.3981","ELEMENT":"f.A56533DF14A1AA9A63544B9B62196BA5.d.29E0F5001844BB5D8818051F81653FBD.e.3981"}]}
COMMAND: POST /session/98e00ad9af735ef01915863a208aaa77/execute/sync - {"script":"<script> [5351 bytes]","args":[{"element-6066-11e4-a52e-4f735466cecf":"f.A56533DF14A1AA9A63544B9B62196BA5.d.29E0F5001844BB5D8818051F81653FBD.e.3981","ELEMENT":"f.A56533DF14A1AA9A63544B9B62196BA5.d.29E0F5001844BB5D8818051F81653FBD.e.3981"}]}
COMMAND: GET /session/98e00ad9af735ef01915863a208aaa77/screenshot - {}
RESULT: {"script":"<script> [5351 bytes]","args":[{"element-6066-11e4-a52e-4f735466cecf":"f.A56533DF14A1AA9A63544B9B62196BA5.d.29E0F5001844BB5D8818051F81653FBD.e.3981","ELEMENT":"f.A56533DF14A1AA9A63544B9B62196BA5.d.29E0F5001844BB5D8818051F81653FBD.e.3981"}]}
COMMAND: POST /session/98e00ad9af735ef01915863a208aaa77/element - {"using":"xpath","value":"//*[contains(@data-kt ,\"webshopDetailSiteLink\")]"}
COMMAND: POST /session/98e00ad9af735ef01915863a208aaa77/element - {"using":"xpath","value":"//span[contains(text(), \"WebdriverYardjjtihg\")][contains(@id ,\"application-addressmanagement-display-component---detailAdm--addressDetailDetailsName1\")]"}
COMMAND: GET /session/98e00ad9af735ef01915863a208aaa77/screenshot - {}
RESULT: {}
RESULT: {"using":"xpath","value":"//span[contains(text(), \"WebdriverYardjjtihg\")][contains(@id ,\"application-addressmanagement-display-component---detailAdm--addressDetailDetailsName1\")]"}
RESULT: {"using":"xpath","value":"//*[contains(@data-kt ,\"webshopDetailSiteLink\")]"}
COMMAND: POST /session/98e00ad9af735ef01915863a208aaa77/element/f.A56533DF14A1AA9A63544B9B62196BA5.d.29E0F5001844BB5D8818051F81653FBD.e.3981/click - {}
RESULT: {}
RESULT: {}
COMMAND: GET /session/98e00ad9af735ef01915863a208aaa77/screenshot - {}
COMMAND: POST /session/98e00ad9af735ef01915863a208aaa77/element - {"using":"xpath","value":"//span[contains(text(), \"WebdriverYardjjtihg\")][contains(@id ,\"application-addressmanagement-display-component---detailAdm--addressDetailDetailsName1\")]"}
RESULT: {}
RESULT: {"using":"xpath","value":"//span[contains(text(), \"WebdriverYardjjtihg\")][contains(@id ,\"application-addressmanagement-display-component---detailAdm--addressDetailDetailsName1\")]"}
COMMAND: POST /session/98e00ad9af735ef01915863a208aaa77/element - {"using":"xpath","value":"//span[contains(text(), \"WebdriverYardjjtihg\")][contains(@id ,\"application-addressmanagement-display-component---detailAdm--addressDetailDetailsName1\")]"}
RESULT: {"using":"xpath","value":"//span[contains(text(), \"WebdriverYardjjtihg\")][contains(@id ,\"application-addressmanagement-display-component---detailAdm--addressDetailDetailsName1\")]"}
COMMAND: POST /session/98e00ad9af735ef01915863a208aaa77/element - {"using":"xpath","value":"//span[contains(text(), \"WebdriverYardjjtihg\")][contains(@id ,\"application-addressmanagement-display-component---detailAdm--addressDetailDetailsName1\")]"}
COMMAND: POST /session/98e00ad9af735ef01915863a208aaa77/element - {"using":"xpath","value":"//*[contains(@data-kt ,\"ContextMenuIdLink\")][contains(text(), \"Manage Site\")]"}
RESULT: {"using":"xpath","value":"//span[contains(text(), \"WebdriverYardjjtihg\")][contains(@id ,\"application-addressmanagement-display-component---detailAdm--addressDetailDetailsName1\")]"}
RESULT: {"using":"xpath","value":"//*[contains(@data-kt ,\"ContextMenuIdLink\")][contains(text(), \"Manage Site\")]"}
COMMAND: POST /session/98e00ad9af735ef01915863a208aaa77/execute/sync - {"script":"<script> [8489 bytes]","args":[{"element-6066-11e4-a52e-4f735466cecf":"f.A56533DF14A1AA9A63544B9B62196BA5.d.29E0F5001844BB5D8818051F81653FBD.e.3983","ELEMENT":"f.A56533DF14A1AA9A63544B9B62196BA5.d.29E0F5001844BB5D8818051F81653FBD.e.3983"}]}
COMMAND: POST /session/98e00ad9af735ef01915863a208aaa77/element - {"using":"xpath","value":"//*[contains(@data-kt ,\"ContextMenuId2Link\")][contains(text(), \"Site Overview\")]"}
RESULT: {"script":"<script> [8489 bytes]","args":[{"element-6066-11e4-a52e-4f735466cecf":"f.A56533DF14A1AA9A63544B9B62196BA5.d.29E0F5001844BB5D8818051F81653FBD.e.3983","ELEMENT":"f.A56533DF14A1AA9A63544B9B62196BA5.d.29E0F5001844BB5D8818051F81653FBD.e.3983"}]}
RESULT: {"using":"xpath","value":"//*[contains(@data-kt ,\"ContextMenuId2Link\")][contains(text(), \"Site Overview\")]"}
COMMAND: POST /session/98e00ad9af735ef01915863a208aaa77/execute/sync - {"script":"<script> [8489 bytes]","args":[{"element-6066-11e4-a52e-4f735466cecf":"f.A56533DF14A1AA9A63544B9B62196BA5.d.29E0F5001844BB5D8818051F81653FBD.e.3984","ELEMENT":"f.A56533DF14A1AA9A63544B9B62196BA5.d.29E0F5001844BB5D8818051F81653FBD.e.3984"}]}
COMMAND: POST /session/98e00ad9af735ef01915863a208aaa77/element - {"using":"xpath","value":"//*[contains(@data-kt ,\"ContextMenuId3Link\")][contains(text(), \"Site Main Address\")]"}
COMMAND: GET /session/98e00ad9af735ef01915863a208aaa77/screenshot - {}
RESULT: {"script":"<script> [8489 bytes]","args":[{"element-6066-11e4-a52e-4f735466cecf":"f.A56533DF14A1AA9A63544B9B62196BA5.d.29E0F5001844BB5D8818051F81653FBD.e.3984","ELEMENT":"f.A56533DF14A1AA9A63544B9B62196BA5.d.29E0F5001844BB5D8818051F81653FBD.e.3984"}]}
RESULT: {"using":"xpath","value":"//*[contains(@data-kt ,\"ContextMenuId3Link\")][contains(text(), \"Site Main Address\")]"}
COMMAND: POST /session/98e00ad9af735ef01915863a208aaa77/execute/sync - {"script":"<script> [8489 bytes]","args":[{"element-6066-11e4-a52e-4f735466cecf":"f.A56533DF14A1AA9A63544B9B62196BA5.d.29E0F5001844BB5D8818051F81653FBD.e.3985","ELEMENT":"f.A56533DF14A1AA9A63544B9B62196BA5.d.29E0F5001844BB5D8818051F81653FBD.e.3985"}]}
COMMAND: POST /session/98e00ad9af735ef01915863a208aaa77/element/f.A56533DF14A1AA9A63544B9B62196BA5.d.29E0F5001844BB5D8818051F81653FBD.e.3983/click - {}
COMMAND: GET /session/98e00ad9af735ef01915863a208aaa77/screenshot - {}
RESULT: {}
RESULT: {"script":"<script> [8489 bytes]","args":[{"element-6066-11e4-a52e-4f735466cecf":"f.A56533DF14A1AA9A63544B9B62196BA5.d.29E0F5001844BB5D8818051F81653FBD.e.3985","ELEMENT":"f.A56533DF14A1AA9A63544B9B62196BA5.d.29E0F5001844BB5D8818051F81653FBD.e.3985"}]}
COMMAND: GET /session/98e00ad9af735ef01915863a208aaa77/screenshot - {}
RESULT: {}
COMMAND: POST /session/98e00ad9af735ef01915863a208aaa77/element - {"using":"xpath","value":"//span[contains(text(), \"WebdriverYardjjtihg\")][contains(@id ,\"application-addressmanagement-display-component---detailAdm--addressDetailDetailsName1\")]"}
COMMAND: GET /session/98e00ad9af735ef01915863a208aaa77/screenshot - {}
RESULT: {}
RESULT: {}
RESULT: {"using":"xpath","value":"//span[contains(text(), \"WebdriverYardjjtihg\")][contains(@id ,\"application-addressmanagement-display-component---detailAdm--addressDetailDetailsName1\")]"}
RESULT: {}
COMMAND: POST /session/98e00ad9af735ef01915863a208aaa77/element - {"using":"xpath","value":"//span[contains(text(), \"WebdriverYardjjtihg\")][contains(@id ,\"application-addressmanagement-display-component---detailAdm--addressDetailDetailsName1\")]"}
RESULT: {"using":"xpath","value":"//span[contains(text(), \"WebdriverYardjjtihg\")][contains(@id ,\"application-addressmanagement-display-component---detailAdm--addressDetailDetailsName1\")]"}
COMMAND: POST /session/98e00ad9af735ef01915863a208aaa77/element - {"using":"xpath","value":"//span[contains(text(), \"WebdriverYardjjtihg\")][contains(@id ,\"application-addressmanagement-display-component---detailAdm--addressDetailDetailsName1\")]"}
RESULT: {"using":"xpath","value":"//span[contains(text(), \"WebdriverYardjjtihg\")][contains(@id ,\"application-addressmanagement-display-component---detailAdm--addressDetailDetailsName1\")]"}
COMMAND: POST /session/98e00ad9af735ef01915863a208aaa77/element - {"using":"xpath","value":"//span[contains(text(), \"WebdriverYardjjtihg\")][contains(@id ,\"application-addressmanagement-display-component---detailAdm--addressDetailDetailsName1\")]"}
RESULT: {"using":"xpath","value":"//span[contains(text(), \"WebdriverYardjjtihg\")][contains(@id ,\"application-addressmanagement-display-component---detailAdm--addressDetailDetailsName1\")]"}
COMMAND: POST /session/98e00ad9af735ef01915863a208aaa77/element - {"using":"xpath","value":"//span[contains(text(), \"WebdriverYardjjtihg\")][contains(@id ,\"application-addressmanagement-display-component---detailAdm--addressDetailDetailsName1\")]"}
RESULT: {"using":"xpath","value":"//span[contains(text(), \"WebdriverYardjjtihg\")][contains(@id ,\"application-addressmanagement-display-component---detailAdm--addressDetailDetailsName1\")]"}
COMMAND: POST /session/98e00ad9af735ef01915863a208aaa77/element - {"using":"xpath","value":"//span[contains(text(), \"WebdriverYardjjtihg\")][contains(@id ,\"application-addressmanagement-display-component---detailAdm--addressDetailDetailsName1\")]"}
RESULT: {"using":"xpath","value":"//span[contains(text(), \"WebdriverYardjjtihg\")][contains(@id ,\"application-addressmanagement-display-component---detailAdm--addressDetailDetailsName1\")]"}
COMMAND: POST /session/98e00ad9af735ef01915863a208aaa77/execute/async - {"script":"<script> [1562 bytes]","args":[{"selector":{"controlType":"sap.m.Title","viewName":"etm.portal.ui.managesites.view.Master","viewId":"application-managesites-display-component---masterSite","i18NText":{"propertyName":"text","key":"sites"}},"wdio_ui5_key":"etmportal.ui.managesites.view.Mastersap.m.Title{\"propertyName\":\"text\",\"key\":\"sites\"}"}]}
COMMAND: POST /session/98e00ad9af735ef01915863a208aaa77/element - {"using":"xpath","value":"//span[contains(text(), \"WebdriverYardjjtihg\")][contains(@id ,\"application-addressmanagement-display-component---detailAdm--addressDetailDetailsName1\")]"}
RESULT: {"script":"<script> [1562 bytes]","args":[{"selector":{"controlType":"sap.m.Title","viewName":"etm.portal.ui.managesites.view.Master","viewId":"application-managesites-display-component---masterSite","i18NText":{"propertyName":"text","key":"sites"}},"wdio_ui5_key":"etmportal.ui.managesites.view.Mastersap.m.Title{\"propertyName\":\"text\",\"key\":\"sites\"}"}]}
RESULT: undefined
COMMAND: POST /session/98e00ad9af735ef01915863a208aaa77/execute/async - {"script":"<script> [6424 bytes]","args":[{"element-6066-11e4-a52e-4f735466cecf":"f.A56533DF14A1AA9A63544B9B62196BA5.d.29E0F5001844BB5D8818051F81653FBD.e.4199"},"getText",[]]}
RESULT: {"using":"xpath","value":"//span[contains(text(), \"WebdriverYardjjtihg\")][contains(@id ,\"application-addressmanagement-display-component---detailAdm--addressDetailDetailsName1\")]"}
RESULT: {"script":"<script> [6424 bytes]","args":[{"element-6066-11e4-a52e-4f735466cecf":"f.A56533DF14A1AA9A63544B9B62196BA5.d.29E0F5001844BB5D8818051F81653FBD.e.4199"},"getText",[]]}
COMMAND: POST /session/98e00ad9af735ef01915863a208aaa77/execute/async - {"script":"<script> [1562 bytes]","args":[{"selector":{"id":"application-managesites-display-component---detailSite--addressDetailDetailsName1"},"wdio_ui5_key":"applicationmanagesites-display-component---detailSite--addressDetailDetailsName1"}]}
COMMAND: POST /session/98e00ad9af735ef01915863a208aaa77/element - {"using":"xpath","value":"//span[contains(text(), \"WebdriverYardjjtihg\")][contains(@id ,\"application-addressmanagement-display-component---detailAdm--addressDetailDetailsName1\")]"}
RESULT: {"script":"<script> [1562 bytes]","args":[{"selector":{"id":"application-managesites-display-component---detailSite--addressDetailDetailsName1"},"wdio_ui5_key":"applicationmanagesites-display-component---detailSite--addressDetailDetailsName1"}]}
RESULT: undefined
COMMAND: POST /session/98e00ad9af735ef01915863a208aaa77/execute/async - {"script":"<script> [6424 bytes]","args":[{"element-6066-11e4-a52e-4f735466cecf":"f.A56533DF14A1AA9A63544B9B62196BA5.d.29E0F5001844BB5D8818051F81653FBD.e.4049"},"getValue",[]]}
RESULT: {"using":"xpath","value":"//span[contains(text(), \"WebdriverYardjjtihg\")][contains(@id ,\"application-addressmanagement-display-component---detailAdm--addressDetailDetailsName1\")]"}
RESULT: {"script":"<script> [6424 bytes]","args":[{"element-6066-11e4-a52e-4f735466cecf":"f.A56533DF14A1AA9A63544B9B62196BA5.d.29E0F5001844BB5D8818051F81653FBD.e.4049"},"getValue",[]]}
RESULT: undefined
COMMAND: POST /session/98e00ad9af735ef01915863a208aaa77/element - {"using":"xpath","value":"//*[@id=\"backBtn\"]"}
RESULT: {"using":"xpath","value":"//*[@id=\"backBtn\"]"}
COMMAND: POST /session/98e00ad9af735ef01915863a208aaa77/element/f.A56533DF14A1AA9A63544B9B62196BA5.d.29E0F5001844BB5D8818051F81653FBD.e.3157/click - {}
COMMAND: POST /session/98e00ad9af735ef01915863a208aaa77/element - {"using":"xpath","value":"//span[contains(text(), \"WebdriverYardjjtihg\")][contains(@id ,\"application-addressmanagement-display-component---detailAdm--addressDetailDetailsName1\")]"}
RESULT: {}
COMMAND: GET /session/98e00ad9af735ef01915863a208aaa77/screenshot - {}
RESULT: {"using":"xpath","value":"//span[contains(text(), \"WebdriverYardjjtihg\")][contains(@id ,\"application-addressmanagement-display-component---detailAdm--addressDetailDetailsName1\")]"}
COMMAND: POST /session/98e00ad9af735ef01915863a208aaa77/element - {"using":"xpath","value":"//span[contains(text(), \"WebdriverYardjjtihg\")][contains(@id ,\"application-addressmanagement-display-component---detailAdm--addressDetailDetailsName1\")]"}
RESULT: {}
RESULT: {"using":"xpath","value":"//span[contains(text(), \"WebdriverYardjjtihg\")][contains(@id ,\"application-addressmanagement-display-component---detailAdm--addressDetailDetailsName1\")]"}
COMMAND: POST /session/98e00ad9af735ef01915863a208aaa77/execute/sync - {"script":"<script> [8489 bytes]","args":[{"element-6066-11e4-a52e-4f735466cecf":"f.A56533DF14A1AA9A63544B9B62196BA5.d.29E0F5001844BB5D8818051F81653FBD.e.3981","ELEMENT":"f.A56533DF14A1AA9A63544B9B62196BA5.d.29E0F5001844BB5D8818051F81653FBD.e.3981"}]}
COMMAND: POST /session/98e00ad9af735ef01915863a208aaa77/element - {"using":"xpath","value":"//*[contains(@data-kt ,\"webshopDetailSiteLink\")]"}
COMMAND: POST /session/98e00ad9af735ef01915863a208aaa77/element - {"using":"xpath","value":"//span[contains(text(), \"WebdriverYardjjtihg\")][contains(@id ,\"application-addressmanagement-display-component---detailAdm--addressDetailDetailsName1\")]"}
RESULT: {"using":"xpath","value":"//*[contains(@data-kt ,\"webshopDetailSiteLink\")]"}
COMMAND: POST /session/98e00ad9af735ef01915863a208aaa77/execute/sync - {"script":"<script> [8489 bytes]","args":[{"element-6066-11e4-a52e-4f735466cecf":"f.A56533DF14A1AA9A63544B9B62196BA5.d.29E0F5001844BB5D8818051F81653FBD.e.4354","ELEMENT":"f.A56533DF14A1AA9A63544B9B62196BA5.d.29E0F5001844BB5D8818051F81653FBD.e.4354"}]}
RESULT: {"using":"xpath","value":"//span[contains(text(), \"WebdriverYardjjtihg\")][contains(@id ,\"application-addressmanagement-display-component---detailAdm--addressDetailDetailsName1\")]"}
RESULT: {"script":"<script> [8489 bytes]","args":[{"element-6066-11e4-a52e-4f735466cecf":"f.A56533DF14A1AA9A63544B9B62196BA5.d.29E0F5001844BB5D8818051F81653FBD.e.4354","ELEMENT":"f.A56533DF14A1AA9A63544B9B62196BA5.d.29E0F5001844BB5D8818051F81653FBD.e.4354"}]}
COMMAND: POST /session/98e00ad9af735ef01915863a208aaa77/execute/sync - {"script":"<script> [5351 bytes]","args":[{"element-6066-11e4-a52e-4f735466cecf":"f.A56533DF14A1AA9A63544B9B62196BA5.d.29E0F5001844BB5D8818051F81653FBD.e.4354","ELEMENT":"f.A56533DF14A1AA9A63544B9B62196BA5.d.29E0F5001844BB5D8818051F81653FBD.e.4354"}]}
COMMAND: GET /session/98e00ad9af735ef01915863a208aaa77/screenshot - {}
RESULT: {"script":"<script> [5351 bytes]","args":[{"element-6066-11e4-a52e-4f735466cecf":"f.A56533DF14A1AA9A63544B9B62196BA5.d.29E0F5001844BB5D8818051F81653FBD.e.4354","ELEMENT":"f.A56533DF14A1AA9A63544B9B62196BA5.d.29E0F5001844BB5D8818051F81653FBD.e.4354"}]}
COMMAND: POST /session/98e00ad9af735ef01915863a208aaa77/element - {"using":"xpath","value":"//*[contains(@data-kt ,\"webshopDetailSiteLink\")]"}
COMMAND: GET /session/98e00ad9af735ef01915863a208aaa77/screenshot - {}
COMMAND: POST /session/98e00ad9af735ef01915863a208aaa77/element - {"using":"xpath","value":"//span[contains(text(), \"WebdriverYardjjtihg\")][contains(@id ,\"application-addressmanagement-display-component---detailAdm--addressDetailDetailsName1\")]"}
RESULT: {}
RESULT: {"using":"xpath","value":"//*[contains(@data-kt ,\"webshopDetailSiteLink\")]"}
COMMAND: POST /session/98e00ad9af735ef01915863a208aaa77/element/f.A56533DF14A1AA9A63544B9B62196BA5.d.29E0F5001844BB5D8818051F81653FBD.e.4354/click - {}
RESULT: {}
RESULT: {"using":"xpath","value":"//span[contains(text(), \"WebdriverYardjjtihg\")][contains(@id ,\"application-addressmanagement-display-component---detailAdm--addressDetailDetailsName1\")]"}
RESULT: {}
COMMAND: GET /session/98e00ad9af735ef01915863a208aaa77/screenshot - {}
RESULT: {}
COMMAND: POST /session/98e00ad9af735ef01915863a208aaa77/element - {"using":"xpath","value":"//span[contains(text(), \"WebdriverYardjjtihg\")][contains(@id ,\"application-addressmanagement-display-component---detailAdm--addressDetailDetailsName1\")]"}
RESULT: {"using":"xpath","value":"//span[contains(text(), \"WebdriverYardjjtihg\")][contains(@id ,\"application-addressmanagement-display-component---detailAdm--addressDetailDetailsName1\")]"}
COMMAND: POST /session/98e00ad9af735ef01915863a208aaa77/element - {"using":"xpath","value":"//span[contains(text(), \"WebdriverYardjjtihg\")][contains(@id ,\"application-addressmanagement-display-component---detailAdm--addressDetailDetailsName1\")]"}
RESULT: {"using":"xpath","value":"//span[contains(text(), \"WebdriverYardjjtihg\")][contains(@id ,\"application-addressmanagement-display-component---detailAdm--addressDetailDetailsName1\")]"}
COMMAND: POST /session/98e00ad9af735ef01915863a208aaa77/element - {"using":"xpath","value":"//span[contains(text(), \"WebdriverYardjjtihg\")][contains(@id ,\"application-addressmanagement-display-component---detailAdm--addressDetailDetailsName1\")]"}
RESULT: {"using":"xpath","value":"//span[contains(text(), \"WebdriverYardjjtihg\")][contains(@id ,\"application-addressmanagement-display-component---detailAdm--addressDetailDetailsName1\")]"}
COMMAND: POST /session/98e00ad9af735ef01915863a208aaa77/element - {"using":"xpath","value":"//span[contains(text(), \"WebdriverYardjjtihg\")][contains(@id ,\"application-addressmanagement-display-component---detailAdm--addressDetailDetailsName1\")]"}
RESULT: {"using":"xpath","value":"//span[contains(text(), \"WebdriverYardjjtihg\")][contains(@id ,\"application-addressmanagement-display-component---detailAdm--addressDetailDetailsName1\")]"}
COMMAND: POST /session/98e00ad9af735ef01915863a208aaa77/element/f.A56533DF14A1AA9A63544B9B62196BA5.d.29E0F5001844BB5D8818051F81653FBD.e.3984/click - {}
COMMAND: POST /session/98e00ad9af735ef01915863a208aaa77/element - {"using":"xpath","value":"//*[contains(@data-kt ,\"ContextMenuId2Link\")][contains(text(), \"Site Overview\")]"}
RESULT: {"using":"xpath","value":"//*[contains(@data-kt ,\"ContextMenuId2Link\")][contains(text(), \"Site Overview\")]"}
COMMAND: POST /session/98e00ad9af735ef01915863a208aaa77/element/f.A56533DF14A1AA9A63544B9B62196BA5.d.29E0F5001844BB5D8818051F81653FBD.e.3984/click - {}
COMMAND: POST /session/98e00ad9af735ef01915863a208aaa77/element - {"using":"xpath","value":"//*[contains(@data-kt ,\"ContextMenuId2Link\")][contains(text(), \"Site Overview\")]"}
RESULT: {"using":"xpath","value":"//*[contains(@data-kt ,\"ContextMenuId2Link\")][contains(text(), \"Site Overview\")]"}
COMMAND: POST /session/98e00ad9af735ef01915863a208aaa77/element/f.A56533DF14A1AA9A63544B9B62196BA5.d.29E0F5001844BB5D8818051F81653FBD.e.4358/click - {}
COMMAND: POST /session/98e00ad9af735ef01915863a208aaa77/element - {"using":"xpath","value":"//span[contains(text(), \"WebdriverYardjjtihg\")][contains(@id ,\"application-addressmanagement-display-component---detailAdm--addressDetailDetailsName1\")]"}
RESULT: {}
RESULT: {"using":"xpath","value":"//span[contains(text(), \"WebdriverYardjjtihg\")][contains(@id ,\"application-addressmanagement-display-component---detailAdm--addressDetailDetailsName1\")]"}
COMMAND: GET /session/98e00ad9af735ef01915863a208aaa77/screenshot - {}
RESULT: {}
COMMAND: POST /session/98e00ad9af735ef01915863a208aaa77/element - {"using":"xpath","value":"//span[contains(text(), \"WebdriverYardjjtihg\")][contains(@id ,\"application-addressmanagement-display-component---detailAdm--addressDetailDetailsName1\")]"}
RESULT: {"using":"xpath","value":"//span[contains(text(), \"WebdriverYardjjtihg\")][contains(@id ,\"application-addressmanagement-display-component---detailAdm--addressDetailDetailsName1\")]"}
COMMAND: POST /session/98e00ad9af735ef01915863a208aaa77/element - {"using":"xpath","value":"//span[contains(text(), \"WebdriverYardjjtihg\")][contains(@id ,\"application-addressmanagement-display-component---detailAdm--addressDetailDetailsName1\")]"}
RESULT: {"using":"xpath","value":"//span[contains(text(), \"WebdriverYardjjtihg\")][contains(@id ,\"application-addressmanagement-display-component---detailAdm--addressDetailDetailsName1\")]"}
COMMAND: POST /session/98e00ad9af735ef01915863a208aaa77/element - {"using":"xpath","value":"//span[contains(text(), \"WebdriverYardjjtihg\")][contains(@id ,\"application-addressmanagement-display-component---detailAdm--addressDetailDetailsName1\")]"}
RESULT: {"using":"xpath","value":"//span[contains(text(), \"WebdriverYardjjtihg\")][contains(@id ,\"application-addressmanagement-display-component---detailAdm--addressDetailDetailsName1\")]"}
COMMAND: POST /session/98e00ad9af735ef01915863a208aaa77/element - {"using":"xpath","value":"//span[contains(text(), \"WebdriverYardjjtihg\")][contains(@id ,\"application-addressmanagement-display-component---detailAdm--addressDetailDetailsName1\")]"}
RESULT: {"using":"xpath","value":"//span[contains(text(), \"WebdriverYardjjtihg\")][contains(@id ,\"application-addressmanagement-display-component---detailAdm--addressDetailDetailsName1\")]"}
COMMAND: POST /session/98e00ad9af735ef01915863a208aaa77/element - {"using":"xpath","value":"//span[contains(text(), \"WebdriverYardjjtihg\")][contains(@id ,\"application-addressmanagement-display-component---detailAdm--addressDetailDetailsName1\")]"}
RESULT: {"using":"xpath","value":"//span[contains(text(), \"WebdriverYardjjtihg\")][contains(@id ,\"application-addressmanagement-display-component---detailAdm--addressDetailDetailsName1\")]"}
RESULT: undefined
COMMAND: POST /session/98e00ad9af735ef01915863a208aaa77/execute/async - {"script":"<script> [6424 bytes]","args":[{"element-6066-11e4-a52e-4f735466cecf":"f.A56533DF14A1AA9A63544B9B62196BA5.d.29E0F5001844BB5D8818051F81653FBD.e.3155"},"getTitle",[]]}
COMMAND: POST /session/98e00ad9af735ef01915863a208aaa77/execute/async - {"script":"<script> [1562 bytes]","args":[{"selector":{"id":"shellAppTitle"},"wdio_ui5_key":"shellAppTitle"}]}
RESULT: {"script":"<script> [1562 bytes]","args":[{"selector":{"id":"shellAppTitle"},"wdio_ui5_key":"shellAppTitle"}]}
COMMAND: POST /session/98e00ad9af735ef01915863a208aaa77/execute/async - {"script":"<script> [6424 bytes]","args":[{"element-6066-11e4-a52e-4f735466cecf":"f.A56533DF14A1AA9A63544B9B62196BA5.d.29E0F5001844BB5D8818051F81653FBD.e.4439"},"getTitle",[]]}
RESULT: {"script":"<script> [6424 bytes]","args":[{"element-6066-11e4-a52e-4f735466cecf":"f.A56533DF14A1AA9A63544B9B62196BA5.d.29E0F5001844BB5D8818051F81653FBD.e.4439"},"getTitle",[]]}
COMMAND: POST /session/98e00ad9af735ef01915863a208aaa77/element - {"using":"xpath","value":"(//span[contains(text(), \"WebdriverSitewb2ln\")])[2]"}
RESULT: {"using":"xpath","value":"(//span[contains(text(), \"WebdriverSitewb2ln\")])[2]"}
COMMAND: POST /session/98e00ad9af735ef01915863a208aaa77/execute/sync - {"script":"<script> [8489 bytes]","args":[{"element-6066-11e4-a52e-4f735466cecf":"f.A56533DF14A1AA9A63544B9B62196BA5.d.29E0F5001844BB5D8818051F81653FBD.e.4440","ELEMENT":"f.A56533DF14A1AA9A63544B9B62196BA5.d.29E0F5001844BB5D8818051F81653FBD.e.4440"}]}
RESULT: undefined
COMMAND: POST /session/98e00ad9af735ef01915863a208aaa77/element - {"using":"xpath","value":"//*[@id=\"backBtn\"]"}
RESULT: {"script":"<script> [8489 bytes]","args":[{"element-6066-11e4-a52e-4f735466cecf":"f.A56533DF14A1AA9A63544B9B62196BA5.d.29E0F5001844BB5D8818051F81653FBD.e.4440","ELEMENT":"f.A56533DF14A1AA9A63544B9B62196BA5.d.29E0F5001844BB5D8818051F81653FBD.e.4440"}]}
COMMAND: GET /session/98e00ad9af735ef01915863a208aaa77/screenshot - {}
RESULT: {"using":"xpath","value":"//*[@id=\"backBtn\"]"}
COMMAND: POST /session/98e00ad9af735ef01915863a208aaa77/element/f.A56533DF14A1AA9A63544B9B62196BA5.d.29E0F5001844BB5D8818051F81653FBD.e.3157/click - {}
RESULT: {}
RESULT: {}
COMMAND: GET /session/98e00ad9af735ef01915863a208aaa77/screenshot - {}
RESULT: {}
COMMAND: POST /session/98e00ad9af735ef01915863a208aaa77/execute/sync - {"script":"<script> [8489 bytes]","args":[{"element-6066-11e4-a52e-4f735466cecf":"f.A56533DF14A1AA9A63544B9B62196BA5.d.29E0F5001844BB5D8818051F81653FBD.e.4354","ELEMENT":"f.A56533DF14A1AA9A63544B9B62196BA5.d.29E0F5001844BB5D8818051F81653FBD.e.4354"}]}
COMMAND: POST /session/98e00ad9af735ef01915863a208aaa77/element - {"using":"xpath","value":"//*[contains(@data-kt ,\"webshopDetailSiteLink\")]"}
RESULT: {"using":"xpath","value":"//*[contains(@data-kt ,\"webshopDetailSiteLink\")]"}
COMMAND: POST /session/98e00ad9af735ef01915863a208aaa77/execute/sync - {"script":"<script> [8489 bytes]","args":[{"element-6066-11e4-a52e-4f735466cecf":"f.A56533DF14A1AA9A63544B9B62196BA5.d.29E0F5001844BB5D8818051F81653FBD.e.4571","ELEMENT":"f.A56533DF14A1AA9A63544B9B62196BA5.d.29E0F5001844BB5D8818051F81653FBD.e.4571"}]}
RESULT: {"script":"<script> [8489 bytes]","args":[{"element-6066-11e4-a52e-4f735466cecf":"f.A56533DF14A1AA9A63544B9B62196BA5.d.29E0F5001844BB5D8818051F81653FBD.e.4571","ELEMENT":"f.A56533DF14A1AA9A63544B9B62196BA5.d.29E0F5001844BB5D8818051F81653FBD.e.4571"}]}
COMMAND: POST /session/98e00ad9af735ef01915863a208aaa77/execute/sync - {"script":"<script> [5351 bytes]","args":[{"element-6066-11e4-a52e-4f735466cecf":"f.A56533DF14A1AA9A63544B9B62196BA5.d.29E0F5001844BB5D8818051F81653FBD.e.4571","ELEMENT":"f.A56533DF14A1AA9A63544B9B62196BA5.d.29E0F5001844BB5D8818051F81653FBD.e.4571"}]}
COMMAND: GET /session/98e00ad9af735ef01915863a208aaa77/screenshot - {}
RESULT: {"script":"<script> [5351 bytes]","args":[{"element-6066-11e4-a52e-4f735466cecf":"f.A56533DF14A1AA9A63544B9B62196BA5.d.29E0F5001844BB5D8818051F81653FBD.e.4571","ELEMENT":"f.A56533DF14A1AA9A63544B9B62196BA5.d.29E0F5001844BB5D8818051F81653FBD.e.4571"}]}
COMMAND: POST /session/98e00ad9af735ef01915863a208aaa77/element - {"using":"xpath","value":"//*[contains(@data-kt ,\"webshopDetailSiteLink\")]"}
COMMAND: GET /session/98e00ad9af735ef01915863a208aaa77/screenshot - {}
RESULT: {}
RESULT: {}
RESULT: {"using":"xpath","value":"//*[contains(@data-kt ,\"webshopDetailSiteLink\")]"}
COMMAND: POST /session/98e00ad9af735ef01915863a208aaa77/element/f.A56533DF14A1AA9A63544B9B62196BA5.d.29E0F5001844BB5D8818051F81653FBD.e.4571/click - {}
RESULT: {}
COMMAND: GET /session/98e00ad9af735ef01915863a208aaa77/screenshot - {}
RESULT: {}
COMMAND: POST /session/98e00ad9af735ef01915863a208aaa77/element/f.A56533DF14A1AA9A63544B9B62196BA5.d.29E0F5001844BB5D8818051F81653FBD.e.3985/click - {}
COMMAND: POST /session/98e00ad9af735ef01915863a208aaa77/element - {"using":"xpath","value":"//*[contains(@data-kt ,\"ContextMenuId3Link\")][contains(text(), \"Site Main Address\")]"}
RESULT: {"using":"xpath","value":"//*[contains(@data-kt ,\"ContextMenuId3Link\")][contains(text(), \"Site Main Address\")]"}
COMMAND: POST /session/98e00ad9af735ef01915863a208aaa77/element/f.A56533DF14A1AA9A63544B9B62196BA5.d.29E0F5001844BB5D8818051F81653FBD.e.3985/click - {}
COMMAND: POST /session/98e00ad9af735ef01915863a208aaa77/element - {"using":"xpath","value":"//*[contains(@data-kt ,\"ContextMenuId3Link\")][contains(text(), \"Site Main Address\")]"}
RESULT: {"using":"xpath","value":"//*[contains(@data-kt ,\"ContextMenuId3Link\")][contains(text(), \"Site Main Address\")]"}
COMMAND: POST /session/98e00ad9af735ef01915863a208aaa77/element/f.A56533DF14A1AA9A63544B9B62196BA5.d.29E0F5001844BB5D8818051F81653FBD.e.4573/click - {}
RESULT: {}
COMMAND: GET /session/98e00ad9af735ef01915863a208aaa77/screenshot - {}
RESULT: {}
COMMAND: POST /session/98e00ad9af735ef01915863a208aaa77/element - {"using":"xpath","value":"//span[contains(@id ,\"application-addressmanagement-display-component---masterAdm--title1-inner\")]"}
RESULT: {"using":"xpath","value":"//span[contains(@id ,\"application-addressmanagement-display-component---masterAdm--title1-inner\")]"}
COMMAND: GET /session/98e00ad9af735ef01915863a208aaa77/element/f.A56533DF14A1AA9A63544B9B62196BA5.d.29E0F5001844BB5D8818051F81653FBD.e.4763/text - {}
RESULT: {}
COMMAND: POST /session/98e00ad9af735ef01915863a208aaa77/element - {"using":"xpath","value":"//span[contains(@id ,\"application-addressmanagement-display-component---detailAdm--addressDetailDetailsName1\")][contains(text(), \"WebdriverSitewb2ln\")]"}
RESULT: {"using":"xpath","value":"//span[contains(@id ,\"application-addressmanagement-display-component---detailAdm--addressDetailDetailsName1\")][contains(text(), \"WebdriverSitewb2ln\")]"}
COMMAND: POST /session/98e00ad9af735ef01915863a208aaa77/execute/sync - {"script":"<script> [8489 bytes]","args":[{"element-6066-11e4-a52e-4f735466cecf":"f.A56533DF14A1AA9A63544B9B62196BA5.d.29E0F5001844BB5D8818051F81653FBD.e.4764","ELEMENT":"f.A56533DF14A1AA9A63544B9B62196BA5.d.29E0F5001844BB5D8818051F81653FBD.e.4764"}]}
RESULT: undefined
COMMAND: POST /session/98e00ad9af735ef01915863a208aaa77/element - {"using":"xpath","value":"//*[@id=\"backBtn\"]"}
RESULT: {"using":"xpath","value":"//*[@id=\"backBtn\"]"}
COMMAND: POST /session/98e00ad9af735ef01915863a208aaa77/element/f.A56533DF14A1AA9A63544B9B62196BA5.d.29E0F5001844BB5D8818051F81653FBD.e.3157/click - {}
RESULT: {"script":"<script> [8489 bytes]","args":[{"element-6066-11e4-a52e-4f735466cecf":"f.A56533DF14A1AA9A63544B9B62196BA5.d.29E0F5001844BB5D8818051F81653FBD.e.4764","ELEMENT":"f.A56533DF14A1AA9A63544B9B62196BA5.d.29E0F5001844BB5D8818051F81653FBD.e.4764"}]}
COMMAND: GET /session/98e00ad9af735ef01915863a208aaa77/screenshot - {}
RESULT: {}
COMMAND: GET /session/98e00ad9af735ef01915863a208aaa77/screenshot - {}
RESULT: {}
RESULT: {}
COMMAND: POST /session/98e00ad9af735ef01915863a208aaa77/execute/sync - {"script":"<script> [8489 bytes]","args":[{"element-6066-11e4-a52e-4f735466cecf":"f.A56533DF14A1AA9A63544B9B62196BA5.d.29E0F5001844BB5D8818051F81653FBD.e.4571","ELEMENT":"f.A56533DF14A1AA9A63544B9B62196BA5.d.29E0F5001844BB5D8818051F81653FBD.e.4571"}]}
COMMAND: POST /session/98e00ad9af735ef01915863a208aaa77/element - {"using":"xpath","value":"//*[contains(@data-kt ,\"webshopDetailSiteLink\")]"}
RESULT: {"using":"xpath","value":"//*[contains(@data-kt ,\"webshopDetailSiteLink\")]"}
COMMAND: POST /session/98e00ad9af735ef01915863a208aaa77/execute/sync - {"script":"<script> [8489 bytes]","args":[{"element-6066-11e4-a52e-4f735466cecf":"f.A56533DF14A1AA9A63544B9B62196BA5.d.29E0F5001844BB5D8818051F81653FBD.e.4917","ELEMENT":"f.A56533DF14A1AA9A63544B9B62196BA5.d.29E0F5001844BB5D8818051F81653FBD.e.4917"}]}
RESULT: {"script":"<script> [8489 bytes]","args":[{"element-6066-11e4-a52e-4f735466cecf":"f.A56533DF14A1AA9A63544B9B62196BA5.d.29E0F5001844BB5D8818051F81653FBD.e.4917","ELEMENT":"f.A56533DF14A1AA9A63544B9B62196BA5.d.29E0F5001844BB5D8818051F81653FBD.e.4917"}]}
COMMAND: POST /session/98e00ad9af735ef01915863a208aaa77/execute/sync - {"script":"<script> [5351 bytes]","args":[{"element-6066-11e4-a52e-4f735466cecf":"f.A56533DF14A1AA9A63544B9B62196BA5.d.29E0F5001844BB5D8818051F81653FBD.e.4917","ELEMENT":"f.A56533DF14A1AA9A63544B9B62196BA5.d.29E0F5001844BB5D8818051F81653FBD.e.4917"}]}
COMMAND: GET /session/98e00ad9af735ef01915863a208aaa77/screenshot - {}
RESULT: {"script":"<script> [5351 bytes]","args":[{"element-6066-11e4-a52e-4f735466cecf":"f.A56533DF14A1AA9A63544B9B62196BA5.d.29E0F5001844BB5D8818051F81653FBD.e.4917","ELEMENT":"f.A56533DF14A1AA9A63544B9B62196BA5.d.29E0F5001844BB5D8818051F81653FBD.e.4917"}]}
COMMAND: POST /session/98e00ad9af735ef01915863a208aaa77/element - {"using":"xpath","value":"//*[contains(@data-kt ,\"webshopDetailSiteLink\")]"}
COMMAND: GET /session/98e00ad9af735ef01915863a208aaa77/screenshot - {}
RESULT: {}
RESULT: {"using":"xpath","value":"//*[contains(@data-kt ,\"webshopDetailSiteLink\")]"}
COMMAND: POST /session/98e00ad9af735ef01915863a208aaa77/element/f.A56533DF14A1AA9A63544B9B62196BA5.d.29E0F5001844BB5D8818051F81653FBD.e.4917/click - {}
RESULT: {}
RESULT: {}
COMMAND: GET /session/98e00ad9af735ef01915863a208aaa77/screenshot - {}
RESULT: {}
COMMAND: POST /session/98e00ad9af735ef01915863a208aaa77/element - {"using":"xpath","value":"//button[contains(@data-kt ,\"ContextMenuIdExternalLink\")]"}
RESULT: {"using":"xpath","value":"//button[contains(@data-kt ,\"ContextMenuIdExternalLink\")]"}
COMMAND: POST /session/98e00ad9af735ef01915863a208aaa77/element/f.A56533DF14A1AA9A63544B9B62196BA5.d.29E0F5001844BB5D8818051F81653FBD.e.4918/click - {}
RESULT: {}
COMMAND: GET /session/98e00ad9af735ef01915863a208aaa77/screenshot - {}
RESULT: {}
COMMAND: GET /session/98e00ad9af735ef01915863a208aaa77/window/handles - {}
RESULT: {}
COMMAND: POST /session/98e00ad9af735ef01915863a208aaa77/window - {"handle":"596590E0CF1FA44415D3701808306F6C"}
RESULT: {"handle":"596590E0CF1FA44415D3701808306F6C"}
COMMAND: GET /session/98e00ad9af735ef01915863a208aaa77/url - {}
RESULT: {}
COMMAND: GET /session/98e00ad9af735ef01915863a208aaa77/screenshot - {}
COMMAND: DELETE /session/98e00ad9af735ef01915863a208aaa77/window - {}
RESULT: {}
RESULT: {}
COMMAND: POST /session/98e00ad9af735ef01915863a208aaa77/window - {"handle":"A56533DF14A1AA9A63544B9B62196BA5"}
RESULT: {"handle":"A56533DF14A1AA9A63544B9B62196BA5"}
COMMAND: GET /session/98e00ad9af735ef01915863a208aaa77/url - {}
RESULT: {}
COMMAND: GET /session/98e00ad9af735ef01915863a208aaa77/screenshot - {}
RESULT: {}
COMMAND: POST /session/98e00ad9af735ef01915863a208aaa77/element - {"using":"xpath","value":"//button[contains(@data-kt ,\"ContextMenuExternalId2Link\")]"}
RESULT: {"using":"xpath","value":"//button[contains(@data-kt ,\"ContextMenuExternalId2Link\")]"}
COMMAND: POST /session/98e00ad9af735ef01915863a208aaa77/element/f.A56533DF14A1AA9A63544B9B62196BA5.d.29E0F5001844BB5D8818051F81653FBD.e.5169/click - {}
RESULT: {}
COMMAND: GET /session/98e00ad9af735ef01915863a208aaa77/screenshot - {}
RESULT: {}
COMMAND: GET /session/98e00ad9af735ef01915863a208aaa77/window/handles - {}
RESULT: {}
COMMAND: POST /session/98e00ad9af735ef01915863a208aaa77/window - {"handle":"5DF3B32DD23EA0F6EF910FF51CC46536"}
RESULT: {"handle":"5DF3B32DD23EA0F6EF910FF51CC46536"}
COMMAND: GET /session/98e00ad9af735ef01915863a208aaa77/url - {}
RESULT: {}
COMMAND: GET /session/98e00ad9af735ef01915863a208aaa77/screenshot - {}
RESULT: {}
COMMAND: POST /session/98e00ad9af735ef01915863a208aaa77/execute/sync - {"script":"<script> [8489 bytes]","args":[{"element-6066-11e4-a52e-4f735466cecf":"f.A56533DF14A1AA9A63544B9B62196BA5.d.29E0F5001844BB5D8818051F81653FBD.e.4440","ELEMENT":"f.A56533DF14A1AA9A63544B9B62196BA5.d.29E0F5001844BB5D8818051F81653FBD.e.4440"}]}
COMMAND: DELETE /session/98e00ad9af735ef01915863a208aaa77/window - {}
RESULT: {"script":"<script> [8489 bytes]","args":[{"element-6066-11e4-a52e-4f735466cecf":"f.A56533DF14A1AA9A63544B9B62196BA5.d.29E0F5001844BB5D8818051F81653FBD.e.4440","ELEMENT":"f.A56533DF14A1AA9A63544B9B62196BA5.d.29E0F5001844BB5D8818051F81653FBD.e.4440"}]}
COMMAND: GET /session/98e00ad9af735ef01915863a208aaa77/screenshot - {}
COMMAND: POST /session/98e00ad9af735ef01915863a208aaa77/execute/sync - {"script":"<script> [8489 bytes]","args":[{"element-6066-11e4-a52e-4f735466cecf":"f.A56533DF14A1AA9A63544B9B62196BA5.d.29E0F5001844BB5D8818051F81653FBD.e.4440","ELEMENT":"f.A56533DF14A1AA9A63544B9B62196BA5.d.29E0F5001844BB5D8818051F81653FBD.e.4440"}]}
RESULT: {}
COMMAND: POST /session/98e00ad9af735ef01915863a208aaa77/window - {"handle":"A56533DF14A1AA9A63544B9B62196BA5"}
RESULT: {"handle":"A56533DF14A1AA9A63544B9B62196BA5"}
COMMAND: GET /session/98e00ad9af735ef01915863a208aaa77/url - {}
RESULT: {}
COMMAND: POST /session/98e00ad9af735ef01915863a208aaa77/element - {"using":"xpath","value":"(//span[contains(text(), \"WebdriverSitewb2ln\")])[2]"}
RESULT: {}
COMMAND: GET /session/98e00ad9af735ef01915863a208aaa77/screenshot - {}
RESULT: {"using":"xpath","value":"(//span[contains(text(), \"WebdriverSitewb2ln\")])[2]"}
COMMAND: POST /session/98e00ad9af735ef01915863a208aaa77/element - {"using":"xpath","value":"(//span[contains(text(), \"WebdriverSitewb2ln\")])[2]"}
RESULT: {}
RESULT: {"using":"xpath","value":"(//span[contains(text(), \"WebdriverSitewb2ln\")])[2]"}
COMMAND: POST /session/98e00ad9af735ef01915863a208aaa77/element - {"using":"xpath","value":"(//span[contains(text(), \"WebdriverSitewb2ln\")])[2]"}
RESULT: {"using":"xpath","value":"(//span[contains(text(), \"WebdriverSitewb2ln\")])[2]"}
COMMAND: POST /session/98e00ad9af735ef01915863a208aaa77/element - {"using":"xpath","value":"(//span[contains(text(), \"WebdriverSitewb2ln\")])[2]"}
RESULT: {"using":"xpath","value":"(//span[contains(text(), \"WebdriverSitewb2ln\")])[2]"}
COMMAND: POST /session/98e00ad9af735ef01915863a208aaa77/element - {"using":"xpath","value":"(//span[contains(text(), \"WebdriverSitewb2ln\")])[2]"}
RESULT: {"using":"xpath","value":"(//span[contains(text(), \"WebdriverSitewb2ln\")])[2]"}
COMMAND: POST /session/98e00ad9af735ef01915863a208aaa77/element - {"using":"xpath","value":"(//span[contains(text(), \"WebdriverSitewb2ln\")])[2]"}
RESULT: {"using":"xpath","value":"(//span[contains(text(), \"WebdriverSitewb2ln\")])[2]"}
COMMAND: POST /session/98e00ad9af735ef01915863a208aaa77/element - {"using":"xpath","value":"(//span[contains(text(), \"WebdriverSitewb2ln\")])[2]"}
RESULT: {"using":"xpath","value":"(//span[contains(text(), \"WebdriverSitewb2ln\")])[2]"}
COMMAND: POST /session/98e00ad9af735ef01915863a208aaa77/element - {"using":"xpath","value":"(//span[contains(text(), \"WebdriverSitewb2ln\")])[2]"}
RESULT: {"using":"xpath","value":"(//span[contains(text(), \"WebdriverSitewb2ln\")])[2]"}
COMMAND: POST /session/98e00ad9af735ef01915863a208aaa77/element - {"using":"xpath","value":"(//span[contains(text(), \"WebdriverSitewb2ln\")])[2]"}
RESULT: {"using":"xpath","value":"(//span[contains(text(), \"WebdriverSitewb2ln\")])[2]"}
COMMAND: POST /session/98e00ad9af735ef01915863a208aaa77/element - {"using":"xpath","value":"(//span[contains(text(), \"WebdriverSitewb2ln\")])[2]"}
RESULT: {"using":"xpath","value":"(//span[contains(text(), \"WebdriverSitewb2ln\")])[2]"}
COMMAND: POST /session/98e00ad9af735ef01915863a208aaa77/element - {"using":"xpath","value":"(//span[contains(text(), \"WebdriverSitewb2ln\")])[2]"}
RESULT: {"using":"xpath","value":"(//span[contains(text(), \"WebdriverSitewb2ln\")])[2]"}
COMMAND: POST /session/98e00ad9af735ef01915863a208aaa77/execute/sync - {"script":"<script> [8489 bytes]","args":[{"element-6066-11e4-a52e-4f735466cecf":"f.A56533DF14A1AA9A63544B9B62196BA5.d.29E0F5001844BB5D8818051F81653FBD.e.4917","ELEMENT":"f.A56533DF14A1AA9A63544B9B62196BA5.d.29E0F5001844BB5D8818051F81653FBD.e.4917"}]}
RESULT: {"script":"<script> [8489 bytes]","args":[{"element-6066-11e4-a52e-4f735466cecf":"f.A56533DF14A1AA9A63544B9B62196BA5.d.29E0F5001844BB5D8818051F81653FBD.e.4917","ELEMENT":"f.A56533DF14A1AA9A63544B9B62196BA5.d.29E0F5001844BB5D8818051F81653FBD.e.4917"}]}
COMMAND: POST /session/98e00ad9af735ef01915863a208aaa77/execute/sync - {"script":"<script> [5351 bytes]","args":[{"element-6066-11e4-a52e-4f735466cecf":"f.A56533DF14A1AA9A63544B9B62196BA5.d.29E0F5001844BB5D8818051F81653FBD.e.4917","ELEMENT":"f.A56533DF14A1AA9A63544B9B62196BA5.d.29E0F5001844BB5D8818051F81653FBD.e.4917"}]}
COMMAND: GET /session/98e00ad9af735ef01915863a208aaa77/screenshot - {}
RESULT: {"script":"<script> [5351 bytes]","args":[{"element-6066-11e4-a52e-4f735466cecf":"f.A56533DF14A1AA9A63544B9B62196BA5.d.29E0F5001844BB5D8818051F81653FBD.e.4917","ELEMENT":"f.A56533DF14A1AA9A63544B9B62196BA5.d.29E0F5001844BB5D8818051F81653FBD.e.4917"}]}
COMMAND: POST /session/98e00ad9af735ef01915863a208aaa77/element - {"using":"xpath","value":"//*[contains(@data-kt ,\"webshopDetailSiteLink\")]"}
COMMAND: GET /session/98e00ad9af735ef01915863a208aaa77/screenshot - {}
RESULT: {}
RESULT: {"using":"xpath","value":"//*[contains(@data-kt ,\"webshopDetailSiteLink\")]"}
COMMAND: POST /session/98e00ad9af735ef01915863a208aaa77/element/f.A56533DF14A1AA9A63544B9B62196BA5.d.29E0F5001844BB5D8818051F81653FBD.e.4917/click - {}
COMMAND: POST /session/98e00ad9af735ef01915863a208aaa77/element - {"using":"xpath","value":"(//span[contains(text(), \"WebdriverSitewb2ln\")])[2]"}
RESULT: {}
RESULT: {}
COMMAND: GET /session/98e00ad9af735ef01915863a208aaa77/screenshot - {}
RESULT: {"using":"xpath","value":"(//span[contains(text(), \"WebdriverSitewb2ln\")])[2]"}
COMMAND: POST /session/98e00ad9af735ef01915863a208aaa77/execute/sync - {"script":"<script> [8489 bytes]","args":[{"element-6066-11e4-a52e-4f735466cecf":"f.A56533DF14A1AA9A63544B9B62196BA5.d.29E0F5001844BB5D8818051F81653FBD.e.5185","ELEMENT":"f.A56533DF14A1AA9A63544B9B62196BA5.d.29E0F5001844BB5D8818051F81653FBD.e.5185"}]}
RESULT: {}
RESULT: {"script":"<script> [8489 bytes]","args":[{"element-6066-11e4-a52e-4f735466cecf":"f.A56533DF14A1AA9A63544B9B62196BA5.d.29E0F5001844BB5D8818051F81653FBD.e.5185","ELEMENT":"f.A56533DF14A1AA9A63544B9B62196BA5.d.29E0F5001844BB5D8818051F81653FBD.e.5185"}]}
COMMAND: GET /session/98e00ad9af735ef01915863a208aaa77/screenshot - {}
RESULT: {}
COMMAND: POST /session/98e00ad9af735ef01915863a208aaa77/element - {"using":"xpath","value":"(//button[contains(@data-kt ,\"ContextMenuExternalId3Link\")])[2]"}
RESULT: {"using":"xpath","value":"(//button[contains(@data-kt ,\"ContextMenuExternalId3Link\")])[2]"}
COMMAND: POST /session/98e00ad9af735ef01915863a208aaa77/element/f.A56533DF14A1AA9A63544B9B62196BA5.d.29E0F5001844BB5D8818051F81653FBD.e.5186/click - {}
RESULT: {}
COMMAND: GET /session/98e00ad9af735ef01915863a208aaa77/screenshot - {}
RESULT: {}
COMMAND: GET /session/98e00ad9af735ef01915863a208aaa77/window/handles - {}
RESULT: {}
COMMAND: POST /session/98e00ad9af735ef01915863a208aaa77/window - {"handle":"6C80C820B1639A26D5E4B638CEEDF9EF"}
RESULT: {"handle":"6C80C820B1639A26D5E4B638CEEDF9EF"}
COMMAND: GET /session/98e00ad9af735ef01915863a208aaa77/url - {}
RESULT: {}
COMMAND: GET /session/98e00ad9af735ef01915863a208aaa77/screenshot - {}
COMMAND: POST /session/98e00ad9af735ef01915863a208aaa77/execute/sync - {"script":"<script> [8489 bytes]","args":[{"element-6066-11e4-a52e-4f735466cecf":"f.A56533DF14A1AA9A63544B9B62196BA5.d.29E0F5001844BB5D8818051F81653FBD.e.4764","ELEMENT":"f.A56533DF14A1AA9A63544B9B62196BA5.d.29E0F5001844BB5D8818051F81653FBD.e.4764"}]}
RESULT: {}
RESULT: {"script":"<script> [8489 bytes]","args":[{"element-6066-11e4-a52e-4f735466cecf":"f.A56533DF14A1AA9A63544B9B62196BA5.d.29E0F5001844BB5D8818051F81653FBD.e.4764","ELEMENT":"f.A56533DF14A1AA9A63544B9B62196BA5.d.29E0F5001844BB5D8818051F81653FBD.e.4764"}]}
COMMAND: GET /session/98e00ad9af735ef01915863a208aaa77/screenshot - {}
COMMAND: POST /session/98e00ad9af735ef01915863a208aaa77/execute/sync - {"script":"<script> [8489 bytes]","args":[{"element-6066-11e4-a52e-4f735466cecf":"f.A56533DF14A1AA9A63544B9B62196BA5.d.29E0F5001844BB5D8818051F81653FBD.e.4764","ELEMENT":"f.A56533DF14A1AA9A63544B9B62196BA5.d.29E0F5001844BB5D8818051F81653FBD.e.4764"}]}
RESULT: {}
RESULT: {"script":"<script> [8489 bytes]","args":[{"element-6066-11e4-a52e-4f735466cecf":"f.A56533DF14A1AA9A63544B9B62196BA5.d.29E0F5001844BB5D8818051F81653FBD.e.4764","ELEMENT":"f.A56533DF14A1AA9A63544B9B62196BA5.d.29E0F5001844BB5D8818051F81653FBD.e.4764"}]}
COMMAND: GET /session/98e00ad9af735ef01915863a208aaa77/screenshot - {}
RESULT: {}
COMMAND: POST /session/98e00ad9af735ef01915863a208aaa77/execute/sync - {"script":"<script> [8489 bytes]","args":[{"element-6066-11e4-a52e-4f735466cecf":"f.A56533DF14A1AA9A63544B9B62196BA5.d.29E0F5001844BB5D8818051F81653FBD.e.4764","ELEMENT":"f.A56533DF14A1AA9A63544B9B62196BA5.d.29E0F5001844BB5D8818051F81653FBD.e.4764"}]}
RESULT: {"script":"<script> [8489 bytes]","args":[{"element-6066-11e4-a52e-4f735466cecf":"f.A56533DF14A1AA9A63544B9B62196BA5.d.29E0F5001844BB5D8818051F81653FBD.e.4764","ELEMENT":"f.A56533DF14A1AA9A63544B9B62196BA5.d.29E0F5001844BB5D8818051F81653FBD.e.4764"}]}
COMMAND: GET /session/98e00ad9af735ef01915863a208aaa77/screenshot - {}
RESULT: {}
COMMAND: POST /session/98e00ad9af735ef01915863a208aaa77/execute/sync - {"script":"<script> [8489 bytes]","args":[{"element-6066-11e4-a52e-4f735466cecf":"f.A56533DF14A1AA9A63544B9B62196BA5.d.29E0F5001844BB5D8818051F81653FBD.e.4764","ELEMENT":"f.A56533DF14A1AA9A63544B9B62196BA5.d.29E0F5001844BB5D8818051F81653FBD.e.4764"}]}
RESULT: {"script":"<script> [8489 bytes]","args":[{"element-6066-11e4-a52e-4f735466cecf":"f.A56533DF14A1AA9A63544B9B62196BA5.d.29E0F5001844BB5D8818051F81653FBD.e.4764","ELEMENT":"f.A56533DF14A1AA9A63544B9B62196BA5.d.29E0F5001844BB5D8818051F81653FBD.e.4764"}]}
COMMAND: GET /session/98e00ad9af735ef01915863a208aaa77/screenshot - {}
RESULT: {}
COMMAND: POST /session/98e00ad9af735ef01915863a208aaa77/execute/sync - {"script":"<script> [8489 bytes]","args":[{"element-6066-11e4-a52e-4f735466cecf":"f.A56533DF14A1AA9A63544B9B62196BA5.d.29E0F5001844BB5D8818051F81653FBD.e.4764","ELEMENT":"f.A56533DF14A1AA9A63544B9B62196BA5.d.29E0F5001844BB5D8818051F81653FBD.e.4764"}]}
RESULT: {"script":"<script> [8489 bytes]","args":[{"element-6066-11e4-a52e-4f735466cecf":"f.A56533DF14A1AA9A63544B9B62196BA5.d.29E0F5001844BB5D8818051F81653FBD.e.4764","ELEMENT":"f.A56533DF14A1AA9A63544B9B62196BA5.d.29E0F5001844BB5D8818051F81653FBD.e.4764"}]}
COMMAND: GET /session/98e00ad9af735ef01915863a208aaa77/screenshot - {}
RESULT: {}
COMMAND: POST /session/98e00ad9af735ef01915863a208aaa77/execute/sync - {"script":"<script> [8489 bytes]","args":[{"element-6066-11e4-a52e-4f735466cecf":"f.A56533DF14A1AA9A63544B9B62196BA5.d.29E0F5001844BB5D8818051F81653FBD.e.4764","ELEMENT":"f.A56533DF14A1AA9A63544B9B62196BA5.d.29E0F5001844BB5D8818051F81653FBD.e.4764"}]}
RESULT: {"script":"<script> [8489 bytes]","args":[{"element-6066-11e4-a52e-4f735466cecf":"f.A56533DF14A1AA9A63544B9B62196BA5.d.29E0F5001844BB5D8818051F81653FBD.e.4764","ELEMENT":"f.A56533DF14A1AA9A63544B9B62196BA5.d.29E0F5001844BB5D8818051F81653FBD.e.4764"}]}
COMMAND: GET /session/98e00ad9af735ef01915863a208aaa77/screenshot - {}
RESULT: {}
COMMAND: POST /session/98e00ad9af735ef01915863a208aaa77/execute/sync - {"script":"<script> [8489 bytes]","args":[{"element-6066-11e4-a52e-4f735466cecf":"f.A56533DF14A1AA9A63544B9B62196BA5.d.29E0F5001844BB5D8818051F81653FBD.e.4764","ELEMENT":"f.A56533DF14A1AA9A63544B9B62196BA5.d.29E0F5001844BB5D8818051F81653FBD.e.4764"}]}
RESULT: {"script":"<script> [8489 bytes]","args":[{"element-6066-11e4-a52e-4f735466cecf":"f.A56533DF14A1AA9A63544B9B62196BA5.d.29E0F5001844BB5D8818051F81653FBD.e.4764","ELEMENT":"f.A56533DF14A1AA9A63544B9B62196BA5.d.29E0F5001844BB5D8818051F81653FBD.e.4764"}]}
COMMAND: GET /session/98e00ad9af735ef01915863a208aaa77/screenshot - {}
RESULT: {}
COMMAND: POST /session/98e00ad9af735ef01915863a208aaa77/execute/sync - {"script":"<script> [8489 bytes]","args":[{"element-6066-11e4-a52e-4f735466cecf":"f.A56533DF14A1AA9A63544B9B62196BA5.d.29E0F5001844BB5D8818051F81653FBD.e.4764","ELEMENT":"f.A56533DF14A1AA9A63544B9B62196BA5.d.29E0F5001844BB5D8818051F81653FBD.e.4764"}]}
RESULT: {"script":"<script> [8489 bytes]","args":[{"element-6066-11e4-a52e-4f735466cecf":"f.A56533DF14A1AA9A63544B9B62196BA5.d.29E0F5001844BB5D8818051F81653FBD.e.4764","ELEMENT":"f.A56533DF14A1AA9A63544B9B62196BA5.d.29E0F5001844BB5D8818051F81653FBD.e.4764"}]}
COMMAND: GET /session/98e00ad9af735ef01915863a208aaa77/screenshot - {}
RESULT: {}
COMMAND: POST /session/98e00ad9af735ef01915863a208aaa77/execute/sync - {"script":"<script> [8489 bytes]","args":[{"element-6066-11e4-a52e-4f735466cecf":"f.A56533DF14A1AA9A63544B9B62196BA5.d.29E0F5001844BB5D8818051F81653FBD.e.4764","ELEMENT":"f.A56533DF14A1AA9A63544B9B62196BA5.d.29E0F5001844BB5D8818051F81653FBD.e.4764"}]}
RESULT: {"script":"<script> [8489 bytes]","args":[{"element-6066-11e4-a52e-4f735466cecf":"f.A56533DF14A1AA9A63544B9B62196BA5.d.29E0F5001844BB5D8818051F81653FBD.e.4764","ELEMENT":"f.A56533DF14A1AA9A63544B9B62196BA5.d.29E0F5001844BB5D8818051F81653FBD.e.4764"}]}
COMMAND: GET /session/98e00ad9af735ef01915863a208aaa77/screenshot - {}
COMMAND: DELETE /session/98e00ad9af735ef01915863a208aaa77/window - {}
RESULT: {}
COMMAND: POST /session/98e00ad9af735ef01915863a208aaa77/execute/sync - {"script":"<script> [8489 bytes]","args":[{"element-6066-11e4-a52e-4f735466cecf":"f.A56533DF14A1AA9A63544B9B62196BA5.d.29E0F5001844BB5D8818051F81653FBD.e.4764","ELEMENT":"f.A56533DF14A1AA9A63544B9B62196BA5.d.29E0F5001844BB5D8818051F81653FBD.e.4764"}]}
RESULT: {}
COMMAND: POST /session/98e00ad9af735ef01915863a208aaa77/window - {"handle":"A56533DF14A1AA9A63544B9B62196BA5"}
RESULT: {"handle":"A56533DF14A1AA9A63544B9B62196BA5"}
COMMAND: GET /session/98e00ad9af735ef01915863a208aaa77/url - {}
COMMAND: POST /session/98e00ad9af735ef01915863a208aaa77/element - {"using":"xpath","value":"//span[contains(@id ,\"application-addressmanagement-display-component---detailAdm--addressDetailDetailsName1\")][contains(text(), \"WebdriverSitewb2ln\")]"}
RESULT: {}
COMMAND: GET /session/98e00ad9af735ef01915863a208aaa77/screenshot - {}
RESULT: {"using":"xpath","value":"//span[contains(@id ,\"application-addressmanagement-display-component---detailAdm--addressDetailDetailsName1\")][contains(text(), \"WebdriverSitewb2ln\")]"}
COMMAND: POST /session/98e00ad9af735ef01915863a208aaa77/element - {"using":"xpath","value":"//span[contains(@id ,\"application-addressmanagement-display-component---detailAdm--addressDetailDetailsName1\")][contains(text(), \"WebdriverSitewb2ln\")]"}
RESULT: {}
RESULT: {"using":"xpath","value":"//span[contains(@id ,\"application-addressmanagement-display-component---detailAdm--addressDetailDetailsName1\")][contains(text(), \"WebdriverSitewb2ln\")]"}
COMMAND: POST /session/98e00ad9af735ef01915863a208aaa77/element - {"using":"xpath","value":"//span[contains(@id ,\"application-addressmanagement-display-component---detailAdm--addressDetailDetailsName1\")][contains(text(), \"WebdriverSitewb2ln\")]"}
RESULT: {"using":"xpath","value":"//span[contains(@id ,\"application-addressmanagement-display-component---detailAdm--addressDetailDetailsName1\")][contains(text(), \"WebdriverSitewb2ln\")]"}
COMMAND: POST /session/98e00ad9af735ef01915863a208aaa77/element - {"using":"xpath","value":"//span[contains(@id ,\"application-addressmanagement-display-component---detailAdm--addressDetailDetailsName1\")][contains(text(), \"WebdriverSitewb2ln\")]"}
RESULT: {"using":"xpath","value":"//span[contains(@id ,\"application-addressmanagement-display-component---detailAdm--addressDetailDetailsName1\")][contains(text(), \"WebdriverSitewb2ln\")]"}
COMMAND: POST /session/98e00ad9af735ef01915863a208aaa77/element - {"using":"xpath","value":"//span[contains(@id ,\"application-addressmanagement-display-component---detailAdm--addressDetailDetailsName1\")][contains(text(), \"WebdriverSitewb2ln\")]"}
RESULT: {"using":"xpath","value":"//span[contains(@id ,\"application-addressmanagement-display-component---detailAdm--addressDetailDetailsName1\")][contains(text(), \"WebdriverSitewb2ln\")]"}
COMMAND: POST /session/98e00ad9af735ef01915863a208aaa77/element - {"using":"xpath","value":"//span[contains(@id ,\"application-addressmanagement-display-component---detailAdm--addressDetailDetailsName1\")][contains(text(), \"WebdriverSitewb2ln\")]"}
RESULT: {"using":"xpath","value":"//span[contains(@id ,\"application-addressmanagement-display-component---detailAdm--addressDetailDetailsName1\")][contains(text(), \"WebdriverSitewb2ln\")]"}
COMMAND: POST /session/98e00ad9af735ef01915863a208aaa77/element - {"using":"xpath","value":"//span[contains(@id ,\"application-addressmanagement-display-component---detailAdm--addressDetailDetailsName1\")][contains(text(), \"WebdriverSitewb2ln\")]"}
RESULT: {"using":"xpath","value":"//span[contains(@id ,\"application-addressmanagement-display-component---detailAdm--addressDetailDetailsName1\")][contains(text(), \"WebdriverSitewb2ln\")]"}
COMMAND: POST /session/98e00ad9af735ef01915863a208aaa77/element - {"using":"xpath","value":"//span[contains(@id ,\"application-addressmanagement-display-component---detailAdm--addressDetailDetailsName1\")][contains(text(), \"WebdriverSitewb2ln\")]"}
RESULT: {"using":"xpath","value":"//span[contains(@id ,\"application-addressmanagement-display-component---detailAdm--addressDetailDetailsName1\")][contains(text(), \"WebdriverSitewb2ln\")]"}
COMMAND: POST /session/98e00ad9af735ef01915863a208aaa77/element - {"using":"xpath","value":"//span[contains(@id ,\"application-addressmanagement-display-component---detailAdm--addressDetailDetailsName1\")][contains(text(), \"WebdriverSitewb2ln\")]"}
RESULT: {"using":"xpath","value":"//span[contains(@id ,\"application-addressmanagement-display-component---detailAdm--addressDetailDetailsName1\")][contains(text(), \"WebdriverSitewb2ln\")]"}
COMMAND: POST /session/98e00ad9af735ef01915863a208aaa77/element - {"using":"xpath","value":"//span[contains(@id ,\"application-addressmanagement-display-component---detailAdm--addressDetailDetailsName1\")][contains(text(), \"WebdriverSitewb2ln\")]"}
RESULT: {"using":"xpath","value":"//span[contains(@id ,\"application-addressmanagement-display-component---detailAdm--addressDetailDetailsName1\")][contains(text(), \"WebdriverSitewb2ln\")]"}
COMMAND: POST /session/98e00ad9af735ef01915863a208aaa77/element - {"using":"xpath","value":"//span[contains(@id ,\"application-addressmanagement-display-component---detailAdm--addressDetailDetailsName1\")][contains(text(), \"WebdriverSitewb2ln\")]"}
]]></system-out>
    </testcase>
  </testsuite>
  <testsuite timestamp="2025-06-04T06:09:32" time="246.069" tests="2" failures="0" errors="0" skipped="0">
    <properties>
      <property name="specId" value="0" />
      <property name="suiteName" value="Webshop - Hyperlinks visible and working properly  US139085" />
      <property name="capabilities" value="chrome.136_0_7103_93.windows" />
      <property name="file" value="file:///D:/a/1/s/test/specs/R2C/webshop-hyperlinks-partner-address-contract-item.spec.js" />
    </properties>
    <testcase classname="chrome.136_0_7103_93.windows.Webshop_-_Hyperlinks_visible_and_working_properly__US139085" name="Should verify the customer and address hyperlinks" time="152.484">
      <system-out><![CDATA[
COMMAND: POST /session/98e00ad9af735ef01915863a208aaa77/element - {"using":"xpath","value":"//*[contains(@data-kt ,\"webshopDetailAddressLink\")]"}
RESULT: {"using":"xpath","value":"//span[contains(@id ,\"application-addressmanagement-display-component---detailAdm--addressDetailDetailsName1\")][contains(text(), \"WebdriverSitewb2ln\")]"}
RESULT: {"using":"xpath","value":"//*[contains(@data-kt ,\"webshopDetailAddressLink\")]"}
COMMAND: POST /session/98e00ad9af735ef01915863a208aaa77/execute/sync - {"script":"<script> [8489 bytes]","args":[{"element-6066-11e4-a52e-4f735466cecf":"f.A56533DF14A1AA9A63544B9B62196BA5.d.29E0F5001844BB5D8818051F81653FBD.e.5394","ELEMENT":"f.A56533DF14A1AA9A63544B9B62196BA5.d.29E0F5001844BB5D8818051F81653FBD.e.5394"}]}
RESULT: {"script":"<script> [8489 bytes]","args":[{"element-6066-11e4-a52e-4f735466cecf":"f.A56533DF14A1AA9A63544B9B62196BA5.d.29E0F5001844BB5D8818051F81653FBD.e.5394","ELEMENT":"f.A56533DF14A1AA9A63544B9B62196BA5.d.29E0F5001844BB5D8818051F81653FBD.e.5394"}]}
COMMAND: POST /session/98e00ad9af735ef01915863a208aaa77/execute/sync - {"script":"<script> [5351 bytes]","args":[{"element-6066-11e4-a52e-4f735466cecf":"f.A56533DF14A1AA9A63544B9B62196BA5.d.29E0F5001844BB5D8818051F81653FBD.e.5394","ELEMENT":"f.A56533DF14A1AA9A63544B9B62196BA5.d.29E0F5001844BB5D8818051F81653FBD.e.5394"}]}
COMMAND: GET /session/98e00ad9af735ef01915863a208aaa77/screenshot - {}
RESULT: {"script":"<script> [5351 bytes]","args":[{"element-6066-11e4-a52e-4f735466cecf":"f.A56533DF14A1AA9A63544B9B62196BA5.d.29E0F5001844BB5D8818051F81653FBD.e.5394","ELEMENT":"f.A56533DF14A1AA9A63544B9B62196BA5.d.29E0F5001844BB5D8818051F81653FBD.e.5394"}]}
COMMAND: GET /session/98e00ad9af735ef01915863a208aaa77/screenshot - {}
COMMAND: POST /session/98e00ad9af735ef01915863a208aaa77/element - {"using":"xpath","value":"//span[contains(@id ,\"application-addressmanagement-display-component---detailAdm--addressDetailDetailsName1\")][contains(text(), \"WebdriverSitewb2ln\")]"}
RESULT: {}
RESULT: {}
RESULT: {"using":"xpath","value":"//span[contains(@id ,\"application-addressmanagement-display-component---detailAdm--addressDetailDetailsName1\")][contains(text(), \"WebdriverSitewb2ln\")]"}
COMMAND: POST /session/98e00ad9af735ef01915863a208aaa77/element - {"using":"xpath","value":"//span[contains(@id ,\"application-addressmanagement-display-component---detailAdm--addressDetailDetailsName1\")][contains(text(), \"WebdriverSitewb2ln\")]"}
RESULT: {"using":"xpath","value":"//span[contains(@id ,\"application-addressmanagement-display-component---detailAdm--addressDetailDetailsName1\")][contains(text(), \"WebdriverSitewb2ln\")]"}
COMMAND: POST /session/98e00ad9af735ef01915863a208aaa77/element - {"using":"xpath","value":"//span[contains(@id ,\"application-addressmanagement-display-component---detailAdm--addressDetailDetailsName1\")][contains(text(), \"WebdriverSitewb2ln\")]"}
RESULT: {"using":"xpath","value":"//span[contains(@id ,\"application-addressmanagement-display-component---detailAdm--addressDetailDetailsName1\")][contains(text(), \"WebdriverSitewb2ln\")]"}
COMMAND: POST /session/98e00ad9af735ef01915863a208aaa77/element - {"using":"xpath","value":"//span[contains(@id ,\"application-addressmanagement-display-component---detailAdm--addressDetailDetailsName1\")][contains(text(), \"WebdriverSitewb2ln\")]"}
RESULT: {"using":"xpath","value":"//span[contains(@id ,\"application-addressmanagement-display-component---detailAdm--addressDetailDetailsName1\")][contains(text(), \"WebdriverSitewb2ln\")]"}
COMMAND: POST /session/98e00ad9af735ef01915863a208aaa77/element - {"using":"xpath","value":"//span[contains(@id ,\"application-addressmanagement-display-component---detailAdm--addressDetailDetailsName1\")][contains(text(), \"WebdriverSitewb2ln\")]"}
RESULT: {"using":"xpath","value":"//span[contains(@id ,\"application-addressmanagement-display-component---detailAdm--addressDetailDetailsName1\")][contains(text(), \"WebdriverSitewb2ln\")]"}
COMMAND: POST /session/98e00ad9af735ef01915863a208aaa77/element - {"using":"xpath","value":"//*[contains(@data-kt ,\"webshopDetailAddressLink\")]"}
RESULT: {"using":"xpath","value":"//*[contains(@data-kt ,\"webshopDetailAddressLink\")]"}
COMMAND: POST /session/98e00ad9af735ef01915863a208aaa77/element/f.A56533DF14A1AA9A63544B9B62196BA5.d.29E0F5001844BB5D8818051F81653FBD.e.5394/click - {}
COMMAND: POST /session/98e00ad9af735ef01915863a208aaa77/element - {"using":"xpath","value":"//span[contains(@id ,\"application-addressmanagement-display-component---detailAdm--addressDetailDetailsName1\")][contains(text(), \"WebdriverSitewb2ln\")]"}
RESULT: {}
COMMAND: GET /session/98e00ad9af735ef01915863a208aaa77/screenshot - {}
RESULT: {"using":"xpath","value":"//span[contains(@id ,\"application-addressmanagement-display-component---detailAdm--addressDetailDetailsName1\")][contains(text(), \"WebdriverSitewb2ln\")]"}
RESULT: {}
COMMAND: POST /session/98e00ad9af735ef01915863a208aaa77/element - {"using":"xpath","value":"//span[contains(@id ,\"application-addressmanagement-display-component---detailAdm--addressDetailDetailsName1\")][contains(text(), \"WebdriverSitewb2ln\")]"}
RESULT: {"using":"xpath","value":"//span[contains(@id ,\"application-addressmanagement-display-component---detailAdm--addressDetailDetailsName1\")][contains(text(), \"WebdriverSitewb2ln\")]"}
COMMAND: POST /session/98e00ad9af735ef01915863a208aaa77/element - {"using":"xpath","value":"//span[contains(@id ,\"application-addressmanagement-display-component---detailAdm--addressDetailDetailsName1\")][contains(text(), \"WebdriverSitewb2ln\")]"}
RESULT: {"using":"xpath","value":"//span[contains(@id ,\"application-addressmanagement-display-component---detailAdm--addressDetailDetailsName1\")][contains(text(), \"WebdriverSitewb2ln\")]"}
COMMAND: POST /session/98e00ad9af735ef01915863a208aaa77/element - {"using":"xpath","value":"//span[contains(@id ,\"application-addressmanagement-display-component---detailAdm--addressDetailDetailsName1\")][contains(text(), \"WebdriverSitewb2ln\")]"}
RESULT: {"using":"xpath","value":"//span[contains(@id ,\"application-addressmanagement-display-component---detailAdm--addressDetailDetailsName1\")][contains(text(), \"WebdriverSitewb2ln\")]"}
COMMAND: POST /session/98e00ad9af735ef01915863a208aaa77/element - {"using":"xpath","value":"//*[contains(@data-kt ,\"ContextMenuId2Link\")][contains(text(), \"Address Overview\")]"}
RESULT: {"using":"xpath","value":"//*[contains(@data-kt ,\"ContextMenuId2Link\")][contains(text(), \"Address Overview\")]"}
COMMAND: POST /session/98e00ad9af735ef01915863a208aaa77/execute/sync - {"script":"<script> [8489 bytes]","args":[{"element-6066-11e4-a52e-4f735466cecf":"f.A56533DF14A1AA9A63544B9B62196BA5.d.29E0F5001844BB5D8818051F81653FBD.e.5396","ELEMENT":"f.A56533DF14A1AA9A63544B9B62196BA5.d.29E0F5001844BB5D8818051F81653FBD.e.5396"}]}
COMMAND: POST /session/98e00ad9af735ef01915863a208aaa77/element - {"using":"xpath","value":"//*[contains(@data-kt ,\"ContextMenuId2Link\")][contains(text(), \"Address Overview\")]"}
RESULT: {"script":"<script> [8489 bytes]","args":[{"element-6066-11e4-a52e-4f735466cecf":"f.A56533DF14A1AA9A63544B9B62196BA5.d.29E0F5001844BB5D8818051F81653FBD.e.5396","ELEMENT":"f.A56533DF14A1AA9A63544B9B62196BA5.d.29E0F5001844BB5D8818051F81653FBD.e.5396"}]}
COMMAND: GET /session/98e00ad9af735ef01915863a208aaa77/screenshot - {}
RESULT: {"using":"xpath","value":"//*[contains(@data-kt ,\"ContextMenuId2Link\")][contains(text(), \"Address Overview\")]"}
COMMAND: POST /session/98e00ad9af735ef01915863a208aaa77/element/f.A56533DF14A1AA9A63544B9B62196BA5.d.29E0F5001844BB5D8818051F81653FBD.e.5396/click - {}
COMMAND: POST /session/98e00ad9af735ef01915863a208aaa77/element - {"using":"xpath","value":"//span[contains(@id ,\"application-addressmanagement-display-component---detailAdm--addressDetailDetailsName1\")][contains(text(), \"WebdriverSitewb2ln\")]"}
RESULT: {}
RESULT: {}
COMMAND: GET /session/98e00ad9af735ef01915863a208aaa77/screenshot - {}
RESULT: {"using":"xpath","value":"//span[contains(@id ,\"application-addressmanagement-display-component---detailAdm--addressDetailDetailsName1\")][contains(text(), \"WebdriverSitewb2ln\")]"}
RESULT: {}
COMMAND: POST /session/98e00ad9af735ef01915863a208aaa77/element - {"using":"xpath","value":"//span[contains(@id ,\"application-addressmanagement-display-component---detailAdm--addressDetailDetailsName1\")][contains(text(), \"WebdriverSitewb2ln\")]"}
RESULT: {"using":"xpath","value":"//span[contains(@id ,\"application-addressmanagement-display-component---detailAdm--addressDetailDetailsName1\")][contains(text(), \"WebdriverSitewb2ln\")]"}
COMMAND: POST /session/98e00ad9af735ef01915863a208aaa77/element - {"using":"xpath","value":"//span[contains(@id ,\"application-addressmanagement-display-component---detailAdm--addressDetailDetailsName1\")][contains(text(), \"WebdriverSitewb2ln\")]"}
RESULT: {"using":"xpath","value":"//span[contains(@id ,\"application-addressmanagement-display-component---detailAdm--addressDetailDetailsName1\")][contains(text(), \"WebdriverSitewb2ln\")]"}
COMMAND: POST /session/98e00ad9af735ef01915863a208aaa77/execute/sync - {"script":"<script> [8489 bytes]","args":[{"element-6066-11e4-a52e-4f735466cecf":"f.A56533DF14A1AA9A63544B9B62196BA5.d.29E0F5001844BB5D8818051F81653FBD.e.5653","ELEMENT":"f.A56533DF14A1AA9A63544B9B62196BA5.d.29E0F5001844BB5D8818051F81653FBD.e.5653"}]}
RESULT: {"script":"<script> [8489 bytes]","args":[{"element-6066-11e4-a52e-4f735466cecf":"f.A56533DF14A1AA9A63544B9B62196BA5.d.29E0F5001844BB5D8818051F81653FBD.e.5653","ELEMENT":"f.A56533DF14A1AA9A63544B9B62196BA5.d.29E0F5001844BB5D8818051F81653FBD.e.5653"}]}
COMMAND: GET /session/98e00ad9af735ef01915863a208aaa77/screenshot - {}
RESULT: {}
RESULT: undefined
COMMAND: POST /session/98e00ad9af735ef01915863a208aaa77/execute/async - {"script":"<script> [6424 bytes]","args":[{"element-6066-11e4-a52e-4f735466cecf":"f.A56533DF14A1AA9A63544B9B62196BA5.d.29E0F5001844BB5D8818051F81653FBD.e.3155"},"getTitle",[]]}
COMMAND: POST /session/98e00ad9af735ef01915863a208aaa77/execute/async - {"script":"<script> [1562 bytes]","args":[{"selector":{"id":"shellAppTitle"},"wdio_ui5_key":"shellAppTitle"}]}
RESULT: {"script":"<script> [1562 bytes]","args":[{"selector":{"id":"shellAppTitle"},"wdio_ui5_key":"shellAppTitle"}]}
COMMAND: POST /session/98e00ad9af735ef01915863a208aaa77/execute/async - {"script":"<script> [6424 bytes]","args":[{"element-6066-11e4-a52e-4f735466cecf":"f.A56533DF14A1AA9A63544B9B62196BA5.d.29E0F5001844BB5D8818051F81653FBD.e.5654"},"getTitle",[]]}
RESULT: {"script":"<script> [6424 bytes]","args":[{"element-6066-11e4-a52e-4f735466cecf":"f.A56533DF14A1AA9A63544B9B62196BA5.d.29E0F5001844BB5D8818051F81653FBD.e.5654"},"getTitle",[]]}
COMMAND: POST /session/98e00ad9af735ef01915863a208aaa77/element - {"using":"xpath","value":"//span[contains(@id ,\"application-addressmanagement-display-component---detailAdm--addressDetailDetailsName1\")][contains(text(), \"WebdriverSitewb2ln\")]"}
RESULT: {"using":"xpath","value":"//span[contains(@id ,\"application-addressmanagement-display-component---detailAdm--addressDetailDetailsName1\")][contains(text(), \"WebdriverSitewb2ln\")]"}
COMMAND: POST /session/98e00ad9af735ef01915863a208aaa77/execute/sync - {"script":"<script> [8489 bytes]","args":[{"element-6066-11e4-a52e-4f735466cecf":"f.A56533DF14A1AA9A63544B9B62196BA5.d.29E0F5001844BB5D8818051F81653FBD.e.5653","ELEMENT":"f.A56533DF14A1AA9A63544B9B62196BA5.d.29E0F5001844BB5D8818051F81653FBD.e.5653"}]}
RESULT: undefined
COMMAND: POST /session/98e00ad9af735ef01915863a208aaa77/element - {"using":"xpath","value":"//*[@id=\"backBtn\"]"}
RESULT: {"script":"<script> [8489 bytes]","args":[{"element-6066-11e4-a52e-4f735466cecf":"f.A56533DF14A1AA9A63544B9B62196BA5.d.29E0F5001844BB5D8818051F81653FBD.e.5653","ELEMENT":"f.A56533DF14A1AA9A63544B9B62196BA5.d.29E0F5001844BB5D8818051F81653FBD.e.5653"}]}
COMMAND: GET /session/98e00ad9af735ef01915863a208aaa77/screenshot - {}
RESULT: {"using":"xpath","value":"//*[@id=\"backBtn\"]"}
COMMAND: POST /session/98e00ad9af735ef01915863a208aaa77/element/f.A56533DF14A1AA9A63544B9B62196BA5.d.29E0F5001844BB5D8818051F81653FBD.e.3157/click - {}
RESULT: {}
RESULT: {}
COMMAND: GET /session/98e00ad9af735ef01915863a208aaa77/screenshot - {}
RESULT: {}
COMMAND: POST /session/98e00ad9af735ef01915863a208aaa77/execute/sync - {"script":"<script> [8489 bytes]","args":[{"element-6066-11e4-a52e-4f735466cecf":"f.A56533DF14A1AA9A63544B9B62196BA5.d.29E0F5001844BB5D8818051F81653FBD.e.5394","ELEMENT":"f.A56533DF14A1AA9A63544B9B62196BA5.d.29E0F5001844BB5D8818051F81653FBD.e.5394"}]}
COMMAND: POST /session/98e00ad9af735ef01915863a208aaa77/element - {"using":"xpath","value":"//*[contains(@data-kt ,\"webshopDetailAddressLink\")]"}
RESULT: {"using":"xpath","value":"//*[contains(@data-kt ,\"webshopDetailAddressLink\")]"}
COMMAND: POST /session/98e00ad9af735ef01915863a208aaa77/execute/sync - {"script":"<script> [8489 bytes]","args":[{"element-6066-11e4-a52e-4f735466cecf":"f.A56533DF14A1AA9A63544B9B62196BA5.d.29E0F5001844BB5D8818051F81653FBD.e.5824","ELEMENT":"f.A56533DF14A1AA9A63544B9B62196BA5.d.29E0F5001844BB5D8818051F81653FBD.e.5824"}]}
RESULT: {"script":"<script> [8489 bytes]","args":[{"element-6066-11e4-a52e-4f735466cecf":"f.A56533DF14A1AA9A63544B9B62196BA5.d.29E0F5001844BB5D8818051F81653FBD.e.5824","ELEMENT":"f.A56533DF14A1AA9A63544B9B62196BA5.d.29E0F5001844BB5D8818051F81653FBD.e.5824"}]}
COMMAND: POST /session/98e00ad9af735ef01915863a208aaa77/execute/sync - {"script":"<script> [5351 bytes]","args":[{"element-6066-11e4-a52e-4f735466cecf":"f.A56533DF14A1AA9A63544B9B62196BA5.d.29E0F5001844BB5D8818051F81653FBD.e.5824","ELEMENT":"f.A56533DF14A1AA9A63544B9B62196BA5.d.29E0F5001844BB5D8818051F81653FBD.e.5824"}]}
COMMAND: GET /session/98e00ad9af735ef01915863a208aaa77/screenshot - {}
RESULT: {"script":"<script> [5351 bytes]","args":[{"element-6066-11e4-a52e-4f735466cecf":"f.A56533DF14A1AA9A63544B9B62196BA5.d.29E0F5001844BB5D8818051F81653FBD.e.5824","ELEMENT":"f.A56533DF14A1AA9A63544B9B62196BA5.d.29E0F5001844BB5D8818051F81653FBD.e.5824"}]}
COMMAND: GET /session/98e00ad9af735ef01915863a208aaa77/screenshot - {}
COMMAND: POST /session/98e00ad9af735ef01915863a208aaa77/execute/sync - {"script":"<script> [8489 bytes]","args":[{"element-6066-11e4-a52e-4f735466cecf":"f.A56533DF14A1AA9A63544B9B62196BA5.d.29E0F5001844BB5D8818051F81653FBD.e.5824","ELEMENT":"f.A56533DF14A1AA9A63544B9B62196BA5.d.29E0F5001844BB5D8818051F81653FBD.e.5824"}]}
RESULT: {}
RESULT: {}
RESULT: {"script":"<script> [8489 bytes]","args":[{"element-6066-11e4-a52e-4f735466cecf":"f.A56533DF14A1AA9A63544B9B62196BA5.d.29E0F5001844BB5D8818051F81653FBD.e.5824","ELEMENT":"f.A56533DF14A1AA9A63544B9B62196BA5.d.29E0F5001844BB5D8818051F81653FBD.e.5824"}]}
COMMAND: POST /session/98e00ad9af735ef01915863a208aaa77/execute/sync - {"script":"<script> [5351 bytes]","args":[{"element-6066-11e4-a52e-4f735466cecf":"f.A56533DF14A1AA9A63544B9B62196BA5.d.29E0F5001844BB5D8818051F81653FBD.e.5824","ELEMENT":"f.A56533DF14A1AA9A63544B9B62196BA5.d.29E0F5001844BB5D8818051F81653FBD.e.5824"}]}
COMMAND: GET /session/98e00ad9af735ef01915863a208aaa77/screenshot - {}
RESULT: {"script":"<script> [5351 bytes]","args":[{"element-6066-11e4-a52e-4f735466cecf":"f.A56533DF14A1AA9A63544B9B62196BA5.d.29E0F5001844BB5D8818051F81653FBD.e.5824","ELEMENT":"f.A56533DF14A1AA9A63544B9B62196BA5.d.29E0F5001844BB5D8818051F81653FBD.e.5824"}]}
COMMAND: POST /session/98e00ad9af735ef01915863a208aaa77/execute/sync - {"script":"<script> [8489 bytes]","args":[{"element-6066-11e4-a52e-4f735466cecf":"f.A56533DF14A1AA9A63544B9B62196BA5.d.29E0F5001844BB5D8818051F81653FBD.e.5824","ELEMENT":"f.A56533DF14A1AA9A63544B9B62196BA5.d.29E0F5001844BB5D8818051F81653FBD.e.5824"}]}
COMMAND: GET /session/98e00ad9af735ef01915863a208aaa77/screenshot - {}
RESULT: {}
RESULT: {"script":"<script> [8489 bytes]","args":[{"element-6066-11e4-a52e-4f735466cecf":"f.A56533DF14A1AA9A63544B9B62196BA5.d.29E0F5001844BB5D8818051F81653FBD.e.5824","ELEMENT":"f.A56533DF14A1AA9A63544B9B62196BA5.d.29E0F5001844BB5D8818051F81653FBD.e.5824"}]}
COMMAND: POST /session/98e00ad9af735ef01915863a208aaa77/execute/sync - {"script":"<script> [5351 bytes]","args":[{"element-6066-11e4-a52e-4f735466cecf":"f.A56533DF14A1AA9A63544B9B62196BA5.d.29E0F5001844BB5D8818051F81653FBD.e.5824","ELEMENT":"f.A56533DF14A1AA9A63544B9B62196BA5.d.29E0F5001844BB5D8818051F81653FBD.e.5824"}]}
COMMAND: GET /session/98e00ad9af735ef01915863a208aaa77/screenshot - {}
RESULT: {}
RESULT: {"script":"<script> [5351 bytes]","args":[{"element-6066-11e4-a52e-4f735466cecf":"f.A56533DF14A1AA9A63544B9B62196BA5.d.29E0F5001844BB5D8818051F81653FBD.e.5824","ELEMENT":"f.A56533DF14A1AA9A63544B9B62196BA5.d.29E0F5001844BB5D8818051F81653FBD.e.5824"}]}
COMMAND: POST /session/98e00ad9af735ef01915863a208aaa77/element - {"using":"xpath","value":"//*[contains(@data-kt ,\"webshopDetailAddressLink\")]"}
COMMAND: GET /session/98e00ad9af735ef01915863a208aaa77/screenshot - {}
RESULT: {}
RESULT: {"using":"xpath","value":"//*[contains(@data-kt ,\"webshopDetailAddressLink\")]"}
COMMAND: POST /session/98e00ad9af735ef01915863a208aaa77/element/f.A56533DF14A1AA9A63544B9B62196BA5.d.29E0F5001844BB5D8818051F81653FBD.e.5824/click - {}
RESULT: {}
RESULT: {}
COMMAND: GET /session/98e00ad9af735ef01915863a208aaa77/screenshot - {}
RESULT: {}
COMMAND: POST /session/98e00ad9af735ef01915863a208aaa77/element - {"using":"xpath","value":"//button[contains(@data-kt ,\"ContextMenuExternalId2Link\")]"}
RESULT: {"using":"xpath","value":"//button[contains(@data-kt ,\"ContextMenuExternalId2Link\")]"}
COMMAND: POST /session/98e00ad9af735ef01915863a208aaa77/element/f.A56533DF14A1AA9A63544B9B62196BA5.d.29E0F5001844BB5D8818051F81653FBD.e.5827/click - {}
RESULT: {}
COMMAND: GET /session/98e00ad9af735ef01915863a208aaa77/screenshot - {}
RESULT: {}
COMMAND: GET /session/98e00ad9af735ef01915863a208aaa77/window/handles - {}
RESULT: {}
COMMAND: POST /session/98e00ad9af735ef01915863a208aaa77/window - {"handle":"6F192339F8F10A91C120AAE4C76D529B"}
RESULT: {"handle":"6F192339F8F10A91C120AAE4C76D529B"}
COMMAND: GET /session/98e00ad9af735ef01915863a208aaa77/url - {}
RESULT: {}
COMMAND: GET /session/98e00ad9af735ef01915863a208aaa77/screenshot - {}
RESULT: {}
COMMAND: POST /session/98e00ad9af735ef01915863a208aaa77/execute/sync - {"script":"<script> [8489 bytes]","args":[{"element-6066-11e4-a52e-4f735466cecf":"f.A56533DF14A1AA9A63544B9B62196BA5.d.29E0F5001844BB5D8818051F81653FBD.e.5653","ELEMENT":"f.A56533DF14A1AA9A63544B9B62196BA5.d.29E0F5001844BB5D8818051F81653FBD.e.5653"}]}
COMMAND: DELETE /session/98e00ad9af735ef01915863a208aaa77/window - {}
RESULT: {}
COMMAND: POST /session/98e00ad9af735ef01915863a208aaa77/window - {"handle":"A56533DF14A1AA9A63544B9B62196BA5"}
RESULT: {"handle":"A56533DF14A1AA9A63544B9B62196BA5"}
COMMAND: GET /session/98e00ad9af735ef01915863a208aaa77/url - {}
COMMAND: POST /session/98e00ad9af735ef01915863a208aaa77/element - {"using":"xpath","value":"//span[contains(@id ,\"application-addressmanagement-display-component---detailAdm--addressDetailDetailsName1\")][contains(text(), \"WebdriverSitewb2ln\")]"}
RESULT: {}
COMMAND: GET /session/98e00ad9af735ef01915863a208aaa77/screenshot - {}
RESULT: {"using":"xpath","value":"//span[contains(@id ,\"application-addressmanagement-display-component---detailAdm--addressDetailDetailsName1\")][contains(text(), \"WebdriverSitewb2ln\")]"}
COMMAND: POST /session/98e00ad9af735ef01915863a208aaa77/element - {"using":"xpath","value":"//span[contains(@id ,\"application-addressmanagement-display-component---detailAdm--addressDetailDetailsName1\")][contains(text(), \"WebdriverSitewb2ln\")]"}
RESULT: {}
RESULT: {"using":"xpath","value":"//span[contains(@id ,\"application-addressmanagement-display-component---detailAdm--addressDetailDetailsName1\")][contains(text(), \"WebdriverSitewb2ln\")]"}
COMMAND: POST /session/98e00ad9af735ef01915863a208aaa77/element - {"using":"xpath","value":"//span[contains(@id ,\"application-addressmanagement-display-component---detailAdm--addressDetailDetailsName1\")][contains(text(), \"WebdriverSitewb2ln\")]"}
RESULT: {"using":"xpath","value":"//span[contains(@id ,\"application-addressmanagement-display-component---detailAdm--addressDetailDetailsName1\")][contains(text(), \"WebdriverSitewb2ln\")]"}
COMMAND: POST /session/98e00ad9af735ef01915863a208aaa77/element - {"using":"xpath","value":"//span[contains(@id ,\"application-addressmanagement-display-component---detailAdm--addressDetailDetailsName1\")][contains(text(), \"WebdriverSitewb2ln\")]"}
RESULT: {"using":"xpath","value":"//span[contains(@id ,\"application-addressmanagement-display-component---detailAdm--addressDetailDetailsName1\")][contains(text(), \"WebdriverSitewb2ln\")]"}
COMMAND: POST /session/98e00ad9af735ef01915863a208aaa77/element - {"using":"xpath","value":"//span[contains(@id ,\"application-addressmanagement-display-component---detailAdm--addressDetailDetailsName1\")][contains(text(), \"WebdriverSitewb2ln\")]"}
RESULT: {"using":"xpath","value":"//span[contains(@id ,\"application-addressmanagement-display-component---detailAdm--addressDetailDetailsName1\")][contains(text(), \"WebdriverSitewb2ln\")]"}
COMMAND: POST /session/98e00ad9af735ef01915863a208aaa77/element - {"using":"xpath","value":"//span[contains(@id ,\"application-addressmanagement-display-component---detailAdm--addressDetailDetailsName1\")][contains(text(), \"WebdriverSitewb2ln\")]"}
RESULT: {"using":"xpath","value":"//span[contains(@id ,\"application-addressmanagement-display-component---detailAdm--addressDetailDetailsName1\")][contains(text(), \"WebdriverSitewb2ln\")]"}
COMMAND: POST /session/98e00ad9af735ef01915863a208aaa77/element - {"using":"xpath","value":"//span[contains(@id ,\"application-addressmanagement-display-component---detailAdm--addressDetailDetailsName1\")][contains(text(), \"WebdriverSitewb2ln\")]"}
COMMAND: POST /session/98e00ad9af735ef01915863a208aaa77/element - {"using":"xpath","value":"//*[contains(@data-kt ,\"webshopDetailCustomerLink\")]"}
RESULT: {"using":"xpath","value":"//span[contains(@id ,\"application-addressmanagement-display-component---detailAdm--addressDetailDetailsName1\")][contains(text(), \"WebdriverSitewb2ln\")]"}
RESULT: {"using":"xpath","value":"//*[contains(@data-kt ,\"webshopDetailCustomerLink\")]"}
COMMAND: POST /session/98e00ad9af735ef01915863a208aaa77/execute/sync - {"script":"<script> [8489 bytes]","args":[{"element-6066-11e4-a52e-4f735466cecf":"f.A56533DF14A1AA9A63544B9B62196BA5.d.29E0F5001844BB5D8818051F81653FBD.e.6027","ELEMENT":"f.A56533DF14A1AA9A63544B9B62196BA5.d.29E0F5001844BB5D8818051F81653FBD.e.6027"}]}
RESULT: {"script":"<script> [8489 bytes]","args":[{"element-6066-11e4-a52e-4f735466cecf":"f.A56533DF14A1AA9A63544B9B62196BA5.d.29E0F5001844BB5D8818051F81653FBD.e.6027","ELEMENT":"f.A56533DF14A1AA9A63544B9B62196BA5.d.29E0F5001844BB5D8818051F81653FBD.e.6027"}]}
COMMAND: POST /session/98e00ad9af735ef01915863a208aaa77/execute/sync - {"script":"<script> [5351 bytes]","args":[{"element-6066-11e4-a52e-4f735466cecf":"f.A56533DF14A1AA9A63544B9B62196BA5.d.29E0F5001844BB5D8818051F81653FBD.e.6027","ELEMENT":"f.A56533DF14A1AA9A63544B9B62196BA5.d.29E0F5001844BB5D8818051F81653FBD.e.6027"}]}
COMMAND: GET /session/98e00ad9af735ef01915863a208aaa77/screenshot - {}
RESULT: {"script":"<script> [5351 bytes]","args":[{"element-6066-11e4-a52e-4f735466cecf":"f.A56533DF14A1AA9A63544B9B62196BA5.d.29E0F5001844BB5D8818051F81653FBD.e.6027","ELEMENT":"f.A56533DF14A1AA9A63544B9B62196BA5.d.29E0F5001844BB5D8818051F81653FBD.e.6027"}]}
COMMAND: POST /session/98e00ad9af735ef01915863a208aaa77/element - {"using":"xpath","value":"//*[contains(@data-kt ,\"webshopDetailCustomerLink\")]"}
COMMAND: GET /session/98e00ad9af735ef01915863a208aaa77/screenshot - {}
RESULT: {}
RESULT: {"using":"xpath","value":"//*[contains(@data-kt ,\"webshopDetailCustomerLink\")]"}
COMMAND: POST /session/98e00ad9af735ef01915863a208aaa77/element/f.A56533DF14A1AA9A63544B9B62196BA5.d.29E0F5001844BB5D8818051F81653FBD.e.6027/click - {}
COMMAND: POST /session/98e00ad9af735ef01915863a208aaa77/element - {"using":"xpath","value":"//span[contains(@id ,\"application-addressmanagement-display-component---detailAdm--addressDetailDetailsName1\")][contains(text(), \"WebdriverSitewb2ln\")]"}
RESULT: {}
RESULT: {}
COMMAND: GET /session/98e00ad9af735ef01915863a208aaa77/screenshot - {}
RESULT: {"using":"xpath","value":"//span[contains(@id ,\"application-addressmanagement-display-component---detailAdm--addressDetailDetailsName1\")][contains(text(), \"WebdriverSitewb2ln\")]"}
RESULT: {}
COMMAND: POST /session/98e00ad9af735ef01915863a208aaa77/element - {"using":"xpath","value":"//span[contains(@id ,\"application-addressmanagement-display-component---detailAdm--addressDetailDetailsName1\")][contains(text(), \"WebdriverSitewb2ln\")]"}
RESULT: {"using":"xpath","value":"//span[contains(@id ,\"application-addressmanagement-display-component---detailAdm--addressDetailDetailsName1\")][contains(text(), \"WebdriverSitewb2ln\")]"}
COMMAND: POST /session/98e00ad9af735ef01915863a208aaa77/element - {"using":"xpath","value":"//span[contains(@id ,\"application-addressmanagement-display-component---detailAdm--addressDetailDetailsName1\")][contains(text(), \"WebdriverSitewb2ln\")]"}
RESULT: {"using":"xpath","value":"//span[contains(@id ,\"application-addressmanagement-display-component---detailAdm--addressDetailDetailsName1\")][contains(text(), \"WebdriverSitewb2ln\")]"}
COMMAND: POST /session/98e00ad9af735ef01915863a208aaa77/element - {"using":"xpath","value":"//span[contains(@id ,\"application-addressmanagement-display-component---detailAdm--addressDetailDetailsName1\")][contains(text(), \"WebdriverSitewb2ln\")]"}
RESULT: {"using":"xpath","value":"//span[contains(@id ,\"application-addressmanagement-display-component---detailAdm--addressDetailDetailsName1\")][contains(text(), \"WebdriverSitewb2ln\")]"}
COMMAND: POST /session/98e00ad9af735ef01915863a208aaa77/element - {"using":"xpath","value":"//*[contains(@data-kt ,\"ContextMenuId2Link\")][contains(text(), \"Partner Overview\")]"}
RESULT: {"using":"xpath","value":"//*[contains(@data-kt ,\"ContextMenuId2Link\")][contains(text(), \"Partner Overview\")]"}
COMMAND: POST /session/98e00ad9af735ef01915863a208aaa77/execute/sync - {"script":"<script> [8489 bytes]","args":[{"element-6066-11e4-a52e-4f735466cecf":"f.A56533DF14A1AA9A63544B9B62196BA5.d.29E0F5001844BB5D8818051F81653FBD.e.6029","ELEMENT":"f.A56533DF14A1AA9A63544B9B62196BA5.d.29E0F5001844BB5D8818051F81653FBD.e.6029"}]}
COMMAND: POST /session/98e00ad9af735ef01915863a208aaa77/element - {"using":"xpath","value":"//*[contains(@data-kt ,\"ContextMenuId2Link\")][contains(text(), \"Partner Overview\")]"}
RESULT: {"using":"xpath","value":"//*[contains(@data-kt ,\"ContextMenuId2Link\")][contains(text(), \"Partner Overview\")]"}
COMMAND: POST /session/98e00ad9af735ef01915863a208aaa77/element/f.A56533DF14A1AA9A63544B9B62196BA5.d.29E0F5001844BB5D8818051F81653FBD.e.6029/click - {}
RESULT: {"script":"<script> [8489 bytes]","args":[{"element-6066-11e4-a52e-4f735466cecf":"f.A56533DF14A1AA9A63544B9B62196BA5.d.29E0F5001844BB5D8818051F81653FBD.e.6029","ELEMENT":"f.A56533DF14A1AA9A63544B9B62196BA5.d.29E0F5001844BB5D8818051F81653FBD.e.6029"}]}
COMMAND: GET /session/98e00ad9af735ef01915863a208aaa77/screenshot - {}
COMMAND: POST /session/98e00ad9af735ef01915863a208aaa77/element - {"using":"xpath","value":"//span[contains(@id ,\"application-addressmanagement-display-component---detailAdm--addressDetailDetailsName1\")][contains(text(), \"WebdriverSitewb2ln\")]"}
RESULT: {}
COMMAND: GET /session/98e00ad9af735ef01915863a208aaa77/screenshot - {}
RESULT: {}
RESULT: {"using":"xpath","value":"//span[contains(@id ,\"application-addressmanagement-display-component---detailAdm--addressDetailDetailsName1\")][contains(text(), \"WebdriverSitewb2ln\")]"}
COMMAND: POST /session/98e00ad9af735ef01915863a208aaa77/element - {"using":"xpath","value":"//span[contains(@id ,\"application-addressmanagement-display-component---detailAdm--addressDetailDetailsName1\")][contains(text(), \"WebdriverSitewb2ln\")]"}
RESULT: {}
RESULT: {"using":"xpath","value":"//span[contains(@id ,\"application-addressmanagement-display-component---detailAdm--addressDetailDetailsName1\")][contains(text(), \"WebdriverSitewb2ln\")]"}
COMMAND: POST /session/98e00ad9af735ef01915863a208aaa77/element - {"using":"xpath","value":"//span[contains(@id ,\"application-addressmanagement-display-component---detailAdm--addressDetailDetailsName1\")][contains(text(), \"WebdriverSitewb2ln\")]"}
RESULT: {"using":"xpath","value":"//span[contains(@id ,\"application-addressmanagement-display-component---detailAdm--addressDetailDetailsName1\")][contains(text(), \"WebdriverSitewb2ln\")]"}
COMMAND: POST /session/98e00ad9af735ef01915863a208aaa77/element - {"using":"xpath","value":"//span[contains(@id ,\"application-addressmanagement-display-component---detailAdm--addressDetailDetailsName1\")][contains(text(), \"WebdriverSitewb2ln\")]"}
RESULT: {"using":"xpath","value":"//span[contains(@id ,\"application-addressmanagement-display-component---detailAdm--addressDetailDetailsName1\")][contains(text(), \"WebdriverSitewb2ln\")]"}
COMMAND: POST /session/98e00ad9af735ef01915863a208aaa77/element - {"using":"xpath","value":"//span[contains(@id ,\"application-addressmanagement-display-component---detailAdm--addressDetailDetailsName1\")][contains(text(), \"WebdriverSitewb2ln\")]"}
RESULT: {"using":"xpath","value":"//span[contains(@id ,\"application-addressmanagement-display-component---detailAdm--addressDetailDetailsName1\")][contains(text(), \"WebdriverSitewb2ln\")]"}
COMMAND: POST /session/98e00ad9af735ef01915863a208aaa77/element - {"using":"xpath","value":"//span[contains(@id ,\"application-addressmanagement-display-component---detailAdm--addressDetailDetailsName1\")][contains(text(), \"WebdriverSitewb2ln\")]"}
RESULT: {"using":"xpath","value":"//span[contains(@id ,\"application-addressmanagement-display-component---detailAdm--addressDetailDetailsName1\")][contains(text(), \"WebdriverSitewb2ln\")]"}
COMMAND: POST /session/98e00ad9af735ef01915863a208aaa77/element - {"using":"xpath","value":"//span[contains(@id ,\"application-addressmanagement-display-component---detailAdm--addressDetailDetailsName1\")][contains(text(), \"WebdriverSitewb2ln\")]"}
RESULT: {"using":"xpath","value":"//span[contains(@id ,\"application-addressmanagement-display-component---detailAdm--addressDetailDetailsName1\")][contains(text(), \"WebdriverSitewb2ln\")]"}
COMMAND: POST /session/98e00ad9af735ef01915863a208aaa77/element - {"using":"xpath","value":"//span[contains(@id ,\"application-addressmanagement-display-component---detailAdm--addressDetailDetailsName1\")][contains(text(), \"WebdriverSitewb2ln\")]"}
RESULT: {"using":"xpath","value":"//span[contains(@id ,\"application-addressmanagement-display-component---detailAdm--addressDetailDetailsName1\")][contains(text(), \"WebdriverSitewb2ln\")]"}
COMMAND: POST /session/98e00ad9af735ef01915863a208aaa77/element - {"using":"xpath","value":"//span[contains(@id ,\"application-addressmanagement-display-component---detailAdm--addressDetailDetailsName1\")][contains(text(), \"WebdriverSitewb2ln\")]"}
RESULT: {"using":"xpath","value":"//span[contains(@id ,\"application-addressmanagement-display-component---detailAdm--addressDetailDetailsName1\")][contains(text(), \"WebdriverSitewb2ln\")]"}
RESULT: undefined
COMMAND: POST /session/98e00ad9af735ef01915863a208aaa77/execute/async - {"script":"<script> [6424 bytes]","args":[{"element-6066-11e4-a52e-4f735466cecf":"f.A56533DF14A1AA9A63544B9B62196BA5.d.29E0F5001844BB5D8818051F81653FBD.e.3155"},"getTitle",[]]}
COMMAND: POST /session/98e00ad9af735ef01915863a208aaa77/execute/async - {"script":"<script> [1562 bytes]","args":[{"selector":{"id":"shellAppTitle"},"wdio_ui5_key":"shellAppTitle"}]}
COMMAND: POST /session/98e00ad9af735ef01915863a208aaa77/element - {"using":"xpath","value":"//span[contains(@id ,\"application-addressmanagement-display-component---detailAdm--addressDetailDetailsName1\")][contains(text(), \"WebdriverSitewb2ln\")]"}
RESULT: {"script":"<script> [1562 bytes]","args":[{"selector":{"id":"shellAppTitle"},"wdio_ui5_key":"shellAppTitle"}]}
COMMAND: POST /session/98e00ad9af735ef01915863a208aaa77/execute/async - {"script":"<script> [6424 bytes]","args":[{"element-6066-11e4-a52e-4f735466cecf":"f.A56533DF14A1AA9A63544B9B62196BA5.d.29E0F5001844BB5D8818051F81653FBD.e.6273"},"getTitle",[]]}
RESULT: {"using":"xpath","value":"//span[contains(@id ,\"application-addressmanagement-display-component---detailAdm--addressDetailDetailsName1\")][contains(text(), \"WebdriverSitewb2ln\")]"}
RESULT: {"script":"<script> [6424 bytes]","args":[{"element-6066-11e4-a52e-4f735466cecf":"f.A56533DF14A1AA9A63544B9B62196BA5.d.29E0F5001844BB5D8818051F81653FBD.e.6273"},"getTitle",[]]}
COMMAND: POST /session/98e00ad9af735ef01915863a208aaa77/element - {"using":"xpath","value":"//span[contains(@id ,\"title\")][contains(text(), \"WebdriverPartnerkmaug\")]"}
RESULT: {"using":"xpath","value":"//span[contains(@id ,\"title\")][contains(text(), \"WebdriverPartnerkmaug\")]"}
COMMAND: POST /session/98e00ad9af735ef01915863a208aaa77/execute/sync - {"script":"<script> [8489 bytes]","args":[{"element-6066-11e4-a52e-4f735466cecf":"f.A56533DF14A1AA9A63544B9B62196BA5.d.29E0F5001844BB5D8818051F81653FBD.e.6274","ELEMENT":"f.A56533DF14A1AA9A63544B9B62196BA5.d.29E0F5001844BB5D8818051F81653FBD.e.6274"}]}
RESULT: undefined
COMMAND: POST /session/98e00ad9af735ef01915863a208aaa77/element - {"using":"xpath","value":"//*[@id=\"backBtn\"]"}
RESULT: {"script":"<script> [8489 bytes]","args":[{"element-6066-11e4-a52e-4f735466cecf":"f.A56533DF14A1AA9A63544B9B62196BA5.d.29E0F5001844BB5D8818051F81653FBD.e.6274","ELEMENT":"f.A56533DF14A1AA9A63544B9B62196BA5.d.29E0F5001844BB5D8818051F81653FBD.e.6274"}]}
COMMAND: GET /session/98e00ad9af735ef01915863a208aaa77/screenshot - {}
COMMAND: POST /session/98e00ad9af735ef01915863a208aaa77/element - {"using":"xpath","value":"//span[contains(@id ,\"application-addressmanagement-display-component---detailAdm--addressDetailDetailsName1\")][contains(text(), \"WebdriverSitewb2ln\")]"}
RESULT: {"using":"xpath","value":"//*[@id=\"backBtn\"]"}
COMMAND: POST /session/98e00ad9af735ef01915863a208aaa77/element/f.A56533DF14A1AA9A63544B9B62196BA5.d.29E0F5001844BB5D8818051F81653FBD.e.3157/click - {}
RESULT: {}
RESULT: {"using":"xpath","value":"//span[contains(@id ,\"application-addressmanagement-display-component---detailAdm--addressDetailDetailsName1\")][contains(text(), \"WebdriverSitewb2ln\")]"}
RESULT: {}
COMMAND: GET /session/98e00ad9af735ef01915863a208aaa77/screenshot - {}
COMMAND: POST /session/98e00ad9af735ef01915863a208aaa77/execute/sync - {"script":"<script> [8489 bytes]","args":[{"element-6066-11e4-a52e-4f735466cecf":"f.A56533DF14A1AA9A63544B9B62196BA5.d.29E0F5001844BB5D8818051F81653FBD.e.6274","ELEMENT":"f.A56533DF14A1AA9A63544B9B62196BA5.d.29E0F5001844BB5D8818051F81653FBD.e.6274"}]}
RESULT: {}
RESULT: {"script":"<script> [8489 bytes]","args":[{"element-6066-11e4-a52e-4f735466cecf":"f.A56533DF14A1AA9A63544B9B62196BA5.d.29E0F5001844BB5D8818051F81653FBD.e.6274","ELEMENT":"f.A56533DF14A1AA9A63544B9B62196BA5.d.29E0F5001844BB5D8818051F81653FBD.e.6274"}]}
COMMAND: GET /session/98e00ad9af735ef01915863a208aaa77/screenshot - {}
COMMAND: POST /session/98e00ad9af735ef01915863a208aaa77/element - {"using":"xpath","value":"//span[contains(@id ,\"application-addressmanagement-display-component---detailAdm--addressDetailDetailsName1\")][contains(text(), \"WebdriverSitewb2ln\")]"}
RESULT: {}
RESULT: {"using":"xpath","value":"//span[contains(@id ,\"application-addressmanagement-display-component---detailAdm--addressDetailDetailsName1\")][contains(text(), \"WebdriverSitewb2ln\")]"}
COMMAND: POST /session/98e00ad9af735ef01915863a208aaa77/execute/sync - {"script":"<script> [8489 bytes]","args":[{"element-6066-11e4-a52e-4f735466cecf":"f.A56533DF14A1AA9A63544B9B62196BA5.d.29E0F5001844BB5D8818051F81653FBD.e.6274","ELEMENT":"f.A56533DF14A1AA9A63544B9B62196BA5.d.29E0F5001844BB5D8818051F81653FBD.e.6274"}]}
COMMAND: POST /session/98e00ad9af735ef01915863a208aaa77/element - {"using":"xpath","value":"//span[contains(@id ,\"application-addressmanagement-display-component---detailAdm--addressDetailDetailsName1\")][contains(text(), \"WebdriverSitewb2ln\")]"}
COMMAND: POST /session/98e00ad9af735ef01915863a208aaa77/element - {"using":"xpath","value":"//span[contains(@id ,\"title\")][contains(text(), \"WebdriverPartnerkmaug\")]"}
RESULT: {"using":"xpath","value":"//span[contains(@id ,\"application-addressmanagement-display-component---detailAdm--addressDetailDetailsName1\")][contains(text(), \"WebdriverSitewb2ln\")]"}
RESULT: {"using":"xpath","value":"//span[contains(@id ,\"title\")][contains(text(), \"WebdriverPartnerkmaug\")]"}
COMMAND: POST /session/98e00ad9af735ef01915863a208aaa77/element - {"using":"xpath","value":"//span[contains(@id ,\"title\")][contains(text(), \"WebdriverPartnerkmaug\")]"}
COMMAND: POST /session/98e00ad9af735ef01915863a208aaa77/element - {"using":"xpath","value":"//span[contains(@id ,\"application-addressmanagement-display-component---detailAdm--addressDetailDetailsName1\")][contains(text(), \"WebdriverSitewb2ln\")]"}
RESULT: {"using":"xpath","value":"//span[contains(@id ,\"title\")][contains(text(), \"WebdriverPartnerkmaug\")]"}
RESULT: {"using":"xpath","value":"//span[contains(@id ,\"application-addressmanagement-display-component---detailAdm--addressDetailDetailsName1\")][contains(text(), \"WebdriverSitewb2ln\")]"}
COMMAND: POST /session/98e00ad9af735ef01915863a208aaa77/element - {"using":"xpath","value":"//span[contains(@id ,\"title\")][contains(text(), \"WebdriverPartnerkmaug\")]"}
RESULT: {"using":"xpath","value":"//span[contains(@id ,\"title\")][contains(text(), \"WebdriverPartnerkmaug\")]"}
COMMAND: POST /session/98e00ad9af735ef01915863a208aaa77/element - {"using":"xpath","value":"//span[contains(@id ,\"application-addressmanagement-display-component---detailAdm--addressDetailDetailsName1\")][contains(text(), \"WebdriverSitewb2ln\")]"}
RESULT: {"using":"xpath","value":"//span[contains(@id ,\"application-addressmanagement-display-component---detailAdm--addressDetailDetailsName1\")][contains(text(), \"WebdriverSitewb2ln\")]"}
COMMAND: POST /session/98e00ad9af735ef01915863a208aaa77/element - {"using":"xpath","value":"//span[contains(@id ,\"title\")][contains(text(), \"WebdriverPartnerkmaug\")]"}
RESULT: {"using":"xpath","value":"//span[contains(@id ,\"title\")][contains(text(), \"WebdriverPartnerkmaug\")]"}
COMMAND: POST /session/98e00ad9af735ef01915863a208aaa77/element - {"using":"xpath","value":"//span[contains(@id ,\"application-addressmanagement-display-component---detailAdm--addressDetailDetailsName1\")][contains(text(), \"WebdriverSitewb2ln\")]"}
RESULT: {"using":"xpath","value":"//span[contains(@id ,\"application-addressmanagement-display-component---detailAdm--addressDetailDetailsName1\")][contains(text(), \"WebdriverSitewb2ln\")]"}
COMMAND: POST /session/98e00ad9af735ef01915863a208aaa77/element - {"using":"xpath","value":"//span[contains(@id ,\"title\")][contains(text(), \"WebdriverPartnerkmaug\")]"}
RESULT: {"using":"xpath","value":"//span[contains(@id ,\"title\")][contains(text(), \"WebdriverPartnerkmaug\")]"}
COMMAND: POST /session/98e00ad9af735ef01915863a208aaa77/element - {"using":"xpath","value":"//span[contains(@id ,\"application-addressmanagement-display-component---detailAdm--addressDetailDetailsName1\")][contains(text(), \"WebdriverSitewb2ln\")]"}
RESULT: {"using":"xpath","value":"//span[contains(@id ,\"application-addressmanagement-display-component---detailAdm--addressDetailDetailsName1\")][contains(text(), \"WebdriverSitewb2ln\")]"}
COMMAND: POST /session/98e00ad9af735ef01915863a208aaa77/element - {"using":"xpath","value":"//span[contains(@id ,\"title\")][contains(text(), \"WebdriverPartnerkmaug\")]"}
COMMAND: POST /session/98e00ad9af735ef01915863a208aaa77/element - {"using":"xpath","value":"//span[contains(@id ,\"application-addressmanagement-display-component---detailAdm--addressDetailDetailsName1\")][contains(text(), \"WebdriverSitewb2ln\")]"}
RESULT: {"using":"xpath","value":"//span[contains(@id ,\"title\")][contains(text(), \"WebdriverPartnerkmaug\")]"}
RESULT: {"using":"xpath","value":"//span[contains(@id ,\"application-addressmanagement-display-component---detailAdm--addressDetailDetailsName1\")][contains(text(), \"WebdriverSitewb2ln\")]"}
COMMAND: POST /session/98e00ad9af735ef01915863a208aaa77/element - {"using":"xpath","value":"//span[contains(@id ,\"title\")][contains(text(), \"WebdriverPartnerkmaug\")]"}
COMMAND: POST /session/98e00ad9af735ef01915863a208aaa77/element - {"using":"xpath","value":"//span[contains(@id ,\"application-addressmanagement-display-component---detailAdm--addressDetailDetailsName1\")][contains(text(), \"WebdriverSitewb2ln\")]"}
RESULT: {"using":"xpath","value":"//span[contains(@id ,\"title\")][contains(text(), \"WebdriverPartnerkmaug\")]"}
RESULT: {"using":"xpath","value":"//span[contains(@id ,\"application-addressmanagement-display-component---detailAdm--addressDetailDetailsName1\")][contains(text(), \"WebdriverSitewb2ln\")]"}
COMMAND: POST /session/98e00ad9af735ef01915863a208aaa77/element - {"using":"xpath","value":"//span[contains(@id ,\"title\")][contains(text(), \"WebdriverPartnerkmaug\")]"}
RESULT: {"using":"xpath","value":"//span[contains(@id ,\"title\")][contains(text(), \"WebdriverPartnerkmaug\")]"}
COMMAND: POST /session/98e00ad9af735ef01915863a208aaa77/execute/sync - {"script":"<script> [8489 bytes]","args":[{"element-6066-11e4-a52e-4f735466cecf":"f.A56533DF14A1AA9A63544B9B62196BA5.d.29E0F5001844BB5D8818051F81653FBD.e.6027","ELEMENT":"f.A56533DF14A1AA9A63544B9B62196BA5.d.29E0F5001844BB5D8818051F81653FBD.e.6027"}]}
COMMAND: POST /session/98e00ad9af735ef01915863a208aaa77/element - {"using":"xpath","value":"//*[contains(@data-kt ,\"webshopDetailCustomerLink\")]"}
COMMAND: POST /session/98e00ad9af735ef01915863a208aaa77/element - {"using":"xpath","value":"//span[contains(@id ,\"application-addressmanagement-display-component---detailAdm--addressDetailDetailsName1\")][contains(text(), \"WebdriverSitewb2ln\")]"}
RESULT: {"using":"xpath","value":"//*[contains(@data-kt ,\"webshopDetailCustomerLink\")]"}
COMMAND: POST /session/98e00ad9af735ef01915863a208aaa77/execute/sync - {"script":"<script> [8489 bytes]","args":[{"element-6066-11e4-a52e-4f735466cecf":"f.A56533DF14A1AA9A63544B9B62196BA5.d.29E0F5001844BB5D8818051F81653FBD.e.6454","ELEMENT":"f.A56533DF14A1AA9A63544B9B62196BA5.d.29E0F5001844BB5D8818051F81653FBD.e.6454"}]}
RESULT: {"using":"xpath","value":"//span[contains(@id ,\"application-addressmanagement-display-component---detailAdm--addressDetailDetailsName1\")][contains(text(), \"WebdriverSitewb2ln\")]"}
RESULT: {"script":"<script> [8489 bytes]","args":[{"element-6066-11e4-a52e-4f735466cecf":"f.A56533DF14A1AA9A63544B9B62196BA5.d.29E0F5001844BB5D8818051F81653FBD.e.6454","ELEMENT":"f.A56533DF14A1AA9A63544B9B62196BA5.d.29E0F5001844BB5D8818051F81653FBD.e.6454"}]}
COMMAND: POST /session/98e00ad9af735ef01915863a208aaa77/execute/sync - {"script":"<script> [5351 bytes]","args":[{"element-6066-11e4-a52e-4f735466cecf":"f.A56533DF14A1AA9A63544B9B62196BA5.d.29E0F5001844BB5D8818051F81653FBD.e.6454","ELEMENT":"f.A56533DF14A1AA9A63544B9B62196BA5.d.29E0F5001844BB5D8818051F81653FBD.e.6454"}]}
COMMAND: GET /session/98e00ad9af735ef01915863a208aaa77/screenshot - {}
RESULT: {"script":"<script> [5351 bytes]","args":[{"element-6066-11e4-a52e-4f735466cecf":"f.A56533DF14A1AA9A63544B9B62196BA5.d.29E0F5001844BB5D8818051F81653FBD.e.6454","ELEMENT":"f.A56533DF14A1AA9A63544B9B62196BA5.d.29E0F5001844BB5D8818051F81653FBD.e.6454"}]}
COMMAND: GET /session/98e00ad9af735ef01915863a208aaa77/screenshot - {}
RESULT: {}
COMMAND: POST /session/98e00ad9af735ef01915863a208aaa77/element - {"using":"xpath","value":"//span[contains(@id ,\"title\")][contains(text(), \"WebdriverPartnerkmaug\")]"}
COMMAND: POST /session/98e00ad9af735ef01915863a208aaa77/element - {"using":"xpath","value":"//span[contains(@id ,\"application-addressmanagement-display-component---detailAdm--addressDetailDetailsName1\")][contains(text(), \"WebdriverSitewb2ln\")]"}
COMMAND: POST /session/98e00ad9af735ef01915863a208aaa77/execute/sync - {"script":"<script> [8489 bytes]","args":[{"element-6066-11e4-a52e-4f735466cecf":"f.A56533DF14A1AA9A63544B9B62196BA5.d.29E0F5001844BB5D8818051F81653FBD.e.6454","ELEMENT":"f.A56533DF14A1AA9A63544B9B62196BA5.d.29E0F5001844BB5D8818051F81653FBD.e.6454"}]}
RESULT: {}
RESULT: {"using":"xpath","value":"//span[contains(@id ,\"title\")][contains(text(), \"WebdriverPartnerkmaug\")]"}
RESULT: {"using":"xpath","value":"//span[contains(@id ,\"application-addressmanagement-display-component---detailAdm--addressDetailDetailsName1\")][contains(text(), \"WebdriverSitewb2ln\")]"}
RESULT: {"script":"<script> [8489 bytes]","args":[{"element-6066-11e4-a52e-4f735466cecf":"f.A56533DF14A1AA9A63544B9B62196BA5.d.29E0F5001844BB5D8818051F81653FBD.e.6454","ELEMENT":"f.A56533DF14A1AA9A63544B9B62196BA5.d.29E0F5001844BB5D8818051F81653FBD.e.6454"}]}
COMMAND: POST /session/98e00ad9af735ef01915863a208aaa77/execute/sync - {"script":"<script> [5351 bytes]","args":[{"element-6066-11e4-a52e-4f735466cecf":"f.A56533DF14A1AA9A63544B9B62196BA5.d.29E0F5001844BB5D8818051F81653FBD.e.6454","ELEMENT":"f.A56533DF14A1AA9A63544B9B62196BA5.d.29E0F5001844BB5D8818051F81653FBD.e.6454"}]}
COMMAND: GET /session/98e00ad9af735ef01915863a208aaa77/screenshot - {}
RESULT: {"script":"<script> [5351 bytes]","args":[{"element-6066-11e4-a52e-4f735466cecf":"f.A56533DF14A1AA9A63544B9B62196BA5.d.29E0F5001844BB5D8818051F81653FBD.e.6454","ELEMENT":"f.A56533DF14A1AA9A63544B9B62196BA5.d.29E0F5001844BB5D8818051F81653FBD.e.6454"}]}
COMMAND: POST /session/98e00ad9af735ef01915863a208aaa77/element - {"using":"xpath","value":"//*[contains(@data-kt ,\"webshopDetailCustomerLink\")]"}
COMMAND: GET /session/98e00ad9af735ef01915863a208aaa77/screenshot - {}
RESULT: {}
RESULT: {"using":"xpath","value":"//*[contains(@data-kt ,\"webshopDetailCustomerLink\")]"}
COMMAND: POST /session/98e00ad9af735ef01915863a208aaa77/element/f.A56533DF14A1AA9A63544B9B62196BA5.d.29E0F5001844BB5D8818051F81653FBD.e.6454/click - {}
RESULT: {}
COMMAND: POST /session/98e00ad9af735ef01915863a208aaa77/element - {"using":"xpath","value":"//span[contains(@id ,\"title\")][contains(text(), \"WebdriverPartnerkmaug\")]"}
COMMAND: POST /session/98e00ad9af735ef01915863a208aaa77/element - {"using":"xpath","value":"//span[contains(@id ,\"application-addressmanagement-display-component---detailAdm--addressDetailDetailsName1\")][contains(text(), \"WebdriverSitewb2ln\")]"}
RESULT: {}
COMMAND: GET /session/98e00ad9af735ef01915863a208aaa77/screenshot - {}
RESULT: {"using":"xpath","value":"//span[contains(@id ,\"title\")][contains(text(), \"WebdriverPartnerkmaug\")]"}
COMMAND: POST /session/98e00ad9af735ef01915863a208aaa77/execute/sync - {"script":"<script> [8489 bytes]","args":[{"element-6066-11e4-a52e-4f735466cecf":"f.A56533DF14A1AA9A63544B9B62196BA5.d.29E0F5001844BB5D8818051F81653FBD.e.6458","ELEMENT":"f.A56533DF14A1AA9A63544B9B62196BA5.d.29E0F5001844BB5D8818051F81653FBD.e.6458"}]}
RESULT: {"using":"xpath","value":"//span[contains(@id ,\"application-addressmanagement-display-component---detailAdm--addressDetailDetailsName1\")][contains(text(), \"WebdriverSitewb2ln\")]"}
RESULT: {}
RESULT: {"script":"<script> [8489 bytes]","args":[{"element-6066-11e4-a52e-4f735466cecf":"f.A56533DF14A1AA9A63544B9B62196BA5.d.29E0F5001844BB5D8818051F81653FBD.e.6458","ELEMENT":"f.A56533DF14A1AA9A63544B9B62196BA5.d.29E0F5001844BB5D8818051F81653FBD.e.6458"}]}
COMMAND: GET /session/98e00ad9af735ef01915863a208aaa77/screenshot - {}
RESULT: {}
COMMAND: POST /session/98e00ad9af735ef01915863a208aaa77/element - {"using":"xpath","value":"//span[contains(@id ,\"application-addressmanagement-display-component---detailAdm--addressDetailDetailsName1\")][contains(text(), \"WebdriverSitewb2ln\")]"}
RESULT: {"using":"xpath","value":"//span[contains(@id ,\"application-addressmanagement-display-component---detailAdm--addressDetailDetailsName1\")][contains(text(), \"WebdriverSitewb2ln\")]"}
COMMAND: POST /session/98e00ad9af735ef01915863a208aaa77/element - {"using":"xpath","value":"//span[contains(@id ,\"application-addressmanagement-display-component---detailAdm--addressDetailDetailsName1\")][contains(text(), \"WebdriverSitewb2ln\")]"}
RESULT: {"using":"xpath","value":"//span[contains(@id ,\"application-addressmanagement-display-component---detailAdm--addressDetailDetailsName1\")][contains(text(), \"WebdriverSitewb2ln\")]"}
COMMAND: POST /session/98e00ad9af735ef01915863a208aaa77/element - {"using":"xpath","value":"//span[contains(@id ,\"application-addressmanagement-display-component---detailAdm--addressDetailDetailsName1\")][contains(text(), \"WebdriverSitewb2ln\")]"}
RESULT: {"using":"xpath","value":"//span[contains(@id ,\"application-addressmanagement-display-component---detailAdm--addressDetailDetailsName1\")][contains(text(), \"WebdriverSitewb2ln\")]"}
COMMAND: POST /session/98e00ad9af735ef01915863a208aaa77/element - {"using":"xpath","value":"//button[contains(@data-kt ,\"ContextMenuExternalId2Link\")]"}
RESULT: {"using":"xpath","value":"//button[contains(@data-kt ,\"ContextMenuExternalId2Link\")]"}
COMMAND: POST /session/98e00ad9af735ef01915863a208aaa77/element/f.A56533DF14A1AA9A63544B9B62196BA5.d.29E0F5001844BB5D8818051F81653FBD.e.6457/click - {}
COMMAND: POST /session/98e00ad9af735ef01915863a208aaa77/element - {"using":"xpath","value":"//span[contains(@id ,\"application-addressmanagement-display-component---detailAdm--addressDetailDetailsName1\")][contains(text(), \"WebdriverSitewb2ln\")]"}
RESULT: {}
COMMAND: GET /session/98e00ad9af735ef01915863a208aaa77/screenshot - {}
RESULT: {"using":"xpath","value":"//span[contains(@id ,\"application-addressmanagement-display-component---detailAdm--addressDetailDetailsName1\")][contains(text(), \"WebdriverSitewb2ln\")]"}
RESULT: {}
COMMAND: POST /session/98e00ad9af735ef01915863a208aaa77/element - {"using":"xpath","value":"//span[contains(@id ,\"application-addressmanagement-display-component---detailAdm--addressDetailDetailsName1\")][contains(text(), \"WebdriverSitewb2ln\")]"}
RESULT: {"using":"xpath","value":"//span[contains(@id ,\"application-addressmanagement-display-component---detailAdm--addressDetailDetailsName1\")][contains(text(), \"WebdriverSitewb2ln\")]"}
COMMAND: POST /session/98e00ad9af735ef01915863a208aaa77/element - {"using":"xpath","value":"//span[contains(@id ,\"application-addressmanagement-display-component---detailAdm--addressDetailDetailsName1\")][contains(text(), \"WebdriverSitewb2ln\")]"}
RESULT: {"using":"xpath","value":"//span[contains(@id ,\"application-addressmanagement-display-component---detailAdm--addressDetailDetailsName1\")][contains(text(), \"WebdriverSitewb2ln\")]"}
COMMAND: POST /session/98e00ad9af735ef01915863a208aaa77/element - {"using":"xpath","value":"//span[contains(@id ,\"application-addressmanagement-display-component---detailAdm--addressDetailDetailsName1\")][contains(text(), \"WebdriverSitewb2ln\")]"}
RESULT: {"using":"xpath","value":"//span[contains(@id ,\"application-addressmanagement-display-component---detailAdm--addressDetailDetailsName1\")][contains(text(), \"WebdriverSitewb2ln\")]"}
COMMAND: POST /session/98e00ad9af735ef01915863a208aaa77/element - {"using":"xpath","value":"//span[contains(@id ,\"application-addressmanagement-display-component---detailAdm--addressDetailDetailsName1\")][contains(text(), \"WebdriverSitewb2ln\")]"}
RESULT: {"using":"xpath","value":"//span[contains(@id ,\"application-addressmanagement-display-component---detailAdm--addressDetailDetailsName1\")][contains(text(), \"WebdriverSitewb2ln\")]"}
COMMAND: POST /session/98e00ad9af735ef01915863a208aaa77/element - {"using":"xpath","value":"//span[contains(@id ,\"application-addressmanagement-display-component---detailAdm--addressDetailDetailsName1\")][contains(text(), \"WebdriverSitewb2ln\")]"}
RESULT: {"using":"xpath","value":"//span[contains(@id ,\"application-addressmanagement-display-component---detailAdm--addressDetailDetailsName1\")][contains(text(), \"WebdriverSitewb2ln\")]"}
COMMAND: POST /session/98e00ad9af735ef01915863a208aaa77/element - {"using":"xpath","value":"//span[contains(@id ,\"application-addressmanagement-display-component---detailAdm--addressDetailDetailsName1\")][contains(text(), \"WebdriverSitewb2ln\")]"}
RESULT: {"using":"xpath","value":"//span[contains(@id ,\"application-addressmanagement-display-component---detailAdm--addressDetailDetailsName1\")][contains(text(), \"WebdriverSitewb2ln\")]"}
COMMAND: POST /session/98e00ad9af735ef01915863a208aaa77/element - {"using":"xpath","value":"//span[contains(@id ,\"application-addressmanagement-display-component---detailAdm--addressDetailDetailsName1\")][contains(text(), \"WebdriverSitewb2ln\")]"}
RESULT: {"using":"xpath","value":"//span[contains(@id ,\"application-addressmanagement-display-component---detailAdm--addressDetailDetailsName1\")][contains(text(), \"WebdriverSitewb2ln\")]"}
COMMAND: POST /session/98e00ad9af735ef01915863a208aaa77/element - {"using":"xpath","value":"//span[contains(@id ,\"application-addressmanagement-display-component---detailAdm--addressDetailDetailsName1\")][contains(text(), \"WebdriverSitewb2ln\")]"}
RESULT: {"using":"xpath","value":"//span[contains(@id ,\"application-addressmanagement-display-component---detailAdm--addressDetailDetailsName1\")][contains(text(), \"WebdriverSitewb2ln\")]"}
COMMAND: POST /session/98e00ad9af735ef01915863a208aaa77/element - {"using":"xpath","value":"//span[contains(@id ,\"application-addressmanagement-display-component---detailAdm--addressDetailDetailsName1\")][contains(text(), \"WebdriverSitewb2ln\")]"}
RESULT: {"using":"xpath","value":"//span[contains(@id ,\"application-addressmanagement-display-component---detailAdm--addressDetailDetailsName1\")][contains(text(), \"WebdriverSitewb2ln\")]"}
COMMAND: POST /session/98e00ad9af735ef01915863a208aaa77/element - {"using":"xpath","value":"//span[contains(@id ,\"application-addressmanagement-display-component---detailAdm--addressDetailDetailsName1\")][contains(text(), \"WebdriverSitewb2ln\")]"}
RESULT: {"using":"xpath","value":"//span[contains(@id ,\"application-addressmanagement-display-component---detailAdm--addressDetailDetailsName1\")][contains(text(), \"WebdriverSitewb2ln\")]"}
COMMAND: POST /session/98e00ad9af735ef01915863a208aaa77/element - {"using":"xpath","value":"//span[contains(@id ,\"application-addressmanagement-display-component---detailAdm--addressDetailDetailsName1\")][contains(text(), \"WebdriverSitewb2ln\")]"}
RESULT: {"using":"xpath","value":"//span[contains(@id ,\"application-addressmanagement-display-component---detailAdm--addressDetailDetailsName1\")][contains(text(), \"WebdriverSitewb2ln\")]"}
COMMAND: POST /session/98e00ad9af735ef01915863a208aaa77/element - {"using":"xpath","value":"//span[contains(@id ,\"application-addressmanagement-display-component---detailAdm--addressDetailDetailsName1\")][contains(text(), \"WebdriverSitewb2ln\")]"}
RESULT: {"using":"xpath","value":"//span[contains(@id ,\"application-addressmanagement-display-component---detailAdm--addressDetailDetailsName1\")][contains(text(), \"WebdriverSitewb2ln\")]"}
COMMAND: POST /session/98e00ad9af735ef01915863a208aaa77/element - {"using":"xpath","value":"//span[contains(@id ,\"application-addressmanagement-display-component---detailAdm--addressDetailDetailsName1\")][contains(text(), \"WebdriverSitewb2ln\")]"}
RESULT: {"using":"xpath","value":"//span[contains(@id ,\"application-addressmanagement-display-component---detailAdm--addressDetailDetailsName1\")][contains(text(), \"WebdriverSitewb2ln\")]"}
COMMAND: POST /session/98e00ad9af735ef01915863a208aaa77/element - {"using":"xpath","value":"//span[contains(@id ,\"application-addressmanagement-display-component---detailAdm--addressDetailDetailsName1\")][contains(text(), \"WebdriverSitewb2ln\")]"}
RESULT: {"using":"xpath","value":"//span[contains(@id ,\"application-addressmanagement-display-component---detailAdm--addressDetailDetailsName1\")][contains(text(), \"WebdriverSitewb2ln\")]"}
COMMAND: POST /session/98e00ad9af735ef01915863a208aaa77/element - {"using":"xpath","value":"//span[contains(@id ,\"application-addressmanagement-display-component---detailAdm--addressDetailDetailsName1\")][contains(text(), \"WebdriverSitewb2ln\")]"}
RESULT: {"using":"xpath","value":"//span[contains(@id ,\"application-addressmanagement-display-component---detailAdm--addressDetailDetailsName1\")][contains(text(), \"WebdriverSitewb2ln\")]"}
COMMAND: POST /session/98e00ad9af735ef01915863a208aaa77/element - {"using":"xpath","value":"//span[contains(@id ,\"application-addressmanagement-display-component---detailAdm--addressDetailDetailsName1\")][contains(text(), \"WebdriverSitewb2ln\")]"}
RESULT: {"using":"xpath","value":"//span[contains(@id ,\"application-addressmanagement-display-component---detailAdm--addressDetailDetailsName1\")][contains(text(), \"WebdriverSitewb2ln\")]"}
COMMAND: POST /session/98e00ad9af735ef01915863a208aaa77/element - {"using":"xpath","value":"//span[contains(@id ,\"application-addressmanagement-display-component---detailAdm--addressDetailDetailsName1\")][contains(text(), \"WebdriverSitewb2ln\")]"}
RESULT: {"using":"xpath","value":"//span[contains(@id ,\"application-addressmanagement-display-component---detailAdm--addressDetailDetailsName1\")][contains(text(), \"WebdriverSitewb2ln\")]"}
COMMAND: POST /session/98e00ad9af735ef01915863a208aaa77/element - {"using":"xpath","value":"//span[contains(@id ,\"application-addressmanagement-display-component---detailAdm--addressDetailDetailsName1\")][contains(text(), \"WebdriverSitewb2ln\")]"}
RESULT: {"using":"xpath","value":"//span[contains(@id ,\"application-addressmanagement-display-component---detailAdm--addressDetailDetailsName1\")][contains(text(), \"WebdriverSitewb2ln\")]"}
COMMAND: POST /session/98e00ad9af735ef01915863a208aaa77/element - {"using":"xpath","value":"//span[contains(@id ,\"application-addressmanagement-display-component---detailAdm--addressDetailDetailsName1\")][contains(text(), \"WebdriverSitewb2ln\")]"}
RESULT: {"using":"xpath","value":"//span[contains(@id ,\"application-addressmanagement-display-component---detailAdm--addressDetailDetailsName1\")][contains(text(), \"WebdriverSitewb2ln\")]"}
COMMAND: POST /session/98e00ad9af735ef01915863a208aaa77/element - {"using":"xpath","value":"//span[contains(@id ,\"application-addressmanagement-display-component---detailAdm--addressDetailDetailsName1\")][contains(text(), \"WebdriverSitewb2ln\")]"}
RESULT: {"using":"xpath","value":"//span[contains(@id ,\"application-addressmanagement-display-component---detailAdm--addressDetailDetailsName1\")][contains(text(), \"WebdriverSitewb2ln\")]"}
COMMAND: POST /session/98e00ad9af735ef01915863a208aaa77/element - {"using":"xpath","value":"//span[contains(@id ,\"application-addressmanagement-display-component---detailAdm--addressDetailDetailsName1\")][contains(text(), \"WebdriverSitewb2ln\")]"}
RESULT: {"using":"xpath","value":"//span[contains(@id ,\"application-addressmanagement-display-component---detailAdm--addressDetailDetailsName1\")][contains(text(), \"WebdriverSitewb2ln\")]"}
COMMAND: POST /session/98e00ad9af735ef01915863a208aaa77/element - {"using":"xpath","value":"//span[contains(@id ,\"application-addressmanagement-display-component---detailAdm--addressDetailDetailsName1\")][contains(text(), \"WebdriverSitewb2ln\")]"}
COMMAND: GET /session/98e00ad9af735ef01915863a208aaa77/window/handles - {}
RESULT: {"using":"xpath","value":"//span[contains(@id ,\"application-addressmanagement-display-component---detailAdm--addressDetailDetailsName1\")][contains(text(), \"WebdriverSitewb2ln\")]"}
RESULT: {}
COMMAND: POST /session/98e00ad9af735ef01915863a208aaa77/window - {"handle":"BF82D55C72012FB3D44C6CAA7D5D47F6"}
RESULT: {"handle":"BF82D55C72012FB3D44C6CAA7D5D47F6"}
COMMAND: GET /session/98e00ad9af735ef01915863a208aaa77/url - {}
RESULT: {}
COMMAND: GET /session/98e00ad9af735ef01915863a208aaa77/screenshot - {}
RESULT: {}
COMMAND: POST /session/98e00ad9af735ef01915863a208aaa77/execute/sync - {"script":"<script> [8489 bytes]","args":[{"element-6066-11e4-a52e-4f735466cecf":"f.A56533DF14A1AA9A63544B9B62196BA5.d.29E0F5001844BB5D8818051F81653FBD.e.6458","ELEMENT":"f.A56533DF14A1AA9A63544B9B62196BA5.d.29E0F5001844BB5D8818051F81653FBD.e.6458"}]}
COMMAND: DELETE /session/98e00ad9af735ef01915863a208aaa77/window - {}
RESULT: {}
COMMAND: POST /session/98e00ad9af735ef01915863a208aaa77/window - {"handle":"A56533DF14A1AA9A63544B9B62196BA5"}
RESULT: {"handle":"A56533DF14A1AA9A63544B9B62196BA5"}
COMMAND: GET /session/98e00ad9af735ef01915863a208aaa77/url - {}
RESULT: {"script":"<script> [8489 bytes]","args":[{"element-6066-11e4-a52e-4f735466cecf":"f.A56533DF14A1AA9A63544B9B62196BA5.d.29E0F5001844BB5D8818051F81653FBD.e.6458","ELEMENT":"f.A56533DF14A1AA9A63544B9B62196BA5.d.29E0F5001844BB5D8818051F81653FBD.e.6458"}]}
RESULT: {}
COMMAND: GET /session/98e00ad9af735ef01915863a208aaa77/screenshot - {}
COMMAND: GET /session/98e00ad9af735ef01915863a208aaa77/screenshot - {}
RESULT: {}
RESULT: {}
]]></system-out>
    </testcase>
    <testcase classname="chrome.136_0_7103_93.windows.Webshop_-_Hyperlinks_visible_and_working_properly__US139085" name="Should verify the contract and catalog item hyperlinks" time="93.58">
      <system-out><![CDATA[
COMMAND: POST /session/98e00ad9af735ef01915863a208aaa77/element - {"using":"xpath","value":"//*[contains(@data-kt ,\"webshopDetailContractLink\")]"}
RESULT: {"using":"xpath","value":"//*[contains(@data-kt ,\"webshopDetailContractLink\")]"}
COMMAND: POST /session/98e00ad9af735ef01915863a208aaa77/execute/sync - {"script":"<script> [8489 bytes]","args":[{"element-6066-11e4-a52e-4f735466cecf":"f.A56533DF14A1AA9A63544B9B62196BA5.d.29E0F5001844BB5D8818051F81653FBD.e.6599","ELEMENT":"f.A56533DF14A1AA9A63544B9B62196BA5.d.29E0F5001844BB5D8818051F81653FBD.e.6599"}]}
RESULT: {"script":"<script> [8489 bytes]","args":[{"element-6066-11e4-a52e-4f735466cecf":"f.A56533DF14A1AA9A63544B9B62196BA5.d.29E0F5001844BB5D8818051F81653FBD.e.6599","ELEMENT":"f.A56533DF14A1AA9A63544B9B62196BA5.d.29E0F5001844BB5D8818051F81653FBD.e.6599"}]}
COMMAND: POST /session/98e00ad9af735ef01915863a208aaa77/execute/sync - {"script":"<script> [5351 bytes]","args":[{"element-6066-11e4-a52e-4f735466cecf":"f.A56533DF14A1AA9A63544B9B62196BA5.d.29E0F5001844BB5D8818051F81653FBD.e.6599","ELEMENT":"f.A56533DF14A1AA9A63544B9B62196BA5.d.29E0F5001844BB5D8818051F81653FBD.e.6599"}]}
COMMAND: GET /session/98e00ad9af735ef01915863a208aaa77/screenshot - {}
RESULT: {"script":"<script> [5351 bytes]","args":[{"element-6066-11e4-a52e-4f735466cecf":"f.A56533DF14A1AA9A63544B9B62196BA5.d.29E0F5001844BB5D8818051F81653FBD.e.6599","ELEMENT":"f.A56533DF14A1AA9A63544B9B62196BA5.d.29E0F5001844BB5D8818051F81653FBD.e.6599"}]}
COMMAND: POST /session/98e00ad9af735ef01915863a208aaa77/element - {"using":"xpath","value":"//*[contains(@data-kt ,\"webshopDetailContractLink\")]"}
COMMAND: GET /session/98e00ad9af735ef01915863a208aaa77/screenshot - {}
RESULT: {}
RESULT: {"using":"xpath","value":"//*[contains(@data-kt ,\"webshopDetailContractLink\")]"}
COMMAND: POST /session/98e00ad9af735ef01915863a208aaa77/element/f.A56533DF14A1AA9A63544B9B62196BA5.d.29E0F5001844BB5D8818051F81653FBD.e.6599/click - {}
RESULT: {}
RESULT: {}
COMMAND: GET /session/98e00ad9af735ef01915863a208aaa77/screenshot - {}
RESULT: {}
COMMAND: POST /session/98e00ad9af735ef01915863a208aaa77/element - {"using":"xpath","value":"//*[contains(@data-kt ,\"ContextMenuId2Link\")][contains(text(), \"Contract Overview\")]"}
RESULT: {"using":"xpath","value":"//*[contains(@data-kt ,\"ContextMenuId2Link\")][contains(text(), \"Contract Overview\")]"}
COMMAND: POST /session/98e00ad9af735ef01915863a208aaa77/execute/sync - {"script":"<script> [8489 bytes]","args":[{"element-6066-11e4-a52e-4f735466cecf":"f.A56533DF14A1AA9A63544B9B62196BA5.d.29E0F5001844BB5D8818051F81653FBD.e.6601","ELEMENT":"f.A56533DF14A1AA9A63544B9B62196BA5.d.29E0F5001844BB5D8818051F81653FBD.e.6601"}]}
COMMAND: POST /session/98e00ad9af735ef01915863a208aaa77/element - {"using":"xpath","value":"//*[contains(@data-kt ,\"ContextMenuId2Link\")][contains(text(), \"Contract Overview\")]"}
RESULT: {"script":"<script> [8489 bytes]","args":[{"element-6066-11e4-a52e-4f735466cecf":"f.A56533DF14A1AA9A63544B9B62196BA5.d.29E0F5001844BB5D8818051F81653FBD.e.6601","ELEMENT":"f.A56533DF14A1AA9A63544B9B62196BA5.d.29E0F5001844BB5D8818051F81653FBD.e.6601"}]}
RESULT: {"using":"xpath","value":"//*[contains(@data-kt ,\"ContextMenuId2Link\")][contains(text(), \"Contract Overview\")]"}
COMMAND: POST /session/98e00ad9af735ef01915863a208aaa77/element/f.A56533DF14A1AA9A63544B9B62196BA5.d.29E0F5001844BB5D8818051F81653FBD.e.6601/click - {}
COMMAND: GET /session/98e00ad9af735ef01915863a208aaa77/screenshot - {}
RESULT: {}
COMMAND: GET /session/98e00ad9af735ef01915863a208aaa77/screenshot - {}
RESULT: {}
RESULT: {}
RESULT: undefined
COMMAND: POST /session/98e00ad9af735ef01915863a208aaa77/execute/async - {"script":"<script> [6424 bytes]","args":[{"element-6066-11e4-a52e-4f735466cecf":"f.A56533DF14A1AA9A63544B9B62196BA5.d.29E0F5001844BB5D8818051F81653FBD.e.3155"},"getTitle",[]]}
COMMAND: POST /session/98e00ad9af735ef01915863a208aaa77/execute/async - {"script":"<script> [1562 bytes]","args":[{"selector":{"id":"shellAppTitle"},"wdio_ui5_key":"shellAppTitle"}]}
RESULT: {"script":"<script> [1562 bytes]","args":[{"selector":{"id":"shellAppTitle"},"wdio_ui5_key":"shellAppTitle"}]}
COMMAND: POST /session/98e00ad9af735ef01915863a208aaa77/execute/async - {"script":"<script> [6424 bytes]","args":[{"element-6066-11e4-a52e-4f735466cecf":"f.A56533DF14A1AA9A63544B9B62196BA5.d.29E0F5001844BB5D8818051F81653FBD.e.6845"},"getTitle",[]]}
RESULT: {"script":"<script> [6424 bytes]","args":[{"element-6066-11e4-a52e-4f735466cecf":"f.A56533DF14A1AA9A63544B9B62196BA5.d.29E0F5001844BB5D8818051F81653FBD.e.6845"},"getTitle",[]]}
COMMAND: POST /session/98e00ad9af735ef01915863a208aaa77/element - {"using":"xpath","value":"//span[contains(@id ,\"contractDetailTitleNoExpanded\")][contains(text(), \"10448\")]"}
RESULT: {"using":"xpath","value":"//span[contains(@id ,\"contractDetailTitleNoExpanded\")][contains(text(), \"10448\")]"}
COMMAND: POST /session/98e00ad9af735ef01915863a208aaa77/execute/sync - {"script":"<script> [8489 bytes]","args":[{"element-6066-11e4-a52e-4f735466cecf":"f.A56533DF14A1AA9A63544B9B62196BA5.d.29E0F5001844BB5D8818051F81653FBD.e.6846","ELEMENT":"f.A56533DF14A1AA9A63544B9B62196BA5.d.29E0F5001844BB5D8818051F81653FBD.e.6846"}]}
RESULT: undefined
COMMAND: POST /session/98e00ad9af735ef01915863a208aaa77/element - {"using":"xpath","value":"//*[@id=\"backBtn\"]"}
RESULT: {"using":"xpath","value":"//*[@id=\"backBtn\"]"}
COMMAND: POST /session/98e00ad9af735ef01915863a208aaa77/element/f.A56533DF14A1AA9A63544B9B62196BA5.d.29E0F5001844BB5D8818051F81653FBD.e.3157/click - {}
RESULT: {"script":"<script> [8489 bytes]","args":[{"element-6066-11e4-a52e-4f735466cecf":"f.A56533DF14A1AA9A63544B9B62196BA5.d.29E0F5001844BB5D8818051F81653FBD.e.6846","ELEMENT":"f.A56533DF14A1AA9A63544B9B62196BA5.d.29E0F5001844BB5D8818051F81653FBD.e.6846"}]}
COMMAND: GET /session/98e00ad9af735ef01915863a208aaa77/screenshot - {}
RESULT: {}
COMMAND: GET /session/98e00ad9af735ef01915863a208aaa77/screenshot - {}
RESULT: {}
RESULT: {}
COMMAND: POST /session/98e00ad9af735ef01915863a208aaa77/execute/sync - {"script":"<script> [8489 bytes]","args":[{"element-6066-11e4-a52e-4f735466cecf":"f.A56533DF14A1AA9A63544B9B62196BA5.d.29E0F5001844BB5D8818051F81653FBD.e.6599","ELEMENT":"f.A56533DF14A1AA9A63544B9B62196BA5.d.29E0F5001844BB5D8818051F81653FBD.e.6599"}]}
COMMAND: POST /session/98e00ad9af735ef01915863a208aaa77/element - {"using":"xpath","value":"//*[contains(@data-kt ,\"webshopDetailContractLink\")]"}
RESULT: {"using":"xpath","value":"//*[contains(@data-kt ,\"webshopDetailContractLink\")]"}
COMMAND: POST /session/98e00ad9af735ef01915863a208aaa77/execute/sync - {"script":"<script> [8489 bytes]","args":[{"element-6066-11e4-a52e-4f735466cecf":"f.A56533DF14A1AA9A63544B9B62196BA5.d.29E0F5001844BB5D8818051F81653FBD.e.6977","ELEMENT":"f.A56533DF14A1AA9A63544B9B62196BA5.d.29E0F5001844BB5D8818051F81653FBD.e.6977"}]}
RESULT: {"script":"<script> [8489 bytes]","args":[{"element-6066-11e4-a52e-4f735466cecf":"f.A56533DF14A1AA9A63544B9B62196BA5.d.29E0F5001844BB5D8818051F81653FBD.e.6977","ELEMENT":"f.A56533DF14A1AA9A63544B9B62196BA5.d.29E0F5001844BB5D8818051F81653FBD.e.6977"}]}
COMMAND: POST /session/98e00ad9af735ef01915863a208aaa77/execute/sync - {"script":"<script> [5351 bytes]","args":[{"element-6066-11e4-a52e-4f735466cecf":"f.A56533DF14A1AA9A63544B9B62196BA5.d.29E0F5001844BB5D8818051F81653FBD.e.6977","ELEMENT":"f.A56533DF14A1AA9A63544B9B62196BA5.d.29E0F5001844BB5D8818051F81653FBD.e.6977"}]}
RESULT: {"script":"<script> [5351 bytes]","args":[{"element-6066-11e4-a52e-4f735466cecf":"f.A56533DF14A1AA9A63544B9B62196BA5.d.29E0F5001844BB5D8818051F81653FBD.e.6977","ELEMENT":"f.A56533DF14A1AA9A63544B9B62196BA5.d.29E0F5001844BB5D8818051F81653FBD.e.6977"}]}
COMMAND: POST /session/98e00ad9af735ef01915863a208aaa77/element - {"using":"xpath","value":"//*[contains(@data-kt ,\"webshopDetailContractLink\")]"}
COMMAND: GET /session/98e00ad9af735ef01915863a208aaa77/screenshot - {}
COMMAND: GET /session/98e00ad9af735ef01915863a208aaa77/screenshot - {}
RESULT: {"using":"xpath","value":"//*[contains(@data-kt ,\"webshopDetailContractLink\")]"}
COMMAND: POST /session/98e00ad9af735ef01915863a208aaa77/element/f.A56533DF14A1AA9A63544B9B62196BA5.d.29E0F5001844BB5D8818051F81653FBD.e.6977/click - {}
RESULT: {}
RESULT: {}
RESULT: {}
COMMAND: GET /session/98e00ad9af735ef01915863a208aaa77/screenshot - {}
RESULT: {}
COMMAND: POST /session/98e00ad9af735ef01915863a208aaa77/element - {"using":"xpath","value":"//button[contains(@data-kt ,\"ContextMenuExternalId2Link\")]"}
RESULT: {"using":"xpath","value":"//button[contains(@data-kt ,\"ContextMenuExternalId2Link\")]"}
COMMAND: POST /session/98e00ad9af735ef01915863a208aaa77/element/f.A56533DF14A1AA9A63544B9B62196BA5.d.29E0F5001844BB5D8818051F81653FBD.e.6978/click - {}
RESULT: {}
COMMAND: GET /session/98e00ad9af735ef01915863a208aaa77/screenshot - {}
RESULT: {}
COMMAND: GET /session/98e00ad9af735ef01915863a208aaa77/window/handles - {}
RESULT: {}
COMMAND: POST /session/98e00ad9af735ef01915863a208aaa77/window - {"handle":"4AB942F89F1D0521AE5B5546BE1F722E"}
RESULT: {"handle":"4AB942F89F1D0521AE5B5546BE1F722E"}
COMMAND: GET /session/98e00ad9af735ef01915863a208aaa77/url - {}
RESULT: {}
COMMAND: GET /session/98e00ad9af735ef01915863a208aaa77/screenshot - {}
RESULT: {}
COMMAND: POST /session/98e00ad9af735ef01915863a208aaa77/execute/sync - {"script":"<script> [8489 bytes]","args":[{"element-6066-11e4-a52e-4f735466cecf":"f.A56533DF14A1AA9A63544B9B62196BA5.d.29E0F5001844BB5D8818051F81653FBD.e.6846","ELEMENT":"f.A56533DF14A1AA9A63544B9B62196BA5.d.29E0F5001844BB5D8818051F81653FBD.e.6846"}]}
COMMAND: DELETE /session/98e00ad9af735ef01915863a208aaa77/window - {}
RESULT: {}
COMMAND: POST /session/98e00ad9af735ef01915863a208aaa77/window - {"handle":"A56533DF14A1AA9A63544B9B62196BA5"}
RESULT: {"handle":"A56533DF14A1AA9A63544B9B62196BA5"}
COMMAND: GET /session/98e00ad9af735ef01915863a208aaa77/url - {}
COMMAND: POST /session/98e00ad9af735ef01915863a208aaa77/element - {"using":"xpath","value":"//span[contains(@id ,\"contractDetailTitleNoExpanded\")][contains(text(), \"10448\")]"}
RESULT: {}
COMMAND: GET /session/98e00ad9af735ef01915863a208aaa77/screenshot - {}
RESULT: {"using":"xpath","value":"//span[contains(@id ,\"contractDetailTitleNoExpanded\")][contains(text(), \"10448\")]"}
COMMAND: POST /session/98e00ad9af735ef01915863a208aaa77/element - {"using":"xpath","value":"//span[contains(@id ,\"contractDetailTitleNoExpanded\")][contains(text(), \"10448\")]"}
RESULT: {}
RESULT: {"using":"xpath","value":"//span[contains(@id ,\"contractDetailTitleNoExpanded\")][contains(text(), \"10448\")]"}
COMMAND: POST /session/98e00ad9af735ef01915863a208aaa77/element - {"using":"xpath","value":"//span[contains(@id ,\"contractDetailTitleNoExpanded\")][contains(text(), \"10448\")]"}
RESULT: {"using":"xpath","value":"//span[contains(@id ,\"contractDetailTitleNoExpanded\")][contains(text(), \"10448\")]"}
COMMAND: POST /session/98e00ad9af735ef01915863a208aaa77/element - {"using":"xpath","value":"//span[contains(@id ,\"contractDetailTitleNoExpanded\")][contains(text(), \"10448\")]"}
RESULT: {"using":"xpath","value":"//span[contains(@id ,\"contractDetailTitleNoExpanded\")][contains(text(), \"10448\")]"}
COMMAND: POST /session/98e00ad9af735ef01915863a208aaa77/element - {"using":"xpath","value":"//span[contains(@id ,\"contractDetailTitleNoExpanded\")][contains(text(), \"10448\")]"}
RESULT: {"using":"xpath","value":"//span[contains(@id ,\"contractDetailTitleNoExpanded\")][contains(text(), \"10448\")]"}
COMMAND: POST /session/98e00ad9af735ef01915863a208aaa77/element - {"using":"xpath","value":"//span[contains(@id ,\"contractDetailTitleNoExpanded\")][contains(text(), \"10448\")]"}
RESULT: {"using":"xpath","value":"//span[contains(@id ,\"contractDetailTitleNoExpanded\")][contains(text(), \"10448\")]"}
COMMAND: POST /session/98e00ad9af735ef01915863a208aaa77/element - {"using":"xpath","value":"//span[contains(@id ,\"contractDetailTitleNoExpanded\")][contains(text(), \"10448\")]"}
RESULT: {"using":"xpath","value":"//span[contains(@id ,\"contractDetailTitleNoExpanded\")][contains(text(), \"10448\")]"}
COMMAND: POST /session/98e00ad9af735ef01915863a208aaa77/element - {"using":"xpath","value":"//span[contains(@id ,\"contractDetailTitleNoExpanded\")][contains(text(), \"10448\")]"}
COMMAND: POST /session/98e00ad9af735ef01915863a208aaa77/element - {"using":"xpath","value":"//*[contains(@data-kt ,\"webshopDetailCatalogItemLink\")]"}
RESULT: {"using":"xpath","value":"//span[contains(@id ,\"contractDetailTitleNoExpanded\")][contains(text(), \"10448\")]"}
RESULT: {"using":"xpath","value":"//*[contains(@data-kt ,\"webshopDetailCatalogItemLink\")]"}
COMMAND: POST /session/98e00ad9af735ef01915863a208aaa77/execute/sync - {"script":"<script> [8489 bytes]","args":[{"element-6066-11e4-a52e-4f735466cecf":"f.A56533DF14A1AA9A63544B9B62196BA5.d.29E0F5001844BB5D8818051F81653FBD.e.7127","ELEMENT":"f.A56533DF14A1AA9A63544B9B62196BA5.d.29E0F5001844BB5D8818051F81653FBD.e.7127"}]}
RESULT: {"script":"<script> [8489 bytes]","args":[{"element-6066-11e4-a52e-4f735466cecf":"f.A56533DF14A1AA9A63544B9B62196BA5.d.29E0F5001844BB5D8818051F81653FBD.e.7127","ELEMENT":"f.A56533DF14A1AA9A63544B9B62196BA5.d.29E0F5001844BB5D8818051F81653FBD.e.7127"}]}
COMMAND: POST /session/98e00ad9af735ef01915863a208aaa77/execute/sync - {"script":"<script> [5351 bytes]","args":[{"element-6066-11e4-a52e-4f735466cecf":"f.A56533DF14A1AA9A63544B9B62196BA5.d.29E0F5001844BB5D8818051F81653FBD.e.7127","ELEMENT":"f.A56533DF14A1AA9A63544B9B62196BA5.d.29E0F5001844BB5D8818051F81653FBD.e.7127"}]}
COMMAND: GET /session/98e00ad9af735ef01915863a208aaa77/screenshot - {}
COMMAND: POST /session/98e00ad9af735ef01915863a208aaa77/element - {"using":"xpath","value":"//span[contains(@id ,\"contractDetailTitleNoExpanded\")][contains(text(), \"10448\")]"}
RESULT: {"script":"<script> [5351 bytes]","args":[{"element-6066-11e4-a52e-4f735466cecf":"f.A56533DF14A1AA9A63544B9B62196BA5.d.29E0F5001844BB5D8818051F81653FBD.e.7127","ELEMENT":"f.A56533DF14A1AA9A63544B9B62196BA5.d.29E0F5001844BB5D8818051F81653FBD.e.7127"}]}
COMMAND: POST /session/98e00ad9af735ef01915863a208aaa77/element - {"using":"xpath","value":"//*[contains(@data-kt ,\"webshopDetailCatalogItemLink\")]"}
RESULT: {}
RESULT: {"using":"xpath","value":"//*[contains(@data-kt ,\"webshopDetailCatalogItemLink\")]"}
COMMAND: POST /session/98e00ad9af735ef01915863a208aaa77/element/f.A56533DF14A1AA9A63544B9B62196BA5.d.29E0F5001844BB5D8818051F81653FBD.e.7127/click - {}
RESULT: {}
RESULT: {"using":"xpath","value":"//span[contains(@id ,\"contractDetailTitleNoExpanded\")][contains(text(), \"10448\")]"}
COMMAND: GET /session/98e00ad9af735ef01915863a208aaa77/screenshot - {}
COMMAND: GET /session/98e00ad9af735ef01915863a208aaa77/screenshot - {}
RESULT: {}
COMMAND: POST /session/98e00ad9af735ef01915863a208aaa77/element - {"using":"xpath","value":"//span[contains(@id ,\"contractDetailTitleNoExpanded\")][contains(text(), \"10448\")]"}
RESULT: {}
RESULT: {"using":"xpath","value":"//span[contains(@id ,\"contractDetailTitleNoExpanded\")][contains(text(), \"10448\")]"}
COMMAND: POST /session/98e00ad9af735ef01915863a208aaa77/element - {"using":"xpath","value":"//span[contains(@id ,\"contractDetailTitleNoExpanded\")][contains(text(), \"10448\")]"}
RESULT: {"using":"xpath","value":"//span[contains(@id ,\"contractDetailTitleNoExpanded\")][contains(text(), \"10448\")]"}
COMMAND: POST /session/98e00ad9af735ef01915863a208aaa77/element - {"using":"xpath","value":"//span[contains(@id ,\"contractDetailTitleNoExpanded\")][contains(text(), \"10448\")]"}
RESULT: {"using":"xpath","value":"//span[contains(@id ,\"contractDetailTitleNoExpanded\")][contains(text(), \"10448\")]"}
COMMAND: POST /session/98e00ad9af735ef01915863a208aaa77/element - {"using":"xpath","value":"//span[contains(@id ,\"contractDetailTitleNoExpanded\")][contains(text(), \"10448\")]"}
RESULT: {"using":"xpath","value":"//span[contains(@id ,\"contractDetailTitleNoExpanded\")][contains(text(), \"10448\")]"}
COMMAND: POST /session/98e00ad9af735ef01915863a208aaa77/element - {"using":"xpath","value":"//span[contains(@id ,\"contractDetailTitleNoExpanded\")][contains(text(), \"10448\")]"}
RESULT: {"using":"xpath","value":"//span[contains(@id ,\"contractDetailTitleNoExpanded\")][contains(text(), \"10448\")]"}
COMMAND: POST /session/98e00ad9af735ef01915863a208aaa77/element - {"using":"xpath","value":"//span[contains(@id ,\"contractDetailTitleNoExpanded\")][contains(text(), \"10448\")]"}
RESULT: {"using":"xpath","value":"//span[contains(@id ,\"contractDetailTitleNoExpanded\")][contains(text(), \"10448\")]"}
COMMAND: POST /session/98e00ad9af735ef01915863a208aaa77/element - {"using":"xpath","value":"//span[contains(@id ,\"contractDetailTitleNoExpanded\")][contains(text(), \"10448\")]"}
RESULT: {"using":"xpath","value":"//span[contains(@id ,\"contractDetailTitleNoExpanded\")][contains(text(), \"10448\")]"}
COMMAND: POST /session/98e00ad9af735ef01915863a208aaa77/element - {"using":"xpath","value":"(//span[contains(text(), \"Dri-Prime CD150M Diesel Pump\")])[2]"}
RESULT: {"using":"xpath","value":"(//span[contains(text(), \"Dri-Prime CD150M Diesel Pump\")])[2]"}
COMMAND: POST /session/98e00ad9af735ef01915863a208aaa77/execute/sync - {"script":"<script> [8489 bytes]","args":[{"element-6066-11e4-a52e-4f735466cecf":"f.A56533DF14A1AA9A63544B9B62196BA5.d.29E0F5001844BB5D8818051F81653FBD.e.7134","ELEMENT":"f.A56533DF14A1AA9A63544B9B62196BA5.d.29E0F5001844BB5D8818051F81653FBD.e.7134"}]}
COMMAND: POST /session/98e00ad9af735ef01915863a208aaa77/element - {"using":"xpath","value":"(//span[contains(text(), \"Description\")])[1]"}
RESULT: {"script":"<script> [8489 bytes]","args":[{"element-6066-11e4-a52e-4f735466cecf":"f.A56533DF14A1AA9A63544B9B62196BA5.d.29E0F5001844BB5D8818051F81653FBD.e.7134","ELEMENT":"f.A56533DF14A1AA9A63544B9B62196BA5.d.29E0F5001844BB5D8818051F81653FBD.e.7134"}]}
RESULT: {"using":"xpath","value":"(//span[contains(text(), \"Description\")])[1]"}
COMMAND: GET /session/98e00ad9af735ef01915863a208aaa77/element/f.A56533DF14A1AA9A63544B9B62196BA5.d.29E0F5001844BB5D8818051F81653FBD.e.7135/rect - {}
COMMAND: GET /session/98e00ad9af735ef01915863a208aaa77/screenshot - {}
RESULT: {}
COMMAND: GET /session/98e00ad9af735ef01915863a208aaa77/window/rect - {}
RESULT: {}
RESULT: {}
COMMAND: POST /session/98e00ad9af735ef01915863a208aaa77/execute/sync - {"script":"<script> [92 bytes]","args":[]}
RESULT: {"script":"<script> [92 bytes]","args":[]}
COMMAND: POST /session/98e00ad9af735ef01915863a208aaa77/actions - {"actions":[{"id":"action10","type":"wheel","parameters":{},"actions":[{"type":"scroll","x":-1833,"y":-23,"deltaX":0,"deltaY":0,"duration":0,"origin":{"element-6066-11e4-a52e-4f735466cecf":"f.A56533DF14A1AA9A63544B9B62196BA5.d.29E0F5001844BB5D8818051F81653FBD.e.7135"}}]}]}
COMMAND: GET /session/98e00ad9af735ef01915863a208aaa77/screenshot - {}
COMMAND: POST /session/98e00ad9af735ef01915863a208aaa77/element - {"using":"xpath","value":"//span[contains(@id ,\"contractDetailTitleNoExpanded\")][contains(text(), \"10448\")]"}
RESULT: {}
RESULT: {"using":"xpath","value":"//span[contains(@id ,\"contractDetailTitleNoExpanded\")][contains(text(), \"10448\")]"}
COMMAND: POST /session/98e00ad9af735ef01915863a208aaa77/execute/sync - {"script":"<script> [79 bytes]","args":[{"element-6066-11e4-a52e-4f735466cecf":"f.A56533DF14A1AA9A63544B9B62196BA5.d.29E0F5001844BB5D8818051F81653FBD.e.7135","ELEMENT":"f.A56533DF14A1AA9A63544B9B62196BA5.d.29E0F5001844BB5D8818051F81653FBD.e.7135"},{"block":"start","inline":"nearest"}]}
RESULT: {"script":"<script> [79 bytes]","args":[{"element-6066-11e4-a52e-4f735466cecf":"f.A56533DF14A1AA9A63544B9B62196BA5.d.29E0F5001844BB5D8818051F81653FBD.e.7135","ELEMENT":"f.A56533DF14A1AA9A63544B9B62196BA5.d.29E0F5001844BB5D8818051F81653FBD.e.7135"},{"block":"start","inline":"nearest"}]}
COMMAND: GET /session/98e00ad9af735ef01915863a208aaa77/screenshot - {}
RESULT: {}
COMMAND: POST /session/98e00ad9af735ef01915863a208aaa77/element - {"using":"xpath","value":"//span[contains(@id ,\"contractDetailTitleNoExpanded\")][contains(text(), \"10448\")]"}
RESULT: {"using":"xpath","value":"//span[contains(@id ,\"contractDetailTitleNoExpanded\")][contains(text(), \"10448\")]"}
COMMAND: POST /session/98e00ad9af735ef01915863a208aaa77/element - {"using":"xpath","value":"//span[contains(@id ,\"contractDetailTitleNoExpanded\")][contains(text(), \"10448\")]"}
RESULT: {"using":"xpath","value":"//span[contains(@id ,\"contractDetailTitleNoExpanded\")][contains(text(), \"10448\")]"}
COMMAND: POST /session/98e00ad9af735ef01915863a208aaa77/element - {"using":"xpath","value":"//span[contains(@id ,\"contractDetailTitleNoExpanded\")][contains(text(), \"10448\")]"}
RESULT: {"using":"xpath","value":"//span[contains(@id ,\"contractDetailTitleNoExpanded\")][contains(text(), \"10448\")]"}
COMMAND: POST /session/98e00ad9af735ef01915863a208aaa77/element - {"using":"xpath","value":"//span[contains(@id ,\"contractDetailTitleNoExpanded\")][contains(text(), \"10448\")]"}
RESULT: {"using":"xpath","value":"//span[contains(@id ,\"contractDetailTitleNoExpanded\")][contains(text(), \"10448\")]"}
COMMAND: POST /session/98e00ad9af735ef01915863a208aaa77/element - {"using":"xpath","value":"//span[contains(@id ,\"contractDetailTitleNoExpanded\")][contains(text(), \"10448\")]"}
RESULT: {"using":"xpath","value":"//span[contains(@id ,\"contractDetailTitleNoExpanded\")][contains(text(), \"10448\")]"}
COMMAND: POST /session/98e00ad9af735ef01915863a208aaa77/element - {"using":"xpath","value":"(//textarea[@rows=\"15\"])[1]"}
RESULT: {"using":"xpath","value":"(//textarea[@rows=\"15\"])[1]"}
COMMAND: POST /session/98e00ad9af735ef01915863a208aaa77/execute/sync - {"script":"<script> [8489 bytes]","args":[{"element-6066-11e4-a52e-4f735466cecf":"f.A56533DF14A1AA9A63544B9B62196BA5.d.29E0F5001844BB5D8818051F81653FBD.e.7133","ELEMENT":"f.A56533DF14A1AA9A63544B9B62196BA5.d.29E0F5001844BB5D8818051F81653FBD.e.7133"}]}
RESULT: {"script":"<script> [8489 bytes]","args":[{"element-6066-11e4-a52e-4f735466cecf":"f.A56533DF14A1AA9A63544B9B62196BA5.d.29E0F5001844BB5D8818051F81653FBD.e.7133","ELEMENT":"f.A56533DF14A1AA9A63544B9B62196BA5.d.29E0F5001844BB5D8818051F81653FBD.e.7133"}]}
COMMAND: GET /session/98e00ad9af735ef01915863a208aaa77/screenshot - {}
COMMAND: POST /session/98e00ad9af735ef01915863a208aaa77/element - {"using":"xpath","value":"//span[contains(@id ,\"contractDetailTitleNoExpanded\")][contains(text(), \"10448\")]"}
RESULT: {}
RESULT: {"using":"xpath","value":"//span[contains(@id ,\"contractDetailTitleNoExpanded\")][contains(text(), \"10448\")]"}
COMMAND: POST /session/98e00ad9af735ef01915863a208aaa77/element - {"using":"xpath","value":"//span[contains(@id ,\"contractDetailTitleNoExpanded\")][contains(text(), \"10448\")]"}
RESULT: {"using":"xpath","value":"//span[contains(@id ,\"contractDetailTitleNoExpanded\")][contains(text(), \"10448\")]"}
COMMAND: POST /session/98e00ad9af735ef01915863a208aaa77/element - {"using":"xpath","value":"//span[contains(@id ,\"contractDetailTitleNoExpanded\")][contains(text(), \"10448\")]"}
RESULT: {"using":"xpath","value":"//span[contains(@id ,\"contractDetailTitleNoExpanded\")][contains(text(), \"10448\")]"}
COMMAND: POST /session/98e00ad9af735ef01915863a208aaa77/element - {"using":"xpath","value":"//span[contains(@id ,\"contractDetailTitleNoExpanded\")][contains(text(), \"10448\")]"}
RESULT: {"using":"xpath","value":"//span[contains(@id ,\"contractDetailTitleNoExpanded\")][contains(text(), \"10448\")]"}
COMMAND: POST /session/98e00ad9af735ef01915863a208aaa77/element - {"using":"xpath","value":"//span[contains(@id ,\"contractDetailTitleNoExpanded\")][contains(text(), \"10448\")]"}
RESULT: {"using":"xpath","value":"//span[contains(@id ,\"contractDetailTitleNoExpanded\")][contains(text(), \"10448\")]"}
COMMAND: POST /session/98e00ad9af735ef01915863a208aaa77/element - {"using":"xpath","value":"//span[contains(@id ,\"contractDetailTitleNoExpanded\")][contains(text(), \"10448\")]"}
RESULT: {"using":"xpath","value":"//span[contains(@id ,\"contractDetailTitleNoExpanded\")][contains(text(), \"10448\")]"}
COMMAND: POST /session/98e00ad9af735ef01915863a208aaa77/element - {"using":"xpath","value":"//span[contains(@id ,\"contractDetailTitleNoExpanded\")][contains(text(), \"10448\")]"}
RESULT: {"using":"xpath","value":"//span[contains(@id ,\"contractDetailTitleNoExpanded\")][contains(text(), \"10448\")]"}
COMMAND: POST /session/98e00ad9af735ef01915863a208aaa77/element - {"using":"xpath","value":"//span[contains(@id ,\"contractDetailTitleNoExpanded\")][contains(text(), \"10448\")]"}
RESULT: {"using":"xpath","value":"//span[contains(@id ,\"contractDetailTitleNoExpanded\")][contains(text(), \"10448\")]"}
COMMAND: POST /session/98e00ad9af735ef01915863a208aaa77/element - {"using":"xpath","value":"//span[contains(@id ,\"contractDetailTitleNoExpanded\")][contains(text(), \"10448\")]"}
RESULT: {"using":"xpath","value":"//span[contains(@id ,\"contractDetailTitleNoExpanded\")][contains(text(), \"10448\")]"}
COMMAND: POST /session/98e00ad9af735ef01915863a208aaa77/element - {"using":"xpath","value":"//span[contains(@id ,\"contractDetailTitleNoExpanded\")][contains(text(), \"10448\")]"}
RESULT: {"using":"xpath","value":"//span[contains(@id ,\"contractDetailTitleNoExpanded\")][contains(text(), \"10448\")]"}
COMMAND: POST /session/98e00ad9af735ef01915863a208aaa77/execute/async - {"script":"<script> [1562 bytes]","args":[{"selector":{"controlType":"sap.tnt.NavigationListItem","viewName":"etm.portal.ui.webshop.view.RequestDetail","i18NText":{"propertyName":"text","key":"exit"},"interaction":{"idSuffix":"a"}},"wdio_ui5_key":"etmportal.ui.webshop.view.RequestDetailsap.tnt.NavigationListItem{\"propertyName\":\"text\",\"key\":\"exit\"}"}]}
COMMAND: POST /session/98e00ad9af735ef01915863a208aaa77/element - {"using":"xpath","value":"//span[contains(@id ,\"contractDetailTitleNoExpanded\")][contains(text(), \"10448\")]"}
RESULT: {"script":"<script> [1562 bytes]","args":[{"selector":{"controlType":"sap.tnt.NavigationListItem","viewName":"etm.portal.ui.webshop.view.RequestDetail","i18NText":{"propertyName":"text","key":"exit"},"interaction":{"idSuffix":"a"}},"wdio_ui5_key":"etmportal.ui.webshop.view.RequestDetailsap.tnt.NavigationListItem{\"propertyName\":\"text\",\"key\":\"exit\"}"}]}
RESULT: undefined
COMMAND: POST /session/98e00ad9af735ef01915863a208aaa77/element - {"using":"xpath","value":"//*[@id=\"__item4178\"]"}
RESULT: {"using":"xpath","value":"//span[contains(@id ,\"contractDetailTitleNoExpanded\")][contains(text(), \"10448\")]"}
RESULT: {"using":"xpath","value":"//*[@id=\"__item4178\"]"}
COMMAND: POST /session/98e00ad9af735ef01915863a208aaa77/element/f.A56533DF14A1AA9A63544B9B62196BA5.d.29E0F5001844BB5D8818051F81653FBD.e.7141/click - {}
RESULT: {}
COMMAND: GET /session/98e00ad9af735ef01915863a208aaa77/screenshot - {}
COMMAND: POST /session/98e00ad9af735ef01915863a208aaa77/element - {"using":"xpath","value":"//span[contains(@id ,\"contractDetailTitleNoExpanded\")][contains(text(), \"10448\")]"}
RESULT: {}
RESULT: {"using":"xpath","value":"//span[contains(@id ,\"contractDetailTitleNoExpanded\")][contains(text(), \"10448\")]"}
COMMAND: POST /session/98e00ad9af735ef01915863a208aaa77/element - {"using":"xpath","value":"//span[contains(@id ,\"contractDetailTitleNoExpanded\")][contains(text(), \"10448\")]"}
RESULT: {"using":"xpath","value":"//span[contains(@id ,\"contractDetailTitleNoExpanded\")][contains(text(), \"10448\")]"}
COMMAND: POST /session/98e00ad9af735ef01915863a208aaa77/element - {"using":"xpath","value":"//span[contains(@id ,\"contractDetailTitleNoExpanded\")][contains(text(), \"10448\")]"}
RESULT: {"using":"xpath","value":"//span[contains(@id ,\"contractDetailTitleNoExpanded\")][contains(text(), \"10448\")]"}
COMMAND: POST /session/98e00ad9af735ef01915863a208aaa77/element - {"using":"xpath","value":"//span[contains(@id ,\"contractDetailTitleNoExpanded\")][contains(text(), \"10448\")]"}
RESULT: {"using":"xpath","value":"//span[contains(@id ,\"contractDetailTitleNoExpanded\")][contains(text(), \"10448\")]"}
COMMAND: POST /session/98e00ad9af735ef01915863a208aaa77/element - {"using":"xpath","value":"//span[contains(@id ,\"contractDetailTitleNoExpanded\")][contains(text(), \"10448\")]"}
RESULT: {"using":"xpath","value":"//span[contains(@id ,\"contractDetailTitleNoExpanded\")][contains(text(), \"10448\")]"}
COMMAND: POST /session/98e00ad9af735ef01915863a208aaa77/element - {"using":"xpath","value":"//span[contains(@id ,\"contractDetailTitleNoExpanded\")][contains(text(), \"10448\")]"}
RESULT: {"using":"xpath","value":"//span[contains(@id ,\"contractDetailTitleNoExpanded\")][contains(text(), \"10448\")]"}
COMMAND: POST /session/98e00ad9af735ef01915863a208aaa77/element - {"using":"css selector","value":"#shell-header-logo"}
RESULT: {"using":"css selector","value":"#shell-header-logo"}
COMMAND: POST /session/98e00ad9af735ef01915863a208aaa77/element/f.A56533DF14A1AA9A63544B9B62196BA5.d.29E0F5001844BB5D8818051F81653FBD.e.3157/click - {}
RESULT: {}
COMMAND: GET /session/98e00ad9af735ef01915863a208aaa77/screenshot - {}
COMMAND: POST /session/98e00ad9af735ef01915863a208aaa77/element - {"using":"xpath","value":"//span[contains(@id ,\"contractDetailTitleNoExpanded\")][contains(text(), \"10448\")]"}
RESULT: {}
RESULT: {"using":"xpath","value":"//span[contains(@id ,\"contractDetailTitleNoExpanded\")][contains(text(), \"10448\")]"}
COMMAND: POST /session/98e00ad9af735ef01915863a208aaa77/element - {"using":"xpath","value":"//span[contains(@id ,\"contractDetailTitleNoExpanded\")][contains(text(), \"10448\")]"}
RESULT: {"using":"xpath","value":"//span[contains(@id ,\"contractDetailTitleNoExpanded\")][contains(text(), \"10448\")]"}
COMMAND: POST /session/98e00ad9af735ef01915863a208aaa77/element - {"using":"xpath","value":"//span[contains(@id ,\"contractDetailTitleNoExpanded\")][contains(text(), \"10448\")]"}
RESULT: {"using":"xpath","value":"//span[contains(@id ,\"contractDetailTitleNoExpanded\")][contains(text(), \"10448\")]"}
COMMAND: POST /session/98e00ad9af735ef01915863a208aaa77/element - {"using":"xpath","value":"//span[contains(@id ,\"contractDetailTitleNoExpanded\")][contains(text(), \"10448\")]"}
RESULT: {"using":"xpath","value":"//span[contains(@id ,\"contractDetailTitleNoExpanded\")][contains(text(), \"10448\")]"}
COMMAND: POST /session/98e00ad9af735ef01915863a208aaa77/element - {"using":"xpath","value":"//span[contains(@id ,\"contractDetailTitleNoExpanded\")][contains(text(), \"10448\")]"}
RESULT: {"using":"xpath","value":"//span[contains(@id ,\"contractDetailTitleNoExpanded\")][contains(text(), \"10448\")]"}
COMMAND: POST /session/98e00ad9af735ef01915863a208aaa77/element - {"using":"xpath","value":"//span[contains(@id ,\"contractDetailTitleNoExpanded\")][contains(text(), \"10448\")]"}
RESULT: {"using":"xpath","value":"//span[contains(@id ,\"contractDetailTitleNoExpanded\")][contains(text(), \"10448\")]"}
]]></system-out>
    </testcase>
  </testsuite>
  <testsuite timestamp="2025-06-04T06:13:38" time="76.759" tests="1" failures="0" errors="0" skipped="0">
    <properties>
      <property name="specId" value="0" />
      <property name="suiteName" value="Add items into the basket without creating a request US151315" />
      <property name="capabilities" value="chrome.136_0_7103_93.windows" />
      <property name="file" value="file:///D:/a/1/s/test/specs/R2C/add-items-into-basket-wo-creating-a-request.spec.js" />
    </properties>
    <testcase classname="chrome.136_0_7103_93.windows.Add_items_into_the_basket_without_creating_a_request_US151315" name="Should verify if a catalog item can be added without creating a request" time="73.585">
      <system-out><![CDATA[
RESULT: undefined
COMMAND: POST /session/98e00ad9af735ef01915863a208aaa77/element - {"using":"xpath","value":"//*[@id=\"__tile49\"]"}
RESULT: {"using":"xpath","value":"//*[@id=\"__tile49\"]"}
COMMAND: POST /session/98e00ad9af735ef01915863a208aaa77/element/f.A56533DF14A1AA9A63544B9B62196BA5.d.29E0F5001844BB5D8818051F81653FBD.e.2986/click - {}
COMMAND: POST /session/98e00ad9af735ef01915863a208aaa77/element - {"using":"xpath","value":"//span[contains(@id ,\"contractDetailTitleNoExpanded\")][contains(text(), \"10448\")]"}
RESULT: {}
COMMAND: GET /session/98e00ad9af735ef01915863a208aaa77/screenshot - {}
RESULT: {"using":"xpath","value":"//span[contains(@id ,\"contractDetailTitleNoExpanded\")][contains(text(), \"10448\")]"}
RESULT: {}
COMMAND: POST /session/98e00ad9af735ef01915863a208aaa77/element - {"using":"xpath","value":"//span[contains(@id ,\"contractDetailTitleNoExpanded\")][contains(text(), \"10448\")]"}
COMMAND: POST /session/98e00ad9af735ef01915863a208aaa77/elements - {"using":"xpath","value":"//span[text()='Error']"}
RESULT: {"using":"xpath","value":"//span[contains(@id ,\"contractDetailTitleNoExpanded\")][contains(text(), \"10448\")]"}
RESULT: {"using":"xpath","value":"//span[text()='Error']"}
COMMAND: POST /session/98e00ad9af735ef01915863a208aaa77/element - {"using":"xpath","value":"//span[contains(@id ,\"contractDetailTitleNoExpanded\")][contains(text(), \"10448\")]"}
RESULT: {"using":"xpath","value":"//span[contains(@id ,\"contractDetailTitleNoExpanded\")][contains(text(), \"10448\")]"}
COMMAND: POST /session/98e00ad9af735ef01915863a208aaa77/element - {"using":"xpath","value":"//span[contains(@id ,\"contractDetailTitleNoExpanded\")][contains(text(), \"10448\")]"}
RESULT: {"using":"xpath","value":"//span[contains(@id ,\"contractDetailTitleNoExpanded\")][contains(text(), \"10448\")]"}
COMMAND: POST /session/98e00ad9af735ef01915863a208aaa77/element - {"using":"xpath","value":"//span[contains(@id ,\"contractDetailTitleNoExpanded\")][contains(text(), \"10448\")]"}
RESULT: {"using":"xpath","value":"//span[contains(@id ,\"contractDetailTitleNoExpanded\")][contains(text(), \"10448\")]"}
COMMAND: POST /session/98e00ad9af735ef01915863a208aaa77/element - {"using":"xpath","value":"//span[contains(@id ,\"contractDetailTitleNoExpanded\")][contains(text(), \"10448\")]"}
RESULT: {"using":"xpath","value":"//span[contains(@id ,\"contractDetailTitleNoExpanded\")][contains(text(), \"10448\")]"}
COMMAND: POST /session/98e00ad9af735ef01915863a208aaa77/element - {"using":"xpath","value":"//span[contains(@id ,\"contractDetailTitleNoExpanded\")][contains(text(), \"10448\")]"}
RESULT: {"using":"xpath","value":"//span[contains(@id ,\"contractDetailTitleNoExpanded\")][contains(text(), \"10448\")]"}
COMMAND: POST /session/98e00ad9af735ef01915863a208aaa77/element - {"using":"css selector","value":"#requestCreationDialog--createRequestPopUp-title-inner"}
RESULT: {"using":"css selector","value":"#requestCreationDialog--createRequestPopUp-title-inner"}
COMMAND: POST /session/98e00ad9af735ef01915863a208aaa77/execute/sync - {"script":"<script> [8489 bytes]","args":[{"element-6066-11e4-a52e-4f735466cecf":"f.A56533DF14A1AA9A63544B9B62196BA5.d.29E0F5001844BB5D8818051F81653FBD.e.7194","ELEMENT":"f.A56533DF14A1AA9A63544B9B62196BA5.d.29E0F5001844BB5D8818051F81653FBD.e.7194"}]}
RESULT: {"script":"<script> [8489 bytes]","args":[{"element-6066-11e4-a52e-4f735466cecf":"f.A56533DF14A1AA9A63544B9B62196BA5.d.29E0F5001844BB5D8818051F81653FBD.e.7194","ELEMENT":"f.A56533DF14A1AA9A63544B9B62196BA5.d.29E0F5001844BB5D8818051F81653FBD.e.7194"}]}
COMMAND: GET /session/98e00ad9af735ef01915863a208aaa77/element/f.A56533DF14A1AA9A63544B9B62196BA5.d.29E0F5001844BB5D8818051F81653FBD.e.7194/enabled - {}
COMMAND: GET /session/98e00ad9af735ef01915863a208aaa77/screenshot - {}
RESULT: {}
COMMAND: POST /session/98e00ad9af735ef01915863a208aaa77/element - {"using":"xpath","value":"//span[contains(@id ,\"requestCreationDialog--cancelButton-content\")]"}
COMMAND: GET /session/98e00ad9af735ef01915863a208aaa77/screenshot - {}
RESULT: {}
RESULT: {"using":"xpath","value":"//span[contains(@id ,\"requestCreationDialog--cancelButton-content\")]"}
COMMAND: POST /session/98e00ad9af735ef01915863a208aaa77/element/f.A56533DF14A1AA9A63544B9B62196BA5.d.29E0F5001844BB5D8818051F81653FBD.e.7195/click - {}
RESULT: {}
RESULT: {}
COMMAND: GET /session/98e00ad9af735ef01915863a208aaa77/screenshot - {}
RESULT: {}
COMMAND: POST /session/98e00ad9af735ef01915863a208aaa77/element - {"using":"xpath","value":"//input[contains(@id ,\"searchFiledId-I\")]"}
RESULT: {"using":"xpath","value":"//input[contains(@id ,\"searchFiledId-I\")]"}
COMMAND: POST /session/98e00ad9af735ef01915863a208aaa77/element/f.A56533DF14A1AA9A63544B9B62196BA5.d.29E0F5001844BB5D8818051F81653FBD.e.7144/value - {"text":"Dri-Prime CD150M Diesel Pump"}
RESULT: {"text":"Dri-Prime CD150M Diesel Pump"}
COMMAND: POST /session/98e00ad9af735ef01915863a208aaa77/actions - {"actions":[{"id":"action11","type":"key","parameters":{},"actions":[{"type":"keyDown","value":"î€‡"},{"type":"pause","duration":10},{"type":"keyUp","value":"î€‡"}]}]}
COMMAND: GET /session/98e00ad9af735ef01915863a208aaa77/screenshot - {}
RESULT: {"actions":[{"id":"action11","type":"key","parameters":{},"actions":[{"type":"keyDown","value":"î€‡"},{"type":"pause","duration":10},{"type":"keyUp","value":"î€‡"}]}]}
COMMAND: GET /session/98e00ad9af735ef01915863a208aaa77/screenshot - {}
RESULT: {}
RESULT: {}
COMMAND: POST /session/98e00ad9af735ef01915863a208aaa77/element - {"using":"xpath","value":"//span[contains(@id ,\"subTitle\")][contains(text(), \"Dri-Prime CD150M Diesel Pump\")]"}
RESULT: {"using":"xpath","value":"//span[contains(@id ,\"subTitle\")][contains(text(), \"Dri-Prime CD150M Diesel Pump\")]"}
COMMAND: POST /session/98e00ad9af735ef01915863a208aaa77/element/f.A56533DF14A1AA9A63544B9B62196BA5.d.29E0F5001844BB5D8818051F81653FBD.e.7202/click - {}
RESULT: {}
COMMAND: GET /session/98e00ad9af735ef01915863a208aaa77/screenshot - {}
RESULT: {}
COMMAND: POST /session/98e00ad9af735ef01915863a208aaa77/element - {"using":"xpath","value":"//bdi[contains(text(), \"Add to Request\")]"}
RESULT: {"using":"xpath","value":"//bdi[contains(text(), \"Add to Request\")]"}
COMMAND: POST /session/98e00ad9af735ef01915863a208aaa77/element/f.A56533DF14A1AA9A63544B9B62196BA5.d.29E0F5001844BB5D8818051F81653FBD.e.7214/click - {}
RESULT: {}
COMMAND: POST /session/98e00ad9af735ef01915863a208aaa77/element - {"using":"xpath","value":"//div[contains(@class ,\"sapMMessageToast sapUiSelectable sapContrast sapContrastPlus sapUiUserSelectable\")]"}
COMMAND: GET /session/98e00ad9af735ef01915863a208aaa77/screenshot - {}
RESULT: {"using":"xpath","value":"//div[contains(@class ,\"sapMMessageToast sapUiSelectable sapContrast sapContrastPlus sapUiUserSelectable\")]"}
COMMAND: POST /session/98e00ad9af735ef01915863a208aaa77/execute/sync - {"script":"<script> [8489 bytes]","args":[{"element-6066-11e4-a52e-4f735466cecf":"f.A56533DF14A1AA9A63544B9B62196BA5.d.29E0F5001844BB5D8818051F81653FBD.e.7218","ELEMENT":"f.A56533DF14A1AA9A63544B9B62196BA5.d.29E0F5001844BB5D8818051F81653FBD.e.7218"}]}
RESULT: {}
RESULT: {"script":"<script> [8489 bytes]","args":[{"element-6066-11e4-a52e-4f735466cecf":"f.A56533DF14A1AA9A63544B9B62196BA5.d.29E0F5001844BB5D8818051F81653FBD.e.7218","ELEMENT":"f.A56533DF14A1AA9A63544B9B62196BA5.d.29E0F5001844BB5D8818051F81653FBD.e.7218"}]}
COMMAND: GET /session/98e00ad9af735ef01915863a208aaa77/element/f.A56533DF14A1AA9A63544B9B62196BA5.d.29E0F5001844BB5D8818051F81653FBD.e.7218/text - {}
COMMAND: GET /session/98e00ad9af735ef01915863a208aaa77/screenshot - {}
RESULT: {}
RESULT: {}
COMMAND: POST /session/98e00ad9af735ef01915863a208aaa77/element - {"using":"xpath","value":"//bdi[contains(@id ,\"activeCartId-BDI-content\")]"}
RESULT: {"using":"xpath","value":"//bdi[contains(@id ,\"activeCartId-BDI-content\")]"}
COMMAND: GET /session/98e00ad9af735ef01915863a208aaa77/element/f.A56533DF14A1AA9A63544B9B62196BA5.d.29E0F5001844BB5D8818051F81653FBD.e.7219/text - {}
RESULT: {}
COMMAND: POST /session/98e00ad9af735ef01915863a208aaa77/element - {"using":"xpath","value":"//li[@title=\"Exit\"]"}
RESULT: {"using":"xpath","value":"//li[@title=\"Exit\"]"}
COMMAND: POST /session/98e00ad9af735ef01915863a208aaa77/element/f.A56533DF14A1AA9A63544B9B62196BA5.d.29E0F5001844BB5D8818051F81653FBD.e.7220/click - {}
RESULT: {}
COMMAND: GET /session/98e00ad9af735ef01915863a208aaa77/screenshot - {}
RESULT: {}
COMMAND: POST /session/98e00ad9af735ef01915863a208aaa77/element - {"using":"css selector","value":"#shell-header-logo"}
RESULT: {"using":"css selector","value":"#shell-header-logo"}
COMMAND: POST /session/98e00ad9af735ef01915863a208aaa77/element/f.A56533DF14A1AA9A63544B9B62196BA5.d.29E0F5001844BB5D8818051F81653FBD.e.7230/click - {}
RESULT: {}
COMMAND: GET /session/98e00ad9af735ef01915863a208aaa77/screenshot - {}
RESULT: {}
]]></system-out>
    </testcase>
  </testsuite>
  <testsuite timestamp="2025-06-04T06:14:55" time="153.265" tests="1" failures="0" errors="0" skipped="0">
    <properties>
      <property name="specId" value="0" />
      <property name="suiteName" value=" Webshop - Request management - Verifying the Master List - Filtering /Sorting - Deleting - Creating US151314" />
      <property name="capabilities" value="chrome.136_0_7103_93.windows" />
      <property name="file" value="file:///D:/a/1/s/test/specs/R2C/webshop-request-management-verify-master-list.spec.js" />
    </properties>
    <testcase classname="chrome.136_0_7103_93.windows._Webshop_-_Request_management_-_Verifying_the_Master_List_-_Filtering_/Sorting_-_Deleting_-_Creating_US151314" name="Should navigate to request management in webshop and verify the filters" time="150.106">
      <system-out><![CDATA[
RESULT: undefined
COMMAND: POST /session/98e00ad9af735ef01915863a208aaa77/element - {"using":"xpath","value":"//*[@id=\"__tile49\"]"}
RESULT: {"using":"xpath","value":"//*[@id=\"__tile49\"]"}
COMMAND: POST /session/98e00ad9af735ef01915863a208aaa77/element/f.A56533DF14A1AA9A63544B9B62196BA5.d.29E0F5001844BB5D8818051F81653FBD.e.2986/click - {}
RESULT: {}
COMMAND: GET /session/98e00ad9af735ef01915863a208aaa77/screenshot - {}
RESULT: {}
COMMAND: POST /session/98e00ad9af735ef01915863a208aaa77/elements - {"using":"xpath","value":"//span[text()='Error']"}
RESULT: {"using":"xpath","value":"//span[text()='Error']"}
COMMAND: POST /session/98e00ad9af735ef01915863a208aaa77/execute/async - {"script":"<script> [1562 bytes]","args":[{"selector":{"id":"requestCreationDialog--cancelButton","searchOpenDialogs":true,"interaction":{"idSuffix":"BDI-content"}},"wdio_ui5_key":"requestCreationDialogcancelButton"}]}
RESULT: {"script":"<script> [1562 bytes]","args":[{"selector":{"id":"requestCreationDialog--cancelButton","searchOpenDialogs":true,"interaction":{"idSuffix":"BDI-content"}},"wdio_ui5_key":"requestCreationDialogcancelButton"}]}
RESULT: undefined
COMMAND: POST /session/98e00ad9af735ef01915863a208aaa77/element - {"using":"xpath","value":"//*[@id=\"requestCreationDialog--cancelButton\"]"}
RESULT: {"using":"xpath","value":"//*[@id=\"requestCreationDialog--cancelButton\"]"}
COMMAND: POST /session/98e00ad9af735ef01915863a208aaa77/element/f.A56533DF14A1AA9A63544B9B62196BA5.d.29E0F5001844BB5D8818051F81653FBD.e.7283/click - {}
RESULT: {}
COMMAND: GET /session/98e00ad9af735ef01915863a208aaa77/screenshot - {}
RESULT: {}
COMMAND: POST /session/98e00ad9af735ef01915863a208aaa77/execute/async - {"script":"<script> [1562 bytes]","args":[{"selector":{"controlType":"sap.tnt.NavigationListItem","viewName":"etm.portal.ui.webshop.view.Homepage","i18NText":{"propertyName":"text","key":"requestsManagement"},"interaction":{"idSuffix":"a"}},"wdio_ui5_key":"etmportal.ui.webshop.view.Homepagesap.tnt.NavigationListItem{\"propertyName\":\"text\",\"key\":\"requestsManagement\"}"}]}
RESULT: {"script":"<script> [1562 bytes]","args":[{"selector":{"controlType":"sap.tnt.NavigationListItem","viewName":"etm.portal.ui.webshop.view.Homepage","i18NText":{"propertyName":"text","key":"requestsManagement"},"interaction":{"idSuffix":"a"}},"wdio_ui5_key":"etmportal.ui.webshop.view.Homepagesap.tnt.NavigationListItem{\"propertyName\":\"text\",\"key\":\"requestsManagement\"}"}]}
RESULT: undefined
COMMAND: POST /session/98e00ad9af735ef01915863a208aaa77/element - {"using":"xpath","value":"//*[@id=\"__item4250\"]"}
RESULT: {"using":"xpath","value":"//*[@id=\"__item4250\"]"}
COMMAND: POST /session/98e00ad9af735ef01915863a208aaa77/element/f.A56533DF14A1AA9A63544B9B62196BA5.d.29E0F5001844BB5D8818051F81653FBD.e.7285/click - {}
RESULT: {}
COMMAND: GET /session/98e00ad9af735ef01915863a208aaa77/screenshot - {}
RESULT: {}
COMMAND: POST /session/98e00ad9af735ef01915863a208aaa77/element - {"using":"xpath","value":"//input[contains(@id ,\"smartFilterBar-btnBasicSearch-I\")]"}
RESULT: {"using":"xpath","value":"//input[contains(@id ,\"smartFilterBar-btnBasicSearch-I\")]"}
COMMAND: POST /session/98e00ad9af735ef01915863a208aaa77/element/f.A56533DF14A1AA9A63544B9B62196BA5.d.29E0F5001844BB5D8818051F81653FBD.e.7290/clear - {}
RESULT: {}
COMMAND: POST /session/98e00ad9af735ef01915863a208aaa77/element/f.A56533DF14A1AA9A63544B9B62196BA5.d.29E0F5001844BB5D8818051F81653FBD.e.7290/value - {"text":"20001"}
COMMAND: GET /session/98e00ad9af735ef01915863a208aaa77/screenshot - {}
RESULT: {"text":"20001"}
COMMAND: GET /session/98e00ad9af735ef01915863a208aaa77/screenshot - {}
RESULT: {}
RESULT: {}
COMMAND: POST /session/98e00ad9af735ef01915863a208aaa77/actions - {"actions":[{"id":"action12","type":"key","parameters":{},"actions":[{"type":"keyDown","value":"î€‡"},{"type":"pause","duration":10},{"type":"keyUp","value":"î€‡"}]}]}
RESULT: {"actions":[{"id":"action12","type":"key","parameters":{},"actions":[{"type":"keyDown","value":"î€‡"},{"type":"pause","duration":10},{"type":"keyUp","value":"î€‡"}]}]}
COMMAND: GET /session/98e00ad9af735ef01915863a208aaa77/screenshot - {}
RESULT: {}
COMMAND: POST /session/98e00ad9af735ef01915863a208aaa77/execute/async - {"script":"<script> [1562 bytes]","args":[{"selector":{"controlType":"sap.m.Title","viewName":"etm.portal.ui.webshop.view.RequestMaster","properties":{"text":"Records (1)"}},"wdio_ui5_key":"etmportal.ui.webshop.view.RequestMastersap.m.Title{\"text\":\"Records (1)\"}"}]}
RESULT: {"script":"<script> [1562 bytes]","args":[{"selector":{"controlType":"sap.m.Title","viewName":"etm.portal.ui.webshop.view.RequestMaster","properties":{"text":"Records (1)"}},"wdio_ui5_key":"etmportal.ui.webshop.view.RequestMastersap.m.Title{\"text\":\"Records (1)\"}"}]}
RESULT: undefined
COMMAND: POST /session/98e00ad9af735ef01915863a208aaa77/execute/async - {"script":"<script> [6424 bytes]","args":[{"element-6066-11e4-a52e-4f735466cecf":"f.A56533DF14A1AA9A63544B9B62196BA5.d.29E0F5001844BB5D8818051F81653FBD.e.7319"},"getText",[]]}
RESULT: {"script":"<script> [6424 bytes]","args":[{"element-6066-11e4-a52e-4f735466cecf":"f.A56533DF14A1AA9A63544B9B62196BA5.d.29E0F5001844BB5D8818051F81653FBD.e.7319"},"getText",[]]}
COMMAND: POST /session/98e00ad9af735ef01915863a208aaa77/element - {"using":"xpath","value":"//div[contains(@id ,\"smartFilterBar-btnBasicSearch-reset\")]"}
RESULT: {"using":"xpath","value":"//div[contains(@id ,\"smartFilterBar-btnBasicSearch-reset\")]"}
COMMAND: POST /session/98e00ad9af735ef01915863a208aaa77/element/f.A56533DF14A1AA9A63544B9B62196BA5.d.29E0F5001844BB5D8818051F81653FBD.e.7320/click - {}
RESULT: {}
COMMAND: GET /session/98e00ad9af735ef01915863a208aaa77/screenshot - {}
COMMAND: POST /session/98e00ad9af735ef01915863a208aaa77/element - {"using":"xpath","value":"//input[contains(@id ,\"smartStatusFilter-inner\")]"}
RESULT: {}
RESULT: {"using":"xpath","value":"//input[contains(@id ,\"smartStatusFilter-inner\")]"}
COMMAND: POST /session/98e00ad9af735ef01915863a208aaa77/element/f.A56533DF14A1AA9A63544B9B62196BA5.d.29E0F5001844BB5D8818051F81653FBD.e.7295/clear - {}
RESULT: {}
COMMAND: POST /session/98e00ad9af735ef01915863a208aaa77/element/f.A56533DF14A1AA9A63544B9B62196BA5.d.29E0F5001844BB5D8818051F81653FBD.e.7295/value - {"text":"draft"}
COMMAND: GET /session/98e00ad9af735ef01915863a208aaa77/screenshot - {}
RESULT: {"text":"draft"}
COMMAND: GET /session/98e00ad9af735ef01915863a208aaa77/screenshot - {}
RESULT: {}
RESULT: {}
COMMAND: POST /session/98e00ad9af735ef01915863a208aaa77/actions - {"actions":[{"id":"action13","type":"key","parameters":{},"actions":[{"type":"keyDown","value":"î€‡"},{"type":"pause","duration":10},{"type":"keyUp","value":"î€‡"}]}]}
RESULT: {"actions":[{"id":"action13","type":"key","parameters":{},"actions":[{"type":"keyDown","value":"î€‡"},{"type":"pause","duration":10},{"type":"keyUp","value":"î€‡"}]}]}
COMMAND: GET /session/98e00ad9af735ef01915863a208aaa77/screenshot - {}
RESULT: {}
COMMAND: POST /session/98e00ad9af735ef01915863a208aaa77/execute/async - {"script":"<script> [1562 bytes]","args":[{"selector":{"controlType":"sap.m.ObjectStatus","viewName":"etm.portal.ui.webshop.view.RequestMaster","bindingPath":{"propertyPath":"STATUS_DESCRIPTION"}},"wdio_ui5_key":"etmportal.ui.webshop.view.RequestMastersap.m.ObjectStatus{\"propertyPath\":\"STATUS_DESCRIPTION\"}"}]}
RESULT: {"script":"<script> [1562 bytes]","args":[{"selector":{"controlType":"sap.m.ObjectStatus","viewName":"etm.portal.ui.webshop.view.RequestMaster","bindingPath":{"propertyPath":"STATUS_DESCRIPTION"}},"wdio_ui5_key":"etmportal.ui.webshop.view.RequestMastersap.m.ObjectStatus{\"propertyPath\":\"STATUS_DESCRIPTION\"}"}]}
RESULT: undefined
COMMAND: POST /session/98e00ad9af735ef01915863a208aaa77/execute/async - {"script":"<script> [6424 bytes]","args":[{"element-6066-11e4-a52e-4f735466cecf":"f.A56533DF14A1AA9A63544B9B62196BA5.d.29E0F5001844BB5D8818051F81653FBD.e.7423"},"getText",[]]}
RESULT: {"script":"<script> [6424 bytes]","args":[{"element-6066-11e4-a52e-4f735466cecf":"f.A56533DF14A1AA9A63544B9B62196BA5.d.29E0F5001844BB5D8818051F81653FBD.e.7423"},"getText",[]]}
COMMAND: POST /session/98e00ad9af735ef01915863a208aaa77/element - {"using":"xpath","value":"//span[contains(@title ,\"Remove\")]"}
RESULT: {"using":"xpath","value":"//span[contains(@title ,\"Remove\")]"}
COMMAND: POST /session/98e00ad9af735ef01915863a208aaa77/element/f.A56533DF14A1AA9A63544B9B62196BA5.d.29E0F5001844BB5D8818051F81653FBD.e.7424/click - {}
RESULT: {}
COMMAND: GET /session/98e00ad9af735ef01915863a208aaa77/screenshot - {}
COMMAND: POST /session/98e00ad9af735ef01915863a208aaa77/element - {"using":"xpath","value":"//input[contains(@id ,\"smartStatusFilter-inner\")]"}
RESULT: {}
RESULT: {"using":"xpath","value":"//input[contains(@id ,\"smartStatusFilter-inner\")]"}
COMMAND: POST /session/98e00ad9af735ef01915863a208aaa77/element/f.A56533DF14A1AA9A63544B9B62196BA5.d.29E0F5001844BB5D8818051F81653FBD.e.7295/clear - {}
RESULT: {}
COMMAND: POST /session/98e00ad9af735ef01915863a208aaa77/element/f.A56533DF14A1AA9A63544B9B62196BA5.d.29E0F5001844BB5D8818051F81653FBD.e.7295/value - {"text":"created"}
COMMAND: GET /session/98e00ad9af735ef01915863a208aaa77/screenshot - {}
RESULT: {"text":"created"}
COMMAND: GET /session/98e00ad9af735ef01915863a208aaa77/screenshot - {}
RESULT: {}
RESULT: {}
COMMAND: POST /session/98e00ad9af735ef01915863a208aaa77/actions - {"actions":[{"id":"action14","type":"key","parameters":{},"actions":[{"type":"keyDown","value":"î€‡"},{"type":"pause","duration":10},{"type":"keyUp","value":"î€‡"}]}]}
RESULT: {"actions":[{"id":"action14","type":"key","parameters":{},"actions":[{"type":"keyDown","value":"î€‡"},{"type":"pause","duration":10},{"type":"keyUp","value":"î€‡"}]}]}
COMMAND: GET /session/98e00ad9af735ef01915863a208aaa77/screenshot - {}
RESULT: {}
RESULT: undefined
COMMAND: POST /session/98e00ad9af735ef01915863a208aaa77/execute/async - {"script":"<script> [6424 bytes]","args":[{"element-6066-11e4-a52e-4f735466cecf":"f.A56533DF14A1AA9A63544B9B62196BA5.d.29E0F5001844BB5D8818051F81653FBD.e.7423"},"getText",[]]}
COMMAND: POST /session/98e00ad9af735ef01915863a208aaa77/execute/async - {"script":"<script> [1562 bytes]","args":[{"selector":{"controlType":"sap.m.ObjectStatus","viewName":"etm.portal.ui.webshop.view.RequestMaster","bindingPath":{"propertyPath":"STATUS_DESCRIPTION"}},"wdio_ui5_key":"etmportal.ui.webshop.view.RequestMastersap.m.ObjectStatus{\"propertyPath\":\"STATUS_DESCRIPTION\"}"}]}
RESULT: {"script":"<script> [1562 bytes]","args":[{"selector":{"controlType":"sap.m.ObjectStatus","viewName":"etm.portal.ui.webshop.view.RequestMaster","bindingPath":{"propertyPath":"STATUS_DESCRIPTION"}},"wdio_ui5_key":"etmportal.ui.webshop.view.RequestMastersap.m.ObjectStatus{\"propertyPath\":\"STATUS_DESCRIPTION\"}"}]}
COMMAND: POST /session/98e00ad9af735ef01915863a208aaa77/execute/async - {"script":"<script> [6424 bytes]","args":[{"element-6066-11e4-a52e-4f735466cecf":"f.A56533DF14A1AA9A63544B9B62196BA5.d.29E0F5001844BB5D8818051F81653FBD.e.7484"},"getText",[]]}
RESULT: {"script":"<script> [6424 bytes]","args":[{"element-6066-11e4-a52e-4f735466cecf":"f.A56533DF14A1AA9A63544B9B62196BA5.d.29E0F5001844BB5D8818051F81653FBD.e.7484"},"getText",[]]}
COMMAND: POST /session/98e00ad9af735ef01915863a208aaa77/element - {"using":"xpath","value":"//span[contains(@title ,\"Remove\")]"}
RESULT: {"using":"xpath","value":"//span[contains(@title ,\"Remove\")]"}
COMMAND: POST /session/98e00ad9af735ef01915863a208aaa77/element/f.A56533DF14A1AA9A63544B9B62196BA5.d.29E0F5001844BB5D8818051F81653FBD.e.7485/click - {}
RESULT: {}
COMMAND: GET /session/98e00ad9af735ef01915863a208aaa77/screenshot - {}
COMMAND: POST /session/98e00ad9af735ef01915863a208aaa77/execute/async - {"script":"<script> [1562 bytes]","args":[{"selector":{"controlType":"sap.m.Button","viewName":"etm.portal.ui.webshop.view.RequestMaster","properties":{"text":"Filters (1)"},"interaction":{"idSuffix":"BDI-content"}},"wdio_ui5_key":"etmportal.ui.webshop.view.RequestMastersap.m.Button{\"text\":\"Filters (1)\"}"}]}
RESULT: {}
RESULT: {"script":"<script> [1562 bytes]","args":[{"selector":{"controlType":"sap.m.Button","viewName":"etm.portal.ui.webshop.view.RequestMaster","properties":{"text":"Filters (1)"},"interaction":{"idSuffix":"BDI-content"}},"wdio_ui5_key":"etmportal.ui.webshop.view.RequestMastersap.m.Button{\"text\":\"Filters (1)\"}"}]}
RESULT: undefined
COMMAND: POST /session/98e00ad9af735ef01915863a208aaa77/element - {"using":"xpath","value":"//*[@id=\"__xmlview74--smartFilterBar-btnFilters\"]"}
RESULT: {"using":"xpath","value":"//*[@id=\"__xmlview74--smartFilterBar-btnFilters\"]"}
COMMAND: POST /session/98e00ad9af735ef01915863a208aaa77/element/f.A56533DF14A1AA9A63544B9B62196BA5.d.29E0F5001844BB5D8818051F81653FBD.e.7317/click - {}
RESULT: {}
COMMAND: GET /session/98e00ad9af735ef01915863a208aaa77/screenshot - {}
RESULT: {}
COMMAND: POST /session/98e00ad9af735ef01915863a208aaa77/element - {"using":"xpath","value":"//input[contains(@id ,\"searchField-I\")]"}
RESULT: {"using":"xpath","value":"//input[contains(@id ,\"searchField-I\")]"}
COMMAND: POST /session/98e00ad9af735ef01915863a208aaa77/element/f.A56533DF14A1AA9A63544B9B62196BA5.d.29E0F5001844BB5D8818051F81653FBD.e.7539/clear - {}
RESULT: {}
COMMAND: POST /session/98e00ad9af735ef01915863a208aaa77/element/f.A56533DF14A1AA9A63544B9B62196BA5.d.29E0F5001844BB5D8818051F81653FBD.e.7539/value - {"text":"tags"}
COMMAND: GET /session/98e00ad9af735ef01915863a208aaa77/screenshot - {}
RESULT: {"text":"tags"}
COMMAND: GET /session/98e00ad9af735ef01915863a208aaa77/screenshot - {}
RESULT: {}
RESULT: {}
COMMAND: POST /session/98e00ad9af735ef01915863a208aaa77/element - {"using":"xpath","value":"(//div[contains(@id ,\"selectMulti\")][@role=\"checkbox\"])[8]"}
RESULT: {"using":"xpath","value":"(//div[contains(@id ,\"selectMulti\")][@role=\"checkbox\"])[8]"}
COMMAND: POST /session/98e00ad9af735ef01915863a208aaa77/element/f.A56533DF14A1AA9A63544B9B62196BA5.d.29E0F5001844BB5D8818051F81653FBD.e.7563/click - {}
RESULT: {}
COMMAND: GET /session/98e00ad9af735ef01915863a208aaa77/screenshot - {}
RESULT: {}
COMMAND: POST /session/98e00ad9af735ef01915863a208aaa77/execute/async - {"script":"<script> [1562 bytes]","args":[{"selector":{"controlType":"sap.m.Button","viewName":"etm.portal.ui.webshop.view.RequestMaster","properties":{"text":"OK"},"searchOpenDialogs":true,"interaction":{"idSuffix":"BDI-content"}},"wdio_ui5_key":"etmportal.ui.webshop.view.RequestMastersap.m.Button{\"text\":\"OK\"}"}]}
RESULT: {"script":"<script> [1562 bytes]","args":[{"selector":{"controlType":"sap.m.Button","viewName":"etm.portal.ui.webshop.view.RequestMaster","properties":{"text":"OK"},"searchOpenDialogs":true,"interaction":{"idSuffix":"BDI-content"}},"wdio_ui5_key":"etmportal.ui.webshop.view.RequestMastersap.m.Button{\"text\":\"OK\"}"}]}
RESULT: undefined
COMMAND: POST /session/98e00ad9af735ef01915863a208aaa77/element - {"using":"xpath","value":"//*[@id=\"__xmlview74--smartFilterBar-adapt-filters-dialog-confirmBtn\"]"}
RESULT: {"using":"xpath","value":"//*[@id=\"__xmlview74--smartFilterBar-adapt-filters-dialog-confirmBtn\"]"}
COMMAND: POST /session/98e00ad9af735ef01915863a208aaa77/element/f.A56533DF14A1AA9A63544B9B62196BA5.d.29E0F5001844BB5D8818051F81653FBD.e.7567/click - {}
RESULT: {}
COMMAND: GET /session/98e00ad9af735ef01915863a208aaa77/screenshot - {}
RESULT: {}
COMMAND: POST /session/98e00ad9af735ef01915863a208aaa77/element - {"using":"xpath","value":"//input[contains(@id ,\"smartFilterBar-filterItemControlA_-ALL_TAGS-inner\")]"}
RESULT: {"using":"xpath","value":"//input[contains(@id ,\"smartFilterBar-filterItemControlA_-ALL_TAGS-inner\")]"}
COMMAND: POST /session/98e00ad9af735ef01915863a208aaa77/element/f.A56533DF14A1AA9A63544B9B62196BA5.d.29E0F5001844BB5D8818051F81653FBD.e.7575/clear - {}
RESULT: {}
COMMAND: POST /session/98e00ad9af735ef01915863a208aaa77/element/f.A56533DF14A1AA9A63544B9B62196BA5.d.29E0F5001844BB5D8818051F81653FBD.e.7575/value - {"text":"tag1"}
COMMAND: GET /session/98e00ad9af735ef01915863a208aaa77/screenshot - {}
RESULT: {"text":"tag1"}
COMMAND: GET /session/98e00ad9af735ef01915863a208aaa77/screenshot - {}
RESULT: {}
RESULT: {}
COMMAND: POST /session/98e00ad9af735ef01915863a208aaa77/actions - {"actions":[{"id":"action15","type":"key","parameters":{},"actions":[{"type":"keyDown","value":"î€‡"},{"type":"pause","duration":10},{"type":"keyUp","value":"î€‡"}]}]}
RESULT: {"actions":[{"id":"action15","type":"key","parameters":{},"actions":[{"type":"keyDown","value":"î€‡"},{"type":"pause","duration":10},{"type":"keyUp","value":"î€‡"}]}]}
COMMAND: GET /session/98e00ad9af735ef01915863a208aaa77/screenshot - {}
RESULT: {}
RESULT: undefined
COMMAND: POST /session/98e00ad9af735ef01915863a208aaa77/execute/async - {"script":"<script> [6424 bytes]","args":[{"element-6066-11e4-a52e-4f735466cecf":"f.A56533DF14A1AA9A63544B9B62196BA5.d.29E0F5001844BB5D8818051F81653FBD.e.7319"},"getText",[]]}
RESULT: {"script":"<script> [6424 bytes]","args":[{"element-6066-11e4-a52e-4f735466cecf":"f.A56533DF14A1AA9A63544B9B62196BA5.d.29E0F5001844BB5D8818051F81653FBD.e.7319"},"getText",[]]}
COMMAND: POST /session/98e00ad9af735ef01915863a208aaa77/execute/async - {"script":"<script> [1562 bytes]","args":[{"selector":{"controlType":"sap.ui.core.Icon","viewName":"etm.portal.ui.webshop.view.RequestMaster","properties":{"src":{"regex":{"source":"action\\-settings"}}}},"wdio_ui5_key":"etmportal.ui.webshop.view.RequestMastersap.ui.core.Icon{\"src\":{\"regex\":{\"source\":\"action\\\\-settings\"}}}"}]}
RESULT: {"script":"<script> [1562 bytes]","args":[{"selector":{"controlType":"sap.ui.core.Icon","viewName":"etm.portal.ui.webshop.view.RequestMaster","properties":{"src":{"regex":{"source":"action\\-settings"}}}},"wdio_ui5_key":"etmportal.ui.webshop.view.RequestMastersap.ui.core.Icon{\"src\":{\"regex\":{\"source\":\"action\\\\-settings\"}}}"}]}
RESULT: undefined
COMMAND: POST /session/98e00ad9af735ef01915863a208aaa77/element - {"using":"xpath","value":"//*[@id=\"__xmlview74--smartTable-btnPersonalisation-img\"]"}
RESULT: {"using":"xpath","value":"//*[@id=\"__xmlview74--smartTable-btnPersonalisation-img\"]"}
COMMAND: POST /session/98e00ad9af735ef01915863a208aaa77/element/f.A56533DF14A1AA9A63544B9B62196BA5.d.29E0F5001844BB5D8818051F81653FBD.e.7326/click - {}
RESULT: {}
COMMAND: GET /session/98e00ad9af735ef01915863a208aaa77/screenshot - {}
RESULT: {}
COMMAND: POST /session/98e00ad9af735ef01915863a208aaa77/element - {"using":"xpath","value":"//input[contains(@id ,\"searchField-I\")]"}
RESULT: {"using":"xpath","value":"//input[contains(@id ,\"searchField-I\")]"}
COMMAND: POST /session/98e00ad9af735ef01915863a208aaa77/element/f.A56533DF14A1AA9A63544B9B62196BA5.d.29E0F5001844BB5D8818051F81653FBD.e.7603/clear - {}
RESULT: {}
COMMAND: POST /session/98e00ad9af735ef01915863a208aaa77/element/f.A56533DF14A1AA9A63544B9B62196BA5.d.29E0F5001844BB5D8818051F81653FBD.e.7603/value - {"text":"tags"}
COMMAND: GET /session/98e00ad9af735ef01915863a208aaa77/screenshot - {}
RESULT: {"text":"tags"}
COMMAND: GET /session/98e00ad9af735ef01915863a208aaa77/screenshot - {}
RESULT: {}
RESULT: {}
COMMAND: POST /session/98e00ad9af735ef01915863a208aaa77/element - {"using":"xpath","value":"(//div[contains(@id ,\"selectMulti\")][@role=\"checkbox\"])[8]"}
RESULT: {"using":"xpath","value":"(//div[contains(@id ,\"selectMulti\")][@role=\"checkbox\"])[8]"}
COMMAND: POST /session/98e00ad9af735ef01915863a208aaa77/element/f.A56533DF14A1AA9A63544B9B62196BA5.d.29E0F5001844BB5D8818051F81653FBD.e.7671/click - {}
RESULT: {}
COMMAND: GET /session/98e00ad9af735ef01915863a208aaa77/screenshot - {}
RESULT: {}
COMMAND: POST /session/98e00ad9af735ef01915863a208aaa77/element - {"using":"xpath","value":"//div[contains(@id ,\"searchField-reset\")]"}
RESULT: {"using":"xpath","value":"//div[contains(@id ,\"searchField-reset\")]"}
COMMAND: POST /session/98e00ad9af735ef01915863a208aaa77/element - {"using":"xpath","value":"//input[contains(@id ,\"searchField-I\")]"}
RESULT: {"using":"xpath","value":"//input[contains(@id ,\"searchField-I\")]"}
COMMAND: POST /session/98e00ad9af735ef01915863a208aaa77/element/f.A56533DF14A1AA9A63544B9B62196BA5.d.29E0F5001844BB5D8818051F81653FBD.e.7603/clear - {}
RESULT: {}
COMMAND: POST /session/98e00ad9af735ef01915863a208aaa77/element/f.A56533DF14A1AA9A63544B9B62196BA5.d.29E0F5001844BB5D8818051F81653FBD.e.7603/value - {"text":"status"}
COMMAND: GET /session/98e00ad9af735ef01915863a208aaa77/screenshot - {}
RESULT: {"text":"status"}
COMMAND: GET /session/98e00ad9af735ef01915863a208aaa77/screenshot - {}
RESULT: {}
RESULT: {}
COMMAND: POST /session/98e00ad9af735ef01915863a208aaa77/element - {"using":"xpath","value":"(//div[contains(@id ,\"selectMulti\")][@role=\"checkbox\"])[8]"}
RESULT: {"using":"xpath","value":"(//div[contains(@id ,\"selectMulti\")][@role=\"checkbox\"])[8]"}
COMMAND: POST /session/98e00ad9af735ef01915863a208aaa77/element/f.A56533DF14A1AA9A63544B9B62196BA5.d.29E0F5001844BB5D8818051F81653FBD.e.7671/click - {}
RESULT: {}
COMMAND: GET /session/98e00ad9af735ef01915863a208aaa77/screenshot - {}
RESULT: {}
COMMAND: POST /session/98e00ad9af735ef01915863a208aaa77/element - {"using":"xpath","value":"//bdi[contains(@id ,\"confirmBtn-BDI-content\")]"}
RESULT: {"using":"xpath","value":"//bdi[contains(@id ,\"confirmBtn-BDI-content\")]"}
COMMAND: POST /session/98e00ad9af735ef01915863a208aaa77/element/f.A56533DF14A1AA9A63544B9B62196BA5.d.29E0F5001844BB5D8818051F81653FBD.e.7684/click - {}
RESULT: {}
COMMAND: GET /session/98e00ad9af735ef01915863a208aaa77/screenshot - {}
RESULT: {}
COMMAND: POST /session/98e00ad9af735ef01915863a208aaa77/element - {"using":"xpath","value":"(//span[contains(text(), \"Status\")])[2]"}
RESULT: {"using":"xpath","value":"(//span[contains(text(), \"Status\")])[2]"}
COMMAND: POST /session/98e00ad9af735ef01915863a208aaa77/element - {"using":"xpath","value":"(//span[contains(text(), \"Status\")])[2]"}
RESULT: {"using":"xpath","value":"(//span[contains(text(), \"Status\")])[2]"}
COMMAND: POST /session/98e00ad9af735ef01915863a208aaa77/element - {"using":"xpath","value":"(//bdi[contains(text(), \"Tags\")])[2]"}
RESULT: {"using":"xpath","value":"(//bdi[contains(text(), \"Tags\")])[2]"}
COMMAND: POST /session/98e00ad9af735ef01915863a208aaa77/execute/sync - {"script":"<script> [8489 bytes]","args":[{"element-6066-11e4-a52e-4f735466cecf":"f.A56533DF14A1AA9A63544B9B62196BA5.d.29E0F5001844BB5D8818051F81653FBD.e.7691","ELEMENT":"f.A56533DF14A1AA9A63544B9B62196BA5.d.29E0F5001844BB5D8818051F81653FBD.e.7691"}]}
RESULT: {"script":"<script> [8489 bytes]","args":[{"element-6066-11e4-a52e-4f735466cecf":"f.A56533DF14A1AA9A63544B9B62196BA5.d.29E0F5001844BB5D8818051F81653FBD.e.7691","ELEMENT":"f.A56533DF14A1AA9A63544B9B62196BA5.d.29E0F5001844BB5D8818051F81653FBD.e.7691"}]}
COMMAND: POST /session/98e00ad9af735ef01915863a208aaa77/element - {"using":"xpath","value":"//span[contains(@title ,\"Remove\")]"}
COMMAND: GET /session/98e00ad9af735ef01915863a208aaa77/screenshot - {}
RESULT: {"using":"xpath","value":"//span[contains(@title ,\"Remove\")]"}
COMMAND: POST /session/98e00ad9af735ef01915863a208aaa77/element/f.A56533DF14A1AA9A63544B9B62196BA5.d.29E0F5001844BB5D8818051F81653FBD.e.7692/click - {}
RESULT: {}
RESULT: {}
COMMAND: GET /session/98e00ad9af735ef01915863a208aaa77/screenshot - {}
COMMAND: POST /session/98e00ad9af735ef01915863a208aaa77/element - {"using":"xpath","value":"//button[contains(@id ,\"btnDeleteRequest\")]"}
RESULT: {}
RESULT: {"using":"xpath","value":"//button[contains(@id ,\"btnDeleteRequest\")]"}
COMMAND: POST /session/98e00ad9af735ef01915863a208aaa77/element - {"using":"xpath","value":"//button[contains(@id ,\"btnDeleteRequest\")]"}
RESULT: {"using":"xpath","value":"//button[contains(@id ,\"btnDeleteRequest\")]"}
COMMAND: POST /session/98e00ad9af735ef01915863a208aaa77/element - {"using":"xpath","value":"(//span[contains(text(), \"Draft\")])[1]"}
RESULT: {"using":"xpath","value":"(//span[contains(text(), \"Draft\")])[1]"}
COMMAND: POST /session/98e00ad9af735ef01915863a208aaa77/element/f.A56533DF14A1AA9A63544B9B62196BA5.d.29E0F5001844BB5D8818051F81653FBD.e.7714/click - {}
RESULT: {}
COMMAND: GET /session/98e00ad9af735ef01915863a208aaa77/screenshot - {}
RESULT: {}
COMMAND: POST /session/98e00ad9af735ef01915863a208aaa77/element - {"using":"xpath","value":"//button[contains(@id ,\"btnDeleteRequest\")]"}
RESULT: {"using":"xpath","value":"//button[contains(@id ,\"btnDeleteRequest\")]"}
COMMAND: POST /session/98e00ad9af735ef01915863a208aaa77/execute/sync - {"script":"<script> [8489 bytes]","args":[{"element-6066-11e4-a52e-4f735466cecf":"f.A56533DF14A1AA9A63544B9B62196BA5.d.29E0F5001844BB5D8818051F81653FBD.e.7744","ELEMENT":"f.A56533DF14A1AA9A63544B9B62196BA5.d.29E0F5001844BB5D8818051F81653FBD.e.7744"}]}
RESULT: {"script":"<script> [8489 bytes]","args":[{"element-6066-11e4-a52e-4f735466cecf":"f.A56533DF14A1AA9A63544B9B62196BA5.d.29E0F5001844BB5D8818051F81653FBD.e.7744","ELEMENT":"f.A56533DF14A1AA9A63544B9B62196BA5.d.29E0F5001844BB5D8818051F81653FBD.e.7744"}]}
COMMAND: POST /session/98e00ad9af735ef01915863a208aaa77/element - {"using":"xpath","value":"(//span[contains(text(), \"Proposal\")])[1]"}
COMMAND: GET /session/98e00ad9af735ef01915863a208aaa77/screenshot - {}
RESULT: {"using":"xpath","value":"(//span[contains(text(), \"Proposal\")])[1]"}
COMMAND: POST /session/98e00ad9af735ef01915863a208aaa77/element/f.A56533DF14A1AA9A63544B9B62196BA5.d.29E0F5001844BB5D8818051F81653FBD.e.7811/click - {}
RESULT: {}
RESULT: {}
COMMAND: GET /session/98e00ad9af735ef01915863a208aaa77/screenshot - {}
RESULT: {}
COMMAND: POST /session/98e00ad9af735ef01915863a208aaa77/execute/sync - {"script":"<script> [8489 bytes]","args":[{"element-6066-11e4-a52e-4f735466cecf":"f.A56533DF14A1AA9A63544B9B62196BA5.d.29E0F5001844BB5D8818051F81653FBD.e.7744","ELEMENT":"f.A56533DF14A1AA9A63544B9B62196BA5.d.29E0F5001844BB5D8818051F81653FBD.e.7744"}]}
RESULT: {"script":"<script> [8489 bytes]","args":[{"element-6066-11e4-a52e-4f735466cecf":"f.A56533DF14A1AA9A63544B9B62196BA5.d.29E0F5001844BB5D8818051F81653FBD.e.7744","ELEMENT":"f.A56533DF14A1AA9A63544B9B62196BA5.d.29E0F5001844BB5D8818051F81653FBD.e.7744"}]}
COMMAND: POST /session/98e00ad9af735ef01915863a208aaa77/element - {"using":"xpath","value":"//li[contains(@data-kt ,\"exitWebshopNavigationListItem\")]"}
COMMAND: GET /session/98e00ad9af735ef01915863a208aaa77/screenshot - {}
RESULT: {"using":"xpath","value":"//li[contains(@data-kt ,\"exitWebshopNavigationListItem\")]"}
COMMAND: POST /session/98e00ad9af735ef01915863a208aaa77/element/f.A56533DF14A1AA9A63544B9B62196BA5.d.29E0F5001844BB5D8818051F81653FBD.e.7887/click - {}
RESULT: {}
RESULT: {}
COMMAND: GET /session/98e00ad9af735ef01915863a208aaa77/screenshot - {}
RESULT: {}
]]></system-out>
    </testcase>
  </testsuite>
  <testsuite timestamp="2025-06-04T06:17:28" time="275.263" tests="1" failures="0" errors="0" skipped="0">
    <properties>
      <property name="specId" value="0" />
      <property name="suiteName" value="Webshop edit draft change dates pickup and delete items  US151281" />
      <property name="capabilities" value="chrome.136_0_7103_93.windows" />
      <property name="file" value="file:///D:/a/1/s/test/specs/R2C/webshop-edit-draft-dates-pickup-delete-items.spec.js" />
    </properties>
    <testcase classname="chrome.136_0_7103_93.windows.Webshop_edit_draft_change_dates_pickup_and_delete_items__US151281" name="Should create a new draft and add the catalog items" time="275.259">
      <system-out><![CDATA[
RESULT: undefined
COMMAND: POST /session/98e00ad9af735ef01915863a208aaa77/element - {"using":"xpath","value":"//*[@id=\"__tile49\"]"}
RESULT: {"using":"xpath","value":"//*[@id=\"__tile49\"]"}
COMMAND: POST /session/98e00ad9af735ef01915863a208aaa77/element/f.A56533DF14A1AA9A63544B9B62196BA5.d.29E0F5001844BB5D8818051F81653FBD.e.2986/click - {}
RESULT: {}
COMMAND: GET /session/98e00ad9af735ef01915863a208aaa77/screenshot - {}
RESULT: {}
COMMAND: POST /session/98e00ad9af735ef01915863a208aaa77/elements - {"using":"xpath","value":"//span[text()='Error']"}
RESULT: {"using":"xpath","value":"//span[text()='Error']"}
COMMAND: POST /session/98e00ad9af735ef01915863a208aaa77/element - {"using":"css selector","value":"#requestCreationDialog--createRequestPopUp-title-inner"}
RESULT: {"using":"css selector","value":"#requestCreationDialog--createRequestPopUp-title-inner"}
COMMAND: POST /session/98e00ad9af735ef01915863a208aaa77/execute/sync - {"script":"<script> [8489 bytes]","args":[{"element-6066-11e4-a52e-4f735466cecf":"f.A56533DF14A1AA9A63544B9B62196BA5.d.29E0F5001844BB5D8818051F81653FBD.e.7941","ELEMENT":"f.A56533DF14A1AA9A63544B9B62196BA5.d.29E0F5001844BB5D8818051F81653FBD.e.7941"}]}
RESULT: {"script":"<script> [8489 bytes]","args":[{"element-6066-11e4-a52e-4f735466cecf":"f.A56533DF14A1AA9A63544B9B62196BA5.d.29E0F5001844BB5D8818051F81653FBD.e.7941","ELEMENT":"f.A56533DF14A1AA9A63544B9B62196BA5.d.29E0F5001844BB5D8818051F81653FBD.e.7941"}]}
COMMAND: GET /session/98e00ad9af735ef01915863a208aaa77/element/f.A56533DF14A1AA9A63544B9B62196BA5.d.29E0F5001844BB5D8818051F81653FBD.e.7941/enabled - {}
COMMAND: GET /session/98e00ad9af735ef01915863a208aaa77/screenshot - {}
RESULT: {}
RESULT: undefined
COMMAND: POST /session/98e00ad9af735ef01915863a208aaa77/execute/async - {"script":"<script> [776 bytes]","args":[{"enterText":"WebdriverTest","selector":{"id":"requestCreationDialog--requestName","searchOpenDialogs":true,"interaction":{"idSuffix":"inner"}},"clearTextFirst":true,"interactionType":"ENTER_TEXT"}]}
COMMAND: GET /session/98e00ad9af735ef01915863a208aaa77/screenshot - {}
RESULT: {}
RESULT: {}
RESULT: {"script":"<script> [776 bytes]","args":[{"enterText":"WebdriverTest","selector":{"id":"requestCreationDialog--requestName","searchOpenDialogs":true,"interaction":{"idSuffix":"inner"}},"clearTextFirst":true,"interactionType":"ENTER_TEXT"}]}
COMMAND: POST /session/98e00ad9af735ef01915863a208aaa77/element - {"using":"xpath","value":"//input[contains(@id ,\"requestCreationDialog--contract-inner\")]"}
RESULT: {"using":"xpath","value":"//input[contains(@id ,\"requestCreationDialog--contract-inner\")]"}
COMMAND: POST /session/98e00ad9af735ef01915863a208aaa77/element/f.A56533DF14A1AA9A63544B9B62196BA5.d.29E0F5001844BB5D8818051F81653FBD.e.7927/clear - {}
RESULT: {}
COMMAND: POST /session/98e00ad9af735ef01915863a208aaa77/element/f.A56533DF14A1AA9A63544B9B62196BA5.d.29E0F5001844BB5D8818051F81653FBD.e.7927/value - {"text":"10448"}
COMMAND: GET /session/98e00ad9af735ef01915863a208aaa77/screenshot - {}
RESULT: {"text":"10448"}
COMMAND: GET /session/98e00ad9af735ef01915863a208aaa77/screenshot - {}
RESULT: {}
RESULT: {}
COMMAND: POST /session/98e00ad9af735ef01915863a208aaa77/actions - {"actions":[{"id":"action16","type":"key","parameters":{},"actions":[{"type":"keyDown","value":"î€‡"},{"type":"pause","duration":10},{"type":"keyUp","value":"î€‡"}]}]}
RESULT: {"actions":[{"id":"action16","type":"key","parameters":{},"actions":[{"type":"keyDown","value":"î€‡"},{"type":"pause","duration":10},{"type":"keyUp","value":"î€‡"}]}]}
COMMAND: GET /session/98e00ad9af735ef01915863a208aaa77/screenshot - {}
RESULT: {}
COMMAND: POST /session/98e00ad9af735ef01915863a208aaa77/element - {"using":"xpath","value":"//input[contains(@id ,\"requestCreationDialog--contract-inner\")]"}
RESULT: {"using":"xpath","value":"//input[contains(@id ,\"requestCreationDialog--contract-inner\")]"}
COMMAND: GET /session/98e00ad9af735ef01915863a208aaa77/element/f.A56533DF14A1AA9A63544B9B62196BA5.d.29E0F5001844BB5D8818051F81653FBD.e.7927/property/value - {}
RESULT: {}
COMMAND: POST /session/98e00ad9af735ef01915863a208aaa77/element - {"using":"xpath","value":"//input[contains(@id ,\"requestCreationDialog--contract-inner\")]"}
COMMAND: GET /session/98e00ad9af735ef01915863a208aaa77/screenshot - {}
RESULT: {"using":"xpath","value":"//input[contains(@id ,\"requestCreationDialog--contract-inner\")]"}
RESULT: undefined
COMMAND: POST /session/98e00ad9af735ef01915863a208aaa77/element - {"using":"xpath","value":"//*[@id=\"requestCreationDialog--okButton\"]"}
RESULT: {}
RESULT: {"using":"xpath","value":"//*[@id=\"requestCreationDialog--okButton\"]"}
COMMAND: POST /session/98e00ad9af735ef01915863a208aaa77/element/f.A56533DF14A1AA9A63544B9B62196BA5.d.29E0F5001844BB5D8818051F81653FBD.e.7950/click - {}
RESULT: {}
COMMAND: GET /session/98e00ad9af735ef01915863a208aaa77/screenshot - {}
RESULT: {}
COMMAND: POST /session/98e00ad9af735ef01915863a208aaa77/element - {"using":"xpath","value":"//input[contains(@id ,\"searchFiledId-I\")]"}
RESULT: {"using":"xpath","value":"//input[contains(@id ,\"searchFiledId-I\")]"}
COMMAND: POST /session/98e00ad9af735ef01915863a208aaa77/element/f.A56533DF14A1AA9A63544B9B62196BA5.d.29E0F5001844BB5D8818051F81653FBD.e.7891/value - {"text":"Dri-Prime CD150M Diesel Pump"}
RESULT: {"text":"Dri-Prime CD150M Diesel Pump"}
COMMAND: POST /session/98e00ad9af735ef01915863a208aaa77/actions - {"actions":[{"id":"action17","type":"key","parameters":{},"actions":[{"type":"keyDown","value":"î€‡"},{"type":"pause","duration":10},{"type":"keyUp","value":"î€‡"}]}]}
COMMAND: GET /session/98e00ad9af735ef01915863a208aaa77/screenshot - {}
RESULT: {"actions":[{"id":"action17","type":"key","parameters":{},"actions":[{"type":"keyDown","value":"î€‡"},{"type":"pause","duration":10},{"type":"keyUp","value":"î€‡"}]}]}
COMMAND: GET /session/98e00ad9af735ef01915863a208aaa77/screenshot - {}
RESULT: {}
RESULT: {}
COMMAND: POST /session/98e00ad9af735ef01915863a208aaa77/element - {"using":"xpath","value":"//span[contains(@id ,\"subTitle\")][contains(text(), \"Dri-Prime CD150M Diesel Pump\")]"}
RESULT: {"using":"xpath","value":"//span[contains(@id ,\"subTitle\")][contains(text(), \"Dri-Prime CD150M Diesel Pump\")]"}
COMMAND: POST /session/98e00ad9af735ef01915863a208aaa77/element/f.A56533DF14A1AA9A63544B9B62196BA5.d.29E0F5001844BB5D8818051F81653FBD.e.7957/click - {}
RESULT: {}
COMMAND: GET /session/98e00ad9af735ef01915863a208aaa77/screenshot - {}
RESULT: {}
COMMAND: POST /session/98e00ad9af735ef01915863a208aaa77/element - {"using":"xpath","value":"//bdi[contains(text(), \"Add to Request\")]"}
RESULT: {"using":"xpath","value":"//bdi[contains(text(), \"Add to Request\")]"}
COMMAND: POST /session/98e00ad9af735ef01915863a208aaa77/element/f.A56533DF14A1AA9A63544B9B62196BA5.d.29E0F5001844BB5D8818051F81653FBD.e.7969/click - {}
RESULT: {}
COMMAND: GET /session/98e00ad9af735ef01915863a208aaa77/screenshot - {}
RESULT: {}
COMMAND: POST /session/98e00ad9af735ef01915863a208aaa77/element/f.A56533DF14A1AA9A63544B9B62196BA5.d.29E0F5001844BB5D8818051F81653FBD.e.7969/click - {}
RESULT: {}
COMMAND: GET /session/98e00ad9af735ef01915863a208aaa77/screenshot - {}
RESULT: {}
COMMAND: POST /session/98e00ad9af735ef01915863a208aaa77/element - {"using":"xpath","value":"//*[contains(@id ,\"activeCartId-BDI-content\")]"}
RESULT: {"using":"xpath","value":"//*[contains(@id ,\"activeCartId-BDI-content\")]"}
COMMAND: POST /session/98e00ad9af735ef01915863a208aaa77/element/f.A56533DF14A1AA9A63544B9B62196BA5.d.29E0F5001844BB5D8818051F81653FBD.e.7979/click - {}
RESULT: {}
COMMAND: GET /session/98e00ad9af735ef01915863a208aaa77/screenshot - {}
RESULT: {}
COMMAND: POST /session/98e00ad9af735ef01915863a208aaa77/element - {"using":"xpath","value":"//bdi[contains(text(), \"Check out my request\")]"}
RESULT: {"using":"xpath","value":"//bdi[contains(text(), \"Check out my request\")]"}
COMMAND: POST /session/98e00ad9af735ef01915863a208aaa77/element/f.A56533DF14A1AA9A63544B9B62196BA5.d.29E0F5001844BB5D8818051F81653FBD.e.7981/click - {}
RESULT: {}
COMMAND: GET /session/98e00ad9af735ef01915863a208aaa77/screenshot - {}
RESULT: {}
COMMAND: POST /session/98e00ad9af735ef01915863a208aaa77/element - {"using":"xpath","value":"(//div[contains(@data-kt ,\"characteristicsObjectStatus\")])[1]"}
RESULT: {"using":"xpath","value":"(//div[contains(@data-kt ,\"characteristicsObjectStatus\")])[1]"}
COMMAND: POST /session/98e00ad9af735ef01915863a208aaa77/element/f.A56533DF14A1AA9A63544B9B62196BA5.d.29E0F5001844BB5D8818051F81653FBD.e.8000/click - {}
RESULT: {}
COMMAND: GET /session/98e00ad9af735ef01915863a208aaa77/screenshot - {}
RESULT: {}
COMMAND: POST /session/98e00ad9af735ef01915863a208aaa77/element - {"using":"xpath","value":"//input[contains(@id ,\"costObjectAdminTypeComboBox-inner\")]"}
RESULT: {"using":"xpath","value":"//input[contains(@id ,\"costObjectAdminTypeComboBox-inner\")]"}
COMMAND: POST /session/98e00ad9af735ef01915863a208aaa77/element/f.A56533DF14A1AA9A63544B9B62196BA5.d.29E0F5001844BB5D8818051F81653FBD.e.8002/clear - {}
RESULT: {}
COMMAND: POST /session/98e00ad9af735ef01915863a208aaa77/element/f.A56533DF14A1AA9A63544B9B62196BA5.d.29E0F5001844BB5D8818051F81653FBD.e.8002/value - {"text":"Cost Center"}
COMMAND: GET /session/98e00ad9af735ef01915863a208aaa77/screenshot - {}
RESULT: {"text":"Cost Center"}
COMMAND: GET /session/98e00ad9af735ef01915863a208aaa77/screenshot - {}
RESULT: {}
RESULT: {}
COMMAND: POST /session/98e00ad9af735ef01915863a208aaa77/actions - {"actions":[{"id":"action18","type":"key","parameters":{},"actions":[{"type":"keyDown","value":"î€‡"},{"type":"pause","duration":10},{"type":"keyUp","value":"î€‡"}]}]}
RESULT: {"actions":[{"id":"action18","type":"key","parameters":{},"actions":[{"type":"keyDown","value":"î€‡"},{"type":"pause","duration":10},{"type":"keyUp","value":"î€‡"}]}]}
COMMAND: GET /session/98e00ad9af735ef01915863a208aaa77/screenshot - {}
RESULT: {}
COMMAND: POST /session/98e00ad9af735ef01915863a208aaa77/element - {"using":"xpath","value":"//input[contains(@id ,\"costObjectIdComboBox-inner\")]"}
RESULT: {"using":"xpath","value":"//input[contains(@id ,\"costObjectIdComboBox-inner\")]"}
COMMAND: POST /session/98e00ad9af735ef01915863a208aaa77/element/f.A56533DF14A1AA9A63544B9B62196BA5.d.29E0F5001844BB5D8818051F81653FBD.e.8012/clear - {}
RESULT: {}
COMMAND: POST /session/98e00ad9af735ef01915863a208aaa77/element/f.A56533DF14A1AA9A63544B9B62196BA5.d.29E0F5001844BB5D8818051F81653FBD.e.8012/value - {"text":"Vigra"}
COMMAND: GET /session/98e00ad9af735ef01915863a208aaa77/screenshot - {}
RESULT: {"text":"Vigra"}
COMMAND: GET /session/98e00ad9af735ef01915863a208aaa77/screenshot - {}
RESULT: {}
RESULT: {}
COMMAND: POST /session/98e00ad9af735ef01915863a208aaa77/actions - {"actions":[{"id":"action19","type":"key","parameters":{},"actions":[{"type":"keyDown","value":"î€‡"},{"type":"pause","duration":10},{"type":"keyUp","value":"î€‡"}]}]}
RESULT: {"actions":[{"id":"action19","type":"key","parameters":{},"actions":[{"type":"keyDown","value":"î€‡"},{"type":"pause","duration":10},{"type":"keyUp","value":"î€‡"}]}]}
COMMAND: GET /session/98e00ad9af735ef01915863a208aaa77/screenshot - {}
RESULT: {}
COMMAND: POST /session/98e00ad9af735ef01915863a208aaa77/element - {"using":"xpath","value":"//bdi[contains(text(), \"Save\")]"}
RESULT: {"using":"xpath","value":"//bdi[contains(text(), \"Save\")]"}
COMMAND: POST /session/98e00ad9af735ef01915863a208aaa77/element/f.A56533DF14A1AA9A63544B9B62196BA5.d.29E0F5001844BB5D8818051F81653FBD.e.8017/click - {}
RESULT: {}
COMMAND: GET /session/98e00ad9af735ef01915863a208aaa77/screenshot - {}
RESULT: {}
COMMAND: POST /session/98e00ad9af735ef01915863a208aaa77/element - {"using":"xpath","value":"(//div[contains(@data-kt ,\"characteristicsObjectStatus\")])[2]"}
RESULT: {"using":"xpath","value":"(//div[contains(@data-kt ,\"characteristicsObjectStatus\")])[2]"}
COMMAND: POST /session/98e00ad9af735ef01915863a208aaa77/element/f.A56533DF14A1AA9A63544B9B62196BA5.d.29E0F5001844BB5D8818051F81653FBD.e.8038/click - {}
RESULT: {}
COMMAND: GET /session/98e00ad9af735ef01915863a208aaa77/screenshot - {}
RESULT: {}
COMMAND: POST /session/98e00ad9af735ef01915863a208aaa77/element - {"using":"xpath","value":"//input[contains(@id ,\"costObjectAdminTypeComboBox-inner\")]"}
RESULT: {"using":"xpath","value":"//input[contains(@id ,\"costObjectAdminTypeComboBox-inner\")]"}
COMMAND: POST /session/98e00ad9af735ef01915863a208aaa77/element/f.A56533DF14A1AA9A63544B9B62196BA5.d.29E0F5001844BB5D8818051F81653FBD.e.8039/clear - {}
RESULT: {}
COMMAND: POST /session/98e00ad9af735ef01915863a208aaa77/element/f.A56533DF14A1AA9A63544B9B62196BA5.d.29E0F5001844BB5D8818051F81653FBD.e.8039/value - {"text":"Cost Center"}
COMMAND: GET /session/98e00ad9af735ef01915863a208aaa77/screenshot - {}
RESULT: {"text":"Cost Center"}
COMMAND: GET /session/98e00ad9af735ef01915863a208aaa77/screenshot - {}
RESULT: {}
RESULT: {}
COMMAND: POST /session/98e00ad9af735ef01915863a208aaa77/actions - {"actions":[{"id":"action20","type":"key","parameters":{},"actions":[{"type":"keyDown","value":"î€‡"},{"type":"pause","duration":10},{"type":"keyUp","value":"î€‡"}]}]}
RESULT: {"actions":[{"id":"action20","type":"key","parameters":{},"actions":[{"type":"keyDown","value":"î€‡"},{"type":"pause","duration":10},{"type":"keyUp","value":"î€‡"}]}]}
COMMAND: GET /session/98e00ad9af735ef01915863a208aaa77/screenshot - {}
RESULT: {}
COMMAND: POST /session/98e00ad9af735ef01915863a208aaa77/element - {"using":"xpath","value":"//input[contains(@id ,\"costObjectIdComboBox-inner\")]"}
RESULT: {"using":"xpath","value":"//input[contains(@id ,\"costObjectIdComboBox-inner\")]"}
COMMAND: POST /session/98e00ad9af735ef01915863a208aaa77/element/f.A56533DF14A1AA9A63544B9B62196BA5.d.29E0F5001844BB5D8818051F81653FBD.e.8049/clear - {}
RESULT: {}
COMMAND: POST /session/98e00ad9af735ef01915863a208aaa77/element/f.A56533DF14A1AA9A63544B9B62196BA5.d.29E0F5001844BB5D8818051F81653FBD.e.8049/value - {"text":"Vigra"}
COMMAND: GET /session/98e00ad9af735ef01915863a208aaa77/screenshot - {}
RESULT: {"text":"Vigra"}
COMMAND: GET /session/98e00ad9af735ef01915863a208aaa77/screenshot - {}
RESULT: {}
RESULT: {}
COMMAND: POST /session/98e00ad9af735ef01915863a208aaa77/actions - {"actions":[{"id":"action21","type":"key","parameters":{},"actions":[{"type":"keyDown","value":"î€‡"},{"type":"pause","duration":10},{"type":"keyUp","value":"î€‡"}]}]}
RESULT: {"actions":[{"id":"action21","type":"key","parameters":{},"actions":[{"type":"keyDown","value":"î€‡"},{"type":"pause","duration":10},{"type":"keyUp","value":"î€‡"}]}]}
COMMAND: GET /session/98e00ad9af735ef01915863a208aaa77/screenshot - {}
RESULT: {}
COMMAND: POST /session/98e00ad9af735ef01915863a208aaa77/element - {"using":"xpath","value":"//bdi[contains(text(), \"Save\")]"}
RESULT: {"using":"xpath","value":"//bdi[contains(text(), \"Save\")]"}
COMMAND: POST /session/98e00ad9af735ef01915863a208aaa77/element/f.A56533DF14A1AA9A63544B9B62196BA5.d.29E0F5001844BB5D8818051F81653FBD.e.8054/click - {}
RESULT: {}
COMMAND: GET /session/98e00ad9af735ef01915863a208aaa77/screenshot - {}
RESULT: {}
COMMAND: POST /session/98e00ad9af735ef01915863a208aaa77/element - {"using":"xpath","value":"(//header/div[1]/div[3]/div/span)[1]"}
RESULT: {"using":"xpath","value":"(//header/div[1]/div[3]/div/span)[1]"}
COMMAND: POST /session/98e00ad9af735ef01915863a208aaa77/execute/sync - {"script":"<script> [149 bytes]","args":[{"element-6066-11e4-a52e-4f735466cecf":"f.A56533DF14A1AA9A63544B9B62196BA5.d.29E0F5001844BB5D8818051F81653FBD.e.8074","ELEMENT":"f.A56533DF14A1AA9A63544B9B62196BA5.d.29E0F5001844BB5D8818051F81653FBD.e.8074"},false]}
RESULT: {"script":"<script> [149 bytes]","args":[{"element-6066-11e4-a52e-4f735466cecf":"f.A56533DF14A1AA9A63544B9B62196BA5.d.29E0F5001844BB5D8818051F81653FBD.e.8074","ELEMENT":"f.A56533DF14A1AA9A63544B9B62196BA5.d.29E0F5001844BB5D8818051F81653FBD.e.8074"},false]}
COMMAND: POST /session/98e00ad9af735ef01915863a208aaa77/execute/async - {"script":"<script> [1562 bytes]","args":[{"selector":{"id":"pickUpSwitchHeader","viewName":"etm.portal.ui.webshop.view.RequestDetail","interaction":{"idSuffix":"textoff"}},"wdio_ui5_key":"pickUpSwitchHeaderetmportal.ui.webshop.view.RequestDetail"}]}
COMMAND: GET /session/98e00ad9af735ef01915863a208aaa77/screenshot - {}
RESULT: {"script":"<script> [1562 bytes]","args":[{"selector":{"id":"pickUpSwitchHeader","viewName":"etm.portal.ui.webshop.view.RequestDetail","interaction":{"idSuffix":"textoff"}},"wdio_ui5_key":"pickUpSwitchHeaderetmportal.ui.webshop.view.RequestDetail"}]}
RESULT: undefined
COMMAND: POST /session/98e00ad9af735ef01915863a208aaa77/element - {"using":"xpath","value":"//*[@id=\"__xmlview76--pickUpSwitchHeader\"]"}
RESULT: {}
RESULT: {"using":"xpath","value":"//*[@id=\"__xmlview76--pickUpSwitchHeader\"]"}
COMMAND: POST /session/98e00ad9af735ef01915863a208aaa77/element/f.A56533DF14A1AA9A63544B9B62196BA5.d.29E0F5001844BB5D8818051F81653FBD.e.8076/click - {}
RESULT: {}
COMMAND: GET /session/98e00ad9af735ef01915863a208aaa77/screenshot - {}
RESULT: {}
COMMAND: POST /session/98e00ad9af735ef01915863a208aaa77/execute/async - {"script":"<script> [1562 bytes]","args":[{"selector":{"controlType":"sap.m.Button","viewName":"etm.portal.ui.webshop.view.RequestDetail","bindingPath":{"path":"/RequestItems(REQUEST='20243',ITEM=10m)","propertyPath":"STATUS"}},"wdio_ui5_key":"etmportal.ui.webshop.view.RequestDetailsap.m.Button{\"path\":\"/RequestItems(REQUEST='20243',ITEM=10m)\",\"propertyPath\":\"STATUS\"}"}]}
RESULT: {"script":"<script> [1562 bytes]","args":[{"selector":{"controlType":"sap.m.Button","viewName":"etm.portal.ui.webshop.view.RequestDetail","bindingPath":{"path":"/RequestItems(REQUEST='20243',ITEM=10m)","propertyPath":"STATUS"}},"wdio_ui5_key":"etmportal.ui.webshop.view.RequestDetailsap.m.Button{\"path\":\"/RequestItems(REQUEST='20243',ITEM=10m)\",\"propertyPath\":\"STATUS\"}"}]}
RESULT: undefined
COMMAND: POST /session/98e00ad9af735ef01915863a208aaa77/execute/async - {"script":"<script> [6424 bytes]","args":[{"element-6066-11e4-a52e-4f735466cecf":"f.A56533DF14A1AA9A63544B9B62196BA5.d.29E0F5001844BB5D8818051F81653FBD.e.7994"},"getType",[]]}
RESULT: {"script":"<script> [6424 bytes]","args":[{"element-6066-11e4-a52e-4f735466cecf":"f.A56533DF14A1AA9A63544B9B62196BA5.d.29E0F5001844BB5D8818051F81653FBD.e.7994"},"getType",[]]}
COMMAND: POST /session/98e00ad9af735ef01915863a208aaa77/execute/async - {"script":"<script> [1562 bytes]","args":[{"selector":{"controlType":"sap.m.Button","viewName":"etm.portal.ui.webshop.view.RequestDetail","bindingPath":{"path":"/RequestItems(REQUEST='20243',ITEM=20m)","propertyPath":"STATUS"}},"wdio_ui5_key":"etmportal.ui.webshop.view.RequestDetailsap.m.Button{\"path\":\"/RequestItems(REQUEST='20243',ITEM=20m)\",\"propertyPath\":\"STATUS\"}"}]}
RESULT: {"script":"<script> [1562 bytes]","args":[{"selector":{"controlType":"sap.m.Button","viewName":"etm.portal.ui.webshop.view.RequestDetail","bindingPath":{"path":"/RequestItems(REQUEST='20243',ITEM=20m)","propertyPath":"STATUS"}},"wdio_ui5_key":"etmportal.ui.webshop.view.RequestDetailsap.m.Button{\"path\":\"/RequestItems(REQUEST='20243',ITEM=20m)\",\"propertyPath\":\"STATUS\"}"}]}
RESULT: undefined
COMMAND: POST /session/98e00ad9af735ef01915863a208aaa77/execute/async - {"script":"<script> [6424 bytes]","args":[{"element-6066-11e4-a52e-4f735466cecf":"f.A56533DF14A1AA9A63544B9B62196BA5.d.29E0F5001844BB5D8818051F81653FBD.e.8080"},"getType",[]]}
RESULT: {"script":"<script> [6424 bytes]","args":[{"element-6066-11e4-a52e-4f735466cecf":"f.A56533DF14A1AA9A63544B9B62196BA5.d.29E0F5001844BB5D8818051F81653FBD.e.8080"},"getType",[]]}
RESULT: undefined
COMMAND: POST /session/98e00ad9af735ef01915863a208aaa77/element - {"using":"xpath","value":"//*[@id=\"__xmlview76--pickUpItemButton-__clone38206\"]"}
RESULT: {"using":"xpath","value":"//*[@id=\"__xmlview76--pickUpItemButton-__clone38206\"]"}
COMMAND: POST /session/98e00ad9af735ef01915863a208aaa77/element/f.A56533DF14A1AA9A63544B9B62196BA5.d.29E0F5001844BB5D8818051F81653FBD.e.7994/click - {}
RESULT: {}
COMMAND: GET /session/98e00ad9af735ef01915863a208aaa77/screenshot - {}
RESULT: {}
COMMAND: POST /session/98e00ad9af735ef01915863a208aaa77/element - {"using":"xpath","value":"//span[contains(@class ,\"sapMBtnInner sapMBtnHoverable sapMFocusable sapMBtnText sapMBtnDefault\")][contains(@id ,\"pickUpItemButton\")]"}
RESULT: {"using":"xpath","value":"//span[contains(@class ,\"sapMBtnInner sapMBtnHoverable sapMFocusable sapMBtnText sapMBtnDefault\")][contains(@id ,\"pickUpItemButton\")]"}
COMMAND: POST /session/98e00ad9af735ef01915863a208aaa77/execute/sync - {"script":"<script> [8489 bytes]","args":[{"element-6066-11e4-a52e-4f735466cecf":"f.A56533DF14A1AA9A63544B9B62196BA5.d.29E0F5001844BB5D8818051F81653FBD.e.8081","ELEMENT":"f.A56533DF14A1AA9A63544B9B62196BA5.d.29E0F5001844BB5D8818051F81653FBD.e.8081"}]}
RESULT: undefined
COMMAND: POST /session/98e00ad9af735ef01915863a208aaa77/execute/async - {"script":"<script> [6424 bytes]","args":[{"element-6066-11e4-a52e-4f735466cecf":"f.A56533DF14A1AA9A63544B9B62196BA5.d.29E0F5001844BB5D8818051F81653FBD.e.8075"},"getState",[]]}
RESULT: {"script":"<script> [8489 bytes]","args":[{"element-6066-11e4-a52e-4f735466cecf":"f.A56533DF14A1AA9A63544B9B62196BA5.d.29E0F5001844BB5D8818051F81653FBD.e.8081","ELEMENT":"f.A56533DF14A1AA9A63544B9B62196BA5.d.29E0F5001844BB5D8818051F81653FBD.e.8081"}]}
COMMAND: GET /session/98e00ad9af735ef01915863a208aaa77/screenshot - {}
RESULT: {"script":"<script> [6424 bytes]","args":[{"element-6066-11e4-a52e-4f735466cecf":"f.A56533DF14A1AA9A63544B9B62196BA5.d.29E0F5001844BB5D8818051F81653FBD.e.8075"},"getState",[]]}
COMMAND: POST /session/98e00ad9af735ef01915863a208aaa77/execute/async - {"script":"<script> [1562 bytes]","args":[{"selector":{"id":"editRequest","viewName":"etm.portal.ui.webshop.view.RequestDetail","interaction":{"idSuffix":"BDI-content"}},"wdio_ui5_key":"editRequestetmportal.ui.webshop.view.RequestDetail"}]}
COMMAND: POST /session/98e00ad9af735ef01915863a208aaa77/execute/sync - {"script":"<script> [8489 bytes]","args":[{"element-6066-11e4-a52e-4f735466cecf":"f.A56533DF14A1AA9A63544B9B62196BA5.d.29E0F5001844BB5D8818051F81653FBD.e.8081","ELEMENT":"f.A56533DF14A1AA9A63544B9B62196BA5.d.29E0F5001844BB5D8818051F81653FBD.e.8081"}]}
RESULT: {}
RESULT: {"script":"<script> [1562 bytes]","args":[{"selector":{"id":"editRequest","viewName":"etm.portal.ui.webshop.view.RequestDetail","interaction":{"idSuffix":"BDI-content"}},"wdio_ui5_key":"editRequestetmportal.ui.webshop.view.RequestDetail"}]}
RESULT: undefined
COMMAND: POST /session/98e00ad9af735ef01915863a208aaa77/element - {"using":"xpath","value":"//*[@id=\"__xmlview76--editRequest\"]"}
RESULT: {"script":"<script> [8489 bytes]","args":[{"element-6066-11e4-a52e-4f735466cecf":"f.A56533DF14A1AA9A63544B9B62196BA5.d.29E0F5001844BB5D8818051F81653FBD.e.8081","ELEMENT":"f.A56533DF14A1AA9A63544B9B62196BA5.d.29E0F5001844BB5D8818051F81653FBD.e.8081"}]}
COMMAND: GET /session/98e00ad9af735ef01915863a208aaa77/screenshot - {}
RESULT: {"using":"xpath","value":"//*[@id=\"__xmlview76--editRequest\"]"}
COMMAND: POST /session/98e00ad9af735ef01915863a208aaa77/element/f.A56533DF14A1AA9A63544B9B62196BA5.d.29E0F5001844BB5D8818051F81653FBD.e.8083/click - {}
RESULT: {}
RESULT: {}
COMMAND: GET /session/98e00ad9af735ef01915863a208aaa77/screenshot - {}
COMMAND: POST /session/98e00ad9af735ef01915863a208aaa77/execute/sync - {"script":"<script> [8489 bytes]","args":[{"element-6066-11e4-a52e-4f735466cecf":"f.A56533DF14A1AA9A63544B9B62196BA5.d.29E0F5001844BB5D8818051F81653FBD.e.8081","ELEMENT":"f.A56533DF14A1AA9A63544B9B62196BA5.d.29E0F5001844BB5D8818051F81653FBD.e.8081"}]}
RESULT: {}
RESULT: {"script":"<script> [8489 bytes]","args":[{"element-6066-11e4-a52e-4f735466cecf":"f.A56533DF14A1AA9A63544B9B62196BA5.d.29E0F5001844BB5D8818051F81653FBD.e.8081","ELEMENT":"f.A56533DF14A1AA9A63544B9B62196BA5.d.29E0F5001844BB5D8818051F81653FBD.e.8081"}]}
COMMAND: GET /session/98e00ad9af735ef01915863a208aaa77/screenshot - {}
RESULT: {}
COMMAND: POST /session/98e00ad9af735ef01915863a208aaa77/execute/sync - {"script":"<script> [8489 bytes]","args":[{"element-6066-11e4-a52e-4f735466cecf":"f.A56533DF14A1AA9A63544B9B62196BA5.d.29E0F5001844BB5D8818051F81653FBD.e.8081","ELEMENT":"f.A56533DF14A1AA9A63544B9B62196BA5.d.29E0F5001844BB5D8818051F81653FBD.e.8081"}]}
RESULT: {"script":"<script> [8489 bytes]","args":[{"element-6066-11e4-a52e-4f735466cecf":"f.A56533DF14A1AA9A63544B9B62196BA5.d.29E0F5001844BB5D8818051F81653FBD.e.8081","ELEMENT":"f.A56533DF14A1AA9A63544B9B62196BA5.d.29E0F5001844BB5D8818051F81653FBD.e.8081"}]}
COMMAND: GET /session/98e00ad9af735ef01915863a208aaa77/screenshot - {}
COMMAND: POST /session/98e00ad9af735ef01915863a208aaa77/execute/sync - {"script":"<script> [8489 bytes]","args":[{"element-6066-11e4-a52e-4f735466cecf":"f.A56533DF14A1AA9A63544B9B62196BA5.d.29E0F5001844BB5D8818051F81653FBD.e.8081","ELEMENT":"f.A56533DF14A1AA9A63544B9B62196BA5.d.29E0F5001844BB5D8818051F81653FBD.e.8081"}]}
RESULT: {}
RESULT: {"script":"<script> [8489 bytes]","args":[{"element-6066-11e4-a52e-4f735466cecf":"f.A56533DF14A1AA9A63544B9B62196BA5.d.29E0F5001844BB5D8818051F81653FBD.e.8081","ELEMENT":"f.A56533DF14A1AA9A63544B9B62196BA5.d.29E0F5001844BB5D8818051F81653FBD.e.8081"}]}
COMMAND: GET /session/98e00ad9af735ef01915863a208aaa77/screenshot - {}
RESULT: {}
COMMAND: POST /session/98e00ad9af735ef01915863a208aaa77/element - {"using":"xpath","value":"//input[contains(@id ,\"startDate\")]"}
RESULT: {"using":"xpath","value":"//input[contains(@id ,\"startDate\")]"}
COMMAND: POST /session/98e00ad9af735ef01915863a208aaa77/element/f.A56533DF14A1AA9A63544B9B62196BA5.d.29E0F5001844BB5D8818051F81653FBD.e.8098/click - {}
RESULT: {}
COMMAND: POST /session/98e00ad9af735ef01915863a208aaa77/actions - {"actions":[{"id":"action22","type":"key","parameters":{},"actions":[{"type":"keyDown","value":"î€‰"},{"type":"keyDown","value":"a"},{"type":"pause","duration":10},{"type":"keyUp","value":"î€‰"},{"type":"keyUp","value":"a"}]}]}
COMMAND: GET /session/98e00ad9af735ef01915863a208aaa77/screenshot - {}
RESULT: {"actions":[{"id":"action22","type":"key","parameters":{},"actions":[{"type":"keyDown","value":"î€‰"},{"type":"keyDown","value":"a"},{"type":"pause","duration":10},{"type":"keyUp","value":"î€‰"},{"type":"keyUp","value":"a"}]}]}
COMMAND: POST /session/98e00ad9af735ef01915863a208aaa77/actions - {"actions":[{"id":"action23","type":"key","parameters":{},"actions":[{"type":"keyDown","value":"î€ƒ"},{"type":"pause","duration":10},{"type":"keyUp","value":"î€ƒ"}]}]}
COMMAND: GET /session/98e00ad9af735ef01915863a208aaa77/screenshot - {}
RESULT: {}
RESULT: {"actions":[{"id":"action23","type":"key","parameters":{},"actions":[{"type":"keyDown","value":"î€ƒ"},{"type":"pause","duration":10},{"type":"keyUp","value":"î€ƒ"}]}]}
COMMAND: GET /session/98e00ad9af735ef01915863a208aaa77/screenshot - {}
RESULT: {}
RESULT: {}
COMMAND: POST /session/98e00ad9af735ef01915863a208aaa77/element/f.A56533DF14A1AA9A63544B9B62196BA5.d.29E0F5001844BB5D8818051F81653FBD.e.8098/clear - {}
RESULT: {}
COMMAND: POST /session/98e00ad9af735ef01915863a208aaa77/element/f.A56533DF14A1AA9A63544B9B62196BA5.d.29E0F5001844BB5D8818051F81653FBD.e.8098/value - {"text":"6/11/25"}
COMMAND: GET /session/98e00ad9af735ef01915863a208aaa77/screenshot - {}
RESULT: {"text":"6/11/25"}
COMMAND: POST /session/98e00ad9af735ef01915863a208aaa77/actions - {"actions":[{"id":"action24","type":"key","parameters":{},"actions":[{"type":"keyDown","value":"î€‡"},{"type":"pause","duration":10},{"type":"keyUp","value":"î€‡"}]}]}
COMMAND: GET /session/98e00ad9af735ef01915863a208aaa77/screenshot - {}
RESULT: {}
RESULT: {"actions":[{"id":"action24","type":"key","parameters":{},"actions":[{"type":"keyDown","value":"î€‡"},{"type":"pause","duration":10},{"type":"keyUp","value":"î€‡"}]}]}
COMMAND: GET /session/98e00ad9af735ef01915863a208aaa77/screenshot - {}
RESULT: {}
RESULT: {}
COMMAND: POST /session/98e00ad9af735ef01915863a208aaa77/element - {"using":"xpath","value":"//input[contains(@id ,\"endDate\")]"}
RESULT: {"using":"xpath","value":"//input[contains(@id ,\"endDate\")]"}
COMMAND: GET /session/98e00ad9af735ef01915863a208aaa77/element/f.A56533DF14A1AA9A63544B9B62196BA5.d.29E0F5001844BB5D8818051F81653FBD.e.8101/property/value - {}
RESULT: {}
COMMAND: POST /session/98e00ad9af735ef01915863a208aaa77/execute/async - {"script":"<script> [1562 bytes]","args":[{"selector":{"controlType":"sap.ui.core.Icon","viewName":"etm.portal.ui.webshop.view.RequestEdit","properties":{"src":{"regex":{"source":"action\\-settings"}}}},"wdio_ui5_key":"etmportal.ui.webshop.view.RequestEditsap.ui.core.Icon{\"src\":{\"regex\":{\"source\":\"action\\\\-settings\"}}}"}]}
COMMAND: GET /session/98e00ad9af735ef01915863a208aaa77/screenshot - {}
RESULT: {"script":"<script> [1562 bytes]","args":[{"selector":{"controlType":"sap.ui.core.Icon","viewName":"etm.portal.ui.webshop.view.RequestEdit","properties":{"src":{"regex":{"source":"action\\-settings"}}}},"wdio_ui5_key":"etmportal.ui.webshop.view.RequestEditsap.ui.core.Icon{\"src\":{\"regex\":{\"source\":\"action\\\\-settings\"}}}"}]}
RESULT: undefined
COMMAND: POST /session/98e00ad9af735ef01915863a208aaa77/element - {"using":"xpath","value":"//*[@id=\"__xmlview77--smartTable-btnPersonalisation-img\"]"}
RESULT: {}
RESULT: {"using":"xpath","value":"//*[@id=\"__xmlview77--smartTable-btnPersonalisation-img\"]"}
COMMAND: POST /session/98e00ad9af735ef01915863a208aaa77/element/f.A56533DF14A1AA9A63544B9B62196BA5.d.29E0F5001844BB5D8818051F81653FBD.e.8130/click - {}
RESULT: {}
COMMAND: POST /session/98e00ad9af735ef01915863a208aaa77/element - {"using":"xpath","value":"//input[contains(@id ,\"searchField-I\")]"}
COMMAND: GET /session/98e00ad9af735ef01915863a208aaa77/screenshot - {}
RESULT: {"using":"xpath","value":"//input[contains(@id ,\"searchField-I\")]"}
COMMAND: POST /session/98e00ad9af735ef01915863a208aaa77/element/f.A56533DF14A1AA9A63544B9B62196BA5.d.29E0F5001844BB5D8818051F81653FBD.e.8134/clear - {}
RESULT: {}
RESULT: {}
COMMAND: POST /session/98e00ad9af735ef01915863a208aaa77/element/f.A56533DF14A1AA9A63544B9B62196BA5.d.29E0F5001844BB5D8818051F81653FBD.e.8134/value - {"text":"time"}
COMMAND: GET /session/98e00ad9af735ef01915863a208aaa77/screenshot - {}
RESULT: {"text":"time"}
COMMAND: GET /session/98e00ad9af735ef01915863a208aaa77/screenshot - {}
RESULT: {}
RESULT: {}
COMMAND: POST /session/98e00ad9af735ef01915863a208aaa77/element - {"using":"xpath","value":"//div[contains(@id ,\"innerSelectionPanelTable-sa-CbBg\")]"}
RESULT: {"using":"xpath","value":"//div[contains(@id ,\"innerSelectionPanelTable-sa-CbBg\")]"}
COMMAND: POST /session/98e00ad9af735ef01915863a208aaa77/element/f.A56533DF14A1AA9A63544B9B62196BA5.d.29E0F5001844BB5D8818051F81653FBD.e.8158/click - {}
RESULT: {}
COMMAND: POST /session/98e00ad9af735ef01915863a208aaa77/element - {"using":"xpath","value":"//bdi[contains(text(), \"OK\")]"}
COMMAND: GET /session/98e00ad9af735ef01915863a208aaa77/screenshot - {}
RESULT: {"using":"xpath","value":"//bdi[contains(text(), \"OK\")]"}
COMMAND: POST /session/98e00ad9af735ef01915863a208aaa77/element/f.A56533DF14A1AA9A63544B9B62196BA5.d.29E0F5001844BB5D8818051F81653FBD.e.8159/click - {}
RESULT: {}
RESULT: {}
COMMAND: GET /session/98e00ad9af735ef01915863a208aaa77/screenshot - {}
RESULT: {}
COMMAND: POST /session/98e00ad9af735ef01915863a208aaa77/execute/async - {"script":"<script> [1562 bytes]","args":[{"selector":{"controlType":"sap.m.CheckBox","viewName":"etm.portal.ui.webshop.view.RequestEdit","properties":{"editable":true},"ancestor":{"controlType":"sap.m.ColumnListItem","viewName":"etm.portal.ui.webshop.view.RequestEdit","bindingPath":{"path":"/RequestItems(REQUEST='20243',ITEM=10m)"},"ancestor":{"id":"customTable","viewName":"etm.portal.ui.webshop.view.RequestEdit"}},"interaction":{"idSuffix":"CbBg"}},"wdio_ui5_key":"etmportal.ui.webshop.view.RequestEditsap.m.CheckBox{\"editable\":true}{\"controlType\":\"sap.m.ColumnListItem\",\"viewName\":\"etm.portal.ui.webshop.view.RequestEdit\",\"bindingPath\":{\"path\":\"/RequestItems(REQUEST='20243',ITEM=10m)\"},\"ancestor\":{\"id\":\"customTable\",\"viewName\":\"etm.portal.ui.webshop.view.RequestEdit\"}}"}]}
RESULT: {"script":"<script> [1562 bytes]","args":[{"selector":{"controlType":"sap.m.CheckBox","viewName":"etm.portal.ui.webshop.view.RequestEdit","properties":{"editable":true},"ancestor":{"controlType":"sap.m.ColumnListItem","viewName":"etm.portal.ui.webshop.view.RequestEdit","bindingPath":{"path":"/RequestItems(REQUEST='20243',ITEM=10m)"},"ancestor":{"id":"customTable","viewName":"etm.portal.ui.webshop.view.RequestEdit"}},"interaction":{"idSuffix":"CbBg"}},"wdio_ui5_key":"etmportal.ui.webshop.view.RequestEditsap.m.CheckBox{\"editable\":true}{\"controlType\":\"sap.m.ColumnListItem\",\"viewName\":\"etm.portal.ui.webshop.view.RequestEdit\",\"bindingPath\":{\"path\":\"/RequestItems(REQUEST='20243',ITEM=10m)\"},\"ancestor\":{\"id\":\"customTable\",\"viewName\":\"etm.portal.ui.webshop.view.RequestEdit\"}}"}]}
RESULT: undefined
COMMAND: POST /session/98e00ad9af735ef01915863a208aaa77/element - {"using":"xpath","value":"//*[@id=\"__item5645-__clone38617-selectMulti\"]"}
RESULT: {"using":"xpath","value":"//*[@id=\"__item5645-__clone38617-selectMulti\"]"}
COMMAND: POST /session/98e00ad9af735ef01915863a208aaa77/element/f.A56533DF14A1AA9A63544B9B62196BA5.d.29E0F5001844BB5D8818051F81653FBD.e.8198/click - {}
RESULT: {}
COMMAND: POST /session/98e00ad9af735ef01915863a208aaa77/execute/async - {"script":"<script> [1562 bytes]","args":[{"selector":{"controlType":"sap.m.Button","viewName":"etm.portal.ui.webshop.view.RequestEdit","i18NText":{"propertyName":"text","key":"update"},"interaction":{"idSuffix":"BDI-content"}},"wdio_ui5_key":"etmportal.ui.webshop.view.RequestEditsap.m.Button{\"propertyName\":\"text\",\"key\":\"update\"}"}]}
COMMAND: GET /session/98e00ad9af735ef01915863a208aaa77/screenshot - {}
RESULT: {"script":"<script> [1562 bytes]","args":[{"selector":{"controlType":"sap.m.Button","viewName":"etm.portal.ui.webshop.view.RequestEdit","i18NText":{"propertyName":"text","key":"update"},"interaction":{"idSuffix":"BDI-content"}},"wdio_ui5_key":"etmportal.ui.webshop.view.RequestEditsap.m.Button{\"propertyName\":\"text\",\"key\":\"update\"}"}]}
RESULT: undefined
COMMAND: POST /session/98e00ad9af735ef01915863a208aaa77/element - {"using":"xpath","value":"//*[@id=\"__button480\"]"}
RESULT: {}
RESULT: {"using":"xpath","value":"//*[@id=\"__button480\"]"}
COMMAND: POST /session/98e00ad9af735ef01915863a208aaa77/element/f.A56533DF14A1AA9A63544B9B62196BA5.d.29E0F5001844BB5D8818051F81653FBD.e.8200/click - {}
RESULT: {}
COMMAND: POST /session/98e00ad9af735ef01915863a208aaa77/element - {"using":"xpath","value":"(//input[contains(@id ,\"startDateRI\")])[1]"}
COMMAND: GET /session/98e00ad9af735ef01915863a208aaa77/screenshot - {}
RESULT: {"using":"xpath","value":"(//input[contains(@id ,\"startDateRI\")])[1]"}
COMMAND: GET /session/98e00ad9af735ef01915863a208aaa77/element/f.A56533DF14A1AA9A63544B9B62196BA5.d.29E0F5001844BB5D8818051F81653FBD.e.8187/property/value - {}
RESULT: {}
RESULT: {}
RESULT: undefined
COMMAND: POST /session/98e00ad9af735ef01915863a208aaa77/element - {"using":"xpath","value":"//*[@id=\"__item5645-__clone38617-selectMulti\"]"}
COMMAND: GET /session/98e00ad9af735ef01915863a208aaa77/screenshot - {}
RESULT: {"using":"xpath","value":"//*[@id=\"__item5645-__clone38617-selectMulti\"]"}
COMMAND: POST /session/98e00ad9af735ef01915863a208aaa77/element/f.A56533DF14A1AA9A63544B9B62196BA5.d.29E0F5001844BB5D8818051F81653FBD.e.8198/click - {}
RESULT: {}
RESULT: {}
COMMAND: POST /session/98e00ad9af735ef01915863a208aaa77/execute/async - {"script":"<script> [1562 bytes]","args":[{"selector":{"controlType":"sap.m.CheckBox","viewName":"etm.portal.ui.webshop.view.RequestEdit","properties":{"editable":true},"ancestor":{"controlType":"sap.m.ColumnListItem","viewName":"etm.portal.ui.webshop.view.RequestEdit","bindingPath":{"path":"/RequestItems(REQUEST='20243',ITEM=20m)"},"ancestor":{"id":"customTable","viewName":"etm.portal.ui.webshop.view.RequestEdit"}},"interaction":{"idSuffix":"CbBg"}},"wdio_ui5_key":"etmportal.ui.webshop.view.RequestEditsap.m.CheckBox{\"editable\":true}{\"controlType\":\"sap.m.ColumnListItem\",\"viewName\":\"etm.portal.ui.webshop.view.RequestEdit\",\"bindingPath\":{\"path\":\"/RequestItems(REQUEST='20243',ITEM=20m)\"},\"ancestor\":{\"id\":\"customTable\",\"viewName\":\"etm.portal.ui.webshop.view.RequestEdit\"}}"}]}
COMMAND: GET /session/98e00ad9af735ef01915863a208aaa77/screenshot - {}
RESULT: {"script":"<script> [1562 bytes]","args":[{"selector":{"controlType":"sap.m.CheckBox","viewName":"etm.portal.ui.webshop.view.RequestEdit","properties":{"editable":true},"ancestor":{"controlType":"sap.m.ColumnListItem","viewName":"etm.portal.ui.webshop.view.RequestEdit","bindingPath":{"path":"/RequestItems(REQUEST='20243',ITEM=20m)"},"ancestor":{"id":"customTable","viewName":"etm.portal.ui.webshop.view.RequestEdit"}},"interaction":{"idSuffix":"CbBg"}},"wdio_ui5_key":"etmportal.ui.webshop.view.RequestEditsap.m.CheckBox{\"editable\":true}{\"controlType\":\"sap.m.ColumnListItem\",\"viewName\":\"etm.portal.ui.webshop.view.RequestEdit\",\"bindingPath\":{\"path\":\"/RequestItems(REQUEST='20243',ITEM=20m)\"},\"ancestor\":{\"id\":\"customTable\",\"viewName\":\"etm.portal.ui.webshop.view.RequestEdit\"}}"}]}
RESULT: undefined
COMMAND: POST /session/98e00ad9af735ef01915863a208aaa77/element - {"using":"xpath","value":"//*[@id=\"__item5645-__clone38618-selectMulti\"]"}
RESULT: {}
RESULT: {"using":"xpath","value":"//*[@id=\"__item5645-__clone38618-selectMulti\"]"}
COMMAND: POST /session/98e00ad9af735ef01915863a208aaa77/element/f.A56533DF14A1AA9A63544B9B62196BA5.d.29E0F5001844BB5D8818051F81653FBD.e.8203/click - {}
RESULT: {}
COMMAND: POST /session/98e00ad9af735ef01915863a208aaa77/execute/async - {"script":"<script> [1562 bytes]","args":[{"selector":{"controlType":"sap.ui.core.Icon","viewName":"etm.portal.ui.webshop.view.RequestEdit","properties":{"src":{"regex":{"source":"delete"}}}},"wdio_ui5_key":"etmportal.ui.webshop.view.RequestEditsap.ui.core.Icon{\"src\":{\"regex\":{\"source\":\"delete\"}}}"}]}
COMMAND: GET /session/98e00ad9af735ef01915863a208aaa77/screenshot - {}
RESULT: {"script":"<script> [1562 bytes]","args":[{"selector":{"controlType":"sap.ui.core.Icon","viewName":"etm.portal.ui.webshop.view.RequestEdit","properties":{"src":{"regex":{"source":"delete"}}}},"wdio_ui5_key":"etmportal.ui.webshop.view.RequestEditsap.ui.core.Icon{\"src\":{\"regex\":{\"source\":\"delete\"}}}"}]}
RESULT: undefined
COMMAND: POST /session/98e00ad9af735ef01915863a208aaa77/element - {"using":"xpath","value":"//*[@id=\"__xmlview77--deleteItem-img\"]"}
RESULT: {}
RESULT: {"using":"xpath","value":"//*[@id=\"__xmlview77--deleteItem-img\"]"}
COMMAND: POST /session/98e00ad9af735ef01915863a208aaa77/element/f.A56533DF14A1AA9A63544B9B62196BA5.d.29E0F5001844BB5D8818051F81653FBD.e.8204/click - {}
RESULT: {}
COMMAND: GET /session/98e00ad9af735ef01915863a208aaa77/screenshot - {}
RESULT: {}
COMMAND: POST /session/98e00ad9af735ef01915863a208aaa77/execute/async - {"script":"<script> [1562 bytes]","args":[{"selector":{"controlType":"sap.m.Button","properties":{"text":"OK"},"searchOpenDialogs":true,"interaction":{"idSuffix":"BDI-content"}},"wdio_ui5_key":"sapm.Button{\"text\":\"OK\"}"}]}
RESULT: {"script":"<script> [1562 bytes]","args":[{"selector":{"controlType":"sap.m.Button","properties":{"text":"OK"},"searchOpenDialogs":true,"interaction":{"idSuffix":"BDI-content"}},"wdio_ui5_key":"sapm.Button{\"text\":\"OK\"}"}]}
RESULT: undefined
COMMAND: POST /session/98e00ad9af735ef01915863a208aaa77/element - {"using":"xpath","value":"//*[@id=\"__mbox-btn-0\"]"}
RESULT: {"using":"xpath","value":"//*[@id=\"__mbox-btn-0\"]"}
COMMAND: POST /session/98e00ad9af735ef01915863a208aaa77/element/f.A56533DF14A1AA9A63544B9B62196BA5.d.29E0F5001844BB5D8818051F81653FBD.e.8206/click - {}
RESULT: {}
COMMAND: GET /session/98e00ad9af735ef01915863a208aaa77/screenshot - {}
RESULT: {}
COMMAND: POST /session/98e00ad9af735ef01915863a208aaa77/execute/async - {"script":"<script> [1562 bytes]","args":[{"selector":{"id":"saveButtonId","viewName":"etm.portal.ui.webshop.view.RequestEdit","interaction":{"idSuffix":"BDI-content"}},"wdio_ui5_key":"saveButtonIdetmportal.ui.webshop.view.RequestEdit"}]}
RESULT: {"script":"<script> [1562 bytes]","args":[{"selector":{"id":"saveButtonId","viewName":"etm.portal.ui.webshop.view.RequestEdit","interaction":{"idSuffix":"BDI-content"}},"wdio_ui5_key":"saveButtonIdetmportal.ui.webshop.view.RequestEdit"}]}
RESULT: undefined
COMMAND: POST /session/98e00ad9af735ef01915863a208aaa77/element - {"using":"xpath","value":"//*[@id=\"__xmlview77--saveButtonId\"]"}
RESULT: {"using":"xpath","value":"//*[@id=\"__xmlview77--saveButtonId\"]"}
COMMAND: POST /session/98e00ad9af735ef01915863a208aaa77/element/f.A56533DF14A1AA9A63544B9B62196BA5.d.29E0F5001844BB5D8818051F81653FBD.e.8214/click - {}
RESULT: {}
COMMAND: GET /session/98e00ad9af735ef01915863a208aaa77/screenshot - {}
RESULT: {}
COMMAND: POST /session/98e00ad9af735ef01915863a208aaa77/execute/async - {"script":"<script> [1562 bytes]","args":[{"selector":{"controlType":"sap.m.Title","viewName":"etm.portal.ui.webshop.view.RequestDetail","properties":{"text":"Items (1)"}},"wdio_ui5_key":"etmportal.ui.webshop.view.RequestDetailsap.m.Title{\"text\":\"Items (1)\"}"}]}
RESULT: {"script":"<script> [1562 bytes]","args":[{"selector":{"controlType":"sap.m.Title","viewName":"etm.portal.ui.webshop.view.RequestDetail","properties":{"text":"Items (1)"}},"wdio_ui5_key":"etmportal.ui.webshop.view.RequestDetailsap.m.Title{\"text\":\"Items (1)\"}"}]}
RESULT: undefined
COMMAND: POST /session/98e00ad9af735ef01915863a208aaa77/execute/async - {"script":"<script> [6424 bytes]","args":[{"element-6066-11e4-a52e-4f735466cecf":"f.A56533DF14A1AA9A63544B9B62196BA5.d.29E0F5001844BB5D8818051F81653FBD.e.8238"},"getText",[]]}
RESULT: {"script":"<script> [6424 bytes]","args":[{"element-6066-11e4-a52e-4f735466cecf":"f.A56533DF14A1AA9A63544B9B62196BA5.d.29E0F5001844BB5D8818051F81653FBD.e.8238"},"getText",[]]}
COMMAND: POST /session/98e00ad9af735ef01915863a208aaa77/execute/async - {"script":"<script> [1562 bytes]","args":[{"selector":{"controlType":"sap.m.Text","viewName":"etm.portal.ui.webshop.view.RequestDetail","bindingPath":{"path":"/RequestHeaders(NO='20243')","propertyPath":"END_DATE","modelName":"catalogModel"}},"wdio_ui5_key":"etmportal.ui.webshop.view.RequestDetailsap.m.Text{\"path\":\"/RequestHeaders(NO='20243')\",\"propertyPath\":\"END_DATE\",\"modelName\":\"catalogModel\"}"}]}
RESULT: {"script":"<script> [1562 bytes]","args":[{"selector":{"controlType":"sap.m.Text","viewName":"etm.portal.ui.webshop.view.RequestDetail","bindingPath":{"path":"/RequestHeaders(NO='20243')","propertyPath":"END_DATE","modelName":"catalogModel"}},"wdio_ui5_key":"etmportal.ui.webshop.view.RequestDetailsap.m.Text{\"path\":\"/RequestHeaders(NO='20243')\",\"propertyPath\":\"END_DATE\",\"modelName\":\"catalogModel\"}"}]}
RESULT: undefined
COMMAND: POST /session/98e00ad9af735ef01915863a208aaa77/execute/async - {"script":"<script> [1562 bytes]","args":[{"selector":{"controlType":"sap.m.Text","viewName":"etm.portal.ui.webshop.view.RequestDetail","bindingPath":{"path":"/RequestHeaders(NO='20243')","propertyPath":"START_DATE","modelName":"catalogModel"}},"wdio_ui5_key":"etmportal.ui.webshop.view.RequestDetailsap.m.Text{\"path\":\"/RequestHeaders(NO='20243')\",\"propertyPath\":\"START_DATE\",\"modelName\":\"catalogModel\"}"}]}
RESULT: {"script":"<script> [1562 bytes]","args":[{"selector":{"controlType":"sap.m.Text","viewName":"etm.portal.ui.webshop.view.RequestDetail","bindingPath":{"path":"/RequestHeaders(NO='20243')","propertyPath":"START_DATE","modelName":"catalogModel"}},"wdio_ui5_key":"etmportal.ui.webshop.view.RequestDetailsap.m.Text{\"path\":\"/RequestHeaders(NO='20243')\",\"propertyPath\":\"START_DATE\",\"modelName\":\"catalogModel\"}"}]}
RESULT: undefined
COMMAND: POST /session/98e00ad9af735ef01915863a208aaa77/execute/async - {"script":"<script> [6424 bytes]","args":[{"element-6066-11e4-a52e-4f735466cecf":"f.A56533DF14A1AA9A63544B9B62196BA5.d.29E0F5001844BB5D8818051F81653FBD.e.8240"},"getText",[]]}
RESULT: {"script":"<script> [6424 bytes]","args":[{"element-6066-11e4-a52e-4f735466cecf":"f.A56533DF14A1AA9A63544B9B62196BA5.d.29E0F5001844BB5D8818051F81653FBD.e.8240"},"getText",[]]}
RESULT: undefined
COMMAND: POST /session/98e00ad9af735ef01915863a208aaa77/execute/async - {"script":"<script> [6424 bytes]","args":[{"element-6066-11e4-a52e-4f735466cecf":"f.A56533DF14A1AA9A63544B9B62196BA5.d.29E0F5001844BB5D8818051F81653FBD.e.8239"},"getText",[]]}
RESULT: {"script":"<script> [6424 bytes]","args":[{"element-6066-11e4-a52e-4f735466cecf":"f.A56533DF14A1AA9A63544B9B62196BA5.d.29E0F5001844BB5D8818051F81653FBD.e.8239"},"getText",[]]}
COMMAND: POST /session/98e00ad9af735ef01915863a208aaa77/refresh - {}
RESULT: {}
COMMAND: GET /session/98e00ad9af735ef01915863a208aaa77/screenshot - {}
RESULT: {}
COMMAND: POST /session/98e00ad9af735ef01915863a208aaa77/execute/async - {"script":"<script> [189 bytes]","args":[]}
RESULT: {"script":"<script> [189 bytes]","args":[]}
COMMAND: POST /session/98e00ad9af735ef01915863a208aaa77/execute/async - {"script":"<script> [123 bytes]","args":[]}
RESULT: {"script":"<script> [123 bytes]","args":[]}
COMMAND: POST /session/98e00ad9af735ef01915863a208aaa77/timeouts - {"script":"<number>"}
RESULT: {"script":"<number>"}
COMMAND: GET /session/98e00ad9af735ef01915863a208aaa77/timeouts - {}
RESULT: {}
RESULT: undefined
COMMAND: POST /session/98e00ad9af735ef01915863a208aaa77/execute/async - {"script":"<script> [2676 bytes]","args":[]}
RESULT: {"script":"<script> [2676 bytes]","args":[]}
COMMAND: POST /session/98e00ad9af735ef01915863a208aaa77/execute/async - {"script":"<script> [2342 bytes]","args":[{"protocol":"http","hostname":"0.0.0.0","path":"/","capabilities":{"browserName":"chrome","goog:chromeOptions":{"binary":"C:\\Program Files\\Google\\Chrome\\Application\\chrome.exe","args":["--start-maximized"]}},"logLevel":"warn","connectionRetryTimeout":120000,"connectionRetryCount":3,"logLevels":{},"enableDirectConnect":true,"strictSSL":true,"_":"65 more keys: [\"cacheDir\",\"port\",\"requestedCapabilities\",\"automationProtocol\",\"baseUrl\",\"waitforInterval\",\"waitforTimeout\",\"onReload\",\"beforeCommand\",\"afterCommand\",\"rootDir\",\"specs\",\"suites\",\"exclude\",\"groupLogsByTestSpec\",\"excludeDriverLogs\",\"bail\",\"framework\",\"reporters\",\"services\",\"maxInstances\",\"maxInstancesPerCapability\",\"injectGlobals\",\"filesToWatch\",\"execArgv\",\"runnerEnv\",\"runner\",\"shard\",\"specFileRetries\",\"specFileRetriesDelay\",\"specFileRetriesDeferred\",\"reporterSyncInterval\",\"reporterSyncTimeout\",\"cucumberFeaturesWithLineNumbers\",\"autoCompileOpts\",\"mochaOpts\",\"jasmineOpts\",\"cucumberOpts\",\"onPrepare\",\"onWorkerStart\",\"onWorkerEnd\",\"before\",\"beforeSession\",\"beforeSuite\",\"beforeHook\",\"beforeTest\",\"afterTest\",\"afterHook\",\"afterSuite\",\"afterSession\",\"after\",\"onComplete\",\"beforeAssertion\",\"afterAssertion\",\"beforeFeature\",\"beforeScenario\",\"beforeStep\",\"afterStep\",\"afterScenario\",\"afterFeature\",\"_\",\"suite\",\"$0\",\"ignoredWorkerServices\",\"wdi5\"]"}]}
RESULT: {"script":"<script> [2342 bytes]","args":[{"protocol":"http","hostname":"0.0.0.0","path":"/","capabilities":{"browserName":"chrome","goog:chromeOptions":{"binary":"C:\\Program Files\\Google\\Chrome\\Application\\chrome.exe","args":["--start-maximized"]}},"logLevel":"warn","connectionRetryTimeout":120000,"connectionRetryCount":3,"logLevels":{},"enableDirectConnect":true,"strictSSL":true,"_":"65 more keys: [\"cacheDir\",\"port\",\"requestedCapabilities\",\"automationProtocol\",\"baseUrl\",\"waitforInterval\",\"waitforTimeout\",\"onReload\",\"beforeCommand\",\"afterCommand\",\"rootDir\",\"specs\",\"suites\",\"exclude\",\"groupLogsByTestSpec\",\"excludeDriverLogs\",\"bail\",\"framework\",\"reporters\",\"services\",\"maxInstances\",\"maxInstancesPerCapability\",\"injectGlobals\",\"filesToWatch\",\"execArgv\",\"runnerEnv\",\"runner\",\"shard\",\"specFileRetries\",\"specFileRetriesDelay\",\"specFileRetriesDeferred\",\"reporterSyncInterval\",\"reporterSyncTimeout\",\"cucumberFeaturesWithLineNumbers\",\"autoCompileOpts\",\"mochaOpts\",\"jasmineOpts\",\"cucumberOpts\",\"onPrepare\",\"onWorkerStart\",\"onWorkerEnd\",\"before\",\"beforeSession\",\"beforeSuite\",\"beforeHook\",\"beforeTest\",\"afterTest\",\"afterHook\",\"afterSuite\",\"afterSession\",\"after\",\"onComplete\",\"beforeAssertion\",\"afterAssertion\",\"beforeFeature\",\"beforeScenario\",\"beforeStep\",\"afterStep\",\"afterScenario\",\"afterFeature\",\"_\",\"suite\",\"$0\",\"ignoredWorkerServices\",\"wdi5\"]"}]}
COMMAND: POST /session/98e00ad9af735ef01915863a208aaa77/execute/async - {"script":"<script> [21126 bytes]","args":[35000]}
RESULT: {"script":"<script> [21126 bytes]","args":[35000]}
COMMAND: POST /session/98e00ad9af735ef01915863a208aaa77/element - {"using":"xpath","value":"//li[contains(@title ,\"Exit\")]"}
RESULT: {"using":"xpath","value":"//li[contains(@title ,\"Exit\")]"}
COMMAND: POST /session/98e00ad9af735ef01915863a208aaa77/element/f.A56533DF14A1AA9A63544B9B62196BA5.d.0E1728FF68184630B4EAA8007681B9B5.e.8297/click - {}
RESULT: {}
COMMAND: GET /session/98e00ad9af735ef01915863a208aaa77/screenshot - {}
RESULT: {}
COMMAND: POST /session/98e00ad9af735ef01915863a208aaa77/element - {"using":"css selector","value":"#shell-header-logo"}
RESULT: {"using":"css selector","value":"#shell-header-logo"}
COMMAND: POST /session/98e00ad9af735ef01915863a208aaa77/element/f.A56533DF14A1AA9A63544B9B62196BA5.d.0E1728FF68184630B4EAA8007681B9B5.e.8305/click - {}
RESULT: {}
COMMAND: GET /session/98e00ad9af735ef01915863a208aaa77/screenshot - {}
RESULT: {}
]]></system-out>
    </testcase>
  </testsuite>
  <testsuite timestamp="2025-06-04T06:22:04" time="240.477" tests="1" failures="0" errors="0" skipped="0">
    <properties>
      <property name="specId" value="0" />
      <property name="suiteName" value="Webshop - download csv and pdf - set to proposal and submit a request" />
      <property name="capabilities" value="chrome.136_0_7103_93.windows" />
      <property name="file" value="file:///D:/a/1/s/test/specs/R2C/download-set-to-proposal-and-submit-a-request.spec.js" />
    </properties>
    <testcase classname="chrome.136_0_7103_93.windows.Webshop_-_download_csv_and_pdf_-_set_to_proposal_and_submit_a_request" name="Should create a new webshop request and verify the download proposal submit buttons" time="226.749">
      <system-out><![CDATA[
COMMAND: POST /session/98e00ad9af735ef01915863a208aaa77/execute/async - {"script":"<script> [1562 bytes]","args":[{"selector":{"controlType":"sap.m.GenericTile","properties":{"header":"Webshop"}},"wdio_ui5_key":"sapm.GenericTile{\"header\":\"Webshop\"}"}]}
RESULT: {"script":"<script> [1562 bytes]","args":[{"selector":{"controlType":"sap.m.GenericTile","properties":{"header":"Webshop"}},"wdio_ui5_key":"sapm.GenericTile{\"header\":\"Webshop\"}"}]}
RESULT: undefined
COMMAND: POST /session/98e00ad9af735ef01915863a208aaa77/element - {"using":"xpath","value":"//*[@id=\"__tile49\"]"}
RESULT: {"using":"xpath","value":"//*[@id=\"__tile49\"]"}
COMMAND: POST /session/98e00ad9af735ef01915863a208aaa77/element/f.A56533DF14A1AA9A63544B9B62196BA5.d.0E1728FF68184630B4EAA8007681B9B5.e.8312/click - {}
RESULT: {}
COMMAND: GET /session/98e00ad9af735ef01915863a208aaa77/screenshot - {}
RESULT: {}
COMMAND: POST /session/98e00ad9af735ef01915863a208aaa77/elements - {"using":"xpath","value":"//span[text()='Error']"}
RESULT: {"using":"xpath","value":"//span[text()='Error']"}
COMMAND: POST /session/98e00ad9af735ef01915863a208aaa77/element - {"using":"css selector","value":"#requestCreationDialog--createRequestPopUp-title-inner"}
RESULT: {"using":"css selector","value":"#requestCreationDialog--createRequestPopUp-title-inner"}
COMMAND: POST /session/98e00ad9af735ef01915863a208aaa77/execute/sync - {"script":"<script> [8489 bytes]","args":[{"element-6066-11e4-a52e-4f735466cecf":"f.A56533DF14A1AA9A63544B9B62196BA5.d.0E1728FF68184630B4EAA8007681B9B5.e.8416","ELEMENT":"f.A56533DF14A1AA9A63544B9B62196BA5.d.0E1728FF68184630B4EAA8007681B9B5.e.8416"}]}
RESULT: {"script":"<script> [8489 bytes]","args":[{"element-6066-11e4-a52e-4f735466cecf":"f.A56533DF14A1AA9A63544B9B62196BA5.d.0E1728FF68184630B4EAA8007681B9B5.e.8416","ELEMENT":"f.A56533DF14A1AA9A63544B9B62196BA5.d.0E1728FF68184630B4EAA8007681B9B5.e.8416"}]}
COMMAND: GET /session/98e00ad9af735ef01915863a208aaa77/element/f.A56533DF14A1AA9A63544B9B62196BA5.d.0E1728FF68184630B4EAA8007681B9B5.e.8416/enabled - {}
COMMAND: GET /session/98e00ad9af735ef01915863a208aaa77/screenshot - {}
RESULT: {}
COMMAND: POST /session/98e00ad9af735ef01915863a208aaa77/execute/async - {"script":"<script> [1562 bytes]","args":[{"selector":{"id":"requestCreationDialog--requestName","searchOpenDialogs":true,"interaction":{"idSuffix":"inner"}},"wdio_ui5_key":"requestCreationDialogrequestName"}]}
COMMAND: GET /session/98e00ad9af735ef01915863a208aaa77/screenshot - {}
RESULT: {}
RESULT: {"script":"<script> [1562 bytes]","args":[{"selector":{"id":"requestCreationDialog--requestName","searchOpenDialogs":true,"interaction":{"idSuffix":"inner"}},"wdio_ui5_key":"requestCreationDialogrequestName"}]}
RESULT: undefined
COMMAND: POST /session/98e00ad9af735ef01915863a208aaa77/execute/async - {"script":"<script> [776 bytes]","args":[{"enterText":"WebdriverTest","selector":{"id":"requestCreationDialog--requestName","searchOpenDialogs":true,"interaction":{"idSuffix":"inner"}},"clearTextFirst":true,"interactionType":"ENTER_TEXT"}]}
RESULT: {}
RESULT: {"script":"<script> [776 bytes]","args":[{"enterText":"WebdriverTest","selector":{"id":"requestCreationDialog--requestName","searchOpenDialogs":true,"interaction":{"idSuffix":"inner"}},"clearTextFirst":true,"interactionType":"ENTER_TEXT"}]}
COMMAND: POST /session/98e00ad9af735ef01915863a208aaa77/element - {"using":"xpath","value":"//input[contains(@id ,\"requestCreationDialog--contract-inner\")]"}
RESULT: {"using":"xpath","value":"//input[contains(@id ,\"requestCreationDialog--contract-inner\")]"}
COMMAND: POST /session/98e00ad9af735ef01915863a208aaa77/element/f.A56533DF14A1AA9A63544B9B62196BA5.d.0E1728FF68184630B4EAA8007681B9B5.e.8402/clear - {}
RESULT: {}
COMMAND: POST /session/98e00ad9af735ef01915863a208aaa77/element/f.A56533DF14A1AA9A63544B9B62196BA5.d.0E1728FF68184630B4EAA8007681B9B5.e.8402/value - {"text":"10448"}
COMMAND: GET /session/98e00ad9af735ef01915863a208aaa77/screenshot - {}
RESULT: {"text":"10448"}
COMMAND: GET /session/98e00ad9af735ef01915863a208aaa77/screenshot - {}
RESULT: {}
RESULT: {}
COMMAND: POST /session/98e00ad9af735ef01915863a208aaa77/actions - {"actions":[{"id":"action25","type":"key","parameters":{},"actions":[{"type":"keyDown","value":"î€‡"},{"type":"pause","duration":10},{"type":"keyUp","value":"î€‡"}]}]}
RESULT: {"actions":[{"id":"action25","type":"key","parameters":{},"actions":[{"type":"keyDown","value":"î€‡"},{"type":"pause","duration":10},{"type":"keyUp","value":"î€‡"}]}]}
COMMAND: GET /session/98e00ad9af735ef01915863a208aaa77/screenshot - {}
RESULT: {}
COMMAND: POST /session/98e00ad9af735ef01915863a208aaa77/element - {"using":"xpath","value":"//input[contains(@id ,\"requestCreationDialog--contract-inner\")]"}
RESULT: {"using":"xpath","value":"//input[contains(@id ,\"requestCreationDialog--contract-inner\")]"}
COMMAND: GET /session/98e00ad9af735ef01915863a208aaa77/element/f.A56533DF14A1AA9A63544B9B62196BA5.d.0E1728FF68184630B4EAA8007681B9B5.e.8402/property/value - {}
RESULT: {}
COMMAND: POST /session/98e00ad9af735ef01915863a208aaa77/element - {"using":"xpath","value":"//input[contains(@id ,\"requestCreationDialog--contract-inner\")]"}
COMMAND: GET /session/98e00ad9af735ef01915863a208aaa77/screenshot - {}
RESULT: {"using":"xpath","value":"//input[contains(@id ,\"requestCreationDialog--contract-inner\")]"}
COMMAND: POST /session/98e00ad9af735ef01915863a208aaa77/execute/async - {"script":"<script> [1562 bytes]","args":[{"selector":{"id":"requestCreationDialog--okButton","searchOpenDialogs":true,"interaction":{"idSuffix":"BDI-content"}},"wdio_ui5_key":"requestCreationDialogokButton"}]}
RESULT: {}
RESULT: {"script":"<script> [1562 bytes]","args":[{"selector":{"id":"requestCreationDialog--okButton","searchOpenDialogs":true,"interaction":{"idSuffix":"BDI-content"}},"wdio_ui5_key":"requestCreationDialogokButton"}]}
RESULT: undefined
COMMAND: POST /session/98e00ad9af735ef01915863a208aaa77/element - {"using":"xpath","value":"//*[@id=\"requestCreationDialog--okButton\"]"}
RESULT: {"using":"xpath","value":"//*[@id=\"requestCreationDialog--okButton\"]"}
COMMAND: POST /session/98e00ad9af735ef01915863a208aaa77/element/f.A56533DF14A1AA9A63544B9B62196BA5.d.0E1728FF68184630B4EAA8007681B9B5.e.8424/click - {}
RESULT: {}
COMMAND: GET /session/98e00ad9af735ef01915863a208aaa77/screenshot - {}
RESULT: {}
COMMAND: POST /session/98e00ad9af735ef01915863a208aaa77/element - {"using":"xpath","value":"//input[contains(@id ,\"searchFiledId-I\")]"}
RESULT: {"using":"xpath","value":"//input[contains(@id ,\"searchFiledId-I\")]"}
COMMAND: POST /session/98e00ad9af735ef01915863a208aaa77/element/f.A56533DF14A1AA9A63544B9B62196BA5.d.0E1728FF68184630B4EAA8007681B9B5.e.8314/value - {"text":"Dri-Prime CD150M Diesel Pump"}
RESULT: {"text":"Dri-Prime CD150M Diesel Pump"}
COMMAND: POST /session/98e00ad9af735ef01915863a208aaa77/actions - {"actions":[{"id":"action26","type":"key","parameters":{},"actions":[{"type":"keyDown","value":"î€‡"},{"type":"pause","duration":10},{"type":"keyUp","value":"î€‡"}]}]}
COMMAND: GET /session/98e00ad9af735ef01915863a208aaa77/screenshot - {}
RESULT: {"actions":[{"id":"action26","type":"key","parameters":{},"actions":[{"type":"keyDown","value":"î€‡"},{"type":"pause","duration":10},{"type":"keyUp","value":"î€‡"}]}]}
COMMAND: GET /session/98e00ad9af735ef01915863a208aaa77/screenshot - {}
RESULT: {}
RESULT: {}
COMMAND: POST /session/98e00ad9af735ef01915863a208aaa77/element - {"using":"xpath","value":"//span[contains(@id ,\"subTitle\")][contains(text(), \"Dri-Prime CD150M Diesel Pump\")]"}
RESULT: {"using":"xpath","value":"//span[contains(@id ,\"subTitle\")][contains(text(), \"Dri-Prime CD150M Diesel Pump\")]"}
COMMAND: POST /session/98e00ad9af735ef01915863a208aaa77/element/f.A56533DF14A1AA9A63544B9B62196BA5.d.0E1728FF68184630B4EAA8007681B9B5.e.8431/click - {}
RESULT: {}
COMMAND: GET /session/98e00ad9af735ef01915863a208aaa77/screenshot - {}
RESULT: {}
COMMAND: POST /session/98e00ad9af735ef01915863a208aaa77/execute/async - {"script":"<script> [1562 bytes]","args":[{"selector":{"controlType":"sap.m.Button","viewName":"etm.portal.ui.webshop.view.Homepage","i18NText":{"propertyName":"text","key":"addToRequest"},"interaction":{"idSuffix":"BDI-content"}},"wdio_ui5_key":"etmportal.ui.webshop.view.Homepagesap.m.Button{\"propertyName\":\"text\",\"key\":\"addToRequest\"}"}]}
RESULT: {"script":"<script> [1562 bytes]","args":[{"selector":{"controlType":"sap.m.Button","viewName":"etm.portal.ui.webshop.view.Homepage","i18NText":{"propertyName":"text","key":"addToRequest"},"interaction":{"idSuffix":"BDI-content"}},"wdio_ui5_key":"etmportal.ui.webshop.view.Homepagesap.m.Button{\"propertyName\":\"text\",\"key\":\"addToRequest\"}"}]}
RESULT: undefined
COMMAND: POST /session/98e00ad9af735ef01915863a208aaa77/element - {"using":"xpath","value":"//*[@id=\"__button13\"]"}
RESULT: {"using":"xpath","value":"//*[@id=\"__button13\"]"}
COMMAND: POST /session/98e00ad9af735ef01915863a208aaa77/element/f.A56533DF14A1AA9A63544B9B62196BA5.d.0E1728FF68184630B4EAA8007681B9B5.e.8442/click - {}
RESULT: {}
COMMAND: GET /session/98e00ad9af735ef01915863a208aaa77/screenshot - {}
RESULT: {}
COMMAND: POST /session/98e00ad9af735ef01915863a208aaa77/element - {"using":"xpath","value":"//*[contains(@id ,\"activeCartId-BDI-content\")]"}
RESULT: {"using":"xpath","value":"//*[contains(@id ,\"activeCartId-BDI-content\")]"}
COMMAND: POST /session/98e00ad9af735ef01915863a208aaa77/element/f.A56533DF14A1AA9A63544B9B62196BA5.d.0E1728FF68184630B4EAA8007681B9B5.e.8446/click - {}
RESULT: {}
COMMAND: GET /session/98e00ad9af735ef01915863a208aaa77/screenshot - {}
RESULT: {}
COMMAND: POST /session/98e00ad9af735ef01915863a208aaa77/element - {"using":"xpath","value":"//bdi[contains(text(), \"Check out my request\")]"}
RESULT: {"using":"xpath","value":"//bdi[contains(text(), \"Check out my request\")]"}
COMMAND: POST /session/98e00ad9af735ef01915863a208aaa77/element/f.A56533DF14A1AA9A63544B9B62196BA5.d.0E1728FF68184630B4EAA8007681B9B5.e.8448/click - {}
RESULT: {}
COMMAND: GET /session/98e00ad9af735ef01915863a208aaa77/screenshot - {}
RESULT: {}
COMMAND: POST /session/98e00ad9af735ef01915863a208aaa77/element - {"using":"xpath","value":"(//header/div[1]/div[3]/div/span)[1]"}
RESULT: {"using":"xpath","value":"(//header/div[1]/div[3]/div/span)[1]"}
COMMAND: POST /session/98e00ad9af735ef01915863a208aaa77/execute/sync - {"script":"<script> [149 bytes]","args":[{"element-6066-11e4-a52e-4f735466cecf":"f.A56533DF14A1AA9A63544B9B62196BA5.d.0E1728FF68184630B4EAA8007681B9B5.e.8502","ELEMENT":"f.A56533DF14A1AA9A63544B9B62196BA5.d.0E1728FF68184630B4EAA8007681B9B5.e.8502"},false]}
RESULT: {"script":"<script> [149 bytes]","args":[{"element-6066-11e4-a52e-4f735466cecf":"f.A56533DF14A1AA9A63544B9B62196BA5.d.0E1728FF68184630B4EAA8007681B9B5.e.8502","ELEMENT":"f.A56533DF14A1AA9A63544B9B62196BA5.d.0E1728FF68184630B4EAA8007681B9B5.e.8502"},false]}
COMMAND: POST /session/98e00ad9af735ef01915863a208aaa77/element - {"using":"xpath","value":"(//div[contains(@data-kt ,\"characteristicsObjectStatus\")])[1]"}
COMMAND: GET /session/98e00ad9af735ef01915863a208aaa77/screenshot - {}
RESULT: {"using":"xpath","value":"(//div[contains(@data-kt ,\"characteristicsObjectStatus\")])[1]"}
COMMAND: POST /session/98e00ad9af735ef01915863a208aaa77/element/f.A56533DF14A1AA9A63544B9B62196BA5.d.0E1728FF68184630B4EAA8007681B9B5.e.8503/click - {}
RESULT: {}
RESULT: {}
COMMAND: GET /session/98e00ad9af735ef01915863a208aaa77/screenshot - {}
RESULT: {}
COMMAND: POST /session/98e00ad9af735ef01915863a208aaa77/element - {"using":"xpath","value":"//input[contains(@id ,\"costObjectAdminTypeComboBox-inner\")]"}
RESULT: {"using":"xpath","value":"//input[contains(@id ,\"costObjectAdminTypeComboBox-inner\")]"}
COMMAND: POST /session/98e00ad9af735ef01915863a208aaa77/element/f.A56533DF14A1AA9A63544B9B62196BA5.d.0E1728FF68184630B4EAA8007681B9B5.e.8505/clear - {}
RESULT: {}
COMMAND: POST /session/98e00ad9af735ef01915863a208aaa77/element/f.A56533DF14A1AA9A63544B9B62196BA5.d.0E1728FF68184630B4EAA8007681B9B5.e.8505/value - {"text":"Cost Center"}
COMMAND: GET /session/98e00ad9af735ef01915863a208aaa77/screenshot - {}
RESULT: {"text":"Cost Center"}
COMMAND: GET /session/98e00ad9af735ef01915863a208aaa77/screenshot - {}
RESULT: {}
RESULT: {}
COMMAND: POST /session/98e00ad9af735ef01915863a208aaa77/actions - {"actions":[{"id":"action27","type":"key","parameters":{},"actions":[{"type":"keyDown","value":"î€‡"},{"type":"pause","duration":10},{"type":"keyUp","value":"î€‡"}]}]}
RESULT: {"actions":[{"id":"action27","type":"key","parameters":{},"actions":[{"type":"keyDown","value":"î€‡"},{"type":"pause","duration":10},{"type":"keyUp","value":"î€‡"}]}]}
COMMAND: GET /session/98e00ad9af735ef01915863a208aaa77/screenshot - {}
RESULT: {}
COMMAND: POST /session/98e00ad9af735ef01915863a208aaa77/element - {"using":"xpath","value":"//input[contains(@id ,\"costObjectIdComboBox-inner\")]"}
RESULT: {"using":"xpath","value":"//input[contains(@id ,\"costObjectIdComboBox-inner\")]"}
COMMAND: POST /session/98e00ad9af735ef01915863a208aaa77/element/f.A56533DF14A1AA9A63544B9B62196BA5.d.0E1728FF68184630B4EAA8007681B9B5.e.8515/clear - {}
RESULT: {}
COMMAND: POST /session/98e00ad9af735ef01915863a208aaa77/element/f.A56533DF14A1AA9A63544B9B62196BA5.d.0E1728FF68184630B4EAA8007681B9B5.e.8515/value - {"text":"Vigra"}
COMMAND: GET /session/98e00ad9af735ef01915863a208aaa77/screenshot - {}
RESULT: {"text":"Vigra"}
COMMAND: GET /session/98e00ad9af735ef01915863a208aaa77/screenshot - {}
RESULT: {}
RESULT: {}
COMMAND: POST /session/98e00ad9af735ef01915863a208aaa77/actions - {"actions":[{"id":"action28","type":"key","parameters":{},"actions":[{"type":"keyDown","value":"î€‡"},{"type":"pause","duration":10},{"type":"keyUp","value":"î€‡"}]}]}
RESULT: {"actions":[{"id":"action28","type":"key","parameters":{},"actions":[{"type":"keyDown","value":"î€‡"},{"type":"pause","duration":10},{"type":"keyUp","value":"î€‡"}]}]}
COMMAND: GET /session/98e00ad9af735ef01915863a208aaa77/screenshot - {}
RESULT: {}
COMMAND: POST /session/98e00ad9af735ef01915863a208aaa77/element - {"using":"xpath","value":"//bdi[contains(text(), \"Save\")]"}
RESULT: {"using":"xpath","value":"//bdi[contains(text(), \"Save\")]"}
COMMAND: POST /session/98e00ad9af735ef01915863a208aaa77/element/f.A56533DF14A1AA9A63544B9B62196BA5.d.0E1728FF68184630B4EAA8007681B9B5.e.8520/click - {}
RESULT: {}
COMMAND: GET /session/98e00ad9af735ef01915863a208aaa77/screenshot - {}
RESULT: {}
COMMAND: POST /session/98e00ad9af735ef01915863a208aaa77/execute/async - {"script":"<script> [1562 bytes]","args":[{"selector":{"controlType":"sap.ui.core.Icon","viewName":"etm.portal.ui.webshop.view.RequestDetail","properties":{"src":{"regex":{"source":"slim\\-arrow\\-down"}}},"ancestor":{"controlType":"sap.m.SplitButton","viewName":"etm.portal.ui.webshop.view.RequestDetail","properties":{"text":"Download"}}},"wdio_ui5_key":"etmportal.ui.webshop.view.RequestDetailsap.ui.core.Icon{\"src\":{\"regex\":{\"source\":\"slim\\\\-arrow\\\\-down\"}}}{\"controlType\":\"sap.m.SplitButton\",\"viewName\":\"etm.portal.ui.webshop.view.RequestDetail\",\"properties\":{\"text\":\"Download\"}}"}]}
RESULT: {"script":"<script> [1562 bytes]","args":[{"selector":{"controlType":"sap.ui.core.Icon","viewName":"etm.portal.ui.webshop.view.RequestDetail","properties":{"src":{"regex":{"source":"slim\\-arrow\\-down"}}},"ancestor":{"controlType":"sap.m.SplitButton","viewName":"etm.portal.ui.webshop.view.RequestDetail","properties":{"text":"Download"}}},"wdio_ui5_key":"etmportal.ui.webshop.view.RequestDetailsap.ui.core.Icon{\"src\":{\"regex\":{\"source\":\"slim\\\\-arrow\\\\-down\"}}}{\"controlType\":\"sap.m.SplitButton\",\"viewName\":\"etm.portal.ui.webshop.view.RequestDetail\",\"properties\":{\"text\":\"Download\"}}"}]}
RESULT: undefined
COMMAND: POST /session/98e00ad9af735ef01915863a208aaa77/element - {"using":"xpath","value":"//*[@id=\"__button18-internalSplitBtn-arrowButton-img\"]"}
RESULT: {"using":"xpath","value":"//*[@id=\"__button18-internalSplitBtn-arrowButton-img\"]"}
COMMAND: POST /session/98e00ad9af735ef01915863a208aaa77/element/f.A56533DF14A1AA9A63544B9B62196BA5.d.0E1728FF68184630B4EAA8007681B9B5.e.8531/click - {}
RESULT: {}
COMMAND: GET /session/98e00ad9af735ef01915863a208aaa77/screenshot - {}
RESULT: {}
COMMAND: POST /session/98e00ad9af735ef01915863a208aaa77/actions - {"actions":[{"id":"action29","type":"key","parameters":{},"actions":[{"type":"keyDown","value":"î€‡"},{"type":"pause","duration":10},{"type":"keyUp","value":"î€‡"}]}]}
RESULT: {"actions":[{"id":"action29","type":"key","parameters":{},"actions":[{"type":"keyDown","value":"î€‡"},{"type":"pause","duration":10},{"type":"keyUp","value":"î€‡"}]}]}
COMMAND: GET /session/98e00ad9af735ef01915863a208aaa77/screenshot - {}
RESULT: {}
COMMAND: GET /session/98e00ad9af735ef01915863a208aaa77/window/handles - {}
RESULT: {}
COMMAND: POST /session/98e00ad9af735ef01915863a208aaa77/window - {"handle":"8AAE0680435B990345F0363C080C0EB2"}
RESULT: {"handle":"8AAE0680435B990345F0363C080C0EB2"}
COMMAND: GET /session/98e00ad9af735ef01915863a208aaa77/url - {}
RESULT: {}
COMMAND: GET /session/98e00ad9af735ef01915863a208aaa77/screenshot - {}
RESULT: {}
COMMAND: DELETE /session/98e00ad9af735ef01915863a208aaa77/window - {}
RESULT: {}
COMMAND: POST /session/98e00ad9af735ef01915863a208aaa77/window - {"handle":"A56533DF14A1AA9A63544B9B62196BA5"}
RESULT: {"handle":"A56533DF14A1AA9A63544B9B62196BA5"}
COMMAND: GET /session/98e00ad9af735ef01915863a208aaa77/url - {}
RESULT: {}
COMMAND: GET /session/98e00ad9af735ef01915863a208aaa77/screenshot - {}
RESULT: {}
COMMAND: POST /session/98e00ad9af735ef01915863a208aaa77/element - {"using":"xpath","value":"(//span[contains(@id ,\"internalSplitBtn-arrowButton-img\")])[1]"}
RESULT: {"using":"xpath","value":"(//span[contains(@id ,\"internalSplitBtn-arrowButton-img\")])[1]"}
COMMAND: POST /session/98e00ad9af735ef01915863a208aaa77/element/f.A56533DF14A1AA9A63544B9B62196BA5.d.0E1728FF68184630B4EAA8007681B9B5.e.8531/click - {}
RESULT: {}
COMMAND: GET /session/98e00ad9af735ef01915863a208aaa77/screenshot - {}
RESULT: {}
COMMAND: POST /session/98e00ad9af735ef01915863a208aaa77/actions - {"actions":[{"id":"action30","type":"key","parameters":{},"actions":[{"type":"keyDown","value":"î€•"},{"type":"pause","duration":10},{"type":"keyUp","value":"î€•"}]}]}
RESULT: {"actions":[{"id":"action30","type":"key","parameters":{},"actions":[{"type":"keyDown","value":"î€•"},{"type":"pause","duration":10},{"type":"keyUp","value":"î€•"}]}]}
COMMAND: POST /session/98e00ad9af735ef01915863a208aaa77/actions - {"actions":[{"id":"action31","type":"key","parameters":{},"actions":[{"type":"keyDown","value":"î€‡"},{"type":"pause","duration":10},{"type":"keyUp","value":"î€‡"}]}]}
COMMAND: GET /session/98e00ad9af735ef01915863a208aaa77/screenshot - {}
RESULT: {"actions":[{"id":"action31","type":"key","parameters":{},"actions":[{"type":"keyDown","value":"î€‡"},{"type":"pause","duration":10},{"type":"keyUp","value":"î€‡"}]}]}
COMMAND: GET /session/98e00ad9af735ef01915863a208aaa77/screenshot - {}
RESULT: {}
RESULT: {}
COMMAND: GET /session/98e00ad9af735ef01915863a208aaa77/window/handles - {}
RESULT: {}
COMMAND: POST /session/98e00ad9af735ef01915863a208aaa77/window - {"handle":"D723B4B6FBE10BB92083F089FE586799"}
RESULT: {"handle":"D723B4B6FBE10BB92083F089FE586799"}
COMMAND: GET /session/98e00ad9af735ef01915863a208aaa77/url - {}
RESULT: {}
COMMAND: GET /session/98e00ad9af735ef01915863a208aaa77/screenshot - {}
RESULT: {}
COMMAND: DELETE /session/98e00ad9af735ef01915863a208aaa77/window - {}
RESULT: {}
COMMAND: POST /session/98e00ad9af735ef01915863a208aaa77/window - {"handle":"A56533DF14A1AA9A63544B9B62196BA5"}
RESULT: {"handle":"A56533DF14A1AA9A63544B9B62196BA5"}
COMMAND: GET /session/98e00ad9af735ef01915863a208aaa77/url - {}
RESULT: {}
COMMAND: GET /session/98e00ad9af735ef01915863a208aaa77/screenshot - {}
RESULT: {}
COMMAND: POST /session/98e00ad9af735ef01915863a208aaa77/execute/async - {"script":"<script> [1562 bytes]","args":[{"selector":{"controlType":"sap.ui.core.Icon","viewName":"etm.portal.ui.webshop.view.RequestDetail","properties":{"src":{"regex":{"source":"slim\\-arrow\\-down"}}},"ancestor":{"controlType":"sap.m.SplitButton","viewName":"etm.portal.ui.webshop.view.RequestDetail","properties":{"text":"Actions"}}},"wdio_ui5_key":"etmportal.ui.webshop.view.RequestDetailsap.ui.core.Icon{\"src\":{\"regex\":{\"source\":\"slim\\\\-arrow\\\\-down\"}}}{\"controlType\":\"sap.m.SplitButton\",\"viewName\":\"etm.portal.ui.webshop.view.RequestDetail\",\"properties\":{\"text\":\"Actions\"}}"}]}
RESULT: {"script":"<script> [1562 bytes]","args":[{"selector":{"controlType":"sap.ui.core.Icon","viewName":"etm.portal.ui.webshop.view.RequestDetail","properties":{"src":{"regex":{"source":"slim\\-arrow\\-down"}}},"ancestor":{"controlType":"sap.m.SplitButton","viewName":"etm.portal.ui.webshop.view.RequestDetail","properties":{"text":"Actions"}}},"wdio_ui5_key":"etmportal.ui.webshop.view.RequestDetailsap.ui.core.Icon{\"src\":{\"regex\":{\"source\":\"slim\\\\-arrow\\\\-down\"}}}{\"controlType\":\"sap.m.SplitButton\",\"viewName\":\"etm.portal.ui.webshop.view.RequestDetail\",\"properties\":{\"text\":\"Actions\"}}"}]}
RESULT: undefined
COMMAND: POST /session/98e00ad9af735ef01915863a208aaa77/element - {"using":"xpath","value":"//*[@id=\"__xmlview60--actionsMenuButton-internalSplitBtn-arrowButton-img\"]"}
RESULT: {"using":"xpath","value":"//*[@id=\"__xmlview60--actionsMenuButton-internalSplitBtn-arrowButton-img\"]"}
COMMAND: POST /session/98e00ad9af735ef01915863a208aaa77/element/f.A56533DF14A1AA9A63544B9B62196BA5.d.0E1728FF68184630B4EAA8007681B9B5.e.8537/click - {}
RESULT: {}
COMMAND: GET /session/98e00ad9af735ef01915863a208aaa77/screenshot - {}
RESULT: {}
COMMAND: POST /session/98e00ad9af735ef01915863a208aaa77/actions - {"actions":[{"id":"action32","type":"key","parameters":{},"actions":[{"type":"keyDown","value":"î€‡"},{"type":"pause","duration":10},{"type":"keyUp","value":"î€‡"}]}]}
RESULT: {"actions":[{"id":"action32","type":"key","parameters":{},"actions":[{"type":"keyDown","value":"î€‡"},{"type":"pause","duration":10},{"type":"keyUp","value":"î€‡"}]}]}
COMMAND: POST /session/98e00ad9af735ef01915863a208aaa77/element - {"using":"xpath","value":"//div[contains(@class ,\"sapMMessageToast sapUiSelectable sapContrast sapContrastPlus\")]"}
COMMAND: GET /session/98e00ad9af735ef01915863a208aaa77/screenshot - {}
RESULT: {"using":"xpath","value":"//div[contains(@class ,\"sapMMessageToast sapUiSelectable sapContrast sapContrastPlus\")]"}
COMMAND: POST /session/98e00ad9af735ef01915863a208aaa77/element - {"using":"xpath","value":"//div[contains(@class ,\"sapMMessageToast sapUiSelectable sapContrast sapContrastPlus\")]"}
RESULT: {}
RESULT: {"using":"xpath","value":"//div[contains(@class ,\"sapMMessageToast sapUiSelectable sapContrast sapContrastPlus\")]"}
COMMAND: POST /session/98e00ad9af735ef01915863a208aaa77/execute/sync - {"script":"<script> [8489 bytes]","args":[{"element-6066-11e4-a52e-4f735466cecf":"f.A56533DF14A1AA9A63544B9B62196BA5.d.0E1728FF68184630B4EAA8007681B9B5.e.8543","ELEMENT":"f.A56533DF14A1AA9A63544B9B62196BA5.d.0E1728FF68184630B4EAA8007681B9B5.e.8543"}]}
RESULT: {"script":"<script> [8489 bytes]","args":[{"element-6066-11e4-a52e-4f735466cecf":"f.A56533DF14A1AA9A63544B9B62196BA5.d.0E1728FF68184630B4EAA8007681B9B5.e.8543","ELEMENT":"f.A56533DF14A1AA9A63544B9B62196BA5.d.0E1728FF68184630B4EAA8007681B9B5.e.8543"}]}
COMMAND: GET /session/98e00ad9af735ef01915863a208aaa77/element/f.A56533DF14A1AA9A63544B9B62196BA5.d.0E1728FF68184630B4EAA8007681B9B5.e.8543/text - {}
COMMAND: GET /session/98e00ad9af735ef01915863a208aaa77/screenshot - {}
RESULT: {}
RESULT: {}
COMMAND: POST /session/98e00ad9af735ef01915863a208aaa77/execute/async - {"script":"<script> [1562 bytes]","args":[{"selector":{"controlType":"sap.m.ObjectStatus","viewName":"etm.portal.ui.webshop.view.RequestDetail","bindingPath":{"path":"/RequestHeaders(NO='20244')","propertyPath":"LINK_TO_STATUS/DESCRIPTION","modelName":"catalogModel"}},"wdio_ui5_key":"etmportal.ui.webshop.view.RequestDetailsap.m.ObjectStatus{\"path\":\"/RequestHeaders(NO='20244')\",\"propertyPath\":\"LINK_TO_STATUS/DESCRIPTION\",\"modelName\":\"catalogModel\"}"}]}
RESULT: {"script":"<script> [1562 bytes]","args":[{"selector":{"controlType":"sap.m.ObjectStatus","viewName":"etm.portal.ui.webshop.view.RequestDetail","bindingPath":{"path":"/RequestHeaders(NO='20244')","propertyPath":"LINK_TO_STATUS/DESCRIPTION","modelName":"catalogModel"}},"wdio_ui5_key":"etmportal.ui.webshop.view.RequestDetailsap.m.ObjectStatus{\"path\":\"/RequestHeaders(NO='20244')\",\"propertyPath\":\"LINK_TO_STATUS/DESCRIPTION\",\"modelName\":\"catalogModel\"}"}]}
RESULT: undefined
COMMAND: POST /session/98e00ad9af735ef01915863a208aaa77/execute/async - {"script":"<script> [6424 bytes]","args":[{"element-6066-11e4-a52e-4f735466cecf":"f.A56533DF14A1AA9A63544B9B62196BA5.d.0E1728FF68184630B4EAA8007681B9B5.e.8571"},"getText",[]]}
RESULT: {"script":"<script> [6424 bytes]","args":[{"element-6066-11e4-a52e-4f735466cecf":"f.A56533DF14A1AA9A63544B9B62196BA5.d.0E1728FF68184630B4EAA8007681B9B5.e.8571"},"getText",[]]}
COMMAND: POST /session/98e00ad9af735ef01915863a208aaa77/element - {"using":"xpath","value":"(//span[contains(@id ,\"internalSplitBtn-arrowButton-img\")])[1]"}
RESULT: {"using":"xpath","value":"(//span[contains(@id ,\"internalSplitBtn-arrowButton-img\")])[1]"}
COMMAND: POST /session/98e00ad9af735ef01915863a208aaa77/element/f.A56533DF14A1AA9A63544B9B62196BA5.d.0E1728FF68184630B4EAA8007681B9B5.e.8567/click - {}
RESULT: {}
COMMAND: GET /session/98e00ad9af735ef01915863a208aaa77/screenshot - {}
RESULT: {}
COMMAND: POST /session/98e00ad9af735ef01915863a208aaa77/actions - {"actions":[{"id":"action33","type":"key","parameters":{},"actions":[{"type":"keyDown","value":"î€‡"},{"type":"pause","duration":10},{"type":"keyUp","value":"î€‡"}]}]}
RESULT: {"actions":[{"id":"action33","type":"key","parameters":{},"actions":[{"type":"keyDown","value":"î€‡"},{"type":"pause","duration":10},{"type":"keyUp","value":"î€‡"}]}]}
COMMAND: GET /session/98e00ad9af735ef01915863a208aaa77/screenshot - {}
RESULT: {}
COMMAND: POST /session/98e00ad9af735ef01915863a208aaa77/element - {"using":"xpath","value":"//input[contains(@id ,\"smartFilterBar-btnBasicSearch-I\")]"}
RESULT: {"using":"xpath","value":"//input[contains(@id ,\"smartFilterBar-btnBasicSearch-I\")]"}
COMMAND: POST /session/98e00ad9af735ef01915863a208aaa77/element/f.A56533DF14A1AA9A63544B9B62196BA5.d.0E1728FF68184630B4EAA8007681B9B5.e.8576/clear - {}
RESULT: {}
COMMAND: POST /session/98e00ad9af735ef01915863a208aaa77/element/f.A56533DF14A1AA9A63544B9B62196BA5.d.0E1728FF68184630B4EAA8007681B9B5.e.8576/value - {"text":"20244"}
COMMAND: GET /session/98e00ad9af735ef01915863a208aaa77/screenshot - {}
RESULT: {"text":"20244"}
COMMAND: GET /session/98e00ad9af735ef01915863a208aaa77/screenshot - {}
RESULT: {}
RESULT: {}
COMMAND: POST /session/98e00ad9af735ef01915863a208aaa77/actions - {"actions":[{"id":"action34","type":"key","parameters":{},"actions":[{"type":"keyDown","value":"î€‡"},{"type":"pause","duration":10},{"type":"keyUp","value":"î€‡"}]}]}
RESULT: {"actions":[{"id":"action34","type":"key","parameters":{},"actions":[{"type":"keyDown","value":"î€‡"},{"type":"pause","duration":10},{"type":"keyUp","value":"î€‡"}]}]}
COMMAND: GET /session/98e00ad9af735ef01915863a208aaa77/screenshot - {}
RESULT: {}
COMMAND: POST /session/98e00ad9af735ef01915863a208aaa77/execute/async - {"script":"<script> [1562 bytes]","args":[{"selector":{"controlType":"sap.m.ObjectStatus","viewName":"etm.portal.ui.webshop.view.RequestMaster","bindingPath":{"path":"/SmartWebshopRequests('20244')","propertyPath":"STATUS_DESCRIPTION"}},"wdio_ui5_key":"etmportal.ui.webshop.view.RequestMastersap.m.ObjectStatus{\"path\":\"/SmartWebshopRequests('20244')\",\"propertyPath\":\"STATUS_DESCRIPTION\"}"}]}
RESULT: {"script":"<script> [1562 bytes]","args":[{"selector":{"controlType":"sap.m.ObjectStatus","viewName":"etm.portal.ui.webshop.view.RequestMaster","bindingPath":{"path":"/SmartWebshopRequests('20244')","propertyPath":"STATUS_DESCRIPTION"}},"wdio_ui5_key":"etmportal.ui.webshop.view.RequestMastersap.m.ObjectStatus{\"path\":\"/SmartWebshopRequests('20244')\",\"propertyPath\":\"STATUS_DESCRIPTION\"}"}]}
RESULT: undefined
COMMAND: POST /session/98e00ad9af735ef01915863a208aaa77/execute/async - {"script":"<script> [6424 bytes]","args":[{"element-6066-11e4-a52e-4f735466cecf":"f.A56533DF14A1AA9A63544B9B62196BA5.d.0E1728FF68184630B4EAA8007681B9B5.e.8680"},"getText",[]]}
RESULT: {"script":"<script> [6424 bytes]","args":[{"element-6066-11e4-a52e-4f735466cecf":"f.A56533DF14A1AA9A63544B9B62196BA5.d.0E1728FF68184630B4EAA8007681B9B5.e.8680"},"getText",[]]}
COMMAND: POST /session/98e00ad9af735ef01915863a208aaa77/refresh - {}
RESULT: {}
COMMAND: GET /session/98e00ad9af735ef01915863a208aaa77/screenshot - {}
RESULT: {}
COMMAND: POST /session/98e00ad9af735ef01915863a208aaa77/execute/async - {"script":"<script> [189 bytes]","args":[]}
RESULT: {"script":"<script> [189 bytes]","args":[]}
COMMAND: POST /session/98e00ad9af735ef01915863a208aaa77/execute/async - {"script":"<script> [123 bytes]","args":[]}
RESULT: {"script":"<script> [123 bytes]","args":[]}
COMMAND: POST /session/98e00ad9af735ef01915863a208aaa77/timeouts - {"script":"<number>"}
RESULT: {"script":"<number>"}
COMMAND: GET /session/98e00ad9af735ef01915863a208aaa77/timeouts - {}
RESULT: {}
RESULT: undefined
COMMAND: POST /session/98e00ad9af735ef01915863a208aaa77/execute/async - {"script":"<script> [2676 bytes]","args":[]}
RESULT: {"script":"<script> [2676 bytes]","args":[]}
COMMAND: POST /session/98e00ad9af735ef01915863a208aaa77/execute/async - {"script":"<script> [2342 bytes]","args":[{"protocol":"http","hostname":"0.0.0.0","path":"/","capabilities":{"browserName":"chrome","goog:chromeOptions":{"binary":"C:\\Program Files\\Google\\Chrome\\Application\\chrome.exe","args":["--start-maximized"]}},"logLevel":"warn","connectionRetryTimeout":120000,"connectionRetryCount":3,"logLevels":{},"enableDirectConnect":true,"strictSSL":true,"_":"65 more keys: [\"cacheDir\",\"port\",\"requestedCapabilities\",\"automationProtocol\",\"baseUrl\",\"waitforInterval\",\"waitforTimeout\",\"onReload\",\"beforeCommand\",\"afterCommand\",\"rootDir\",\"specs\",\"suites\",\"exclude\",\"groupLogsByTestSpec\",\"excludeDriverLogs\",\"bail\",\"framework\",\"reporters\",\"services\",\"maxInstances\",\"maxInstancesPerCapability\",\"injectGlobals\",\"filesToWatch\",\"execArgv\",\"runnerEnv\",\"runner\",\"shard\",\"specFileRetries\",\"specFileRetriesDelay\",\"specFileRetriesDeferred\",\"reporterSyncInterval\",\"reporterSyncTimeout\",\"cucumberFeaturesWithLineNumbers\",\"autoCompileOpts\",\"mochaOpts\",\"jasmineOpts\",\"cucumberOpts\",\"onPrepare\",\"onWorkerStart\",\"onWorkerEnd\",\"before\",\"beforeSession\",\"beforeSuite\",\"beforeHook\",\"beforeTest\",\"afterTest\",\"afterHook\",\"afterSuite\",\"afterSession\",\"after\",\"onComplete\",\"beforeAssertion\",\"afterAssertion\",\"beforeFeature\",\"beforeScenario\",\"beforeStep\",\"afterStep\",\"afterScenario\",\"afterFeature\",\"_\",\"suite\",\"$0\",\"ignoredWorkerServices\",\"wdi5\"]"}]}
RESULT: {"script":"<script> [2342 bytes]","args":[{"protocol":"http","hostname":"0.0.0.0","path":"/","capabilities":{"browserName":"chrome","goog:chromeOptions":{"binary":"C:\\Program Files\\Google\\Chrome\\Application\\chrome.exe","args":["--start-maximized"]}},"logLevel":"warn","connectionRetryTimeout":120000,"connectionRetryCount":3,"logLevels":{},"enableDirectConnect":true,"strictSSL":true,"_":"65 more keys: [\"cacheDir\",\"port\",\"requestedCapabilities\",\"automationProtocol\",\"baseUrl\",\"waitforInterval\",\"waitforTimeout\",\"onReload\",\"beforeCommand\",\"afterCommand\",\"rootDir\",\"specs\",\"suites\",\"exclude\",\"groupLogsByTestSpec\",\"excludeDriverLogs\",\"bail\",\"framework\",\"reporters\",\"services\",\"maxInstances\",\"maxInstancesPerCapability\",\"injectGlobals\",\"filesToWatch\",\"execArgv\",\"runnerEnv\",\"runner\",\"shard\",\"specFileRetries\",\"specFileRetriesDelay\",\"specFileRetriesDeferred\",\"reporterSyncInterval\",\"reporterSyncTimeout\",\"cucumberFeaturesWithLineNumbers\",\"autoCompileOpts\",\"mochaOpts\",\"jasmineOpts\",\"cucumberOpts\",\"onPrepare\",\"onWorkerStart\",\"onWorkerEnd\",\"before\",\"beforeSession\",\"beforeSuite\",\"beforeHook\",\"beforeTest\",\"afterTest\",\"afterHook\",\"afterSuite\",\"afterSession\",\"after\",\"onComplete\",\"beforeAssertion\",\"afterAssertion\",\"beforeFeature\",\"beforeScenario\",\"beforeStep\",\"afterStep\",\"afterScenario\",\"afterFeature\",\"_\",\"suite\",\"$0\",\"ignoredWorkerServices\",\"wdi5\"]"}]}
COMMAND: POST /session/98e00ad9af735ef01915863a208aaa77/execute/async - {"script":"<script> [21126 bytes]","args":[35000]}
RESULT: {"script":"<script> [21126 bytes]","args":[35000]}
COMMAND: POST /session/98e00ad9af735ef01915863a208aaa77/element - {"using":"xpath","value":"//li[contains(@title ,\"Exit\")]"}
RESULT: {"using":"xpath","value":"//li[contains(@title ,\"Exit\")]"}
COMMAND: POST /session/98e00ad9af735ef01915863a208aaa77/element/f.A56533DF14A1AA9A63544B9B62196BA5.d.362E294D88AD7530648DA504991CBF84.e.8784/click - {}
RESULT: {}
COMMAND: GET /session/98e00ad9af735ef01915863a208aaa77/screenshot - {}
RESULT: {}
COMMAND: DELETE /session/98e00ad9af735ef01915863a208aaa77 - {}
RESULT: {}
]]></system-out>
    </testcase>
  </testsuite>
</testsuites>