<?xml version="1.0" encoding="UTF-8"?>
<testsuites tests="6" failures="1" errors="1" skipped="0">
  <testsuite timestamp="2025-05-28T16:27:18" time="564.298" tests="5" failures="0" errors="0" skipped="0">
    <properties>
      <property name="specId" value="0"/>
      <property name="suiteName" value="Bill of Resources tests for bundle creation &amp; replenishment US131067 US131070"/>
      <property name="capabilities" value="chrome.136_0_7103_93.windows"/>
      <property name="file" value="file:///D:/a/1/s/test/specs/HTR/create-bundle-replenishment.spec.js"/>
    </properties>
    <testcase classname="chrome.136_0_7103_93.windows.Bill_of_Resources_tests_for_bundle_creation_&amp;_replenishment_US131067_US131070" name="Prereq Should create a new yard used for all following tests in the module" time="137.336">
      <system-out><![CDATA[
COMMAND: POST /session/b3880d3ba2eb870b1ca811bb9120dafd/window/fullscreen - {}
RESULT: {}
COMMAND: POST /session/b3880d3ba2eb870b1ca811bb9120dafd/execute/async - {"script":"<script> [1562 bytes]","args":[{"selector":{"controlType":"sap.m.GenericTile","properties":{"header":"Manage Yards"}},"wdio_ui5_key":"sapm.GenericTile{\"header\":\"Manage Yards\"}"}]}
RESULT: {"script":"<script> [1562 bytes]","args":[{"selector":{"controlType":"sap.m.GenericTile","properties":{"header":"Manage Yards"}},"wdio_ui5_key":"sapm.GenericTile{\"header\":\"Manage Yards\"}"}]}
RESULT: undefined
COMMAND: POST /session/b3880d3ba2eb870b1ca811bb9120dafd/element - {"using":"xpath","value":"//*[@id=\"__tile41\"]"}
RESULT: {"using":"xpath","value":"//*[@id=\"__tile41\"]"}
COMMAND: POST /session/b3880d3ba2eb870b1ca811bb9120dafd/element/f.34B6D9BAC181A0CDE5A35E7B6EFB882F.d.E772D1FC881A58C0DFBF06C2A8C0D464.e.132/click - {}
RESULT: {}
COMMAND: GET /session/b3880d3ba2eb870b1ca811bb9120dafd/screenshot - {}
RESULT: {}
COMMAND: POST /session/b3880d3ba2eb870b1ca811bb9120dafd/elements - {"using":"xpath","value":"//span[text()='Error']"}
RESULT: {"using":"xpath","value":"//span[text()='Error']"}
COMMAND: POST /session/b3880d3ba2eb870b1ca811bb9120dafd/element - {"using":"xpath","value":"//button[@data-kt=\"addNewYardOverflowToolbarButton\"]"}
RESULT: {"using":"xpath","value":"//button[@data-kt=\"addNewYardOverflowToolbarButton\"]"}
COMMAND: POST /session/b3880d3ba2eb870b1ca811bb9120dafd/elements - {"using":"xpath","value":"//button[@data-kt=\"addNewYardOverflowToolbarButton\"]"}
RESULT: {"using":"xpath","value":"//button[@data-kt=\"addNewYardOverflowToolbarButton\"]"}
COMMAND: POST /session/b3880d3ba2eb870b1ca811bb9120dafd/elements - {"using":"xpath","value":"//button[@data-kt=\"addNewYardOverflowToolbarButton\"]"}
RESULT: {"using":"xpath","value":"//button[@data-kt=\"addNewYardOverflowToolbarButton\"]"}
COMMAND: POST /session/b3880d3ba2eb870b1ca811bb9120dafd/elements - {"using":"xpath","value":"//button[@data-kt=\"addNewYardOverflowToolbarButton\"]"}
RESULT: {"using":"xpath","value":"//button[@data-kt=\"addNewYardOverflowToolbarButton\"]"}
COMMAND: POST /session/b3880d3ba2eb870b1ca811bb9120dafd/elements - {"using":"xpath","value":"//button[@data-kt=\"addNewYardOverflowToolbarButton\"]"}
RESULT: {"using":"xpath","value":"//button[@data-kt=\"addNewYardOverflowToolbarButton\"]"}
COMMAND: POST /session/b3880d3ba2eb870b1ca811bb9120dafd/elements - {"using":"xpath","value":"//button[@data-kt=\"addNewYardOverflowToolbarButton\"]"}
RESULT: {"using":"xpath","value":"//button[@data-kt=\"addNewYardOverflowToolbarButton\"]"}
COMMAND: POST /session/b3880d3ba2eb870b1ca811bb9120dafd/elements - {"using":"xpath","value":"//button[@data-kt=\"addNewYardOverflowToolbarButton\"]"}
RESULT: {"using":"xpath","value":"//button[@data-kt=\"addNewYardOverflowToolbarButton\"]"}
COMMAND: POST /session/b3880d3ba2eb870b1ca811bb9120dafd/element - {"using":"xpath","value":"//button[@data-kt=\"addNewYardOverflowToolbarButton\"]"}
RESULT: {"using":"xpath","value":"//button[@data-kt=\"addNewYardOverflowToolbarButton\"]"}
COMMAND: POST /session/b3880d3ba2eb870b1ca811bb9120dafd/execute/sync - {"script":"<script> [8489 bytes]","args":[{"element-6066-11e4-a52e-4f735466cecf":"f.34B6D9BAC181A0CDE5A35E7B6EFB882F.d.E772D1FC881A58C0DFBF06C2A8C0D464.e.266","ELEMENT":"f.34B6D9BAC181A0CDE5A35E7B6EFB882F.d.E772D1FC881A58C0DFBF06C2A8C0D464.e.266"}]}
RESULT: {"script":"<script> [8489 bytes]","args":[{"element-6066-11e4-a52e-4f735466cecf":"f.34B6D9BAC181A0CDE5A35E7B6EFB882F.d.E772D1FC881A58C0DFBF06C2A8C0D464.e.266","ELEMENT":"f.34B6D9BAC181A0CDE5A35E7B6EFB882F.d.E772D1FC881A58C0DFBF06C2A8C0D464.e.266"}]}
COMMAND: GET /session/b3880d3ba2eb870b1ca811bb9120dafd/element/f.34B6D9BAC181A0CDE5A35E7B6EFB882F.d.E772D1FC881A58C0DFBF06C2A8C0D464.e.266/enabled - {}
COMMAND: GET /session/b3880d3ba2eb870b1ca811bb9120dafd/screenshot - {}
RESULT: {}
COMMAND: POST /session/b3880d3ba2eb870b1ca811bb9120dafd/execute/sync - {"script":"<script> [8489 bytes]","args":[{"element-6066-11e4-a52e-4f735466cecf":"f.34B6D9BAC181A0CDE5A35E7B6EFB882F.d.E772D1FC881A58C0DFBF06C2A8C0D464.e.266","ELEMENT":"f.34B6D9BAC181A0CDE5A35E7B6EFB882F.d.E772D1FC881A58C0DFBF06C2A8C0D464.e.266"}]}
COMMAND: GET /session/b3880d3ba2eb870b1ca811bb9120dafd/screenshot - {}
RESULT: {}
RESULT: {"script":"<script> [8489 bytes]","args":[{"element-6066-11e4-a52e-4f735466cecf":"f.34B6D9BAC181A0CDE5A35E7B6EFB882F.d.E772D1FC881A58C0DFBF06C2A8C0D464.e.266","ELEMENT":"f.34B6D9BAC181A0CDE5A35E7B6EFB882F.d.E772D1FC881A58C0DFBF06C2A8C0D464.e.266"}]}
COMMAND: POST /session/b3880d3ba2eb870b1ca811bb9120dafd/execute/sync - {"script":"<script> [5351 bytes]","args":[{"element-6066-11e4-a52e-4f735466cecf":"f.34B6D9BAC181A0CDE5A35E7B6EFB882F.d.E772D1FC881A58C0DFBF06C2A8C0D464.e.266","ELEMENT":"f.34B6D9BAC181A0CDE5A35E7B6EFB882F.d.E772D1FC881A58C0DFBF06C2A8C0D464.e.266"}]}
COMMAND: GET /session/b3880d3ba2eb870b1ca811bb9120dafd/screenshot - {}
RESULT: {}
RESULT: {"script":"<script> [5351 bytes]","args":[{"element-6066-11e4-a52e-4f735466cecf":"f.34B6D9BAC181A0CDE5A35E7B6EFB882F.d.E772D1FC881A58C0DFBF06C2A8C0D464.e.266","ELEMENT":"f.34B6D9BAC181A0CDE5A35E7B6EFB882F.d.E772D1FC881A58C0DFBF06C2A8C0D464.e.266"}]}
COMMAND: POST /session/b3880d3ba2eb870b1ca811bb9120dafd/element/f.34B6D9BAC181A0CDE5A35E7B6EFB882F.d.E772D1FC881A58C0DFBF06C2A8C0D464.e.266/click - {}
COMMAND: GET /session/b3880d3ba2eb870b1ca811bb9120dafd/screenshot - {}
RESULT: {}
RESULT: {}
COMMAND: GET /session/b3880d3ba2eb870b1ca811bb9120dafd/screenshot - {}
COMMAND: POST /session/b3880d3ba2eb870b1ca811bb9120dafd/element - {"using":"xpath","value":"//input[@id=\"application-manageyards-display-component---NewYard--yardId-inner\"]"}
RESULT: {}
RESULT: {}
RESULT: {"using":"xpath","value":"//input[@id=\"application-manageyards-display-component---NewYard--yardId-inner\"]"}
COMMAND: POST /session/b3880d3ba2eb870b1ca811bb9120dafd/element - {"using":"xpath","value":"//input[@id=\"application-manageyards-display-component---NewYard--yardId-inner\"]"}
RESULT: {"using":"xpath","value":"//input[@id=\"application-manageyards-display-component---NewYard--yardId-inner\"]"}
COMMAND: POST /session/b3880d3ba2eb870b1ca811bb9120dafd/execute/async - {"script":"<script> [1562 bytes]","args":[{"selector":{"id":"application-manageyards-display-component---NewYard--addressDetailDetailsName1","interaction":{"idSuffix":"inner"}},"wdio_ui5_key":"applicationmanageyards-display-component---NewYard--addressDetailDetailsName1"}]}
RESULT: {"script":"<script> [1562 bytes]","args":[{"selector":{"id":"application-manageyards-display-component---NewYard--addressDetailDetailsName1","interaction":{"idSuffix":"inner"}},"wdio_ui5_key":"applicationmanageyards-display-component---NewYard--addressDetailDetailsName1"}]}
RESULT: undefined
COMMAND: POST /session/b3880d3ba2eb870b1ca811bb9120dafd/execute/async - {"script":"<script> [776 bytes]","args":[{"enterText":"Other Yard WDIO","selector":{"id":"application-manageyards-display-component---NewYard--addressDetailDetailsName1","interaction":{"idSuffix":"inner"}},"clearTextFirst":true,"interactionType":"ENTER_TEXT"}]}
RESULT: {"script":"<script> [776 bytes]","args":[{"enterText":"Other Yard WDIO","selector":{"id":"application-manageyards-display-component---NewYard--addressDetailDetailsName1","interaction":{"idSuffix":"inner"}},"clearTextFirst":true,"interactionType":"ENTER_TEXT"}]}
COMMAND: POST /session/b3880d3ba2eb870b1ca811bb9120dafd/execute/async - {"script":"<script> [1562 bytes]","args":[{"selector":{"id":"application-manageyards-display-component---NewYard--addressDetailDetailsLanguage-arrow"},"wdio_ui5_key":"applicationmanageyards-display-component---NewYard--addressDetailDetailsLanguage-arrow"}]}
RESULT: {"script":"<script> [1562 bytes]","args":[{"selector":{"id":"application-manageyards-display-component---NewYard--addressDetailDetailsLanguage-arrow"},"wdio_ui5_key":"applicationmanageyards-display-component---NewYard--addressDetailDetailsLanguage-arrow"}]}
RESULT: undefined
COMMAND: POST /session/b3880d3ba2eb870b1ca811bb9120dafd/element - {"using":"xpath","value":"//*[@id=\"application-manageyards-display-component---NewYard--addressDetailDetailsLanguage-arrow\"]"}
RESULT: {"using":"xpath","value":"//*[@id=\"application-manageyards-display-component---NewYard--addressDetailDetailsLanguage-arrow\"]"}
COMMAND: POST /session/b3880d3ba2eb870b1ca811bb9120dafd/element/f.34B6D9BAC181A0CDE5A35E7B6EFB882F.d.E772D1FC881A58C0DFBF06C2A8C0D464.e.698/click - {}
RESULT: {}
COMMAND: POST /session/b3880d3ba2eb870b1ca811bb9120dafd/element - {"using":"xpath","value":"//span[contains(text(), \"English\")]"}
COMMAND: GET /session/b3880d3ba2eb870b1ca811bb9120dafd/screenshot - {}
RESULT: {"using":"xpath","value":"//span[contains(text(), \"English\")]"}
COMMAND: POST /session/b3880d3ba2eb870b1ca811bb9120dafd/element/f.34B6D9BAC181A0CDE5A35E7B6EFB882F.d.E772D1FC881A58C0DFBF06C2A8C0D464.e.699/click - {}
RESULT: {}
RESULT: {}
COMMAND: POST /session/b3880d3ba2eb870b1ca811bb9120dafd/execute/async - {"script":"<script> [1562 bytes]","args":[{"selector":{"id":"application-manageyards-display-component---NewYard--addressDetailDetailsCity1","interaction":{"idSuffix":"inner"}},"wdio_ui5_key":"applicationmanageyards-display-component---NewYard--addressDetailDetailsCity1"}]}
COMMAND: GET /session/b3880d3ba2eb870b1ca811bb9120dafd/screenshot - {}
RESULT: {"script":"<script> [1562 bytes]","args":[{"selector":{"id":"application-manageyards-display-component---NewYard--addressDetailDetailsCity1","interaction":{"idSuffix":"inner"}},"wdio_ui5_key":"applicationmanageyards-display-component---NewYard--addressDetailDetailsCity1"}]}
RESULT: undefined
COMMAND: POST /session/b3880d3ba2eb870b1ca811bb9120dafd/execute/async - {"script":"<script> [776 bytes]","args":[{"enterText":"Rosario","selector":{"id":"application-manageyards-display-component---NewYard--addressDetailDetailsCity1","interaction":{"idSuffix":"inner"}},"clearTextFirst":true,"interactionType":"ENTER_TEXT"}]}
RESULT: {}
RESULT: {"script":"<script> [776 bytes]","args":[{"enterText":"Rosario","selector":{"id":"application-manageyards-display-component---NewYard--addressDetailDetailsCity1","interaction":{"idSuffix":"inner"}},"clearTextFirst":true,"interactionType":"ENTER_TEXT"}]}
COMMAND: POST /session/b3880d3ba2eb870b1ca811bb9120dafd/execute/async - {"script":"<script> [1562 bytes]","args":[{"selector":{"id":"application-manageyards-display-component---NewYard--addressDetailDetailsCountry-arrow"},"wdio_ui5_key":"applicationmanageyards-display-component---NewYard--addressDetailDetailsCountry-arrow"}]}
RESULT: {"script":"<script> [1562 bytes]","args":[{"selector":{"id":"application-manageyards-display-component---NewYard--addressDetailDetailsCountry-arrow"},"wdio_ui5_key":"applicationmanageyards-display-component---NewYard--addressDetailDetailsCountry-arrow"}]}
RESULT: undefined
COMMAND: POST /session/b3880d3ba2eb870b1ca811bb9120dafd/element - {"using":"xpath","value":"//*[@id=\"application-manageyards-display-component---NewYard--addressDetailDetailsCountry-arrow\"]"}
RESULT: {"using":"xpath","value":"//*[@id=\"application-manageyards-display-component---NewYard--addressDetailDetailsCountry-arrow\"]"}
COMMAND: POST /session/b3880d3ba2eb870b1ca811bb9120dafd/element/f.34B6D9BAC181A0CDE5A35E7B6EFB882F.d.E772D1FC881A58C0DFBF06C2A8C0D464.e.701/click - {}
RESULT: {}
COMMAND: POST /session/b3880d3ba2eb870b1ca811bb9120dafd/element - {"using":"xpath","value":"//span[contains(text(), \"Argentina\")]"}
COMMAND: GET /session/b3880d3ba2eb870b1ca811bb9120dafd/screenshot - {}
RESULT: {"using":"xpath","value":"//span[contains(text(), \"Argentina\")]"}
COMMAND: POST /session/b3880d3ba2eb870b1ca811bb9120dafd/element/f.34B6D9BAC181A0CDE5A35E7B6EFB882F.d.E772D1FC881A58C0DFBF06C2A8C0D464.e.702/click - {}
RESULT: {}
RESULT: {}
COMMAND: POST /session/b3880d3ba2eb870b1ca811bb9120dafd/execute/async - {"script":"<script> [1562 bytes]","args":[{"selector":{"id":"application-manageyards-display-component---NewYard--addressEditDetailsCostObjectCstType-arrow"},"wdio_ui5_key":"applicationmanageyards-display-component---NewYard--addressEditDetailsCostObjectCstType-arrow"}]}
COMMAND: GET /session/b3880d3ba2eb870b1ca811bb9120dafd/screenshot - {}
RESULT: {"script":"<script> [1562 bytes]","args":[{"selector":{"id":"application-manageyards-display-component---NewYard--addressEditDetailsCostObjectCstType-arrow"},"wdio_ui5_key":"applicationmanageyards-display-component---NewYard--addressEditDetailsCostObjectCstType-arrow"}]}
RESULT: undefined
COMMAND: POST /session/b3880d3ba2eb870b1ca811bb9120dafd/element - {"using":"xpath","value":"//*[@id=\"application-manageyards-display-component---NewYard--addressEditDetailsCostObjectCstType-arrow\"]"}
RESULT: {}
RESULT: {"using":"xpath","value":"//*[@id=\"application-manageyards-display-component---NewYard--addressEditDetailsCostObjectCstType-arrow\"]"}
COMMAND: POST /session/b3880d3ba2eb870b1ca811bb9120dafd/element/f.34B6D9BAC181A0CDE5A35E7B6EFB882F.d.E772D1FC881A58C0DFBF06C2A8C0D464.e.704/click - {}
RESULT: {}
COMMAND: POST /session/b3880d3ba2eb870b1ca811bb9120dafd/element - {"using":"xpath","value":"//span[contains(text(), \"Cost Center\")]"}
COMMAND: GET /session/b3880d3ba2eb870b1ca811bb9120dafd/screenshot - {}
RESULT: {"using":"xpath","value":"//span[contains(text(), \"Cost Center\")]"}
COMMAND: POST /session/b3880d3ba2eb870b1ca811bb9120dafd/element/f.34B6D9BAC181A0CDE5A35E7B6EFB882F.d.E772D1FC881A58C0DFBF06C2A8C0D464.e.705/click - {}
RESULT: {}
RESULT: {}
COMMAND: GET /session/b3880d3ba2eb870b1ca811bb9120dafd/screenshot - {}
RESULT: {}
COMMAND: POST /session/b3880d3ba2eb870b1ca811bb9120dafd/element - {"using":"xpath","value":"//span[@id=\"application-manageyards-display-component---NewYard--addressNewCostObjectCstID-vhi\"]"}
RESULT: {"using":"xpath","value":"//span[@id=\"application-manageyards-display-component---NewYard--addressNewCostObjectCstID-vhi\"]"}
COMMAND: POST /session/b3880d3ba2eb870b1ca811bb9120dafd/execute/sync - {"script":"<script> [8489 bytes]","args":[{"element-6066-11e4-a52e-4f735466cecf":"f.34B6D9BAC181A0CDE5A35E7B6EFB882F.d.E772D1FC881A58C0DFBF06C2A8C0D464.e.709","ELEMENT":"f.34B6D9BAC181A0CDE5A35E7B6EFB882F.d.E772D1FC881A58C0DFBF06C2A8C0D464.e.709"}]}
RESULT: {"script":"<script> [8489 bytes]","args":[{"element-6066-11e4-a52e-4f735466cecf":"f.34B6D9BAC181A0CDE5A35E7B6EFB882F.d.E772D1FC881A58C0DFBF06C2A8C0D464.e.709","ELEMENT":"f.34B6D9BAC181A0CDE5A35E7B6EFB882F.d.E772D1FC881A58C0DFBF06C2A8C0D464.e.709"}]}
COMMAND: POST /session/b3880d3ba2eb870b1ca811bb9120dafd/execute/async - {"script":"<script> [1562 bytes]","args":[{"selector":{"id":"application-manageyards-display-component---NewYard--addressNewCostObjectCstID-vhi"},"wdio_ui5_key":"applicationmanageyards-display-component---NewYard--addressNewCostObjectCstID-vhi"}]}
COMMAND: GET /session/b3880d3ba2eb870b1ca811bb9120dafd/screenshot - {}
RESULT: {"script":"<script> [1562 bytes]","args":[{"selector":{"id":"application-manageyards-display-component---NewYard--addressNewCostObjectCstID-vhi"},"wdio_ui5_key":"applicationmanageyards-display-component---NewYard--addressNewCostObjectCstID-vhi"}]}
RESULT: undefined
COMMAND: POST /session/b3880d3ba2eb870b1ca811bb9120dafd/element - {"using":"xpath","value":"//*[@id=\"application-manageyards-display-component---NewYard--addressNewCostObjectCstID-vhi\"]"}
RESULT: {}
RESULT: {"using":"xpath","value":"//*[@id=\"application-manageyards-display-component---NewYard--addressNewCostObjectCstID-vhi\"]"}
COMMAND: POST /session/b3880d3ba2eb870b1ca811bb9120dafd/element/f.34B6D9BAC181A0CDE5A35E7B6EFB882F.d.E772D1FC881A58C0DFBF06C2A8C0D464.e.709/click - {}
RESULT: {}
COMMAND: GET /session/b3880d3ba2eb870b1ca811bb9120dafd/screenshot - {}
RESULT: {}
COMMAND: POST /session/b3880d3ba2eb870b1ca811bb9120dafd/execute/async - {"script":"<script> [1562 bytes]","args":[{"selector":{"controlType":"sap.m.SearchField","properties":{"placeholder":"Search"},"searchOpenDialogs":true,"interaction":{"idSuffix":"I"}},"wdio_ui5_key":"sapm.SearchField{\"placeholder\":\"Search\"}"}]}
RESULT: {"script":"<script> [1562 bytes]","args":[{"selector":{"controlType":"sap.m.SearchField","properties":{"placeholder":"Search"},"searchOpenDialogs":true,"interaction":{"idSuffix":"I"}},"wdio_ui5_key":"sapm.SearchField{\"placeholder\":\"Search\"}"}]}
RESULT: undefined
COMMAND: POST /session/b3880d3ba2eb870b1ca811bb9120dafd/execute/async - {"script":"<script> [776 bytes]","args":[{"enterText":"bauh_b","selector":{"controlType":"sap.m.SearchField","properties":{"placeholder":"Search"},"searchOpenDialogs":true,"interaction":{"idSuffix":"I"}},"clearTextFirst":true,"interactionType":"ENTER_TEXT"}]}
RESULT: {"script":"<script> [776 bytes]","args":[{"enterText":"bauh_b","selector":{"controlType":"sap.m.SearchField","properties":{"placeholder":"Search"},"searchOpenDialogs":true,"interaction":{"idSuffix":"I"}},"clearTextFirst":true,"interactionType":"ENTER_TEXT"}]}
COMMAND: POST /session/b3880d3ba2eb870b1ca811bb9120dafd/actions - {"actions":[{"id":"action1","type":"key","parameters":{},"actions":[{"type":"keyDown","value":""},{"type":"pause","duration":10},{"type":"keyUp","value":""}]}]}
RESULT: {"actions":[{"id":"action1","type":"key","parameters":{},"actions":[{"type":"keyDown","value":""},{"type":"pause","duration":10},{"type":"keyUp","value":""}]}]}
COMMAND: GET /session/b3880d3ba2eb870b1ca811bb9120dafd/screenshot - {}
RESULT: {}
COMMAND: POST /session/b3880d3ba2eb870b1ca811bb9120dafd/element - {"using":"xpath","value":"//span[contains(text(), \"Demo Yard\")]"}
RESULT: {"using":"xpath","value":"//span[contains(text(), \"Demo Yard\")]"}
COMMAND: POST /session/b3880d3ba2eb870b1ca811bb9120dafd/element/f.34B6D9BAC181A0CDE5A35E7B6EFB882F.d.E772D1FC881A58C0DFBF06C2A8C0D464.e.750/click - {}
RESULT: {}
COMMAND: GET /session/b3880d3ba2eb870b1ca811bb9120dafd/screenshot - {}
RESULT: {}
COMMAND: POST /session/b3880d3ba2eb870b1ca811bb9120dafd/element - {"using":"xpath","value":"//bdi[contains(text(), \"OK\")]"}
RESULT: {"using":"xpath","value":"//bdi[contains(text(), \"OK\")]"}
COMMAND: POST /session/b3880d3ba2eb870b1ca811bb9120dafd/element/f.34B6D9BAC181A0CDE5A35E7B6EFB882F.d.E772D1FC881A58C0DFBF06C2A8C0D464.e.751/click - {}
RESULT: {}
COMMAND: GET /session/b3880d3ba2eb870b1ca811bb9120dafd/screenshot - {}
RESULT: {}
COMMAND: POST /session/b3880d3ba2eb870b1ca811bb9120dafd/execute/async - {"script":"<script> [1562 bytes]","args":[{"selector":{"id":"application-manageyards-display-component---NewYard--addressEditDetailsCurrency-arrow"},"wdio_ui5_key":"applicationmanageyards-display-component---NewYard--addressEditDetailsCurrency-arrow"}]}
RESULT: {"script":"<script> [1562 bytes]","args":[{"selector":{"id":"application-manageyards-display-component---NewYard--addressEditDetailsCurrency-arrow"},"wdio_ui5_key":"applicationmanageyards-display-component---NewYard--addressEditDetailsCurrency-arrow"}]}
RESULT: undefined
COMMAND: POST /session/b3880d3ba2eb870b1ca811bb9120dafd/element - {"using":"xpath","value":"//*[@id=\"application-manageyards-display-component---NewYard--addressEditDetailsCurrency-arrow\"]"}
RESULT: {"using":"xpath","value":"//*[@id=\"application-manageyards-display-component---NewYard--addressEditDetailsCurrency-arrow\"]"}
COMMAND: POST /session/b3880d3ba2eb870b1ca811bb9120dafd/element/f.34B6D9BAC181A0CDE5A35E7B6EFB882F.d.E772D1FC881A58C0DFBF06C2A8C0D464.e.754/click - {}
RESULT: {}
COMMAND: POST /session/b3880d3ba2eb870b1ca811bb9120dafd/element - {"using":"xpath","value":"//span[contains(text(), \"Euro\")]"}
COMMAND: GET /session/b3880d3ba2eb870b1ca811bb9120dafd/screenshot - {}
RESULT: {"using":"xpath","value":"//span[contains(text(), \"Euro\")]"}
COMMAND: POST /session/b3880d3ba2eb870b1ca811bb9120dafd/element/f.34B6D9BAC181A0CDE5A35E7B6EFB882F.d.E772D1FC881A58C0DFBF06C2A8C0D464.e.755/click - {}
RESULT: {}
RESULT: {}
COMMAND: POST /session/b3880d3ba2eb870b1ca811bb9120dafd/execute/async - {"script":"<script> [1562 bytes]","args":[{"selector":{"controlType":"sap.m.Input","viewName":"etm.portal.ui.manageyards.view.New","viewId":"application-manageyards-display-component---NewYard","bindingPath":{"path":"","propertyPath":"/CONTROLLING_AREA","modelName":"NewYardModel"},"interaction":{"idSuffix":"inner"}},"wdio_ui5_key":"etmportal.ui.manageyards.view.Newsap.m.Input{\"path\":\"\",\"propertyPath\":\"/CONTROLLING_AREA\",\"modelName\":\"NewYardModel\"}"}]}
COMMAND: GET /session/b3880d3ba2eb870b1ca811bb9120dafd/screenshot - {}
RESULT: {}
RESULT: {"script":"<script> [1562 bytes]","args":[{"selector":{"controlType":"sap.m.Input","viewName":"etm.portal.ui.manageyards.view.New","viewId":"application-manageyards-display-component---NewYard","bindingPath":{"path":"","propertyPath":"/CONTROLLING_AREA","modelName":"NewYardModel"},"interaction":{"idSuffix":"inner"}},"wdio_ui5_key":"etmportal.ui.manageyards.view.Newsap.m.Input{\"path\":\"\",\"propertyPath\":\"/CONTROLLING_AREA\",\"modelName\":\"NewYardModel\"}"}]}
RESULT: undefined
COMMAND: POST /session/b3880d3ba2eb870b1ca811bb9120dafd/execute/async - {"script":"<script> [776 bytes]","args":[{"enterText":"Z001","selector":{"controlType":"sap.m.Input","viewName":"etm.portal.ui.manageyards.view.New","viewId":"application-manageyards-display-component---NewYard","bindingPath":{"path":"","propertyPath":"/CONTROLLING_AREA","modelName":"NewYardModel"},"interaction":{"idSuffix":"inner"}},"clearTextFirst":true,"interactionType":"ENTER_TEXT"}]}
RESULT: {"script":"<script> [776 bytes]","args":[{"enterText":"Z001","selector":{"controlType":"sap.m.Input","viewName":"etm.portal.ui.manageyards.view.New","viewId":"application-manageyards-display-component---NewYard","bindingPath":{"path":"","propertyPath":"/CONTROLLING_AREA","modelName":"NewYardModel"},"interaction":{"idSuffix":"inner"}},"clearTextFirst":true,"interactionType":"ENTER_TEXT"}]}
COMMAND: POST /session/b3880d3ba2eb870b1ca811bb9120dafd/execute/async - {"script":"<script> [1562 bytes]","args":[{"selector":{"id":"application-manageyards-display-component---NewYard--companyCodeComboBox","interaction":{"idSuffix":"inner"}},"wdio_ui5_key":"applicationmanageyards-display-component---NewYard--companyCodeComboBox"}]}
RESULT: {"script":"<script> [1562 bytes]","args":[{"selector":{"id":"application-manageyards-display-component---NewYard--companyCodeComboBox","interaction":{"idSuffix":"inner"}},"wdio_ui5_key":"applicationmanageyards-display-component---NewYard--companyCodeComboBox"}]}
RESULT: undefined
COMMAND: POST /session/b3880d3ba2eb870b1ca811bb9120dafd/execute/async - {"script":"<script> [776 bytes]","args":[{"enterText":"1000","selector":{"id":"application-manageyards-display-component---NewYard--companyCodeComboBox","interaction":{"idSuffix":"inner"}},"clearTextFirst":true,"interactionType":"ENTER_TEXT"}]}
RESULT: {"script":"<script> [776 bytes]","args":[{"enterText":"1000","selector":{"id":"application-manageyards-display-component---NewYard--companyCodeComboBox","interaction":{"idSuffix":"inner"}},"clearTextFirst":true,"interactionType":"ENTER_TEXT"}]}
COMMAND: POST /session/b3880d3ba2eb870b1ca811bb9120dafd/execute/async - {"script":"<script> [1562 bytes]","args":[{"selector":{"controlType":"sap.m.Input","viewName":"etm.portal.ui.manageyards.view.New","viewId":"application-manageyards-display-component---NewYard","bindingPath":{"path":"","propertyPath":"/PLANT","modelName":"NewYardModel"},"interaction":{"idSuffix":"inner"}},"wdio_ui5_key":"etmportal.ui.manageyards.view.Newsap.m.Input{\"path\":\"\",\"propertyPath\":\"/PLANT\",\"modelName\":\"NewYardModel\"}"}]}
RESULT: {"script":"<script> [1562 bytes]","args":[{"selector":{"controlType":"sap.m.Input","viewName":"etm.portal.ui.manageyards.view.New","viewId":"application-manageyards-display-component---NewYard","bindingPath":{"path":"","propertyPath":"/PLANT","modelName":"NewYardModel"},"interaction":{"idSuffix":"inner"}},"wdio_ui5_key":"etmportal.ui.manageyards.view.Newsap.m.Input{\"path\":\"\",\"propertyPath\":\"/PLANT\",\"modelName\":\"NewYardModel\"}"}]}
RESULT: undefined
COMMAND: POST /session/b3880d3ba2eb870b1ca811bb9120dafd/execute/async - {"script":"<script> [776 bytes]","args":[{"enterText":"1001","selector":{"controlType":"sap.m.Input","viewName":"etm.portal.ui.manageyards.view.New","viewId":"application-manageyards-display-component---NewYard","bindingPath":{"path":"","propertyPath":"/PLANT","modelName":"NewYardModel"},"interaction":{"idSuffix":"inner"}},"clearTextFirst":true,"interactionType":"ENTER_TEXT"}]}
RESULT: {"script":"<script> [776 bytes]","args":[{"enterText":"1001","selector":{"controlType":"sap.m.Input","viewName":"etm.portal.ui.manageyards.view.New","viewId":"application-manageyards-display-component---NewYard","bindingPath":{"path":"","propertyPath":"/PLANT","modelName":"NewYardModel"},"interaction":{"idSuffix":"inner"}},"clearTextFirst":true,"interactionType":"ENTER_TEXT"}]}
COMMAND: POST /session/b3880d3ba2eb870b1ca811bb9120dafd/execute/async - {"script":"<script> [1562 bytes]","args":[{"selector":{"controlType":"sap.m.Input","viewName":"etm.portal.ui.manageyards.view.New","viewId":"application-manageyards-display-component---NewYard","bindingPath":{"path":"","propertyPath":"/SALES_AREA_VKORG","modelName":"NewYardModel"},"interaction":{"idSuffix":"inner"}},"wdio_ui5_key":"etmportal.ui.manageyards.view.Newsap.m.Input{\"path\":\"\",\"propertyPath\":\"/SALES_AREA_VKORG\",\"modelName\":\"NewYardModel\"}"}]}
RESULT: {"script":"<script> [1562 bytes]","args":[{"selector":{"controlType":"sap.m.Input","viewName":"etm.portal.ui.manageyards.view.New","viewId":"application-manageyards-display-component---NewYard","bindingPath":{"path":"","propertyPath":"/SALES_AREA_VKORG","modelName":"NewYardModel"},"interaction":{"idSuffix":"inner"}},"wdio_ui5_key":"etmportal.ui.manageyards.view.Newsap.m.Input{\"path\":\"\",\"propertyPath\":\"/SALES_AREA_VKORG\",\"modelName\":\"NewYardModel\"}"}]}
RESULT: undefined
COMMAND: POST /session/b3880d3ba2eb870b1ca811bb9120dafd/execute/async - {"script":"<script> [776 bytes]","args":[{"enterText":"C002","selector":{"controlType":"sap.m.Input","viewName":"etm.portal.ui.manageyards.view.New","viewId":"application-manageyards-display-component---NewYard","bindingPath":{"path":"","propertyPath":"/SALES_AREA_VKORG","modelName":"NewYardModel"},"interaction":{"idSuffix":"inner"}},"clearTextFirst":true,"interactionType":"ENTER_TEXT"}]}
RESULT: {"script":"<script> [776 bytes]","args":[{"enterText":"C002","selector":{"controlType":"sap.m.Input","viewName":"etm.portal.ui.manageyards.view.New","viewId":"application-manageyards-display-component---NewYard","bindingPath":{"path":"","propertyPath":"/SALES_AREA_VKORG","modelName":"NewYardModel"},"interaction":{"idSuffix":"inner"}},"clearTextFirst":true,"interactionType":"ENTER_TEXT"}]}
COMMAND: POST /session/b3880d3ba2eb870b1ca811bb9120dafd/execute/async - {"script":"<script> [1562 bytes]","args":[{"selector":{"controlType":"sap.m.Input","viewName":"etm.portal.ui.manageyards.view.New","viewId":"application-manageyards-display-component---NewYard","bindingPath":{"path":"","propertyPath":"/SALES_AREA_VTWEG","modelName":"NewYardModel"},"interaction":{"idSuffix":"inner"}},"wdio_ui5_key":"etmportal.ui.manageyards.view.Newsap.m.Input{\"path\":\"\",\"propertyPath\":\"/SALES_AREA_VTWEG\",\"modelName\":\"NewYardModel\"}"}]}
RESULT: {"script":"<script> [1562 bytes]","args":[{"selector":{"controlType":"sap.m.Input","viewName":"etm.portal.ui.manageyards.view.New","viewId":"application-manageyards-display-component---NewYard","bindingPath":{"path":"","propertyPath":"/SALES_AREA_VTWEG","modelName":"NewYardModel"},"interaction":{"idSuffix":"inner"}},"wdio_ui5_key":"etmportal.ui.manageyards.view.Newsap.m.Input{\"path\":\"\",\"propertyPath\":\"/SALES_AREA_VTWEG\",\"modelName\":\"NewYardModel\"}"}]}
RESULT: undefined
COMMAND: POST /session/b3880d3ba2eb870b1ca811bb9120dafd/execute/async - {"script":"<script> [776 bytes]","args":[{"enterText":"C2","selector":{"controlType":"sap.m.Input","viewName":"etm.portal.ui.manageyards.view.New","viewId":"application-manageyards-display-component---NewYard","bindingPath":{"path":"","propertyPath":"/SALES_AREA_VTWEG","modelName":"NewYardModel"},"interaction":{"idSuffix":"inner"}},"clearTextFirst":true,"interactionType":"ENTER_TEXT"}]}
RESULT: {"script":"<script> [776 bytes]","args":[{"enterText":"C2","selector":{"controlType":"sap.m.Input","viewName":"etm.portal.ui.manageyards.view.New","viewId":"application-manageyards-display-component---NewYard","bindingPath":{"path":"","propertyPath":"/SALES_AREA_VTWEG","modelName":"NewYardModel"},"interaction":{"idSuffix":"inner"}},"clearTextFirst":true,"interactionType":"ENTER_TEXT"}]}
COMMAND: POST /session/b3880d3ba2eb870b1ca811bb9120dafd/execute/async - {"script":"<script> [1562 bytes]","args":[{"selector":{"controlType":"sap.m.Input","viewName":"etm.portal.ui.manageyards.view.New","viewId":"application-manageyards-display-component---NewYard","bindingPath":{"path":"","propertyPath":"/SALES_AREA_SPART","modelName":"NewYardModel"},"interaction":{"idSuffix":"inner"}},"wdio_ui5_key":"etmportal.ui.manageyards.view.Newsap.m.Input{\"path\":\"\",\"propertyPath\":\"/SALES_AREA_SPART\",\"modelName\":\"NewYardModel\"}"}]}
RESULT: {"script":"<script> [1562 bytes]","args":[{"selector":{"controlType":"sap.m.Input","viewName":"etm.portal.ui.manageyards.view.New","viewId":"application-manageyards-display-component---NewYard","bindingPath":{"path":"","propertyPath":"/SALES_AREA_SPART","modelName":"NewYardModel"},"interaction":{"idSuffix":"inner"}},"wdio_ui5_key":"etmportal.ui.manageyards.view.Newsap.m.Input{\"path\":\"\",\"propertyPath\":\"/SALES_AREA_SPART\",\"modelName\":\"NewYardModel\"}"}]}
RESULT: undefined
COMMAND: POST /session/b3880d3ba2eb870b1ca811bb9120dafd/execute/async - {"script":"<script> [776 bytes]","args":[{"enterText":"C2","selector":{"controlType":"sap.m.Input","viewName":"etm.portal.ui.manageyards.view.New","viewId":"application-manageyards-display-component---NewYard","bindingPath":{"path":"","propertyPath":"/SALES_AREA_SPART","modelName":"NewYardModel"},"interaction":{"idSuffix":"inner"}},"clearTextFirst":true,"interactionType":"ENTER_TEXT"}]}
RESULT: {"script":"<script> [776 bytes]","args":[{"enterText":"C2","selector":{"controlType":"sap.m.Input","viewName":"etm.portal.ui.manageyards.view.New","viewId":"application-manageyards-display-component---NewYard","bindingPath":{"path":"","propertyPath":"/SALES_AREA_SPART","modelName":"NewYardModel"},"interaction":{"idSuffix":"inner"}},"clearTextFirst":true,"interactionType":"ENTER_TEXT"}]}
COMMAND: POST /session/b3880d3ba2eb870b1ca811bb9120dafd/execute/async - {"script":"<script> [1562 bytes]","args":[{"selector":{"controlType":"sap.m.Input","viewName":"etm.portal.ui.manageyards.view.New","viewId":"application-manageyards-display-component---NewYard","bindingPath":{"path":"","propertyPath":"/SHIP_POINT","modelName":"NewYardModel"},"interaction":{"idSuffix":"inner"}},"wdio_ui5_key":"etmportal.ui.manageyards.view.Newsap.m.Input{\"path\":\"\",\"propertyPath\":\"/SHIP_POINT\",\"modelName\":\"NewYardModel\"}"}]}
RESULT: {"script":"<script> [1562 bytes]","args":[{"selector":{"controlType":"sap.m.Input","viewName":"etm.portal.ui.manageyards.view.New","viewId":"application-manageyards-display-component---NewYard","bindingPath":{"path":"","propertyPath":"/SHIP_POINT","modelName":"NewYardModel"},"interaction":{"idSuffix":"inner"}},"wdio_ui5_key":"etmportal.ui.manageyards.view.Newsap.m.Input{\"path\":\"\",\"propertyPath\":\"/SHIP_POINT\",\"modelName\":\"NewYardModel\"}"}]}
RESULT: undefined
COMMAND: POST /session/b3880d3ba2eb870b1ca811bb9120dafd/execute/async - {"script":"<script> [776 bytes]","args":[{"enterText":"1710","selector":{"controlType":"sap.m.Input","viewName":"etm.portal.ui.manageyards.view.New","viewId":"application-manageyards-display-component---NewYard","bindingPath":{"path":"","propertyPath":"/SHIP_POINT","modelName":"NewYardModel"},"interaction":{"idSuffix":"inner"}},"clearTextFirst":true,"interactionType":"ENTER_TEXT"}]}
RESULT: {"script":"<script> [776 bytes]","args":[{"enterText":"1710","selector":{"controlType":"sap.m.Input","viewName":"etm.portal.ui.manageyards.view.New","viewId":"application-manageyards-display-component---NewYard","bindingPath":{"path":"","propertyPath":"/SHIP_POINT","modelName":"NewYardModel"},"interaction":{"idSuffix":"inner"}},"clearTextFirst":true,"interactionType":"ENTER_TEXT"}]}
COMMAND: POST /session/b3880d3ba2eb870b1ca811bb9120dafd/execute/async - {"script":"<script> [1562 bytes]","args":[{"selector":{"controlType":"sap.m.Input","viewName":"etm.portal.ui.manageyards.view.New","viewId":"application-manageyards-display-component---NewYard","bindingPath":{"path":"","propertyPath":"/DELIVERY_TYPE","modelName":"NewYardModel"},"interaction":{"idSuffix":"inner"}},"wdio_ui5_key":"etmportal.ui.manageyards.view.Newsap.m.Input{\"path\":\"\",\"propertyPath\":\"/DELIVERY_TYPE\",\"modelName\":\"NewYardModel\"}"}]}
RESULT: {"script":"<script> [1562 bytes]","args":[{"selector":{"controlType":"sap.m.Input","viewName":"etm.portal.ui.manageyards.view.New","viewId":"application-manageyards-display-component---NewYard","bindingPath":{"path":"","propertyPath":"/DELIVERY_TYPE","modelName":"NewYardModel"},"interaction":{"idSuffix":"inner"}},"wdio_ui5_key":"etmportal.ui.manageyards.view.Newsap.m.Input{\"path\":\"\",\"propertyPath\":\"/DELIVERY_TYPE\",\"modelName\":\"NewYardModel\"}"}]}
RESULT: undefined
COMMAND: POST /session/b3880d3ba2eb870b1ca811bb9120dafd/execute/async - {"script":"<script> [776 bytes]","args":[{"enterText":"ZL01","selector":{"controlType":"sap.m.Input","viewName":"etm.portal.ui.manageyards.view.New","viewId":"application-manageyards-display-component---NewYard","bindingPath":{"path":"","propertyPath":"/DELIVERY_TYPE","modelName":"NewYardModel"},"interaction":{"idSuffix":"inner"}},"clearTextFirst":true,"interactionType":"ENTER_TEXT"}]}
RESULT: {"script":"<script> [776 bytes]","args":[{"enterText":"ZL01","selector":{"controlType":"sap.m.Input","viewName":"etm.portal.ui.manageyards.view.New","viewId":"application-manageyards-display-component---NewYard","bindingPath":{"path":"","propertyPath":"/DELIVERY_TYPE","modelName":"NewYardModel"},"interaction":{"idSuffix":"inner"}},"clearTextFirst":true,"interactionType":"ENTER_TEXT"}]}
COMMAND: POST /session/b3880d3ba2eb870b1ca811bb9120dafd/execute/async - {"script":"<script> [1562 bytes]","args":[{"selector":{"controlType":"sap.m.Input","viewName":"etm.portal.ui.manageyards.view.New","viewId":"application-manageyards-display-component---NewYard","bindingPath":{"path":"","propertyPath":"/AUART","modelName":"NewYardModel"},"interaction":{"idSuffix":"inner"}},"wdio_ui5_key":"etmportal.ui.manageyards.view.Newsap.m.Input{\"path\":\"\",\"propertyPath\":\"/AUART\",\"modelName\":\"NewYardModel\"}"}]}
RESULT: {"script":"<script> [1562 bytes]","args":[{"selector":{"controlType":"sap.m.Input","viewName":"etm.portal.ui.manageyards.view.New","viewId":"application-manageyards-display-component---NewYard","bindingPath":{"path":"","propertyPath":"/AUART","modelName":"NewYardModel"},"interaction":{"idSuffix":"inner"}},"wdio_ui5_key":"etmportal.ui.manageyards.view.Newsap.m.Input{\"path\":\"\",\"propertyPath\":\"/AUART\",\"modelName\":\"NewYardModel\"}"}]}
RESULT: undefined
COMMAND: POST /session/b3880d3ba2eb870b1ca811bb9120dafd/execute/async - {"script":"<script> [776 bytes]","args":[{"enterText":"TA","selector":{"controlType":"sap.m.Input","viewName":"etm.portal.ui.manageyards.view.New","viewId":"application-manageyards-display-component---NewYard","bindingPath":{"path":"","propertyPath":"/AUART","modelName":"NewYardModel"},"interaction":{"idSuffix":"inner"}},"clearTextFirst":true,"interactionType":"ENTER_TEXT"}]}
RESULT: {"script":"<script> [776 bytes]","args":[{"enterText":"TA","selector":{"controlType":"sap.m.Input","viewName":"etm.portal.ui.manageyards.view.New","viewId":"application-manageyards-display-component---NewYard","bindingPath":{"path":"","propertyPath":"/AUART","modelName":"NewYardModel"},"interaction":{"idSuffix":"inner"}},"clearTextFirst":true,"interactionType":"ENTER_TEXT"}]}
COMMAND: POST /session/b3880d3ba2eb870b1ca811bb9120dafd/element - {"using":"xpath","value":"//button[@data-kt=\"newYardSaveButton\"]"}
RESULT: {"using":"xpath","value":"//button[@data-kt=\"newYardSaveButton\"]"}
COMMAND: POST /session/b3880d3ba2eb870b1ca811bb9120dafd/element/f.34B6D9BAC181A0CDE5A35E7B6EFB882F.d.E772D1FC881A58C0DFBF06C2A8C0D464.e.683/click - {}
RESULT: {}
COMMAND: GET /session/b3880d3ba2eb870b1ca811bb9120dafd/screenshot - {}
RESULT: {}
COMMAND: POST /session/b3880d3ba2eb870b1ca811bb9120dafd/element - {"using":"xpath","value":"//header[contains(@id, 'ObjectPageLayout-headerTitle')]/div[1]/div[2]/div[1]/span[1]"}
RESULT: {"using":"xpath","value":"//header[contains(@id, 'ObjectPageLayout-headerTitle')]/div[1]/div[2]/div[1]/span[1]"}
COMMAND: POST /session/b3880d3ba2eb870b1ca811bb9120dafd/elements - {"using":"xpath","value":"//header[contains(@id, 'ObjectPageLayout-headerTitle')]/div[1]/div[2]/div[1]/span[1]"}
RESULT: {"using":"xpath","value":"//header[contains(@id, 'ObjectPageLayout-headerTitle')]/div[1]/div[2]/div[1]/span[1]"}
COMMAND: POST /session/b3880d3ba2eb870b1ca811bb9120dafd/execute/sync - {"script":"<script> [56 bytes]","args":[{"element-6066-11e4-a52e-4f735466cecf":"f.34B6D9BAC181A0CDE5A35E7B6EFB882F.d.E772D1FC881A58C0DFBF06C2A8C0D464.e.976","ELEMENT":"f.34B6D9BAC181A0CDE5A35E7B6EFB882F.d.E772D1FC881A58C0DFBF06C2A8C0D464.e.976"}]}
RESULT: {"script":"<script> [56 bytes]","args":[{"element-6066-11e4-a52e-4f735466cecf":"f.34B6D9BAC181A0CDE5A35E7B6EFB882F.d.E772D1FC881A58C0DFBF06C2A8C0D464.e.976","ELEMENT":"f.34B6D9BAC181A0CDE5A35E7B6EFB882F.d.E772D1FC881A58C0DFBF06C2A8C0D464.e.976"}]}
COMMAND: GET /session/b3880d3ba2eb870b1ca811bb9120dafd/screenshot - {}
RESULT: {}
COMMAND: POST /session/b3880d3ba2eb870b1ca811bb9120dafd/element - {"using":"css selector","value":"#shell-header-logo"}
RESULT: {"using":"css selector","value":"#shell-header-logo"}
COMMAND: POST /session/b3880d3ba2eb870b1ca811bb9120dafd/element/f.34B6D9BAC181A0CDE5A35E7B6EFB882F.d.E772D1FC881A58C0DFBF06C2A8C0D464.e.235/click - {}
RESULT: {}
COMMAND: GET /session/b3880d3ba2eb870b1ca811bb9120dafd/screenshot - {}
RESULT: {}
COMMAND: POST /session/b3880d3ba2eb870b1ca811bb9120dafd/execute/sync - {"script":"<script> [299 bytes]","args":[["getModel","getResource"]]}
RESULT: {"script":"<script> [299 bytes]","args":[["getModel","getResource"]]}
]]></system-out>
    </testcase>
    <testcase classname="chrome.136_0_7103_93.windows.Bill_of_Resources_tests_for_bundle_creation_&amp;_replenishment_US131067_US131070" name="Should create two equipments one being a copy of the other" time="152.413">
      <system-out><![CDATA[
COMMAND: GET /session/b3880d3ba2eb870b1ca811bb9120dafd/screenshot - {}
COMMAND: POST /session/b3880d3ba2eb870b1ca811bb9120dafd/execute/async - {"script":"<script> [1562 bytes]","args":[{"selector":{"controlType":"sap.m.GenericTile","properties":{"header":"Manage Resources"}},"wdio_ui5_key":"sapm.GenericTile{\"header\":\"Manage Resources\"}"}]}
RESULT: {}
RESULT: {"script":"<script> [1562 bytes]","args":[{"selector":{"controlType":"sap.m.GenericTile","properties":{"header":"Manage Resources"}},"wdio_ui5_key":"sapm.GenericTile{\"header\":\"Manage Resources\"}"}]}
RESULT: undefined
COMMAND: POST /session/b3880d3ba2eb870b1ca811bb9120dafd/element - {"using":"xpath","value":"//*[@id=\"__tile39\"]"}
RESULT: {"using":"xpath","value":"//*[@id=\"__tile39\"]"}
COMMAND: POST /session/b3880d3ba2eb870b1ca811bb9120dafd/element/f.34B6D9BAC181A0CDE5A35E7B6EFB882F.d.E772D1FC881A58C0DFBF06C2A8C0D464.e.126/click - {}
RESULT: {}
COMMAND: GET /session/b3880d3ba2eb870b1ca811bb9120dafd/screenshot - {}
RESULT: {}
COMMAND: POST /session/b3880d3ba2eb870b1ca811bb9120dafd/elements - {"using":"xpath","value":"//span[text()='Error']"}
RESULT: {"using":"xpath","value":"//span[text()='Error']"}
COMMAND: POST /session/b3880d3ba2eb870b1ca811bb9120dafd/element - {"using":"xpath","value":"//button[@data-kt=\"addNewRUOverflowToolbarButton\"]"}
RESULT: {"using":"xpath","value":"//button[@data-kt=\"addNewRUOverflowToolbarButton\"]"}
COMMAND: POST /session/b3880d3ba2eb870b1ca811bb9120dafd/elements - {"using":"xpath","value":"//button[@data-kt=\"addNewRUOverflowToolbarButton\"]"}
RESULT: {"using":"xpath","value":"//button[@data-kt=\"addNewRUOverflowToolbarButton\"]"}
COMMAND: POST /session/b3880d3ba2eb870b1ca811bb9120dafd/elements - {"using":"xpath","value":"//button[@data-kt=\"addNewRUOverflowToolbarButton\"]"}
RESULT: {"using":"xpath","value":"//button[@data-kt=\"addNewRUOverflowToolbarButton\"]"}
COMMAND: POST /session/b3880d3ba2eb870b1ca811bb9120dafd/elements - {"using":"xpath","value":"//button[@data-kt=\"addNewRUOverflowToolbarButton\"]"}
RESULT: {"using":"xpath","value":"//button[@data-kt=\"addNewRUOverflowToolbarButton\"]"}
COMMAND: POST /session/b3880d3ba2eb870b1ca811bb9120dafd/element - {"using":"xpath","value":"//button[@data-kt=\"addNewRUOverflowToolbarButton\"]"}
RESULT: {"using":"xpath","value":"//button[@data-kt=\"addNewRUOverflowToolbarButton\"]"}
COMMAND: POST /session/b3880d3ba2eb870b1ca811bb9120dafd/execute/sync - {"script":"<script> [8489 bytes]","args":[{"element-6066-11e4-a52e-4f735466cecf":"f.34B6D9BAC181A0CDE5A35E7B6EFB882F.d.E772D1FC881A58C0DFBF06C2A8C0D464.e.1008","ELEMENT":"f.34B6D9BAC181A0CDE5A35E7B6EFB882F.d.E772D1FC881A58C0DFBF06C2A8C0D464.e.1008"}]}
RESULT: {"script":"<script> [8489 bytes]","args":[{"element-6066-11e4-a52e-4f735466cecf":"f.34B6D9BAC181A0CDE5A35E7B6EFB882F.d.E772D1FC881A58C0DFBF06C2A8C0D464.e.1008","ELEMENT":"f.34B6D9BAC181A0CDE5A35E7B6EFB882F.d.E772D1FC881A58C0DFBF06C2A8C0D464.e.1008"}]}
COMMAND: GET /session/b3880d3ba2eb870b1ca811bb9120dafd/element/f.34B6D9BAC181A0CDE5A35E7B6EFB882F.d.E772D1FC881A58C0DFBF06C2A8C0D464.e.1008/enabled - {}
COMMAND: GET /session/b3880d3ba2eb870b1ca811bb9120dafd/screenshot - {}
RESULT: {}
COMMAND: POST /session/b3880d3ba2eb870b1ca811bb9120dafd/execute/sync - {"script":"<script> [8489 bytes]","args":[{"element-6066-11e4-a52e-4f735466cecf":"f.34B6D9BAC181A0CDE5A35E7B6EFB882F.d.E772D1FC881A58C0DFBF06C2A8C0D464.e.1008","ELEMENT":"f.34B6D9BAC181A0CDE5A35E7B6EFB882F.d.E772D1FC881A58C0DFBF06C2A8C0D464.e.1008"}]}
COMMAND: GET /session/b3880d3ba2eb870b1ca811bb9120dafd/screenshot - {}
RESULT: {}
RESULT: {"script":"<script> [8489 bytes]","args":[{"element-6066-11e4-a52e-4f735466cecf":"f.34B6D9BAC181A0CDE5A35E7B6EFB882F.d.E772D1FC881A58C0DFBF06C2A8C0D464.e.1008","ELEMENT":"f.34B6D9BAC181A0CDE5A35E7B6EFB882F.d.E772D1FC881A58C0DFBF06C2A8C0D464.e.1008"}]}
COMMAND: POST /session/b3880d3ba2eb870b1ca811bb9120dafd/execute/sync - {"script":"<script> [5351 bytes]","args":[{"element-6066-11e4-a52e-4f735466cecf":"f.34B6D9BAC181A0CDE5A35E7B6EFB882F.d.E772D1FC881A58C0DFBF06C2A8C0D464.e.1008","ELEMENT":"f.34B6D9BAC181A0CDE5A35E7B6EFB882F.d.E772D1FC881A58C0DFBF06C2A8C0D464.e.1008"}]}
COMMAND: GET /session/b3880d3ba2eb870b1ca811bb9120dafd/screenshot - {}
RESULT: {}
RESULT: {"script":"<script> [5351 bytes]","args":[{"element-6066-11e4-a52e-4f735466cecf":"f.34B6D9BAC181A0CDE5A35E7B6EFB882F.d.E772D1FC881A58C0DFBF06C2A8C0D464.e.1008","ELEMENT":"f.34B6D9BAC181A0CDE5A35E7B6EFB882F.d.E772D1FC881A58C0DFBF06C2A8C0D464.e.1008"}]}
COMMAND: POST /session/b3880d3ba2eb870b1ca811bb9120dafd/element/f.34B6D9BAC181A0CDE5A35E7B6EFB882F.d.E772D1FC881A58C0DFBF06C2A8C0D464.e.1008/click - {}
COMMAND: GET /session/b3880d3ba2eb870b1ca811bb9120dafd/screenshot - {}
RESULT: {}
RESULT: {}
COMMAND: GET /session/b3880d3ba2eb870b1ca811bb9120dafd/screenshot - {}
COMMAND: POST /session/b3880d3ba2eb870b1ca811bb9120dafd/execute/async - {"script":"<script> [1562 bytes]","args":[{"selector":{"id":"application-manageresources-display-component---newResourceUnit--TYPE-arrow"},"wdio_ui5_key":"applicationmanageresources-display-component---newResourceUnit--TYPE-arrow"}]}
RESULT: {}
RESULT: {}
RESULT: {"script":"<script> [1562 bytes]","args":[{"selector":{"id":"application-manageresources-display-component---newResourceUnit--TYPE-arrow"},"wdio_ui5_key":"applicationmanageresources-display-component---newResourceUnit--TYPE-arrow"}]}
RESULT: undefined
COMMAND: POST /session/b3880d3ba2eb870b1ca811bb9120dafd/element - {"using":"xpath","value":"//*[@id=\"application-manageresources-display-component---newResourceUnit--TYPE-arrow\"]"}
RESULT: {"using":"xpath","value":"//*[@id=\"application-manageresources-display-component---newResourceUnit--TYPE-arrow\"]"}
COMMAND: POST /session/b3880d3ba2eb870b1ca811bb9120dafd/element/f.34B6D9BAC181A0CDE5A35E7B6EFB882F.d.E772D1FC881A58C0DFBF06C2A8C0D464.e.1364/click - {}
RESULT: {}
COMMAND: POST /session/b3880d3ba2eb870b1ca811bb9120dafd/execute/async - {"script":"<script> [1562 bytes]","args":[{"selector":{"controlType":"sap.m.StandardListItem","viewName":"reusables.view.manageresources.NewResourceUnit","viewId":"application-manageresources-display-component---newResourceUnit","properties":{"title":"Equipment"},"searchOpenDialogs":true,"interaction":{"idSuffix":"content"}},"wdio_ui5_key":"reusablesview.manageresources.NewResourceUnitsap.m.StandardListItem{\"title\":\"Equipment\"}"}]}
COMMAND: GET /session/b3880d3ba2eb870b1ca811bb9120dafd/screenshot - {}
RESULT: {"script":"<script> [1562 bytes]","args":[{"selector":{"controlType":"sap.m.StandardListItem","viewName":"reusables.view.manageresources.NewResourceUnit","viewId":"application-manageresources-display-component---newResourceUnit","properties":{"title":"Equipment"},"searchOpenDialogs":true,"interaction":{"idSuffix":"content"}},"wdio_ui5_key":"reusablesview.manageresources.NewResourceUnitsap.m.StandardListItem{\"title\":\"Equipment\"}"}]}
RESULT: undefined
COMMAND: POST /session/b3880d3ba2eb870b1ca811bb9120dafd/element - {"using":"xpath","value":"//*[@id=\"__item507\"]"}
RESULT: {}
RESULT: {"using":"xpath","value":"//*[@id=\"__item507\"]"}
COMMAND: POST /session/b3880d3ba2eb870b1ca811bb9120dafd/element/f.34B6D9BAC181A0CDE5A35E7B6EFB882F.d.E772D1FC881A58C0DFBF06C2A8C0D464.e.1367/click - {}
RESULT: {}
COMMAND: POST /session/b3880d3ba2eb870b1ca811bb9120dafd/execute/async - {"script":"<script> [1562 bytes]","args":[{"selector":{"id":"application-manageresources-display-component---newResourceUnit--resourceId","interaction":{"idSuffix":"inner"}},"wdio_ui5_key":"applicationmanageresources-display-component---newResourceUnit--resourceId"}]}
COMMAND: GET /session/b3880d3ba2eb870b1ca811bb9120dafd/screenshot - {}
RESULT: {"script":"<script> [1562 bytes]","args":[{"selector":{"id":"application-manageresources-display-component---newResourceUnit--resourceId","interaction":{"idSuffix":"inner"}},"wdio_ui5_key":"applicationmanageresources-display-component---newResourceUnit--resourceId"}]}
RESULT: undefined
COMMAND: POST /session/b3880d3ba2eb870b1ca811bb9120dafd/execute/async - {"script":"<script> [776 bytes]","args":[{"enterText":"sfzQI81WG_1","selector":{"id":"application-manageresources-display-component---newResourceUnit--resourceId","interaction":{"idSuffix":"inner"}},"clearTextFirst":true,"interactionType":"ENTER_TEXT"}]}
RESULT: {}
RESULT: {"script":"<script> [776 bytes]","args":[{"enterText":"sfzQI81WG_1","selector":{"id":"application-manageresources-display-component---newResourceUnit--resourceId","interaction":{"idSuffix":"inner"}},"clearTextFirst":true,"interactionType":"ENTER_TEXT"}]}
COMMAND: POST /session/b3880d3ba2eb870b1ca811bb9120dafd/execute/async - {"script":"<script> [1562 bytes]","args":[{"selector":{"id":"application-manageresources-display-component---newResourceUnit--SHORT_TEXT","interaction":{"idSuffix":"inner"}},"wdio_ui5_key":"applicationmanageresources-display-component---newResourceUnit--SHORT_TEXT"}]}
RESULT: {"script":"<script> [1562 bytes]","args":[{"selector":{"id":"application-manageresources-display-component---newResourceUnit--SHORT_TEXT","interaction":{"idSuffix":"inner"}},"wdio_ui5_key":"applicationmanageresources-display-component---newResourceUnit--SHORT_TEXT"}]}
RESULT: undefined
COMMAND: POST /session/b3880d3ba2eb870b1ca811bb9120dafd/execute/async - {"script":"<script> [776 bytes]","args":[{"enterText":"sfzQI81WG_1","selector":{"id":"application-manageresources-display-component---newResourceUnit--SHORT_TEXT","interaction":{"idSuffix":"inner"}},"clearTextFirst":true,"interactionType":"ENTER_TEXT"}]}
RESULT: {"script":"<script> [776 bytes]","args":[{"enterText":"sfzQI81WG_1","selector":{"id":"application-manageresources-display-component---newResourceUnit--SHORT_TEXT","interaction":{"idSuffix":"inner"}},"clearTextFirst":true,"interactionType":"ENTER_TEXT"}]}
COMMAND: POST /session/b3880d3ba2eb870b1ca811bb9120dafd/execute/async - {"script":"<script> [1562 bytes]","args":[{"selector":{"id":"application-manageresources-display-component---newResourceUnit--BASE_UNIT_OF_MEASURE","interaction":{"idSuffix":"inner"}},"wdio_ui5_key":"applicationmanageresources-display-component---newResourceUnit--BASE_UNIT_OF_MEASURE"}]}
RESULT: {"script":"<script> [1562 bytes]","args":[{"selector":{"id":"application-manageresources-display-component---newResourceUnit--BASE_UNIT_OF_MEASURE","interaction":{"idSuffix":"inner"}},"wdio_ui5_key":"applicationmanageresources-display-component---newResourceUnit--BASE_UNIT_OF_MEASURE"}]}
RESULT: undefined
COMMAND: POST /session/b3880d3ba2eb870b1ca811bb9120dafd/execute/async - {"script":"<script> [776 bytes]","args":[{"enterText":"Piece","selector":{"id":"application-manageresources-display-component---newResourceUnit--BASE_UNIT_OF_MEASURE","interaction":{"idSuffix":"inner"}},"clearTextFirst":true,"interactionType":"ENTER_TEXT"}]}
RESULT: {"script":"<script> [776 bytes]","args":[{"enterText":"Piece","selector":{"id":"application-manageresources-display-component---newResourceUnit--BASE_UNIT_OF_MEASURE","interaction":{"idSuffix":"inner"}},"clearTextFirst":true,"interactionType":"ENTER_TEXT"}]}
COMMAND: POST /session/b3880d3ba2eb870b1ca811bb9120dafd/execute/async - {"script":"<script> [1562 bytes]","args":[{"selector":{"id":"application-manageresources-display-component---newResourceUnit--WEIGHT_UNIT","interaction":{"idSuffix":"inner"}},"wdio_ui5_key":"applicationmanageresources-display-component---newResourceUnit--WEIGHT_UNIT"}]}
RESULT: {"script":"<script> [1562 bytes]","args":[{"selector":{"id":"application-manageresources-display-component---newResourceUnit--WEIGHT_UNIT","interaction":{"idSuffix":"inner"}},"wdio_ui5_key":"applicationmanageresources-display-component---newResourceUnit--WEIGHT_UNIT"}]}
RESULT: undefined
COMMAND: POST /session/b3880d3ba2eb870b1ca811bb9120dafd/execute/async - {"script":"<script> [776 bytes]","args":[{"enterText":"Gram","selector":{"id":"application-manageresources-display-component---newResourceUnit--WEIGHT_UNIT","interaction":{"idSuffix":"inner"}},"clearTextFirst":true,"interactionType":"ENTER_TEXT"}]}
RESULT: {"script":"<script> [776 bytes]","args":[{"enterText":"Gram","selector":{"id":"application-manageresources-display-component---newResourceUnit--WEIGHT_UNIT","interaction":{"idSuffix":"inner"}},"clearTextFirst":true,"interactionType":"ENTER_TEXT"}]}
COMMAND: POST /session/b3880d3ba2eb870b1ca811bb9120dafd/execute/async - {"script":"<script> [1562 bytes]","args":[{"selector":{"id":"application-manageresources-display-component---newResourceUnit--DIMENSION_UNIT","interaction":{"idSuffix":"inner"}},"wdio_ui5_key":"applicationmanageresources-display-component---newResourceUnit--DIMENSION_UNIT"}]}
RESULT: {"script":"<script> [1562 bytes]","args":[{"selector":{"id":"application-manageresources-display-component---newResourceUnit--DIMENSION_UNIT","interaction":{"idSuffix":"inner"}},"wdio_ui5_key":"applicationmanageresources-display-component---newResourceUnit--DIMENSION_UNIT"}]}
RESULT: undefined
COMMAND: POST /session/b3880d3ba2eb870b1ca811bb9120dafd/execute/async - {"script":"<script> [776 bytes]","args":[{"enterText":"Meter","selector":{"id":"application-manageresources-display-component---newResourceUnit--DIMENSION_UNIT","interaction":{"idSuffix":"inner"}},"clearTextFirst":true,"interactionType":"ENTER_TEXT"}]}
RESULT: {"script":"<script> [776 bytes]","args":[{"enterText":"Meter","selector":{"id":"application-manageresources-display-component---newResourceUnit--DIMENSION_UNIT","interaction":{"idSuffix":"inner"}},"clearTextFirst":true,"interactionType":"ENTER_TEXT"}]}
COMMAND: POST /session/b3880d3ba2eb870b1ca811bb9120dafd/execute/async - {"script":"<script> [1562 bytes]","args":[{"selector":{"id":"application-manageresources-display-component---newResourceUnit--newRRUPage-anchBar-application-manageresources-display-component---newResourceUnit--control-anchor","interaction":{"idSuffix":"BDI-content"}},"wdio_ui5_key":"applicationmanageresources-display-component---newResourceUnit--newRRUPage-anchBar-application-manageresources-display-component---newResourceUnit--control-anchor"}]}
RESULT: {"script":"<script> [1562 bytes]","args":[{"selector":{"id":"application-manageresources-display-component---newResourceUnit--newRRUPage-anchBar-application-manageresources-display-component---newResourceUnit--control-anchor","interaction":{"idSuffix":"BDI-content"}},"wdio_ui5_key":"applicationmanageresources-display-component---newResourceUnit--newRRUPage-anchBar-application-manageresources-display-component---newResourceUnit--control-anchor"}]}
RESULT: undefined
COMMAND: POST /session/b3880d3ba2eb870b1ca811bb9120dafd/element - {"using":"xpath","value":"//*[@id=\"application-manageresources-display-component---newResourceUnit--newRRUPage-anchBar-application-manageresources-display-component---newResourceUnit--control-anchor\"]"}
RESULT: {"using":"xpath","value":"//*[@id=\"application-manageresources-display-component---newResourceUnit--newRRUPage-anchBar-application-manageresources-display-component---newResourceUnit--control-anchor\"]"}
COMMAND: POST /session/b3880d3ba2eb870b1ca811bb9120dafd/element/f.34B6D9BAC181A0CDE5A35E7B6EFB882F.d.E772D1FC881A58C0DFBF06C2A8C0D464.e.1521/click - {}
RESULT: {}
COMMAND: POST /session/b3880d3ba2eb870b1ca811bb9120dafd/execute/async - {"script":"<script> [1562 bytes]","args":[{"selector":{"id":"application-manageresources-display-component---newResourceUnit--PLANNING_GROUP","interaction":{"idSuffix":"inner"}},"wdio_ui5_key":"applicationmanageresources-display-component---newResourceUnit--PLANNING_GROUP"}]}
COMMAND: GET /session/b3880d3ba2eb870b1ca811bb9120dafd/screenshot - {}
RESULT: {"script":"<script> [1562 bytes]","args":[{"selector":{"id":"application-manageresources-display-component---newResourceUnit--PLANNING_GROUP","interaction":{"idSuffix":"inner"}},"wdio_ui5_key":"applicationmanageresources-display-component---newResourceUnit--PLANNING_GROUP"}]}
RESULT: undefined
COMMAND: POST /session/b3880d3ba2eb870b1ca811bb9120dafd/execute/async - {"script":"<script> [776 bytes]","args":[{"enterText":"Heavy Equi","selector":{"id":"application-manageresources-display-component---newResourceUnit--PLANNING_GROUP","interaction":{"idSuffix":"inner"}},"clearTextFirst":true,"interactionType":"ENTER_TEXT"}]}
RESULT: {}
RESULT: {"script":"<script> [776 bytes]","args":[{"enterText":"Heavy Equi","selector":{"id":"application-manageresources-display-component---newResourceUnit--PLANNING_GROUP","interaction":{"idSuffix":"inner"}},"clearTextFirst":true,"interactionType":"ENTER_TEXT"}]}
COMMAND: POST /session/b3880d3ba2eb870b1ca811bb9120dafd/execute/async - {"script":"<script> [1562 bytes]","args":[{"selector":{"id":"application-manageresources-display-component---newResourceUnit--ITEM_TYPE-arrow"},"wdio_ui5_key":"applicationmanageresources-display-component---newResourceUnit--ITEM_TYPE-arrow"}]}
RESULT: {"script":"<script> [1562 bytes]","args":[{"selector":{"id":"application-manageresources-display-component---newResourceUnit--ITEM_TYPE-arrow"},"wdio_ui5_key":"applicationmanageresources-display-component---newResourceUnit--ITEM_TYPE-arrow"}]}
RESULT: undefined
COMMAND: POST /session/b3880d3ba2eb870b1ca811bb9120dafd/element - {"using":"xpath","value":"//*[@id=\"application-manageresources-display-component---newResourceUnit--ITEM_TYPE-arrow\"]"}
RESULT: {"using":"xpath","value":"//*[@id=\"application-manageresources-display-component---newResourceUnit--ITEM_TYPE-arrow\"]"}
COMMAND: POST /session/b3880d3ba2eb870b1ca811bb9120dafd/element/f.34B6D9BAC181A0CDE5A35E7B6EFB882F.d.E772D1FC881A58C0DFBF06C2A8C0D464.e.1530/click - {}
RESULT: {}
COMMAND: POST /session/b3880d3ba2eb870b1ca811bb9120dafd/execute/async - {"script":"<script> [1562 bytes]","args":[{"selector":{"controlType":"sap.m.StandardListItem","viewName":"reusables.view.manageresources.NewResourceUnit","viewId":"application-manageresources-display-component---newResourceUnit","properties":{"title":"Resource Unit"},"searchOpenDialogs":true,"interaction":{"idSuffix":"titleText"}},"wdio_ui5_key":"reusablesview.manageresources.NewResourceUnitsap.m.StandardListItem{\"title\":\"Resource Unit\"}"}]}
COMMAND: GET /session/b3880d3ba2eb870b1ca811bb9120dafd/screenshot - {}
RESULT: {"script":"<script> [1562 bytes]","args":[{"selector":{"controlType":"sap.m.StandardListItem","viewName":"reusables.view.manageresources.NewResourceUnit","viewId":"application-manageresources-display-component---newResourceUnit","properties":{"title":"Resource Unit"},"searchOpenDialogs":true,"interaction":{"idSuffix":"titleText"}},"wdio_ui5_key":"reusablesview.manageresources.NewResourceUnitsap.m.StandardListItem{\"title\":\"Resource Unit\"}"}]}
RESULT: undefined
COMMAND: POST /session/b3880d3ba2eb870b1ca811bb9120dafd/element - {"using":"xpath","value":"//*[@id=\"__item593\"]"}
RESULT: {}
RESULT: {"using":"xpath","value":"//*[@id=\"__item593\"]"}
COMMAND: POST /session/b3880d3ba2eb870b1ca811bb9120dafd/element/f.34B6D9BAC181A0CDE5A35E7B6EFB882F.d.E772D1FC881A58C0DFBF06C2A8C0D464.e.1532/click - {}
RESULT: {}
COMMAND: POST /session/b3880d3ba2eb870b1ca811bb9120dafd/execute/async - {"script":"<script> [1562 bytes]","args":[{"selector":{"id":"application-manageresources-display-component---newResourceUnit--btnAddTimeSegment-img"},"wdio_ui5_key":"applicationmanageresources-display-component---newResourceUnit--btnAddTimeSegment-img"}]}
COMMAND: GET /session/b3880d3ba2eb870b1ca811bb9120dafd/screenshot - {}
RESULT: {"script":"<script> [1562 bytes]","args":[{"selector":{"id":"application-manageresources-display-component---newResourceUnit--btnAddTimeSegment-img"},"wdio_ui5_key":"applicationmanageresources-display-component---newResourceUnit--btnAddTimeSegment-img"}]}
RESULT: undefined
COMMAND: POST /session/b3880d3ba2eb870b1ca811bb9120dafd/element - {"using":"xpath","value":"//*[@id=\"application-manageresources-display-component---newResourceUnit--btnAddTimeSegment-img\"]"}
RESULT: {}
RESULT: {"using":"xpath","value":"//*[@id=\"application-manageresources-display-component---newResourceUnit--btnAddTimeSegment-img\"]"}
COMMAND: POST /session/b3880d3ba2eb870b1ca811bb9120dafd/element/f.34B6D9BAC181A0CDE5A35E7B6EFB882F.d.E772D1FC881A58C0DFBF06C2A8C0D464.e.1539/click - {}
RESULT: {}
COMMAND: GET /session/b3880d3ba2eb870b1ca811bb9120dafd/screenshot - {}
RESULT: {}
COMMAND: POST /session/b3880d3ba2eb870b1ca811bb9120dafd/element - {"using":"xpath","value":"//input[@id=\"application-manageresources-display-component---newResourceUnit--idRuTSAdmin-application-manageresources-display-component---newResourceUnit--RUTimeSegment-0-inner\"]"}
RESULT: {"using":"xpath","value":"//input[@id=\"application-manageresources-display-component---newResourceUnit--idRuTSAdmin-application-manageresources-display-component---newResourceUnit--RUTimeSegment-0-inner\"]"}
COMMAND: POST /session/b3880d3ba2eb870b1ca811bb9120dafd/element/f.34B6D9BAC181A0CDE5A35E7B6EFB882F.d.E772D1FC881A58C0DFBF06C2A8C0D464.e.1543/clear - {}
RESULT: {}
COMMAND: POST /session/b3880d3ba2eb870b1ca811bb9120dafd/element/f.34B6D9BAC181A0CDE5A35E7B6EFB882F.d.E772D1FC881A58C0DFBF06C2A8C0D464.e.1543/value - {"text":"423"}
COMMAND: GET /session/b3880d3ba2eb870b1ca811bb9120dafd/screenshot - {}
RESULT: {"text":"423"}
COMMAND: GET /session/b3880d3ba2eb870b1ca811bb9120dafd/screenshot - {}
RESULT: {}
RESULT: {}
COMMAND: POST /session/b3880d3ba2eb870b1ca811bb9120dafd/element - {"using":"xpath","value":"//li[.//span[text()='423']]"}
RESULT: {"using":"xpath","value":"//li[.//span[text()='423']]"}
COMMAND: POST /session/b3880d3ba2eb870b1ca811bb9120dafd/element/f.34B6D9BAC181A0CDE5A35E7B6EFB882F.d.E772D1FC881A58C0DFBF06C2A8C0D464.e.1556/click - {}
RESULT: {}
COMMAND: GET /session/b3880d3ba2eb870b1ca811bb9120dafd/screenshot - {}
RESULT: {}
COMMAND: POST /session/b3880d3ba2eb870b1ca811bb9120dafd/execute/async - {"script":"<script> [1562 bytes]","args":[{"selector":{"controlType":"sap.ui.core.Icon","viewName":"reusables.view.manageresources.NewResourceUnit","viewId":"application-manageresources-display-component---newResourceUnit","properties":{"src":{"regex":{"source":"slim\\-arrow\\-down"}}},"ancestor":{"controlType":"sap.m.ComboBox","viewName":"reusables.view.manageresources.NewResourceUnit","viewId":"application-manageresources-display-component---newResourceUnit","bindingPath":{"path":"/RESOURCE_UNIT_TIME_SEQUENCES/0","propertyPath":"COST_OBJECT_ADMIN_CST_TYPE","modelName":"oNewRruModel"}}},"wdio_ui5_key":"reusablesview.manageresources.NewResourceUnitsap.ui.core.Icon{\"src\":{\"regex\":{\"source\":\"slim\\\\-arrow\\\\-down\"}}}{\"controlType\":\"sap.m.ComboBox\",\"viewName\":\"reusables.view.manageresources.NewResourceUnit\",\"viewId\":\"application-manageresources-display-component---newResourceUnit\",\"bindingPath\":{\"path\":\"/RESOURCE_UNIT_TIME_SEQUENCES/0\",\"propertyPath\":\"COST_OBJECT_ADMIN_CST_TYPE\",\"modelName\":\"oNewRruModel\"}}"}]}
RESULT: {"script":"<script> [1562 bytes]","args":[{"selector":{"controlType":"sap.ui.core.Icon","viewName":"reusables.view.manageresources.NewResourceUnit","viewId":"application-manageresources-display-component---newResourceUnit","properties":{"src":{"regex":{"source":"slim\\-arrow\\-down"}}},"ancestor":{"controlType":"sap.m.ComboBox","viewName":"reusables.view.manageresources.NewResourceUnit","viewId":"application-manageresources-display-component---newResourceUnit","bindingPath":{"path":"/RESOURCE_UNIT_TIME_SEQUENCES/0","propertyPath":"COST_OBJECT_ADMIN_CST_TYPE","modelName":"oNewRruModel"}}},"wdio_ui5_key":"reusablesview.manageresources.NewResourceUnitsap.ui.core.Icon{\"src\":{\"regex\":{\"source\":\"slim\\\\-arrow\\\\-down\"}}}{\"controlType\":\"sap.m.ComboBox\",\"viewName\":\"reusables.view.manageresources.NewResourceUnit\",\"viewId\":\"application-manageresources-display-component---newResourceUnit\",\"bindingPath\":{\"path\":\"/RESOURCE_UNIT_TIME_SEQUENCES/0\",\"propertyPath\":\"COST_OBJECT_ADMIN_CST_TYPE\",\"modelName\":\"oNewRruModel\"}}"}]}
RESULT: undefined
COMMAND: POST /session/b3880d3ba2eb870b1ca811bb9120dafd/element - {"using":"xpath","value":"//*[@id=\"__box20-application-manageresources-display-component---newResourceUnit--RUTimeSegment-0-arrow\"]"}
RESULT: {"using":"xpath","value":"//*[@id=\"__box20-application-manageresources-display-component---newResourceUnit--RUTimeSegment-0-arrow\"]"}
COMMAND: POST /session/b3880d3ba2eb870b1ca811bb9120dafd/element/f.34B6D9BAC181A0CDE5A35E7B6EFB882F.d.E772D1FC881A58C0DFBF06C2A8C0D464.e.1557/click - {}
RESULT: {}
COMMAND: POST /session/b3880d3ba2eb870b1ca811bb9120dafd/execute/async - {"script":"<script> [1562 bytes]","args":[{"selector":{"controlType":"sap.m.StandardListItem","viewName":"reusables.view.manageresources.NewResourceUnit","viewId":"application-manageresources-display-component---newResourceUnit","properties":{"title":"PM Order"},"searchOpenDialogs":true,"interaction":{"idSuffix":"titleText"}},"wdio_ui5_key":"reusablesview.manageresources.NewResourceUnitsap.m.StandardListItem{\"title\":\"PM Order\"}"}]}
COMMAND: GET /session/b3880d3ba2eb870b1ca811bb9120dafd/screenshot - {}
RESULT: {"script":"<script> [1562 bytes]","args":[{"selector":{"controlType":"sap.m.StandardListItem","viewName":"reusables.view.manageresources.NewResourceUnit","viewId":"application-manageresources-display-component---newResourceUnit","properties":{"title":"PM Order"},"searchOpenDialogs":true,"interaction":{"idSuffix":"titleText"}},"wdio_ui5_key":"reusablesview.manageresources.NewResourceUnitsap.m.StandardListItem{\"title\":\"PM Order\"}"}]}
RESULT: undefined
COMMAND: POST /session/b3880d3ba2eb870b1ca811bb9120dafd/element - {"using":"xpath","value":"//*[@id=\"__item928\"]"}
RESULT: {}
RESULT: {"using":"xpath","value":"//*[@id=\"__item928\"]"}
COMMAND: POST /session/b3880d3ba2eb870b1ca811bb9120dafd/element/f.34B6D9BAC181A0CDE5A35E7B6EFB882F.d.E772D1FC881A58C0DFBF06C2A8C0D464.e.1561/click - {}
RESULT: {}
COMMAND: GET /session/b3880d3ba2eb870b1ca811bb9120dafd/screenshot - {}
RESULT: {}
COMMAND: POST /session/b3880d3ba2eb870b1ca811bb9120dafd/element - {"using":"xpath","value":"(//input[contains(@id ,\"-application-manageresources-display-component---newResourceUnit--RUTimeSegment-0-inner\")])[8]"}
RESULT: {"using":"xpath","value":"(//input[contains(@id ,\"-application-manageresources-display-component---newResourceUnit--RUTimeSegment-0-inner\")])[8]"}
COMMAND: POST /session/b3880d3ba2eb870b1ca811bb9120dafd/element/f.34B6D9BAC181A0CDE5A35E7B6EFB882F.d.E772D1FC881A58C0DFBF06C2A8C0D464.e.1564/clear - {}
RESULT: {}
COMMAND: POST /session/b3880d3ba2eb870b1ca811bb9120dafd/element/f.34B6D9BAC181A0CDE5A35E7B6EFB882F.d.E772D1FC881A58C0DFBF06C2A8C0D464.e.1564/value - {"text":"4000360"}
COMMAND: GET /session/b3880d3ba2eb870b1ca811bb9120dafd/screenshot - {}
RESULT: {"text":"4000360"}
COMMAND: GET /session/b3880d3ba2eb870b1ca811bb9120dafd/screenshot - {}
RESULT: {}
RESULT: {}
COMMAND: POST /session/b3880d3ba2eb870b1ca811bb9120dafd/actions - {"actions":[{"id":"action2","type":"key","parameters":{},"actions":[{"type":"keyDown","value":""},{"type":"pause","duration":10},{"type":"keyUp","value":""}]}]}
RESULT: {"actions":[{"id":"action2","type":"key","parameters":{},"actions":[{"type":"keyDown","value":""},{"type":"pause","duration":10},{"type":"keyUp","value":""}]}]}
COMMAND: GET /session/b3880d3ba2eb870b1ca811bb9120dafd/screenshot - {}
RESULT: {}
COMMAND: POST /session/b3880d3ba2eb870b1ca811bb9120dafd/execute/async - {"script":"<script> [1562 bytes]","args":[{"selector":{"id":"application-manageresources-display-component---newResourceUnit--newRRUPage-anchBar-application-manageresources-display-component---newResourceUnit--resource-anchor","interaction":{"idSuffix":"BDI-content"}},"wdio_ui5_key":"applicationmanageresources-display-component---newResourceUnit--newRRUPage-anchBar-application-manageresources-display-component---newResourceUnit--resource-anchor"}]}
RESULT: {"script":"<script> [1562 bytes]","args":[{"selector":{"id":"application-manageresources-display-component---newResourceUnit--newRRUPage-anchBar-application-manageresources-display-component---newResourceUnit--resource-anchor","interaction":{"idSuffix":"BDI-content"}},"wdio_ui5_key":"applicationmanageresources-display-component---newResourceUnit--newRRUPage-anchBar-application-manageresources-display-component---newResourceUnit--resource-anchor"}]}
RESULT: undefined
COMMAND: POST /session/b3880d3ba2eb870b1ca811bb9120dafd/element - {"using":"xpath","value":"//*[@id=\"application-manageresources-display-component---newResourceUnit--newRRUPage-anchBar-application-manageresources-display-component---newResourceUnit--resource-anchor\"]"}
RESULT: {"using":"xpath","value":"//*[@id=\"application-manageresources-display-component---newResourceUnit--newRRUPage-anchBar-application-manageresources-display-component---newResourceUnit--resource-anchor\"]"}
COMMAND: POST /session/b3880d3ba2eb870b1ca811bb9120dafd/element/f.34B6D9BAC181A0CDE5A35E7B6EFB882F.d.E772D1FC881A58C0DFBF06C2A8C0D464.e.1596/click - {}
RESULT: {}
COMMAND: POST /session/b3880d3ba2eb870b1ca811bb9120dafd/execute/async - {"script":"<script> [1562 bytes]","args":[{"selector":{"id":"application-manageresources-display-component---newResourceUnit--PLANNED_DELIVERY_DATE","interaction":{"idSuffix":"inner"}},"wdio_ui5_key":"applicationmanageresources-display-component---newResourceUnit--PLANNED_DELIVERY_DATE"}]}
COMMAND: GET /session/b3880d3ba2eb870b1ca811bb9120dafd/screenshot - {}
RESULT: {"script":"<script> [1562 bytes]","args":[{"selector":{"id":"application-manageresources-display-component---newResourceUnit--PLANNED_DELIVERY_DATE","interaction":{"idSuffix":"inner"}},"wdio_ui5_key":"applicationmanageresources-display-component---newResourceUnit--PLANNED_DELIVERY_DATE"}]}
RESULT: undefined
COMMAND: POST /session/b3880d3ba2eb870b1ca811bb9120dafd/execute/async - {"script":"<script> [6424 bytes]","args":[{"element-6066-11e4-a52e-4f735466cecf":"f.34B6D9BAC181A0CDE5A35E7B6EFB882F.d.E772D1FC881A58C0DFBF06C2A8C0D464.e.1420"},"setValue",["5/28/25"]]}
RESULT: {}
RESULT: {"script":"<script> [6424 bytes]","args":[{"element-6066-11e4-a52e-4f735466cecf":"f.34B6D9BAC181A0CDE5A35E7B6EFB882F.d.E772D1FC881A58C0DFBF06C2A8C0D464.e.1420"},"setValue",["5/28/25"]]}
COMMAND: POST /session/b3880d3ba2eb870b1ca811bb9120dafd/execute/async - {"script":"<script> [1562 bytes]","args":[{"selector":{"controlType":"sap.m.Button","viewName":"reusables.view.manageresources.NewResourceUnit","viewId":"application-manageresources-display-component---newResourceUnit","i18NText":{"propertyName":"tooltip","key":"save"},"interaction":{"idSuffix":"BDI-content"}},"wdio_ui5_key":"reusablesview.manageresources.NewResourceUnitsap.m.Button{\"propertyName\":\"tooltip\",\"key\":\"save\"}"}]}
RESULT: {"script":"<script> [1562 bytes]","args":[{"selector":{"controlType":"sap.m.Button","viewName":"reusables.view.manageresources.NewResourceUnit","viewId":"application-manageresources-display-component---newResourceUnit","i18NText":{"propertyName":"tooltip","key":"save"},"interaction":{"idSuffix":"BDI-content"}},"wdio_ui5_key":"reusablesview.manageresources.NewResourceUnitsap.m.Button{\"propertyName\":\"tooltip\",\"key\":\"save\"}"}]}
RESULT: undefined
COMMAND: POST /session/b3880d3ba2eb870b1ca811bb9120dafd/element - {"using":"xpath","value":"//*[@id=\"application-manageresources-display-component---newResourceUnit--createRuButton\"]"}
RESULT: {"using":"xpath","value":"//*[@id=\"application-manageresources-display-component---newResourceUnit--createRuButton\"]"}
COMMAND: POST /session/b3880d3ba2eb870b1ca811bb9120dafd/element/f.34B6D9BAC181A0CDE5A35E7B6EFB882F.d.E772D1FC881A58C0DFBF06C2A8C0D464.e.1380/click - {}
RESULT: {}
COMMAND: GET /session/b3880d3ba2eb870b1ca811bb9120dafd/screenshot - {}
RESULT: {}
COMMAND: POST /session/b3880d3ba2eb870b1ca811bb9120dafd/execute/async - {"script":"<script> [1562 bytes]","args":[{"selector":{"controlType":"sap.m.Button","properties":{"text":"Close"},"searchOpenDialogs":true,"interaction":{"idSuffix":"inner"}},"wdio_ui5_key":"sapm.Button{\"text\":\"Close\"}"}]}
RESULT: {"script":"<script> [1562 bytes]","args":[{"selector":{"controlType":"sap.m.Button","properties":{"text":"Close"},"searchOpenDialogs":true,"interaction":{"idSuffix":"inner"}},"wdio_ui5_key":"sapm.Button{\"text\":\"Close\"}"}]}
RESULT: undefined
COMMAND: POST /session/b3880d3ba2eb870b1ca811bb9120dafd/element - {"using":"xpath","value":"//*[@id=\"__mbox-btn-0\"]"}
RESULT: {"using":"xpath","value":"//*[@id=\"__mbox-btn-0\"]"}
COMMAND: POST /session/b3880d3ba2eb870b1ca811bb9120dafd/element/f.34B6D9BAC181A0CDE5A35E7B6EFB882F.d.E772D1FC881A58C0DFBF06C2A8C0D464.e.1602/click - {}
RESULT: {}
COMMAND: GET /session/b3880d3ba2eb870b1ca811bb9120dafd/screenshot - {}
COMMAND: POST /session/b3880d3ba2eb870b1ca811bb9120dafd/element - {"using":"xpath","value":"(//button[contains(@id ,\"actionsToolbar-overflowButton\")])[1]"}
RESULT: {}
RESULT: {"using":"xpath","value":"(//button[contains(@id ,\"actionsToolbar-overflowButton\")])[1]"}
COMMAND: POST /session/b3880d3ba2eb870b1ca811bb9120dafd/element/f.34B6D9BAC181A0CDE5A35E7B6EFB882F.d.E772D1FC881A58C0DFBF06C2A8C0D464.e.1637/click - {}
RESULT: {}
COMMAND: GET /session/b3880d3ba2eb870b1ca811bb9120dafd/screenshot - {}
RESULT: {}
COMMAND: POST /session/b3880d3ba2eb870b1ca811bb9120dafd/execute/async - {"script":"<script> [1562 bytes]","args":[{"selector":{"controlType":"sap.m.Button","viewName":"etm.portal.ui.manageresources.view.Detail","viewId":"application-manageresources-display-component---detailRU","i18NText":{"propertyName":"text","key":"copy"},"searchOpenDialogs":true,"interaction":{"idSuffix":"BDI-content"}},"wdio_ui5_key":"etmportal.ui.manageresources.view.Detailsap.m.Button{\"propertyName\":\"text\",\"key\":\"copy\"}"}]}
RESULT: {"script":"<script> [1562 bytes]","args":[{"selector":{"controlType":"sap.m.Button","viewName":"etm.portal.ui.manageresources.view.Detail","viewId":"application-manageresources-display-component---detailRU","i18NText":{"propertyName":"text","key":"copy"},"searchOpenDialogs":true,"interaction":{"idSuffix":"BDI-content"}},"wdio_ui5_key":"etmportal.ui.manageresources.view.Detailsap.m.Button{\"propertyName\":\"text\",\"key\":\"copy\"}"}]}
RESULT: undefined
COMMAND: POST /session/b3880d3ba2eb870b1ca811bb9120dafd/element - {"using":"xpath","value":"//*[@id=\"__button105\"]"}
RESULT: {"using":"xpath","value":"//*[@id=\"__button105\"]"}
COMMAND: POST /session/b3880d3ba2eb870b1ca811bb9120dafd/element/f.34B6D9BAC181A0CDE5A35E7B6EFB882F.d.E772D1FC881A58C0DFBF06C2A8C0D464.e.1642/click - {}
RESULT: {}
COMMAND: POST /session/b3880d3ba2eb870b1ca811bb9120dafd/execute/async - {"script":"<script> [1562 bytes]","args":[{"selector":{"controlType":"sap.m.Button","viewName":"etm.portal.ui.manageresources.view.Detail","viewId":"application-manageresources-display-component---detailRU","i18NText":{"propertyName":"text","key":"selectAll"},"searchOpenDialogs":true,"interaction":{"idSuffix":"BDI-content"}},"wdio_ui5_key":"etmportal.ui.manageresources.view.Detailsap.m.Button{\"propertyName\":\"text\",\"key\":\"selectAll\"}"}]}
COMMAND: GET /session/b3880d3ba2eb870b1ca811bb9120dafd/screenshot - {}
RESULT: {"script":"<script> [1562 bytes]","args":[{"selector":{"controlType":"sap.m.Button","viewName":"etm.portal.ui.manageresources.view.Detail","viewId":"application-manageresources-display-component---detailRU","i18NText":{"propertyName":"text","key":"selectAll"},"searchOpenDialogs":true,"interaction":{"idSuffix":"BDI-content"}},"wdio_ui5_key":"etmportal.ui.manageresources.view.Detailsap.m.Button{\"propertyName\":\"text\",\"key\":\"selectAll\"}"}]}
RESULT: undefined
COMMAND: POST /session/b3880d3ba2eb870b1ca811bb9120dafd/element - {"using":"xpath","value":"//*[@id=\"__button156\"]"}
RESULT: {}
RESULT: {"using":"xpath","value":"//*[@id=\"__button156\"]"}
COMMAND: POST /session/b3880d3ba2eb870b1ca811bb9120dafd/element/f.34B6D9BAC181A0CDE5A35E7B6EFB882F.d.E772D1FC881A58C0DFBF06C2A8C0D464.e.1643/click - {}
RESULT: {}
COMMAND: POST /session/b3880d3ba2eb870b1ca811bb9120dafd/execute/async - {"script":"<script> [1562 bytes]","args":[{"selector":{"controlType":"sap.m.Button","viewName":"etm.portal.ui.manageresources.view.Detail","viewId":"application-manageresources-display-component---detailRU","i18NText":{"propertyName":"text","key":"confirm"},"searchOpenDialogs":true,"interaction":{"idSuffix":"BDI-content"}},"wdio_ui5_key":"etmportal.ui.manageresources.view.Detailsap.m.Button{\"propertyName\":\"text\",\"key\":\"confirm\"}"}]}
COMMAND: GET /session/b3880d3ba2eb870b1ca811bb9120dafd/screenshot - {}
RESULT: {"script":"<script> [1562 bytes]","args":[{"selector":{"controlType":"sap.m.Button","viewName":"etm.portal.ui.manageresources.view.Detail","viewId":"application-manageresources-display-component---detailRU","i18NText":{"propertyName":"text","key":"confirm"},"searchOpenDialogs":true,"interaction":{"idSuffix":"BDI-content"}},"wdio_ui5_key":"etmportal.ui.manageresources.view.Detailsap.m.Button{\"propertyName\":\"text\",\"key\":\"confirm\"}"}]}
RESULT: undefined
COMMAND: POST /session/b3880d3ba2eb870b1ca811bb9120dafd/element - {"using":"xpath","value":"//*[@id=\"__button157\"]"}
RESULT: {}
RESULT: {"using":"xpath","value":"//*[@id=\"__button157\"]"}
COMMAND: POST /session/b3880d3ba2eb870b1ca811bb9120dafd/element/f.34B6D9BAC181A0CDE5A35E7B6EFB882F.d.E772D1FC881A58C0DFBF06C2A8C0D464.e.1669/click - {}
RESULT: {}
COMMAND: GET /session/b3880d3ba2eb870b1ca811bb9120dafd/screenshot - {}
RESULT: {}
COMMAND: POST /session/b3880d3ba2eb870b1ca811bb9120dafd/execute/async - {"script":"<script> [1562 bytes]","args":[{"selector":{"id":"application-manageresources-display-component---newResourceUnit--newRRUPage-anchBar-application-manageresources-display-component---newResourceUnit--general-anchor","interaction":{"idSuffix":"BDI-content"}},"wdio_ui5_key":"applicationmanageresources-display-component---newResourceUnit--newRRUPage-anchBar-application-manageresources-display-component---newResourceUnit--general-anchor"}]}
RESULT: {"script":"<script> [1562 bytes]","args":[{"selector":{"id":"application-manageresources-display-component---newResourceUnit--newRRUPage-anchBar-application-manageresources-display-component---newResourceUnit--general-anchor","interaction":{"idSuffix":"BDI-content"}},"wdio_ui5_key":"applicationmanageresources-display-component---newResourceUnit--newRRUPage-anchBar-application-manageresources-display-component---newResourceUnit--general-anchor"}]}
RESULT: undefined
COMMAND: POST /session/b3880d3ba2eb870b1ca811bb9120dafd/element - {"using":"xpath","value":"//*[@id=\"application-manageresources-display-component---newResourceUnit--newRRUPage-anchBar-application-manageresources-display-component---newResourceUnit--general-anchor\"]"}
RESULT: {"using":"xpath","value":"//*[@id=\"application-manageresources-display-component---newResourceUnit--newRRUPage-anchBar-application-manageresources-display-component---newResourceUnit--general-anchor\"]"}
COMMAND: POST /session/b3880d3ba2eb870b1ca811bb9120dafd/element/f.34B6D9BAC181A0CDE5A35E7B6EFB882F.d.E772D1FC881A58C0DFBF06C2A8C0D464.e.1675/click - {}
RESULT: {}
COMMAND: GET /session/b3880d3ba2eb870b1ca811bb9120dafd/screenshot - {}
RESULT: {}
COMMAND: POST /session/b3880d3ba2eb870b1ca811bb9120dafd/actions - {"actions":[{"type":"key","id":"keyboard","actions":[{"type":"keyDown","value":""}]}]}
RESULT: {"actions":[{"type":"key","id":"keyboard","actions":[{"type":"keyDown","value":""}]}]}
COMMAND: GET /session/b3880d3ba2eb870b1ca811bb9120dafd/screenshot - {}
RESULT: {}
RESULT: undefined
COMMAND: POST /session/b3880d3ba2eb870b1ca811bb9120dafd/execute/async - {"script":"<script> [776 bytes]","args":[{"enterText":"sfzQI81WG_2","selector":{"id":"application-manageresources-display-component---newResourceUnit--resourceId","interaction":{"idSuffix":"inner"}},"clearTextFirst":true,"interactionType":"ENTER_TEXT"}]}
RESULT: {"script":"<script> [776 bytes]","args":[{"enterText":"sfzQI81WG_2","selector":{"id":"application-manageresources-display-component---newResourceUnit--resourceId","interaction":{"idSuffix":"inner"}},"clearTextFirst":true,"interactionType":"ENTER_TEXT"}]}
RESULT: undefined
RESULT: undefined
COMMAND: POST /session/b3880d3ba2eb870b1ca811bb9120dafd/execute/async - {"script":"<script> [776 bytes]","args":[{"enterText":"sfzQI81WG_2","selector":{"id":"application-manageresources-display-component---newResourceUnit--SHORT_TEXT","interaction":{"idSuffix":"inner"}},"clearTextFirst":true,"interactionType":"ENTER_TEXT"}]}
RESULT: {"script":"<script> [776 bytes]","args":[{"enterText":"sfzQI81WG_2","selector":{"id":"application-manageresources-display-component---newResourceUnit--SHORT_TEXT","interaction":{"idSuffix":"inner"}},"clearTextFirst":true,"interactionType":"ENTER_TEXT"}]}
RESULT: undefined
COMMAND: POST /session/b3880d3ba2eb870b1ca811bb9120dafd/element - {"using":"xpath","value":"//*[@id=\"application-manageresources-display-component---newResourceUnit--createRuButton\"]"}
RESULT: {"using":"xpath","value":"//*[@id=\"application-manageresources-display-component---newResourceUnit--createRuButton\"]"}
COMMAND: POST /session/b3880d3ba2eb870b1ca811bb9120dafd/element/f.34B6D9BAC181A0CDE5A35E7B6EFB882F.d.E772D1FC881A58C0DFBF06C2A8C0D464.e.1380/click - {}
RESULT: {}
COMMAND: GET /session/b3880d3ba2eb870b1ca811bb9120dafd/screenshot - {}
RESULT: {}
COMMAND: POST /session/b3880d3ba2eb870b1ca811bb9120dafd/element - {"using":"xpath","value":"//bdi[contains(text(), \"Close\")]"}
RESULT: {"using":"xpath","value":"//bdi[contains(text(), \"Close\")]"}
COMMAND: POST /session/b3880d3ba2eb870b1ca811bb9120dafd/element/f.34B6D9BAC181A0CDE5A35E7B6EFB882F.d.E772D1FC881A58C0DFBF06C2A8C0D464.e.1690/click - {}
RESULT: {}
COMMAND: GET /session/b3880d3ba2eb870b1ca811bb9120dafd/screenshot - {}
RESULT: {}
COMMAND: POST /session/b3880d3ba2eb870b1ca811bb9120dafd/element - {"using":"css selector","value":"#shell-header-logo"}
RESULT: {"using":"css selector","value":"#shell-header-logo"}
COMMAND: POST /session/b3880d3ba2eb870b1ca811bb9120dafd/element/f.34B6D9BAC181A0CDE5A35E7B6EFB882F.d.E772D1FC881A58C0DFBF06C2A8C0D464.e.980/click - {}
RESULT: {}
COMMAND: GET /session/b3880d3ba2eb870b1ca811bb9120dafd/screenshot - {}
RESULT: {}
]]></system-out>
    </testcase>
    <testcase classname="chrome.136_0_7103_93.windows.Bill_of_Resources_tests_for_bundle_creation_&amp;_replenishment_US131067_US131070" name="Should do a stock increase for the equipments" time="95.573">
      <system-out><![CDATA[
COMMAND: POST /session/b3880d3ba2eb870b1ca811bb9120dafd/execute/async - {"script":"<script> [1562 bytes]","args":[{"selector":{"controlType":"sap.m.GenericTile","properties":{"header":"Manage Handovers"}},"wdio_ui5_key":"sapm.GenericTile{\"header\":\"Manage Handovers\"}"}]}
RESULT: {"script":"<script> [1562 bytes]","args":[{"selector":{"controlType":"sap.m.GenericTile","properties":{"header":"Manage Handovers"}},"wdio_ui5_key":"sapm.GenericTile{\"header\":\"Manage Handovers\"}"}]}
RESULT: undefined
COMMAND: POST /session/b3880d3ba2eb870b1ca811bb9120dafd/element - {"using":"xpath","value":"//*[@id=\"__tile131\"]"}
RESULT: {"using":"xpath","value":"//*[@id=\"__tile131\"]"}
COMMAND: POST /session/b3880d3ba2eb870b1ca811bb9120dafd/element/f.34B6D9BAC181A0CDE5A35E7B6EFB882F.d.E772D1FC881A58C0DFBF06C2A8C0D464.e.209/click - {}
RESULT: {}
COMMAND: GET /session/b3880d3ba2eb870b1ca811bb9120dafd/screenshot - {}
RESULT: {}
COMMAND: POST /session/b3880d3ba2eb870b1ca811bb9120dafd/elements - {"using":"xpath","value":"//span[text()='Error']"}
RESULT: {"using":"xpath","value":"//span[text()='Error']"}
COMMAND: POST /session/b3880d3ba2eb870b1ca811bb9120dafd/element - {"using":"xpath","value":"//button[@data-kt=\"masterHOAddButton\"]"}
RESULT: {"using":"xpath","value":"//button[@data-kt=\"masterHOAddButton\"]"}
COMMAND: POST /session/b3880d3ba2eb870b1ca811bb9120dafd/elements - {"using":"xpath","value":"//button[@data-kt=\"masterHOAddButton\"]"}
RESULT: {"using":"xpath","value":"//button[@data-kt=\"masterHOAddButton\"]"}
COMMAND: POST /session/b3880d3ba2eb870b1ca811bb9120dafd/elements - {"using":"xpath","value":"//button[@data-kt=\"masterHOAddButton\"]"}
RESULT: {"using":"xpath","value":"//button[@data-kt=\"masterHOAddButton\"]"}
COMMAND: POST /session/b3880d3ba2eb870b1ca811bb9120dafd/element - {"using":"xpath","value":"//button[@data-kt=\"masterHOAddButton\"]"}
RESULT: {"using":"xpath","value":"//button[@data-kt=\"masterHOAddButton\"]"}
COMMAND: POST /session/b3880d3ba2eb870b1ca811bb9120dafd/execute/sync - {"script":"<script> [8489 bytes]","args":[{"element-6066-11e4-a52e-4f735466cecf":"f.34B6D9BAC181A0CDE5A35E7B6EFB882F.d.E772D1FC881A58C0DFBF06C2A8C0D464.e.1733","ELEMENT":"f.34B6D9BAC181A0CDE5A35E7B6EFB882F.d.E772D1FC881A58C0DFBF06C2A8C0D464.e.1733"}]}
RESULT: {"script":"<script> [8489 bytes]","args":[{"element-6066-11e4-a52e-4f735466cecf":"f.34B6D9BAC181A0CDE5A35E7B6EFB882F.d.E772D1FC881A58C0DFBF06C2A8C0D464.e.1733","ELEMENT":"f.34B6D9BAC181A0CDE5A35E7B6EFB882F.d.E772D1FC881A58C0DFBF06C2A8C0D464.e.1733"}]}
COMMAND: GET /session/b3880d3ba2eb870b1ca811bb9120dafd/element/f.34B6D9BAC181A0CDE5A35E7B6EFB882F.d.E772D1FC881A58C0DFBF06C2A8C0D464.e.1733/enabled - {}
COMMAND: GET /session/b3880d3ba2eb870b1ca811bb9120dafd/screenshot - {}
RESULT: {}
COMMAND: POST /session/b3880d3ba2eb870b1ca811bb9120dafd/execute/sync - {"script":"<script> [8489 bytes]","args":[{"element-6066-11e4-a52e-4f735466cecf":"f.34B6D9BAC181A0CDE5A35E7B6EFB882F.d.E772D1FC881A58C0DFBF06C2A8C0D464.e.1733","ELEMENT":"f.34B6D9BAC181A0CDE5A35E7B6EFB882F.d.E772D1FC881A58C0DFBF06C2A8C0D464.e.1733"}]}
COMMAND: GET /session/b3880d3ba2eb870b1ca811bb9120dafd/screenshot - {}
RESULT: {}
RESULT: {"script":"<script> [8489 bytes]","args":[{"element-6066-11e4-a52e-4f735466cecf":"f.34B6D9BAC181A0CDE5A35E7B6EFB882F.d.E772D1FC881A58C0DFBF06C2A8C0D464.e.1733","ELEMENT":"f.34B6D9BAC181A0CDE5A35E7B6EFB882F.d.E772D1FC881A58C0DFBF06C2A8C0D464.e.1733"}]}
COMMAND: POST /session/b3880d3ba2eb870b1ca811bb9120dafd/execute/sync - {"script":"<script> [5351 bytes]","args":[{"element-6066-11e4-a52e-4f735466cecf":"f.34B6D9BAC181A0CDE5A35E7B6EFB882F.d.E772D1FC881A58C0DFBF06C2A8C0D464.e.1733","ELEMENT":"f.34B6D9BAC181A0CDE5A35E7B6EFB882F.d.E772D1FC881A58C0DFBF06C2A8C0D464.e.1733"}]}
COMMAND: GET /session/b3880d3ba2eb870b1ca811bb9120dafd/screenshot - {}
RESULT: {}
RESULT: {"script":"<script> [5351 bytes]","args":[{"element-6066-11e4-a52e-4f735466cecf":"f.34B6D9BAC181A0CDE5A35E7B6EFB882F.d.E772D1FC881A58C0DFBF06C2A8C0D464.e.1733","ELEMENT":"f.34B6D9BAC181A0CDE5A35E7B6EFB882F.d.E772D1FC881A58C0DFBF06C2A8C0D464.e.1733"}]}
COMMAND: POST /session/b3880d3ba2eb870b1ca811bb9120dafd/element/f.34B6D9BAC181A0CDE5A35E7B6EFB882F.d.E772D1FC881A58C0DFBF06C2A8C0D464.e.1733/click - {}
COMMAND: GET /session/b3880d3ba2eb870b1ca811bb9120dafd/screenshot - {}
RESULT: {}
RESULT: {}
COMMAND: GET /session/b3880d3ba2eb870b1ca811bb9120dafd/screenshot - {}
COMMAND: POST /session/b3880d3ba2eb870b1ca811bb9120dafd/element - {"using":"xpath","value":"//span[contains(@id ,\"AddNewHO--typeSelect-arrow\")]"}
RESULT: {}
RESULT: {}
RESULT: {"using":"xpath","value":"//span[contains(@id ,\"AddNewHO--typeSelect-arrow\")]"}
COMMAND: POST /session/b3880d3ba2eb870b1ca811bb9120dafd/element/f.34B6D9BAC181A0CDE5A35E7B6EFB882F.d.E772D1FC881A58C0DFBF06C2A8C0D464.e.2086/click - {}
RESULT: {}
COMMAND: GET /session/b3880d3ba2eb870b1ca811bb9120dafd/screenshot - {}
RESULT: {}
COMMAND: POST /session/b3880d3ba2eb870b1ca811bb9120dafd/element - {"using":"xpath","value":"(//li[contains(text(), \"stock increase yard\")])[1]"}
RESULT: {"using":"xpath","value":"(//li[contains(text(), \"stock increase yard\")])[1]"}
COMMAND: POST /session/b3880d3ba2eb870b1ca811bb9120dafd/element/f.34B6D9BAC181A0CDE5A35E7B6EFB882F.d.E772D1FC881A58C0DFBF06C2A8C0D464.e.2087/click - {}
RESULT: {}
COMMAND: GET /session/b3880d3ba2eb870b1ca811bb9120dafd/screenshot - {}
RESULT: {}
COMMAND: POST /session/b3880d3ba2eb870b1ca811bb9120dafd/execute/async - {"script":"<script> [1562 bytes]","args":[{"selector":{"id":"application-managehandovers-display-component---AddNewHO--dueDate","interaction":{"idSuffix":"inner"}},"wdio_ui5_key":"applicationmanagehandovers-display-component---AddNewHO--dueDate"}]}
RESULT: {"script":"<script> [1562 bytes]","args":[{"selector":{"id":"application-managehandovers-display-component---AddNewHO--dueDate","interaction":{"idSuffix":"inner"}},"wdio_ui5_key":"applicationmanagehandovers-display-component---AddNewHO--dueDate"}]}
RESULT: undefined
COMMAND: POST /session/b3880d3ba2eb870b1ca811bb9120dafd/execute/async - {"script":"<script> [6424 bytes]","args":[{"element-6066-11e4-a52e-4f735466cecf":"f.34B6D9BAC181A0CDE5A35E7B6EFB882F.d.E772D1FC881A58C0DFBF06C2A8C0D464.e.2091"},"setValue",["05/28/25"]]}
RESULT: {"script":"<script> [6424 bytes]","args":[{"element-6066-11e4-a52e-4f735466cecf":"f.34B6D9BAC181A0CDE5A35E7B6EFB882F.d.E772D1FC881A58C0DFBF06C2A8C0D464.e.2091"},"setValue",["05/28/25"]]}
COMMAND: POST /session/b3880d3ba2eb870b1ca811bb9120dafd/element - {"using":"xpath","value":"//input[@id=\"generalSectionFrg--receiveYard-inner\"]"}
RESULT: {"using":"xpath","value":"//input[@id=\"generalSectionFrg--receiveYard-inner\"]"}
COMMAND: POST /session/b3880d3ba2eb870b1ca811bb9120dafd/element/f.34B6D9BAC181A0CDE5A35E7B6EFB882F.d.E772D1FC881A58C0DFBF06C2A8C0D464.e.2097/clear - {}
RESULT: {}
COMMAND: POST /session/b3880d3ba2eb870b1ca811bb9120dafd/element/f.34B6D9BAC181A0CDE5A35E7B6EFB882F.d.E772D1FC881A58C0DFBF06C2A8C0D464.e.2097/value - {"text":"423"}
COMMAND: GET /session/b3880d3ba2eb870b1ca811bb9120dafd/screenshot - {}
RESULT: {"text":"423"}
COMMAND: GET /session/b3880d3ba2eb870b1ca811bb9120dafd/screenshot - {}
RESULT: {}
RESULT: {}
COMMAND: POST /session/b3880d3ba2eb870b1ca811bb9120dafd/element - {"using":"xpath","value":"//li[.//span[text()='423']]"}
RESULT: {"using":"xpath","value":"//li[.//span[text()='423']]"}
COMMAND: POST /session/b3880d3ba2eb870b1ca811bb9120dafd/element/f.34B6D9BAC181A0CDE5A35E7B6EFB882F.d.E772D1FC881A58C0DFBF06C2A8C0D464.e.2111/click - {}
RESULT: {}
COMMAND: GET /session/b3880d3ba2eb870b1ca811bb9120dafd/screenshot - {}
RESULT: {}
COMMAND: POST /session/b3880d3ba2eb870b1ca811bb9120dafd/execute/async - {"script":"<script> [1562 bytes]","args":[{"selector":{"id":"application-managehandovers-display-component---AddNewHO--ObjectPageLayout-anchBar-application-managehandovers-display-component---AddNewHO--section4-anchor","interaction":{"idSuffix":"BDI-content"}},"wdio_ui5_key":"applicationmanagehandovers-display-component---AddNewHO--ObjectPageLayout-anchBar-application-managehandovers-display-component---AddNewHO--section4-anchor"}]}
RESULT: {"script":"<script> [1562 bytes]","args":[{"selector":{"id":"application-managehandovers-display-component---AddNewHO--ObjectPageLayout-anchBar-application-managehandovers-display-component---AddNewHO--section4-anchor","interaction":{"idSuffix":"BDI-content"}},"wdio_ui5_key":"applicationmanagehandovers-display-component---AddNewHO--ObjectPageLayout-anchBar-application-managehandovers-display-component---AddNewHO--section4-anchor"}]}
RESULT: undefined
COMMAND: POST /session/b3880d3ba2eb870b1ca811bb9120dafd/element - {"using":"xpath","value":"//*[@id=\"application-managehandovers-display-component---AddNewHO--ObjectPageLayout-anchBar-application-managehandovers-display-component---AddNewHO--section4-anchor\"]"}
RESULT: {"using":"xpath","value":"//*[@id=\"application-managehandovers-display-component---AddNewHO--ObjectPageLayout-anchBar-application-managehandovers-display-component---AddNewHO--section4-anchor\"]"}
COMMAND: POST /session/b3880d3ba2eb870b1ca811bb9120dafd/element/f.34B6D9BAC181A0CDE5A35E7B6EFB882F.d.E772D1FC881A58C0DFBF06C2A8C0D464.e.2113/click - {}
RESULT: {}
COMMAND: POST /session/b3880d3ba2eb870b1ca811bb9120dafd/execute/async - {"script":"<script> [1562 bytes]","args":[{"selector":{"controlType":"sap.ui.core.Icon","viewName":"etm.portal.ui.managehandovers.view.AddNewHO","viewId":"application-managehandovers-display-component---AddNewHO","properties":{"src":{"regex":{"source":"add"}}}},"wdio_ui5_key":"etmportal.ui.managehandovers.view.AddNewHOsap.ui.core.Icon{\"src\":{\"regex\":{\"source\":\"add\"}}}"}]}
COMMAND: GET /session/b3880d3ba2eb870b1ca811bb9120dafd/screenshot - {}
RESULT: {"script":"<script> [1562 bytes]","args":[{"selector":{"controlType":"sap.ui.core.Icon","viewName":"etm.portal.ui.managehandovers.view.AddNewHO","viewId":"application-managehandovers-display-component---AddNewHO","properties":{"src":{"regex":{"source":"add"}}}},"wdio_ui5_key":"etmportal.ui.managehandovers.view.AddNewHOsap.ui.core.Icon{\"src\":{\"regex\":{\"source\":\"add\"}}}"}]}
RESULT: undefined
COMMAND: POST /session/b3880d3ba2eb870b1ca811bb9120dafd/element - {"using":"xpath","value":"//*[@id=\"__button184-img\"]"}
RESULT: {}
RESULT: {"using":"xpath","value":"//*[@id=\"__button184-img\"]"}
COMMAND: POST /session/b3880d3ba2eb870b1ca811bb9120dafd/element/f.34B6D9BAC181A0CDE5A35E7B6EFB882F.d.E772D1FC881A58C0DFBF06C2A8C0D464.e.2117/click - {}
RESULT: {}
COMMAND: POST /session/b3880d3ba2eb870b1ca811bb9120dafd/execute/async - {"script":"<script> [1562 bytes]","args":[{"selector":{"id":"application-managehandovers-display-component---AddNewHO--smartFilterBar-btnBasicSearch","searchOpenDialogs":true,"interaction":{"idSuffix":"I"}},"wdio_ui5_key":"applicationmanagehandovers-display-component---AddNewHO--smartFilterBar-btnBasicSearch"}]}
COMMAND: GET /session/b3880d3ba2eb870b1ca811bb9120dafd/screenshot - {}
RESULT: {"script":"<script> [1562 bytes]","args":[{"selector":{"id":"application-managehandovers-display-component---AddNewHO--smartFilterBar-btnBasicSearch","searchOpenDialogs":true,"interaction":{"idSuffix":"I"}},"wdio_ui5_key":"applicationmanagehandovers-display-component---AddNewHO--smartFilterBar-btnBasicSearch"}]}
RESULT: undefined
COMMAND: POST /session/b3880d3ba2eb870b1ca811bb9120dafd/execute/async - {"script":"<script> [776 bytes]","args":[{"enterText":"sfzQI81WG_","selector":{"id":"application-managehandovers-display-component---AddNewHO--smartFilterBar-btnBasicSearch","searchOpenDialogs":true,"interaction":{"idSuffix":"I"}},"clearTextFirst":true,"interactionType":"ENTER_TEXT"}]}
RESULT: {}
RESULT: {"script":"<script> [776 bytes]","args":[{"enterText":"sfzQI81WG_","selector":{"id":"application-managehandovers-display-component---AddNewHO--smartFilterBar-btnBasicSearch","searchOpenDialogs":true,"interaction":{"idSuffix":"I"}},"clearTextFirst":true,"interactionType":"ENTER_TEXT"}]}
COMMAND: POST /session/b3880d3ba2eb870b1ca811bb9120dafd/actions - {"actions":[{"id":"action3","type":"key","parameters":{},"actions":[{"type":"keyDown","value":""},{"type":"pause","duration":10},{"type":"keyUp","value":""}]}]}
RESULT: {"actions":[{"id":"action3","type":"key","parameters":{},"actions":[{"type":"keyDown","value":""},{"type":"pause","duration":10},{"type":"keyUp","value":""}]}]}
COMMAND: POST /session/b3880d3ba2eb870b1ca811bb9120dafd/execute/async - {"script":"<script> [1562 bytes]","args":[{"selector":{"id":"application-managehandovers-display-component---AddNewHO--popup-sa","searchOpenDialogs":true,"interaction":{"idSuffix":"CbBg"}},"wdio_ui5_key":"applicationmanagehandovers-display-component---AddNewHO--popup-sa"}]}
COMMAND: GET /session/b3880d3ba2eb870b1ca811bb9120dafd/screenshot - {}
RESULT: {"script":"<script> [1562 bytes]","args":[{"selector":{"id":"application-managehandovers-display-component---AddNewHO--popup-sa","searchOpenDialogs":true,"interaction":{"idSuffix":"CbBg"}},"wdio_ui5_key":"applicationmanagehandovers-display-component---AddNewHO--popup-sa"}]}
RESULT: undefined
COMMAND: POST /session/b3880d3ba2eb870b1ca811bb9120dafd/element - {"using":"xpath","value":"//*[@id=\"application-managehandovers-display-component---AddNewHO--popup-sa\"]"}
RESULT: {}
RESULT: {"using":"xpath","value":"//*[@id=\"application-managehandovers-display-component---AddNewHO--popup-sa\"]"}
COMMAND: POST /session/b3880d3ba2eb870b1ca811bb9120dafd/element/f.34B6D9BAC181A0CDE5A35E7B6EFB882F.d.E772D1FC881A58C0DFBF06C2A8C0D464.e.2272/click - {}
RESULT: {}
COMMAND: POST /session/b3880d3ba2eb870b1ca811bb9120dafd/execute/async - {"script":"<script> [1562 bytes]","args":[{"selector":{"controlType":"sap.m.Button","viewName":"etm.portal.ui.managehandovers.view.AddNewHO","viewId":"application-managehandovers-display-component---AddNewHO","i18NText":{"propertyName":"text","key":"select"},"searchOpenDialogs":true,"interaction":{"idSuffix":"BDI-content"}},"wdio_ui5_key":"etmportal.ui.managehandovers.view.AddNewHOsap.m.Button{\"propertyName\":\"text\",\"key\":\"select\"}"}]}
COMMAND: GET /session/b3880d3ba2eb870b1ca811bb9120dafd/screenshot - {}
RESULT: {"script":"<script> [1562 bytes]","args":[{"selector":{"controlType":"sap.m.Button","viewName":"etm.portal.ui.managehandovers.view.AddNewHO","viewId":"application-managehandovers-display-component---AddNewHO","i18NText":{"propertyName":"text","key":"select"},"searchOpenDialogs":true,"interaction":{"idSuffix":"BDI-content"}},"wdio_ui5_key":"etmportal.ui.managehandovers.view.AddNewHOsap.m.Button{\"propertyName\":\"text\",\"key\":\"select\"}"}]}
RESULT: undefined
COMMAND: POST /session/b3880d3ba2eb870b1ca811bb9120dafd/element - {"using":"xpath","value":"//*[@id=\"__button187\"]"}
RESULT: {}
RESULT: {"using":"xpath","value":"//*[@id=\"__button187\"]"}
COMMAND: POST /session/b3880d3ba2eb870b1ca811bb9120dafd/element/f.34B6D9BAC181A0CDE5A35E7B6EFB882F.d.E772D1FC881A58C0DFBF06C2A8C0D464.e.2275/click - {}
RESULT: {}
COMMAND: POST /session/b3880d3ba2eb870b1ca811bb9120dafd/execute/async - {"script":"<script> [1562 bytes]","args":[{"selector":{"id":"application-managehandovers-display-component---AddNewHO--confirmCreationButton","interaction":{"idSuffix":"BDI-content"}},"wdio_ui5_key":"applicationmanagehandovers-display-component---AddNewHO--confirmCreationButton"}]}
COMMAND: GET /session/b3880d3ba2eb870b1ca811bb9120dafd/screenshot - {}
RESULT: {"script":"<script> [1562 bytes]","args":[{"selector":{"id":"application-managehandovers-display-component---AddNewHO--confirmCreationButton","interaction":{"idSuffix":"BDI-content"}},"wdio_ui5_key":"applicationmanagehandovers-display-component---AddNewHO--confirmCreationButton"}]}
RESULT: undefined
COMMAND: POST /session/b3880d3ba2eb870b1ca811bb9120dafd/element - {"using":"xpath","value":"//*[@id=\"application-managehandovers-display-component---AddNewHO--confirmCreationButton\"]"}
RESULT: {}
RESULT: {"using":"xpath","value":"//*[@id=\"application-managehandovers-display-component---AddNewHO--confirmCreationButton\"]"}
COMMAND: POST /session/b3880d3ba2eb870b1ca811bb9120dafd/element/f.34B6D9BAC181A0CDE5A35E7B6EFB882F.d.E772D1FC881A58C0DFBF06C2A8C0D464.e.2291/click - {}
RESULT: {}
COMMAND: GET /session/b3880d3ba2eb870b1ca811bb9120dafd/screenshot - {}
RESULT: {}
COMMAND: POST /session/b3880d3ba2eb870b1ca811bb9120dafd/execute/async - {"script":"<script> [1562 bytes]","args":[{"selector":{"id":"receiptDatePicker","viewName":"etm.portal.ui.managehandovers.view.DetailExecuteHO","interaction":{"idSuffix":"inner"}},"wdio_ui5_key":"receiptDatePickeretmportal.ui.managehandovers.view.DetailExecuteHO"}]}
RESULT: {"script":"<script> [1562 bytes]","args":[{"selector":{"id":"receiptDatePicker","viewName":"etm.portal.ui.managehandovers.view.DetailExecuteHO","interaction":{"idSuffix":"inner"}},"wdio_ui5_key":"receiptDatePickeretmportal.ui.managehandovers.view.DetailExecuteHO"}]}
RESULT: undefined
COMMAND: POST /session/b3880d3ba2eb870b1ca811bb9120dafd/execute/async - {"script":"<script> [6424 bytes]","args":[{"element-6066-11e4-a52e-4f735466cecf":"f.34B6D9BAC181A0CDE5A35E7B6EFB882F.d.E772D1FC881A58C0DFBF06C2A8C0D464.e.2321"},"setValue",["05/28/25"]]}
RESULT: {"script":"<script> [6424 bytes]","args":[{"element-6066-11e4-a52e-4f735466cecf":"f.34B6D9BAC181A0CDE5A35E7B6EFB882F.d.E772D1FC881A58C0DFBF06C2A8C0D464.e.2321"},"setValue",["05/28/25"]]}
COMMAND: POST /session/b3880d3ba2eb870b1ca811bb9120dafd/element - {"using":"xpath","value":"//button[@data-kt=\"ReceivingTableConfirmAllButton\"]"}
RESULT: {"using":"xpath","value":"//button[@data-kt=\"ReceivingTableConfirmAllButton\"]"}
COMMAND: POST /session/b3880d3ba2eb870b1ca811bb9120dafd/element/f.34B6D9BAC181A0CDE5A35E7B6EFB882F.d.E772D1FC881A58C0DFBF06C2A8C0D464.e.2344/click - {}
RESULT: {}
COMMAND: GET /session/b3880d3ba2eb870b1ca811bb9120dafd/screenshot - {}
RESULT: {}
COMMAND: POST /session/b3880d3ba2eb870b1ca811bb9120dafd/element - {"using":"xpath","value":"//bdi[contains(text(), \"OK\")]"}
RESULT: {"using":"xpath","value":"//bdi[contains(text(), \"OK\")]"}
COMMAND: POST /session/b3880d3ba2eb870b1ca811bb9120dafd/element/f.34B6D9BAC181A0CDE5A35E7B6EFB882F.d.E772D1FC881A58C0DFBF06C2A8C0D464.e.2346/click - {}
RESULT: {}
COMMAND: GET /session/b3880d3ba2eb870b1ca811bb9120dafd/screenshot - {}
RESULT: {}
COMMAND: POST /session/b3880d3ba2eb870b1ca811bb9120dafd/execute/async - {"script":"<script> [1562 bytes]","args":[{"selector":{"id":"confirmationButton","viewName":"etm.portal.ui.managehandovers.view.DetailExecuteHO","interaction":{"idSuffix":"BDI-content"}},"wdio_ui5_key":"confirmationButtonetmportal.ui.managehandovers.view.DetailExecuteHO"}]}
RESULT: {"script":"<script> [1562 bytes]","args":[{"selector":{"id":"confirmationButton","viewName":"etm.portal.ui.managehandovers.view.DetailExecuteHO","interaction":{"idSuffix":"BDI-content"}},"wdio_ui5_key":"confirmationButtonetmportal.ui.managehandovers.view.DetailExecuteHO"}]}
RESULT: undefined
COMMAND: POST /session/b3880d3ba2eb870b1ca811bb9120dafd/element - {"using":"xpath","value":"(//bdi[contains(text(), \"Receive\")])[2]"}
RESULT: {"using":"xpath","value":"(//bdi[contains(text(), \"Receive\")])[2]"}
COMMAND: POST /session/b3880d3ba2eb870b1ca811bb9120dafd/element/f.34B6D9BAC181A0CDE5A35E7B6EFB882F.d.E772D1FC881A58C0DFBF06C2A8C0D464.e.2348/click - {}
RESULT: {}
COMMAND: GET /session/b3880d3ba2eb870b1ca811bb9120dafd/screenshot - {}
RESULT: {}
COMMAND: POST /session/b3880d3ba2eb870b1ca811bb9120dafd/element - {"using":"css selector","value":"#shell-header-logo"}
RESULT: {"using":"css selector","value":"#shell-header-logo"}
COMMAND: POST /session/b3880d3ba2eb870b1ca811bb9120dafd/element/f.34B6D9BAC181A0CDE5A35E7B6EFB882F.d.E772D1FC881A58C0DFBF06C2A8C0D464.e.1698/click - {}
RESULT: {}
COMMAND: GET /session/b3880d3ba2eb870b1ca811bb9120dafd/screenshot - {}
RESULT: {}
]]></system-out>
    </testcase>
    <testcase classname="chrome.136_0_7103_93.windows.Bill_of_Resources_tests_for_bundle_creation_&amp;_replenishment_US131067_US131070" name="Should create a new bundle with the 2 RUs using onto first one US131067" time="71.29">
      <system-out><![CDATA[
COMMAND: POST /session/b3880d3ba2eb870b1ca811bb9120dafd/execute/async - {"script":"<script> [1562 bytes]","args":[{"selector":{"controlType":"sap.m.GenericTile","properties":{"header":"Bill Of Resources"}},"wdio_ui5_key":"sapm.GenericTile{\"header\":\"Bill Of Resources\"}"}]}
RESULT: {"script":"<script> [1562 bytes]","args":[{"selector":{"controlType":"sap.m.GenericTile","properties":{"header":"Bill Of Resources"}},"wdio_ui5_key":"sapm.GenericTile{\"header\":\"Bill Of Resources\"}"}]}
RESULT: undefined
COMMAND: POST /session/b3880d3ba2eb870b1ca811bb9120dafd/element - {"using":"xpath","value":"//*[@id=\"__tile34\"]"}
RESULT: {"using":"xpath","value":"//*[@id=\"__tile34\"]"}
COMMAND: POST /session/b3880d3ba2eb870b1ca811bb9120dafd/element/f.34B6D9BAC181A0CDE5A35E7B6EFB882F.d.E772D1FC881A58C0DFBF06C2A8C0D464.e.190/click - {}
RESULT: {}
COMMAND: GET /session/b3880d3ba2eb870b1ca811bb9120dafd/screenshot - {}
RESULT: {}
COMMAND: POST /session/b3880d3ba2eb870b1ca811bb9120dafd/elements - {"using":"xpath","value":"//span[text()='Error']"}
RESULT: {"using":"xpath","value":"//span[text()='Error']"}
COMMAND: POST /session/b3880d3ba2eb870b1ca811bb9120dafd/element - {"using":"xpath","value":"//button[@data-kt=\"addBorMasterButton\"]"}
RESULT: {"using":"xpath","value":"//button[@data-kt=\"addBorMasterButton\"]"}
COMMAND: POST /session/b3880d3ba2eb870b1ca811bb9120dafd/elements - {"using":"xpath","value":"//button[@data-kt=\"addBorMasterButton\"]"}
RESULT: {"using":"xpath","value":"//button[@data-kt=\"addBorMasterButton\"]"}
COMMAND: POST /session/b3880d3ba2eb870b1ca811bb9120dafd/execute/sync - {"script":"<script> [8489 bytes]","args":[{"element-6066-11e4-a52e-4f735466cecf":"f.34B6D9BAC181A0CDE5A35E7B6EFB882F.d.E772D1FC881A58C0DFBF06C2A8C0D464.e.2559","ELEMENT":"f.34B6D9BAC181A0CDE5A35E7B6EFB882F.d.E772D1FC881A58C0DFBF06C2A8C0D464.e.2559"}]}
RESULT: {"script":"<script> [8489 bytes]","args":[{"element-6066-11e4-a52e-4f735466cecf":"f.34B6D9BAC181A0CDE5A35E7B6EFB882F.d.E772D1FC881A58C0DFBF06C2A8C0D464.e.2559","ELEMENT":"f.34B6D9BAC181A0CDE5A35E7B6EFB882F.d.E772D1FC881A58C0DFBF06C2A8C0D464.e.2559"}]}
COMMAND: GET /session/b3880d3ba2eb870b1ca811bb9120dafd/element/f.34B6D9BAC181A0CDE5A35E7B6EFB882F.d.E772D1FC881A58C0DFBF06C2A8C0D464.e.2559/enabled - {}
COMMAND: GET /session/b3880d3ba2eb870b1ca811bb9120dafd/screenshot - {}
RESULT: {}
COMMAND: POST /session/b3880d3ba2eb870b1ca811bb9120dafd/execute/sync - {"script":"<script> [8489 bytes]","args":[{"element-6066-11e4-a52e-4f735466cecf":"f.34B6D9BAC181A0CDE5A35E7B6EFB882F.d.E772D1FC881A58C0DFBF06C2A8C0D464.e.2559","ELEMENT":"f.34B6D9BAC181A0CDE5A35E7B6EFB882F.d.E772D1FC881A58C0DFBF06C2A8C0D464.e.2559"}]}
COMMAND: GET /session/b3880d3ba2eb870b1ca811bb9120dafd/screenshot - {}
RESULT: {}
RESULT: {"script":"<script> [8489 bytes]","args":[{"element-6066-11e4-a52e-4f735466cecf":"f.34B6D9BAC181A0CDE5A35E7B6EFB882F.d.E772D1FC881A58C0DFBF06C2A8C0D464.e.2559","ELEMENT":"f.34B6D9BAC181A0CDE5A35E7B6EFB882F.d.E772D1FC881A58C0DFBF06C2A8C0D464.e.2559"}]}
COMMAND: POST /session/b3880d3ba2eb870b1ca811bb9120dafd/execute/sync - {"script":"<script> [5351 bytes]","args":[{"element-6066-11e4-a52e-4f735466cecf":"f.34B6D9BAC181A0CDE5A35E7B6EFB882F.d.E772D1FC881A58C0DFBF06C2A8C0D464.e.2559","ELEMENT":"f.34B6D9BAC181A0CDE5A35E7B6EFB882F.d.E772D1FC881A58C0DFBF06C2A8C0D464.e.2559"}]}
COMMAND: GET /session/b3880d3ba2eb870b1ca811bb9120dafd/screenshot - {}
RESULT: {}
RESULT: {"script":"<script> [5351 bytes]","args":[{"element-6066-11e4-a52e-4f735466cecf":"f.34B6D9BAC181A0CDE5A35E7B6EFB882F.d.E772D1FC881A58C0DFBF06C2A8C0D464.e.2559","ELEMENT":"f.34B6D9BAC181A0CDE5A35E7B6EFB882F.d.E772D1FC881A58C0DFBF06C2A8C0D464.e.2559"}]}
COMMAND: POST /session/b3880d3ba2eb870b1ca811bb9120dafd/element/f.34B6D9BAC181A0CDE5A35E7B6EFB882F.d.E772D1FC881A58C0DFBF06C2A8C0D464.e.2559/click - {}
COMMAND: GET /session/b3880d3ba2eb870b1ca811bb9120dafd/screenshot - {}
RESULT: {}
RESULT: {}
COMMAND: GET /session/b3880d3ba2eb870b1ca811bb9120dafd/screenshot - {}
RESULT: {}
COMMAND: POST /session/b3880d3ba2eb870b1ca811bb9120dafd/execute/async - {"script":"<script> [1562 bytes]","args":[{"selector":{"id":"application-billofresources-display-component---newBoR--typeSelect","interaction":{"idSuffix":"arrow"}},"wdio_ui5_key":"applicationbillofresources-display-component---newBoR--typeSelect"}]}
RESULT: {}
RESULT: {"script":"<script> [1562 bytes]","args":[{"selector":{"id":"application-billofresources-display-component---newBoR--typeSelect","interaction":{"idSuffix":"arrow"}},"wdio_ui5_key":"applicationbillofresources-display-component---newBoR--typeSelect"}]}
RESULT: undefined
COMMAND: POST /session/b3880d3ba2eb870b1ca811bb9120dafd/element - {"using":"xpath","value":"//*[@id=\"application-billofresources-display-component---newBoR--typeSelect\"]"}
RESULT: {"using":"xpath","value":"//*[@id=\"application-billofresources-display-component---newBoR--typeSelect\"]"}
COMMAND: POST /session/b3880d3ba2eb870b1ca811bb9120dafd/element/f.34B6D9BAC181A0CDE5A35E7B6EFB882F.d.E772D1FC881A58C0DFBF06C2A8C0D464.e.2640/click - {}
RESULT: {}
COMMAND: POST /session/b3880d3ba2eb870b1ca811bb9120dafd/execute/async - {"script":"<script> [1562 bytes]","args":[{"selector":{"controlType":"sap.ui.core.Item","viewName":"etm.portal.ui.billofresources.view.NewBoR","viewId":"application-billofresources-display-component---newBoR","bindingPath":{"path":"/BoRHeaderTypes('50')","propertyPath":"TYPE","modelName":"catalogModel"},"searchOpenDialogs":true},"wdio_ui5_key":"etmportal.ui.billofresources.view.NewBoRsap.ui.core.Item{\"path\":\"/BoRHeaderTypes('50')\",\"propertyPath\":\"TYPE\",\"modelName\":\"catalogModel\"}"}]}
COMMAND: GET /session/b3880d3ba2eb870b1ca811bb9120dafd/screenshot - {}
RESULT: {"script":"<script> [1562 bytes]","args":[{"selector":{"controlType":"sap.ui.core.Item","viewName":"etm.portal.ui.billofresources.view.NewBoR","viewId":"application-billofresources-display-component---newBoR","bindingPath":{"path":"/BoRHeaderTypes('50')","propertyPath":"TYPE","modelName":"catalogModel"},"searchOpenDialogs":true},"wdio_ui5_key":"etmportal.ui.billofresources.view.NewBoRsap.ui.core.Item{\"path\":\"/BoRHeaderTypes('50')\",\"propertyPath\":\"TYPE\",\"modelName\":\"catalogModel\"}"}]}
RESULT: undefined
COMMAND: POST /session/b3880d3ba2eb870b1ca811bb9120dafd/element - {"using":"xpath","value":"//*[@id=\"__item1430-application-billofresources-display-component---newBoR--typeSelect-4\"]"}
RESULT: {}
RESULT: {"using":"xpath","value":"//*[@id=\"__item1430-application-billofresources-display-component---newBoR--typeSelect-4\"]"}
COMMAND: POST /session/b3880d3ba2eb870b1ca811bb9120dafd/element/f.34B6D9BAC181A0CDE5A35E7B6EFB882F.d.E772D1FC881A58C0DFBF06C2A8C0D464.e.2842/click - {}
RESULT: {}
COMMAND: POST /session/b3880d3ba2eb870b1ca811bb9120dafd/execute/async - {"script":"<script> [1562 bytes]","args":[{"selector":{"id":"application-billofresources-display-component---newBoR--headerRUInput-vhi"},"wdio_ui5_key":"applicationbillofresources-display-component---newBoR--headerRUInput-vhi"}]}
COMMAND: GET /session/b3880d3ba2eb870b1ca811bb9120dafd/screenshot - {}
RESULT: {"script":"<script> [1562 bytes]","args":[{"selector":{"id":"application-billofresources-display-component---newBoR--headerRUInput-vhi"},"wdio_ui5_key":"applicationbillofresources-display-component---newBoR--headerRUInput-vhi"}]}
RESULT: undefined
COMMAND: POST /session/b3880d3ba2eb870b1ca811bb9120dafd/element - {"using":"xpath","value":"//*[@id=\"application-billofresources-display-component---newBoR--headerRUInput-vhi\"]"}
RESULT: {}
RESULT: {"using":"xpath","value":"//*[@id=\"application-billofresources-display-component---newBoR--headerRUInput-vhi\"]"}
COMMAND: POST /session/b3880d3ba2eb870b1ca811bb9120dafd/element/f.34B6D9BAC181A0CDE5A35E7B6EFB882F.d.E772D1FC881A58C0DFBF06C2A8C0D464.e.2897/click - {}
RESULT: {}
COMMAND: POST /session/b3880d3ba2eb870b1ca811bb9120dafd/execute/async - {"script":"<script> [1562 bytes]","args":[{"selector":{"id":"application-billofresources-display-component---newBoR--ruDialogSearchField","searchOpenDialogs":true,"interaction":{"idSuffix":"I"}},"wdio_ui5_key":"applicationbillofresources-display-component---newBoR--ruDialogSearchField"}]}
COMMAND: GET /session/b3880d3ba2eb870b1ca811bb9120dafd/screenshot - {}
RESULT: {"script":"<script> [1562 bytes]","args":[{"selector":{"id":"application-billofresources-display-component---newBoR--ruDialogSearchField","searchOpenDialogs":true,"interaction":{"idSuffix":"I"}},"wdio_ui5_key":"applicationbillofresources-display-component---newBoR--ruDialogSearchField"}]}
RESULT: undefined
COMMAND: POST /session/b3880d3ba2eb870b1ca811bb9120dafd/execute/async - {"script":"<script> [6424 bytes]","args":[{"element-6066-11e4-a52e-4f735466cecf":"f.34B6D9BAC181A0CDE5A35E7B6EFB882F.d.E772D1FC881A58C0DFBF06C2A8C0D464.e.2901"},"setValue",["sfzQI81WG_1"]]}
RESULT: {}
RESULT: {"script":"<script> [6424 bytes]","args":[{"element-6066-11e4-a52e-4f735466cecf":"f.34B6D9BAC181A0CDE5A35E7B6EFB882F.d.E772D1FC881A58C0DFBF06C2A8C0D464.e.2901"},"setValue",["sfzQI81WG_1"]]}
COMMAND: POST /session/b3880d3ba2eb870b1ca811bb9120dafd/element - {"using":"xpath","value":"//div[@id=\"application-billofresources-display-component---newBoR--ruDialogSearchField-search\"]"}
RESULT: {"using":"xpath","value":"//div[@id=\"application-billofresources-display-component---newBoR--ruDialogSearchField-search\"]"}
COMMAND: POST /session/b3880d3ba2eb870b1ca811bb9120dafd/element/f.34B6D9BAC181A0CDE5A35E7B6EFB882F.d.E772D1FC881A58C0DFBF06C2A8C0D464.e.2918/click - {}
RESULT: {}
COMMAND: GET /session/b3880d3ba2eb870b1ca811bb9120dafd/screenshot - {}
RESULT: {}
COMMAND: POST /session/b3880d3ba2eb870b1ca811bb9120dafd/execute/async - {"script":"<script> [1562 bytes]","args":[{"selector":{"controlType":"sap.m.Text","viewName":"etm.portal.ui.billofresources.view.NewBoR","viewId":"application-billofresources-display-component---newBoR","bindingPath":{"propertyPath":"YARD_ADMIN_ID","modelName":"catalogModel"},"searchOpenDialogs":true},"wdio_ui5_key":"etmportal.ui.billofresources.view.NewBoRsap.m.Text{\"propertyPath\":\"YARD_ADMIN_ID\",\"modelName\":\"catalogModel\"}"}]}
RESULT: {"script":"<script> [1562 bytes]","args":[{"selector":{"controlType":"sap.m.Text","viewName":"etm.portal.ui.billofresources.view.NewBoR","viewId":"application-billofresources-display-component---newBoR","bindingPath":{"propertyPath":"YARD_ADMIN_ID","modelName":"catalogModel"},"searchOpenDialogs":true},"wdio_ui5_key":"etmportal.ui.billofresources.view.NewBoRsap.m.Text{\"propertyPath\":\"YARD_ADMIN_ID\",\"modelName\":\"catalogModel\"}"}]}
RESULT: undefined
COMMAND: POST /session/b3880d3ba2eb870b1ca811bb9120dafd/element - {"using":"xpath","value":"//*[@id=\"__text2047\"]"}
RESULT: {"using":"xpath","value":"//*[@id=\"__text2047\"]"}
COMMAND: POST /session/b3880d3ba2eb870b1ca811bb9120dafd/element/f.34B6D9BAC181A0CDE5A35E7B6EFB882F.d.E772D1FC881A58C0DFBF06C2A8C0D464.e.2922/click - {}
RESULT: {}
COMMAND: POST /session/b3880d3ba2eb870b1ca811bb9120dafd/execute/async - {"script":"<script> [1562 bytes]","args":[{"selector":{"controlType":"sap.m.Button","viewName":"etm.portal.ui.billofresources.view.NewBoR","viewId":"application-billofresources-display-component---newBoR","i18NText":{"propertyName":"text","key":"ok"},"searchOpenDialogs":true,"interaction":{"idSuffix":"BDI-content"}},"wdio_ui5_key":"etmportal.ui.billofresources.view.NewBoRsap.m.Button{\"propertyName\":\"text\",\"key\":\"ok\"}"}]}
COMMAND: GET /session/b3880d3ba2eb870b1ca811bb9120dafd/screenshot - {}
RESULT: {"script":"<script> [1562 bytes]","args":[{"selector":{"controlType":"sap.m.Button","viewName":"etm.portal.ui.billofresources.view.NewBoR","viewId":"application-billofresources-display-component---newBoR","i18NText":{"propertyName":"text","key":"ok"},"searchOpenDialogs":true,"interaction":{"idSuffix":"BDI-content"}},"wdio_ui5_key":"etmportal.ui.billofresources.view.NewBoRsap.m.Button{\"propertyName\":\"text\",\"key\":\"ok\"}"}]}
RESULT: undefined
COMMAND: POST /session/b3880d3ba2eb870b1ca811bb9120dafd/element - {"using":"xpath","value":"//*[@id=\"__button258\"]"}
RESULT: {}
RESULT: {"using":"xpath","value":"//*[@id=\"__button258\"]"}
COMMAND: POST /session/b3880d3ba2eb870b1ca811bb9120dafd/element/f.34B6D9BAC181A0CDE5A35E7B6EFB882F.d.E772D1FC881A58C0DFBF06C2A8C0D464.e.2925/click - {}
RESULT: {}
COMMAND: GET /session/b3880d3ba2eb870b1ca811bb9120dafd/screenshot - {}
RESULT: {}
COMMAND: POST /session/b3880d3ba2eb870b1ca811bb9120dafd/execute/async - {"script":"<script> [1562 bytes]","args":[{"selector":{"id":"application-billofresources-display-component---newBoR--borDescInput","interaction":{"idSuffix":"inner"}},"wdio_ui5_key":"applicationbillofresources-display-component---newBoR--borDescInput"}]}
RESULT: {"script":"<script> [1562 bytes]","args":[{"selector":{"id":"application-billofresources-display-component---newBoR--borDescInput","interaction":{"idSuffix":"inner"}},"wdio_ui5_key":"applicationbillofresources-display-component---newBoR--borDescInput"}]}
RESULT: undefined
COMMAND: POST /session/b3880d3ba2eb870b1ca811bb9120dafd/execute/async - {"script":"<script> [776 bytes]","args":[{"enterText":"sfzQI81WG_1","selector":{"id":"application-billofresources-display-component---newBoR--borDescInput","interaction":{"idSuffix":"inner"}},"clearTextFirst":true,"interactionType":"ENTER_TEXT"}]}
RESULT: {"script":"<script> [776 bytes]","args":[{"enterText":"sfzQI81WG_1","selector":{"id":"application-billofresources-display-component---newBoR--borDescInput","interaction":{"idSuffix":"inner"}},"clearTextFirst":true,"interactionType":"ENTER_TEXT"}]}
COMMAND: POST /session/b3880d3ba2eb870b1ca811bb9120dafd/execute/async - {"script":"<script> [1562 bytes]","args":[{"selector":{"controlType":"sap.ui.core.Icon","viewName":"etm.portal.ui.billofresources.view.NewBoR","viewId":"application-billofresources-display-component---newBoR","properties":{"src":{"regex":{"source":"add"}}},"ancestor":{"controlType":"sap.m.Button","viewName":"etm.portal.ui.billofresources.view.NewBoR","viewId":"application-billofresources-display-component---newBoR","bindingPath":{"path":"","propertyPath":"/isSelectionGroup","modelName":"tableConfig"}}},"wdio_ui5_key":"etmportal.ui.billofresources.view.NewBoRsap.ui.core.Icon{\"src\":{\"regex\":{\"source\":\"add\"}}}{\"controlType\":\"sap.m.Button\",\"viewName\":\"etm.portal.ui.billofresources.view.NewBoR\",\"viewId\":\"application-billofresources-display-component---newBoR\",\"bindingPath\":{\"path\":\"\",\"propertyPath\":\"/isSelectionGroup\",\"modelName\":\"tableConfig\"}}"}]}
RESULT: {"script":"<script> [1562 bytes]","args":[{"selector":{"controlType":"sap.ui.core.Icon","viewName":"etm.portal.ui.billofresources.view.NewBoR","viewId":"application-billofresources-display-component---newBoR","properties":{"src":{"regex":{"source":"add"}}},"ancestor":{"controlType":"sap.m.Button","viewName":"etm.portal.ui.billofresources.view.NewBoR","viewId":"application-billofresources-display-component---newBoR","bindingPath":{"path":"","propertyPath":"/isSelectionGroup","modelName":"tableConfig"}}},"wdio_ui5_key":"etmportal.ui.billofresources.view.NewBoRsap.ui.core.Icon{\"src\":{\"regex\":{\"source\":\"add\"}}}{\"controlType\":\"sap.m.Button\",\"viewName\":\"etm.portal.ui.billofresources.view.NewBoR\",\"viewId\":\"application-billofresources-display-component---newBoR\",\"bindingPath\":{\"path\":\"\",\"propertyPath\":\"/isSelectionGroup\",\"modelName\":\"tableConfig\"}}"}]}
RESULT: undefined
COMMAND: POST /session/b3880d3ba2eb870b1ca811bb9120dafd/element - {"using":"xpath","value":"//*[@id=\"__button242-img\"]"}
RESULT: {"using":"xpath","value":"//*[@id=\"__button242-img\"]"}
COMMAND: POST /session/b3880d3ba2eb870b1ca811bb9120dafd/element/f.34B6D9BAC181A0CDE5A35E7B6EFB882F.d.E772D1FC881A58C0DFBF06C2A8C0D464.e.2937/click - {}
RESULT: {}
COMMAND: POST /session/b3880d3ba2eb870b1ca811bb9120dafd/execute/async - {"script":"<script> [1562 bytes]","args":[{"selector":{"controlType":"sap.m.Input","viewName":"etm.portal.ui.billofresources.view.NewBoR","viewId":"application-billofresources-display-component---newBoR","bindingPath":{"path":"/ITEMS/0","propertyPath":"ITEM","modelName":"BoRModel"},"interaction":{"idSuffix":"inner"}},"wdio_ui5_key":"etmportal.ui.billofresources.view.NewBoRsap.m.Input{\"path\":\"/ITEMS/0\",\"propertyPath\":\"ITEM\",\"modelName\":\"BoRModel\"}"}]}
COMMAND: GET /session/b3880d3ba2eb870b1ca811bb9120dafd/screenshot - {}
RESULT: {"script":"<script> [1562 bytes]","args":[{"selector":{"controlType":"sap.m.Input","viewName":"etm.portal.ui.billofresources.view.NewBoR","viewId":"application-billofresources-display-component---newBoR","bindingPath":{"path":"/ITEMS/0","propertyPath":"ITEM","modelName":"BoRModel"},"interaction":{"idSuffix":"inner"}},"wdio_ui5_key":"etmportal.ui.billofresources.view.NewBoRsap.m.Input{\"path\":\"/ITEMS/0\",\"propertyPath\":\"ITEM\",\"modelName\":\"BoRModel\"}"}]}
RESULT: undefined
COMMAND: POST /session/b3880d3ba2eb870b1ca811bb9120dafd/execute/async - {"script":"<script> [776 bytes]","args":[{"enterText":"10","selector":{"controlType":"sap.m.Input","viewName":"etm.portal.ui.billofresources.view.NewBoR","viewId":"application-billofresources-display-component---newBoR","bindingPath":{"path":"/ITEMS/0","propertyPath":"ITEM","modelName":"BoRModel"},"interaction":{"idSuffix":"inner"}},"clearTextFirst":true,"interactionType":"ENTER_TEXT"}]}
RESULT: {}
RESULT: {"script":"<script> [776 bytes]","args":[{"enterText":"10","selector":{"controlType":"sap.m.Input","viewName":"etm.portal.ui.billofresources.view.NewBoR","viewId":"application-billofresources-display-component---newBoR","bindingPath":{"path":"/ITEMS/0","propertyPath":"ITEM","modelName":"BoRModel"},"interaction":{"idSuffix":"inner"}},"clearTextFirst":true,"interactionType":"ENTER_TEXT"}]}
COMMAND: POST /session/b3880d3ba2eb870b1ca811bb9120dafd/element - {"using":"xpath","value":"//input[@aria-labelledby=\"application-billofresources-display-component---newBoR--itemRUComboBoxCol\"][1]"}
RESULT: {"using":"xpath","value":"//input[@aria-labelledby=\"application-billofresources-display-component---newBoR--itemRUComboBoxCol\"][1]"}
COMMAND: POST /session/b3880d3ba2eb870b1ca811bb9120dafd/element/f.34B6D9BAC181A0CDE5A35E7B6EFB882F.d.E772D1FC881A58C0DFBF06C2A8C0D464.e.2926/clear - {}
RESULT: {}
COMMAND: POST /session/b3880d3ba2eb870b1ca811bb9120dafd/element/f.34B6D9BAC181A0CDE5A35E7B6EFB882F.d.E772D1FC881A58C0DFBF06C2A8C0D464.e.2926/value - {"text":"sfzQI81WG_2"}
COMMAND: GET /session/b3880d3ba2eb870b1ca811bb9120dafd/screenshot - {}
RESULT: {"text":"sfzQI81WG_2"}
COMMAND: GET /session/b3880d3ba2eb870b1ca811bb9120dafd/screenshot - {}
RESULT: {}
RESULT: {}
COMMAND: POST /session/b3880d3ba2eb870b1ca811bb9120dafd/actions - {"actions":[{"id":"action4","type":"key","parameters":{},"actions":[{"type":"keyDown","value":""},{"type":"pause","duration":10},{"type":"keyUp","value":""}]}]}
RESULT: {"actions":[{"id":"action4","type":"key","parameters":{},"actions":[{"type":"keyDown","value":""},{"type":"pause","duration":10},{"type":"keyUp","value":""}]}]}
COMMAND: POST /session/b3880d3ba2eb870b1ca811bb9120dafd/execute/async - {"script":"<script> [1562 bytes]","args":[{"selector":{"controlType":"sap.m.Button","viewName":"etm.portal.ui.billofresources.view.NewBoR","viewId":"application-billofresources-display-component---newBoR","i18NText":{"propertyName":"text","key":"save"},"interaction":{"idSuffix":"BDI-content"}},"wdio_ui5_key":"etmportal.ui.billofresources.view.NewBoRsap.m.Button{\"propertyName\":\"text\",\"key\":\"save\"}"}]}
COMMAND: GET /session/b3880d3ba2eb870b1ca811bb9120dafd/screenshot - {}
RESULT: {"script":"<script> [1562 bytes]","args":[{"selector":{"controlType":"sap.m.Button","viewName":"etm.portal.ui.billofresources.view.NewBoR","viewId":"application-billofresources-display-component---newBoR","i18NText":{"propertyName":"text","key":"save"},"interaction":{"idSuffix":"BDI-content"}},"wdio_ui5_key":"etmportal.ui.billofresources.view.NewBoRsap.m.Button{\"propertyName\":\"text\",\"key\":\"save\"}"}]}
RESULT: undefined
COMMAND: POST /session/b3880d3ba2eb870b1ca811bb9120dafd/element - {"using":"xpath","value":"//*[@id=\"__button248\"]"}
RESULT: {}
RESULT: {"using":"xpath","value":"//*[@id=\"__button248\"]"}
COMMAND: POST /session/b3880d3ba2eb870b1ca811bb9120dafd/element/f.34B6D9BAC181A0CDE5A35E7B6EFB882F.d.E772D1FC881A58C0DFBF06C2A8C0D464.e.2813/click - {}
RESULT: {}
COMMAND: GET /session/b3880d3ba2eb870b1ca811bb9120dafd/screenshot - {}
RESULT: {}
COMMAND: POST /session/b3880d3ba2eb870b1ca811bb9120dafd/execute/async - {"script":"<script> [1562 bytes]","args":[{"selector":{"controlType":"sap.m.Text","viewName":"etm.portal.ui.billofresources.view.DetailBoR","viewId":"application-billofresources-display-component---detailBoR","bindingPath":{"propertyPath":"LINK_TO_RESOURCE_UNITS/LINK_TO_RU_STATE/STATE_DESCR","modelName":"catalogModel"}},"wdio_ui5_key":"etmportal.ui.billofresources.view.DetailBoRsap.m.Text{\"propertyPath\":\"LINK_TO_RESOURCE_UNITS/LINK_TO_RU_STATE/STATE_DESCR\",\"modelName\":\"catalogModel\"}"}]}
RESULT: {"script":"<script> [1562 bytes]","args":[{"selector":{"controlType":"sap.m.Text","viewName":"etm.portal.ui.billofresources.view.DetailBoR","viewId":"application-billofresources-display-component---detailBoR","bindingPath":{"propertyPath":"LINK_TO_RESOURCE_UNITS/LINK_TO_RU_STATE/STATE_DESCR","modelName":"catalogModel"}},"wdio_ui5_key":"etmportal.ui.billofresources.view.DetailBoRsap.m.Text{\"propertyPath\":\"LINK_TO_RESOURCE_UNITS/LINK_TO_RU_STATE/STATE_DESCR\",\"modelName\":\"catalogModel\"}"}]}
RESULT: undefined
COMMAND: POST /session/b3880d3ba2eb870b1ca811bb9120dafd/execute/async - {"script":"<script> [6424 bytes]","args":[{"element-6066-11e4-a52e-4f735466cecf":"f.34B6D9BAC181A0CDE5A35E7B6EFB882F.d.E772D1FC881A58C0DFBF06C2A8C0D464.e.3223"},"getText",[]]}
RESULT: {"script":"<script> [6424 bytes]","args":[{"element-6066-11e4-a52e-4f735466cecf":"f.34B6D9BAC181A0CDE5A35E7B6EFB882F.d.E772D1FC881A58C0DFBF06C2A8C0D464.e.3223"},"getText",[]]}
]]></system-out>
    </testcase>
    <testcase classname="chrome.136_0_7103_93.windows.Bill_of_Resources_tests_for_bundle_creation_&amp;_replenishment_US131067_US131070" name="Should create replenishment handover from BOR US131070" time="84.914">
      <system-out><![CDATA[
COMMAND: POST /session/b3880d3ba2eb870b1ca811bb9120dafd/execute/async - {"script":"<script> [1562 bytes]","args":[{"selector":{"controlType":"sap.m.Button","viewName":"etm.portal.ui.billofresources.view.DetailBoR","viewId":"application-billofresources-display-component---detailBoR","i18NText":{"propertyName":"text","key":"replenish"},"interaction":{"idSuffix":"BDI-content"}},"wdio_ui5_key":"etmportal.ui.billofresources.view.DetailBoRsap.m.Button{\"propertyName\":\"text\",\"key\":\"replenish\"}"}]}
RESULT: {"script":"<script> [1562 bytes]","args":[{"selector":{"controlType":"sap.m.Button","viewName":"etm.portal.ui.billofresources.view.DetailBoR","viewId":"application-billofresources-display-component---detailBoR","i18NText":{"propertyName":"text","key":"replenish"},"interaction":{"idSuffix":"BDI-content"}},"wdio_ui5_key":"etmportal.ui.billofresources.view.DetailBoRsap.m.Button{\"propertyName\":\"text\",\"key\":\"replenish\"}"}]}
RESULT: undefined
COMMAND: POST /session/b3880d3ba2eb870b1ca811bb9120dafd/element - {"using":"xpath","value":"//*[@id=\"__button262\"]"}
RESULT: {"using":"xpath","value":"//*[@id=\"__button262\"]"}
COMMAND: POST /session/b3880d3ba2eb870b1ca811bb9120dafd/element/f.34B6D9BAC181A0CDE5A35E7B6EFB882F.d.E772D1FC881A58C0DFBF06C2A8C0D464.e.3225/click - {}
RESULT: {}
COMMAND: GET /session/b3880d3ba2eb870b1ca811bb9120dafd/screenshot - {}
RESULT: {}
COMMAND: POST /session/b3880d3ba2eb870b1ca811bb9120dafd/execute/async - {"script":"<script> [1562 bytes]","args":[{"selector":{"controlType":"sap.m.Button","viewName":"etm.portal.ui.billofresources.view.DetailBoR","viewId":"application-billofresources-display-component---detailBoR","i18NText":{"propertyName":"text","key":"execute"},"interaction":{"idSuffix":"BDI-content"}},"wdio_ui5_key":"etmportal.ui.billofresources.view.DetailBoRsap.m.Button{\"propertyName\":\"text\",\"key\":\"execute\"}"}]}
RESULT: {"script":"<script> [1562 bytes]","args":[{"selector":{"controlType":"sap.m.Button","viewName":"etm.portal.ui.billofresources.view.DetailBoR","viewId":"application-billofresources-display-component---detailBoR","i18NText":{"propertyName":"text","key":"execute"},"interaction":{"idSuffix":"BDI-content"}},"wdio_ui5_key":"etmportal.ui.billofresources.view.DetailBoRsap.m.Button{\"propertyName\":\"text\",\"key\":\"execute\"}"}]}
RESULT: undefined
COMMAND: POST /session/b3880d3ba2eb870b1ca811bb9120dafd/element - {"using":"xpath","value":"//*[@id=\"__button278\"]"}
RESULT: {"using":"xpath","value":"//*[@id=\"__button278\"]"}
COMMAND: POST /session/b3880d3ba2eb870b1ca811bb9120dafd/element/f.34B6D9BAC181A0CDE5A35E7B6EFB882F.d.E772D1FC881A58C0DFBF06C2A8C0D464.e.3244/click - {}
RESULT: {}
COMMAND: GET /session/b3880d3ba2eb870b1ca811bb9120dafd/screenshot - {}
RESULT: {}
COMMAND: POST /session/b3880d3ba2eb870b1ca811bb9120dafd/execute/async - {"script":"<script> [1562 bytes]","args":[{"selector":{"controlType":"sap.m.Text","viewName":"etm.portal.ui.managehandovers.view.DetailExecuteHO","bindingPath":{"path":"","propertyPath":"NO","modelName":"catalogModel"}},"wdio_ui5_key":"etmportal.ui.managehandovers.view.DetailExecuteHOsap.m.Text{\"path\":\"\",\"propertyPath\":\"NO\",\"modelName\":\"catalogModel\"}"}]}
RESULT: {"script":"<script> [1562 bytes]","args":[{"selector":{"controlType":"sap.m.Text","viewName":"etm.portal.ui.managehandovers.view.DetailExecuteHO","bindingPath":{"path":"","propertyPath":"NO","modelName":"catalogModel"}},"wdio_ui5_key":"etmportal.ui.managehandovers.view.DetailExecuteHOsap.m.Text{\"path\":\"\",\"propertyPath\":\"NO\",\"modelName\":\"catalogModel\"}"}]}
RESULT: undefined
COMMAND: POST /session/b3880d3ba2eb870b1ca811bb9120dafd/execute/async - {"script":"<script> [6424 bytes]","args":[{"element-6066-11e4-a52e-4f735466cecf":"f.34B6D9BAC181A0CDE5A35E7B6EFB882F.d.E772D1FC881A58C0DFBF06C2A8C0D464.e.3419"},"getText",[]]}
RESULT: {"script":"<script> [6424 bytes]","args":[{"element-6066-11e4-a52e-4f735466cecf":"f.34B6D9BAC181A0CDE5A35E7B6EFB882F.d.E772D1FC881A58C0DFBF06C2A8C0D464.e.3419"},"getText",[]]}
COMMAND: POST /session/b3880d3ba2eb870b1ca811bb9120dafd/element - {"using":"xpath","value":"//button[@data-kt=\"PickingTableConfirmAllButton\"]"}
RESULT: {"using":"xpath","value":"//button[@data-kt=\"PickingTableConfirmAllButton\"]"}
COMMAND: POST /session/b3880d3ba2eb870b1ca811bb9120dafd/element/f.34B6D9BAC181A0CDE5A35E7B6EFB882F.d.E772D1FC881A58C0DFBF06C2A8C0D464.e.3420/click - {}
RESULT: {}
COMMAND: GET /session/b3880d3ba2eb870b1ca811bb9120dafd/screenshot - {}
RESULT: {}
COMMAND: POST /session/b3880d3ba2eb870b1ca811bb9120dafd/element - {"using":"xpath","value":"//bdi[contains(text(), \"OK\")]"}
RESULT: {"using":"xpath","value":"//bdi[contains(text(), \"OK\")]"}
COMMAND: POST /session/b3880d3ba2eb870b1ca811bb9120dafd/element/f.34B6D9BAC181A0CDE5A35E7B6EFB882F.d.E772D1FC881A58C0DFBF06C2A8C0D464.e.3422/click - {}
RESULT: {}
COMMAND: GET /session/b3880d3ba2eb870b1ca811bb9120dafd/screenshot - {}
RESULT: {}
COMMAND: POST /session/b3880d3ba2eb870b1ca811bb9120dafd/element - {"using":"xpath","value":"(//bdi[contains(text(), \"Pick\")])[1]"}
RESULT: {"using":"xpath","value":"(//bdi[contains(text(), \"Pick\")])[1]"}
COMMAND: POST /session/b3880d3ba2eb870b1ca811bb9120dafd/element/f.34B6D9BAC181A0CDE5A35E7B6EFB882F.d.E772D1FC881A58C0DFBF06C2A8C0D464.e.3424/click - {}
RESULT: {}
COMMAND: GET /session/b3880d3ba2eb870b1ca811bb9120dafd/screenshot - {}
RESULT: {}
COMMAND: POST /session/b3880d3ba2eb870b1ca811bb9120dafd/execute/async - {"script":"<script> [1562 bytes]","args":[{"selector":{"controlType":"sap.m.SearchField","viewName":"etm.portal.ui.managehandovers.view.MasterHO","bindingPath":{"propertyPath":"/_BASIC_SEARCH_FIELD","modelName":"fi1t3rM0d31"},"interaction":{"idSuffix":"I"}},"wdio_ui5_key":"etmportal.ui.managehandovers.view.MasterHOsap.m.SearchField{\"propertyPath\":\"/_BASIC_SEARCH_FIELD\",\"modelName\":\"fi1t3rM0d31\"}"}]}
RESULT: {"script":"<script> [1562 bytes]","args":[{"selector":{"controlType":"sap.m.SearchField","viewName":"etm.portal.ui.managehandovers.view.MasterHO","bindingPath":{"propertyPath":"/_BASIC_SEARCH_FIELD","modelName":"fi1t3rM0d31"},"interaction":{"idSuffix":"I"}},"wdio_ui5_key":"etmportal.ui.managehandovers.view.MasterHOsap.m.SearchField{\"propertyPath\":\"/_BASIC_SEARCH_FIELD\",\"modelName\":\"fi1t3rM0d31\"}"}]}
RESULT: undefined
COMMAND: POST /session/b3880d3ba2eb870b1ca811bb9120dafd/execute/async - {"script":"<script> [776 bytes]","args":[{"enterText":"30732","selector":{"controlType":"sap.m.SearchField","viewName":"etm.portal.ui.managehandovers.view.MasterHO","bindingPath":{"propertyPath":"/_BASIC_SEARCH_FIELD","modelName":"fi1t3rM0d31"},"interaction":{"idSuffix":"I"}},"clearTextFirst":true,"interactionType":"ENTER_TEXT"}]}
RESULT: {"script":"<script> [776 bytes]","args":[{"enterText":"30732","selector":{"controlType":"sap.m.SearchField","viewName":"etm.portal.ui.managehandovers.view.MasterHO","bindingPath":{"propertyPath":"/_BASIC_SEARCH_FIELD","modelName":"fi1t3rM0d31"},"interaction":{"idSuffix":"I"}},"clearTextFirst":true,"interactionType":"ENTER_TEXT"}]}
COMMAND: POST /session/b3880d3ba2eb870b1ca811bb9120dafd/actions - {"actions":[{"id":"action5","type":"key","parameters":{},"actions":[{"type":"keyDown","value":""},{"type":"pause","duration":10},{"type":"keyUp","value":""}]}]}
RESULT: {"actions":[{"id":"action5","type":"key","parameters":{},"actions":[{"type":"keyDown","value":""},{"type":"pause","duration":10},{"type":"keyUp","value":""}]}]}
COMMAND: GET /session/b3880d3ba2eb870b1ca811bb9120dafd/screenshot - {}
RESULT: {}
COMMAND: POST /session/b3880d3ba2eb870b1ca811bb9120dafd/execute/async - {"script":"<script> [1562 bytes]","args":[{"selector":{"controlType":"sap.ui.core.Icon","viewName":"etm.portal.ui.managehandovers.view.MasterHO","properties":{"src":{"regex":{"source":"slim\\-arrow\\-right"}}}},"wdio_ui5_key":"etmportal.ui.managehandovers.view.MasterHOsap.ui.core.Icon{\"src\":{\"regex\":{\"source\":\"slim\\\\-arrow\\\\-right\"}}}"}]}
RESULT: {"script":"<script> [1562 bytes]","args":[{"selector":{"controlType":"sap.ui.core.Icon","viewName":"etm.portal.ui.managehandovers.view.MasterHO","properties":{"src":{"regex":{"source":"slim\\-arrow\\-right"}}}},"wdio_ui5_key":"etmportal.ui.managehandovers.view.MasterHOsap.ui.core.Icon{\"src\":{\"regex\":{\"source\":\"slim\\\\-arrow\\\\-right\"}}}"}]}
RESULT: undefined
COMMAND: POST /session/b3880d3ba2eb870b1ca811bb9120dafd/element - {"using":"xpath","value":"//*[@id=\"__item1700-__clone4576-imgNav\"]"}
RESULT: {"using":"xpath","value":"//*[@id=\"__item1700-__clone4576-imgNav\"]"}
COMMAND: POST /session/b3880d3ba2eb870b1ca811bb9120dafd/element/f.34B6D9BAC181A0CDE5A35E7B6EFB882F.d.E772D1FC881A58C0DFBF06C2A8C0D464.e.3728/click - {}
RESULT: {}
COMMAND: POST /session/b3880d3ba2eb870b1ca811bb9120dafd/execute/async - {"script":"<script> [1562 bytes]","args":[{"selector":{"controlType":"sap.m.ObjectStatus","viewName":"etm.portal.ui.managehandovers.view.DetailExecuteHO","bindingPath":{"path":"","propertyPath":"LINK_TO_STATUS/DESCRIPTION","modelName":"catalogModel"}},"wdio_ui5_key":"etmportal.ui.managehandovers.view.DetailExecuteHOsap.m.ObjectStatus{\"path\":\"\",\"propertyPath\":\"LINK_TO_STATUS/DESCRIPTION\",\"modelName\":\"catalogModel\"}"}]}
COMMAND: GET /session/b3880d3ba2eb870b1ca811bb9120dafd/screenshot - {}
RESULT: {"script":"<script> [1562 bytes]","args":[{"selector":{"controlType":"sap.m.ObjectStatus","viewName":"etm.portal.ui.managehandovers.view.DetailExecuteHO","bindingPath":{"path":"","propertyPath":"LINK_TO_STATUS/DESCRIPTION","modelName":"catalogModel"}},"wdio_ui5_key":"etmportal.ui.managehandovers.view.DetailExecuteHOsap.m.ObjectStatus{\"path\":\"\",\"propertyPath\":\"LINK_TO_STATUS/DESCRIPTION\",\"modelName\":\"catalogModel\"}"}]}
RESULT: undefined
COMMAND: POST /session/b3880d3ba2eb870b1ca811bb9120dafd/execute/async - {"script":"<script> [6424 bytes]","args":[{"element-6066-11e4-a52e-4f735466cecf":"f.34B6D9BAC181A0CDE5A35E7B6EFB882F.d.E772D1FC881A58C0DFBF06C2A8C0D464.e.3768"},"getText",[]]}
RESULT: {}
RESULT: {"script":"<script> [6424 bytes]","args":[{"element-6066-11e4-a52e-4f735466cecf":"f.34B6D9BAC181A0CDE5A35E7B6EFB882F.d.E772D1FC881A58C0DFBF06C2A8C0D464.e.3768"},"getText",[]]}
COMMAND: POST /session/b3880d3ba2eb870b1ca811bb9120dafd/element - {"using":"xpath","value":"//button[@data-kt=\"IssuingTableConfirmAllButton\"]"}
RESULT: {"using":"xpath","value":"//button[@data-kt=\"IssuingTableConfirmAllButton\"]"}
COMMAND: POST /session/b3880d3ba2eb870b1ca811bb9120dafd/element/f.34B6D9BAC181A0CDE5A35E7B6EFB882F.d.E772D1FC881A58C0DFBF06C2A8C0D464.e.3755/click - {}
RESULT: {}
COMMAND: GET /session/b3880d3ba2eb870b1ca811bb9120dafd/screenshot - {}
RESULT: {}
COMMAND: POST /session/b3880d3ba2eb870b1ca811bb9120dafd/element - {"using":"xpath","value":"//bdi[contains(text(), \"OK\")]"}
RESULT: {"using":"xpath","value":"//bdi[contains(text(), \"OK\")]"}
COMMAND: POST /session/b3880d3ba2eb870b1ca811bb9120dafd/element/f.34B6D9BAC181A0CDE5A35E7B6EFB882F.d.E772D1FC881A58C0DFBF06C2A8C0D464.e.3771/click - {}
RESULT: {}
COMMAND: GET /session/b3880d3ba2eb870b1ca811bb9120dafd/screenshot - {}
RESULT: {}
COMMAND: POST /session/b3880d3ba2eb870b1ca811bb9120dafd/element - {"using":"xpath","value":"(//bdi[contains(text(), \"Issue\")])[1]"}
RESULT: {"using":"xpath","value":"(//bdi[contains(text(), \"Issue\")])[1]"}
COMMAND: POST /session/b3880d3ba2eb870b1ca811bb9120dafd/element/f.34B6D9BAC181A0CDE5A35E7B6EFB882F.d.E772D1FC881A58C0DFBF06C2A8C0D464.e.3773/click - {}
RESULT: {}
COMMAND: GET /session/b3880d3ba2eb870b1ca811bb9120dafd/screenshot - {}
RESULT: {}
COMMAND: POST /session/b3880d3ba2eb870b1ca811bb9120dafd/element - {"using":"xpath","value":"//span[contains(@id, \"smartTable-header-inner\")]"}
RESULT: {"using":"xpath","value":"//span[contains(@id, \"smartTable-header-inner\")]"}
COMMAND: POST /session/b3880d3ba2eb870b1ca811bb9120dafd/elements - {"using":"xpath","value":"//span[contains(@id, \"smartTable-header-inner\")]"}
RESULT: {"using":"xpath","value":"//span[contains(@id, \"smartTable-header-inner\")]"}
COMMAND: POST /session/b3880d3ba2eb870b1ca811bb9120dafd/execute/sync - {"script":"<script> [56 bytes]","args":[{"element-6066-11e4-a52e-4f735466cecf":"f.34B6D9BAC181A0CDE5A35E7B6EFB882F.d.E772D1FC881A58C0DFBF06C2A8C0D464.e.3816","ELEMENT":"f.34B6D9BAC181A0CDE5A35E7B6EFB882F.d.E772D1FC881A58C0DFBF06C2A8C0D464.e.3816"}]}
RESULT: {"script":"<script> [56 bytes]","args":[{"element-6066-11e4-a52e-4f735466cecf":"f.34B6D9BAC181A0CDE5A35E7B6EFB882F.d.E772D1FC881A58C0DFBF06C2A8C0D464.e.3816","ELEMENT":"f.34B6D9BAC181A0CDE5A35E7B6EFB882F.d.E772D1FC881A58C0DFBF06C2A8C0D464.e.3816"}]}
COMMAND: POST /session/b3880d3ba2eb870b1ca811bb9120dafd/elements - {"using":"xpath","value":"//thead[contains(@class, \"sapMTableTH\")]/tr/th"}
COMMAND: GET /session/b3880d3ba2eb870b1ca811bb9120dafd/screenshot - {}
RESULT: {"using":"xpath","value":"//thead[contains(@class, \"sapMTableTH\")]/tr/th"}
COMMAND: GET /session/b3880d3ba2eb870b1ca811bb9120dafd/element/f.34B6D9BAC181A0CDE5A35E7B6EFB882F.d.E772D1FC881A58C0DFBF06C2A8C0D464.e.3817/text - {}
RESULT: {}
RESULT: {}
COMMAND: GET /session/b3880d3ba2eb870b1ca811bb9120dafd/element/f.34B6D9BAC181A0CDE5A35E7B6EFB882F.d.E772D1FC881A58C0DFBF06C2A8C0D464.e.3818/text - {}
RESULT: {}
COMMAND: GET /session/b3880d3ba2eb870b1ca811bb9120dafd/element/f.34B6D9BAC181A0CDE5A35E7B6EFB882F.d.E772D1FC881A58C0DFBF06C2A8C0D464.e.3377/text - {}
RESULT: {}
COMMAND: GET /session/b3880d3ba2eb870b1ca811bb9120dafd/element/f.34B6D9BAC181A0CDE5A35E7B6EFB882F.d.E772D1FC881A58C0DFBF06C2A8C0D464.e.3379/text - {}
RESULT: {}
COMMAND: GET /session/b3880d3ba2eb870b1ca811bb9120dafd/element/f.34B6D9BAC181A0CDE5A35E7B6EFB882F.d.E772D1FC881A58C0DFBF06C2A8C0D464.e.3779/text - {}
RESULT: {}
COMMAND: GET /session/b3880d3ba2eb870b1ca811bb9120dafd/element/f.34B6D9BAC181A0CDE5A35E7B6EFB882F.d.E772D1FC881A58C0DFBF06C2A8C0D464.e.3780/text - {}
RESULT: {}
COMMAND: GET /session/b3880d3ba2eb870b1ca811bb9120dafd/element/f.34B6D9BAC181A0CDE5A35E7B6EFB882F.d.E772D1FC881A58C0DFBF06C2A8C0D464.e.3781/text - {}
RESULT: {}
COMMAND: GET /session/b3880d3ba2eb870b1ca811bb9120dafd/element/f.34B6D9BAC181A0CDE5A35E7B6EFB882F.d.E772D1FC881A58C0DFBF06C2A8C0D464.e.3782/text - {}
RESULT: {}
COMMAND: GET /session/b3880d3ba2eb870b1ca811bb9120dafd/element/f.34B6D9BAC181A0CDE5A35E7B6EFB882F.d.E772D1FC881A58C0DFBF06C2A8C0D464.e.3783/text - {}
RESULT: {}
COMMAND: GET /session/b3880d3ba2eb870b1ca811bb9120dafd/element/f.34B6D9BAC181A0CDE5A35E7B6EFB882F.d.E772D1FC881A58C0DFBF06C2A8C0D464.e.3784/text - {}
RESULT: {}
COMMAND: GET /session/b3880d3ba2eb870b1ca811bb9120dafd/element/f.34B6D9BAC181A0CDE5A35E7B6EFB882F.d.E772D1FC881A58C0DFBF06C2A8C0D464.e.3785/text - {}
RESULT: {}
COMMAND: GET /session/b3880d3ba2eb870b1ca811bb9120dafd/element/f.34B6D9BAC181A0CDE5A35E7B6EFB882F.d.E772D1FC881A58C0DFBF06C2A8C0D464.e.3786/text - {}
RESULT: {}
COMMAND: GET /session/b3880d3ba2eb870b1ca811bb9120dafd/element/f.34B6D9BAC181A0CDE5A35E7B6EFB882F.d.E772D1FC881A58C0DFBF06C2A8C0D464.e.3787/text - {}
RESULT: {}
COMMAND: GET /session/b3880d3ba2eb870b1ca811bb9120dafd/element/f.34B6D9BAC181A0CDE5A35E7B6EFB882F.d.E772D1FC881A58C0DFBF06C2A8C0D464.e.3380/text - {}
RESULT: {}
COMMAND: POST /session/b3880d3ba2eb870b1ca811bb9120dafd/element - {"using":"xpath","value":"//tbody[contains(@id, \"customHandoversTable-tblBody\")]/tr[1]/td[14]/div/span"}
RESULT: {"using":"xpath","value":"//tbody[contains(@id, \"customHandoversTable-tblBody\")]/tr[1]/td[14]/div/span"}
COMMAND: POST /session/b3880d3ba2eb870b1ca811bb9120dafd/execute/sync - {"script":"<script> [56 bytes]","args":[{"element-6066-11e4-a52e-4f735466cecf":"f.34B6D9BAC181A0CDE5A35E7B6EFB882F.d.E772D1FC881A58C0DFBF06C2A8C0D464.e.3857","ELEMENT":"f.34B6D9BAC181A0CDE5A35E7B6EFB882F.d.E772D1FC881A58C0DFBF06C2A8C0D464.e.3857"}]}
RESULT: {"script":"<script> [56 bytes]","args":[{"element-6066-11e4-a52e-4f735466cecf":"f.34B6D9BAC181A0CDE5A35E7B6EFB882F.d.E772D1FC881A58C0DFBF06C2A8C0D464.e.3857","ELEMENT":"f.34B6D9BAC181A0CDE5A35E7B6EFB882F.d.E772D1FC881A58C0DFBF06C2A8C0D464.e.3857"}]}
COMMAND: POST /session/b3880d3ba2eb870b1ca811bb9120dafd/element - {"using":"css selector","value":"#shell-header-logo"}
COMMAND: GET /session/b3880d3ba2eb870b1ca811bb9120dafd/screenshot - {}
RESULT: {"using":"css selector","value":"#shell-header-logo"}
COMMAND: POST /session/b3880d3ba2eb870b1ca811bb9120dafd/element/f.34B6D9BAC181A0CDE5A35E7B6EFB882F.d.E772D1FC881A58C0DFBF06C2A8C0D464.e.2524/click - {}
RESULT: {}
RESULT: {}
COMMAND: GET /session/b3880d3ba2eb870b1ca811bb9120dafd/screenshot - {}
RESULT: {}
COMMAND: POST /session/b3880d3ba2eb870b1ca811bb9120dafd/element - {"using":"css selector","value":"#j_username"}
COMMAND: POST /session/b3880d3ba2eb870b1ca811bb9120dafd/url - {"url":"https://qa-testing-00-live-etm-ui.cfapps.eu10-004.hana.ondemand.com/"}
RESULT: {"using":"css selector","value":"#j_username"}
COMMAND: POST /session/b3880d3ba2eb870b1ca811bb9120dafd/element - {"using":"css selector","value":"#j_username"}
RESULT: {"url":"https://qa-testing-00-live-etm-ui.cfapps.eu10-004.hana.ondemand.com/"}
RESULT: undefined
COMMAND: GET /session/b3880d3ba2eb870b1ca811bb9120dafd/screenshot - {}
RESULT: {"using":"css selector","value":"#j_username"}
COMMAND: POST /session/b3880d3ba2eb870b1ca811bb9120dafd/element - {"using":"css selector","value":"#shell-header-logo"}
RESULT: {}
RESULT: {"using":"css selector","value":"#shell-header-logo"}
COMMAND: POST /session/b3880d3ba2eb870b1ca811bb9120dafd/execute/sync - {"script":"<script> [8489 bytes]","args":[{"element-6066-11e4-a52e-4f735466cecf":"f.34B6D9BAC181A0CDE5A35E7B6EFB882F.d.28AACEAFF4ABD51F5915885876C535F8.e.3871","ELEMENT":"f.34B6D9BAC181A0CDE5A35E7B6EFB882F.d.28AACEAFF4ABD51F5915885876C535F8.e.3871"}]}
RESULT: {"script":"<script> [8489 bytes]","args":[{"element-6066-11e4-a52e-4f735466cecf":"f.34B6D9BAC181A0CDE5A35E7B6EFB882F.d.28AACEAFF4ABD51F5915885876C535F8.e.3871","ELEMENT":"f.34B6D9BAC181A0CDE5A35E7B6EFB882F.d.28AACEAFF4ABD51F5915885876C535F8.e.3871"}]}
COMMAND: POST /session/b3880d3ba2eb870b1ca811bb9120dafd/element - {"using":"css selector","value":"#shell-header-logo"}
COMMAND: GET /session/b3880d3ba2eb870b1ca811bb9120dafd/screenshot - {}
RESULT: {"using":"css selector","value":"#shell-header-logo"}
COMMAND: POST /session/b3880d3ba2eb870b1ca811bb9120dafd/execute/sync - {"script":"<script> [8489 bytes]","args":[{"element-6066-11e4-a52e-4f735466cecf":"f.34B6D9BAC181A0CDE5A35E7B6EFB882F.d.28AACEAFF4ABD51F5915885876C535F8.e.3871","ELEMENT":"f.34B6D9BAC181A0CDE5A35E7B6EFB882F.d.28AACEAFF4ABD51F5915885876C535F8.e.3871"}]}
RESULT: {}
RESULT: {"script":"<script> [8489 bytes]","args":[{"element-6066-11e4-a52e-4f735466cecf":"f.34B6D9BAC181A0CDE5A35E7B6EFB882F.d.28AACEAFF4ABD51F5915885876C535F8.e.3871","ELEMENT":"f.34B6D9BAC181A0CDE5A35E7B6EFB882F.d.28AACEAFF4ABD51F5915885876C535F8.e.3871"}]}
COMMAND: POST /session/b3880d3ba2eb870b1ca811bb9120dafd/execute/sync - {"script":"<script> [5351 bytes]","args":[{"element-6066-11e4-a52e-4f735466cecf":"f.34B6D9BAC181A0CDE5A35E7B6EFB882F.d.28AACEAFF4ABD51F5915885876C535F8.e.3871","ELEMENT":"f.34B6D9BAC181A0CDE5A35E7B6EFB882F.d.28AACEAFF4ABD51F5915885876C535F8.e.3871"}]}
COMMAND: GET /session/b3880d3ba2eb870b1ca811bb9120dafd/screenshot - {}
RESULT: {"script":"<script> [5351 bytes]","args":[{"element-6066-11e4-a52e-4f735466cecf":"f.34B6D9BAC181A0CDE5A35E7B6EFB882F.d.28AACEAFF4ABD51F5915885876C535F8.e.3871","ELEMENT":"f.34B6D9BAC181A0CDE5A35E7B6EFB882F.d.28AACEAFF4ABD51F5915885876C535F8.e.3871"}]}
COMMAND: POST /session/b3880d3ba2eb870b1ca811bb9120dafd/element - {"using":"css selector","value":"#shell-header-logo"}
COMMAND: GET /session/b3880d3ba2eb870b1ca811bb9120dafd/screenshot - {}
RESULT: {}
RESULT: {"using":"css selector","value":"#shell-header-logo"}
COMMAND: POST /session/b3880d3ba2eb870b1ca811bb9120dafd/element/f.34B6D9BAC181A0CDE5A35E7B6EFB882F.d.28AACEAFF4ABD51F5915885876C535F8.e.3871/click - {}
RESULT: {}
RESULT: {}
COMMAND: GET /session/b3880d3ba2eb870b1ca811bb9120dafd/screenshot - {}
RESULT: {}
COMMAND: POST /session/b3880d3ba2eb870b1ca811bb9120dafd/execute/async - {"script":"<script> [189 bytes]","args":[]}
RESULT: {"script":"<script> [189 bytes]","args":[]}
COMMAND: POST /session/b3880d3ba2eb870b1ca811bb9120dafd/execute/async - {"script":"<script> [123 bytes]","args":[]}
RESULT: {"script":"<script> [123 bytes]","args":[]}
COMMAND: POST /session/b3880d3ba2eb870b1ca811bb9120dafd/timeouts - {"script":"<number>"}
RESULT: {"script":"<number>"}
COMMAND: GET /session/b3880d3ba2eb870b1ca811bb9120dafd/timeouts - {}
RESULT: {}
RESULT: undefined
COMMAND: POST /session/b3880d3ba2eb870b1ca811bb9120dafd/execute/async - {"script":"<script> [2676 bytes]","args":[]}
RESULT: {"script":"<script> [2676 bytes]","args":[]}
COMMAND: POST /session/b3880d3ba2eb870b1ca811bb9120dafd/execute/async - {"script":"<script> [2342 bytes]","args":[{"protocol":"http","hostname":"0.0.0.0","path":"/","capabilities":{"browserName":"chrome","goog:chromeOptions":{"binary":"C:\\Program Files\\Google\\Chrome\\Application\\chrome.exe","args":["--start-maximized"]}},"logLevel":"warn","connectionRetryTimeout":120000,"connectionRetryCount":3,"logLevels":{},"enableDirectConnect":true,"strictSSL":true,"_":"65 more keys: [\"cacheDir\",\"port\",\"requestedCapabilities\",\"automationProtocol\",\"baseUrl\",\"waitforInterval\",\"waitforTimeout\",\"onReload\",\"beforeCommand\",\"afterCommand\",\"rootDir\",\"specs\",\"suites\",\"exclude\",\"groupLogsByTestSpec\",\"excludeDriverLogs\",\"bail\",\"framework\",\"reporters\",\"services\",\"maxInstances\",\"maxInstancesPerCapability\",\"injectGlobals\",\"filesToWatch\",\"execArgv\",\"runnerEnv\",\"runner\",\"shard\",\"specFileRetries\",\"specFileRetriesDelay\",\"specFileRetriesDeferred\",\"reporterSyncInterval\",\"reporterSyncTimeout\",\"cucumberFeaturesWithLineNumbers\",\"autoCompileOpts\",\"mochaOpts\",\"jasmineOpts\",\"cucumberOpts\",\"onPrepare\",\"onWorkerStart\",\"onWorkerEnd\",\"before\",\"beforeSession\",\"beforeSuite\",\"beforeHook\",\"beforeTest\",\"afterTest\",\"afterHook\",\"afterSuite\",\"afterSession\",\"after\",\"onComplete\",\"beforeAssertion\",\"afterAssertion\",\"beforeFeature\",\"beforeScenario\",\"beforeStep\",\"afterStep\",\"afterScenario\",\"afterFeature\",\"_\",\"suite\",\"$0\",\"ignoredWorkerServices\",\"wdi5\"]"}]}
RESULT: {"script":"<script> [2342 bytes]","args":[{"protocol":"http","hostname":"0.0.0.0","path":"/","capabilities":{"browserName":"chrome","goog:chromeOptions":{"binary":"C:\\Program Files\\Google\\Chrome\\Application\\chrome.exe","args":["--start-maximized"]}},"logLevel":"warn","connectionRetryTimeout":120000,"connectionRetryCount":3,"logLevels":{},"enableDirectConnect":true,"strictSSL":true,"_":"65 more keys: [\"cacheDir\",\"port\",\"requestedCapabilities\",\"automationProtocol\",\"baseUrl\",\"waitforInterval\",\"waitforTimeout\",\"onReload\",\"beforeCommand\",\"afterCommand\",\"rootDir\",\"specs\",\"suites\",\"exclude\",\"groupLogsByTestSpec\",\"excludeDriverLogs\",\"bail\",\"framework\",\"reporters\",\"services\",\"maxInstances\",\"maxInstancesPerCapability\",\"injectGlobals\",\"filesToWatch\",\"execArgv\",\"runnerEnv\",\"runner\",\"shard\",\"specFileRetries\",\"specFileRetriesDelay\",\"specFileRetriesDeferred\",\"reporterSyncInterval\",\"reporterSyncTimeout\",\"cucumberFeaturesWithLineNumbers\",\"autoCompileOpts\",\"mochaOpts\",\"jasmineOpts\",\"cucumberOpts\",\"onPrepare\",\"onWorkerStart\",\"onWorkerEnd\",\"before\",\"beforeSession\",\"beforeSuite\",\"beforeHook\",\"beforeTest\",\"afterTest\",\"afterHook\",\"afterSuite\",\"afterSession\",\"after\",\"onComplete\",\"beforeAssertion\",\"afterAssertion\",\"beforeFeature\",\"beforeScenario\",\"beforeStep\",\"afterStep\",\"afterScenario\",\"afterFeature\",\"_\",\"suite\",\"$0\",\"ignoredWorkerServices\",\"wdi5\"]"}]}
COMMAND: POST /session/b3880d3ba2eb870b1ca811bb9120dafd/execute/async - {"script":"<script> [21126 bytes]","args":[35000]}
RESULT: {"script":"<script> [21126 bytes]","args":[35000]}
COMMAND: POST /session/b3880d3ba2eb870b1ca811bb9120dafd/window/maximize - {}
RESULT: {}
COMMAND: POST /session/b3880d3ba2eb870b1ca811bb9120dafd/execute/async - {"script":"<script> [1562 bytes]","args":[{"selector":{"id":"shell-header","interaction":{"idSuffix":"icon"}},"wdio_ui5_key":"shellheader"}]}
COMMAND: GET /session/b3880d3ba2eb870b1ca811bb9120dafd/screenshot - {}
RESULT: {"script":"<script> [1562 bytes]","args":[{"selector":{"id":"shell-header","interaction":{"idSuffix":"icon"}},"wdio_ui5_key":"shellheader"}]}
RESULT: undefined
COMMAND: POST /session/b3880d3ba2eb870b1ca811bb9120dafd/window/fullscreen - {}
RESULT: {}
RESULT: {}
]]></system-out>
    </testcase>
  </testsuite>
  <testsuite timestamp="2025-05-28T16:36:42" time="133.402" tests="1" failures="1" errors="1" skipped="0">
    <properties>
      <property name="specId" value="0"/>
      <property name="suiteName" value="Bill of Resources Completeness check of created bundle US131059"/>
      <property name="capabilities" value="chrome.136_0_7103_93.windows"/>
      <property name="file" value="file:///D:/a/1/s/test/specs/HTR/bor-completeness-check.spec.js"/>
    </properties>
    <testcase classname="chrome.136_0_7103_93.windows.Bill_of_Resources_Completeness_check_of_created_bundle_US131059" name="Should check the completeness of bundle created US131059" time="112.783">
      <failure/>
      <error message="Cannot read properties of undefined (reading 'match')"/>
      <system-out><![CDATA[
COMMAND: POST /session/b3880d3ba2eb870b1ca811bb9120dafd/execute/async - {"script":"<script> [1562 bytes]","args":[{"selector":{"controlType":"sap.m.GenericTile","properties":{"header":"Bill Of Resources"}},"wdio_ui5_key":"sapm.GenericTile{\"header\":\"Bill Of Resources\"}"}]}
RESULT: {"script":"<script> [1562 bytes]","args":[{"selector":{"controlType":"sap.m.GenericTile","properties":{"header":"Bill Of Resources"}},"wdio_ui5_key":"sapm.GenericTile{\"header\":\"Bill Of Resources\"}"}]}
RESULT: undefined
COMMAND: POST /session/b3880d3ba2eb870b1ca811bb9120dafd/element - {"using":"xpath","value":"//*[@id=\"__tile26\"]"}
RESULT: {"using":"xpath","value":"//*[@id=\"__tile26\"]"}
COMMAND: POST /session/b3880d3ba2eb870b1ca811bb9120dafd/element/f.34B6D9BAC181A0CDE5A35E7B6EFB882F.d.28AACEAFF4ABD51F5915885876C535F8.e.3979/click - {}
RESULT: {}
COMMAND: GET /session/b3880d3ba2eb870b1ca811bb9120dafd/screenshot - {}
RESULT: {}
COMMAND: POST /session/b3880d3ba2eb870b1ca811bb9120dafd/elements - {"using":"xpath","value":"//span[text()='Error']"}
RESULT: {"using":"xpath","value":"//span[text()='Error']"}
COMMAND: POST /session/b3880d3ba2eb870b1ca811bb9120dafd/execute/async - {"script":"<script> [1562 bytes]","args":[{"selector":{"id":"application-billofresources-display-component---BillOfResources--smartFilterBar-filterItemControl_BASIC-BOR_TYPE-vhi"},"wdio_ui5_key":"applicationbillofresources-display-component---BillOfResources--smartFilterBar-filterItemControl_BASIC-BOR_TYPE-vhi"}]}
RESULT: {"script":"<script> [1562 bytes]","args":[{"selector":{"id":"application-billofresources-display-component---BillOfResources--smartFilterBar-filterItemControl_BASIC-BOR_TYPE-vhi"},"wdio_ui5_key":"applicationbillofresources-display-component---BillOfResources--smartFilterBar-filterItemControl_BASIC-BOR_TYPE-vhi"}]}
RESULT: undefined
COMMAND: POST /session/b3880d3ba2eb870b1ca811bb9120dafd/element - {"using":"xpath","value":"//*[@id=\"application-billofresources-display-component---BillOfResources--smartFilterBar-filterItemControl_BASIC-BOR_TYPE-vhi\"]"}
RESULT: {"using":"xpath","value":"//*[@id=\"application-billofresources-display-component---BillOfResources--smartFilterBar-filterItemControl_BASIC-BOR_TYPE-vhi\"]"}
COMMAND: POST /session/b3880d3ba2eb870b1ca811bb9120dafd/element/f.34B6D9BAC181A0CDE5A35E7B6EFB882F.d.28AACEAFF4ABD51F5915885876C535F8.e.4060/click - {}
RESULT: {}
COMMAND: GET /session/b3880d3ba2eb870b1ca811bb9120dafd/screenshot - {}
RESULT: {}
COMMAND: POST /session/b3880d3ba2eb870b1ca811bb9120dafd/element - {"using":"xpath","value":"//div[@id=\"application-billofresources-display-component---BillOfResources--smartFilterBar-filterItemControl_BASIC-BOR_TYPE-valueHelpDialog-table-rowsel4\"]"}
RESULT: {"using":"xpath","value":"//div[@id=\"application-billofresources-display-component---BillOfResources--smartFilterBar-filterItemControl_BASIC-BOR_TYPE-valueHelpDialog-table-rowsel4\"]"}
COMMAND: POST /session/b3880d3ba2eb870b1ca811bb9120dafd/element/f.34B6D9BAC181A0CDE5A35E7B6EFB882F.d.28AACEAFF4ABD51F5915885876C535F8.e.4084/click - {}
RESULT: {}
COMMAND: GET /session/b3880d3ba2eb870b1ca811bb9120dafd/screenshot - {}
RESULT: {}
COMMAND: POST /session/b3880d3ba2eb870b1ca811bb9120dafd/execute/async - {"script":"<script> [1562 bytes]","args":[{"selector":{"id":"application-billofresources-display-component---BillOfResources--smartFilterBar-filterItemControl_BASIC-BOR_TYPE-valueHelpDialog-ok","searchOpenDialogs":true,"interaction":{"idSuffix":"BDI-content"}},"wdio_ui5_key":"applicationbillofresources-display-component---BillOfResources--smartFilterBar-filterItemControl_BASIC-BOR_TYPE-valueHelpDialog-ok"}]}
RESULT: {"script":"<script> [1562 bytes]","args":[{"selector":{"id":"application-billofresources-display-component---BillOfResources--smartFilterBar-filterItemControl_BASIC-BOR_TYPE-valueHelpDialog-ok","searchOpenDialogs":true,"interaction":{"idSuffix":"BDI-content"}},"wdio_ui5_key":"applicationbillofresources-display-component---BillOfResources--smartFilterBar-filterItemControl_BASIC-BOR_TYPE-valueHelpDialog-ok"}]}
RESULT: undefined
COMMAND: POST /session/b3880d3ba2eb870b1ca811bb9120dafd/element - {"using":"xpath","value":"//*[@id=\"application-billofresources-display-component---BillOfResources--smartFilterBar-filterItemControl_BASIC-BOR_TYPE-valueHelpDialog-ok\"]"}
RESULT: {"using":"xpath","value":"//*[@id=\"application-billofresources-display-component---BillOfResources--smartFilterBar-filterItemControl_BASIC-BOR_TYPE-valueHelpDialog-ok\"]"}
COMMAND: POST /session/b3880d3ba2eb870b1ca811bb9120dafd/element/f.34B6D9BAC181A0CDE5A35E7B6EFB882F.d.28AACEAFF4ABD51F5915885876C535F8.e.4087/click - {}
RESULT: {}
COMMAND: GET /session/b3880d3ba2eb870b1ca811bb9120dafd/screenshot - {}
RESULT: {}
COMMAND: POST /session/b3880d3ba2eb870b1ca811bb9120dafd/execute/async - {"script":"<script> [1562 bytes]","args":[{"selector":{"id":"application-billofresources-display-component---BillOfResources--smartFilterBar-filterItemControl_BASIC-RESOURCE_UNIT-vhi"},"wdio_ui5_key":"applicationbillofresources-display-component---BillOfResources--smartFilterBar-filterItemControl_BASIC-RESOURCE_UNIT-vhi"}]}
RESULT: {"script":"<script> [1562 bytes]","args":[{"selector":{"id":"application-billofresources-display-component---BillOfResources--smartFilterBar-filterItemControl_BASIC-RESOURCE_UNIT-vhi"},"wdio_ui5_key":"applicationbillofresources-display-component---BillOfResources--smartFilterBar-filterItemControl_BASIC-RESOURCE_UNIT-vhi"}]}
RESULT: undefined
COMMAND: POST /session/b3880d3ba2eb870b1ca811bb9120dafd/element - {"using":"xpath","value":"//*[@id=\"application-billofresources-display-component---BillOfResources--smartFilterBar-filterItemControl_BASIC-RESOURCE_UNIT-vhi\"]"}
RESULT: {"using":"xpath","value":"//*[@id=\"application-billofresources-display-component---BillOfResources--smartFilterBar-filterItemControl_BASIC-RESOURCE_UNIT-vhi\"]"}
COMMAND: POST /session/b3880d3ba2eb870b1ca811bb9120dafd/element/f.34B6D9BAC181A0CDE5A35E7B6EFB882F.d.28AACEAFF4ABD51F5915885876C535F8.e.4093/click - {}
RESULT: {}
COMMAND: GET /session/b3880d3ba2eb870b1ca811bb9120dafd/screenshot - {}
RESULT: {}
COMMAND: POST /session/b3880d3ba2eb870b1ca811bb9120dafd/execute/async - {"script":"<script> [1562 bytes]","args":[{"selector":{"id":"application-billofresources-display-component---BillOfResources--smartFilterBar-filterItemControl_BASIC-RESOURCE_UNIT-valueHelpDialog-smartFilterBar-btnBasicSearch","searchOpenDialogs":true,"interaction":{"idSuffix":"I"}},"wdio_ui5_key":"applicationbillofresources-display-component---BillOfResources--smartFilterBar-filterItemControl_BASIC-RESOURCE_UNIT-valueHelpDialog-smartFilterBar-btnBasicSearch"}]}
RESULT: {"script":"<script> [1562 bytes]","args":[{"selector":{"id":"application-billofresources-display-component---BillOfResources--smartFilterBar-filterItemControl_BASIC-RESOURCE_UNIT-valueHelpDialog-smartFilterBar-btnBasicSearch","searchOpenDialogs":true,"interaction":{"idSuffix":"I"}},"wdio_ui5_key":"applicationbillofresources-display-component---BillOfResources--smartFilterBar-filterItemControl_BASIC-RESOURCE_UNIT-valueHelpDialog-smartFilterBar-btnBasicSearch"}]}
RESULT: undefined
COMMAND: POST /session/b3880d3ba2eb870b1ca811bb9120dafd/execute/async - {"script":"<script> [776 bytes]","args":[{"enterText":"sfzQI81WG_1","selector":{"id":"application-billofresources-display-component---BillOfResources--smartFilterBar-filterItemControl_BASIC-RESOURCE_UNIT-valueHelpDialog-smartFilterBar-btnBasicSearch","searchOpenDialogs":true,"interaction":{"idSuffix":"I"}},"clearTextFirst":true,"interactionType":"ENTER_TEXT"}]}
RESULT: {"script":"<script> [776 bytes]","args":[{"enterText":"sfzQI81WG_1","selector":{"id":"application-billofresources-display-component---BillOfResources--smartFilterBar-filterItemControl_BASIC-RESOURCE_UNIT-valueHelpDialog-smartFilterBar-btnBasicSearch","searchOpenDialogs":true,"interaction":{"idSuffix":"I"}},"clearTextFirst":true,"interactionType":"ENTER_TEXT"}]}
COMMAND: POST /session/b3880d3ba2eb870b1ca811bb9120dafd/actions - {"actions":[{"id":"action6","type":"key","parameters":{},"actions":[{"type":"keyDown","value":""},{"type":"pause","duration":10},{"type":"keyUp","value":""}]}]}
RESULT: {"actions":[{"id":"action6","type":"key","parameters":{},"actions":[{"type":"keyDown","value":""},{"type":"pause","duration":10},{"type":"keyUp","value":""}]}]}
COMMAND: GET /session/b3880d3ba2eb870b1ca811bb9120dafd/screenshot - {}
RESULT: {}
COMMAND: POST /session/b3880d3ba2eb870b1ca811bb9120dafd/element - {"using":"xpath","value":"//div[@id=\"application-billofresources-display-component---BillOfResources--smartFilterBar-filterItemControl_BASIC-RESOURCE_UNIT-valueHelpDialog-table-rowsel0\"]"}
RESULT: {"using":"xpath","value":"//div[@id=\"application-billofresources-display-component---BillOfResources--smartFilterBar-filterItemControl_BASIC-RESOURCE_UNIT-valueHelpDialog-table-rowsel0\"]"}
COMMAND: POST /session/b3880d3ba2eb870b1ca811bb9120dafd/element/f.34B6D9BAC181A0CDE5A35E7B6EFB882F.d.28AACEAFF4ABD51F5915885876C535F8.e.4101/click - {}
RESULT: {}
COMMAND: GET /session/b3880d3ba2eb870b1ca811bb9120dafd/screenshot - {}
RESULT: {}
COMMAND: POST /session/b3880d3ba2eb870b1ca811bb9120dafd/element - {"using":"xpath","value":"//bdi[contains(text(), \"OK\")]"}
RESULT: {"using":"xpath","value":"//bdi[contains(text(), \"OK\")]"}
COMMAND: POST /session/b3880d3ba2eb870b1ca811bb9120dafd/element/f.34B6D9BAC181A0CDE5A35E7B6EFB882F.d.28AACEAFF4ABD51F5915885876C535F8.e.4103/click - {}
RESULT: {}
COMMAND: GET /session/b3880d3ba2eb870b1ca811bb9120dafd/screenshot - {}
RESULT: {}
COMMAND: POST /session/b3880d3ba2eb870b1ca811bb9120dafd/execute/async - {"script":"<script> [1562 bytes]","args":[{"selector":{"controlType":"sap.m.ColumnListItem","viewName":"etm.portal.ui.billofresources.view.MasterBoR","viewId":"application-billofresources-display-component---BillOfResources","properties":{"type":"Navigation"},"interaction":{"idSuffix":"cell2"}},"wdio_ui5_key":"etmportal.ui.billofresources.view.MasterBoRsap.m.ColumnListItem{\"type\":\"Navigation\"}"}]}
RESULT: {"script":"<script> [1562 bytes]","args":[{"selector":{"controlType":"sap.m.ColumnListItem","viewName":"etm.portal.ui.billofresources.view.MasterBoR","viewId":"application-billofresources-display-component---BillOfResources","properties":{"type":"Navigation"},"interaction":{"idSuffix":"cell2"}},"wdio_ui5_key":"etmportal.ui.billofresources.view.MasterBoRsap.m.ColumnListItem{\"type\":\"Navigation\"}"}]}
RESULT: undefined
COMMAND: POST /session/b3880d3ba2eb870b1ca811bb9120dafd/element - {"using":"xpath","value":"//*[@id=\"__item18-__clone19\"]"}
RESULT: {"using":"xpath","value":"//*[@id=\"__item18-__clone19\"]"}
COMMAND: POST /session/b3880d3ba2eb870b1ca811bb9120dafd/element/f.34B6D9BAC181A0CDE5A35E7B6EFB882F.d.28AACEAFF4ABD51F5915885876C535F8.e.4108/click - {}
RESULT: {}
COMMAND: GET /session/b3880d3ba2eb870b1ca811bb9120dafd/screenshot - {}
RESULT: {}
COMMAND: POST /session/b3880d3ba2eb870b1ca811bb9120dafd/execute/async - {"script":"<script> [1562 bytes]","args":[{"selector":{"controlType":"sap.m.Button","viewName":"etm.portal.ui.billofresources.view.DetailBoR","viewId":"application-billofresources-display-component---detailBoR","i18NText":{"propertyName":"text","key":"inspectContent"},"interaction":{"idSuffix":"content"}},"wdio_ui5_key":"etmportal.ui.billofresources.view.DetailBoRsap.m.Button{\"propertyName\":\"text\",\"key\":\"inspectContent\"}"}]}
RESULT: {"script":"<script> [1562 bytes]","args":[{"selector":{"controlType":"sap.m.Button","viewName":"etm.portal.ui.billofresources.view.DetailBoR","viewId":"application-billofresources-display-component---detailBoR","i18NText":{"propertyName":"text","key":"inspectContent"},"interaction":{"idSuffix":"content"}},"wdio_ui5_key":"etmportal.ui.billofresources.view.DetailBoRsap.m.Button{\"propertyName\":\"text\",\"key\":\"inspectContent\"}"}]}
RESULT: undefined
COMMAND: POST /session/b3880d3ba2eb870b1ca811bb9120dafd/element - {"using":"xpath","value":"//*[@id=\"__button10\"]"}
RESULT: {"using":"xpath","value":"//*[@id=\"__button10\"]"}
COMMAND: POST /session/b3880d3ba2eb870b1ca811bb9120dafd/element/f.34B6D9BAC181A0CDE5A35E7B6EFB882F.d.28AACEAFF4ABD51F5915885876C535F8.e.4380/click - {}
RESULT: {}
COMMAND: GET /session/b3880d3ba2eb870b1ca811bb9120dafd/screenshot - {}
RESULT: {}
COMMAND: POST /session/b3880d3ba2eb870b1ca811bb9120dafd/execute/async - {"script":"<script> [1562 bytes]","args":[{"selector":{"controlType":"sap.m.Button","properties":{"text":"OK"},"searchOpenDialogs":true,"interaction":{"idSuffix":"BDI-content"}},"wdio_ui5_key":"sapm.Button{\"text\":\"OK\"}"}]}
RESULT: {"script":"<script> [1562 bytes]","args":[{"selector":{"controlType":"sap.m.Button","properties":{"text":"OK"},"searchOpenDialogs":true,"interaction":{"idSuffix":"BDI-content"}},"wdio_ui5_key":"sapm.Button{\"text\":\"OK\"}"}]}
RESULT: undefined
COMMAND: POST /session/b3880d3ba2eb870b1ca811bb9120dafd/element - {"using":"xpath","value":"//*[@id=\"__mbox-btn-0\"]"}
RESULT: {"using":"xpath","value":"//*[@id=\"__mbox-btn-0\"]"}
COMMAND: POST /session/b3880d3ba2eb870b1ca811bb9120dafd/element/f.34B6D9BAC181A0CDE5A35E7B6EFB882F.d.28AACEAFF4ABD51F5915885876C535F8.e.4381/click - {}
RESULT: {}
COMMAND: GET /session/b3880d3ba2eb870b1ca811bb9120dafd/screenshot - {}
RESULT: {}
COMMAND: POST /session/b3880d3ba2eb870b1ca811bb9120dafd/execute/async - {"script":"<script> [1562 bytes]","args":[{"selector":{"id":"application-iscorders-display-component---createOrder--orderTitle","interaction":{"idSuffix":"inner"}},"wdio_ui5_key":"applicationiscorders-display-component---createOrder--orderTitle"}]}
RESULT: {"script":"<script> [1562 bytes]","args":[{"selector":{"id":"application-iscorders-display-component---createOrder--orderTitle","interaction":{"idSuffix":"inner"}},"wdio_ui5_key":"applicationiscorders-display-component---createOrder--orderTitle"}]}
RESULT: undefined
COMMAND: POST /session/b3880d3ba2eb870b1ca811bb9120dafd/execute/async - {"script":"<script> [776 bytes]","args":[{"enterText":"Webdriver Order","selector":{"id":"application-iscorders-display-component---createOrder--orderTitle","interaction":{"idSuffix":"inner"}},"clearTextFirst":true,"interactionType":"ENTER_TEXT"}]}
RESULT: {"script":"<script> [776 bytes]","args":[{"enterText":"Webdriver Order","selector":{"id":"application-iscorders-display-component---createOrder--orderTitle","interaction":{"idSuffix":"inner"}},"clearTextFirst":true,"interactionType":"ENTER_TEXT"}]}
COMMAND: POST /session/b3880d3ba2eb870b1ca811bb9120dafd/execute/async - {"script":"<script> [1562 bytes]","args":[{"selector":{"id":"application-iscorders-display-component---createOrder--orderDesc","interaction":{"idSuffix":"inner"}},"wdio_ui5_key":"applicationiscorders-display-component---createOrder--orderDesc"}]}
RESULT: {"script":"<script> [1562 bytes]","args":[{"selector":{"id":"application-iscorders-display-component---createOrder--orderDesc","interaction":{"idSuffix":"inner"}},"wdio_ui5_key":"applicationiscorders-display-component---createOrder--orderDesc"}]}
RESULT: undefined
COMMAND: POST /session/b3880d3ba2eb870b1ca811bb9120dafd/execute/async - {"script":"<script> [776 bytes]","args":[{"enterText":"Order Description","selector":{"id":"application-iscorders-display-component---createOrder--orderDesc","interaction":{"idSuffix":"inner"}},"clearTextFirst":true,"interactionType":"ENTER_TEXT"}]}
RESULT: {"script":"<script> [776 bytes]","args":[{"enterText":"Order Description","selector":{"id":"application-iscorders-display-component---createOrder--orderDesc","interaction":{"idSuffix":"inner"}},"clearTextFirst":true,"interactionType":"ENTER_TEXT"}]}
COMMAND: POST /session/b3880d3ba2eb870b1ca811bb9120dafd/execute/async - {"script":"<script> [1562 bytes]","args":[{"selector":{"controlType":"sap.m.Button","viewName":"etm.portal.ui.iscorders.view.New","viewId":"application-iscorders-display-component---createOrder","properties":{"text":"Cost information"},"interaction":{"idSuffix":"BDI-content"}},"wdio_ui5_key":"etmportal.ui.iscorders.view.Newsap.m.Button{\"text\":\"Cost information\"}"}]}
RESULT: {"script":"<script> [1562 bytes]","args":[{"selector":{"controlType":"sap.m.Button","viewName":"etm.portal.ui.iscorders.view.New","viewId":"application-iscorders-display-component---createOrder","properties":{"text":"Cost information"},"interaction":{"idSuffix":"BDI-content"}},"wdio_ui5_key":"etmportal.ui.iscorders.view.Newsap.m.Button{\"text\":\"Cost information\"}"}]}
RESULT: undefined
COMMAND: POST /session/b3880d3ba2eb870b1ca811bb9120dafd/element - {"using":"xpath","value":"//*[@id=\"application-iscorders-display-component---createOrder--newOrderObjectPageLayout-anchBar-application-iscorders-display-component---createOrder--costInformation-anchor\"]"}
RESULT: {"using":"xpath","value":"//*[@id=\"application-iscorders-display-component---createOrder--newOrderObjectPageLayout-anchBar-application-iscorders-display-component---createOrder--costInformation-anchor\"]"}
COMMAND: POST /session/b3880d3ba2eb870b1ca811bb9120dafd/element/f.34B6D9BAC181A0CDE5A35E7B6EFB882F.d.28AACEAFF4ABD51F5915885876C535F8.e.4795/click - {}
RESULT: {}
COMMAND: GET /session/b3880d3ba2eb870b1ca811bb9120dafd/screenshot - {}
RESULT: {}
COMMAND: POST /session/b3880d3ba2eb870b1ca811bb9120dafd/execute/async - {"script":"<script> [1562 bytes]","args":[{"selector":{"id":"application-iscorders-display-component---createOrder--durationDimension-arrow"},"wdio_ui5_key":"applicationiscorders-display-component---createOrder--durationDimension-arrow"}]}
RESULT: {"script":"<script> [1562 bytes]","args":[{"selector":{"id":"application-iscorders-display-component---createOrder--durationDimension-arrow"},"wdio_ui5_key":"applicationiscorders-display-component---createOrder--durationDimension-arrow"}]}
RESULT: undefined
COMMAND: POST /session/b3880d3ba2eb870b1ca811bb9120dafd/element - {"using":"xpath","value":"//*[@id=\"application-iscorders-display-component---createOrder--durationDimension-arrow\"]"}
RESULT: {"using":"xpath","value":"//*[@id=\"application-iscorders-display-component---createOrder--durationDimension-arrow\"]"}
COMMAND: POST /session/b3880d3ba2eb870b1ca811bb9120dafd/element/f.34B6D9BAC181A0CDE5A35E7B6EFB882F.d.28AACEAFF4ABD51F5915885876C535F8.e.4800/click - {}
RESULT: {}
COMMAND: GET /session/b3880d3ba2eb870b1ca811bb9120dafd/screenshot - {}
RESULT: {}
COMMAND: POST /session/b3880d3ba2eb870b1ca811bb9120dafd/execute/async - {"script":"<script> [1562 bytes]","args":[{"selector":{"controlType":"sap.m.StandardListItem","viewName":"etm.portal.ui.iscorders.view.New","viewId":"application-iscorders-display-component---createOrder","properties":{"title":"Days"},"searchOpenDialogs":true,"interaction":{"idSuffix":"titleText"}},"wdio_ui5_key":"etmportal.ui.iscorders.view.Newsap.m.StandardListItem{\"title\":\"Days\"}"}]}
RESULT: {"script":"<script> [1562 bytes]","args":[{"selector":{"controlType":"sap.m.StandardListItem","viewName":"etm.portal.ui.iscorders.view.New","viewId":"application-iscorders-display-component---createOrder","properties":{"title":"Days"},"searchOpenDialogs":true,"interaction":{"idSuffix":"titleText"}},"wdio_ui5_key":"etmportal.ui.iscorders.view.Newsap.m.StandardListItem{\"title\":\"Days\"}"}]}
RESULT: undefined
COMMAND: POST /session/b3880d3ba2eb870b1ca811bb9120dafd/element - {"using":"xpath","value":"//*[@id=\"__item137\"]"}
RESULT: {"using":"xpath","value":"//*[@id=\"__item137\"]"}
COMMAND: POST /session/b3880d3ba2eb870b1ca811bb9120dafd/element/f.34B6D9BAC181A0CDE5A35E7B6EFB882F.d.28AACEAFF4ABD51F5915885876C535F8.e.4804/click - {}
RESULT: {}
COMMAND: GET /session/b3880d3ba2eb870b1ca811bb9120dafd/screenshot - {}
RESULT: {}
COMMAND: POST /session/b3880d3ba2eb870b1ca811bb9120dafd/execute/async - {"script":"<script> [1562 bytes]","args":[{"selector":{"id":"application-iscorders-display-component---createOrder--addPersonButton","interaction":{"idSuffix":"inner"}},"wdio_ui5_key":"applicationiscorders-display-component---createOrder--addPersonButton"}]}
RESULT: {"script":"<script> [1562 bytes]","args":[{"selector":{"id":"application-iscorders-display-component---createOrder--addPersonButton","interaction":{"idSuffix":"inner"}},"wdio_ui5_key":"applicationiscorders-display-component---createOrder--addPersonButton"}]}
RESULT: undefined
COMMAND: POST /session/b3880d3ba2eb870b1ca811bb9120dafd/element - {"using":"xpath","value":"//*[@id=\"application-iscorders-display-component---createOrder--addPersonButton\"]"}
RESULT: {"using":"xpath","value":"//*[@id=\"application-iscorders-display-component---createOrder--addPersonButton\"]"}
COMMAND: POST /session/b3880d3ba2eb870b1ca811bb9120dafd/element/f.34B6D9BAC181A0CDE5A35E7B6EFB882F.d.28AACEAFF4ABD51F5915885876C535F8.e.4806/click - {}
RESULT: {}
COMMAND: GET /session/b3880d3ba2eb870b1ca811bb9120dafd/screenshot - {}
RESULT: {}
COMMAND: POST /session/b3880d3ba2eb870b1ca811bb9120dafd/execute/async - {"script":"<script> [1562 bytes]","args":[{"selector":{"controlType":"sap.m.SearchField","viewName":"etm.portal.ui.iscorders.view.New","viewId":"application-iscorders-display-component---createOrder","properties":{"value":"Test unit update"},"searchOpenDialogs":true,"interaction":{"idSuffix":"I"}},"wdio_ui5_key":"etmportal.ui.iscorders.view.Newsap.m.SearchField{\"value\":\"Test unit update\"}"}]}
RESULT: {"script":"<script> [1562 bytes]","args":[{"selector":{"controlType":"sap.m.SearchField","viewName":"etm.portal.ui.iscorders.view.New","viewId":"application-iscorders-display-component---createOrder","properties":{"value":"Test unit update"},"searchOpenDialogs":true,"interaction":{"idSuffix":"I"}},"wdio_ui5_key":"etmportal.ui.iscorders.view.Newsap.m.SearchField{\"value\":\"Test unit update\"}"}]}
RESULT: undefined
COMMAND: POST /session/b3880d3ba2eb870b1ca811bb9120dafd/actions - {"actions":[{"id":"action7","type":"key","parameters":{},"actions":[{"type":"keyDown","value":""},{"type":"pause","duration":10},{"type":"keyUp","value":""}]}]}
RESULT: {"actions":[{"id":"action7","type":"key","parameters":{},"actions":[{"type":"keyDown","value":""},{"type":"pause","duration":10},{"type":"keyUp","value":""}]}]}
COMMAND: POST /session/b3880d3ba2eb870b1ca811bb9120dafd/execute/async - {"script":"<script> [1562 bytes]","args":[{"selector":{"controlType":"sap.m.ObjectAttribute","viewName":"etm.portal.ui.iscorders.view.New","viewId":"application-iscorders-display-component---createOrder","i18NText":{"propertyName":"title","key":"email"},"searchOpenDialogs":true},"wdio_ui5_key":"etmportal.ui.iscorders.view.Newsap.m.ObjectAttribute{\"propertyName\":\"title\",\"key\":\"email\"}"}]}
COMMAND: GET /session/b3880d3ba2eb870b1ca811bb9120dafd/screenshot - {}
RESULT: {"script":"<script> [1562 bytes]","args":[{"selector":{"controlType":"sap.m.ObjectAttribute","viewName":"etm.portal.ui.iscorders.view.New","viewId":"application-iscorders-display-component---createOrder","i18NText":{"propertyName":"title","key":"email"},"searchOpenDialogs":true},"wdio_ui5_key":"etmportal.ui.iscorders.view.Newsap.m.ObjectAttribute{\"propertyName\":\"title\",\"key\":\"email\"}"}]}
RESULT: undefined
COMMAND: GET /session/b3880d3ba2eb870b1ca811bb9120dafd/screenshot - {}
RESULT: {}
RESULT: {}
COMMAND: GET /session/b3880d3ba2eb870b1ca811bb9120dafd/screenshot - {}
COMMAND: GET /session/b3880d3ba2eb870b1ca811bb9120dafd/screenshot - {}
RESULT: {}
RESULT: {}
COMMAND: DELETE /session/b3880d3ba2eb870b1ca811bb9120dafd - {}
RESULT: {}
]]></system-out>
      <system-err><![CDATA[
TypeError: Cannot read properties of undefined (reading 'match')
    at Proxy.press (file:///D:/a/1/s/node_modules/wdio-ui5-service/esm/lib/wdi5-control.js:210:50)
    at async Context.<anonymous> (D:\a\1\s\test\specs\HTR\bor-completeness-check.spec.js:202:9)
]]></system-err>
    </testcase>
  </testsuite>
</testsuites>