<?xml version="1.0" encoding="UTF-8"?>
<testsuites tests="7" failures="0" errors="0" skipped="0">
  <testsuite timestamp="2025-05-27T15:28:22" time="850.893" tests="7" failures="0" errors="0" skipped="0">
    <properties>
      <property name="specId" value="0"/>
      <property name="suiteName" value="Related resources for groups US139107"/>
      <property name="capabilities" value="chrome.136_0_7103_93.windows"/>
      <property name="file" value="file:///D:/a/1/s/test/specs/R2C/related-resources-area-rpg.spec.js"/>
    </properties>
    <testcase classname="chrome.136_0_7103_93.windows.Related_resources_for_groups_US139107" name="Should create a new yard" time="134.593">
      <system-out><![CDATA[
COMMAND: POST /session/a0e39dd9b988c670ac78677591e873a6/execute/async - {"script":"<script> [1562 bytes]","args":[{"selector":{"controlType":"sap.m.GenericTile","properties":{"header":"Manage Yards"}},"wdio_ui5_key":"sapm.GenericTile{\"header\":\"Manage Yards\"}"}]}
RESULT: {"script":"<script> [1562 bytes]","args":[{"selector":{"controlType":"sap.m.GenericTile","properties":{"header":"Manage Yards"}},"wdio_ui5_key":"sapm.GenericTile{\"header\":\"Manage Yards\"}"}]}
RESULT: undefined
COMMAND: POST /session/a0e39dd9b988c670ac78677591e873a6/element - {"using":"xpath","value":"//*[@id=\"__tile41\"]"}
RESULT: {"using":"xpath","value":"//*[@id=\"__tile41\"]"}
COMMAND: POST /session/a0e39dd9b988c670ac78677591e873a6/element/f.EDB8E63201757EBA70A397A191FE6F64.d.E28A9262989BC61EFDB153418341F1A6.e.119/click - {}
RESULT: {}
COMMAND: GET /session/a0e39dd9b988c670ac78677591e873a6/screenshot - {}
RESULT: {}
COMMAND: POST /session/a0e39dd9b988c670ac78677591e873a6/elements - {"using":"xpath","value":"//span[text()='Error']"}
RESULT: {"using":"xpath","value":"//span[text()='Error']"}
COMMAND: POST /session/a0e39dd9b988c670ac78677591e873a6/execute/async - {"script":"<script> [1562 bytes]","args":[{"selector":{"controlType":"sap.ui.core.Icon","viewName":"etm.portal.ui.manageyards.view.Master","viewId":"application-manageyards-display-component---masterYard","properties":{"src":{"regex":{"source":"add"}}}},"wdio_ui5_key":"etmportal.ui.manageyards.view.Mastersap.ui.core.Icon{\"src\":{\"regex\":{\"source\":\"add\"}}}"}]}
RESULT: {"script":"<script> [1562 bytes]","args":[{"selector":{"controlType":"sap.ui.core.Icon","viewName":"etm.portal.ui.manageyards.view.Master","viewId":"application-manageyards-display-component---masterYard","properties":{"src":{"regex":{"source":"add"}}}},"wdio_ui5_key":"etmportal.ui.manageyards.view.Mastersap.ui.core.Icon{\"src\":{\"regex\":{\"source\":\"add\"}}}"}]}
RESULT: undefined
COMMAND: POST /session/a0e39dd9b988c670ac78677591e873a6/element - {"using":"xpath","value":"//*[@id=\"__button4-img\"]"}
RESULT: {"using":"xpath","value":"//*[@id=\"__button4-img\"]"}
COMMAND: POST /session/a0e39dd9b988c670ac78677591e873a6/element/f.EDB8E63201757EBA70A397A191FE6F64.d.E28A9262989BC61EFDB153418341F1A6.e.166/click - {}
RESULT: {}
COMMAND: GET /session/a0e39dd9b988c670ac78677591e873a6/screenshot - {}
RESULT: {}
COMMAND: POST /session/a0e39dd9b988c670ac78677591e873a6/execute/async - {"script":"<script> [1562 bytes]","args":[{"selector":{"id":"application-manageyards-display-component---NewYard--yardId","interaction":{"idSuffix":"inner"}},"wdio_ui5_key":"applicationmanageyards-display-component---NewYard--yardId"}]}
RESULT: {"script":"<script> [1562 bytes]","args":[{"selector":{"id":"application-manageyards-display-component---NewYard--yardId","interaction":{"idSuffix":"inner"}},"wdio_ui5_key":"applicationmanageyards-display-component---NewYard--yardId"}]}
RESULT: undefined
COMMAND: POST /session/a0e39dd9b988c670ac78677591e873a6/element - {"using":"xpath","value":"//*[@id=\"application-manageyards-display-component---NewYard--addressDetailDetailsName1-inner\"]"}
RESULT: {"using":"xpath","value":"//*[@id=\"application-manageyards-display-component---NewYard--addressDetailDetailsName1-inner\"]"}
COMMAND: POST /session/a0e39dd9b988c670ac78677591e873a6/element/f.EDB8E63201757EBA70A397A191FE6F64.d.E28A9262989BC61EFDB153418341F1A6.e.382/clear - {}
RESULT: {}
COMMAND: POST /session/a0e39dd9b988c670ac78677591e873a6/element/f.EDB8E63201757EBA70A397A191FE6F64.d.E28A9262989BC61EFDB153418341F1A6.e.382/value - {"text":"WebdriverYardab3jz"}
COMMAND: GET /session/a0e39dd9b988c670ac78677591e873a6/screenshot - {}
RESULT: {"text":"WebdriverYardab3jz"}
COMMAND: POST /session/a0e39dd9b988c670ac78677591e873a6/element - {"using":"xpath","value":"//*[@id=\"application-manageyards-display-component---NewYard--addressDetailDetailsLanguage-inner\"]"}
COMMAND: GET /session/a0e39dd9b988c670ac78677591e873a6/screenshot - {}
RESULT: {}
RESULT: {"using":"xpath","value":"//*[@id=\"application-manageyards-display-component---NewYard--addressDetailDetailsLanguage-inner\"]"}
COMMAND: POST /session/a0e39dd9b988c670ac78677591e873a6/element/f.EDB8E63201757EBA70A397A191FE6F64.d.E28A9262989BC61EFDB153418341F1A6.e.383/clear - {}
RESULT: {}
RESULT: {}
COMMAND: POST /session/a0e39dd9b988c670ac78677591e873a6/element/f.EDB8E63201757EBA70A397A191FE6F64.d.E28A9262989BC61EFDB153418341F1A6.e.383/value - {"text":"Romanian"}
COMMAND: GET /session/a0e39dd9b988c670ac78677591e873a6/screenshot - {}
RESULT: {"text":"Romanian"}
COMMAND: POST /session/a0e39dd9b988c670ac78677591e873a6/element - {"using":"xpath","value":"//input[contains(@id ,\"application-manageyards-display-component---NewYard--addressDetailDetailsName1-inner\")]"}
COMMAND: GET /session/a0e39dd9b988c670ac78677591e873a6/screenshot - {}
RESULT: {}
RESULT: {"using":"xpath","value":"//input[contains(@id ,\"application-manageyards-display-component---NewYard--addressDetailDetailsName1-inner\")]"}
COMMAND: GET /session/a0e39dd9b988c670ac78677591e873a6/element/f.EDB8E63201757EBA70A397A191FE6F64.d.E28A9262989BC61EFDB153418341F1A6.e.382/property/value - {}
RESULT: {}
RESULT: {}
COMMAND: GET /session/a0e39dd9b988c670ac78677591e873a6/screenshot - {}
RESULT: {}
COMMAND: POST /session/a0e39dd9b988c670ac78677591e873a6/element - {"using":"xpath","value":"//*[@id=\"application-manageyards-display-component---NewYard--addressDetailDetailsCity1-inner\"]"}
RESULT: {"using":"xpath","value":"//*[@id=\"application-manageyards-display-component---NewYard--addressDetailDetailsCity1-inner\"]"}
COMMAND: POST /session/a0e39dd9b988c670ac78677591e873a6/element/f.EDB8E63201757EBA70A397A191FE6F64.d.E28A9262989BC61EFDB153418341F1A6.e.385/clear - {}
RESULT: {}
COMMAND: POST /session/a0e39dd9b988c670ac78677591e873a6/element/f.EDB8E63201757EBA70A397A191FE6F64.d.E28A9262989BC61EFDB153418341F1A6.e.385/value - {"text":"Bucuresti"}
COMMAND: GET /session/a0e39dd9b988c670ac78677591e873a6/screenshot - {}
RESULT: {"text":"Bucuresti"}
COMMAND: GET /session/a0e39dd9b988c670ac78677591e873a6/screenshot - {}
RESULT: {}
COMMAND: POST /session/a0e39dd9b988c670ac78677591e873a6/element - {"using":"xpath","value":"//*[@id=\"application-manageyards-display-component---NewYard--addressDetailDetailsCountry-inner\"]"}
RESULT: {}
RESULT: {"using":"xpath","value":"//*[@id=\"application-manageyards-display-component---NewYard--addressDetailDetailsCountry-inner\"]"}
COMMAND: POST /session/a0e39dd9b988c670ac78677591e873a6/element/f.EDB8E63201757EBA70A397A191FE6F64.d.E28A9262989BC61EFDB153418341F1A6.e.389/clear - {}
RESULT: {}
COMMAND: POST /session/a0e39dd9b988c670ac78677591e873a6/element/f.EDB8E63201757EBA70A397A191FE6F64.d.E28A9262989BC61EFDB153418341F1A6.e.389/value - {"text":"Romania"}
COMMAND: GET /session/a0e39dd9b988c670ac78677591e873a6/screenshot - {}
RESULT: {"text":"Romania"}
COMMAND: GET /session/a0e39dd9b988c670ac78677591e873a6/screenshot - {}
RESULT: {}
RESULT: {}
COMMAND: POST /session/a0e39dd9b988c670ac78677591e873a6/element - {"using":"xpath","value":"//div[contains(text(), \"Commercial\")]"}
RESULT: {"using":"xpath","value":"//div[contains(text(), \"Commercial\")]"}
COMMAND: GET /session/a0e39dd9b988c670ac78677591e873a6/element/f.EDB8E63201757EBA70A397A191FE6F64.d.E28A9262989BC61EFDB153418341F1A6.e.576/rect - {}
RESULT: {}
COMMAND: GET /session/a0e39dd9b988c670ac78677591e873a6/window/rect - {}
RESULT: {}
COMMAND: POST /session/a0e39dd9b988c670ac78677591e873a6/execute/sync - {"script":"<script> [92 bytes]","args":[]}
RESULT: {"script":"<script> [92 bytes]","args":[]}
COMMAND: POST /session/a0e39dd9b988c670ac78677591e873a6/actions - {"actions":[{"id":"action1","type":"wheel","parameters":{},"actions":[{"type":"scroll","x":-1841,"y":-44,"deltaX":0,"deltaY":0,"duration":0,"origin":{"element-6066-11e4-a52e-4f735466cecf":"f.EDB8E63201757EBA70A397A191FE6F64.d.E28A9262989BC61EFDB153418341F1A6.e.576"}}]}]}
COMMAND: GET /session/a0e39dd9b988c670ac78677591e873a6/screenshot - {}
RESULT: {}
COMMAND: POST /session/a0e39dd9b988c670ac78677591e873a6/execute/sync - {"script":"<script> [79 bytes]","args":[{"element-6066-11e4-a52e-4f735466cecf":"f.EDB8E63201757EBA70A397A191FE6F64.d.E28A9262989BC61EFDB153418341F1A6.e.576","ELEMENT":"f.EDB8E63201757EBA70A397A191FE6F64.d.E28A9262989BC61EFDB153418341F1A6.e.576"},{"block":"start","inline":"nearest"}]}
RESULT: {"script":"<script> [79 bytes]","args":[{"element-6066-11e4-a52e-4f735466cecf":"f.EDB8E63201757EBA70A397A191FE6F64.d.E28A9262989BC61EFDB153418341F1A6.e.576","ELEMENT":"f.EDB8E63201757EBA70A397A191FE6F64.d.E28A9262989BC61EFDB153418341F1A6.e.576"},{"block":"start","inline":"nearest"}]}
COMMAND: GET /session/a0e39dd9b988c670ac78677591e873a6/screenshot - {}
RESULT: {}
COMMAND: POST /session/a0e39dd9b988c670ac78677591e873a6/execute/async - {"script":"<script> [1562 bytes]","args":[{"selector":{"id":"application-manageyards-display-component---NewYard--addressEditDetailsCostObjectCstType-arrow"},"wdio_ui5_key":"applicationmanageyards-display-component---NewYard--addressEditDetailsCostObjectCstType-arrow"}]}
RESULT: {"script":"<script> [1562 bytes]","args":[{"selector":{"id":"application-manageyards-display-component---NewYard--addressEditDetailsCostObjectCstType-arrow"},"wdio_ui5_key":"applicationmanageyards-display-component---NewYard--addressEditDetailsCostObjectCstType-arrow"}]}
RESULT: undefined
COMMAND: POST /session/a0e39dd9b988c670ac78677591e873a6/element - {"using":"xpath","value":"//*[@id=\"application-manageyards-display-component---NewYard--addressEditDetailsCostObjectCstType-arrow\"]"}
RESULT: {"using":"xpath","value":"//*[@id=\"application-manageyards-display-component---NewYard--addressEditDetailsCostObjectCstType-arrow\"]"}
COMMAND: POST /session/a0e39dd9b988c670ac78677591e873a6/element/f.EDB8E63201757EBA70A397A191FE6F64.d.E28A9262989BC61EFDB153418341F1A6.e.584/click - {}
RESULT: {}
COMMAND: POST /session/a0e39dd9b988c670ac78677591e873a6/element - {"using":"xpath","value":"//span[contains(text(), \"Cost Center\")]"}
COMMAND: GET /session/a0e39dd9b988c670ac78677591e873a6/screenshot - {}
RESULT: {"using":"xpath","value":"//span[contains(text(), \"Cost Center\")]"}
COMMAND: POST /session/a0e39dd9b988c670ac78677591e873a6/element/f.EDB8E63201757EBA70A397A191FE6F64.d.E28A9262989BC61EFDB153418341F1A6.e.585/click - {}
RESULT: {}
RESULT: {}
COMMAND: GET /session/a0e39dd9b988c670ac78677591e873a6/screenshot - {}
RESULT: {}
COMMAND: POST /session/a0e39dd9b988c670ac78677591e873a6/execute/async - {"script":"<script> [1562 bytes]","args":[{"selector":{"id":"application-manageyards-display-component---NewYard--addressNewCostObjectCstID-vhi"},"wdio_ui5_key":"applicationmanageyards-display-component---NewYard--addressNewCostObjectCstID-vhi"}]}
RESULT: {"script":"<script> [1562 bytes]","args":[{"selector":{"id":"application-manageyards-display-component---NewYard--addressNewCostObjectCstID-vhi"},"wdio_ui5_key":"applicationmanageyards-display-component---NewYard--addressNewCostObjectCstID-vhi"}]}
RESULT: undefined
COMMAND: POST /session/a0e39dd9b988c670ac78677591e873a6/element - {"using":"xpath","value":"//*[@id=\"application-manageyards-display-component---NewYard--addressNewCostObjectCstID-vhi\"]"}
RESULT: {"using":"xpath","value":"//*[@id=\"application-manageyards-display-component---NewYard--addressNewCostObjectCstID-vhi\"]"}
COMMAND: POST /session/a0e39dd9b988c670ac78677591e873a6/element/f.EDB8E63201757EBA70A397A191FE6F64.d.E28A9262989BC61EFDB153418341F1A6.e.589/click - {}
RESULT: {}
COMMAND: GET /session/a0e39dd9b988c670ac78677591e873a6/screenshot - {}
RESULT: {}
COMMAND: POST /session/a0e39dd9b988c670ac78677591e873a6/execute/async - {"script":"<script> [1562 bytes]","args":[{"selector":{"controlType":"sap.m.SearchField","properties":{"placeholder":"Search"},"searchOpenDialogs":true,"interaction":{"idSuffix":"I"}},"wdio_ui5_key":"sapm.SearchField{\"placeholder\":\"Search\"}"}]}
RESULT: {"script":"<script> [1562 bytes]","args":[{"selector":{"controlType":"sap.m.SearchField","properties":{"placeholder":"Search"},"searchOpenDialogs":true,"interaction":{"idSuffix":"I"}},"wdio_ui5_key":"sapm.SearchField{\"placeholder\":\"Search\"}"}]}
RESULT: undefined
COMMAND: POST /session/a0e39dd9b988c670ac78677591e873a6/execute/async - {"script":"<script> [776 bytes]","args":[{"enterText":"10001013","selector":{"controlType":"sap.m.SearchField","properties":{"placeholder":"Search"},"searchOpenDialogs":true,"interaction":{"idSuffix":"I"}},"clearTextFirst":true,"interactionType":"ENTER_TEXT"}]}
RESULT: {"script":"<script> [776 bytes]","args":[{"enterText":"10001013","selector":{"controlType":"sap.m.SearchField","properties":{"placeholder":"Search"},"searchOpenDialogs":true,"interaction":{"idSuffix":"I"}},"clearTextFirst":true,"interactionType":"ENTER_TEXT"}]}
COMMAND: POST /session/a0e39dd9b988c670ac78677591e873a6/actions - {"actions":[{"id":"action2","type":"key","parameters":{},"actions":[{"type":"keyDown","value":""},{"type":"pause","duration":10},{"type":"keyUp","value":""}]}]}
RESULT: {"actions":[{"id":"action2","type":"key","parameters":{},"actions":[{"type":"keyDown","value":""},{"type":"pause","duration":10},{"type":"keyUp","value":""}]}]}
COMMAND: GET /session/a0e39dd9b988c670ac78677591e873a6/screenshot - {}
RESULT: {}
COMMAND: POST /session/a0e39dd9b988c670ac78677591e873a6/element - {"using":"xpath","value":"//span[contains(text(), \"General Management\")]"}
RESULT: {"using":"xpath","value":"//span[contains(text(), \"General Management\")]"}
COMMAND: POST /session/a0e39dd9b988c670ac78677591e873a6/element/f.EDB8E63201757EBA70A397A191FE6F64.d.E28A9262989BC61EFDB153418341F1A6.e.630/click - {}
RESULT: {}
COMMAND: GET /session/a0e39dd9b988c670ac78677591e873a6/screenshot - {}
RESULT: {}
COMMAND: POST /session/a0e39dd9b988c670ac78677591e873a6/element - {"using":"xpath","value":"//bdi[contains(text(), \"OK\")]"}
RESULT: {"using":"xpath","value":"//bdi[contains(text(), \"OK\")]"}
COMMAND: POST /session/a0e39dd9b988c670ac78677591e873a6/element/f.EDB8E63201757EBA70A397A191FE6F64.d.E28A9262989BC61EFDB153418341F1A6.e.631/click - {}
RESULT: {}
COMMAND: GET /session/a0e39dd9b988c670ac78677591e873a6/screenshot - {}
RESULT: {}
COMMAND: POST /session/a0e39dd9b988c670ac78677591e873a6/execute/async - {"script":"<script> [1562 bytes]","args":[{"selector":{"controlType":"sap.m.Button","viewName":"etm.portal.ui.manageyards.view.New","viewId":"application-manageyards-display-component---NewYard","i18NText":{"propertyName":"text","key":"save"},"interaction":{"idSuffix":"inner"}},"wdio_ui5_key":"etmportal.ui.manageyards.view.Newsap.m.Button{\"propertyName\":\"text\",\"key\":\"save\"}"}]}
RESULT: {"script":"<script> [1562 bytes]","args":[{"selector":{"controlType":"sap.m.Button","viewName":"etm.portal.ui.manageyards.view.New","viewId":"application-manageyards-display-component---NewYard","i18NText":{"propertyName":"text","key":"save"},"interaction":{"idSuffix":"inner"}},"wdio_ui5_key":"etmportal.ui.manageyards.view.Newsap.m.Button{\"propertyName\":\"text\",\"key\":\"save\"}"}]}
RESULT: undefined
COMMAND: POST /session/a0e39dd9b988c670ac78677591e873a6/element - {"using":"xpath","value":"//*[@id=\"__button18\"]"}
RESULT: {"using":"xpath","value":"//*[@id=\"__button18\"]"}
COMMAND: POST /session/a0e39dd9b988c670ac78677591e873a6/element/f.EDB8E63201757EBA70A397A191FE6F64.d.E28A9262989BC61EFDB153418341F1A6.e.556/click - {}
RESULT: {}
COMMAND: GET /session/a0e39dd9b988c670ac78677591e873a6/screenshot - {}
RESULT: {}
COMMAND: POST /session/a0e39dd9b988c670ac78677591e873a6/element - {"using":"xpath","value":"//header/div/div[2]/div[2]/span"}
RESULT: {"using":"xpath","value":"//header/div/div[2]/div[2]/span"}
COMMAND: GET /session/a0e39dd9b988c670ac78677591e873a6/element/f.EDB8E63201757EBA70A397A191FE6F64.d.E28A9262989BC61EFDB153418341F1A6.e.828/text - {}
RESULT: {}
COMMAND: POST /session/a0e39dd9b988c670ac78677591e873a6/execute/async - {"script":"<script> [1562 bytes]","args":[{"selector":{"controlType":"sap.m.OverflowToolbarButton","viewName":"etm.portal.ui.manageyards.view.Detail","viewId":"application-manageyards-display-component---detailYard","i18NText":{"propertyName":"tooltip","key":"closeColumn"},"interaction":{"idSuffix":"inner"}},"wdio_ui5_key":"etmportal.ui.manageyards.view.Detailsap.m.OverflowToolbarButton{\"propertyName\":\"tooltip\",\"key\":\"closeColumn\"}"}]}
RESULT: {"script":"<script> [1562 bytes]","args":[{"selector":{"controlType":"sap.m.OverflowToolbarButton","viewName":"etm.portal.ui.manageyards.view.Detail","viewId":"application-manageyards-display-component---detailYard","i18NText":{"propertyName":"tooltip","key":"closeColumn"},"interaction":{"idSuffix":"inner"}},"wdio_ui5_key":"etmportal.ui.manageyards.view.Detailsap.m.OverflowToolbarButton{\"propertyName\":\"tooltip\",\"key\":\"closeColumn\"}"}]}
RESULT: undefined
COMMAND: POST /session/a0e39dd9b988c670ac78677591e873a6/element - {"using":"xpath","value":"//*[@id=\"__button42\"]"}
RESULT: {"using":"xpath","value":"//*[@id=\"__button42\"]"}
COMMAND: POST /session/a0e39dd9b988c670ac78677591e873a6/element/f.EDB8E63201757EBA70A397A191FE6F64.d.E28A9262989BC61EFDB153418341F1A6.e.830/click - {}
RESULT: {}
COMMAND: GET /session/a0e39dd9b988c670ac78677591e873a6/screenshot - {}
RESULT: {}
COMMAND: POST /session/a0e39dd9b988c670ac78677591e873a6/element - {"using":"css selector","value":"#shell-header-logo"}
RESULT: {"using":"css selector","value":"#shell-header-logo"}
COMMAND: POST /session/a0e39dd9b988c670ac78677591e873a6/element/f.EDB8E63201757EBA70A397A191FE6F64.d.E28A9262989BC61EFDB153418341F1A6.e.121/click - {}
RESULT: {}
COMMAND: GET /session/a0e39dd9b988c670ac78677591e873a6/screenshot - {}
RESULT: {}
COMMAND: POST /session/a0e39dd9b988c670ac78677591e873a6/refresh - {}
RESULT: {}
COMMAND: GET /session/a0e39dd9b988c670ac78677591e873a6/screenshot - {}
RESULT: {}
COMMAND: POST /session/a0e39dd9b988c670ac78677591e873a6/execute/async - {"script":"<script> [189 bytes]","args":[]}
RESULT: {"script":"<script> [189 bytes]","args":[]}
COMMAND: POST /session/a0e39dd9b988c670ac78677591e873a6/execute/async - {"script":"<script> [123 bytes]","args":[]}
RESULT: {"script":"<script> [123 bytes]","args":[]}
COMMAND: POST /session/a0e39dd9b988c670ac78677591e873a6/timeouts - {"script":"<number>"}
RESULT: {"script":"<number>"}
COMMAND: GET /session/a0e39dd9b988c670ac78677591e873a6/timeouts - {}
RESULT: {}
RESULT: undefined
COMMAND: POST /session/a0e39dd9b988c670ac78677591e873a6/execute/async - {"script":"<script> [2676 bytes]","args":[]}
RESULT: {"script":"<script> [2676 bytes]","args":[]}
COMMAND: POST /session/a0e39dd9b988c670ac78677591e873a6/execute/async - {"script":"<script> [2342 bytes]","args":[{"protocol":"http","hostname":"0.0.0.0","path":"/","capabilities":{"browserName":"chrome","goog:chromeOptions":{"binary":"C:\\Program Files\\Google\\Chrome\\Application\\chrome.exe","args":["--start-maximized"]}},"logLevel":"warn","connectionRetryTimeout":120000,"connectionRetryCount":3,"logLevels":{},"enableDirectConnect":true,"strictSSL":true,"_":"65 more keys: [\"cacheDir\",\"port\",\"requestedCapabilities\",\"automationProtocol\",\"baseUrl\",\"waitforInterval\",\"waitforTimeout\",\"onReload\",\"beforeCommand\",\"afterCommand\",\"rootDir\",\"specs\",\"suites\",\"exclude\",\"groupLogsByTestSpec\",\"excludeDriverLogs\",\"bail\",\"framework\",\"reporters\",\"services\",\"maxInstances\",\"maxInstancesPerCapability\",\"injectGlobals\",\"filesToWatch\",\"execArgv\",\"runnerEnv\",\"runner\",\"shard\",\"specFileRetries\",\"specFileRetriesDelay\",\"specFileRetriesDeferred\",\"reporterSyncInterval\",\"reporterSyncTimeout\",\"cucumberFeaturesWithLineNumbers\",\"autoCompileOpts\",\"mochaOpts\",\"jasmineOpts\",\"cucumberOpts\",\"onPrepare\",\"onWorkerStart\",\"onWorkerEnd\",\"before\",\"beforeSession\",\"beforeSuite\",\"beforeHook\",\"beforeTest\",\"afterTest\",\"afterHook\",\"afterSuite\",\"afterSession\",\"after\",\"onComplete\",\"beforeAssertion\",\"afterAssertion\",\"beforeFeature\",\"beforeScenario\",\"beforeStep\",\"afterStep\",\"afterScenario\",\"afterFeature\",\"_\",\"suite\",\"$0\",\"ignoredWorkerServices\",\"wdi5\"]"}]}
RESULT: {"script":"<script> [2342 bytes]","args":[{"protocol":"http","hostname":"0.0.0.0","path":"/","capabilities":{"browserName":"chrome","goog:chromeOptions":{"binary":"C:\\Program Files\\Google\\Chrome\\Application\\chrome.exe","args":["--start-maximized"]}},"logLevel":"warn","connectionRetryTimeout":120000,"connectionRetryCount":3,"logLevels":{},"enableDirectConnect":true,"strictSSL":true,"_":"65 more keys: [\"cacheDir\",\"port\",\"requestedCapabilities\",\"automationProtocol\",\"baseUrl\",\"waitforInterval\",\"waitforTimeout\",\"onReload\",\"beforeCommand\",\"afterCommand\",\"rootDir\",\"specs\",\"suites\",\"exclude\",\"groupLogsByTestSpec\",\"excludeDriverLogs\",\"bail\",\"framework\",\"reporters\",\"services\",\"maxInstances\",\"maxInstancesPerCapability\",\"injectGlobals\",\"filesToWatch\",\"execArgv\",\"runnerEnv\",\"runner\",\"shard\",\"specFileRetries\",\"specFileRetriesDelay\",\"specFileRetriesDeferred\",\"reporterSyncInterval\",\"reporterSyncTimeout\",\"cucumberFeaturesWithLineNumbers\",\"autoCompileOpts\",\"mochaOpts\",\"jasmineOpts\",\"cucumberOpts\",\"onPrepare\",\"onWorkerStart\",\"onWorkerEnd\",\"before\",\"beforeSession\",\"beforeSuite\",\"beforeHook\",\"beforeTest\",\"afterTest\",\"afterHook\",\"afterSuite\",\"afterSession\",\"after\",\"onComplete\",\"beforeAssertion\",\"afterAssertion\",\"beforeFeature\",\"beforeScenario\",\"beforeStep\",\"afterStep\",\"afterScenario\",\"afterFeature\",\"_\",\"suite\",\"$0\",\"ignoredWorkerServices\",\"wdi5\"]"}]}
COMMAND: POST /session/a0e39dd9b988c670ac78677591e873a6/execute/async - {"script":"<script> [21126 bytes]","args":[35000]}
RESULT: {"script":"<script> [21126 bytes]","args":[35000]}
]]></system-out>
    </testcase>
    <testcase classname="chrome.136_0_7103_93.windows.Related_resources_for_groups_US139107" name="Should create a resource of type group" time="110.904">
      <system-out><![CDATA[
COMMAND: POST /session/a0e39dd9b988c670ac78677591e873a6/execute/async - {"script":"<script> [1562 bytes]","args":[{"selector":{"controlType":"sap.m.GenericTile","properties":{"header":"Manage Resources"}},"wdio_ui5_key":"sapm.GenericTile{\"header\":\"Manage Resources\"}"}]}
RESULT: {"script":"<script> [1562 bytes]","args":[{"selector":{"controlType":"sap.m.GenericTile","properties":{"header":"Manage Resources"}},"wdio_ui5_key":"sapm.GenericTile{\"header\":\"Manage Resources\"}"}]}
RESULT: undefined
COMMAND: POST /session/a0e39dd9b988c670ac78677591e873a6/element - {"using":"xpath","value":"//*[@id=\"__tile39\"]"}
RESULT: {"using":"xpath","value":"//*[@id=\"__tile39\"]"}
COMMAND: POST /session/a0e39dd9b988c670ac78677591e873a6/element/f.EDB8E63201757EBA70A397A191FE6F64.d.FFE27D4AC85DBEE041CAC78885097607.e.1190/click - {}
RESULT: {}
COMMAND: GET /session/a0e39dd9b988c670ac78677591e873a6/screenshot - {}
RESULT: {}
COMMAND: POST /session/a0e39dd9b988c670ac78677591e873a6/elements - {"using":"xpath","value":"//span[text()='Error']"}
RESULT: {"using":"xpath","value":"//span[text()='Error']"}
COMMAND: POST /session/a0e39dd9b988c670ac78677591e873a6/element - {"using":"xpath","value":"//button[@data-kt=\"addNewRUOverflowToolbarButton\"]"}
RESULT: {"using":"xpath","value":"//button[@data-kt=\"addNewRUOverflowToolbarButton\"]"}
COMMAND: POST /session/a0e39dd9b988c670ac78677591e873a6/execute/sync - {"script":"<script> [8489 bytes]","args":[{"element-6066-11e4-a52e-4f735466cecf":"f.EDB8E63201757EBA70A397A191FE6F64.d.FFE27D4AC85DBEE041CAC78885097607.e.1235","ELEMENT":"f.EDB8E63201757EBA70A397A191FE6F64.d.FFE27D4AC85DBEE041CAC78885097607.e.1235"}]}
RESULT: {"script":"<script> [8489 bytes]","args":[{"element-6066-11e4-a52e-4f735466cecf":"f.EDB8E63201757EBA70A397A191FE6F64.d.FFE27D4AC85DBEE041CAC78885097607.e.1235","ELEMENT":"f.EDB8E63201757EBA70A397A191FE6F64.d.FFE27D4AC85DBEE041CAC78885097607.e.1235"}]}
COMMAND: POST /session/a0e39dd9b988c670ac78677591e873a6/element/f.EDB8E63201757EBA70A397A191FE6F64.d.FFE27D4AC85DBEE041CAC78885097607.e.1235/click - {}
COMMAND: GET /session/a0e39dd9b988c670ac78677591e873a6/screenshot - {}
RESULT: {}
COMMAND: GET /session/a0e39dd9b988c670ac78677591e873a6/screenshot - {}
COMMAND: POST /session/a0e39dd9b988c670ac78677591e873a6/execute/async - {"script":"<script> [1562 bytes]","args":[{"selector":{"id":"application-manageresources-display-component---newResourceUnit--TYPE-arrow"},"wdio_ui5_key":"applicationmanageresources-display-component---newResourceUnit--TYPE-arrow"}]}
RESULT: {}
RESULT: {}
RESULT: {"script":"<script> [1562 bytes]","args":[{"selector":{"id":"application-manageresources-display-component---newResourceUnit--TYPE-arrow"},"wdio_ui5_key":"applicationmanageresources-display-component---newResourceUnit--TYPE-arrow"}]}
RESULT: undefined
COMMAND: POST /session/a0e39dd9b988c670ac78677591e873a6/element - {"using":"xpath","value":"//*[@id=\"application-manageresources-display-component---newResourceUnit--TYPE-arrow\"]"}
RESULT: {"using":"xpath","value":"//*[@id=\"application-manageresources-display-component---newResourceUnit--TYPE-arrow\"]"}
COMMAND: POST /session/a0e39dd9b988c670ac78677591e873a6/element/f.EDB8E63201757EBA70A397A191FE6F64.d.FFE27D4AC85DBEE041CAC78885097607.e.1553/click - {}
RESULT: {}
COMMAND: POST /session/a0e39dd9b988c670ac78677591e873a6/execute/async - {"script":"<script> [1562 bytes]","args":[{"selector":{"controlType":"sap.m.StandardListItem","viewName":"reusables.view.manageresources.NewResourceUnit","viewId":"application-manageresources-display-component---newResourceUnit","properties":{"title":"Group"},"searchOpenDialogs":true,"interaction":{"idSuffix":"content"}},"wdio_ui5_key":"reusablesview.manageresources.NewResourceUnitsap.m.StandardListItem{\"title\":\"Group\"}"}]}
COMMAND: GET /session/a0e39dd9b988c670ac78677591e873a6/screenshot - {}
RESULT: {"script":"<script> [1562 bytes]","args":[{"selector":{"controlType":"sap.m.StandardListItem","viewName":"reusables.view.manageresources.NewResourceUnit","viewId":"application-manageresources-display-component---newResourceUnit","properties":{"title":"Group"},"searchOpenDialogs":true,"interaction":{"idSuffix":"content"}},"wdio_ui5_key":"reusablesview.manageresources.NewResourceUnitsap.m.StandardListItem{\"title\":\"Group\"}"}]}
RESULT: undefined
COMMAND: POST /session/a0e39dd9b988c670ac78677591e873a6/element - {"using":"xpath","value":"//*[@id=\"__item154\"]"}
RESULT: {}
RESULT: {"using":"xpath","value":"//*[@id=\"__item154\"]"}
COMMAND: POST /session/a0e39dd9b988c670ac78677591e873a6/element/f.EDB8E63201757EBA70A397A191FE6F64.d.FFE27D4AC85DBEE041CAC78885097607.e.1556/click - {}
RESULT: {}
COMMAND: GET /session/a0e39dd9b988c670ac78677591e873a6/screenshot - {}
RESULT: {}
COMMAND: POST /session/a0e39dd9b988c670ac78677591e873a6/execute/async - {"script":"<script> [1562 bytes]","args":[{"selector":{"id":"application-manageresources-display-component---newResourceUnit--SHORT_TEXT","interaction":{"idSuffix":"inner"}},"wdio_ui5_key":"applicationmanageresources-display-component---newResourceUnit--SHORT_TEXT"}]}
RESULT: {"script":"<script> [1562 bytes]","args":[{"selector":{"id":"application-manageresources-display-component---newResourceUnit--SHORT_TEXT","interaction":{"idSuffix":"inner"}},"wdio_ui5_key":"applicationmanageresources-display-component---newResourceUnit--SHORT_TEXT"}]}
RESULT: undefined
COMMAND: POST /session/a0e39dd9b988c670ac78677591e873a6/execute/async - {"script":"<script> [776 bytes]","args":[{"enterText":"WdIORUGroupidw9j","selector":{"id":"application-manageresources-display-component---newResourceUnit--SHORT_TEXT","interaction":{"idSuffix":"inner"}},"clearTextFirst":true,"interactionType":"ENTER_TEXT"}]}
RESULT: {"script":"<script> [776 bytes]","args":[{"enterText":"WdIORUGroupidw9j","selector":{"id":"application-manageresources-display-component---newResourceUnit--SHORT_TEXT","interaction":{"idSuffix":"inner"}},"clearTextFirst":true,"interactionType":"ENTER_TEXT"}]}
COMMAND: POST /session/a0e39dd9b988c670ac78677591e873a6/execute/async - {"script":"<script> [1562 bytes]","args":[{"selector":{"id":"application-manageresources-display-component---newResourceUnit--BASE_UNIT_OF_MEASURE","interaction":{"idSuffix":"inner"}},"wdio_ui5_key":"applicationmanageresources-display-component---newResourceUnit--BASE_UNIT_OF_MEASURE"}]}
RESULT: {"script":"<script> [1562 bytes]","args":[{"selector":{"id":"application-manageresources-display-component---newResourceUnit--BASE_UNIT_OF_MEASURE","interaction":{"idSuffix":"inner"}},"wdio_ui5_key":"applicationmanageresources-display-component---newResourceUnit--BASE_UNIT_OF_MEASURE"}]}
RESULT: undefined
COMMAND: POST /session/a0e39dd9b988c670ac78677591e873a6/execute/async - {"script":"<script> [776 bytes]","args":[{"enterText":"Piece","selector":{"id":"application-manageresources-display-component---newResourceUnit--BASE_UNIT_OF_MEASURE","interaction":{"idSuffix":"inner"}},"clearTextFirst":true,"interactionType":"ENTER_TEXT"}]}
RESULT: {"script":"<script> [776 bytes]","args":[{"enterText":"Piece","selector":{"id":"application-manageresources-display-component---newResourceUnit--BASE_UNIT_OF_MEASURE","interaction":{"idSuffix":"inner"}},"clearTextFirst":true,"interactionType":"ENTER_TEXT"}]}
COMMAND: POST /session/a0e39dd9b988c670ac78677591e873a6/execute/async - {"script":"<script> [1562 bytes]","args":[{"selector":{"id":"application-manageresources-display-component---newResourceUnit--newRRUPage-OPHeaderContent-collapseBtn-img"},"wdio_ui5_key":"applicationmanageresources-display-component---newResourceUnit--newRRUPage-OPHeaderContent-collapseBtn-img"}]}
RESULT: {"script":"<script> [1562 bytes]","args":[{"selector":{"id":"application-manageresources-display-component---newResourceUnit--newRRUPage-OPHeaderContent-collapseBtn-img"},"wdio_ui5_key":"applicationmanageresources-display-component---newResourceUnit--newRRUPage-OPHeaderContent-collapseBtn-img"}]}
RESULT: undefined
COMMAND: POST /session/a0e39dd9b988c670ac78677591e873a6/element - {"using":"xpath","value":"//*[@id=\"application-manageresources-display-component---newResourceUnit--newRRUPage-OPHeaderContent-collapseBtn-img\"]"}
RESULT: {"using":"xpath","value":"//*[@id=\"application-manageresources-display-component---newResourceUnit--newRRUPage-OPHeaderContent-collapseBtn-img\"]"}
COMMAND: POST /session/a0e39dd9b988c670ac78677591e873a6/element/f.EDB8E63201757EBA70A397A191FE6F64.d.FFE27D4AC85DBEE041CAC78885097607.e.1565/click - {}
RESULT: {}
COMMAND: GET /session/a0e39dd9b988c670ac78677591e873a6/screenshot - {}
RESULT: {}
COMMAND: POST /session/a0e39dd9b988c670ac78677591e873a6/execute/async - {"script":"<script> [1562 bytes]","args":[{"selector":{"id":"application-manageresources-display-component---newResourceUnit--newRRUPage-anchBar-application-manageresources-display-component---newResourceUnit--control-anchor","interaction":{"idSuffix":"BDI-content"}},"wdio_ui5_key":"applicationmanageresources-display-component---newResourceUnit--newRRUPage-anchBar-application-manageresources-display-component---newResourceUnit--control-anchor"}]}
RESULT: {"script":"<script> [1562 bytes]","args":[{"selector":{"id":"application-manageresources-display-component---newResourceUnit--newRRUPage-anchBar-application-manageresources-display-component---newResourceUnit--control-anchor","interaction":{"idSuffix":"BDI-content"}},"wdio_ui5_key":"applicationmanageresources-display-component---newResourceUnit--newRRUPage-anchBar-application-manageresources-display-component---newResourceUnit--control-anchor"}]}
RESULT: undefined
COMMAND: POST /session/a0e39dd9b988c670ac78677591e873a6/element - {"using":"xpath","value":"//*[@id=\"application-manageresources-display-component---newResourceUnit--newRRUPage-anchBar-application-manageresources-display-component---newResourceUnit--control-anchor\"]"}
RESULT: {"using":"xpath","value":"//*[@id=\"application-manageresources-display-component---newResourceUnit--newRRUPage-anchBar-application-manageresources-display-component---newResourceUnit--control-anchor\"]"}
COMMAND: POST /session/a0e39dd9b988c670ac78677591e873a6/element/f.EDB8E63201757EBA70A397A191FE6F64.d.FFE27D4AC85DBEE041CAC78885097607.e.1677/click - {}
RESULT: {}
COMMAND: POST /session/a0e39dd9b988c670ac78677591e873a6/execute/async - {"script":"<script> [1562 bytes]","args":[{"selector":{"id":"application-manageresources-display-component---newResourceUnit--PLANNING_GROUP","interaction":{"idSuffix":"inner"}},"wdio_ui5_key":"applicationmanageresources-display-component---newResourceUnit--PLANNING_GROUP"}]}
COMMAND: GET /session/a0e39dd9b988c670ac78677591e873a6/screenshot - {}
RESULT: {"script":"<script> [1562 bytes]","args":[{"selector":{"id":"application-manageresources-display-component---newResourceUnit--PLANNING_GROUP","interaction":{"idSuffix":"inner"}},"wdio_ui5_key":"applicationmanageresources-display-component---newResourceUnit--PLANNING_GROUP"}]}
RESULT: undefined
COMMAND: POST /session/a0e39dd9b988c670ac78677591e873a6/execute/async - {"script":"<script> [776 bytes]","args":[{"enterText":"Heavy Equi","selector":{"id":"application-manageresources-display-component---newResourceUnit--PLANNING_GROUP","interaction":{"idSuffix":"inner"}},"clearTextFirst":true,"interactionType":"ENTER_TEXT"}]}
RESULT: {}
RESULT: {"script":"<script> [776 bytes]","args":[{"enterText":"Heavy Equi","selector":{"id":"application-manageresources-display-component---newResourceUnit--PLANNING_GROUP","interaction":{"idSuffix":"inner"}},"clearTextFirst":true,"interactionType":"ENTER_TEXT"}]}
COMMAND: POST /session/a0e39dd9b988c670ac78677591e873a6/element - {"using":"xpath","value":"//bdi[contains(text(), \"Time Segment\")]"}
RESULT: {"using":"xpath","value":"//bdi[contains(text(), \"Time Segment\")]"}
COMMAND: GET /session/a0e39dd9b988c670ac78677591e873a6/element/f.EDB8E63201757EBA70A397A191FE6F64.d.FFE27D4AC85DBEE041CAC78885097607.e.1682/rect - {}
RESULT: {}
COMMAND: GET /session/a0e39dd9b988c670ac78677591e873a6/window/rect - {}
RESULT: {}
COMMAND: POST /session/a0e39dd9b988c670ac78677591e873a6/execute/sync - {"script":"<script> [92 bytes]","args":[]}
RESULT: {"script":"<script> [92 bytes]","args":[]}
COMMAND: POST /session/a0e39dd9b988c670ac78677591e873a6/actions - {"actions":[{"id":"action3","type":"wheel","parameters":{},"actions":[{"type":"scroll","x":-1820,"y":-21,"deltaX":0,"deltaY":0,"duration":0,"origin":{"element-6066-11e4-a52e-4f735466cecf":"f.EDB8E63201757EBA70A397A191FE6F64.d.FFE27D4AC85DBEE041CAC78885097607.e.1682"}}]}]}
COMMAND: GET /session/a0e39dd9b988c670ac78677591e873a6/screenshot - {}
RESULT: {}
COMMAND: POST /session/a0e39dd9b988c670ac78677591e873a6/execute/sync - {"script":"<script> [79 bytes]","args":[{"element-6066-11e4-a52e-4f735466cecf":"f.EDB8E63201757EBA70A397A191FE6F64.d.FFE27D4AC85DBEE041CAC78885097607.e.1682","ELEMENT":"f.EDB8E63201757EBA70A397A191FE6F64.d.FFE27D4AC85DBEE041CAC78885097607.e.1682"},{"block":"start","inline":"nearest"}]}
RESULT: {"script":"<script> [79 bytes]","args":[{"element-6066-11e4-a52e-4f735466cecf":"f.EDB8E63201757EBA70A397A191FE6F64.d.FFE27D4AC85DBEE041CAC78885097607.e.1682","ELEMENT":"f.EDB8E63201757EBA70A397A191FE6F64.d.FFE27D4AC85DBEE041CAC78885097607.e.1682"},{"block":"start","inline":"nearest"}]}
COMMAND: GET /session/a0e39dd9b988c670ac78677591e873a6/screenshot - {}
RESULT: {}
COMMAND: POST /session/a0e39dd9b988c670ac78677591e873a6/execute/async - {"script":"<script> [1562 bytes]","args":[{"selector":{"id":"application-manageresources-display-component---newResourceUnit--btnAddTimeSegment-img"},"wdio_ui5_key":"applicationmanageresources-display-component---newResourceUnit--btnAddTimeSegment-img"}]}
RESULT: {"script":"<script> [1562 bytes]","args":[{"selector":{"id":"application-manageresources-display-component---newResourceUnit--btnAddTimeSegment-img"},"wdio_ui5_key":"applicationmanageresources-display-component---newResourceUnit--btnAddTimeSegment-img"}]}
RESULT: undefined
COMMAND: POST /session/a0e39dd9b988c670ac78677591e873a6/element - {"using":"xpath","value":"//*[@id=\"application-manageresources-display-component---newResourceUnit--btnAddTimeSegment-img\"]"}
RESULT: {"using":"xpath","value":"//*[@id=\"application-manageresources-display-component---newResourceUnit--btnAddTimeSegment-img\"]"}
COMMAND: POST /session/a0e39dd9b988c670ac78677591e873a6/element/f.EDB8E63201757EBA70A397A191FE6F64.d.FFE27D4AC85DBEE041CAC78885097607.e.1685/click - {}
RESULT: {}
COMMAND: GET /session/a0e39dd9b988c670ac78677591e873a6/screenshot - {}
RESULT: {}
COMMAND: POST /session/a0e39dd9b988c670ac78677591e873a6/element - {"using":"xpath","value":"//input[@id=\"application-manageresources-display-component---newResourceUnit--idRuTSAdmin-application-manageresources-display-component---newResourceUnit--RUTimeSegment-0-inner\"]"}
RESULT: {"using":"xpath","value":"//input[@id=\"application-manageresources-display-component---newResourceUnit--idRuTSAdmin-application-manageresources-display-component---newResourceUnit--RUTimeSegment-0-inner\"]"}
COMMAND: POST /session/a0e39dd9b988c670ac78677591e873a6/element/f.EDB8E63201757EBA70A397A191FE6F64.d.FFE27D4AC85DBEE041CAC78885097607.e.1688/clear - {}
RESULT: {}
COMMAND: POST /session/a0e39dd9b988c670ac78677591e873a6/element/f.EDB8E63201757EBA70A397A191FE6F64.d.FFE27D4AC85DBEE041CAC78885097607.e.1688/value - {"text":"WebdriverYardab3jz"}
COMMAND: GET /session/a0e39dd9b988c670ac78677591e873a6/screenshot - {}
RESULT: {"text":"WebdriverYardab3jz"}
COMMAND: GET /session/a0e39dd9b988c670ac78677591e873a6/screenshot - {}
RESULT: {}
RESULT: {}
COMMAND: POST /session/a0e39dd9b988c670ac78677591e873a6/actions - {"actions":[{"id":"action4","type":"key","parameters":{},"actions":[{"type":"keyDown","value":""},{"type":"pause","duration":10},{"type":"keyUp","value":""}]}]}
RESULT: {"actions":[{"id":"action4","type":"key","parameters":{},"actions":[{"type":"keyDown","value":""},{"type":"pause","duration":10},{"type":"keyUp","value":""}]}]}
COMMAND: GET /session/a0e39dd9b988c670ac78677591e873a6/screenshot - {}
RESULT: {}
COMMAND: POST /session/a0e39dd9b988c670ac78677591e873a6/execute/async - {"script":"<script> [1562 bytes]","args":[{"selector":{"controlType":"sap.m.Button","viewName":"reusables.view.manageresources.NewResourceUnit","viewId":"application-manageresources-display-component---newResourceUnit","i18NText":{"propertyName":"tooltip","key":"save"},"interaction":{"idSuffix":"BDI-content"}},"wdio_ui5_key":"reusablesview.manageresources.NewResourceUnitsap.m.Button{\"propertyName\":\"tooltip\",\"key\":\"save\"}"}]}
RESULT: {"script":"<script> [1562 bytes]","args":[{"selector":{"controlType":"sap.m.Button","viewName":"reusables.view.manageresources.NewResourceUnit","viewId":"application-manageresources-display-component---newResourceUnit","i18NText":{"propertyName":"tooltip","key":"save"},"interaction":{"idSuffix":"BDI-content"}},"wdio_ui5_key":"reusablesview.manageresources.NewResourceUnitsap.m.Button{\"propertyName\":\"tooltip\",\"key\":\"save\"}"}]}
RESULT: undefined
COMMAND: POST /session/a0e39dd9b988c670ac78677591e873a6/element - {"using":"xpath","value":"//*[@id=\"application-manageresources-display-component---newResourceUnit--createRuButton\"]"}
RESULT: {"using":"xpath","value":"//*[@id=\"application-manageresources-display-component---newResourceUnit--createRuButton\"]"}
COMMAND: POST /session/a0e39dd9b988c670ac78677591e873a6/element/f.EDB8E63201757EBA70A397A191FE6F64.d.FFE27D4AC85DBEE041CAC78885097607.e.1571/click - {}
RESULT: {}
COMMAND: GET /session/a0e39dd9b988c670ac78677591e873a6/screenshot - {}
RESULT: {}
COMMAND: POST /session/a0e39dd9b988c670ac78677591e873a6/execute/async - {"script":"<script> [1562 bytes]","args":[{"selector":{"controlType":"sap.m.Button","properties":{"text":"Close"},"searchOpenDialogs":true,"interaction":{"idSuffix":"inner"}},"wdio_ui5_key":"sapm.Button{\"text\":\"Close\"}"}]}
RESULT: {"script":"<script> [1562 bytes]","args":[{"selector":{"controlType":"sap.m.Button","properties":{"text":"Close"},"searchOpenDialogs":true,"interaction":{"idSuffix":"inner"}},"wdio_ui5_key":"sapm.Button{\"text\":\"Close\"}"}]}
RESULT: undefined
COMMAND: POST /session/a0e39dd9b988c670ac78677591e873a6/element - {"using":"xpath","value":"//*[@id=\"__mbox-btn-0\"]"}
RESULT: {"using":"xpath","value":"//*[@id=\"__mbox-btn-0\"]"}
COMMAND: POST /session/a0e39dd9b988c670ac78677591e873a6/element/f.EDB8E63201757EBA70A397A191FE6F64.d.FFE27D4AC85DBEE041CAC78885097607.e.1696/click - {}
RESULT: {}
COMMAND: GET /session/a0e39dd9b988c670ac78677591e873a6/screenshot - {}
RESULT: {}
COMMAND: POST /session/a0e39dd9b988c670ac78677591e873a6/element - {"using":"css selector","value":"#shell-header-logo"}
RESULT: {"using":"css selector","value":"#shell-header-logo"}
COMMAND: POST /session/a0e39dd9b988c670ac78677591e873a6/element/f.EDB8E63201757EBA70A397A191FE6F64.d.FFE27D4AC85DBEE041CAC78885097607.e.1193/click - {}
RESULT: {}
COMMAND: GET /session/a0e39dd9b988c670ac78677591e873a6/screenshot - {}
RESULT: {}
]]></system-out>
    </testcase>
    <testcase classname="chrome.136_0_7103_93.windows.Related_resources_for_groups_US139107" name="Should create first equipment and add it to the group" time="129.921">
      <system-out><![CDATA[
RESULT: undefined
COMMAND: POST /session/a0e39dd9b988c670ac78677591e873a6/element - {"using":"xpath","value":"//*[@id=\"__tile39\"]"}
RESULT: {"using":"xpath","value":"//*[@id=\"__tile39\"]"}
COMMAND: POST /session/a0e39dd9b988c670ac78677591e873a6/element/f.EDB8E63201757EBA70A397A191FE6F64.d.FFE27D4AC85DBEE041CAC78885097607.e.1190/click - {}
RESULT: {}
COMMAND: GET /session/a0e39dd9b988c670ac78677591e873a6/screenshot - {}
RESULT: {}
COMMAND: POST /session/a0e39dd9b988c670ac78677591e873a6/elements - {"using":"xpath","value":"//span[text()='Error']"}
RESULT: {"using":"xpath","value":"//span[text()='Error']"}
COMMAND: POST /session/a0e39dd9b988c670ac78677591e873a6/element - {"using":"xpath","value":"//button[@data-kt=\"addNewRUOverflowToolbarButton\"]"}
RESULT: {"using":"xpath","value":"//button[@data-kt=\"addNewRUOverflowToolbarButton\"]"}
COMMAND: POST /session/a0e39dd9b988c670ac78677591e873a6/execute/sync - {"script":"<script> [8489 bytes]","args":[{"element-6066-11e4-a52e-4f735466cecf":"f.EDB8E63201757EBA70A397A191FE6F64.d.FFE27D4AC85DBEE041CAC78885097607.e.1878","ELEMENT":"f.EDB8E63201757EBA70A397A191FE6F64.d.FFE27D4AC85DBEE041CAC78885097607.e.1878"}]}
RESULT: {"script":"<script> [8489 bytes]","args":[{"element-6066-11e4-a52e-4f735466cecf":"f.EDB8E63201757EBA70A397A191FE6F64.d.FFE27D4AC85DBEE041CAC78885097607.e.1878","ELEMENT":"f.EDB8E63201757EBA70A397A191FE6F64.d.FFE27D4AC85DBEE041CAC78885097607.e.1878"}]}
COMMAND: POST /session/a0e39dd9b988c670ac78677591e873a6/element/f.EDB8E63201757EBA70A397A191FE6F64.d.FFE27D4AC85DBEE041CAC78885097607.e.1878/click - {}
COMMAND: GET /session/a0e39dd9b988c670ac78677591e873a6/screenshot - {}
RESULT: {}
COMMAND: GET /session/a0e39dd9b988c670ac78677591e873a6/screenshot - {}
RESULT: undefined
COMMAND: POST /session/a0e39dd9b988c670ac78677591e873a6/element - {"using":"xpath","value":"//*[@id=\"application-manageresources-display-component---newResourceUnit--TYPE-arrow\"]"}
RESULT: {}
RESULT: {}
RESULT: {"using":"xpath","value":"//*[@id=\"application-manageresources-display-component---newResourceUnit--TYPE-arrow\"]"}
COMMAND: POST /session/a0e39dd9b988c670ac78677591e873a6/element/f.EDB8E63201757EBA70A397A191FE6F64.d.FFE27D4AC85DBEE041CAC78885097607.e.2091/click - {}
RESULT: {}
COMMAND: POST /session/a0e39dd9b988c670ac78677591e873a6/execute/async - {"script":"<script> [1562 bytes]","args":[{"selector":{"controlType":"sap.m.StandardListItem","viewName":"reusables.view.manageresources.NewResourceUnit","viewId":"application-manageresources-display-component---newResourceUnit","properties":{"title":"Equipment"},"searchOpenDialogs":true,"interaction":{"idSuffix":"content"}},"wdio_ui5_key":"reusablesview.manageresources.NewResourceUnitsap.m.StandardListItem{\"title\":\"Equipment\"}"}]}
COMMAND: GET /session/a0e39dd9b988c670ac78677591e873a6/screenshot - {}
RESULT: {"script":"<script> [1562 bytes]","args":[{"selector":{"controlType":"sap.m.StandardListItem","viewName":"reusables.view.manageresources.NewResourceUnit","viewId":"application-manageresources-display-component---newResourceUnit","properties":{"title":"Equipment"},"searchOpenDialogs":true,"interaction":{"idSuffix":"content"}},"wdio_ui5_key":"reusablesview.manageresources.NewResourceUnitsap.m.StandardListItem{\"title\":\"Equipment\"}"}]}
RESULT: undefined
COMMAND: POST /session/a0e39dd9b988c670ac78677591e873a6/element - {"using":"xpath","value":"//*[@id=\"__item657\"]"}
RESULT: {}
RESULT: {"using":"xpath","value":"//*[@id=\"__item657\"]"}
COMMAND: POST /session/a0e39dd9b988c670ac78677591e873a6/element/f.EDB8E63201757EBA70A397A191FE6F64.d.FFE27D4AC85DBEE041CAC78885097607.e.2097/click - {}
RESULT: {}
COMMAND: GET /session/a0e39dd9b988c670ac78677591e873a6/screenshot - {}
RESULT: {}
COMMAND: POST /session/a0e39dd9b988c670ac78677591e873a6/execute/async - {"script":"<script> [1562 bytes]","args":[{"selector":{"id":"application-manageresources-display-component---newResourceUnit--resourceId","interaction":{"idSuffix":"inner"}},"wdio_ui5_key":"applicationmanageresources-display-component---newResourceUnit--resourceId"}]}
RESULT: {"script":"<script> [1562 bytes]","args":[{"selector":{"id":"application-manageresources-display-component---newResourceUnit--resourceId","interaction":{"idSuffix":"inner"}},"wdio_ui5_key":"applicationmanageresources-display-component---newResourceUnit--resourceId"}]}
RESULT: undefined
COMMAND: POST /session/a0e39dd9b988c670ac78677591e873a6/execute/async - {"script":"<script> [776 bytes]","args":[{"enterText":"WdIORUEquip1zbj1rj","selector":{"id":"application-manageresources-display-component---newResourceUnit--resourceId","interaction":{"idSuffix":"inner"}},"clearTextFirst":true,"interactionType":"ENTER_TEXT"}]}
RESULT: {"script":"<script> [776 bytes]","args":[{"enterText":"WdIORUEquip1zbj1rj","selector":{"id":"application-manageresources-display-component---newResourceUnit--resourceId","interaction":{"idSuffix":"inner"}},"clearTextFirst":true,"interactionType":"ENTER_TEXT"}]}
RESULT: undefined
COMMAND: POST /session/a0e39dd9b988c670ac78677591e873a6/execute/async - {"script":"<script> [776 bytes]","args":[{"enterText":"WdIORUEquip1zbj1rj","selector":{"id":"application-manageresources-display-component---newResourceUnit--SHORT_TEXT","interaction":{"idSuffix":"inner"}},"clearTextFirst":true,"interactionType":"ENTER_TEXT"}]}
RESULT: {"script":"<script> [776 bytes]","args":[{"enterText":"WdIORUEquip1zbj1rj","selector":{"id":"application-manageresources-display-component---newResourceUnit--SHORT_TEXT","interaction":{"idSuffix":"inner"}},"clearTextFirst":true,"interactionType":"ENTER_TEXT"}]}
RESULT: undefined
COMMAND: POST /session/a0e39dd9b988c670ac78677591e873a6/execute/async - {"script":"<script> [776 bytes]","args":[{"enterText":"Piece","selector":{"id":"application-manageresources-display-component---newResourceUnit--BASE_UNIT_OF_MEASURE","interaction":{"idSuffix":"inner"}},"clearTextFirst":true,"interactionType":"ENTER_TEXT"}]}
RESULT: {"script":"<script> [776 bytes]","args":[{"enterText":"Piece","selector":{"id":"application-manageresources-display-component---newResourceUnit--BASE_UNIT_OF_MEASURE","interaction":{"idSuffix":"inner"}},"clearTextFirst":true,"interactionType":"ENTER_TEXT"}]}
COMMAND: POST /session/a0e39dd9b988c670ac78677591e873a6/element - {"using":"xpath","value":"//input[contains(@id ,\"application-manageresources-display-component---newResourceUnit--HIGHER_LEVEL_RESOURCE-inner\")]"}
RESULT: {"using":"xpath","value":"//input[contains(@id ,\"application-manageresources-display-component---newResourceUnit--HIGHER_LEVEL_RESOURCE-inner\")]"}
COMMAND: POST /session/a0e39dd9b988c670ac78677591e873a6/element/f.EDB8E63201757EBA70A397A191FE6F64.d.FFE27D4AC85DBEE041CAC78885097607.e.2119/value - {"text":"WdIORUGroupidw9j"}
RESULT: {"text":"WdIORUGroupidw9j"}
COMMAND: GET /session/a0e39dd9b988c670ac78677591e873a6/screenshot - {}
RESULT: {}
COMMAND: POST /session/a0e39dd9b988c670ac78677591e873a6/actions - {"actions":[{"id":"action5","type":"key","parameters":{},"actions":[{"type":"keyDown","value":""},{"type":"pause","duration":10},{"type":"keyUp","value":""}]}]}
RESULT: {"actions":[{"id":"action5","type":"key","parameters":{},"actions":[{"type":"keyDown","value":""},{"type":"pause","duration":10},{"type":"keyUp","value":""}]}]}
COMMAND: POST /session/a0e39dd9b988c670ac78677591e873a6/execute/async - {"script":"<script> [1562 bytes]","args":[{"selector":{"id":"application-manageresources-display-component---newResourceUnit--WEIGHT_UNIT","interaction":{"idSuffix":"inner"}},"wdio_ui5_key":"applicationmanageresources-display-component---newResourceUnit--WEIGHT_UNIT"}]}
COMMAND: GET /session/a0e39dd9b988c670ac78677591e873a6/screenshot - {}
RESULT: {"script":"<script> [1562 bytes]","args":[{"selector":{"id":"application-manageresources-display-component---newResourceUnit--WEIGHT_UNIT","interaction":{"idSuffix":"inner"}},"wdio_ui5_key":"applicationmanageresources-display-component---newResourceUnit--WEIGHT_UNIT"}]}
RESULT: undefined
COMMAND: POST /session/a0e39dd9b988c670ac78677591e873a6/execute/async - {"script":"<script> [776 bytes]","args":[{"enterText":"Gram","selector":{"id":"application-manageresources-display-component---newResourceUnit--WEIGHT_UNIT","interaction":{"idSuffix":"inner"}},"clearTextFirst":true,"interactionType":"ENTER_TEXT"}]}
RESULT: {}
RESULT: {"script":"<script> [776 bytes]","args":[{"enterText":"Gram","selector":{"id":"application-manageresources-display-component---newResourceUnit--WEIGHT_UNIT","interaction":{"idSuffix":"inner"}},"clearTextFirst":true,"interactionType":"ENTER_TEXT"}]}
RESULT: undefined
COMMAND: POST /session/a0e39dd9b988c670ac78677591e873a6/element - {"using":"xpath","value":"//*[@id=\"application-manageresources-display-component---newResourceUnit--newRRUPage-OPHeaderContent-collapseBtn-img\"]"}
RESULT: {"using":"xpath","value":"//*[@id=\"application-manageresources-display-component---newResourceUnit--newRRUPage-OPHeaderContent-collapseBtn-img\"]"}
COMMAND: POST /session/a0e39dd9b988c670ac78677591e873a6/element/f.EDB8E63201757EBA70A397A191FE6F64.d.FFE27D4AC85DBEE041CAC78885097607.e.2104/click - {}
RESULT: {}
COMMAND: GET /session/a0e39dd9b988c670ac78677591e873a6/screenshot - {}
RESULT: {}
COMMAND: POST /session/a0e39dd9b988c670ac78677591e873a6/element - {"using":"xpath","value":"(//span[contains(@id ,\"application-manageresources-display-component---newResourceUnit--DIMENSION_UNIT-arrow\")])[1]"}
RESULT: {"using":"xpath","value":"(//span[contains(@id ,\"application-manageresources-display-component---newResourceUnit--DIMENSION_UNIT-arrow\")])[1]"}
COMMAND: POST /session/a0e39dd9b988c670ac78677591e873a6/element/f.EDB8E63201757EBA70A397A191FE6F64.d.FFE27D4AC85DBEE041CAC78885097607.e.2253/click - {}
RESULT: {}
COMMAND: GET /session/a0e39dd9b988c670ac78677591e873a6/screenshot - {}
RESULT: {}
COMMAND: POST /session/a0e39dd9b988c670ac78677591e873a6/execute/async - {"script":"<script> [1562 bytes]","args":[{"selector":{"controlType":"sap.m.StandardListItem","viewName":"reusables.view.manageresources.NewResourceUnit","viewId":"application-manageresources-display-component---newResourceUnit","properties":{"title":"Centimeter"},"searchOpenDialogs":true,"interaction":{"idSuffix":"titleText"}},"wdio_ui5_key":"reusablesview.manageresources.NewResourceUnitsap.m.StandardListItem{\"title\":\"Centimeter\"}"}]}
RESULT: {"script":"<script> [1562 bytes]","args":[{"selector":{"controlType":"sap.m.StandardListItem","viewName":"reusables.view.manageresources.NewResourceUnit","viewId":"application-manageresources-display-component---newResourceUnit","properties":{"title":"Centimeter"},"searchOpenDialogs":true,"interaction":{"idSuffix":"titleText"}},"wdio_ui5_key":"reusablesview.manageresources.NewResourceUnitsap.m.StandardListItem{\"title\":\"Centimeter\"}"}]}
RESULT: undefined
COMMAND: POST /session/a0e39dd9b988c670ac78677591e873a6/element - {"using":"xpath","value":"//*[@id=\"__item743\"]"}
RESULT: {"using":"xpath","value":"//*[@id=\"__item743\"]"}
COMMAND: POST /session/a0e39dd9b988c670ac78677591e873a6/element/f.EDB8E63201757EBA70A397A191FE6F64.d.FFE27D4AC85DBEE041CAC78885097607.e.2257/click - {}
RESULT: {}
COMMAND: GET /session/a0e39dd9b988c670ac78677591e873a6/screenshot - {}
RESULT: {}
RESULT: undefined
COMMAND: POST /session/a0e39dd9b988c670ac78677591e873a6/element - {"using":"xpath","value":"//*[@id=\"application-manageresources-display-component---newResourceUnit--newRRUPage-anchBar-application-manageresources-display-component---newResourceUnit--control-anchor\"]"}
RESULT: {"using":"xpath","value":"//*[@id=\"application-manageresources-display-component---newResourceUnit--newRRUPage-anchBar-application-manageresources-display-component---newResourceUnit--control-anchor\"]"}
COMMAND: POST /session/a0e39dd9b988c670ac78677591e873a6/element/f.EDB8E63201757EBA70A397A191FE6F64.d.FFE27D4AC85DBEE041CAC78885097607.e.2258/click - {}
RESULT: {}
RESULT: undefined
COMMAND: POST /session/a0e39dd9b988c670ac78677591e873a6/execute/async - {"script":"<script> [776 bytes]","args":[{"enterText":"Heavy Equi","selector":{"id":"application-manageresources-display-component---newResourceUnit--PLANNING_GROUP","interaction":{"idSuffix":"inner"}},"clearTextFirst":true,"interactionType":"ENTER_TEXT"}]}
COMMAND: GET /session/a0e39dd9b988c670ac78677591e873a6/screenshot - {}
RESULT: {"script":"<script> [776 bytes]","args":[{"enterText":"Heavy Equi","selector":{"id":"application-manageresources-display-component---newResourceUnit--PLANNING_GROUP","interaction":{"idSuffix":"inner"}},"clearTextFirst":true,"interactionType":"ENTER_TEXT"}]}
RESULT: {}
COMMAND: POST /session/a0e39dd9b988c670ac78677591e873a6/execute/async - {"script":"<script> [1562 bytes]","args":[{"selector":{"id":"application-manageresources-display-component---newResourceUnit--ITEM_TYPE-arrow"},"wdio_ui5_key":"applicationmanageresources-display-component---newResourceUnit--ITEM_TYPE-arrow"}]}
RESULT: {"script":"<script> [1562 bytes]","args":[{"selector":{"id":"application-manageresources-display-component---newResourceUnit--ITEM_TYPE-arrow"},"wdio_ui5_key":"applicationmanageresources-display-component---newResourceUnit--ITEM_TYPE-arrow"}]}
RESULT: undefined
COMMAND: POST /session/a0e39dd9b988c670ac78677591e873a6/element - {"using":"xpath","value":"//*[@id=\"application-manageresources-display-component---newResourceUnit--ITEM_TYPE-arrow\"]"}
RESULT: {"using":"xpath","value":"//*[@id=\"application-manageresources-display-component---newResourceUnit--ITEM_TYPE-arrow\"]"}
COMMAND: POST /session/a0e39dd9b988c670ac78677591e873a6/element/f.EDB8E63201757EBA70A397A191FE6F64.d.FFE27D4AC85DBEE041CAC78885097607.e.2263/click - {}
RESULT: {}
COMMAND: POST /session/a0e39dd9b988c670ac78677591e873a6/execute/async - {"script":"<script> [1562 bytes]","args":[{"selector":{"controlType":"sap.m.StandardListItem","viewName":"reusables.view.manageresources.NewResourceUnit","viewId":"application-manageresources-display-component---newResourceUnit","properties":{"title":"Resource Unit"},"searchOpenDialogs":true,"interaction":{"idSuffix":"titleText"}},"wdio_ui5_key":"reusablesview.manageresources.NewResourceUnitsap.m.StandardListItem{\"title\":\"Resource Unit\"}"}]}
COMMAND: GET /session/a0e39dd9b988c670ac78677591e873a6/screenshot - {}
RESULT: {"script":"<script> [1562 bytes]","args":[{"selector":{"controlType":"sap.m.StandardListItem","viewName":"reusables.view.manageresources.NewResourceUnit","viewId":"application-manageresources-display-component---newResourceUnit","properties":{"title":"Resource Unit"},"searchOpenDialogs":true,"interaction":{"idSuffix":"titleText"}},"wdio_ui5_key":"reusablesview.manageresources.NewResourceUnitsap.m.StandardListItem{\"title\":\"Resource Unit\"}"}]}
RESULT: undefined
COMMAND: POST /session/a0e39dd9b988c670ac78677591e873a6/element - {"using":"xpath","value":"//*[@id=\"__item765\"]"}
RESULT: {}
RESULT: {"using":"xpath","value":"//*[@id=\"__item765\"]"}
COMMAND: POST /session/a0e39dd9b988c670ac78677591e873a6/element/f.EDB8E63201757EBA70A397A191FE6F64.d.FFE27D4AC85DBEE041CAC78885097607.e.2265/click - {}
RESULT: {}
COMMAND: POST /session/a0e39dd9b988c670ac78677591e873a6/element - {"using":"xpath","value":"//bdi[contains(text(), \"Time Segment\")]"}
COMMAND: GET /session/a0e39dd9b988c670ac78677591e873a6/screenshot - {}
RESULT: {"using":"xpath","value":"//bdi[contains(text(), \"Time Segment\")]"}
COMMAND: GET /session/a0e39dd9b988c670ac78677591e873a6/element/f.EDB8E63201757EBA70A397A191FE6F64.d.FFE27D4AC85DBEE041CAC78885097607.e.2272/rect - {}
RESULT: {}
RESULT: {}
COMMAND: GET /session/a0e39dd9b988c670ac78677591e873a6/window/rect - {}
RESULT: {}
COMMAND: POST /session/a0e39dd9b988c670ac78677591e873a6/execute/sync - {"script":"<script> [92 bytes]","args":[]}
RESULT: {"script":"<script> [92 bytes]","args":[]}
COMMAND: POST /session/a0e39dd9b988c670ac78677591e873a6/actions - {"actions":[{"id":"action6","type":"wheel","parameters":{},"actions":[{"type":"scroll","x":-1820,"y":-21,"deltaX":0,"deltaY":0,"duration":0,"origin":{"element-6066-11e4-a52e-4f735466cecf":"f.EDB8E63201757EBA70A397A191FE6F64.d.FFE27D4AC85DBEE041CAC78885097607.e.2272"}}]}]}
COMMAND: GET /session/a0e39dd9b988c670ac78677591e873a6/screenshot - {}
RESULT: {}
COMMAND: POST /session/a0e39dd9b988c670ac78677591e873a6/execute/sync - {"script":"<script> [79 bytes]","args":[{"element-6066-11e4-a52e-4f735466cecf":"f.EDB8E63201757EBA70A397A191FE6F64.d.FFE27D4AC85DBEE041CAC78885097607.e.2272","ELEMENT":"f.EDB8E63201757EBA70A397A191FE6F64.d.FFE27D4AC85DBEE041CAC78885097607.e.2272"},{"block":"start","inline":"nearest"}]}
RESULT: {"script":"<script> [79 bytes]","args":[{"element-6066-11e4-a52e-4f735466cecf":"f.EDB8E63201757EBA70A397A191FE6F64.d.FFE27D4AC85DBEE041CAC78885097607.e.2272","ELEMENT":"f.EDB8E63201757EBA70A397A191FE6F64.d.FFE27D4AC85DBEE041CAC78885097607.e.2272"},{"block":"start","inline":"nearest"}]}
RESULT: undefined
COMMAND: POST /session/a0e39dd9b988c670ac78677591e873a6/element - {"using":"xpath","value":"//*[@id=\"application-manageresources-display-component---newResourceUnit--btnAddTimeSegment-img\"]"}
COMMAND: GET /session/a0e39dd9b988c670ac78677591e873a6/screenshot - {}
RESULT: {"using":"xpath","value":"//*[@id=\"application-manageresources-display-component---newResourceUnit--btnAddTimeSegment-img\"]"}
COMMAND: POST /session/a0e39dd9b988c670ac78677591e873a6/element/f.EDB8E63201757EBA70A397A191FE6F64.d.FFE27D4AC85DBEE041CAC78885097607.e.2273/click - {}
RESULT: {}
RESULT: {}
COMMAND: GET /session/a0e39dd9b988c670ac78677591e873a6/screenshot - {}
RESULT: {}
COMMAND: POST /session/a0e39dd9b988c670ac78677591e873a6/element - {"using":"xpath","value":"//input[@id=\"application-manageresources-display-component---newResourceUnit--idRuTSAdmin-application-manageresources-display-component---newResourceUnit--RUTimeSegment-0-inner\"]"}
RESULT: {"using":"xpath","value":"//input[@id=\"application-manageresources-display-component---newResourceUnit--idRuTSAdmin-application-manageresources-display-component---newResourceUnit--RUTimeSegment-0-inner\"]"}
COMMAND: POST /session/a0e39dd9b988c670ac78677591e873a6/element/f.EDB8E63201757EBA70A397A191FE6F64.d.FFE27D4AC85DBEE041CAC78885097607.e.2279/clear - {}
RESULT: {}
COMMAND: POST /session/a0e39dd9b988c670ac78677591e873a6/element/f.EDB8E63201757EBA70A397A191FE6F64.d.FFE27D4AC85DBEE041CAC78885097607.e.2279/value - {"text":"WebdriverYardab3jz"}
COMMAND: GET /session/a0e39dd9b988c670ac78677591e873a6/screenshot - {}
RESULT: {"text":"WebdriverYardab3jz"}
COMMAND: GET /session/a0e39dd9b988c670ac78677591e873a6/screenshot - {}
RESULT: {}
RESULT: {}
COMMAND: POST /session/a0e39dd9b988c670ac78677591e873a6/actions - {"actions":[{"id":"action7","type":"key","parameters":{},"actions":[{"type":"keyDown","value":""},{"type":"pause","duration":10},{"type":"keyUp","value":""}]}]}
RESULT: {"actions":[{"id":"action7","type":"key","parameters":{},"actions":[{"type":"keyDown","value":""},{"type":"pause","duration":10},{"type":"keyUp","value":""}]}]}
COMMAND: POST /session/a0e39dd9b988c670ac78677591e873a6/execute/async - {"script":"<script> [1562 bytes]","args":[{"selector":{"controlType":"sap.ui.core.Icon","viewName":"reusables.view.manageresources.NewResourceUnit","viewId":"application-manageresources-display-component---newResourceUnit","properties":{"src":{"regex":{"source":"slim\\-arrow\\-down"}}},"ancestor":{"controlType":"sap.m.ComboBox","viewName":"reusables.view.manageresources.NewResourceUnit","viewId":"application-manageresources-display-component---newResourceUnit","bindingPath":{"path":"/RESOURCE_UNIT_TIME_SEQUENCES/0","propertyPath":"COST_OBJECT_ADMIN_CST_TYPE","modelName":"oNewRruModel"}}},"wdio_ui5_key":"reusablesview.manageresources.NewResourceUnitsap.ui.core.Icon{\"src\":{\"regex\":{\"source\":\"slim\\\\-arrow\\\\-down\"}}}{\"controlType\":\"sap.m.ComboBox\",\"viewName\":\"reusables.view.manageresources.NewResourceUnit\",\"viewId\":\"application-manageresources-display-component---newResourceUnit\",\"bindingPath\":{\"path\":\"/RESOURCE_UNIT_TIME_SEQUENCES/0\",\"propertyPath\":\"COST_OBJECT_ADMIN_CST_TYPE\",\"modelName\":\"oNewRruModel\"}}"}]}
COMMAND: GET /session/a0e39dd9b988c670ac78677591e873a6/screenshot - {}
RESULT: {"script":"<script> [1562 bytes]","args":[{"selector":{"controlType":"sap.ui.core.Icon","viewName":"reusables.view.manageresources.NewResourceUnit","viewId":"application-manageresources-display-component---newResourceUnit","properties":{"src":{"regex":{"source":"slim\\-arrow\\-down"}}},"ancestor":{"controlType":"sap.m.ComboBox","viewName":"reusables.view.manageresources.NewResourceUnit","viewId":"application-manageresources-display-component---newResourceUnit","bindingPath":{"path":"/RESOURCE_UNIT_TIME_SEQUENCES/0","propertyPath":"COST_OBJECT_ADMIN_CST_TYPE","modelName":"oNewRruModel"}}},"wdio_ui5_key":"reusablesview.manageresources.NewResourceUnitsap.ui.core.Icon{\"src\":{\"regex\":{\"source\":\"slim\\\\-arrow\\\\-down\"}}}{\"controlType\":\"sap.m.ComboBox\",\"viewName\":\"reusables.view.manageresources.NewResourceUnit\",\"viewId\":\"application-manageresources-display-component---newResourceUnit\",\"bindingPath\":{\"path\":\"/RESOURCE_UNIT_TIME_SEQUENCES/0\",\"propertyPath\":\"COST_OBJECT_ADMIN_CST_TYPE\",\"modelName\":\"oNewRruModel\"}}"}]}
RESULT: undefined
COMMAND: POST /session/a0e39dd9b988c670ac78677591e873a6/element - {"using":"xpath","value":"//*[@id=\"__box10-application-manageresources-display-component---newResourceUnit--RUTimeSegment-0-arrow\"]"}
RESULT: {}
RESULT: {"using":"xpath","value":"//*[@id=\"__box10-application-manageresources-display-component---newResourceUnit--RUTimeSegment-0-arrow\"]"}
COMMAND: POST /session/a0e39dd9b988c670ac78677591e873a6/element/f.EDB8E63201757EBA70A397A191FE6F64.d.FFE27D4AC85DBEE041CAC78885097607.e.2294/click - {}
RESULT: {}
COMMAND: POST /session/a0e39dd9b988c670ac78677591e873a6/execute/async - {"script":"<script> [1562 bytes]","args":[{"selector":{"controlType":"sap.m.StandardListItem","viewName":"reusables.view.manageresources.NewResourceUnit","viewId":"application-manageresources-display-component---newResourceUnit","properties":{"title":"PM Order"},"searchOpenDialogs":true,"interaction":{"idSuffix":"titleText"}},"wdio_ui5_key":"reusablesview.manageresources.NewResourceUnitsap.m.StandardListItem{\"title\":\"PM Order\"}"}]}
COMMAND: GET /session/a0e39dd9b988c670ac78677591e873a6/screenshot - {}
RESULT: {"script":"<script> [1562 bytes]","args":[{"selector":{"controlType":"sap.m.StandardListItem","viewName":"reusables.view.manageresources.NewResourceUnit","viewId":"application-manageresources-display-component---newResourceUnit","properties":{"title":"PM Order"},"searchOpenDialogs":true,"interaction":{"idSuffix":"titleText"}},"wdio_ui5_key":"reusablesview.manageresources.NewResourceUnitsap.m.StandardListItem{\"title\":\"PM Order\"}"}]}
RESULT: undefined
COMMAND: POST /session/a0e39dd9b988c670ac78677591e873a6/element - {"using":"xpath","value":"//*[@id=\"__item1114\"]"}
RESULT: {}
RESULT: {"using":"xpath","value":"//*[@id=\"__item1114\"]"}
COMMAND: POST /session/a0e39dd9b988c670ac78677591e873a6/element/f.EDB8E63201757EBA70A397A191FE6F64.d.FFE27D4AC85DBEE041CAC78885097607.e.2298/click - {}
RESULT: {}
COMMAND: GET /session/a0e39dd9b988c670ac78677591e873a6/screenshot - {}
RESULT: {}
COMMAND: POST /session/a0e39dd9b988c670ac78677591e873a6/element - {"using":"xpath","value":"(//input[contains(@id ,\"-application-manageresources-display-component---newResourceUnit--RUTimeSegment-0-inner\")])[8]"}
RESULT: {"using":"xpath","value":"(//input[contains(@id ,\"-application-manageresources-display-component---newResourceUnit--RUTimeSegment-0-inner\")])[8]"}
COMMAND: POST /session/a0e39dd9b988c670ac78677591e873a6/element/f.EDB8E63201757EBA70A397A191FE6F64.d.FFE27D4AC85DBEE041CAC78885097607.e.2301/clear - {}
RESULT: {}
COMMAND: POST /session/a0e39dd9b988c670ac78677591e873a6/element/f.EDB8E63201757EBA70A397A191FE6F64.d.FFE27D4AC85DBEE041CAC78885097607.e.2301/value - {"text":"4000360"}
COMMAND: GET /session/a0e39dd9b988c670ac78677591e873a6/screenshot - {}
RESULT: {"text":"4000360"}
COMMAND: GET /session/a0e39dd9b988c670ac78677591e873a6/screenshot - {}
RESULT: {}
RESULT: {}
COMMAND: POST /session/a0e39dd9b988c670ac78677591e873a6/actions - {"actions":[{"id":"action8","type":"key","parameters":{},"actions":[{"type":"keyDown","value":""},{"type":"pause","duration":10},{"type":"keyUp","value":""}]}]}
RESULT: {"actions":[{"id":"action8","type":"key","parameters":{},"actions":[{"type":"keyDown","value":""},{"type":"pause","duration":10},{"type":"keyUp","value":""}]}]}
COMMAND: GET /session/a0e39dd9b988c670ac78677591e873a6/screenshot - {}
RESULT: {}
COMMAND: POST /session/a0e39dd9b988c670ac78677591e873a6/element - {"using":"xpath","value":"//input[contains(@id ,\"application-manageresources-display-component---newResourceUnit--newTimeSegmentFromDatePicker-application-manageresources-display-component---newResourceUnit--RUTimeSegment-0-inner\")]"}
RESULT: {"using":"xpath","value":"//input[contains(@id ,\"application-manageresources-display-component---newResourceUnit--newTimeSegmentFromDatePicker-application-manageresources-display-component---newResourceUnit--RUTimeSegment-0-inner\")]"}
COMMAND: POST /session/a0e39dd9b988c670ac78677591e873a6/element/f.EDB8E63201757EBA70A397A191FE6F64.d.FFE27D4AC85DBEE041CAC78885097607.e.2286/clear - {}
RESULT: {}
COMMAND: POST /session/a0e39dd9b988c670ac78677591e873a6/element/f.EDB8E63201757EBA70A397A191FE6F64.d.FFE27D4AC85DBEE041CAC78885097607.e.2286/clear - {}
COMMAND: GET /session/a0e39dd9b988c670ac78677591e873a6/screenshot - {}
RESULT: {}
COMMAND: POST /session/a0e39dd9b988c670ac78677591e873a6/element/f.EDB8E63201757EBA70A397A191FE6F64.d.FFE27D4AC85DBEE041CAC78885097607.e.2286/value - {"text":"06/27/24"}
COMMAND: GET /session/a0e39dd9b988c670ac78677591e873a6/screenshot - {}
RESULT: {}
RESULT: {"text":"06/27/24"}
COMMAND: POST /session/a0e39dd9b988c670ac78677591e873a6/execute/async - {"script":"<script> [1562 bytes]","args":[{"selector":{"id":"application-manageresources-display-component---newResourceUnit--newRRUPage-anchBar-application-manageresources-display-component---newResourceUnit--resource-anchor","interaction":{"idSuffix":"BDI-content"}},"wdio_ui5_key":"applicationmanageresources-display-component---newResourceUnit--newRRUPage-anchBar-application-manageresources-display-component---newResourceUnit--resource-anchor"}]}
COMMAND: GET /session/a0e39dd9b988c670ac78677591e873a6/screenshot - {}
RESULT: {}
RESULT: {"script":"<script> [1562 bytes]","args":[{"selector":{"id":"application-manageresources-display-component---newResourceUnit--newRRUPage-anchBar-application-manageresources-display-component---newResourceUnit--resource-anchor","interaction":{"idSuffix":"BDI-content"}},"wdio_ui5_key":"applicationmanageresources-display-component---newResourceUnit--newRRUPage-anchBar-application-manageresources-display-component---newResourceUnit--resource-anchor"}]}
RESULT: undefined
COMMAND: POST /session/a0e39dd9b988c670ac78677591e873a6/element - {"using":"xpath","value":"//*[@id=\"application-manageresources-display-component---newResourceUnit--newRRUPage-anchBar-application-manageresources-display-component---newResourceUnit--resource-anchor\"]"}
RESULT: {}
RESULT: {"using":"xpath","value":"//*[@id=\"application-manageresources-display-component---newResourceUnit--newRRUPage-anchBar-application-manageresources-display-component---newResourceUnit--resource-anchor\"]"}
COMMAND: POST /session/a0e39dd9b988c670ac78677591e873a6/element/f.EDB8E63201757EBA70A397A191FE6F64.d.FFE27D4AC85DBEE041CAC78885097607.e.2322/click - {}
RESULT: {}
COMMAND: POST /session/a0e39dd9b988c670ac78677591e873a6/execute/async - {"script":"<script> [1562 bytes]","args":[{"selector":{"id":"application-manageresources-display-component---newResourceUnit--PLANNED_DELIVERY_DATE","interaction":{"idSuffix":"inner"}},"wdio_ui5_key":"applicationmanageresources-display-component---newResourceUnit--PLANNED_DELIVERY_DATE"}]}
COMMAND: GET /session/a0e39dd9b988c670ac78677591e873a6/screenshot - {}
RESULT: {"script":"<script> [1562 bytes]","args":[{"selector":{"id":"application-manageresources-display-component---newResourceUnit--PLANNED_DELIVERY_DATE","interaction":{"idSuffix":"inner"}},"wdio_ui5_key":"applicationmanageresources-display-component---newResourceUnit--PLANNED_DELIVERY_DATE"}]}
RESULT: undefined
COMMAND: POST /session/a0e39dd9b988c670ac78677591e873a6/execute/async - {"script":"<script> [6424 bytes]","args":[{"element-6066-11e4-a52e-4f735466cecf":"f.EDB8E63201757EBA70A397A191FE6F64.d.FFE27D4AC85DBEE041CAC78885097607.e.2150"},"setValue",["06/27/24"]]}
RESULT: {}
RESULT: {"script":"<script> [6424 bytes]","args":[{"element-6066-11e4-a52e-4f735466cecf":"f.EDB8E63201757EBA70A397A191FE6F64.d.FFE27D4AC85DBEE041CAC78885097607.e.2150"},"setValue",["06/27/24"]]}
COMMAND: POST /session/a0e39dd9b988c670ac78677591e873a6/execute/async - {"script":"<script> [1562 bytes]","args":[{"selector":{"id":"application-manageresources-display-component---newResourceUnit--RETIRE_PLANNED_DATE","interaction":{"idSuffix":"inner"}},"wdio_ui5_key":"applicationmanageresources-display-component---newResourceUnit--RETIRE_PLANNED_DATE"}]}
RESULT: {"script":"<script> [1562 bytes]","args":[{"selector":{"id":"application-manageresources-display-component---newResourceUnit--RETIRE_PLANNED_DATE","interaction":{"idSuffix":"inner"}},"wdio_ui5_key":"applicationmanageresources-display-component---newResourceUnit--RETIRE_PLANNED_DATE"}]}
RESULT: undefined
COMMAND: POST /session/a0e39dd9b988c670ac78677591e873a6/execute/async - {"script":"<script> [776 bytes]","args":[{"enterText":"3/14/29","selector":{"id":"application-manageresources-display-component---newResourceUnit--RETIRE_PLANNED_DATE","interaction":{"idSuffix":"inner"}},"clearTextFirst":true,"interactionType":"ENTER_TEXT"}]}
RESULT: {"script":"<script> [776 bytes]","args":[{"enterText":"3/14/29","selector":{"id":"application-manageresources-display-component---newResourceUnit--RETIRE_PLANNED_DATE","interaction":{"idSuffix":"inner"}},"clearTextFirst":true,"interactionType":"ENTER_TEXT"}]}
RESULT: undefined
COMMAND: POST /session/a0e39dd9b988c670ac78677591e873a6/element - {"using":"xpath","value":"//*[@id=\"application-manageresources-display-component---newResourceUnit--createRuButton\"]"}
RESULT: {"using":"xpath","value":"//*[@id=\"application-manageresources-display-component---newResourceUnit--createRuButton\"]"}
COMMAND: POST /session/a0e39dd9b988c670ac78677591e873a6/element/f.EDB8E63201757EBA70A397A191FE6F64.d.FFE27D4AC85DBEE041CAC78885097607.e.2110/click - {}
RESULT: {}
COMMAND: GET /session/a0e39dd9b988c670ac78677591e873a6/screenshot - {}
RESULT: {}
COMMAND: POST /session/a0e39dd9b988c670ac78677591e873a6/element - {"using":"xpath","value":"(//bdi[contains(text(), \"Close\")])[1]"}
RESULT: {"using":"xpath","value":"(//bdi[contains(text(), \"Close\")])[1]"}
COMMAND: POST /session/a0e39dd9b988c670ac78677591e873a6/element/f.EDB8E63201757EBA70A397A191FE6F64.d.FFE27D4AC85DBEE041CAC78885097607.e.2332/click - {}
RESULT: {}
COMMAND: GET /session/a0e39dd9b988c670ac78677591e873a6/screenshot - {}
]]></system-out>
    </testcase>
    <testcase classname="chrome.136_0_7103_93.windows.Related_resources_for_groups_US139107" name="Should create one more equipment using copy function and add it to the group" time="77.222">
      <system-out><![CDATA[
COMMAND: POST /session/a0e39dd9b988c670ac78677591e873a6/element - {"using":"xpath","value":"//span[contains(@id ,\"actionsToolbar-overflowButton-img\")]"}
RESULT: {}
RESULT: {"using":"xpath","value":"//span[contains(@id ,\"actionsToolbar-overflowButton-img\")]"}
COMMAND: POST /session/a0e39dd9b988c670ac78677591e873a6/execute/sync - {"script":"<script> [8489 bytes]","args":[{"element-6066-11e4-a52e-4f735466cecf":"f.EDB8E63201757EBA70A397A191FE6F64.d.FFE27D4AC85DBEE041CAC78885097607.e.2385","ELEMENT":"f.EDB8E63201757EBA70A397A191FE6F64.d.FFE27D4AC85DBEE041CAC78885097607.e.2385"}]}
RESULT: {"script":"<script> [8489 bytes]","args":[{"element-6066-11e4-a52e-4f735466cecf":"f.EDB8E63201757EBA70A397A191FE6F64.d.FFE27D4AC85DBEE041CAC78885097607.e.2385","ELEMENT":"f.EDB8E63201757EBA70A397A191FE6F64.d.FFE27D4AC85DBEE041CAC78885097607.e.2385"}]}
COMMAND: POST /session/a0e39dd9b988c670ac78677591e873a6/execute/sync - {"script":"<script> [5351 bytes]","args":[{"element-6066-11e4-a52e-4f735466cecf":"f.EDB8E63201757EBA70A397A191FE6F64.d.FFE27D4AC85DBEE041CAC78885097607.e.2385","ELEMENT":"f.EDB8E63201757EBA70A397A191FE6F64.d.FFE27D4AC85DBEE041CAC78885097607.e.2385"}]}
COMMAND: GET /session/a0e39dd9b988c670ac78677591e873a6/screenshot - {}
RESULT: {"script":"<script> [5351 bytes]","args":[{"element-6066-11e4-a52e-4f735466cecf":"f.EDB8E63201757EBA70A397A191FE6F64.d.FFE27D4AC85DBEE041CAC78885097607.e.2385","ELEMENT":"f.EDB8E63201757EBA70A397A191FE6F64.d.FFE27D4AC85DBEE041CAC78885097607.e.2385"}]}
COMMAND: GET /session/a0e39dd9b988c670ac78677591e873a6/screenshot - {}
COMMAND: POST /session/a0e39dd9b988c670ac78677591e873a6/execute/sync - {"script":"<script> [8489 bytes]","args":[{"element-6066-11e4-a52e-4f735466cecf":"f.EDB8E63201757EBA70A397A191FE6F64.d.FFE27D4AC85DBEE041CAC78885097607.e.2385","ELEMENT":"f.EDB8E63201757EBA70A397A191FE6F64.d.FFE27D4AC85DBEE041CAC78885097607.e.2385"}]}
RESULT: {}
RESULT: {}
RESULT: {"script":"<script> [8489 bytes]","args":[{"element-6066-11e4-a52e-4f735466cecf":"f.EDB8E63201757EBA70A397A191FE6F64.d.FFE27D4AC85DBEE041CAC78885097607.e.2385","ELEMENT":"f.EDB8E63201757EBA70A397A191FE6F64.d.FFE27D4AC85DBEE041CAC78885097607.e.2385"}]}
COMMAND: POST /session/a0e39dd9b988c670ac78677591e873a6/execute/sync - {"script":"<script> [5351 bytes]","args":[{"element-6066-11e4-a52e-4f735466cecf":"f.EDB8E63201757EBA70A397A191FE6F64.d.FFE27D4AC85DBEE041CAC78885097607.e.2385","ELEMENT":"f.EDB8E63201757EBA70A397A191FE6F64.d.FFE27D4AC85DBEE041CAC78885097607.e.2385"}]}
COMMAND: GET /session/a0e39dd9b988c670ac78677591e873a6/screenshot - {}
RESULT: {"script":"<script> [5351 bytes]","args":[{"element-6066-11e4-a52e-4f735466cecf":"f.EDB8E63201757EBA70A397A191FE6F64.d.FFE27D4AC85DBEE041CAC78885097607.e.2385","ELEMENT":"f.EDB8E63201757EBA70A397A191FE6F64.d.FFE27D4AC85DBEE041CAC78885097607.e.2385"}]}
COMMAND: POST /session/a0e39dd9b988c670ac78677591e873a6/element/f.EDB8E63201757EBA70A397A191FE6F64.d.FFE27D4AC85DBEE041CAC78885097607.e.2385/click - {}
COMMAND: GET /session/a0e39dd9b988c670ac78677591e873a6/screenshot - {}
RESULT: {}
RESULT: {}
COMMAND: GET /session/a0e39dd9b988c670ac78677591e873a6/screenshot - {}
RESULT: {}
RESULT: {}
COMMAND: POST /session/a0e39dd9b988c670ac78677591e873a6/execute/async - {"script":"<script> [1562 bytes]","args":[{"selector":{"controlType":"sap.m.Button","viewName":"etm.portal.ui.manageresources.view.Detail","viewId":"application-manageresources-display-component---detailRU","i18NText":{"propertyName":"text","key":"copy"},"interaction":{"idSuffix":"BDI-content"}},"wdio_ui5_key":"etmportal.ui.manageresources.view.Detailsap.m.Button{\"propertyName\":\"text\",\"key\":\"copy\"}"}]}
RESULT: {"script":"<script> [1562 bytes]","args":[{"selector":{"controlType":"sap.m.Button","viewName":"etm.portal.ui.manageresources.view.Detail","viewId":"application-manageresources-display-component---detailRU","i18NText":{"propertyName":"text","key":"copy"},"interaction":{"idSuffix":"BDI-content"}},"wdio_ui5_key":"etmportal.ui.manageresources.view.Detailsap.m.Button{\"propertyName\":\"text\",\"key\":\"copy\"}"}]}
RESULT: undefined
COMMAND: POST /session/a0e39dd9b988c670ac78677591e873a6/element - {"using":"xpath","value":"//*[@id=\"__button117\"]"}
RESULT: {"using":"xpath","value":"//*[@id=\"__button117\"]"}
COMMAND: POST /session/a0e39dd9b988c670ac78677591e873a6/element/f.EDB8E63201757EBA70A397A191FE6F64.d.FFE27D4AC85DBEE041CAC78885097607.e.2391/click - {}
RESULT: {}
COMMAND: GET /session/a0e39dd9b988c670ac78677591e873a6/screenshot - {}
RESULT: {}
COMMAND: POST /session/a0e39dd9b988c670ac78677591e873a6/execute/async - {"script":"<script> [1562 bytes]","args":[{"selector":{"controlType":"sap.m.Button","viewName":"etm.portal.ui.manageresources.view.Detail","viewId":"application-manageresources-display-component---detailRU","i18NText":{"propertyName":"text","key":"selectAll"},"searchOpenDialogs":true,"interaction":{"idSuffix":"BDI-content"}},"wdio_ui5_key":"etmportal.ui.manageresources.view.Detailsap.m.Button{\"propertyName\":\"text\",\"key\":\"selectAll\"}"}]}
RESULT: {"script":"<script> [1562 bytes]","args":[{"selector":{"controlType":"sap.m.Button","viewName":"etm.portal.ui.manageresources.view.Detail","viewId":"application-manageresources-display-component---detailRU","i18NText":{"propertyName":"text","key":"selectAll"},"searchOpenDialogs":true,"interaction":{"idSuffix":"BDI-content"}},"wdio_ui5_key":"etmportal.ui.manageresources.view.Detailsap.m.Button{\"propertyName\":\"text\",\"key\":\"selectAll\"}"}]}
RESULT: undefined
COMMAND: POST /session/a0e39dd9b988c670ac78677591e873a6/element - {"using":"xpath","value":"//*[@id=\"__button168\"]"}
RESULT: {"using":"xpath","value":"//*[@id=\"__button168\"]"}
COMMAND: POST /session/a0e39dd9b988c670ac78677591e873a6/element/f.EDB8E63201757EBA70A397A191FE6F64.d.FFE27D4AC85DBEE041CAC78885097607.e.2392/click - {}
RESULT: {}
COMMAND: GET /session/a0e39dd9b988c670ac78677591e873a6/screenshot - {}
RESULT: {}
COMMAND: POST /session/a0e39dd9b988c670ac78677591e873a6/execute/async - {"script":"<script> [1562 bytes]","args":[{"selector":{"controlType":"sap.m.Button","viewName":"etm.portal.ui.manageresources.view.Detail","viewId":"application-manageresources-display-component---detailRU","i18NText":{"propertyName":"text","key":"confirm"},"searchOpenDialogs":true,"interaction":{"idSuffix":"content"}},"wdio_ui5_key":"etmportal.ui.manageresources.view.Detailsap.m.Button{\"propertyName\":\"text\",\"key\":\"confirm\"}"}]}
RESULT: {"script":"<script> [1562 bytes]","args":[{"selector":{"controlType":"sap.m.Button","viewName":"etm.portal.ui.manageresources.view.Detail","viewId":"application-manageresources-display-component---detailRU","i18NText":{"propertyName":"text","key":"confirm"},"searchOpenDialogs":true,"interaction":{"idSuffix":"content"}},"wdio_ui5_key":"etmportal.ui.manageresources.view.Detailsap.m.Button{\"propertyName\":\"text\",\"key\":\"confirm\"}"}]}
RESULT: undefined
COMMAND: POST /session/a0e39dd9b988c670ac78677591e873a6/element - {"using":"xpath","value":"//*[@id=\"__button169\"]"}
RESULT: {"using":"xpath","value":"//*[@id=\"__button169\"]"}
COMMAND: POST /session/a0e39dd9b988c670ac78677591e873a6/element/f.EDB8E63201757EBA70A397A191FE6F64.d.FFE27D4AC85DBEE041CAC78885097607.e.2416/click - {}
RESULT: {}
COMMAND: GET /session/a0e39dd9b988c670ac78677591e873a6/screenshot - {}
RESULT: {}
COMMAND: POST /session/a0e39dd9b988c670ac78677591e873a6/element - {"using":"xpath","value":"(//span[contains(@id ,\"expandBtn-inner\")])[2]"}
RESULT: {"using":"xpath","value":"(//span[contains(@id ,\"expandBtn-inner\")])[2]"}
COMMAND: POST /session/a0e39dd9b988c670ac78677591e873a6/element/f.EDB8E63201757EBA70A397A191FE6F64.d.FFE27D4AC85DBEE041CAC78885097607.e.2426/click - {}
RESULT: {}
COMMAND: GET /session/a0e39dd9b988c670ac78677591e873a6/screenshot - {}
RESULT: {}
COMMAND: POST /session/a0e39dd9b988c670ac78677591e873a6/element - {"using":"xpath","value":"//input[contains(@id ,\"application-manageresources-display-component---newResourceUnit--resourceId-inner\")]"}
RESULT: {"using":"xpath","value":"//input[contains(@id ,\"application-manageresources-display-component---newResourceUnit--resourceId-inner\")]"}
COMMAND: POST /session/a0e39dd9b988c670ac78677591e873a6/element/f.EDB8E63201757EBA70A397A191FE6F64.d.FFE27D4AC85DBEE041CAC78885097607.e.2114/clear - {}
RESULT: {}
COMMAND: POST /session/a0e39dd9b988c670ac78677591e873a6/element/f.EDB8E63201757EBA70A397A191FE6F64.d.FFE27D4AC85DBEE041CAC78885097607.e.2114/value - {"text":"WdIORUEquip2zvijt"}
COMMAND: GET /session/a0e39dd9b988c670ac78677591e873a6/screenshot - {}
RESULT: {"text":"WdIORUEquip2zvijt"}
COMMAND: POST /session/a0e39dd9b988c670ac78677591e873a6/element - {"using":"xpath","value":"//input[contains(@id ,\"application-manageresources-display-component---newResourceUnit--SHORT_TEXT-inner\")]"}
COMMAND: GET /session/a0e39dd9b988c670ac78677591e873a6/screenshot - {}
RESULT: {}
RESULT: {"using":"xpath","value":"//input[contains(@id ,\"application-manageresources-display-component---newResourceUnit--SHORT_TEXT-inner\")]"}
COMMAND: POST /session/a0e39dd9b988c670ac78677591e873a6/element/f.EDB8E63201757EBA70A397A191FE6F64.d.FFE27D4AC85DBEE041CAC78885097607.e.2115/clear - {}
RESULT: {}
RESULT: {}
COMMAND: POST /session/a0e39dd9b988c670ac78677591e873a6/element/f.EDB8E63201757EBA70A397A191FE6F64.d.FFE27D4AC85DBEE041CAC78885097607.e.2115/clear - {}
COMMAND: GET /session/a0e39dd9b988c670ac78677591e873a6/screenshot - {}
RESULT: {}
COMMAND: POST /session/a0e39dd9b988c670ac78677591e873a6/element/f.EDB8E63201757EBA70A397A191FE6F64.d.FFE27D4AC85DBEE041CAC78885097607.e.2115/value - {"text":"WdIORUEquip2zvijt"}
COMMAND: GET /session/a0e39dd9b988c670ac78677591e873a6/screenshot - {}
RESULT: {}
RESULT: {"text":"WdIORUEquip2zvijt"}
COMMAND: POST /session/a0e39dd9b988c670ac78677591e873a6/element - {"using":"xpath","value":"//bdi[contains(text(), \"Time Segment\")]"}
COMMAND: GET /session/a0e39dd9b988c670ac78677591e873a6/screenshot - {}
RESULT: {}
RESULT: {"using":"xpath","value":"//bdi[contains(text(), \"Time Segment\")]"}
COMMAND: GET /session/a0e39dd9b988c670ac78677591e873a6/element/f.EDB8E63201757EBA70A397A191FE6F64.d.FFE27D4AC85DBEE041CAC78885097607.e.2272/rect - {}
RESULT: {}
RESULT: {}
COMMAND: GET /session/a0e39dd9b988c670ac78677591e873a6/window/rect - {}
RESULT: {}
COMMAND: POST /session/a0e39dd9b988c670ac78677591e873a6/execute/sync - {"script":"<script> [92 bytes]","args":[]}
RESULT: {"script":"<script> [92 bytes]","args":[]}
COMMAND: POST /session/a0e39dd9b988c670ac78677591e873a6/actions - {"actions":[{"id":"action9","type":"wheel","parameters":{},"actions":[{"type":"scroll","x":-1820,"y":1110,"deltaX":0,"deltaY":0,"duration":0,"origin":{"element-6066-11e4-a52e-4f735466cecf":"f.EDB8E63201757EBA70A397A191FE6F64.d.FFE27D4AC85DBEE041CAC78885097607.e.2272"}}]}]}
COMMAND: GET /session/a0e39dd9b988c670ac78677591e873a6/screenshot - {}
RESULT: {}
COMMAND: POST /session/a0e39dd9b988c670ac78677591e873a6/execute/sync - {"script":"<script> [79 bytes]","args":[{"element-6066-11e4-a52e-4f735466cecf":"f.EDB8E63201757EBA70A397A191FE6F64.d.FFE27D4AC85DBEE041CAC78885097607.e.2272","ELEMENT":"f.EDB8E63201757EBA70A397A191FE6F64.d.FFE27D4AC85DBEE041CAC78885097607.e.2272"},{"block":"start","inline":"nearest"}]}
RESULT: {"script":"<script> [79 bytes]","args":[{"element-6066-11e4-a52e-4f735466cecf":"f.EDB8E63201757EBA70A397A191FE6F64.d.FFE27D4AC85DBEE041CAC78885097607.e.2272","ELEMENT":"f.EDB8E63201757EBA70A397A191FE6F64.d.FFE27D4AC85DBEE041CAC78885097607.e.2272"},{"block":"start","inline":"nearest"}]}
COMMAND: GET /session/a0e39dd9b988c670ac78677591e873a6/screenshot - {}
RESULT: {}
COMMAND: POST /session/a0e39dd9b988c670ac78677591e873a6/element - {"using":"xpath","value":"//input[@id=\"application-manageresources-display-component---newResourceUnit--idRuTSAdmin-application-manageresources-display-component---newResourceUnit--RUTimeSegment-0-inner\"]"}
RESULT: {"using":"xpath","value":"//input[@id=\"application-manageresources-display-component---newResourceUnit--idRuTSAdmin-application-manageresources-display-component---newResourceUnit--RUTimeSegment-0-inner\"]"}
COMMAND: POST /session/a0e39dd9b988c670ac78677591e873a6/element/f.EDB8E63201757EBA70A397A191FE6F64.d.FFE27D4AC85DBEE041CAC78885097607.e.2279/clear - {}
RESULT: {}
COMMAND: POST /session/a0e39dd9b988c670ac78677591e873a6/element/f.EDB8E63201757EBA70A397A191FE6F64.d.FFE27D4AC85DBEE041CAC78885097607.e.2279/value - {"text":"WebdriverYardab3jz"}
COMMAND: GET /session/a0e39dd9b988c670ac78677591e873a6/screenshot - {}
RESULT: {"text":"WebdriverYardab3jz"}
COMMAND: GET /session/a0e39dd9b988c670ac78677591e873a6/screenshot - {}
RESULT: {}
RESULT: {}
COMMAND: POST /session/a0e39dd9b988c670ac78677591e873a6/actions - {"actions":[{"id":"action10","type":"key","parameters":{},"actions":[{"type":"keyDown","value":""},{"type":"pause","duration":10},{"type":"keyUp","value":""}]}]}
RESULT: {"actions":[{"id":"action10","type":"key","parameters":{},"actions":[{"type":"keyDown","value":""},{"type":"pause","duration":10},{"type":"keyUp","value":""}]}]}
COMMAND: GET /session/a0e39dd9b988c670ac78677591e873a6/screenshot - {}
RESULT: {}
RESULT: undefined
COMMAND: POST /session/a0e39dd9b988c670ac78677591e873a6/element - {"using":"xpath","value":"//*[@id=\"__box10-application-manageresources-display-component---newResourceUnit--RUTimeSegment-0-arrow\"]"}
RESULT: {"using":"xpath","value":"//*[@id=\"__box10-application-manageresources-display-component---newResourceUnit--RUTimeSegment-0-arrow\"]"}
COMMAND: POST /session/a0e39dd9b988c670ac78677591e873a6/element/f.EDB8E63201757EBA70A397A191FE6F64.d.FFE27D4AC85DBEE041CAC78885097607.e.2294/click - {}
RESULT: {}
COMMAND: GET /session/a0e39dd9b988c670ac78677591e873a6/screenshot - {}
RESULT: {}
COMMAND: POST /session/a0e39dd9b988c670ac78677591e873a6/element - {"using":"xpath","value":"//span[contains(@id ,\"titleText\")][contains(text(), \"PM Order\")]"}
RESULT: {"using":"xpath","value":"//span[contains(@id ,\"titleText\")][contains(text(), \"PM Order\")]"}
COMMAND: POST /session/a0e39dd9b988c670ac78677591e873a6/element/f.EDB8E63201757EBA70A397A191FE6F64.d.FFE27D4AC85DBEE041CAC78885097607.e.2505/click - {}
RESULT: {}
COMMAND: GET /session/a0e39dd9b988c670ac78677591e873a6/screenshot - {}
RESULT: {}
COMMAND: POST /session/a0e39dd9b988c670ac78677591e873a6/element - {"using":"xpath","value":"(//input[contains(@id ,\"-application-manageresources-display-component---newResourceUnit--RUTimeSegment-0-inner\")])[8]"}
RESULT: {"using":"xpath","value":"(//input[contains(@id ,\"-application-manageresources-display-component---newResourceUnit--RUTimeSegment-0-inner\")])[8]"}
COMMAND: POST /session/a0e39dd9b988c670ac78677591e873a6/element/f.EDB8E63201757EBA70A397A191FE6F64.d.FFE27D4AC85DBEE041CAC78885097607.e.2508/clear - {}
RESULT: {}
COMMAND: POST /session/a0e39dd9b988c670ac78677591e873a6/element/f.EDB8E63201757EBA70A397A191FE6F64.d.FFE27D4AC85DBEE041CAC78885097607.e.2508/value - {"text":"4000360"}
COMMAND: GET /session/a0e39dd9b988c670ac78677591e873a6/screenshot - {}
RESULT: {"text":"4000360"}
COMMAND: GET /session/a0e39dd9b988c670ac78677591e873a6/screenshot - {}
RESULT: {}
RESULT: {}
COMMAND: POST /session/a0e39dd9b988c670ac78677591e873a6/actions - {"actions":[{"id":"action11","type":"key","parameters":{},"actions":[{"type":"keyDown","value":""},{"type":"pause","duration":10},{"type":"keyUp","value":""}]}]}
RESULT: {"actions":[{"id":"action11","type":"key","parameters":{},"actions":[{"type":"keyDown","value":""},{"type":"pause","duration":10},{"type":"keyUp","value":""}]}]}
COMMAND: GET /session/a0e39dd9b988c670ac78677591e873a6/screenshot - {}
RESULT: {}
RESULT: undefined
COMMAND: POST /session/a0e39dd9b988c670ac78677591e873a6/element - {"using":"xpath","value":"//*[@id=\"application-manageresources-display-component---newResourceUnit--createRuButton\"]"}
RESULT: {"using":"xpath","value":"//*[@id=\"application-manageresources-display-component---newResourceUnit--createRuButton\"]"}
COMMAND: POST /session/a0e39dd9b988c670ac78677591e873a6/element/f.EDB8E63201757EBA70A397A191FE6F64.d.FFE27D4AC85DBEE041CAC78885097607.e.2110/click - {}
RESULT: {}
COMMAND: GET /session/a0e39dd9b988c670ac78677591e873a6/screenshot - {}
RESULT: {}
COMMAND: POST /session/a0e39dd9b988c670ac78677591e873a6/element - {"using":"xpath","value":"(//bdi[contains(text(), \"Close\")])[1]"}
RESULT: {"using":"xpath","value":"(//bdi[contains(text(), \"Close\")])[1]"}
COMMAND: POST /session/a0e39dd9b988c670ac78677591e873a6/element/f.EDB8E63201757EBA70A397A191FE6F64.d.FFE27D4AC85DBEE041CAC78885097607.e.2529/click - {}
RESULT: {}
COMMAND: GET /session/a0e39dd9b988c670ac78677591e873a6/screenshot - {}
RESULT: {}
]]></system-out>
    </testcase>
    <testcase classname="chrome.136_0_7103_93.windows.Related_resources_for_groups_US139107" name="Should verify the Yard Overview hyperlinks in related resource" time="117.662">
      <system-out><![CDATA[
COMMAND: POST /session/a0e39dd9b988c670ac78677591e873a6/execute/async - {"script":"<script> [1562 bytes]","args":[{"selector":{"controlType":"sap.ui.core.Icon","viewName":"etm.portal.ui.manageresources.view.Detail","viewId":"application-manageresources-display-component---detailRU","properties":{"src":{"regex":{"source":"decline"}}}},"wdio_ui5_key":"etmportal.ui.manageresources.view.Detailsap.ui.core.Icon{\"src\":{\"regex\":{\"source\":\"decline\"}}}"}]}
RESULT: {"script":"<script> [1562 bytes]","args":[{"selector":{"controlType":"sap.ui.core.Icon","viewName":"etm.portal.ui.manageresources.view.Detail","viewId":"application-manageresources-display-component---detailRU","properties":{"src":{"regex":{"source":"decline"}}}},"wdio_ui5_key":"etmportal.ui.manageresources.view.Detailsap.ui.core.Icon{\"src\":{\"regex\":{\"source\":\"decline\"}}}"}]}
RESULT: undefined
COMMAND: POST /session/a0e39dd9b988c670ac78677591e873a6/element - {"using":"xpath","value":"//input[contains(@id ,\"application-manageresources-display-component---masterRU--smartFilterBar-btnBasicSearch-I\")]"}
RESULT: {"using":"xpath","value":"//input[contains(@id ,\"application-manageresources-display-component---masterRU--smartFilterBar-btnBasicSearch-I\")]"}
COMMAND: POST /session/a0e39dd9b988c670ac78677591e873a6/element/f.EDB8E63201757EBA70A397A191FE6F64.d.FFE27D4AC85DBEE041CAC78885097607.e.1750/value - {"text":"WdIORUGroupidw9j"}
RESULT: {"text":"WdIORUGroupidw9j"}
COMMAND: GET /session/a0e39dd9b988c670ac78677591e873a6/screenshot - {}
RESULT: {}
COMMAND: POST /session/a0e39dd9b988c670ac78677591e873a6/actions - {"actions":[{"id":"action12","type":"key","parameters":{},"actions":[{"type":"keyDown","value":""},{"type":"pause","duration":10},{"type":"keyUp","value":""}]}]}
RESULT: {"actions":[{"id":"action12","type":"key","parameters":{},"actions":[{"type":"keyDown","value":""},{"type":"pause","duration":10},{"type":"keyUp","value":""}]}]}
COMMAND: GET /session/a0e39dd9b988c670ac78677591e873a6/screenshot - {}
RESULT: {}
COMMAND: POST /session/a0e39dd9b988c670ac78677591e873a6/execute/async - {"script":"<script> [1562 bytes]","args":[{"selector":{"controlType":"sap.ui.core.Icon","viewName":"etm.portal.ui.manageresources.view.Master","viewId":"application-manageresources-display-component---masterRU","properties":{"src":{"regex":{"source":"slim\\-arrow\\-right"}}}},"wdio_ui5_key":"etmportal.ui.manageresources.view.Mastersap.ui.core.Icon{\"src\":{\"regex\":{\"source\":\"slim\\\\-arrow\\\\-right\"}}}"}]}
RESULT: {"script":"<script> [1562 bytes]","args":[{"selector":{"controlType":"sap.ui.core.Icon","viewName":"etm.portal.ui.manageresources.view.Master","viewId":"application-manageresources-display-component---masterRU","properties":{"src":{"regex":{"source":"slim\\-arrow\\-right"}}}},"wdio_ui5_key":"etmportal.ui.manageresources.view.Mastersap.ui.core.Icon{\"src\":{\"regex\":{\"source\":\"slim\\\\-arrow\\\\-right\"}}}"}]}
RESULT: undefined
COMMAND: POST /session/a0e39dd9b988c670ac78677591e873a6/element - {"using":"xpath","value":"//*[@id=\"__item547-__clone1374-imgNav\"]"}
RESULT: {"using":"xpath","value":"//*[@id=\"__item547-__clone1374-imgNav\"]"}
COMMAND: POST /session/a0e39dd9b988c670ac78677591e873a6/element/f.EDB8E63201757EBA70A397A191FE6F64.d.FFE27D4AC85DBEE041CAC78885097607.e.1922/click - {}
RESULT: {}
COMMAND: GET /session/a0e39dd9b988c670ac78677591e873a6/screenshot - {}
RESULT: {}
COMMAND: POST /session/a0e39dd9b988c670ac78677591e873a6/element - {"using":"xpath","value":"//bdi[contains(@id ,\"application-manageresources-display-component---detailRU--openRelatedRus-BDI-content\")]"}
RESULT: {"using":"xpath","value":"//bdi[contains(@id ,\"application-manageresources-display-component---detailRU--openRelatedRus-BDI-content\")]"}
COMMAND: POST /session/a0e39dd9b988c670ac78677591e873a6/execute/sync - {"script":"<script> [8489 bytes]","args":[{"element-6066-11e4-a52e-4f735466cecf":"f.EDB8E63201757EBA70A397A191FE6F64.d.FFE27D4AC85DBEE041CAC78885097607.e.2770","ELEMENT":"f.EDB8E63201757EBA70A397A191FE6F64.d.FFE27D4AC85DBEE041CAC78885097607.e.2770"}]}
RESULT: {"script":"<script> [8489 bytes]","args":[{"element-6066-11e4-a52e-4f735466cecf":"f.EDB8E63201757EBA70A397A191FE6F64.d.FFE27D4AC85DBEE041CAC78885097607.e.2770","ELEMENT":"f.EDB8E63201757EBA70A397A191FE6F64.d.FFE27D4AC85DBEE041CAC78885097607.e.2770"}]}
COMMAND: POST /session/a0e39dd9b988c670ac78677591e873a6/execute/sync - {"script":"<script> [5351 bytes]","args":[{"element-6066-11e4-a52e-4f735466cecf":"f.EDB8E63201757EBA70A397A191FE6F64.d.FFE27D4AC85DBEE041CAC78885097607.e.2770","ELEMENT":"f.EDB8E63201757EBA70A397A191FE6F64.d.FFE27D4AC85DBEE041CAC78885097607.e.2770"}]}
COMMAND: GET /session/a0e39dd9b988c670ac78677591e873a6/screenshot - {}
RESULT: {"script":"<script> [5351 bytes]","args":[{"element-6066-11e4-a52e-4f735466cecf":"f.EDB8E63201757EBA70A397A191FE6F64.d.FFE27D4AC85DBEE041CAC78885097607.e.2770","ELEMENT":"f.EDB8E63201757EBA70A397A191FE6F64.d.FFE27D4AC85DBEE041CAC78885097607.e.2770"}]}
COMMAND: POST /session/a0e39dd9b988c670ac78677591e873a6/element/f.EDB8E63201757EBA70A397A191FE6F64.d.FFE27D4AC85DBEE041CAC78885097607.e.2770/click - {}
COMMAND: GET /session/a0e39dd9b988c670ac78677591e873a6/screenshot - {}
RESULT: {}
RESULT: {}
COMMAND: GET /session/a0e39dd9b988c670ac78677591e873a6/screenshot - {}
RESULT: {}
RESULT: {}
COMMAND: POST /session/a0e39dd9b988c670ac78677591e873a6/element - {"using":"xpath","value":"//*[contains(@data-kt ,\"openRUIdMenuLink\")]"}
RESULT: {"using":"xpath","value":"//*[contains(@data-kt ,\"openRUIdMenuLink\")]"}
COMMAND: POST /session/a0e39dd9b988c670ac78677591e873a6/execute/sync - {"script":"<script> [8489 bytes]","args":[{"element-6066-11e4-a52e-4f735466cecf":"f.EDB8E63201757EBA70A397A191FE6F64.d.FFE27D4AC85DBEE041CAC78885097607.e.2776","ELEMENT":"f.EDB8E63201757EBA70A397A191FE6F64.d.FFE27D4AC85DBEE041CAC78885097607.e.2776"}]}
RESULT: {"script":"<script> [8489 bytes]","args":[{"element-6066-11e4-a52e-4f735466cecf":"f.EDB8E63201757EBA70A397A191FE6F64.d.FFE27D4AC85DBEE041CAC78885097607.e.2776","ELEMENT":"f.EDB8E63201757EBA70A397A191FE6F64.d.FFE27D4AC85DBEE041CAC78885097607.e.2776"}]}
COMMAND: POST /session/a0e39dd9b988c670ac78677591e873a6/execute/sync - {"script":"<script> [5351 bytes]","args":[{"element-6066-11e4-a52e-4f735466cecf":"f.EDB8E63201757EBA70A397A191FE6F64.d.FFE27D4AC85DBEE041CAC78885097607.e.2776","ELEMENT":"f.EDB8E63201757EBA70A397A191FE6F64.d.FFE27D4AC85DBEE041CAC78885097607.e.2776"}]}
COMMAND: GET /session/a0e39dd9b988c670ac78677591e873a6/screenshot - {}
RESULT: {"script":"<script> [5351 bytes]","args":[{"element-6066-11e4-a52e-4f735466cecf":"f.EDB8E63201757EBA70A397A191FE6F64.d.FFE27D4AC85DBEE041CAC78885097607.e.2776","ELEMENT":"f.EDB8E63201757EBA70A397A191FE6F64.d.FFE27D4AC85DBEE041CAC78885097607.e.2776"}]}
COMMAND: POST /session/a0e39dd9b988c670ac78677591e873a6/execute/async - {"script":"<script> [1562 bytes]","args":[{"selector":{"id":"RelatedRUsFragmentID--smartTableRUs-header","searchOpenDialogs":true},"wdio_ui5_key":"RelatedRUsFragmentIDsmartTableRUs-header"}]}
COMMAND: GET /session/a0e39dd9b988c670ac78677591e873a6/screenshot - {}
RESULT: {}
RESULT: {"script":"<script> [1562 bytes]","args":[{"selector":{"id":"RelatedRUsFragmentID--smartTableRUs-header","searchOpenDialogs":true},"wdio_ui5_key":"RelatedRUsFragmentIDsmartTableRUs-header"}]}
RESULT: undefined
COMMAND: POST /session/a0e39dd9b988c670ac78677591e873a6/execute/async - {"script":"<script> [6424 bytes]","args":[{"element-6066-11e4-a52e-4f735466cecf":"f.EDB8E63201757EBA70A397A191FE6F64.d.FFE27D4AC85DBEE041CAC78885097607.e.2777"},"getText",[]]}
RESULT: {}
RESULT: {"script":"<script> [6424 bytes]","args":[{"element-6066-11e4-a52e-4f735466cecf":"f.EDB8E63201757EBA70A397A191FE6F64.d.FFE27D4AC85DBEE041CAC78885097607.e.2777"},"getText",[]]}
COMMAND: POST /session/a0e39dd9b988c670ac78677591e873a6/element/f.EDB8E63201757EBA70A397A191FE6F64.d.FFE27D4AC85DBEE041CAC78885097607.e.2776/click - {}
RESULT: {}
COMMAND: GET /session/a0e39dd9b988c670ac78677591e873a6/screenshot - {}
RESULT: {}
COMMAND: POST /session/a0e39dd9b988c670ac78677591e873a6/element - {"using":"xpath","value":"//*[contains(@data-kt ,\"ContextMenuId2Link\")][contains(text(), \"RU Overview\")]"}
RESULT: {"using":"xpath","value":"//*[contains(@data-kt ,\"ContextMenuId2Link\")][contains(text(), \"RU Overview\")]"}
COMMAND: POST /session/a0e39dd9b988c670ac78677591e873a6/execute/sync - {"script":"<script> [8489 bytes]","args":[{"element-6066-11e4-a52e-4f735466cecf":"f.EDB8E63201757EBA70A397A191FE6F64.d.FFE27D4AC85DBEE041CAC78885097607.e.2779","ELEMENT":"f.EDB8E63201757EBA70A397A191FE6F64.d.FFE27D4AC85DBEE041CAC78885097607.e.2779"}]}
COMMAND: POST /session/a0e39dd9b988c670ac78677591e873a6/element/f.EDB8E63201757EBA70A397A191FE6F64.d.FFE27D4AC85DBEE041CAC78885097607.e.2779/click - {}
RESULT: {}
COMMAND: GET /session/a0e39dd9b988c670ac78677591e873a6/screenshot - {}
COMMAND: POST /session/a0e39dd9b988c670ac78677591e873a6/element - {"using":"xpath","value":"//*[contains(@data-kt ,\"ContextMenuId2Link\")][contains(text(), \"RU Overview\")]"}
RESULT: {}
RESULT: {"using":"xpath","value":"//*[contains(@data-kt ,\"ContextMenuId2Link\")][contains(text(), \"RU Overview\")]"}
COMMAND: POST /session/a0e39dd9b988c670ac78677591e873a6/element - {"using":"xpath","value":"//*[contains(@data-kt ,\"ContextMenuId2Link\")][contains(text(), \"RU Overview\")]"}
RESULT: {"using":"xpath","value":"//*[contains(@data-kt ,\"ContextMenuId2Link\")][contains(text(), \"RU Overview\")]"}
COMMAND: POST /session/a0e39dd9b988c670ac78677591e873a6/element - {"using":"xpath","value":"//*[contains(@data-kt ,\"ContextMenuId2Link\")][contains(text(), \"RU Overview\")]"}
RESULT: {"using":"xpath","value":"//*[contains(@data-kt ,\"ContextMenuId2Link\")][contains(text(), \"RU Overview\")]"}
COMMAND: POST /session/a0e39dd9b988c670ac78677591e873a6/element - {"using":"xpath","value":"//*[contains(@data-kt ,\"ContextMenuId2Link\")][contains(text(), \"RU Overview\")]"}
RESULT: {"using":"xpath","value":"//*[contains(@data-kt ,\"ContextMenuId2Link\")][contains(text(), \"RU Overview\")]"}
COMMAND: POST /session/a0e39dd9b988c670ac78677591e873a6/element - {"using":"xpath","value":"//*[contains(@data-kt ,\"ContextMenuId2Link\")][contains(text(), \"RU Overview\")]"}
RESULT: {"using":"xpath","value":"//*[contains(@data-kt ,\"ContextMenuId2Link\")][contains(text(), \"RU Overview\")]"}
COMMAND: POST /session/a0e39dd9b988c670ac78677591e873a6/element - {"using":"xpath","value":"//*[contains(@data-kt ,\"ContextMenuId2Link\")][contains(text(), \"RU Overview\")]"}
RESULT: {"using":"xpath","value":"//*[contains(@data-kt ,\"ContextMenuId2Link\")][contains(text(), \"RU Overview\")]"}
COMMAND: POST /session/a0e39dd9b988c670ac78677591e873a6/element - {"using":"xpath","value":"//*[contains(@data-kt ,\"ContextMenuId2Link\")][contains(text(), \"RU Overview\")]"}
RESULT: {"using":"xpath","value":"//*[contains(@data-kt ,\"ContextMenuId2Link\")][contains(text(), \"RU Overview\")]"}
COMMAND: POST /session/a0e39dd9b988c670ac78677591e873a6/element - {"using":"xpath","value":"//*[contains(@data-kt ,\"ContextMenuId2Link\")][contains(text(), \"RU Overview\")]"}
RESULT: {"using":"xpath","value":"//*[contains(@data-kt ,\"ContextMenuId2Link\")][contains(text(), \"RU Overview\")]"}
COMMAND: POST /session/a0e39dd9b988c670ac78677591e873a6/element - {"using":"xpath","value":"//*[contains(@data-kt ,\"ContextMenuId2Link\")][contains(text(), \"RU Overview\")]"}
RESULT: {"using":"xpath","value":"//*[contains(@data-kt ,\"ContextMenuId2Link\")][contains(text(), \"RU Overview\")]"}
COMMAND: POST /session/a0e39dd9b988c670ac78677591e873a6/execute/async - {"script":"<script> [1562 bytes]","args":[{"selector":{"id":"shellAppTitle"},"wdio_ui5_key":"shellAppTitle"}]}
COMMAND: POST /session/a0e39dd9b988c670ac78677591e873a6/element - {"using":"xpath","value":"//*[contains(@data-kt ,\"ContextMenuId2Link\")][contains(text(), \"RU Overview\")]"}
RESULT: {"script":"<script> [1562 bytes]","args":[{"selector":{"id":"shellAppTitle"},"wdio_ui5_key":"shellAppTitle"}]}
RESULT: undefined
COMMAND: POST /session/a0e39dd9b988c670ac78677591e873a6/execute/async - {"script":"<script> [6424 bytes]","args":[{"element-6066-11e4-a52e-4f735466cecf":"f.EDB8E63201757EBA70A397A191FE6F64.d.FFE27D4AC85DBEE041CAC78885097607.e.3097"},"getTitle",[]]}
RESULT: {"using":"xpath","value":"//*[contains(@data-kt ,\"ContextMenuId2Link\")][contains(text(), \"RU Overview\")]"}
RESULT: {"script":"<script> [6424 bytes]","args":[{"element-6066-11e4-a52e-4f735466cecf":"f.EDB8E63201757EBA70A397A191FE6F64.d.FFE27D4AC85DBEE041CAC78885097607.e.3097"},"getTitle",[]]}
COMMAND: POST /session/a0e39dd9b988c670ac78677591e873a6/element - {"using":"xpath","value":"//span[contains(@id ,\"application-manageresources-display-component---detailRU--snappedTitle-inner\")][contains(text(), \"WdIORUEquip1zbj1rj\")]"}
RESULT: {"using":"xpath","value":"//span[contains(@id ,\"application-manageresources-display-component---detailRU--snappedTitle-inner\")][contains(text(), \"WdIORUEquip1zbj1rj\")]"}
COMMAND: POST /session/a0e39dd9b988c670ac78677591e873a6/execute/sync - {"script":"<script> [8489 bytes]","args":[{"element-6066-11e4-a52e-4f735466cecf":"f.EDB8E63201757EBA70A397A191FE6F64.d.FFE27D4AC85DBEE041CAC78885097607.e.3098","ELEMENT":"f.EDB8E63201757EBA70A397A191FE6F64.d.FFE27D4AC85DBEE041CAC78885097607.e.3098"}]}
COMMAND: POST /session/a0e39dd9b988c670ac78677591e873a6/execute/async - {"script":"<script> [1562 bytes]","args":[{"selector":{"id":"backBtn"},"wdio_ui5_key":"backBtn"}]}
COMMAND: POST /session/a0e39dd9b988c670ac78677591e873a6/element - {"using":"xpath","value":"//*[contains(@data-kt ,\"ContextMenuId2Link\")][contains(text(), \"RU Overview\")]"}
RESULT: {"script":"<script> [8489 bytes]","args":[{"element-6066-11e4-a52e-4f735466cecf":"f.EDB8E63201757EBA70A397A191FE6F64.d.FFE27D4AC85DBEE041CAC78885097607.e.3098","ELEMENT":"f.EDB8E63201757EBA70A397A191FE6F64.d.FFE27D4AC85DBEE041CAC78885097607.e.3098"}]}
COMMAND: GET /session/a0e39dd9b988c670ac78677591e873a6/screenshot - {}
RESULT: {"script":"<script> [1562 bytes]","args":[{"selector":{"id":"backBtn"},"wdio_ui5_key":"backBtn"}]}
RESULT: undefined
COMMAND: POST /session/a0e39dd9b988c670ac78677591e873a6/element - {"using":"xpath","value":"//*[@id=\"backBtn\"]"}
RESULT: {"using":"xpath","value":"//*[contains(@data-kt ,\"ContextMenuId2Link\")][contains(text(), \"RU Overview\")]"}
RESULT: {}
RESULT: {"using":"xpath","value":"//*[@id=\"backBtn\"]"}
COMMAND: POST /session/a0e39dd9b988c670ac78677591e873a6/element/f.EDB8E63201757EBA70A397A191FE6F64.d.FFE27D4AC85DBEE041CAC78885097607.e.3099/click - {}
COMMAND: POST /session/a0e39dd9b988c670ac78677591e873a6/element - {"using":"xpath","value":"//*[contains(@data-kt ,\"ContextMenuId2Link\")][contains(text(), \"RU Overview\")]"}
RESULT: {}
COMMAND: GET /session/a0e39dd9b988c670ac78677591e873a6/screenshot - {}
RESULT: {"using":"xpath","value":"//*[contains(@data-kt ,\"ContextMenuId2Link\")][contains(text(), \"RU Overview\")]"}
COMMAND: POST /session/a0e39dd9b988c670ac78677591e873a6/element - {"using":"xpath","value":"//*[contains(@data-kt ,\"ContextMenuId2Link\")][contains(text(), \"RU Overview\")]"}
RESULT: {}
RESULT: {"using":"xpath","value":"//*[contains(@data-kt ,\"ContextMenuId2Link\")][contains(text(), \"RU Overview\")]"}
COMMAND: POST /session/a0e39dd9b988c670ac78677591e873a6/element - {"using":"xpath","value":"//*[contains(@data-kt ,\"ContextMenuId2Link\")][contains(text(), \"RU Overview\")]"}
RESULT: {"using":"xpath","value":"//*[contains(@data-kt ,\"ContextMenuId2Link\")][contains(text(), \"RU Overview\")]"}
COMMAND: POST /session/a0e39dd9b988c670ac78677591e873a6/element - {"using":"xpath","value":"//*[contains(@data-kt ,\"ContextMenuId2Link\")][contains(text(), \"RU Overview\")]"}
RESULT: {"using":"xpath","value":"//*[contains(@data-kt ,\"ContextMenuId2Link\")][contains(text(), \"RU Overview\")]"}
COMMAND: POST /session/a0e39dd9b988c670ac78677591e873a6/element - {"using":"xpath","value":"//*[contains(@data-kt ,\"ContextMenuId2Link\")][contains(text(), \"RU Overview\")]"}
RESULT: {"using":"xpath","value":"//*[contains(@data-kt ,\"ContextMenuId2Link\")][contains(text(), \"RU Overview\")]"}
COMMAND: POST /session/a0e39dd9b988c670ac78677591e873a6/execute/sync - {"script":"<script> [8489 bytes]","args":[{"element-6066-11e4-a52e-4f735466cecf":"f.EDB8E63201757EBA70A397A191FE6F64.d.FFE27D4AC85DBEE041CAC78885097607.e.2770","ELEMENT":"f.EDB8E63201757EBA70A397A191FE6F64.d.FFE27D4AC85DBEE041CAC78885097607.e.2770"}]}
COMMAND: POST /session/a0e39dd9b988c670ac78677591e873a6/element - {"using":"xpath","value":"//bdi[contains(@id ,\"application-manageresources-display-component---detailRU--openRelatedRus-BDI-content\")]"}
RESULT: {"using":"xpath","value":"//bdi[contains(@id ,\"application-manageresources-display-component---detailRU--openRelatedRus-BDI-content\")]"}
COMMAND: POST /session/a0e39dd9b988c670ac78677591e873a6/execute/sync - {"script":"<script> [8489 bytes]","args":[{"element-6066-11e4-a52e-4f735466cecf":"f.EDB8E63201757EBA70A397A191FE6F64.d.FFE27D4AC85DBEE041CAC78885097607.e.3394","ELEMENT":"f.EDB8E63201757EBA70A397A191FE6F64.d.FFE27D4AC85DBEE041CAC78885097607.e.3394"}]}
COMMAND: POST /session/a0e39dd9b988c670ac78677591e873a6/element - {"using":"xpath","value":"//*[contains(@data-kt ,\"ContextMenuId2Link\")][contains(text(), \"RU Overview\")]"}
RESULT: {"script":"<script> [8489 bytes]","args":[{"element-6066-11e4-a52e-4f735466cecf":"f.EDB8E63201757EBA70A397A191FE6F64.d.FFE27D4AC85DBEE041CAC78885097607.e.3394","ELEMENT":"f.EDB8E63201757EBA70A397A191FE6F64.d.FFE27D4AC85DBEE041CAC78885097607.e.3394"}]}
COMMAND: POST /session/a0e39dd9b988c670ac78677591e873a6/execute/sync - {"script":"<script> [5351 bytes]","args":[{"element-6066-11e4-a52e-4f735466cecf":"f.EDB8E63201757EBA70A397A191FE6F64.d.FFE27D4AC85DBEE041CAC78885097607.e.3394","ELEMENT":"f.EDB8E63201757EBA70A397A191FE6F64.d.FFE27D4AC85DBEE041CAC78885097607.e.3394"}]}
COMMAND: GET /session/a0e39dd9b988c670ac78677591e873a6/screenshot - {}
RESULT: {"using":"xpath","value":"//*[contains(@data-kt ,\"ContextMenuId2Link\")][contains(text(), \"RU Overview\")]"}
RESULT: {"script":"<script> [5351 bytes]","args":[{"element-6066-11e4-a52e-4f735466cecf":"f.EDB8E63201757EBA70A397A191FE6F64.d.FFE27D4AC85DBEE041CAC78885097607.e.3394","ELEMENT":"f.EDB8E63201757EBA70A397A191FE6F64.d.FFE27D4AC85DBEE041CAC78885097607.e.3394"}]}
COMMAND: POST /session/a0e39dd9b988c670ac78677591e873a6/element/f.EDB8E63201757EBA70A397A191FE6F64.d.FFE27D4AC85DBEE041CAC78885097607.e.3394/click - {}
COMMAND: GET /session/a0e39dd9b988c670ac78677591e873a6/screenshot - {}
RESULT: {}
COMMAND: POST /session/a0e39dd9b988c670ac78677591e873a6/element - {"using":"xpath","value":"//*[contains(@data-kt ,\"ContextMenuId2Link\")][contains(text(), \"RU Overview\")]"}
RESULT: {}
COMMAND: GET /session/a0e39dd9b988c670ac78677591e873a6/screenshot - {}
RESULT: {}
RESULT: {"using":"xpath","value":"//*[contains(@data-kt ,\"ContextMenuId2Link\")][contains(text(), \"RU Overview\")]"}
RESULT: {}
COMMAND: POST /session/a0e39dd9b988c670ac78677591e873a6/element - {"using":"xpath","value":"//*[contains(@data-kt ,\"ContextMenuId2Link\")][contains(text(), \"RU Overview\")]"}
RESULT: {"using":"xpath","value":"//*[contains(@data-kt ,\"ContextMenuId2Link\")][contains(text(), \"RU Overview\")]"}
COMMAND: POST /session/a0e39dd9b988c670ac78677591e873a6/element - {"using":"xpath","value":"//*[contains(@data-kt ,\"ContextMenuId2Link\")][contains(text(), \"RU Overview\")]"}
RESULT: {"using":"xpath","value":"//*[contains(@data-kt ,\"ContextMenuId2Link\")][contains(text(), \"RU Overview\")]"}
COMMAND: POST /session/a0e39dd9b988c670ac78677591e873a6/element - {"using":"xpath","value":"//*[contains(@data-kt ,\"ContextMenuId2Link\")][contains(text(), \"RU Overview\")]"}
RESULT: {"using":"xpath","value":"//*[contains(@data-kt ,\"ContextMenuId2Link\")][contains(text(), \"RU Overview\")]"}
COMMAND: POST /session/a0e39dd9b988c670ac78677591e873a6/element - {"using":"xpath","value":"//*[contains(@data-kt ,\"ContextMenuId2Link\")][contains(text(), \"RU Overview\")]"}
RESULT: {"using":"xpath","value":"//*[contains(@data-kt ,\"ContextMenuId2Link\")][contains(text(), \"RU Overview\")]"}
COMMAND: POST /session/a0e39dd9b988c670ac78677591e873a6/execute/sync - {"script":"<script> [8489 bytes]","args":[{"element-6066-11e4-a52e-4f735466cecf":"f.EDB8E63201757EBA70A397A191FE6F64.d.FFE27D4AC85DBEE041CAC78885097607.e.2776","ELEMENT":"f.EDB8E63201757EBA70A397A191FE6F64.d.FFE27D4AC85DBEE041CAC78885097607.e.2776"}]}
COMMAND: POST /session/a0e39dd9b988c670ac78677591e873a6/element - {"using":"xpath","value":"//*[contains(@data-kt ,\"openRUIdMenuLink\")]"}
RESULT: {"using":"xpath","value":"//*[contains(@data-kt ,\"openRUIdMenuLink\")]"}
COMMAND: POST /session/a0e39dd9b988c670ac78677591e873a6/execute/sync - {"script":"<script> [8489 bytes]","args":[{"element-6066-11e4-a52e-4f735466cecf":"f.EDB8E63201757EBA70A397A191FE6F64.d.FFE27D4AC85DBEE041CAC78885097607.e.3399","ELEMENT":"f.EDB8E63201757EBA70A397A191FE6F64.d.FFE27D4AC85DBEE041CAC78885097607.e.3399"}]}
RESULT: {"script":"<script> [8489 bytes]","args":[{"element-6066-11e4-a52e-4f735466cecf":"f.EDB8E63201757EBA70A397A191FE6F64.d.FFE27D4AC85DBEE041CAC78885097607.e.3399","ELEMENT":"f.EDB8E63201757EBA70A397A191FE6F64.d.FFE27D4AC85DBEE041CAC78885097607.e.3399"}]}
COMMAND: POST /session/a0e39dd9b988c670ac78677591e873a6/execute/sync - {"script":"<script> [5351 bytes]","args":[{"element-6066-11e4-a52e-4f735466cecf":"f.EDB8E63201757EBA70A397A191FE6F64.d.FFE27D4AC85DBEE041CAC78885097607.e.3399","ELEMENT":"f.EDB8E63201757EBA70A397A191FE6F64.d.FFE27D4AC85DBEE041CAC78885097607.e.3399"}]}
COMMAND: GET /session/a0e39dd9b988c670ac78677591e873a6/screenshot - {}
RESULT: {"script":"<script> [5351 bytes]","args":[{"element-6066-11e4-a52e-4f735466cecf":"f.EDB8E63201757EBA70A397A191FE6F64.d.FFE27D4AC85DBEE041CAC78885097607.e.3399","ELEMENT":"f.EDB8E63201757EBA70A397A191FE6F64.d.FFE27D4AC85DBEE041CAC78885097607.e.3399"}]}
COMMAND: POST /session/a0e39dd9b988c670ac78677591e873a6/element/f.EDB8E63201757EBA70A397A191FE6F64.d.FFE27D4AC85DBEE041CAC78885097607.e.3399/click - {}
COMMAND: GET /session/a0e39dd9b988c670ac78677591e873a6/screenshot - {}
COMMAND: POST /session/a0e39dd9b988c670ac78677591e873a6/element - {"using":"xpath","value":"//*[contains(@data-kt ,\"ContextMenuId2Link\")][contains(text(), \"RU Overview\")]"}
RESULT: {}
RESULT: {}
COMMAND: GET /session/a0e39dd9b988c670ac78677591e873a6/screenshot - {}
RESULT: {}
RESULT: {"using":"xpath","value":"//*[contains(@data-kt ,\"ContextMenuId2Link\")][contains(text(), \"RU Overview\")]"}
COMMAND: POST /session/a0e39dd9b988c670ac78677591e873a6/execute/sync - {"script":"<script> [8489 bytes]","args":[{"element-6066-11e4-a52e-4f735466cecf":"f.EDB8E63201757EBA70A397A191FE6F64.d.FFE27D4AC85DBEE041CAC78885097607.e.3401","ELEMENT":"f.EDB8E63201757EBA70A397A191FE6F64.d.FFE27D4AC85DBEE041CAC78885097607.e.3401"}]}
RESULT: {}
RESULT: {"script":"<script> [8489 bytes]","args":[{"element-6066-11e4-a52e-4f735466cecf":"f.EDB8E63201757EBA70A397A191FE6F64.d.FFE27D4AC85DBEE041CAC78885097607.e.3401","ELEMENT":"f.EDB8E63201757EBA70A397A191FE6F64.d.FFE27D4AC85DBEE041CAC78885097607.e.3401"}]}
COMMAND: GET /session/a0e39dd9b988c670ac78677591e873a6/screenshot - {}
RESULT: {}
COMMAND: POST /session/a0e39dd9b988c670ac78677591e873a6/element - {"using":"xpath","value":"//button[contains(@data-kt ,\"ContextMenuExternalId2Link\")]"}
RESULT: {"using":"xpath","value":"//button[contains(@data-kt ,\"ContextMenuExternalId2Link\")]"}
COMMAND: POST /session/a0e39dd9b988c670ac78677591e873a6/element/f.EDB8E63201757EBA70A397A191FE6F64.d.FFE27D4AC85DBEE041CAC78885097607.e.3400/click - {}
RESULT: {}
COMMAND: GET /session/a0e39dd9b988c670ac78677591e873a6/screenshot - {}
RESULT: {}
COMMAND: GET /session/a0e39dd9b988c670ac78677591e873a6/window/handles - {}
RESULT: {}
COMMAND: POST /session/a0e39dd9b988c670ac78677591e873a6/window - {"handle":"80559A18A63C28B027A72B39BFC8483F"}
RESULT: {"handle":"80559A18A63C28B027A72B39BFC8483F"}
COMMAND: GET /session/a0e39dd9b988c670ac78677591e873a6/url - {}
RESULT: {}
COMMAND: GET /session/a0e39dd9b988c670ac78677591e873a6/screenshot - {}
COMMAND: POST /session/a0e39dd9b988c670ac78677591e873a6/execute/sync - {"script":"<script> [8489 bytes]","args":[{"element-6066-11e4-a52e-4f735466cecf":"f.EDB8E63201757EBA70A397A191FE6F64.d.FFE27D4AC85DBEE041CAC78885097607.e.3098","ELEMENT":"f.EDB8E63201757EBA70A397A191FE6F64.d.FFE27D4AC85DBEE041CAC78885097607.e.3098"}]}
COMMAND: DELETE /session/a0e39dd9b988c670ac78677591e873a6/window - {}
RESULT: {}
RESULT: {}
COMMAND: POST /session/a0e39dd9b988c670ac78677591e873a6/window - {"handle":"EDB8E63201757EBA70A397A191FE6F64"}
RESULT: {"handle":"EDB8E63201757EBA70A397A191FE6F64"}
COMMAND: GET /session/a0e39dd9b988c670ac78677591e873a6/url - {}
COMMAND: POST /session/a0e39dd9b988c670ac78677591e873a6/element - {"using":"xpath","value":"//span[contains(@id ,\"application-manageresources-display-component---detailRU--snappedTitle-inner\")][contains(text(), \"WdIORUEquip1zbj1rj\")]"}
RESULT: {}
COMMAND: GET /session/a0e39dd9b988c670ac78677591e873a6/screenshot - {}
RESULT: {"using":"xpath","value":"//span[contains(@id ,\"application-manageresources-display-component---detailRU--snappedTitle-inner\")][contains(text(), \"WdIORUEquip1zbj1rj\")]"}
COMMAND: POST /session/a0e39dd9b988c670ac78677591e873a6/element - {"using":"xpath","value":"//span[contains(@id ,\"application-manageresources-display-component---detailRU--snappedTitle-inner\")][contains(text(), \"WdIORUEquip1zbj1rj\")]"}
RESULT: {}
RESULT: {"using":"xpath","value":"//span[contains(@id ,\"application-manageresources-display-component---detailRU--snappedTitle-inner\")][contains(text(), \"WdIORUEquip1zbj1rj\")]"}
COMMAND: POST /session/a0e39dd9b988c670ac78677591e873a6/element - {"using":"xpath","value":"//span[contains(@id ,\"application-manageresources-display-component---detailRU--snappedTitle-inner\")][contains(text(), \"WdIORUEquip1zbj1rj\")]"}
RESULT: {"using":"xpath","value":"//span[contains(@id ,\"application-manageresources-display-component---detailRU--snappedTitle-inner\")][contains(text(), \"WdIORUEquip1zbj1rj\")]"}
COMMAND: POST /session/a0e39dd9b988c670ac78677591e873a6/element - {"using":"xpath","value":"//span[contains(@id ,\"application-manageresources-display-component---detailRU--snappedTitle-inner\")][contains(text(), \"WdIORUEquip1zbj1rj\")]"}
RESULT: {"using":"xpath","value":"//span[contains(@id ,\"application-manageresources-display-component---detailRU--snappedTitle-inner\")][contains(text(), \"WdIORUEquip1zbj1rj\")]"}
COMMAND: POST /session/a0e39dd9b988c670ac78677591e873a6/element - {"using":"xpath","value":"//span[contains(@id ,\"application-manageresources-display-component---detailRU--snappedTitle-inner\")][contains(text(), \"WdIORUEquip1zbj1rj\")]"}
RESULT: {"using":"xpath","value":"//span[contains(@id ,\"application-manageresources-display-component---detailRU--snappedTitle-inner\")][contains(text(), \"WdIORUEquip1zbj1rj\")]"}
COMMAND: POST /session/a0e39dd9b988c670ac78677591e873a6/element - {"using":"xpath","value":"//span[contains(@id ,\"application-manageresources-display-component---detailRU--snappedTitle-inner\")][contains(text(), \"WdIORUEquip1zbj1rj\")]"}
RESULT: {"using":"xpath","value":"//span[contains(@id ,\"application-manageresources-display-component---detailRU--snappedTitle-inner\")][contains(text(), \"WdIORUEquip1zbj1rj\")]"}
COMMAND: POST /session/a0e39dd9b988c670ac78677591e873a6/element - {"using":"xpath","value":"//span[contains(@id ,\"application-manageresources-display-component---detailRU--snappedTitle-inner\")][contains(text(), \"WdIORUEquip1zbj1rj\")]"}
RESULT: {"using":"xpath","value":"//span[contains(@id ,\"application-manageresources-display-component---detailRU--snappedTitle-inner\")][contains(text(), \"WdIORUEquip1zbj1rj\")]"}
COMMAND: POST /session/a0e39dd9b988c670ac78677591e873a6/element - {"using":"xpath","value":"//span[contains(@id ,\"application-manageresources-display-component---detailRU--snappedTitle-inner\")][contains(text(), \"WdIORUEquip1zbj1rj\")]"}
RESULT: {"using":"xpath","value":"//span[contains(@id ,\"application-manageresources-display-component---detailRU--snappedTitle-inner\")][contains(text(), \"WdIORUEquip1zbj1rj\")]"}
COMMAND: POST /session/a0e39dd9b988c670ac78677591e873a6/element - {"using":"xpath","value":"//span[contains(@id ,\"application-manageresources-display-component---detailRU--snappedTitle-inner\")][contains(text(), \"WdIORUEquip1zbj1rj\")]"}
RESULT: {"using":"xpath","value":"//span[contains(@id ,\"application-manageresources-display-component---detailRU--snappedTitle-inner\")][contains(text(), \"WdIORUEquip1zbj1rj\")]"}
COMMAND: POST /session/a0e39dd9b988c670ac78677591e873a6/element - {"using":"xpath","value":"//span[contains(@id ,\"application-manageresources-display-component---detailRU--snappedTitle-inner\")][contains(text(), \"WdIORUEquip1zbj1rj\")]"}
RESULT: {"using":"xpath","value":"//span[contains(@id ,\"application-manageresources-display-component---detailRU--snappedTitle-inner\")][contains(text(), \"WdIORUEquip1zbj1rj\")]"}
]]></system-out>
    </testcase>
    <testcase classname="chrome.136_0_7103_93.windows.Related_resources_for_groups_US139107" name="Should verify the current location hyperlinks in related resources" time="183.198">
      <system-out><![CDATA[
COMMAND: POST /session/a0e39dd9b988c670ac78677591e873a6/element - {"using":"xpath","value":"//*[contains(@data-kt ,\"openLocationActionMenuLink\")]"}
RESULT: {"using":"xpath","value":"//*[contains(@data-kt ,\"openLocationActionMenuLink\")]"}
COMMAND: POST /session/a0e39dd9b988c670ac78677591e873a6/execute/sync - {"script":"<script> [8489 bytes]","args":[{"element-6066-11e4-a52e-4f735466cecf":"f.EDB8E63201757EBA70A397A191FE6F64.d.FFE27D4AC85DBEE041CAC78885097607.e.3406","ELEMENT":"f.EDB8E63201757EBA70A397A191FE6F64.d.FFE27D4AC85DBEE041CAC78885097607.e.3406"}]}
RESULT: {"script":"<script> [8489 bytes]","args":[{"element-6066-11e4-a52e-4f735466cecf":"f.EDB8E63201757EBA70A397A191FE6F64.d.FFE27D4AC85DBEE041CAC78885097607.e.3406","ELEMENT":"f.EDB8E63201757EBA70A397A191FE6F64.d.FFE27D4AC85DBEE041CAC78885097607.e.3406"}]}
COMMAND: POST /session/a0e39dd9b988c670ac78677591e873a6/execute/sync - {"script":"<script> [5351 bytes]","args":[{"element-6066-11e4-a52e-4f735466cecf":"f.EDB8E63201757EBA70A397A191FE6F64.d.FFE27D4AC85DBEE041CAC78885097607.e.3406","ELEMENT":"f.EDB8E63201757EBA70A397A191FE6F64.d.FFE27D4AC85DBEE041CAC78885097607.e.3406"}]}
RESULT: {"script":"<script> [5351 bytes]","args":[{"element-6066-11e4-a52e-4f735466cecf":"f.EDB8E63201757EBA70A397A191FE6F64.d.FFE27D4AC85DBEE041CAC78885097607.e.3406","ELEMENT":"f.EDB8E63201757EBA70A397A191FE6F64.d.FFE27D4AC85DBEE041CAC78885097607.e.3406"}]}
COMMAND: POST /session/a0e39dd9b988c670ac78677591e873a6/element/f.EDB8E63201757EBA70A397A191FE6F64.d.FFE27D4AC85DBEE041CAC78885097607.e.3406/click - {}
COMMAND: GET /session/a0e39dd9b988c670ac78677591e873a6/screenshot - {}
COMMAND: GET /session/a0e39dd9b988c670ac78677591e873a6/screenshot - {}
RESULT: {}
COMMAND: GET /session/a0e39dd9b988c670ac78677591e873a6/screenshot - {}
COMMAND: POST /session/a0e39dd9b988c670ac78677591e873a6/element - {"using":"xpath","value":"//span[contains(@id ,\"application-manageresources-display-component---detailRU--snappedTitle-inner\")][contains(text(), \"WdIORUEquip1zbj1rj\")]"}
RESULT: {}
RESULT: {}
RESULT: {}
RESULT: {"using":"xpath","value":"//span[contains(@id ,\"application-manageresources-display-component---detailRU--snappedTitle-inner\")][contains(text(), \"WdIORUEquip1zbj1rj\")]"}
COMMAND: POST /session/a0e39dd9b988c670ac78677591e873a6/element - {"using":"xpath","value":"//span[contains(@id ,\"application-manageresources-display-component---detailRU--snappedTitle-inner\")][contains(text(), \"WdIORUEquip1zbj1rj\")]"}
RESULT: {"using":"xpath","value":"//span[contains(@id ,\"application-manageresources-display-component---detailRU--snappedTitle-inner\")][contains(text(), \"WdIORUEquip1zbj1rj\")]"}
COMMAND: POST /session/a0e39dd9b988c670ac78677591e873a6/element - {"using":"xpath","value":"//a[contains(@class ,\"sapMLnk sapMLnkMaxWidth sapUiTinyMarginTop\")][contains(text(), \"Yard Overview\")]"}
RESULT: {"using":"xpath","value":"//a[contains(@class ,\"sapMLnk sapMLnkMaxWidth sapUiTinyMarginTop\")][contains(text(), \"Yard Overview\")]"}
COMMAND: POST /session/a0e39dd9b988c670ac78677591e873a6/execute/sync - {"script":"<script> [8489 bytes]","args":[{"element-6066-11e4-a52e-4f735466cecf":"f.EDB8E63201757EBA70A397A191FE6F64.d.FFE27D4AC85DBEE041CAC78885097607.e.3408","ELEMENT":"f.EDB8E63201757EBA70A397A191FE6F64.d.FFE27D4AC85DBEE041CAC78885097607.e.3408"}]}
COMMAND: POST /session/a0e39dd9b988c670ac78677591e873a6/element - {"using":"xpath","value":"//a[contains(@class ,\"sapMLnk sapMLnkMaxWidth sapUiTinyMarginTop\")][contains(text(), \"Yard Address\")]"}
RESULT: {"using":"xpath","value":"//a[contains(@class ,\"sapMLnk sapMLnkMaxWidth sapUiTinyMarginTop\")][contains(text(), \"Yard Address\")]"}
COMMAND: POST /session/a0e39dd9b988c670ac78677591e873a6/execute/sync - {"script":"<script> [8489 bytes]","args":[{"element-6066-11e4-a52e-4f735466cecf":"f.EDB8E63201757EBA70A397A191FE6F64.d.FFE27D4AC85DBEE041CAC78885097607.e.3409","ELEMENT":"f.EDB8E63201757EBA70A397A191FE6F64.d.FFE27D4AC85DBEE041CAC78885097607.e.3409"}]}
COMMAND: POST /session/a0e39dd9b988c670ac78677591e873a6/element/f.EDB8E63201757EBA70A397A191FE6F64.d.FFE27D4AC85DBEE041CAC78885097607.e.3408/click - {}
COMMAND: POST /session/a0e39dd9b988c670ac78677591e873a6/element - {"using":"xpath","value":"//span[contains(@id ,\"application-manageresources-display-component---detailRU--snappedTitle-inner\")][contains(text(), \"WdIORUEquip1zbj1rj\")]"}
RESULT: {"script":"<script> [8489 bytes]","args":[{"element-6066-11e4-a52e-4f735466cecf":"f.EDB8E63201757EBA70A397A191FE6F64.d.FFE27D4AC85DBEE041CAC78885097607.e.3408","ELEMENT":"f.EDB8E63201757EBA70A397A191FE6F64.d.FFE27D4AC85DBEE041CAC78885097607.e.3408"}]}
RESULT: {"script":"<script> [8489 bytes]","args":[{"element-6066-11e4-a52e-4f735466cecf":"f.EDB8E63201757EBA70A397A191FE6F64.d.FFE27D4AC85DBEE041CAC78885097607.e.3409","ELEMENT":"f.EDB8E63201757EBA70A397A191FE6F64.d.FFE27D4AC85DBEE041CAC78885097607.e.3409"}]}
COMMAND: GET /session/a0e39dd9b988c670ac78677591e873a6/screenshot - {}
COMMAND: GET /session/a0e39dd9b988c670ac78677591e873a6/screenshot - {}
RESULT: {}
RESULT: {"using":"xpath","value":"//span[contains(@id ,\"application-manageresources-display-component---detailRU--snappedTitle-inner\")][contains(text(), \"WdIORUEquip1zbj1rj\")]"}
COMMAND: GET /session/a0e39dd9b988c670ac78677591e873a6/screenshot - {}
RESULT: {}
COMMAND: POST /session/a0e39dd9b988c670ac78677591e873a6/element - {"using":"xpath","value":"//span[contains(@id ,\"application-manageresources-display-component---detailRU--snappedTitle-inner\")][contains(text(), \"WdIORUEquip1zbj1rj\")]"}
RESULT: {}
RESULT: {}
RESULT: {"using":"xpath","value":"//span[contains(@id ,\"application-manageresources-display-component---detailRU--snappedTitle-inner\")][contains(text(), \"WdIORUEquip1zbj1rj\")]"}
COMMAND: POST /session/a0e39dd9b988c670ac78677591e873a6/element - {"using":"xpath","value":"//span[contains(@id ,\"application-manageresources-display-component---detailRU--snappedTitle-inner\")][contains(text(), \"WdIORUEquip1zbj1rj\")]"}
RESULT: {"using":"xpath","value":"//span[contains(@id ,\"application-manageresources-display-component---detailRU--snappedTitle-inner\")][contains(text(), \"WdIORUEquip1zbj1rj\")]"}
COMMAND: POST /session/a0e39dd9b988c670ac78677591e873a6/element - {"using":"xpath","value":"//span[contains(@id ,\"application-manageresources-display-component---detailRU--snappedTitle-inner\")][contains(text(), \"WdIORUEquip1zbj1rj\")]"}
RESULT: {"using":"xpath","value":"//span[contains(@id ,\"application-manageresources-display-component---detailRU--snappedTitle-inner\")][contains(text(), \"WdIORUEquip1zbj1rj\")]"}
COMMAND: POST /session/a0e39dd9b988c670ac78677591e873a6/element - {"using":"xpath","value":"//span[contains(@id ,\"application-manageresources-display-component---detailRU--snappedTitle-inner\")][contains(text(), \"WdIORUEquip1zbj1rj\")]"}
RESULT: {"using":"xpath","value":"//span[contains(@id ,\"application-manageresources-display-component---detailRU--snappedTitle-inner\")][contains(text(), \"WdIORUEquip1zbj1rj\")]"}
COMMAND: POST /session/a0e39dd9b988c670ac78677591e873a6/element - {"using":"xpath","value":"//span[contains(@id ,\"application-manageresources-display-component---detailRU--snappedTitle-inner\")][contains(text(), \"WdIORUEquip1zbj1rj\")]"}
RESULT: {"using":"xpath","value":"//span[contains(@id ,\"application-manageresources-display-component---detailRU--snappedTitle-inner\")][contains(text(), \"WdIORUEquip1zbj1rj\")]"}
COMMAND: POST /session/a0e39dd9b988c670ac78677591e873a6/element - {"using":"xpath","value":"//span[contains(@id ,\"application-manageresources-display-component---detailRU--snappedTitle-inner\")][contains(text(), \"WdIORUEquip1zbj1rj\")]"}
RESULT: {"using":"xpath","value":"//span[contains(@id ,\"application-manageresources-display-component---detailRU--snappedTitle-inner\")][contains(text(), \"WdIORUEquip1zbj1rj\")]"}
COMMAND: POST /session/a0e39dd9b988c670ac78677591e873a6/element - {"using":"xpath","value":"//span[contains(@id ,\"application-manageresources-display-component---detailRU--snappedTitle-inner\")][contains(text(), \"WdIORUEquip1zbj1rj\")]"}
RESULT: {"using":"xpath","value":"//span[contains(@id ,\"application-manageresources-display-component---detailRU--snappedTitle-inner\")][contains(text(), \"WdIORUEquip1zbj1rj\")]"}
COMMAND: POST /session/a0e39dd9b988c670ac78677591e873a6/element - {"using":"xpath","value":"//span[contains(@id ,\"application-manageresources-display-component---detailRU--snappedTitle-inner\")][contains(text(), \"WdIORUEquip1zbj1rj\")]"}
RESULT: {"using":"xpath","value":"//span[contains(@id ,\"application-manageresources-display-component---detailRU--snappedTitle-inner\")][contains(text(), \"WdIORUEquip1zbj1rj\")]"}
COMMAND: POST /session/a0e39dd9b988c670ac78677591e873a6/element - {"using":"xpath","value":"//span[contains(@id ,\"application-manageresources-display-component---detailRU--snappedTitle-inner\")][contains(text(), \"WdIORUEquip1zbj1rj\")]"}
RESULT: {"using":"xpath","value":"//span[contains(@id ,\"application-manageresources-display-component---detailRU--snappedTitle-inner\")][contains(text(), \"WdIORUEquip1zbj1rj\")]"}
COMMAND: POST /session/a0e39dd9b988c670ac78677591e873a6/element - {"using":"xpath","value":"//span[contains(@id ,\"application-manageresources-display-component---detailRU--snappedTitle-inner\")][contains(text(), \"WdIORUEquip1zbj1rj\")]"}
RESULT: {"using":"xpath","value":"//span[contains(@id ,\"application-manageresources-display-component---detailRU--snappedTitle-inner\")][contains(text(), \"WdIORUEquip1zbj1rj\")]"}
COMMAND: POST /session/a0e39dd9b988c670ac78677591e873a6/element - {"using":"xpath","value":"//span[contains(@id ,\"application-manageresources-display-component---detailRU--snappedTitle-inner\")][contains(text(), \"WdIORUEquip1zbj1rj\")]"}
RESULT: {"using":"xpath","value":"//span[contains(@id ,\"application-manageresources-display-component---detailRU--snappedTitle-inner\")][contains(text(), \"WdIORUEquip1zbj1rj\")]"}
COMMAND: POST /session/a0e39dd9b988c670ac78677591e873a6/element - {"using":"xpath","value":"//span[contains(@id ,\"application-manageresources-display-component---detailRU--snappedTitle-inner\")][contains(text(), \"WdIORUEquip1zbj1rj\")]"}
RESULT: {"using":"xpath","value":"//span[contains(@id ,\"application-manageresources-display-component---detailRU--snappedTitle-inner\")][contains(text(), \"WdIORUEquip1zbj1rj\")]"}
COMMAND: POST /session/a0e39dd9b988c670ac78677591e873a6/element - {"using":"xpath","value":"//span[contains(@id ,\"application-manageresources-display-component---detailRU--snappedTitle-inner\")][contains(text(), \"WdIORUEquip1zbj1rj\")]"}
RESULT: {"using":"xpath","value":"//span[contains(@id ,\"application-manageresources-display-component---detailRU--snappedTitle-inner\")][contains(text(), \"WdIORUEquip1zbj1rj\")]"}
COMMAND: POST /session/a0e39dd9b988c670ac78677591e873a6/element - {"using":"xpath","value":"//span[contains(@id ,\"application-manageresources-display-component---detailRU--snappedTitle-inner\")][contains(text(), \"WdIORUEquip1zbj1rj\")]"}
RESULT: {"using":"xpath","value":"//span[contains(@id ,\"application-manageresources-display-component---detailRU--snappedTitle-inner\")][contains(text(), \"WdIORUEquip1zbj1rj\")]"}
COMMAND: POST /session/a0e39dd9b988c670ac78677591e873a6/element - {"using":"xpath","value":"//span[contains(@id ,\"application-manageresources-display-component---detailRU--snappedTitle-inner\")][contains(text(), \"WdIORUEquip1zbj1rj\")]"}
RESULT: {"using":"xpath","value":"//span[contains(@id ,\"application-manageresources-display-component---detailRU--snappedTitle-inner\")][contains(text(), \"WdIORUEquip1zbj1rj\")]"}
RESULT: undefined
COMMAND: POST /session/a0e39dd9b988c670ac78677591e873a6/execute/async - {"script":"<script> [6424 bytes]","args":[{"element-6066-11e4-a52e-4f735466cecf":"f.EDB8E63201757EBA70A397A191FE6F64.d.FFE27D4AC85DBEE041CAC78885097607.e.3097"},"getTitle",[]]}
COMMAND: POST /session/a0e39dd9b988c670ac78677591e873a6/element - {"using":"xpath","value":"//span[contains(@id ,\"application-manageresources-display-component---detailRU--snappedTitle-inner\")][contains(text(), \"WdIORUEquip1zbj1rj\")]"}
COMMAND: POST /session/a0e39dd9b988c670ac78677591e873a6/execute/async - {"script":"<script> [1562 bytes]","args":[{"selector":{"id":"shellAppTitle"},"wdio_ui5_key":"shellAppTitle"}]}
RESULT: {"using":"xpath","value":"//span[contains(@id ,\"application-manageresources-display-component---detailRU--snappedTitle-inner\")][contains(text(), \"WdIORUEquip1zbj1rj\")]"}
RESULT: {"script":"<script> [1562 bytes]","args":[{"selector":{"id":"shellAppTitle"},"wdio_ui5_key":"shellAppTitle"}]}
COMMAND: POST /session/a0e39dd9b988c670ac78677591e873a6/execute/async - {"script":"<script> [6424 bytes]","args":[{"element-6066-11e4-a52e-4f735466cecf":"f.EDB8E63201757EBA70A397A191FE6F64.d.FFE27D4AC85DBEE041CAC78885097607.e.3532"},"getTitle",[]]}
COMMAND: POST /session/a0e39dd9b988c670ac78677591e873a6/element - {"using":"xpath","value":"//span[contains(@id ,\"application-manageresources-display-component---detailRU--snappedTitle-inner\")][contains(text(), \"WdIORUEquip1zbj1rj\")]"}
RESULT: {"script":"<script> [6424 bytes]","args":[{"element-6066-11e4-a52e-4f735466cecf":"f.EDB8E63201757EBA70A397A191FE6F64.d.FFE27D4AC85DBEE041CAC78885097607.e.3532"},"getTitle",[]]}
COMMAND: POST /session/a0e39dd9b988c670ac78677591e873a6/element - {"using":"xpath","value":"(//span[contains(text(), \"WebdriverYardab3jz\")])[2]"}
RESULT: {"using":"xpath","value":"//span[contains(@id ,\"application-manageresources-display-component---detailRU--snappedTitle-inner\")][contains(text(), \"WdIORUEquip1zbj1rj\")]"}
RESULT: {"using":"xpath","value":"(//span[contains(text(), \"WebdriverYardab3jz\")])[2]"}
COMMAND: POST /session/a0e39dd9b988c670ac78677591e873a6/execute/sync - {"script":"<script> [8489 bytes]","args":[{"element-6066-11e4-a52e-4f735466cecf":"f.EDB8E63201757EBA70A397A191FE6F64.d.FFE27D4AC85DBEE041CAC78885097607.e.3533","ELEMENT":"f.EDB8E63201757EBA70A397A191FE6F64.d.FFE27D4AC85DBEE041CAC78885097607.e.3533"}]}
RESULT: undefined
COMMAND: POST /session/a0e39dd9b988c670ac78677591e873a6/element - {"using":"xpath","value":"//*[@id=\"backBtn\"]"}
RESULT: {"script":"<script> [8489 bytes]","args":[{"element-6066-11e4-a52e-4f735466cecf":"f.EDB8E63201757EBA70A397A191FE6F64.d.FFE27D4AC85DBEE041CAC78885097607.e.3533","ELEMENT":"f.EDB8E63201757EBA70A397A191FE6F64.d.FFE27D4AC85DBEE041CAC78885097607.e.3533"}]}
COMMAND: GET /session/a0e39dd9b988c670ac78677591e873a6/screenshot - {}
RESULT: {"using":"xpath","value":"//*[@id=\"backBtn\"]"}
COMMAND: POST /session/a0e39dd9b988c670ac78677591e873a6/element/f.EDB8E63201757EBA70A397A191FE6F64.d.FFE27D4AC85DBEE041CAC78885097607.e.3099/click - {}
RESULT: {}
COMMAND: POST /session/a0e39dd9b988c670ac78677591e873a6/element - {"using":"xpath","value":"//span[contains(@id ,\"application-manageresources-display-component---detailRU--snappedTitle-inner\")][contains(text(), \"WdIORUEquip1zbj1rj\")]"}
RESULT: {}
COMMAND: GET /session/a0e39dd9b988c670ac78677591e873a6/screenshot - {}
COMMAND: POST /session/a0e39dd9b988c670ac78677591e873a6/execute/sync - {"script":"<script> [8489 bytes]","args":[{"element-6066-11e4-a52e-4f735466cecf":"f.EDB8E63201757EBA70A397A191FE6F64.d.FFE27D4AC85DBEE041CAC78885097607.e.3533","ELEMENT":"f.EDB8E63201757EBA70A397A191FE6F64.d.FFE27D4AC85DBEE041CAC78885097607.e.3533"}]}
RESULT: {"using":"xpath","value":"//span[contains(@id ,\"application-manageresources-display-component---detailRU--snappedTitle-inner\")][contains(text(), \"WdIORUEquip1zbj1rj\")]"}
RESULT: {}
COMMAND: POST /session/a0e39dd9b988c670ac78677591e873a6/element - {"using":"xpath","value":"(//span[contains(text(), \"WebdriverYardab3jz\")])[2]"}
RESULT: {"using":"xpath","value":"(//span[contains(text(), \"WebdriverYardab3jz\")])[2]"}
COMMAND: POST /session/a0e39dd9b988c670ac78677591e873a6/element - {"using":"xpath","value":"(//span[contains(text(), \"WebdriverYardab3jz\")])[2]"}
COMMAND: POST /session/a0e39dd9b988c670ac78677591e873a6/element - {"using":"xpath","value":"//span[contains(@id ,\"application-manageresources-display-component---detailRU--snappedTitle-inner\")][contains(text(), \"WdIORUEquip1zbj1rj\")]"}
RESULT: {"using":"xpath","value":"(//span[contains(text(), \"WebdriverYardab3jz\")])[2]"}
COMMAND: POST /session/a0e39dd9b988c670ac78677591e873a6/execute/sync - {"script":"<script> [8489 bytes]","args":[{"element-6066-11e4-a52e-4f735466cecf":"f.EDB8E63201757EBA70A397A191FE6F64.d.FFE27D4AC85DBEE041CAC78885097607.e.3827","ELEMENT":"f.EDB8E63201757EBA70A397A191FE6F64.d.FFE27D4AC85DBEE041CAC78885097607.e.3827"}]}
RESULT: {"using":"xpath","value":"//span[contains(@id ,\"application-manageresources-display-component---detailRU--snappedTitle-inner\")][contains(text(), \"WdIORUEquip1zbj1rj\")]"}
RESULT: {"script":"<script> [8489 bytes]","args":[{"element-6066-11e4-a52e-4f735466cecf":"f.EDB8E63201757EBA70A397A191FE6F64.d.FFE27D4AC85DBEE041CAC78885097607.e.3827","ELEMENT":"f.EDB8E63201757EBA70A397A191FE6F64.d.FFE27D4AC85DBEE041CAC78885097607.e.3827"}]}
COMMAND: GET /session/a0e39dd9b988c670ac78677591e873a6/screenshot - {}
RESULT: {}
COMMAND: POST /session/a0e39dd9b988c670ac78677591e873a6/element - {"using":"xpath","value":"//span[contains(@id ,\"application-manageresources-display-component---detailRU--snappedTitle-inner\")][contains(text(), \"WdIORUEquip1zbj1rj\")]"}
RESULT: {"using":"xpath","value":"//span[contains(@id ,\"application-manageresources-display-component---detailRU--snappedTitle-inner\")][contains(text(), \"WdIORUEquip1zbj1rj\")]"}
COMMAND: POST /session/a0e39dd9b988c670ac78677591e873a6/element - {"using":"xpath","value":"//span[contains(@id ,\"application-manageresources-display-component---detailRU--snappedTitle-inner\")][contains(text(), \"WdIORUEquip1zbj1rj\")]"}
RESULT: {"using":"xpath","value":"//span[contains(@id ,\"application-manageresources-display-component---detailRU--snappedTitle-inner\")][contains(text(), \"WdIORUEquip1zbj1rj\")]"}
COMMAND: POST /session/a0e39dd9b988c670ac78677591e873a6/element - {"using":"xpath","value":"//span[contains(@id ,\"application-manageresources-display-component---detailRU--snappedTitle-inner\")][contains(text(), \"WdIORUEquip1zbj1rj\")]"}
RESULT: {"using":"xpath","value":"//span[contains(@id ,\"application-manageresources-display-component---detailRU--snappedTitle-inner\")][contains(text(), \"WdIORUEquip1zbj1rj\")]"}
COMMAND: POST /session/a0e39dd9b988c670ac78677591e873a6/element - {"using":"xpath","value":"//span[contains(@id ,\"application-manageresources-display-component---detailRU--snappedTitle-inner\")][contains(text(), \"WdIORUEquip1zbj1rj\")]"}
RESULT: {"using":"xpath","value":"//span[contains(@id ,\"application-manageresources-display-component---detailRU--snappedTitle-inner\")][contains(text(), \"WdIORUEquip1zbj1rj\")]"}
COMMAND: POST /session/a0e39dd9b988c670ac78677591e873a6/element - {"using":"xpath","value":"//span[contains(@id ,\"application-manageresources-display-component---detailRU--snappedTitle-inner\")][contains(text(), \"WdIORUEquip1zbj1rj\")]"}
RESULT: {"using":"xpath","value":"//span[contains(@id ,\"application-manageresources-display-component---detailRU--snappedTitle-inner\")][contains(text(), \"WdIORUEquip1zbj1rj\")]"}
COMMAND: POST /session/a0e39dd9b988c670ac78677591e873a6/element - {"using":"xpath","value":"//span[contains(@id ,\"application-manageresources-display-component---detailRU--snappedTitle-inner\")][contains(text(), \"WdIORUEquip1zbj1rj\")]"}
RESULT: {"using":"xpath","value":"//span[contains(@id ,\"application-manageresources-display-component---detailRU--snappedTitle-inner\")][contains(text(), \"WdIORUEquip1zbj1rj\")]"}
COMMAND: POST /session/a0e39dd9b988c670ac78677591e873a6/element - {"using":"xpath","value":"//span[contains(@id ,\"application-manageresources-display-component---detailRU--snappedTitle-inner\")][contains(text(), \"WdIORUEquip1zbj1rj\")]"}
RESULT: {"using":"xpath","value":"//span[contains(@id ,\"application-manageresources-display-component---detailRU--snappedTitle-inner\")][contains(text(), \"WdIORUEquip1zbj1rj\")]"}
COMMAND: POST /session/a0e39dd9b988c670ac78677591e873a6/element - {"using":"xpath","value":"//span[contains(@id ,\"application-manageresources-display-component---detailRU--snappedTitle-inner\")][contains(text(), \"WdIORUEquip1zbj1rj\")]"}
RESULT: {"using":"xpath","value":"//span[contains(@id ,\"application-manageresources-display-component---detailRU--snappedTitle-inner\")][contains(text(), \"WdIORUEquip1zbj1rj\")]"}
COMMAND: POST /session/a0e39dd9b988c670ac78677591e873a6/element - {"using":"xpath","value":"//span[contains(@id ,\"application-manageresources-display-component---detailRU--snappedTitle-inner\")][contains(text(), \"WdIORUEquip1zbj1rj\")]"}
RESULT: {"using":"xpath","value":"//span[contains(@id ,\"application-manageresources-display-component---detailRU--snappedTitle-inner\")][contains(text(), \"WdIORUEquip1zbj1rj\")]"}
COMMAND: POST /session/a0e39dd9b988c670ac78677591e873a6/element - {"using":"xpath","value":"//span[contains(@id ,\"application-manageresources-display-component---detailRU--snappedTitle-inner\")][contains(text(), \"WdIORUEquip1zbj1rj\")]"}
RESULT: {"using":"xpath","value":"//span[contains(@id ,\"application-manageresources-display-component---detailRU--snappedTitle-inner\")][contains(text(), \"WdIORUEquip1zbj1rj\")]"}
COMMAND: POST /session/a0e39dd9b988c670ac78677591e873a6/element - {"using":"xpath","value":"//bdi[contains(@id ,\"application-manageresources-display-component---detailRU--openRelatedRus-BDI-content\")]"}
RESULT: {"using":"xpath","value":"//bdi[contains(@id ,\"application-manageresources-display-component---detailRU--openRelatedRus-BDI-content\")]"}
COMMAND: POST /session/a0e39dd9b988c670ac78677591e873a6/execute/sync - {"script":"<script> [8489 bytes]","args":[{"element-6066-11e4-a52e-4f735466cecf":"f.EDB8E63201757EBA70A397A191FE6F64.d.FFE27D4AC85DBEE041CAC78885097607.e.3828","ELEMENT":"f.EDB8E63201757EBA70A397A191FE6F64.d.FFE27D4AC85DBEE041CAC78885097607.e.3828"}]}
RESULT: {"script":"<script> [8489 bytes]","args":[{"element-6066-11e4-a52e-4f735466cecf":"f.EDB8E63201757EBA70A397A191FE6F64.d.FFE27D4AC85DBEE041CAC78885097607.e.3828","ELEMENT":"f.EDB8E63201757EBA70A397A191FE6F64.d.FFE27D4AC85DBEE041CAC78885097607.e.3828"}]}
COMMAND: POST /session/a0e39dd9b988c670ac78677591e873a6/execute/sync - {"script":"<script> [5351 bytes]","args":[{"element-6066-11e4-a52e-4f735466cecf":"f.EDB8E63201757EBA70A397A191FE6F64.d.FFE27D4AC85DBEE041CAC78885097607.e.3828","ELEMENT":"f.EDB8E63201757EBA70A397A191FE6F64.d.FFE27D4AC85DBEE041CAC78885097607.e.3828"}]}
COMMAND: GET /session/a0e39dd9b988c670ac78677591e873a6/screenshot - {}
RESULT: {"script":"<script> [5351 bytes]","args":[{"element-6066-11e4-a52e-4f735466cecf":"f.EDB8E63201757EBA70A397A191FE6F64.d.FFE27D4AC85DBEE041CAC78885097607.e.3828","ELEMENT":"f.EDB8E63201757EBA70A397A191FE6F64.d.FFE27D4AC85DBEE041CAC78885097607.e.3828"}]}
COMMAND: POST /session/a0e39dd9b988c670ac78677591e873a6/element/f.EDB8E63201757EBA70A397A191FE6F64.d.FFE27D4AC85DBEE041CAC78885097607.e.3828/click - {}
COMMAND: GET /session/a0e39dd9b988c670ac78677591e873a6/screenshot - {}
RESULT: {}
COMMAND: POST /session/a0e39dd9b988c670ac78677591e873a6/element - {"using":"xpath","value":"//span[contains(@id ,\"application-manageresources-display-component---detailRU--snappedTitle-inner\")][contains(text(), \"WdIORUEquip1zbj1rj\")]"}
RESULT: {}
COMMAND: GET /session/a0e39dd9b988c670ac78677591e873a6/screenshot - {}
RESULT: {}
RESULT: {"using":"xpath","value":"//span[contains(@id ,\"application-manageresources-display-component---detailRU--snappedTitle-inner\")][contains(text(), \"WdIORUEquip1zbj1rj\")]"}
RESULT: {}
COMMAND: POST /session/a0e39dd9b988c670ac78677591e873a6/element/f.EDB8E63201757EBA70A397A191FE6F64.d.FFE27D4AC85DBEE041CAC78885097607.e.3406/click - {}
COMMAND: POST /session/a0e39dd9b988c670ac78677591e873a6/element - {"using":"xpath","value":"//*[contains(@data-kt ,\"openLocationActionMenuLink\")]"}
RESULT: {"using":"xpath","value":"//*[contains(@data-kt ,\"openLocationActionMenuLink\")]"}
COMMAND: POST /session/a0e39dd9b988c670ac78677591e873a6/element/f.EDB8E63201757EBA70A397A191FE6F64.d.FFE27D4AC85DBEE041CAC78885097607.e.3406/click - {}
COMMAND: POST /session/a0e39dd9b988c670ac78677591e873a6/element - {"using":"xpath","value":"//*[contains(@data-kt ,\"openLocationActionMenuLink\")]"}
RESULT: {"using":"xpath","value":"//*[contains(@data-kt ,\"openLocationActionMenuLink\")]"}
COMMAND: POST /session/a0e39dd9b988c670ac78677591e873a6/element/f.EDB8E63201757EBA70A397A191FE6F64.d.FFE27D4AC85DBEE041CAC78885097607.e.3833/click - {}
RESULT: {}
COMMAND: GET /session/a0e39dd9b988c670ac78677591e873a6/screenshot - {}
RESULT: {}
COMMAND: POST /session/a0e39dd9b988c670ac78677591e873a6/element/f.EDB8E63201757EBA70A397A191FE6F64.d.FFE27D4AC85DBEE041CAC78885097607.e.3409/click - {}
COMMAND: POST /session/a0e39dd9b988c670ac78677591e873a6/element - {"using":"xpath","value":"//a[contains(@class ,\"sapMLnk sapMLnkMaxWidth sapUiTinyMarginTop\")][contains(text(), \"Yard Address\")]"}
RESULT: {"using":"xpath","value":"//a[contains(@class ,\"sapMLnk sapMLnkMaxWidth sapUiTinyMarginTop\")][contains(text(), \"Yard Address\")]"}
COMMAND: POST /session/a0e39dd9b988c670ac78677591e873a6/element/f.EDB8E63201757EBA70A397A191FE6F64.d.FFE27D4AC85DBEE041CAC78885097607.e.3409/click - {}
COMMAND: POST /session/a0e39dd9b988c670ac78677591e873a6/element - {"using":"xpath","value":"//a[contains(@class ,\"sapMLnk sapMLnkMaxWidth sapUiTinyMarginTop\")][contains(text(), \"Yard Address\")]"}
RESULT: {"using":"xpath","value":"//a[contains(@class ,\"sapMLnk sapMLnkMaxWidth sapUiTinyMarginTop\")][contains(text(), \"Yard Address\")]"}
COMMAND: POST /session/a0e39dd9b988c670ac78677591e873a6/element/f.EDB8E63201757EBA70A397A191FE6F64.d.FFE27D4AC85DBEE041CAC78885097607.e.3835/click - {}
RESULT: {}
COMMAND: GET /session/a0e39dd9b988c670ac78677591e873a6/screenshot - {}
RESULT: {}
RESULT: undefined
COMMAND: POST /session/a0e39dd9b988c670ac78677591e873a6/execute/async - {"script":"<script> [6424 bytes]","args":[{"element-6066-11e4-a52e-4f735466cecf":"f.EDB8E63201757EBA70A397A191FE6F64.d.FFE27D4AC85DBEE041CAC78885097607.e.3097"},"getTitle",[]]}
COMMAND: POST /session/a0e39dd9b988c670ac78677591e873a6/execute/async - {"script":"<script> [1562 bytes]","args":[{"selector":{"id":"shellAppTitle"},"wdio_ui5_key":"shellAppTitle"}]}
RESULT: {"script":"<script> [1562 bytes]","args":[{"selector":{"id":"shellAppTitle"},"wdio_ui5_key":"shellAppTitle"}]}
COMMAND: POST /session/a0e39dd9b988c670ac78677591e873a6/execute/async - {"script":"<script> [6424 bytes]","args":[{"element-6066-11e4-a52e-4f735466cecf":"f.EDB8E63201757EBA70A397A191FE6F64.d.FFE27D4AC85DBEE041CAC78885097607.e.4105"},"getTitle",[]]}
RESULT: {"script":"<script> [6424 bytes]","args":[{"element-6066-11e4-a52e-4f735466cecf":"f.EDB8E63201757EBA70A397A191FE6F64.d.FFE27D4AC85DBEE041CAC78885097607.e.4105"},"getTitle",[]]}
COMMAND: POST /session/a0e39dd9b988c670ac78677591e873a6/element - {"using":"xpath","value":"//span[contains(@id ,\"application-addressmanagement-display-component---detailAdm--addressDetailDetailsName1\")][contains(text(), \"WebdriverYardab3jz\")]"}
RESULT: {"using":"xpath","value":"//span[contains(@id ,\"application-addressmanagement-display-component---detailAdm--addressDetailDetailsName1\")][contains(text(), \"WebdriverYardab3jz\")]"}
COMMAND: POST /session/a0e39dd9b988c670ac78677591e873a6/execute/sync - {"script":"<script> [8489 bytes]","args":[{"element-6066-11e4-a52e-4f735466cecf":"f.EDB8E63201757EBA70A397A191FE6F64.d.FFE27D4AC85DBEE041CAC78885097607.e.4106","ELEMENT":"f.EDB8E63201757EBA70A397A191FE6F64.d.FFE27D4AC85DBEE041CAC78885097607.e.4106"}]}
RESULT: undefined
COMMAND: POST /session/a0e39dd9b988c670ac78677591e873a6/element - {"using":"xpath","value":"//*[@id=\"backBtn\"]"}
RESULT: {"script":"<script> [8489 bytes]","args":[{"element-6066-11e4-a52e-4f735466cecf":"f.EDB8E63201757EBA70A397A191FE6F64.d.FFE27D4AC85DBEE041CAC78885097607.e.4106","ELEMENT":"f.EDB8E63201757EBA70A397A191FE6F64.d.FFE27D4AC85DBEE041CAC78885097607.e.4106"}]}
COMMAND: GET /session/a0e39dd9b988c670ac78677591e873a6/screenshot - {}
RESULT: {"using":"xpath","value":"//*[@id=\"backBtn\"]"}
COMMAND: POST /session/a0e39dd9b988c670ac78677591e873a6/element/f.EDB8E63201757EBA70A397A191FE6F64.d.FFE27D4AC85DBEE041CAC78885097607.e.3099/click - {}
RESULT: {}
RESULT: {}
COMMAND: GET /session/a0e39dd9b988c670ac78677591e873a6/screenshot - {}
RESULT: {}
COMMAND: POST /session/a0e39dd9b988c670ac78677591e873a6/execute/sync - {"script":"<script> [8489 bytes]","args":[{"element-6066-11e4-a52e-4f735466cecf":"f.EDB8E63201757EBA70A397A191FE6F64.d.FFE27D4AC85DBEE041CAC78885097607.e.3828","ELEMENT":"f.EDB8E63201757EBA70A397A191FE6F64.d.FFE27D4AC85DBEE041CAC78885097607.e.3828"}]}
COMMAND: POST /session/a0e39dd9b988c670ac78677591e873a6/element - {"using":"xpath","value":"//bdi[contains(@id ,\"application-manageresources-display-component---detailRU--openRelatedRus-BDI-content\")]"}
RESULT: {"using":"xpath","value":"//bdi[contains(@id ,\"application-manageresources-display-component---detailRU--openRelatedRus-BDI-content\")]"}
COMMAND: POST /session/a0e39dd9b988c670ac78677591e873a6/execute/sync - {"script":"<script> [8489 bytes]","args":[{"element-6066-11e4-a52e-4f735466cecf":"f.EDB8E63201757EBA70A397A191FE6F64.d.FFE27D4AC85DBEE041CAC78885097607.e.4529","ELEMENT":"f.EDB8E63201757EBA70A397A191FE6F64.d.FFE27D4AC85DBEE041CAC78885097607.e.4529"}]}
RESULT: {"script":"<script> [8489 bytes]","args":[{"element-6066-11e4-a52e-4f735466cecf":"f.EDB8E63201757EBA70A397A191FE6F64.d.FFE27D4AC85DBEE041CAC78885097607.e.4529","ELEMENT":"f.EDB8E63201757EBA70A397A191FE6F64.d.FFE27D4AC85DBEE041CAC78885097607.e.4529"}]}
COMMAND: POST /session/a0e39dd9b988c670ac78677591e873a6/execute/sync - {"script":"<script> [5351 bytes]","args":[{"element-6066-11e4-a52e-4f735466cecf":"f.EDB8E63201757EBA70A397A191FE6F64.d.FFE27D4AC85DBEE041CAC78885097607.e.4529","ELEMENT":"f.EDB8E63201757EBA70A397A191FE6F64.d.FFE27D4AC85DBEE041CAC78885097607.e.4529"}]}
COMMAND: GET /session/a0e39dd9b988c670ac78677591e873a6/screenshot - {}
RESULT: {"script":"<script> [5351 bytes]","args":[{"element-6066-11e4-a52e-4f735466cecf":"f.EDB8E63201757EBA70A397A191FE6F64.d.FFE27D4AC85DBEE041CAC78885097607.e.4529","ELEMENT":"f.EDB8E63201757EBA70A397A191FE6F64.d.FFE27D4AC85DBEE041CAC78885097607.e.4529"}]}
COMMAND: POST /session/a0e39dd9b988c670ac78677591e873a6/element/f.EDB8E63201757EBA70A397A191FE6F64.d.FFE27D4AC85DBEE041CAC78885097607.e.4529/click - {}
COMMAND: GET /session/a0e39dd9b988c670ac78677591e873a6/screenshot - {}
RESULT: {}
RESULT: {}
COMMAND: GET /session/a0e39dd9b988c670ac78677591e873a6/screenshot - {}
RESULT: {}
RESULT: {}
COMMAND: POST /session/a0e39dd9b988c670ac78677591e873a6/element/f.EDB8E63201757EBA70A397A191FE6F64.d.FFE27D4AC85DBEE041CAC78885097607.e.3833/click - {}
COMMAND: POST /session/a0e39dd9b988c670ac78677591e873a6/element - {"using":"xpath","value":"//*[contains(@data-kt ,\"openLocationActionMenuLink\")]"}
RESULT: {"using":"xpath","value":"//*[contains(@data-kt ,\"openLocationActionMenuLink\")]"}
COMMAND: POST /session/a0e39dd9b988c670ac78677591e873a6/element/f.EDB8E63201757EBA70A397A191FE6F64.d.FFE27D4AC85DBEE041CAC78885097607.e.3833/click - {}
COMMAND: POST /session/a0e39dd9b988c670ac78677591e873a6/element - {"using":"xpath","value":"//*[contains(@data-kt ,\"openLocationActionMenuLink\")]"}
RESULT: {"using":"xpath","value":"//*[contains(@data-kt ,\"openLocationActionMenuLink\")]"}
COMMAND: POST /session/a0e39dd9b988c670ac78677591e873a6/element/f.EDB8E63201757EBA70A397A191FE6F64.d.FFE27D4AC85DBEE041CAC78885097607.e.4534/click - {}
RESULT: {}
COMMAND: GET /session/a0e39dd9b988c670ac78677591e873a6/screenshot - {}
RESULT: {}
COMMAND: POST /session/a0e39dd9b988c670ac78677591e873a6/element - {"using":"xpath","value":"(//button[contains(@title ,\"Open in new tab\")])[1]"}
RESULT: {"using":"xpath","value":"(//button[contains(@title ,\"Open in new tab\")])[1]"}
COMMAND: POST /session/a0e39dd9b988c670ac78677591e873a6/element/f.EDB8E63201757EBA70A397A191FE6F64.d.FFE27D4AC85DBEE041CAC78885097607.e.4535/click - {}
RESULT: {}
COMMAND: GET /session/a0e39dd9b988c670ac78677591e873a6/screenshot - {}
RESULT: {}
COMMAND: GET /session/a0e39dd9b988c670ac78677591e873a6/window/handles - {}
RESULT: {}
COMMAND: POST /session/a0e39dd9b988c670ac78677591e873a6/window - {"handle":"FDA65EB511BA94B2C4B9CCF20D1940BA"}
RESULT: {"handle":"FDA65EB511BA94B2C4B9CCF20D1940BA"}
COMMAND: GET /session/a0e39dd9b988c670ac78677591e873a6/url - {}
RESULT: {}
COMMAND: GET /session/a0e39dd9b988c670ac78677591e873a6/screenshot - {}
RESULT: {}
COMMAND: POST /session/a0e39dd9b988c670ac78677591e873a6/execute/sync - {"script":"<script> [8489 bytes]","args":[{"element-6066-11e4-a52e-4f735466cecf":"f.EDB8E63201757EBA70A397A191FE6F64.d.FFE27D4AC85DBEE041CAC78885097607.e.3827","ELEMENT":"f.EDB8E63201757EBA70A397A191FE6F64.d.FFE27D4AC85DBEE041CAC78885097607.e.3827"}]}
COMMAND: DELETE /session/a0e39dd9b988c670ac78677591e873a6/window - {}
RESULT: {}
COMMAND: POST /session/a0e39dd9b988c670ac78677591e873a6/window - {"handle":"EDB8E63201757EBA70A397A191FE6F64"}
RESULT: {"handle":"EDB8E63201757EBA70A397A191FE6F64"}
COMMAND: GET /session/a0e39dd9b988c670ac78677591e873a6/url - {}
COMMAND: POST /session/a0e39dd9b988c670ac78677591e873a6/element - {"using":"xpath","value":"(//span[contains(text(), \"WebdriverYardab3jz\")])[2]"}
RESULT: {}
RESULT: {"using":"xpath","value":"(//span[contains(text(), \"WebdriverYardab3jz\")])[2]"}
COMMAND: POST /session/a0e39dd9b988c670ac78677591e873a6/execute/sync - {"script":"<script> [8489 bytes]","args":[{"element-6066-11e4-a52e-4f735466cecf":"f.EDB8E63201757EBA70A397A191FE6F64.d.FFE27D4AC85DBEE041CAC78885097607.e.4565","ELEMENT":"f.EDB8E63201757EBA70A397A191FE6F64.d.FFE27D4AC85DBEE041CAC78885097607.e.4565"}]}
COMMAND: GET /session/a0e39dd9b988c670ac78677591e873a6/screenshot - {}
RESULT: {"script":"<script> [8489 bytes]","args":[{"element-6066-11e4-a52e-4f735466cecf":"f.EDB8E63201757EBA70A397A191FE6F64.d.FFE27D4AC85DBEE041CAC78885097607.e.4565","ELEMENT":"f.EDB8E63201757EBA70A397A191FE6F64.d.FFE27D4AC85DBEE041CAC78885097607.e.4565"}]}
COMMAND: GET /session/a0e39dd9b988c670ac78677591e873a6/screenshot - {}
RESULT: {}
RESULT: {}
COMMAND: POST /session/a0e39dd9b988c670ac78677591e873a6/element - {"using":"xpath","value":"(//button[contains(@title ,\"Open in new tab\")])[2]"}
RESULT: {"using":"xpath","value":"(//button[contains(@title ,\"Open in new tab\")])[2]"}
COMMAND: POST /session/a0e39dd9b988c670ac78677591e873a6/element/f.EDB8E63201757EBA70A397A191FE6F64.d.FFE27D4AC85DBEE041CAC78885097607.e.4566/click - {}
RESULT: {}
COMMAND: GET /session/a0e39dd9b988c670ac78677591e873a6/screenshot - {}
RESULT: {}
COMMAND: GET /session/a0e39dd9b988c670ac78677591e873a6/window/handles - {}
RESULT: {}
COMMAND: POST /session/a0e39dd9b988c670ac78677591e873a6/window - {"handle":"3F752C53DF2DAB0B337C335735E793E5"}
RESULT: {"handle":"3F752C53DF2DAB0B337C335735E793E5"}
COMMAND: GET /session/a0e39dd9b988c670ac78677591e873a6/url - {}
RESULT: {}
COMMAND: GET /session/a0e39dd9b988c670ac78677591e873a6/screenshot - {}
COMMAND: POST /session/a0e39dd9b988c670ac78677591e873a6/execute/sync - {"script":"<script> [8489 bytes]","args":[{"element-6066-11e4-a52e-4f735466cecf":"f.EDB8E63201757EBA70A397A191FE6F64.d.FFE27D4AC85DBEE041CAC78885097607.e.4106","ELEMENT":"f.EDB8E63201757EBA70A397A191FE6F64.d.FFE27D4AC85DBEE041CAC78885097607.e.4106"}]}
COMMAND: DELETE /session/a0e39dd9b988c670ac78677591e873a6/window - {}
RESULT: {}
RESULT: {}
COMMAND: POST /session/a0e39dd9b988c670ac78677591e873a6/window - {"handle":"EDB8E63201757EBA70A397A191FE6F64"}
RESULT: {"handle":"EDB8E63201757EBA70A397A191FE6F64"}
COMMAND: GET /session/a0e39dd9b988c670ac78677591e873a6/url - {}
COMMAND: POST /session/a0e39dd9b988c670ac78677591e873a6/element - {"using":"xpath","value":"//span[contains(@id ,\"application-addressmanagement-display-component---detailAdm--addressDetailDetailsName1\")][contains(text(), \"WebdriverYardab3jz\")]"}
RESULT: {}
COMMAND: GET /session/a0e39dd9b988c670ac78677591e873a6/screenshot - {}
RESULT: {"using":"xpath","value":"//span[contains(@id ,\"application-addressmanagement-display-component---detailAdm--addressDetailDetailsName1\")][contains(text(), \"WebdriverYardab3jz\")]"}
COMMAND: POST /session/a0e39dd9b988c670ac78677591e873a6/element - {"using":"xpath","value":"//span[contains(@id ,\"application-addressmanagement-display-component---detailAdm--addressDetailDetailsName1\")][contains(text(), \"WebdriverYardab3jz\")]"}
RESULT: {}
RESULT: {"using":"xpath","value":"//span[contains(@id ,\"application-addressmanagement-display-component---detailAdm--addressDetailDetailsName1\")][contains(text(), \"WebdriverYardab3jz\")]"}
COMMAND: POST /session/a0e39dd9b988c670ac78677591e873a6/element - {"using":"xpath","value":"//span[contains(@id ,\"application-addressmanagement-display-component---detailAdm--addressDetailDetailsName1\")][contains(text(), \"WebdriverYardab3jz\")]"}
RESULT: {"using":"xpath","value":"//span[contains(@id ,\"application-addressmanagement-display-component---detailAdm--addressDetailDetailsName1\")][contains(text(), \"WebdriverYardab3jz\")]"}
COMMAND: POST /session/a0e39dd9b988c670ac78677591e873a6/element - {"using":"xpath","value":"//span[contains(@id ,\"application-addressmanagement-display-component---detailAdm--addressDetailDetailsName1\")][contains(text(), \"WebdriverYardab3jz\")]"}
RESULT: {"using":"xpath","value":"//span[contains(@id ,\"application-addressmanagement-display-component---detailAdm--addressDetailDetailsName1\")][contains(text(), \"WebdriverYardab3jz\")]"}
COMMAND: POST /session/a0e39dd9b988c670ac78677591e873a6/element - {"using":"xpath","value":"//span[contains(@id ,\"application-addressmanagement-display-component---detailAdm--addressDetailDetailsName1\")][contains(text(), \"WebdriverYardab3jz\")]"}
RESULT: {"using":"xpath","value":"//span[contains(@id ,\"application-addressmanagement-display-component---detailAdm--addressDetailDetailsName1\")][contains(text(), \"WebdriverYardab3jz\")]"}
COMMAND: POST /session/a0e39dd9b988c670ac78677591e873a6/element - {"using":"xpath","value":"//span[contains(@id ,\"application-addressmanagement-display-component---detailAdm--addressDetailDetailsName1\")][contains(text(), \"WebdriverYardab3jz\")]"}
RESULT: {"using":"xpath","value":"//span[contains(@id ,\"application-addressmanagement-display-component---detailAdm--addressDetailDetailsName1\")][contains(text(), \"WebdriverYardab3jz\")]"}
COMMAND: POST /session/a0e39dd9b988c670ac78677591e873a6/element - {"using":"xpath","value":"//span[contains(@id ,\"application-addressmanagement-display-component---detailAdm--addressDetailDetailsName1\")][contains(text(), \"WebdriverYardab3jz\")]"}
RESULT: {"using":"xpath","value":"//span[contains(@id ,\"application-addressmanagement-display-component---detailAdm--addressDetailDetailsName1\")][contains(text(), \"WebdriverYardab3jz\")]"}
COMMAND: POST /session/a0e39dd9b988c670ac78677591e873a6/element - {"using":"xpath","value":"//span[contains(@id ,\"application-addressmanagement-display-component---detailAdm--addressDetailDetailsName1\")][contains(text(), \"WebdriverYardab3jz\")]"}
RESULT: {"using":"xpath","value":"//span[contains(@id ,\"application-addressmanagement-display-component---detailAdm--addressDetailDetailsName1\")][contains(text(), \"WebdriverYardab3jz\")]"}
COMMAND: POST /session/a0e39dd9b988c670ac78677591e873a6/element - {"using":"xpath","value":"//span[contains(@id ,\"application-addressmanagement-display-component---detailAdm--addressDetailDetailsName1\")][contains(text(), \"WebdriverYardab3jz\")]"}
RESULT: {"using":"xpath","value":"//span[contains(@id ,\"application-addressmanagement-display-component---detailAdm--addressDetailDetailsName1\")][contains(text(), \"WebdriverYardab3jz\")]"}
]]></system-out>
    </testcase>
    <testcase classname="chrome.136_0_7103_93.windows.Related_resources_for_groups_US139107" name="Should set one equipment to inactive and verify that it does not show in the releated resources" time="59.806">
      <system-out><![CDATA[
COMMAND: POST /session/a0e39dd9b988c670ac78677591e873a6/element - {"using":"xpath","value":"//*[contains(@data-kt ,\"openRUIdMenuLink\")]"}
RESULT: {"using":"xpath","value":"//*[contains(@data-kt ,\"openRUIdMenuLink\")]"}
COMMAND: POST /session/a0e39dd9b988c670ac78677591e873a6/execute/sync - {"script":"<script> [8489 bytes]","args":[{"element-6066-11e4-a52e-4f735466cecf":"f.EDB8E63201757EBA70A397A191FE6F64.d.FFE27D4AC85DBEE041CAC78885097607.e.4572","ELEMENT":"f.EDB8E63201757EBA70A397A191FE6F64.d.FFE27D4AC85DBEE041CAC78885097607.e.4572"}]}
RESULT: {"script":"<script> [8489 bytes]","args":[{"element-6066-11e4-a52e-4f735466cecf":"f.EDB8E63201757EBA70A397A191FE6F64.d.FFE27D4AC85DBEE041CAC78885097607.e.4572","ELEMENT":"f.EDB8E63201757EBA70A397A191FE6F64.d.FFE27D4AC85DBEE041CAC78885097607.e.4572"}]}
COMMAND: POST /session/a0e39dd9b988c670ac78677591e873a6/execute/sync - {"script":"<script> [5351 bytes]","args":[{"element-6066-11e4-a52e-4f735466cecf":"f.EDB8E63201757EBA70A397A191FE6F64.d.FFE27D4AC85DBEE041CAC78885097607.e.4572","ELEMENT":"f.EDB8E63201757EBA70A397A191FE6F64.d.FFE27D4AC85DBEE041CAC78885097607.e.4572"}]}
COMMAND: GET /session/a0e39dd9b988c670ac78677591e873a6/screenshot - {}
RESULT: {"script":"<script> [5351 bytes]","args":[{"element-6066-11e4-a52e-4f735466cecf":"f.EDB8E63201757EBA70A397A191FE6F64.d.FFE27D4AC85DBEE041CAC78885097607.e.4572","ELEMENT":"f.EDB8E63201757EBA70A397A191FE6F64.d.FFE27D4AC85DBEE041CAC78885097607.e.4572"}]}
COMMAND: POST /session/a0e39dd9b988c670ac78677591e873a6/element/f.EDB8E63201757EBA70A397A191FE6F64.d.FFE27D4AC85DBEE041CAC78885097607.e.4572/click - {}
COMMAND: GET /session/a0e39dd9b988c670ac78677591e873a6/screenshot - {}
RESULT: {}
COMMAND: POST /session/a0e39dd9b988c670ac78677591e873a6/element - {"using":"xpath","value":"//span[contains(@id ,\"application-addressmanagement-display-component---detailAdm--addressDetailDetailsName1\")][contains(text(), \"WebdriverYardab3jz\")]"}
RESULT: {}
COMMAND: GET /session/a0e39dd9b988c670ac78677591e873a6/screenshot - {}
RESULT: {}
RESULT: {"using":"xpath","value":"//span[contains(@id ,\"application-addressmanagement-display-component---detailAdm--addressDetailDetailsName1\")][contains(text(), \"WebdriverYardab3jz\")]"}
RESULT: {}
COMMAND: POST /session/a0e39dd9b988c670ac78677591e873a6/element - {"using":"xpath","value":"//span[contains(@id ,\"application-addressmanagement-display-component---detailAdm--addressDetailDetailsName1\")][contains(text(), \"WebdriverYardab3jz\")]"}
RESULT: {"using":"xpath","value":"//span[contains(@id ,\"application-addressmanagement-display-component---detailAdm--addressDetailDetailsName1\")][contains(text(), \"WebdriverYardab3jz\")]"}
COMMAND: POST /session/a0e39dd9b988c670ac78677591e873a6/element - {"using":"xpath","value":"//span[contains(@id ,\"application-addressmanagement-display-component---detailAdm--addressDetailDetailsName1\")][contains(text(), \"WebdriverYardab3jz\")]"}
RESULT: {"using":"xpath","value":"//span[contains(@id ,\"application-addressmanagement-display-component---detailAdm--addressDetailDetailsName1\")][contains(text(), \"WebdriverYardab3jz\")]"}
COMMAND: POST /session/a0e39dd9b988c670ac78677591e873a6/element - {"using":"xpath","value":"//span[contains(@id ,\"application-addressmanagement-display-component---detailAdm--addressDetailDetailsName1\")][contains(text(), \"WebdriverYardab3jz\")]"}
COMMAND: POST /session/a0e39dd9b988c670ac78677591e873a6/element - {"using":"xpath","value":"//*[contains(@data-kt ,\"ContextMenuId2Link\")][contains(text(), \"RU Overview\")]"}
RESULT: {"using":"xpath","value":"//span[contains(@id ,\"application-addressmanagement-display-component---detailAdm--addressDetailDetailsName1\")][contains(text(), \"WebdriverYardab3jz\")]"}
RESULT: {"using":"xpath","value":"//*[contains(@data-kt ,\"ContextMenuId2Link\")][contains(text(), \"RU Overview\")]"}
COMMAND: POST /session/a0e39dd9b988c670ac78677591e873a6/execute/sync - {"script":"<script> [8489 bytes]","args":[{"element-6066-11e4-a52e-4f735466cecf":"f.EDB8E63201757EBA70A397A191FE6F64.d.FFE27D4AC85DBEE041CAC78885097607.e.4574","ELEMENT":"f.EDB8E63201757EBA70A397A191FE6F64.d.FFE27D4AC85DBEE041CAC78885097607.e.4574"}]}
COMMAND: POST /session/a0e39dd9b988c670ac78677591e873a6/element/f.EDB8E63201757EBA70A397A191FE6F64.d.FFE27D4AC85DBEE041CAC78885097607.e.4574/click - {}
RESULT: {"script":"<script> [8489 bytes]","args":[{"element-6066-11e4-a52e-4f735466cecf":"f.EDB8E63201757EBA70A397A191FE6F64.d.FFE27D4AC85DBEE041CAC78885097607.e.4574","ELEMENT":"f.EDB8E63201757EBA70A397A191FE6F64.d.FFE27D4AC85DBEE041CAC78885097607.e.4574"}]}
COMMAND: GET /session/a0e39dd9b988c670ac78677591e873a6/screenshot - {}
RESULT: {}
COMMAND: GET /session/a0e39dd9b988c670ac78677591e873a6/screenshot - {}
COMMAND: POST /session/a0e39dd9b988c670ac78677591e873a6/element - {"using":"xpath","value":"//span[contains(@id ,\"application-addressmanagement-display-component---detailAdm--addressDetailDetailsName1\")][contains(text(), \"WebdriverYardab3jz\")]"}
RESULT: {}
RESULT: {}
RESULT: {"using":"xpath","value":"//span[contains(@id ,\"application-addressmanagement-display-component---detailAdm--addressDetailDetailsName1\")][contains(text(), \"WebdriverYardab3jz\")]"}
COMMAND: POST /session/a0e39dd9b988c670ac78677591e873a6/element - {"using":"xpath","value":"//span[contains(@id ,\"application-addressmanagement-display-component---detailAdm--addressDetailDetailsName1\")][contains(text(), \"WebdriverYardab3jz\")]"}
RESULT: {"using":"xpath","value":"//span[contains(@id ,\"application-addressmanagement-display-component---detailAdm--addressDetailDetailsName1\")][contains(text(), \"WebdriverYardab3jz\")]"}
COMMAND: POST /session/a0e39dd9b988c670ac78677591e873a6/element - {"using":"xpath","value":"//span[contains(@id ,\"application-addressmanagement-display-component---detailAdm--addressDetailDetailsName1\")][contains(text(), \"WebdriverYardab3jz\")]"}
RESULT: {"using":"xpath","value":"//span[contains(@id ,\"application-addressmanagement-display-component---detailAdm--addressDetailDetailsName1\")][contains(text(), \"WebdriverYardab3jz\")]"}
COMMAND: POST /session/a0e39dd9b988c670ac78677591e873a6/element - {"using":"xpath","value":"//span[contains(@id ,\"application-addressmanagement-display-component---detailAdm--addressDetailDetailsName1\")][contains(text(), \"WebdriverYardab3jz\")]"}
RESULT: {"using":"xpath","value":"//span[contains(@id ,\"application-addressmanagement-display-component---detailAdm--addressDetailDetailsName1\")][contains(text(), \"WebdriverYardab3jz\")]"}
COMMAND: POST /session/a0e39dd9b988c670ac78677591e873a6/element - {"using":"xpath","value":"//span[contains(@id ,\"application-addressmanagement-display-component---detailAdm--addressDetailDetailsName1\")][contains(text(), \"WebdriverYardab3jz\")]"}
RESULT: {"using":"xpath","value":"//span[contains(@id ,\"application-addressmanagement-display-component---detailAdm--addressDetailDetailsName1\")][contains(text(), \"WebdriverYardab3jz\")]"}
COMMAND: POST /session/a0e39dd9b988c670ac78677591e873a6/element - {"using":"xpath","value":"//span[contains(@id ,\"application-addressmanagement-display-component---detailAdm--addressDetailDetailsName1\")][contains(text(), \"WebdriverYardab3jz\")]"}
RESULT: {"using":"xpath","value":"//span[contains(@id ,\"application-addressmanagement-display-component---detailAdm--addressDetailDetailsName1\")][contains(text(), \"WebdriverYardab3jz\")]"}
COMMAND: POST /session/a0e39dd9b988c670ac78677591e873a6/element - {"using":"xpath","value":"//span[contains(@id ,\"application-addressmanagement-display-component---detailAdm--addressDetailDetailsName1\")][contains(text(), \"WebdriverYardab3jz\")]"}
RESULT: {"using":"xpath","value":"//span[contains(@id ,\"application-addressmanagement-display-component---detailAdm--addressDetailDetailsName1\")][contains(text(), \"WebdriverYardab3jz\")]"}
COMMAND: POST /session/a0e39dd9b988c670ac78677591e873a6/element - {"using":"xpath","value":"//span[contains(@id ,\"application-addressmanagement-display-component---detailAdm--addressDetailDetailsName1\")][contains(text(), \"WebdriverYardab3jz\")]"}
RESULT: {"using":"xpath","value":"//span[contains(@id ,\"application-addressmanagement-display-component---detailAdm--addressDetailDetailsName1\")][contains(text(), \"WebdriverYardab3jz\")]"}
COMMAND: POST /session/a0e39dd9b988c670ac78677591e873a6/element - {"using":"xpath","value":"//span[contains(@id ,\"application-addressmanagement-display-component---detailAdm--addressDetailDetailsName1\")][contains(text(), \"WebdriverYardab3jz\")]"}
RESULT: {"using":"xpath","value":"//span[contains(@id ,\"application-addressmanagement-display-component---detailAdm--addressDetailDetailsName1\")][contains(text(), \"WebdriverYardab3jz\")]"}
COMMAND: POST /session/a0e39dd9b988c670ac78677591e873a6/element - {"using":"xpath","value":"//span[contains(@id ,\"application-addressmanagement-display-component---detailAdm--addressDetailDetailsName1\")][contains(text(), \"WebdriverYardab3jz\")]"}
RESULT: {"using":"xpath","value":"//span[contains(@id ,\"application-addressmanagement-display-component---detailAdm--addressDetailDetailsName1\")][contains(text(), \"WebdriverYardab3jz\")]"}
COMMAND: POST /session/a0e39dd9b988c670ac78677591e873a6/element - {"using":"xpath","value":"//span[contains(@id ,\"actionsToolbar-overflowButton-img\")]"}
RESULT: {"using":"xpath","value":"//span[contains(@id ,\"actionsToolbar-overflowButton-img\")]"}
COMMAND: POST /session/a0e39dd9b988c670ac78677591e873a6/execute/sync - {"script":"<script> [8489 bytes]","args":[{"element-6066-11e4-a52e-4f735466cecf":"f.EDB8E63201757EBA70A397A191FE6F64.d.FFE27D4AC85DBEE041CAC78885097607.e.5009","ELEMENT":"f.EDB8E63201757EBA70A397A191FE6F64.d.FFE27D4AC85DBEE041CAC78885097607.e.5009"}]}
RESULT: {"script":"<script> [8489 bytes]","args":[{"element-6066-11e4-a52e-4f735466cecf":"f.EDB8E63201757EBA70A397A191FE6F64.d.FFE27D4AC85DBEE041CAC78885097607.e.5009","ELEMENT":"f.EDB8E63201757EBA70A397A191FE6F64.d.FFE27D4AC85DBEE041CAC78885097607.e.5009"}]}
COMMAND: POST /session/a0e39dd9b988c670ac78677591e873a6/execute/sync - {"script":"<script> [5351 bytes]","args":[{"element-6066-11e4-a52e-4f735466cecf":"f.EDB8E63201757EBA70A397A191FE6F64.d.FFE27D4AC85DBEE041CAC78885097607.e.5009","ELEMENT":"f.EDB8E63201757EBA70A397A191FE6F64.d.FFE27D4AC85DBEE041CAC78885097607.e.5009"}]}
COMMAND: GET /session/a0e39dd9b988c670ac78677591e873a6/screenshot - {}
RESULT: {"script":"<script> [5351 bytes]","args":[{"element-6066-11e4-a52e-4f735466cecf":"f.EDB8E63201757EBA70A397A191FE6F64.d.FFE27D4AC85DBEE041CAC78885097607.e.5009","ELEMENT":"f.EDB8E63201757EBA70A397A191FE6F64.d.FFE27D4AC85DBEE041CAC78885097607.e.5009"}]}
COMMAND: POST /session/a0e39dd9b988c670ac78677591e873a6/element/f.EDB8E63201757EBA70A397A191FE6F64.d.FFE27D4AC85DBEE041CAC78885097607.e.5009/click - {}
COMMAND: GET /session/a0e39dd9b988c670ac78677591e873a6/screenshot - {}
COMMAND: POST /session/a0e39dd9b988c670ac78677591e873a6/element - {"using":"xpath","value":"//span[contains(@id ,\"application-addressmanagement-display-component---detailAdm--addressDetailDetailsName1\")][contains(text(), \"WebdriverYardab3jz\")]"}
RESULT: {}
RESULT: {}
COMMAND: GET /session/a0e39dd9b988c670ac78677591e873a6/screenshot - {}
RESULT: {}
RESULT: {"using":"xpath","value":"//span[contains(@id ,\"application-addressmanagement-display-component---detailAdm--addressDetailDetailsName1\")][contains(text(), \"WebdriverYardab3jz\")]"}
RESULT: {}
COMMAND: POST /session/a0e39dd9b988c670ac78677591e873a6/element - {"using":"xpath","value":"//span[contains(@id ,\"application-addressmanagement-display-component---detailAdm--addressDetailDetailsName1\")][contains(text(), \"WebdriverYardab3jz\")]"}
RESULT: {"using":"xpath","value":"//span[contains(@id ,\"application-addressmanagement-display-component---detailAdm--addressDetailDetailsName1\")][contains(text(), \"WebdriverYardab3jz\")]"}
COMMAND: POST /session/a0e39dd9b988c670ac78677591e873a6/element - {"using":"xpath","value":"//span[contains(@id ,\"application-addressmanagement-display-component---detailAdm--addressDetailDetailsName1\")][contains(text(), \"WebdriverYardab3jz\")]"}
RESULT: {"using":"xpath","value":"//span[contains(@id ,\"application-addressmanagement-display-component---detailAdm--addressDetailDetailsName1\")][contains(text(), \"WebdriverYardab3jz\")]"}
COMMAND: POST /session/a0e39dd9b988c670ac78677591e873a6/element - {"using":"xpath","value":"//span[contains(@id ,\"application-addressmanagement-display-component---detailAdm--addressDetailDetailsName1\")][contains(text(), \"WebdriverYardab3jz\")]"}
COMMAND: POST /session/a0e39dd9b988c670ac78677591e873a6/element - {"using":"xpath","value":"(//bdi[contains(text(), \"Deactivate\")])[1]"}
RESULT: {"using":"xpath","value":"//span[contains(@id ,\"application-addressmanagement-display-component---detailAdm--addressDetailDetailsName1\")][contains(text(), \"WebdriverYardab3jz\")]"}
RESULT: {"using":"xpath","value":"(//bdi[contains(text(), \"Deactivate\")])[1]"}
COMMAND: POST /session/a0e39dd9b988c670ac78677591e873a6/element/f.EDB8E63201757EBA70A397A191FE6F64.d.FFE27D4AC85DBEE041CAC78885097607.e.5013/click - {}
COMMAND: POST /session/a0e39dd9b988c670ac78677591e873a6/element - {"using":"xpath","value":"//span[contains(@id ,\"application-addressmanagement-display-component---detailAdm--addressDetailDetailsName1\")][contains(text(), \"WebdriverYardab3jz\")]"}
RESULT: {}
COMMAND: GET /session/a0e39dd9b988c670ac78677591e873a6/screenshot - {}
RESULT: {"using":"xpath","value":"//span[contains(@id ,\"application-addressmanagement-display-component---detailAdm--addressDetailDetailsName1\")][contains(text(), \"WebdriverYardab3jz\")]"}
RESULT: {}
COMMAND: POST /session/a0e39dd9b988c670ac78677591e873a6/element - {"using":"xpath","value":"//span[contains(@id ,\"application-addressmanagement-display-component---detailAdm--addressDetailDetailsName1\")][contains(text(), \"WebdriverYardab3jz\")]"}
RESULT: {"using":"xpath","value":"//span[contains(@id ,\"application-addressmanagement-display-component---detailAdm--addressDetailDetailsName1\")][contains(text(), \"WebdriverYardab3jz\")]"}
COMMAND: POST /session/a0e39dd9b988c670ac78677591e873a6/element - {"using":"xpath","value":"//span[contains(@id ,\"application-addressmanagement-display-component---detailAdm--addressDetailDetailsName1\")][contains(text(), \"WebdriverYardab3jz\")]"}
RESULT: {"using":"xpath","value":"//span[contains(@id ,\"application-addressmanagement-display-component---detailAdm--addressDetailDetailsName1\")][contains(text(), \"WebdriverYardab3jz\")]"}
COMMAND: POST /session/a0e39dd9b988c670ac78677591e873a6/element - {"using":"xpath","value":"//span[contains(@id ,\"application-addressmanagement-display-component---detailAdm--addressDetailDetailsName1\")][contains(text(), \"WebdriverYardab3jz\")]"}
RESULT: {"using":"xpath","value":"//span[contains(@id ,\"application-addressmanagement-display-component---detailAdm--addressDetailDetailsName1\")][contains(text(), \"WebdriverYardab3jz\")]"}
COMMAND: POST /session/a0e39dd9b988c670ac78677591e873a6/element - {"using":"xpath","value":"(//bdi[contains(text(), \"OK\")])[1]"}
RESULT: {"using":"xpath","value":"(//bdi[contains(text(), \"OK\")])[1]"}
COMMAND: POST /session/a0e39dd9b988c670ac78677591e873a6/element/f.EDB8E63201757EBA70A397A191FE6F64.d.FFE27D4AC85DBEE041CAC78885097607.e.5016/click - {}
RESULT: {}
COMMAND: GET /session/a0e39dd9b988c670ac78677591e873a6/screenshot - {}
COMMAND: POST /session/a0e39dd9b988c670ac78677591e873a6/element - {"using":"xpath","value":"//span[contains(@id ,\"application-addressmanagement-display-component---detailAdm--addressDetailDetailsName1\")][contains(text(), \"WebdriverYardab3jz\")]"}
RESULT: {"using":"xpath","value":"//span[contains(@id ,\"application-addressmanagement-display-component---detailAdm--addressDetailDetailsName1\")][contains(text(), \"WebdriverYardab3jz\")]"}
COMMAND: POST /session/a0e39dd9b988c670ac78677591e873a6/element - {"using":"xpath","value":"//span[contains(@id ,\"application-addressmanagement-display-component---detailAdm--addressDetailDetailsName1\")][contains(text(), \"WebdriverYardab3jz\")]"}
RESULT: {}
RESULT: {"using":"xpath","value":"//span[contains(@id ,\"application-addressmanagement-display-component---detailAdm--addressDetailDetailsName1\")][contains(text(), \"WebdriverYardab3jz\")]"}
COMMAND: POST /session/a0e39dd9b988c670ac78677591e873a6/element - {"using":"xpath","value":"//span[contains(@id ,\"application-addressmanagement-display-component---detailAdm--addressDetailDetailsName1\")][contains(text(), \"WebdriverYardab3jz\")]"}
RESULT: {"using":"xpath","value":"//span[contains(@id ,\"application-addressmanagement-display-component---detailAdm--addressDetailDetailsName1\")][contains(text(), \"WebdriverYardab3jz\")]"}
COMMAND: POST /session/a0e39dd9b988c670ac78677591e873a6/element - {"using":"xpath","value":"//span[contains(@id ,\"application-addressmanagement-display-component---detailAdm--addressDetailDetailsName1\")][contains(text(), \"WebdriverYardab3jz\")]"}
RESULT: {"using":"xpath","value":"//span[contains(@id ,\"application-addressmanagement-display-component---detailAdm--addressDetailDetailsName1\")][contains(text(), \"WebdriverYardab3jz\")]"}
COMMAND: POST /session/a0e39dd9b988c670ac78677591e873a6/element - {"using":"xpath","value":"//input[contains(@id ,\"application-manageresources-display-component---masterRU--smartFilterBar-btnBasicSearch-I\")]"}
RESULT: {"using":"xpath","value":"//input[contains(@id ,\"application-manageresources-display-component---masterRU--smartFilterBar-btnBasicSearch-I\")]"}
COMMAND: POST /session/a0e39dd9b988c670ac78677591e873a6/element/f.EDB8E63201757EBA70A397A191FE6F64.d.FFE27D4AC85DBEE041CAC78885097607.e.4584/value - {"text":"WdIORUGroupidw9j"}
COMMAND: POST /session/a0e39dd9b988c670ac78677591e873a6/element - {"using":"xpath","value":"//span[contains(@id ,\"application-addressmanagement-display-component---detailAdm--addressDetailDetailsName1\")][contains(text(), \"WebdriverYardab3jz\")]"}
RESULT: {"text":"WdIORUGroupidw9j"}
COMMAND: GET /session/a0e39dd9b988c670ac78677591e873a6/screenshot - {}
RESULT: {"using":"xpath","value":"//span[contains(@id ,\"application-addressmanagement-display-component---detailAdm--addressDetailDetailsName1\")][contains(text(), \"WebdriverYardab3jz\")]"}
RESULT: {}
COMMAND: POST /session/a0e39dd9b988c670ac78677591e873a6/element - {"using":"xpath","value":"//span[contains(@id ,\"application-addressmanagement-display-component---detailAdm--addressDetailDetailsName1\")][contains(text(), \"WebdriverYardab3jz\")]"}
RESULT: {"using":"xpath","value":"//span[contains(@id ,\"application-addressmanagement-display-component---detailAdm--addressDetailDetailsName1\")][contains(text(), \"WebdriverYardab3jz\")]"}
COMMAND: POST /session/a0e39dd9b988c670ac78677591e873a6/element - {"using":"xpath","value":"//span[contains(@id ,\"application-addressmanagement-display-component---detailAdm--addressDetailDetailsName1\")][contains(text(), \"WebdriverYardab3jz\")]"}
RESULT: {"using":"xpath","value":"//span[contains(@id ,\"application-addressmanagement-display-component---detailAdm--addressDetailDetailsName1\")][contains(text(), \"WebdriverYardab3jz\")]"}
COMMAND: POST /session/a0e39dd9b988c670ac78677591e873a6/element - {"using":"xpath","value":"//span[contains(@id ,\"application-addressmanagement-display-component---detailAdm--addressDetailDetailsName1\")][contains(text(), \"WebdriverYardab3jz\")]"}
RESULT: {"using":"xpath","value":"//span[contains(@id ,\"application-addressmanagement-display-component---detailAdm--addressDetailDetailsName1\")][contains(text(), \"WebdriverYardab3jz\")]"}
COMMAND: POST /session/a0e39dd9b988c670ac78677591e873a6/actions - {"actions":[{"id":"action13","type":"key","parameters":{},"actions":[{"type":"keyDown","value":""},{"type":"pause","duration":10},{"type":"keyUp","value":""}]}]}
RESULT: {"actions":[{"id":"action13","type":"key","parameters":{},"actions":[{"type":"keyDown","value":""},{"type":"pause","duration":10},{"type":"keyUp","value":""}]}]}
COMMAND: GET /session/a0e39dd9b988c670ac78677591e873a6/screenshot - {}
COMMAND: POST /session/a0e39dd9b988c670ac78677591e873a6/element - {"using":"xpath","value":"//span[contains(@id ,\"application-addressmanagement-display-component---detailAdm--addressDetailDetailsName1\")][contains(text(), \"WebdriverYardab3jz\")]"}
RESULT: {}
RESULT: {"using":"xpath","value":"//span[contains(@id ,\"application-addressmanagement-display-component---detailAdm--addressDetailDetailsName1\")][contains(text(), \"WebdriverYardab3jz\")]"}
COMMAND: POST /session/a0e39dd9b988c670ac78677591e873a6/element - {"using":"xpath","value":"//span[contains(@id ,\"application-addressmanagement-display-component---detailAdm--addressDetailDetailsName1\")][contains(text(), \"WebdriverYardab3jz\")]"}
RESULT: {"using":"xpath","value":"//span[contains(@id ,\"application-addressmanagement-display-component---detailAdm--addressDetailDetailsName1\")][contains(text(), \"WebdriverYardab3jz\")]"}
COMMAND: POST /session/a0e39dd9b988c670ac78677591e873a6/element - {"using":"xpath","value":"//span[contains(@id ,\"application-addressmanagement-display-component---detailAdm--addressDetailDetailsName1\")][contains(text(), \"WebdriverYardab3jz\")]"}
RESULT: {"using":"xpath","value":"//span[contains(@id ,\"application-addressmanagement-display-component---detailAdm--addressDetailDetailsName1\")][contains(text(), \"WebdriverYardab3jz\")]"}
COMMAND: POST /session/a0e39dd9b988c670ac78677591e873a6/element - {"using":"xpath","value":"//span[contains(@id ,\"application-addressmanagement-display-component---detailAdm--addressDetailDetailsName1\")][contains(text(), \"WebdriverYardab3jz\")]"}
RESULT: {"using":"xpath","value":"//span[contains(@id ,\"application-addressmanagement-display-component---detailAdm--addressDetailDetailsName1\")][contains(text(), \"WebdriverYardab3jz\")]"}
COMMAND: POST /session/a0e39dd9b988c670ac78677591e873a6/element - {"using":"xpath","value":"//span[contains(@id ,\"application-addressmanagement-display-component---detailAdm--addressDetailDetailsName1\")][contains(text(), \"WebdriverYardab3jz\")]"}
RESULT: {"using":"xpath","value":"//span[contains(@id ,\"application-addressmanagement-display-component---detailAdm--addressDetailDetailsName1\")][contains(text(), \"WebdriverYardab3jz\")]"}
COMMAND: POST /session/a0e39dd9b988c670ac78677591e873a6/element - {"using":"xpath","value":"//span[contains(@id ,\"application-addressmanagement-display-component---detailAdm--addressDetailDetailsName1\")][contains(text(), \"WebdriverYardab3jz\")]"}
RESULT: {"using":"xpath","value":"//span[contains(@id ,\"application-addressmanagement-display-component---detailAdm--addressDetailDetailsName1\")][contains(text(), \"WebdriverYardab3jz\")]"}
COMMAND: POST /session/a0e39dd9b988c670ac78677591e873a6/element - {"using":"xpath","value":"//span[contains(@id ,\"application-addressmanagement-display-component---detailAdm--addressDetailDetailsName1\")][contains(text(), \"WebdriverYardab3jz\")]"}
RESULT: {"using":"xpath","value":"//span[contains(@id ,\"application-addressmanagement-display-component---detailAdm--addressDetailDetailsName1\")][contains(text(), \"WebdriverYardab3jz\")]"}
COMMAND: POST /session/a0e39dd9b988c670ac78677591e873a6/element - {"using":"xpath","value":"//span[contains(@id ,\"application-addressmanagement-display-component---detailAdm--addressDetailDetailsName1\")][contains(text(), \"WebdriverYardab3jz\")]"}
RESULT: {"using":"xpath","value":"//span[contains(@id ,\"application-addressmanagement-display-component---detailAdm--addressDetailDetailsName1\")][contains(text(), \"WebdriverYardab3jz\")]"}
COMMAND: POST /session/a0e39dd9b988c670ac78677591e873a6/element - {"using":"xpath","value":"//span[contains(@id ,\"application-addressmanagement-display-component---detailAdm--addressDetailDetailsName1\")][contains(text(), \"WebdriverYardab3jz\")]"}
COMMAND: POST /session/a0e39dd9b988c670ac78677591e873a6/element - {"using":"xpath","value":"//span[contains(text(), \"WdIORUGroupidw9j\")][contains(@class ,\"sapMText sapUiSelectable sapMTextBreakWord sapMTextMaxWidth\")]"}
RESULT: {"using":"xpath","value":"//span[contains(@id ,\"application-addressmanagement-display-component---detailAdm--addressDetailDetailsName1\")][contains(text(), \"WebdriverYardab3jz\")]"}
RESULT: {"using":"xpath","value":"//span[contains(text(), \"WdIORUGroupidw9j\")][contains(@class ,\"sapMText sapUiSelectable sapMTextBreakWord sapMTextMaxWidth\")]"}
COMMAND: POST /session/a0e39dd9b988c670ac78677591e873a6/element/f.EDB8E63201757EBA70A397A191FE6F64.d.FFE27D4AC85DBEE041CAC78885097607.e.5142/click - {}
RESULT: {}
COMMAND: GET /session/a0e39dd9b988c670ac78677591e873a6/screenshot - {}
RESULT: {}
COMMAND: POST /session/a0e39dd9b988c670ac78677591e873a6/element - {"using":"xpath","value":"//bdi[contains(@id ,\"application-manageresources-display-component---detailRU--openRelatedRus-BDI-content\")]"}
RESULT: {"using":"xpath","value":"//bdi[contains(@id ,\"application-manageresources-display-component---detailRU--openRelatedRus-BDI-content\")]"}
COMMAND: POST /session/a0e39dd9b988c670ac78677591e873a6/execute/sync - {"script":"<script> [8489 bytes]","args":[{"element-6066-11e4-a52e-4f735466cecf":"f.EDB8E63201757EBA70A397A191FE6F64.d.FFE27D4AC85DBEE041CAC78885097607.e.5257","ELEMENT":"f.EDB8E63201757EBA70A397A191FE6F64.d.FFE27D4AC85DBEE041CAC78885097607.e.5257"}]}
RESULT: {"script":"<script> [8489 bytes]","args":[{"element-6066-11e4-a52e-4f735466cecf":"f.EDB8E63201757EBA70A397A191FE6F64.d.FFE27D4AC85DBEE041CAC78885097607.e.5257","ELEMENT":"f.EDB8E63201757EBA70A397A191FE6F64.d.FFE27D4AC85DBEE041CAC78885097607.e.5257"}]}
COMMAND: POST /session/a0e39dd9b988c670ac78677591e873a6/execute/sync - {"script":"<script> [5351 bytes]","args":[{"element-6066-11e4-a52e-4f735466cecf":"f.EDB8E63201757EBA70A397A191FE6F64.d.FFE27D4AC85DBEE041CAC78885097607.e.5257","ELEMENT":"f.EDB8E63201757EBA70A397A191FE6F64.d.FFE27D4AC85DBEE041CAC78885097607.e.5257"}]}
COMMAND: GET /session/a0e39dd9b988c670ac78677591e873a6/screenshot - {}
RESULT: {"script":"<script> [5351 bytes]","args":[{"element-6066-11e4-a52e-4f735466cecf":"f.EDB8E63201757EBA70A397A191FE6F64.d.FFE27D4AC85DBEE041CAC78885097607.e.5257","ELEMENT":"f.EDB8E63201757EBA70A397A191FE6F64.d.FFE27D4AC85DBEE041CAC78885097607.e.5257"}]}
COMMAND: POST /session/a0e39dd9b988c670ac78677591e873a6/element/f.EDB8E63201757EBA70A397A191FE6F64.d.FFE27D4AC85DBEE041CAC78885097607.e.5257/click - {}
COMMAND: GET /session/a0e39dd9b988c670ac78677591e873a6/screenshot - {}
RESULT: {}
RESULT: {}
COMMAND: GET /session/a0e39dd9b988c670ac78677591e873a6/screenshot - {}
RESULT: {}
RESULT: {}
RESULT: undefined
COMMAND: POST /session/a0e39dd9b988c670ac78677591e873a6/execute/async - {"script":"<script> [6424 bytes]","args":[{"element-6066-11e4-a52e-4f735466cecf":"f.EDB8E63201757EBA70A397A191FE6F64.d.FFE27D4AC85DBEE041CAC78885097607.e.2777"},"getText",[]]}
COMMAND: POST /session/a0e39dd9b988c670ac78677591e873a6/execute/async - {"script":"<script> [1562 bytes]","args":[{"selector":{"id":"RelatedRUsFragmentID--smartTableRUs-header","searchOpenDialogs":true},"wdio_ui5_key":"RelatedRUsFragmentIDsmartTableRUs-header"}]}
RESULT: {"script":"<script> [1562 bytes]","args":[{"selector":{"id":"RelatedRUsFragmentID--smartTableRUs-header","searchOpenDialogs":true},"wdio_ui5_key":"RelatedRUsFragmentIDsmartTableRUs-header"}]}
COMMAND: POST /session/a0e39dd9b988c670ac78677591e873a6/execute/async - {"script":"<script> [6424 bytes]","args":[{"element-6066-11e4-a52e-4f735466cecf":"f.EDB8E63201757EBA70A397A191FE6F64.d.FFE27D4AC85DBEE041CAC78885097607.e.5262"},"getText",[]]}
RESULT: {"script":"<script> [6424 bytes]","args":[{"element-6066-11e4-a52e-4f735466cecf":"f.EDB8E63201757EBA70A397A191FE6F64.d.FFE27D4AC85DBEE041CAC78885097607.e.5262"},"getText",[]]}
COMMAND: POST /session/a0e39dd9b988c670ac78677591e873a6/element - {"using":"xpath","value":"//span[contains(text(), \"WdIORUEquip1zbj1rj\")]"}
RESULT: {"using":"xpath","value":"//span[contains(text(), \"WdIORUEquip1zbj1rj\")]"}
COMMAND: POST /session/a0e39dd9b988c670ac78677591e873a6/element - {"using":"xpath","value":"//span[contains(text(), \"WdIORUEquip1zbj1rj\")]"}
RESULT: {"using":"xpath","value":"//span[contains(text(), \"WdIORUEquip1zbj1rj\")]"}
COMMAND: DELETE /session/a0e39dd9b988c670ac78677591e873a6 - {}
RESULT: {}
]]></system-out>
    </testcase>
  </testsuite>
</testsuites>