<?xml version="1.0" encoding="UTF-8"?>
<testsuites tests="5" failures="0" errors="0" skipped="0">
  <testsuite timestamp="2025-05-06T17:57:15" time="315.209" tests="5" failures="0" errors="0" skipped="0">
    <properties>
      <property name="specId" value="0" />
      <property name="suiteName" value="Address Management Tests US151165 US151160" />
      <property name="capabilities" value="chrome.135_0_7049_115.windows" />
      <property name="file" value="file:///D:/a/1/s/test/specs/BTS/address-management.spec.js" />
    </properties>
    <testcase classname="chrome.135_0_7049_115.windows.Address_Management_Tests_US151165_US151160" name="Step 1 Will check existence of address created with generated name if none then we create" time="64.988">
      <system-out><![CDATA[
COMMAND: POST /session/e8a9fd285ca3c96e8d4d051af199a2f0/execute/async - {"script":"<script> [1562 bytes]","args":[{"selector":{"controlType":"sap.m.GenericTile","properties":{"header":"Address Management"}},"wdio_ui5_key":"sapm.GenericTile{\"header\":\"Address Management\"}"}]}
RESULT: {"script":"<script> [1562 bytes]","args":[{"selector":{"controlType":"sap.m.GenericTile","properties":{"header":"Address Management"}},"wdio_ui5_key":"sapm.GenericTile{\"header\":\"Address Management\"}"}]}
RESULT: undefined
COMMAND: POST /session/e8a9fd285ca3c96e8d4d051af199a2f0/element - {"using":"xpath","value":"//*[@id=\"__tile33\"]"}
RESULT: {"using":"xpath","value":"//*[@id=\"__tile33\"]"}
COMMAND: POST /session/e8a9fd285ca3c96e8d4d051af199a2f0/element/f.F24DDB532ACE73074D567B2769F7EE3D.d.15661353D3D4E53897B57C73D7099FC1.e.207/click - {}
RESULT: {}
COMMAND: POST /session/e8a9fd285ca3c96e8d4d051af199a2f0/element - {"using":"xpath","value":"//button[@data-kt=\"addButton\"]"}
COMMAND: GET /session/e8a9fd285ca3c96e8d4d051af199a2f0/screenshot - {}
RESULT: {"using":"xpath","value":"//button[@data-kt=\"addButton\"]"}
COMMAND: POST /session/e8a9fd285ca3c96e8d4d051af199a2f0/elements - {"using":"xpath","value":"//button[@data-kt=\"addButton\"]"}
RESULT: {}
RESULT: {"using":"xpath","value":"//button[@data-kt=\"addButton\"]"}
COMMAND: POST /session/e8a9fd285ca3c96e8d4d051af199a2f0/elements - {"using":"xpath","value":"//button[@data-kt=\"addButton\"]"}
RESULT: {"using":"xpath","value":"//button[@data-kt=\"addButton\"]"}
COMMAND: POST /session/e8a9fd285ca3c96e8d4d051af199a2f0/elements - {"using":"xpath","value":"//button[@data-kt=\"addButton\"]"}
RESULT: {"using":"xpath","value":"//button[@data-kt=\"addButton\"]"}
COMMAND: POST /session/e8a9fd285ca3c96e8d4d051af199a2f0/elements - {"using":"xpath","value":"//button[@data-kt=\"addButton\"]"}
RESULT: {"using":"xpath","value":"//button[@data-kt=\"addButton\"]"}
COMMAND: POST /session/e8a9fd285ca3c96e8d4d051af199a2f0/elements - {"using":"xpath","value":"//button[@data-kt=\"addButton\"]"}
RESULT: {"using":"xpath","value":"//button[@data-kt=\"addButton\"]"}
COMMAND: POST /session/e8a9fd285ca3c96e8d4d051af199a2f0/elements - {"using":"xpath","value":"//button[@data-kt=\"addButton\"]"}
RESULT: {"using":"xpath","value":"//button[@data-kt=\"addButton\"]"}
COMMAND: POST /session/e8a9fd285ca3c96e8d4d051af199a2f0/elements - {"using":"xpath","value":"//button[@data-kt=\"addButton\"]"}
RESULT: {"using":"xpath","value":"//button[@data-kt=\"addButton\"]"}
COMMAND: POST /session/e8a9fd285ca3c96e8d4d051af199a2f0/elements - {"using":"xpath","value":"//button[@data-kt=\"addButton\"]"}
RESULT: {"using":"xpath","value":"//button[@data-kt=\"addButton\"]"}
COMMAND: POST /session/e8a9fd285ca3c96e8d4d051af199a2f0/elements - {"using":"xpath","value":"//button[@data-kt=\"addButton\"]"}
RESULT: {"using":"xpath","value":"//button[@data-kt=\"addButton\"]"}
COMMAND: POST /session/e8a9fd285ca3c96e8d4d051af199a2f0/elements - {"using":"xpath","value":"//button[@data-kt=\"addButton\"]"}
RESULT: {"using":"xpath","value":"//button[@data-kt=\"addButton\"]"}
COMMAND: POST /session/e8a9fd285ca3c96e8d4d051af199a2f0/elements - {"using":"xpath","value":"//button[@data-kt=\"addButton\"]"}
RESULT: {"using":"xpath","value":"//button[@data-kt=\"addButton\"]"}
COMMAND: POST /session/e8a9fd285ca3c96e8d4d051af199a2f0/elements - {"using":"xpath","value":"//button[@data-kt=\"addButton\"]"}
RESULT: {"using":"xpath","value":"//button[@data-kt=\"addButton\"]"}
COMMAND: POST /session/e8a9fd285ca3c96e8d4d051af199a2f0/elements - {"using":"xpath","value":"//button[@data-kt=\"addButton\"]"}
RESULT: {"using":"xpath","value":"//button[@data-kt=\"addButton\"]"}
COMMAND: POST /session/e8a9fd285ca3c96e8d4d051af199a2f0/elements - {"using":"xpath","value":"//button[@data-kt=\"addButton\"]"}
RESULT: {"using":"xpath","value":"//button[@data-kt=\"addButton\"]"}
COMMAND: POST /session/e8a9fd285ca3c96e8d4d051af199a2f0/elements - {"using":"xpath","value":"//button[@data-kt=\"addButton\"]"}
RESULT: {"using":"xpath","value":"//button[@data-kt=\"addButton\"]"}
COMMAND: POST /session/e8a9fd285ca3c96e8d4d051af199a2f0/elements - {"using":"xpath","value":"//button[@data-kt=\"addButton\"]"}
RESULT: {"using":"xpath","value":"//button[@data-kt=\"addButton\"]"}
COMMAND: POST /session/e8a9fd285ca3c96e8d4d051af199a2f0/elements - {"using":"xpath","value":"//button[@data-kt=\"addButton\"]"}
RESULT: {"using":"xpath","value":"//button[@data-kt=\"addButton\"]"}
COMMAND: POST /session/e8a9fd285ca3c96e8d4d051af199a2f0/elements - {"using":"xpath","value":"//button[@data-kt=\"addButton\"]"}
RESULT: {"using":"xpath","value":"//button[@data-kt=\"addButton\"]"}
COMMAND: POST /session/e8a9fd285ca3c96e8d4d051af199a2f0/elements - {"using":"xpath","value":"//button[@data-kt=\"addButton\"]"}
RESULT: {"using":"xpath","value":"//button[@data-kt=\"addButton\"]"}
COMMAND: POST /session/e8a9fd285ca3c96e8d4d051af199a2f0/elements - {"using":"xpath","value":"//button[@data-kt=\"addButton\"]"}
RESULT: {"using":"xpath","value":"//button[@data-kt=\"addButton\"]"}
COMMAND: POST /session/e8a9fd285ca3c96e8d4d051af199a2f0/elements - {"using":"xpath","value":"//button[@data-kt=\"addButton\"]"}
RESULT: {"using":"xpath","value":"//button[@data-kt=\"addButton\"]"}
COMMAND: POST /session/e8a9fd285ca3c96e8d4d051af199a2f0/elements - {"using":"xpath","value":"//button[@data-kt=\"addButton\"]"}
RESULT: {"using":"xpath","value":"//button[@data-kt=\"addButton\"]"}
COMMAND: POST /session/e8a9fd285ca3c96e8d4d051af199a2f0/elements - {"using":"xpath","value":"//button[@data-kt=\"addButton\"]"}
RESULT: {"using":"xpath","value":"//button[@data-kt=\"addButton\"]"}
COMMAND: POST /session/e8a9fd285ca3c96e8d4d051af199a2f0/elements - {"using":"xpath","value":"//button[@data-kt=\"addButton\"]"}
RESULT: {"using":"xpath","value":"//button[@data-kt=\"addButton\"]"}
COMMAND: POST /session/e8a9fd285ca3c96e8d4d051af199a2f0/elements - {"using":"xpath","value":"//button[@data-kt=\"addButton\"]"}
RESULT: {"using":"xpath","value":"//button[@data-kt=\"addButton\"]"}
COMMAND: POST /session/e8a9fd285ca3c96e8d4d051af199a2f0/elements - {"using":"xpath","value":"//button[@data-kt=\"addButton\"]"}
RESULT: {"using":"xpath","value":"//button[@data-kt=\"addButton\"]"}
COMMAND: POST /session/e8a9fd285ca3c96e8d4d051af199a2f0/elements - {"using":"xpath","value":"//button[@data-kt=\"addButton\"]"}
RESULT: {"using":"xpath","value":"//button[@data-kt=\"addButton\"]"}
COMMAND: POST /session/e8a9fd285ca3c96e8d4d051af199a2f0/elements - {"using":"xpath","value":"//button[@data-kt=\"addButton\"]"}
RESULT: {"using":"xpath","value":"//button[@data-kt=\"addButton\"]"}
COMMAND: POST /session/e8a9fd285ca3c96e8d4d051af199a2f0/elements - {"using":"xpath","value":"//button[@data-kt=\"addButton\"]"}
RESULT: {"using":"xpath","value":"//button[@data-kt=\"addButton\"]"}
COMMAND: POST /session/e8a9fd285ca3c96e8d4d051af199a2f0/elements - {"using":"xpath","value":"//button[@data-kt=\"addButton\"]"}
RESULT: {"using":"xpath","value":"//button[@data-kt=\"addButton\"]"}
COMMAND: POST /session/e8a9fd285ca3c96e8d4d051af199a2f0/elements - {"using":"xpath","value":"//button[@data-kt=\"addButton\"]"}
RESULT: {"using":"xpath","value":"//button[@data-kt=\"addButton\"]"}
COMMAND: POST /session/e8a9fd285ca3c96e8d4d051af199a2f0/elements - {"using":"xpath","value":"//button[@data-kt=\"addButton\"]"}
RESULT: {"using":"xpath","value":"//button[@data-kt=\"addButton\"]"}
COMMAND: POST /session/e8a9fd285ca3c96e8d4d051af199a2f0/elements - {"using":"xpath","value":"//button[@data-kt=\"addButton\"]"}
RESULT: {"using":"xpath","value":"//button[@data-kt=\"addButton\"]"}
COMMAND: POST /session/e8a9fd285ca3c96e8d4d051af199a2f0/elements - {"using":"xpath","value":"//button[@data-kt=\"addButton\"]"}
RESULT: {"using":"xpath","value":"//button[@data-kt=\"addButton\"]"}
COMMAND: POST /session/e8a9fd285ca3c96e8d4d051af199a2f0/elements - {"using":"xpath","value":"//button[@data-kt=\"addButton\"]"}
RESULT: {"using":"xpath","value":"//button[@data-kt=\"addButton\"]"}
COMMAND: POST /session/e8a9fd285ca3c96e8d4d051af199a2f0/elements - {"using":"xpath","value":"//button[@data-kt=\"addButton\"]"}
RESULT: {"using":"xpath","value":"//button[@data-kt=\"addButton\"]"}
COMMAND: POST /session/e8a9fd285ca3c96e8d4d051af199a2f0/elements - {"using":"xpath","value":"//button[@data-kt=\"addButton\"]"}
RESULT: {"using":"xpath","value":"//button[@data-kt=\"addButton\"]"}
COMMAND: POST /session/e8a9fd285ca3c96e8d4d051af199a2f0/elements - {"using":"xpath","value":"//button[@data-kt=\"addButton\"]"}
RESULT: {"using":"xpath","value":"//button[@data-kt=\"addButton\"]"}
COMMAND: POST /session/e8a9fd285ca3c96e8d4d051af199a2f0/elements - {"using":"xpath","value":"//button[@data-kt=\"addButton\"]"}
RESULT: {"using":"xpath","value":"//button[@data-kt=\"addButton\"]"}
COMMAND: POST /session/e8a9fd285ca3c96e8d4d051af199a2f0/element - {"using":"xpath","value":"//button[@data-kt=\"addButton\"]"}
RESULT: {"using":"xpath","value":"//button[@data-kt=\"addButton\"]"}
COMMAND: POST /session/e8a9fd285ca3c96e8d4d051af199a2f0/execute/sync - {"script":"<script> [8489 bytes]","args":[{"element-6066-11e4-a52e-4f735466cecf":"f.F24DDB532ACE73074D567B2769F7EE3D.d.15661353D3D4E53897B57C73D7099FC1.e.293","ELEMENT":"f.F24DDB532ACE73074D567B2769F7EE3D.d.15661353D3D4E53897B57C73D7099FC1.e.293"}]}
RESULT: {"script":"<script> [8489 bytes]","args":[{"element-6066-11e4-a52e-4f735466cecf":"f.F24DDB532ACE73074D567B2769F7EE3D.d.15661353D3D4E53897B57C73D7099FC1.e.293","ELEMENT":"f.F24DDB532ACE73074D567B2769F7EE3D.d.15661353D3D4E53897B57C73D7099FC1.e.293"}]}
COMMAND: GET /session/e8a9fd285ca3c96e8d4d051af199a2f0/element/f.F24DDB532ACE73074D567B2769F7EE3D.d.15661353D3D4E53897B57C73D7099FC1.e.293/enabled - {}
COMMAND: GET /session/e8a9fd285ca3c96e8d4d051af199a2f0/screenshot - {}
RESULT: {}
COMMAND: POST /session/e8a9fd285ca3c96e8d4d051af199a2f0/execute/sync - {"script":"<script> [8489 bytes]","args":[{"element-6066-11e4-a52e-4f735466cecf":"f.F24DDB532ACE73074D567B2769F7EE3D.d.15661353D3D4E53897B57C73D7099FC1.e.293","ELEMENT":"f.F24DDB532ACE73074D567B2769F7EE3D.d.15661353D3D4E53897B57C73D7099FC1.e.293"}]}
COMMAND: GET /session/e8a9fd285ca3c96e8d4d051af199a2f0/screenshot - {}
RESULT: {}
RESULT: {"script":"<script> [8489 bytes]","args":[{"element-6066-11e4-a52e-4f735466cecf":"f.F24DDB532ACE73074D567B2769F7EE3D.d.15661353D3D4E53897B57C73D7099FC1.e.293","ELEMENT":"f.F24DDB532ACE73074D567B2769F7EE3D.d.15661353D3D4E53897B57C73D7099FC1.e.293"}]}
COMMAND: POST /session/e8a9fd285ca3c96e8d4d051af199a2f0/execute/sync - {"script":"<script> [5351 bytes]","args":[{"element-6066-11e4-a52e-4f735466cecf":"f.F24DDB532ACE73074D567B2769F7EE3D.d.15661353D3D4E53897B57C73D7099FC1.e.293","ELEMENT":"f.F24DDB532ACE73074D567B2769F7EE3D.d.15661353D3D4E53897B57C73D7099FC1.e.293"}]}
COMMAND: GET /session/e8a9fd285ca3c96e8d4d051af199a2f0/screenshot - {}
RESULT: {}
RESULT: {"script":"<script> [5351 bytes]","args":[{"element-6066-11e4-a52e-4f735466cecf":"f.F24DDB532ACE73074D567B2769F7EE3D.d.15661353D3D4E53897B57C73D7099FC1.e.293","ELEMENT":"f.F24DDB532ACE73074D567B2769F7EE3D.d.15661353D3D4E53897B57C73D7099FC1.e.293"}]}
COMMAND: GET /session/e8a9fd285ca3c96e8d4d051af199a2f0/screenshot - {}
RESULT: {}
RESULT: {}
COMMAND: POST /session/e8a9fd285ca3c96e8d4d051af199a2f0/execute/async - {"script":"<script> [1562 bytes]","args":[{"selector":{"id":"application-addressmanagement-display-component---masterAdm--smartFilterBar-btnBasicSearch","interaction":{"idSuffix":"I"}},"wdio_ui5_key":"applicationaddressmanagement-display-component---masterAdm--smartFilterBar-btnBasicSearch"}]}
RESULT: {"script":"<script> [1562 bytes]","args":[{"selector":{"id":"application-addressmanagement-display-component---masterAdm--smartFilterBar-btnBasicSearch","interaction":{"idSuffix":"I"}},"wdio_ui5_key":"applicationaddressmanagement-display-component---masterAdm--smartFilterBar-btnBasicSearch"}]}
RESULT: undefined
COMMAND: POST /session/e8a9fd285ca3c96e8d4d051af199a2f0/execute/async - {"script":"<script> [776 bytes]","args":[{"enterText":"f068elpVqj","selector":{"id":"application-addressmanagement-display-component---masterAdm--smartFilterBar-btnBasicSearch","interaction":{"idSuffix":"I"}},"clearTextFirst":true,"interactionType":"ENTER_TEXT"}]}
RESULT: {"script":"<script> [776 bytes]","args":[{"enterText":"f068elpVqj","selector":{"id":"application-addressmanagement-display-component---masterAdm--smartFilterBar-btnBasicSearch","interaction":{"idSuffix":"I"}},"clearTextFirst":true,"interactionType":"ENTER_TEXT"}]}
COMMAND: POST /session/e8a9fd285ca3c96e8d4d051af199a2f0/actions - {"actions":[{"id":"action1","type":"key","parameters":{},"actions":[{"type":"keyDown","value":"î€‡"},{"type":"pause","duration":10},{"type":"keyUp","value":"î€‡"}]}]}
RESULT: {"actions":[{"id":"action1","type":"key","parameters":{},"actions":[{"type":"keyDown","value":"î€‡"},{"type":"pause","duration":10},{"type":"keyUp","value":"î€‡"}]}]}
COMMAND: GET /session/e8a9fd285ca3c96e8d4d051af199a2f0/screenshot - {}
RESULT: {}
COMMAND: POST /session/e8a9fd285ca3c96e8d4d051af199a2f0/elements - {"using":"xpath","value":"//table[contains(@id, \"customPersonsAddressesTable-listUl\")]/tbody/tr"}
RESULT: {"using":"xpath","value":"//table[contains(@id, \"customPersonsAddressesTable-listUl\")]/tbody/tr"}
COMMAND: POST /session/e8a9fd285ca3c96e8d4d051af199a2f0/element - {"using":"xpath","value":"//table[contains(@id, \"customPersonsAddressesTable-listUl\")]/tbody/tr[1]/td[5]/span/span"}
RESULT: {"using":"xpath","value":"//table[contains(@id, \"customPersonsAddressesTable-listUl\")]/tbody/tr[1]/td[5]/span/span"}
COMMAND: POST /session/e8a9fd285ca3c96e8d4d051af199a2f0/element - {"using":"xpath","value":"//table[contains(@id, \"customPersonsAddressesTable-listUl\")]/tbody/tr[1]/td[3]/span"}
RESULT: {"using":"xpath","value":"//table[contains(@id, \"customPersonsAddressesTable-listUl\")]/tbody/tr[1]/td[3]/span"}
COMMAND: POST /session/e8a9fd285ca3c96e8d4d051af199a2f0/elements - {"using":"xpath","value":"//table[contains(@id, \"customPersonsAddressesTable-listUl\")]/tbody/tr[1]/td[5]/span/span"}
RESULT: {"using":"xpath","value":"//table[contains(@id, \"customPersonsAddressesTable-listUl\")]/tbody/tr[1]/td[5]/span/span"}
COMMAND: POST /session/e8a9fd285ca3c96e8d4d051af199a2f0/element - {"using":"xpath","value":"//span[@id=\"application-addressmanagement-display-component---masterAdm--smartTable-header-inner\"]"}
RESULT: {"using":"xpath","value":"//span[@id=\"application-addressmanagement-display-component---masterAdm--smartTable-header-inner\"]"}
COMMAND: POST /session/e8a9fd285ca3c96e8d4d051af199a2f0/elements - {"using":"xpath","value":"//span[@id=\"application-addressmanagement-display-component---masterAdm--smartTable-header-inner\"]"}
RESULT: {"using":"xpath","value":"//span[@id=\"application-addressmanagement-display-component---masterAdm--smartTable-header-inner\"]"}
COMMAND: POST /session/e8a9fd285ca3c96e8d4d051af199a2f0/execute/sync - {"script":"<script> [56 bytes]","args":[{"element-6066-11e4-a52e-4f735466cecf":"f.F24DDB532ACE73074D567B2769F7EE3D.d.15661353D3D4E53897B57C73D7099FC1.e.434","ELEMENT":"f.F24DDB532ACE73074D567B2769F7EE3D.d.15661353D3D4E53897B57C73D7099FC1.e.434"}]}
RESULT: {"script":"<script> [56 bytes]","args":[{"element-6066-11e4-a52e-4f735466cecf":"f.F24DDB532ACE73074D567B2769F7EE3D.d.15661353D3D4E53897B57C73D7099FC1.e.434","ELEMENT":"f.F24DDB532ACE73074D567B2769F7EE3D.d.15661353D3D4E53897B57C73D7099FC1.e.434"}]}
COMMAND: POST /session/e8a9fd285ca3c96e8d4d051af199a2f0/element - {"using":"xpath","value":"//button[@data-kt=\"addButton\"]"}
COMMAND: GET /session/e8a9fd285ca3c96e8d4d051af199a2f0/screenshot - {}
RESULT: {"using":"xpath","value":"//button[@data-kt=\"addButton\"]"}
COMMAND: POST /session/e8a9fd285ca3c96e8d4d051af199a2f0/element/f.F24DDB532ACE73074D567B2769F7EE3D.d.15661353D3D4E53897B57C73D7099FC1.e.293/click - {}
RESULT: {}
RESULT: {}
COMMAND: GET /session/e8a9fd285ca3c96e8d4d051af199a2f0/screenshot - {}
RESULT: {}
COMMAND: POST /session/e8a9fd285ca3c96e8d4d051af199a2f0/execute/async - {"script":"<script> [1562 bytes]","args":[{"selector":{"controlType":"sap.ui.core.Icon","viewName":"etm.portal.ui.addressmanagement.view.NewAddress","properties":{"src":{"regex":{"source":"slim\\-arrow\\-down"}}},"ancestor":{"id":"addressTitle","viewName":"etm.portal.ui.addressmanagement.view.NewAddress"}},"wdio_ui5_key":"etmportal.ui.addressmanagement.view.NewAddresssap.ui.core.Icon{\"src\":{\"regex\":{\"source\":\"slim\\\\-arrow\\\\-down\"}}}{\"id\":\"addressTitle\",\"viewName\":\"etm.portal.ui.addressmanagement.view.NewAddress\"}"}]}
RESULT: {"script":"<script> [1562 bytes]","args":[{"selector":{"controlType":"sap.ui.core.Icon","viewName":"etm.portal.ui.addressmanagement.view.NewAddress","properties":{"src":{"regex":{"source":"slim\\-arrow\\-down"}}},"ancestor":{"id":"addressTitle","viewName":"etm.portal.ui.addressmanagement.view.NewAddress"}},"wdio_ui5_key":"etmportal.ui.addressmanagement.view.NewAddresssap.ui.core.Icon{\"src\":{\"regex\":{\"source\":\"slim\\\\-arrow\\\\-down\"}}}{\"id\":\"addressTitle\",\"viewName\":\"etm.portal.ui.addressmanagement.view.NewAddress\"}"}]}
RESULT: undefined
COMMAND: POST /session/e8a9fd285ca3c96e8d4d051af199a2f0/element - {"using":"xpath","value":"//*[@id=\"__xmlview58--addressTitle-arrow\"]"}
RESULT: {"using":"xpath","value":"//*[@id=\"__xmlview58--addressTitle-arrow\"]"}
COMMAND: POST /session/e8a9fd285ca3c96e8d4d051af199a2f0/element/f.F24DDB532ACE73074D567B2769F7EE3D.d.15661353D3D4E53897B57C73D7099FC1.e.463/click - {}
RESULT: {}
COMMAND: GET /session/e8a9fd285ca3c96e8d4d051af199a2f0/screenshot - {}
RESULT: {}
COMMAND: POST /session/e8a9fd285ca3c96e8d4d051af199a2f0/element - {"using":"xpath","value":"//li[.//span[text()=\"Dr.\"]]"}
RESULT: {"using":"xpath","value":"//li[.//span[text()=\"Dr.\"]]"}
COMMAND: POST /session/e8a9fd285ca3c96e8d4d051af199a2f0/element/f.F24DDB532ACE73074D567B2769F7EE3D.d.15661353D3D4E53897B57C73D7099FC1.e.575/click - {}
RESULT: {}
COMMAND: POST /session/e8a9fd285ca3c96e8d4d051af199a2f0/execute/async - {"script":"<script> [1562 bytes]","args":[{"selector":{"controlType":"sap.ui.core.Icon","viewName":"etm.portal.ui.addressmanagement.view.NewAddress","properties":{"src":{"regex":{"source":"slim\\-arrow\\-down"}}},"ancestor":{"id":"addressDetailDetailsLanguage","viewName":"etm.portal.ui.addressmanagement.view.NewAddress"}},"wdio_ui5_key":"etmportal.ui.addressmanagement.view.NewAddresssap.ui.core.Icon{\"src\":{\"regex\":{\"source\":\"slim\\\\-arrow\\\\-down\"}}}{\"id\":\"addressDetailDetailsLanguage\",\"viewName\":\"etm.portal.ui.addressmanagement.view.NewAddress\"}"}]}
COMMAND: GET /session/e8a9fd285ca3c96e8d4d051af199a2f0/screenshot - {}
RESULT: {"script":"<script> [1562 bytes]","args":[{"selector":{"controlType":"sap.ui.core.Icon","viewName":"etm.portal.ui.addressmanagement.view.NewAddress","properties":{"src":{"regex":{"source":"slim\\-arrow\\-down"}}},"ancestor":{"id":"addressDetailDetailsLanguage","viewName":"etm.portal.ui.addressmanagement.view.NewAddress"}},"wdio_ui5_key":"etmportal.ui.addressmanagement.view.NewAddresssap.ui.core.Icon{\"src\":{\"regex\":{\"source\":\"slim\\\\-arrow\\\\-down\"}}}{\"id\":\"addressDetailDetailsLanguage\",\"viewName\":\"etm.portal.ui.addressmanagement.view.NewAddress\"}"}]}
RESULT: undefined
COMMAND: POST /session/e8a9fd285ca3c96e8d4d051af199a2f0/element - {"using":"xpath","value":"//*[@id=\"__xmlview58--addressDetailDetailsLanguage-arrow\"]"}
RESULT: {}
RESULT: {"using":"xpath","value":"//*[@id=\"__xmlview58--addressDetailDetailsLanguage-arrow\"]"}
COMMAND: POST /session/e8a9fd285ca3c96e8d4d051af199a2f0/element/f.F24DDB532ACE73074D567B2769F7EE3D.d.15661353D3D4E53897B57C73D7099FC1.e.476/click - {}
RESULT: {}
COMMAND: GET /session/e8a9fd285ca3c96e8d4d051af199a2f0/screenshot - {}
RESULT: {}
COMMAND: POST /session/e8a9fd285ca3c96e8d4d051af199a2f0/element - {"using":"xpath","value":"//span[contains(text(), \"English\")]"}
RESULT: {"using":"xpath","value":"//span[contains(text(), \"English\")]"}
COMMAND: POST /session/e8a9fd285ca3c96e8d4d051af199a2f0/element/f.F24DDB532ACE73074D567B2769F7EE3D.d.15661353D3D4E53897B57C73D7099FC1.e.576/click - {}
RESULT: {}
COMMAND: POST /session/e8a9fd285ca3c96e8d4d051af199a2f0/execute/async - {"script":"<script> [1562 bytes]","args":[{"selector":{"controlType":"sap.m.Input","viewName":"etm.portal.ui.addressmanagement.view.NewAddress","labelFor":{"text":"Name"},"interaction":{"idSuffix":"inner"}},"wdio_ui5_key":"etmportal.ui.addressmanagement.view.NewAddresssap.m.Input{\"text\":\"Name\"}"}]}
COMMAND: GET /session/e8a9fd285ca3c96e8d4d051af199a2f0/screenshot - {}
RESULT: {"script":"<script> [1562 bytes]","args":[{"selector":{"controlType":"sap.m.Input","viewName":"etm.portal.ui.addressmanagement.view.NewAddress","labelFor":{"text":"Name"},"interaction":{"idSuffix":"inner"}},"wdio_ui5_key":"etmportal.ui.addressmanagement.view.NewAddresssap.m.Input{\"text\":\"Name\"}"}]}
RESULT: undefined
COMMAND: POST /session/e8a9fd285ca3c96e8d4d051af199a2f0/execute/async - {"script":"<script> [776 bytes]","args":[{"enterText":"f068elpVqj","selector":{"controlType":"sap.m.Input","viewName":"etm.portal.ui.addressmanagement.view.NewAddress","labelFor":{"text":"Name"},"interaction":{"idSuffix":"inner"}},"clearTextFirst":true,"interactionType":"ENTER_TEXT"}]}
RESULT: {}
RESULT: {"script":"<script> [776 bytes]","args":[{"enterText":"f068elpVqj","selector":{"controlType":"sap.m.Input","viewName":"etm.portal.ui.addressmanagement.view.NewAddress","labelFor":{"text":"Name"},"interaction":{"idSuffix":"inner"}},"clearTextFirst":true,"interactionType":"ENTER_TEXT"}]}
COMMAND: POST /session/e8a9fd285ca3c96e8d4d051af199a2f0/element - {"using":"xpath","value":"//button[@title=\"Save\"]"}
RESULT: {"using":"xpath","value":"//button[@title=\"Save\"]"}
COMMAND: POST /session/e8a9fd285ca3c96e8d4d051af199a2f0/element/f.F24DDB532ACE73074D567B2769F7EE3D.d.15661353D3D4E53897B57C73D7099FC1.e.567/click - {}
RESULT: {}
COMMAND: GET /session/e8a9fd285ca3c96e8d4d051af199a2f0/screenshot - {}
RESULT: {}
COMMAND: POST /session/e8a9fd285ca3c96e8d4d051af199a2f0/element - {"using":"xpath","value":"//header[contains(@id, \"application-addressmanagement-display-component---detailAdm--ObjectPageLayout-headerTitle\")]/div[1]/div[3]/div[2]/span"}
RESULT: {"using":"xpath","value":"//header[contains(@id, \"application-addressmanagement-display-component---detailAdm--ObjectPageLayout-headerTitle\")]/div[1]/div[3]/div[2]/span"}
COMMAND: POST /session/e8a9fd285ca3c96e8d4d051af199a2f0/elements - {"using":"xpath","value":"//header[contains(@id, \"application-addressmanagement-display-component---detailAdm--ObjectPageLayout-headerTitle\")]/div[1]/div[3]/div[2]/span"}
RESULT: {"using":"xpath","value":"//header[contains(@id, \"application-addressmanagement-display-component---detailAdm--ObjectPageLayout-headerTitle\")]/div[1]/div[3]/div[2]/span"}
COMMAND: POST /session/e8a9fd285ca3c96e8d4d051af199a2f0/execute/sync - {"script":"<script> [56 bytes]","args":[{"element-6066-11e4-a52e-4f735466cecf":"f.F24DDB532ACE73074D567B2769F7EE3D.d.15661353D3D4E53897B57C73D7099FC1.e.600","ELEMENT":"f.F24DDB532ACE73074D567B2769F7EE3D.d.15661353D3D4E53897B57C73D7099FC1.e.600"}]}
RESULT: {"script":"<script> [56 bytes]","args":[{"element-6066-11e4-a52e-4f735466cecf":"f.F24DDB532ACE73074D567B2769F7EE3D.d.15661353D3D4E53897B57C73D7099FC1.e.600","ELEMENT":"f.F24DDB532ACE73074D567B2769F7EE3D.d.15661353D3D4E53897B57C73D7099FC1.e.600"}]}
COMMAND: GET /session/e8a9fd285ca3c96e8d4d051af199a2f0/screenshot - {}
RESULT: {}
COMMAND: POST /session/e8a9fd285ca3c96e8d4d051af199a2f0/element - {"using":"css selector","value":"#shell-header-logo"}
RESULT: {"using":"css selector","value":"#shell-header-logo"}
COMMAND: POST /session/e8a9fd285ca3c96e8d4d051af199a2f0/element/f.F24DDB532ACE73074D567B2769F7EE3D.d.15661353D3D4E53897B57C73D7099FC1.e.256/click - {}
RESULT: {}
COMMAND: GET /session/e8a9fd285ca3c96e8d4d051af199a2f0/screenshot - {}
RESULT: {}
]]></system-out>
    </testcase>
    <testcase classname="chrome.135_0_7049_115.windows.Address_Management_Tests_US151165_US151160" name="Step 2 Should deactivate the created address in earlier step US151165" time="38.895">
      <system-out><![CDATA[
RESULT: undefined
COMMAND: POST /session/e8a9fd285ca3c96e8d4d051af199a2f0/element - {"using":"xpath","value":"//*[@id=\"__tile33\"]"}
RESULT: {"using":"xpath","value":"//*[@id=\"__tile33\"]"}
COMMAND: POST /session/e8a9fd285ca3c96e8d4d051af199a2f0/element/f.F24DDB532ACE73074D567B2769F7EE3D.d.15661353D3D4E53897B57C73D7099FC1.e.207/click - {}
RESULT: {}
COMMAND: POST /session/e8a9fd285ca3c96e8d4d051af199a2f0/element - {"using":"xpath","value":"//button[@data-kt=\"addButton\"]"}
COMMAND: GET /session/e8a9fd285ca3c96e8d4d051af199a2f0/screenshot - {}
RESULT: {"using":"xpath","value":"//button[@data-kt=\"addButton\"]"}
COMMAND: POST /session/e8a9fd285ca3c96e8d4d051af199a2f0/elements - {"using":"xpath","value":"//button[@data-kt=\"addButton\"]"}
RESULT: {}
RESULT: {"using":"xpath","value":"//button[@data-kt=\"addButton\"]"}
COMMAND: POST /session/e8a9fd285ca3c96e8d4d051af199a2f0/element - {"using":"xpath","value":"//button[@data-kt=\"addButton\"]"}
RESULT: {"using":"xpath","value":"//button[@data-kt=\"addButton\"]"}
COMMAND: POST /session/e8a9fd285ca3c96e8d4d051af199a2f0/execute/sync - {"script":"<script> [8489 bytes]","args":[{"element-6066-11e4-a52e-4f735466cecf":"f.F24DDB532ACE73074D567B2769F7EE3D.d.15661353D3D4E53897B57C73D7099FC1.e.661","ELEMENT":"f.F24DDB532ACE73074D567B2769F7EE3D.d.15661353D3D4E53897B57C73D7099FC1.e.661"}]}
RESULT: {"script":"<script> [8489 bytes]","args":[{"element-6066-11e4-a52e-4f735466cecf":"f.F24DDB532ACE73074D567B2769F7EE3D.d.15661353D3D4E53897B57C73D7099FC1.e.661","ELEMENT":"f.F24DDB532ACE73074D567B2769F7EE3D.d.15661353D3D4E53897B57C73D7099FC1.e.661"}]}
COMMAND: GET /session/e8a9fd285ca3c96e8d4d051af199a2f0/element/f.F24DDB532ACE73074D567B2769F7EE3D.d.15661353D3D4E53897B57C73D7099FC1.e.661/enabled - {}
COMMAND: GET /session/e8a9fd285ca3c96e8d4d051af199a2f0/screenshot - {}
RESULT: {}
COMMAND: POST /session/e8a9fd285ca3c96e8d4d051af199a2f0/execute/sync - {"script":"<script> [8489 bytes]","args":[{"element-6066-11e4-a52e-4f735466cecf":"f.F24DDB532ACE73074D567B2769F7EE3D.d.15661353D3D4E53897B57C73D7099FC1.e.661","ELEMENT":"f.F24DDB532ACE73074D567B2769F7EE3D.d.15661353D3D4E53897B57C73D7099FC1.e.661"}]}
COMMAND: GET /session/e8a9fd285ca3c96e8d4d051af199a2f0/screenshot - {}
RESULT: {}
RESULT: {"script":"<script> [8489 bytes]","args":[{"element-6066-11e4-a52e-4f735466cecf":"f.F24DDB532ACE73074D567B2769F7EE3D.d.15661353D3D4E53897B57C73D7099FC1.e.661","ELEMENT":"f.F24DDB532ACE73074D567B2769F7EE3D.d.15661353D3D4E53897B57C73D7099FC1.e.661"}]}
COMMAND: POST /session/e8a9fd285ca3c96e8d4d051af199a2f0/execute/sync - {"script":"<script> [5351 bytes]","args":[{"element-6066-11e4-a52e-4f735466cecf":"f.F24DDB532ACE73074D567B2769F7EE3D.d.15661353D3D4E53897B57C73D7099FC1.e.661","ELEMENT":"f.F24DDB532ACE73074D567B2769F7EE3D.d.15661353D3D4E53897B57C73D7099FC1.e.661"}]}
COMMAND: GET /session/e8a9fd285ca3c96e8d4d051af199a2f0/screenshot - {}
RESULT: {}
RESULT: {"script":"<script> [5351 bytes]","args":[{"element-6066-11e4-a52e-4f735466cecf":"f.F24DDB532ACE73074D567B2769F7EE3D.d.15661353D3D4E53897B57C73D7099FC1.e.661","ELEMENT":"f.F24DDB532ACE73074D567B2769F7EE3D.d.15661353D3D4E53897B57C73D7099FC1.e.661"}]}
COMMAND: GET /session/e8a9fd285ca3c96e8d4d051af199a2f0/screenshot - {}
RESULT: {}
RESULT: {}
RESULT: undefined
COMMAND: POST /session/e8a9fd285ca3c96e8d4d051af199a2f0/execute/async - {"script":"<script> [776 bytes]","args":[{"enterText":"f068elpVqj","selector":{"id":"application-addressmanagement-display-component---masterAdm--smartFilterBar-btnBasicSearch","interaction":{"idSuffix":"I"}},"clearTextFirst":true,"interactionType":"ENTER_TEXT"}]}
RESULT: {"script":"<script> [776 bytes]","args":[{"enterText":"f068elpVqj","selector":{"id":"application-addressmanagement-display-component---masterAdm--smartFilterBar-btnBasicSearch","interaction":{"idSuffix":"I"}},"clearTextFirst":true,"interactionType":"ENTER_TEXT"}]}
COMMAND: POST /session/e8a9fd285ca3c96e8d4d051af199a2f0/actions - {"actions":[{"id":"action2","type":"key","parameters":{},"actions":[{"type":"keyDown","value":"î€‡"},{"type":"pause","duration":10},{"type":"keyUp","value":"î€‡"}]}]}
RESULT: {"actions":[{"id":"action2","type":"key","parameters":{},"actions":[{"type":"keyDown","value":"î€‡"},{"type":"pause","duration":10},{"type":"keyUp","value":"î€‡"}]}]}
COMMAND: GET /session/e8a9fd285ca3c96e8d4d051af199a2f0/screenshot - {}
RESULT: {}
COMMAND: POST /session/e8a9fd285ca3c96e8d4d051af199a2f0/elements - {"using":"xpath","value":"//table[contains(@id, \"customPersonsAddressesTable-listUl\")]/tbody/tr"}
RESULT: {"using":"xpath","value":"//table[contains(@id, \"customPersonsAddressesTable-listUl\")]/tbody/tr"}
COMMAND: POST /session/e8a9fd285ca3c96e8d4d051af199a2f0/element - {"using":"xpath","value":"//table[contains(@id, \"customPersonsAddressesTable-listUl\")]/tbody/tr[1]/td[5]/span/span"}
RESULT: {"using":"xpath","value":"//table[contains(@id, \"customPersonsAddressesTable-listUl\")]/tbody/tr[1]/td[5]/span/span"}
COMMAND: POST /session/e8a9fd285ca3c96e8d4d051af199a2f0/element - {"using":"xpath","value":"//table[contains(@id, \"customPersonsAddressesTable-listUl\")]/tbody/tr[1]/td[3]/span"}
RESULT: {"using":"xpath","value":"//table[contains(@id, \"customPersonsAddressesTable-listUl\")]/tbody/tr[1]/td[3]/span"}
COMMAND: POST /session/e8a9fd285ca3c96e8d4d051af199a2f0/elements - {"using":"xpath","value":"//table[contains(@id, \"customPersonsAddressesTable-listUl\")]/tbody/tr[1]/td[5]/span/span"}
RESULT: {"using":"xpath","value":"//table[contains(@id, \"customPersonsAddressesTable-listUl\")]/tbody/tr[1]/td[5]/span/span"}
COMMAND: POST /session/e8a9fd285ca3c96e8d4d051af199a2f0/execute/sync - {"script":"<script> [56 bytes]","args":[{"element-6066-11e4-a52e-4f735466cecf":"f.F24DDB532ACE73074D567B2769F7EE3D.d.15661353D3D4E53897B57C73D7099FC1.e.800","ELEMENT":"f.F24DDB532ACE73074D567B2769F7EE3D.d.15661353D3D4E53897B57C73D7099FC1.e.800"}]}
RESULT: {"script":"<script> [56 bytes]","args":[{"element-6066-11e4-a52e-4f735466cecf":"f.F24DDB532ACE73074D567B2769F7EE3D.d.15661353D3D4E53897B57C73D7099FC1.e.800","ELEMENT":"f.F24DDB532ACE73074D567B2769F7EE3D.d.15661353D3D4E53897B57C73D7099FC1.e.800"}]}
COMMAND: POST /session/e8a9fd285ca3c96e8d4d051af199a2f0/execute/sync - {"script":"<script> [56 bytes]","args":[{"element-6066-11e4-a52e-4f735466cecf":"f.F24DDB532ACE73074D567B2769F7EE3D.d.15661353D3D4E53897B57C73D7099FC1.e.801","ELEMENT":"f.F24DDB532ACE73074D567B2769F7EE3D.d.15661353D3D4E53897B57C73D7099FC1.e.801"}]}
COMMAND: GET /session/e8a9fd285ca3c96e8d4d051af199a2f0/screenshot - {}
RESULT: {"script":"<script> [56 bytes]","args":[{"element-6066-11e4-a52e-4f735466cecf":"f.F24DDB532ACE73074D567B2769F7EE3D.d.15661353D3D4E53897B57C73D7099FC1.e.801","ELEMENT":"f.F24DDB532ACE73074D567B2769F7EE3D.d.15661353D3D4E53897B57C73D7099FC1.e.801"}]}
COMMAND: POST /session/e8a9fd285ca3c96e8d4d051af199a2f0/element - {"using":"xpath","value":"//table[contains(@id, \"customPersonsAddressesTable-listUl\")]/tbody/tr[1]/td[10]/div/span"}
COMMAND: GET /session/e8a9fd285ca3c96e8d4d051af199a2f0/screenshot - {}
RESULT: {}
RESULT: {"using":"xpath","value":"//table[contains(@id, \"customPersonsAddressesTable-listUl\")]/tbody/tr[1]/td[10]/div/span"}
COMMAND: POST /session/e8a9fd285ca3c96e8d4d051af199a2f0/execute/sync - {"script":"<script> [56 bytes]","args":[{"element-6066-11e4-a52e-4f735466cecf":"f.F24DDB532ACE73074D567B2769F7EE3D.d.15661353D3D4E53897B57C73D7099FC1.e.802","ELEMENT":"f.F24DDB532ACE73074D567B2769F7EE3D.d.15661353D3D4E53897B57C73D7099FC1.e.802"}]}
RESULT: {}
RESULT: {"script":"<script> [56 bytes]","args":[{"element-6066-11e4-a52e-4f735466cecf":"f.F24DDB532ACE73074D567B2769F7EE3D.d.15661353D3D4E53897B57C73D7099FC1.e.802","ELEMENT":"f.F24DDB532ACE73074D567B2769F7EE3D.d.15661353D3D4E53897B57C73D7099FC1.e.802"}]}
COMMAND: POST /session/e8a9fd285ca3c96e8d4d051af199a2f0/element - {"using":"xpath","value":"//table[contains(@id, \"customPersonsAddressesTable-listUl\")]/tbody/tr[1]/td[2]/div/div"}
COMMAND: GET /session/e8a9fd285ca3c96e8d4d051af199a2f0/screenshot - {}
RESULT: {"using":"xpath","value":"//table[contains(@id, \"customPersonsAddressesTable-listUl\")]/tbody/tr[1]/td[2]/div/div"}
COMMAND: POST /session/e8a9fd285ca3c96e8d4d051af199a2f0/element/f.F24DDB532ACE73074D567B2769F7EE3D.d.15661353D3D4E53897B57C73D7099FC1.e.803/click - {}
RESULT: {}
RESULT: {}
COMMAND: GET /session/e8a9fd285ca3c96e8d4d051af199a2f0/screenshot - {}
RESULT: {}
COMMAND: POST /session/e8a9fd285ca3c96e8d4d051af199a2f0/element - {"using":"xpath","value":"//bdi[contains(text(), \"Deactivate\")]"}
RESULT: {"using":"xpath","value":"//bdi[contains(text(), \"Deactivate\")]"}
COMMAND: POST /session/e8a9fd285ca3c96e8d4d051af199a2f0/element/f.F24DDB532ACE73074D567B2769F7EE3D.d.15661353D3D4E53897B57C73D7099FC1.e.804/click - {}
RESULT: {}
COMMAND: GET /session/e8a9fd285ca3c96e8d4d051af199a2f0/screenshot - {}
RESULT: {}
COMMAND: POST /session/e8a9fd285ca3c96e8d4d051af199a2f0/element - {"using":"xpath","value":"//bdi[contains(text(), \"Yes\")]"}
RESULT: {"using":"xpath","value":"//bdi[contains(text(), \"Yes\")]"}
COMMAND: POST /session/e8a9fd285ca3c96e8d4d051af199a2f0/element/f.F24DDB532ACE73074D567B2769F7EE3D.d.15661353D3D4E53897B57C73D7099FC1.e.806/click - {}
RESULT: {}
COMMAND: GET /session/e8a9fd285ca3c96e8d4d051af199a2f0/screenshot - {}
RESULT: {}
COMMAND: POST /session/e8a9fd285ca3c96e8d4d051af199a2f0/element - {"using":"xpath","value":"//table[contains(@id, \"customPersonsAddressesTable-listUl\")]/tbody/tr[1]/td[10]/div/span"}
RESULT: {"using":"xpath","value":"//table[contains(@id, \"customPersonsAddressesTable-listUl\")]/tbody/tr[1]/td[10]/div/span"}
COMMAND: POST /session/e8a9fd285ca3c96e8d4d051af199a2f0/execute/sync - {"script":"<script> [56 bytes]","args":[{"element-6066-11e4-a52e-4f735466cecf":"f.F24DDB532ACE73074D567B2769F7EE3D.d.15661353D3D4E53897B57C73D7099FC1.e.802","ELEMENT":"f.F24DDB532ACE73074D567B2769F7EE3D.d.15661353D3D4E53897B57C73D7099FC1.e.802"}]}
RESULT: {"script":"<script> [56 bytes]","args":[{"element-6066-11e4-a52e-4f735466cecf":"f.F24DDB532ACE73074D567B2769F7EE3D.d.15661353D3D4E53897B57C73D7099FC1.e.802","ELEMENT":"f.F24DDB532ACE73074D567B2769F7EE3D.d.15661353D3D4E53897B57C73D7099FC1.e.802"}]}
COMMAND: GET /session/e8a9fd285ca3c96e8d4d051af199a2f0/screenshot - {}
RESULT: {}
COMMAND: POST /session/e8a9fd285ca3c96e8d4d051af199a2f0/element - {"using":"css selector","value":"#shell-header-logo"}
RESULT: {"using":"css selector","value":"#shell-header-logo"}
COMMAND: POST /session/e8a9fd285ca3c96e8d4d051af199a2f0/element/f.F24DDB532ACE73074D567B2769F7EE3D.d.15661353D3D4E53897B57C73D7099FC1.e.605/click - {}
RESULT: {}
COMMAND: GET /session/e8a9fd285ca3c96e8d4d051af199a2f0/screenshot - {}
RESULT: {}
]]></system-out>
    </testcase>
    <testcase classname="chrome.135_0_7049_115.windows.Address_Management_Tests_US151165_US151160" name="Step 3 Should activate the created address back again US151160" time="47.793">
      <system-out><![CDATA[
RESULT: undefined
COMMAND: POST /session/e8a9fd285ca3c96e8d4d051af199a2f0/element - {"using":"xpath","value":"//*[@id=\"__tile33\"]"}
RESULT: {"using":"xpath","value":"//*[@id=\"__tile33\"]"}
COMMAND: POST /session/e8a9fd285ca3c96e8d4d051af199a2f0/element/f.F24DDB532ACE73074D567B2769F7EE3D.d.15661353D3D4E53897B57C73D7099FC1.e.207/click - {}
RESULT: {}
COMMAND: POST /session/e8a9fd285ca3c96e8d4d051af199a2f0/element - {"using":"xpath","value":"//button[@data-kt=\"addButton\"]"}
COMMAND: GET /session/e8a9fd285ca3c96e8d4d051af199a2f0/screenshot - {}
RESULT: {"using":"xpath","value":"//button[@data-kt=\"addButton\"]"}
COMMAND: POST /session/e8a9fd285ca3c96e8d4d051af199a2f0/elements - {"using":"xpath","value":"//button[@data-kt=\"addButton\"]"}
RESULT: {}
RESULT: {"using":"xpath","value":"//button[@data-kt=\"addButton\"]"}
COMMAND: POST /session/e8a9fd285ca3c96e8d4d051af199a2f0/element - {"using":"xpath","value":"//button[@data-kt=\"addButton\"]"}
RESULT: {"using":"xpath","value":"//button[@data-kt=\"addButton\"]"}
COMMAND: POST /session/e8a9fd285ca3c96e8d4d051af199a2f0/execute/sync - {"script":"<script> [8489 bytes]","args":[{"element-6066-11e4-a52e-4f735466cecf":"f.F24DDB532ACE73074D567B2769F7EE3D.d.15661353D3D4E53897B57C73D7099FC1.e.858","ELEMENT":"f.F24DDB532ACE73074D567B2769F7EE3D.d.15661353D3D4E53897B57C73D7099FC1.e.858"}]}
RESULT: {"script":"<script> [8489 bytes]","args":[{"element-6066-11e4-a52e-4f735466cecf":"f.F24DDB532ACE73074D567B2769F7EE3D.d.15661353D3D4E53897B57C73D7099FC1.e.858","ELEMENT":"f.F24DDB532ACE73074D567B2769F7EE3D.d.15661353D3D4E53897B57C73D7099FC1.e.858"}]}
COMMAND: GET /session/e8a9fd285ca3c96e8d4d051af199a2f0/element/f.F24DDB532ACE73074D567B2769F7EE3D.d.15661353D3D4E53897B57C73D7099FC1.e.858/enabled - {}
COMMAND: GET /session/e8a9fd285ca3c96e8d4d051af199a2f0/screenshot - {}
RESULT: {}
COMMAND: POST /session/e8a9fd285ca3c96e8d4d051af199a2f0/execute/sync - {"script":"<script> [8489 bytes]","args":[{"element-6066-11e4-a52e-4f735466cecf":"f.F24DDB532ACE73074D567B2769F7EE3D.d.15661353D3D4E53897B57C73D7099FC1.e.858","ELEMENT":"f.F24DDB532ACE73074D567B2769F7EE3D.d.15661353D3D4E53897B57C73D7099FC1.e.858"}]}
COMMAND: GET /session/e8a9fd285ca3c96e8d4d051af199a2f0/screenshot - {}
RESULT: {}
RESULT: {"script":"<script> [8489 bytes]","args":[{"element-6066-11e4-a52e-4f735466cecf":"f.F24DDB532ACE73074D567B2769F7EE3D.d.15661353D3D4E53897B57C73D7099FC1.e.858","ELEMENT":"f.F24DDB532ACE73074D567B2769F7EE3D.d.15661353D3D4E53897B57C73D7099FC1.e.858"}]}
COMMAND: POST /session/e8a9fd285ca3c96e8d4d051af199a2f0/execute/sync - {"script":"<script> [5351 bytes]","args":[{"element-6066-11e4-a52e-4f735466cecf":"f.F24DDB532ACE73074D567B2769F7EE3D.d.15661353D3D4E53897B57C73D7099FC1.e.858","ELEMENT":"f.F24DDB532ACE73074D567B2769F7EE3D.d.15661353D3D4E53897B57C73D7099FC1.e.858"}]}
COMMAND: GET /session/e8a9fd285ca3c96e8d4d051af199a2f0/screenshot - {}
RESULT: {}
RESULT: {"script":"<script> [5351 bytes]","args":[{"element-6066-11e4-a52e-4f735466cecf":"f.F24DDB532ACE73074D567B2769F7EE3D.d.15661353D3D4E53897B57C73D7099FC1.e.858","ELEMENT":"f.F24DDB532ACE73074D567B2769F7EE3D.d.15661353D3D4E53897B57C73D7099FC1.e.858"}]}
COMMAND: GET /session/e8a9fd285ca3c96e8d4d051af199a2f0/screenshot - {}
RESULT: {}
RESULT: {}
RESULT: undefined
COMMAND: POST /session/e8a9fd285ca3c96e8d4d051af199a2f0/execute/async - {"script":"<script> [776 bytes]","args":[{"enterText":"f068elpVqj","selector":{"id":"application-addressmanagement-display-component---masterAdm--smartFilterBar-btnBasicSearch","interaction":{"idSuffix":"I"}},"clearTextFirst":true,"interactionType":"ENTER_TEXT"}]}
RESULT: {"script":"<script> [776 bytes]","args":[{"enterText":"f068elpVqj","selector":{"id":"application-addressmanagement-display-component---masterAdm--smartFilterBar-btnBasicSearch","interaction":{"idSuffix":"I"}},"clearTextFirst":true,"interactionType":"ENTER_TEXT"}]}
COMMAND: POST /session/e8a9fd285ca3c96e8d4d051af199a2f0/actions - {"actions":[{"id":"action3","type":"key","parameters":{},"actions":[{"type":"keyDown","value":"î€‡"},{"type":"pause","duration":10},{"type":"keyUp","value":"î€‡"}]}]}
RESULT: {"actions":[{"id":"action3","type":"key","parameters":{},"actions":[{"type":"keyDown","value":"î€‡"},{"type":"pause","duration":10},{"type":"keyUp","value":"î€‡"}]}]}
COMMAND: GET /session/e8a9fd285ca3c96e8d4d051af199a2f0/screenshot - {}
RESULT: {}
COMMAND: POST /session/e8a9fd285ca3c96e8d4d051af199a2f0/elements - {"using":"xpath","value":"//table[contains(@id, \"customPersonsAddressesTable-listUl\")]/tbody/tr"}
RESULT: {"using":"xpath","value":"//table[contains(@id, \"customPersonsAddressesTable-listUl\")]/tbody/tr"}
COMMAND: POST /session/e8a9fd285ca3c96e8d4d051af199a2f0/element - {"using":"xpath","value":"//table[contains(@id, \"customPersonsAddressesTable-listUl\")]/tbody/tr[1]/td[5]/span/span"}
RESULT: {"using":"xpath","value":"//table[contains(@id, \"customPersonsAddressesTable-listUl\")]/tbody/tr[1]/td[5]/span/span"}
COMMAND: POST /session/e8a9fd285ca3c96e8d4d051af199a2f0/element - {"using":"xpath","value":"//table[contains(@id, \"customPersonsAddressesTable-listUl\")]/tbody/tr[1]/td[3]/span"}
RESULT: {"using":"xpath","value":"//table[contains(@id, \"customPersonsAddressesTable-listUl\")]/tbody/tr[1]/td[3]/span"}
COMMAND: POST /session/e8a9fd285ca3c96e8d4d051af199a2f0/elements - {"using":"xpath","value":"//table[contains(@id, \"customPersonsAddressesTable-listUl\")]/tbody/tr[1]/td[5]/span/span"}
RESULT: {"using":"xpath","value":"//table[contains(@id, \"customPersonsAddressesTable-listUl\")]/tbody/tr[1]/td[5]/span/span"}
COMMAND: POST /session/e8a9fd285ca3c96e8d4d051af199a2f0/execute/sync - {"script":"<script> [56 bytes]","args":[{"element-6066-11e4-a52e-4f735466cecf":"f.F24DDB532ACE73074D567B2769F7EE3D.d.15661353D3D4E53897B57C73D7099FC1.e.1005","ELEMENT":"f.F24DDB532ACE73074D567B2769F7EE3D.d.15661353D3D4E53897B57C73D7099FC1.e.1005"}]}
RESULT: {"script":"<script> [56 bytes]","args":[{"element-6066-11e4-a52e-4f735466cecf":"f.F24DDB532ACE73074D567B2769F7EE3D.d.15661353D3D4E53897B57C73D7099FC1.e.1005","ELEMENT":"f.F24DDB532ACE73074D567B2769F7EE3D.d.15661353D3D4E53897B57C73D7099FC1.e.1005"}]}
COMMAND: POST /session/e8a9fd285ca3c96e8d4d051af199a2f0/execute/sync - {"script":"<script> [56 bytes]","args":[{"element-6066-11e4-a52e-4f735466cecf":"f.F24DDB532ACE73074D567B2769F7EE3D.d.15661353D3D4E53897B57C73D7099FC1.e.1006","ELEMENT":"f.F24DDB532ACE73074D567B2769F7EE3D.d.15661353D3D4E53897B57C73D7099FC1.e.1006"}]}
COMMAND: GET /session/e8a9fd285ca3c96e8d4d051af199a2f0/screenshot - {}
RESULT: {"script":"<script> [56 bytes]","args":[{"element-6066-11e4-a52e-4f735466cecf":"f.F24DDB532ACE73074D567B2769F7EE3D.d.15661353D3D4E53897B57C73D7099FC1.e.1006","ELEMENT":"f.F24DDB532ACE73074D567B2769F7EE3D.d.15661353D3D4E53897B57C73D7099FC1.e.1006"}]}
COMMAND: POST /session/e8a9fd285ca3c96e8d4d051af199a2f0/element - {"using":"xpath","value":"//table[contains(@id, \"customPersonsAddressesTable-listUl\")]/tbody/tr[1]/td[10]/div/span"}
COMMAND: GET /session/e8a9fd285ca3c96e8d4d051af199a2f0/screenshot - {}
RESULT: {}
RESULT: {"using":"xpath","value":"//table[contains(@id, \"customPersonsAddressesTable-listUl\")]/tbody/tr[1]/td[10]/div/span"}
COMMAND: POST /session/e8a9fd285ca3c96e8d4d051af199a2f0/execute/sync - {"script":"<script> [56 bytes]","args":[{"element-6066-11e4-a52e-4f735466cecf":"f.F24DDB532ACE73074D567B2769F7EE3D.d.15661353D3D4E53897B57C73D7099FC1.e.1007","ELEMENT":"f.F24DDB532ACE73074D567B2769F7EE3D.d.15661353D3D4E53897B57C73D7099FC1.e.1007"}]}
RESULT: {}
RESULT: {"script":"<script> [56 bytes]","args":[{"element-6066-11e4-a52e-4f735466cecf":"f.F24DDB532ACE73074D567B2769F7EE3D.d.15661353D3D4E53897B57C73D7099FC1.e.1007","ELEMENT":"f.F24DDB532ACE73074D567B2769F7EE3D.d.15661353D3D4E53897B57C73D7099FC1.e.1007"}]}
COMMAND: POST /session/e8a9fd285ca3c96e8d4d051af199a2f0/element - {"using":"xpath","value":"//table[contains(@id, \"customPersonsAddressesTable-listUl\")]/tbody/tr[1]/td[2]/div/div"}
COMMAND: GET /session/e8a9fd285ca3c96e8d4d051af199a2f0/screenshot - {}
RESULT: {"using":"xpath","value":"//table[contains(@id, \"customPersonsAddressesTable-listUl\")]/tbody/tr[1]/td[2]/div/div"}
COMMAND: POST /session/e8a9fd285ca3c96e8d4d051af199a2f0/element/f.F24DDB532ACE73074D567B2769F7EE3D.d.15661353D3D4E53897B57C73D7099FC1.e.1008/click - {}
RESULT: {}
RESULT: {}
COMMAND: GET /session/e8a9fd285ca3c96e8d4d051af199a2f0/screenshot - {}
RESULT: {}
COMMAND: POST /session/e8a9fd285ca3c96e8d4d051af199a2f0/element - {"using":"xpath","value":"//bdi[contains(text(), \"Activate\")]"}
RESULT: {"using":"xpath","value":"//bdi[contains(text(), \"Activate\")]"}
COMMAND: POST /session/e8a9fd285ca3c96e8d4d051af199a2f0/element/f.F24DDB532ACE73074D567B2769F7EE3D.d.15661353D3D4E53897B57C73D7099FC1.e.1009/click - {}
RESULT: {}
COMMAND: GET /session/e8a9fd285ca3c96e8d4d051af199a2f0/screenshot - {}
RESULT: {}
COMMAND: POST /session/e8a9fd285ca3c96e8d4d051af199a2f0/element - {"using":"xpath","value":"//bdi[contains(text(), \"Yes\")]"}
RESULT: {"using":"xpath","value":"//bdi[contains(text(), \"Yes\")]"}
COMMAND: POST /session/e8a9fd285ca3c96e8d4d051af199a2f0/element/f.F24DDB532ACE73074D567B2769F7EE3D.d.15661353D3D4E53897B57C73D7099FC1.e.1011/click - {}
RESULT: {}
COMMAND: GET /session/e8a9fd285ca3c96e8d4d051af199a2f0/screenshot - {}
RESULT: {}
COMMAND: POST /session/e8a9fd285ca3c96e8d4d051af199a2f0/element - {"using":"xpath","value":"//table[contains(@id, \"customPersonsAddressesTable-listUl\")]/tbody/tr[1]/td[10]/div/span"}
RESULT: {"using":"xpath","value":"//table[contains(@id, \"customPersonsAddressesTable-listUl\")]/tbody/tr[1]/td[10]/div/span"}
COMMAND: POST /session/e8a9fd285ca3c96e8d4d051af199a2f0/execute/sync - {"script":"<script> [56 bytes]","args":[{"element-6066-11e4-a52e-4f735466cecf":"f.F24DDB532ACE73074D567B2769F7EE3D.d.15661353D3D4E53897B57C73D7099FC1.e.1007","ELEMENT":"f.F24DDB532ACE73074D567B2769F7EE3D.d.15661353D3D4E53897B57C73D7099FC1.e.1007"}]}
RESULT: {"script":"<script> [56 bytes]","args":[{"element-6066-11e4-a52e-4f735466cecf":"f.F24DDB532ACE73074D567B2769F7EE3D.d.15661353D3D4E53897B57C73D7099FC1.e.1007","ELEMENT":"f.F24DDB532ACE73074D567B2769F7EE3D.d.15661353D3D4E53897B57C73D7099FC1.e.1007"}]}
COMMAND: GET /session/e8a9fd285ca3c96e8d4d051af199a2f0/screenshot - {}
RESULT: {}
COMMAND: POST /session/e8a9fd285ca3c96e8d4d051af199a2f0/element - {"using":"css selector","value":"#shell-header-logo"}
RESULT: {"using":"css selector","value":"#shell-header-logo"}
COMMAND: POST /session/e8a9fd285ca3c96e8d4d051af199a2f0/element/f.F24DDB532ACE73074D567B2769F7EE3D.d.15661353D3D4E53897B57C73D7099FC1.e.814/click - {}
RESULT: {}
COMMAND: GET /session/e8a9fd285ca3c96e8d4d051af199a2f0/screenshot - {}
RESULT: {}
]]></system-out>
    </testcase>
    <testcase classname="chrome.135_0_7049_115.windows.Address_Management_Tests_US151165_US151160" name="Step 4 Should add an attachment to the created address US151166" time="52.572">
      <system-out><![CDATA[
RESULT: undefined
COMMAND: POST /session/e8a9fd285ca3c96e8d4d051af199a2f0/element - {"using":"xpath","value":"//*[@id=\"__tile33\"]"}
RESULT: {"using":"xpath","value":"//*[@id=\"__tile33\"]"}
COMMAND: POST /session/e8a9fd285ca3c96e8d4d051af199a2f0/element/f.F24DDB532ACE73074D567B2769F7EE3D.d.15661353D3D4E53897B57C73D7099FC1.e.207/click - {}
RESULT: {}
COMMAND: POST /session/e8a9fd285ca3c96e8d4d051af199a2f0/element - {"using":"xpath","value":"//button[@data-kt=\"addButton\"]"}
COMMAND: GET /session/e8a9fd285ca3c96e8d4d051af199a2f0/screenshot - {}
RESULT: {"using":"xpath","value":"//button[@data-kt=\"addButton\"]"}
COMMAND: POST /session/e8a9fd285ca3c96e8d4d051af199a2f0/elements - {"using":"xpath","value":"//button[@data-kt=\"addButton\"]"}
RESULT: {}
RESULT: {"using":"xpath","value":"//button[@data-kt=\"addButton\"]"}
COMMAND: POST /session/e8a9fd285ca3c96e8d4d051af199a2f0/element - {"using":"xpath","value":"//button[@data-kt=\"addButton\"]"}
RESULT: {"using":"xpath","value":"//button[@data-kt=\"addButton\"]"}
COMMAND: POST /session/e8a9fd285ca3c96e8d4d051af199a2f0/execute/sync - {"script":"<script> [8489 bytes]","args":[{"element-6066-11e4-a52e-4f735466cecf":"f.F24DDB532ACE73074D567B2769F7EE3D.d.15661353D3D4E53897B57C73D7099FC1.e.1074","ELEMENT":"f.F24DDB532ACE73074D567B2769F7EE3D.d.15661353D3D4E53897B57C73D7099FC1.e.1074"}]}
RESULT: {"script":"<script> [8489 bytes]","args":[{"element-6066-11e4-a52e-4f735466cecf":"f.F24DDB532ACE73074D567B2769F7EE3D.d.15661353D3D4E53897B57C73D7099FC1.e.1074","ELEMENT":"f.F24DDB532ACE73074D567B2769F7EE3D.d.15661353D3D4E53897B57C73D7099FC1.e.1074"}]}
COMMAND: GET /session/e8a9fd285ca3c96e8d4d051af199a2f0/element/f.F24DDB532ACE73074D567B2769F7EE3D.d.15661353D3D4E53897B57C73D7099FC1.e.1074/enabled - {}
COMMAND: GET /session/e8a9fd285ca3c96e8d4d051af199a2f0/screenshot - {}
RESULT: {}
COMMAND: POST /session/e8a9fd285ca3c96e8d4d051af199a2f0/execute/sync - {"script":"<script> [8489 bytes]","args":[{"element-6066-11e4-a52e-4f735466cecf":"f.F24DDB532ACE73074D567B2769F7EE3D.d.15661353D3D4E53897B57C73D7099FC1.e.1074","ELEMENT":"f.F24DDB532ACE73074D567B2769F7EE3D.d.15661353D3D4E53897B57C73D7099FC1.e.1074"}]}
COMMAND: GET /session/e8a9fd285ca3c96e8d4d051af199a2f0/screenshot - {}
RESULT: {}
RESULT: {"script":"<script> [8489 bytes]","args":[{"element-6066-11e4-a52e-4f735466cecf":"f.F24DDB532ACE73074D567B2769F7EE3D.d.15661353D3D4E53897B57C73D7099FC1.e.1074","ELEMENT":"f.F24DDB532ACE73074D567B2769F7EE3D.d.15661353D3D4E53897B57C73D7099FC1.e.1074"}]}
COMMAND: POST /session/e8a9fd285ca3c96e8d4d051af199a2f0/execute/sync - {"script":"<script> [5351 bytes]","args":[{"element-6066-11e4-a52e-4f735466cecf":"f.F24DDB532ACE73074D567B2769F7EE3D.d.15661353D3D4E53897B57C73D7099FC1.e.1074","ELEMENT":"f.F24DDB532ACE73074D567B2769F7EE3D.d.15661353D3D4E53897B57C73D7099FC1.e.1074"}]}
COMMAND: GET /session/e8a9fd285ca3c96e8d4d051af199a2f0/screenshot - {}
RESULT: {}
RESULT: {"script":"<script> [5351 bytes]","args":[{"element-6066-11e4-a52e-4f735466cecf":"f.F24DDB532ACE73074D567B2769F7EE3D.d.15661353D3D4E53897B57C73D7099FC1.e.1074","ELEMENT":"f.F24DDB532ACE73074D567B2769F7EE3D.d.15661353D3D4E53897B57C73D7099FC1.e.1074"}]}
COMMAND: GET /session/e8a9fd285ca3c96e8d4d051af199a2f0/screenshot - {}
RESULT: {}
RESULT: {}
RESULT: undefined
COMMAND: POST /session/e8a9fd285ca3c96e8d4d051af199a2f0/execute/async - {"script":"<script> [776 bytes]","args":[{"enterText":"f068elpVqj","selector":{"id":"application-addressmanagement-display-component---masterAdm--smartFilterBar-btnBasicSearch","interaction":{"idSuffix":"I"}},"clearTextFirst":true,"interactionType":"ENTER_TEXT"}]}
RESULT: {"script":"<script> [776 bytes]","args":[{"enterText":"f068elpVqj","selector":{"id":"application-addressmanagement-display-component---masterAdm--smartFilterBar-btnBasicSearch","interaction":{"idSuffix":"I"}},"clearTextFirst":true,"interactionType":"ENTER_TEXT"}]}
COMMAND: POST /session/e8a9fd285ca3c96e8d4d051af199a2f0/actions - {"actions":[{"id":"action4","type":"key","parameters":{},"actions":[{"type":"keyDown","value":"î€‡"},{"type":"pause","duration":10},{"type":"keyUp","value":"î€‡"}]}]}
RESULT: {"actions":[{"id":"action4","type":"key","parameters":{},"actions":[{"type":"keyDown","value":"î€‡"},{"type":"pause","duration":10},{"type":"keyUp","value":"î€‡"}]}]}
COMMAND: GET /session/e8a9fd285ca3c96e8d4d051af199a2f0/screenshot - {}
RESULT: {}
COMMAND: POST /session/e8a9fd285ca3c96e8d4d051af199a2f0/elements - {"using":"xpath","value":"//table[contains(@id, \"customPersonsAddressesTable-listUl\")]/tbody/tr"}
RESULT: {"using":"xpath","value":"//table[contains(@id, \"customPersonsAddressesTable-listUl\")]/tbody/tr"}
COMMAND: POST /session/e8a9fd285ca3c96e8d4d051af199a2f0/element - {"using":"xpath","value":"//table[contains(@id, \"customPersonsAddressesTable-listUl\")]/tbody/tr[1]/td[5]/span/span"}
RESULT: {"using":"xpath","value":"//table[contains(@id, \"customPersonsAddressesTable-listUl\")]/tbody/tr[1]/td[5]/span/span"}
COMMAND: POST /session/e8a9fd285ca3c96e8d4d051af199a2f0/element - {"using":"xpath","value":"//table[contains(@id, \"customPersonsAddressesTable-listUl\")]/tbody/tr[1]/td[3]/span"}
RESULT: {"using":"xpath","value":"//table[contains(@id, \"customPersonsAddressesTable-listUl\")]/tbody/tr[1]/td[3]/span"}
COMMAND: POST /session/e8a9fd285ca3c96e8d4d051af199a2f0/elements - {"using":"xpath","value":"//table[contains(@id, \"customPersonsAddressesTable-listUl\")]/tbody/tr[1]/td[5]/span/span"}
RESULT: {"using":"xpath","value":"//table[contains(@id, \"customPersonsAddressesTable-listUl\")]/tbody/tr[1]/td[5]/span/span"}
COMMAND: POST /session/e8a9fd285ca3c96e8d4d051af199a2f0/execute/sync - {"script":"<script> [56 bytes]","args":[{"element-6066-11e4-a52e-4f735466cecf":"f.F24DDB532ACE73074D567B2769F7EE3D.d.15661353D3D4E53897B57C73D7099FC1.e.1215","ELEMENT":"f.F24DDB532ACE73074D567B2769F7EE3D.d.15661353D3D4E53897B57C73D7099FC1.e.1215"}]}
RESULT: {"script":"<script> [56 bytes]","args":[{"element-6066-11e4-a52e-4f735466cecf":"f.F24DDB532ACE73074D567B2769F7EE3D.d.15661353D3D4E53897B57C73D7099FC1.e.1215","ELEMENT":"f.F24DDB532ACE73074D567B2769F7EE3D.d.15661353D3D4E53897B57C73D7099FC1.e.1215"}]}
COMMAND: POST /session/e8a9fd285ca3c96e8d4d051af199a2f0/execute/sync - {"script":"<script> [56 bytes]","args":[{"element-6066-11e4-a52e-4f735466cecf":"f.F24DDB532ACE73074D567B2769F7EE3D.d.15661353D3D4E53897B57C73D7099FC1.e.1216","ELEMENT":"f.F24DDB532ACE73074D567B2769F7EE3D.d.15661353D3D4E53897B57C73D7099FC1.e.1216"}]}
COMMAND: GET /session/e8a9fd285ca3c96e8d4d051af199a2f0/screenshot - {}
RESULT: {"script":"<script> [56 bytes]","args":[{"element-6066-11e4-a52e-4f735466cecf":"f.F24DDB532ACE73074D567B2769F7EE3D.d.15661353D3D4E53897B57C73D7099FC1.e.1216","ELEMENT":"f.F24DDB532ACE73074D567B2769F7EE3D.d.15661353D3D4E53897B57C73D7099FC1.e.1216"}]}
COMMAND: POST /session/e8a9fd285ca3c96e8d4d051af199a2f0/element - {"using":"xpath","value":"(//span[contains(@id, \"imgNav\")])[1]"}
COMMAND: GET /session/e8a9fd285ca3c96e8d4d051af199a2f0/screenshot - {}
RESULT: {}
RESULT: {"using":"xpath","value":"(//span[contains(@id, \"imgNav\")])[1]"}
COMMAND: POST /session/e8a9fd285ca3c96e8d4d051af199a2f0/element/f.F24DDB532ACE73074D567B2769F7EE3D.d.15661353D3D4E53897B57C73D7099FC1.e.1212/click - {}
RESULT: {}
RESULT: {}
COMMAND: GET /session/e8a9fd285ca3c96e8d4d051af199a2f0/screenshot - {}
RESULT: {}
COMMAND: POST /session/e8a9fd285ca3c96e8d4d051af199a2f0/element - {"using":"xpath","value":"//bdi[contains(text(), \"Edit\")]"}
RESULT: {"using":"xpath","value":"//bdi[contains(text(), \"Edit\")]"}
COMMAND: POST /session/e8a9fd285ca3c96e8d4d051af199a2f0/element/f.F24DDB532ACE73074D567B2769F7EE3D.d.15661353D3D4E53897B57C73D7099FC1.e.1329/click - {}
RESULT: {}
COMMAND: GET /session/e8a9fd285ca3c96e8d4d051af199a2f0/screenshot - {}
RESULT: {}
COMMAND: POST /session/e8a9fd285ca3c96e8d4d051af199a2f0/execute/async - {"script":"<script> [1562 bytes]","args":[{"selector":{"controlType":"sap.m.Button","viewName":"etm.portal.ui.addressmanagement.view.EditDetail","properties":{"text":"Attachments (0)"},"interaction":{"idSuffix":"BDI-content"}},"wdio_ui5_key":"etmportal.ui.addressmanagement.view.EditDetailsap.m.Button{\"text\":\"Attachments (0)\"}"}]}
RESULT: {"script":"<script> [1562 bytes]","args":[{"selector":{"controlType":"sap.m.Button","viewName":"etm.portal.ui.addressmanagement.view.EditDetail","properties":{"text":"Attachments (0)"},"interaction":{"idSuffix":"BDI-content"}},"wdio_ui5_key":"etmportal.ui.addressmanagement.view.EditDetailsap.m.Button{\"text\":\"Attachments (0)\"}"}]}
RESULT: undefined
COMMAND: POST /session/e8a9fd285ca3c96e8d4d051af199a2f0/element - {"using":"xpath","value":"//*[@id=\"__xmlview59--ObjectPageLayout-anchBar-__xmlview59--attachments-anchor\"]"}
RESULT: {"using":"xpath","value":"//*[@id=\"__xmlview59--ObjectPageLayout-anchBar-__xmlview59--attachments-anchor\"]"}
COMMAND: POST /session/e8a9fd285ca3c96e8d4d051af199a2f0/element/f.F24DDB532ACE73074D567B2769F7EE3D.d.15661353D3D4E53897B57C73D7099FC1.e.1383/click - {}
RESULT: {}
COMMAND: GET /session/e8a9fd285ca3c96e8d4d051af199a2f0/screenshot - {}
RESULT: {}
COMMAND: POST /session/e8a9fd285ca3c96e8d4d051af199a2f0/file - {"file":"[base64] 459776 bytes"}
RESULT: {"file":"[base64] 459776 bytes"}
COMMAND: POST /session/e8a9fd285ca3c96e8d4d051af199a2f0/element - {"using":"css selector","value":"input[type=\"file\"]"}
RESULT: {"using":"css selector","value":"input[type=\"file\"]"}
COMMAND: POST /session/e8a9fd285ca3c96e8d4d051af199a2f0/element/f.F24DDB532ACE73074D567B2769F7EE3D.d.15661353D3D4E53897B57C73D7099FC1.e.1360/clear - {}
RESULT: {}
COMMAND: POST /session/e8a9fd285ca3c96e8d4d051af199a2f0/element/f.F24DDB532ACE73074D567B2769F7EE3D.d.15661353D3D4E53897B57C73D7099FC1.e.1360/value - {"text":"C:\\Windows\\SystemTemp\\scoped_dir520_1906244932\\upload520_1214257501\\address-mng-pic.png"}
COMMAND: GET /session/e8a9fd285ca3c96e8d4d051af199a2f0/screenshot - {}
RESULT: {"text":"C:\\Windows\\SystemTemp\\scoped_dir520_1906244932\\upload520_1214257501\\address-mng-pic.png"}
COMMAND: GET /session/e8a9fd285ca3c96e8d4d051af199a2f0/screenshot - {}
RESULT: {}
RESULT: {}
COMMAND: POST /session/e8a9fd285ca3c96e8d4d051af199a2f0/element - {"using":"xpath","value":"//button[@data-kt=\"saveButton\"]"}
RESULT: {"using":"xpath","value":"//button[@data-kt=\"saveButton\"]"}
COMMAND: POST /session/e8a9fd285ca3c96e8d4d051af199a2f0/element/f.F24DDB532ACE73074D567B2769F7EE3D.d.15661353D3D4E53897B57C73D7099FC1.e.1407/click - {}
RESULT: {}
COMMAND: GET /session/e8a9fd285ca3c96e8d4d051af199a2f0/screenshot - {}
RESULT: {}
COMMAND: POST /session/e8a9fd285ca3c96e8d4d051af199a2f0/execute/async - {"script":"<script> [1562 bytes]","args":[{"selector":{"id":"application-addressmanagement-display-component---detailAdm--ObjectPageLayout-anchBar-application-addressmanagement-display-component---detailAdm--attachments-anchor","interaction":{"idSuffix":"content"}},"wdio_ui5_key":"applicationaddressmanagement-display-component---detailAdm--ObjectPageLayout-anchBar-application-addressmanagement-display-component---detailAdm--attachments-anchor"}]}
RESULT: {"script":"<script> [1562 bytes]","args":[{"selector":{"id":"application-addressmanagement-display-component---detailAdm--ObjectPageLayout-anchBar-application-addressmanagement-display-component---detailAdm--attachments-anchor","interaction":{"idSuffix":"content"}},"wdio_ui5_key":"applicationaddressmanagement-display-component---detailAdm--ObjectPageLayout-anchBar-application-addressmanagement-display-component---detailAdm--attachments-anchor"}]}
RESULT: undefined
COMMAND: POST /session/e8a9fd285ca3c96e8d4d051af199a2f0/element - {"using":"xpath","value":"//*[@id=\"application-addressmanagement-display-component---detailAdm--ObjectPageLayout-anchBar-application-addressmanagement-display-component---detailAdm--attachments-anchor\"]"}
RESULT: {"using":"xpath","value":"//*[@id=\"application-addressmanagement-display-component---detailAdm--ObjectPageLayout-anchBar-application-addressmanagement-display-component---detailAdm--attachments-anchor\"]"}
COMMAND: POST /session/e8a9fd285ca3c96e8d4d051af199a2f0/element/f.F24DDB532ACE73074D567B2769F7EE3D.d.15661353D3D4E53897B57C73D7099FC1.e.1413/click - {}
RESULT: {}
COMMAND: GET /session/e8a9fd285ca3c96e8d4d051af199a2f0/screenshot - {}
RESULT: {}
COMMAND: POST /session/e8a9fd285ca3c96e8d4d051af199a2f0/execute/async - {"script":"<script> [1562 bytes]","args":[{"selector":{"id":"application-addressmanagement-display-component---detailAdm--attachments"},"wdio_ui5_key":"applicationaddressmanagement-display-component---detailAdm--attachments"}]}
RESULT: {"script":"<script> [1562 bytes]","args":[{"selector":{"id":"application-addressmanagement-display-component---detailAdm--attachments"},"wdio_ui5_key":"applicationaddressmanagement-display-component---detailAdm--attachments"}]}
RESULT: undefined
COMMAND: POST /session/e8a9fd285ca3c96e8d4d051af199a2f0/execute/async - {"script":"<script> [6424 bytes]","args":[{"element-6066-11e4-a52e-4f735466cecf":"f.F24DDB532ACE73074D567B2769F7EE3D.d.15661353D3D4E53897B57C73D7099FC1.e.1315"},"getTitle",[]]}
RESULT: {"script":"<script> [6424 bytes]","args":[{"element-6066-11e4-a52e-4f735466cecf":"f.F24DDB532ACE73074D567B2769F7EE3D.d.15661353D3D4E53897B57C73D7099FC1.e.1315"},"getTitle",[]]}
COMMAND: POST /session/e8a9fd285ca3c96e8d4d051af199a2f0/element - {"using":"css selector","value":"#shell-header-logo"}
RESULT: {"using":"css selector","value":"#shell-header-logo"}
COMMAND: POST /session/e8a9fd285ca3c96e8d4d051af199a2f0/element/f.F24DDB532ACE73074D567B2769F7EE3D.d.15661353D3D4E53897B57C73D7099FC1.e.1018/click - {}
RESULT: {}
COMMAND: GET /session/e8a9fd285ca3c96e8d4d051af199a2f0/screenshot - {}
RESULT: {}
]]></system-out>
    </testcase>
    <testcase classname="chrome.135_0_7049_115.windows.Address_Management_Tests_US151165_US151160" name="Step 5 Should remove the added attachment on the created address US151168" time="57.048">
      <system-out><![CDATA[
RESULT: undefined
COMMAND: POST /session/e8a9fd285ca3c96e8d4d051af199a2f0/element - {"using":"xpath","value":"//*[@id=\"__tile33\"]"}
RESULT: {"using":"xpath","value":"//*[@id=\"__tile33\"]"}
COMMAND: POST /session/e8a9fd285ca3c96e8d4d051af199a2f0/element/f.F24DDB532ACE73074D567B2769F7EE3D.d.15661353D3D4E53897B57C73D7099FC1.e.207/click - {}
RESULT: {}
COMMAND: POST /session/e8a9fd285ca3c96e8d4d051af199a2f0/element - {"using":"xpath","value":"//button[@data-kt=\"addButton\"]"}
COMMAND: GET /session/e8a9fd285ca3c96e8d4d051af199a2f0/screenshot - {}
RESULT: {}
RESULT: {"using":"xpath","value":"//button[@data-kt=\"addButton\"]"}
COMMAND: POST /session/e8a9fd285ca3c96e8d4d051af199a2f0/elements - {"using":"xpath","value":"//button[@data-kt=\"addButton\"]"}
RESULT: {"using":"xpath","value":"//button[@data-kt=\"addButton\"]"}
COMMAND: POST /session/e8a9fd285ca3c96e8d4d051af199a2f0/execute/sync - {"script":"<script> [8489 bytes]","args":[{"element-6066-11e4-a52e-4f735466cecf":"f.F24DDB532ACE73074D567B2769F7EE3D.d.15661353D3D4E53897B57C73D7099FC1.e.1461","ELEMENT":"f.F24DDB532ACE73074D567B2769F7EE3D.d.15661353D3D4E53897B57C73D7099FC1.e.1461"}]}
RESULT: {"script":"<script> [8489 bytes]","args":[{"element-6066-11e4-a52e-4f735466cecf":"f.F24DDB532ACE73074D567B2769F7EE3D.d.15661353D3D4E53897B57C73D7099FC1.e.1461","ELEMENT":"f.F24DDB532ACE73074D567B2769F7EE3D.d.15661353D3D4E53897B57C73D7099FC1.e.1461"}]}
COMMAND: GET /session/e8a9fd285ca3c96e8d4d051af199a2f0/element/f.F24DDB532ACE73074D567B2769F7EE3D.d.15661353D3D4E53897B57C73D7099FC1.e.1461/enabled - {}
COMMAND: GET /session/e8a9fd285ca3c96e8d4d051af199a2f0/screenshot - {}
RESULT: {}
COMMAND: POST /session/e8a9fd285ca3c96e8d4d051af199a2f0/execute/sync - {"script":"<script> [8489 bytes]","args":[{"element-6066-11e4-a52e-4f735466cecf":"f.F24DDB532ACE73074D567B2769F7EE3D.d.15661353D3D4E53897B57C73D7099FC1.e.1461","ELEMENT":"f.F24DDB532ACE73074D567B2769F7EE3D.d.15661353D3D4E53897B57C73D7099FC1.e.1461"}]}
COMMAND: GET /session/e8a9fd285ca3c96e8d4d051af199a2f0/screenshot - {}
RESULT: {}
RESULT: {"script":"<script> [8489 bytes]","args":[{"element-6066-11e4-a52e-4f735466cecf":"f.F24DDB532ACE73074D567B2769F7EE3D.d.15661353D3D4E53897B57C73D7099FC1.e.1461","ELEMENT":"f.F24DDB532ACE73074D567B2769F7EE3D.d.15661353D3D4E53897B57C73D7099FC1.e.1461"}]}
COMMAND: POST /session/e8a9fd285ca3c96e8d4d051af199a2f0/execute/sync - {"script":"<script> [5351 bytes]","args":[{"element-6066-11e4-a52e-4f735466cecf":"f.F24DDB532ACE73074D567B2769F7EE3D.d.15661353D3D4E53897B57C73D7099FC1.e.1461","ELEMENT":"f.F24DDB532ACE73074D567B2769F7EE3D.d.15661353D3D4E53897B57C73D7099FC1.e.1461"}]}
COMMAND: GET /session/e8a9fd285ca3c96e8d4d051af199a2f0/screenshot - {}
RESULT: {}
RESULT: {"script":"<script> [5351 bytes]","args":[{"element-6066-11e4-a52e-4f735466cecf":"f.F24DDB532ACE73074D567B2769F7EE3D.d.15661353D3D4E53897B57C73D7099FC1.e.1461","ELEMENT":"f.F24DDB532ACE73074D567B2769F7EE3D.d.15661353D3D4E53897B57C73D7099FC1.e.1461"}]}
COMMAND: GET /session/e8a9fd285ca3c96e8d4d051af199a2f0/screenshot - {}
RESULT: {}
RESULT: {}
RESULT: undefined
COMMAND: POST /session/e8a9fd285ca3c96e8d4d051af199a2f0/execute/async - {"script":"<script> [776 bytes]","args":[{"enterText":"f068elpVqj","selector":{"id":"application-addressmanagement-display-component---masterAdm--smartFilterBar-btnBasicSearch","interaction":{"idSuffix":"I"}},"clearTextFirst":true,"interactionType":"ENTER_TEXT"}]}
RESULT: {"script":"<script> [776 bytes]","args":[{"enterText":"f068elpVqj","selector":{"id":"application-addressmanagement-display-component---masterAdm--smartFilterBar-btnBasicSearch","interaction":{"idSuffix":"I"}},"clearTextFirst":true,"interactionType":"ENTER_TEXT"}]}
COMMAND: POST /session/e8a9fd285ca3c96e8d4d051af199a2f0/actions - {"actions":[{"id":"action5","type":"key","parameters":{},"actions":[{"type":"keyDown","value":"î€‡"},{"type":"pause","duration":10},{"type":"keyUp","value":"î€‡"}]}]}
RESULT: {"actions":[{"id":"action5","type":"key","parameters":{},"actions":[{"type":"keyDown","value":"î€‡"},{"type":"pause","duration":10},{"type":"keyUp","value":"î€‡"}]}]}
COMMAND: GET /session/e8a9fd285ca3c96e8d4d051af199a2f0/screenshot - {}
RESULT: {}
COMMAND: POST /session/e8a9fd285ca3c96e8d4d051af199a2f0/elements - {"using":"xpath","value":"//table[contains(@id, \"customPersonsAddressesTable-listUl\")]/tbody/tr"}
RESULT: {"using":"xpath","value":"//table[contains(@id, \"customPersonsAddressesTable-listUl\")]/tbody/tr"}
COMMAND: POST /session/e8a9fd285ca3c96e8d4d051af199a2f0/element - {"using":"xpath","value":"//table[contains(@id, \"customPersonsAddressesTable-listUl\")]/tbody/tr[1]/td[5]/span/span"}
RESULT: {"using":"xpath","value":"//table[contains(@id, \"customPersonsAddressesTable-listUl\")]/tbody/tr[1]/td[5]/span/span"}
COMMAND: POST /session/e8a9fd285ca3c96e8d4d051af199a2f0/element - {"using":"xpath","value":"//table[contains(@id, \"customPersonsAddressesTable-listUl\")]/tbody/tr[1]/td[3]/span"}
RESULT: {"using":"xpath","value":"//table[contains(@id, \"customPersonsAddressesTable-listUl\")]/tbody/tr[1]/td[3]/span"}
COMMAND: POST /session/e8a9fd285ca3c96e8d4d051af199a2f0/elements - {"using":"xpath","value":"//table[contains(@id, \"customPersonsAddressesTable-listUl\")]/tbody/tr[1]/td[5]/span/span"}
RESULT: {"using":"xpath","value":"//table[contains(@id, \"customPersonsAddressesTable-listUl\")]/tbody/tr[1]/td[5]/span/span"}
COMMAND: POST /session/e8a9fd285ca3c96e8d4d051af199a2f0/execute/sync - {"script":"<script> [56 bytes]","args":[{"element-6066-11e4-a52e-4f735466cecf":"f.F24DDB532ACE73074D567B2769F7EE3D.d.15661353D3D4E53897B57C73D7099FC1.e.1613","ELEMENT":"f.F24DDB532ACE73074D567B2769F7EE3D.d.15661353D3D4E53897B57C73D7099FC1.e.1613"}]}
RESULT: {"script":"<script> [56 bytes]","args":[{"element-6066-11e4-a52e-4f735466cecf":"f.F24DDB532ACE73074D567B2769F7EE3D.d.15661353D3D4E53897B57C73D7099FC1.e.1613","ELEMENT":"f.F24DDB532ACE73074D567B2769F7EE3D.d.15661353D3D4E53897B57C73D7099FC1.e.1613"}]}
COMMAND: POST /session/e8a9fd285ca3c96e8d4d051af199a2f0/execute/sync - {"script":"<script> [56 bytes]","args":[{"element-6066-11e4-a52e-4f735466cecf":"f.F24DDB532ACE73074D567B2769F7EE3D.d.15661353D3D4E53897B57C73D7099FC1.e.1614","ELEMENT":"f.F24DDB532ACE73074D567B2769F7EE3D.d.15661353D3D4E53897B57C73D7099FC1.e.1614"}]}
COMMAND: GET /session/e8a9fd285ca3c96e8d4d051af199a2f0/screenshot - {}
RESULT: {"script":"<script> [56 bytes]","args":[{"element-6066-11e4-a52e-4f735466cecf":"f.F24DDB532ACE73074D567B2769F7EE3D.d.15661353D3D4E53897B57C73D7099FC1.e.1614","ELEMENT":"f.F24DDB532ACE73074D567B2769F7EE3D.d.15661353D3D4E53897B57C73D7099FC1.e.1614"}]}
COMMAND: POST /session/e8a9fd285ca3c96e8d4d051af199a2f0/element - {"using":"xpath","value":"(//span[contains(@id, \"imgNav\")])[1]"}
COMMAND: GET /session/e8a9fd285ca3c96e8d4d051af199a2f0/screenshot - {}
RESULT: {}
RESULT: {"using":"xpath","value":"(//span[contains(@id, \"imgNav\")])[1]"}
COMMAND: POST /session/e8a9fd285ca3c96e8d4d051af199a2f0/element/f.F24DDB532ACE73074D567B2769F7EE3D.d.15661353D3D4E53897B57C73D7099FC1.e.1611/click - {}
RESULT: {}
RESULT: {}
COMMAND: GET /session/e8a9fd285ca3c96e8d4d051af199a2f0/screenshot - {}
RESULT: {}
COMMAND: POST /session/e8a9fd285ca3c96e8d4d051af199a2f0/element - {"using":"xpath","value":"//bdi[contains(text(), \"Edit\")]"}
RESULT: {"using":"xpath","value":"//bdi[contains(text(), \"Edit\")]"}
COMMAND: POST /session/e8a9fd285ca3c96e8d4d051af199a2f0/element/f.F24DDB532ACE73074D567B2769F7EE3D.d.15661353D3D4E53897B57C73D7099FC1.e.1728/click - {}
RESULT: {}
COMMAND: GET /session/e8a9fd285ca3c96e8d4d051af199a2f0/screenshot - {}
RESULT: {}
COMMAND: POST /session/e8a9fd285ca3c96e8d4d051af199a2f0/execute/async - {"script":"<script> [1562 bytes]","args":[{"selector":{"controlType":"sap.m.Button","viewName":"etm.portal.ui.addressmanagement.view.EditDetail","properties":{"text":"Attachments (1)"},"interaction":{"idSuffix":"BDI-content"}},"wdio_ui5_key":"etmportal.ui.addressmanagement.view.EditDetailsap.m.Button{\"text\":\"Attachments (1)\"}"}]}
RESULT: {"script":"<script> [1562 bytes]","args":[{"selector":{"controlType":"sap.m.Button","viewName":"etm.portal.ui.addressmanagement.view.EditDetail","properties":{"text":"Attachments (1)"},"interaction":{"idSuffix":"BDI-content"}},"wdio_ui5_key":"etmportal.ui.addressmanagement.view.EditDetailsap.m.Button{\"text\":\"Attachments (1)\"}"}]}
RESULT: undefined
COMMAND: POST /session/e8a9fd285ca3c96e8d4d051af199a2f0/element - {"using":"xpath","value":"//*[@id=\"__xmlview60--ObjectPageLayout-anchBar-__xmlview60--attachments-anchor\"]"}
RESULT: {"using":"xpath","value":"//*[@id=\"__xmlview60--ObjectPageLayout-anchBar-__xmlview60--attachments-anchor\"]"}
COMMAND: POST /session/e8a9fd285ca3c96e8d4d051af199a2f0/element/f.F24DDB532ACE73074D567B2769F7EE3D.d.15661353D3D4E53897B57C73D7099FC1.e.1767/click - {}
RESULT: {}
COMMAND: GET /session/e8a9fd285ca3c96e8d4d051af199a2f0/screenshot - {}
RESULT: {}
COMMAND: POST /session/e8a9fd285ca3c96e8d4d051af199a2f0/execute/async - {"script":"<script> [1562 bytes]","args":[{"selector":{"controlType":"sap.ui.core.Icon","viewName":"etm.portal.ui.addressmanagement.view.EditDetail","properties":{"src":{"regex":{"source":"decline"}}}},"wdio_ui5_key":"etmportal.ui.addressmanagement.view.EditDetailsap.ui.core.Icon{\"src\":{\"regex\":{\"source\":\"decline\"}}}"}]}
RESULT: {"script":"<script> [1562 bytes]","args":[{"selector":{"controlType":"sap.ui.core.Icon","viewName":"etm.portal.ui.addressmanagement.view.EditDetail","properties":{"src":{"regex":{"source":"decline"}}}},"wdio_ui5_key":"etmportal.ui.addressmanagement.view.EditDetailsap.ui.core.Icon{\"src\":{\"regex\":{\"source\":\"decline\"}}}"}]}
RESULT: undefined
COMMAND: POST /session/e8a9fd285ca3c96e8d4d051af199a2f0/element - {"using":"xpath","value":"//*[@id=\"__item348-__set5-0-deleteButton-img\"]"}
RESULT: {"using":"xpath","value":"//*[@id=\"__item348-__set5-0-deleteButton-img\"]"}
COMMAND: POST /session/e8a9fd285ca3c96e8d4d051af199a2f0/element/f.F24DDB532ACE73074D567B2769F7EE3D.d.15661353D3D4E53897B57C73D7099FC1.e.1772/click - {}
RESULT: {}
COMMAND: GET /session/e8a9fd285ca3c96e8d4d051af199a2f0/screenshot - {}
RESULT: {}
COMMAND: POST /session/e8a9fd285ca3c96e8d4d051af199a2f0/element - {"using":"xpath","value":"//bdi[contains(text(), \"OK\")]"}
RESULT: {"using":"xpath","value":"//bdi[contains(text(), \"OK\")]"}
COMMAND: POST /session/e8a9fd285ca3c96e8d4d051af199a2f0/element/f.F24DDB532ACE73074D567B2769F7EE3D.d.15661353D3D4E53897B57C73D7099FC1.e.1775/click - {}
RESULT: {}
COMMAND: GET /session/e8a9fd285ca3c96e8d4d051af199a2f0/screenshot - {}
RESULT: {}
COMMAND: POST /session/e8a9fd285ca3c96e8d4d051af199a2f0/element - {"using":"xpath","value":"//button[@data-kt=\"saveButton\"]"}
RESULT: {"using":"xpath","value":"//button[@data-kt=\"saveButton\"]"}
COMMAND: POST /session/e8a9fd285ca3c96e8d4d051af199a2f0/element/f.F24DDB532ACE73074D567B2769F7EE3D.d.15661353D3D4E53897B57C73D7099FC1.e.1797/click - {}
RESULT: {}
COMMAND: GET /session/e8a9fd285ca3c96e8d4d051af199a2f0/screenshot - {}
RESULT: {}
RESULT: undefined
COMMAND: POST /session/e8a9fd285ca3c96e8d4d051af199a2f0/element - {"using":"xpath","value":"//*[@id=\"application-addressmanagement-display-component---detailAdm--ObjectPageLayout-anchBar-application-addressmanagement-display-component---detailAdm--attachments-anchor\"]"}
RESULT: {"using":"xpath","value":"//*[@id=\"application-addressmanagement-display-component---detailAdm--ObjectPageLayout-anchBar-application-addressmanagement-display-component---detailAdm--attachments-anchor\"]"}
COMMAND: POST /session/e8a9fd285ca3c96e8d4d051af199a2f0/element/f.F24DDB532ACE73074D567B2769F7EE3D.d.15661353D3D4E53897B57C73D7099FC1.e.1802/click - {}
RESULT: {}
COMMAND: GET /session/e8a9fd285ca3c96e8d4d051af199a2f0/screenshot - {}
RESULT: {}
RESULT: undefined
COMMAND: POST /session/e8a9fd285ca3c96e8d4d051af199a2f0/execute/async - {"script":"<script> [6424 bytes]","args":[{"element-6066-11e4-a52e-4f735466cecf":"f.F24DDB532ACE73074D567B2769F7EE3D.d.15661353D3D4E53897B57C73D7099FC1.e.1315"},"getTitle",[]]}
COMMAND: POST /session/e8a9fd285ca3c96e8d4d051af199a2f0/execute/async - {"script":"<script> [1562 bytes]","args":[{"selector":{"id":"application-addressmanagement-display-component---detailAdm--attachments"},"wdio_ui5_key":"applicationaddressmanagement-display-component---detailAdm--attachments"}]}
RESULT: {"script":"<script> [1562 bytes]","args":[{"selector":{"id":"application-addressmanagement-display-component---detailAdm--attachments"},"wdio_ui5_key":"applicationaddressmanagement-display-component---detailAdm--attachments"}]}
COMMAND: POST /session/e8a9fd285ca3c96e8d4d051af199a2f0/execute/async - {"script":"<script> [6424 bytes]","args":[{"element-6066-11e4-a52e-4f735466cecf":"f.F24DDB532ACE73074D567B2769F7EE3D.d.15661353D3D4E53897B57C73D7099FC1.e.1714"},"getTitle",[]]}
RESULT: {"script":"<script> [6424 bytes]","args":[{"element-6066-11e4-a52e-4f735466cecf":"f.F24DDB532ACE73074D567B2769F7EE3D.d.15661353D3D4E53897B57C73D7099FC1.e.1714"},"getTitle",[]]}
COMMAND: POST /session/e8a9fd285ca3c96e8d4d051af199a2f0/element - {"using":"css selector","value":"#shell-header-logo"}
RESULT: {"using":"css selector","value":"#shell-header-logo"}
COMMAND: POST /session/e8a9fd285ca3c96e8d4d051af199a2f0/element/f.F24DDB532ACE73074D567B2769F7EE3D.d.15661353D3D4E53897B57C73D7099FC1.e.1423/click - {}
RESULT: {}
COMMAND: GET /session/e8a9fd285ca3c96e8d4d051af199a2f0/screenshot - {}
RESULT: {}
COMMAND: DELETE /session/e8a9fd285ca3c96e8d4d051af199a2f0 - {}
RESULT: {}
]]></system-out>
    </testcase>
  </testsuite>
</testsuites>