<?xml version="1.0" encoding="UTF-8"?>
<testsuites tests="82" failures="39" errors="39" skipped="0">
  <testsuite timestamp="2025-05-13T16:18:19" time="694.375" tests="8" failures="1" errors="1" skipped="0">
    <properties>
      <property name="specId" value="0" />
      <property name="suiteName" value="Stock increase - with WHM US125587" />
      <property name="capabilities" value="chrome.136_0_7103_49.windows" />
      <property name="file" value="file:///D:/a/1/s/test/specs/HTR/stock-increase.spec.js" />
    </properties>
    <testcase classname="chrome.136_0_7103_49.windows.Stock_increase_-_with_WHM_US125587" name="Should create a new WHM yard" time="112.291">
      <system-out><![CDATA[
COMMAND: POST /session/3d3f7fd824ffe76093792df5eba9e1c3/window/fullscreen - {}
RESULT: {}
COMMAND: POST /session/3d3f7fd824ffe76093792df5eba9e1c3/execute/async - {"script":"<script> [1562 bytes]","args":[{"selector":{"controlType":"sap.m.GenericTile","properties":{"header":"Manage Yards"}},"wdio_ui5_key":"sapm.GenericTile{\"header\":\"Manage Yards\"}"}]}
RESULT: {"script":"<script> [1562 bytes]","args":[{"selector":{"controlType":"sap.m.GenericTile","properties":{"header":"Manage Yards"}},"wdio_ui5_key":"sapm.GenericTile{\"header\":\"Manage Yards\"}"}]}
RESULT: undefined
COMMAND: POST /session/3d3f7fd824ffe76093792df5eba9e1c3/element - {"using":"xpath","value":"//*[@id=\"__tile41\"]"}
RESULT: {"using":"xpath","value":"//*[@id=\"__tile41\"]"}
COMMAND: POST /session/3d3f7fd824ffe76093792df5eba9e1c3/element/f.B31767EFF96F4B6690C27CBC6EB8D7D5.d.EFF8260E1F23D714E825396E74489EF1.e.131/click - {}
RESULT: {}
COMMAND: POST /session/3d3f7fd824ffe76093792df5eba9e1c3/element - {"using":"xpath","value":"//button[@data-kt=\"addNewYardOverflowToolbarButton\"]"}
COMMAND: GET /session/3d3f7fd824ffe76093792df5eba9e1c3/screenshot - {}
RESULT: {"using":"xpath","value":"//button[@data-kt=\"addNewYardOverflowToolbarButton\"]"}
COMMAND: POST /session/3d3f7fd824ffe76093792df5eba9e1c3/elements - {"using":"xpath","value":"//button[@data-kt=\"addNewYardOverflowToolbarButton\"]"}
RESULT: {}
RESULT: {"using":"xpath","value":"//button[@data-kt=\"addNewYardOverflowToolbarButton\"]"}
COMMAND: POST /session/3d3f7fd824ffe76093792df5eba9e1c3/elements - {"using":"xpath","value":"//button[@data-kt=\"addNewYardOverflowToolbarButton\"]"}
RESULT: {"using":"xpath","value":"//button[@data-kt=\"addNewYardOverflowToolbarButton\"]"}
COMMAND: POST /session/3d3f7fd824ffe76093792df5eba9e1c3/elements - {"using":"xpath","value":"//button[@data-kt=\"addNewYardOverflowToolbarButton\"]"}
RESULT: {"using":"xpath","value":"//button[@data-kt=\"addNewYardOverflowToolbarButton\"]"}
COMMAND: POST /session/3d3f7fd824ffe76093792df5eba9e1c3/elements - {"using":"xpath","value":"//button[@data-kt=\"addNewYardOverflowToolbarButton\"]"}
RESULT: {"using":"xpath","value":"//button[@data-kt=\"addNewYardOverflowToolbarButton\"]"}
COMMAND: POST /session/3d3f7fd824ffe76093792df5eba9e1c3/elements - {"using":"xpath","value":"//button[@data-kt=\"addNewYardOverflowToolbarButton\"]"}
RESULT: {"using":"xpath","value":"//button[@data-kt=\"addNewYardOverflowToolbarButton\"]"}
COMMAND: POST /session/3d3f7fd824ffe76093792df5eba9e1c3/elements - {"using":"xpath","value":"//button[@data-kt=\"addNewYardOverflowToolbarButton\"]"}
RESULT: {"using":"xpath","value":"//button[@data-kt=\"addNewYardOverflowToolbarButton\"]"}
COMMAND: POST /session/3d3f7fd824ffe76093792df5eba9e1c3/elements - {"using":"xpath","value":"//button[@data-kt=\"addNewYardOverflowToolbarButton\"]"}
RESULT: {"using":"xpath","value":"//button[@data-kt=\"addNewYardOverflowToolbarButton\"]"}
COMMAND: POST /session/3d3f7fd824ffe76093792df5eba9e1c3/elements - {"using":"xpath","value":"//button[@data-kt=\"addNewYardOverflowToolbarButton\"]"}
RESULT: {"using":"xpath","value":"//button[@data-kt=\"addNewYardOverflowToolbarButton\"]"}
COMMAND: POST /session/3d3f7fd824ffe76093792df5eba9e1c3/elements - {"using":"xpath","value":"//button[@data-kt=\"addNewYardOverflowToolbarButton\"]"}
RESULT: {"using":"xpath","value":"//button[@data-kt=\"addNewYardOverflowToolbarButton\"]"}
COMMAND: POST /session/3d3f7fd824ffe76093792df5eba9e1c3/elements - {"using":"xpath","value":"//button[@data-kt=\"addNewYardOverflowToolbarButton\"]"}
RESULT: {"using":"xpath","value":"//button[@data-kt=\"addNewYardOverflowToolbarButton\"]"}
COMMAND: POST /session/3d3f7fd824ffe76093792df5eba9e1c3/elements - {"using":"xpath","value":"//button[@data-kt=\"addNewYardOverflowToolbarButton\"]"}
RESULT: {"using":"xpath","value":"//button[@data-kt=\"addNewYardOverflowToolbarButton\"]"}
COMMAND: POST /session/3d3f7fd824ffe76093792df5eba9e1c3/elements - {"using":"xpath","value":"//button[@data-kt=\"addNewYardOverflowToolbarButton\"]"}
RESULT: {"using":"xpath","value":"//button[@data-kt=\"addNewYardOverflowToolbarButton\"]"}
COMMAND: POST /session/3d3f7fd824ffe76093792df5eba9e1c3/elements - {"using":"xpath","value":"//button[@data-kt=\"addNewYardOverflowToolbarButton\"]"}
RESULT: {"using":"xpath","value":"//button[@data-kt=\"addNewYardOverflowToolbarButton\"]"}
COMMAND: POST /session/3d3f7fd824ffe76093792df5eba9e1c3/elements - {"using":"xpath","value":"//button[@data-kt=\"addNewYardOverflowToolbarButton\"]"}
RESULT: {"using":"xpath","value":"//button[@data-kt=\"addNewYardOverflowToolbarButton\"]"}
COMMAND: POST /session/3d3f7fd824ffe76093792df5eba9e1c3/elements - {"using":"xpath","value":"//button[@data-kt=\"addNewYardOverflowToolbarButton\"]"}
RESULT: {"using":"xpath","value":"//button[@data-kt=\"addNewYardOverflowToolbarButton\"]"}
COMMAND: POST /session/3d3f7fd824ffe76093792df5eba9e1c3/elements - {"using":"xpath","value":"//button[@data-kt=\"addNewYardOverflowToolbarButton\"]"}
RESULT: {"using":"xpath","value":"//button[@data-kt=\"addNewYardOverflowToolbarButton\"]"}
COMMAND: POST /session/3d3f7fd824ffe76093792df5eba9e1c3/elements - {"using":"xpath","value":"//button[@data-kt=\"addNewYardOverflowToolbarButton\"]"}
RESULT: {"using":"xpath","value":"//button[@data-kt=\"addNewYardOverflowToolbarButton\"]"}
COMMAND: POST /session/3d3f7fd824ffe76093792df5eba9e1c3/elements - {"using":"xpath","value":"//button[@data-kt=\"addNewYardOverflowToolbarButton\"]"}
RESULT: {"using":"xpath","value":"//button[@data-kt=\"addNewYardOverflowToolbarButton\"]"}
COMMAND: POST /session/3d3f7fd824ffe76093792df5eba9e1c3/element - {"using":"xpath","value":"//button[@data-kt=\"addNewYardOverflowToolbarButton\"]"}
RESULT: {"using":"xpath","value":"//button[@data-kt=\"addNewYardOverflowToolbarButton\"]"}
COMMAND: POST /session/3d3f7fd824ffe76093792df5eba9e1c3/execute/sync - {"script":"<script> [8489 bytes]","args":[{"element-6066-11e4-a52e-4f735466cecf":"f.B31767EFF96F4B6690C27CBC6EB8D7D5.d.EFF8260E1F23D714E825396E74489EF1.e.268","ELEMENT":"f.B31767EFF96F4B6690C27CBC6EB8D7D5.d.EFF8260E1F23D714E825396E74489EF1.e.268"}]}
RESULT: {"script":"<script> [8489 bytes]","args":[{"element-6066-11e4-a52e-4f735466cecf":"f.B31767EFF96F4B6690C27CBC6EB8D7D5.d.EFF8260E1F23D714E825396E74489EF1.e.268","ELEMENT":"f.B31767EFF96F4B6690C27CBC6EB8D7D5.d.EFF8260E1F23D714E825396E74489EF1.e.268"}]}
COMMAND: GET /session/3d3f7fd824ffe76093792df5eba9e1c3/element/f.B31767EFF96F4B6690C27CBC6EB8D7D5.d.EFF8260E1F23D714E825396E74489EF1.e.268/enabled - {}
COMMAND: GET /session/3d3f7fd824ffe76093792df5eba9e1c3/screenshot - {}
RESULT: {}
COMMAND: POST /session/3d3f7fd824ffe76093792df5eba9e1c3/execute/sync - {"script":"<script> [8489 bytes]","args":[{"element-6066-11e4-a52e-4f735466cecf":"f.B31767EFF96F4B6690C27CBC6EB8D7D5.d.EFF8260E1F23D714E825396E74489EF1.e.268","ELEMENT":"f.B31767EFF96F4B6690C27CBC6EB8D7D5.d.EFF8260E1F23D714E825396E74489EF1.e.268"}]}
COMMAND: GET /session/3d3f7fd824ffe76093792df5eba9e1c3/screenshot - {}
RESULT: {}
RESULT: {"script":"<script> [8489 bytes]","args":[{"element-6066-11e4-a52e-4f735466cecf":"f.B31767EFF96F4B6690C27CBC6EB8D7D5.d.EFF8260E1F23D714E825396E74489EF1.e.268","ELEMENT":"f.B31767EFF96F4B6690C27CBC6EB8D7D5.d.EFF8260E1F23D714E825396E74489EF1.e.268"}]}
COMMAND: POST /session/3d3f7fd824ffe76093792df5eba9e1c3/execute/sync - {"script":"<script> [5351 bytes]","args":[{"element-6066-11e4-a52e-4f735466cecf":"f.B31767EFF96F4B6690C27CBC6EB8D7D5.d.EFF8260E1F23D714E825396E74489EF1.e.268","ELEMENT":"f.B31767EFF96F4B6690C27CBC6EB8D7D5.d.EFF8260E1F23D714E825396E74489EF1.e.268"}]}
COMMAND: GET /session/3d3f7fd824ffe76093792df5eba9e1c3/screenshot - {}
RESULT: {}
RESULT: {"script":"<script> [5351 bytes]","args":[{"element-6066-11e4-a52e-4f735466cecf":"f.B31767EFF96F4B6690C27CBC6EB8D7D5.d.EFF8260E1F23D714E825396E74489EF1.e.268","ELEMENT":"f.B31767EFF96F4B6690C27CBC6EB8D7D5.d.EFF8260E1F23D714E825396E74489EF1.e.268"}]}
COMMAND: POST /session/3d3f7fd824ffe76093792df5eba9e1c3/element/f.B31767EFF96F4B6690C27CBC6EB8D7D5.d.EFF8260E1F23D714E825396E74489EF1.e.268/click - {}
COMMAND: GET /session/3d3f7fd824ffe76093792df5eba9e1c3/screenshot - {}
RESULT: {}
RESULT: {}
COMMAND: GET /session/3d3f7fd824ffe76093792df5eba9e1c3/screenshot - {}
COMMAND: POST /session/3d3f7fd824ffe76093792df5eba9e1c3/element - {"using":"xpath","value":"//input[@id=\"application-manageyards-display-component---NewYard--yardId-inner\"]"}
RESULT: {}
RESULT: {}
RESULT: {"using":"xpath","value":"//input[@id=\"application-manageyards-display-component---NewYard--yardId-inner\"]"}
COMMAND: POST /session/3d3f7fd824ffe76093792df5eba9e1c3/element - {"using":"xpath","value":"//input[@id=\"application-manageyards-display-component---NewYard--yardId-inner\"]"}
RESULT: {"using":"xpath","value":"//input[@id=\"application-manageyards-display-component---NewYard--yardId-inner\"]"}
COMMAND: POST /session/3d3f7fd824ffe76093792df5eba9e1c3/execute/async - {"script":"<script> [1562 bytes]","args":[{"selector":{"id":"application-manageyards-display-component---NewYard--addressDetailDetailsName1","interaction":{"idSuffix":"inner"}},"wdio_ui5_key":"applicationmanageyards-display-component---NewYard--addressDetailDetailsName1"}]}
RESULT: {"script":"<script> [1562 bytes]","args":[{"selector":{"id":"application-manageyards-display-component---NewYard--addressDetailDetailsName1","interaction":{"idSuffix":"inner"}},"wdio_ui5_key":"applicationmanageyards-display-component---NewYard--addressDetailDetailsName1"}]}
RESULT: undefined
COMMAND: POST /session/3d3f7fd824ffe76093792df5eba9e1c3/execute/async - {"script":"<script> [776 bytes]","args":[{"enterText":"Warehouse Managed WDIO","selector":{"id":"application-manageyards-display-component---NewYard--addressDetailDetailsName1","interaction":{"idSuffix":"inner"}},"clearTextFirst":true,"interactionType":"ENTER_TEXT"}]}
RESULT: {"script":"<script> [776 bytes]","args":[{"enterText":"Warehouse Managed WDIO","selector":{"id":"application-manageyards-display-component---NewYard--addressDetailDetailsName1","interaction":{"idSuffix":"inner"}},"clearTextFirst":true,"interactionType":"ENTER_TEXT"}]}
COMMAND: POST /session/3d3f7fd824ffe76093792df5eba9e1c3/execute/async - {"script":"<script> [1562 bytes]","args":[{"selector":{"id":"application-manageyards-display-component---NewYard--addressDetailDetailsLanguage-arrow"},"wdio_ui5_key":"applicationmanageyards-display-component---NewYard--addressDetailDetailsLanguage-arrow"}]}
RESULT: {"script":"<script> [1562 bytes]","args":[{"selector":{"id":"application-manageyards-display-component---NewYard--addressDetailDetailsLanguage-arrow"},"wdio_ui5_key":"applicationmanageyards-display-component---NewYard--addressDetailDetailsLanguage-arrow"}]}
RESULT: undefined
COMMAND: POST /session/3d3f7fd824ffe76093792df5eba9e1c3/element - {"using":"xpath","value":"//*[@id=\"application-manageyards-display-component---NewYard--addressDetailDetailsLanguage-arrow\"]"}
RESULT: {"using":"xpath","value":"//*[@id=\"application-manageyards-display-component---NewYard--addressDetailDetailsLanguage-arrow\"]"}
COMMAND: POST /session/3d3f7fd824ffe76093792df5eba9e1c3/element/f.B31767EFF96F4B6690C27CBC6EB8D7D5.d.EFF8260E1F23D714E825396E74489EF1.e.708/click - {}
RESULT: {}
COMMAND: POST /session/3d3f7fd824ffe76093792df5eba9e1c3/element - {"using":"xpath","value":"//span[contains(text(), \"English\")]"}
COMMAND: GET /session/3d3f7fd824ffe76093792df5eba9e1c3/screenshot - {}
RESULT: {"using":"xpath","value":"//span[contains(text(), \"English\")]"}
COMMAND: POST /session/3d3f7fd824ffe76093792df5eba9e1c3/element/f.B31767EFF96F4B6690C27CBC6EB8D7D5.d.EFF8260E1F23D714E825396E74489EF1.e.709/click - {}
RESULT: {}
RESULT: {}
COMMAND: POST /session/3d3f7fd824ffe76093792df5eba9e1c3/execute/async - {"script":"<script> [1562 bytes]","args":[{"selector":{"id":"application-manageyards-display-component---NewYard--addressDetailDetailsCity1","interaction":{"idSuffix":"inner"}},"wdio_ui5_key":"applicationmanageyards-display-component---NewYard--addressDetailDetailsCity1"}]}
COMMAND: GET /session/3d3f7fd824ffe76093792df5eba9e1c3/screenshot - {}
RESULT: {"script":"<script> [1562 bytes]","args":[{"selector":{"id":"application-manageyards-display-component---NewYard--addressDetailDetailsCity1","interaction":{"idSuffix":"inner"}},"wdio_ui5_key":"applicationmanageyards-display-component---NewYard--addressDetailDetailsCity1"}]}
RESULT: undefined
COMMAND: POST /session/3d3f7fd824ffe76093792df5eba9e1c3/execute/async - {"script":"<script> [776 bytes]","args":[{"enterText":"Rosario","selector":{"id":"application-manageyards-display-component---NewYard--addressDetailDetailsCity1","interaction":{"idSuffix":"inner"}},"clearTextFirst":true,"interactionType":"ENTER_TEXT"}]}
RESULT: {}
RESULT: {"script":"<script> [776 bytes]","args":[{"enterText":"Rosario","selector":{"id":"application-manageyards-display-component---NewYard--addressDetailDetailsCity1","interaction":{"idSuffix":"inner"}},"clearTextFirst":true,"interactionType":"ENTER_TEXT"}]}
COMMAND: POST /session/3d3f7fd824ffe76093792df5eba9e1c3/execute/async - {"script":"<script> [1562 bytes]","args":[{"selector":{"id":"application-manageyards-display-component---NewYard--addressDetailDetailsCountry-arrow"},"wdio_ui5_key":"applicationmanageyards-display-component---NewYard--addressDetailDetailsCountry-arrow"}]}
RESULT: {"script":"<script> [1562 bytes]","args":[{"selector":{"id":"application-manageyards-display-component---NewYard--addressDetailDetailsCountry-arrow"},"wdio_ui5_key":"applicationmanageyards-display-component---NewYard--addressDetailDetailsCountry-arrow"}]}
RESULT: undefined
COMMAND: POST /session/3d3f7fd824ffe76093792df5eba9e1c3/element - {"using":"xpath","value":"//*[@id=\"application-manageyards-display-component---NewYard--addressDetailDetailsCountry-arrow\"]"}
RESULT: {"using":"xpath","value":"//*[@id=\"application-manageyards-display-component---NewYard--addressDetailDetailsCountry-arrow\"]"}
COMMAND: POST /session/3d3f7fd824ffe76093792df5eba9e1c3/element/f.B31767EFF96F4B6690C27CBC6EB8D7D5.d.EFF8260E1F23D714E825396E74489EF1.e.711/click - {}
RESULT: {}
COMMAND: POST /session/3d3f7fd824ffe76093792df5eba9e1c3/element - {"using":"xpath","value":"//span[contains(text(), \"Argentina\")]"}
COMMAND: GET /session/3d3f7fd824ffe76093792df5eba9e1c3/screenshot - {}
RESULT: {"using":"xpath","value":"//span[contains(text(), \"Argentina\")]"}
COMMAND: POST /session/3d3f7fd824ffe76093792df5eba9e1c3/element/f.B31767EFF96F4B6690C27CBC6EB8D7D5.d.EFF8260E1F23D714E825396E74489EF1.e.712/click - {}
RESULT: {}
RESULT: {}
COMMAND: POST /session/3d3f7fd824ffe76093792df5eba9e1c3/execute/async - {"script":"<script> [1562 bytes]","args":[{"selector":{"id":"application-manageyards-display-component---NewYard--addressEditDetailsCostObjectCstType-arrow"},"wdio_ui5_key":"applicationmanageyards-display-component---NewYard--addressEditDetailsCostObjectCstType-arrow"}]}
COMMAND: GET /session/3d3f7fd824ffe76093792df5eba9e1c3/screenshot - {}
RESULT: {"script":"<script> [1562 bytes]","args":[{"selector":{"id":"application-manageyards-display-component---NewYard--addressEditDetailsCostObjectCstType-arrow"},"wdio_ui5_key":"applicationmanageyards-display-component---NewYard--addressEditDetailsCostObjectCstType-arrow"}]}
RESULT: undefined
COMMAND: POST /session/3d3f7fd824ffe76093792df5eba9e1c3/element - {"using":"xpath","value":"//*[@id=\"application-manageyards-display-component---NewYard--addressEditDetailsCostObjectCstType-arrow\"]"}
RESULT: {}
RESULT: {"using":"xpath","value":"//*[@id=\"application-manageyards-display-component---NewYard--addressEditDetailsCostObjectCstType-arrow\"]"}
COMMAND: POST /session/3d3f7fd824ffe76093792df5eba9e1c3/element/f.B31767EFF96F4B6690C27CBC6EB8D7D5.d.EFF8260E1F23D714E825396E74489EF1.e.714/click - {}
RESULT: {}
COMMAND: POST /session/3d3f7fd824ffe76093792df5eba9e1c3/element - {"using":"xpath","value":"//span[contains(text(), \"Cost Center\")]"}
COMMAND: GET /session/3d3f7fd824ffe76093792df5eba9e1c3/screenshot - {}
RESULT: {"using":"xpath","value":"//span[contains(text(), \"Cost Center\")]"}
COMMAND: POST /session/3d3f7fd824ffe76093792df5eba9e1c3/element/f.B31767EFF96F4B6690C27CBC6EB8D7D5.d.EFF8260E1F23D714E825396E74489EF1.e.715/click - {}
RESULT: {}
RESULT: {}
COMMAND: GET /session/3d3f7fd824ffe76093792df5eba9e1c3/screenshot - {}
RESULT: {}
COMMAND: POST /session/3d3f7fd824ffe76093792df5eba9e1c3/element - {"using":"xpath","value":"//span[@id=\"application-manageyards-display-component---NewYard--addressNewCostObjectCstID-vhi\"]"}
RESULT: {"using":"xpath","value":"//span[@id=\"application-manageyards-display-component---NewYard--addressNewCostObjectCstID-vhi\"]"}
COMMAND: POST /session/3d3f7fd824ffe76093792df5eba9e1c3/execute/sync - {"script":"<script> [8489 bytes]","args":[{"element-6066-11e4-a52e-4f735466cecf":"f.B31767EFF96F4B6690C27CBC6EB8D7D5.d.EFF8260E1F23D714E825396E74489EF1.e.719","ELEMENT":"f.B31767EFF96F4B6690C27CBC6EB8D7D5.d.EFF8260E1F23D714E825396E74489EF1.e.719"}]}
RESULT: {"script":"<script> [8489 bytes]","args":[{"element-6066-11e4-a52e-4f735466cecf":"f.B31767EFF96F4B6690C27CBC6EB8D7D5.d.EFF8260E1F23D714E825396E74489EF1.e.719","ELEMENT":"f.B31767EFF96F4B6690C27CBC6EB8D7D5.d.EFF8260E1F23D714E825396E74489EF1.e.719"}]}
COMMAND: POST /session/3d3f7fd824ffe76093792df5eba9e1c3/execute/async - {"script":"<script> [1562 bytes]","args":[{"selector":{"id":"application-manageyards-display-component---NewYard--addressNewCostObjectCstID-vhi"},"wdio_ui5_key":"applicationmanageyards-display-component---NewYard--addressNewCostObjectCstID-vhi"}]}
COMMAND: GET /session/3d3f7fd824ffe76093792df5eba9e1c3/screenshot - {}
RESULT: {"script":"<script> [1562 bytes]","args":[{"selector":{"id":"application-manageyards-display-component---NewYard--addressNewCostObjectCstID-vhi"},"wdio_ui5_key":"applicationmanageyards-display-component---NewYard--addressNewCostObjectCstID-vhi"}]}
RESULT: undefined
COMMAND: POST /session/3d3f7fd824ffe76093792df5eba9e1c3/element - {"using":"xpath","value":"//*[@id=\"application-manageyards-display-component---NewYard--addressNewCostObjectCstID-vhi\"]"}
RESULT: {}
RESULT: {"using":"xpath","value":"//*[@id=\"application-manageyards-display-component---NewYard--addressNewCostObjectCstID-vhi\"]"}
COMMAND: POST /session/3d3f7fd824ffe76093792df5eba9e1c3/element/f.B31767EFF96F4B6690C27CBC6EB8D7D5.d.EFF8260E1F23D714E825396E74489EF1.e.719/click - {}
RESULT: {}
COMMAND: GET /session/3d3f7fd824ffe76093792df5eba9e1c3/screenshot - {}
RESULT: {}
COMMAND: POST /session/3d3f7fd824ffe76093792df5eba9e1c3/execute/async - {"script":"<script> [1562 bytes]","args":[{"selector":{"controlType":"sap.m.SearchField","properties":{"placeholder":"Search"},"searchOpenDialogs":true,"interaction":{"idSuffix":"I"}},"wdio_ui5_key":"sapm.SearchField{\"placeholder\":\"Search\"}"}]}
RESULT: {"script":"<script> [1562 bytes]","args":[{"selector":{"controlType":"sap.m.SearchField","properties":{"placeholder":"Search"},"searchOpenDialogs":true,"interaction":{"idSuffix":"I"}},"wdio_ui5_key":"sapm.SearchField{\"placeholder\":\"Search\"}"}]}
RESULT: undefined
COMMAND: POST /session/3d3f7fd824ffe76093792df5eba9e1c3/execute/async - {"script":"<script> [776 bytes]","args":[{"enterText":"10001013","selector":{"controlType":"sap.m.SearchField","properties":{"placeholder":"Search"},"searchOpenDialogs":true,"interaction":{"idSuffix":"I"}},"clearTextFirst":true,"interactionType":"ENTER_TEXT"}]}
RESULT: {"script":"<script> [776 bytes]","args":[{"enterText":"10001013","selector":{"controlType":"sap.m.SearchField","properties":{"placeholder":"Search"},"searchOpenDialogs":true,"interaction":{"idSuffix":"I"}},"clearTextFirst":true,"interactionType":"ENTER_TEXT"}]}
COMMAND: POST /session/3d3f7fd824ffe76093792df5eba9e1c3/actions - {"actions":[{"id":"action1","type":"key","parameters":{},"actions":[{"type":"keyDown","value":"î€‡"},{"type":"pause","duration":10},{"type":"keyUp","value":"î€‡"}]}]}
RESULT: {"actions":[{"id":"action1","type":"key","parameters":{},"actions":[{"type":"keyDown","value":"î€‡"},{"type":"pause","duration":10},{"type":"keyUp","value":"î€‡"}]}]}
COMMAND: GET /session/3d3f7fd824ffe76093792df5eba9e1c3/screenshot - {}
RESULT: {}
COMMAND: POST /session/3d3f7fd824ffe76093792df5eba9e1c3/element - {"using":"xpath","value":"//span[contains(text(), \"General Management\")]"}
RESULT: {"using":"xpath","value":"//span[contains(text(), \"General Management\")]"}
COMMAND: POST /session/3d3f7fd824ffe76093792df5eba9e1c3/element/f.B31767EFF96F4B6690C27CBC6EB8D7D5.d.EFF8260E1F23D714E825396E74489EF1.e.759/click - {}
RESULT: {}
COMMAND: GET /session/3d3f7fd824ffe76093792df5eba9e1c3/screenshot - {}
RESULT: {}
COMMAND: POST /session/3d3f7fd824ffe76093792df5eba9e1c3/element - {"using":"xpath","value":"//bdi[contains(text(), \"OK\")]"}
RESULT: {"using":"xpath","value":"//bdi[contains(text(), \"OK\")]"}
COMMAND: POST /session/3d3f7fd824ffe76093792df5eba9e1c3/element/f.B31767EFF96F4B6690C27CBC6EB8D7D5.d.EFF8260E1F23D714E825396E74489EF1.e.760/click - {}
RESULT: {}
COMMAND: GET /session/3d3f7fd824ffe76093792df5eba9e1c3/screenshot - {}
RESULT: {}
COMMAND: POST /session/3d3f7fd824ffe76093792df5eba9e1c3/execute/async - {"script":"<script> [1562 bytes]","args":[{"selector":{"id":"application-manageyards-display-component---NewYard--addressEditDetailsCurrency-arrow"},"wdio_ui5_key":"applicationmanageyards-display-component---NewYard--addressEditDetailsCurrency-arrow"}]}
RESULT: {"script":"<script> [1562 bytes]","args":[{"selector":{"id":"application-manageyards-display-component---NewYard--addressEditDetailsCurrency-arrow"},"wdio_ui5_key":"applicationmanageyards-display-component---NewYard--addressEditDetailsCurrency-arrow"}]}
RESULT: undefined
COMMAND: POST /session/3d3f7fd824ffe76093792df5eba9e1c3/element - {"using":"xpath","value":"//*[@id=\"application-manageyards-display-component---NewYard--addressEditDetailsCurrency-arrow\"]"}
RESULT: {"using":"xpath","value":"//*[@id=\"application-manageyards-display-component---NewYard--addressEditDetailsCurrency-arrow\"]"}
COMMAND: POST /session/3d3f7fd824ffe76093792df5eba9e1c3/element/f.B31767EFF96F4B6690C27CBC6EB8D7D5.d.EFF8260E1F23D714E825396E74489EF1.e.763/click - {}
RESULT: {}
COMMAND: POST /session/3d3f7fd824ffe76093792df5eba9e1c3/element - {"using":"xpath","value":"//span[contains(text(), \"Euro\")]"}
COMMAND: GET /session/3d3f7fd824ffe76093792df5eba9e1c3/screenshot - {}
RESULT: {"using":"xpath","value":"//span[contains(text(), \"Euro\")]"}
COMMAND: POST /session/3d3f7fd824ffe76093792df5eba9e1c3/element/f.B31767EFF96F4B6690C27CBC6EB8D7D5.d.EFF8260E1F23D714E825396E74489EF1.e.764/click - {}
RESULT: {}
RESULT: {}
COMMAND: POST /session/3d3f7fd824ffe76093792df5eba9e1c3/execute/async - {"script":"<script> [1562 bytes]","args":[{"selector":{"controlType":"sap.m.Input","viewName":"etm.portal.ui.manageyards.view.New","viewId":"application-manageyards-display-component---NewYard","bindingPath":{"path":"","propertyPath":"/CONTROLLING_AREA","modelName":"NewYardModel"},"interaction":{"idSuffix":"inner"}},"wdio_ui5_key":"etmportal.ui.manageyards.view.Newsap.m.Input{\"path\":\"\",\"propertyPath\":\"/CONTROLLING_AREA\",\"modelName\":\"NewYardModel\"}"}]}
COMMAND: GET /session/3d3f7fd824ffe76093792df5eba9e1c3/screenshot - {}
RESULT: {"script":"<script> [1562 bytes]","args":[{"selector":{"controlType":"sap.m.Input","viewName":"etm.portal.ui.manageyards.view.New","viewId":"application-manageyards-display-component---NewYard","bindingPath":{"path":"","propertyPath":"/CONTROLLING_AREA","modelName":"NewYardModel"},"interaction":{"idSuffix":"inner"}},"wdio_ui5_key":"etmportal.ui.manageyards.view.Newsap.m.Input{\"path\":\"\",\"propertyPath\":\"/CONTROLLING_AREA\",\"modelName\":\"NewYardModel\"}"}]}
RESULT: undefined
COMMAND: POST /session/3d3f7fd824ffe76093792df5eba9e1c3/execute/async - {"script":"<script> [776 bytes]","args":[{"enterText":"Z001","selector":{"controlType":"sap.m.Input","viewName":"etm.portal.ui.manageyards.view.New","viewId":"application-manageyards-display-component---NewYard","bindingPath":{"path":"","propertyPath":"/CONTROLLING_AREA","modelName":"NewYardModel"},"interaction":{"idSuffix":"inner"}},"clearTextFirst":true,"interactionType":"ENTER_TEXT"}]}
RESULT: {}
RESULT: {"script":"<script> [776 bytes]","args":[{"enterText":"Z001","selector":{"controlType":"sap.m.Input","viewName":"etm.portal.ui.manageyards.view.New","viewId":"application-manageyards-display-component---NewYard","bindingPath":{"path":"","propertyPath":"/CONTROLLING_AREA","modelName":"NewYardModel"},"interaction":{"idSuffix":"inner"}},"clearTextFirst":true,"interactionType":"ENTER_TEXT"}]}
COMMAND: POST /session/3d3f7fd824ffe76093792df5eba9e1c3/execute/async - {"script":"<script> [1562 bytes]","args":[{"selector":{"id":"application-manageyards-display-component---NewYard--companyCodeComboBox","interaction":{"idSuffix":"inner"}},"wdio_ui5_key":"applicationmanageyards-display-component---NewYard--companyCodeComboBox"}]}
RESULT: {"script":"<script> [1562 bytes]","args":[{"selector":{"id":"application-manageyards-display-component---NewYard--companyCodeComboBox","interaction":{"idSuffix":"inner"}},"wdio_ui5_key":"applicationmanageyards-display-component---NewYard--companyCodeComboBox"}]}
RESULT: undefined
COMMAND: POST /session/3d3f7fd824ffe76093792df5eba9e1c3/execute/async - {"script":"<script> [776 bytes]","args":[{"enterText":"1000","selector":{"id":"application-manageyards-display-component---NewYard--companyCodeComboBox","interaction":{"idSuffix":"inner"}},"clearTextFirst":true,"interactionType":"ENTER_TEXT"}]}
RESULT: {"script":"<script> [776 bytes]","args":[{"enterText":"1000","selector":{"id":"application-manageyards-display-component---NewYard--companyCodeComboBox","interaction":{"idSuffix":"inner"}},"clearTextFirst":true,"interactionType":"ENTER_TEXT"}]}
RESULT: undefined
RESULT: undefined
COMMAND: POST /session/3d3f7fd824ffe76093792df5eba9e1c3/execute/async - {"script":"<script> [1562 bytes]","args":[{"selector":{"controlType":"sap.m.Input","viewName":"etm.portal.ui.manageyards.view.New","viewId":"application-manageyards-display-component---NewYard","bindingPath":{"path":"","propertyPath":"/PLANT","modelName":"NewYardModel"},"interaction":{"idSuffix":"inner"}},"wdio_ui5_key":"etmportal.ui.manageyards.view.Newsap.m.Input{\"path\":\"\",\"propertyPath\":\"/PLANT\",\"modelName\":\"NewYardModel\"}"}]}
RESULT: {"script":"<script> [1562 bytes]","args":[{"selector":{"controlType":"sap.m.Input","viewName":"etm.portal.ui.manageyards.view.New","viewId":"application-manageyards-display-component---NewYard","bindingPath":{"path":"","propertyPath":"/PLANT","modelName":"NewYardModel"},"interaction":{"idSuffix":"inner"}},"wdio_ui5_key":"etmportal.ui.manageyards.view.Newsap.m.Input{\"path\":\"\",\"propertyPath\":\"/PLANT\",\"modelName\":\"NewYardModel\"}"}]}
RESULT: undefined
COMMAND: POST /session/3d3f7fd824ffe76093792df5eba9e1c3/execute/async - {"script":"<script> [776 bytes]","args":[{"enterText":"1001","selector":{"controlType":"sap.m.Input","viewName":"etm.portal.ui.manageyards.view.New","viewId":"application-manageyards-display-component---NewYard","bindingPath":{"path":"","propertyPath":"/PLANT","modelName":"NewYardModel"},"interaction":{"idSuffix":"inner"}},"clearTextFirst":true,"interactionType":"ENTER_TEXT"}]}
RESULT: {"script":"<script> [776 bytes]","args":[{"enterText":"1001","selector":{"controlType":"sap.m.Input","viewName":"etm.portal.ui.manageyards.view.New","viewId":"application-manageyards-display-component---NewYard","bindingPath":{"path":"","propertyPath":"/PLANT","modelName":"NewYardModel"},"interaction":{"idSuffix":"inner"}},"clearTextFirst":true,"interactionType":"ENTER_TEXT"}]}
COMMAND: POST /session/3d3f7fd824ffe76093792df5eba9e1c3/execute/async - {"script":"<script> [1562 bytes]","args":[{"selector":{"controlType":"sap.m.Input","viewName":"etm.portal.ui.manageyards.view.New","viewId":"application-manageyards-display-component---NewYard","bindingPath":{"path":"","propertyPath":"/SALES_AREA_VKORG","modelName":"NewYardModel"},"interaction":{"idSuffix":"inner"}},"wdio_ui5_key":"etmportal.ui.manageyards.view.Newsap.m.Input{\"path\":\"\",\"propertyPath\":\"/SALES_AREA_VKORG\",\"modelName\":\"NewYardModel\"}"}]}
RESULT: {"script":"<script> [1562 bytes]","args":[{"selector":{"controlType":"sap.m.Input","viewName":"etm.portal.ui.manageyards.view.New","viewId":"application-manageyards-display-component---NewYard","bindingPath":{"path":"","propertyPath":"/SALES_AREA_VKORG","modelName":"NewYardModel"},"interaction":{"idSuffix":"inner"}},"wdio_ui5_key":"etmportal.ui.manageyards.view.Newsap.m.Input{\"path\":\"\",\"propertyPath\":\"/SALES_AREA_VKORG\",\"modelName\":\"NewYardModel\"}"}]}
RESULT: undefined
COMMAND: POST /session/3d3f7fd824ffe76093792df5eba9e1c3/execute/async - {"script":"<script> [776 bytes]","args":[{"enterText":"C002","selector":{"controlType":"sap.m.Input","viewName":"etm.portal.ui.manageyards.view.New","viewId":"application-manageyards-display-component---NewYard","bindingPath":{"path":"","propertyPath":"/SALES_AREA_VKORG","modelName":"NewYardModel"},"interaction":{"idSuffix":"inner"}},"clearTextFirst":true,"interactionType":"ENTER_TEXT"}]}
RESULT: {"script":"<script> [776 bytes]","args":[{"enterText":"C002","selector":{"controlType":"sap.m.Input","viewName":"etm.portal.ui.manageyards.view.New","viewId":"application-manageyards-display-component---NewYard","bindingPath":{"path":"","propertyPath":"/SALES_AREA_VKORG","modelName":"NewYardModel"},"interaction":{"idSuffix":"inner"}},"clearTextFirst":true,"interactionType":"ENTER_TEXT"}]}
COMMAND: POST /session/3d3f7fd824ffe76093792df5eba9e1c3/execute/async - {"script":"<script> [1562 bytes]","args":[{"selector":{"controlType":"sap.m.Input","viewName":"etm.portal.ui.manageyards.view.New","viewId":"application-manageyards-display-component---NewYard","bindingPath":{"path":"","propertyPath":"/SALES_AREA_VTWEG","modelName":"NewYardModel"},"interaction":{"idSuffix":"inner"}},"wdio_ui5_key":"etmportal.ui.manageyards.view.Newsap.m.Input{\"path\":\"\",\"propertyPath\":\"/SALES_AREA_VTWEG\",\"modelName\":\"NewYardModel\"}"}]}
RESULT: {"script":"<script> [1562 bytes]","args":[{"selector":{"controlType":"sap.m.Input","viewName":"etm.portal.ui.manageyards.view.New","viewId":"application-manageyards-display-component---NewYard","bindingPath":{"path":"","propertyPath":"/SALES_AREA_VTWEG","modelName":"NewYardModel"},"interaction":{"idSuffix":"inner"}},"wdio_ui5_key":"etmportal.ui.manageyards.view.Newsap.m.Input{\"path\":\"\",\"propertyPath\":\"/SALES_AREA_VTWEG\",\"modelName\":\"NewYardModel\"}"}]}
RESULT: undefined
COMMAND: POST /session/3d3f7fd824ffe76093792df5eba9e1c3/execute/async - {"script":"<script> [776 bytes]","args":[{"enterText":"C2","selector":{"controlType":"sap.m.Input","viewName":"etm.portal.ui.manageyards.view.New","viewId":"application-manageyards-display-component---NewYard","bindingPath":{"path":"","propertyPath":"/SALES_AREA_VTWEG","modelName":"NewYardModel"},"interaction":{"idSuffix":"inner"}},"clearTextFirst":true,"interactionType":"ENTER_TEXT"}]}
RESULT: {"script":"<script> [776 bytes]","args":[{"enterText":"C2","selector":{"controlType":"sap.m.Input","viewName":"etm.portal.ui.manageyards.view.New","viewId":"application-manageyards-display-component---NewYard","bindingPath":{"path":"","propertyPath":"/SALES_AREA_VTWEG","modelName":"NewYardModel"},"interaction":{"idSuffix":"inner"}},"clearTextFirst":true,"interactionType":"ENTER_TEXT"}]}
COMMAND: POST /session/3d3f7fd824ffe76093792df5eba9e1c3/execute/async - {"script":"<script> [1562 bytes]","args":[{"selector":{"controlType":"sap.m.Input","viewName":"etm.portal.ui.manageyards.view.New","viewId":"application-manageyards-display-component---NewYard","bindingPath":{"path":"","propertyPath":"/SALES_AREA_SPART","modelName":"NewYardModel"},"interaction":{"idSuffix":"inner"}},"wdio_ui5_key":"etmportal.ui.manageyards.view.Newsap.m.Input{\"path\":\"\",\"propertyPath\":\"/SALES_AREA_SPART\",\"modelName\":\"NewYardModel\"}"}]}
RESULT: {"script":"<script> [1562 bytes]","args":[{"selector":{"controlType":"sap.m.Input","viewName":"etm.portal.ui.manageyards.view.New","viewId":"application-manageyards-display-component---NewYard","bindingPath":{"path":"","propertyPath":"/SALES_AREA_SPART","modelName":"NewYardModel"},"interaction":{"idSuffix":"inner"}},"wdio_ui5_key":"etmportal.ui.manageyards.view.Newsap.m.Input{\"path\":\"\",\"propertyPath\":\"/SALES_AREA_SPART\",\"modelName\":\"NewYardModel\"}"}]}
RESULT: undefined
COMMAND: POST /session/3d3f7fd824ffe76093792df5eba9e1c3/execute/async - {"script":"<script> [776 bytes]","args":[{"enterText":"C2","selector":{"controlType":"sap.m.Input","viewName":"etm.portal.ui.manageyards.view.New","viewId":"application-manageyards-display-component---NewYard","bindingPath":{"path":"","propertyPath":"/SALES_AREA_SPART","modelName":"NewYardModel"},"interaction":{"idSuffix":"inner"}},"clearTextFirst":true,"interactionType":"ENTER_TEXT"}]}
RESULT: {"script":"<script> [776 bytes]","args":[{"enterText":"C2","selector":{"controlType":"sap.m.Input","viewName":"etm.portal.ui.manageyards.view.New","viewId":"application-manageyards-display-component---NewYard","bindingPath":{"path":"","propertyPath":"/SALES_AREA_SPART","modelName":"NewYardModel"},"interaction":{"idSuffix":"inner"}},"clearTextFirst":true,"interactionType":"ENTER_TEXT"}]}
COMMAND: POST /session/3d3f7fd824ffe76093792df5eba9e1c3/execute/async - {"script":"<script> [1562 bytes]","args":[{"selector":{"controlType":"sap.m.Input","viewName":"etm.portal.ui.manageyards.view.New","viewId":"application-manageyards-display-component---NewYard","bindingPath":{"path":"","propertyPath":"/SHIP_POINT","modelName":"NewYardModel"},"interaction":{"idSuffix":"inner"}},"wdio_ui5_key":"etmportal.ui.manageyards.view.Newsap.m.Input{\"path\":\"\",\"propertyPath\":\"/SHIP_POINT\",\"modelName\":\"NewYardModel\"}"}]}
RESULT: {"script":"<script> [1562 bytes]","args":[{"selector":{"controlType":"sap.m.Input","viewName":"etm.portal.ui.manageyards.view.New","viewId":"application-manageyards-display-component---NewYard","bindingPath":{"path":"","propertyPath":"/SHIP_POINT","modelName":"NewYardModel"},"interaction":{"idSuffix":"inner"}},"wdio_ui5_key":"etmportal.ui.manageyards.view.Newsap.m.Input{\"path\":\"\",\"propertyPath\":\"/SHIP_POINT\",\"modelName\":\"NewYardModel\"}"}]}
RESULT: undefined
COMMAND: POST /session/3d3f7fd824ffe76093792df5eba9e1c3/execute/async - {"script":"<script> [776 bytes]","args":[{"enterText":"1710","selector":{"controlType":"sap.m.Input","viewName":"etm.portal.ui.manageyards.view.New","viewId":"application-manageyards-display-component---NewYard","bindingPath":{"path":"","propertyPath":"/SHIP_POINT","modelName":"NewYardModel"},"interaction":{"idSuffix":"inner"}},"clearTextFirst":true,"interactionType":"ENTER_TEXT"}]}
RESULT: {"script":"<script> [776 bytes]","args":[{"enterText":"1710","selector":{"controlType":"sap.m.Input","viewName":"etm.portal.ui.manageyards.view.New","viewId":"application-manageyards-display-component---NewYard","bindingPath":{"path":"","propertyPath":"/SHIP_POINT","modelName":"NewYardModel"},"interaction":{"idSuffix":"inner"}},"clearTextFirst":true,"interactionType":"ENTER_TEXT"}]}
COMMAND: POST /session/3d3f7fd824ffe76093792df5eba9e1c3/execute/async - {"script":"<script> [1562 bytes]","args":[{"selector":{"controlType":"sap.m.Input","viewName":"etm.portal.ui.manageyards.view.New","viewId":"application-manageyards-display-component---NewYard","bindingPath":{"path":"","propertyPath":"/DELIVERY_TYPE","modelName":"NewYardModel"},"interaction":{"idSuffix":"inner"}},"wdio_ui5_key":"etmportal.ui.manageyards.view.Newsap.m.Input{\"path\":\"\",\"propertyPath\":\"/DELIVERY_TYPE\",\"modelName\":\"NewYardModel\"}"}]}
RESULT: {"script":"<script> [1562 bytes]","args":[{"selector":{"controlType":"sap.m.Input","viewName":"etm.portal.ui.manageyards.view.New","viewId":"application-manageyards-display-component---NewYard","bindingPath":{"path":"","propertyPath":"/DELIVERY_TYPE","modelName":"NewYardModel"},"interaction":{"idSuffix":"inner"}},"wdio_ui5_key":"etmportal.ui.manageyards.view.Newsap.m.Input{\"path\":\"\",\"propertyPath\":\"/DELIVERY_TYPE\",\"modelName\":\"NewYardModel\"}"}]}
RESULT: undefined
COMMAND: POST /session/3d3f7fd824ffe76093792df5eba9e1c3/execute/async - {"script":"<script> [776 bytes]","args":[{"enterText":"ZL01","selector":{"controlType":"sap.m.Input","viewName":"etm.portal.ui.manageyards.view.New","viewId":"application-manageyards-display-component---NewYard","bindingPath":{"path":"","propertyPath":"/DELIVERY_TYPE","modelName":"NewYardModel"},"interaction":{"idSuffix":"inner"}},"clearTextFirst":true,"interactionType":"ENTER_TEXT"}]}
RESULT: {"script":"<script> [776 bytes]","args":[{"enterText":"ZL01","selector":{"controlType":"sap.m.Input","viewName":"etm.portal.ui.manageyards.view.New","viewId":"application-manageyards-display-component---NewYard","bindingPath":{"path":"","propertyPath":"/DELIVERY_TYPE","modelName":"NewYardModel"},"interaction":{"idSuffix":"inner"}},"clearTextFirst":true,"interactionType":"ENTER_TEXT"}]}
COMMAND: POST /session/3d3f7fd824ffe76093792df5eba9e1c3/execute/async - {"script":"<script> [1562 bytes]","args":[{"selector":{"controlType":"sap.m.Input","viewName":"etm.portal.ui.manageyards.view.New","viewId":"application-manageyards-display-component---NewYard","bindingPath":{"path":"","propertyPath":"/AUART","modelName":"NewYardModel"},"interaction":{"idSuffix":"inner"}},"wdio_ui5_key":"etmportal.ui.manageyards.view.Newsap.m.Input{\"path\":\"\",\"propertyPath\":\"/AUART\",\"modelName\":\"NewYardModel\"}"}]}
RESULT: {"script":"<script> [1562 bytes]","args":[{"selector":{"controlType":"sap.m.Input","viewName":"etm.portal.ui.manageyards.view.New","viewId":"application-manageyards-display-component---NewYard","bindingPath":{"path":"","propertyPath":"/AUART","modelName":"NewYardModel"},"interaction":{"idSuffix":"inner"}},"wdio_ui5_key":"etmportal.ui.manageyards.view.Newsap.m.Input{\"path\":\"\",\"propertyPath\":\"/AUART\",\"modelName\":\"NewYardModel\"}"}]}
RESULT: undefined
COMMAND: POST /session/3d3f7fd824ffe76093792df5eba9e1c3/execute/async - {"script":"<script> [776 bytes]","args":[{"enterText":"TA","selector":{"controlType":"sap.m.Input","viewName":"etm.portal.ui.manageyards.view.New","viewId":"application-manageyards-display-component---NewYard","bindingPath":{"path":"","propertyPath":"/AUART","modelName":"NewYardModel"},"interaction":{"idSuffix":"inner"}},"clearTextFirst":true,"interactionType":"ENTER_TEXT"}]}
RESULT: {"script":"<script> [776 bytes]","args":[{"enterText":"TA","selector":{"controlType":"sap.m.Input","viewName":"etm.portal.ui.manageyards.view.New","viewId":"application-manageyards-display-component---NewYard","bindingPath":{"path":"","propertyPath":"/AUART","modelName":"NewYardModel"},"interaction":{"idSuffix":"inner"}},"clearTextFirst":true,"interactionType":"ENTER_TEXT"}]}
COMMAND: POST /session/3d3f7fd824ffe76093792df5eba9e1c3/execute/async - {"script":"<script> [1562 bytes]","args":[{"selector":{"id":"application-manageyards-display-component---NewYard--whmCheckBox","interaction":{"idSuffix":"CbBg"}},"wdio_ui5_key":"applicationmanageyards-display-component---NewYard--whmCheckBox"}]}
RESULT: {"script":"<script> [1562 bytes]","args":[{"selector":{"id":"application-manageyards-display-component---NewYard--whmCheckBox","interaction":{"idSuffix":"CbBg"}},"wdio_ui5_key":"applicationmanageyards-display-component---NewYard--whmCheckBox"}]}
RESULT: undefined
COMMAND: POST /session/3d3f7fd824ffe76093792df5eba9e1c3/element - {"using":"xpath","value":"//*[@id=\"application-manageyards-display-component---NewYard--whmCheckBox\"]"}
RESULT: {"using":"xpath","value":"//*[@id=\"application-manageyards-display-component---NewYard--whmCheckBox\"]"}
COMMAND: POST /session/3d3f7fd824ffe76093792df5eba9e1c3/element/f.B31767EFF96F4B6690C27CBC6EB8D7D5.d.EFF8260E1F23D714E825396E74489EF1.e.784/click - {}
RESULT: {}
COMMAND: GET /session/3d3f7fd824ffe76093792df5eba9e1c3/screenshot - {}
RESULT: {}
COMMAND: POST /session/3d3f7fd824ffe76093792df5eba9e1c3/element - {"using":"xpath","value":"//button[@data-kt=\"newYardSaveButton\"]"}
RESULT: {"using":"xpath","value":"//button[@data-kt=\"newYardSaveButton\"]"}
COMMAND: POST /session/3d3f7fd824ffe76093792df5eba9e1c3/element/f.B31767EFF96F4B6690C27CBC6EB8D7D5.d.EFF8260E1F23D714E825396E74489EF1.e.670/click - {}
RESULT: {}
COMMAND: GET /session/3d3f7fd824ffe76093792df5eba9e1c3/screenshot - {}
RESULT: {}
COMMAND: POST /session/3d3f7fd824ffe76093792df5eba9e1c3/element - {"using":"xpath","value":"//header[contains(@id, 'ObjectPageLayout-headerTitle')]/div[1]/div[2]/div[1]/span[1]"}
RESULT: {"using":"xpath","value":"//header[contains(@id, 'ObjectPageLayout-headerTitle')]/div[1]/div[2]/div[1]/span[1]"}
COMMAND: POST /session/3d3f7fd824ffe76093792df5eba9e1c3/elements - {"using":"xpath","value":"//header[contains(@id, 'ObjectPageLayout-headerTitle')]/div[1]/div[2]/div[1]/span[1]"}
RESULT: {"using":"xpath","value":"//header[contains(@id, 'ObjectPageLayout-headerTitle')]/div[1]/div[2]/div[1]/span[1]"}
COMMAND: POST /session/3d3f7fd824ffe76093792df5eba9e1c3/execute/sync - {"script":"<script> [56 bytes]","args":[{"element-6066-11e4-a52e-4f735466cecf":"f.B31767EFF96F4B6690C27CBC6EB8D7D5.d.EFF8260E1F23D714E825396E74489EF1.e.988","ELEMENT":"f.B31767EFF96F4B6690C27CBC6EB8D7D5.d.EFF8260E1F23D714E825396E74489EF1.e.988"}]}
RESULT: {"script":"<script> [56 bytes]","args":[{"element-6066-11e4-a52e-4f735466cecf":"f.B31767EFF96F4B6690C27CBC6EB8D7D5.d.EFF8260E1F23D714E825396E74489EF1.e.988","ELEMENT":"f.B31767EFF96F4B6690C27CBC6EB8D7D5.d.EFF8260E1F23D714E825396E74489EF1.e.988"}]}
COMMAND: GET /session/3d3f7fd824ffe76093792df5eba9e1c3/screenshot - {}
RESULT: {}
COMMAND: POST /session/3d3f7fd824ffe76093792df5eba9e1c3/element - {"using":"css selector","value":"#shell-header-logo"}
RESULT: {"using":"css selector","value":"#shell-header-logo"}
COMMAND: POST /session/3d3f7fd824ffe76093792df5eba9e1c3/element/f.B31767EFF96F4B6690C27CBC6EB8D7D5.d.EFF8260E1F23D714E825396E74489EF1.e.238/click - {}
RESULT: {}
COMMAND: GET /session/3d3f7fd824ffe76093792df5eba9e1c3/screenshot - {}
RESULT: {}
COMMAND: POST /session/3d3f7fd824ffe76093792df5eba9e1c3/execute/sync - {"script":"<script> [299 bytes]","args":[["getModel","getResource"]]}
RESULT: {"script":"<script> [299 bytes]","args":[["getModel","getResource"]]}
COMMAND: GET /session/3d3f7fd824ffe76093792df5eba9e1c3/screenshot - {}
]]></system-out>
    </testcase>
    <testcase classname="chrome.136_0_7103_49.windows.Stock_increase_-_with_WHM_US125587" name="Should create a new external WHM partner" time="79.576">
      <system-out><![CDATA[
COMMAND: POST /session/3d3f7fd824ffe76093792df5eba9e1c3/window/fullscreen - {}
RESULT: {}
COMMAND: POST /session/3d3f7fd824ffe76093792df5eba9e1c3/execute/async - {"script":"<script> [1562 bytes]","args":[{"selector":{"controlType":"sap.m.GenericTile","properties":{"header":"Manage Partners"}},"wdio_ui5_key":"sapm.GenericTile{\"header\":\"Manage Partners\"}"}]}
RESULT: {}
RESULT: {"script":"<script> [1562 bytes]","args":[{"selector":{"controlType":"sap.m.GenericTile","properties":{"header":"Manage Partners"}},"wdio_ui5_key":"sapm.GenericTile{\"header\":\"Manage Partners\"}"}]}
RESULT: undefined
COMMAND: POST /session/3d3f7fd824ffe76093792df5eba9e1c3/element - {"using":"xpath","value":"//*[@id=\"__tile38\"]"}
RESULT: {"using":"xpath","value":"//*[@id=\"__tile38\"]"}
COMMAND: POST /session/3d3f7fd824ffe76093792df5eba9e1c3/element/f.B31767EFF96F4B6690C27CBC6EB8D7D5.d.EFF8260E1F23D714E825396E74489EF1.e.122/click - {}
RESULT: {}
COMMAND: POST /session/3d3f7fd824ffe76093792df5eba9e1c3/element - {"using":"xpath","value":"//button[@data-kt=\"addButton\"]"}
COMMAND: GET /session/3d3f7fd824ffe76093792df5eba9e1c3/screenshot - {}
RESULT: {"using":"xpath","value":"//button[@data-kt=\"addButton\"]"}
COMMAND: POST /session/3d3f7fd824ffe76093792df5eba9e1c3/elements - {"using":"xpath","value":"//button[@data-kt=\"addButton\"]"}
RESULT: {}
RESULT: {"using":"xpath","value":"//button[@data-kt=\"addButton\"]"}
COMMAND: POST /session/3d3f7fd824ffe76093792df5eba9e1c3/elements - {"using":"xpath","value":"//button[@data-kt=\"addButton\"]"}
RESULT: {"using":"xpath","value":"//button[@data-kt=\"addButton\"]"}
COMMAND: POST /session/3d3f7fd824ffe76093792df5eba9e1c3/elements - {"using":"xpath","value":"//button[@data-kt=\"addButton\"]"}
RESULT: {"using":"xpath","value":"//button[@data-kt=\"addButton\"]"}
COMMAND: POST /session/3d3f7fd824ffe76093792df5eba9e1c3/elements - {"using":"xpath","value":"//button[@data-kt=\"addButton\"]"}
RESULT: {"using":"xpath","value":"//button[@data-kt=\"addButton\"]"}
COMMAND: POST /session/3d3f7fd824ffe76093792df5eba9e1c3/elements - {"using":"xpath","value":"//button[@data-kt=\"addButton\"]"}
RESULT: {"using":"xpath","value":"//button[@data-kt=\"addButton\"]"}
COMMAND: POST /session/3d3f7fd824ffe76093792df5eba9e1c3/elements - {"using":"xpath","value":"//button[@data-kt=\"addButton\"]"}
RESULT: {"using":"xpath","value":"//button[@data-kt=\"addButton\"]"}
COMMAND: POST /session/3d3f7fd824ffe76093792df5eba9e1c3/elements - {"using":"xpath","value":"//button[@data-kt=\"addButton\"]"}
RESULT: {"using":"xpath","value":"//button[@data-kt=\"addButton\"]"}
COMMAND: POST /session/3d3f7fd824ffe76093792df5eba9e1c3/elements - {"using":"xpath","value":"//button[@data-kt=\"addButton\"]"}
RESULT: {"using":"xpath","value":"//button[@data-kt=\"addButton\"]"}
COMMAND: POST /session/3d3f7fd824ffe76093792df5eba9e1c3/elements - {"using":"xpath","value":"//button[@data-kt=\"addButton\"]"}
RESULT: {"using":"xpath","value":"//button[@data-kt=\"addButton\"]"}
COMMAND: POST /session/3d3f7fd824ffe76093792df5eba9e1c3/elements - {"using":"xpath","value":"//button[@data-kt=\"addButton\"]"}
RESULT: {"using":"xpath","value":"//button[@data-kt=\"addButton\"]"}
COMMAND: POST /session/3d3f7fd824ffe76093792df5eba9e1c3/elements - {"using":"xpath","value":"//button[@data-kt=\"addButton\"]"}
RESULT: {"using":"xpath","value":"//button[@data-kt=\"addButton\"]"}
COMMAND: POST /session/3d3f7fd824ffe76093792df5eba9e1c3/elements - {"using":"xpath","value":"//button[@data-kt=\"addButton\"]"}
RESULT: {"using":"xpath","value":"//button[@data-kt=\"addButton\"]"}
COMMAND: POST /session/3d3f7fd824ffe76093792df5eba9e1c3/elements - {"using":"xpath","value":"//button[@data-kt=\"addButton\"]"}
RESULT: {"using":"xpath","value":"//button[@data-kt=\"addButton\"]"}
COMMAND: POST /session/3d3f7fd824ffe76093792df5eba9e1c3/elements - {"using":"xpath","value":"//button[@data-kt=\"addButton\"]"}
RESULT: {"using":"xpath","value":"//button[@data-kt=\"addButton\"]"}
COMMAND: POST /session/3d3f7fd824ffe76093792df5eba9e1c3/elements - {"using":"xpath","value":"//button[@data-kt=\"addButton\"]"}
RESULT: {"using":"xpath","value":"//button[@data-kt=\"addButton\"]"}
COMMAND: POST /session/3d3f7fd824ffe76093792df5eba9e1c3/elements - {"using":"xpath","value":"//button[@data-kt=\"addButton\"]"}
RESULT: {"using":"xpath","value":"//button[@data-kt=\"addButton\"]"}
COMMAND: POST /session/3d3f7fd824ffe76093792df5eba9e1c3/element - {"using":"xpath","value":"//button[@data-kt=\"addButton\"]"}
RESULT: {"using":"xpath","value":"//button[@data-kt=\"addButton\"]"}
COMMAND: POST /session/3d3f7fd824ffe76093792df5eba9e1c3/execute/sync - {"script":"<script> [8489 bytes]","args":[{"element-6066-11e4-a52e-4f735466cecf":"f.B31767EFF96F4B6690C27CBC6EB8D7D5.d.EFF8260E1F23D714E825396E74489EF1.e.1026","ELEMENT":"f.B31767EFF96F4B6690C27CBC6EB8D7D5.d.EFF8260E1F23D714E825396E74489EF1.e.1026"}]}
RESULT: {"script":"<script> [8489 bytes]","args":[{"element-6066-11e4-a52e-4f735466cecf":"f.B31767EFF96F4B6690C27CBC6EB8D7D5.d.EFF8260E1F23D714E825396E74489EF1.e.1026","ELEMENT":"f.B31767EFF96F4B6690C27CBC6EB8D7D5.d.EFF8260E1F23D714E825396E74489EF1.e.1026"}]}
COMMAND: GET /session/3d3f7fd824ffe76093792df5eba9e1c3/element/f.B31767EFF96F4B6690C27CBC6EB8D7D5.d.EFF8260E1F23D714E825396E74489EF1.e.1026/enabled - {}
COMMAND: GET /session/3d3f7fd824ffe76093792df5eba9e1c3/screenshot - {}
RESULT: {}
COMMAND: POST /session/3d3f7fd824ffe76093792df5eba9e1c3/execute/sync - {"script":"<script> [8489 bytes]","args":[{"element-6066-11e4-a52e-4f735466cecf":"f.B31767EFF96F4B6690C27CBC6EB8D7D5.d.EFF8260E1F23D714E825396E74489EF1.e.1026","ELEMENT":"f.B31767EFF96F4B6690C27CBC6EB8D7D5.d.EFF8260E1F23D714E825396E74489EF1.e.1026"}]}
COMMAND: GET /session/3d3f7fd824ffe76093792df5eba9e1c3/screenshot - {}
RESULT: {}
RESULT: {"script":"<script> [8489 bytes]","args":[{"element-6066-11e4-a52e-4f735466cecf":"f.B31767EFF96F4B6690C27CBC6EB8D7D5.d.EFF8260E1F23D714E825396E74489EF1.e.1026","ELEMENT":"f.B31767EFF96F4B6690C27CBC6EB8D7D5.d.EFF8260E1F23D714E825396E74489EF1.e.1026"}]}
COMMAND: POST /session/3d3f7fd824ffe76093792df5eba9e1c3/execute/sync - {"script":"<script> [5351 bytes]","args":[{"element-6066-11e4-a52e-4f735466cecf":"f.B31767EFF96F4B6690C27CBC6EB8D7D5.d.EFF8260E1F23D714E825396E74489EF1.e.1026","ELEMENT":"f.B31767EFF96F4B6690C27CBC6EB8D7D5.d.EFF8260E1F23D714E825396E74489EF1.e.1026"}]}
COMMAND: GET /session/3d3f7fd824ffe76093792df5eba9e1c3/screenshot - {}
RESULT: {}
RESULT: {"script":"<script> [5351 bytes]","args":[{"element-6066-11e4-a52e-4f735466cecf":"f.B31767EFF96F4B6690C27CBC6EB8D7D5.d.EFF8260E1F23D714E825396E74489EF1.e.1026","ELEMENT":"f.B31767EFF96F4B6690C27CBC6EB8D7D5.d.EFF8260E1F23D714E825396E74489EF1.e.1026"}]}
COMMAND: POST /session/3d3f7fd824ffe76093792df5eba9e1c3/element/f.B31767EFF96F4B6690C27CBC6EB8D7D5.d.EFF8260E1F23D714E825396E74489EF1.e.1026/click - {}
COMMAND: GET /session/3d3f7fd824ffe76093792df5eba9e1c3/screenshot - {}
RESULT: {}
RESULT: {}
COMMAND: GET /session/3d3f7fd824ffe76093792df5eba9e1c3/screenshot - {}
COMMAND: POST /session/3d3f7fd824ffe76093792df5eba9e1c3/execute/async - {"script":"<script> [1562 bytes]","args":[{"selector":{"id":"application-managepartners-display-component---NewPartner--addressDetailDetailsName1","interaction":{"idSuffix":"inner"}},"wdio_ui5_key":"applicationmanagepartners-display-component---NewPartner--addressDetailDetailsName1"}]}
RESULT: {}
RESULT: {}
RESULT: {"script":"<script> [1562 bytes]","args":[{"selector":{"id":"application-managepartners-display-component---NewPartner--addressDetailDetailsName1","interaction":{"idSuffix":"inner"}},"wdio_ui5_key":"applicationmanagepartners-display-component---NewPartner--addressDetailDetailsName1"}]}
RESULT: undefined
COMMAND: POST /session/3d3f7fd824ffe76093792df5eba9e1c3/execute/async - {"script":"<script> [776 bytes]","args":[{"enterText":"External Partner WDIO","selector":{"id":"application-managepartners-display-component---NewPartner--addressDetailDetailsName1","interaction":{"idSuffix":"inner"}},"clearTextFirst":true,"interactionType":"ENTER_TEXT"}]}
RESULT: {"script":"<script> [776 bytes]","args":[{"enterText":"External Partner WDIO","selector":{"id":"application-managepartners-display-component---NewPartner--addressDetailDetailsName1","interaction":{"idSuffix":"inner"}},"clearTextFirst":true,"interactionType":"ENTER_TEXT"}]}
COMMAND: POST /session/3d3f7fd824ffe76093792df5eba9e1c3/execute/async - {"script":"<script> [1562 bytes]","args":[{"selector":{"id":"application-managepartners-display-component---NewPartner--addressDetailDetailsLanguage-arrow"},"wdio_ui5_key":"applicationmanagepartners-display-component---NewPartner--addressDetailDetailsLanguage-arrow"}]}
RESULT: {"script":"<script> [1562 bytes]","args":[{"selector":{"id":"application-managepartners-display-component---NewPartner--addressDetailDetailsLanguage-arrow"},"wdio_ui5_key":"applicationmanagepartners-display-component---NewPartner--addressDetailDetailsLanguage-arrow"}]}
RESULT: undefined
COMMAND: POST /session/3d3f7fd824ffe76093792df5eba9e1c3/element - {"using":"xpath","value":"//*[@id=\"application-managepartners-display-component---NewPartner--addressDetailDetailsLanguage-arrow\"]"}
RESULT: {"using":"xpath","value":"//*[@id=\"application-managepartners-display-component---NewPartner--addressDetailDetailsLanguage-arrow\"]"}
COMMAND: POST /session/3d3f7fd824ffe76093792df5eba9e1c3/element/f.B31767EFF96F4B6690C27CBC6EB8D7D5.d.EFF8260E1F23D714E825396E74489EF1.e.1453/click - {}
RESULT: {}
COMMAND: POST /session/3d3f7fd824ffe76093792df5eba9e1c3/element - {"using":"xpath","value":"//span[contains(text(), \"English\")]"}
COMMAND: GET /session/3d3f7fd824ffe76093792df5eba9e1c3/screenshot - {}
RESULT: {"using":"xpath","value":"//span[contains(text(), \"English\")]"}
COMMAND: POST /session/3d3f7fd824ffe76093792df5eba9e1c3/element/f.B31767EFF96F4B6690C27CBC6EB8D7D5.d.EFF8260E1F23D714E825396E74489EF1.e.1454/click - {}
RESULT: {}
RESULT: {}
COMMAND: GET /session/3d3f7fd824ffe76093792df5eba9e1c3/screenshot - {}
RESULT: {}
COMMAND: POST /session/3d3f7fd824ffe76093792df5eba9e1c3/execute/async - {"script":"<script> [1562 bytes]","args":[{"selector":{"id":"application-managepartners-display-component---NewPartner--addressDetailDetailsCity1","interaction":{"idSuffix":"inner"}},"wdio_ui5_key":"applicationmanagepartners-display-component---NewPartner--addressDetailDetailsCity1"}]}
RESULT: {"script":"<script> [1562 bytes]","args":[{"selector":{"id":"application-managepartners-display-component---NewPartner--addressDetailDetailsCity1","interaction":{"idSuffix":"inner"}},"wdio_ui5_key":"applicationmanagepartners-display-component---NewPartner--addressDetailDetailsCity1"}]}
RESULT: undefined
COMMAND: POST /session/3d3f7fd824ffe76093792df5eba9e1c3/execute/async - {"script":"<script> [776 bytes]","args":[{"enterText":"Rosario","selector":{"id":"application-managepartners-display-component---NewPartner--addressDetailDetailsCity1","interaction":{"idSuffix":"inner"}},"clearTextFirst":true,"interactionType":"ENTER_TEXT"}]}
RESULT: {"script":"<script> [776 bytes]","args":[{"enterText":"Rosario","selector":{"id":"application-managepartners-display-component---NewPartner--addressDetailDetailsCity1","interaction":{"idSuffix":"inner"}},"clearTextFirst":true,"interactionType":"ENTER_TEXT"}]}
COMMAND: POST /session/3d3f7fd824ffe76093792df5eba9e1c3/execute/async - {"script":"<script> [1562 bytes]","args":[{"selector":{"id":"application-managepartners-display-component---NewPartner--addressDetailDetailsCountry-arrow"},"wdio_ui5_key":"applicationmanagepartners-display-component---NewPartner--addressDetailDetailsCountry-arrow"}]}
RESULT: {"script":"<script> [1562 bytes]","args":[{"selector":{"id":"application-managepartners-display-component---NewPartner--addressDetailDetailsCountry-arrow"},"wdio_ui5_key":"applicationmanagepartners-display-component---NewPartner--addressDetailDetailsCountry-arrow"}]}
RESULT: undefined
COMMAND: POST /session/3d3f7fd824ffe76093792df5eba9e1c3/element - {"using":"xpath","value":"//*[@id=\"application-managepartners-display-component---NewPartner--addressDetailDetailsCountry-arrow\"]"}
RESULT: {"using":"xpath","value":"//*[@id=\"application-managepartners-display-component---NewPartner--addressDetailDetailsCountry-arrow\"]"}
COMMAND: POST /session/3d3f7fd824ffe76093792df5eba9e1c3/element/f.B31767EFF96F4B6690C27CBC6EB8D7D5.d.EFF8260E1F23D714E825396E74489EF1.e.1440/click - {}
RESULT: {}
COMMAND: POST /session/3d3f7fd824ffe76093792df5eba9e1c3/element - {"using":"xpath","value":"//span[contains(text(), \"Argentina\")]"}
COMMAND: GET /session/3d3f7fd824ffe76093792df5eba9e1c3/screenshot - {}
RESULT: {"using":"xpath","value":"//span[contains(text(), \"Argentina\")]"}
COMMAND: POST /session/3d3f7fd824ffe76093792df5eba9e1c3/element/f.B31767EFF96F4B6690C27CBC6EB8D7D5.d.EFF8260E1F23D714E825396E74489EF1.e.1456/click - {}
RESULT: {}
RESULT: {}
COMMAND: GET /session/3d3f7fd824ffe76093792df5eba9e1c3/screenshot - {}
RESULT: {}
COMMAND: POST /session/3d3f7fd824ffe76093792df5eba9e1c3/element - {"using":"xpath","value":"//bdi[contains(text(), \"Commercial\")]"}
RESULT: {"using":"xpath","value":"//bdi[contains(text(), \"Commercial\")]"}
COMMAND: POST /session/3d3f7fd824ffe76093792df5eba9e1c3/element/f.B31767EFF96F4B6690C27CBC6EB8D7D5.d.EFF8260E1F23D714E825396E74489EF1.e.1457/click - {}
RESULT: {}
COMMAND: GET /session/3d3f7fd824ffe76093792df5eba9e1c3/screenshot - {}
RESULT: {}
COMMAND: POST /session/3d3f7fd824ffe76093792df5eba9e1c3/execute/async - {"script":"<script> [1562 bytes]","args":[{"selector":{"id":"application-managepartners-display-component---NewPartner--partnerDetailInternal-arrow"},"wdio_ui5_key":"applicationmanagepartners-display-component---NewPartner--partnerDetailInternal-arrow"}]}
RESULT: {"script":"<script> [1562 bytes]","args":[{"selector":{"id":"application-managepartners-display-component---NewPartner--partnerDetailInternal-arrow"},"wdio_ui5_key":"applicationmanagepartners-display-component---NewPartner--partnerDetailInternal-arrow"}]}
RESULT: undefined
COMMAND: POST /session/3d3f7fd824ffe76093792df5eba9e1c3/element - {"using":"xpath","value":"//*[@id=\"application-managepartners-display-component---NewPartner--partnerDetailInternal-arrow\"]"}
RESULT: {"using":"xpath","value":"//*[@id=\"application-managepartners-display-component---NewPartner--partnerDetailInternal-arrow\"]"}
COMMAND: POST /session/3d3f7fd824ffe76093792df5eba9e1c3/element/f.B31767EFF96F4B6690C27CBC6EB8D7D5.d.EFF8260E1F23D714E825396E74489EF1.e.1463/click - {}
RESULT: {}
COMMAND: POST /session/3d3f7fd824ffe76093792df5eba9e1c3/element - {"using":"xpath","value":"//span[contains(text(), \"External partner\")]"}
COMMAND: GET /session/3d3f7fd824ffe76093792df5eba9e1c3/screenshot - {}
RESULT: {"using":"xpath","value":"//span[contains(text(), \"External partner\")]"}
COMMAND: POST /session/3d3f7fd824ffe76093792df5eba9e1c3/element/f.B31767EFF96F4B6690C27CBC6EB8D7D5.d.EFF8260E1F23D714E825396E74489EF1.e.1464/click - {}
RESULT: {}
RESULT: {}
COMMAND: POST /session/3d3f7fd824ffe76093792df5eba9e1c3/execute/async - {"script":"<script> [1562 bytes]","args":[{"selector":{"id":"application-managepartners-display-component---NewPartner--partnerDetailsCurrency-arrow"},"wdio_ui5_key":"applicationmanagepartners-display-component---NewPartner--partnerDetailsCurrency-arrow"}]}
COMMAND: GET /session/3d3f7fd824ffe76093792df5eba9e1c3/screenshot - {}
RESULT: {"script":"<script> [1562 bytes]","args":[{"selector":{"id":"application-managepartners-display-component---NewPartner--partnerDetailsCurrency-arrow"},"wdio_ui5_key":"applicationmanagepartners-display-component---NewPartner--partnerDetailsCurrency-arrow"}]}
RESULT: undefined
COMMAND: POST /session/3d3f7fd824ffe76093792df5eba9e1c3/element - {"using":"xpath","value":"//*[@id=\"application-managepartners-display-component---NewPartner--partnerDetailsCurrency-arrow\"]"}
RESULT: {}
RESULT: {"using":"xpath","value":"//*[@id=\"application-managepartners-display-component---NewPartner--partnerDetailsCurrency-arrow\"]"}
COMMAND: POST /session/3d3f7fd824ffe76093792df5eba9e1c3/element/f.B31767EFF96F4B6690C27CBC6EB8D7D5.d.EFF8260E1F23D714E825396E74489EF1.e.1469/click - {}
RESULT: {}
COMMAND: POST /session/3d3f7fd824ffe76093792df5eba9e1c3/element - {"using":"xpath","value":"//span[contains(text(), \"US Dollar\")]"}
COMMAND: GET /session/3d3f7fd824ffe76093792df5eba9e1c3/screenshot - {}
RESULT: {"using":"xpath","value":"//span[contains(text(), \"US Dollar\")]"}
COMMAND: POST /session/3d3f7fd824ffe76093792df5eba9e1c3/element/f.B31767EFF96F4B6690C27CBC6EB8D7D5.d.EFF8260E1F23D714E825396E74489EF1.e.1470/click - {}
RESULT: {}
RESULT: {}
COMMAND: GET /session/3d3f7fd824ffe76093792df5eba9e1c3/screenshot - {}
RESULT: {}
COMMAND: POST /session/3d3f7fd824ffe76093792df5eba9e1c3/element - {"using":"xpath","value":"//input[@id=\"application-managepartners-display-component---NewPartner--companyCodeComboBox-inner\"]"}
RESULT: {"using":"xpath","value":"//input[@id=\"application-managepartners-display-component---NewPartner--companyCodeComboBox-inner\"]"}
COMMAND: POST /session/3d3f7fd824ffe76093792df5eba9e1c3/element/f.B31767EFF96F4B6690C27CBC6EB8D7D5.d.EFF8260E1F23D714E825396E74489EF1.e.1318/clear - {}
RESULT: {}
COMMAND: POST /session/3d3f7fd824ffe76093792df5eba9e1c3/element/f.B31767EFF96F4B6690C27CBC6EB8D7D5.d.EFF8260E1F23D714E825396E74489EF1.e.1318/value - {"text":"C002"}
COMMAND: GET /session/3d3f7fd824ffe76093792df5eba9e1c3/screenshot - {}
RESULT: {"text":"C002"}
COMMAND: GET /session/3d3f7fd824ffe76093792df5eba9e1c3/screenshot - {}
RESULT: {}
RESULT: {}
COMMAND: POST /session/3d3f7fd824ffe76093792df5eba9e1c3/element - {"using":"xpath","value":"//li[.//span[text()= \"C002\"]]"}
RESULT: {"using":"xpath","value":"//li[.//span[text()= \"C002\"]]"}
COMMAND: POST /session/3d3f7fd824ffe76093792df5eba9e1c3/element/f.B31767EFF96F4B6690C27CBC6EB8D7D5.d.EFF8260E1F23D714E825396E74489EF1.e.1474/click - {}
RESULT: {}
COMMAND: GET /session/3d3f7fd824ffe76093792df5eba9e1c3/screenshot - {}
RESULT: {}
COMMAND: POST /session/3d3f7fd824ffe76093792df5eba9e1c3/execute/async - {"script":"<script> [1562 bytes]","args":[{"selector":{"id":"application-managepartners-display-component---NewPartner--btnAddTableRow-img"},"wdio_ui5_key":"applicationmanagepartners-display-component---NewPartner--btnAddTableRow-img"}]}
RESULT: {"script":"<script> [1562 bytes]","args":[{"selector":{"id":"application-managepartners-display-component---NewPartner--btnAddTableRow-img"},"wdio_ui5_key":"applicationmanagepartners-display-component---NewPartner--btnAddTableRow-img"}]}
RESULT: undefined
COMMAND: POST /session/3d3f7fd824ffe76093792df5eba9e1c3/element - {"using":"xpath","value":"//*[@id=\"application-managepartners-display-component---NewPartner--btnAddTableRow-img\"]"}
RESULT: {"using":"xpath","value":"//*[@id=\"application-managepartners-display-component---NewPartner--btnAddTableRow-img\"]"}
COMMAND: POST /session/3d3f7fd824ffe76093792df5eba9e1c3/element/f.B31767EFF96F4B6690C27CBC6EB8D7D5.d.EFF8260E1F23D714E825396E74489EF1.e.1475/click - {}
RESULT: {}
COMMAND: GET /session/3d3f7fd824ffe76093792df5eba9e1c3/screenshot - {}
RESULT: {}
COMMAND: POST /session/3d3f7fd824ffe76093792df5eba9e1c3/element - {"using":"xpath","value":"//input[@id=\"application-managepartners-display-component---NewPartner--assignmentYard-application-managepartners-display-component---NewPartner--assignmentsTable-0-inner\"]"}
RESULT: {"using":"xpath","value":"//input[@id=\"application-managepartners-display-component---NewPartner--assignmentYard-application-managepartners-display-component---NewPartner--assignmentsTable-0-inner\"]"}
COMMAND: POST /session/3d3f7fd824ffe76093792df5eba9e1c3/element/f.B31767EFF96F4B6690C27CBC6EB8D7D5.d.EFF8260E1F23D714E825396E74489EF1.e.1478/clear - {}
RESULT: {}
COMMAND: POST /session/3d3f7fd824ffe76093792df5eba9e1c3/element/f.B31767EFF96F4B6690C27CBC6EB8D7D5.d.EFF8260E1F23D714E825396E74489EF1.e.1478/value - {"text":"266"}
COMMAND: GET /session/3d3f7fd824ffe76093792df5eba9e1c3/screenshot - {}
RESULT: {"text":"266"}
COMMAND: GET /session/3d3f7fd824ffe76093792df5eba9e1c3/screenshot - {}
RESULT: {}
RESULT: {}
COMMAND: POST /session/3d3f7fd824ffe76093792df5eba9e1c3/element - {"using":"xpath","value":"//li[.//span[text()='266']]"}
RESULT: {"using":"xpath","value":"//li[.//span[text()='266']]"}
COMMAND: POST /session/3d3f7fd824ffe76093792df5eba9e1c3/element/f.B31767EFF96F4B6690C27CBC6EB8D7D5.d.EFF8260E1F23D714E825396E74489EF1.e.1486/click - {}
RESULT: {}
COMMAND: GET /session/3d3f7fd824ffe76093792df5eba9e1c3/screenshot - {}
RESULT: {}
COMMAND: POST /session/3d3f7fd824ffe76093792df5eba9e1c3/actions - {"actions":[{"id":"action2","type":"key","parameters":{},"actions":[{"type":"keyDown","value":"î€‡"},{"type":"pause","duration":10},{"type":"keyUp","value":"î€‡"}]}]}
RESULT: {"actions":[{"id":"action2","type":"key","parameters":{},"actions":[{"type":"keyDown","value":"î€‡"},{"type":"pause","duration":10},{"type":"keyUp","value":"î€‡"}]}]}
COMMAND: POST /session/3d3f7fd824ffe76093792df5eba9e1c3/element - {"using":"xpath","value":"//td[contains(@id, \"assignmentsTable-0-cell2\")]/div/div"}
COMMAND: GET /session/3d3f7fd824ffe76093792df5eba9e1c3/screenshot - {}
RESULT: {"using":"xpath","value":"//td[contains(@id, \"assignmentsTable-0-cell2\")]/div/div"}
COMMAND: POST /session/3d3f7fd824ffe76093792df5eba9e1c3/element/f.B31767EFF96F4B6690C27CBC6EB8D7D5.d.EFF8260E1F23D714E825396E74489EF1.e.1489/click - {}
RESULT: {}
RESULT: {}
COMMAND: GET /session/3d3f7fd824ffe76093792df5eba9e1c3/screenshot - {}
RESULT: {}
COMMAND: POST /session/3d3f7fd824ffe76093792df5eba9e1c3/element - {"using":"xpath","value":"//button[@data-kt=\"saveButton\"]"}
RESULT: {"using":"xpath","value":"//button[@data-kt=\"saveButton\"]"}
COMMAND: POST /session/3d3f7fd824ffe76093792df5eba9e1c3/element/f.B31767EFF96F4B6690C27CBC6EB8D7D5.d.EFF8260E1F23D714E825396E74489EF1.e.1342/click - {}
RESULT: {}
COMMAND: GET /session/3d3f7fd824ffe76093792df5eba9e1c3/screenshot - {}
RESULT: {}
COMMAND: POST /session/3d3f7fd824ffe76093792df5eba9e1c3/element - {"using":"xpath","value":"//header[contains(@id, 'ObjectPageLayout-headerTitle')]/div[1]/div[2]/div[2]/span[1]"}
RESULT: {"using":"xpath","value":"//header[contains(@id, 'ObjectPageLayout-headerTitle')]/div[1]/div[2]/div[2]/span[1]"}
COMMAND: POST /session/3d3f7fd824ffe76093792df5eba9e1c3/elements - {"using":"xpath","value":"//header[contains(@id, 'ObjectPageLayout-headerTitle')]/div[1]/div[2]/div[2]/span[1]"}
RESULT: {"using":"xpath","value":"//header[contains(@id, 'ObjectPageLayout-headerTitle')]/div[1]/div[2]/div[2]/span[1]"}
COMMAND: POST /session/3d3f7fd824ffe76093792df5eba9e1c3/execute/sync - {"script":"<script> [56 bytes]","args":[{"element-6066-11e4-a52e-4f735466cecf":"f.B31767EFF96F4B6690C27CBC6EB8D7D5.d.EFF8260E1F23D714E825396E74489EF1.e.1638","ELEMENT":"f.B31767EFF96F4B6690C27CBC6EB8D7D5.d.EFF8260E1F23D714E825396E74489EF1.e.1638"}]}
RESULT: {"script":"<script> [56 bytes]","args":[{"element-6066-11e4-a52e-4f735466cecf":"f.B31767EFF96F4B6690C27CBC6EB8D7D5.d.EFF8260E1F23D714E825396E74489EF1.e.1638","ELEMENT":"f.B31767EFF96F4B6690C27CBC6EB8D7D5.d.EFF8260E1F23D714E825396E74489EF1.e.1638"}]}
COMMAND: POST /session/3d3f7fd824ffe76093792df5eba9e1c3/element - {"using":"css selector","value":"#shell-header-logo"}
COMMAND: GET /session/3d3f7fd824ffe76093792df5eba9e1c3/screenshot - {}
RESULT: {"using":"css selector","value":"#shell-header-logo"}
COMMAND: POST /session/3d3f7fd824ffe76093792df5eba9e1c3/element/f.B31767EFF96F4B6690C27CBC6EB8D7D5.d.EFF8260E1F23D714E825396E74489EF1.e.992/click - {}
RESULT: {}
RESULT: {}
COMMAND: GET /session/3d3f7fd824ffe76093792df5eba9e1c3/screenshot - {}
RESULT: {}
COMMAND: POST /session/3d3f7fd824ffe76093792df5eba9e1c3/execute/sync - {"script":"<script> [299 bytes]","args":[["getModel","getResource"]]}
RESULT: {"script":"<script> [299 bytes]","args":[["getModel","getResource"]]}
]]></system-out>
    </testcase>
    <testcase classname="chrome.136_0_7103_49.windows.Stock_increase_-_with_WHM_US125587" name="Should create a new WHM site" time="145.251">
      <system-out><![CDATA[
COMMAND: GET /session/3d3f7fd824ffe76093792df5eba9e1c3/screenshot - {}
COMMAND: POST /session/3d3f7fd824ffe76093792df5eba9e1c3/execute/async - {"script":"<script> [1562 bytes]","args":[{"selector":{"controlType":"sap.m.TileContent","bindingPath":{"path":"","propertyPath":"/properties/info"},"ancestor":{"controlType":"sap.m.GenericTile","properties":{"header":"Manage Sites"}}},"wdio_ui5_key":"sapm.TileContent{\"path\":\"\",\"propertyPath\":\"/properties/info\"}{\"controlType\":\"sap.m.GenericTile\",\"properties\":{\"header\":\"Manage Sites\"}}"}]}
RESULT: {}
RESULT: {"script":"<script> [1562 bytes]","args":[{"selector":{"controlType":"sap.m.TileContent","bindingPath":{"path":"","propertyPath":"/properties/info"},"ancestor":{"controlType":"sap.m.GenericTile","properties":{"header":"Manage Sites"}}},"wdio_ui5_key":"sapm.TileContent{\"path\":\"\",\"propertyPath\":\"/properties/info\"}{\"controlType\":\"sap.m.GenericTile\",\"properties\":{\"header\":\"Manage Sites\"}}"}]}
RESULT: undefined
COMMAND: POST /session/3d3f7fd824ffe76093792df5eba9e1c3/element - {"using":"xpath","value":"//*[@id=\"__xmlview7--numericTileContent\"]"}
RESULT: {"using":"xpath","value":"//*[@id=\"__xmlview7--numericTileContent\"]"}
COMMAND: POST /session/3d3f7fd824ffe76093792df5eba9e1c3/element/f.B31767EFF96F4B6690C27CBC6EB8D7D5.d.EFF8260E1F23D714E825396E74489EF1.e.1640/click - {}
RESULT: {}
COMMAND: POST /session/3d3f7fd824ffe76093792df5eba9e1c3/element - {"using":"xpath","value":"//button[@data-kt=\"addOverflowToolbarButton\"]"}
COMMAND: GET /session/3d3f7fd824ffe76093792df5eba9e1c3/screenshot - {}
RESULT: {"using":"xpath","value":"//button[@data-kt=\"addOverflowToolbarButton\"]"}
COMMAND: POST /session/3d3f7fd824ffe76093792df5eba9e1c3/elements - {"using":"xpath","value":"//button[@data-kt=\"addOverflowToolbarButton\"]"}
RESULT: {}
RESULT: {"using":"xpath","value":"//button[@data-kt=\"addOverflowToolbarButton\"]"}
COMMAND: POST /session/3d3f7fd824ffe76093792df5eba9e1c3/elements - {"using":"xpath","value":"//button[@data-kt=\"addOverflowToolbarButton\"]"}
RESULT: {"using":"xpath","value":"//button[@data-kt=\"addOverflowToolbarButton\"]"}
COMMAND: POST /session/3d3f7fd824ffe76093792df5eba9e1c3/elements - {"using":"xpath","value":"//button[@data-kt=\"addOverflowToolbarButton\"]"}
RESULT: {"using":"xpath","value":"//button[@data-kt=\"addOverflowToolbarButton\"]"}
COMMAND: POST /session/3d3f7fd824ffe76093792df5eba9e1c3/elements - {"using":"xpath","value":"//button[@data-kt=\"addOverflowToolbarButton\"]"}
RESULT: {"using":"xpath","value":"//button[@data-kt=\"addOverflowToolbarButton\"]"}
COMMAND: POST /session/3d3f7fd824ffe76093792df5eba9e1c3/element - {"using":"xpath","value":"//button[@data-kt=\"addOverflowToolbarButton\"]"}
RESULT: {"using":"xpath","value":"//button[@data-kt=\"addOverflowToolbarButton\"]"}
COMMAND: POST /session/3d3f7fd824ffe76093792df5eba9e1c3/execute/sync - {"script":"<script> [8489 bytes]","args":[{"element-6066-11e4-a52e-4f735466cecf":"f.B31767EFF96F4B6690C27CBC6EB8D7D5.d.EFF8260E1F23D714E825396E74489EF1.e.1688","ELEMENT":"f.B31767EFF96F4B6690C27CBC6EB8D7D5.d.EFF8260E1F23D714E825396E74489EF1.e.1688"}]}
RESULT: {"script":"<script> [8489 bytes]","args":[{"element-6066-11e4-a52e-4f735466cecf":"f.B31767EFF96F4B6690C27CBC6EB8D7D5.d.EFF8260E1F23D714E825396E74489EF1.e.1688","ELEMENT":"f.B31767EFF96F4B6690C27CBC6EB8D7D5.d.EFF8260E1F23D714E825396E74489EF1.e.1688"}]}
COMMAND: GET /session/3d3f7fd824ffe76093792df5eba9e1c3/element/f.B31767EFF96F4B6690C27CBC6EB8D7D5.d.EFF8260E1F23D714E825396E74489EF1.e.1688/enabled - {}
COMMAND: GET /session/3d3f7fd824ffe76093792df5eba9e1c3/screenshot - {}
RESULT: {}
COMMAND: POST /session/3d3f7fd824ffe76093792df5eba9e1c3/execute/sync - {"script":"<script> [8489 bytes]","args":[{"element-6066-11e4-a52e-4f735466cecf":"f.B31767EFF96F4B6690C27CBC6EB8D7D5.d.EFF8260E1F23D714E825396E74489EF1.e.1688","ELEMENT":"f.B31767EFF96F4B6690C27CBC6EB8D7D5.d.EFF8260E1F23D714E825396E74489EF1.e.1688"}]}
COMMAND: GET /session/3d3f7fd824ffe76093792df5eba9e1c3/screenshot - {}
RESULT: {}
RESULT: {"script":"<script> [8489 bytes]","args":[{"element-6066-11e4-a52e-4f735466cecf":"f.B31767EFF96F4B6690C27CBC6EB8D7D5.d.EFF8260E1F23D714E825396E74489EF1.e.1688","ELEMENT":"f.B31767EFF96F4B6690C27CBC6EB8D7D5.d.EFF8260E1F23D714E825396E74489EF1.e.1688"}]}
COMMAND: POST /session/3d3f7fd824ffe76093792df5eba9e1c3/execute/sync - {"script":"<script> [5351 bytes]","args":[{"element-6066-11e4-a52e-4f735466cecf":"f.B31767EFF96F4B6690C27CBC6EB8D7D5.d.EFF8260E1F23D714E825396E74489EF1.e.1688","ELEMENT":"f.B31767EFF96F4B6690C27CBC6EB8D7D5.d.EFF8260E1F23D714E825396E74489EF1.e.1688"}]}
COMMAND: GET /session/3d3f7fd824ffe76093792df5eba9e1c3/screenshot - {}
RESULT: {}
RESULT: {"script":"<script> [5351 bytes]","args":[{"element-6066-11e4-a52e-4f735466cecf":"f.B31767EFF96F4B6690C27CBC6EB8D7D5.d.EFF8260E1F23D714E825396E74489EF1.e.1688","ELEMENT":"f.B31767EFF96F4B6690C27CBC6EB8D7D5.d.EFF8260E1F23D714E825396E74489EF1.e.1688"}]}
COMMAND: POST /session/3d3f7fd824ffe76093792df5eba9e1c3/element/f.B31767EFF96F4B6690C27CBC6EB8D7D5.d.EFF8260E1F23D714E825396E74489EF1.e.1688/click - {}
COMMAND: GET /session/3d3f7fd824ffe76093792df5eba9e1c3/screenshot - {}
RESULT: {}
RESULT: {}
COMMAND: GET /session/3d3f7fd824ffe76093792df5eba9e1c3/screenshot - {}
RESULT: {}
RESULT: {}
COMMAND: POST /session/3d3f7fd824ffe76093792df5eba9e1c3/element - {"using":"xpath","value":"//input[@id=\"application-managesites-display-component---NewSite--siteId-inner\"]"}
RESULT: {"using":"xpath","value":"//input[@id=\"application-managesites-display-component---NewSite--siteId-inner\"]"}
COMMAND: POST /session/3d3f7fd824ffe76093792df5eba9e1c3/element - {"using":"xpath","value":"//input[@id=\"application-managesites-display-component---NewSite--siteId-inner\"]"}
RESULT: {"using":"xpath","value":"//input[@id=\"application-managesites-display-component---NewSite--siteId-inner\"]"}
COMMAND: POST /session/3d3f7fd824ffe76093792df5eba9e1c3/execute/async - {"script":"<script> [1562 bytes]","args":[{"selector":{"id":"application-managesites-display-component---NewSite--addressDetailDetailsName1","interaction":{"idSuffix":"inner"}},"wdio_ui5_key":"applicationmanagesites-display-component---NewSite--addressDetailDetailsName1"}]}
RESULT: {"script":"<script> [1562 bytes]","args":[{"selector":{"id":"application-managesites-display-component---NewSite--addressDetailDetailsName1","interaction":{"idSuffix":"inner"}},"wdio_ui5_key":"applicationmanagesites-display-component---NewSite--addressDetailDetailsName1"}]}
RESULT: undefined
COMMAND: POST /session/3d3f7fd824ffe76093792df5eba9e1c3/execute/async - {"script":"<script> [776 bytes]","args":[{"enterText":"Warehouse Managed Site WDIO","selector":{"id":"application-managesites-display-component---NewSite--addressDetailDetailsName1","interaction":{"idSuffix":"inner"}},"clearTextFirst":true,"interactionType":"ENTER_TEXT"}]}
RESULT: {"script":"<script> [776 bytes]","args":[{"enterText":"Warehouse Managed Site WDIO","selector":{"id":"application-managesites-display-component---NewSite--addressDetailDetailsName1","interaction":{"idSuffix":"inner"}},"clearTextFirst":true,"interactionType":"ENTER_TEXT"}]}
COMMAND: POST /session/3d3f7fd824ffe76093792df5eba9e1c3/execute/async - {"script":"<script> [1562 bytes]","args":[{"selector":{"id":"application-managesites-display-component---NewSite--addressDetailDetailsLanguage-arrow"},"wdio_ui5_key":"applicationmanagesites-display-component---NewSite--addressDetailDetailsLanguage-arrow"}]}
RESULT: {"script":"<script> [1562 bytes]","args":[{"selector":{"id":"application-managesites-display-component---NewSite--addressDetailDetailsLanguage-arrow"},"wdio_ui5_key":"applicationmanagesites-display-component---NewSite--addressDetailDetailsLanguage-arrow"}]}
RESULT: undefined
COMMAND: POST /session/3d3f7fd824ffe76093792df5eba9e1c3/element - {"using":"xpath","value":"//*[@id=\"application-managesites-display-component---NewSite--addressDetailDetailsLanguage-arrow\"]"}
RESULT: {"using":"xpath","value":"//*[@id=\"application-managesites-display-component---NewSite--addressDetailDetailsLanguage-arrow\"]"}
COMMAND: POST /session/3d3f7fd824ffe76093792df5eba9e1c3/element/f.B31767EFF96F4B6690C27CBC6EB8D7D5.d.EFF8260E1F23D714E825396E74489EF1.e.2039/click - {}
RESULT: {}
COMMAND: POST /session/3d3f7fd824ffe76093792df5eba9e1c3/element - {"using":"xpath","value":"//span[contains(text(), \"English\")]"}
COMMAND: GET /session/3d3f7fd824ffe76093792df5eba9e1c3/screenshot - {}
RESULT: {"using":"xpath","value":"//span[contains(text(), \"English\")]"}
COMMAND: POST /session/3d3f7fd824ffe76093792df5eba9e1c3/element/f.B31767EFF96F4B6690C27CBC6EB8D7D5.d.EFF8260E1F23D714E825396E74489EF1.e.2040/click - {}
RESULT: {}
RESULT: {}
COMMAND: POST /session/3d3f7fd824ffe76093792df5eba9e1c3/execute/async - {"script":"<script> [1562 bytes]","args":[{"selector":{"id":"application-managesites-display-component---NewSite--addressDetailDetailsCity1","interaction":{"idSuffix":"inner"}},"wdio_ui5_key":"applicationmanagesites-display-component---NewSite--addressDetailDetailsCity1"}]}
COMMAND: GET /session/3d3f7fd824ffe76093792df5eba9e1c3/screenshot - {}
RESULT: {"script":"<script> [1562 bytes]","args":[{"selector":{"id":"application-managesites-display-component---NewSite--addressDetailDetailsCity1","interaction":{"idSuffix":"inner"}},"wdio_ui5_key":"applicationmanagesites-display-component---NewSite--addressDetailDetailsCity1"}]}
RESULT: undefined
COMMAND: POST /session/3d3f7fd824ffe76093792df5eba9e1c3/execute/async - {"script":"<script> [776 bytes]","args":[{"enterText":"Rosario","selector":{"id":"application-managesites-display-component---NewSite--addressDetailDetailsCity1","interaction":{"idSuffix":"inner"}},"clearTextFirst":true,"interactionType":"ENTER_TEXT"}]}
RESULT: {}
RESULT: {"script":"<script> [776 bytes]","args":[{"enterText":"Rosario","selector":{"id":"application-managesites-display-component---NewSite--addressDetailDetailsCity1","interaction":{"idSuffix":"inner"}},"clearTextFirst":true,"interactionType":"ENTER_TEXT"}]}
COMMAND: POST /session/3d3f7fd824ffe76093792df5eba9e1c3/execute/async - {"script":"<script> [1562 bytes]","args":[{"selector":{"id":"application-managesites-display-component---NewSite--addressDetailDetailsCountry-arrow"},"wdio_ui5_key":"applicationmanagesites-display-component---NewSite--addressDetailDetailsCountry-arrow"}]}
RESULT: {"script":"<script> [1562 bytes]","args":[{"selector":{"id":"application-managesites-display-component---NewSite--addressDetailDetailsCountry-arrow"},"wdio_ui5_key":"applicationmanagesites-display-component---NewSite--addressDetailDetailsCountry-arrow"}]}
RESULT: undefined
COMMAND: POST /session/3d3f7fd824ffe76093792df5eba9e1c3/element - {"using":"xpath","value":"//*[@id=\"application-managesites-display-component---NewSite--addressDetailDetailsCountry-arrow\"]"}
RESULT: {"using":"xpath","value":"//*[@id=\"application-managesites-display-component---NewSite--addressDetailDetailsCountry-arrow\"]"}
COMMAND: POST /session/3d3f7fd824ffe76093792df5eba9e1c3/element/f.B31767EFF96F4B6690C27CBC6EB8D7D5.d.EFF8260E1F23D714E825396E74489EF1.e.2042/click - {}
RESULT: {}
COMMAND: POST /session/3d3f7fd824ffe76093792df5eba9e1c3/element - {"using":"xpath","value":"//span[contains(text(), \"Argentina\")]"}
COMMAND: GET /session/3d3f7fd824ffe76093792df5eba9e1c3/screenshot - {}
RESULT: {"using":"xpath","value":"//span[contains(text(), \"Argentina\")]"}
COMMAND: POST /session/3d3f7fd824ffe76093792df5eba9e1c3/element/f.B31767EFF96F4B6690C27CBC6EB8D7D5.d.EFF8260E1F23D714E825396E74489EF1.e.2043/click - {}
RESULT: {}
RESULT: {}
COMMAND: GET /session/3d3f7fd824ffe76093792df5eba9e1c3/screenshot - {}
RESULT: {}
COMMAND: POST /session/3d3f7fd824ffe76093792df5eba9e1c3/execute/async - {"script":"<script> [1562 bytes]","args":[{"selector":{"id":"application-managesites-display-component---NewSite--addressEditDetailsCostObjectCstType-arrow"},"wdio_ui5_key":"applicationmanagesites-display-component---NewSite--addressEditDetailsCostObjectCstType-arrow"}]}
RESULT: {"script":"<script> [1562 bytes]","args":[{"selector":{"id":"application-managesites-display-component---NewSite--addressEditDetailsCostObjectCstType-arrow"},"wdio_ui5_key":"applicationmanagesites-display-component---NewSite--addressEditDetailsCostObjectCstType-arrow"}]}
RESULT: undefined
COMMAND: POST /session/3d3f7fd824ffe76093792df5eba9e1c3/element - {"using":"xpath","value":"//*[@id=\"application-managesites-display-component---NewSite--addressEditDetailsCostObjectCstType-arrow\"]"}
RESULT: {"using":"xpath","value":"//*[@id=\"application-managesites-display-component---NewSite--addressEditDetailsCostObjectCstType-arrow\"]"}
COMMAND: POST /session/3d3f7fd824ffe76093792df5eba9e1c3/element/f.B31767EFF96F4B6690C27CBC6EB8D7D5.d.EFF8260E1F23D714E825396E74489EF1.e.2046/click - {}
RESULT: {}
COMMAND: POST /session/3d3f7fd824ffe76093792df5eba9e1c3/element - {"using":"xpath","value":"//span[contains(text(), \"Cost Center\")]"}
COMMAND: GET /session/3d3f7fd824ffe76093792df5eba9e1c3/screenshot - {}
RESULT: {"using":"xpath","value":"//span[contains(text(), \"Cost Center\")]"}
COMMAND: POST /session/3d3f7fd824ffe76093792df5eba9e1c3/element/f.B31767EFF96F4B6690C27CBC6EB8D7D5.d.EFF8260E1F23D714E825396E74489EF1.e.2047/click - {}
RESULT: {}
RESULT: {}
COMMAND: GET /session/3d3f7fd824ffe76093792df5eba9e1c3/screenshot - {}
RESULT: {}
COMMAND: POST /session/3d3f7fd824ffe76093792df5eba9e1c3/element - {"using":"xpath","value":"//span[@id=\"application-managesites-display-component---NewSite--addressNewCostObjectCstID-vhi\"]"}
RESULT: {"using":"xpath","value":"//span[@id=\"application-managesites-display-component---NewSite--addressNewCostObjectCstID-vhi\"]"}
COMMAND: POST /session/3d3f7fd824ffe76093792df5eba9e1c3/execute/sync - {"script":"<script> [8489 bytes]","args":[{"element-6066-11e4-a52e-4f735466cecf":"f.B31767EFF96F4B6690C27CBC6EB8D7D5.d.EFF8260E1F23D714E825396E74489EF1.e.2052","ELEMENT":"f.B31767EFF96F4B6690C27CBC6EB8D7D5.d.EFF8260E1F23D714E825396E74489EF1.e.2052"}]}
RESULT: {"script":"<script> [8489 bytes]","args":[{"element-6066-11e4-a52e-4f735466cecf":"f.B31767EFF96F4B6690C27CBC6EB8D7D5.d.EFF8260E1F23D714E825396E74489EF1.e.2052","ELEMENT":"f.B31767EFF96F4B6690C27CBC6EB8D7D5.d.EFF8260E1F23D714E825396E74489EF1.e.2052"}]}
COMMAND: POST /session/3d3f7fd824ffe76093792df5eba9e1c3/execute/async - {"script":"<script> [1562 bytes]","args":[{"selector":{"id":"application-managesites-display-component---NewSite--addressNewCostObjectCstID-vhi"},"wdio_ui5_key":"applicationmanagesites-display-component---NewSite--addressNewCostObjectCstID-vhi"}]}
COMMAND: GET /session/3d3f7fd824ffe76093792df5eba9e1c3/screenshot - {}
RESULT: {"script":"<script> [1562 bytes]","args":[{"selector":{"id":"application-managesites-display-component---NewSite--addressNewCostObjectCstID-vhi"},"wdio_ui5_key":"applicationmanagesites-display-component---NewSite--addressNewCostObjectCstID-vhi"}]}
RESULT: undefined
COMMAND: POST /session/3d3f7fd824ffe76093792df5eba9e1c3/element - {"using":"xpath","value":"//*[@id=\"application-managesites-display-component---NewSite--addressNewCostObjectCstID-vhi\"]"}
RESULT: {}
RESULT: {"using":"xpath","value":"//*[@id=\"application-managesites-display-component---NewSite--addressNewCostObjectCstID-vhi\"]"}
COMMAND: POST /session/3d3f7fd824ffe76093792df5eba9e1c3/element/f.B31767EFF96F4B6690C27CBC6EB8D7D5.d.EFF8260E1F23D714E825396E74489EF1.e.2052/click - {}
RESULT: {}
COMMAND: GET /session/3d3f7fd824ffe76093792df5eba9e1c3/screenshot - {}
RESULT: {}
RESULT: undefined
COMMAND: POST /session/3d3f7fd824ffe76093792df5eba9e1c3/execute/async - {"script":"<script> [776 bytes]","args":[{"enterText":"10001013","selector":{"controlType":"sap.m.SearchField","properties":{"placeholder":"Search"},"searchOpenDialogs":true,"interaction":{"idSuffix":"I"}},"clearTextFirst":true,"interactionType":"ENTER_TEXT"}]}
RESULT: {"script":"<script> [776 bytes]","args":[{"enterText":"10001013","selector":{"controlType":"sap.m.SearchField","properties":{"placeholder":"Search"},"searchOpenDialogs":true,"interaction":{"idSuffix":"I"}},"clearTextFirst":true,"interactionType":"ENTER_TEXT"}]}
COMMAND: POST /session/3d3f7fd824ffe76093792df5eba9e1c3/actions - {"actions":[{"id":"action3","type":"key","parameters":{},"actions":[{"type":"keyDown","value":"î€‡"},{"type":"pause","duration":10},{"type":"keyUp","value":"î€‡"}]}]}
RESULT: {"actions":[{"id":"action3","type":"key","parameters":{},"actions":[{"type":"keyDown","value":"î€‡"},{"type":"pause","duration":10},{"type":"keyUp","value":"î€‡"}]}]}
COMMAND: GET /session/3d3f7fd824ffe76093792df5eba9e1c3/screenshot - {}
RESULT: {}
COMMAND: POST /session/3d3f7fd824ffe76093792df5eba9e1c3/element - {"using":"xpath","value":"//span[contains(text(), \"General Management\")]"}
RESULT: {"using":"xpath","value":"//span[contains(text(), \"General Management\")]"}
COMMAND: POST /session/3d3f7fd824ffe76093792df5eba9e1c3/element/f.B31767EFF96F4B6690C27CBC6EB8D7D5.d.EFF8260E1F23D714E825396E74489EF1.e.2092/click - {}
RESULT: {}
COMMAND: GET /session/3d3f7fd824ffe76093792df5eba9e1c3/screenshot - {}
RESULT: {}
COMMAND: POST /session/3d3f7fd824ffe76093792df5eba9e1c3/element - {"using":"xpath","value":"//bdi[contains(text(), \"OK\")]"}
RESULT: {"using":"xpath","value":"//bdi[contains(text(), \"OK\")]"}
COMMAND: POST /session/3d3f7fd824ffe76093792df5eba9e1c3/element/f.B31767EFF96F4B6690C27CBC6EB8D7D5.d.EFF8260E1F23D714E825396E74489EF1.e.2093/click - {}
RESULT: {}
COMMAND: GET /session/3d3f7fd824ffe76093792df5eba9e1c3/screenshot - {}
RESULT: {}
COMMAND: POST /session/3d3f7fd824ffe76093792df5eba9e1c3/element - {"using":"xpath","value":"//input[@id=\"application-managesites-display-component---NewSite--addressDetailDetailsCalendar-inner\"]"}
RESULT: {"using":"xpath","value":"//input[@id=\"application-managesites-display-component---NewSite--addressDetailDetailsCalendar-inner\"]"}
COMMAND: POST /session/3d3f7fd824ffe76093792df5eba9e1c3/element/f.B31767EFF96F4B6690C27CBC6EB8D7D5.d.EFF8260E1F23D714E825396E74489EF1.e.1865/clear - {}
RESULT: {}
COMMAND: POST /session/3d3f7fd824ffe76093792df5eba9e1c3/element/f.B31767EFF96F4B6690C27CBC6EB8D7D5.d.EFF8260E1F23D714E825396E74489EF1.e.1865/value - {"text":"Unit"}
COMMAND: GET /session/3d3f7fd824ffe76093792df5eba9e1c3/screenshot - {}
RESULT: {"text":"Unit"}
COMMAND: GET /session/3d3f7fd824ffe76093792df5eba9e1c3/screenshot - {}
RESULT: {}
RESULT: {}
COMMAND: POST /session/3d3f7fd824ffe76093792df5eba9e1c3/actions - {"actions":[{"id":"action4","type":"key","parameters":{},"actions":[{"type":"keyDown","value":"î€‡"},{"type":"pause","duration":10},{"type":"keyUp","value":"î€‡"}]}]}
RESULT: {"actions":[{"id":"action4","type":"key","parameters":{},"actions":[{"type":"keyDown","value":"î€‡"},{"type":"pause","duration":10},{"type":"keyUp","value":"î€‡"}]}]}
COMMAND: POST /session/3d3f7fd824ffe76093792df5eba9e1c3/element - {"using":"xpath","value":"//input[@id=\"application-managesites-display-component---NewSite--addressDetailDetailsYard-inner\"]"}
COMMAND: GET /session/3d3f7fd824ffe76093792df5eba9e1c3/screenshot - {}
RESULT: {"using":"xpath","value":"//input[@id=\"application-managesites-display-component---NewSite--addressDetailDetailsYard-inner\"]"}
COMMAND: POST /session/3d3f7fd824ffe76093792df5eba9e1c3/element/f.B31767EFF96F4B6690C27CBC6EB8D7D5.d.EFF8260E1F23D714E825396E74489EF1.e.1866/clear - {}
RESULT: {}
RESULT: {}
COMMAND: POST /session/3d3f7fd824ffe76093792df5eba9e1c3/element/f.B31767EFF96F4B6690C27CBC6EB8D7D5.d.EFF8260E1F23D714E825396E74489EF1.e.1866/value - {"text":"266"}
COMMAND: GET /session/3d3f7fd824ffe76093792df5eba9e1c3/screenshot - {}
RESULT: {"text":"266"}
COMMAND: GET /session/3d3f7fd824ffe76093792df5eba9e1c3/screenshot - {}
RESULT: {}
RESULT: {}
COMMAND: POST /session/3d3f7fd824ffe76093792df5eba9e1c3/element - {"using":"xpath","value":"//li[.//span[text()='266']]"}
RESULT: {"using":"xpath","value":"//li[.//span[text()='266']]"}
COMMAND: POST /session/3d3f7fd824ffe76093792df5eba9e1c3/element/f.B31767EFF96F4B6690C27CBC6EB8D7D5.d.EFF8260E1F23D714E825396E74489EF1.e.2101/click - {}
RESULT: {}
COMMAND: GET /session/3d3f7fd824ffe76093792df5eba9e1c3/screenshot - {}
RESULT: {}
COMMAND: POST /session/3d3f7fd824ffe76093792df5eba9e1c3/element - {"using":"xpath","value":"//input[@id=\"application-managesites-display-component---NewSite--addressDetailDetailsPartner-inner\"]"}
RESULT: {"using":"xpath","value":"//input[@id=\"application-managesites-display-component---NewSite--addressDetailDetailsPartner-inner\"]"}
COMMAND: POST /session/3d3f7fd824ffe76093792df5eba9e1c3/element - {"using":"xpath","value":"//input[@id=\"application-managesites-display-component---NewSite--addressDetailDetailsPartner-inner\"]"}
RESULT: {"using":"xpath","value":"//input[@id=\"application-managesites-display-component---NewSite--addressDetailDetailsPartner-inner\"]"}
COMMAND: POST /session/3d3f7fd824ffe76093792df5eba9e1c3/execute/async - {"script":"<script> [1562 bytes]","args":[{"selector":{"id":"application-managesites-display-component---NewSite--siteWhmCheckBox-label","interaction":{"idSuffix":"bdi"}},"wdio_ui5_key":"applicationmanagesites-display-component---NewSite--siteWhmCheckBox-label"}]}
RESULT: {"script":"<script> [1562 bytes]","args":[{"selector":{"id":"application-managesites-display-component---NewSite--siteWhmCheckBox-label","interaction":{"idSuffix":"bdi"}},"wdio_ui5_key":"applicationmanagesites-display-component---NewSite--siteWhmCheckBox-label"}]}
RESULT: undefined
COMMAND: POST /session/3d3f7fd824ffe76093792df5eba9e1c3/element - {"using":"xpath","value":"//*[@id=\"application-managesites-display-component---NewSite--siteWhmCheckBox-label\"]"}
RESULT: {"using":"xpath","value":"//*[@id=\"application-managesites-display-component---NewSite--siteWhmCheckBox-label\"]"}
COMMAND: POST /session/3d3f7fd824ffe76093792df5eba9e1c3/element/f.B31767EFF96F4B6690C27CBC6EB8D7D5.d.EFF8260E1F23D714E825396E74489EF1.e.2103/click - {}
RESULT: {}
COMMAND: GET /session/3d3f7fd824ffe76093792df5eba9e1c3/screenshot - {}
RESULT: {}
COMMAND: POST /session/3d3f7fd824ffe76093792df5eba9e1c3/element - {"using":"xpath","value":"//button[@data-kt=\"saveButton\"]"}
RESULT: {"using":"xpath","value":"//button[@data-kt=\"saveButton\"]"}
COMMAND: POST /session/3d3f7fd824ffe76093792df5eba9e1c3/element/f.B31767EFF96F4B6690C27CBC6EB8D7D5.d.EFF8260E1F23D714E825396E74489EF1.e.1982/click - {}
RESULT: {}
COMMAND: GET /session/3d3f7fd824ffe76093792df5eba9e1c3/screenshot - {}
RESULT: {}
COMMAND: POST /session/3d3f7fd824ffe76093792df5eba9e1c3/element - {"using":"xpath","value":"//header[contains(@id, 'ObjectPageLayout-headerTitle')]/div[1]/div[2]/div[2]/span[1]"}
RESULT: {"using":"xpath","value":"//header[contains(@id, 'ObjectPageLayout-headerTitle')]/div[1]/div[2]/div[2]/span[1]"}
COMMAND: POST /session/3d3f7fd824ffe76093792df5eba9e1c3/elements - {"using":"xpath","value":"//header[contains(@id, 'ObjectPageLayout-headerTitle')]/div[1]/div[2]/div[2]/span[1]"}
RESULT: {"using":"xpath","value":"//header[contains(@id, 'ObjectPageLayout-headerTitle')]/div[1]/div[2]/div[2]/span[1]"}
COMMAND: POST /session/3d3f7fd824ffe76093792df5eba9e1c3/execute/sync - {"script":"<script> [56 bytes]","args":[{"element-6066-11e4-a52e-4f735466cecf":"f.B31767EFF96F4B6690C27CBC6EB8D7D5.d.EFF8260E1F23D714E825396E74489EF1.e.2280","ELEMENT":"f.B31767EFF96F4B6690C27CBC6EB8D7D5.d.EFF8260E1F23D714E825396E74489EF1.e.2280"}]}
RESULT: {"script":"<script> [56 bytes]","args":[{"element-6066-11e4-a52e-4f735466cecf":"f.B31767EFF96F4B6690C27CBC6EB8D7D5.d.EFF8260E1F23D714E825396E74489EF1.e.2280","ELEMENT":"f.B31767EFF96F4B6690C27CBC6EB8D7D5.d.EFF8260E1F23D714E825396E74489EF1.e.2280"}]}
COMMAND: POST /session/3d3f7fd824ffe76093792df5eba9e1c3/element - {"using":"css selector","value":"#shell-header-logo"}
COMMAND: GET /session/3d3f7fd824ffe76093792df5eba9e1c3/screenshot - {}
RESULT: {"using":"css selector","value":"#shell-header-logo"}
COMMAND: POST /session/3d3f7fd824ffe76093792df5eba9e1c3/element/f.B31767EFF96F4B6690C27CBC6EB8D7D5.d.EFF8260E1F23D714E825396E74489EF1.e.1645/click - {}
RESULT: {}
RESULT: {}
COMMAND: GET /session/3d3f7fd824ffe76093792df5eba9e1c3/screenshot - {}
RESULT: {}
COMMAND: POST /session/3d3f7fd824ffe76093792df5eba9e1c3/execute/sync - {"script":"<script> [299 bytes]","args":[["getModel","getResource"]]}
RESULT: {"script":"<script> [299 bytes]","args":[["getModel","getResource"]]}
COMMAND: POST /session/3d3f7fd824ffe76093792df5eba9e1c3/actions - {"actions":[{"id":"action5","type":"key","parameters":{},"actions":[{"type":"keyDown","value":"î€‡"},{"type":"pause","duration":10},{"type":"keyUp","value":"î€‡"}]}]}
COMMAND: GET /session/3d3f7fd824ffe76093792df5eba9e1c3/screenshot - {}
RESULT: {"actions":[{"id":"action5","type":"key","parameters":{},"actions":[{"type":"keyDown","value":"î€‡"},{"type":"pause","duration":10},{"type":"keyUp","value":"î€‡"}]}]}
COMMAND: GET /session/3d3f7fd824ffe76093792df5eba9e1c3/screenshot - {}
RESULT: {}
RESULT: {}
COMMAND: POST /session/3d3f7fd824ffe76093792df5eba9e1c3/refresh - {}
RESULT: {}
COMMAND: GET /session/3d3f7fd824ffe76093792df5eba9e1c3/screenshot - {}
RESULT: {}
COMMAND: POST /session/3d3f7fd824ffe76093792df5eba9e1c3/refresh - {}
RESULT: {}
COMMAND: GET /session/3d3f7fd824ffe76093792df5eba9e1c3/screenshot - {}
RESULT: {}
COMMAND: POST /session/3d3f7fd824ffe76093792df5eba9e1c3/window/fullscreen - {}
RESULT: {}
COMMAND: POST /session/3d3f7fd824ffe76093792df5eba9e1c3/execute/async - {"script":"<script> [189 bytes]","args":[]}
RESULT: {"script":"<script> [189 bytes]","args":[]}
COMMAND: POST /session/3d3f7fd824ffe76093792df5eba9e1c3/execute/async - {"script":"<script> [123 bytes]","args":[]}
RESULT: {"script":"<script> [123 bytes]","args":[]}
COMMAND: POST /session/3d3f7fd824ffe76093792df5eba9e1c3/timeouts - {"script":"<number>"}
RESULT: {"script":"<number>"}
COMMAND: GET /session/3d3f7fd824ffe76093792df5eba9e1c3/timeouts - {}
RESULT: {}
RESULT: undefined
COMMAND: POST /session/3d3f7fd824ffe76093792df5eba9e1c3/execute/async - {"script":"<script> [2676 bytes]","args":[]}
RESULT: {"script":"<script> [2676 bytes]","args":[]}
COMMAND: POST /session/3d3f7fd824ffe76093792df5eba9e1c3/execute/async - {"script":"<script> [2342 bytes]","args":[{"protocol":"http","hostname":"0.0.0.0","path":"/","capabilities":{"browserName":"chrome","goog:chromeOptions":{"binary":"C:\\Program Files\\Google\\Chrome\\Application\\chrome.exe","args":["--start-maximized"]}},"logLevel":"warn","connectionRetryTimeout":120000,"connectionRetryCount":3,"logLevels":{},"enableDirectConnect":true,"strictSSL":true,"_":"65 more keys: [\"cacheDir\",\"port\",\"requestedCapabilities\",\"automationProtocol\",\"baseUrl\",\"waitforInterval\",\"waitforTimeout\",\"onReload\",\"beforeCommand\",\"afterCommand\",\"rootDir\",\"specs\",\"suites\",\"exclude\",\"groupLogsByTestSpec\",\"excludeDriverLogs\",\"bail\",\"framework\",\"reporters\",\"services\",\"maxInstances\",\"maxInstancesPerCapability\",\"injectGlobals\",\"filesToWatch\",\"execArgv\",\"runnerEnv\",\"runner\",\"shard\",\"specFileRetries\",\"specFileRetriesDelay\",\"specFileRetriesDeferred\",\"reporterSyncInterval\",\"reporterSyncTimeout\",\"cucumberFeaturesWithLineNumbers\",\"autoCompileOpts\",\"mochaOpts\",\"jasmineOpts\",\"cucumberOpts\",\"onPrepare\",\"onWorkerStart\",\"onWorkerEnd\",\"before\",\"beforeSession\",\"beforeSuite\",\"beforeHook\",\"beforeTest\",\"afterTest\",\"afterHook\",\"afterSuite\",\"afterSession\",\"after\",\"onComplete\",\"beforeAssertion\",\"afterAssertion\",\"beforeFeature\",\"beforeScenario\",\"beforeStep\",\"afterStep\",\"afterScenario\",\"afterFeature\",\"_\",\"suite\",\"$0\",\"ignoredWorkerServices\",\"wdi5\"]"}]}
RESULT: {"script":"<script> [2342 bytes]","args":[{"protocol":"http","hostname":"0.0.0.0","path":"/","capabilities":{"browserName":"chrome","goog:chromeOptions":{"binary":"C:\\Program Files\\Google\\Chrome\\Application\\chrome.exe","args":["--start-maximized"]}},"logLevel":"warn","connectionRetryTimeout":120000,"connectionRetryCount":3,"logLevels":{},"enableDirectConnect":true,"strictSSL":true,"_":"65 more keys: [\"cacheDir\",\"port\",\"requestedCapabilities\",\"automationProtocol\",\"baseUrl\",\"waitforInterval\",\"waitforTimeout\",\"onReload\",\"beforeCommand\",\"afterCommand\",\"rootDir\",\"specs\",\"suites\",\"exclude\",\"groupLogsByTestSpec\",\"excludeDriverLogs\",\"bail\",\"framework\",\"reporters\",\"services\",\"maxInstances\",\"maxInstancesPerCapability\",\"injectGlobals\",\"filesToWatch\",\"execArgv\",\"runnerEnv\",\"runner\",\"shard\",\"specFileRetries\",\"specFileRetriesDelay\",\"specFileRetriesDeferred\",\"reporterSyncInterval\",\"reporterSyncTimeout\",\"cucumberFeaturesWithLineNumbers\",\"autoCompileOpts\",\"mochaOpts\",\"jasmineOpts\",\"cucumberOpts\",\"onPrepare\",\"onWorkerStart\",\"onWorkerEnd\",\"before\",\"beforeSession\",\"beforeSuite\",\"beforeHook\",\"beforeTest\",\"afterTest\",\"afterHook\",\"afterSuite\",\"afterSession\",\"after\",\"onComplete\",\"beforeAssertion\",\"afterAssertion\",\"beforeFeature\",\"beforeScenario\",\"beforeStep\",\"afterStep\",\"afterScenario\",\"afterFeature\",\"_\",\"suite\",\"$0\",\"ignoredWorkerServices\",\"wdi5\"]"}]}
COMMAND: POST /session/3d3f7fd824ffe76093792df5eba9e1c3/execute/async - {"script":"<script> [21126 bytes]","args":[35000]}
RESULT: {"script":"<script> [21126 bytes]","args":[35000]}
COMMAND: POST /session/3d3f7fd824ffe76093792df5eba9e1c3/window/fullscreen - {}
RESULT: {}
]]></system-out>
    </testcase>
    <testcase classname="chrome.136_0_7103_49.windows.Stock_increase_-_with_WHM_US125587" name="Should create a new material" time="107.183">
      <system-out><![CDATA[
COMMAND: POST /session/3d3f7fd824ffe76093792df5eba9e1c3/execute/async - {"script":"<script> [1562 bytes]","args":[{"selector":{"controlType":"sap.m.GenericTile","properties":{"header":"Manage Resources"}},"wdio_ui5_key":"sapm.GenericTile{\"header\":\"Manage Resources\"}"}]}
RESULT: {"script":"<script> [1562 bytes]","args":[{"selector":{"controlType":"sap.m.GenericTile","properties":{"header":"Manage Resources"}},"wdio_ui5_key":"sapm.GenericTile{\"header\":\"Manage Resources\"}"}]}
RESULT: undefined
COMMAND: POST /session/3d3f7fd824ffe76093792df5eba9e1c3/element - {"using":"xpath","value":"//*[@id=\"__tile31\"]"}
RESULT: {"using":"xpath","value":"//*[@id=\"__tile31\"]"}
COMMAND: POST /session/3d3f7fd824ffe76093792df5eba9e1c3/element/f.B31767EFF96F4B6690C27CBC6EB8D7D5.d.A2249517BD387C7F04E83220233D7146.e.2355/click - {}
RESULT: {}
COMMAND: POST /session/3d3f7fd824ffe76093792df5eba9e1c3/element - {"using":"xpath","value":"//button[@data-kt=\"addNewRUOverflowToolbarButton\"]"}
COMMAND: GET /session/3d3f7fd824ffe76093792df5eba9e1c3/screenshot - {}
RESULT: {"using":"xpath","value":"//button[@data-kt=\"addNewRUOverflowToolbarButton\"]"}
COMMAND: POST /session/3d3f7fd824ffe76093792df5eba9e1c3/elements - {"using":"xpath","value":"//button[@data-kt=\"addNewRUOverflowToolbarButton\"]"}
RESULT: {}
RESULT: {"using":"xpath","value":"//button[@data-kt=\"addNewRUOverflowToolbarButton\"]"}
COMMAND: POST /session/3d3f7fd824ffe76093792df5eba9e1c3/elements - {"using":"xpath","value":"//button[@data-kt=\"addNewRUOverflowToolbarButton\"]"}
RESULT: {"using":"xpath","value":"//button[@data-kt=\"addNewRUOverflowToolbarButton\"]"}
COMMAND: POST /session/3d3f7fd824ffe76093792df5eba9e1c3/elements - {"using":"xpath","value":"//button[@data-kt=\"addNewRUOverflowToolbarButton\"]"}
RESULT: {"using":"xpath","value":"//button[@data-kt=\"addNewRUOverflowToolbarButton\"]"}
COMMAND: POST /session/3d3f7fd824ffe76093792df5eba9e1c3/elements - {"using":"xpath","value":"//button[@data-kt=\"addNewRUOverflowToolbarButton\"]"}
RESULT: {"using":"xpath","value":"//button[@data-kt=\"addNewRUOverflowToolbarButton\"]"}
COMMAND: POST /session/3d3f7fd824ffe76093792df5eba9e1c3/elements - {"using":"xpath","value":"//button[@data-kt=\"addNewRUOverflowToolbarButton\"]"}
RESULT: {"using":"xpath","value":"//button[@data-kt=\"addNewRUOverflowToolbarButton\"]"}
COMMAND: POST /session/3d3f7fd824ffe76093792df5eba9e1c3/elements - {"using":"xpath","value":"//button[@data-kt=\"addNewRUOverflowToolbarButton\"]"}
RESULT: {"using":"xpath","value":"//button[@data-kt=\"addNewRUOverflowToolbarButton\"]"}
COMMAND: POST /session/3d3f7fd824ffe76093792df5eba9e1c3/elements - {"using":"xpath","value":"//button[@data-kt=\"addNewRUOverflowToolbarButton\"]"}
RESULT: {"using":"xpath","value":"//button[@data-kt=\"addNewRUOverflowToolbarButton\"]"}
COMMAND: POST /session/3d3f7fd824ffe76093792df5eba9e1c3/elements - {"using":"xpath","value":"//button[@data-kt=\"addNewRUOverflowToolbarButton\"]"}
RESULT: {"using":"xpath","value":"//button[@data-kt=\"addNewRUOverflowToolbarButton\"]"}
COMMAND: POST /session/3d3f7fd824ffe76093792df5eba9e1c3/elements - {"using":"xpath","value":"//button[@data-kt=\"addNewRUOverflowToolbarButton\"]"}
RESULT: {"using":"xpath","value":"//button[@data-kt=\"addNewRUOverflowToolbarButton\"]"}
COMMAND: POST /session/3d3f7fd824ffe76093792df5eba9e1c3/elements - {"using":"xpath","value":"//button[@data-kt=\"addNewRUOverflowToolbarButton\"]"}
RESULT: {"using":"xpath","value":"//button[@data-kt=\"addNewRUOverflowToolbarButton\"]"}
COMMAND: POST /session/3d3f7fd824ffe76093792df5eba9e1c3/elements - {"using":"xpath","value":"//button[@data-kt=\"addNewRUOverflowToolbarButton\"]"}
RESULT: {"using":"xpath","value":"//button[@data-kt=\"addNewRUOverflowToolbarButton\"]"}
COMMAND: POST /session/3d3f7fd824ffe76093792df5eba9e1c3/elements - {"using":"xpath","value":"//button[@data-kt=\"addNewRUOverflowToolbarButton\"]"}
RESULT: {"using":"xpath","value":"//button[@data-kt=\"addNewRUOverflowToolbarButton\"]"}
COMMAND: POST /session/3d3f7fd824ffe76093792df5eba9e1c3/elements - {"using":"xpath","value":"//button[@data-kt=\"addNewRUOverflowToolbarButton\"]"}
RESULT: {"using":"xpath","value":"//button[@data-kt=\"addNewRUOverflowToolbarButton\"]"}
COMMAND: POST /session/3d3f7fd824ffe76093792df5eba9e1c3/elements - {"using":"xpath","value":"//button[@data-kt=\"addNewRUOverflowToolbarButton\"]"}
RESULT: {"using":"xpath","value":"//button[@data-kt=\"addNewRUOverflowToolbarButton\"]"}
COMMAND: POST /session/3d3f7fd824ffe76093792df5eba9e1c3/elements - {"using":"xpath","value":"//button[@data-kt=\"addNewRUOverflowToolbarButton\"]"}
RESULT: {"using":"xpath","value":"//button[@data-kt=\"addNewRUOverflowToolbarButton\"]"}
COMMAND: POST /session/3d3f7fd824ffe76093792df5eba9e1c3/elements - {"using":"xpath","value":"//button[@data-kt=\"addNewRUOverflowToolbarButton\"]"}
RESULT: {"using":"xpath","value":"//button[@data-kt=\"addNewRUOverflowToolbarButton\"]"}
COMMAND: POST /session/3d3f7fd824ffe76093792df5eba9e1c3/elements - {"using":"xpath","value":"//button[@data-kt=\"addNewRUOverflowToolbarButton\"]"}
RESULT: {"using":"xpath","value":"//button[@data-kt=\"addNewRUOverflowToolbarButton\"]"}
COMMAND: POST /session/3d3f7fd824ffe76093792df5eba9e1c3/elements - {"using":"xpath","value":"//button[@data-kt=\"addNewRUOverflowToolbarButton\"]"}
RESULT: {"using":"xpath","value":"//button[@data-kt=\"addNewRUOverflowToolbarButton\"]"}
COMMAND: POST /session/3d3f7fd824ffe76093792df5eba9e1c3/elements - {"using":"xpath","value":"//button[@data-kt=\"addNewRUOverflowToolbarButton\"]"}
RESULT: {"using":"xpath","value":"//button[@data-kt=\"addNewRUOverflowToolbarButton\"]"}
COMMAND: POST /session/3d3f7fd824ffe76093792df5eba9e1c3/elements - {"using":"xpath","value":"//button[@data-kt=\"addNewRUOverflowToolbarButton\"]"}
RESULT: {"using":"xpath","value":"//button[@data-kt=\"addNewRUOverflowToolbarButton\"]"}
COMMAND: POST /session/3d3f7fd824ffe76093792df5eba9e1c3/element - {"using":"xpath","value":"//button[@data-kt=\"addNewRUOverflowToolbarButton\"]"}
RESULT: {"using":"xpath","value":"//button[@data-kt=\"addNewRUOverflowToolbarButton\"]"}
COMMAND: POST /session/3d3f7fd824ffe76093792df5eba9e1c3/execute/sync - {"script":"<script> [8489 bytes]","args":[{"element-6066-11e4-a52e-4f735466cecf":"f.B31767EFF96F4B6690C27CBC6EB8D7D5.d.A2249517BD387C7F04E83220233D7146.e.2474","ELEMENT":"f.B31767EFF96F4B6690C27CBC6EB8D7D5.d.A2249517BD387C7F04E83220233D7146.e.2474"}]}
RESULT: {"script":"<script> [8489 bytes]","args":[{"element-6066-11e4-a52e-4f735466cecf":"f.B31767EFF96F4B6690C27CBC6EB8D7D5.d.A2249517BD387C7F04E83220233D7146.e.2474","ELEMENT":"f.B31767EFF96F4B6690C27CBC6EB8D7D5.d.A2249517BD387C7F04E83220233D7146.e.2474"}]}
COMMAND: GET /session/3d3f7fd824ffe76093792df5eba9e1c3/element/f.B31767EFF96F4B6690C27CBC6EB8D7D5.d.A2249517BD387C7F04E83220233D7146.e.2474/enabled - {}
COMMAND: GET /session/3d3f7fd824ffe76093792df5eba9e1c3/screenshot - {}
RESULT: {}
COMMAND: POST /session/3d3f7fd824ffe76093792df5eba9e1c3/execute/sync - {"script":"<script> [8489 bytes]","args":[{"element-6066-11e4-a52e-4f735466cecf":"f.B31767EFF96F4B6690C27CBC6EB8D7D5.d.A2249517BD387C7F04E83220233D7146.e.2474","ELEMENT":"f.B31767EFF96F4B6690C27CBC6EB8D7D5.d.A2249517BD387C7F04E83220233D7146.e.2474"}]}
COMMAND: GET /session/3d3f7fd824ffe76093792df5eba9e1c3/screenshot - {}
RESULT: {}
RESULT: {"script":"<script> [8489 bytes]","args":[{"element-6066-11e4-a52e-4f735466cecf":"f.B31767EFF96F4B6690C27CBC6EB8D7D5.d.A2249517BD387C7F04E83220233D7146.e.2474","ELEMENT":"f.B31767EFF96F4B6690C27CBC6EB8D7D5.d.A2249517BD387C7F04E83220233D7146.e.2474"}]}
COMMAND: POST /session/3d3f7fd824ffe76093792df5eba9e1c3/execute/sync - {"script":"<script> [5351 bytes]","args":[{"element-6066-11e4-a52e-4f735466cecf":"f.B31767EFF96F4B6690C27CBC6EB8D7D5.d.A2249517BD387C7F04E83220233D7146.e.2474","ELEMENT":"f.B31767EFF96F4B6690C27CBC6EB8D7D5.d.A2249517BD387C7F04E83220233D7146.e.2474"}]}
COMMAND: GET /session/3d3f7fd824ffe76093792df5eba9e1c3/screenshot - {}
RESULT: {}
RESULT: {"script":"<script> [5351 bytes]","args":[{"element-6066-11e4-a52e-4f735466cecf":"f.B31767EFF96F4B6690C27CBC6EB8D7D5.d.A2249517BD387C7F04E83220233D7146.e.2474","ELEMENT":"f.B31767EFF96F4B6690C27CBC6EB8D7D5.d.A2249517BD387C7F04E83220233D7146.e.2474"}]}
COMMAND: POST /session/3d3f7fd824ffe76093792df5eba9e1c3/element/f.B31767EFF96F4B6690C27CBC6EB8D7D5.d.A2249517BD387C7F04E83220233D7146.e.2474/click - {}
COMMAND: GET /session/3d3f7fd824ffe76093792df5eba9e1c3/screenshot - {}
RESULT: {}
RESULT: {}
COMMAND: GET /session/3d3f7fd824ffe76093792df5eba9e1c3/screenshot - {}
COMMAND: POST /session/3d3f7fd824ffe76093792df5eba9e1c3/execute/async - {"script":"<script> [1562 bytes]","args":[{"selector":{"id":"application-manageresources-display-component---newResourceUnit--TYPE-arrow"},"wdio_ui5_key":"applicationmanageresources-display-component---newResourceUnit--TYPE-arrow"}]}
RESULT: {}
RESULT: {}
RESULT: {"script":"<script> [1562 bytes]","args":[{"selector":{"id":"application-manageresources-display-component---newResourceUnit--TYPE-arrow"},"wdio_ui5_key":"applicationmanageresources-display-component---newResourceUnit--TYPE-arrow"}]}
RESULT: undefined
COMMAND: POST /session/3d3f7fd824ffe76093792df5eba9e1c3/element - {"using":"xpath","value":"//*[@id=\"application-manageresources-display-component---newResourceUnit--TYPE-arrow\"]"}
RESULT: {"using":"xpath","value":"//*[@id=\"application-manageresources-display-component---newResourceUnit--TYPE-arrow\"]"}
COMMAND: POST /session/3d3f7fd824ffe76093792df5eba9e1c3/element/f.B31767EFF96F4B6690C27CBC6EB8D7D5.d.A2249517BD387C7F04E83220233D7146.e.2823/click - {}
RESULT: {}
COMMAND: POST /session/3d3f7fd824ffe76093792df5eba9e1c3/element - {"using":"xpath","value":"//input[@id=\"application-manageresources-display-component---newResourceUnit--TYPE-inner\"]"}
COMMAND: GET /session/3d3f7fd824ffe76093792df5eba9e1c3/screenshot - {}
RESULT: {"using":"xpath","value":"//input[@id=\"application-manageresources-display-component---newResourceUnit--TYPE-inner\"]"}
COMMAND: POST /session/3d3f7fd824ffe76093792df5eba9e1c3/element/f.B31767EFF96F4B6690C27CBC6EB8D7D5.d.A2249517BD387C7F04E83220233D7146.e.2815/clear - {}
RESULT: {}
RESULT: {}
COMMAND: POST /session/3d3f7fd824ffe76093792df5eba9e1c3/element/f.B31767EFF96F4B6690C27CBC6EB8D7D5.d.A2249517BD387C7F04E83220233D7146.e.2815/value - {"text":"Material"}
COMMAND: GET /session/3d3f7fd824ffe76093792df5eba9e1c3/screenshot - {}
RESULT: {"text":"Material"}
COMMAND: GET /session/3d3f7fd824ffe76093792df5eba9e1c3/screenshot - {}
RESULT: {}
RESULT: {}
COMMAND: POST /session/3d3f7fd824ffe76093792df5eba9e1c3/actions - {"actions":[{"id":"action6","type":"key","parameters":{},"actions":[{"type":"keyDown","value":"î€‡"},{"type":"pause","duration":10},{"type":"keyUp","value":"î€‡"}]}]}
RESULT: {"actions":[{"id":"action6","type":"key","parameters":{},"actions":[{"type":"keyDown","value":"î€‡"},{"type":"pause","duration":10},{"type":"keyUp","value":"î€‡"}]}]}
COMMAND: POST /session/3d3f7fd824ffe76093792df5eba9e1c3/execute/async - {"script":"<script> [1562 bytes]","args":[{"selector":{"id":"application-manageresources-display-component---newResourceUnit--SHORT_TEXT","interaction":{"idSuffix":"inner"}},"wdio_ui5_key":"applicationmanageresources-display-component---newResourceUnit--SHORT_TEXT"}]}
COMMAND: GET /session/3d3f7fd824ffe76093792df5eba9e1c3/screenshot - {}
RESULT: {"script":"<script> [1562 bytes]","args":[{"selector":{"id":"application-manageresources-display-component---newResourceUnit--SHORT_TEXT","interaction":{"idSuffix":"inner"}},"wdio_ui5_key":"applicationmanageresources-display-component---newResourceUnit--SHORT_TEXT"}]}
RESULT: undefined
COMMAND: POST /session/3d3f7fd824ffe76093792df5eba9e1c3/execute/async - {"script":"<script> [776 bytes]","args":[{"enterText":"Cement WDIO","selector":{"id":"application-manageresources-display-component---newResourceUnit--SHORT_TEXT","interaction":{"idSuffix":"inner"}},"clearTextFirst":true,"interactionType":"ENTER_TEXT"}]}
RESULT: {}
RESULT: {"script":"<script> [776 bytes]","args":[{"enterText":"Cement WDIO","selector":{"id":"application-manageresources-display-component---newResourceUnit--SHORT_TEXT","interaction":{"idSuffix":"inner"}},"clearTextFirst":true,"interactionType":"ENTER_TEXT"}]}
COMMAND: POST /session/3d3f7fd824ffe76093792df5eba9e1c3/execute/async - {"script":"<script> [1562 bytes]","args":[{"selector":{"id":"application-manageresources-display-component---newResourceUnit--BASE_UNIT_OF_MEASURE","interaction":{"idSuffix":"inner"}},"wdio_ui5_key":"applicationmanageresources-display-component---newResourceUnit--BASE_UNIT_OF_MEASURE"}]}
RESULT: {"script":"<script> [1562 bytes]","args":[{"selector":{"id":"application-manageresources-display-component---newResourceUnit--BASE_UNIT_OF_MEASURE","interaction":{"idSuffix":"inner"}},"wdio_ui5_key":"applicationmanageresources-display-component---newResourceUnit--BASE_UNIT_OF_MEASURE"}]}
RESULT: undefined
COMMAND: POST /session/3d3f7fd824ffe76093792df5eba9e1c3/execute/async - {"script":"<script> [776 bytes]","args":[{"enterText":"Piece","selector":{"id":"application-manageresources-display-component---newResourceUnit--BASE_UNIT_OF_MEASURE","interaction":{"idSuffix":"inner"}},"clearTextFirst":true,"interactionType":"ENTER_TEXT"}]}
RESULT: {"script":"<script> [776 bytes]","args":[{"enterText":"Piece","selector":{"id":"application-manageresources-display-component---newResourceUnit--BASE_UNIT_OF_MEASURE","interaction":{"idSuffix":"inner"}},"clearTextFirst":true,"interactionType":"ENTER_TEXT"}]}
COMMAND: POST /session/3d3f7fd824ffe76093792df5eba9e1c3/execute/async - {"script":"<script> [1562 bytes]","args":[{"selector":{"id":"application-manageresources-display-component---newResourceUnit--WEIGHT_UNIT","interaction":{"idSuffix":"inner"}},"wdio_ui5_key":"applicationmanageresources-display-component---newResourceUnit--WEIGHT_UNIT"}]}
RESULT: {"script":"<script> [1562 bytes]","args":[{"selector":{"id":"application-manageresources-display-component---newResourceUnit--WEIGHT_UNIT","interaction":{"idSuffix":"inner"}},"wdio_ui5_key":"applicationmanageresources-display-component---newResourceUnit--WEIGHT_UNIT"}]}
RESULT: undefined
COMMAND: POST /session/3d3f7fd824ffe76093792df5eba9e1c3/execute/async - {"script":"<script> [776 bytes]","args":[{"enterText":"Gram","selector":{"id":"application-manageresources-display-component---newResourceUnit--WEIGHT_UNIT","interaction":{"idSuffix":"inner"}},"clearTextFirst":true,"interactionType":"ENTER_TEXT"}]}
RESULT: {"script":"<script> [776 bytes]","args":[{"enterText":"Gram","selector":{"id":"application-manageresources-display-component---newResourceUnit--WEIGHT_UNIT","interaction":{"idSuffix":"inner"}},"clearTextFirst":true,"interactionType":"ENTER_TEXT"}]}
COMMAND: POST /session/3d3f7fd824ffe76093792df5eba9e1c3/execute/async - {"script":"<script> [1562 bytes]","args":[{"selector":{"id":"application-manageresources-display-component---newResourceUnit--DIMENSION_UNIT","interaction":{"idSuffix":"inner"}},"wdio_ui5_key":"applicationmanageresources-display-component---newResourceUnit--DIMENSION_UNIT"}]}
RESULT: {"script":"<script> [1562 bytes]","args":[{"selector":{"id":"application-manageresources-display-component---newResourceUnit--DIMENSION_UNIT","interaction":{"idSuffix":"inner"}},"wdio_ui5_key":"applicationmanageresources-display-component---newResourceUnit--DIMENSION_UNIT"}]}
RESULT: undefined
COMMAND: POST /session/3d3f7fd824ffe76093792df5eba9e1c3/execute/async - {"script":"<script> [776 bytes]","args":[{"enterText":"Meter","selector":{"id":"application-manageresources-display-component---newResourceUnit--DIMENSION_UNIT","interaction":{"idSuffix":"inner"}},"clearTextFirst":true,"interactionType":"ENTER_TEXT"}]}
RESULT: {"script":"<script> [776 bytes]","args":[{"enterText":"Meter","selector":{"id":"application-manageresources-display-component---newResourceUnit--DIMENSION_UNIT","interaction":{"idSuffix":"inner"}},"clearTextFirst":true,"interactionType":"ENTER_TEXT"}]}
COMMAND: POST /session/3d3f7fd824ffe76093792df5eba9e1c3/execute/async - {"script":"<script> [1562 bytes]","args":[{"selector":{"id":"application-manageresources-display-component---newResourceUnit--newRRUPage-anchBar-application-manageresources-display-component---newResourceUnit--control-anchor","interaction":{"idSuffix":"BDI-content"}},"wdio_ui5_key":"applicationmanageresources-display-component---newResourceUnit--newRRUPage-anchBar-application-manageresources-display-component---newResourceUnit--control-anchor"}]}
RESULT: {"script":"<script> [1562 bytes]","args":[{"selector":{"id":"application-manageresources-display-component---newResourceUnit--newRRUPage-anchBar-application-manageresources-display-component---newResourceUnit--control-anchor","interaction":{"idSuffix":"BDI-content"}},"wdio_ui5_key":"applicationmanageresources-display-component---newResourceUnit--newRRUPage-anchBar-application-manageresources-display-component---newResourceUnit--control-anchor"}]}
RESULT: undefined
COMMAND: POST /session/3d3f7fd824ffe76093792df5eba9e1c3/element - {"using":"xpath","value":"//*[@id=\"application-manageresources-display-component---newResourceUnit--newRRUPage-anchBar-application-manageresources-display-component---newResourceUnit--control-anchor\"]"}
RESULT: {"using":"xpath","value":"//*[@id=\"application-manageresources-display-component---newResourceUnit--newRRUPage-anchBar-application-manageresources-display-component---newResourceUnit--control-anchor\"]"}
COMMAND: POST /session/3d3f7fd824ffe76093792df5eba9e1c3/element/f.B31767EFF96F4B6690C27CBC6EB8D7D5.d.A2249517BD387C7F04E83220233D7146.e.2889/click - {}
RESULT: {}
COMMAND: POST /session/3d3f7fd824ffe76093792df5eba9e1c3/execute/async - {"script":"<script> [1562 bytes]","args":[{"selector":{"id":"application-manageresources-display-component---newResourceUnit--PLANNING_GROUP","interaction":{"idSuffix":"inner"}},"wdio_ui5_key":"applicationmanageresources-display-component---newResourceUnit--PLANNING_GROUP"}]}
COMMAND: GET /session/3d3f7fd824ffe76093792df5eba9e1c3/screenshot - {}
RESULT: {"script":"<script> [1562 bytes]","args":[{"selector":{"id":"application-manageresources-display-component---newResourceUnit--PLANNING_GROUP","interaction":{"idSuffix":"inner"}},"wdio_ui5_key":"applicationmanageresources-display-component---newResourceUnit--PLANNING_GROUP"}]}
RESULT: undefined
COMMAND: POST /session/3d3f7fd824ffe76093792df5eba9e1c3/execute/async - {"script":"<script> [776 bytes]","args":[{"enterText":"Material","selector":{"id":"application-manageresources-display-component---newResourceUnit--PLANNING_GROUP","interaction":{"idSuffix":"inner"}},"clearTextFirst":true,"interactionType":"ENTER_TEXT"}]}
RESULT: {}
RESULT: {"script":"<script> [776 bytes]","args":[{"enterText":"Material","selector":{"id":"application-manageresources-display-component---newResourceUnit--PLANNING_GROUP","interaction":{"idSuffix":"inner"}},"clearTextFirst":true,"interactionType":"ENTER_TEXT"}]}
COMMAND: POST /session/3d3f7fd824ffe76093792df5eba9e1c3/execute/async - {"script":"<script> [1562 bytes]","args":[{"selector":{"id":"application-manageresources-display-component---newResourceUnit--PLANNING_INDICATOR","interaction":{"idSuffix":"inner"}},"wdio_ui5_key":"applicationmanageresources-display-component---newResourceUnit--PLANNING_INDICATOR"}]}
RESULT: {"script":"<script> [1562 bytes]","args":[{"selector":{"id":"application-manageresources-display-component---newResourceUnit--PLANNING_INDICATOR","interaction":{"idSuffix":"inner"}},"wdio_ui5_key":"applicationmanageresources-display-component---newResourceUnit--PLANNING_INDICATOR"}]}
RESULT: undefined
COMMAND: POST /session/3d3f7fd824ffe76093792df5eba9e1c3/execute/async - {"script":"<script> [776 bytes]","args":[{"enterText":"10 - infinite","selector":{"id":"application-manageresources-display-component---newResourceUnit--PLANNING_INDICATOR","interaction":{"idSuffix":"inner"}},"clearTextFirst":true,"interactionType":"ENTER_TEXT"}]}
RESULT: {"script":"<script> [776 bytes]","args":[{"enterText":"10 - infinite","selector":{"id":"application-manageresources-display-component---newResourceUnit--PLANNING_INDICATOR","interaction":{"idSuffix":"inner"}},"clearTextFirst":true,"interactionType":"ENTER_TEXT"}]}
COMMAND: POST /session/3d3f7fd824ffe76093792df5eba9e1c3/element - {"using":"css selector","value":"#application-manageresources-display-component---newResourceUnit--btnAddTimeSegment"}
RESULT: {"using":"css selector","value":"#application-manageresources-display-component---newResourceUnit--btnAddTimeSegment"}
COMMAND: GET /session/3d3f7fd824ffe76093792df5eba9e1c3/element/f.B31767EFF96F4B6690C27CBC6EB8D7D5.d.A2249517BD387C7F04E83220233D7146.e.2897/rect - {}
RESULT: {}
COMMAND: GET /session/3d3f7fd824ffe76093792df5eba9e1c3/window/rect - {}
RESULT: {}
COMMAND: POST /session/3d3f7fd824ffe76093792df5eba9e1c3/execute/sync - {"script":"<script> [92 bytes]","args":[]}
RESULT: {"script":"<script> [92 bytes]","args":[]}
COMMAND: POST /session/3d3f7fd824ffe76093792df5eba9e1c3/actions - {"actions":[{"id":"action7","type":"wheel","parameters":{},"actions":[{"type":"scroll","x":-1888,"y":-32,"deltaX":0,"deltaY":0,"duration":0,"origin":{"element-6066-11e4-a52e-4f735466cecf":"f.B31767EFF96F4B6690C27CBC6EB8D7D5.d.A2249517BD387C7F04E83220233D7146.e.2897"}}]}]}
COMMAND: GET /session/3d3f7fd824ffe76093792df5eba9e1c3/screenshot - {}
RESULT: {}
COMMAND: POST /session/3d3f7fd824ffe76093792df5eba9e1c3/execute/sync - {"script":"<script> [79 bytes]","args":[{"element-6066-11e4-a52e-4f735466cecf":"f.B31767EFF96F4B6690C27CBC6EB8D7D5.d.A2249517BD387C7F04E83220233D7146.e.2897","ELEMENT":"f.B31767EFF96F4B6690C27CBC6EB8D7D5.d.A2249517BD387C7F04E83220233D7146.e.2897"},{"block":"start","inline":"nearest"}]}
RESULT: {"script":"<script> [79 bytes]","args":[{"element-6066-11e4-a52e-4f735466cecf":"f.B31767EFF96F4B6690C27CBC6EB8D7D5.d.A2249517BD387C7F04E83220233D7146.e.2897","ELEMENT":"f.B31767EFF96F4B6690C27CBC6EB8D7D5.d.A2249517BD387C7F04E83220233D7146.e.2897"},{"block":"start","inline":"nearest"}]}
COMMAND: POST /session/3d3f7fd824ffe76093792df5eba9e1c3/execute/async - {"script":"<script> [1562 bytes]","args":[{"selector":{"id":"application-manageresources-display-component---newResourceUnit--btnAddTimeSegment","interaction":{"idSuffix":"inner"}},"wdio_ui5_key":"applicationmanageresources-display-component---newResourceUnit--btnAddTimeSegment"}]}
COMMAND: GET /session/3d3f7fd824ffe76093792df5eba9e1c3/screenshot - {}
RESULT: {"script":"<script> [1562 bytes]","args":[{"selector":{"id":"application-manageresources-display-component---newResourceUnit--btnAddTimeSegment","interaction":{"idSuffix":"inner"}},"wdio_ui5_key":"applicationmanageresources-display-component---newResourceUnit--btnAddTimeSegment"}]}
RESULT: undefined
COMMAND: POST /session/3d3f7fd824ffe76093792df5eba9e1c3/element - {"using":"xpath","value":"//*[@id=\"application-manageresources-display-component---newResourceUnit--btnAddTimeSegment\"]"}
RESULT: {}
RESULT: {"using":"xpath","value":"//*[@id=\"application-manageresources-display-component---newResourceUnit--btnAddTimeSegment\"]"}
COMMAND: POST /session/3d3f7fd824ffe76093792df5eba9e1c3/element/f.B31767EFF96F4B6690C27CBC6EB8D7D5.d.A2249517BD387C7F04E83220233D7146.e.2897/click - {}
RESULT: {}
COMMAND: GET /session/3d3f7fd824ffe76093792df5eba9e1c3/screenshot - {}
RESULT: {}
COMMAND: POST /session/3d3f7fd824ffe76093792df5eba9e1c3/element - {"using":"xpath","value":"//input[@id=\"application-manageresources-display-component---newResourceUnit--idRuTSAdmin-application-manageresources-display-component---newResourceUnit--RUTimeSegment-0-inner\"]"}
RESULT: {"using":"xpath","value":"//input[@id=\"application-manageresources-display-component---newResourceUnit--idRuTSAdmin-application-manageresources-display-component---newResourceUnit--RUTimeSegment-0-inner\"]"}
COMMAND: POST /session/3d3f7fd824ffe76093792df5eba9e1c3/element/f.B31767EFF96F4B6690C27CBC6EB8D7D5.d.A2249517BD387C7F04E83220233D7146.e.2902/clear - {}
RESULT: {}
COMMAND: POST /session/3d3f7fd824ffe76093792df5eba9e1c3/element/f.B31767EFF96F4B6690C27CBC6EB8D7D5.d.A2249517BD387C7F04E83220233D7146.e.2902/value - {"text":"266"}
COMMAND: GET /session/3d3f7fd824ffe76093792df5eba9e1c3/screenshot - {}
RESULT: {"text":"266"}
COMMAND: GET /session/3d3f7fd824ffe76093792df5eba9e1c3/screenshot - {}
RESULT: {}
RESULT: {}
COMMAND: POST /session/3d3f7fd824ffe76093792df5eba9e1c3/element - {"using":"xpath","value":"//li[.//span[text()='266']]"}
RESULT: {"using":"xpath","value":"//li[.//span[text()='266']]"}
COMMAND: POST /session/3d3f7fd824ffe76093792df5eba9e1c3/element/f.B31767EFF96F4B6690C27CBC6EB8D7D5.d.A2249517BD387C7F04E83220233D7146.e.2911/click - {}
RESULT: {}
COMMAND: GET /session/3d3f7fd824ffe76093792df5eba9e1c3/screenshot - {}
RESULT: {}
COMMAND: POST /session/3d3f7fd824ffe76093792df5eba9e1c3/element - {"using":"xpath","value":"(//span[contains(@id, \"-application-manageresources-display-component---newResourceUnit--RUTimeSegment-0-arrow\")])[2]"}
RESULT: {"using":"xpath","value":"(//span[contains(@id, \"-application-manageresources-display-component---newResourceUnit--RUTimeSegment-0-arrow\")])[2]"}
COMMAND: POST /session/3d3f7fd824ffe76093792df5eba9e1c3/element/f.B31767EFF96F4B6690C27CBC6EB8D7D5.d.A2249517BD387C7F04E83220233D7146.e.2912/click - {}
RESULT: {}
COMMAND: POST /session/3d3f7fd824ffe76093792df5eba9e1c3/element - {"using":"xpath","value":"//span[contains(text(), \"PM Order\")]"}
COMMAND: GET /session/3d3f7fd824ffe76093792df5eba9e1c3/screenshot - {}
RESULT: {"using":"xpath","value":"//span[contains(text(), \"PM Order\")]"}
COMMAND: POST /session/3d3f7fd824ffe76093792df5eba9e1c3/element/f.B31767EFF96F4B6690C27CBC6EB8D7D5.d.A2249517BD387C7F04E83220233D7146.e.2913/click - {}
RESULT: {}
RESULT: {}
COMMAND: GET /session/3d3f7fd824ffe76093792df5eba9e1c3/screenshot - {}
RESULT: {}
COMMAND: POST /session/3d3f7fd824ffe76093792df5eba9e1c3/element - {"using":"xpath","value":"//td/div/div/div/span[contains(@id, \"newResourceUnit--RUTimeSegment-0-vhi\")][1]"}
RESULT: {"using":"xpath","value":"//td/div/div/div/span[contains(@id, \"newResourceUnit--RUTimeSegment-0-vhi\")][1]"}
COMMAND: GET /session/3d3f7fd824ffe76093792df5eba9e1c3/element/f.B31767EFF96F4B6690C27CBC6EB8D7D5.d.A2249517BD387C7F04E83220233D7146.e.2917/rect - {}
RESULT: {}
COMMAND: GET /session/3d3f7fd824ffe76093792df5eba9e1c3/window/rect - {}
RESULT: {}
COMMAND: POST /session/3d3f7fd824ffe76093792df5eba9e1c3/execute/sync - {"script":"<script> [92 bytes]","args":[]}
RESULT: {"script":"<script> [92 bytes]","args":[]}
COMMAND: POST /session/3d3f7fd824ffe76093792df5eba9e1c3/actions - {"actions":[{"id":"action8","type":"wheel","parameters":{},"actions":[{"type":"scroll","x":-1888,"y":-24,"deltaX":0,"deltaY":0,"duration":0,"origin":{"element-6066-11e4-a52e-4f735466cecf":"f.B31767EFF96F4B6690C27CBC6EB8D7D5.d.A2249517BD387C7F04E83220233D7146.e.2917"}}]}]}
COMMAND: GET /session/3d3f7fd824ffe76093792df5eba9e1c3/screenshot - {}
RESULT: {}
COMMAND: POST /session/3d3f7fd824ffe76093792df5eba9e1c3/execute/sync - {"script":"<script> [79 bytes]","args":[{"element-6066-11e4-a52e-4f735466cecf":"f.B31767EFF96F4B6690C27CBC6EB8D7D5.d.A2249517BD387C7F04E83220233D7146.e.2917","ELEMENT":"f.B31767EFF96F4B6690C27CBC6EB8D7D5.d.A2249517BD387C7F04E83220233D7146.e.2917"},{"block":"start","inline":"nearest"}]}
RESULT: {"script":"<script> [79 bytes]","args":[{"element-6066-11e4-a52e-4f735466cecf":"f.B31767EFF96F4B6690C27CBC6EB8D7D5.d.A2249517BD387C7F04E83220233D7146.e.2917","ELEMENT":"f.B31767EFF96F4B6690C27CBC6EB8D7D5.d.A2249517BD387C7F04E83220233D7146.e.2917"},{"block":"start","inline":"nearest"}]}
COMMAND: GET /session/3d3f7fd824ffe76093792df5eba9e1c3/screenshot - {}
RESULT: {}
COMMAND: POST /session/3d3f7fd824ffe76093792df5eba9e1c3/element/f.B31767EFF96F4B6690C27CBC6EB8D7D5.d.A2249517BD387C7F04E83220233D7146.e.2917/click - {}
RESULT: {}
COMMAND: GET /session/3d3f7fd824ffe76093792df5eba9e1c3/screenshot - {}
RESULT: {}
COMMAND: POST /session/3d3f7fd824ffe76093792df5eba9e1c3/execute/async - {"script":"<script> [1562 bytes]","args":[{"selector":{"controlType":"sap.m.SearchField","properties":{"placeholder":"Search"},"searchOpenDialogs":true,"interaction":{"idSuffix":"I"}},"wdio_ui5_key":"sapm.SearchField{\"placeholder\":\"Search\"}"}]}
RESULT: {"script":"<script> [1562 bytes]","args":[{"selector":{"controlType":"sap.m.SearchField","properties":{"placeholder":"Search"},"searchOpenDialogs":true,"interaction":{"idSuffix":"I"}},"wdio_ui5_key":"sapm.SearchField{\"placeholder\":\"Search\"}"}]}
RESULT: undefined
COMMAND: POST /session/3d3f7fd824ffe76093792df5eba9e1c3/execute/async - {"script":"<script> [776 bytes]","args":[{"enterText":"4000360","selector":{"controlType":"sap.m.SearchField","properties":{"placeholder":"Search"},"searchOpenDialogs":true,"interaction":{"idSuffix":"I"}},"clearTextFirst":true,"interactionType":"ENTER_TEXT"}]}
RESULT: {"script":"<script> [776 bytes]","args":[{"enterText":"4000360","selector":{"controlType":"sap.m.SearchField","properties":{"placeholder":"Search"},"searchOpenDialogs":true,"interaction":{"idSuffix":"I"}},"clearTextFirst":true,"interactionType":"ENTER_TEXT"}]}
COMMAND: POST /session/3d3f7fd824ffe76093792df5eba9e1c3/actions - {"actions":[{"id":"action9","type":"key","parameters":{},"actions":[{"type":"keyDown","value":"î€‡"},{"type":"pause","duration":10},{"type":"keyUp","value":"î€‡"}]}]}
RESULT: {"actions":[{"id":"action9","type":"key","parameters":{},"actions":[{"type":"keyDown","value":"î€‡"},{"type":"pause","duration":10},{"type":"keyUp","value":"î€‡"}]}]}
COMMAND: GET /session/3d3f7fd824ffe76093792df5eba9e1c3/screenshot - {}
RESULT: {}
COMMAND: POST /session/3d3f7fd824ffe76093792df5eba9e1c3/element - {"using":"xpath","value":"//td/div/span[contains(text(), \"BGL Vehicles\")]"}
RESULT: {"using":"xpath","value":"//td/div/span[contains(text(), \"BGL Vehicles\")]"}
COMMAND: POST /session/3d3f7fd824ffe76093792df5eba9e1c3/element/f.B31767EFF96F4B6690C27CBC6EB8D7D5.d.A2249517BD387C7F04E83220233D7146.e.2937/click - {}
RESULT: {}
COMMAND: GET /session/3d3f7fd824ffe76093792df5eba9e1c3/screenshot - {}
RESULT: {}
COMMAND: POST /session/3d3f7fd824ffe76093792df5eba9e1c3/element - {"using":"xpath","value":"//bdi[contains(text(), \"OK\")]"}
RESULT: {"using":"xpath","value":"//bdi[contains(text(), \"OK\")]"}
COMMAND: POST /session/3d3f7fd824ffe76093792df5eba9e1c3/element/f.B31767EFF96F4B6690C27CBC6EB8D7D5.d.A2249517BD387C7F04E83220233D7146.e.2938/click - {}
RESULT: {}
COMMAND: GET /session/3d3f7fd824ffe76093792df5eba9e1c3/screenshot - {}
RESULT: {}
COMMAND: POST /session/3d3f7fd824ffe76093792df5eba9e1c3/element - {"using":"xpath","value":"//label[contains(@class, 'sapMLabelRequired') and .//bdi[contains(text(), 'Planned Retirement')]]"}
RESULT: {"using":"xpath","value":"//label[contains(@class, 'sapMLabelRequired') and .//bdi[contains(text(), 'Planned Retirement')]]"}
COMMAND: POST /session/3d3f7fd824ffe76093792df5eba9e1c3/elements - {"using":"xpath","value":"//label[contains(@class, 'sapMLabelRequired') and .//bdi[contains(text(), 'Planned Retirement')]]"}
RESULT: {"using":"xpath","value":"//label[contains(@class, 'sapMLabelRequired') and .//bdi[contains(text(), 'Planned Retirement')]]"}
COMMAND: POST /session/3d3f7fd824ffe76093792df5eba9e1c3/element - {"using":"xpath","value":"//button[@data-kt=\"resourceUnitSaveButton\"]"}
RESULT: {"using":"xpath","value":"//button[@data-kt=\"resourceUnitSaveButton\"]"}
COMMAND: POST /session/3d3f7fd824ffe76093792df5eba9e1c3/element/f.B31767EFF96F4B6690C27CBC6EB8D7D5.d.A2249517BD387C7F04E83220233D7146.e.2841/click - {}
RESULT: {}
COMMAND: GET /session/3d3f7fd824ffe76093792df5eba9e1c3/screenshot - {}
RESULT: {}
COMMAND: POST /session/3d3f7fd824ffe76093792df5eba9e1c3/element - {"using":"xpath","value":"//bdi[contains(text(), \"Close\")]"}
RESULT: {"using":"xpath","value":"//bdi[contains(text(), \"Close\")]"}
COMMAND: POST /session/3d3f7fd824ffe76093792df5eba9e1c3/element/f.B31767EFF96F4B6690C27CBC6EB8D7D5.d.A2249517BD387C7F04E83220233D7146.e.2944/click - {}
RESULT: {}
COMMAND: GET /session/3d3f7fd824ffe76093792df5eba9e1c3/screenshot - {}
RESULT: {}
COMMAND: POST /session/3d3f7fd824ffe76093792df5eba9e1c3/element - {"using":"xpath","value":"//header[contains(@id, 'detailRruPage-headerTitle')]/div[1]/div[2]/div[2]/span[1]"}
RESULT: {"using":"xpath","value":"//header[contains(@id, 'detailRruPage-headerTitle')]/div[1]/div[2]/div[2]/span[1]"}
COMMAND: POST /session/3d3f7fd824ffe76093792df5eba9e1c3/elements - {"using":"xpath","value":"//header[contains(@id, 'detailRruPage-headerTitle')]/div[1]/div[2]/div[2]/span[1]"}
RESULT: {"using":"xpath","value":"//header[contains(@id, 'detailRruPage-headerTitle')]/div[1]/div[2]/div[2]/span[1]"}
COMMAND: POST /session/3d3f7fd824ffe76093792df5eba9e1c3/execute/sync - {"script":"<script> [56 bytes]","args":[{"element-6066-11e4-a52e-4f735466cecf":"f.B31767EFF96F4B6690C27CBC6EB8D7D5.d.A2249517BD387C7F04E83220233D7146.e.2972","ELEMENT":"f.B31767EFF96F4B6690C27CBC6EB8D7D5.d.A2249517BD387C7F04E83220233D7146.e.2972"}]}
RESULT: {"script":"<script> [56 bytes]","args":[{"element-6066-11e4-a52e-4f735466cecf":"f.B31767EFF96F4B6690C27CBC6EB8D7D5.d.A2249517BD387C7F04E83220233D7146.e.2972","ELEMENT":"f.B31767EFF96F4B6690C27CBC6EB8D7D5.d.A2249517BD387C7F04E83220233D7146.e.2972"}]}
COMMAND: POST /session/3d3f7fd824ffe76093792df5eba9e1c3/element - {"using":"css selector","value":"#shell-header-logo"}
COMMAND: GET /session/3d3f7fd824ffe76093792df5eba9e1c3/screenshot - {}
RESULT: {"using":"css selector","value":"#shell-header-logo"}
COMMAND: POST /session/3d3f7fd824ffe76093792df5eba9e1c3/element/f.B31767EFF96F4B6690C27CBC6EB8D7D5.d.A2249517BD387C7F04E83220233D7146.e.2433/click - {}
RESULT: {}
RESULT: {}
COMMAND: GET /session/3d3f7fd824ffe76093792df5eba9e1c3/screenshot - {}
RESULT: {}
]]></system-out>
    </testcase>
    <testcase classname="chrome.136_0_7103_49.windows.Stock_increase_-_with_WHM_US125587" name="Bin Status Report Should Create New Organization yard" time="75.545">
      <system-out><![CDATA[
COMMAND: POST /session/3d3f7fd824ffe76093792df5eba9e1c3/execute/async - {"script":"<script> [1562 bytes]","args":[{"selector":{"controlType":"sap.m.GenericTile","properties":{"header":"Bin Status Report"}},"wdio_ui5_key":"sapm.GenericTile{\"header\":\"Bin Status Report\"}"}]}
RESULT: {"script":"<script> [1562 bytes]","args":[{"selector":{"controlType":"sap.m.GenericTile","properties":{"header":"Bin Status Report"}},"wdio_ui5_key":"sapm.GenericTile{\"header\":\"Bin Status Report\"}"}]}
RESULT: undefined
COMMAND: POST /session/3d3f7fd824ffe76093792df5eba9e1c3/element - {"using":"xpath","value":"//*[@id=\"__tile104\"]"}
RESULT: {"using":"xpath","value":"//*[@id=\"__tile104\"]"}
COMMAND: POST /session/3d3f7fd824ffe76093792df5eba9e1c3/element/f.B31767EFF96F4B6690C27CBC6EB8D7D5.d.A2249517BD387C7F04E83220233D7146.e.2974/click - {}
RESULT: {}
COMMAND: POST /session/3d3f7fd824ffe76093792df5eba9e1c3/element - {"using":"xpath","value":"//button[@id=\"application-binstatusreport-display-component---warehousing--createOrgBtn\"]"}
COMMAND: GET /session/3d3f7fd824ffe76093792df5eba9e1c3/screenshot - {}
RESULT: {"using":"xpath","value":"//button[@id=\"application-binstatusreport-display-component---warehousing--createOrgBtn\"]"}
COMMAND: POST /session/3d3f7fd824ffe76093792df5eba9e1c3/elements - {"using":"xpath","value":"//button[@id=\"application-binstatusreport-display-component---warehousing--createOrgBtn\"]"}
RESULT: {}
RESULT: {"using":"xpath","value":"//button[@id=\"application-binstatusreport-display-component---warehousing--createOrgBtn\"]"}
COMMAND: POST /session/3d3f7fd824ffe76093792df5eba9e1c3/elements - {"using":"xpath","value":"//button[@id=\"application-binstatusreport-display-component---warehousing--createOrgBtn\"]"}
RESULT: {"using":"xpath","value":"//button[@id=\"application-binstatusreport-display-component---warehousing--createOrgBtn\"]"}
COMMAND: POST /session/3d3f7fd824ffe76093792df5eba9e1c3/elements - {"using":"xpath","value":"//button[@id=\"application-binstatusreport-display-component---warehousing--createOrgBtn\"]"}
RESULT: {"using":"xpath","value":"//button[@id=\"application-binstatusreport-display-component---warehousing--createOrgBtn\"]"}
COMMAND: POST /session/3d3f7fd824ffe76093792df5eba9e1c3/elements - {"using":"xpath","value":"//button[@id=\"application-binstatusreport-display-component---warehousing--createOrgBtn\"]"}
RESULT: {"using":"xpath","value":"//button[@id=\"application-binstatusreport-display-component---warehousing--createOrgBtn\"]"}
COMMAND: POST /session/3d3f7fd824ffe76093792df5eba9e1c3/element - {"using":"xpath","value":"//button[@id=\"application-binstatusreport-display-component---warehousing--createOrgBtn\"]"}
RESULT: {"using":"xpath","value":"//button[@id=\"application-binstatusreport-display-component---warehousing--createOrgBtn\"]"}
COMMAND: POST /session/3d3f7fd824ffe76093792df5eba9e1c3/execute/sync - {"script":"<script> [8489 bytes]","args":[{"element-6066-11e4-a52e-4f735466cecf":"f.B31767EFF96F4B6690C27CBC6EB8D7D5.d.A2249517BD387C7F04E83220233D7146.e.3033","ELEMENT":"f.B31767EFF96F4B6690C27CBC6EB8D7D5.d.A2249517BD387C7F04E83220233D7146.e.3033"}]}
RESULT: {"script":"<script> [8489 bytes]","args":[{"element-6066-11e4-a52e-4f735466cecf":"f.B31767EFF96F4B6690C27CBC6EB8D7D5.d.A2249517BD387C7F04E83220233D7146.e.3033","ELEMENT":"f.B31767EFF96F4B6690C27CBC6EB8D7D5.d.A2249517BD387C7F04E83220233D7146.e.3033"}]}
COMMAND: GET /session/3d3f7fd824ffe76093792df5eba9e1c3/element/f.B31767EFF96F4B6690C27CBC6EB8D7D5.d.A2249517BD387C7F04E83220233D7146.e.3033/enabled - {}
COMMAND: GET /session/3d3f7fd824ffe76093792df5eba9e1c3/screenshot - {}
RESULT: {}
COMMAND: POST /session/3d3f7fd824ffe76093792df5eba9e1c3/execute/sync - {"script":"<script> [8489 bytes]","args":[{"element-6066-11e4-a52e-4f735466cecf":"f.B31767EFF96F4B6690C27CBC6EB8D7D5.d.A2249517BD387C7F04E83220233D7146.e.3033","ELEMENT":"f.B31767EFF96F4B6690C27CBC6EB8D7D5.d.A2249517BD387C7F04E83220233D7146.e.3033"}]}
COMMAND: GET /session/3d3f7fd824ffe76093792df5eba9e1c3/screenshot - {}
RESULT: {}
RESULT: {"script":"<script> [8489 bytes]","args":[{"element-6066-11e4-a52e-4f735466cecf":"f.B31767EFF96F4B6690C27CBC6EB8D7D5.d.A2249517BD387C7F04E83220233D7146.e.3033","ELEMENT":"f.B31767EFF96F4B6690C27CBC6EB8D7D5.d.A2249517BD387C7F04E83220233D7146.e.3033"}]}
COMMAND: POST /session/3d3f7fd824ffe76093792df5eba9e1c3/execute/sync - {"script":"<script> [5351 bytes]","args":[{"element-6066-11e4-a52e-4f735466cecf":"f.B31767EFF96F4B6690C27CBC6EB8D7D5.d.A2249517BD387C7F04E83220233D7146.e.3033","ELEMENT":"f.B31767EFF96F4B6690C27CBC6EB8D7D5.d.A2249517BD387C7F04E83220233D7146.e.3033"}]}
COMMAND: GET /session/3d3f7fd824ffe76093792df5eba9e1c3/screenshot - {}
RESULT: {}
RESULT: {"script":"<script> [5351 bytes]","args":[{"element-6066-11e4-a52e-4f735466cecf":"f.B31767EFF96F4B6690C27CBC6EB8D7D5.d.A2249517BD387C7F04E83220233D7146.e.3033","ELEMENT":"f.B31767EFF96F4B6690C27CBC6EB8D7D5.d.A2249517BD387C7F04E83220233D7146.e.3033"}]}
COMMAND: GET /session/3d3f7fd824ffe76093792df5eba9e1c3/screenshot - {}
RESULT: {}
RESULT: {}
COMMAND: POST /session/3d3f7fd824ffe76093792df5eba9e1c3/element/f.B31767EFF96F4B6690C27CBC6EB8D7D5.d.A2249517BD387C7F04E83220233D7146.e.3033/click - {}
RESULT: {}
COMMAND: GET /session/3d3f7fd824ffe76093792df5eba9e1c3/screenshot - {}
RESULT: {}
COMMAND: POST /session/3d3f7fd824ffe76093792df5eba9e1c3/execute/async - {"script":"<script> [1562 bytes]","args":[{"selector":{"id":"createOrganizationPop--sectionInput","searchOpenDialogs":true,"interaction":{"idSuffix":"inner"}},"wdio_ui5_key":"createOrganizationPopsectionInput"}]}
RESULT: {"script":"<script> [1562 bytes]","args":[{"selector":{"id":"createOrganizationPop--sectionInput","searchOpenDialogs":true,"interaction":{"idSuffix":"inner"}},"wdio_ui5_key":"createOrganizationPopsectionInput"}]}
RESULT: undefined
COMMAND: POST /session/3d3f7fd824ffe76093792df5eba9e1c3/execute/async - {"script":"<script> [776 bytes]","args":[{"enterText":"WDIO-266","selector":{"id":"createOrganizationPop--sectionInput","searchOpenDialogs":true,"interaction":{"idSuffix":"inner"}},"clearTextFirst":true,"interactionType":"ENTER_TEXT"}]}
RESULT: {"script":"<script> [776 bytes]","args":[{"enterText":"WDIO-266","selector":{"id":"createOrganizationPop--sectionInput","searchOpenDialogs":true,"interaction":{"idSuffix":"inner"}},"clearTextFirst":true,"interactionType":"ENTER_TEXT"}]}
COMMAND: POST /session/3d3f7fd824ffe76093792df5eba9e1c3/execute/async - {"script":"<script> [1562 bytes]","args":[{"selector":{"id":"createOrganizationPop--descriptionInput","searchOpenDialogs":true,"interaction":{"idSuffix":"inner"}},"wdio_ui5_key":"createOrganizationPopdescriptionInput"}]}
RESULT: {"script":"<script> [1562 bytes]","args":[{"selector":{"id":"createOrganizationPop--descriptionInput","searchOpenDialogs":true,"interaction":{"idSuffix":"inner"}},"wdio_ui5_key":"createOrganizationPopdescriptionInput"}]}
RESULT: undefined
COMMAND: POST /session/3d3f7fd824ffe76093792df5eba9e1c3/execute/async - {"script":"<script> [776 bytes]","args":[{"enterText":"Shipping-266","selector":{"id":"createOrganizationPop--descriptionInput","searchOpenDialogs":true,"interaction":{"idSuffix":"inner"}},"clearTextFirst":true,"interactionType":"ENTER_TEXT"}]}
RESULT: {"script":"<script> [776 bytes]","args":[{"enterText":"Shipping-266","selector":{"id":"createOrganizationPop--descriptionInput","searchOpenDialogs":true,"interaction":{"idSuffix":"inner"}},"clearTextFirst":true,"interactionType":"ENTER_TEXT"}]}
COMMAND: POST /session/3d3f7fd824ffe76093792df5eba9e1c3/element - {"using":"css selector","value":"#createOrganizationPop--yardOrg-inner"}
RESULT: {"using":"css selector","value":"#createOrganizationPop--yardOrg-inner"}
COMMAND: POST /session/3d3f7fd824ffe76093792df5eba9e1c3/element/f.B31767EFF96F4B6690C27CBC6EB8D7D5.d.A2249517BD387C7F04E83220233D7146.e.3069/clear - {}
RESULT: {}
COMMAND: POST /session/3d3f7fd824ffe76093792df5eba9e1c3/element/f.B31767EFF96F4B6690C27CBC6EB8D7D5.d.A2249517BD387C7F04E83220233D7146.e.3069/value - {"text":"266"}
COMMAND: GET /session/3d3f7fd824ffe76093792df5eba9e1c3/screenshot - {}
RESULT: {"text":"266"}
COMMAND: GET /session/3d3f7fd824ffe76093792df5eba9e1c3/screenshot - {}
RESULT: {}
RESULT: {}
COMMAND: POST /session/3d3f7fd824ffe76093792df5eba9e1c3/actions - {"actions":[{"id":"action10","type":"key","parameters":{},"actions":[{"type":"keyDown","value":"î€‡"},{"type":"pause","duration":10},{"type":"keyUp","value":"î€‡"}]}]}
RESULT: {"actions":[{"id":"action10","type":"key","parameters":{},"actions":[{"type":"keyDown","value":"î€‡"},{"type":"pause","duration":10},{"type":"keyUp","value":"î€‡"}]}]}
COMMAND: POST /session/3d3f7fd824ffe76093792df5eba9e1c3/execute/async - {"script":"<script> [1562 bytes]","args":[{"selector":{"id":"createOrganizationPop--grZone","searchOpenDialogs":true,"interaction":{"idSuffix":"CbBg"}},"wdio_ui5_key":"createOrganizationPopgrZone"}]}
COMMAND: GET /session/3d3f7fd824ffe76093792df5eba9e1c3/screenshot - {}
RESULT: {"script":"<script> [1562 bytes]","args":[{"selector":{"id":"createOrganizationPop--grZone","searchOpenDialogs":true,"interaction":{"idSuffix":"CbBg"}},"wdio_ui5_key":"createOrganizationPopgrZone"}]}
RESULT: undefined
COMMAND: POST /session/3d3f7fd824ffe76093792df5eba9e1c3/element - {"using":"xpath","value":"//*[@id=\"createOrganizationPop--grZone\"]"}
RESULT: {}
RESULT: {"using":"xpath","value":"//*[@id=\"createOrganizationPop--grZone\"]"}
COMMAND: POST /session/3d3f7fd824ffe76093792df5eba9e1c3/element/f.B31767EFF96F4B6690C27CBC6EB8D7D5.d.A2249517BD387C7F04E83220233D7146.e.3090/click - {}
RESULT: {}
COMMAND: GET /session/3d3f7fd824ffe76093792df5eba9e1c3/screenshot - {}
RESULT: {}
COMMAND: POST /session/3d3f7fd824ffe76093792df5eba9e1c3/execute/async - {"script":"<script> [1562 bytes]","args":[{"selector":{"id":"createOrganizationPop--giZone","searchOpenDialogs":true,"interaction":{"idSuffix":"CbBg"}},"wdio_ui5_key":"createOrganizationPopgiZone"}]}
RESULT: {"script":"<script> [1562 bytes]","args":[{"selector":{"id":"createOrganizationPop--giZone","searchOpenDialogs":true,"interaction":{"idSuffix":"CbBg"}},"wdio_ui5_key":"createOrganizationPopgiZone"}]}
RESULT: undefined
COMMAND: POST /session/3d3f7fd824ffe76093792df5eba9e1c3/element - {"using":"xpath","value":"//*[@id=\"createOrganizationPop--giZone\"]"}
RESULT: {"using":"xpath","value":"//*[@id=\"createOrganizationPop--giZone\"]"}
COMMAND: POST /session/3d3f7fd824ffe76093792df5eba9e1c3/element/f.B31767EFF96F4B6690C27CBC6EB8D7D5.d.A2249517BD387C7F04E83220233D7146.e.3092/click - {}
RESULT: {}
COMMAND: GET /session/3d3f7fd824ffe76093792df5eba9e1c3/screenshot - {}
RESULT: {}
COMMAND: POST /session/3d3f7fd824ffe76093792df5eba9e1c3/execute/async - {"script":"<script> [1562 bytes]","args":[{"selector":{"id":"createOrganizationPop--binNoInput","searchOpenDialogs":true,"interaction":{"idSuffix":"inner"}},"wdio_ui5_key":"createOrganizationPopbinNoInput"}]}
RESULT: {"script":"<script> [1562 bytes]","args":[{"selector":{"id":"createOrganizationPop--binNoInput","searchOpenDialogs":true,"interaction":{"idSuffix":"inner"}},"wdio_ui5_key":"createOrganizationPopbinNoInput"}]}
RESULT: undefined
COMMAND: POST /session/3d3f7fd824ffe76093792df5eba9e1c3/execute/async - {"script":"<script> [776 bytes]","args":[{"enterText":"Bin-Wd","selector":{"id":"createOrganizationPop--binNoInput","searchOpenDialogs":true,"interaction":{"idSuffix":"inner"}},"clearTextFirst":true,"interactionType":"ENTER_TEXT"}]}
RESULT: {"script":"<script> [776 bytes]","args":[{"enterText":"Bin-Wd","selector":{"id":"createOrganizationPop--binNoInput","searchOpenDialogs":true,"interaction":{"idSuffix":"inner"}},"clearTextFirst":true,"interactionType":"ENTER_TEXT"}]}
COMMAND: POST /session/3d3f7fd824ffe76093792df5eba9e1c3/execute/async - {"script":"<script> [1562 bytes]","args":[{"selector":{"id":"createOrganizationPop--descriptionId","searchOpenDialogs":true,"interaction":{"idSuffix":"inner"}},"wdio_ui5_key":"createOrganizationPopdescriptionId"}]}
RESULT: {"script":"<script> [1562 bytes]","args":[{"selector":{"id":"createOrganizationPop--descriptionId","searchOpenDialogs":true,"interaction":{"idSuffix":"inner"}},"wdio_ui5_key":"createOrganizationPopdescriptionId"}]}
RESULT: undefined
COMMAND: POST /session/3d3f7fd824ffe76093792df5eba9e1c3/execute/async - {"script":"<script> [776 bytes]","args":[{"enterText":"Shipping-Wd","selector":{"id":"createOrganizationPop--descriptionId","searchOpenDialogs":true,"interaction":{"idSuffix":"inner"}},"clearTextFirst":true,"interactionType":"ENTER_TEXT"}]}
RESULT: {"script":"<script> [776 bytes]","args":[{"enterText":"Shipping-Wd","selector":{"id":"createOrganizationPop--descriptionId","searchOpenDialogs":true,"interaction":{"idSuffix":"inner"}},"clearTextFirst":true,"interactionType":"ENTER_TEXT"}]}
COMMAND: POST /session/3d3f7fd824ffe76093792df5eba9e1c3/execute/async - {"script":"<script> [1562 bytes]","args":[{"selector":{"controlType":"sap.m.CheckBox","viewName":"etm.portal.ui.binstatusreport.view.MasterWareBins","viewId":"application-binstatusreport-display-component---warehousing","bindingPath":{"path":"","propertyPath":"/ZONE","modelName":"newBin"},"searchOpenDialogs":true,"interaction":{"idSuffix":"CbBg"}},"wdio_ui5_key":"etmportal.ui.binstatusreport.view.MasterWareBinssap.m.CheckBox{\"path\":\"\",\"propertyPath\":\"/ZONE\",\"modelName\":\"newBin\"}"}]}
RESULT: {"script":"<script> [1562 bytes]","args":[{"selector":{"controlType":"sap.m.CheckBox","viewName":"etm.portal.ui.binstatusreport.view.MasterWareBins","viewId":"application-binstatusreport-display-component---warehousing","bindingPath":{"path":"","propertyPath":"/ZONE","modelName":"newBin"},"searchOpenDialogs":true,"interaction":{"idSuffix":"CbBg"}},"wdio_ui5_key":"etmportal.ui.binstatusreport.view.MasterWareBinssap.m.CheckBox{\"path\":\"\",\"propertyPath\":\"/ZONE\",\"modelName\":\"newBin\"}"}]}
RESULT: undefined
COMMAND: POST /session/3d3f7fd824ffe76093792df5eba9e1c3/element - {"using":"xpath","value":"//*[@id=\"__box16\"]"}
RESULT: {"using":"xpath","value":"//*[@id=\"__box16\"]"}
COMMAND: POST /session/3d3f7fd824ffe76093792df5eba9e1c3/element/f.B31767EFF96F4B6690C27CBC6EB8D7D5.d.A2249517BD387C7F04E83220233D7146.e.3096/click - {}
RESULT: {}
COMMAND: GET /session/3d3f7fd824ffe76093792df5eba9e1c3/screenshot - {}
RESULT: {}
COMMAND: POST /session/3d3f7fd824ffe76093792df5eba9e1c3/execute/async - {"script":"<script> [1562 bytes]","args":[{"selector":{"id":"createOrganizationPop--binTypesCB","searchOpenDialogs":true,"interaction":{"idSuffix":"inner"}},"wdio_ui5_key":"createOrganizationPopbinTypesCB"}]}
RESULT: {"script":"<script> [1562 bytes]","args":[{"selector":{"id":"createOrganizationPop--binTypesCB","searchOpenDialogs":true,"interaction":{"idSuffix":"inner"}},"wdio_ui5_key":"createOrganizationPopbinTypesCB"}]}
RESULT: undefined
COMMAND: POST /session/3d3f7fd824ffe76093792df5eba9e1c3/execute/async - {"script":"<script> [776 bytes]","args":[{"enterText":"1 - General / No capacity check","selector":{"id":"createOrganizationPop--binTypesCB","searchOpenDialogs":true,"interaction":{"idSuffix":"inner"}},"clearTextFirst":true,"interactionType":"ENTER_TEXT"}]}
RESULT: {"script":"<script> [776 bytes]","args":[{"enterText":"1 - General / No capacity check","selector":{"id":"createOrganizationPop--binTypesCB","searchOpenDialogs":true,"interaction":{"idSuffix":"inner"}},"clearTextFirst":true,"interactionType":"ENTER_TEXT"}]}
COMMAND: POST /session/3d3f7fd824ffe76093792df5eba9e1c3/actions - {"actions":[{"id":"action11","type":"key","parameters":{},"actions":[{"type":"keyDown","value":"î€‡"},{"type":"pause","duration":10},{"type":"keyUp","value":"î€‡"}]}]}
RESULT: {"actions":[{"id":"action11","type":"key","parameters":{},"actions":[{"type":"keyDown","value":"î€‡"},{"type":"pause","duration":10},{"type":"keyUp","value":"î€‡"}]}]}
COMMAND: GET /session/3d3f7fd824ffe76093792df5eba9e1c3/screenshot - {}
RESULT: {}
COMMAND: POST /session/3d3f7fd824ffe76093792df5eba9e1c3/execute/async - {"script":"<script> [1562 bytes]","args":[{"selector":{"id":"createOrganizationPop--finishBtn","searchOpenDialogs":true,"interaction":{"idSuffix":"BDI-content"}},"wdio_ui5_key":"createOrganizationPopfinishBtn"}]}
RESULT: {"script":"<script> [1562 bytes]","args":[{"selector":{"id":"createOrganizationPop--finishBtn","searchOpenDialogs":true,"interaction":{"idSuffix":"BDI-content"}},"wdio_ui5_key":"createOrganizationPopfinishBtn"}]}
RESULT: undefined
COMMAND: POST /session/3d3f7fd824ffe76093792df5eba9e1c3/element - {"using":"xpath","value":"//*[@id=\"createOrganizationPop--finishBtn\"]"}
RESULT: {"using":"xpath","value":"//*[@id=\"createOrganizationPop--finishBtn\"]"}
COMMAND: POST /session/3d3f7fd824ffe76093792df5eba9e1c3/element/f.B31767EFF96F4B6690C27CBC6EB8D7D5.d.A2249517BD387C7F04E83220233D7146.e.3099/click - {}
RESULT: {}
COMMAND: GET /session/3d3f7fd824ffe76093792df5eba9e1c3/screenshot - {}
RESULT: {}
COMMAND: POST /session/3d3f7fd824ffe76093792df5eba9e1c3/element - {"using":"css selector","value":"#shell-header-logo"}
RESULT: {"using":"css selector","value":"#shell-header-logo"}
COMMAND: POST /session/3d3f7fd824ffe76093792df5eba9e1c3/element/f.B31767EFF96F4B6690C27CBC6EB8D7D5.d.A2249517BD387C7F04E83220233D7146.e.2981/click - {}
RESULT: {}
COMMAND: GET /session/3d3f7fd824ffe76093792df5eba9e1c3/screenshot - {}
RESULT: {}
]]></system-out>
    </testcase>
    <testcase classname="chrome.136_0_7103_49.windows.Stock_increase_-_with_WHM_US125587" name="Bin Status Report Should Create New Organization for Site" time="58.883">
      <system-out><![CDATA[
RESULT: undefined
COMMAND: POST /session/3d3f7fd824ffe76093792df5eba9e1c3/element - {"using":"xpath","value":"//*[@id=\"__tile104\"]"}
RESULT: {"using":"xpath","value":"//*[@id=\"__tile104\"]"}
COMMAND: POST /session/3d3f7fd824ffe76093792df5eba9e1c3/element/f.B31767EFF96F4B6690C27CBC6EB8D7D5.d.A2249517BD387C7F04E83220233D7146.e.2974/click - {}
RESULT: {}
COMMAND: POST /session/3d3f7fd824ffe76093792df5eba9e1c3/element - {"using":"xpath","value":"//button[@id=\"application-binstatusreport-display-component---warehousing--createOrgBtn\"]"}
COMMAND: GET /session/3d3f7fd824ffe76093792df5eba9e1c3/screenshot - {}
RESULT: {"using":"xpath","value":"//button[@id=\"application-binstatusreport-display-component---warehousing--createOrgBtn\"]"}
COMMAND: POST /session/3d3f7fd824ffe76093792df5eba9e1c3/elements - {"using":"xpath","value":"//button[@id=\"application-binstatusreport-display-component---warehousing--createOrgBtn\"]"}
RESULT: {}
RESULT: {"using":"xpath","value":"//button[@id=\"application-binstatusreport-display-component---warehousing--createOrgBtn\"]"}
COMMAND: POST /session/3d3f7fd824ffe76093792df5eba9e1c3/element - {"using":"xpath","value":"//button[@id=\"application-binstatusreport-display-component---warehousing--createOrgBtn\"]"}
RESULT: {"using":"xpath","value":"//button[@id=\"application-binstatusreport-display-component---warehousing--createOrgBtn\"]"}
COMMAND: POST /session/3d3f7fd824ffe76093792df5eba9e1c3/execute/sync - {"script":"<script> [8489 bytes]","args":[{"element-6066-11e4-a52e-4f735466cecf":"f.B31767EFF96F4B6690C27CBC6EB8D7D5.d.A2249517BD387C7F04E83220233D7146.e.3160","ELEMENT":"f.B31767EFF96F4B6690C27CBC6EB8D7D5.d.A2249517BD387C7F04E83220233D7146.e.3160"}]}
RESULT: {"script":"<script> [8489 bytes]","args":[{"element-6066-11e4-a52e-4f735466cecf":"f.B31767EFF96F4B6690C27CBC6EB8D7D5.d.A2249517BD387C7F04E83220233D7146.e.3160","ELEMENT":"f.B31767EFF96F4B6690C27CBC6EB8D7D5.d.A2249517BD387C7F04E83220233D7146.e.3160"}]}
COMMAND: GET /session/3d3f7fd824ffe76093792df5eba9e1c3/element/f.B31767EFF96F4B6690C27CBC6EB8D7D5.d.A2249517BD387C7F04E83220233D7146.e.3160/enabled - {}
COMMAND: GET /session/3d3f7fd824ffe76093792df5eba9e1c3/screenshot - {}
RESULT: {}
COMMAND: POST /session/3d3f7fd824ffe76093792df5eba9e1c3/execute/sync - {"script":"<script> [8489 bytes]","args":[{"element-6066-11e4-a52e-4f735466cecf":"f.B31767EFF96F4B6690C27CBC6EB8D7D5.d.A2249517BD387C7F04E83220233D7146.e.3160","ELEMENT":"f.B31767EFF96F4B6690C27CBC6EB8D7D5.d.A2249517BD387C7F04E83220233D7146.e.3160"}]}
COMMAND: GET /session/3d3f7fd824ffe76093792df5eba9e1c3/screenshot - {}
RESULT: {}
RESULT: {"script":"<script> [8489 bytes]","args":[{"element-6066-11e4-a52e-4f735466cecf":"f.B31767EFF96F4B6690C27CBC6EB8D7D5.d.A2249517BD387C7F04E83220233D7146.e.3160","ELEMENT":"f.B31767EFF96F4B6690C27CBC6EB8D7D5.d.A2249517BD387C7F04E83220233D7146.e.3160"}]}
COMMAND: POST /session/3d3f7fd824ffe76093792df5eba9e1c3/execute/sync - {"script":"<script> [5351 bytes]","args":[{"element-6066-11e4-a52e-4f735466cecf":"f.B31767EFF96F4B6690C27CBC6EB8D7D5.d.A2249517BD387C7F04E83220233D7146.e.3160","ELEMENT":"f.B31767EFF96F4B6690C27CBC6EB8D7D5.d.A2249517BD387C7F04E83220233D7146.e.3160"}]}
COMMAND: GET /session/3d3f7fd824ffe76093792df5eba9e1c3/screenshot - {}
RESULT: {}
RESULT: {"script":"<script> [5351 bytes]","args":[{"element-6066-11e4-a52e-4f735466cecf":"f.B31767EFF96F4B6690C27CBC6EB8D7D5.d.A2249517BD387C7F04E83220233D7146.e.3160","ELEMENT":"f.B31767EFF96F4B6690C27CBC6EB8D7D5.d.A2249517BD387C7F04E83220233D7146.e.3160"}]}
COMMAND: GET /session/3d3f7fd824ffe76093792df5eba9e1c3/screenshot - {}
RESULT: {}
RESULT: {}
COMMAND: POST /session/3d3f7fd824ffe76093792df5eba9e1c3/element/f.B31767EFF96F4B6690C27CBC6EB8D7D5.d.A2249517BD387C7F04E83220233D7146.e.3160/click - {}
RESULT: {}
COMMAND: GET /session/3d3f7fd824ffe76093792df5eba9e1c3/screenshot - {}
RESULT: {}
RESULT: undefined
COMMAND: POST /session/3d3f7fd824ffe76093792df5eba9e1c3/execute/async - {"script":"<script> [776 bytes]","args":[{"enterText":"2078","selector":{"id":"createOrganizationPop--sectionInput","searchOpenDialogs":true,"interaction":{"idSuffix":"inner"}},"clearTextFirst":true,"interactionType":"ENTER_TEXT"}]}
RESULT: {"script":"<script> [776 bytes]","args":[{"enterText":"2078","selector":{"id":"createOrganizationPop--sectionInput","searchOpenDialogs":true,"interaction":{"idSuffix":"inner"}},"clearTextFirst":true,"interactionType":"ENTER_TEXT"}]}
RESULT: undefined
COMMAND: POST /session/3d3f7fd824ffe76093792df5eba9e1c3/execute/async - {"script":"<script> [776 bytes]","args":[{"enterText":"WDIO-2078","selector":{"id":"createOrganizationPop--descriptionInput","searchOpenDialogs":true,"interaction":{"idSuffix":"inner"}},"clearTextFirst":true,"interactionType":"ENTER_TEXT"}]}
RESULT: {"script":"<script> [776 bytes]","args":[{"enterText":"WDIO-2078","selector":{"id":"createOrganizationPop--descriptionInput","searchOpenDialogs":true,"interaction":{"idSuffix":"inner"}},"clearTextFirst":true,"interactionType":"ENTER_TEXT"}]}
COMMAND: POST /session/3d3f7fd824ffe76093792df5eba9e1c3/element - {"using":"css selector","value":"#createOrganizationPop--siteOrg-inner"}
RESULT: {"using":"css selector","value":"#createOrganizationPop--siteOrg-inner"}
COMMAND: POST /session/3d3f7fd824ffe76093792df5eba9e1c3/element/f.B31767EFF96F4B6690C27CBC6EB8D7D5.d.A2249517BD387C7F04E83220233D7146.e.3177/clear - {}
RESULT: {}
COMMAND: POST /session/3d3f7fd824ffe76093792df5eba9e1c3/element/f.B31767EFF96F4B6690C27CBC6EB8D7D5.d.A2249517BD387C7F04E83220233D7146.e.3177/value - {"text":"2078"}
COMMAND: GET /session/3d3f7fd824ffe76093792df5eba9e1c3/screenshot - {}
RESULT: {"text":"2078"}
COMMAND: GET /session/3d3f7fd824ffe76093792df5eba9e1c3/screenshot - {}
RESULT: {}
RESULT: {}
COMMAND: POST /session/3d3f7fd824ffe76093792df5eba9e1c3/actions - {"actions":[{"id":"action12","type":"key","parameters":{},"actions":[{"type":"keyDown","value":"î€‡"},{"type":"pause","duration":10},{"type":"keyUp","value":"î€‡"}]}]}
RESULT: {"actions":[{"id":"action12","type":"key","parameters":{},"actions":[{"type":"keyDown","value":"î€‡"},{"type":"pause","duration":10},{"type":"keyUp","value":"î€‡"}]}]}
RESULT: undefined
COMMAND: POST /session/3d3f7fd824ffe76093792df5eba9e1c3/element - {"using":"xpath","value":"//*[@id=\"createOrganizationPop--giZone\"]"}
COMMAND: GET /session/3d3f7fd824ffe76093792df5eba9e1c3/screenshot - {}
RESULT: {"using":"xpath","value":"//*[@id=\"createOrganizationPop--giZone\"]"}
COMMAND: POST /session/3d3f7fd824ffe76093792df5eba9e1c3/element/f.B31767EFF96F4B6690C27CBC6EB8D7D5.d.A2249517BD387C7F04E83220233D7146.e.3195/click - {}
RESULT: {}
RESULT: {}
COMMAND: GET /session/3d3f7fd824ffe76093792df5eba9e1c3/screenshot - {}
RESULT: {}
RESULT: undefined
COMMAND: POST /session/3d3f7fd824ffe76093792df5eba9e1c3/execute/async - {"script":"<script> [776 bytes]","args":[{"enterText":"WD-BIN","selector":{"id":"createOrganizationPop--binNoInput","searchOpenDialogs":true,"interaction":{"idSuffix":"inner"}},"clearTextFirst":true,"interactionType":"ENTER_TEXT"}]}
RESULT: {"script":"<script> [776 bytes]","args":[{"enterText":"WD-BIN","selector":{"id":"createOrganizationPop--binNoInput","searchOpenDialogs":true,"interaction":{"idSuffix":"inner"}},"clearTextFirst":true,"interactionType":"ENTER_TEXT"}]}
RESULT: undefined
COMMAND: POST /session/3d3f7fd824ffe76093792df5eba9e1c3/execute/async - {"script":"<script> [776 bytes]","args":[{"enterText":"WD-BIN","selector":{"id":"createOrganizationPop--descriptionId","searchOpenDialogs":true,"interaction":{"idSuffix":"inner"}},"clearTextFirst":true,"interactionType":"ENTER_TEXT"}]}
RESULT: {"script":"<script> [776 bytes]","args":[{"enterText":"WD-BIN","selector":{"id":"createOrganizationPop--descriptionId","searchOpenDialogs":true,"interaction":{"idSuffix":"inner"}},"clearTextFirst":true,"interactionType":"ENTER_TEXT"}]}
COMMAND: POST /session/3d3f7fd824ffe76093792df5eba9e1c3/execute/async - {"script":"<script> [1562 bytes]","args":[{"selector":{"controlType":"sap.m.CheckBox","viewName":"etm.portal.ui.binstatusreport.view.MasterWareBins","viewId":"application-binstatusreport-display-component---warehousing","bindingPath":{"propertyPath":"/ZONE","modelName":"newBin"},"searchOpenDialogs":true,"interaction":{"idSuffix":"CbBg"}},"wdio_ui5_key":"etmportal.ui.binstatusreport.view.MasterWareBinssap.m.CheckBox{\"propertyPath\":\"/ZONE\",\"modelName\":\"newBin\"}"}]}
RESULT: {"script":"<script> [1562 bytes]","args":[{"selector":{"controlType":"sap.m.CheckBox","viewName":"etm.portal.ui.binstatusreport.view.MasterWareBins","viewId":"application-binstatusreport-display-component---warehousing","bindingPath":{"propertyPath":"/ZONE","modelName":"newBin"},"searchOpenDialogs":true,"interaction":{"idSuffix":"CbBg"}},"wdio_ui5_key":"etmportal.ui.binstatusreport.view.MasterWareBinssap.m.CheckBox{\"propertyPath\":\"/ZONE\",\"modelName\":\"newBin\"}"}]}
RESULT: undefined
COMMAND: POST /session/3d3f7fd824ffe76093792df5eba9e1c3/element - {"using":"xpath","value":"//*[@id=\"__box28\"]"}
RESULT: {"using":"xpath","value":"//*[@id=\"__box28\"]"}
COMMAND: POST /session/3d3f7fd824ffe76093792df5eba9e1c3/element/f.B31767EFF96F4B6690C27CBC6EB8D7D5.d.A2249517BD387C7F04E83220233D7146.e.3197/click - {}
RESULT: {}
COMMAND: GET /session/3d3f7fd824ffe76093792df5eba9e1c3/screenshot - {}
RESULT: {}
RESULT: undefined
COMMAND: POST /session/3d3f7fd824ffe76093792df5eba9e1c3/execute/async - {"script":"<script> [776 bytes]","args":[{"enterText":"1 - General / No capacity check","selector":{"id":"createOrganizationPop--binTypesCB","searchOpenDialogs":true,"interaction":{"idSuffix":"inner"}},"clearTextFirst":true,"interactionType":"ENTER_TEXT"}]}
RESULT: {"script":"<script> [776 bytes]","args":[{"enterText":"1 - General / No capacity check","selector":{"id":"createOrganizationPop--binTypesCB","searchOpenDialogs":true,"interaction":{"idSuffix":"inner"}},"clearTextFirst":true,"interactionType":"ENTER_TEXT"}]}
COMMAND: POST /session/3d3f7fd824ffe76093792df5eba9e1c3/execute/async - {"script":"<script> [1562 bytes]","args":[{"selector":{"id":"createOrganizationPop--capacityId","searchOpenDialogs":true,"interaction":{"idSuffix":"inner"}},"wdio_ui5_key":"createOrganizationPopcapacityId"}]}
RESULT: {"script":"<script> [1562 bytes]","args":[{"selector":{"id":"createOrganizationPop--capacityId","searchOpenDialogs":true,"interaction":{"idSuffix":"inner"}},"wdio_ui5_key":"createOrganizationPopcapacityId"}]}
RESULT: undefined
COMMAND: POST /session/3d3f7fd824ffe76093792df5eba9e1c3/actions - {"actions":[{"id":"action13","type":"key","parameters":{},"actions":[{"type":"keyDown","value":"î€‡"},{"type":"pause","duration":10},{"type":"keyUp","value":"î€‡"}]}]}
RESULT: {"actions":[{"id":"action13","type":"key","parameters":{},"actions":[{"type":"keyDown","value":"î€‡"},{"type":"pause","duration":10},{"type":"keyUp","value":"î€‡"}]}]}
COMMAND: GET /session/3d3f7fd824ffe76093792df5eba9e1c3/screenshot - {}
RESULT: {}
RESULT: undefined
COMMAND: POST /session/3d3f7fd824ffe76093792df5eba9e1c3/element - {"using":"xpath","value":"//*[@id=\"createOrganizationPop--finishBtn\"]"}
RESULT: {"using":"xpath","value":"//*[@id=\"createOrganizationPop--finishBtn\"]"}
COMMAND: POST /session/3d3f7fd824ffe76093792df5eba9e1c3/element/f.B31767EFF96F4B6690C27CBC6EB8D7D5.d.A2249517BD387C7F04E83220233D7146.e.3198/click - {}
RESULT: {}
COMMAND: GET /session/3d3f7fd824ffe76093792df5eba9e1c3/screenshot - {}
RESULT: {}
COMMAND: POST /session/3d3f7fd824ffe76093792df5eba9e1c3/element - {"using":"css selector","value":"#shell-header-logo"}
RESULT: {"using":"css selector","value":"#shell-header-logo"}
COMMAND: POST /session/3d3f7fd824ffe76093792df5eba9e1c3/element/f.B31767EFF96F4B6690C27CBC6EB8D7D5.d.A2249517BD387C7F04E83220233D7146.e.3109/click - {}
RESULT: {}
COMMAND: GET /session/3d3f7fd824ffe76093792df5eba9e1c3/screenshot - {}
RESULT: {}
]]></system-out>
    </testcase>
    <testcase classname="chrome.136_0_7103_49.windows.Stock_increase_-_with_WHM_US125587" name="Create a Warehouse Movement for created yard" time="44.793">
      <system-out><![CDATA[
COMMAND: POST /session/3d3f7fd824ffe76093792df5eba9e1c3/execute/async - {"script":"<script> [1562 bytes]","args":[{"selector":{"controlType":"sap.m.GenericTile","properties":{"header":"Manage Warehouse Movements"}},"wdio_ui5_key":"sapm.GenericTile{\"header\":\"Manage Warehouse Movements\"}"}]}
RESULT: {"script":"<script> [1562 bytes]","args":[{"selector":{"controlType":"sap.m.GenericTile","properties":{"header":"Manage Warehouse Movements"}},"wdio_ui5_key":"sapm.GenericTile{\"header\":\"Manage Warehouse Movements\"}"}]}
RESULT: undefined
COMMAND: POST /session/3d3f7fd824ffe76093792df5eba9e1c3/element - {"using":"xpath","value":"//*[@id=\"__tile105\"]"}
RESULT: {"using":"xpath","value":"//*[@id=\"__tile105\"]"}
COMMAND: POST /session/3d3f7fd824ffe76093792df5eba9e1c3/element/f.B31767EFF96F4B6690C27CBC6EB8D7D5.d.A2249517BD387C7F04E83220233D7146.e.3230/click - {}
RESULT: {}
COMMAND: POST /session/3d3f7fd824ffe76093792df5eba9e1c3/element - {"using":"xpath","value":"//input[@id='application-warehousemovements-display-component---warehouseMovements--smartFilterBar-filterItemControl_BASIC-YARD-inner']"}
COMMAND: GET /session/3d3f7fd824ffe76093792df5eba9e1c3/screenshot - {}
RESULT: {"using":"xpath","value":"//input[@id='application-warehousemovements-display-component---warehouseMovements--smartFilterBar-filterItemControl_BASIC-YARD-inner']"}
COMMAND: POST /session/3d3f7fd824ffe76093792df5eba9e1c3/elements - {"using":"xpath","value":"//input[@id='application-warehousemovements-display-component---warehouseMovements--smartFilterBar-filterItemControl_BASIC-YARD-inner']"}
RESULT: {}
RESULT: {"using":"xpath","value":"//input[@id='application-warehousemovements-display-component---warehouseMovements--smartFilterBar-filterItemControl_BASIC-YARD-inner']"}
COMMAND: POST /session/3d3f7fd824ffe76093792df5eba9e1c3/elements - {"using":"xpath","value":"//input[@id='application-warehousemovements-display-component---warehouseMovements--smartFilterBar-filterItemControl_BASIC-YARD-inner']"}
RESULT: {"using":"xpath","value":"//input[@id='application-warehousemovements-display-component---warehouseMovements--smartFilterBar-filterItemControl_BASIC-YARD-inner']"}
COMMAND: POST /session/3d3f7fd824ffe76093792df5eba9e1c3/elements - {"using":"xpath","value":"//input[@id='application-warehousemovements-display-component---warehouseMovements--smartFilterBar-filterItemControl_BASIC-YARD-inner']"}
RESULT: {"using":"xpath","value":"//input[@id='application-warehousemovements-display-component---warehouseMovements--smartFilterBar-filterItemControl_BASIC-YARD-inner']"}
COMMAND: POST /session/3d3f7fd824ffe76093792df5eba9e1c3/elements - {"using":"xpath","value":"//input[@id='application-warehousemovements-display-component---warehouseMovements--smartFilterBar-filterItemControl_BASIC-YARD-inner']"}
RESULT: {"using":"xpath","value":"//input[@id='application-warehousemovements-display-component---warehouseMovements--smartFilterBar-filterItemControl_BASIC-YARD-inner']"}
COMMAND: POST /session/3d3f7fd824ffe76093792df5eba9e1c3/elements - {"using":"xpath","value":"//input[@id='application-warehousemovements-display-component---warehouseMovements--smartFilterBar-filterItemControl_BASIC-YARD-inner']"}
RESULT: {"using":"xpath","value":"//input[@id='application-warehousemovements-display-component---warehouseMovements--smartFilterBar-filterItemControl_BASIC-YARD-inner']"}
COMMAND: POST /session/3d3f7fd824ffe76093792df5eba9e1c3/element - {"using":"xpath","value":"//input[@id='application-warehousemovements-display-component---warehouseMovements--smartFilterBar-filterItemControl_BASIC-YARD-inner']"}
RESULT: {"using":"xpath","value":"//input[@id='application-warehousemovements-display-component---warehouseMovements--smartFilterBar-filterItemControl_BASIC-YARD-inner']"}
COMMAND: POST /session/3d3f7fd824ffe76093792df5eba9e1c3/execute/sync - {"script":"<script> [8489 bytes]","args":[{"element-6066-11e4-a52e-4f735466cecf":"f.B31767EFF96F4B6690C27CBC6EB8D7D5.d.A2249517BD387C7F04E83220233D7146.e.3253","ELEMENT":"f.B31767EFF96F4B6690C27CBC6EB8D7D5.d.A2249517BD387C7F04E83220233D7146.e.3253"}]}
RESULT: {"script":"<script> [8489 bytes]","args":[{"element-6066-11e4-a52e-4f735466cecf":"f.B31767EFF96F4B6690C27CBC6EB8D7D5.d.A2249517BD387C7F04E83220233D7146.e.3253","ELEMENT":"f.B31767EFF96F4B6690C27CBC6EB8D7D5.d.A2249517BD387C7F04E83220233D7146.e.3253"}]}
COMMAND: GET /session/3d3f7fd824ffe76093792df5eba9e1c3/element/f.B31767EFF96F4B6690C27CBC6EB8D7D5.d.A2249517BD387C7F04E83220233D7146.e.3253/enabled - {}
COMMAND: GET /session/3d3f7fd824ffe76093792df5eba9e1c3/screenshot - {}
RESULT: {}
COMMAND: POST /session/3d3f7fd824ffe76093792df5eba9e1c3/execute/sync - {"script":"<script> [8489 bytes]","args":[{"element-6066-11e4-a52e-4f735466cecf":"f.B31767EFF96F4B6690C27CBC6EB8D7D5.d.A2249517BD387C7F04E83220233D7146.e.3253","ELEMENT":"f.B31767EFF96F4B6690C27CBC6EB8D7D5.d.A2249517BD387C7F04E83220233D7146.e.3253"}]}
COMMAND: GET /session/3d3f7fd824ffe76093792df5eba9e1c3/screenshot - {}
RESULT: {}
RESULT: {"script":"<script> [8489 bytes]","args":[{"element-6066-11e4-a52e-4f735466cecf":"f.B31767EFF96F4B6690C27CBC6EB8D7D5.d.A2249517BD387C7F04E83220233D7146.e.3253","ELEMENT":"f.B31767EFF96F4B6690C27CBC6EB8D7D5.d.A2249517BD387C7F04E83220233D7146.e.3253"}]}
COMMAND: POST /session/3d3f7fd824ffe76093792df5eba9e1c3/execute/sync - {"script":"<script> [5351 bytes]","args":[{"element-6066-11e4-a52e-4f735466cecf":"f.B31767EFF96F4B6690C27CBC6EB8D7D5.d.A2249517BD387C7F04E83220233D7146.e.3253","ELEMENT":"f.B31767EFF96F4B6690C27CBC6EB8D7D5.d.A2249517BD387C7F04E83220233D7146.e.3253"}]}
COMMAND: GET /session/3d3f7fd824ffe76093792df5eba9e1c3/screenshot - {}
RESULT: {}
RESULT: {"script":"<script> [5351 bytes]","args":[{"element-6066-11e4-a52e-4f735466cecf":"f.B31767EFF96F4B6690C27CBC6EB8D7D5.d.A2249517BD387C7F04E83220233D7146.e.3253","ELEMENT":"f.B31767EFF96F4B6690C27CBC6EB8D7D5.d.A2249517BD387C7F04E83220233D7146.e.3253"}]}
COMMAND: GET /session/3d3f7fd824ffe76093792df5eba9e1c3/screenshot - {}
RESULT: {}
RESULT: {}
COMMAND: POST /session/3d3f7fd824ffe76093792df5eba9e1c3/element/f.B31767EFF96F4B6690C27CBC6EB8D7D5.d.A2249517BD387C7F04E83220233D7146.e.3253/clear - {}
RESULT: {}
COMMAND: POST /session/3d3f7fd824ffe76093792df5eba9e1c3/element/f.B31767EFF96F4B6690C27CBC6EB8D7D5.d.A2249517BD387C7F04E83220233D7146.e.3253/value - {"text":"266"}
COMMAND: GET /session/3d3f7fd824ffe76093792df5eba9e1c3/screenshot - {}
RESULT: {"text":"266"}
COMMAND: POST /session/3d3f7fd824ffe76093792df5eba9e1c3/actions - {"actions":[{"id":"action14","type":"key","parameters":{},"actions":[{"type":"keyDown","value":"î€‡"},{"type":"pause","duration":10},{"type":"keyUp","value":"î€‡"}]}]}
COMMAND: GET /session/3d3f7fd824ffe76093792df5eba9e1c3/screenshot - {}
RESULT: {}
RESULT: {"actions":[{"id":"action14","type":"key","parameters":{},"actions":[{"type":"keyDown","value":"î€‡"},{"type":"pause","duration":10},{"type":"keyUp","value":"î€‡"}]}]}
COMMAND: GET /session/3d3f7fd824ffe76093792df5eba9e1c3/screenshot - {}
RESULT: {}
RESULT: {}
COMMAND: POST /session/3d3f7fd824ffe76093792df5eba9e1c3/element - {"using":"xpath","value":"//button[contains(@data-kt, \"MasterMovementAddOverflowToolbarButton\")]"}
RESULT: {"using":"xpath","value":"//button[contains(@data-kt, \"MasterMovementAddOverflowToolbarButton\")]"}
COMMAND: POST /session/3d3f7fd824ffe76093792df5eba9e1c3/element/f.B31767EFF96F4B6690C27CBC6EB8D7D5.d.A2249517BD387C7F04E83220233D7146.e.3283/click - {}
RESULT: {}
COMMAND: GET /session/3d3f7fd824ffe76093792df5eba9e1c3/screenshot - {}
RESULT: {}
COMMAND: POST /session/3d3f7fd824ffe76093792df5eba9e1c3/element - {"using":"xpath","value":"//*[@id=\"application-warehousemovements-display-component---addMovement--sectionsList-arrow\"]"}
RESULT: {"using":"xpath","value":"//*[@id=\"application-warehousemovements-display-component---addMovement--sectionsList-arrow\"]"}
COMMAND: POST /session/3d3f7fd824ffe76093792df5eba9e1c3/element/f.B31767EFF96F4B6690C27CBC6EB8D7D5.d.A2249517BD387C7F04E83220233D7146.e.3553/click - {}
RESULT: {}
COMMAND: POST /session/3d3f7fd824ffe76093792df5eba9e1c3/actions - {"actions":[{"id":"action15","type":"key","parameters":{},"actions":[{"type":"keyDown","value":"î€•"},{"type":"pause","duration":10},{"type":"keyUp","value":"î€•"}]}]}
COMMAND: GET /session/3d3f7fd824ffe76093792df5eba9e1c3/screenshot - {}
RESULT: {"actions":[{"id":"action15","type":"key","parameters":{},"actions":[{"type":"keyDown","value":"î€•"},{"type":"pause","duration":10},{"type":"keyUp","value":"î€•"}]}]}
COMMAND: GET /session/3d3f7fd824ffe76093792df5eba9e1c3/screenshot - {}
RESULT: {}
RESULT: {}
COMMAND: POST /session/3d3f7fd824ffe76093792df5eba9e1c3/actions - {"actions":[{"id":"action16","type":"key","parameters":{},"actions":[{"type":"keyDown","value":"î€‡"},{"type":"pause","duration":10},{"type":"keyUp","value":"î€‡"}]}]}
RESULT: {"actions":[{"id":"action16","type":"key","parameters":{},"actions":[{"type":"keyDown","value":"î€‡"},{"type":"pause","duration":10},{"type":"keyUp","value":"î€‡"}]}]}
COMMAND: GET /session/3d3f7fd824ffe76093792df5eba9e1c3/screenshot - {}
RESULT: {}
COMMAND: POST /session/3d3f7fd824ffe76093792df5eba9e1c3/element - {"using":"xpath","value":"//*[@id=\"application-warehousemovements-display-component---addMovement--saveMovementBtn-BDI-content\" and text()=\"Save\"]"}
RESULT: {"using":"xpath","value":"//*[@id=\"application-warehousemovements-display-component---addMovement--saveMovementBtn-BDI-content\" and text()=\"Save\"]"}
COMMAND: POST /session/3d3f7fd824ffe76093792df5eba9e1c3/element/f.B31767EFF96F4B6690C27CBC6EB8D7D5.d.A2249517BD387C7F04E83220233D7146.e.3554/click - {}
RESULT: {}
COMMAND: GET /session/3d3f7fd824ffe76093792df5eba9e1c3/screenshot - {}
RESULT: {}
COMMAND: POST /session/3d3f7fd824ffe76093792df5eba9e1c3/element - {"using":"css selector","value":"#shell-header-logo"}
RESULT: {"using":"css selector","value":"#shell-header-logo"}
COMMAND: POST /session/3d3f7fd824ffe76093792df5eba9e1c3/element/f.B31767EFF96F4B6690C27CBC6EB8D7D5.d.A2249517BD387C7F04E83220233D7146.e.3233/click - {}
RESULT: {}
COMMAND: GET /session/3d3f7fd824ffe76093792df5eba9e1c3/screenshot - {}
RESULT: {}
]]></system-out>
    </testcase>
  </testsuite>
  <testsuite timestamp="2025-05-13T16:29:54" time="127.954" tests="6" failures="0" errors="0" skipped="0">
    <properties>
      <property name="specId" value="0" />
      <property name="suiteName" value="Provide to Site w/ warehouse management w/ clarification US115878" />
      <property name="capabilities" value="chrome.136_0_7103_49.windows" />
      <property name="file" value="file:///D:/a/1/s/test/specs/HTR/provide-to-site-w-warehouse-w-clarification.spec.js" />
    </properties>
    <testcase classname="chrome.136_0_7103_49.windows.Provide_to_Site_w/_warehouse_management_w/_clarification_US115878" name="Should create a new WHM yard" time="0.028">
      <system-out><![CDATA[
COMMAND: POST /session/3d3f7fd824ffe76093792df5eba9e1c3/window/fullscreen - {}
RESULT: {}
]]></system-out>
    </testcase>
    <testcase classname="chrome.136_0_7103_49.windows.Provide_to_Site_w/_warehouse_management_w/_clarification_US115878" name="Should create a new external WHM partner" time="0.004" />
    <testcase classname="chrome.136_0_7103_49.windows.Provide_to_Site_w/_warehouse_management_w/_clarification_US115878" name="Should create a new WHM site" time="0.003" />
    <testcase classname="chrome.136_0_7103_49.windows.Provide_to_Site_w/_warehouse_management_w/_clarification_US115878" name="Should create a new material" time="114.37">
      <system-out><![CDATA[
COMMAND: POST /session/3d3f7fd824ffe76093792df5eba9e1c3/execute/async - {"script":"<script> [1562 bytes]","args":[{"selector":{"controlType":"sap.m.GenericTile","properties":{"header":"Manage Resources"}},"wdio_ui5_key":"sapm.GenericTile{\"header\":\"Manage Resources\"}"}]}
RESULT: {"script":"<script> [1562 bytes]","args":[{"selector":{"controlType":"sap.m.GenericTile","properties":{"header":"Manage Resources"}},"wdio_ui5_key":"sapm.GenericTile{\"header\":\"Manage Resources\"}"}]}
RESULT: undefined
COMMAND: POST /session/3d3f7fd824ffe76093792df5eba9e1c3/element - {"using":"xpath","value":"//*[@id=\"__tile31\"]"}
RESULT: {"using":"xpath","value":"//*[@id=\"__tile31\"]"}
COMMAND: POST /session/3d3f7fd824ffe76093792df5eba9e1c3/element/f.B31767EFF96F4B6690C27CBC6EB8D7D5.d.BB34D29887A6314DAD6F20F4D81D1919.e.4246/click - {}
RESULT: {}
COMMAND: POST /session/3d3f7fd824ffe76093792df5eba9e1c3/element - {"using":"xpath","value":"//button[@data-kt=\"addNewRUOverflowToolbarButton\"]"}
COMMAND: GET /session/3d3f7fd824ffe76093792df5eba9e1c3/screenshot - {}
RESULT: {"using":"xpath","value":"//button[@data-kt=\"addNewRUOverflowToolbarButton\"]"}
COMMAND: POST /session/3d3f7fd824ffe76093792df5eba9e1c3/elements - {"using":"xpath","value":"//button[@data-kt=\"addNewRUOverflowToolbarButton\"]"}
RESULT: {}
RESULT: {"using":"xpath","value":"//button[@data-kt=\"addNewRUOverflowToolbarButton\"]"}
COMMAND: POST /session/3d3f7fd824ffe76093792df5eba9e1c3/elements - {"using":"xpath","value":"//button[@data-kt=\"addNewRUOverflowToolbarButton\"]"}
RESULT: {"using":"xpath","value":"//button[@data-kt=\"addNewRUOverflowToolbarButton\"]"}
COMMAND: POST /session/3d3f7fd824ffe76093792df5eba9e1c3/elements - {"using":"xpath","value":"//button[@data-kt=\"addNewRUOverflowToolbarButton\"]"}
RESULT: {"using":"xpath","value":"//button[@data-kt=\"addNewRUOverflowToolbarButton\"]"}
COMMAND: POST /session/3d3f7fd824ffe76093792df5eba9e1c3/elements - {"using":"xpath","value":"//button[@data-kt=\"addNewRUOverflowToolbarButton\"]"}
RESULT: {"using":"xpath","value":"//button[@data-kt=\"addNewRUOverflowToolbarButton\"]"}
COMMAND: POST /session/3d3f7fd824ffe76093792df5eba9e1c3/elements - {"using":"xpath","value":"//button[@data-kt=\"addNewRUOverflowToolbarButton\"]"}
RESULT: {"using":"xpath","value":"//button[@data-kt=\"addNewRUOverflowToolbarButton\"]"}
COMMAND: POST /session/3d3f7fd824ffe76093792df5eba9e1c3/element - {"using":"xpath","value":"//button[@data-kt=\"addNewRUOverflowToolbarButton\"]"}
RESULT: {"using":"xpath","value":"//button[@data-kt=\"addNewRUOverflowToolbarButton\"]"}
COMMAND: POST /session/3d3f7fd824ffe76093792df5eba9e1c3/execute/sync - {"script":"<script> [8489 bytes]","args":[{"element-6066-11e4-a52e-4f735466cecf":"f.B31767EFF96F4B6690C27CBC6EB8D7D5.d.BB34D29887A6314DAD6F20F4D81D1919.e.4375","ELEMENT":"f.B31767EFF96F4B6690C27CBC6EB8D7D5.d.BB34D29887A6314DAD6F20F4D81D1919.e.4375"}]}
RESULT: {"script":"<script> [8489 bytes]","args":[{"element-6066-11e4-a52e-4f735466cecf":"f.B31767EFF96F4B6690C27CBC6EB8D7D5.d.BB34D29887A6314DAD6F20F4D81D1919.e.4375","ELEMENT":"f.B31767EFF96F4B6690C27CBC6EB8D7D5.d.BB34D29887A6314DAD6F20F4D81D1919.e.4375"}]}
COMMAND: GET /session/3d3f7fd824ffe76093792df5eba9e1c3/element/f.B31767EFF96F4B6690C27CBC6EB8D7D5.d.BB34D29887A6314DAD6F20F4D81D1919.e.4375/enabled - {}
COMMAND: GET /session/3d3f7fd824ffe76093792df5eba9e1c3/screenshot - {}
RESULT: {}
COMMAND: POST /session/3d3f7fd824ffe76093792df5eba9e1c3/execute/sync - {"script":"<script> [8489 bytes]","args":[{"element-6066-11e4-a52e-4f735466cecf":"f.B31767EFF96F4B6690C27CBC6EB8D7D5.d.BB34D29887A6314DAD6F20F4D81D1919.e.4375","ELEMENT":"f.B31767EFF96F4B6690C27CBC6EB8D7D5.d.BB34D29887A6314DAD6F20F4D81D1919.e.4375"}]}
COMMAND: GET /session/3d3f7fd824ffe76093792df5eba9e1c3/screenshot - {}
RESULT: {}
RESULT: {"script":"<script> [8489 bytes]","args":[{"element-6066-11e4-a52e-4f735466cecf":"f.B31767EFF96F4B6690C27CBC6EB8D7D5.d.BB34D29887A6314DAD6F20F4D81D1919.e.4375","ELEMENT":"f.B31767EFF96F4B6690C27CBC6EB8D7D5.d.BB34D29887A6314DAD6F20F4D81D1919.e.4375"}]}
COMMAND: POST /session/3d3f7fd824ffe76093792df5eba9e1c3/execute/sync - {"script":"<script> [5351 bytes]","args":[{"element-6066-11e4-a52e-4f735466cecf":"f.B31767EFF96F4B6690C27CBC6EB8D7D5.d.BB34D29887A6314DAD6F20F4D81D1919.e.4375","ELEMENT":"f.B31767EFF96F4B6690C27CBC6EB8D7D5.d.BB34D29887A6314DAD6F20F4D81D1919.e.4375"}]}
COMMAND: GET /session/3d3f7fd824ffe76093792df5eba9e1c3/screenshot - {}
RESULT: {}
RESULT: {"script":"<script> [5351 bytes]","args":[{"element-6066-11e4-a52e-4f735466cecf":"f.B31767EFF96F4B6690C27CBC6EB8D7D5.d.BB34D29887A6314DAD6F20F4D81D1919.e.4375","ELEMENT":"f.B31767EFF96F4B6690C27CBC6EB8D7D5.d.BB34D29887A6314DAD6F20F4D81D1919.e.4375"}]}
COMMAND: POST /session/3d3f7fd824ffe76093792df5eba9e1c3/element/f.B31767EFF96F4B6690C27CBC6EB8D7D5.d.BB34D29887A6314DAD6F20F4D81D1919.e.4375/click - {}
COMMAND: GET /session/3d3f7fd824ffe76093792df5eba9e1c3/screenshot - {}
RESULT: {}
RESULT: {}
COMMAND: GET /session/3d3f7fd824ffe76093792df5eba9e1c3/screenshot - {}
RESULT: {}
RESULT: {}
COMMAND: POST /session/3d3f7fd824ffe76093792df5eba9e1c3/execute/async - {"script":"<script> [1562 bytes]","args":[{"selector":{"id":"application-manageresources-display-component---newResourceUnit--TYPE-arrow"},"wdio_ui5_key":"applicationmanageresources-display-component---newResourceUnit--TYPE-arrow"}]}
RESULT: {"script":"<script> [1562 bytes]","args":[{"selector":{"id":"application-manageresources-display-component---newResourceUnit--TYPE-arrow"},"wdio_ui5_key":"applicationmanageresources-display-component---newResourceUnit--TYPE-arrow"}]}
RESULT: undefined
COMMAND: POST /session/3d3f7fd824ffe76093792df5eba9e1c3/element - {"using":"xpath","value":"//*[@id=\"application-manageresources-display-component---newResourceUnit--TYPE-arrow\"]"}
RESULT: {"using":"xpath","value":"//*[@id=\"application-manageresources-display-component---newResourceUnit--TYPE-arrow\"]"}
COMMAND: POST /session/3d3f7fd824ffe76093792df5eba9e1c3/element/f.B31767EFF96F4B6690C27CBC6EB8D7D5.d.BB34D29887A6314DAD6F20F4D81D1919.e.4733/click - {}
RESULT: {}
COMMAND: POST /session/3d3f7fd824ffe76093792df5eba9e1c3/element - {"using":"xpath","value":"//input[@id=\"application-manageresources-display-component---newResourceUnit--TYPE-inner\"]"}
COMMAND: GET /session/3d3f7fd824ffe76093792df5eba9e1c3/screenshot - {}
RESULT: {"using":"xpath","value":"//input[@id=\"application-manageresources-display-component---newResourceUnit--TYPE-inner\"]"}
COMMAND: POST /session/3d3f7fd824ffe76093792df5eba9e1c3/element/f.B31767EFF96F4B6690C27CBC6EB8D7D5.d.BB34D29887A6314DAD6F20F4D81D1919.e.4727/clear - {}
RESULT: {}
RESULT: {}
COMMAND: POST /session/3d3f7fd824ffe76093792df5eba9e1c3/element/f.B31767EFF96F4B6690C27CBC6EB8D7D5.d.BB34D29887A6314DAD6F20F4D81D1919.e.4727/value - {"text":"Material"}
COMMAND: GET /session/3d3f7fd824ffe76093792df5eba9e1c3/screenshot - {}
RESULT: {"text":"Material"}
COMMAND: GET /session/3d3f7fd824ffe76093792df5eba9e1c3/screenshot - {}
RESULT: {}
RESULT: {}
COMMAND: POST /session/3d3f7fd824ffe76093792df5eba9e1c3/actions - {"actions":[{"id":"action18","type":"key","parameters":{},"actions":[{"type":"keyDown","value":"î€‡"},{"type":"pause","duration":10},{"type":"keyUp","value":"î€‡"}]}]}
RESULT: {"actions":[{"id":"action18","type":"key","parameters":{},"actions":[{"type":"keyDown","value":"î€‡"},{"type":"pause","duration":10},{"type":"keyUp","value":"î€‡"}]}]}
COMMAND: POST /session/3d3f7fd824ffe76093792df5eba9e1c3/execute/async - {"script":"<script> [1562 bytes]","args":[{"selector":{"id":"application-manageresources-display-component---newResourceUnit--SHORT_TEXT","interaction":{"idSuffix":"inner"}},"wdio_ui5_key":"applicationmanageresources-display-component---newResourceUnit--SHORT_TEXT"}]}
COMMAND: GET /session/3d3f7fd824ffe76093792df5eba9e1c3/screenshot - {}
RESULT: {"script":"<script> [1562 bytes]","args":[{"selector":{"id":"application-manageresources-display-component---newResourceUnit--SHORT_TEXT","interaction":{"idSuffix":"inner"}},"wdio_ui5_key":"applicationmanageresources-display-component---newResourceUnit--SHORT_TEXT"}]}
RESULT: undefined
COMMAND: POST /session/3d3f7fd824ffe76093792df5eba9e1c3/execute/async - {"script":"<script> [776 bytes]","args":[{"enterText":"Cement WDIO","selector":{"id":"application-manageresources-display-component---newResourceUnit--SHORT_TEXT","interaction":{"idSuffix":"inner"}},"clearTextFirst":true,"interactionType":"ENTER_TEXT"}]}
RESULT: {}
RESULT: {"script":"<script> [776 bytes]","args":[{"enterText":"Cement WDIO","selector":{"id":"application-manageresources-display-component---newResourceUnit--SHORT_TEXT","interaction":{"idSuffix":"inner"}},"clearTextFirst":true,"interactionType":"ENTER_TEXT"}]}
COMMAND: POST /session/3d3f7fd824ffe76093792df5eba9e1c3/execute/async - {"script":"<script> [1562 bytes]","args":[{"selector":{"id":"application-manageresources-display-component---newResourceUnit--BASE_UNIT_OF_MEASURE","interaction":{"idSuffix":"inner"}},"wdio_ui5_key":"applicationmanageresources-display-component---newResourceUnit--BASE_UNIT_OF_MEASURE"}]}
RESULT: {"script":"<script> [1562 bytes]","args":[{"selector":{"id":"application-manageresources-display-component---newResourceUnit--BASE_UNIT_OF_MEASURE","interaction":{"idSuffix":"inner"}},"wdio_ui5_key":"applicationmanageresources-display-component---newResourceUnit--BASE_UNIT_OF_MEASURE"}]}
RESULT: undefined
COMMAND: POST /session/3d3f7fd824ffe76093792df5eba9e1c3/execute/async - {"script":"<script> [776 bytes]","args":[{"enterText":"Piece","selector":{"id":"application-manageresources-display-component---newResourceUnit--BASE_UNIT_OF_MEASURE","interaction":{"idSuffix":"inner"}},"clearTextFirst":true,"interactionType":"ENTER_TEXT"}]}
RESULT: {"script":"<script> [776 bytes]","args":[{"enterText":"Piece","selector":{"id":"application-manageresources-display-component---newResourceUnit--BASE_UNIT_OF_MEASURE","interaction":{"idSuffix":"inner"}},"clearTextFirst":true,"interactionType":"ENTER_TEXT"}]}
COMMAND: POST /session/3d3f7fd824ffe76093792df5eba9e1c3/execute/async - {"script":"<script> [1562 bytes]","args":[{"selector":{"id":"application-manageresources-display-component---newResourceUnit--WEIGHT_UNIT","interaction":{"idSuffix":"inner"}},"wdio_ui5_key":"applicationmanageresources-display-component---newResourceUnit--WEIGHT_UNIT"}]}
RESULT: {"script":"<script> [1562 bytes]","args":[{"selector":{"id":"application-manageresources-display-component---newResourceUnit--WEIGHT_UNIT","interaction":{"idSuffix":"inner"}},"wdio_ui5_key":"applicationmanageresources-display-component---newResourceUnit--WEIGHT_UNIT"}]}
RESULT: undefined
COMMAND: POST /session/3d3f7fd824ffe76093792df5eba9e1c3/execute/async - {"script":"<script> [776 bytes]","args":[{"enterText":"Gram","selector":{"id":"application-manageresources-display-component---newResourceUnit--WEIGHT_UNIT","interaction":{"idSuffix":"inner"}},"clearTextFirst":true,"interactionType":"ENTER_TEXT"}]}
RESULT: {"script":"<script> [776 bytes]","args":[{"enterText":"Gram","selector":{"id":"application-manageresources-display-component---newResourceUnit--WEIGHT_UNIT","interaction":{"idSuffix":"inner"}},"clearTextFirst":true,"interactionType":"ENTER_TEXT"}]}
COMMAND: POST /session/3d3f7fd824ffe76093792df5eba9e1c3/execute/async - {"script":"<script> [1562 bytes]","args":[{"selector":{"id":"application-manageresources-display-component---newResourceUnit--DIMENSION_UNIT","interaction":{"idSuffix":"inner"}},"wdio_ui5_key":"applicationmanageresources-display-component---newResourceUnit--DIMENSION_UNIT"}]}
RESULT: {"script":"<script> [1562 bytes]","args":[{"selector":{"id":"application-manageresources-display-component---newResourceUnit--DIMENSION_UNIT","interaction":{"idSuffix":"inner"}},"wdio_ui5_key":"applicationmanageresources-display-component---newResourceUnit--DIMENSION_UNIT"}]}
RESULT: undefined
COMMAND: POST /session/3d3f7fd824ffe76093792df5eba9e1c3/execute/async - {"script":"<script> [776 bytes]","args":[{"enterText":"Meter","selector":{"id":"application-manageresources-display-component---newResourceUnit--DIMENSION_UNIT","interaction":{"idSuffix":"inner"}},"clearTextFirst":true,"interactionType":"ENTER_TEXT"}]}
RESULT: {"script":"<script> [776 bytes]","args":[{"enterText":"Meter","selector":{"id":"application-manageresources-display-component---newResourceUnit--DIMENSION_UNIT","interaction":{"idSuffix":"inner"}},"clearTextFirst":true,"interactionType":"ENTER_TEXT"}]}
COMMAND: POST /session/3d3f7fd824ffe76093792df5eba9e1c3/execute/async - {"script":"<script> [1562 bytes]","args":[{"selector":{"id":"application-manageresources-display-component---newResourceUnit--newRRUPage-anchBar-application-manageresources-display-component---newResourceUnit--control-anchor","interaction":{"idSuffix":"BDI-content"}},"wdio_ui5_key":"applicationmanageresources-display-component---newResourceUnit--newRRUPage-anchBar-application-manageresources-display-component---newResourceUnit--control-anchor"}]}
RESULT: {"script":"<script> [1562 bytes]","args":[{"selector":{"id":"application-manageresources-display-component---newResourceUnit--newRRUPage-anchBar-application-manageresources-display-component---newResourceUnit--control-anchor","interaction":{"idSuffix":"BDI-content"}},"wdio_ui5_key":"applicationmanageresources-display-component---newResourceUnit--newRRUPage-anchBar-application-manageresources-display-component---newResourceUnit--control-anchor"}]}
RESULT: undefined
COMMAND: POST /session/3d3f7fd824ffe76093792df5eba9e1c3/element - {"using":"xpath","value":"//*[@id=\"application-manageresources-display-component---newResourceUnit--newRRUPage-anchBar-application-manageresources-display-component---newResourceUnit--control-anchor\"]"}
RESULT: {"using":"xpath","value":"//*[@id=\"application-manageresources-display-component---newResourceUnit--newRRUPage-anchBar-application-manageresources-display-component---newResourceUnit--control-anchor\"]"}
COMMAND: POST /session/3d3f7fd824ffe76093792df5eba9e1c3/element/f.B31767EFF96F4B6690C27CBC6EB8D7D5.d.BB34D29887A6314DAD6F20F4D81D1919.e.4799/click - {}
RESULT: {}
COMMAND: POST /session/3d3f7fd824ffe76093792df5eba9e1c3/execute/async - {"script":"<script> [1562 bytes]","args":[{"selector":{"id":"application-manageresources-display-component---newResourceUnit--PLANNING_GROUP","interaction":{"idSuffix":"inner"}},"wdio_ui5_key":"applicationmanageresources-display-component---newResourceUnit--PLANNING_GROUP"}]}
COMMAND: GET /session/3d3f7fd824ffe76093792df5eba9e1c3/screenshot - {}
RESULT: {"script":"<script> [1562 bytes]","args":[{"selector":{"id":"application-manageresources-display-component---newResourceUnit--PLANNING_GROUP","interaction":{"idSuffix":"inner"}},"wdio_ui5_key":"applicationmanageresources-display-component---newResourceUnit--PLANNING_GROUP"}]}
RESULT: undefined
COMMAND: POST /session/3d3f7fd824ffe76093792df5eba9e1c3/execute/async - {"script":"<script> [776 bytes]","args":[{"enterText":"Material","selector":{"id":"application-manageresources-display-component---newResourceUnit--PLANNING_GROUP","interaction":{"idSuffix":"inner"}},"clearTextFirst":true,"interactionType":"ENTER_TEXT"}]}
RESULT: {}
RESULT: {"script":"<script> [776 bytes]","args":[{"enterText":"Material","selector":{"id":"application-manageresources-display-component---newResourceUnit--PLANNING_GROUP","interaction":{"idSuffix":"inner"}},"clearTextFirst":true,"interactionType":"ENTER_TEXT"}]}
COMMAND: POST /session/3d3f7fd824ffe76093792df5eba9e1c3/execute/async - {"script":"<script> [1562 bytes]","args":[{"selector":{"id":"application-manageresources-display-component---newResourceUnit--PLANNING_INDICATOR","interaction":{"idSuffix":"inner"}},"wdio_ui5_key":"applicationmanageresources-display-component---newResourceUnit--PLANNING_INDICATOR"}]}
RESULT: {"script":"<script> [1562 bytes]","args":[{"selector":{"id":"application-manageresources-display-component---newResourceUnit--PLANNING_INDICATOR","interaction":{"idSuffix":"inner"}},"wdio_ui5_key":"applicationmanageresources-display-component---newResourceUnit--PLANNING_INDICATOR"}]}
RESULT: undefined
COMMAND: POST /session/3d3f7fd824ffe76093792df5eba9e1c3/execute/async - {"script":"<script> [776 bytes]","args":[{"enterText":"10 - infinite","selector":{"id":"application-manageresources-display-component---newResourceUnit--PLANNING_INDICATOR","interaction":{"idSuffix":"inner"}},"clearTextFirst":true,"interactionType":"ENTER_TEXT"}]}
RESULT: {"script":"<script> [776 bytes]","args":[{"enterText":"10 - infinite","selector":{"id":"application-manageresources-display-component---newResourceUnit--PLANNING_INDICATOR","interaction":{"idSuffix":"inner"}},"clearTextFirst":true,"interactionType":"ENTER_TEXT"}]}
COMMAND: POST /session/3d3f7fd824ffe76093792df5eba9e1c3/element - {"using":"css selector","value":"#application-manageresources-display-component---newResourceUnit--btnAddTimeSegment"}
RESULT: {"using":"css selector","value":"#application-manageresources-display-component---newResourceUnit--btnAddTimeSegment"}
COMMAND: GET /session/3d3f7fd824ffe76093792df5eba9e1c3/element/f.B31767EFF96F4B6690C27CBC6EB8D7D5.d.BB34D29887A6314DAD6F20F4D81D1919.e.4809/rect - {}
RESULT: {}
COMMAND: GET /session/3d3f7fd824ffe76093792df5eba9e1c3/window/rect - {}
RESULT: {}
COMMAND: POST /session/3d3f7fd824ffe76093792df5eba9e1c3/execute/sync - {"script":"<script> [92 bytes]","args":[]}
RESULT: {"script":"<script> [92 bytes]","args":[]}
COMMAND: POST /session/3d3f7fd824ffe76093792df5eba9e1c3/actions - {"actions":[{"id":"action19","type":"wheel","parameters":{},"actions":[{"type":"scroll","x":-1888,"y":-32,"deltaX":0,"deltaY":0,"duration":0,"origin":{"element-6066-11e4-a52e-4f735466cecf":"f.B31767EFF96F4B6690C27CBC6EB8D7D5.d.BB34D29887A6314DAD6F20F4D81D1919.e.4809"}}]}]}
COMMAND: GET /session/3d3f7fd824ffe76093792df5eba9e1c3/screenshot - {}
RESULT: {}
COMMAND: POST /session/3d3f7fd824ffe76093792df5eba9e1c3/execute/sync - {"script":"<script> [79 bytes]","args":[{"element-6066-11e4-a52e-4f735466cecf":"f.B31767EFF96F4B6690C27CBC6EB8D7D5.d.BB34D29887A6314DAD6F20F4D81D1919.e.4809","ELEMENT":"f.B31767EFF96F4B6690C27CBC6EB8D7D5.d.BB34D29887A6314DAD6F20F4D81D1919.e.4809"},{"block":"start","inline":"nearest"}]}
RESULT: {"script":"<script> [79 bytes]","args":[{"element-6066-11e4-a52e-4f735466cecf":"f.B31767EFF96F4B6690C27CBC6EB8D7D5.d.BB34D29887A6314DAD6F20F4D81D1919.e.4809","ELEMENT":"f.B31767EFF96F4B6690C27CBC6EB8D7D5.d.BB34D29887A6314DAD6F20F4D81D1919.e.4809"},{"block":"start","inline":"nearest"}]}
COMMAND: POST /session/3d3f7fd824ffe76093792df5eba9e1c3/execute/async - {"script":"<script> [1562 bytes]","args":[{"selector":{"id":"application-manageresources-display-component---newResourceUnit--btnAddTimeSegment","interaction":{"idSuffix":"inner"}},"wdio_ui5_key":"applicationmanageresources-display-component---newResourceUnit--btnAddTimeSegment"}]}
COMMAND: GET /session/3d3f7fd824ffe76093792df5eba9e1c3/screenshot - {}
RESULT: {"script":"<script> [1562 bytes]","args":[{"selector":{"id":"application-manageresources-display-component---newResourceUnit--btnAddTimeSegment","interaction":{"idSuffix":"inner"}},"wdio_ui5_key":"applicationmanageresources-display-component---newResourceUnit--btnAddTimeSegment"}]}
RESULT: undefined
COMMAND: POST /session/3d3f7fd824ffe76093792df5eba9e1c3/element - {"using":"xpath","value":"//*[@id=\"application-manageresources-display-component---newResourceUnit--btnAddTimeSegment\"]"}
RESULT: {}
RESULT: {"using":"xpath","value":"//*[@id=\"application-manageresources-display-component---newResourceUnit--btnAddTimeSegment\"]"}
COMMAND: POST /session/3d3f7fd824ffe76093792df5eba9e1c3/element/f.B31767EFF96F4B6690C27CBC6EB8D7D5.d.BB34D29887A6314DAD6F20F4D81D1919.e.4809/click - {}
RESULT: {}
COMMAND: GET /session/3d3f7fd824ffe76093792df5eba9e1c3/screenshot - {}
RESULT: {}
COMMAND: POST /session/3d3f7fd824ffe76093792df5eba9e1c3/element - {"using":"xpath","value":"//input[@id=\"application-manageresources-display-component---newResourceUnit--idRuTSAdmin-application-manageresources-display-component---newResourceUnit--RUTimeSegment-0-inner\"]"}
RESULT: {"using":"xpath","value":"//input[@id=\"application-manageresources-display-component---newResourceUnit--idRuTSAdmin-application-manageresources-display-component---newResourceUnit--RUTimeSegment-0-inner\"]"}
COMMAND: POST /session/3d3f7fd824ffe76093792df5eba9e1c3/element/f.B31767EFF96F4B6690C27CBC6EB8D7D5.d.BB34D29887A6314DAD6F20F4D81D1919.e.4814/clear - {}
RESULT: {}
COMMAND: POST /session/3d3f7fd824ffe76093792df5eba9e1c3/element/f.B31767EFF96F4B6690C27CBC6EB8D7D5.d.BB34D29887A6314DAD6F20F4D81D1919.e.4814/value - {"text":"266"}
COMMAND: GET /session/3d3f7fd824ffe76093792df5eba9e1c3/screenshot - {}
RESULT: {"text":"266"}
COMMAND: GET /session/3d3f7fd824ffe76093792df5eba9e1c3/screenshot - {}
RESULT: {}
RESULT: {}
COMMAND: POST /session/3d3f7fd824ffe76093792df5eba9e1c3/element - {"using":"xpath","value":"//li[.//span[text()='266']]"}
RESULT: {"using":"xpath","value":"//li[.//span[text()='266']]"}
COMMAND: POST /session/3d3f7fd824ffe76093792df5eba9e1c3/element/f.B31767EFF96F4B6690C27CBC6EB8D7D5.d.BB34D29887A6314DAD6F20F4D81D1919.e.4823/click - {}
RESULT: {}
COMMAND: GET /session/3d3f7fd824ffe76093792df5eba9e1c3/screenshot - {}
RESULT: {}
COMMAND: POST /session/3d3f7fd824ffe76093792df5eba9e1c3/element - {"using":"xpath","value":"(//span[contains(@id, \"-application-manageresources-display-component---newResourceUnit--RUTimeSegment-0-arrow\")])[2]"}
RESULT: {"using":"xpath","value":"(//span[contains(@id, \"-application-manageresources-display-component---newResourceUnit--RUTimeSegment-0-arrow\")])[2]"}
COMMAND: POST /session/3d3f7fd824ffe76093792df5eba9e1c3/element/f.B31767EFF96F4B6690C27CBC6EB8D7D5.d.BB34D29887A6314DAD6F20F4D81D1919.e.4824/click - {}
RESULT: {}
COMMAND: POST /session/3d3f7fd824ffe76093792df5eba9e1c3/element - {"using":"xpath","value":"//span[contains(text(), \"PM Order\")]"}
COMMAND: GET /session/3d3f7fd824ffe76093792df5eba9e1c3/screenshot - {}
RESULT: {"using":"xpath","value":"//span[contains(text(), \"PM Order\")]"}
COMMAND: POST /session/3d3f7fd824ffe76093792df5eba9e1c3/element/f.B31767EFF96F4B6690C27CBC6EB8D7D5.d.BB34D29887A6314DAD6F20F4D81D1919.e.4825/click - {}
RESULT: {}
RESULT: {}
COMMAND: GET /session/3d3f7fd824ffe76093792df5eba9e1c3/screenshot - {}
RESULT: {}
COMMAND: POST /session/3d3f7fd824ffe76093792df5eba9e1c3/element - {"using":"xpath","value":"//td/div/div/div/span[contains(@id, \"newResourceUnit--RUTimeSegment-0-vhi\")][1]"}
RESULT: {"using":"xpath","value":"//td/div/div/div/span[contains(@id, \"newResourceUnit--RUTimeSegment-0-vhi\")][1]"}
COMMAND: GET /session/3d3f7fd824ffe76093792df5eba9e1c3/element/f.B31767EFF96F4B6690C27CBC6EB8D7D5.d.BB34D29887A6314DAD6F20F4D81D1919.e.4829/rect - {}
RESULT: {}
COMMAND: GET /session/3d3f7fd824ffe76093792df5eba9e1c3/window/rect - {}
RESULT: {}
COMMAND: POST /session/3d3f7fd824ffe76093792df5eba9e1c3/execute/sync - {"script":"<script> [92 bytes]","args":[]}
RESULT: {"script":"<script> [92 bytes]","args":[]}
COMMAND: POST /session/3d3f7fd824ffe76093792df5eba9e1c3/actions - {"actions":[{"id":"action20","type":"wheel","parameters":{},"actions":[{"type":"scroll","x":-1888,"y":-24,"deltaX":0,"deltaY":0,"duration":0,"origin":{"element-6066-11e4-a52e-4f735466cecf":"f.B31767EFF96F4B6690C27CBC6EB8D7D5.d.BB34D29887A6314DAD6F20F4D81D1919.e.4829"}}]}]}
COMMAND: GET /session/3d3f7fd824ffe76093792df5eba9e1c3/screenshot - {}
RESULT: {}
COMMAND: POST /session/3d3f7fd824ffe76093792df5eba9e1c3/execute/sync - {"script":"<script> [79 bytes]","args":[{"element-6066-11e4-a52e-4f735466cecf":"f.B31767EFF96F4B6690C27CBC6EB8D7D5.d.BB34D29887A6314DAD6F20F4D81D1919.e.4829","ELEMENT":"f.B31767EFF96F4B6690C27CBC6EB8D7D5.d.BB34D29887A6314DAD6F20F4D81D1919.e.4829"},{"block":"start","inline":"nearest"}]}
RESULT: {"script":"<script> [79 bytes]","args":[{"element-6066-11e4-a52e-4f735466cecf":"f.B31767EFF96F4B6690C27CBC6EB8D7D5.d.BB34D29887A6314DAD6F20F4D81D1919.e.4829","ELEMENT":"f.B31767EFF96F4B6690C27CBC6EB8D7D5.d.BB34D29887A6314DAD6F20F4D81D1919.e.4829"},{"block":"start","inline":"nearest"}]}
COMMAND: GET /session/3d3f7fd824ffe76093792df5eba9e1c3/screenshot - {}
RESULT: {}
COMMAND: POST /session/3d3f7fd824ffe76093792df5eba9e1c3/element/f.B31767EFF96F4B6690C27CBC6EB8D7D5.d.BB34D29887A6314DAD6F20F4D81D1919.e.4829/click - {}
RESULT: {}
COMMAND: GET /session/3d3f7fd824ffe76093792df5eba9e1c3/screenshot - {}
RESULT: {}
COMMAND: POST /session/3d3f7fd824ffe76093792df5eba9e1c3/execute/async - {"script":"<script> [1562 bytes]","args":[{"selector":{"controlType":"sap.m.SearchField","properties":{"placeholder":"Search"},"searchOpenDialogs":true,"interaction":{"idSuffix":"I"}},"wdio_ui5_key":"sapm.SearchField{\"placeholder\":\"Search\"}"}]}
RESULT: {"script":"<script> [1562 bytes]","args":[{"selector":{"controlType":"sap.m.SearchField","properties":{"placeholder":"Search"},"searchOpenDialogs":true,"interaction":{"idSuffix":"I"}},"wdio_ui5_key":"sapm.SearchField{\"placeholder\":\"Search\"}"}]}
RESULT: undefined
COMMAND: POST /session/3d3f7fd824ffe76093792df5eba9e1c3/execute/async - {"script":"<script> [776 bytes]","args":[{"enterText":"4000360","selector":{"controlType":"sap.m.SearchField","properties":{"placeholder":"Search"},"searchOpenDialogs":true,"interaction":{"idSuffix":"I"}},"clearTextFirst":true,"interactionType":"ENTER_TEXT"}]}
RESULT: {"script":"<script> [776 bytes]","args":[{"enterText":"4000360","selector":{"controlType":"sap.m.SearchField","properties":{"placeholder":"Search"},"searchOpenDialogs":true,"interaction":{"idSuffix":"I"}},"clearTextFirst":true,"interactionType":"ENTER_TEXT"}]}
COMMAND: POST /session/3d3f7fd824ffe76093792df5eba9e1c3/actions - {"actions":[{"id":"action21","type":"key","parameters":{},"actions":[{"type":"keyDown","value":"î€‡"},{"type":"pause","duration":10},{"type":"keyUp","value":"î€‡"}]}]}
RESULT: {"actions":[{"id":"action21","type":"key","parameters":{},"actions":[{"type":"keyDown","value":"î€‡"},{"type":"pause","duration":10},{"type":"keyUp","value":"î€‡"}]}]}
COMMAND: GET /session/3d3f7fd824ffe76093792df5eba9e1c3/screenshot - {}
RESULT: {}
COMMAND: POST /session/3d3f7fd824ffe76093792df5eba9e1c3/element - {"using":"xpath","value":"//td/div/span[contains(text(), \"BGL Vehicles\")]"}
RESULT: {"using":"xpath","value":"//td/div/span[contains(text(), \"BGL Vehicles\")]"}
COMMAND: POST /session/3d3f7fd824ffe76093792df5eba9e1c3/element/f.B31767EFF96F4B6690C27CBC6EB8D7D5.d.BB34D29887A6314DAD6F20F4D81D1919.e.4850/click - {}
RESULT: {}
COMMAND: GET /session/3d3f7fd824ffe76093792df5eba9e1c3/screenshot - {}
RESULT: {}
COMMAND: POST /session/3d3f7fd824ffe76093792df5eba9e1c3/element - {"using":"xpath","value":"//bdi[contains(text(), \"OK\")]"}
RESULT: {"using":"xpath","value":"//bdi[contains(text(), \"OK\")]"}
COMMAND: POST /session/3d3f7fd824ffe76093792df5eba9e1c3/element/f.B31767EFF96F4B6690C27CBC6EB8D7D5.d.BB34D29887A6314DAD6F20F4D81D1919.e.4851/click - {}
RESULT: {}
COMMAND: GET /session/3d3f7fd824ffe76093792df5eba9e1c3/screenshot - {}
RESULT: {}
COMMAND: POST /session/3d3f7fd824ffe76093792df5eba9e1c3/element - {"using":"xpath","value":"//label[contains(@class, 'sapMLabelRequired') and .//bdi[contains(text(), 'Planned Retirement')]]"}
RESULT: {"using":"xpath","value":"//label[contains(@class, 'sapMLabelRequired') and .//bdi[contains(text(), 'Planned Retirement')]]"}
COMMAND: POST /session/3d3f7fd824ffe76093792df5eba9e1c3/elements - {"using":"xpath","value":"//label[contains(@class, 'sapMLabelRequired') and .//bdi[contains(text(), 'Planned Retirement')]]"}
RESULT: {"using":"xpath","value":"//label[contains(@class, 'sapMLabelRequired') and .//bdi[contains(text(), 'Planned Retirement')]]"}
COMMAND: POST /session/3d3f7fd824ffe76093792df5eba9e1c3/element - {"using":"xpath","value":"//button[@data-kt=\"resourceUnitSaveButton\"]"}
RESULT: {"using":"xpath","value":"//button[@data-kt=\"resourceUnitSaveButton\"]"}
COMMAND: POST /session/3d3f7fd824ffe76093792df5eba9e1c3/element/f.B31767EFF96F4B6690C27CBC6EB8D7D5.d.BB34D29887A6314DAD6F20F4D81D1919.e.4752/click - {}
RESULT: {}
COMMAND: GET /session/3d3f7fd824ffe76093792df5eba9e1c3/screenshot - {}
RESULT: {}
COMMAND: POST /session/3d3f7fd824ffe76093792df5eba9e1c3/element - {"using":"xpath","value":"//bdi[contains(text(), \"Close\")]"}
RESULT: {"using":"xpath","value":"//bdi[contains(text(), \"Close\")]"}
COMMAND: POST /session/3d3f7fd824ffe76093792df5eba9e1c3/element/f.B31767EFF96F4B6690C27CBC6EB8D7D5.d.BB34D29887A6314DAD6F20F4D81D1919.e.4858/click - {}
RESULT: {}
COMMAND: GET /session/3d3f7fd824ffe76093792df5eba9e1c3/screenshot - {}
RESULT: {}
COMMAND: POST /session/3d3f7fd824ffe76093792df5eba9e1c3/element - {"using":"xpath","value":"//header[contains(@id, 'detailRruPage-headerTitle')]/div[1]/div[2]/div[2]/span[1]"}
RESULT: {"using":"xpath","value":"//header[contains(@id, 'detailRruPage-headerTitle')]/div[1]/div[2]/div[2]/span[1]"}
COMMAND: POST /session/3d3f7fd824ffe76093792df5eba9e1c3/elements - {"using":"xpath","value":"//header[contains(@id, 'detailRruPage-headerTitle')]/div[1]/div[2]/div[2]/span[1]"}
RESULT: {"using":"xpath","value":"//header[contains(@id, 'detailRruPage-headerTitle')]/div[1]/div[2]/div[2]/span[1]"}
COMMAND: POST /session/3d3f7fd824ffe76093792df5eba9e1c3/execute/sync - {"script":"<script> [56 bytes]","args":[{"element-6066-11e4-a52e-4f735466cecf":"f.B31767EFF96F4B6690C27CBC6EB8D7D5.d.BB34D29887A6314DAD6F20F4D81D1919.e.4886","ELEMENT":"f.B31767EFF96F4B6690C27CBC6EB8D7D5.d.BB34D29887A6314DAD6F20F4D81D1919.e.4886"}]}
RESULT: {"script":"<script> [56 bytes]","args":[{"element-6066-11e4-a52e-4f735466cecf":"f.B31767EFF96F4B6690C27CBC6EB8D7D5.d.BB34D29887A6314DAD6F20F4D81D1919.e.4886","ELEMENT":"f.B31767EFF96F4B6690C27CBC6EB8D7D5.d.BB34D29887A6314DAD6F20F4D81D1919.e.4886"}]}
COMMAND: POST /session/3d3f7fd824ffe76093792df5eba9e1c3/element - {"using":"css selector","value":"#shell-header-logo"}
COMMAND: GET /session/3d3f7fd824ffe76093792df5eba9e1c3/screenshot - {}
RESULT: {"using":"css selector","value":"#shell-header-logo"}
COMMAND: POST /session/3d3f7fd824ffe76093792df5eba9e1c3/element/f.B31767EFF96F4B6690C27CBC6EB8D7D5.d.BB34D29887A6314DAD6F20F4D81D1919.e.4223/click - {}
RESULT: {}
RESULT: {}
COMMAND: GET /session/3d3f7fd824ffe76093792df5eba9e1c3/screenshot - {}
RESULT: {}
]]></system-out>
    </testcase>
    <testcase classname="chrome.136_0_7103_49.windows.Provide_to_Site_w/_warehouse_management_w/_clarification_US115878" name="Bin Status Report Should Create New Organization yard" time="0.004" />
    <testcase classname="chrome.136_0_7103_49.windows.Provide_to_Site_w/_warehouse_management_w/_clarification_US115878" name="Bin Status Report Should Create New Organization for Site" time="0.003" />
  </testsuite>
  <testsuite timestamp="2025-05-13T16:32:02" time="391.684" tests="6" failures="6" errors="6" skipped="0">
    <properties>
      <property name="specId" value="0" />
      <property name="suiteName" value="Provide to Site w/ warehouse management w clarification" />
      <property name="capabilities" value="chrome.136_0_7103_49.windows" />
      <property name="file" value="file:///D:/a/1/s/test/specs/HTR/provide-to-site-w-warehouse-w-clarification.spec.js" />
    </properties>
  </testsuite>
  <testsuite timestamp="2025-05-13T16:38:33" time="121.02" tests="6" failures="0" errors="0" skipped="0">
    <properties>
      <property name="specId" value="0" />
      <property name="suiteName" value="Provide to Site w/ warehouse management w/o clarification US113782 " />
      <property name="capabilities" value="chrome.136_0_7103_49.windows" />
      <property name="file" value="file:///D:/a/1/s/test/specs/HTR/provide-to-site-w-warehouse-wo-clarification.spec.js" />
    </properties>
    <testcase classname="chrome.136_0_7103_49.windows.Provide_to_Site_w/_warehouse_management_w/o_clarification_US113782_" name="Should create a new WHM yard" time="0.01">
      <system-out><![CDATA[
COMMAND: POST /session/3d3f7fd824ffe76093792df5eba9e1c3/window/fullscreen - {}
RESULT: {}
]]></system-out>
    </testcase>
    <testcase classname="chrome.136_0_7103_49.windows.Provide_to_Site_w/_warehouse_management_w/o_clarification_US113782_" name="Should create a new external WHM partner" time="0.004" />
    <testcase classname="chrome.136_0_7103_49.windows.Provide_to_Site_w/_warehouse_management_w/o_clarification_US113782_" name="Should create a new WHM site" time="0.004" />
    <testcase classname="chrome.136_0_7103_49.windows.Provide_to_Site_w/_warehouse_management_w/o_clarification_US113782_" name="Should create a new material" time="107.061">
      <system-out><![CDATA[
COMMAND: POST /session/3d3f7fd824ffe76093792df5eba9e1c3/execute/async - {"script":"<script> [1562 bytes]","args":[{"selector":{"controlType":"sap.m.GenericTile","properties":{"header":"Manage Resources"}},"wdio_ui5_key":"sapm.GenericTile{\"header\":\"Manage Resources\"}"}]}
RESULT: {"script":"<script> [1562 bytes]","args":[{"selector":{"controlType":"sap.m.GenericTile","properties":{"header":"Manage Resources"}},"wdio_ui5_key":"sapm.GenericTile{\"header\":\"Manage Resources\"}"}]}
RESULT: undefined
COMMAND: POST /session/3d3f7fd824ffe76093792df5eba9e1c3/element - {"using":"xpath","value":"//*[@id=\"__tile31\"]"}
RESULT: {"using":"xpath","value":"//*[@id=\"__tile31\"]"}
COMMAND: POST /session/3d3f7fd824ffe76093792df5eba9e1c3/element/f.B31767EFF96F4B6690C27CBC6EB8D7D5.d.94279729553A6C69BE3A24CB17E7DF79.e.5517/click - {}
RESULT: {}
COMMAND: POST /session/3d3f7fd824ffe76093792df5eba9e1c3/element - {"using":"xpath","value":"//button[@data-kt=\"addNewRUOverflowToolbarButton\"]"}
COMMAND: GET /session/3d3f7fd824ffe76093792df5eba9e1c3/screenshot - {}
RESULT: {"using":"xpath","value":"//button[@data-kt=\"addNewRUOverflowToolbarButton\"]"}
COMMAND: POST /session/3d3f7fd824ffe76093792df5eba9e1c3/elements - {"using":"xpath","value":"//button[@data-kt=\"addNewRUOverflowToolbarButton\"]"}
RESULT: {}
RESULT: {"using":"xpath","value":"//button[@data-kt=\"addNewRUOverflowToolbarButton\"]"}
COMMAND: POST /session/3d3f7fd824ffe76093792df5eba9e1c3/elements - {"using":"xpath","value":"//button[@data-kt=\"addNewRUOverflowToolbarButton\"]"}
RESULT: {"using":"xpath","value":"//button[@data-kt=\"addNewRUOverflowToolbarButton\"]"}
COMMAND: POST /session/3d3f7fd824ffe76093792df5eba9e1c3/elements - {"using":"xpath","value":"//button[@data-kt=\"addNewRUOverflowToolbarButton\"]"}
RESULT: {"using":"xpath","value":"//button[@data-kt=\"addNewRUOverflowToolbarButton\"]"}
COMMAND: POST /session/3d3f7fd824ffe76093792df5eba9e1c3/elements - {"using":"xpath","value":"//button[@data-kt=\"addNewRUOverflowToolbarButton\"]"}
RESULT: {"using":"xpath","value":"//button[@data-kt=\"addNewRUOverflowToolbarButton\"]"}
COMMAND: POST /session/3d3f7fd824ffe76093792df5eba9e1c3/elements - {"using":"xpath","value":"//button[@data-kt=\"addNewRUOverflowToolbarButton\"]"}
RESULT: {"using":"xpath","value":"//button[@data-kt=\"addNewRUOverflowToolbarButton\"]"}
COMMAND: POST /session/3d3f7fd824ffe76093792df5eba9e1c3/elements - {"using":"xpath","value":"//button[@data-kt=\"addNewRUOverflowToolbarButton\"]"}
RESULT: {"using":"xpath","value":"//button[@data-kt=\"addNewRUOverflowToolbarButton\"]"}
COMMAND: POST /session/3d3f7fd824ffe76093792df5eba9e1c3/elements - {"using":"xpath","value":"//button[@data-kt=\"addNewRUOverflowToolbarButton\"]"}
RESULT: {"using":"xpath","value":"//button[@data-kt=\"addNewRUOverflowToolbarButton\"]"}
COMMAND: POST /session/3d3f7fd824ffe76093792df5eba9e1c3/elements - {"using":"xpath","value":"//button[@data-kt=\"addNewRUOverflowToolbarButton\"]"}
RESULT: {"using":"xpath","value":"//button[@data-kt=\"addNewRUOverflowToolbarButton\"]"}
COMMAND: POST /session/3d3f7fd824ffe76093792df5eba9e1c3/elements - {"using":"xpath","value":"//button[@data-kt=\"addNewRUOverflowToolbarButton\"]"}
RESULT: {"using":"xpath","value":"//button[@data-kt=\"addNewRUOverflowToolbarButton\"]"}
COMMAND: POST /session/3d3f7fd824ffe76093792df5eba9e1c3/elements - {"using":"xpath","value":"//button[@data-kt=\"addNewRUOverflowToolbarButton\"]"}
RESULT: {"using":"xpath","value":"//button[@data-kt=\"addNewRUOverflowToolbarButton\"]"}
COMMAND: POST /session/3d3f7fd824ffe76093792df5eba9e1c3/elements - {"using":"xpath","value":"//button[@data-kt=\"addNewRUOverflowToolbarButton\"]"}
RESULT: {"using":"xpath","value":"//button[@data-kt=\"addNewRUOverflowToolbarButton\"]"}
COMMAND: POST /session/3d3f7fd824ffe76093792df5eba9e1c3/elements - {"using":"xpath","value":"//button[@data-kt=\"addNewRUOverflowToolbarButton\"]"}
RESULT: {"using":"xpath","value":"//button[@data-kt=\"addNewRUOverflowToolbarButton\"]"}
COMMAND: POST /session/3d3f7fd824ffe76093792df5eba9e1c3/elements - {"using":"xpath","value":"//button[@data-kt=\"addNewRUOverflowToolbarButton\"]"}
RESULT: {"using":"xpath","value":"//button[@data-kt=\"addNewRUOverflowToolbarButton\"]"}
COMMAND: POST /session/3d3f7fd824ffe76093792df5eba9e1c3/elements - {"using":"xpath","value":"//button[@data-kt=\"addNewRUOverflowToolbarButton\"]"}
RESULT: {"using":"xpath","value":"//button[@data-kt=\"addNewRUOverflowToolbarButton\"]"}
COMMAND: POST /session/3d3f7fd824ffe76093792df5eba9e1c3/elements - {"using":"xpath","value":"//button[@data-kt=\"addNewRUOverflowToolbarButton\"]"}
RESULT: {"using":"xpath","value":"//button[@data-kt=\"addNewRUOverflowToolbarButton\"]"}
COMMAND: POST /session/3d3f7fd824ffe76093792df5eba9e1c3/elements - {"using":"xpath","value":"//button[@data-kt=\"addNewRUOverflowToolbarButton\"]"}
RESULT: {"using":"xpath","value":"//button[@data-kt=\"addNewRUOverflowToolbarButton\"]"}
COMMAND: POST /session/3d3f7fd824ffe76093792df5eba9e1c3/elements - {"using":"xpath","value":"//button[@data-kt=\"addNewRUOverflowToolbarButton\"]"}
RESULT: {"using":"xpath","value":"//button[@data-kt=\"addNewRUOverflowToolbarButton\"]"}
COMMAND: POST /session/3d3f7fd824ffe76093792df5eba9e1c3/elements - {"using":"xpath","value":"//button[@data-kt=\"addNewRUOverflowToolbarButton\"]"}
RESULT: {"using":"xpath","value":"//button[@data-kt=\"addNewRUOverflowToolbarButton\"]"}
COMMAND: POST /session/3d3f7fd824ffe76093792df5eba9e1c3/element - {"using":"xpath","value":"//button[@data-kt=\"addNewRUOverflowToolbarButton\"]"}
RESULT: {"using":"xpath","value":"//button[@data-kt=\"addNewRUOverflowToolbarButton\"]"}
COMMAND: POST /session/3d3f7fd824ffe76093792df5eba9e1c3/execute/sync - {"script":"<script> [8489 bytes]","args":[{"element-6066-11e4-a52e-4f735466cecf":"f.B31767EFF96F4B6690C27CBC6EB8D7D5.d.94279729553A6C69BE3A24CB17E7DF79.e.5646","ELEMENT":"f.B31767EFF96F4B6690C27CBC6EB8D7D5.d.94279729553A6C69BE3A24CB17E7DF79.e.5646"}]}
RESULT: {"script":"<script> [8489 bytes]","args":[{"element-6066-11e4-a52e-4f735466cecf":"f.B31767EFF96F4B6690C27CBC6EB8D7D5.d.94279729553A6C69BE3A24CB17E7DF79.e.5646","ELEMENT":"f.B31767EFF96F4B6690C27CBC6EB8D7D5.d.94279729553A6C69BE3A24CB17E7DF79.e.5646"}]}
COMMAND: GET /session/3d3f7fd824ffe76093792df5eba9e1c3/element/f.B31767EFF96F4B6690C27CBC6EB8D7D5.d.94279729553A6C69BE3A24CB17E7DF79.e.5646/enabled - {}
COMMAND: GET /session/3d3f7fd824ffe76093792df5eba9e1c3/screenshot - {}
RESULT: {}
COMMAND: POST /session/3d3f7fd824ffe76093792df5eba9e1c3/execute/sync - {"script":"<script> [8489 bytes]","args":[{"element-6066-11e4-a52e-4f735466cecf":"f.B31767EFF96F4B6690C27CBC6EB8D7D5.d.94279729553A6C69BE3A24CB17E7DF79.e.5646","ELEMENT":"f.B31767EFF96F4B6690C27CBC6EB8D7D5.d.94279729553A6C69BE3A24CB17E7DF79.e.5646"}]}
COMMAND: GET /session/3d3f7fd824ffe76093792df5eba9e1c3/screenshot - {}
RESULT: {}
RESULT: {"script":"<script> [8489 bytes]","args":[{"element-6066-11e4-a52e-4f735466cecf":"f.B31767EFF96F4B6690C27CBC6EB8D7D5.d.94279729553A6C69BE3A24CB17E7DF79.e.5646","ELEMENT":"f.B31767EFF96F4B6690C27CBC6EB8D7D5.d.94279729553A6C69BE3A24CB17E7DF79.e.5646"}]}
COMMAND: POST /session/3d3f7fd824ffe76093792df5eba9e1c3/execute/sync - {"script":"<script> [5351 bytes]","args":[{"element-6066-11e4-a52e-4f735466cecf":"f.B31767EFF96F4B6690C27CBC6EB8D7D5.d.94279729553A6C69BE3A24CB17E7DF79.e.5646","ELEMENT":"f.B31767EFF96F4B6690C27CBC6EB8D7D5.d.94279729553A6C69BE3A24CB17E7DF79.e.5646"}]}
COMMAND: GET /session/3d3f7fd824ffe76093792df5eba9e1c3/screenshot - {}
RESULT: {}
RESULT: {"script":"<script> [5351 bytes]","args":[{"element-6066-11e4-a52e-4f735466cecf":"f.B31767EFF96F4B6690C27CBC6EB8D7D5.d.94279729553A6C69BE3A24CB17E7DF79.e.5646","ELEMENT":"f.B31767EFF96F4B6690C27CBC6EB8D7D5.d.94279729553A6C69BE3A24CB17E7DF79.e.5646"}]}
COMMAND: POST /session/3d3f7fd824ffe76093792df5eba9e1c3/element/f.B31767EFF96F4B6690C27CBC6EB8D7D5.d.94279729553A6C69BE3A24CB17E7DF79.e.5646/click - {}
COMMAND: GET /session/3d3f7fd824ffe76093792df5eba9e1c3/screenshot - {}
RESULT: {}
RESULT: {}
COMMAND: GET /session/3d3f7fd824ffe76093792df5eba9e1c3/screenshot - {}
RESULT: {}
RESULT: {}
COMMAND: POST /session/3d3f7fd824ffe76093792df5eba9e1c3/execute/async - {"script":"<script> [1562 bytes]","args":[{"selector":{"id":"application-manageresources-display-component---newResourceUnit--TYPE-arrow"},"wdio_ui5_key":"applicationmanageresources-display-component---newResourceUnit--TYPE-arrow"}]}
RESULT: {"script":"<script> [1562 bytes]","args":[{"selector":{"id":"application-manageresources-display-component---newResourceUnit--TYPE-arrow"},"wdio_ui5_key":"applicationmanageresources-display-component---newResourceUnit--TYPE-arrow"}]}
RESULT: undefined
COMMAND: POST /session/3d3f7fd824ffe76093792df5eba9e1c3/element - {"using":"xpath","value":"//*[@id=\"application-manageresources-display-component---newResourceUnit--TYPE-arrow\"]"}
RESULT: {"using":"xpath","value":"//*[@id=\"application-manageresources-display-component---newResourceUnit--TYPE-arrow\"]"}
COMMAND: POST /session/3d3f7fd824ffe76093792df5eba9e1c3/element/f.B31767EFF96F4B6690C27CBC6EB8D7D5.d.94279729553A6C69BE3A24CB17E7DF79.e.6007/click - {}
RESULT: {}
COMMAND: POST /session/3d3f7fd824ffe76093792df5eba9e1c3/element - {"using":"xpath","value":"//input[@id=\"application-manageresources-display-component---newResourceUnit--TYPE-inner\"]"}
COMMAND: GET /session/3d3f7fd824ffe76093792df5eba9e1c3/screenshot - {}
RESULT: {"using":"xpath","value":"//input[@id=\"application-manageresources-display-component---newResourceUnit--TYPE-inner\"]"}
COMMAND: POST /session/3d3f7fd824ffe76093792df5eba9e1c3/element/f.B31767EFF96F4B6690C27CBC6EB8D7D5.d.94279729553A6C69BE3A24CB17E7DF79.e.5998/clear - {}
RESULT: {}
RESULT: {}
COMMAND: POST /session/3d3f7fd824ffe76093792df5eba9e1c3/element/f.B31767EFF96F4B6690C27CBC6EB8D7D5.d.94279729553A6C69BE3A24CB17E7DF79.e.5998/value - {"text":"Material"}
COMMAND: GET /session/3d3f7fd824ffe76093792df5eba9e1c3/screenshot - {}
RESULT: {"text":"Material"}
COMMAND: GET /session/3d3f7fd824ffe76093792df5eba9e1c3/screenshot - {}
RESULT: {}
RESULT: {}
COMMAND: POST /session/3d3f7fd824ffe76093792df5eba9e1c3/actions - {"actions":[{"id":"action24","type":"key","parameters":{},"actions":[{"type":"keyDown","value":"î€‡"},{"type":"pause","duration":10},{"type":"keyUp","value":"î€‡"}]}]}
RESULT: {"actions":[{"id":"action24","type":"key","parameters":{},"actions":[{"type":"keyDown","value":"î€‡"},{"type":"pause","duration":10},{"type":"keyUp","value":"î€‡"}]}]}
COMMAND: POST /session/3d3f7fd824ffe76093792df5eba9e1c3/execute/async - {"script":"<script> [1562 bytes]","args":[{"selector":{"id":"application-manageresources-display-component---newResourceUnit--SHORT_TEXT","interaction":{"idSuffix":"inner"}},"wdio_ui5_key":"applicationmanageresources-display-component---newResourceUnit--SHORT_TEXT"}]}
COMMAND: GET /session/3d3f7fd824ffe76093792df5eba9e1c3/screenshot - {}
RESULT: {"script":"<script> [1562 bytes]","args":[{"selector":{"id":"application-manageresources-display-component---newResourceUnit--SHORT_TEXT","interaction":{"idSuffix":"inner"}},"wdio_ui5_key":"applicationmanageresources-display-component---newResourceUnit--SHORT_TEXT"}]}
RESULT: undefined
COMMAND: POST /session/3d3f7fd824ffe76093792df5eba9e1c3/execute/async - {"script":"<script> [776 bytes]","args":[{"enterText":"Cement WDIO","selector":{"id":"application-manageresources-display-component---newResourceUnit--SHORT_TEXT","interaction":{"idSuffix":"inner"}},"clearTextFirst":true,"interactionType":"ENTER_TEXT"}]}
RESULT: {}
RESULT: {"script":"<script> [776 bytes]","args":[{"enterText":"Cement WDIO","selector":{"id":"application-manageresources-display-component---newResourceUnit--SHORT_TEXT","interaction":{"idSuffix":"inner"}},"clearTextFirst":true,"interactionType":"ENTER_TEXT"}]}
COMMAND: POST /session/3d3f7fd824ffe76093792df5eba9e1c3/execute/async - {"script":"<script> [1562 bytes]","args":[{"selector":{"id":"application-manageresources-display-component---newResourceUnit--BASE_UNIT_OF_MEASURE","interaction":{"idSuffix":"inner"}},"wdio_ui5_key":"applicationmanageresources-display-component---newResourceUnit--BASE_UNIT_OF_MEASURE"}]}
RESULT: {"script":"<script> [1562 bytes]","args":[{"selector":{"id":"application-manageresources-display-component---newResourceUnit--BASE_UNIT_OF_MEASURE","interaction":{"idSuffix":"inner"}},"wdio_ui5_key":"applicationmanageresources-display-component---newResourceUnit--BASE_UNIT_OF_MEASURE"}]}
RESULT: undefined
COMMAND: POST /session/3d3f7fd824ffe76093792df5eba9e1c3/execute/async - {"script":"<script> [776 bytes]","args":[{"enterText":"Piece","selector":{"id":"application-manageresources-display-component---newResourceUnit--BASE_UNIT_OF_MEASURE","interaction":{"idSuffix":"inner"}},"clearTextFirst":true,"interactionType":"ENTER_TEXT"}]}
RESULT: {"script":"<script> [776 bytes]","args":[{"enterText":"Piece","selector":{"id":"application-manageresources-display-component---newResourceUnit--BASE_UNIT_OF_MEASURE","interaction":{"idSuffix":"inner"}},"clearTextFirst":true,"interactionType":"ENTER_TEXT"}]}
COMMAND: POST /session/3d3f7fd824ffe76093792df5eba9e1c3/execute/async - {"script":"<script> [1562 bytes]","args":[{"selector":{"id":"application-manageresources-display-component---newResourceUnit--WEIGHT_UNIT","interaction":{"idSuffix":"inner"}},"wdio_ui5_key":"applicationmanageresources-display-component---newResourceUnit--WEIGHT_UNIT"}]}
RESULT: {"script":"<script> [1562 bytes]","args":[{"selector":{"id":"application-manageresources-display-component---newResourceUnit--WEIGHT_UNIT","interaction":{"idSuffix":"inner"}},"wdio_ui5_key":"applicationmanageresources-display-component---newResourceUnit--WEIGHT_UNIT"}]}
RESULT: undefined
COMMAND: POST /session/3d3f7fd824ffe76093792df5eba9e1c3/execute/async - {"script":"<script> [776 bytes]","args":[{"enterText":"Gram","selector":{"id":"application-manageresources-display-component---newResourceUnit--WEIGHT_UNIT","interaction":{"idSuffix":"inner"}},"clearTextFirst":true,"interactionType":"ENTER_TEXT"}]}
RESULT: {"script":"<script> [776 bytes]","args":[{"enterText":"Gram","selector":{"id":"application-manageresources-display-component---newResourceUnit--WEIGHT_UNIT","interaction":{"idSuffix":"inner"}},"clearTextFirst":true,"interactionType":"ENTER_TEXT"}]}
COMMAND: POST /session/3d3f7fd824ffe76093792df5eba9e1c3/execute/async - {"script":"<script> [1562 bytes]","args":[{"selector":{"id":"application-manageresources-display-component---newResourceUnit--DIMENSION_UNIT","interaction":{"idSuffix":"inner"}},"wdio_ui5_key":"applicationmanageresources-display-component---newResourceUnit--DIMENSION_UNIT"}]}
RESULT: {"script":"<script> [1562 bytes]","args":[{"selector":{"id":"application-manageresources-display-component---newResourceUnit--DIMENSION_UNIT","interaction":{"idSuffix":"inner"}},"wdio_ui5_key":"applicationmanageresources-display-component---newResourceUnit--DIMENSION_UNIT"}]}
RESULT: undefined
COMMAND: POST /session/3d3f7fd824ffe76093792df5eba9e1c3/execute/async - {"script":"<script> [776 bytes]","args":[{"enterText":"Meter","selector":{"id":"application-manageresources-display-component---newResourceUnit--DIMENSION_UNIT","interaction":{"idSuffix":"inner"}},"clearTextFirst":true,"interactionType":"ENTER_TEXT"}]}
RESULT: {"script":"<script> [776 bytes]","args":[{"enterText":"Meter","selector":{"id":"application-manageresources-display-component---newResourceUnit--DIMENSION_UNIT","interaction":{"idSuffix":"inner"}},"clearTextFirst":true,"interactionType":"ENTER_TEXT"}]}
COMMAND: POST /session/3d3f7fd824ffe76093792df5eba9e1c3/execute/async - {"script":"<script> [1562 bytes]","args":[{"selector":{"id":"application-manageresources-display-component---newResourceUnit--newRRUPage-anchBar-application-manageresources-display-component---newResourceUnit--control-anchor","interaction":{"idSuffix":"BDI-content"}},"wdio_ui5_key":"applicationmanageresources-display-component---newResourceUnit--newRRUPage-anchBar-application-manageresources-display-component---newResourceUnit--control-anchor"}]}
RESULT: {"script":"<script> [1562 bytes]","args":[{"selector":{"id":"application-manageresources-display-component---newResourceUnit--newRRUPage-anchBar-application-manageresources-display-component---newResourceUnit--control-anchor","interaction":{"idSuffix":"BDI-content"}},"wdio_ui5_key":"applicationmanageresources-display-component---newResourceUnit--newRRUPage-anchBar-application-manageresources-display-component---newResourceUnit--control-anchor"}]}
RESULT: undefined
COMMAND: POST /session/3d3f7fd824ffe76093792df5eba9e1c3/element - {"using":"xpath","value":"//*[@id=\"application-manageresources-display-component---newResourceUnit--newRRUPage-anchBar-application-manageresources-display-component---newResourceUnit--control-anchor\"]"}
RESULT: {"using":"xpath","value":"//*[@id=\"application-manageresources-display-component---newResourceUnit--newRRUPage-anchBar-application-manageresources-display-component---newResourceUnit--control-anchor\"]"}
COMMAND: POST /session/3d3f7fd824ffe76093792df5eba9e1c3/element/f.B31767EFF96F4B6690C27CBC6EB8D7D5.d.94279729553A6C69BE3A24CB17E7DF79.e.6073/click - {}
RESULT: {}
COMMAND: POST /session/3d3f7fd824ffe76093792df5eba9e1c3/execute/async - {"script":"<script> [1562 bytes]","args":[{"selector":{"id":"application-manageresources-display-component---newResourceUnit--PLANNING_GROUP","interaction":{"idSuffix":"inner"}},"wdio_ui5_key":"applicationmanageresources-display-component---newResourceUnit--PLANNING_GROUP"}]}
COMMAND: GET /session/3d3f7fd824ffe76093792df5eba9e1c3/screenshot - {}
RESULT: {"script":"<script> [1562 bytes]","args":[{"selector":{"id":"application-manageresources-display-component---newResourceUnit--PLANNING_GROUP","interaction":{"idSuffix":"inner"}},"wdio_ui5_key":"applicationmanageresources-display-component---newResourceUnit--PLANNING_GROUP"}]}
RESULT: undefined
COMMAND: POST /session/3d3f7fd824ffe76093792df5eba9e1c3/execute/async - {"script":"<script> [776 bytes]","args":[{"enterText":"Material","selector":{"id":"application-manageresources-display-component---newResourceUnit--PLANNING_GROUP","interaction":{"idSuffix":"inner"}},"clearTextFirst":true,"interactionType":"ENTER_TEXT"}]}
RESULT: {}
RESULT: {"script":"<script> [776 bytes]","args":[{"enterText":"Material","selector":{"id":"application-manageresources-display-component---newResourceUnit--PLANNING_GROUP","interaction":{"idSuffix":"inner"}},"clearTextFirst":true,"interactionType":"ENTER_TEXT"}]}
COMMAND: POST /session/3d3f7fd824ffe76093792df5eba9e1c3/execute/async - {"script":"<script> [1562 bytes]","args":[{"selector":{"id":"application-manageresources-display-component---newResourceUnit--PLANNING_INDICATOR","interaction":{"idSuffix":"inner"}},"wdio_ui5_key":"applicationmanageresources-display-component---newResourceUnit--PLANNING_INDICATOR"}]}
RESULT: {"script":"<script> [1562 bytes]","args":[{"selector":{"id":"application-manageresources-display-component---newResourceUnit--PLANNING_INDICATOR","interaction":{"idSuffix":"inner"}},"wdio_ui5_key":"applicationmanageresources-display-component---newResourceUnit--PLANNING_INDICATOR"}]}
RESULT: undefined
COMMAND: POST /session/3d3f7fd824ffe76093792df5eba9e1c3/execute/async - {"script":"<script> [776 bytes]","args":[{"enterText":"10 - infinite","selector":{"id":"application-manageresources-display-component---newResourceUnit--PLANNING_INDICATOR","interaction":{"idSuffix":"inner"}},"clearTextFirst":true,"interactionType":"ENTER_TEXT"}]}
RESULT: {"script":"<script> [776 bytes]","args":[{"enterText":"10 - infinite","selector":{"id":"application-manageresources-display-component---newResourceUnit--PLANNING_INDICATOR","interaction":{"idSuffix":"inner"}},"clearTextFirst":true,"interactionType":"ENTER_TEXT"}]}
COMMAND: POST /session/3d3f7fd824ffe76093792df5eba9e1c3/element - {"using":"css selector","value":"#application-manageresources-display-component---newResourceUnit--btnAddTimeSegment"}
RESULT: {"using":"css selector","value":"#application-manageresources-display-component---newResourceUnit--btnAddTimeSegment"}
COMMAND: GET /session/3d3f7fd824ffe76093792df5eba9e1c3/element/f.B31767EFF96F4B6690C27CBC6EB8D7D5.d.94279729553A6C69BE3A24CB17E7DF79.e.6083/rect - {}
RESULT: {}
COMMAND: GET /session/3d3f7fd824ffe76093792df5eba9e1c3/window/rect - {}
RESULT: {}
COMMAND: POST /session/3d3f7fd824ffe76093792df5eba9e1c3/execute/sync - {"script":"<script> [92 bytes]","args":[]}
RESULT: {"script":"<script> [92 bytes]","args":[]}
COMMAND: POST /session/3d3f7fd824ffe76093792df5eba9e1c3/actions - {"actions":[{"id":"action25","type":"wheel","parameters":{},"actions":[{"type":"scroll","x":-1888,"y":-32,"deltaX":0,"deltaY":0,"duration":0,"origin":{"element-6066-11e4-a52e-4f735466cecf":"f.B31767EFF96F4B6690C27CBC6EB8D7D5.d.94279729553A6C69BE3A24CB17E7DF79.e.6083"}}]}]}
COMMAND: GET /session/3d3f7fd824ffe76093792df5eba9e1c3/screenshot - {}
RESULT: {}
COMMAND: POST /session/3d3f7fd824ffe76093792df5eba9e1c3/execute/sync - {"script":"<script> [79 bytes]","args":[{"element-6066-11e4-a52e-4f735466cecf":"f.B31767EFF96F4B6690C27CBC6EB8D7D5.d.94279729553A6C69BE3A24CB17E7DF79.e.6083","ELEMENT":"f.B31767EFF96F4B6690C27CBC6EB8D7D5.d.94279729553A6C69BE3A24CB17E7DF79.e.6083"},{"block":"start","inline":"nearest"}]}
RESULT: {"script":"<script> [79 bytes]","args":[{"element-6066-11e4-a52e-4f735466cecf":"f.B31767EFF96F4B6690C27CBC6EB8D7D5.d.94279729553A6C69BE3A24CB17E7DF79.e.6083","ELEMENT":"f.B31767EFF96F4B6690C27CBC6EB8D7D5.d.94279729553A6C69BE3A24CB17E7DF79.e.6083"},{"block":"start","inline":"nearest"}]}
COMMAND: POST /session/3d3f7fd824ffe76093792df5eba9e1c3/execute/async - {"script":"<script> [1562 bytes]","args":[{"selector":{"id":"application-manageresources-display-component---newResourceUnit--btnAddTimeSegment","interaction":{"idSuffix":"inner"}},"wdio_ui5_key":"applicationmanageresources-display-component---newResourceUnit--btnAddTimeSegment"}]}
COMMAND: GET /session/3d3f7fd824ffe76093792df5eba9e1c3/screenshot - {}
RESULT: {"script":"<script> [1562 bytes]","args":[{"selector":{"id":"application-manageresources-display-component---newResourceUnit--btnAddTimeSegment","interaction":{"idSuffix":"inner"}},"wdio_ui5_key":"applicationmanageresources-display-component---newResourceUnit--btnAddTimeSegment"}]}
RESULT: undefined
COMMAND: POST /session/3d3f7fd824ffe76093792df5eba9e1c3/element - {"using":"xpath","value":"//*[@id=\"application-manageresources-display-component---newResourceUnit--btnAddTimeSegment\"]"}
RESULT: {}
RESULT: {"using":"xpath","value":"//*[@id=\"application-manageresources-display-component---newResourceUnit--btnAddTimeSegment\"]"}
COMMAND: POST /session/3d3f7fd824ffe76093792df5eba9e1c3/element/f.B31767EFF96F4B6690C27CBC6EB8D7D5.d.94279729553A6C69BE3A24CB17E7DF79.e.6083/click - {}
RESULT: {}
COMMAND: GET /session/3d3f7fd824ffe76093792df5eba9e1c3/screenshot - {}
RESULT: {}
COMMAND: POST /session/3d3f7fd824ffe76093792df5eba9e1c3/element - {"using":"xpath","value":"//input[@id=\"application-manageresources-display-component---newResourceUnit--idRuTSAdmin-application-manageresources-display-component---newResourceUnit--RUTimeSegment-0-inner\"]"}
RESULT: {"using":"xpath","value":"//input[@id=\"application-manageresources-display-component---newResourceUnit--idRuTSAdmin-application-manageresources-display-component---newResourceUnit--RUTimeSegment-0-inner\"]"}
COMMAND: POST /session/3d3f7fd824ffe76093792df5eba9e1c3/element/f.B31767EFF96F4B6690C27CBC6EB8D7D5.d.94279729553A6C69BE3A24CB17E7DF79.e.6088/clear - {}
RESULT: {}
COMMAND: POST /session/3d3f7fd824ffe76093792df5eba9e1c3/element/f.B31767EFF96F4B6690C27CBC6EB8D7D5.d.94279729553A6C69BE3A24CB17E7DF79.e.6088/value - {"text":"266"}
COMMAND: GET /session/3d3f7fd824ffe76093792df5eba9e1c3/screenshot - {}
RESULT: {"text":"266"}
COMMAND: GET /session/3d3f7fd824ffe76093792df5eba9e1c3/screenshot - {}
RESULT: {}
RESULT: {}
COMMAND: POST /session/3d3f7fd824ffe76093792df5eba9e1c3/element - {"using":"xpath","value":"//li[.//span[text()='266']]"}
RESULT: {"using":"xpath","value":"//li[.//span[text()='266']]"}
COMMAND: POST /session/3d3f7fd824ffe76093792df5eba9e1c3/element/f.B31767EFF96F4B6690C27CBC6EB8D7D5.d.94279729553A6C69BE3A24CB17E7DF79.e.6097/click - {}
RESULT: {}
COMMAND: GET /session/3d3f7fd824ffe76093792df5eba9e1c3/screenshot - {}
RESULT: {}
COMMAND: POST /session/3d3f7fd824ffe76093792df5eba9e1c3/element - {"using":"xpath","value":"(//span[contains(@id, \"-application-manageresources-display-component---newResourceUnit--RUTimeSegment-0-arrow\")])[2]"}
RESULT: {"using":"xpath","value":"(//span[contains(@id, \"-application-manageresources-display-component---newResourceUnit--RUTimeSegment-0-arrow\")])[2]"}
COMMAND: POST /session/3d3f7fd824ffe76093792df5eba9e1c3/element/f.B31767EFF96F4B6690C27CBC6EB8D7D5.d.94279729553A6C69BE3A24CB17E7DF79.e.6098/click - {}
RESULT: {}
COMMAND: POST /session/3d3f7fd824ffe76093792df5eba9e1c3/element - {"using":"xpath","value":"//span[contains(text(), \"PM Order\")]"}
COMMAND: GET /session/3d3f7fd824ffe76093792df5eba9e1c3/screenshot - {}
RESULT: {"using":"xpath","value":"//span[contains(text(), \"PM Order\")]"}
COMMAND: POST /session/3d3f7fd824ffe76093792df5eba9e1c3/element/f.B31767EFF96F4B6690C27CBC6EB8D7D5.d.94279729553A6C69BE3A24CB17E7DF79.e.6099/click - {}
RESULT: {}
RESULT: {}
COMMAND: GET /session/3d3f7fd824ffe76093792df5eba9e1c3/screenshot - {}
RESULT: {}
COMMAND: POST /session/3d3f7fd824ffe76093792df5eba9e1c3/element - {"using":"xpath","value":"//td/div/div/div/span[contains(@id, \"newResourceUnit--RUTimeSegment-0-vhi\")][1]"}
RESULT: {"using":"xpath","value":"//td/div/div/div/span[contains(@id, \"newResourceUnit--RUTimeSegment-0-vhi\")][1]"}
COMMAND: GET /session/3d3f7fd824ffe76093792df5eba9e1c3/element/f.B31767EFF96F4B6690C27CBC6EB8D7D5.d.94279729553A6C69BE3A24CB17E7DF79.e.6103/rect - {}
RESULT: {}
COMMAND: GET /session/3d3f7fd824ffe76093792df5eba9e1c3/window/rect - {}
RESULT: {}
COMMAND: POST /session/3d3f7fd824ffe76093792df5eba9e1c3/execute/sync - {"script":"<script> [92 bytes]","args":[]}
RESULT: {"script":"<script> [92 bytes]","args":[]}
COMMAND: POST /session/3d3f7fd824ffe76093792df5eba9e1c3/actions - {"actions":[{"id":"action26","type":"wheel","parameters":{},"actions":[{"type":"scroll","x":-1888,"y":-24,"deltaX":0,"deltaY":0,"duration":0,"origin":{"element-6066-11e4-a52e-4f735466cecf":"f.B31767EFF96F4B6690C27CBC6EB8D7D5.d.94279729553A6C69BE3A24CB17E7DF79.e.6103"}}]}]}
COMMAND: GET /session/3d3f7fd824ffe76093792df5eba9e1c3/screenshot - {}
RESULT: {}
COMMAND: POST /session/3d3f7fd824ffe76093792df5eba9e1c3/execute/sync - {"script":"<script> [79 bytes]","args":[{"element-6066-11e4-a52e-4f735466cecf":"f.B31767EFF96F4B6690C27CBC6EB8D7D5.d.94279729553A6C69BE3A24CB17E7DF79.e.6103","ELEMENT":"f.B31767EFF96F4B6690C27CBC6EB8D7D5.d.94279729553A6C69BE3A24CB17E7DF79.e.6103"},{"block":"start","inline":"nearest"}]}
RESULT: {"script":"<script> [79 bytes]","args":[{"element-6066-11e4-a52e-4f735466cecf":"f.B31767EFF96F4B6690C27CBC6EB8D7D5.d.94279729553A6C69BE3A24CB17E7DF79.e.6103","ELEMENT":"f.B31767EFF96F4B6690C27CBC6EB8D7D5.d.94279729553A6C69BE3A24CB17E7DF79.e.6103"},{"block":"start","inline":"nearest"}]}
COMMAND: GET /session/3d3f7fd824ffe76093792df5eba9e1c3/screenshot - {}
RESULT: {}
COMMAND: POST /session/3d3f7fd824ffe76093792df5eba9e1c3/element/f.B31767EFF96F4B6690C27CBC6EB8D7D5.d.94279729553A6C69BE3A24CB17E7DF79.e.6103/click - {}
RESULT: {}
COMMAND: GET /session/3d3f7fd824ffe76093792df5eba9e1c3/screenshot - {}
RESULT: {}
COMMAND: POST /session/3d3f7fd824ffe76093792df5eba9e1c3/execute/async - {"script":"<script> [1562 bytes]","args":[{"selector":{"controlType":"sap.m.SearchField","properties":{"placeholder":"Search"},"searchOpenDialogs":true,"interaction":{"idSuffix":"I"}},"wdio_ui5_key":"sapm.SearchField{\"placeholder\":\"Search\"}"}]}
RESULT: {"script":"<script> [1562 bytes]","args":[{"selector":{"controlType":"sap.m.SearchField","properties":{"placeholder":"Search"},"searchOpenDialogs":true,"interaction":{"idSuffix":"I"}},"wdio_ui5_key":"sapm.SearchField{\"placeholder\":\"Search\"}"}]}
RESULT: undefined
COMMAND: POST /session/3d3f7fd824ffe76093792df5eba9e1c3/execute/async - {"script":"<script> [776 bytes]","args":[{"enterText":"4000360","selector":{"controlType":"sap.m.SearchField","properties":{"placeholder":"Search"},"searchOpenDialogs":true,"interaction":{"idSuffix":"I"}},"clearTextFirst":true,"interactionType":"ENTER_TEXT"}]}
RESULT: {"script":"<script> [776 bytes]","args":[{"enterText":"4000360","selector":{"controlType":"sap.m.SearchField","properties":{"placeholder":"Search"},"searchOpenDialogs":true,"interaction":{"idSuffix":"I"}},"clearTextFirst":true,"interactionType":"ENTER_TEXT"}]}
COMMAND: POST /session/3d3f7fd824ffe76093792df5eba9e1c3/actions - {"actions":[{"id":"action27","type":"key","parameters":{},"actions":[{"type":"keyDown","value":"î€‡"},{"type":"pause","duration":10},{"type":"keyUp","value":"î€‡"}]}]}
RESULT: {"actions":[{"id":"action27","type":"key","parameters":{},"actions":[{"type":"keyDown","value":"î€‡"},{"type":"pause","duration":10},{"type":"keyUp","value":"î€‡"}]}]}
COMMAND: GET /session/3d3f7fd824ffe76093792df5eba9e1c3/screenshot - {}
RESULT: {}
COMMAND: POST /session/3d3f7fd824ffe76093792df5eba9e1c3/element - {"using":"xpath","value":"//td/div/span[contains(text(), \"BGL Vehicles\")]"}
RESULT: {"using":"xpath","value":"//td/div/span[contains(text(), \"BGL Vehicles\")]"}
COMMAND: POST /session/3d3f7fd824ffe76093792df5eba9e1c3/element/f.B31767EFF96F4B6690C27CBC6EB8D7D5.d.94279729553A6C69BE3A24CB17E7DF79.e.6125/click - {}
RESULT: {}
COMMAND: GET /session/3d3f7fd824ffe76093792df5eba9e1c3/screenshot - {}
RESULT: {}
COMMAND: POST /session/3d3f7fd824ffe76093792df5eba9e1c3/element - {"using":"xpath","value":"//bdi[contains(text(), \"OK\")]"}
RESULT: {"using":"xpath","value":"//bdi[contains(text(), \"OK\")]"}
COMMAND: POST /session/3d3f7fd824ffe76093792df5eba9e1c3/element/f.B31767EFF96F4B6690C27CBC6EB8D7D5.d.94279729553A6C69BE3A24CB17E7DF79.e.6126/click - {}
RESULT: {}
COMMAND: GET /session/3d3f7fd824ffe76093792df5eba9e1c3/screenshot - {}
RESULT: {}
COMMAND: POST /session/3d3f7fd824ffe76093792df5eba9e1c3/element - {"using":"xpath","value":"//label[contains(@class, 'sapMLabelRequired') and .//bdi[contains(text(), 'Planned Retirement')]]"}
RESULT: {"using":"xpath","value":"//label[contains(@class, 'sapMLabelRequired') and .//bdi[contains(text(), 'Planned Retirement')]]"}
COMMAND: POST /session/3d3f7fd824ffe76093792df5eba9e1c3/elements - {"using":"xpath","value":"//label[contains(@class, 'sapMLabelRequired') and .//bdi[contains(text(), 'Planned Retirement')]]"}
RESULT: {"using":"xpath","value":"//label[contains(@class, 'sapMLabelRequired') and .//bdi[contains(text(), 'Planned Retirement')]]"}
COMMAND: POST /session/3d3f7fd824ffe76093792df5eba9e1c3/element - {"using":"xpath","value":"//button[@data-kt=\"resourceUnitSaveButton\"]"}
RESULT: {"using":"xpath","value":"//button[@data-kt=\"resourceUnitSaveButton\"]"}
COMMAND: POST /session/3d3f7fd824ffe76093792df5eba9e1c3/element/f.B31767EFF96F4B6690C27CBC6EB8D7D5.d.94279729553A6C69BE3A24CB17E7DF79.e.6025/click - {}
RESULT: {}
COMMAND: GET /session/3d3f7fd824ffe76093792df5eba9e1c3/screenshot - {}
RESULT: {}
COMMAND: POST /session/3d3f7fd824ffe76093792df5eba9e1c3/element - {"using":"xpath","value":"//bdi[contains(text(), \"Close\")]"}
RESULT: {"using":"xpath","value":"//bdi[contains(text(), \"Close\")]"}
COMMAND: POST /session/3d3f7fd824ffe76093792df5eba9e1c3/element/f.B31767EFF96F4B6690C27CBC6EB8D7D5.d.94279729553A6C69BE3A24CB17E7DF79.e.6132/click - {}
RESULT: {}
COMMAND: GET /session/3d3f7fd824ffe76093792df5eba9e1c3/screenshot - {}
RESULT: {}
COMMAND: POST /session/3d3f7fd824ffe76093792df5eba9e1c3/element - {"using":"xpath","value":"//header[contains(@id, 'detailRruPage-headerTitle')]/div[1]/div[2]/div[2]/span[1]"}
RESULT: {"using":"xpath","value":"//header[contains(@id, 'detailRruPage-headerTitle')]/div[1]/div[2]/div[2]/span[1]"}
COMMAND: POST /session/3d3f7fd824ffe76093792df5eba9e1c3/elements - {"using":"xpath","value":"//header[contains(@id, 'detailRruPage-headerTitle')]/div[1]/div[2]/div[2]/span[1]"}
RESULT: {"using":"xpath","value":"//header[contains(@id, 'detailRruPage-headerTitle')]/div[1]/div[2]/div[2]/span[1]"}
COMMAND: POST /session/3d3f7fd824ffe76093792df5eba9e1c3/execute/sync - {"script":"<script> [56 bytes]","args":[{"element-6066-11e4-a52e-4f735466cecf":"f.B31767EFF96F4B6690C27CBC6EB8D7D5.d.94279729553A6C69BE3A24CB17E7DF79.e.6160","ELEMENT":"f.B31767EFF96F4B6690C27CBC6EB8D7D5.d.94279729553A6C69BE3A24CB17E7DF79.e.6160"}]}
RESULT: {"script":"<script> [56 bytes]","args":[{"element-6066-11e4-a52e-4f735466cecf":"f.B31767EFF96F4B6690C27CBC6EB8D7D5.d.94279729553A6C69BE3A24CB17E7DF79.e.6160","ELEMENT":"f.B31767EFF96F4B6690C27CBC6EB8D7D5.d.94279729553A6C69BE3A24CB17E7DF79.e.6160"}]}
COMMAND: POST /session/3d3f7fd824ffe76093792df5eba9e1c3/element - {"using":"css selector","value":"#shell-header-logo"}
COMMAND: GET /session/3d3f7fd824ffe76093792df5eba9e1c3/screenshot - {}
RESULT: {"using":"css selector","value":"#shell-header-logo"}
COMMAND: POST /session/3d3f7fd824ffe76093792df5eba9e1c3/element/f.B31767EFF96F4B6690C27CBC6EB8D7D5.d.94279729553A6C69BE3A24CB17E7DF79.e.5496/click - {}
RESULT: {}
RESULT: {}
COMMAND: GET /session/3d3f7fd824ffe76093792df5eba9e1c3/screenshot - {}
RESULT: {}
]]></system-out>
    </testcase>
    <testcase classname="chrome.136_0_7103_49.windows.Provide_to_Site_w/_warehouse_management_w/o_clarification_US113782_" name="Bin Status Report Should Create New Organization yard" time="0.004" />
    <testcase classname="chrome.136_0_7103_49.windows.Provide_to_Site_w/_warehouse_management_w/o_clarification_US113782_" name="Bin Status Report Should Create New Organization for Site" time="0.003" />
  </testsuite>
  <testsuite timestamp="2025-05-13T16:40:34" time="264.022" tests="5" failures="5" errors="5" skipped="0">
    <properties>
      <property name="specId" value="0" />
      <property name="suiteName" value="Provide to Site w/ warehouse management wo clarification" />
      <property name="capabilities" value="chrome.136_0_7103_49.windows" />
      <property name="file" value="file:///D:/a/1/s/test/specs/HTR/provide-to-site-w-warehouse-wo-clarification.spec.js" />
    </properties>
  </testsuite>
  <testsuite timestamp="2025-05-13T16:44:58" time="394.413" tests="4" failures="0" errors="0" skipped="0">
    <properties>
      <property name="specId" value="0" />
      <property name="suiteName" value="Provide to Site w/o warehouse management w/ clarification US116605" />
      <property name="capabilities" value="chrome.136_0_7103_49.windows" />
      <property name="file" value="file:///D:/a/1/s/test/specs/HTR/provide-to-site-wo-warehouse-w-clarification.spec.js" />
    </properties>
    <testcase classname="chrome.136_0_7103_49.windows.Provide_to_Site_w/o_warehouse_management_w/_clarification_US116605" name="Should create a new yard" time="107.937">
      <system-out><![CDATA[
COMMAND: POST /session/3d3f7fd824ffe76093792df5eba9e1c3/window/fullscreen - {}
RESULT: {}
COMMAND: POST /session/3d3f7fd824ffe76093792df5eba9e1c3/execute/async - {"script":"<script> [1562 bytes]","args":[{"selector":{"controlType":"sap.m.GenericTile","properties":{"header":"Manage Yards"}},"wdio_ui5_key":"sapm.GenericTile{\"header\":\"Manage Yards\"}"}]}
RESULT: {"script":"<script> [1562 bytes]","args":[{"selector":{"controlType":"sap.m.GenericTile","properties":{"header":"Manage Yards"}},"wdio_ui5_key":"sapm.GenericTile{\"header\":\"Manage Yards\"}"}]}
RESULT: undefined
COMMAND: POST /session/3d3f7fd824ffe76093792df5eba9e1c3/element - {"using":"xpath","value":"//*[@id=\"__tile33\"]"}
RESULT: {"using":"xpath","value":"//*[@id=\"__tile33\"]"}
COMMAND: POST /session/3d3f7fd824ffe76093792df5eba9e1c3/element/f.B31767EFF96F4B6690C27CBC6EB8D7D5.d.187C9A0ACCBD875C89BE1DED39699A8A.e.6786/click - {}
RESULT: {}
COMMAND: POST /session/3d3f7fd824ffe76093792df5eba9e1c3/element - {"using":"xpath","value":"//button[@data-kt=\"addNewYardOverflowToolbarButton\"]"}
COMMAND: GET /session/3d3f7fd824ffe76093792df5eba9e1c3/screenshot - {}
RESULT: {"using":"xpath","value":"//button[@data-kt=\"addNewYardOverflowToolbarButton\"]"}
COMMAND: POST /session/3d3f7fd824ffe76093792df5eba9e1c3/elements - {"using":"xpath","value":"//button[@data-kt=\"addNewYardOverflowToolbarButton\"]"}
RESULT: {}
RESULT: {"using":"xpath","value":"//button[@data-kt=\"addNewYardOverflowToolbarButton\"]"}
COMMAND: POST /session/3d3f7fd824ffe76093792df5eba9e1c3/elements - {"using":"xpath","value":"//button[@data-kt=\"addNewYardOverflowToolbarButton\"]"}
RESULT: {"using":"xpath","value":"//button[@data-kt=\"addNewYardOverflowToolbarButton\"]"}
COMMAND: POST /session/3d3f7fd824ffe76093792df5eba9e1c3/elements - {"using":"xpath","value":"//button[@data-kt=\"addNewYardOverflowToolbarButton\"]"}
RESULT: {"using":"xpath","value":"//button[@data-kt=\"addNewYardOverflowToolbarButton\"]"}
COMMAND: POST /session/3d3f7fd824ffe76093792df5eba9e1c3/elements - {"using":"xpath","value":"//button[@data-kt=\"addNewYardOverflowToolbarButton\"]"}
RESULT: {"using":"xpath","value":"//button[@data-kt=\"addNewYardOverflowToolbarButton\"]"}
COMMAND: POST /session/3d3f7fd824ffe76093792df5eba9e1c3/elements - {"using":"xpath","value":"//button[@data-kt=\"addNewYardOverflowToolbarButton\"]"}
RESULT: {"using":"xpath","value":"//button[@data-kt=\"addNewYardOverflowToolbarButton\"]"}
COMMAND: POST /session/3d3f7fd824ffe76093792df5eba9e1c3/elements - {"using":"xpath","value":"//button[@data-kt=\"addNewYardOverflowToolbarButton\"]"}
RESULT: {"using":"xpath","value":"//button[@data-kt=\"addNewYardOverflowToolbarButton\"]"}
COMMAND: POST /session/3d3f7fd824ffe76093792df5eba9e1c3/elements - {"using":"xpath","value":"//button[@data-kt=\"addNewYardOverflowToolbarButton\"]"}
RESULT: {"using":"xpath","value":"//button[@data-kt=\"addNewYardOverflowToolbarButton\"]"}
COMMAND: POST /session/3d3f7fd824ffe76093792df5eba9e1c3/elements - {"using":"xpath","value":"//button[@data-kt=\"addNewYardOverflowToolbarButton\"]"}
RESULT: {"using":"xpath","value":"//button[@data-kt=\"addNewYardOverflowToolbarButton\"]"}
COMMAND: POST /session/3d3f7fd824ffe76093792df5eba9e1c3/elements - {"using":"xpath","value":"//button[@data-kt=\"addNewYardOverflowToolbarButton\"]"}
RESULT: {"using":"xpath","value":"//button[@data-kt=\"addNewYardOverflowToolbarButton\"]"}
COMMAND: POST /session/3d3f7fd824ffe76093792df5eba9e1c3/elements - {"using":"xpath","value":"//button[@data-kt=\"addNewYardOverflowToolbarButton\"]"}
RESULT: {"using":"xpath","value":"//button[@data-kt=\"addNewYardOverflowToolbarButton\"]"}
COMMAND: POST /session/3d3f7fd824ffe76093792df5eba9e1c3/elements - {"using":"xpath","value":"//button[@data-kt=\"addNewYardOverflowToolbarButton\"]"}
RESULT: {"using":"xpath","value":"//button[@data-kt=\"addNewYardOverflowToolbarButton\"]"}
COMMAND: POST /session/3d3f7fd824ffe76093792df5eba9e1c3/element - {"using":"xpath","value":"//button[@data-kt=\"addNewYardOverflowToolbarButton\"]"}
RESULT: {"using":"xpath","value":"//button[@data-kt=\"addNewYardOverflowToolbarButton\"]"}
COMMAND: POST /session/3d3f7fd824ffe76093792df5eba9e1c3/execute/sync - {"script":"<script> [8489 bytes]","args":[{"element-6066-11e4-a52e-4f735466cecf":"f.B31767EFF96F4B6690C27CBC6EB8D7D5.d.187C9A0ACCBD875C89BE1DED39699A8A.e.6911","ELEMENT":"f.B31767EFF96F4B6690C27CBC6EB8D7D5.d.187C9A0ACCBD875C89BE1DED39699A8A.e.6911"}]}
RESULT: {"script":"<script> [8489 bytes]","args":[{"element-6066-11e4-a52e-4f735466cecf":"f.B31767EFF96F4B6690C27CBC6EB8D7D5.d.187C9A0ACCBD875C89BE1DED39699A8A.e.6911","ELEMENT":"f.B31767EFF96F4B6690C27CBC6EB8D7D5.d.187C9A0ACCBD875C89BE1DED39699A8A.e.6911"}]}
COMMAND: GET /session/3d3f7fd824ffe76093792df5eba9e1c3/element/f.B31767EFF96F4B6690C27CBC6EB8D7D5.d.187C9A0ACCBD875C89BE1DED39699A8A.e.6911/enabled - {}
COMMAND: GET /session/3d3f7fd824ffe76093792df5eba9e1c3/screenshot - {}
RESULT: {}
RESULT: {}
COMMAND: POST /session/3d3f7fd824ffe76093792df5eba9e1c3/execute/sync - {"script":"<script> [8489 bytes]","args":[{"element-6066-11e4-a52e-4f735466cecf":"f.B31767EFF96F4B6690C27CBC6EB8D7D5.d.187C9A0ACCBD875C89BE1DED39699A8A.e.6911","ELEMENT":"f.B31767EFF96F4B6690C27CBC6EB8D7D5.d.187C9A0ACCBD875C89BE1DED39699A8A.e.6911"}]}
COMMAND: GET /session/3d3f7fd824ffe76093792df5eba9e1c3/screenshot - {}
RESULT: {"script":"<script> [8489 bytes]","args":[{"element-6066-11e4-a52e-4f735466cecf":"f.B31767EFF96F4B6690C27CBC6EB8D7D5.d.187C9A0ACCBD875C89BE1DED39699A8A.e.6911","ELEMENT":"f.B31767EFF96F4B6690C27CBC6EB8D7D5.d.187C9A0ACCBD875C89BE1DED39699A8A.e.6911"}]}
COMMAND: POST /session/3d3f7fd824ffe76093792df5eba9e1c3/execute/sync - {"script":"<script> [5351 bytes]","args":[{"element-6066-11e4-a52e-4f735466cecf":"f.B31767EFF96F4B6690C27CBC6EB8D7D5.d.187C9A0ACCBD875C89BE1DED39699A8A.e.6911","ELEMENT":"f.B31767EFF96F4B6690C27CBC6EB8D7D5.d.187C9A0ACCBD875C89BE1DED39699A8A.e.6911"}]}
COMMAND: GET /session/3d3f7fd824ffe76093792df5eba9e1c3/screenshot - {}
RESULT: {}
RESULT: {"script":"<script> [5351 bytes]","args":[{"element-6066-11e4-a52e-4f735466cecf":"f.B31767EFF96F4B6690C27CBC6EB8D7D5.d.187C9A0ACCBD875C89BE1DED39699A8A.e.6911","ELEMENT":"f.B31767EFF96F4B6690C27CBC6EB8D7D5.d.187C9A0ACCBD875C89BE1DED39699A8A.e.6911"}]}
COMMAND: POST /session/3d3f7fd824ffe76093792df5eba9e1c3/element/f.B31767EFF96F4B6690C27CBC6EB8D7D5.d.187C9A0ACCBD875C89BE1DED39699A8A.e.6911/click - {}
COMMAND: GET /session/3d3f7fd824ffe76093792df5eba9e1c3/screenshot - {}
RESULT: {}
RESULT: {}
COMMAND: GET /session/3d3f7fd824ffe76093792df5eba9e1c3/screenshot - {}
RESULT: {}
COMMAND: POST /session/3d3f7fd824ffe76093792df5eba9e1c3/element - {"using":"xpath","value":"//input[@id=\"application-manageyards-display-component---NewYard--yardId-inner\"]"}
RESULT: {}
RESULT: {"using":"xpath","value":"//input[@id=\"application-manageyards-display-component---NewYard--yardId-inner\"]"}
COMMAND: POST /session/3d3f7fd824ffe76093792df5eba9e1c3/element - {"using":"xpath","value":"//input[@id=\"application-manageyards-display-component---NewYard--yardId-inner\"]"}
RESULT: {"using":"xpath","value":"//input[@id=\"application-manageyards-display-component---NewYard--yardId-inner\"]"}
COMMAND: POST /session/3d3f7fd824ffe76093792df5eba9e1c3/execute/async - {"script":"<script> [1562 bytes]","args":[{"selector":{"id":"application-manageyards-display-component---NewYard--addressDetailDetailsName1","interaction":{"idSuffix":"inner"}},"wdio_ui5_key":"applicationmanageyards-display-component---NewYard--addressDetailDetailsName1"}]}
RESULT: {"script":"<script> [1562 bytes]","args":[{"selector":{"id":"application-manageyards-display-component---NewYard--addressDetailDetailsName1","interaction":{"idSuffix":"inner"}},"wdio_ui5_key":"applicationmanageyards-display-component---NewYard--addressDetailDetailsName1"}]}
RESULT: undefined
COMMAND: POST /session/3d3f7fd824ffe76093792df5eba9e1c3/execute/async - {"script":"<script> [776 bytes]","args":[{"enterText":"Other Yard WDIO","selector":{"id":"application-manageyards-display-component---NewYard--addressDetailDetailsName1","interaction":{"idSuffix":"inner"}},"clearTextFirst":true,"interactionType":"ENTER_TEXT"}]}
RESULT: {"script":"<script> [776 bytes]","args":[{"enterText":"Other Yard WDIO","selector":{"id":"application-manageyards-display-component---NewYard--addressDetailDetailsName1","interaction":{"idSuffix":"inner"}},"clearTextFirst":true,"interactionType":"ENTER_TEXT"}]}
COMMAND: POST /session/3d3f7fd824ffe76093792df5eba9e1c3/execute/async - {"script":"<script> [1562 bytes]","args":[{"selector":{"id":"application-manageyards-display-component---NewYard--addressDetailDetailsLanguage-arrow"},"wdio_ui5_key":"applicationmanageyards-display-component---NewYard--addressDetailDetailsLanguage-arrow"}]}
RESULT: {"script":"<script> [1562 bytes]","args":[{"selector":{"id":"application-manageyards-display-component---NewYard--addressDetailDetailsLanguage-arrow"},"wdio_ui5_key":"applicationmanageyards-display-component---NewYard--addressDetailDetailsLanguage-arrow"}]}
RESULT: undefined
COMMAND: POST /session/3d3f7fd824ffe76093792df5eba9e1c3/element - {"using":"xpath","value":"//*[@id=\"application-manageyards-display-component---NewYard--addressDetailDetailsLanguage-arrow\"]"}
RESULT: {"using":"xpath","value":"//*[@id=\"application-manageyards-display-component---NewYard--addressDetailDetailsLanguage-arrow\"]"}
COMMAND: POST /session/3d3f7fd824ffe76093792df5eba9e1c3/element/f.B31767EFF96F4B6690C27CBC6EB8D7D5.d.187C9A0ACCBD875C89BE1DED39699A8A.e.7357/click - {}
RESULT: {}
COMMAND: POST /session/3d3f7fd824ffe76093792df5eba9e1c3/element - {"using":"xpath","value":"//span[contains(text(), \"English\")]"}
COMMAND: GET /session/3d3f7fd824ffe76093792df5eba9e1c3/screenshot - {}
RESULT: {"using":"xpath","value":"//span[contains(text(), \"English\")]"}
COMMAND: POST /session/3d3f7fd824ffe76093792df5eba9e1c3/element/f.B31767EFF96F4B6690C27CBC6EB8D7D5.d.187C9A0ACCBD875C89BE1DED39699A8A.e.7358/click - {}
RESULT: {}
RESULT: {}
COMMAND: POST /session/3d3f7fd824ffe76093792df5eba9e1c3/execute/async - {"script":"<script> [1562 bytes]","args":[{"selector":{"id":"application-manageyards-display-component---NewYard--addressDetailDetailsCity1","interaction":{"idSuffix":"inner"}},"wdio_ui5_key":"applicationmanageyards-display-component---NewYard--addressDetailDetailsCity1"}]}
COMMAND: GET /session/3d3f7fd824ffe76093792df5eba9e1c3/screenshot - {}
RESULT: {"script":"<script> [1562 bytes]","args":[{"selector":{"id":"application-manageyards-display-component---NewYard--addressDetailDetailsCity1","interaction":{"idSuffix":"inner"}},"wdio_ui5_key":"applicationmanageyards-display-component---NewYard--addressDetailDetailsCity1"}]}
RESULT: undefined
COMMAND: POST /session/3d3f7fd824ffe76093792df5eba9e1c3/execute/async - {"script":"<script> [776 bytes]","args":[{"enterText":"Rosario","selector":{"id":"application-manageyards-display-component---NewYard--addressDetailDetailsCity1","interaction":{"idSuffix":"inner"}},"clearTextFirst":true,"interactionType":"ENTER_TEXT"}]}
RESULT: {}
RESULT: {"script":"<script> [776 bytes]","args":[{"enterText":"Rosario","selector":{"id":"application-manageyards-display-component---NewYard--addressDetailDetailsCity1","interaction":{"idSuffix":"inner"}},"clearTextFirst":true,"interactionType":"ENTER_TEXT"}]}
COMMAND: POST /session/3d3f7fd824ffe76093792df5eba9e1c3/execute/async - {"script":"<script> [1562 bytes]","args":[{"selector":{"id":"application-manageyards-display-component---NewYard--addressDetailDetailsCountry-arrow"},"wdio_ui5_key":"applicationmanageyards-display-component---NewYard--addressDetailDetailsCountry-arrow"}]}
RESULT: {"script":"<script> [1562 bytes]","args":[{"selector":{"id":"application-manageyards-display-component---NewYard--addressDetailDetailsCountry-arrow"},"wdio_ui5_key":"applicationmanageyards-display-component---NewYard--addressDetailDetailsCountry-arrow"}]}
RESULT: undefined
COMMAND: POST /session/3d3f7fd824ffe76093792df5eba9e1c3/element - {"using":"xpath","value":"//*[@id=\"application-manageyards-display-component---NewYard--addressDetailDetailsCountry-arrow\"]"}
RESULT: {"using":"xpath","value":"//*[@id=\"application-manageyards-display-component---NewYard--addressDetailDetailsCountry-arrow\"]"}
COMMAND: POST /session/3d3f7fd824ffe76093792df5eba9e1c3/element/f.B31767EFF96F4B6690C27CBC6EB8D7D5.d.187C9A0ACCBD875C89BE1DED39699A8A.e.7360/click - {}
RESULT: {}
COMMAND: POST /session/3d3f7fd824ffe76093792df5eba9e1c3/element - {"using":"xpath","value":"//span[contains(text(), \"Argentina\")]"}
COMMAND: GET /session/3d3f7fd824ffe76093792df5eba9e1c3/screenshot - {}
RESULT: {"using":"xpath","value":"//span[contains(text(), \"Argentina\")]"}
COMMAND: POST /session/3d3f7fd824ffe76093792df5eba9e1c3/element/f.B31767EFF96F4B6690C27CBC6EB8D7D5.d.187C9A0ACCBD875C89BE1DED39699A8A.e.7361/click - {}
RESULT: {}
RESULT: {}
COMMAND: POST /session/3d3f7fd824ffe76093792df5eba9e1c3/execute/async - {"script":"<script> [1562 bytes]","args":[{"selector":{"id":"application-manageyards-display-component---NewYard--addressEditDetailsCostObjectCstType-arrow"},"wdio_ui5_key":"applicationmanageyards-display-component---NewYard--addressEditDetailsCostObjectCstType-arrow"}]}
COMMAND: GET /session/3d3f7fd824ffe76093792df5eba9e1c3/screenshot - {}
RESULT: {"script":"<script> [1562 bytes]","args":[{"selector":{"id":"application-manageyards-display-component---NewYard--addressEditDetailsCostObjectCstType-arrow"},"wdio_ui5_key":"applicationmanageyards-display-component---NewYard--addressEditDetailsCostObjectCstType-arrow"}]}
RESULT: undefined
COMMAND: POST /session/3d3f7fd824ffe76093792df5eba9e1c3/element - {"using":"xpath","value":"//*[@id=\"application-manageyards-display-component---NewYard--addressEditDetailsCostObjectCstType-arrow\"]"}
RESULT: {}
RESULT: {"using":"xpath","value":"//*[@id=\"application-manageyards-display-component---NewYard--addressEditDetailsCostObjectCstType-arrow\"]"}
COMMAND: POST /session/3d3f7fd824ffe76093792df5eba9e1c3/element/f.B31767EFF96F4B6690C27CBC6EB8D7D5.d.187C9A0ACCBD875C89BE1DED39699A8A.e.7363/click - {}
RESULT: {}
COMMAND: POST /session/3d3f7fd824ffe76093792df5eba9e1c3/element - {"using":"xpath","value":"//span[contains(text(), \"Cost Center\")]"}
COMMAND: GET /session/3d3f7fd824ffe76093792df5eba9e1c3/screenshot - {}
RESULT: {"using":"xpath","value":"//span[contains(text(), \"Cost Center\")]"}
COMMAND: POST /session/3d3f7fd824ffe76093792df5eba9e1c3/element/f.B31767EFF96F4B6690C27CBC6EB8D7D5.d.187C9A0ACCBD875C89BE1DED39699A8A.e.7364/click - {}
RESULT: {}
RESULT: {}
COMMAND: GET /session/3d3f7fd824ffe76093792df5eba9e1c3/screenshot - {}
RESULT: {}
COMMAND: POST /session/3d3f7fd824ffe76093792df5eba9e1c3/element - {"using":"xpath","value":"//span[@id=\"application-manageyards-display-component---NewYard--addressNewCostObjectCstID-vhi\"]"}
RESULT: {"using":"xpath","value":"//span[@id=\"application-manageyards-display-component---NewYard--addressNewCostObjectCstID-vhi\"]"}
COMMAND: POST /session/3d3f7fd824ffe76093792df5eba9e1c3/execute/sync - {"script":"<script> [8489 bytes]","args":[{"element-6066-11e4-a52e-4f735466cecf":"f.B31767EFF96F4B6690C27CBC6EB8D7D5.d.187C9A0ACCBD875C89BE1DED39699A8A.e.7368","ELEMENT":"f.B31767EFF96F4B6690C27CBC6EB8D7D5.d.187C9A0ACCBD875C89BE1DED39699A8A.e.7368"}]}
RESULT: {"script":"<script> [8489 bytes]","args":[{"element-6066-11e4-a52e-4f735466cecf":"f.B31767EFF96F4B6690C27CBC6EB8D7D5.d.187C9A0ACCBD875C89BE1DED39699A8A.e.7368","ELEMENT":"f.B31767EFF96F4B6690C27CBC6EB8D7D5.d.187C9A0ACCBD875C89BE1DED39699A8A.e.7368"}]}
COMMAND: POST /session/3d3f7fd824ffe76093792df5eba9e1c3/execute/async - {"script":"<script> [1562 bytes]","args":[{"selector":{"id":"application-manageyards-display-component---NewYard--addressNewCostObjectCstID-vhi"},"wdio_ui5_key":"applicationmanageyards-display-component---NewYard--addressNewCostObjectCstID-vhi"}]}
COMMAND: GET /session/3d3f7fd824ffe76093792df5eba9e1c3/screenshot - {}
RESULT: {"script":"<script> [1562 bytes]","args":[{"selector":{"id":"application-manageyards-display-component---NewYard--addressNewCostObjectCstID-vhi"},"wdio_ui5_key":"applicationmanageyards-display-component---NewYard--addressNewCostObjectCstID-vhi"}]}
RESULT: undefined
COMMAND: POST /session/3d3f7fd824ffe76093792df5eba9e1c3/element - {"using":"xpath","value":"//*[@id=\"application-manageyards-display-component---NewYard--addressNewCostObjectCstID-vhi\"]"}
RESULT: {}
RESULT: {"using":"xpath","value":"//*[@id=\"application-manageyards-display-component---NewYard--addressNewCostObjectCstID-vhi\"]"}
COMMAND: POST /session/3d3f7fd824ffe76093792df5eba9e1c3/element/f.B31767EFF96F4B6690C27CBC6EB8D7D5.d.187C9A0ACCBD875C89BE1DED39699A8A.e.7368/click - {}
RESULT: {}
COMMAND: GET /session/3d3f7fd824ffe76093792df5eba9e1c3/screenshot - {}
RESULT: {}
COMMAND: POST /session/3d3f7fd824ffe76093792df5eba9e1c3/execute/async - {"script":"<script> [1562 bytes]","args":[{"selector":{"controlType":"sap.m.SearchField","properties":{"placeholder":"Search"},"searchOpenDialogs":true,"interaction":{"idSuffix":"I"}},"wdio_ui5_key":"sapm.SearchField{\"placeholder\":\"Search\"}"}]}
RESULT: {"script":"<script> [1562 bytes]","args":[{"selector":{"controlType":"sap.m.SearchField","properties":{"placeholder":"Search"},"searchOpenDialogs":true,"interaction":{"idSuffix":"I"}},"wdio_ui5_key":"sapm.SearchField{\"placeholder\":\"Search\"}"}]}
RESULT: undefined
COMMAND: POST /session/3d3f7fd824ffe76093792df5eba9e1c3/execute/async - {"script":"<script> [776 bytes]","args":[{"enterText":"10001013","selector":{"controlType":"sap.m.SearchField","properties":{"placeholder":"Search"},"searchOpenDialogs":true,"interaction":{"idSuffix":"I"}},"clearTextFirst":true,"interactionType":"ENTER_TEXT"}]}
RESULT: {"script":"<script> [776 bytes]","args":[{"enterText":"10001013","selector":{"controlType":"sap.m.SearchField","properties":{"placeholder":"Search"},"searchOpenDialogs":true,"interaction":{"idSuffix":"I"}},"clearTextFirst":true,"interactionType":"ENTER_TEXT"}]}
COMMAND: POST /session/3d3f7fd824ffe76093792df5eba9e1c3/actions - {"actions":[{"id":"action29","type":"key","parameters":{},"actions":[{"type":"keyDown","value":"î€‡"},{"type":"pause","duration":10},{"type":"keyUp","value":"î€‡"}]}]}
RESULT: {"actions":[{"id":"action29","type":"key","parameters":{},"actions":[{"type":"keyDown","value":"î€‡"},{"type":"pause","duration":10},{"type":"keyUp","value":"î€‡"}]}]}
COMMAND: GET /session/3d3f7fd824ffe76093792df5eba9e1c3/screenshot - {}
RESULT: {}
COMMAND: POST /session/3d3f7fd824ffe76093792df5eba9e1c3/element - {"using":"xpath","value":"//span[contains(text(), \"General Management\")]"}
RESULT: {"using":"xpath","value":"//span[contains(text(), \"General Management\")]"}
COMMAND: POST /session/3d3f7fd824ffe76093792df5eba9e1c3/element/f.B31767EFF96F4B6690C27CBC6EB8D7D5.d.187C9A0ACCBD875C89BE1DED39699A8A.e.7408/click - {}
RESULT: {}
COMMAND: GET /session/3d3f7fd824ffe76093792df5eba9e1c3/screenshot - {}
RESULT: {}
COMMAND: POST /session/3d3f7fd824ffe76093792df5eba9e1c3/element - {"using":"xpath","value":"//bdi[contains(text(), \"OK\")]"}
RESULT: {"using":"xpath","value":"//bdi[contains(text(), \"OK\")]"}
COMMAND: POST /session/3d3f7fd824ffe76093792df5eba9e1c3/element/f.B31767EFF96F4B6690C27CBC6EB8D7D5.d.187C9A0ACCBD875C89BE1DED39699A8A.e.7409/click - {}
RESULT: {}
COMMAND: GET /session/3d3f7fd824ffe76093792df5eba9e1c3/screenshot - {}
RESULT: {}
COMMAND: POST /session/3d3f7fd824ffe76093792df5eba9e1c3/execute/async - {"script":"<script> [1562 bytes]","args":[{"selector":{"id":"application-manageyards-display-component---NewYard--addressEditDetailsCurrency-arrow"},"wdio_ui5_key":"applicationmanageyards-display-component---NewYard--addressEditDetailsCurrency-arrow"}]}
RESULT: {"script":"<script> [1562 bytes]","args":[{"selector":{"id":"application-manageyards-display-component---NewYard--addressEditDetailsCurrency-arrow"},"wdio_ui5_key":"applicationmanageyards-display-component---NewYard--addressEditDetailsCurrency-arrow"}]}
RESULT: undefined
COMMAND: POST /session/3d3f7fd824ffe76093792df5eba9e1c3/element - {"using":"xpath","value":"//*[@id=\"application-manageyards-display-component---NewYard--addressEditDetailsCurrency-arrow\"]"}
RESULT: {"using":"xpath","value":"//*[@id=\"application-manageyards-display-component---NewYard--addressEditDetailsCurrency-arrow\"]"}
COMMAND: POST /session/3d3f7fd824ffe76093792df5eba9e1c3/element/f.B31767EFF96F4B6690C27CBC6EB8D7D5.d.187C9A0ACCBD875C89BE1DED39699A8A.e.7412/click - {}
RESULT: {}
COMMAND: POST /session/3d3f7fd824ffe76093792df5eba9e1c3/element - {"using":"xpath","value":"//span[contains(text(), \"Euro\")]"}
COMMAND: GET /session/3d3f7fd824ffe76093792df5eba9e1c3/screenshot - {}
RESULT: {"using":"xpath","value":"//span[contains(text(), \"Euro\")]"}
COMMAND: POST /session/3d3f7fd824ffe76093792df5eba9e1c3/element/f.B31767EFF96F4B6690C27CBC6EB8D7D5.d.187C9A0ACCBD875C89BE1DED39699A8A.e.7413/click - {}
RESULT: {}
RESULT: {}
COMMAND: POST /session/3d3f7fd824ffe76093792df5eba9e1c3/execute/async - {"script":"<script> [1562 bytes]","args":[{"selector":{"controlType":"sap.m.Input","viewName":"etm.portal.ui.manageyards.view.New","viewId":"application-manageyards-display-component---NewYard","bindingPath":{"path":"","propertyPath":"/CONTROLLING_AREA","modelName":"NewYardModel"},"interaction":{"idSuffix":"inner"}},"wdio_ui5_key":"etmportal.ui.manageyards.view.Newsap.m.Input{\"path\":\"\",\"propertyPath\":\"/CONTROLLING_AREA\",\"modelName\":\"NewYardModel\"}"}]}
COMMAND: GET /session/3d3f7fd824ffe76093792df5eba9e1c3/screenshot - {}
RESULT: {"script":"<script> [1562 bytes]","args":[{"selector":{"controlType":"sap.m.Input","viewName":"etm.portal.ui.manageyards.view.New","viewId":"application-manageyards-display-component---NewYard","bindingPath":{"path":"","propertyPath":"/CONTROLLING_AREA","modelName":"NewYardModel"},"interaction":{"idSuffix":"inner"}},"wdio_ui5_key":"etmportal.ui.manageyards.view.Newsap.m.Input{\"path\":\"\",\"propertyPath\":\"/CONTROLLING_AREA\",\"modelName\":\"NewYardModel\"}"}]}
RESULT: undefined
COMMAND: POST /session/3d3f7fd824ffe76093792df5eba9e1c3/execute/async - {"script":"<script> [776 bytes]","args":[{"enterText":"Z001","selector":{"controlType":"sap.m.Input","viewName":"etm.portal.ui.manageyards.view.New","viewId":"application-manageyards-display-component---NewYard","bindingPath":{"path":"","propertyPath":"/CONTROLLING_AREA","modelName":"NewYardModel"},"interaction":{"idSuffix":"inner"}},"clearTextFirst":true,"interactionType":"ENTER_TEXT"}]}
RESULT: {}
RESULT: {"script":"<script> [776 bytes]","args":[{"enterText":"Z001","selector":{"controlType":"sap.m.Input","viewName":"etm.portal.ui.manageyards.view.New","viewId":"application-manageyards-display-component---NewYard","bindingPath":{"path":"","propertyPath":"/CONTROLLING_AREA","modelName":"NewYardModel"},"interaction":{"idSuffix":"inner"}},"clearTextFirst":true,"interactionType":"ENTER_TEXT"}]}
COMMAND: POST /session/3d3f7fd824ffe76093792df5eba9e1c3/execute/async - {"script":"<script> [1562 bytes]","args":[{"selector":{"id":"application-manageyards-display-component---NewYard--companyCodeComboBox","interaction":{"idSuffix":"inner"}},"wdio_ui5_key":"applicationmanageyards-display-component---NewYard--companyCodeComboBox"}]}
RESULT: {"script":"<script> [1562 bytes]","args":[{"selector":{"id":"application-manageyards-display-component---NewYard--companyCodeComboBox","interaction":{"idSuffix":"inner"}},"wdio_ui5_key":"applicationmanageyards-display-component---NewYard--companyCodeComboBox"}]}
RESULT: undefined
COMMAND: POST /session/3d3f7fd824ffe76093792df5eba9e1c3/execute/async - {"script":"<script> [776 bytes]","args":[{"enterText":"1000","selector":{"id":"application-manageyards-display-component---NewYard--companyCodeComboBox","interaction":{"idSuffix":"inner"}},"clearTextFirst":true,"interactionType":"ENTER_TEXT"}]}
RESULT: {"script":"<script> [776 bytes]","args":[{"enterText":"1000","selector":{"id":"application-manageyards-display-component---NewYard--companyCodeComboBox","interaction":{"idSuffix":"inner"}},"clearTextFirst":true,"interactionType":"ENTER_TEXT"}]}
COMMAND: POST /session/3d3f7fd824ffe76093792df5eba9e1c3/execute/async - {"script":"<script> [1562 bytes]","args":[{"selector":{"controlType":"sap.m.Input","viewName":"etm.portal.ui.manageyards.view.New","viewId":"application-manageyards-display-component---NewYard","bindingPath":{"path":"","propertyPath":"/PLANT","modelName":"NewYardModel"},"interaction":{"idSuffix":"inner"}},"wdio_ui5_key":"etmportal.ui.manageyards.view.Newsap.m.Input{\"path\":\"\",\"propertyPath\":\"/PLANT\",\"modelName\":\"NewYardModel\"}"}]}
RESULT: {"script":"<script> [1562 bytes]","args":[{"selector":{"controlType":"sap.m.Input","viewName":"etm.portal.ui.manageyards.view.New","viewId":"application-manageyards-display-component---NewYard","bindingPath":{"path":"","propertyPath":"/PLANT","modelName":"NewYardModel"},"interaction":{"idSuffix":"inner"}},"wdio_ui5_key":"etmportal.ui.manageyards.view.Newsap.m.Input{\"path\":\"\",\"propertyPath\":\"/PLANT\",\"modelName\":\"NewYardModel\"}"}]}
RESULT: undefined
COMMAND: POST /session/3d3f7fd824ffe76093792df5eba9e1c3/execute/async - {"script":"<script> [776 bytes]","args":[{"enterText":"1001","selector":{"controlType":"sap.m.Input","viewName":"etm.portal.ui.manageyards.view.New","viewId":"application-manageyards-display-component---NewYard","bindingPath":{"path":"","propertyPath":"/PLANT","modelName":"NewYardModel"},"interaction":{"idSuffix":"inner"}},"clearTextFirst":true,"interactionType":"ENTER_TEXT"}]}
RESULT: {"script":"<script> [776 bytes]","args":[{"enterText":"1001","selector":{"controlType":"sap.m.Input","viewName":"etm.portal.ui.manageyards.view.New","viewId":"application-manageyards-display-component---NewYard","bindingPath":{"path":"","propertyPath":"/PLANT","modelName":"NewYardModel"},"interaction":{"idSuffix":"inner"}},"clearTextFirst":true,"interactionType":"ENTER_TEXT"}]}
COMMAND: POST /session/3d3f7fd824ffe76093792df5eba9e1c3/execute/async - {"script":"<script> [1562 bytes]","args":[{"selector":{"controlType":"sap.m.Input","viewName":"etm.portal.ui.manageyards.view.New","viewId":"application-manageyards-display-component---NewYard","bindingPath":{"path":"","propertyPath":"/SALES_AREA_VKORG","modelName":"NewYardModel"},"interaction":{"idSuffix":"inner"}},"wdio_ui5_key":"etmportal.ui.manageyards.view.Newsap.m.Input{\"path\":\"\",\"propertyPath\":\"/SALES_AREA_VKORG\",\"modelName\":\"NewYardModel\"}"}]}
RESULT: {"script":"<script> [1562 bytes]","args":[{"selector":{"controlType":"sap.m.Input","viewName":"etm.portal.ui.manageyards.view.New","viewId":"application-manageyards-display-component---NewYard","bindingPath":{"path":"","propertyPath":"/SALES_AREA_VKORG","modelName":"NewYardModel"},"interaction":{"idSuffix":"inner"}},"wdio_ui5_key":"etmportal.ui.manageyards.view.Newsap.m.Input{\"path\":\"\",\"propertyPath\":\"/SALES_AREA_VKORG\",\"modelName\":\"NewYardModel\"}"}]}
RESULT: undefined
COMMAND: POST /session/3d3f7fd824ffe76093792df5eba9e1c3/execute/async - {"script":"<script> [776 bytes]","args":[{"enterText":"C002","selector":{"controlType":"sap.m.Input","viewName":"etm.portal.ui.manageyards.view.New","viewId":"application-manageyards-display-component---NewYard","bindingPath":{"path":"","propertyPath":"/SALES_AREA_VKORG","modelName":"NewYardModel"},"interaction":{"idSuffix":"inner"}},"clearTextFirst":true,"interactionType":"ENTER_TEXT"}]}
RESULT: {"script":"<script> [776 bytes]","args":[{"enterText":"C002","selector":{"controlType":"sap.m.Input","viewName":"etm.portal.ui.manageyards.view.New","viewId":"application-manageyards-display-component---NewYard","bindingPath":{"path":"","propertyPath":"/SALES_AREA_VKORG","modelName":"NewYardModel"},"interaction":{"idSuffix":"inner"}},"clearTextFirst":true,"interactionType":"ENTER_TEXT"}]}
COMMAND: POST /session/3d3f7fd824ffe76093792df5eba9e1c3/execute/async - {"script":"<script> [1562 bytes]","args":[{"selector":{"controlType":"sap.m.Input","viewName":"etm.portal.ui.manageyards.view.New","viewId":"application-manageyards-display-component---NewYard","bindingPath":{"path":"","propertyPath":"/SALES_AREA_VTWEG","modelName":"NewYardModel"},"interaction":{"idSuffix":"inner"}},"wdio_ui5_key":"etmportal.ui.manageyards.view.Newsap.m.Input{\"path\":\"\",\"propertyPath\":\"/SALES_AREA_VTWEG\",\"modelName\":\"NewYardModel\"}"}]}
RESULT: {"script":"<script> [1562 bytes]","args":[{"selector":{"controlType":"sap.m.Input","viewName":"etm.portal.ui.manageyards.view.New","viewId":"application-manageyards-display-component---NewYard","bindingPath":{"path":"","propertyPath":"/SALES_AREA_VTWEG","modelName":"NewYardModel"},"interaction":{"idSuffix":"inner"}},"wdio_ui5_key":"etmportal.ui.manageyards.view.Newsap.m.Input{\"path\":\"\",\"propertyPath\":\"/SALES_AREA_VTWEG\",\"modelName\":\"NewYardModel\"}"}]}
RESULT: undefined
COMMAND: POST /session/3d3f7fd824ffe76093792df5eba9e1c3/execute/async - {"script":"<script> [776 bytes]","args":[{"enterText":"C2","selector":{"controlType":"sap.m.Input","viewName":"etm.portal.ui.manageyards.view.New","viewId":"application-manageyards-display-component---NewYard","bindingPath":{"path":"","propertyPath":"/SALES_AREA_VTWEG","modelName":"NewYardModel"},"interaction":{"idSuffix":"inner"}},"clearTextFirst":true,"interactionType":"ENTER_TEXT"}]}
RESULT: {"script":"<script> [776 bytes]","args":[{"enterText":"C2","selector":{"controlType":"sap.m.Input","viewName":"etm.portal.ui.manageyards.view.New","viewId":"application-manageyards-display-component---NewYard","bindingPath":{"path":"","propertyPath":"/SALES_AREA_VTWEG","modelName":"NewYardModel"},"interaction":{"idSuffix":"inner"}},"clearTextFirst":true,"interactionType":"ENTER_TEXT"}]}
COMMAND: POST /session/3d3f7fd824ffe76093792df5eba9e1c3/execute/async - {"script":"<script> [1562 bytes]","args":[{"selector":{"controlType":"sap.m.Input","viewName":"etm.portal.ui.manageyards.view.New","viewId":"application-manageyards-display-component---NewYard","bindingPath":{"path":"","propertyPath":"/SALES_AREA_SPART","modelName":"NewYardModel"},"interaction":{"idSuffix":"inner"}},"wdio_ui5_key":"etmportal.ui.manageyards.view.Newsap.m.Input{\"path\":\"\",\"propertyPath\":\"/SALES_AREA_SPART\",\"modelName\":\"NewYardModel\"}"}]}
RESULT: {"script":"<script> [1562 bytes]","args":[{"selector":{"controlType":"sap.m.Input","viewName":"etm.portal.ui.manageyards.view.New","viewId":"application-manageyards-display-component---NewYard","bindingPath":{"path":"","propertyPath":"/SALES_AREA_SPART","modelName":"NewYardModel"},"interaction":{"idSuffix":"inner"}},"wdio_ui5_key":"etmportal.ui.manageyards.view.Newsap.m.Input{\"path\":\"\",\"propertyPath\":\"/SALES_AREA_SPART\",\"modelName\":\"NewYardModel\"}"}]}
RESULT: undefined
COMMAND: POST /session/3d3f7fd824ffe76093792df5eba9e1c3/execute/async - {"script":"<script> [776 bytes]","args":[{"enterText":"C2","selector":{"controlType":"sap.m.Input","viewName":"etm.portal.ui.manageyards.view.New","viewId":"application-manageyards-display-component---NewYard","bindingPath":{"path":"","propertyPath":"/SALES_AREA_SPART","modelName":"NewYardModel"},"interaction":{"idSuffix":"inner"}},"clearTextFirst":true,"interactionType":"ENTER_TEXT"}]}
RESULT: {"script":"<script> [776 bytes]","args":[{"enterText":"C2","selector":{"controlType":"sap.m.Input","viewName":"etm.portal.ui.manageyards.view.New","viewId":"application-manageyards-display-component---NewYard","bindingPath":{"path":"","propertyPath":"/SALES_AREA_SPART","modelName":"NewYardModel"},"interaction":{"idSuffix":"inner"}},"clearTextFirst":true,"interactionType":"ENTER_TEXT"}]}
COMMAND: POST /session/3d3f7fd824ffe76093792df5eba9e1c3/execute/async - {"script":"<script> [1562 bytes]","args":[{"selector":{"controlType":"sap.m.Input","viewName":"etm.portal.ui.manageyards.view.New","viewId":"application-manageyards-display-component---NewYard","bindingPath":{"path":"","propertyPath":"/SHIP_POINT","modelName":"NewYardModel"},"interaction":{"idSuffix":"inner"}},"wdio_ui5_key":"etmportal.ui.manageyards.view.Newsap.m.Input{\"path\":\"\",\"propertyPath\":\"/SHIP_POINT\",\"modelName\":\"NewYardModel\"}"}]}
RESULT: {"script":"<script> [1562 bytes]","args":[{"selector":{"controlType":"sap.m.Input","viewName":"etm.portal.ui.manageyards.view.New","viewId":"application-manageyards-display-component---NewYard","bindingPath":{"path":"","propertyPath":"/SHIP_POINT","modelName":"NewYardModel"},"interaction":{"idSuffix":"inner"}},"wdio_ui5_key":"etmportal.ui.manageyards.view.Newsap.m.Input{\"path\":\"\",\"propertyPath\":\"/SHIP_POINT\",\"modelName\":\"NewYardModel\"}"}]}
RESULT: undefined
COMMAND: POST /session/3d3f7fd824ffe76093792df5eba9e1c3/execute/async - {"script":"<script> [776 bytes]","args":[{"enterText":"1710","selector":{"controlType":"sap.m.Input","viewName":"etm.portal.ui.manageyards.view.New","viewId":"application-manageyards-display-component---NewYard","bindingPath":{"path":"","propertyPath":"/SHIP_POINT","modelName":"NewYardModel"},"interaction":{"idSuffix":"inner"}},"clearTextFirst":true,"interactionType":"ENTER_TEXT"}]}
RESULT: {"script":"<script> [776 bytes]","args":[{"enterText":"1710","selector":{"controlType":"sap.m.Input","viewName":"etm.portal.ui.manageyards.view.New","viewId":"application-manageyards-display-component---NewYard","bindingPath":{"path":"","propertyPath":"/SHIP_POINT","modelName":"NewYardModel"},"interaction":{"idSuffix":"inner"}},"clearTextFirst":true,"interactionType":"ENTER_TEXT"}]}
COMMAND: POST /session/3d3f7fd824ffe76093792df5eba9e1c3/execute/async - {"script":"<script> [1562 bytes]","args":[{"selector":{"controlType":"sap.m.Input","viewName":"etm.portal.ui.manageyards.view.New","viewId":"application-manageyards-display-component---NewYard","bindingPath":{"path":"","propertyPath":"/DELIVERY_TYPE","modelName":"NewYardModel"},"interaction":{"idSuffix":"inner"}},"wdio_ui5_key":"etmportal.ui.manageyards.view.Newsap.m.Input{\"path\":\"\",\"propertyPath\":\"/DELIVERY_TYPE\",\"modelName\":\"NewYardModel\"}"}]}
RESULT: {"script":"<script> [1562 bytes]","args":[{"selector":{"controlType":"sap.m.Input","viewName":"etm.portal.ui.manageyards.view.New","viewId":"application-manageyards-display-component---NewYard","bindingPath":{"path":"","propertyPath":"/DELIVERY_TYPE","modelName":"NewYardModel"},"interaction":{"idSuffix":"inner"}},"wdio_ui5_key":"etmportal.ui.manageyards.view.Newsap.m.Input{\"path\":\"\",\"propertyPath\":\"/DELIVERY_TYPE\",\"modelName\":\"NewYardModel\"}"}]}
RESULT: undefined
COMMAND: POST /session/3d3f7fd824ffe76093792df5eba9e1c3/execute/async - {"script":"<script> [776 bytes]","args":[{"enterText":"ZL01","selector":{"controlType":"sap.m.Input","viewName":"etm.portal.ui.manageyards.view.New","viewId":"application-manageyards-display-component---NewYard","bindingPath":{"path":"","propertyPath":"/DELIVERY_TYPE","modelName":"NewYardModel"},"interaction":{"idSuffix":"inner"}},"clearTextFirst":true,"interactionType":"ENTER_TEXT"}]}
RESULT: {"script":"<script> [776 bytes]","args":[{"enterText":"ZL01","selector":{"controlType":"sap.m.Input","viewName":"etm.portal.ui.manageyards.view.New","viewId":"application-manageyards-display-component---NewYard","bindingPath":{"path":"","propertyPath":"/DELIVERY_TYPE","modelName":"NewYardModel"},"interaction":{"idSuffix":"inner"}},"clearTextFirst":true,"interactionType":"ENTER_TEXT"}]}
COMMAND: POST /session/3d3f7fd824ffe76093792df5eba9e1c3/execute/async - {"script":"<script> [1562 bytes]","args":[{"selector":{"controlType":"sap.m.Input","viewName":"etm.portal.ui.manageyards.view.New","viewId":"application-manageyards-display-component---NewYard","bindingPath":{"path":"","propertyPath":"/AUART","modelName":"NewYardModel"},"interaction":{"idSuffix":"inner"}},"wdio_ui5_key":"etmportal.ui.manageyards.view.Newsap.m.Input{\"path\":\"\",\"propertyPath\":\"/AUART\",\"modelName\":\"NewYardModel\"}"}]}
RESULT: {"script":"<script> [1562 bytes]","args":[{"selector":{"controlType":"sap.m.Input","viewName":"etm.portal.ui.manageyards.view.New","viewId":"application-manageyards-display-component---NewYard","bindingPath":{"path":"","propertyPath":"/AUART","modelName":"NewYardModel"},"interaction":{"idSuffix":"inner"}},"wdio_ui5_key":"etmportal.ui.manageyards.view.Newsap.m.Input{\"path\":\"\",\"propertyPath\":\"/AUART\",\"modelName\":\"NewYardModel\"}"}]}
RESULT: undefined
COMMAND: POST /session/3d3f7fd824ffe76093792df5eba9e1c3/execute/async - {"script":"<script> [776 bytes]","args":[{"enterText":"TA","selector":{"controlType":"sap.m.Input","viewName":"etm.portal.ui.manageyards.view.New","viewId":"application-manageyards-display-component---NewYard","bindingPath":{"path":"","propertyPath":"/AUART","modelName":"NewYardModel"},"interaction":{"idSuffix":"inner"}},"clearTextFirst":true,"interactionType":"ENTER_TEXT"}]}
RESULT: {"script":"<script> [776 bytes]","args":[{"enterText":"TA","selector":{"controlType":"sap.m.Input","viewName":"etm.portal.ui.manageyards.view.New","viewId":"application-manageyards-display-component---NewYard","bindingPath":{"path":"","propertyPath":"/AUART","modelName":"NewYardModel"},"interaction":{"idSuffix":"inner"}},"clearTextFirst":true,"interactionType":"ENTER_TEXT"}]}
COMMAND: POST /session/3d3f7fd824ffe76093792df5eba9e1c3/element - {"using":"xpath","value":"//button[@data-kt=\"newYardSaveButton\"]"}
RESULT: {"using":"xpath","value":"//button[@data-kt=\"newYardSaveButton\"]"}
COMMAND: POST /session/3d3f7fd824ffe76093792df5eba9e1c3/element/f.B31767EFF96F4B6690C27CBC6EB8D7D5.d.187C9A0ACCBD875C89BE1DED39699A8A.e.7322/click - {}
RESULT: {}
COMMAND: GET /session/3d3f7fd824ffe76093792df5eba9e1c3/screenshot - {}
RESULT: {}
COMMAND: POST /session/3d3f7fd824ffe76093792df5eba9e1c3/element - {"using":"xpath","value":"//header[contains(@id, 'ObjectPageLayout-headerTitle')]/div[1]/div[2]/div[1]/span[1]"}
RESULT: {"using":"xpath","value":"//header[contains(@id, 'ObjectPageLayout-headerTitle')]/div[1]/div[2]/div[1]/span[1]"}
COMMAND: POST /session/3d3f7fd824ffe76093792df5eba9e1c3/elements - {"using":"xpath","value":"//header[contains(@id, 'ObjectPageLayout-headerTitle')]/div[1]/div[2]/div[1]/span[1]"}
RESULT: {"using":"xpath","value":"//header[contains(@id, 'ObjectPageLayout-headerTitle')]/div[1]/div[2]/div[1]/span[1]"}
COMMAND: POST /session/3d3f7fd824ffe76093792df5eba9e1c3/execute/sync - {"script":"<script> [56 bytes]","args":[{"element-6066-11e4-a52e-4f735466cecf":"f.B31767EFF96F4B6690C27CBC6EB8D7D5.d.187C9A0ACCBD875C89BE1DED39699A8A.e.7638","ELEMENT":"f.B31767EFF96F4B6690C27CBC6EB8D7D5.d.187C9A0ACCBD875C89BE1DED39699A8A.e.7638"}]}
RESULT: {"script":"<script> [56 bytes]","args":[{"element-6066-11e4-a52e-4f735466cecf":"f.B31767EFF96F4B6690C27CBC6EB8D7D5.d.187C9A0ACCBD875C89BE1DED39699A8A.e.7638","ELEMENT":"f.B31767EFF96F4B6690C27CBC6EB8D7D5.d.187C9A0ACCBD875C89BE1DED39699A8A.e.7638"}]}
COMMAND: GET /session/3d3f7fd824ffe76093792df5eba9e1c3/screenshot - {}
RESULT: {}
COMMAND: POST /session/3d3f7fd824ffe76093792df5eba9e1c3/element - {"using":"css selector","value":"#shell-header-logo"}
RESULT: {"using":"css selector","value":"#shell-header-logo"}
COMMAND: POST /session/3d3f7fd824ffe76093792df5eba9e1c3/element/f.B31767EFF96F4B6690C27CBC6EB8D7D5.d.187C9A0ACCBD875C89BE1DED39699A8A.e.6757/click - {}
RESULT: {}
COMMAND: GET /session/3d3f7fd824ffe76093792df5eba9e1c3/screenshot - {}
RESULT: {}
COMMAND: POST /session/3d3f7fd824ffe76093792df5eba9e1c3/execute/sync - {"script":"<script> [299 bytes]","args":[["getModel","getResource"]]}
RESULT: {"script":"<script> [299 bytes]","args":[["getModel","getResource"]]}
COMMAND: GET /session/3d3f7fd824ffe76093792df5eba9e1c3/screenshot - {}
]]></system-out>
    </testcase>
    <testcase classname="chrome.136_0_7103_49.windows.Provide_to_Site_w/o_warehouse_management_w/_clarification_US116605" name="Should create a new external partner" time="80.119">
      <system-out><![CDATA[
COMMAND: POST /session/3d3f7fd824ffe76093792df5eba9e1c3/window/fullscreen - {}
RESULT: {}
RESULT: {}
COMMAND: POST /session/3d3f7fd824ffe76093792df5eba9e1c3/execute/async - {"script":"<script> [1562 bytes]","args":[{"selector":{"controlType":"sap.m.GenericTile","properties":{"header":"Manage Partners"}},"wdio_ui5_key":"sapm.GenericTile{\"header\":\"Manage Partners\"}"}]}
RESULT: {"script":"<script> [1562 bytes]","args":[{"selector":{"controlType":"sap.m.GenericTile","properties":{"header":"Manage Partners"}},"wdio_ui5_key":"sapm.GenericTile{\"header\":\"Manage Partners\"}"}]}
RESULT: undefined
COMMAND: POST /session/3d3f7fd824ffe76093792df5eba9e1c3/element - {"using":"xpath","value":"//*[@id=\"__tile30\"]"}
RESULT: {"using":"xpath","value":"//*[@id=\"__tile30\"]"}
COMMAND: POST /session/3d3f7fd824ffe76093792df5eba9e1c3/element/f.B31767EFF96F4B6690C27CBC6EB8D7D5.d.187C9A0ACCBD875C89BE1DED39699A8A.e.6777/click - {}
RESULT: {}
COMMAND: POST /session/3d3f7fd824ffe76093792df5eba9e1c3/element - {"using":"xpath","value":"//button[@data-kt=\"addButton\"]"}
COMMAND: GET /session/3d3f7fd824ffe76093792df5eba9e1c3/screenshot - {}
RESULT: {"using":"xpath","value":"//button[@data-kt=\"addButton\"]"}
COMMAND: POST /session/3d3f7fd824ffe76093792df5eba9e1c3/elements - {"using":"xpath","value":"//button[@data-kt=\"addButton\"]"}
RESULT: {}
RESULT: {"using":"xpath","value":"//button[@data-kt=\"addButton\"]"}
COMMAND: POST /session/3d3f7fd824ffe76093792df5eba9e1c3/elements - {"using":"xpath","value":"//button[@data-kt=\"addButton\"]"}
RESULT: {"using":"xpath","value":"//button[@data-kt=\"addButton\"]"}
COMMAND: POST /session/3d3f7fd824ffe76093792df5eba9e1c3/elements - {"using":"xpath","value":"//button[@data-kt=\"addButton\"]"}
RESULT: {"using":"xpath","value":"//button[@data-kt=\"addButton\"]"}
COMMAND: POST /session/3d3f7fd824ffe76093792df5eba9e1c3/elements - {"using":"xpath","value":"//button[@data-kt=\"addButton\"]"}
RESULT: {"using":"xpath","value":"//button[@data-kt=\"addButton\"]"}
COMMAND: POST /session/3d3f7fd824ffe76093792df5eba9e1c3/elements - {"using":"xpath","value":"//button[@data-kt=\"addButton\"]"}
RESULT: {"using":"xpath","value":"//button[@data-kt=\"addButton\"]"}
COMMAND: POST /session/3d3f7fd824ffe76093792df5eba9e1c3/elements - {"using":"xpath","value":"//button[@data-kt=\"addButton\"]"}
RESULT: {"using":"xpath","value":"//button[@data-kt=\"addButton\"]"}
COMMAND: POST /session/3d3f7fd824ffe76093792df5eba9e1c3/elements - {"using":"xpath","value":"//button[@data-kt=\"addButton\"]"}
RESULT: {"using":"xpath","value":"//button[@data-kt=\"addButton\"]"}
COMMAND: POST /session/3d3f7fd824ffe76093792df5eba9e1c3/elements - {"using":"xpath","value":"//button[@data-kt=\"addButton\"]"}
RESULT: {"using":"xpath","value":"//button[@data-kt=\"addButton\"]"}
COMMAND: POST /session/3d3f7fd824ffe76093792df5eba9e1c3/elements - {"using":"xpath","value":"//button[@data-kt=\"addButton\"]"}
RESULT: {"using":"xpath","value":"//button[@data-kt=\"addButton\"]"}
COMMAND: POST /session/3d3f7fd824ffe76093792df5eba9e1c3/elements - {"using":"xpath","value":"//button[@data-kt=\"addButton\"]"}
RESULT: {"using":"xpath","value":"//button[@data-kt=\"addButton\"]"}
COMMAND: POST /session/3d3f7fd824ffe76093792df5eba9e1c3/elements - {"using":"xpath","value":"//button[@data-kt=\"addButton\"]"}
RESULT: {"using":"xpath","value":"//button[@data-kt=\"addButton\"]"}
COMMAND: POST /session/3d3f7fd824ffe76093792df5eba9e1c3/elements - {"using":"xpath","value":"//button[@data-kt=\"addButton\"]"}
RESULT: {"using":"xpath","value":"//button[@data-kt=\"addButton\"]"}
COMMAND: POST /session/3d3f7fd824ffe76093792df5eba9e1c3/elements - {"using":"xpath","value":"//button[@data-kt=\"addButton\"]"}
RESULT: {"using":"xpath","value":"//button[@data-kt=\"addButton\"]"}
COMMAND: POST /session/3d3f7fd824ffe76093792df5eba9e1c3/elements - {"using":"xpath","value":"//button[@data-kt=\"addButton\"]"}
RESULT: {"using":"xpath","value":"//button[@data-kt=\"addButton\"]"}
COMMAND: POST /session/3d3f7fd824ffe76093792df5eba9e1c3/elements - {"using":"xpath","value":"//button[@data-kt=\"addButton\"]"}
RESULT: {"using":"xpath","value":"//button[@data-kt=\"addButton\"]"}
COMMAND: POST /session/3d3f7fd824ffe76093792df5eba9e1c3/element - {"using":"xpath","value":"//button[@data-kt=\"addButton\"]"}
RESULT: {"using":"xpath","value":"//button[@data-kt=\"addButton\"]"}
COMMAND: POST /session/3d3f7fd824ffe76093792df5eba9e1c3/execute/sync - {"script":"<script> [8489 bytes]","args":[{"element-6066-11e4-a52e-4f735466cecf":"f.B31767EFF96F4B6690C27CBC6EB8D7D5.d.187C9A0ACCBD875C89BE1DED39699A8A.e.7688","ELEMENT":"f.B31767EFF96F4B6690C27CBC6EB8D7D5.d.187C9A0ACCBD875C89BE1DED39699A8A.e.7688"}]}
RESULT: {"script":"<script> [8489 bytes]","args":[{"element-6066-11e4-a52e-4f735466cecf":"f.B31767EFF96F4B6690C27CBC6EB8D7D5.d.187C9A0ACCBD875C89BE1DED39699A8A.e.7688","ELEMENT":"f.B31767EFF96F4B6690C27CBC6EB8D7D5.d.187C9A0ACCBD875C89BE1DED39699A8A.e.7688"}]}
COMMAND: GET /session/3d3f7fd824ffe76093792df5eba9e1c3/element/f.B31767EFF96F4B6690C27CBC6EB8D7D5.d.187C9A0ACCBD875C89BE1DED39699A8A.e.7688/enabled - {}
COMMAND: GET /session/3d3f7fd824ffe76093792df5eba9e1c3/screenshot - {}
RESULT: {}
COMMAND: POST /session/3d3f7fd824ffe76093792df5eba9e1c3/execute/sync - {"script":"<script> [8489 bytes]","args":[{"element-6066-11e4-a52e-4f735466cecf":"f.B31767EFF96F4B6690C27CBC6EB8D7D5.d.187C9A0ACCBD875C89BE1DED39699A8A.e.7688","ELEMENT":"f.B31767EFF96F4B6690C27CBC6EB8D7D5.d.187C9A0ACCBD875C89BE1DED39699A8A.e.7688"}]}
COMMAND: GET /session/3d3f7fd824ffe76093792df5eba9e1c3/screenshot - {}
RESULT: {}
RESULT: {"script":"<script> [8489 bytes]","args":[{"element-6066-11e4-a52e-4f735466cecf":"f.B31767EFF96F4B6690C27CBC6EB8D7D5.d.187C9A0ACCBD875C89BE1DED39699A8A.e.7688","ELEMENT":"f.B31767EFF96F4B6690C27CBC6EB8D7D5.d.187C9A0ACCBD875C89BE1DED39699A8A.e.7688"}]}
COMMAND: POST /session/3d3f7fd824ffe76093792df5eba9e1c3/execute/sync - {"script":"<script> [5351 bytes]","args":[{"element-6066-11e4-a52e-4f735466cecf":"f.B31767EFF96F4B6690C27CBC6EB8D7D5.d.187C9A0ACCBD875C89BE1DED39699A8A.e.7688","ELEMENT":"f.B31767EFF96F4B6690C27CBC6EB8D7D5.d.187C9A0ACCBD875C89BE1DED39699A8A.e.7688"}]}
COMMAND: GET /session/3d3f7fd824ffe76093792df5eba9e1c3/screenshot - {}
RESULT: {}
RESULT: {"script":"<script> [5351 bytes]","args":[{"element-6066-11e4-a52e-4f735466cecf":"f.B31767EFF96F4B6690C27CBC6EB8D7D5.d.187C9A0ACCBD875C89BE1DED39699A8A.e.7688","ELEMENT":"f.B31767EFF96F4B6690C27CBC6EB8D7D5.d.187C9A0ACCBD875C89BE1DED39699A8A.e.7688"}]}
COMMAND: POST /session/3d3f7fd824ffe76093792df5eba9e1c3/element/f.B31767EFF96F4B6690C27CBC6EB8D7D5.d.187C9A0ACCBD875C89BE1DED39699A8A.e.7688/click - {}
COMMAND: GET /session/3d3f7fd824ffe76093792df5eba9e1c3/screenshot - {}
RESULT: {}
RESULT: {}
COMMAND: GET /session/3d3f7fd824ffe76093792df5eba9e1c3/screenshot - {}
COMMAND: POST /session/3d3f7fd824ffe76093792df5eba9e1c3/execute/async - {"script":"<script> [1562 bytes]","args":[{"selector":{"id":"application-managepartners-display-component---NewPartner--addressDetailDetailsName1","interaction":{"idSuffix":"inner"}},"wdio_ui5_key":"applicationmanagepartners-display-component---NewPartner--addressDetailDetailsName1"}]}
RESULT: {}
RESULT: {}
RESULT: {"script":"<script> [1562 bytes]","args":[{"selector":{"id":"application-managepartners-display-component---NewPartner--addressDetailDetailsName1","interaction":{"idSuffix":"inner"}},"wdio_ui5_key":"applicationmanagepartners-display-component---NewPartner--addressDetailDetailsName1"}]}
RESULT: undefined
COMMAND: POST /session/3d3f7fd824ffe76093792df5eba9e1c3/execute/async - {"script":"<script> [776 bytes]","args":[{"enterText":"External Partner WDIO","selector":{"id":"application-managepartners-display-component---NewPartner--addressDetailDetailsName1","interaction":{"idSuffix":"inner"}},"clearTextFirst":true,"interactionType":"ENTER_TEXT"}]}
RESULT: {"script":"<script> [776 bytes]","args":[{"enterText":"External Partner WDIO","selector":{"id":"application-managepartners-display-component---NewPartner--addressDetailDetailsName1","interaction":{"idSuffix":"inner"}},"clearTextFirst":true,"interactionType":"ENTER_TEXT"}]}
COMMAND: POST /session/3d3f7fd824ffe76093792df5eba9e1c3/execute/async - {"script":"<script> [1562 bytes]","args":[{"selector":{"id":"application-managepartners-display-component---NewPartner--addressDetailDetailsLanguage-arrow"},"wdio_ui5_key":"applicationmanagepartners-display-component---NewPartner--addressDetailDetailsLanguage-arrow"}]}
RESULT: {"script":"<script> [1562 bytes]","args":[{"selector":{"id":"application-managepartners-display-component---NewPartner--addressDetailDetailsLanguage-arrow"},"wdio_ui5_key":"applicationmanagepartners-display-component---NewPartner--addressDetailDetailsLanguage-arrow"}]}
RESULT: undefined
COMMAND: POST /session/3d3f7fd824ffe76093792df5eba9e1c3/element - {"using":"xpath","value":"//*[@id=\"application-managepartners-display-component---NewPartner--addressDetailDetailsLanguage-arrow\"]"}
RESULT: {"using":"xpath","value":"//*[@id=\"application-managepartners-display-component---NewPartner--addressDetailDetailsLanguage-arrow\"]"}
COMMAND: POST /session/3d3f7fd824ffe76093792df5eba9e1c3/element/f.B31767EFF96F4B6690C27CBC6EB8D7D5.d.187C9A0ACCBD875C89BE1DED39699A8A.e.8107/click - {}
RESULT: {}
COMMAND: POST /session/3d3f7fd824ffe76093792df5eba9e1c3/element - {"using":"xpath","value":"//span[contains(text(), \"English\")]"}
COMMAND: GET /session/3d3f7fd824ffe76093792df5eba9e1c3/screenshot - {}
RESULT: {"using":"xpath","value":"//span[contains(text(), \"English\")]"}
COMMAND: POST /session/3d3f7fd824ffe76093792df5eba9e1c3/element/f.B31767EFF96F4B6690C27CBC6EB8D7D5.d.187C9A0ACCBD875C89BE1DED39699A8A.e.8108/click - {}
RESULT: {}
RESULT: {}
COMMAND: GET /session/3d3f7fd824ffe76093792df5eba9e1c3/screenshot - {}
RESULT: {}
COMMAND: POST /session/3d3f7fd824ffe76093792df5eba9e1c3/execute/async - {"script":"<script> [1562 bytes]","args":[{"selector":{"id":"application-managepartners-display-component---NewPartner--addressDetailDetailsCity1","interaction":{"idSuffix":"inner"}},"wdio_ui5_key":"applicationmanagepartners-display-component---NewPartner--addressDetailDetailsCity1"}]}
RESULT: {"script":"<script> [1562 bytes]","args":[{"selector":{"id":"application-managepartners-display-component---NewPartner--addressDetailDetailsCity1","interaction":{"idSuffix":"inner"}},"wdio_ui5_key":"applicationmanagepartners-display-component---NewPartner--addressDetailDetailsCity1"}]}
RESULT: undefined
COMMAND: POST /session/3d3f7fd824ffe76093792df5eba9e1c3/execute/async - {"script":"<script> [776 bytes]","args":[{"enterText":"Rosario","selector":{"id":"application-managepartners-display-component---NewPartner--addressDetailDetailsCity1","interaction":{"idSuffix":"inner"}},"clearTextFirst":true,"interactionType":"ENTER_TEXT"}]}
RESULT: {"script":"<script> [776 bytes]","args":[{"enterText":"Rosario","selector":{"id":"application-managepartners-display-component---NewPartner--addressDetailDetailsCity1","interaction":{"idSuffix":"inner"}},"clearTextFirst":true,"interactionType":"ENTER_TEXT"}]}
COMMAND: POST /session/3d3f7fd824ffe76093792df5eba9e1c3/execute/async - {"script":"<script> [1562 bytes]","args":[{"selector":{"id":"application-managepartners-display-component---NewPartner--addressDetailDetailsCountry-arrow"},"wdio_ui5_key":"applicationmanagepartners-display-component---NewPartner--addressDetailDetailsCountry-arrow"}]}
RESULT: {"script":"<script> [1562 bytes]","args":[{"selector":{"id":"application-managepartners-display-component---NewPartner--addressDetailDetailsCountry-arrow"},"wdio_ui5_key":"applicationmanagepartners-display-component---NewPartner--addressDetailDetailsCountry-arrow"}]}
RESULT: undefined
COMMAND: POST /session/3d3f7fd824ffe76093792df5eba9e1c3/element - {"using":"xpath","value":"//*[@id=\"application-managepartners-display-component---NewPartner--addressDetailDetailsCountry-arrow\"]"}
RESULT: {"using":"xpath","value":"//*[@id=\"application-managepartners-display-component---NewPartner--addressDetailDetailsCountry-arrow\"]"}
COMMAND: POST /session/3d3f7fd824ffe76093792df5eba9e1c3/element/f.B31767EFF96F4B6690C27CBC6EB8D7D5.d.187C9A0ACCBD875C89BE1DED39699A8A.e.8094/click - {}
RESULT: {}
COMMAND: POST /session/3d3f7fd824ffe76093792df5eba9e1c3/element - {"using":"xpath","value":"//span[contains(text(), \"Argentina\")]"}
COMMAND: GET /session/3d3f7fd824ffe76093792df5eba9e1c3/screenshot - {}
RESULT: {"using":"xpath","value":"//span[contains(text(), \"Argentina\")]"}
COMMAND: POST /session/3d3f7fd824ffe76093792df5eba9e1c3/element/f.B31767EFF96F4B6690C27CBC6EB8D7D5.d.187C9A0ACCBD875C89BE1DED39699A8A.e.8110/click - {}
RESULT: {}
RESULT: {}
COMMAND: GET /session/3d3f7fd824ffe76093792df5eba9e1c3/screenshot - {}
RESULT: {}
COMMAND: POST /session/3d3f7fd824ffe76093792df5eba9e1c3/element - {"using":"xpath","value":"//bdi[contains(text(), \"Commercial\")]"}
RESULT: {"using":"xpath","value":"//bdi[contains(text(), \"Commercial\")]"}
COMMAND: POST /session/3d3f7fd824ffe76093792df5eba9e1c3/element/f.B31767EFF96F4B6690C27CBC6EB8D7D5.d.187C9A0ACCBD875C89BE1DED39699A8A.e.8111/click - {}
RESULT: {}
COMMAND: GET /session/3d3f7fd824ffe76093792df5eba9e1c3/screenshot - {}
RESULT: {}
COMMAND: POST /session/3d3f7fd824ffe76093792df5eba9e1c3/execute/async - {"script":"<script> [1562 bytes]","args":[{"selector":{"id":"application-managepartners-display-component---NewPartner--partnerDetailInternal-arrow"},"wdio_ui5_key":"applicationmanagepartners-display-component---NewPartner--partnerDetailInternal-arrow"}]}
RESULT: {"script":"<script> [1562 bytes]","args":[{"selector":{"id":"application-managepartners-display-component---NewPartner--partnerDetailInternal-arrow"},"wdio_ui5_key":"applicationmanagepartners-display-component---NewPartner--partnerDetailInternal-arrow"}]}
RESULT: undefined
COMMAND: POST /session/3d3f7fd824ffe76093792df5eba9e1c3/element - {"using":"xpath","value":"//*[@id=\"application-managepartners-display-component---NewPartner--partnerDetailInternal-arrow\"]"}
RESULT: {"using":"xpath","value":"//*[@id=\"application-managepartners-display-component---NewPartner--partnerDetailInternal-arrow\"]"}
COMMAND: POST /session/3d3f7fd824ffe76093792df5eba9e1c3/element/f.B31767EFF96F4B6690C27CBC6EB8D7D5.d.187C9A0ACCBD875C89BE1DED39699A8A.e.8117/click - {}
RESULT: {}
COMMAND: POST /session/3d3f7fd824ffe76093792df5eba9e1c3/element - {"using":"xpath","value":"//span[contains(text(), \"External partner\")]"}
COMMAND: GET /session/3d3f7fd824ffe76093792df5eba9e1c3/screenshot - {}
RESULT: {"using":"xpath","value":"//span[contains(text(), \"External partner\")]"}
COMMAND: POST /session/3d3f7fd824ffe76093792df5eba9e1c3/element/f.B31767EFF96F4B6690C27CBC6EB8D7D5.d.187C9A0ACCBD875C89BE1DED39699A8A.e.8118/click - {}
RESULT: {}
RESULT: {}
COMMAND: POST /session/3d3f7fd824ffe76093792df5eba9e1c3/execute/async - {"script":"<script> [1562 bytes]","args":[{"selector":{"id":"application-managepartners-display-component---NewPartner--partnerDetailsCurrency-arrow"},"wdio_ui5_key":"applicationmanagepartners-display-component---NewPartner--partnerDetailsCurrency-arrow"}]}
COMMAND: GET /session/3d3f7fd824ffe76093792df5eba9e1c3/screenshot - {}
RESULT: {"script":"<script> [1562 bytes]","args":[{"selector":{"id":"application-managepartners-display-component---NewPartner--partnerDetailsCurrency-arrow"},"wdio_ui5_key":"applicationmanagepartners-display-component---NewPartner--partnerDetailsCurrency-arrow"}]}
RESULT: undefined
COMMAND: POST /session/3d3f7fd824ffe76093792df5eba9e1c3/element - {"using":"xpath","value":"//*[@id=\"application-managepartners-display-component---NewPartner--partnerDetailsCurrency-arrow\"]"}
RESULT: {}
RESULT: {"using":"xpath","value":"//*[@id=\"application-managepartners-display-component---NewPartner--partnerDetailsCurrency-arrow\"]"}
COMMAND: POST /session/3d3f7fd824ffe76093792df5eba9e1c3/element/f.B31767EFF96F4B6690C27CBC6EB8D7D5.d.187C9A0ACCBD875C89BE1DED39699A8A.e.8123/click - {}
RESULT: {}
COMMAND: POST /session/3d3f7fd824ffe76093792df5eba9e1c3/element - {"using":"xpath","value":"//span[contains(text(), \"US Dollar\")]"}
COMMAND: GET /session/3d3f7fd824ffe76093792df5eba9e1c3/screenshot - {}
RESULT: {"using":"xpath","value":"//span[contains(text(), \"US Dollar\")]"}
COMMAND: POST /session/3d3f7fd824ffe76093792df5eba9e1c3/element/f.B31767EFF96F4B6690C27CBC6EB8D7D5.d.187C9A0ACCBD875C89BE1DED39699A8A.e.8124/click - {}
RESULT: {}
RESULT: {}
COMMAND: GET /session/3d3f7fd824ffe76093792df5eba9e1c3/screenshot - {}
RESULT: {}
COMMAND: POST /session/3d3f7fd824ffe76093792df5eba9e1c3/element - {"using":"xpath","value":"//input[@id=\"application-managepartners-display-component---NewPartner--companyCodeComboBox-inner\"]"}
RESULT: {"using":"xpath","value":"//input[@id=\"application-managepartners-display-component---NewPartner--companyCodeComboBox-inner\"]"}
COMMAND: POST /session/3d3f7fd824ffe76093792df5eba9e1c3/element/f.B31767EFF96F4B6690C27CBC6EB8D7D5.d.187C9A0ACCBD875C89BE1DED39699A8A.e.7928/clear - {}
RESULT: {}
COMMAND: POST /session/3d3f7fd824ffe76093792df5eba9e1c3/element/f.B31767EFF96F4B6690C27CBC6EB8D7D5.d.187C9A0ACCBD875C89BE1DED39699A8A.e.7928/value - {"text":"C002"}
COMMAND: GET /session/3d3f7fd824ffe76093792df5eba9e1c3/screenshot - {}
RESULT: {"text":"C002"}
COMMAND: GET /session/3d3f7fd824ffe76093792df5eba9e1c3/screenshot - {}
RESULT: {}
RESULT: {}
COMMAND: POST /session/3d3f7fd824ffe76093792df5eba9e1c3/element - {"using":"xpath","value":"//li[.//span[text()= \"C002\"]]"}
RESULT: {"using":"xpath","value":"//li[.//span[text()= \"C002\"]]"}
COMMAND: POST /session/3d3f7fd824ffe76093792df5eba9e1c3/element/f.B31767EFF96F4B6690C27CBC6EB8D7D5.d.187C9A0ACCBD875C89BE1DED39699A8A.e.8128/click - {}
RESULT: {}
COMMAND: GET /session/3d3f7fd824ffe76093792df5eba9e1c3/screenshot - {}
RESULT: {}
COMMAND: POST /session/3d3f7fd824ffe76093792df5eba9e1c3/execute/async - {"script":"<script> [1562 bytes]","args":[{"selector":{"id":"application-managepartners-display-component---NewPartner--btnAddTableRow-img"},"wdio_ui5_key":"applicationmanagepartners-display-component---NewPartner--btnAddTableRow-img"}]}
RESULT: {"script":"<script> [1562 bytes]","args":[{"selector":{"id":"application-managepartners-display-component---NewPartner--btnAddTableRow-img"},"wdio_ui5_key":"applicationmanagepartners-display-component---NewPartner--btnAddTableRow-img"}]}
RESULT: undefined
COMMAND: POST /session/3d3f7fd824ffe76093792df5eba9e1c3/element - {"using":"xpath","value":"//*[@id=\"application-managepartners-display-component---NewPartner--btnAddTableRow-img\"]"}
RESULT: {"using":"xpath","value":"//*[@id=\"application-managepartners-display-component---NewPartner--btnAddTableRow-img\"]"}
COMMAND: POST /session/3d3f7fd824ffe76093792df5eba9e1c3/element/f.B31767EFF96F4B6690C27CBC6EB8D7D5.d.187C9A0ACCBD875C89BE1DED39699A8A.e.8129/click - {}
RESULT: {}
COMMAND: GET /session/3d3f7fd824ffe76093792df5eba9e1c3/screenshot - {}
RESULT: {}
COMMAND: POST /session/3d3f7fd824ffe76093792df5eba9e1c3/element - {"using":"xpath","value":"//input[@id=\"application-managepartners-display-component---NewPartner--assignmentYard-application-managepartners-display-component---NewPartner--assignmentsTable-0-inner\"]"}
RESULT: {"using":"xpath","value":"//input[@id=\"application-managepartners-display-component---NewPartner--assignmentYard-application-managepartners-display-component---NewPartner--assignmentsTable-0-inner\"]"}
COMMAND: POST /session/3d3f7fd824ffe76093792df5eba9e1c3/element/f.B31767EFF96F4B6690C27CBC6EB8D7D5.d.187C9A0ACCBD875C89BE1DED39699A8A.e.8132/clear - {}
RESULT: {}
COMMAND: POST /session/3d3f7fd824ffe76093792df5eba9e1c3/element/f.B31767EFF96F4B6690C27CBC6EB8D7D5.d.187C9A0ACCBD875C89BE1DED39699A8A.e.8132/value - {"text":"269"}
COMMAND: GET /session/3d3f7fd824ffe76093792df5eba9e1c3/screenshot - {}
RESULT: {"text":"269"}
COMMAND: GET /session/3d3f7fd824ffe76093792df5eba9e1c3/screenshot - {}
RESULT: {}
RESULT: {}
COMMAND: POST /session/3d3f7fd824ffe76093792df5eba9e1c3/element - {"using":"xpath","value":"//li[.//span[text()='269']]"}
RESULT: {"using":"xpath","value":"//li[.//span[text()='269']]"}
COMMAND: POST /session/3d3f7fd824ffe76093792df5eba9e1c3/element/f.B31767EFF96F4B6690C27CBC6EB8D7D5.d.187C9A0ACCBD875C89BE1DED39699A8A.e.8140/click - {}
RESULT: {}
COMMAND: GET /session/3d3f7fd824ffe76093792df5eba9e1c3/screenshot - {}
RESULT: {}
COMMAND: POST /session/3d3f7fd824ffe76093792df5eba9e1c3/actions - {"actions":[{"id":"action30","type":"key","parameters":{},"actions":[{"type":"keyDown","value":"î€‡"},{"type":"pause","duration":10},{"type":"keyUp","value":"î€‡"}]}]}
RESULT: {"actions":[{"id":"action30","type":"key","parameters":{},"actions":[{"type":"keyDown","value":"î€‡"},{"type":"pause","duration":10},{"type":"keyUp","value":"î€‡"}]}]}
COMMAND: POST /session/3d3f7fd824ffe76093792df5eba9e1c3/element - {"using":"xpath","value":"//td[contains(@id, \"assignmentsTable-0-cell2\")]/div/div"}
COMMAND: GET /session/3d3f7fd824ffe76093792df5eba9e1c3/screenshot - {}
RESULT: {"using":"xpath","value":"//td[contains(@id, \"assignmentsTable-0-cell2\")]/div/div"}
COMMAND: POST /session/3d3f7fd824ffe76093792df5eba9e1c3/element/f.B31767EFF96F4B6690C27CBC6EB8D7D5.d.187C9A0ACCBD875C89BE1DED39699A8A.e.8143/click - {}
RESULT: {}
RESULT: {}
COMMAND: GET /session/3d3f7fd824ffe76093792df5eba9e1c3/screenshot - {}
RESULT: {}
COMMAND: POST /session/3d3f7fd824ffe76093792df5eba9e1c3/element - {"using":"xpath","value":"//button[@data-kt=\"saveButton\"]"}
RESULT: {"using":"xpath","value":"//button[@data-kt=\"saveButton\"]"}
COMMAND: POST /session/3d3f7fd824ffe76093792df5eba9e1c3/element/f.B31767EFF96F4B6690C27CBC6EB8D7D5.d.187C9A0ACCBD875C89BE1DED39699A8A.e.8071/click - {}
RESULT: {}
COMMAND: GET /session/3d3f7fd824ffe76093792df5eba9e1c3/screenshot - {}
RESULT: {}
COMMAND: POST /session/3d3f7fd824ffe76093792df5eba9e1c3/element - {"using":"xpath","value":"//header[contains(@id, 'ObjectPageLayout-headerTitle')]/div[1]/div[2]/div[2]/span[1]"}
RESULT: {"using":"xpath","value":"//header[contains(@id, 'ObjectPageLayout-headerTitle')]/div[1]/div[2]/div[2]/span[1]"}
COMMAND: POST /session/3d3f7fd824ffe76093792df5eba9e1c3/elements - {"using":"xpath","value":"//header[contains(@id, 'ObjectPageLayout-headerTitle')]/div[1]/div[2]/div[2]/span[1]"}
RESULT: {"using":"xpath","value":"//header[contains(@id, 'ObjectPageLayout-headerTitle')]/div[1]/div[2]/div[2]/span[1]"}
COMMAND: POST /session/3d3f7fd824ffe76093792df5eba9e1c3/execute/sync - {"script":"<script> [56 bytes]","args":[{"element-6066-11e4-a52e-4f735466cecf":"f.B31767EFF96F4B6690C27CBC6EB8D7D5.d.187C9A0ACCBD875C89BE1DED39699A8A.e.8293","ELEMENT":"f.B31767EFF96F4B6690C27CBC6EB8D7D5.d.187C9A0ACCBD875C89BE1DED39699A8A.e.8293"}]}
RESULT: {"script":"<script> [56 bytes]","args":[{"element-6066-11e4-a52e-4f735466cecf":"f.B31767EFF96F4B6690C27CBC6EB8D7D5.d.187C9A0ACCBD875C89BE1DED39699A8A.e.8293","ELEMENT":"f.B31767EFF96F4B6690C27CBC6EB8D7D5.d.187C9A0ACCBD875C89BE1DED39699A8A.e.8293"}]}
COMMAND: POST /session/3d3f7fd824ffe76093792df5eba9e1c3/element - {"using":"css selector","value":"#shell-header-logo"}
COMMAND: GET /session/3d3f7fd824ffe76093792df5eba9e1c3/screenshot - {}
RESULT: {"using":"css selector","value":"#shell-header-logo"}
COMMAND: POST /session/3d3f7fd824ffe76093792df5eba9e1c3/element/f.B31767EFF96F4B6690C27CBC6EB8D7D5.d.187C9A0ACCBD875C89BE1DED39699A8A.e.7643/click - {}
RESULT: {}
RESULT: {}
COMMAND: GET /session/3d3f7fd824ffe76093792df5eba9e1c3/screenshot - {}
RESULT: {}
COMMAND: POST /session/3d3f7fd824ffe76093792df5eba9e1c3/execute/sync - {"script":"<script> [299 bytes]","args":[["getModel","getResource"]]}
RESULT: {"script":"<script> [299 bytes]","args":[["getModel","getResource"]]}
COMMAND: GET /session/3d3f7fd824ffe76093792df5eba9e1c3/screenshot - {}
]]></system-out>
    </testcase>
    <testcase classname="chrome.136_0_7103_49.windows.Provide_to_Site_w/o_warehouse_management_w/_clarification_US116605" name="Should create a new site" time="90.921">
      <system-out><![CDATA[
COMMAND: POST /session/3d3f7fd824ffe76093792df5eba9e1c3/execute/async - {"script":"<script> [1562 bytes]","args":[{"selector":{"controlType":"sap.m.TileContent","bindingPath":{"path":"","propertyPath":"/properties/info"},"ancestor":{"controlType":"sap.m.GenericTile","properties":{"header":"Manage Sites"}}},"wdio_ui5_key":"sapm.TileContent{\"path\":\"\",\"propertyPath\":\"/properties/info\"}{\"controlType\":\"sap.m.GenericTile\",\"properties\":{\"header\":\"Manage Sites\"}}"}]}
RESULT: {}
RESULT: {"script":"<script> [1562 bytes]","args":[{"selector":{"controlType":"sap.m.TileContent","bindingPath":{"path":"","propertyPath":"/properties/info"},"ancestor":{"controlType":"sap.m.GenericTile","properties":{"header":"Manage Sites"}}},"wdio_ui5_key":"sapm.TileContent{\"path\":\"\",\"propertyPath\":\"/properties/info\"}{\"controlType\":\"sap.m.GenericTile\",\"properties\":{\"header\":\"Manage Sites\"}}"}]}
RESULT: undefined
COMMAND: POST /session/3d3f7fd824ffe76093792df5eba9e1c3/element - {"using":"xpath","value":"//*[@id=\"__xmlview7--numericTileContent\"]"}
RESULT: {"using":"xpath","value":"//*[@id=\"__xmlview7--numericTileContent\"]"}
COMMAND: POST /session/3d3f7fd824ffe76093792df5eba9e1c3/element/f.B31767EFF96F4B6690C27CBC6EB8D7D5.d.187C9A0ACCBD875C89BE1DED39699A8A.e.8295/click - {}
RESULT: {}
COMMAND: POST /session/3d3f7fd824ffe76093792df5eba9e1c3/element - {"using":"xpath","value":"//button[@data-kt=\"addOverflowToolbarButton\"]"}
COMMAND: GET /session/3d3f7fd824ffe76093792df5eba9e1c3/screenshot - {}
RESULT: {"using":"xpath","value":"//button[@data-kt=\"addOverflowToolbarButton\"]"}
COMMAND: POST /session/3d3f7fd824ffe76093792df5eba9e1c3/elements - {"using":"xpath","value":"//button[@data-kt=\"addOverflowToolbarButton\"]"}
RESULT: {}
RESULT: {"using":"xpath","value":"//button[@data-kt=\"addOverflowToolbarButton\"]"}
COMMAND: POST /session/3d3f7fd824ffe76093792df5eba9e1c3/elements - {"using":"xpath","value":"//button[@data-kt=\"addOverflowToolbarButton\"]"}
RESULT: {"using":"xpath","value":"//button[@data-kt=\"addOverflowToolbarButton\"]"}
COMMAND: POST /session/3d3f7fd824ffe76093792df5eba9e1c3/element - {"using":"xpath","value":"//button[@data-kt=\"addOverflowToolbarButton\"]"}
RESULT: {"using":"xpath","value":"//button[@data-kt=\"addOverflowToolbarButton\"]"}
COMMAND: POST /session/3d3f7fd824ffe76093792df5eba9e1c3/execute/sync - {"script":"<script> [8489 bytes]","args":[{"element-6066-11e4-a52e-4f735466cecf":"f.B31767EFF96F4B6690C27CBC6EB8D7D5.d.187C9A0ACCBD875C89BE1DED39699A8A.e.8342","ELEMENT":"f.B31767EFF96F4B6690C27CBC6EB8D7D5.d.187C9A0ACCBD875C89BE1DED39699A8A.e.8342"}]}
RESULT: {"script":"<script> [8489 bytes]","args":[{"element-6066-11e4-a52e-4f735466cecf":"f.B31767EFF96F4B6690C27CBC6EB8D7D5.d.187C9A0ACCBD875C89BE1DED39699A8A.e.8342","ELEMENT":"f.B31767EFF96F4B6690C27CBC6EB8D7D5.d.187C9A0ACCBD875C89BE1DED39699A8A.e.8342"}]}
COMMAND: GET /session/3d3f7fd824ffe76093792df5eba9e1c3/element/f.B31767EFF96F4B6690C27CBC6EB8D7D5.d.187C9A0ACCBD875C89BE1DED39699A8A.e.8342/enabled - {}
COMMAND: GET /session/3d3f7fd824ffe76093792df5eba9e1c3/screenshot - {}
RESULT: {}
COMMAND: POST /session/3d3f7fd824ffe76093792df5eba9e1c3/execute/sync - {"script":"<script> [8489 bytes]","args":[{"element-6066-11e4-a52e-4f735466cecf":"f.B31767EFF96F4B6690C27CBC6EB8D7D5.d.187C9A0ACCBD875C89BE1DED39699A8A.e.8342","ELEMENT":"f.B31767EFF96F4B6690C27CBC6EB8D7D5.d.187C9A0ACCBD875C89BE1DED39699A8A.e.8342"}]}
COMMAND: GET /session/3d3f7fd824ffe76093792df5eba9e1c3/screenshot - {}
RESULT: {}
RESULT: {"script":"<script> [8489 bytes]","args":[{"element-6066-11e4-a52e-4f735466cecf":"f.B31767EFF96F4B6690C27CBC6EB8D7D5.d.187C9A0ACCBD875C89BE1DED39699A8A.e.8342","ELEMENT":"f.B31767EFF96F4B6690C27CBC6EB8D7D5.d.187C9A0ACCBD875C89BE1DED39699A8A.e.8342"}]}
COMMAND: POST /session/3d3f7fd824ffe76093792df5eba9e1c3/execute/sync - {"script":"<script> [5351 bytes]","args":[{"element-6066-11e4-a52e-4f735466cecf":"f.B31767EFF96F4B6690C27CBC6EB8D7D5.d.187C9A0ACCBD875C89BE1DED39699A8A.e.8342","ELEMENT":"f.B31767EFF96F4B6690C27CBC6EB8D7D5.d.187C9A0ACCBD875C89BE1DED39699A8A.e.8342"}]}
COMMAND: GET /session/3d3f7fd824ffe76093792df5eba9e1c3/screenshot - {}
RESULT: {}
RESULT: {"script":"<script> [5351 bytes]","args":[{"element-6066-11e4-a52e-4f735466cecf":"f.B31767EFF96F4B6690C27CBC6EB8D7D5.d.187C9A0ACCBD875C89BE1DED39699A8A.e.8342","ELEMENT":"f.B31767EFF96F4B6690C27CBC6EB8D7D5.d.187C9A0ACCBD875C89BE1DED39699A8A.e.8342"}]}
COMMAND: POST /session/3d3f7fd824ffe76093792df5eba9e1c3/element/f.B31767EFF96F4B6690C27CBC6EB8D7D5.d.187C9A0ACCBD875C89BE1DED39699A8A.e.8342/click - {}
COMMAND: GET /session/3d3f7fd824ffe76093792df5eba9e1c3/screenshot - {}
RESULT: {}
RESULT: {}
COMMAND: GET /session/3d3f7fd824ffe76093792df5eba9e1c3/screenshot - {}
RESULT: {}
RESULT: {}
COMMAND: POST /session/3d3f7fd824ffe76093792df5eba9e1c3/element - {"using":"xpath","value":"//input[@id=\"application-managesites-display-component---NewSite--siteId-inner\"]"}
RESULT: {"using":"xpath","value":"//input[@id=\"application-managesites-display-component---NewSite--siteId-inner\"]"}
COMMAND: POST /session/3d3f7fd824ffe76093792df5eba9e1c3/element - {"using":"xpath","value":"//input[@id=\"application-managesites-display-component---NewSite--siteId-inner\"]"}
RESULT: {"using":"xpath","value":"//input[@id=\"application-managesites-display-component---NewSite--siteId-inner\"]"}
COMMAND: POST /session/3d3f7fd824ffe76093792df5eba9e1c3/execute/async - {"script":"<script> [1562 bytes]","args":[{"selector":{"id":"application-managesites-display-component---NewSite--addressDetailDetailsName1","interaction":{"idSuffix":"inner"}},"wdio_ui5_key":"applicationmanagesites-display-component---NewSite--addressDetailDetailsName1"}]}
RESULT: {"script":"<script> [1562 bytes]","args":[{"selector":{"id":"application-managesites-display-component---NewSite--addressDetailDetailsName1","interaction":{"idSuffix":"inner"}},"wdio_ui5_key":"applicationmanagesites-display-component---NewSite--addressDetailDetailsName1"}]}
RESULT: undefined
COMMAND: POST /session/3d3f7fd824ffe76093792df5eba9e1c3/execute/async - {"script":"<script> [776 bytes]","args":[{"enterText":"Other Type Site WDIO","selector":{"id":"application-managesites-display-component---NewSite--addressDetailDetailsName1","interaction":{"idSuffix":"inner"}},"clearTextFirst":true,"interactionType":"ENTER_TEXT"}]}
RESULT: {"script":"<script> [776 bytes]","args":[{"enterText":"Other Type Site WDIO","selector":{"id":"application-managesites-display-component---NewSite--addressDetailDetailsName1","interaction":{"idSuffix":"inner"}},"clearTextFirst":true,"interactionType":"ENTER_TEXT"}]}
COMMAND: POST /session/3d3f7fd824ffe76093792df5eba9e1c3/execute/async - {"script":"<script> [1562 bytes]","args":[{"selector":{"id":"application-managesites-display-component---NewSite--addressDetailDetailsLanguage-arrow"},"wdio_ui5_key":"applicationmanagesites-display-component---NewSite--addressDetailDetailsLanguage-arrow"}]}
RESULT: {"script":"<script> [1562 bytes]","args":[{"selector":{"id":"application-managesites-display-component---NewSite--addressDetailDetailsLanguage-arrow"},"wdio_ui5_key":"applicationmanagesites-display-component---NewSite--addressDetailDetailsLanguage-arrow"}]}
RESULT: undefined
COMMAND: POST /session/3d3f7fd824ffe76093792df5eba9e1c3/element - {"using":"xpath","value":"//*[@id=\"application-managesites-display-component---NewSite--addressDetailDetailsLanguage-arrow\"]"}
RESULT: {"using":"xpath","value":"//*[@id=\"application-managesites-display-component---NewSite--addressDetailDetailsLanguage-arrow\"]"}
COMMAND: POST /session/3d3f7fd824ffe76093792df5eba9e1c3/element/f.B31767EFF96F4B6690C27CBC6EB8D7D5.d.187C9A0ACCBD875C89BE1DED39699A8A.e.8923/click - {}
RESULT: {}
COMMAND: POST /session/3d3f7fd824ffe76093792df5eba9e1c3/element - {"using":"xpath","value":"//span[contains(text(), \"English\")]"}
COMMAND: GET /session/3d3f7fd824ffe76093792df5eba9e1c3/screenshot - {}
RESULT: {"using":"xpath","value":"//span[contains(text(), \"English\")]"}
COMMAND: POST /session/3d3f7fd824ffe76093792df5eba9e1c3/element/f.B31767EFF96F4B6690C27CBC6EB8D7D5.d.187C9A0ACCBD875C89BE1DED39699A8A.e.8924/click - {}
RESULT: {}
RESULT: {}
COMMAND: POST /session/3d3f7fd824ffe76093792df5eba9e1c3/execute/async - {"script":"<script> [1562 bytes]","args":[{"selector":{"id":"application-managesites-display-component---NewSite--addressDetailDetailsCity1","interaction":{"idSuffix":"inner"}},"wdio_ui5_key":"applicationmanagesites-display-component---NewSite--addressDetailDetailsCity1"}]}
COMMAND: GET /session/3d3f7fd824ffe76093792df5eba9e1c3/screenshot - {}
RESULT: {"script":"<script> [1562 bytes]","args":[{"selector":{"id":"application-managesites-display-component---NewSite--addressDetailDetailsCity1","interaction":{"idSuffix":"inner"}},"wdio_ui5_key":"applicationmanagesites-display-component---NewSite--addressDetailDetailsCity1"}]}
RESULT: undefined
COMMAND: POST /session/3d3f7fd824ffe76093792df5eba9e1c3/execute/async - {"script":"<script> [776 bytes]","args":[{"enterText":"Rosario","selector":{"id":"application-managesites-display-component---NewSite--addressDetailDetailsCity1","interaction":{"idSuffix":"inner"}},"clearTextFirst":true,"interactionType":"ENTER_TEXT"}]}
RESULT: {}
RESULT: {"script":"<script> [776 bytes]","args":[{"enterText":"Rosario","selector":{"id":"application-managesites-display-component---NewSite--addressDetailDetailsCity1","interaction":{"idSuffix":"inner"}},"clearTextFirst":true,"interactionType":"ENTER_TEXT"}]}
COMMAND: POST /session/3d3f7fd824ffe76093792df5eba9e1c3/execute/async - {"script":"<script> [1562 bytes]","args":[{"selector":{"id":"application-managesites-display-component---NewSite--addressDetailDetailsCountry-arrow"},"wdio_ui5_key":"applicationmanagesites-display-component---NewSite--addressDetailDetailsCountry-arrow"}]}
RESULT: {"script":"<script> [1562 bytes]","args":[{"selector":{"id":"application-managesites-display-component---NewSite--addressDetailDetailsCountry-arrow"},"wdio_ui5_key":"applicationmanagesites-display-component---NewSite--addressDetailDetailsCountry-arrow"}]}
RESULT: undefined
COMMAND: POST /session/3d3f7fd824ffe76093792df5eba9e1c3/element - {"using":"xpath","value":"//*[@id=\"application-managesites-display-component---NewSite--addressDetailDetailsCountry-arrow\"]"}
RESULT: {"using":"xpath","value":"//*[@id=\"application-managesites-display-component---NewSite--addressDetailDetailsCountry-arrow\"]"}
COMMAND: POST /session/3d3f7fd824ffe76093792df5eba9e1c3/element/f.B31767EFF96F4B6690C27CBC6EB8D7D5.d.187C9A0ACCBD875C89BE1DED39699A8A.e.8926/click - {}
RESULT: {}
COMMAND: POST /session/3d3f7fd824ffe76093792df5eba9e1c3/element - {"using":"xpath","value":"//span[contains(text(), \"Argentina\")]"}
COMMAND: GET /session/3d3f7fd824ffe76093792df5eba9e1c3/screenshot - {}
RESULT: {"using":"xpath","value":"//span[contains(text(), \"Argentina\")]"}
COMMAND: POST /session/3d3f7fd824ffe76093792df5eba9e1c3/element/f.B31767EFF96F4B6690C27CBC6EB8D7D5.d.187C9A0ACCBD875C89BE1DED39699A8A.e.8927/click - {}
RESULT: {}
RESULT: {}
COMMAND: GET /session/3d3f7fd824ffe76093792df5eba9e1c3/screenshot - {}
RESULT: {}
COMMAND: POST /session/3d3f7fd824ffe76093792df5eba9e1c3/execute/async - {"script":"<script> [1562 bytes]","args":[{"selector":{"id":"application-managesites-display-component---NewSite--addressEditDetailsCostObjectCstType-arrow"},"wdio_ui5_key":"applicationmanagesites-display-component---NewSite--addressEditDetailsCostObjectCstType-arrow"}]}
RESULT: {"script":"<script> [1562 bytes]","args":[{"selector":{"id":"application-managesites-display-component---NewSite--addressEditDetailsCostObjectCstType-arrow"},"wdio_ui5_key":"applicationmanagesites-display-component---NewSite--addressEditDetailsCostObjectCstType-arrow"}]}
RESULT: undefined
COMMAND: POST /session/3d3f7fd824ffe76093792df5eba9e1c3/element - {"using":"xpath","value":"//*[@id=\"application-managesites-display-component---NewSite--addressEditDetailsCostObjectCstType-arrow\"]"}
RESULT: {"using":"xpath","value":"//*[@id=\"application-managesites-display-component---NewSite--addressEditDetailsCostObjectCstType-arrow\"]"}
COMMAND: POST /session/3d3f7fd824ffe76093792df5eba9e1c3/element/f.B31767EFF96F4B6690C27CBC6EB8D7D5.d.187C9A0ACCBD875C89BE1DED39699A8A.e.8929/click - {}
RESULT: {}
COMMAND: POST /session/3d3f7fd824ffe76093792df5eba9e1c3/element - {"using":"xpath","value":"//span[contains(text(), \"Cost Center\")]"}
COMMAND: GET /session/3d3f7fd824ffe76093792df5eba9e1c3/screenshot - {}
RESULT: {"using":"xpath","value":"//span[contains(text(), \"Cost Center\")]"}
COMMAND: POST /session/3d3f7fd824ffe76093792df5eba9e1c3/element/f.B31767EFF96F4B6690C27CBC6EB8D7D5.d.187C9A0ACCBD875C89BE1DED39699A8A.e.8930/click - {}
RESULT: {}
RESULT: {}
COMMAND: GET /session/3d3f7fd824ffe76093792df5eba9e1c3/screenshot - {}
RESULT: {}
COMMAND: POST /session/3d3f7fd824ffe76093792df5eba9e1c3/element - {"using":"xpath","value":"//span[@id=\"application-managesites-display-component---NewSite--addressNewCostObjectCstID-vhi\"]"}
RESULT: {"using":"xpath","value":"//span[@id=\"application-managesites-display-component---NewSite--addressNewCostObjectCstID-vhi\"]"}
COMMAND: POST /session/3d3f7fd824ffe76093792df5eba9e1c3/execute/sync - {"script":"<script> [8489 bytes]","args":[{"element-6066-11e4-a52e-4f735466cecf":"f.B31767EFF96F4B6690C27CBC6EB8D7D5.d.187C9A0ACCBD875C89BE1DED39699A8A.e.8934","ELEMENT":"f.B31767EFF96F4B6690C27CBC6EB8D7D5.d.187C9A0ACCBD875C89BE1DED39699A8A.e.8934"}]}
RESULT: {"script":"<script> [8489 bytes]","args":[{"element-6066-11e4-a52e-4f735466cecf":"f.B31767EFF96F4B6690C27CBC6EB8D7D5.d.187C9A0ACCBD875C89BE1DED39699A8A.e.8934","ELEMENT":"f.B31767EFF96F4B6690C27CBC6EB8D7D5.d.187C9A0ACCBD875C89BE1DED39699A8A.e.8934"}]}
COMMAND: POST /session/3d3f7fd824ffe76093792df5eba9e1c3/execute/async - {"script":"<script> [1562 bytes]","args":[{"selector":{"id":"application-managesites-display-component---NewSite--addressNewCostObjectCstID-vhi"},"wdio_ui5_key":"applicationmanagesites-display-component---NewSite--addressNewCostObjectCstID-vhi"}]}
COMMAND: GET /session/3d3f7fd824ffe76093792df5eba9e1c3/screenshot - {}
RESULT: {"script":"<script> [1562 bytes]","args":[{"selector":{"id":"application-managesites-display-component---NewSite--addressNewCostObjectCstID-vhi"},"wdio_ui5_key":"applicationmanagesites-display-component---NewSite--addressNewCostObjectCstID-vhi"}]}
RESULT: undefined
COMMAND: POST /session/3d3f7fd824ffe76093792df5eba9e1c3/element - {"using":"xpath","value":"//*[@id=\"application-managesites-display-component---NewSite--addressNewCostObjectCstID-vhi\"]"}
RESULT: {}
RESULT: {"using":"xpath","value":"//*[@id=\"application-managesites-display-component---NewSite--addressNewCostObjectCstID-vhi\"]"}
COMMAND: POST /session/3d3f7fd824ffe76093792df5eba9e1c3/element/f.B31767EFF96F4B6690C27CBC6EB8D7D5.d.187C9A0ACCBD875C89BE1DED39699A8A.e.8934/click - {}
RESULT: {}
COMMAND: GET /session/3d3f7fd824ffe76093792df5eba9e1c3/screenshot - {}
RESULT: {}
RESULT: undefined
COMMAND: POST /session/3d3f7fd824ffe76093792df5eba9e1c3/execute/async - {"script":"<script> [776 bytes]","args":[{"enterText":"10001013","selector":{"controlType":"sap.m.SearchField","properties":{"placeholder":"Search"},"searchOpenDialogs":true,"interaction":{"idSuffix":"I"}},"clearTextFirst":true,"interactionType":"ENTER_TEXT"}]}
RESULT: {"script":"<script> [776 bytes]","args":[{"enterText":"10001013","selector":{"controlType":"sap.m.SearchField","properties":{"placeholder":"Search"},"searchOpenDialogs":true,"interaction":{"idSuffix":"I"}},"clearTextFirst":true,"interactionType":"ENTER_TEXT"}]}
COMMAND: POST /session/3d3f7fd824ffe76093792df5eba9e1c3/actions - {"actions":[{"id":"action31","type":"key","parameters":{},"actions":[{"type":"keyDown","value":"î€‡"},{"type":"pause","duration":10},{"type":"keyUp","value":"î€‡"}]}]}
RESULT: {"actions":[{"id":"action31","type":"key","parameters":{},"actions":[{"type":"keyDown","value":"î€‡"},{"type":"pause","duration":10},{"type":"keyUp","value":"î€‡"}]}]}
COMMAND: GET /session/3d3f7fd824ffe76093792df5eba9e1c3/screenshot - {}
RESULT: {}
COMMAND: POST /session/3d3f7fd824ffe76093792df5eba9e1c3/element - {"using":"xpath","value":"//span[contains(text(), \"General Management\")]"}
RESULT: {"using":"xpath","value":"//span[contains(text(), \"General Management\")]"}
COMMAND: POST /session/3d3f7fd824ffe76093792df5eba9e1c3/element/f.B31767EFF96F4B6690C27CBC6EB8D7D5.d.187C9A0ACCBD875C89BE1DED39699A8A.e.8973/click - {}
RESULT: {}
COMMAND: GET /session/3d3f7fd824ffe76093792df5eba9e1c3/screenshot - {}
RESULT: {}
COMMAND: POST /session/3d3f7fd824ffe76093792df5eba9e1c3/element - {"using":"xpath","value":"//bdi[contains(text(), \"OK\")]"}
RESULT: {"using":"xpath","value":"//bdi[contains(text(), \"OK\")]"}
COMMAND: POST /session/3d3f7fd824ffe76093792df5eba9e1c3/element/f.B31767EFF96F4B6690C27CBC6EB8D7D5.d.187C9A0ACCBD875C89BE1DED39699A8A.e.8974/click - {}
RESULT: {}
COMMAND: GET /session/3d3f7fd824ffe76093792df5eba9e1c3/screenshot - {}
RESULT: {}
COMMAND: POST /session/3d3f7fd824ffe76093792df5eba9e1c3/element - {"using":"xpath","value":"//input[@id=\"application-managesites-display-component---NewSite--addressDetailDetailsCalendar-inner\"]"}
RESULT: {"using":"xpath","value":"//input[@id=\"application-managesites-display-component---NewSite--addressDetailDetailsCalendar-inner\"]"}
COMMAND: POST /session/3d3f7fd824ffe76093792df5eba9e1c3/element/f.B31767EFF96F4B6690C27CBC6EB8D7D5.d.187C9A0ACCBD875C89BE1DED39699A8A.e.8738/clear - {}
RESULT: {}
COMMAND: POST /session/3d3f7fd824ffe76093792df5eba9e1c3/element/f.B31767EFF96F4B6690C27CBC6EB8D7D5.d.187C9A0ACCBD875C89BE1DED39699A8A.e.8738/value - {"text":"Unit"}
COMMAND: GET /session/3d3f7fd824ffe76093792df5eba9e1c3/screenshot - {}
RESULT: {"text":"Unit"}
COMMAND: GET /session/3d3f7fd824ffe76093792df5eba9e1c3/screenshot - {}
RESULT: {}
RESULT: {}
COMMAND: POST /session/3d3f7fd824ffe76093792df5eba9e1c3/actions - {"actions":[{"id":"action32","type":"key","parameters":{},"actions":[{"type":"keyDown","value":"î€‡"},{"type":"pause","duration":10},{"type":"keyUp","value":"î€‡"}]}]}
RESULT: {"actions":[{"id":"action32","type":"key","parameters":{},"actions":[{"type":"keyDown","value":"î€‡"},{"type":"pause","duration":10},{"type":"keyUp","value":"î€‡"}]}]}
COMMAND: POST /session/3d3f7fd824ffe76093792df5eba9e1c3/element - {"using":"xpath","value":"//input[@id=\"application-managesites-display-component---NewSite--addressDetailDetailsYard-inner\"]"}
COMMAND: GET /session/3d3f7fd824ffe76093792df5eba9e1c3/screenshot - {}
RESULT: {"using":"xpath","value":"//input[@id=\"application-managesites-display-component---NewSite--addressDetailDetailsYard-inner\"]"}
COMMAND: POST /session/3d3f7fd824ffe76093792df5eba9e1c3/element/f.B31767EFF96F4B6690C27CBC6EB8D7D5.d.187C9A0ACCBD875C89BE1DED39699A8A.e.8739/clear - {}
RESULT: {}
RESULT: {}
COMMAND: POST /session/3d3f7fd824ffe76093792df5eba9e1c3/element/f.B31767EFF96F4B6690C27CBC6EB8D7D5.d.187C9A0ACCBD875C89BE1DED39699A8A.e.8739/value - {"text":"269"}
COMMAND: GET /session/3d3f7fd824ffe76093792df5eba9e1c3/screenshot - {}
RESULT: {"text":"269"}
COMMAND: GET /session/3d3f7fd824ffe76093792df5eba9e1c3/screenshot - {}
RESULT: {}
RESULT: {}
COMMAND: POST /session/3d3f7fd824ffe76093792df5eba9e1c3/element - {"using":"xpath","value":"//li[.//span[text()='269']]"}
RESULT: {"using":"xpath","value":"//li[.//span[text()='269']]"}
COMMAND: POST /session/3d3f7fd824ffe76093792df5eba9e1c3/element/f.B31767EFF96F4B6690C27CBC6EB8D7D5.d.187C9A0ACCBD875C89BE1DED39699A8A.e.8982/click - {}
RESULT: {}
COMMAND: GET /session/3d3f7fd824ffe76093792df5eba9e1c3/screenshot - {}
RESULT: {}
COMMAND: POST /session/3d3f7fd824ffe76093792df5eba9e1c3/element - {"using":"xpath","value":"//input[@id=\"application-managesites-display-component---NewSite--addressDetailDetailsPartner-inner\"]"}
RESULT: {"using":"xpath","value":"//input[@id=\"application-managesites-display-component---NewSite--addressDetailDetailsPartner-inner\"]"}
COMMAND: POST /session/3d3f7fd824ffe76093792df5eba9e1c3/element - {"using":"xpath","value":"//input[@id=\"application-managesites-display-component---NewSite--addressDetailDetailsPartner-inner\"]"}
RESULT: {"using":"xpath","value":"//input[@id=\"application-managesites-display-component---NewSite--addressDetailDetailsPartner-inner\"]"}
COMMAND: POST /session/3d3f7fd824ffe76093792df5eba9e1c3/element - {"using":"xpath","value":"//button[@data-kt=\"saveButton\"]"}
RESULT: {"using":"xpath","value":"//button[@data-kt=\"saveButton\"]"}
COMMAND: POST /session/3d3f7fd824ffe76093792df5eba9e1c3/element/f.B31767EFF96F4B6690C27CBC6EB8D7D5.d.187C9A0ACCBD875C89BE1DED39699A8A.e.8848/click - {}
RESULT: {}
COMMAND: GET /session/3d3f7fd824ffe76093792df5eba9e1c3/screenshot - {}
RESULT: {}
COMMAND: POST /session/3d3f7fd824ffe76093792df5eba9e1c3/element - {"using":"xpath","value":"//header[contains(@id, 'ObjectPageLayout-headerTitle')]/div[1]/div[2]/div[2]/span[1]"}
RESULT: {"using":"xpath","value":"//header[contains(@id, 'ObjectPageLayout-headerTitle')]/div[1]/div[2]/div[2]/span[1]"}
COMMAND: POST /session/3d3f7fd824ffe76093792df5eba9e1c3/elements - {"using":"xpath","value":"//header[contains(@id, 'ObjectPageLayout-headerTitle')]/div[1]/div[2]/div[2]/span[1]"}
RESULT: {"using":"xpath","value":"//header[contains(@id, 'ObjectPageLayout-headerTitle')]/div[1]/div[2]/div[2]/span[1]"}
COMMAND: POST /session/3d3f7fd824ffe76093792df5eba9e1c3/execute/sync - {"script":"<script> [56 bytes]","args":[{"element-6066-11e4-a52e-4f735466cecf":"f.B31767EFF96F4B6690C27CBC6EB8D7D5.d.187C9A0ACCBD875C89BE1DED39699A8A.e.9165","ELEMENT":"f.B31767EFF96F4B6690C27CBC6EB8D7D5.d.187C9A0ACCBD875C89BE1DED39699A8A.e.9165"}]}
RESULT: {"script":"<script> [56 bytes]","args":[{"element-6066-11e4-a52e-4f735466cecf":"f.B31767EFF96F4B6690C27CBC6EB8D7D5.d.187C9A0ACCBD875C89BE1DED39699A8A.e.9165","ELEMENT":"f.B31767EFF96F4B6690C27CBC6EB8D7D5.d.187C9A0ACCBD875C89BE1DED39699A8A.e.9165"}]}
COMMAND: POST /session/3d3f7fd824ffe76093792df5eba9e1c3/element - {"using":"css selector","value":"#shell-header-logo"}
COMMAND: GET /session/3d3f7fd824ffe76093792df5eba9e1c3/screenshot - {}
RESULT: {"using":"css selector","value":"#shell-header-logo"}
COMMAND: POST /session/3d3f7fd824ffe76093792df5eba9e1c3/element/f.B31767EFF96F4B6690C27CBC6EB8D7D5.d.187C9A0ACCBD875C89BE1DED39699A8A.e.8299/click - {}
RESULT: {}
RESULT: {}
COMMAND: GET /session/3d3f7fd824ffe76093792df5eba9e1c3/screenshot - {}
RESULT: {}
COMMAND: POST /session/3d3f7fd824ffe76093792df5eba9e1c3/execute/sync - {"script":"<script> [299 bytes]","args":[["getModel","getResource"]]}
RESULT: {"script":"<script> [299 bytes]","args":[["getModel","getResource"]]}
]]></system-out>
    </testcase>
    <testcase classname="chrome.136_0_7103_49.windows.Provide_to_Site_w/o_warehouse_management_w/_clarification_US116605" name="Should create a new material" time="102.561">
      <system-out><![CDATA[
COMMAND: GET /session/3d3f7fd824ffe76093792df5eba9e1c3/screenshot - {}
COMMAND: POST /session/3d3f7fd824ffe76093792df5eba9e1c3/execute/async - {"script":"<script> [1562 bytes]","args":[{"selector":{"controlType":"sap.m.GenericTile","properties":{"header":"Manage Resources"}},"wdio_ui5_key":"sapm.GenericTile{\"header\":\"Manage Resources\"}"}]}
RESULT: {}
RESULT: {"script":"<script> [1562 bytes]","args":[{"selector":{"controlType":"sap.m.GenericTile","properties":{"header":"Manage Resources"}},"wdio_ui5_key":"sapm.GenericTile{\"header\":\"Manage Resources\"}"}]}
RESULT: undefined
COMMAND: POST /session/3d3f7fd824ffe76093792df5eba9e1c3/element - {"using":"xpath","value":"//*[@id=\"__tile31\"]"}
RESULT: {"using":"xpath","value":"//*[@id=\"__tile31\"]"}
COMMAND: POST /session/3d3f7fd824ffe76093792df5eba9e1c3/element/f.B31767EFF96F4B6690C27CBC6EB8D7D5.d.187C9A0ACCBD875C89BE1DED39699A8A.e.6780/click - {}
RESULT: {}
COMMAND: POST /session/3d3f7fd824ffe76093792df5eba9e1c3/element - {"using":"xpath","value":"//button[@data-kt=\"addNewRUOverflowToolbarButton\"]"}
COMMAND: GET /session/3d3f7fd824ffe76093792df5eba9e1c3/screenshot - {}
RESULT: {"using":"xpath","value":"//button[@data-kt=\"addNewRUOverflowToolbarButton\"]"}
COMMAND: POST /session/3d3f7fd824ffe76093792df5eba9e1c3/elements - {"using":"xpath","value":"//button[@data-kt=\"addNewRUOverflowToolbarButton\"]"}
RESULT: {}
RESULT: {"using":"xpath","value":"//button[@data-kt=\"addNewRUOverflowToolbarButton\"]"}
COMMAND: POST /session/3d3f7fd824ffe76093792df5eba9e1c3/elements - {"using":"xpath","value":"//button[@data-kt=\"addNewRUOverflowToolbarButton\"]"}
RESULT: {"using":"xpath","value":"//button[@data-kt=\"addNewRUOverflowToolbarButton\"]"}
COMMAND: POST /session/3d3f7fd824ffe76093792df5eba9e1c3/elements - {"using":"xpath","value":"//button[@data-kt=\"addNewRUOverflowToolbarButton\"]"}
RESULT: {"using":"xpath","value":"//button[@data-kt=\"addNewRUOverflowToolbarButton\"]"}
COMMAND: POST /session/3d3f7fd824ffe76093792df5eba9e1c3/elements - {"using":"xpath","value":"//button[@data-kt=\"addNewRUOverflowToolbarButton\"]"}
RESULT: {"using":"xpath","value":"//button[@data-kt=\"addNewRUOverflowToolbarButton\"]"}
COMMAND: POST /session/3d3f7fd824ffe76093792df5eba9e1c3/elements - {"using":"xpath","value":"//button[@data-kt=\"addNewRUOverflowToolbarButton\"]"}
RESULT: {"using":"xpath","value":"//button[@data-kt=\"addNewRUOverflowToolbarButton\"]"}
COMMAND: POST /session/3d3f7fd824ffe76093792df5eba9e1c3/elements - {"using":"xpath","value":"//button[@data-kt=\"addNewRUOverflowToolbarButton\"]"}
RESULT: {"using":"xpath","value":"//button[@data-kt=\"addNewRUOverflowToolbarButton\"]"}
COMMAND: POST /session/3d3f7fd824ffe76093792df5eba9e1c3/elements - {"using":"xpath","value":"//button[@data-kt=\"addNewRUOverflowToolbarButton\"]"}
RESULT: {"using":"xpath","value":"//button[@data-kt=\"addNewRUOverflowToolbarButton\"]"}
COMMAND: POST /session/3d3f7fd824ffe76093792df5eba9e1c3/elements - {"using":"xpath","value":"//button[@data-kt=\"addNewRUOverflowToolbarButton\"]"}
RESULT: {"using":"xpath","value":"//button[@data-kt=\"addNewRUOverflowToolbarButton\"]"}
COMMAND: POST /session/3d3f7fd824ffe76093792df5eba9e1c3/elements - {"using":"xpath","value":"//button[@data-kt=\"addNewRUOverflowToolbarButton\"]"}
RESULT: {"using":"xpath","value":"//button[@data-kt=\"addNewRUOverflowToolbarButton\"]"}
COMMAND: POST /session/3d3f7fd824ffe76093792df5eba9e1c3/elements - {"using":"xpath","value":"//button[@data-kt=\"addNewRUOverflowToolbarButton\"]"}
RESULT: {"using":"xpath","value":"//button[@data-kt=\"addNewRUOverflowToolbarButton\"]"}
COMMAND: POST /session/3d3f7fd824ffe76093792df5eba9e1c3/elements - {"using":"xpath","value":"//button[@data-kt=\"addNewRUOverflowToolbarButton\"]"}
RESULT: {"using":"xpath","value":"//button[@data-kt=\"addNewRUOverflowToolbarButton\"]"}
COMMAND: POST /session/3d3f7fd824ffe76093792df5eba9e1c3/elements - {"using":"xpath","value":"//button[@data-kt=\"addNewRUOverflowToolbarButton\"]"}
RESULT: {"using":"xpath","value":"//button[@data-kt=\"addNewRUOverflowToolbarButton\"]"}
COMMAND: POST /session/3d3f7fd824ffe76093792df5eba9e1c3/elements - {"using":"xpath","value":"//button[@data-kt=\"addNewRUOverflowToolbarButton\"]"}
RESULT: {"using":"xpath","value":"//button[@data-kt=\"addNewRUOverflowToolbarButton\"]"}
COMMAND: POST /session/3d3f7fd824ffe76093792df5eba9e1c3/elements - {"using":"xpath","value":"//button[@data-kt=\"addNewRUOverflowToolbarButton\"]"}
RESULT: {"using":"xpath","value":"//button[@data-kt=\"addNewRUOverflowToolbarButton\"]"}
COMMAND: POST /session/3d3f7fd824ffe76093792df5eba9e1c3/elements - {"using":"xpath","value":"//button[@data-kt=\"addNewRUOverflowToolbarButton\"]"}
RESULT: {"using":"xpath","value":"//button[@data-kt=\"addNewRUOverflowToolbarButton\"]"}
COMMAND: POST /session/3d3f7fd824ffe76093792df5eba9e1c3/elements - {"using":"xpath","value":"//button[@data-kt=\"addNewRUOverflowToolbarButton\"]"}
RESULT: {"using":"xpath","value":"//button[@data-kt=\"addNewRUOverflowToolbarButton\"]"}
COMMAND: POST /session/3d3f7fd824ffe76093792df5eba9e1c3/elements - {"using":"xpath","value":"//button[@data-kt=\"addNewRUOverflowToolbarButton\"]"}
RESULT: {"using":"xpath","value":"//button[@data-kt=\"addNewRUOverflowToolbarButton\"]"}
COMMAND: POST /session/3d3f7fd824ffe76093792df5eba9e1c3/element - {"using":"xpath","value":"//button[@data-kt=\"addNewRUOverflowToolbarButton\"]"}
RESULT: {"using":"xpath","value":"//button[@data-kt=\"addNewRUOverflowToolbarButton\"]"}
COMMAND: POST /session/3d3f7fd824ffe76093792df5eba9e1c3/execute/sync - {"script":"<script> [8489 bytes]","args":[{"element-6066-11e4-a52e-4f735466cecf":"f.B31767EFF96F4B6690C27CBC6EB8D7D5.d.187C9A0ACCBD875C89BE1DED39699A8A.e.9198","ELEMENT":"f.B31767EFF96F4B6690C27CBC6EB8D7D5.d.187C9A0ACCBD875C89BE1DED39699A8A.e.9198"}]}
RESULT: {"script":"<script> [8489 bytes]","args":[{"element-6066-11e4-a52e-4f735466cecf":"f.B31767EFF96F4B6690C27CBC6EB8D7D5.d.187C9A0ACCBD875C89BE1DED39699A8A.e.9198","ELEMENT":"f.B31767EFF96F4B6690C27CBC6EB8D7D5.d.187C9A0ACCBD875C89BE1DED39699A8A.e.9198"}]}
COMMAND: GET /session/3d3f7fd824ffe76093792df5eba9e1c3/element/f.B31767EFF96F4B6690C27CBC6EB8D7D5.d.187C9A0ACCBD875C89BE1DED39699A8A.e.9198/enabled - {}
COMMAND: GET /session/3d3f7fd824ffe76093792df5eba9e1c3/screenshot - {}
RESULT: {}
COMMAND: POST /session/3d3f7fd824ffe76093792df5eba9e1c3/execute/sync - {"script":"<script> [8489 bytes]","args":[{"element-6066-11e4-a52e-4f735466cecf":"f.B31767EFF96F4B6690C27CBC6EB8D7D5.d.187C9A0ACCBD875C89BE1DED39699A8A.e.9198","ELEMENT":"f.B31767EFF96F4B6690C27CBC6EB8D7D5.d.187C9A0ACCBD875C89BE1DED39699A8A.e.9198"}]}
COMMAND: GET /session/3d3f7fd824ffe76093792df5eba9e1c3/screenshot - {}
RESULT: {}
RESULT: {"script":"<script> [8489 bytes]","args":[{"element-6066-11e4-a52e-4f735466cecf":"f.B31767EFF96F4B6690C27CBC6EB8D7D5.d.187C9A0ACCBD875C89BE1DED39699A8A.e.9198","ELEMENT":"f.B31767EFF96F4B6690C27CBC6EB8D7D5.d.187C9A0ACCBD875C89BE1DED39699A8A.e.9198"}]}
COMMAND: POST /session/3d3f7fd824ffe76093792df5eba9e1c3/execute/sync - {"script":"<script> [5351 bytes]","args":[{"element-6066-11e4-a52e-4f735466cecf":"f.B31767EFF96F4B6690C27CBC6EB8D7D5.d.187C9A0ACCBD875C89BE1DED39699A8A.e.9198","ELEMENT":"f.B31767EFF96F4B6690C27CBC6EB8D7D5.d.187C9A0ACCBD875C89BE1DED39699A8A.e.9198"}]}
COMMAND: GET /session/3d3f7fd824ffe76093792df5eba9e1c3/screenshot - {}
RESULT: {}
RESULT: {"script":"<script> [5351 bytes]","args":[{"element-6066-11e4-a52e-4f735466cecf":"f.B31767EFF96F4B6690C27CBC6EB8D7D5.d.187C9A0ACCBD875C89BE1DED39699A8A.e.9198","ELEMENT":"f.B31767EFF96F4B6690C27CBC6EB8D7D5.d.187C9A0ACCBD875C89BE1DED39699A8A.e.9198"}]}
COMMAND: POST /session/3d3f7fd824ffe76093792df5eba9e1c3/element/f.B31767EFF96F4B6690C27CBC6EB8D7D5.d.187C9A0ACCBD875C89BE1DED39699A8A.e.9198/click - {}
COMMAND: GET /session/3d3f7fd824ffe76093792df5eba9e1c3/screenshot - {}
RESULT: {}
RESULT: {}
COMMAND: GET /session/3d3f7fd824ffe76093792df5eba9e1c3/screenshot - {}
RESULT: {}
COMMAND: POST /session/3d3f7fd824ffe76093792df5eba9e1c3/execute/async - {"script":"<script> [1562 bytes]","args":[{"selector":{"id":"application-manageresources-display-component---newResourceUnit--TYPE-arrow"},"wdio_ui5_key":"applicationmanageresources-display-component---newResourceUnit--TYPE-arrow"}]}
RESULT: {}
RESULT: {"script":"<script> [1562 bytes]","args":[{"selector":{"id":"application-manageresources-display-component---newResourceUnit--TYPE-arrow"},"wdio_ui5_key":"applicationmanageresources-display-component---newResourceUnit--TYPE-arrow"}]}
RESULT: undefined
COMMAND: POST /session/3d3f7fd824ffe76093792df5eba9e1c3/element - {"using":"xpath","value":"//*[@id=\"application-manageresources-display-component---newResourceUnit--TYPE-arrow\"]"}
RESULT: {"using":"xpath","value":"//*[@id=\"application-manageresources-display-component---newResourceUnit--TYPE-arrow\"]"}
COMMAND: POST /session/3d3f7fd824ffe76093792df5eba9e1c3/element/f.B31767EFF96F4B6690C27CBC6EB8D7D5.d.187C9A0ACCBD875C89BE1DED39699A8A.e.9563/click - {}
RESULT: {}
COMMAND: POST /session/3d3f7fd824ffe76093792df5eba9e1c3/element - {"using":"xpath","value":"//input[@id=\"application-manageresources-display-component---newResourceUnit--TYPE-inner\"]"}
COMMAND: GET /session/3d3f7fd824ffe76093792df5eba9e1c3/screenshot - {}
RESULT: {"using":"xpath","value":"//input[@id=\"application-manageresources-display-component---newResourceUnit--TYPE-inner\"]"}
COMMAND: POST /session/3d3f7fd824ffe76093792df5eba9e1c3/element/f.B31767EFF96F4B6690C27CBC6EB8D7D5.d.187C9A0ACCBD875C89BE1DED39699A8A.e.9548/clear - {}
RESULT: {}
RESULT: {}
COMMAND: POST /session/3d3f7fd824ffe76093792df5eba9e1c3/element/f.B31767EFF96F4B6690C27CBC6EB8D7D5.d.187C9A0ACCBD875C89BE1DED39699A8A.e.9548/value - {"text":"Material"}
COMMAND: GET /session/3d3f7fd824ffe76093792df5eba9e1c3/screenshot - {}
RESULT: {"text":"Material"}
COMMAND: GET /session/3d3f7fd824ffe76093792df5eba9e1c3/screenshot - {}
RESULT: {}
RESULT: {}
COMMAND: POST /session/3d3f7fd824ffe76093792df5eba9e1c3/actions - {"actions":[{"id":"action33","type":"key","parameters":{},"actions":[{"type":"keyDown","value":"î€‡"},{"type":"pause","duration":10},{"type":"keyUp","value":"î€‡"}]}]}
RESULT: {"actions":[{"id":"action33","type":"key","parameters":{},"actions":[{"type":"keyDown","value":"î€‡"},{"type":"pause","duration":10},{"type":"keyUp","value":"î€‡"}]}]}
COMMAND: POST /session/3d3f7fd824ffe76093792df5eba9e1c3/execute/async - {"script":"<script> [1562 bytes]","args":[{"selector":{"id":"application-manageresources-display-component---newResourceUnit--SHORT_TEXT","interaction":{"idSuffix":"inner"}},"wdio_ui5_key":"applicationmanageresources-display-component---newResourceUnit--SHORT_TEXT"}]}
COMMAND: GET /session/3d3f7fd824ffe76093792df5eba9e1c3/screenshot - {}
RESULT: {"script":"<script> [1562 bytes]","args":[{"selector":{"id":"application-manageresources-display-component---newResourceUnit--SHORT_TEXT","interaction":{"idSuffix":"inner"}},"wdio_ui5_key":"applicationmanageresources-display-component---newResourceUnit--SHORT_TEXT"}]}
RESULT: undefined
COMMAND: POST /session/3d3f7fd824ffe76093792df5eba9e1c3/execute/async - {"script":"<script> [776 bytes]","args":[{"enterText":"Cement WDIO","selector":{"id":"application-manageresources-display-component---newResourceUnit--SHORT_TEXT","interaction":{"idSuffix":"inner"}},"clearTextFirst":true,"interactionType":"ENTER_TEXT"}]}
RESULT: {}
RESULT: {"script":"<script> [776 bytes]","args":[{"enterText":"Cement WDIO","selector":{"id":"application-manageresources-display-component---newResourceUnit--SHORT_TEXT","interaction":{"idSuffix":"inner"}},"clearTextFirst":true,"interactionType":"ENTER_TEXT"}]}
COMMAND: POST /session/3d3f7fd824ffe76093792df5eba9e1c3/execute/async - {"script":"<script> [1562 bytes]","args":[{"selector":{"id":"application-manageresources-display-component---newResourceUnit--BASE_UNIT_OF_MEASURE","interaction":{"idSuffix":"inner"}},"wdio_ui5_key":"applicationmanageresources-display-component---newResourceUnit--BASE_UNIT_OF_MEASURE"}]}
RESULT: {"script":"<script> [1562 bytes]","args":[{"selector":{"id":"application-manageresources-display-component---newResourceUnit--BASE_UNIT_OF_MEASURE","interaction":{"idSuffix":"inner"}},"wdio_ui5_key":"applicationmanageresources-display-component---newResourceUnit--BASE_UNIT_OF_MEASURE"}]}
RESULT: undefined
COMMAND: POST /session/3d3f7fd824ffe76093792df5eba9e1c3/execute/async - {"script":"<script> [776 bytes]","args":[{"enterText":"Piece","selector":{"id":"application-manageresources-display-component---newResourceUnit--BASE_UNIT_OF_MEASURE","interaction":{"idSuffix":"inner"}},"clearTextFirst":true,"interactionType":"ENTER_TEXT"}]}
RESULT: {"script":"<script> [776 bytes]","args":[{"enterText":"Piece","selector":{"id":"application-manageresources-display-component---newResourceUnit--BASE_UNIT_OF_MEASURE","interaction":{"idSuffix":"inner"}},"clearTextFirst":true,"interactionType":"ENTER_TEXT"}]}
COMMAND: POST /session/3d3f7fd824ffe76093792df5eba9e1c3/execute/async - {"script":"<script> [1562 bytes]","args":[{"selector":{"id":"application-manageresources-display-component---newResourceUnit--WEIGHT_UNIT","interaction":{"idSuffix":"inner"}},"wdio_ui5_key":"applicationmanageresources-display-component---newResourceUnit--WEIGHT_UNIT"}]}
RESULT: {"script":"<script> [1562 bytes]","args":[{"selector":{"id":"application-manageresources-display-component---newResourceUnit--WEIGHT_UNIT","interaction":{"idSuffix":"inner"}},"wdio_ui5_key":"applicationmanageresources-display-component---newResourceUnit--WEIGHT_UNIT"}]}
RESULT: undefined
COMMAND: POST /session/3d3f7fd824ffe76093792df5eba9e1c3/execute/async - {"script":"<script> [776 bytes]","args":[{"enterText":"Gram","selector":{"id":"application-manageresources-display-component---newResourceUnit--WEIGHT_UNIT","interaction":{"idSuffix":"inner"}},"clearTextFirst":true,"interactionType":"ENTER_TEXT"}]}
RESULT: {"script":"<script> [776 bytes]","args":[{"enterText":"Gram","selector":{"id":"application-manageresources-display-component---newResourceUnit--WEIGHT_UNIT","interaction":{"idSuffix":"inner"}},"clearTextFirst":true,"interactionType":"ENTER_TEXT"}]}
COMMAND: POST /session/3d3f7fd824ffe76093792df5eba9e1c3/execute/async - {"script":"<script> [1562 bytes]","args":[{"selector":{"id":"application-manageresources-display-component---newResourceUnit--DIMENSION_UNIT","interaction":{"idSuffix":"inner"}},"wdio_ui5_key":"applicationmanageresources-display-component---newResourceUnit--DIMENSION_UNIT"}]}
RESULT: {"script":"<script> [1562 bytes]","args":[{"selector":{"id":"application-manageresources-display-component---newResourceUnit--DIMENSION_UNIT","interaction":{"idSuffix":"inner"}},"wdio_ui5_key":"applicationmanageresources-display-component---newResourceUnit--DIMENSION_UNIT"}]}
RESULT: undefined
COMMAND: POST /session/3d3f7fd824ffe76093792df5eba9e1c3/execute/async - {"script":"<script> [776 bytes]","args":[{"enterText":"Meter","selector":{"id":"application-manageresources-display-component---newResourceUnit--DIMENSION_UNIT","interaction":{"idSuffix":"inner"}},"clearTextFirst":true,"interactionType":"ENTER_TEXT"}]}
RESULT: {"script":"<script> [776 bytes]","args":[{"enterText":"Meter","selector":{"id":"application-manageresources-display-component---newResourceUnit--DIMENSION_UNIT","interaction":{"idSuffix":"inner"}},"clearTextFirst":true,"interactionType":"ENTER_TEXT"}]}
COMMAND: POST /session/3d3f7fd824ffe76093792df5eba9e1c3/execute/async - {"script":"<script> [1562 bytes]","args":[{"selector":{"id":"application-manageresources-display-component---newResourceUnit--newRRUPage-anchBar-application-manageresources-display-component---newResourceUnit--control-anchor","interaction":{"idSuffix":"BDI-content"}},"wdio_ui5_key":"applicationmanageresources-display-component---newResourceUnit--newRRUPage-anchBar-application-manageresources-display-component---newResourceUnit--control-anchor"}]}
RESULT: {"script":"<script> [1562 bytes]","args":[{"selector":{"id":"application-manageresources-display-component---newResourceUnit--newRRUPage-anchBar-application-manageresources-display-component---newResourceUnit--control-anchor","interaction":{"idSuffix":"BDI-content"}},"wdio_ui5_key":"applicationmanageresources-display-component---newResourceUnit--newRRUPage-anchBar-application-manageresources-display-component---newResourceUnit--control-anchor"}]}
RESULT: undefined
COMMAND: POST /session/3d3f7fd824ffe76093792df5eba9e1c3/element - {"using":"xpath","value":"//*[@id=\"application-manageresources-display-component---newResourceUnit--newRRUPage-anchBar-application-manageresources-display-component---newResourceUnit--control-anchor\"]"}
RESULT: {"using":"xpath","value":"//*[@id=\"application-manageresources-display-component---newResourceUnit--newRRUPage-anchBar-application-manageresources-display-component---newResourceUnit--control-anchor\"]"}
COMMAND: POST /session/3d3f7fd824ffe76093792df5eba9e1c3/element/f.B31767EFF96F4B6690C27CBC6EB8D7D5.d.187C9A0ACCBD875C89BE1DED39699A8A.e.9628/click - {}
RESULT: {}
COMMAND: POST /session/3d3f7fd824ffe76093792df5eba9e1c3/execute/async - {"script":"<script> [1562 bytes]","args":[{"selector":{"id":"application-manageresources-display-component---newResourceUnit--PLANNING_GROUP","interaction":{"idSuffix":"inner"}},"wdio_ui5_key":"applicationmanageresources-display-component---newResourceUnit--PLANNING_GROUP"}]}
COMMAND: GET /session/3d3f7fd824ffe76093792df5eba9e1c3/screenshot - {}
RESULT: {"script":"<script> [1562 bytes]","args":[{"selector":{"id":"application-manageresources-display-component---newResourceUnit--PLANNING_GROUP","interaction":{"idSuffix":"inner"}},"wdio_ui5_key":"applicationmanageresources-display-component---newResourceUnit--PLANNING_GROUP"}]}
RESULT: undefined
COMMAND: POST /session/3d3f7fd824ffe76093792df5eba9e1c3/execute/async - {"script":"<script> [776 bytes]","args":[{"enterText":"Material","selector":{"id":"application-manageresources-display-component---newResourceUnit--PLANNING_GROUP","interaction":{"idSuffix":"inner"}},"clearTextFirst":true,"interactionType":"ENTER_TEXT"}]}
RESULT: {}
RESULT: {"script":"<script> [776 bytes]","args":[{"enterText":"Material","selector":{"id":"application-manageresources-display-component---newResourceUnit--PLANNING_GROUP","interaction":{"idSuffix":"inner"}},"clearTextFirst":true,"interactionType":"ENTER_TEXT"}]}
COMMAND: POST /session/3d3f7fd824ffe76093792df5eba9e1c3/execute/async - {"script":"<script> [1562 bytes]","args":[{"selector":{"id":"application-manageresources-display-component---newResourceUnit--PLANNING_INDICATOR","interaction":{"idSuffix":"inner"}},"wdio_ui5_key":"applicationmanageresources-display-component---newResourceUnit--PLANNING_INDICATOR"}]}
RESULT: {"script":"<script> [1562 bytes]","args":[{"selector":{"id":"application-manageresources-display-component---newResourceUnit--PLANNING_INDICATOR","interaction":{"idSuffix":"inner"}},"wdio_ui5_key":"applicationmanageresources-display-component---newResourceUnit--PLANNING_INDICATOR"}]}
RESULT: undefined
COMMAND: POST /session/3d3f7fd824ffe76093792df5eba9e1c3/execute/async - {"script":"<script> [776 bytes]","args":[{"enterText":"10 - infinite","selector":{"id":"application-manageresources-display-component---newResourceUnit--PLANNING_INDICATOR","interaction":{"idSuffix":"inner"}},"clearTextFirst":true,"interactionType":"ENTER_TEXT"}]}
RESULT: {"script":"<script> [776 bytes]","args":[{"enterText":"10 - infinite","selector":{"id":"application-manageresources-display-component---newResourceUnit--PLANNING_INDICATOR","interaction":{"idSuffix":"inner"}},"clearTextFirst":true,"interactionType":"ENTER_TEXT"}]}
COMMAND: POST /session/3d3f7fd824ffe76093792df5eba9e1c3/element - {"using":"css selector","value":"#application-manageresources-display-component---newResourceUnit--btnAddTimeSegment"}
RESULT: {"using":"css selector","value":"#application-manageresources-display-component---newResourceUnit--btnAddTimeSegment"}
COMMAND: GET /session/3d3f7fd824ffe76093792df5eba9e1c3/element/f.B31767EFF96F4B6690C27CBC6EB8D7D5.d.187C9A0ACCBD875C89BE1DED39699A8A.e.9638/rect - {}
RESULT: {}
COMMAND: GET /session/3d3f7fd824ffe76093792df5eba9e1c3/window/rect - {}
RESULT: {}
COMMAND: POST /session/3d3f7fd824ffe76093792df5eba9e1c3/execute/sync - {"script":"<script> [92 bytes]","args":[]}
RESULT: {"script":"<script> [92 bytes]","args":[]}
COMMAND: POST /session/3d3f7fd824ffe76093792df5eba9e1c3/actions - {"actions":[{"id":"action34","type":"wheel","parameters":{},"actions":[{"type":"scroll","x":-1888,"y":-32,"deltaX":0,"deltaY":0,"duration":0,"origin":{"element-6066-11e4-a52e-4f735466cecf":"f.B31767EFF96F4B6690C27CBC6EB8D7D5.d.187C9A0ACCBD875C89BE1DED39699A8A.e.9638"}}]}]}
COMMAND: GET /session/3d3f7fd824ffe76093792df5eba9e1c3/screenshot - {}
RESULT: {}
COMMAND: POST /session/3d3f7fd824ffe76093792df5eba9e1c3/execute/sync - {"script":"<script> [79 bytes]","args":[{"element-6066-11e4-a52e-4f735466cecf":"f.B31767EFF96F4B6690C27CBC6EB8D7D5.d.187C9A0ACCBD875C89BE1DED39699A8A.e.9638","ELEMENT":"f.B31767EFF96F4B6690C27CBC6EB8D7D5.d.187C9A0ACCBD875C89BE1DED39699A8A.e.9638"},{"block":"start","inline":"nearest"}]}
RESULT: {"script":"<script> [79 bytes]","args":[{"element-6066-11e4-a52e-4f735466cecf":"f.B31767EFF96F4B6690C27CBC6EB8D7D5.d.187C9A0ACCBD875C89BE1DED39699A8A.e.9638","ELEMENT":"f.B31767EFF96F4B6690C27CBC6EB8D7D5.d.187C9A0ACCBD875C89BE1DED39699A8A.e.9638"},{"block":"start","inline":"nearest"}]}
COMMAND: POST /session/3d3f7fd824ffe76093792df5eba9e1c3/execute/async - {"script":"<script> [1562 bytes]","args":[{"selector":{"id":"application-manageresources-display-component---newResourceUnit--btnAddTimeSegment","interaction":{"idSuffix":"inner"}},"wdio_ui5_key":"applicationmanageresources-display-component---newResourceUnit--btnAddTimeSegment"}]}
COMMAND: GET /session/3d3f7fd824ffe76093792df5eba9e1c3/screenshot - {}
RESULT: {"script":"<script> [1562 bytes]","args":[{"selector":{"id":"application-manageresources-display-component---newResourceUnit--btnAddTimeSegment","interaction":{"idSuffix":"inner"}},"wdio_ui5_key":"applicationmanageresources-display-component---newResourceUnit--btnAddTimeSegment"}]}
RESULT: undefined
COMMAND: POST /session/3d3f7fd824ffe76093792df5eba9e1c3/element - {"using":"xpath","value":"//*[@id=\"application-manageresources-display-component---newResourceUnit--btnAddTimeSegment\"]"}
RESULT: {}
RESULT: {"using":"xpath","value":"//*[@id=\"application-manageresources-display-component---newResourceUnit--btnAddTimeSegment\"]"}
COMMAND: POST /session/3d3f7fd824ffe76093792df5eba9e1c3/element/f.B31767EFF96F4B6690C27CBC6EB8D7D5.d.187C9A0ACCBD875C89BE1DED39699A8A.e.9638/click - {}
RESULT: {}
COMMAND: GET /session/3d3f7fd824ffe76093792df5eba9e1c3/screenshot - {}
RESULT: {}
COMMAND: POST /session/3d3f7fd824ffe76093792df5eba9e1c3/element - {"using":"xpath","value":"//input[@id=\"application-manageresources-display-component---newResourceUnit--idRuTSAdmin-application-manageresources-display-component---newResourceUnit--RUTimeSegment-0-inner\"]"}
RESULT: {"using":"xpath","value":"//input[@id=\"application-manageresources-display-component---newResourceUnit--idRuTSAdmin-application-manageresources-display-component---newResourceUnit--RUTimeSegment-0-inner\"]"}
COMMAND: POST /session/3d3f7fd824ffe76093792df5eba9e1c3/element/f.B31767EFF96F4B6690C27CBC6EB8D7D5.d.187C9A0ACCBD875C89BE1DED39699A8A.e.9643/clear - {}
RESULT: {}
COMMAND: POST /session/3d3f7fd824ffe76093792df5eba9e1c3/element/f.B31767EFF96F4B6690C27CBC6EB8D7D5.d.187C9A0ACCBD875C89BE1DED39699A8A.e.9643/value - {"text":"269"}
COMMAND: GET /session/3d3f7fd824ffe76093792df5eba9e1c3/screenshot - {}
RESULT: {"text":"269"}
COMMAND: GET /session/3d3f7fd824ffe76093792df5eba9e1c3/screenshot - {}
RESULT: {}
RESULT: {}
COMMAND: POST /session/3d3f7fd824ffe76093792df5eba9e1c3/element - {"using":"xpath","value":"//li[.//span[text()='269']]"}
RESULT: {"using":"xpath","value":"//li[.//span[text()='269']]"}
COMMAND: POST /session/3d3f7fd824ffe76093792df5eba9e1c3/element/f.B31767EFF96F4B6690C27CBC6EB8D7D5.d.187C9A0ACCBD875C89BE1DED39699A8A.e.9651/click - {}
RESULT: {}
COMMAND: GET /session/3d3f7fd824ffe76093792df5eba9e1c3/screenshot - {}
RESULT: {}
COMMAND: POST /session/3d3f7fd824ffe76093792df5eba9e1c3/element - {"using":"xpath","value":"(//span[contains(@id, \"-application-manageresources-display-component---newResourceUnit--RUTimeSegment-0-arrow\")])[2]"}
RESULT: {"using":"xpath","value":"(//span[contains(@id, \"-application-manageresources-display-component---newResourceUnit--RUTimeSegment-0-arrow\")])[2]"}
COMMAND: POST /session/3d3f7fd824ffe76093792df5eba9e1c3/element/f.B31767EFF96F4B6690C27CBC6EB8D7D5.d.187C9A0ACCBD875C89BE1DED39699A8A.e.9652/click - {}
RESULT: {}
COMMAND: POST /session/3d3f7fd824ffe76093792df5eba9e1c3/element - {"using":"xpath","value":"//span[contains(text(), \"PM Order\")]"}
COMMAND: GET /session/3d3f7fd824ffe76093792df5eba9e1c3/screenshot - {}
RESULT: {"using":"xpath","value":"//span[contains(text(), \"PM Order\")]"}
COMMAND: POST /session/3d3f7fd824ffe76093792df5eba9e1c3/element/f.B31767EFF96F4B6690C27CBC6EB8D7D5.d.187C9A0ACCBD875C89BE1DED39699A8A.e.9653/click - {}
RESULT: {}
RESULT: {}
COMMAND: GET /session/3d3f7fd824ffe76093792df5eba9e1c3/screenshot - {}
RESULT: {}
COMMAND: POST /session/3d3f7fd824ffe76093792df5eba9e1c3/element - {"using":"xpath","value":"//td/div/div/div/span[contains(@id, \"newResourceUnit--RUTimeSegment-0-vhi\")][1]"}
RESULT: {"using":"xpath","value":"//td/div/div/div/span[contains(@id, \"newResourceUnit--RUTimeSegment-0-vhi\")][1]"}
COMMAND: GET /session/3d3f7fd824ffe76093792df5eba9e1c3/element/f.B31767EFF96F4B6690C27CBC6EB8D7D5.d.187C9A0ACCBD875C89BE1DED39699A8A.e.9657/rect - {}
RESULT: {}
COMMAND: GET /session/3d3f7fd824ffe76093792df5eba9e1c3/window/rect - {}
RESULT: {}
COMMAND: POST /session/3d3f7fd824ffe76093792df5eba9e1c3/execute/sync - {"script":"<script> [92 bytes]","args":[]}
RESULT: {"script":"<script> [92 bytes]","args":[]}
COMMAND: POST /session/3d3f7fd824ffe76093792df5eba9e1c3/actions - {"actions":[{"id":"action35","type":"wheel","parameters":{},"actions":[{"type":"scroll","x":-1888,"y":-24,"deltaX":0,"deltaY":0,"duration":0,"origin":{"element-6066-11e4-a52e-4f735466cecf":"f.B31767EFF96F4B6690C27CBC6EB8D7D5.d.187C9A0ACCBD875C89BE1DED39699A8A.e.9657"}}]}]}
COMMAND: GET /session/3d3f7fd824ffe76093792df5eba9e1c3/screenshot - {}
RESULT: {}
COMMAND: POST /session/3d3f7fd824ffe76093792df5eba9e1c3/execute/sync - {"script":"<script> [79 bytes]","args":[{"element-6066-11e4-a52e-4f735466cecf":"f.B31767EFF96F4B6690C27CBC6EB8D7D5.d.187C9A0ACCBD875C89BE1DED39699A8A.e.9657","ELEMENT":"f.B31767EFF96F4B6690C27CBC6EB8D7D5.d.187C9A0ACCBD875C89BE1DED39699A8A.e.9657"},{"block":"start","inline":"nearest"}]}
RESULT: {"script":"<script> [79 bytes]","args":[{"element-6066-11e4-a52e-4f735466cecf":"f.B31767EFF96F4B6690C27CBC6EB8D7D5.d.187C9A0ACCBD875C89BE1DED39699A8A.e.9657","ELEMENT":"f.B31767EFF96F4B6690C27CBC6EB8D7D5.d.187C9A0ACCBD875C89BE1DED39699A8A.e.9657"},{"block":"start","inline":"nearest"}]}
COMMAND: GET /session/3d3f7fd824ffe76093792df5eba9e1c3/screenshot - {}
RESULT: {}
COMMAND: POST /session/3d3f7fd824ffe76093792df5eba9e1c3/element/f.B31767EFF96F4B6690C27CBC6EB8D7D5.d.187C9A0ACCBD875C89BE1DED39699A8A.e.9657/click - {}
RESULT: {}
COMMAND: GET /session/3d3f7fd824ffe76093792df5eba9e1c3/screenshot - {}
RESULT: {}
RESULT: undefined
COMMAND: POST /session/3d3f7fd824ffe76093792df5eba9e1c3/execute/async - {"script":"<script> [776 bytes]","args":[{"enterText":"4000360","selector":{"controlType":"sap.m.SearchField","properties":{"placeholder":"Search"},"searchOpenDialogs":true,"interaction":{"idSuffix":"I"}},"clearTextFirst":true,"interactionType":"ENTER_TEXT"}]}
RESULT: {"script":"<script> [776 bytes]","args":[{"enterText":"4000360","selector":{"controlType":"sap.m.SearchField","properties":{"placeholder":"Search"},"searchOpenDialogs":true,"interaction":{"idSuffix":"I"}},"clearTextFirst":true,"interactionType":"ENTER_TEXT"}]}
COMMAND: POST /session/3d3f7fd824ffe76093792df5eba9e1c3/actions - {"actions":[{"id":"action36","type":"key","parameters":{},"actions":[{"type":"keyDown","value":"î€‡"},{"type":"pause","duration":10},{"type":"keyUp","value":"î€‡"}]}]}
RESULT: {"actions":[{"id":"action36","type":"key","parameters":{},"actions":[{"type":"keyDown","value":"î€‡"},{"type":"pause","duration":10},{"type":"keyUp","value":"î€‡"}]}]}
COMMAND: GET /session/3d3f7fd824ffe76093792df5eba9e1c3/screenshot - {}
RESULT: {}
COMMAND: POST /session/3d3f7fd824ffe76093792df5eba9e1c3/element - {"using":"xpath","value":"//td/div/span[contains(text(), \"BGL Vehicles\")]"}
RESULT: {"using":"xpath","value":"//td/div/span[contains(text(), \"BGL Vehicles\")]"}
COMMAND: POST /session/3d3f7fd824ffe76093792df5eba9e1c3/element/f.B31767EFF96F4B6690C27CBC6EB8D7D5.d.187C9A0ACCBD875C89BE1DED39699A8A.e.9676/click - {}
RESULT: {}
COMMAND: GET /session/3d3f7fd824ffe76093792df5eba9e1c3/screenshot - {}
RESULT: {}
COMMAND: POST /session/3d3f7fd824ffe76093792df5eba9e1c3/element - {"using":"xpath","value":"//bdi[contains(text(), \"OK\")]"}
RESULT: {"using":"xpath","value":"//bdi[contains(text(), \"OK\")]"}
COMMAND: POST /session/3d3f7fd824ffe76093792df5eba9e1c3/element/f.B31767EFF96F4B6690C27CBC6EB8D7D5.d.187C9A0ACCBD875C89BE1DED39699A8A.e.9677/click - {}
RESULT: {}
COMMAND: GET /session/3d3f7fd824ffe76093792df5eba9e1c3/screenshot - {}
RESULT: {}
COMMAND: POST /session/3d3f7fd824ffe76093792df5eba9e1c3/element - {"using":"xpath","value":"//label[contains(@class, 'sapMLabelRequired') and .//bdi[contains(text(), 'Planned Retirement')]]"}
RESULT: {"using":"xpath","value":"//label[contains(@class, 'sapMLabelRequired') and .//bdi[contains(text(), 'Planned Retirement')]]"}
COMMAND: POST /session/3d3f7fd824ffe76093792df5eba9e1c3/elements - {"using":"xpath","value":"//label[contains(@class, 'sapMLabelRequired') and .//bdi[contains(text(), 'Planned Retirement')]]"}
RESULT: {"using":"xpath","value":"//label[contains(@class, 'sapMLabelRequired') and .//bdi[contains(text(), 'Planned Retirement')]]"}
COMMAND: POST /session/3d3f7fd824ffe76093792df5eba9e1c3/element - {"using":"xpath","value":"//button[@data-kt=\"resourceUnitSaveButton\"]"}
RESULT: {"using":"xpath","value":"//button[@data-kt=\"resourceUnitSaveButton\"]"}
COMMAND: POST /session/3d3f7fd824ffe76093792df5eba9e1c3/element/f.B31767EFF96F4B6690C27CBC6EB8D7D5.d.187C9A0ACCBD875C89BE1DED39699A8A.e.9581/click - {}
RESULT: {}
COMMAND: GET /session/3d3f7fd824ffe76093792df5eba9e1c3/screenshot - {}
RESULT: {}
COMMAND: POST /session/3d3f7fd824ffe76093792df5eba9e1c3/element - {"using":"xpath","value":"//bdi[contains(text(), \"Close\")]"}
RESULT: {"using":"xpath","value":"//bdi[contains(text(), \"Close\")]"}
COMMAND: POST /session/3d3f7fd824ffe76093792df5eba9e1c3/element/f.B31767EFF96F4B6690C27CBC6EB8D7D5.d.187C9A0ACCBD875C89BE1DED39699A8A.e.9683/click - {}
RESULT: {}
COMMAND: GET /session/3d3f7fd824ffe76093792df5eba9e1c3/screenshot - {}
RESULT: {}
COMMAND: POST /session/3d3f7fd824ffe76093792df5eba9e1c3/element - {"using":"xpath","value":"//header[contains(@id, 'detailRruPage-headerTitle')]/div[1]/div[2]/div[2]/span[1]"}
RESULT: {"using":"xpath","value":"//header[contains(@id, 'detailRruPage-headerTitle')]/div[1]/div[2]/div[2]/span[1]"}
COMMAND: POST /session/3d3f7fd824ffe76093792df5eba9e1c3/elements - {"using":"xpath","value":"//header[contains(@id, 'detailRruPage-headerTitle')]/div[1]/div[2]/div[2]/span[1]"}
RESULT: {"using":"xpath","value":"//header[contains(@id, 'detailRruPage-headerTitle')]/div[1]/div[2]/div[2]/span[1]"}
COMMAND: POST /session/3d3f7fd824ffe76093792df5eba9e1c3/execute/sync - {"script":"<script> [56 bytes]","args":[{"element-6066-11e4-a52e-4f735466cecf":"f.B31767EFF96F4B6690C27CBC6EB8D7D5.d.187C9A0ACCBD875C89BE1DED39699A8A.e.9715","ELEMENT":"f.B31767EFF96F4B6690C27CBC6EB8D7D5.d.187C9A0ACCBD875C89BE1DED39699A8A.e.9715"}]}
RESULT: {"script":"<script> [56 bytes]","args":[{"element-6066-11e4-a52e-4f735466cecf":"f.B31767EFF96F4B6690C27CBC6EB8D7D5.d.187C9A0ACCBD875C89BE1DED39699A8A.e.9715","ELEMENT":"f.B31767EFF96F4B6690C27CBC6EB8D7D5.d.187C9A0ACCBD875C89BE1DED39699A8A.e.9715"}]}
COMMAND: POST /session/3d3f7fd824ffe76093792df5eba9e1c3/element - {"using":"css selector","value":"#shell-header-logo"}
COMMAND: GET /session/3d3f7fd824ffe76093792df5eba9e1c3/screenshot - {}
RESULT: {"using":"css selector","value":"#shell-header-logo"}
COMMAND: POST /session/3d3f7fd824ffe76093792df5eba9e1c3/element/f.B31767EFF96F4B6690C27CBC6EB8D7D5.d.187C9A0ACCBD875C89BE1DED39699A8A.e.9168/click - {}
RESULT: {}
RESULT: {}
COMMAND: GET /session/3d3f7fd824ffe76093792df5eba9e1c3/screenshot - {}
RESULT: {}
]]></system-out>
    </testcase>
  </testsuite>
  <testsuite timestamp="2025-05-13T16:51:33" time="235.873" tests="6" failures="5" errors="5" skipped="0">
    <properties>
      <property name="specId" value="0" />
      <property name="suiteName" value="Provide to Site w/o warehouse management w clarification" />
      <property name="capabilities" value="chrome.136_0_7103_49.windows" />
      <property name="file" value="file:///D:/a/1/s/test/specs/HTR/provide-to-site-wo-warehouse-w-clarification.spec.js" />
    </properties>
    <testcase classname="chrome.136_0_7103_49.windows.Provide_to_Site_w/o_warehouse_management_w_clarification" name="Should test for Clarification" time="0.003">
      <system-out><![CDATA[
COMMAND: POST /session/3d3f7fd824ffe76093792df5eba9e1c3/element - {"using":"css selector","value":"#j_username"}
COMMAND: POST /session/3d3f7fd824ffe76093792df5eba9e1c3/url - {"url":"https://qa-testing-00-live-etm-ui.cfapps.eu10-004.hana.ondemand.com/"}
COMMAND: GET /session/3d3f7fd824ffe76093792df5eba9e1c3/screenshot - {}
COMMAND: GET /session/3d3f7fd824ffe76093792df5eba9e1c3/screenshot - {}
RESULT: {"using":"css selector","value":"#j_username"}
COMMAND: POST /session/3d3f7fd824ffe76093792df5eba9e1c3/element - {"using":"css selector","value":"#j_username"}
RESULT: {"url":"https://qa-testing-00-live-etm-ui.cfapps.eu10-004.hana.ondemand.com/"}
RESULT: undefined
COMMAND: GET /session/3d3f7fd824ffe76093792df5eba9e1c3/screenshot - {}
RESULT: {}
RESULT: {}
RESULT: {"using":"css selector","value":"#j_username"}
COMMAND: POST /session/3d3f7fd824ffe76093792df5eba9e1c3/element - {"using":"css selector","value":"#shell-header-logo"}
RESULT: {}
RESULT: {"using":"css selector","value":"#shell-header-logo"}
COMMAND: POST /session/3d3f7fd824ffe76093792df5eba9e1c3/execute/sync - {"script":"<script> [8489 bytes]","args":[{"element-6066-11e4-a52e-4f735466cecf":"f.B31767EFF96F4B6690C27CBC6EB8D7D5.d.4AB55F301689BEC6F1FC48014DDB9723.e.10293","ELEMENT":"f.B31767EFF96F4B6690C27CBC6EB8D7D5.d.4AB55F301689BEC6F1FC48014DDB9723.e.10293"}]}
RESULT: {"script":"<script> [8489 bytes]","args":[{"element-6066-11e4-a52e-4f735466cecf":"f.B31767EFF96F4B6690C27CBC6EB8D7D5.d.4AB55F301689BEC6F1FC48014DDB9723.e.10293","ELEMENT":"f.B31767EFF96F4B6690C27CBC6EB8D7D5.d.4AB55F301689BEC6F1FC48014DDB9723.e.10293"}]}
COMMAND: POST /session/3d3f7fd824ffe76093792df5eba9e1c3/element - {"using":"css selector","value":"#shell-header-logo"}
COMMAND: GET /session/3d3f7fd824ffe76093792df5eba9e1c3/screenshot - {}
RESULT: {"using":"css selector","value":"#shell-header-logo"}
COMMAND: POST /session/3d3f7fd824ffe76093792df5eba9e1c3/execute/sync - {"script":"<script> [8489 bytes]","args":[{"element-6066-11e4-a52e-4f735466cecf":"f.B31767EFF96F4B6690C27CBC6EB8D7D5.d.4AB55F301689BEC6F1FC48014DDB9723.e.10293","ELEMENT":"f.B31767EFF96F4B6690C27CBC6EB8D7D5.d.4AB55F301689BEC6F1FC48014DDB9723.e.10293"}]}
RESULT: {}
RESULT: {"script":"<script> [8489 bytes]","args":[{"element-6066-11e4-a52e-4f735466cecf":"f.B31767EFF96F4B6690C27CBC6EB8D7D5.d.4AB55F301689BEC6F1FC48014DDB9723.e.10293","ELEMENT":"f.B31767EFF96F4B6690C27CBC6EB8D7D5.d.4AB55F301689BEC6F1FC48014DDB9723.e.10293"}]}
COMMAND: POST /session/3d3f7fd824ffe76093792df5eba9e1c3/execute/sync - {"script":"<script> [5351 bytes]","args":[{"element-6066-11e4-a52e-4f735466cecf":"f.B31767EFF96F4B6690C27CBC6EB8D7D5.d.4AB55F301689BEC6F1FC48014DDB9723.e.10293","ELEMENT":"f.B31767EFF96F4B6690C27CBC6EB8D7D5.d.4AB55F301689BEC6F1FC48014DDB9723.e.10293"}]}
COMMAND: GET /session/3d3f7fd824ffe76093792df5eba9e1c3/screenshot - {}
RESULT: {"script":"<script> [5351 bytes]","args":[{"element-6066-11e4-a52e-4f735466cecf":"f.B31767EFF96F4B6690C27CBC6EB8D7D5.d.4AB55F301689BEC6F1FC48014DDB9723.e.10293","ELEMENT":"f.B31767EFF96F4B6690C27CBC6EB8D7D5.d.4AB55F301689BEC6F1FC48014DDB9723.e.10293"}]}
COMMAND: POST /session/3d3f7fd824ffe76093792df5eba9e1c3/element - {"using":"css selector","value":"#shell-header-logo"}
COMMAND: GET /session/3d3f7fd824ffe76093792df5eba9e1c3/screenshot - {}
RESULT: {}
RESULT: {"using":"css selector","value":"#shell-header-logo"}
COMMAND: POST /session/3d3f7fd824ffe76093792df5eba9e1c3/element/f.B31767EFF96F4B6690C27CBC6EB8D7D5.d.4AB55F301689BEC6F1FC48014DDB9723.e.10293/click - {}
RESULT: {}
RESULT: {}
COMMAND: GET /session/3d3f7fd824ffe76093792df5eba9e1c3/screenshot - {}
RESULT: {}
COMMAND: POST /session/3d3f7fd824ffe76093792df5eba9e1c3/execute/async - {"script":"<script> [189 bytes]","args":[]}
RESULT: {"script":"<script> [189 bytes]","args":[]}
COMMAND: POST /session/3d3f7fd824ffe76093792df5eba9e1c3/execute/async - {"script":"<script> [123 bytes]","args":[]}
RESULT: {"script":"<script> [123 bytes]","args":[]}
COMMAND: POST /session/3d3f7fd824ffe76093792df5eba9e1c3/timeouts - {"script":"<number>"}
RESULT: {"script":"<number>"}
COMMAND: GET /session/3d3f7fd824ffe76093792df5eba9e1c3/timeouts - {}
RESULT: {}
RESULT: undefined
COMMAND: POST /session/3d3f7fd824ffe76093792df5eba9e1c3/execute/async - {"script":"<script> [2676 bytes]","args":[]}
RESULT: {"script":"<script> [2676 bytes]","args":[]}
COMMAND: POST /session/3d3f7fd824ffe76093792df5eba9e1c3/execute/async - {"script":"<script> [2342 bytes]","args":[{"protocol":"http","hostname":"0.0.0.0","path":"/","capabilities":{"browserName":"chrome","goog:chromeOptions":{"binary":"C:\\Program Files\\Google\\Chrome\\Application\\chrome.exe","args":["--start-maximized"]}},"logLevel":"warn","connectionRetryTimeout":120000,"connectionRetryCount":3,"logLevels":{},"enableDirectConnect":true,"strictSSL":true,"_":"65 more keys: [\"cacheDir\",\"port\",\"requestedCapabilities\",\"automationProtocol\",\"baseUrl\",\"waitforInterval\",\"waitforTimeout\",\"onReload\",\"beforeCommand\",\"afterCommand\",\"rootDir\",\"specs\",\"suites\",\"exclude\",\"groupLogsByTestSpec\",\"excludeDriverLogs\",\"bail\",\"framework\",\"reporters\",\"services\",\"maxInstances\",\"maxInstancesPerCapability\",\"injectGlobals\",\"filesToWatch\",\"execArgv\",\"runnerEnv\",\"runner\",\"shard\",\"specFileRetries\",\"specFileRetriesDelay\",\"specFileRetriesDeferred\",\"reporterSyncInterval\",\"reporterSyncTimeout\",\"cucumberFeaturesWithLineNumbers\",\"autoCompileOpts\",\"mochaOpts\",\"jasmineOpts\",\"cucumberOpts\",\"onPrepare\",\"onWorkerStart\",\"onWorkerEnd\",\"before\",\"beforeSession\",\"beforeSuite\",\"beforeHook\",\"beforeTest\",\"afterTest\",\"afterHook\",\"afterSuite\",\"afterSession\",\"after\",\"onComplete\",\"beforeAssertion\",\"afterAssertion\",\"beforeFeature\",\"beforeScenario\",\"beforeStep\",\"afterStep\",\"afterScenario\",\"afterFeature\",\"_\",\"suite\",\"$0\",\"ignoredWorkerServices\",\"wdi5\"]"}]}
RESULT: {"script":"<script> [2342 bytes]","args":[{"protocol":"http","hostname":"0.0.0.0","path":"/","capabilities":{"browserName":"chrome","goog:chromeOptions":{"binary":"C:\\Program Files\\Google\\Chrome\\Application\\chrome.exe","args":["--start-maximized"]}},"logLevel":"warn","connectionRetryTimeout":120000,"connectionRetryCount":3,"logLevels":{},"enableDirectConnect":true,"strictSSL":true,"_":"65 more keys: [\"cacheDir\",\"port\",\"requestedCapabilities\",\"automationProtocol\",\"baseUrl\",\"waitforInterval\",\"waitforTimeout\",\"onReload\",\"beforeCommand\",\"afterCommand\",\"rootDir\",\"specs\",\"suites\",\"exclude\",\"groupLogsByTestSpec\",\"excludeDriverLogs\",\"bail\",\"framework\",\"reporters\",\"services\",\"maxInstances\",\"maxInstancesPerCapability\",\"injectGlobals\",\"filesToWatch\",\"execArgv\",\"runnerEnv\",\"runner\",\"shard\",\"specFileRetries\",\"specFileRetriesDelay\",\"specFileRetriesDeferred\",\"reporterSyncInterval\",\"reporterSyncTimeout\",\"cucumberFeaturesWithLineNumbers\",\"autoCompileOpts\",\"mochaOpts\",\"jasmineOpts\",\"cucumberOpts\",\"onPrepare\",\"onWorkerStart\",\"onWorkerEnd\",\"before\",\"beforeSession\",\"beforeSuite\",\"beforeHook\",\"beforeTest\",\"afterTest\",\"afterHook\",\"afterSuite\",\"afterSession\",\"after\",\"onComplete\",\"beforeAssertion\",\"afterAssertion\",\"beforeFeature\",\"beforeScenario\",\"beforeStep\",\"afterStep\",\"afterScenario\",\"afterFeature\",\"_\",\"suite\",\"$0\",\"ignoredWorkerServices\",\"wdi5\"]"}]}
COMMAND: POST /session/3d3f7fd824ffe76093792df5eba9e1c3/execute/async - {"script":"<script> [21126 bytes]","args":[35000]}
RESULT: {"script":"<script> [21126 bytes]","args":[35000]}
COMMAND: POST /session/3d3f7fd824ffe76093792df5eba9e1c3/window/maximize - {}
RESULT: {}
COMMAND: POST /session/3d3f7fd824ffe76093792df5eba9e1c3/execute/async - {"script":"<script> [1562 bytes]","args":[{"selector":{"id":"shell-header","interaction":{"idSuffix":"icon"}},"wdio_ui5_key":"shellheader"}]}
COMMAND: GET /session/3d3f7fd824ffe76093792df5eba9e1c3/screenshot - {}
RESULT: {"script":"<script> [1562 bytes]","args":[{"selector":{"id":"shell-header","interaction":{"idSuffix":"icon"}},"wdio_ui5_key":"shellheader"}]}
RESULT: undefined
COMMAND: POST /session/3d3f7fd824ffe76093792df5eba9e1c3/window/fullscreen - {}
RESULT: {}
RESULT: {}
]]></system-out>
    </testcase>
  </testsuite>
  <testsuite timestamp="2025-05-13T16:55:29" time="128.806" tests="4" failures="0" errors="0" skipped="0">
    <properties>
      <property name="specId" value="0" />
      <property name="suiteName" value="Provide to Site w/o warehouse management w/o clarification US116612" />
      <property name="capabilities" value="chrome.136_0_7103_49.windows" />
      <property name="file" value="file:///D:/a/1/s/test/specs/HTR/provide-to-site-wo-warehouse-wo-clarification.spec.js" />
    </properties>
    <testcase classname="chrome.136_0_7103_49.windows.Provide_to_Site_w/o_warehouse_management_w/o_clarification_US116612" name="Should create a new yard" time="0.025">
      <system-out><![CDATA[
COMMAND: POST /session/3d3f7fd824ffe76093792df5eba9e1c3/window/fullscreen - {}
RESULT: {}
]]></system-out>
    </testcase>
    <testcase classname="chrome.136_0_7103_49.windows.Provide_to_Site_w/o_warehouse_management_w/o_clarification_US116612" name="Should create a new external partner" time="0.003" />
    <testcase classname="chrome.136_0_7103_49.windows.Provide_to_Site_w/o_warehouse_management_w/o_clarification_US116612" name="Should create a new site" time="0.004" />
    <testcase classname="chrome.136_0_7103_49.windows.Provide_to_Site_w/o_warehouse_management_w/o_clarification_US116612" name="Should create a new material" time="116.367">
      <system-out><![CDATA[
COMMAND: POST /session/3d3f7fd824ffe76093792df5eba9e1c3/execute/async - {"script":"<script> [1562 bytes]","args":[{"selector":{"controlType":"sap.m.GenericTile","properties":{"header":"Manage Resources"}},"wdio_ui5_key":"sapm.GenericTile{\"header\":\"Manage Resources\"}"}]}
RESULT: {"script":"<script> [1562 bytes]","args":[{"selector":{"controlType":"sap.m.GenericTile","properties":{"header":"Manage Resources"}},"wdio_ui5_key":"sapm.GenericTile{\"header\":\"Manage Resources\"}"}]}
RESULT: undefined
COMMAND: POST /session/3d3f7fd824ffe76093792df5eba9e1c3/element - {"using":"xpath","value":"//*[@id=\"__tile31\"]"}
RESULT: {"using":"xpath","value":"//*[@id=\"__tile31\"]"}
COMMAND: POST /session/3d3f7fd824ffe76093792df5eba9e1c3/element/f.B31767EFF96F4B6690C27CBC6EB8D7D5.d.4AB55F301689BEC6F1FC48014DDB9723.e.10317/click - {}
RESULT: {}
COMMAND: POST /session/3d3f7fd824ffe76093792df5eba9e1c3/element - {"using":"xpath","value":"//button[@data-kt=\"addNewRUOverflowToolbarButton\"]"}
COMMAND: GET /session/3d3f7fd824ffe76093792df5eba9e1c3/screenshot - {}
RESULT: {"using":"xpath","value":"//button[@data-kt=\"addNewRUOverflowToolbarButton\"]"}
COMMAND: POST /session/3d3f7fd824ffe76093792df5eba9e1c3/elements - {"using":"xpath","value":"//button[@data-kt=\"addNewRUOverflowToolbarButton\"]"}
RESULT: {}
RESULT: {"using":"xpath","value":"//button[@data-kt=\"addNewRUOverflowToolbarButton\"]"}
COMMAND: POST /session/3d3f7fd824ffe76093792df5eba9e1c3/elements - {"using":"xpath","value":"//button[@data-kt=\"addNewRUOverflowToolbarButton\"]"}
RESULT: {"using":"xpath","value":"//button[@data-kt=\"addNewRUOverflowToolbarButton\"]"}
COMMAND: POST /session/3d3f7fd824ffe76093792df5eba9e1c3/elements - {"using":"xpath","value":"//button[@data-kt=\"addNewRUOverflowToolbarButton\"]"}
RESULT: {"using":"xpath","value":"//button[@data-kt=\"addNewRUOverflowToolbarButton\"]"}
COMMAND: POST /session/3d3f7fd824ffe76093792df5eba9e1c3/elements - {"using":"xpath","value":"//button[@data-kt=\"addNewRUOverflowToolbarButton\"]"}
RESULT: {"using":"xpath","value":"//button[@data-kt=\"addNewRUOverflowToolbarButton\"]"}
COMMAND: POST /session/3d3f7fd824ffe76093792df5eba9e1c3/elements - {"using":"xpath","value":"//button[@data-kt=\"addNewRUOverflowToolbarButton\"]"}
RESULT: {"using":"xpath","value":"//button[@data-kt=\"addNewRUOverflowToolbarButton\"]"}
COMMAND: POST /session/3d3f7fd824ffe76093792df5eba9e1c3/elements - {"using":"xpath","value":"//button[@data-kt=\"addNewRUOverflowToolbarButton\"]"}
RESULT: {"using":"xpath","value":"//button[@data-kt=\"addNewRUOverflowToolbarButton\"]"}
COMMAND: POST /session/3d3f7fd824ffe76093792df5eba9e1c3/elements - {"using":"xpath","value":"//button[@data-kt=\"addNewRUOverflowToolbarButton\"]"}
RESULT: {"using":"xpath","value":"//button[@data-kt=\"addNewRUOverflowToolbarButton\"]"}
COMMAND: POST /session/3d3f7fd824ffe76093792df5eba9e1c3/elements - {"using":"xpath","value":"//button[@data-kt=\"addNewRUOverflowToolbarButton\"]"}
RESULT: {"using":"xpath","value":"//button[@data-kt=\"addNewRUOverflowToolbarButton\"]"}
COMMAND: POST /session/3d3f7fd824ffe76093792df5eba9e1c3/elements - {"using":"xpath","value":"//button[@data-kt=\"addNewRUOverflowToolbarButton\"]"}
RESULT: {"using":"xpath","value":"//button[@data-kt=\"addNewRUOverflowToolbarButton\"]"}
COMMAND: POST /session/3d3f7fd824ffe76093792df5eba9e1c3/elements - {"using":"xpath","value":"//button[@data-kt=\"addNewRUOverflowToolbarButton\"]"}
RESULT: {"using":"xpath","value":"//button[@data-kt=\"addNewRUOverflowToolbarButton\"]"}
COMMAND: POST /session/3d3f7fd824ffe76093792df5eba9e1c3/elements - {"using":"xpath","value":"//button[@data-kt=\"addNewRUOverflowToolbarButton\"]"}
RESULT: {"using":"xpath","value":"//button[@data-kt=\"addNewRUOverflowToolbarButton\"]"}
COMMAND: POST /session/3d3f7fd824ffe76093792df5eba9e1c3/elements - {"using":"xpath","value":"//button[@data-kt=\"addNewRUOverflowToolbarButton\"]"}
RESULT: {"using":"xpath","value":"//button[@data-kt=\"addNewRUOverflowToolbarButton\"]"}
COMMAND: POST /session/3d3f7fd824ffe76093792df5eba9e1c3/elements - {"using":"xpath","value":"//button[@data-kt=\"addNewRUOverflowToolbarButton\"]"}
RESULT: {"using":"xpath","value":"//button[@data-kt=\"addNewRUOverflowToolbarButton\"]"}
COMMAND: POST /session/3d3f7fd824ffe76093792df5eba9e1c3/elements - {"using":"xpath","value":"//button[@data-kt=\"addNewRUOverflowToolbarButton\"]"}
RESULT: {"using":"xpath","value":"//button[@data-kt=\"addNewRUOverflowToolbarButton\"]"}
COMMAND: POST /session/3d3f7fd824ffe76093792df5eba9e1c3/elements - {"using":"xpath","value":"//button[@data-kt=\"addNewRUOverflowToolbarButton\"]"}
RESULT: {"using":"xpath","value":"//button[@data-kt=\"addNewRUOverflowToolbarButton\"]"}
COMMAND: POST /session/3d3f7fd824ffe76093792df5eba9e1c3/elements - {"using":"xpath","value":"//button[@data-kt=\"addNewRUOverflowToolbarButton\"]"}
RESULT: {"using":"xpath","value":"//button[@data-kt=\"addNewRUOverflowToolbarButton\"]"}
COMMAND: POST /session/3d3f7fd824ffe76093792df5eba9e1c3/element - {"using":"xpath","value":"//button[@data-kt=\"addNewRUOverflowToolbarButton\"]"}
RESULT: {"using":"xpath","value":"//button[@data-kt=\"addNewRUOverflowToolbarButton\"]"}
COMMAND: POST /session/3d3f7fd824ffe76093792df5eba9e1c3/execute/sync - {"script":"<script> [8489 bytes]","args":[{"element-6066-11e4-a52e-4f735466cecf":"f.B31767EFF96F4B6690C27CBC6EB8D7D5.d.4AB55F301689BEC6F1FC48014DDB9723.e.10444","ELEMENT":"f.B31767EFF96F4B6690C27CBC6EB8D7D5.d.4AB55F301689BEC6F1FC48014DDB9723.e.10444"}]}
RESULT: {"script":"<script> [8489 bytes]","args":[{"element-6066-11e4-a52e-4f735466cecf":"f.B31767EFF96F4B6690C27CBC6EB8D7D5.d.4AB55F301689BEC6F1FC48014DDB9723.e.10444","ELEMENT":"f.B31767EFF96F4B6690C27CBC6EB8D7D5.d.4AB55F301689BEC6F1FC48014DDB9723.e.10444"}]}
COMMAND: GET /session/3d3f7fd824ffe76093792df5eba9e1c3/element/f.B31767EFF96F4B6690C27CBC6EB8D7D5.d.4AB55F301689BEC6F1FC48014DDB9723.e.10444/enabled - {}
COMMAND: GET /session/3d3f7fd824ffe76093792df5eba9e1c3/screenshot - {}
RESULT: {}
COMMAND: POST /session/3d3f7fd824ffe76093792df5eba9e1c3/execute/sync - {"script":"<script> [8489 bytes]","args":[{"element-6066-11e4-a52e-4f735466cecf":"f.B31767EFF96F4B6690C27CBC6EB8D7D5.d.4AB55F301689BEC6F1FC48014DDB9723.e.10444","ELEMENT":"f.B31767EFF96F4B6690C27CBC6EB8D7D5.d.4AB55F301689BEC6F1FC48014DDB9723.e.10444"}]}
COMMAND: GET /session/3d3f7fd824ffe76093792df5eba9e1c3/screenshot - {}
RESULT: {}
RESULT: {"script":"<script> [8489 bytes]","args":[{"element-6066-11e4-a52e-4f735466cecf":"f.B31767EFF96F4B6690C27CBC6EB8D7D5.d.4AB55F301689BEC6F1FC48014DDB9723.e.10444","ELEMENT":"f.B31767EFF96F4B6690C27CBC6EB8D7D5.d.4AB55F301689BEC6F1FC48014DDB9723.e.10444"}]}
COMMAND: POST /session/3d3f7fd824ffe76093792df5eba9e1c3/execute/sync - {"script":"<script> [5351 bytes]","args":[{"element-6066-11e4-a52e-4f735466cecf":"f.B31767EFF96F4B6690C27CBC6EB8D7D5.d.4AB55F301689BEC6F1FC48014DDB9723.e.10444","ELEMENT":"f.B31767EFF96F4B6690C27CBC6EB8D7D5.d.4AB55F301689BEC6F1FC48014DDB9723.e.10444"}]}
COMMAND: GET /session/3d3f7fd824ffe76093792df5eba9e1c3/screenshot - {}
RESULT: {}
RESULT: {"script":"<script> [5351 bytes]","args":[{"element-6066-11e4-a52e-4f735466cecf":"f.B31767EFF96F4B6690C27CBC6EB8D7D5.d.4AB55F301689BEC6F1FC48014DDB9723.e.10444","ELEMENT":"f.B31767EFF96F4B6690C27CBC6EB8D7D5.d.4AB55F301689BEC6F1FC48014DDB9723.e.10444"}]}
COMMAND: POST /session/3d3f7fd824ffe76093792df5eba9e1c3/element/f.B31767EFF96F4B6690C27CBC6EB8D7D5.d.4AB55F301689BEC6F1FC48014DDB9723.e.10444/click - {}
COMMAND: GET /session/3d3f7fd824ffe76093792df5eba9e1c3/screenshot - {}
RESULT: {}
RESULT: {}
RESULT: {}
COMMAND: GET /session/3d3f7fd824ffe76093792df5eba9e1c3/screenshot - {}
COMMAND: POST /session/3d3f7fd824ffe76093792df5eba9e1c3/execute/async - {"script":"<script> [1562 bytes]","args":[{"selector":{"id":"application-manageresources-display-component---newResourceUnit--TYPE-arrow"},"wdio_ui5_key":"applicationmanageresources-display-component---newResourceUnit--TYPE-arrow"}]}
RESULT: {}
RESULT: {"script":"<script> [1562 bytes]","args":[{"selector":{"id":"application-manageresources-display-component---newResourceUnit--TYPE-arrow"},"wdio_ui5_key":"applicationmanageresources-display-component---newResourceUnit--TYPE-arrow"}]}
RESULT: undefined
COMMAND: POST /session/3d3f7fd824ffe76093792df5eba9e1c3/element - {"using":"xpath","value":"//*[@id=\"application-manageresources-display-component---newResourceUnit--TYPE-arrow\"]"}
RESULT: {"using":"xpath","value":"//*[@id=\"application-manageresources-display-component---newResourceUnit--TYPE-arrow\"]"}
COMMAND: POST /session/3d3f7fd824ffe76093792df5eba9e1c3/element/f.B31767EFF96F4B6690C27CBC6EB8D7D5.d.4AB55F301689BEC6F1FC48014DDB9723.e.10810/click - {}
RESULT: {}
COMMAND: POST /session/3d3f7fd824ffe76093792df5eba9e1c3/element - {"using":"xpath","value":"//input[@id=\"application-manageresources-display-component---newResourceUnit--TYPE-inner\"]"}
COMMAND: GET /session/3d3f7fd824ffe76093792df5eba9e1c3/screenshot - {}
RESULT: {"using":"xpath","value":"//input[@id=\"application-manageresources-display-component---newResourceUnit--TYPE-inner\"]"}
COMMAND: POST /session/3d3f7fd824ffe76093792df5eba9e1c3/element/f.B31767EFF96F4B6690C27CBC6EB8D7D5.d.4AB55F301689BEC6F1FC48014DDB9723.e.10795/clear - {}
RESULT: {}
RESULT: {}
COMMAND: POST /session/3d3f7fd824ffe76093792df5eba9e1c3/element/f.B31767EFF96F4B6690C27CBC6EB8D7D5.d.4AB55F301689BEC6F1FC48014DDB9723.e.10795/value - {"text":"Material"}
COMMAND: GET /session/3d3f7fd824ffe76093792df5eba9e1c3/screenshot - {}
RESULT: {"text":"Material"}
COMMAND: GET /session/3d3f7fd824ffe76093792df5eba9e1c3/screenshot - {}
RESULT: {}
RESULT: {}
COMMAND: POST /session/3d3f7fd824ffe76093792df5eba9e1c3/actions - {"actions":[{"id":"action38","type":"key","parameters":{},"actions":[{"type":"keyDown","value":"î€‡"},{"type":"pause","duration":10},{"type":"keyUp","value":"î€‡"}]}]}
RESULT: {"actions":[{"id":"action38","type":"key","parameters":{},"actions":[{"type":"keyDown","value":"î€‡"},{"type":"pause","duration":10},{"type":"keyUp","value":"î€‡"}]}]}
COMMAND: POST /session/3d3f7fd824ffe76093792df5eba9e1c3/execute/async - {"script":"<script> [1562 bytes]","args":[{"selector":{"id":"application-manageresources-display-component---newResourceUnit--SHORT_TEXT","interaction":{"idSuffix":"inner"}},"wdio_ui5_key":"applicationmanageresources-display-component---newResourceUnit--SHORT_TEXT"}]}
COMMAND: GET /session/3d3f7fd824ffe76093792df5eba9e1c3/screenshot - {}
RESULT: {"script":"<script> [1562 bytes]","args":[{"selector":{"id":"application-manageresources-display-component---newResourceUnit--SHORT_TEXT","interaction":{"idSuffix":"inner"}},"wdio_ui5_key":"applicationmanageresources-display-component---newResourceUnit--SHORT_TEXT"}]}
RESULT: undefined
COMMAND: POST /session/3d3f7fd824ffe76093792df5eba9e1c3/execute/async - {"script":"<script> [776 bytes]","args":[{"enterText":"Cement WDIO","selector":{"id":"application-manageresources-display-component---newResourceUnit--SHORT_TEXT","interaction":{"idSuffix":"inner"}},"clearTextFirst":true,"interactionType":"ENTER_TEXT"}]}
RESULT: {}
RESULT: {"script":"<script> [776 bytes]","args":[{"enterText":"Cement WDIO","selector":{"id":"application-manageresources-display-component---newResourceUnit--SHORT_TEXT","interaction":{"idSuffix":"inner"}},"clearTextFirst":true,"interactionType":"ENTER_TEXT"}]}
COMMAND: POST /session/3d3f7fd824ffe76093792df5eba9e1c3/execute/async - {"script":"<script> [1562 bytes]","args":[{"selector":{"id":"application-manageresources-display-component---newResourceUnit--BASE_UNIT_OF_MEASURE","interaction":{"idSuffix":"inner"}},"wdio_ui5_key":"applicationmanageresources-display-component---newResourceUnit--BASE_UNIT_OF_MEASURE"}]}
RESULT: {"script":"<script> [1562 bytes]","args":[{"selector":{"id":"application-manageresources-display-component---newResourceUnit--BASE_UNIT_OF_MEASURE","interaction":{"idSuffix":"inner"}},"wdio_ui5_key":"applicationmanageresources-display-component---newResourceUnit--BASE_UNIT_OF_MEASURE"}]}
RESULT: undefined
COMMAND: POST /session/3d3f7fd824ffe76093792df5eba9e1c3/execute/async - {"script":"<script> [776 bytes]","args":[{"enterText":"Piece","selector":{"id":"application-manageresources-display-component---newResourceUnit--BASE_UNIT_OF_MEASURE","interaction":{"idSuffix":"inner"}},"clearTextFirst":true,"interactionType":"ENTER_TEXT"}]}
RESULT: {"script":"<script> [776 bytes]","args":[{"enterText":"Piece","selector":{"id":"application-manageresources-display-component---newResourceUnit--BASE_UNIT_OF_MEASURE","interaction":{"idSuffix":"inner"}},"clearTextFirst":true,"interactionType":"ENTER_TEXT"}]}
COMMAND: POST /session/3d3f7fd824ffe76093792df5eba9e1c3/execute/async - {"script":"<script> [1562 bytes]","args":[{"selector":{"id":"application-manageresources-display-component---newResourceUnit--WEIGHT_UNIT","interaction":{"idSuffix":"inner"}},"wdio_ui5_key":"applicationmanageresources-display-component---newResourceUnit--WEIGHT_UNIT"}]}
RESULT: {"script":"<script> [1562 bytes]","args":[{"selector":{"id":"application-manageresources-display-component---newResourceUnit--WEIGHT_UNIT","interaction":{"idSuffix":"inner"}},"wdio_ui5_key":"applicationmanageresources-display-component---newResourceUnit--WEIGHT_UNIT"}]}
RESULT: undefined
COMMAND: POST /session/3d3f7fd824ffe76093792df5eba9e1c3/execute/async - {"script":"<script> [776 bytes]","args":[{"enterText":"Gram","selector":{"id":"application-manageresources-display-component---newResourceUnit--WEIGHT_UNIT","interaction":{"idSuffix":"inner"}},"clearTextFirst":true,"interactionType":"ENTER_TEXT"}]}
RESULT: {"script":"<script> [776 bytes]","args":[{"enterText":"Gram","selector":{"id":"application-manageresources-display-component---newResourceUnit--WEIGHT_UNIT","interaction":{"idSuffix":"inner"}},"clearTextFirst":true,"interactionType":"ENTER_TEXT"}]}
COMMAND: POST /session/3d3f7fd824ffe76093792df5eba9e1c3/execute/async - {"script":"<script> [1562 bytes]","args":[{"selector":{"id":"application-manageresources-display-component---newResourceUnit--DIMENSION_UNIT","interaction":{"idSuffix":"inner"}},"wdio_ui5_key":"applicationmanageresources-display-component---newResourceUnit--DIMENSION_UNIT"}]}
RESULT: {"script":"<script> [1562 bytes]","args":[{"selector":{"id":"application-manageresources-display-component---newResourceUnit--DIMENSION_UNIT","interaction":{"idSuffix":"inner"}},"wdio_ui5_key":"applicationmanageresources-display-component---newResourceUnit--DIMENSION_UNIT"}]}
RESULT: undefined
COMMAND: POST /session/3d3f7fd824ffe76093792df5eba9e1c3/execute/async - {"script":"<script> [776 bytes]","args":[{"enterText":"Meter","selector":{"id":"application-manageresources-display-component---newResourceUnit--DIMENSION_UNIT","interaction":{"idSuffix":"inner"}},"clearTextFirst":true,"interactionType":"ENTER_TEXT"}]}
RESULT: {"script":"<script> [776 bytes]","args":[{"enterText":"Meter","selector":{"id":"application-manageresources-display-component---newResourceUnit--DIMENSION_UNIT","interaction":{"idSuffix":"inner"}},"clearTextFirst":true,"interactionType":"ENTER_TEXT"}]}
COMMAND: POST /session/3d3f7fd824ffe76093792df5eba9e1c3/execute/async - {"script":"<script> [1562 bytes]","args":[{"selector":{"id":"application-manageresources-display-component---newResourceUnit--newRRUPage-anchBar-application-manageresources-display-component---newResourceUnit--control-anchor","interaction":{"idSuffix":"BDI-content"}},"wdio_ui5_key":"applicationmanageresources-display-component---newResourceUnit--newRRUPage-anchBar-application-manageresources-display-component---newResourceUnit--control-anchor"}]}
RESULT: {"script":"<script> [1562 bytes]","args":[{"selector":{"id":"application-manageresources-display-component---newResourceUnit--newRRUPage-anchBar-application-manageresources-display-component---newResourceUnit--control-anchor","interaction":{"idSuffix":"BDI-content"}},"wdio_ui5_key":"applicationmanageresources-display-component---newResourceUnit--newRRUPage-anchBar-application-manageresources-display-component---newResourceUnit--control-anchor"}]}
RESULT: undefined
COMMAND: POST /session/3d3f7fd824ffe76093792df5eba9e1c3/element - {"using":"xpath","value":"//*[@id=\"application-manageresources-display-component---newResourceUnit--newRRUPage-anchBar-application-manageresources-display-component---newResourceUnit--control-anchor\"]"}
RESULT: {"using":"xpath","value":"//*[@id=\"application-manageresources-display-component---newResourceUnit--newRRUPage-anchBar-application-manageresources-display-component---newResourceUnit--control-anchor\"]"}
COMMAND: POST /session/3d3f7fd824ffe76093792df5eba9e1c3/element/f.B31767EFF96F4B6690C27CBC6EB8D7D5.d.4AB55F301689BEC6F1FC48014DDB9723.e.10875/click - {}
RESULT: {}
COMMAND: POST /session/3d3f7fd824ffe76093792df5eba9e1c3/execute/async - {"script":"<script> [1562 bytes]","args":[{"selector":{"id":"application-manageresources-display-component---newResourceUnit--PLANNING_GROUP","interaction":{"idSuffix":"inner"}},"wdio_ui5_key":"applicationmanageresources-display-component---newResourceUnit--PLANNING_GROUP"}]}
COMMAND: GET /session/3d3f7fd824ffe76093792df5eba9e1c3/screenshot - {}
RESULT: {"script":"<script> [1562 bytes]","args":[{"selector":{"id":"application-manageresources-display-component---newResourceUnit--PLANNING_GROUP","interaction":{"idSuffix":"inner"}},"wdio_ui5_key":"applicationmanageresources-display-component---newResourceUnit--PLANNING_GROUP"}]}
RESULT: undefined
COMMAND: POST /session/3d3f7fd824ffe76093792df5eba9e1c3/execute/async - {"script":"<script> [776 bytes]","args":[{"enterText":"Material","selector":{"id":"application-manageresources-display-component---newResourceUnit--PLANNING_GROUP","interaction":{"idSuffix":"inner"}},"clearTextFirst":true,"interactionType":"ENTER_TEXT"}]}
RESULT: {}
RESULT: {"script":"<script> [776 bytes]","args":[{"enterText":"Material","selector":{"id":"application-manageresources-display-component---newResourceUnit--PLANNING_GROUP","interaction":{"idSuffix":"inner"}},"clearTextFirst":true,"interactionType":"ENTER_TEXT"}]}
COMMAND: POST /session/3d3f7fd824ffe76093792df5eba9e1c3/execute/async - {"script":"<script> [1562 bytes]","args":[{"selector":{"id":"application-manageresources-display-component---newResourceUnit--PLANNING_INDICATOR","interaction":{"idSuffix":"inner"}},"wdio_ui5_key":"applicationmanageresources-display-component---newResourceUnit--PLANNING_INDICATOR"}]}
RESULT: {"script":"<script> [1562 bytes]","args":[{"selector":{"id":"application-manageresources-display-component---newResourceUnit--PLANNING_INDICATOR","interaction":{"idSuffix":"inner"}},"wdio_ui5_key":"applicationmanageresources-display-component---newResourceUnit--PLANNING_INDICATOR"}]}
RESULT: undefined
COMMAND: POST /session/3d3f7fd824ffe76093792df5eba9e1c3/execute/async - {"script":"<script> [776 bytes]","args":[{"enterText":"10 - infinite","selector":{"id":"application-manageresources-display-component---newResourceUnit--PLANNING_INDICATOR","interaction":{"idSuffix":"inner"}},"clearTextFirst":true,"interactionType":"ENTER_TEXT"}]}
RESULT: {"script":"<script> [776 bytes]","args":[{"enterText":"10 - infinite","selector":{"id":"application-manageresources-display-component---newResourceUnit--PLANNING_INDICATOR","interaction":{"idSuffix":"inner"}},"clearTextFirst":true,"interactionType":"ENTER_TEXT"}]}
COMMAND: POST /session/3d3f7fd824ffe76093792df5eba9e1c3/element - {"using":"css selector","value":"#application-manageresources-display-component---newResourceUnit--btnAddTimeSegment"}
RESULT: {"using":"css selector","value":"#application-manageresources-display-component---newResourceUnit--btnAddTimeSegment"}
COMMAND: GET /session/3d3f7fd824ffe76093792df5eba9e1c3/element/f.B31767EFF96F4B6690C27CBC6EB8D7D5.d.4AB55F301689BEC6F1FC48014DDB9723.e.10885/rect - {}
RESULT: {}
COMMAND: GET /session/3d3f7fd824ffe76093792df5eba9e1c3/window/rect - {}
RESULT: {}
COMMAND: POST /session/3d3f7fd824ffe76093792df5eba9e1c3/execute/sync - {"script":"<script> [92 bytes]","args":[]}
RESULT: {"script":"<script> [92 bytes]","args":[]}
COMMAND: POST /session/3d3f7fd824ffe76093792df5eba9e1c3/actions - {"actions":[{"id":"action39","type":"wheel","parameters":{},"actions":[{"type":"scroll","x":-1888,"y":-32,"deltaX":0,"deltaY":0,"duration":0,"origin":{"element-6066-11e4-a52e-4f735466cecf":"f.B31767EFF96F4B6690C27CBC6EB8D7D5.d.4AB55F301689BEC6F1FC48014DDB9723.e.10885"}}]}]}
COMMAND: GET /session/3d3f7fd824ffe76093792df5eba9e1c3/screenshot - {}
RESULT: {}
COMMAND: POST /session/3d3f7fd824ffe76093792df5eba9e1c3/execute/sync - {"script":"<script> [79 bytes]","args":[{"element-6066-11e4-a52e-4f735466cecf":"f.B31767EFF96F4B6690C27CBC6EB8D7D5.d.4AB55F301689BEC6F1FC48014DDB9723.e.10885","ELEMENT":"f.B31767EFF96F4B6690C27CBC6EB8D7D5.d.4AB55F301689BEC6F1FC48014DDB9723.e.10885"},{"block":"start","inline":"nearest"}]}
RESULT: {"script":"<script> [79 bytes]","args":[{"element-6066-11e4-a52e-4f735466cecf":"f.B31767EFF96F4B6690C27CBC6EB8D7D5.d.4AB55F301689BEC6F1FC48014DDB9723.e.10885","ELEMENT":"f.B31767EFF96F4B6690C27CBC6EB8D7D5.d.4AB55F301689BEC6F1FC48014DDB9723.e.10885"},{"block":"start","inline":"nearest"}]}
COMMAND: POST /session/3d3f7fd824ffe76093792df5eba9e1c3/execute/async - {"script":"<script> [1562 bytes]","args":[{"selector":{"id":"application-manageresources-display-component---newResourceUnit--btnAddTimeSegment","interaction":{"idSuffix":"inner"}},"wdio_ui5_key":"applicationmanageresources-display-component---newResourceUnit--btnAddTimeSegment"}]}
COMMAND: GET /session/3d3f7fd824ffe76093792df5eba9e1c3/screenshot - {}
RESULT: {"script":"<script> [1562 bytes]","args":[{"selector":{"id":"application-manageresources-display-component---newResourceUnit--btnAddTimeSegment","interaction":{"idSuffix":"inner"}},"wdio_ui5_key":"applicationmanageresources-display-component---newResourceUnit--btnAddTimeSegment"}]}
RESULT: undefined
COMMAND: POST /session/3d3f7fd824ffe76093792df5eba9e1c3/element - {"using":"xpath","value":"//*[@id=\"application-manageresources-display-component---newResourceUnit--btnAddTimeSegment\"]"}
RESULT: {}
RESULT: {"using":"xpath","value":"//*[@id=\"application-manageresources-display-component---newResourceUnit--btnAddTimeSegment\"]"}
COMMAND: POST /session/3d3f7fd824ffe76093792df5eba9e1c3/element/f.B31767EFF96F4B6690C27CBC6EB8D7D5.d.4AB55F301689BEC6F1FC48014DDB9723.e.10885/click - {}
RESULT: {}
COMMAND: GET /session/3d3f7fd824ffe76093792df5eba9e1c3/screenshot - {}
RESULT: {}
COMMAND: POST /session/3d3f7fd824ffe76093792df5eba9e1c3/element - {"using":"xpath","value":"//input[@id=\"application-manageresources-display-component---newResourceUnit--idRuTSAdmin-application-manageresources-display-component---newResourceUnit--RUTimeSegment-0-inner\"]"}
RESULT: {"using":"xpath","value":"//input[@id=\"application-manageresources-display-component---newResourceUnit--idRuTSAdmin-application-manageresources-display-component---newResourceUnit--RUTimeSegment-0-inner\"]"}
COMMAND: POST /session/3d3f7fd824ffe76093792df5eba9e1c3/element/f.B31767EFF96F4B6690C27CBC6EB8D7D5.d.4AB55F301689BEC6F1FC48014DDB9723.e.10890/clear - {}
RESULT: {}
COMMAND: POST /session/3d3f7fd824ffe76093792df5eba9e1c3/element/f.B31767EFF96F4B6690C27CBC6EB8D7D5.d.4AB55F301689BEC6F1FC48014DDB9723.e.10890/value - {"text":"269"}
COMMAND: GET /session/3d3f7fd824ffe76093792df5eba9e1c3/screenshot - {}
RESULT: {"text":"269"}
COMMAND: GET /session/3d3f7fd824ffe76093792df5eba9e1c3/screenshot - {}
RESULT: {}
RESULT: {}
COMMAND: POST /session/3d3f7fd824ffe76093792df5eba9e1c3/element - {"using":"xpath","value":"//li[.//span[text()='269']]"}
RESULT: {"using":"xpath","value":"//li[.//span[text()='269']]"}
COMMAND: POST /session/3d3f7fd824ffe76093792df5eba9e1c3/element/f.B31767EFF96F4B6690C27CBC6EB8D7D5.d.4AB55F301689BEC6F1FC48014DDB9723.e.10897/click - {}
RESULT: {}
COMMAND: GET /session/3d3f7fd824ffe76093792df5eba9e1c3/screenshot - {}
RESULT: {}
COMMAND: POST /session/3d3f7fd824ffe76093792df5eba9e1c3/element - {"using":"xpath","value":"(//span[contains(@id, \"-application-manageresources-display-component---newResourceUnit--RUTimeSegment-0-arrow\")])[2]"}
RESULT: {"using":"xpath","value":"(//span[contains(@id, \"-application-manageresources-display-component---newResourceUnit--RUTimeSegment-0-arrow\")])[2]"}
COMMAND: POST /session/3d3f7fd824ffe76093792df5eba9e1c3/element/f.B31767EFF96F4B6690C27CBC6EB8D7D5.d.4AB55F301689BEC6F1FC48014DDB9723.e.10898/click - {}
RESULT: {}
COMMAND: POST /session/3d3f7fd824ffe76093792df5eba9e1c3/element - {"using":"xpath","value":"//span[contains(text(), \"PM Order\")]"}
COMMAND: GET /session/3d3f7fd824ffe76093792df5eba9e1c3/screenshot - {}
RESULT: {"using":"xpath","value":"//span[contains(text(), \"PM Order\")]"}
COMMAND: POST /session/3d3f7fd824ffe76093792df5eba9e1c3/element/f.B31767EFF96F4B6690C27CBC6EB8D7D5.d.4AB55F301689BEC6F1FC48014DDB9723.e.10899/click - {}
RESULT: {}
RESULT: {}
COMMAND: GET /session/3d3f7fd824ffe76093792df5eba9e1c3/screenshot - {}
RESULT: {}
COMMAND: POST /session/3d3f7fd824ffe76093792df5eba9e1c3/element - {"using":"xpath","value":"//td/div/div/div/span[contains(@id, \"newResourceUnit--RUTimeSegment-0-vhi\")][1]"}
RESULT: {"using":"xpath","value":"//td/div/div/div/span[contains(@id, \"newResourceUnit--RUTimeSegment-0-vhi\")][1]"}
COMMAND: GET /session/3d3f7fd824ffe76093792df5eba9e1c3/element/f.B31767EFF96F4B6690C27CBC6EB8D7D5.d.4AB55F301689BEC6F1FC48014DDB9723.e.10903/rect - {}
RESULT: {}
COMMAND: GET /session/3d3f7fd824ffe76093792df5eba9e1c3/window/rect - {}
RESULT: {}
COMMAND: POST /session/3d3f7fd824ffe76093792df5eba9e1c3/execute/sync - {"script":"<script> [92 bytes]","args":[]}
RESULT: {"script":"<script> [92 bytes]","args":[]}
COMMAND: POST /session/3d3f7fd824ffe76093792df5eba9e1c3/actions - {"actions":[{"id":"action40","type":"wheel","parameters":{},"actions":[{"type":"scroll","x":-1888,"y":-24,"deltaX":0,"deltaY":0,"duration":0,"origin":{"element-6066-11e4-a52e-4f735466cecf":"f.B31767EFF96F4B6690C27CBC6EB8D7D5.d.4AB55F301689BEC6F1FC48014DDB9723.e.10903"}}]}]}
COMMAND: GET /session/3d3f7fd824ffe76093792df5eba9e1c3/screenshot - {}
RESULT: {}
COMMAND: POST /session/3d3f7fd824ffe76093792df5eba9e1c3/execute/sync - {"script":"<script> [79 bytes]","args":[{"element-6066-11e4-a52e-4f735466cecf":"f.B31767EFF96F4B6690C27CBC6EB8D7D5.d.4AB55F301689BEC6F1FC48014DDB9723.e.10903","ELEMENT":"f.B31767EFF96F4B6690C27CBC6EB8D7D5.d.4AB55F301689BEC6F1FC48014DDB9723.e.10903"},{"block":"start","inline":"nearest"}]}
RESULT: {"script":"<script> [79 bytes]","args":[{"element-6066-11e4-a52e-4f735466cecf":"f.B31767EFF96F4B6690C27CBC6EB8D7D5.d.4AB55F301689BEC6F1FC48014DDB9723.e.10903","ELEMENT":"f.B31767EFF96F4B6690C27CBC6EB8D7D5.d.4AB55F301689BEC6F1FC48014DDB9723.e.10903"},{"block":"start","inline":"nearest"}]}
COMMAND: GET /session/3d3f7fd824ffe76093792df5eba9e1c3/screenshot - {}
RESULT: {}
COMMAND: POST /session/3d3f7fd824ffe76093792df5eba9e1c3/element/f.B31767EFF96F4B6690C27CBC6EB8D7D5.d.4AB55F301689BEC6F1FC48014DDB9723.e.10903/click - {}
RESULT: {}
COMMAND: GET /session/3d3f7fd824ffe76093792df5eba9e1c3/screenshot - {}
RESULT: {}
COMMAND: POST /session/3d3f7fd824ffe76093792df5eba9e1c3/execute/async - {"script":"<script> [1562 bytes]","args":[{"selector":{"controlType":"sap.m.SearchField","properties":{"placeholder":"Search"},"searchOpenDialogs":true,"interaction":{"idSuffix":"I"}},"wdio_ui5_key":"sapm.SearchField{\"placeholder\":\"Search\"}"}]}
RESULT: {"script":"<script> [1562 bytes]","args":[{"selector":{"controlType":"sap.m.SearchField","properties":{"placeholder":"Search"},"searchOpenDialogs":true,"interaction":{"idSuffix":"I"}},"wdio_ui5_key":"sapm.SearchField{\"placeholder\":\"Search\"}"}]}
RESULT: undefined
COMMAND: POST /session/3d3f7fd824ffe76093792df5eba9e1c3/execute/async - {"script":"<script> [776 bytes]","args":[{"enterText":"4000360","selector":{"controlType":"sap.m.SearchField","properties":{"placeholder":"Search"},"searchOpenDialogs":true,"interaction":{"idSuffix":"I"}},"clearTextFirst":true,"interactionType":"ENTER_TEXT"}]}
RESULT: {"script":"<script> [776 bytes]","args":[{"enterText":"4000360","selector":{"controlType":"sap.m.SearchField","properties":{"placeholder":"Search"},"searchOpenDialogs":true,"interaction":{"idSuffix":"I"}},"clearTextFirst":true,"interactionType":"ENTER_TEXT"}]}
COMMAND: POST /session/3d3f7fd824ffe76093792df5eba9e1c3/actions - {"actions":[{"id":"action41","type":"key","parameters":{},"actions":[{"type":"keyDown","value":"î€‡"},{"type":"pause","duration":10},{"type":"keyUp","value":"î€‡"}]}]}
RESULT: {"actions":[{"id":"action41","type":"key","parameters":{},"actions":[{"type":"keyDown","value":"î€‡"},{"type":"pause","duration":10},{"type":"keyUp","value":"î€‡"}]}]}
COMMAND: GET /session/3d3f7fd824ffe76093792df5eba9e1c3/screenshot - {}
RESULT: {}
COMMAND: POST /session/3d3f7fd824ffe76093792df5eba9e1c3/element - {"using":"xpath","value":"//td/div/span[contains(text(), \"BGL Vehicles\")]"}
RESULT: {"using":"xpath","value":"//td/div/span[contains(text(), \"BGL Vehicles\")]"}
COMMAND: POST /session/3d3f7fd824ffe76093792df5eba9e1c3/element/f.B31767EFF96F4B6690C27CBC6EB8D7D5.d.4AB55F301689BEC6F1FC48014DDB9723.e.10923/click - {}
RESULT: {}
COMMAND: GET /session/3d3f7fd824ffe76093792df5eba9e1c3/screenshot - {}
RESULT: {}
COMMAND: POST /session/3d3f7fd824ffe76093792df5eba9e1c3/element - {"using":"xpath","value":"//bdi[contains(text(), \"OK\")]"}
RESULT: {"using":"xpath","value":"//bdi[contains(text(), \"OK\")]"}
COMMAND: POST /session/3d3f7fd824ffe76093792df5eba9e1c3/element/f.B31767EFF96F4B6690C27CBC6EB8D7D5.d.4AB55F301689BEC6F1FC48014DDB9723.e.10924/click - {}
RESULT: {}
COMMAND: GET /session/3d3f7fd824ffe76093792df5eba9e1c3/screenshot - {}
RESULT: {}
COMMAND: POST /session/3d3f7fd824ffe76093792df5eba9e1c3/element - {"using":"xpath","value":"//label[contains(@class, 'sapMLabelRequired') and .//bdi[contains(text(), 'Planned Retirement')]]"}
RESULT: {"using":"xpath","value":"//label[contains(@class, 'sapMLabelRequired') and .//bdi[contains(text(), 'Planned Retirement')]]"}
COMMAND: POST /session/3d3f7fd824ffe76093792df5eba9e1c3/elements - {"using":"xpath","value":"//label[contains(@class, 'sapMLabelRequired') and .//bdi[contains(text(), 'Planned Retirement')]]"}
RESULT: {"using":"xpath","value":"//label[contains(@class, 'sapMLabelRequired') and .//bdi[contains(text(), 'Planned Retirement')]]"}
COMMAND: POST /session/3d3f7fd824ffe76093792df5eba9e1c3/element - {"using":"xpath","value":"//button[@data-kt=\"resourceUnitSaveButton\"]"}
RESULT: {"using":"xpath","value":"//button[@data-kt=\"resourceUnitSaveButton\"]"}
COMMAND: POST /session/3d3f7fd824ffe76093792df5eba9e1c3/element/f.B31767EFF96F4B6690C27CBC6EB8D7D5.d.4AB55F301689BEC6F1FC48014DDB9723.e.10827/click - {}
RESULT: {}
COMMAND: GET /session/3d3f7fd824ffe76093792df5eba9e1c3/screenshot - {}
RESULT: {}
COMMAND: POST /session/3d3f7fd824ffe76093792df5eba9e1c3/element - {"using":"xpath","value":"//bdi[contains(text(), \"Close\")]"}
RESULT: {"using":"xpath","value":"//bdi[contains(text(), \"Close\")]"}
COMMAND: POST /session/3d3f7fd824ffe76093792df5eba9e1c3/element/f.B31767EFF96F4B6690C27CBC6EB8D7D5.d.4AB55F301689BEC6F1FC48014DDB9723.e.10930/click - {}
RESULT: {}
COMMAND: GET /session/3d3f7fd824ffe76093792df5eba9e1c3/screenshot - {}
RESULT: {}
COMMAND: POST /session/3d3f7fd824ffe76093792df5eba9e1c3/element - {"using":"xpath","value":"//header[contains(@id, 'detailRruPage-headerTitle')]/div[1]/div[2]/div[2]/span[1]"}
RESULT: {"using":"xpath","value":"//header[contains(@id, 'detailRruPage-headerTitle')]/div[1]/div[2]/div[2]/span[1]"}
COMMAND: POST /session/3d3f7fd824ffe76093792df5eba9e1c3/elements - {"using":"xpath","value":"//header[contains(@id, 'detailRruPage-headerTitle')]/div[1]/div[2]/div[2]/span[1]"}
RESULT: {"using":"xpath","value":"//header[contains(@id, 'detailRruPage-headerTitle')]/div[1]/div[2]/div[2]/span[1]"}
COMMAND: POST /session/3d3f7fd824ffe76093792df5eba9e1c3/execute/sync - {"script":"<script> [56 bytes]","args":[{"element-6066-11e4-a52e-4f735466cecf":"f.B31767EFF96F4B6690C27CBC6EB8D7D5.d.4AB55F301689BEC6F1FC48014DDB9723.e.10956","ELEMENT":"f.B31767EFF96F4B6690C27CBC6EB8D7D5.d.4AB55F301689BEC6F1FC48014DDB9723.e.10956"}]}
RESULT: {"script":"<script> [56 bytes]","args":[{"element-6066-11e4-a52e-4f735466cecf":"f.B31767EFF96F4B6690C27CBC6EB8D7D5.d.4AB55F301689BEC6F1FC48014DDB9723.e.10956","ELEMENT":"f.B31767EFF96F4B6690C27CBC6EB8D7D5.d.4AB55F301689BEC6F1FC48014DDB9723.e.10956"}]}
COMMAND: POST /session/3d3f7fd824ffe76093792df5eba9e1c3/element - {"using":"css selector","value":"#shell-header-logo"}
COMMAND: GET /session/3d3f7fd824ffe76093792df5eba9e1c3/screenshot - {}
RESULT: {"using":"css selector","value":"#shell-header-logo"}
COMMAND: POST /session/3d3f7fd824ffe76093792df5eba9e1c3/element/f.B31767EFF96F4B6690C27CBC6EB8D7D5.d.4AB55F301689BEC6F1FC48014DDB9723.e.10293/click - {}
RESULT: {}
RESULT: {}
COMMAND: GET /session/3d3f7fd824ffe76093792df5eba9e1c3/screenshot - {}
RESULT: {}
]]></system-out>
    </testcase>
  </testsuite>
  <testsuite timestamp="2025-05-13T16:57:38" time="229.274" tests="6" failures="5" errors="5" skipped="0">
    <properties>
      <property name="specId" value="0" />
      <property name="suiteName" value="Provide to Site w/o warehouse management w/o clarification" />
      <property name="capabilities" value="chrome.136_0_7103_49.windows" />
      <property name="file" value="file:///D:/a/1/s/test/specs/HTR/provide-to-site-wo-warehouse-wo-clarification.spec.js" />
    </properties>
    <testcase classname="chrome.136_0_7103_49.windows.Provide_to_Site_w/o_warehouse_management_w/o_clarification" name="Should test for Clarification" time="0.006">
      <system-out><![CDATA[
COMMAND: GET /session/3d3f7fd824ffe76093792df5eba9e1c3/screenshot - {}
COMMAND: POST /session/3d3f7fd824ffe76093792df5eba9e1c3/element - {"using":"css selector","value":"#j_username"}
COMMAND: POST /session/3d3f7fd824ffe76093792df5eba9e1c3/url - {"url":"https://qa-testing-00-live-etm-ui.cfapps.eu10-004.hana.ondemand.com/"}
COMMAND: GET /session/3d3f7fd824ffe76093792df5eba9e1c3/screenshot - {}
RESULT: {}
RESULT: {"using":"css selector","value":"#j_username"}
COMMAND: POST /session/3d3f7fd824ffe76093792df5eba9e1c3/element - {"using":"css selector","value":"#j_username"}
RESULT: {"url":"https://qa-testing-00-live-etm-ui.cfapps.eu10-004.hana.ondemand.com/"}
RESULT: undefined
COMMAND: GET /session/3d3f7fd824ffe76093792df5eba9e1c3/screenshot - {}
RESULT: {}
RESULT: {"using":"css selector","value":"#j_username"}
COMMAND: POST /session/3d3f7fd824ffe76093792df5eba9e1c3/element - {"using":"css selector","value":"#shell-header-logo"}
RESULT: {}
RESULT: {"using":"css selector","value":"#shell-header-logo"}
COMMAND: POST /session/3d3f7fd824ffe76093792df5eba9e1c3/execute/sync - {"script":"<script> [8489 bytes]","args":[{"element-6066-11e4-a52e-4f735466cecf":"f.B31767EFF96F4B6690C27CBC6EB8D7D5.d.2BA60149D9271621811B27B28A9B77CB.e.11563","ELEMENT":"f.B31767EFF96F4B6690C27CBC6EB8D7D5.d.2BA60149D9271621811B27B28A9B77CB.e.11563"}]}
RESULT: {"script":"<script> [8489 bytes]","args":[{"element-6066-11e4-a52e-4f735466cecf":"f.B31767EFF96F4B6690C27CBC6EB8D7D5.d.2BA60149D9271621811B27B28A9B77CB.e.11563","ELEMENT":"f.B31767EFF96F4B6690C27CBC6EB8D7D5.d.2BA60149D9271621811B27B28A9B77CB.e.11563"}]}
COMMAND: POST /session/3d3f7fd824ffe76093792df5eba9e1c3/element - {"using":"css selector","value":"#shell-header-logo"}
COMMAND: GET /session/3d3f7fd824ffe76093792df5eba9e1c3/screenshot - {}
RESULT: {"using":"css selector","value":"#shell-header-logo"}
COMMAND: POST /session/3d3f7fd824ffe76093792df5eba9e1c3/execute/sync - {"script":"<script> [8489 bytes]","args":[{"element-6066-11e4-a52e-4f735466cecf":"f.B31767EFF96F4B6690C27CBC6EB8D7D5.d.2BA60149D9271621811B27B28A9B77CB.e.11563","ELEMENT":"f.B31767EFF96F4B6690C27CBC6EB8D7D5.d.2BA60149D9271621811B27B28A9B77CB.e.11563"}]}
RESULT: {}
RESULT: {"script":"<script> [8489 bytes]","args":[{"element-6066-11e4-a52e-4f735466cecf":"f.B31767EFF96F4B6690C27CBC6EB8D7D5.d.2BA60149D9271621811B27B28A9B77CB.e.11563","ELEMENT":"f.B31767EFF96F4B6690C27CBC6EB8D7D5.d.2BA60149D9271621811B27B28A9B77CB.e.11563"}]}
COMMAND: POST /session/3d3f7fd824ffe76093792df5eba9e1c3/execute/sync - {"script":"<script> [5351 bytes]","args":[{"element-6066-11e4-a52e-4f735466cecf":"f.B31767EFF96F4B6690C27CBC6EB8D7D5.d.2BA60149D9271621811B27B28A9B77CB.e.11563","ELEMENT":"f.B31767EFF96F4B6690C27CBC6EB8D7D5.d.2BA60149D9271621811B27B28A9B77CB.e.11563"}]}
COMMAND: GET /session/3d3f7fd824ffe76093792df5eba9e1c3/screenshot - {}
RESULT: {"script":"<script> [5351 bytes]","args":[{"element-6066-11e4-a52e-4f735466cecf":"f.B31767EFF96F4B6690C27CBC6EB8D7D5.d.2BA60149D9271621811B27B28A9B77CB.e.11563","ELEMENT":"f.B31767EFF96F4B6690C27CBC6EB8D7D5.d.2BA60149D9271621811B27B28A9B77CB.e.11563"}]}
COMMAND: POST /session/3d3f7fd824ffe76093792df5eba9e1c3/element - {"using":"css selector","value":"#shell-header-logo"}
COMMAND: GET /session/3d3f7fd824ffe76093792df5eba9e1c3/screenshot - {}
RESULT: {}
RESULT: {"using":"css selector","value":"#shell-header-logo"}
COMMAND: POST /session/3d3f7fd824ffe76093792df5eba9e1c3/element/f.B31767EFF96F4B6690C27CBC6EB8D7D5.d.2BA60149D9271621811B27B28A9B77CB.e.11563/click - {}
RESULT: {}
RESULT: {}
COMMAND: GET /session/3d3f7fd824ffe76093792df5eba9e1c3/screenshot - {}
RESULT: {}
COMMAND: POST /session/3d3f7fd824ffe76093792df5eba9e1c3/execute/async - {"script":"<script> [189 bytes]","args":[]}
RESULT: {"script":"<script> [189 bytes]","args":[]}
COMMAND: POST /session/3d3f7fd824ffe76093792df5eba9e1c3/execute/async - {"script":"<script> [123 bytes]","args":[]}
RESULT: {"script":"<script> [123 bytes]","args":[]}
COMMAND: POST /session/3d3f7fd824ffe76093792df5eba9e1c3/timeouts - {"script":"<number>"}
RESULT: {"script":"<number>"}
COMMAND: GET /session/3d3f7fd824ffe76093792df5eba9e1c3/timeouts - {}
RESULT: {}
RESULT: undefined
COMMAND: POST /session/3d3f7fd824ffe76093792df5eba9e1c3/execute/async - {"script":"<script> [2676 bytes]","args":[]}
RESULT: {"script":"<script> [2676 bytes]","args":[]}
COMMAND: POST /session/3d3f7fd824ffe76093792df5eba9e1c3/execute/async - {"script":"<script> [2342 bytes]","args":[{"protocol":"http","hostname":"0.0.0.0","path":"/","capabilities":{"browserName":"chrome","goog:chromeOptions":{"binary":"C:\\Program Files\\Google\\Chrome\\Application\\chrome.exe","args":["--start-maximized"]}},"logLevel":"warn","connectionRetryTimeout":120000,"connectionRetryCount":3,"logLevels":{},"enableDirectConnect":true,"strictSSL":true,"_":"65 more keys: [\"cacheDir\",\"port\",\"requestedCapabilities\",\"automationProtocol\",\"baseUrl\",\"waitforInterval\",\"waitforTimeout\",\"onReload\",\"beforeCommand\",\"afterCommand\",\"rootDir\",\"specs\",\"suites\",\"exclude\",\"groupLogsByTestSpec\",\"excludeDriverLogs\",\"bail\",\"framework\",\"reporters\",\"services\",\"maxInstances\",\"maxInstancesPerCapability\",\"injectGlobals\",\"filesToWatch\",\"execArgv\",\"runnerEnv\",\"runner\",\"shard\",\"specFileRetries\",\"specFileRetriesDelay\",\"specFileRetriesDeferred\",\"reporterSyncInterval\",\"reporterSyncTimeout\",\"cucumberFeaturesWithLineNumbers\",\"autoCompileOpts\",\"mochaOpts\",\"jasmineOpts\",\"cucumberOpts\",\"onPrepare\",\"onWorkerStart\",\"onWorkerEnd\",\"before\",\"beforeSession\",\"beforeSuite\",\"beforeHook\",\"beforeTest\",\"afterTest\",\"afterHook\",\"afterSuite\",\"afterSession\",\"after\",\"onComplete\",\"beforeAssertion\",\"afterAssertion\",\"beforeFeature\",\"beforeScenario\",\"beforeStep\",\"afterStep\",\"afterScenario\",\"afterFeature\",\"_\",\"suite\",\"$0\",\"ignoredWorkerServices\",\"wdi5\"]"}]}
RESULT: {"script":"<script> [2342 bytes]","args":[{"protocol":"http","hostname":"0.0.0.0","path":"/","capabilities":{"browserName":"chrome","goog:chromeOptions":{"binary":"C:\\Program Files\\Google\\Chrome\\Application\\chrome.exe","args":["--start-maximized"]}},"logLevel":"warn","connectionRetryTimeout":120000,"connectionRetryCount":3,"logLevels":{},"enableDirectConnect":true,"strictSSL":true,"_":"65 more keys: [\"cacheDir\",\"port\",\"requestedCapabilities\",\"automationProtocol\",\"baseUrl\",\"waitforInterval\",\"waitforTimeout\",\"onReload\",\"beforeCommand\",\"afterCommand\",\"rootDir\",\"specs\",\"suites\",\"exclude\",\"groupLogsByTestSpec\",\"excludeDriverLogs\",\"bail\",\"framework\",\"reporters\",\"services\",\"maxInstances\",\"maxInstancesPerCapability\",\"injectGlobals\",\"filesToWatch\",\"execArgv\",\"runnerEnv\",\"runner\",\"shard\",\"specFileRetries\",\"specFileRetriesDelay\",\"specFileRetriesDeferred\",\"reporterSyncInterval\",\"reporterSyncTimeout\",\"cucumberFeaturesWithLineNumbers\",\"autoCompileOpts\",\"mochaOpts\",\"jasmineOpts\",\"cucumberOpts\",\"onPrepare\",\"onWorkerStart\",\"onWorkerEnd\",\"before\",\"beforeSession\",\"beforeSuite\",\"beforeHook\",\"beforeTest\",\"afterTest\",\"afterHook\",\"afterSuite\",\"afterSession\",\"after\",\"onComplete\",\"beforeAssertion\",\"afterAssertion\",\"beforeFeature\",\"beforeScenario\",\"beforeStep\",\"afterStep\",\"afterScenario\",\"afterFeature\",\"_\",\"suite\",\"$0\",\"ignoredWorkerServices\",\"wdi5\"]"}]}
COMMAND: POST /session/3d3f7fd824ffe76093792df5eba9e1c3/execute/async - {"script":"<script> [21126 bytes]","args":[35000]}
RESULT: {"script":"<script> [21126 bytes]","args":[35000]}
COMMAND: POST /session/3d3f7fd824ffe76093792df5eba9e1c3/window/maximize - {}
RESULT: {}
COMMAND: POST /session/3d3f7fd824ffe76093792df5eba9e1c3/execute/async - {"script":"<script> [1562 bytes]","args":[{"selector":{"id":"shell-header","interaction":{"idSuffix":"icon"}},"wdio_ui5_key":"shellheader"}]}
COMMAND: GET /session/3d3f7fd824ffe76093792df5eba9e1c3/screenshot - {}
RESULT: {"script":"<script> [1562 bytes]","args":[{"selector":{"id":"shell-header","interaction":{"idSuffix":"icon"}},"wdio_ui5_key":"shellheader"}]}
RESULT: undefined
COMMAND: POST /session/3d3f7fd824ffe76093792df5eba9e1c3/refresh - {}
RESULT: {}
RESULT: {}
COMMAND: GET /session/3d3f7fd824ffe76093792df5eba9e1c3/screenshot - {}
RESULT: {}
COMMAND: POST /session/3d3f7fd824ffe76093792df5eba9e1c3/refresh - {}
RESULT: {}
COMMAND: GET /session/3d3f7fd824ffe76093792df5eba9e1c3/screenshot - {}
RESULT: {}
COMMAND: POST /session/3d3f7fd824ffe76093792df5eba9e1c3/window/fullscreen - {}
RESULT: {}
COMMAND: POST /session/3d3f7fd824ffe76093792df5eba9e1c3/execute/async - {"script":"<script> [189 bytes]","args":[]}
RESULT: {"script":"<script> [189 bytes]","args":[]}
COMMAND: POST /session/3d3f7fd824ffe76093792df5eba9e1c3/execute/async - {"script":"<script> [123 bytes]","args":[]}
RESULT: {"script":"<script> [123 bytes]","args":[]}
COMMAND: POST /session/3d3f7fd824ffe76093792df5eba9e1c3/timeouts - {"script":"<number>"}
RESULT: {"script":"<number>"}
COMMAND: GET /session/3d3f7fd824ffe76093792df5eba9e1c3/timeouts - {}
RESULT: {}
RESULT: undefined
COMMAND: POST /session/3d3f7fd824ffe76093792df5eba9e1c3/execute/async - {"script":"<script> [2676 bytes]","args":[]}
RESULT: {"script":"<script> [2676 bytes]","args":[]}
COMMAND: POST /session/3d3f7fd824ffe76093792df5eba9e1c3/execute/async - {"script":"<script> [2342 bytes]","args":[{"protocol":"http","hostname":"0.0.0.0","path":"/","capabilities":{"browserName":"chrome","goog:chromeOptions":{"binary":"C:\\Program Files\\Google\\Chrome\\Application\\chrome.exe","args":["--start-maximized"]}},"logLevel":"warn","connectionRetryTimeout":120000,"connectionRetryCount":3,"logLevels":{},"enableDirectConnect":true,"strictSSL":true,"_":"65 more keys: [\"cacheDir\",\"port\",\"requestedCapabilities\",\"automationProtocol\",\"baseUrl\",\"waitforInterval\",\"waitforTimeout\",\"onReload\",\"beforeCommand\",\"afterCommand\",\"rootDir\",\"specs\",\"suites\",\"exclude\",\"groupLogsByTestSpec\",\"excludeDriverLogs\",\"bail\",\"framework\",\"reporters\",\"services\",\"maxInstances\",\"maxInstancesPerCapability\",\"injectGlobals\",\"filesToWatch\",\"execArgv\",\"runnerEnv\",\"runner\",\"shard\",\"specFileRetries\",\"specFileRetriesDelay\",\"specFileRetriesDeferred\",\"reporterSyncInterval\",\"reporterSyncTimeout\",\"cucumberFeaturesWithLineNumbers\",\"autoCompileOpts\",\"mochaOpts\",\"jasmineOpts\",\"cucumberOpts\",\"onPrepare\",\"onWorkerStart\",\"onWorkerEnd\",\"before\",\"beforeSession\",\"beforeSuite\",\"beforeHook\",\"beforeTest\",\"afterTest\",\"afterHook\",\"afterSuite\",\"afterSession\",\"after\",\"onComplete\",\"beforeAssertion\",\"afterAssertion\",\"beforeFeature\",\"beforeScenario\",\"beforeStep\",\"afterStep\",\"afterScenario\",\"afterFeature\",\"_\",\"suite\",\"$0\",\"ignoredWorkerServices\",\"wdi5\"]"}]}
RESULT: {"script":"<script> [2342 bytes]","args":[{"protocol":"http","hostname":"0.0.0.0","path":"/","capabilities":{"browserName":"chrome","goog:chromeOptions":{"binary":"C:\\Program Files\\Google\\Chrome\\Application\\chrome.exe","args":["--start-maximized"]}},"logLevel":"warn","connectionRetryTimeout":120000,"connectionRetryCount":3,"logLevels":{},"enableDirectConnect":true,"strictSSL":true,"_":"65 more keys: [\"cacheDir\",\"port\",\"requestedCapabilities\",\"automationProtocol\",\"baseUrl\",\"waitforInterval\",\"waitforTimeout\",\"onReload\",\"beforeCommand\",\"afterCommand\",\"rootDir\",\"specs\",\"suites\",\"exclude\",\"groupLogsByTestSpec\",\"excludeDriverLogs\",\"bail\",\"framework\",\"reporters\",\"services\",\"maxInstances\",\"maxInstancesPerCapability\",\"injectGlobals\",\"filesToWatch\",\"execArgv\",\"runnerEnv\",\"runner\",\"shard\",\"specFileRetries\",\"specFileRetriesDelay\",\"specFileRetriesDeferred\",\"reporterSyncInterval\",\"reporterSyncTimeout\",\"cucumberFeaturesWithLineNumbers\",\"autoCompileOpts\",\"mochaOpts\",\"jasmineOpts\",\"cucumberOpts\",\"onPrepare\",\"onWorkerStart\",\"onWorkerEnd\",\"before\",\"beforeSession\",\"beforeSuite\",\"beforeHook\",\"beforeTest\",\"afterTest\",\"afterHook\",\"afterSuite\",\"afterSession\",\"after\",\"onComplete\",\"beforeAssertion\",\"afterAssertion\",\"beforeFeature\",\"beforeScenario\",\"beforeStep\",\"afterStep\",\"afterScenario\",\"afterFeature\",\"_\",\"suite\",\"$0\",\"ignoredWorkerServices\",\"wdi5\"]"}]}
COMMAND: POST /session/3d3f7fd824ffe76093792df5eba9e1c3/execute/async - {"script":"<script> [21126 bytes]","args":[35000]}
RESULT: {"script":"<script> [21126 bytes]","args":[35000]}
]]></system-out>
    </testcase>
  </testsuite>
  <testsuite timestamp="2025-05-13T17:01:27" time="405.765" tests="8" failures="5" errors="5" skipped="0">
    <properties>
      <property name="specId" value="0" />
      <property name="suiteName" value="Return from Site w/ warehouse management w/ clarification US125588" />
      <property name="capabilities" value="chrome.136_0_7103_49.windows" />
      <property name="file" value="file:///D:/a/1/s/test/specs/HTR/return-from-site-w-warehouse-management-w-clarification.spec.js" />
    </properties>
    <testcase classname="chrome.136_0_7103_49.windows.Return_from_Site_w/_warehouse_management_w/_clarification_US125588" name="Should create a new WHM yard" time="0.009">
      <system-out><![CDATA[
COMMAND: POST /session/3d3f7fd824ffe76093792df5eba9e1c3/window/fullscreen - {}
RESULT: {}
]]></system-out>
    </testcase>
    <testcase classname="chrome.136_0_7103_49.windows.Return_from_Site_w/_warehouse_management_w/_clarification_US125588" name="Should create a new external WHM partner" time="0.003" />
    <testcase classname="chrome.136_0_7103_49.windows.Return_from_Site_w/_warehouse_management_w/_clarification_US125588" name="Should create a new WHM site" time="0.003" />
  </testsuite>
  <testsuite timestamp="2025-05-13T17:08:13" time="444.805" tests="7" failures="7" errors="7" skipped="0">
    <properties>
      <property name="specId" value="0" />
      <property name="suiteName" value="Provide to Site w/ warehouse management w clarification" />
      <property name="capabilities" value="chrome.136_0_7103_49.windows" />
      <property name="file" value="file:///D:/a/1/s/test/specs/HTR/return-from-site-w-warehouse-management-w-clarification.spec.js" />
    </properties>
  </testsuite>
  <testsuite timestamp="2025-05-13T17:15:37" time="250.832" tests="9" failures="2" errors="2" skipped="0">
    <properties>
      <property name="specId" value="0" />
      <property name="suiteName" value="Create masterdata for Yard Overview - trigger provide US130988" />
      <property name="capabilities" value="chrome.136_0_7103_49.windows" />
      <property name="file" value="file:///D:/a/1/s/test/specs/HTR/stock-decrease.spec.js" />
    </properties>
    <testcase classname="chrome.136_0_7103_49.windows.Create_masterdata_for_Yard_Overview_-_trigger_provide_US130988" name="Should create a new WHM yard" time="0.014">
      <system-out><![CDATA[
COMMAND: POST /session/3d3f7fd824ffe76093792df5eba9e1c3/window/fullscreen - {}
RESULT: {}
]]></system-out>
    </testcase>
    <testcase classname="chrome.136_0_7103_49.windows.Create_masterdata_for_Yard_Overview_-_trigger_provide_US130988" name="Should create a new partner" time="0.003" />
    <testcase classname="chrome.136_0_7103_49.windows.Create_masterdata_for_Yard_Overview_-_trigger_provide_US130988" name="Should create a new site" time="0.003" />
    <testcase classname="chrome.136_0_7103_49.windows.Create_masterdata_for_Yard_Overview_-_trigger_provide_US130988" name="Should create a new material" time="110.451">
      <system-out><![CDATA[
COMMAND: POST /session/3d3f7fd824ffe76093792df5eba9e1c3/execute/async - {"script":"<script> [1562 bytes]","args":[{"selector":{"controlType":"sap.m.GenericTile","properties":{"header":"Manage Resources"}},"wdio_ui5_key":"sapm.GenericTile{\"header\":\"Manage Resources\"}"}]}
RESULT: {"script":"<script> [1562 bytes]","args":[{"selector":{"controlType":"sap.m.GenericTile","properties":{"header":"Manage Resources"}},"wdio_ui5_key":"sapm.GenericTile{\"header\":\"Manage Resources\"}"}]}
RESULT: undefined
COMMAND: POST /session/3d3f7fd824ffe76093792df5eba9e1c3/element - {"using":"xpath","value":"//*[@id=\"__tile31\"]"}
RESULT: {"using":"xpath","value":"//*[@id=\"__tile31\"]"}
COMMAND: POST /session/3d3f7fd824ffe76093792df5eba9e1c3/element/f.B31767EFF96F4B6690C27CBC6EB8D7D5.d.A9F492D081F55DC7CA32B47698568BC9.e.12631/click - {}
RESULT: {}
COMMAND: POST /session/3d3f7fd824ffe76093792df5eba9e1c3/element - {"using":"xpath","value":"//button[@data-kt=\"addNewRUOverflowToolbarButton\"]"}
COMMAND: GET /session/3d3f7fd824ffe76093792df5eba9e1c3/screenshot - {}
RESULT: {"using":"xpath","value":"//button[@data-kt=\"addNewRUOverflowToolbarButton\"]"}
COMMAND: POST /session/3d3f7fd824ffe76093792df5eba9e1c3/elements - {"using":"xpath","value":"//button[@data-kt=\"addNewRUOverflowToolbarButton\"]"}
RESULT: {}
RESULT: {"using":"xpath","value":"//button[@data-kt=\"addNewRUOverflowToolbarButton\"]"}
COMMAND: POST /session/3d3f7fd824ffe76093792df5eba9e1c3/elements - {"using":"xpath","value":"//button[@data-kt=\"addNewRUOverflowToolbarButton\"]"}
RESULT: {"using":"xpath","value":"//button[@data-kt=\"addNewRUOverflowToolbarButton\"]"}
COMMAND: POST /session/3d3f7fd824ffe76093792df5eba9e1c3/elements - {"using":"xpath","value":"//button[@data-kt=\"addNewRUOverflowToolbarButton\"]"}
RESULT: {"using":"xpath","value":"//button[@data-kt=\"addNewRUOverflowToolbarButton\"]"}
COMMAND: POST /session/3d3f7fd824ffe76093792df5eba9e1c3/elements - {"using":"xpath","value":"//button[@data-kt=\"addNewRUOverflowToolbarButton\"]"}
RESULT: {"using":"xpath","value":"//button[@data-kt=\"addNewRUOverflowToolbarButton\"]"}
COMMAND: POST /session/3d3f7fd824ffe76093792df5eba9e1c3/elements - {"using":"xpath","value":"//button[@data-kt=\"addNewRUOverflowToolbarButton\"]"}
RESULT: {"using":"xpath","value":"//button[@data-kt=\"addNewRUOverflowToolbarButton\"]"}
COMMAND: POST /session/3d3f7fd824ffe76093792df5eba9e1c3/elements - {"using":"xpath","value":"//button[@data-kt=\"addNewRUOverflowToolbarButton\"]"}
RESULT: {"using":"xpath","value":"//button[@data-kt=\"addNewRUOverflowToolbarButton\"]"}
COMMAND: POST /session/3d3f7fd824ffe76093792df5eba9e1c3/elements - {"using":"xpath","value":"//button[@data-kt=\"addNewRUOverflowToolbarButton\"]"}
RESULT: {"using":"xpath","value":"//button[@data-kt=\"addNewRUOverflowToolbarButton\"]"}
COMMAND: POST /session/3d3f7fd824ffe76093792df5eba9e1c3/elements - {"using":"xpath","value":"//button[@data-kt=\"addNewRUOverflowToolbarButton\"]"}
RESULT: {"using":"xpath","value":"//button[@data-kt=\"addNewRUOverflowToolbarButton\"]"}
COMMAND: POST /session/3d3f7fd824ffe76093792df5eba9e1c3/elements - {"using":"xpath","value":"//button[@data-kt=\"addNewRUOverflowToolbarButton\"]"}
RESULT: {"using":"xpath","value":"//button[@data-kt=\"addNewRUOverflowToolbarButton\"]"}
COMMAND: POST /session/3d3f7fd824ffe76093792df5eba9e1c3/elements - {"using":"xpath","value":"//button[@data-kt=\"addNewRUOverflowToolbarButton\"]"}
RESULT: {"using":"xpath","value":"//button[@data-kt=\"addNewRUOverflowToolbarButton\"]"}
COMMAND: POST /session/3d3f7fd824ffe76093792df5eba9e1c3/elements - {"using":"xpath","value":"//button[@data-kt=\"addNewRUOverflowToolbarButton\"]"}
RESULT: {"using":"xpath","value":"//button[@data-kt=\"addNewRUOverflowToolbarButton\"]"}
COMMAND: POST /session/3d3f7fd824ffe76093792df5eba9e1c3/element - {"using":"xpath","value":"//button[@data-kt=\"addNewRUOverflowToolbarButton\"]"}
RESULT: {"using":"xpath","value":"//button[@data-kt=\"addNewRUOverflowToolbarButton\"]"}
COMMAND: POST /session/3d3f7fd824ffe76093792df5eba9e1c3/execute/sync - {"script":"<script> [8489 bytes]","args":[{"element-6066-11e4-a52e-4f735466cecf":"f.B31767EFF96F4B6690C27CBC6EB8D7D5.d.A9F492D081F55DC7CA32B47698568BC9.e.12760","ELEMENT":"f.B31767EFF96F4B6690C27CBC6EB8D7D5.d.A9F492D081F55DC7CA32B47698568BC9.e.12760"}]}
RESULT: {"script":"<script> [8489 bytes]","args":[{"element-6066-11e4-a52e-4f735466cecf":"f.B31767EFF96F4B6690C27CBC6EB8D7D5.d.A9F492D081F55DC7CA32B47698568BC9.e.12760","ELEMENT":"f.B31767EFF96F4B6690C27CBC6EB8D7D5.d.A9F492D081F55DC7CA32B47698568BC9.e.12760"}]}
COMMAND: GET /session/3d3f7fd824ffe76093792df5eba9e1c3/element/f.B31767EFF96F4B6690C27CBC6EB8D7D5.d.A9F492D081F55DC7CA32B47698568BC9.e.12760/enabled - {}
COMMAND: GET /session/3d3f7fd824ffe76093792df5eba9e1c3/screenshot - {}
RESULT: {}
COMMAND: POST /session/3d3f7fd824ffe76093792df5eba9e1c3/execute/sync - {"script":"<script> [8489 bytes]","args":[{"element-6066-11e4-a52e-4f735466cecf":"f.B31767EFF96F4B6690C27CBC6EB8D7D5.d.A9F492D081F55DC7CA32B47698568BC9.e.12760","ELEMENT":"f.B31767EFF96F4B6690C27CBC6EB8D7D5.d.A9F492D081F55DC7CA32B47698568BC9.e.12760"}]}
COMMAND: GET /session/3d3f7fd824ffe76093792df5eba9e1c3/screenshot - {}
RESULT: {}
RESULT: {"script":"<script> [8489 bytes]","args":[{"element-6066-11e4-a52e-4f735466cecf":"f.B31767EFF96F4B6690C27CBC6EB8D7D5.d.A9F492D081F55DC7CA32B47698568BC9.e.12760","ELEMENT":"f.B31767EFF96F4B6690C27CBC6EB8D7D5.d.A9F492D081F55DC7CA32B47698568BC9.e.12760"}]}
COMMAND: POST /session/3d3f7fd824ffe76093792df5eba9e1c3/execute/sync - {"script":"<script> [5351 bytes]","args":[{"element-6066-11e4-a52e-4f735466cecf":"f.B31767EFF96F4B6690C27CBC6EB8D7D5.d.A9F492D081F55DC7CA32B47698568BC9.e.12760","ELEMENT":"f.B31767EFF96F4B6690C27CBC6EB8D7D5.d.A9F492D081F55DC7CA32B47698568BC9.e.12760"}]}
COMMAND: GET /session/3d3f7fd824ffe76093792df5eba9e1c3/screenshot - {}
RESULT: {}
RESULT: {"script":"<script> [5351 bytes]","args":[{"element-6066-11e4-a52e-4f735466cecf":"f.B31767EFF96F4B6690C27CBC6EB8D7D5.d.A9F492D081F55DC7CA32B47698568BC9.e.12760","ELEMENT":"f.B31767EFF96F4B6690C27CBC6EB8D7D5.d.A9F492D081F55DC7CA32B47698568BC9.e.12760"}]}
COMMAND: POST /session/3d3f7fd824ffe76093792df5eba9e1c3/element/f.B31767EFF96F4B6690C27CBC6EB8D7D5.d.A9F492D081F55DC7CA32B47698568BC9.e.12760/click - {}
COMMAND: GET /session/3d3f7fd824ffe76093792df5eba9e1c3/screenshot - {}
RESULT: {}
RESULT: {}
COMMAND: GET /session/3d3f7fd824ffe76093792df5eba9e1c3/screenshot - {}
RESULT: {}
RESULT: {}
COMMAND: POST /session/3d3f7fd824ffe76093792df5eba9e1c3/execute/async - {"script":"<script> [1562 bytes]","args":[{"selector":{"id":"application-manageresources-display-component---newResourceUnit--TYPE-arrow"},"wdio_ui5_key":"applicationmanageresources-display-component---newResourceUnit--TYPE-arrow"}]}
RESULT: {"script":"<script> [1562 bytes]","args":[{"selector":{"id":"application-manageresources-display-component---newResourceUnit--TYPE-arrow"},"wdio_ui5_key":"applicationmanageresources-display-component---newResourceUnit--TYPE-arrow"}]}
RESULT: undefined
COMMAND: POST /session/3d3f7fd824ffe76093792df5eba9e1c3/element - {"using":"xpath","value":"//*[@id=\"application-manageresources-display-component---newResourceUnit--TYPE-arrow\"]"}
RESULT: {"using":"xpath","value":"//*[@id=\"application-manageresources-display-component---newResourceUnit--TYPE-arrow\"]"}
COMMAND: POST /session/3d3f7fd824ffe76093792df5eba9e1c3/element/f.B31767EFF96F4B6690C27CBC6EB8D7D5.d.A9F492D081F55DC7CA32B47698568BC9.e.13131/click - {}
RESULT: {}
COMMAND: POST /session/3d3f7fd824ffe76093792df5eba9e1c3/element - {"using":"xpath","value":"//input[@id=\"application-manageresources-display-component---newResourceUnit--TYPE-inner\"]"}
COMMAND: GET /session/3d3f7fd824ffe76093792df5eba9e1c3/screenshot - {}
RESULT: {"using":"xpath","value":"//input[@id=\"application-manageresources-display-component---newResourceUnit--TYPE-inner\"]"}
COMMAND: POST /session/3d3f7fd824ffe76093792df5eba9e1c3/element/f.B31767EFF96F4B6690C27CBC6EB8D7D5.d.A9F492D081F55DC7CA32B47698568BC9.e.13113/clear - {}
RESULT: {}
RESULT: {}
COMMAND: POST /session/3d3f7fd824ffe76093792df5eba9e1c3/element/f.B31767EFF96F4B6690C27CBC6EB8D7D5.d.A9F492D081F55DC7CA32B47698568BC9.e.13113/value - {"text":"Material"}
COMMAND: GET /session/3d3f7fd824ffe76093792df5eba9e1c3/screenshot - {}
RESULT: {"text":"Material"}
COMMAND: GET /session/3d3f7fd824ffe76093792df5eba9e1c3/screenshot - {}
RESULT: {}
RESULT: {}
COMMAND: POST /session/3d3f7fd824ffe76093792df5eba9e1c3/actions - {"actions":[{"id":"action45","type":"key","parameters":{},"actions":[{"type":"keyDown","value":"î€‡"},{"type":"pause","duration":10},{"type":"keyUp","value":"î€‡"}]}]}
RESULT: {"actions":[{"id":"action45","type":"key","parameters":{},"actions":[{"type":"keyDown","value":"î€‡"},{"type":"pause","duration":10},{"type":"keyUp","value":"î€‡"}]}]}
COMMAND: POST /session/3d3f7fd824ffe76093792df5eba9e1c3/execute/async - {"script":"<script> [1562 bytes]","args":[{"selector":{"id":"application-manageresources-display-component---newResourceUnit--SHORT_TEXT","interaction":{"idSuffix":"inner"}},"wdio_ui5_key":"applicationmanageresources-display-component---newResourceUnit--SHORT_TEXT"}]}
COMMAND: GET /session/3d3f7fd824ffe76093792df5eba9e1c3/screenshot - {}
RESULT: {"script":"<script> [1562 bytes]","args":[{"selector":{"id":"application-manageresources-display-component---newResourceUnit--SHORT_TEXT","interaction":{"idSuffix":"inner"}},"wdio_ui5_key":"applicationmanageresources-display-component---newResourceUnit--SHORT_TEXT"}]}
RESULT: undefined
COMMAND: POST /session/3d3f7fd824ffe76093792df5eba9e1c3/execute/async - {"script":"<script> [776 bytes]","args":[{"enterText":"Cement WDIO","selector":{"id":"application-manageresources-display-component---newResourceUnit--SHORT_TEXT","interaction":{"idSuffix":"inner"}},"clearTextFirst":true,"interactionType":"ENTER_TEXT"}]}
RESULT: {}
RESULT: {"script":"<script> [776 bytes]","args":[{"enterText":"Cement WDIO","selector":{"id":"application-manageresources-display-component---newResourceUnit--SHORT_TEXT","interaction":{"idSuffix":"inner"}},"clearTextFirst":true,"interactionType":"ENTER_TEXT"}]}
COMMAND: POST /session/3d3f7fd824ffe76093792df5eba9e1c3/execute/async - {"script":"<script> [1562 bytes]","args":[{"selector":{"id":"application-manageresources-display-component---newResourceUnit--BASE_UNIT_OF_MEASURE","interaction":{"idSuffix":"inner"}},"wdio_ui5_key":"applicationmanageresources-display-component---newResourceUnit--BASE_UNIT_OF_MEASURE"}]}
RESULT: {"script":"<script> [1562 bytes]","args":[{"selector":{"id":"application-manageresources-display-component---newResourceUnit--BASE_UNIT_OF_MEASURE","interaction":{"idSuffix":"inner"}},"wdio_ui5_key":"applicationmanageresources-display-component---newResourceUnit--BASE_UNIT_OF_MEASURE"}]}
RESULT: undefined
COMMAND: POST /session/3d3f7fd824ffe76093792df5eba9e1c3/execute/async - {"script":"<script> [776 bytes]","args":[{"enterText":"Piece","selector":{"id":"application-manageresources-display-component---newResourceUnit--BASE_UNIT_OF_MEASURE","interaction":{"idSuffix":"inner"}},"clearTextFirst":true,"interactionType":"ENTER_TEXT"}]}
RESULT: {"script":"<script> [776 bytes]","args":[{"enterText":"Piece","selector":{"id":"application-manageresources-display-component---newResourceUnit--BASE_UNIT_OF_MEASURE","interaction":{"idSuffix":"inner"}},"clearTextFirst":true,"interactionType":"ENTER_TEXT"}]}
COMMAND: POST /session/3d3f7fd824ffe76093792df5eba9e1c3/execute/async - {"script":"<script> [1562 bytes]","args":[{"selector":{"id":"application-manageresources-display-component---newResourceUnit--WEIGHT_UNIT","interaction":{"idSuffix":"inner"}},"wdio_ui5_key":"applicationmanageresources-display-component---newResourceUnit--WEIGHT_UNIT"}]}
RESULT: {"script":"<script> [1562 bytes]","args":[{"selector":{"id":"application-manageresources-display-component---newResourceUnit--WEIGHT_UNIT","interaction":{"idSuffix":"inner"}},"wdio_ui5_key":"applicationmanageresources-display-component---newResourceUnit--WEIGHT_UNIT"}]}
RESULT: undefined
COMMAND: POST /session/3d3f7fd824ffe76093792df5eba9e1c3/execute/async - {"script":"<script> [776 bytes]","args":[{"enterText":"Gram","selector":{"id":"application-manageresources-display-component---newResourceUnit--WEIGHT_UNIT","interaction":{"idSuffix":"inner"}},"clearTextFirst":true,"interactionType":"ENTER_TEXT"}]}
RESULT: {"script":"<script> [776 bytes]","args":[{"enterText":"Gram","selector":{"id":"application-manageresources-display-component---newResourceUnit--WEIGHT_UNIT","interaction":{"idSuffix":"inner"}},"clearTextFirst":true,"interactionType":"ENTER_TEXT"}]}
COMMAND: POST /session/3d3f7fd824ffe76093792df5eba9e1c3/execute/async - {"script":"<script> [1562 bytes]","args":[{"selector":{"id":"application-manageresources-display-component---newResourceUnit--DIMENSION_UNIT","interaction":{"idSuffix":"inner"}},"wdio_ui5_key":"applicationmanageresources-display-component---newResourceUnit--DIMENSION_UNIT"}]}
RESULT: {"script":"<script> [1562 bytes]","args":[{"selector":{"id":"application-manageresources-display-component---newResourceUnit--DIMENSION_UNIT","interaction":{"idSuffix":"inner"}},"wdio_ui5_key":"applicationmanageresources-display-component---newResourceUnit--DIMENSION_UNIT"}]}
RESULT: undefined
COMMAND: POST /session/3d3f7fd824ffe76093792df5eba9e1c3/execute/async - {"script":"<script> [776 bytes]","args":[{"enterText":"Meter","selector":{"id":"application-manageresources-display-component---newResourceUnit--DIMENSION_UNIT","interaction":{"idSuffix":"inner"}},"clearTextFirst":true,"interactionType":"ENTER_TEXT"}]}
RESULT: {"script":"<script> [776 bytes]","args":[{"enterText":"Meter","selector":{"id":"application-manageresources-display-component---newResourceUnit--DIMENSION_UNIT","interaction":{"idSuffix":"inner"}},"clearTextFirst":true,"interactionType":"ENTER_TEXT"}]}
COMMAND: POST /session/3d3f7fd824ffe76093792df5eba9e1c3/execute/async - {"script":"<script> [1562 bytes]","args":[{"selector":{"id":"application-manageresources-display-component---newResourceUnit--newRRUPage-anchBar-application-manageresources-display-component---newResourceUnit--control-anchor","interaction":{"idSuffix":"BDI-content"}},"wdio_ui5_key":"applicationmanageresources-display-component---newResourceUnit--newRRUPage-anchBar-application-manageresources-display-component---newResourceUnit--control-anchor"}]}
RESULT: {"script":"<script> [1562 bytes]","args":[{"selector":{"id":"application-manageresources-display-component---newResourceUnit--newRRUPage-anchBar-application-manageresources-display-component---newResourceUnit--control-anchor","interaction":{"idSuffix":"BDI-content"}},"wdio_ui5_key":"applicationmanageresources-display-component---newResourceUnit--newRRUPage-anchBar-application-manageresources-display-component---newResourceUnit--control-anchor"}]}
RESULT: undefined
COMMAND: POST /session/3d3f7fd824ffe76093792df5eba9e1c3/element - {"using":"xpath","value":"//*[@id=\"application-manageresources-display-component---newResourceUnit--newRRUPage-anchBar-application-manageresources-display-component---newResourceUnit--control-anchor\"]"}
RESULT: {"using":"xpath","value":"//*[@id=\"application-manageresources-display-component---newResourceUnit--newRRUPage-anchBar-application-manageresources-display-component---newResourceUnit--control-anchor\"]"}
COMMAND: POST /session/3d3f7fd824ffe76093792df5eba9e1c3/element/f.B31767EFF96F4B6690C27CBC6EB8D7D5.d.A9F492D081F55DC7CA32B47698568BC9.e.13196/click - {}
RESULT: {}
COMMAND: POST /session/3d3f7fd824ffe76093792df5eba9e1c3/execute/async - {"script":"<script> [1562 bytes]","args":[{"selector":{"id":"application-manageresources-display-component---newResourceUnit--PLANNING_GROUP","interaction":{"idSuffix":"inner"}},"wdio_ui5_key":"applicationmanageresources-display-component---newResourceUnit--PLANNING_GROUP"}]}
COMMAND: GET /session/3d3f7fd824ffe76093792df5eba9e1c3/screenshot - {}
RESULT: {"script":"<script> [1562 bytes]","args":[{"selector":{"id":"application-manageresources-display-component---newResourceUnit--PLANNING_GROUP","interaction":{"idSuffix":"inner"}},"wdio_ui5_key":"applicationmanageresources-display-component---newResourceUnit--PLANNING_GROUP"}]}
RESULT: undefined
COMMAND: POST /session/3d3f7fd824ffe76093792df5eba9e1c3/execute/async - {"script":"<script> [776 bytes]","args":[{"enterText":"Material","selector":{"id":"application-manageresources-display-component---newResourceUnit--PLANNING_GROUP","interaction":{"idSuffix":"inner"}},"clearTextFirst":true,"interactionType":"ENTER_TEXT"}]}
RESULT: {}
RESULT: {"script":"<script> [776 bytes]","args":[{"enterText":"Material","selector":{"id":"application-manageresources-display-component---newResourceUnit--PLANNING_GROUP","interaction":{"idSuffix":"inner"}},"clearTextFirst":true,"interactionType":"ENTER_TEXT"}]}
COMMAND: POST /session/3d3f7fd824ffe76093792df5eba9e1c3/execute/async - {"script":"<script> [1562 bytes]","args":[{"selector":{"id":"application-manageresources-display-component---newResourceUnit--PLANNING_INDICATOR","interaction":{"idSuffix":"inner"}},"wdio_ui5_key":"applicationmanageresources-display-component---newResourceUnit--PLANNING_INDICATOR"}]}
RESULT: {"script":"<script> [1562 bytes]","args":[{"selector":{"id":"application-manageresources-display-component---newResourceUnit--PLANNING_INDICATOR","interaction":{"idSuffix":"inner"}},"wdio_ui5_key":"applicationmanageresources-display-component---newResourceUnit--PLANNING_INDICATOR"}]}
RESULT: undefined
COMMAND: POST /session/3d3f7fd824ffe76093792df5eba9e1c3/execute/async - {"script":"<script> [776 bytes]","args":[{"enterText":"10 - infinite","selector":{"id":"application-manageresources-display-component---newResourceUnit--PLANNING_INDICATOR","interaction":{"idSuffix":"inner"}},"clearTextFirst":true,"interactionType":"ENTER_TEXT"}]}
RESULT: {"script":"<script> [776 bytes]","args":[{"enterText":"10 - infinite","selector":{"id":"application-manageresources-display-component---newResourceUnit--PLANNING_INDICATOR","interaction":{"idSuffix":"inner"}},"clearTextFirst":true,"interactionType":"ENTER_TEXT"}]}
COMMAND: POST /session/3d3f7fd824ffe76093792df5eba9e1c3/element - {"using":"css selector","value":"#application-manageresources-display-component---newResourceUnit--btnAddTimeSegment"}
RESULT: {"using":"css selector","value":"#application-manageresources-display-component---newResourceUnit--btnAddTimeSegment"}
COMMAND: GET /session/3d3f7fd824ffe76093792df5eba9e1c3/element/f.B31767EFF96F4B6690C27CBC6EB8D7D5.d.A9F492D081F55DC7CA32B47698568BC9.e.13204/rect - {}
RESULT: {}
COMMAND: GET /session/3d3f7fd824ffe76093792df5eba9e1c3/window/rect - {}
RESULT: {}
COMMAND: POST /session/3d3f7fd824ffe76093792df5eba9e1c3/execute/sync - {"script":"<script> [92 bytes]","args":[]}
RESULT: {"script":"<script> [92 bytes]","args":[]}
COMMAND: POST /session/3d3f7fd824ffe76093792df5eba9e1c3/actions - {"actions":[{"id":"action46","type":"wheel","parameters":{},"actions":[{"type":"scroll","x":-1888,"y":-32,"deltaX":0,"deltaY":0,"duration":0,"origin":{"element-6066-11e4-a52e-4f735466cecf":"f.B31767EFF96F4B6690C27CBC6EB8D7D5.d.A9F492D081F55DC7CA32B47698568BC9.e.13204"}}]}]}
COMMAND: GET /session/3d3f7fd824ffe76093792df5eba9e1c3/screenshot - {}
RESULT: {}
COMMAND: POST /session/3d3f7fd824ffe76093792df5eba9e1c3/execute/sync - {"script":"<script> [79 bytes]","args":[{"element-6066-11e4-a52e-4f735466cecf":"f.B31767EFF96F4B6690C27CBC6EB8D7D5.d.A9F492D081F55DC7CA32B47698568BC9.e.13204","ELEMENT":"f.B31767EFF96F4B6690C27CBC6EB8D7D5.d.A9F492D081F55DC7CA32B47698568BC9.e.13204"},{"block":"start","inline":"nearest"}]}
RESULT: {"script":"<script> [79 bytes]","args":[{"element-6066-11e4-a52e-4f735466cecf":"f.B31767EFF96F4B6690C27CBC6EB8D7D5.d.A9F492D081F55DC7CA32B47698568BC9.e.13204","ELEMENT":"f.B31767EFF96F4B6690C27CBC6EB8D7D5.d.A9F492D081F55DC7CA32B47698568BC9.e.13204"},{"block":"start","inline":"nearest"}]}
COMMAND: POST /session/3d3f7fd824ffe76093792df5eba9e1c3/execute/async - {"script":"<script> [1562 bytes]","args":[{"selector":{"id":"application-manageresources-display-component---newResourceUnit--btnAddTimeSegment","interaction":{"idSuffix":"inner"}},"wdio_ui5_key":"applicationmanageresources-display-component---newResourceUnit--btnAddTimeSegment"}]}
COMMAND: GET /session/3d3f7fd824ffe76093792df5eba9e1c3/screenshot - {}
RESULT: {}
RESULT: {"script":"<script> [1562 bytes]","args":[{"selector":{"id":"application-manageresources-display-component---newResourceUnit--btnAddTimeSegment","interaction":{"idSuffix":"inner"}},"wdio_ui5_key":"applicationmanageresources-display-component---newResourceUnit--btnAddTimeSegment"}]}
RESULT: undefined
COMMAND: POST /session/3d3f7fd824ffe76093792df5eba9e1c3/element - {"using":"xpath","value":"//*[@id=\"application-manageresources-display-component---newResourceUnit--btnAddTimeSegment\"]"}
RESULT: {"using":"xpath","value":"//*[@id=\"application-manageresources-display-component---newResourceUnit--btnAddTimeSegment\"]"}
COMMAND: POST /session/3d3f7fd824ffe76093792df5eba9e1c3/element/f.B31767EFF96F4B6690C27CBC6EB8D7D5.d.A9F492D081F55DC7CA32B47698568BC9.e.13204/click - {}
RESULT: {}
COMMAND: GET /session/3d3f7fd824ffe76093792df5eba9e1c3/screenshot - {}
RESULT: {}
COMMAND: POST /session/3d3f7fd824ffe76093792df5eba9e1c3/element - {"using":"xpath","value":"//input[@id=\"application-manageresources-display-component---newResourceUnit--idRuTSAdmin-application-manageresources-display-component---newResourceUnit--RUTimeSegment-0-inner\"]"}
RESULT: {"using":"xpath","value":"//input[@id=\"application-manageresources-display-component---newResourceUnit--idRuTSAdmin-application-manageresources-display-component---newResourceUnit--RUTimeSegment-0-inner\"]"}
COMMAND: POST /session/3d3f7fd824ffe76093792df5eba9e1c3/element/f.B31767EFF96F4B6690C27CBC6EB8D7D5.d.A9F492D081F55DC7CA32B47698568BC9.e.13209/clear - {}
RESULT: {}
COMMAND: POST /session/3d3f7fd824ffe76093792df5eba9e1c3/element/f.B31767EFF96F4B6690C27CBC6EB8D7D5.d.A9F492D081F55DC7CA32B47698568BC9.e.13209/value - {"text":"266"}
COMMAND: GET /session/3d3f7fd824ffe76093792df5eba9e1c3/screenshot - {}
RESULT: {"text":"266"}
COMMAND: GET /session/3d3f7fd824ffe76093792df5eba9e1c3/screenshot - {}
RESULT: {}
RESULT: {}
COMMAND: POST /session/3d3f7fd824ffe76093792df5eba9e1c3/element - {"using":"xpath","value":"//li[.//span[text()='266']]"}
RESULT: {"using":"xpath","value":"//li[.//span[text()='266']]"}
COMMAND: POST /session/3d3f7fd824ffe76093792df5eba9e1c3/element/f.B31767EFF96F4B6690C27CBC6EB8D7D5.d.A9F492D081F55DC7CA32B47698568BC9.e.13218/click - {}
RESULT: {}
COMMAND: GET /session/3d3f7fd824ffe76093792df5eba9e1c3/screenshot - {}
RESULT: {}
COMMAND: POST /session/3d3f7fd824ffe76093792df5eba9e1c3/element - {"using":"xpath","value":"(//span[contains(@id, \"-application-manageresources-display-component---newResourceUnit--RUTimeSegment-0-arrow\")])[2]"}
RESULT: {"using":"xpath","value":"(//span[contains(@id, \"-application-manageresources-display-component---newResourceUnit--RUTimeSegment-0-arrow\")])[2]"}
COMMAND: POST /session/3d3f7fd824ffe76093792df5eba9e1c3/element/f.B31767EFF96F4B6690C27CBC6EB8D7D5.d.A9F492D081F55DC7CA32B47698568BC9.e.13219/click - {}
RESULT: {}
COMMAND: POST /session/3d3f7fd824ffe76093792df5eba9e1c3/element - {"using":"xpath","value":"//span[contains(text(), \"PM Order\")]"}
COMMAND: GET /session/3d3f7fd824ffe76093792df5eba9e1c3/screenshot - {}
RESULT: {"using":"xpath","value":"//span[contains(text(), \"PM Order\")]"}
COMMAND: POST /session/3d3f7fd824ffe76093792df5eba9e1c3/element/f.B31767EFF96F4B6690C27CBC6EB8D7D5.d.A9F492D081F55DC7CA32B47698568BC9.e.13220/click - {}
RESULT: {}
RESULT: {}
COMMAND: GET /session/3d3f7fd824ffe76093792df5eba9e1c3/screenshot - {}
RESULT: {}
COMMAND: POST /session/3d3f7fd824ffe76093792df5eba9e1c3/element - {"using":"xpath","value":"//td/div/div/div/span[contains(@id, \"newResourceUnit--RUTimeSegment-0-vhi\")][1]"}
RESULT: {"using":"xpath","value":"//td/div/div/div/span[contains(@id, \"newResourceUnit--RUTimeSegment-0-vhi\")][1]"}
COMMAND: GET /session/3d3f7fd824ffe76093792df5eba9e1c3/element/f.B31767EFF96F4B6690C27CBC6EB8D7D5.d.A9F492D081F55DC7CA32B47698568BC9.e.13224/rect - {}
RESULT: {}
COMMAND: GET /session/3d3f7fd824ffe76093792df5eba9e1c3/window/rect - {}
RESULT: {}
COMMAND: POST /session/3d3f7fd824ffe76093792df5eba9e1c3/execute/sync - {"script":"<script> [92 bytes]","args":[]}
RESULT: {"script":"<script> [92 bytes]","args":[]}
COMMAND: POST /session/3d3f7fd824ffe76093792df5eba9e1c3/actions - {"actions":[{"id":"action47","type":"wheel","parameters":{},"actions":[{"type":"scroll","x":-1888,"y":-24,"deltaX":0,"deltaY":0,"duration":0,"origin":{"element-6066-11e4-a52e-4f735466cecf":"f.B31767EFF96F4B6690C27CBC6EB8D7D5.d.A9F492D081F55DC7CA32B47698568BC9.e.13224"}}]}]}
COMMAND: GET /session/3d3f7fd824ffe76093792df5eba9e1c3/screenshot - {}
RESULT: {}
COMMAND: POST /session/3d3f7fd824ffe76093792df5eba9e1c3/execute/sync - {"script":"<script> [79 bytes]","args":[{"element-6066-11e4-a52e-4f735466cecf":"f.B31767EFF96F4B6690C27CBC6EB8D7D5.d.A9F492D081F55DC7CA32B47698568BC9.e.13224","ELEMENT":"f.B31767EFF96F4B6690C27CBC6EB8D7D5.d.A9F492D081F55DC7CA32B47698568BC9.e.13224"},{"block":"start","inline":"nearest"}]}
RESULT: {"script":"<script> [79 bytes]","args":[{"element-6066-11e4-a52e-4f735466cecf":"f.B31767EFF96F4B6690C27CBC6EB8D7D5.d.A9F492D081F55DC7CA32B47698568BC9.e.13224","ELEMENT":"f.B31767EFF96F4B6690C27CBC6EB8D7D5.d.A9F492D081F55DC7CA32B47698568BC9.e.13224"},{"block":"start","inline":"nearest"}]}
COMMAND: GET /session/3d3f7fd824ffe76093792df5eba9e1c3/screenshot - {}
RESULT: {}
COMMAND: POST /session/3d3f7fd824ffe76093792df5eba9e1c3/element/f.B31767EFF96F4B6690C27CBC6EB8D7D5.d.A9F492D081F55DC7CA32B47698568BC9.e.13224/click - {}
RESULT: {}
COMMAND: GET /session/3d3f7fd824ffe76093792df5eba9e1c3/screenshot - {}
RESULT: {}
COMMAND: POST /session/3d3f7fd824ffe76093792df5eba9e1c3/execute/async - {"script":"<script> [1562 bytes]","args":[{"selector":{"controlType":"sap.m.SearchField","properties":{"placeholder":"Search"},"searchOpenDialogs":true,"interaction":{"idSuffix":"I"}},"wdio_ui5_key":"sapm.SearchField{\"placeholder\":\"Search\"}"}]}
RESULT: {"script":"<script> [1562 bytes]","args":[{"selector":{"controlType":"sap.m.SearchField","properties":{"placeholder":"Search"},"searchOpenDialogs":true,"interaction":{"idSuffix":"I"}},"wdio_ui5_key":"sapm.SearchField{\"placeholder\":\"Search\"}"}]}
RESULT: undefined
COMMAND: POST /session/3d3f7fd824ffe76093792df5eba9e1c3/execute/async - {"script":"<script> [776 bytes]","args":[{"enterText":"4000360","selector":{"controlType":"sap.m.SearchField","properties":{"placeholder":"Search"},"searchOpenDialogs":true,"interaction":{"idSuffix":"I"}},"clearTextFirst":true,"interactionType":"ENTER_TEXT"}]}
RESULT: {"script":"<script> [776 bytes]","args":[{"enterText":"4000360","selector":{"controlType":"sap.m.SearchField","properties":{"placeholder":"Search"},"searchOpenDialogs":true,"interaction":{"idSuffix":"I"}},"clearTextFirst":true,"interactionType":"ENTER_TEXT"}]}
COMMAND: POST /session/3d3f7fd824ffe76093792df5eba9e1c3/actions - {"actions":[{"id":"action48","type":"key","parameters":{},"actions":[{"type":"keyDown","value":"î€‡"},{"type":"pause","duration":10},{"type":"keyUp","value":"î€‡"}]}]}
RESULT: {"actions":[{"id":"action48","type":"key","parameters":{},"actions":[{"type":"keyDown","value":"î€‡"},{"type":"pause","duration":10},{"type":"keyUp","value":"î€‡"}]}]}
COMMAND: GET /session/3d3f7fd824ffe76093792df5eba9e1c3/screenshot - {}
RESULT: {}
COMMAND: POST /session/3d3f7fd824ffe76093792df5eba9e1c3/element - {"using":"xpath","value":"//td/div/span[contains(text(), \"BGL Vehicles\")]"}
RESULT: {"using":"xpath","value":"//td/div/span[contains(text(), \"BGL Vehicles\")]"}
COMMAND: POST /session/3d3f7fd824ffe76093792df5eba9e1c3/element/f.B31767EFF96F4B6690C27CBC6EB8D7D5.d.A9F492D081F55DC7CA32B47698568BC9.e.13245/click - {}
RESULT: {}
COMMAND: GET /session/3d3f7fd824ffe76093792df5eba9e1c3/screenshot - {}
RESULT: {}
COMMAND: POST /session/3d3f7fd824ffe76093792df5eba9e1c3/element - {"using":"xpath","value":"//bdi[contains(text(), \"OK\")]"}
RESULT: {"using":"xpath","value":"//bdi[contains(text(), \"OK\")]"}
COMMAND: POST /session/3d3f7fd824ffe76093792df5eba9e1c3/element/f.B31767EFF96F4B6690C27CBC6EB8D7D5.d.A9F492D081F55DC7CA32B47698568BC9.e.13246/click - {}
RESULT: {}
COMMAND: GET /session/3d3f7fd824ffe76093792df5eba9e1c3/screenshot - {}
RESULT: {}
COMMAND: POST /session/3d3f7fd824ffe76093792df5eba9e1c3/element - {"using":"xpath","value":"//label[contains(@class, 'sapMLabelRequired') and .//bdi[contains(text(), 'Planned Retirement')]]"}
RESULT: {"using":"xpath","value":"//label[contains(@class, 'sapMLabelRequired') and .//bdi[contains(text(), 'Planned Retirement')]]"}
COMMAND: POST /session/3d3f7fd824ffe76093792df5eba9e1c3/elements - {"using":"xpath","value":"//label[contains(@class, 'sapMLabelRequired') and .//bdi[contains(text(), 'Planned Retirement')]]"}
RESULT: {"using":"xpath","value":"//label[contains(@class, 'sapMLabelRequired') and .//bdi[contains(text(), 'Planned Retirement')]]"}
COMMAND: POST /session/3d3f7fd824ffe76093792df5eba9e1c3/element - {"using":"xpath","value":"//button[@data-kt=\"resourceUnitSaveButton\"]"}
RESULT: {"using":"xpath","value":"//button[@data-kt=\"resourceUnitSaveButton\"]"}
COMMAND: POST /session/3d3f7fd824ffe76093792df5eba9e1c3/element/f.B31767EFF96F4B6690C27CBC6EB8D7D5.d.A9F492D081F55DC7CA32B47698568BC9.e.13148/click - {}
RESULT: {}
COMMAND: GET /session/3d3f7fd824ffe76093792df5eba9e1c3/screenshot - {}
RESULT: {}
COMMAND: POST /session/3d3f7fd824ffe76093792df5eba9e1c3/element - {"using":"xpath","value":"//bdi[contains(text(), \"Close\")]"}
RESULT: {"using":"xpath","value":"//bdi[contains(text(), \"Close\")]"}
COMMAND: POST /session/3d3f7fd824ffe76093792df5eba9e1c3/element/f.B31767EFF96F4B6690C27CBC6EB8D7D5.d.A9F492D081F55DC7CA32B47698568BC9.e.13252/click - {}
RESULT: {}
COMMAND: GET /session/3d3f7fd824ffe76093792df5eba9e1c3/screenshot - {}
RESULT: {}
COMMAND: POST /session/3d3f7fd824ffe76093792df5eba9e1c3/element - {"using":"xpath","value":"//header[contains(@id, 'detailRruPage-headerTitle')]/div[1]/div[2]/div[2]/span[1]"}
RESULT: {"using":"xpath","value":"//header[contains(@id, 'detailRruPage-headerTitle')]/div[1]/div[2]/div[2]/span[1]"}
COMMAND: POST /session/3d3f7fd824ffe76093792df5eba9e1c3/elements - {"using":"xpath","value":"//header[contains(@id, 'detailRruPage-headerTitle')]/div[1]/div[2]/div[2]/span[1]"}
RESULT: {"using":"xpath","value":"//header[contains(@id, 'detailRruPage-headerTitle')]/div[1]/div[2]/div[2]/span[1]"}
COMMAND: POST /session/3d3f7fd824ffe76093792df5eba9e1c3/execute/sync - {"script":"<script> [56 bytes]","args":[{"element-6066-11e4-a52e-4f735466cecf":"f.B31767EFF96F4B6690C27CBC6EB8D7D5.d.A9F492D081F55DC7CA32B47698568BC9.e.13280","ELEMENT":"f.B31767EFF96F4B6690C27CBC6EB8D7D5.d.A9F492D081F55DC7CA32B47698568BC9.e.13280"}]}
RESULT: {"script":"<script> [56 bytes]","args":[{"element-6066-11e4-a52e-4f735466cecf":"f.B31767EFF96F4B6690C27CBC6EB8D7D5.d.A9F492D081F55DC7CA32B47698568BC9.e.13280","ELEMENT":"f.B31767EFF96F4B6690C27CBC6EB8D7D5.d.A9F492D081F55DC7CA32B47698568BC9.e.13280"}]}
COMMAND: POST /session/3d3f7fd824ffe76093792df5eba9e1c3/element - {"using":"css selector","value":"#shell-header-logo"}
COMMAND: GET /session/3d3f7fd824ffe76093792df5eba9e1c3/screenshot - {}
RESULT: {"using":"css selector","value":"#shell-header-logo"}
COMMAND: POST /session/3d3f7fd824ffe76093792df5eba9e1c3/element/f.B31767EFF96F4B6690C27CBC6EB8D7D5.d.A9F492D081F55DC7CA32B47698568BC9.e.12613/click - {}
RESULT: {}
RESULT: {}
COMMAND: GET /session/3d3f7fd824ffe76093792df5eba9e1c3/screenshot - {}
RESULT: {}
]]></system-out>
    </testcase>
    <testcase classname="chrome.136_0_7103_49.windows.Create_masterdata_for_Yard_Overview_-_trigger_provide_US130988" name="Bin Status Report Should Create New Organization yard" time="0.005" />
    <testcase classname="chrome.136_0_7103_49.windows.Create_masterdata_for_Yard_Overview_-_trigger_provide_US130988" name="Create a Warehouse Movement for created yard" time="41.559">
      <system-out><![CDATA[
COMMAND: POST /session/3d3f7fd824ffe76093792df5eba9e1c3/execute/async - {"script":"<script> [1562 bytes]","args":[{"selector":{"controlType":"sap.m.GenericTile","properties":{"header":"Manage Warehouse Movements"}},"wdio_ui5_key":"sapm.GenericTile{\"header\":\"Manage Warehouse Movements\"}"}]}
RESULT: {"script":"<script> [1562 bytes]","args":[{"selector":{"controlType":"sap.m.GenericTile","properties":{"header":"Manage Warehouse Movements"}},"wdio_ui5_key":"sapm.GenericTile{\"header\":\"Manage Warehouse Movements\"}"}]}
RESULT: undefined
COMMAND: POST /session/3d3f7fd824ffe76093792df5eba9e1c3/element - {"using":"xpath","value":"//*[@id=\"__tile105\"]"}
RESULT: {"using":"xpath","value":"//*[@id=\"__tile105\"]"}
COMMAND: POST /session/3d3f7fd824ffe76093792df5eba9e1c3/element/f.B31767EFF96F4B6690C27CBC6EB8D7D5.d.A9F492D081F55DC7CA32B47698568BC9.e.13284/click - {}
RESULT: {}
COMMAND: POST /session/3d3f7fd824ffe76093792df5eba9e1c3/element - {"using":"xpath","value":"//input[@id='application-warehousemovements-display-component---warehouseMovements--smartFilterBar-filterItemControl_BASIC-YARD-inner']"}
COMMAND: GET /session/3d3f7fd824ffe76093792df5eba9e1c3/screenshot - {}
RESULT: {"using":"xpath","value":"//input[@id='application-warehousemovements-display-component---warehouseMovements--smartFilterBar-filterItemControl_BASIC-YARD-inner']"}
COMMAND: POST /session/3d3f7fd824ffe76093792df5eba9e1c3/elements - {"using":"xpath","value":"//input[@id='application-warehousemovements-display-component---warehouseMovements--smartFilterBar-filterItemControl_BASIC-YARD-inner']"}
RESULT: {}
RESULT: {"using":"xpath","value":"//input[@id='application-warehousemovements-display-component---warehouseMovements--smartFilterBar-filterItemControl_BASIC-YARD-inner']"}
COMMAND: POST /session/3d3f7fd824ffe76093792df5eba9e1c3/elements - {"using":"xpath","value":"//input[@id='application-warehousemovements-display-component---warehouseMovements--smartFilterBar-filterItemControl_BASIC-YARD-inner']"}
RESULT: {"using":"xpath","value":"//input[@id='application-warehousemovements-display-component---warehouseMovements--smartFilterBar-filterItemControl_BASIC-YARD-inner']"}
COMMAND: POST /session/3d3f7fd824ffe76093792df5eba9e1c3/elements - {"using":"xpath","value":"//input[@id='application-warehousemovements-display-component---warehouseMovements--smartFilterBar-filterItemControl_BASIC-YARD-inner']"}
RESULT: {"using":"xpath","value":"//input[@id='application-warehousemovements-display-component---warehouseMovements--smartFilterBar-filterItemControl_BASIC-YARD-inner']"}
COMMAND: POST /session/3d3f7fd824ffe76093792df5eba9e1c3/elements - {"using":"xpath","value":"//input[@id='application-warehousemovements-display-component---warehouseMovements--smartFilterBar-filterItemControl_BASIC-YARD-inner']"}
RESULT: {"using":"xpath","value":"//input[@id='application-warehousemovements-display-component---warehouseMovements--smartFilterBar-filterItemControl_BASIC-YARD-inner']"}
COMMAND: POST /session/3d3f7fd824ffe76093792df5eba9e1c3/elements - {"using":"xpath","value":"//input[@id='application-warehousemovements-display-component---warehouseMovements--smartFilterBar-filterItemControl_BASIC-YARD-inner']"}
RESULT: {"using":"xpath","value":"//input[@id='application-warehousemovements-display-component---warehouseMovements--smartFilterBar-filterItemControl_BASIC-YARD-inner']"}
COMMAND: POST /session/3d3f7fd824ffe76093792df5eba9e1c3/elements - {"using":"xpath","value":"//input[@id='application-warehousemovements-display-component---warehouseMovements--smartFilterBar-filterItemControl_BASIC-YARD-inner']"}
RESULT: {"using":"xpath","value":"//input[@id='application-warehousemovements-display-component---warehouseMovements--smartFilterBar-filterItemControl_BASIC-YARD-inner']"}
COMMAND: POST /session/3d3f7fd824ffe76093792df5eba9e1c3/elements - {"using":"xpath","value":"//input[@id='application-warehousemovements-display-component---warehouseMovements--smartFilterBar-filterItemControl_BASIC-YARD-inner']"}
RESULT: {"using":"xpath","value":"//input[@id='application-warehousemovements-display-component---warehouseMovements--smartFilterBar-filterItemControl_BASIC-YARD-inner']"}
COMMAND: POST /session/3d3f7fd824ffe76093792df5eba9e1c3/elements - {"using":"xpath","value":"//input[@id='application-warehousemovements-display-component---warehouseMovements--smartFilterBar-filterItemControl_BASIC-YARD-inner']"}
RESULT: {"using":"xpath","value":"//input[@id='application-warehousemovements-display-component---warehouseMovements--smartFilterBar-filterItemControl_BASIC-YARD-inner']"}
COMMAND: POST /session/3d3f7fd824ffe76093792df5eba9e1c3/element - {"using":"xpath","value":"//input[@id='application-warehousemovements-display-component---warehouseMovements--smartFilterBar-filterItemControl_BASIC-YARD-inner']"}
RESULT: {"using":"xpath","value":"//input[@id='application-warehousemovements-display-component---warehouseMovements--smartFilterBar-filterItemControl_BASIC-YARD-inner']"}
COMMAND: POST /session/3d3f7fd824ffe76093792df5eba9e1c3/execute/sync - {"script":"<script> [8489 bytes]","args":[{"element-6066-11e4-a52e-4f735466cecf":"f.B31767EFF96F4B6690C27CBC6EB8D7D5.d.A9F492D081F55DC7CA32B47698568BC9.e.13307","ELEMENT":"f.B31767EFF96F4B6690C27CBC6EB8D7D5.d.A9F492D081F55DC7CA32B47698568BC9.e.13307"}]}
RESULT: {"script":"<script> [8489 bytes]","args":[{"element-6066-11e4-a52e-4f735466cecf":"f.B31767EFF96F4B6690C27CBC6EB8D7D5.d.A9F492D081F55DC7CA32B47698568BC9.e.13307","ELEMENT":"f.B31767EFF96F4B6690C27CBC6EB8D7D5.d.A9F492D081F55DC7CA32B47698568BC9.e.13307"}]}
COMMAND: GET /session/3d3f7fd824ffe76093792df5eba9e1c3/element/f.B31767EFF96F4B6690C27CBC6EB8D7D5.d.A9F492D081F55DC7CA32B47698568BC9.e.13307/enabled - {}
COMMAND: GET /session/3d3f7fd824ffe76093792df5eba9e1c3/screenshot - {}
RESULT: {}
COMMAND: POST /session/3d3f7fd824ffe76093792df5eba9e1c3/execute/sync - {"script":"<script> [8489 bytes]","args":[{"element-6066-11e4-a52e-4f735466cecf":"f.B31767EFF96F4B6690C27CBC6EB8D7D5.d.A9F492D081F55DC7CA32B47698568BC9.e.13307","ELEMENT":"f.B31767EFF96F4B6690C27CBC6EB8D7D5.d.A9F492D081F55DC7CA32B47698568BC9.e.13307"}]}
COMMAND: GET /session/3d3f7fd824ffe76093792df5eba9e1c3/screenshot - {}
RESULT: {}
RESULT: {"script":"<script> [8489 bytes]","args":[{"element-6066-11e4-a52e-4f735466cecf":"f.B31767EFF96F4B6690C27CBC6EB8D7D5.d.A9F492D081F55DC7CA32B47698568BC9.e.13307","ELEMENT":"f.B31767EFF96F4B6690C27CBC6EB8D7D5.d.A9F492D081F55DC7CA32B47698568BC9.e.13307"}]}
COMMAND: POST /session/3d3f7fd824ffe76093792df5eba9e1c3/execute/sync - {"script":"<script> [5351 bytes]","args":[{"element-6066-11e4-a52e-4f735466cecf":"f.B31767EFF96F4B6690C27CBC6EB8D7D5.d.A9F492D081F55DC7CA32B47698568BC9.e.13307","ELEMENT":"f.B31767EFF96F4B6690C27CBC6EB8D7D5.d.A9F492D081F55DC7CA32B47698568BC9.e.13307"}]}
COMMAND: GET /session/3d3f7fd824ffe76093792df5eba9e1c3/screenshot - {}
RESULT: {}
RESULT: {"script":"<script> [5351 bytes]","args":[{"element-6066-11e4-a52e-4f735466cecf":"f.B31767EFF96F4B6690C27CBC6EB8D7D5.d.A9F492D081F55DC7CA32B47698568BC9.e.13307","ELEMENT":"f.B31767EFF96F4B6690C27CBC6EB8D7D5.d.A9F492D081F55DC7CA32B47698568BC9.e.13307"}]}
COMMAND: GET /session/3d3f7fd824ffe76093792df5eba9e1c3/screenshot - {}
RESULT: {}
RESULT: {}
COMMAND: POST /session/3d3f7fd824ffe76093792df5eba9e1c3/element/f.B31767EFF96F4B6690C27CBC6EB8D7D5.d.A9F492D081F55DC7CA32B47698568BC9.e.13307/clear - {}
RESULT: {}
COMMAND: POST /session/3d3f7fd824ffe76093792df5eba9e1c3/element/f.B31767EFF96F4B6690C27CBC6EB8D7D5.d.A9F492D081F55DC7CA32B47698568BC9.e.13307/value - {"text":"266"}
COMMAND: GET /session/3d3f7fd824ffe76093792df5eba9e1c3/screenshot - {}
RESULT: {"text":"266"}
COMMAND: POST /session/3d3f7fd824ffe76093792df5eba9e1c3/actions - {"actions":[{"id":"action49","type":"key","parameters":{},"actions":[{"type":"keyDown","value":"î€‡"},{"type":"pause","duration":10},{"type":"keyUp","value":"î€‡"}]}]}
COMMAND: GET /session/3d3f7fd824ffe76093792df5eba9e1c3/screenshot - {}
RESULT: {}
RESULT: {"actions":[{"id":"action49","type":"key","parameters":{},"actions":[{"type":"keyDown","value":"î€‡"},{"type":"pause","duration":10},{"type":"keyUp","value":"î€‡"}]}]}
COMMAND: GET /session/3d3f7fd824ffe76093792df5eba9e1c3/screenshot - {}
RESULT: {}
RESULT: {}
COMMAND: POST /session/3d3f7fd824ffe76093792df5eba9e1c3/element - {"using":"xpath","value":"//button[contains(@data-kt, \"MasterMovementAddOverflowToolbarButton\")]"}
RESULT: {"using":"xpath","value":"//button[contains(@data-kt, \"MasterMovementAddOverflowToolbarButton\")]"}
COMMAND: POST /session/3d3f7fd824ffe76093792df5eba9e1c3/element/f.B31767EFF96F4B6690C27CBC6EB8D7D5.d.A9F492D081F55DC7CA32B47698568BC9.e.13351/click - {}
RESULT: {}
COMMAND: GET /session/3d3f7fd824ffe76093792df5eba9e1c3/screenshot - {}
RESULT: {}
COMMAND: POST /session/3d3f7fd824ffe76093792df5eba9e1c3/element - {"using":"xpath","value":"//*[@id=\"application-warehousemovements-display-component---addMovement--sectionsList-arrow\"]"}
RESULT: {"using":"xpath","value":"//*[@id=\"application-warehousemovements-display-component---addMovement--sectionsList-arrow\"]"}
COMMAND: POST /session/3d3f7fd824ffe76093792df5eba9e1c3/element/f.B31767EFF96F4B6690C27CBC6EB8D7D5.d.A9F492D081F55DC7CA32B47698568BC9.e.13474/click - {}
RESULT: {}
COMMAND: POST /session/3d3f7fd824ffe76093792df5eba9e1c3/actions - {"actions":[{"id":"action50","type":"key","parameters":{},"actions":[{"type":"keyDown","value":"î€•"},{"type":"pause","duration":10},{"type":"keyUp","value":"î€•"}]}]}
COMMAND: GET /session/3d3f7fd824ffe76093792df5eba9e1c3/screenshot - {}
RESULT: {"actions":[{"id":"action50","type":"key","parameters":{},"actions":[{"type":"keyDown","value":"î€•"},{"type":"pause","duration":10},{"type":"keyUp","value":"î€•"}]}]}
COMMAND: GET /session/3d3f7fd824ffe76093792df5eba9e1c3/screenshot - {}
RESULT: {}
RESULT: {}
COMMAND: POST /session/3d3f7fd824ffe76093792df5eba9e1c3/actions - {"actions":[{"id":"action51","type":"key","parameters":{},"actions":[{"type":"keyDown","value":"î€‡"},{"type":"pause","duration":10},{"type":"keyUp","value":"î€‡"}]}]}
RESULT: {"actions":[{"id":"action51","type":"key","parameters":{},"actions":[{"type":"keyDown","value":"î€‡"},{"type":"pause","duration":10},{"type":"keyUp","value":"î€‡"}]}]}
COMMAND: GET /session/3d3f7fd824ffe76093792df5eba9e1c3/screenshot - {}
RESULT: {}
COMMAND: POST /session/3d3f7fd824ffe76093792df5eba9e1c3/element - {"using":"xpath","value":"//*[@id=\"application-warehousemovements-display-component---addMovement--saveMovementBtn-BDI-content\" and text()=\"Save\"]"}
RESULT: {"using":"xpath","value":"//*[@id=\"application-warehousemovements-display-component---addMovement--saveMovementBtn-BDI-content\" and text()=\"Save\"]"}
COMMAND: POST /session/3d3f7fd824ffe76093792df5eba9e1c3/element/f.B31767EFF96F4B6690C27CBC6EB8D7D5.d.A9F492D081F55DC7CA32B47698568BC9.e.13475/click - {}
RESULT: {}
COMMAND: GET /session/3d3f7fd824ffe76093792df5eba9e1c3/screenshot - {}
RESULT: {}
COMMAND: POST /session/3d3f7fd824ffe76093792df5eba9e1c3/element - {"using":"css selector","value":"#shell-header-logo"}
RESULT: {"using":"css selector","value":"#shell-header-logo"}
COMMAND: POST /session/3d3f7fd824ffe76093792df5eba9e1c3/element/f.B31767EFF96F4B6690C27CBC6EB8D7D5.d.A9F492D081F55DC7CA32B47698568BC9.e.13288/click - {}
RESULT: {}
COMMAND: GET /session/3d3f7fd824ffe76093792df5eba9e1c3/screenshot - {}
RESULT: {}
]]></system-out>
    </testcase>
    <testcase classname="chrome.136_0_7103_49.windows.Create_masterdata_for_Yard_Overview_-_trigger_provide_US130988" name="Set status to defect" time="34.341">
      <system-out><![CDATA[
COMMAND: POST /session/3d3f7fd824ffe76093792df5eba9e1c3/execute/async - {"script":"<script> [1562 bytes]","args":[{"selector":{"controlType":"sap.ushell.ui.launchpad.AnchorItem","bindingPath":{"path":"/groups/3","propertyPath":"index"},"interaction":{"idSuffix":"inner"}},"wdio_ui5_key":"sapushell.ui.launchpad.AnchorItem{\"path\":\"/groups/3\",\"propertyPath\":\"index\"}"}]}
COMMAND: GET /session/3d3f7fd824ffe76093792df5eba9e1c3/screenshot - {}
RESULT: {"script":"<script> [1562 bytes]","args":[{"selector":{"controlType":"sap.ushell.ui.launchpad.AnchorItem","bindingPath":{"path":"/groups/3","propertyPath":"index"},"interaction":{"idSuffix":"inner"}},"wdio_ui5_key":"sapushell.ui.launchpad.AnchorItem{\"path\":\"/groups/3\",\"propertyPath\":\"index\"}"}]}
RESULT: undefined
RESULT: {}
COMMAND: POST /session/3d3f7fd824ffe76093792df5eba9e1c3/execute/async - {"script":"<script> [1562 bytes]","args":[{"selector":{"controlType":"sap.m.GenericTile","properties":{"header":"Manage States & Performance"}},"wdio_ui5_key":"sapm.GenericTile{\"header\":\"Manage States & Performance\"}"}]}
RESULT: {"script":"<script> [1562 bytes]","args":[{"selector":{"controlType":"sap.m.GenericTile","properties":{"header":"Manage States & Performance"}},"wdio_ui5_key":"sapm.GenericTile{\"header\":\"Manage States & Performance\"}"}]}
RESULT: undefined
COMMAND: POST /session/3d3f7fd824ffe76093792df5eba9e1c3/elements - {"using":"xpath","value":"//span[text()='Error']"}
RESULT: {"using":"xpath","value":"//span[text()='Error']"}
COMMAND: POST /session/3d3f7fd824ffe76093792df5eba9e1c3/execute/async - {"script":"<script> [1562 bytes]","args":[{"selector":{"controlType":"sap.ui.core.Icon","viewName":"etm.portal.ui.managestatesandperformance.view.Master","viewId":"application-managestatesandperformance-display-component---stateAndPerform","properties":{"src":{"regex":{"source":"inventory"}}}},"wdio_ui5_key":"etmportal.ui.managestatesandperformance.view.Mastersap.ui.core.Icon{\"src\":{\"regex\":{\"source\":\"inventory\"}}}"}]}
RESULT: {"script":"<script> [1562 bytes]","args":[{"selector":{"controlType":"sap.ui.core.Icon","viewName":"etm.portal.ui.managestatesandperformance.view.Master","viewId":"application-managestatesandperformance-display-component---stateAndPerform","properties":{"src":{"regex":{"source":"inventory"}}}},"wdio_ui5_key":"etmportal.ui.managestatesandperformance.view.Mastersap.ui.core.Icon{\"src\":{\"regex\":{\"source\":\"inventory\"}}}"}]}
RESULT: undefined
COMMAND: POST /session/3d3f7fd824ffe76093792df5eba9e1c3/execute/async - {"script":"<script> [1562 bytes]","args":[{"selector":{"id":"application-managestatesandperformance-display-component---stateAndPerform--smartFilterBarYard-btnBasicSearch","interaction":{"idSuffix":"I"}},"wdio_ui5_key":"applicationmanagestatesandperformance-display-component---stateAndPerform--smartFilterBarYard-btnBasicSearch"}]}
RESULT: {"script":"<script> [1562 bytes]","args":[{"selector":{"id":"application-managestatesandperformance-display-component---stateAndPerform--smartFilterBarYard-btnBasicSearch","interaction":{"idSuffix":"I"}},"wdio_ui5_key":"applicationmanagestatesandperformance-display-component---stateAndPerform--smartFilterBarYard-btnBasicSearch"}]}
RESULT: undefined
COMMAND: POST /session/3d3f7fd824ffe76093792df5eba9e1c3/execute/async - {"script":"<script> [1562 bytes]","args":[{"selector":{"controlType":"sap.m.ColumnListItem","viewName":"etm.portal.ui.managestatesandperformance.view.Master","viewId":"application-managestatesandperformance-display-component---stateAndPerform","properties":{"type":"Navigation"},"interaction":{"idSuffix":"cell0"}},"wdio_ui5_key":"etmportal.ui.managestatesandperformance.view.Mastersap.m.ColumnListItem{\"type\":\"Navigation\"}"}]}
RESULT: {"script":"<script> [1562 bytes]","args":[{"selector":{"controlType":"sap.m.ColumnListItem","viewName":"etm.portal.ui.managestatesandperformance.view.Master","viewId":"application-managestatesandperformance-display-component---stateAndPerform","properties":{"type":"Navigation"},"interaction":{"idSuffix":"cell0"}},"wdio_ui5_key":"etmportal.ui.managestatesandperformance.view.Mastersap.m.ColumnListItem{\"type\":\"Navigation\"}"}]}
RESULT: undefined
COMMAND: POST /session/3d3f7fd824ffe76093792df5eba9e1c3/execute/async - {"script":"<script> [1562 bytes]","args":[{"selector":{"controlType":"sap.m.Button","viewName":"etm.portal.ui.managestatesandperformance.view.Detail","viewId":"application-managestatesandperformance-display-component---detailStateAndPerform","i18NText":{"propertyName":"text","key":"createStateChange"},"interaction":{"idSuffix":"content"}},"wdio_ui5_key":"etmportal.ui.managestatesandperformance.view.Detailsap.m.Button{\"propertyName\":\"text\",\"key\":\"createStateChange\"}"}]}
RESULT: {"script":"<script> [1562 bytes]","args":[{"selector":{"controlType":"sap.m.Button","viewName":"etm.portal.ui.managestatesandperformance.view.Detail","viewId":"application-managestatesandperformance-display-component---detailStateAndPerform","i18NText":{"propertyName":"text","key":"createStateChange"},"interaction":{"idSuffix":"content"}},"wdio_ui5_key":"etmportal.ui.managestatesandperformance.view.Detailsap.m.Button{\"propertyName\":\"text\",\"key\":\"createStateChange\"}"}]}
RESULT: undefined
COMMAND: POST /session/3d3f7fd824ffe76093792df5eba9e1c3/execute/async - {"script":"<script> [1562 bytes]","args":[{"selector":{"id":"addStateDialog--stateSelect","searchOpenDialogs":true,"interaction":{"idSuffix":"arrow"}},"wdio_ui5_key":"addStateDialogstateSelect"}]}
RESULT: {"script":"<script> [1562 bytes]","args":[{"selector":{"id":"addStateDialog--stateSelect","searchOpenDialogs":true,"interaction":{"idSuffix":"arrow"}},"wdio_ui5_key":"addStateDialogstateSelect"}]}
RESULT: undefined
COMMAND: POST /session/3d3f7fd824ffe76093792df5eba9e1c3/execute/async - {"script":"<script> [1562 bytes]","args":[{"selector":{"controlType":"sap.ui.core.Item","viewName":"etm.portal.ui.managestatesandperformance.view.Detail","viewId":"application-managestatesandperformance-display-component---detailStateAndPerform","bindingPath":{"path":"/StateTypes(70)","propertyPath":"STATE","modelName":"catalogModel"},"searchOpenDialogs":true},"wdio_ui5_key":"etmportal.ui.managestatesandperformance.view.Detailsap.ui.core.Item{\"path\":\"/StateTypes(70)\",\"propertyPath\":\"STATE\",\"modelName\":\"catalogModel\"}"}]}
RESULT: {"script":"<script> [1562 bytes]","args":[{"selector":{"controlType":"sap.ui.core.Item","viewName":"etm.portal.ui.managestatesandperformance.view.Detail","viewId":"application-managestatesandperformance-display-component---detailStateAndPerform","bindingPath":{"path":"/StateTypes(70)","propertyPath":"STATE","modelName":"catalogModel"},"searchOpenDialogs":true},"wdio_ui5_key":"etmportal.ui.managestatesandperformance.view.Detailsap.ui.core.Item{\"path\":\"/StateTypes(70)\",\"propertyPath\":\"STATE\",\"modelName\":\"catalogModel\"}"}]}
RESULT: undefined
COMMAND: POST /session/3d3f7fd824ffe76093792df5eba9e1c3/execute/async - {"script":"<script> [1562 bytes]","args":[{"selector":{"controlType":"sap.m.NumericInput","viewName":"etm.portal.ui.managestatesandperformance.view.Detail","viewId":"application-managestatesandperformance-display-component---detailStateAndPerform","properties":{"value":"0"},"searchOpenDialogs":true,"interaction":{"idSuffix":"inner"}},"wdio_ui5_key":"etmportal.ui.managestatesandperformance.view.Detailsap.m.NumericInput{\"value\":\"0\"}"}]}
RESULT: {"script":"<script> [1562 bytes]","args":[{"selector":{"controlType":"sap.m.NumericInput","viewName":"etm.portal.ui.managestatesandperformance.view.Detail","viewId":"application-managestatesandperformance-display-component---detailStateAndPerform","properties":{"value":"0"},"searchOpenDialogs":true,"interaction":{"idSuffix":"inner"}},"wdio_ui5_key":"etmportal.ui.managestatesandperformance.view.Detailsap.m.NumericInput{\"value\":\"0\"}"}]}
RESULT: undefined
COMMAND: POST /session/3d3f7fd824ffe76093792df5eba9e1c3/execute/async - {"script":"<script> [1562 bytes]","args":[{"selector":{"controlType":"sap.m.Button","viewName":"etm.portal.ui.managestatesandperformance.view.Detail","viewId":"application-managestatesandperformance-display-component---detailStateAndPerform","i18NText":{"propertyName":"text","key":"save"},"searchOpenDialogs":true,"interaction":{"idSuffix":"BDI-content"}},"wdio_ui5_key":"etmportal.ui.managestatesandperformance.view.Detailsap.m.Button{\"propertyName\":\"text\",\"key\":\"save\"}"}]}
RESULT: {"script":"<script> [1562 bytes]","args":[{"selector":{"controlType":"sap.m.Button","viewName":"etm.portal.ui.managestatesandperformance.view.Detail","viewId":"application-managestatesandperformance-display-component---detailStateAndPerform","i18NText":{"propertyName":"text","key":"save"},"searchOpenDialogs":true,"interaction":{"idSuffix":"BDI-content"}},"wdio_ui5_key":"etmportal.ui.managestatesandperformance.view.Detailsap.m.Button{\"propertyName\":\"text\",\"key\":\"save\"}"}]}
RESULT: undefined
COMMAND: POST /session/3d3f7fd824ffe76093792df5eba9e1c3/element - {"using":"css selector","value":"#shell-header-logo"}
RESULT: {"using":"css selector","value":"#shell-header-logo"}
COMMAND: POST /session/3d3f7fd824ffe76093792df5eba9e1c3/element/f.B31767EFF96F4B6690C27CBC6EB8D7D5.d.A9F492D081F55DC7CA32B47698568BC9.e.13543/click - {}
RESULT: {}
COMMAND: GET /session/3d3f7fd824ffe76093792df5eba9e1c3/screenshot - {}
RESULT: {}
]]></system-out>
    </testcase>
  </testsuite>
  <testsuite timestamp="2025-05-13T17:19:48" time="506.718" tests="7" failures="3" errors="3" skipped="0">
    <properties>
      <property name="specId" value="0" />
      <property name="suiteName" value="Transfer Yard to Yard US131076" />
      <property name="capabilities" value="chrome.136_0_7103_49.windows" />
      <property name="file" value="file:///D:/a/1/s/test/specs/HTR/transfer-yard-to-yard.spec.js" />
    </properties>
    <testcase classname="chrome.136_0_7103_49.windows.Transfer_Yard_to_Yard_US131076" name="Should create a new yard" time="0.011">
      <system-out><![CDATA[
COMMAND: POST /session/3d3f7fd824ffe76093792df5eba9e1c3/window/fullscreen - {}
RESULT: {}
]]></system-out>
    </testcase>
    <testcase classname="chrome.136_0_7103_49.windows.Transfer_Yard_to_Yard_US131076" name="Should create a new 2nd yard" time="104.996">
      <system-out><![CDATA[
COMMAND: POST /session/3d3f7fd824ffe76093792df5eba9e1c3/window/fullscreen - {}
RESULT: {}
COMMAND: POST /session/3d3f7fd824ffe76093792df5eba9e1c3/execute/async - {"script":"<script> [1562 bytes]","args":[{"selector":{"controlType":"sap.m.GenericTile","properties":{"header":"Manage Yards"}},"wdio_ui5_key":"sapm.GenericTile{\"header\":\"Manage Yards\"}"}]}
RESULT: {"script":"<script> [1562 bytes]","args":[{"selector":{"controlType":"sap.m.GenericTile","properties":{"header":"Manage Yards"}},"wdio_ui5_key":"sapm.GenericTile{\"header\":\"Manage Yards\"}"}]}
RESULT: undefined
COMMAND: POST /session/3d3f7fd824ffe76093792df5eba9e1c3/element - {"using":"xpath","value":"//*[@id=\"__tile33\"]"}
RESULT: {"using":"xpath","value":"//*[@id=\"__tile33\"]"}
COMMAND: POST /session/3d3f7fd824ffe76093792df5eba9e1c3/element/f.B31767EFF96F4B6690C27CBC6EB8D7D5.d.22187429356C711370BCC8A557A7C130.e.14465/click - {}
RESULT: {}
COMMAND: POST /session/3d3f7fd824ffe76093792df5eba9e1c3/element - {"using":"xpath","value":"//button[@data-kt=\"addNewYardOverflowToolbarButton\"]"}
COMMAND: GET /session/3d3f7fd824ffe76093792df5eba9e1c3/screenshot - {}
RESULT: {"using":"xpath","value":"//button[@data-kt=\"addNewYardOverflowToolbarButton\"]"}
COMMAND: POST /session/3d3f7fd824ffe76093792df5eba9e1c3/elements - {"using":"xpath","value":"//button[@data-kt=\"addNewYardOverflowToolbarButton\"]"}
RESULT: {}
RESULT: {"using":"xpath","value":"//button[@data-kt=\"addNewYardOverflowToolbarButton\"]"}
COMMAND: POST /session/3d3f7fd824ffe76093792df5eba9e1c3/elements - {"using":"xpath","value":"//button[@data-kt=\"addNewYardOverflowToolbarButton\"]"}
RESULT: {"using":"xpath","value":"//button[@data-kt=\"addNewYardOverflowToolbarButton\"]"}
COMMAND: POST /session/3d3f7fd824ffe76093792df5eba9e1c3/elements - {"using":"xpath","value":"//button[@data-kt=\"addNewYardOverflowToolbarButton\"]"}
RESULT: {"using":"xpath","value":"//button[@data-kt=\"addNewYardOverflowToolbarButton\"]"}
COMMAND: POST /session/3d3f7fd824ffe76093792df5eba9e1c3/elements - {"using":"xpath","value":"//button[@data-kt=\"addNewYardOverflowToolbarButton\"]"}
RESULT: {"using":"xpath","value":"//button[@data-kt=\"addNewYardOverflowToolbarButton\"]"}
COMMAND: POST /session/3d3f7fd824ffe76093792df5eba9e1c3/elements - {"using":"xpath","value":"//button[@data-kt=\"addNewYardOverflowToolbarButton\"]"}
RESULT: {"using":"xpath","value":"//button[@data-kt=\"addNewYardOverflowToolbarButton\"]"}
COMMAND: POST /session/3d3f7fd824ffe76093792df5eba9e1c3/elements - {"using":"xpath","value":"//button[@data-kt=\"addNewYardOverflowToolbarButton\"]"}
RESULT: {"using":"xpath","value":"//button[@data-kt=\"addNewYardOverflowToolbarButton\"]"}
COMMAND: POST /session/3d3f7fd824ffe76093792df5eba9e1c3/elements - {"using":"xpath","value":"//button[@data-kt=\"addNewYardOverflowToolbarButton\"]"}
RESULT: {"using":"xpath","value":"//button[@data-kt=\"addNewYardOverflowToolbarButton\"]"}
COMMAND: POST /session/3d3f7fd824ffe76093792df5eba9e1c3/elements - {"using":"xpath","value":"//button[@data-kt=\"addNewYardOverflowToolbarButton\"]"}
RESULT: {"using":"xpath","value":"//button[@data-kt=\"addNewYardOverflowToolbarButton\"]"}
COMMAND: POST /session/3d3f7fd824ffe76093792df5eba9e1c3/elements - {"using":"xpath","value":"//button[@data-kt=\"addNewYardOverflowToolbarButton\"]"}
RESULT: {"using":"xpath","value":"//button[@data-kt=\"addNewYardOverflowToolbarButton\"]"}
COMMAND: POST /session/3d3f7fd824ffe76093792df5eba9e1c3/elements - {"using":"xpath","value":"//button[@data-kt=\"addNewYardOverflowToolbarButton\"]"}
RESULT: {"using":"xpath","value":"//button[@data-kt=\"addNewYardOverflowToolbarButton\"]"}
COMMAND: POST /session/3d3f7fd824ffe76093792df5eba9e1c3/elements - {"using":"xpath","value":"//button[@data-kt=\"addNewYardOverflowToolbarButton\"]"}
RESULT: {"using":"xpath","value":"//button[@data-kt=\"addNewYardOverflowToolbarButton\"]"}
COMMAND: POST /session/3d3f7fd824ffe76093792df5eba9e1c3/elements - {"using":"xpath","value":"//button[@data-kt=\"addNewYardOverflowToolbarButton\"]"}
RESULT: {"using":"xpath","value":"//button[@data-kt=\"addNewYardOverflowToolbarButton\"]"}
COMMAND: POST /session/3d3f7fd824ffe76093792df5eba9e1c3/elements - {"using":"xpath","value":"//button[@data-kt=\"addNewYardOverflowToolbarButton\"]"}
RESULT: {"using":"xpath","value":"//button[@data-kt=\"addNewYardOverflowToolbarButton\"]"}
COMMAND: POST /session/3d3f7fd824ffe76093792df5eba9e1c3/elements - {"using":"xpath","value":"//button[@data-kt=\"addNewYardOverflowToolbarButton\"]"}
RESULT: {"using":"xpath","value":"//button[@data-kt=\"addNewYardOverflowToolbarButton\"]"}
COMMAND: POST /session/3d3f7fd824ffe76093792df5eba9e1c3/elements - {"using":"xpath","value":"//button[@data-kt=\"addNewYardOverflowToolbarButton\"]"}
RESULT: {"using":"xpath","value":"//button[@data-kt=\"addNewYardOverflowToolbarButton\"]"}
COMMAND: POST /session/3d3f7fd824ffe76093792df5eba9e1c3/elements - {"using":"xpath","value":"//button[@data-kt=\"addNewYardOverflowToolbarButton\"]"}
RESULT: {"using":"xpath","value":"//button[@data-kt=\"addNewYardOverflowToolbarButton\"]"}
COMMAND: POST /session/3d3f7fd824ffe76093792df5eba9e1c3/elements - {"using":"xpath","value":"//button[@data-kt=\"addNewYardOverflowToolbarButton\"]"}
RESULT: {"using":"xpath","value":"//button[@data-kt=\"addNewYardOverflowToolbarButton\"]"}
COMMAND: POST /session/3d3f7fd824ffe76093792df5eba9e1c3/elements - {"using":"xpath","value":"//button[@data-kt=\"addNewYardOverflowToolbarButton\"]"}
RESULT: {"using":"xpath","value":"//button[@data-kt=\"addNewYardOverflowToolbarButton\"]"}
COMMAND: POST /session/3d3f7fd824ffe76093792df5eba9e1c3/elements - {"using":"xpath","value":"//button[@data-kt=\"addNewYardOverflowToolbarButton\"]"}
RESULT: {"using":"xpath","value":"//button[@data-kt=\"addNewYardOverflowToolbarButton\"]"}
COMMAND: POST /session/3d3f7fd824ffe76093792df5eba9e1c3/elements - {"using":"xpath","value":"//button[@data-kt=\"addNewYardOverflowToolbarButton\"]"}
RESULT: {"using":"xpath","value":"//button[@data-kt=\"addNewYardOverflowToolbarButton\"]"}
COMMAND: POST /session/3d3f7fd824ffe76093792df5eba9e1c3/elements - {"using":"xpath","value":"//button[@data-kt=\"addNewYardOverflowToolbarButton\"]"}
RESULT: {"using":"xpath","value":"//button[@data-kt=\"addNewYardOverflowToolbarButton\"]"}
COMMAND: POST /session/3d3f7fd824ffe76093792df5eba9e1c3/element - {"using":"xpath","value":"//button[@data-kt=\"addNewYardOverflowToolbarButton\"]"}
RESULT: {"using":"xpath","value":"//button[@data-kt=\"addNewYardOverflowToolbarButton\"]"}
COMMAND: POST /session/3d3f7fd824ffe76093792df5eba9e1c3/execute/sync - {"script":"<script> [8489 bytes]","args":[{"element-6066-11e4-a52e-4f735466cecf":"f.B31767EFF96F4B6690C27CBC6EB8D7D5.d.22187429356C711370BCC8A557A7C130.e.14586","ELEMENT":"f.B31767EFF96F4B6690C27CBC6EB8D7D5.d.22187429356C711370BCC8A557A7C130.e.14586"}]}
RESULT: {"script":"<script> [8489 bytes]","args":[{"element-6066-11e4-a52e-4f735466cecf":"f.B31767EFF96F4B6690C27CBC6EB8D7D5.d.22187429356C711370BCC8A557A7C130.e.14586","ELEMENT":"f.B31767EFF96F4B6690C27CBC6EB8D7D5.d.22187429356C711370BCC8A557A7C130.e.14586"}]}
COMMAND: GET /session/3d3f7fd824ffe76093792df5eba9e1c3/element/f.B31767EFF96F4B6690C27CBC6EB8D7D5.d.22187429356C711370BCC8A557A7C130.e.14586/enabled - {}
COMMAND: GET /session/3d3f7fd824ffe76093792df5eba9e1c3/screenshot - {}
RESULT: {}
COMMAND: POST /session/3d3f7fd824ffe76093792df5eba9e1c3/execute/sync - {"script":"<script> [8489 bytes]","args":[{"element-6066-11e4-a52e-4f735466cecf":"f.B31767EFF96F4B6690C27CBC6EB8D7D5.d.22187429356C711370BCC8A557A7C130.e.14586","ELEMENT":"f.B31767EFF96F4B6690C27CBC6EB8D7D5.d.22187429356C711370BCC8A557A7C130.e.14586"}]}
COMMAND: GET /session/3d3f7fd824ffe76093792df5eba9e1c3/screenshot - {}
RESULT: {}
RESULT: {"script":"<script> [8489 bytes]","args":[{"element-6066-11e4-a52e-4f735466cecf":"f.B31767EFF96F4B6690C27CBC6EB8D7D5.d.22187429356C711370BCC8A557A7C130.e.14586","ELEMENT":"f.B31767EFF96F4B6690C27CBC6EB8D7D5.d.22187429356C711370BCC8A557A7C130.e.14586"}]}
COMMAND: POST /session/3d3f7fd824ffe76093792df5eba9e1c3/execute/sync - {"script":"<script> [5351 bytes]","args":[{"element-6066-11e4-a52e-4f735466cecf":"f.B31767EFF96F4B6690C27CBC6EB8D7D5.d.22187429356C711370BCC8A557A7C130.e.14586","ELEMENT":"f.B31767EFF96F4B6690C27CBC6EB8D7D5.d.22187429356C711370BCC8A557A7C130.e.14586"}]}
COMMAND: GET /session/3d3f7fd824ffe76093792df5eba9e1c3/screenshot - {}
RESULT: {}
RESULT: {"script":"<script> [5351 bytes]","args":[{"element-6066-11e4-a52e-4f735466cecf":"f.B31767EFF96F4B6690C27CBC6EB8D7D5.d.22187429356C711370BCC8A557A7C130.e.14586","ELEMENT":"f.B31767EFF96F4B6690C27CBC6EB8D7D5.d.22187429356C711370BCC8A557A7C130.e.14586"}]}
COMMAND: POST /session/3d3f7fd824ffe76093792df5eba9e1c3/element/f.B31767EFF96F4B6690C27CBC6EB8D7D5.d.22187429356C711370BCC8A557A7C130.e.14586/click - {}
COMMAND: GET /session/3d3f7fd824ffe76093792df5eba9e1c3/screenshot - {}
RESULT: {}
RESULT: {}
COMMAND: GET /session/3d3f7fd824ffe76093792df5eba9e1c3/screenshot - {}
RESULT: {}
COMMAND: POST /session/3d3f7fd824ffe76093792df5eba9e1c3/element - {"using":"xpath","value":"//input[@id=\"application-manageyards-display-component---NewYard--yardId-inner\"]"}
RESULT: {}
RESULT: {"using":"xpath","value":"//input[@id=\"application-manageyards-display-component---NewYard--yardId-inner\"]"}
COMMAND: POST /session/3d3f7fd824ffe76093792df5eba9e1c3/element - {"using":"xpath","value":"//input[@id=\"application-manageyards-display-component---NewYard--yardId-inner\"]"}
RESULT: {"using":"xpath","value":"//input[@id=\"application-manageyards-display-component---NewYard--yardId-inner\"]"}
COMMAND: POST /session/3d3f7fd824ffe76093792df5eba9e1c3/execute/async - {"script":"<script> [1562 bytes]","args":[{"selector":{"id":"application-manageyards-display-component---NewYard--addressDetailDetailsName1","interaction":{"idSuffix":"inner"}},"wdio_ui5_key":"applicationmanageyards-display-component---NewYard--addressDetailDetailsName1"}]}
RESULT: {"script":"<script> [1562 bytes]","args":[{"selector":{"id":"application-manageyards-display-component---NewYard--addressDetailDetailsName1","interaction":{"idSuffix":"inner"}},"wdio_ui5_key":"applicationmanageyards-display-component---NewYard--addressDetailDetailsName1"}]}
RESULT: undefined
COMMAND: POST /session/3d3f7fd824ffe76093792df5eba9e1c3/execute/async - {"script":"<script> [776 bytes]","args":[{"enterText":"Intracompany Yard wdIO","selector":{"id":"application-manageyards-display-component---NewYard--addressDetailDetailsName1","interaction":{"idSuffix":"inner"}},"clearTextFirst":true,"interactionType":"ENTER_TEXT"}]}
RESULT: {"script":"<script> [776 bytes]","args":[{"enterText":"Intracompany Yard wdIO","selector":{"id":"application-manageyards-display-component---NewYard--addressDetailDetailsName1","interaction":{"idSuffix":"inner"}},"clearTextFirst":true,"interactionType":"ENTER_TEXT"}]}
COMMAND: POST /session/3d3f7fd824ffe76093792df5eba9e1c3/execute/async - {"script":"<script> [1562 bytes]","args":[{"selector":{"id":"application-manageyards-display-component---NewYard--addressDetailDetailsLanguage-arrow"},"wdio_ui5_key":"applicationmanageyards-display-component---NewYard--addressDetailDetailsLanguage-arrow"}]}
RESULT: {"script":"<script> [1562 bytes]","args":[{"selector":{"id":"application-manageyards-display-component---NewYard--addressDetailDetailsLanguage-arrow"},"wdio_ui5_key":"applicationmanageyards-display-component---NewYard--addressDetailDetailsLanguage-arrow"}]}
RESULT: undefined
COMMAND: POST /session/3d3f7fd824ffe76093792df5eba9e1c3/element - {"using":"xpath","value":"//*[@id=\"application-manageyards-display-component---NewYard--addressDetailDetailsLanguage-arrow\"]"}
RESULT: {"using":"xpath","value":"//*[@id=\"application-manageyards-display-component---NewYard--addressDetailDetailsLanguage-arrow\"]"}
COMMAND: POST /session/3d3f7fd824ffe76093792df5eba9e1c3/element/f.B31767EFF96F4B6690C27CBC6EB8D7D5.d.22187429356C711370BCC8A557A7C130.e.15035/click - {}
RESULT: {}
COMMAND: POST /session/3d3f7fd824ffe76093792df5eba9e1c3/element - {"using":"xpath","value":"//span[contains(text(), \"English\")]"}
COMMAND: GET /session/3d3f7fd824ffe76093792df5eba9e1c3/screenshot - {}
RESULT: {"using":"xpath","value":"//span[contains(text(), \"English\")]"}
COMMAND: POST /session/3d3f7fd824ffe76093792df5eba9e1c3/element/f.B31767EFF96F4B6690C27CBC6EB8D7D5.d.22187429356C711370BCC8A557A7C130.e.15036/click - {}
RESULT: {}
RESULT: {}
COMMAND: POST /session/3d3f7fd824ffe76093792df5eba9e1c3/execute/async - {"script":"<script> [1562 bytes]","args":[{"selector":{"id":"application-manageyards-display-component---NewYard--addressDetailDetailsCity1","interaction":{"idSuffix":"inner"}},"wdio_ui5_key":"applicationmanageyards-display-component---NewYard--addressDetailDetailsCity1"}]}
COMMAND: GET /session/3d3f7fd824ffe76093792df5eba9e1c3/screenshot - {}
RESULT: {"script":"<script> [1562 bytes]","args":[{"selector":{"id":"application-manageyards-display-component---NewYard--addressDetailDetailsCity1","interaction":{"idSuffix":"inner"}},"wdio_ui5_key":"applicationmanageyards-display-component---NewYard--addressDetailDetailsCity1"}]}
RESULT: undefined
COMMAND: POST /session/3d3f7fd824ffe76093792df5eba9e1c3/execute/async - {"script":"<script> [776 bytes]","args":[{"enterText":"Rosario","selector":{"id":"application-manageyards-display-component---NewYard--addressDetailDetailsCity1","interaction":{"idSuffix":"inner"}},"clearTextFirst":true,"interactionType":"ENTER_TEXT"}]}
RESULT: {}
RESULT: {"script":"<script> [776 bytes]","args":[{"enterText":"Rosario","selector":{"id":"application-manageyards-display-component---NewYard--addressDetailDetailsCity1","interaction":{"idSuffix":"inner"}},"clearTextFirst":true,"interactionType":"ENTER_TEXT"}]}
COMMAND: POST /session/3d3f7fd824ffe76093792df5eba9e1c3/execute/async - {"script":"<script> [1562 bytes]","args":[{"selector":{"id":"application-manageyards-display-component---NewYard--addressDetailDetailsCountry-arrow"},"wdio_ui5_key":"applicationmanageyards-display-component---NewYard--addressDetailDetailsCountry-arrow"}]}
RESULT: {"script":"<script> [1562 bytes]","args":[{"selector":{"id":"application-manageyards-display-component---NewYard--addressDetailDetailsCountry-arrow"},"wdio_ui5_key":"applicationmanageyards-display-component---NewYard--addressDetailDetailsCountry-arrow"}]}
RESULT: undefined
COMMAND: POST /session/3d3f7fd824ffe76093792df5eba9e1c3/element - {"using":"xpath","value":"//*[@id=\"application-manageyards-display-component---NewYard--addressDetailDetailsCountry-arrow\"]"}
RESULT: {"using":"xpath","value":"//*[@id=\"application-manageyards-display-component---NewYard--addressDetailDetailsCountry-arrow\"]"}
COMMAND: POST /session/3d3f7fd824ffe76093792df5eba9e1c3/element/f.B31767EFF96F4B6690C27CBC6EB8D7D5.d.22187429356C711370BCC8A557A7C130.e.15038/click - {}
RESULT: {}
COMMAND: POST /session/3d3f7fd824ffe76093792df5eba9e1c3/element - {"using":"xpath","value":"//span[contains(text(), \"Argentina\")]"}
COMMAND: GET /session/3d3f7fd824ffe76093792df5eba9e1c3/screenshot - {}
RESULT: {"using":"xpath","value":"//span[contains(text(), \"Argentina\")]"}
COMMAND: POST /session/3d3f7fd824ffe76093792df5eba9e1c3/element/f.B31767EFF96F4B6690C27CBC6EB8D7D5.d.22187429356C711370BCC8A557A7C130.e.15039/click - {}
RESULT: {}
RESULT: {}
COMMAND: POST /session/3d3f7fd824ffe76093792df5eba9e1c3/execute/async - {"script":"<script> [1562 bytes]","args":[{"selector":{"id":"application-manageyards-display-component---NewYard--addressEditDetailsCostObjectCstType-arrow"},"wdio_ui5_key":"applicationmanageyards-display-component---NewYard--addressEditDetailsCostObjectCstType-arrow"}]}
COMMAND: GET /session/3d3f7fd824ffe76093792df5eba9e1c3/screenshot - {}
RESULT: {"script":"<script> [1562 bytes]","args":[{"selector":{"id":"application-manageyards-display-component---NewYard--addressEditDetailsCostObjectCstType-arrow"},"wdio_ui5_key":"applicationmanageyards-display-component---NewYard--addressEditDetailsCostObjectCstType-arrow"}]}
RESULT: undefined
COMMAND: POST /session/3d3f7fd824ffe76093792df5eba9e1c3/element - {"using":"xpath","value":"//*[@id=\"application-manageyards-display-component---NewYard--addressEditDetailsCostObjectCstType-arrow\"]"}
RESULT: {}
RESULT: {"using":"xpath","value":"//*[@id=\"application-manageyards-display-component---NewYard--addressEditDetailsCostObjectCstType-arrow\"]"}
COMMAND: POST /session/3d3f7fd824ffe76093792df5eba9e1c3/element/f.B31767EFF96F4B6690C27CBC6EB8D7D5.d.22187429356C711370BCC8A557A7C130.e.15041/click - {}
RESULT: {}
COMMAND: POST /session/3d3f7fd824ffe76093792df5eba9e1c3/element - {"using":"xpath","value":"//span[contains(text(), \"Cost Center\")]"}
COMMAND: GET /session/3d3f7fd824ffe76093792df5eba9e1c3/screenshot - {}
RESULT: {"using":"xpath","value":"//span[contains(text(), \"Cost Center\")]"}
COMMAND: POST /session/3d3f7fd824ffe76093792df5eba9e1c3/element/f.B31767EFF96F4B6690C27CBC6EB8D7D5.d.22187429356C711370BCC8A557A7C130.e.15042/click - {}
RESULT: {}
RESULT: {}
COMMAND: GET /session/3d3f7fd824ffe76093792df5eba9e1c3/screenshot - {}
RESULT: {}
COMMAND: POST /session/3d3f7fd824ffe76093792df5eba9e1c3/element - {"using":"xpath","value":"//span[@id=\"application-manageyards-display-component---NewYard--addressNewCostObjectCstID-vhi\"]"}
RESULT: {"using":"xpath","value":"//span[@id=\"application-manageyards-display-component---NewYard--addressNewCostObjectCstID-vhi\"]"}
COMMAND: POST /session/3d3f7fd824ffe76093792df5eba9e1c3/execute/sync - {"script":"<script> [8489 bytes]","args":[{"element-6066-11e4-a52e-4f735466cecf":"f.B31767EFF96F4B6690C27CBC6EB8D7D5.d.22187429356C711370BCC8A557A7C130.e.15046","ELEMENT":"f.B31767EFF96F4B6690C27CBC6EB8D7D5.d.22187429356C711370BCC8A557A7C130.e.15046"}]}
RESULT: {"script":"<script> [8489 bytes]","args":[{"element-6066-11e4-a52e-4f735466cecf":"f.B31767EFF96F4B6690C27CBC6EB8D7D5.d.22187429356C711370BCC8A557A7C130.e.15046","ELEMENT":"f.B31767EFF96F4B6690C27CBC6EB8D7D5.d.22187429356C711370BCC8A557A7C130.e.15046"}]}
COMMAND: POST /session/3d3f7fd824ffe76093792df5eba9e1c3/execute/async - {"script":"<script> [1562 bytes]","args":[{"selector":{"id":"application-manageyards-display-component---NewYard--addressNewCostObjectCstID-vhi"},"wdio_ui5_key":"applicationmanageyards-display-component---NewYard--addressNewCostObjectCstID-vhi"}]}
COMMAND: GET /session/3d3f7fd824ffe76093792df5eba9e1c3/screenshot - {}
RESULT: {"script":"<script> [1562 bytes]","args":[{"selector":{"id":"application-manageyards-display-component---NewYard--addressNewCostObjectCstID-vhi"},"wdio_ui5_key":"applicationmanageyards-display-component---NewYard--addressNewCostObjectCstID-vhi"}]}
RESULT: undefined
COMMAND: POST /session/3d3f7fd824ffe76093792df5eba9e1c3/element - {"using":"xpath","value":"//*[@id=\"application-manageyards-display-component---NewYard--addressNewCostObjectCstID-vhi\"]"}
RESULT: {}
RESULT: {"using":"xpath","value":"//*[@id=\"application-manageyards-display-component---NewYard--addressNewCostObjectCstID-vhi\"]"}
COMMAND: POST /session/3d3f7fd824ffe76093792df5eba9e1c3/element/f.B31767EFF96F4B6690C27CBC6EB8D7D5.d.22187429356C711370BCC8A557A7C130.e.15046/click - {}
RESULT: {}
COMMAND: GET /session/3d3f7fd824ffe76093792df5eba9e1c3/screenshot - {}
RESULT: {}
COMMAND: POST /session/3d3f7fd824ffe76093792df5eba9e1c3/execute/async - {"script":"<script> [1562 bytes]","args":[{"selector":{"controlType":"sap.m.SearchField","properties":{"placeholder":"Search"},"searchOpenDialogs":true,"interaction":{"idSuffix":"I"}},"wdio_ui5_key":"sapm.SearchField{\"placeholder\":\"Search\"}"}]}
RESULT: {"script":"<script> [1562 bytes]","args":[{"selector":{"controlType":"sap.m.SearchField","properties":{"placeholder":"Search"},"searchOpenDialogs":true,"interaction":{"idSuffix":"I"}},"wdio_ui5_key":"sapm.SearchField{\"placeholder\":\"Search\"}"}]}
RESULT: undefined
COMMAND: POST /session/3d3f7fd824ffe76093792df5eba9e1c3/execute/async - {"script":"<script> [776 bytes]","args":[{"enterText":"10001013","selector":{"controlType":"sap.m.SearchField","properties":{"placeholder":"Search"},"searchOpenDialogs":true,"interaction":{"idSuffix":"I"}},"clearTextFirst":true,"interactionType":"ENTER_TEXT"}]}
RESULT: {"script":"<script> [776 bytes]","args":[{"enterText":"10001013","selector":{"controlType":"sap.m.SearchField","properties":{"placeholder":"Search"},"searchOpenDialogs":true,"interaction":{"idSuffix":"I"}},"clearTextFirst":true,"interactionType":"ENTER_TEXT"}]}
COMMAND: POST /session/3d3f7fd824ffe76093792df5eba9e1c3/actions - {"actions":[{"id":"action52","type":"key","parameters":{},"actions":[{"type":"keyDown","value":"î€‡"},{"type":"pause","duration":10},{"type":"keyUp","value":"î€‡"}]}]}
RESULT: {"actions":[{"id":"action52","type":"key","parameters":{},"actions":[{"type":"keyDown","value":"î€‡"},{"type":"pause","duration":10},{"type":"keyUp","value":"î€‡"}]}]}
COMMAND: GET /session/3d3f7fd824ffe76093792df5eba9e1c3/screenshot - {}
RESULT: {}
COMMAND: POST /session/3d3f7fd824ffe76093792df5eba9e1c3/element - {"using":"xpath","value":"//span[contains(text(), \"General Management\")]"}
RESULT: {"using":"xpath","value":"//span[contains(text(), \"General Management\")]"}
COMMAND: POST /session/3d3f7fd824ffe76093792df5eba9e1c3/element/f.B31767EFF96F4B6690C27CBC6EB8D7D5.d.22187429356C711370BCC8A557A7C130.e.15086/click - {}
RESULT: {}
COMMAND: GET /session/3d3f7fd824ffe76093792df5eba9e1c3/screenshot - {}
RESULT: {}
COMMAND: POST /session/3d3f7fd824ffe76093792df5eba9e1c3/element - {"using":"xpath","value":"//bdi[contains(text(), \"OK\")]"}
RESULT: {"using":"xpath","value":"//bdi[contains(text(), \"OK\")]"}
COMMAND: POST /session/3d3f7fd824ffe76093792df5eba9e1c3/element/f.B31767EFF96F4B6690C27CBC6EB8D7D5.d.22187429356C711370BCC8A557A7C130.e.15087/click - {}
RESULT: {}
COMMAND: GET /session/3d3f7fd824ffe76093792df5eba9e1c3/screenshot - {}
RESULT: {}
COMMAND: POST /session/3d3f7fd824ffe76093792df5eba9e1c3/execute/async - {"script":"<script> [1562 bytes]","args":[{"selector":{"id":"application-manageyards-display-component---NewYard--addressEditDetailsCurrency-arrow"},"wdio_ui5_key":"applicationmanageyards-display-component---NewYard--addressEditDetailsCurrency-arrow"}]}
RESULT: {"script":"<script> [1562 bytes]","args":[{"selector":{"id":"application-manageyards-display-component---NewYard--addressEditDetailsCurrency-arrow"},"wdio_ui5_key":"applicationmanageyards-display-component---NewYard--addressEditDetailsCurrency-arrow"}]}
RESULT: undefined
COMMAND: POST /session/3d3f7fd824ffe76093792df5eba9e1c3/element - {"using":"xpath","value":"//*[@id=\"application-manageyards-display-component---NewYard--addressEditDetailsCurrency-arrow\"]"}
RESULT: {"using":"xpath","value":"//*[@id=\"application-manageyards-display-component---NewYard--addressEditDetailsCurrency-arrow\"]"}
COMMAND: POST /session/3d3f7fd824ffe76093792df5eba9e1c3/element/f.B31767EFF96F4B6690C27CBC6EB8D7D5.d.22187429356C711370BCC8A557A7C130.e.15090/click - {}
RESULT: {}
COMMAND: POST /session/3d3f7fd824ffe76093792df5eba9e1c3/element - {"using":"xpath","value":"//span[contains(text(), \"Euro\")]"}
COMMAND: GET /session/3d3f7fd824ffe76093792df5eba9e1c3/screenshot - {}
RESULT: {"using":"xpath","value":"//span[contains(text(), \"Euro\")]"}
COMMAND: POST /session/3d3f7fd824ffe76093792df5eba9e1c3/element/f.B31767EFF96F4B6690C27CBC6EB8D7D5.d.22187429356C711370BCC8A557A7C130.e.15091/click - {}
RESULT: {}
RESULT: {}
COMMAND: POST /session/3d3f7fd824ffe76093792df5eba9e1c3/execute/async - {"script":"<script> [1562 bytes]","args":[{"selector":{"controlType":"sap.m.Input","viewName":"etm.portal.ui.manageyards.view.New","viewId":"application-manageyards-display-component---NewYard","bindingPath":{"path":"","propertyPath":"/CONTROLLING_AREA","modelName":"NewYardModel"},"interaction":{"idSuffix":"inner"}},"wdio_ui5_key":"etmportal.ui.manageyards.view.Newsap.m.Input{\"path\":\"\",\"propertyPath\":\"/CONTROLLING_AREA\",\"modelName\":\"NewYardModel\"}"}]}
COMMAND: GET /session/3d3f7fd824ffe76093792df5eba9e1c3/screenshot - {}
RESULT: {"script":"<script> [1562 bytes]","args":[{"selector":{"controlType":"sap.m.Input","viewName":"etm.portal.ui.manageyards.view.New","viewId":"application-manageyards-display-component---NewYard","bindingPath":{"path":"","propertyPath":"/CONTROLLING_AREA","modelName":"NewYardModel"},"interaction":{"idSuffix":"inner"}},"wdio_ui5_key":"etmportal.ui.manageyards.view.Newsap.m.Input{\"path\":\"\",\"propertyPath\":\"/CONTROLLING_AREA\",\"modelName\":\"NewYardModel\"}"}]}
RESULT: undefined
COMMAND: POST /session/3d3f7fd824ffe76093792df5eba9e1c3/execute/async - {"script":"<script> [776 bytes]","args":[{"enterText":"Z001","selector":{"controlType":"sap.m.Input","viewName":"etm.portal.ui.manageyards.view.New","viewId":"application-manageyards-display-component---NewYard","bindingPath":{"path":"","propertyPath":"/CONTROLLING_AREA","modelName":"NewYardModel"},"interaction":{"idSuffix":"inner"}},"clearTextFirst":true,"interactionType":"ENTER_TEXT"}]}
RESULT: {}
RESULT: {"script":"<script> [776 bytes]","args":[{"enterText":"Z001","selector":{"controlType":"sap.m.Input","viewName":"etm.portal.ui.manageyards.view.New","viewId":"application-manageyards-display-component---NewYard","bindingPath":{"path":"","propertyPath":"/CONTROLLING_AREA","modelName":"NewYardModel"},"interaction":{"idSuffix":"inner"}},"clearTextFirst":true,"interactionType":"ENTER_TEXT"}]}
COMMAND: POST /session/3d3f7fd824ffe76093792df5eba9e1c3/execute/async - {"script":"<script> [1562 bytes]","args":[{"selector":{"id":"application-manageyards-display-component---NewYard--companyCodeComboBox","interaction":{"idSuffix":"inner"}},"wdio_ui5_key":"applicationmanageyards-display-component---NewYard--companyCodeComboBox"}]}
RESULT: {"script":"<script> [1562 bytes]","args":[{"selector":{"id":"application-manageyards-display-component---NewYard--companyCodeComboBox","interaction":{"idSuffix":"inner"}},"wdio_ui5_key":"applicationmanageyards-display-component---NewYard--companyCodeComboBox"}]}
RESULT: undefined
COMMAND: POST /session/3d3f7fd824ffe76093792df5eba9e1c3/execute/async - {"script":"<script> [776 bytes]","args":[{"enterText":"1000","selector":{"id":"application-manageyards-display-component---NewYard--companyCodeComboBox","interaction":{"idSuffix":"inner"}},"clearTextFirst":true,"interactionType":"ENTER_TEXT"}]}
RESULT: {"script":"<script> [776 bytes]","args":[{"enterText":"1000","selector":{"id":"application-manageyards-display-component---NewYard--companyCodeComboBox","interaction":{"idSuffix":"inner"}},"clearTextFirst":true,"interactionType":"ENTER_TEXT"}]}
COMMAND: POST /session/3d3f7fd824ffe76093792df5eba9e1c3/execute/async - {"script":"<script> [1562 bytes]","args":[{"selector":{"controlType":"sap.m.Input","viewName":"etm.portal.ui.manageyards.view.New","viewId":"application-manageyards-display-component---NewYard","bindingPath":{"path":"","propertyPath":"/PLANT","modelName":"NewYardModel"},"interaction":{"idSuffix":"inner"}},"wdio_ui5_key":"etmportal.ui.manageyards.view.Newsap.m.Input{\"path\":\"\",\"propertyPath\":\"/PLANT\",\"modelName\":\"NewYardModel\"}"}]}
RESULT: {"script":"<script> [1562 bytes]","args":[{"selector":{"controlType":"sap.m.Input","viewName":"etm.portal.ui.manageyards.view.New","viewId":"application-manageyards-display-component---NewYard","bindingPath":{"path":"","propertyPath":"/PLANT","modelName":"NewYardModel"},"interaction":{"idSuffix":"inner"}},"wdio_ui5_key":"etmportal.ui.manageyards.view.Newsap.m.Input{\"path\":\"\",\"propertyPath\":\"/PLANT\",\"modelName\":\"NewYardModel\"}"}]}
RESULT: undefined
COMMAND: POST /session/3d3f7fd824ffe76093792df5eba9e1c3/execute/async - {"script":"<script> [776 bytes]","args":[{"enterText":"1001","selector":{"controlType":"sap.m.Input","viewName":"etm.portal.ui.manageyards.view.New","viewId":"application-manageyards-display-component---NewYard","bindingPath":{"path":"","propertyPath":"/PLANT","modelName":"NewYardModel"},"interaction":{"idSuffix":"inner"}},"clearTextFirst":true,"interactionType":"ENTER_TEXT"}]}
RESULT: {"script":"<script> [776 bytes]","args":[{"enterText":"1001","selector":{"controlType":"sap.m.Input","viewName":"etm.portal.ui.manageyards.view.New","viewId":"application-manageyards-display-component---NewYard","bindingPath":{"path":"","propertyPath":"/PLANT","modelName":"NewYardModel"},"interaction":{"idSuffix":"inner"}},"clearTextFirst":true,"interactionType":"ENTER_TEXT"}]}
COMMAND: POST /session/3d3f7fd824ffe76093792df5eba9e1c3/execute/async - {"script":"<script> [1562 bytes]","args":[{"selector":{"controlType":"sap.m.Input","viewName":"etm.portal.ui.manageyards.view.New","viewId":"application-manageyards-display-component---NewYard","bindingPath":{"path":"","propertyPath":"/SALES_AREA_VKORG","modelName":"NewYardModel"},"interaction":{"idSuffix":"inner"}},"wdio_ui5_key":"etmportal.ui.manageyards.view.Newsap.m.Input{\"path\":\"\",\"propertyPath\":\"/SALES_AREA_VKORG\",\"modelName\":\"NewYardModel\"}"}]}
RESULT: {"script":"<script> [1562 bytes]","args":[{"selector":{"controlType":"sap.m.Input","viewName":"etm.portal.ui.manageyards.view.New","viewId":"application-manageyards-display-component---NewYard","bindingPath":{"path":"","propertyPath":"/SALES_AREA_VKORG","modelName":"NewYardModel"},"interaction":{"idSuffix":"inner"}},"wdio_ui5_key":"etmportal.ui.manageyards.view.Newsap.m.Input{\"path\":\"\",\"propertyPath\":\"/SALES_AREA_VKORG\",\"modelName\":\"NewYardModel\"}"}]}
RESULT: undefined
COMMAND: POST /session/3d3f7fd824ffe76093792df5eba9e1c3/execute/async - {"script":"<script> [776 bytes]","args":[{"enterText":"C002","selector":{"controlType":"sap.m.Input","viewName":"etm.portal.ui.manageyards.view.New","viewId":"application-manageyards-display-component---NewYard","bindingPath":{"path":"","propertyPath":"/SALES_AREA_VKORG","modelName":"NewYardModel"},"interaction":{"idSuffix":"inner"}},"clearTextFirst":true,"interactionType":"ENTER_TEXT"}]}
RESULT: {"script":"<script> [776 bytes]","args":[{"enterText":"C002","selector":{"controlType":"sap.m.Input","viewName":"etm.portal.ui.manageyards.view.New","viewId":"application-manageyards-display-component---NewYard","bindingPath":{"path":"","propertyPath":"/SALES_AREA_VKORG","modelName":"NewYardModel"},"interaction":{"idSuffix":"inner"}},"clearTextFirst":true,"interactionType":"ENTER_TEXT"}]}
COMMAND: POST /session/3d3f7fd824ffe76093792df5eba9e1c3/execute/async - {"script":"<script> [1562 bytes]","args":[{"selector":{"controlType":"sap.m.Input","viewName":"etm.portal.ui.manageyards.view.New","viewId":"application-manageyards-display-component---NewYard","bindingPath":{"path":"","propertyPath":"/SALES_AREA_VTWEG","modelName":"NewYardModel"},"interaction":{"idSuffix":"inner"}},"wdio_ui5_key":"etmportal.ui.manageyards.view.Newsap.m.Input{\"path\":\"\",\"propertyPath\":\"/SALES_AREA_VTWEG\",\"modelName\":\"NewYardModel\"}"}]}
RESULT: {"script":"<script> [1562 bytes]","args":[{"selector":{"controlType":"sap.m.Input","viewName":"etm.portal.ui.manageyards.view.New","viewId":"application-manageyards-display-component---NewYard","bindingPath":{"path":"","propertyPath":"/SALES_AREA_VTWEG","modelName":"NewYardModel"},"interaction":{"idSuffix":"inner"}},"wdio_ui5_key":"etmportal.ui.manageyards.view.Newsap.m.Input{\"path\":\"\",\"propertyPath\":\"/SALES_AREA_VTWEG\",\"modelName\":\"NewYardModel\"}"}]}
RESULT: undefined
COMMAND: POST /session/3d3f7fd824ffe76093792df5eba9e1c3/execute/async - {"script":"<script> [776 bytes]","args":[{"enterText":"C2","selector":{"controlType":"sap.m.Input","viewName":"etm.portal.ui.manageyards.view.New","viewId":"application-manageyards-display-component---NewYard","bindingPath":{"path":"","propertyPath":"/SALES_AREA_VTWEG","modelName":"NewYardModel"},"interaction":{"idSuffix":"inner"}},"clearTextFirst":true,"interactionType":"ENTER_TEXT"}]}
RESULT: {"script":"<script> [776 bytes]","args":[{"enterText":"C2","selector":{"controlType":"sap.m.Input","viewName":"etm.portal.ui.manageyards.view.New","viewId":"application-manageyards-display-component---NewYard","bindingPath":{"path":"","propertyPath":"/SALES_AREA_VTWEG","modelName":"NewYardModel"},"interaction":{"idSuffix":"inner"}},"clearTextFirst":true,"interactionType":"ENTER_TEXT"}]}
COMMAND: POST /session/3d3f7fd824ffe76093792df5eba9e1c3/execute/async - {"script":"<script> [1562 bytes]","args":[{"selector":{"controlType":"sap.m.Input","viewName":"etm.portal.ui.manageyards.view.New","viewId":"application-manageyards-display-component---NewYard","bindingPath":{"path":"","propertyPath":"/SALES_AREA_SPART","modelName":"NewYardModel"},"interaction":{"idSuffix":"inner"}},"wdio_ui5_key":"etmportal.ui.manageyards.view.Newsap.m.Input{\"path\":\"\",\"propertyPath\":\"/SALES_AREA_SPART\",\"modelName\":\"NewYardModel\"}"}]}
RESULT: {"script":"<script> [1562 bytes]","args":[{"selector":{"controlType":"sap.m.Input","viewName":"etm.portal.ui.manageyards.view.New","viewId":"application-manageyards-display-component---NewYard","bindingPath":{"path":"","propertyPath":"/SALES_AREA_SPART","modelName":"NewYardModel"},"interaction":{"idSuffix":"inner"}},"wdio_ui5_key":"etmportal.ui.manageyards.view.Newsap.m.Input{\"path\":\"\",\"propertyPath\":\"/SALES_AREA_SPART\",\"modelName\":\"NewYardModel\"}"}]}
RESULT: undefined
COMMAND: POST /session/3d3f7fd824ffe76093792df5eba9e1c3/execute/async - {"script":"<script> [776 bytes]","args":[{"enterText":"C2","selector":{"controlType":"sap.m.Input","viewName":"etm.portal.ui.manageyards.view.New","viewId":"application-manageyards-display-component---NewYard","bindingPath":{"path":"","propertyPath":"/SALES_AREA_SPART","modelName":"NewYardModel"},"interaction":{"idSuffix":"inner"}},"clearTextFirst":true,"interactionType":"ENTER_TEXT"}]}
RESULT: {"script":"<script> [776 bytes]","args":[{"enterText":"C2","selector":{"controlType":"sap.m.Input","viewName":"etm.portal.ui.manageyards.view.New","viewId":"application-manageyards-display-component---NewYard","bindingPath":{"path":"","propertyPath":"/SALES_AREA_SPART","modelName":"NewYardModel"},"interaction":{"idSuffix":"inner"}},"clearTextFirst":true,"interactionType":"ENTER_TEXT"}]}
COMMAND: POST /session/3d3f7fd824ffe76093792df5eba9e1c3/execute/async - {"script":"<script> [1562 bytes]","args":[{"selector":{"controlType":"sap.m.Input","viewName":"etm.portal.ui.manageyards.view.New","viewId":"application-manageyards-display-component---NewYard","bindingPath":{"path":"","propertyPath":"/SHIP_POINT","modelName":"NewYardModel"},"interaction":{"idSuffix":"inner"}},"wdio_ui5_key":"etmportal.ui.manageyards.view.Newsap.m.Input{\"path\":\"\",\"propertyPath\":\"/SHIP_POINT\",\"modelName\":\"NewYardModel\"}"}]}
RESULT: {"script":"<script> [1562 bytes]","args":[{"selector":{"controlType":"sap.m.Input","viewName":"etm.portal.ui.manageyards.view.New","viewId":"application-manageyards-display-component---NewYard","bindingPath":{"path":"","propertyPath":"/SHIP_POINT","modelName":"NewYardModel"},"interaction":{"idSuffix":"inner"}},"wdio_ui5_key":"etmportal.ui.manageyards.view.Newsap.m.Input{\"path\":\"\",\"propertyPath\":\"/SHIP_POINT\",\"modelName\":\"NewYardModel\"}"}]}
RESULT: undefined
COMMAND: POST /session/3d3f7fd824ffe76093792df5eba9e1c3/execute/async - {"script":"<script> [776 bytes]","args":[{"enterText":"1710","selector":{"controlType":"sap.m.Input","viewName":"etm.portal.ui.manageyards.view.New","viewId":"application-manageyards-display-component---NewYard","bindingPath":{"path":"","propertyPath":"/SHIP_POINT","modelName":"NewYardModel"},"interaction":{"idSuffix":"inner"}},"clearTextFirst":true,"interactionType":"ENTER_TEXT"}]}
RESULT: {"script":"<script> [776 bytes]","args":[{"enterText":"1710","selector":{"controlType":"sap.m.Input","viewName":"etm.portal.ui.manageyards.view.New","viewId":"application-manageyards-display-component---NewYard","bindingPath":{"path":"","propertyPath":"/SHIP_POINT","modelName":"NewYardModel"},"interaction":{"idSuffix":"inner"}},"clearTextFirst":true,"interactionType":"ENTER_TEXT"}]}
COMMAND: POST /session/3d3f7fd824ffe76093792df5eba9e1c3/execute/async - {"script":"<script> [1562 bytes]","args":[{"selector":{"controlType":"sap.m.Input","viewName":"etm.portal.ui.manageyards.view.New","viewId":"application-manageyards-display-component---NewYard","bindingPath":{"path":"","propertyPath":"/DELIVERY_TYPE","modelName":"NewYardModel"},"interaction":{"idSuffix":"inner"}},"wdio_ui5_key":"etmportal.ui.manageyards.view.Newsap.m.Input{\"path\":\"\",\"propertyPath\":\"/DELIVERY_TYPE\",\"modelName\":\"NewYardModel\"}"}]}
RESULT: {"script":"<script> [1562 bytes]","args":[{"selector":{"controlType":"sap.m.Input","viewName":"etm.portal.ui.manageyards.view.New","viewId":"application-manageyards-display-component---NewYard","bindingPath":{"path":"","propertyPath":"/DELIVERY_TYPE","modelName":"NewYardModel"},"interaction":{"idSuffix":"inner"}},"wdio_ui5_key":"etmportal.ui.manageyards.view.Newsap.m.Input{\"path\":\"\",\"propertyPath\":\"/DELIVERY_TYPE\",\"modelName\":\"NewYardModel\"}"}]}
RESULT: undefined
COMMAND: POST /session/3d3f7fd824ffe76093792df5eba9e1c3/execute/async - {"script":"<script> [776 bytes]","args":[{"enterText":"ZL01","selector":{"controlType":"sap.m.Input","viewName":"etm.portal.ui.manageyards.view.New","viewId":"application-manageyards-display-component---NewYard","bindingPath":{"path":"","propertyPath":"/DELIVERY_TYPE","modelName":"NewYardModel"},"interaction":{"idSuffix":"inner"}},"clearTextFirst":true,"interactionType":"ENTER_TEXT"}]}
RESULT: {"script":"<script> [776 bytes]","args":[{"enterText":"ZL01","selector":{"controlType":"sap.m.Input","viewName":"etm.portal.ui.manageyards.view.New","viewId":"application-manageyards-display-component---NewYard","bindingPath":{"path":"","propertyPath":"/DELIVERY_TYPE","modelName":"NewYardModel"},"interaction":{"idSuffix":"inner"}},"clearTextFirst":true,"interactionType":"ENTER_TEXT"}]}
COMMAND: POST /session/3d3f7fd824ffe76093792df5eba9e1c3/execute/async - {"script":"<script> [1562 bytes]","args":[{"selector":{"controlType":"sap.m.Input","viewName":"etm.portal.ui.manageyards.view.New","viewId":"application-manageyards-display-component---NewYard","bindingPath":{"path":"","propertyPath":"/AUART","modelName":"NewYardModel"},"interaction":{"idSuffix":"inner"}},"wdio_ui5_key":"etmportal.ui.manageyards.view.Newsap.m.Input{\"path\":\"\",\"propertyPath\":\"/AUART\",\"modelName\":\"NewYardModel\"}"}]}
RESULT: {"script":"<script> [1562 bytes]","args":[{"selector":{"controlType":"sap.m.Input","viewName":"etm.portal.ui.manageyards.view.New","viewId":"application-manageyards-display-component---NewYard","bindingPath":{"path":"","propertyPath":"/AUART","modelName":"NewYardModel"},"interaction":{"idSuffix":"inner"}},"wdio_ui5_key":"etmportal.ui.manageyards.view.Newsap.m.Input{\"path\":\"\",\"propertyPath\":\"/AUART\",\"modelName\":\"NewYardModel\"}"}]}
RESULT: undefined
COMMAND: POST /session/3d3f7fd824ffe76093792df5eba9e1c3/execute/async - {"script":"<script> [776 bytes]","args":[{"enterText":"TA","selector":{"controlType":"sap.m.Input","viewName":"etm.portal.ui.manageyards.view.New","viewId":"application-manageyards-display-component---NewYard","bindingPath":{"path":"","propertyPath":"/AUART","modelName":"NewYardModel"},"interaction":{"idSuffix":"inner"}},"clearTextFirst":true,"interactionType":"ENTER_TEXT"}]}
RESULT: {"script":"<script> [776 bytes]","args":[{"enterText":"TA","selector":{"controlType":"sap.m.Input","viewName":"etm.portal.ui.manageyards.view.New","viewId":"application-manageyards-display-component---NewYard","bindingPath":{"path":"","propertyPath":"/AUART","modelName":"NewYardModel"},"interaction":{"idSuffix":"inner"}},"clearTextFirst":true,"interactionType":"ENTER_TEXT"}]}
COMMAND: POST /session/3d3f7fd824ffe76093792df5eba9e1c3/element - {"using":"xpath","value":"//button[@data-kt=\"newYardSaveButton\"]"}
RESULT: {"using":"xpath","value":"//button[@data-kt=\"newYardSaveButton\"]"}
COMMAND: POST /session/3d3f7fd824ffe76093792df5eba9e1c3/element/f.B31767EFF96F4B6690C27CBC6EB8D7D5.d.22187429356C711370BCC8A557A7C130.e.14994/click - {}
RESULT: {}
COMMAND: GET /session/3d3f7fd824ffe76093792df5eba9e1c3/screenshot - {}
RESULT: {}
COMMAND: POST /session/3d3f7fd824ffe76093792df5eba9e1c3/element - {"using":"xpath","value":"//header[contains(@id, 'ObjectPageLayout-headerTitle')]/div[1]/div[2]/div[1]/span[1]"}
RESULT: {"using":"xpath","value":"//header[contains(@id, 'ObjectPageLayout-headerTitle')]/div[1]/div[2]/div[1]/span[1]"}
COMMAND: POST /session/3d3f7fd824ffe76093792df5eba9e1c3/elements - {"using":"xpath","value":"//header[contains(@id, 'ObjectPageLayout-headerTitle')]/div[1]/div[2]/div[1]/span[1]"}
RESULT: {"using":"xpath","value":"//header[contains(@id, 'ObjectPageLayout-headerTitle')]/div[1]/div[2]/div[1]/span[1]"}
COMMAND: POST /session/3d3f7fd824ffe76093792df5eba9e1c3/execute/sync - {"script":"<script> [56 bytes]","args":[{"element-6066-11e4-a52e-4f735466cecf":"f.B31767EFF96F4B6690C27CBC6EB8D7D5.d.22187429356C711370BCC8A557A7C130.e.15315","ELEMENT":"f.B31767EFF96F4B6690C27CBC6EB8D7D5.d.22187429356C711370BCC8A557A7C130.e.15315"}]}
RESULT: {"script":"<script> [56 bytes]","args":[{"element-6066-11e4-a52e-4f735466cecf":"f.B31767EFF96F4B6690C27CBC6EB8D7D5.d.22187429356C711370BCC8A557A7C130.e.15315","ELEMENT":"f.B31767EFF96F4B6690C27CBC6EB8D7D5.d.22187429356C711370BCC8A557A7C130.e.15315"}]}
COMMAND: GET /session/3d3f7fd824ffe76093792df5eba9e1c3/screenshot - {}
RESULT: {}
COMMAND: POST /session/3d3f7fd824ffe76093792df5eba9e1c3/element - {"using":"css selector","value":"#shell-header-logo"}
RESULT: {"using":"css selector","value":"#shell-header-logo"}
COMMAND: POST /session/3d3f7fd824ffe76093792df5eba9e1c3/element/f.B31767EFF96F4B6690C27CBC6EB8D7D5.d.22187429356C711370BCC8A557A7C130.e.14428/click - {}
RESULT: {}
COMMAND: GET /session/3d3f7fd824ffe76093792df5eba9e1c3/screenshot - {}
RESULT: {}
COMMAND: POST /session/3d3f7fd824ffe76093792df5eba9e1c3/execute/sync - {"script":"<script> [299 bytes]","args":[["getModel","getResource"]]}
RESULT: {"script":"<script> [299 bytes]","args":[["getModel","getResource"]]}
]]></system-out>
    </testcase>
    <testcase classname="chrome.136_0_7103_49.windows.Transfer_Yard_to_Yard_US131076" name="Should create the equipment" time="126.106">
      <system-out><![CDATA[
COMMAND: GET /session/3d3f7fd824ffe76093792df5eba9e1c3/screenshot - {}
COMMAND: POST /session/3d3f7fd824ffe76093792df5eba9e1c3/execute/async - {"script":"<script> [1562 bytes]","args":[{"selector":{"controlType":"sap.m.GenericTile","properties":{"header":"Manage Resources"}},"wdio_ui5_key":"sapm.GenericTile{\"header\":\"Manage Resources\"}"}]}
RESULT: {}
RESULT: {"script":"<script> [1562 bytes]","args":[{"selector":{"controlType":"sap.m.GenericTile","properties":{"header":"Manage Resources"}},"wdio_ui5_key":"sapm.GenericTile{\"header\":\"Manage Resources\"}"}]}
RESULT: undefined
COMMAND: POST /session/3d3f7fd824ffe76093792df5eba9e1c3/element - {"using":"xpath","value":"//*[@id=\"__tile31\"]"}
RESULT: {"using":"xpath","value":"//*[@id=\"__tile31\"]"}
COMMAND: POST /session/3d3f7fd824ffe76093792df5eba9e1c3/element/f.B31767EFF96F4B6690C27CBC6EB8D7D5.d.22187429356C711370BCC8A557A7C130.e.14459/click - {}
RESULT: {}
COMMAND: POST /session/3d3f7fd824ffe76093792df5eba9e1c3/element - {"using":"xpath","value":"//button[@data-kt=\"addNewRUOverflowToolbarButton\"]"}
COMMAND: GET /session/3d3f7fd824ffe76093792df5eba9e1c3/screenshot - {}
RESULT: {"using":"xpath","value":"//button[@data-kt=\"addNewRUOverflowToolbarButton\"]"}
COMMAND: POST /session/3d3f7fd824ffe76093792df5eba9e1c3/elements - {"using":"xpath","value":"//button[@data-kt=\"addNewRUOverflowToolbarButton\"]"}
RESULT: {}
RESULT: {"using":"xpath","value":"//button[@data-kt=\"addNewRUOverflowToolbarButton\"]"}
COMMAND: POST /session/3d3f7fd824ffe76093792df5eba9e1c3/elements - {"using":"xpath","value":"//button[@data-kt=\"addNewRUOverflowToolbarButton\"]"}
RESULT: {"using":"xpath","value":"//button[@data-kt=\"addNewRUOverflowToolbarButton\"]"}
COMMAND: POST /session/3d3f7fd824ffe76093792df5eba9e1c3/elements - {"using":"xpath","value":"//button[@data-kt=\"addNewRUOverflowToolbarButton\"]"}
RESULT: {"using":"xpath","value":"//button[@data-kt=\"addNewRUOverflowToolbarButton\"]"}
COMMAND: POST /session/3d3f7fd824ffe76093792df5eba9e1c3/elements - {"using":"xpath","value":"//button[@data-kt=\"addNewRUOverflowToolbarButton\"]"}
RESULT: {"using":"xpath","value":"//button[@data-kt=\"addNewRUOverflowToolbarButton\"]"}
COMMAND: POST /session/3d3f7fd824ffe76093792df5eba9e1c3/elements - {"using":"xpath","value":"//button[@data-kt=\"addNewRUOverflowToolbarButton\"]"}
RESULT: {"using":"xpath","value":"//button[@data-kt=\"addNewRUOverflowToolbarButton\"]"}
COMMAND: POST /session/3d3f7fd824ffe76093792df5eba9e1c3/elements - {"using":"xpath","value":"//button[@data-kt=\"addNewRUOverflowToolbarButton\"]"}
RESULT: {"using":"xpath","value":"//button[@data-kt=\"addNewRUOverflowToolbarButton\"]"}
COMMAND: POST /session/3d3f7fd824ffe76093792df5eba9e1c3/elements - {"using":"xpath","value":"//button[@data-kt=\"addNewRUOverflowToolbarButton\"]"}
RESULT: {"using":"xpath","value":"//button[@data-kt=\"addNewRUOverflowToolbarButton\"]"}
COMMAND: POST /session/3d3f7fd824ffe76093792df5eba9e1c3/elements - {"using":"xpath","value":"//button[@data-kt=\"addNewRUOverflowToolbarButton\"]"}
RESULT: {"using":"xpath","value":"//button[@data-kt=\"addNewRUOverflowToolbarButton\"]"}
COMMAND: POST /session/3d3f7fd824ffe76093792df5eba9e1c3/elements - {"using":"xpath","value":"//button[@data-kt=\"addNewRUOverflowToolbarButton\"]"}
RESULT: {"using":"xpath","value":"//button[@data-kt=\"addNewRUOverflowToolbarButton\"]"}
COMMAND: POST /session/3d3f7fd824ffe76093792df5eba9e1c3/elements - {"using":"xpath","value":"//button[@data-kt=\"addNewRUOverflowToolbarButton\"]"}
RESULT: {"using":"xpath","value":"//button[@data-kt=\"addNewRUOverflowToolbarButton\"]"}
COMMAND: POST /session/3d3f7fd824ffe76093792df5eba9e1c3/elements - {"using":"xpath","value":"//button[@data-kt=\"addNewRUOverflowToolbarButton\"]"}
RESULT: {"using":"xpath","value":"//button[@data-kt=\"addNewRUOverflowToolbarButton\"]"}
COMMAND: POST /session/3d3f7fd824ffe76093792df5eba9e1c3/elements - {"using":"xpath","value":"//button[@data-kt=\"addNewRUOverflowToolbarButton\"]"}
RESULT: {"using":"xpath","value":"//button[@data-kt=\"addNewRUOverflowToolbarButton\"]"}
COMMAND: POST /session/3d3f7fd824ffe76093792df5eba9e1c3/elements - {"using":"xpath","value":"//button[@data-kt=\"addNewRUOverflowToolbarButton\"]"}
RESULT: {"using":"xpath","value":"//button[@data-kt=\"addNewRUOverflowToolbarButton\"]"}
COMMAND: POST /session/3d3f7fd824ffe76093792df5eba9e1c3/elements - {"using":"xpath","value":"//button[@data-kt=\"addNewRUOverflowToolbarButton\"]"}
RESULT: {"using":"xpath","value":"//button[@data-kt=\"addNewRUOverflowToolbarButton\"]"}
COMMAND: POST /session/3d3f7fd824ffe76093792df5eba9e1c3/element - {"using":"xpath","value":"//button[@data-kt=\"addNewRUOverflowToolbarButton\"]"}
RESULT: {"using":"xpath","value":"//button[@data-kt=\"addNewRUOverflowToolbarButton\"]"}
COMMAND: POST /session/3d3f7fd824ffe76093792df5eba9e1c3/execute/sync - {"script":"<script> [8489 bytes]","args":[{"element-6066-11e4-a52e-4f735466cecf":"f.B31767EFF96F4B6690C27CBC6EB8D7D5.d.22187429356C711370BCC8A557A7C130.e.15348","ELEMENT":"f.B31767EFF96F4B6690C27CBC6EB8D7D5.d.22187429356C711370BCC8A557A7C130.e.15348"}]}
RESULT: {"script":"<script> [8489 bytes]","args":[{"element-6066-11e4-a52e-4f735466cecf":"f.B31767EFF96F4B6690C27CBC6EB8D7D5.d.22187429356C711370BCC8A557A7C130.e.15348","ELEMENT":"f.B31767EFF96F4B6690C27CBC6EB8D7D5.d.22187429356C711370BCC8A557A7C130.e.15348"}]}
COMMAND: GET /session/3d3f7fd824ffe76093792df5eba9e1c3/element/f.B31767EFF96F4B6690C27CBC6EB8D7D5.d.22187429356C711370BCC8A557A7C130.e.15348/enabled - {}
COMMAND: GET /session/3d3f7fd824ffe76093792df5eba9e1c3/screenshot - {}
RESULT: {}
COMMAND: POST /session/3d3f7fd824ffe76093792df5eba9e1c3/execute/sync - {"script":"<script> [8489 bytes]","args":[{"element-6066-11e4-a52e-4f735466cecf":"f.B31767EFF96F4B6690C27CBC6EB8D7D5.d.22187429356C711370BCC8A557A7C130.e.15348","ELEMENT":"f.B31767EFF96F4B6690C27CBC6EB8D7D5.d.22187429356C711370BCC8A557A7C130.e.15348"}]}
COMMAND: GET /session/3d3f7fd824ffe76093792df5eba9e1c3/screenshot - {}
RESULT: {}
RESULT: {"script":"<script> [8489 bytes]","args":[{"element-6066-11e4-a52e-4f735466cecf":"f.B31767EFF96F4B6690C27CBC6EB8D7D5.d.22187429356C711370BCC8A557A7C130.e.15348","ELEMENT":"f.B31767EFF96F4B6690C27CBC6EB8D7D5.d.22187429356C711370BCC8A557A7C130.e.15348"}]}
COMMAND: POST /session/3d3f7fd824ffe76093792df5eba9e1c3/execute/sync - {"script":"<script> [5351 bytes]","args":[{"element-6066-11e4-a52e-4f735466cecf":"f.B31767EFF96F4B6690C27CBC6EB8D7D5.d.22187429356C711370BCC8A557A7C130.e.15348","ELEMENT":"f.B31767EFF96F4B6690C27CBC6EB8D7D5.d.22187429356C711370BCC8A557A7C130.e.15348"}]}
COMMAND: GET /session/3d3f7fd824ffe76093792df5eba9e1c3/screenshot - {}
RESULT: {}
RESULT: {"script":"<script> [5351 bytes]","args":[{"element-6066-11e4-a52e-4f735466cecf":"f.B31767EFF96F4B6690C27CBC6EB8D7D5.d.22187429356C711370BCC8A557A7C130.e.15348","ELEMENT":"f.B31767EFF96F4B6690C27CBC6EB8D7D5.d.22187429356C711370BCC8A557A7C130.e.15348"}]}
COMMAND: POST /session/3d3f7fd824ffe76093792df5eba9e1c3/element/f.B31767EFF96F4B6690C27CBC6EB8D7D5.d.22187429356C711370BCC8A557A7C130.e.15348/click - {}
COMMAND: GET /session/3d3f7fd824ffe76093792df5eba9e1c3/screenshot - {}
RESULT: {}
RESULT: {}
COMMAND: GET /session/3d3f7fd824ffe76093792df5eba9e1c3/screenshot - {}
COMMAND: POST /session/3d3f7fd824ffe76093792df5eba9e1c3/execute/async - {"script":"<script> [1562 bytes]","args":[{"selector":{"id":"application-manageresources-display-component---newResourceUnit--TYPE-arrow"},"wdio_ui5_key":"applicationmanageresources-display-component---newResourceUnit--TYPE-arrow"}]}
RESULT: {}
RESULT: {}
RESULT: {"script":"<script> [1562 bytes]","args":[{"selector":{"id":"application-manageresources-display-component---newResourceUnit--TYPE-arrow"},"wdio_ui5_key":"applicationmanageresources-display-component---newResourceUnit--TYPE-arrow"}]}
RESULT: undefined
COMMAND: POST /session/3d3f7fd824ffe76093792df5eba9e1c3/element - {"using":"xpath","value":"//*[@id=\"application-manageresources-display-component---newResourceUnit--TYPE-arrow\"]"}
RESULT: {"using":"xpath","value":"//*[@id=\"application-manageresources-display-component---newResourceUnit--TYPE-arrow\"]"}
COMMAND: POST /session/3d3f7fd824ffe76093792df5eba9e1c3/element/f.B31767EFF96F4B6690C27CBC6EB8D7D5.d.22187429356C711370BCC8A557A7C130.e.15709/click - {}
RESULT: {}
COMMAND: POST /session/3d3f7fd824ffe76093792df5eba9e1c3/element - {"using":"xpath","value":"//input[@id=\"application-manageresources-display-component---newResourceUnit--TYPE-inner\"]"}
COMMAND: GET /session/3d3f7fd824ffe76093792df5eba9e1c3/screenshot - {}
RESULT: {"using":"xpath","value":"//input[@id=\"application-manageresources-display-component---newResourceUnit--TYPE-inner\"]"}
COMMAND: POST /session/3d3f7fd824ffe76093792df5eba9e1c3/element/f.B31767EFF96F4B6690C27CBC6EB8D7D5.d.22187429356C711370BCC8A557A7C130.e.15701/clear - {}
RESULT: {}
RESULT: {}
COMMAND: POST /session/3d3f7fd824ffe76093792df5eba9e1c3/element/f.B31767EFF96F4B6690C27CBC6EB8D7D5.d.22187429356C711370BCC8A557A7C130.e.15701/value - {"text":"Equipment"}
COMMAND: GET /session/3d3f7fd824ffe76093792df5eba9e1c3/screenshot - {}
RESULT: {"text":"Equipment"}
COMMAND: GET /session/3d3f7fd824ffe76093792df5eba9e1c3/screenshot - {}
RESULT: {}
RESULT: {}
COMMAND: POST /session/3d3f7fd824ffe76093792df5eba9e1c3/actions - {"actions":[{"id":"action53","type":"key","parameters":{},"actions":[{"type":"keyDown","value":"î€‡"},{"type":"pause","duration":10},{"type":"keyUp","value":"î€‡"}]}]}
RESULT: {"actions":[{"id":"action53","type":"key","parameters":{},"actions":[{"type":"keyDown","value":"î€‡"},{"type":"pause","duration":10},{"type":"keyUp","value":"î€‡"}]}]}
COMMAND: POST /session/3d3f7fd824ffe76093792df5eba9e1c3/execute/async - {"script":"<script> [1562 bytes]","args":[{"selector":{"id":"application-manageresources-display-component---newResourceUnit--resourceId","interaction":{"idSuffix":"inner"}},"wdio_ui5_key":"applicationmanageresources-display-component---newResourceUnit--resourceId"}]}
COMMAND: GET /session/3d3f7fd824ffe76093792df5eba9e1c3/screenshot - {}
RESULT: {"script":"<script> [1562 bytes]","args":[{"selector":{"id":"application-manageresources-display-component---newResourceUnit--resourceId","interaction":{"idSuffix":"inner"}},"wdio_ui5_key":"applicationmanageresources-display-component---newResourceUnit--resourceId"}]}
RESULT: undefined
COMMAND: POST /session/3d3f7fd824ffe76093792df5eba9e1c3/execute/async - {"script":"<script> [776 bytes]","args":[{"enterText":"7Oa7qJGuhJ","selector":{"id":"application-manageresources-display-component---newResourceUnit--resourceId","interaction":{"idSuffix":"inner"}},"clearTextFirst":true,"interactionType":"ENTER_TEXT"}]}
RESULT: {}
RESULT: {"script":"<script> [776 bytes]","args":[{"enterText":"7Oa7qJGuhJ","selector":{"id":"application-manageresources-display-component---newResourceUnit--resourceId","interaction":{"idSuffix":"inner"}},"clearTextFirst":true,"interactionType":"ENTER_TEXT"}]}
COMMAND: POST /session/3d3f7fd824ffe76093792df5eba9e1c3/execute/async - {"script":"<script> [1562 bytes]","args":[{"selector":{"id":"application-manageresources-display-component---newResourceUnit--SHORT_TEXT","interaction":{"idSuffix":"inner"}},"wdio_ui5_key":"applicationmanageresources-display-component---newResourceUnit--SHORT_TEXT"}]}
RESULT: {"script":"<script> [1562 bytes]","args":[{"selector":{"id":"application-manageresources-display-component---newResourceUnit--SHORT_TEXT","interaction":{"idSuffix":"inner"}},"wdio_ui5_key":"applicationmanageresources-display-component---newResourceUnit--SHORT_TEXT"}]}
RESULT: undefined
COMMAND: POST /session/3d3f7fd824ffe76093792df5eba9e1c3/execute/async - {"script":"<script> [776 bytes]","args":[{"enterText":"Intercompany Equipment WDIO","selector":{"id":"application-manageresources-display-component---newResourceUnit--SHORT_TEXT","interaction":{"idSuffix":"inner"}},"clearTextFirst":true,"interactionType":"ENTER_TEXT"}]}
RESULT: {"script":"<script> [776 bytes]","args":[{"enterText":"Intercompany Equipment WDIO","selector":{"id":"application-manageresources-display-component---newResourceUnit--SHORT_TEXT","interaction":{"idSuffix":"inner"}},"clearTextFirst":true,"interactionType":"ENTER_TEXT"}]}
COMMAND: POST /session/3d3f7fd824ffe76093792df5eba9e1c3/execute/async - {"script":"<script> [1562 bytes]","args":[{"selector":{"id":"application-manageresources-display-component---newResourceUnit--BASE_UNIT_OF_MEASURE","interaction":{"idSuffix":"inner"}},"wdio_ui5_key":"applicationmanageresources-display-component---newResourceUnit--BASE_UNIT_OF_MEASURE"}]}
RESULT: {"script":"<script> [1562 bytes]","args":[{"selector":{"id":"application-manageresources-display-component---newResourceUnit--BASE_UNIT_OF_MEASURE","interaction":{"idSuffix":"inner"}},"wdio_ui5_key":"applicationmanageresources-display-component---newResourceUnit--BASE_UNIT_OF_MEASURE"}]}
RESULT: undefined
COMMAND: POST /session/3d3f7fd824ffe76093792df5eba9e1c3/execute/async - {"script":"<script> [776 bytes]","args":[{"enterText":"Piece","selector":{"id":"application-manageresources-display-component---newResourceUnit--BASE_UNIT_OF_MEASURE","interaction":{"idSuffix":"inner"}},"clearTextFirst":true,"interactionType":"ENTER_TEXT"}]}
RESULT: {"script":"<script> [776 bytes]","args":[{"enterText":"Piece","selector":{"id":"application-manageresources-display-component---newResourceUnit--BASE_UNIT_OF_MEASURE","interaction":{"idSuffix":"inner"}},"clearTextFirst":true,"interactionType":"ENTER_TEXT"}]}
COMMAND: POST /session/3d3f7fd824ffe76093792df5eba9e1c3/execute/async - {"script":"<script> [1562 bytes]","args":[{"selector":{"id":"application-manageresources-display-component---newResourceUnit--WEIGHT_UNIT","interaction":{"idSuffix":"inner"}},"wdio_ui5_key":"applicationmanageresources-display-component---newResourceUnit--WEIGHT_UNIT"}]}
RESULT: {"script":"<script> [1562 bytes]","args":[{"selector":{"id":"application-manageresources-display-component---newResourceUnit--WEIGHT_UNIT","interaction":{"idSuffix":"inner"}},"wdio_ui5_key":"applicationmanageresources-display-component---newResourceUnit--WEIGHT_UNIT"}]}
RESULT: undefined
COMMAND: POST /session/3d3f7fd824ffe76093792df5eba9e1c3/execute/async - {"script":"<script> [776 bytes]","args":[{"enterText":"Gram","selector":{"id":"application-manageresources-display-component---newResourceUnit--WEIGHT_UNIT","interaction":{"idSuffix":"inner"}},"clearTextFirst":true,"interactionType":"ENTER_TEXT"}]}
RESULT: {"script":"<script> [776 bytes]","args":[{"enterText":"Gram","selector":{"id":"application-manageresources-display-component---newResourceUnit--WEIGHT_UNIT","interaction":{"idSuffix":"inner"}},"clearTextFirst":true,"interactionType":"ENTER_TEXT"}]}
COMMAND: POST /session/3d3f7fd824ffe76093792df5eba9e1c3/execute/async - {"script":"<script> [1562 bytes]","args":[{"selector":{"id":"application-manageresources-display-component---newResourceUnit--DIMENSION_UNIT","interaction":{"idSuffix":"inner"}},"wdio_ui5_key":"applicationmanageresources-display-component---newResourceUnit--DIMENSION_UNIT"}]}
RESULT: {"script":"<script> [1562 bytes]","args":[{"selector":{"id":"application-manageresources-display-component---newResourceUnit--DIMENSION_UNIT","interaction":{"idSuffix":"inner"}},"wdio_ui5_key":"applicationmanageresources-display-component---newResourceUnit--DIMENSION_UNIT"}]}
RESULT: undefined
COMMAND: POST /session/3d3f7fd824ffe76093792df5eba9e1c3/execute/async - {"script":"<script> [776 bytes]","args":[{"enterText":"Meter","selector":{"id":"application-manageresources-display-component---newResourceUnit--DIMENSION_UNIT","interaction":{"idSuffix":"inner"}},"clearTextFirst":true,"interactionType":"ENTER_TEXT"}]}
RESULT: {"script":"<script> [776 bytes]","args":[{"enterText":"Meter","selector":{"id":"application-manageresources-display-component---newResourceUnit--DIMENSION_UNIT","interaction":{"idSuffix":"inner"}},"clearTextFirst":true,"interactionType":"ENTER_TEXT"}]}
COMMAND: POST /session/3d3f7fd824ffe76093792df5eba9e1c3/execute/async - {"script":"<script> [1562 bytes]","args":[{"selector":{"id":"application-manageresources-display-component---newResourceUnit--newRRUPage-anchBar-application-manageresources-display-component---newResourceUnit--control-anchor","interaction":{"idSuffix":"BDI-content"}},"wdio_ui5_key":"applicationmanageresources-display-component---newResourceUnit--newRRUPage-anchBar-application-manageresources-display-component---newResourceUnit--control-anchor"}]}
RESULT: {"script":"<script> [1562 bytes]","args":[{"selector":{"id":"application-manageresources-display-component---newResourceUnit--newRRUPage-anchBar-application-manageresources-display-component---newResourceUnit--control-anchor","interaction":{"idSuffix":"BDI-content"}},"wdio_ui5_key":"applicationmanageresources-display-component---newResourceUnit--newRRUPage-anchBar-application-manageresources-display-component---newResourceUnit--control-anchor"}]}
RESULT: undefined
COMMAND: POST /session/3d3f7fd824ffe76093792df5eba9e1c3/element - {"using":"xpath","value":"//*[@id=\"application-manageresources-display-component---newResourceUnit--newRRUPage-anchBar-application-manageresources-display-component---newResourceUnit--control-anchor\"]"}
RESULT: {"using":"xpath","value":"//*[@id=\"application-manageresources-display-component---newResourceUnit--newRRUPage-anchBar-application-manageresources-display-component---newResourceUnit--control-anchor\"]"}
COMMAND: POST /session/3d3f7fd824ffe76093792df5eba9e1c3/element/f.B31767EFF96F4B6690C27CBC6EB8D7D5.d.22187429356C711370BCC8A557A7C130.e.15839/click - {}
RESULT: {}
COMMAND: POST /session/3d3f7fd824ffe76093792df5eba9e1c3/execute/async - {"script":"<script> [1562 bytes]","args":[{"selector":{"id":"application-manageresources-display-component---newResourceUnit--PLANNING_GROUP","interaction":{"idSuffix":"inner"}},"wdio_ui5_key":"applicationmanageresources-display-component---newResourceUnit--PLANNING_GROUP"}]}
COMMAND: GET /session/3d3f7fd824ffe76093792df5eba9e1c3/screenshot - {}
RESULT: {"script":"<script> [1562 bytes]","args":[{"selector":{"id":"application-manageresources-display-component---newResourceUnit--PLANNING_GROUP","interaction":{"idSuffix":"inner"}},"wdio_ui5_key":"applicationmanageresources-display-component---newResourceUnit--PLANNING_GROUP"}]}
RESULT: undefined
COMMAND: POST /session/3d3f7fd824ffe76093792df5eba9e1c3/execute/async - {"script":"<script> [776 bytes]","args":[{"enterText":"Heavy Equi","selector":{"id":"application-manageresources-display-component---newResourceUnit--PLANNING_GROUP","interaction":{"idSuffix":"inner"}},"clearTextFirst":true,"interactionType":"ENTER_TEXT"}]}
RESULT: {}
RESULT: {"script":"<script> [776 bytes]","args":[{"enterText":"Heavy Equi","selector":{"id":"application-manageresources-display-component---newResourceUnit--PLANNING_GROUP","interaction":{"idSuffix":"inner"}},"clearTextFirst":true,"interactionType":"ENTER_TEXT"}]}
COMMAND: POST /session/3d3f7fd824ffe76093792df5eba9e1c3/execute/async - {"script":"<script> [1562 bytes]","args":[{"selector":{"id":"application-manageresources-display-component---newResourceUnit--ITEM_TYPE-arrow"},"wdio_ui5_key":"applicationmanageresources-display-component---newResourceUnit--ITEM_TYPE-arrow"}]}
RESULT: {"script":"<script> [1562 bytes]","args":[{"selector":{"id":"application-manageresources-display-component---newResourceUnit--ITEM_TYPE-arrow"},"wdio_ui5_key":"applicationmanageresources-display-component---newResourceUnit--ITEM_TYPE-arrow"}]}
RESULT: undefined
COMMAND: POST /session/3d3f7fd824ffe76093792df5eba9e1c3/element - {"using":"xpath","value":"//*[@id=\"application-manageresources-display-component---newResourceUnit--ITEM_TYPE-arrow\"]"}
RESULT: {"using":"xpath","value":"//*[@id=\"application-manageresources-display-component---newResourceUnit--ITEM_TYPE-arrow\"]"}
COMMAND: POST /session/3d3f7fd824ffe76093792df5eba9e1c3/element/f.B31767EFF96F4B6690C27CBC6EB8D7D5.d.22187429356C711370BCC8A557A7C130.e.15848/click - {}
RESULT: {}
COMMAND: POST /session/3d3f7fd824ffe76093792df5eba9e1c3/element - {"using":"xpath","value":"(//span[contains(text(), \"Resource Unit\")])[2]"}
COMMAND: GET /session/3d3f7fd824ffe76093792df5eba9e1c3/screenshot - {}
RESULT: {"using":"xpath","value":"(//span[contains(text(), \"Resource Unit\")])[2]"}
COMMAND: POST /session/3d3f7fd824ffe76093792df5eba9e1c3/element/f.B31767EFF96F4B6690C27CBC6EB8D7D5.d.22187429356C711370BCC8A557A7C130.e.15849/click - {}
RESULT: {}
RESULT: {}
COMMAND: GET /session/3d3f7fd824ffe76093792df5eba9e1c3/screenshot - {}
RESULT: {}
COMMAND: POST /session/3d3f7fd824ffe76093792df5eba9e1c3/element - {"using":"css selector","value":"#application-manageresources-display-component---newResourceUnit--btnAddTimeSegment"}
RESULT: {"using":"css selector","value":"#application-manageresources-display-component---newResourceUnit--btnAddTimeSegment"}
COMMAND: GET /session/3d3f7fd824ffe76093792df5eba9e1c3/element/f.B31767EFF96F4B6690C27CBC6EB8D7D5.d.22187429356C711370BCC8A557A7C130.e.15850/rect - {}
RESULT: {}
COMMAND: GET /session/3d3f7fd824ffe76093792df5eba9e1c3/window/rect - {}
RESULT: {}
COMMAND: POST /session/3d3f7fd824ffe76093792df5eba9e1c3/execute/sync - {"script":"<script> [92 bytes]","args":[]}
RESULT: {"script":"<script> [92 bytes]","args":[]}
COMMAND: POST /session/3d3f7fd824ffe76093792df5eba9e1c3/actions - {"actions":[{"id":"action54","type":"wheel","parameters":{},"actions":[{"type":"scroll","x":-1888,"y":-32,"deltaX":0,"deltaY":0,"duration":0,"origin":{"element-6066-11e4-a52e-4f735466cecf":"f.B31767EFF96F4B6690C27CBC6EB8D7D5.d.22187429356C711370BCC8A557A7C130.e.15850"}}]}]}
COMMAND: GET /session/3d3f7fd824ffe76093792df5eba9e1c3/screenshot - {}
RESULT: {}
COMMAND: POST /session/3d3f7fd824ffe76093792df5eba9e1c3/execute/sync - {"script":"<script> [79 bytes]","args":[{"element-6066-11e4-a52e-4f735466cecf":"f.B31767EFF96F4B6690C27CBC6EB8D7D5.d.22187429356C711370BCC8A557A7C130.e.15850","ELEMENT":"f.B31767EFF96F4B6690C27CBC6EB8D7D5.d.22187429356C711370BCC8A557A7C130.e.15850"},{"block":"start","inline":"nearest"}]}
RESULT: {"script":"<script> [79 bytes]","args":[{"element-6066-11e4-a52e-4f735466cecf":"f.B31767EFF96F4B6690C27CBC6EB8D7D5.d.22187429356C711370BCC8A557A7C130.e.15850","ELEMENT":"f.B31767EFF96F4B6690C27CBC6EB8D7D5.d.22187429356C711370BCC8A557A7C130.e.15850"},{"block":"start","inline":"nearest"}]}
COMMAND: POST /session/3d3f7fd824ffe76093792df5eba9e1c3/execute/async - {"script":"<script> [1562 bytes]","args":[{"selector":{"id":"application-manageresources-display-component---newResourceUnit--btnAddTimeSegment","interaction":{"idSuffix":"inner"}},"wdio_ui5_key":"applicationmanageresources-display-component---newResourceUnit--btnAddTimeSegment"}]}
COMMAND: GET /session/3d3f7fd824ffe76093792df5eba9e1c3/screenshot - {}
RESULT: {"script":"<script> [1562 bytes]","args":[{"selector":{"id":"application-manageresources-display-component---newResourceUnit--btnAddTimeSegment","interaction":{"idSuffix":"inner"}},"wdio_ui5_key":"applicationmanageresources-display-component---newResourceUnit--btnAddTimeSegment"}]}
RESULT: undefined
COMMAND: POST /session/3d3f7fd824ffe76093792df5eba9e1c3/element - {"using":"xpath","value":"//*[@id=\"application-manageresources-display-component---newResourceUnit--btnAddTimeSegment\"]"}
RESULT: {}
RESULT: {"using":"xpath","value":"//*[@id=\"application-manageresources-display-component---newResourceUnit--btnAddTimeSegment\"]"}
COMMAND: POST /session/3d3f7fd824ffe76093792df5eba9e1c3/element/f.B31767EFF96F4B6690C27CBC6EB8D7D5.d.22187429356C711370BCC8A557A7C130.e.15850/click - {}
RESULT: {}
COMMAND: GET /session/3d3f7fd824ffe76093792df5eba9e1c3/screenshot - {}
RESULT: {}
COMMAND: POST /session/3d3f7fd824ffe76093792df5eba9e1c3/element - {"using":"xpath","value":"//input[@id=\"application-manageresources-display-component---newResourceUnit--idRuTSAdmin-application-manageresources-display-component---newResourceUnit--RUTimeSegment-0-inner\"]"}
RESULT: {"using":"xpath","value":"//input[@id=\"application-manageresources-display-component---newResourceUnit--idRuTSAdmin-application-manageresources-display-component---newResourceUnit--RUTimeSegment-0-inner\"]"}
COMMAND: POST /session/3d3f7fd824ffe76093792df5eba9e1c3/element/f.B31767EFF96F4B6690C27CBC6EB8D7D5.d.22187429356C711370BCC8A557A7C130.e.15856/clear - {}
RESULT: {}
COMMAND: POST /session/3d3f7fd824ffe76093792df5eba9e1c3/element/f.B31767EFF96F4B6690C27CBC6EB8D7D5.d.22187429356C711370BCC8A557A7C130.e.15856/value - {"text":"269"}
COMMAND: GET /session/3d3f7fd824ffe76093792df5eba9e1c3/screenshot - {}
RESULT: {"text":"269"}
COMMAND: GET /session/3d3f7fd824ffe76093792df5eba9e1c3/screenshot - {}
RESULT: {}
RESULT: {}
COMMAND: POST /session/3d3f7fd824ffe76093792df5eba9e1c3/element - {"using":"xpath","value":"//li[.//span[text()='269']]"}
RESULT: {"using":"xpath","value":"//li[.//span[text()='269']]"}
COMMAND: POST /session/3d3f7fd824ffe76093792df5eba9e1c3/element/f.B31767EFF96F4B6690C27CBC6EB8D7D5.d.22187429356C711370BCC8A557A7C130.e.15868/click - {}
RESULT: {}
COMMAND: GET /session/3d3f7fd824ffe76093792df5eba9e1c3/screenshot - {}
RESULT: {}
COMMAND: POST /session/3d3f7fd824ffe76093792df5eba9e1c3/element - {"using":"xpath","value":"(//span[contains(@id, \"-application-manageresources-display-component---newResourceUnit--RUTimeSegment-0-arrow\")])[6]"}
RESULT: {"using":"xpath","value":"(//span[contains(@id, \"-application-manageresources-display-component---newResourceUnit--RUTimeSegment-0-arrow\")])[6]"}
COMMAND: POST /session/3d3f7fd824ffe76093792df5eba9e1c3/element/f.B31767EFF96F4B6690C27CBC6EB8D7D5.d.22187429356C711370BCC8A557A7C130.e.15869/click - {}
RESULT: {}
COMMAND: GET /session/3d3f7fd824ffe76093792df5eba9e1c3/screenshot - {}
RESULT: {}
COMMAND: POST /session/3d3f7fd824ffe76093792df5eba9e1c3/element - {"using":"xpath","value":"//span[contains(text(), \"PM Order\")]"}
RESULT: {"using":"xpath","value":"//span[contains(text(), \"PM Order\")]"}
COMMAND: POST /session/3d3f7fd824ffe76093792df5eba9e1c3/element/f.B31767EFF96F4B6690C27CBC6EB8D7D5.d.22187429356C711370BCC8A557A7C130.e.15872/click - {}
RESULT: {}
COMMAND: GET /session/3d3f7fd824ffe76093792df5eba9e1c3/screenshot - {}
RESULT: {}
COMMAND: POST /session/3d3f7fd824ffe76093792df5eba9e1c3/element - {"using":"xpath","value":"(//span[contains(@id ,\"manageresources-display-component---newResourceUnit--RUTimeSegment-0-vhi\")])[1]"}
RESULT: {"using":"xpath","value":"(//span[contains(@id ,\"manageresources-display-component---newResourceUnit--RUTimeSegment-0-vhi\")])[1]"}
COMMAND: GET /session/3d3f7fd824ffe76093792df5eba9e1c3/element/f.B31767EFF96F4B6690C27CBC6EB8D7D5.d.22187429356C711370BCC8A557A7C130.e.15876/rect - {}
RESULT: {}
COMMAND: GET /session/3d3f7fd824ffe76093792df5eba9e1c3/window/rect - {}
RESULT: {}
COMMAND: POST /session/3d3f7fd824ffe76093792df5eba9e1c3/execute/sync - {"script":"<script> [92 bytes]","args":[]}
RESULT: {"script":"<script> [92 bytes]","args":[]}
COMMAND: POST /session/3d3f7fd824ffe76093792df5eba9e1c3/actions - {"actions":[{"id":"action55","type":"wheel","parameters":{},"actions":[{"type":"scroll","x":-869,"y":-24,"deltaX":0,"deltaY":0,"duration":0,"origin":{"element-6066-11e4-a52e-4f735466cecf":"f.B31767EFF96F4B6690C27CBC6EB8D7D5.d.22187429356C711370BCC8A557A7C130.e.15876"}}]}]}
COMMAND: GET /session/3d3f7fd824ffe76093792df5eba9e1c3/screenshot - {}
RESULT: {"actions":[{"id":"action55","type":"wheel","parameters":{},"actions":[{"type":"scroll","x":-869,"y":-24,"deltaX":0,"deltaY":0,"duration":0,"origin":{"element-6066-11e4-a52e-4f735466cecf":"f.B31767EFF96F4B6690C27CBC6EB8D7D5.d.22187429356C711370BCC8A557A7C130.e.15876"}}]}]}
COMMAND: DELETE /session/3d3f7fd824ffe76093792df5eba9e1c3/actions - {}
COMMAND: GET /session/3d3f7fd824ffe76093792df5eba9e1c3/screenshot - {}
RESULT: {}
RESULT: {}
COMMAND: GET /session/3d3f7fd824ffe76093792df5eba9e1c3/screenshot - {}
RESULT: {}
RESULT: {}
COMMAND: POST /session/3d3f7fd824ffe76093792df5eba9e1c3/element/f.B31767EFF96F4B6690C27CBC6EB8D7D5.d.22187429356C711370BCC8A557A7C130.e.15876/click - {}
RESULT: {}
COMMAND: GET /session/3d3f7fd824ffe76093792df5eba9e1c3/screenshot - {}
RESULT: {}
RESULT: undefined
COMMAND: POST /session/3d3f7fd824ffe76093792df5eba9e1c3/execute/async - {"script":"<script> [776 bytes]","args":[{"enterText":"4000360","selector":{"controlType":"sap.m.SearchField","properties":{"placeholder":"Search"},"searchOpenDialogs":true,"interaction":{"idSuffix":"I"}},"clearTextFirst":true,"interactionType":"ENTER_TEXT"}]}
RESULT: {"script":"<script> [776 bytes]","args":[{"enterText":"4000360","selector":{"controlType":"sap.m.SearchField","properties":{"placeholder":"Search"},"searchOpenDialogs":true,"interaction":{"idSuffix":"I"}},"clearTextFirst":true,"interactionType":"ENTER_TEXT"}]}
COMMAND: POST /session/3d3f7fd824ffe76093792df5eba9e1c3/actions - {"actions":[{"id":"action56","type":"key","parameters":{},"actions":[{"type":"keyDown","value":"î€‡"},{"type":"pause","duration":10},{"type":"keyUp","value":"î€‡"}]}]}
RESULT: {"actions":[{"id":"action56","type":"key","parameters":{},"actions":[{"type":"keyDown","value":"î€‡"},{"type":"pause","duration":10},{"type":"keyUp","value":"î€‡"}]}]}
COMMAND: GET /session/3d3f7fd824ffe76093792df5eba9e1c3/screenshot - {}
RESULT: {}
COMMAND: POST /session/3d3f7fd824ffe76093792df5eba9e1c3/element - {"using":"xpath","value":"//td/div/span[contains(text(), \"BGL Vehicles\")]"}
RESULT: {"using":"xpath","value":"//td/div/span[contains(text(), \"BGL Vehicles\")]"}
COMMAND: POST /session/3d3f7fd824ffe76093792df5eba9e1c3/element/f.B31767EFF96F4B6690C27CBC6EB8D7D5.d.22187429356C711370BCC8A557A7C130.e.15897/click - {}
RESULT: {}
COMMAND: GET /session/3d3f7fd824ffe76093792df5eba9e1c3/screenshot - {}
RESULT: {}
COMMAND: POST /session/3d3f7fd824ffe76093792df5eba9e1c3/element - {"using":"xpath","value":"//bdi[contains(text(), \"OK\")]"}
RESULT: {"using":"xpath","value":"//bdi[contains(text(), \"OK\")]"}
COMMAND: POST /session/3d3f7fd824ffe76093792df5eba9e1c3/element/f.B31767EFF96F4B6690C27CBC6EB8D7D5.d.22187429356C711370BCC8A557A7C130.e.15898/click - {}
RESULT: {}
COMMAND: GET /session/3d3f7fd824ffe76093792df5eba9e1c3/screenshot - {}
RESULT: {}
COMMAND: POST /session/3d3f7fd824ffe76093792df5eba9e1c3/execute/async - {"script":"<script> [1562 bytes]","args":[{"selector":{"id":"application-manageresources-display-component---newResourceUnit--newRRUPage-anchBar-application-manageresources-display-component---newResourceUnit--resource-anchor","interaction":{"idSuffix":"BDI-content"}},"wdio_ui5_key":"applicationmanageresources-display-component---newResourceUnit--newRRUPage-anchBar-application-manageresources-display-component---newResourceUnit--resource-anchor"}]}
RESULT: {"script":"<script> [1562 bytes]","args":[{"selector":{"id":"application-manageresources-display-component---newResourceUnit--newRRUPage-anchBar-application-manageresources-display-component---newResourceUnit--resource-anchor","interaction":{"idSuffix":"BDI-content"}},"wdio_ui5_key":"applicationmanageresources-display-component---newResourceUnit--newRRUPage-anchBar-application-manageresources-display-component---newResourceUnit--resource-anchor"}]}
RESULT: undefined
COMMAND: POST /session/3d3f7fd824ffe76093792df5eba9e1c3/element - {"using":"xpath","value":"//*[@id=\"application-manageresources-display-component---newResourceUnit--newRRUPage-anchBar-application-manageresources-display-component---newResourceUnit--resource-anchor\"]"}
RESULT: {"using":"xpath","value":"//*[@id=\"application-manageresources-display-component---newResourceUnit--newRRUPage-anchBar-application-manageresources-display-component---newResourceUnit--resource-anchor\"]"}
COMMAND: POST /session/3d3f7fd824ffe76093792df5eba9e1c3/element/f.B31767EFF96F4B6690C27CBC6EB8D7D5.d.22187429356C711370BCC8A557A7C130.e.15902/click - {}
RESULT: {}
COMMAND: POST /session/3d3f7fd824ffe76093792df5eba9e1c3/execute/async - {"script":"<script> [1562 bytes]","args":[{"selector":{"id":"application-manageresources-display-component---newResourceUnit--PLANNED_DELIVERY_DATE","interaction":{"idSuffix":"inner"}},"wdio_ui5_key":"applicationmanageresources-display-component---newResourceUnit--PLANNED_DELIVERY_DATE"}]}
COMMAND: GET /session/3d3f7fd824ffe76093792df5eba9e1c3/screenshot - {}
RESULT: {"script":"<script> [1562 bytes]","args":[{"selector":{"id":"application-manageresources-display-component---newResourceUnit--PLANNED_DELIVERY_DATE","interaction":{"idSuffix":"inner"}},"wdio_ui5_key":"applicationmanageresources-display-component---newResourceUnit--PLANNED_DELIVERY_DATE"}]}
RESULT: undefined
COMMAND: POST /session/3d3f7fd824ffe76093792df5eba9e1c3/execute/async - {"script":"<script> [6424 bytes]","args":[{"element-6066-11e4-a52e-4f735466cecf":"f.B31767EFF96F4B6690C27CBC6EB8D7D5.d.22187429356C711370BCC8A557A7C130.e.15764"},"setValue",["5/13/25"]]}
RESULT: {}
RESULT: {"script":"<script> [6424 bytes]","args":[{"element-6066-11e4-a52e-4f735466cecf":"f.B31767EFF96F4B6690C27CBC6EB8D7D5.d.22187429356C711370BCC8A557A7C130.e.15764"},"setValue",["5/13/25"]]}
COMMAND: POST /session/3d3f7fd824ffe76093792df5eba9e1c3/element - {"using":"xpath","value":"//label[contains(@class, 'sapMLabelRequired') and .//bdi[contains(text(), 'Planned Retirement')]]"}
RESULT: {"using":"xpath","value":"//label[contains(@class, 'sapMLabelRequired') and .//bdi[contains(text(), 'Planned Retirement')]]"}
COMMAND: POST /session/3d3f7fd824ffe76093792df5eba9e1c3/elements - {"using":"xpath","value":"//label[contains(@class, 'sapMLabelRequired') and .//bdi[contains(text(), 'Planned Retirement')]]"}
RESULT: {"using":"xpath","value":"//label[contains(@class, 'sapMLabelRequired') and .//bdi[contains(text(), 'Planned Retirement')]]"}
COMMAND: POST /session/3d3f7fd824ffe76093792df5eba9e1c3/element - {"using":"xpath","value":"//button[@data-kt=\"resourceUnitSaveButton\"]"}
RESULT: {"using":"xpath","value":"//button[@data-kt=\"resourceUnitSaveButton\"]"}
COMMAND: POST /session/3d3f7fd824ffe76093792df5eba9e1c3/element/f.B31767EFF96F4B6690C27CBC6EB8D7D5.d.22187429356C711370BCC8A557A7C130.e.15725/click - {}
RESULT: {}
COMMAND: GET /session/3d3f7fd824ffe76093792df5eba9e1c3/screenshot - {}
RESULT: {}
COMMAND: POST /session/3d3f7fd824ffe76093792df5eba9e1c3/element - {"using":"xpath","value":"//bdi[contains(text(), \"Close\")]"}
RESULT: {"using":"xpath","value":"//bdi[contains(text(), \"Close\")]"}
COMMAND: POST /session/3d3f7fd824ffe76093792df5eba9e1c3/element/f.B31767EFF96F4B6690C27CBC6EB8D7D5.d.22187429356C711370BCC8A557A7C130.e.15910/click - {}
RESULT: {}
COMMAND: GET /session/3d3f7fd824ffe76093792df5eba9e1c3/screenshot - {}
RESULT: {}
COMMAND: POST /session/3d3f7fd824ffe76093792df5eba9e1c3/element - {"using":"xpath","value":"(//button[contains(@id ,\"actionsToolbar-overflowButton\")])[1]"}
RESULT: {"using":"xpath","value":"(//button[contains(@id ,\"actionsToolbar-overflowButton\")])[1]"}
COMMAND: POST /session/3d3f7fd824ffe76093792df5eba9e1c3/element/f.B31767EFF96F4B6690C27CBC6EB8D7D5.d.22187429356C711370BCC8A557A7C130.e.15964/click - {}
RESULT: {}
COMMAND: GET /session/3d3f7fd824ffe76093792df5eba9e1c3/screenshot - {}
RESULT: {}
COMMAND: POST /session/3d3f7fd824ffe76093792df5eba9e1c3/element - {"using":"xpath","value":"//button[@data-kt=\"priceInfoButton\"]"}
RESULT: {"using":"xpath","value":"//button[@data-kt=\"priceInfoButton\"]"}
COMMAND: POST /session/3d3f7fd824ffe76093792df5eba9e1c3/element/f.B31767EFF96F4B6690C27CBC6EB8D7D5.d.22187429356C711370BCC8A557A7C130.e.15966/click - {}
RESULT: {}
COMMAND: GET /session/3d3f7fd824ffe76093792df5eba9e1c3/screenshot - {}
RESULT: {}
COMMAND: POST /session/3d3f7fd824ffe76093792df5eba9e1c3/element - {"using":"css selector","value":"#shell-header-logo"}
RESULT: {"using":"css selector","value":"#shell-header-logo"}
COMMAND: POST /session/3d3f7fd824ffe76093792df5eba9e1c3/element/f.B31767EFF96F4B6690C27CBC6EB8D7D5.d.22187429356C711370BCC8A557A7C130.e.15321/click - {}
RESULT: {}
COMMAND: GET /session/3d3f7fd824ffe76093792df5eba9e1c3/screenshot - {}
RESULT: {}
]]></system-out>
    </testcase>
    <testcase classname="chrome.136_0_7103_49.windows.Transfer_Yard_to_Yard_US131076" name="Prereq Should create a new equipment multipart" time="108.685">
      <system-out><![CDATA[
RESULT: undefined
COMMAND: POST /session/3d3f7fd824ffe76093792df5eba9e1c3/element - {"using":"xpath","value":"//*[@id=\"__tile31\"]"}
RESULT: {"using":"xpath","value":"//*[@id=\"__tile31\"]"}
COMMAND: POST /session/3d3f7fd824ffe76093792df5eba9e1c3/element/f.B31767EFF96F4B6690C27CBC6EB8D7D5.d.22187429356C711370BCC8A557A7C130.e.14459/click - {}
RESULT: {}
COMMAND: POST /session/3d3f7fd824ffe76093792df5eba9e1c3/element - {"using":"xpath","value":"//button[@data-kt=\"addNewRUOverflowToolbarButton\"]"}
COMMAND: GET /session/3d3f7fd824ffe76093792df5eba9e1c3/screenshot - {}
RESULT: {"using":"xpath","value":"//button[@data-kt=\"addNewRUOverflowToolbarButton\"]"}
COMMAND: POST /session/3d3f7fd824ffe76093792df5eba9e1c3/elements - {"using":"xpath","value":"//button[@data-kt=\"addNewRUOverflowToolbarButton\"]"}
RESULT: {}
RESULT: {"using":"xpath","value":"//button[@data-kt=\"addNewRUOverflowToolbarButton\"]"}
COMMAND: POST /session/3d3f7fd824ffe76093792df5eba9e1c3/elements - {"using":"xpath","value":"//button[@data-kt=\"addNewRUOverflowToolbarButton\"]"}
RESULT: {"using":"xpath","value":"//button[@data-kt=\"addNewRUOverflowToolbarButton\"]"}
COMMAND: POST /session/3d3f7fd824ffe76093792df5eba9e1c3/element - {"using":"xpath","value":"//button[@data-kt=\"addNewRUOverflowToolbarButton\"]"}
RESULT: {"using":"xpath","value":"//button[@data-kt=\"addNewRUOverflowToolbarButton\"]"}
COMMAND: POST /session/3d3f7fd824ffe76093792df5eba9e1c3/execute/sync - {"script":"<script> [8489 bytes]","args":[{"element-6066-11e4-a52e-4f735466cecf":"f.B31767EFF96F4B6690C27CBC6EB8D7D5.d.22187429356C711370BCC8A557A7C130.e.16043","ELEMENT":"f.B31767EFF96F4B6690C27CBC6EB8D7D5.d.22187429356C711370BCC8A557A7C130.e.16043"}]}
RESULT: {"script":"<script> [8489 bytes]","args":[{"element-6066-11e4-a52e-4f735466cecf":"f.B31767EFF96F4B6690C27CBC6EB8D7D5.d.22187429356C711370BCC8A557A7C130.e.16043","ELEMENT":"f.B31767EFF96F4B6690C27CBC6EB8D7D5.d.22187429356C711370BCC8A557A7C130.e.16043"}]}
COMMAND: GET /session/3d3f7fd824ffe76093792df5eba9e1c3/element/f.B31767EFF96F4B6690C27CBC6EB8D7D5.d.22187429356C711370BCC8A557A7C130.e.16043/enabled - {}
COMMAND: GET /session/3d3f7fd824ffe76093792df5eba9e1c3/screenshot - {}
RESULT: {}
COMMAND: POST /session/3d3f7fd824ffe76093792df5eba9e1c3/execute/sync - {"script":"<script> [8489 bytes]","args":[{"element-6066-11e4-a52e-4f735466cecf":"f.B31767EFF96F4B6690C27CBC6EB8D7D5.d.22187429356C711370BCC8A557A7C130.e.16043","ELEMENT":"f.B31767EFF96F4B6690C27CBC6EB8D7D5.d.22187429356C711370BCC8A557A7C130.e.16043"}]}
COMMAND: GET /session/3d3f7fd824ffe76093792df5eba9e1c3/screenshot - {}
RESULT: {}
RESULT: {"script":"<script> [8489 bytes]","args":[{"element-6066-11e4-a52e-4f735466cecf":"f.B31767EFF96F4B6690C27CBC6EB8D7D5.d.22187429356C711370BCC8A557A7C130.e.16043","ELEMENT":"f.B31767EFF96F4B6690C27CBC6EB8D7D5.d.22187429356C711370BCC8A557A7C130.e.16043"}]}
COMMAND: POST /session/3d3f7fd824ffe76093792df5eba9e1c3/execute/sync - {"script":"<script> [5351 bytes]","args":[{"element-6066-11e4-a52e-4f735466cecf":"f.B31767EFF96F4B6690C27CBC6EB8D7D5.d.22187429356C711370BCC8A557A7C130.e.16043","ELEMENT":"f.B31767EFF96F4B6690C27CBC6EB8D7D5.d.22187429356C711370BCC8A557A7C130.e.16043"}]}
COMMAND: GET /session/3d3f7fd824ffe76093792df5eba9e1c3/screenshot - {}
RESULT: {}
RESULT: {"script":"<script> [5351 bytes]","args":[{"element-6066-11e4-a52e-4f735466cecf":"f.B31767EFF96F4B6690C27CBC6EB8D7D5.d.22187429356C711370BCC8A557A7C130.e.16043","ELEMENT":"f.B31767EFF96F4B6690C27CBC6EB8D7D5.d.22187429356C711370BCC8A557A7C130.e.16043"}]}
COMMAND: POST /session/3d3f7fd824ffe76093792df5eba9e1c3/element/f.B31767EFF96F4B6690C27CBC6EB8D7D5.d.22187429356C711370BCC8A557A7C130.e.16043/click - {}
COMMAND: GET /session/3d3f7fd824ffe76093792df5eba9e1c3/screenshot - {}
RESULT: {}
RESULT: {}
COMMAND: GET /session/3d3f7fd824ffe76093792df5eba9e1c3/screenshot - {}
RESULT: {}
RESULT: undefined
COMMAND: POST /session/3d3f7fd824ffe76093792df5eba9e1c3/element - {"using":"xpath","value":"//*[@id=\"application-manageresources-display-component---newResourceUnit--TYPE-arrow\"]"}
RESULT: {}
RESULT: {"using":"xpath","value":"//*[@id=\"application-manageresources-display-component---newResourceUnit--TYPE-arrow\"]"}
COMMAND: POST /session/3d3f7fd824ffe76093792df5eba9e1c3/element/f.B31767EFF96F4B6690C27CBC6EB8D7D5.d.22187429356C711370BCC8A557A7C130.e.16394/click - {}
RESULT: {}
COMMAND: POST /session/3d3f7fd824ffe76093792df5eba9e1c3/element - {"using":"xpath","value":"//input[@id=\"application-manageresources-display-component---newResourceUnit--TYPE-inner\"]"}
COMMAND: GET /session/3d3f7fd824ffe76093792df5eba9e1c3/screenshot - {}
RESULT: {"using":"xpath","value":"//input[@id=\"application-manageresources-display-component---newResourceUnit--TYPE-inner\"]"}
COMMAND: POST /session/3d3f7fd824ffe76093792df5eba9e1c3/element/f.B31767EFF96F4B6690C27CBC6EB8D7D5.d.22187429356C711370BCC8A557A7C130.e.16385/clear - {}
RESULT: {}
RESULT: {}
COMMAND: POST /session/3d3f7fd824ffe76093792df5eba9e1c3/element/f.B31767EFF96F4B6690C27CBC6EB8D7D5.d.22187429356C711370BCC8A557A7C130.e.16385/value - {"text":"Equi Multipart"}
COMMAND: GET /session/3d3f7fd824ffe76093792df5eba9e1c3/screenshot - {}
RESULT: {"text":"Equi Multipart"}
COMMAND: GET /session/3d3f7fd824ffe76093792df5eba9e1c3/screenshot - {}
RESULT: {}
RESULT: {}
COMMAND: POST /session/3d3f7fd824ffe76093792df5eba9e1c3/actions - {"actions":[{"id":"action57","type":"key","parameters":{},"actions":[{"type":"keyDown","value":"î€‡"},{"type":"pause","duration":10},{"type":"keyUp","value":"î€‡"}]}]}
RESULT: {"actions":[{"id":"action57","type":"key","parameters":{},"actions":[{"type":"keyDown","value":"î€‡"},{"type":"pause","duration":10},{"type":"keyUp","value":"î€‡"}]}]}
RESULT: undefined
COMMAND: POST /session/3d3f7fd824ffe76093792df5eba9e1c3/execute/async - {"script":"<script> [776 bytes]","args":[{"enterText":"Equipment Multipart WDIO","selector":{"id":"application-manageresources-display-component---newResourceUnit--SHORT_TEXT","interaction":{"idSuffix":"inner"}},"clearTextFirst":true,"interactionType":"ENTER_TEXT"}]}
COMMAND: GET /session/3d3f7fd824ffe76093792df5eba9e1c3/screenshot - {}
RESULT: {"script":"<script> [776 bytes]","args":[{"enterText":"Equipment Multipart WDIO","selector":{"id":"application-manageresources-display-component---newResourceUnit--SHORT_TEXT","interaction":{"idSuffix":"inner"}},"clearTextFirst":true,"interactionType":"ENTER_TEXT"}]}
RESULT: undefined
COMMAND: POST /session/3d3f7fd824ffe76093792df5eba9e1c3/execute/async - {"script":"<script> [776 bytes]","args":[{"enterText":"Piece","selector":{"id":"application-manageresources-display-component---newResourceUnit--BASE_UNIT_OF_MEASURE","interaction":{"idSuffix":"inner"}},"clearTextFirst":true,"interactionType":"ENTER_TEXT"}]}
RESULT: {}
RESULT: {"script":"<script> [776 bytes]","args":[{"enterText":"Piece","selector":{"id":"application-manageresources-display-component---newResourceUnit--BASE_UNIT_OF_MEASURE","interaction":{"idSuffix":"inner"}},"clearTextFirst":true,"interactionType":"ENTER_TEXT"}]}
RESULT: undefined
COMMAND: POST /session/3d3f7fd824ffe76093792df5eba9e1c3/execute/async - {"script":"<script> [776 bytes]","args":[{"enterText":"Gram","selector":{"id":"application-manageresources-display-component---newResourceUnit--WEIGHT_UNIT","interaction":{"idSuffix":"inner"}},"clearTextFirst":true,"interactionType":"ENTER_TEXT"}]}
RESULT: {"script":"<script> [776 bytes]","args":[{"enterText":"Gram","selector":{"id":"application-manageresources-display-component---newResourceUnit--WEIGHT_UNIT","interaction":{"idSuffix":"inner"}},"clearTextFirst":true,"interactionType":"ENTER_TEXT"}]}
RESULT: undefined
COMMAND: POST /session/3d3f7fd824ffe76093792df5eba9e1c3/execute/async - {"script":"<script> [776 bytes]","args":[{"enterText":"Meter","selector":{"id":"application-manageresources-display-component---newResourceUnit--DIMENSION_UNIT","interaction":{"idSuffix":"inner"}},"clearTextFirst":true,"interactionType":"ENTER_TEXT"}]}
RESULT: {"script":"<script> [776 bytes]","args":[{"enterText":"Meter","selector":{"id":"application-manageresources-display-component---newResourceUnit--DIMENSION_UNIT","interaction":{"idSuffix":"inner"}},"clearTextFirst":true,"interactionType":"ENTER_TEXT"}]}
RESULT: undefined
COMMAND: POST /session/3d3f7fd824ffe76093792df5eba9e1c3/element - {"using":"xpath","value":"//*[@id=\"application-manageresources-display-component---newResourceUnit--newRRUPage-anchBar-application-manageresources-display-component---newResourceUnit--control-anchor\"]"}
RESULT: {"using":"xpath","value":"//*[@id=\"application-manageresources-display-component---newResourceUnit--newRRUPage-anchBar-application-manageresources-display-component---newResourceUnit--control-anchor\"]"}
COMMAND: POST /session/3d3f7fd824ffe76093792df5eba9e1c3/element/f.B31767EFF96F4B6690C27CBC6EB8D7D5.d.22187429356C711370BCC8A557A7C130.e.16457/click - {}
RESULT: {}
RESULT: undefined
COMMAND: POST /session/3d3f7fd824ffe76093792df5eba9e1c3/execute/async - {"script":"<script> [776 bytes]","args":[{"enterText":"Heavy Equi","selector":{"id":"application-manageresources-display-component---newResourceUnit--PLANNING_GROUP","interaction":{"idSuffix":"inner"}},"clearTextFirst":true,"interactionType":"ENTER_TEXT"}]}
COMMAND: GET /session/3d3f7fd824ffe76093792df5eba9e1c3/screenshot - {}
RESULT: {"script":"<script> [776 bytes]","args":[{"enterText":"Heavy Equi","selector":{"id":"application-manageresources-display-component---newResourceUnit--PLANNING_GROUP","interaction":{"idSuffix":"inner"}},"clearTextFirst":true,"interactionType":"ENTER_TEXT"}]}
RESULT: {}
COMMAND: POST /session/3d3f7fd824ffe76093792df5eba9e1c3/execute/async - {"script":"<script> [1562 bytes]","args":[{"selector":{"id":"application-manageresources-display-component---newResourceUnit--PLANNING_INDICATOR","interaction":{"idSuffix":"inner"}},"wdio_ui5_key":"applicationmanageresources-display-component---newResourceUnit--PLANNING_INDICATOR"}]}
RESULT: {"script":"<script> [1562 bytes]","args":[{"selector":{"id":"application-manageresources-display-component---newResourceUnit--PLANNING_INDICATOR","interaction":{"idSuffix":"inner"}},"wdio_ui5_key":"applicationmanageresources-display-component---newResourceUnit--PLANNING_INDICATOR"}]}
RESULT: undefined
COMMAND: POST /session/3d3f7fd824ffe76093792df5eba9e1c3/execute/async - {"script":"<script> [776 bytes]","args":[{"enterText":"10 - infinite","selector":{"id":"application-manageresources-display-component---newResourceUnit--PLANNING_INDICATOR","interaction":{"idSuffix":"inner"}},"clearTextFirst":true,"interactionType":"ENTER_TEXT"}]}
RESULT: {"script":"<script> [776 bytes]","args":[{"enterText":"10 - infinite","selector":{"id":"application-manageresources-display-component---newResourceUnit--PLANNING_INDICATOR","interaction":{"idSuffix":"inner"}},"clearTextFirst":true,"interactionType":"ENTER_TEXT"}]}
RESULT: undefined
COMMAND: POST /session/3d3f7fd824ffe76093792df5eba9e1c3/element - {"using":"xpath","value":"//*[@id=\"application-manageresources-display-component---newResourceUnit--ITEM_TYPE-arrow\"]"}
RESULT: {"using":"xpath","value":"//*[@id=\"application-manageresources-display-component---newResourceUnit--ITEM_TYPE-arrow\"]"}
COMMAND: POST /session/3d3f7fd824ffe76093792df5eba9e1c3/element/f.B31767EFF96F4B6690C27CBC6EB8D7D5.d.22187429356C711370BCC8A557A7C130.e.16464/click - {}
RESULT: {}
COMMAND: GET /session/3d3f7fd824ffe76093792df5eba9e1c3/screenshot - {}
RESULT: {}
COMMAND: POST /session/3d3f7fd824ffe76093792df5eba9e1c3/execute/async - {"script":"<script> [1562 bytes]","args":[{"selector":{"controlType":"sap.m.StandardListItem","viewName":"reusables.view.manageresources.NewResourceUnit","viewId":"application-manageresources-display-component---newResourceUnit","properties":{"title":"Pool Equipment"},"searchOpenDialogs":true,"interaction":{"idSuffix":"content"}},"wdio_ui5_key":"reusablesview.manageresources.NewResourceUnitsap.m.StandardListItem{\"title\":\"Pool Equipment\"}"}]}
RESULT: {"script":"<script> [1562 bytes]","args":[{"selector":{"controlType":"sap.m.StandardListItem","viewName":"reusables.view.manageresources.NewResourceUnit","viewId":"application-manageresources-display-component---newResourceUnit","properties":{"title":"Pool Equipment"},"searchOpenDialogs":true,"interaction":{"idSuffix":"content"}},"wdio_ui5_key":"reusablesview.manageresources.NewResourceUnitsap.m.StandardListItem{\"title\":\"Pool Equipment\"}"}]}
RESULT: undefined
COMMAND: POST /session/3d3f7fd824ffe76093792df5eba9e1c3/element - {"using":"xpath","value":"//*[@id=\"__item1022\"]"}
RESULT: {"using":"xpath","value":"//*[@id=\"__item1022\"]"}
COMMAND: POST /session/3d3f7fd824ffe76093792df5eba9e1c3/element/f.B31767EFF96F4B6690C27CBC6EB8D7D5.d.22187429356C711370BCC8A557A7C130.e.16466/click - {}
RESULT: {}
COMMAND: GET /session/3d3f7fd824ffe76093792df5eba9e1c3/screenshot - {}
RESULT: {}
COMMAND: POST /session/3d3f7fd824ffe76093792df5eba9e1c3/element - {"using":"css selector","value":"#application-manageresources-display-component---newResourceUnit--btnAddTimeSegment"}
RESULT: {"using":"css selector","value":"#application-manageresources-display-component---newResourceUnit--btnAddTimeSegment"}
COMMAND: GET /session/3d3f7fd824ffe76093792df5eba9e1c3/element/f.B31767EFF96F4B6690C27CBC6EB8D7D5.d.22187429356C711370BCC8A557A7C130.e.16467/rect - {}
RESULT: {}
COMMAND: GET /session/3d3f7fd824ffe76093792df5eba9e1c3/window/rect - {}
RESULT: {}
COMMAND: POST /session/3d3f7fd824ffe76093792df5eba9e1c3/execute/sync - {"script":"<script> [92 bytes]","args":[]}
RESULT: {"script":"<script> [92 bytes]","args":[]}
COMMAND: POST /session/3d3f7fd824ffe76093792df5eba9e1c3/actions - {"actions":[{"id":"action58","type":"wheel","parameters":{},"actions":[{"type":"scroll","x":-1888,"y":-32,"deltaX":0,"deltaY":0,"duration":0,"origin":{"element-6066-11e4-a52e-4f735466cecf":"f.B31767EFF96F4B6690C27CBC6EB8D7D5.d.22187429356C711370BCC8A557A7C130.e.16467"}}]}]}
COMMAND: GET /session/3d3f7fd824ffe76093792df5eba9e1c3/screenshot - {}
RESULT: {}
COMMAND: POST /session/3d3f7fd824ffe76093792df5eba9e1c3/execute/sync - {"script":"<script> [79 bytes]","args":[{"element-6066-11e4-a52e-4f735466cecf":"f.B31767EFF96F4B6690C27CBC6EB8D7D5.d.22187429356C711370BCC8A557A7C130.e.16467","ELEMENT":"f.B31767EFF96F4B6690C27CBC6EB8D7D5.d.22187429356C711370BCC8A557A7C130.e.16467"},{"block":"start","inline":"nearest"}]}
RESULT: {"script":"<script> [79 bytes]","args":[{"element-6066-11e4-a52e-4f735466cecf":"f.B31767EFF96F4B6690C27CBC6EB8D7D5.d.22187429356C711370BCC8A557A7C130.e.16467","ELEMENT":"f.B31767EFF96F4B6690C27CBC6EB8D7D5.d.22187429356C711370BCC8A557A7C130.e.16467"},{"block":"start","inline":"nearest"}]}
RESULT: undefined
COMMAND: POST /session/3d3f7fd824ffe76093792df5eba9e1c3/element - {"using":"xpath","value":"//*[@id=\"application-manageresources-display-component---newResourceUnit--btnAddTimeSegment\"]"}
COMMAND: GET /session/3d3f7fd824ffe76093792df5eba9e1c3/screenshot - {}
RESULT: {"using":"xpath","value":"//*[@id=\"application-manageresources-display-component---newResourceUnit--btnAddTimeSegment\"]"}
COMMAND: POST /session/3d3f7fd824ffe76093792df5eba9e1c3/element/f.B31767EFF96F4B6690C27CBC6EB8D7D5.d.22187429356C711370BCC8A557A7C130.e.16467/click - {}
RESULT: {}
RESULT: {}
COMMAND: GET /session/3d3f7fd824ffe76093792df5eba9e1c3/screenshot - {}
RESULT: {}
COMMAND: POST /session/3d3f7fd824ffe76093792df5eba9e1c3/element - {"using":"xpath","value":"//input[@id=\"application-manageresources-display-component---newResourceUnit--idRuTSAdmin-application-manageresources-display-component---newResourceUnit--RUTimeSegment-0-inner\"]"}
RESULT: {"using":"xpath","value":"//input[@id=\"application-manageresources-display-component---newResourceUnit--idRuTSAdmin-application-manageresources-display-component---newResourceUnit--RUTimeSegment-0-inner\"]"}
COMMAND: POST /session/3d3f7fd824ffe76093792df5eba9e1c3/element/f.B31767EFF96F4B6690C27CBC6EB8D7D5.d.22187429356C711370BCC8A557A7C130.e.16472/clear - {}
RESULT: {}
COMMAND: POST /session/3d3f7fd824ffe76093792df5eba9e1c3/element/f.B31767EFF96F4B6690C27CBC6EB8D7D5.d.22187429356C711370BCC8A557A7C130.e.16472/value - {"text":"269"}
COMMAND: GET /session/3d3f7fd824ffe76093792df5eba9e1c3/screenshot - {}
RESULT: {"text":"269"}
COMMAND: GET /session/3d3f7fd824ffe76093792df5eba9e1c3/screenshot - {}
RESULT: {}
RESULT: {}
COMMAND: POST /session/3d3f7fd824ffe76093792df5eba9e1c3/element - {"using":"xpath","value":"//li[.//span[text()='269']]"}
RESULT: {"using":"xpath","value":"//li[.//span[text()='269']]"}
COMMAND: POST /session/3d3f7fd824ffe76093792df5eba9e1c3/element/f.B31767EFF96F4B6690C27CBC6EB8D7D5.d.22187429356C711370BCC8A557A7C130.e.16483/click - {}
RESULT: {}
COMMAND: GET /session/3d3f7fd824ffe76093792df5eba9e1c3/screenshot - {}
RESULT: {}
COMMAND: POST /session/3d3f7fd824ffe76093792df5eba9e1c3/element - {"using":"xpath","value":"(//span[contains(@id, \"-application-manageresources-display-component---newResourceUnit--RUTimeSegment-0-arrow\")])[5]"}
RESULT: {"using":"xpath","value":"(//span[contains(@id, \"-application-manageresources-display-component---newResourceUnit--RUTimeSegment-0-arrow\")])[5]"}
COMMAND: POST /session/3d3f7fd824ffe76093792df5eba9e1c3/element/f.B31767EFF96F4B6690C27CBC6EB8D7D5.d.22187429356C711370BCC8A557A7C130.e.16484/click - {}
RESULT: {}
COMMAND: GET /session/3d3f7fd824ffe76093792df5eba9e1c3/screenshot - {}
RESULT: {}
COMMAND: POST /session/3d3f7fd824ffe76093792df5eba9e1c3/element - {"using":"xpath","value":"//span[contains(text(), \"PM Order\")]"}
RESULT: {"using":"xpath","value":"//span[contains(text(), \"PM Order\")]"}
COMMAND: POST /session/3d3f7fd824ffe76093792df5eba9e1c3/element/f.B31767EFF96F4B6690C27CBC6EB8D7D5.d.22187429356C711370BCC8A557A7C130.e.16485/click - {}
RESULT: {}
COMMAND: GET /session/3d3f7fd824ffe76093792df5eba9e1c3/screenshot - {}
RESULT: {}
COMMAND: POST /session/3d3f7fd824ffe76093792df5eba9e1c3/element - {"using":"xpath","value":"(//span[contains(@id ,\"manageresources-display-component---newResourceUnit--RUTimeSegment-0-vhi\")])[1]"}
RESULT: {"using":"xpath","value":"(//span[contains(@id ,\"manageresources-display-component---newResourceUnit--RUTimeSegment-0-vhi\")])[1]"}
COMMAND: GET /session/3d3f7fd824ffe76093792df5eba9e1c3/element/f.B31767EFF96F4B6690C27CBC6EB8D7D5.d.22187429356C711370BCC8A557A7C130.e.16489/rect - {}
RESULT: {}
COMMAND: GET /session/3d3f7fd824ffe76093792df5eba9e1c3/window/rect - {}
RESULT: {}
COMMAND: POST /session/3d3f7fd824ffe76093792df5eba9e1c3/execute/sync - {"script":"<script> [92 bytes]","args":[]}
RESULT: {"script":"<script> [92 bytes]","args":[]}
COMMAND: POST /session/3d3f7fd824ffe76093792df5eba9e1c3/actions - {"actions":[{"id":"action59","type":"wheel","parameters":{},"actions":[{"type":"scroll","x":-1888,"y":-24,"deltaX":0,"deltaY":0,"duration":0,"origin":{"element-6066-11e4-a52e-4f735466cecf":"f.B31767EFF96F4B6690C27CBC6EB8D7D5.d.22187429356C711370BCC8A557A7C130.e.16489"}}]}]}
COMMAND: GET /session/3d3f7fd824ffe76093792df5eba9e1c3/screenshot - {}
RESULT: {}
COMMAND: POST /session/3d3f7fd824ffe76093792df5eba9e1c3/execute/sync - {"script":"<script> [79 bytes]","args":[{"element-6066-11e4-a52e-4f735466cecf":"f.B31767EFF96F4B6690C27CBC6EB8D7D5.d.22187429356C711370BCC8A557A7C130.e.16489","ELEMENT":"f.B31767EFF96F4B6690C27CBC6EB8D7D5.d.22187429356C711370BCC8A557A7C130.e.16489"},{"block":"start","inline":"nearest"}]}
RESULT: {"script":"<script> [79 bytes]","args":[{"element-6066-11e4-a52e-4f735466cecf":"f.B31767EFF96F4B6690C27CBC6EB8D7D5.d.22187429356C711370BCC8A557A7C130.e.16489","ELEMENT":"f.B31767EFF96F4B6690C27CBC6EB8D7D5.d.22187429356C711370BCC8A557A7C130.e.16489"},{"block":"start","inline":"nearest"}]}
COMMAND: GET /session/3d3f7fd824ffe76093792df5eba9e1c3/screenshot - {}
RESULT: {}
COMMAND: POST /session/3d3f7fd824ffe76093792df5eba9e1c3/element/f.B31767EFF96F4B6690C27CBC6EB8D7D5.d.22187429356C711370BCC8A557A7C130.e.16489/click - {}
RESULT: {}
COMMAND: GET /session/3d3f7fd824ffe76093792df5eba9e1c3/screenshot - {}
RESULT: {}
RESULT: undefined
COMMAND: POST /session/3d3f7fd824ffe76093792df5eba9e1c3/execute/async - {"script":"<script> [776 bytes]","args":[{"enterText":"4000360","selector":{"controlType":"sap.m.SearchField","properties":{"placeholder":"Search"},"searchOpenDialogs":true,"interaction":{"idSuffix":"I"}},"clearTextFirst":true,"interactionType":"ENTER_TEXT"}]}
RESULT: {"script":"<script> [776 bytes]","args":[{"enterText":"4000360","selector":{"controlType":"sap.m.SearchField","properties":{"placeholder":"Search"},"searchOpenDialogs":true,"interaction":{"idSuffix":"I"}},"clearTextFirst":true,"interactionType":"ENTER_TEXT"}]}
COMMAND: POST /session/3d3f7fd824ffe76093792df5eba9e1c3/actions - {"actions":[{"id":"action60","type":"key","parameters":{},"actions":[{"type":"keyDown","value":"î€‡"},{"type":"pause","duration":10},{"type":"keyUp","value":"î€‡"}]}]}
RESULT: {"actions":[{"id":"action60","type":"key","parameters":{},"actions":[{"type":"keyDown","value":"î€‡"},{"type":"pause","duration":10},{"type":"keyUp","value":"î€‡"}]}]}
COMMAND: GET /session/3d3f7fd824ffe76093792df5eba9e1c3/screenshot - {}
RESULT: {}
COMMAND: POST /session/3d3f7fd824ffe76093792df5eba9e1c3/element - {"using":"xpath","value":"//td/div/span[contains(text(), \"BGL Vehicles\")]"}
RESULT: {"using":"xpath","value":"//td/div/span[contains(text(), \"BGL Vehicles\")]"}
COMMAND: POST /session/3d3f7fd824ffe76093792df5eba9e1c3/element/f.B31767EFF96F4B6690C27CBC6EB8D7D5.d.22187429356C711370BCC8A557A7C130.e.16508/click - {}
RESULT: {}
COMMAND: GET /session/3d3f7fd824ffe76093792df5eba9e1c3/screenshot - {}
RESULT: {}
COMMAND: POST /session/3d3f7fd824ffe76093792df5eba9e1c3/element - {"using":"xpath","value":"//bdi[contains(text(), \"OK\")]"}
RESULT: {"using":"xpath","value":"//bdi[contains(text(), \"OK\")]"}
COMMAND: POST /session/3d3f7fd824ffe76093792df5eba9e1c3/element/f.B31767EFF96F4B6690C27CBC6EB8D7D5.d.22187429356C711370BCC8A557A7C130.e.16509/click - {}
RESULT: {}
COMMAND: GET /session/3d3f7fd824ffe76093792df5eba9e1c3/screenshot - {}
RESULT: {}
COMMAND: POST /session/3d3f7fd824ffe76093792df5eba9e1c3/element - {"using":"xpath","value":"//label[contains(@class, 'sapMLabelRequired') and .//bdi[contains(text(), 'Planned Retirement')]]"}
RESULT: {"using":"xpath","value":"//label[contains(@class, 'sapMLabelRequired') and .//bdi[contains(text(), 'Planned Retirement')]]"}
COMMAND: POST /session/3d3f7fd824ffe76093792df5eba9e1c3/elements - {"using":"xpath","value":"//label[contains(@class, 'sapMLabelRequired') and .//bdi[contains(text(), 'Planned Retirement')]]"}
RESULT: {"using":"xpath","value":"//label[contains(@class, 'sapMLabelRequired') and .//bdi[contains(text(), 'Planned Retirement')]]"}
COMMAND: POST /session/3d3f7fd824ffe76093792df5eba9e1c3/element - {"using":"xpath","value":"//button[@data-kt=\"resourceUnitSaveButton\"]"}
RESULT: {"using":"xpath","value":"//button[@data-kt=\"resourceUnitSaveButton\"]"}
COMMAND: POST /session/3d3f7fd824ffe76093792df5eba9e1c3/element/f.B31767EFF96F4B6690C27CBC6EB8D7D5.d.22187429356C711370BCC8A557A7C130.e.16411/click - {}
RESULT: {}
COMMAND: GET /session/3d3f7fd824ffe76093792df5eba9e1c3/screenshot - {}
RESULT: {}
COMMAND: POST /session/3d3f7fd824ffe76093792df5eba9e1c3/element - {"using":"xpath","value":"//bdi[contains(text(), \"Close\")]"}
RESULT: {"using":"xpath","value":"//bdi[contains(text(), \"Close\")]"}
COMMAND: POST /session/3d3f7fd824ffe76093792df5eba9e1c3/element/f.B31767EFF96F4B6690C27CBC6EB8D7D5.d.22187429356C711370BCC8A557A7C130.e.16515/click - {}
RESULT: {}
COMMAND: GET /session/3d3f7fd824ffe76093792df5eba9e1c3/screenshot - {}
RESULT: {}
COMMAND: POST /session/3d3f7fd824ffe76093792df5eba9e1c3/element - {"using":"xpath","value":"//header[contains(@id, 'detailRruPage-headerTitle')]/div[1]/div[2]/div[2]/span[1]"}
RESULT: {"using":"xpath","value":"//header[contains(@id, 'detailRruPage-headerTitle')]/div[1]/div[2]/div[2]/span[1]"}
COMMAND: POST /session/3d3f7fd824ffe76093792df5eba9e1c3/elements - {"using":"xpath","value":"//header[contains(@id, 'detailRruPage-headerTitle')]/div[1]/div[2]/div[2]/span[1]"}
RESULT: {"using":"xpath","value":"//header[contains(@id, 'detailRruPage-headerTitle')]/div[1]/div[2]/div[2]/span[1]"}
COMMAND: POST /session/3d3f7fd824ffe76093792df5eba9e1c3/execute/sync - {"script":"<script> [56 bytes]","args":[{"element-6066-11e4-a52e-4f735466cecf":"f.B31767EFF96F4B6690C27CBC6EB8D7D5.d.22187429356C711370BCC8A557A7C130.e.16542","ELEMENT":"f.B31767EFF96F4B6690C27CBC6EB8D7D5.d.22187429356C711370BCC8A557A7C130.e.16542"}]}
RESULT: {"script":"<script> [56 bytes]","args":[{"element-6066-11e4-a52e-4f735466cecf":"f.B31767EFF96F4B6690C27CBC6EB8D7D5.d.22187429356C711370BCC8A557A7C130.e.16542","ELEMENT":"f.B31767EFF96F4B6690C27CBC6EB8D7D5.d.22187429356C711370BCC8A557A7C130.e.16542"}]}
COMMAND: POST /session/3d3f7fd824ffe76093792df5eba9e1c3/element - {"using":"css selector","value":"#shell-header-logo"}
COMMAND: GET /session/3d3f7fd824ffe76093792df5eba9e1c3/screenshot - {}
RESULT: {"using":"css selector","value":"#shell-header-logo"}
COMMAND: POST /session/3d3f7fd824ffe76093792df5eba9e1c3/element/f.B31767EFF96F4B6690C27CBC6EB8D7D5.d.22187429356C711370BCC8A557A7C130.e.16004/click - {}
RESULT: {}
RESULT: {}
COMMAND: GET /session/3d3f7fd824ffe76093792df5eba9e1c3/screenshot - {}
RESULT: {}
]]></system-out>
    </testcase>
  </testsuite>
</testsuites>